<?xml version="1.0" encoding="UTF-8"?>
<testsuites name="Education Partner Test Suite Collection" time="472.487" tests="2" failures="0" errors="2">
   <testsuite name="Education Partner Test Suite" tests="1" failures="0" errors="1" time="311.328" skipped="0" timestamp="25-01-2025T14:44:40" hostname="cckozie - 192.168.4.43" id="Test Suites/Education Partner Test Suite">
      <properties>
         <property name="deviceName" value=""/>
         <property name="devicePlatform"/>
         <property name="logFolder" value="/Users/cckozie/git/MissionNext-Katalon-Koz/Reports/20250125_144434/Education Partner Test Suite/20250125_144435"/>
         <property name="logFiles" value="/Users/cckozie/git/MissionNext-Katalon-Koz/Reports/20250125_144434/Education Partner Test Suite/20250125_144435/execution0.log"/>
         <property name="attachments" value="/Users/cckozie/Documents/MissionNext/Screenshots and Tooltip Text/Partner_Education_Register_Screenshot.png, /Users/cckozie/git/MissionNext-Katalon-Koz/Reports/20250125_144434/Education Partner Test Suite/20250125_144435/1737838057301.png, /Users/cckozie/Documents/MissionNext/Screenshots and Tooltip Text/Partner_Education_Contact Info Tab_Screenshot.png, /Users/cckozie/Documents/MissionNext/Screenshots and Tooltip Text/Partner_Education_School Info Tab_Screenshot.png, /Users/cckozie/Documents/MissionNext/Screenshots and Tooltip Text/Partner_Education_Admin Info Tab_Screenshot.png, /Users/cckozie/Documents/MissionNext/Screenshots and Tooltip Text/Partner_Education_Service Options Tab_Screenshot.png, /Users/cckozie/Documents/MissionNext/Screenshots and Tooltip Text/Partner_Education_Readiness Tab_Screenshot.png, /Users/cckozie/Documents/MissionNext/Screenshots and Tooltip Text/Partner_Education_Match Filters Tab_Screenshot.png"/>
         <property name="hostName" value="cckozie - 192.168.4.43"/>
         <property name="os" value="Mac OS X 64bit"/>
         <property name="katalonVersion" value="9.7.3.223"/>
         <property name="browser" value="Chrome 131.0.0.0"/>
         <property name="hostAddress" value="192.168.4.43"/>
         <property name="sessionId" value="445c63b0dcfa05bcf7c2ddce58f47921"/>
         <property name="seleniumVersion" value="3.141.59"/>
         <property name="proxyInformation" value="ProxyInformation { proxyOption=NO_PROXY, proxyServerType=HTTP, username=, password=********, proxyServerAddress=, proxyServerPort=0, executionList=&quot;&quot;, isApplyToDesiredCapabilities=true }"/>
         <property name="platform" value="Mac OS X"/>
      </properties>
      <testcase name="Test Cases/Education Partner Profile/Register Education Partner" time="311.27" classname="Test Cases/Education Partner Profile/Register Education Partner" status="ERROR">
         <error type="ERROR" message="Test Cases/Education Partner Profile/Register Education Partner FAILED.&#xa;Reason:&#xa;com.kms.katalon.core.exception.StepErrorException: Call Test Case 'Test Cases/Education Partner Profile/Complete Education Partner Profile' failed because of error(s)&#xa;	at com.kms.katalon.core.keyword.builtin.CallTestCaseKeyword$_callTestCase_closure1.doCall(CallTestCaseKeyword.groovy:66)&#xa;	at com.kms.katalon.core.keyword.builtin.CallTestCaseKeyword$_callTestCase_closure1.call(CallTestCaseKeyword.groovy)&#xa;	at com.kms.katalon.core.keyword.internal.KeywordMain.runKeyword(KeywordMain.groovy:75)&#xa;	at com.kms.katalon.core.keyword.builtin.CallTestCaseKeyword.callTestCase(CallTestCaseKeyword.groovy:81)&#xa;	at com.kms.katalon.core.keyword.builtin.CallTestCaseKeyword.execute(CallTestCaseKeyword.groovy:44)&#xa;	at com.kms.katalon.core.keyword.internal.KeywordExecutor.executeKeywordForPlatform(KeywordExecutor.groovy:74)&#xa;	at com.kms.katalon.core.keyword.BuiltinKeywords.callTestCase(BuiltinKeywords.groovy:310)&#xa;	at jdk.internal.reflect.GeneratedMethodAccessor30.invoke(Unknown Source)&#xa;	at java.base/jdk.internal.reflect.DelegatingMethodAccessorImpl.invoke(DelegatingMethodAccessorImpl.java:43)&#xa;	at Register Education Partner.run(Register Education Partner:401)&#xa;	at com.kms.katalon.core.main.ScriptEngine.run(ScriptEngine.java:194)&#xa;	at com.kms.katalon.core.main.ScriptEngine.runScriptAsRawText(ScriptEngine.java:119)&#xa;	at com.kms.katalon.core.main.TestCaseExecutor.runScript(TestCaseExecutor.java:448)&#xa;	at com.kms.katalon.core.main.TestCaseExecutor.doExecute(TestCaseExecutor.java:439)&#xa;	at com.kms.katalon.core.main.TestCaseExecutor.processExecutionPhase(TestCaseExecutor.java:418)&#xa;	at com.kms.katalon.core.main.TestCaseExecutor.accessMainPhase(TestCaseExecutor.java:410)&#xa;	at com.kms.katalon.core.main.TestCaseExecutor.execute(TestCaseExecutor.java:285)&#xa;	at com.kms.katalon.core.common.CommonExecutor.accessTestCaseMainPhase(CommonExecutor.java:65)&#xa;	at com.kms.katalon.core.main.TestSuiteExecutor.accessTestSuiteMainPhase(TestSuiteExecutor.java:150)&#xa;	at com.kms.katalon.core.main.TestSuiteExecutor.execute(TestSuiteExecutor.java:106)&#xa;	at com.kms.katalon.core.main.TestCaseMain.startTestSuite(TestCaseMain.java:180)&#xa;	at TempTestSuite1737837875715.run(TempTestSuite1737837875715.groovy:35)&#xa;	at java.base/jdk.internal.reflect.NativeMethodAccessorImpl.invoke0(Native Method)&#xa;	at java.base/jdk.internal.reflect.NativeMethodAccessorImpl.invoke(NativeMethodAccessorImpl.java:77)&#xa;	at java.base/jdk.internal.reflect.DelegatingMethodAccessorImpl.invoke(DelegatingMethodAccessorImpl.java:43)&#xa;Caused by: com.kms.katalon.core.exception.StepErrorException: Call Test Case 'Test Cases/Education Partner Profile/Tabs/Set Admin Info' failed because of error(s)&#xa;	at com.kms.katalon.core.keyword.builtin.CallTestCaseKeyword$_callTestCase_closure1.doCall(CallTestCaseKeyword.groovy:66)&#xa;	at com.kms.katalon.core.keyword.builtin.CallTestCaseKeyword$_callTestCase_closure1.call(CallTestCaseKeyword.groovy)&#xa;	at com.kms.katalon.core.keyword.internal.KeywordMain.runKeyword(KeywordMain.groovy:75)&#xa;	at com.kms.katalon.core.keyword.builtin.CallTestCaseKeyword.callTestCase(CallTestCaseKeyword.groovy:81)&#xa;	at com.kms.katalon.core.keyword.builtin.CallTestCaseKeyword.execute(CallTestCaseKeyword.groovy:44)&#xa;	at com.kms.katalon.core.keyword.internal.KeywordExecutor.executeKeywordForPlatform(KeywordExecutor.groovy:74)&#xa;	at com.kms.katalon.core.keyword.BuiltinKeywords.callTestCase(BuiltinKeywords.groovy:310)&#xa;	at jdk.internal.reflect.GeneratedMethodAccessor30.invoke(Unknown Source)&#xa;	at java.base/jdk.internal.reflect.DelegatingMethodAccessorImpl.invoke(DelegatingMethodAccessorImpl.java:43)&#xa;	at Complete Education Partner Profile.run(Complete Education Partner Profile:216)&#xa;	at com.kms.katalon.core.main.ScriptEngine.run(ScriptEngine.java:194)&#xa;	at com.kms.katalon.core.main.ScriptEngine.runScriptAsRawText(ScriptEngine.java:119)&#xa;	at com.kms.katalon.core.main.TestCaseExecutor.runScript(TestCaseExecutor.java:448)&#xa;	at com.kms.katalon.core.main.TestCaseExecutor.doExecute(TestCaseExecutor.java:439)&#xa;	at com.kms.katalon.core.main.TestCaseExecutor.processExecutionPhase(TestCaseExecutor.java:418)&#xa;	at com.kms.katalon.core.main.TestCaseExecutor.accessMainPhase(TestCaseExecutor.java:410)&#xa;	at com.kms.katalon.core.main.TestCaseExecutor.execute(TestCaseExecutor.java:285)&#xa;	at com.kms.katalon.core.main.TestCaseMain.runTestCase(TestCaseMain.java:137)&#xa;	at com.kms.katalon.core.keyword.builtin.CallTestCaseKeyword$_callTestCase_closure1.doCall(CallTestCaseKeyword.groovy:59)&#xa;	... 24 more&#xa;Caused by: com.kms.katalon.core.exception.StepErrorException: Call Test Case 'Test Cases/_Functions/Perform Action' failed because of error(s)&#xa;	at com.kms.katalon.core.keyword.builtin.CallTestCaseKeyword$_callTestCase_closure1.doCall(CallTestCaseKeyword.groovy:66)&#xa;	at com.kms.katalon.core.keyword.builtin.CallTestCaseKeyword$_callTestCase_closure1.call(CallTestCaseKeyword.groovy)&#xa;	at com.kms.katalon.core.keyword.internal.KeywordMain.runKeyword(KeywordMain.groovy:75)&#xa;	at com.kms.katalon.core.keyword.builtin.CallTestCaseKeyword.callTestCase(CallTestCaseKeyword.groovy:81)&#xa;	at com.kms.katalon.core.keyword.builtin.CallTestCaseKeyword.execute(CallTestCaseKeyword.groovy:44)&#xa;	at com.kms.katalon.core.keyword.internal.KeywordExecutor.executeKeywordForPlatform(KeywordExecutor.groovy:74)&#xa;	at com.kms.katalon.core.keyword.BuiltinKeywords.callTestCase(BuiltinKeywords.groovy:310)&#xa;	at jdk.internal.reflect.GeneratedMethodAccessor30.invoke(Unknown Source)&#xa;	at java.base/jdk.internal.reflect.DelegatingMethodAccessorImpl.invoke(DelegatingMethodAccessorImpl.java:43)&#xa;	at Set Admin Info.run(Set Admin Info:81)&#xa;	at com.kms.katalon.core.main.ScriptEngine.run(ScriptEngine.java:194)&#xa;	at com.kms.katalon.core.main.ScriptEngine.runScriptAsRawText(ScriptEngine.java:119)&#xa;	at com.kms.katalon.core.main.TestCaseExecutor.runScript(TestCaseExecutor.java:448)&#xa;	at com.kms.katalon.core.main.TestCaseExecutor.doExecute(TestCaseExecutor.java:439)&#xa;	at com.kms.katalon.core.main.TestCaseExecutor.processExecutionPhase(TestCaseExecutor.java:418)&#xa;	at com.kms.katalon.core.main.TestCaseExecutor.accessMainPhase(TestCaseExecutor.java:410)&#xa;	at com.kms.katalon.core.main.TestCaseExecutor.execute(TestCaseExecutor.java:285)&#xa;	at com.kms.katalon.core.main.TestCaseMain.runTestCase(TestCaseMain.java:137)&#xa;	at com.kms.katalon.core.keyword.builtin.CallTestCaseKeyword$_callTestCase_closure1.doCall(CallTestCaseKeyword.groovy:59)&#xa;	... 42 more&#xa;Caused by: com.kms.katalon.core.webui.exception.WebElementNotFoundException: Web element with id: 'Object Repository/Education Partner Profile/Tabs/a_Admin Info' located by '//a[@id='ui-id-7']' not found&#xa;	at com.kms.katalon.core.webui.common.WebUiCommonHelper.findWebElement(WebUiCommonHelper.java:1423)&#xa;	at Perform Action.run(Perform Action:32)&#xa;	at com.kms.katalon.core.main.ScriptEngine.run(ScriptEngine.java:194)&#xa;	at com.kms.katalon.core.main.ScriptEngine.runScriptAsRawText(ScriptEngine.java:119)&#xa;	at com.kms.katalon.core.main.TestCaseExecutor.runScript(TestCaseExecutor.java:448)&#xa;	at com.kms.katalon.core.main.TestCaseExecutor.doExecute(TestCaseExecutor.java:439)&#xa;	at com.kms.katalon.core.main.TestCaseExecutor.processExecutionPhase(TestCaseExecutor.java:418)&#xa;	at com.kms.katalon.core.main.TestCaseExecutor.accessMainPhase(TestCaseExecutor.java:410)&#xa;	at com.kms.katalon.core.main.TestCaseExecutor.execute(TestCaseExecutor.java:285)&#xa;	at com.kms.katalon.core.main.TestCaseMain.runTestCase(TestCaseMain.java:137)&#xa;	at com.kms.katalon.core.keyword.builtin.CallTestCaseKeyword$_callTestCase_closure1.doCall(CallTestCaseKeyword.groovy:59)&#xa;	... 60 more&#xa;"/>
         <system-out><![CDATA[25-01-2025T14:44:40 - [TEST_CASE][ERROR] - Test Cases/Education Partner Profile/Register Education Partner: Test Cases/Education Partner Profile/Register Education Partner FAILED.
Reason:
com.kms.katalon.core.exception.StepErrorException: Call Test Case 'Test Cases/Education Partner Profile/Complete Education Partner Profile' failed because of error(s)
	at com.kms.katalon.core.keyword.builtin.CallTestCaseKeyword$_callTestCase_closure1.doCall(CallTestCaseKeyword.groovy:66)
	at com.kms.katalon.core.keyword.builtin.CallTestCaseKeyword$_callTestCase_closure1.call(CallTestCaseKeyword.groovy)
	at com.kms.katalon.core.keyword.internal.KeywordMain.runKeyword(KeywordMain.groovy:75)
	at com.kms.katalon.core.keyword.builtin.CallTestCaseKeyword.callTestCase(CallTestCaseKeyword.groovy:81)
	at com.kms.katalon.core.keyword.builtin.CallTestCaseKeyword.execute(CallTestCaseKeyword.groovy:44)
	at com.kms.katalon.core.keyword.internal.KeywordExecutor.executeKeywordForPlatform(KeywordExecutor.groovy:74)
	at com.kms.katalon.core.keyword.BuiltinKeywords.callTestCase(BuiltinKeywords.groovy:310)
	at jdk.internal.reflect.GeneratedMethodAccessor30.invoke(Unknown Source)
	at java.base/jdk.internal.reflect.DelegatingMethodAccessorImpl.invoke(DelegatingMethodAccessorImpl.java:43)
	at Register Education Partner.run(Register Education Partner:401)
	at com.kms.katalon.core.main.ScriptEngine.run(ScriptEngine.java:194)
	at com.kms.katalon.core.main.ScriptEngine.runScriptAsRawText(ScriptEngine.java:119)
	at com.kms.katalon.core.main.TestCaseExecutor.runScript(TestCaseExecutor.java:448)
	at com.kms.katalon.core.main.TestCaseExecutor.doExecute(TestCaseExecutor.java:439)
	at com.kms.katalon.core.main.TestCaseExecutor.processExecutionPhase(TestCaseExecutor.java:418)
	at com.kms.katalon.core.main.TestCaseExecutor.accessMainPhase(TestCaseExecutor.java:410)
	at com.kms.katalon.core.main.TestCaseExecutor.execute(TestCaseExecutor.java:285)
	at com.kms.katalon.core.common.CommonExecutor.accessTestCaseMainPhase(CommonExecutor.java:65)
	at com.kms.katalon.core.main.TestSuiteExecutor.accessTestSuiteMainPhase(TestSuiteExecutor.java:150)
	at com.kms.katalon.core.main.TestSuiteExecutor.execute(TestSuiteExecutor.java:106)
	at com.kms.katalon.core.main.TestCaseMain.startTestSuite(TestCaseMain.java:180)
	at TempTestSuite1737837875715.run(TempTestSuite1737837875715.groovy:35)
	at java.base/jdk.internal.reflect.NativeMethodAccessorImpl.invoke0(Native Method)
	at java.base/jdk.internal.reflect.NativeMethodAccessorImpl.invoke(NativeMethodAccessorImpl.java:77)
	at java.base/jdk.internal.reflect.DelegatingMethodAccessorImpl.invoke(DelegatingMethodAccessorImpl.java:43)
Caused by: com.kms.katalon.core.exception.StepErrorException: Call Test Case 'Test Cases/Education Partner Profile/Tabs/Set Admin Info' failed because of error(s)
	at com.kms.katalon.core.keyword.builtin.CallTestCaseKeyword$_callTestCase_closure1.doCall(CallTestCaseKeyword.groovy:66)
	at com.kms.katalon.core.keyword.builtin.CallTestCaseKeyword$_callTestCase_closure1.call(CallTestCaseKeyword.groovy)
	at com.kms.katalon.core.keyword.internal.KeywordMain.runKeyword(KeywordMain.groovy:75)
	at com.kms.katalon.core.keyword.builtin.CallTestCaseKeyword.callTestCase(CallTestCaseKeyword.groovy:81)
	at com.kms.katalon.core.keyword.builtin.CallTestCaseKeyword.execute(CallTestCaseKeyword.groovy:44)
	at com.kms.katalon.core.keyword.internal.KeywordExecutor.executeKeywordForPlatform(KeywordExecutor.groovy:74)
	at com.kms.katalon.core.keyword.BuiltinKeywords.callTestCase(BuiltinKeywords.groovy:310)
	at jdk.internal.reflect.GeneratedMethodAccessor30.invoke(Unknown Source)
	at java.base/jdk.internal.reflect.DelegatingMethodAccessorImpl.invoke(DelegatingMethodAccessorImpl.java:43)
	at Complete Education Partner Profile.run(Complete Education Partner Profile:216)
	at com.kms.katalon.core.main.ScriptEngine.run(ScriptEngine.java:194)
	at com.kms.katalon.core.main.ScriptEngine.runScriptAsRawText(ScriptEngine.java:119)
	at com.kms.katalon.core.main.TestCaseExecutor.runScript(TestCaseExecutor.java:448)
	at com.kms.katalon.core.main.TestCaseExecutor.doExecute(TestCaseExecutor.java:439)
	at com.kms.katalon.core.main.TestCaseExecutor.processExecutionPhase(TestCaseExecutor.java:418)
	at com.kms.katalon.core.main.TestCaseExecutor.accessMainPhase(TestCaseExecutor.java:410)
	at com.kms.katalon.core.main.TestCaseExecutor.execute(TestCaseExecutor.java:285)
	at com.kms.katalon.core.main.TestCaseMain.runTestCase(TestCaseMain.java:137)
	at com.kms.katalon.core.keyword.builtin.CallTestCaseKeyword$_callTestCase_closure1.doCall(CallTestCaseKeyword.groovy:59)
	... 24 more
Caused by: com.kms.katalon.core.exception.StepErrorException: Call Test Case 'Test Cases/_Functions/Perform Action' failed because of error(s)
	at com.kms.katalon.core.keyword.builtin.CallTestCaseKeyword$_callTestCase_closure1.doCall(CallTestCaseKeyword.groovy:66)
	at com.kms.katalon.core.keyword.builtin.CallTestCaseKeyword$_callTestCase_closure1.call(CallTestCaseKeyword.groovy)
	at com.kms.katalon.core.keyword.internal.KeywordMain.runKeyword(KeywordMain.groovy:75)
	at com.kms.katalon.core.keyword.builtin.CallTestCaseKeyword.callTestCase(CallTestCaseKeyword.groovy:81)
	at com.kms.katalon.core.keyword.builtin.CallTestCaseKeyword.execute(CallTestCaseKeyword.groovy:44)
	at com.kms.katalon.core.keyword.internal.KeywordExecutor.executeKeywordForPlatform(KeywordExecutor.groovy:74)
	at com.kms.katalon.core.keyword.BuiltinKeywords.callTestCase(BuiltinKeywords.groovy:310)
	at jdk.internal.reflect.GeneratedMethodAccessor30.invoke(Unknown Source)
	at java.base/jdk.internal.reflect.DelegatingMethodAccessorImpl.invoke(DelegatingMethodAccessorImpl.java:43)
	at Set Admin Info.run(Set Admin Info:81)
	at com.kms.katalon.core.main.ScriptEngine.run(ScriptEngine.java:194)
	at com.kms.katalon.core.main.ScriptEngine.runScriptAsRawText(ScriptEngine.java:119)
	at com.kms.katalon.core.main.TestCaseExecutor.runScript(TestCaseExecutor.java:448)
	at com.kms.katalon.core.main.TestCaseExecutor.doExecute(TestCaseExecutor.java:439)
	at com.kms.katalon.core.main.TestCaseExecutor.processExecutionPhase(TestCaseExecutor.java:418)
	at com.kms.katalon.core.main.TestCaseExecutor.accessMainPhase(TestCaseExecutor.java:410)
	at com.kms.katalon.core.main.TestCaseExecutor.execute(TestCaseExecutor.java:285)
	at com.kms.katalon.core.main.TestCaseMain.runTestCase(TestCaseMain.java:137)
	at com.kms.katalon.core.keyword.builtin.CallTestCaseKeyword$_callTestCase_closure1.doCall(CallTestCaseKeyword.groovy:59)
	... 42 more
Caused by: com.kms.katalon.core.webui.exception.WebElementNotFoundException: Web element with id: 'Object Repository/Education Partner Profile/Tabs/a_Admin Info' located by '//a[@id='ui-id-7']' not found
	at com.kms.katalon.core.webui.common.WebUiCommonHelper.findWebElement(WebUiCommonHelper.java:1423)
	at Perform Action.run(Perform Action:32)
	at com.kms.katalon.core.main.ScriptEngine.run(ScriptEngine.java:194)
	at com.kms.katalon.core.main.ScriptEngine.runScriptAsRawText(ScriptEngine.java:119)
	at com.kms.katalon.core.main.TestCaseExecutor.runScript(TestCaseExecutor.java:448)
	at com.kms.katalon.core.main.TestCaseExecutor.doExecute(TestCaseExecutor.java:439)
	at com.kms.katalon.core.main.TestCaseExecutor.processExecutionPhase(TestCaseExecutor.java:418)
	at com.kms.katalon.core.main.TestCaseExecutor.accessMainPhase(TestCaseExecutor.java:410)
	at com.kms.katalon.core.main.TestCaseExecutor.execute(TestCaseExecutor.java:285)
	at com.kms.katalon.core.main.TestCaseMain.runTestCase(TestCaseMain.java:137)
	at com.kms.katalon.core.keyword.builtin.CallTestCaseKeyword$_callTestCase_closure1.doCall(CallTestCaseKeyword.groovy:59)
	... 60 more


25-01-2025T14:44:40 - [TEST_STEP][PASSED] - username = username: null

25-01-2025T14:44:40 - [TEST_STEP][PASSED] - if (username != "cktest06ep"): null

25-01-2025T14:44:40 - [TEST_STEP][PASSED] - registerOnly = false: null

25-01-2025T14:44:40 - [TEST_STEP][PASSED] - domain = domain: null

25-01-2025T14:44:40 - [TEST_STEP][PASSED] - username = username: null

25-01-2025T14:44:40 - [TEST_STEP][PASSED] - url = "https://education." + domain + "/signup/organization": null

25-01-2025T14:44:40 - [TEST_STEP][PASSED] - outFile = new java.io.File(((/Users/cckozie/Documents/MissionNext/Test Reports/Test Register Education Partner on  + domain) + .txt)): null

25-01-2025T14:44:40 - [TEST_STEP][PASSED] - outFile = outFile: null

25-01-2025T14:44:40 - [TEST_STEP][PASSED] - outFile.write("Testing Register Education Partner on " + domain + ".
"): null

25-01-2025T14:44:40 - [TEST_STEP][PASSED] - tooltipImagePath = "/Users/cckozie/git/MissionNext-Katalon-Koz/images/education partner/": null

25-01-2025T14:44:40 - [TEST_STEP][PASSED] - testObjectFolder = "Education Partner Profile/Register/": null

25-01-2025T14:44:40 - [TEST_STEP][PASSED] - tooltips = ["dummy":"dummy", "Username":"img_Username_field-tooltip", "Password":"img_Password_field-tooltip", "Key Contact Email":"img_Key Contact Email_field-tooltip", ... ]: null

25-01-2025T14:44:40 - [TEST_STEP][PASSED] - tooltipText = ["Username":"Must be unique; at least 6 characters; contain only lowercase letters; allowable characters: numbers, @, dash, underscore or period, and can be an email address.", "Password":"The password should be at least twelve characters long; should include numbers, letters, capitals; may have special characters (@, #, *, spaces, etc.) and may include a passphrase.", ... ]: null

25-01-2025T14:44:40 - [TEST_STEP][PASSED] - pageLinks = ["Affiliated Organizations":"Affiliated Organizations", "countries by region":"Countries by Region", "Partnership Agreement":"Partnership Agreement", ... ]: null

25-01-2025T14:44:40 - [TEST_STEP][PASSED] - requiredFieldMsgs = ["Username":"Username must be unique; at least 6 characters; contain only lowercase letters; allowable characters: numbers, @, dash, underscore or period, and can be an email address.", "Password":"The password should be at least twelve characters long; should include numbers, letters, capitals; may have special characters (@, #, *, spaces, etc.) and may include a passphrase.", ... ]: null

25-01-2025T14:44:40 - [TEST_STEP][PASSED] - callTestCase(findTestCase("Admin/Delete User"), ["varUsername":username], STOP_ON_FAILURE): Call Test Case 'Test Cases/Admin/Delete User' successfully

25-01-2025T14:44:40 - [TEST_CASE][PASSED] - Test Cases/Admin/Delete User: Test Cases/Admin/Delete User

25-01-2025T14:44:41 - [TEST_STEP][PASSED] - if (binding.hasVariable("varUsername")): null

25-01-2025T14:44:41 - [TEST_STEP][PASSED] - username = varUsername: null

25-01-2025T14:44:41 - [TEST_STEP][PASSED] - writeFile = false: null

25-01-2025T14:44:41 - [TEST_STEP][PASSED] - println("outFile is " + outFile): null

25-01-2025T14:44:41 - [TEST_STEP][PASSED] - if (outFile != ""): null

25-01-2025T14:44:41 - [TEST_STEP][PASSED] - myFile = outFile: null

25-01-2025T14:44:41 - [TEST_STEP][PASSED] - println(myFile): null

25-01-2025T14:44:41 - [TEST_STEP][PASSED] - outFile = new java.io.File(myFile): null

25-01-2025T14:44:41 - [TEST_STEP][PASSED] - writeFile = true: null

25-01-2025T14:44:41 - [TEST_STEP][PASSED] - domain = domain: null

25-01-2025T14:44:41 - [TEST_STEP][PASSED] - url = "https://ad." + domain: null

25-01-2025T14:44:41 - [TEST_STEP][PASSED] - openBrowser(""): Browser is opened with url: ''

25-01-2025T14:44:41 - [MESSAGE][INFO] - Starting 'Chrome' driver

25-01-2025T14:44:41 - [MESSAGE][INFO] - Action delay is set to 0 milliseconds

25-01-2025T14:44:42 - [MESSAGE][PASSED] - Browser is opened with url: ''

25-01-2025T14:44:42 - [TEST_STEP][PASSED] - navigateToUrl(url): Navigate to 'https://ad.missionnext.org' successfully

25-01-2025T14:44:42 - [MESSAGE][PASSED] - Navigate to 'https://ad.missionnext.org' successfully

25-01-2025T14:44:42 - [TEST_STEP][PASSED] - setText(findTestObject("Admin/Ad Login/input_Username"), "chriskosieracki"): Text 'chriskosieracki' is set on object 'Object Repository/Admin/Ad Login/input_Username'

25-01-2025T14:44:43 - [MESSAGE][PASSED] - Text 'chriskosieracki' is set on object 'Object Repository/Admin/Ad Login/input_Username'

25-01-2025T14:44:43 - [TEST_STEP][PASSED] - setEncryptedText(findTestObject("Admin/Ad Login/input_Password"), "fAJOXt1JExHva3VUYg96Og=="): Text ****** has been set on object 'Object Repository/Admin/Ad Login/input_Password'

25-01-2025T14:44:43 - [MESSAGE][PASSED] - Text ****** has been set on object 'Object Repository/Admin/Ad Login/input_Password'

25-01-2025T14:44:43 - [TEST_STEP][PASSED] - click(findTestObject("Admin/Ad Login/btn_Submit")): Object: 'Object Repository/Admin/Ad Login/btn_Submit' is clicked on

25-01-2025T14:44:43 - [MESSAGE][PASSED] - Object: 'Object Repository/Admin/Ad Login/btn_Submit' is clicked on

25-01-2025T14:44:43 - [TEST_STEP][PASSED] - click(findTestObject("Admin/Ad Main/a_User Information  Administration")): Object: 'Object Repository/Admin/Ad Main/a_User Information  Administration' is clicked on

25-01-2025T14:44:45 - [MESSAGE][PASSED] - Object: 'Object Repository/Admin/Ad Main/a_User Information  Administration' is clicked on

25-01-2025T14:44:45 - [TEST_STEP][PASSED] - setText(findTestObject("Admin/Ad User Viewer Utility/input_Find account by Username"), username): Text 'cktest06ep' is set on object 'Object Repository/Admin/Ad User Viewer Utility/input_Find account by Username'

25-01-2025T14:44:45 - [MESSAGE][PASSED] - Text 'cktest06ep' is set on object 'Object Repository/Admin/Ad User Viewer Utility/input_Find account by Username'

25-01-2025T14:44:45 - [TEST_STEP][PASSED] - delay(1): Delayed 1 second(s)

25-01-2025T14:44:46 - [MESSAGE][PASSED] - Delayed 1 second(s)

25-01-2025T14:44:46 - [TEST_STEP][PASSED] - click(findTestObject("Admin/Ad User Viewer Utility/input_Find account by Username_beginning")): Object: 'Object Repository/Admin/Ad User Viewer Utility/input_Find account by Username_beginning' is clicked on

25-01-2025T14:44:46 - [MESSAGE][PASSED] - Object: 'Object Repository/Admin/Ad User Viewer Utility/input_Find account by Username_beginning' is clicked on

25-01-2025T14:44:46 - [TEST_STEP][PASSED] - delay(1): Delayed 1 second(s)

25-01-2025T14:44:47 - [MESSAGE][PASSED] - Delayed 1 second(s)

25-01-2025T14:44:47 - [TEST_STEP][PASSED] - driver = getWebDriver(): null

25-01-2025T14:44:47 - [TEST_STEP][PASSED] - Table = driver.findElement(By.xpath("//table[2]")): null

25-01-2025T14:44:47 - [TEST_STEP][PASSED] - Rows = Table.findElements(By.tagName("tr")): null

25-01-2025T14:44:47 - [TEST_STEP][PASSED] - row_count = Rows.size(): null

25-01-2025T14:44:47 - [TEST_STEP][PASSED] - found = false: null

25-01-2025T14:44:47 - [TEST_STEP][PASSED] - if (row_count > 0): null

25-01-2025T14:44:47 - [TEST_STEP][PASSED] - for ([row = 1, row < row_count, (row++)]): null

25-01-2025T14:44:47 - [TEST_STEP][PASSED] - Columns = get(row).findElements(By.tagName("td")): null

25-01-2025T14:44:47 - [TEST_STEP][PASSED] - user = get(2).getText(): null

25-01-2025T14:44:47 - [TEST_STEP][PASSED] - if (user.indexOf(username) >= 0): null

25-01-2025T14:44:47 - [TEST_STEP][PASSED] - found = true: null

25-01-2025T14:44:47 - [TEST_STEP][PASSED] - outText = "User " + username + " was found. Attempting to delete.": null

25-01-2025T14:44:47 - [TEST_STEP][PASSED] - println("=====> " + outText): null

25-01-2025T14:44:47 - [TEST_STEP][PASSED] - if (writeFile): null

25-01-2025T14:44:47 - [TEST_STEP][PASSED] - outFile.append(outText + "
"): null

25-01-2025T14:44:47 - [TEST_STEP][PASSED] - link = get(0).findElement(By.tagName("a")): null

25-01-2025T14:44:47 - [TEST_STEP][PASSED] - link.click(): null

25-01-2025T14:44:48 - [TEST_STEP][PASSED] - delay(2): Delayed 2 second(s)

25-01-2025T14:44:50 - [MESSAGE][PASSED] - Delayed 2 second(s)

25-01-2025T14:44:50 - [TEST_STEP][PASSED] - break: null

25-01-2025T14:44:50 - [TEST_STEP][PASSED] - if (found): null

25-01-2025T14:44:50 - [TEST_STEP][PASSED] - delay(1): Delayed 1 second(s)

25-01-2025T14:44:51 - [MESSAGE][PASSED] - Delayed 1 second(s)

25-01-2025T14:44:51 - [TEST_STEP][PASSED] - waitForPageLoad(10): Wait for page load successfully

25-01-2025T14:44:51 - [MESSAGE][PASSED] - Wait for page load successfully

25-01-2025T14:44:51 - [TEST_STEP][PASSED] - deletedUser = getText(findTestObject("Object Repository/Admin/Ad User Viewer Utility/p_The missionnext Candidate account username")): Text of object 'Object Repository/Admin/Ad User Viewer Utility/p_The missionnext Candidate account username' is: 'The missionnext Organization account username is cktest06ep'

25-01-2025T14:44:51 - [MESSAGE][PASSED] - Text of object 'Object Repository/Admin/Ad User Viewer Utility/p_The missionnext Candidate account username' is: 'The missionnext Organization account username is cktest06ep'

25-01-2025T14:44:51 - [TEST_STEP][PASSED] - if (deletedUser.indexOf(username) >= 0): null

25-01-2025T14:44:51 - [TEST_STEP][PASSED] - outText = "User " + username + " was successfully deleted.": null

25-01-2025T14:44:51 - [TEST_STEP][PASSED] - println(outText): null

25-01-2025T14:44:51 - [TEST_STEP][PASSED] - outFile.append(outText + "
"): null

25-01-2025T14:44:51 - [TEST_STEP][PASSED] - closeBrowser(): Browser is closed

25-01-2025T14:44:51 - [MESSAGE][PASSED] - Browser is closed

25-01-2025T14:44:51 - [MESSAGE][PASSED] - Call Test Case 'Test Cases/Admin/Delete User' successfully

25-01-2025T14:44:51 - [TEST_STEP][PASSED] - file = new java.io.File(/Applications/Microsoft Outlook.app): null

25-01-2025T14:44:51 - [TEST_STEP][PASSED] - getDesktop().open(file): null

25-01-2025T14:44:52 - [TEST_STEP][PASSED] - callTestCase(findTestCase("_Functions/Delete Emails"), [:], STOP_ON_FAILURE): Call Test Case 'Test Cases/_Functions/Delete Emails' successfully

25-01-2025T14:44:52 - [TEST_CASE][PASSED] - Test Cases/_Functions/Delete Emails: Test Cases/_Functions/Delete Emails

25-01-2025T14:44:52 - [TEST_STEP][PASSED] - writeFile = false: null

25-01-2025T14:44:52 - [TEST_STEP][PASSED] - if (outFile != ""): null

25-01-2025T14:44:52 - [TEST_STEP][PASSED] - myFile = outFile: null

25-01-2025T14:44:52 - [TEST_STEP][PASSED] - println(myFile): null

25-01-2025T14:44:52 - [TEST_STEP][PASSED] - outFile = new java.io.File(myFile): null

25-01-2025T14:44:52 - [TEST_STEP][PASSED] - writeFile = true: null

25-01-2025T14:44:52 - [TEST_STEP][PASSED] - outText = "Deleting all emails in the inbox": null

25-01-2025T14:44:52 - [TEST_STEP][PASSED] - println(outText): null

25-01-2025T14:44:52 - [TEST_STEP][PASSED] - if (writeFile): null

25-01-2025T14:44:52 - [TEST_STEP][PASSED] - outFile.append(outText + "
"): null

25-01-2025T14:44:52 - [TEST_STEP][PASSED] - host = "pop.gmail.com": null

25-01-2025T14:44:52 - [TEST_STEP][PASSED] - mailStoreType = "pop3": null

25-01-2025T14:44:52 - [TEST_STEP][PASSED] - username = "cktest01mn@gmail.com": null

25-01-2025T14:44:52 - [TEST_STEP][PASSED] - password = "sfesezftmpqxbbbd": null

25-01-2025T14:44:52 - [TEST_STEP][PASSED] - properties = new java.util.Properties(): null

25-01-2025T14:44:52 - [TEST_STEP][PASSED] - properties.put("mail.pop3.host", host): null

25-01-2025T14:44:52 - [TEST_STEP][PASSED] - properties.put("mail.pop3.port", "995"): null

25-01-2025T14:44:52 - [TEST_STEP][PASSED] - properties.put("mail.pop3.starttls.enable", "true"): null

25-01-2025T14:44:52 - [TEST_STEP][PASSED] - emailSession = Session.getDefaultInstance(properties): null

25-01-2025T14:44:52 - [TEST_STEP][PASSED] - store = emailSession.getStore("pop3s"): null

25-01-2025T14:44:52 - [TEST_STEP][PASSED] - store.connect(host, username, password): null

25-01-2025T14:44:53 - [TEST_STEP][PASSED] - emailFolder = <not implemented yet for class: org.codehaus.groovy.ast.expr.EmptyExpression>: null

25-01-2025T14:44:53 - [TEST_STEP][PASSED] - messages = []: null

25-01-2025T14:44:53 - [TEST_STEP][PASSED] - emailFolder = store.getFolder("INBOX"): null

25-01-2025T14:44:53 - [TEST_STEP][PASSED] - emailFolder.open(READ_ONLY): null

25-01-2025T14:44:53 - [TEST_STEP][PASSED] - messages = emailFolder.getMessages(): null

25-01-2025T14:44:53 - [TEST_STEP][PASSED] - if (length > 0): null

25-01-2025T14:44:53 - [TEST_STEP][PASSED] - else: null

25-01-2025T14:44:53 - [TEST_STEP][PASSED] - outText = "No emails were found in the inbox": null

25-01-2025T14:44:53 - [TEST_STEP][PASSED] - println(outText): null

25-01-2025T14:44:53 - [TEST_STEP][PASSED] - if (writeFile): null

25-01-2025T14:44:53 - [TEST_STEP][PASSED] - outFile.append(outText + "
"): null

25-01-2025T14:44:53 - [TEST_STEP][PASSED] - emailFolder.close(false): null

25-01-2025T14:44:53 - [TEST_STEP][PASSED] - store.close(): null

25-01-2025T14:44:53 - [MESSAGE][PASSED] - Call Test Case 'Test Cases/_Functions/Delete Emails' successfully

25-01-2025T14:44:53 - [TEST_STEP][PASSED] - openBrowser(url): Browser is opened with url: 'https://education.missionnext.org/signup/organization'

25-01-2025T14:44:53 - [MESSAGE][INFO] - Starting 'Chrome' driver

25-01-2025T14:44:53 - [MESSAGE][INFO] - Action delay is set to 0 milliseconds

25-01-2025T14:44:59 - [MESSAGE][PASSED] - Browser is opened with url: 'https://education.missionnext.org/signup/organization'

25-01-2025T14:44:59 - [TEST_STEP][PASSED] - maximizeWindow(): Current window maximized

25-01-2025T14:44:59 - [MESSAGE][PASSED] - Current window maximized

25-01-2025T14:44:59 - [TEST_STEP][PASSED] - navigateToUrl(url): Navigate to 'https://education.missionnext.org/signup/organization' successfully

25-01-2025T14:45:00 - [MESSAGE][PASSED] - Navigate to 'https://education.missionnext.org/signup/organization' successfully

25-01-2025T14:45:00 - [TEST_STEP][PASSED] - waitForPageLoad(10): Wait for page load successfully

25-01-2025T14:45:00 - [MESSAGE][PASSED] - Wait for page load successfully

25-01-2025T14:45:00 - [TEST_STEP][PASSED] - tooltipTextMap = callTestCase(findTestCase("_Functions/Get Screenshot and Tooltip Text"), ["varExtension":"Register"], STOP_ON_FAILURE): Call Test Case 'Test Cases/_Functions/Get Screenshot and Tooltip Text' successfully

25-01-2025T14:45:00 - [TEST_CASE][PASSED] - Test Cases/_Functions/Get Screenshot and Tooltip Text: Test Cases/_Functions/Get Screenshot and Tooltip Text

25-01-2025T14:45:01 - [TEST_STEP][PASSED] - driver = getWebDriver(): null

25-01-2025T14:45:01 - [TEST_STEP][PASSED] - frame = new javax.swing.JFrame(): null

25-01-2025T14:45:01 - [TEST_STEP][PASSED] - p = new javax.swing.JPanel(): null

25-01-2025T14:45:01 - [TEST_STEP][PASSED] - l = new javax.swing.JLabel(LOADING ..., javax.swing.SwingConstants.CENTER): null

25-01-2025T14:45:01 - [TEST_STEP][PASSED] - frame.add(l): null

25-01-2025T14:45:01 - [TEST_STEP][PASSED] - frame.setSize(300, 100): null

25-01-2025T14:45:01 - [TEST_STEP][PASSED] - frame.setLocation(600, 0): null

25-01-2025T14:45:01 - [TEST_STEP][PASSED] - frame.setAlwaysOnTop(true): null

25-01-2025T14:45:01 - [TEST_STEP][PASSED] - frame.show(): null

25-01-2025T14:45:01 - [TEST_STEP][PASSED] - if (verifyTextPresent("Partnership Application", false, OPTIONAL)): null

25-01-2025T14:45:01 - [MESSAGE][PASSED] - Text 'Partnership Application' is present on page 

25-01-2025T14:45:01 - [TEST_STEP][PASSED] - user = "Partner": null

25-01-2025T14:45:01 - [TEST_STEP][PASSED] - println("User type is " + user): null

25-01-2025T14:45:01 - [TEST_STEP][PASSED] - path = "/Users/cckozie/Documents/MissionNext/Screenshots and Tooltip Text/": null

25-01-2025T14:45:01 - [TEST_STEP][PASSED] - if (binding.hasVariable("varExtension")): null

25-01-2025T14:45:01 - [TEST_STEP][PASSED] - extension = "_" + varExtension: null

25-01-2025T14:45:01 - [TEST_STEP][PASSED] - println("Extension is " + extension): null

25-01-2025T14:45:01 - [TEST_STEP][PASSED] - title = getWindowTitle() + extension: Current window's title is: 'Education'

25-01-2025T14:45:01 - [MESSAGE][PASSED] - Current window's title is: 'Education'

25-01-2025T14:45:01 - [TEST_STEP][PASSED] - title = title.replace("/", "_"): null

25-01-2025T14:45:01 - [TEST_STEP][PASSED] - fileBase = path + user + "_" + title: null

25-01-2025T14:45:01 - [TEST_STEP][PASSED] - fileImage = fileBase + "_Screenshot.png": null

25-01-2025T14:45:01 - [TEST_STEP][PASSED] - waitForPageLoad(30): Wait for page load successfully

25-01-2025T14:45:01 - [MESSAGE][PASSED] - Wait for page load successfully

25-01-2025T14:45:01 - [TEST_STEP][PASSED] - spinner = driver.findElement(By.xpath("/html/body/div[1]/div/div[2]")): null

25-01-2025T14:45:01 - [TEST_STEP][PASSED] - executor = driver: null

25-01-2025T14:45:01 - [TEST_STEP][PASSED] - elementAttributes = executor.executeScript("var items = {}; for (index = 0; index < arguments[0].attributes.length; ++index) { items[arguments[0].attributes[index].name] = arguments[0].attributes[index].value }; return items;", spinner): null

25-01-2025T14:45:01 - [TEST_STEP][PASSED] - attrs = elementAttributes.toString(): null

25-01-2025T14:45:01 - [TEST_STEP][PASSED] - waits = 0: null

25-01-2025T14:45:01 - [TEST_STEP][PASSED] - while (attrs.indexOf("display: none") < 0 && waits < 2): null

25-01-2025T14:45:01 - [TEST_STEP][PASSED] - delay(1): Delayed 1 second(s)

25-01-2025T14:45:02 - [MESSAGE][PASSED] - Delayed 1 second(s)

25-01-2025T14:45:02 - [TEST_STEP][PASSED] - attrs = elementAttributes.toString(): null

25-01-2025T14:45:02 - [TEST_STEP][PASSED] - (waits++): null

25-01-2025T14:45:02 - [TEST_STEP][PASSED] - delay(1): Delayed 1 second(s)

25-01-2025T14:45:03 - [MESSAGE][PASSED] - Delayed 1 second(s)

25-01-2025T14:45:03 - [TEST_STEP][PASSED] - attrs = elementAttributes.toString(): null

25-01-2025T14:45:03 - [TEST_STEP][PASSED] - (waits++): null

25-01-2025T14:45:03 - [TEST_STEP][PASSED] - tooltipMap = callTestCase(findTestCase("_Functions/Get Tooltip Text"), [:], STOP_ON_FAILURE): Call Test Case 'Test Cases/_Functions/Get Tooltip Text' successfully

25-01-2025T14:45:03 - [TEST_CASE][PASSED] - Test Cases/_Functions/Get Tooltip Text: Test Cases/_Functions/Get Tooltip Text

25-01-2025T14:45:03 - [TEST_STEP][PASSED] - fieldTooltips = [:]: null

25-01-2025T14:45:03 - [TEST_STEP][PASSED] - tooltipMap = [:]: null

25-01-2025T14:45:03 - [TEST_STEP][PASSED] - driver = getWebDriver(): null

25-01-2025T14:45:03 - [TEST_STEP][PASSED] - tooltips = driver.findElements(By.className("field-tooltip")): null

25-01-2025T14:45:03 - [TEST_STEP][PASSED] - for (def it : tooltips): null

25-01-2025T14:45:03 - [TEST_STEP][PASSED] - if (it.isDisplayed()): null

25-01-2025T14:45:03 - [TEST_STEP][PASSED] - ttText = it.getAttribute("data-original-title"): null

25-01-2025T14:45:03 - [TEST_STEP][PASSED] - ttLocation = it.getLocation(): null

25-01-2025T14:45:03 - [TEST_STEP][PASSED] - yLocation = ttLocation.getY(): null

25-01-2025T14:45:03 - [TEST_STEP][PASSED] - xLocation = ttLocation.getX(): null

25-01-2025T14:45:03 - [TEST_STEP][PASSED] - fieldTooltips.put(ttText, yLocation): null

25-01-2025T14:45:03 - [TEST_STEP][PASSED] - if (it.isDisplayed()): null

25-01-2025T14:45:03 - [TEST_STEP][PASSED] - ttText = it.getAttribute("data-original-title"): null

25-01-2025T14:45:03 - [TEST_STEP][PASSED] - ttLocation = it.getLocation(): null

25-01-2025T14:45:03 - [TEST_STEP][PASSED] - yLocation = ttLocation.getY(): null

25-01-2025T14:45:03 - [TEST_STEP][PASSED] - xLocation = ttLocation.getX(): null

25-01-2025T14:45:03 - [TEST_STEP][PASSED] - fieldTooltips.put(ttText, yLocation): null

25-01-2025T14:45:03 - [TEST_STEP][PASSED] - if (it.isDisplayed()): null

25-01-2025T14:45:03 - [TEST_STEP][PASSED] - ttText = it.getAttribute("data-original-title"): null

25-01-2025T14:45:03 - [TEST_STEP][PASSED] - ttLocation = it.getLocation(): null

25-01-2025T14:45:03 - [TEST_STEP][PASSED] - yLocation = ttLocation.getY(): null

25-01-2025T14:45:03 - [TEST_STEP][PASSED] - xLocation = ttLocation.getX(): null

25-01-2025T14:45:03 - [TEST_STEP][PASSED] - fieldTooltips.put(ttText, yLocation): null

25-01-2025T14:45:03 - [TEST_STEP][PASSED] - if (it.isDisplayed()): null

25-01-2025T14:45:03 - [TEST_STEP][PASSED] - ttText = it.getAttribute("data-original-title"): null

25-01-2025T14:45:03 - [TEST_STEP][PASSED] - ttLocation = it.getLocation(): null

25-01-2025T14:45:03 - [TEST_STEP][PASSED] - yLocation = ttLocation.getY(): null

25-01-2025T14:45:03 - [TEST_STEP][PASSED] - xLocation = ttLocation.getX(): null

25-01-2025T14:45:03 - [TEST_STEP][PASSED] - fieldTooltips.put(ttText, yLocation): null

25-01-2025T14:45:03 - [TEST_STEP][PASSED] - if (it.isDisplayed()): null

25-01-2025T14:45:03 - [TEST_STEP][PASSED] - ttText = it.getAttribute("data-original-title"): null

25-01-2025T14:45:03 - [TEST_STEP][PASSED] - ttLocation = it.getLocation(): null

25-01-2025T14:45:03 - [TEST_STEP][PASSED] - yLocation = ttLocation.getY(): null

25-01-2025T14:45:03 - [TEST_STEP][PASSED] - xLocation = ttLocation.getX(): null

25-01-2025T14:45:03 - [TEST_STEP][PASSED] - fieldTooltips.put(ttText, yLocation): null

25-01-2025T14:45:03 - [TEST_STEP][PASSED] - if (it.isDisplayed()): null

25-01-2025T14:45:03 - [TEST_STEP][PASSED] - ttText = it.getAttribute("data-original-title"): null

25-01-2025T14:45:03 - [TEST_STEP][PASSED] - ttLocation = it.getLocation(): null

25-01-2025T14:45:03 - [TEST_STEP][PASSED] - yLocation = ttLocation.getY(): null

25-01-2025T14:45:03 - [TEST_STEP][PASSED] - xLocation = ttLocation.getX(): null

25-01-2025T14:45:03 - [TEST_STEP][PASSED] - fieldTooltips.put(ttText, yLocation): null

25-01-2025T14:45:03 - [TEST_STEP][PASSED] - if (it.isDisplayed()): null

25-01-2025T14:45:03 - [TEST_STEP][PASSED] - ttText = it.getAttribute("data-original-title"): null

25-01-2025T14:45:03 - [TEST_STEP][PASSED] - ttLocation = it.getLocation(): null

25-01-2025T14:45:03 - [TEST_STEP][PASSED] - yLocation = ttLocation.getY(): null

25-01-2025T14:45:03 - [TEST_STEP][PASSED] - xLocation = ttLocation.getX(): null

25-01-2025T14:45:03 - [TEST_STEP][PASSED] - fieldTooltips.put(ttText, yLocation): null

25-01-2025T14:45:03 - [TEST_STEP][PASSED] - if (it.isDisplayed()): null

25-01-2025T14:45:03 - [TEST_STEP][PASSED] - ttText = it.getAttribute("data-original-title"): null

25-01-2025T14:45:03 - [TEST_STEP][PASSED] - ttLocation = it.getLocation(): null

25-01-2025T14:45:03 - [TEST_STEP][PASSED] - yLocation = ttLocation.getY(): null

25-01-2025T14:45:03 - [TEST_STEP][PASSED] - xLocation = ttLocation.getX(): null

25-01-2025T14:45:03 - [TEST_STEP][PASSED] - fieldTooltips.put(ttText, yLocation): null

25-01-2025T14:45:03 - [TEST_STEP][PASSED] - if (fieldTooltips.size() > 0): null

25-01-2025T14:45:03 - [TEST_STEP][PASSED] - rightBorder = xLocation: null

25-01-2025T14:45:03 - [TEST_STEP][PASSED] - fieldLabels = [:]: null

25-01-2025T14:45:03 - [TEST_STEP][PASSED] - labels = driver.findElements(By.xpath("//label")): null

25-01-2025T14:45:03 - [TEST_STEP][PASSED] - labels.each({ -> ... }): null

25-01-2025T14:45:03 - [TEST_STEP][PASSED] - for (def label : fieldLabels): null

25-01-2025T14:45:03 - [TEST_STEP][PASSED] - y = value: null

25-01-2025T14:45:03 - [TEST_STEP][PASSED] - for (def tooltip : fieldTooltips): null

25-01-2025T14:45:03 - [TEST_STEP][PASSED] - if (value == y || value == y + 1 || value == y - 1): null

25-01-2025T14:45:03 - [TEST_STEP][PASSED] - tooltipMap.put(key, key): null

25-01-2025T14:45:03 - [TEST_STEP][PASSED] - break: null

25-01-2025T14:45:03 - [TEST_STEP][PASSED] - y = value: null

25-01-2025T14:45:03 - [TEST_STEP][PASSED] - for (def tooltip : fieldTooltips): null

25-01-2025T14:45:03 - [TEST_STEP][PASSED] - if (value == y || value == y + 1 || value == y - 1): null

25-01-2025T14:45:03 - [TEST_STEP][PASSED] - if (value == y || value == y + 1 || value == y - 1): null

25-01-2025T14:45:03 - [TEST_STEP][PASSED] - tooltipMap.put(key, key): null

25-01-2025T14:45:03 - [TEST_STEP][PASSED] - break: null

25-01-2025T14:45:03 - [TEST_STEP][PASSED] - y = value: null

25-01-2025T14:45:03 - [TEST_STEP][PASSED] - for (def tooltip : fieldTooltips): null

25-01-2025T14:45:03 - [TEST_STEP][PASSED] - if (value == y || value == y + 1 || value == y - 1): null

25-01-2025T14:45:03 - [TEST_STEP][PASSED] - if (value == y || value == y + 1 || value == y - 1): null

25-01-2025T14:45:03 - [TEST_STEP][PASSED] - if (value == y || value == y + 1 || value == y - 1): null

25-01-2025T14:45:03 - [TEST_STEP][PASSED] - if (value == y || value == y + 1 || value == y - 1): null

25-01-2025T14:45:03 - [TEST_STEP][PASSED] - if (value == y || value == y + 1 || value == y - 1): null

25-01-2025T14:45:03 - [TEST_STEP][PASSED] - if (value == y || value == y + 1 || value == y - 1): null

25-01-2025T14:45:03 - [TEST_STEP][PASSED] - if (value == y || value == y + 1 || value == y - 1): null

25-01-2025T14:45:03 - [TEST_STEP][PASSED] - if (value == y || value == y + 1 || value == y - 1): null

25-01-2025T14:45:03 - [TEST_STEP][PASSED] - y = value: null

25-01-2025T14:45:03 - [TEST_STEP][PASSED] - for (def tooltip : fieldTooltips): null

25-01-2025T14:45:03 - [TEST_STEP][PASSED] - if (value == y || value == y + 1 || value == y - 1): null

25-01-2025T14:45:03 - [TEST_STEP][PASSED] - if (value == y || value == y + 1 || value == y - 1): null

25-01-2025T14:45:03 - [TEST_STEP][PASSED] - if (value == y || value == y + 1 || value == y - 1): null

25-01-2025T14:45:03 - [TEST_STEP][PASSED] - if (value == y || value == y + 1 || value == y - 1): null

25-01-2025T14:45:03 - [TEST_STEP][PASSED] - if (value == y || value == y + 1 || value == y - 1): null

25-01-2025T14:45:03 - [TEST_STEP][PASSED] - if (value == y || value == y + 1 || value == y - 1): null

25-01-2025T14:45:03 - [TEST_STEP][PASSED] - if (value == y || value == y + 1 || value == y - 1): null

25-01-2025T14:45:03 - [TEST_STEP][PASSED] - if (value == y || value == y + 1 || value == y - 1): null

25-01-2025T14:45:03 - [TEST_STEP][PASSED] - y = value: null

25-01-2025T14:45:03 - [TEST_STEP][PASSED] - for (def tooltip : fieldTooltips): null

25-01-2025T14:45:03 - [TEST_STEP][PASSED] - if (value == y || value == y + 1 || value == y - 1): null

25-01-2025T14:45:03 - [TEST_STEP][PASSED] - if (value == y || value == y + 1 || value == y - 1): null

25-01-2025T14:45:03 - [TEST_STEP][PASSED] - if (value == y || value == y + 1 || value == y - 1): null

25-01-2025T14:45:03 - [TEST_STEP][PASSED] - tooltipMap.put(key, key): null

25-01-2025T14:45:03 - [TEST_STEP][PASSED] - break: null

25-01-2025T14:45:03 - [TEST_STEP][PASSED] - y = value: null

25-01-2025T14:45:03 - [TEST_STEP][PASSED] - for (def tooltip : fieldTooltips): null

25-01-2025T14:45:03 - [TEST_STEP][PASSED] - if (value == y || value == y + 1 || value == y - 1): null

25-01-2025T14:45:03 - [TEST_STEP][PASSED] - if (value == y || value == y + 1 || value == y - 1): null

25-01-2025T14:45:03 - [TEST_STEP][PASSED] - if (value == y || value == y + 1 || value == y - 1): null

25-01-2025T14:45:03 - [TEST_STEP][PASSED] - if (value == y || value == y + 1 || value == y - 1): null

25-01-2025T14:45:03 - [TEST_STEP][PASSED] - tooltipMap.put(key, key): null

25-01-2025T14:45:03 - [TEST_STEP][PASSED] - break: null

25-01-2025T14:45:03 - [TEST_STEP][PASSED] - y = value: null

25-01-2025T14:45:03 - [TEST_STEP][PASSED] - for (def tooltip : fieldTooltips): null

25-01-2025T14:45:03 - [TEST_STEP][PASSED] - if (value == y || value == y + 1 || value == y - 1): null

25-01-2025T14:45:03 - [TEST_STEP][PASSED] - if (value == y || value == y + 1 || value == y - 1): null

25-01-2025T14:45:03 - [TEST_STEP][PASSED] - if (value == y || value == y + 1 || value == y - 1): null

25-01-2025T14:45:03 - [TEST_STEP][PASSED] - if (value == y || value == y + 1 || value == y - 1): null

25-01-2025T14:45:03 - [TEST_STEP][PASSED] - if (value == y || value == y + 1 || value == y - 1): null

25-01-2025T14:45:03 - [TEST_STEP][PASSED] - tooltipMap.put(key, key): null

25-01-2025T14:45:03 - [TEST_STEP][PASSED] - break: null

25-01-2025T14:45:03 - [TEST_STEP][PASSED] - y = value: null

25-01-2025T14:45:03 - [TEST_STEP][PASSED] - for (def tooltip : fieldTooltips): null

25-01-2025T14:45:03 - [TEST_STEP][PASSED] - if (value == y || value == y + 1 || value == y - 1): null

25-01-2025T14:45:03 - [TEST_STEP][PASSED] - if (value == y || value == y + 1 || value == y - 1): null

25-01-2025T14:45:03 - [TEST_STEP][PASSED] - if (value == y || value == y + 1 || value == y - 1): null

25-01-2025T14:45:03 - [TEST_STEP][PASSED] - if (value == y || value == y + 1 || value == y - 1): null

25-01-2025T14:45:03 - [TEST_STEP][PASSED] - if (value == y || value == y + 1 || value == y - 1): null

25-01-2025T14:45:03 - [TEST_STEP][PASSED] - if (value == y || value == y + 1 || value == y - 1): null

25-01-2025T14:45:03 - [TEST_STEP][PASSED] - if (value == y || value == y + 1 || value == y - 1): null

25-01-2025T14:45:03 - [TEST_STEP][PASSED] - if (value == y || value == y + 1 || value == y - 1): null

25-01-2025T14:45:03 - [TEST_STEP][PASSED] - y = value: null

25-01-2025T14:45:03 - [TEST_STEP][PASSED] - for (def tooltip : fieldTooltips): null

25-01-2025T14:45:03 - [TEST_STEP][PASSED] - if (value == y || value == y + 1 || value == y - 1): null

25-01-2025T14:45:03 - [TEST_STEP][PASSED] - if (value == y || value == y + 1 || value == y - 1): null

25-01-2025T14:45:03 - [TEST_STEP][PASSED] - if (value == y || value == y + 1 || value == y - 1): null

25-01-2025T14:45:03 - [TEST_STEP][PASSED] - if (value == y || value == y + 1 || value == y - 1): null

25-01-2025T14:45:03 - [TEST_STEP][PASSED] - if (value == y || value == y + 1 || value == y - 1): null

25-01-2025T14:45:03 - [TEST_STEP][PASSED] - if (value == y || value == y + 1 || value == y - 1): null

25-01-2025T14:45:03 - [TEST_STEP][PASSED] - if (value == y || value == y + 1 || value == y - 1): null

25-01-2025T14:45:03 - [TEST_STEP][PASSED] - if (value == y || value == y + 1 || value == y - 1): null

25-01-2025T14:45:03 - [TEST_STEP][PASSED] - y = value: null

25-01-2025T14:45:03 - [TEST_STEP][PASSED] - for (def tooltip : fieldTooltips): null

25-01-2025T14:45:03 - [TEST_STEP][PASSED] - if (value == y || value == y + 1 || value == y - 1): null

25-01-2025T14:45:03 - [TEST_STEP][PASSED] - if (value == y || value == y + 1 || value == y - 1): null

25-01-2025T14:45:03 - [TEST_STEP][PASSED] - if (value == y || value == y + 1 || value == y - 1): null

25-01-2025T14:45:03 - [TEST_STEP][PASSED] - if (value == y || value == y + 1 || value == y - 1): null

25-01-2025T14:45:03 - [TEST_STEP][PASSED] - if (value == y || value == y + 1 || value == y - 1): null

25-01-2025T14:45:03 - [TEST_STEP][PASSED] - if (value == y || value == y + 1 || value == y - 1): null

25-01-2025T14:45:03 - [TEST_STEP][PASSED] - tooltipMap.put(key, key): null

25-01-2025T14:45:03 - [TEST_STEP][PASSED] - break: null

25-01-2025T14:45:03 - [TEST_STEP][PASSED] - y = value: null

25-01-2025T14:45:03 - [TEST_STEP][PASSED] - for (def tooltip : fieldTooltips): null

25-01-2025T14:45:03 - [TEST_STEP][PASSED] - if (value == y || value == y + 1 || value == y - 1): null

25-01-2025T14:45:03 - [TEST_STEP][PASSED] - if (value == y || value == y + 1 || value == y - 1): null

25-01-2025T14:45:03 - [TEST_STEP][PASSED] - if (value == y || value == y + 1 || value == y - 1): null

25-01-2025T14:45:03 - [TEST_STEP][PASSED] - if (value == y || value == y + 1 || value == y - 1): null

25-01-2025T14:45:03 - [TEST_STEP][PASSED] - if (value == y || value == y + 1 || value == y - 1): null

25-01-2025T14:45:03 - [TEST_STEP][PASSED] - if (value == y || value == y + 1 || value == y - 1): null

25-01-2025T14:45:03 - [TEST_STEP][PASSED] - if (value == y || value == y + 1 || value == y - 1): null

25-01-2025T14:45:03 - [TEST_STEP][PASSED] - tooltipMap.put(key, key): null

25-01-2025T14:45:03 - [TEST_STEP][PASSED] - break: null

25-01-2025T14:45:03 - [TEST_STEP][PASSED] - y = value: null

25-01-2025T14:45:03 - [TEST_STEP][PASSED] - for (def tooltip : fieldTooltips): null

25-01-2025T14:45:03 - [TEST_STEP][PASSED] - if (value == y || value == y + 1 || value == y - 1): null

25-01-2025T14:45:03 - [TEST_STEP][PASSED] - if (value == y || value == y + 1 || value == y - 1): null

25-01-2025T14:45:03 - [TEST_STEP][PASSED] - if (value == y || value == y + 1 || value == y - 1): null

25-01-2025T14:45:03 - [TEST_STEP][PASSED] - if (value == y || value == y + 1 || value == y - 1): null

25-01-2025T14:45:03 - [TEST_STEP][PASSED] - if (value == y || value == y + 1 || value == y - 1): null

25-01-2025T14:45:03 - [TEST_STEP][PASSED] - if (value == y || value == y + 1 || value == y - 1): null

25-01-2025T14:45:03 - [TEST_STEP][PASSED] - if (value == y || value == y + 1 || value == y - 1): null

25-01-2025T14:45:03 - [TEST_STEP][PASSED] - if (value == y || value == y + 1 || value == y - 1): null

25-01-2025T14:45:03 - [TEST_STEP][PASSED] - y = value: null

25-01-2025T14:45:03 - [TEST_STEP][PASSED] - for (def tooltip : fieldTooltips): null

25-01-2025T14:45:03 - [TEST_STEP][PASSED] - if (value == y || value == y + 1 || value == y - 1): null

25-01-2025T14:45:03 - [TEST_STEP][PASSED] - if (value == y || value == y + 1 || value == y - 1): null

25-01-2025T14:45:03 - [TEST_STEP][PASSED] - if (value == y || value == y + 1 || value == y - 1): null

25-01-2025T14:45:03 - [TEST_STEP][PASSED] - if (value == y || value == y + 1 || value == y - 1): null

25-01-2025T14:45:03 - [TEST_STEP][PASSED] - if (value == y || value == y + 1 || value == y - 1): null

25-01-2025T14:45:03 - [TEST_STEP][PASSED] - if (value == y || value == y + 1 || value == y - 1): null

25-01-2025T14:45:03 - [TEST_STEP][PASSED] - if (value == y || value == y + 1 || value == y - 1): null

25-01-2025T14:45:03 - [TEST_STEP][PASSED] - if (value == y || value == y + 1 || value == y - 1): null

25-01-2025T14:45:03 - [TEST_STEP][PASSED] - y = value: null

25-01-2025T14:45:03 - [TEST_STEP][PASSED] - for (def tooltip : fieldTooltips): null

25-01-2025T14:45:03 - [TEST_STEP][PASSED] - if (value == y || value == y + 1 || value == y - 1): null

25-01-2025T14:45:03 - [TEST_STEP][PASSED] - if (value == y || value == y + 1 || value == y - 1): null

25-01-2025T14:45:03 - [TEST_STEP][PASSED] - if (value == y || value == y + 1 || value == y - 1): null

25-01-2025T14:45:03 - [TEST_STEP][PASSED] - if (value == y || value == y + 1 || value == y - 1): null

25-01-2025T14:45:03 - [TEST_STEP][PASSED] - if (value == y || value == y + 1 || value == y - 1): null

25-01-2025T14:45:03 - [TEST_STEP][PASSED] - if (value == y || value == y + 1 || value == y - 1): null

25-01-2025T14:45:03 - [TEST_STEP][PASSED] - if (value == y || value == y + 1 || value == y - 1): null

25-01-2025T14:45:03 - [TEST_STEP][PASSED] - if (value == y || value == y + 1 || value == y - 1): null

25-01-2025T14:45:03 - [TEST_STEP][PASSED] - tooltipMap.put(key, key): null

25-01-2025T14:45:03 - [TEST_STEP][PASSED] - break: null

25-01-2025T14:45:03 - [TEST_STEP][PASSED] - y = value: null

25-01-2025T14:45:03 - [TEST_STEP][PASSED] - for (def tooltip : fieldTooltips): null

25-01-2025T14:45:03 - [TEST_STEP][PASSED] - if (value == y || value == y + 1 || value == y - 1): null

25-01-2025T14:45:03 - [TEST_STEP][PASSED] - if (value == y || value == y + 1 || value == y - 1): null

25-01-2025T14:45:03 - [TEST_STEP][PASSED] - if (value == y || value == y + 1 || value == y - 1): null

25-01-2025T14:45:03 - [TEST_STEP][PASSED] - if (value == y || value == y + 1 || value == y - 1): null

25-01-2025T14:45:03 - [TEST_STEP][PASSED] - if (value == y || value == y + 1 || value == y - 1): null

25-01-2025T14:45:03 - [TEST_STEP][PASSED] - if (value == y || value == y + 1 || value == y - 1): null

25-01-2025T14:45:03 - [TEST_STEP][PASSED] - if (value == y || value == y + 1 || value == y - 1): null

25-01-2025T14:45:03 - [TEST_STEP][PASSED] - if (value == y || value == y + 1 || value == y - 1): null

25-01-2025T14:45:03 - [TEST_STEP][PASSED] - y = value: null

25-01-2025T14:45:03 - [TEST_STEP][PASSED] - for (def tooltip : fieldTooltips): null

25-01-2025T14:45:03 - [TEST_STEP][PASSED] - if (value == y || value == y + 1 || value == y - 1): null

25-01-2025T14:45:03 - [TEST_STEP][PASSED] - if (value == y || value == y + 1 || value == y - 1): null

25-01-2025T14:45:03 - [TEST_STEP][PASSED] - if (value == y || value == y + 1 || value == y - 1): null

25-01-2025T14:45:03 - [TEST_STEP][PASSED] - if (value == y || value == y + 1 || value == y - 1): null

25-01-2025T14:45:03 - [TEST_STEP][PASSED] - if (value == y || value == y + 1 || value == y - 1): null

25-01-2025T14:45:03 - [TEST_STEP][PASSED] - if (value == y || value == y + 1 || value == y - 1): null

25-01-2025T14:45:03 - [TEST_STEP][PASSED] - if (value == y || value == y + 1 || value == y - 1): null

25-01-2025T14:45:03 - [TEST_STEP][PASSED] - if (value == y || value == y + 1 || value == y - 1): null

25-01-2025T14:45:03 - [TEST_STEP][PASSED] - y = value: null

25-01-2025T14:45:03 - [TEST_STEP][PASSED] - for (def tooltip : fieldTooltips): null

25-01-2025T14:45:03 - [TEST_STEP][PASSED] - if (value == y || value == y + 1 || value == y - 1): null

25-01-2025T14:45:03 - [TEST_STEP][PASSED] - if (value == y || value == y + 1 || value == y - 1): null

25-01-2025T14:45:03 - [TEST_STEP][PASSED] - if (value == y || value == y + 1 || value == y - 1): null

25-01-2025T14:45:03 - [TEST_STEP][PASSED] - if (value == y || value == y + 1 || value == y - 1): null

25-01-2025T14:45:03 - [TEST_STEP][PASSED] - if (value == y || value == y + 1 || value == y - 1): null

25-01-2025T14:45:03 - [TEST_STEP][PASSED] - if (value == y || value == y + 1 || value == y - 1): null

25-01-2025T14:45:03 - [TEST_STEP][PASSED] - if (value == y || value == y + 1 || value == y - 1): null

25-01-2025T14:45:03 - [TEST_STEP][PASSED] - if (value == y || value == y + 1 || value == y - 1): null

25-01-2025T14:45:03 - [TEST_STEP][PASSED] - return tooltipMap: null

25-01-2025T14:45:03 - [MESSAGE][PASSED] - Call Test Case 'Test Cases/_Functions/Get Tooltip Text' successfully

25-01-2025T14:45:03 - [TEST_STEP][PASSED] - if (tooltipMap.size() > 0): null

25-01-2025T14:45:03 - [TEST_STEP][PASSED] - file = fileBase + "_Tooltips.csv": null

25-01-2025T14:45:03 - [TEST_STEP][PASSED] - outText = "FIELD LABEL" + "," + "TOOLTIP TEXT" + "

": null

25-01-2025T14:45:03 - [TEST_STEP][PASSED] - for (def it : tooltipMap): null

25-01-2025T14:45:03 - [TEST_STEP][PASSED] - name = key: null

25-01-2025T14:45:03 - [TEST_STEP][PASSED] - value = value.replace("
", ""): null

25-01-2025T14:45:03 - [TEST_STEP][PASSED] - value = """ + value + """: null

25-01-2025T14:45:03 - [TEST_STEP][PASSED] - outText = outText + name + "," + value: null

25-01-2025T14:45:03 - [TEST_STEP][PASSED] - outText = outText + "
": null

25-01-2025T14:45:03 - [TEST_STEP][PASSED] - println(outText): null

25-01-2025T14:45:03 - [TEST_STEP][PASSED] - name = key: null

25-01-2025T14:45:03 - [TEST_STEP][PASSED] - value = value.replace("
", ""): null

25-01-2025T14:45:03 - [TEST_STEP][PASSED] - value = """ + value + """: null

25-01-2025T14:45:03 - [TEST_STEP][PASSED] - outText = outText + name + "," + value: null

25-01-2025T14:45:03 - [TEST_STEP][PASSED] - outText = outText + "
": null

25-01-2025T14:45:03 - [TEST_STEP][PASSED] - println(outText): null

25-01-2025T14:45:03 - [TEST_STEP][PASSED] - name = key: null

25-01-2025T14:45:03 - [TEST_STEP][PASSED] - value = value.replace("
", ""): null

25-01-2025T14:45:03 - [TEST_STEP][PASSED] - value = """ + value + """: null

25-01-2025T14:45:03 - [TEST_STEP][PASSED] - outText = outText + name + "," + value: null

25-01-2025T14:45:03 - [TEST_STEP][PASSED] - outText = outText + "
": null

25-01-2025T14:45:03 - [TEST_STEP][PASSED] - println(outText): null

25-01-2025T14:45:03 - [TEST_STEP][PASSED] - name = key: null

25-01-2025T14:45:03 - [TEST_STEP][PASSED] - value = value.replace("
", ""): null

25-01-2025T14:45:03 - [TEST_STEP][PASSED] - value = """ + value + """: null

25-01-2025T14:45:03 - [TEST_STEP][PASSED] - outText = outText + name + "," + value: null

25-01-2025T14:45:03 - [TEST_STEP][PASSED] - outText = outText + "
": null

25-01-2025T14:45:03 - [TEST_STEP][PASSED] - println(outText): null

25-01-2025T14:45:03 - [TEST_STEP][PASSED] - name = key: null

25-01-2025T14:45:03 - [TEST_STEP][PASSED] - value = value.replace("
", ""): null

25-01-2025T14:45:03 - [TEST_STEP][PASSED] - value = """ + value + """: null

25-01-2025T14:45:03 - [TEST_STEP][PASSED] - outText = outText + name + "," + value: null

25-01-2025T14:45:03 - [TEST_STEP][PASSED] - outText = outText + "
": null

25-01-2025T14:45:03 - [TEST_STEP][PASSED] - println(outText): null

25-01-2025T14:45:03 - [TEST_STEP][PASSED] - name = key: null

25-01-2025T14:45:03 - [TEST_STEP][PASSED] - value = value.replace("
", ""): null

25-01-2025T14:45:03 - [TEST_STEP][PASSED] - value = """ + value + """: null

25-01-2025T14:45:03 - [TEST_STEP][PASSED] - outText = outText + name + "," + value: null

25-01-2025T14:45:03 - [TEST_STEP][PASSED] - outText = outText + "
": null

25-01-2025T14:45:03 - [TEST_STEP][PASSED] - println(outText): null

25-01-2025T14:45:03 - [TEST_STEP][PASSED] - name = key: null

25-01-2025T14:45:03 - [TEST_STEP][PASSED] - value = value.replace("
", ""): null

25-01-2025T14:45:03 - [TEST_STEP][PASSED] - value = """ + value + """: null

25-01-2025T14:45:03 - [TEST_STEP][PASSED] - outText = outText + name + "," + value: null

25-01-2025T14:45:03 - [TEST_STEP][PASSED] - outText = outText + "
": null

25-01-2025T14:45:03 - [TEST_STEP][PASSED] - println(outText): null

25-01-2025T14:45:03 - [TEST_STEP][PASSED] - name = key: null

25-01-2025T14:45:03 - [TEST_STEP][PASSED] - value = value.replace("
", ""): null

25-01-2025T14:45:03 - [TEST_STEP][PASSED] - value = """ + value + """: null

25-01-2025T14:45:03 - [TEST_STEP][PASSED] - outText = outText + name + "," + value: null

25-01-2025T14:45:03 - [TEST_STEP][PASSED] - outText = outText + "
": null

25-01-2025T14:45:03 - [TEST_STEP][PASSED] - println(outText): null

25-01-2025T14:45:03 - [TEST_STEP][PASSED] - outFile = new java.io.File(file): null

25-01-2025T14:45:03 - [TEST_STEP][PASSED] - println(outText): null

25-01-2025T14:45:03 - [TEST_STEP][PASSED] - outFile.write(outText): null

25-01-2025T14:45:03 - [TEST_STEP][PASSED] - frame.hide(): null

25-01-2025T14:45:03 - [TEST_STEP][PASSED] - takeFullPageScreenshot(fileImage): Taking screenshot successfully

25-01-2025T14:45:04 - [MESSAGE][INFO] - 0 hidden object(s)

25-01-2025T14:45:04 - [MESSAGE][PASSED] - Taking screenshot successfully
[[ATTACHMENT|/Users/cckozie/Documents/MissionNext/Screenshots and Tooltip Text/Partner_Education_Register_Screenshot.png]]

25-01-2025T14:45:04 - [TEST_STEP][PASSED] - return tooltipMap: null

25-01-2025T14:45:04 - [MESSAGE][PASSED] - Call Test Case 'Test Cases/_Functions/Get Screenshot and Tooltip Text' successfully

25-01-2025T14:45:04 - [TEST_STEP][PASSED] - tooltipTextMap.each({ -> ... }): null

25-01-2025T14:45:04 - [TEST_STEP][PASSED] - driver = getWebDriver(): null

25-01-2025T14:45:04 - [TEST_STEP][PASSED] - action = new org.openqa.selenium.interactions.Actions(driver): null

25-01-2025T14:45:04 - [TEST_STEP][PASSED] - callTestCase(findTestCase("_Functions/Test Tooltips"), ["varTooltipImagePath":tooltipImagePath, "varTooltips":tooltips, "varTooltipText":tooltipText, "varTestObjectFolder":testObjectFolder, ... ], STOP_ON_FAILURE): Call Test Case 'Test Cases/_Functions/Test Tooltips' successfully

25-01-2025T14:45:04 - [TEST_CASE][PASSED] - Test Cases/_Functions/Test Tooltips: Test Cases/_Functions/Test Tooltips

25-01-2025T14:45:05 - [TEST_STEP][PASSED] - tooltipImagePath = varTooltipImagePath: null

25-01-2025T14:45:05 - [TEST_STEP][PASSED] - tooltips = varTooltips: null

25-01-2025T14:45:05 - [TEST_STEP][PASSED] - tooltipText = varTooltipText: null

25-01-2025T14:45:05 - [TEST_STEP][PASSED] - testObjectFolder = varTestObjectFolder: null

25-01-2025T14:45:05 - [TEST_STEP][PASSED] - tooltipTextMap = varTooltipTextMap: null

25-01-2025T14:45:05 - [TEST_STEP][PASSED] - writeFile = false: null

25-01-2025T14:45:05 - [TEST_STEP][PASSED] - if (outFile != ""): null

25-01-2025T14:45:05 - [TEST_STEP][PASSED] - myFile = outFile: null

25-01-2025T14:45:05 - [TEST_STEP][PASSED] - println(myFile): null

25-01-2025T14:45:05 - [TEST_STEP][PASSED] - outFile = new java.io.File(myFile): null

25-01-2025T14:45:05 - [TEST_STEP][PASSED] - writeFile = true: null

25-01-2025T14:45:05 - [TEST_STEP][PASSED] - driver = getWebDriver(): null

25-01-2025T14:45:05 - [TEST_STEP][PASSED] - action = new org.openqa.selenium.interactions.Actions(driver): null

25-01-2025T14:45:05 - [TEST_STEP][PASSED] - s = new org.sikuli.script.Screen(): null

25-01-2025T14:45:05 - [TEST_STEP][PASSED] - outText = "Verifying the tooltips can be displayed.
": null

25-01-2025T14:45:05 - [TEST_STEP][PASSED] - outFile.append(outText): null

25-01-2025T14:45:05 - [TEST_STEP][PASSED] - first = true: null

25-01-2025T14:45:05 - [TEST_STEP][PASSED] - for (def it : tooltips): null

25-01-2025T14:45:05 - [TEST_STEP][PASSED] - myKey = key: null

25-01-2025T14:45:05 - [TEST_STEP][PASSED] - myValue = value: null

25-01-2025T14:45:05 - [TEST_STEP][PASSED] - println("myKey is " + myKey): null

25-01-2025T14:45:05 - [TEST_STEP][PASSED] - println("myValue is " + myValue): null

25-01-2025T14:45:05 - [TEST_STEP][PASSED] - if (myKey != "dummy"): null

25-01-2025T14:45:05 - [TEST_STEP][PASSED] - else: null

25-01-2025T14:45:05 - [TEST_STEP][PASSED] - myImage = "/Users/cckozie/git/MissionNext-Katalon-Koz/images/dummy.png": null

25-01-2025T14:45:05 - [TEST_STEP][PASSED] - f = new java.io.File(myImage): null

25-01-2025T14:45:05 - [TEST_STEP][PASSED] - if (f.exists()): null

25-01-2025T14:45:05 - [TEST_STEP][PASSED] - println("Looking for " + myImage): null

25-01-2025T14:45:05 - [TEST_STEP][PASSED] - icn = Pattern(myImage).similar(0.10): null

25-01-2025T14:45:05 - [TEST_STEP][PASSED] - found = s.exists(icn): null

25-01-2025T14:45:06 - [TEST_STEP][PASSED] - println(found): null

25-01-2025T14:45:06 - [TEST_STEP][PASSED] - if (found != null): null

25-01-2025T14:45:06 - [TEST_STEP][PASSED] - foundStr = found.toString(): null

25-01-2025T14:45:06 - [TEST_STEP][PASSED] - matchP = foundStr.indexOf("%"): null

25-01-2025T14:45:06 - [TEST_STEP][PASSED] - println(matchP): null

25-01-2025T14:45:06 - [TEST_STEP][PASSED] - pct = foundStr.substring(matchP + 1, matchP + 6): null

25-01-2025T14:45:06 - [TEST_STEP][PASSED] - outText = "+++ Tooltip match value for " + myKey + " is " + pct + "%": null

25-01-2025T14:45:06 - [TEST_STEP][PASSED] - pctF = pct.toFloat(): null

25-01-2025T14:45:06 - [TEST_STEP][PASSED] - min = 80: null

25-01-2025T14:45:06 - [TEST_STEP][PASSED] - if (pct.toFloat() < min.toFloat()): null

25-01-2025T14:45:06 - [TEST_STEP][PASSED] - outText = outText + " <<<<": null

25-01-2025T14:45:06 - [TEST_STEP][PASSED] - if (myKey != "dummy"): null

25-01-2025T14:45:06 - [TEST_STEP][PASSED] - myKey = key: null

25-01-2025T14:45:06 - [TEST_STEP][PASSED] - myValue = value: null

25-01-2025T14:45:06 - [TEST_STEP][PASSED] - println("myKey is " + myKey): null

25-01-2025T14:45:06 - [TEST_STEP][PASSED] - println("myValue is " + myValue): null

25-01-2025T14:45:06 - [TEST_STEP][PASSED] - if (myKey != "dummy"): null

25-01-2025T14:45:06 - [TEST_STEP][PASSED] - tObj = testObjectFolder + myValue: null

25-01-2025T14:45:06 - [TEST_STEP][PASSED] - click(tObj): null

25-01-2025T14:45:06 - [TEST_STEP][PASSED] - scrollToObject(object): null

25-01-2025T14:45:06 - [TEST_STEP][PASSED] - println("Converting " + object + " to web element"): null

25-01-2025T14:45:06 - [TEST_STEP][PASSED] - element = findWebElement(findTestObject(object), 1): null

25-01-2025T14:45:06 - [TEST_STEP][PASSED] - loc = element.getLocation(): null

25-01-2025T14:45:06 - [TEST_STEP][PASSED] - y = loc.getY(): null

25-01-2025T14:45:06 - [TEST_STEP][PASSED] - println("Y location is " + y): null

25-01-2025T14:45:06 - [TEST_STEP][PASSED] - top = getViewportTopPosition(): Current viewport's top (y) position is 1043

25-01-2025T14:45:06 - [MESSAGE][PASSED] - Current viewport's top (y) position is 1043

25-01-2025T14:45:06 - [TEST_STEP][PASSED] - println("Viewport top is " + top): null

25-01-2025T14:45:06 - [TEST_STEP][PASSED] - bottom = top + 600: null

25-01-2025T14:45:06 - [TEST_STEP][PASSED] - if (y - top < 150 || bottom - y < 10): Delayed 1 second(s)

25-01-2025T14:45:06 - [TEST_STEP][PASSED] - scrollToPosition(0, y - 170): Browser is scrolled to position x = 0, y = 202

25-01-2025T14:45:06 - [MESSAGE][PASSED] - Browser is scrolled to position x = 0, y = 202

25-01-2025T14:45:06 - [TEST_STEP][PASSED] - delay(1): Delayed 1 second(s)

25-01-2025T14:45:07 - [MESSAGE][PASSED] - Delayed 1 second(s)

25-01-2025T14:45:07 - [TEST_STEP][PASSED] - click(findTestObject(object)): null

25-01-2025T14:45:07 - [MESSAGE][PASSED] - Object: 'Object Repository/Education Partner Profile/Register/img_Username_field-tooltip' is clicked on

25-01-2025T14:45:07 - [TEST_STEP][PASSED] - delay(1): Delayed 1 second(s)

25-01-2025T14:45:08 - [MESSAGE][PASSED] - Delayed 1 second(s)

25-01-2025T14:45:08 - [TEST_STEP][PASSED] - myImage = tooltipImagePath + myKey + ".png": null

25-01-2025T14:45:08 - [TEST_STEP][PASSED] - f = new java.io.File(myImage): null

25-01-2025T14:45:08 - [TEST_STEP][PASSED] - if (f.exists()): null

25-01-2025T14:45:08 - [TEST_STEP][PASSED] - println("Looking for " + myImage): null

25-01-2025T14:45:08 - [TEST_STEP][PASSED] - icn = Pattern(myImage).similar(0.10): null

25-01-2025T14:45:08 - [TEST_STEP][PASSED] - found = s.exists(icn): null

25-01-2025T14:45:08 - [TEST_STEP][PASSED] - println(found): null

25-01-2025T14:45:08 - [TEST_STEP][PASSED] - if (found != null): null

25-01-2025T14:45:08 - [TEST_STEP][PASSED] - foundStr = found.toString(): null

25-01-2025T14:45:08 - [TEST_STEP][PASSED] - matchP = foundStr.indexOf("%"): null

25-01-2025T14:45:08 - [TEST_STEP][PASSED] - println(matchP): null

25-01-2025T14:45:08 - [TEST_STEP][PASSED] - pct = foundStr.substring(matchP + 1, matchP + 6): null

25-01-2025T14:45:08 - [TEST_STEP][PASSED] - outText = "+++ Tooltip match value for " + myKey + " is " + pct + "%": null

25-01-2025T14:45:08 - [TEST_STEP][PASSED] - pctF = pct.toFloat(): null

25-01-2025T14:45:08 - [TEST_STEP][PASSED] - min = 80: null

25-01-2025T14:45:08 - [TEST_STEP][PASSED] - if (pct.toFloat() < min.toFloat()): null

25-01-2025T14:45:08 - [TEST_STEP][PASSED] - outText = outText + " <<<<": null

25-01-2025T14:45:08 - [TEST_STEP][PASSED] - if (myKey != "dummy"): null

25-01-2025T14:45:08 - [TEST_STEP][PASSED] - println(outText): null

25-01-2025T14:45:08 - [TEST_STEP][PASSED] - outFile.append(outText + "
"): null

25-01-2025T14:45:08 - [TEST_STEP][PASSED] - myKey = key: null

25-01-2025T14:45:08 - [TEST_STEP][PASSED] - myValue = value: null

25-01-2025T14:45:08 - [TEST_STEP][PASSED] - println("myKey is " + myKey): null

25-01-2025T14:45:08 - [TEST_STEP][PASSED] - println("myValue is " + myValue): null

25-01-2025T14:45:08 - [TEST_STEP][PASSED] - if (myKey != "dummy"): null

25-01-2025T14:45:08 - [TEST_STEP][PASSED] - tObj = testObjectFolder + myValue: null

25-01-2025T14:45:08 - [TEST_STEP][PASSED] - click(tObj): null

25-01-2025T14:45:08 - [TEST_STEP][PASSED] - scrollToObject(object): null

25-01-2025T14:45:08 - [TEST_STEP][PASSED] - println("Converting " + object + " to web element"): null

25-01-2025T14:45:08 - [TEST_STEP][PASSED] - element = findWebElement(findTestObject(object), 1): null

25-01-2025T14:45:08 - [TEST_STEP][PASSED] - loc = element.getLocation(): null

25-01-2025T14:45:08 - [TEST_STEP][PASSED] - y = loc.getY(): null

25-01-2025T14:45:08 - [TEST_STEP][PASSED] - println("Y location is " + y): null

25-01-2025T14:45:08 - [TEST_STEP][PASSED] - top = getViewportTopPosition(): Current viewport's top (y) position is 202

25-01-2025T14:45:08 - [MESSAGE][PASSED] - Current viewport's top (y) position is 202

25-01-2025T14:45:08 - [TEST_STEP][PASSED] - println("Viewport top is " + top): null

25-01-2025T14:45:08 - [TEST_STEP][PASSED] - bottom = top + 600: null

25-01-2025T14:45:08 - [TEST_STEP][PASSED] - if (y - top < 150 || bottom - y < 10): null

25-01-2025T14:45:08 - [TEST_STEP][PASSED] - click(findTestObject(object)): null

25-01-2025T14:45:08 - [MESSAGE][PASSED] - Object: 'Object Repository/Education Partner Profile/Register/img_Password_field-tooltip' is clicked on

25-01-2025T14:45:08 - [TEST_STEP][PASSED] - delay(1): Delayed 1 second(s)

25-01-2025T14:45:09 - [MESSAGE][PASSED] - Delayed 1 second(s)

25-01-2025T14:45:09 - [TEST_STEP][PASSED] - myImage = tooltipImagePath + myKey + ".png": null

25-01-2025T14:45:09 - [TEST_STEP][PASSED] - f = new java.io.File(myImage): null

25-01-2025T14:45:09 - [TEST_STEP][PASSED] - if (f.exists()): null

25-01-2025T14:45:09 - [TEST_STEP][PASSED] - println("Looking for " + myImage): null

25-01-2025T14:45:09 - [TEST_STEP][PASSED] - icn = Pattern(myImage).similar(0.10): null

25-01-2025T14:45:09 - [TEST_STEP][PASSED] - found = s.exists(icn): null

25-01-2025T14:45:09 - [TEST_STEP][PASSED] - println(found): null

25-01-2025T14:45:09 - [TEST_STEP][PASSED] - if (found != null): null

25-01-2025T14:45:09 - [TEST_STEP][PASSED] - foundStr = found.toString(): null

25-01-2025T14:45:09 - [TEST_STEP][PASSED] - matchP = foundStr.indexOf("%"): null

25-01-2025T14:45:09 - [TEST_STEP][PASSED] - println(matchP): null

25-01-2025T14:45:09 - [TEST_STEP][PASSED] - pct = foundStr.substring(matchP + 1, matchP + 6): null

25-01-2025T14:45:09 - [TEST_STEP][PASSED] - outText = "+++ Tooltip match value for " + myKey + " is " + pct + "%": null

25-01-2025T14:45:09 - [TEST_STEP][PASSED] - pctF = pct.toFloat(): null

25-01-2025T14:45:09 - [TEST_STEP][PASSED] - min = 80: null

25-01-2025T14:45:09 - [TEST_STEP][PASSED] - if (pct.toFloat() < min.toFloat()): null

25-01-2025T14:45:09 - [TEST_STEP][PASSED] - outText = outText + " <<<<": null

25-01-2025T14:45:09 - [TEST_STEP][PASSED] - if (myKey != "dummy"): null

25-01-2025T14:45:09 - [TEST_STEP][PASSED] - println(outText): null

25-01-2025T14:45:09 - [TEST_STEP][PASSED] - outFile.append(outText + "
"): null

25-01-2025T14:45:09 - [TEST_STEP][PASSED] - myKey = key: null

25-01-2025T14:45:09 - [TEST_STEP][PASSED] - myValue = value: null

25-01-2025T14:45:09 - [TEST_STEP][PASSED] - println("myKey is " + myKey): null

25-01-2025T14:45:09 - [TEST_STEP][PASSED] - println("myValue is " + myValue): null

25-01-2025T14:45:09 - [TEST_STEP][PASSED] - if (myKey != "dummy"): null

25-01-2025T14:45:09 - [TEST_STEP][PASSED] - tObj = testObjectFolder + myValue: null

25-01-2025T14:45:09 - [TEST_STEP][PASSED] - click(tObj): null

25-01-2025T14:45:09 - [TEST_STEP][PASSED] - scrollToObject(object): null

25-01-2025T14:45:09 - [TEST_STEP][PASSED] - println("Converting " + object + " to web element"): null

25-01-2025T14:45:09 - [TEST_STEP][PASSED] - element = findWebElement(findTestObject(object), 1): null

25-01-2025T14:45:09 - [TEST_STEP][PASSED] - loc = element.getLocation(): null

25-01-2025T14:45:09 - [TEST_STEP][PASSED] - y = loc.getY(): null

25-01-2025T14:45:09 - [TEST_STEP][PASSED] - println("Y location is " + y): null

25-01-2025T14:45:09 - [TEST_STEP][PASSED] - top = getViewportTopPosition(): Current viewport's top (y) position is 202

25-01-2025T14:45:09 - [MESSAGE][PASSED] - Current viewport's top (y) position is 202

25-01-2025T14:45:09 - [TEST_STEP][PASSED] - println("Viewport top is " + top): null

25-01-2025T14:45:09 - [TEST_STEP][PASSED] - bottom = top + 600: null

25-01-2025T14:45:09 - [TEST_STEP][PASSED] - if (y - top < 150 || bottom - y < 10): null

25-01-2025T14:45:09 - [TEST_STEP][PASSED] - click(findTestObject(object)): null

25-01-2025T14:45:09 - [MESSAGE][PASSED] - Object: 'Object Repository/Education Partner Profile/Register/img_Key Contact Email_field-tooltip' is clicked on

25-01-2025T14:45:09 - [TEST_STEP][PASSED] - delay(1): Delayed 1 second(s)

25-01-2025T14:45:10 - [MESSAGE][PASSED] - Delayed 1 second(s)

25-01-2025T14:45:10 - [TEST_STEP][PASSED] - myImage = tooltipImagePath + myKey + ".png": null

25-01-2025T14:45:10 - [TEST_STEP][PASSED] - f = new java.io.File(myImage): null

25-01-2025T14:45:10 - [TEST_STEP][PASSED] - if (f.exists()): null

25-01-2025T14:45:10 - [TEST_STEP][PASSED] - println("Looking for " + myImage): null

25-01-2025T14:45:10 - [TEST_STEP][PASSED] - icn = Pattern(myImage).similar(0.10): null

25-01-2025T14:45:10 - [TEST_STEP][PASSED] - found = s.exists(icn): null

25-01-2025T14:45:10 - [TEST_STEP][PASSED] - println(found): null

25-01-2025T14:45:10 - [TEST_STEP][PASSED] - if (found != null): null

25-01-2025T14:45:10 - [TEST_STEP][PASSED] - foundStr = found.toString(): null

25-01-2025T14:45:10 - [TEST_STEP][PASSED] - matchP = foundStr.indexOf("%"): null

25-01-2025T14:45:10 - [TEST_STEP][PASSED] - println(matchP): null

25-01-2025T14:45:10 - [TEST_STEP][PASSED] - pct = foundStr.substring(matchP + 1, matchP + 6): null

25-01-2025T14:45:10 - [TEST_STEP][PASSED] - outText = "+++ Tooltip match value for " + myKey + " is " + pct + "%": null

25-01-2025T14:45:10 - [TEST_STEP][PASSED] - pctF = pct.toFloat(): null

25-01-2025T14:45:10 - [TEST_STEP][PASSED] - min = 80: null

25-01-2025T14:45:10 - [TEST_STEP][PASSED] - if (pct.toFloat() < min.toFloat()): null

25-01-2025T14:45:10 - [TEST_STEP][PASSED] - outText = outText + " <<<<": null

25-01-2025T14:45:10 - [TEST_STEP][PASSED] - if (myKey != "dummy"): null

25-01-2025T14:45:10 - [TEST_STEP][PASSED] - println(outText): null

25-01-2025T14:45:10 - [TEST_STEP][PASSED] - outFile.append(outText + "
"): null

25-01-2025T14:45:10 - [TEST_STEP][PASSED] - myKey = key: null

25-01-2025T14:45:10 - [TEST_STEP][PASSED] - myValue = value: null

25-01-2025T14:45:10 - [TEST_STEP][PASSED] - println("myKey is " + myKey): null

25-01-2025T14:45:10 - [TEST_STEP][PASSED] - println("myValue is " + myValue): null

25-01-2025T14:45:10 - [TEST_STEP][PASSED] - if (myKey != "dummy"): null

25-01-2025T14:45:10 - [TEST_STEP][PASSED] - tObj = testObjectFolder + myValue: null

25-01-2025T14:45:10 - [TEST_STEP][PASSED] - click(tObj): null

25-01-2025T14:45:10 - [TEST_STEP][PASSED] - scrollToObject(object): null

25-01-2025T14:45:10 - [TEST_STEP][PASSED] - println("Converting " + object + " to web element"): null

25-01-2025T14:45:10 - [TEST_STEP][PASSED] - element = findWebElement(findTestObject(object), 1): null

25-01-2025T14:45:10 - [TEST_STEP][PASSED] - loc = element.getLocation(): null

25-01-2025T14:45:10 - [TEST_STEP][PASSED] - y = loc.getY(): null

25-01-2025T14:45:10 - [TEST_STEP][PASSED] - println("Y location is " + y): null

25-01-2025T14:45:10 - [TEST_STEP][PASSED] - top = getViewportTopPosition(): Current viewport's top (y) position is 202

25-01-2025T14:45:10 - [MESSAGE][PASSED] - Current viewport's top (y) position is 202

25-01-2025T14:45:10 - [TEST_STEP][PASSED] - println("Viewport top is " + top): null

25-01-2025T14:45:10 - [TEST_STEP][PASSED] - bottom = top + 600: null

25-01-2025T14:45:10 - [TEST_STEP][PASSED] - if (y - top < 150 || bottom - y < 10): null

25-01-2025T14:45:10 - [TEST_STEP][PASSED] - click(findTestObject(object)): null

25-01-2025T14:45:10 - [MESSAGE][PASSED] - Object: 'Object Repository/Education Partner Profile/Register/img_Organization_field-tooltip' is clicked on

25-01-2025T14:45:10 - [TEST_STEP][PASSED] - delay(1): Delayed 1 second(s)

25-01-2025T14:45:11 - [MESSAGE][PASSED] - Delayed 1 second(s)

25-01-2025T14:45:11 - [TEST_STEP][PASSED] - myImage = tooltipImagePath + myKey + ".png": null

25-01-2025T14:45:11 - [TEST_STEP][PASSED] - f = new java.io.File(myImage): null

25-01-2025T14:45:11 - [TEST_STEP][PASSED] - if (f.exists()): null

25-01-2025T14:45:11 - [TEST_STEP][PASSED] - println("Looking for " + myImage): null

25-01-2025T14:45:11 - [TEST_STEP][PASSED] - icn = Pattern(myImage).similar(0.10): null

25-01-2025T14:45:11 - [TEST_STEP][PASSED] - found = s.exists(icn): null

25-01-2025T14:45:12 - [TEST_STEP][PASSED] - println(found): null

25-01-2025T14:45:12 - [TEST_STEP][PASSED] - if (found != null): null

25-01-2025T14:45:12 - [TEST_STEP][PASSED] - foundStr = found.toString(): null

25-01-2025T14:45:12 - [TEST_STEP][PASSED] - matchP = foundStr.indexOf("%"): null

25-01-2025T14:45:12 - [TEST_STEP][PASSED] - println(matchP): null

25-01-2025T14:45:12 - [TEST_STEP][PASSED] - pct = foundStr.substring(matchP + 1, matchP + 6): null

25-01-2025T14:45:12 - [TEST_STEP][PASSED] - outText = "+++ Tooltip match value for " + myKey + " is " + pct + "%": null

25-01-2025T14:45:12 - [TEST_STEP][PASSED] - pctF = pct.toFloat(): null

25-01-2025T14:45:12 - [TEST_STEP][PASSED] - min = 80: null

25-01-2025T14:45:12 - [TEST_STEP][PASSED] - if (pct.toFloat() < min.toFloat()): null

25-01-2025T14:45:12 - [TEST_STEP][PASSED] - outText = outText + " <<<<": null

25-01-2025T14:45:12 - [TEST_STEP][PASSED] - if (myKey != "dummy"): null

25-01-2025T14:45:12 - [TEST_STEP][PASSED] - println(outText): null

25-01-2025T14:45:12 - [TEST_STEP][PASSED] - outFile.append(outText + "
"): null

25-01-2025T14:45:12 - [TEST_STEP][PASSED] - myKey = key: null

25-01-2025T14:45:12 - [TEST_STEP][PASSED] - myValue = value: null

25-01-2025T14:45:12 - [TEST_STEP][PASSED] - println("myKey is " + myKey): null

25-01-2025T14:45:12 - [TEST_STEP][PASSED] - println("myValue is " + myValue): null

25-01-2025T14:45:12 - [TEST_STEP][PASSED] - if (myKey != "dummy"): null

25-01-2025T14:45:12 - [TEST_STEP][PASSED] - tObj = testObjectFolder + myValue: null

25-01-2025T14:45:12 - [TEST_STEP][PASSED] - click(tObj): null

25-01-2025T14:45:12 - [TEST_STEP][PASSED] - scrollToObject(object): null

25-01-2025T14:45:12 - [TEST_STEP][PASSED] - println("Converting " + object + " to web element"): null

25-01-2025T14:45:12 - [TEST_STEP][PASSED] - element = findWebElement(findTestObject(object), 1): null

25-01-2025T14:45:12 - [TEST_STEP][PASSED] - loc = element.getLocation(): null

25-01-2025T14:45:12 - [TEST_STEP][PASSED] - y = loc.getY(): null

25-01-2025T14:45:12 - [TEST_STEP][PASSED] - println("Y location is " + y): null

25-01-2025T14:45:12 - [TEST_STEP][PASSED] - top = getViewportTopPosition(): Current viewport's top (y) position is 202

25-01-2025T14:45:12 - [MESSAGE][PASSED] - Current viewport's top (y) position is 202

25-01-2025T14:45:12 - [TEST_STEP][PASSED] - println("Viewport top is " + top): null

25-01-2025T14:45:12 - [TEST_STEP][PASSED] - bottom = top + 600: null

25-01-2025T14:45:12 - [TEST_STEP][PASSED] - if (y - top < 150 || bottom - y < 10): null

25-01-2025T14:45:12 - [TEST_STEP][PASSED] - click(findTestObject(object)): null

25-01-2025T14:45:12 - [MESSAGE][PASSED] - Object: 'Object Repository/Education Partner Profile/Register/img_Abbreviation_field-tooltip' is clicked on

25-01-2025T14:45:12 - [TEST_STEP][PASSED] - delay(1): Delayed 1 second(s)

25-01-2025T14:45:13 - [MESSAGE][PASSED] - Delayed 1 second(s)

25-01-2025T14:45:13 - [TEST_STEP][PASSED] - myImage = tooltipImagePath + myKey + ".png": null

25-01-2025T14:45:13 - [TEST_STEP][PASSED] - f = new java.io.File(myImage): null

25-01-2025T14:45:13 - [TEST_STEP][PASSED] - if (f.exists()): null

25-01-2025T14:45:13 - [TEST_STEP][PASSED] - println("Looking for " + myImage): null

25-01-2025T14:45:13 - [TEST_STEP][PASSED] - icn = Pattern(myImage).similar(0.10): null

25-01-2025T14:45:13 - [TEST_STEP][PASSED] - found = s.exists(icn): null

25-01-2025T14:45:13 - [TEST_STEP][PASSED] - println(found): null

25-01-2025T14:45:13 - [TEST_STEP][PASSED] - if (found != null): null

25-01-2025T14:45:13 - [TEST_STEP][PASSED] - foundStr = found.toString(): null

25-01-2025T14:45:13 - [TEST_STEP][PASSED] - matchP = foundStr.indexOf("%"): null

25-01-2025T14:45:13 - [TEST_STEP][PASSED] - println(matchP): null

25-01-2025T14:45:13 - [TEST_STEP][PASSED] - pct = foundStr.substring(matchP + 1, matchP + 6): null

25-01-2025T14:45:13 - [TEST_STEP][PASSED] - outText = "+++ Tooltip match value for " + myKey + " is " + pct + "%": null

25-01-2025T14:45:13 - [TEST_STEP][PASSED] - pctF = pct.toFloat(): null

25-01-2025T14:45:13 - [TEST_STEP][PASSED] - min = 80: null

25-01-2025T14:45:13 - [TEST_STEP][PASSED] - if (pct.toFloat() < min.toFloat()): null

25-01-2025T14:45:13 - [TEST_STEP][PASSED] - outText = outText + " <<<<": null

25-01-2025T14:45:13 - [TEST_STEP][PASSED] - if (myKey != "dummy"): null

25-01-2025T14:45:13 - [TEST_STEP][PASSED] - println(outText): null

25-01-2025T14:45:13 - [TEST_STEP][PASSED] - outFile.append(outText + "
"): null

25-01-2025T14:45:13 - [TEST_STEP][PASSED] - myKey = key: null

25-01-2025T14:45:13 - [TEST_STEP][PASSED] - myValue = value: null

25-01-2025T14:45:13 - [TEST_STEP][PASSED] - println("myKey is " + myKey): null

25-01-2025T14:45:13 - [TEST_STEP][PASSED] - println("myValue is " + myValue): null

25-01-2025T14:45:13 - [TEST_STEP][PASSED] - if (myKey != "dummy"): null

25-01-2025T14:45:13 - [TEST_STEP][PASSED] - tObj = testObjectFolder + myValue: null

25-01-2025T14:45:13 - [TEST_STEP][PASSED] - click(tObj): null

25-01-2025T14:45:13 - [TEST_STEP][PASSED] - scrollToObject(object): null

25-01-2025T14:45:13 - [TEST_STEP][PASSED] - println("Converting " + object + " to web element"): null

25-01-2025T14:45:13 - [TEST_STEP][PASSED] - element = findWebElement(findTestObject(object), 1): null

25-01-2025T14:45:13 - [TEST_STEP][PASSED] - loc = element.getLocation(): null

25-01-2025T14:45:13 - [TEST_STEP][PASSED] - y = loc.getY(): null

25-01-2025T14:45:13 - [TEST_STEP][PASSED] - println("Y location is " + y): null

25-01-2025T14:45:13 - [TEST_STEP][PASSED] - top = getViewportTopPosition(): Current viewport's top (y) position is 202

25-01-2025T14:45:13 - [MESSAGE][PASSED] - Current viewport's top (y) position is 202

25-01-2025T14:45:13 - [TEST_STEP][PASSED] - println("Viewport top is " + top): null

25-01-2025T14:45:13 - [TEST_STEP][PASSED] - bottom = top + 600: null

25-01-2025T14:45:13 - [TEST_STEP][PASSED] - if (y - top < 150 || bottom - y < 10): Delayed 1 second(s)

25-01-2025T14:45:13 - [TEST_STEP][PASSED] - scrollToPosition(0, y - 170): Browser is scrolled to position x = 0, y = 707

25-01-2025T14:45:13 - [MESSAGE][PASSED] - Browser is scrolled to position x = 0, y = 707

25-01-2025T14:45:13 - [TEST_STEP][PASSED] - delay(1): Delayed 1 second(s)

25-01-2025T14:45:14 - [MESSAGE][PASSED] - Delayed 1 second(s)

25-01-2025T14:45:14 - [TEST_STEP][PASSED] - click(findTestObject(object)): null

25-01-2025T14:45:14 - [MESSAGE][PASSED] - Object: 'Object Repository/Education Partner Profile/Register/img_Description_field-tooltip' is clicked on

25-01-2025T14:45:14 - [TEST_STEP][PASSED] - delay(1): Delayed 1 second(s)

25-01-2025T14:45:15 - [MESSAGE][PASSED] - Delayed 1 second(s)

25-01-2025T14:45:15 - [TEST_STEP][PASSED] - myImage = tooltipImagePath + myKey + ".png": null

25-01-2025T14:45:15 - [TEST_STEP][PASSED] - f = new java.io.File(myImage): null

25-01-2025T14:45:15 - [TEST_STEP][PASSED] - if (f.exists()): null

25-01-2025T14:45:15 - [TEST_STEP][PASSED] - println("Looking for " + myImage): null

25-01-2025T14:45:15 - [TEST_STEP][PASSED] - icn = Pattern(myImage).similar(0.10): null

25-01-2025T14:45:15 - [TEST_STEP][PASSED] - found = s.exists(icn): null

25-01-2025T14:45:15 - [TEST_STEP][PASSED] - println(found): null

25-01-2025T14:45:15 - [TEST_STEP][PASSED] - if (found != null): null

25-01-2025T14:45:15 - [TEST_STEP][PASSED] - foundStr = found.toString(): null

25-01-2025T14:45:15 - [TEST_STEP][PASSED] - matchP = foundStr.indexOf("%"): null

25-01-2025T14:45:15 - [TEST_STEP][PASSED] - println(matchP): null

25-01-2025T14:45:15 - [TEST_STEP][PASSED] - pct = foundStr.substring(matchP + 1, matchP + 6): null

25-01-2025T14:45:15 - [TEST_STEP][PASSED] - outText = "+++ Tooltip match value for " + myKey + " is " + pct + "%": null

25-01-2025T14:45:15 - [TEST_STEP][PASSED] - pctF = pct.toFloat(): null

25-01-2025T14:45:15 - [TEST_STEP][PASSED] - min = 80: null

25-01-2025T14:45:15 - [TEST_STEP][PASSED] - if (pct.toFloat() < min.toFloat()): null

25-01-2025T14:45:15 - [TEST_STEP][PASSED] - outText = outText + " <<<<": null

25-01-2025T14:45:15 - [TEST_STEP][PASSED] - if (myKey != "dummy"): null

25-01-2025T14:45:15 - [TEST_STEP][PASSED] - println(outText): null

25-01-2025T14:45:15 - [TEST_STEP][PASSED] - outFile.append(outText + "
"): null

25-01-2025T14:45:15 - [TEST_STEP][PASSED] - myKey = key: null

25-01-2025T14:45:15 - [TEST_STEP][PASSED] - myValue = value: null

25-01-2025T14:45:15 - [TEST_STEP][PASSED] - println("myKey is " + myKey): null

25-01-2025T14:45:15 - [TEST_STEP][PASSED] - println("myValue is " + myValue): null

25-01-2025T14:45:15 - [TEST_STEP][PASSED] - if (myKey != "dummy"): null

25-01-2025T14:45:15 - [TEST_STEP][PASSED] - tObj = testObjectFolder + myValue: null

25-01-2025T14:45:15 - [TEST_STEP][PASSED] - click(tObj): null

25-01-2025T14:45:15 - [TEST_STEP][PASSED] - scrollToObject(object): null

25-01-2025T14:45:15 - [TEST_STEP][PASSED] - println("Converting " + object + " to web element"): null

25-01-2025T14:45:15 - [TEST_STEP][PASSED] - element = findWebElement(findTestObject(object), 1): null

25-01-2025T14:45:15 - [TEST_STEP][PASSED] - loc = element.getLocation(): null

25-01-2025T14:45:15 - [TEST_STEP][PASSED] - y = loc.getY(): null

25-01-2025T14:45:15 - [TEST_STEP][PASSED] - println("Y location is " + y): null

25-01-2025T14:45:15 - [TEST_STEP][PASSED] - top = getViewportTopPosition(): Current viewport's top (y) position is 707

25-01-2025T14:45:15 - [MESSAGE][PASSED] - Current viewport's top (y) position is 707

25-01-2025T14:45:15 - [TEST_STEP][PASSED] - println("Viewport top is " + top): null

25-01-2025T14:45:15 - [TEST_STEP][PASSED] - bottom = top + 600: null

25-01-2025T14:45:15 - [TEST_STEP][PASSED] - if (y - top < 150 || bottom - y < 10): null

25-01-2025T14:45:15 - [TEST_STEP][PASSED] - click(findTestObject(object)): null

25-01-2025T14:45:15 - [MESSAGE][PASSED] - Object: 'Object Repository/Education Partner Profile/Register/img_Website Address_field-tooltip' is clicked on

25-01-2025T14:45:15 - [TEST_STEP][PASSED] - delay(1): Delayed 1 second(s)

25-01-2025T14:45:16 - [MESSAGE][PASSED] - Delayed 1 second(s)

25-01-2025T14:45:16 - [TEST_STEP][PASSED] - myImage = tooltipImagePath + myKey + ".png": null

25-01-2025T14:45:16 - [TEST_STEP][PASSED] - f = new java.io.File(myImage): null

25-01-2025T14:45:16 - [TEST_STEP][PASSED] - if (f.exists()): null

25-01-2025T14:45:16 - [TEST_STEP][PASSED] - println("Looking for " + myImage): null

25-01-2025T14:45:16 - [TEST_STEP][PASSED] - icn = Pattern(myImage).similar(0.10): null

25-01-2025T14:45:16 - [TEST_STEP][PASSED] - found = s.exists(icn): null

25-01-2025T14:45:16 - [TEST_STEP][PASSED] - println(found): null

25-01-2025T14:45:16 - [TEST_STEP][PASSED] - if (found != null): null

25-01-2025T14:45:16 - [TEST_STEP][PASSED] - foundStr = found.toString(): null

25-01-2025T14:45:16 - [TEST_STEP][PASSED] - matchP = foundStr.indexOf("%"): null

25-01-2025T14:45:16 - [TEST_STEP][PASSED] - println(matchP): null

25-01-2025T14:45:16 - [TEST_STEP][PASSED] - pct = foundStr.substring(matchP + 1, matchP + 6): null

25-01-2025T14:45:16 - [TEST_STEP][PASSED] - outText = "+++ Tooltip match value for " + myKey + " is " + pct + "%": null

25-01-2025T14:45:16 - [TEST_STEP][PASSED] - pctF = pct.toFloat(): null

25-01-2025T14:45:16 - [TEST_STEP][PASSED] - min = 80: null

25-01-2025T14:45:16 - [TEST_STEP][PASSED] - if (pct.toFloat() < min.toFloat()): null

25-01-2025T14:45:16 - [TEST_STEP][PASSED] - outText = outText + " <<<<": null

25-01-2025T14:45:16 - [TEST_STEP][PASSED] - if (myKey != "dummy"): null

25-01-2025T14:45:16 - [TEST_STEP][PASSED] - println(outText): null

25-01-2025T14:45:16 - [TEST_STEP][PASSED] - outFile.append(outText + "
"): null

25-01-2025T14:45:16 - [TEST_STEP][PASSED] - myKey = key: null

25-01-2025T14:45:16 - [TEST_STEP][PASSED] - myValue = value: null

25-01-2025T14:45:16 - [TEST_STEP][PASSED] - println("myKey is " + myKey): null

25-01-2025T14:45:16 - [TEST_STEP][PASSED] - println("myValue is " + myValue): null

25-01-2025T14:45:16 - [TEST_STEP][PASSED] - if (myKey != "dummy"): null

25-01-2025T14:45:16 - [TEST_STEP][PASSED] - tObj = testObjectFolder + myValue: null

25-01-2025T14:45:16 - [TEST_STEP][PASSED] - click(tObj): null

25-01-2025T14:45:16 - [TEST_STEP][PASSED] - scrollToObject(object): null

25-01-2025T14:45:16 - [TEST_STEP][PASSED] - println("Converting " + object + " to web element"): null

25-01-2025T14:45:16 - [TEST_STEP][PASSED] - element = findWebElement(findTestObject(object), 1): null

25-01-2025T14:45:16 - [TEST_STEP][PASSED] - loc = element.getLocation(): null

25-01-2025T14:45:16 - [TEST_STEP][PASSED] - y = loc.getY(): null

25-01-2025T14:45:16 - [TEST_STEP][PASSED] - println("Y location is " + y): null

25-01-2025T14:45:16 - [TEST_STEP][PASSED] - top = getViewportTopPosition(): Current viewport's top (y) position is 707

25-01-2025T14:45:16 - [MESSAGE][PASSED] - Current viewport's top (y) position is 707

25-01-2025T14:45:16 - [TEST_STEP][PASSED] - println("Viewport top is " + top): null

25-01-2025T14:45:16 - [TEST_STEP][PASSED] - bottom = top + 600: null

25-01-2025T14:45:16 - [TEST_STEP][PASSED] - if (y - top < 150 || bottom - y < 10): null

25-01-2025T14:45:16 - [TEST_STEP][PASSED] - click(findTestObject(object)): null

25-01-2025T14:45:16 - [MESSAGE][PASSED] - Object: 'Object Repository/Education Partner Profile/Register/img_How did you hear about MissionNext_field-tooltip' is clicked on

25-01-2025T14:45:16 - [TEST_STEP][PASSED] - delay(1): Delayed 1 second(s)

25-01-2025T14:45:17 - [MESSAGE][PASSED] - Delayed 1 second(s)

25-01-2025T14:45:17 - [TEST_STEP][PASSED] - myImage = tooltipImagePath + myKey + ".png": null

25-01-2025T14:45:17 - [TEST_STEP][PASSED] - f = new java.io.File(myImage): null

25-01-2025T14:45:17 - [TEST_STEP][PASSED] - if (f.exists()): null

25-01-2025T14:45:17 - [TEST_STEP][PASSED] - println("Looking for " + myImage): null

25-01-2025T14:45:17 - [TEST_STEP][PASSED] - icn = Pattern(myImage).similar(0.10): null

25-01-2025T14:45:17 - [TEST_STEP][PASSED] - found = s.exists(icn): null

25-01-2025T14:45:17 - [TEST_STEP][PASSED] - println(found): null

25-01-2025T14:45:17 - [TEST_STEP][PASSED] - if (found != null): null

25-01-2025T14:45:17 - [TEST_STEP][PASSED] - foundStr = found.toString(): null

25-01-2025T14:45:17 - [TEST_STEP][PASSED] - matchP = foundStr.indexOf("%"): null

25-01-2025T14:45:17 - [TEST_STEP][PASSED] - println(matchP): null

25-01-2025T14:45:17 - [TEST_STEP][PASSED] - pct = foundStr.substring(matchP + 1, matchP + 6): null

25-01-2025T14:45:17 - [TEST_STEP][PASSED] - outText = "+++ Tooltip match value for " + myKey + " is " + pct + "%": null

25-01-2025T14:45:17 - [TEST_STEP][PASSED] - pctF = pct.toFloat(): null

25-01-2025T14:45:17 - [TEST_STEP][PASSED] - min = 80: null

25-01-2025T14:45:17 - [TEST_STEP][PASSED] - if (pct.toFloat() < min.toFloat()): null

25-01-2025T14:45:17 - [TEST_STEP][PASSED] - outText = outText + " <<<<": null

25-01-2025T14:45:17 - [TEST_STEP][PASSED] - if (myKey != "dummy"): null

25-01-2025T14:45:17 - [TEST_STEP][PASSED] - println(outText): null

25-01-2025T14:45:17 - [TEST_STEP][PASSED] - outFile.append(outText + "
"): null

25-01-2025T14:45:17 - [TEST_STEP][PASSED] - outText = "Verifying the tooltip text on the page is what was expected.
": null

25-01-2025T14:45:17 - [TEST_STEP][PASSED] - outFile.append(outText): null

25-01-2025T14:45:17 - [TEST_STEP][PASSED] - for (def it : tooltipText): null

25-01-2025T14:45:17 - [TEST_STEP][PASSED] - println(it): null

25-01-2025T14:45:17 - [TEST_STEP][PASSED] - myKey = key: null

25-01-2025T14:45:17 - [TEST_STEP][PASSED] - myText = value.replace(""", ""): null

25-01-2025T14:45:17 - [TEST_STEP][PASSED] - myText = myText.trim(): null

25-01-2025T14:45:17 - [TEST_STEP][PASSED] - actualText = get(myKey).replace(""", ""): null

25-01-2025T14:45:17 - [TEST_STEP][PASSED] - actualText = actualText.trim(): null

25-01-2025T14:45:17 - [TEST_STEP][PASSED] - println(myKey + ":" + actualText): null

25-01-2025T14:45:17 - [TEST_STEP][PASSED] - if (actualText != myText): null

25-01-2025T14:45:17 - [TEST_STEP][PASSED] - println(it): null

25-01-2025T14:45:17 - [TEST_STEP][PASSED] - myKey = key: null

25-01-2025T14:45:17 - [TEST_STEP][PASSED] - myText = value.replace(""", ""): null

25-01-2025T14:45:17 - [TEST_STEP][PASSED] - myText = myText.trim(): null

25-01-2025T14:45:17 - [TEST_STEP][PASSED] - actualText = get(myKey).replace(""", ""): null

25-01-2025T14:45:17 - [TEST_STEP][PASSED] - actualText = actualText.trim(): null

25-01-2025T14:45:17 - [TEST_STEP][PASSED] - println(myKey + ":" + actualText): null

25-01-2025T14:45:17 - [TEST_STEP][PASSED] - if (actualText != myText): null

25-01-2025T14:45:17 - [TEST_STEP][PASSED] - println(it): null

25-01-2025T14:45:17 - [TEST_STEP][PASSED] - myKey = key: null

25-01-2025T14:45:17 - [TEST_STEP][PASSED] - myText = value.replace(""", ""): null

25-01-2025T14:45:17 - [TEST_STEP][PASSED] - myText = myText.trim(): null

25-01-2025T14:45:17 - [TEST_STEP][PASSED] - actualText = get(myKey).replace(""", ""): null

25-01-2025T14:45:17 - [TEST_STEP][PASSED] - actualText = actualText.trim(): null

25-01-2025T14:45:17 - [TEST_STEP][PASSED] - println(myKey + ":" + actualText): null

25-01-2025T14:45:17 - [TEST_STEP][PASSED] - if (actualText != myText): null

25-01-2025T14:45:17 - [TEST_STEP][PASSED] - println(it): null

25-01-2025T14:45:17 - [TEST_STEP][PASSED] - myKey = key: null

25-01-2025T14:45:17 - [TEST_STEP][PASSED] - myText = value.replace(""", ""): null

25-01-2025T14:45:17 - [TEST_STEP][PASSED] - myText = myText.trim(): null

25-01-2025T14:45:17 - [TEST_STEP][PASSED] - actualText = get(myKey).replace(""", ""): null

25-01-2025T14:45:17 - [TEST_STEP][PASSED] - actualText = actualText.trim(): null

25-01-2025T14:45:17 - [TEST_STEP][PASSED] - println(myKey + ":" + actualText): null

25-01-2025T14:45:17 - [TEST_STEP][PASSED] - if (actualText != myText): null

25-01-2025T14:45:17 - [TEST_STEP][PASSED] - println(it): null

25-01-2025T14:45:17 - [TEST_STEP][PASSED] - myKey = key: null

25-01-2025T14:45:17 - [TEST_STEP][PASSED] - myText = value.replace(""", ""): null

25-01-2025T14:45:17 - [TEST_STEP][PASSED] - myText = myText.trim(): null

25-01-2025T14:45:17 - [TEST_STEP][PASSED] - actualText = get(myKey).replace(""", ""): null

25-01-2025T14:45:17 - [TEST_STEP][PASSED] - actualText = actualText.trim(): null

25-01-2025T14:45:17 - [TEST_STEP][PASSED] - println(myKey + ":" + actualText): null

25-01-2025T14:45:17 - [TEST_STEP][PASSED] - if (actualText != myText): null

25-01-2025T14:45:17 - [TEST_STEP][PASSED] - println(it): null

25-01-2025T14:45:17 - [TEST_STEP][PASSED] - myKey = key: null

25-01-2025T14:45:17 - [TEST_STEP][PASSED] - myText = value.replace(""", ""): null

25-01-2025T14:45:17 - [TEST_STEP][PASSED] - myText = myText.trim(): null

25-01-2025T14:45:17 - [TEST_STEP][PASSED] - actualText = get(myKey).replace(""", ""): null

25-01-2025T14:45:17 - [TEST_STEP][PASSED] - actualText = actualText.trim(): null

25-01-2025T14:45:17 - [TEST_STEP][PASSED] - println(myKey + ":" + actualText): null

25-01-2025T14:45:17 - [TEST_STEP][PASSED] - if (actualText != myText): null

25-01-2025T14:45:17 - [TEST_STEP][PASSED] - println(it): null

25-01-2025T14:45:17 - [TEST_STEP][PASSED] - myKey = key: null

25-01-2025T14:45:17 - [TEST_STEP][PASSED] - myText = value.replace(""", ""): null

25-01-2025T14:45:17 - [TEST_STEP][PASSED] - myText = myText.trim(): null

25-01-2025T14:45:17 - [TEST_STEP][PASSED] - actualText = get(myKey).replace(""", ""): null

25-01-2025T14:45:17 - [TEST_STEP][PASSED] - actualText = actualText.trim(): null

25-01-2025T14:45:17 - [TEST_STEP][PASSED] - println(myKey + ":" + actualText): null

25-01-2025T14:45:17 - [TEST_STEP][PASSED] - if (actualText != myText): null

25-01-2025T14:45:17 - [TEST_STEP][PASSED] - println(it): null

25-01-2025T14:45:17 - [TEST_STEP][PASSED] - myKey = key: null

25-01-2025T14:45:17 - [TEST_STEP][PASSED] - myText = value.replace(""", ""): null

25-01-2025T14:45:17 - [TEST_STEP][PASSED] - myText = myText.trim(): null

25-01-2025T14:45:17 - [TEST_STEP][PASSED] - actualText = get(myKey).replace(""", ""): null

25-01-2025T14:45:17 - [TEST_STEP][PASSED] - actualText = actualText.trim(): null

25-01-2025T14:45:17 - [TEST_STEP][PASSED] - println(myKey + ":" + actualText): null

25-01-2025T14:45:17 - [TEST_STEP][PASSED] - if (actualText != myText): null

25-01-2025T14:45:17 - [MESSAGE][PASSED] - Call Test Case 'Test Cases/_Functions/Test Tooltips' successfully

25-01-2025T14:45:17 - [TEST_STEP][PASSED] - s = new org.sikuli.script.Screen(): null

25-01-2025T14:45:17 - [TEST_STEP][PASSED] - object = "Object Repository/Education Partner Profile/Register/a_Customer Support": null

25-01-2025T14:45:17 - [TEST_STEP][PASSED] - callTestCase(findTestCase("_Functions/Perform Action"), ["varAction":"click", "varObject":object], STOP_ON_FAILURE): Call Test Case 'Test Cases/_Functions/Perform Action' successfully

25-01-2025T14:45:17 - [TEST_CASE][PASSED] - Test Cases/_Functions/Perform Action: Test Cases/_Functions/Perform Action

25-01-2025T14:45:17 - [TEST_STEP][PASSED] - action = varAction: null

25-01-2025T14:45:17 - [TEST_STEP][PASSED] - println(action): null

25-01-2025T14:45:17 - [TEST_STEP][PASSED] - testObject = varObject: null

25-01-2025T14:45:17 - [TEST_STEP][PASSED] - println(testObject): null

25-01-2025T14:45:17 - [TEST_STEP][PASSED] - parm1 = varParm1: null

25-01-2025T14:45:17 - [TEST_STEP][PASSED] - println(parm1): null

25-01-2025T14:45:17 - [TEST_STEP][PASSED] - println("Converting " + testObject + " to web element"): null

25-01-2025T14:45:17 - [TEST_STEP][PASSED] - element = findWebElement(findTestObject(testObject), 1): null

25-01-2025T14:45:17 - [TEST_STEP][PASSED] - loc = element.getLocation(): null

25-01-2025T14:45:17 - [TEST_STEP][PASSED] - y = loc.getY(): null

25-01-2025T14:45:17 - [TEST_STEP][PASSED] - println("Y location is " + y): null

25-01-2025T14:45:17 - [TEST_STEP][PASSED] - top = getViewportTopPosition(): Current viewport's top (y) position is 707

25-01-2025T14:45:17 - [MESSAGE][PASSED] - Current viewport's top (y) position is 707

25-01-2025T14:45:17 - [TEST_STEP][PASSED] - println("Viewport top is " + top): null

25-01-2025T14:45:17 - [TEST_STEP][PASSED] - bottom = top + 600: null

25-01-2025T14:45:17 - [TEST_STEP][PASSED] - if (y - top < 150 || bottom - y < 10): null

25-01-2025T14:45:17 - [TEST_STEP][PASSED] - if (action == "click"): Object: 'Object Repository/Education Partner Profile/Register/a_Customer Support' is clicked on

25-01-2025T14:45:17 - [TEST_STEP][PASSED] - println("clicking"): null

25-01-2025T14:45:17 - [TEST_STEP][PASSED] - click(findTestObject(testObject)): Object: 'Object Repository/Education Partner Profile/Register/a_Customer Support' is clicked on

25-01-2025T14:45:17 - [MESSAGE][PASSED] - Object: 'Object Repository/Education Partner Profile/Register/a_Customer Support' is clicked on

25-01-2025T14:45:17 - [MESSAGE][PASSED] - Call Test Case 'Test Cases/_Functions/Perform Action' successfully

25-01-2025T14:45:17 - [TEST_STEP][PASSED] - delay(1): Delayed 1 second(s)

25-01-2025T14:45:18 - [MESSAGE][PASSED] - Delayed 1 second(s)

25-01-2025T14:45:18 - [TEST_STEP][PASSED] - robot = new java.awt.Robot(): null

25-01-2025T14:45:18 - [TEST_STEP][PASSED] - myImage = "/Users/cckozie/git/MissionNext-Katalon-Koz/images/education partner/Email Customer Support.png": null

25-01-2025T14:45:18 - [TEST_STEP][PASSED] - f = new java.io.File(myImage): null

25-01-2025T14:45:18 - [TEST_STEP][PASSED] - println(f): null

25-01-2025T14:45:18 - [TEST_STEP][PASSED] - if (f.exists()): null

25-01-2025T14:45:18 - [TEST_STEP][PASSED] - println("Looking for " + myImage): null

25-01-2025T14:45:18 - [TEST_STEP][PASSED] - icn = Pattern(myImage).similar(0.10): null

25-01-2025T14:45:18 - [TEST_STEP][PASSED] - found = s.exists(icn): null

25-01-2025T14:45:19 - [TEST_STEP][PASSED] - println(found): null

25-01-2025T14:45:19 - [TEST_STEP][PASSED] - if (found != null): null

25-01-2025T14:45:19 - [TEST_STEP][PASSED] - foundStr = found.toString(): null

25-01-2025T14:45:19 - [TEST_STEP][PASSED] - matchP = foundStr.indexOf("%"): null

25-01-2025T14:45:19 - [TEST_STEP][PASSED] - println(matchP): null

25-01-2025T14:45:19 - [TEST_STEP][PASSED] - pct = foundStr.substring(matchP + 1, matchP + 6): null

25-01-2025T14:45:19 - [TEST_STEP][PASSED] - outText = "+++ Image match for email to customer support is " + pct + "%": null

25-01-2025T14:45:19 - [TEST_STEP][PASSED] - pctF = pct.toFloat(): null

25-01-2025T14:45:19 - [TEST_STEP][PASSED] - min = 80: null

25-01-2025T14:45:19 - [TEST_STEP][PASSED] - if (pct.toFloat() < min.toFloat()): null

25-01-2025T14:45:19 - [TEST_STEP][PASSED] - println(outText): null

25-01-2025T14:45:19 - [TEST_STEP][PASSED] - outFile.append(outText + "
"): null

25-01-2025T14:45:19 - [TEST_STEP][PASSED] - delay(1): Delayed 1 second(s)

25-01-2025T14:45:20 - [MESSAGE][PASSED] - Delayed 1 second(s)

25-01-2025T14:45:20 - [TEST_STEP][PASSED] - robot.keyPress(VK_META): null

25-01-2025T14:45:20 - [TEST_STEP][PASSED] - robot.keyPress(VK_ESCAPE): null

25-01-2025T14:45:20 - [TEST_STEP][PASSED] - robot.keyRelease(VK_ESCAPE): null

25-01-2025T14:45:20 - [TEST_STEP][PASSED] - robot.keyRelease(VK_META): null

25-01-2025T14:45:20 - [TEST_STEP][PASSED] - delay(1): Delayed 1 second(s)

25-01-2025T14:45:21 - [MESSAGE][PASSED] - Delayed 1 second(s)

25-01-2025T14:45:21 - [TEST_STEP][PASSED] - robot.keyPress(VK_META): null

25-01-2025T14:45:21 - [TEST_STEP][PASSED] - robot.keyPress(VK_Q): null

25-01-2025T14:45:21 - [TEST_STEP][PASSED] - robot.keyRelease(VK_Q): null

25-01-2025T14:45:21 - [TEST_STEP][PASSED] - robot.keyRelease(VK_META): null

25-01-2025T14:45:21 - [TEST_STEP][PASSED] - callTestCase(findTestCase("_Functions/Test External Links"), ["varPageLinks":pageLinks, "varObjectPath":"Object Repository/Education Partner Profile/Register/"], STOP_ON_FAILURE): Call Test Case 'Test Cases/_Functions/Test External Links' successfully

25-01-2025T14:45:21 - [TEST_CASE][PASSED] - Test Cases/_Functions/Test External Links: Test Cases/_Functions/Test External Links

25-01-2025T14:45:21 - [TEST_STEP][PASSED] - outFile = outFile: null

25-01-2025T14:45:21 - [TEST_STEP][PASSED] - pageLinks = varPageLinks: null

25-01-2025T14:45:21 - [TEST_STEP][PASSED] - println(pageLinks): null

25-01-2025T14:45:21 - [TEST_STEP][PASSED] - objectPath = varObjectPath: null

25-01-2025T14:45:21 - [TEST_STEP][PASSED] - println(objectPath): null

25-01-2025T14:45:21 - [TEST_STEP][PASSED] - callingTab = varCallingTab: null

25-01-2025T14:45:21 - [TEST_STEP][PASSED] - println(callingTab): null

25-01-2025T14:45:21 - [TEST_STEP][PASSED] - driver = getWebDriver(): null

25-01-2025T14:45:21 - [TEST_STEP][PASSED] - for (def it : pageLinks): Delayed 1 second(s)

25-01-2025T14:45:21 - [TEST_STEP][PASSED] - myElement = "a_" + key: null

25-01-2025T14:45:21 - [TEST_STEP][PASSED] - myText = value: null

25-01-2025T14:45:21 - [TEST_STEP][PASSED] - object = objectPath + myElement: null

25-01-2025T14:45:21 - [TEST_STEP][PASSED] - println(object): null

25-01-2025T14:45:21 - [TEST_STEP][PASSED] - callTestCase(findTestCase("_Functions/Perform Action"), ["varAction":"click", "varObject":object], STOP_ON_FAILURE): Call Test Case 'Test Cases/_Functions/Perform Action' successfully

25-01-2025T14:45:21 - [TEST_CASE][PASSED] - Test Cases/_Functions/Perform Action: Test Cases/_Functions/Perform Action

25-01-2025T14:45:21 - [TEST_STEP][PASSED] - action = varAction: null

25-01-2025T14:45:21 - [TEST_STEP][PASSED] - println(action): null

25-01-2025T14:45:21 - [TEST_STEP][PASSED] - testObject = varObject: null

25-01-2025T14:45:21 - [TEST_STEP][PASSED] - println(testObject): null

25-01-2025T14:45:21 - [TEST_STEP][PASSED] - parm1 = varParm1: null

25-01-2025T14:45:21 - [TEST_STEP][PASSED] - println(parm1): null

25-01-2025T14:45:21 - [TEST_STEP][PASSED] - println("Converting " + testObject + " to web element"): null

25-01-2025T14:45:21 - [TEST_STEP][PASSED] - element = findWebElement(findTestObject(testObject), 1): null

25-01-2025T14:45:21 - [TEST_STEP][PASSED] - loc = element.getLocation(): null

25-01-2025T14:45:21 - [TEST_STEP][PASSED] - y = loc.getY(): null

25-01-2025T14:45:21 - [TEST_STEP][PASSED] - println("Y location is " + y): null

25-01-2025T14:45:21 - [TEST_STEP][PASSED] - top = getViewportTopPosition(): Current viewport's top (y) position is 707

25-01-2025T14:45:21 - [MESSAGE][PASSED] - Current viewport's top (y) position is 707

25-01-2025T14:45:21 - [TEST_STEP][PASSED] - println("Viewport top is " + top): null

25-01-2025T14:45:21 - [TEST_STEP][PASSED] - bottom = top + 600: null

25-01-2025T14:45:21 - [TEST_STEP][PASSED] - if (y - top < 150 || bottom - y < 10): null

25-01-2025T14:45:21 - [TEST_STEP][PASSED] - if (action == "click"): Object: 'Object Repository/Education Partner Profile/Register/a_Affiliated Organizations' is clicked on

25-01-2025T14:45:21 - [TEST_STEP][PASSED] - println("clicking"): null

25-01-2025T14:45:21 - [TEST_STEP][PASSED] - click(findTestObject(testObject)): Object: 'Object Repository/Education Partner Profile/Register/a_Affiliated Organizations' is clicked on

25-01-2025T14:45:21 - [MESSAGE][PASSED] - Object: 'Object Repository/Education Partner Profile/Register/a_Affiliated Organizations' is clicked on

25-01-2025T14:45:21 - [MESSAGE][PASSED] - Call Test Case 'Test Cases/_Functions/Perform Action' successfully

25-01-2025T14:45:21 - [TEST_STEP][PASSED] - windowHandles = getWindowHandles().toArray(): null

25-01-2025T14:45:21 - [TEST_STEP][PASSED] - windowCount = windowHandles.size(): null

25-01-2025T14:45:21 - [TEST_STEP][PASSED] - if (windowCount == 2): Switched to window with index: '1'

25-01-2025T14:45:21 - [TEST_STEP][PASSED] - switchToWindowIndex(1): Switched to window with index: '1'

25-01-2025T14:45:21 - [MESSAGE][PASSED] - Switched to window with index: '1'

25-01-2025T14:45:21 - [TEST_STEP][PASSED] - waitForPageLoad(10): Wait for page load successfully

25-01-2025T14:45:24 - [MESSAGE][PASSED] - Wait for page load successfully

25-01-2025T14:45:24 - [TEST_STEP][PASSED] - delay(2): Delayed 2 second(s)

25-01-2025T14:45:26 - [MESSAGE][PASSED] - Delayed 2 second(s)

25-01-2025T14:45:26 - [TEST_STEP][PASSED] - textFound = verifyTextPresent(myText, false, OPTIONAL): Text 'Affiliated Organizations' is present on page 

25-01-2025T14:45:26 - [MESSAGE][PASSED] - Text 'Affiliated Organizations' is present on page 

25-01-2025T14:45:26 - [TEST_STEP][PASSED] - if (textFound): null

25-01-2025T14:45:26 - [TEST_STEP][PASSED] - outText = "+++++ The text "" + myText + "" was found after clicking on the " + key + " link": null

25-01-2025T14:45:26 - [TEST_STEP][PASSED] - println(outText): null

25-01-2025T14:45:26 - [TEST_STEP][PASSED] - outFile.append(outText + "
"): null

25-01-2025T14:45:26 - [TEST_STEP][PASSED] - if (windowCount == 2): Delayed 1 second(s)

25-01-2025T14:45:26 - [TEST_STEP][PASSED] - closeWindowIndex(1): Window with index 1 is closed

25-01-2025T14:45:26 - [MESSAGE][PASSED] - Window with index 1 is closed

25-01-2025T14:45:26 - [TEST_STEP][PASSED] - delay(1): Delayed 1 second(s)

25-01-2025T14:45:27 - [MESSAGE][PASSED] - Delayed 1 second(s)

25-01-2025T14:45:27 - [TEST_STEP][PASSED] - switchToWindowIndex(0): Switched to window with index: '0'

25-01-2025T14:45:27 - [MESSAGE][PASSED] - Switched to window with index: '0'

25-01-2025T14:45:27 - [TEST_STEP][PASSED] - delay(1): Delayed 1 second(s)

25-01-2025T14:45:28 - [MESSAGE][PASSED] - Delayed 1 second(s)

25-01-2025T14:45:28 - [TEST_STEP][PASSED] - myElement = "a_" + key: null

25-01-2025T14:45:28 - [TEST_STEP][PASSED] - myText = value: null

25-01-2025T14:45:28 - [TEST_STEP][PASSED] - object = objectPath + myElement: null

25-01-2025T14:45:28 - [TEST_STEP][PASSED] - println(object): null

25-01-2025T14:45:28 - [TEST_STEP][PASSED] - callTestCase(findTestCase("_Functions/Perform Action"), ["varAction":"click", "varObject":object], STOP_ON_FAILURE): Call Test Case 'Test Cases/_Functions/Perform Action' successfully

25-01-2025T14:45:28 - [TEST_CASE][PASSED] - Test Cases/_Functions/Perform Action: Test Cases/_Functions/Perform Action

25-01-2025T14:45:28 - [TEST_STEP][PASSED] - action = varAction: null

25-01-2025T14:45:28 - [TEST_STEP][PASSED] - println(action): null

25-01-2025T14:45:28 - [TEST_STEP][PASSED] - testObject = varObject: null

25-01-2025T14:45:28 - [TEST_STEP][PASSED] - println(testObject): null

25-01-2025T14:45:28 - [TEST_STEP][PASSED] - parm1 = varParm1: null

25-01-2025T14:45:28 - [TEST_STEP][PASSED] - println(parm1): null

25-01-2025T14:45:28 - [TEST_STEP][PASSED] - println("Converting " + testObject + " to web element"): null

25-01-2025T14:45:28 - [TEST_STEP][PASSED] - element = findWebElement(findTestObject(testObject), 1): null

25-01-2025T14:45:28 - [TEST_STEP][PASSED] - loc = element.getLocation(): null

25-01-2025T14:45:28 - [TEST_STEP][PASSED] - y = loc.getY(): null

25-01-2025T14:45:28 - [TEST_STEP][PASSED] - println("Y location is " + y): null

25-01-2025T14:45:28 - [TEST_STEP][PASSED] - top = getViewportTopPosition(): Current viewport's top (y) position is 707

25-01-2025T14:45:28 - [MESSAGE][PASSED] - Current viewport's top (y) position is 707

25-01-2025T14:45:28 - [TEST_STEP][PASSED] - println("Viewport top is " + top): null

25-01-2025T14:45:28 - [TEST_STEP][PASSED] - bottom = top + 600: null

25-01-2025T14:45:28 - [TEST_STEP][PASSED] - if (y - top < 150 || bottom - y < 10): Delayed 1 second(s)

25-01-2025T14:45:28 - [TEST_STEP][PASSED] - scrollToPosition(0, y - 150): Browser is scrolled to position x = 0, y = 659

25-01-2025T14:45:28 - [MESSAGE][PASSED] - Browser is scrolled to position x = 0, y = 659

25-01-2025T14:45:28 - [TEST_STEP][PASSED] - delay(1): Delayed 1 second(s)

25-01-2025T14:45:29 - [MESSAGE][PASSED] - Delayed 1 second(s)

25-01-2025T14:45:29 - [TEST_STEP][PASSED] - if (action == "click"): Object: 'Object Repository/Education Partner Profile/Register/a_countries by region' is clicked on

25-01-2025T14:45:29 - [TEST_STEP][PASSED] - println("clicking"): null

25-01-2025T14:45:29 - [TEST_STEP][PASSED] - click(findTestObject(testObject)): Object: 'Object Repository/Education Partner Profile/Register/a_countries by region' is clicked on

25-01-2025T14:45:29 - [MESSAGE][PASSED] - Object: 'Object Repository/Education Partner Profile/Register/a_countries by region' is clicked on

25-01-2025T14:45:29 - [MESSAGE][PASSED] - Call Test Case 'Test Cases/_Functions/Perform Action' successfully

25-01-2025T14:45:29 - [TEST_STEP][PASSED] - windowHandles = getWindowHandles().toArray(): null

25-01-2025T14:45:29 - [TEST_STEP][PASSED] - windowCount = windowHandles.size(): null

25-01-2025T14:45:29 - [TEST_STEP][PASSED] - if (windowCount == 2): Switched to window with index: '1'

25-01-2025T14:45:29 - [TEST_STEP][PASSED] - switchToWindowIndex(1): Switched to window with index: '1'

25-01-2025T14:45:29 - [MESSAGE][PASSED] - Switched to window with index: '1'

25-01-2025T14:45:29 - [TEST_STEP][PASSED] - waitForPageLoad(10): Wait for page load successfully

25-01-2025T14:45:31 - [MESSAGE][PASSED] - Wait for page load successfully

25-01-2025T14:45:31 - [TEST_STEP][PASSED] - delay(2): Delayed 2 second(s)

25-01-2025T14:45:33 - [MESSAGE][PASSED] - Delayed 2 second(s)

25-01-2025T14:45:33 - [TEST_STEP][PASSED] - textFound = verifyTextPresent(myText, false, OPTIONAL): Text 'Countries by Region' is present on page 

25-01-2025T14:45:33 - [MESSAGE][PASSED] - Text 'Countries by Region' is present on page 

25-01-2025T14:45:33 - [TEST_STEP][PASSED] - if (textFound): null

25-01-2025T14:45:33 - [TEST_STEP][PASSED] - outText = "+++++ The text "" + myText + "" was found after clicking on the " + key + " link": null

25-01-2025T14:45:33 - [TEST_STEP][PASSED] - println(outText): null

25-01-2025T14:45:33 - [TEST_STEP][PASSED] - outFile.append(outText + "
"): null

25-01-2025T14:45:33 - [TEST_STEP][PASSED] - if (windowCount == 2): Delayed 1 second(s)

25-01-2025T14:45:33 - [TEST_STEP][PASSED] - closeWindowIndex(1): Window with index 1 is closed

25-01-2025T14:45:33 - [MESSAGE][PASSED] - Window with index 1 is closed

25-01-2025T14:45:33 - [TEST_STEP][PASSED] - delay(1): Delayed 1 second(s)

25-01-2025T14:45:34 - [MESSAGE][PASSED] - Delayed 1 second(s)

25-01-2025T14:45:34 - [TEST_STEP][PASSED] - switchToWindowIndex(0): Switched to window with index: '0'

25-01-2025T14:45:34 - [MESSAGE][PASSED] - Switched to window with index: '0'

25-01-2025T14:45:34 - [TEST_STEP][PASSED] - delay(1): Delayed 1 second(s)

25-01-2025T14:45:35 - [MESSAGE][PASSED] - Delayed 1 second(s)

25-01-2025T14:45:35 - [TEST_STEP][PASSED] - myElement = "a_" + key: null

25-01-2025T14:45:35 - [TEST_STEP][PASSED] - myText = value: null

25-01-2025T14:45:35 - [TEST_STEP][PASSED] - object = objectPath + myElement: null

25-01-2025T14:45:35 - [TEST_STEP][PASSED] - println(object): null

25-01-2025T14:45:35 - [TEST_STEP][PASSED] - callTestCase(findTestCase("_Functions/Perform Action"), ["varAction":"click", "varObject":object], STOP_ON_FAILURE): Call Test Case 'Test Cases/_Functions/Perform Action' successfully

25-01-2025T14:45:35 - [TEST_CASE][PASSED] - Test Cases/_Functions/Perform Action: Test Cases/_Functions/Perform Action

25-01-2025T14:45:35 - [TEST_STEP][PASSED] - action = varAction: null

25-01-2025T14:45:35 - [TEST_STEP][PASSED] - println(action): null

25-01-2025T14:45:35 - [TEST_STEP][PASSED] - testObject = varObject: null

25-01-2025T14:45:35 - [TEST_STEP][PASSED] - println(testObject): null

25-01-2025T14:45:35 - [TEST_STEP][PASSED] - parm1 = varParm1: null

25-01-2025T14:45:35 - [TEST_STEP][PASSED] - println(parm1): null

25-01-2025T14:45:35 - [TEST_STEP][PASSED] - println("Converting " + testObject + " to web element"): null

25-01-2025T14:45:35 - [TEST_STEP][PASSED] - element = findWebElement(findTestObject(testObject), 1): null

25-01-2025T14:45:35 - [TEST_STEP][PASSED] - loc = element.getLocation(): null

25-01-2025T14:45:35 - [TEST_STEP][PASSED] - y = loc.getY(): null

25-01-2025T14:45:35 - [TEST_STEP][PASSED] - println("Y location is " + y): null

25-01-2025T14:45:35 - [TEST_STEP][PASSED] - top = getViewportTopPosition(): Current viewport's top (y) position is 659

25-01-2025T14:45:35 - [MESSAGE][PASSED] - Current viewport's top (y) position is 659

25-01-2025T14:45:35 - [TEST_STEP][PASSED] - println("Viewport top is " + top): null

25-01-2025T14:45:35 - [TEST_STEP][PASSED] - bottom = top + 600: null

25-01-2025T14:45:35 - [TEST_STEP][PASSED] - if (y - top < 150 || bottom - y < 10): Delayed 1 second(s)

25-01-2025T14:45:35 - [TEST_STEP][PASSED] - scrollToPosition(0, y - 150): Browser is scrolled to position x = 0, y = 1244

25-01-2025T14:45:35 - [MESSAGE][PASSED] - Browser is scrolled to position x = 0, y = 1244

25-01-2025T14:45:35 - [TEST_STEP][PASSED] - delay(1): Delayed 1 second(s)

25-01-2025T14:45:36 - [MESSAGE][PASSED] - Delayed 1 second(s)

25-01-2025T14:45:36 - [TEST_STEP][PASSED] - if (action == "click"): Object: 'Object Repository/Education Partner Profile/Register/a_Partnership Agreement' is clicked on

25-01-2025T14:45:36 - [TEST_STEP][PASSED] - println("clicking"): null

25-01-2025T14:45:36 - [TEST_STEP][PASSED] - click(findTestObject(testObject)): Object: 'Object Repository/Education Partner Profile/Register/a_Partnership Agreement' is clicked on

25-01-2025T14:45:36 - [MESSAGE][PASSED] - Object: 'Object Repository/Education Partner Profile/Register/a_Partnership Agreement' is clicked on

25-01-2025T14:45:36 - [MESSAGE][PASSED] - Call Test Case 'Test Cases/_Functions/Perform Action' successfully

25-01-2025T14:45:36 - [TEST_STEP][PASSED] - windowHandles = getWindowHandles().toArray(): null

25-01-2025T14:45:36 - [TEST_STEP][PASSED] - windowCount = windowHandles.size(): null

25-01-2025T14:45:36 - [TEST_STEP][PASSED] - if (windowCount == 2): Switched to window with index: '1'

25-01-2025T14:45:36 - [TEST_STEP][PASSED] - switchToWindowIndex(1): Switched to window with index: '1'

25-01-2025T14:45:36 - [MESSAGE][PASSED] - Switched to window with index: '1'

25-01-2025T14:45:36 - [TEST_STEP][PASSED] - waitForPageLoad(10): Wait for page load successfully

25-01-2025T14:45:37 - [MESSAGE][PASSED] - Wait for page load successfully

25-01-2025T14:45:37 - [TEST_STEP][PASSED] - delay(2): Delayed 2 second(s)

25-01-2025T14:45:39 - [MESSAGE][PASSED] - Delayed 2 second(s)

25-01-2025T14:45:39 - [TEST_STEP][PASSED] - textFound = verifyTextPresent(myText, false, OPTIONAL): Text 'Partnership Agreement' is present on page 

25-01-2025T14:45:40 - [MESSAGE][PASSED] - Text 'Partnership Agreement' is present on page 

25-01-2025T14:45:40 - [TEST_STEP][PASSED] - if (textFound): null

25-01-2025T14:45:40 - [TEST_STEP][PASSED] - outText = "+++++ The text "" + myText + "" was found after clicking on the " + key + " link": null

25-01-2025T14:45:40 - [TEST_STEP][PASSED] - println(outText): null

25-01-2025T14:45:40 - [TEST_STEP][PASSED] - outFile.append(outText + "
"): null

25-01-2025T14:45:40 - [TEST_STEP][PASSED] - if (windowCount == 2): Delayed 1 second(s)

25-01-2025T14:45:40 - [TEST_STEP][PASSED] - closeWindowIndex(1): Window with index 1 is closed

25-01-2025T14:45:40 - [MESSAGE][PASSED] - Window with index 1 is closed

25-01-2025T14:45:40 - [TEST_STEP][PASSED] - delay(1): Delayed 1 second(s)

25-01-2025T14:45:41 - [MESSAGE][PASSED] - Delayed 1 second(s)

25-01-2025T14:45:41 - [TEST_STEP][PASSED] - switchToWindowIndex(0): Switched to window with index: '0'

25-01-2025T14:45:41 - [MESSAGE][PASSED] - Switched to window with index: '0'

25-01-2025T14:45:41 - [TEST_STEP][PASSED] - delay(1): Delayed 1 second(s)

25-01-2025T14:45:42 - [MESSAGE][PASSED] - Delayed 1 second(s)

25-01-2025T14:45:42 - [TEST_STEP][PASSED] - myElement = "a_" + key: null

25-01-2025T14:45:42 - [TEST_STEP][PASSED] - myText = value: null

25-01-2025T14:45:42 - [TEST_STEP][PASSED] - object = objectPath + myElement: null

25-01-2025T14:45:42 - [TEST_STEP][PASSED] - println(object): null

25-01-2025T14:45:42 - [TEST_STEP][PASSED] - callTestCase(findTestCase("_Functions/Perform Action"), ["varAction":"click", "varObject":object], STOP_ON_FAILURE): Call Test Case 'Test Cases/_Functions/Perform Action' successfully

25-01-2025T14:45:42 - [TEST_CASE][PASSED] - Test Cases/_Functions/Perform Action: Test Cases/_Functions/Perform Action

25-01-2025T14:45:42 - [TEST_STEP][PASSED] - action = varAction: null

25-01-2025T14:45:42 - [TEST_STEP][PASSED] - println(action): null

25-01-2025T14:45:42 - [TEST_STEP][PASSED] - testObject = varObject: null

25-01-2025T14:45:42 - [TEST_STEP][PASSED] - println(testObject): null

25-01-2025T14:45:42 - [TEST_STEP][PASSED] - parm1 = varParm1: null

25-01-2025T14:45:42 - [TEST_STEP][PASSED] - println(parm1): null

25-01-2025T14:45:42 - [TEST_STEP][PASSED] - println("Converting " + testObject + " to web element"): null

25-01-2025T14:45:42 - [TEST_STEP][PASSED] - element = findWebElement(findTestObject(testObject), 1): null

25-01-2025T14:45:42 - [TEST_STEP][PASSED] - loc = element.getLocation(): null

25-01-2025T14:45:42 - [TEST_STEP][PASSED] - y = loc.getY(): null

25-01-2025T14:45:42 - [TEST_STEP][PASSED] - println("Y location is " + y): null

25-01-2025T14:45:42 - [TEST_STEP][PASSED] - top = getViewportTopPosition(): Current viewport's top (y) position is 1044

25-01-2025T14:45:42 - [MESSAGE][PASSED] - Current viewport's top (y) position is 1044

25-01-2025T14:45:42 - [TEST_STEP][PASSED] - println("Viewport top is " + top): null

25-01-2025T14:45:42 - [TEST_STEP][PASSED] - bottom = top + 600: null

25-01-2025T14:45:42 - [TEST_STEP][PASSED] - if (y - top < 150 || bottom - y < 10): null

25-01-2025T14:45:42 - [TEST_STEP][PASSED] - if (action == "click"): Object: 'Object Repository/Education Partner Profile/Register/a_Privacy Policy' is clicked on

25-01-2025T14:45:42 - [TEST_STEP][PASSED] - println("clicking"): null

25-01-2025T14:45:42 - [TEST_STEP][PASSED] - click(findTestObject(testObject)): Object: 'Object Repository/Education Partner Profile/Register/a_Privacy Policy' is clicked on

25-01-2025T14:45:42 - [MESSAGE][PASSED] - Object: 'Object Repository/Education Partner Profile/Register/a_Privacy Policy' is clicked on

25-01-2025T14:45:42 - [MESSAGE][PASSED] - Call Test Case 'Test Cases/_Functions/Perform Action' successfully

25-01-2025T14:45:42 - [TEST_STEP][PASSED] - windowHandles = getWindowHandles().toArray(): null

25-01-2025T14:45:42 - [TEST_STEP][PASSED] - windowCount = windowHandles.size(): null

25-01-2025T14:45:42 - [TEST_STEP][PASSED] - if (windowCount == 2): Switched to window with index: '1'

25-01-2025T14:45:42 - [TEST_STEP][PASSED] - switchToWindowIndex(1): Switched to window with index: '1'

25-01-2025T14:45:42 - [MESSAGE][PASSED] - Switched to window with index: '1'

25-01-2025T14:45:42 - [TEST_STEP][PASSED] - waitForPageLoad(10): Wait for page load successfully

25-01-2025T14:45:43 - [MESSAGE][PASSED] - Wait for page load successfully

25-01-2025T14:45:43 - [TEST_STEP][PASSED] - delay(2): Delayed 2 second(s)

25-01-2025T14:45:45 - [MESSAGE][PASSED] - Delayed 2 second(s)

25-01-2025T14:45:45 - [TEST_STEP][PASSED] - textFound = verifyTextPresent(myText, false, OPTIONAL): Text 'Privacy Policy' is present on page 

25-01-2025T14:45:45 - [MESSAGE][PASSED] - Text 'Privacy Policy' is present on page 

25-01-2025T14:45:45 - [TEST_STEP][PASSED] - if (textFound): null

25-01-2025T14:45:45 - [TEST_STEP][PASSED] - outText = "+++++ The text "" + myText + "" was found after clicking on the " + key + " link": null

25-01-2025T14:45:45 - [TEST_STEP][PASSED] - println(outText): null

25-01-2025T14:45:45 - [TEST_STEP][PASSED] - outFile.append(outText + "
"): null

25-01-2025T14:45:45 - [TEST_STEP][PASSED] - if (windowCount == 2): Delayed 1 second(s)

25-01-2025T14:45:45 - [TEST_STEP][PASSED] - closeWindowIndex(1): Window with index 1 is closed

25-01-2025T14:45:45 - [MESSAGE][PASSED] - Window with index 1 is closed

25-01-2025T14:45:45 - [TEST_STEP][PASSED] - delay(1): Delayed 1 second(s)

25-01-2025T14:45:46 - [MESSAGE][PASSED] - Delayed 1 second(s)

25-01-2025T14:45:46 - [TEST_STEP][PASSED] - switchToWindowIndex(0): Switched to window with index: '0'

25-01-2025T14:45:46 - [MESSAGE][PASSED] - Switched to window with index: '0'

25-01-2025T14:45:46 - [TEST_STEP][PASSED] - delay(1): Delayed 1 second(s)

25-01-2025T14:45:47 - [MESSAGE][PASSED] - Delayed 1 second(s)

25-01-2025T14:45:47 - [TEST_STEP][PASSED] - myElement = "a_" + key: null

25-01-2025T14:45:47 - [TEST_STEP][PASSED] - myText = value: null

25-01-2025T14:45:47 - [TEST_STEP][PASSED] - object = objectPath + myElement: null

25-01-2025T14:45:47 - [TEST_STEP][PASSED] - println(object): null

25-01-2025T14:45:47 - [TEST_STEP][PASSED] - callTestCase(findTestCase("_Functions/Perform Action"), ["varAction":"click", "varObject":object], STOP_ON_FAILURE): Call Test Case 'Test Cases/_Functions/Perform Action' successfully

25-01-2025T14:45:47 - [TEST_CASE][PASSED] - Test Cases/_Functions/Perform Action: Test Cases/_Functions/Perform Action

25-01-2025T14:45:47 - [TEST_STEP][PASSED] - action = varAction: null

25-01-2025T14:45:47 - [TEST_STEP][PASSED] - println(action): null

25-01-2025T14:45:47 - [TEST_STEP][PASSED] - testObject = varObject: null

25-01-2025T14:45:47 - [TEST_STEP][PASSED] - println(testObject): null

25-01-2025T14:45:47 - [TEST_STEP][PASSED] - parm1 = varParm1: null

25-01-2025T14:45:47 - [TEST_STEP][PASSED] - println(parm1): null

25-01-2025T14:45:47 - [TEST_STEP][PASSED] - println("Converting " + testObject + " to web element"): null

25-01-2025T14:45:47 - [TEST_STEP][PASSED] - element = findWebElement(findTestObject(testObject), 1): null

25-01-2025T14:45:47 - [TEST_STEP][PASSED] - loc = element.getLocation(): null

25-01-2025T14:45:47 - [TEST_STEP][PASSED] - y = loc.getY(): null

25-01-2025T14:45:47 - [TEST_STEP][PASSED] - println("Y location is " + y): null

25-01-2025T14:45:47 - [TEST_STEP][PASSED] - top = getViewportTopPosition(): Current viewport's top (y) position is 1044

25-01-2025T14:45:47 - [MESSAGE][PASSED] - Current viewport's top (y) position is 1044

25-01-2025T14:45:47 - [TEST_STEP][PASSED] - println("Viewport top is " + top): null

25-01-2025T14:45:47 - [TEST_STEP][PASSED] - bottom = top + 600: null

25-01-2025T14:45:47 - [TEST_STEP][PASSED] - if (y - top < 150 || bottom - y < 10): null

25-01-2025T14:45:47 - [TEST_STEP][PASSED] - if (action == "click"): Object: 'Object Repository/Education Partner Profile/Register/a_School Qualifications' is clicked on

25-01-2025T14:45:47 - [TEST_STEP][PASSED] - println("clicking"): null

25-01-2025T14:45:47 - [TEST_STEP][PASSED] - click(findTestObject(testObject)): Object: 'Object Repository/Education Partner Profile/Register/a_School Qualifications' is clicked on

25-01-2025T14:45:47 - [MESSAGE][PASSED] - Object: 'Object Repository/Education Partner Profile/Register/a_School Qualifications' is clicked on

25-01-2025T14:45:47 - [MESSAGE][PASSED] - Call Test Case 'Test Cases/_Functions/Perform Action' successfully

25-01-2025T14:45:47 - [TEST_STEP][PASSED] - windowHandles = getWindowHandles().toArray(): null

25-01-2025T14:45:47 - [TEST_STEP][PASSED] - windowCount = windowHandles.size(): null

25-01-2025T14:45:47 - [TEST_STEP][PASSED] - if (windowCount == 2): Switched to window with index: '1'

25-01-2025T14:45:47 - [TEST_STEP][PASSED] - switchToWindowIndex(1): Switched to window with index: '1'

25-01-2025T14:45:47 - [MESSAGE][PASSED] - Switched to window with index: '1'

25-01-2025T14:45:47 - [TEST_STEP][PASSED] - waitForPageLoad(10): Wait for page load successfully

25-01-2025T14:45:51 - [MESSAGE][PASSED] - Wait for page load successfully

25-01-2025T14:45:51 - [TEST_STEP][PASSED] - delay(2): Delayed 2 second(s)

25-01-2025T14:45:53 - [MESSAGE][PASSED] - Delayed 2 second(s)

25-01-2025T14:45:53 - [TEST_STEP][PASSED] - textFound = verifyTextPresent(myText, false, OPTIONAL): Text 'SCHOOL QUALIFICATIONS' is present on page 

25-01-2025T14:45:53 - [MESSAGE][PASSED] - Text 'SCHOOL QUALIFICATIONS' is present on page 

25-01-2025T14:45:53 - [TEST_STEP][PASSED] - if (textFound): null

25-01-2025T14:45:53 - [TEST_STEP][PASSED] - outText = "+++++ The text "" + myText + "" was found after clicking on the " + key + " link": null

25-01-2025T14:45:53 - [TEST_STEP][PASSED] - println(outText): null

25-01-2025T14:45:53 - [TEST_STEP][PASSED] - outFile.append(outText + "
"): null

25-01-2025T14:45:53 - [TEST_STEP][PASSED] - if (windowCount == 2): Delayed 1 second(s)

25-01-2025T14:45:53 - [TEST_STEP][PASSED] - closeWindowIndex(1): Window with index 1 is closed

25-01-2025T14:45:53 - [MESSAGE][PASSED] - Window with index 1 is closed

25-01-2025T14:45:53 - [TEST_STEP][PASSED] - delay(1): Delayed 1 second(s)

25-01-2025T14:45:54 - [MESSAGE][PASSED] - Delayed 1 second(s)

25-01-2025T14:45:54 - [TEST_STEP][PASSED] - switchToWindowIndex(0): Switched to window with index: '0'

25-01-2025T14:45:54 - [MESSAGE][PASSED] - Switched to window with index: '0'

25-01-2025T14:45:54 - [TEST_STEP][PASSED] - delay(1): Delayed 1 second(s)

25-01-2025T14:45:55 - [MESSAGE][PASSED] - Delayed 1 second(s)

25-01-2025T14:45:55 - [TEST_STEP][PASSED] - myElement = "a_" + key: null

25-01-2025T14:45:55 - [TEST_STEP][PASSED] - myText = value: null

25-01-2025T14:45:55 - [TEST_STEP][PASSED] - object = objectPath + myElement: null

25-01-2025T14:45:55 - [TEST_STEP][PASSED] - println(object): null

25-01-2025T14:45:55 - [TEST_STEP][PASSED] - callTestCase(findTestCase("_Functions/Perform Action"), ["varAction":"click", "varObject":object], STOP_ON_FAILURE): Call Test Case 'Test Cases/_Functions/Perform Action' successfully

25-01-2025T14:45:55 - [TEST_CASE][PASSED] - Test Cases/_Functions/Perform Action: Test Cases/_Functions/Perform Action

25-01-2025T14:45:55 - [TEST_STEP][PASSED] - action = varAction: null

25-01-2025T14:45:55 - [TEST_STEP][PASSED] - println(action): null

25-01-2025T14:45:55 - [TEST_STEP][PASSED] - testObject = varObject: null

25-01-2025T14:45:55 - [TEST_STEP][PASSED] - println(testObject): null

25-01-2025T14:45:55 - [TEST_STEP][PASSED] - parm1 = varParm1: null

25-01-2025T14:45:55 - [TEST_STEP][PASSED] - println(parm1): null

25-01-2025T14:45:55 - [TEST_STEP][PASSED] - println("Converting " + testObject + " to web element"): null

25-01-2025T14:45:55 - [TEST_STEP][PASSED] - element = findWebElement(findTestObject(testObject), 1): null

25-01-2025T14:45:55 - [TEST_STEP][PASSED] - loc = element.getLocation(): null

25-01-2025T14:45:56 - [TEST_STEP][PASSED] - y = loc.getY(): null

25-01-2025T14:45:56 - [TEST_STEP][PASSED] - println("Y location is " + y): null

25-01-2025T14:45:56 - [TEST_STEP][PASSED] - top = getViewportTopPosition(): Current viewport's top (y) position is 1044

25-01-2025T14:45:56 - [MESSAGE][PASSED] - Current viewport's top (y) position is 1044

25-01-2025T14:45:56 - [TEST_STEP][PASSED] - println("Viewport top is " + top): null

25-01-2025T14:45:56 - [TEST_STEP][PASSED] - bottom = top + 600: null

25-01-2025T14:45:56 - [TEST_STEP][PASSED] - if (y - top < 150 || bottom - y < 10): null

25-01-2025T14:45:56 - [TEST_STEP][PASSED] - if (action == "click"): Object: 'Object Repository/Education Partner Profile/Register/a_Terms and Conditions' is clicked on

25-01-2025T14:45:56 - [TEST_STEP][PASSED] - println("clicking"): null

25-01-2025T14:45:56 - [TEST_STEP][PASSED] - click(findTestObject(testObject)): Object: 'Object Repository/Education Partner Profile/Register/a_Terms and Conditions' is clicked on

25-01-2025T14:45:56 - [MESSAGE][PASSED] - Object: 'Object Repository/Education Partner Profile/Register/a_Terms and Conditions' is clicked on

25-01-2025T14:45:56 - [MESSAGE][PASSED] - Call Test Case 'Test Cases/_Functions/Perform Action' successfully

25-01-2025T14:45:56 - [TEST_STEP][PASSED] - windowHandles = getWindowHandles().toArray(): null

25-01-2025T14:45:56 - [TEST_STEP][PASSED] - windowCount = windowHandles.size(): null

25-01-2025T14:45:56 - [TEST_STEP][PASSED] - if (windowCount == 2): Switched to window with index: '1'

25-01-2025T14:45:56 - [TEST_STEP][PASSED] - switchToWindowIndex(1): Switched to window with index: '1'

25-01-2025T14:45:56 - [MESSAGE][PASSED] - Switched to window with index: '1'

25-01-2025T14:45:56 - [TEST_STEP][PASSED] - waitForPageLoad(10): Wait for page load successfully

25-01-2025T14:45:57 - [MESSAGE][PASSED] - Wait for page load successfully

25-01-2025T14:45:57 - [TEST_STEP][PASSED] - delay(2): Delayed 2 second(s)

25-01-2025T14:45:59 - [MESSAGE][PASSED] - Delayed 2 second(s)

25-01-2025T14:45:59 - [TEST_STEP][PASSED] - textFound = verifyTextPresent(myText, false, OPTIONAL): Text 'Terms and Conditions' is present on page 

25-01-2025T14:45:59 - [MESSAGE][PASSED] - Text 'Terms and Conditions' is present on page 

25-01-2025T14:45:59 - [TEST_STEP][PASSED] - if (textFound): null

25-01-2025T14:45:59 - [TEST_STEP][PASSED] - outText = "+++++ The text "" + myText + "" was found after clicking on the " + key + " link": null

25-01-2025T14:45:59 - [TEST_STEP][PASSED] - println(outText): null

25-01-2025T14:45:59 - [TEST_STEP][PASSED] - outFile.append(outText + "
"): null

25-01-2025T14:45:59 - [TEST_STEP][PASSED] - if (windowCount == 2): Delayed 1 second(s)

25-01-2025T14:45:59 - [TEST_STEP][PASSED] - closeWindowIndex(1): Window with index 1 is closed

25-01-2025T14:46:00 - [MESSAGE][PASSED] - Window with index 1 is closed

25-01-2025T14:46:00 - [TEST_STEP][PASSED] - delay(1): Delayed 1 second(s)

25-01-2025T14:46:01 - [MESSAGE][PASSED] - Delayed 1 second(s)

25-01-2025T14:46:01 - [TEST_STEP][PASSED] - switchToWindowIndex(0): Switched to window with index: '0'

25-01-2025T14:46:01 - [MESSAGE][PASSED] - Switched to window with index: '0'

25-01-2025T14:46:01 - [TEST_STEP][PASSED] - delay(1): Delayed 1 second(s)

25-01-2025T14:46:02 - [MESSAGE][PASSED] - Delayed 1 second(s)

25-01-2025T14:46:02 - [MESSAGE][PASSED] - Call Test Case 'Test Cases/_Functions/Test External Links' successfully

25-01-2025T14:46:02 - [TEST_STEP][PASSED] - object = "Education Partner Profile/Register/button_Sign up": null

25-01-2025T14:46:02 - [TEST_STEP][PASSED] - callTestCase(findTestCase("_Functions/Perform Action"), ["varAction":"click", "varObject":object], STOP_ON_FAILURE): Call Test Case 'Test Cases/_Functions/Perform Action' successfully

25-01-2025T14:46:02 - [TEST_CASE][PASSED] - Test Cases/_Functions/Perform Action: Test Cases/_Functions/Perform Action

25-01-2025T14:46:02 - [TEST_STEP][PASSED] - action = varAction: null

25-01-2025T14:46:02 - [TEST_STEP][PASSED] - println(action): null

25-01-2025T14:46:02 - [TEST_STEP][PASSED] - testObject = varObject: null

25-01-2025T14:46:02 - [TEST_STEP][PASSED] - println(testObject): null

25-01-2025T14:46:02 - [TEST_STEP][PASSED] - parm1 = varParm1: null

25-01-2025T14:46:02 - [TEST_STEP][PASSED] - println(parm1): null

25-01-2025T14:46:02 - [TEST_STEP][PASSED] - println("Converting " + testObject + " to web element"): null

25-01-2025T14:46:02 - [TEST_STEP][PASSED] - element = findWebElement(findTestObject(testObject), 1): null

25-01-2025T14:46:02 - [TEST_STEP][PASSED] - loc = element.getLocation(): null

25-01-2025T14:46:02 - [TEST_STEP][PASSED] - y = loc.getY(): null

25-01-2025T14:46:02 - [TEST_STEP][PASSED] - println("Y location is " + y): null

25-01-2025T14:46:02 - [TEST_STEP][PASSED] - top = getViewportTopPosition(): Current viewport's top (y) position is 1044

25-01-2025T14:46:02 - [MESSAGE][PASSED] - Current viewport's top (y) position is 1044

25-01-2025T14:46:02 - [TEST_STEP][PASSED] - println("Viewport top is " + top): null

25-01-2025T14:46:02 - [TEST_STEP][PASSED] - bottom = top + 600: null

25-01-2025T14:46:02 - [TEST_STEP][PASSED] - if (y - top < 150 || bottom - y < 10): null

25-01-2025T14:46:02 - [TEST_STEP][PASSED] - if (action == "click"): Object: 'Object Repository/Education Partner Profile/Register/button_Sign up' is clicked on

25-01-2025T14:46:02 - [TEST_STEP][PASSED] - println("clicking"): null

25-01-2025T14:46:02 - [TEST_STEP][PASSED] - click(findTestObject(testObject)): Object: 'Object Repository/Education Partner Profile/Register/button_Sign up' is clicked on

25-01-2025T14:46:05 - [MESSAGE][PASSED] - Object: 'Object Repository/Education Partner Profile/Register/button_Sign up' is clicked on

25-01-2025T14:46:05 - [MESSAGE][PASSED] - Call Test Case 'Test Cases/_Functions/Perform Action' successfully

25-01-2025T14:46:05 - [TEST_STEP][PASSED] - fieldList = ["Username", "Password", "Key Contact Email"]: null

25-01-2025T14:46:05 - [TEST_STEP][PASSED] - outText = "Verifying the field messages for " + fieldList + ".
": null

25-01-2025T14:46:05 - [TEST_STEP][PASSED] - outFile.append(outText): null

25-01-2025T14:46:05 - [TEST_STEP][PASSED] - callTestCase(findTestCase("_Functions/Test Field Error Messages"), ["varFieldList":fieldList, "varRequiredFieldMsgs":requiredFieldMsgs], STOP_ON_FAILURE): Call Test Case 'Test Cases/_Functions/Test Field Error Messages' successfully

25-01-2025T14:46:05 - [TEST_CASE][PASSED] - Test Cases/_Functions/Test Field Error Messages: Test Cases/_Functions/Test Field Error Messages

25-01-2025T14:46:05 - [TEST_STEP][PASSED] - count = callTestCase(findTestCase("_Functions/Find error messages"), ["varFunction":"count"], STOP_ON_FAILURE): Call Test Case 'Test Cases/_Functions/Find error messages' successfully

25-01-2025T14:46:06 - [TEST_CASE][PASSED] - Test Cases/_Functions/Find error messages: Test Cases/_Functions/Find error messages

25-01-2025T14:46:06 - [TEST_STEP][PASSED] - function = "count": null

25-01-2025T14:46:06 - [TEST_STEP][PASSED] - if (binding.hasVariable("varFunction")): null

25-01-2025T14:46:06 - [TEST_STEP][PASSED] - function = varFunction: null

25-01-2025T14:46:06 - [TEST_STEP][PASSED] - title = getWindowTitle(): Current window's title is: 'Education'

25-01-2025T14:46:06 - [MESSAGE][PASSED] - Current window's title is: 'Education'

25-01-2025T14:46:06 - [TEST_STEP][PASSED] - println("Page title is " + title): null

25-01-2025T14:46:06 - [TEST_STEP][PASSED] - driver = getWebDriver(): null

25-01-2025T14:46:06 - [TEST_STEP][PASSED] - elements = driver.findElements(By.xpath("//div[@class='col-sm-offset-3 col-sm-9 text-danger']")): null

25-01-2025T14:46:06 - [TEST_STEP][PASSED] - if (function == "count"): null

25-01-2025T14:46:06 - [TEST_STEP][PASSED] - return elements.size(): null

25-01-2025T14:46:06 - [MESSAGE][PASSED] - Call Test Case 'Test Cases/_Functions/Find error messages' successfully

25-01-2025T14:46:06 - [TEST_STEP][PASSED] - outFile = outFile: null

25-01-2025T14:46:06 - [TEST_STEP][PASSED] - if (count == 0): null

25-01-2025T14:46:06 - [TEST_STEP][PASSED] - else: Delayed 0 second(s)

25-01-2025T14:46:06 - [TEST_STEP][PASSED] - fieldList = varFieldList: null

25-01-2025T14:46:06 - [TEST_STEP][PASSED] - requiredFieldMsgs = varRequiredFieldMsgs: null

25-01-2025T14:46:06 - [TEST_STEP][PASSED] - outText = "Verifying error messages for fields " + fieldList: null

25-01-2025T14:46:06 - [TEST_STEP][PASSED] - for (def field : fieldList): null

25-01-2025T14:46:06 - [TEST_STEP][PASSED] - errorMsg = requiredFieldMsgs.get(field): null

25-01-2025T14:46:06 - [TEST_STEP][PASSED] - msg = verifyTextPresent(errorMsg, false, OPTIONAL): Text 'Username must be unique; at least 6 characters; contain only lowercase letters; allowable characters: numbers, @, dash, underscore or period, and can be an email address.' is not present on page  (Root cause: com.kms.katalon.core.exception.StepFailedException: Text 'Username must be unique; at least 6 characters; contain only lowercase letters; allowable characters: numbers, @, dash, underscore or period, and can be an email address.' is not present on page 
	at com.kms.katalon.core.webui.keyword.internal.WebUIKeywordMain.stepFailed(WebUIKeywordMain.groovy:117)
	at com.kms.katalon.core.webui.keyword.builtin.VerifyTextPresentKeyword$_verifyTextPresent_closure1.doCall(VerifyTextPresentKeyword.groovy:79)
	at com.kms.katalon.core.webui.keyword.builtin.VerifyTextPresentKeyword$_verifyTextPresent_closure1.call(VerifyTextPresentKeyword.groovy)
	at com.kms.katalon.core.webui.keyword.internal.WebUIKeywordMain.runKeyword(WebUIKeywordMain.groovy:35)
	at com.kms.katalon.core.webui.keyword.builtin.VerifyTextPresentKeyword.verifyTextPresent(VerifyTextPresentKeyword.groovy:83)
	at com.kms.katalon.core.webui.keyword.builtin.VerifyTextPresentKeyword.execute(VerifyTextPresentKeyword.groovy:68)
	at com.kms.katalon.core.keyword.internal.KeywordExecutor.executeKeywordForPlatform(KeywordExecutor.groovy:74)
	at com.kms.katalon.core.webui.keyword.WebUiBuiltInKeywords.verifyTextPresent(WebUiBuiltInKeywords.groovy:1746)
	at Test Field Error Messages.run(Test Field Error Messages:40)
	at com.kms.katalon.core.main.ScriptEngine.run(ScriptEngine.java:194)
	at com.kms.katalon.core.main.ScriptEngine.runScriptAsRawText(ScriptEngine.java:119)
	at com.kms.katalon.core.main.TestCaseExecutor.runScript(TestCaseExecutor.java:448)
	at com.kms.katalon.core.main.TestCaseExecutor.doExecute(TestCaseExecutor.java:439)
	at com.kms.katalon.core.main.TestCaseExecutor.processExecutionPhase(TestCaseExecutor.java:418)
	at com.kms.katalon.core.main.TestCaseExecutor.accessMainPhase(TestCaseExecutor.java:410)
	at com.kms.katalon.core.main.TestCaseExecutor.execute(TestCaseExecutor.java:285)
	at com.kms.katalon.core.main.TestCaseMain.runTestCase(TestCaseMain.java:137)
	at com.kms.katalon.core.keyword.builtin.CallTestCaseKeyword$_callTestCase_closure1.doCall(CallTestCaseKeyword.groovy:59)
	at com.kms.katalon.core.keyword.builtin.CallTestCaseKeyword$_callTestCase_closure1.call(CallTestCaseKeyword.groovy)
	at com.kms.katalon.core.keyword.internal.KeywordMain.runKeyword(KeywordMain.groovy:75)
	at com.kms.katalon.core.keyword.builtin.CallTestCaseKeyword.callTestCase(CallTestCaseKeyword.groovy:81)
	at com.kms.katalon.core.keyword.builtin.CallTestCaseKeyword.execute(CallTestCaseKeyword.groovy:44)
	at com.kms.katalon.core.keyword.internal.KeywordExecutor.executeKeywordForPlatform(KeywordExecutor.groovy:74)
	at com.kms.katalon.core.keyword.BuiltinKeywords.callTestCase(BuiltinKeywords.groovy:310)
	at java.base/jdk.internal.reflect.NativeMethodAccessorImpl.invoke0(Native Method)
	at java.base/jdk.internal.reflect.NativeMethodAccessorImpl.invoke(NativeMethodAccessorImpl.java:77)
	at java.base/jdk.internal.reflect.DelegatingMethodAccessorImpl.invoke(DelegatingMethodAccessorImpl.java:43)
	at Register Education Partner.run(Register Education Partner:235)
	at com.kms.katalon.core.main.ScriptEngine.run(ScriptEngine.java:194)
	at com.kms.katalon.core.main.ScriptEngine.runScriptAsRawText(ScriptEngine.java:119)
	at com.kms.katalon.core.main.TestCaseExecutor.runScript(TestCaseExecutor.java:448)
	at com.kms.katalon.core.main.TestCaseExecutor.doExecute(TestCaseExecutor.java:439)
	at com.kms.katalon.core.main.TestCaseExecutor.processExecutionPhase(TestCaseExecutor.java:418)
	at com.kms.katalon.core.main.TestCaseExecutor.accessMainPhase(TestCaseExecutor.java:410)
	at com.kms.katalon.core.main.TestCaseExecutor.execute(TestCaseExecutor.java:285)
	at com.kms.katalon.core.common.CommonExecutor.accessTestCaseMainPhase(CommonExecutor.java:65)
	at com.kms.katalon.core.main.TestSuiteExecutor.accessTestSuiteMainPhase(TestSuiteExecutor.java:150)
	at com.kms.katalon.core.main.TestSuiteExecutor.execute(TestSuiteExecutor.java:106)
	at com.kms.katalon.core.main.TestCaseMain.startTestSuite(TestCaseMain.java:180)
	at TempTestSuite1737837875715.run(TempTestSuite1737837875715.groovy:35)
	at java.base/jdk.internal.reflect.NativeMethodAccessorImpl.invoke0(Native Method)
	at java.base/jdk.internal.reflect.NativeMethodAccessorImpl.invoke(NativeMethodAccessorImpl.java:77)
	at java.base/jdk.internal.reflect.DelegatingMethodAccessorImpl.invoke(DelegatingMethodAccessorImpl.java:43)
)

25-01-2025T14:46:06 - [MESSAGE][WARNING] - Text 'Username must be unique; at least 6 characters; contain only lowercase letters; allowable characters: numbers, @, dash, underscore or period, and can be an email address.' is not present on page  (Root cause: com.kms.katalon.core.exception.StepFailedException: Text 'Username must be unique; at least 6 characters; contain only lowercase letters; allowable characters: numbers, @, dash, underscore or period, and can be an email address.' is not present on page 
	at com.kms.katalon.core.webui.keyword.internal.WebUIKeywordMain.stepFailed(WebUIKeywordMain.groovy:117)
	at com.kms.katalon.core.webui.keyword.builtin.VerifyTextPresentKeyword$_verifyTextPresent_closure1.doCall(VerifyTextPresentKeyword.groovy:79)
	at com.kms.katalon.core.webui.keyword.builtin.VerifyTextPresentKeyword$_verifyTextPresent_closure1.call(VerifyTextPresentKeyword.groovy)
	at com.kms.katalon.core.webui.keyword.internal.WebUIKeywordMain.runKeyword(WebUIKeywordMain.groovy:35)
	at com.kms.katalon.core.webui.keyword.builtin.VerifyTextPresentKeyword.verifyTextPresent(VerifyTextPresentKeyword.groovy:83)
	at com.kms.katalon.core.webui.keyword.builtin.VerifyTextPresentKeyword.execute(VerifyTextPresentKeyword.groovy:68)
	at com.kms.katalon.core.keyword.internal.KeywordExecutor.executeKeywordForPlatform(KeywordExecutor.groovy:74)
	at com.kms.katalon.core.webui.keyword.WebUiBuiltInKeywords.verifyTextPresent(WebUiBuiltInKeywords.groovy:1746)
	at Test Field Error Messages.run(Test Field Error Messages:40)
	at com.kms.katalon.core.main.ScriptEngine.run(ScriptEngine.java:194)
	at com.kms.katalon.core.main.ScriptEngine.runScriptAsRawText(ScriptEngine.java:119)
	at com.kms.katalon.core.main.TestCaseExecutor.runScript(TestCaseExecutor.java:448)
	at com.kms.katalon.core.main.TestCaseExecutor.doExecute(TestCaseExecutor.java:439)
	at com.kms.katalon.core.main.TestCaseExecutor.processExecutionPhase(TestCaseExecutor.java:418)
	at com.kms.katalon.core.main.TestCaseExecutor.accessMainPhase(TestCaseExecutor.java:410)
	at com.kms.katalon.core.main.TestCaseExecutor.execute(TestCaseExecutor.java:285)
	at com.kms.katalon.core.main.TestCaseMain.runTestCase(TestCaseMain.java:137)
	at com.kms.katalon.core.keyword.builtin.CallTestCaseKeyword$_callTestCase_closure1.doCall(CallTestCaseKeyword.groovy:59)
	at com.kms.katalon.core.keyword.builtin.CallTestCaseKeyword$_callTestCase_closure1.call(CallTestCaseKeyword.groovy)
	at com.kms.katalon.core.keyword.internal.KeywordMain.runKeyword(KeywordMain.groovy:75)
	at com.kms.katalon.core.keyword.builtin.CallTestCaseKeyword.callTestCase(CallTestCaseKeyword.groovy:81)
	at com.kms.katalon.core.keyword.builtin.CallTestCaseKeyword.execute(CallTestCaseKeyword.groovy:44)
	at com.kms.katalon.core.keyword.internal.KeywordExecutor.executeKeywordForPlatform(KeywordExecutor.groovy:74)
	at com.kms.katalon.core.keyword.BuiltinKeywords.callTestCase(BuiltinKeywords.groovy:310)
	at java.base/jdk.internal.reflect.NativeMethodAccessorImpl.invoke0(Native Method)
	at java.base/jdk.internal.reflect.NativeMethodAccessorImpl.invoke(NativeMethodAccessorImpl.java:77)
	at java.base/jdk.internal.reflect.DelegatingMethodAccessorImpl.invoke(DelegatingMethodAccessorImpl.java:43)
	at Register Education Partner.run(Register Education Partner:235)
	at com.kms.katalon.core.main.ScriptEngine.run(ScriptEngine.java:194)
	at com.kms.katalon.core.main.ScriptEngine.runScriptAsRawText(ScriptEngine.java:119)
	at com.kms.katalon.core.main.TestCaseExecutor.runScript(TestCaseExecutor.java:448)
	at com.kms.katalon.core.main.TestCaseExecutor.doExecute(TestCaseExecutor.java:439)
	at com.kms.katalon.core.main.TestCaseExecutor.processExecutionPhase(TestCaseExecutor.java:418)
	at com.kms.katalon.core.main.TestCaseExecutor.accessMainPhase(TestCaseExecutor.java:410)
	at com.kms.katalon.core.main.TestCaseExecutor.execute(TestCaseExecutor.java:285)
	at com.kms.katalon.core.common.CommonExecutor.accessTestCaseMainPhase(CommonExecutor.java:65)
	at com.kms.katalon.core.main.TestSuiteExecutor.accessTestSuiteMainPhase(TestSuiteExecutor.java:150)
	at com.kms.katalon.core.main.TestSuiteExecutor.execute(TestSuiteExecutor.java:106)
	at com.kms.katalon.core.main.TestCaseMain.startTestSuite(TestCaseMain.java:180)
	at TempTestSuite1737837875715.run(TempTestSuite1737837875715.groovy:35)
	at java.base/jdk.internal.reflect.NativeMethodAccessorImpl.invoke0(Native Method)
	at java.base/jdk.internal.reflect.NativeMethodAccessorImpl.invoke(NativeMethodAccessorImpl.java:77)
	at java.base/jdk.internal.reflect.DelegatingMethodAccessorImpl.invoke(DelegatingMethodAccessorImpl.java:43)
)

25-01-2025T14:46:06 - [TEST_STEP][PASSED] - println(field + ":" + msg): null

25-01-2025T14:46:06 - [TEST_STEP][PASSED] - if (!(msg)): null

25-01-2025T14:46:06 - [TEST_STEP][PASSED] - outText = "--- The expected error message "" + errorMsg + "" for field " + field + " was not found.": null

25-01-2025T14:46:06 - [TEST_STEP][PASSED] - println(outText): null

25-01-2025T14:46:06 - [TEST_STEP][PASSED] - outFile.append(outText + "
"): null

25-01-2025T14:46:06 - [TEST_STEP][PASSED] - errorMsg = requiredFieldMsgs.get(field): null

25-01-2025T14:46:06 - [TEST_STEP][PASSED] - msg = verifyTextPresent(errorMsg, false, OPTIONAL): Text 'The password should be at least twelve characters long; should include numbers, letters, capitals; may have special characters (@, #, *, spaces, etc.) and may include a passphrase.' is not present on page  (Root cause: com.kms.katalon.core.exception.StepFailedException: Text 'The password should be at least twelve characters long; should include numbers, letters, capitals; may have special characters (@, #, *, spaces, etc.) and may include a passphrase.' is not present on page 
	at com.kms.katalon.core.webui.keyword.internal.WebUIKeywordMain.stepFailed(WebUIKeywordMain.groovy:117)
	at com.kms.katalon.core.webui.keyword.builtin.VerifyTextPresentKeyword$_verifyTextPresent_closure1.doCall(VerifyTextPresentKeyword.groovy:79)
	at com.kms.katalon.core.webui.keyword.builtin.VerifyTextPresentKeyword$_verifyTextPresent_closure1.call(VerifyTextPresentKeyword.groovy)
	at com.kms.katalon.core.webui.keyword.internal.WebUIKeywordMain.runKeyword(WebUIKeywordMain.groovy:35)
	at com.kms.katalon.core.webui.keyword.builtin.VerifyTextPresentKeyword.verifyTextPresent(VerifyTextPresentKeyword.groovy:83)
	at com.kms.katalon.core.webui.keyword.builtin.VerifyTextPresentKeyword.execute(VerifyTextPresentKeyword.groovy:68)
	at com.kms.katalon.core.keyword.internal.KeywordExecutor.executeKeywordForPlatform(KeywordExecutor.groovy:74)
	at com.kms.katalon.core.webui.keyword.WebUiBuiltInKeywords.verifyTextPresent(WebUiBuiltInKeywords.groovy:1746)
	at Test Field Error Messages.run(Test Field Error Messages:40)
	at com.kms.katalon.core.main.ScriptEngine.run(ScriptEngine.java:194)
	at com.kms.katalon.core.main.ScriptEngine.runScriptAsRawText(ScriptEngine.java:119)
	at com.kms.katalon.core.main.TestCaseExecutor.runScript(TestCaseExecutor.java:448)
	at com.kms.katalon.core.main.TestCaseExecutor.doExecute(TestCaseExecutor.java:439)
	at com.kms.katalon.core.main.TestCaseExecutor.processExecutionPhase(TestCaseExecutor.java:418)
	at com.kms.katalon.core.main.TestCaseExecutor.accessMainPhase(TestCaseExecutor.java:410)
	at com.kms.katalon.core.main.TestCaseExecutor.execute(TestCaseExecutor.java:285)
	at com.kms.katalon.core.main.TestCaseMain.runTestCase(TestCaseMain.java:137)
	at com.kms.katalon.core.keyword.builtin.CallTestCaseKeyword$_callTestCase_closure1.doCall(CallTestCaseKeyword.groovy:59)
	at com.kms.katalon.core.keyword.builtin.CallTestCaseKeyword$_callTestCase_closure1.call(CallTestCaseKeyword.groovy)
	at com.kms.katalon.core.keyword.internal.KeywordMain.runKeyword(KeywordMain.groovy:75)
	at com.kms.katalon.core.keyword.builtin.CallTestCaseKeyword.callTestCase(CallTestCaseKeyword.groovy:81)
	at com.kms.katalon.core.keyword.builtin.CallTestCaseKeyword.execute(CallTestCaseKeyword.groovy:44)
	at com.kms.katalon.core.keyword.internal.KeywordExecutor.executeKeywordForPlatform(KeywordExecutor.groovy:74)
	at com.kms.katalon.core.keyword.BuiltinKeywords.callTestCase(BuiltinKeywords.groovy:310)
	at java.base/jdk.internal.reflect.NativeMethodAccessorImpl.invoke0(Native Method)
	at java.base/jdk.internal.reflect.NativeMethodAccessorImpl.invoke(NativeMethodAccessorImpl.java:77)
	at java.base/jdk.internal.reflect.DelegatingMethodAccessorImpl.invoke(DelegatingMethodAccessorImpl.java:43)
	at Register Education Partner.run(Register Education Partner:235)
	at com.kms.katalon.core.main.ScriptEngine.run(ScriptEngine.java:194)
	at com.kms.katalon.core.main.ScriptEngine.runScriptAsRawText(ScriptEngine.java:119)
	at com.kms.katalon.core.main.TestCaseExecutor.runScript(TestCaseExecutor.java:448)
	at com.kms.katalon.core.main.TestCaseExecutor.doExecute(TestCaseExecutor.java:439)
	at com.kms.katalon.core.main.TestCaseExecutor.processExecutionPhase(TestCaseExecutor.java:418)
	at com.kms.katalon.core.main.TestCaseExecutor.accessMainPhase(TestCaseExecutor.java:410)
	at com.kms.katalon.core.main.TestCaseExecutor.execute(TestCaseExecutor.java:285)
	at com.kms.katalon.core.common.CommonExecutor.accessTestCaseMainPhase(CommonExecutor.java:65)
	at com.kms.katalon.core.main.TestSuiteExecutor.accessTestSuiteMainPhase(TestSuiteExecutor.java:150)
	at com.kms.katalon.core.main.TestSuiteExecutor.execute(TestSuiteExecutor.java:106)
	at com.kms.katalon.core.main.TestCaseMain.startTestSuite(TestCaseMain.java:180)
	at TempTestSuite1737837875715.run(TempTestSuite1737837875715.groovy:35)
	at java.base/jdk.internal.reflect.NativeMethodAccessorImpl.invoke0(Native Method)
	at java.base/jdk.internal.reflect.NativeMethodAccessorImpl.invoke(NativeMethodAccessorImpl.java:77)
	at java.base/jdk.internal.reflect.DelegatingMethodAccessorImpl.invoke(DelegatingMethodAccessorImpl.java:43)
)

25-01-2025T14:46:06 - [MESSAGE][WARNING] - Text 'The password should be at least twelve characters long; should include numbers, letters, capitals; may have special characters (@, #, *, spaces, etc.) and may include a passphrase.' is not present on page  (Root cause: com.kms.katalon.core.exception.StepFailedException: Text 'The password should be at least twelve characters long; should include numbers, letters, capitals; may have special characters (@, #, *, spaces, etc.) and may include a passphrase.' is not present on page 
	at com.kms.katalon.core.webui.keyword.internal.WebUIKeywordMain.stepFailed(WebUIKeywordMain.groovy:117)
	at com.kms.katalon.core.webui.keyword.builtin.VerifyTextPresentKeyword$_verifyTextPresent_closure1.doCall(VerifyTextPresentKeyword.groovy:79)
	at com.kms.katalon.core.webui.keyword.builtin.VerifyTextPresentKeyword$_verifyTextPresent_closure1.call(VerifyTextPresentKeyword.groovy)
	at com.kms.katalon.core.webui.keyword.internal.WebUIKeywordMain.runKeyword(WebUIKeywordMain.groovy:35)
	at com.kms.katalon.core.webui.keyword.builtin.VerifyTextPresentKeyword.verifyTextPresent(VerifyTextPresentKeyword.groovy:83)
	at com.kms.katalon.core.webui.keyword.builtin.VerifyTextPresentKeyword.execute(VerifyTextPresentKeyword.groovy:68)
	at com.kms.katalon.core.keyword.internal.KeywordExecutor.executeKeywordForPlatform(KeywordExecutor.groovy:74)
	at com.kms.katalon.core.webui.keyword.WebUiBuiltInKeywords.verifyTextPresent(WebUiBuiltInKeywords.groovy:1746)
	at Test Field Error Messages.run(Test Field Error Messages:40)
	at com.kms.katalon.core.main.ScriptEngine.run(ScriptEngine.java:194)
	at com.kms.katalon.core.main.ScriptEngine.runScriptAsRawText(ScriptEngine.java:119)
	at com.kms.katalon.core.main.TestCaseExecutor.runScript(TestCaseExecutor.java:448)
	at com.kms.katalon.core.main.TestCaseExecutor.doExecute(TestCaseExecutor.java:439)
	at com.kms.katalon.core.main.TestCaseExecutor.processExecutionPhase(TestCaseExecutor.java:418)
	at com.kms.katalon.core.main.TestCaseExecutor.accessMainPhase(TestCaseExecutor.java:410)
	at com.kms.katalon.core.main.TestCaseExecutor.execute(TestCaseExecutor.java:285)
	at com.kms.katalon.core.main.TestCaseMain.runTestCase(TestCaseMain.java:137)
	at com.kms.katalon.core.keyword.builtin.CallTestCaseKeyword$_callTestCase_closure1.doCall(CallTestCaseKeyword.groovy:59)
	at com.kms.katalon.core.keyword.builtin.CallTestCaseKeyword$_callTestCase_closure1.call(CallTestCaseKeyword.groovy)
	at com.kms.katalon.core.keyword.internal.KeywordMain.runKeyword(KeywordMain.groovy:75)
	at com.kms.katalon.core.keyword.builtin.CallTestCaseKeyword.callTestCase(CallTestCaseKeyword.groovy:81)
	at com.kms.katalon.core.keyword.builtin.CallTestCaseKeyword.execute(CallTestCaseKeyword.groovy:44)
	at com.kms.katalon.core.keyword.internal.KeywordExecutor.executeKeywordForPlatform(KeywordExecutor.groovy:74)
	at com.kms.katalon.core.keyword.BuiltinKeywords.callTestCase(BuiltinKeywords.groovy:310)
	at java.base/jdk.internal.reflect.NativeMethodAccessorImpl.invoke0(Native Method)
	at java.base/jdk.internal.reflect.NativeMethodAccessorImpl.invoke(NativeMethodAccessorImpl.java:77)
	at java.base/jdk.internal.reflect.DelegatingMethodAccessorImpl.invoke(DelegatingMethodAccessorImpl.java:43)
	at Register Education Partner.run(Register Education Partner:235)
	at com.kms.katalon.core.main.ScriptEngine.run(ScriptEngine.java:194)
	at com.kms.katalon.core.main.ScriptEngine.runScriptAsRawText(ScriptEngine.java:119)
	at com.kms.katalon.core.main.TestCaseExecutor.runScript(TestCaseExecutor.java:448)
	at com.kms.katalon.core.main.TestCaseExecutor.doExecute(TestCaseExecutor.java:439)
	at com.kms.katalon.core.main.TestCaseExecutor.processExecutionPhase(TestCaseExecutor.java:418)
	at com.kms.katalon.core.main.TestCaseExecutor.accessMainPhase(TestCaseExecutor.java:410)
	at com.kms.katalon.core.main.TestCaseExecutor.execute(TestCaseExecutor.java:285)
	at com.kms.katalon.core.common.CommonExecutor.accessTestCaseMainPhase(CommonExecutor.java:65)
	at com.kms.katalon.core.main.TestSuiteExecutor.accessTestSuiteMainPhase(TestSuiteExecutor.java:150)
	at com.kms.katalon.core.main.TestSuiteExecutor.execute(TestSuiteExecutor.java:106)
	at com.kms.katalon.core.main.TestCaseMain.startTestSuite(TestCaseMain.java:180)
	at TempTestSuite1737837875715.run(TempTestSuite1737837875715.groovy:35)
	at java.base/jdk.internal.reflect.NativeMethodAccessorImpl.invoke0(Native Method)
	at java.base/jdk.internal.reflect.NativeMethodAccessorImpl.invoke(NativeMethodAccessorImpl.java:77)
	at java.base/jdk.internal.reflect.DelegatingMethodAccessorImpl.invoke(DelegatingMethodAccessorImpl.java:43)
)

25-01-2025T14:46:06 - [TEST_STEP][PASSED] - println(field + ":" + msg): null

25-01-2025T14:46:06 - [TEST_STEP][PASSED] - if (!(msg)): null

25-01-2025T14:46:06 - [TEST_STEP][PASSED] - outText = "--- The expected error message "" + errorMsg + "" for field " + field + " was not found.": null

25-01-2025T14:46:06 - [TEST_STEP][PASSED] - println(outText): null

25-01-2025T14:46:06 - [TEST_STEP][PASSED] - outFile.append(outText + "
"): null

25-01-2025T14:46:06 - [TEST_STEP][PASSED] - errorMsg = requiredFieldMsgs.get(field): null

25-01-2025T14:46:06 - [TEST_STEP][PASSED] - msg = verifyTextPresent(errorMsg, false, OPTIONAL): Text 'Please enter a valid email address.' is present on page 

25-01-2025T14:46:06 - [MESSAGE][PASSED] - Text 'Please enter a valid email address.' is present on page 

25-01-2025T14:46:06 - [TEST_STEP][PASSED] - println(field + ":" + msg): null

25-01-2025T14:46:06 - [TEST_STEP][PASSED] - if (!(msg)): null

25-01-2025T14:46:06 - [TEST_STEP][PASSED] - delay(fieldTestDelay): Delayed 0 second(s)

25-01-2025T14:46:06 - [MESSAGE][PASSED] - Delayed 0 second(s)

25-01-2025T14:46:06 - [MESSAGE][PASSED] - Call Test Case 'Test Cases/_Functions/Test Field Error Messages' successfully

25-01-2025T14:46:06 - [TEST_STEP][PASSED] - object = "Education Partner Profile/Register/input_Username": null

25-01-2025T14:46:06 - [TEST_STEP][PASSED] - callTestCase(findTestCase("_Functions/Perform Action"), ["varAction":"setText", "varObject":object, "varParm1":username], STOP_ON_FAILURE): Call Test Case 'Test Cases/_Functions/Perform Action' successfully

25-01-2025T14:46:06 - [TEST_CASE][PASSED] - Test Cases/_Functions/Perform Action: Test Cases/_Functions/Perform Action

25-01-2025T14:46:06 - [TEST_STEP][PASSED] - action = varAction: null

25-01-2025T14:46:06 - [TEST_STEP][PASSED] - println(action): null

25-01-2025T14:46:06 - [TEST_STEP][PASSED] - testObject = varObject: null

25-01-2025T14:46:06 - [TEST_STEP][PASSED] - println(testObject): null

25-01-2025T14:46:06 - [TEST_STEP][PASSED] - parm1 = varParm1: null

25-01-2025T14:46:06 - [TEST_STEP][PASSED] - println(parm1): null

25-01-2025T14:46:06 - [TEST_STEP][PASSED] - println("Converting " + testObject + " to web element"): null

25-01-2025T14:46:06 - [TEST_STEP][PASSED] - element = findWebElement(findTestObject(testObject), 1): null

25-01-2025T14:46:06 - [TEST_STEP][PASSED] - loc = element.getLocation(): null

25-01-2025T14:46:06 - [TEST_STEP][PASSED] - y = loc.getY(): null

25-01-2025T14:46:06 - [TEST_STEP][PASSED] - println("Y location is " + y): null

25-01-2025T14:46:06 - [TEST_STEP][PASSED] - top = getViewportTopPosition(): Current viewport's top (y) position is 0

25-01-2025T14:46:06 - [MESSAGE][PASSED] - Current viewport's top (y) position is 0

25-01-2025T14:46:06 - [TEST_STEP][PASSED] - println("Viewport top is " + top): null

25-01-2025T14:46:06 - [TEST_STEP][PASSED] - bottom = top + 600: null

25-01-2025T14:46:06 - [TEST_STEP][PASSED] - if (y - top < 150 || bottom - y < 10): null

25-01-2025T14:46:06 - [TEST_STEP][PASSED] - if (action == "click"): null

25-01-2025T14:46:06 - [TEST_STEP][PASSED] - else if (action == "selectOptionByValue"): null

25-01-2025T14:46:06 - [TEST_STEP][PASSED] - else if (action == "setText"): Text 'cktest06ep' is set on object 'Object Repository/Education Partner Profile/Register/input_Username'

25-01-2025T14:46:06 - [TEST_STEP][PASSED] - println("Setting text " + parm1): null

25-01-2025T14:46:06 - [TEST_STEP][PASSED] - setText(findTestObject(testObject), parm1): Text 'cktest06ep' is set on object 'Object Repository/Education Partner Profile/Register/input_Username'

25-01-2025T14:46:06 - [MESSAGE][PASSED] - Text 'cktest06ep' is set on object 'Object Repository/Education Partner Profile/Register/input_Username'

25-01-2025T14:46:06 - [MESSAGE][PASSED] - Call Test Case 'Test Cases/_Functions/Perform Action' successfully

25-01-2025T14:46:06 - [TEST_STEP][PASSED] - object = "Education Partner Profile/Register/input_Password": null

25-01-2025T14:46:06 - [TEST_STEP][PASSED] - callTestCase(findTestCase("_Functions/Perform Action"), ["varAction":"setEncryptedText", "varObject":object, "varParm1":password], STOP_ON_FAILURE): Call Test Case 'Test Cases/_Functions/Perform Action' successfully

25-01-2025T14:46:06 - [TEST_CASE][PASSED] - Test Cases/_Functions/Perform Action: Test Cases/_Functions/Perform Action

25-01-2025T14:46:06 - [TEST_STEP][PASSED] - action = varAction: null

25-01-2025T14:46:06 - [TEST_STEP][PASSED] - println(action): null

25-01-2025T14:46:06 - [TEST_STEP][PASSED] - testObject = varObject: null

25-01-2025T14:46:06 - [TEST_STEP][PASSED] - println(testObject): null

25-01-2025T14:46:06 - [TEST_STEP][PASSED] - parm1 = varParm1: null

25-01-2025T14:46:06 - [TEST_STEP][PASSED] - println(parm1): null

25-01-2025T14:46:06 - [TEST_STEP][PASSED] - println("Converting " + testObject + " to web element"): null

25-01-2025T14:46:06 - [TEST_STEP][PASSED] - element = findWebElement(findTestObject(testObject), 1): null

25-01-2025T14:46:06 - [TEST_STEP][PASSED] - loc = element.getLocation(): null

25-01-2025T14:46:06 - [TEST_STEP][PASSED] - y = loc.getY(): null

25-01-2025T14:46:06 - [TEST_STEP][PASSED] - println("Y location is " + y): null

25-01-2025T14:46:06 - [TEST_STEP][PASSED] - top = getViewportTopPosition(): Current viewport's top (y) position is 0

25-01-2025T14:46:06 - [MESSAGE][PASSED] - Current viewport's top (y) position is 0

25-01-2025T14:46:06 - [TEST_STEP][PASSED] - println("Viewport top is " + top): null

25-01-2025T14:46:06 - [TEST_STEP][PASSED] - bottom = top + 600: null

25-01-2025T14:46:06 - [TEST_STEP][PASSED] - if (y - top < 150 || bottom - y < 10): null

25-01-2025T14:46:06 - [TEST_STEP][PASSED] - if (action == "click"): null

25-01-2025T14:46:06 - [TEST_STEP][PASSED] - else if (action == "selectOptionByValue"): null

25-01-2025T14:46:06 - [TEST_STEP][PASSED] - else if (action == "setText"): null

25-01-2025T14:46:06 - [TEST_STEP][PASSED] - else if (action == "setEncryptedText"): Text ****** has been set on object 'Object Repository/Education Partner Profile/Register/input_Password'

25-01-2025T14:46:06 - [TEST_STEP][PASSED] - println("Setting encrypted text " + parm1): null

25-01-2025T14:46:06 - [TEST_STEP][PASSED] - setEncryptedText(findTestObject(testObject), parm1): Text ****** has been set on object 'Object Repository/Education Partner Profile/Register/input_Password'

25-01-2025T14:46:06 - [MESSAGE][PASSED] - Text ****** has been set on object 'Object Repository/Education Partner Profile/Register/input_Password'

25-01-2025T14:46:06 - [MESSAGE][PASSED] - Call Test Case 'Test Cases/_Functions/Perform Action' successfully

25-01-2025T14:46:06 - [TEST_STEP][PASSED] - object = "Education Partner Profile/Register/input_Key Contact Email": null

25-01-2025T14:46:06 - [TEST_STEP][PASSED] - callTestCase(findTestCase("_Functions/Perform Action"), ["varAction":"setText", "varObject":object, "varParm1":email], STOP_ON_FAILURE): Call Test Case 'Test Cases/_Functions/Perform Action' successfully

25-01-2025T14:46:06 - [TEST_CASE][PASSED] - Test Cases/_Functions/Perform Action: Test Cases/_Functions/Perform Action

25-01-2025T14:46:06 - [TEST_STEP][PASSED] - action = varAction: null

25-01-2025T14:46:06 - [TEST_STEP][PASSED] - println(action): null

25-01-2025T14:46:06 - [TEST_STEP][PASSED] - testObject = varObject: null

25-01-2025T14:46:06 - [TEST_STEP][PASSED] - println(testObject): null

25-01-2025T14:46:06 - [TEST_STEP][PASSED] - parm1 = varParm1: null

25-01-2025T14:46:06 - [TEST_STEP][PASSED] - println(parm1): null

25-01-2025T14:46:06 - [TEST_STEP][PASSED] - println("Converting " + testObject + " to web element"): null

25-01-2025T14:46:06 - [TEST_STEP][PASSED] - element = findWebElement(findTestObject(testObject), 1): null

25-01-2025T14:46:06 - [TEST_STEP][PASSED] - loc = element.getLocation(): null

25-01-2025T14:46:06 - [TEST_STEP][PASSED] - y = loc.getY(): null

25-01-2025T14:46:06 - [TEST_STEP][PASSED] - println("Y location is " + y): null

25-01-2025T14:46:06 - [TEST_STEP][PASSED] - top = getViewportTopPosition(): Current viewport's top (y) position is 0

25-01-2025T14:46:06 - [MESSAGE][PASSED] - Current viewport's top (y) position is 0

25-01-2025T14:46:06 - [TEST_STEP][PASSED] - println("Viewport top is " + top): null

25-01-2025T14:46:06 - [TEST_STEP][PASSED] - bottom = top + 600: null

25-01-2025T14:46:06 - [TEST_STEP][PASSED] - if (y - top < 150 || bottom - y < 10): Delayed 1 second(s)

25-01-2025T14:46:06 - [TEST_STEP][PASSED] - scrollToPosition(0, y - 150): Browser is scrolled to position x = 0, y = 500

25-01-2025T14:46:06 - [MESSAGE][PASSED] - Browser is scrolled to position x = 0, y = 500

25-01-2025T14:46:06 - [TEST_STEP][PASSED] - delay(1): Delayed 1 second(s)

25-01-2025T14:46:07 - [MESSAGE][PASSED] - Delayed 1 second(s)

25-01-2025T14:46:07 - [TEST_STEP][PASSED] - if (action == "click"): null

25-01-2025T14:46:07 - [TEST_STEP][PASSED] - else if (action == "selectOptionByValue"): null

25-01-2025T14:46:07 - [TEST_STEP][PASSED] - else if (action == "setText"): Text 'cktest06@missionnext.org' is set on object 'Object Repository/Education Partner Profile/Register/input_Key Contact Email'

25-01-2025T14:46:07 - [TEST_STEP][PASSED] - println("Setting text " + parm1): null

25-01-2025T14:46:07 - [TEST_STEP][PASSED] - setText(findTestObject(testObject), parm1): Text 'cktest06@missionnext.org' is set on object 'Object Repository/Education Partner Profile/Register/input_Key Contact Email'

25-01-2025T14:46:07 - [MESSAGE][PASSED] - Text 'cktest06@missionnext.org' is set on object 'Object Repository/Education Partner Profile/Register/input_Key Contact Email'

25-01-2025T14:46:07 - [MESSAGE][PASSED] - Call Test Case 'Test Cases/_Functions/Perform Action' successfully

25-01-2025T14:46:07 - [TEST_STEP][PASSED] - object = "Education Partner Profile/Register/button_Sign up": null

25-01-2025T14:46:07 - [TEST_STEP][PASSED] - callTestCase(findTestCase("_Functions/Perform Action"), ["varAction":"click", "varObject":object], STOP_ON_FAILURE): Call Test Case 'Test Cases/_Functions/Perform Action' successfully

25-01-2025T14:46:07 - [TEST_CASE][PASSED] - Test Cases/_Functions/Perform Action: Test Cases/_Functions/Perform Action

25-01-2025T14:46:07 - [TEST_STEP][PASSED] - action = varAction: null

25-01-2025T14:46:07 - [TEST_STEP][PASSED] - println(action): null

25-01-2025T14:46:07 - [TEST_STEP][PASSED] - testObject = varObject: null

25-01-2025T14:46:07 - [TEST_STEP][PASSED] - println(testObject): null

25-01-2025T14:46:07 - [TEST_STEP][PASSED] - parm1 = varParm1: null

25-01-2025T14:46:07 - [TEST_STEP][PASSED] - println(parm1): null

25-01-2025T14:46:07 - [TEST_STEP][PASSED] - println("Converting " + testObject + " to web element"): null

25-01-2025T14:46:07 - [TEST_STEP][PASSED] - element = findWebElement(findTestObject(testObject), 1): null

25-01-2025T14:46:07 - [TEST_STEP][PASSED] - loc = element.getLocation(): null

25-01-2025T14:46:07 - [TEST_STEP][PASSED] - y = loc.getY(): null

25-01-2025T14:46:07 - [TEST_STEP][PASSED] - println("Y location is " + y): null

25-01-2025T14:46:07 - [TEST_STEP][PASSED] - top = getViewportTopPosition(): Current viewport's top (y) position is 500

25-01-2025T14:46:07 - [MESSAGE][PASSED] - Current viewport's top (y) position is 500

25-01-2025T14:46:07 - [TEST_STEP][PASSED] - println("Viewport top is " + top): null

25-01-2025T14:46:07 - [TEST_STEP][PASSED] - bottom = top + 600: null

25-01-2025T14:46:07 - [TEST_STEP][PASSED] - if (y - top < 150 || bottom - y < 10): Delayed 1 second(s)

25-01-2025T14:46:07 - [TEST_STEP][PASSED] - scrollToPosition(0, y - 150): Browser is scrolled to position x = 0, y = 1429

25-01-2025T14:46:07 - [MESSAGE][PASSED] - Browser is scrolled to position x = 0, y = 1429

25-01-2025T14:46:07 - [TEST_STEP][PASSED] - delay(1): Delayed 1 second(s)

25-01-2025T14:46:08 - [MESSAGE][PASSED] - Delayed 1 second(s)

25-01-2025T14:46:08 - [TEST_STEP][PASSED] - if (action == "click"): Object: 'Object Repository/Education Partner Profile/Register/button_Sign up' is clicked on

25-01-2025T14:46:08 - [TEST_STEP][PASSED] - println("clicking"): null

25-01-2025T14:46:08 - [TEST_STEP][PASSED] - click(findTestObject(testObject)): Object: 'Object Repository/Education Partner Profile/Register/button_Sign up' is clicked on

25-01-2025T14:46:10 - [MESSAGE][PASSED] - Object: 'Object Repository/Education Partner Profile/Register/button_Sign up' is clicked on

25-01-2025T14:46:10 - [MESSAGE][PASSED] - Call Test Case 'Test Cases/_Functions/Perform Action' successfully

25-01-2025T14:46:10 - [TEST_STEP][PASSED] - waitForPageLoad(10): Wait for page load successfully

25-01-2025T14:46:10 - [MESSAGE][PASSED] - Wait for page load successfully

25-01-2025T14:46:10 - [TEST_STEP][PASSED] - fieldList = ["Key Contact First Name", "Key Contact Last Name", "Organization", "Description", "Website Address", "Meet Christian School Qualifications", "Partnership Agreement", "Terms and Conditions"]: null

25-01-2025T14:46:10 - [TEST_STEP][PASSED] - outText = "Verifying the field messages for " + fieldList + ".
": null

25-01-2025T14:46:10 - [TEST_STEP][PASSED] - outFile.append(outText): null

25-01-2025T14:46:10 - [TEST_STEP][PASSED] - callTestCase(findTestCase("_Functions/Test Field Error Messages"), ["varFieldList":fieldList, "varRequiredFieldMsgs":requiredFieldMsgs], STOP_ON_FAILURE): Call Test Case 'Test Cases/_Functions/Test Field Error Messages' successfully

25-01-2025T14:46:10 - [TEST_CASE][PASSED] - Test Cases/_Functions/Test Field Error Messages: Test Cases/_Functions/Test Field Error Messages

25-01-2025T14:46:10 - [TEST_STEP][PASSED] - count = callTestCase(findTestCase("_Functions/Find error messages"), ["varFunction":"count"], STOP_ON_FAILURE): Call Test Case 'Test Cases/_Functions/Find error messages' successfully

25-01-2025T14:46:10 - [TEST_CASE][PASSED] - Test Cases/_Functions/Find error messages: Test Cases/_Functions/Find error messages

25-01-2025T14:46:10 - [TEST_STEP][PASSED] - function = "count": null

25-01-2025T14:46:10 - [TEST_STEP][PASSED] - if (binding.hasVariable("varFunction")): null

25-01-2025T14:46:10 - [TEST_STEP][PASSED] - function = varFunction: null

25-01-2025T14:46:10 - [TEST_STEP][PASSED] - title = getWindowTitle(): Current window's title is: 'Education'

25-01-2025T14:46:10 - [MESSAGE][PASSED] - Current window's title is: 'Education'

25-01-2025T14:46:10 - [TEST_STEP][PASSED] - println("Page title is " + title): null

25-01-2025T14:46:10 - [TEST_STEP][PASSED] - driver = getWebDriver(): null

25-01-2025T14:46:10 - [TEST_STEP][PASSED] - elements = driver.findElements(By.xpath("//div[@class='col-sm-offset-3 col-sm-9 text-danger']")): null

25-01-2025T14:46:10 - [TEST_STEP][PASSED] - if (function == "count"): null

25-01-2025T14:46:10 - [TEST_STEP][PASSED] - return elements.size(): null

25-01-2025T14:46:10 - [MESSAGE][PASSED] - Call Test Case 'Test Cases/_Functions/Find error messages' successfully

25-01-2025T14:46:10 - [TEST_STEP][PASSED] - outFile = outFile: null

25-01-2025T14:46:10 - [TEST_STEP][PASSED] - if (count == 0): null

25-01-2025T14:46:10 - [TEST_STEP][PASSED] - else: Delayed 0 second(s)

25-01-2025T14:46:10 - [TEST_STEP][PASSED] - fieldList = varFieldList: null

25-01-2025T14:46:10 - [TEST_STEP][PASSED] - requiredFieldMsgs = varRequiredFieldMsgs: null

25-01-2025T14:46:10 - [TEST_STEP][PASSED] - outText = "Verifying error messages for fields " + fieldList: null

25-01-2025T14:46:10 - [TEST_STEP][PASSED] - for (def field : fieldList): null

25-01-2025T14:46:10 - [TEST_STEP][PASSED] - errorMsg = requiredFieldMsgs.get(field): null

25-01-2025T14:46:10 - [TEST_STEP][PASSED] - msg = verifyTextPresent(errorMsg, false, OPTIONAL): Text 'The First Name field is required.' is present on page 

25-01-2025T14:46:10 - [MESSAGE][PASSED] - Text 'The First Name field is required.' is present on page 

25-01-2025T14:46:10 - [TEST_STEP][PASSED] - println(field + ":" + msg): null

25-01-2025T14:46:10 - [TEST_STEP][PASSED] - if (!(msg)): null

25-01-2025T14:46:10 - [TEST_STEP][PASSED] - errorMsg = requiredFieldMsgs.get(field): null

25-01-2025T14:46:10 - [TEST_STEP][PASSED] - msg = verifyTextPresent(errorMsg, false, OPTIONAL): Text 'The last name field is required.' is present on page 

25-01-2025T14:46:10 - [MESSAGE][PASSED] - Text 'The last name field is required.' is present on page 

25-01-2025T14:46:10 - [TEST_STEP][PASSED] - println(field + ":" + msg): null

25-01-2025T14:46:10 - [TEST_STEP][PASSED] - if (!(msg)): null

25-01-2025T14:46:10 - [TEST_STEP][PASSED] - errorMsg = requiredFieldMsgs.get(field): null

25-01-2025T14:46:10 - [TEST_STEP][PASSED] - msg = verifyTextPresent(errorMsg, false, OPTIONAL): Text 'The organization name field is required.' is present on page 

25-01-2025T14:46:10 - [MESSAGE][PASSED] - Text 'The organization name field is required.' is present on page 

25-01-2025T14:46:10 - [TEST_STEP][PASSED] - println(field + ":" + msg): null

25-01-2025T14:46:10 - [TEST_STEP][PASSED] - if (!(msg)): null

25-01-2025T14:46:10 - [TEST_STEP][PASSED] - errorMsg = requiredFieldMsgs.get(field): null

25-01-2025T14:46:10 - [TEST_STEP][PASSED] - msg = verifyTextPresent(errorMsg, false, OPTIONAL): Text 'The description field is required.' is present on page 

25-01-2025T14:46:10 - [MESSAGE][PASSED] - Text 'The description field is required.' is present on page 

25-01-2025T14:46:10 - [TEST_STEP][PASSED] - println(field + ":" + msg): null

25-01-2025T14:46:10 - [TEST_STEP][PASSED] - if (!(msg)): null

25-01-2025T14:46:10 - [TEST_STEP][PASSED] - errorMsg = requiredFieldMsgs.get(field): null

25-01-2025T14:46:10 - [TEST_STEP][PASSED] - msg = verifyTextPresent(errorMsg, false, OPTIONAL): Text 'The website address field is required.' is present on page 

25-01-2025T14:46:10 - [MESSAGE][PASSED] - Text 'The website address field is required.' is present on page 

25-01-2025T14:46:10 - [TEST_STEP][PASSED] - println(field + ":" + msg): null

25-01-2025T14:46:10 - [TEST_STEP][PASSED] - if (!(msg)): null

25-01-2025T14:46:10 - [TEST_STEP][PASSED] - errorMsg = requiredFieldMsgs.get(field): null

25-01-2025T14:46:10 - [TEST_STEP][PASSED] - msg = verifyTextPresent(errorMsg, false, OPTIONAL): Text 'The meet qualifications for christian field is required.' is present on page 

25-01-2025T14:46:10 - [MESSAGE][PASSED] - Text 'The meet qualifications for christian field is required.' is present on page 

25-01-2025T14:46:10 - [TEST_STEP][PASSED] - println(field + ":" + msg): null

25-01-2025T14:46:10 - [TEST_STEP][PASSED] - if (!(msg)): null

25-01-2025T14:46:10 - [TEST_STEP][PASSED] - errorMsg = requiredFieldMsgs.get(field): null

25-01-2025T14:46:10 - [TEST_STEP][PASSED] - msg = verifyTextPresent(errorMsg, false, OPTIONAL): Text 'The partner agreement field is required.' is present on page 

25-01-2025T14:46:10 - [MESSAGE][PASSED] - Text 'The partner agreement field is required.' is present on page 

25-01-2025T14:46:10 - [TEST_STEP][PASSED] - println(field + ":" + msg): null

25-01-2025T14:46:10 - [TEST_STEP][PASSED] - if (!(msg)): null

25-01-2025T14:46:10 - [TEST_STEP][PASSED] - errorMsg = requiredFieldMsgs.get(field): null

25-01-2025T14:46:10 - [TEST_STEP][PASSED] - msg = verifyTextPresent(errorMsg, false, OPTIONAL): Text 'The terms and conditions field is required.' is present on page 

25-01-2025T14:46:10 - [MESSAGE][PASSED] - Text 'The terms and conditions field is required.' is present on page 

25-01-2025T14:46:10 - [TEST_STEP][PASSED] - println(field + ":" + msg): null

25-01-2025T14:46:10 - [TEST_STEP][PASSED] - if (!(msg)): null

25-01-2025T14:46:10 - [TEST_STEP][PASSED] - delay(fieldTestDelay): Delayed 0 second(s)

25-01-2025T14:46:10 - [MESSAGE][PASSED] - Delayed 0 second(s)

25-01-2025T14:46:10 - [MESSAGE][PASSED] - Call Test Case 'Test Cases/_Functions/Test Field Error Messages' successfully

25-01-2025T14:46:10 - [TEST_STEP][PASSED] - object = "Education Partner Profile/Register/input_Password": null

25-01-2025T14:46:10 - [TEST_STEP][PASSED] - callTestCase(findTestCase("_Functions/Perform Action"), ["varAction":"setEncryptedText", "varObject":object, "varParm1":password], STOP_ON_FAILURE): Call Test Case 'Test Cases/_Functions/Perform Action' successfully

25-01-2025T14:46:10 - [TEST_CASE][PASSED] - Test Cases/_Functions/Perform Action: Test Cases/_Functions/Perform Action

25-01-2025T14:46:10 - [TEST_STEP][PASSED] - action = varAction: null

25-01-2025T14:46:10 - [TEST_STEP][PASSED] - println(action): null

25-01-2025T14:46:10 - [TEST_STEP][PASSED] - testObject = varObject: null

25-01-2025T14:46:10 - [TEST_STEP][PASSED] - println(testObject): null

25-01-2025T14:46:10 - [TEST_STEP][PASSED] - parm1 = varParm1: null

25-01-2025T14:46:10 - [TEST_STEP][PASSED] - println(parm1): null

25-01-2025T14:46:10 - [TEST_STEP][PASSED] - println("Converting " + testObject + " to web element"): null

25-01-2025T14:46:10 - [TEST_STEP][PASSED] - element = findWebElement(findTestObject(testObject), 1): null

25-01-2025T14:46:10 - [TEST_STEP][PASSED] - loc = element.getLocation(): null

25-01-2025T14:46:10 - [TEST_STEP][PASSED] - y = loc.getY(): null

25-01-2025T14:46:10 - [TEST_STEP][PASSED] - println("Y location is " + y): null

25-01-2025T14:46:10 - [TEST_STEP][PASSED] - top = getViewportTopPosition(): Current viewport's top (y) position is 0

25-01-2025T14:46:10 - [MESSAGE][PASSED] - Current viewport's top (y) position is 0

25-01-2025T14:46:10 - [TEST_STEP][PASSED] - println("Viewport top is " + top): null

25-01-2025T14:46:10 - [TEST_STEP][PASSED] - bottom = top + 600: null

25-01-2025T14:46:10 - [TEST_STEP][PASSED] - if (y - top < 150 || bottom - y < 10): null

25-01-2025T14:46:10 - [TEST_STEP][PASSED] - if (action == "click"): null

25-01-2025T14:46:10 - [TEST_STEP][PASSED] - else if (action == "selectOptionByValue"): null

25-01-2025T14:46:10 - [TEST_STEP][PASSED] - else if (action == "setText"): null

25-01-2025T14:46:10 - [TEST_STEP][PASSED] - else if (action == "setEncryptedText"): Text ****** has been set on object 'Object Repository/Education Partner Profile/Register/input_Password'

25-01-2025T14:46:10 - [TEST_STEP][PASSED] - println("Setting encrypted text " + parm1): null

25-01-2025T14:46:10 - [TEST_STEP][PASSED] - setEncryptedText(findTestObject(testObject), parm1): Text ****** has been set on object 'Object Repository/Education Partner Profile/Register/input_Password'

25-01-2025T14:46:10 - [MESSAGE][PASSED] - Text ****** has been set on object 'Object Repository/Education Partner Profile/Register/input_Password'

25-01-2025T14:46:10 - [MESSAGE][PASSED] - Call Test Case 'Test Cases/_Functions/Perform Action' successfully

25-01-2025T14:46:10 - [TEST_STEP][PASSED] - object = "Education Partner Profile/Register/input_Key Contact First Name": null

25-01-2025T14:46:10 - [TEST_STEP][PASSED] - callTestCase(findTestCase("_Functions/Perform Action"), ["varAction":"setText", "varObject":object, "varParm1":first_name], STOP_ON_FAILURE): Call Test Case 'Test Cases/_Functions/Perform Action' successfully

25-01-2025T14:46:10 - [TEST_CASE][PASSED] - Test Cases/_Functions/Perform Action: Test Cases/_Functions/Perform Action

25-01-2025T14:46:10 - [TEST_STEP][PASSED] - action = varAction: null

25-01-2025T14:46:10 - [TEST_STEP][PASSED] - println(action): null

25-01-2025T14:46:10 - [TEST_STEP][PASSED] - testObject = varObject: null

25-01-2025T14:46:10 - [TEST_STEP][PASSED] - println(testObject): null

25-01-2025T14:46:10 - [TEST_STEP][PASSED] - parm1 = varParm1: null

25-01-2025T14:46:10 - [TEST_STEP][PASSED] - println(parm1): null

25-01-2025T14:46:10 - [TEST_STEP][PASSED] - println("Converting " + testObject + " to web element"): null

25-01-2025T14:46:10 - [TEST_STEP][PASSED] - element = findWebElement(findTestObject(testObject), 1): null

25-01-2025T14:46:10 - [TEST_STEP][PASSED] - loc = element.getLocation(): null

25-01-2025T14:46:10 - [TEST_STEP][PASSED] - y = loc.getY(): null

25-01-2025T14:46:10 - [TEST_STEP][PASSED] - println("Y location is " + y): null

25-01-2025T14:46:10 - [TEST_STEP][PASSED] - top = getViewportTopPosition(): Current viewport's top (y) position is 0

25-01-2025T14:46:10 - [MESSAGE][PASSED] - Current viewport's top (y) position is 0

25-01-2025T14:46:10 - [TEST_STEP][PASSED] - println("Viewport top is " + top): null

25-01-2025T14:46:10 - [TEST_STEP][PASSED] - bottom = top + 600: null

25-01-2025T14:46:10 - [TEST_STEP][PASSED] - if (y - top < 150 || bottom - y < 10): null

25-01-2025T14:46:10 - [TEST_STEP][PASSED] - if (action == "click"): null

25-01-2025T14:46:10 - [TEST_STEP][PASSED] - else if (action == "selectOptionByValue"): null

25-01-2025T14:46:10 - [TEST_STEP][PASSED] - else if (action == "setText"): Text 'cktest06ep TEST' is set on object 'Object Repository/Education Partner Profile/Register/input_Key Contact First Name'

25-01-2025T14:46:10 - [TEST_STEP][PASSED] - println("Setting text " + parm1): null

25-01-2025T14:46:10 - [TEST_STEP][PASSED] - setText(findTestObject(testObject), parm1): Text 'cktest06ep TEST' is set on object 'Object Repository/Education Partner Profile/Register/input_Key Contact First Name'

25-01-2025T14:46:10 - [MESSAGE][PASSED] - Text 'cktest06ep TEST' is set on object 'Object Repository/Education Partner Profile/Register/input_Key Contact First Name'

25-01-2025T14:46:10 - [MESSAGE][PASSED] - Call Test Case 'Test Cases/_Functions/Perform Action' successfully

25-01-2025T14:46:10 - [TEST_STEP][PASSED] - object = "Education Partner Profile/Register/input_Key Contact Last Name": null

25-01-2025T14:46:10 - [TEST_STEP][PASSED] - callTestCase(findTestCase("_Functions/Perform Action"), ["varAction":"setText", "varObject":object, "varParm1":last_name], STOP_ON_FAILURE): Call Test Case 'Test Cases/_Functions/Perform Action' successfully

25-01-2025T14:46:10 - [TEST_CASE][PASSED] - Test Cases/_Functions/Perform Action: Test Cases/_Functions/Perform Action

25-01-2025T14:46:10 - [TEST_STEP][PASSED] - action = varAction: null

25-01-2025T14:46:10 - [TEST_STEP][PASSED] - println(action): null

25-01-2025T14:46:10 - [TEST_STEP][PASSED] - testObject = varObject: null

25-01-2025T14:46:10 - [TEST_STEP][PASSED] - println(testObject): null

25-01-2025T14:46:10 - [TEST_STEP][PASSED] - parm1 = varParm1: null

25-01-2025T14:46:10 - [TEST_STEP][PASSED] - println(parm1): null

25-01-2025T14:46:10 - [TEST_STEP][PASSED] - println("Converting " + testObject + " to web element"): null

25-01-2025T14:46:10 - [TEST_STEP][PASSED] - element = findWebElement(findTestObject(testObject), 1): null

25-01-2025T14:46:10 - [TEST_STEP][PASSED] - loc = element.getLocation(): null

25-01-2025T14:46:10 - [TEST_STEP][PASSED] - y = loc.getY(): null

25-01-2025T14:46:10 - [TEST_STEP][PASSED] - println("Y location is " + y): null

25-01-2025T14:46:10 - [TEST_STEP][PASSED] - top = getViewportTopPosition(): Current viewport's top (y) position is 0

25-01-2025T14:46:10 - [MESSAGE][PASSED] - Current viewport's top (y) position is 0

25-01-2025T14:46:10 - [TEST_STEP][PASSED] - println("Viewport top is " + top): null

25-01-2025T14:46:10 - [TEST_STEP][PASSED] - bottom = top + 600: null

25-01-2025T14:46:10 - [TEST_STEP][PASSED] - if (y - top < 150 || bottom - y < 10): Delayed 1 second(s)

25-01-2025T14:46:10 - [TEST_STEP][PASSED] - scrollToPosition(0, y - 150): Browser is scrolled to position x = 0, y = 442

25-01-2025T14:46:10 - [MESSAGE][PASSED] - Browser is scrolled to position x = 0, y = 442

25-01-2025T14:46:10 - [TEST_STEP][PASSED] - delay(1): Delayed 1 second(s)

25-01-2025T14:46:11 - [MESSAGE][PASSED] - Delayed 1 second(s)

25-01-2025T14:46:11 - [TEST_STEP][PASSED] - if (action == "click"): null

25-01-2025T14:46:11 - [TEST_STEP][PASSED] - else if (action == "selectOptionByValue"): null

25-01-2025T14:46:11 - [TEST_STEP][PASSED] - else if (action == "setText"): Text 'Kosieracki' is set on object 'Object Repository/Education Partner Profile/Register/input_Key Contact Last Name'

25-01-2025T14:46:11 - [TEST_STEP][PASSED] - println("Setting text " + parm1): null

25-01-2025T14:46:11 - [TEST_STEP][PASSED] - setText(findTestObject(testObject), parm1): Text 'Kosieracki' is set on object 'Object Repository/Education Partner Profile/Register/input_Key Contact Last Name'

25-01-2025T14:46:11 - [MESSAGE][PASSED] - Text 'Kosieracki' is set on object 'Object Repository/Education Partner Profile/Register/input_Key Contact Last Name'

25-01-2025T14:46:11 - [MESSAGE][PASSED] - Call Test Case 'Test Cases/_Functions/Perform Action' successfully

25-01-2025T14:46:11 - [TEST_STEP][PASSED] - object = "Education Partner Profile/Register/input_Organization": null

25-01-2025T14:46:11 - [TEST_STEP][PASSED] - callTestCase(findTestCase("_Functions/Perform Action"), ["varAction":"setText", "varObject":object, "varParm1":organization], STOP_ON_FAILURE): Call Test Case 'Test Cases/_Functions/Perform Action' successfully

25-01-2025T14:46:11 - [TEST_CASE][PASSED] - Test Cases/_Functions/Perform Action: Test Cases/_Functions/Perform Action

25-01-2025T14:46:11 - [TEST_STEP][PASSED] - action = varAction: null

25-01-2025T14:46:11 - [TEST_STEP][PASSED] - println(action): null

25-01-2025T14:46:11 - [TEST_STEP][PASSED] - testObject = varObject: null

25-01-2025T14:46:11 - [TEST_STEP][PASSED] - println(testObject): null

25-01-2025T14:46:11 - [TEST_STEP][PASSED] - parm1 = varParm1: null

25-01-2025T14:46:11 - [TEST_STEP][PASSED] - println(parm1): null

25-01-2025T14:46:11 - [TEST_STEP][PASSED] - println("Converting " + testObject + " to web element"): null

25-01-2025T14:46:11 - [TEST_STEP][PASSED] - element = findWebElement(findTestObject(testObject), 1): null

25-01-2025T14:46:11 - [TEST_STEP][PASSED] - loc = element.getLocation(): null

25-01-2025T14:46:11 - [TEST_STEP][PASSED] - y = loc.getY(): null

25-01-2025T14:46:11 - [TEST_STEP][PASSED] - println("Y location is " + y): null

25-01-2025T14:46:11 - [TEST_STEP][PASSED] - top = getViewportTopPosition(): Current viewport's top (y) position is 442

25-01-2025T14:46:11 - [MESSAGE][PASSED] - Current viewport's top (y) position is 442

25-01-2025T14:46:11 - [TEST_STEP][PASSED] - println("Viewport top is " + top): null

25-01-2025T14:46:11 - [TEST_STEP][PASSED] - bottom = top + 600: null

25-01-2025T14:46:11 - [TEST_STEP][PASSED] - if (y - top < 150 || bottom - y < 10): null

25-01-2025T14:46:11 - [TEST_STEP][PASSED] - if (action == "click"): null

25-01-2025T14:46:11 - [TEST_STEP][PASSED] - else if (action == "selectOptionByValue"): null

25-01-2025T14:46:11 - [TEST_STEP][PASSED] - else if (action == "setText"): Text 'The CCK TEST Education Partner' is set on object 'Object Repository/Education Partner Profile/Register/input_Organization'

25-01-2025T14:46:11 - [TEST_STEP][PASSED] - println("Setting text " + parm1): null

25-01-2025T14:46:11 - [TEST_STEP][PASSED] - setText(findTestObject(testObject), parm1): Text 'The CCK TEST Education Partner' is set on object 'Object Repository/Education Partner Profile/Register/input_Organization'

25-01-2025T14:46:12 - [MESSAGE][PASSED] - Text 'The CCK TEST Education Partner' is set on object 'Object Repository/Education Partner Profile/Register/input_Organization'

25-01-2025T14:46:12 - [MESSAGE][PASSED] - Call Test Case 'Test Cases/_Functions/Perform Action' successfully

25-01-2025T14:46:12 - [TEST_STEP][PASSED] - object = "Education Partner Profile/Register/input_Abbreviation": null

25-01-2025T14:46:12 - [TEST_STEP][PASSED] - callTestCase(findTestCase("_Functions/Perform Action"), ["varAction":"setText", "varObject":object, "varParm1":abbreviation], STOP_ON_FAILURE): Call Test Case 'Test Cases/_Functions/Perform Action' successfully

25-01-2025T14:46:12 - [TEST_CASE][PASSED] - Test Cases/_Functions/Perform Action: Test Cases/_Functions/Perform Action

25-01-2025T14:46:12 - [TEST_STEP][PASSED] - action = varAction: null

25-01-2025T14:46:12 - [TEST_STEP][PASSED] - println(action): null

25-01-2025T14:46:12 - [TEST_STEP][PASSED] - testObject = varObject: null

25-01-2025T14:46:12 - [TEST_STEP][PASSED] - println(testObject): null

25-01-2025T14:46:12 - [TEST_STEP][PASSED] - parm1 = varParm1: null

25-01-2025T14:46:12 - [TEST_STEP][PASSED] - println(parm1): null

25-01-2025T14:46:12 - [TEST_STEP][PASSED] - println("Converting " + testObject + " to web element"): null

25-01-2025T14:46:12 - [TEST_STEP][PASSED] - element = findWebElement(findTestObject(testObject), 1): null

25-01-2025T14:46:12 - [TEST_STEP][PASSED] - loc = element.getLocation(): null

25-01-2025T14:46:12 - [TEST_STEP][PASSED] - y = loc.getY(): null

25-01-2025T14:46:12 - [TEST_STEP][PASSED] - println("Y location is " + y): null

25-01-2025T14:46:12 - [TEST_STEP][PASSED] - top = getViewportTopPosition(): Current viewport's top (y) position is 442

25-01-2025T14:46:12 - [MESSAGE][PASSED] - Current viewport's top (y) position is 442

25-01-2025T14:46:12 - [TEST_STEP][PASSED] - println("Viewport top is " + top): null

25-01-2025T14:46:12 - [TEST_STEP][PASSED] - bottom = top + 600: null

25-01-2025T14:46:12 - [TEST_STEP][PASSED] - if (y - top < 150 || bottom - y < 10): null

25-01-2025T14:46:12 - [TEST_STEP][PASSED] - if (action == "click"): null

25-01-2025T14:46:12 - [TEST_STEP][PASSED] - else if (action == "selectOptionByValue"): null

25-01-2025T14:46:12 - [TEST_STEP][PASSED] - else if (action == "setText"): Text 'CCK EP' is set on object 'Object Repository/Education Partner Profile/Register/input_Abbreviation'

25-01-2025T14:46:12 - [TEST_STEP][PASSED] - println("Setting text " + parm1): null

25-01-2025T14:46:12 - [TEST_STEP][PASSED] - setText(findTestObject(testObject), parm1): Text 'CCK EP' is set on object 'Object Repository/Education Partner Profile/Register/input_Abbreviation'

25-01-2025T14:46:12 - [MESSAGE][PASSED] - Text 'CCK EP' is set on object 'Object Repository/Education Partner Profile/Register/input_Abbreviation'

25-01-2025T14:46:12 - [MESSAGE][PASSED] - Call Test Case 'Test Cases/_Functions/Perform Action' successfully

25-01-2025T14:46:12 - [TEST_STEP][PASSED] - object = "Education Partner Profile/Register/select_World Region": null

25-01-2025T14:46:12 - [TEST_STEP][PASSED] - callTestCase(findTestCase("_Functions/Perform Action"), ["varAction":"selectOptionByValue", "varObject":object, "varParm1":world_region], STOP_ON_FAILURE): Call Test Case 'Test Cases/_Functions/Perform Action' successfully

25-01-2025T14:46:12 - [TEST_CASE][PASSED] - Test Cases/_Functions/Perform Action: Test Cases/_Functions/Perform Action

25-01-2025T14:46:12 - [TEST_STEP][PASSED] - action = varAction: null

25-01-2025T14:46:12 - [TEST_STEP][PASSED] - println(action): null

25-01-2025T14:46:12 - [TEST_STEP][PASSED] - testObject = varObject: null

25-01-2025T14:46:12 - [TEST_STEP][PASSED] - println(testObject): null

25-01-2025T14:46:12 - [TEST_STEP][PASSED] - parm1 = varParm1: null

25-01-2025T14:46:12 - [TEST_STEP][PASSED] - println(parm1): null

25-01-2025T14:46:12 - [TEST_STEP][PASSED] - println("Converting " + testObject + " to web element"): null

25-01-2025T14:46:12 - [TEST_STEP][PASSED] - element = findWebElement(findTestObject(testObject), 1): null

25-01-2025T14:46:12 - [TEST_STEP][PASSED] - loc = element.getLocation(): null

25-01-2025T14:46:12 - [TEST_STEP][PASSED] - y = loc.getY(): null

25-01-2025T14:46:12 - [TEST_STEP][PASSED] - println("Y location is " + y): null

25-01-2025T14:46:12 - [TEST_STEP][PASSED] - top = getViewportTopPosition(): Current viewport's top (y) position is 442

25-01-2025T14:46:12 - [MESSAGE][PASSED] - Current viewport's top (y) position is 442

25-01-2025T14:46:12 - [TEST_STEP][PASSED] - println("Viewport top is " + top): null

25-01-2025T14:46:12 - [TEST_STEP][PASSED] - bottom = top + 600: null

25-01-2025T14:46:12 - [TEST_STEP][PASSED] - if (y - top < 150 || bottom - y < 10): null

25-01-2025T14:46:12 - [TEST_STEP][PASSED] - if (action == "click"): null

25-01-2025T14:46:12 - [TEST_STEP][PASSED] - else if (action == "selectOptionByValue"): All options with value 'North America' are selected in object 'Object Repository/Education Partner Profile/Register/select_World Region' 

25-01-2025T14:46:12 - [TEST_STEP][PASSED] - println("Selecting " + parm1): null

25-01-2025T14:46:12 - [TEST_STEP][PASSED] - selectOptionByValue(findTestObject(testObject), parm1, false): All options with value 'North America' are selected in object 'Object Repository/Education Partner Profile/Register/select_World Region' 

25-01-2025T14:46:12 - [MESSAGE][PASSED] - All options with value 'North America' are selected in object 'Object Repository/Education Partner Profile/Register/select_World Region' 

25-01-2025T14:46:12 - [MESSAGE][PASSED] - Call Test Case 'Test Cases/_Functions/Perform Action' successfully

25-01-2025T14:46:12 - [TEST_STEP][PASSED] - object = "Education Partner Profile/Register/select_Country": null

25-01-2025T14:46:12 - [TEST_STEP][PASSED] - callTestCase(findTestCase("_Functions/Perform Action"), ["varAction":"selectOptionByValue", "varObject":object, "varParm1":country], STOP_ON_FAILURE): Call Test Case 'Test Cases/_Functions/Perform Action' successfully

25-01-2025T14:46:12 - [TEST_CASE][PASSED] - Test Cases/_Functions/Perform Action: Test Cases/_Functions/Perform Action

25-01-2025T14:46:12 - [TEST_STEP][PASSED] - action = varAction: null

25-01-2025T14:46:12 - [TEST_STEP][PASSED] - println(action): null

25-01-2025T14:46:12 - [TEST_STEP][PASSED] - testObject = varObject: null

25-01-2025T14:46:12 - [TEST_STEP][PASSED] - println(testObject): null

25-01-2025T14:46:12 - [TEST_STEP][PASSED] - parm1 = varParm1: null

25-01-2025T14:46:12 - [TEST_STEP][PASSED] - println(parm1): null

25-01-2025T14:46:12 - [TEST_STEP][PASSED] - println("Converting " + testObject + " to web element"): null

25-01-2025T14:46:12 - [TEST_STEP][PASSED] - element = findWebElement(findTestObject(testObject), 1): null

25-01-2025T14:46:12 - [TEST_STEP][PASSED] - loc = element.getLocation(): null

25-01-2025T14:46:12 - [TEST_STEP][PASSED] - y = loc.getY(): null

25-01-2025T14:46:12 - [TEST_STEP][PASSED] - println("Y location is " + y): null

25-01-2025T14:46:12 - [TEST_STEP][PASSED] - top = getViewportTopPosition(): Current viewport's top (y) position is 442

25-01-2025T14:46:12 - [MESSAGE][PASSED] - Current viewport's top (y) position is 442

25-01-2025T14:46:12 - [TEST_STEP][PASSED] - println("Viewport top is " + top): null

25-01-2025T14:46:12 - [TEST_STEP][PASSED] - bottom = top + 600: null

25-01-2025T14:46:12 - [TEST_STEP][PASSED] - if (y - top < 150 || bottom - y < 10): null

25-01-2025T14:46:12 - [TEST_STEP][PASSED] - if (action == "click"): null

25-01-2025T14:46:12 - [TEST_STEP][PASSED] - else if (action == "selectOptionByValue"): All options with value 'United States' are selected in object 'Object Repository/Education Partner Profile/Register/select_Country' 

25-01-2025T14:46:12 - [TEST_STEP][PASSED] - println("Selecting " + parm1): null

25-01-2025T14:46:12 - [TEST_STEP][PASSED] - selectOptionByValue(findTestObject(testObject), parm1, false): All options with value 'United States' are selected in object 'Object Repository/Education Partner Profile/Register/select_Country' 

25-01-2025T14:46:12 - [MESSAGE][PASSED] - All options with value 'United States' are selected in object 'Object Repository/Education Partner Profile/Register/select_Country' 

25-01-2025T14:46:12 - [MESSAGE][PASSED] - Call Test Case 'Test Cases/_Functions/Perform Action' successfully

25-01-2025T14:46:12 - [TEST_STEP][PASSED] - object = "Education Partner Profile/Register/textarea_Description": null

25-01-2025T14:46:12 - [TEST_STEP][PASSED] - callTestCase(findTestCase("_Functions/Perform Action"), ["varAction":"setText", "varObject":object, "varParm1":description], STOP_ON_FAILURE): Call Test Case 'Test Cases/_Functions/Perform Action' successfully

25-01-2025T14:46:12 - [TEST_CASE][PASSED] - Test Cases/_Functions/Perform Action: Test Cases/_Functions/Perform Action

25-01-2025T14:46:12 - [TEST_STEP][PASSED] - action = varAction: null

25-01-2025T14:46:12 - [TEST_STEP][PASSED] - println(action): null

25-01-2025T14:46:12 - [TEST_STEP][PASSED] - testObject = varObject: null

25-01-2025T14:46:12 - [TEST_STEP][PASSED] - println(testObject): null

25-01-2025T14:46:12 - [TEST_STEP][PASSED] - parm1 = varParm1: null

25-01-2025T14:46:12 - [TEST_STEP][PASSED] - println(parm1): null

25-01-2025T14:46:12 - [TEST_STEP][PASSED] - println("Converting " + testObject + " to web element"): null

25-01-2025T14:46:12 - [TEST_STEP][PASSED] - element = findWebElement(findTestObject(testObject), 1): null

25-01-2025T14:46:12 - [TEST_STEP][PASSED] - loc = element.getLocation(): null

25-01-2025T14:46:12 - [TEST_STEP][PASSED] - y = loc.getY(): null

25-01-2025T14:46:12 - [TEST_STEP][PASSED] - println("Y location is " + y): null

25-01-2025T14:46:12 - [TEST_STEP][PASSED] - top = getViewportTopPosition(): Current viewport's top (y) position is 442

25-01-2025T14:46:12 - [MESSAGE][PASSED] - Current viewport's top (y) position is 442

25-01-2025T14:46:12 - [TEST_STEP][PASSED] - println("Viewport top is " + top): null

25-01-2025T14:46:12 - [TEST_STEP][PASSED] - bottom = top + 600: null

25-01-2025T14:46:12 - [TEST_STEP][PASSED] - if (y - top < 150 || bottom - y < 10): null

25-01-2025T14:46:12 - [TEST_STEP][PASSED] - if (action == "click"): null

25-01-2025T14:46:12 - [TEST_STEP][PASSED] - else if (action == "selectOptionByValue"): null

25-01-2025T14:46:12 - [TEST_STEP][PASSED] - else if (action == "setText"): Text 'An education partner ministry' is set on object 'Object Repository/Education Partner Profile/Register/textarea_Description'

25-01-2025T14:46:12 - [TEST_STEP][PASSED] - println("Setting text " + parm1): null

25-01-2025T14:46:12 - [TEST_STEP][PASSED] - setText(findTestObject(testObject), parm1): Text 'An education partner ministry' is set on object 'Object Repository/Education Partner Profile/Register/textarea_Description'

25-01-2025T14:46:12 - [MESSAGE][PASSED] - Text 'An education partner ministry' is set on object 'Object Repository/Education Partner Profile/Register/textarea_Description'

25-01-2025T14:46:12 - [MESSAGE][PASSED] - Call Test Case 'Test Cases/_Functions/Perform Action' successfully

25-01-2025T14:46:12 - [TEST_STEP][PASSED] - website = "https://" + domain: null

25-01-2025T14:46:12 - [TEST_STEP][PASSED] - object = "Education Partner Profile/Register/input_Website Address": null

25-01-2025T14:46:12 - [TEST_STEP][PASSED] - callTestCase(findTestCase("_Functions/Perform Action"), ["varAction":"setText", "varObject":object, "varParm1":website], STOP_ON_FAILURE): Call Test Case 'Test Cases/_Functions/Perform Action' successfully

25-01-2025T14:46:12 - [TEST_CASE][PASSED] - Test Cases/_Functions/Perform Action: Test Cases/_Functions/Perform Action

25-01-2025T14:46:12 - [TEST_STEP][PASSED] - action = varAction: null

25-01-2025T14:46:12 - [TEST_STEP][PASSED] - println(action): null

25-01-2025T14:46:12 - [TEST_STEP][PASSED] - testObject = varObject: null

25-01-2025T14:46:12 - [TEST_STEP][PASSED] - println(testObject): null

25-01-2025T14:46:12 - [TEST_STEP][PASSED] - parm1 = varParm1: null

25-01-2025T14:46:12 - [TEST_STEP][PASSED] - println(parm1): null

25-01-2025T14:46:12 - [TEST_STEP][PASSED] - println("Converting " + testObject + " to web element"): null

25-01-2025T14:46:12 - [TEST_STEP][PASSED] - element = findWebElement(findTestObject(testObject), 1): null

25-01-2025T14:46:12 - [TEST_STEP][PASSED] - loc = element.getLocation(): null

25-01-2025T14:46:12 - [TEST_STEP][PASSED] - y = loc.getY(): null

25-01-2025T14:46:12 - [TEST_STEP][PASSED] - println("Y location is " + y): null

25-01-2025T14:46:12 - [TEST_STEP][PASSED] - top = getViewportTopPosition(): Current viewport's top (y) position is 442

25-01-2025T14:46:12 - [MESSAGE][PASSED] - Current viewport's top (y) position is 442

25-01-2025T14:46:12 - [TEST_STEP][PASSED] - println("Viewport top is " + top): null

25-01-2025T14:46:12 - [TEST_STEP][PASSED] - bottom = top + 600: null

25-01-2025T14:46:12 - [TEST_STEP][PASSED] - if (y - top < 150 || bottom - y < 10): Delayed 1 second(s)

25-01-2025T14:46:12 - [TEST_STEP][PASSED] - scrollToPosition(0, y - 150): Browser is scrolled to position x = 0, y = 980

25-01-2025T14:46:12 - [MESSAGE][PASSED] - Browser is scrolled to position x = 0, y = 980

25-01-2025T14:46:12 - [TEST_STEP][PASSED] - delay(1): Delayed 1 second(s)

25-01-2025T14:46:13 - [MESSAGE][PASSED] - Delayed 1 second(s)

25-01-2025T14:46:13 - [TEST_STEP][PASSED] - if (action == "click"): null

25-01-2025T14:46:13 - [TEST_STEP][PASSED] - else if (action == "selectOptionByValue"): null

25-01-2025T14:46:13 - [TEST_STEP][PASSED] - else if (action == "setText"): Text 'https://missionnext.org' is set on object 'Object Repository/Education Partner Profile/Register/input_Website Address'

25-01-2025T14:46:13 - [TEST_STEP][PASSED] - println("Setting text " + parm1): null

25-01-2025T14:46:13 - [TEST_STEP][PASSED] - setText(findTestObject(testObject), parm1): Text 'https://missionnext.org' is set on object 'Object Repository/Education Partner Profile/Register/input_Website Address'

25-01-2025T14:46:13 - [MESSAGE][PASSED] - Text 'https://missionnext.org' is set on object 'Object Repository/Education Partner Profile/Register/input_Website Address'

25-01-2025T14:46:13 - [MESSAGE][PASSED] - Call Test Case 'Test Cases/_Functions/Perform Action' successfully

25-01-2025T14:46:13 - [TEST_STEP][PASSED] - orgs = affiliated_orgs: null

25-01-2025T14:46:13 - [TEST_STEP][PASSED] - for (def org : orgs): Call Test Case 'Test Cases/_Functions/Perform Action' successfully

25-01-2025T14:46:13 - [TEST_STEP][PASSED] - myObject = testObjectFolder + "checkbox_" + org: null

25-01-2025T14:46:13 - [TEST_STEP][PASSED] - callTestCase(findTestCase("_Functions/Perform Action"), ["varAction":"click", "varObject":myObject], STOP_ON_FAILURE): Call Test Case 'Test Cases/_Functions/Perform Action' successfully

25-01-2025T14:46:13 - [TEST_CASE][PASSED] - Test Cases/_Functions/Perform Action: Test Cases/_Functions/Perform Action

25-01-2025T14:46:13 - [TEST_STEP][PASSED] - action = varAction: null

25-01-2025T14:46:13 - [TEST_STEP][PASSED] - println(action): null

25-01-2025T14:46:13 - [TEST_STEP][PASSED] - testObject = varObject: null

25-01-2025T14:46:13 - [TEST_STEP][PASSED] - println(testObject): null

25-01-2025T14:46:13 - [TEST_STEP][PASSED] - parm1 = varParm1: null

25-01-2025T14:46:13 - [TEST_STEP][PASSED] - println(parm1): null

25-01-2025T14:46:13 - [TEST_STEP][PASSED] - println("Converting " + testObject + " to web element"): null

25-01-2025T14:46:13 - [TEST_STEP][PASSED] - element = findWebElement(findTestObject(testObject), 1): null

25-01-2025T14:46:13 - [TEST_STEP][PASSED] - loc = element.getLocation(): null

25-01-2025T14:46:13 - [TEST_STEP][PASSED] - y = loc.getY(): null

25-01-2025T14:46:13 - [TEST_STEP][PASSED] - println("Y location is " + y): null

25-01-2025T14:46:13 - [TEST_STEP][PASSED] - top = getViewportTopPosition(): Current viewport's top (y) position is 980

25-01-2025T14:46:13 - [MESSAGE][PASSED] - Current viewport's top (y) position is 980

25-01-2025T14:46:13 - [TEST_STEP][PASSED] - println("Viewport top is " + top): null

25-01-2025T14:46:13 - [TEST_STEP][PASSED] - bottom = top + 600: null

25-01-2025T14:46:13 - [TEST_STEP][PASSED] - if (y - top < 150 || bottom - y < 10): null

25-01-2025T14:46:13 - [TEST_STEP][PASSED] - if (action == "click"): Object: 'Object Repository/Education Partner Profile/Register/checkbox_ECFA' is clicked on

25-01-2025T14:46:13 - [TEST_STEP][PASSED] - println("clicking"): null

25-01-2025T14:46:13 - [TEST_STEP][PASSED] - click(findTestObject(testObject)): Object: 'Object Repository/Education Partner Profile/Register/checkbox_ECFA' is clicked on

25-01-2025T14:46:13 - [MESSAGE][PASSED] - Object: 'Object Repository/Education Partner Profile/Register/checkbox_ECFA' is clicked on

25-01-2025T14:46:13 - [MESSAGE][PASSED] - Call Test Case 'Test Cases/_Functions/Perform Action' successfully

25-01-2025T14:46:13 - [TEST_STEP][PASSED] - myObject = testObjectFolder + "checkbox_" + org: null

25-01-2025T14:46:13 - [TEST_STEP][PASSED] - callTestCase(findTestCase("_Functions/Perform Action"), ["varAction":"click", "varObject":myObject], STOP_ON_FAILURE): Call Test Case 'Test Cases/_Functions/Perform Action' successfully

25-01-2025T14:46:13 - [TEST_CASE][PASSED] - Test Cases/_Functions/Perform Action: Test Cases/_Functions/Perform Action

25-01-2025T14:46:13 - [TEST_STEP][PASSED] - action = varAction: null

25-01-2025T14:46:13 - [TEST_STEP][PASSED] - println(action): null

25-01-2025T14:46:13 - [TEST_STEP][PASSED] - testObject = varObject: null

25-01-2025T14:46:13 - [TEST_STEP][PASSED] - println(testObject): null

25-01-2025T14:46:13 - [TEST_STEP][PASSED] - parm1 = varParm1: null

25-01-2025T14:46:13 - [TEST_STEP][PASSED] - println(parm1): null

25-01-2025T14:46:13 - [TEST_STEP][PASSED] - println("Converting " + testObject + " to web element"): null

25-01-2025T14:46:13 - [TEST_STEP][PASSED] - element = findWebElement(findTestObject(testObject), 1): null

25-01-2025T14:46:13 - [TEST_STEP][PASSED] - loc = element.getLocation(): null

25-01-2025T14:46:13 - [TEST_STEP][PASSED] - y = loc.getY(): null

25-01-2025T14:46:13 - [TEST_STEP][PASSED] - println("Y location is " + y): null

25-01-2025T14:46:13 - [TEST_STEP][PASSED] - top = getViewportTopPosition(): Current viewport's top (y) position is 980

25-01-2025T14:46:13 - [MESSAGE][PASSED] - Current viewport's top (y) position is 980

25-01-2025T14:46:13 - [TEST_STEP][PASSED] - println("Viewport top is " + top): null

25-01-2025T14:46:13 - [TEST_STEP][PASSED] - bottom = top + 600: null

25-01-2025T14:46:13 - [TEST_STEP][PASSED] - if (y - top < 150 || bottom - y < 10): null

25-01-2025T14:46:13 - [TEST_STEP][PASSED] - if (action == "click"): Object: 'Object Repository/Education Partner Profile/Register/checkbox_AIMS' is clicked on

25-01-2025T14:46:13 - [TEST_STEP][PASSED] - println("clicking"): null

25-01-2025T14:46:13 - [TEST_STEP][PASSED] - click(findTestObject(testObject)): Object: 'Object Repository/Education Partner Profile/Register/checkbox_AIMS' is clicked on

25-01-2025T14:46:13 - [MESSAGE][PASSED] - Object: 'Object Repository/Education Partner Profile/Register/checkbox_AIMS' is clicked on

25-01-2025T14:46:13 - [MESSAGE][PASSED] - Call Test Case 'Test Cases/_Functions/Perform Action' successfully

25-01-2025T14:46:13 - [TEST_STEP][PASSED] - myObject = testObjectFolder + "checkbox_" + org: null

25-01-2025T14:46:13 - [TEST_STEP][PASSED] - callTestCase(findTestCase("_Functions/Perform Action"), ["varAction":"click", "varObject":myObject], STOP_ON_FAILURE): Call Test Case 'Test Cases/_Functions/Perform Action' successfully

25-01-2025T14:46:13 - [TEST_CASE][PASSED] - Test Cases/_Functions/Perform Action: Test Cases/_Functions/Perform Action

25-01-2025T14:46:13 - [TEST_STEP][PASSED] - action = varAction: null

25-01-2025T14:46:13 - [TEST_STEP][PASSED] - println(action): null

25-01-2025T14:46:13 - [TEST_STEP][PASSED] - testObject = varObject: null

25-01-2025T14:46:13 - [TEST_STEP][PASSED] - println(testObject): null

25-01-2025T14:46:13 - [TEST_STEP][PASSED] - parm1 = varParm1: null

25-01-2025T14:46:13 - [TEST_STEP][PASSED] - println(parm1): null

25-01-2025T14:46:13 - [TEST_STEP][PASSED] - println("Converting " + testObject + " to web element"): null

25-01-2025T14:46:13 - [TEST_STEP][PASSED] - element = findWebElement(findTestObject(testObject), 1): null

25-01-2025T14:46:13 - [TEST_STEP][PASSED] - loc = element.getLocation(): null

25-01-2025T14:46:13 - [TEST_STEP][PASSED] - y = loc.getY(): null

25-01-2025T14:46:13 - [TEST_STEP][PASSED] - println("Y location is " + y): null

25-01-2025T14:46:13 - [TEST_STEP][PASSED] - top = getViewportTopPosition(): Current viewport's top (y) position is 980

25-01-2025T14:46:13 - [MESSAGE][PASSED] - Current viewport's top (y) position is 980

25-01-2025T14:46:13 - [TEST_STEP][PASSED] - println("Viewport top is " + top): null

25-01-2025T14:46:13 - [TEST_STEP][PASSED] - bottom = top + 600: null

25-01-2025T14:46:13 - [TEST_STEP][PASSED] - if (y - top < 150 || bottom - y < 10): null

25-01-2025T14:46:13 - [TEST_STEP][PASSED] - if (action == "click"): Object: 'Object Repository/Education Partner Profile/Register/checkbox_Accord Network' is clicked on

25-01-2025T14:46:13 - [TEST_STEP][PASSED] - println("clicking"): null

25-01-2025T14:46:13 - [TEST_STEP][PASSED] - click(findTestObject(testObject)): Object: 'Object Repository/Education Partner Profile/Register/checkbox_Accord Network' is clicked on

25-01-2025T14:46:13 - [MESSAGE][PASSED] - Object: 'Object Repository/Education Partner Profile/Register/checkbox_Accord Network' is clicked on

25-01-2025T14:46:13 - [MESSAGE][PASSED] - Call Test Case 'Test Cases/_Functions/Perform Action' successfully

25-01-2025T14:46:13 - [TEST_STEP][PASSED] - object = "Education Partner Profile/Register/select_School Qualifications": null

25-01-2025T14:46:13 - [TEST_STEP][PASSED] - callTestCase(findTestCase("_Functions/Perform Action"), ["varAction":"selectOptionByValue", "varObject":object, "varParm1":meet_qualifications], STOP_ON_FAILURE): Call Test Case 'Test Cases/_Functions/Perform Action' successfully

25-01-2025T14:46:14 - [TEST_CASE][PASSED] - Test Cases/_Functions/Perform Action: Test Cases/_Functions/Perform Action

25-01-2025T14:46:14 - [TEST_STEP][PASSED] - action = varAction: null

25-01-2025T14:46:14 - [TEST_STEP][PASSED] - println(action): null

25-01-2025T14:46:14 - [TEST_STEP][PASSED] - testObject = varObject: null

25-01-2025T14:46:14 - [TEST_STEP][PASSED] - println(testObject): null

25-01-2025T14:46:14 - [TEST_STEP][PASSED] - parm1 = varParm1: null

25-01-2025T14:46:14 - [TEST_STEP][PASSED] - println(parm1): null

25-01-2025T14:46:14 - [TEST_STEP][PASSED] - println("Converting " + testObject + " to web element"): null

25-01-2025T14:46:14 - [TEST_STEP][PASSED] - element = findWebElement(findTestObject(testObject), 1): null

25-01-2025T14:46:14 - [TEST_STEP][PASSED] - loc = element.getLocation(): null

25-01-2025T14:46:14 - [TEST_STEP][PASSED] - y = loc.getY(): null

25-01-2025T14:46:14 - [TEST_STEP][PASSED] - println("Y location is " + y): null

25-01-2025T14:46:14 - [TEST_STEP][PASSED] - top = getViewportTopPosition(): Current viewport's top (y) position is 980

25-01-2025T14:46:14 - [MESSAGE][PASSED] - Current viewport's top (y) position is 980

25-01-2025T14:46:14 - [TEST_STEP][PASSED] - println("Viewport top is " + top): null

25-01-2025T14:46:14 - [TEST_STEP][PASSED] - bottom = top + 600: null

25-01-2025T14:46:14 - [TEST_STEP][PASSED] - if (y - top < 150 || bottom - y < 10): null

25-01-2025T14:46:14 - [TEST_STEP][PASSED] - if (action == "click"): null

25-01-2025T14:46:14 - [TEST_STEP][PASSED] - else if (action == "selectOptionByValue"): All options with value 'Yes, my school is a Christian School' are selected in object 'Object Repository/Education Partner Profile/Register/select_School Qualifications' 

25-01-2025T14:46:14 - [TEST_STEP][PASSED] - println("Selecting " + parm1): null

25-01-2025T14:46:14 - [TEST_STEP][PASSED] - selectOptionByValue(findTestObject(testObject), parm1, false): All options with value 'Yes, my school is a Christian School' are selected in object 'Object Repository/Education Partner Profile/Register/select_School Qualifications' 

25-01-2025T14:46:14 - [MESSAGE][PASSED] - All options with value 'Yes, my school is a Christian School' are selected in object 'Object Repository/Education Partner Profile/Register/select_School Qualifications' 

25-01-2025T14:46:14 - [MESSAGE][PASSED] - Call Test Case 'Test Cases/_Functions/Perform Action' successfully

25-01-2025T14:46:14 - [TEST_STEP][PASSED] - object = "Education Partner Profile/Register/select_How did you hear about MissionNext": null

25-01-2025T14:46:14 - [TEST_STEP][PASSED] - callTestCase(findTestCase("_Functions/Perform Action"), ["varAction":"selectOptionByValue", "varObject":object, "varParm1":learn_about], STOP_ON_FAILURE): Call Test Case 'Test Cases/_Functions/Perform Action' successfully

25-01-2025T14:46:14 - [TEST_CASE][PASSED] - Test Cases/_Functions/Perform Action: Test Cases/_Functions/Perform Action

25-01-2025T14:46:14 - [TEST_STEP][PASSED] - action = varAction: null

25-01-2025T14:46:14 - [TEST_STEP][PASSED] - println(action): null

25-01-2025T14:46:14 - [TEST_STEP][PASSED] - testObject = varObject: null

25-01-2025T14:46:14 - [TEST_STEP][PASSED] - println(testObject): null

25-01-2025T14:46:14 - [TEST_STEP][PASSED] - parm1 = varParm1: null

25-01-2025T14:46:14 - [TEST_STEP][PASSED] - println(parm1): null

25-01-2025T14:46:14 - [TEST_STEP][PASSED] - println("Converting " + testObject + " to web element"): null

25-01-2025T14:46:14 - [TEST_STEP][PASSED] - element = findWebElement(findTestObject(testObject), 1): null

25-01-2025T14:46:14 - [TEST_STEP][PASSED] - loc = element.getLocation(): null

25-01-2025T14:46:14 - [TEST_STEP][PASSED] - y = loc.getY(): null

25-01-2025T14:46:14 - [TEST_STEP][PASSED] - println("Y location is " + y): null

25-01-2025T14:46:14 - [TEST_STEP][PASSED] - top = getViewportTopPosition(): Current viewport's top (y) position is 980

25-01-2025T14:46:14 - [MESSAGE][PASSED] - Current viewport's top (y) position is 980

25-01-2025T14:46:14 - [TEST_STEP][PASSED] - println("Viewport top is " + top): null

25-01-2025T14:46:14 - [TEST_STEP][PASSED] - bottom = top + 600: null

25-01-2025T14:46:14 - [TEST_STEP][PASSED] - if (y - top < 150 || bottom - y < 10): null

25-01-2025T14:46:14 - [TEST_STEP][PASSED] - if (action == "click"): null

25-01-2025T14:46:14 - [TEST_STEP][PASSED] - else if (action == "selectOptionByValue"): All options with value 'Not Sure' are selected in object 'Object Repository/Education Partner Profile/Register/select_How did you hear about MissionNext' 

25-01-2025T14:46:14 - [TEST_STEP][PASSED] - println("Selecting " + parm1): null

25-01-2025T14:46:14 - [TEST_STEP][PASSED] - selectOptionByValue(findTestObject(testObject), parm1, false): All options with value 'Not Sure' are selected in object 'Object Repository/Education Partner Profile/Register/select_How did you hear about MissionNext' 

25-01-2025T14:46:14 - [MESSAGE][PASSED] - All options with value 'Not Sure' are selected in object 'Object Repository/Education Partner Profile/Register/select_How did you hear about MissionNext' 

25-01-2025T14:46:14 - [MESSAGE][PASSED] - Call Test Case 'Test Cases/_Functions/Perform Action' successfully

25-01-2025T14:46:14 - [TEST_STEP][PASSED] - object = "Object Repository/Education Partner Profile/Register/textarea_Referral or Other Comment": null

25-01-2025T14:46:14 - [TEST_STEP][PASSED] - callTestCase(findTestCase("_Functions/Perform Action"), ["varAction":"setText", "varObject":object, "varParm1":other_comment], STOP_ON_FAILURE): Call Test Case 'Test Cases/_Functions/Perform Action' successfully

25-01-2025T14:46:14 - [TEST_CASE][PASSED] - Test Cases/_Functions/Perform Action: Test Cases/_Functions/Perform Action

25-01-2025T14:46:14 - [TEST_STEP][PASSED] - action = varAction: null

25-01-2025T14:46:14 - [TEST_STEP][PASSED] - println(action): null

25-01-2025T14:46:14 - [TEST_STEP][PASSED] - testObject = varObject: null

25-01-2025T14:46:14 - [TEST_STEP][PASSED] - println(testObject): null

25-01-2025T14:46:14 - [TEST_STEP][PASSED] - parm1 = varParm1: null

25-01-2025T14:46:14 - [TEST_STEP][PASSED] - println(parm1): null

25-01-2025T14:46:14 - [TEST_STEP][PASSED] - println("Converting " + testObject + " to web element"): null

25-01-2025T14:46:14 - [TEST_STEP][PASSED] - element = findWebElement(findTestObject(testObject), 1): null

25-01-2025T14:46:14 - [TEST_STEP][PASSED] - loc = element.getLocation(): null

25-01-2025T14:46:14 - [TEST_STEP][PASSED] - y = loc.getY(): null

25-01-2025T14:46:14 - [TEST_STEP][PASSED] - println("Y location is " + y): null

25-01-2025T14:46:14 - [TEST_STEP][PASSED] - top = getViewportTopPosition(): Current viewport's top (y) position is 980

25-01-2025T14:46:14 - [MESSAGE][PASSED] - Current viewport's top (y) position is 980

25-01-2025T14:46:14 - [TEST_STEP][PASSED] - println("Viewport top is " + top): null

25-01-2025T14:46:14 - [TEST_STEP][PASSED] - bottom = top + 600: null

25-01-2025T14:46:14 - [TEST_STEP][PASSED] - if (y - top < 150 || bottom - y < 10): null

25-01-2025T14:46:14 - [TEST_STEP][PASSED] - if (action == "click"): null

25-01-2025T14:46:14 - [TEST_STEP][PASSED] - else if (action == "selectOptionByValue"): null

25-01-2025T14:46:14 - [TEST_STEP][PASSED] - else if (action == "setText"): Text 'I am excited to be able to find a missions opportunity' is set on object 'Object Repository/Education Partner Profile/Register/textarea_Referral or Other Comment'

25-01-2025T14:46:14 - [TEST_STEP][PASSED] - println("Setting text " + parm1): null

25-01-2025T14:46:14 - [TEST_STEP][PASSED] - setText(findTestObject(testObject), parm1): Text 'I am excited to be able to find a missions opportunity' is set on object 'Object Repository/Education Partner Profile/Register/textarea_Referral or Other Comment'

25-01-2025T14:46:14 - [MESSAGE][PASSED] - Text 'I am excited to be able to find a missions opportunity' is set on object 'Object Repository/Education Partner Profile/Register/textarea_Referral or Other Comment'

25-01-2025T14:46:14 - [MESSAGE][PASSED] - Call Test Case 'Test Cases/_Functions/Perform Action' successfully

25-01-2025T14:46:14 - [TEST_STEP][PASSED] - object = "Education Partner Profile/Register/checkbox_Partnership Agreement": null

25-01-2025T14:46:14 - [TEST_STEP][PASSED] - callTestCase(findTestCase("_Functions/Perform Action"), ["varAction":"click", "varObject":object], STOP_ON_FAILURE): Call Test Case 'Test Cases/_Functions/Perform Action' successfully

25-01-2025T14:46:14 - [TEST_CASE][PASSED] - Test Cases/_Functions/Perform Action: Test Cases/_Functions/Perform Action

25-01-2025T14:46:14 - [TEST_STEP][PASSED] - action = varAction: null

25-01-2025T14:46:14 - [TEST_STEP][PASSED] - println(action): null

25-01-2025T14:46:14 - [TEST_STEP][PASSED] - testObject = varObject: null

25-01-2025T14:46:14 - [TEST_STEP][PASSED] - println(testObject): null

25-01-2025T14:46:14 - [TEST_STEP][PASSED] - parm1 = varParm1: null

25-01-2025T14:46:14 - [TEST_STEP][PASSED] - println(parm1): null

25-01-2025T14:46:14 - [TEST_STEP][PASSED] - println("Converting " + testObject + " to web element"): null

25-01-2025T14:46:14 - [TEST_STEP][PASSED] - element = findWebElement(findTestObject(testObject), 1): null

25-01-2025T14:46:14 - [TEST_STEP][PASSED] - loc = element.getLocation(): null

25-01-2025T14:46:14 - [TEST_STEP][PASSED] - y = loc.getY(): null

25-01-2025T14:46:14 - [TEST_STEP][PASSED] - println("Y location is " + y): null

25-01-2025T14:46:14 - [TEST_STEP][PASSED] - top = getViewportTopPosition(): Current viewport's top (y) position is 980

25-01-2025T14:46:14 - [MESSAGE][PASSED] - Current viewport's top (y) position is 980

25-01-2025T14:46:14 - [TEST_STEP][PASSED] - println("Viewport top is " + top): null

25-01-2025T14:46:14 - [TEST_STEP][PASSED] - bottom = top + 600: null

25-01-2025T14:46:14 - [TEST_STEP][PASSED] - if (y - top < 150 || bottom - y < 10): null

25-01-2025T14:46:14 - [TEST_STEP][PASSED] - if (action == "click"): Object: 'Object Repository/Education Partner Profile/Register/checkbox_Partnership Agreement' is clicked on

25-01-2025T14:46:14 - [TEST_STEP][PASSED] - println("clicking"): null

25-01-2025T14:46:14 - [TEST_STEP][PASSED] - click(findTestObject(testObject)): Object: 'Object Repository/Education Partner Profile/Register/checkbox_Partnership Agreement' is clicked on

25-01-2025T14:46:14 - [MESSAGE][PASSED] - Object: 'Object Repository/Education Partner Profile/Register/checkbox_Partnership Agreement' is clicked on

25-01-2025T14:46:14 - [MESSAGE][PASSED] - Call Test Case 'Test Cases/_Functions/Perform Action' successfully

25-01-2025T14:46:14 - [TEST_STEP][PASSED] - object = "Education Partner Profile/Register/checkbox_Terms and Conditions": null

25-01-2025T14:46:14 - [TEST_STEP][PASSED] - callTestCase(findTestCase("_Functions/Perform Action"), ["varAction":"click", "varObject":object], STOP_ON_FAILURE): Call Test Case 'Test Cases/_Functions/Perform Action' successfully

25-01-2025T14:46:14 - [TEST_CASE][PASSED] - Test Cases/_Functions/Perform Action: Test Cases/_Functions/Perform Action

25-01-2025T14:46:14 - [TEST_STEP][PASSED] - action = varAction: null

25-01-2025T14:46:14 - [TEST_STEP][PASSED] - println(action): null

25-01-2025T14:46:14 - [TEST_STEP][PASSED] - testObject = varObject: null

25-01-2025T14:46:14 - [TEST_STEP][PASSED] - println(testObject): null

25-01-2025T14:46:14 - [TEST_STEP][PASSED] - parm1 = varParm1: null

25-01-2025T14:46:14 - [TEST_STEP][PASSED] - println(parm1): null

25-01-2025T14:46:14 - [TEST_STEP][PASSED] - println("Converting " + testObject + " to web element"): null

25-01-2025T14:46:14 - [TEST_STEP][PASSED] - element = findWebElement(findTestObject(testObject), 1): null

25-01-2025T14:46:14 - [TEST_STEP][PASSED] - loc = element.getLocation(): null

25-01-2025T14:46:14 - [TEST_STEP][PASSED] - y = loc.getY(): null

25-01-2025T14:46:14 - [TEST_STEP][PASSED] - println("Y location is " + y): null

25-01-2025T14:46:14 - [TEST_STEP][PASSED] - top = getViewportTopPosition(): Current viewport's top (y) position is 980

25-01-2025T14:46:14 - [MESSAGE][PASSED] - Current viewport's top (y) position is 980

25-01-2025T14:46:14 - [TEST_STEP][PASSED] - println("Viewport top is " + top): null

25-01-2025T14:46:14 - [TEST_STEP][PASSED] - bottom = top + 600: null

25-01-2025T14:46:14 - [TEST_STEP][PASSED] - if (y - top < 150 || bottom - y < 10): Delayed 1 second(s)

25-01-2025T14:46:14 - [TEST_STEP][PASSED] - scrollToPosition(0, y - 150): Browser is scrolled to position x = 0, y = 1458

25-01-2025T14:46:14 - [MESSAGE][PASSED] - Browser is scrolled to position x = 0, y = 1458

25-01-2025T14:46:14 - [TEST_STEP][PASSED] - delay(1): Delayed 1 second(s)

25-01-2025T14:46:15 - [MESSAGE][PASSED] - Delayed 1 second(s)

25-01-2025T14:46:15 - [TEST_STEP][PASSED] - if (action == "click"): Object: 'Object Repository/Education Partner Profile/Register/checkbox_Terms and Conditions' is clicked on

25-01-2025T14:46:15 - [TEST_STEP][PASSED] - println("clicking"): null

25-01-2025T14:46:15 - [TEST_STEP][PASSED] - click(findTestObject(testObject)): Object: 'Object Repository/Education Partner Profile/Register/checkbox_Terms and Conditions' is clicked on

25-01-2025T14:46:15 - [MESSAGE][PASSED] - Object: 'Object Repository/Education Partner Profile/Register/checkbox_Terms and Conditions' is clicked on

25-01-2025T14:46:15 - [MESSAGE][PASSED] - Call Test Case 'Test Cases/_Functions/Perform Action' successfully

25-01-2025T14:46:15 - [TEST_STEP][PASSED] - delay(2): Delayed 2 second(s)

25-01-2025T14:46:17 - [MESSAGE][PASSED] - Delayed 2 second(s)

25-01-2025T14:46:17 - [TEST_STEP][PASSED] - object = "Object Repository/Education Partner Profile/Register/button_Sign up": null

25-01-2025T14:46:17 - [TEST_STEP][PASSED] - callTestCase(findTestCase("_Functions/Perform Action"), ["varAction":"click", "varObject":object], STOP_ON_FAILURE): Call Test Case 'Test Cases/_Functions/Perform Action' successfully

25-01-2025T14:46:17 - [TEST_CASE][PASSED] - Test Cases/_Functions/Perform Action: Test Cases/_Functions/Perform Action

25-01-2025T14:46:17 - [TEST_STEP][PASSED] - action = varAction: null

25-01-2025T14:46:17 - [TEST_STEP][PASSED] - println(action): null

25-01-2025T14:46:17 - [TEST_STEP][PASSED] - testObject = varObject: null

25-01-2025T14:46:17 - [TEST_STEP][PASSED] - println(testObject): null

25-01-2025T14:46:17 - [TEST_STEP][PASSED] - parm1 = varParm1: null

25-01-2025T14:46:17 - [TEST_STEP][PASSED] - println(parm1): null

25-01-2025T14:46:17 - [TEST_STEP][PASSED] - println("Converting " + testObject + " to web element"): null

25-01-2025T14:46:17 - [TEST_STEP][PASSED] - element = findWebElement(findTestObject(testObject), 1): null

25-01-2025T14:46:17 - [TEST_STEP][PASSED] - loc = element.getLocation(): null

25-01-2025T14:46:17 - [TEST_STEP][PASSED] - y = loc.getY(): null

25-01-2025T14:46:17 - [TEST_STEP][PASSED] - println("Y location is " + y): null

25-01-2025T14:46:17 - [TEST_STEP][PASSED] - top = getViewportTopPosition(): Current viewport's top (y) position is 1188

25-01-2025T14:46:17 - [MESSAGE][PASSED] - Current viewport's top (y) position is 1188

25-01-2025T14:46:17 - [TEST_STEP][PASSED] - println("Viewport top is " + top): null

25-01-2025T14:46:17 - [TEST_STEP][PASSED] - bottom = top + 600: null

25-01-2025T14:46:17 - [TEST_STEP][PASSED] - if (y - top < 150 || bottom - y < 10): null

25-01-2025T14:46:17 - [TEST_STEP][PASSED] - if (action == "click"): Object: 'Object Repository/Education Partner Profile/Register/button_Sign up' is clicked on

25-01-2025T14:46:17 - [TEST_STEP][PASSED] - println("clicking"): null

25-01-2025T14:46:17 - [TEST_STEP][PASSED] - click(findTestObject(testObject)): Object: 'Object Repository/Education Partner Profile/Register/button_Sign up' is clicked on

25-01-2025T14:46:46 - [MESSAGE][PASSED] - Object: 'Object Repository/Education Partner Profile/Register/button_Sign up' is clicked on

25-01-2025T14:46:46 - [MESSAGE][PASSED] - Call Test Case 'Test Cases/_Functions/Perform Action' successfully

25-01-2025T14:46:46 - [TEST_STEP][PASSED] - delay(1): Delayed 1 second(s)

25-01-2025T14:46:47 - [MESSAGE][PASSED] - Delayed 1 second(s)

25-01-2025T14:46:47 - [TEST_STEP][PASSED] - waitForPageLoad(10): Wait for page load successfully

25-01-2025T14:46:47 - [MESSAGE][PASSED] - Wait for page load successfully

25-01-2025T14:46:47 - [TEST_STEP][PASSED] - pending = verifyTextPresent("Approval Pending", false, OPTIONAL): Text 'Approval Pending' is present on page 

25-01-2025T14:46:47 - [MESSAGE][PASSED] - Text 'Approval Pending' is present on page 

25-01-2025T14:46:47 - [TEST_STEP][PASSED] - if (pending): null

25-01-2025T14:46:47 - [TEST_STEP][PASSED] - outText = "
+++ Approval Pending page was found.": null

25-01-2025T14:46:47 - [TEST_STEP][PASSED] - println(outText): null

25-01-2025T14:46:47 - [TEST_STEP][PASSED] - outFile.append(outText + "
"): null

25-01-2025T14:46:47 - [TEST_STEP][PASSED] - callTestCase(findTestCase("_Functions/Generic Wait for Email"), ["varFromKey":"chris.kosieracki@missionnext.org", "varSubjectKey":"Approval request", "varSearchKey":username], STOP_ON_FAILURE): Call Test Case 'Test Cases/_Functions/Generic Wait for Email' successfully

25-01-2025T14:46:47 - [TEST_CASE][PASSED] - Test Cases/_Functions/Generic Wait for Email: Test Cases/_Functions/Generic Wait for Email

25-01-2025T14:46:47 - [TEST_STEP][PASSED] - waitTime = 4: null

25-01-2025T14:46:47 - [TEST_STEP][PASSED] - scriptStart = new java.util.Date(): null

25-01-2025T14:46:47 - [TEST_STEP][PASSED] - scriptInstant = scriptStart.toInstant(): null

25-01-2025T14:46:47 - [TEST_STEP][PASSED] - println(scriptStart): null

25-01-2025T14:46:47 - [TEST_STEP][PASSED] - println(scriptInstant): null

25-01-2025T14:46:47 - [TEST_STEP][PASSED] - returnCode = "": null

25-01-2025T14:46:47 - [TEST_STEP][PASSED] - if (binding.hasVariable("varSearchKey")): null

25-01-2025T14:46:47 - [TEST_STEP][PASSED] - searchKey = varSearchKey: null

25-01-2025T14:46:47 - [TEST_STEP][PASSED] - if (binding.hasVariable("varSubjectKey")): null

25-01-2025T14:46:47 - [TEST_STEP][PASSED] - subjectKey = varSubjectKey: null

25-01-2025T14:46:47 - [TEST_STEP][PASSED] - if (binding.hasVariable("varFromKey")): null

25-01-2025T14:46:47 - [TEST_STEP][PASSED] - fromKey = varFromKey: null

25-01-2025T14:46:47 - [TEST_STEP][PASSED] - isList = false: null

25-01-2025T14:46:47 - [TEST_STEP][PASSED] - if (fromKey instanceof java.util.List): null

25-01-2025T14:46:47 - [TEST_STEP][PASSED] - else: null

25-01-2025T14:46:47 - [TEST_STEP][PASSED] - fromKey = [fromKey]: null

25-01-2025T14:46:47 - [TEST_STEP][PASSED] - subjectKey = [subjectKey]: null

25-01-2025T14:46:47 - [TEST_STEP][PASSED] - searchKey = [searchKey]: null

25-01-2025T14:46:47 - [TEST_STEP][PASSED] - isList = false: null

25-01-2025T14:46:47 - [TEST_STEP][PASSED] - msgCount = fromKey.size(): null

25-01-2025T14:46:47 - [TEST_STEP][PASSED] - println(msgCount): null

25-01-2025T14:46:47 - [TEST_STEP][PASSED] - println(fromKey): null

25-01-2025T14:46:47 - [TEST_STEP][PASSED] - println(subjectKey): null

25-01-2025T14:46:47 - [TEST_STEP][PASSED] - println(searchKey): null

25-01-2025T14:46:47 - [TEST_STEP][PASSED] - writeFile = false: null

25-01-2025T14:46:47 - [TEST_STEP][PASSED] - if (outFile != ""): null

25-01-2025T14:46:47 - [TEST_STEP][PASSED] - myFile = outFile: null

25-01-2025T14:46:47 - [TEST_STEP][PASSED] - println(myFile): null

25-01-2025T14:46:47 - [TEST_STEP][PASSED] - outFile = new java.io.File(myFile): null

25-01-2025T14:46:47 - [TEST_STEP][PASSED] - writeFile = true: null

25-01-2025T14:46:47 - [TEST_STEP][PASSED] - host = "pop.gmail.com": null

25-01-2025T14:46:47 - [TEST_STEP][PASSED] - mailStoreType = "pop3": null

25-01-2025T14:46:47 - [TEST_STEP][PASSED] - username = "cktest01mn@gmail.com": null

25-01-2025T14:46:47 - [TEST_STEP][PASSED] - password = "sfesezftmpqxbbbd": null

25-01-2025T14:46:47 - [TEST_STEP][PASSED] - properties = new java.util.Properties(): null

25-01-2025T14:46:47 - [TEST_STEP][PASSED] - properties.put("mail.pop3.host", host): null

25-01-2025T14:46:47 - [TEST_STEP][PASSED] - properties.put("mail.pop3.port", "995"): null

25-01-2025T14:46:47 - [TEST_STEP][PASSED] - properties.put("mail.pop3.starttls.enable", "true"): null

25-01-2025T14:46:47 - [TEST_STEP][PASSED] - emailSession = Session.getDefaultInstance(properties): null

25-01-2025T14:46:47 - [TEST_STEP][PASSED] - store = emailSession.getStore("pop3s"): null

25-01-2025T14:46:47 - [TEST_STEP][PASSED] - store.connect(host, username, password): null

25-01-2025T14:46:47 - [TEST_STEP][PASSED] - emailFolder = <not implemented yet for class: org.codehaus.groovy.ast.expr.EmptyExpression>: null

25-01-2025T14:46:47 - [TEST_STEP][PASSED] - messages = []: null

25-01-2025T14:46:47 - [TEST_STEP][PASSED] - loopsMax = waitTime * 60 / 5: null

25-01-2025T14:46:47 - [TEST_STEP][PASSED] - emailFolder = store.getFolder("INBOX"): null

25-01-2025T14:46:47 - [TEST_STEP][PASSED] - emailFolder.open(READ_ONLY): null

25-01-2025T14:46:47 - [TEST_STEP][PASSED] - messages = emailFolder.getMessages(): null

25-01-2025T14:46:47 - [TEST_STEP][PASSED] - if (length == 0): null

25-01-2025T14:46:47 - [TEST_STEP][PASSED] - msgFound = false: null

25-01-2025T14:46:47 - [TEST_STEP][PASSED] - msgFoundCount = 0: null

25-01-2025T14:46:47 - [TEST_STEP][PASSED] - loops = 0: null

25-01-2025T14:46:47 - [TEST_STEP][PASSED] - while (length < msgCount && loops <= loopsMax): null

25-01-2025T14:46:47 - [TEST_STEP][PASSED] - outText = "messages.length---" + length: null

25-01-2025T14:46:47 - [TEST_STEP][PASSED] - println(outText): null

25-01-2025T14:46:47 - [TEST_STEP][PASSED] - if (writeFile): null

25-01-2025T14:46:47 - [TEST_STEP][PASSED] - outFile.append(outText + "
"): null

25-01-2025T14:46:47 - [TEST_STEP][PASSED] - emailNumber = 0: null

25-01-2025T14:46:47 - [TEST_STEP][PASSED] - if (length >= msgCount): null

25-01-2025T14:46:47 - [TEST_STEP][PASSED] - for (javax.mail.Message message : messages): null

25-01-2025T14:46:47 - [TEST_STEP][PASSED] - (emailNumber++): null

25-01-2025T14:46:47 - [TEST_STEP][PASSED] - println("
********* Processing email number " + emailNumber): null

25-01-2025T14:46:47 - [TEST_STEP][PASSED] - from = message.getFrom()[0]: null

25-01-2025T14:46:48 - [TEST_STEP][PASSED] - subject = message.getSubject(): null

25-01-2025T14:46:48 - [TEST_STEP][PASSED] - outText = "Found an email from " + from + " with the subject of " + subject + ".": null

25-01-2025T14:46:48 - [TEST_STEP][PASSED] - println(outText): null

25-01-2025T14:46:48 - [TEST_STEP][PASSED] - if (writeFile): null

25-01-2025T14:46:48 - [TEST_STEP][PASSED] - outFile.append(outText + "
"): null

25-01-2025T14:46:48 - [TEST_STEP][PASSED] - content = message.getContent(): null

25-01-2025T14:46:48 - [TEST_STEP][PASSED] - if (content instanceof java.lang.String): null

25-01-2025T14:46:48 - [TEST_STEP][PASSED] - else if (content instanceof javax.mail.Multipart): null

25-01-2025T14:46:48 - [TEST_STEP][PASSED] - println("It is multipart"): null

25-01-2025T14:46:48 - [TEST_STEP][PASSED] - mp = message.getContent(): null

25-01-2025T14:46:48 - [TEST_STEP][PASSED] - p = getBodyPart(0).getContent(): null

25-01-2025T14:46:48 - [TEST_STEP][PASSED] - body = p.toString(): null

25-01-2025T14:46:48 - [TEST_STEP][PASSED] - println("----- Subject is:" + subject): null

25-01-2025T14:46:48 - [TEST_STEP][PASSED] - for ([i = 0, i < msgCount, (i++)]): null

25-01-2025T14:46:48 - [TEST_STEP][PASSED] - println("********* Processing search number " + i): null

25-01-2025T14:46:48 - [TEST_STEP][PASSED] - println("==== subjectKey is:" + subjectKey[i]): null

25-01-2025T14:46:48 - [TEST_STEP][PASSED] - subjectMatch = subject.indexOf(subjectKey[i]): null

25-01-2025T14:46:48 - [TEST_STEP][PASSED] - println(subjectMatch): null

25-01-2025T14:46:48 - [TEST_STEP][PASSED] - if (subjectMatch >= 0): null

25-01-2025T14:46:48 - [TEST_STEP][PASSED] - println("----- From is:" + from): null

25-01-2025T14:46:48 - [TEST_STEP][PASSED] - println("==== fromKey is:" + fromKey[i]): null

25-01-2025T14:46:48 - [TEST_STEP][PASSED] - fromMatch = from.indexOf(fromKey[i]): null

25-01-2025T14:46:48 - [TEST_STEP][PASSED] - println(fromMatch): null

25-01-2025T14:46:48 - [TEST_STEP][PASSED] - if (subjectMatch >= 0 && fromMatch >= 0): null

25-01-2025T14:46:48 - [TEST_STEP][PASSED] - println("     ----- Body:" + body): null

25-01-2025T14:46:48 - [TEST_STEP][PASSED] - sentPos = body.indexOf("Sent:"): null

25-01-2025T14:46:48 - [TEST_STEP][PASSED] - toPos = body.indexOf("To:"): null

25-01-2025T14:46:48 - [TEST_STEP][PASSED] - msgBody = body: null

25-01-2025T14:46:48 - [TEST_STEP][PASSED] - if (searchKey[i] != "NA"): null

25-01-2025T14:46:48 - [TEST_STEP][PASSED] - if (msgBody.indexOf(searchKey[i]) >= 0): null

25-01-2025T14:46:48 - [TEST_STEP][PASSED] - msgFound = true: null

25-01-2025T14:46:48 - [TEST_STEP][PASSED] - outText = ">>>>> SearchKey " + searchKey[i] + " was found in the email.": null

25-01-2025T14:46:48 - [TEST_STEP][PASSED] - println(outText): null

25-01-2025T14:46:48 - [TEST_STEP][PASSED] - if (writeFile): null

25-01-2025T14:46:48 - [TEST_STEP][PASSED] - outFile.append(outText + "
"): null

25-01-2025T14:46:48 - [TEST_STEP][PASSED] - break: null

25-01-2025T14:46:48 - [TEST_STEP][PASSED] - if (msgFound): null

25-01-2025T14:46:48 - [TEST_STEP][PASSED] - (msgFoundCount++): null

25-01-2025T14:46:48 - [TEST_STEP][PASSED] - emailFolder.close(false): null

25-01-2025T14:46:48 - [TEST_STEP][PASSED] - if (msgFoundCount == fromKey.size()): null

25-01-2025T14:46:48 - [TEST_STEP][PASSED] - returnCode = "found": null

25-01-2025T14:46:48 - [TEST_STEP][PASSED] - store.close(): null

25-01-2025T14:46:48 - [MESSAGE][PASSED] - Call Test Case 'Test Cases/_Functions/Generic Wait for Email' successfully

25-01-2025T14:46:48 - [TEST_STEP][ERROR] - if (returnCode == "found"): Test Cases/Education Partner Profile/Register Education Partner FAILED.
Reason:
com.kms.katalon.core.exception.StepErrorException: Call Test Case 'Test Cases/Education Partner Profile/Complete Education Partner Profile' failed because of error(s)
	at com.kms.katalon.core.keyword.builtin.CallTestCaseKeyword$_callTestCase_closure1.doCall(CallTestCaseKeyword.groovy:66)
	at com.kms.katalon.core.keyword.builtin.CallTestCaseKeyword$_callTestCase_closure1.call(CallTestCaseKeyword.groovy)
	at com.kms.katalon.core.keyword.internal.KeywordMain.runKeyword(KeywordMain.groovy:75)
	at com.kms.katalon.core.keyword.builtin.CallTestCaseKeyword.callTestCase(CallTestCaseKeyword.groovy:81)
	at com.kms.katalon.core.keyword.builtin.CallTestCaseKeyword.execute(CallTestCaseKeyword.groovy:44)
	at com.kms.katalon.core.keyword.internal.KeywordExecutor.executeKeywordForPlatform(KeywordExecutor.groovy:74)
	at com.kms.katalon.core.keyword.BuiltinKeywords.callTestCase(BuiltinKeywords.groovy:310)
	at jdk.internal.reflect.GeneratedMethodAccessor30.invoke(Unknown Source)
	at java.base/jdk.internal.reflect.DelegatingMethodAccessorImpl.invoke(DelegatingMethodAccessorImpl.java:43)
	at Register Education Partner.run(Register Education Partner:401)
	at com.kms.katalon.core.main.ScriptEngine.run(ScriptEngine.java:194)
	at com.kms.katalon.core.main.ScriptEngine.runScriptAsRawText(ScriptEngine.java:119)
	at com.kms.katalon.core.main.TestCaseExecutor.runScript(TestCaseExecutor.java:448)
	at com.kms.katalon.core.main.TestCaseExecutor.doExecute(TestCaseExecutor.java:439)
	at com.kms.katalon.core.main.TestCaseExecutor.processExecutionPhase(TestCaseExecutor.java:418)
	at com.kms.katalon.core.main.TestCaseExecutor.accessMainPhase(TestCaseExecutor.java:410)
	at com.kms.katalon.core.main.TestCaseExecutor.execute(TestCaseExecutor.java:285)
	at com.kms.katalon.core.common.CommonExecutor.accessTestCaseMainPhase(CommonExecutor.java:65)
	at com.kms.katalon.core.main.TestSuiteExecutor.accessTestSuiteMainPhase(TestSuiteExecutor.java:150)
	at com.kms.katalon.core.main.TestSuiteExecutor.execute(TestSuiteExecutor.java:106)
	at com.kms.katalon.core.main.TestCaseMain.startTestSuite(TestCaseMain.java:180)
	at TempTestSuite1737837875715.run(TempTestSuite1737837875715.groovy:35)
	at java.base/jdk.internal.reflect.NativeMethodAccessorImpl.invoke0(Native Method)
	at java.base/jdk.internal.reflect.NativeMethodAccessorImpl.invoke(NativeMethodAccessorImpl.java:77)
	at java.base/jdk.internal.reflect.DelegatingMethodAccessorImpl.invoke(DelegatingMethodAccessorImpl.java:43)
Caused by: com.kms.katalon.core.exception.StepErrorException: Call Test Case 'Test Cases/Education Partner Profile/Tabs/Set Admin Info' failed because of error(s)
	at com.kms.katalon.core.keyword.builtin.CallTestCaseKeyword$_callTestCase_closure1.doCall(CallTestCaseKeyword.groovy:66)
	at com.kms.katalon.core.keyword.builtin.CallTestCaseKeyword$_callTestCase_closure1.call(CallTestCaseKeyword.groovy)
	at com.kms.katalon.core.keyword.internal.KeywordMain.runKeyword(KeywordMain.groovy:75)
	at com.kms.katalon.core.keyword.builtin.CallTestCaseKeyword.callTestCase(CallTestCaseKeyword.groovy:81)
	at com.kms.katalon.core.keyword.builtin.CallTestCaseKeyword.execute(CallTestCaseKeyword.groovy:44)
	at com.kms.katalon.core.keyword.internal.KeywordExecutor.executeKeywordForPlatform(KeywordExecutor.groovy:74)
	at com.kms.katalon.core.keyword.BuiltinKeywords.callTestCase(BuiltinKeywords.groovy:310)
	at jdk.internal.reflect.GeneratedMethodAccessor30.invoke(Unknown Source)
	at java.base/jdk.internal.reflect.DelegatingMethodAccessorImpl.invoke(DelegatingMethodAccessorImpl.java:43)
	at Complete Education Partner Profile.run(Complete Education Partner Profile:216)
	at com.kms.katalon.core.main.ScriptEngine.run(ScriptEngine.java:194)
	at com.kms.katalon.core.main.ScriptEngine.runScriptAsRawText(ScriptEngine.java:119)
	at com.kms.katalon.core.main.TestCaseExecutor.runScript(TestCaseExecutor.java:448)
	at com.kms.katalon.core.main.TestCaseExecutor.doExecute(TestCaseExecutor.java:439)
	at com.kms.katalon.core.main.TestCaseExecutor.processExecutionPhase(TestCaseExecutor.java:418)
	at com.kms.katalon.core.main.TestCaseExecutor.accessMainPhase(TestCaseExecutor.java:410)
	at com.kms.katalon.core.main.TestCaseExecutor.execute(TestCaseExecutor.java:285)
	at com.kms.katalon.core.main.TestCaseMain.runTestCase(TestCaseMain.java:137)
	at com.kms.katalon.core.keyword.builtin.CallTestCaseKeyword$_callTestCase_closure1.doCall(CallTestCaseKeyword.groovy:59)
	... 24 more
Caused by: com.kms.katalon.core.exception.StepErrorException: Call Test Case 'Test Cases/_Functions/Perform Action' failed because of error(s)
	at com.kms.katalon.core.keyword.builtin.CallTestCaseKeyword$_callTestCase_closure1.doCall(CallTestCaseKeyword.groovy:66)
	at com.kms.katalon.core.keyword.builtin.CallTestCaseKeyword$_callTestCase_closure1.call(CallTestCaseKeyword.groovy)
	at com.kms.katalon.core.keyword.internal.KeywordMain.runKeyword(KeywordMain.groovy:75)
	at com.kms.katalon.core.keyword.builtin.CallTestCaseKeyword.callTestCase(CallTestCaseKeyword.groovy:81)
	at com.kms.katalon.core.keyword.builtin.CallTestCaseKeyword.execute(CallTestCaseKeyword.groovy:44)
	at com.kms.katalon.core.keyword.internal.KeywordExecutor.executeKeywordForPlatform(KeywordExecutor.groovy:74)
	at com.kms.katalon.core.keyword.BuiltinKeywords.callTestCase(BuiltinKeywords.groovy:310)
	at jdk.internal.reflect.GeneratedMethodAccessor30.invoke(Unknown Source)
	at java.base/jdk.internal.reflect.DelegatingMethodAccessorImpl.invoke(DelegatingMethodAccessorImpl.java:43)
	at Set Admin Info.run(Set Admin Info:81)
	at com.kms.katalon.core.main.ScriptEngine.run(ScriptEngine.java:194)
	at com.kms.katalon.core.main.ScriptEngine.runScriptAsRawText(ScriptEngine.java:119)
	at com.kms.katalon.core.main.TestCaseExecutor.runScript(TestCaseExecutor.java:448)
	at com.kms.katalon.core.main.TestCaseExecutor.doExecute(TestCaseExecutor.java:439)
	at com.kms.katalon.core.main.TestCaseExecutor.processExecutionPhase(TestCaseExecutor.java:418)
	at com.kms.katalon.core.main.TestCaseExecutor.accessMainPhase(TestCaseExecutor.java:410)
	at com.kms.katalon.core.main.TestCaseExecutor.execute(TestCaseExecutor.java:285)
	at com.kms.katalon.core.main.TestCaseMain.runTestCase(TestCaseMain.java:137)
	at com.kms.katalon.core.keyword.builtin.CallTestCaseKeyword$_callTestCase_closure1.doCall(CallTestCaseKeyword.groovy:59)
	... 42 more
Caused by: com.kms.katalon.core.webui.exception.WebElementNotFoundException: Web element with id: 'Object Repository/Education Partner Profile/Tabs/a_Admin Info' located by '//a[@id='ui-id-7']' not found
	at com.kms.katalon.core.webui.common.WebUiCommonHelper.findWebElement(WebUiCommonHelper.java:1423)
	at Perform Action.run(Perform Action:32)
	at com.kms.katalon.core.main.ScriptEngine.run(ScriptEngine.java:194)
	at com.kms.katalon.core.main.ScriptEngine.runScriptAsRawText(ScriptEngine.java:119)
	at com.kms.katalon.core.main.TestCaseExecutor.runScript(TestCaseExecutor.java:448)
	at com.kms.katalon.core.main.TestCaseExecutor.doExecute(TestCaseExecutor.java:439)
	at com.kms.katalon.core.main.TestCaseExecutor.processExecutionPhase(TestCaseExecutor.java:418)
	at com.kms.katalon.core.main.TestCaseExecutor.accessMainPhase(TestCaseExecutor.java:410)
	at com.kms.katalon.core.main.TestCaseExecutor.execute(TestCaseExecutor.java:285)
	at com.kms.katalon.core.main.TestCaseMain.runTestCase(TestCaseMain.java:137)
	at com.kms.katalon.core.keyword.builtin.CallTestCaseKeyword$_callTestCase_closure1.doCall(CallTestCaseKeyword.groovy:59)
	... 60 more


25-01-2025T14:46:48 - [TEST_STEP][PASSED] - outText = "Approval request email for " + username + " was found": null

25-01-2025T14:46:48 - [TEST_STEP][PASSED] - println(outText): null

25-01-2025T14:46:48 - [TEST_STEP][PASSED] - outFile.append(outText): null

25-01-2025T14:46:48 - [TEST_STEP][PASSED] - closeBrowser(): Browser is closed

25-01-2025T14:46:48 - [MESSAGE][PASSED] - Browser is closed

25-01-2025T14:46:48 - [TEST_STEP][PASSED] - callTestCase(findTestCase("Admin/Grant Access"), ["varUsername":username], STOP_ON_FAILURE): Call Test Case 'Test Cases/Admin/Grant Access' successfully

25-01-2025T14:46:48 - [TEST_CASE][PASSED] - Test Cases/Admin/Grant Access: Test Cases/Admin/Grant Access

25-01-2025T14:46:48 - [TEST_STEP][PASSED] - if (binding.hasVariable("varUsername")): null

25-01-2025T14:46:48 - [TEST_STEP][PASSED] - username = varUsername: null

25-01-2025T14:46:48 - [TEST_STEP][PASSED] - writeFile = false: null

25-01-2025T14:46:48 - [TEST_STEP][PASSED] - if (outFile != ""): null

25-01-2025T14:46:48 - [TEST_STEP][PASSED] - myFile = outFile: null

25-01-2025T14:46:48 - [TEST_STEP][PASSED] - println(myFile): null

25-01-2025T14:46:48 - [TEST_STEP][PASSED] - outFile = new java.io.File(myFile): null

25-01-2025T14:46:48 - [TEST_STEP][PASSED] - writeFile = true: null

25-01-2025T14:46:48 - [TEST_STEP][PASSED] - domain = domain: null

25-01-2025T14:46:48 - [TEST_STEP][PASSED] - url = "https://api." + domain: null

25-01-2025T14:46:48 - [TEST_STEP][PASSED] - openBrowser(""): Browser is opened with url: ''

25-01-2025T14:46:48 - [MESSAGE][INFO] - Starting 'Chrome' driver

25-01-2025T14:46:48 - [MESSAGE][INFO] - Action delay is set to 0 milliseconds

25-01-2025T14:46:49 - [MESSAGE][PASSED] - Browser is opened with url: ''

25-01-2025T14:46:49 - [TEST_STEP][PASSED] - navigateToUrl(url): Navigate to 'https://api.missionnext.org' successfully

25-01-2025T14:46:50 - [MESSAGE][PASSED] - Navigate to 'https://api.missionnext.org' successfully

25-01-2025T14:46:50 - [TEST_STEP][PASSED] - setText(findTestObject("Admin/API Login/input_username"), "chriskosieracki"): Text 'chriskosieracki' is set on object 'Object Repository/Admin/API Login/input_username'

25-01-2025T14:46:50 - [MESSAGE][PASSED] - Text 'chriskosieracki' is set on object 'Object Repository/Admin/API Login/input_username'

25-01-2025T14:46:50 - [TEST_STEP][PASSED] - setEncryptedText(findTestObject("Admin/API Login/input_password"), "4Q/2PF7UjxevAl0v0kCS+w=="): Text ****** has been set on object 'Object Repository/Admin/API Login/input_password'

25-01-2025T14:46:50 - [MESSAGE][PASSED] - Text ****** has been set on object 'Object Repository/Admin/API Login/input_password'

25-01-2025T14:46:50 - [TEST_STEP][PASSED] - click(findTestObject("Admin/API Login/btn_Sign in")): Object: 'Object Repository/Admin/API Login/btn_Sign in' is clicked on

25-01-2025T14:46:51 - [MESSAGE][PASSED] - Object: 'Object Repository/Admin/API Login/btn_Sign in' is clicked on

25-01-2025T14:46:51 - [TEST_STEP][PASSED] - click(findTestObject("Admin/API Dashboard/a_Users")): Object: 'Object Repository/Admin/API Dashboard/a_Users' is clicked on

25-01-2025T14:46:51 - [MESSAGE][PASSED] - Object: 'Object Repository/Admin/API Dashboard/a_Users' is clicked on

25-01-2025T14:46:51 - [TEST_STEP][PASSED] - setText(findTestObject("Object Repository/Admin/API Dashboard/input_User_search"), username): Text 'cktest06ep' is set on object 'Object Repository/Admin/API Dashboard/input_User_search'

25-01-2025T14:46:51 - [MESSAGE][PASSED] - Text 'cktest06ep' is set on object 'Object Repository/Admin/API Dashboard/input_User_search'

25-01-2025T14:46:51 - [TEST_STEP][PASSED] - delay(5): Delayed 5 second(s)

25-01-2025T14:46:56 - [MESSAGE][PASSED] - Delayed 5 second(s)

25-01-2025T14:46:56 - [TEST_STEP][PASSED] - driver = getWebDriver(): null

25-01-2025T14:46:56 - [TEST_STEP][PASSED] - Table = driver.findElement(By.xpath("//*[@id="default-rezult"]/table")): null

25-01-2025T14:46:56 - [TEST_STEP][PASSED] - Rows = Table.findElements(By.tagName("tr")): null

25-01-2025T14:46:56 - [TEST_STEP][PASSED] - row_count = Rows.size(): null

25-01-2025T14:46:56 - [TEST_STEP][PASSED] - for ([row = 1, row < row_count, (row++)]): null

25-01-2025T14:46:56 - [TEST_STEP][PASSED] - Columns = get(row).findElements(By.tagName("td")): null

25-01-2025T14:46:56 - [TEST_STEP][PASSED] - user = get(1).getText(): null

25-01-2025T14:46:56 - [TEST_STEP][PASSED] - if (user.indexOf(username) >= 0): null

25-01-2025T14:46:56 - [TEST_STEP][PASSED] - get(1).click(): null

25-01-2025T14:46:56 - [TEST_STEP][PASSED] - delay(5): Delayed 5 second(s)

25-01-2025T14:47:01 - [MESSAGE][PASSED] - Delayed 5 second(s)

25-01-2025T14:47:01 - [TEST_STEP][PASSED] - outText = "Granting access to " + username: null

25-01-2025T14:47:01 - [TEST_STEP][PASSED] - println("=====> " + outText): null

25-01-2025T14:47:01 - [TEST_STEP][PASSED] - if (writeFile): null

25-01-2025T14:47:01 - [TEST_STEP][PASSED] - outFile.append(outText + "
"): null

25-01-2025T14:47:01 - [TEST_STEP][PASSED] - click(findTestObject("Object Repository/Admin/API Dashboard/button_Grant Access")): Object: 'Object Repository/Admin/API Dashboard/button_Grant Access' is clicked on

25-01-2025T14:47:02 - [MESSAGE][PASSED] - Object: 'Object Repository/Admin/API Dashboard/button_Grant Access' is clicked on

25-01-2025T14:47:02 - [TEST_STEP][PASSED] - delay(1): Delayed 1 second(s)

25-01-2025T14:47:03 - [MESSAGE][PASSED] - Delayed 1 second(s)

25-01-2025T14:47:03 - [TEST_STEP][PASSED] - granted = false: null

25-01-2025T14:47:03 - [TEST_STEP][PASSED] - loops = 10: null

25-01-2025T14:47:03 - [TEST_STEP][PASSED] - loop = 0: null

25-01-2025T14:47:03 - [TEST_STEP][PASSED] - while (!(granted) && loop < loops): null

25-01-2025T14:47:03 - [TEST_STEP][PASSED] - granted = verifyTextPresent("ACCESS GRANTED", false, OPTIONAL): Text 'ACCESS GRANTED' is not present on page  (Root cause: com.kms.katalon.core.exception.StepFailedException: Text 'ACCESS GRANTED' is not present on page 
	at com.kms.katalon.core.webui.keyword.internal.WebUIKeywordMain.stepFailed(WebUIKeywordMain.groovy:117)
	at com.kms.katalon.core.webui.keyword.builtin.VerifyTextPresentKeyword$_verifyTextPresent_closure1.doCall(VerifyTextPresentKeyword.groovy:79)
	at com.kms.katalon.core.webui.keyword.builtin.VerifyTextPresentKeyword$_verifyTextPresent_closure1.call(VerifyTextPresentKeyword.groovy)
	at com.kms.katalon.core.webui.keyword.internal.WebUIKeywordMain.runKeyword(WebUIKeywordMain.groovy:35)
	at com.kms.katalon.core.webui.keyword.builtin.VerifyTextPresentKeyword.verifyTextPresent(VerifyTextPresentKeyword.groovy:83)
	at com.kms.katalon.core.webui.keyword.builtin.VerifyTextPresentKeyword.execute(VerifyTextPresentKeyword.groovy:68)
	at com.kms.katalon.core.keyword.internal.KeywordExecutor.executeKeywordForPlatform(KeywordExecutor.groovy:74)
	at com.kms.katalon.core.webui.keyword.WebUiBuiltInKeywords.verifyTextPresent(WebUiBuiltInKeywords.groovy:1746)
	at Grant Access.run(Grant Access:98)
	at com.kms.katalon.core.main.ScriptEngine.run(ScriptEngine.java:194)
	at com.kms.katalon.core.main.ScriptEngine.runScriptAsRawText(ScriptEngine.java:119)
	at com.kms.katalon.core.main.TestCaseExecutor.runScript(TestCaseExecutor.java:448)
	at com.kms.katalon.core.main.TestCaseExecutor.doExecute(TestCaseExecutor.java:439)
	at com.kms.katalon.core.main.TestCaseExecutor.processExecutionPhase(TestCaseExecutor.java:418)
	at com.kms.katalon.core.main.TestCaseExecutor.accessMainPhase(TestCaseExecutor.java:410)
	at com.kms.katalon.core.main.TestCaseExecutor.execute(TestCaseExecutor.java:285)
	at com.kms.katalon.core.main.TestCaseMain.runTestCase(TestCaseMain.java:137)
	at com.kms.katalon.core.keyword.builtin.CallTestCaseKeyword$_callTestCase_closure1.doCall(CallTestCaseKeyword.groovy:59)
	at com.kms.katalon.core.keyword.builtin.CallTestCaseKeyword$_callTestCase_closure1.call(CallTestCaseKeyword.groovy)
	at com.kms.katalon.core.keyword.internal.KeywordMain.runKeyword(KeywordMain.groovy:75)
	at com.kms.katalon.core.keyword.builtin.CallTestCaseKeyword.callTestCase(CallTestCaseKeyword.groovy:81)
	at com.kms.katalon.core.keyword.builtin.CallTestCaseKeyword.execute(CallTestCaseKeyword.groovy:44)
	at com.kms.katalon.core.keyword.internal.KeywordExecutor.executeKeywordForPlatform(KeywordExecutor.groovy:74)
	at com.kms.katalon.core.keyword.BuiltinKeywords.callTestCase(BuiltinKeywords.groovy:310)
	at jdk.internal.reflect.GeneratedMethodAccessor30.invoke(Unknown Source)
	at java.base/jdk.internal.reflect.DelegatingMethodAccessorImpl.invoke(DelegatingMethodAccessorImpl.java:43)
	at Register Education Partner.run(Register Education Partner:393)
	at com.kms.katalon.core.main.ScriptEngine.run(ScriptEngine.java:194)
	at com.kms.katalon.core.main.ScriptEngine.runScriptAsRawText(ScriptEngine.java:119)
	at com.kms.katalon.core.main.TestCaseExecutor.runScript(TestCaseExecutor.java:448)
	at com.kms.katalon.core.main.TestCaseExecutor.doExecute(TestCaseExecutor.java:439)
	at com.kms.katalon.core.main.TestCaseExecutor.processExecutionPhase(TestCaseExecutor.java:418)
	at com.kms.katalon.core.main.TestCaseExecutor.accessMainPhase(TestCaseExecutor.java:410)
	at com.kms.katalon.core.main.TestCaseExecutor.execute(TestCaseExecutor.java:285)
	at com.kms.katalon.core.common.CommonExecutor.accessTestCaseMainPhase(CommonExecutor.java:65)
	at com.kms.katalon.core.main.TestSuiteExecutor.accessTestSuiteMainPhase(TestSuiteExecutor.java:150)
	at com.kms.katalon.core.main.TestSuiteExecutor.execute(TestSuiteExecutor.java:106)
	at com.kms.katalon.core.main.TestCaseMain.startTestSuite(TestCaseMain.java:180)
	at TempTestSuite1737837875715.run(TempTestSuite1737837875715.groovy:35)
	at java.base/jdk.internal.reflect.NativeMethodAccessorImpl.invoke0(Native Method)
	at java.base/jdk.internal.reflect.NativeMethodAccessorImpl.invoke(NativeMethodAccessorImpl.java:77)
	at java.base/jdk.internal.reflect.DelegatingMethodAccessorImpl.invoke(DelegatingMethodAccessorImpl.java:43)
)

25-01-2025T14:47:03 - [MESSAGE][WARNING] - Text 'ACCESS GRANTED' is not present on page  (Root cause: com.kms.katalon.core.exception.StepFailedException: Text 'ACCESS GRANTED' is not present on page 
	at com.kms.katalon.core.webui.keyword.internal.WebUIKeywordMain.stepFailed(WebUIKeywordMain.groovy:117)
	at com.kms.katalon.core.webui.keyword.builtin.VerifyTextPresentKeyword$_verifyTextPresent_closure1.doCall(VerifyTextPresentKeyword.groovy:79)
	at com.kms.katalon.core.webui.keyword.builtin.VerifyTextPresentKeyword$_verifyTextPresent_closure1.call(VerifyTextPresentKeyword.groovy)
	at com.kms.katalon.core.webui.keyword.internal.WebUIKeywordMain.runKeyword(WebUIKeywordMain.groovy:35)
	at com.kms.katalon.core.webui.keyword.builtin.VerifyTextPresentKeyword.verifyTextPresent(VerifyTextPresentKeyword.groovy:83)
	at com.kms.katalon.core.webui.keyword.builtin.VerifyTextPresentKeyword.execute(VerifyTextPresentKeyword.groovy:68)
	at com.kms.katalon.core.keyword.internal.KeywordExecutor.executeKeywordForPlatform(KeywordExecutor.groovy:74)
	at com.kms.katalon.core.webui.keyword.WebUiBuiltInKeywords.verifyTextPresent(WebUiBuiltInKeywords.groovy:1746)
	at Grant Access.run(Grant Access:98)
	at com.kms.katalon.core.main.ScriptEngine.run(ScriptEngine.java:194)
	at com.kms.katalon.core.main.ScriptEngine.runScriptAsRawText(ScriptEngine.java:119)
	at com.kms.katalon.core.main.TestCaseExecutor.runScript(TestCaseExecutor.java:448)
	at com.kms.katalon.core.main.TestCaseExecutor.doExecute(TestCaseExecutor.java:439)
	at com.kms.katalon.core.main.TestCaseExecutor.processExecutionPhase(TestCaseExecutor.java:418)
	at com.kms.katalon.core.main.TestCaseExecutor.accessMainPhase(TestCaseExecutor.java:410)
	at com.kms.katalon.core.main.TestCaseExecutor.execute(TestCaseExecutor.java:285)
	at com.kms.katalon.core.main.TestCaseMain.runTestCase(TestCaseMain.java:137)
	at com.kms.katalon.core.keyword.builtin.CallTestCaseKeyword$_callTestCase_closure1.doCall(CallTestCaseKeyword.groovy:59)
	at com.kms.katalon.core.keyword.builtin.CallTestCaseKeyword$_callTestCase_closure1.call(CallTestCaseKeyword.groovy)
	at com.kms.katalon.core.keyword.internal.KeywordMain.runKeyword(KeywordMain.groovy:75)
	at com.kms.katalon.core.keyword.builtin.CallTestCaseKeyword.callTestCase(CallTestCaseKeyword.groovy:81)
	at com.kms.katalon.core.keyword.builtin.CallTestCaseKeyword.execute(CallTestCaseKeyword.groovy:44)
	at com.kms.katalon.core.keyword.internal.KeywordExecutor.executeKeywordForPlatform(KeywordExecutor.groovy:74)
	at com.kms.katalon.core.keyword.BuiltinKeywords.callTestCase(BuiltinKeywords.groovy:310)
	at jdk.internal.reflect.GeneratedMethodAccessor30.invoke(Unknown Source)
	at java.base/jdk.internal.reflect.DelegatingMethodAccessorImpl.invoke(DelegatingMethodAccessorImpl.java:43)
	at Register Education Partner.run(Register Education Partner:393)
	at com.kms.katalon.core.main.ScriptEngine.run(ScriptEngine.java:194)
	at com.kms.katalon.core.main.ScriptEngine.runScriptAsRawText(ScriptEngine.java:119)
	at com.kms.katalon.core.main.TestCaseExecutor.runScript(TestCaseExecutor.java:448)
	at com.kms.katalon.core.main.TestCaseExecutor.doExecute(TestCaseExecutor.java:439)
	at com.kms.katalon.core.main.TestCaseExecutor.processExecutionPhase(TestCaseExecutor.java:418)
	at com.kms.katalon.core.main.TestCaseExecutor.accessMainPhase(TestCaseExecutor.java:410)
	at com.kms.katalon.core.main.TestCaseExecutor.execute(TestCaseExecutor.java:285)
	at com.kms.katalon.core.common.CommonExecutor.accessTestCaseMainPhase(CommonExecutor.java:65)
	at com.kms.katalon.core.main.TestSuiteExecutor.accessTestSuiteMainPhase(TestSuiteExecutor.java:150)
	at com.kms.katalon.core.main.TestSuiteExecutor.execute(TestSuiteExecutor.java:106)
	at com.kms.katalon.core.main.TestCaseMain.startTestSuite(TestCaseMain.java:180)
	at TempTestSuite1737837875715.run(TempTestSuite1737837875715.groovy:35)
	at java.base/jdk.internal.reflect.NativeMethodAccessorImpl.invoke0(Native Method)
	at java.base/jdk.internal.reflect.NativeMethodAccessorImpl.invoke(NativeMethodAccessorImpl.java:77)
	at java.base/jdk.internal.reflect.DelegatingMethodAccessorImpl.invoke(DelegatingMethodAccessorImpl.java:43)
)

25-01-2025T14:47:03 - [TEST_STEP][PASSED] - delay(2): Delayed 2 second(s)

25-01-2025T14:47:05 - [MESSAGE][PASSED] - Delayed 2 second(s)

25-01-2025T14:47:05 - [TEST_STEP][PASSED] - (loop++): null

25-01-2025T14:47:05 - [TEST_STEP][PASSED] - granted = verifyTextPresent("ACCESS GRANTED", false, OPTIONAL): Text 'ACCESS GRANTED' is present on page 

25-01-2025T14:47:05 - [MESSAGE][PASSED] - Text 'ACCESS GRANTED' is present on page 

25-01-2025T14:47:05 - [TEST_STEP][PASSED] - delay(2): Delayed 2 second(s)

25-01-2025T14:47:07 - [MESSAGE][PASSED] - Delayed 2 second(s)

25-01-2025T14:47:07 - [TEST_STEP][PASSED] - (loop++): null

25-01-2025T14:47:07 - [TEST_STEP][PASSED] - if (granted): null

25-01-2025T14:47:07 - [TEST_STEP][PASSED] - outText = "Access granted to " + username: null

25-01-2025T14:47:07 - [TEST_STEP][PASSED] - println("=====> " + outText): null

25-01-2025T14:47:07 - [TEST_STEP][PASSED] - if (writeFile): null

25-01-2025T14:47:07 - [TEST_STEP][PASSED] - outFile.append(outText + "
"): null

25-01-2025T14:47:07 - [TEST_STEP][PASSED] - click(findTestObject("Object Repository/Admin/API Dashboard/a_Logout")): Object: 'Object Repository/Admin/API Dashboard/a_Logout' is clicked on

25-01-2025T14:47:07 - [MESSAGE][PASSED] - Object: 'Object Repository/Admin/API Dashboard/a_Logout' is clicked on

25-01-2025T14:47:07 - [TEST_STEP][PASSED] - break: null

25-01-2025T14:47:07 - [TEST_STEP][PASSED] - closeBrowser(): Browser is closed

25-01-2025T14:47:07 - [MESSAGE][PASSED] - Browser is closed

25-01-2025T14:47:07 - [MESSAGE][PASSED] - Call Test Case 'Test Cases/Admin/Grant Access' successfully

25-01-2025T14:47:07 - [TEST_STEP][PASSED] - callTestCase(findTestCase("Admin/Create Subscription"), ["varUsername":username, "varType":"Education", "varRole":"Organization"], STOP_ON_FAILURE): Call Test Case 'Test Cases/Admin/Create Subscription' successfully

25-01-2025T14:47:07 - [TEST_CASE][PASSED] - Test Cases/Admin/Create Subscription: Test Cases/Admin/Create Subscription

25-01-2025T14:47:07 - [TEST_STEP][PASSED] - if (binding.hasVariable("varUsername")): null

25-01-2025T14:47:07 - [TEST_STEP][PASSED] - username = varUsername: null

25-01-2025T14:47:07 - [TEST_STEP][PASSED] - if (binding.hasVariable("varType")): null

25-01-2025T14:47:07 - [TEST_STEP][PASSED] - type = varType: null

25-01-2025T14:47:07 - [TEST_STEP][PASSED] - if (binding.hasVariable("varRole")): null

25-01-2025T14:47:07 - [TEST_STEP][PASSED] - role = varRole: null

25-01-2025T14:47:07 - [TEST_STEP][PASSED] - println("username is " + username): null

25-01-2025T14:47:07 - [TEST_STEP][PASSED] - println("type is " + type): null

25-01-2025T14:47:07 - [TEST_STEP][PASSED] - println("role is " + role): null

25-01-2025T14:47:07 - [TEST_STEP][PASSED] - writeFile = false: null

25-01-2025T14:47:07 - [TEST_STEP][PASSED] - if (outFile != ""): null

25-01-2025T14:47:07 - [TEST_STEP][PASSED] - myFile = outFile: null

25-01-2025T14:47:07 - [TEST_STEP][PASSED] - println(myFile): null

25-01-2025T14:47:07 - [TEST_STEP][PASSED] - outFile = new java.io.File(myFile): null

25-01-2025T14:47:07 - [TEST_STEP][PASSED] - writeFile = true: null

25-01-2025T14:47:07 - [TEST_STEP][PASSED] - domain = domain: null

25-01-2025T14:47:07 - [TEST_STEP][PASSED] - url = "https://ad." + domain: null

25-01-2025T14:47:07 - [TEST_STEP][PASSED] - openBrowser(""): Browser is opened with url: ''

25-01-2025T14:47:07 - [MESSAGE][INFO] - Starting 'Chrome' driver

25-01-2025T14:47:07 - [MESSAGE][INFO] - Action delay is set to 0 milliseconds

25-01-2025T14:47:08 - [MESSAGE][PASSED] - Browser is opened with url: ''

25-01-2025T14:47:08 - [TEST_STEP][PASSED] - navigateToUrl(url): Navigate to 'https://ad.missionnext.org' successfully

25-01-2025T14:47:08 - [MESSAGE][PASSED] - Navigate to 'https://ad.missionnext.org' successfully

25-01-2025T14:47:08 - [TEST_STEP][PASSED] - setText(findTestObject("Admin/Ad Login/input_Username"), "chriskosieracki"): Text 'chriskosieracki' is set on object 'Object Repository/Admin/Ad Login/input_Username'

25-01-2025T14:47:08 - [MESSAGE][PASSED] - Text 'chriskosieracki' is set on object 'Object Repository/Admin/Ad Login/input_Username'

25-01-2025T14:47:08 - [TEST_STEP][PASSED] - setEncryptedText(findTestObject("Admin/Ad Login/input_Password"), "fAJOXt1JExHva3VUYg96Og=="): Text ****** has been set on object 'Object Repository/Admin/Ad Login/input_Password'

25-01-2025T14:47:09 - [MESSAGE][PASSED] - Text ****** has been set on object 'Object Repository/Admin/Ad Login/input_Password'

25-01-2025T14:47:09 - [TEST_STEP][PASSED] - click(findTestObject("Admin/Ad Login/btn_Submit")): Object: 'Object Repository/Admin/Ad Login/btn_Submit' is clicked on

25-01-2025T14:47:09 - [MESSAGE][PASSED] - Object: 'Object Repository/Admin/Ad Login/btn_Submit' is clicked on

25-01-2025T14:47:09 - [TEST_STEP][PASSED] - click(findTestObject("Object Repository/Admin/Ad Subscription Utility/a_Subscription Information  Administration")): Object: 'Object Repository/Admin/Ad Subscription Utility/a_Subscription Information  Administration' is clicked on

25-01-2025T14:47:11 - [MESSAGE][PASSED] - Object: 'Object Repository/Admin/Ad Subscription Utility/a_Subscription Information  Administration' is clicked on

25-01-2025T14:47:11 - [TEST_STEP][PASSED] - click(findTestObject("Admin/Ad Subscription Utility/select_Website")): Object: 'Object Repository/Admin/Ad Subscription Utility/select_Website' is clicked on

25-01-2025T14:47:11 - [MESSAGE][PASSED] - Object: 'Object Repository/Admin/Ad Subscription Utility/select_Website' is clicked on

25-01-2025T14:47:11 - [TEST_STEP][PASSED] - delay(1): Delayed 1 second(s)

25-01-2025T14:47:12 - [MESSAGE][PASSED] - Delayed 1 second(s)

25-01-2025T14:47:12 - [TEST_STEP][PASSED] - selectOptionByLabel(findTestObject("Object Repository/Admin/Ad Subscription Utility/select_Website"), type, false): All options with label 'Education' are selected in object 'Object Repository/Admin/Ad Subscription Utility/select_Website' 

25-01-2025T14:47:12 - [MESSAGE][PASSED] - All options with label 'Education' are selected in object 'Object Repository/Admin/Ad Subscription Utility/select_Website' 

25-01-2025T14:47:12 - [TEST_STEP][PASSED] - selectOptionByLabel(findTestObject("Object Repository/Admin/Ad Subscription Utility/select_Role"), role, false): All options with label 'Organization' are selected in object 'Object Repository/Admin/Ad Subscription Utility/select_Role' 

25-01-2025T14:47:12 - [MESSAGE][PASSED] - All options with label 'Organization' are selected in object 'Object Repository/Admin/Ad Subscription Utility/select_Role' 

25-01-2025T14:47:12 - [TEST_STEP][PASSED] - delay(1): Delayed 1 second(s)

25-01-2025T14:47:13 - [MESSAGE][PASSED] - Delayed 1 second(s)

25-01-2025T14:47:13 - [TEST_STEP][PASSED] - click(findTestObject("Admin/Ad Subscription Utility/option_" + role)): Object: 'Object Repository/Admin/Ad Subscription Utility/option_Organization' is clicked on

25-01-2025T14:47:13 - [MESSAGE][PASSED] - Object: 'Object Repository/Admin/Ad Subscription Utility/option_Organization' is clicked on

25-01-2025T14:47:13 - [TEST_STEP][PASSED] - click(findTestObject("Admin/Ad Subscription Utility/btn_Add Subscription Entry")): Object: 'Object Repository/Admin/Ad Subscription Utility/btn_Add Subscription Entry' is clicked on

25-01-2025T14:47:14 - [MESSAGE][PASSED] - Object: 'Object Repository/Admin/Ad Subscription Utility/btn_Add Subscription Entry' is clicked on

25-01-2025T14:47:14 - [TEST_STEP][PASSED] - delay(2): Delayed 2 second(s)

25-01-2025T14:47:16 - [MESSAGE][PASSED] - Delayed 2 second(s)

25-01-2025T14:47:16 - [TEST_STEP][PASSED] - driver = getWebDriver(): null

25-01-2025T14:47:16 - [TEST_STEP][PASSED] - Table = driver.findElement(By.xpath("//p[4]/table")): null

25-01-2025T14:47:16 - [TEST_STEP][PASSED] - Rows = Table.findElements(By.tagName("tr")): null

25-01-2025T14:47:16 - [TEST_STEP][PASSED] - row_count = Rows.size(): null

25-01-2025T14:47:16 - [TEST_STEP][PASSED] - found = false: null

25-01-2025T14:47:16 - [TEST_STEP][PASSED] - for ([row = 1, row < row_count, (row++)]): null

25-01-2025T14:47:16 - [TEST_STEP][PASSED] - Columns = get(row).findElements(By.tagName("td")): null

25-01-2025T14:47:16 - [TEST_STEP][PASSED] - user = get(8).getText(): null

25-01-2025T14:47:16 - [TEST_STEP][PASSED] - if (user.indexOf(username) >= 0): null

25-01-2025T14:47:16 - [TEST_STEP][PASSED] - Columns = get(row).findElements(By.tagName("td")): null

25-01-2025T14:47:16 - [TEST_STEP][PASSED] - user = get(8).getText(): null

25-01-2025T14:47:16 - [TEST_STEP][PASSED] - if (user.indexOf(username) >= 0): null

25-01-2025T14:47:16 - [TEST_STEP][PASSED] - Columns = get(row).findElements(By.tagName("td")): null

25-01-2025T14:47:16 - [TEST_STEP][PASSED] - user = get(8).getText(): null

25-01-2025T14:47:16 - [TEST_STEP][PASSED] - if (user.indexOf(username) >= 0): null

25-01-2025T14:47:16 - [TEST_STEP][PASSED] - Columns = get(row).findElements(By.tagName("td")): null

25-01-2025T14:47:16 - [TEST_STEP][PASSED] - user = get(8).getText(): null

25-01-2025T14:47:16 - [TEST_STEP][PASSED] - if (user.indexOf(username) >= 0): null

25-01-2025T14:47:16 - [TEST_STEP][PASSED] - Columns = get(row).findElements(By.tagName("td")): null

25-01-2025T14:47:16 - [TEST_STEP][PASSED] - user = get(8).getText(): null

25-01-2025T14:47:16 - [TEST_STEP][PASSED] - if (user.indexOf(username) >= 0): null

25-01-2025T14:47:16 - [TEST_STEP][PASSED] - Columns = get(row).findElements(By.tagName("td")): null

25-01-2025T14:47:16 - [TEST_STEP][PASSED] - user = get(8).getText(): null

25-01-2025T14:47:16 - [TEST_STEP][PASSED] - if (user.indexOf(username) >= 0): null

25-01-2025T14:47:16 - [TEST_STEP][PASSED] - Columns = get(row).findElements(By.tagName("td")): null

25-01-2025T14:47:16 - [TEST_STEP][PASSED] - user = get(8).getText(): null

25-01-2025T14:47:16 - [TEST_STEP][PASSED] - if (user.indexOf(username) >= 0): null

25-01-2025T14:47:16 - [TEST_STEP][PASSED] - Columns = get(row).findElements(By.tagName("td")): null

25-01-2025T14:47:16 - [TEST_STEP][PASSED] - user = get(8).getText(): null

25-01-2025T14:47:16 - [TEST_STEP][PASSED] - if (user.indexOf(username) >= 0): null

25-01-2025T14:47:16 - [TEST_STEP][PASSED] - Columns = get(row).findElements(By.tagName("td")): null

25-01-2025T14:47:16 - [TEST_STEP][PASSED] - user = get(8).getText(): null

25-01-2025T14:47:16 - [TEST_STEP][PASSED] - if (user.indexOf(username) >= 0): null

25-01-2025T14:47:16 - [TEST_STEP][PASSED] - Columns = get(row).findElements(By.tagName("td")): null

25-01-2025T14:47:16 - [TEST_STEP][PASSED] - user = get(8).getText(): null

25-01-2025T14:47:16 - [TEST_STEP][PASSED] - if (user.indexOf(username) >= 0): null

25-01-2025T14:47:16 - [TEST_STEP][PASSED] - Columns = get(row).findElements(By.tagName("td")): null

25-01-2025T14:47:16 - [TEST_STEP][PASSED] - user = get(8).getText(): null

25-01-2025T14:47:16 - [TEST_STEP][PASSED] - if (user.indexOf(username) >= 0): null

25-01-2025T14:47:16 - [TEST_STEP][PASSED] - Columns = get(row).findElements(By.tagName("td")): null

25-01-2025T14:47:16 - [TEST_STEP][PASSED] - user = get(8).getText(): null

25-01-2025T14:47:16 - [TEST_STEP][PASSED] - if (user.indexOf(username) >= 0): null

25-01-2025T14:47:16 - [TEST_STEP][PASSED] - Columns = get(row).findElements(By.tagName("td")): null

25-01-2025T14:47:16 - [TEST_STEP][PASSED] - user = get(8).getText(): null

25-01-2025T14:47:16 - [TEST_STEP][PASSED] - if (user.indexOf(username) >= 0): null

25-01-2025T14:47:16 - [TEST_STEP][PASSED] - Columns = get(row).findElements(By.tagName("td")): null

25-01-2025T14:47:16 - [TEST_STEP][PASSED] - user = get(8).getText(): null

25-01-2025T14:47:16 - [TEST_STEP][PASSED] - if (user.indexOf(username) >= 0): null

25-01-2025T14:47:16 - [TEST_STEP][PASSED] - Columns = get(row).findElements(By.tagName("td")): null

25-01-2025T14:47:16 - [TEST_STEP][PASSED] - user = get(8).getText(): null

25-01-2025T14:47:16 - [TEST_STEP][PASSED] - if (user.indexOf(username) >= 0): null

25-01-2025T14:47:16 - [TEST_STEP][PASSED] - Columns = get(row).findElements(By.tagName("td")): null

25-01-2025T14:47:16 - [TEST_STEP][PASSED] - user = get(8).getText(): null

25-01-2025T14:47:16 - [TEST_STEP][PASSED] - if (user.indexOf(username) >= 0): null

25-01-2025T14:47:16 - [TEST_STEP][PASSED] - Columns = get(row).findElements(By.tagName("td")): null

25-01-2025T14:47:16 - [TEST_STEP][PASSED] - user = get(8).getText(): null

25-01-2025T14:47:16 - [TEST_STEP][PASSED] - if (user.indexOf(username) >= 0): null

25-01-2025T14:47:16 - [TEST_STEP][PASSED] - Columns = get(row).findElements(By.tagName("td")): null

25-01-2025T14:47:16 - [TEST_STEP][PASSED] - user = get(8).getText(): null

25-01-2025T14:47:16 - [TEST_STEP][PASSED] - if (user.indexOf(username) >= 0): null

25-01-2025T14:47:16 - [TEST_STEP][PASSED] - Columns = get(row).findElements(By.tagName("td")): null

25-01-2025T14:47:16 - [TEST_STEP][PASSED] - user = get(8).getText(): null

25-01-2025T14:47:16 - [TEST_STEP][PASSED] - if (user.indexOf(username) >= 0): null

25-01-2025T14:47:16 - [TEST_STEP][PASSED] - Columns = get(row).findElements(By.tagName("td")): null

25-01-2025T14:47:16 - [TEST_STEP][PASSED] - user = get(8).getText(): null

25-01-2025T14:47:16 - [TEST_STEP][PASSED] - if (user.indexOf(username) >= 0): null

25-01-2025T14:47:16 - [TEST_STEP][PASSED] - Columns = get(row).findElements(By.tagName("td")): null

25-01-2025T14:47:16 - [TEST_STEP][PASSED] - user = get(8).getText(): null

25-01-2025T14:47:16 - [TEST_STEP][PASSED] - if (user.indexOf(username) >= 0): null

25-01-2025T14:47:16 - [TEST_STEP][PASSED] - Columns = get(row).findElements(By.tagName("td")): null

25-01-2025T14:47:16 - [TEST_STEP][PASSED] - user = get(8).getText(): null

25-01-2025T14:47:16 - [TEST_STEP][PASSED] - if (user.indexOf(username) >= 0): null

25-01-2025T14:47:16 - [TEST_STEP][PASSED] - Columns = get(row).findElements(By.tagName("td")): null

25-01-2025T14:47:16 - [TEST_STEP][PASSED] - user = get(8).getText(): null

25-01-2025T14:47:16 - [TEST_STEP][PASSED] - if (user.indexOf(username) >= 0): null

25-01-2025T14:47:16 - [TEST_STEP][PASSED] - Columns = get(row).findElements(By.tagName("td")): null

25-01-2025T14:47:16 - [TEST_STEP][PASSED] - user = get(8).getText(): null

25-01-2025T14:47:16 - [TEST_STEP][PASSED] - if (user.indexOf(username) >= 0): null

25-01-2025T14:47:16 - [TEST_STEP][PASSED] - Columns = get(row).findElements(By.tagName("td")): null

25-01-2025T14:47:16 - [TEST_STEP][PASSED] - user = get(8).getText(): null

25-01-2025T14:47:16 - [TEST_STEP][PASSED] - if (user.indexOf(username) >= 0): null

25-01-2025T14:47:16 - [TEST_STEP][PASSED] - Columns = get(row).findElements(By.tagName("td")): null

25-01-2025T14:47:16 - [TEST_STEP][PASSED] - user = get(8).getText(): null

25-01-2025T14:47:16 - [TEST_STEP][PASSED] - if (user.indexOf(username) >= 0): null

25-01-2025T14:47:16 - [TEST_STEP][PASSED] - Columns = get(row).findElements(By.tagName("td")): null

25-01-2025T14:47:16 - [TEST_STEP][PASSED] - user = get(8).getText(): null

25-01-2025T14:47:16 - [TEST_STEP][PASSED] - if (user.indexOf(username) >= 0): null

25-01-2025T14:47:16 - [TEST_STEP][PASSED] - Columns = get(row).findElements(By.tagName("td")): null

25-01-2025T14:47:16 - [TEST_STEP][PASSED] - user = get(8).getText(): null

25-01-2025T14:47:16 - [TEST_STEP][PASSED] - if (user.indexOf(username) >= 0): null

25-01-2025T14:47:16 - [TEST_STEP][PASSED] - Columns = get(row).findElements(By.tagName("td")): null

25-01-2025T14:47:16 - [TEST_STEP][PASSED] - user = get(8).getText(): null

25-01-2025T14:47:16 - [TEST_STEP][PASSED] - if (user.indexOf(username) >= 0): null

25-01-2025T14:47:16 - [TEST_STEP][PASSED] - Columns = get(row).findElements(By.tagName("td")): null

25-01-2025T14:47:16 - [TEST_STEP][PASSED] - user = get(8).getText(): null

25-01-2025T14:47:16 - [TEST_STEP][PASSED] - if (user.indexOf(username) >= 0): null

25-01-2025T14:47:16 - [TEST_STEP][PASSED] - Columns = get(row).findElements(By.tagName("td")): null

25-01-2025T14:47:16 - [TEST_STEP][PASSED] - user = get(8).getText(): null

25-01-2025T14:47:16 - [TEST_STEP][PASSED] - if (user.indexOf(username) >= 0): null

25-01-2025T14:47:16 - [TEST_STEP][PASSED] - Columns = get(row).findElements(By.tagName("td")): null

25-01-2025T14:47:16 - [TEST_STEP][PASSED] - user = get(8).getText(): null

25-01-2025T14:47:16 - [TEST_STEP][PASSED] - if (user.indexOf(username) >= 0): null

25-01-2025T14:47:16 - [TEST_STEP][PASSED] - Columns = get(row).findElements(By.tagName("td")): null

25-01-2025T14:47:16 - [TEST_STEP][PASSED] - user = get(8).getText(): null

25-01-2025T14:47:16 - [TEST_STEP][PASSED] - if (user.indexOf(username) >= 0): null

25-01-2025T14:47:16 - [TEST_STEP][PASSED] - Columns = get(row).findElements(By.tagName("td")): null

25-01-2025T14:47:16 - [TEST_STEP][PASSED] - user = get(8).getText(): null

25-01-2025T14:47:16 - [TEST_STEP][PASSED] - if (user.indexOf(username) >= 0): null

25-01-2025T14:47:16 - [TEST_STEP][PASSED] - Columns = get(row).findElements(By.tagName("td")): null

25-01-2025T14:47:16 - [TEST_STEP][PASSED] - user = get(8).getText(): null

25-01-2025T14:47:16 - [TEST_STEP][PASSED] - if (user.indexOf(username) >= 0): null

25-01-2025T14:47:16 - [TEST_STEP][PASSED] - Columns = get(row).findElements(By.tagName("td")): null

25-01-2025T14:47:16 - [TEST_STEP][PASSED] - user = get(8).getText(): null

25-01-2025T14:47:16 - [TEST_STEP][PASSED] - if (user.indexOf(username) >= 0): null

25-01-2025T14:47:16 - [TEST_STEP][PASSED] - Columns = get(row).findElements(By.tagName("td")): null

25-01-2025T14:47:16 - [TEST_STEP][PASSED] - user = get(8).getText(): null

25-01-2025T14:47:16 - [TEST_STEP][PASSED] - if (user.indexOf(username) >= 0): null

25-01-2025T14:47:16 - [TEST_STEP][PASSED] - Columns = get(row).findElements(By.tagName("td")): null

25-01-2025T14:47:16 - [TEST_STEP][PASSED] - user = get(8).getText(): null

25-01-2025T14:47:16 - [TEST_STEP][PASSED] - if (user.indexOf(username) >= 0): null

25-01-2025T14:47:16 - [TEST_STEP][PASSED] - Columns = get(row).findElements(By.tagName("td")): null

25-01-2025T14:47:16 - [TEST_STEP][PASSED] - user = get(8).getText(): null

25-01-2025T14:47:16 - [TEST_STEP][PASSED] - if (user.indexOf(username) >= 0): null

25-01-2025T14:47:16 - [TEST_STEP][PASSED] - Columns = get(row).findElements(By.tagName("td")): null

25-01-2025T14:47:16 - [TEST_STEP][PASSED] - user = get(8).getText(): null

25-01-2025T14:47:16 - [TEST_STEP][PASSED] - if (user.indexOf(username) >= 0): null

25-01-2025T14:47:16 - [TEST_STEP][PASSED] - found = true: null

25-01-2025T14:47:16 - [TEST_STEP][PASSED] - outText = "Creating subscription for " + username: null

25-01-2025T14:47:16 - [TEST_STEP][PASSED] - println("=====> " + outText): null

25-01-2025T14:47:16 - [TEST_STEP][PASSED] - if (writeFile): null

25-01-2025T14:47:16 - [TEST_STEP][PASSED] - outFile.append(outText + "
"): null

25-01-2025T14:47:16 - [TEST_STEP][PASSED] - get(4).click(): null

25-01-2025T14:47:18 - [TEST_STEP][PASSED] - delay(2): Delayed 2 second(s)

25-01-2025T14:47:20 - [MESSAGE][PASSED] - Delayed 2 second(s)

25-01-2025T14:47:20 - [TEST_STEP][PASSED] - click(findTestObject("Admin/Ad Subscription Utility/a_Add a subscription record")): Object: 'Object Repository/Admin/Ad Subscription Utility/a_Add a subscription record' is clicked on

25-01-2025T14:47:20 - [MESSAGE][PASSED] - Object: 'Object Repository/Admin/Ad Subscription Utility/a_Add a subscription record' is clicked on

25-01-2025T14:47:20 - [TEST_STEP][PASSED] - delay(2): Delayed 2 second(s)

25-01-2025T14:47:22 - [MESSAGE][PASSED] - Delayed 2 second(s)

25-01-2025T14:47:22 - [TEST_STEP][PASSED] - if (type == "Education"): Object: 'Object Repository/Admin/Ad Subscription Utility/Subscription Edit/radio_Education app' is clicked on

25-01-2025T14:47:22 - [TEST_STEP][PASSED] - click(findTestObject("Object Repository/Admin/Ad Subscription Utility/Subscription Edit/radio_Education app")): Object: 'Object Repository/Admin/Ad Subscription Utility/Subscription Edit/radio_Education app' is clicked on

25-01-2025T14:47:22 - [MESSAGE][PASSED] - Object: 'Object Repository/Admin/Ad Subscription Utility/Subscription Edit/radio_Education app' is clicked on

25-01-2025T14:47:22 - [TEST_STEP][PASSED] - date = new java.util.Date(): null

25-01-2025T14:47:22 - [TEST_STEP][PASSED] - start = date.format("yyyy-MM-dd"): null

25-01-2025T14:47:22 - [TEST_STEP][PASSED] - year = start.substring(0, 4): null

25-01-2025T14:47:22 - [TEST_STEP][PASSED] - month = start.substring(5, 7): null

25-01-2025T14:47:22 - [TEST_STEP][PASSED] - day = start.substring(8): null

25-01-2025T14:47:22 - [TEST_STEP][PASSED] - if (role == "Candidate"): null

25-01-2025T14:47:22 - [TEST_STEP][PASSED] - else: null

25-01-2025T14:47:22 - [TEST_STEP][PASSED] - endYear = year.toInteger() + 1: null

25-01-2025T14:47:22 - [TEST_STEP][PASSED] - end = endYear + "-" + month + "-" + day: null

25-01-2025T14:47:22 - [TEST_STEP][PASSED] - setText(findTestObject("Object Repository/Admin/Ad Subscription Utility/input_YYYY-MM-DD_start_date"), start): Text '2025-01-25' is set on object 'Object Repository/Admin/Ad Subscription Utility/input_YYYY-MM-DD_start_date'

25-01-2025T14:47:22 - [MESSAGE][PASSED] - Text '2025-01-25' is set on object 'Object Repository/Admin/Ad Subscription Utility/input_YYYY-MM-DD_start_date'

25-01-2025T14:47:22 - [TEST_STEP][PASSED] - setText(findTestObject("Object Repository/Admin/Ad Subscription Utility/input_YYYY-MM-DD_end_date"), end): Text '2026-01-25' is set on object 'Object Repository/Admin/Ad Subscription Utility/input_YYYY-MM-DD_end_date'

25-01-2025T14:47:22 - [MESSAGE][PASSED] - Text '2026-01-25' is set on object 'Object Repository/Admin/Ad Subscription Utility/input_YYYY-MM-DD_end_date'

25-01-2025T14:47:22 - [TEST_STEP][PASSED] - click(findTestObject("Object Repository/Admin/Ad Subscription Utility/btn_Add Subscription Entry")): Object: 'Object Repository/Admin/Ad Subscription Utility/btn_Add Subscription Entry' is clicked on

25-01-2025T14:47:23 - [MESSAGE][PASSED] - Object: 'Object Repository/Admin/Ad Subscription Utility/btn_Add Subscription Entry' is clicked on

25-01-2025T14:47:23 - [TEST_STEP][PASSED] - delay(2): Delayed 2 second(s)

25-01-2025T14:47:25 - [MESSAGE][PASSED] - Delayed 2 second(s)

25-01-2025T14:47:25 - [TEST_STEP][PASSED] - created = verifyElementVisible(findTestObject("Object Repository/Admin/Ad Subscription Utility/li_Record is successfully added"), STOP_ON_FAILURE): Object 'Object Repository/Admin/Ad Subscription Utility/li_Record is successfully added' is visible

25-01-2025T14:47:25 - [MESSAGE][PASSED] - Object 'Object Repository/Admin/Ad Subscription Utility/li_Record is successfully added' is visible

25-01-2025T14:47:25 - [TEST_STEP][PASSED] - if (created): null

25-01-2025T14:47:25 - [TEST_STEP][PASSED] - outText = "Subscription created for " + username: null

25-01-2025T14:47:25 - [TEST_STEP][PASSED] - println("=====> " + outText): null

25-01-2025T14:47:25 - [TEST_STEP][PASSED] - if (writeFile): null

25-01-2025T14:47:25 - [TEST_STEP][PASSED] - outFile.append(outText + "
"): null

25-01-2025T14:47:25 - [TEST_STEP][PASSED] - break: null

25-01-2025T14:47:25 - [TEST_STEP][PASSED] - if (!(found)): null

25-01-2025T14:47:25 - [TEST_STEP][PASSED] - closeBrowser(): Browser is closed

25-01-2025T14:47:25 - [MESSAGE][PASSED] - Browser is closed

25-01-2025T14:47:25 - [MESSAGE][PASSED] - Call Test Case 'Test Cases/Admin/Create Subscription' successfully

25-01-2025T14:47:25 - [TEST_STEP][ERROR] - if (!(registerOnly)): Test Cases/Education Partner Profile/Register Education Partner FAILED.
Reason:
com.kms.katalon.core.exception.StepErrorException: Call Test Case 'Test Cases/Education Partner Profile/Complete Education Partner Profile' failed because of error(s)
	at com.kms.katalon.core.keyword.builtin.CallTestCaseKeyword$_callTestCase_closure1.doCall(CallTestCaseKeyword.groovy:66)
	at com.kms.katalon.core.keyword.builtin.CallTestCaseKeyword$_callTestCase_closure1.call(CallTestCaseKeyword.groovy)
	at com.kms.katalon.core.keyword.internal.KeywordMain.runKeyword(KeywordMain.groovy:75)
	at com.kms.katalon.core.keyword.builtin.CallTestCaseKeyword.callTestCase(CallTestCaseKeyword.groovy:81)
	at com.kms.katalon.core.keyword.builtin.CallTestCaseKeyword.execute(CallTestCaseKeyword.groovy:44)
	at com.kms.katalon.core.keyword.internal.KeywordExecutor.executeKeywordForPlatform(KeywordExecutor.groovy:74)
	at com.kms.katalon.core.keyword.BuiltinKeywords.callTestCase(BuiltinKeywords.groovy:310)
	at jdk.internal.reflect.GeneratedMethodAccessor30.invoke(Unknown Source)
	at java.base/jdk.internal.reflect.DelegatingMethodAccessorImpl.invoke(DelegatingMethodAccessorImpl.java:43)
	at Register Education Partner.run(Register Education Partner:401)
	at com.kms.katalon.core.main.ScriptEngine.run(ScriptEngine.java:194)
	at com.kms.katalon.core.main.ScriptEngine.runScriptAsRawText(ScriptEngine.java:119)
	at com.kms.katalon.core.main.TestCaseExecutor.runScript(TestCaseExecutor.java:448)
	at com.kms.katalon.core.main.TestCaseExecutor.doExecute(TestCaseExecutor.java:439)
	at com.kms.katalon.core.main.TestCaseExecutor.processExecutionPhase(TestCaseExecutor.java:418)
	at com.kms.katalon.core.main.TestCaseExecutor.accessMainPhase(TestCaseExecutor.java:410)
	at com.kms.katalon.core.main.TestCaseExecutor.execute(TestCaseExecutor.java:285)
	at com.kms.katalon.core.common.CommonExecutor.accessTestCaseMainPhase(CommonExecutor.java:65)
	at com.kms.katalon.core.main.TestSuiteExecutor.accessTestSuiteMainPhase(TestSuiteExecutor.java:150)
	at com.kms.katalon.core.main.TestSuiteExecutor.execute(TestSuiteExecutor.java:106)
	at com.kms.katalon.core.main.TestCaseMain.startTestSuite(TestCaseMain.java:180)
	at TempTestSuite1737837875715.run(TempTestSuite1737837875715.groovy:35)
	at java.base/jdk.internal.reflect.NativeMethodAccessorImpl.invoke0(Native Method)
	at java.base/jdk.internal.reflect.NativeMethodAccessorImpl.invoke(NativeMethodAccessorImpl.java:77)
	at java.base/jdk.internal.reflect.DelegatingMethodAccessorImpl.invoke(DelegatingMethodAccessorImpl.java:43)
Caused by: com.kms.katalon.core.exception.StepErrorException: Call Test Case 'Test Cases/Education Partner Profile/Tabs/Set Admin Info' failed because of error(s)
	at com.kms.katalon.core.keyword.builtin.CallTestCaseKeyword$_callTestCase_closure1.doCall(CallTestCaseKeyword.groovy:66)
	at com.kms.katalon.core.keyword.builtin.CallTestCaseKeyword$_callTestCase_closure1.call(CallTestCaseKeyword.groovy)
	at com.kms.katalon.core.keyword.internal.KeywordMain.runKeyword(KeywordMain.groovy:75)
	at com.kms.katalon.core.keyword.builtin.CallTestCaseKeyword.callTestCase(CallTestCaseKeyword.groovy:81)
	at com.kms.katalon.core.keyword.builtin.CallTestCaseKeyword.execute(CallTestCaseKeyword.groovy:44)
	at com.kms.katalon.core.keyword.internal.KeywordExecutor.executeKeywordForPlatform(KeywordExecutor.groovy:74)
	at com.kms.katalon.core.keyword.BuiltinKeywords.callTestCase(BuiltinKeywords.groovy:310)
	at jdk.internal.reflect.GeneratedMethodAccessor30.invoke(Unknown Source)
	at java.base/jdk.internal.reflect.DelegatingMethodAccessorImpl.invoke(DelegatingMethodAccessorImpl.java:43)
	at Complete Education Partner Profile.run(Complete Education Partner Profile:216)
	at com.kms.katalon.core.main.ScriptEngine.run(ScriptEngine.java:194)
	at com.kms.katalon.core.main.ScriptEngine.runScriptAsRawText(ScriptEngine.java:119)
	at com.kms.katalon.core.main.TestCaseExecutor.runScript(TestCaseExecutor.java:448)
	at com.kms.katalon.core.main.TestCaseExecutor.doExecute(TestCaseExecutor.java:439)
	at com.kms.katalon.core.main.TestCaseExecutor.processExecutionPhase(TestCaseExecutor.java:418)
	at com.kms.katalon.core.main.TestCaseExecutor.accessMainPhase(TestCaseExecutor.java:410)
	at com.kms.katalon.core.main.TestCaseExecutor.execute(TestCaseExecutor.java:285)
	at com.kms.katalon.core.main.TestCaseMain.runTestCase(TestCaseMain.java:137)
	at com.kms.katalon.core.keyword.builtin.CallTestCaseKeyword$_callTestCase_closure1.doCall(CallTestCaseKeyword.groovy:59)
	... 24 more
Caused by: com.kms.katalon.core.exception.StepErrorException: Call Test Case 'Test Cases/_Functions/Perform Action' failed because of error(s)
	at com.kms.katalon.core.keyword.builtin.CallTestCaseKeyword$_callTestCase_closure1.doCall(CallTestCaseKeyword.groovy:66)
	at com.kms.katalon.core.keyword.builtin.CallTestCaseKeyword$_callTestCase_closure1.call(CallTestCaseKeyword.groovy)
	at com.kms.katalon.core.keyword.internal.KeywordMain.runKeyword(KeywordMain.groovy:75)
	at com.kms.katalon.core.keyword.builtin.CallTestCaseKeyword.callTestCase(CallTestCaseKeyword.groovy:81)
	at com.kms.katalon.core.keyword.builtin.CallTestCaseKeyword.execute(CallTestCaseKeyword.groovy:44)
	at com.kms.katalon.core.keyword.internal.KeywordExecutor.executeKeywordForPlatform(KeywordExecutor.groovy:74)
	at com.kms.katalon.core.keyword.BuiltinKeywords.callTestCase(BuiltinKeywords.groovy:310)
	at jdk.internal.reflect.GeneratedMethodAccessor30.invoke(Unknown Source)
	at java.base/jdk.internal.reflect.DelegatingMethodAccessorImpl.invoke(DelegatingMethodAccessorImpl.java:43)
	at Set Admin Info.run(Set Admin Info:81)
	at com.kms.katalon.core.main.ScriptEngine.run(ScriptEngine.java:194)
	at com.kms.katalon.core.main.ScriptEngine.runScriptAsRawText(ScriptEngine.java:119)
	at com.kms.katalon.core.main.TestCaseExecutor.runScript(TestCaseExecutor.java:448)
	at com.kms.katalon.core.main.TestCaseExecutor.doExecute(TestCaseExecutor.java:439)
	at com.kms.katalon.core.main.TestCaseExecutor.processExecutionPhase(TestCaseExecutor.java:418)
	at com.kms.katalon.core.main.TestCaseExecutor.accessMainPhase(TestCaseExecutor.java:410)
	at com.kms.katalon.core.main.TestCaseExecutor.execute(TestCaseExecutor.java:285)
	at com.kms.katalon.core.main.TestCaseMain.runTestCase(TestCaseMain.java:137)
	at com.kms.katalon.core.keyword.builtin.CallTestCaseKeyword$_callTestCase_closure1.doCall(CallTestCaseKeyword.groovy:59)
	... 42 more
Caused by: com.kms.katalon.core.webui.exception.WebElementNotFoundException: Web element with id: 'Object Repository/Education Partner Profile/Tabs/a_Admin Info' located by '//a[@id='ui-id-7']' not found
	at com.kms.katalon.core.webui.common.WebUiCommonHelper.findWebElement(WebUiCommonHelper.java:1423)
	at Perform Action.run(Perform Action:32)
	at com.kms.katalon.core.main.ScriptEngine.run(ScriptEngine.java:194)
	at com.kms.katalon.core.main.ScriptEngine.runScriptAsRawText(ScriptEngine.java:119)
	at com.kms.katalon.core.main.TestCaseExecutor.runScript(TestCaseExecutor.java:448)
	at com.kms.katalon.core.main.TestCaseExecutor.doExecute(TestCaseExecutor.java:439)
	at com.kms.katalon.core.main.TestCaseExecutor.processExecutionPhase(TestCaseExecutor.java:418)
	at com.kms.katalon.core.main.TestCaseExecutor.accessMainPhase(TestCaseExecutor.java:410)
	at com.kms.katalon.core.main.TestCaseExecutor.execute(TestCaseExecutor.java:285)
	at com.kms.katalon.core.main.TestCaseMain.runTestCase(TestCaseMain.java:137)
	at com.kms.katalon.core.keyword.builtin.CallTestCaseKeyword$_callTestCase_closure1.doCall(CallTestCaseKeyword.groovy:59)
	... 60 more


25-01-2025T14:47:25 - [TEST_STEP][ERROR] - callTestCase(findTestCase("Education Partner Profile/Complete Education Partner Profile"), [:], STOP_ON_FAILURE): Test Cases/Education Partner Profile/Register Education Partner FAILED.
Reason:
com.kms.katalon.core.exception.StepErrorException: Call Test Case 'Test Cases/Education Partner Profile/Complete Education Partner Profile' failed because of error(s)
	at com.kms.katalon.core.keyword.builtin.CallTestCaseKeyword$_callTestCase_closure1.doCall(CallTestCaseKeyword.groovy:66)
	at com.kms.katalon.core.keyword.builtin.CallTestCaseKeyword$_callTestCase_closure1.call(CallTestCaseKeyword.groovy)
	at com.kms.katalon.core.keyword.internal.KeywordMain.runKeyword(KeywordMain.groovy:75)
	at com.kms.katalon.core.keyword.builtin.CallTestCaseKeyword.callTestCase(CallTestCaseKeyword.groovy:81)
	at com.kms.katalon.core.keyword.builtin.CallTestCaseKeyword.execute(CallTestCaseKeyword.groovy:44)
	at com.kms.katalon.core.keyword.internal.KeywordExecutor.executeKeywordForPlatform(KeywordExecutor.groovy:74)
	at com.kms.katalon.core.keyword.BuiltinKeywords.callTestCase(BuiltinKeywords.groovy:310)
	at jdk.internal.reflect.GeneratedMethodAccessor30.invoke(Unknown Source)
	at java.base/jdk.internal.reflect.DelegatingMethodAccessorImpl.invoke(DelegatingMethodAccessorImpl.java:43)
	at Register Education Partner.run(Register Education Partner:401)
	at com.kms.katalon.core.main.ScriptEngine.run(ScriptEngine.java:194)
	at com.kms.katalon.core.main.ScriptEngine.runScriptAsRawText(ScriptEngine.java:119)
	at com.kms.katalon.core.main.TestCaseExecutor.runScript(TestCaseExecutor.java:448)
	at com.kms.katalon.core.main.TestCaseExecutor.doExecute(TestCaseExecutor.java:439)
	at com.kms.katalon.core.main.TestCaseExecutor.processExecutionPhase(TestCaseExecutor.java:418)
	at com.kms.katalon.core.main.TestCaseExecutor.accessMainPhase(TestCaseExecutor.java:410)
	at com.kms.katalon.core.main.TestCaseExecutor.execute(TestCaseExecutor.java:285)
	at com.kms.katalon.core.common.CommonExecutor.accessTestCaseMainPhase(CommonExecutor.java:65)
	at com.kms.katalon.core.main.TestSuiteExecutor.accessTestSuiteMainPhase(TestSuiteExecutor.java:150)
	at com.kms.katalon.core.main.TestSuiteExecutor.execute(TestSuiteExecutor.java:106)
	at com.kms.katalon.core.main.TestCaseMain.startTestSuite(TestCaseMain.java:180)
	at TempTestSuite1737837875715.run(TempTestSuite1737837875715.groovy:35)
	at java.base/jdk.internal.reflect.NativeMethodAccessorImpl.invoke0(Native Method)
	at java.base/jdk.internal.reflect.NativeMethodAccessorImpl.invoke(NativeMethodAccessorImpl.java:77)
	at java.base/jdk.internal.reflect.DelegatingMethodAccessorImpl.invoke(DelegatingMethodAccessorImpl.java:43)
Caused by: com.kms.katalon.core.exception.StepErrorException: Call Test Case 'Test Cases/Education Partner Profile/Tabs/Set Admin Info' failed because of error(s)
	at com.kms.katalon.core.keyword.builtin.CallTestCaseKeyword$_callTestCase_closure1.doCall(CallTestCaseKeyword.groovy:66)
	at com.kms.katalon.core.keyword.builtin.CallTestCaseKeyword$_callTestCase_closure1.call(CallTestCaseKeyword.groovy)
	at com.kms.katalon.core.keyword.internal.KeywordMain.runKeyword(KeywordMain.groovy:75)
	at com.kms.katalon.core.keyword.builtin.CallTestCaseKeyword.callTestCase(CallTestCaseKeyword.groovy:81)
	at com.kms.katalon.core.keyword.builtin.CallTestCaseKeyword.execute(CallTestCaseKeyword.groovy:44)
	at com.kms.katalon.core.keyword.internal.KeywordExecutor.executeKeywordForPlatform(KeywordExecutor.groovy:74)
	at com.kms.katalon.core.keyword.BuiltinKeywords.callTestCase(BuiltinKeywords.groovy:310)
	at jdk.internal.reflect.GeneratedMethodAccessor30.invoke(Unknown Source)
	at java.base/jdk.internal.reflect.DelegatingMethodAccessorImpl.invoke(DelegatingMethodAccessorImpl.java:43)
	at Complete Education Partner Profile.run(Complete Education Partner Profile:216)
	at com.kms.katalon.core.main.ScriptEngine.run(ScriptEngine.java:194)
	at com.kms.katalon.core.main.ScriptEngine.runScriptAsRawText(ScriptEngine.java:119)
	at com.kms.katalon.core.main.TestCaseExecutor.runScript(TestCaseExecutor.java:448)
	at com.kms.katalon.core.main.TestCaseExecutor.doExecute(TestCaseExecutor.java:439)
	at com.kms.katalon.core.main.TestCaseExecutor.processExecutionPhase(TestCaseExecutor.java:418)
	at com.kms.katalon.core.main.TestCaseExecutor.accessMainPhase(TestCaseExecutor.java:410)
	at com.kms.katalon.core.main.TestCaseExecutor.execute(TestCaseExecutor.java:285)
	at com.kms.katalon.core.main.TestCaseMain.runTestCase(TestCaseMain.java:137)
	at com.kms.katalon.core.keyword.builtin.CallTestCaseKeyword$_callTestCase_closure1.doCall(CallTestCaseKeyword.groovy:59)
	... 24 more
Caused by: com.kms.katalon.core.exception.StepErrorException: Call Test Case 'Test Cases/_Functions/Perform Action' failed because of error(s)
	at com.kms.katalon.core.keyword.builtin.CallTestCaseKeyword$_callTestCase_closure1.doCall(CallTestCaseKeyword.groovy:66)
	at com.kms.katalon.core.keyword.builtin.CallTestCaseKeyword$_callTestCase_closure1.call(CallTestCaseKeyword.groovy)
	at com.kms.katalon.core.keyword.internal.KeywordMain.runKeyword(KeywordMain.groovy:75)
	at com.kms.katalon.core.keyword.builtin.CallTestCaseKeyword.callTestCase(CallTestCaseKeyword.groovy:81)
	at com.kms.katalon.core.keyword.builtin.CallTestCaseKeyword.execute(CallTestCaseKeyword.groovy:44)
	at com.kms.katalon.core.keyword.internal.KeywordExecutor.executeKeywordForPlatform(KeywordExecutor.groovy:74)
	at com.kms.katalon.core.keyword.BuiltinKeywords.callTestCase(BuiltinKeywords.groovy:310)
	at jdk.internal.reflect.GeneratedMethodAccessor30.invoke(Unknown Source)
	at java.base/jdk.internal.reflect.DelegatingMethodAccessorImpl.invoke(DelegatingMethodAccessorImpl.java:43)
	at Set Admin Info.run(Set Admin Info:81)
	at com.kms.katalon.core.main.ScriptEngine.run(ScriptEngine.java:194)
	at com.kms.katalon.core.main.ScriptEngine.runScriptAsRawText(ScriptEngine.java:119)
	at com.kms.katalon.core.main.TestCaseExecutor.runScript(TestCaseExecutor.java:448)
	at com.kms.katalon.core.main.TestCaseExecutor.doExecute(TestCaseExecutor.java:439)
	at com.kms.katalon.core.main.TestCaseExecutor.processExecutionPhase(TestCaseExecutor.java:418)
	at com.kms.katalon.core.main.TestCaseExecutor.accessMainPhase(TestCaseExecutor.java:410)
	at com.kms.katalon.core.main.TestCaseExecutor.execute(TestCaseExecutor.java:285)
	at com.kms.katalon.core.main.TestCaseMain.runTestCase(TestCaseMain.java:137)
	at com.kms.katalon.core.keyword.builtin.CallTestCaseKeyword$_callTestCase_closure1.doCall(CallTestCaseKeyword.groovy:59)
	... 42 more
Caused by: com.kms.katalon.core.webui.exception.WebElementNotFoundException: Web element with id: 'Object Repository/Education Partner Profile/Tabs/a_Admin Info' located by '//a[@id='ui-id-7']' not found
	at com.kms.katalon.core.webui.common.WebUiCommonHelper.findWebElement(WebUiCommonHelper.java:1423)
	at Perform Action.run(Perform Action:32)
	at com.kms.katalon.core.main.ScriptEngine.run(ScriptEngine.java:194)
	at com.kms.katalon.core.main.ScriptEngine.runScriptAsRawText(ScriptEngine.java:119)
	at com.kms.katalon.core.main.TestCaseExecutor.runScript(TestCaseExecutor.java:448)
	at com.kms.katalon.core.main.TestCaseExecutor.doExecute(TestCaseExecutor.java:439)
	at com.kms.katalon.core.main.TestCaseExecutor.processExecutionPhase(TestCaseExecutor.java:418)
	at com.kms.katalon.core.main.TestCaseExecutor.accessMainPhase(TestCaseExecutor.java:410)
	at com.kms.katalon.core.main.TestCaseExecutor.execute(TestCaseExecutor.java:285)
	at com.kms.katalon.core.main.TestCaseMain.runTestCase(TestCaseMain.java:137)
	at com.kms.katalon.core.keyword.builtin.CallTestCaseKeyword$_callTestCase_closure1.doCall(CallTestCaseKeyword.groovy:59)
	... 60 more


25-01-2025T14:47:25 - [TEST_CASE][ERROR] - Test Cases/Education Partner Profile/Complete Education Partner Profile: Test Cases/Education Partner Profile/Complete Education Partner Profile FAILED.
Reason:
com.kms.katalon.core.exception.StepErrorException: Call Test Case 'Test Cases/Education Partner Profile/Tabs/Set Admin Info' failed because of error(s)
	at com.kms.katalon.core.keyword.builtin.CallTestCaseKeyword$_callTestCase_closure1.doCall(CallTestCaseKeyword.groovy:66)
	at com.kms.katalon.core.keyword.builtin.CallTestCaseKeyword$_callTestCase_closure1.call(CallTestCaseKeyword.groovy)
	at com.kms.katalon.core.keyword.internal.KeywordMain.runKeyword(KeywordMain.groovy:75)
	at com.kms.katalon.core.keyword.builtin.CallTestCaseKeyword.callTestCase(CallTestCaseKeyword.groovy:81)
	at com.kms.katalon.core.keyword.builtin.CallTestCaseKeyword.execute(CallTestCaseKeyword.groovy:44)
	at com.kms.katalon.core.keyword.internal.KeywordExecutor.executeKeywordForPlatform(KeywordExecutor.groovy:74)
	at com.kms.katalon.core.keyword.BuiltinKeywords.callTestCase(BuiltinKeywords.groovy:310)
	at jdk.internal.reflect.GeneratedMethodAccessor30.invoke(Unknown Source)
	at java.base/jdk.internal.reflect.DelegatingMethodAccessorImpl.invoke(DelegatingMethodAccessorImpl.java:43)
	at Complete Education Partner Profile.run(Complete Education Partner Profile:216)
	at com.kms.katalon.core.main.ScriptEngine.run(ScriptEngine.java:194)
	at com.kms.katalon.core.main.ScriptEngine.runScriptAsRawText(ScriptEngine.java:119)
	at com.kms.katalon.core.main.TestCaseExecutor.runScript(TestCaseExecutor.java:448)
	at com.kms.katalon.core.main.TestCaseExecutor.doExecute(TestCaseExecutor.java:439)
	at com.kms.katalon.core.main.TestCaseExecutor.processExecutionPhase(TestCaseExecutor.java:418)
	at com.kms.katalon.core.main.TestCaseExecutor.accessMainPhase(TestCaseExecutor.java:410)
	at com.kms.katalon.core.main.TestCaseExecutor.execute(TestCaseExecutor.java:285)
	at com.kms.katalon.core.main.TestCaseMain.runTestCase(TestCaseMain.java:137)
	at com.kms.katalon.core.keyword.builtin.CallTestCaseKeyword$_callTestCase_closure1.doCall(CallTestCaseKeyword.groovy:59)
	at com.kms.katalon.core.keyword.builtin.CallTestCaseKeyword$_callTestCase_closure1.call(CallTestCaseKeyword.groovy)
	at com.kms.katalon.core.keyword.internal.KeywordMain.runKeyword(KeywordMain.groovy:75)
	at com.kms.katalon.core.keyword.builtin.CallTestCaseKeyword.callTestCase(CallTestCaseKeyword.groovy:81)
	at com.kms.katalon.core.keyword.builtin.CallTestCaseKeyword.execute(CallTestCaseKeyword.groovy:44)
	at com.kms.katalon.core.keyword.internal.KeywordExecutor.executeKeywordForPlatform(KeywordExecutor.groovy:74)
	at com.kms.katalon.core.keyword.BuiltinKeywords.callTestCase(BuiltinKeywords.groovy:310)
	at jdk.internal.reflect.GeneratedMethodAccessor30.invoke(Unknown Source)
	at java.base/jdk.internal.reflect.DelegatingMethodAccessorImpl.invoke(DelegatingMethodAccessorImpl.java:43)
	at Register Education Partner.run(Register Education Partner:401)
	at com.kms.katalon.core.main.ScriptEngine.run(ScriptEngine.java:194)
	at com.kms.katalon.core.main.ScriptEngine.runScriptAsRawText(ScriptEngine.java:119)
	at com.kms.katalon.core.main.TestCaseExecutor.runScript(TestCaseExecutor.java:448)
	at com.kms.katalon.core.main.TestCaseExecutor.doExecute(TestCaseExecutor.java:439)
	at com.kms.katalon.core.main.TestCaseExecutor.processExecutionPhase(TestCaseExecutor.java:418)
	at com.kms.katalon.core.main.TestCaseExecutor.accessMainPhase(TestCaseExecutor.java:410)
	at com.kms.katalon.core.main.TestCaseExecutor.execute(TestCaseExecutor.java:285)
	at com.kms.katalon.core.common.CommonExecutor.accessTestCaseMainPhase(CommonExecutor.java:65)
	at com.kms.katalon.core.main.TestSuiteExecutor.accessTestSuiteMainPhase(TestSuiteExecutor.java:150)
	at com.kms.katalon.core.main.TestSuiteExecutor.execute(TestSuiteExecutor.java:106)
	at com.kms.katalon.core.main.TestCaseMain.startTestSuite(TestCaseMain.java:180)
	at TempTestSuite1737837875715.run(TempTestSuite1737837875715.groovy:35)
	at java.base/jdk.internal.reflect.NativeMethodAccessorImpl.invoke0(Native Method)
	at java.base/jdk.internal.reflect.NativeMethodAccessorImpl.invoke(NativeMethodAccessorImpl.java:77)
	at java.base/jdk.internal.reflect.DelegatingMethodAccessorImpl.invoke(DelegatingMethodAccessorImpl.java:43)
Caused by: com.kms.katalon.core.exception.StepErrorException: Call Test Case 'Test Cases/_Functions/Perform Action' failed because of error(s)
	at com.kms.katalon.core.keyword.builtin.CallTestCaseKeyword$_callTestCase_closure1.doCall(CallTestCaseKeyword.groovy:66)
	at com.kms.katalon.core.keyword.builtin.CallTestCaseKeyword$_callTestCase_closure1.call(CallTestCaseKeyword.groovy)
	at com.kms.katalon.core.keyword.internal.KeywordMain.runKeyword(KeywordMain.groovy:75)
	at com.kms.katalon.core.keyword.builtin.CallTestCaseKeyword.callTestCase(CallTestCaseKeyword.groovy:81)
	at com.kms.katalon.core.keyword.builtin.CallTestCaseKeyword.execute(CallTestCaseKeyword.groovy:44)
	at com.kms.katalon.core.keyword.internal.KeywordExecutor.executeKeywordForPlatform(KeywordExecutor.groovy:74)
	at com.kms.katalon.core.keyword.BuiltinKeywords.callTestCase(BuiltinKeywords.groovy:310)
	at jdk.internal.reflect.GeneratedMethodAccessor30.invoke(Unknown Source)
	at java.base/jdk.internal.reflect.DelegatingMethodAccessorImpl.invoke(DelegatingMethodAccessorImpl.java:43)
	at Set Admin Info.run(Set Admin Info:81)
	at com.kms.katalon.core.main.ScriptEngine.run(ScriptEngine.java:194)
	at com.kms.katalon.core.main.ScriptEngine.runScriptAsRawText(ScriptEngine.java:119)
	at com.kms.katalon.core.main.TestCaseExecutor.runScript(TestCaseExecutor.java:448)
	at com.kms.katalon.core.main.TestCaseExecutor.doExecute(TestCaseExecutor.java:439)
	at com.kms.katalon.core.main.TestCaseExecutor.processExecutionPhase(TestCaseExecutor.java:418)
	at com.kms.katalon.core.main.TestCaseExecutor.accessMainPhase(TestCaseExecutor.java:410)
	at com.kms.katalon.core.main.TestCaseExecutor.execute(TestCaseExecutor.java:285)
	at com.kms.katalon.core.main.TestCaseMain.runTestCase(TestCaseMain.java:137)
	at com.kms.katalon.core.keyword.builtin.CallTestCaseKeyword$_callTestCase_closure1.doCall(CallTestCaseKeyword.groovy:59)
	... 42 more
Caused by: com.kms.katalon.core.webui.exception.WebElementNotFoundException: Web element with id: 'Object Repository/Education Partner Profile/Tabs/a_Admin Info' located by '//a[@id='ui-id-7']' not found
	at com.kms.katalon.core.webui.common.WebUiCommonHelper.findWebElement(WebUiCommonHelper.java:1423)
	at Perform Action.run(Perform Action:32)
	at com.kms.katalon.core.main.ScriptEngine.run(ScriptEngine.java:194)
	at com.kms.katalon.core.main.ScriptEngine.runScriptAsRawText(ScriptEngine.java:119)
	at com.kms.katalon.core.main.TestCaseExecutor.runScript(TestCaseExecutor.java:448)
	at com.kms.katalon.core.main.TestCaseExecutor.doExecute(TestCaseExecutor.java:439)
	at com.kms.katalon.core.main.TestCaseExecutor.processExecutionPhase(TestCaseExecutor.java:418)
	at com.kms.katalon.core.main.TestCaseExecutor.accessMainPhase(TestCaseExecutor.java:410)
	at com.kms.katalon.core.main.TestCaseExecutor.execute(TestCaseExecutor.java:285)
	at com.kms.katalon.core.main.TestCaseMain.runTestCase(TestCaseMain.java:137)
	at com.kms.katalon.core.keyword.builtin.CallTestCaseKeyword$_callTestCase_closure1.doCall(CallTestCaseKeyword.groovy:59)
	... 60 more


25-01-2025T14:47:25 - [TEST_STEP][PASSED] - pages = []: null

25-01-2025T14:47:25 - [TEST_STEP][PASSED] - username = username: null

25-01-2025T14:47:25 - [TEST_STEP][PASSED] - if (username != "cktest06ep"): null

25-01-2025T14:47:25 - [TEST_STEP][PASSED] - domain = domain: null

25-01-2025T14:47:25 - [TEST_STEP][PASSED] - called = false: null

25-01-2025T14:47:25 - [TEST_STEP][PASSED] - if (binding.hasVariable("varCalled")): null

25-01-2025T14:47:25 - [TEST_STEP][PASSED] - writeFile = false: null

25-01-2025T14:47:25 - [TEST_STEP][PASSED] - if (outFile != ""): null

25-01-2025T14:47:25 - [TEST_STEP][PASSED] - myFile = outFile: null

25-01-2025T14:47:25 - [TEST_STEP][PASSED] - println(myFile): null

25-01-2025T14:47:25 - [TEST_STEP][PASSED] - outFile = new java.io.File(myFile): null

25-01-2025T14:47:25 - [TEST_STEP][PASSED] - writeFile = true: null

25-01-2025T14:47:25 - [TEST_STEP][PASSED] - if (!(writeFile)): null

25-01-2025T14:47:25 - [TEST_STEP][PASSED] - else: null

25-01-2025T14:47:25 - [TEST_STEP][PASSED] - outFile.append("
Testing Complete Education Partner Profile on " + domain + "
"): null

25-01-2025T14:47:25 - [TEST_STEP][PASSED] - url = getUrl(OPTIONAL): Unable to get the url of the current window (Root cause: com.kms.katalon.core.exception.StepFailedException: Unable to get the url of the current window
	at com.kms.katalon.core.webui.keyword.internal.WebUIKeywordMain.stepFailed(WebUIKeywordMain.groovy:117)
	at com.kms.katalon.core.webui.keyword.internal.WebUIKeywordMain.runKeyword(WebUIKeywordMain.groovy:43)
	at com.kms.katalon.core.webui.keyword.builtin.GetUrlKeyword.getUrl(GetUrlKeyword.groovy:76)
	at com.kms.katalon.core.webui.keyword.builtin.GetUrlKeyword.execute(GetUrlKeyword.groovy:66)
	at com.kms.katalon.core.keyword.internal.KeywordExecutor.executeKeywordForPlatform(KeywordExecutor.groovy:74)
	at com.kms.katalon.core.webui.keyword.WebUiBuiltInKeywords.getUrl(WebUiBuiltInKeywords.groovy:264)
	at Complete Education Partner Profile.run(Complete Education Partner Profile:72)
	at com.kms.katalon.core.main.ScriptEngine.run(ScriptEngine.java:194)
	at com.kms.katalon.core.main.ScriptEngine.runScriptAsRawText(ScriptEngine.java:119)
	at com.kms.katalon.core.main.TestCaseExecutor.runScript(TestCaseExecutor.java:448)
	at com.kms.katalon.core.main.TestCaseExecutor.doExecute(TestCaseExecutor.java:439)
	at com.kms.katalon.core.main.TestCaseExecutor.processExecutionPhase(TestCaseExecutor.java:418)
	at com.kms.katalon.core.main.TestCaseExecutor.accessMainPhase(TestCaseExecutor.java:410)
	at com.kms.katalon.core.main.TestCaseExecutor.execute(TestCaseExecutor.java:285)
	at com.kms.katalon.core.main.TestCaseMain.runTestCase(TestCaseMain.java:137)
	at com.kms.katalon.core.keyword.builtin.CallTestCaseKeyword$_callTestCase_closure1.doCall(CallTestCaseKeyword.groovy:59)
	at com.kms.katalon.core.keyword.builtin.CallTestCaseKeyword$_callTestCase_closure1.call(CallTestCaseKeyword.groovy)
	at com.kms.katalon.core.keyword.internal.KeywordMain.runKeyword(KeywordMain.groovy:75)
	at com.kms.katalon.core.keyword.builtin.CallTestCaseKeyword.callTestCase(CallTestCaseKeyword.groovy:81)
	at com.kms.katalon.core.keyword.builtin.CallTestCaseKeyword.execute(CallTestCaseKeyword.groovy:44)
	at com.kms.katalon.core.keyword.internal.KeywordExecutor.executeKeywordForPlatform(KeywordExecutor.groovy:74)
	at com.kms.katalon.core.keyword.BuiltinKeywords.callTestCase(BuiltinKeywords.groovy:310)
	at jdk.internal.reflect.GeneratedMethodAccessor30.invoke(Unknown Source)
	at java.base/jdk.internal.reflect.DelegatingMethodAccessorImpl.invoke(DelegatingMethodAccessorImpl.java:43)
	at Register Education Partner.run(Register Education Partner:401)
	at com.kms.katalon.core.main.ScriptEngine.run(ScriptEngine.java:194)
	at com.kms.katalon.core.main.ScriptEngine.runScriptAsRawText(ScriptEngine.java:119)
	at com.kms.katalon.core.main.TestCaseExecutor.runScript(TestCaseExecutor.java:448)
	at com.kms.katalon.core.main.TestCaseExecutor.doExecute(TestCaseExecutor.java:439)
	at com.kms.katalon.core.main.TestCaseExecutor.processExecutionPhase(TestCaseExecutor.java:418)
	at com.kms.katalon.core.main.TestCaseExecutor.accessMainPhase(TestCaseExecutor.java:410)
	at com.kms.katalon.core.main.TestCaseExecutor.execute(TestCaseExecutor.java:285)
	at com.kms.katalon.core.common.CommonExecutor.accessTestCaseMainPhase(CommonExecutor.java:65)
	at com.kms.katalon.core.main.TestSuiteExecutor.accessTestSuiteMainPhase(TestSuiteExecutor.java:150)
	at com.kms.katalon.core.main.TestSuiteExecutor.execute(TestSuiteExecutor.java:106)
	at com.kms.katalon.core.main.TestCaseMain.startTestSuite(TestCaseMain.java:180)
	at TempTestSuite1737837875715.run(TempTestSuite1737837875715.groovy:35)
	at java.base/jdk.internal.reflect.NativeMethodAccessorImpl.invoke0(Native Method)
	at java.base/jdk.internal.reflect.NativeMethodAccessorImpl.invoke(NativeMethodAccessorImpl.java:77)
	at java.base/jdk.internal.reflect.DelegatingMethodAccessorImpl.invoke(DelegatingMethodAccessorImpl.java:43)
Caused by: org.openqa.selenium.NoSuchSessionException: Session ID is null. Using WebDriver after calling quit()?
Build info: version: '3.141.59', revision: 'unknown', time: 'unknown'
System info: host: 'MacBook-Pro.local', ip: 'fdc1:b939:2fc6:38cc:1017:fa65:eb20:50e5%en0', os.name: 'Mac OS X', os.arch: 'aarch64', os.version: '15.1.1', java.version: '17.0.7'
Driver info: driver.version: RemoteWebDriver
	at org.openqa.selenium.remote.HttpCommandExecutor.execute(HttpCommandExecutor.java:125)
	at org.openqa.selenium.remote.service.DriverCommandExecutor.execute(DriverCommandExecutor.java:83)
	at org.openqa.selenium.remote.RemoteWebDriver.execute(RemoteWebDriver.java:552)
	at com.kms.katalon.selenium.driver.CChromeDriver.execute(CChromeDriver.java:19)
	at org.openqa.selenium.remote.RemoteWebDriver.execute(RemoteWebDriver.java:609)
	at org.openqa.selenium.remote.RemoteWebDriver.getCurrentUrl(RemoteWebDriver.java:287)
	at com.kms.katalon.core.webui.keyword.builtin.GetUrlKeyword$_getUrl_closure1.doCall(GetUrlKeyword.groovy:73)
	at com.kms.katalon.core.webui.keyword.builtin.GetUrlKeyword$_getUrl_closure1.call(GetUrlKeyword.groovy)
	at com.kms.katalon.core.webui.keyword.internal.WebUIKeywordMain.runKeyword(WebUIKeywordMain.groovy:35)
	at com.kms.katalon.core.webui.keyword.builtin.GetUrlKeyword.getUrl(GetUrlKeyword.groovy:76)
	at com.kms.katalon.core.webui.keyword.builtin.GetUrlKeyword.execute(GetUrlKeyword.groovy:66)
	at com.kms.katalon.core.keyword.internal.KeywordExecutor.executeKeywordForPlatform(KeywordExecutor.groovy:74)
	at com.kms.katalon.core.webui.keyword.WebUiBuiltInKeywords.getUrl(WebUiBuiltInKeywords.groovy:264)
	at Script1737394383688.run(Script1737394383688.groovy:72)
	at com.kms.katalon.core.main.ScriptEngine.run(ScriptEngine.java:194)
	at com.kms.katalon.core.main.ScriptEngine.runScriptAsRawText(ScriptEngine.java:119)
	at com.kms.katalon.core.main.TestCaseExecutor.runScript(TestCaseExecutor.java:448)
	at com.kms.katalon.core.main.TestCaseExecutor.doExecute(TestCaseExecutor.java:439)
	at com.kms.katalon.core.main.TestCaseExecutor.processExecutionPhase(TestCaseExecutor.java:418)
	at com.kms.katalon.core.main.TestCaseExecutor.accessMainPhase(TestCaseExecutor.java:410)
	at com.kms.katalon.core.main.TestCaseExecutor.execute(TestCaseExecutor.java:285)
	at com.kms.katalon.core.main.TestCaseMain.runTestCase(TestCaseMain.java:137)
	at com.kms.katalon.core.keyword.builtin.CallTestCaseKeyword$_callTestCase_closure1.doCall(CallTestCaseKeyword.groovy:59)
	at com.kms.katalon.core.keyword.builtin.CallTestCaseKeyword$_callTestCase_closure1.call(CallTestCaseKeyword.groovy)
	at com.kms.katalon.core.keyword.internal.KeywordMain.runKeyword(KeywordMain.groovy:75)
	at com.kms.katalon.core.keyword.builtin.CallTestCaseKeyword.callTestCase(CallTestCaseKeyword.groovy:81)
	at com.kms.katalon.core.keyword.builtin.CallTestCaseKeyword.execute(CallTestCaseKeyword.groovy:44)
	at com.kms.katalon.core.keyword.internal.KeywordExecutor.executeKeywordForPlatform(KeywordExecutor.groovy:74)
	at com.kms.katalon.core.keyword.BuiltinKeywords.callTestCase(BuiltinKeywords.groovy:310)
	at jdk.internal.reflect.GeneratedMethodAccessor30.invoke(Unknown Source)
	at java.base/jdk.internal.reflect.DelegatingMethodAccessorImpl.invoke(DelegatingMethodAccessorImpl.java:43)
	at Script1737394383693.run(Script1737394383693.groovy:401)
	... 15 more
)

25-01-2025T14:47:25 - [MESSAGE][WARNING] - Cannot take screenshot

25-01-2025T14:47:25 - [MESSAGE][WARNING] - Unable to get the url of the current window (Root cause: com.kms.katalon.core.exception.StepFailedException: Unable to get the url of the current window
	at com.kms.katalon.core.webui.keyword.internal.WebUIKeywordMain.stepFailed(WebUIKeywordMain.groovy:117)
	at com.kms.katalon.core.webui.keyword.internal.WebUIKeywordMain.runKeyword(WebUIKeywordMain.groovy:43)
	at com.kms.katalon.core.webui.keyword.builtin.GetUrlKeyword.getUrl(GetUrlKeyword.groovy:76)
	at com.kms.katalon.core.webui.keyword.builtin.GetUrlKeyword.execute(GetUrlKeyword.groovy:66)
	at com.kms.katalon.core.keyword.internal.KeywordExecutor.executeKeywordForPlatform(KeywordExecutor.groovy:74)
	at com.kms.katalon.core.webui.keyword.WebUiBuiltInKeywords.getUrl(WebUiBuiltInKeywords.groovy:264)
	at Complete Education Partner Profile.run(Complete Education Partner Profile:72)
	at com.kms.katalon.core.main.ScriptEngine.run(ScriptEngine.java:194)
	at com.kms.katalon.core.main.ScriptEngine.runScriptAsRawText(ScriptEngine.java:119)
	at com.kms.katalon.core.main.TestCaseExecutor.runScript(TestCaseExecutor.java:448)
	at com.kms.katalon.core.main.TestCaseExecutor.doExecute(TestCaseExecutor.java:439)
	at com.kms.katalon.core.main.TestCaseExecutor.processExecutionPhase(TestCaseExecutor.java:418)
	at com.kms.katalon.core.main.TestCaseExecutor.accessMainPhase(TestCaseExecutor.java:410)
	at com.kms.katalon.core.main.TestCaseExecutor.execute(TestCaseExecutor.java:285)
	at com.kms.katalon.core.main.TestCaseMain.runTestCase(TestCaseMain.java:137)
	at com.kms.katalon.core.keyword.builtin.CallTestCaseKeyword$_callTestCase_closure1.doCall(CallTestCaseKeyword.groovy:59)
	at com.kms.katalon.core.keyword.builtin.CallTestCaseKeyword$_callTestCase_closure1.call(CallTestCaseKeyword.groovy)
	at com.kms.katalon.core.keyword.internal.KeywordMain.runKeyword(KeywordMain.groovy:75)
	at com.kms.katalon.core.keyword.builtin.CallTestCaseKeyword.callTestCase(CallTestCaseKeyword.groovy:81)
	at com.kms.katalon.core.keyword.builtin.CallTestCaseKeyword.execute(CallTestCaseKeyword.groovy:44)
	at com.kms.katalon.core.keyword.internal.KeywordExecutor.executeKeywordForPlatform(KeywordExecutor.groovy:74)
	at com.kms.katalon.core.keyword.BuiltinKeywords.callTestCase(BuiltinKeywords.groovy:310)
	at jdk.internal.reflect.GeneratedMethodAccessor30.invoke(Unknown Source)
	at java.base/jdk.internal.reflect.DelegatingMethodAccessorImpl.invoke(DelegatingMethodAccessorImpl.java:43)
	at Register Education Partner.run(Register Education Partner:401)
	at com.kms.katalon.core.main.ScriptEngine.run(ScriptEngine.java:194)
	at com.kms.katalon.core.main.ScriptEngine.runScriptAsRawText(ScriptEngine.java:119)
	at com.kms.katalon.core.main.TestCaseExecutor.runScript(TestCaseExecutor.java:448)
	at com.kms.katalon.core.main.TestCaseExecutor.doExecute(TestCaseExecutor.java:439)
	at com.kms.katalon.core.main.TestCaseExecutor.processExecutionPhase(TestCaseExecutor.java:418)
	at com.kms.katalon.core.main.TestCaseExecutor.accessMainPhase(TestCaseExecutor.java:410)
	at com.kms.katalon.core.main.TestCaseExecutor.execute(TestCaseExecutor.java:285)
	at com.kms.katalon.core.common.CommonExecutor.accessTestCaseMainPhase(CommonExecutor.java:65)
	at com.kms.katalon.core.main.TestSuiteExecutor.accessTestSuiteMainPhase(TestSuiteExecutor.java:150)
	at com.kms.katalon.core.main.TestSuiteExecutor.execute(TestSuiteExecutor.java:106)
	at com.kms.katalon.core.main.TestCaseMain.startTestSuite(TestCaseMain.java:180)
	at TempTestSuite1737837875715.run(TempTestSuite1737837875715.groovy:35)
	at java.base/jdk.internal.reflect.NativeMethodAccessorImpl.invoke0(Native Method)
	at java.base/jdk.internal.reflect.NativeMethodAccessorImpl.invoke(NativeMethodAccessorImpl.java:77)
	at java.base/jdk.internal.reflect.DelegatingMethodAccessorImpl.invoke(DelegatingMethodAccessorImpl.java:43)
Caused by: org.openqa.selenium.NoSuchSessionException: Session ID is null. Using WebDriver after calling quit()?
Build info: version: '3.141.59', revision: 'unknown', time: 'unknown'
System info: host: 'MacBook-Pro.local', ip: 'fdc1:b939:2fc6:38cc:1017:fa65:eb20:50e5%en0', os.name: 'Mac OS X', os.arch: 'aarch64', os.version: '15.1.1', java.version: '17.0.7'
Driver info: driver.version: RemoteWebDriver
	at org.openqa.selenium.remote.HttpCommandExecutor.execute(HttpCommandExecutor.java:125)
	at org.openqa.selenium.remote.service.DriverCommandExecutor.execute(DriverCommandExecutor.java:83)
	at org.openqa.selenium.remote.RemoteWebDriver.execute(RemoteWebDriver.java:552)
	at com.kms.katalon.selenium.driver.CChromeDriver.execute(CChromeDriver.java:19)
	at org.openqa.selenium.remote.RemoteWebDriver.execute(RemoteWebDriver.java:609)
	at org.openqa.selenium.remote.RemoteWebDriver.getCurrentUrl(RemoteWebDriver.java:287)
	at com.kms.katalon.core.webui.keyword.builtin.GetUrlKeyword$_getUrl_closure1.doCall(GetUrlKeyword.groovy:73)
	at com.kms.katalon.core.webui.keyword.builtin.GetUrlKeyword$_getUrl_closure1.call(GetUrlKeyword.groovy)
	at com.kms.katalon.core.webui.keyword.internal.WebUIKeywordMain.runKeyword(WebUIKeywordMain.groovy:35)
	at com.kms.katalon.core.webui.keyword.builtin.GetUrlKeyword.getUrl(GetUrlKeyword.groovy:76)
	at com.kms.katalon.core.webui.keyword.builtin.GetUrlKeyword.execute(GetUrlKeyword.groovy:66)
	at com.kms.katalon.core.keyword.internal.KeywordExecutor.executeKeywordForPlatform(KeywordExecutor.groovy:74)
	at com.kms.katalon.core.webui.keyword.WebUiBuiltInKeywords.getUrl(WebUiBuiltInKeywords.groovy:264)
	at Script1737394383688.run(Script1737394383688.groovy:72)
	at com.kms.katalon.core.main.ScriptEngine.run(ScriptEngine.java:194)
	at com.kms.katalon.core.main.ScriptEngine.runScriptAsRawText(ScriptEngine.java:119)
	at com.kms.katalon.core.main.TestCaseExecutor.runScript(TestCaseExecutor.java:448)
	at com.kms.katalon.core.main.TestCaseExecutor.doExecute(TestCaseExecutor.java:439)
	at com.kms.katalon.core.main.TestCaseExecutor.processExecutionPhase(TestCaseExecutor.java:418)
	at com.kms.katalon.core.main.TestCaseExecutor.accessMainPhase(TestCaseExecutor.java:410)
	at com.kms.katalon.core.main.TestCaseExecutor.execute(TestCaseExecutor.java:285)
	at com.kms.katalon.core.main.TestCaseMain.runTestCase(TestCaseMain.java:137)
	at com.kms.katalon.core.keyword.builtin.CallTestCaseKeyword$_callTestCase_closure1.doCall(CallTestCaseKeyword.groovy:59)
	at com.kms.katalon.core.keyword.builtin.CallTestCaseKeyword$_callTestCase_closure1.call(CallTestCaseKeyword.groovy)
	at com.kms.katalon.core.keyword.internal.KeywordMain.runKeyword(KeywordMain.groovy:75)
	at com.kms.katalon.core.keyword.builtin.CallTestCaseKeyword.callTestCase(CallTestCaseKeyword.groovy:81)
	at com.kms.katalon.core.keyword.builtin.CallTestCaseKeyword.execute(CallTestCaseKeyword.groovy:44)
	at com.kms.katalon.core.keyword.internal.KeywordExecutor.executeKeywordForPlatform(KeywordExecutor.groovy:74)
	at com.kms.katalon.core.keyword.BuiltinKeywords.callTestCase(BuiltinKeywords.groovy:310)
	at jdk.internal.reflect.GeneratedMethodAccessor30.invoke(Unknown Source)
	at java.base/jdk.internal.reflect.DelegatingMethodAccessorImpl.invoke(DelegatingMethodAccessorImpl.java:43)
	at Script1737394383693.run(Script1737394383693.groovy:401)
	... 15 more
)

25-01-2025T14:47:25 - [TEST_STEP][PASSED] - if (url == null): Call Test Case 'Test Cases/_Functions/Education Partner Login' successfully

25-01-2025T14:47:25 - [TEST_STEP][PASSED] - callTestCase(findTestCase("_Functions/Education Partner Login"), [:], STOP_ON_FAILURE): Call Test Case 'Test Cases/_Functions/Education Partner Login' successfully

25-01-2025T14:47:25 - [TEST_CASE][PASSED] - Test Cases/_Functions/Education Partner Login: Test Cases/_Functions/Education Partner Login

25-01-2025T14:47:25 - [TEST_STEP][PASSED] - username = username: null

25-01-2025T14:47:25 - [TEST_STEP][PASSED] - if (username != "cktest06ep"): null

25-01-2025T14:47:25 - [TEST_STEP][PASSED] - openBrowser(""): Browser is opened with url: ''

25-01-2025T14:47:25 - [MESSAGE][INFO] - Starting 'Chrome' driver

25-01-2025T14:47:25 - [MESSAGE][INFO] - Action delay is set to 0 milliseconds

25-01-2025T14:47:25 - [MESSAGE][PASSED] - Browser is opened with url: ''

25-01-2025T14:47:25 - [TEST_STEP][PASSED] - maximizeWindow(): Current window maximized

25-01-2025T14:47:26 - [MESSAGE][PASSED] - Current window maximized

25-01-2025T14:47:26 - [TEST_STEP][PASSED] - navigateToUrl("https://education." + domain + "/education-home/login-here/"): Navigate to 'https://education.missionnext.org/education-home/login-here/' successfully

25-01-2025T14:47:30 - [MESSAGE][PASSED] - Navigate to 'https://education.missionnext.org/education-home/login-here/' successfully

25-01-2025T14:47:30 - [TEST_STEP][PASSED] - setText(findTestObject("Object Repository/Education Partner Profile/Login/input_Username"), username): Text 'cktest06ep' is set on object 'Object Repository/Education Partner Profile/Login/input_Username'

25-01-2025T14:47:30 - [MESSAGE][PASSED] - Text 'cktest06ep' is set on object 'Object Repository/Education Partner Profile/Login/input_Username'

25-01-2025T14:47:30 - [TEST_STEP][PASSED] - setEncryptedText(findTestObject("Object Repository/Education Partner Profile/Login/input_Password"), password): Text ****** has been set on object 'Object Repository/Education Partner Profile/Login/input_Password'

25-01-2025T14:47:30 - [MESSAGE][PASSED] - Text ****** has been set on object 'Object Repository/Education Partner Profile/Login/input_Password'

25-01-2025T14:47:30 - [TEST_STEP][PASSED] - click(findTestObject("Object Repository/Education Partner Profile/Login/button_Log In")): Object: 'Object Repository/Education Partner Profile/Login/button_Log In' is clicked on

25-01-2025T14:47:34 - [MESSAGE][PASSED] - Object: 'Object Repository/Education Partner Profile/Login/button_Log In' is clicked on

25-01-2025T14:47:34 - [MESSAGE][PASSED] - Call Test Case 'Test Cases/_Functions/Education Partner Login' successfully

25-01-2025T14:47:34 - [TEST_STEP][PASSED] - dashboard = verifyElementPresent(findTestObject("Education Partner Profile/Dashboard/a_My Profile"), 2, OPTIONAL): com.kms.katalon.core.webui.exception.WebElementNotFoundException: Web element with id: 'Object Repository/Education Partner Profile/Dashboard/a_My Profile' located by '//div[@id='main']/div/div/div/div/div/div[2]/a[2]' not found (Root cause: com.kms.katalon.core.exception.StepFailedException: com.kms.katalon.core.webui.exception.WebElementNotFoundException: Web element with id: 'Object Repository/Education Partner Profile/Dashboard/a_My Profile' located by '//div[@id='main']/div/div/div/div/div/div[2]/a[2]' not found
	at com.kms.katalon.core.webui.keyword.internal.WebUIKeywordMain.stepFailed(WebUIKeywordMain.groovy:117)
	at com.kms.katalon.core.webui.keyword.builtin.VerifyElementPresentKeyword$_verifyElementPresent_closure1.doCall(VerifyElementPresentKeyword.groovy:85)
	at com.kms.katalon.core.webui.keyword.builtin.VerifyElementPresentKeyword$_verifyElementPresent_closure1.call(VerifyElementPresentKeyword.groovy)
	at com.kms.katalon.core.webui.keyword.internal.WebUIKeywordMain.runKeyword(WebUIKeywordMain.groovy:35)
	at com.kms.katalon.core.webui.keyword.builtin.VerifyElementPresentKeyword.verifyElementPresent(VerifyElementPresentKeyword.groovy:92)
	at com.kms.katalon.core.webui.keyword.builtin.VerifyElementPresentKeyword.execute(VerifyElementPresentKeyword.groovy:68)
	at com.kms.katalon.core.keyword.internal.KeywordExecutor.executeKeywordForPlatform(KeywordExecutor.groovy:74)
	at com.kms.katalon.core.webui.keyword.WebUiBuiltInKeywords.verifyElementPresent(WebUiBuiltInKeywords.groovy:1487)
	at Complete Education Partner Profile.run(Complete Education Partner Profile:78)
	at com.kms.katalon.core.main.ScriptEngine.run(ScriptEngine.java:194)
	at com.kms.katalon.core.main.ScriptEngine.runScriptAsRawText(ScriptEngine.java:119)
	at com.kms.katalon.core.main.TestCaseExecutor.runScript(TestCaseExecutor.java:448)
	at com.kms.katalon.core.main.TestCaseExecutor.doExecute(TestCaseExecutor.java:439)
	at com.kms.katalon.core.main.TestCaseExecutor.processExecutionPhase(TestCaseExecutor.java:418)
	at com.kms.katalon.core.main.TestCaseExecutor.accessMainPhase(TestCaseExecutor.java:410)
	at com.kms.katalon.core.main.TestCaseExecutor.execute(TestCaseExecutor.java:285)
	at com.kms.katalon.core.main.TestCaseMain.runTestCase(TestCaseMain.java:137)
	at com.kms.katalon.core.keyword.builtin.CallTestCaseKeyword$_callTestCase_closure1.doCall(CallTestCaseKeyword.groovy:59)
	at com.kms.katalon.core.keyword.builtin.CallTestCaseKeyword$_callTestCase_closure1.call(CallTestCaseKeyword.groovy)
	at com.kms.katalon.core.keyword.internal.KeywordMain.runKeyword(KeywordMain.groovy:75)
	at com.kms.katalon.core.keyword.builtin.CallTestCaseKeyword.callTestCase(CallTestCaseKeyword.groovy:81)
	at com.kms.katalon.core.keyword.builtin.CallTestCaseKeyword.execute(CallTestCaseKeyword.groovy:44)
	at com.kms.katalon.core.keyword.internal.KeywordExecutor.executeKeywordForPlatform(KeywordExecutor.groovy:74)
	at com.kms.katalon.core.keyword.BuiltinKeywords.callTestCase(BuiltinKeywords.groovy:310)
	at jdk.internal.reflect.GeneratedMethodAccessor30.invoke(Unknown Source)
	at java.base/jdk.internal.reflect.DelegatingMethodAccessorImpl.invoke(DelegatingMethodAccessorImpl.java:43)
	at Register Education Partner.run(Register Education Partner:401)
	at com.kms.katalon.core.main.ScriptEngine.run(ScriptEngine.java:194)
	at com.kms.katalon.core.main.ScriptEngine.runScriptAsRawText(ScriptEngine.java:119)
	at com.kms.katalon.core.main.TestCaseExecutor.runScript(TestCaseExecutor.java:448)
	at com.kms.katalon.core.main.TestCaseExecutor.doExecute(TestCaseExecutor.java:439)
	at com.kms.katalon.core.main.TestCaseExecutor.processExecutionPhase(TestCaseExecutor.java:418)
	at com.kms.katalon.core.main.TestCaseExecutor.accessMainPhase(TestCaseExecutor.java:410)
	at com.kms.katalon.core.main.TestCaseExecutor.execute(TestCaseExecutor.java:285)
	at com.kms.katalon.core.common.CommonExecutor.accessTestCaseMainPhase(CommonExecutor.java:65)
	at com.kms.katalon.core.main.TestSuiteExecutor.accessTestSuiteMainPhase(TestSuiteExecutor.java:150)
	at com.kms.katalon.core.main.TestSuiteExecutor.execute(TestSuiteExecutor.java:106)
	at com.kms.katalon.core.main.TestCaseMain.startTestSuite(TestCaseMain.java:180)
	at TempTestSuite1737837875715.run(TempTestSuite1737837875715.groovy:35)
	at java.base/jdk.internal.reflect.NativeMethodAccessorImpl.invoke0(Native Method)
	at java.base/jdk.internal.reflect.NativeMethodAccessorImpl.invoke(NativeMethodAccessorImpl.java:77)
	at java.base/jdk.internal.reflect.DelegatingMethodAccessorImpl.invoke(DelegatingMethodAccessorImpl.java:43)
)

25-01-2025T14:47:37 - [MESSAGE][INFO] - Unable to find the element located by 'By.xpath: //div[@id='main']/div/div/div/div/div/div[2]/a[2]'. Please recheck the objects properties to make sure the desired element is located. 

25-01-2025T14:47:37 - [MESSAGE][WARNING] - com.kms.katalon.core.webui.exception.WebElementNotFoundException: Web element with id: 'Object Repository/Education Partner Profile/Dashboard/a_My Profile' located by '//div[@id='main']/div/div/div/div/div/div[2]/a[2]' not found (Root cause: com.kms.katalon.core.exception.StepFailedException: com.kms.katalon.core.webui.exception.WebElementNotFoundException: Web element with id: 'Object Repository/Education Partner Profile/Dashboard/a_My Profile' located by '//div[@id='main']/div/div/div/div/div/div[2]/a[2]' not found
	at com.kms.katalon.core.webui.keyword.internal.WebUIKeywordMain.stepFailed(WebUIKeywordMain.groovy:117)
	at com.kms.katalon.core.webui.keyword.builtin.VerifyElementPresentKeyword$_verifyElementPresent_closure1.doCall(VerifyElementPresentKeyword.groovy:85)
	at com.kms.katalon.core.webui.keyword.builtin.VerifyElementPresentKeyword$_verifyElementPresent_closure1.call(VerifyElementPresentKeyword.groovy)
	at com.kms.katalon.core.webui.keyword.internal.WebUIKeywordMain.runKeyword(WebUIKeywordMain.groovy:35)
	at com.kms.katalon.core.webui.keyword.builtin.VerifyElementPresentKeyword.verifyElementPresent(VerifyElementPresentKeyword.groovy:92)
	at com.kms.katalon.core.webui.keyword.builtin.VerifyElementPresentKeyword.execute(VerifyElementPresentKeyword.groovy:68)
	at com.kms.katalon.core.keyword.internal.KeywordExecutor.executeKeywordForPlatform(KeywordExecutor.groovy:74)
	at com.kms.katalon.core.webui.keyword.WebUiBuiltInKeywords.verifyElementPresent(WebUiBuiltInKeywords.groovy:1487)
	at Complete Education Partner Profile.run(Complete Education Partner Profile:78)
	at com.kms.katalon.core.main.ScriptEngine.run(ScriptEngine.java:194)
	at com.kms.katalon.core.main.ScriptEngine.runScriptAsRawText(ScriptEngine.java:119)
	at com.kms.katalon.core.main.TestCaseExecutor.runScript(TestCaseExecutor.java:448)
	at com.kms.katalon.core.main.TestCaseExecutor.doExecute(TestCaseExecutor.java:439)
	at com.kms.katalon.core.main.TestCaseExecutor.processExecutionPhase(TestCaseExecutor.java:418)
	at com.kms.katalon.core.main.TestCaseExecutor.accessMainPhase(TestCaseExecutor.java:410)
	at com.kms.katalon.core.main.TestCaseExecutor.execute(TestCaseExecutor.java:285)
	at com.kms.katalon.core.main.TestCaseMain.runTestCase(TestCaseMain.java:137)
	at com.kms.katalon.core.keyword.builtin.CallTestCaseKeyword$_callTestCase_closure1.doCall(CallTestCaseKeyword.groovy:59)
	at com.kms.katalon.core.keyword.builtin.CallTestCaseKeyword$_callTestCase_closure1.call(CallTestCaseKeyword.groovy)
	at com.kms.katalon.core.keyword.internal.KeywordMain.runKeyword(KeywordMain.groovy:75)
	at com.kms.katalon.core.keyword.builtin.CallTestCaseKeyword.callTestCase(CallTestCaseKeyword.groovy:81)
	at com.kms.katalon.core.keyword.builtin.CallTestCaseKeyword.execute(CallTestCaseKeyword.groovy:44)
	at com.kms.katalon.core.keyword.internal.KeywordExecutor.executeKeywordForPlatform(KeywordExecutor.groovy:74)
	at com.kms.katalon.core.keyword.BuiltinKeywords.callTestCase(BuiltinKeywords.groovy:310)
	at jdk.internal.reflect.GeneratedMethodAccessor30.invoke(Unknown Source)
	at java.base/jdk.internal.reflect.DelegatingMethodAccessorImpl.invoke(DelegatingMethodAccessorImpl.java:43)
	at Register Education Partner.run(Register Education Partner:401)
	at com.kms.katalon.core.main.ScriptEngine.run(ScriptEngine.java:194)
	at com.kms.katalon.core.main.ScriptEngine.runScriptAsRawText(ScriptEngine.java:119)
	at com.kms.katalon.core.main.TestCaseExecutor.runScript(TestCaseExecutor.java:448)
	at com.kms.katalon.core.main.TestCaseExecutor.doExecute(TestCaseExecutor.java:439)
	at com.kms.katalon.core.main.TestCaseExecutor.processExecutionPhase(TestCaseExecutor.java:418)
	at com.kms.katalon.core.main.TestCaseExecutor.accessMainPhase(TestCaseExecutor.java:410)
	at com.kms.katalon.core.main.TestCaseExecutor.execute(TestCaseExecutor.java:285)
	at com.kms.katalon.core.common.CommonExecutor.accessTestCaseMainPhase(CommonExecutor.java:65)
	at com.kms.katalon.core.main.TestSuiteExecutor.accessTestSuiteMainPhase(TestSuiteExecutor.java:150)
	at com.kms.katalon.core.main.TestSuiteExecutor.execute(TestSuiteExecutor.java:106)
	at com.kms.katalon.core.main.TestCaseMain.startTestSuite(TestCaseMain.java:180)
	at TempTestSuite1737837875715.run(TempTestSuite1737837875715.groovy:35)
	at java.base/jdk.internal.reflect.NativeMethodAccessorImpl.invoke0(Native Method)
	at java.base/jdk.internal.reflect.NativeMethodAccessorImpl.invoke(NativeMethodAccessorImpl.java:77)
	at java.base/jdk.internal.reflect.DelegatingMethodAccessorImpl.invoke(DelegatingMethodAccessorImpl.java:43)
)
[[ATTACHMENT|/Users/cckozie/git/MissionNext-Katalon-Koz/Reports/20250125_144434/Education Partner Test Suite/20250125_144435/1737838057301.png]]

25-01-2025T14:47:37 - [TEST_STEP][PASSED] - if (dashboard): null

25-01-2025T14:47:37 - [TEST_STEP][PASSED] - if (pages.size() == 0 || "All" in pages || "Contact Info" in pages): Call Test Case 'Test Cases/Education Partner Profile/Tabs/Set Contact Info' successfully

25-01-2025T14:47:37 - [TEST_STEP][PASSED] - key_contact_phone = "952-442-1703": null

25-01-2025T14:47:37 - [TEST_STEP][PASSED] - organization_phone = "612-209-9611": null

25-01-2025T14:47:37 - [TEST_STEP][PASSED] - organization_city = "Waconia": null

25-01-2025T14:47:37 - [TEST_STEP][PASSED] - province_state_region = "Minnesota": null

25-01-2025T14:47:37 - [TEST_STEP][PASSED] - world_region = "North America": null

25-01-2025T14:47:37 - [TEST_STEP][PASSED] - callTestCase(findTestCase("Education Partner Profile/Tabs/Set Contact Info"), ["varKey_contact_phone":key_contact_phone, "varOrganization_phone":organization_phone, "varOrganization_city":organization_city, ... ], STOP_ON_FAILURE): Call Test Case 'Test Cases/Education Partner Profile/Tabs/Set Contact Info' successfully

25-01-2025T14:47:37 - [TEST_CASE][PASSED] - Test Cases/Education Partner Profile/Tabs/Set Contact Info: Test Cases/Education Partner Profile/Tabs/Set Contact Info

25-01-2025T14:47:37 - [TEST_STEP][PASSED] - username = username: null

25-01-2025T14:47:37 - [TEST_STEP][PASSED] - if (username != "cktest06ep"): null

25-01-2025T14:47:37 - [TEST_STEP][PASSED] - domain = domain: null

25-01-2025T14:47:37 - [TEST_STEP][PASSED] - writeFile = false: null

25-01-2025T14:47:37 - [TEST_STEP][PASSED] - testName = "Education Partner Contact Info Tab": null

25-01-2025T14:47:37 - [TEST_STEP][PASSED] - outFile = callTestCase(findTestCase("_Functions/Set Output File"), ["varTestName":testName], STOP_ON_FAILURE): Call Test Case 'Test Cases/_Functions/Set Output File' successfully

25-01-2025T14:47:37 - [TEST_CASE][PASSED] - Test Cases/_Functions/Set Output File: Test Cases/_Functions/Set Output File

25-01-2025T14:47:37 - [TEST_STEP][PASSED] - testName = varTestName: null

25-01-2025T14:47:37 - [TEST_STEP][PASSED] - domain = domain: null

25-01-2025T14:47:37 - [TEST_STEP][PASSED] - writeFile = false: null

25-01-2025T14:47:37 - [TEST_STEP][PASSED] - if (outFile != ""): null

25-01-2025T14:47:37 - [TEST_STEP][PASSED] - myFile = outFile: null

25-01-2025T14:47:37 - [TEST_STEP][PASSED] - println(myFile): null

25-01-2025T14:47:37 - [TEST_STEP][PASSED] - outFile = new java.io.File(myFile): null

25-01-2025T14:47:37 - [TEST_STEP][PASSED] - writeFile = true: null

25-01-2025T14:47:37 - [TEST_STEP][PASSED] - if (!(writeFile)): null

25-01-2025T14:47:37 - [TEST_STEP][PASSED] - else: null

25-01-2025T14:47:37 - [TEST_STEP][PASSED] - outFile.append("
Testing " + testName + " on " + domain + ".
"): null

25-01-2025T14:47:37 - [TEST_STEP][PASSED] - return outFile: null

25-01-2025T14:47:37 - [MESSAGE][PASSED] - Call Test Case 'Test Cases/_Functions/Set Output File' successfully

25-01-2025T14:47:37 - [TEST_STEP][PASSED] - tooltipImagePath = "/Users/cckozie/git/MissionNext-Katalon-Koz/images/education partner/tabs/contact info/": null

25-01-2025T14:47:37 - [TEST_STEP][PASSED] - testObjectFolder = "Education partner Profile/Tabs/Contact Info/": null

25-01-2025T14:47:37 - [TEST_STEP][PASSED] - tooltips = ["dummy":"dummy", "Organization":"img_Organization_field-tooltip", "Abbreviation":"img_Abbreviation_field-tooltip", "Key Contact Email":"img_Key Contact Email_field-tooltip", ... ]: null

25-01-2025T14:47:37 - [TEST_STEP][PASSED] - tooltipText = ["Organization":"Name of your Organization.(Shorten, if too long to fit in field)", "Abbreviation":"Generally, the first initials of your organization name; this is used in some displays.", ... ]: null

25-01-2025T14:47:37 - [TEST_STEP][PASSED] - requiredFieldMsgs = ["Key Contact Phone":"The key contact phone field is required.", "Organization":"The school phone field is required.", "Organization City":"The school city field is required.", ... ]: null

25-01-2025T14:47:37 - [TEST_STEP][PASSED] - pageLinks = ["Terms and Conditions":"Terms and Conditions"]: null

25-01-2025T14:47:37 - [TEST_STEP][PASSED] - click(findTestObject("Education Partner Profile/Tabs/a_Contact Info")): Object: 'Object Repository/Education Partner Profile/Tabs/a_Contact Info' is clicked on

25-01-2025T14:47:37 - [MESSAGE][PASSED] - Object: 'Object Repository/Education Partner Profile/Tabs/a_Contact Info' is clicked on

25-01-2025T14:47:37 - [TEST_STEP][PASSED] - tooltipTextMap = callTestCase(findTestCase("_Functions/Get Screenshot and Tooltip Text"), ["varExtension":"Contact Info Tab"], STOP_ON_FAILURE): Call Test Case 'Test Cases/_Functions/Get Screenshot and Tooltip Text' successfully

25-01-2025T14:47:37 - [TEST_CASE][PASSED] - Test Cases/_Functions/Get Screenshot and Tooltip Text: Test Cases/_Functions/Get Screenshot and Tooltip Text

25-01-2025T14:47:37 - [TEST_STEP][PASSED] - driver = getWebDriver(): null

25-01-2025T14:47:37 - [TEST_STEP][PASSED] - frame = new javax.swing.JFrame(): null

25-01-2025T14:47:37 - [TEST_STEP][PASSED] - p = new javax.swing.JPanel(): null

25-01-2025T14:47:37 - [TEST_STEP][PASSED] - l = new javax.swing.JLabel(LOADING ..., javax.swing.SwingConstants.CENTER): null

25-01-2025T14:47:37 - [TEST_STEP][PASSED] - frame.add(l): null

25-01-2025T14:47:37 - [TEST_STEP][PASSED] - frame.setSize(300, 100): null

25-01-2025T14:47:37 - [TEST_STEP][PASSED] - frame.setLocation(600, 0): null

25-01-2025T14:47:37 - [TEST_STEP][PASSED] - frame.setAlwaysOnTop(true): null

25-01-2025T14:47:37 - [TEST_STEP][PASSED] - frame.show(): null

25-01-2025T14:47:37 - [TEST_STEP][PASSED] - if (verifyTextPresent("Partnership Application", false, OPTIONAL)): Text 'Positions Needed' is present on page 

25-01-2025T14:47:37 - [MESSAGE][WARNING] - Text 'Partnership Application' is not present on page  (Root cause: com.kms.katalon.core.exception.StepFailedException: Text 'Partnership Application' is not present on page 
	at com.kms.katalon.core.webui.keyword.internal.WebUIKeywordMain.stepFailed(WebUIKeywordMain.groovy:117)
	at com.kms.katalon.core.webui.keyword.builtin.VerifyTextPresentKeyword$_verifyTextPresent_closure1.doCall(VerifyTextPresentKeyword.groovy:79)
	at com.kms.katalon.core.webui.keyword.builtin.VerifyTextPresentKeyword$_verifyTextPresent_closure1.call(VerifyTextPresentKeyword.groovy)
	at com.kms.katalon.core.webui.keyword.internal.WebUIKeywordMain.runKeyword(WebUIKeywordMain.groovy:35)
	at com.kms.katalon.core.webui.keyword.builtin.VerifyTextPresentKeyword.verifyTextPresent(VerifyTextPresentKeyword.groovy:83)
	at com.kms.katalon.core.webui.keyword.builtin.VerifyTextPresentKeyword.execute(VerifyTextPresentKeyword.groovy:68)
	at com.kms.katalon.core.keyword.internal.KeywordExecutor.executeKeywordForPlatform(KeywordExecutor.groovy:74)
	at com.kms.katalon.core.webui.keyword.WebUiBuiltInKeywords.verifyTextPresent(WebUiBuiltInKeywords.groovy:1746)
	at Get Screenshot and Tooltip Text.run(Get Screenshot and Tooltip Text:51)
	at com.kms.katalon.core.main.ScriptEngine.run(ScriptEngine.java:194)
	at com.kms.katalon.core.main.ScriptEngine.runScriptAsRawText(ScriptEngine.java:119)
	at com.kms.katalon.core.main.TestCaseExecutor.runScript(TestCaseExecutor.java:448)
	at com.kms.katalon.core.main.TestCaseExecutor.doExecute(TestCaseExecutor.java:439)
	at com.kms.katalon.core.main.TestCaseExecutor.processExecutionPhase(TestCaseExecutor.java:418)
	at com.kms.katalon.core.main.TestCaseExecutor.accessMainPhase(TestCaseExecutor.java:410)
	at com.kms.katalon.core.main.TestCaseExecutor.execute(TestCaseExecutor.java:285)
	at com.kms.katalon.core.main.TestCaseMain.runTestCase(TestCaseMain.java:137)
	at com.kms.katalon.core.keyword.builtin.CallTestCaseKeyword$_callTestCase_closure1.doCall(CallTestCaseKeyword.groovy:59)
	at com.kms.katalon.core.keyword.builtin.CallTestCaseKeyword$_callTestCase_closure1.call(CallTestCaseKeyword.groovy)
	at com.kms.katalon.core.keyword.internal.KeywordMain.runKeyword(KeywordMain.groovy:75)
	at com.kms.katalon.core.keyword.builtin.CallTestCaseKeyword.callTestCase(CallTestCaseKeyword.groovy:81)
	at com.kms.katalon.core.keyword.builtin.CallTestCaseKeyword.execute(CallTestCaseKeyword.groovy:44)
	at com.kms.katalon.core.keyword.internal.KeywordExecutor.executeKeywordForPlatform(KeywordExecutor.groovy:74)
	at com.kms.katalon.core.keyword.BuiltinKeywords.callTestCase(BuiltinKeywords.groovy:310)
	at jdk.internal.reflect.GeneratedMethodAccessor30.invoke(Unknown Source)
	at java.base/jdk.internal.reflect.DelegatingMethodAccessorImpl.invoke(DelegatingMethodAccessorImpl.java:43)
	at Set Contact Info.run(Set Contact Info:72)
	at com.kms.katalon.core.main.ScriptEngine.run(ScriptEngine.java:194)
	at com.kms.katalon.core.main.ScriptEngine.runScriptAsRawText(ScriptEngine.java:119)
	at com.kms.katalon.core.main.TestCaseExecutor.runScript(TestCaseExecutor.java:448)
	at com.kms.katalon.core.main.TestCaseExecutor.doExecute(TestCaseExecutor.java:439)
	at com.kms.katalon.core.main.TestCaseExecutor.processExecutionPhase(TestCaseExecutor.java:418)
	at com.kms.katalon.core.main.TestCaseExecutor.accessMainPhase(TestCaseExecutor.java:410)
	at com.kms.katalon.core.main.TestCaseExecutor.execute(TestCaseExecutor.java:285)
	at com.kms.katalon.core.main.TestCaseMain.runTestCase(TestCaseMain.java:137)
	at com.kms.katalon.core.keyword.builtin.CallTestCaseKeyword$_callTestCase_closure1.doCall(CallTestCaseKeyword.groovy:59)
	at com.kms.katalon.core.keyword.builtin.CallTestCaseKeyword$_callTestCase_closure1.call(CallTestCaseKeyword.groovy)
	at com.kms.katalon.core.keyword.internal.KeywordMain.runKeyword(KeywordMain.groovy:75)
	at com.kms.katalon.core.keyword.builtin.CallTestCaseKeyword.callTestCase(CallTestCaseKeyword.groovy:81)
	at com.kms.katalon.core.keyword.builtin.CallTestCaseKeyword.execute(CallTestCaseKeyword.groovy:44)
	at com.kms.katalon.core.keyword.internal.KeywordExecutor.executeKeywordForPlatform(KeywordExecutor.groovy:74)
	at com.kms.katalon.core.keyword.BuiltinKeywords.callTestCase(BuiltinKeywords.groovy:310)
	at jdk.internal.reflect.GeneratedMethodAccessor30.invoke(Unknown Source)
	at java.base/jdk.internal.reflect.DelegatingMethodAccessorImpl.invoke(DelegatingMethodAccessorImpl.java:43)
	at Complete Education Partner Profile.run(Complete Education Partner Profile:97)
	at com.kms.katalon.core.main.ScriptEngine.run(ScriptEngine.java:194)
	at com.kms.katalon.core.main.ScriptEngine.runScriptAsRawText(ScriptEngine.java:119)
	at com.kms.katalon.core.main.TestCaseExecutor.runScript(TestCaseExecutor.java:448)
	at com.kms.katalon.core.main.TestCaseExecutor.doExecute(TestCaseExecutor.java:439)
	at com.kms.katalon.core.main.TestCaseExecutor.processExecutionPhase(TestCaseExecutor.java:418)
	at com.kms.katalon.core.main.TestCaseExecutor.accessMainPhase(TestCaseExecutor.java:410)
	at com.kms.katalon.core.main.TestCaseExecutor.execute(TestCaseExecutor.java:285)
	at com.kms.katalon.core.main.TestCaseMain.runTestCase(TestCaseMain.java:137)
	at com.kms.katalon.core.keyword.builtin.CallTestCaseKeyword$_callTestCase_closure1.doCall(CallTestCaseKeyword.groovy:59)
	at com.kms.katalon.core.keyword.builtin.CallTestCaseKeyword$_callTestCase_closure1.call(CallTestCaseKeyword.groovy)
	at com.kms.katalon.core.keyword.internal.KeywordMain.runKeyword(KeywordMain.groovy:75)
	at com.kms.katalon.core.keyword.builtin.CallTestCaseKeyword.callTestCase(CallTestCaseKeyword.groovy:81)
	at com.kms.katalon.core.keyword.builtin.CallTestCaseKeyword.execute(CallTestCaseKeyword.groovy:44)
	at com.kms.katalon.core.keyword.internal.KeywordExecutor.executeKeywordForPlatform(KeywordExecutor.groovy:74)
	at com.kms.katalon.core.keyword.BuiltinKeywords.callTestCase(BuiltinKeywords.groovy:310)
	at jdk.internal.reflect.GeneratedMethodAccessor30.invoke(Unknown Source)
	at java.base/jdk.internal.reflect.DelegatingMethodAccessorImpl.invoke(DelegatingMethodAccessorImpl.java:43)
	at Register Education Partner.run(Register Education Partner:401)
	at com.kms.katalon.core.main.ScriptEngine.run(ScriptEngine.java:194)
	at com.kms.katalon.core.main.ScriptEngine.runScriptAsRawText(ScriptEngine.java:119)
	at com.kms.katalon.core.main.TestCaseExecutor.runScript(TestCaseExecutor.java:448)
	at com.kms.katalon.core.main.TestCaseExecutor.doExecute(TestCaseExecutor.java:439)
	at com.kms.katalon.core.main.TestCaseExecutor.processExecutionPhase(TestCaseExecutor.java:418)
	at com.kms.katalon.core.main.TestCaseExecutor.accessMainPhase(TestCaseExecutor.java:410)
	at com.kms.katalon.core.main.TestCaseExecutor.execute(TestCaseExecutor.java:285)
	at com.kms.katalon.core.common.CommonExecutor.accessTestCaseMainPhase(CommonExecutor.java:65)
	at com.kms.katalon.core.main.TestSuiteExecutor.accessTestSuiteMainPhase(TestSuiteExecutor.java:150)
	at com.kms.katalon.core.main.TestSuiteExecutor.execute(TestSuiteExecutor.java:106)
	at com.kms.katalon.core.main.TestCaseMain.startTestSuite(TestCaseMain.java:180)
	at TempTestSuite1737837875715.run(TempTestSuite1737837875715.groovy:35)
	at java.base/jdk.internal.reflect.NativeMethodAccessorImpl.invoke0(Native Method)
	at java.base/jdk.internal.reflect.NativeMethodAccessorImpl.invoke(NativeMethodAccessorImpl.java:77)
	at java.base/jdk.internal.reflect.DelegatingMethodAccessorImpl.invoke(DelegatingMethodAccessorImpl.java:43)
)

25-01-2025T14:47:37 - [MESSAGE][PASSED] - Text 'Positions Needed' is present on page 

25-01-2025T14:47:37 - [TEST_STEP][PASSED] - else if (verifyTextPresent("Positions Needed", false, OPTIONAL)): null

25-01-2025T14:47:37 - [TEST_STEP][PASSED] - user = "Partner": null

25-01-2025T14:47:37 - [TEST_STEP][PASSED] - println("User type is " + user): null

25-01-2025T14:47:37 - [TEST_STEP][PASSED] - path = "/Users/cckozie/Documents/MissionNext/Screenshots and Tooltip Text/": null

25-01-2025T14:47:37 - [TEST_STEP][PASSED] - if (binding.hasVariable("varExtension")): null

25-01-2025T14:47:37 - [TEST_STEP][PASSED] - extension = "_" + varExtension: null

25-01-2025T14:47:37 - [TEST_STEP][PASSED] - println("Extension is " + extension): null

25-01-2025T14:47:37 - [TEST_STEP][PASSED] - title = getWindowTitle() + extension: Current window's title is: 'Education'

25-01-2025T14:47:37 - [MESSAGE][PASSED] - Current window's title is: 'Education'

25-01-2025T14:47:37 - [TEST_STEP][PASSED] - title = title.replace("/", "_"): null

25-01-2025T14:47:37 - [TEST_STEP][PASSED] - fileBase = path + user + "_" + title: null

25-01-2025T14:47:37 - [TEST_STEP][PASSED] - fileImage = fileBase + "_Screenshot.png": null

25-01-2025T14:47:37 - [TEST_STEP][PASSED] - waitForPageLoad(30): Wait for page load successfully

25-01-2025T14:47:37 - [MESSAGE][PASSED] - Wait for page load successfully

25-01-2025T14:47:37 - [TEST_STEP][PASSED] - spinner = driver.findElement(By.xpath("/html/body/div[1]/div/div[2]")): null

25-01-2025T14:47:37 - [TEST_STEP][PASSED] - executor = driver: null

25-01-2025T14:47:37 - [TEST_STEP][PASSED] - elementAttributes = executor.executeScript("var items = {}; for (index = 0; index < arguments[0].attributes.length; ++index) { items[arguments[0].attributes[index].name] = arguments[0].attributes[index].value }; return items;", spinner): null

25-01-2025T14:47:37 - [TEST_STEP][PASSED] - attrs = elementAttributes.toString(): null

25-01-2025T14:47:37 - [TEST_STEP][PASSED] - waits = 0: null

25-01-2025T14:47:37 - [TEST_STEP][PASSED] - while (attrs.indexOf("display: none") < 0 && waits < 2): null

25-01-2025T14:47:37 - [TEST_STEP][PASSED] - tooltipMap = callTestCase(findTestCase("_Functions/Get Tooltip Text"), [:], STOP_ON_FAILURE): Call Test Case 'Test Cases/_Functions/Get Tooltip Text' successfully

25-01-2025T14:47:38 - [TEST_CASE][PASSED] - Test Cases/_Functions/Get Tooltip Text: Test Cases/_Functions/Get Tooltip Text

25-01-2025T14:47:38 - [TEST_STEP][PASSED] - fieldTooltips = [:]: null

25-01-2025T14:47:38 - [TEST_STEP][PASSED] - tooltipMap = [:]: null

25-01-2025T14:47:38 - [TEST_STEP][PASSED] - driver = getWebDriver(): null

25-01-2025T14:47:38 - [TEST_STEP][PASSED] - tooltips = driver.findElements(By.className("field-tooltip")): null

25-01-2025T14:47:38 - [TEST_STEP][PASSED] - for (def it : tooltips): null

25-01-2025T14:47:38 - [TEST_STEP][PASSED] - if (it.isDisplayed()): null

25-01-2025T14:47:38 - [TEST_STEP][PASSED] - ttText = it.getAttribute("data-original-title"): null

25-01-2025T14:47:38 - [TEST_STEP][PASSED] - ttLocation = it.getLocation(): null

25-01-2025T14:47:38 - [TEST_STEP][PASSED] - yLocation = ttLocation.getY(): null

25-01-2025T14:47:38 - [TEST_STEP][PASSED] - xLocation = ttLocation.getX(): null

25-01-2025T14:47:38 - [TEST_STEP][PASSED] - fieldTooltips.put(ttText, yLocation): null

25-01-2025T14:47:38 - [TEST_STEP][PASSED] - if (it.isDisplayed()): null

25-01-2025T14:47:38 - [TEST_STEP][PASSED] - ttText = it.getAttribute("data-original-title"): null

25-01-2025T14:47:38 - [TEST_STEP][PASSED] - ttLocation = it.getLocation(): null

25-01-2025T14:47:38 - [TEST_STEP][PASSED] - yLocation = ttLocation.getY(): null

25-01-2025T14:47:38 - [TEST_STEP][PASSED] - xLocation = ttLocation.getX(): null

25-01-2025T14:47:38 - [TEST_STEP][PASSED] - fieldTooltips.put(ttText, yLocation): null

25-01-2025T14:47:38 - [TEST_STEP][PASSED] - if (it.isDisplayed()): null

25-01-2025T14:47:38 - [TEST_STEP][PASSED] - ttText = it.getAttribute("data-original-title"): null

25-01-2025T14:47:38 - [TEST_STEP][PASSED] - ttLocation = it.getLocation(): null

25-01-2025T14:47:38 - [TEST_STEP][PASSED] - yLocation = ttLocation.getY(): null

25-01-2025T14:47:38 - [TEST_STEP][PASSED] - xLocation = ttLocation.getX(): null

25-01-2025T14:47:38 - [TEST_STEP][PASSED] - fieldTooltips.put(ttText, yLocation): null

25-01-2025T14:47:38 - [TEST_STEP][PASSED] - if (it.isDisplayed()): null

25-01-2025T14:47:38 - [TEST_STEP][PASSED] - ttText = it.getAttribute("data-original-title"): null

25-01-2025T14:47:38 - [TEST_STEP][PASSED] - ttLocation = it.getLocation(): null

25-01-2025T14:47:38 - [TEST_STEP][PASSED] - yLocation = ttLocation.getY(): null

25-01-2025T14:47:38 - [TEST_STEP][PASSED] - xLocation = ttLocation.getX(): null

25-01-2025T14:47:38 - [TEST_STEP][PASSED] - fieldTooltips.put(ttText, yLocation): null

25-01-2025T14:47:38 - [TEST_STEP][PASSED] - if (it.isDisplayed()): null

25-01-2025T14:47:38 - [TEST_STEP][PASSED] - ttText = it.getAttribute("data-original-title"): null

25-01-2025T14:47:38 - [TEST_STEP][PASSED] - ttLocation = it.getLocation(): null

25-01-2025T14:47:38 - [TEST_STEP][PASSED] - yLocation = ttLocation.getY(): null

25-01-2025T14:47:38 - [TEST_STEP][PASSED] - xLocation = ttLocation.getX(): null

25-01-2025T14:47:38 - [TEST_STEP][PASSED] - fieldTooltips.put(ttText, yLocation): null

25-01-2025T14:47:38 - [TEST_STEP][PASSED] - if (it.isDisplayed()): null

25-01-2025T14:47:38 - [TEST_STEP][PASSED] - ttText = it.getAttribute("data-original-title"): null

25-01-2025T14:47:38 - [TEST_STEP][PASSED] - ttLocation = it.getLocation(): null

25-01-2025T14:47:38 - [TEST_STEP][PASSED] - yLocation = ttLocation.getY(): null

25-01-2025T14:47:38 - [TEST_STEP][PASSED] - xLocation = ttLocation.getX(): null

25-01-2025T14:47:38 - [TEST_STEP][PASSED] - fieldTooltips.put(ttText, yLocation): null

25-01-2025T14:47:38 - [TEST_STEP][PASSED] - if (it.isDisplayed()): null

25-01-2025T14:47:38 - [TEST_STEP][PASSED] - if (it.isDisplayed()): null

25-01-2025T14:47:38 - [TEST_STEP][PASSED] - if (it.isDisplayed()): null

25-01-2025T14:47:38 - [TEST_STEP][PASSED] - if (it.isDisplayed()): null

25-01-2025T14:47:38 - [TEST_STEP][PASSED] - if (it.isDisplayed()): null

25-01-2025T14:47:38 - [TEST_STEP][PASSED] - if (it.isDisplayed()): null

25-01-2025T14:47:38 - [TEST_STEP][PASSED] - if (it.isDisplayed()): null

25-01-2025T14:47:38 - [TEST_STEP][PASSED] - if (it.isDisplayed()): null

25-01-2025T14:47:38 - [TEST_STEP][PASSED] - if (it.isDisplayed()): null

25-01-2025T14:47:38 - [TEST_STEP][PASSED] - if (it.isDisplayed()): null

25-01-2025T14:47:38 - [TEST_STEP][PASSED] - if (it.isDisplayed()): null

25-01-2025T14:47:38 - [TEST_STEP][PASSED] - if (it.isDisplayed()): null

25-01-2025T14:47:38 - [TEST_STEP][PASSED] - if (it.isDisplayed()): null

25-01-2025T14:47:38 - [TEST_STEP][PASSED] - if (it.isDisplayed()): null

25-01-2025T14:47:38 - [TEST_STEP][PASSED] - if (it.isDisplayed()): null

25-01-2025T14:47:38 - [TEST_STEP][PASSED] - if (it.isDisplayed()): null

25-01-2025T14:47:38 - [TEST_STEP][PASSED] - if (it.isDisplayed()): null

25-01-2025T14:47:38 - [TEST_STEP][PASSED] - if (it.isDisplayed()): null

25-01-2025T14:47:38 - [TEST_STEP][PASSED] - if (it.isDisplayed()): null

25-01-2025T14:47:38 - [TEST_STEP][PASSED] - if (it.isDisplayed()): null

25-01-2025T14:47:38 - [TEST_STEP][PASSED] - if (it.isDisplayed()): null

25-01-2025T14:47:38 - [TEST_STEP][PASSED] - if (it.isDisplayed()): null

25-01-2025T14:47:38 - [TEST_STEP][PASSED] - if (fieldTooltips.size() > 0): null

25-01-2025T14:47:38 - [TEST_STEP][PASSED] - rightBorder = xLocation: null

25-01-2025T14:47:38 - [TEST_STEP][PASSED] - fieldLabels = [:]: null

25-01-2025T14:47:38 - [TEST_STEP][PASSED] - labels = driver.findElements(By.xpath("//label")): null

25-01-2025T14:47:38 - [TEST_STEP][PASSED] - labels.each({ -> ... }): null

25-01-2025T14:47:39 - [TEST_STEP][PASSED] - for (def label : fieldLabels): null

25-01-2025T14:47:39 - [TEST_STEP][PASSED] - y = value: null

25-01-2025T14:47:39 - [TEST_STEP][PASSED] - for (def tooltip : fieldTooltips): null

25-01-2025T14:47:39 - [TEST_STEP][PASSED] - if (value == y || value == y + 1 || value == y - 1): null

25-01-2025T14:47:39 - [TEST_STEP][PASSED] - tooltipMap.put(key, key): null

25-01-2025T14:47:39 - [TEST_STEP][PASSED] - break: null

25-01-2025T14:47:39 - [TEST_STEP][PASSED] - y = value: null

25-01-2025T14:47:39 - [TEST_STEP][PASSED] - for (def tooltip : fieldTooltips): null

25-01-2025T14:47:39 - [TEST_STEP][PASSED] - if (value == y || value == y + 1 || value == y - 1): null

25-01-2025T14:47:39 - [TEST_STEP][PASSED] - if (value == y || value == y + 1 || value == y - 1): null

25-01-2025T14:47:39 - [TEST_STEP][PASSED] - tooltipMap.put(key, key): null

25-01-2025T14:47:39 - [TEST_STEP][PASSED] - break: null

25-01-2025T14:47:39 - [TEST_STEP][PASSED] - y = value: null

25-01-2025T14:47:39 - [TEST_STEP][PASSED] - for (def tooltip : fieldTooltips): null

25-01-2025T14:47:39 - [TEST_STEP][PASSED] - if (value == y || value == y + 1 || value == y - 1): null

25-01-2025T14:47:39 - [TEST_STEP][PASSED] - if (value == y || value == y + 1 || value == y - 1): null

25-01-2025T14:47:39 - [TEST_STEP][PASSED] - if (value == y || value == y + 1 || value == y - 1): null

25-01-2025T14:47:39 - [TEST_STEP][PASSED] - if (value == y || value == y + 1 || value == y - 1): null

25-01-2025T14:47:39 - [TEST_STEP][PASSED] - if (value == y || value == y + 1 || value == y - 1): null

25-01-2025T14:47:39 - [TEST_STEP][PASSED] - if (value == y || value == y + 1 || value == y - 1): null

25-01-2025T14:47:39 - [TEST_STEP][PASSED] - y = value: null

25-01-2025T14:47:39 - [TEST_STEP][PASSED] - for (def tooltip : fieldTooltips): null

25-01-2025T14:47:39 - [TEST_STEP][PASSED] - if (value == y || value == y + 1 || value == y - 1): null

25-01-2025T14:47:39 - [TEST_STEP][PASSED] - if (value == y || value == y + 1 || value == y - 1): null

25-01-2025T14:47:39 - [TEST_STEP][PASSED] - if (value == y || value == y + 1 || value == y - 1): null

25-01-2025T14:47:39 - [TEST_STEP][PASSED] - if (value == y || value == y + 1 || value == y - 1): null

25-01-2025T14:47:39 - [TEST_STEP][PASSED] - if (value == y || value == y + 1 || value == y - 1): null

25-01-2025T14:47:39 - [TEST_STEP][PASSED] - if (value == y || value == y + 1 || value == y - 1): null

25-01-2025T14:47:39 - [TEST_STEP][PASSED] - y = value: null

25-01-2025T14:47:39 - [TEST_STEP][PASSED] - for (def tooltip : fieldTooltips): null

25-01-2025T14:47:39 - [TEST_STEP][PASSED] - if (value == y || value == y + 1 || value == y - 1): null

25-01-2025T14:47:39 - [TEST_STEP][PASSED] - if (value == y || value == y + 1 || value == y - 1): null

25-01-2025T14:47:39 - [TEST_STEP][PASSED] - if (value == y || value == y + 1 || value == y - 1): null

25-01-2025T14:47:39 - [TEST_STEP][PASSED] - if (value == y || value == y + 1 || value == y - 1): null

25-01-2025T14:47:39 - [TEST_STEP][PASSED] - if (value == y || value == y + 1 || value == y - 1): null

25-01-2025T14:47:39 - [TEST_STEP][PASSED] - if (value == y || value == y + 1 || value == y - 1): null

25-01-2025T14:47:39 - [TEST_STEP][PASSED] - y = value: null

25-01-2025T14:47:39 - [TEST_STEP][PASSED] - for (def tooltip : fieldTooltips): null

25-01-2025T14:47:39 - [TEST_STEP][PASSED] - if (value == y || value == y + 1 || value == y - 1): null

25-01-2025T14:47:39 - [TEST_STEP][PASSED] - if (value == y || value == y + 1 || value == y - 1): null

25-01-2025T14:47:39 - [TEST_STEP][PASSED] - if (value == y || value == y + 1 || value == y - 1): null

25-01-2025T14:47:39 - [TEST_STEP][PASSED] - tooltipMap.put(key, key): null

25-01-2025T14:47:39 - [TEST_STEP][PASSED] - break: null

25-01-2025T14:47:39 - [TEST_STEP][PASSED] - y = value: null

25-01-2025T14:47:39 - [TEST_STEP][PASSED] - for (def tooltip : fieldTooltips): null

25-01-2025T14:47:39 - [TEST_STEP][PASSED] - if (value == y || value == y + 1 || value == y - 1): null

25-01-2025T14:47:39 - [TEST_STEP][PASSED] - if (value == y || value == y + 1 || value == y - 1): null

25-01-2025T14:47:39 - [TEST_STEP][PASSED] - if (value == y || value == y + 1 || value == y - 1): null

25-01-2025T14:47:39 - [TEST_STEP][PASSED] - if (value == y || value == y + 1 || value == y - 1): null

25-01-2025T14:47:39 - [TEST_STEP][PASSED] - if (value == y || value == y + 1 || value == y - 1): null

25-01-2025T14:47:39 - [TEST_STEP][PASSED] - if (value == y || value == y + 1 || value == y - 1): null

25-01-2025T14:47:39 - [TEST_STEP][PASSED] - y = value: null

25-01-2025T14:47:39 - [TEST_STEP][PASSED] - for (def tooltip : fieldTooltips): null

25-01-2025T14:47:39 - [TEST_STEP][PASSED] - if (value == y || value == y + 1 || value == y - 1): null

25-01-2025T14:47:39 - [TEST_STEP][PASSED] - if (value == y || value == y + 1 || value == y - 1): null

25-01-2025T14:47:39 - [TEST_STEP][PASSED] - if (value == y || value == y + 1 || value == y - 1): null

25-01-2025T14:47:39 - [TEST_STEP][PASSED] - if (value == y || value == y + 1 || value == y - 1): null

25-01-2025T14:47:39 - [TEST_STEP][PASSED] - if (value == y || value == y + 1 || value == y - 1): null

25-01-2025T14:47:39 - [TEST_STEP][PASSED] - if (value == y || value == y + 1 || value == y - 1): null

25-01-2025T14:47:39 - [TEST_STEP][PASSED] - y = value: null

25-01-2025T14:47:39 - [TEST_STEP][PASSED] - for (def tooltip : fieldTooltips): null

25-01-2025T14:47:39 - [TEST_STEP][PASSED] - if (value == y || value == y + 1 || value == y - 1): null

25-01-2025T14:47:39 - [TEST_STEP][PASSED] - if (value == y || value == y + 1 || value == y - 1): null

25-01-2025T14:47:39 - [TEST_STEP][PASSED] - if (value == y || value == y + 1 || value == y - 1): null

25-01-2025T14:47:39 - [TEST_STEP][PASSED] - if (value == y || value == y + 1 || value == y - 1): null

25-01-2025T14:47:39 - [TEST_STEP][PASSED] - if (value == y || value == y + 1 || value == y - 1): null

25-01-2025T14:47:39 - [TEST_STEP][PASSED] - if (value == y || value == y + 1 || value == y - 1): null

25-01-2025T14:47:39 - [TEST_STEP][PASSED] - y = value: null

25-01-2025T14:47:39 - [TEST_STEP][PASSED] - for (def tooltip : fieldTooltips): null

25-01-2025T14:47:39 - [TEST_STEP][PASSED] - if (value == y || value == y + 1 || value == y - 1): null

25-01-2025T14:47:39 - [TEST_STEP][PASSED] - if (value == y || value == y + 1 || value == y - 1): null

25-01-2025T14:47:39 - [TEST_STEP][PASSED] - if (value == y || value == y + 1 || value == y - 1): null

25-01-2025T14:47:39 - [TEST_STEP][PASSED] - if (value == y || value == y + 1 || value == y - 1): null

25-01-2025T14:47:39 - [TEST_STEP][PASSED] - tooltipMap.put(key, key): null

25-01-2025T14:47:39 - [TEST_STEP][PASSED] - break: null

25-01-2025T14:47:39 - [TEST_STEP][PASSED] - y = value: null

25-01-2025T14:47:39 - [TEST_STEP][PASSED] - for (def tooltip : fieldTooltips): null

25-01-2025T14:47:39 - [TEST_STEP][PASSED] - if (value == y || value == y + 1 || value == y - 1): null

25-01-2025T14:47:39 - [TEST_STEP][PASSED] - if (value == y || value == y + 1 || value == y - 1): null

25-01-2025T14:47:39 - [TEST_STEP][PASSED] - if (value == y || value == y + 1 || value == y - 1): null

25-01-2025T14:47:39 - [TEST_STEP][PASSED] - if (value == y || value == y + 1 || value == y - 1): null

25-01-2025T14:47:39 - [TEST_STEP][PASSED] - if (value == y || value == y + 1 || value == y - 1): null

25-01-2025T14:47:39 - [TEST_STEP][PASSED] - if (value == y || value == y + 1 || value == y - 1): null

25-01-2025T14:47:39 - [TEST_STEP][PASSED] - y = value: null

25-01-2025T14:47:39 - [TEST_STEP][PASSED] - for (def tooltip : fieldTooltips): null

25-01-2025T14:47:39 - [TEST_STEP][PASSED] - if (value == y || value == y + 1 || value == y - 1): null

25-01-2025T14:47:39 - [TEST_STEP][PASSED] - if (value == y || value == y + 1 || value == y - 1): null

25-01-2025T14:47:39 - [TEST_STEP][PASSED] - if (value == y || value == y + 1 || value == y - 1): null

25-01-2025T14:47:39 - [TEST_STEP][PASSED] - if (value == y || value == y + 1 || value == y - 1): null

25-01-2025T14:47:39 - [TEST_STEP][PASSED] - if (value == y || value == y + 1 || value == y - 1): null

25-01-2025T14:47:39 - [TEST_STEP][PASSED] - tooltipMap.put(key, key): null

25-01-2025T14:47:39 - [TEST_STEP][PASSED] - break: null

25-01-2025T14:47:39 - [TEST_STEP][PASSED] - y = value: null

25-01-2025T14:47:39 - [TEST_STEP][PASSED] - for (def tooltip : fieldTooltips): null

25-01-2025T14:47:39 - [TEST_STEP][PASSED] - if (value == y || value == y + 1 || value == y - 1): null

25-01-2025T14:47:39 - [TEST_STEP][PASSED] - if (value == y || value == y + 1 || value == y - 1): null

25-01-2025T14:47:39 - [TEST_STEP][PASSED] - if (value == y || value == y + 1 || value == y - 1): null

25-01-2025T14:47:39 - [TEST_STEP][PASSED] - if (value == y || value == y + 1 || value == y - 1): null

25-01-2025T14:47:39 - [TEST_STEP][PASSED] - if (value == y || value == y + 1 || value == y - 1): null

25-01-2025T14:47:39 - [TEST_STEP][PASSED] - if (value == y || value == y + 1 || value == y - 1): null

25-01-2025T14:47:39 - [TEST_STEP][PASSED] - y = value: null

25-01-2025T14:47:39 - [TEST_STEP][PASSED] - for (def tooltip : fieldTooltips): null

25-01-2025T14:47:39 - [TEST_STEP][PASSED] - if (value == y || value == y + 1 || value == y - 1): null

25-01-2025T14:47:39 - [TEST_STEP][PASSED] - if (value == y || value == y + 1 || value == y - 1): null

25-01-2025T14:47:39 - [TEST_STEP][PASSED] - if (value == y || value == y + 1 || value == y - 1): null

25-01-2025T14:47:39 - [TEST_STEP][PASSED] - if (value == y || value == y + 1 || value == y - 1): null

25-01-2025T14:47:39 - [TEST_STEP][PASSED] - if (value == y || value == y + 1 || value == y - 1): null

25-01-2025T14:47:39 - [TEST_STEP][PASSED] - if (value == y || value == y + 1 || value == y - 1): null

25-01-2025T14:47:39 - [TEST_STEP][PASSED] - y = value: null

25-01-2025T14:47:39 - [TEST_STEP][PASSED] - for (def tooltip : fieldTooltips): null

25-01-2025T14:47:39 - [TEST_STEP][PASSED] - if (value == y || value == y + 1 || value == y - 1): null

25-01-2025T14:47:39 - [TEST_STEP][PASSED] - if (value == y || value == y + 1 || value == y - 1): null

25-01-2025T14:47:39 - [TEST_STEP][PASSED] - if (value == y || value == y + 1 || value == y - 1): null

25-01-2025T14:47:39 - [TEST_STEP][PASSED] - if (value == y || value == y + 1 || value == y - 1): null

25-01-2025T14:47:39 - [TEST_STEP][PASSED] - if (value == y || value == y + 1 || value == y - 1): null

25-01-2025T14:47:39 - [TEST_STEP][PASSED] - if (value == y || value == y + 1 || value == y - 1): null

25-01-2025T14:47:39 - [TEST_STEP][PASSED] - tooltipMap.put(key, key): null

25-01-2025T14:47:39 - [TEST_STEP][PASSED] - break: null

25-01-2025T14:47:39 - [TEST_STEP][PASSED] - y = value: null

25-01-2025T14:47:39 - [TEST_STEP][PASSED] - for (def tooltip : fieldTooltips): null

25-01-2025T14:47:39 - [TEST_STEP][PASSED] - if (value == y || value == y + 1 || value == y - 1): null

25-01-2025T14:47:39 - [TEST_STEP][PASSED] - if (value == y || value == y + 1 || value == y - 1): null

25-01-2025T14:47:39 - [TEST_STEP][PASSED] - if (value == y || value == y + 1 || value == y - 1): null

25-01-2025T14:47:39 - [TEST_STEP][PASSED] - if (value == y || value == y + 1 || value == y - 1): null

25-01-2025T14:47:39 - [TEST_STEP][PASSED] - if (value == y || value == y + 1 || value == y - 1): null

25-01-2025T14:47:39 - [TEST_STEP][PASSED] - if (value == y || value == y + 1 || value == y - 1): null

25-01-2025T14:47:39 - [TEST_STEP][PASSED] - y = value: null

25-01-2025T14:47:39 - [TEST_STEP][PASSED] - for (def tooltip : fieldTooltips): null

25-01-2025T14:47:39 - [TEST_STEP][PASSED] - if (value == y || value == y + 1 || value == y - 1): null

25-01-2025T14:47:39 - [TEST_STEP][PASSED] - if (value == y || value == y + 1 || value == y - 1): null

25-01-2025T14:47:39 - [TEST_STEP][PASSED] - if (value == y || value == y + 1 || value == y - 1): null

25-01-2025T14:47:39 - [TEST_STEP][PASSED] - if (value == y || value == y + 1 || value == y - 1): null

25-01-2025T14:47:39 - [TEST_STEP][PASSED] - if (value == y || value == y + 1 || value == y - 1): null

25-01-2025T14:47:39 - [TEST_STEP][PASSED] - if (value == y || value == y + 1 || value == y - 1): null

25-01-2025T14:47:39 - [TEST_STEP][PASSED] - return tooltipMap: null

25-01-2025T14:47:39 - [MESSAGE][PASSED] - Call Test Case 'Test Cases/_Functions/Get Tooltip Text' successfully

25-01-2025T14:47:39 - [TEST_STEP][PASSED] - if (tooltipMap.size() > 0): null

25-01-2025T14:47:39 - [TEST_STEP][PASSED] - file = fileBase + "_Tooltips.csv": null

25-01-2025T14:47:39 - [TEST_STEP][PASSED] - outText = "FIELD LABEL" + "," + "TOOLTIP TEXT" + "

": null

25-01-2025T14:47:39 - [TEST_STEP][PASSED] - for (def it : tooltipMap): null

25-01-2025T14:47:39 - [TEST_STEP][PASSED] - name = key: null

25-01-2025T14:47:39 - [TEST_STEP][PASSED] - value = value.replace("
", ""): null

25-01-2025T14:47:39 - [TEST_STEP][PASSED] - value = """ + value + """: null

25-01-2025T14:47:39 - [TEST_STEP][PASSED] - outText = outText + name + "," + value: null

25-01-2025T14:47:39 - [TEST_STEP][PASSED] - outText = outText + "
": null

25-01-2025T14:47:39 - [TEST_STEP][PASSED] - println(outText): null

25-01-2025T14:47:39 - [TEST_STEP][PASSED] - name = key: null

25-01-2025T14:47:39 - [TEST_STEP][PASSED] - value = value.replace("
", ""): null

25-01-2025T14:47:39 - [TEST_STEP][PASSED] - value = """ + value + """: null

25-01-2025T14:47:39 - [TEST_STEP][PASSED] - outText = outText + name + "," + value: null

25-01-2025T14:47:39 - [TEST_STEP][PASSED] - outText = outText + "
": null

25-01-2025T14:47:39 - [TEST_STEP][PASSED] - println(outText): null

25-01-2025T14:47:39 - [TEST_STEP][PASSED] - name = key: null

25-01-2025T14:47:39 - [TEST_STEP][PASSED] - value = value.replace("
", ""): null

25-01-2025T14:47:39 - [TEST_STEP][PASSED] - value = """ + value + """: null

25-01-2025T14:47:39 - [TEST_STEP][PASSED] - outText = outText + name + "," + value: null

25-01-2025T14:47:39 - [TEST_STEP][PASSED] - outText = outText + "
": null

25-01-2025T14:47:39 - [TEST_STEP][PASSED] - println(outText): null

25-01-2025T14:47:39 - [TEST_STEP][PASSED] - name = key: null

25-01-2025T14:47:39 - [TEST_STEP][PASSED] - value = value.replace("
", ""): null

25-01-2025T14:47:39 - [TEST_STEP][PASSED] - value = """ + value + """: null

25-01-2025T14:47:39 - [TEST_STEP][PASSED] - outText = outText + name + "," + value: null

25-01-2025T14:47:39 - [TEST_STEP][PASSED] - outText = outText + "
": null

25-01-2025T14:47:39 - [TEST_STEP][PASSED] - println(outText): null

25-01-2025T14:47:39 - [TEST_STEP][PASSED] - name = key: null

25-01-2025T14:47:39 - [TEST_STEP][PASSED] - value = value.replace("
", ""): null

25-01-2025T14:47:39 - [TEST_STEP][PASSED] - value = """ + value + """: null

25-01-2025T14:47:39 - [TEST_STEP][PASSED] - outText = outText + name + "," + value: null

25-01-2025T14:47:39 - [TEST_STEP][PASSED] - outText = outText + "
": null

25-01-2025T14:47:39 - [TEST_STEP][PASSED] - println(outText): null

25-01-2025T14:47:39 - [TEST_STEP][PASSED] - name = key: null

25-01-2025T14:47:39 - [TEST_STEP][PASSED] - value = value.replace("
", ""): null

25-01-2025T14:47:39 - [TEST_STEP][PASSED] - value = """ + value + """: null

25-01-2025T14:47:39 - [TEST_STEP][PASSED] - outText = outText + name + "," + value: null

25-01-2025T14:47:39 - [TEST_STEP][PASSED] - outText = outText + "
": null

25-01-2025T14:47:39 - [TEST_STEP][PASSED] - println(outText): null

25-01-2025T14:47:39 - [TEST_STEP][PASSED] - outFile = new java.io.File(file): null

25-01-2025T14:47:39 - [TEST_STEP][PASSED] - println(outText): null

25-01-2025T14:47:39 - [TEST_STEP][PASSED] - outFile.write(outText): null

25-01-2025T14:47:39 - [TEST_STEP][PASSED] - frame.hide(): null

25-01-2025T14:47:39 - [TEST_STEP][PASSED] - takeFullPageScreenshot(fileImage): Taking screenshot successfully

25-01-2025T14:47:40 - [MESSAGE][INFO] - 0 hidden object(s)

25-01-2025T14:47:40 - [MESSAGE][PASSED] - Taking screenshot successfully
[[ATTACHMENT|/Users/cckozie/Documents/MissionNext/Screenshots and Tooltip Text/Partner_Education_Contact Info Tab_Screenshot.png]]

25-01-2025T14:47:40 - [TEST_STEP][PASSED] - return tooltipMap: null

25-01-2025T14:47:40 - [MESSAGE][PASSED] - Call Test Case 'Test Cases/_Functions/Get Screenshot and Tooltip Text' successfully

25-01-2025T14:47:40 - [TEST_STEP][PASSED] - callTestCase(findTestCase("_Functions/Test Tooltips"), ["varTooltipImagePath":tooltipImagePath, "varTooltips":tooltips, "varTooltipText":tooltipText, "varTestObjectFolder":testObjectFolder, ... ], OPTIONAL): Unable to call Test Case 'Test Cases/_Functions/Test Tooltips' (Root cause: com.kms.katalon.core.exception.StepErrorException: Call Test Case 'Test Cases/_Functions/Test Tooltips' failed because of error(s)
	at com.kms.katalon.core.keyword.builtin.CallTestCaseKeyword$_callTestCase_closure1.doCall(CallTestCaseKeyword.groovy:66)
	at com.kms.katalon.core.keyword.builtin.CallTestCaseKeyword$_callTestCase_closure1.call(CallTestCaseKeyword.groovy)
	at com.kms.katalon.core.keyword.internal.KeywordMain.runKeyword(KeywordMain.groovy:75)
	at com.kms.katalon.core.keyword.builtin.CallTestCaseKeyword.callTestCase(CallTestCaseKeyword.groovy:81)
	at com.kms.katalon.core.keyword.builtin.CallTestCaseKeyword.execute(CallTestCaseKeyword.groovy:44)
	at com.kms.katalon.core.keyword.internal.KeywordExecutor.executeKeywordForPlatform(KeywordExecutor.groovy:74)
	at com.kms.katalon.core.keyword.BuiltinKeywords.callTestCase(BuiltinKeywords.groovy:310)
	at jdk.internal.reflect.GeneratedMethodAccessor30.invoke(Unknown Source)
	at java.base/jdk.internal.reflect.DelegatingMethodAccessorImpl.invoke(DelegatingMethodAccessorImpl.java:43)
	at Set Contact Info.run(Set Contact Info:79)
	at com.kms.katalon.core.main.ScriptEngine.run(ScriptEngine.java:194)
	at com.kms.katalon.core.main.ScriptEngine.runScriptAsRawText(ScriptEngine.java:119)
	at com.kms.katalon.core.main.TestCaseExecutor.runScript(TestCaseExecutor.java:448)
	at com.kms.katalon.core.main.TestCaseExecutor.doExecute(TestCaseExecutor.java:439)
	at com.kms.katalon.core.main.TestCaseExecutor.processExecutionPhase(TestCaseExecutor.java:418)
	at com.kms.katalon.core.main.TestCaseExecutor.accessMainPhase(TestCaseExecutor.java:410)
	at com.kms.katalon.core.main.TestCaseExecutor.execute(TestCaseExecutor.java:285)
	at com.kms.katalon.core.main.TestCaseMain.runTestCase(TestCaseMain.java:137)
	at com.kms.katalon.core.keyword.builtin.CallTestCaseKeyword$_callTestCase_closure1.doCall(CallTestCaseKeyword.groovy:59)
	at com.kms.katalon.core.keyword.builtin.CallTestCaseKeyword$_callTestCase_closure1.call(CallTestCaseKeyword.groovy)
	at com.kms.katalon.core.keyword.internal.KeywordMain.runKeyword(KeywordMain.groovy:75)
	at com.kms.katalon.core.keyword.builtin.CallTestCaseKeyword.callTestCase(CallTestCaseKeyword.groovy:81)
	at com.kms.katalon.core.keyword.builtin.CallTestCaseKeyword.execute(CallTestCaseKeyword.groovy:44)
	at com.kms.katalon.core.keyword.internal.KeywordExecutor.executeKeywordForPlatform(KeywordExecutor.groovy:74)
	at com.kms.katalon.core.keyword.BuiltinKeywords.callTestCase(BuiltinKeywords.groovy:310)
	at jdk.internal.reflect.GeneratedMethodAccessor30.invoke(Unknown Source)
	at java.base/jdk.internal.reflect.DelegatingMethodAccessorImpl.invoke(DelegatingMethodAccessorImpl.java:43)
	at Complete Education Partner Profile.run(Complete Education Partner Profile:97)
	at com.kms.katalon.core.main.ScriptEngine.run(ScriptEngine.java:194)
	at com.kms.katalon.core.main.ScriptEngine.runScriptAsRawText(ScriptEngine.java:119)
	at com.kms.katalon.core.main.TestCaseExecutor.runScript(TestCaseExecutor.java:448)
	at com.kms.katalon.core.main.TestCaseExecutor.doExecute(TestCaseExecutor.java:439)
	at com.kms.katalon.core.main.TestCaseExecutor.processExecutionPhase(TestCaseExecutor.java:418)
	at com.kms.katalon.core.main.TestCaseExecutor.accessMainPhase(TestCaseExecutor.java:410)
	at com.kms.katalon.core.main.TestCaseExecutor.execute(TestCaseExecutor.java:285)
	at com.kms.katalon.core.main.TestCaseMain.runTestCase(TestCaseMain.java:137)
	at com.kms.katalon.core.keyword.builtin.CallTestCaseKeyword$_callTestCase_closure1.doCall(CallTestCaseKeyword.groovy:59)
	at com.kms.katalon.core.keyword.builtin.CallTestCaseKeyword$_callTestCase_closure1.call(CallTestCaseKeyword.groovy)
	at com.kms.katalon.core.keyword.internal.KeywordMain.runKeyword(KeywordMain.groovy:75)
	at com.kms.katalon.core.keyword.builtin.CallTestCaseKeyword.callTestCase(CallTestCaseKeyword.groovy:81)
	at com.kms.katalon.core.keyword.builtin.CallTestCaseKeyword.execute(CallTestCaseKeyword.groovy:44)
	at com.kms.katalon.core.keyword.internal.KeywordExecutor.executeKeywordForPlatform(KeywordExecutor.groovy:74)
	at com.kms.katalon.core.keyword.BuiltinKeywords.callTestCase(BuiltinKeywords.groovy:310)
	at jdk.internal.reflect.GeneratedMethodAccessor30.invoke(Unknown Source)
	at java.base/jdk.internal.reflect.DelegatingMethodAccessorImpl.invoke(DelegatingMethodAccessorImpl.java:43)
	at Register Education Partner.run(Register Education Partner:401)
	at com.kms.katalon.core.main.ScriptEngine.run(ScriptEngine.java:194)
	at com.kms.katalon.core.main.ScriptEngine.runScriptAsRawText(ScriptEngine.java:119)
	at com.kms.katalon.core.main.TestCaseExecutor.runScript(TestCaseExecutor.java:448)
	at com.kms.katalon.core.main.TestCaseExecutor.doExecute(TestCaseExecutor.java:439)
	at com.kms.katalon.core.main.TestCaseExecutor.processExecutionPhase(TestCaseExecutor.java:418)
	at com.kms.katalon.core.main.TestCaseExecutor.accessMainPhase(TestCaseExecutor.java:410)
	at com.kms.katalon.core.main.TestCaseExecutor.execute(TestCaseExecutor.java:285)
	at com.kms.katalon.core.common.CommonExecutor.accessTestCaseMainPhase(CommonExecutor.java:65)
	at com.kms.katalon.core.main.TestSuiteExecutor.accessTestSuiteMainPhase(TestSuiteExecutor.java:150)
	at com.kms.katalon.core.main.TestSuiteExecutor.execute(TestSuiteExecutor.java:106)
	at com.kms.katalon.core.main.TestCaseMain.startTestSuite(TestCaseMain.java:180)
	at TempTestSuite1737837875715.run(TempTestSuite1737837875715.groovy:35)
	at java.base/jdk.internal.reflect.NativeMethodAccessorImpl.invoke0(Native Method)
	at java.base/jdk.internal.reflect.NativeMethodAccessorImpl.invoke(NativeMethodAccessorImpl.java:77)
	at java.base/jdk.internal.reflect.DelegatingMethodAccessorImpl.invoke(DelegatingMethodAccessorImpl.java:43)
Caused by: java.lang.NullPointerException: Cannot invoke method replace() on null object
	at Test Tooltips.run(Test Tooltips:165)
	at com.kms.katalon.core.main.ScriptEngine.run(ScriptEngine.java:194)
	at com.kms.katalon.core.main.ScriptEngine.runScriptAsRawText(ScriptEngine.java:119)
	at com.kms.katalon.core.main.TestCaseExecutor.runScript(TestCaseExecutor.java:448)
	at com.kms.katalon.core.main.TestCaseExecutor.doExecute(TestCaseExecutor.java:439)
	at com.kms.katalon.core.main.TestCaseExecutor.processExecutionPhase(TestCaseExecutor.java:418)
	at com.kms.katalon.core.main.TestCaseExecutor.accessMainPhase(TestCaseExecutor.java:410)
	at com.kms.katalon.core.main.TestCaseExecutor.execute(TestCaseExecutor.java:285)
	at com.kms.katalon.core.main.TestCaseMain.runTestCase(TestCaseMain.java:137)
	at com.kms.katalon.core.keyword.builtin.CallTestCaseKeyword$_callTestCase_closure1.doCall(CallTestCaseKeyword.groovy:59)
	... 60 more
)

25-01-2025T14:47:40 - [TEST_CASE][ERROR] - Test Cases/_Functions/Test Tooltips: Test Cases/_Functions/Test Tooltips FAILED.
Reason:
java.lang.NullPointerException: Cannot invoke method replace() on null object
	at Test Tooltips.run(Test Tooltips:165)
	at com.kms.katalon.core.main.ScriptEngine.run(ScriptEngine.java:194)
	at com.kms.katalon.core.main.ScriptEngine.runScriptAsRawText(ScriptEngine.java:119)
	at com.kms.katalon.core.main.TestCaseExecutor.runScript(TestCaseExecutor.java:448)
	at com.kms.katalon.core.main.TestCaseExecutor.doExecute(TestCaseExecutor.java:439)
	at com.kms.katalon.core.main.TestCaseExecutor.processExecutionPhase(TestCaseExecutor.java:418)
	at com.kms.katalon.core.main.TestCaseExecutor.accessMainPhase(TestCaseExecutor.java:410)
	at com.kms.katalon.core.main.TestCaseExecutor.execute(TestCaseExecutor.java:285)
	at com.kms.katalon.core.main.TestCaseMain.runTestCase(TestCaseMain.java:137)
	at com.kms.katalon.core.keyword.builtin.CallTestCaseKeyword$_callTestCase_closure1.doCall(CallTestCaseKeyword.groovy:59)
	at com.kms.katalon.core.keyword.builtin.CallTestCaseKeyword$_callTestCase_closure1.call(CallTestCaseKeyword.groovy)
	at com.kms.katalon.core.keyword.internal.KeywordMain.runKeyword(KeywordMain.groovy:75)
	at com.kms.katalon.core.keyword.builtin.CallTestCaseKeyword.callTestCase(CallTestCaseKeyword.groovy:81)
	at com.kms.katalon.core.keyword.builtin.CallTestCaseKeyword.execute(CallTestCaseKeyword.groovy:44)
	at com.kms.katalon.core.keyword.internal.KeywordExecutor.executeKeywordForPlatform(KeywordExecutor.groovy:74)
	at com.kms.katalon.core.keyword.BuiltinKeywords.callTestCase(BuiltinKeywords.groovy:310)
	at jdk.internal.reflect.GeneratedMethodAccessor30.invoke(Unknown Source)
	at java.base/jdk.internal.reflect.DelegatingMethodAccessorImpl.invoke(DelegatingMethodAccessorImpl.java:43)
	at Set Contact Info.run(Set Contact Info:79)
	at com.kms.katalon.core.main.ScriptEngine.run(ScriptEngine.java:194)
	at com.kms.katalon.core.main.ScriptEngine.runScriptAsRawText(ScriptEngine.java:119)
	at com.kms.katalon.core.main.TestCaseExecutor.runScript(TestCaseExecutor.java:448)
	at com.kms.katalon.core.main.TestCaseExecutor.doExecute(TestCaseExecutor.java:439)
	at com.kms.katalon.core.main.TestCaseExecutor.processExecutionPhase(TestCaseExecutor.java:418)
	at com.kms.katalon.core.main.TestCaseExecutor.accessMainPhase(TestCaseExecutor.java:410)
	at com.kms.katalon.core.main.TestCaseExecutor.execute(TestCaseExecutor.java:285)
	at com.kms.katalon.core.main.TestCaseMain.runTestCase(TestCaseMain.java:137)
	at com.kms.katalon.core.keyword.builtin.CallTestCaseKeyword$_callTestCase_closure1.doCall(CallTestCaseKeyword.groovy:59)
	at com.kms.katalon.core.keyword.builtin.CallTestCaseKeyword$_callTestCase_closure1.call(CallTestCaseKeyword.groovy)
	at com.kms.katalon.core.keyword.internal.KeywordMain.runKeyword(KeywordMain.groovy:75)
	at com.kms.katalon.core.keyword.builtin.CallTestCaseKeyword.callTestCase(CallTestCaseKeyword.groovy:81)
	at com.kms.katalon.core.keyword.builtin.CallTestCaseKeyword.execute(CallTestCaseKeyword.groovy:44)
	at com.kms.katalon.core.keyword.internal.KeywordExecutor.executeKeywordForPlatform(KeywordExecutor.groovy:74)
	at com.kms.katalon.core.keyword.BuiltinKeywords.callTestCase(BuiltinKeywords.groovy:310)
	at jdk.internal.reflect.GeneratedMethodAccessor30.invoke(Unknown Source)
	at java.base/jdk.internal.reflect.DelegatingMethodAccessorImpl.invoke(DelegatingMethodAccessorImpl.java:43)
	at Complete Education Partner Profile.run(Complete Education Partner Profile:97)
	at com.kms.katalon.core.main.ScriptEngine.run(ScriptEngine.java:194)
	at com.kms.katalon.core.main.ScriptEngine.runScriptAsRawText(ScriptEngine.java:119)
	at com.kms.katalon.core.main.TestCaseExecutor.runScript(TestCaseExecutor.java:448)
	at com.kms.katalon.core.main.TestCaseExecutor.doExecute(TestCaseExecutor.java:439)
	at com.kms.katalon.core.main.TestCaseExecutor.processExecutionPhase(TestCaseExecutor.java:418)
	at com.kms.katalon.core.main.TestCaseExecutor.accessMainPhase(TestCaseExecutor.java:410)
	at com.kms.katalon.core.main.TestCaseExecutor.execute(TestCaseExecutor.java:285)
	at com.kms.katalon.core.main.TestCaseMain.runTestCase(TestCaseMain.java:137)
	at com.kms.katalon.core.keyword.builtin.CallTestCaseKeyword$_callTestCase_closure1.doCall(CallTestCaseKeyword.groovy:59)
	at com.kms.katalon.core.keyword.builtin.CallTestCaseKeyword$_callTestCase_closure1.call(CallTestCaseKeyword.groovy)
	at com.kms.katalon.core.keyword.internal.KeywordMain.runKeyword(KeywordMain.groovy:75)
	at com.kms.katalon.core.keyword.builtin.CallTestCaseKeyword.callTestCase(CallTestCaseKeyword.groovy:81)
	at com.kms.katalon.core.keyword.builtin.CallTestCaseKeyword.execute(CallTestCaseKeyword.groovy:44)
	at com.kms.katalon.core.keyword.internal.KeywordExecutor.executeKeywordForPlatform(KeywordExecutor.groovy:74)
	at com.kms.katalon.core.keyword.BuiltinKeywords.callTestCase(BuiltinKeywords.groovy:310)
	at jdk.internal.reflect.GeneratedMethodAccessor30.invoke(Unknown Source)
	at java.base/jdk.internal.reflect.DelegatingMethodAccessorImpl.invoke(DelegatingMethodAccessorImpl.java:43)
	at Register Education Partner.run(Register Education Partner:401)
	at com.kms.katalon.core.main.ScriptEngine.run(ScriptEngine.java:194)
	at com.kms.katalon.core.main.ScriptEngine.runScriptAsRawText(ScriptEngine.java:119)
	at com.kms.katalon.core.main.TestCaseExecutor.runScript(TestCaseExecutor.java:448)
	at com.kms.katalon.core.main.TestCaseExecutor.doExecute(TestCaseExecutor.java:439)
	at com.kms.katalon.core.main.TestCaseExecutor.processExecutionPhase(TestCaseExecutor.java:418)
	at com.kms.katalon.core.main.TestCaseExecutor.accessMainPhase(TestCaseExecutor.java:410)
	at com.kms.katalon.core.main.TestCaseExecutor.execute(TestCaseExecutor.java:285)
	at com.kms.katalon.core.common.CommonExecutor.accessTestCaseMainPhase(CommonExecutor.java:65)
	at com.kms.katalon.core.main.TestSuiteExecutor.accessTestSuiteMainPhase(TestSuiteExecutor.java:150)
	at com.kms.katalon.core.main.TestSuiteExecutor.execute(TestSuiteExecutor.java:106)
	at com.kms.katalon.core.main.TestCaseMain.startTestSuite(TestCaseMain.java:180)
	at TempTestSuite1737837875715.run(TempTestSuite1737837875715.groovy:35)
	at java.base/jdk.internal.reflect.NativeMethodAccessorImpl.invoke0(Native Method)
	at java.base/jdk.internal.reflect.NativeMethodAccessorImpl.invoke(NativeMethodAccessorImpl.java:77)
	at java.base/jdk.internal.reflect.DelegatingMethodAccessorImpl.invoke(DelegatingMethodAccessorImpl.java:43)


25-01-2025T14:47:40 - [TEST_STEP][PASSED] - tooltipImagePath = varTooltipImagePath: null

25-01-2025T14:47:40 - [TEST_STEP][PASSED] - tooltips = varTooltips: null

25-01-2025T14:47:40 - [TEST_STEP][PASSED] - tooltipText = varTooltipText: null

25-01-2025T14:47:40 - [TEST_STEP][PASSED] - testObjectFolder = varTestObjectFolder: null

25-01-2025T14:47:40 - [TEST_STEP][PASSED] - tooltipTextMap = varTooltipTextMap: null

25-01-2025T14:47:40 - [TEST_STEP][PASSED] - writeFile = false: null

25-01-2025T14:47:40 - [TEST_STEP][PASSED] - if (outFile != ""): null

25-01-2025T14:47:40 - [TEST_STEP][PASSED] - myFile = outFile: null

25-01-2025T14:47:40 - [TEST_STEP][PASSED] - println(myFile): null

25-01-2025T14:47:40 - [TEST_STEP][PASSED] - outFile = new java.io.File(myFile): null

25-01-2025T14:47:40 - [TEST_STEP][PASSED] - writeFile = true: null

25-01-2025T14:47:40 - [TEST_STEP][PASSED] - driver = getWebDriver(): null

25-01-2025T14:47:40 - [TEST_STEP][PASSED] - action = new org.openqa.selenium.interactions.Actions(driver): null

25-01-2025T14:47:40 - [TEST_STEP][PASSED] - s = new org.sikuli.script.Screen(): null

25-01-2025T14:47:40 - [TEST_STEP][PASSED] - outText = "Verifying the tooltips can be displayed.
": null

25-01-2025T14:47:40 - [TEST_STEP][PASSED] - outFile.append(outText): null

25-01-2025T14:47:40 - [TEST_STEP][PASSED] - first = true: null

25-01-2025T14:47:40 - [TEST_STEP][PASSED] - for (def it : tooltips): null

25-01-2025T14:47:40 - [TEST_STEP][PASSED] - myKey = key: null

25-01-2025T14:47:40 - [TEST_STEP][PASSED] - myValue = value: null

25-01-2025T14:47:40 - [TEST_STEP][PASSED] - println("myKey is " + myKey): null

25-01-2025T14:47:40 - [TEST_STEP][PASSED] - println("myValue is " + myValue): null

25-01-2025T14:47:40 - [TEST_STEP][PASSED] - if (myKey != "dummy"): null

25-01-2025T14:47:40 - [TEST_STEP][PASSED] - else: null

25-01-2025T14:47:40 - [TEST_STEP][PASSED] - myImage = "/Users/cckozie/git/MissionNext-Katalon-Koz/images/dummy.png": null

25-01-2025T14:47:40 - [TEST_STEP][PASSED] - f = new java.io.File(myImage): null

25-01-2025T14:47:40 - [TEST_STEP][PASSED] - if (f.exists()): null

25-01-2025T14:47:40 - [TEST_STEP][PASSED] - println("Looking for " + myImage): null

25-01-2025T14:47:40 - [TEST_STEP][PASSED] - icn = Pattern(myImage).similar(0.10): null

25-01-2025T14:47:40 - [TEST_STEP][PASSED] - found = s.exists(icn): null

25-01-2025T14:47:40 - [TEST_STEP][PASSED] - println(found): null

25-01-2025T14:47:40 - [TEST_STEP][PASSED] - if (found != null): null

25-01-2025T14:47:40 - [TEST_STEP][PASSED] - foundStr = found.toString(): null

25-01-2025T14:47:40 - [TEST_STEP][PASSED] - matchP = foundStr.indexOf("%"): null

25-01-2025T14:47:40 - [TEST_STEP][PASSED] - println(matchP): null

25-01-2025T14:47:40 - [TEST_STEP][PASSED] - pct = foundStr.substring(matchP + 1, matchP + 6): null

25-01-2025T14:47:40 - [TEST_STEP][PASSED] - outText = "+++ Tooltip match value for " + myKey + " is " + pct + "%": null

25-01-2025T14:47:40 - [TEST_STEP][PASSED] - pctF = pct.toFloat(): null

25-01-2025T14:47:40 - [TEST_STEP][PASSED] - min = 80: null

25-01-2025T14:47:40 - [TEST_STEP][PASSED] - if (pct.toFloat() < min.toFloat()): null

25-01-2025T14:47:40 - [TEST_STEP][PASSED] - outText = outText + " <<<<": null

25-01-2025T14:47:40 - [TEST_STEP][PASSED] - if (myKey != "dummy"): null

25-01-2025T14:47:40 - [TEST_STEP][PASSED] - myKey = key: null

25-01-2025T14:47:40 - [TEST_STEP][PASSED] - myValue = value: null

25-01-2025T14:47:40 - [TEST_STEP][PASSED] - println("myKey is " + myKey): null

25-01-2025T14:47:40 - [TEST_STEP][PASSED] - println("myValue is " + myValue): null

25-01-2025T14:47:40 - [TEST_STEP][PASSED] - if (myKey != "dummy"): null

25-01-2025T14:47:40 - [TEST_STEP][PASSED] - tObj = testObjectFolder + myValue: null

25-01-2025T14:47:40 - [TEST_STEP][PASSED] - click(tObj): null

25-01-2025T14:47:40 - [TEST_STEP][PASSED] - scrollToObject(object): null

25-01-2025T14:47:40 - [TEST_STEP][PASSED] - println("Converting " + object + " to web element"): null

25-01-2025T14:47:40 - [TEST_STEP][PASSED] - element = findWebElement(findTestObject(object), 1): null

25-01-2025T14:47:40 - [TEST_STEP][PASSED] - loc = element.getLocation(): null

25-01-2025T14:47:40 - [TEST_STEP][PASSED] - y = loc.getY(): null

25-01-2025T14:47:40 - [TEST_STEP][PASSED] - println("Y location is " + y): null

25-01-2025T14:47:40 - [TEST_STEP][PASSED] - top = getViewportTopPosition(): Current viewport's top (y) position is 934

25-01-2025T14:47:40 - [MESSAGE][PASSED] - Current viewport's top (y) position is 934

25-01-2025T14:47:40 - [TEST_STEP][PASSED] - println("Viewport top is " + top): null

25-01-2025T14:47:40 - [TEST_STEP][PASSED] - bottom = top + 600: null

25-01-2025T14:47:40 - [TEST_STEP][PASSED] - if (y - top < 150 || bottom - y < 10): Delayed 1 second(s)

25-01-2025T14:47:40 - [TEST_STEP][PASSED] - scrollToPosition(0, y - 170): Browser is scrolled to position x = 0, y = 345

25-01-2025T14:47:41 - [MESSAGE][PASSED] - Browser is scrolled to position x = 0, y = 345

25-01-2025T14:47:41 - [TEST_STEP][PASSED] - delay(1): Delayed 1 second(s)

25-01-2025T14:47:42 - [MESSAGE][PASSED] - Delayed 1 second(s)

25-01-2025T14:47:42 - [TEST_STEP][PASSED] - click(findTestObject(object)): null

25-01-2025T14:47:42 - [MESSAGE][PASSED] - Object: 'Object Repository/Education partner Profile/Tabs/Contact Info/img_Organization_field-tooltip' is clicked on

25-01-2025T14:47:42 - [TEST_STEP][PASSED] - delay(1): Delayed 1 second(s)

25-01-2025T14:47:43 - [MESSAGE][PASSED] - Delayed 1 second(s)

25-01-2025T14:47:43 - [TEST_STEP][PASSED] - myImage = tooltipImagePath + myKey + ".png": null

25-01-2025T14:47:43 - [TEST_STEP][PASSED] - f = new java.io.File(myImage): null

25-01-2025T14:47:43 - [TEST_STEP][PASSED] - if (f.exists()): null

25-01-2025T14:47:43 - [TEST_STEP][PASSED] - println("Looking for " + myImage): null

25-01-2025T14:47:43 - [TEST_STEP][PASSED] - icn = Pattern(myImage).similar(0.10): null

25-01-2025T14:47:43 - [TEST_STEP][PASSED] - found = s.exists(icn): null

25-01-2025T14:47:43 - [TEST_STEP][PASSED] - println(found): null

25-01-2025T14:47:43 - [TEST_STEP][PASSED] - if (found != null): null

25-01-2025T14:47:43 - [TEST_STEP][PASSED] - foundStr = found.toString(): null

25-01-2025T14:47:43 - [TEST_STEP][PASSED] - matchP = foundStr.indexOf("%"): null

25-01-2025T14:47:43 - [TEST_STEP][PASSED] - println(matchP): null

25-01-2025T14:47:43 - [TEST_STEP][PASSED] - pct = foundStr.substring(matchP + 1, matchP + 6): null

25-01-2025T14:47:43 - [TEST_STEP][PASSED] - outText = "+++ Tooltip match value for " + myKey + " is " + pct + "%": null

25-01-2025T14:47:43 - [TEST_STEP][PASSED] - pctF = pct.toFloat(): null

25-01-2025T14:47:43 - [TEST_STEP][PASSED] - min = 80: null

25-01-2025T14:47:43 - [TEST_STEP][PASSED] - if (pct.toFloat() < min.toFloat()): null

25-01-2025T14:47:43 - [TEST_STEP][PASSED] - if (myKey != "dummy"): null

25-01-2025T14:47:43 - [TEST_STEP][PASSED] - println(outText): null

25-01-2025T14:47:43 - [TEST_STEP][PASSED] - outFile.append(outText + "
"): null

25-01-2025T14:47:43 - [TEST_STEP][PASSED] - myKey = key: null

25-01-2025T14:47:43 - [TEST_STEP][PASSED] - myValue = value: null

25-01-2025T14:47:43 - [TEST_STEP][PASSED] - println("myKey is " + myKey): null

25-01-2025T14:47:43 - [TEST_STEP][PASSED] - println("myValue is " + myValue): null

25-01-2025T14:47:43 - [TEST_STEP][PASSED] - if (myKey != "dummy"): null

25-01-2025T14:47:43 - [TEST_STEP][PASSED] - tObj = testObjectFolder + myValue: null

25-01-2025T14:47:43 - [TEST_STEP][PASSED] - click(tObj): null

25-01-2025T14:47:43 - [TEST_STEP][PASSED] - scrollToObject(object): null

25-01-2025T14:47:43 - [TEST_STEP][PASSED] - println("Converting " + object + " to web element"): null

25-01-2025T14:47:43 - [TEST_STEP][PASSED] - element = findWebElement(findTestObject(object), 1): null

25-01-2025T14:47:43 - [TEST_STEP][PASSED] - loc = element.getLocation(): null

25-01-2025T14:47:43 - [TEST_STEP][PASSED] - y = loc.getY(): null

25-01-2025T14:47:43 - [TEST_STEP][PASSED] - println("Y location is " + y): null

25-01-2025T14:47:43 - [TEST_STEP][PASSED] - top = getViewportTopPosition(): Current viewport's top (y) position is 345

25-01-2025T14:47:43 - [MESSAGE][PASSED] - Current viewport's top (y) position is 345

25-01-2025T14:47:43 - [TEST_STEP][PASSED] - println("Viewport top is " + top): null

25-01-2025T14:47:43 - [TEST_STEP][PASSED] - bottom = top + 600: null

25-01-2025T14:47:43 - [TEST_STEP][PASSED] - if (y - top < 150 || bottom - y < 10): null

25-01-2025T14:47:43 - [TEST_STEP][PASSED] - click(findTestObject(object)): null

25-01-2025T14:47:43 - [MESSAGE][PASSED] - Object: 'Object Repository/Education partner Profile/Tabs/Contact Info/img_Abbreviation_field-tooltip' is clicked on

25-01-2025T14:47:43 - [TEST_STEP][PASSED] - delay(1): Delayed 1 second(s)

25-01-2025T14:47:44 - [MESSAGE][PASSED] - Delayed 1 second(s)

25-01-2025T14:47:44 - [TEST_STEP][PASSED] - myImage = tooltipImagePath + myKey + ".png": null

25-01-2025T14:47:44 - [TEST_STEP][PASSED] - f = new java.io.File(myImage): null

25-01-2025T14:47:44 - [TEST_STEP][PASSED] - if (f.exists()): null

25-01-2025T14:47:44 - [TEST_STEP][PASSED] - println("Looking for " + myImage): null

25-01-2025T14:47:44 - [TEST_STEP][PASSED] - icn = Pattern(myImage).similar(0.10): null

25-01-2025T14:47:44 - [TEST_STEP][PASSED] - found = s.exists(icn): null

25-01-2025T14:47:44 - [TEST_STEP][PASSED] - println(found): null

25-01-2025T14:47:44 - [TEST_STEP][PASSED] - if (found != null): null

25-01-2025T14:47:44 - [TEST_STEP][PASSED] - foundStr = found.toString(): null

25-01-2025T14:47:44 - [TEST_STEP][PASSED] - matchP = foundStr.indexOf("%"): null

25-01-2025T14:47:44 - [TEST_STEP][PASSED] - println(matchP): null

25-01-2025T14:47:44 - [TEST_STEP][PASSED] - pct = foundStr.substring(matchP + 1, matchP + 6): null

25-01-2025T14:47:44 - [TEST_STEP][PASSED] - outText = "+++ Tooltip match value for " + myKey + " is " + pct + "%": null

25-01-2025T14:47:44 - [TEST_STEP][PASSED] - pctF = pct.toFloat(): null

25-01-2025T14:47:44 - [TEST_STEP][PASSED] - min = 80: null

25-01-2025T14:47:44 - [TEST_STEP][PASSED] - if (pct.toFloat() < min.toFloat()): null

25-01-2025T14:47:44 - [TEST_STEP][PASSED] - if (myKey != "dummy"): null

25-01-2025T14:47:44 - [TEST_STEP][PASSED] - println(outText): null

25-01-2025T14:47:44 - [TEST_STEP][PASSED] - outFile.append(outText + "
"): null

25-01-2025T14:47:44 - [TEST_STEP][PASSED] - myKey = key: null

25-01-2025T14:47:44 - [TEST_STEP][PASSED] - myValue = value: null

25-01-2025T14:47:44 - [TEST_STEP][PASSED] - println("myKey is " + myKey): null

25-01-2025T14:47:44 - [TEST_STEP][PASSED] - println("myValue is " + myValue): null

25-01-2025T14:47:44 - [TEST_STEP][PASSED] - if (myKey != "dummy"): null

25-01-2025T14:47:44 - [TEST_STEP][PASSED] - tObj = testObjectFolder + myValue: null

25-01-2025T14:47:44 - [TEST_STEP][PASSED] - click(tObj): null

25-01-2025T14:47:44 - [TEST_STEP][PASSED] - scrollToObject(object): null

25-01-2025T14:47:44 - [TEST_STEP][PASSED] - println("Converting " + object + " to web element"): null

25-01-2025T14:47:44 - [TEST_STEP][PASSED] - element = findWebElement(findTestObject(object), 1): null

25-01-2025T14:47:44 - [TEST_STEP][PASSED] - loc = element.getLocation(): null

25-01-2025T14:47:44 - [TEST_STEP][PASSED] - y = loc.getY(): null

25-01-2025T14:47:44 - [TEST_STEP][PASSED] - println("Y location is " + y): null

25-01-2025T14:47:44 - [TEST_STEP][PASSED] - top = getViewportTopPosition(): Current viewport's top (y) position is 345

25-01-2025T14:47:44 - [MESSAGE][PASSED] - Current viewport's top (y) position is 345

25-01-2025T14:47:44 - [TEST_STEP][PASSED] - println("Viewport top is " + top): null

25-01-2025T14:47:44 - [TEST_STEP][PASSED] - bottom = top + 600: null

25-01-2025T14:47:44 - [TEST_STEP][PASSED] - if (y - top < 150 || bottom - y < 10): null

25-01-2025T14:47:44 - [TEST_STEP][PASSED] - click(findTestObject(object)): null

25-01-2025T14:47:44 - [MESSAGE][PASSED] - Object: 'Object Repository/Education partner Profile/Tabs/Contact Info/img_Key Contact Email_field-tooltip' is clicked on

25-01-2025T14:47:44 - [TEST_STEP][PASSED] - delay(1): Delayed 1 second(s)

25-01-2025T14:47:45 - [MESSAGE][PASSED] - Delayed 1 second(s)

25-01-2025T14:47:45 - [TEST_STEP][PASSED] - myImage = tooltipImagePath + myKey + ".png": null

25-01-2025T14:47:45 - [TEST_STEP][PASSED] - f = new java.io.File(myImage): null

25-01-2025T14:47:45 - [TEST_STEP][PASSED] - if (f.exists()): null

25-01-2025T14:47:45 - [TEST_STEP][PASSED] - println("Looking for " + myImage): null

25-01-2025T14:47:45 - [TEST_STEP][PASSED] - icn = Pattern(myImage).similar(0.10): null

25-01-2025T14:47:45 - [TEST_STEP][PASSED] - found = s.exists(icn): null

25-01-2025T14:47:45 - [TEST_STEP][PASSED] - println(found): null

25-01-2025T14:47:45 - [TEST_STEP][PASSED] - if (found != null): null

25-01-2025T14:47:45 - [TEST_STEP][PASSED] - foundStr = found.toString(): null

25-01-2025T14:47:45 - [TEST_STEP][PASSED] - matchP = foundStr.indexOf("%"): null

25-01-2025T14:47:45 - [TEST_STEP][PASSED] - println(matchP): null

25-01-2025T14:47:45 - [TEST_STEP][PASSED] - pct = foundStr.substring(matchP + 1, matchP + 6): null

25-01-2025T14:47:45 - [TEST_STEP][PASSED] - outText = "+++ Tooltip match value for " + myKey + " is " + pct + "%": null

25-01-2025T14:47:45 - [TEST_STEP][PASSED] - pctF = pct.toFloat(): null

25-01-2025T14:47:45 - [TEST_STEP][PASSED] - min = 80: null

25-01-2025T14:47:45 - [TEST_STEP][PASSED] - if (pct.toFloat() < min.toFloat()): null

25-01-2025T14:47:45 - [TEST_STEP][PASSED] - if (myKey != "dummy"): null

25-01-2025T14:47:45 - [TEST_STEP][PASSED] - println(outText): null

25-01-2025T14:47:45 - [TEST_STEP][PASSED] - outFile.append(outText + "
"): null

25-01-2025T14:47:45 - [TEST_STEP][PASSED] - myKey = key: null

25-01-2025T14:47:45 - [TEST_STEP][PASSED] - myValue = value: null

25-01-2025T14:47:45 - [TEST_STEP][PASSED] - println("myKey is " + myKey): null

25-01-2025T14:47:45 - [TEST_STEP][PASSED] - println("myValue is " + myValue): null

25-01-2025T14:47:45 - [TEST_STEP][PASSED] - if (myKey != "dummy"): null

25-01-2025T14:47:45 - [TEST_STEP][PASSED] - tObj = testObjectFolder + myValue: null

25-01-2025T14:47:45 - [TEST_STEP][PASSED] - click(tObj): null

25-01-2025T14:47:45 - [TEST_STEP][PASSED] - scrollToObject(object): null

25-01-2025T14:47:45 - [TEST_STEP][PASSED] - println("Converting " + object + " to web element"): null

25-01-2025T14:47:45 - [TEST_STEP][PASSED] - element = findWebElement(findTestObject(object), 1): null

25-01-2025T14:47:45 - [TEST_STEP][PASSED] - loc = element.getLocation(): null

25-01-2025T14:47:45 - [TEST_STEP][PASSED] - y = loc.getY(): null

25-01-2025T14:47:45 - [TEST_STEP][PASSED] - println("Y location is " + y): null

25-01-2025T14:47:45 - [TEST_STEP][PASSED] - top = getViewportTopPosition(): Current viewport's top (y) position is 345

25-01-2025T14:47:45 - [MESSAGE][PASSED] - Current viewport's top (y) position is 345

25-01-2025T14:47:45 - [TEST_STEP][PASSED] - println("Viewport top is " + top): null

25-01-2025T14:47:45 - [TEST_STEP][PASSED] - bottom = top + 600: null

25-01-2025T14:47:45 - [TEST_STEP][PASSED] - if (y - top < 150 || bottom - y < 10): null

25-01-2025T14:47:45 - [TEST_STEP][PASSED] - click(findTestObject(object)): null

25-01-2025T14:47:45 - [MESSAGE][PASSED] - Object: 'Object Repository/Education partner Profile/Tabs/Contact Info/img_Mailing Address_field-tooltip' is clicked on

25-01-2025T14:47:45 - [TEST_STEP][PASSED] - delay(1): Delayed 1 second(s)

25-01-2025T14:47:46 - [MESSAGE][PASSED] - Delayed 1 second(s)

25-01-2025T14:47:46 - [TEST_STEP][PASSED] - myImage = tooltipImagePath + myKey + ".png": null

25-01-2025T14:47:46 - [TEST_STEP][PASSED] - f = new java.io.File(myImage): null

25-01-2025T14:47:46 - [TEST_STEP][PASSED] - if (f.exists()): null

25-01-2025T14:47:46 - [TEST_STEP][PASSED] - println("Looking for " + myImage): null

25-01-2025T14:47:46 - [TEST_STEP][PASSED] - icn = Pattern(myImage).similar(0.10): null

25-01-2025T14:47:46 - [TEST_STEP][PASSED] - found = s.exists(icn): null

25-01-2025T14:47:46 - [TEST_STEP][PASSED] - println(found): null

25-01-2025T14:47:46 - [TEST_STEP][PASSED] - if (found != null): null

25-01-2025T14:47:46 - [TEST_STEP][PASSED] - foundStr = found.toString(): null

25-01-2025T14:47:46 - [TEST_STEP][PASSED] - matchP = foundStr.indexOf("%"): null

25-01-2025T14:47:46 - [TEST_STEP][PASSED] - println(matchP): null

25-01-2025T14:47:46 - [TEST_STEP][PASSED] - pct = foundStr.substring(matchP + 1, matchP + 6): null

25-01-2025T14:47:46 - [TEST_STEP][PASSED] - outText = "+++ Tooltip match value for " + myKey + " is " + pct + "%": null

25-01-2025T14:47:46 - [TEST_STEP][PASSED] - pctF = pct.toFloat(): null

25-01-2025T14:47:46 - [TEST_STEP][PASSED] - min = 80: null

25-01-2025T14:47:46 - [TEST_STEP][PASSED] - if (pct.toFloat() < min.toFloat()): null

25-01-2025T14:47:46 - [TEST_STEP][PASSED] - if (myKey != "dummy"): null

25-01-2025T14:47:46 - [TEST_STEP][PASSED] - println(outText): null

25-01-2025T14:47:46 - [TEST_STEP][PASSED] - outFile.append(outText + "
"): null

25-01-2025T14:47:46 - [TEST_STEP][PASSED] - myKey = key: null

25-01-2025T14:47:46 - [TEST_STEP][PASSED] - myValue = value: null

25-01-2025T14:47:46 - [TEST_STEP][PASSED] - println("myKey is " + myKey): null

25-01-2025T14:47:46 - [TEST_STEP][PASSED] - println("myValue is " + myValue): null

25-01-2025T14:47:46 - [TEST_STEP][PASSED] - if (myKey != "dummy"): null

25-01-2025T14:47:46 - [TEST_STEP][PASSED] - tObj = testObjectFolder + myValue: null

25-01-2025T14:47:46 - [TEST_STEP][PASSED] - click(tObj): null

25-01-2025T14:47:46 - [TEST_STEP][PASSED] - scrollToObject(object): null

25-01-2025T14:47:46 - [TEST_STEP][PASSED] - println("Converting " + object + " to web element"): null

25-01-2025T14:47:46 - [TEST_STEP][PASSED] - element = findWebElement(findTestObject(object), 1): null

25-01-2025T14:47:46 - [TEST_STEP][PASSED] - loc = element.getLocation(): null

25-01-2025T14:47:46 - [TEST_STEP][PASSED] - y = loc.getY(): null

25-01-2025T14:47:46 - [TEST_STEP][PASSED] - println("Y location is " + y): null

25-01-2025T14:47:46 - [TEST_STEP][PASSED] - top = getViewportTopPosition(): Current viewport's top (y) position is 345

25-01-2025T14:47:46 - [MESSAGE][PASSED] - Current viewport's top (y) position is 345

25-01-2025T14:47:46 - [TEST_STEP][PASSED] - println("Viewport top is " + top): null

25-01-2025T14:47:46 - [TEST_STEP][PASSED] - bottom = top + 600: null

25-01-2025T14:47:46 - [TEST_STEP][PASSED] - if (y - top < 150 || bottom - y < 10): Delayed 1 second(s)

25-01-2025T14:47:46 - [TEST_STEP][PASSED] - scrollToPosition(0, y - 170): Browser is scrolled to position x = 0, y = 867

25-01-2025T14:47:46 - [MESSAGE][PASSED] - Browser is scrolled to position x = 0, y = 867

25-01-2025T14:47:46 - [TEST_STEP][PASSED] - delay(1): Delayed 1 second(s)

25-01-2025T14:47:47 - [MESSAGE][PASSED] - Delayed 1 second(s)

25-01-2025T14:47:47 - [TEST_STEP][PASSED] - click(findTestObject(object)): null

25-01-2025T14:47:47 - [MESSAGE][PASSED] - Object: 'Object Repository/Education partner Profile/Tabs/Contact Info/img_Organization City_field-tooltip' is clicked on

25-01-2025T14:47:47 - [TEST_STEP][PASSED] - delay(1): Delayed 1 second(s)

25-01-2025T14:47:48 - [MESSAGE][PASSED] - Delayed 1 second(s)

25-01-2025T14:47:48 - [TEST_STEP][PASSED] - myImage = tooltipImagePath + myKey + ".png": null

25-01-2025T14:47:48 - [TEST_STEP][PASSED] - f = new java.io.File(myImage): null

25-01-2025T14:47:48 - [TEST_STEP][PASSED] - if (f.exists()): null

25-01-2025T14:47:48 - [TEST_STEP][PASSED] - println("Looking for " + myImage): null

25-01-2025T14:47:48 - [TEST_STEP][PASSED] - icn = Pattern(myImage).similar(0.10): null

25-01-2025T14:47:48 - [TEST_STEP][PASSED] - found = s.exists(icn): null

25-01-2025T14:47:49 - [TEST_STEP][PASSED] - println(found): null

25-01-2025T14:47:49 - [TEST_STEP][PASSED] - if (found != null): null

25-01-2025T14:47:49 - [TEST_STEP][PASSED] - foundStr = found.toString(): null

25-01-2025T14:47:49 - [TEST_STEP][PASSED] - matchP = foundStr.indexOf("%"): null

25-01-2025T14:47:49 - [TEST_STEP][PASSED] - println(matchP): null

25-01-2025T14:47:49 - [TEST_STEP][PASSED] - pct = foundStr.substring(matchP + 1, matchP + 6): null

25-01-2025T14:47:49 - [TEST_STEP][PASSED] - outText = "+++ Tooltip match value for " + myKey + " is " + pct + "%": null

25-01-2025T14:47:49 - [TEST_STEP][PASSED] - pctF = pct.toFloat(): null

25-01-2025T14:47:49 - [TEST_STEP][PASSED] - min = 80: null

25-01-2025T14:47:49 - [TEST_STEP][PASSED] - if (pct.toFloat() < min.toFloat()): null

25-01-2025T14:47:49 - [TEST_STEP][PASSED] - if (myKey != "dummy"): null

25-01-2025T14:47:49 - [TEST_STEP][PASSED] - println(outText): null

25-01-2025T14:47:49 - [TEST_STEP][PASSED] - outFile.append(outText + "
"): null

25-01-2025T14:47:49 - [TEST_STEP][PASSED] - myKey = key: null

25-01-2025T14:47:49 - [TEST_STEP][PASSED] - myValue = value: null

25-01-2025T14:47:49 - [TEST_STEP][PASSED] - println("myKey is " + myKey): null

25-01-2025T14:47:49 - [TEST_STEP][PASSED] - println("myValue is " + myValue): null

25-01-2025T14:47:49 - [TEST_STEP][PASSED] - if (myKey != "dummy"): null

25-01-2025T14:47:49 - [TEST_STEP][PASSED] - tObj = testObjectFolder + myValue: null

25-01-2025T14:47:49 - [TEST_STEP][PASSED] - click(tObj): null

25-01-2025T14:47:49 - [TEST_STEP][PASSED] - scrollToObject(object): null

25-01-2025T14:47:49 - [TEST_STEP][PASSED] - println("Converting " + object + " to web element"): null

25-01-2025T14:47:49 - [TEST_STEP][PASSED] - element = findWebElement(findTestObject(object), 1): null

25-01-2025T14:47:49 - [TEST_STEP][PASSED] - loc = element.getLocation(): null

25-01-2025T14:47:49 - [TEST_STEP][PASSED] - y = loc.getY(): null

25-01-2025T14:47:49 - [TEST_STEP][PASSED] - println("Y location is " + y): null

25-01-2025T14:47:49 - [TEST_STEP][PASSED] - top = getViewportTopPosition(): Current viewport's top (y) position is 867

25-01-2025T14:47:49 - [MESSAGE][PASSED] - Current viewport's top (y) position is 867

25-01-2025T14:47:49 - [TEST_STEP][PASSED] - println("Viewport top is " + top): null

25-01-2025T14:47:49 - [TEST_STEP][PASSED] - bottom = top + 600: null

25-01-2025T14:47:49 - [TEST_STEP][PASSED] - if (y - top < 150 || bottom - y < 10): null

25-01-2025T14:47:49 - [TEST_STEP][PASSED] - click(findTestObject(object)): null

25-01-2025T14:47:49 - [MESSAGE][PASSED] - Object: 'Object Repository/Education partner Profile/Tabs/Contact Info/img_PostZip Code_field-tooltip' is clicked on

25-01-2025T14:47:49 - [TEST_STEP][PASSED] - delay(1): Delayed 1 second(s)

25-01-2025T14:47:50 - [MESSAGE][PASSED] - Delayed 1 second(s)

25-01-2025T14:47:50 - [TEST_STEP][PASSED] - myImage = tooltipImagePath + myKey + ".png": null

25-01-2025T14:47:50 - [TEST_STEP][PASSED] - f = new java.io.File(myImage): null

25-01-2025T14:47:50 - [TEST_STEP][PASSED] - if (f.exists()): null

25-01-2025T14:47:50 - [TEST_STEP][PASSED] - println("Looking for " + myImage): null

25-01-2025T14:47:50 - [TEST_STEP][PASSED] - icn = Pattern(myImage).similar(0.10): null

25-01-2025T14:47:50 - [TEST_STEP][PASSED] - found = s.exists(icn): null

25-01-2025T14:47:50 - [TEST_STEP][PASSED] - println(found): null

25-01-2025T14:47:50 - [TEST_STEP][PASSED] - if (found != null): null

25-01-2025T14:47:50 - [TEST_STEP][PASSED] - foundStr = found.toString(): null

25-01-2025T14:47:50 - [TEST_STEP][PASSED] - matchP = foundStr.indexOf("%"): null

25-01-2025T14:47:50 - [TEST_STEP][PASSED] - println(matchP): null

25-01-2025T14:47:50 - [TEST_STEP][PASSED] - pct = foundStr.substring(matchP + 1, matchP + 6): null

25-01-2025T14:47:50 - [TEST_STEP][PASSED] - outText = "+++ Tooltip match value for " + myKey + " is " + pct + "%": null

25-01-2025T14:47:50 - [TEST_STEP][PASSED] - pctF = pct.toFloat(): null

25-01-2025T14:47:50 - [TEST_STEP][PASSED] - min = 80: null

25-01-2025T14:47:50 - [TEST_STEP][PASSED] - if (pct.toFloat() < min.toFloat()): null

25-01-2025T14:47:50 - [TEST_STEP][PASSED] - if (myKey != "dummy"): null

25-01-2025T14:47:50 - [TEST_STEP][PASSED] - println(outText): null

25-01-2025T14:47:50 - [TEST_STEP][PASSED] - outFile.append(outText + "
"): null

25-01-2025T14:47:50 - [TEST_STEP][PASSED] - outText = "Verifying the tooltip text on the page is what was expected.
": null

25-01-2025T14:47:50 - [TEST_STEP][PASSED] - outFile.append(outText): null

25-01-2025T14:47:50 - [TEST_STEP][ERROR] - for (def it : tooltipText): Test Cases/_Functions/Test Tooltips FAILED.
Reason:
java.lang.NullPointerException: Cannot invoke method replace() on null object
	at Test Tooltips.run(Test Tooltips:165)
	at com.kms.katalon.core.main.ScriptEngine.run(ScriptEngine.java:194)
	at com.kms.katalon.core.main.ScriptEngine.runScriptAsRawText(ScriptEngine.java:119)
	at com.kms.katalon.core.main.TestCaseExecutor.runScript(TestCaseExecutor.java:448)
	at com.kms.katalon.core.main.TestCaseExecutor.doExecute(TestCaseExecutor.java:439)
	at com.kms.katalon.core.main.TestCaseExecutor.processExecutionPhase(TestCaseExecutor.java:418)
	at com.kms.katalon.core.main.TestCaseExecutor.accessMainPhase(TestCaseExecutor.java:410)
	at com.kms.katalon.core.main.TestCaseExecutor.execute(TestCaseExecutor.java:285)
	at com.kms.katalon.core.main.TestCaseMain.runTestCase(TestCaseMain.java:137)
	at com.kms.katalon.core.keyword.builtin.CallTestCaseKeyword$_callTestCase_closure1.doCall(CallTestCaseKeyword.groovy:59)
	at com.kms.katalon.core.keyword.builtin.CallTestCaseKeyword$_callTestCase_closure1.call(CallTestCaseKeyword.groovy)
	at com.kms.katalon.core.keyword.internal.KeywordMain.runKeyword(KeywordMain.groovy:75)
	at com.kms.katalon.core.keyword.builtin.CallTestCaseKeyword.callTestCase(CallTestCaseKeyword.groovy:81)
	at com.kms.katalon.core.keyword.builtin.CallTestCaseKeyword.execute(CallTestCaseKeyword.groovy:44)
	at com.kms.katalon.core.keyword.internal.KeywordExecutor.executeKeywordForPlatform(KeywordExecutor.groovy:74)
	at com.kms.katalon.core.keyword.BuiltinKeywords.callTestCase(BuiltinKeywords.groovy:310)
	at jdk.internal.reflect.GeneratedMethodAccessor30.invoke(Unknown Source)
	at java.base/jdk.internal.reflect.DelegatingMethodAccessorImpl.invoke(DelegatingMethodAccessorImpl.java:43)
	at Set Contact Info.run(Set Contact Info:79)
	at com.kms.katalon.core.main.ScriptEngine.run(ScriptEngine.java:194)
	at com.kms.katalon.core.main.ScriptEngine.runScriptAsRawText(ScriptEngine.java:119)
	at com.kms.katalon.core.main.TestCaseExecutor.runScript(TestCaseExecutor.java:448)
	at com.kms.katalon.core.main.TestCaseExecutor.doExecute(TestCaseExecutor.java:439)
	at com.kms.katalon.core.main.TestCaseExecutor.processExecutionPhase(TestCaseExecutor.java:418)
	at com.kms.katalon.core.main.TestCaseExecutor.accessMainPhase(TestCaseExecutor.java:410)
	at com.kms.katalon.core.main.TestCaseExecutor.execute(TestCaseExecutor.java:285)
	at com.kms.katalon.core.main.TestCaseMain.runTestCase(TestCaseMain.java:137)
	at com.kms.katalon.core.keyword.builtin.CallTestCaseKeyword$_callTestCase_closure1.doCall(CallTestCaseKeyword.groovy:59)
	at com.kms.katalon.core.keyword.builtin.CallTestCaseKeyword$_callTestCase_closure1.call(CallTestCaseKeyword.groovy)
	at com.kms.katalon.core.keyword.internal.KeywordMain.runKeyword(KeywordMain.groovy:75)
	at com.kms.katalon.core.keyword.builtin.CallTestCaseKeyword.callTestCase(CallTestCaseKeyword.groovy:81)
	at com.kms.katalon.core.keyword.builtin.CallTestCaseKeyword.execute(CallTestCaseKeyword.groovy:44)
	at com.kms.katalon.core.keyword.internal.KeywordExecutor.executeKeywordForPlatform(KeywordExecutor.groovy:74)
	at com.kms.katalon.core.keyword.BuiltinKeywords.callTestCase(BuiltinKeywords.groovy:310)
	at jdk.internal.reflect.GeneratedMethodAccessor30.invoke(Unknown Source)
	at java.base/jdk.internal.reflect.DelegatingMethodAccessorImpl.invoke(DelegatingMethodAccessorImpl.java:43)
	at Complete Education Partner Profile.run(Complete Education Partner Profile:97)
	at com.kms.katalon.core.main.ScriptEngine.run(ScriptEngine.java:194)
	at com.kms.katalon.core.main.ScriptEngine.runScriptAsRawText(ScriptEngine.java:119)
	at com.kms.katalon.core.main.TestCaseExecutor.runScript(TestCaseExecutor.java:448)
	at com.kms.katalon.core.main.TestCaseExecutor.doExecute(TestCaseExecutor.java:439)
	at com.kms.katalon.core.main.TestCaseExecutor.processExecutionPhase(TestCaseExecutor.java:418)
	at com.kms.katalon.core.main.TestCaseExecutor.accessMainPhase(TestCaseExecutor.java:410)
	at com.kms.katalon.core.main.TestCaseExecutor.execute(TestCaseExecutor.java:285)
	at com.kms.katalon.core.main.TestCaseMain.runTestCase(TestCaseMain.java:137)
	at com.kms.katalon.core.keyword.builtin.CallTestCaseKeyword$_callTestCase_closure1.doCall(CallTestCaseKeyword.groovy:59)
	at com.kms.katalon.core.keyword.builtin.CallTestCaseKeyword$_callTestCase_closure1.call(CallTestCaseKeyword.groovy)
	at com.kms.katalon.core.keyword.internal.KeywordMain.runKeyword(KeywordMain.groovy:75)
	at com.kms.katalon.core.keyword.builtin.CallTestCaseKeyword.callTestCase(CallTestCaseKeyword.groovy:81)
	at com.kms.katalon.core.keyword.builtin.CallTestCaseKeyword.execute(CallTestCaseKeyword.groovy:44)
	at com.kms.katalon.core.keyword.internal.KeywordExecutor.executeKeywordForPlatform(KeywordExecutor.groovy:74)
	at com.kms.katalon.core.keyword.BuiltinKeywords.callTestCase(BuiltinKeywords.groovy:310)
	at jdk.internal.reflect.GeneratedMethodAccessor30.invoke(Unknown Source)
	at java.base/jdk.internal.reflect.DelegatingMethodAccessorImpl.invoke(DelegatingMethodAccessorImpl.java:43)
	at Register Education Partner.run(Register Education Partner:401)
	at com.kms.katalon.core.main.ScriptEngine.run(ScriptEngine.java:194)
	at com.kms.katalon.core.main.ScriptEngine.runScriptAsRawText(ScriptEngine.java:119)
	at com.kms.katalon.core.main.TestCaseExecutor.runScript(TestCaseExecutor.java:448)
	at com.kms.katalon.core.main.TestCaseExecutor.doExecute(TestCaseExecutor.java:439)
	at com.kms.katalon.core.main.TestCaseExecutor.processExecutionPhase(TestCaseExecutor.java:418)
	at com.kms.katalon.core.main.TestCaseExecutor.accessMainPhase(TestCaseExecutor.java:410)
	at com.kms.katalon.core.main.TestCaseExecutor.execute(TestCaseExecutor.java:285)
	at com.kms.katalon.core.common.CommonExecutor.accessTestCaseMainPhase(CommonExecutor.java:65)
	at com.kms.katalon.core.main.TestSuiteExecutor.accessTestSuiteMainPhase(TestSuiteExecutor.java:150)
	at com.kms.katalon.core.main.TestSuiteExecutor.execute(TestSuiteExecutor.java:106)
	at com.kms.katalon.core.main.TestCaseMain.startTestSuite(TestCaseMain.java:180)
	at TempTestSuite1737837875715.run(TempTestSuite1737837875715.groovy:35)
	at java.base/jdk.internal.reflect.NativeMethodAccessorImpl.invoke0(Native Method)
	at java.base/jdk.internal.reflect.NativeMethodAccessorImpl.invoke(NativeMethodAccessorImpl.java:77)
	at java.base/jdk.internal.reflect.DelegatingMethodAccessorImpl.invoke(DelegatingMethodAccessorImpl.java:43)


25-01-2025T14:47:50 - [TEST_STEP][PASSED] - println(it): null

25-01-2025T14:47:50 - [TEST_STEP][PASSED] - myKey = key: null

25-01-2025T14:47:50 - [TEST_STEP][PASSED] - myText = value.replace(""", ""): null

25-01-2025T14:47:50 - [TEST_STEP][PASSED] - myText = myText.trim(): null

25-01-2025T14:47:50 - [TEST_STEP][PASSED] - actualText = get(myKey).replace(""", ""): null

25-01-2025T14:47:50 - [TEST_STEP][PASSED] - actualText = actualText.trim(): null

25-01-2025T14:47:50 - [TEST_STEP][PASSED] - println(myKey + ":" + actualText): null

25-01-2025T14:47:50 - [TEST_STEP][PASSED] - if (actualText != myText): null

25-01-2025T14:47:50 - [TEST_STEP][PASSED] - println(it): null

25-01-2025T14:47:50 - [TEST_STEP][PASSED] - myKey = key: null

25-01-2025T14:47:50 - [TEST_STEP][PASSED] - myText = value.replace(""", ""): null

25-01-2025T14:47:50 - [TEST_STEP][PASSED] - myText = myText.trim(): null

25-01-2025T14:47:50 - [TEST_STEP][PASSED] - actualText = get(myKey).replace(""", ""): null

25-01-2025T14:47:50 - [TEST_STEP][PASSED] - actualText = actualText.trim(): null

25-01-2025T14:47:50 - [TEST_STEP][PASSED] - println(myKey + ":" + actualText): null

25-01-2025T14:47:50 - [TEST_STEP][PASSED] - if (actualText != myText): null

25-01-2025T14:47:50 - [TEST_STEP][PASSED] - println(it): null

25-01-2025T14:47:50 - [TEST_STEP][PASSED] - myKey = key: null

25-01-2025T14:47:50 - [TEST_STEP][PASSED] - myText = value.replace(""", ""): null

25-01-2025T14:47:50 - [TEST_STEP][PASSED] - myText = myText.trim(): null

25-01-2025T14:47:50 - [TEST_STEP][PASSED] - actualText = get(myKey).replace(""", ""): null

25-01-2025T14:47:50 - [TEST_STEP][PASSED] - actualText = actualText.trim(): null

25-01-2025T14:47:50 - [TEST_STEP][PASSED] - println(myKey + ":" + actualText): null

25-01-2025T14:47:50 - [TEST_STEP][PASSED] - if (actualText != myText): null

25-01-2025T14:47:50 - [TEST_STEP][PASSED] - println(it): null

25-01-2025T14:47:50 - [TEST_STEP][PASSED] - myKey = key: null

25-01-2025T14:47:50 - [TEST_STEP][PASSED] - myText = value.replace(""", ""): null

25-01-2025T14:47:50 - [TEST_STEP][PASSED] - myText = myText.trim(): null

25-01-2025T14:47:50 - [TEST_STEP][PASSED] - actualText = get(myKey).replace(""", ""): null

25-01-2025T14:47:50 - [TEST_STEP][PASSED] - actualText = actualText.trim(): null

25-01-2025T14:47:50 - [TEST_STEP][PASSED] - println(myKey + ":" + actualText): null

25-01-2025T14:47:50 - [TEST_STEP][PASSED] - if (actualText != myText): null

25-01-2025T14:47:50 - [TEST_STEP][PASSED] - println(it): null

25-01-2025T14:47:50 - [TEST_STEP][PASSED] - myKey = key: null

25-01-2025T14:47:50 - [TEST_STEP][PASSED] - myText = value.replace(""", ""): null

25-01-2025T14:47:50 - [TEST_STEP][PASSED] - myText = myText.trim(): null

25-01-2025T14:47:50 - [TEST_STEP][PASSED] - actualText = get(myKey).replace(""", ""): null

25-01-2025T14:47:50 - [TEST_STEP][PASSED] - actualText = actualText.trim(): null

25-01-2025T14:47:50 - [TEST_STEP][PASSED] - println(myKey + ":" + actualText): null

25-01-2025T14:47:50 - [TEST_STEP][PASSED] - if (actualText != myText): null

25-01-2025T14:47:50 - [TEST_STEP][PASSED] - println(it): null

25-01-2025T14:47:50 - [TEST_STEP][PASSED] - myKey = key: null

25-01-2025T14:47:50 - [TEST_STEP][PASSED] - myText = value.replace(""", ""): null

25-01-2025T14:47:50 - [TEST_STEP][PASSED] - myText = myText.trim(): null

25-01-2025T14:47:50 - [TEST_STEP][ERROR] - actualText = get(myKey).replace(""", ""): Test Cases/_Functions/Test Tooltips FAILED.
Reason:
java.lang.NullPointerException: Cannot invoke method replace() on null object
	at Test Tooltips.run(Test Tooltips:165)
	at com.kms.katalon.core.main.ScriptEngine.run(ScriptEngine.java:194)
	at com.kms.katalon.core.main.ScriptEngine.runScriptAsRawText(ScriptEngine.java:119)
	at com.kms.katalon.core.main.TestCaseExecutor.runScript(TestCaseExecutor.java:448)
	at com.kms.katalon.core.main.TestCaseExecutor.doExecute(TestCaseExecutor.java:439)
	at com.kms.katalon.core.main.TestCaseExecutor.processExecutionPhase(TestCaseExecutor.java:418)
	at com.kms.katalon.core.main.TestCaseExecutor.accessMainPhase(TestCaseExecutor.java:410)
	at com.kms.katalon.core.main.TestCaseExecutor.execute(TestCaseExecutor.java:285)
	at com.kms.katalon.core.main.TestCaseMain.runTestCase(TestCaseMain.java:137)
	at com.kms.katalon.core.keyword.builtin.CallTestCaseKeyword$_callTestCase_closure1.doCall(CallTestCaseKeyword.groovy:59)
	at com.kms.katalon.core.keyword.builtin.CallTestCaseKeyword$_callTestCase_closure1.call(CallTestCaseKeyword.groovy)
	at com.kms.katalon.core.keyword.internal.KeywordMain.runKeyword(KeywordMain.groovy:75)
	at com.kms.katalon.core.keyword.builtin.CallTestCaseKeyword.callTestCase(CallTestCaseKeyword.groovy:81)
	at com.kms.katalon.core.keyword.builtin.CallTestCaseKeyword.execute(CallTestCaseKeyword.groovy:44)
	at com.kms.katalon.core.keyword.internal.KeywordExecutor.executeKeywordForPlatform(KeywordExecutor.groovy:74)
	at com.kms.katalon.core.keyword.BuiltinKeywords.callTestCase(BuiltinKeywords.groovy:310)
	at jdk.internal.reflect.GeneratedMethodAccessor30.invoke(Unknown Source)
	at java.base/jdk.internal.reflect.DelegatingMethodAccessorImpl.invoke(DelegatingMethodAccessorImpl.java:43)
	at Set Contact Info.run(Set Contact Info:79)
	at com.kms.katalon.core.main.ScriptEngine.run(ScriptEngine.java:194)
	at com.kms.katalon.core.main.ScriptEngine.runScriptAsRawText(ScriptEngine.java:119)
	at com.kms.katalon.core.main.TestCaseExecutor.runScript(TestCaseExecutor.java:448)
	at com.kms.katalon.core.main.TestCaseExecutor.doExecute(TestCaseExecutor.java:439)
	at com.kms.katalon.core.main.TestCaseExecutor.processExecutionPhase(TestCaseExecutor.java:418)
	at com.kms.katalon.core.main.TestCaseExecutor.accessMainPhase(TestCaseExecutor.java:410)
	at com.kms.katalon.core.main.TestCaseExecutor.execute(TestCaseExecutor.java:285)
	at com.kms.katalon.core.main.TestCaseMain.runTestCase(TestCaseMain.java:137)
	at com.kms.katalon.core.keyword.builtin.CallTestCaseKeyword$_callTestCase_closure1.doCall(CallTestCaseKeyword.groovy:59)
	at com.kms.katalon.core.keyword.builtin.CallTestCaseKeyword$_callTestCase_closure1.call(CallTestCaseKeyword.groovy)
	at com.kms.katalon.core.keyword.internal.KeywordMain.runKeyword(KeywordMain.groovy:75)
	at com.kms.katalon.core.keyword.builtin.CallTestCaseKeyword.callTestCase(CallTestCaseKeyword.groovy:81)
	at com.kms.katalon.core.keyword.builtin.CallTestCaseKeyword.execute(CallTestCaseKeyword.groovy:44)
	at com.kms.katalon.core.keyword.internal.KeywordExecutor.executeKeywordForPlatform(KeywordExecutor.groovy:74)
	at com.kms.katalon.core.keyword.BuiltinKeywords.callTestCase(BuiltinKeywords.groovy:310)
	at jdk.internal.reflect.GeneratedMethodAccessor30.invoke(Unknown Source)
	at java.base/jdk.internal.reflect.DelegatingMethodAccessorImpl.invoke(DelegatingMethodAccessorImpl.java:43)
	at Complete Education Partner Profile.run(Complete Education Partner Profile:97)
	at com.kms.katalon.core.main.ScriptEngine.run(ScriptEngine.java:194)
	at com.kms.katalon.core.main.ScriptEngine.runScriptAsRawText(ScriptEngine.java:119)
	at com.kms.katalon.core.main.TestCaseExecutor.runScript(TestCaseExecutor.java:448)
	at com.kms.katalon.core.main.TestCaseExecutor.doExecute(TestCaseExecutor.java:439)
	at com.kms.katalon.core.main.TestCaseExecutor.processExecutionPhase(TestCaseExecutor.java:418)
	at com.kms.katalon.core.main.TestCaseExecutor.accessMainPhase(TestCaseExecutor.java:410)
	at com.kms.katalon.core.main.TestCaseExecutor.execute(TestCaseExecutor.java:285)
	at com.kms.katalon.core.main.TestCaseMain.runTestCase(TestCaseMain.java:137)
	at com.kms.katalon.core.keyword.builtin.CallTestCaseKeyword$_callTestCase_closure1.doCall(CallTestCaseKeyword.groovy:59)
	at com.kms.katalon.core.keyword.builtin.CallTestCaseKeyword$_callTestCase_closure1.call(CallTestCaseKeyword.groovy)
	at com.kms.katalon.core.keyword.internal.KeywordMain.runKeyword(KeywordMain.groovy:75)
	at com.kms.katalon.core.keyword.builtin.CallTestCaseKeyword.callTestCase(CallTestCaseKeyword.groovy:81)
	at com.kms.katalon.core.keyword.builtin.CallTestCaseKeyword.execute(CallTestCaseKeyword.groovy:44)
	at com.kms.katalon.core.keyword.internal.KeywordExecutor.executeKeywordForPlatform(KeywordExecutor.groovy:74)
	at com.kms.katalon.core.keyword.BuiltinKeywords.callTestCase(BuiltinKeywords.groovy:310)
	at jdk.internal.reflect.GeneratedMethodAccessor30.invoke(Unknown Source)
	at java.base/jdk.internal.reflect.DelegatingMethodAccessorImpl.invoke(DelegatingMethodAccessorImpl.java:43)
	at Register Education Partner.run(Register Education Partner:401)
	at com.kms.katalon.core.main.ScriptEngine.run(ScriptEngine.java:194)
	at com.kms.katalon.core.main.ScriptEngine.runScriptAsRawText(ScriptEngine.java:119)
	at com.kms.katalon.core.main.TestCaseExecutor.runScript(TestCaseExecutor.java:448)
	at com.kms.katalon.core.main.TestCaseExecutor.doExecute(TestCaseExecutor.java:439)
	at com.kms.katalon.core.main.TestCaseExecutor.processExecutionPhase(TestCaseExecutor.java:418)
	at com.kms.katalon.core.main.TestCaseExecutor.accessMainPhase(TestCaseExecutor.java:410)
	at com.kms.katalon.core.main.TestCaseExecutor.execute(TestCaseExecutor.java:285)
	at com.kms.katalon.core.common.CommonExecutor.accessTestCaseMainPhase(CommonExecutor.java:65)
	at com.kms.katalon.core.main.TestSuiteExecutor.accessTestSuiteMainPhase(TestSuiteExecutor.java:150)
	at com.kms.katalon.core.main.TestSuiteExecutor.execute(TestSuiteExecutor.java:106)
	at com.kms.katalon.core.main.TestCaseMain.startTestSuite(TestCaseMain.java:180)
	at TempTestSuite1737837875715.run(TempTestSuite1737837875715.groovy:35)
	at java.base/jdk.internal.reflect.NativeMethodAccessorImpl.invoke0(Native Method)
	at java.base/jdk.internal.reflect.NativeMethodAccessorImpl.invoke(NativeMethodAccessorImpl.java:77)
	at java.base/jdk.internal.reflect.DelegatingMethodAccessorImpl.invoke(DelegatingMethodAccessorImpl.java:43)


25-01-2025T14:47:50 - [MESSAGE][ERROR] - Test Cases/_Functions/Test Tooltips FAILED.
Reason:
java.lang.NullPointerException: Cannot invoke method replace() on null object
	at Test Tooltips.run(Test Tooltips:165)
	at com.kms.katalon.core.main.ScriptEngine.run(ScriptEngine.java:194)
	at com.kms.katalon.core.main.ScriptEngine.runScriptAsRawText(ScriptEngine.java:119)
	at com.kms.katalon.core.main.TestCaseExecutor.runScript(TestCaseExecutor.java:448)
	at com.kms.katalon.core.main.TestCaseExecutor.doExecute(TestCaseExecutor.java:439)
	at com.kms.katalon.core.main.TestCaseExecutor.processExecutionPhase(TestCaseExecutor.java:418)
	at com.kms.katalon.core.main.TestCaseExecutor.accessMainPhase(TestCaseExecutor.java:410)
	at com.kms.katalon.core.main.TestCaseExecutor.execute(TestCaseExecutor.java:285)
	at com.kms.katalon.core.main.TestCaseMain.runTestCase(TestCaseMain.java:137)
	at com.kms.katalon.core.keyword.builtin.CallTestCaseKeyword$_callTestCase_closure1.doCall(CallTestCaseKeyword.groovy:59)
	at com.kms.katalon.core.keyword.builtin.CallTestCaseKeyword$_callTestCase_closure1.call(CallTestCaseKeyword.groovy)
	at com.kms.katalon.core.keyword.internal.KeywordMain.runKeyword(KeywordMain.groovy:75)
	at com.kms.katalon.core.keyword.builtin.CallTestCaseKeyword.callTestCase(CallTestCaseKeyword.groovy:81)
	at com.kms.katalon.core.keyword.builtin.CallTestCaseKeyword.execute(CallTestCaseKeyword.groovy:44)
	at com.kms.katalon.core.keyword.internal.KeywordExecutor.executeKeywordForPlatform(KeywordExecutor.groovy:74)
	at com.kms.katalon.core.keyword.BuiltinKeywords.callTestCase(BuiltinKeywords.groovy:310)
	at jdk.internal.reflect.GeneratedMethodAccessor30.invoke(Unknown Source)
	at java.base/jdk.internal.reflect.DelegatingMethodAccessorImpl.invoke(DelegatingMethodAccessorImpl.java:43)
	at Set Contact Info.run(Set Contact Info:79)
	at com.kms.katalon.core.main.ScriptEngine.run(ScriptEngine.java:194)
	at com.kms.katalon.core.main.ScriptEngine.runScriptAsRawText(ScriptEngine.java:119)
	at com.kms.katalon.core.main.TestCaseExecutor.runScript(TestCaseExecutor.java:448)
	at com.kms.katalon.core.main.TestCaseExecutor.doExecute(TestCaseExecutor.java:439)
	at com.kms.katalon.core.main.TestCaseExecutor.processExecutionPhase(TestCaseExecutor.java:418)
	at com.kms.katalon.core.main.TestCaseExecutor.accessMainPhase(TestCaseExecutor.java:410)
	at com.kms.katalon.core.main.TestCaseExecutor.execute(TestCaseExecutor.java:285)
	at com.kms.katalon.core.main.TestCaseMain.runTestCase(TestCaseMain.java:137)
	at com.kms.katalon.core.keyword.builtin.CallTestCaseKeyword$_callTestCase_closure1.doCall(CallTestCaseKeyword.groovy:59)
	at com.kms.katalon.core.keyword.builtin.CallTestCaseKeyword$_callTestCase_closure1.call(CallTestCaseKeyword.groovy)
	at com.kms.katalon.core.keyword.internal.KeywordMain.runKeyword(KeywordMain.groovy:75)
	at com.kms.katalon.core.keyword.builtin.CallTestCaseKeyword.callTestCase(CallTestCaseKeyword.groovy:81)
	at com.kms.katalon.core.keyword.builtin.CallTestCaseKeyword.execute(CallTestCaseKeyword.groovy:44)
	at com.kms.katalon.core.keyword.internal.KeywordExecutor.executeKeywordForPlatform(KeywordExecutor.groovy:74)
	at com.kms.katalon.core.keyword.BuiltinKeywords.callTestCase(BuiltinKeywords.groovy:310)
	at jdk.internal.reflect.GeneratedMethodAccessor30.invoke(Unknown Source)
	at java.base/jdk.internal.reflect.DelegatingMethodAccessorImpl.invoke(DelegatingMethodAccessorImpl.java:43)
	at Complete Education Partner Profile.run(Complete Education Partner Profile:97)
	at com.kms.katalon.core.main.ScriptEngine.run(ScriptEngine.java:194)
	at com.kms.katalon.core.main.ScriptEngine.runScriptAsRawText(ScriptEngine.java:119)
	at com.kms.katalon.core.main.TestCaseExecutor.runScript(TestCaseExecutor.java:448)
	at com.kms.katalon.core.main.TestCaseExecutor.doExecute(TestCaseExecutor.java:439)
	at com.kms.katalon.core.main.TestCaseExecutor.processExecutionPhase(TestCaseExecutor.java:418)
	at com.kms.katalon.core.main.TestCaseExecutor.accessMainPhase(TestCaseExecutor.java:410)
	at com.kms.katalon.core.main.TestCaseExecutor.execute(TestCaseExecutor.java:285)
	at com.kms.katalon.core.main.TestCaseMain.runTestCase(TestCaseMain.java:137)
	at com.kms.katalon.core.keyword.builtin.CallTestCaseKeyword$_callTestCase_closure1.doCall(CallTestCaseKeyword.groovy:59)
	at com.kms.katalon.core.keyword.builtin.CallTestCaseKeyword$_callTestCase_closure1.call(CallTestCaseKeyword.groovy)
	at com.kms.katalon.core.keyword.internal.KeywordMain.runKeyword(KeywordMain.groovy:75)
	at com.kms.katalon.core.keyword.builtin.CallTestCaseKeyword.callTestCase(CallTestCaseKeyword.groovy:81)
	at com.kms.katalon.core.keyword.builtin.CallTestCaseKeyword.execute(CallTestCaseKeyword.groovy:44)
	at com.kms.katalon.core.keyword.internal.KeywordExecutor.executeKeywordForPlatform(KeywordExecutor.groovy:74)
	at com.kms.katalon.core.keyword.BuiltinKeywords.callTestCase(BuiltinKeywords.groovy:310)
	at jdk.internal.reflect.GeneratedMethodAccessor30.invoke(Unknown Source)
	at java.base/jdk.internal.reflect.DelegatingMethodAccessorImpl.invoke(DelegatingMethodAccessorImpl.java:43)
	at Register Education Partner.run(Register Education Partner:401)
	at com.kms.katalon.core.main.ScriptEngine.run(ScriptEngine.java:194)
	at com.kms.katalon.core.main.ScriptEngine.runScriptAsRawText(ScriptEngine.java:119)
	at com.kms.katalon.core.main.TestCaseExecutor.runScript(TestCaseExecutor.java:448)
	at com.kms.katalon.core.main.TestCaseExecutor.doExecute(TestCaseExecutor.java:439)
	at com.kms.katalon.core.main.TestCaseExecutor.processExecutionPhase(TestCaseExecutor.java:418)
	at com.kms.katalon.core.main.TestCaseExecutor.accessMainPhase(TestCaseExecutor.java:410)
	at com.kms.katalon.core.main.TestCaseExecutor.execute(TestCaseExecutor.java:285)
	at com.kms.katalon.core.common.CommonExecutor.accessTestCaseMainPhase(CommonExecutor.java:65)
	at com.kms.katalon.core.main.TestSuiteExecutor.accessTestSuiteMainPhase(TestSuiteExecutor.java:150)
	at com.kms.katalon.core.main.TestSuiteExecutor.execute(TestSuiteExecutor.java:106)
	at com.kms.katalon.core.main.TestCaseMain.startTestSuite(TestCaseMain.java:180)
	at TempTestSuite1737837875715.run(TempTestSuite1737837875715.groovy:35)
	at java.base/jdk.internal.reflect.NativeMethodAccessorImpl.invoke0(Native Method)
	at java.base/jdk.internal.reflect.NativeMethodAccessorImpl.invoke(NativeMethodAccessorImpl.java:77)
	at java.base/jdk.internal.reflect.DelegatingMethodAccessorImpl.invoke(DelegatingMethodAccessorImpl.java:43)


25-01-2025T14:47:50 - [MESSAGE][WARNING] - Unable to call Test Case 'Test Cases/_Functions/Test Tooltips' (Root cause: com.kms.katalon.core.exception.StepErrorException: Call Test Case 'Test Cases/_Functions/Test Tooltips' failed because of error(s)
	at com.kms.katalon.core.keyword.builtin.CallTestCaseKeyword$_callTestCase_closure1.doCall(CallTestCaseKeyword.groovy:66)
	at com.kms.katalon.core.keyword.builtin.CallTestCaseKeyword$_callTestCase_closure1.call(CallTestCaseKeyword.groovy)
	at com.kms.katalon.core.keyword.internal.KeywordMain.runKeyword(KeywordMain.groovy:75)
	at com.kms.katalon.core.keyword.builtin.CallTestCaseKeyword.callTestCase(CallTestCaseKeyword.groovy:81)
	at com.kms.katalon.core.keyword.builtin.CallTestCaseKeyword.execute(CallTestCaseKeyword.groovy:44)
	at com.kms.katalon.core.keyword.internal.KeywordExecutor.executeKeywordForPlatform(KeywordExecutor.groovy:74)
	at com.kms.katalon.core.keyword.BuiltinKeywords.callTestCase(BuiltinKeywords.groovy:310)
	at jdk.internal.reflect.GeneratedMethodAccessor30.invoke(Unknown Source)
	at java.base/jdk.internal.reflect.DelegatingMethodAccessorImpl.invoke(DelegatingMethodAccessorImpl.java:43)
	at Set Contact Info.run(Set Contact Info:79)
	at com.kms.katalon.core.main.ScriptEngine.run(ScriptEngine.java:194)
	at com.kms.katalon.core.main.ScriptEngine.runScriptAsRawText(ScriptEngine.java:119)
	at com.kms.katalon.core.main.TestCaseExecutor.runScript(TestCaseExecutor.java:448)
	at com.kms.katalon.core.main.TestCaseExecutor.doExecute(TestCaseExecutor.java:439)
	at com.kms.katalon.core.main.TestCaseExecutor.processExecutionPhase(TestCaseExecutor.java:418)
	at com.kms.katalon.core.main.TestCaseExecutor.accessMainPhase(TestCaseExecutor.java:410)
	at com.kms.katalon.core.main.TestCaseExecutor.execute(TestCaseExecutor.java:285)
	at com.kms.katalon.core.main.TestCaseMain.runTestCase(TestCaseMain.java:137)
	at com.kms.katalon.core.keyword.builtin.CallTestCaseKeyword$_callTestCase_closure1.doCall(CallTestCaseKeyword.groovy:59)
	at com.kms.katalon.core.keyword.builtin.CallTestCaseKeyword$_callTestCase_closure1.call(CallTestCaseKeyword.groovy)
	at com.kms.katalon.core.keyword.internal.KeywordMain.runKeyword(KeywordMain.groovy:75)
	at com.kms.katalon.core.keyword.builtin.CallTestCaseKeyword.callTestCase(CallTestCaseKeyword.groovy:81)
	at com.kms.katalon.core.keyword.builtin.CallTestCaseKeyword.execute(CallTestCaseKeyword.groovy:44)
	at com.kms.katalon.core.keyword.internal.KeywordExecutor.executeKeywordForPlatform(KeywordExecutor.groovy:74)
	at com.kms.katalon.core.keyword.BuiltinKeywords.callTestCase(BuiltinKeywords.groovy:310)
	at jdk.internal.reflect.GeneratedMethodAccessor30.invoke(Unknown Source)
	at java.base/jdk.internal.reflect.DelegatingMethodAccessorImpl.invoke(DelegatingMethodAccessorImpl.java:43)
	at Complete Education Partner Profile.run(Complete Education Partner Profile:97)
	at com.kms.katalon.core.main.ScriptEngine.run(ScriptEngine.java:194)
	at com.kms.katalon.core.main.ScriptEngine.runScriptAsRawText(ScriptEngine.java:119)
	at com.kms.katalon.core.main.TestCaseExecutor.runScript(TestCaseExecutor.java:448)
	at com.kms.katalon.core.main.TestCaseExecutor.doExecute(TestCaseExecutor.java:439)
	at com.kms.katalon.core.main.TestCaseExecutor.processExecutionPhase(TestCaseExecutor.java:418)
	at com.kms.katalon.core.main.TestCaseExecutor.accessMainPhase(TestCaseExecutor.java:410)
	at com.kms.katalon.core.main.TestCaseExecutor.execute(TestCaseExecutor.java:285)
	at com.kms.katalon.core.main.TestCaseMain.runTestCase(TestCaseMain.java:137)
	at com.kms.katalon.core.keyword.builtin.CallTestCaseKeyword$_callTestCase_closure1.doCall(CallTestCaseKeyword.groovy:59)
	at com.kms.katalon.core.keyword.builtin.CallTestCaseKeyword$_callTestCase_closure1.call(CallTestCaseKeyword.groovy)
	at com.kms.katalon.core.keyword.internal.KeywordMain.runKeyword(KeywordMain.groovy:75)
	at com.kms.katalon.core.keyword.builtin.CallTestCaseKeyword.callTestCase(CallTestCaseKeyword.groovy:81)
	at com.kms.katalon.core.keyword.builtin.CallTestCaseKeyword.execute(CallTestCaseKeyword.groovy:44)
	at com.kms.katalon.core.keyword.internal.KeywordExecutor.executeKeywordForPlatform(KeywordExecutor.groovy:74)
	at com.kms.katalon.core.keyword.BuiltinKeywords.callTestCase(BuiltinKeywords.groovy:310)
	at jdk.internal.reflect.GeneratedMethodAccessor30.invoke(Unknown Source)
	at java.base/jdk.internal.reflect.DelegatingMethodAccessorImpl.invoke(DelegatingMethodAccessorImpl.java:43)
	at Register Education Partner.run(Register Education Partner:401)
	at com.kms.katalon.core.main.ScriptEngine.run(ScriptEngine.java:194)
	at com.kms.katalon.core.main.ScriptEngine.runScriptAsRawText(ScriptEngine.java:119)
	at com.kms.katalon.core.main.TestCaseExecutor.runScript(TestCaseExecutor.java:448)
	at com.kms.katalon.core.main.TestCaseExecutor.doExecute(TestCaseExecutor.java:439)
	at com.kms.katalon.core.main.TestCaseExecutor.processExecutionPhase(TestCaseExecutor.java:418)
	at com.kms.katalon.core.main.TestCaseExecutor.accessMainPhase(TestCaseExecutor.java:410)
	at com.kms.katalon.core.main.TestCaseExecutor.execute(TestCaseExecutor.java:285)
	at com.kms.katalon.core.common.CommonExecutor.accessTestCaseMainPhase(CommonExecutor.java:65)
	at com.kms.katalon.core.main.TestSuiteExecutor.accessTestSuiteMainPhase(TestSuiteExecutor.java:150)
	at com.kms.katalon.core.main.TestSuiteExecutor.execute(TestSuiteExecutor.java:106)
	at com.kms.katalon.core.main.TestCaseMain.startTestSuite(TestCaseMain.java:180)
	at TempTestSuite1737837875715.run(TempTestSuite1737837875715.groovy:35)
	at java.base/jdk.internal.reflect.NativeMethodAccessorImpl.invoke0(Native Method)
	at java.base/jdk.internal.reflect.NativeMethodAccessorImpl.invoke(NativeMethodAccessorImpl.java:77)
	at java.base/jdk.internal.reflect.DelegatingMethodAccessorImpl.invoke(DelegatingMethodAccessorImpl.java:43)
Caused by: java.lang.NullPointerException: Cannot invoke method replace() on null object
	at Test Tooltips.run(Test Tooltips:165)
	at com.kms.katalon.core.main.ScriptEngine.run(ScriptEngine.java:194)
	at com.kms.katalon.core.main.ScriptEngine.runScriptAsRawText(ScriptEngine.java:119)
	at com.kms.katalon.core.main.TestCaseExecutor.runScript(TestCaseExecutor.java:448)
	at com.kms.katalon.core.main.TestCaseExecutor.doExecute(TestCaseExecutor.java:439)
	at com.kms.katalon.core.main.TestCaseExecutor.processExecutionPhase(TestCaseExecutor.java:418)
	at com.kms.katalon.core.main.TestCaseExecutor.accessMainPhase(TestCaseExecutor.java:410)
	at com.kms.katalon.core.main.TestCaseExecutor.execute(TestCaseExecutor.java:285)
	at com.kms.katalon.core.main.TestCaseMain.runTestCase(TestCaseMain.java:137)
	at com.kms.katalon.core.keyword.builtin.CallTestCaseKeyword$_callTestCase_closure1.doCall(CallTestCaseKeyword.groovy:59)
	... 60 more
)

25-01-2025T14:47:50 - [TEST_STEP][PASSED] - outText = "Verifying the required field messages.
": null

25-01-2025T14:47:50 - [TEST_STEP][PASSED] - outFile.append(outText): null

25-01-2025T14:47:50 - [TEST_STEP][PASSED] - fieldList = []: null

25-01-2025T14:47:50 - [TEST_STEP][PASSED] - requiredFieldMsgs.each({ -> ... }): null

25-01-2025T14:47:50 - [TEST_STEP][PASSED] - callTestCase(findTestCase("_Functions/Test Field Error Messages"), ["varFieldList":fieldList, "varRequiredFieldMsgs":requiredFieldMsgs], STOP_ON_FAILURE): Call Test Case 'Test Cases/_Functions/Test Field Error Messages' successfully

25-01-2025T14:47:50 - [TEST_CASE][PASSED] - Test Cases/_Functions/Test Field Error Messages: Test Cases/_Functions/Test Field Error Messages

25-01-2025T14:47:50 - [TEST_STEP][PASSED] - count = callTestCase(findTestCase("_Functions/Find error messages"), ["varFunction":"count"], STOP_ON_FAILURE): Call Test Case 'Test Cases/_Functions/Find error messages' successfully

25-01-2025T14:47:50 - [TEST_CASE][PASSED] - Test Cases/_Functions/Find error messages: Test Cases/_Functions/Find error messages

25-01-2025T14:47:50 - [TEST_STEP][PASSED] - function = "count": null

25-01-2025T14:47:50 - [TEST_STEP][PASSED] - if (binding.hasVariable("varFunction")): null

25-01-2025T14:47:50 - [TEST_STEP][PASSED] - function = varFunction: null

25-01-2025T14:47:50 - [TEST_STEP][PASSED] - title = getWindowTitle(): Current window's title is: 'Education'

25-01-2025T14:47:50 - [MESSAGE][PASSED] - Current window's title is: 'Education'

25-01-2025T14:47:50 - [TEST_STEP][PASSED] - println("Page title is " + title): null

25-01-2025T14:47:50 - [TEST_STEP][PASSED] - driver = getWebDriver(): null

25-01-2025T14:47:50 - [TEST_STEP][PASSED] - elements = driver.findElements(By.xpath("//div[@class='col-sm-offset-3 col-sm-9 text-danger']")): null

25-01-2025T14:47:50 - [TEST_STEP][PASSED] - if (function == "count"): null

25-01-2025T14:47:50 - [TEST_STEP][PASSED] - return elements.size(): null

25-01-2025T14:47:50 - [MESSAGE][PASSED] - Call Test Case 'Test Cases/_Functions/Find error messages' successfully

25-01-2025T14:47:50 - [TEST_STEP][PASSED] - outFile = outFile: null

25-01-2025T14:47:50 - [TEST_STEP][PASSED] - if (count == 0): null

25-01-2025T14:47:50 - [TEST_STEP][PASSED] - else: Delayed 0 second(s)

25-01-2025T14:47:50 - [TEST_STEP][PASSED] - fieldList = varFieldList: null

25-01-2025T14:47:50 - [TEST_STEP][PASSED] - requiredFieldMsgs = varRequiredFieldMsgs: null

25-01-2025T14:47:50 - [TEST_STEP][PASSED] - outText = "Verifying error messages for fields " + fieldList: null

25-01-2025T14:47:50 - [TEST_STEP][PASSED] - for (def field : fieldList): null

25-01-2025T14:47:50 - [TEST_STEP][PASSED] - errorMsg = requiredFieldMsgs.get(field): null

25-01-2025T14:47:50 - [TEST_STEP][PASSED] - msg = verifyTextPresent(errorMsg, false, OPTIONAL): Text 'The key contact phone field is required.' is present on page 

25-01-2025T14:47:50 - [MESSAGE][PASSED] - Text 'The key contact phone field is required.' is present on page 

25-01-2025T14:47:50 - [TEST_STEP][PASSED] - println(field + ":" + msg): null

25-01-2025T14:47:50 - [TEST_STEP][PASSED] - if (!(msg)): null

25-01-2025T14:47:50 - [TEST_STEP][PASSED] - errorMsg = requiredFieldMsgs.get(field): null

25-01-2025T14:47:50 - [TEST_STEP][PASSED] - msg = verifyTextPresent(errorMsg, false, OPTIONAL): Text 'The school phone field is required.' is present on page 

25-01-2025T14:47:50 - [MESSAGE][PASSED] - Text 'The school phone field is required.' is present on page 

25-01-2025T14:47:50 - [TEST_STEP][PASSED] - println(field + ":" + msg): null

25-01-2025T14:47:50 - [TEST_STEP][PASSED] - if (!(msg)): null

25-01-2025T14:47:50 - [TEST_STEP][PASSED] - errorMsg = requiredFieldMsgs.get(field): null

25-01-2025T14:47:50 - [TEST_STEP][PASSED] - msg = verifyTextPresent(errorMsg, false, OPTIONAL): Text 'The school city field is required.' is present on page 

25-01-2025T14:47:50 - [MESSAGE][PASSED] - Text 'The school city field is required.' is present on page 

25-01-2025T14:47:50 - [TEST_STEP][PASSED] - println(field + ":" + msg): null

25-01-2025T14:47:50 - [TEST_STEP][PASSED] - if (!(msg)): null

25-01-2025T14:47:50 - [TEST_STEP][PASSED] - errorMsg = requiredFieldMsgs.get(field): null

25-01-2025T14:47:50 - [TEST_STEP][PASSED] - msg = verifyTextPresent(errorMsg, false, OPTIONAL): Text 'The province state region field is required.' is present on page 

25-01-2025T14:47:50 - [MESSAGE][PASSED] - Text 'The province state region field is required.' is present on page 

25-01-2025T14:47:50 - [TEST_STEP][PASSED] - println(field + ":" + msg): null

25-01-2025T14:47:50 - [TEST_STEP][PASSED] - if (!(msg)): null

25-01-2025T14:47:50 - [TEST_STEP][PASSED] - delay(fieldTestDelay): Delayed 0 second(s)

25-01-2025T14:47:50 - [MESSAGE][PASSED] - Delayed 0 second(s)

25-01-2025T14:47:50 - [MESSAGE][PASSED] - Call Test Case 'Test Cases/_Functions/Test Field Error Messages' successfully

25-01-2025T14:47:50 - [TEST_STEP][PASSED] - if (varKey_contact_phone != null): Call Test Case 'Test Cases/_Functions/Perform Action' successfully

25-01-2025T14:47:50 - [TEST_STEP][PASSED] - object = "Object Repository/Education Partner Profile/Tabs/Contact Info/input_Key Contact Phone": null

25-01-2025T14:47:50 - [TEST_STEP][PASSED] - callTestCase(findTestCase("_Functions/Perform Action"), ["varAction":"setText", "varObject":object, "varParm1":varKey_contact_phone], STOP_ON_FAILURE): Call Test Case 'Test Cases/_Functions/Perform Action' successfully

25-01-2025T14:47:50 - [TEST_CASE][PASSED] - Test Cases/_Functions/Perform Action: Test Cases/_Functions/Perform Action

25-01-2025T14:47:50 - [TEST_STEP][PASSED] - action = varAction: null

25-01-2025T14:47:50 - [TEST_STEP][PASSED] - println(action): null

25-01-2025T14:47:50 - [TEST_STEP][PASSED] - testObject = varObject: null

25-01-2025T14:47:50 - [TEST_STEP][PASSED] - println(testObject): null

25-01-2025T14:47:50 - [TEST_STEP][PASSED] - parm1 = varParm1: null

25-01-2025T14:47:50 - [TEST_STEP][PASSED] - println(parm1): null

25-01-2025T14:47:50 - [TEST_STEP][PASSED] - println("Converting " + testObject + " to web element"): null

25-01-2025T14:47:50 - [TEST_STEP][PASSED] - element = findWebElement(findTestObject(testObject), 1): null

25-01-2025T14:47:50 - [TEST_STEP][PASSED] - loc = element.getLocation(): null

25-01-2025T14:47:50 - [TEST_STEP][PASSED] - y = loc.getY(): null

25-01-2025T14:47:50 - [TEST_STEP][PASSED] - println("Y location is " + y): null

25-01-2025T14:47:50 - [TEST_STEP][PASSED] - top = getViewportTopPosition(): Current viewport's top (y) position is 867

25-01-2025T14:47:50 - [MESSAGE][PASSED] - Current viewport's top (y) position is 867

25-01-2025T14:47:50 - [TEST_STEP][PASSED] - println("Viewport top is " + top): null

25-01-2025T14:47:50 - [TEST_STEP][PASSED] - bottom = top + 600: null

25-01-2025T14:47:50 - [TEST_STEP][PASSED] - if (y - top < 150 || bottom - y < 10): Delayed 1 second(s)

25-01-2025T14:47:50 - [TEST_STEP][PASSED] - scrollToPosition(0, y - 150): Browser is scrolled to position x = 0, y = 601

25-01-2025T14:47:50 - [MESSAGE][PASSED] - Browser is scrolled to position x = 0, y = 601

25-01-2025T14:47:50 - [TEST_STEP][PASSED] - delay(1): Delayed 1 second(s)

25-01-2025T14:47:51 - [MESSAGE][PASSED] - Delayed 1 second(s)

25-01-2025T14:47:51 - [TEST_STEP][PASSED] - if (action == "click"): null

25-01-2025T14:47:51 - [TEST_STEP][PASSED] - else if (action == "selectOptionByValue"): null

25-01-2025T14:47:51 - [TEST_STEP][PASSED] - else if (action == "setText"): Text '952-442-1703' is set on object 'Object Repository/Education Partner Profile/Tabs/Contact Info/input_Key Contact Phone'

25-01-2025T14:47:51 - [TEST_STEP][PASSED] - println("Setting text " + parm1): null

25-01-2025T14:47:51 - [TEST_STEP][PASSED] - setText(findTestObject(testObject), parm1): Text '952-442-1703' is set on object 'Object Repository/Education Partner Profile/Tabs/Contact Info/input_Key Contact Phone'

25-01-2025T14:47:51 - [MESSAGE][PASSED] - Text '952-442-1703' is set on object 'Object Repository/Education Partner Profile/Tabs/Contact Info/input_Key Contact Phone'

25-01-2025T14:47:51 - [MESSAGE][PASSED] - Call Test Case 'Test Cases/_Functions/Perform Action' successfully

25-01-2025T14:47:51 - [TEST_STEP][PASSED] - if (varOrganization_phone != null): Call Test Case 'Test Cases/_Functions/Perform Action' successfully

25-01-2025T14:47:51 - [TEST_STEP][PASSED] - object = "Object Repository/Education Partner Profile/Tabs/Contact Info/input_Organization Phone": null

25-01-2025T14:47:51 - [TEST_STEP][PASSED] - callTestCase(findTestCase("_Functions/Perform Action"), ["varAction":"setText", "varObject":object, "varParm1":varOrganization_phone], STOP_ON_FAILURE): Call Test Case 'Test Cases/_Functions/Perform Action' successfully

25-01-2025T14:47:51 - [TEST_CASE][PASSED] - Test Cases/_Functions/Perform Action: Test Cases/_Functions/Perform Action

25-01-2025T14:47:51 - [TEST_STEP][PASSED] - action = varAction: null

25-01-2025T14:47:51 - [TEST_STEP][PASSED] - println(action): null

25-01-2025T14:47:51 - [TEST_STEP][PASSED] - testObject = varObject: null

25-01-2025T14:47:51 - [TEST_STEP][PASSED] - println(testObject): null

25-01-2025T14:47:51 - [TEST_STEP][PASSED] - parm1 = varParm1: null

25-01-2025T14:47:51 - [TEST_STEP][PASSED] - println(parm1): null

25-01-2025T14:47:51 - [TEST_STEP][PASSED] - println("Converting " + testObject + " to web element"): null

25-01-2025T14:47:51 - [TEST_STEP][PASSED] - element = findWebElement(findTestObject(testObject), 1): null

25-01-2025T14:47:51 - [TEST_STEP][PASSED] - loc = element.getLocation(): null

25-01-2025T14:47:51 - [TEST_STEP][PASSED] - y = loc.getY(): null

25-01-2025T14:47:51 - [TEST_STEP][PASSED] - println("Y location is " + y): null

25-01-2025T14:47:51 - [TEST_STEP][PASSED] - top = getViewportTopPosition(): Current viewport's top (y) position is 601

25-01-2025T14:47:51 - [MESSAGE][PASSED] - Current viewport's top (y) position is 601

25-01-2025T14:47:51 - [TEST_STEP][PASSED] - println("Viewport top is " + top): null

25-01-2025T14:47:51 - [TEST_STEP][PASSED] - bottom = top + 600: null

25-01-2025T14:47:51 - [TEST_STEP][PASSED] - if (y - top < 150 || bottom - y < 10): null

25-01-2025T14:47:51 - [TEST_STEP][PASSED] - if (action == "click"): null

25-01-2025T14:47:51 - [TEST_STEP][PASSED] - else if (action == "selectOptionByValue"): null

25-01-2025T14:47:51 - [TEST_STEP][PASSED] - else if (action == "setText"): Text '612-209-9611' is set on object 'Object Repository/Education Partner Profile/Tabs/Contact Info/input_Organization Phone'

25-01-2025T14:47:51 - [TEST_STEP][PASSED] - println("Setting text " + parm1): null

25-01-2025T14:47:51 - [TEST_STEP][PASSED] - setText(findTestObject(testObject), parm1): Text '612-209-9611' is set on object 'Object Repository/Education Partner Profile/Tabs/Contact Info/input_Organization Phone'

25-01-2025T14:47:51 - [MESSAGE][PASSED] - Text '612-209-9611' is set on object 'Object Repository/Education Partner Profile/Tabs/Contact Info/input_Organization Phone'

25-01-2025T14:47:51 - [MESSAGE][PASSED] - Call Test Case 'Test Cases/_Functions/Perform Action' successfully

25-01-2025T14:47:51 - [TEST_STEP][PASSED] - if (varOrganization_city != null): Call Test Case 'Test Cases/_Functions/Perform Action' successfully

25-01-2025T14:47:51 - [TEST_STEP][PASSED] - object = "Object Repository/Education Partner Profile/Tabs/Contact Info/input_Organization City": null

25-01-2025T14:47:51 - [TEST_STEP][PASSED] - callTestCase(findTestCase("_Functions/Perform Action"), ["varAction":"setText", "varObject":object, "varParm1":varOrganization_city], STOP_ON_FAILURE): Call Test Case 'Test Cases/_Functions/Perform Action' successfully

25-01-2025T14:47:51 - [TEST_CASE][PASSED] - Test Cases/_Functions/Perform Action: Test Cases/_Functions/Perform Action

25-01-2025T14:47:51 - [TEST_STEP][PASSED] - action = varAction: null

25-01-2025T14:47:51 - [TEST_STEP][PASSED] - println(action): null

25-01-2025T14:47:51 - [TEST_STEP][PASSED] - testObject = varObject: null

25-01-2025T14:47:51 - [TEST_STEP][PASSED] - println(testObject): null

25-01-2025T14:47:51 - [TEST_STEP][PASSED] - parm1 = varParm1: null

25-01-2025T14:47:51 - [TEST_STEP][PASSED] - println(parm1): null

25-01-2025T14:47:51 - [TEST_STEP][PASSED] - println("Converting " + testObject + " to web element"): null

25-01-2025T14:47:51 - [TEST_STEP][PASSED] - element = findWebElement(findTestObject(testObject), 1): null

25-01-2025T14:47:51 - [TEST_STEP][PASSED] - loc = element.getLocation(): null

25-01-2025T14:47:51 - [TEST_STEP][PASSED] - y = loc.getY(): null

25-01-2025T14:47:51 - [TEST_STEP][PASSED] - println("Y location is " + y): null

25-01-2025T14:47:51 - [TEST_STEP][PASSED] - top = getViewportTopPosition(): Current viewport's top (y) position is 601

25-01-2025T14:47:51 - [MESSAGE][PASSED] - Current viewport's top (y) position is 601

25-01-2025T14:47:51 - [TEST_STEP][PASSED] - println("Viewport top is " + top): null

25-01-2025T14:47:51 - [TEST_STEP][PASSED] - bottom = top + 600: null

25-01-2025T14:47:51 - [TEST_STEP][PASSED] - if (y - top < 150 || bottom - y < 10): null

25-01-2025T14:47:51 - [TEST_STEP][PASSED] - if (action == "click"): null

25-01-2025T14:47:51 - [TEST_STEP][PASSED] - else if (action == "selectOptionByValue"): null

25-01-2025T14:47:51 - [TEST_STEP][PASSED] - else if (action == "setText"): Text 'Waconia' is set on object 'Object Repository/Education Partner Profile/Tabs/Contact Info/input_Organization City'

25-01-2025T14:47:51 - [TEST_STEP][PASSED] - println("Setting text " + parm1): null

25-01-2025T14:47:51 - [TEST_STEP][PASSED] - setText(findTestObject(testObject), parm1): Text 'Waconia' is set on object 'Object Repository/Education Partner Profile/Tabs/Contact Info/input_Organization City'

25-01-2025T14:47:51 - [MESSAGE][PASSED] - Text 'Waconia' is set on object 'Object Repository/Education Partner Profile/Tabs/Contact Info/input_Organization City'

25-01-2025T14:47:51 - [MESSAGE][PASSED] - Call Test Case 'Test Cases/_Functions/Perform Action' successfully

25-01-2025T14:47:51 - [TEST_STEP][PASSED] - if (varProvince_state_region != null): Call Test Case 'Test Cases/_Functions/Perform Action' successfully

25-01-2025T14:47:51 - [TEST_STEP][PASSED] - object = "Object Repository/Education Partner Profile/Tabs/Contact Info/select_State": null

25-01-2025T14:47:51 - [TEST_STEP][PASSED] - callTestCase(findTestCase("_Functions/Perform Action"), ["varAction":"selectOptionByValue", "varObject":object, "varParm1":varProvince_state_region], STOP_ON_FAILURE): Call Test Case 'Test Cases/_Functions/Perform Action' successfully

25-01-2025T14:47:51 - [TEST_CASE][PASSED] - Test Cases/_Functions/Perform Action: Test Cases/_Functions/Perform Action

25-01-2025T14:47:51 - [TEST_STEP][PASSED] - action = varAction: null

25-01-2025T14:47:51 - [TEST_STEP][PASSED] - println(action): null

25-01-2025T14:47:51 - [TEST_STEP][PASSED] - testObject = varObject: null

25-01-2025T14:47:51 - [TEST_STEP][PASSED] - println(testObject): null

25-01-2025T14:47:51 - [TEST_STEP][PASSED] - parm1 = varParm1: null

25-01-2025T14:47:51 - [TEST_STEP][PASSED] - println(parm1): null

25-01-2025T14:47:51 - [TEST_STEP][PASSED] - println("Converting " + testObject + " to web element"): null

25-01-2025T14:47:51 - [TEST_STEP][PASSED] - element = findWebElement(findTestObject(testObject), 1): null

25-01-2025T14:47:51 - [TEST_STEP][PASSED] - loc = element.getLocation(): null

25-01-2025T14:47:51 - [TEST_STEP][PASSED] - y = loc.getY(): null

25-01-2025T14:47:51 - [TEST_STEP][PASSED] - println("Y location is " + y): null

25-01-2025T14:47:51 - [TEST_STEP][PASSED] - top = getViewportTopPosition(): Current viewport's top (y) position is 601

25-01-2025T14:47:51 - [MESSAGE][PASSED] - Current viewport's top (y) position is 601

25-01-2025T14:47:51 - [TEST_STEP][PASSED] - println("Viewport top is " + top): null

25-01-2025T14:47:51 - [TEST_STEP][PASSED] - bottom = top + 600: null

25-01-2025T14:47:51 - [TEST_STEP][PASSED] - if (y - top < 150 || bottom - y < 10): null

25-01-2025T14:47:51 - [TEST_STEP][PASSED] - if (action == "click"): null

25-01-2025T14:47:51 - [TEST_STEP][PASSED] - else if (action == "selectOptionByValue"): All options with value 'Minnesota' are selected in object 'Object Repository/Education Partner Profile/Tabs/Contact Info/select_State' 

25-01-2025T14:47:51 - [TEST_STEP][PASSED] - println("Selecting " + parm1): null

25-01-2025T14:47:51 - [TEST_STEP][PASSED] - selectOptionByValue(findTestObject(testObject), parm1, false): All options with value 'Minnesota' are selected in object 'Object Repository/Education Partner Profile/Tabs/Contact Info/select_State' 

25-01-2025T14:47:52 - [MESSAGE][PASSED] - All options with value 'Minnesota' are selected in object 'Object Repository/Education Partner Profile/Tabs/Contact Info/select_State' 

25-01-2025T14:47:52 - [MESSAGE][PASSED] - Call Test Case 'Test Cases/_Functions/Perform Action' successfully

25-01-2025T14:47:52 - [TEST_STEP][PASSED] - if (varProvince_state_region != null): Call Test Case 'Test Cases/_Functions/Perform Action' successfully

25-01-2025T14:47:52 - [TEST_STEP][PASSED] - object = "Object Repository/Education Partner Profile/Tabs/Contact Info/input_ProvinceStateRegion": null

25-01-2025T14:47:52 - [TEST_STEP][PASSED] - callTestCase(findTestCase("_Functions/Perform Action"), ["varAction":"setText", "varObject":object, "varParm1":varProvince_state_region], STOP_ON_FAILURE): Call Test Case 'Test Cases/_Functions/Perform Action' successfully

25-01-2025T14:47:52 - [TEST_CASE][PASSED] - Test Cases/_Functions/Perform Action: Test Cases/_Functions/Perform Action

25-01-2025T14:47:52 - [TEST_STEP][PASSED] - action = varAction: null

25-01-2025T14:47:52 - [TEST_STEP][PASSED] - println(action): null

25-01-2025T14:47:52 - [TEST_STEP][PASSED] - testObject = varObject: null

25-01-2025T14:47:52 - [TEST_STEP][PASSED] - println(testObject): null

25-01-2025T14:47:52 - [TEST_STEP][PASSED] - parm1 = varParm1: null

25-01-2025T14:47:52 - [TEST_STEP][PASSED] - println(parm1): null

25-01-2025T14:47:52 - [TEST_STEP][PASSED] - println("Converting " + testObject + " to web element"): null

25-01-2025T14:47:52 - [TEST_STEP][PASSED] - element = findWebElement(findTestObject(testObject), 1): null

25-01-2025T14:47:52 - [TEST_STEP][PASSED] - loc = element.getLocation(): null

25-01-2025T14:47:52 - [TEST_STEP][PASSED] - y = loc.getY(): null

25-01-2025T14:47:52 - [TEST_STEP][PASSED] - println("Y location is " + y): null

25-01-2025T14:47:52 - [TEST_STEP][PASSED] - top = getViewportTopPosition(): Current viewport's top (y) position is 601

25-01-2025T14:47:52 - [MESSAGE][PASSED] - Current viewport's top (y) position is 601

25-01-2025T14:47:52 - [TEST_STEP][PASSED] - println("Viewport top is " + top): null

25-01-2025T14:47:52 - [TEST_STEP][PASSED] - bottom = top + 600: null

25-01-2025T14:47:52 - [TEST_STEP][PASSED] - if (y - top < 150 || bottom - y < 10): null

25-01-2025T14:47:52 - [TEST_STEP][PASSED] - if (action == "click"): null

25-01-2025T14:47:52 - [TEST_STEP][PASSED] - else if (action == "selectOptionByValue"): null

25-01-2025T14:47:52 - [TEST_STEP][PASSED] - else if (action == "setText"): Text 'Minnesota' is set on object 'Object Repository/Education Partner Profile/Tabs/Contact Info/input_ProvinceStateRegion'

25-01-2025T14:47:52 - [TEST_STEP][PASSED] - println("Setting text " + parm1): null

25-01-2025T14:47:52 - [TEST_STEP][PASSED] - setText(findTestObject(testObject), parm1): Text 'Minnesota' is set on object 'Object Repository/Education Partner Profile/Tabs/Contact Info/input_ProvinceStateRegion'

25-01-2025T14:47:52 - [MESSAGE][PASSED] - Text 'Minnesota' is set on object 'Object Repository/Education Partner Profile/Tabs/Contact Info/input_ProvinceStateRegion'

25-01-2025T14:47:52 - [MESSAGE][PASSED] - Call Test Case 'Test Cases/_Functions/Perform Action' successfully

25-01-2025T14:47:52 - [TEST_STEP][PASSED] - if (varWorld_region != null): Call Test Case 'Test Cases/_Functions/Perform Action' successfully

25-01-2025T14:47:52 - [TEST_STEP][PASSED] - object = "Object Repository/Education Partner Profile/Tabs/Contact Info/select_World Region": null

25-01-2025T14:47:52 - [TEST_STEP][PASSED] - callTestCase(findTestCase("_Functions/Perform Action"), ["varAction":"selectOptionByValue", "varObject":object, "varParm1":varWorld_region], STOP_ON_FAILURE): Call Test Case 'Test Cases/_Functions/Perform Action' successfully

25-01-2025T14:47:52 - [TEST_CASE][PASSED] - Test Cases/_Functions/Perform Action: Test Cases/_Functions/Perform Action

25-01-2025T14:47:52 - [TEST_STEP][PASSED] - action = varAction: null

25-01-2025T14:47:52 - [TEST_STEP][PASSED] - println(action): null

25-01-2025T14:47:52 - [TEST_STEP][PASSED] - testObject = varObject: null

25-01-2025T14:47:52 - [TEST_STEP][PASSED] - println(testObject): null

25-01-2025T14:47:52 - [TEST_STEP][PASSED] - parm1 = varParm1: null

25-01-2025T14:47:52 - [TEST_STEP][PASSED] - println(parm1): null

25-01-2025T14:47:52 - [TEST_STEP][PASSED] - println("Converting " + testObject + " to web element"): null

25-01-2025T14:47:52 - [TEST_STEP][PASSED] - element = findWebElement(findTestObject(testObject), 1): null

25-01-2025T14:47:52 - [TEST_STEP][PASSED] - loc = element.getLocation(): null

25-01-2025T14:47:52 - [TEST_STEP][PASSED] - y = loc.getY(): null

25-01-2025T14:47:52 - [TEST_STEP][PASSED] - println("Y location is " + y): null

25-01-2025T14:47:52 - [TEST_STEP][PASSED] - top = getViewportTopPosition(): Current viewport's top (y) position is 601

25-01-2025T14:47:52 - [MESSAGE][PASSED] - Current viewport's top (y) position is 601

25-01-2025T14:47:52 - [TEST_STEP][PASSED] - println("Viewport top is " + top): null

25-01-2025T14:47:52 - [TEST_STEP][PASSED] - bottom = top + 600: null

25-01-2025T14:47:52 - [TEST_STEP][PASSED] - if (y - top < 150 || bottom - y < 10): Delayed 1 second(s)

25-01-2025T14:47:52 - [TEST_STEP][PASSED] - scrollToPosition(0, y - 150): Browser is scrolled to position x = 0, y = 1122

25-01-2025T14:47:52 - [MESSAGE][PASSED] - Browser is scrolled to position x = 0, y = 1122

25-01-2025T14:47:52 - [TEST_STEP][PASSED] - delay(1): Delayed 1 second(s)

25-01-2025T14:47:53 - [MESSAGE][PASSED] - Delayed 1 second(s)

25-01-2025T14:47:53 - [TEST_STEP][PASSED] - if (action == "click"): null

25-01-2025T14:47:53 - [TEST_STEP][PASSED] - else if (action == "selectOptionByValue"): All options with value 'North America' are selected in object 'Object Repository/Education Partner Profile/Tabs/Contact Info/select_World Region' 

25-01-2025T14:47:53 - [TEST_STEP][PASSED] - println("Selecting " + parm1): null

25-01-2025T14:47:53 - [TEST_STEP][PASSED] - selectOptionByValue(findTestObject(testObject), parm1, false): All options with value 'North America' are selected in object 'Object Repository/Education Partner Profile/Tabs/Contact Info/select_World Region' 

25-01-2025T14:47:53 - [MESSAGE][PASSED] - All options with value 'North America' are selected in object 'Object Repository/Education Partner Profile/Tabs/Contact Info/select_World Region' 

25-01-2025T14:47:53 - [MESSAGE][PASSED] - Call Test Case 'Test Cases/_Functions/Perform Action' successfully

25-01-2025T14:47:53 - [TEST_STEP][PASSED] - callTestCase(findTestCase("_Functions/Test External Links"), ["varPageLinks":pageLinks, "varObjectPath":"Object Repository/Education Candidate Profile/Tabs/Contact Info/"], OPTIONAL): Unable to call Test Case 'Test Cases/_Functions/Test External Links' (Root cause: com.kms.katalon.core.exception.StepErrorException: Call Test Case 'Test Cases/_Functions/Test External Links' failed because of error(s)
	at com.kms.katalon.core.keyword.builtin.CallTestCaseKeyword$_callTestCase_closure1.doCall(CallTestCaseKeyword.groovy:66)
	at com.kms.katalon.core.keyword.builtin.CallTestCaseKeyword$_callTestCase_closure1.call(CallTestCaseKeyword.groovy)
	at com.kms.katalon.core.keyword.internal.KeywordMain.runKeyword(KeywordMain.groovy:75)
	at com.kms.katalon.core.keyword.builtin.CallTestCaseKeyword.callTestCase(CallTestCaseKeyword.groovy:81)
	at com.kms.katalon.core.keyword.builtin.CallTestCaseKeyword.execute(CallTestCaseKeyword.groovy:44)
	at com.kms.katalon.core.keyword.internal.KeywordExecutor.executeKeywordForPlatform(KeywordExecutor.groovy:74)
	at com.kms.katalon.core.keyword.BuiltinKeywords.callTestCase(BuiltinKeywords.groovy:310)
	at jdk.internal.reflect.GeneratedMethodAccessor30.invoke(Unknown Source)
	at java.base/jdk.internal.reflect.DelegatingMethodAccessorImpl.invoke(DelegatingMethodAccessorImpl.java:43)
	at Set Contact Info.run(Set Contact Info:140)
	at com.kms.katalon.core.main.ScriptEngine.run(ScriptEngine.java:194)
	at com.kms.katalon.core.main.ScriptEngine.runScriptAsRawText(ScriptEngine.java:119)
	at com.kms.katalon.core.main.TestCaseExecutor.runScript(TestCaseExecutor.java:448)
	at com.kms.katalon.core.main.TestCaseExecutor.doExecute(TestCaseExecutor.java:439)
	at com.kms.katalon.core.main.TestCaseExecutor.processExecutionPhase(TestCaseExecutor.java:418)
	at com.kms.katalon.core.main.TestCaseExecutor.accessMainPhase(TestCaseExecutor.java:410)
	at com.kms.katalon.core.main.TestCaseExecutor.execute(TestCaseExecutor.java:285)
	at com.kms.katalon.core.main.TestCaseMain.runTestCase(TestCaseMain.java:137)
	at com.kms.katalon.core.keyword.builtin.CallTestCaseKeyword$_callTestCase_closure1.doCall(CallTestCaseKeyword.groovy:59)
	at com.kms.katalon.core.keyword.builtin.CallTestCaseKeyword$_callTestCase_closure1.call(CallTestCaseKeyword.groovy)
	at com.kms.katalon.core.keyword.internal.KeywordMain.runKeyword(KeywordMain.groovy:75)
	at com.kms.katalon.core.keyword.builtin.CallTestCaseKeyword.callTestCase(CallTestCaseKeyword.groovy:81)
	at com.kms.katalon.core.keyword.builtin.CallTestCaseKeyword.execute(CallTestCaseKeyword.groovy:44)
	at com.kms.katalon.core.keyword.internal.KeywordExecutor.executeKeywordForPlatform(KeywordExecutor.groovy:74)
	at com.kms.katalon.core.keyword.BuiltinKeywords.callTestCase(BuiltinKeywords.groovy:310)
	at jdk.internal.reflect.GeneratedMethodAccessor30.invoke(Unknown Source)
	at java.base/jdk.internal.reflect.DelegatingMethodAccessorImpl.invoke(DelegatingMethodAccessorImpl.java:43)
	at Complete Education Partner Profile.run(Complete Education Partner Profile:97)
	at com.kms.katalon.core.main.ScriptEngine.run(ScriptEngine.java:194)
	at com.kms.katalon.core.main.ScriptEngine.runScriptAsRawText(ScriptEngine.java:119)
	at com.kms.katalon.core.main.TestCaseExecutor.runScript(TestCaseExecutor.java:448)
	at com.kms.katalon.core.main.TestCaseExecutor.doExecute(TestCaseExecutor.java:439)
	at com.kms.katalon.core.main.TestCaseExecutor.processExecutionPhase(TestCaseExecutor.java:418)
	at com.kms.katalon.core.main.TestCaseExecutor.accessMainPhase(TestCaseExecutor.java:410)
	at com.kms.katalon.core.main.TestCaseExecutor.execute(TestCaseExecutor.java:285)
	at com.kms.katalon.core.main.TestCaseMain.runTestCase(TestCaseMain.java:137)
	at com.kms.katalon.core.keyword.builtin.CallTestCaseKeyword$_callTestCase_closure1.doCall(CallTestCaseKeyword.groovy:59)
	at com.kms.katalon.core.keyword.builtin.CallTestCaseKeyword$_callTestCase_closure1.call(CallTestCaseKeyword.groovy)
	at com.kms.katalon.core.keyword.internal.KeywordMain.runKeyword(KeywordMain.groovy:75)
	at com.kms.katalon.core.keyword.builtin.CallTestCaseKeyword.callTestCase(CallTestCaseKeyword.groovy:81)
	at com.kms.katalon.core.keyword.builtin.CallTestCaseKeyword.execute(CallTestCaseKeyword.groovy:44)
	at com.kms.katalon.core.keyword.internal.KeywordExecutor.executeKeywordForPlatform(KeywordExecutor.groovy:74)
	at com.kms.katalon.core.keyword.BuiltinKeywords.callTestCase(BuiltinKeywords.groovy:310)
	at jdk.internal.reflect.GeneratedMethodAccessor30.invoke(Unknown Source)
	at java.base/jdk.internal.reflect.DelegatingMethodAccessorImpl.invoke(DelegatingMethodAccessorImpl.java:43)
	at Register Education Partner.run(Register Education Partner:401)
	at com.kms.katalon.core.main.ScriptEngine.run(ScriptEngine.java:194)
	at com.kms.katalon.core.main.ScriptEngine.runScriptAsRawText(ScriptEngine.java:119)
	at com.kms.katalon.core.main.TestCaseExecutor.runScript(TestCaseExecutor.java:448)
	at com.kms.katalon.core.main.TestCaseExecutor.doExecute(TestCaseExecutor.java:439)
	at com.kms.katalon.core.main.TestCaseExecutor.processExecutionPhase(TestCaseExecutor.java:418)
	at com.kms.katalon.core.main.TestCaseExecutor.accessMainPhase(TestCaseExecutor.java:410)
	at com.kms.katalon.core.main.TestCaseExecutor.execute(TestCaseExecutor.java:285)
	at com.kms.katalon.core.common.CommonExecutor.accessTestCaseMainPhase(CommonExecutor.java:65)
	at com.kms.katalon.core.main.TestSuiteExecutor.accessTestSuiteMainPhase(TestSuiteExecutor.java:150)
	at com.kms.katalon.core.main.TestSuiteExecutor.execute(TestSuiteExecutor.java:106)
	at com.kms.katalon.core.main.TestCaseMain.startTestSuite(TestCaseMain.java:180)
	at TempTestSuite1737837875715.run(TempTestSuite1737837875715.groovy:35)
	at java.base/jdk.internal.reflect.NativeMethodAccessorImpl.invoke0(Native Method)
	at java.base/jdk.internal.reflect.NativeMethodAccessorImpl.invoke(NativeMethodAccessorImpl.java:77)
	at java.base/jdk.internal.reflect.DelegatingMethodAccessorImpl.invoke(DelegatingMethodAccessorImpl.java:43)
Caused by: com.kms.katalon.core.exception.StepErrorException: Call Test Case 'Test Cases/_Functions/Perform Action' failed because of error(s)
	at com.kms.katalon.core.keyword.builtin.CallTestCaseKeyword$_callTestCase_closure1.doCall(CallTestCaseKeyword.groovy:66)
	at com.kms.katalon.core.keyword.builtin.CallTestCaseKeyword$_callTestCase_closure1.call(CallTestCaseKeyword.groovy)
	at com.kms.katalon.core.keyword.internal.KeywordMain.runKeyword(KeywordMain.groovy:75)
	at com.kms.katalon.core.keyword.builtin.CallTestCaseKeyword.callTestCase(CallTestCaseKeyword.groovy:81)
	at com.kms.katalon.core.keyword.builtin.CallTestCaseKeyword.execute(CallTestCaseKeyword.groovy:44)
	at com.kms.katalon.core.keyword.internal.KeywordExecutor.executeKeywordForPlatform(KeywordExecutor.groovy:74)
	at com.kms.katalon.core.keyword.BuiltinKeywords.callTestCase(BuiltinKeywords.groovy:310)
	at jdk.internal.reflect.GeneratedMethodAccessor30.invoke(Unknown Source)
	at java.base/jdk.internal.reflect.DelegatingMethodAccessorImpl.invoke(DelegatingMethodAccessorImpl.java:43)
	at Test External Links.run(Test External Links:47)
	at com.kms.katalon.core.main.ScriptEngine.run(ScriptEngine.java:194)
	at com.kms.katalon.core.main.ScriptEngine.runScriptAsRawText(ScriptEngine.java:119)
	at com.kms.katalon.core.main.TestCaseExecutor.runScript(TestCaseExecutor.java:448)
	at com.kms.katalon.core.main.TestCaseExecutor.doExecute(TestCaseExecutor.java:439)
	at com.kms.katalon.core.main.TestCaseExecutor.processExecutionPhase(TestCaseExecutor.java:418)
	at com.kms.katalon.core.main.TestCaseExecutor.accessMainPhase(TestCaseExecutor.java:410)
	at com.kms.katalon.core.main.TestCaseExecutor.execute(TestCaseExecutor.java:285)
	at com.kms.katalon.core.main.TestCaseMain.runTestCase(TestCaseMain.java:137)
	at com.kms.katalon.core.keyword.builtin.CallTestCaseKeyword$_callTestCase_closure1.doCall(CallTestCaseKeyword.groovy:59)
	... 60 more
Caused by: com.kms.katalon.core.webui.exception.WebElementNotFoundException: Web element with id: 'Object Repository/Education Candidate Profile/Tabs/Contact Info/a_Terms and Conditions' located by '//div[@id='group-1443546232.861']/div[17]/div[4]/a' not found
	at com.kms.katalon.core.webui.common.WebUiCommonHelper.findWebElement(WebUiCommonHelper.java:1423)
	at Perform Action.run(Perform Action:32)
	at com.kms.katalon.core.main.ScriptEngine.run(ScriptEngine.java:194)
	at com.kms.katalon.core.main.ScriptEngine.runScriptAsRawText(ScriptEngine.java:119)
	at com.kms.katalon.core.main.TestCaseExecutor.runScript(TestCaseExecutor.java:448)
	at com.kms.katalon.core.main.TestCaseExecutor.doExecute(TestCaseExecutor.java:439)
	at com.kms.katalon.core.main.TestCaseExecutor.processExecutionPhase(TestCaseExecutor.java:418)
	at com.kms.katalon.core.main.TestCaseExecutor.accessMainPhase(TestCaseExecutor.java:410)
	at com.kms.katalon.core.main.TestCaseExecutor.execute(TestCaseExecutor.java:285)
	at com.kms.katalon.core.main.TestCaseMain.runTestCase(TestCaseMain.java:137)
	at com.kms.katalon.core.keyword.builtin.CallTestCaseKeyword$_callTestCase_closure1.doCall(CallTestCaseKeyword.groovy:59)
	... 78 more
)

25-01-2025T14:47:53 - [TEST_CASE][ERROR] - Test Cases/_Functions/Test External Links: Test Cases/_Functions/Test External Links FAILED.
Reason:
com.kms.katalon.core.exception.StepErrorException: Call Test Case 'Test Cases/_Functions/Perform Action' failed because of error(s)
	at com.kms.katalon.core.keyword.builtin.CallTestCaseKeyword$_callTestCase_closure1.doCall(CallTestCaseKeyword.groovy:66)
	at com.kms.katalon.core.keyword.builtin.CallTestCaseKeyword$_callTestCase_closure1.call(CallTestCaseKeyword.groovy)
	at com.kms.katalon.core.keyword.internal.KeywordMain.runKeyword(KeywordMain.groovy:75)
	at com.kms.katalon.core.keyword.builtin.CallTestCaseKeyword.callTestCase(CallTestCaseKeyword.groovy:81)
	at com.kms.katalon.core.keyword.builtin.CallTestCaseKeyword.execute(CallTestCaseKeyword.groovy:44)
	at com.kms.katalon.core.keyword.internal.KeywordExecutor.executeKeywordForPlatform(KeywordExecutor.groovy:74)
	at com.kms.katalon.core.keyword.BuiltinKeywords.callTestCase(BuiltinKeywords.groovy:310)
	at jdk.internal.reflect.GeneratedMethodAccessor30.invoke(Unknown Source)
	at java.base/jdk.internal.reflect.DelegatingMethodAccessorImpl.invoke(DelegatingMethodAccessorImpl.java:43)
	at Test External Links.run(Test External Links:47)
	at com.kms.katalon.core.main.ScriptEngine.run(ScriptEngine.java:194)
	at com.kms.katalon.core.main.ScriptEngine.runScriptAsRawText(ScriptEngine.java:119)
	at com.kms.katalon.core.main.TestCaseExecutor.runScript(TestCaseExecutor.java:448)
	at com.kms.katalon.core.main.TestCaseExecutor.doExecute(TestCaseExecutor.java:439)
	at com.kms.katalon.core.main.TestCaseExecutor.processExecutionPhase(TestCaseExecutor.java:418)
	at com.kms.katalon.core.main.TestCaseExecutor.accessMainPhase(TestCaseExecutor.java:410)
	at com.kms.katalon.core.main.TestCaseExecutor.execute(TestCaseExecutor.java:285)
	at com.kms.katalon.core.main.TestCaseMain.runTestCase(TestCaseMain.java:137)
	at com.kms.katalon.core.keyword.builtin.CallTestCaseKeyword$_callTestCase_closure1.doCall(CallTestCaseKeyword.groovy:59)
	at com.kms.katalon.core.keyword.builtin.CallTestCaseKeyword$_callTestCase_closure1.call(CallTestCaseKeyword.groovy)
	at com.kms.katalon.core.keyword.internal.KeywordMain.runKeyword(KeywordMain.groovy:75)
	at com.kms.katalon.core.keyword.builtin.CallTestCaseKeyword.callTestCase(CallTestCaseKeyword.groovy:81)
	at com.kms.katalon.core.keyword.builtin.CallTestCaseKeyword.execute(CallTestCaseKeyword.groovy:44)
	at com.kms.katalon.core.keyword.internal.KeywordExecutor.executeKeywordForPlatform(KeywordExecutor.groovy:74)
	at com.kms.katalon.core.keyword.BuiltinKeywords.callTestCase(BuiltinKeywords.groovy:310)
	at jdk.internal.reflect.GeneratedMethodAccessor30.invoke(Unknown Source)
	at java.base/jdk.internal.reflect.DelegatingMethodAccessorImpl.invoke(DelegatingMethodAccessorImpl.java:43)
	at Set Contact Info.run(Set Contact Info:140)
	at com.kms.katalon.core.main.ScriptEngine.run(ScriptEngine.java:194)
	at com.kms.katalon.core.main.ScriptEngine.runScriptAsRawText(ScriptEngine.java:119)
	at com.kms.katalon.core.main.TestCaseExecutor.runScript(TestCaseExecutor.java:448)
	at com.kms.katalon.core.main.TestCaseExecutor.doExecute(TestCaseExecutor.java:439)
	at com.kms.katalon.core.main.TestCaseExecutor.processExecutionPhase(TestCaseExecutor.java:418)
	at com.kms.katalon.core.main.TestCaseExecutor.accessMainPhase(TestCaseExecutor.java:410)
	at com.kms.katalon.core.main.TestCaseExecutor.execute(TestCaseExecutor.java:285)
	at com.kms.katalon.core.main.TestCaseMain.runTestCase(TestCaseMain.java:137)
	at com.kms.katalon.core.keyword.builtin.CallTestCaseKeyword$_callTestCase_closure1.doCall(CallTestCaseKeyword.groovy:59)
	at com.kms.katalon.core.keyword.builtin.CallTestCaseKeyword$_callTestCase_closure1.call(CallTestCaseKeyword.groovy)
	at com.kms.katalon.core.keyword.internal.KeywordMain.runKeyword(KeywordMain.groovy:75)
	at com.kms.katalon.core.keyword.builtin.CallTestCaseKeyword.callTestCase(CallTestCaseKeyword.groovy:81)
	at com.kms.katalon.core.keyword.builtin.CallTestCaseKeyword.execute(CallTestCaseKeyword.groovy:44)
	at com.kms.katalon.core.keyword.internal.KeywordExecutor.executeKeywordForPlatform(KeywordExecutor.groovy:74)
	at com.kms.katalon.core.keyword.BuiltinKeywords.callTestCase(BuiltinKeywords.groovy:310)
	at jdk.internal.reflect.GeneratedMethodAccessor30.invoke(Unknown Source)
	at java.base/jdk.internal.reflect.DelegatingMethodAccessorImpl.invoke(DelegatingMethodAccessorImpl.java:43)
	at Complete Education Partner Profile.run(Complete Education Partner Profile:97)
	at com.kms.katalon.core.main.ScriptEngine.run(ScriptEngine.java:194)
	at com.kms.katalon.core.main.ScriptEngine.runScriptAsRawText(ScriptEngine.java:119)
	at com.kms.katalon.core.main.TestCaseExecutor.runScript(TestCaseExecutor.java:448)
	at com.kms.katalon.core.main.TestCaseExecutor.doExecute(TestCaseExecutor.java:439)
	at com.kms.katalon.core.main.TestCaseExecutor.processExecutionPhase(TestCaseExecutor.java:418)
	at com.kms.katalon.core.main.TestCaseExecutor.accessMainPhase(TestCaseExecutor.java:410)
	at com.kms.katalon.core.main.TestCaseExecutor.execute(TestCaseExecutor.java:285)
	at com.kms.katalon.core.main.TestCaseMain.runTestCase(TestCaseMain.java:137)
	at com.kms.katalon.core.keyword.builtin.CallTestCaseKeyword$_callTestCase_closure1.doCall(CallTestCaseKeyword.groovy:59)
	at com.kms.katalon.core.keyword.builtin.CallTestCaseKeyword$_callTestCase_closure1.call(CallTestCaseKeyword.groovy)
	at com.kms.katalon.core.keyword.internal.KeywordMain.runKeyword(KeywordMain.groovy:75)
	at com.kms.katalon.core.keyword.builtin.CallTestCaseKeyword.callTestCase(CallTestCaseKeyword.groovy:81)
	at com.kms.katalon.core.keyword.builtin.CallTestCaseKeyword.execute(CallTestCaseKeyword.groovy:44)
	at com.kms.katalon.core.keyword.internal.KeywordExecutor.executeKeywordForPlatform(KeywordExecutor.groovy:74)
	at com.kms.katalon.core.keyword.BuiltinKeywords.callTestCase(BuiltinKeywords.groovy:310)
	at jdk.internal.reflect.GeneratedMethodAccessor30.invoke(Unknown Source)
	at java.base/jdk.internal.reflect.DelegatingMethodAccessorImpl.invoke(DelegatingMethodAccessorImpl.java:43)
	at Register Education Partner.run(Register Education Partner:401)
	at com.kms.katalon.core.main.ScriptEngine.run(ScriptEngine.java:194)
	at com.kms.katalon.core.main.ScriptEngine.runScriptAsRawText(ScriptEngine.java:119)
	at com.kms.katalon.core.main.TestCaseExecutor.runScript(TestCaseExecutor.java:448)
	at com.kms.katalon.core.main.TestCaseExecutor.doExecute(TestCaseExecutor.java:439)
	at com.kms.katalon.core.main.TestCaseExecutor.processExecutionPhase(TestCaseExecutor.java:418)
	at com.kms.katalon.core.main.TestCaseExecutor.accessMainPhase(TestCaseExecutor.java:410)
	at com.kms.katalon.core.main.TestCaseExecutor.execute(TestCaseExecutor.java:285)
	at com.kms.katalon.core.common.CommonExecutor.accessTestCaseMainPhase(CommonExecutor.java:65)
	at com.kms.katalon.core.main.TestSuiteExecutor.accessTestSuiteMainPhase(TestSuiteExecutor.java:150)
	at com.kms.katalon.core.main.TestSuiteExecutor.execute(TestSuiteExecutor.java:106)
	at com.kms.katalon.core.main.TestCaseMain.startTestSuite(TestCaseMain.java:180)
	at TempTestSuite1737837875715.run(TempTestSuite1737837875715.groovy:35)
	at java.base/jdk.internal.reflect.NativeMethodAccessorImpl.invoke0(Native Method)
	at java.base/jdk.internal.reflect.NativeMethodAccessorImpl.invoke(NativeMethodAccessorImpl.java:77)
	at java.base/jdk.internal.reflect.DelegatingMethodAccessorImpl.invoke(DelegatingMethodAccessorImpl.java:43)
Caused by: com.kms.katalon.core.webui.exception.WebElementNotFoundException: Web element with id: 'Object Repository/Education Candidate Profile/Tabs/Contact Info/a_Terms and Conditions' located by '//div[@id='group-1443546232.861']/div[17]/div[4]/a' not found
	at com.kms.katalon.core.webui.common.WebUiCommonHelper.findWebElement(WebUiCommonHelper.java:1423)
	at Perform Action.run(Perform Action:32)
	at com.kms.katalon.core.main.ScriptEngine.run(ScriptEngine.java:194)
	at com.kms.katalon.core.main.ScriptEngine.runScriptAsRawText(ScriptEngine.java:119)
	at com.kms.katalon.core.main.TestCaseExecutor.runScript(TestCaseExecutor.java:448)
	at com.kms.katalon.core.main.TestCaseExecutor.doExecute(TestCaseExecutor.java:439)
	at com.kms.katalon.core.main.TestCaseExecutor.processExecutionPhase(TestCaseExecutor.java:418)
	at com.kms.katalon.core.main.TestCaseExecutor.accessMainPhase(TestCaseExecutor.java:410)
	at com.kms.katalon.core.main.TestCaseExecutor.execute(TestCaseExecutor.java:285)
	at com.kms.katalon.core.main.TestCaseMain.runTestCase(TestCaseMain.java:137)
	at com.kms.katalon.core.keyword.builtin.CallTestCaseKeyword$_callTestCase_closure1.doCall(CallTestCaseKeyword.groovy:59)
	... 78 more


25-01-2025T14:47:53 - [TEST_STEP][PASSED] - outFile = outFile: null

25-01-2025T14:47:53 - [TEST_STEP][PASSED] - pageLinks = varPageLinks: null

25-01-2025T14:47:53 - [TEST_STEP][PASSED] - println(pageLinks): null

25-01-2025T14:47:53 - [TEST_STEP][PASSED] - objectPath = varObjectPath: null

25-01-2025T14:47:53 - [TEST_STEP][PASSED] - println(objectPath): null

25-01-2025T14:47:53 - [TEST_STEP][PASSED] - callingTab = varCallingTab: null

25-01-2025T14:47:53 - [TEST_STEP][PASSED] - println(callingTab): null

25-01-2025T14:47:53 - [TEST_STEP][PASSED] - driver = getWebDriver(): null

25-01-2025T14:47:53 - [TEST_STEP][ERROR] - for (def it : pageLinks): Test Cases/_Functions/Test External Links FAILED.
Reason:
com.kms.katalon.core.exception.StepErrorException: Call Test Case 'Test Cases/_Functions/Perform Action' failed because of error(s)
	at com.kms.katalon.core.keyword.builtin.CallTestCaseKeyword$_callTestCase_closure1.doCall(CallTestCaseKeyword.groovy:66)
	at com.kms.katalon.core.keyword.builtin.CallTestCaseKeyword$_callTestCase_closure1.call(CallTestCaseKeyword.groovy)
	at com.kms.katalon.core.keyword.internal.KeywordMain.runKeyword(KeywordMain.groovy:75)
	at com.kms.katalon.core.keyword.builtin.CallTestCaseKeyword.callTestCase(CallTestCaseKeyword.groovy:81)
	at com.kms.katalon.core.keyword.builtin.CallTestCaseKeyword.execute(CallTestCaseKeyword.groovy:44)
	at com.kms.katalon.core.keyword.internal.KeywordExecutor.executeKeywordForPlatform(KeywordExecutor.groovy:74)
	at com.kms.katalon.core.keyword.BuiltinKeywords.callTestCase(BuiltinKeywords.groovy:310)
	at jdk.internal.reflect.GeneratedMethodAccessor30.invoke(Unknown Source)
	at java.base/jdk.internal.reflect.DelegatingMethodAccessorImpl.invoke(DelegatingMethodAccessorImpl.java:43)
	at Test External Links.run(Test External Links:47)
	at com.kms.katalon.core.main.ScriptEngine.run(ScriptEngine.java:194)
	at com.kms.katalon.core.main.ScriptEngine.runScriptAsRawText(ScriptEngine.java:119)
	at com.kms.katalon.core.main.TestCaseExecutor.runScript(TestCaseExecutor.java:448)
	at com.kms.katalon.core.main.TestCaseExecutor.doExecute(TestCaseExecutor.java:439)
	at com.kms.katalon.core.main.TestCaseExecutor.processExecutionPhase(TestCaseExecutor.java:418)
	at com.kms.katalon.core.main.TestCaseExecutor.accessMainPhase(TestCaseExecutor.java:410)
	at com.kms.katalon.core.main.TestCaseExecutor.execute(TestCaseExecutor.java:285)
	at com.kms.katalon.core.main.TestCaseMain.runTestCase(TestCaseMain.java:137)
	at com.kms.katalon.core.keyword.builtin.CallTestCaseKeyword$_callTestCase_closure1.doCall(CallTestCaseKeyword.groovy:59)
	at com.kms.katalon.core.keyword.builtin.CallTestCaseKeyword$_callTestCase_closure1.call(CallTestCaseKeyword.groovy)
	at com.kms.katalon.core.keyword.internal.KeywordMain.runKeyword(KeywordMain.groovy:75)
	at com.kms.katalon.core.keyword.builtin.CallTestCaseKeyword.callTestCase(CallTestCaseKeyword.groovy:81)
	at com.kms.katalon.core.keyword.builtin.CallTestCaseKeyword.execute(CallTestCaseKeyword.groovy:44)
	at com.kms.katalon.core.keyword.internal.KeywordExecutor.executeKeywordForPlatform(KeywordExecutor.groovy:74)
	at com.kms.katalon.core.keyword.BuiltinKeywords.callTestCase(BuiltinKeywords.groovy:310)
	at jdk.internal.reflect.GeneratedMethodAccessor30.invoke(Unknown Source)
	at java.base/jdk.internal.reflect.DelegatingMethodAccessorImpl.invoke(DelegatingMethodAccessorImpl.java:43)
	at Set Contact Info.run(Set Contact Info:140)
	at com.kms.katalon.core.main.ScriptEngine.run(ScriptEngine.java:194)
	at com.kms.katalon.core.main.ScriptEngine.runScriptAsRawText(ScriptEngine.java:119)
	at com.kms.katalon.core.main.TestCaseExecutor.runScript(TestCaseExecutor.java:448)
	at com.kms.katalon.core.main.TestCaseExecutor.doExecute(TestCaseExecutor.java:439)
	at com.kms.katalon.core.main.TestCaseExecutor.processExecutionPhase(TestCaseExecutor.java:418)
	at com.kms.katalon.core.main.TestCaseExecutor.accessMainPhase(TestCaseExecutor.java:410)
	at com.kms.katalon.core.main.TestCaseExecutor.execute(TestCaseExecutor.java:285)
	at com.kms.katalon.core.main.TestCaseMain.runTestCase(TestCaseMain.java:137)
	at com.kms.katalon.core.keyword.builtin.CallTestCaseKeyword$_callTestCase_closure1.doCall(CallTestCaseKeyword.groovy:59)
	at com.kms.katalon.core.keyword.builtin.CallTestCaseKeyword$_callTestCase_closure1.call(CallTestCaseKeyword.groovy)
	at com.kms.katalon.core.keyword.internal.KeywordMain.runKeyword(KeywordMain.groovy:75)
	at com.kms.katalon.core.keyword.builtin.CallTestCaseKeyword.callTestCase(CallTestCaseKeyword.groovy:81)
	at com.kms.katalon.core.keyword.builtin.CallTestCaseKeyword.execute(CallTestCaseKeyword.groovy:44)
	at com.kms.katalon.core.keyword.internal.KeywordExecutor.executeKeywordForPlatform(KeywordExecutor.groovy:74)
	at com.kms.katalon.core.keyword.BuiltinKeywords.callTestCase(BuiltinKeywords.groovy:310)
	at jdk.internal.reflect.GeneratedMethodAccessor30.invoke(Unknown Source)
	at java.base/jdk.internal.reflect.DelegatingMethodAccessorImpl.invoke(DelegatingMethodAccessorImpl.java:43)
	at Complete Education Partner Profile.run(Complete Education Partner Profile:97)
	at com.kms.katalon.core.main.ScriptEngine.run(ScriptEngine.java:194)
	at com.kms.katalon.core.main.ScriptEngine.runScriptAsRawText(ScriptEngine.java:119)
	at com.kms.katalon.core.main.TestCaseExecutor.runScript(TestCaseExecutor.java:448)
	at com.kms.katalon.core.main.TestCaseExecutor.doExecute(TestCaseExecutor.java:439)
	at com.kms.katalon.core.main.TestCaseExecutor.processExecutionPhase(TestCaseExecutor.java:418)
	at com.kms.katalon.core.main.TestCaseExecutor.accessMainPhase(TestCaseExecutor.java:410)
	at com.kms.katalon.core.main.TestCaseExecutor.execute(TestCaseExecutor.java:285)
	at com.kms.katalon.core.main.TestCaseMain.runTestCase(TestCaseMain.java:137)
	at com.kms.katalon.core.keyword.builtin.CallTestCaseKeyword$_callTestCase_closure1.doCall(CallTestCaseKeyword.groovy:59)
	at com.kms.katalon.core.keyword.builtin.CallTestCaseKeyword$_callTestCase_closure1.call(CallTestCaseKeyword.groovy)
	at com.kms.katalon.core.keyword.internal.KeywordMain.runKeyword(KeywordMain.groovy:75)
	at com.kms.katalon.core.keyword.builtin.CallTestCaseKeyword.callTestCase(CallTestCaseKeyword.groovy:81)
	at com.kms.katalon.core.keyword.builtin.CallTestCaseKeyword.execute(CallTestCaseKeyword.groovy:44)
	at com.kms.katalon.core.keyword.internal.KeywordExecutor.executeKeywordForPlatform(KeywordExecutor.groovy:74)
	at com.kms.katalon.core.keyword.BuiltinKeywords.callTestCase(BuiltinKeywords.groovy:310)
	at jdk.internal.reflect.GeneratedMethodAccessor30.invoke(Unknown Source)
	at java.base/jdk.internal.reflect.DelegatingMethodAccessorImpl.invoke(DelegatingMethodAccessorImpl.java:43)
	at Register Education Partner.run(Register Education Partner:401)
	at com.kms.katalon.core.main.ScriptEngine.run(ScriptEngine.java:194)
	at com.kms.katalon.core.main.ScriptEngine.runScriptAsRawText(ScriptEngine.java:119)
	at com.kms.katalon.core.main.TestCaseExecutor.runScript(TestCaseExecutor.java:448)
	at com.kms.katalon.core.main.TestCaseExecutor.doExecute(TestCaseExecutor.java:439)
	at com.kms.katalon.core.main.TestCaseExecutor.processExecutionPhase(TestCaseExecutor.java:418)
	at com.kms.katalon.core.main.TestCaseExecutor.accessMainPhase(TestCaseExecutor.java:410)
	at com.kms.katalon.core.main.TestCaseExecutor.execute(TestCaseExecutor.java:285)
	at com.kms.katalon.core.common.CommonExecutor.accessTestCaseMainPhase(CommonExecutor.java:65)
	at com.kms.katalon.core.main.TestSuiteExecutor.accessTestSuiteMainPhase(TestSuiteExecutor.java:150)
	at com.kms.katalon.core.main.TestSuiteExecutor.execute(TestSuiteExecutor.java:106)
	at com.kms.katalon.core.main.TestCaseMain.startTestSuite(TestCaseMain.java:180)
	at TempTestSuite1737837875715.run(TempTestSuite1737837875715.groovy:35)
	at java.base/jdk.internal.reflect.NativeMethodAccessorImpl.invoke0(Native Method)
	at java.base/jdk.internal.reflect.NativeMethodAccessorImpl.invoke(NativeMethodAccessorImpl.java:77)
	at java.base/jdk.internal.reflect.DelegatingMethodAccessorImpl.invoke(DelegatingMethodAccessorImpl.java:43)
Caused by: com.kms.katalon.core.webui.exception.WebElementNotFoundException: Web element with id: 'Object Repository/Education Candidate Profile/Tabs/Contact Info/a_Terms and Conditions' located by '//div[@id='group-1443546232.861']/div[17]/div[4]/a' not found
	at com.kms.katalon.core.webui.common.WebUiCommonHelper.findWebElement(WebUiCommonHelper.java:1423)
	at Perform Action.run(Perform Action:32)
	at com.kms.katalon.core.main.ScriptEngine.run(ScriptEngine.java:194)
	at com.kms.katalon.core.main.ScriptEngine.runScriptAsRawText(ScriptEngine.java:119)
	at com.kms.katalon.core.main.TestCaseExecutor.runScript(TestCaseExecutor.java:448)
	at com.kms.katalon.core.main.TestCaseExecutor.doExecute(TestCaseExecutor.java:439)
	at com.kms.katalon.core.main.TestCaseExecutor.processExecutionPhase(TestCaseExecutor.java:418)
	at com.kms.katalon.core.main.TestCaseExecutor.accessMainPhase(TestCaseExecutor.java:410)
	at com.kms.katalon.core.main.TestCaseExecutor.execute(TestCaseExecutor.java:285)
	at com.kms.katalon.core.main.TestCaseMain.runTestCase(TestCaseMain.java:137)
	at com.kms.katalon.core.keyword.builtin.CallTestCaseKeyword$_callTestCase_closure1.doCall(CallTestCaseKeyword.groovy:59)
	... 78 more


25-01-2025T14:47:53 - [TEST_STEP][PASSED] - myElement = "a_" + key: null

25-01-2025T14:47:53 - [TEST_STEP][PASSED] - myText = value: null

25-01-2025T14:47:53 - [TEST_STEP][PASSED] - object = objectPath + myElement: null

25-01-2025T14:47:53 - [TEST_STEP][PASSED] - println(object): null

25-01-2025T14:47:53 - [TEST_STEP][ERROR] - callTestCase(findTestCase("_Functions/Perform Action"), ["varAction":"click", "varObject":object], STOP_ON_FAILURE): Test Cases/_Functions/Test External Links FAILED.
Reason:
com.kms.katalon.core.exception.StepErrorException: Call Test Case 'Test Cases/_Functions/Perform Action' failed because of error(s)
	at com.kms.katalon.core.keyword.builtin.CallTestCaseKeyword$_callTestCase_closure1.doCall(CallTestCaseKeyword.groovy:66)
	at com.kms.katalon.core.keyword.builtin.CallTestCaseKeyword$_callTestCase_closure1.call(CallTestCaseKeyword.groovy)
	at com.kms.katalon.core.keyword.internal.KeywordMain.runKeyword(KeywordMain.groovy:75)
	at com.kms.katalon.core.keyword.builtin.CallTestCaseKeyword.callTestCase(CallTestCaseKeyword.groovy:81)
	at com.kms.katalon.core.keyword.builtin.CallTestCaseKeyword.execute(CallTestCaseKeyword.groovy:44)
	at com.kms.katalon.core.keyword.internal.KeywordExecutor.executeKeywordForPlatform(KeywordExecutor.groovy:74)
	at com.kms.katalon.core.keyword.BuiltinKeywords.callTestCase(BuiltinKeywords.groovy:310)
	at jdk.internal.reflect.GeneratedMethodAccessor30.invoke(Unknown Source)
	at java.base/jdk.internal.reflect.DelegatingMethodAccessorImpl.invoke(DelegatingMethodAccessorImpl.java:43)
	at Test External Links.run(Test External Links:47)
	at com.kms.katalon.core.main.ScriptEngine.run(ScriptEngine.java:194)
	at com.kms.katalon.core.main.ScriptEngine.runScriptAsRawText(ScriptEngine.java:119)
	at com.kms.katalon.core.main.TestCaseExecutor.runScript(TestCaseExecutor.java:448)
	at com.kms.katalon.core.main.TestCaseExecutor.doExecute(TestCaseExecutor.java:439)
	at com.kms.katalon.core.main.TestCaseExecutor.processExecutionPhase(TestCaseExecutor.java:418)
	at com.kms.katalon.core.main.TestCaseExecutor.accessMainPhase(TestCaseExecutor.java:410)
	at com.kms.katalon.core.main.TestCaseExecutor.execute(TestCaseExecutor.java:285)
	at com.kms.katalon.core.main.TestCaseMain.runTestCase(TestCaseMain.java:137)
	at com.kms.katalon.core.keyword.builtin.CallTestCaseKeyword$_callTestCase_closure1.doCall(CallTestCaseKeyword.groovy:59)
	at com.kms.katalon.core.keyword.builtin.CallTestCaseKeyword$_callTestCase_closure1.call(CallTestCaseKeyword.groovy)
	at com.kms.katalon.core.keyword.internal.KeywordMain.runKeyword(KeywordMain.groovy:75)
	at com.kms.katalon.core.keyword.builtin.CallTestCaseKeyword.callTestCase(CallTestCaseKeyword.groovy:81)
	at com.kms.katalon.core.keyword.builtin.CallTestCaseKeyword.execute(CallTestCaseKeyword.groovy:44)
	at com.kms.katalon.core.keyword.internal.KeywordExecutor.executeKeywordForPlatform(KeywordExecutor.groovy:74)
	at com.kms.katalon.core.keyword.BuiltinKeywords.callTestCase(BuiltinKeywords.groovy:310)
	at jdk.internal.reflect.GeneratedMethodAccessor30.invoke(Unknown Source)
	at java.base/jdk.internal.reflect.DelegatingMethodAccessorImpl.invoke(DelegatingMethodAccessorImpl.java:43)
	at Set Contact Info.run(Set Contact Info:140)
	at com.kms.katalon.core.main.ScriptEngine.run(ScriptEngine.java:194)
	at com.kms.katalon.core.main.ScriptEngine.runScriptAsRawText(ScriptEngine.java:119)
	at com.kms.katalon.core.main.TestCaseExecutor.runScript(TestCaseExecutor.java:448)
	at com.kms.katalon.core.main.TestCaseExecutor.doExecute(TestCaseExecutor.java:439)
	at com.kms.katalon.core.main.TestCaseExecutor.processExecutionPhase(TestCaseExecutor.java:418)
	at com.kms.katalon.core.main.TestCaseExecutor.accessMainPhase(TestCaseExecutor.java:410)
	at com.kms.katalon.core.main.TestCaseExecutor.execute(TestCaseExecutor.java:285)
	at com.kms.katalon.core.main.TestCaseMain.runTestCase(TestCaseMain.java:137)
	at com.kms.katalon.core.keyword.builtin.CallTestCaseKeyword$_callTestCase_closure1.doCall(CallTestCaseKeyword.groovy:59)
	at com.kms.katalon.core.keyword.builtin.CallTestCaseKeyword$_callTestCase_closure1.call(CallTestCaseKeyword.groovy)
	at com.kms.katalon.core.keyword.internal.KeywordMain.runKeyword(KeywordMain.groovy:75)
	at com.kms.katalon.core.keyword.builtin.CallTestCaseKeyword.callTestCase(CallTestCaseKeyword.groovy:81)
	at com.kms.katalon.core.keyword.builtin.CallTestCaseKeyword.execute(CallTestCaseKeyword.groovy:44)
	at com.kms.katalon.core.keyword.internal.KeywordExecutor.executeKeywordForPlatform(KeywordExecutor.groovy:74)
	at com.kms.katalon.core.keyword.BuiltinKeywords.callTestCase(BuiltinKeywords.groovy:310)
	at jdk.internal.reflect.GeneratedMethodAccessor30.invoke(Unknown Source)
	at java.base/jdk.internal.reflect.DelegatingMethodAccessorImpl.invoke(DelegatingMethodAccessorImpl.java:43)
	at Complete Education Partner Profile.run(Complete Education Partner Profile:97)
	at com.kms.katalon.core.main.ScriptEngine.run(ScriptEngine.java:194)
	at com.kms.katalon.core.main.ScriptEngine.runScriptAsRawText(ScriptEngine.java:119)
	at com.kms.katalon.core.main.TestCaseExecutor.runScript(TestCaseExecutor.java:448)
	at com.kms.katalon.core.main.TestCaseExecutor.doExecute(TestCaseExecutor.java:439)
	at com.kms.katalon.core.main.TestCaseExecutor.processExecutionPhase(TestCaseExecutor.java:418)
	at com.kms.katalon.core.main.TestCaseExecutor.accessMainPhase(TestCaseExecutor.java:410)
	at com.kms.katalon.core.main.TestCaseExecutor.execute(TestCaseExecutor.java:285)
	at com.kms.katalon.core.main.TestCaseMain.runTestCase(TestCaseMain.java:137)
	at com.kms.katalon.core.keyword.builtin.CallTestCaseKeyword$_callTestCase_closure1.doCall(CallTestCaseKeyword.groovy:59)
	at com.kms.katalon.core.keyword.builtin.CallTestCaseKeyword$_callTestCase_closure1.call(CallTestCaseKeyword.groovy)
	at com.kms.katalon.core.keyword.internal.KeywordMain.runKeyword(KeywordMain.groovy:75)
	at com.kms.katalon.core.keyword.builtin.CallTestCaseKeyword.callTestCase(CallTestCaseKeyword.groovy:81)
	at com.kms.katalon.core.keyword.builtin.CallTestCaseKeyword.execute(CallTestCaseKeyword.groovy:44)
	at com.kms.katalon.core.keyword.internal.KeywordExecutor.executeKeywordForPlatform(KeywordExecutor.groovy:74)
	at com.kms.katalon.core.keyword.BuiltinKeywords.callTestCase(BuiltinKeywords.groovy:310)
	at jdk.internal.reflect.GeneratedMethodAccessor30.invoke(Unknown Source)
	at java.base/jdk.internal.reflect.DelegatingMethodAccessorImpl.invoke(DelegatingMethodAccessorImpl.java:43)
	at Register Education Partner.run(Register Education Partner:401)
	at com.kms.katalon.core.main.ScriptEngine.run(ScriptEngine.java:194)
	at com.kms.katalon.core.main.ScriptEngine.runScriptAsRawText(ScriptEngine.java:119)
	at com.kms.katalon.core.main.TestCaseExecutor.runScript(TestCaseExecutor.java:448)
	at com.kms.katalon.core.main.TestCaseExecutor.doExecute(TestCaseExecutor.java:439)
	at com.kms.katalon.core.main.TestCaseExecutor.processExecutionPhase(TestCaseExecutor.java:418)
	at com.kms.katalon.core.main.TestCaseExecutor.accessMainPhase(TestCaseExecutor.java:410)
	at com.kms.katalon.core.main.TestCaseExecutor.execute(TestCaseExecutor.java:285)
	at com.kms.katalon.core.common.CommonExecutor.accessTestCaseMainPhase(CommonExecutor.java:65)
	at com.kms.katalon.core.main.TestSuiteExecutor.accessTestSuiteMainPhase(TestSuiteExecutor.java:150)
	at com.kms.katalon.core.main.TestSuiteExecutor.execute(TestSuiteExecutor.java:106)
	at com.kms.katalon.core.main.TestCaseMain.startTestSuite(TestCaseMain.java:180)
	at TempTestSuite1737837875715.run(TempTestSuite1737837875715.groovy:35)
	at java.base/jdk.internal.reflect.NativeMethodAccessorImpl.invoke0(Native Method)
	at java.base/jdk.internal.reflect.NativeMethodAccessorImpl.invoke(NativeMethodAccessorImpl.java:77)
	at java.base/jdk.internal.reflect.DelegatingMethodAccessorImpl.invoke(DelegatingMethodAccessorImpl.java:43)
Caused by: com.kms.katalon.core.webui.exception.WebElementNotFoundException: Web element with id: 'Object Repository/Education Candidate Profile/Tabs/Contact Info/a_Terms and Conditions' located by '//div[@id='group-1443546232.861']/div[17]/div[4]/a' not found
	at com.kms.katalon.core.webui.common.WebUiCommonHelper.findWebElement(WebUiCommonHelper.java:1423)
	at Perform Action.run(Perform Action:32)
	at com.kms.katalon.core.main.ScriptEngine.run(ScriptEngine.java:194)
	at com.kms.katalon.core.main.ScriptEngine.runScriptAsRawText(ScriptEngine.java:119)
	at com.kms.katalon.core.main.TestCaseExecutor.runScript(TestCaseExecutor.java:448)
	at com.kms.katalon.core.main.TestCaseExecutor.doExecute(TestCaseExecutor.java:439)
	at com.kms.katalon.core.main.TestCaseExecutor.processExecutionPhase(TestCaseExecutor.java:418)
	at com.kms.katalon.core.main.TestCaseExecutor.accessMainPhase(TestCaseExecutor.java:410)
	at com.kms.katalon.core.main.TestCaseExecutor.execute(TestCaseExecutor.java:285)
	at com.kms.katalon.core.main.TestCaseMain.runTestCase(TestCaseMain.java:137)
	at com.kms.katalon.core.keyword.builtin.CallTestCaseKeyword$_callTestCase_closure1.doCall(CallTestCaseKeyword.groovy:59)
	... 78 more


25-01-2025T14:47:53 - [TEST_CASE][ERROR] - Test Cases/_Functions/Perform Action: Test Cases/_Functions/Perform Action FAILED.
Reason:
com.kms.katalon.core.webui.exception.WebElementNotFoundException: Web element with id: 'Object Repository/Education Candidate Profile/Tabs/Contact Info/a_Terms and Conditions' located by '//div[@id='group-1443546232.861']/div[17]/div[4]/a' not found
	at com.kms.katalon.core.webui.common.WebUiCommonHelper.findWebElement(WebUiCommonHelper.java:1423)
	at Perform Action.run(Perform Action:32)
	at com.kms.katalon.core.main.ScriptEngine.run(ScriptEngine.java:194)
	at com.kms.katalon.core.main.ScriptEngine.runScriptAsRawText(ScriptEngine.java:119)
	at com.kms.katalon.core.main.TestCaseExecutor.runScript(TestCaseExecutor.java:448)
	at com.kms.katalon.core.main.TestCaseExecutor.doExecute(TestCaseExecutor.java:439)
	at com.kms.katalon.core.main.TestCaseExecutor.processExecutionPhase(TestCaseExecutor.java:418)
	at com.kms.katalon.core.main.TestCaseExecutor.accessMainPhase(TestCaseExecutor.java:410)
	at com.kms.katalon.core.main.TestCaseExecutor.execute(TestCaseExecutor.java:285)
	at com.kms.katalon.core.main.TestCaseMain.runTestCase(TestCaseMain.java:137)
	at com.kms.katalon.core.keyword.builtin.CallTestCaseKeyword$_callTestCase_closure1.doCall(CallTestCaseKeyword.groovy:59)
	at com.kms.katalon.core.keyword.builtin.CallTestCaseKeyword$_callTestCase_closure1.call(CallTestCaseKeyword.groovy)
	at com.kms.katalon.core.keyword.internal.KeywordMain.runKeyword(KeywordMain.groovy:75)
	at com.kms.katalon.core.keyword.builtin.CallTestCaseKeyword.callTestCase(CallTestCaseKeyword.groovy:81)
	at com.kms.katalon.core.keyword.builtin.CallTestCaseKeyword.execute(CallTestCaseKeyword.groovy:44)
	at com.kms.katalon.core.keyword.internal.KeywordExecutor.executeKeywordForPlatform(KeywordExecutor.groovy:74)
	at com.kms.katalon.core.keyword.BuiltinKeywords.callTestCase(BuiltinKeywords.groovy:310)
	at jdk.internal.reflect.GeneratedMethodAccessor30.invoke(Unknown Source)
	at java.base/jdk.internal.reflect.DelegatingMethodAccessorImpl.invoke(DelegatingMethodAccessorImpl.java:43)
	at Test External Links.run(Test External Links:47)
	at com.kms.katalon.core.main.ScriptEngine.run(ScriptEngine.java:194)
	at com.kms.katalon.core.main.ScriptEngine.runScriptAsRawText(ScriptEngine.java:119)
	at com.kms.katalon.core.main.TestCaseExecutor.runScript(TestCaseExecutor.java:448)
	at com.kms.katalon.core.main.TestCaseExecutor.doExecute(TestCaseExecutor.java:439)
	at com.kms.katalon.core.main.TestCaseExecutor.processExecutionPhase(TestCaseExecutor.java:418)
	at com.kms.katalon.core.main.TestCaseExecutor.accessMainPhase(TestCaseExecutor.java:410)
	at com.kms.katalon.core.main.TestCaseExecutor.execute(TestCaseExecutor.java:285)
	at com.kms.katalon.core.main.TestCaseMain.runTestCase(TestCaseMain.java:137)
	at com.kms.katalon.core.keyword.builtin.CallTestCaseKeyword$_callTestCase_closure1.doCall(CallTestCaseKeyword.groovy:59)
	at com.kms.katalon.core.keyword.builtin.CallTestCaseKeyword$_callTestCase_closure1.call(CallTestCaseKeyword.groovy)
	at com.kms.katalon.core.keyword.internal.KeywordMain.runKeyword(KeywordMain.groovy:75)
	at com.kms.katalon.core.keyword.builtin.CallTestCaseKeyword.callTestCase(CallTestCaseKeyword.groovy:81)
	at com.kms.katalon.core.keyword.builtin.CallTestCaseKeyword.execute(CallTestCaseKeyword.groovy:44)
	at com.kms.katalon.core.keyword.internal.KeywordExecutor.executeKeywordForPlatform(KeywordExecutor.groovy:74)
	at com.kms.katalon.core.keyword.BuiltinKeywords.callTestCase(BuiltinKeywords.groovy:310)
	at jdk.internal.reflect.GeneratedMethodAccessor30.invoke(Unknown Source)
	at java.base/jdk.internal.reflect.DelegatingMethodAccessorImpl.invoke(DelegatingMethodAccessorImpl.java:43)
	at Set Contact Info.run(Set Contact Info:140)
	at com.kms.katalon.core.main.ScriptEngine.run(ScriptEngine.java:194)
	at com.kms.katalon.core.main.ScriptEngine.runScriptAsRawText(ScriptEngine.java:119)
	at com.kms.katalon.core.main.TestCaseExecutor.runScript(TestCaseExecutor.java:448)
	at com.kms.katalon.core.main.TestCaseExecutor.doExecute(TestCaseExecutor.java:439)
	at com.kms.katalon.core.main.TestCaseExecutor.processExecutionPhase(TestCaseExecutor.java:418)
	at com.kms.katalon.core.main.TestCaseExecutor.accessMainPhase(TestCaseExecutor.java:410)
	at com.kms.katalon.core.main.TestCaseExecutor.execute(TestCaseExecutor.java:285)
	at com.kms.katalon.core.main.TestCaseMain.runTestCase(TestCaseMain.java:137)
	at com.kms.katalon.core.keyword.builtin.CallTestCaseKeyword$_callTestCase_closure1.doCall(CallTestCaseKeyword.groovy:59)
	at com.kms.katalon.core.keyword.builtin.CallTestCaseKeyword$_callTestCase_closure1.call(CallTestCaseKeyword.groovy)
	at com.kms.katalon.core.keyword.internal.KeywordMain.runKeyword(KeywordMain.groovy:75)
	at com.kms.katalon.core.keyword.builtin.CallTestCaseKeyword.callTestCase(CallTestCaseKeyword.groovy:81)
	at com.kms.katalon.core.keyword.builtin.CallTestCaseKeyword.execute(CallTestCaseKeyword.groovy:44)
	at com.kms.katalon.core.keyword.internal.KeywordExecutor.executeKeywordForPlatform(KeywordExecutor.groovy:74)
	at com.kms.katalon.core.keyword.BuiltinKeywords.callTestCase(BuiltinKeywords.groovy:310)
	at jdk.internal.reflect.GeneratedMethodAccessor30.invoke(Unknown Source)
	at java.base/jdk.internal.reflect.DelegatingMethodAccessorImpl.invoke(DelegatingMethodAccessorImpl.java:43)
	at Complete Education Partner Profile.run(Complete Education Partner Profile:97)
	at com.kms.katalon.core.main.ScriptEngine.run(ScriptEngine.java:194)
	at com.kms.katalon.core.main.ScriptEngine.runScriptAsRawText(ScriptEngine.java:119)
	at com.kms.katalon.core.main.TestCaseExecutor.runScript(TestCaseExecutor.java:448)
	at com.kms.katalon.core.main.TestCaseExecutor.doExecute(TestCaseExecutor.java:439)
	at com.kms.katalon.core.main.TestCaseExecutor.processExecutionPhase(TestCaseExecutor.java:418)
	at com.kms.katalon.core.main.TestCaseExecutor.accessMainPhase(TestCaseExecutor.java:410)
	at com.kms.katalon.core.main.TestCaseExecutor.execute(TestCaseExecutor.java:285)
	at com.kms.katalon.core.main.TestCaseMain.runTestCase(TestCaseMain.java:137)
	at com.kms.katalon.core.keyword.builtin.CallTestCaseKeyword$_callTestCase_closure1.doCall(CallTestCaseKeyword.groovy:59)
	at com.kms.katalon.core.keyword.builtin.CallTestCaseKeyword$_callTestCase_closure1.call(CallTestCaseKeyword.groovy)
	at com.kms.katalon.core.keyword.internal.KeywordMain.runKeyword(KeywordMain.groovy:75)
	at com.kms.katalon.core.keyword.builtin.CallTestCaseKeyword.callTestCase(CallTestCaseKeyword.groovy:81)
	at com.kms.katalon.core.keyword.builtin.CallTestCaseKeyword.execute(CallTestCaseKeyword.groovy:44)
	at com.kms.katalon.core.keyword.internal.KeywordExecutor.executeKeywordForPlatform(KeywordExecutor.groovy:74)
	at com.kms.katalon.core.keyword.BuiltinKeywords.callTestCase(BuiltinKeywords.groovy:310)
	at jdk.internal.reflect.GeneratedMethodAccessor30.invoke(Unknown Source)
	at java.base/jdk.internal.reflect.DelegatingMethodAccessorImpl.invoke(DelegatingMethodAccessorImpl.java:43)
	at Register Education Partner.run(Register Education Partner:401)
	at com.kms.katalon.core.main.ScriptEngine.run(ScriptEngine.java:194)
	at com.kms.katalon.core.main.ScriptEngine.runScriptAsRawText(ScriptEngine.java:119)
	at com.kms.katalon.core.main.TestCaseExecutor.runScript(TestCaseExecutor.java:448)
	at com.kms.katalon.core.main.TestCaseExecutor.doExecute(TestCaseExecutor.java:439)
	at com.kms.katalon.core.main.TestCaseExecutor.processExecutionPhase(TestCaseExecutor.java:418)
	at com.kms.katalon.core.main.TestCaseExecutor.accessMainPhase(TestCaseExecutor.java:410)
	at com.kms.katalon.core.main.TestCaseExecutor.execute(TestCaseExecutor.java:285)
	at com.kms.katalon.core.common.CommonExecutor.accessTestCaseMainPhase(CommonExecutor.java:65)
	at com.kms.katalon.core.main.TestSuiteExecutor.accessTestSuiteMainPhase(TestSuiteExecutor.java:150)
	at com.kms.katalon.core.main.TestSuiteExecutor.execute(TestSuiteExecutor.java:106)
	at com.kms.katalon.core.main.TestCaseMain.startTestSuite(TestCaseMain.java:180)
	at TempTestSuite1737837875715.run(TempTestSuite1737837875715.groovy:35)
	at java.base/jdk.internal.reflect.NativeMethodAccessorImpl.invoke0(Native Method)
	at java.base/jdk.internal.reflect.NativeMethodAccessorImpl.invoke(NativeMethodAccessorImpl.java:77)
	at java.base/jdk.internal.reflect.DelegatingMethodAccessorImpl.invoke(DelegatingMethodAccessorImpl.java:43)


25-01-2025T14:47:53 - [TEST_STEP][PASSED] - action = varAction: null

25-01-2025T14:47:53 - [TEST_STEP][PASSED] - println(action): null

25-01-2025T14:47:53 - [TEST_STEP][PASSED] - testObject = varObject: null

25-01-2025T14:47:53 - [TEST_STEP][PASSED] - println(testObject): null

25-01-2025T14:47:53 - [TEST_STEP][PASSED] - parm1 = varParm1: null

25-01-2025T14:47:53 - [TEST_STEP][PASSED] - println(parm1): null

25-01-2025T14:47:53 - [TEST_STEP][PASSED] - println("Converting " + testObject + " to web element"): null

25-01-2025T14:47:53 - [TEST_STEP][ERROR] - element = findWebElement(findTestObject(testObject), 1): Test Cases/_Functions/Perform Action FAILED.
Reason:
com.kms.katalon.core.webui.exception.WebElementNotFoundException: Web element with id: 'Object Repository/Education Candidate Profile/Tabs/Contact Info/a_Terms and Conditions' located by '//div[@id='group-1443546232.861']/div[17]/div[4]/a' not found
	at com.kms.katalon.core.webui.common.WebUiCommonHelper.findWebElement(WebUiCommonHelper.java:1423)
	at Perform Action.run(Perform Action:32)
	at com.kms.katalon.core.main.ScriptEngine.run(ScriptEngine.java:194)
	at com.kms.katalon.core.main.ScriptEngine.runScriptAsRawText(ScriptEngine.java:119)
	at com.kms.katalon.core.main.TestCaseExecutor.runScript(TestCaseExecutor.java:448)
	at com.kms.katalon.core.main.TestCaseExecutor.doExecute(TestCaseExecutor.java:439)
	at com.kms.katalon.core.main.TestCaseExecutor.processExecutionPhase(TestCaseExecutor.java:418)
	at com.kms.katalon.core.main.TestCaseExecutor.accessMainPhase(TestCaseExecutor.java:410)
	at com.kms.katalon.core.main.TestCaseExecutor.execute(TestCaseExecutor.java:285)
	at com.kms.katalon.core.main.TestCaseMain.runTestCase(TestCaseMain.java:137)
	at com.kms.katalon.core.keyword.builtin.CallTestCaseKeyword$_callTestCase_closure1.doCall(CallTestCaseKeyword.groovy:59)
	at com.kms.katalon.core.keyword.builtin.CallTestCaseKeyword$_callTestCase_closure1.call(CallTestCaseKeyword.groovy)
	at com.kms.katalon.core.keyword.internal.KeywordMain.runKeyword(KeywordMain.groovy:75)
	at com.kms.katalon.core.keyword.builtin.CallTestCaseKeyword.callTestCase(CallTestCaseKeyword.groovy:81)
	at com.kms.katalon.core.keyword.builtin.CallTestCaseKeyword.execute(CallTestCaseKeyword.groovy:44)
	at com.kms.katalon.core.keyword.internal.KeywordExecutor.executeKeywordForPlatform(KeywordExecutor.groovy:74)
	at com.kms.katalon.core.keyword.BuiltinKeywords.callTestCase(BuiltinKeywords.groovy:310)
	at jdk.internal.reflect.GeneratedMethodAccessor30.invoke(Unknown Source)
	at java.base/jdk.internal.reflect.DelegatingMethodAccessorImpl.invoke(DelegatingMethodAccessorImpl.java:43)
	at Test External Links.run(Test External Links:47)
	at com.kms.katalon.core.main.ScriptEngine.run(ScriptEngine.java:194)
	at com.kms.katalon.core.main.ScriptEngine.runScriptAsRawText(ScriptEngine.java:119)
	at com.kms.katalon.core.main.TestCaseExecutor.runScript(TestCaseExecutor.java:448)
	at com.kms.katalon.core.main.TestCaseExecutor.doExecute(TestCaseExecutor.java:439)
	at com.kms.katalon.core.main.TestCaseExecutor.processExecutionPhase(TestCaseExecutor.java:418)
	at com.kms.katalon.core.main.TestCaseExecutor.accessMainPhase(TestCaseExecutor.java:410)
	at com.kms.katalon.core.main.TestCaseExecutor.execute(TestCaseExecutor.java:285)
	at com.kms.katalon.core.main.TestCaseMain.runTestCase(TestCaseMain.java:137)
	at com.kms.katalon.core.keyword.builtin.CallTestCaseKeyword$_callTestCase_closure1.doCall(CallTestCaseKeyword.groovy:59)
	at com.kms.katalon.core.keyword.builtin.CallTestCaseKeyword$_callTestCase_closure1.call(CallTestCaseKeyword.groovy)
	at com.kms.katalon.core.keyword.internal.KeywordMain.runKeyword(KeywordMain.groovy:75)
	at com.kms.katalon.core.keyword.builtin.CallTestCaseKeyword.callTestCase(CallTestCaseKeyword.groovy:81)
	at com.kms.katalon.core.keyword.builtin.CallTestCaseKeyword.execute(CallTestCaseKeyword.groovy:44)
	at com.kms.katalon.core.keyword.internal.KeywordExecutor.executeKeywordForPlatform(KeywordExecutor.groovy:74)
	at com.kms.katalon.core.keyword.BuiltinKeywords.callTestCase(BuiltinKeywords.groovy:310)
	at jdk.internal.reflect.GeneratedMethodAccessor30.invoke(Unknown Source)
	at java.base/jdk.internal.reflect.DelegatingMethodAccessorImpl.invoke(DelegatingMethodAccessorImpl.java:43)
	at Set Contact Info.run(Set Contact Info:140)
	at com.kms.katalon.core.main.ScriptEngine.run(ScriptEngine.java:194)
	at com.kms.katalon.core.main.ScriptEngine.runScriptAsRawText(ScriptEngine.java:119)
	at com.kms.katalon.core.main.TestCaseExecutor.runScript(TestCaseExecutor.java:448)
	at com.kms.katalon.core.main.TestCaseExecutor.doExecute(TestCaseExecutor.java:439)
	at com.kms.katalon.core.main.TestCaseExecutor.processExecutionPhase(TestCaseExecutor.java:418)
	at com.kms.katalon.core.main.TestCaseExecutor.accessMainPhase(TestCaseExecutor.java:410)
	at com.kms.katalon.core.main.TestCaseExecutor.execute(TestCaseExecutor.java:285)
	at com.kms.katalon.core.main.TestCaseMain.runTestCase(TestCaseMain.java:137)
	at com.kms.katalon.core.keyword.builtin.CallTestCaseKeyword$_callTestCase_closure1.doCall(CallTestCaseKeyword.groovy:59)
	at com.kms.katalon.core.keyword.builtin.CallTestCaseKeyword$_callTestCase_closure1.call(CallTestCaseKeyword.groovy)
	at com.kms.katalon.core.keyword.internal.KeywordMain.runKeyword(KeywordMain.groovy:75)
	at com.kms.katalon.core.keyword.builtin.CallTestCaseKeyword.callTestCase(CallTestCaseKeyword.groovy:81)
	at com.kms.katalon.core.keyword.builtin.CallTestCaseKeyword.execute(CallTestCaseKeyword.groovy:44)
	at com.kms.katalon.core.keyword.internal.KeywordExecutor.executeKeywordForPlatform(KeywordExecutor.groovy:74)
	at com.kms.katalon.core.keyword.BuiltinKeywords.callTestCase(BuiltinKeywords.groovy:310)
	at jdk.internal.reflect.GeneratedMethodAccessor30.invoke(Unknown Source)
	at java.base/jdk.internal.reflect.DelegatingMethodAccessorImpl.invoke(DelegatingMethodAccessorImpl.java:43)
	at Complete Education Partner Profile.run(Complete Education Partner Profile:97)
	at com.kms.katalon.core.main.ScriptEngine.run(ScriptEngine.java:194)
	at com.kms.katalon.core.main.ScriptEngine.runScriptAsRawText(ScriptEngine.java:119)
	at com.kms.katalon.core.main.TestCaseExecutor.runScript(TestCaseExecutor.java:448)
	at com.kms.katalon.core.main.TestCaseExecutor.doExecute(TestCaseExecutor.java:439)
	at com.kms.katalon.core.main.TestCaseExecutor.processExecutionPhase(TestCaseExecutor.java:418)
	at com.kms.katalon.core.main.TestCaseExecutor.accessMainPhase(TestCaseExecutor.java:410)
	at com.kms.katalon.core.main.TestCaseExecutor.execute(TestCaseExecutor.java:285)
	at com.kms.katalon.core.main.TestCaseMain.runTestCase(TestCaseMain.java:137)
	at com.kms.katalon.core.keyword.builtin.CallTestCaseKeyword$_callTestCase_closure1.doCall(CallTestCaseKeyword.groovy:59)
	at com.kms.katalon.core.keyword.builtin.CallTestCaseKeyword$_callTestCase_closure1.call(CallTestCaseKeyword.groovy)
	at com.kms.katalon.core.keyword.internal.KeywordMain.runKeyword(KeywordMain.groovy:75)
	at com.kms.katalon.core.keyword.builtin.CallTestCaseKeyword.callTestCase(CallTestCaseKeyword.groovy:81)
	at com.kms.katalon.core.keyword.builtin.CallTestCaseKeyword.execute(CallTestCaseKeyword.groovy:44)
	at com.kms.katalon.core.keyword.internal.KeywordExecutor.executeKeywordForPlatform(KeywordExecutor.groovy:74)
	at com.kms.katalon.core.keyword.BuiltinKeywords.callTestCase(BuiltinKeywords.groovy:310)
	at jdk.internal.reflect.GeneratedMethodAccessor30.invoke(Unknown Source)
	at java.base/jdk.internal.reflect.DelegatingMethodAccessorImpl.invoke(DelegatingMethodAccessorImpl.java:43)
	at Register Education Partner.run(Register Education Partner:401)
	at com.kms.katalon.core.main.ScriptEngine.run(ScriptEngine.java:194)
	at com.kms.katalon.core.main.ScriptEngine.runScriptAsRawText(ScriptEngine.java:119)
	at com.kms.katalon.core.main.TestCaseExecutor.runScript(TestCaseExecutor.java:448)
	at com.kms.katalon.core.main.TestCaseExecutor.doExecute(TestCaseExecutor.java:439)
	at com.kms.katalon.core.main.TestCaseExecutor.processExecutionPhase(TestCaseExecutor.java:418)
	at com.kms.katalon.core.main.TestCaseExecutor.accessMainPhase(TestCaseExecutor.java:410)
	at com.kms.katalon.core.main.TestCaseExecutor.execute(TestCaseExecutor.java:285)
	at com.kms.katalon.core.common.CommonExecutor.accessTestCaseMainPhase(CommonExecutor.java:65)
	at com.kms.katalon.core.main.TestSuiteExecutor.accessTestSuiteMainPhase(TestSuiteExecutor.java:150)
	at com.kms.katalon.core.main.TestSuiteExecutor.execute(TestSuiteExecutor.java:106)
	at com.kms.katalon.core.main.TestCaseMain.startTestSuite(TestCaseMain.java:180)
	at TempTestSuite1737837875715.run(TempTestSuite1737837875715.groovy:35)
	at java.base/jdk.internal.reflect.NativeMethodAccessorImpl.invoke0(Native Method)
	at java.base/jdk.internal.reflect.NativeMethodAccessorImpl.invoke(NativeMethodAccessorImpl.java:77)
	at java.base/jdk.internal.reflect.DelegatingMethodAccessorImpl.invoke(DelegatingMethodAccessorImpl.java:43)


25-01-2025T14:47:55 - [MESSAGE][INFO] - Unable to find the element located by 'By.xpath: //div[@id='group-1443546232.861']/div[17]/div[4]/a'. Please recheck the objects properties to make sure the desired element is located. 

25-01-2025T14:47:55 - [MESSAGE][ERROR] - Test Cases/_Functions/Perform Action FAILED.
Reason:
com.kms.katalon.core.webui.exception.WebElementNotFoundException: Web element with id: 'Object Repository/Education Candidate Profile/Tabs/Contact Info/a_Terms and Conditions' located by '//div[@id='group-1443546232.861']/div[17]/div[4]/a' not found
	at com.kms.katalon.core.webui.common.WebUiCommonHelper.findWebElement(WebUiCommonHelper.java:1423)
	at Perform Action.run(Perform Action:32)
	at com.kms.katalon.core.main.ScriptEngine.run(ScriptEngine.java:194)
	at com.kms.katalon.core.main.ScriptEngine.runScriptAsRawText(ScriptEngine.java:119)
	at com.kms.katalon.core.main.TestCaseExecutor.runScript(TestCaseExecutor.java:448)
	at com.kms.katalon.core.main.TestCaseExecutor.doExecute(TestCaseExecutor.java:439)
	at com.kms.katalon.core.main.TestCaseExecutor.processExecutionPhase(TestCaseExecutor.java:418)
	at com.kms.katalon.core.main.TestCaseExecutor.accessMainPhase(TestCaseExecutor.java:410)
	at com.kms.katalon.core.main.TestCaseExecutor.execute(TestCaseExecutor.java:285)
	at com.kms.katalon.core.main.TestCaseMain.runTestCase(TestCaseMain.java:137)
	at com.kms.katalon.core.keyword.builtin.CallTestCaseKeyword$_callTestCase_closure1.doCall(CallTestCaseKeyword.groovy:59)
	at com.kms.katalon.core.keyword.builtin.CallTestCaseKeyword$_callTestCase_closure1.call(CallTestCaseKeyword.groovy)
	at com.kms.katalon.core.keyword.internal.KeywordMain.runKeyword(KeywordMain.groovy:75)
	at com.kms.katalon.core.keyword.builtin.CallTestCaseKeyword.callTestCase(CallTestCaseKeyword.groovy:81)
	at com.kms.katalon.core.keyword.builtin.CallTestCaseKeyword.execute(CallTestCaseKeyword.groovy:44)
	at com.kms.katalon.core.keyword.internal.KeywordExecutor.executeKeywordForPlatform(KeywordExecutor.groovy:74)
	at com.kms.katalon.core.keyword.BuiltinKeywords.callTestCase(BuiltinKeywords.groovy:310)
	at jdk.internal.reflect.GeneratedMethodAccessor30.invoke(Unknown Source)
	at java.base/jdk.internal.reflect.DelegatingMethodAccessorImpl.invoke(DelegatingMethodAccessorImpl.java:43)
	at Test External Links.run(Test External Links:47)
	at com.kms.katalon.core.main.ScriptEngine.run(ScriptEngine.java:194)
	at com.kms.katalon.core.main.ScriptEngine.runScriptAsRawText(ScriptEngine.java:119)
	at com.kms.katalon.core.main.TestCaseExecutor.runScript(TestCaseExecutor.java:448)
	at com.kms.katalon.core.main.TestCaseExecutor.doExecute(TestCaseExecutor.java:439)
	at com.kms.katalon.core.main.TestCaseExecutor.processExecutionPhase(TestCaseExecutor.java:418)
	at com.kms.katalon.core.main.TestCaseExecutor.accessMainPhase(TestCaseExecutor.java:410)
	at com.kms.katalon.core.main.TestCaseExecutor.execute(TestCaseExecutor.java:285)
	at com.kms.katalon.core.main.TestCaseMain.runTestCase(TestCaseMain.java:137)
	at com.kms.katalon.core.keyword.builtin.CallTestCaseKeyword$_callTestCase_closure1.doCall(CallTestCaseKeyword.groovy:59)
	at com.kms.katalon.core.keyword.builtin.CallTestCaseKeyword$_callTestCase_closure1.call(CallTestCaseKeyword.groovy)
	at com.kms.katalon.core.keyword.internal.KeywordMain.runKeyword(KeywordMain.groovy:75)
	at com.kms.katalon.core.keyword.builtin.CallTestCaseKeyword.callTestCase(CallTestCaseKeyword.groovy:81)
	at com.kms.katalon.core.keyword.builtin.CallTestCaseKeyword.execute(CallTestCaseKeyword.groovy:44)
	at com.kms.katalon.core.keyword.internal.KeywordExecutor.executeKeywordForPlatform(KeywordExecutor.groovy:74)
	at com.kms.katalon.core.keyword.BuiltinKeywords.callTestCase(BuiltinKeywords.groovy:310)
	at jdk.internal.reflect.GeneratedMethodAccessor30.invoke(Unknown Source)
	at java.base/jdk.internal.reflect.DelegatingMethodAccessorImpl.invoke(DelegatingMethodAccessorImpl.java:43)
	at Set Contact Info.run(Set Contact Info:140)
	at com.kms.katalon.core.main.ScriptEngine.run(ScriptEngine.java:194)
	at com.kms.katalon.core.main.ScriptEngine.runScriptAsRawText(ScriptEngine.java:119)
	at com.kms.katalon.core.main.TestCaseExecutor.runScript(TestCaseExecutor.java:448)
	at com.kms.katalon.core.main.TestCaseExecutor.doExecute(TestCaseExecutor.java:439)
	at com.kms.katalon.core.main.TestCaseExecutor.processExecutionPhase(TestCaseExecutor.java:418)
	at com.kms.katalon.core.main.TestCaseExecutor.accessMainPhase(TestCaseExecutor.java:410)
	at com.kms.katalon.core.main.TestCaseExecutor.execute(TestCaseExecutor.java:285)
	at com.kms.katalon.core.main.TestCaseMain.runTestCase(TestCaseMain.java:137)
	at com.kms.katalon.core.keyword.builtin.CallTestCaseKeyword$_callTestCase_closure1.doCall(CallTestCaseKeyword.groovy:59)
	at com.kms.katalon.core.keyword.builtin.CallTestCaseKeyword$_callTestCase_closure1.call(CallTestCaseKeyword.groovy)
	at com.kms.katalon.core.keyword.internal.KeywordMain.runKeyword(KeywordMain.groovy:75)
	at com.kms.katalon.core.keyword.builtin.CallTestCaseKeyword.callTestCase(CallTestCaseKeyword.groovy:81)
	at com.kms.katalon.core.keyword.builtin.CallTestCaseKeyword.execute(CallTestCaseKeyword.groovy:44)
	at com.kms.katalon.core.keyword.internal.KeywordExecutor.executeKeywordForPlatform(KeywordExecutor.groovy:74)
	at com.kms.katalon.core.keyword.BuiltinKeywords.callTestCase(BuiltinKeywords.groovy:310)
	at jdk.internal.reflect.GeneratedMethodAccessor30.invoke(Unknown Source)
	at java.base/jdk.internal.reflect.DelegatingMethodAccessorImpl.invoke(DelegatingMethodAccessorImpl.java:43)
	at Complete Education Partner Profile.run(Complete Education Partner Profile:97)
	at com.kms.katalon.core.main.ScriptEngine.run(ScriptEngine.java:194)
	at com.kms.katalon.core.main.ScriptEngine.runScriptAsRawText(ScriptEngine.java:119)
	at com.kms.katalon.core.main.TestCaseExecutor.runScript(TestCaseExecutor.java:448)
	at com.kms.katalon.core.main.TestCaseExecutor.doExecute(TestCaseExecutor.java:439)
	at com.kms.katalon.core.main.TestCaseExecutor.processExecutionPhase(TestCaseExecutor.java:418)
	at com.kms.katalon.core.main.TestCaseExecutor.accessMainPhase(TestCaseExecutor.java:410)
	at com.kms.katalon.core.main.TestCaseExecutor.execute(TestCaseExecutor.java:285)
	at com.kms.katalon.core.main.TestCaseMain.runTestCase(TestCaseMain.java:137)
	at com.kms.katalon.core.keyword.builtin.CallTestCaseKeyword$_callTestCase_closure1.doCall(CallTestCaseKeyword.groovy:59)
	at com.kms.katalon.core.keyword.builtin.CallTestCaseKeyword$_callTestCase_closure1.call(CallTestCaseKeyword.groovy)
	at com.kms.katalon.core.keyword.internal.KeywordMain.runKeyword(KeywordMain.groovy:75)
	at com.kms.katalon.core.keyword.builtin.CallTestCaseKeyword.callTestCase(CallTestCaseKeyword.groovy:81)
	at com.kms.katalon.core.keyword.builtin.CallTestCaseKeyword.execute(CallTestCaseKeyword.groovy:44)
	at com.kms.katalon.core.keyword.internal.KeywordExecutor.executeKeywordForPlatform(KeywordExecutor.groovy:74)
	at com.kms.katalon.core.keyword.BuiltinKeywords.callTestCase(BuiltinKeywords.groovy:310)
	at jdk.internal.reflect.GeneratedMethodAccessor30.invoke(Unknown Source)
	at java.base/jdk.internal.reflect.DelegatingMethodAccessorImpl.invoke(DelegatingMethodAccessorImpl.java:43)
	at Register Education Partner.run(Register Education Partner:401)
	at com.kms.katalon.core.main.ScriptEngine.run(ScriptEngine.java:194)
	at com.kms.katalon.core.main.ScriptEngine.runScriptAsRawText(ScriptEngine.java:119)
	at com.kms.katalon.core.main.TestCaseExecutor.runScript(TestCaseExecutor.java:448)
	at com.kms.katalon.core.main.TestCaseExecutor.doExecute(TestCaseExecutor.java:439)
	at com.kms.katalon.core.main.TestCaseExecutor.processExecutionPhase(TestCaseExecutor.java:418)
	at com.kms.katalon.core.main.TestCaseExecutor.accessMainPhase(TestCaseExecutor.java:410)
	at com.kms.katalon.core.main.TestCaseExecutor.execute(TestCaseExecutor.java:285)
	at com.kms.katalon.core.common.CommonExecutor.accessTestCaseMainPhase(CommonExecutor.java:65)
	at com.kms.katalon.core.main.TestSuiteExecutor.accessTestSuiteMainPhase(TestSuiteExecutor.java:150)
	at com.kms.katalon.core.main.TestSuiteExecutor.execute(TestSuiteExecutor.java:106)
	at com.kms.katalon.core.main.TestCaseMain.startTestSuite(TestCaseMain.java:180)
	at TempTestSuite1737837875715.run(TempTestSuite1737837875715.groovy:35)
	at java.base/jdk.internal.reflect.NativeMethodAccessorImpl.invoke0(Native Method)
	at java.base/jdk.internal.reflect.NativeMethodAccessorImpl.invoke(NativeMethodAccessorImpl.java:77)
	at java.base/jdk.internal.reflect.DelegatingMethodAccessorImpl.invoke(DelegatingMethodAccessorImpl.java:43)


25-01-2025T14:47:55 - [MESSAGE][FAILED] - Unable to call Test Case 'Test Cases/_Functions/Perform Action' (Root cause: com.kms.katalon.core.exception.StepErrorException: Call Test Case 'Test Cases/_Functions/Perform Action' failed because of error(s)
	at com.kms.katalon.core.keyword.builtin.CallTestCaseKeyword$_callTestCase_closure1.doCall(CallTestCaseKeyword.groovy:66)
	at com.kms.katalon.core.keyword.builtin.CallTestCaseKeyword$_callTestCase_closure1.call(CallTestCaseKeyword.groovy)
	at com.kms.katalon.core.keyword.internal.KeywordMain.runKeyword(KeywordMain.groovy:75)
	at com.kms.katalon.core.keyword.builtin.CallTestCaseKeyword.callTestCase(CallTestCaseKeyword.groovy:81)
	at com.kms.katalon.core.keyword.builtin.CallTestCaseKeyword.execute(CallTestCaseKeyword.groovy:44)
	at com.kms.katalon.core.keyword.internal.KeywordExecutor.executeKeywordForPlatform(KeywordExecutor.groovy:74)
	at com.kms.katalon.core.keyword.BuiltinKeywords.callTestCase(BuiltinKeywords.groovy:310)
	at jdk.internal.reflect.GeneratedMethodAccessor30.invoke(Unknown Source)
	at java.base/jdk.internal.reflect.DelegatingMethodAccessorImpl.invoke(DelegatingMethodAccessorImpl.java:43)
	at Test External Links.run(Test External Links:47)
	at com.kms.katalon.core.main.ScriptEngine.run(ScriptEngine.java:194)
	at com.kms.katalon.core.main.ScriptEngine.runScriptAsRawText(ScriptEngine.java:119)
	at com.kms.katalon.core.main.TestCaseExecutor.runScript(TestCaseExecutor.java:448)
	at com.kms.katalon.core.main.TestCaseExecutor.doExecute(TestCaseExecutor.java:439)
	at com.kms.katalon.core.main.TestCaseExecutor.processExecutionPhase(TestCaseExecutor.java:418)
	at com.kms.katalon.core.main.TestCaseExecutor.accessMainPhase(TestCaseExecutor.java:410)
	at com.kms.katalon.core.main.TestCaseExecutor.execute(TestCaseExecutor.java:285)
	at com.kms.katalon.core.main.TestCaseMain.runTestCase(TestCaseMain.java:137)
	at com.kms.katalon.core.keyword.builtin.CallTestCaseKeyword$_callTestCase_closure1.doCall(CallTestCaseKeyword.groovy:59)
	at com.kms.katalon.core.keyword.builtin.CallTestCaseKeyword$_callTestCase_closure1.call(CallTestCaseKeyword.groovy)
	at com.kms.katalon.core.keyword.internal.KeywordMain.runKeyword(KeywordMain.groovy:75)
	at com.kms.katalon.core.keyword.builtin.CallTestCaseKeyword.callTestCase(CallTestCaseKeyword.groovy:81)
	at com.kms.katalon.core.keyword.builtin.CallTestCaseKeyword.execute(CallTestCaseKeyword.groovy:44)
	at com.kms.katalon.core.keyword.internal.KeywordExecutor.executeKeywordForPlatform(KeywordExecutor.groovy:74)
	at com.kms.katalon.core.keyword.BuiltinKeywords.callTestCase(BuiltinKeywords.groovy:310)
	at jdk.internal.reflect.GeneratedMethodAccessor30.invoke(Unknown Source)
	at java.base/jdk.internal.reflect.DelegatingMethodAccessorImpl.invoke(DelegatingMethodAccessorImpl.java:43)
	at Set Contact Info.run(Set Contact Info:140)
	at com.kms.katalon.core.main.ScriptEngine.run(ScriptEngine.java:194)
	at com.kms.katalon.core.main.ScriptEngine.runScriptAsRawText(ScriptEngine.java:119)
	at com.kms.katalon.core.main.TestCaseExecutor.runScript(TestCaseExecutor.java:448)
	at com.kms.katalon.core.main.TestCaseExecutor.doExecute(TestCaseExecutor.java:439)
	at com.kms.katalon.core.main.TestCaseExecutor.processExecutionPhase(TestCaseExecutor.java:418)
	at com.kms.katalon.core.main.TestCaseExecutor.accessMainPhase(TestCaseExecutor.java:410)
	at com.kms.katalon.core.main.TestCaseExecutor.execute(TestCaseExecutor.java:285)
	at com.kms.katalon.core.main.TestCaseMain.runTestCase(TestCaseMain.java:137)
	at com.kms.katalon.core.keyword.builtin.CallTestCaseKeyword$_callTestCase_closure1.doCall(CallTestCaseKeyword.groovy:59)
	at com.kms.katalon.core.keyword.builtin.CallTestCaseKeyword$_callTestCase_closure1.call(CallTestCaseKeyword.groovy)
	at com.kms.katalon.core.keyword.internal.KeywordMain.runKeyword(KeywordMain.groovy:75)
	at com.kms.katalon.core.keyword.builtin.CallTestCaseKeyword.callTestCase(CallTestCaseKeyword.groovy:81)
	at com.kms.katalon.core.keyword.builtin.CallTestCaseKeyword.execute(CallTestCaseKeyword.groovy:44)
	at com.kms.katalon.core.keyword.internal.KeywordExecutor.executeKeywordForPlatform(KeywordExecutor.groovy:74)
	at com.kms.katalon.core.keyword.BuiltinKeywords.callTestCase(BuiltinKeywords.groovy:310)
	at jdk.internal.reflect.GeneratedMethodAccessor30.invoke(Unknown Source)
	at java.base/jdk.internal.reflect.DelegatingMethodAccessorImpl.invoke(DelegatingMethodAccessorImpl.java:43)
	at Complete Education Partner Profile.run(Complete Education Partner Profile:97)
	at com.kms.katalon.core.main.ScriptEngine.run(ScriptEngine.java:194)
	at com.kms.katalon.core.main.ScriptEngine.runScriptAsRawText(ScriptEngine.java:119)
	at com.kms.katalon.core.main.TestCaseExecutor.runScript(TestCaseExecutor.java:448)
	at com.kms.katalon.core.main.TestCaseExecutor.doExecute(TestCaseExecutor.java:439)
	at com.kms.katalon.core.main.TestCaseExecutor.processExecutionPhase(TestCaseExecutor.java:418)
	at com.kms.katalon.core.main.TestCaseExecutor.accessMainPhase(TestCaseExecutor.java:410)
	at com.kms.katalon.core.main.TestCaseExecutor.execute(TestCaseExecutor.java:285)
	at com.kms.katalon.core.main.TestCaseMain.runTestCase(TestCaseMain.java:137)
	at com.kms.katalon.core.keyword.builtin.CallTestCaseKeyword$_callTestCase_closure1.doCall(CallTestCaseKeyword.groovy:59)
	at com.kms.katalon.core.keyword.builtin.CallTestCaseKeyword$_callTestCase_closure1.call(CallTestCaseKeyword.groovy)
	at com.kms.katalon.core.keyword.internal.KeywordMain.runKeyword(KeywordMain.groovy:75)
	at com.kms.katalon.core.keyword.builtin.CallTestCaseKeyword.callTestCase(CallTestCaseKeyword.groovy:81)
	at com.kms.katalon.core.keyword.builtin.CallTestCaseKeyword.execute(CallTestCaseKeyword.groovy:44)
	at com.kms.katalon.core.keyword.internal.KeywordExecutor.executeKeywordForPlatform(KeywordExecutor.groovy:74)
	at com.kms.katalon.core.keyword.BuiltinKeywords.callTestCase(BuiltinKeywords.groovy:310)
	at jdk.internal.reflect.GeneratedMethodAccessor30.invoke(Unknown Source)
	at java.base/jdk.internal.reflect.DelegatingMethodAccessorImpl.invoke(DelegatingMethodAccessorImpl.java:43)
	at Register Education Partner.run(Register Education Partner:401)
	at com.kms.katalon.core.main.ScriptEngine.run(ScriptEngine.java:194)
	at com.kms.katalon.core.main.ScriptEngine.runScriptAsRawText(ScriptEngine.java:119)
	at com.kms.katalon.core.main.TestCaseExecutor.runScript(TestCaseExecutor.java:448)
	at com.kms.katalon.core.main.TestCaseExecutor.doExecute(TestCaseExecutor.java:439)
	at com.kms.katalon.core.main.TestCaseExecutor.processExecutionPhase(TestCaseExecutor.java:418)
	at com.kms.katalon.core.main.TestCaseExecutor.accessMainPhase(TestCaseExecutor.java:410)
	at com.kms.katalon.core.main.TestCaseExecutor.execute(TestCaseExecutor.java:285)
	at com.kms.katalon.core.common.CommonExecutor.accessTestCaseMainPhase(CommonExecutor.java:65)
	at com.kms.katalon.core.main.TestSuiteExecutor.accessTestSuiteMainPhase(TestSuiteExecutor.java:150)
	at com.kms.katalon.core.main.TestSuiteExecutor.execute(TestSuiteExecutor.java:106)
	at com.kms.katalon.core.main.TestCaseMain.startTestSuite(TestCaseMain.java:180)
	at TempTestSuite1737837875715.run(TempTestSuite1737837875715.groovy:35)
	at java.base/jdk.internal.reflect.NativeMethodAccessorImpl.invoke0(Native Method)
	at java.base/jdk.internal.reflect.NativeMethodAccessorImpl.invoke(NativeMethodAccessorImpl.java:77)
	at java.base/jdk.internal.reflect.DelegatingMethodAccessorImpl.invoke(DelegatingMethodAccessorImpl.java:43)
Caused by: com.kms.katalon.core.webui.exception.WebElementNotFoundException: Web element with id: 'Object Repository/Education Candidate Profile/Tabs/Contact Info/a_Terms and Conditions' located by '//div[@id='group-1443546232.861']/div[17]/div[4]/a' not found
	at com.kms.katalon.core.webui.common.WebUiCommonHelper.findWebElement(WebUiCommonHelper.java:1423)
	at Perform Action.run(Perform Action:32)
	at com.kms.katalon.core.main.ScriptEngine.run(ScriptEngine.java:194)
	at com.kms.katalon.core.main.ScriptEngine.runScriptAsRawText(ScriptEngine.java:119)
	at com.kms.katalon.core.main.TestCaseExecutor.runScript(TestCaseExecutor.java:448)
	at com.kms.katalon.core.main.TestCaseExecutor.doExecute(TestCaseExecutor.java:439)
	at com.kms.katalon.core.main.TestCaseExecutor.processExecutionPhase(TestCaseExecutor.java:418)
	at com.kms.katalon.core.main.TestCaseExecutor.accessMainPhase(TestCaseExecutor.java:410)
	at com.kms.katalon.core.main.TestCaseExecutor.execute(TestCaseExecutor.java:285)
	at com.kms.katalon.core.main.TestCaseMain.runTestCase(TestCaseMain.java:137)
	at com.kms.katalon.core.keyword.builtin.CallTestCaseKeyword$_callTestCase_closure1.doCall(CallTestCaseKeyword.groovy:59)
	... 78 more
)

25-01-2025T14:47:55 - [MESSAGE][ERROR] - Test Cases/_Functions/Test External Links FAILED.
Reason:
com.kms.katalon.core.exception.StepErrorException: Call Test Case 'Test Cases/_Functions/Perform Action' failed because of error(s)
	at com.kms.katalon.core.keyword.builtin.CallTestCaseKeyword$_callTestCase_closure1.doCall(CallTestCaseKeyword.groovy:66)
	at com.kms.katalon.core.keyword.builtin.CallTestCaseKeyword$_callTestCase_closure1.call(CallTestCaseKeyword.groovy)
	at com.kms.katalon.core.keyword.internal.KeywordMain.runKeyword(KeywordMain.groovy:75)
	at com.kms.katalon.core.keyword.builtin.CallTestCaseKeyword.callTestCase(CallTestCaseKeyword.groovy:81)
	at com.kms.katalon.core.keyword.builtin.CallTestCaseKeyword.execute(CallTestCaseKeyword.groovy:44)
	at com.kms.katalon.core.keyword.internal.KeywordExecutor.executeKeywordForPlatform(KeywordExecutor.groovy:74)
	at com.kms.katalon.core.keyword.BuiltinKeywords.callTestCase(BuiltinKeywords.groovy:310)
	at jdk.internal.reflect.GeneratedMethodAccessor30.invoke(Unknown Source)
	at java.base/jdk.internal.reflect.DelegatingMethodAccessorImpl.invoke(DelegatingMethodAccessorImpl.java:43)
	at Test External Links.run(Test External Links:47)
	at com.kms.katalon.core.main.ScriptEngine.run(ScriptEngine.java:194)
	at com.kms.katalon.core.main.ScriptEngine.runScriptAsRawText(ScriptEngine.java:119)
	at com.kms.katalon.core.main.TestCaseExecutor.runScript(TestCaseExecutor.java:448)
	at com.kms.katalon.core.main.TestCaseExecutor.doExecute(TestCaseExecutor.java:439)
	at com.kms.katalon.core.main.TestCaseExecutor.processExecutionPhase(TestCaseExecutor.java:418)
	at com.kms.katalon.core.main.TestCaseExecutor.accessMainPhase(TestCaseExecutor.java:410)
	at com.kms.katalon.core.main.TestCaseExecutor.execute(TestCaseExecutor.java:285)
	at com.kms.katalon.core.main.TestCaseMain.runTestCase(TestCaseMain.java:137)
	at com.kms.katalon.core.keyword.builtin.CallTestCaseKeyword$_callTestCase_closure1.doCall(CallTestCaseKeyword.groovy:59)
	at com.kms.katalon.core.keyword.builtin.CallTestCaseKeyword$_callTestCase_closure1.call(CallTestCaseKeyword.groovy)
	at com.kms.katalon.core.keyword.internal.KeywordMain.runKeyword(KeywordMain.groovy:75)
	at com.kms.katalon.core.keyword.builtin.CallTestCaseKeyword.callTestCase(CallTestCaseKeyword.groovy:81)
	at com.kms.katalon.core.keyword.builtin.CallTestCaseKeyword.execute(CallTestCaseKeyword.groovy:44)
	at com.kms.katalon.core.keyword.internal.KeywordExecutor.executeKeywordForPlatform(KeywordExecutor.groovy:74)
	at com.kms.katalon.core.keyword.BuiltinKeywords.callTestCase(BuiltinKeywords.groovy:310)
	at jdk.internal.reflect.GeneratedMethodAccessor30.invoke(Unknown Source)
	at java.base/jdk.internal.reflect.DelegatingMethodAccessorImpl.invoke(DelegatingMethodAccessorImpl.java:43)
	at Set Contact Info.run(Set Contact Info:140)
	at com.kms.katalon.core.main.ScriptEngine.run(ScriptEngine.java:194)
	at com.kms.katalon.core.main.ScriptEngine.runScriptAsRawText(ScriptEngine.java:119)
	at com.kms.katalon.core.main.TestCaseExecutor.runScript(TestCaseExecutor.java:448)
	at com.kms.katalon.core.main.TestCaseExecutor.doExecute(TestCaseExecutor.java:439)
	at com.kms.katalon.core.main.TestCaseExecutor.processExecutionPhase(TestCaseExecutor.java:418)
	at com.kms.katalon.core.main.TestCaseExecutor.accessMainPhase(TestCaseExecutor.java:410)
	at com.kms.katalon.core.main.TestCaseExecutor.execute(TestCaseExecutor.java:285)
	at com.kms.katalon.core.main.TestCaseMain.runTestCase(TestCaseMain.java:137)
	at com.kms.katalon.core.keyword.builtin.CallTestCaseKeyword$_callTestCase_closure1.doCall(CallTestCaseKeyword.groovy:59)
	at com.kms.katalon.core.keyword.builtin.CallTestCaseKeyword$_callTestCase_closure1.call(CallTestCaseKeyword.groovy)
	at com.kms.katalon.core.keyword.internal.KeywordMain.runKeyword(KeywordMain.groovy:75)
	at com.kms.katalon.core.keyword.builtin.CallTestCaseKeyword.callTestCase(CallTestCaseKeyword.groovy:81)
	at com.kms.katalon.core.keyword.builtin.CallTestCaseKeyword.execute(CallTestCaseKeyword.groovy:44)
	at com.kms.katalon.core.keyword.internal.KeywordExecutor.executeKeywordForPlatform(KeywordExecutor.groovy:74)
	at com.kms.katalon.core.keyword.BuiltinKeywords.callTestCase(BuiltinKeywords.groovy:310)
	at jdk.internal.reflect.GeneratedMethodAccessor30.invoke(Unknown Source)
	at java.base/jdk.internal.reflect.DelegatingMethodAccessorImpl.invoke(DelegatingMethodAccessorImpl.java:43)
	at Complete Education Partner Profile.run(Complete Education Partner Profile:97)
	at com.kms.katalon.core.main.ScriptEngine.run(ScriptEngine.java:194)
	at com.kms.katalon.core.main.ScriptEngine.runScriptAsRawText(ScriptEngine.java:119)
	at com.kms.katalon.core.main.TestCaseExecutor.runScript(TestCaseExecutor.java:448)
	at com.kms.katalon.core.main.TestCaseExecutor.doExecute(TestCaseExecutor.java:439)
	at com.kms.katalon.core.main.TestCaseExecutor.processExecutionPhase(TestCaseExecutor.java:418)
	at com.kms.katalon.core.main.TestCaseExecutor.accessMainPhase(TestCaseExecutor.java:410)
	at com.kms.katalon.core.main.TestCaseExecutor.execute(TestCaseExecutor.java:285)
	at com.kms.katalon.core.main.TestCaseMain.runTestCase(TestCaseMain.java:137)
	at com.kms.katalon.core.keyword.builtin.CallTestCaseKeyword$_callTestCase_closure1.doCall(CallTestCaseKeyword.groovy:59)
	at com.kms.katalon.core.keyword.builtin.CallTestCaseKeyword$_callTestCase_closure1.call(CallTestCaseKeyword.groovy)
	at com.kms.katalon.core.keyword.internal.KeywordMain.runKeyword(KeywordMain.groovy:75)
	at com.kms.katalon.core.keyword.builtin.CallTestCaseKeyword.callTestCase(CallTestCaseKeyword.groovy:81)
	at com.kms.katalon.core.keyword.builtin.CallTestCaseKeyword.execute(CallTestCaseKeyword.groovy:44)
	at com.kms.katalon.core.keyword.internal.KeywordExecutor.executeKeywordForPlatform(KeywordExecutor.groovy:74)
	at com.kms.katalon.core.keyword.BuiltinKeywords.callTestCase(BuiltinKeywords.groovy:310)
	at jdk.internal.reflect.GeneratedMethodAccessor30.invoke(Unknown Source)
	at java.base/jdk.internal.reflect.DelegatingMethodAccessorImpl.invoke(DelegatingMethodAccessorImpl.java:43)
	at Register Education Partner.run(Register Education Partner:401)
	at com.kms.katalon.core.main.ScriptEngine.run(ScriptEngine.java:194)
	at com.kms.katalon.core.main.ScriptEngine.runScriptAsRawText(ScriptEngine.java:119)
	at com.kms.katalon.core.main.TestCaseExecutor.runScript(TestCaseExecutor.java:448)
	at com.kms.katalon.core.main.TestCaseExecutor.doExecute(TestCaseExecutor.java:439)
	at com.kms.katalon.core.main.TestCaseExecutor.processExecutionPhase(TestCaseExecutor.java:418)
	at com.kms.katalon.core.main.TestCaseExecutor.accessMainPhase(TestCaseExecutor.java:410)
	at com.kms.katalon.core.main.TestCaseExecutor.execute(TestCaseExecutor.java:285)
	at com.kms.katalon.core.common.CommonExecutor.accessTestCaseMainPhase(CommonExecutor.java:65)
	at com.kms.katalon.core.main.TestSuiteExecutor.accessTestSuiteMainPhase(TestSuiteExecutor.java:150)
	at com.kms.katalon.core.main.TestSuiteExecutor.execute(TestSuiteExecutor.java:106)
	at com.kms.katalon.core.main.TestCaseMain.startTestSuite(TestCaseMain.java:180)
	at TempTestSuite1737837875715.run(TempTestSuite1737837875715.groovy:35)
	at java.base/jdk.internal.reflect.NativeMethodAccessorImpl.invoke0(Native Method)
	at java.base/jdk.internal.reflect.NativeMethodAccessorImpl.invoke(NativeMethodAccessorImpl.java:77)
	at java.base/jdk.internal.reflect.DelegatingMethodAccessorImpl.invoke(DelegatingMethodAccessorImpl.java:43)
Caused by: com.kms.katalon.core.webui.exception.WebElementNotFoundException: Web element with id: 'Object Repository/Education Candidate Profile/Tabs/Contact Info/a_Terms and Conditions' located by '//div[@id='group-1443546232.861']/div[17]/div[4]/a' not found
	at com.kms.katalon.core.webui.common.WebUiCommonHelper.findWebElement(WebUiCommonHelper.java:1423)
	at Perform Action.run(Perform Action:32)
	at com.kms.katalon.core.main.ScriptEngine.run(ScriptEngine.java:194)
	at com.kms.katalon.core.main.ScriptEngine.runScriptAsRawText(ScriptEngine.java:119)
	at com.kms.katalon.core.main.TestCaseExecutor.runScript(TestCaseExecutor.java:448)
	at com.kms.katalon.core.main.TestCaseExecutor.doExecute(TestCaseExecutor.java:439)
	at com.kms.katalon.core.main.TestCaseExecutor.processExecutionPhase(TestCaseExecutor.java:418)
	at com.kms.katalon.core.main.TestCaseExecutor.accessMainPhase(TestCaseExecutor.java:410)
	at com.kms.katalon.core.main.TestCaseExecutor.execute(TestCaseExecutor.java:285)
	at com.kms.katalon.core.main.TestCaseMain.runTestCase(TestCaseMain.java:137)
	at com.kms.katalon.core.keyword.builtin.CallTestCaseKeyword$_callTestCase_closure1.doCall(CallTestCaseKeyword.groovy:59)
	... 78 more


25-01-2025T14:47:55 - [MESSAGE][WARNING] - Unable to call Test Case 'Test Cases/_Functions/Test External Links' (Root cause: com.kms.katalon.core.exception.StepErrorException: Call Test Case 'Test Cases/_Functions/Test External Links' failed because of error(s)
	at com.kms.katalon.core.keyword.builtin.CallTestCaseKeyword$_callTestCase_closure1.doCall(CallTestCaseKeyword.groovy:66)
	at com.kms.katalon.core.keyword.builtin.CallTestCaseKeyword$_callTestCase_closure1.call(CallTestCaseKeyword.groovy)
	at com.kms.katalon.core.keyword.internal.KeywordMain.runKeyword(KeywordMain.groovy:75)
	at com.kms.katalon.core.keyword.builtin.CallTestCaseKeyword.callTestCase(CallTestCaseKeyword.groovy:81)
	at com.kms.katalon.core.keyword.builtin.CallTestCaseKeyword.execute(CallTestCaseKeyword.groovy:44)
	at com.kms.katalon.core.keyword.internal.KeywordExecutor.executeKeywordForPlatform(KeywordExecutor.groovy:74)
	at com.kms.katalon.core.keyword.BuiltinKeywords.callTestCase(BuiltinKeywords.groovy:310)
	at jdk.internal.reflect.GeneratedMethodAccessor30.invoke(Unknown Source)
	at java.base/jdk.internal.reflect.DelegatingMethodAccessorImpl.invoke(DelegatingMethodAccessorImpl.java:43)
	at Set Contact Info.run(Set Contact Info:140)
	at com.kms.katalon.core.main.ScriptEngine.run(ScriptEngine.java:194)
	at com.kms.katalon.core.main.ScriptEngine.runScriptAsRawText(ScriptEngine.java:119)
	at com.kms.katalon.core.main.TestCaseExecutor.runScript(TestCaseExecutor.java:448)
	at com.kms.katalon.core.main.TestCaseExecutor.doExecute(TestCaseExecutor.java:439)
	at com.kms.katalon.core.main.TestCaseExecutor.processExecutionPhase(TestCaseExecutor.java:418)
	at com.kms.katalon.core.main.TestCaseExecutor.accessMainPhase(TestCaseExecutor.java:410)
	at com.kms.katalon.core.main.TestCaseExecutor.execute(TestCaseExecutor.java:285)
	at com.kms.katalon.core.main.TestCaseMain.runTestCase(TestCaseMain.java:137)
	at com.kms.katalon.core.keyword.builtin.CallTestCaseKeyword$_callTestCase_closure1.doCall(CallTestCaseKeyword.groovy:59)
	at com.kms.katalon.core.keyword.builtin.CallTestCaseKeyword$_callTestCase_closure1.call(CallTestCaseKeyword.groovy)
	at com.kms.katalon.core.keyword.internal.KeywordMain.runKeyword(KeywordMain.groovy:75)
	at com.kms.katalon.core.keyword.builtin.CallTestCaseKeyword.callTestCase(CallTestCaseKeyword.groovy:81)
	at com.kms.katalon.core.keyword.builtin.CallTestCaseKeyword.execute(CallTestCaseKeyword.groovy:44)
	at com.kms.katalon.core.keyword.internal.KeywordExecutor.executeKeywordForPlatform(KeywordExecutor.groovy:74)
	at com.kms.katalon.core.keyword.BuiltinKeywords.callTestCase(BuiltinKeywords.groovy:310)
	at jdk.internal.reflect.GeneratedMethodAccessor30.invoke(Unknown Source)
	at java.base/jdk.internal.reflect.DelegatingMethodAccessorImpl.invoke(DelegatingMethodAccessorImpl.java:43)
	at Complete Education Partner Profile.run(Complete Education Partner Profile:97)
	at com.kms.katalon.core.main.ScriptEngine.run(ScriptEngine.java:194)
	at com.kms.katalon.core.main.ScriptEngine.runScriptAsRawText(ScriptEngine.java:119)
	at com.kms.katalon.core.main.TestCaseExecutor.runScript(TestCaseExecutor.java:448)
	at com.kms.katalon.core.main.TestCaseExecutor.doExecute(TestCaseExecutor.java:439)
	at com.kms.katalon.core.main.TestCaseExecutor.processExecutionPhase(TestCaseExecutor.java:418)
	at com.kms.katalon.core.main.TestCaseExecutor.accessMainPhase(TestCaseExecutor.java:410)
	at com.kms.katalon.core.main.TestCaseExecutor.execute(TestCaseExecutor.java:285)
	at com.kms.katalon.core.main.TestCaseMain.runTestCase(TestCaseMain.java:137)
	at com.kms.katalon.core.keyword.builtin.CallTestCaseKeyword$_callTestCase_closure1.doCall(CallTestCaseKeyword.groovy:59)
	at com.kms.katalon.core.keyword.builtin.CallTestCaseKeyword$_callTestCase_closure1.call(CallTestCaseKeyword.groovy)
	at com.kms.katalon.core.keyword.internal.KeywordMain.runKeyword(KeywordMain.groovy:75)
	at com.kms.katalon.core.keyword.builtin.CallTestCaseKeyword.callTestCase(CallTestCaseKeyword.groovy:81)
	at com.kms.katalon.core.keyword.builtin.CallTestCaseKeyword.execute(CallTestCaseKeyword.groovy:44)
	at com.kms.katalon.core.keyword.internal.KeywordExecutor.executeKeywordForPlatform(KeywordExecutor.groovy:74)
	at com.kms.katalon.core.keyword.BuiltinKeywords.callTestCase(BuiltinKeywords.groovy:310)
	at jdk.internal.reflect.GeneratedMethodAccessor30.invoke(Unknown Source)
	at java.base/jdk.internal.reflect.DelegatingMethodAccessorImpl.invoke(DelegatingMethodAccessorImpl.java:43)
	at Register Education Partner.run(Register Education Partner:401)
	at com.kms.katalon.core.main.ScriptEngine.run(ScriptEngine.java:194)
	at com.kms.katalon.core.main.ScriptEngine.runScriptAsRawText(ScriptEngine.java:119)
	at com.kms.katalon.core.main.TestCaseExecutor.runScript(TestCaseExecutor.java:448)
	at com.kms.katalon.core.main.TestCaseExecutor.doExecute(TestCaseExecutor.java:439)
	at com.kms.katalon.core.main.TestCaseExecutor.processExecutionPhase(TestCaseExecutor.java:418)
	at com.kms.katalon.core.main.TestCaseExecutor.accessMainPhase(TestCaseExecutor.java:410)
	at com.kms.katalon.core.main.TestCaseExecutor.execute(TestCaseExecutor.java:285)
	at com.kms.katalon.core.common.CommonExecutor.accessTestCaseMainPhase(CommonExecutor.java:65)
	at com.kms.katalon.core.main.TestSuiteExecutor.accessTestSuiteMainPhase(TestSuiteExecutor.java:150)
	at com.kms.katalon.core.main.TestSuiteExecutor.execute(TestSuiteExecutor.java:106)
	at com.kms.katalon.core.main.TestCaseMain.startTestSuite(TestCaseMain.java:180)
	at TempTestSuite1737837875715.run(TempTestSuite1737837875715.groovy:35)
	at java.base/jdk.internal.reflect.NativeMethodAccessorImpl.invoke0(Native Method)
	at java.base/jdk.internal.reflect.NativeMethodAccessorImpl.invoke(NativeMethodAccessorImpl.java:77)
	at java.base/jdk.internal.reflect.DelegatingMethodAccessorImpl.invoke(DelegatingMethodAccessorImpl.java:43)
Caused by: com.kms.katalon.core.exception.StepErrorException: Call Test Case 'Test Cases/_Functions/Perform Action' failed because of error(s)
	at com.kms.katalon.core.keyword.builtin.CallTestCaseKeyword$_callTestCase_closure1.doCall(CallTestCaseKeyword.groovy:66)
	at com.kms.katalon.core.keyword.builtin.CallTestCaseKeyword$_callTestCase_closure1.call(CallTestCaseKeyword.groovy)
	at com.kms.katalon.core.keyword.internal.KeywordMain.runKeyword(KeywordMain.groovy:75)
	at com.kms.katalon.core.keyword.builtin.CallTestCaseKeyword.callTestCase(CallTestCaseKeyword.groovy:81)
	at com.kms.katalon.core.keyword.builtin.CallTestCaseKeyword.execute(CallTestCaseKeyword.groovy:44)
	at com.kms.katalon.core.keyword.internal.KeywordExecutor.executeKeywordForPlatform(KeywordExecutor.groovy:74)
	at com.kms.katalon.core.keyword.BuiltinKeywords.callTestCase(BuiltinKeywords.groovy:310)
	at jdk.internal.reflect.GeneratedMethodAccessor30.invoke(Unknown Source)
	at java.base/jdk.internal.reflect.DelegatingMethodAccessorImpl.invoke(DelegatingMethodAccessorImpl.java:43)
	at Test External Links.run(Test External Links:47)
	at com.kms.katalon.core.main.ScriptEngine.run(ScriptEngine.java:194)
	at com.kms.katalon.core.main.ScriptEngine.runScriptAsRawText(ScriptEngine.java:119)
	at com.kms.katalon.core.main.TestCaseExecutor.runScript(TestCaseExecutor.java:448)
	at com.kms.katalon.core.main.TestCaseExecutor.doExecute(TestCaseExecutor.java:439)
	at com.kms.katalon.core.main.TestCaseExecutor.processExecutionPhase(TestCaseExecutor.java:418)
	at com.kms.katalon.core.main.TestCaseExecutor.accessMainPhase(TestCaseExecutor.java:410)
	at com.kms.katalon.core.main.TestCaseExecutor.execute(TestCaseExecutor.java:285)
	at com.kms.katalon.core.main.TestCaseMain.runTestCase(TestCaseMain.java:137)
	at com.kms.katalon.core.keyword.builtin.CallTestCaseKeyword$_callTestCase_closure1.doCall(CallTestCaseKeyword.groovy:59)
	... 60 more
Caused by: com.kms.katalon.core.webui.exception.WebElementNotFoundException: Web element with id: 'Object Repository/Education Candidate Profile/Tabs/Contact Info/a_Terms and Conditions' located by '//div[@id='group-1443546232.861']/div[17]/div[4]/a' not found
	at com.kms.katalon.core.webui.common.WebUiCommonHelper.findWebElement(WebUiCommonHelper.java:1423)
	at Perform Action.run(Perform Action:32)
	at com.kms.katalon.core.main.ScriptEngine.run(ScriptEngine.java:194)
	at com.kms.katalon.core.main.ScriptEngine.runScriptAsRawText(ScriptEngine.java:119)
	at com.kms.katalon.core.main.TestCaseExecutor.runScript(TestCaseExecutor.java:448)
	at com.kms.katalon.core.main.TestCaseExecutor.doExecute(TestCaseExecutor.java:439)
	at com.kms.katalon.core.main.TestCaseExecutor.processExecutionPhase(TestCaseExecutor.java:418)
	at com.kms.katalon.core.main.TestCaseExecutor.accessMainPhase(TestCaseExecutor.java:410)
	at com.kms.katalon.core.main.TestCaseExecutor.execute(TestCaseExecutor.java:285)
	at com.kms.katalon.core.main.TestCaseMain.runTestCase(TestCaseMain.java:137)
	at com.kms.katalon.core.keyword.builtin.CallTestCaseKeyword$_callTestCase_closure1.doCall(CallTestCaseKeyword.groovy:59)
	... 78 more
)

25-01-2025T14:47:55 - [TEST_STEP][PASSED] - click(findTestObject("Education Partner Profile/Tabs/Contact Info/btn_Complete Submit")): Object: 'Object Repository/Education Partner Profile/Tabs/Contact Info/btn_Complete Submit' is clicked on

25-01-2025T14:47:57 - [MESSAGE][PASSED] - Object: 'Object Repository/Education Partner Profile/Tabs/Contact Info/btn_Complete Submit' is clicked on

25-01-2025T14:47:57 - [MESSAGE][PASSED] - Call Test Case 'Test Cases/Education Partner Profile/Tabs/Set Contact Info' successfully

25-01-2025T14:47:57 - [TEST_STEP][PASSED] - if (pages.size() == 0 || "All" in pages || "School Info" in pages): Call Test Case 'Test Cases/Education Partner Profile/Tabs/Set School Info' successfully

25-01-2025T14:47:57 - [TEST_STEP][PASSED] - description = "The Kosieracki Christian K-12 School": null

25-01-2025T14:47:57 - [TEST_STEP][PASSED] - year_founded = "1971": null

25-01-2025T14:47:57 - [TEST_STEP][PASSED] - vision_trip = "Yes": null

25-01-2025T14:47:57 - [TEST_STEP][PASSED] - vision_trip_description = "2 week internship.": null

25-01-2025T14:47:57 - [TEST_STEP][PASSED] - school_year_starts = "Early August": null

25-01-2025T14:47:57 - [TEST_STEP][PASSED] - school_accredited = "No": null

25-01-2025T14:47:57 - [TEST_STEP][PASSED] - student_capacity = "200": null

25-01-2025T14:47:57 - [TEST_STEP][PASSED] - website_address = "https://www.swchs.org": null

25-01-2025T14:47:57 - [TEST_STEP][PASSED] - hide_listing = "Yes": null

25-01-2025T14:47:57 - [TEST_STEP][PASSED] - reason_for_hiding = "Creative access country": null

25-01-2025T14:47:57 - [TEST_STEP][PASSED] - callTestCase(findTestCase("Education Partner Profile/Tabs/Set School Info"), ["varDescription":description, "varYear_founded":year_founded, "varVision_trip":vision_trip, "varVision_trip_description":vision_trip_description, ... ], STOP_ON_FAILURE): Call Test Case 'Test Cases/Education Partner Profile/Tabs/Set School Info' successfully

25-01-2025T14:47:57 - [TEST_CASE][PASSED] - Test Cases/Education Partner Profile/Tabs/Set School Info: Test Cases/Education Partner Profile/Tabs/Set School Info

25-01-2025T14:47:57 - [TEST_STEP][PASSED] - username = username: null

25-01-2025T14:47:57 - [TEST_STEP][PASSED] - if (username != "cktest06ep"): null

25-01-2025T14:47:57 - [TEST_STEP][PASSED] - domain = domain: null

25-01-2025T14:47:57 - [TEST_STEP][PASSED] - writeFile = false: null

25-01-2025T14:47:57 - [TEST_STEP][PASSED] - testName = "Education Partner School Info Tab": null

25-01-2025T14:47:57 - [TEST_STEP][PASSED] - outFile = callTestCase(findTestCase("_Functions/Set Output File"), ["varTestName":testName], STOP_ON_FAILURE): Call Test Case 'Test Cases/_Functions/Set Output File' successfully

25-01-2025T14:47:57 - [TEST_CASE][PASSED] - Test Cases/_Functions/Set Output File: Test Cases/_Functions/Set Output File

25-01-2025T14:47:57 - [TEST_STEP][PASSED] - testName = varTestName: null

25-01-2025T14:47:57 - [TEST_STEP][PASSED] - domain = domain: null

25-01-2025T14:47:57 - [TEST_STEP][PASSED] - writeFile = false: null

25-01-2025T14:47:57 - [TEST_STEP][PASSED] - if (outFile != ""): null

25-01-2025T14:47:57 - [TEST_STEP][PASSED] - myFile = outFile: null

25-01-2025T14:47:57 - [TEST_STEP][PASSED] - println(myFile): null

25-01-2025T14:47:57 - [TEST_STEP][PASSED] - outFile = new java.io.File(myFile): null

25-01-2025T14:47:57 - [TEST_STEP][PASSED] - writeFile = true: null

25-01-2025T14:47:57 - [TEST_STEP][PASSED] - if (!(writeFile)): null

25-01-2025T14:47:57 - [TEST_STEP][PASSED] - else: null

25-01-2025T14:47:57 - [TEST_STEP][PASSED] - outFile.append("
Testing " + testName + " on " + domain + ".
"): null

25-01-2025T14:47:57 - [TEST_STEP][PASSED] - return outFile: null

25-01-2025T14:47:57 - [MESSAGE][PASSED] - Call Test Case 'Test Cases/_Functions/Set Output File' successfully

25-01-2025T14:47:57 - [TEST_STEP][PASSED] - tooltipImagePath = "/Users/cckozie/git/MissionNext-Katalon-Koz/images/education partner/tabs/school info/": null

25-01-2025T14:47:57 - [TEST_STEP][PASSED] - testObjectFolder = "Education partner Profile/Tabs/School Info/": null

25-01-2025T14:47:57 - [TEST_STEP][PASSED] - tooltips = ["dummy":"dummy", "Description":"img_Description_field-tooltip", "Year Founded":"img_Year Founded_field-tooltip", "Vision Trip":"img_Vision Trip_field-tooltip", ... ]: null

25-01-2025T14:47:57 - [TEST_STEP][PASSED] - tooltipText = ["Description":"Hint: Take a paragraph or two from your website. If copying & pasting, you must manually type in any special characters, i.e, quotation marks, apostrophe, ampersand, etc.", "Year Founded":"Format: YYYY", ... ]: null

25-01-2025T14:47:57 - [TEST_STEP][PASSED] - requiredFieldMsgs = []: null

25-01-2025T14:47:57 - [TEST_STEP][PASSED] - click(findTestObject("Education Partner Profile/Tabs/a_School Info")): Object: 'Object Repository/Education Partner Profile/Tabs/a_School Info' is clicked on

25-01-2025T14:47:57 - [MESSAGE][PASSED] - Object: 'Object Repository/Education Partner Profile/Tabs/a_School Info' is clicked on

25-01-2025T14:47:57 - [TEST_STEP][PASSED] - tooltipTextMap = callTestCase(findTestCase("_Functions/Get Screenshot and Tooltip Text"), ["varExtension":"School Info Tab"], STOP_ON_FAILURE): Call Test Case 'Test Cases/_Functions/Get Screenshot and Tooltip Text' successfully

25-01-2025T14:47:57 - [TEST_CASE][PASSED] - Test Cases/_Functions/Get Screenshot and Tooltip Text: Test Cases/_Functions/Get Screenshot and Tooltip Text

25-01-2025T14:47:57 - [TEST_STEP][PASSED] - driver = getWebDriver(): null

25-01-2025T14:47:57 - [TEST_STEP][PASSED] - frame = new javax.swing.JFrame(): null

25-01-2025T14:47:57 - [TEST_STEP][PASSED] - p = new javax.swing.JPanel(): null

25-01-2025T14:47:57 - [TEST_STEP][PASSED] - l = new javax.swing.JLabel(LOADING ..., javax.swing.SwingConstants.CENTER): null

25-01-2025T14:47:57 - [TEST_STEP][PASSED] - frame.add(l): null

25-01-2025T14:47:57 - [TEST_STEP][PASSED] - frame.setSize(300, 100): null

25-01-2025T14:47:57 - [TEST_STEP][PASSED] - frame.setLocation(600, 0): null

25-01-2025T14:47:57 - [TEST_STEP][PASSED] - frame.setAlwaysOnTop(true): null

25-01-2025T14:47:57 - [TEST_STEP][PASSED] - frame.show(): null

25-01-2025T14:47:57 - [TEST_STEP][PASSED] - if (verifyTextPresent("Partnership Application", false, OPTIONAL)): Text 'Positions Needed' is present on page 

25-01-2025T14:47:57 - [MESSAGE][WARNING] - Text 'Partnership Application' is not present on page  (Root cause: com.kms.katalon.core.exception.StepFailedException: Text 'Partnership Application' is not present on page 
	at com.kms.katalon.core.webui.keyword.internal.WebUIKeywordMain.stepFailed(WebUIKeywordMain.groovy:117)
	at com.kms.katalon.core.webui.keyword.builtin.VerifyTextPresentKeyword$_verifyTextPresent_closure1.doCall(VerifyTextPresentKeyword.groovy:79)
	at com.kms.katalon.core.webui.keyword.builtin.VerifyTextPresentKeyword$_verifyTextPresent_closure1.call(VerifyTextPresentKeyword.groovy)
	at com.kms.katalon.core.webui.keyword.internal.WebUIKeywordMain.runKeyword(WebUIKeywordMain.groovy:35)
	at com.kms.katalon.core.webui.keyword.builtin.VerifyTextPresentKeyword.verifyTextPresent(VerifyTextPresentKeyword.groovy:83)
	at com.kms.katalon.core.webui.keyword.builtin.VerifyTextPresentKeyword.execute(VerifyTextPresentKeyword.groovy:68)
	at com.kms.katalon.core.keyword.internal.KeywordExecutor.executeKeywordForPlatform(KeywordExecutor.groovy:74)
	at com.kms.katalon.core.webui.keyword.WebUiBuiltInKeywords.verifyTextPresent(WebUiBuiltInKeywords.groovy:1746)
	at Get Screenshot and Tooltip Text.run(Get Screenshot and Tooltip Text:51)
	at com.kms.katalon.core.main.ScriptEngine.run(ScriptEngine.java:194)
	at com.kms.katalon.core.main.ScriptEngine.runScriptAsRawText(ScriptEngine.java:119)
	at com.kms.katalon.core.main.TestCaseExecutor.runScript(TestCaseExecutor.java:448)
	at com.kms.katalon.core.main.TestCaseExecutor.doExecute(TestCaseExecutor.java:439)
	at com.kms.katalon.core.main.TestCaseExecutor.processExecutionPhase(TestCaseExecutor.java:418)
	at com.kms.katalon.core.main.TestCaseExecutor.accessMainPhase(TestCaseExecutor.java:410)
	at com.kms.katalon.core.main.TestCaseExecutor.execute(TestCaseExecutor.java:285)
	at com.kms.katalon.core.main.TestCaseMain.runTestCase(TestCaseMain.java:137)
	at com.kms.katalon.core.keyword.builtin.CallTestCaseKeyword$_callTestCase_closure1.doCall(CallTestCaseKeyword.groovy:59)
	at com.kms.katalon.core.keyword.builtin.CallTestCaseKeyword$_callTestCase_closure1.call(CallTestCaseKeyword.groovy)
	at com.kms.katalon.core.keyword.internal.KeywordMain.runKeyword(KeywordMain.groovy:75)
	at com.kms.katalon.core.keyword.builtin.CallTestCaseKeyword.callTestCase(CallTestCaseKeyword.groovy:81)
	at com.kms.katalon.core.keyword.builtin.CallTestCaseKeyword.execute(CallTestCaseKeyword.groovy:44)
	at com.kms.katalon.core.keyword.internal.KeywordExecutor.executeKeywordForPlatform(KeywordExecutor.groovy:74)
	at com.kms.katalon.core.keyword.BuiltinKeywords.callTestCase(BuiltinKeywords.groovy:310)
	at jdk.internal.reflect.GeneratedMethodAccessor30.invoke(Unknown Source)
	at java.base/jdk.internal.reflect.DelegatingMethodAccessorImpl.invoke(DelegatingMethodAccessorImpl.java:43)
	at Set School Info.run(Set School Info:76)
	at com.kms.katalon.core.main.ScriptEngine.run(ScriptEngine.java:194)
	at com.kms.katalon.core.main.ScriptEngine.runScriptAsRawText(ScriptEngine.java:119)
	at com.kms.katalon.core.main.TestCaseExecutor.runScript(TestCaseExecutor.java:448)
	at com.kms.katalon.core.main.TestCaseExecutor.doExecute(TestCaseExecutor.java:439)
	at com.kms.katalon.core.main.TestCaseExecutor.processExecutionPhase(TestCaseExecutor.java:418)
	at com.kms.katalon.core.main.TestCaseExecutor.accessMainPhase(TestCaseExecutor.java:410)
	at com.kms.katalon.core.main.TestCaseExecutor.execute(TestCaseExecutor.java:285)
	at com.kms.katalon.core.main.TestCaseMain.runTestCase(TestCaseMain.java:137)
	at com.kms.katalon.core.keyword.builtin.CallTestCaseKeyword$_callTestCase_closure1.doCall(CallTestCaseKeyword.groovy:59)
	at com.kms.katalon.core.keyword.builtin.CallTestCaseKeyword$_callTestCase_closure1.call(CallTestCaseKeyword.groovy)
	at com.kms.katalon.core.keyword.internal.KeywordMain.runKeyword(KeywordMain.groovy:75)
	at com.kms.katalon.core.keyword.builtin.CallTestCaseKeyword.callTestCase(CallTestCaseKeyword.groovy:81)
	at com.kms.katalon.core.keyword.builtin.CallTestCaseKeyword.execute(CallTestCaseKeyword.groovy:44)
	at com.kms.katalon.core.keyword.internal.KeywordExecutor.executeKeywordForPlatform(KeywordExecutor.groovy:74)
	at com.kms.katalon.core.keyword.BuiltinKeywords.callTestCase(BuiltinKeywords.groovy:310)
	at jdk.internal.reflect.GeneratedMethodAccessor30.invoke(Unknown Source)
	at java.base/jdk.internal.reflect.DelegatingMethodAccessorImpl.invoke(DelegatingMethodAccessorImpl.java:43)
	at Complete Education Partner Profile.run(Complete Education Partner Profile:126)
	at com.kms.katalon.core.main.ScriptEngine.run(ScriptEngine.java:194)
	at com.kms.katalon.core.main.ScriptEngine.runScriptAsRawText(ScriptEngine.java:119)
	at com.kms.katalon.core.main.TestCaseExecutor.runScript(TestCaseExecutor.java:448)
	at com.kms.katalon.core.main.TestCaseExecutor.doExecute(TestCaseExecutor.java:439)
	at com.kms.katalon.core.main.TestCaseExecutor.processExecutionPhase(TestCaseExecutor.java:418)
	at com.kms.katalon.core.main.TestCaseExecutor.accessMainPhase(TestCaseExecutor.java:410)
	at com.kms.katalon.core.main.TestCaseExecutor.execute(TestCaseExecutor.java:285)
	at com.kms.katalon.core.main.TestCaseMain.runTestCase(TestCaseMain.java:137)
	at com.kms.katalon.core.keyword.builtin.CallTestCaseKeyword$_callTestCase_closure1.doCall(CallTestCaseKeyword.groovy:59)
	at com.kms.katalon.core.keyword.builtin.CallTestCaseKeyword$_callTestCase_closure1.call(CallTestCaseKeyword.groovy)
	at com.kms.katalon.core.keyword.internal.KeywordMain.runKeyword(KeywordMain.groovy:75)
	at com.kms.katalon.core.keyword.builtin.CallTestCaseKeyword.callTestCase(CallTestCaseKeyword.groovy:81)
	at com.kms.katalon.core.keyword.builtin.CallTestCaseKeyword.execute(CallTestCaseKeyword.groovy:44)
	at com.kms.katalon.core.keyword.internal.KeywordExecutor.executeKeywordForPlatform(KeywordExecutor.groovy:74)
	at com.kms.katalon.core.keyword.BuiltinKeywords.callTestCase(BuiltinKeywords.groovy:310)
	at jdk.internal.reflect.GeneratedMethodAccessor30.invoke(Unknown Source)
	at java.base/jdk.internal.reflect.DelegatingMethodAccessorImpl.invoke(DelegatingMethodAccessorImpl.java:43)
	at Register Education Partner.run(Register Education Partner:401)
	at com.kms.katalon.core.main.ScriptEngine.run(ScriptEngine.java:194)
	at com.kms.katalon.core.main.ScriptEngine.runScriptAsRawText(ScriptEngine.java:119)
	at com.kms.katalon.core.main.TestCaseExecutor.runScript(TestCaseExecutor.java:448)
	at com.kms.katalon.core.main.TestCaseExecutor.doExecute(TestCaseExecutor.java:439)
	at com.kms.katalon.core.main.TestCaseExecutor.processExecutionPhase(TestCaseExecutor.java:418)
	at com.kms.katalon.core.main.TestCaseExecutor.accessMainPhase(TestCaseExecutor.java:410)
	at com.kms.katalon.core.main.TestCaseExecutor.execute(TestCaseExecutor.java:285)
	at com.kms.katalon.core.common.CommonExecutor.accessTestCaseMainPhase(CommonExecutor.java:65)
	at com.kms.katalon.core.main.TestSuiteExecutor.accessTestSuiteMainPhase(TestSuiteExecutor.java:150)
	at com.kms.katalon.core.main.TestSuiteExecutor.execute(TestSuiteExecutor.java:106)
	at com.kms.katalon.core.main.TestCaseMain.startTestSuite(TestCaseMain.java:180)
	at TempTestSuite1737837875715.run(TempTestSuite1737837875715.groovy:35)
	at java.base/jdk.internal.reflect.NativeMethodAccessorImpl.invoke0(Native Method)
	at java.base/jdk.internal.reflect.NativeMethodAccessorImpl.invoke(NativeMethodAccessorImpl.java:77)
	at java.base/jdk.internal.reflect.DelegatingMethodAccessorImpl.invoke(DelegatingMethodAccessorImpl.java:43)
)

25-01-2025T14:47:57 - [MESSAGE][PASSED] - Text 'Positions Needed' is present on page 

25-01-2025T14:47:57 - [TEST_STEP][PASSED] - else if (verifyTextPresent("Positions Needed", false, OPTIONAL)): null

25-01-2025T14:47:57 - [TEST_STEP][PASSED] - user = "Partner": null

25-01-2025T14:47:57 - [TEST_STEP][PASSED] - println("User type is " + user): null

25-01-2025T14:47:57 - [TEST_STEP][PASSED] - path = "/Users/cckozie/Documents/MissionNext/Screenshots and Tooltip Text/": null

25-01-2025T14:47:57 - [TEST_STEP][PASSED] - if (binding.hasVariable("varExtension")): null

25-01-2025T14:47:57 - [TEST_STEP][PASSED] - extension = "_" + varExtension: null

25-01-2025T14:47:57 - [TEST_STEP][PASSED] - println("Extension is " + extension): null

25-01-2025T14:47:57 - [TEST_STEP][PASSED] - title = getWindowTitle() + extension: Current window's title is: 'Education'

25-01-2025T14:47:57 - [MESSAGE][PASSED] - Current window's title is: 'Education'

25-01-2025T14:47:57 - [TEST_STEP][PASSED] - title = title.replace("/", "_"): null

25-01-2025T14:47:57 - [TEST_STEP][PASSED] - fileBase = path + user + "_" + title: null

25-01-2025T14:47:57 - [TEST_STEP][PASSED] - fileImage = fileBase + "_Screenshot.png": null

25-01-2025T14:47:57 - [TEST_STEP][PASSED] - waitForPageLoad(30): Wait for page load successfully

25-01-2025T14:47:57 - [MESSAGE][PASSED] - Wait for page load successfully

25-01-2025T14:47:57 - [TEST_STEP][PASSED] - spinner = driver.findElement(By.xpath("/html/body/div[1]/div/div[2]")): null

25-01-2025T14:47:57 - [TEST_STEP][PASSED] - executor = driver: null

25-01-2025T14:47:57 - [TEST_STEP][PASSED] - elementAttributes = executor.executeScript("var items = {}; for (index = 0; index < arguments[0].attributes.length; ++index) { items[arguments[0].attributes[index].name] = arguments[0].attributes[index].value }; return items;", spinner): null

25-01-2025T14:47:57 - [TEST_STEP][PASSED] - attrs = elementAttributes.toString(): null

25-01-2025T14:47:57 - [TEST_STEP][PASSED] - waits = 0: null

25-01-2025T14:47:57 - [TEST_STEP][PASSED] - while (attrs.indexOf("display: none") < 0 && waits < 2): null

25-01-2025T14:47:57 - [TEST_STEP][PASSED] - delay(1): Delayed 1 second(s)

25-01-2025T14:47:58 - [MESSAGE][PASSED] - Delayed 1 second(s)

25-01-2025T14:47:58 - [TEST_STEP][PASSED] - attrs = elementAttributes.toString(): null

25-01-2025T14:47:58 - [TEST_STEP][PASSED] - (waits++): null

25-01-2025T14:47:58 - [TEST_STEP][PASSED] - delay(1): Delayed 1 second(s)

25-01-2025T14:47:59 - [MESSAGE][PASSED] - Delayed 1 second(s)

25-01-2025T14:47:59 - [TEST_STEP][PASSED] - attrs = elementAttributes.toString(): null

25-01-2025T14:47:59 - [TEST_STEP][PASSED] - (waits++): null

25-01-2025T14:47:59 - [TEST_STEP][PASSED] - tooltipMap = callTestCase(findTestCase("_Functions/Get Tooltip Text"), [:], STOP_ON_FAILURE): Call Test Case 'Test Cases/_Functions/Get Tooltip Text' successfully

25-01-2025T14:47:59 - [TEST_CASE][PASSED] - Test Cases/_Functions/Get Tooltip Text: Test Cases/_Functions/Get Tooltip Text

25-01-2025T14:47:59 - [TEST_STEP][PASSED] - fieldTooltips = [:]: null

25-01-2025T14:47:59 - [TEST_STEP][PASSED] - tooltipMap = [:]: null

25-01-2025T14:47:59 - [TEST_STEP][PASSED] - driver = getWebDriver(): null

25-01-2025T14:47:59 - [TEST_STEP][PASSED] - tooltips = driver.findElements(By.className("field-tooltip")): null

25-01-2025T14:47:59 - [TEST_STEP][PASSED] - for (def it : tooltips): null

25-01-2025T14:47:59 - [TEST_STEP][PASSED] - if (it.isDisplayed()): null

25-01-2025T14:47:59 - [TEST_STEP][PASSED] - if (it.isDisplayed()): null

25-01-2025T14:47:59 - [TEST_STEP][PASSED] - if (it.isDisplayed()): null

25-01-2025T14:47:59 - [TEST_STEP][PASSED] - if (it.isDisplayed()): null

25-01-2025T14:47:59 - [TEST_STEP][PASSED] - if (it.isDisplayed()): null

25-01-2025T14:47:59 - [TEST_STEP][PASSED] - if (it.isDisplayed()): null

25-01-2025T14:47:59 - [TEST_STEP][PASSED] - if (it.isDisplayed()): null

25-01-2025T14:47:59 - [TEST_STEP][PASSED] - ttText = it.getAttribute("data-original-title"): null

25-01-2025T14:47:59 - [TEST_STEP][PASSED] - ttLocation = it.getLocation(): null

25-01-2025T14:47:59 - [TEST_STEP][PASSED] - yLocation = ttLocation.getY(): null

25-01-2025T14:47:59 - [TEST_STEP][PASSED] - xLocation = ttLocation.getX(): null

25-01-2025T14:47:59 - [TEST_STEP][PASSED] - fieldTooltips.put(ttText, yLocation): null

25-01-2025T14:47:59 - [TEST_STEP][PASSED] - if (it.isDisplayed()): null

25-01-2025T14:47:59 - [TEST_STEP][PASSED] - ttText = it.getAttribute("data-original-title"): null

25-01-2025T14:47:59 - [TEST_STEP][PASSED] - ttLocation = it.getLocation(): null

25-01-2025T14:47:59 - [TEST_STEP][PASSED] - yLocation = ttLocation.getY(): null

25-01-2025T14:47:59 - [TEST_STEP][PASSED] - xLocation = ttLocation.getX(): null

25-01-2025T14:47:59 - [TEST_STEP][PASSED] - fieldTooltips.put(ttText, yLocation): null

25-01-2025T14:47:59 - [TEST_STEP][PASSED] - if (it.isDisplayed()): null

25-01-2025T14:47:59 - [TEST_STEP][PASSED] - ttText = it.getAttribute("data-original-title"): null

25-01-2025T14:47:59 - [TEST_STEP][PASSED] - ttLocation = it.getLocation(): null

25-01-2025T14:47:59 - [TEST_STEP][PASSED] - yLocation = ttLocation.getY(): null

25-01-2025T14:47:59 - [TEST_STEP][PASSED] - xLocation = ttLocation.getX(): null

25-01-2025T14:47:59 - [TEST_STEP][PASSED] - fieldTooltips.put(ttText, yLocation): null

25-01-2025T14:47:59 - [TEST_STEP][PASSED] - if (it.isDisplayed()): null

25-01-2025T14:47:59 - [TEST_STEP][PASSED] - if (it.isDisplayed()): null

25-01-2025T14:47:59 - [TEST_STEP][PASSED] - ttText = it.getAttribute("data-original-title"): null

25-01-2025T14:47:59 - [TEST_STEP][PASSED] - ttLocation = it.getLocation(): null

25-01-2025T14:47:59 - [TEST_STEP][PASSED] - yLocation = ttLocation.getY(): null

25-01-2025T14:47:59 - [TEST_STEP][PASSED] - xLocation = ttLocation.getX(): null

25-01-2025T14:47:59 - [TEST_STEP][PASSED] - fieldTooltips.put(ttText, yLocation): null

25-01-2025T14:47:59 - [TEST_STEP][PASSED] - if (it.isDisplayed()): null

25-01-2025T14:47:59 - [TEST_STEP][PASSED] - ttText = it.getAttribute("data-original-title"): null

25-01-2025T14:47:59 - [TEST_STEP][PASSED] - ttLocation = it.getLocation(): null

25-01-2025T14:47:59 - [TEST_STEP][PASSED] - yLocation = ttLocation.getY(): null

25-01-2025T14:47:59 - [TEST_STEP][PASSED] - xLocation = ttLocation.getX(): null

25-01-2025T14:47:59 - [TEST_STEP][PASSED] - fieldTooltips.put(ttText, yLocation): null

25-01-2025T14:47:59 - [TEST_STEP][PASSED] - if (it.isDisplayed()): null

25-01-2025T14:47:59 - [TEST_STEP][PASSED] - ttText = it.getAttribute("data-original-title"): null

25-01-2025T14:47:59 - [TEST_STEP][PASSED] - ttLocation = it.getLocation(): null

25-01-2025T14:47:59 - [TEST_STEP][PASSED] - yLocation = ttLocation.getY(): null

25-01-2025T14:47:59 - [TEST_STEP][PASSED] - xLocation = ttLocation.getX(): null

25-01-2025T14:47:59 - [TEST_STEP][PASSED] - fieldTooltips.put(ttText, yLocation): null

25-01-2025T14:47:59 - [TEST_STEP][PASSED] - if (it.isDisplayed()): null

25-01-2025T14:47:59 - [TEST_STEP][PASSED] - if (it.isDisplayed()): null

25-01-2025T14:47:59 - [TEST_STEP][PASSED] - if (it.isDisplayed()): null

25-01-2025T14:47:59 - [TEST_STEP][PASSED] - if (it.isDisplayed()): null

25-01-2025T14:47:59 - [TEST_STEP][PASSED] - if (it.isDisplayed()): null

25-01-2025T14:47:59 - [TEST_STEP][PASSED] - if (it.isDisplayed()): null

25-01-2025T14:47:59 - [TEST_STEP][PASSED] - if (it.isDisplayed()): null

25-01-2025T14:47:59 - [TEST_STEP][PASSED] - if (it.isDisplayed()): null

25-01-2025T14:47:59 - [TEST_STEP][PASSED] - if (it.isDisplayed()): null

25-01-2025T14:48:00 - [TEST_STEP][PASSED] - if (it.isDisplayed()): null

25-01-2025T14:48:00 - [TEST_STEP][PASSED] - if (it.isDisplayed()): null

25-01-2025T14:48:00 - [TEST_STEP][PASSED] - if (it.isDisplayed()): null

25-01-2025T14:48:00 - [TEST_STEP][PASSED] - if (it.isDisplayed()): null

25-01-2025T14:48:00 - [TEST_STEP][PASSED] - if (it.isDisplayed()): null

25-01-2025T14:48:00 - [TEST_STEP][PASSED] - if (it.isDisplayed()): null

25-01-2025T14:48:00 - [TEST_STEP][PASSED] - if (fieldTooltips.size() > 0): null

25-01-2025T14:48:00 - [TEST_STEP][PASSED] - rightBorder = xLocation: null

25-01-2025T14:48:00 - [TEST_STEP][PASSED] - fieldLabels = [:]: null

25-01-2025T14:48:00 - [TEST_STEP][PASSED] - labels = driver.findElements(By.xpath("//label")): null

25-01-2025T14:48:00 - [TEST_STEP][PASSED] - labels.each({ -> ... }): null

25-01-2025T14:48:01 - [TEST_STEP][PASSED] - for (def label : fieldLabels): null

25-01-2025T14:48:01 - [TEST_STEP][PASSED] - y = value: null

25-01-2025T14:48:01 - [TEST_STEP][PASSED] - for (def tooltip : fieldTooltips): null

25-01-2025T14:48:01 - [TEST_STEP][PASSED] - if (value == y || value == y + 1 || value == y - 1): null

25-01-2025T14:48:01 - [TEST_STEP][PASSED] - if (value == y || value == y + 1 || value == y - 1): null

25-01-2025T14:48:01 - [TEST_STEP][PASSED] - if (value == y || value == y + 1 || value == y - 1): null

25-01-2025T14:48:01 - [TEST_STEP][PASSED] - if (value == y || value == y + 1 || value == y - 1): null

25-01-2025T14:48:01 - [TEST_STEP][PASSED] - if (value == y || value == y + 1 || value == y - 1): null

25-01-2025T14:48:01 - [TEST_STEP][PASSED] - if (value == y || value == y + 1 || value == y - 1): null

25-01-2025T14:48:01 - [TEST_STEP][PASSED] - y = value: null

25-01-2025T14:48:01 - [TEST_STEP][PASSED] - for (def tooltip : fieldTooltips): null

25-01-2025T14:48:01 - [TEST_STEP][PASSED] - if (value == y || value == y + 1 || value == y - 1): null

25-01-2025T14:48:01 - [TEST_STEP][PASSED] - tooltipMap.put(key, key): null

25-01-2025T14:48:01 - [TEST_STEP][PASSED] - break: null

25-01-2025T14:48:01 - [TEST_STEP][PASSED] - y = value: null

25-01-2025T14:48:01 - [TEST_STEP][PASSED] - for (def tooltip : fieldTooltips): null

25-01-2025T14:48:01 - [TEST_STEP][PASSED] - if (value == y || value == y + 1 || value == y - 1): null

25-01-2025T14:48:01 - [TEST_STEP][PASSED] - if (value == y || value == y + 1 || value == y - 1): null

25-01-2025T14:48:01 - [TEST_STEP][PASSED] - tooltipMap.put(key, key): null

25-01-2025T14:48:01 - [TEST_STEP][PASSED] - break: null

25-01-2025T14:48:01 - [TEST_STEP][PASSED] - y = value: null

25-01-2025T14:48:01 - [TEST_STEP][PASSED] - for (def tooltip : fieldTooltips): null

25-01-2025T14:48:01 - [TEST_STEP][PASSED] - if (value == y || value == y + 1 || value == y - 1): null

25-01-2025T14:48:01 - [TEST_STEP][PASSED] - if (value == y || value == y + 1 || value == y - 1): null

25-01-2025T14:48:01 - [TEST_STEP][PASSED] - if (value == y || value == y + 1 || value == y - 1): null

25-01-2025T14:48:01 - [TEST_STEP][PASSED] - tooltipMap.put(key, key): null

25-01-2025T14:48:01 - [TEST_STEP][PASSED] - break: null

25-01-2025T14:48:01 - [TEST_STEP][PASSED] - y = value: null

25-01-2025T14:48:01 - [TEST_STEP][PASSED] - for (def tooltip : fieldTooltips): null

25-01-2025T14:48:01 - [TEST_STEP][PASSED] - if (value == y || value == y + 1 || value == y - 1): null

25-01-2025T14:48:01 - [TEST_STEP][PASSED] - if (value == y || value == y + 1 || value == y - 1): null

25-01-2025T14:48:01 - [TEST_STEP][PASSED] - if (value == y || value == y + 1 || value == y - 1): null

25-01-2025T14:48:01 - [TEST_STEP][PASSED] - if (value == y || value == y + 1 || value == y - 1): null

25-01-2025T14:48:01 - [TEST_STEP][PASSED] - tooltipMap.put(key, key): null

25-01-2025T14:48:01 - [TEST_STEP][PASSED] - break: null

25-01-2025T14:48:01 - [TEST_STEP][PASSED] - y = value: null

25-01-2025T14:48:01 - [TEST_STEP][PASSED] - for (def tooltip : fieldTooltips): null

25-01-2025T14:48:01 - [TEST_STEP][PASSED] - if (value == y || value == y + 1 || value == y - 1): null

25-01-2025T14:48:01 - [TEST_STEP][PASSED] - if (value == y || value == y + 1 || value == y - 1): null

25-01-2025T14:48:01 - [TEST_STEP][PASSED] - if (value == y || value == y + 1 || value == y - 1): null

25-01-2025T14:48:01 - [TEST_STEP][PASSED] - if (value == y || value == y + 1 || value == y - 1): null

25-01-2025T14:48:01 - [TEST_STEP][PASSED] - if (value == y || value == y + 1 || value == y - 1): null

25-01-2025T14:48:01 - [TEST_STEP][PASSED] - if (value == y || value == y + 1 || value == y - 1): null

25-01-2025T14:48:01 - [TEST_STEP][PASSED] - y = value: null

25-01-2025T14:48:01 - [TEST_STEP][PASSED] - for (def tooltip : fieldTooltips): null

25-01-2025T14:48:01 - [TEST_STEP][PASSED] - if (value == y || value == y + 1 || value == y - 1): null

25-01-2025T14:48:01 - [TEST_STEP][PASSED] - if (value == y || value == y + 1 || value == y - 1): null

25-01-2025T14:48:01 - [TEST_STEP][PASSED] - if (value == y || value == y + 1 || value == y - 1): null

25-01-2025T14:48:01 - [TEST_STEP][PASSED] - if (value == y || value == y + 1 || value == y - 1): null

25-01-2025T14:48:01 - [TEST_STEP][PASSED] - if (value == y || value == y + 1 || value == y - 1): null

25-01-2025T14:48:01 - [TEST_STEP][PASSED] - if (value == y || value == y + 1 || value == y - 1): null

25-01-2025T14:48:01 - [TEST_STEP][PASSED] - y = value: null

25-01-2025T14:48:01 - [TEST_STEP][PASSED] - for (def tooltip : fieldTooltips): null

25-01-2025T14:48:01 - [TEST_STEP][PASSED] - if (value == y || value == y + 1 || value == y - 1): null

25-01-2025T14:48:01 - [TEST_STEP][PASSED] - if (value == y || value == y + 1 || value == y - 1): null

25-01-2025T14:48:01 - [TEST_STEP][PASSED] - if (value == y || value == y + 1 || value == y - 1): null

25-01-2025T14:48:01 - [TEST_STEP][PASSED] - if (value == y || value == y + 1 || value == y - 1): null

25-01-2025T14:48:01 - [TEST_STEP][PASSED] - if (value == y || value == y + 1 || value == y - 1): null

25-01-2025T14:48:01 - [TEST_STEP][PASSED] - tooltipMap.put(key, key): null

25-01-2025T14:48:01 - [TEST_STEP][PASSED] - break: null

25-01-2025T14:48:01 - [TEST_STEP][PASSED] - y = value: null

25-01-2025T14:48:01 - [TEST_STEP][PASSED] - for (def tooltip : fieldTooltips): null

25-01-2025T14:48:01 - [TEST_STEP][PASSED] - if (value == y || value == y + 1 || value == y - 1): null

25-01-2025T14:48:01 - [TEST_STEP][PASSED] - if (value == y || value == y + 1 || value == y - 1): null

25-01-2025T14:48:01 - [TEST_STEP][PASSED] - if (value == y || value == y + 1 || value == y - 1): null

25-01-2025T14:48:01 - [TEST_STEP][PASSED] - if (value == y || value == y + 1 || value == y - 1): null

25-01-2025T14:48:01 - [TEST_STEP][PASSED] - if (value == y || value == y + 1 || value == y - 1): null

25-01-2025T14:48:01 - [TEST_STEP][PASSED] - if (value == y || value == y + 1 || value == y - 1): null

25-01-2025T14:48:01 - [TEST_STEP][PASSED] - tooltipMap.put(key, key): null

25-01-2025T14:48:01 - [TEST_STEP][PASSED] - break: null

25-01-2025T14:48:01 - [TEST_STEP][PASSED] - return tooltipMap: null

25-01-2025T14:48:01 - [MESSAGE][PASSED] - Call Test Case 'Test Cases/_Functions/Get Tooltip Text' successfully

25-01-2025T14:48:01 - [TEST_STEP][PASSED] - if (tooltipMap.size() > 0): null

25-01-2025T14:48:01 - [TEST_STEP][PASSED] - file = fileBase + "_Tooltips.csv": null

25-01-2025T14:48:01 - [TEST_STEP][PASSED] - outText = "FIELD LABEL" + "," + "TOOLTIP TEXT" + "

": null

25-01-2025T14:48:01 - [TEST_STEP][PASSED] - for (def it : tooltipMap): null

25-01-2025T14:48:01 - [TEST_STEP][PASSED] - name = key: null

25-01-2025T14:48:01 - [TEST_STEP][PASSED] - value = value.replace("
", ""): null

25-01-2025T14:48:01 - [TEST_STEP][PASSED] - value = """ + value + """: null

25-01-2025T14:48:01 - [TEST_STEP][PASSED] - outText = outText + name + "," + value: null

25-01-2025T14:48:01 - [TEST_STEP][PASSED] - outText = outText + "
": null

25-01-2025T14:48:01 - [TEST_STEP][PASSED] - println(outText): null

25-01-2025T14:48:01 - [TEST_STEP][PASSED] - name = key: null

25-01-2025T14:48:01 - [TEST_STEP][PASSED] - value = value.replace("
", ""): null

25-01-2025T14:48:01 - [TEST_STEP][PASSED] - value = """ + value + """: null

25-01-2025T14:48:01 - [TEST_STEP][PASSED] - outText = outText + name + "," + value: null

25-01-2025T14:48:01 - [TEST_STEP][PASSED] - outText = outText + "
": null

25-01-2025T14:48:01 - [TEST_STEP][PASSED] - println(outText): null

25-01-2025T14:48:01 - [TEST_STEP][PASSED] - name = key: null

25-01-2025T14:48:01 - [TEST_STEP][PASSED] - value = value.replace("
", ""): null

25-01-2025T14:48:01 - [TEST_STEP][PASSED] - value = """ + value + """: null

25-01-2025T14:48:01 - [TEST_STEP][PASSED] - outText = outText + name + "," + value: null

25-01-2025T14:48:01 - [TEST_STEP][PASSED] - outText = outText + "
": null

25-01-2025T14:48:01 - [TEST_STEP][PASSED] - println(outText): null

25-01-2025T14:48:01 - [TEST_STEP][PASSED] - name = key: null

25-01-2025T14:48:01 - [TEST_STEP][PASSED] - value = value.replace("
", ""): null

25-01-2025T14:48:01 - [TEST_STEP][PASSED] - value = """ + value + """: null

25-01-2025T14:48:01 - [TEST_STEP][PASSED] - outText = outText + name + "," + value: null

25-01-2025T14:48:01 - [TEST_STEP][PASSED] - outText = outText + "
": null

25-01-2025T14:48:01 - [TEST_STEP][PASSED] - println(outText): null

25-01-2025T14:48:01 - [TEST_STEP][PASSED] - name = key: null

25-01-2025T14:48:01 - [TEST_STEP][PASSED] - value = value.replace("
", ""): null

25-01-2025T14:48:01 - [TEST_STEP][PASSED] - value = """ + value + """: null

25-01-2025T14:48:01 - [TEST_STEP][PASSED] - outText = outText + name + "," + value: null

25-01-2025T14:48:01 - [TEST_STEP][PASSED] - outText = outText + "
": null

25-01-2025T14:48:01 - [TEST_STEP][PASSED] - println(outText): null

25-01-2025T14:48:01 - [TEST_STEP][PASSED] - name = key: null

25-01-2025T14:48:01 - [TEST_STEP][PASSED] - value = value.replace("
", ""): null

25-01-2025T14:48:01 - [TEST_STEP][PASSED] - value = """ + value + """: null

25-01-2025T14:48:01 - [TEST_STEP][PASSED] - outText = outText + name + "," + value: null

25-01-2025T14:48:01 - [TEST_STEP][PASSED] - outText = outText + "
": null

25-01-2025T14:48:01 - [TEST_STEP][PASSED] - println(outText): null

25-01-2025T14:48:01 - [TEST_STEP][PASSED] - outFile = new java.io.File(file): null

25-01-2025T14:48:01 - [TEST_STEP][PASSED] - println(outText): null

25-01-2025T14:48:01 - [TEST_STEP][PASSED] - outFile.write(outText): null

25-01-2025T14:48:01 - [TEST_STEP][PASSED] - frame.hide(): null

25-01-2025T14:48:01 - [TEST_STEP][PASSED] - takeFullPageScreenshot(fileImage): Taking screenshot successfully

25-01-2025T14:48:01 - [MESSAGE][INFO] - 0 hidden object(s)

25-01-2025T14:48:01 - [MESSAGE][PASSED] - Taking screenshot successfully
[[ATTACHMENT|/Users/cckozie/Documents/MissionNext/Screenshots and Tooltip Text/Partner_Education_School Info Tab_Screenshot.png]]

25-01-2025T14:48:01 - [TEST_STEP][PASSED] - return tooltipMap: null

25-01-2025T14:48:01 - [MESSAGE][PASSED] - Call Test Case 'Test Cases/_Functions/Get Screenshot and Tooltip Text' successfully

25-01-2025T14:48:01 - [TEST_STEP][PASSED] - callTestCase(findTestCase("_Functions/Test Tooltips"), ["varTooltipImagePath":tooltipImagePath, "varTooltips":tooltips, "varTooltipText":tooltipText, "varTestObjectFolder":testObjectFolder, ... ], OPTIONAL): Call Test Case 'Test Cases/_Functions/Test Tooltips' successfully

25-01-2025T14:48:01 - [TEST_CASE][PASSED] - Test Cases/_Functions/Test Tooltips: Test Cases/_Functions/Test Tooltips

25-01-2025T14:48:01 - [TEST_STEP][PASSED] - tooltipImagePath = varTooltipImagePath: null

25-01-2025T14:48:01 - [TEST_STEP][PASSED] - tooltips = varTooltips: null

25-01-2025T14:48:01 - [TEST_STEP][PASSED] - tooltipText = varTooltipText: null

25-01-2025T14:48:01 - [TEST_STEP][PASSED] - testObjectFolder = varTestObjectFolder: null

25-01-2025T14:48:01 - [TEST_STEP][PASSED] - tooltipTextMap = varTooltipTextMap: null

25-01-2025T14:48:01 - [TEST_STEP][PASSED] - writeFile = false: null

25-01-2025T14:48:01 - [TEST_STEP][PASSED] - if (outFile != ""): null

25-01-2025T14:48:01 - [TEST_STEP][PASSED] - myFile = outFile: null

25-01-2025T14:48:01 - [TEST_STEP][PASSED] - println(myFile): null

25-01-2025T14:48:01 - [TEST_STEP][PASSED] - outFile = new java.io.File(myFile): null

25-01-2025T14:48:01 - [TEST_STEP][PASSED] - writeFile = true: null

25-01-2025T14:48:01 - [TEST_STEP][PASSED] - driver = getWebDriver(): null

25-01-2025T14:48:01 - [TEST_STEP][PASSED] - action = new org.openqa.selenium.interactions.Actions(driver): null

25-01-2025T14:48:01 - [TEST_STEP][PASSED] - s = new org.sikuli.script.Screen(): null

25-01-2025T14:48:01 - [TEST_STEP][PASSED] - outText = "Verifying the tooltips can be displayed.
": null

25-01-2025T14:48:01 - [TEST_STEP][PASSED] - outFile.append(outText): null

25-01-2025T14:48:01 - [TEST_STEP][PASSED] - first = true: null

25-01-2025T14:48:01 - [TEST_STEP][PASSED] - for (def it : tooltips): null

25-01-2025T14:48:01 - [TEST_STEP][PASSED] - myKey = key: null

25-01-2025T14:48:01 - [TEST_STEP][PASSED] - myValue = value: null

25-01-2025T14:48:01 - [TEST_STEP][PASSED] - println("myKey is " + myKey): null

25-01-2025T14:48:01 - [TEST_STEP][PASSED] - println("myValue is " + myValue): null

25-01-2025T14:48:01 - [TEST_STEP][PASSED] - if (myKey != "dummy"): null

25-01-2025T14:48:01 - [TEST_STEP][PASSED] - else: null

25-01-2025T14:48:01 - [TEST_STEP][PASSED] - myImage = "/Users/cckozie/git/MissionNext-Katalon-Koz/images/dummy.png": null

25-01-2025T14:48:01 - [TEST_STEP][PASSED] - f = new java.io.File(myImage): null

25-01-2025T14:48:01 - [TEST_STEP][PASSED] - if (f.exists()): null

25-01-2025T14:48:01 - [TEST_STEP][PASSED] - println("Looking for " + myImage): null

25-01-2025T14:48:01 - [TEST_STEP][PASSED] - icn = Pattern(myImage).similar(0.10): null

25-01-2025T14:48:01 - [TEST_STEP][PASSED] - found = s.exists(icn): null

25-01-2025T14:48:05 - [TEST_STEP][PASSED] - println(found): null

25-01-2025T14:48:05 - [TEST_STEP][PASSED] - if (found != null): null

25-01-2025T14:48:05 - [TEST_STEP][PASSED] - else: null

25-01-2025T14:48:05 - [TEST_STEP][PASSED] - if (myKey != "dummy"): null

25-01-2025T14:48:05 - [TEST_STEP][PASSED] - myKey = key: null

25-01-2025T14:48:05 - [TEST_STEP][PASSED] - myValue = value: null

25-01-2025T14:48:05 - [TEST_STEP][PASSED] - println("myKey is " + myKey): null

25-01-2025T14:48:05 - [TEST_STEP][PASSED] - println("myValue is " + myValue): null

25-01-2025T14:48:05 - [TEST_STEP][PASSED] - if (myKey != "dummy"): null

25-01-2025T14:48:05 - [TEST_STEP][PASSED] - tObj = testObjectFolder + myValue: null

25-01-2025T14:48:05 - [TEST_STEP][PASSED] - click(tObj): null

25-01-2025T14:48:05 - [TEST_STEP][PASSED] - scrollToObject(object): null

25-01-2025T14:48:05 - [TEST_STEP][PASSED] - println("Converting " + object + " to web element"): null

25-01-2025T14:48:05 - [TEST_STEP][PASSED] - element = findWebElement(findTestObject(object), 1): null

25-01-2025T14:48:05 - [TEST_STEP][PASSED] - loc = element.getLocation(): null

25-01-2025T14:48:05 - [TEST_STEP][PASSED] - y = loc.getY(): null

25-01-2025T14:48:05 - [TEST_STEP][PASSED] - println("Y location is " + y): null

25-01-2025T14:48:05 - [TEST_STEP][PASSED] - top = getViewportTopPosition(): Current viewport's top (y) position is 0

25-01-2025T14:48:05 - [MESSAGE][PASSED] - Current viewport's top (y) position is 0

25-01-2025T14:48:05 - [TEST_STEP][PASSED] - println("Viewport top is " + top): null

25-01-2025T14:48:05 - [TEST_STEP][PASSED] - bottom = top + 600: null

25-01-2025T14:48:05 - [TEST_STEP][PASSED] - if (y - top < 150 || bottom - y < 10): null

25-01-2025T14:48:05 - [TEST_STEP][PASSED] - click(findTestObject(object)): null

25-01-2025T14:48:05 - [MESSAGE][PASSED] - Object: 'Object Repository/Education partner Profile/Tabs/School Info/img_Description_field-tooltip' is clicked on

25-01-2025T14:48:05 - [TEST_STEP][PASSED] - delay(1): Delayed 1 second(s)

25-01-2025T14:48:06 - [MESSAGE][PASSED] - Delayed 1 second(s)

25-01-2025T14:48:06 - [TEST_STEP][PASSED] - myImage = tooltipImagePath + myKey + ".png": null

25-01-2025T14:48:06 - [TEST_STEP][PASSED] - f = new java.io.File(myImage): null

25-01-2025T14:48:06 - [TEST_STEP][PASSED] - if (f.exists()): null

25-01-2025T14:48:06 - [TEST_STEP][PASSED] - println("Looking for " + myImage): null

25-01-2025T14:48:06 - [TEST_STEP][PASSED] - icn = Pattern(myImage).similar(0.10): null

25-01-2025T14:48:06 - [TEST_STEP][PASSED] - found = s.exists(icn): null

25-01-2025T14:48:06 - [TEST_STEP][PASSED] - println(found): null

25-01-2025T14:48:06 - [TEST_STEP][PASSED] - if (found != null): null

25-01-2025T14:48:06 - [TEST_STEP][PASSED] - foundStr = found.toString(): null

25-01-2025T14:48:06 - [TEST_STEP][PASSED] - matchP = foundStr.indexOf("%"): null

25-01-2025T14:48:06 - [TEST_STEP][PASSED] - println(matchP): null

25-01-2025T14:48:06 - [TEST_STEP][PASSED] - pct = foundStr.substring(matchP + 1, matchP + 6): null

25-01-2025T14:48:06 - [TEST_STEP][PASSED] - outText = "+++ Tooltip match value for " + myKey + " is " + pct + "%": null

25-01-2025T14:48:06 - [TEST_STEP][PASSED] - pctF = pct.toFloat(): null

25-01-2025T14:48:06 - [TEST_STEP][PASSED] - min = 80: null

25-01-2025T14:48:06 - [TEST_STEP][PASSED] - if (pct.toFloat() < min.toFloat()): null

25-01-2025T14:48:06 - [TEST_STEP][PASSED] - if (myKey != "dummy"): null

25-01-2025T14:48:06 - [TEST_STEP][PASSED] - println(outText): null

25-01-2025T14:48:06 - [TEST_STEP][PASSED] - outFile.append(outText + "
"): null

25-01-2025T14:48:06 - [TEST_STEP][PASSED] - myKey = key: null

25-01-2025T14:48:06 - [TEST_STEP][PASSED] - myValue = value: null

25-01-2025T14:48:06 - [TEST_STEP][PASSED] - println("myKey is " + myKey): null

25-01-2025T14:48:06 - [TEST_STEP][PASSED] - println("myValue is " + myValue): null

25-01-2025T14:48:06 - [TEST_STEP][PASSED] - if (myKey != "dummy"): null

25-01-2025T14:48:06 - [TEST_STEP][PASSED] - tObj = testObjectFolder + myValue: null

25-01-2025T14:48:06 - [TEST_STEP][PASSED] - click(tObj): null

25-01-2025T14:48:06 - [TEST_STEP][PASSED] - scrollToObject(object): null

25-01-2025T14:48:06 - [TEST_STEP][PASSED] - println("Converting " + object + " to web element"): null

25-01-2025T14:48:06 - [TEST_STEP][PASSED] - element = findWebElement(findTestObject(object), 1): null

25-01-2025T14:48:06 - [TEST_STEP][PASSED] - loc = element.getLocation(): null

25-01-2025T14:48:06 - [TEST_STEP][PASSED] - y = loc.getY(): null

25-01-2025T14:48:06 - [TEST_STEP][PASSED] - println("Y location is " + y): null

25-01-2025T14:48:06 - [TEST_STEP][PASSED] - top = getViewportTopPosition(): Current viewport's top (y) position is 0

25-01-2025T14:48:06 - [MESSAGE][PASSED] - Current viewport's top (y) position is 0

25-01-2025T14:48:06 - [TEST_STEP][PASSED] - println("Viewport top is " + top): null

25-01-2025T14:48:06 - [TEST_STEP][PASSED] - bottom = top + 600: null

25-01-2025T14:48:06 - [TEST_STEP][PASSED] - if (y - top < 150 || bottom - y < 10): Delayed 1 second(s)

25-01-2025T14:48:06 - [TEST_STEP][PASSED] - scrollToPosition(0, y - 170): Browser is scrolled to position x = 0, y = 439

25-01-2025T14:48:06 - [MESSAGE][PASSED] - Browser is scrolled to position x = 0, y = 439

25-01-2025T14:48:06 - [TEST_STEP][PASSED] - delay(1): Delayed 1 second(s)

25-01-2025T14:48:07 - [MESSAGE][PASSED] - Delayed 1 second(s)

25-01-2025T14:48:07 - [TEST_STEP][PASSED] - click(findTestObject(object)): null

25-01-2025T14:48:07 - [MESSAGE][PASSED] - Object: 'Object Repository/Education partner Profile/Tabs/School Info/img_Year Founded_field-tooltip' is clicked on

25-01-2025T14:48:07 - [TEST_STEP][PASSED] - delay(1): Delayed 1 second(s)

25-01-2025T14:48:08 - [MESSAGE][PASSED] - Delayed 1 second(s)

25-01-2025T14:48:08 - [TEST_STEP][PASSED] - myImage = tooltipImagePath + myKey + ".png": null

25-01-2025T14:48:08 - [TEST_STEP][PASSED] - f = new java.io.File(myImage): null

25-01-2025T14:48:08 - [TEST_STEP][PASSED] - if (f.exists()): null

25-01-2025T14:48:08 - [TEST_STEP][PASSED] - println("Looking for " + myImage): null

25-01-2025T14:48:08 - [TEST_STEP][PASSED] - icn = Pattern(myImage).similar(0.10): null

25-01-2025T14:48:08 - [TEST_STEP][PASSED] - found = s.exists(icn): null

25-01-2025T14:48:08 - [TEST_STEP][PASSED] - println(found): null

25-01-2025T14:48:08 - [TEST_STEP][PASSED] - if (found != null): null

25-01-2025T14:48:08 - [TEST_STEP][PASSED] - foundStr = found.toString(): null

25-01-2025T14:48:08 - [TEST_STEP][PASSED] - matchP = foundStr.indexOf("%"): null

25-01-2025T14:48:08 - [TEST_STEP][PASSED] - println(matchP): null

25-01-2025T14:48:08 - [TEST_STEP][PASSED] - pct = foundStr.substring(matchP + 1, matchP + 6): null

25-01-2025T14:48:08 - [TEST_STEP][PASSED] - outText = "+++ Tooltip match value for " + myKey + " is " + pct + "%": null

25-01-2025T14:48:08 - [TEST_STEP][PASSED] - pctF = pct.toFloat(): null

25-01-2025T14:48:08 - [TEST_STEP][PASSED] - min = 80: null

25-01-2025T14:48:08 - [TEST_STEP][PASSED] - if (pct.toFloat() < min.toFloat()): null

25-01-2025T14:48:08 - [TEST_STEP][PASSED] - if (myKey != "dummy"): null

25-01-2025T14:48:08 - [TEST_STEP][PASSED] - println(outText): null

25-01-2025T14:48:08 - [TEST_STEP][PASSED] - outFile.append(outText + "
"): null

25-01-2025T14:48:08 - [TEST_STEP][PASSED] - myKey = key: null

25-01-2025T14:48:08 - [TEST_STEP][PASSED] - myValue = value: null

25-01-2025T14:48:08 - [TEST_STEP][PASSED] - println("myKey is " + myKey): null

25-01-2025T14:48:08 - [TEST_STEP][PASSED] - println("myValue is " + myValue): null

25-01-2025T14:48:08 - [TEST_STEP][PASSED] - if (myKey != "dummy"): null

25-01-2025T14:48:08 - [TEST_STEP][PASSED] - tObj = testObjectFolder + myValue: null

25-01-2025T14:48:08 - [TEST_STEP][PASSED] - click(tObj): null

25-01-2025T14:48:08 - [TEST_STEP][PASSED] - scrollToObject(object): null

25-01-2025T14:48:08 - [TEST_STEP][PASSED] - println("Converting " + object + " to web element"): null

25-01-2025T14:48:08 - [TEST_STEP][PASSED] - element = findWebElement(findTestObject(object), 1): null

25-01-2025T14:48:08 - [TEST_STEP][PASSED] - loc = element.getLocation(): null

25-01-2025T14:48:08 - [TEST_STEP][PASSED] - y = loc.getY(): null

25-01-2025T14:48:08 - [TEST_STEP][PASSED] - println("Y location is " + y): null

25-01-2025T14:48:08 - [TEST_STEP][PASSED] - top = getViewportTopPosition(): Current viewport's top (y) position is 439

25-01-2025T14:48:08 - [MESSAGE][PASSED] - Current viewport's top (y) position is 439

25-01-2025T14:48:08 - [TEST_STEP][PASSED] - println("Viewport top is " + top): null

25-01-2025T14:48:08 - [TEST_STEP][PASSED] - bottom = top + 600: null

25-01-2025T14:48:08 - [TEST_STEP][PASSED] - if (y - top < 150 || bottom - y < 10): null

25-01-2025T14:48:08 - [TEST_STEP][PASSED] - click(findTestObject(object)): null

25-01-2025T14:48:08 - [MESSAGE][PASSED] - Object: 'Object Repository/Education partner Profile/Tabs/School Info/img_Vision Trip_field-tooltip' is clicked on

25-01-2025T14:48:08 - [TEST_STEP][PASSED] - delay(1): Delayed 1 second(s)

25-01-2025T14:48:09 - [MESSAGE][PASSED] - Delayed 1 second(s)

25-01-2025T14:48:09 - [TEST_STEP][PASSED] - myImage = tooltipImagePath + myKey + ".png": null

25-01-2025T14:48:09 - [TEST_STEP][PASSED] - f = new java.io.File(myImage): null

25-01-2025T14:48:09 - [TEST_STEP][PASSED] - if (f.exists()): null

25-01-2025T14:48:09 - [TEST_STEP][PASSED] - println("Looking for " + myImage): null

25-01-2025T14:48:09 - [TEST_STEP][PASSED] - icn = Pattern(myImage).similar(0.10): null

25-01-2025T14:48:09 - [TEST_STEP][PASSED] - found = s.exists(icn): null

25-01-2025T14:48:09 - [TEST_STEP][PASSED] - println(found): null

25-01-2025T14:48:09 - [TEST_STEP][PASSED] - if (found != null): null

25-01-2025T14:48:09 - [TEST_STEP][PASSED] - foundStr = found.toString(): null

25-01-2025T14:48:09 - [TEST_STEP][PASSED] - matchP = foundStr.indexOf("%"): null

25-01-2025T14:48:09 - [TEST_STEP][PASSED] - println(matchP): null

25-01-2025T14:48:09 - [TEST_STEP][PASSED] - pct = foundStr.substring(matchP + 1, matchP + 6): null

25-01-2025T14:48:09 - [TEST_STEP][PASSED] - outText = "+++ Tooltip match value for " + myKey + " is " + pct + "%": null

25-01-2025T14:48:09 - [TEST_STEP][PASSED] - pctF = pct.toFloat(): null

25-01-2025T14:48:09 - [TEST_STEP][PASSED] - min = 80: null

25-01-2025T14:48:09 - [TEST_STEP][PASSED] - if (pct.toFloat() < min.toFloat()): null

25-01-2025T14:48:09 - [TEST_STEP][PASSED] - if (myKey != "dummy"): null

25-01-2025T14:48:09 - [TEST_STEP][PASSED] - println(outText): null

25-01-2025T14:48:09 - [TEST_STEP][PASSED] - outFile.append(outText + "
"): null

25-01-2025T14:48:09 - [TEST_STEP][PASSED] - myKey = key: null

25-01-2025T14:48:09 - [TEST_STEP][PASSED] - myValue = value: null

25-01-2025T14:48:09 - [TEST_STEP][PASSED] - println("myKey is " + myKey): null

25-01-2025T14:48:09 - [TEST_STEP][PASSED] - println("myValue is " + myValue): null

25-01-2025T14:48:09 - [TEST_STEP][PASSED] - if (myKey != "dummy"): null

25-01-2025T14:48:09 - [TEST_STEP][PASSED] - tObj = testObjectFolder + myValue: null

25-01-2025T14:48:09 - [TEST_STEP][PASSED] - click(tObj): null

25-01-2025T14:48:09 - [TEST_STEP][PASSED] - scrollToObject(object): null

25-01-2025T14:48:09 - [TEST_STEP][PASSED] - println("Converting " + object + " to web element"): null

25-01-2025T14:48:09 - [TEST_STEP][PASSED] - element = findWebElement(findTestObject(object), 1): null

25-01-2025T14:48:09 - [TEST_STEP][PASSED] - loc = element.getLocation(): null

25-01-2025T14:48:09 - [TEST_STEP][PASSED] - y = loc.getY(): null

25-01-2025T14:48:09 - [TEST_STEP][PASSED] - println("Y location is " + y): null

25-01-2025T14:48:09 - [TEST_STEP][PASSED] - top = getViewportTopPosition(): Current viewport's top (y) position is 439

25-01-2025T14:48:09 - [MESSAGE][PASSED] - Current viewport's top (y) position is 439

25-01-2025T14:48:09 - [TEST_STEP][PASSED] - println("Viewport top is " + top): null

25-01-2025T14:48:09 - [TEST_STEP][PASSED] - bottom = top + 600: null

25-01-2025T14:48:09 - [TEST_STEP][PASSED] - if (y - top < 150 || bottom - y < 10): null

25-01-2025T14:48:09 - [TEST_STEP][PASSED] - click(findTestObject(object)): null

25-01-2025T14:48:09 - [MESSAGE][PASSED] - Object: 'Object Repository/Education partner Profile/Tabs/School Info/img_School Year Starts_field-tooltip' is clicked on

25-01-2025T14:48:09 - [TEST_STEP][PASSED] - delay(1): Delayed 1 second(s)

25-01-2025T14:48:10 - [MESSAGE][PASSED] - Delayed 1 second(s)

25-01-2025T14:48:10 - [TEST_STEP][PASSED] - myImage = tooltipImagePath + myKey + ".png": null

25-01-2025T14:48:10 - [TEST_STEP][PASSED] - f = new java.io.File(myImage): null

25-01-2025T14:48:10 - [TEST_STEP][PASSED] - if (f.exists()): null

25-01-2025T14:48:10 - [TEST_STEP][PASSED] - println("Looking for " + myImage): null

25-01-2025T14:48:10 - [TEST_STEP][PASSED] - icn = Pattern(myImage).similar(0.10): null

25-01-2025T14:48:10 - [TEST_STEP][PASSED] - found = s.exists(icn): null

25-01-2025T14:48:10 - [TEST_STEP][PASSED] - println(found): null

25-01-2025T14:48:10 - [TEST_STEP][PASSED] - if (found != null): null

25-01-2025T14:48:10 - [TEST_STEP][PASSED] - foundStr = found.toString(): null

25-01-2025T14:48:10 - [TEST_STEP][PASSED] - matchP = foundStr.indexOf("%"): null

25-01-2025T14:48:10 - [TEST_STEP][PASSED] - println(matchP): null

25-01-2025T14:48:10 - [TEST_STEP][PASSED] - pct = foundStr.substring(matchP + 1, matchP + 6): null

25-01-2025T14:48:10 - [TEST_STEP][PASSED] - outText = "+++ Tooltip match value for " + myKey + " is " + pct + "%": null

25-01-2025T14:48:10 - [TEST_STEP][PASSED] - pctF = pct.toFloat(): null

25-01-2025T14:48:10 - [TEST_STEP][PASSED] - min = 80: null

25-01-2025T14:48:10 - [TEST_STEP][PASSED] - if (pct.toFloat() < min.toFloat()): null

25-01-2025T14:48:10 - [TEST_STEP][PASSED] - if (myKey != "dummy"): null

25-01-2025T14:48:10 - [TEST_STEP][PASSED] - println(outText): null

25-01-2025T14:48:10 - [TEST_STEP][PASSED] - outFile.append(outText + "
"): null

25-01-2025T14:48:10 - [TEST_STEP][PASSED] - myKey = key: null

25-01-2025T14:48:10 - [TEST_STEP][PASSED] - myValue = value: null

25-01-2025T14:48:10 - [TEST_STEP][PASSED] - println("myKey is " + myKey): null

25-01-2025T14:48:10 - [TEST_STEP][PASSED] - println("myValue is " + myValue): null

25-01-2025T14:48:10 - [TEST_STEP][PASSED] - if (myKey != "dummy"): null

25-01-2025T14:48:10 - [TEST_STEP][PASSED] - tObj = testObjectFolder + myValue: null

25-01-2025T14:48:10 - [TEST_STEP][PASSED] - click(tObj): null

25-01-2025T14:48:10 - [TEST_STEP][PASSED] - scrollToObject(object): null

25-01-2025T14:48:10 - [TEST_STEP][PASSED] - println("Converting " + object + " to web element"): null

25-01-2025T14:48:10 - [TEST_STEP][PASSED] - element = findWebElement(findTestObject(object), 1): null

25-01-2025T14:48:10 - [TEST_STEP][PASSED] - loc = element.getLocation(): null

25-01-2025T14:48:10 - [TEST_STEP][PASSED] - y = loc.getY(): null

25-01-2025T14:48:10 - [TEST_STEP][PASSED] - println("Y location is " + y): null

25-01-2025T14:48:10 - [TEST_STEP][PASSED] - top = getViewportTopPosition(): Current viewport's top (y) position is 439

25-01-2025T14:48:10 - [MESSAGE][PASSED] - Current viewport's top (y) position is 439

25-01-2025T14:48:10 - [TEST_STEP][PASSED] - println("Viewport top is " + top): null

25-01-2025T14:48:10 - [TEST_STEP][PASSED] - bottom = top + 600: null

25-01-2025T14:48:10 - [TEST_STEP][PASSED] - if (y - top < 150 || bottom - y < 10): null

25-01-2025T14:48:10 - [TEST_STEP][PASSED] - click(findTestObject(object)): null

25-01-2025T14:48:10 - [MESSAGE][PASSED] - Object: 'Object Repository/Education partner Profile/Tabs/School Info/img_Website Address_field-tooltip' is clicked on

25-01-2025T14:48:10 - [TEST_STEP][PASSED] - delay(1): Delayed 1 second(s)

25-01-2025T14:48:11 - [MESSAGE][PASSED] - Delayed 1 second(s)

25-01-2025T14:48:11 - [TEST_STEP][PASSED] - myImage = tooltipImagePath + myKey + ".png": null

25-01-2025T14:48:11 - [TEST_STEP][PASSED] - f = new java.io.File(myImage): null

25-01-2025T14:48:11 - [TEST_STEP][PASSED] - if (f.exists()): null

25-01-2025T14:48:11 - [TEST_STEP][PASSED] - println("Looking for " + myImage): null

25-01-2025T14:48:11 - [TEST_STEP][PASSED] - icn = Pattern(myImage).similar(0.10): null

25-01-2025T14:48:11 - [TEST_STEP][PASSED] - found = s.exists(icn): null

25-01-2025T14:48:12 - [TEST_STEP][PASSED] - println(found): null

25-01-2025T14:48:12 - [TEST_STEP][PASSED] - if (found != null): null

25-01-2025T14:48:12 - [TEST_STEP][PASSED] - foundStr = found.toString(): null

25-01-2025T14:48:12 - [TEST_STEP][PASSED] - matchP = foundStr.indexOf("%"): null

25-01-2025T14:48:12 - [TEST_STEP][PASSED] - println(matchP): null

25-01-2025T14:48:12 - [TEST_STEP][PASSED] - pct = foundStr.substring(matchP + 1, matchP + 6): null

25-01-2025T14:48:12 - [TEST_STEP][PASSED] - outText = "+++ Tooltip match value for " + myKey + " is " + pct + "%": null

25-01-2025T14:48:12 - [TEST_STEP][PASSED] - pctF = pct.toFloat(): null

25-01-2025T14:48:12 - [TEST_STEP][PASSED] - min = 80: null

25-01-2025T14:48:12 - [TEST_STEP][PASSED] - if (pct.toFloat() < min.toFloat()): null

25-01-2025T14:48:12 - [TEST_STEP][PASSED] - if (myKey != "dummy"): null

25-01-2025T14:48:12 - [TEST_STEP][PASSED] - println(outText): null

25-01-2025T14:48:12 - [TEST_STEP][PASSED] - outFile.append(outText + "
"): null

25-01-2025T14:48:12 - [TEST_STEP][PASSED] - myKey = key: null

25-01-2025T14:48:12 - [TEST_STEP][PASSED] - myValue = value: null

25-01-2025T14:48:12 - [TEST_STEP][PASSED] - println("myKey is " + myKey): null

25-01-2025T14:48:12 - [TEST_STEP][PASSED] - println("myValue is " + myValue): null

25-01-2025T14:48:12 - [TEST_STEP][PASSED] - if (myKey != "dummy"): null

25-01-2025T14:48:12 - [TEST_STEP][PASSED] - tObj = testObjectFolder + myValue: null

25-01-2025T14:48:12 - [TEST_STEP][PASSED] - click(tObj): null

25-01-2025T14:48:12 - [TEST_STEP][PASSED] - scrollToObject(object): null

25-01-2025T14:48:12 - [TEST_STEP][PASSED] - println("Converting " + object + " to web element"): null

25-01-2025T14:48:12 - [TEST_STEP][PASSED] - element = findWebElement(findTestObject(object), 1): null

25-01-2025T14:48:12 - [TEST_STEP][PASSED] - loc = element.getLocation(): null

25-01-2025T14:48:12 - [TEST_STEP][PASSED] - y = loc.getY(): null

25-01-2025T14:48:12 - [TEST_STEP][PASSED] - println("Y location is " + y): null

25-01-2025T14:48:12 - [TEST_STEP][PASSED] - top = getViewportTopPosition(): Current viewport's top (y) position is 439

25-01-2025T14:48:12 - [MESSAGE][PASSED] - Current viewport's top (y) position is 439

25-01-2025T14:48:12 - [TEST_STEP][PASSED] - println("Viewport top is " + top): null

25-01-2025T14:48:12 - [TEST_STEP][PASSED] - bottom = top + 600: null

25-01-2025T14:48:12 - [TEST_STEP][PASSED] - if (y - top < 150 || bottom - y < 10): null

25-01-2025T14:48:12 - [TEST_STEP][PASSED] - click(findTestObject(object)): null

25-01-2025T14:48:12 - [MESSAGE][PASSED] - Object: 'Object Repository/Education partner Profile/Tabs/School Info/img_Hide Listing_field-tooltip' is clicked on

25-01-2025T14:48:12 - [TEST_STEP][PASSED] - delay(1): Delayed 1 second(s)

25-01-2025T14:48:13 - [MESSAGE][PASSED] - Delayed 1 second(s)

25-01-2025T14:48:13 - [TEST_STEP][PASSED] - myImage = tooltipImagePath + myKey + ".png": null

25-01-2025T14:48:13 - [TEST_STEP][PASSED] - f = new java.io.File(myImage): null

25-01-2025T14:48:13 - [TEST_STEP][PASSED] - if (f.exists()): null

25-01-2025T14:48:13 - [TEST_STEP][PASSED] - println("Looking for " + myImage): null

25-01-2025T14:48:13 - [TEST_STEP][PASSED] - icn = Pattern(myImage).similar(0.10): null

25-01-2025T14:48:13 - [TEST_STEP][PASSED] - found = s.exists(icn): null

25-01-2025T14:48:13 - [TEST_STEP][PASSED] - println(found): null

25-01-2025T14:48:13 - [TEST_STEP][PASSED] - if (found != null): null

25-01-2025T14:48:13 - [TEST_STEP][PASSED] - foundStr = found.toString(): null

25-01-2025T14:48:13 - [TEST_STEP][PASSED] - matchP = foundStr.indexOf("%"): null

25-01-2025T14:48:13 - [TEST_STEP][PASSED] - println(matchP): null

25-01-2025T14:48:13 - [TEST_STEP][PASSED] - pct = foundStr.substring(matchP + 1, matchP + 6): null

25-01-2025T14:48:13 - [TEST_STEP][PASSED] - outText = "+++ Tooltip match value for " + myKey + " is " + pct + "%": null

25-01-2025T14:48:13 - [TEST_STEP][PASSED] - pctF = pct.toFloat(): null

25-01-2025T14:48:13 - [TEST_STEP][PASSED] - min = 80: null

25-01-2025T14:48:13 - [TEST_STEP][PASSED] - if (pct.toFloat() < min.toFloat()): null

25-01-2025T14:48:13 - [TEST_STEP][PASSED] - if (myKey != "dummy"): null

25-01-2025T14:48:13 - [TEST_STEP][PASSED] - println(outText): null

25-01-2025T14:48:13 - [TEST_STEP][PASSED] - outFile.append(outText + "
"): null

25-01-2025T14:48:13 - [TEST_STEP][PASSED] - outText = "Verifying the tooltip text on the page is what was expected.
": null

25-01-2025T14:48:13 - [TEST_STEP][PASSED] - outFile.append(outText): null

25-01-2025T14:48:13 - [TEST_STEP][PASSED] - for (def it : tooltipText): null

25-01-2025T14:48:13 - [TEST_STEP][PASSED] - println(it): null

25-01-2025T14:48:13 - [TEST_STEP][PASSED] - myKey = key: null

25-01-2025T14:48:13 - [TEST_STEP][PASSED] - myText = value.replace(""", ""): null

25-01-2025T14:48:13 - [TEST_STEP][PASSED] - myText = myText.trim(): null

25-01-2025T14:48:13 - [TEST_STEP][PASSED] - actualText = get(myKey).replace(""", ""): null

25-01-2025T14:48:13 - [TEST_STEP][PASSED] - actualText = actualText.trim(): null

25-01-2025T14:48:13 - [TEST_STEP][PASSED] - println(myKey + ":" + actualText): null

25-01-2025T14:48:13 - [TEST_STEP][PASSED] - if (actualText != myText): null

25-01-2025T14:48:13 - [TEST_STEP][PASSED] - println(it): null

25-01-2025T14:48:13 - [TEST_STEP][PASSED] - myKey = key: null

25-01-2025T14:48:13 - [TEST_STEP][PASSED] - myText = value.replace(""", ""): null

25-01-2025T14:48:13 - [TEST_STEP][PASSED] - myText = myText.trim(): null

25-01-2025T14:48:13 - [TEST_STEP][PASSED] - actualText = get(myKey).replace(""", ""): null

25-01-2025T14:48:13 - [TEST_STEP][PASSED] - actualText = actualText.trim(): null

25-01-2025T14:48:13 - [TEST_STEP][PASSED] - println(myKey + ":" + actualText): null

25-01-2025T14:48:13 - [TEST_STEP][PASSED] - if (actualText != myText): null

25-01-2025T14:48:13 - [TEST_STEP][PASSED] - println(it): null

25-01-2025T14:48:13 - [TEST_STEP][PASSED] - myKey = key: null

25-01-2025T14:48:13 - [TEST_STEP][PASSED] - myText = value.replace(""", ""): null

25-01-2025T14:48:13 - [TEST_STEP][PASSED] - myText = myText.trim(): null

25-01-2025T14:48:13 - [TEST_STEP][PASSED] - actualText = get(myKey).replace(""", ""): null

25-01-2025T14:48:13 - [TEST_STEP][PASSED] - actualText = actualText.trim(): null

25-01-2025T14:48:13 - [TEST_STEP][PASSED] - println(myKey + ":" + actualText): null

25-01-2025T14:48:13 - [TEST_STEP][PASSED] - if (actualText != myText): null

25-01-2025T14:48:13 - [TEST_STEP][PASSED] - println(it): null

25-01-2025T14:48:13 - [TEST_STEP][PASSED] - myKey = key: null

25-01-2025T14:48:13 - [TEST_STEP][PASSED] - myText = value.replace(""", ""): null

25-01-2025T14:48:13 - [TEST_STEP][PASSED] - myText = myText.trim(): null

25-01-2025T14:48:13 - [TEST_STEP][PASSED] - actualText = get(myKey).replace(""", ""): null

25-01-2025T14:48:13 - [TEST_STEP][PASSED] - actualText = actualText.trim(): null

25-01-2025T14:48:13 - [TEST_STEP][PASSED] - println(myKey + ":" + actualText): null

25-01-2025T14:48:13 - [TEST_STEP][PASSED] - if (actualText != myText): null

25-01-2025T14:48:13 - [TEST_STEP][PASSED] - println(it): null

25-01-2025T14:48:13 - [TEST_STEP][PASSED] - myKey = key: null

25-01-2025T14:48:13 - [TEST_STEP][PASSED] - myText = value.replace(""", ""): null

25-01-2025T14:48:13 - [TEST_STEP][PASSED] - myText = myText.trim(): null

25-01-2025T14:48:13 - [TEST_STEP][PASSED] - actualText = get(myKey).replace(""", ""): null

25-01-2025T14:48:13 - [TEST_STEP][PASSED] - actualText = actualText.trim(): null

25-01-2025T14:48:13 - [TEST_STEP][PASSED] - println(myKey + ":" + actualText): null

25-01-2025T14:48:13 - [TEST_STEP][PASSED] - if (actualText != myText): null

25-01-2025T14:48:13 - [TEST_STEP][PASSED] - println(it): null

25-01-2025T14:48:13 - [TEST_STEP][PASSED] - myKey = key: null

25-01-2025T14:48:13 - [TEST_STEP][PASSED] - myText = value.replace(""", ""): null

25-01-2025T14:48:13 - [TEST_STEP][PASSED] - myText = myText.trim(): null

25-01-2025T14:48:13 - [TEST_STEP][PASSED] - actualText = get(myKey).replace(""", ""): null

25-01-2025T14:48:13 - [TEST_STEP][PASSED] - actualText = actualText.trim(): null

25-01-2025T14:48:13 - [TEST_STEP][PASSED] - println(myKey + ":" + actualText): null

25-01-2025T14:48:13 - [TEST_STEP][PASSED] - if (actualText != myText): null

25-01-2025T14:48:13 - [MESSAGE][PASSED] - Call Test Case 'Test Cases/_Functions/Test Tooltips' successfully

25-01-2025T14:48:13 - [TEST_STEP][PASSED] - outText = "Verifying the required field messages.
": null

25-01-2025T14:48:13 - [TEST_STEP][PASSED] - outFile.append(outText): null

25-01-2025T14:48:13 - [TEST_STEP][PASSED] - fieldList = []: null

25-01-2025T14:48:13 - [TEST_STEP][PASSED] - requiredFieldMsgs.each({ -> ... }): null

25-01-2025T14:48:13 - [TEST_STEP][PASSED] - callTestCase(findTestCase("_Functions/Test Field Error Messages"), ["varFieldList":fieldList, "varRequiredFieldMsgs":requiredFieldMsgs], STOP_ON_FAILURE): Call Test Case 'Test Cases/_Functions/Test Field Error Messages' successfully

25-01-2025T14:48:13 - [TEST_CASE][PASSED] - Test Cases/_Functions/Test Field Error Messages: Test Cases/_Functions/Test Field Error Messages

25-01-2025T14:48:13 - [TEST_STEP][PASSED] - count = callTestCase(findTestCase("_Functions/Find error messages"), ["varFunction":"count"], STOP_ON_FAILURE): Call Test Case 'Test Cases/_Functions/Find error messages' successfully

25-01-2025T14:48:13 - [TEST_CASE][PASSED] - Test Cases/_Functions/Find error messages: Test Cases/_Functions/Find error messages

25-01-2025T14:48:13 - [TEST_STEP][PASSED] - function = "count": null

25-01-2025T14:48:13 - [TEST_STEP][PASSED] - if (binding.hasVariable("varFunction")): null

25-01-2025T14:48:13 - [TEST_STEP][PASSED] - function = varFunction: null

25-01-2025T14:48:13 - [TEST_STEP][PASSED] - title = getWindowTitle(): Current window's title is: 'Education'

25-01-2025T14:48:13 - [MESSAGE][PASSED] - Current window's title is: 'Education'

25-01-2025T14:48:13 - [TEST_STEP][PASSED] - println("Page title is " + title): null

25-01-2025T14:48:13 - [TEST_STEP][PASSED] - driver = getWebDriver(): null

25-01-2025T14:48:13 - [TEST_STEP][PASSED] - elements = driver.findElements(By.xpath("//div[@class='col-sm-offset-3 col-sm-9 text-danger']")): null

25-01-2025T14:48:13 - [TEST_STEP][PASSED] - if (function == "count"): null

25-01-2025T14:48:13 - [TEST_STEP][PASSED] - return elements.size(): null

25-01-2025T14:48:13 - [MESSAGE][PASSED] - Call Test Case 'Test Cases/_Functions/Find error messages' successfully

25-01-2025T14:48:13 - [TEST_STEP][PASSED] - outFile = outFile: null

25-01-2025T14:48:13 - [TEST_STEP][PASSED] - if (count == 0): null

25-01-2025T14:48:13 - [TEST_STEP][PASSED] - else: Delayed 0 second(s)

25-01-2025T14:48:13 - [TEST_STEP][PASSED] - fieldList = varFieldList: null

25-01-2025T14:48:13 - [TEST_STEP][PASSED] - requiredFieldMsgs = varRequiredFieldMsgs: null

25-01-2025T14:48:13 - [TEST_STEP][PASSED] - outText = "Verifying error messages for fields " + fieldList: null

25-01-2025T14:48:13 - [TEST_STEP][PASSED] - for (def field : fieldList): null

25-01-2025T14:48:13 - [TEST_STEP][PASSED] - delay(fieldTestDelay): Delayed 0 second(s)

25-01-2025T14:48:13 - [MESSAGE][PASSED] - Delayed 0 second(s)

25-01-2025T14:48:13 - [MESSAGE][PASSED] - Call Test Case 'Test Cases/_Functions/Test Field Error Messages' successfully

25-01-2025T14:48:13 - [TEST_STEP][PASSED] - if (varDescription != null): Call Test Case 'Test Cases/_Functions/Perform Action' successfully

25-01-2025T14:48:13 - [TEST_STEP][PASSED] - object = "Object Repository/Education Partner Profile/Tabs/School Info/textarea_Description": null

25-01-2025T14:48:13 - [TEST_STEP][PASSED] - callTestCase(findTestCase("_Functions/Perform Action"), ["varAction":"setText", "varObject":object, "varParm1":varDescription], STOP_ON_FAILURE): Call Test Case 'Test Cases/_Functions/Perform Action' successfully

25-01-2025T14:48:13 - [TEST_CASE][PASSED] - Test Cases/_Functions/Perform Action: Test Cases/_Functions/Perform Action

25-01-2025T14:48:13 - [TEST_STEP][PASSED] - action = varAction: null

25-01-2025T14:48:13 - [TEST_STEP][PASSED] - println(action): null

25-01-2025T14:48:13 - [TEST_STEP][PASSED] - testObject = varObject: null

25-01-2025T14:48:13 - [TEST_STEP][PASSED] - println(testObject): null

25-01-2025T14:48:13 - [TEST_STEP][PASSED] - parm1 = varParm1: null

25-01-2025T14:48:13 - [TEST_STEP][PASSED] - println(parm1): null

25-01-2025T14:48:13 - [TEST_STEP][PASSED] - println("Converting " + testObject + " to web element"): null

25-01-2025T14:48:13 - [TEST_STEP][PASSED] - element = findWebElement(findTestObject(testObject), 1): null

25-01-2025T14:48:13 - [TEST_STEP][PASSED] - loc = element.getLocation(): null

25-01-2025T14:48:13 - [TEST_STEP][PASSED] - y = loc.getY(): null

25-01-2025T14:48:13 - [TEST_STEP][PASSED] - println("Y location is " + y): null

25-01-2025T14:48:13 - [TEST_STEP][PASSED] - top = getViewportTopPosition(): Current viewport's top (y) position is 439

25-01-2025T14:48:13 - [MESSAGE][PASSED] - Current viewport's top (y) position is 439

25-01-2025T14:48:13 - [TEST_STEP][PASSED] - println("Viewport top is " + top): null

25-01-2025T14:48:13 - [TEST_STEP][PASSED] - bottom = top + 600: null

25-01-2025T14:48:13 - [TEST_STEP][PASSED] - if (y - top < 150 || bottom - y < 10): Delayed 1 second(s)

25-01-2025T14:48:13 - [TEST_STEP][PASSED] - scrollToPosition(0, y - 150): Browser is scrolled to position x = 0, y = 289

25-01-2025T14:48:13 - [MESSAGE][PASSED] - Browser is scrolled to position x = 0, y = 289

25-01-2025T14:48:13 - [TEST_STEP][PASSED] - delay(1): Delayed 1 second(s)

25-01-2025T14:48:14 - [MESSAGE][PASSED] - Delayed 1 second(s)

25-01-2025T14:48:14 - [TEST_STEP][PASSED] - if (action == "click"): null

25-01-2025T14:48:14 - [TEST_STEP][PASSED] - else if (action == "selectOptionByValue"): null

25-01-2025T14:48:14 - [TEST_STEP][PASSED] - else if (action == "setText"): Text 'The Kosieracki Christian K-12 School' is set on object 'Object Repository/Education Partner Profile/Tabs/School Info/textarea_Description'

25-01-2025T14:48:14 - [TEST_STEP][PASSED] - println("Setting text " + parm1): null

25-01-2025T14:48:14 - [TEST_STEP][PASSED] - setText(findTestObject(testObject), parm1): Text 'The Kosieracki Christian K-12 School' is set on object 'Object Repository/Education Partner Profile/Tabs/School Info/textarea_Description'

25-01-2025T14:48:14 - [MESSAGE][PASSED] - Text 'The Kosieracki Christian K-12 School' is set on object 'Object Repository/Education Partner Profile/Tabs/School Info/textarea_Description'

25-01-2025T14:48:14 - [MESSAGE][PASSED] - Call Test Case 'Test Cases/_Functions/Perform Action' successfully

25-01-2025T14:48:14 - [TEST_STEP][PASSED] - if (varYear_founded != null): Call Test Case 'Test Cases/_Functions/Perform Action' successfully

25-01-2025T14:48:14 - [TEST_STEP][PASSED] - object = "Object Repository/Education Partner Profile/Tabs/School Info/input_Year Founded": null

25-01-2025T14:48:14 - [TEST_STEP][PASSED] - callTestCase(findTestCase("_Functions/Perform Action"), ["varAction":"setText", "varObject":object, "varParm1":varYear_founded], STOP_ON_FAILURE): Call Test Case 'Test Cases/_Functions/Perform Action' successfully

25-01-2025T14:48:14 - [TEST_CASE][PASSED] - Test Cases/_Functions/Perform Action: Test Cases/_Functions/Perform Action

25-01-2025T14:48:14 - [TEST_STEP][PASSED] - action = varAction: null

25-01-2025T14:48:14 - [TEST_STEP][PASSED] - println(action): null

25-01-2025T14:48:14 - [TEST_STEP][PASSED] - testObject = varObject: null

25-01-2025T14:48:14 - [TEST_STEP][PASSED] - println(testObject): null

25-01-2025T14:48:14 - [TEST_STEP][PASSED] - parm1 = varParm1: null

25-01-2025T14:48:14 - [TEST_STEP][PASSED] - println(parm1): null

25-01-2025T14:48:14 - [TEST_STEP][PASSED] - println("Converting " + testObject + " to web element"): null

25-01-2025T14:48:14 - [TEST_STEP][PASSED] - element = findWebElement(findTestObject(testObject), 1): null

25-01-2025T14:48:14 - [TEST_STEP][PASSED] - loc = element.getLocation(): null

25-01-2025T14:48:14 - [TEST_STEP][PASSED] - y = loc.getY(): null

25-01-2025T14:48:14 - [TEST_STEP][PASSED] - println("Y location is " + y): null

25-01-2025T14:48:14 - [TEST_STEP][PASSED] - top = getViewportTopPosition(): Current viewport's top (y) position is 289

25-01-2025T14:48:14 - [MESSAGE][PASSED] - Current viewport's top (y) position is 289

25-01-2025T14:48:14 - [TEST_STEP][PASSED] - println("Viewport top is " + top): null

25-01-2025T14:48:14 - [TEST_STEP][PASSED] - bottom = top + 600: null

25-01-2025T14:48:14 - [TEST_STEP][PASSED] - if (y - top < 150 || bottom - y < 10): null

25-01-2025T14:48:14 - [TEST_STEP][PASSED] - if (action == "click"): null

25-01-2025T14:48:14 - [TEST_STEP][PASSED] - else if (action == "selectOptionByValue"): null

25-01-2025T14:48:14 - [TEST_STEP][PASSED] - else if (action == "setText"): Text '1971' is set on object 'Object Repository/Education Partner Profile/Tabs/School Info/input_Year Founded'

25-01-2025T14:48:14 - [TEST_STEP][PASSED] - println("Setting text " + parm1): null

25-01-2025T14:48:14 - [TEST_STEP][PASSED] - setText(findTestObject(testObject), parm1): Text '1971' is set on object 'Object Repository/Education Partner Profile/Tabs/School Info/input_Year Founded'

25-01-2025T14:48:14 - [MESSAGE][PASSED] - Text '1971' is set on object 'Object Repository/Education Partner Profile/Tabs/School Info/input_Year Founded'

25-01-2025T14:48:14 - [MESSAGE][PASSED] - Call Test Case 'Test Cases/_Functions/Perform Action' successfully

25-01-2025T14:48:14 - [TEST_STEP][PASSED] - if (varVision_trip != null): Call Test Case 'Test Cases/_Functions/Perform Action' successfully

25-01-2025T14:48:14 - [TEST_STEP][PASSED] - if (varVision_trip == "Yes"): null

25-01-2025T14:48:14 - [TEST_STEP][PASSED] - checkbox = "checkbox_Vision Trip Yes": null

25-01-2025T14:48:14 - [TEST_STEP][PASSED] - object = "Object Repository/Education Partner Profile/Tabs/School Info/" + checkbox: null

25-01-2025T14:48:14 - [TEST_STEP][PASSED] - callTestCase(findTestCase("_Functions/Perform Action"), ["varAction":"click", "varObject":object], STOP_ON_FAILURE): Call Test Case 'Test Cases/_Functions/Perform Action' successfully

25-01-2025T14:48:14 - [TEST_CASE][PASSED] - Test Cases/_Functions/Perform Action: Test Cases/_Functions/Perform Action

25-01-2025T14:48:14 - [TEST_STEP][PASSED] - action = varAction: null

25-01-2025T14:48:14 - [TEST_STEP][PASSED] - println(action): null

25-01-2025T14:48:14 - [TEST_STEP][PASSED] - testObject = varObject: null

25-01-2025T14:48:14 - [TEST_STEP][PASSED] - println(testObject): null

25-01-2025T14:48:14 - [TEST_STEP][PASSED] - parm1 = varParm1: null

25-01-2025T14:48:14 - [TEST_STEP][PASSED] - println(parm1): null

25-01-2025T14:48:14 - [TEST_STEP][PASSED] - println("Converting " + testObject + " to web element"): null

25-01-2025T14:48:14 - [TEST_STEP][PASSED] - element = findWebElement(findTestObject(testObject), 1): null

25-01-2025T14:48:14 - [TEST_STEP][PASSED] - loc = element.getLocation(): null

25-01-2025T14:48:14 - [TEST_STEP][PASSED] - y = loc.getY(): null

25-01-2025T14:48:14 - [TEST_STEP][PASSED] - println("Y location is " + y): null

25-01-2025T14:48:14 - [TEST_STEP][PASSED] - top = getViewportTopPosition(): Current viewport's top (y) position is 289

25-01-2025T14:48:14 - [MESSAGE][PASSED] - Current viewport's top (y) position is 289

25-01-2025T14:48:14 - [TEST_STEP][PASSED] - println("Viewport top is " + top): null

25-01-2025T14:48:14 - [TEST_STEP][PASSED] - bottom = top + 600: null

25-01-2025T14:48:14 - [TEST_STEP][PASSED] - if (y - top < 150 || bottom - y < 10): null

25-01-2025T14:48:14 - [TEST_STEP][PASSED] - if (action == "click"): Object: 'Object Repository/Education Partner Profile/Tabs/School Info/checkbox_Vision Trip Yes' is clicked on

25-01-2025T14:48:14 - [TEST_STEP][PASSED] - println("clicking"): null

25-01-2025T14:48:14 - [TEST_STEP][PASSED] - click(findTestObject(testObject)): Object: 'Object Repository/Education Partner Profile/Tabs/School Info/checkbox_Vision Trip Yes' is clicked on

25-01-2025T14:48:14 - [MESSAGE][PASSED] - Object: 'Object Repository/Education Partner Profile/Tabs/School Info/checkbox_Vision Trip Yes' is clicked on

25-01-2025T14:48:14 - [MESSAGE][PASSED] - Call Test Case 'Test Cases/_Functions/Perform Action' successfully

25-01-2025T14:48:14 - [TEST_STEP][PASSED] - if (varVision_trip == "Yes"): Call Test Case 'Test Cases/_Functions/Perform Action' successfully

25-01-2025T14:48:14 - [TEST_STEP][PASSED] - delay(1): Delayed 1 second(s)

25-01-2025T14:48:15 - [MESSAGE][PASSED] - Delayed 1 second(s)

25-01-2025T14:48:15 - [TEST_STEP][PASSED] - object = "Object Repository/Education Partner Profile/Tabs/School Info/textarea_Vision Trip Description": null

25-01-2025T14:48:15 - [TEST_STEP][PASSED] - callTestCase(findTestCase("_Functions/Perform Action"), ["varAction":"setText", "varObject":object, "varParm1":varVision_trip_description], STOP_ON_FAILURE): Call Test Case 'Test Cases/_Functions/Perform Action' successfully

25-01-2025T14:48:15 - [TEST_CASE][PASSED] - Test Cases/_Functions/Perform Action: Test Cases/_Functions/Perform Action

25-01-2025T14:48:15 - [TEST_STEP][PASSED] - action = varAction: null

25-01-2025T14:48:15 - [TEST_STEP][PASSED] - println(action): null

25-01-2025T14:48:15 - [TEST_STEP][PASSED] - testObject = varObject: null

25-01-2025T14:48:15 - [TEST_STEP][PASSED] - println(testObject): null

25-01-2025T14:48:15 - [TEST_STEP][PASSED] - parm1 = varParm1: null

25-01-2025T14:48:15 - [TEST_STEP][PASSED] - println(parm1): null

25-01-2025T14:48:15 - [TEST_STEP][PASSED] - println("Converting " + testObject + " to web element"): null

25-01-2025T14:48:15 - [TEST_STEP][PASSED] - element = findWebElement(findTestObject(testObject), 1): null

25-01-2025T14:48:15 - [TEST_STEP][PASSED] - loc = element.getLocation(): null

25-01-2025T14:48:15 - [TEST_STEP][PASSED] - y = loc.getY(): null

25-01-2025T14:48:15 - [TEST_STEP][PASSED] - println("Y location is " + y): null

25-01-2025T14:48:15 - [TEST_STEP][PASSED] - top = getViewportTopPosition(): Current viewport's top (y) position is 289

25-01-2025T14:48:15 - [MESSAGE][PASSED] - Current viewport's top (y) position is 289

25-01-2025T14:48:15 - [TEST_STEP][PASSED] - println("Viewport top is " + top): null

25-01-2025T14:48:15 - [TEST_STEP][PASSED] - bottom = top + 600: null

25-01-2025T14:48:15 - [TEST_STEP][PASSED] - if (y - top < 150 || bottom - y < 10): null

25-01-2025T14:48:15 - [TEST_STEP][PASSED] - if (action == "click"): null

25-01-2025T14:48:15 - [TEST_STEP][PASSED] - else if (action == "selectOptionByValue"): null

25-01-2025T14:48:15 - [TEST_STEP][PASSED] - else if (action == "setText"): Text '2 week internship.' is set on object 'Object Repository/Education Partner Profile/Tabs/School Info/textarea_Vision Trip Description'

25-01-2025T14:48:15 - [TEST_STEP][PASSED] - println("Setting text " + parm1): null

25-01-2025T14:48:15 - [TEST_STEP][PASSED] - setText(findTestObject(testObject), parm1): Text '2 week internship.' is set on object 'Object Repository/Education Partner Profile/Tabs/School Info/textarea_Vision Trip Description'

25-01-2025T14:48:15 - [MESSAGE][PASSED] - Text '2 week internship.' is set on object 'Object Repository/Education Partner Profile/Tabs/School Info/textarea_Vision Trip Description'

25-01-2025T14:48:15 - [MESSAGE][PASSED] - Call Test Case 'Test Cases/_Functions/Perform Action' successfully

25-01-2025T14:48:15 - [TEST_STEP][PASSED] - if (varSchool_year_starts != null): Call Test Case 'Test Cases/_Functions/Perform Action' successfully

25-01-2025T14:48:15 - [TEST_STEP][PASSED] - object = "Object Repository/Education Partner Profile/Tabs/School Info/select_School Year Starts": null

25-01-2025T14:48:15 - [TEST_STEP][PASSED] - callTestCase(findTestCase("_Functions/Perform Action"), ["varAction":"selectOptionByValue", "varObject":object, "varParm1":varSchool_year_starts], STOP_ON_FAILURE): Call Test Case 'Test Cases/_Functions/Perform Action' successfully

25-01-2025T14:48:15 - [TEST_CASE][PASSED] - Test Cases/_Functions/Perform Action: Test Cases/_Functions/Perform Action

25-01-2025T14:48:15 - [TEST_STEP][PASSED] - action = varAction: null

25-01-2025T14:48:15 - [TEST_STEP][PASSED] - println(action): null

25-01-2025T14:48:15 - [TEST_STEP][PASSED] - testObject = varObject: null

25-01-2025T14:48:15 - [TEST_STEP][PASSED] - println(testObject): null

25-01-2025T14:48:15 - [TEST_STEP][PASSED] - parm1 = varParm1: null

25-01-2025T14:48:15 - [TEST_STEP][PASSED] - println(parm1): null

25-01-2025T14:48:15 - [TEST_STEP][PASSED] - println("Converting " + testObject + " to web element"): null

25-01-2025T14:48:15 - [TEST_STEP][PASSED] - element = findWebElement(findTestObject(testObject), 1): null

25-01-2025T14:48:15 - [TEST_STEP][PASSED] - loc = element.getLocation(): null

25-01-2025T14:48:15 - [TEST_STEP][PASSED] - y = loc.getY(): null

25-01-2025T14:48:15 - [TEST_STEP][PASSED] - println("Y location is " + y): null

25-01-2025T14:48:15 - [TEST_STEP][PASSED] - top = getViewportTopPosition(): Current viewport's top (y) position is 289

25-01-2025T14:48:16 - [MESSAGE][PASSED] - Current viewport's top (y) position is 289

25-01-2025T14:48:16 - [TEST_STEP][PASSED] - println("Viewport top is " + top): null

25-01-2025T14:48:16 - [TEST_STEP][PASSED] - bottom = top + 600: null

25-01-2025T14:48:16 - [TEST_STEP][PASSED] - if (y - top < 150 || bottom - y < 10): null

25-01-2025T14:48:16 - [TEST_STEP][PASSED] - if (action == "click"): null

25-01-2025T14:48:16 - [TEST_STEP][PASSED] - else if (action == "selectOptionByValue"): All options with value 'Early August' are selected in object 'Object Repository/Education Partner Profile/Tabs/School Info/select_School Year Starts' 

25-01-2025T14:48:16 - [TEST_STEP][PASSED] - println("Selecting " + parm1): null

25-01-2025T14:48:16 - [TEST_STEP][PASSED] - selectOptionByValue(findTestObject(testObject), parm1, false): All options with value 'Early August' are selected in object 'Object Repository/Education Partner Profile/Tabs/School Info/select_School Year Starts' 

25-01-2025T14:48:16 - [MESSAGE][PASSED] - All options with value 'Early August' are selected in object 'Object Repository/Education Partner Profile/Tabs/School Info/select_School Year Starts' 

25-01-2025T14:48:16 - [MESSAGE][PASSED] - Call Test Case 'Test Cases/_Functions/Perform Action' successfully

25-01-2025T14:48:16 - [TEST_STEP][PASSED] - if (varSchool_accredited != null): Call Test Case 'Test Cases/_Functions/Perform Action' successfully

25-01-2025T14:48:16 - [TEST_STEP][PASSED] - if (varSchool_accredited == "Yes"): null

25-01-2025T14:48:16 - [TEST_STEP][PASSED] - else: null

25-01-2025T14:48:16 - [TEST_STEP][PASSED] - checkbox = "checkbox_School Accredited No": null

25-01-2025T14:48:16 - [TEST_STEP][PASSED] - object = "Object Repository/Education Partner Profile/Tabs/School Info/" + checkbox: null

25-01-2025T14:48:16 - [TEST_STEP][PASSED] - callTestCase(findTestCase("_Functions/Perform Action"), ["varAction":"click", "varObject":object], STOP_ON_FAILURE): Call Test Case 'Test Cases/_Functions/Perform Action' successfully

25-01-2025T14:48:16 - [TEST_CASE][PASSED] - Test Cases/_Functions/Perform Action: Test Cases/_Functions/Perform Action

25-01-2025T14:48:16 - [TEST_STEP][PASSED] - action = varAction: null

25-01-2025T14:48:16 - [TEST_STEP][PASSED] - println(action): null

25-01-2025T14:48:16 - [TEST_STEP][PASSED] - testObject = varObject: null

25-01-2025T14:48:16 - [TEST_STEP][PASSED] - println(testObject): null

25-01-2025T14:48:16 - [TEST_STEP][PASSED] - parm1 = varParm1: null

25-01-2025T14:48:16 - [TEST_STEP][PASSED] - println(parm1): null

25-01-2025T14:48:16 - [TEST_STEP][PASSED] - println("Converting " + testObject + " to web element"): null

25-01-2025T14:48:16 - [TEST_STEP][PASSED] - element = findWebElement(findTestObject(testObject), 1): null

25-01-2025T14:48:16 - [TEST_STEP][PASSED] - loc = element.getLocation(): null

25-01-2025T14:48:16 - [TEST_STEP][PASSED] - y = loc.getY(): null

25-01-2025T14:48:16 - [TEST_STEP][PASSED] - println("Y location is " + y): null

25-01-2025T14:48:16 - [TEST_STEP][PASSED] - top = getViewportTopPosition(): Current viewport's top (y) position is 289

25-01-2025T14:48:16 - [MESSAGE][PASSED] - Current viewport's top (y) position is 289

25-01-2025T14:48:16 - [TEST_STEP][PASSED] - println("Viewport top is " + top): null

25-01-2025T14:48:16 - [TEST_STEP][PASSED] - bottom = top + 600: null

25-01-2025T14:48:16 - [TEST_STEP][PASSED] - if (y - top < 150 || bottom - y < 10): null

25-01-2025T14:48:16 - [TEST_STEP][PASSED] - if (action == "click"): Object: 'Object Repository/Education Partner Profile/Tabs/School Info/checkbox_School Accredited No' is clicked on

25-01-2025T14:48:16 - [TEST_STEP][PASSED] - println("clicking"): null

25-01-2025T14:48:16 - [TEST_STEP][PASSED] - click(findTestObject(testObject)): Object: 'Object Repository/Education Partner Profile/Tabs/School Info/checkbox_School Accredited No' is clicked on

25-01-2025T14:48:16 - [MESSAGE][PASSED] - Object: 'Object Repository/Education Partner Profile/Tabs/School Info/checkbox_School Accredited No' is clicked on

25-01-2025T14:48:16 - [MESSAGE][PASSED] - Call Test Case 'Test Cases/_Functions/Perform Action' successfully

25-01-2025T14:48:16 - [TEST_STEP][PASSED] - if (varStudent_capacity != null): Call Test Case 'Test Cases/_Functions/Perform Action' successfully

25-01-2025T14:48:16 - [TEST_STEP][PASSED] - object = "Object Repository/Education Partner Profile/Tabs/School Info/input_Student Capacity": null

25-01-2025T14:48:16 - [TEST_STEP][PASSED] - callTestCase(findTestCase("_Functions/Perform Action"), ["varAction":"setText", "varObject":object, "varParm1":varStudent_capacity], STOP_ON_FAILURE): Call Test Case 'Test Cases/_Functions/Perform Action' successfully

25-01-2025T14:48:16 - [TEST_CASE][PASSED] - Test Cases/_Functions/Perform Action: Test Cases/_Functions/Perform Action

25-01-2025T14:48:16 - [TEST_STEP][PASSED] - action = varAction: null

25-01-2025T14:48:16 - [TEST_STEP][PASSED] - println(action): null

25-01-2025T14:48:16 - [TEST_STEP][PASSED] - testObject = varObject: null

25-01-2025T14:48:16 - [TEST_STEP][PASSED] - println(testObject): null

25-01-2025T14:48:16 - [TEST_STEP][PASSED] - parm1 = varParm1: null

25-01-2025T14:48:16 - [TEST_STEP][PASSED] - println(parm1): null

25-01-2025T14:48:16 - [TEST_STEP][PASSED] - println("Converting " + testObject + " to web element"): null

25-01-2025T14:48:16 - [TEST_STEP][PASSED] - element = findWebElement(findTestObject(testObject), 1): null

25-01-2025T14:48:16 - [TEST_STEP][PASSED] - loc = element.getLocation(): null

25-01-2025T14:48:16 - [TEST_STEP][PASSED] - y = loc.getY(): null

25-01-2025T14:48:16 - [TEST_STEP][PASSED] - println("Y location is " + y): null

25-01-2025T14:48:16 - [TEST_STEP][PASSED] - top = getViewportTopPosition(): Current viewport's top (y) position is 289

25-01-2025T14:48:16 - [MESSAGE][PASSED] - Current viewport's top (y) position is 289

25-01-2025T14:48:16 - [TEST_STEP][PASSED] - println("Viewport top is " + top): null

25-01-2025T14:48:16 - [TEST_STEP][PASSED] - bottom = top + 600: null

25-01-2025T14:48:16 - [TEST_STEP][PASSED] - if (y - top < 150 || bottom - y < 10): null

25-01-2025T14:48:16 - [TEST_STEP][PASSED] - if (action == "click"): null

25-01-2025T14:48:16 - [TEST_STEP][PASSED] - else if (action == "selectOptionByValue"): null

25-01-2025T14:48:16 - [TEST_STEP][PASSED] - else if (action == "setText"): Text '200' is set on object 'Object Repository/Education Partner Profile/Tabs/School Info/input_Student Capacity'

25-01-2025T14:48:16 - [TEST_STEP][PASSED] - println("Setting text " + parm1): null

25-01-2025T14:48:16 - [TEST_STEP][PASSED] - setText(findTestObject(testObject), parm1): Text '200' is set on object 'Object Repository/Education Partner Profile/Tabs/School Info/input_Student Capacity'

25-01-2025T14:48:16 - [MESSAGE][PASSED] - Text '200' is set on object 'Object Repository/Education Partner Profile/Tabs/School Info/input_Student Capacity'

25-01-2025T14:48:16 - [MESSAGE][PASSED] - Call Test Case 'Test Cases/_Functions/Perform Action' successfully

25-01-2025T14:48:16 - [TEST_STEP][PASSED] - if (varWebsite_address != null): Call Test Case 'Test Cases/_Functions/Perform Action' successfully

25-01-2025T14:48:16 - [TEST_STEP][PASSED] - object = "Object Repository/Education Partner Profile/Tabs/School Info/input_Website Address": null

25-01-2025T14:48:16 - [TEST_STEP][PASSED] - callTestCase(findTestCase("_Functions/Perform Action"), ["varAction":"setText", "varObject":object, "varParm1":varWebsite_address], STOP_ON_FAILURE): Call Test Case 'Test Cases/_Functions/Perform Action' successfully

25-01-2025T14:48:16 - [TEST_CASE][PASSED] - Test Cases/_Functions/Perform Action: Test Cases/_Functions/Perform Action

25-01-2025T14:48:16 - [TEST_STEP][PASSED] - action = varAction: null

25-01-2025T14:48:16 - [TEST_STEP][PASSED] - println(action): null

25-01-2025T14:48:16 - [TEST_STEP][PASSED] - testObject = varObject: null

25-01-2025T14:48:16 - [TEST_STEP][PASSED] - println(testObject): null

25-01-2025T14:48:16 - [TEST_STEP][PASSED] - parm1 = varParm1: null

25-01-2025T14:48:16 - [TEST_STEP][PASSED] - println(parm1): null

25-01-2025T14:48:16 - [TEST_STEP][PASSED] - println("Converting " + testObject + " to web element"): null

25-01-2025T14:48:16 - [TEST_STEP][PASSED] - element = findWebElement(findTestObject(testObject), 1): null

25-01-2025T14:48:16 - [TEST_STEP][PASSED] - loc = element.getLocation(): null

25-01-2025T14:48:16 - [TEST_STEP][PASSED] - y = loc.getY(): null

25-01-2025T14:48:16 - [TEST_STEP][PASSED] - println("Y location is " + y): null

25-01-2025T14:48:16 - [TEST_STEP][PASSED] - top = getViewportTopPosition(): Current viewport's top (y) position is 289

25-01-2025T14:48:16 - [MESSAGE][PASSED] - Current viewport's top (y) position is 289

25-01-2025T14:48:16 - [TEST_STEP][PASSED] - println("Viewport top is " + top): null

25-01-2025T14:48:16 - [TEST_STEP][PASSED] - bottom = top + 600: null

25-01-2025T14:48:16 - [TEST_STEP][PASSED] - if (y - top < 150 || bottom - y < 10): Delayed 1 second(s)

25-01-2025T14:48:16 - [TEST_STEP][PASSED] - scrollToPosition(0, y - 150): Browser is scrolled to position x = 0, y = 762

25-01-2025T14:48:16 - [MESSAGE][PASSED] - Browser is scrolled to position x = 0, y = 762

25-01-2025T14:48:16 - [TEST_STEP][PASSED] - delay(1): Delayed 1 second(s)

25-01-2025T14:48:17 - [MESSAGE][PASSED] - Delayed 1 second(s)

25-01-2025T14:48:17 - [TEST_STEP][PASSED] - if (action == "click"): null

25-01-2025T14:48:17 - [TEST_STEP][PASSED] - else if (action == "selectOptionByValue"): null

25-01-2025T14:48:17 - [TEST_STEP][PASSED] - else if (action == "setText"): Text 'https://www.swchs.org' is set on object 'Object Repository/Education Partner Profile/Tabs/School Info/input_Website Address'

25-01-2025T14:48:17 - [TEST_STEP][PASSED] - println("Setting text " + parm1): null

25-01-2025T14:48:17 - [TEST_STEP][PASSED] - setText(findTestObject(testObject), parm1): Text 'https://www.swchs.org' is set on object 'Object Repository/Education Partner Profile/Tabs/School Info/input_Website Address'

25-01-2025T14:48:17 - [MESSAGE][PASSED] - Text 'https://www.swchs.org' is set on object 'Object Repository/Education Partner Profile/Tabs/School Info/input_Website Address'

25-01-2025T14:48:17 - [MESSAGE][PASSED] - Call Test Case 'Test Cases/_Functions/Perform Action' successfully

25-01-2025T14:48:17 - [TEST_STEP][PASSED] - if (varHide_listing == "Yes"): Call Test Case 'Test Cases/_Functions/Perform Action' successfully

25-01-2025T14:48:17 - [TEST_STEP][PASSED] - object = "Object Repository/Education Partner Profile/Tabs/School Info/checkbox_Hide Listing": null

25-01-2025T14:48:17 - [TEST_STEP][PASSED] - callTestCase(findTestCase("_Functions/Perform Action"), ["varAction":"click", "varObject":object], STOP_ON_FAILURE): Call Test Case 'Test Cases/_Functions/Perform Action' successfully

25-01-2025T14:48:17 - [TEST_CASE][PASSED] - Test Cases/_Functions/Perform Action: Test Cases/_Functions/Perform Action

25-01-2025T14:48:17 - [TEST_STEP][PASSED] - action = varAction: null

25-01-2025T14:48:17 - [TEST_STEP][PASSED] - println(action): null

25-01-2025T14:48:17 - [TEST_STEP][PASSED] - testObject = varObject: null

25-01-2025T14:48:17 - [TEST_STEP][PASSED] - println(testObject): null

25-01-2025T14:48:17 - [TEST_STEP][PASSED] - parm1 = varParm1: null

25-01-2025T14:48:17 - [TEST_STEP][PASSED] - println(parm1): null

25-01-2025T14:48:17 - [TEST_STEP][PASSED] - println("Converting " + testObject + " to web element"): null

25-01-2025T14:48:17 - [TEST_STEP][PASSED] - element = findWebElement(findTestObject(testObject), 1): null

25-01-2025T14:48:17 - [TEST_STEP][PASSED] - loc = element.getLocation(): null

25-01-2025T14:48:17 - [TEST_STEP][PASSED] - y = loc.getY(): null

25-01-2025T14:48:17 - [TEST_STEP][PASSED] - println("Y location is " + y): null

25-01-2025T14:48:17 - [TEST_STEP][PASSED] - top = getViewportTopPosition(): Current viewport's top (y) position is 569

25-01-2025T14:48:17 - [MESSAGE][PASSED] - Current viewport's top (y) position is 569

25-01-2025T14:48:17 - [TEST_STEP][PASSED] - println("Viewport top is " + top): null

25-01-2025T14:48:17 - [TEST_STEP][PASSED] - bottom = top + 600: null

25-01-2025T14:48:17 - [TEST_STEP][PASSED] - if (y - top < 150 || bottom - y < 10): null

25-01-2025T14:48:17 - [TEST_STEP][PASSED] - if (action == "click"): Object: 'Object Repository/Education Partner Profile/Tabs/School Info/checkbox_Hide Listing' is clicked on

25-01-2025T14:48:17 - [TEST_STEP][PASSED] - println("clicking"): null

25-01-2025T14:48:17 - [TEST_STEP][PASSED] - click(findTestObject(testObject)): Object: 'Object Repository/Education Partner Profile/Tabs/School Info/checkbox_Hide Listing' is clicked on

25-01-2025T14:48:17 - [MESSAGE][PASSED] - Object: 'Object Repository/Education Partner Profile/Tabs/School Info/checkbox_Hide Listing' is clicked on

25-01-2025T14:48:17 - [MESSAGE][PASSED] - Call Test Case 'Test Cases/_Functions/Perform Action' successfully

25-01-2025T14:48:17 - [TEST_STEP][PASSED] - delay(1): Delayed 1 second(s)

25-01-2025T14:48:18 - [MESSAGE][PASSED] - Delayed 1 second(s)

25-01-2025T14:48:18 - [TEST_STEP][PASSED] - object = "Object Repository/Education Partner Profile/Tabs/School Info/textarea_Security Explanation": null

25-01-2025T14:48:18 - [TEST_STEP][PASSED] - callTestCase(findTestCase("_Functions/Perform Action"), ["varAction":"setText", "varObject":object, "varParm1":varReason_for_hiding], STOP_ON_FAILURE): Call Test Case 'Test Cases/_Functions/Perform Action' successfully

25-01-2025T14:48:18 - [TEST_CASE][PASSED] - Test Cases/_Functions/Perform Action: Test Cases/_Functions/Perform Action

25-01-2025T14:48:18 - [TEST_STEP][PASSED] - action = varAction: null

25-01-2025T14:48:18 - [TEST_STEP][PASSED] - println(action): null

25-01-2025T14:48:18 - [TEST_STEP][PASSED] - testObject = varObject: null

25-01-2025T14:48:18 - [TEST_STEP][PASSED] - println(testObject): null

25-01-2025T14:48:18 - [TEST_STEP][PASSED] - parm1 = varParm1: null

25-01-2025T14:48:18 - [TEST_STEP][PASSED] - println(parm1): null

25-01-2025T14:48:18 - [TEST_STEP][PASSED] - println("Converting " + testObject + " to web element"): null

25-01-2025T14:48:18 - [TEST_STEP][PASSED] - element = findWebElement(findTestObject(testObject), 1): null

25-01-2025T14:48:18 - [TEST_STEP][PASSED] - loc = element.getLocation(): null

25-01-2025T14:48:18 - [TEST_STEP][PASSED] - y = loc.getY(): null

25-01-2025T14:48:18 - [TEST_STEP][PASSED] - println("Y location is " + y): null

25-01-2025T14:48:18 - [TEST_STEP][PASSED] - top = getViewportTopPosition(): Current viewport's top (y) position is 569

25-01-2025T14:48:18 - [MESSAGE][PASSED] - Current viewport's top (y) position is 569

25-01-2025T14:48:18 - [TEST_STEP][PASSED] - println("Viewport top is " + top): null

25-01-2025T14:48:18 - [TEST_STEP][PASSED] - bottom = top + 600: null

25-01-2025T14:48:18 - [TEST_STEP][PASSED] - if (y - top < 150 || bottom - y < 10): null

25-01-2025T14:48:18 - [TEST_STEP][PASSED] - if (action == "click"): null

25-01-2025T14:48:18 - [TEST_STEP][PASSED] - else if (action == "selectOptionByValue"): null

25-01-2025T14:48:18 - [TEST_STEP][PASSED] - else if (action == "setText"): Text 'Creative access country' is set on object 'Object Repository/Education Partner Profile/Tabs/School Info/textarea_Security Explanation'

25-01-2025T14:48:18 - [TEST_STEP][PASSED] - println("Setting text " + parm1): null

25-01-2025T14:48:18 - [TEST_STEP][PASSED] - setText(findTestObject(testObject), parm1): Text 'Creative access country' is set on object 'Object Repository/Education Partner Profile/Tabs/School Info/textarea_Security Explanation'

25-01-2025T14:48:18 - [MESSAGE][PASSED] - Text 'Creative access country' is set on object 'Object Repository/Education Partner Profile/Tabs/School Info/textarea_Security Explanation'

25-01-2025T14:48:18 - [MESSAGE][PASSED] - Call Test Case 'Test Cases/_Functions/Perform Action' successfully

25-01-2025T14:48:18 - [TEST_STEP][PASSED] - click(findTestObject("Education Partner Profile/Tabs/School Info/btn_Complete Submit")): Object: 'Object Repository/Education Partner Profile/Tabs/School Info/btn_Complete Submit' is clicked on

25-01-2025T14:48:22 - [MESSAGE][PASSED] - Object: 'Object Repository/Education Partner Profile/Tabs/School Info/btn_Complete Submit' is clicked on

25-01-2025T14:48:22 - [MESSAGE][PASSED] - Call Test Case 'Test Cases/Education Partner Profile/Tabs/Set School Info' successfully

25-01-2025T14:48:22 - [TEST_STEP][PASSED] - if (pages.size() == 0 || "All" in pages || "Positions Needed" in pages): Call Test Case 'Test Cases/Education Partner Profile/Tabs/Set Positions Needed' successfully

25-01-2025T14:48:22 - [TEST_STEP][PASSED] - available_positions = ["Assistant Principal", "Principal", "Childcare Director", "English Teacher", "Manager, Business"]: null

25-01-2025T14:48:22 - [TEST_STEP][PASSED] - experience_preferred = ["Administrator", "Non-Traditional", "Teacher's Aide", "Computer Science", "ESL"]: null

25-01-2025T14:48:22 - [TEST_STEP][PASSED] - available_other_positions = "None at this time": null

25-01-2025T14:48:22 - [TEST_STEP][PASSED] - other_experience_comment = "Will consider internships as work experience.": null

25-01-2025T14:48:22 - [TEST_STEP][PASSED] - callTestCase(findTestCase("Education Partner Profile/Tabs/Set Positions Needed"), ["varAvailable_positions":available_positions, "varExperience_preferred":experience_preferred, "varAvailable_other_positions":available_other_positions, ... ], OPTIONAL): Call Test Case 'Test Cases/Education Partner Profile/Tabs/Set Positions Needed' successfully

25-01-2025T14:48:22 - [TEST_CASE][PASSED] - Test Cases/Education Partner Profile/Tabs/Set Positions Needed: Test Cases/Education Partner Profile/Tabs/Set Positions Needed

25-01-2025T14:48:22 - [TEST_STEP][PASSED] - username = username: null

25-01-2025T14:48:22 - [TEST_STEP][PASSED] - if (username != "cktest06ep"): null

25-01-2025T14:48:22 - [TEST_STEP][PASSED] - domain = domain: null

25-01-2025T14:48:22 - [TEST_STEP][PASSED] - writeFile = false: null

25-01-2025T14:48:22 - [TEST_STEP][PASSED] - testName = "Education Partner Positions Needed Tab": null

25-01-2025T14:48:22 - [TEST_STEP][PASSED] - outFile = callTestCase(findTestCase("_Functions/Set Output File"), ["varTestName":testName], STOP_ON_FAILURE): Call Test Case 'Test Cases/_Functions/Set Output File' successfully

25-01-2025T14:48:22 - [TEST_CASE][PASSED] - Test Cases/_Functions/Set Output File: Test Cases/_Functions/Set Output File

25-01-2025T14:48:22 - [TEST_STEP][PASSED] - testName = varTestName: null

25-01-2025T14:48:22 - [TEST_STEP][PASSED] - domain = domain: null

25-01-2025T14:48:22 - [TEST_STEP][PASSED] - writeFile = false: null

25-01-2025T14:48:22 - [TEST_STEP][PASSED] - if (outFile != ""): null

25-01-2025T14:48:22 - [TEST_STEP][PASSED] - myFile = outFile: null

25-01-2025T14:48:22 - [TEST_STEP][PASSED] - println(myFile): null

25-01-2025T14:48:22 - [TEST_STEP][PASSED] - outFile = new java.io.File(myFile): null

25-01-2025T14:48:22 - [TEST_STEP][PASSED] - writeFile = true: null

25-01-2025T14:48:22 - [TEST_STEP][PASSED] - if (!(writeFile)): null

25-01-2025T14:48:22 - [TEST_STEP][PASSED] - else: null

25-01-2025T14:48:22 - [TEST_STEP][PASSED] - outFile.append("
Testing " + testName + " on " + domain + ".
"): null

25-01-2025T14:48:22 - [TEST_STEP][PASSED] - return outFile: null

25-01-2025T14:48:22 - [MESSAGE][PASSED] - Call Test Case 'Test Cases/_Functions/Set Output File' successfully

25-01-2025T14:48:22 - [TEST_STEP][PASSED] - parms = [varAvailable_positions, varExperience_preferred]: null

25-01-2025T14:48:22 - [TEST_STEP][PASSED] - positions = "//input[@id='profile_group-1456436124.683_educational_positions']": null

25-01-2025T14:48:22 - [TEST_STEP][PASSED] - experiences = "//input[@id='profile_group-1456436124.683_teacher_experience_preferred']": null

25-01-2025T14:48:22 - [TEST_STEP][PASSED] - xpaths = [positions, experiences]: null

25-01-2025T14:48:22 - [TEST_STEP][PASSED] - tooltipImagePath = "/Users/cckozie/git/MissionNext-Katalon-Koz/images/education partner/tabs/positions needed/": null

25-01-2025T14:48:22 - [TEST_STEP][PASSED] - testObjectFolder = "Education partner Profile/Tabs/Positions Needed/": null

25-01-2025T14:48:22 - [TEST_STEP][PASSED] - tooltips = ["dummy":"dummy"]: null

25-01-2025T14:48:22 - [TEST_STEP][PASSED] - tooltipText = []: null

25-01-2025T14:48:22 - [TEST_STEP][PASSED] - requiredFieldMsgs = ["Available Positions":"The educational positions field is required.", "Experience Preferred":"The teacher experience preferred field is required."]: null

25-01-2025T14:48:22 - [TEST_STEP][PASSED] - click(findTestObject("Education Partner Profile/Tabs/a_Positions Needed")): Object: 'Object Repository/Education Partner Profile/Tabs/a_Positions Needed' is clicked on

25-01-2025T14:48:22 - [MESSAGE][PASSED] - Object: 'Object Repository/Education Partner Profile/Tabs/a_Positions Needed' is clicked on

25-01-2025T14:48:22 - [TEST_STEP][PASSED] - tooltipTextMap = callTestCase(findTestCase("_Functions/Get Screenshot and Tooltip Text"), ["varExtension":"Admin Info Tab"], STOP_ON_FAILURE): Call Test Case 'Test Cases/_Functions/Get Screenshot and Tooltip Text' successfully

25-01-2025T14:48:22 - [TEST_CASE][PASSED] - Test Cases/_Functions/Get Screenshot and Tooltip Text: Test Cases/_Functions/Get Screenshot and Tooltip Text

25-01-2025T14:48:22 - [TEST_STEP][PASSED] - driver = getWebDriver(): null

25-01-2025T14:48:22 - [TEST_STEP][PASSED] - frame = new javax.swing.JFrame(): null

25-01-2025T14:48:22 - [TEST_STEP][PASSED] - p = new javax.swing.JPanel(): null

25-01-2025T14:48:22 - [TEST_STEP][PASSED] - l = new javax.swing.JLabel(LOADING ..., javax.swing.SwingConstants.CENTER): null

25-01-2025T14:48:22 - [TEST_STEP][PASSED] - frame.add(l): null

25-01-2025T14:48:22 - [TEST_STEP][PASSED] - frame.setSize(300, 100): null

25-01-2025T14:48:22 - [TEST_STEP][PASSED] - frame.setLocation(600, 0): null

25-01-2025T14:48:22 - [TEST_STEP][PASSED] - frame.setAlwaysOnTop(true): null

25-01-2025T14:48:22 - [TEST_STEP][PASSED] - frame.show(): null

25-01-2025T14:48:22 - [TEST_STEP][PASSED] - if (verifyTextPresent("Partnership Application", false, OPTIONAL)): Text 'Positions Needed' is present on page 

25-01-2025T14:48:22 - [MESSAGE][WARNING] - Text 'Partnership Application' is not present on page  (Root cause: com.kms.katalon.core.exception.StepFailedException: Text 'Partnership Application' is not present on page 
	at com.kms.katalon.core.webui.keyword.internal.WebUIKeywordMain.stepFailed(WebUIKeywordMain.groovy:117)
	at com.kms.katalon.core.webui.keyword.builtin.VerifyTextPresentKeyword$_verifyTextPresent_closure1.doCall(VerifyTextPresentKeyword.groovy:79)
	at com.kms.katalon.core.webui.keyword.builtin.VerifyTextPresentKeyword$_verifyTextPresent_closure1.call(VerifyTextPresentKeyword.groovy)
	at com.kms.katalon.core.webui.keyword.internal.WebUIKeywordMain.runKeyword(WebUIKeywordMain.groovy:35)
	at com.kms.katalon.core.webui.keyword.builtin.VerifyTextPresentKeyword.verifyTextPresent(VerifyTextPresentKeyword.groovy:83)
	at com.kms.katalon.core.webui.keyword.builtin.VerifyTextPresentKeyword.execute(VerifyTextPresentKeyword.groovy:68)
	at com.kms.katalon.core.keyword.internal.KeywordExecutor.executeKeywordForPlatform(KeywordExecutor.groovy:74)
	at com.kms.katalon.core.webui.keyword.WebUiBuiltInKeywords.verifyTextPresent(WebUiBuiltInKeywords.groovy:1746)
	at Get Screenshot and Tooltip Text.run(Get Screenshot and Tooltip Text:51)
	at com.kms.katalon.core.main.ScriptEngine.run(ScriptEngine.java:194)
	at com.kms.katalon.core.main.ScriptEngine.runScriptAsRawText(ScriptEngine.java:119)
	at com.kms.katalon.core.main.TestCaseExecutor.runScript(TestCaseExecutor.java:448)
	at com.kms.katalon.core.main.TestCaseExecutor.doExecute(TestCaseExecutor.java:439)
	at com.kms.katalon.core.main.TestCaseExecutor.processExecutionPhase(TestCaseExecutor.java:418)
	at com.kms.katalon.core.main.TestCaseExecutor.accessMainPhase(TestCaseExecutor.java:410)
	at com.kms.katalon.core.main.TestCaseExecutor.execute(TestCaseExecutor.java:285)
	at com.kms.katalon.core.main.TestCaseMain.runTestCase(TestCaseMain.java:137)
	at com.kms.katalon.core.keyword.builtin.CallTestCaseKeyword$_callTestCase_closure1.doCall(CallTestCaseKeyword.groovy:59)
	at com.kms.katalon.core.keyword.builtin.CallTestCaseKeyword$_callTestCase_closure1.call(CallTestCaseKeyword.groovy)
	at com.kms.katalon.core.keyword.internal.KeywordMain.runKeyword(KeywordMain.groovy:75)
	at com.kms.katalon.core.keyword.builtin.CallTestCaseKeyword.callTestCase(CallTestCaseKeyword.groovy:81)
	at com.kms.katalon.core.keyword.builtin.CallTestCaseKeyword.execute(CallTestCaseKeyword.groovy:44)
	at com.kms.katalon.core.keyword.internal.KeywordExecutor.executeKeywordForPlatform(KeywordExecutor.groovy:74)
	at com.kms.katalon.core.keyword.BuiltinKeywords.callTestCase(BuiltinKeywords.groovy:310)
	at jdk.internal.reflect.GeneratedMethodAccessor30.invoke(Unknown Source)
	at java.base/jdk.internal.reflect.DelegatingMethodAccessorImpl.invoke(DelegatingMethodAccessorImpl.java:43)
	at Set Positions Needed.run(Set Positions Needed:81)
	at com.kms.katalon.core.main.ScriptEngine.run(ScriptEngine.java:194)
	at com.kms.katalon.core.main.ScriptEngine.runScriptAsRawText(ScriptEngine.java:119)
	at com.kms.katalon.core.main.TestCaseExecutor.runScript(TestCaseExecutor.java:448)
	at com.kms.katalon.core.main.TestCaseExecutor.doExecute(TestCaseExecutor.java:439)
	at com.kms.katalon.core.main.TestCaseExecutor.processExecutionPhase(TestCaseExecutor.java:418)
	at com.kms.katalon.core.main.TestCaseExecutor.accessMainPhase(TestCaseExecutor.java:410)
	at com.kms.katalon.core.main.TestCaseExecutor.execute(TestCaseExecutor.java:285)
	at com.kms.katalon.core.main.TestCaseMain.runTestCase(TestCaseMain.java:137)
	at com.kms.katalon.core.keyword.builtin.CallTestCaseKeyword$_callTestCase_closure1.doCall(CallTestCaseKeyword.groovy:59)
	at com.kms.katalon.core.keyword.builtin.CallTestCaseKeyword$_callTestCase_closure1.call(CallTestCaseKeyword.groovy)
	at com.kms.katalon.core.keyword.internal.KeywordMain.runKeyword(KeywordMain.groovy:75)
	at com.kms.katalon.core.keyword.builtin.CallTestCaseKeyword.callTestCase(CallTestCaseKeyword.groovy:81)
	at com.kms.katalon.core.keyword.builtin.CallTestCaseKeyword.execute(CallTestCaseKeyword.groovy:44)
	at com.kms.katalon.core.keyword.internal.KeywordExecutor.executeKeywordForPlatform(KeywordExecutor.groovy:74)
	at com.kms.katalon.core.keyword.BuiltinKeywords.callTestCase(BuiltinKeywords.groovy:310)
	at jdk.internal.reflect.GeneratedMethodAccessor30.invoke(Unknown Source)
	at java.base/jdk.internal.reflect.DelegatingMethodAccessorImpl.invoke(DelegatingMethodAccessorImpl.java:43)
	at Complete Education Partner Profile.run(Complete Education Partner Profile:143)
	at com.kms.katalon.core.main.ScriptEngine.run(ScriptEngine.java:194)
	at com.kms.katalon.core.main.ScriptEngine.runScriptAsRawText(ScriptEngine.java:119)
	at com.kms.katalon.core.main.TestCaseExecutor.runScript(TestCaseExecutor.java:448)
	at com.kms.katalon.core.main.TestCaseExecutor.doExecute(TestCaseExecutor.java:439)
	at com.kms.katalon.core.main.TestCaseExecutor.processExecutionPhase(TestCaseExecutor.java:418)
	at com.kms.katalon.core.main.TestCaseExecutor.accessMainPhase(TestCaseExecutor.java:410)
	at com.kms.katalon.core.main.TestCaseExecutor.execute(TestCaseExecutor.java:285)
	at com.kms.katalon.core.main.TestCaseMain.runTestCase(TestCaseMain.java:137)
	at com.kms.katalon.core.keyword.builtin.CallTestCaseKeyword$_callTestCase_closure1.doCall(CallTestCaseKeyword.groovy:59)
	at com.kms.katalon.core.keyword.builtin.CallTestCaseKeyword$_callTestCase_closure1.call(CallTestCaseKeyword.groovy)
	at com.kms.katalon.core.keyword.internal.KeywordMain.runKeyword(KeywordMain.groovy:75)
	at com.kms.katalon.core.keyword.builtin.CallTestCaseKeyword.callTestCase(CallTestCaseKeyword.groovy:81)
	at com.kms.katalon.core.keyword.builtin.CallTestCaseKeyword.execute(CallTestCaseKeyword.groovy:44)
	at com.kms.katalon.core.keyword.internal.KeywordExecutor.executeKeywordForPlatform(KeywordExecutor.groovy:74)
	at com.kms.katalon.core.keyword.BuiltinKeywords.callTestCase(BuiltinKeywords.groovy:310)
	at jdk.internal.reflect.GeneratedMethodAccessor30.invoke(Unknown Source)
	at java.base/jdk.internal.reflect.DelegatingMethodAccessorImpl.invoke(DelegatingMethodAccessorImpl.java:43)
	at Register Education Partner.run(Register Education Partner:401)
	at com.kms.katalon.core.main.ScriptEngine.run(ScriptEngine.java:194)
	at com.kms.katalon.core.main.ScriptEngine.runScriptAsRawText(ScriptEngine.java:119)
	at com.kms.katalon.core.main.TestCaseExecutor.runScript(TestCaseExecutor.java:448)
	at com.kms.katalon.core.main.TestCaseExecutor.doExecute(TestCaseExecutor.java:439)
	at com.kms.katalon.core.main.TestCaseExecutor.processExecutionPhase(TestCaseExecutor.java:418)
	at com.kms.katalon.core.main.TestCaseExecutor.accessMainPhase(TestCaseExecutor.java:410)
	at com.kms.katalon.core.main.TestCaseExecutor.execute(TestCaseExecutor.java:285)
	at com.kms.katalon.core.common.CommonExecutor.accessTestCaseMainPhase(CommonExecutor.java:65)
	at com.kms.katalon.core.main.TestSuiteExecutor.accessTestSuiteMainPhase(TestSuiteExecutor.java:150)
	at com.kms.katalon.core.main.TestSuiteExecutor.execute(TestSuiteExecutor.java:106)
	at com.kms.katalon.core.main.TestCaseMain.startTestSuite(TestCaseMain.java:180)
	at TempTestSuite1737837875715.run(TempTestSuite1737837875715.groovy:35)
	at java.base/jdk.internal.reflect.NativeMethodAccessorImpl.invoke0(Native Method)
	at java.base/jdk.internal.reflect.NativeMethodAccessorImpl.invoke(NativeMethodAccessorImpl.java:77)
	at java.base/jdk.internal.reflect.DelegatingMethodAccessorImpl.invoke(DelegatingMethodAccessorImpl.java:43)
)

25-01-2025T14:48:22 - [MESSAGE][PASSED] - Text 'Positions Needed' is present on page 

25-01-2025T14:48:22 - [TEST_STEP][PASSED] - else if (verifyTextPresent("Positions Needed", false, OPTIONAL)): null

25-01-2025T14:48:22 - [TEST_STEP][PASSED] - user = "Partner": null

25-01-2025T14:48:22 - [TEST_STEP][PASSED] - println("User type is " + user): null

25-01-2025T14:48:22 - [TEST_STEP][PASSED] - path = "/Users/cckozie/Documents/MissionNext/Screenshots and Tooltip Text/": null

25-01-2025T14:48:22 - [TEST_STEP][PASSED] - if (binding.hasVariable("varExtension")): null

25-01-2025T14:48:22 - [TEST_STEP][PASSED] - extension = "_" + varExtension: null

25-01-2025T14:48:22 - [TEST_STEP][PASSED] - println("Extension is " + extension): null

25-01-2025T14:48:22 - [TEST_STEP][PASSED] - title = getWindowTitle() + extension: Current window's title is: 'Education'

25-01-2025T14:48:22 - [MESSAGE][PASSED] - Current window's title is: 'Education'

25-01-2025T14:48:22 - [TEST_STEP][PASSED] - title = title.replace("/", "_"): null

25-01-2025T14:48:22 - [TEST_STEP][PASSED] - fileBase = path + user + "_" + title: null

25-01-2025T14:48:22 - [TEST_STEP][PASSED] - fileImage = fileBase + "_Screenshot.png": null

25-01-2025T14:48:22 - [TEST_STEP][PASSED] - waitForPageLoad(30): Wait for page load successfully

25-01-2025T14:48:22 - [MESSAGE][PASSED] - Wait for page load successfully

25-01-2025T14:48:22 - [TEST_STEP][PASSED] - spinner = driver.findElement(By.xpath("/html/body/div[1]/div/div[2]")): null

25-01-2025T14:48:22 - [TEST_STEP][PASSED] - executor = driver: null

25-01-2025T14:48:22 - [TEST_STEP][PASSED] - elementAttributes = executor.executeScript("var items = {}; for (index = 0; index < arguments[0].attributes.length; ++index) { items[arguments[0].attributes[index].name] = arguments[0].attributes[index].value }; return items;", spinner): null

25-01-2025T14:48:22 - [TEST_STEP][PASSED] - attrs = elementAttributes.toString(): null

25-01-2025T14:48:22 - [TEST_STEP][PASSED] - waits = 0: null

25-01-2025T14:48:22 - [TEST_STEP][PASSED] - while (attrs.indexOf("display: none") < 0 && waits < 2): null

25-01-2025T14:48:22 - [TEST_STEP][PASSED] - delay(1): Delayed 1 second(s)

25-01-2025T14:48:23 - [MESSAGE][PASSED] - Delayed 1 second(s)

25-01-2025T14:48:23 - [TEST_STEP][PASSED] - attrs = elementAttributes.toString(): null

25-01-2025T14:48:23 - [TEST_STEP][PASSED] - (waits++): null

25-01-2025T14:48:23 - [TEST_STEP][PASSED] - delay(1): Delayed 1 second(s)

25-01-2025T14:48:24 - [MESSAGE][PASSED] - Delayed 1 second(s)

25-01-2025T14:48:24 - [TEST_STEP][PASSED] - attrs = elementAttributes.toString(): null

25-01-2025T14:48:24 - [TEST_STEP][PASSED] - (waits++): null

25-01-2025T14:48:24 - [TEST_STEP][PASSED] - tooltipMap = callTestCase(findTestCase("_Functions/Get Tooltip Text"), [:], STOP_ON_FAILURE): Call Test Case 'Test Cases/_Functions/Get Tooltip Text' successfully

25-01-2025T14:48:24 - [TEST_CASE][PASSED] - Test Cases/_Functions/Get Tooltip Text: Test Cases/_Functions/Get Tooltip Text

25-01-2025T14:48:24 - [TEST_STEP][PASSED] - fieldTooltips = [:]: null

25-01-2025T14:48:24 - [TEST_STEP][PASSED] - tooltipMap = [:]: null

25-01-2025T14:48:24 - [TEST_STEP][PASSED] - driver = getWebDriver(): null

25-01-2025T14:48:24 - [TEST_STEP][PASSED] - tooltips = driver.findElements(By.className("field-tooltip")): null

25-01-2025T14:48:24 - [TEST_STEP][PASSED] - for (def it : tooltips): null

25-01-2025T14:48:24 - [TEST_STEP][PASSED] - if (it.isDisplayed()): null

25-01-2025T14:48:24 - [TEST_STEP][PASSED] - if (it.isDisplayed()): null

25-01-2025T14:48:24 - [TEST_STEP][PASSED] - if (it.isDisplayed()): null

25-01-2025T14:48:24 - [TEST_STEP][PASSED] - if (it.isDisplayed()): null

25-01-2025T14:48:24 - [TEST_STEP][PASSED] - if (it.isDisplayed()): null

25-01-2025T14:48:24 - [TEST_STEP][PASSED] - if (it.isDisplayed()): null

25-01-2025T14:48:24 - [TEST_STEP][PASSED] - if (it.isDisplayed()): null

25-01-2025T14:48:24 - [TEST_STEP][PASSED] - if (it.isDisplayed()): null

25-01-2025T14:48:24 - [TEST_STEP][PASSED] - if (it.isDisplayed()): null

25-01-2025T14:48:24 - [TEST_STEP][PASSED] - if (it.isDisplayed()): null

25-01-2025T14:48:24 - [TEST_STEP][PASSED] - if (it.isDisplayed()): null

25-01-2025T14:48:24 - [TEST_STEP][PASSED] - if (it.isDisplayed()): null

25-01-2025T14:48:24 - [TEST_STEP][PASSED] - if (it.isDisplayed()): null

25-01-2025T14:48:24 - [TEST_STEP][PASSED] - if (it.isDisplayed()): null

25-01-2025T14:48:24 - [TEST_STEP][PASSED] - if (it.isDisplayed()): null

25-01-2025T14:48:24 - [TEST_STEP][PASSED] - if (it.isDisplayed()): null

25-01-2025T14:48:24 - [TEST_STEP][PASSED] - if (it.isDisplayed()): null

25-01-2025T14:48:24 - [TEST_STEP][PASSED] - if (it.isDisplayed()): null

25-01-2025T14:48:24 - [TEST_STEP][PASSED] - if (it.isDisplayed()): null

25-01-2025T14:48:24 - [TEST_STEP][PASSED] - if (it.isDisplayed()): null

25-01-2025T14:48:24 - [TEST_STEP][PASSED] - if (it.isDisplayed()): null

25-01-2025T14:48:24 - [TEST_STEP][PASSED] - if (it.isDisplayed()): null

25-01-2025T14:48:24 - [TEST_STEP][PASSED] - if (it.isDisplayed()): null

25-01-2025T14:48:24 - [TEST_STEP][PASSED] - if (it.isDisplayed()): null

25-01-2025T14:48:24 - [TEST_STEP][PASSED] - if (it.isDisplayed()): null

25-01-2025T14:48:24 - [TEST_STEP][PASSED] - if (it.isDisplayed()): null

25-01-2025T14:48:24 - [TEST_STEP][PASSED] - if (it.isDisplayed()): null

25-01-2025T14:48:24 - [TEST_STEP][PASSED] - if (it.isDisplayed()): null

25-01-2025T14:48:24 - [TEST_STEP][PASSED] - if (fieldTooltips.size() > 0): null

25-01-2025T14:48:24 - [TEST_STEP][PASSED] - return tooltipMap: null

25-01-2025T14:48:24 - [MESSAGE][PASSED] - Call Test Case 'Test Cases/_Functions/Get Tooltip Text' successfully

25-01-2025T14:48:24 - [TEST_STEP][PASSED] - if (tooltipMap.size() > 0): null

25-01-2025T14:48:24 - [TEST_STEP][PASSED] - frame.hide(): null

25-01-2025T14:48:24 - [TEST_STEP][PASSED] - takeFullPageScreenshot(fileImage): Taking screenshot successfully

25-01-2025T14:48:26 - [MESSAGE][INFO] - 0 hidden object(s)

25-01-2025T14:48:26 - [MESSAGE][PASSED] - Taking screenshot successfully
[[ATTACHMENT|/Users/cckozie/Documents/MissionNext/Screenshots and Tooltip Text/Partner_Education_Admin Info Tab_Screenshot.png]]

25-01-2025T14:48:26 - [TEST_STEP][PASSED] - return tooltipMap: null

25-01-2025T14:48:26 - [MESSAGE][PASSED] - Call Test Case 'Test Cases/_Functions/Get Screenshot and Tooltip Text' successfully

25-01-2025T14:48:26 - [TEST_STEP][PASSED] - url = getUrl(OPTIONAL): Current window's url is: 'https://education.missionnext.org/profile?requestUri=/dashboard'

25-01-2025T14:48:26 - [MESSAGE][PASSED] - Current window's url is: 'https://education.missionnext.org/profile?requestUri=/dashboard'

25-01-2025T14:48:26 - [TEST_STEP][PASSED] - if (!(url) == "https://education." + domain + "/profile?requestUri=/dashboard"): null

25-01-2025T14:48:26 - [TEST_STEP][PASSED] - click(findTestObject("Object Repository/Education Partner Profile/Tabs/a_Positions Needed")): Object: 'Object Repository/Education Partner Profile/Tabs/a_Positions Needed' is clicked on

25-01-2025T14:48:26 - [MESSAGE][PASSED] - Object: 'Object Repository/Education Partner Profile/Tabs/a_Positions Needed' is clicked on

25-01-2025T14:48:26 - [TEST_STEP][PASSED] - outText = "Verifying the required field messages.
": null

25-01-2025T14:48:26 - [TEST_STEP][PASSED] - outFile.append(outText): null

25-01-2025T14:48:26 - [TEST_STEP][PASSED] - fieldList = []: null

25-01-2025T14:48:26 - [TEST_STEP][PASSED] - requiredFieldMsgs.each({ -> ... }): null

25-01-2025T14:48:26 - [TEST_STEP][PASSED] - callTestCase(findTestCase("_Functions/Test Field Error Messages"), ["varFieldList":fieldList, "varRequiredFieldMsgs":requiredFieldMsgs], STOP_ON_FAILURE): Call Test Case 'Test Cases/_Functions/Test Field Error Messages' successfully

25-01-2025T14:48:26 - [TEST_CASE][PASSED] - Test Cases/_Functions/Test Field Error Messages: Test Cases/_Functions/Test Field Error Messages

25-01-2025T14:48:26 - [TEST_STEP][PASSED] - count = callTestCase(findTestCase("_Functions/Find error messages"), ["varFunction":"count"], STOP_ON_FAILURE): Call Test Case 'Test Cases/_Functions/Find error messages' successfully

25-01-2025T14:48:26 - [TEST_CASE][PASSED] - Test Cases/_Functions/Find error messages: Test Cases/_Functions/Find error messages

25-01-2025T14:48:26 - [TEST_STEP][PASSED] - function = "count": null

25-01-2025T14:48:26 - [TEST_STEP][PASSED] - if (binding.hasVariable("varFunction")): null

25-01-2025T14:48:26 - [TEST_STEP][PASSED] - function = varFunction: null

25-01-2025T14:48:26 - [TEST_STEP][PASSED] - title = getWindowTitle(): Current window's title is: 'Education'

25-01-2025T14:48:26 - [MESSAGE][PASSED] - Current window's title is: 'Education'

25-01-2025T14:48:26 - [TEST_STEP][PASSED] - println("Page title is " + title): null

25-01-2025T14:48:26 - [TEST_STEP][PASSED] - driver = getWebDriver(): null

25-01-2025T14:48:26 - [TEST_STEP][PASSED] - elements = driver.findElements(By.xpath("//div[@class='col-sm-offset-3 col-sm-9 text-danger']")): null

25-01-2025T14:48:26 - [TEST_STEP][PASSED] - if (function == "count"): null

25-01-2025T14:48:26 - [TEST_STEP][PASSED] - return elements.size(): null

25-01-2025T14:48:26 - [MESSAGE][PASSED] - Call Test Case 'Test Cases/_Functions/Find error messages' successfully

25-01-2025T14:48:26 - [TEST_STEP][PASSED] - outFile = outFile: null

25-01-2025T14:48:26 - [TEST_STEP][PASSED] - if (count == 0): null

25-01-2025T14:48:26 - [TEST_STEP][PASSED] - else: Delayed 0 second(s)

25-01-2025T14:48:26 - [TEST_STEP][PASSED] - fieldList = varFieldList: null

25-01-2025T14:48:26 - [TEST_STEP][PASSED] - requiredFieldMsgs = varRequiredFieldMsgs: null

25-01-2025T14:48:26 - [TEST_STEP][PASSED] - outText = "Verifying error messages for fields " + fieldList: null

25-01-2025T14:48:26 - [TEST_STEP][PASSED] - for (def field : fieldList): null

25-01-2025T14:48:26 - [TEST_STEP][PASSED] - errorMsg = requiredFieldMsgs.get(field): null

25-01-2025T14:48:26 - [TEST_STEP][PASSED] - msg = verifyTextPresent(errorMsg, false, OPTIONAL): Text 'The educational positions field is required.' is present on page 

25-01-2025T14:48:26 - [MESSAGE][PASSED] - Text 'The educational positions field is required.' is present on page 

25-01-2025T14:48:26 - [TEST_STEP][PASSED] - println(field + ":" + msg): null

25-01-2025T14:48:26 - [TEST_STEP][PASSED] - if (!(msg)): null

25-01-2025T14:48:26 - [TEST_STEP][PASSED] - errorMsg = requiredFieldMsgs.get(field): null

25-01-2025T14:48:26 - [TEST_STEP][PASSED] - msg = verifyTextPresent(errorMsg, false, OPTIONAL): Text 'The teacher experience preferred field is required.' is present on page 

25-01-2025T14:48:26 - [MESSAGE][PASSED] - Text 'The teacher experience preferred field is required.' is present on page 

25-01-2025T14:48:26 - [TEST_STEP][PASSED] - println(field + ":" + msg): null

25-01-2025T14:48:26 - [TEST_STEP][PASSED] - if (!(msg)): null

25-01-2025T14:48:26 - [TEST_STEP][PASSED] - delay(fieldTestDelay): Delayed 0 second(s)

25-01-2025T14:48:26 - [MESSAGE][PASSED] - Delayed 0 second(s)

25-01-2025T14:48:26 - [MESSAGE][PASSED] - Call Test Case 'Test Cases/_Functions/Test Field Error Messages' successfully

25-01-2025T14:48:26 - [TEST_STEP][PASSED] - callTestCase(findTestCase("_Functions/Click on Group Elements"), ["varXpaths":xpaths, "varParms":parms], STOP_ON_FAILURE): Call Test Case 'Test Cases/_Functions/Click on Group Elements' successfully

25-01-2025T14:48:26 - [TEST_CASE][PASSED] - Test Cases/_Functions/Click on Group Elements: Test Cases/_Functions/Click on Group Elements

25-01-2025T14:48:26 - [TEST_STEP][PASSED] - debug = true: null

25-01-2025T14:48:26 - [TEST_STEP][PASSED] - toggle = true: null

25-01-2025T14:48:26 - [TEST_STEP][PASSED] - driver = getWebDriver(): null

25-01-2025T14:48:26 - [TEST_STEP][PASSED] - println(varParms): null

25-01-2025T14:48:26 - [TEST_STEP][PASSED] - for ([i = 0, i < varXpaths.size(), (i++)]): null

25-01-2025T14:48:26 - [TEST_STEP][PASSED] - if (debug): null

25-01-2025T14:48:26 - [TEST_STEP][PASSED] - println("Desired label is "" + varParms[i] + """): null

25-01-2025T14:48:26 - [TEST_STEP][PASSED] - if (varParms[i].indexOf("Europe") >= 0): null

25-01-2025T14:48:26 - [TEST_STEP][PASSED] - elements = driver.findElements(By.xpath(varXpaths[i])): null

25-01-2025T14:48:26 - [TEST_STEP][PASSED] - element_count = elements.size(): null

25-01-2025T14:48:26 - [TEST_STEP][PASSED] - for (def element : elements): null

25-01-2025T14:48:26 - [TEST_STEP][PASSED] - myValue = element.getAttribute("value"): null

25-01-2025T14:48:26 - [TEST_STEP][PASSED] - if (debug): null

25-01-2025T14:48:26 - [TEST_STEP][PASSED] - println("Element label is "" + myValue + """): null

25-01-2025T14:48:26 - [TEST_STEP][PASSED] - if (myValue.length() >= 4): null

25-01-2025T14:48:26 - [TEST_STEP][PASSED] - if (myValue.substring(0, 4) == "(!) "): null

25-01-2025T14:48:26 - [TEST_STEP][PASSED] - myObj = convertWebElementToTestObject(element): null

25-01-2025T14:48:26 - [TEST_STEP][PASSED] - myType = element.getAttribute("type"): null

25-01-2025T14:48:26 - [TEST_STEP][PASSED] - if (myValue in varParms[i]): null

25-01-2025T14:48:26 - [TEST_STEP][PASSED] - else: null

25-01-2025T14:48:26 - [TEST_STEP][PASSED] - inList = false: null

25-01-2025T14:48:26 - [TEST_STEP][PASSED] - if (myType == "checkbox"): null

25-01-2025T14:48:26 - [TEST_STEP][PASSED] - myStatus = element.isSelected(): null

25-01-2025T14:48:26 - [TEST_STEP][PASSED] - if (debug): null

25-01-2025T14:48:26 - [TEST_STEP][PASSED] - println("Label " + myValue + " checked status is " + myStatus + " and in list status is " + inList): null

25-01-2025T14:48:26 - [TEST_STEP][PASSED] - if (toggle && myStatus && inList): null

25-01-2025T14:48:26 - [TEST_STEP][PASSED] - if (!(myStatus) && inList || myStatus && !(inList)): null

25-01-2025T14:48:26 - [TEST_STEP][PASSED] - myValue = element.getAttribute("value"): null

25-01-2025T14:48:26 - [TEST_STEP][PASSED] - if (debug): null

25-01-2025T14:48:26 - [TEST_STEP][PASSED] - println("Element label is "" + myValue + """): null

25-01-2025T14:48:26 - [TEST_STEP][PASSED] - if (myValue.length() >= 4): null

25-01-2025T14:48:26 - [TEST_STEP][PASSED] - if (myValue.substring(0, 4) == "(!) "): null

25-01-2025T14:48:26 - [TEST_STEP][PASSED] - myObj = convertWebElementToTestObject(element): null

25-01-2025T14:48:26 - [TEST_STEP][PASSED] - myType = element.getAttribute("type"): null

25-01-2025T14:48:26 - [TEST_STEP][PASSED] - if (myValue in varParms[i]): null

25-01-2025T14:48:26 - [TEST_STEP][PASSED] - else: null

25-01-2025T14:48:26 - [TEST_STEP][PASSED] - inList = false: null

25-01-2025T14:48:26 - [TEST_STEP][PASSED] - if (myType == "checkbox"): null

25-01-2025T14:48:26 - [TEST_STEP][PASSED] - myStatus = element.isSelected(): null

25-01-2025T14:48:26 - [TEST_STEP][PASSED] - if (debug): null

25-01-2025T14:48:26 - [TEST_STEP][PASSED] - println("Label " + myValue + " checked status is " + myStatus + " and in list status is " + inList): null

25-01-2025T14:48:26 - [TEST_STEP][PASSED] - if (toggle && myStatus && inList): null

25-01-2025T14:48:26 - [TEST_STEP][PASSED] - if (!(myStatus) && inList || myStatus && !(inList)): null

25-01-2025T14:48:26 - [TEST_STEP][PASSED] - myValue = element.getAttribute("value"): null

25-01-2025T14:48:26 - [TEST_STEP][PASSED] - if (debug): null

25-01-2025T14:48:26 - [TEST_STEP][PASSED] - println("Element label is "" + myValue + """): null

25-01-2025T14:48:26 - [TEST_STEP][PASSED] - if (myValue.length() >= 4): null

25-01-2025T14:48:26 - [TEST_STEP][PASSED] - if (myValue.substring(0, 4) == "(!) "): null

25-01-2025T14:48:26 - [TEST_STEP][PASSED] - myObj = convertWebElementToTestObject(element): null

25-01-2025T14:48:26 - [TEST_STEP][PASSED] - myType = element.getAttribute("type"): null

25-01-2025T14:48:26 - [TEST_STEP][PASSED] - if (myValue in varParms[i]): null

25-01-2025T14:48:26 - [TEST_STEP][PASSED] - inList = true: null

25-01-2025T14:48:26 - [TEST_STEP][PASSED] - if (myType == "checkbox"): null

25-01-2025T14:48:26 - [TEST_STEP][PASSED] - myStatus = element.isSelected(): null

25-01-2025T14:48:26 - [TEST_STEP][PASSED] - if (debug): null

25-01-2025T14:48:26 - [TEST_STEP][PASSED] - println("Label " + myValue + " checked status is " + myStatus + " and in list status is " + inList): null

25-01-2025T14:48:26 - [TEST_STEP][PASSED] - if (toggle && myStatus && inList): null

25-01-2025T14:48:26 - [TEST_STEP][PASSED] - if (!(myStatus) && inList || myStatus && !(inList)): null

25-01-2025T14:48:26 - [TEST_STEP][PASSED] - if (debug): null

25-01-2025T14:48:26 - [TEST_STEP][PASSED] - println("Clicking " + myValue): null

25-01-2025T14:48:26 - [TEST_STEP][PASSED] - println("Clicking " + myValue): null

25-01-2025T14:48:26 - [TEST_STEP][PASSED] - click(myObj): null

25-01-2025T14:48:26 - [TEST_STEP][PASSED] - scrollToObject(object): null

25-01-2025T14:48:26 - [TEST_STEP][PASSED] - println("Converting " + object + " to web element"): null

25-01-2025T14:48:26 - [TEST_STEP][PASSED] - element = findWebElement(object, 1): null

25-01-2025T14:48:26 - [TEST_STEP][PASSED] - loc = element.getLocation(): null

25-01-2025T14:48:26 - [TEST_STEP][PASSED] - y = loc.getY(): null

25-01-2025T14:48:26 - [TEST_STEP][PASSED] - println("Y location is " + y): null

25-01-2025T14:48:26 - [TEST_STEP][PASSED] - top = getViewportTopPosition(): Current viewport's top (y) position is 0

25-01-2025T14:48:26 - [MESSAGE][PASSED] - Current viewport's top (y) position is 0

25-01-2025T14:48:26 - [TEST_STEP][PASSED] - println("Viewport top is " + top): null

25-01-2025T14:48:26 - [TEST_STEP][PASSED] - bottom = top + 600: null

25-01-2025T14:48:26 - [TEST_STEP][PASSED] - if (y - top < 150 || bottom - y < 10): null

25-01-2025T14:48:26 - [TEST_STEP][PASSED] - click(object): null

25-01-2025T14:48:26 - [MESSAGE][PASSED] - Object: '' is clicked on

25-01-2025T14:48:26 - [TEST_STEP][PASSED] - myValue = element.getAttribute("value"): null

25-01-2025T14:48:26 - [TEST_STEP][PASSED] - if (debug): null

25-01-2025T14:48:26 - [TEST_STEP][PASSED] - println("Element label is "" + myValue + """): null

25-01-2025T14:48:26 - [TEST_STEP][PASSED] - if (myValue.length() >= 4): null

25-01-2025T14:48:26 - [TEST_STEP][PASSED] - if (myValue.substring(0, 4) == "(!) "): null

25-01-2025T14:48:26 - [TEST_STEP][PASSED] - myObj = convertWebElementToTestObject(element): null

25-01-2025T14:48:26 - [TEST_STEP][PASSED] - myType = element.getAttribute("type"): null

25-01-2025T14:48:26 - [TEST_STEP][PASSED] - if (myValue in varParms[i]): null

25-01-2025T14:48:26 - [TEST_STEP][PASSED] - else: null

25-01-2025T14:48:26 - [TEST_STEP][PASSED] - inList = false: null

25-01-2025T14:48:26 - [TEST_STEP][PASSED] - if (myType == "checkbox"): null

25-01-2025T14:48:26 - [TEST_STEP][PASSED] - myStatus = element.isSelected(): null

25-01-2025T14:48:26 - [TEST_STEP][PASSED] - if (debug): null

25-01-2025T14:48:26 - [TEST_STEP][PASSED] - println("Label " + myValue + " checked status is " + myStatus + " and in list status is " + inList): null

25-01-2025T14:48:26 - [TEST_STEP][PASSED] - if (toggle && myStatus && inList): null

25-01-2025T14:48:26 - [TEST_STEP][PASSED] - if (!(myStatus) && inList || myStatus && !(inList)): null

25-01-2025T14:48:26 - [TEST_STEP][PASSED] - myValue = element.getAttribute("value"): null

25-01-2025T14:48:26 - [TEST_STEP][PASSED] - if (debug): null

25-01-2025T14:48:26 - [TEST_STEP][PASSED] - println("Element label is "" + myValue + """): null

25-01-2025T14:48:26 - [TEST_STEP][PASSED] - if (myValue.length() >= 4): null

25-01-2025T14:48:26 - [TEST_STEP][PASSED] - if (myValue.substring(0, 4) == "(!) "): null

25-01-2025T14:48:26 - [TEST_STEP][PASSED] - myObj = convertWebElementToTestObject(element): null

25-01-2025T14:48:26 - [TEST_STEP][PASSED] - myType = element.getAttribute("type"): null

25-01-2025T14:48:26 - [TEST_STEP][PASSED] - if (myValue in varParms[i]): null

25-01-2025T14:48:26 - [TEST_STEP][PASSED] - inList = true: null

25-01-2025T14:48:26 - [TEST_STEP][PASSED] - if (myType == "checkbox"): null

25-01-2025T14:48:26 - [TEST_STEP][PASSED] - myStatus = element.isSelected(): null

25-01-2025T14:48:26 - [TEST_STEP][PASSED] - if (debug): null

25-01-2025T14:48:26 - [TEST_STEP][PASSED] - println("Label " + myValue + " checked status is " + myStatus + " and in list status is " + inList): null

25-01-2025T14:48:26 - [TEST_STEP][PASSED] - if (toggle && myStatus && inList): null

25-01-2025T14:48:26 - [TEST_STEP][PASSED] - if (!(myStatus) && inList || myStatus && !(inList)): null

25-01-2025T14:48:26 - [TEST_STEP][PASSED] - if (debug): null

25-01-2025T14:48:26 - [TEST_STEP][PASSED] - println("Clicking " + myValue): null

25-01-2025T14:48:26 - [TEST_STEP][PASSED] - println("Clicking " + myValue): null

25-01-2025T14:48:26 - [TEST_STEP][PASSED] - click(myObj): null

25-01-2025T14:48:26 - [TEST_STEP][PASSED] - scrollToObject(object): null

25-01-2025T14:48:26 - [TEST_STEP][PASSED] - println("Converting " + object + " to web element"): null

25-01-2025T14:48:26 - [TEST_STEP][PASSED] - element = findWebElement(object, 1): null

25-01-2025T14:48:26 - [TEST_STEP][PASSED] - loc = element.getLocation(): null

25-01-2025T14:48:26 - [TEST_STEP][PASSED] - y = loc.getY(): null

25-01-2025T14:48:26 - [TEST_STEP][PASSED] - println("Y location is " + y): null

25-01-2025T14:48:26 - [TEST_STEP][PASSED] - top = getViewportTopPosition(): Current viewport's top (y) position is 0

25-01-2025T14:48:26 - [MESSAGE][PASSED] - Current viewport's top (y) position is 0

25-01-2025T14:48:26 - [TEST_STEP][PASSED] - println("Viewport top is " + top): null

25-01-2025T14:48:26 - [TEST_STEP][PASSED] - bottom = top + 600: null

25-01-2025T14:48:26 - [TEST_STEP][PASSED] - if (y - top < 150 || bottom - y < 10): null

25-01-2025T14:48:26 - [TEST_STEP][PASSED] - click(object): null

25-01-2025T14:48:26 - [MESSAGE][PASSED] - Object: '' is clicked on

25-01-2025T14:48:26 - [TEST_STEP][PASSED] - myValue = element.getAttribute("value"): null

25-01-2025T14:48:26 - [TEST_STEP][PASSED] - if (debug): null

25-01-2025T14:48:26 - [TEST_STEP][PASSED] - println("Element label is "" + myValue + """): null

25-01-2025T14:48:26 - [TEST_STEP][PASSED] - if (myValue.length() >= 4): null

25-01-2025T14:48:26 - [TEST_STEP][PASSED] - if (myValue.substring(0, 4) == "(!) "): null

25-01-2025T14:48:26 - [TEST_STEP][PASSED] - myObj = convertWebElementToTestObject(element): null

25-01-2025T14:48:26 - [TEST_STEP][PASSED] - myType = element.getAttribute("type"): null

25-01-2025T14:48:26 - [TEST_STEP][PASSED] - if (myValue in varParms[i]): null

25-01-2025T14:48:26 - [TEST_STEP][PASSED] - else: null

25-01-2025T14:48:26 - [TEST_STEP][PASSED] - inList = false: null

25-01-2025T14:48:26 - [TEST_STEP][PASSED] - if (myType == "checkbox"): null

25-01-2025T14:48:26 - [TEST_STEP][PASSED] - myStatus = element.isSelected(): null

25-01-2025T14:48:26 - [TEST_STEP][PASSED] - if (debug): null

25-01-2025T14:48:26 - [TEST_STEP][PASSED] - println("Label " + myValue + " checked status is " + myStatus + " and in list status is " + inList): null

25-01-2025T14:48:26 - [TEST_STEP][PASSED] - if (toggle && myStatus && inList): null

25-01-2025T14:48:26 - [TEST_STEP][PASSED] - if (!(myStatus) && inList || myStatus && !(inList)): null

25-01-2025T14:48:26 - [TEST_STEP][PASSED] - myValue = element.getAttribute("value"): null

25-01-2025T14:48:26 - [TEST_STEP][PASSED] - if (debug): null

25-01-2025T14:48:26 - [TEST_STEP][PASSED] - println("Element label is "" + myValue + """): null

25-01-2025T14:48:26 - [TEST_STEP][PASSED] - if (myValue.length() >= 4): null

25-01-2025T14:48:26 - [TEST_STEP][PASSED] - if (myValue.substring(0, 4) == "(!) "): null

25-01-2025T14:48:26 - [TEST_STEP][PASSED] - myObj = convertWebElementToTestObject(element): null

25-01-2025T14:48:26 - [TEST_STEP][PASSED] - myType = element.getAttribute("type"): null

25-01-2025T14:48:26 - [TEST_STEP][PASSED] - if (myValue in varParms[i]): null

25-01-2025T14:48:26 - [TEST_STEP][PASSED] - else: null

25-01-2025T14:48:26 - [TEST_STEP][PASSED] - inList = false: null

25-01-2025T14:48:26 - [TEST_STEP][PASSED] - if (myType == "checkbox"): null

25-01-2025T14:48:26 - [TEST_STEP][PASSED] - myStatus = element.isSelected(): null

25-01-2025T14:48:26 - [TEST_STEP][PASSED] - if (debug): null

25-01-2025T14:48:26 - [TEST_STEP][PASSED] - println("Label " + myValue + " checked status is " + myStatus + " and in list status is " + inList): null

25-01-2025T14:48:26 - [TEST_STEP][PASSED] - if (toggle && myStatus && inList): null

25-01-2025T14:48:26 - [TEST_STEP][PASSED] - if (!(myStatus) && inList || myStatus && !(inList)): null

25-01-2025T14:48:26 - [TEST_STEP][PASSED] - myValue = element.getAttribute("value"): null

25-01-2025T14:48:26 - [TEST_STEP][PASSED] - if (debug): null

25-01-2025T14:48:26 - [TEST_STEP][PASSED] - println("Element label is "" + myValue + """): null

25-01-2025T14:48:26 - [TEST_STEP][PASSED] - if (myValue.length() >= 4): null

25-01-2025T14:48:26 - [TEST_STEP][PASSED] - if (myValue.substring(0, 4) == "(!) "): null

25-01-2025T14:48:26 - [TEST_STEP][PASSED] - myObj = convertWebElementToTestObject(element): null

25-01-2025T14:48:26 - [TEST_STEP][PASSED] - myType = element.getAttribute("type"): null

25-01-2025T14:48:26 - [TEST_STEP][PASSED] - if (myValue in varParms[i]): null

25-01-2025T14:48:26 - [TEST_STEP][PASSED] - else: null

25-01-2025T14:48:26 - [TEST_STEP][PASSED] - inList = false: null

25-01-2025T14:48:26 - [TEST_STEP][PASSED] - if (myType == "checkbox"): null

25-01-2025T14:48:26 - [TEST_STEP][PASSED] - myStatus = element.isSelected(): null

25-01-2025T14:48:26 - [TEST_STEP][PASSED] - if (debug): null

25-01-2025T14:48:26 - [TEST_STEP][PASSED] - println("Label " + myValue + " checked status is " + myStatus + " and in list status is " + inList): null

25-01-2025T14:48:26 - [TEST_STEP][PASSED] - if (toggle && myStatus && inList): null

25-01-2025T14:48:26 - [TEST_STEP][PASSED] - if (!(myStatus) && inList || myStatus && !(inList)): null

25-01-2025T14:48:26 - [TEST_STEP][PASSED] - myValue = element.getAttribute("value"): null

25-01-2025T14:48:26 - [TEST_STEP][PASSED] - if (debug): null

25-01-2025T14:48:26 - [TEST_STEP][PASSED] - println("Element label is "" + myValue + """): null

25-01-2025T14:48:26 - [TEST_STEP][PASSED] - if (myValue.length() >= 4): null

25-01-2025T14:48:26 - [TEST_STEP][PASSED] - if (myValue.substring(0, 4) == "(!) "): null

25-01-2025T14:48:26 - [TEST_STEP][PASSED] - myObj = convertWebElementToTestObject(element): null

25-01-2025T14:48:26 - [TEST_STEP][PASSED] - myType = element.getAttribute("type"): null

25-01-2025T14:48:26 - [TEST_STEP][PASSED] - if (myValue in varParms[i]): null

25-01-2025T14:48:26 - [TEST_STEP][PASSED] - else: null

25-01-2025T14:48:26 - [TEST_STEP][PASSED] - inList = false: null

25-01-2025T14:48:26 - [TEST_STEP][PASSED] - if (myType == "checkbox"): null

25-01-2025T14:48:26 - [TEST_STEP][PASSED] - myStatus = element.isSelected(): null

25-01-2025T14:48:26 - [TEST_STEP][PASSED] - if (debug): null

25-01-2025T14:48:26 - [TEST_STEP][PASSED] - println("Label " + myValue + " checked status is " + myStatus + " and in list status is " + inList): null

25-01-2025T14:48:26 - [TEST_STEP][PASSED] - if (toggle && myStatus && inList): null

25-01-2025T14:48:26 - [TEST_STEP][PASSED] - if (!(myStatus) && inList || myStatus && !(inList)): null

25-01-2025T14:48:26 - [TEST_STEP][PASSED] - myValue = element.getAttribute("value"): null

25-01-2025T14:48:26 - [TEST_STEP][PASSED] - if (debug): null

25-01-2025T14:48:26 - [TEST_STEP][PASSED] - println("Element label is "" + myValue + """): null

25-01-2025T14:48:26 - [TEST_STEP][PASSED] - if (myValue.length() >= 4): null

25-01-2025T14:48:26 - [TEST_STEP][PASSED] - if (myValue.substring(0, 4) == "(!) "): null

25-01-2025T14:48:26 - [TEST_STEP][PASSED] - myObj = convertWebElementToTestObject(element): null

25-01-2025T14:48:26 - [TEST_STEP][PASSED] - myType = element.getAttribute("type"): null

25-01-2025T14:48:26 - [TEST_STEP][PASSED] - if (myValue in varParms[i]): null

25-01-2025T14:48:26 - [TEST_STEP][PASSED] - inList = true: null

25-01-2025T14:48:26 - [TEST_STEP][PASSED] - if (myType == "checkbox"): null

25-01-2025T14:48:26 - [TEST_STEP][PASSED] - myStatus = element.isSelected(): null

25-01-2025T14:48:26 - [TEST_STEP][PASSED] - if (debug): null

25-01-2025T14:48:26 - [TEST_STEP][PASSED] - println("Label " + myValue + " checked status is " + myStatus + " and in list status is " + inList): null

25-01-2025T14:48:26 - [TEST_STEP][PASSED] - if (toggle && myStatus && inList): null

25-01-2025T14:48:26 - [TEST_STEP][PASSED] - if (!(myStatus) && inList || myStatus && !(inList)): null

25-01-2025T14:48:26 - [TEST_STEP][PASSED] - if (debug): null

25-01-2025T14:48:26 - [TEST_STEP][PASSED] - println("Clicking " + myValue): null

25-01-2025T14:48:26 - [TEST_STEP][PASSED] - println("Clicking " + myValue): null

25-01-2025T14:48:26 - [TEST_STEP][PASSED] - click(myObj): null

25-01-2025T14:48:26 - [TEST_STEP][PASSED] - scrollToObject(object): null

25-01-2025T14:48:26 - [TEST_STEP][PASSED] - println("Converting " + object + " to web element"): null

25-01-2025T14:48:26 - [TEST_STEP][PASSED] - element = findWebElement(object, 1): null

25-01-2025T14:48:26 - [TEST_STEP][PASSED] - loc = element.getLocation(): null

25-01-2025T14:48:26 - [TEST_STEP][PASSED] - y = loc.getY(): null

25-01-2025T14:48:26 - [TEST_STEP][PASSED] - println("Y location is " + y): null

25-01-2025T14:48:26 - [TEST_STEP][PASSED] - top = getViewportTopPosition(): Current viewport's top (y) position is 0

25-01-2025T14:48:26 - [MESSAGE][PASSED] - Current viewport's top (y) position is 0

25-01-2025T14:48:26 - [TEST_STEP][PASSED] - println("Viewport top is " + top): null

25-01-2025T14:48:26 - [TEST_STEP][PASSED] - bottom = top + 600: null

25-01-2025T14:48:26 - [TEST_STEP][PASSED] - if (y - top < 150 || bottom - y < 10): null

25-01-2025T14:48:26 - [TEST_STEP][PASSED] - click(object): null

25-01-2025T14:48:26 - [MESSAGE][PASSED] - Object: '' is clicked on

25-01-2025T14:48:26 - [TEST_STEP][PASSED] - myValue = element.getAttribute("value"): null

25-01-2025T14:48:26 - [TEST_STEP][PASSED] - if (debug): null

25-01-2025T14:48:26 - [TEST_STEP][PASSED] - println("Element label is "" + myValue + """): null

25-01-2025T14:48:26 - [TEST_STEP][PASSED] - if (myValue.length() >= 4): null

25-01-2025T14:48:26 - [TEST_STEP][PASSED] - if (myValue.substring(0, 4) == "(!) "): null

25-01-2025T14:48:26 - [TEST_STEP][PASSED] - myObj = convertWebElementToTestObject(element): null

25-01-2025T14:48:26 - [TEST_STEP][PASSED] - myType = element.getAttribute("type"): null

25-01-2025T14:48:26 - [TEST_STEP][PASSED] - if (myValue in varParms[i]): null

25-01-2025T14:48:26 - [TEST_STEP][PASSED] - else: null

25-01-2025T14:48:26 - [TEST_STEP][PASSED] - inList = false: null

25-01-2025T14:48:26 - [TEST_STEP][PASSED] - if (myType == "checkbox"): null

25-01-2025T14:48:26 - [TEST_STEP][PASSED] - myStatus = element.isSelected(): null

25-01-2025T14:48:26 - [TEST_STEP][PASSED] - if (debug): null

25-01-2025T14:48:26 - [TEST_STEP][PASSED] - println("Label " + myValue + " checked status is " + myStatus + " and in list status is " + inList): null

25-01-2025T14:48:26 - [TEST_STEP][PASSED] - if (toggle && myStatus && inList): null

25-01-2025T14:48:26 - [TEST_STEP][PASSED] - if (!(myStatus) && inList || myStatus && !(inList)): null

25-01-2025T14:48:26 - [TEST_STEP][PASSED] - myValue = element.getAttribute("value"): null

25-01-2025T14:48:26 - [TEST_STEP][PASSED] - if (debug): null

25-01-2025T14:48:26 - [TEST_STEP][PASSED] - println("Element label is "" + myValue + """): null

25-01-2025T14:48:26 - [TEST_STEP][PASSED] - if (myValue.length() >= 4): null

25-01-2025T14:48:26 - [TEST_STEP][PASSED] - if (myValue.substring(0, 4) == "(!) "): null

25-01-2025T14:48:26 - [TEST_STEP][PASSED] - myObj = convertWebElementToTestObject(element): null

25-01-2025T14:48:26 - [TEST_STEP][PASSED] - myType = element.getAttribute("type"): null

25-01-2025T14:48:26 - [TEST_STEP][PASSED] - if (myValue in varParms[i]): null

25-01-2025T14:48:26 - [TEST_STEP][PASSED] - else: null

25-01-2025T14:48:26 - [TEST_STEP][PASSED] - inList = false: null

25-01-2025T14:48:26 - [TEST_STEP][PASSED] - if (myType == "checkbox"): null

25-01-2025T14:48:26 - [TEST_STEP][PASSED] - myStatus = element.isSelected(): null

25-01-2025T14:48:26 - [TEST_STEP][PASSED] - if (debug): null

25-01-2025T14:48:26 - [TEST_STEP][PASSED] - println("Label " + myValue + " checked status is " + myStatus + " and in list status is " + inList): null

25-01-2025T14:48:26 - [TEST_STEP][PASSED] - if (toggle && myStatus && inList): null

25-01-2025T14:48:26 - [TEST_STEP][PASSED] - if (!(myStatus) && inList || myStatus && !(inList)): null

25-01-2025T14:48:26 - [TEST_STEP][PASSED] - myValue = element.getAttribute("value"): null

25-01-2025T14:48:26 - [TEST_STEP][PASSED] - if (debug): null

25-01-2025T14:48:26 - [TEST_STEP][PASSED] - println("Element label is "" + myValue + """): null

25-01-2025T14:48:26 - [TEST_STEP][PASSED] - if (myValue.length() >= 4): null

25-01-2025T14:48:26 - [TEST_STEP][PASSED] - if (myValue.substring(0, 4) == "(!) "): null

25-01-2025T14:48:26 - [TEST_STEP][PASSED] - myObj = convertWebElementToTestObject(element): null

25-01-2025T14:48:26 - [TEST_STEP][PASSED] - myType = element.getAttribute("type"): null

25-01-2025T14:48:26 - [TEST_STEP][PASSED] - if (myValue in varParms[i]): null

25-01-2025T14:48:26 - [TEST_STEP][PASSED] - else: null

25-01-2025T14:48:26 - [TEST_STEP][PASSED] - inList = false: null

25-01-2025T14:48:26 - [TEST_STEP][PASSED] - if (myType == "checkbox"): null

25-01-2025T14:48:26 - [TEST_STEP][PASSED] - myStatus = element.isSelected(): null

25-01-2025T14:48:26 - [TEST_STEP][PASSED] - if (debug): null

25-01-2025T14:48:26 - [TEST_STEP][PASSED] - println("Label " + myValue + " checked status is " + myStatus + " and in list status is " + inList): null

25-01-2025T14:48:26 - [TEST_STEP][PASSED] - if (toggle && myStatus && inList): null

25-01-2025T14:48:26 - [TEST_STEP][PASSED] - if (!(myStatus) && inList || myStatus && !(inList)): null

25-01-2025T14:48:26 - [TEST_STEP][PASSED] - myValue = element.getAttribute("value"): null

25-01-2025T14:48:26 - [TEST_STEP][PASSED] - if (debug): null

25-01-2025T14:48:26 - [TEST_STEP][PASSED] - println("Element label is "" + myValue + """): null

25-01-2025T14:48:26 - [TEST_STEP][PASSED] - if (myValue.length() >= 4): null

25-01-2025T14:48:26 - [TEST_STEP][PASSED] - if (myValue.substring(0, 4) == "(!) "): null

25-01-2025T14:48:26 - [TEST_STEP][PASSED] - myObj = convertWebElementToTestObject(element): null

25-01-2025T14:48:26 - [TEST_STEP][PASSED] - myType = element.getAttribute("type"): null

25-01-2025T14:48:26 - [TEST_STEP][PASSED] - if (myValue in varParms[i]): null

25-01-2025T14:48:26 - [TEST_STEP][PASSED] - else: null

25-01-2025T14:48:26 - [TEST_STEP][PASSED] - inList = false: null

25-01-2025T14:48:26 - [TEST_STEP][PASSED] - if (myType == "checkbox"): null

25-01-2025T14:48:26 - [TEST_STEP][PASSED] - myStatus = element.isSelected(): null

25-01-2025T14:48:26 - [TEST_STEP][PASSED] - if (debug): null

25-01-2025T14:48:26 - [TEST_STEP][PASSED] - println("Label " + myValue + " checked status is " + myStatus + " and in list status is " + inList): null

25-01-2025T14:48:26 - [TEST_STEP][PASSED] - if (toggle && myStatus && inList): null

25-01-2025T14:48:26 - [TEST_STEP][PASSED] - if (!(myStatus) && inList || myStatus && !(inList)): null

25-01-2025T14:48:26 - [TEST_STEP][PASSED] - myValue = element.getAttribute("value"): null

25-01-2025T14:48:26 - [TEST_STEP][PASSED] - if (debug): null

25-01-2025T14:48:26 - [TEST_STEP][PASSED] - println("Element label is "" + myValue + """): null

25-01-2025T14:48:26 - [TEST_STEP][PASSED] - if (myValue.length() >= 4): null

25-01-2025T14:48:26 - [TEST_STEP][PASSED] - if (myValue.substring(0, 4) == "(!) "): null

25-01-2025T14:48:26 - [TEST_STEP][PASSED] - myObj = convertWebElementToTestObject(element): null

25-01-2025T14:48:26 - [TEST_STEP][PASSED] - myType = element.getAttribute("type"): null

25-01-2025T14:48:26 - [TEST_STEP][PASSED] - if (myValue in varParms[i]): null

25-01-2025T14:48:26 - [TEST_STEP][PASSED] - else: null

25-01-2025T14:48:26 - [TEST_STEP][PASSED] - inList = false: null

25-01-2025T14:48:26 - [TEST_STEP][PASSED] - if (myType == "checkbox"): null

25-01-2025T14:48:26 - [TEST_STEP][PASSED] - myStatus = element.isSelected(): null

25-01-2025T14:48:26 - [TEST_STEP][PASSED] - if (debug): null

25-01-2025T14:48:26 - [TEST_STEP][PASSED] - println("Label " + myValue + " checked status is " + myStatus + " and in list status is " + inList): null

25-01-2025T14:48:26 - [TEST_STEP][PASSED] - if (toggle && myStatus && inList): null

25-01-2025T14:48:26 - [TEST_STEP][PASSED] - if (!(myStatus) && inList || myStatus && !(inList)): null

25-01-2025T14:48:26 - [TEST_STEP][PASSED] - myValue = element.getAttribute("value"): null

25-01-2025T14:48:26 - [TEST_STEP][PASSED] - if (debug): null

25-01-2025T14:48:26 - [TEST_STEP][PASSED] - println("Element label is "" + myValue + """): null

25-01-2025T14:48:26 - [TEST_STEP][PASSED] - if (myValue.length() >= 4): null

25-01-2025T14:48:26 - [TEST_STEP][PASSED] - if (myValue.substring(0, 4) == "(!) "): null

25-01-2025T14:48:26 - [TEST_STEP][PASSED] - myObj = convertWebElementToTestObject(element): null

25-01-2025T14:48:26 - [TEST_STEP][PASSED] - myType = element.getAttribute("type"): null

25-01-2025T14:48:26 - [TEST_STEP][PASSED] - if (myValue in varParms[i]): null

25-01-2025T14:48:26 - [TEST_STEP][PASSED] - else: null

25-01-2025T14:48:26 - [TEST_STEP][PASSED] - inList = false: null

25-01-2025T14:48:26 - [TEST_STEP][PASSED] - if (myType == "checkbox"): null

25-01-2025T14:48:26 - [TEST_STEP][PASSED] - myStatus = element.isSelected(): null

25-01-2025T14:48:26 - [TEST_STEP][PASSED] - if (debug): null

25-01-2025T14:48:26 - [TEST_STEP][PASSED] - println("Label " + myValue + " checked status is " + myStatus + " and in list status is " + inList): null

25-01-2025T14:48:26 - [TEST_STEP][PASSED] - if (toggle && myStatus && inList): null

25-01-2025T14:48:26 - [TEST_STEP][PASSED] - if (!(myStatus) && inList || myStatus && !(inList)): null

25-01-2025T14:48:26 - [TEST_STEP][PASSED] - myValue = element.getAttribute("value"): null

25-01-2025T14:48:27 - [TEST_STEP][PASSED] - if (debug): null

25-01-2025T14:48:27 - [TEST_STEP][PASSED] - println("Element label is "" + myValue + """): null

25-01-2025T14:48:27 - [TEST_STEP][PASSED] - if (myValue.length() >= 4): null

25-01-2025T14:48:27 - [TEST_STEP][PASSED] - if (myValue.substring(0, 4) == "(!) "): null

25-01-2025T14:48:27 - [TEST_STEP][PASSED] - myObj = convertWebElementToTestObject(element): null

25-01-2025T14:48:27 - [TEST_STEP][PASSED] - myType = element.getAttribute("type"): null

25-01-2025T14:48:27 - [TEST_STEP][PASSED] - if (myValue in varParms[i]): null

25-01-2025T14:48:27 - [TEST_STEP][PASSED] - else: null

25-01-2025T14:48:27 - [TEST_STEP][PASSED] - inList = false: null

25-01-2025T14:48:27 - [TEST_STEP][PASSED] - if (myType == "checkbox"): null

25-01-2025T14:48:27 - [TEST_STEP][PASSED] - myStatus = element.isSelected(): null

25-01-2025T14:48:27 - [TEST_STEP][PASSED] - if (debug): null

25-01-2025T14:48:27 - [TEST_STEP][PASSED] - println("Label " + myValue + " checked status is " + myStatus + " and in list status is " + inList): null

25-01-2025T14:48:27 - [TEST_STEP][PASSED] - if (toggle && myStatus && inList): null

25-01-2025T14:48:27 - [TEST_STEP][PASSED] - if (!(myStatus) && inList || myStatus && !(inList)): null

25-01-2025T14:48:27 - [TEST_STEP][PASSED] - myValue = element.getAttribute("value"): null

25-01-2025T14:48:27 - [TEST_STEP][PASSED] - if (debug): null

25-01-2025T14:48:27 - [TEST_STEP][PASSED] - println("Element label is "" + myValue + """): null

25-01-2025T14:48:27 - [TEST_STEP][PASSED] - if (myValue.length() >= 4): null

25-01-2025T14:48:27 - [TEST_STEP][PASSED] - if (myValue.substring(0, 4) == "(!) "): null

25-01-2025T14:48:27 - [TEST_STEP][PASSED] - myObj = convertWebElementToTestObject(element): null

25-01-2025T14:48:27 - [TEST_STEP][PASSED] - myType = element.getAttribute("type"): null

25-01-2025T14:48:27 - [TEST_STEP][PASSED] - if (myValue in varParms[i]): null

25-01-2025T14:48:27 - [TEST_STEP][PASSED] - else: null

25-01-2025T14:48:27 - [TEST_STEP][PASSED] - inList = false: null

25-01-2025T14:48:27 - [TEST_STEP][PASSED] - if (myType == "checkbox"): null

25-01-2025T14:48:27 - [TEST_STEP][PASSED] - myStatus = element.isSelected(): null

25-01-2025T14:48:27 - [TEST_STEP][PASSED] - if (debug): null

25-01-2025T14:48:27 - [TEST_STEP][PASSED] - println("Label " + myValue + " checked status is " + myStatus + " and in list status is " + inList): null

25-01-2025T14:48:27 - [TEST_STEP][PASSED] - if (toggle && myStatus && inList): null

25-01-2025T14:48:27 - [TEST_STEP][PASSED] - if (!(myStatus) && inList || myStatus && !(inList)): null

25-01-2025T14:48:27 - [TEST_STEP][PASSED] - myValue = element.getAttribute("value"): null

25-01-2025T14:48:27 - [TEST_STEP][PASSED] - if (debug): null

25-01-2025T14:48:27 - [TEST_STEP][PASSED] - println("Element label is "" + myValue + """): null

25-01-2025T14:48:27 - [TEST_STEP][PASSED] - if (myValue.length() >= 4): null

25-01-2025T14:48:27 - [TEST_STEP][PASSED] - if (myValue.substring(0, 4) == "(!) "): null

25-01-2025T14:48:27 - [TEST_STEP][PASSED] - myObj = convertWebElementToTestObject(element): null

25-01-2025T14:48:27 - [TEST_STEP][PASSED] - myType = element.getAttribute("type"): null

25-01-2025T14:48:27 - [TEST_STEP][PASSED] - if (myValue in varParms[i]): null

25-01-2025T14:48:27 - [TEST_STEP][PASSED] - else: null

25-01-2025T14:48:27 - [TEST_STEP][PASSED] - inList = false: null

25-01-2025T14:48:27 - [TEST_STEP][PASSED] - if (myType == "checkbox"): null

25-01-2025T14:48:27 - [TEST_STEP][PASSED] - myStatus = element.isSelected(): null

25-01-2025T14:48:27 - [TEST_STEP][PASSED] - if (debug): null

25-01-2025T14:48:27 - [TEST_STEP][PASSED] - println("Label " + myValue + " checked status is " + myStatus + " and in list status is " + inList): null

25-01-2025T14:48:27 - [TEST_STEP][PASSED] - if (toggle && myStatus && inList): null

25-01-2025T14:48:27 - [TEST_STEP][PASSED] - if (!(myStatus) && inList || myStatus && !(inList)): null

25-01-2025T14:48:27 - [TEST_STEP][PASSED] - myValue = element.getAttribute("value"): null

25-01-2025T14:48:27 - [TEST_STEP][PASSED] - if (debug): null

25-01-2025T14:48:27 - [TEST_STEP][PASSED] - println("Element label is "" + myValue + """): null

25-01-2025T14:48:27 - [TEST_STEP][PASSED] - if (myValue.length() >= 4): null

25-01-2025T14:48:27 - [TEST_STEP][PASSED] - if (myValue.substring(0, 4) == "(!) "): null

25-01-2025T14:48:27 - [TEST_STEP][PASSED] - myObj = convertWebElementToTestObject(element): null

25-01-2025T14:48:27 - [TEST_STEP][PASSED] - myType = element.getAttribute("type"): null

25-01-2025T14:48:27 - [TEST_STEP][PASSED] - if (myValue in varParms[i]): null

25-01-2025T14:48:27 - [TEST_STEP][PASSED] - else: null

25-01-2025T14:48:27 - [TEST_STEP][PASSED] - inList = false: null

25-01-2025T14:48:27 - [TEST_STEP][PASSED] - if (myType == "checkbox"): null

25-01-2025T14:48:27 - [TEST_STEP][PASSED] - myStatus = element.isSelected(): null

25-01-2025T14:48:27 - [TEST_STEP][PASSED] - if (debug): null

25-01-2025T14:48:27 - [TEST_STEP][PASSED] - println("Label " + myValue + " checked status is " + myStatus + " and in list status is " + inList): null

25-01-2025T14:48:27 - [TEST_STEP][PASSED] - if (toggle && myStatus && inList): null

25-01-2025T14:48:27 - [TEST_STEP][PASSED] - if (!(myStatus) && inList || myStatus && !(inList)): null

25-01-2025T14:48:27 - [TEST_STEP][PASSED] - myValue = element.getAttribute("value"): null

25-01-2025T14:48:27 - [TEST_STEP][PASSED] - if (debug): null

25-01-2025T14:48:27 - [TEST_STEP][PASSED] - println("Element label is "" + myValue + """): null

25-01-2025T14:48:27 - [TEST_STEP][PASSED] - if (myValue.length() >= 4): null

25-01-2025T14:48:27 - [TEST_STEP][PASSED] - if (myValue.substring(0, 4) == "(!) "): null

25-01-2025T14:48:27 - [TEST_STEP][PASSED] - myObj = convertWebElementToTestObject(element): null

25-01-2025T14:48:27 - [TEST_STEP][PASSED] - myType = element.getAttribute("type"): null

25-01-2025T14:48:27 - [TEST_STEP][PASSED] - if (myValue in varParms[i]): null

25-01-2025T14:48:27 - [TEST_STEP][PASSED] - inList = true: null

25-01-2025T14:48:27 - [TEST_STEP][PASSED] - if (myType == "checkbox"): null

25-01-2025T14:48:27 - [TEST_STEP][PASSED] - myStatus = element.isSelected(): null

25-01-2025T14:48:27 - [TEST_STEP][PASSED] - if (debug): null

25-01-2025T14:48:27 - [TEST_STEP][PASSED] - println("Label " + myValue + " checked status is " + myStatus + " and in list status is " + inList): null

25-01-2025T14:48:27 - [TEST_STEP][PASSED] - if (toggle && myStatus && inList): null

25-01-2025T14:48:27 - [TEST_STEP][PASSED] - if (!(myStatus) && inList || myStatus && !(inList)): null

25-01-2025T14:48:27 - [TEST_STEP][PASSED] - if (debug): null

25-01-2025T14:48:27 - [TEST_STEP][PASSED] - println("Clicking " + myValue): null

25-01-2025T14:48:27 - [TEST_STEP][PASSED] - println("Clicking " + myValue): null

25-01-2025T14:48:27 - [TEST_STEP][PASSED] - click(myObj): null

25-01-2025T14:48:27 - [TEST_STEP][PASSED] - scrollToObject(object): null

25-01-2025T14:48:27 - [TEST_STEP][PASSED] - println("Converting " + object + " to web element"): null

25-01-2025T14:48:27 - [TEST_STEP][PASSED] - element = findWebElement(object, 1): null

25-01-2025T14:48:27 - [TEST_STEP][PASSED] - loc = element.getLocation(): null

25-01-2025T14:48:27 - [TEST_STEP][PASSED] - y = loc.getY(): null

25-01-2025T14:48:27 - [TEST_STEP][PASSED] - println("Y location is " + y): null

25-01-2025T14:48:27 - [TEST_STEP][PASSED] - top = getViewportTopPosition(): Current viewport's top (y) position is 0

25-01-2025T14:48:27 - [MESSAGE][PASSED] - Current viewport's top (y) position is 0

25-01-2025T14:48:27 - [TEST_STEP][PASSED] - println("Viewport top is " + top): null

25-01-2025T14:48:27 - [TEST_STEP][PASSED] - bottom = top + 600: null

25-01-2025T14:48:27 - [TEST_STEP][PASSED] - if (y - top < 150 || bottom - y < 10): null

25-01-2025T14:48:27 - [TEST_STEP][PASSED] - click(object): null

25-01-2025T14:48:27 - [MESSAGE][PASSED] - Object: '' is clicked on

25-01-2025T14:48:27 - [TEST_STEP][PASSED] - myValue = element.getAttribute("value"): null

25-01-2025T14:48:27 - [TEST_STEP][PASSED] - if (debug): null

25-01-2025T14:48:27 - [TEST_STEP][PASSED] - println("Element label is "" + myValue + """): null

25-01-2025T14:48:27 - [TEST_STEP][PASSED] - if (myValue.length() >= 4): null

25-01-2025T14:48:27 - [TEST_STEP][PASSED] - if (myValue.substring(0, 4) == "(!) "): null

25-01-2025T14:48:27 - [TEST_STEP][PASSED] - myObj = convertWebElementToTestObject(element): null

25-01-2025T14:48:27 - [TEST_STEP][PASSED] - myType = element.getAttribute("type"): null

25-01-2025T14:48:27 - [TEST_STEP][PASSED] - if (myValue in varParms[i]): null

25-01-2025T14:48:27 - [TEST_STEP][PASSED] - else: null

25-01-2025T14:48:27 - [TEST_STEP][PASSED] - inList = false: null

25-01-2025T14:48:27 - [TEST_STEP][PASSED] - if (myType == "checkbox"): null

25-01-2025T14:48:27 - [TEST_STEP][PASSED] - myStatus = element.isSelected(): null

25-01-2025T14:48:27 - [TEST_STEP][PASSED] - if (debug): null

25-01-2025T14:48:27 - [TEST_STEP][PASSED] - println("Label " + myValue + " checked status is " + myStatus + " and in list status is " + inList): null

25-01-2025T14:48:27 - [TEST_STEP][PASSED] - if (toggle && myStatus && inList): null

25-01-2025T14:48:27 - [TEST_STEP][PASSED] - if (!(myStatus) && inList || myStatus && !(inList)): null

25-01-2025T14:48:27 - [TEST_STEP][PASSED] - myValue = element.getAttribute("value"): null

25-01-2025T14:48:27 - [TEST_STEP][PASSED] - if (debug): null

25-01-2025T14:48:27 - [TEST_STEP][PASSED] - println("Element label is "" + myValue + """): null

25-01-2025T14:48:27 - [TEST_STEP][PASSED] - if (myValue.length() >= 4): null

25-01-2025T14:48:27 - [TEST_STEP][PASSED] - if (myValue.substring(0, 4) == "(!) "): null

25-01-2025T14:48:27 - [TEST_STEP][PASSED] - myObj = convertWebElementToTestObject(element): null

25-01-2025T14:48:27 - [TEST_STEP][PASSED] - myType = element.getAttribute("type"): null

25-01-2025T14:48:27 - [TEST_STEP][PASSED] - if (myValue in varParms[i]): null

25-01-2025T14:48:27 - [TEST_STEP][PASSED] - else: null

25-01-2025T14:48:27 - [TEST_STEP][PASSED] - inList = false: null

25-01-2025T14:48:27 - [TEST_STEP][PASSED] - if (myType == "checkbox"): null

25-01-2025T14:48:27 - [TEST_STEP][PASSED] - myStatus = element.isSelected(): null

25-01-2025T14:48:27 - [TEST_STEP][PASSED] - if (debug): null

25-01-2025T14:48:27 - [TEST_STEP][PASSED] - println("Label " + myValue + " checked status is " + myStatus + " and in list status is " + inList): null

25-01-2025T14:48:27 - [TEST_STEP][PASSED] - if (toggle && myStatus && inList): null

25-01-2025T14:48:27 - [TEST_STEP][PASSED] - if (!(myStatus) && inList || myStatus && !(inList)): null

25-01-2025T14:48:27 - [TEST_STEP][PASSED] - myValue = element.getAttribute("value"): null

25-01-2025T14:48:27 - [TEST_STEP][PASSED] - if (debug): null

25-01-2025T14:48:27 - [TEST_STEP][PASSED] - println("Element label is "" + myValue + """): null

25-01-2025T14:48:27 - [TEST_STEP][PASSED] - if (myValue.length() >= 4): null

25-01-2025T14:48:27 - [TEST_STEP][PASSED] - if (myValue.substring(0, 4) == "(!) "): null

25-01-2025T14:48:27 - [TEST_STEP][PASSED] - myObj = convertWebElementToTestObject(element): null

25-01-2025T14:48:27 - [TEST_STEP][PASSED] - myType = element.getAttribute("type"): null

25-01-2025T14:48:27 - [TEST_STEP][PASSED] - if (myValue in varParms[i]): null

25-01-2025T14:48:27 - [TEST_STEP][PASSED] - else: null

25-01-2025T14:48:27 - [TEST_STEP][PASSED] - inList = false: null

25-01-2025T14:48:27 - [TEST_STEP][PASSED] - if (myType == "checkbox"): null

25-01-2025T14:48:27 - [TEST_STEP][PASSED] - myStatus = element.isSelected(): null

25-01-2025T14:48:27 - [TEST_STEP][PASSED] - if (debug): null

25-01-2025T14:48:27 - [TEST_STEP][PASSED] - println("Label " + myValue + " checked status is " + myStatus + " and in list status is " + inList): null

25-01-2025T14:48:27 - [TEST_STEP][PASSED] - if (toggle && myStatus && inList): null

25-01-2025T14:48:27 - [TEST_STEP][PASSED] - if (!(myStatus) && inList || myStatus && !(inList)): null

25-01-2025T14:48:27 - [TEST_STEP][PASSED] - myValue = element.getAttribute("value"): null

25-01-2025T14:48:27 - [TEST_STEP][PASSED] - if (debug): null

25-01-2025T14:48:27 - [TEST_STEP][PASSED] - println("Element label is "" + myValue + """): null

25-01-2025T14:48:27 - [TEST_STEP][PASSED] - if (myValue.length() >= 4): null

25-01-2025T14:48:27 - [TEST_STEP][PASSED] - if (myValue.substring(0, 4) == "(!) "): null

25-01-2025T14:48:27 - [TEST_STEP][PASSED] - myObj = convertWebElementToTestObject(element): null

25-01-2025T14:48:27 - [TEST_STEP][PASSED] - myType = element.getAttribute("type"): null

25-01-2025T14:48:27 - [TEST_STEP][PASSED] - if (myValue in varParms[i]): null

25-01-2025T14:48:27 - [TEST_STEP][PASSED] - else: null

25-01-2025T14:48:27 - [TEST_STEP][PASSED] - inList = false: null

25-01-2025T14:48:27 - [TEST_STEP][PASSED] - if (myType == "checkbox"): null

25-01-2025T14:48:27 - [TEST_STEP][PASSED] - myStatus = element.isSelected(): null

25-01-2025T14:48:27 - [TEST_STEP][PASSED] - if (debug): null

25-01-2025T14:48:27 - [TEST_STEP][PASSED] - println("Label " + myValue + " checked status is " + myStatus + " and in list status is " + inList): null

25-01-2025T14:48:27 - [TEST_STEP][PASSED] - if (toggle && myStatus && inList): null

25-01-2025T14:48:27 - [TEST_STEP][PASSED] - if (!(myStatus) && inList || myStatus && !(inList)): null

25-01-2025T14:48:27 - [TEST_STEP][PASSED] - myValue = element.getAttribute("value"): null

25-01-2025T14:48:27 - [TEST_STEP][PASSED] - if (debug): null

25-01-2025T14:48:27 - [TEST_STEP][PASSED] - println("Element label is "" + myValue + """): null

25-01-2025T14:48:27 - [TEST_STEP][PASSED] - if (myValue.length() >= 4): null

25-01-2025T14:48:27 - [TEST_STEP][PASSED] - if (myValue.substring(0, 4) == "(!) "): null

25-01-2025T14:48:27 - [TEST_STEP][PASSED] - myObj = convertWebElementToTestObject(element): null

25-01-2025T14:48:27 - [TEST_STEP][PASSED] - myType = element.getAttribute("type"): null

25-01-2025T14:48:27 - [TEST_STEP][PASSED] - if (myValue in varParms[i]): null

25-01-2025T14:48:27 - [TEST_STEP][PASSED] - else: null

25-01-2025T14:48:27 - [TEST_STEP][PASSED] - inList = false: null

25-01-2025T14:48:27 - [TEST_STEP][PASSED] - if (myType == "checkbox"): null

25-01-2025T14:48:27 - [TEST_STEP][PASSED] - myStatus = element.isSelected(): null

25-01-2025T14:48:27 - [TEST_STEP][PASSED] - if (debug): null

25-01-2025T14:48:27 - [TEST_STEP][PASSED] - println("Label " + myValue + " checked status is " + myStatus + " and in list status is " + inList): null

25-01-2025T14:48:27 - [TEST_STEP][PASSED] - if (toggle && myStatus && inList): null

25-01-2025T14:48:27 - [TEST_STEP][PASSED] - if (!(myStatus) && inList || myStatus && !(inList)): null

25-01-2025T14:48:27 - [TEST_STEP][PASSED] - myValue = element.getAttribute("value"): null

25-01-2025T14:48:27 - [TEST_STEP][PASSED] - if (debug): null

25-01-2025T14:48:27 - [TEST_STEP][PASSED] - println("Element label is "" + myValue + """): null

25-01-2025T14:48:27 - [TEST_STEP][PASSED] - if (myValue.length() >= 4): null

25-01-2025T14:48:27 - [TEST_STEP][PASSED] - if (myValue.substring(0, 4) == "(!) "): null

25-01-2025T14:48:27 - [TEST_STEP][PASSED] - myObj = convertWebElementToTestObject(element): null

25-01-2025T14:48:27 - [TEST_STEP][PASSED] - myType = element.getAttribute("type"): null

25-01-2025T14:48:27 - [TEST_STEP][PASSED] - if (myValue in varParms[i]): null

25-01-2025T14:48:27 - [TEST_STEP][PASSED] - else: null

25-01-2025T14:48:27 - [TEST_STEP][PASSED] - inList = false: null

25-01-2025T14:48:27 - [TEST_STEP][PASSED] - if (myType == "checkbox"): null

25-01-2025T14:48:27 - [TEST_STEP][PASSED] - myStatus = element.isSelected(): null

25-01-2025T14:48:27 - [TEST_STEP][PASSED] - if (debug): null

25-01-2025T14:48:27 - [TEST_STEP][PASSED] - println("Label " + myValue + " checked status is " + myStatus + " and in list status is " + inList): null

25-01-2025T14:48:27 - [TEST_STEP][PASSED] - if (toggle && myStatus && inList): null

25-01-2025T14:48:27 - [TEST_STEP][PASSED] - if (!(myStatus) && inList || myStatus && !(inList)): null

25-01-2025T14:48:27 - [TEST_STEP][PASSED] - myValue = element.getAttribute("value"): null

25-01-2025T14:48:27 - [TEST_STEP][PASSED] - if (debug): null

25-01-2025T14:48:27 - [TEST_STEP][PASSED] - println("Element label is "" + myValue + """): null

25-01-2025T14:48:27 - [TEST_STEP][PASSED] - if (myValue.length() >= 4): null

25-01-2025T14:48:27 - [TEST_STEP][PASSED] - if (myValue.substring(0, 4) == "(!) "): null

25-01-2025T14:48:27 - [TEST_STEP][PASSED] - myObj = convertWebElementToTestObject(element): null

25-01-2025T14:48:27 - [TEST_STEP][PASSED] - myType = element.getAttribute("type"): null

25-01-2025T14:48:27 - [TEST_STEP][PASSED] - if (myValue in varParms[i]): null

25-01-2025T14:48:27 - [TEST_STEP][PASSED] - else: null

25-01-2025T14:48:27 - [TEST_STEP][PASSED] - inList = false: null

25-01-2025T14:48:27 - [TEST_STEP][PASSED] - if (myType == "checkbox"): null

25-01-2025T14:48:27 - [TEST_STEP][PASSED] - myStatus = element.isSelected(): null

25-01-2025T14:48:27 - [TEST_STEP][PASSED] - if (debug): null

25-01-2025T14:48:27 - [TEST_STEP][PASSED] - println("Label " + myValue + " checked status is " + myStatus + " and in list status is " + inList): null

25-01-2025T14:48:27 - [TEST_STEP][PASSED] - if (toggle && myStatus && inList): null

25-01-2025T14:48:27 - [TEST_STEP][PASSED] - if (!(myStatus) && inList || myStatus && !(inList)): null

25-01-2025T14:48:27 - [TEST_STEP][PASSED] - myValue = element.getAttribute("value"): null

25-01-2025T14:48:27 - [TEST_STEP][PASSED] - if (debug): null

25-01-2025T14:48:27 - [TEST_STEP][PASSED] - println("Element label is "" + myValue + """): null

25-01-2025T14:48:27 - [TEST_STEP][PASSED] - if (myValue.length() >= 4): null

25-01-2025T14:48:27 - [TEST_STEP][PASSED] - if (myValue.substring(0, 4) == "(!) "): null

25-01-2025T14:48:27 - [TEST_STEP][PASSED] - myObj = convertWebElementToTestObject(element): null

25-01-2025T14:48:27 - [TEST_STEP][PASSED] - myType = element.getAttribute("type"): null

25-01-2025T14:48:27 - [TEST_STEP][PASSED] - if (myValue in varParms[i]): null

25-01-2025T14:48:27 - [TEST_STEP][PASSED] - else: null

25-01-2025T14:48:27 - [TEST_STEP][PASSED] - inList = false: null

25-01-2025T14:48:27 - [TEST_STEP][PASSED] - if (myType == "checkbox"): null

25-01-2025T14:48:27 - [TEST_STEP][PASSED] - myStatus = element.isSelected(): null

25-01-2025T14:48:27 - [TEST_STEP][PASSED] - if (debug): null

25-01-2025T14:48:27 - [TEST_STEP][PASSED] - println("Label " + myValue + " checked status is " + myStatus + " and in list status is " + inList): null

25-01-2025T14:48:27 - [TEST_STEP][PASSED] - if (toggle && myStatus && inList): null

25-01-2025T14:48:27 - [TEST_STEP][PASSED] - if (!(myStatus) && inList || myStatus && !(inList)): null

25-01-2025T14:48:27 - [TEST_STEP][PASSED] - myValue = element.getAttribute("value"): null

25-01-2025T14:48:27 - [TEST_STEP][PASSED] - if (debug): null

25-01-2025T14:48:27 - [TEST_STEP][PASSED] - println("Element label is "" + myValue + """): null

25-01-2025T14:48:27 - [TEST_STEP][PASSED] - if (myValue.length() >= 4): null

25-01-2025T14:48:27 - [TEST_STEP][PASSED] - if (myValue.substring(0, 4) == "(!) "): null

25-01-2025T14:48:27 - [TEST_STEP][PASSED] - myObj = convertWebElementToTestObject(element): null

25-01-2025T14:48:27 - [TEST_STEP][PASSED] - myType = element.getAttribute("type"): null

25-01-2025T14:48:27 - [TEST_STEP][PASSED] - if (myValue in varParms[i]): null

25-01-2025T14:48:27 - [TEST_STEP][PASSED] - else: null

25-01-2025T14:48:27 - [TEST_STEP][PASSED] - inList = false: null

25-01-2025T14:48:27 - [TEST_STEP][PASSED] - if (myType == "checkbox"): null

25-01-2025T14:48:27 - [TEST_STEP][PASSED] - myStatus = element.isSelected(): null

25-01-2025T14:48:27 - [TEST_STEP][PASSED] - if (debug): null

25-01-2025T14:48:27 - [TEST_STEP][PASSED] - println("Label " + myValue + " checked status is " + myStatus + " and in list status is " + inList): null

25-01-2025T14:48:27 - [TEST_STEP][PASSED] - if (toggle && myStatus && inList): null

25-01-2025T14:48:27 - [TEST_STEP][PASSED] - if (!(myStatus) && inList || myStatus && !(inList)): null

25-01-2025T14:48:27 - [TEST_STEP][PASSED] - myValue = element.getAttribute("value"): null

25-01-2025T14:48:27 - [TEST_STEP][PASSED] - if (debug): null

25-01-2025T14:48:27 - [TEST_STEP][PASSED] - println("Element label is "" + myValue + """): null

25-01-2025T14:48:27 - [TEST_STEP][PASSED] - if (myValue.length() >= 4): null

25-01-2025T14:48:27 - [TEST_STEP][PASSED] - if (myValue.substring(0, 4) == "(!) "): null

25-01-2025T14:48:27 - [TEST_STEP][PASSED] - myObj = convertWebElementToTestObject(element): null

25-01-2025T14:48:27 - [TEST_STEP][PASSED] - myType = element.getAttribute("type"): null

25-01-2025T14:48:27 - [TEST_STEP][PASSED] - if (myValue in varParms[i]): null

25-01-2025T14:48:27 - [TEST_STEP][PASSED] - else: null

25-01-2025T14:48:27 - [TEST_STEP][PASSED] - inList = false: null

25-01-2025T14:48:27 - [TEST_STEP][PASSED] - if (myType == "checkbox"): null

25-01-2025T14:48:27 - [TEST_STEP][PASSED] - myStatus = element.isSelected(): null

25-01-2025T14:48:27 - [TEST_STEP][PASSED] - if (debug): null

25-01-2025T14:48:27 - [TEST_STEP][PASSED] - println("Label " + myValue + " checked status is " + myStatus + " and in list status is " + inList): null

25-01-2025T14:48:27 - [TEST_STEP][PASSED] - if (toggle && myStatus && inList): null

25-01-2025T14:48:27 - [TEST_STEP][PASSED] - if (!(myStatus) && inList || myStatus && !(inList)): null

25-01-2025T14:48:27 - [TEST_STEP][PASSED] - myValue = element.getAttribute("value"): null

25-01-2025T14:48:27 - [TEST_STEP][PASSED] - if (debug): null

25-01-2025T14:48:27 - [TEST_STEP][PASSED] - println("Element label is "" + myValue + """): null

25-01-2025T14:48:27 - [TEST_STEP][PASSED] - if (myValue.length() >= 4): null

25-01-2025T14:48:27 - [TEST_STEP][PASSED] - if (myValue.substring(0, 4) == "(!) "): null

25-01-2025T14:48:27 - [TEST_STEP][PASSED] - myObj = convertWebElementToTestObject(element): null

25-01-2025T14:48:27 - [TEST_STEP][PASSED] - myType = element.getAttribute("type"): null

25-01-2025T14:48:27 - [TEST_STEP][PASSED] - if (myValue in varParms[i]): null

25-01-2025T14:48:27 - [TEST_STEP][PASSED] - else: null

25-01-2025T14:48:27 - [TEST_STEP][PASSED] - inList = false: null

25-01-2025T14:48:27 - [TEST_STEP][PASSED] - if (myType == "checkbox"): null

25-01-2025T14:48:27 - [TEST_STEP][PASSED] - myStatus = element.isSelected(): null

25-01-2025T14:48:27 - [TEST_STEP][PASSED] - if (debug): null

25-01-2025T14:48:27 - [TEST_STEP][PASSED] - println("Label " + myValue + " checked status is " + myStatus + " and in list status is " + inList): null

25-01-2025T14:48:27 - [TEST_STEP][PASSED] - if (toggle && myStatus && inList): null

25-01-2025T14:48:27 - [TEST_STEP][PASSED] - if (!(myStatus) && inList || myStatus && !(inList)): null

25-01-2025T14:48:27 - [TEST_STEP][PASSED] - myValue = element.getAttribute("value"): null

25-01-2025T14:48:27 - [TEST_STEP][PASSED] - if (debug): null

25-01-2025T14:48:27 - [TEST_STEP][PASSED] - println("Element label is "" + myValue + """): null

25-01-2025T14:48:27 - [TEST_STEP][PASSED] - if (myValue.length() >= 4): null

25-01-2025T14:48:27 - [TEST_STEP][PASSED] - if (myValue.substring(0, 4) == "(!) "): null

25-01-2025T14:48:27 - [TEST_STEP][PASSED] - myObj = convertWebElementToTestObject(element): null

25-01-2025T14:48:27 - [TEST_STEP][PASSED] - myType = element.getAttribute("type"): null

25-01-2025T14:48:27 - [TEST_STEP][PASSED] - if (myValue in varParms[i]): null

25-01-2025T14:48:27 - [TEST_STEP][PASSED] - else: null

25-01-2025T14:48:27 - [TEST_STEP][PASSED] - inList = false: null

25-01-2025T14:48:27 - [TEST_STEP][PASSED] - if (myType == "checkbox"): null

25-01-2025T14:48:27 - [TEST_STEP][PASSED] - myStatus = element.isSelected(): null

25-01-2025T14:48:27 - [TEST_STEP][PASSED] - if (debug): null

25-01-2025T14:48:27 - [TEST_STEP][PASSED] - println("Label " + myValue + " checked status is " + myStatus + " and in list status is " + inList): null

25-01-2025T14:48:27 - [TEST_STEP][PASSED] - if (toggle && myStatus && inList): null

25-01-2025T14:48:27 - [TEST_STEP][PASSED] - if (!(myStatus) && inList || myStatus && !(inList)): null

25-01-2025T14:48:27 - [TEST_STEP][PASSED] - myValue = element.getAttribute("value"): null

25-01-2025T14:48:27 - [TEST_STEP][PASSED] - if (debug): null

25-01-2025T14:48:27 - [TEST_STEP][PASSED] - println("Element label is "" + myValue + """): null

25-01-2025T14:48:27 - [TEST_STEP][PASSED] - if (myValue.length() >= 4): null

25-01-2025T14:48:27 - [TEST_STEP][PASSED] - if (myValue.substring(0, 4) == "(!) "): null

25-01-2025T14:48:27 - [TEST_STEP][PASSED] - myObj = convertWebElementToTestObject(element): null

25-01-2025T14:48:27 - [TEST_STEP][PASSED] - myType = element.getAttribute("type"): null

25-01-2025T14:48:27 - [TEST_STEP][PASSED] - if (myValue in varParms[i]): null

25-01-2025T14:48:27 - [TEST_STEP][PASSED] - else: null

25-01-2025T14:48:27 - [TEST_STEP][PASSED] - inList = false: null

25-01-2025T14:48:27 - [TEST_STEP][PASSED] - if (myType == "checkbox"): null

25-01-2025T14:48:27 - [TEST_STEP][PASSED] - myStatus = element.isSelected(): null

25-01-2025T14:48:27 - [TEST_STEP][PASSED] - if (debug): null

25-01-2025T14:48:27 - [TEST_STEP][PASSED] - println("Label " + myValue + " checked status is " + myStatus + " and in list status is " + inList): null

25-01-2025T14:48:27 - [TEST_STEP][PASSED] - if (toggle && myStatus && inList): null

25-01-2025T14:48:27 - [TEST_STEP][PASSED] - if (!(myStatus) && inList || myStatus && !(inList)): null

25-01-2025T14:48:27 - [TEST_STEP][PASSED] - myValue = element.getAttribute("value"): null

25-01-2025T14:48:27 - [TEST_STEP][PASSED] - if (debug): null

25-01-2025T14:48:27 - [TEST_STEP][PASSED] - println("Element label is "" + myValue + """): null

25-01-2025T14:48:27 - [TEST_STEP][PASSED] - if (myValue.length() >= 4): null

25-01-2025T14:48:27 - [TEST_STEP][PASSED] - if (myValue.substring(0, 4) == "(!) "): null

25-01-2025T14:48:27 - [TEST_STEP][PASSED] - myObj = convertWebElementToTestObject(element): null

25-01-2025T14:48:27 - [TEST_STEP][PASSED] - myType = element.getAttribute("type"): null

25-01-2025T14:48:27 - [TEST_STEP][PASSED] - if (myValue in varParms[i]): null

25-01-2025T14:48:27 - [TEST_STEP][PASSED] - else: null

25-01-2025T14:48:27 - [TEST_STEP][PASSED] - inList = false: null

25-01-2025T14:48:27 - [TEST_STEP][PASSED] - if (myType == "checkbox"): null

25-01-2025T14:48:27 - [TEST_STEP][PASSED] - myStatus = element.isSelected(): null

25-01-2025T14:48:27 - [TEST_STEP][PASSED] - if (debug): null

25-01-2025T14:48:27 - [TEST_STEP][PASSED] - println("Label " + myValue + " checked status is " + myStatus + " and in list status is " + inList): null

25-01-2025T14:48:27 - [TEST_STEP][PASSED] - if (toggle && myStatus && inList): null

25-01-2025T14:48:27 - [TEST_STEP][PASSED] - if (!(myStatus) && inList || myStatus && !(inList)): null

25-01-2025T14:48:27 - [TEST_STEP][PASSED] - myValue = element.getAttribute("value"): null

25-01-2025T14:48:27 - [TEST_STEP][PASSED] - if (debug): null

25-01-2025T14:48:27 - [TEST_STEP][PASSED] - println("Element label is "" + myValue + """): null

25-01-2025T14:48:27 - [TEST_STEP][PASSED] - if (myValue.length() >= 4): null

25-01-2025T14:48:27 - [TEST_STEP][PASSED] - if (myValue.substring(0, 4) == "(!) "): null

25-01-2025T14:48:27 - [TEST_STEP][PASSED] - myObj = convertWebElementToTestObject(element): null

25-01-2025T14:48:27 - [TEST_STEP][PASSED] - myType = element.getAttribute("type"): null

25-01-2025T14:48:27 - [TEST_STEP][PASSED] - if (myValue in varParms[i]): null

25-01-2025T14:48:27 - [TEST_STEP][PASSED] - else: null

25-01-2025T14:48:27 - [TEST_STEP][PASSED] - inList = false: null

25-01-2025T14:48:27 - [TEST_STEP][PASSED] - if (myType == "checkbox"): null

25-01-2025T14:48:27 - [TEST_STEP][PASSED] - myStatus = element.isSelected(): null

25-01-2025T14:48:27 - [TEST_STEP][PASSED] - if (debug): null

25-01-2025T14:48:27 - [TEST_STEP][PASSED] - println("Label " + myValue + " checked status is " + myStatus + " and in list status is " + inList): null

25-01-2025T14:48:27 - [TEST_STEP][PASSED] - if (toggle && myStatus && inList): null

25-01-2025T14:48:27 - [TEST_STEP][PASSED] - if (!(myStatus) && inList || myStatus && !(inList)): null

25-01-2025T14:48:27 - [TEST_STEP][PASSED] - myValue = element.getAttribute("value"): null

25-01-2025T14:48:27 - [TEST_STEP][PASSED] - if (debug): null

25-01-2025T14:48:27 - [TEST_STEP][PASSED] - println("Element label is "" + myValue + """): null

25-01-2025T14:48:27 - [TEST_STEP][PASSED] - if (myValue.length() >= 4): null

25-01-2025T14:48:27 - [TEST_STEP][PASSED] - if (myValue.substring(0, 4) == "(!) "): null

25-01-2025T14:48:27 - [TEST_STEP][PASSED] - myObj = convertWebElementToTestObject(element): null

25-01-2025T14:48:27 - [TEST_STEP][PASSED] - myType = element.getAttribute("type"): null

25-01-2025T14:48:27 - [TEST_STEP][PASSED] - if (myValue in varParms[i]): null

25-01-2025T14:48:27 - [TEST_STEP][PASSED] - else: null

25-01-2025T14:48:27 - [TEST_STEP][PASSED] - inList = false: null

25-01-2025T14:48:27 - [TEST_STEP][PASSED] - if (myType == "checkbox"): null

25-01-2025T14:48:27 - [TEST_STEP][PASSED] - myStatus = element.isSelected(): null

25-01-2025T14:48:27 - [TEST_STEP][PASSED] - if (debug): null

25-01-2025T14:48:27 - [TEST_STEP][PASSED] - println("Label " + myValue + " checked status is " + myStatus + " and in list status is " + inList): null

25-01-2025T14:48:27 - [TEST_STEP][PASSED] - if (toggle && myStatus && inList): null

25-01-2025T14:48:27 - [TEST_STEP][PASSED] - if (!(myStatus) && inList || myStatus && !(inList)): null

25-01-2025T14:48:27 - [TEST_STEP][PASSED] - myValue = element.getAttribute("value"): null

25-01-2025T14:48:27 - [TEST_STEP][PASSED] - if (debug): null

25-01-2025T14:48:27 - [TEST_STEP][PASSED] - println("Element label is "" + myValue + """): null

25-01-2025T14:48:27 - [TEST_STEP][PASSED] - if (myValue.length() >= 4): null

25-01-2025T14:48:27 - [TEST_STEP][PASSED] - if (myValue.substring(0, 4) == "(!) "): null

25-01-2025T14:48:27 - [TEST_STEP][PASSED] - myObj = convertWebElementToTestObject(element): null

25-01-2025T14:48:27 - [TEST_STEP][PASSED] - myType = element.getAttribute("type"): null

25-01-2025T14:48:27 - [TEST_STEP][PASSED] - if (myValue in varParms[i]): null

25-01-2025T14:48:27 - [TEST_STEP][PASSED] - else: null

25-01-2025T14:48:27 - [TEST_STEP][PASSED] - inList = false: null

25-01-2025T14:48:27 - [TEST_STEP][PASSED] - if (myType == "checkbox"): null

25-01-2025T14:48:27 - [TEST_STEP][PASSED] - myStatus = element.isSelected(): null

25-01-2025T14:48:27 - [TEST_STEP][PASSED] - if (debug): null

25-01-2025T14:48:27 - [TEST_STEP][PASSED] - println("Label " + myValue + " checked status is " + myStatus + " and in list status is " + inList): null

25-01-2025T14:48:27 - [TEST_STEP][PASSED] - if (toggle && myStatus && inList): null

25-01-2025T14:48:27 - [TEST_STEP][PASSED] - if (!(myStatus) && inList || myStatus && !(inList)): null

25-01-2025T14:48:27 - [TEST_STEP][PASSED] - myValue = element.getAttribute("value"): null

25-01-2025T14:48:27 - [TEST_STEP][PASSED] - if (debug): null

25-01-2025T14:48:27 - [TEST_STEP][PASSED] - println("Element label is "" + myValue + """): null

25-01-2025T14:48:27 - [TEST_STEP][PASSED] - if (myValue.length() >= 4): null

25-01-2025T14:48:27 - [TEST_STEP][PASSED] - if (myValue.substring(0, 4) == "(!) "): null

25-01-2025T14:48:27 - [TEST_STEP][PASSED] - myObj = convertWebElementToTestObject(element): null

25-01-2025T14:48:27 - [TEST_STEP][PASSED] - myType = element.getAttribute("type"): null

25-01-2025T14:48:27 - [TEST_STEP][PASSED] - if (myValue in varParms[i]): null

25-01-2025T14:48:27 - [TEST_STEP][PASSED] - else: null

25-01-2025T14:48:27 - [TEST_STEP][PASSED] - inList = false: null

25-01-2025T14:48:27 - [TEST_STEP][PASSED] - if (myType == "checkbox"): null

25-01-2025T14:48:27 - [TEST_STEP][PASSED] - myStatus = element.isSelected(): null

25-01-2025T14:48:27 - [TEST_STEP][PASSED] - if (debug): null

25-01-2025T14:48:27 - [TEST_STEP][PASSED] - println("Label " + myValue + " checked status is " + myStatus + " and in list status is " + inList): null

25-01-2025T14:48:27 - [TEST_STEP][PASSED] - if (toggle && myStatus && inList): null

25-01-2025T14:48:27 - [TEST_STEP][PASSED] - if (!(myStatus) && inList || myStatus && !(inList)): null

25-01-2025T14:48:27 - [TEST_STEP][PASSED] - myValue = element.getAttribute("value"): null

25-01-2025T14:48:27 - [TEST_STEP][PASSED] - if (debug): null

25-01-2025T14:48:27 - [TEST_STEP][PASSED] - println("Element label is "" + myValue + """): null

25-01-2025T14:48:27 - [TEST_STEP][PASSED] - if (myValue.length() >= 4): null

25-01-2025T14:48:27 - [TEST_STEP][PASSED] - if (myValue.substring(0, 4) == "(!) "): null

25-01-2025T14:48:27 - [TEST_STEP][PASSED] - myObj = convertWebElementToTestObject(element): null

25-01-2025T14:48:27 - [TEST_STEP][PASSED] - myType = element.getAttribute("type"): null

25-01-2025T14:48:27 - [TEST_STEP][PASSED] - if (myValue in varParms[i]): null

25-01-2025T14:48:27 - [TEST_STEP][PASSED] - else: null

25-01-2025T14:48:27 - [TEST_STEP][PASSED] - inList = false: null

25-01-2025T14:48:27 - [TEST_STEP][PASSED] - if (myType == "checkbox"): null

25-01-2025T14:48:27 - [TEST_STEP][PASSED] - myStatus = element.isSelected(): null

25-01-2025T14:48:27 - [TEST_STEP][PASSED] - if (debug): null

25-01-2025T14:48:27 - [TEST_STEP][PASSED] - println("Label " + myValue + " checked status is " + myStatus + " and in list status is " + inList): null

25-01-2025T14:48:27 - [TEST_STEP][PASSED] - if (toggle && myStatus && inList): null

25-01-2025T14:48:27 - [TEST_STEP][PASSED] - if (!(myStatus) && inList || myStatus && !(inList)): null

25-01-2025T14:48:27 - [TEST_STEP][PASSED] - myValue = element.getAttribute("value"): null

25-01-2025T14:48:27 - [TEST_STEP][PASSED] - if (debug): null

25-01-2025T14:48:27 - [TEST_STEP][PASSED] - println("Element label is "" + myValue + """): null

25-01-2025T14:48:27 - [TEST_STEP][PASSED] - if (myValue.length() >= 4): null

25-01-2025T14:48:27 - [TEST_STEP][PASSED] - if (myValue.substring(0, 4) == "(!) "): null

25-01-2025T14:48:27 - [TEST_STEP][PASSED] - myObj = convertWebElementToTestObject(element): null

25-01-2025T14:48:27 - [TEST_STEP][PASSED] - myType = element.getAttribute("type"): null

25-01-2025T14:48:27 - [TEST_STEP][PASSED] - if (myValue in varParms[i]): null

25-01-2025T14:48:27 - [TEST_STEP][PASSED] - else: null

25-01-2025T14:48:27 - [TEST_STEP][PASSED] - inList = false: null

25-01-2025T14:48:27 - [TEST_STEP][PASSED] - if (myType == "checkbox"): null

25-01-2025T14:48:27 - [TEST_STEP][PASSED] - myStatus = element.isSelected(): null

25-01-2025T14:48:27 - [TEST_STEP][PASSED] - if (debug): null

25-01-2025T14:48:27 - [TEST_STEP][PASSED] - println("Label " + myValue + " checked status is " + myStatus + " and in list status is " + inList): null

25-01-2025T14:48:27 - [TEST_STEP][PASSED] - if (toggle && myStatus && inList): null

25-01-2025T14:48:27 - [TEST_STEP][PASSED] - if (!(myStatus) && inList || myStatus && !(inList)): null

25-01-2025T14:48:27 - [TEST_STEP][PASSED] - myValue = element.getAttribute("value"): null

25-01-2025T14:48:27 - [TEST_STEP][PASSED] - if (debug): null

25-01-2025T14:48:27 - [TEST_STEP][PASSED] - println("Element label is "" + myValue + """): null

25-01-2025T14:48:27 - [TEST_STEP][PASSED] - if (myValue.length() >= 4): null

25-01-2025T14:48:27 - [TEST_STEP][PASSED] - if (myValue.substring(0, 4) == "(!) "): null

25-01-2025T14:48:27 - [TEST_STEP][PASSED] - myObj = convertWebElementToTestObject(element): null

25-01-2025T14:48:27 - [TEST_STEP][PASSED] - myType = element.getAttribute("type"): null

25-01-2025T14:48:27 - [TEST_STEP][PASSED] - if (myValue in varParms[i]): null

25-01-2025T14:48:27 - [TEST_STEP][PASSED] - else: null

25-01-2025T14:48:27 - [TEST_STEP][PASSED] - inList = false: null

25-01-2025T14:48:27 - [TEST_STEP][PASSED] - if (myType == "checkbox"): null

25-01-2025T14:48:27 - [TEST_STEP][PASSED] - myStatus = element.isSelected(): null

25-01-2025T14:48:27 - [TEST_STEP][PASSED] - if (debug): null

25-01-2025T14:48:27 - [TEST_STEP][PASSED] - println("Label " + myValue + " checked status is " + myStatus + " and in list status is " + inList): null

25-01-2025T14:48:27 - [TEST_STEP][PASSED] - if (toggle && myStatus && inList): null

25-01-2025T14:48:27 - [TEST_STEP][PASSED] - if (!(myStatus) && inList || myStatus && !(inList)): null

25-01-2025T14:48:27 - [TEST_STEP][PASSED] - myValue = element.getAttribute("value"): null

25-01-2025T14:48:27 - [TEST_STEP][PASSED] - if (debug): null

25-01-2025T14:48:27 - [TEST_STEP][PASSED] - println("Element label is "" + myValue + """): null

25-01-2025T14:48:27 - [TEST_STEP][PASSED] - if (myValue.length() >= 4): null

25-01-2025T14:48:27 - [TEST_STEP][PASSED] - if (myValue.substring(0, 4) == "(!) "): null

25-01-2025T14:48:27 - [TEST_STEP][PASSED] - myObj = convertWebElementToTestObject(element): null

25-01-2025T14:48:27 - [TEST_STEP][PASSED] - myType = element.getAttribute("type"): null

25-01-2025T14:48:27 - [TEST_STEP][PASSED] - if (myValue in varParms[i]): null

25-01-2025T14:48:27 - [TEST_STEP][PASSED] - else: null

25-01-2025T14:48:27 - [TEST_STEP][PASSED] - inList = false: null

25-01-2025T14:48:27 - [TEST_STEP][PASSED] - if (myType == "checkbox"): null

25-01-2025T14:48:27 - [TEST_STEP][PASSED] - myStatus = element.isSelected(): null

25-01-2025T14:48:29 - [TEST_STEP][PASSED] - if (debug): null

25-01-2025T14:48:29 - [TEST_STEP][PASSED] - println("Label " + myValue + " checked status is " + myStatus + " and in list status is " + inList): null

25-01-2025T14:48:29 - [TEST_STEP][PASSED] - if (toggle && myStatus && inList): null

25-01-2025T14:48:29 - [TEST_STEP][PASSED] - if (!(myStatus) && inList || myStatus && !(inList)): null

25-01-2025T14:48:29 - [TEST_STEP][PASSED] - myValue = element.getAttribute("value"): null

25-01-2025T14:48:29 - [TEST_STEP][PASSED] - if (debug): null

25-01-2025T14:48:29 - [TEST_STEP][PASSED] - println("Element label is "" + myValue + """): null

25-01-2025T14:48:29 - [TEST_STEP][PASSED] - if (myValue.length() >= 4): null

25-01-2025T14:48:29 - [TEST_STEP][PASSED] - if (myValue.substring(0, 4) == "(!) "): null

25-01-2025T14:48:29 - [TEST_STEP][PASSED] - myObj = convertWebElementToTestObject(element): null

25-01-2025T14:48:29 - [TEST_STEP][PASSED] - myType = element.getAttribute("type"): null

25-01-2025T14:48:29 - [TEST_STEP][PASSED] - if (myValue in varParms[i]): null

25-01-2025T14:48:29 - [TEST_STEP][PASSED] - else: null

25-01-2025T14:48:29 - [TEST_STEP][PASSED] - inList = false: null

25-01-2025T14:48:29 - [TEST_STEP][PASSED] - if (myType == "checkbox"): null

25-01-2025T14:48:29 - [TEST_STEP][PASSED] - myStatus = element.isSelected(): null

25-01-2025T14:48:29 - [TEST_STEP][PASSED] - if (debug): null

25-01-2025T14:48:29 - [TEST_STEP][PASSED] - println("Label " + myValue + " checked status is " + myStatus + " and in list status is " + inList): null

25-01-2025T14:48:29 - [TEST_STEP][PASSED] - if (toggle && myStatus && inList): null

25-01-2025T14:48:29 - [TEST_STEP][PASSED] - if (!(myStatus) && inList || myStatus && !(inList)): null

25-01-2025T14:48:29 - [TEST_STEP][PASSED] - myValue = element.getAttribute("value"): null

25-01-2025T14:48:29 - [TEST_STEP][PASSED] - if (debug): null

25-01-2025T14:48:29 - [TEST_STEP][PASSED] - println("Element label is "" + myValue + """): null

25-01-2025T14:48:29 - [TEST_STEP][PASSED] - if (myValue.length() >= 4): null

25-01-2025T14:48:29 - [TEST_STEP][PASSED] - if (myValue.substring(0, 4) == "(!) "): null

25-01-2025T14:48:29 - [TEST_STEP][PASSED] - myObj = convertWebElementToTestObject(element): null

25-01-2025T14:48:29 - [TEST_STEP][PASSED] - myType = element.getAttribute("type"): null

25-01-2025T14:48:29 - [TEST_STEP][PASSED] - if (myValue in varParms[i]): null

25-01-2025T14:48:29 - [TEST_STEP][PASSED] - inList = true: null

25-01-2025T14:48:29 - [TEST_STEP][PASSED] - if (myType == "checkbox"): null

25-01-2025T14:48:29 - [TEST_STEP][PASSED] - myStatus = element.isSelected(): null

25-01-2025T14:48:29 - [TEST_STEP][PASSED] - if (debug): null

25-01-2025T14:48:29 - [TEST_STEP][PASSED] - println("Label " + myValue + " checked status is " + myStatus + " and in list status is " + inList): null

25-01-2025T14:48:29 - [TEST_STEP][PASSED] - if (toggle && myStatus && inList): null

25-01-2025T14:48:29 - [TEST_STEP][PASSED] - if (!(myStatus) && inList || myStatus && !(inList)): null

25-01-2025T14:48:29 - [TEST_STEP][PASSED] - if (debug): null

25-01-2025T14:48:29 - [TEST_STEP][PASSED] - println("Clicking " + myValue): null

25-01-2025T14:48:29 - [TEST_STEP][PASSED] - println("Clicking " + myValue): null

25-01-2025T14:48:29 - [TEST_STEP][PASSED] - click(myObj): null

25-01-2025T14:48:29 - [TEST_STEP][PASSED] - scrollToObject(object): null

25-01-2025T14:48:29 - [TEST_STEP][PASSED] - println("Converting " + object + " to web element"): null

25-01-2025T14:48:29 - [TEST_STEP][PASSED] - element = findWebElement(object, 1): null

25-01-2025T14:48:29 - [TEST_STEP][PASSED] - loc = element.getLocation(): null

25-01-2025T14:48:29 - [TEST_STEP][PASSED] - y = loc.getY(): null

25-01-2025T14:48:29 - [TEST_STEP][PASSED] - println("Y location is " + y): null

25-01-2025T14:48:29 - [TEST_STEP][PASSED] - top = getViewportTopPosition(): Current viewport's top (y) position is 0

25-01-2025T14:48:29 - [MESSAGE][PASSED] - Current viewport's top (y) position is 0

25-01-2025T14:48:29 - [TEST_STEP][PASSED] - println("Viewport top is " + top): null

25-01-2025T14:48:29 - [TEST_STEP][PASSED] - bottom = top + 600: null

25-01-2025T14:48:29 - [TEST_STEP][PASSED] - if (y - top < 150 || bottom - y < 10): Delayed 1 second(s)

25-01-2025T14:48:29 - [TEST_STEP][PASSED] - scrollToPosition(0, y - 150): Browser is scrolled to position x = 0, y = 686

25-01-2025T14:48:29 - [MESSAGE][PASSED] - Browser is scrolled to position x = 0, y = 686

25-01-2025T14:48:29 - [TEST_STEP][PASSED] - delay(1): Delayed 1 second(s)

25-01-2025T14:48:30 - [MESSAGE][PASSED] - Delayed 1 second(s)

25-01-2025T14:48:30 - [TEST_STEP][PASSED] - click(object): null

25-01-2025T14:48:30 - [MESSAGE][PASSED] - Object: '' is clicked on

25-01-2025T14:48:30 - [TEST_STEP][PASSED] - myValue = element.getAttribute("value"): null

25-01-2025T14:48:30 - [TEST_STEP][PASSED] - if (debug): null

25-01-2025T14:48:30 - [TEST_STEP][PASSED] - println("Element label is "" + myValue + """): null

25-01-2025T14:48:30 - [TEST_STEP][PASSED] - if (myValue.length() >= 4): null

25-01-2025T14:48:30 - [TEST_STEP][PASSED] - if (myValue.substring(0, 4) == "(!) "): null

25-01-2025T14:48:30 - [TEST_STEP][PASSED] - myObj = convertWebElementToTestObject(element): null

25-01-2025T14:48:30 - [TEST_STEP][PASSED] - myType = element.getAttribute("type"): null

25-01-2025T14:48:30 - [TEST_STEP][PASSED] - if (myValue in varParms[i]): null

25-01-2025T14:48:30 - [TEST_STEP][PASSED] - else: null

25-01-2025T14:48:30 - [TEST_STEP][PASSED] - inList = false: null

25-01-2025T14:48:30 - [TEST_STEP][PASSED] - if (myType == "checkbox"): null

25-01-2025T14:48:30 - [TEST_STEP][PASSED] - myStatus = element.isSelected(): null

25-01-2025T14:48:30 - [TEST_STEP][PASSED] - if (debug): null

25-01-2025T14:48:30 - [TEST_STEP][PASSED] - println("Label " + myValue + " checked status is " + myStatus + " and in list status is " + inList): null

25-01-2025T14:48:30 - [TEST_STEP][PASSED] - if (toggle && myStatus && inList): null

25-01-2025T14:48:30 - [TEST_STEP][PASSED] - if (!(myStatus) && inList || myStatus && !(inList)): null

25-01-2025T14:48:30 - [TEST_STEP][PASSED] - myValue = element.getAttribute("value"): null

25-01-2025T14:48:30 - [TEST_STEP][PASSED] - if (debug): null

25-01-2025T14:48:30 - [TEST_STEP][PASSED] - println("Element label is "" + myValue + """): null

25-01-2025T14:48:30 - [TEST_STEP][PASSED] - if (myValue.length() >= 4): null

25-01-2025T14:48:30 - [TEST_STEP][PASSED] - if (myValue.substring(0, 4) == "(!) "): null

25-01-2025T14:48:30 - [TEST_STEP][PASSED] - myObj = convertWebElementToTestObject(element): null

25-01-2025T14:48:30 - [TEST_STEP][PASSED] - myType = element.getAttribute("type"): null

25-01-2025T14:48:30 - [TEST_STEP][PASSED] - if (myValue in varParms[i]): null

25-01-2025T14:48:30 - [TEST_STEP][PASSED] - else: null

25-01-2025T14:48:30 - [TEST_STEP][PASSED] - inList = false: null

25-01-2025T14:48:30 - [TEST_STEP][PASSED] - if (myType == "checkbox"): null

25-01-2025T14:48:30 - [TEST_STEP][PASSED] - myStatus = element.isSelected(): null

25-01-2025T14:48:30 - [TEST_STEP][PASSED] - if (debug): null

25-01-2025T14:48:30 - [TEST_STEP][PASSED] - println("Label " + myValue + " checked status is " + myStatus + " and in list status is " + inList): null

25-01-2025T14:48:30 - [TEST_STEP][PASSED] - if (toggle && myStatus && inList): null

25-01-2025T14:48:30 - [TEST_STEP][PASSED] - if (!(myStatus) && inList || myStatus && !(inList)): null

25-01-2025T14:48:30 - [TEST_STEP][PASSED] - myValue = element.getAttribute("value"): null

25-01-2025T14:48:30 - [TEST_STEP][PASSED] - if (debug): null

25-01-2025T14:48:30 - [TEST_STEP][PASSED] - println("Element label is "" + myValue + """): null

25-01-2025T14:48:30 - [TEST_STEP][PASSED] - if (myValue.length() >= 4): null

25-01-2025T14:48:30 - [TEST_STEP][PASSED] - if (myValue.substring(0, 4) == "(!) "): null

25-01-2025T14:48:30 - [TEST_STEP][PASSED] - myObj = convertWebElementToTestObject(element): null

25-01-2025T14:48:30 - [TEST_STEP][PASSED] - myType = element.getAttribute("type"): null

25-01-2025T14:48:30 - [TEST_STEP][PASSED] - if (myValue in varParms[i]): null

25-01-2025T14:48:30 - [TEST_STEP][PASSED] - else: null

25-01-2025T14:48:30 - [TEST_STEP][PASSED] - inList = false: null

25-01-2025T14:48:30 - [TEST_STEP][PASSED] - if (myType == "checkbox"): null

25-01-2025T14:48:30 - [TEST_STEP][PASSED] - myStatus = element.isSelected(): null

25-01-2025T14:48:30 - [TEST_STEP][PASSED] - if (debug): null

25-01-2025T14:48:30 - [TEST_STEP][PASSED] - println("Label " + myValue + " checked status is " + myStatus + " and in list status is " + inList): null

25-01-2025T14:48:30 - [TEST_STEP][PASSED] - if (toggle && myStatus && inList): null

25-01-2025T14:48:30 - [TEST_STEP][PASSED] - if (!(myStatus) && inList || myStatus && !(inList)): null

25-01-2025T14:48:30 - [TEST_STEP][PASSED] - myValue = element.getAttribute("value"): null

25-01-2025T14:48:30 - [TEST_STEP][PASSED] - if (debug): null

25-01-2025T14:48:30 - [TEST_STEP][PASSED] - println("Element label is "" + myValue + """): null

25-01-2025T14:48:30 - [TEST_STEP][PASSED] - if (myValue.length() >= 4): null

25-01-2025T14:48:30 - [TEST_STEP][PASSED] - if (myValue.substring(0, 4) == "(!) "): null

25-01-2025T14:48:30 - [TEST_STEP][PASSED] - myObj = convertWebElementToTestObject(element): null

25-01-2025T14:48:30 - [TEST_STEP][PASSED] - myType = element.getAttribute("type"): null

25-01-2025T14:48:30 - [TEST_STEP][PASSED] - if (myValue in varParms[i]): null

25-01-2025T14:48:30 - [TEST_STEP][PASSED] - else: null

25-01-2025T14:48:30 - [TEST_STEP][PASSED] - inList = false: null

25-01-2025T14:48:30 - [TEST_STEP][PASSED] - if (myType == "checkbox"): null

25-01-2025T14:48:30 - [TEST_STEP][PASSED] - myStatus = element.isSelected(): null

25-01-2025T14:48:30 - [TEST_STEP][PASSED] - if (debug): null

25-01-2025T14:48:30 - [TEST_STEP][PASSED] - println("Label " + myValue + " checked status is " + myStatus + " and in list status is " + inList): null

25-01-2025T14:48:30 - [TEST_STEP][PASSED] - if (toggle && myStatus && inList): null

25-01-2025T14:48:30 - [TEST_STEP][PASSED] - if (!(myStatus) && inList || myStatus && !(inList)): null

25-01-2025T14:48:30 - [TEST_STEP][PASSED] - myValue = element.getAttribute("value"): null

25-01-2025T14:48:30 - [TEST_STEP][PASSED] - if (debug): null

25-01-2025T14:48:30 - [TEST_STEP][PASSED] - println("Element label is "" + myValue + """): null

25-01-2025T14:48:30 - [TEST_STEP][PASSED] - if (myValue.length() >= 4): null

25-01-2025T14:48:30 - [TEST_STEP][PASSED] - if (myValue.substring(0, 4) == "(!) "): null

25-01-2025T14:48:30 - [TEST_STEP][PASSED] - myObj = convertWebElementToTestObject(element): null

25-01-2025T14:48:30 - [TEST_STEP][PASSED] - myType = element.getAttribute("type"): null

25-01-2025T14:48:30 - [TEST_STEP][PASSED] - if (myValue in varParms[i]): null

25-01-2025T14:48:30 - [TEST_STEP][PASSED] - else: null

25-01-2025T14:48:30 - [TEST_STEP][PASSED] - inList = false: null

25-01-2025T14:48:30 - [TEST_STEP][PASSED] - if (myType == "checkbox"): null

25-01-2025T14:48:30 - [TEST_STEP][PASSED] - myStatus = element.isSelected(): null

25-01-2025T14:48:30 - [TEST_STEP][PASSED] - if (debug): null

25-01-2025T14:48:30 - [TEST_STEP][PASSED] - println("Label " + myValue + " checked status is " + myStatus + " and in list status is " + inList): null

25-01-2025T14:48:30 - [TEST_STEP][PASSED] - if (toggle && myStatus && inList): null

25-01-2025T14:48:30 - [TEST_STEP][PASSED] - if (!(myStatus) && inList || myStatus && !(inList)): null

25-01-2025T14:48:30 - [TEST_STEP][PASSED] - myValue = element.getAttribute("value"): null

25-01-2025T14:48:30 - [TEST_STEP][PASSED] - if (debug): null

25-01-2025T14:48:30 - [TEST_STEP][PASSED] - println("Element label is "" + myValue + """): null

25-01-2025T14:48:30 - [TEST_STEP][PASSED] - if (myValue.length() >= 4): null

25-01-2025T14:48:30 - [TEST_STEP][PASSED] - if (myValue.substring(0, 4) == "(!) "): null

25-01-2025T14:48:30 - [TEST_STEP][PASSED] - myObj = convertWebElementToTestObject(element): null

25-01-2025T14:48:30 - [TEST_STEP][PASSED] - myType = element.getAttribute("type"): null

25-01-2025T14:48:30 - [TEST_STEP][PASSED] - if (myValue in varParms[i]): null

25-01-2025T14:48:30 - [TEST_STEP][PASSED] - else: null

25-01-2025T14:48:30 - [TEST_STEP][PASSED] - inList = false: null

25-01-2025T14:48:30 - [TEST_STEP][PASSED] - if (myType == "checkbox"): null

25-01-2025T14:48:30 - [TEST_STEP][PASSED] - myStatus = element.isSelected(): null

25-01-2025T14:48:30 - [TEST_STEP][PASSED] - if (debug): null

25-01-2025T14:48:30 - [TEST_STEP][PASSED] - println("Label " + myValue + " checked status is " + myStatus + " and in list status is " + inList): null

25-01-2025T14:48:30 - [TEST_STEP][PASSED] - if (toggle && myStatus && inList): null

25-01-2025T14:48:30 - [TEST_STEP][PASSED] - if (!(myStatus) && inList || myStatus && !(inList)): null

25-01-2025T14:48:30 - [TEST_STEP][PASSED] - myValue = element.getAttribute("value"): null

25-01-2025T14:48:30 - [TEST_STEP][PASSED] - if (debug): null

25-01-2025T14:48:30 - [TEST_STEP][PASSED] - println("Element label is "" + myValue + """): null

25-01-2025T14:48:30 - [TEST_STEP][PASSED] - if (myValue.length() >= 4): null

25-01-2025T14:48:30 - [TEST_STEP][PASSED] - if (myValue.substring(0, 4) == "(!) "): null

25-01-2025T14:48:30 - [TEST_STEP][PASSED] - myObj = convertWebElementToTestObject(element): null

25-01-2025T14:48:30 - [TEST_STEP][PASSED] - myType = element.getAttribute("type"): null

25-01-2025T14:48:30 - [TEST_STEP][PASSED] - if (myValue in varParms[i]): null

25-01-2025T14:48:30 - [TEST_STEP][PASSED] - else: null

25-01-2025T14:48:30 - [TEST_STEP][PASSED] - inList = false: null

25-01-2025T14:48:30 - [TEST_STEP][PASSED] - if (myType == "checkbox"): null

25-01-2025T14:48:30 - [TEST_STEP][PASSED] - myStatus = element.isSelected(): null

25-01-2025T14:48:30 - [TEST_STEP][PASSED] - if (debug): null

25-01-2025T14:48:30 - [TEST_STEP][PASSED] - println("Label " + myValue + " checked status is " + myStatus + " and in list status is " + inList): null

25-01-2025T14:48:30 - [TEST_STEP][PASSED] - if (toggle && myStatus && inList): null

25-01-2025T14:48:30 - [TEST_STEP][PASSED] - if (!(myStatus) && inList || myStatus && !(inList)): null

25-01-2025T14:48:30 - [TEST_STEP][PASSED] - myValue = element.getAttribute("value"): null

25-01-2025T14:48:30 - [TEST_STEP][PASSED] - if (debug): null

25-01-2025T14:48:30 - [TEST_STEP][PASSED] - println("Element label is "" + myValue + """): null

25-01-2025T14:48:30 - [TEST_STEP][PASSED] - if (myValue.length() >= 4): null

25-01-2025T14:48:30 - [TEST_STEP][PASSED] - if (myValue.substring(0, 4) == "(!) "): null

25-01-2025T14:48:30 - [TEST_STEP][PASSED] - myObj = convertWebElementToTestObject(element): null

25-01-2025T14:48:30 - [TEST_STEP][PASSED] - myType = element.getAttribute("type"): null

25-01-2025T14:48:30 - [TEST_STEP][PASSED] - if (myValue in varParms[i]): null

25-01-2025T14:48:30 - [TEST_STEP][PASSED] - else: null

25-01-2025T14:48:30 - [TEST_STEP][PASSED] - inList = false: null

25-01-2025T14:48:30 - [TEST_STEP][PASSED] - if (myType == "checkbox"): null

25-01-2025T14:48:30 - [TEST_STEP][PASSED] - myStatus = element.isSelected(): null

25-01-2025T14:48:30 - [TEST_STEP][PASSED] - if (debug): null

25-01-2025T14:48:30 - [TEST_STEP][PASSED] - println("Label " + myValue + " checked status is " + myStatus + " and in list status is " + inList): null

25-01-2025T14:48:30 - [TEST_STEP][PASSED] - if (toggle && myStatus && inList): null

25-01-2025T14:48:30 - [TEST_STEP][PASSED] - if (!(myStatus) && inList || myStatus && !(inList)): null

25-01-2025T14:48:30 - [TEST_STEP][PASSED] - myValue = element.getAttribute("value"): null

25-01-2025T14:48:30 - [TEST_STEP][PASSED] - if (debug): null

25-01-2025T14:48:30 - [TEST_STEP][PASSED] - println("Element label is "" + myValue + """): null

25-01-2025T14:48:30 - [TEST_STEP][PASSED] - if (myValue.length() >= 4): null

25-01-2025T14:48:30 - [TEST_STEP][PASSED] - if (myValue.substring(0, 4) == "(!) "): null

25-01-2025T14:48:30 - [TEST_STEP][PASSED] - myObj = convertWebElementToTestObject(element): null

25-01-2025T14:48:30 - [TEST_STEP][PASSED] - myType = element.getAttribute("type"): null

25-01-2025T14:48:30 - [TEST_STEP][PASSED] - if (myValue in varParms[i]): null

25-01-2025T14:48:30 - [TEST_STEP][PASSED] - else: null

25-01-2025T14:48:30 - [TEST_STEP][PASSED] - inList = false: null

25-01-2025T14:48:30 - [TEST_STEP][PASSED] - if (myType == "checkbox"): null

25-01-2025T14:48:30 - [TEST_STEP][PASSED] - myStatus = element.isSelected(): null

25-01-2025T14:48:30 - [TEST_STEP][PASSED] - if (debug): null

25-01-2025T14:48:30 - [TEST_STEP][PASSED] - println("Label " + myValue + " checked status is " + myStatus + " and in list status is " + inList): null

25-01-2025T14:48:30 - [TEST_STEP][PASSED] - if (toggle && myStatus && inList): null

25-01-2025T14:48:30 - [TEST_STEP][PASSED] - if (!(myStatus) && inList || myStatus && !(inList)): null

25-01-2025T14:48:30 - [TEST_STEP][PASSED] - myValue = element.getAttribute("value"): null

25-01-2025T14:48:30 - [TEST_STEP][PASSED] - if (debug): null

25-01-2025T14:48:30 - [TEST_STEP][PASSED] - println("Element label is "" + myValue + """): null

25-01-2025T14:48:30 - [TEST_STEP][PASSED] - if (myValue.length() >= 4): null

25-01-2025T14:48:30 - [TEST_STEP][PASSED] - if (myValue.substring(0, 4) == "(!) "): null

25-01-2025T14:48:30 - [TEST_STEP][PASSED] - myObj = convertWebElementToTestObject(element): null

25-01-2025T14:48:30 - [TEST_STEP][PASSED] - myType = element.getAttribute("type"): null

25-01-2025T14:48:30 - [TEST_STEP][PASSED] - if (myValue in varParms[i]): null

25-01-2025T14:48:30 - [TEST_STEP][PASSED] - else: null

25-01-2025T14:48:30 - [TEST_STEP][PASSED] - inList = false: null

25-01-2025T14:48:30 - [TEST_STEP][PASSED] - if (myType == "checkbox"): null

25-01-2025T14:48:30 - [TEST_STEP][PASSED] - myStatus = element.isSelected(): null

25-01-2025T14:48:30 - [TEST_STEP][PASSED] - if (debug): null

25-01-2025T14:48:30 - [TEST_STEP][PASSED] - println("Label " + myValue + " checked status is " + myStatus + " and in list status is " + inList): null

25-01-2025T14:48:30 - [TEST_STEP][PASSED] - if (toggle && myStatus && inList): null

25-01-2025T14:48:30 - [TEST_STEP][PASSED] - if (!(myStatus) && inList || myStatus && !(inList)): null

25-01-2025T14:48:30 - [TEST_STEP][PASSED] - myValue = element.getAttribute("value"): null

25-01-2025T14:48:30 - [TEST_STEP][PASSED] - if (debug): null

25-01-2025T14:48:30 - [TEST_STEP][PASSED] - println("Element label is "" + myValue + """): null

25-01-2025T14:48:30 - [TEST_STEP][PASSED] - if (myValue.length() >= 4): null

25-01-2025T14:48:30 - [TEST_STEP][PASSED] - if (myValue.substring(0, 4) == "(!) "): null

25-01-2025T14:48:30 - [TEST_STEP][PASSED] - myObj = convertWebElementToTestObject(element): null

25-01-2025T14:48:30 - [TEST_STEP][PASSED] - myType = element.getAttribute("type"): null

25-01-2025T14:48:30 - [TEST_STEP][PASSED] - if (myValue in varParms[i]): null

25-01-2025T14:48:30 - [TEST_STEP][PASSED] - else: null

25-01-2025T14:48:30 - [TEST_STEP][PASSED] - inList = false: null

25-01-2025T14:48:30 - [TEST_STEP][PASSED] - if (myType == "checkbox"): null

25-01-2025T14:48:30 - [TEST_STEP][PASSED] - myStatus = element.isSelected(): null

25-01-2025T14:48:30 - [TEST_STEP][PASSED] - if (debug): null

25-01-2025T14:48:30 - [TEST_STEP][PASSED] - println("Label " + myValue + " checked status is " + myStatus + " and in list status is " + inList): null

25-01-2025T14:48:30 - [TEST_STEP][PASSED] - if (toggle && myStatus && inList): null

25-01-2025T14:48:30 - [TEST_STEP][PASSED] - if (!(myStatus) && inList || myStatus && !(inList)): null

25-01-2025T14:48:30 - [TEST_STEP][PASSED] - myValue = element.getAttribute("value"): null

25-01-2025T14:48:30 - [TEST_STEP][PASSED] - if (debug): null

25-01-2025T14:48:30 - [TEST_STEP][PASSED] - println("Element label is "" + myValue + """): null

25-01-2025T14:48:30 - [TEST_STEP][PASSED] - if (myValue.length() >= 4): null

25-01-2025T14:48:30 - [TEST_STEP][PASSED] - if (myValue.substring(0, 4) == "(!) "): null

25-01-2025T14:48:30 - [TEST_STEP][PASSED] - myObj = convertWebElementToTestObject(element): null

25-01-2025T14:48:30 - [TEST_STEP][PASSED] - myType = element.getAttribute("type"): null

25-01-2025T14:48:30 - [TEST_STEP][PASSED] - if (myValue in varParms[i]): null

25-01-2025T14:48:30 - [TEST_STEP][PASSED] - else: null

25-01-2025T14:48:30 - [TEST_STEP][PASSED] - inList = false: null

25-01-2025T14:48:30 - [TEST_STEP][PASSED] - if (myType == "checkbox"): null

25-01-2025T14:48:30 - [TEST_STEP][PASSED] - myStatus = element.isSelected(): null

25-01-2025T14:48:30 - [TEST_STEP][PASSED] - if (debug): null

25-01-2025T14:48:30 - [TEST_STEP][PASSED] - println("Label " + myValue + " checked status is " + myStatus + " and in list status is " + inList): null

25-01-2025T14:48:30 - [TEST_STEP][PASSED] - if (toggle && myStatus && inList): null

25-01-2025T14:48:30 - [TEST_STEP][PASSED] - if (!(myStatus) && inList || myStatus && !(inList)): null

25-01-2025T14:48:30 - [TEST_STEP][PASSED] - myValue = element.getAttribute("value"): null

25-01-2025T14:48:30 - [TEST_STEP][PASSED] - if (debug): null

25-01-2025T14:48:30 - [TEST_STEP][PASSED] - println("Element label is "" + myValue + """): null

25-01-2025T14:48:30 - [TEST_STEP][PASSED] - if (myValue.length() >= 4): null

25-01-2025T14:48:30 - [TEST_STEP][PASSED] - if (myValue.substring(0, 4) == "(!) "): null

25-01-2025T14:48:30 - [TEST_STEP][PASSED] - myObj = convertWebElementToTestObject(element): null

25-01-2025T14:48:30 - [TEST_STEP][PASSED] - myType = element.getAttribute("type"): null

25-01-2025T14:48:30 - [TEST_STEP][PASSED] - if (myValue in varParms[i]): null

25-01-2025T14:48:30 - [TEST_STEP][PASSED] - else: null

25-01-2025T14:48:30 - [TEST_STEP][PASSED] - inList = false: null

25-01-2025T14:48:30 - [TEST_STEP][PASSED] - if (myType == "checkbox"): null

25-01-2025T14:48:30 - [TEST_STEP][PASSED] - myStatus = element.isSelected(): null

25-01-2025T14:48:30 - [TEST_STEP][PASSED] - if (debug): null

25-01-2025T14:48:30 - [TEST_STEP][PASSED] - println("Label " + myValue + " checked status is " + myStatus + " and in list status is " + inList): null

25-01-2025T14:48:30 - [TEST_STEP][PASSED] - if (toggle && myStatus && inList): null

25-01-2025T14:48:30 - [TEST_STEP][PASSED] - if (!(myStatus) && inList || myStatus && !(inList)): null

25-01-2025T14:48:30 - [TEST_STEP][PASSED] - myValue = element.getAttribute("value"): null

25-01-2025T14:48:30 - [TEST_STEP][PASSED] - if (debug): null

25-01-2025T14:48:30 - [TEST_STEP][PASSED] - println("Element label is "" + myValue + """): null

25-01-2025T14:48:30 - [TEST_STEP][PASSED] - if (myValue.length() >= 4): null

25-01-2025T14:48:30 - [TEST_STEP][PASSED] - if (myValue.substring(0, 4) == "(!) "): null

25-01-2025T14:48:30 - [TEST_STEP][PASSED] - myObj = convertWebElementToTestObject(element): null

25-01-2025T14:48:30 - [TEST_STEP][PASSED] - myType = element.getAttribute("type"): null

25-01-2025T14:48:30 - [TEST_STEP][PASSED] - if (myValue in varParms[i]): null

25-01-2025T14:48:30 - [TEST_STEP][PASSED] - else: null

25-01-2025T14:48:30 - [TEST_STEP][PASSED] - inList = false: null

25-01-2025T14:48:30 - [TEST_STEP][PASSED] - if (myType == "checkbox"): null

25-01-2025T14:48:30 - [TEST_STEP][PASSED] - myStatus = element.isSelected(): null

25-01-2025T14:48:30 - [TEST_STEP][PASSED] - if (debug): null

25-01-2025T14:48:30 - [TEST_STEP][PASSED] - println("Label " + myValue + " checked status is " + myStatus + " and in list status is " + inList): null

25-01-2025T14:48:30 - [TEST_STEP][PASSED] - if (toggle && myStatus && inList): null

25-01-2025T14:48:30 - [TEST_STEP][PASSED] - if (!(myStatus) && inList || myStatus && !(inList)): null

25-01-2025T14:48:30 - [TEST_STEP][PASSED] - myValue = element.getAttribute("value"): null

25-01-2025T14:48:30 - [TEST_STEP][PASSED] - if (debug): null

25-01-2025T14:48:30 - [TEST_STEP][PASSED] - println("Element label is "" + myValue + """): null

25-01-2025T14:48:30 - [TEST_STEP][PASSED] - if (myValue.length() >= 4): null

25-01-2025T14:48:30 - [TEST_STEP][PASSED] - if (myValue.substring(0, 4) == "(!) "): null

25-01-2025T14:48:30 - [TEST_STEP][PASSED] - myObj = convertWebElementToTestObject(element): null

25-01-2025T14:48:30 - [TEST_STEP][PASSED] - myType = element.getAttribute("type"): null

25-01-2025T14:48:30 - [TEST_STEP][PASSED] - if (myValue in varParms[i]): null

25-01-2025T14:48:30 - [TEST_STEP][PASSED] - else: null

25-01-2025T14:48:30 - [TEST_STEP][PASSED] - inList = false: null

25-01-2025T14:48:30 - [TEST_STEP][PASSED] - if (myType == "checkbox"): null

25-01-2025T14:48:30 - [TEST_STEP][PASSED] - myStatus = element.isSelected(): null

25-01-2025T14:48:30 - [TEST_STEP][PASSED] - if (debug): null

25-01-2025T14:48:30 - [TEST_STEP][PASSED] - println("Label " + myValue + " checked status is " + myStatus + " and in list status is " + inList): null

25-01-2025T14:48:30 - [TEST_STEP][PASSED] - if (toggle && myStatus && inList): null

25-01-2025T14:48:30 - [TEST_STEP][PASSED] - if (!(myStatus) && inList || myStatus && !(inList)): null

25-01-2025T14:48:30 - [TEST_STEP][PASSED] - myValue = element.getAttribute("value"): null

25-01-2025T14:48:30 - [TEST_STEP][PASSED] - if (debug): null

25-01-2025T14:48:30 - [TEST_STEP][PASSED] - println("Element label is "" + myValue + """): null

25-01-2025T14:48:30 - [TEST_STEP][PASSED] - if (myValue.length() >= 4): null

25-01-2025T14:48:30 - [TEST_STEP][PASSED] - if (myValue.substring(0, 4) == "(!) "): null

25-01-2025T14:48:30 - [TEST_STEP][PASSED] - myObj = convertWebElementToTestObject(element): null

25-01-2025T14:48:30 - [TEST_STEP][PASSED] - myType = element.getAttribute("type"): null

25-01-2025T14:48:30 - [TEST_STEP][PASSED] - if (myValue in varParms[i]): null

25-01-2025T14:48:30 - [TEST_STEP][PASSED] - else: null

25-01-2025T14:48:30 - [TEST_STEP][PASSED] - inList = false: null

25-01-2025T14:48:30 - [TEST_STEP][PASSED] - if (myType == "checkbox"): null

25-01-2025T14:48:30 - [TEST_STEP][PASSED] - myStatus = element.isSelected(): null

25-01-2025T14:48:30 - [TEST_STEP][PASSED] - if (debug): null

25-01-2025T14:48:30 - [TEST_STEP][PASSED] - println("Label " + myValue + " checked status is " + myStatus + " and in list status is " + inList): null

25-01-2025T14:48:30 - [TEST_STEP][PASSED] - if (toggle && myStatus && inList): null

25-01-2025T14:48:30 - [TEST_STEP][PASSED] - if (!(myStatus) && inList || myStatus && !(inList)): null

25-01-2025T14:48:33 - [TEST_STEP][PASSED] - myValue = element.getAttribute("value"): null

25-01-2025T14:48:33 - [TEST_STEP][PASSED] - if (debug): null

25-01-2025T14:48:33 - [TEST_STEP][PASSED] - println("Element label is "" + myValue + """): null

25-01-2025T14:48:33 - [TEST_STEP][PASSED] - if (myValue.length() >= 4): null

25-01-2025T14:48:33 - [TEST_STEP][PASSED] - if (myValue.substring(0, 4) == "(!) "): null

25-01-2025T14:48:33 - [TEST_STEP][PASSED] - myObj = convertWebElementToTestObject(element): null

25-01-2025T14:48:33 - [TEST_STEP][PASSED] - myType = element.getAttribute("type"): null

25-01-2025T14:48:33 - [TEST_STEP][PASSED] - if (myValue in varParms[i]): null

25-01-2025T14:48:33 - [TEST_STEP][PASSED] - else: null

25-01-2025T14:48:33 - [TEST_STEP][PASSED] - inList = false: null

25-01-2025T14:48:33 - [TEST_STEP][PASSED] - if (myType == "checkbox"): null

25-01-2025T14:48:33 - [TEST_STEP][PASSED] - myStatus = element.isSelected(): null

25-01-2025T14:48:33 - [TEST_STEP][PASSED] - if (debug): null

25-01-2025T14:48:33 - [TEST_STEP][PASSED] - println("Label " + myValue + " checked status is " + myStatus + " and in list status is " + inList): null

25-01-2025T14:48:33 - [TEST_STEP][PASSED] - if (toggle && myStatus && inList): null

25-01-2025T14:48:33 - [TEST_STEP][PASSED] - if (!(myStatus) && inList || myStatus && !(inList)): null

25-01-2025T14:48:33 - [TEST_STEP][PASSED] - myValue = element.getAttribute("value"): null

25-01-2025T14:48:33 - [TEST_STEP][PASSED] - if (debug): null

25-01-2025T14:48:33 - [TEST_STEP][PASSED] - println("Element label is "" + myValue + """): null

25-01-2025T14:48:33 - [TEST_STEP][PASSED] - if (myValue.length() >= 4): null

25-01-2025T14:48:33 - [TEST_STEP][PASSED] - if (myValue.substring(0, 4) == "(!) "): null

25-01-2025T14:48:33 - [TEST_STEP][PASSED] - myObj = convertWebElementToTestObject(element): null

25-01-2025T14:48:33 - [TEST_STEP][PASSED] - myType = element.getAttribute("type"): null

25-01-2025T14:48:33 - [TEST_STEP][PASSED] - if (myValue in varParms[i]): null

25-01-2025T14:48:33 - [TEST_STEP][PASSED] - else: null

25-01-2025T14:48:33 - [TEST_STEP][PASSED] - inList = false: null

25-01-2025T14:48:33 - [TEST_STEP][PASSED] - if (myType == "checkbox"): null

25-01-2025T14:48:33 - [TEST_STEP][PASSED] - myStatus = element.isSelected(): null

25-01-2025T14:48:33 - [TEST_STEP][PASSED] - if (debug): null

25-01-2025T14:48:33 - [TEST_STEP][PASSED] - println("Label " + myValue + " checked status is " + myStatus + " and in list status is " + inList): null

25-01-2025T14:48:33 - [TEST_STEP][PASSED] - if (toggle && myStatus && inList): null

25-01-2025T14:48:33 - [TEST_STEP][PASSED] - if (!(myStatus) && inList || myStatus && !(inList)): null

25-01-2025T14:48:33 - [TEST_STEP][PASSED] - myValue = element.getAttribute("value"): null

25-01-2025T14:48:33 - [TEST_STEP][PASSED] - if (debug): null

25-01-2025T14:48:33 - [TEST_STEP][PASSED] - println("Element label is "" + myValue + """): null

25-01-2025T14:48:33 - [TEST_STEP][PASSED] - if (myValue.length() >= 4): null

25-01-2025T14:48:33 - [TEST_STEP][PASSED] - if (myValue.substring(0, 4) == "(!) "): null

25-01-2025T14:48:33 - [TEST_STEP][PASSED] - myObj = convertWebElementToTestObject(element): null

25-01-2025T14:48:33 - [TEST_STEP][PASSED] - myType = element.getAttribute("type"): null

25-01-2025T14:48:33 - [TEST_STEP][PASSED] - if (myValue in varParms[i]): null

25-01-2025T14:48:33 - [TEST_STEP][PASSED] - else: null

25-01-2025T14:48:33 - [TEST_STEP][PASSED] - inList = false: null

25-01-2025T14:48:33 - [TEST_STEP][PASSED] - if (myType == "checkbox"): null

25-01-2025T14:48:33 - [TEST_STEP][PASSED] - myStatus = element.isSelected(): null

25-01-2025T14:48:33 - [TEST_STEP][PASSED] - if (debug): null

25-01-2025T14:48:33 - [TEST_STEP][PASSED] - println("Label " + myValue + " checked status is " + myStatus + " and in list status is " + inList): null

25-01-2025T14:48:33 - [TEST_STEP][PASSED] - if (toggle && myStatus && inList): null

25-01-2025T14:48:33 - [TEST_STEP][PASSED] - if (!(myStatus) && inList || myStatus && !(inList)): null

25-01-2025T14:48:33 - [TEST_STEP][PASSED] - myValue = element.getAttribute("value"): null

25-01-2025T14:48:33 - [TEST_STEP][PASSED] - if (debug): null

25-01-2025T14:48:33 - [TEST_STEP][PASSED] - println("Element label is "" + myValue + """): null

25-01-2025T14:48:33 - [TEST_STEP][PASSED] - if (myValue.length() >= 4): null

25-01-2025T14:48:33 - [TEST_STEP][PASSED] - if (myValue.substring(0, 4) == "(!) "): null

25-01-2025T14:48:33 - [TEST_STEP][PASSED] - myObj = convertWebElementToTestObject(element): null

25-01-2025T14:48:33 - [TEST_STEP][PASSED] - myType = element.getAttribute("type"): null

25-01-2025T14:48:33 - [TEST_STEP][PASSED] - if (myValue in varParms[i]): null

25-01-2025T14:48:33 - [TEST_STEP][PASSED] - else: null

25-01-2025T14:48:33 - [TEST_STEP][PASSED] - inList = false: null

25-01-2025T14:48:33 - [TEST_STEP][PASSED] - if (myType == "checkbox"): null

25-01-2025T14:48:33 - [TEST_STEP][PASSED] - myStatus = element.isSelected(): null

25-01-2025T14:48:33 - [TEST_STEP][PASSED] - if (debug): null

25-01-2025T14:48:33 - [TEST_STEP][PASSED] - println("Label " + myValue + " checked status is " + myStatus + " and in list status is " + inList): null

25-01-2025T14:48:33 - [TEST_STEP][PASSED] - if (toggle && myStatus && inList): null

25-01-2025T14:48:33 - [TEST_STEP][PASSED] - if (!(myStatus) && inList || myStatus && !(inList)): null

25-01-2025T14:48:33 - [TEST_STEP][PASSED] - myValue = element.getAttribute("value"): null

25-01-2025T14:48:33 - [TEST_STEP][PASSED] - if (debug): null

25-01-2025T14:48:33 - [TEST_STEP][PASSED] - println("Element label is "" + myValue + """): null

25-01-2025T14:48:33 - [TEST_STEP][PASSED] - if (myValue.length() >= 4): null

25-01-2025T14:48:33 - [TEST_STEP][PASSED] - if (myValue.substring(0, 4) == "(!) "): null

25-01-2025T14:48:33 - [TEST_STEP][PASSED] - myObj = convertWebElementToTestObject(element): null

25-01-2025T14:48:33 - [TEST_STEP][PASSED] - myType = element.getAttribute("type"): null

25-01-2025T14:48:33 - [TEST_STEP][PASSED] - if (myValue in varParms[i]): null

25-01-2025T14:48:33 - [TEST_STEP][PASSED] - else: null

25-01-2025T14:48:33 - [TEST_STEP][PASSED] - inList = false: null

25-01-2025T14:48:33 - [TEST_STEP][PASSED] - if (myType == "checkbox"): null

25-01-2025T14:48:33 - [TEST_STEP][PASSED] - myStatus = element.isSelected(): null

25-01-2025T14:48:33 - [TEST_STEP][PASSED] - if (debug): null

25-01-2025T14:48:33 - [TEST_STEP][PASSED] - println("Label " + myValue + " checked status is " + myStatus + " and in list status is " + inList): null

25-01-2025T14:48:33 - [TEST_STEP][PASSED] - if (toggle && myStatus && inList): null

25-01-2025T14:48:33 - [TEST_STEP][PASSED] - if (!(myStatus) && inList || myStatus && !(inList)): null

25-01-2025T14:48:33 - [TEST_STEP][PASSED] - myValue = element.getAttribute("value"): null

25-01-2025T14:48:33 - [TEST_STEP][PASSED] - if (debug): null

25-01-2025T14:48:33 - [TEST_STEP][PASSED] - println("Element label is "" + myValue + """): null

25-01-2025T14:48:33 - [TEST_STEP][PASSED] - if (myValue.length() >= 4): null

25-01-2025T14:48:33 - [TEST_STEP][PASSED] - if (myValue.substring(0, 4) == "(!) "): null

25-01-2025T14:48:33 - [TEST_STEP][PASSED] - myObj = convertWebElementToTestObject(element): null

25-01-2025T14:48:33 - [TEST_STEP][PASSED] - myType = element.getAttribute("type"): null

25-01-2025T14:48:33 - [TEST_STEP][PASSED] - if (myValue in varParms[i]): null

25-01-2025T14:48:33 - [TEST_STEP][PASSED] - else: null

25-01-2025T14:48:33 - [TEST_STEP][PASSED] - inList = false: null

25-01-2025T14:48:33 - [TEST_STEP][PASSED] - if (myType == "checkbox"): null

25-01-2025T14:48:33 - [TEST_STEP][PASSED] - myStatus = element.isSelected(): null

25-01-2025T14:48:33 - [TEST_STEP][PASSED] - if (debug): null

25-01-2025T14:48:33 - [TEST_STEP][PASSED] - println("Label " + myValue + " checked status is " + myStatus + " and in list status is " + inList): null

25-01-2025T14:48:33 - [TEST_STEP][PASSED] - if (toggle && myStatus && inList): null

25-01-2025T14:48:33 - [TEST_STEP][PASSED] - if (!(myStatus) && inList || myStatus && !(inList)): null

25-01-2025T14:48:33 - [TEST_STEP][PASSED] - myValue = element.getAttribute("value"): null

25-01-2025T14:48:33 - [TEST_STEP][PASSED] - if (debug): null

25-01-2025T14:48:33 - [TEST_STEP][PASSED] - println("Element label is "" + myValue + """): null

25-01-2025T14:48:33 - [TEST_STEP][PASSED] - if (myValue.length() >= 4): null

25-01-2025T14:48:33 - [TEST_STEP][PASSED] - if (myValue.substring(0, 4) == "(!) "): null

25-01-2025T14:48:33 - [TEST_STEP][PASSED] - myObj = convertWebElementToTestObject(element): null

25-01-2025T14:48:33 - [TEST_STEP][PASSED] - myType = element.getAttribute("type"): null

25-01-2025T14:48:33 - [TEST_STEP][PASSED] - if (myValue in varParms[i]): null

25-01-2025T14:48:33 - [TEST_STEP][PASSED] - else: null

25-01-2025T14:48:33 - [TEST_STEP][PASSED] - inList = false: null

25-01-2025T14:48:33 - [TEST_STEP][PASSED] - if (myType == "checkbox"): null

25-01-2025T14:48:33 - [TEST_STEP][PASSED] - myStatus = element.isSelected(): null

25-01-2025T14:48:33 - [TEST_STEP][PASSED] - if (debug): null

25-01-2025T14:48:33 - [TEST_STEP][PASSED] - println("Label " + myValue + " checked status is " + myStatus + " and in list status is " + inList): null

25-01-2025T14:48:33 - [TEST_STEP][PASSED] - if (toggle && myStatus && inList): null

25-01-2025T14:48:33 - [TEST_STEP][PASSED] - if (!(myStatus) && inList || myStatus && !(inList)): null

25-01-2025T14:48:33 - [TEST_STEP][PASSED] - myValue = element.getAttribute("value"): null

25-01-2025T14:48:33 - [TEST_STEP][PASSED] - if (debug): null

25-01-2025T14:48:33 - [TEST_STEP][PASSED] - println("Element label is "" + myValue + """): null

25-01-2025T14:48:33 - [TEST_STEP][PASSED] - if (myValue.length() >= 4): null

25-01-2025T14:48:33 - [TEST_STEP][PASSED] - if (myValue.substring(0, 4) == "(!) "): null

25-01-2025T14:48:33 - [TEST_STEP][PASSED] - myObj = convertWebElementToTestObject(element): null

25-01-2025T14:48:33 - [TEST_STEP][PASSED] - myType = element.getAttribute("type"): null

25-01-2025T14:48:33 - [TEST_STEP][PASSED] - if (myValue in varParms[i]): null

25-01-2025T14:48:33 - [TEST_STEP][PASSED] - else: null

25-01-2025T14:48:33 - [TEST_STEP][PASSED] - inList = false: null

25-01-2025T14:48:33 - [TEST_STEP][PASSED] - if (myType == "checkbox"): null

25-01-2025T14:48:33 - [TEST_STEP][PASSED] - myStatus = element.isSelected(): null

25-01-2025T14:48:33 - [TEST_STEP][PASSED] - if (debug): null

25-01-2025T14:48:33 - [TEST_STEP][PASSED] - println("Label " + myValue + " checked status is " + myStatus + " and in list status is " + inList): null

25-01-2025T14:48:33 - [TEST_STEP][PASSED] - if (toggle && myStatus && inList): null

25-01-2025T14:48:33 - [TEST_STEP][PASSED] - if (!(myStatus) && inList || myStatus && !(inList)): null

25-01-2025T14:48:33 - [TEST_STEP][PASSED] - myValue = element.getAttribute("value"): null

25-01-2025T14:48:33 - [TEST_STEP][PASSED] - if (debug): null

25-01-2025T14:48:33 - [TEST_STEP][PASSED] - println("Element label is "" + myValue + """): null

25-01-2025T14:48:33 - [TEST_STEP][PASSED] - if (myValue.length() >= 4): null

25-01-2025T14:48:33 - [TEST_STEP][PASSED] - if (myValue.substring(0, 4) == "(!) "): null

25-01-2025T14:48:33 - [TEST_STEP][PASSED] - myObj = convertWebElementToTestObject(element): null

25-01-2025T14:48:33 - [TEST_STEP][PASSED] - myType = element.getAttribute("type"): null

25-01-2025T14:48:33 - [TEST_STEP][PASSED] - if (myValue in varParms[i]): null

25-01-2025T14:48:33 - [TEST_STEP][PASSED] - else: null

25-01-2025T14:48:33 - [TEST_STEP][PASSED] - inList = false: null

25-01-2025T14:48:33 - [TEST_STEP][PASSED] - if (myType == "checkbox"): null

25-01-2025T14:48:33 - [TEST_STEP][PASSED] - myStatus = element.isSelected(): null

25-01-2025T14:48:33 - [TEST_STEP][PASSED] - if (debug): null

25-01-2025T14:48:33 - [TEST_STEP][PASSED] - println("Label " + myValue + " checked status is " + myStatus + " and in list status is " + inList): null

25-01-2025T14:48:33 - [TEST_STEP][PASSED] - if (toggle && myStatus && inList): null

25-01-2025T14:48:33 - [TEST_STEP][PASSED] - if (!(myStatus) && inList || myStatus && !(inList)): null

25-01-2025T14:48:33 - [TEST_STEP][PASSED] - myValue = element.getAttribute("value"): null

25-01-2025T14:48:33 - [TEST_STEP][PASSED] - if (debug): null

25-01-2025T14:48:33 - [TEST_STEP][PASSED] - println("Element label is "" + myValue + """): null

25-01-2025T14:48:33 - [TEST_STEP][PASSED] - if (myValue.length() >= 4): null

25-01-2025T14:48:33 - [TEST_STEP][PASSED] - if (myValue.substring(0, 4) == "(!) "): null

25-01-2025T14:48:33 - [TEST_STEP][PASSED] - myObj = convertWebElementToTestObject(element): null

25-01-2025T14:48:33 - [TEST_STEP][PASSED] - myType = element.getAttribute("type"): null

25-01-2025T14:48:33 - [TEST_STEP][PASSED] - if (myValue in varParms[i]): null

25-01-2025T14:48:33 - [TEST_STEP][PASSED] - else: null

25-01-2025T14:48:33 - [TEST_STEP][PASSED] - inList = false: null

25-01-2025T14:48:33 - [TEST_STEP][PASSED] - if (myType == "checkbox"): null

25-01-2025T14:48:33 - [TEST_STEP][PASSED] - myStatus = element.isSelected(): null

25-01-2025T14:48:33 - [TEST_STEP][PASSED] - if (debug): null

25-01-2025T14:48:33 - [TEST_STEP][PASSED] - println("Label " + myValue + " checked status is " + myStatus + " and in list status is " + inList): null

25-01-2025T14:48:33 - [TEST_STEP][PASSED] - if (toggle && myStatus && inList): null

25-01-2025T14:48:33 - [TEST_STEP][PASSED] - if (!(myStatus) && inList || myStatus && !(inList)): null

25-01-2025T14:48:33 - [TEST_STEP][PASSED] - myValue = element.getAttribute("value"): null

25-01-2025T14:48:33 - [TEST_STEP][PASSED] - if (debug): null

25-01-2025T14:48:33 - [TEST_STEP][PASSED] - println("Element label is "" + myValue + """): null

25-01-2025T14:48:33 - [TEST_STEP][PASSED] - if (myValue.length() >= 4): null

25-01-2025T14:48:33 - [TEST_STEP][PASSED] - if (myValue.substring(0, 4) == "(!) "): null

25-01-2025T14:48:33 - [TEST_STEP][PASSED] - myObj = convertWebElementToTestObject(element): null

25-01-2025T14:48:33 - [TEST_STEP][PASSED] - myType = element.getAttribute("type"): null

25-01-2025T14:48:33 - [TEST_STEP][PASSED] - if (myValue in varParms[i]): null

25-01-2025T14:48:33 - [TEST_STEP][PASSED] - else: null

25-01-2025T14:48:33 - [TEST_STEP][PASSED] - inList = false: null

25-01-2025T14:48:33 - [TEST_STEP][PASSED] - if (myType == "checkbox"): null

25-01-2025T14:48:33 - [TEST_STEP][PASSED] - myStatus = element.isSelected(): null

25-01-2025T14:48:33 - [TEST_STEP][PASSED] - if (debug): null

25-01-2025T14:48:33 - [TEST_STEP][PASSED] - println("Label " + myValue + " checked status is " + myStatus + " and in list status is " + inList): null

25-01-2025T14:48:33 - [TEST_STEP][PASSED] - if (toggle && myStatus && inList): null

25-01-2025T14:48:33 - [TEST_STEP][PASSED] - if (!(myStatus) && inList || myStatus && !(inList)): null

25-01-2025T14:48:33 - [TEST_STEP][PASSED] - if (debug): null

25-01-2025T14:48:33 - [TEST_STEP][PASSED] - println("Desired label is "" + varParms[i] + """): null

25-01-2025T14:48:33 - [TEST_STEP][PASSED] - if (varParms[i].indexOf("Europe") >= 0): null

25-01-2025T14:48:33 - [TEST_STEP][PASSED] - elements = driver.findElements(By.xpath(varXpaths[i])): null

25-01-2025T14:48:33 - [TEST_STEP][PASSED] - element_count = elements.size(): null

25-01-2025T14:48:33 - [TEST_STEP][PASSED] - for (def element : elements): null

25-01-2025T14:48:33 - [TEST_STEP][PASSED] - myValue = element.getAttribute("value"): null

25-01-2025T14:48:33 - [TEST_STEP][PASSED] - if (debug): null

25-01-2025T14:48:33 - [TEST_STEP][PASSED] - println("Element label is "" + myValue + """): null

25-01-2025T14:48:33 - [TEST_STEP][PASSED] - if (myValue.length() >= 4): null

25-01-2025T14:48:33 - [TEST_STEP][PASSED] - if (myValue.substring(0, 4) == "(!) "): null

25-01-2025T14:48:33 - [TEST_STEP][PASSED] - myObj = convertWebElementToTestObject(element): null

25-01-2025T14:48:33 - [TEST_STEP][PASSED] - myType = element.getAttribute("type"): null

25-01-2025T14:48:33 - [TEST_STEP][PASSED] - if (myValue in varParms[i]): null

25-01-2025T14:48:33 - [TEST_STEP][PASSED] - inList = true: null

25-01-2025T14:48:33 - [TEST_STEP][PASSED] - if (myType == "checkbox"): null

25-01-2025T14:48:33 - [TEST_STEP][PASSED] - myStatus = element.isSelected(): null

25-01-2025T14:48:33 - [TEST_STEP][PASSED] - if (debug): null

25-01-2025T14:48:33 - [TEST_STEP][PASSED] - println("Label " + myValue + " checked status is " + myStatus + " and in list status is " + inList): null

25-01-2025T14:48:33 - [TEST_STEP][PASSED] - if (toggle && myStatus && inList): null

25-01-2025T14:48:33 - [TEST_STEP][PASSED] - if (!(myStatus) && inList || myStatus && !(inList)): null

25-01-2025T14:48:33 - [TEST_STEP][PASSED] - if (debug): null

25-01-2025T14:48:33 - [TEST_STEP][PASSED] - println("Clicking " + myValue): null

25-01-2025T14:48:33 - [TEST_STEP][PASSED] - println("Clicking " + myValue): null

25-01-2025T14:48:33 - [TEST_STEP][PASSED] - click(myObj): null

25-01-2025T14:48:33 - [TEST_STEP][PASSED] - scrollToObject(object): null

25-01-2025T14:48:33 - [TEST_STEP][PASSED] - println("Converting " + object + " to web element"): null

25-01-2025T14:48:33 - [TEST_STEP][PASSED] - element = findWebElement(object, 1): null

25-01-2025T14:48:33 - [TEST_STEP][PASSED] - loc = element.getLocation(): null

25-01-2025T14:48:33 - [TEST_STEP][PASSED] - y = loc.getY(): null

25-01-2025T14:48:33 - [TEST_STEP][PASSED] - println("Y location is " + y): null

25-01-2025T14:48:33 - [TEST_STEP][PASSED] - top = getViewportTopPosition(): Current viewport's top (y) position is 686

25-01-2025T14:48:33 - [MESSAGE][PASSED] - Current viewport's top (y) position is 686

25-01-2025T14:48:33 - [TEST_STEP][PASSED] - println("Viewport top is " + top): null

25-01-2025T14:48:33 - [TEST_STEP][PASSED] - bottom = top + 600: null

25-01-2025T14:48:33 - [TEST_STEP][PASSED] - if (y - top < 150 || bottom - y < 10): null

25-01-2025T14:48:33 - [TEST_STEP][PASSED] - click(object): null

25-01-2025T14:48:33 - [MESSAGE][PASSED] - Object: '' is clicked on

25-01-2025T14:48:33 - [TEST_STEP][PASSED] - myValue = element.getAttribute("value"): null

25-01-2025T14:48:33 - [TEST_STEP][PASSED] - if (debug): null

25-01-2025T14:48:33 - [TEST_STEP][PASSED] - println("Element label is "" + myValue + """): null

25-01-2025T14:48:33 - [TEST_STEP][PASSED] - if (myValue.length() >= 4): null

25-01-2025T14:48:33 - [TEST_STEP][PASSED] - if (myValue.substring(0, 4) == "(!) "): null

25-01-2025T14:48:33 - [TEST_STEP][PASSED] - myObj = convertWebElementToTestObject(element): null

25-01-2025T14:48:33 - [TEST_STEP][PASSED] - myType = element.getAttribute("type"): null

25-01-2025T14:48:33 - [TEST_STEP][PASSED] - if (myValue in varParms[i]): null

25-01-2025T14:48:33 - [TEST_STEP][PASSED] - else: null

25-01-2025T14:48:33 - [TEST_STEP][PASSED] - inList = false: null

25-01-2025T14:48:33 - [TEST_STEP][PASSED] - if (myType == "checkbox"): null

25-01-2025T14:48:33 - [TEST_STEP][PASSED] - myStatus = element.isSelected(): null

25-01-2025T14:48:33 - [TEST_STEP][PASSED] - if (debug): null

25-01-2025T14:48:33 - [TEST_STEP][PASSED] - println("Label " + myValue + " checked status is " + myStatus + " and in list status is " + inList): null

25-01-2025T14:48:33 - [TEST_STEP][PASSED] - if (toggle && myStatus && inList): null

25-01-2025T14:48:33 - [TEST_STEP][PASSED] - if (!(myStatus) && inList || myStatus && !(inList)): null

25-01-2025T14:48:33 - [TEST_STEP][PASSED] - myValue = element.getAttribute("value"): null

25-01-2025T14:48:33 - [TEST_STEP][PASSED] - if (debug): null

25-01-2025T14:48:33 - [TEST_STEP][PASSED] - println("Element label is "" + myValue + """): null

25-01-2025T14:48:33 - [TEST_STEP][PASSED] - if (myValue.length() >= 4): null

25-01-2025T14:48:33 - [TEST_STEP][PASSED] - if (myValue.substring(0, 4) == "(!) "): null

25-01-2025T14:48:33 - [TEST_STEP][PASSED] - myObj = convertWebElementToTestObject(element): null

25-01-2025T14:48:33 - [TEST_STEP][PASSED] - myType = element.getAttribute("type"): null

25-01-2025T14:48:33 - [TEST_STEP][PASSED] - if (myValue in varParms[i]): null

25-01-2025T14:48:33 - [TEST_STEP][PASSED] - else: null

25-01-2025T14:48:33 - [TEST_STEP][PASSED] - inList = false: null

25-01-2025T14:48:33 - [TEST_STEP][PASSED] - if (myType == "checkbox"): null

25-01-2025T14:48:33 - [TEST_STEP][PASSED] - myStatus = element.isSelected(): null

25-01-2025T14:48:33 - [TEST_STEP][PASSED] - if (debug): null

25-01-2025T14:48:33 - [TEST_STEP][PASSED] - println("Label " + myValue + " checked status is " + myStatus + " and in list status is " + inList): null

25-01-2025T14:48:33 - [TEST_STEP][PASSED] - if (toggle && myStatus && inList): null

25-01-2025T14:48:33 - [TEST_STEP][PASSED] - if (!(myStatus) && inList || myStatus && !(inList)): null

25-01-2025T14:48:33 - [TEST_STEP][PASSED] - myValue = element.getAttribute("value"): null

25-01-2025T14:48:33 - [TEST_STEP][PASSED] - if (debug): null

25-01-2025T14:48:33 - [TEST_STEP][PASSED] - println("Element label is "" + myValue + """): null

25-01-2025T14:48:33 - [TEST_STEP][PASSED] - if (myValue.length() >= 4): null

25-01-2025T14:48:33 - [TEST_STEP][PASSED] - if (myValue.substring(0, 4) == "(!) "): null

25-01-2025T14:48:33 - [TEST_STEP][PASSED] - myObj = convertWebElementToTestObject(element): null

25-01-2025T14:48:33 - [TEST_STEP][PASSED] - myType = element.getAttribute("type"): null

25-01-2025T14:48:33 - [TEST_STEP][PASSED] - if (myValue in varParms[i]): null

25-01-2025T14:48:33 - [TEST_STEP][PASSED] - else: null

25-01-2025T14:48:33 - [TEST_STEP][PASSED] - inList = false: null

25-01-2025T14:48:33 - [TEST_STEP][PASSED] - if (myType == "checkbox"): null

25-01-2025T14:48:33 - [TEST_STEP][PASSED] - myStatus = element.isSelected(): null

25-01-2025T14:48:33 - [TEST_STEP][PASSED] - if (debug): null

25-01-2025T14:48:33 - [TEST_STEP][PASSED] - println("Label " + myValue + " checked status is " + myStatus + " and in list status is " + inList): null

25-01-2025T14:48:33 - [TEST_STEP][PASSED] - if (toggle && myStatus && inList): null

25-01-2025T14:48:33 - [TEST_STEP][PASSED] - if (!(myStatus) && inList || myStatus && !(inList)): null

25-01-2025T14:48:33 - [TEST_STEP][PASSED] - myValue = element.getAttribute("value"): null

25-01-2025T14:48:33 - [TEST_STEP][PASSED] - if (debug): null

25-01-2025T14:48:33 - [TEST_STEP][PASSED] - println("Element label is "" + myValue + """): null

25-01-2025T14:48:33 - [TEST_STEP][PASSED] - if (myValue.length() >= 4): null

25-01-2025T14:48:33 - [TEST_STEP][PASSED] - if (myValue.substring(0, 4) == "(!) "): null

25-01-2025T14:48:33 - [TEST_STEP][PASSED] - myObj = convertWebElementToTestObject(element): null

25-01-2025T14:48:33 - [TEST_STEP][PASSED] - myType = element.getAttribute("type"): null

25-01-2025T14:48:33 - [TEST_STEP][PASSED] - if (myValue in varParms[i]): null

25-01-2025T14:48:33 - [TEST_STEP][PASSED] - else: null

25-01-2025T14:48:33 - [TEST_STEP][PASSED] - inList = false: null

25-01-2025T14:48:33 - [TEST_STEP][PASSED] - if (myType == "checkbox"): null

25-01-2025T14:48:33 - [TEST_STEP][PASSED] - myStatus = element.isSelected(): null

25-01-2025T14:48:33 - [TEST_STEP][PASSED] - if (debug): null

25-01-2025T14:48:33 - [TEST_STEP][PASSED] - println("Label " + myValue + " checked status is " + myStatus + " and in list status is " + inList): null

25-01-2025T14:48:33 - [TEST_STEP][PASSED] - if (toggle && myStatus && inList): null

25-01-2025T14:48:33 - [TEST_STEP][PASSED] - if (!(myStatus) && inList || myStatus && !(inList)): null

25-01-2025T14:48:33 - [TEST_STEP][PASSED] - myValue = element.getAttribute("value"): null

25-01-2025T14:48:33 - [TEST_STEP][PASSED] - if (debug): null

25-01-2025T14:48:33 - [TEST_STEP][PASSED] - println("Element label is "" + myValue + """): null

25-01-2025T14:48:33 - [TEST_STEP][PASSED] - if (myValue.length() >= 4): null

25-01-2025T14:48:33 - [TEST_STEP][PASSED] - if (myValue.substring(0, 4) == "(!) "): null

25-01-2025T14:48:33 - [TEST_STEP][PASSED] - myObj = convertWebElementToTestObject(element): null

25-01-2025T14:48:33 - [TEST_STEP][PASSED] - myType = element.getAttribute("type"): null

25-01-2025T14:48:33 - [TEST_STEP][PASSED] - if (myValue in varParms[i]): null

25-01-2025T14:48:33 - [TEST_STEP][PASSED] - else: null

25-01-2025T14:48:33 - [TEST_STEP][PASSED] - inList = false: null

25-01-2025T14:48:33 - [TEST_STEP][PASSED] - if (myType == "checkbox"): null

25-01-2025T14:48:33 - [TEST_STEP][PASSED] - myStatus = element.isSelected(): null

25-01-2025T14:48:33 - [TEST_STEP][PASSED] - if (debug): null

25-01-2025T14:48:33 - [TEST_STEP][PASSED] - println("Label " + myValue + " checked status is " + myStatus + " and in list status is " + inList): null

25-01-2025T14:48:33 - [TEST_STEP][PASSED] - if (toggle && myStatus && inList): null

25-01-2025T14:48:33 - [TEST_STEP][PASSED] - if (!(myStatus) && inList || myStatus && !(inList)): null

25-01-2025T14:48:33 - [TEST_STEP][PASSED] - myValue = element.getAttribute("value"): null

25-01-2025T14:48:33 - [TEST_STEP][PASSED] - if (debug): null

25-01-2025T14:48:33 - [TEST_STEP][PASSED] - println("Element label is "" + myValue + """): null

25-01-2025T14:48:37 - [TEST_STEP][PASSED] - if (myValue.length() >= 4): null

25-01-2025T14:48:37 - [TEST_STEP][PASSED] - if (myValue.substring(0, 4) == "(!) "): null

25-01-2025T14:48:37 - [TEST_STEP][PASSED] - myObj = convertWebElementToTestObject(element): null

25-01-2025T14:48:37 - [TEST_STEP][PASSED] - myType = element.getAttribute("type"): null

25-01-2025T14:48:37 - [TEST_STEP][PASSED] - if (myValue in varParms[i]): null

25-01-2025T14:48:37 - [TEST_STEP][PASSED] - else: null

25-01-2025T14:48:37 - [TEST_STEP][PASSED] - inList = false: null

25-01-2025T14:48:37 - [TEST_STEP][PASSED] - if (myType == "checkbox"): null

25-01-2025T14:48:37 - [TEST_STEP][PASSED] - myStatus = element.isSelected(): null

25-01-2025T14:48:37 - [TEST_STEP][PASSED] - if (debug): null

25-01-2025T14:48:37 - [TEST_STEP][PASSED] - println("Label " + myValue + " checked status is " + myStatus + " and in list status is " + inList): null

25-01-2025T14:48:37 - [TEST_STEP][PASSED] - if (toggle && myStatus && inList): null

25-01-2025T14:48:37 - [TEST_STEP][PASSED] - if (!(myStatus) && inList || myStatus && !(inList)): null

25-01-2025T14:48:37 - [TEST_STEP][PASSED] - myValue = element.getAttribute("value"): null

25-01-2025T14:48:37 - [TEST_STEP][PASSED] - if (debug): null

25-01-2025T14:48:37 - [TEST_STEP][PASSED] - println("Element label is "" + myValue + """): null

25-01-2025T14:48:37 - [TEST_STEP][PASSED] - if (myValue.length() >= 4): null

25-01-2025T14:48:37 - [TEST_STEP][PASSED] - if (myValue.substring(0, 4) == "(!) "): null

25-01-2025T14:48:37 - [TEST_STEP][PASSED] - myObj = convertWebElementToTestObject(element): null

25-01-2025T14:48:37 - [TEST_STEP][PASSED] - myType = element.getAttribute("type"): null

25-01-2025T14:48:37 - [TEST_STEP][PASSED] - if (myValue in varParms[i]): null

25-01-2025T14:48:37 - [TEST_STEP][PASSED] - inList = true: null

25-01-2025T14:48:37 - [TEST_STEP][PASSED] - if (myType == "checkbox"): null

25-01-2025T14:48:37 - [TEST_STEP][PASSED] - myStatus = element.isSelected(): null

25-01-2025T14:48:37 - [TEST_STEP][PASSED] - if (debug): null

25-01-2025T14:48:37 - [TEST_STEP][PASSED] - println("Label " + myValue + " checked status is " + myStatus + " and in list status is " + inList): null

25-01-2025T14:48:37 - [TEST_STEP][PASSED] - if (toggle && myStatus && inList): null

25-01-2025T14:48:37 - [TEST_STEP][PASSED] - if (!(myStatus) && inList || myStatus && !(inList)): null

25-01-2025T14:48:37 - [TEST_STEP][PASSED] - if (debug): null

25-01-2025T14:48:37 - [TEST_STEP][PASSED] - println("Clicking " + myValue): null

25-01-2025T14:48:37 - [TEST_STEP][PASSED] - println("Clicking " + myValue): null

25-01-2025T14:48:37 - [TEST_STEP][PASSED] - click(myObj): null

25-01-2025T14:48:37 - [TEST_STEP][PASSED] - scrollToObject(object): null

25-01-2025T14:48:37 - [TEST_STEP][PASSED] - println("Converting " + object + " to web element"): null

25-01-2025T14:48:37 - [TEST_STEP][PASSED] - element = findWebElement(object, 1): null

25-01-2025T14:48:37 - [TEST_STEP][PASSED] - loc = element.getLocation(): null

25-01-2025T14:48:37 - [TEST_STEP][PASSED] - y = loc.getY(): null

25-01-2025T14:48:37 - [TEST_STEP][PASSED] - println("Y location is " + y): null

25-01-2025T14:48:37 - [TEST_STEP][PASSED] - top = getViewportTopPosition(): Current viewport's top (y) position is 686

25-01-2025T14:48:37 - [MESSAGE][PASSED] - Current viewport's top (y) position is 686

25-01-2025T14:48:37 - [TEST_STEP][PASSED] - println("Viewport top is " + top): null

25-01-2025T14:48:37 - [TEST_STEP][PASSED] - bottom = top + 600: null

25-01-2025T14:48:37 - [TEST_STEP][PASSED] - if (y - top < 150 || bottom - y < 10): null

25-01-2025T14:48:37 - [TEST_STEP][PASSED] - click(object): null

25-01-2025T14:48:37 - [MESSAGE][PASSED] - Object: '' is clicked on

25-01-2025T14:48:37 - [TEST_STEP][PASSED] - myValue = element.getAttribute("value"): null

25-01-2025T14:48:37 - [TEST_STEP][PASSED] - if (debug): null

25-01-2025T14:48:37 - [TEST_STEP][PASSED] - println("Element label is "" + myValue + """): null

25-01-2025T14:48:37 - [TEST_STEP][PASSED] - if (myValue.length() >= 4): null

25-01-2025T14:48:37 - [TEST_STEP][PASSED] - if (myValue.substring(0, 4) == "(!) "): null

25-01-2025T14:48:37 - [TEST_STEP][PASSED] - myObj = convertWebElementToTestObject(element): null

25-01-2025T14:48:37 - [TEST_STEP][PASSED] - myType = element.getAttribute("type"): null

25-01-2025T14:48:37 - [TEST_STEP][PASSED] - if (myValue in varParms[i]): null

25-01-2025T14:48:37 - [TEST_STEP][PASSED] - else: null

25-01-2025T14:48:37 - [TEST_STEP][PASSED] - inList = false: null

25-01-2025T14:48:37 - [TEST_STEP][PASSED] - if (myType == "checkbox"): null

25-01-2025T14:48:37 - [TEST_STEP][PASSED] - myStatus = element.isSelected(): null

25-01-2025T14:48:37 - [TEST_STEP][PASSED] - if (debug): null

25-01-2025T14:48:37 - [TEST_STEP][PASSED] - println("Label " + myValue + " checked status is " + myStatus + " and in list status is " + inList): null

25-01-2025T14:48:37 - [TEST_STEP][PASSED] - if (toggle && myStatus && inList): null

25-01-2025T14:48:37 - [TEST_STEP][PASSED] - if (!(myStatus) && inList || myStatus && !(inList)): null

25-01-2025T14:48:37 - [TEST_STEP][PASSED] - myValue = element.getAttribute("value"): null

25-01-2025T14:48:37 - [TEST_STEP][PASSED] - if (debug): null

25-01-2025T14:48:37 - [TEST_STEP][PASSED] - println("Element label is "" + myValue + """): null

25-01-2025T14:48:37 - [TEST_STEP][PASSED] - if (myValue.length() >= 4): null

25-01-2025T14:48:37 - [TEST_STEP][PASSED] - if (myValue.substring(0, 4) == "(!) "): null

25-01-2025T14:48:37 - [TEST_STEP][PASSED] - myObj = convertWebElementToTestObject(element): null

25-01-2025T14:48:37 - [TEST_STEP][PASSED] - myType = element.getAttribute("type"): null

25-01-2025T14:48:37 - [TEST_STEP][PASSED] - if (myValue in varParms[i]): null

25-01-2025T14:48:37 - [TEST_STEP][PASSED] - else: null

25-01-2025T14:48:37 - [TEST_STEP][PASSED] - inList = false: null

25-01-2025T14:48:37 - [TEST_STEP][PASSED] - if (myType == "checkbox"): null

25-01-2025T14:48:37 - [TEST_STEP][PASSED] - myStatus = element.isSelected(): null

25-01-2025T14:48:37 - [TEST_STEP][PASSED] - if (debug): null

25-01-2025T14:48:37 - [TEST_STEP][PASSED] - println("Label " + myValue + " checked status is " + myStatus + " and in list status is " + inList): null

25-01-2025T14:48:37 - [TEST_STEP][PASSED] - if (toggle && myStatus && inList): null

25-01-2025T14:48:37 - [TEST_STEP][PASSED] - if (!(myStatus) && inList || myStatus && !(inList)): null

25-01-2025T14:48:37 - [TEST_STEP][PASSED] - myValue = element.getAttribute("value"): null

25-01-2025T14:48:37 - [TEST_STEP][PASSED] - if (debug): null

25-01-2025T14:48:37 - [TEST_STEP][PASSED] - println("Element label is "" + myValue + """): null

25-01-2025T14:48:37 - [TEST_STEP][PASSED] - if (myValue.length() >= 4): null

25-01-2025T14:48:37 - [TEST_STEP][PASSED] - if (myValue.substring(0, 4) == "(!) "): null

25-01-2025T14:48:37 - [TEST_STEP][PASSED] - myObj = convertWebElementToTestObject(element): null

25-01-2025T14:48:37 - [TEST_STEP][PASSED] - myType = element.getAttribute("type"): null

25-01-2025T14:48:37 - [TEST_STEP][PASSED] - if (myValue in varParms[i]): null

25-01-2025T14:48:37 - [TEST_STEP][PASSED] - else: null

25-01-2025T14:48:37 - [TEST_STEP][PASSED] - inList = false: null

25-01-2025T14:48:37 - [TEST_STEP][PASSED] - if (myType == "checkbox"): null

25-01-2025T14:48:37 - [TEST_STEP][PASSED] - myStatus = element.isSelected(): null

25-01-2025T14:48:37 - [TEST_STEP][PASSED] - if (debug): null

25-01-2025T14:48:37 - [TEST_STEP][PASSED] - println("Label " + myValue + " checked status is " + myStatus + " and in list status is " + inList): null

25-01-2025T14:48:37 - [TEST_STEP][PASSED] - if (toggle && myStatus && inList): null

25-01-2025T14:48:37 - [TEST_STEP][PASSED] - if (!(myStatus) && inList || myStatus && !(inList)): null

25-01-2025T14:48:37 - [TEST_STEP][PASSED] - myValue = element.getAttribute("value"): null

25-01-2025T14:48:37 - [TEST_STEP][PASSED] - if (debug): null

25-01-2025T14:48:37 - [TEST_STEP][PASSED] - println("Element label is "" + myValue + """): null

25-01-2025T14:48:37 - [TEST_STEP][PASSED] - if (myValue.length() >= 4): null

25-01-2025T14:48:37 - [TEST_STEP][PASSED] - if (myValue.substring(0, 4) == "(!) "): null

25-01-2025T14:48:37 - [TEST_STEP][PASSED] - myObj = convertWebElementToTestObject(element): null

25-01-2025T14:48:37 - [TEST_STEP][PASSED] - myType = element.getAttribute("type"): null

25-01-2025T14:48:37 - [TEST_STEP][PASSED] - if (myValue in varParms[i]): null

25-01-2025T14:48:37 - [TEST_STEP][PASSED] - else: null

25-01-2025T14:48:37 - [TEST_STEP][PASSED] - inList = false: null

25-01-2025T14:48:37 - [TEST_STEP][PASSED] - if (myType == "checkbox"): null

25-01-2025T14:48:37 - [TEST_STEP][PASSED] - myStatus = element.isSelected(): null

25-01-2025T14:48:37 - [TEST_STEP][PASSED] - if (debug): null

25-01-2025T14:48:37 - [TEST_STEP][PASSED] - println("Label " + myValue + " checked status is " + myStatus + " and in list status is " + inList): null

25-01-2025T14:48:37 - [TEST_STEP][PASSED] - if (toggle && myStatus && inList): null

25-01-2025T14:48:37 - [TEST_STEP][PASSED] - if (!(myStatus) && inList || myStatus && !(inList)): null

25-01-2025T14:48:37 - [TEST_STEP][PASSED] - myValue = element.getAttribute("value"): null

25-01-2025T14:48:37 - [TEST_STEP][PASSED] - if (debug): null

25-01-2025T14:48:37 - [TEST_STEP][PASSED] - println("Element label is "" + myValue + """): null

25-01-2025T14:48:37 - [TEST_STEP][PASSED] - if (myValue.length() >= 4): null

25-01-2025T14:48:37 - [TEST_STEP][PASSED] - if (myValue.substring(0, 4) == "(!) "): null

25-01-2025T14:48:37 - [TEST_STEP][PASSED] - myObj = convertWebElementToTestObject(element): null

25-01-2025T14:48:37 - [TEST_STEP][PASSED] - myType = element.getAttribute("type"): null

25-01-2025T14:48:37 - [TEST_STEP][PASSED] - if (myValue in varParms[i]): null

25-01-2025T14:48:37 - [TEST_STEP][PASSED] - else: null

25-01-2025T14:48:37 - [TEST_STEP][PASSED] - inList = false: null

25-01-2025T14:48:37 - [TEST_STEP][PASSED] - if (myType == "checkbox"): null

25-01-2025T14:48:37 - [TEST_STEP][PASSED] - myStatus = element.isSelected(): null

25-01-2025T14:48:37 - [TEST_STEP][PASSED] - if (debug): null

25-01-2025T14:48:37 - [TEST_STEP][PASSED] - println("Label " + myValue + " checked status is " + myStatus + " and in list status is " + inList): null

25-01-2025T14:48:37 - [TEST_STEP][PASSED] - if (toggle && myStatus && inList): null

25-01-2025T14:48:37 - [TEST_STEP][PASSED] - if (!(myStatus) && inList || myStatus && !(inList)): null

25-01-2025T14:48:37 - [TEST_STEP][PASSED] - myValue = element.getAttribute("value"): null

25-01-2025T14:48:37 - [TEST_STEP][PASSED] - if (debug): null

25-01-2025T14:48:37 - [TEST_STEP][PASSED] - println("Element label is "" + myValue + """): null

25-01-2025T14:48:37 - [TEST_STEP][PASSED] - if (myValue.length() >= 4): null

25-01-2025T14:48:37 - [TEST_STEP][PASSED] - if (myValue.substring(0, 4) == "(!) "): null

25-01-2025T14:48:37 - [TEST_STEP][PASSED] - myObj = convertWebElementToTestObject(element): null

25-01-2025T14:48:37 - [TEST_STEP][PASSED] - myType = element.getAttribute("type"): null

25-01-2025T14:48:37 - [TEST_STEP][PASSED] - if (myValue in varParms[i]): null

25-01-2025T14:48:37 - [TEST_STEP][PASSED] - else: null

25-01-2025T14:48:37 - [TEST_STEP][PASSED] - inList = false: null

25-01-2025T14:48:37 - [TEST_STEP][PASSED] - if (myType == "checkbox"): null

25-01-2025T14:48:37 - [TEST_STEP][PASSED] - myStatus = element.isSelected(): null

25-01-2025T14:48:37 - [TEST_STEP][PASSED] - if (debug): null

25-01-2025T14:48:37 - [TEST_STEP][PASSED] - println("Label " + myValue + " checked status is " + myStatus + " and in list status is " + inList): null

25-01-2025T14:48:37 - [TEST_STEP][PASSED] - if (toggle && myStatus && inList): null

25-01-2025T14:48:37 - [TEST_STEP][PASSED] - if (!(myStatus) && inList || myStatus && !(inList)): null

25-01-2025T14:48:37 - [TEST_STEP][PASSED] - myValue = element.getAttribute("value"): null

25-01-2025T14:48:37 - [TEST_STEP][PASSED] - if (debug): null

25-01-2025T14:48:37 - [TEST_STEP][PASSED] - println("Element label is "" + myValue + """): null

25-01-2025T14:48:37 - [TEST_STEP][PASSED] - if (myValue.length() >= 4): null

25-01-2025T14:48:37 - [TEST_STEP][PASSED] - if (myValue.substring(0, 4) == "(!) "): null

25-01-2025T14:48:37 - [TEST_STEP][PASSED] - myObj = convertWebElementToTestObject(element): null

25-01-2025T14:48:37 - [TEST_STEP][PASSED] - myType = element.getAttribute("type"): null

25-01-2025T14:48:37 - [TEST_STEP][PASSED] - if (myValue in varParms[i]): null

25-01-2025T14:48:37 - [TEST_STEP][PASSED] - else: null

25-01-2025T14:48:37 - [TEST_STEP][PASSED] - inList = false: null

25-01-2025T14:48:37 - [TEST_STEP][PASSED] - if (myType == "checkbox"): null

25-01-2025T14:48:37 - [TEST_STEP][PASSED] - myStatus = element.isSelected(): null

25-01-2025T14:48:37 - [TEST_STEP][PASSED] - if (debug): null

25-01-2025T14:48:37 - [TEST_STEP][PASSED] - println("Label " + myValue + " checked status is " + myStatus + " and in list status is " + inList): null

25-01-2025T14:48:37 - [TEST_STEP][PASSED] - if (toggle && myStatus && inList): null

25-01-2025T14:48:37 - [TEST_STEP][PASSED] - if (!(myStatus) && inList || myStatus && !(inList)): null

25-01-2025T14:48:37 - [TEST_STEP][PASSED] - myValue = element.getAttribute("value"): null

25-01-2025T14:48:37 - [TEST_STEP][PASSED] - if (debug): null

25-01-2025T14:48:37 - [TEST_STEP][PASSED] - println("Element label is "" + myValue + """): null

25-01-2025T14:48:37 - [TEST_STEP][PASSED] - if (myValue.length() >= 4): null

25-01-2025T14:48:37 - [TEST_STEP][PASSED] - if (myValue.substring(0, 4) == "(!) "): null

25-01-2025T14:48:37 - [TEST_STEP][PASSED] - myObj = convertWebElementToTestObject(element): null

25-01-2025T14:48:37 - [TEST_STEP][PASSED] - myType = element.getAttribute("type"): null

25-01-2025T14:48:37 - [TEST_STEP][PASSED] - if (myValue in varParms[i]): null

25-01-2025T14:48:37 - [TEST_STEP][PASSED] - else: null

25-01-2025T14:48:37 - [TEST_STEP][PASSED] - inList = false: null

25-01-2025T14:48:37 - [TEST_STEP][PASSED] - if (myType == "checkbox"): null

25-01-2025T14:48:37 - [TEST_STEP][PASSED] - myStatus = element.isSelected(): null

25-01-2025T14:48:37 - [TEST_STEP][PASSED] - if (debug): null

25-01-2025T14:48:37 - [TEST_STEP][PASSED] - println("Label " + myValue + " checked status is " + myStatus + " and in list status is " + inList): null

25-01-2025T14:48:37 - [TEST_STEP][PASSED] - if (toggle && myStatus && inList): null

25-01-2025T14:48:37 - [TEST_STEP][PASSED] - if (!(myStatus) && inList || myStatus && !(inList)): null

25-01-2025T14:48:37 - [TEST_STEP][PASSED] - myValue = element.getAttribute("value"): null

25-01-2025T14:48:37 - [TEST_STEP][PASSED] - if (debug): null

25-01-2025T14:48:37 - [TEST_STEP][PASSED] - println("Element label is "" + myValue + """): null

25-01-2025T14:48:37 - [TEST_STEP][PASSED] - if (myValue.length() >= 4): null

25-01-2025T14:48:37 - [TEST_STEP][PASSED] - if (myValue.substring(0, 4) == "(!) "): null

25-01-2025T14:48:37 - [TEST_STEP][PASSED] - myObj = convertWebElementToTestObject(element): null

25-01-2025T14:48:37 - [TEST_STEP][PASSED] - myType = element.getAttribute("type"): null

25-01-2025T14:48:37 - [TEST_STEP][PASSED] - if (myValue in varParms[i]): null

25-01-2025T14:48:37 - [TEST_STEP][PASSED] - inList = true: null

25-01-2025T14:48:37 - [TEST_STEP][PASSED] - if (myType == "checkbox"): null

25-01-2025T14:48:37 - [TEST_STEP][PASSED] - myStatus = element.isSelected(): null

25-01-2025T14:48:37 - [TEST_STEP][PASSED] - if (debug): null

25-01-2025T14:48:37 - [TEST_STEP][PASSED] - println("Label " + myValue + " checked status is " + myStatus + " and in list status is " + inList): null

25-01-2025T14:48:37 - [TEST_STEP][PASSED] - if (toggle && myStatus && inList): null

25-01-2025T14:48:37 - [TEST_STEP][PASSED] - if (!(myStatus) && inList || myStatus && !(inList)): null

25-01-2025T14:48:37 - [TEST_STEP][PASSED] - if (debug): null

25-01-2025T14:48:37 - [TEST_STEP][PASSED] - println("Clicking " + myValue): null

25-01-2025T14:48:37 - [TEST_STEP][PASSED] - println("Clicking " + myValue): null

25-01-2025T14:48:37 - [TEST_STEP][PASSED] - click(myObj): null

25-01-2025T14:48:37 - [TEST_STEP][PASSED] - scrollToObject(object): null

25-01-2025T14:48:37 - [TEST_STEP][PASSED] - println("Converting " + object + " to web element"): null

25-01-2025T14:48:37 - [TEST_STEP][PASSED] - element = findWebElement(object, 1): null

25-01-2025T14:48:37 - [TEST_STEP][PASSED] - loc = element.getLocation(): null

25-01-2025T14:48:37 - [TEST_STEP][PASSED] - y = loc.getY(): null

25-01-2025T14:48:37 - [TEST_STEP][PASSED] - println("Y location is " + y): null

25-01-2025T14:48:37 - [TEST_STEP][PASSED] - top = getViewportTopPosition(): Current viewport's top (y) position is 686

25-01-2025T14:48:37 - [MESSAGE][PASSED] - Current viewport's top (y) position is 686

25-01-2025T14:48:37 - [TEST_STEP][PASSED] - println("Viewport top is " + top): null

25-01-2025T14:48:37 - [TEST_STEP][PASSED] - bottom = top + 600: null

25-01-2025T14:48:37 - [TEST_STEP][PASSED] - if (y - top < 150 || bottom - y < 10): null

25-01-2025T14:48:37 - [TEST_STEP][PASSED] - click(object): null

25-01-2025T14:48:37 - [MESSAGE][PASSED] - Object: '' is clicked on

25-01-2025T14:48:37 - [TEST_STEP][PASSED] - myValue = element.getAttribute("value"): null

25-01-2025T14:48:37 - [TEST_STEP][PASSED] - if (debug): null

25-01-2025T14:48:37 - [TEST_STEP][PASSED] - println("Element label is "" + myValue + """): null

25-01-2025T14:48:37 - [TEST_STEP][PASSED] - if (myValue.length() >= 4): null

25-01-2025T14:48:37 - [TEST_STEP][PASSED] - if (myValue.substring(0, 4) == "(!) "): null

25-01-2025T14:48:37 - [TEST_STEP][PASSED] - myObj = convertWebElementToTestObject(element): null

25-01-2025T14:48:37 - [TEST_STEP][PASSED] - myType = element.getAttribute("type"): null

25-01-2025T14:48:37 - [TEST_STEP][PASSED] - if (myValue in varParms[i]): null

25-01-2025T14:48:37 - [TEST_STEP][PASSED] - else: null

25-01-2025T14:48:37 - [TEST_STEP][PASSED] - inList = false: null

25-01-2025T14:48:37 - [TEST_STEP][PASSED] - if (myType == "checkbox"): null

25-01-2025T14:48:37 - [TEST_STEP][PASSED] - myStatus = element.isSelected(): null

25-01-2025T14:48:37 - [TEST_STEP][PASSED] - if (debug): null

25-01-2025T14:48:37 - [TEST_STEP][PASSED] - println("Label " + myValue + " checked status is " + myStatus + " and in list status is " + inList): null

25-01-2025T14:48:37 - [TEST_STEP][PASSED] - if (toggle && myStatus && inList): null

25-01-2025T14:48:37 - [TEST_STEP][PASSED] - if (!(myStatus) && inList || myStatus && !(inList)): null

25-01-2025T14:48:37 - [TEST_STEP][PASSED] - myValue = element.getAttribute("value"): null

25-01-2025T14:48:37 - [TEST_STEP][PASSED] - if (debug): null

25-01-2025T14:48:37 - [TEST_STEP][PASSED] - println("Element label is "" + myValue + """): null

25-01-2025T14:48:37 - [TEST_STEP][PASSED] - if (myValue.length() >= 4): null

25-01-2025T14:48:37 - [TEST_STEP][PASSED] - if (myValue.substring(0, 4) == "(!) "): null

25-01-2025T14:48:37 - [TEST_STEP][PASSED] - myObj = convertWebElementToTestObject(element): null

25-01-2025T14:48:37 - [TEST_STEP][PASSED] - myType = element.getAttribute("type"): null

25-01-2025T14:48:37 - [TEST_STEP][PASSED] - if (myValue in varParms[i]): null

25-01-2025T14:48:37 - [TEST_STEP][PASSED] - else: null

25-01-2025T14:48:37 - [TEST_STEP][PASSED] - inList = false: null

25-01-2025T14:48:37 - [TEST_STEP][PASSED] - if (myType == "checkbox"): null

25-01-2025T14:48:37 - [TEST_STEP][PASSED] - myStatus = element.isSelected(): null

25-01-2025T14:48:37 - [TEST_STEP][PASSED] - if (debug): null

25-01-2025T14:48:37 - [TEST_STEP][PASSED] - println("Label " + myValue + " checked status is " + myStatus + " and in list status is " + inList): null

25-01-2025T14:48:37 - [TEST_STEP][PASSED] - if (toggle && myStatus && inList): null

25-01-2025T14:48:37 - [TEST_STEP][PASSED] - if (!(myStatus) && inList || myStatus && !(inList)): null

25-01-2025T14:48:37 - [TEST_STEP][PASSED] - myValue = element.getAttribute("value"): null

25-01-2025T14:48:37 - [TEST_STEP][PASSED] - if (debug): null

25-01-2025T14:48:37 - [TEST_STEP][PASSED] - println("Element label is "" + myValue + """): null

25-01-2025T14:48:37 - [TEST_STEP][PASSED] - if (myValue.length() >= 4): null

25-01-2025T14:48:37 - [TEST_STEP][PASSED] - if (myValue.substring(0, 4) == "(!) "): null

25-01-2025T14:48:37 - [TEST_STEP][PASSED] - myObj = convertWebElementToTestObject(element): null

25-01-2025T14:48:37 - [TEST_STEP][PASSED] - myType = element.getAttribute("type"): null

25-01-2025T14:48:37 - [TEST_STEP][PASSED] - if (myValue in varParms[i]): null

25-01-2025T14:48:37 - [TEST_STEP][PASSED] - else: null

25-01-2025T14:48:37 - [TEST_STEP][PASSED] - inList = false: null

25-01-2025T14:48:37 - [TEST_STEP][PASSED] - if (myType == "checkbox"): null

25-01-2025T14:48:37 - [TEST_STEP][PASSED] - myStatus = element.isSelected(): null

25-01-2025T14:48:37 - [TEST_STEP][PASSED] - if (debug): null

25-01-2025T14:48:37 - [TEST_STEP][PASSED] - println("Label " + myValue + " checked status is " + myStatus + " and in list status is " + inList): null

25-01-2025T14:48:37 - [TEST_STEP][PASSED] - if (toggle && myStatus && inList): null

25-01-2025T14:48:37 - [TEST_STEP][PASSED] - if (!(myStatus) && inList || myStatus && !(inList)): null

25-01-2025T14:48:37 - [TEST_STEP][PASSED] - myValue = element.getAttribute("value"): null

25-01-2025T14:48:37 - [TEST_STEP][PASSED] - if (debug): null

25-01-2025T14:48:37 - [TEST_STEP][PASSED] - println("Element label is "" + myValue + """): null

25-01-2025T14:48:37 - [TEST_STEP][PASSED] - if (myValue.length() >= 4): null

25-01-2025T14:48:37 - [TEST_STEP][PASSED] - if (myValue.substring(0, 4) == "(!) "): null

25-01-2025T14:48:37 - [TEST_STEP][PASSED] - myObj = convertWebElementToTestObject(element): null

25-01-2025T14:48:37 - [TEST_STEP][PASSED] - myType = element.getAttribute("type"): null

25-01-2025T14:48:37 - [TEST_STEP][PASSED] - if (myValue in varParms[i]): null

25-01-2025T14:48:37 - [TEST_STEP][PASSED] - else: null

25-01-2025T14:48:37 - [TEST_STEP][PASSED] - inList = false: null

25-01-2025T14:48:37 - [TEST_STEP][PASSED] - if (myType == "checkbox"): null

25-01-2025T14:48:37 - [TEST_STEP][PASSED] - myStatus = element.isSelected(): null

25-01-2025T14:48:37 - [TEST_STEP][PASSED] - if (debug): null

25-01-2025T14:48:37 - [TEST_STEP][PASSED] - println("Label " + myValue + " checked status is " + myStatus + " and in list status is " + inList): null

25-01-2025T14:48:37 - [TEST_STEP][PASSED] - if (toggle && myStatus && inList): null

25-01-2025T14:48:37 - [TEST_STEP][PASSED] - if (!(myStatus) && inList || myStatus && !(inList)): null

25-01-2025T14:48:37 - [TEST_STEP][PASSED] - myValue = element.getAttribute("value"): null

25-01-2025T14:48:37 - [TEST_STEP][PASSED] - if (debug): null

25-01-2025T14:48:37 - [TEST_STEP][PASSED] - println("Element label is "" + myValue + """): null

25-01-2025T14:48:37 - [TEST_STEP][PASSED] - if (myValue.length() >= 4): null

25-01-2025T14:48:37 - [TEST_STEP][PASSED] - if (myValue.substring(0, 4) == "(!) "): null

25-01-2025T14:48:37 - [TEST_STEP][PASSED] - myObj = convertWebElementToTestObject(element): null

25-01-2025T14:48:37 - [TEST_STEP][PASSED] - myType = element.getAttribute("type"): null

25-01-2025T14:48:37 - [TEST_STEP][PASSED] - if (myValue in varParms[i]): null

25-01-2025T14:48:37 - [TEST_STEP][PASSED] - inList = true: null

25-01-2025T14:48:37 - [TEST_STEP][PASSED] - if (myType == "checkbox"): null

25-01-2025T14:48:37 - [TEST_STEP][PASSED] - myStatus = element.isSelected(): null

25-01-2025T14:48:37 - [TEST_STEP][PASSED] - if (debug): null

25-01-2025T14:48:37 - [TEST_STEP][PASSED] - println("Label " + myValue + " checked status is " + myStatus + " and in list status is " + inList): null

25-01-2025T14:48:37 - [TEST_STEP][PASSED] - if (toggle && myStatus && inList): null

25-01-2025T14:48:37 - [TEST_STEP][PASSED] - if (!(myStatus) && inList || myStatus && !(inList)): null

25-01-2025T14:48:37 - [TEST_STEP][PASSED] - if (debug): null

25-01-2025T14:48:37 - [TEST_STEP][PASSED] - println("Clicking " + myValue): null

25-01-2025T14:48:37 - [TEST_STEP][PASSED] - println("Clicking " + myValue): null

25-01-2025T14:48:37 - [TEST_STEP][PASSED] - click(myObj): null

25-01-2025T14:48:37 - [TEST_STEP][PASSED] - scrollToObject(object): null

25-01-2025T14:48:37 - [TEST_STEP][PASSED] - println("Converting " + object + " to web element"): null

25-01-2025T14:48:37 - [TEST_STEP][PASSED] - element = findWebElement(object, 1): null

25-01-2025T14:48:37 - [TEST_STEP][PASSED] - loc = element.getLocation(): null

25-01-2025T14:48:37 - [TEST_STEP][PASSED] - y = loc.getY(): null

25-01-2025T14:48:37 - [TEST_STEP][PASSED] - println("Y location is " + y): null

25-01-2025T14:48:37 - [TEST_STEP][PASSED] - top = getViewportTopPosition(): Current viewport's top (y) position is 686

25-01-2025T14:48:37 - [MESSAGE][PASSED] - Current viewport's top (y) position is 686

25-01-2025T14:48:37 - [TEST_STEP][PASSED] - println("Viewport top is " + top): null

25-01-2025T14:48:37 - [TEST_STEP][PASSED] - bottom = top + 600: null

25-01-2025T14:48:37 - [TEST_STEP][PASSED] - if (y - top < 150 || bottom - y < 10): Delayed 1 second(s)

25-01-2025T14:48:37 - [TEST_STEP][PASSED] - scrollToPosition(0, y - 150): Browser is scrolled to position x = 0, y = 1236

25-01-2025T14:48:37 - [MESSAGE][PASSED] - Browser is scrolled to position x = 0, y = 1236

25-01-2025T14:48:37 - [TEST_STEP][PASSED] - delay(1): Delayed 1 second(s)

25-01-2025T14:48:38 - [MESSAGE][PASSED] - Delayed 1 second(s)

25-01-2025T14:48:38 - [TEST_STEP][PASSED] - click(object): null

25-01-2025T14:48:38 - [MESSAGE][PASSED] - Object: '' is clicked on

25-01-2025T14:48:38 - [TEST_STEP][PASSED] - myValue = element.getAttribute("value"): null

25-01-2025T14:48:38 - [TEST_STEP][PASSED] - if (debug): null

25-01-2025T14:48:38 - [TEST_STEP][PASSED] - println("Element label is "" + myValue + """): null

25-01-2025T14:48:38 - [TEST_STEP][PASSED] - if (myValue.length() >= 4): null

25-01-2025T14:48:38 - [TEST_STEP][PASSED] - if (myValue.substring(0, 4) == "(!) "): null

25-01-2025T14:48:38 - [TEST_STEP][PASSED] - myObj = convertWebElementToTestObject(element): null

25-01-2025T14:48:38 - [TEST_STEP][PASSED] - myType = element.getAttribute("type"): null

25-01-2025T14:48:38 - [TEST_STEP][PASSED] - if (myValue in varParms[i]): null

25-01-2025T14:48:38 - [TEST_STEP][PASSED] - else: null

25-01-2025T14:48:38 - [TEST_STEP][PASSED] - inList = false: null

25-01-2025T14:48:40 - [TEST_STEP][PASSED] - if (myType == "checkbox"): null

25-01-2025T14:48:40 - [TEST_STEP][PASSED] - myStatus = element.isSelected(): null

25-01-2025T14:48:40 - [TEST_STEP][PASSED] - if (debug): null

25-01-2025T14:48:40 - [TEST_STEP][PASSED] - println("Label " + myValue + " checked status is " + myStatus + " and in list status is " + inList): null

25-01-2025T14:48:40 - [TEST_STEP][PASSED] - if (toggle && myStatus && inList): null

25-01-2025T14:48:40 - [TEST_STEP][PASSED] - if (!(myStatus) && inList || myStatus && !(inList)): null

25-01-2025T14:48:40 - [TEST_STEP][PASSED] - myValue = element.getAttribute("value"): null

25-01-2025T14:48:40 - [TEST_STEP][PASSED] - if (debug): null

25-01-2025T14:48:40 - [TEST_STEP][PASSED] - println("Element label is "" + myValue + """): null

25-01-2025T14:48:40 - [TEST_STEP][PASSED] - if (myValue.length() >= 4): null

25-01-2025T14:48:40 - [TEST_STEP][PASSED] - if (myValue.substring(0, 4) == "(!) "): null

25-01-2025T14:48:40 - [TEST_STEP][PASSED] - myObj = convertWebElementToTestObject(element): null

25-01-2025T14:48:40 - [TEST_STEP][PASSED] - myType = element.getAttribute("type"): null

25-01-2025T14:48:40 - [TEST_STEP][PASSED] - if (myValue in varParms[i]): null

25-01-2025T14:48:40 - [TEST_STEP][PASSED] - else: null

25-01-2025T14:48:40 - [TEST_STEP][PASSED] - inList = false: null

25-01-2025T14:48:40 - [TEST_STEP][PASSED] - if (myType == "checkbox"): null

25-01-2025T14:48:40 - [TEST_STEP][PASSED] - myStatus = element.isSelected(): null

25-01-2025T14:48:40 - [TEST_STEP][PASSED] - if (debug): null

25-01-2025T14:48:40 - [TEST_STEP][PASSED] - println("Label " + myValue + " checked status is " + myStatus + " and in list status is " + inList): null

25-01-2025T14:48:40 - [TEST_STEP][PASSED] - if (toggle && myStatus && inList): null

25-01-2025T14:48:40 - [TEST_STEP][PASSED] - if (!(myStatus) && inList || myStatus && !(inList)): null

25-01-2025T14:48:40 - [TEST_STEP][PASSED] - myValue = element.getAttribute("value"): null

25-01-2025T14:48:40 - [TEST_STEP][PASSED] - if (debug): null

25-01-2025T14:48:40 - [TEST_STEP][PASSED] - println("Element label is "" + myValue + """): null

25-01-2025T14:48:40 - [TEST_STEP][PASSED] - if (myValue.length() >= 4): null

25-01-2025T14:48:40 - [TEST_STEP][PASSED] - if (myValue.substring(0, 4) == "(!) "): null

25-01-2025T14:48:40 - [TEST_STEP][PASSED] - myObj = convertWebElementToTestObject(element): null

25-01-2025T14:48:40 - [TEST_STEP][PASSED] - myType = element.getAttribute("type"): null

25-01-2025T14:48:40 - [TEST_STEP][PASSED] - if (myValue in varParms[i]): null

25-01-2025T14:48:40 - [TEST_STEP][PASSED] - else: null

25-01-2025T14:48:40 - [TEST_STEP][PASSED] - inList = false: null

25-01-2025T14:48:40 - [TEST_STEP][PASSED] - if (myType == "checkbox"): null

25-01-2025T14:48:40 - [TEST_STEP][PASSED] - myStatus = element.isSelected(): null

25-01-2025T14:48:40 - [TEST_STEP][PASSED] - if (debug): null

25-01-2025T14:48:40 - [TEST_STEP][PASSED] - println("Label " + myValue + " checked status is " + myStatus + " and in list status is " + inList): null

25-01-2025T14:48:40 - [TEST_STEP][PASSED] - if (toggle && myStatus && inList): null

25-01-2025T14:48:40 - [TEST_STEP][PASSED] - if (!(myStatus) && inList || myStatus && !(inList)): null

25-01-2025T14:48:40 - [TEST_STEP][PASSED] - myValue = element.getAttribute("value"): null

25-01-2025T14:48:40 - [TEST_STEP][PASSED] - if (debug): null

25-01-2025T14:48:40 - [TEST_STEP][PASSED] - println("Element label is "" + myValue + """): null

25-01-2025T14:48:40 - [TEST_STEP][PASSED] - if (myValue.length() >= 4): null

25-01-2025T14:48:40 - [TEST_STEP][PASSED] - if (myValue.substring(0, 4) == "(!) "): null

25-01-2025T14:48:40 - [TEST_STEP][PASSED] - myObj = convertWebElementToTestObject(element): null

25-01-2025T14:48:40 - [TEST_STEP][PASSED] - myType = element.getAttribute("type"): null

25-01-2025T14:48:40 - [TEST_STEP][PASSED] - if (myValue in varParms[i]): null

25-01-2025T14:48:40 - [TEST_STEP][PASSED] - else: null

25-01-2025T14:48:40 - [TEST_STEP][PASSED] - inList = false: null

25-01-2025T14:48:40 - [TEST_STEP][PASSED] - if (myType == "checkbox"): null

25-01-2025T14:48:40 - [TEST_STEP][PASSED] - myStatus = element.isSelected(): null

25-01-2025T14:48:40 - [TEST_STEP][PASSED] - if (debug): null

25-01-2025T14:48:40 - [TEST_STEP][PASSED] - println("Label " + myValue + " checked status is " + myStatus + " and in list status is " + inList): null

25-01-2025T14:48:40 - [TEST_STEP][PASSED] - if (toggle && myStatus && inList): null

25-01-2025T14:48:40 - [TEST_STEP][PASSED] - if (!(myStatus) && inList || myStatus && !(inList)): null

25-01-2025T14:48:40 - [TEST_STEP][PASSED] - myValue = element.getAttribute("value"): null

25-01-2025T14:48:40 - [TEST_STEP][PASSED] - if (debug): null

25-01-2025T14:48:40 - [TEST_STEP][PASSED] - println("Element label is "" + myValue + """): null

25-01-2025T14:48:40 - [TEST_STEP][PASSED] - if (myValue.length() >= 4): null

25-01-2025T14:48:40 - [TEST_STEP][PASSED] - if (myValue.substring(0, 4) == "(!) "): null

25-01-2025T14:48:40 - [TEST_STEP][PASSED] - myObj = convertWebElementToTestObject(element): null

25-01-2025T14:48:40 - [TEST_STEP][PASSED] - myType = element.getAttribute("type"): null

25-01-2025T14:48:40 - [TEST_STEP][PASSED] - if (myValue in varParms[i]): null

25-01-2025T14:48:40 - [TEST_STEP][PASSED] - else: null

25-01-2025T14:48:40 - [TEST_STEP][PASSED] - inList = false: null

25-01-2025T14:48:40 - [TEST_STEP][PASSED] - if (myType == "checkbox"): null

25-01-2025T14:48:40 - [TEST_STEP][PASSED] - myStatus = element.isSelected(): null

25-01-2025T14:48:40 - [TEST_STEP][PASSED] - if (debug): null

25-01-2025T14:48:40 - [TEST_STEP][PASSED] - println("Label " + myValue + " checked status is " + myStatus + " and in list status is " + inList): null

25-01-2025T14:48:40 - [TEST_STEP][PASSED] - if (toggle && myStatus && inList): null

25-01-2025T14:48:40 - [TEST_STEP][PASSED] - if (!(myStatus) && inList || myStatus && !(inList)): null

25-01-2025T14:48:40 - [TEST_STEP][PASSED] - myValue = element.getAttribute("value"): null

25-01-2025T14:48:40 - [TEST_STEP][PASSED] - if (debug): null

25-01-2025T14:48:40 - [TEST_STEP][PASSED] - println("Element label is "" + myValue + """): null

25-01-2025T14:48:40 - [TEST_STEP][PASSED] - if (myValue.length() >= 4): null

25-01-2025T14:48:40 - [TEST_STEP][PASSED] - if (myValue.substring(0, 4) == "(!) "): null

25-01-2025T14:48:40 - [TEST_STEP][PASSED] - myObj = convertWebElementToTestObject(element): null

25-01-2025T14:48:40 - [TEST_STEP][PASSED] - myType = element.getAttribute("type"): null

25-01-2025T14:48:40 - [TEST_STEP][PASSED] - if (myValue in varParms[i]): null

25-01-2025T14:48:40 - [TEST_STEP][PASSED] - else: null

25-01-2025T14:48:40 - [TEST_STEP][PASSED] - inList = false: null

25-01-2025T14:48:40 - [TEST_STEP][PASSED] - if (myType == "checkbox"): null

25-01-2025T14:48:40 - [TEST_STEP][PASSED] - myStatus = element.isSelected(): null

25-01-2025T14:48:40 - [TEST_STEP][PASSED] - if (debug): null

25-01-2025T14:48:40 - [TEST_STEP][PASSED] - println("Label " + myValue + " checked status is " + myStatus + " and in list status is " + inList): null

25-01-2025T14:48:40 - [TEST_STEP][PASSED] - if (toggle && myStatus && inList): null

25-01-2025T14:48:40 - [TEST_STEP][PASSED] - if (!(myStatus) && inList || myStatus && !(inList)): null

25-01-2025T14:48:40 - [TEST_STEP][PASSED] - myValue = element.getAttribute("value"): null

25-01-2025T14:48:40 - [TEST_STEP][PASSED] - if (debug): null

25-01-2025T14:48:40 - [TEST_STEP][PASSED] - println("Element label is "" + myValue + """): null

25-01-2025T14:48:40 - [TEST_STEP][PASSED] - if (myValue.length() >= 4): null

25-01-2025T14:48:40 - [TEST_STEP][PASSED] - if (myValue.substring(0, 4) == "(!) "): null

25-01-2025T14:48:40 - [TEST_STEP][PASSED] - myObj = convertWebElementToTestObject(element): null

25-01-2025T14:48:40 - [TEST_STEP][PASSED] - myType = element.getAttribute("type"): null

25-01-2025T14:48:40 - [TEST_STEP][PASSED] - if (myValue in varParms[i]): null

25-01-2025T14:48:40 - [TEST_STEP][PASSED] - else: null

25-01-2025T14:48:40 - [TEST_STEP][PASSED] - inList = false: null

25-01-2025T14:48:40 - [TEST_STEP][PASSED] - if (myType == "checkbox"): null

25-01-2025T14:48:40 - [TEST_STEP][PASSED] - myStatus = element.isSelected(): null

25-01-2025T14:48:40 - [TEST_STEP][PASSED] - if (debug): null

25-01-2025T14:48:40 - [TEST_STEP][PASSED] - println("Label " + myValue + " checked status is " + myStatus + " and in list status is " + inList): null

25-01-2025T14:48:40 - [TEST_STEP][PASSED] - if (toggle && myStatus && inList): null

25-01-2025T14:48:40 - [TEST_STEP][PASSED] - if (!(myStatus) && inList || myStatus && !(inList)): null

25-01-2025T14:48:40 - [TEST_STEP][PASSED] - myValue = element.getAttribute("value"): null

25-01-2025T14:48:40 - [TEST_STEP][PASSED] - if (debug): null

25-01-2025T14:48:40 - [TEST_STEP][PASSED] - println("Element label is "" + myValue + """): null

25-01-2025T14:48:40 - [TEST_STEP][PASSED] - if (myValue.length() >= 4): null

25-01-2025T14:48:40 - [TEST_STEP][PASSED] - if (myValue.substring(0, 4) == "(!) "): null

25-01-2025T14:48:40 - [TEST_STEP][PASSED] - myObj = convertWebElementToTestObject(element): null

25-01-2025T14:48:40 - [TEST_STEP][PASSED] - myType = element.getAttribute("type"): null

25-01-2025T14:48:40 - [TEST_STEP][PASSED] - if (myValue in varParms[i]): null

25-01-2025T14:48:40 - [TEST_STEP][PASSED] - else: null

25-01-2025T14:48:40 - [TEST_STEP][PASSED] - inList = false: null

25-01-2025T14:48:40 - [TEST_STEP][PASSED] - if (myType == "checkbox"): null

25-01-2025T14:48:40 - [TEST_STEP][PASSED] - myStatus = element.isSelected(): null

25-01-2025T14:48:40 - [TEST_STEP][PASSED] - if (debug): null

25-01-2025T14:48:40 - [TEST_STEP][PASSED] - println("Label " + myValue + " checked status is " + myStatus + " and in list status is " + inList): null

25-01-2025T14:48:40 - [TEST_STEP][PASSED] - if (toggle && myStatus && inList): null

25-01-2025T14:48:40 - [TEST_STEP][PASSED] - if (!(myStatus) && inList || myStatus && !(inList)): null

25-01-2025T14:48:40 - [TEST_STEP][PASSED] - myValue = element.getAttribute("value"): null

25-01-2025T14:48:40 - [TEST_STEP][PASSED] - if (debug): null

25-01-2025T14:48:40 - [TEST_STEP][PASSED] - println("Element label is "" + myValue + """): null

25-01-2025T14:48:40 - [TEST_STEP][PASSED] - if (myValue.length() >= 4): null

25-01-2025T14:48:40 - [TEST_STEP][PASSED] - if (myValue.substring(0, 4) == "(!) "): null

25-01-2025T14:48:40 - [TEST_STEP][PASSED] - myObj = convertWebElementToTestObject(element): null

25-01-2025T14:48:40 - [TEST_STEP][PASSED] - myType = element.getAttribute("type"): null

25-01-2025T14:48:40 - [TEST_STEP][PASSED] - if (myValue in varParms[i]): null

25-01-2025T14:48:40 - [TEST_STEP][PASSED] - else: null

25-01-2025T14:48:40 - [TEST_STEP][PASSED] - inList = false: null

25-01-2025T14:48:40 - [TEST_STEP][PASSED] - if (myType == "checkbox"): null

25-01-2025T14:48:40 - [TEST_STEP][PASSED] - myStatus = element.isSelected(): null

25-01-2025T14:48:40 - [TEST_STEP][PASSED] - if (debug): null

25-01-2025T14:48:40 - [TEST_STEP][PASSED] - println("Label " + myValue + " checked status is " + myStatus + " and in list status is " + inList): null

25-01-2025T14:48:40 - [TEST_STEP][PASSED] - if (toggle && myStatus && inList): null

25-01-2025T14:48:40 - [TEST_STEP][PASSED] - if (!(myStatus) && inList || myStatus && !(inList)): null

25-01-2025T14:48:40 - [TEST_STEP][PASSED] - myValue = element.getAttribute("value"): null

25-01-2025T14:48:40 - [TEST_STEP][PASSED] - if (debug): null

25-01-2025T14:48:40 - [TEST_STEP][PASSED] - println("Element label is "" + myValue + """): null

25-01-2025T14:48:40 - [TEST_STEP][PASSED] - if (myValue.length() >= 4): null

25-01-2025T14:48:40 - [TEST_STEP][PASSED] - if (myValue.substring(0, 4) == "(!) "): null

25-01-2025T14:48:40 - [TEST_STEP][PASSED] - myObj = convertWebElementToTestObject(element): null

25-01-2025T14:48:40 - [TEST_STEP][PASSED] - myType = element.getAttribute("type"): null

25-01-2025T14:48:40 - [TEST_STEP][PASSED] - if (myValue in varParms[i]): null

25-01-2025T14:48:40 - [TEST_STEP][PASSED] - else: null

25-01-2025T14:48:40 - [TEST_STEP][PASSED] - inList = false: null

25-01-2025T14:48:40 - [TEST_STEP][PASSED] - if (myType == "checkbox"): null

25-01-2025T14:48:40 - [TEST_STEP][PASSED] - myStatus = element.isSelected(): null

25-01-2025T14:48:40 - [TEST_STEP][PASSED] - if (debug): null

25-01-2025T14:48:40 - [TEST_STEP][PASSED] - println("Label " + myValue + " checked status is " + myStatus + " and in list status is " + inList): null

25-01-2025T14:48:40 - [TEST_STEP][PASSED] - if (toggle && myStatus && inList): null

25-01-2025T14:48:40 - [TEST_STEP][PASSED] - if (!(myStatus) && inList || myStatus && !(inList)): null

25-01-2025T14:48:40 - [TEST_STEP][PASSED] - myValue = element.getAttribute("value"): null

25-01-2025T14:48:40 - [TEST_STEP][PASSED] - if (debug): null

25-01-2025T14:48:40 - [TEST_STEP][PASSED] - println("Element label is "" + myValue + """): null

25-01-2025T14:48:40 - [TEST_STEP][PASSED] - if (myValue.length() >= 4): null

25-01-2025T14:48:40 - [TEST_STEP][PASSED] - if (myValue.substring(0, 4) == "(!) "): null

25-01-2025T14:48:40 - [TEST_STEP][PASSED] - myObj = convertWebElementToTestObject(element): null

25-01-2025T14:48:40 - [TEST_STEP][PASSED] - myType = element.getAttribute("type"): null

25-01-2025T14:48:40 - [TEST_STEP][PASSED] - if (myValue in varParms[i]): null

25-01-2025T14:48:40 - [TEST_STEP][PASSED] - else: null

25-01-2025T14:48:40 - [TEST_STEP][PASSED] - inList = false: null

25-01-2025T14:48:40 - [TEST_STEP][PASSED] - if (myType == "checkbox"): null

25-01-2025T14:48:40 - [TEST_STEP][PASSED] - myStatus = element.isSelected(): null

25-01-2025T14:48:40 - [TEST_STEP][PASSED] - if (debug): null

25-01-2025T14:48:40 - [TEST_STEP][PASSED] - println("Label " + myValue + " checked status is " + myStatus + " and in list status is " + inList): null

25-01-2025T14:48:40 - [TEST_STEP][PASSED] - if (toggle && myStatus && inList): null

25-01-2025T14:48:40 - [TEST_STEP][PASSED] - if (!(myStatus) && inList || myStatus && !(inList)): null

25-01-2025T14:48:40 - [TEST_STEP][PASSED] - myValue = element.getAttribute("value"): null

25-01-2025T14:48:40 - [TEST_STEP][PASSED] - if (debug): null

25-01-2025T14:48:40 - [TEST_STEP][PASSED] - println("Element label is "" + myValue + """): null

25-01-2025T14:48:40 - [TEST_STEP][PASSED] - if (myValue.length() >= 4): null

25-01-2025T14:48:40 - [TEST_STEP][PASSED] - if (myValue.substring(0, 4) == "(!) "): null

25-01-2025T14:48:40 - [TEST_STEP][PASSED] - myObj = convertWebElementToTestObject(element): null

25-01-2025T14:48:40 - [TEST_STEP][PASSED] - myType = element.getAttribute("type"): null

25-01-2025T14:48:40 - [TEST_STEP][PASSED] - if (myValue in varParms[i]): null

25-01-2025T14:48:40 - [TEST_STEP][PASSED] - else: null

25-01-2025T14:48:40 - [TEST_STEP][PASSED] - inList = false: null

25-01-2025T14:48:40 - [TEST_STEP][PASSED] - if (myType == "checkbox"): null

25-01-2025T14:48:40 - [TEST_STEP][PASSED] - myStatus = element.isSelected(): null

25-01-2025T14:48:40 - [TEST_STEP][PASSED] - if (debug): null

25-01-2025T14:48:40 - [TEST_STEP][PASSED] - println("Label " + myValue + " checked status is " + myStatus + " and in list status is " + inList): null

25-01-2025T14:48:40 - [TEST_STEP][PASSED] - if (toggle && myStatus && inList): null

25-01-2025T14:48:40 - [TEST_STEP][PASSED] - if (!(myStatus) && inList || myStatus && !(inList)): null

25-01-2025T14:48:40 - [TEST_STEP][PASSED] - myValue = element.getAttribute("value"): null

25-01-2025T14:48:40 - [TEST_STEP][PASSED] - if (debug): null

25-01-2025T14:48:40 - [TEST_STEP][PASSED] - println("Element label is "" + myValue + """): null

25-01-2025T14:48:40 - [TEST_STEP][PASSED] - if (myValue.length() >= 4): null

25-01-2025T14:48:40 - [TEST_STEP][PASSED] - if (myValue.substring(0, 4) == "(!) "): null

25-01-2025T14:48:40 - [TEST_STEP][PASSED] - myObj = convertWebElementToTestObject(element): null

25-01-2025T14:48:40 - [TEST_STEP][PASSED] - myType = element.getAttribute("type"): null

25-01-2025T14:48:40 - [TEST_STEP][PASSED] - if (myValue in varParms[i]): null

25-01-2025T14:48:40 - [TEST_STEP][PASSED] - else: null

25-01-2025T14:48:40 - [TEST_STEP][PASSED] - inList = false: null

25-01-2025T14:48:40 - [TEST_STEP][PASSED] - if (myType == "checkbox"): null

25-01-2025T14:48:40 - [TEST_STEP][PASSED] - myStatus = element.isSelected(): null

25-01-2025T14:48:40 - [TEST_STEP][PASSED] - if (debug): null

25-01-2025T14:48:40 - [TEST_STEP][PASSED] - println("Label " + myValue + " checked status is " + myStatus + " and in list status is " + inList): null

25-01-2025T14:48:40 - [TEST_STEP][PASSED] - if (toggle && myStatus && inList): null

25-01-2025T14:48:40 - [TEST_STEP][PASSED] - if (!(myStatus) && inList || myStatus && !(inList)): null

25-01-2025T14:48:40 - [TEST_STEP][PASSED] - myValue = element.getAttribute("value"): null

25-01-2025T14:48:40 - [TEST_STEP][PASSED] - if (debug): null

25-01-2025T14:48:40 - [TEST_STEP][PASSED] - println("Element label is "" + myValue + """): null

25-01-2025T14:48:40 - [TEST_STEP][PASSED] - if (myValue.length() >= 4): null

25-01-2025T14:48:40 - [TEST_STEP][PASSED] - if (myValue.substring(0, 4) == "(!) "): null

25-01-2025T14:48:40 - [TEST_STEP][PASSED] - myObj = convertWebElementToTestObject(element): null

25-01-2025T14:48:40 - [TEST_STEP][PASSED] - myType = element.getAttribute("type"): null

25-01-2025T14:48:40 - [TEST_STEP][PASSED] - if (myValue in varParms[i]): null

25-01-2025T14:48:40 - [TEST_STEP][PASSED] - else: null

25-01-2025T14:48:40 - [TEST_STEP][PASSED] - inList = false: null

25-01-2025T14:48:40 - [TEST_STEP][PASSED] - if (myType == "checkbox"): null

25-01-2025T14:48:40 - [TEST_STEP][PASSED] - myStatus = element.isSelected(): null

25-01-2025T14:48:40 - [TEST_STEP][PASSED] - if (debug): null

25-01-2025T14:48:40 - [TEST_STEP][PASSED] - println("Label " + myValue + " checked status is " + myStatus + " and in list status is " + inList): null

25-01-2025T14:48:40 - [TEST_STEP][PASSED] - if (toggle && myStatus && inList): null

25-01-2025T14:48:40 - [TEST_STEP][PASSED] - if (!(myStatus) && inList || myStatus && !(inList)): null

25-01-2025T14:48:40 - [TEST_STEP][PASSED] - myValue = element.getAttribute("value"): null

25-01-2025T14:48:40 - [TEST_STEP][PASSED] - if (debug): null

25-01-2025T14:48:40 - [TEST_STEP][PASSED] - println("Element label is "" + myValue + """): null

25-01-2025T14:48:40 - [TEST_STEP][PASSED] - if (myValue.length() >= 4): null

25-01-2025T14:48:40 - [TEST_STEP][PASSED] - if (myValue.substring(0, 4) == "(!) "): null

25-01-2025T14:48:40 - [TEST_STEP][PASSED] - myObj = convertWebElementToTestObject(element): null

25-01-2025T14:48:40 - [TEST_STEP][PASSED] - myType = element.getAttribute("type"): null

25-01-2025T14:48:40 - [TEST_STEP][PASSED] - if (myValue in varParms[i]): null

25-01-2025T14:48:40 - [TEST_STEP][PASSED] - else: null

25-01-2025T14:48:40 - [TEST_STEP][PASSED] - inList = false: null

25-01-2025T14:48:40 - [TEST_STEP][PASSED] - if (myType == "checkbox"): null

25-01-2025T14:48:40 - [TEST_STEP][PASSED] - myStatus = element.isSelected(): null

25-01-2025T14:48:40 - [TEST_STEP][PASSED] - if (debug): null

25-01-2025T14:48:40 - [TEST_STEP][PASSED] - println("Label " + myValue + " checked status is " + myStatus + " and in list status is " + inList): null

25-01-2025T14:48:40 - [TEST_STEP][PASSED] - if (toggle && myStatus && inList): null

25-01-2025T14:48:40 - [TEST_STEP][PASSED] - if (!(myStatus) && inList || myStatus && !(inList)): null

25-01-2025T14:48:40 - [TEST_STEP][PASSED] - myValue = element.getAttribute("value"): null

25-01-2025T14:48:40 - [TEST_STEP][PASSED] - if (debug): null

25-01-2025T14:48:40 - [TEST_STEP][PASSED] - println("Element label is "" + myValue + """): null

25-01-2025T14:48:40 - [TEST_STEP][PASSED] - if (myValue.length() >= 4): null

25-01-2025T14:48:40 - [TEST_STEP][PASSED] - if (myValue.substring(0, 4) == "(!) "): null

25-01-2025T14:48:40 - [TEST_STEP][PASSED] - myObj = convertWebElementToTestObject(element): null

25-01-2025T14:48:40 - [TEST_STEP][PASSED] - myType = element.getAttribute("type"): null

25-01-2025T14:48:40 - [TEST_STEP][PASSED] - if (myValue in varParms[i]): null

25-01-2025T14:48:40 - [TEST_STEP][PASSED] - else: null

25-01-2025T14:48:40 - [TEST_STEP][PASSED] - inList = false: null

25-01-2025T14:48:40 - [TEST_STEP][PASSED] - if (myType == "checkbox"): null

25-01-2025T14:48:40 - [TEST_STEP][PASSED] - myStatus = element.isSelected(): null

25-01-2025T14:48:40 - [TEST_STEP][PASSED] - if (debug): null

25-01-2025T14:48:40 - [TEST_STEP][PASSED] - println("Label " + myValue + " checked status is " + myStatus + " and in list status is " + inList): null

25-01-2025T14:48:40 - [TEST_STEP][PASSED] - if (toggle && myStatus && inList): null

25-01-2025T14:48:40 - [TEST_STEP][PASSED] - if (!(myStatus) && inList || myStatus && !(inList)): null

25-01-2025T14:48:40 - [TEST_STEP][PASSED] - myValue = element.getAttribute("value"): null

25-01-2025T14:48:40 - [TEST_STEP][PASSED] - if (debug): null

25-01-2025T14:48:40 - [TEST_STEP][PASSED] - println("Element label is "" + myValue + """): null

25-01-2025T14:48:40 - [TEST_STEP][PASSED] - if (myValue.length() >= 4): null

25-01-2025T14:48:40 - [TEST_STEP][PASSED] - if (myValue.substring(0, 4) == "(!) "): null

25-01-2025T14:48:40 - [TEST_STEP][PASSED] - myObj = convertWebElementToTestObject(element): null

25-01-2025T14:48:40 - [TEST_STEP][PASSED] - myType = element.getAttribute("type"): null

25-01-2025T14:48:40 - [TEST_STEP][PASSED] - if (myValue in varParms[i]): null

25-01-2025T14:48:40 - [TEST_STEP][PASSED] - else: null

25-01-2025T14:48:40 - [TEST_STEP][PASSED] - inList = false: null

25-01-2025T14:48:40 - [TEST_STEP][PASSED] - if (myType == "checkbox"): null

25-01-2025T14:48:40 - [TEST_STEP][PASSED] - myStatus = element.isSelected(): null

25-01-2025T14:48:40 - [TEST_STEP][PASSED] - if (debug): null

25-01-2025T14:48:40 - [TEST_STEP][PASSED] - println("Label " + myValue + " checked status is " + myStatus + " and in list status is " + inList): null

25-01-2025T14:48:40 - [TEST_STEP][PASSED] - if (toggle && myStatus && inList): null

25-01-2025T14:48:40 - [TEST_STEP][PASSED] - if (!(myStatus) && inList || myStatus && !(inList)): null

25-01-2025T14:48:40 - [TEST_STEP][PASSED] - myValue = element.getAttribute("value"): null

25-01-2025T14:48:40 - [TEST_STEP][PASSED] - if (debug): null

25-01-2025T14:48:40 - [TEST_STEP][PASSED] - println("Element label is "" + myValue + """): null

25-01-2025T14:48:40 - [TEST_STEP][PASSED] - if (myValue.length() >= 4): null

25-01-2025T14:48:40 - [TEST_STEP][PASSED] - if (myValue.substring(0, 4) == "(!) "): null

25-01-2025T14:48:40 - [TEST_STEP][PASSED] - myObj = convertWebElementToTestObject(element): null

25-01-2025T14:48:40 - [TEST_STEP][PASSED] - myType = element.getAttribute("type"): null

25-01-2025T14:48:40 - [TEST_STEP][PASSED] - if (myValue in varParms[i]): null

25-01-2025T14:48:40 - [TEST_STEP][PASSED] - else: null

25-01-2025T14:48:40 - [TEST_STEP][PASSED] - inList = false: null

25-01-2025T14:48:40 - [TEST_STEP][PASSED] - if (myType == "checkbox"): null

25-01-2025T14:48:40 - [TEST_STEP][PASSED] - myStatus = element.isSelected(): null

25-01-2025T14:48:40 - [TEST_STEP][PASSED] - if (debug): null

25-01-2025T14:48:40 - [TEST_STEP][PASSED] - println("Label " + myValue + " checked status is " + myStatus + " and in list status is " + inList): null

25-01-2025T14:48:40 - [TEST_STEP][PASSED] - if (toggle && myStatus && inList): null

25-01-2025T14:48:40 - [TEST_STEP][PASSED] - if (!(myStatus) && inList || myStatus && !(inList)): null

25-01-2025T14:48:40 - [TEST_STEP][PASSED] - myValue = element.getAttribute("value"): null

25-01-2025T14:48:40 - [TEST_STEP][PASSED] - if (debug): null

25-01-2025T14:48:40 - [TEST_STEP][PASSED] - println("Element label is "" + myValue + """): null

25-01-2025T14:48:40 - [TEST_STEP][PASSED] - if (myValue.length() >= 4): null

25-01-2025T14:48:40 - [TEST_STEP][PASSED] - myObj = convertWebElementToTestObject(element): null

25-01-2025T14:48:40 - [TEST_STEP][PASSED] - myType = element.getAttribute("type"): null

25-01-2025T14:48:40 - [TEST_STEP][PASSED] - if (myValue in varParms[i]): null

25-01-2025T14:48:40 - [TEST_STEP][PASSED] - inList = true: null

25-01-2025T14:48:40 - [TEST_STEP][PASSED] - if (myType == "checkbox"): null

25-01-2025T14:48:40 - [TEST_STEP][PASSED] - myStatus = element.isSelected(): null

25-01-2025T14:48:40 - [TEST_STEP][PASSED] - if (debug): null

25-01-2025T14:48:40 - [TEST_STEP][PASSED] - println("Label " + myValue + " checked status is " + myStatus + " and in list status is " + inList): null

25-01-2025T14:48:40 - [TEST_STEP][PASSED] - if (toggle && myStatus && inList): null

25-01-2025T14:48:40 - [TEST_STEP][PASSED] - if (!(myStatus) && inList || myStatus && !(inList)): null

25-01-2025T14:48:40 - [TEST_STEP][PASSED] - if (debug): null

25-01-2025T14:48:40 - [TEST_STEP][PASSED] - println("Clicking " + myValue): null

25-01-2025T14:48:40 - [TEST_STEP][PASSED] - println("Clicking " + myValue): null

25-01-2025T14:48:40 - [TEST_STEP][PASSED] - click(myObj): null

25-01-2025T14:48:40 - [TEST_STEP][PASSED] - scrollToObject(object): null

25-01-2025T14:48:40 - [TEST_STEP][PASSED] - println("Converting " + object + " to web element"): null

25-01-2025T14:48:40 - [TEST_STEP][PASSED] - element = findWebElement(object, 1): null

25-01-2025T14:48:40 - [TEST_STEP][PASSED] - loc = element.getLocation(): null

25-01-2025T14:48:40 - [TEST_STEP][PASSED] - y = loc.getY(): null

25-01-2025T14:48:40 - [TEST_STEP][PASSED] - println("Y location is " + y): null

25-01-2025T14:48:40 - [TEST_STEP][PASSED] - top = getViewportTopPosition(): Current viewport's top (y) position is 1191

25-01-2025T14:48:40 - [MESSAGE][PASSED] - Current viewport's top (y) position is 1191

25-01-2025T14:48:40 - [TEST_STEP][PASSED] - println("Viewport top is " + top): null

25-01-2025T14:48:40 - [TEST_STEP][PASSED] - bottom = top + 600: null

25-01-2025T14:48:40 - [TEST_STEP][PASSED] - if (y - top < 150 || bottom - y < 10): null

25-01-2025T14:48:40 - [TEST_STEP][PASSED] - click(object): null

25-01-2025T14:48:40 - [MESSAGE][PASSED] - Object: '' is clicked on

25-01-2025T14:48:44 - [TEST_STEP][PASSED] - myValue = element.getAttribute("value"): null

25-01-2025T14:48:44 - [TEST_STEP][PASSED] - if (debug): null

25-01-2025T14:48:44 - [TEST_STEP][PASSED] - println("Element label is "" + myValue + """): null

25-01-2025T14:48:44 - [TEST_STEP][PASSED] - if (myValue.length() >= 4): null

25-01-2025T14:48:44 - [TEST_STEP][PASSED] - if (myValue.substring(0, 4) == "(!) "): null

25-01-2025T14:48:44 - [TEST_STEP][PASSED] - myObj = convertWebElementToTestObject(element): null

25-01-2025T14:48:44 - [TEST_STEP][PASSED] - myType = element.getAttribute("type"): null

25-01-2025T14:48:44 - [TEST_STEP][PASSED] - if (myValue in varParms[i]): null

25-01-2025T14:48:44 - [TEST_STEP][PASSED] - else: null

25-01-2025T14:48:44 - [TEST_STEP][PASSED] - inList = false: null

25-01-2025T14:48:44 - [TEST_STEP][PASSED] - if (myType == "checkbox"): null

25-01-2025T14:48:44 - [TEST_STEP][PASSED] - myStatus = element.isSelected(): null

25-01-2025T14:48:44 - [TEST_STEP][PASSED] - if (debug): null

25-01-2025T14:48:44 - [TEST_STEP][PASSED] - println("Label " + myValue + " checked status is " + myStatus + " and in list status is " + inList): null

25-01-2025T14:48:44 - [TEST_STEP][PASSED] - if (toggle && myStatus && inList): null

25-01-2025T14:48:44 - [TEST_STEP][PASSED] - if (!(myStatus) && inList || myStatus && !(inList)): null

25-01-2025T14:48:44 - [MESSAGE][PASSED] - Call Test Case 'Test Cases/_Functions/Click on Group Elements' successfully

25-01-2025T14:48:44 - [TEST_STEP][PASSED] - if (varAvailable_other_positions != null): Call Test Case 'Test Cases/_Functions/Perform Action' successfully

25-01-2025T14:48:44 - [TEST_STEP][PASSED] - object = "Object Repository/Education Partner Profile/Tabs/Positions Needed/textarea_Other Available Positions": null

25-01-2025T14:48:44 - [TEST_STEP][PASSED] - callTestCase(findTestCase("_Functions/Perform Action"), ["varAction":"setText", "varObject":object, "varParm1":varAvailable_other_positions], STOP_ON_FAILURE): Call Test Case 'Test Cases/_Functions/Perform Action' successfully

25-01-2025T14:48:44 - [TEST_CASE][PASSED] - Test Cases/_Functions/Perform Action: Test Cases/_Functions/Perform Action

25-01-2025T14:48:44 - [TEST_STEP][PASSED] - action = varAction: null

25-01-2025T14:48:44 - [TEST_STEP][PASSED] - println(action): null

25-01-2025T14:48:44 - [TEST_STEP][PASSED] - testObject = varObject: null

25-01-2025T14:48:44 - [TEST_STEP][PASSED] - println(testObject): null

25-01-2025T14:48:44 - [TEST_STEP][PASSED] - parm1 = varParm1: null

25-01-2025T14:48:44 - [TEST_STEP][PASSED] - println(parm1): null

25-01-2025T14:48:44 - [TEST_STEP][PASSED] - println("Converting " + testObject + " to web element"): null

25-01-2025T14:48:44 - [TEST_STEP][PASSED] - element = findWebElement(findTestObject(testObject), 1): null

25-01-2025T14:48:44 - [TEST_STEP][PASSED] - loc = element.getLocation(): null

25-01-2025T14:48:44 - [TEST_STEP][PASSED] - y = loc.getY(): null

25-01-2025T14:48:44 - [TEST_STEP][PASSED] - println("Y location is " + y): null

25-01-2025T14:48:44 - [TEST_STEP][PASSED] - top = getViewportTopPosition(): Current viewport's top (y) position is 1191

25-01-2025T14:48:44 - [MESSAGE][PASSED] - Current viewport's top (y) position is 1191

25-01-2025T14:48:44 - [TEST_STEP][PASSED] - println("Viewport top is " + top): null

25-01-2025T14:48:44 - [TEST_STEP][PASSED] - bottom = top + 600: null

25-01-2025T14:48:44 - [TEST_STEP][PASSED] - if (y - top < 150 || bottom - y < 10): Delayed 1 second(s)

25-01-2025T14:48:44 - [TEST_STEP][PASSED] - scrollToPosition(0, y - 150): Browser is scrolled to position x = 0, y = 889

25-01-2025T14:48:44 - [MESSAGE][PASSED] - Browser is scrolled to position x = 0, y = 889

25-01-2025T14:48:44 - [TEST_STEP][PASSED] - delay(1): Delayed 1 second(s)

25-01-2025T14:48:45 - [MESSAGE][PASSED] - Delayed 1 second(s)

25-01-2025T14:48:45 - [TEST_STEP][PASSED] - if (action == "click"): null

25-01-2025T14:48:45 - [TEST_STEP][PASSED] - else if (action == "selectOptionByValue"): null

25-01-2025T14:48:45 - [TEST_STEP][PASSED] - else if (action == "setText"): Text 'None at this time' is set on object 'Object Repository/Education Partner Profile/Tabs/Positions Needed/textarea_Other Available Positions'

25-01-2025T14:48:45 - [TEST_STEP][PASSED] - println("Setting text " + parm1): null

25-01-2025T14:48:45 - [TEST_STEP][PASSED] - setText(findTestObject(testObject), parm1): Text 'None at this time' is set on object 'Object Repository/Education Partner Profile/Tabs/Positions Needed/textarea_Other Available Positions'

25-01-2025T14:48:45 - [MESSAGE][PASSED] - Text 'None at this time' is set on object 'Object Repository/Education Partner Profile/Tabs/Positions Needed/textarea_Other Available Positions'

25-01-2025T14:48:45 - [MESSAGE][PASSED] - Call Test Case 'Test Cases/_Functions/Perform Action' successfully

25-01-2025T14:48:45 - [TEST_STEP][PASSED] - if (varOther_experience_comment != null): Call Test Case 'Test Cases/_Functions/Perform Action' successfully

25-01-2025T14:48:45 - [TEST_STEP][PASSED] - object = "Object Repository/Education Partner Profile/Tabs/Positions Needed/textarea_Other Experience Comment": null

25-01-2025T14:48:45 - [TEST_STEP][PASSED] - callTestCase(findTestCase("_Functions/Perform Action"), ["varAction":"setText", "varObject":object, "varParm1":varOther_experience_comment], STOP_ON_FAILURE): Call Test Case 'Test Cases/_Functions/Perform Action' successfully

25-01-2025T14:48:45 - [TEST_CASE][PASSED] - Test Cases/_Functions/Perform Action: Test Cases/_Functions/Perform Action

25-01-2025T14:48:45 - [TEST_STEP][PASSED] - action = varAction: null

25-01-2025T14:48:45 - [TEST_STEP][PASSED] - println(action): null

25-01-2025T14:48:45 - [TEST_STEP][PASSED] - testObject = varObject: null

25-01-2025T14:48:45 - [TEST_STEP][PASSED] - println(testObject): null

25-01-2025T14:48:45 - [TEST_STEP][PASSED] - parm1 = varParm1: null

25-01-2025T14:48:45 - [TEST_STEP][PASSED] - println(parm1): null

25-01-2025T14:48:45 - [TEST_STEP][PASSED] - println("Converting " + testObject + " to web element"): null

25-01-2025T14:48:45 - [TEST_STEP][PASSED] - element = findWebElement(findTestObject(testObject), 1): null

25-01-2025T14:48:45 - [TEST_STEP][PASSED] - loc = element.getLocation(): null

25-01-2025T14:48:45 - [TEST_STEP][PASSED] - y = loc.getY(): null

25-01-2025T14:48:45 - [TEST_STEP][PASSED] - println("Y location is " + y): null

25-01-2025T14:48:45 - [TEST_STEP][PASSED] - top = getViewportTopPosition(): Current viewport's top (y) position is 889

25-01-2025T14:48:45 - [MESSAGE][PASSED] - Current viewport's top (y) position is 889

25-01-2025T14:48:45 - [TEST_STEP][PASSED] - println("Viewport top is " + top): null

25-01-2025T14:48:45 - [TEST_STEP][PASSED] - bottom = top + 600: null

25-01-2025T14:48:45 - [TEST_STEP][PASSED] - if (y - top < 150 || bottom - y < 10): Delayed 1 second(s)

25-01-2025T14:48:45 - [TEST_STEP][PASSED] - scrollToPosition(0, y - 150): Browser is scrolled to position x = 0, y = 1376

25-01-2025T14:48:45 - [MESSAGE][PASSED] - Browser is scrolled to position x = 0, y = 1376

25-01-2025T14:48:45 - [TEST_STEP][PASSED] - delay(1): Delayed 1 second(s)

25-01-2025T14:48:46 - [MESSAGE][PASSED] - Delayed 1 second(s)

25-01-2025T14:48:46 - [TEST_STEP][PASSED] - if (action == "click"): null

25-01-2025T14:48:46 - [TEST_STEP][PASSED] - else if (action == "selectOptionByValue"): null

25-01-2025T14:48:46 - [TEST_STEP][PASSED] - else if (action == "setText"): Text 'Will consider internships as work experience.' is set on object 'Object Repository/Education Partner Profile/Tabs/Positions Needed/textarea_Other Experience Comment'

25-01-2025T14:48:46 - [TEST_STEP][PASSED] - println("Setting text " + parm1): null

25-01-2025T14:48:46 - [TEST_STEP][PASSED] - setText(findTestObject(testObject), parm1): Text 'Will consider internships as work experience.' is set on object 'Object Repository/Education Partner Profile/Tabs/Positions Needed/textarea_Other Experience Comment'

25-01-2025T14:48:46 - [MESSAGE][PASSED] - Text 'Will consider internships as work experience.' is set on object 'Object Repository/Education Partner Profile/Tabs/Positions Needed/textarea_Other Experience Comment'

25-01-2025T14:48:46 - [MESSAGE][PASSED] - Call Test Case 'Test Cases/_Functions/Perform Action' successfully

25-01-2025T14:48:46 - [TEST_STEP][PASSED] - click(findTestObject("Object Repository/Education Partner Profile/Tabs/Positions Needed/button_Complete Submit")): Object: 'Object Repository/Education Partner Profile/Tabs/Positions Needed/button_Complete Submit' is clicked on

25-01-2025T14:48:48 - [MESSAGE][PASSED] - Object: 'Object Repository/Education Partner Profile/Tabs/Positions Needed/button_Complete Submit' is clicked on

25-01-2025T14:48:48 - [MESSAGE][PASSED] - Call Test Case 'Test Cases/Education Partner Profile/Tabs/Set Positions Needed' successfully

25-01-2025T14:48:48 - [TEST_STEP][PASSED] - if (pages.size() == 0 || "All" in pages || "Service Options" in pages): Call Test Case 'Test Cases/Education Partner Profile/Tabs/Set Service Options' successfully

25-01-2025T14:48:48 - [TEST_STEP][PASSED] - time_commitments = ["One year", "One year to two years"]: null

25-01-2025T14:48:48 - [TEST_STEP][PASSED] - start_options = ["Within 12 months"]: null

25-01-2025T14:48:48 - [TEST_STEP][PASSED] - school_terms_available = ["Open"]: null

25-01-2025T14:48:48 - [TEST_STEP][PASSED] - callTestCase(findTestCase("Education Partner Profile/Tabs/Set Service Options"), ["VarTime_commitments":time_commitments, "varStart_options":start_options, "varSchool_terms_available":school_terms_available], OPTIONAL): Call Test Case 'Test Cases/Education Partner Profile/Tabs/Set Service Options' successfully

25-01-2025T14:48:48 - [TEST_CASE][PASSED] - Test Cases/Education Partner Profile/Tabs/Set Service Options: Test Cases/Education Partner Profile/Tabs/Set Service Options

25-01-2025T14:48:48 - [TEST_STEP][PASSED] - username = username: null

25-01-2025T14:48:48 - [TEST_STEP][PASSED] - if (username != "cktest06ep"): null

25-01-2025T14:48:48 - [TEST_STEP][PASSED] - domain = domain: null

25-01-2025T14:48:48 - [TEST_STEP][PASSED] - writeFile = false: null

25-01-2025T14:48:48 - [TEST_STEP][PASSED] - testName = "Education Partner Service Options Tab": null

25-01-2025T14:48:48 - [TEST_STEP][PASSED] - outFile = callTestCase(findTestCase("_Functions/Set Output File"), ["varTestName":testName], STOP_ON_FAILURE): Call Test Case 'Test Cases/_Functions/Set Output File' successfully

25-01-2025T14:48:48 - [TEST_CASE][PASSED] - Test Cases/_Functions/Set Output File: Test Cases/_Functions/Set Output File

25-01-2025T14:48:48 - [TEST_STEP][PASSED] - testName = varTestName: null

25-01-2025T14:48:48 - [TEST_STEP][PASSED] - domain = domain: null

25-01-2025T14:48:48 - [TEST_STEP][PASSED] - writeFile = false: null

25-01-2025T14:48:48 - [TEST_STEP][PASSED] - if (outFile != ""): null

25-01-2025T14:48:48 - [TEST_STEP][PASSED] - myFile = outFile: null

25-01-2025T14:48:48 - [TEST_STEP][PASSED] - println(myFile): null

25-01-2025T14:48:48 - [TEST_STEP][PASSED] - outFile = new java.io.File(myFile): null

25-01-2025T14:48:48 - [TEST_STEP][PASSED] - writeFile = true: null

25-01-2025T14:48:48 - [TEST_STEP][PASSED] - if (!(writeFile)): null

25-01-2025T14:48:48 - [TEST_STEP][PASSED] - else: null

25-01-2025T14:48:48 - [TEST_STEP][PASSED] - outFile.append("
Testing " + testName + " on " + domain + ".
"): null

25-01-2025T14:48:48 - [TEST_STEP][PASSED] - return outFile: null

25-01-2025T14:48:48 - [MESSAGE][PASSED] - Call Test Case 'Test Cases/_Functions/Set Output File' successfully

25-01-2025T14:48:48 - [TEST_STEP][PASSED] - parms = [VarTime_commitments, varStart_options, varSchool_terms_available]: null

25-01-2025T14:48:48 - [TEST_STEP][PASSED] - time_commitments = "//input[@id='profile_group-1456436314.404_time_commitments']": null

25-01-2025T14:48:48 - [TEST_STEP][PASSED] - start_options = "//input[@id='profile_group-1456436314.404_available_start_options']": null

25-01-2025T14:48:48 - [TEST_STEP][PASSED] - school_terms_available = "//input[@id='profile_group-1456436314.404_school_term_available']": null

25-01-2025T14:48:48 - [TEST_STEP][PASSED] - xpaths = [time_commitments, start_options, school_terms_available]: null

25-01-2025T14:48:48 - [TEST_STEP][PASSED] - tooltipImagePath = "/Users/cckozie/git/MissionNext-Katalon-Koz/images/education partner/tabs/service options/": null

25-01-2025T14:48:48 - [TEST_STEP][PASSED] - testObjectFolder = "Education Partner Profile/Tabs/Service Options/": null

25-01-2025T14:48:48 - [TEST_STEP][PASSED] - tooltips = ["dummy":"dummy", "Time Commitments":"img_Time Commitments_field-tooltip", "School Term(s) Available":"img_School Term(s) Available_field-tooltip"]: null

25-01-2025T14:48:48 - [TEST_STEP][PASSED] - tooltipText = ["Time Commitments":"Check all that generally apply. Open will match all candidates.", "School Term(s) Available":"This is an information field only."]: null

25-01-2025T14:48:48 - [TEST_STEP][PASSED] - requiredFieldMsgs = ["Paid & Volunteer Positions":"The financial support field is required.", "Travel Options":"The travel support field is required."]: null

25-01-2025T14:48:48 - [TEST_STEP][PASSED] - requiredFieldMsgs = ["Time Commitments":"The time commitments field is required.", "School Term(s) Available":"The school term available field is required."]: null

25-01-2025T14:48:48 - [TEST_STEP][PASSED] - click(findTestObject("Object Repository/Education Partner Profile/Tabs/a_Service Options")): Object: 'Object Repository/Education Partner Profile/Tabs/a_Service Options' is clicked on

25-01-2025T14:48:49 - [MESSAGE][PASSED] - Object: 'Object Repository/Education Partner Profile/Tabs/a_Service Options' is clicked on

25-01-2025T14:48:49 - [TEST_STEP][PASSED] - tooltipTextMap = callTestCase(findTestCase("_Functions/Get Screenshot and Tooltip Text"), ["varExtension":"Service Options Tab"], STOP_ON_FAILURE): Call Test Case 'Test Cases/_Functions/Get Screenshot and Tooltip Text' successfully

25-01-2025T14:48:49 - [TEST_CASE][PASSED] - Test Cases/_Functions/Get Screenshot and Tooltip Text: Test Cases/_Functions/Get Screenshot and Tooltip Text

25-01-2025T14:48:49 - [TEST_STEP][PASSED] - driver = getWebDriver(): null

25-01-2025T14:48:49 - [TEST_STEP][PASSED] - frame = new javax.swing.JFrame(): null

25-01-2025T14:48:49 - [TEST_STEP][PASSED] - p = new javax.swing.JPanel(): null

25-01-2025T14:48:49 - [TEST_STEP][PASSED] - l = new javax.swing.JLabel(LOADING ..., javax.swing.SwingConstants.CENTER): null

25-01-2025T14:48:49 - [TEST_STEP][PASSED] - frame.add(l): null

25-01-2025T14:48:49 - [TEST_STEP][PASSED] - frame.setSize(300, 100): null

25-01-2025T14:48:49 - [TEST_STEP][PASSED] - frame.setLocation(600, 0): null

25-01-2025T14:48:49 - [TEST_STEP][PASSED] - frame.setAlwaysOnTop(true): null

25-01-2025T14:48:49 - [TEST_STEP][PASSED] - frame.show(): null

25-01-2025T14:48:49 - [TEST_STEP][PASSED] - if (verifyTextPresent("Partnership Application", false, OPTIONAL)): Text 'Positions Needed' is present on page 

25-01-2025T14:48:49 - [MESSAGE][WARNING] - Text 'Partnership Application' is not present on page  (Root cause: com.kms.katalon.core.exception.StepFailedException: Text 'Partnership Application' is not present on page 
	at com.kms.katalon.core.webui.keyword.internal.WebUIKeywordMain.stepFailed(WebUIKeywordMain.groovy:117)
	at com.kms.katalon.core.webui.keyword.builtin.VerifyTextPresentKeyword$_verifyTextPresent_closure1.doCall(VerifyTextPresentKeyword.groovy:79)
	at com.kms.katalon.core.webui.keyword.builtin.VerifyTextPresentKeyword$_verifyTextPresent_closure1.call(VerifyTextPresentKeyword.groovy)
	at com.kms.katalon.core.webui.keyword.internal.WebUIKeywordMain.runKeyword(WebUIKeywordMain.groovy:35)
	at com.kms.katalon.core.webui.keyword.builtin.VerifyTextPresentKeyword.verifyTextPresent(VerifyTextPresentKeyword.groovy:83)
	at com.kms.katalon.core.webui.keyword.builtin.VerifyTextPresentKeyword.execute(VerifyTextPresentKeyword.groovy:68)
	at com.kms.katalon.core.keyword.internal.KeywordExecutor.executeKeywordForPlatform(KeywordExecutor.groovy:74)
	at com.kms.katalon.core.webui.keyword.WebUiBuiltInKeywords.verifyTextPresent(WebUiBuiltInKeywords.groovy:1746)
	at Get Screenshot and Tooltip Text.run(Get Screenshot and Tooltip Text:51)
	at com.kms.katalon.core.main.ScriptEngine.run(ScriptEngine.java:194)
	at com.kms.katalon.core.main.ScriptEngine.runScriptAsRawText(ScriptEngine.java:119)
	at com.kms.katalon.core.main.TestCaseExecutor.runScript(TestCaseExecutor.java:448)
	at com.kms.katalon.core.main.TestCaseExecutor.doExecute(TestCaseExecutor.java:439)
	at com.kms.katalon.core.main.TestCaseExecutor.processExecutionPhase(TestCaseExecutor.java:418)
	at com.kms.katalon.core.main.TestCaseExecutor.accessMainPhase(TestCaseExecutor.java:410)
	at com.kms.katalon.core.main.TestCaseExecutor.execute(TestCaseExecutor.java:285)
	at com.kms.katalon.core.main.TestCaseMain.runTestCase(TestCaseMain.java:137)
	at com.kms.katalon.core.keyword.builtin.CallTestCaseKeyword$_callTestCase_closure1.doCall(CallTestCaseKeyword.groovy:59)
	at com.kms.katalon.core.keyword.builtin.CallTestCaseKeyword$_callTestCase_closure1.call(CallTestCaseKeyword.groovy)
	at com.kms.katalon.core.keyword.internal.KeywordMain.runKeyword(KeywordMain.groovy:75)
	at com.kms.katalon.core.keyword.builtin.CallTestCaseKeyword.callTestCase(CallTestCaseKeyword.groovy:81)
	at com.kms.katalon.core.keyword.builtin.CallTestCaseKeyword.execute(CallTestCaseKeyword.groovy:44)
	at com.kms.katalon.core.keyword.internal.KeywordExecutor.executeKeywordForPlatform(KeywordExecutor.groovy:74)
	at com.kms.katalon.core.keyword.BuiltinKeywords.callTestCase(BuiltinKeywords.groovy:310)
	at jdk.internal.reflect.GeneratedMethodAccessor30.invoke(Unknown Source)
	at java.base/jdk.internal.reflect.DelegatingMethodAccessorImpl.invoke(DelegatingMethodAccessorImpl.java:43)
	at Set Service Options.run(Set Service Options:93)
	at com.kms.katalon.core.main.ScriptEngine.run(ScriptEngine.java:194)
	at com.kms.katalon.core.main.ScriptEngine.runScriptAsRawText(ScriptEngine.java:119)
	at com.kms.katalon.core.main.TestCaseExecutor.runScript(TestCaseExecutor.java:448)
	at com.kms.katalon.core.main.TestCaseExecutor.doExecute(TestCaseExecutor.java:439)
	at com.kms.katalon.core.main.TestCaseExecutor.processExecutionPhase(TestCaseExecutor.java:418)
	at com.kms.katalon.core.main.TestCaseExecutor.accessMainPhase(TestCaseExecutor.java:410)
	at com.kms.katalon.core.main.TestCaseExecutor.execute(TestCaseExecutor.java:285)
	at com.kms.katalon.core.main.TestCaseMain.runTestCase(TestCaseMain.java:137)
	at com.kms.katalon.core.keyword.builtin.CallTestCaseKeyword$_callTestCase_closure1.doCall(CallTestCaseKeyword.groovy:59)
	at com.kms.katalon.core.keyword.builtin.CallTestCaseKeyword$_callTestCase_closure1.call(CallTestCaseKeyword.groovy)
	at com.kms.katalon.core.keyword.internal.KeywordMain.runKeyword(KeywordMain.groovy:75)
	at com.kms.katalon.core.keyword.builtin.CallTestCaseKeyword.callTestCase(CallTestCaseKeyword.groovy:81)
	at com.kms.katalon.core.keyword.builtin.CallTestCaseKeyword.execute(CallTestCaseKeyword.groovy:44)
	at com.kms.katalon.core.keyword.internal.KeywordExecutor.executeKeywordForPlatform(KeywordExecutor.groovy:74)
	at com.kms.katalon.core.keyword.BuiltinKeywords.callTestCase(BuiltinKeywords.groovy:310)
	at jdk.internal.reflect.GeneratedMethodAccessor30.invoke(Unknown Source)
	at java.base/jdk.internal.reflect.DelegatingMethodAccessorImpl.invoke(DelegatingMethodAccessorImpl.java:43)
	at Complete Education Partner Profile.run(Complete Education Partner Profile:157)
	at com.kms.katalon.core.main.ScriptEngine.run(ScriptEngine.java:194)
	at com.kms.katalon.core.main.ScriptEngine.runScriptAsRawText(ScriptEngine.java:119)
	at com.kms.katalon.core.main.TestCaseExecutor.runScript(TestCaseExecutor.java:448)
	at com.kms.katalon.core.main.TestCaseExecutor.doExecute(TestCaseExecutor.java:439)
	at com.kms.katalon.core.main.TestCaseExecutor.processExecutionPhase(TestCaseExecutor.java:418)
	at com.kms.katalon.core.main.TestCaseExecutor.accessMainPhase(TestCaseExecutor.java:410)
	at com.kms.katalon.core.main.TestCaseExecutor.execute(TestCaseExecutor.java:285)
	at com.kms.katalon.core.main.TestCaseMain.runTestCase(TestCaseMain.java:137)
	at com.kms.katalon.core.keyword.builtin.CallTestCaseKeyword$_callTestCase_closure1.doCall(CallTestCaseKeyword.groovy:59)
	at com.kms.katalon.core.keyword.builtin.CallTestCaseKeyword$_callTestCase_closure1.call(CallTestCaseKeyword.groovy)
	at com.kms.katalon.core.keyword.internal.KeywordMain.runKeyword(KeywordMain.groovy:75)
	at com.kms.katalon.core.keyword.builtin.CallTestCaseKeyword.callTestCase(CallTestCaseKeyword.groovy:81)
	at com.kms.katalon.core.keyword.builtin.CallTestCaseKeyword.execute(CallTestCaseKeyword.groovy:44)
	at com.kms.katalon.core.keyword.internal.KeywordExecutor.executeKeywordForPlatform(KeywordExecutor.groovy:74)
	at com.kms.katalon.core.keyword.BuiltinKeywords.callTestCase(BuiltinKeywords.groovy:310)
	at jdk.internal.reflect.GeneratedMethodAccessor30.invoke(Unknown Source)
	at java.base/jdk.internal.reflect.DelegatingMethodAccessorImpl.invoke(DelegatingMethodAccessorImpl.java:43)
	at Register Education Partner.run(Register Education Partner:401)
	at com.kms.katalon.core.main.ScriptEngine.run(ScriptEngine.java:194)
	at com.kms.katalon.core.main.ScriptEngine.runScriptAsRawText(ScriptEngine.java:119)
	at com.kms.katalon.core.main.TestCaseExecutor.runScript(TestCaseExecutor.java:448)
	at com.kms.katalon.core.main.TestCaseExecutor.doExecute(TestCaseExecutor.java:439)
	at com.kms.katalon.core.main.TestCaseExecutor.processExecutionPhase(TestCaseExecutor.java:418)
	at com.kms.katalon.core.main.TestCaseExecutor.accessMainPhase(TestCaseExecutor.java:410)
	at com.kms.katalon.core.main.TestCaseExecutor.execute(TestCaseExecutor.java:285)
	at com.kms.katalon.core.common.CommonExecutor.accessTestCaseMainPhase(CommonExecutor.java:65)
	at com.kms.katalon.core.main.TestSuiteExecutor.accessTestSuiteMainPhase(TestSuiteExecutor.java:150)
	at com.kms.katalon.core.main.TestSuiteExecutor.execute(TestSuiteExecutor.java:106)
	at com.kms.katalon.core.main.TestCaseMain.startTestSuite(TestCaseMain.java:180)
	at TempTestSuite1737837875715.run(TempTestSuite1737837875715.groovy:35)
	at java.base/jdk.internal.reflect.NativeMethodAccessorImpl.invoke0(Native Method)
	at java.base/jdk.internal.reflect.NativeMethodAccessorImpl.invoke(NativeMethodAccessorImpl.java:77)
	at java.base/jdk.internal.reflect.DelegatingMethodAccessorImpl.invoke(DelegatingMethodAccessorImpl.java:43)
)

25-01-2025T14:48:49 - [MESSAGE][PASSED] - Text 'Positions Needed' is present on page 

25-01-2025T14:48:49 - [TEST_STEP][PASSED] - else if (verifyTextPresent("Positions Needed", false, OPTIONAL)): null

25-01-2025T14:48:49 - [TEST_STEP][PASSED] - user = "Partner": null

25-01-2025T14:48:49 - [TEST_STEP][PASSED] - println("User type is " + user): null

25-01-2025T14:48:49 - [TEST_STEP][PASSED] - path = "/Users/cckozie/Documents/MissionNext/Screenshots and Tooltip Text/": null

25-01-2025T14:48:49 - [TEST_STEP][PASSED] - if (binding.hasVariable("varExtension")): null

25-01-2025T14:48:49 - [TEST_STEP][PASSED] - extension = "_" + varExtension: null

25-01-2025T14:48:49 - [TEST_STEP][PASSED] - println("Extension is " + extension): null

25-01-2025T14:48:49 - [TEST_STEP][PASSED] - title = getWindowTitle() + extension: Current window's title is: 'Education'

25-01-2025T14:48:49 - [MESSAGE][PASSED] - Current window's title is: 'Education'

25-01-2025T14:48:49 - [TEST_STEP][PASSED] - title = title.replace("/", "_"): null

25-01-2025T14:48:49 - [TEST_STEP][PASSED] - fileBase = path + user + "_" + title: null

25-01-2025T14:48:49 - [TEST_STEP][PASSED] - fileImage = fileBase + "_Screenshot.png": null

25-01-2025T14:48:49 - [TEST_STEP][PASSED] - waitForPageLoad(30): Wait for page load successfully

25-01-2025T14:48:49 - [MESSAGE][PASSED] - Wait for page load successfully

25-01-2025T14:48:49 - [TEST_STEP][PASSED] - spinner = driver.findElement(By.xpath("/html/body/div[1]/div/div[2]")): null

25-01-2025T14:48:49 - [TEST_STEP][PASSED] - executor = driver: null

25-01-2025T14:48:49 - [TEST_STEP][PASSED] - elementAttributes = executor.executeScript("var items = {}; for (index = 0; index < arguments[0].attributes.length; ++index) { items[arguments[0].attributes[index].name] = arguments[0].attributes[index].value }; return items;", spinner): null

25-01-2025T14:48:49 - [TEST_STEP][PASSED] - attrs = elementAttributes.toString(): null

25-01-2025T14:48:49 - [TEST_STEP][PASSED] - waits = 0: null

25-01-2025T14:48:49 - [TEST_STEP][PASSED] - while (attrs.indexOf("display: none") < 0 && waits < 2): null

25-01-2025T14:48:49 - [TEST_STEP][PASSED] - tooltipMap = callTestCase(findTestCase("_Functions/Get Tooltip Text"), [:], STOP_ON_FAILURE): Call Test Case 'Test Cases/_Functions/Get Tooltip Text' successfully

25-01-2025T14:48:49 - [TEST_CASE][PASSED] - Test Cases/_Functions/Get Tooltip Text: Test Cases/_Functions/Get Tooltip Text

25-01-2025T14:48:49 - [TEST_STEP][PASSED] - fieldTooltips = [:]: null

25-01-2025T14:48:49 - [TEST_STEP][PASSED] - tooltipMap = [:]: null

25-01-2025T14:48:49 - [TEST_STEP][PASSED] - driver = getWebDriver(): null

25-01-2025T14:48:49 - [TEST_STEP][PASSED] - tooltips = driver.findElements(By.className("field-tooltip")): null

25-01-2025T14:48:49 - [TEST_STEP][PASSED] - for (def it : tooltips): null

25-01-2025T14:48:49 - [TEST_STEP][PASSED] - if (it.isDisplayed()): null

25-01-2025T14:48:49 - [TEST_STEP][PASSED] - if (it.isDisplayed()): null

25-01-2025T14:48:49 - [TEST_STEP][PASSED] - if (it.isDisplayed()): null

25-01-2025T14:48:49 - [TEST_STEP][PASSED] - if (it.isDisplayed()): null

25-01-2025T14:48:49 - [TEST_STEP][PASSED] - if (it.isDisplayed()): null

25-01-2025T14:48:49 - [TEST_STEP][PASSED] - if (it.isDisplayed()): null

25-01-2025T14:48:49 - [TEST_STEP][PASSED] - if (it.isDisplayed()): null

25-01-2025T14:48:49 - [TEST_STEP][PASSED] - if (it.isDisplayed()): null

25-01-2025T14:48:49 - [TEST_STEP][PASSED] - if (it.isDisplayed()): null

25-01-2025T14:48:49 - [TEST_STEP][PASSED] - if (it.isDisplayed()): null

25-01-2025T14:48:49 - [TEST_STEP][PASSED] - if (it.isDisplayed()): null

25-01-2025T14:48:49 - [TEST_STEP][PASSED] - if (it.isDisplayed()): null

25-01-2025T14:48:49 - [TEST_STEP][PASSED] - if (it.isDisplayed()): null

25-01-2025T14:48:49 - [TEST_STEP][PASSED] - if (it.isDisplayed()): null

25-01-2025T14:48:49 - [TEST_STEP][PASSED] - ttText = it.getAttribute("data-original-title"): null

25-01-2025T14:48:49 - [TEST_STEP][PASSED] - ttLocation = it.getLocation(): null

25-01-2025T14:48:49 - [TEST_STEP][PASSED] - yLocation = ttLocation.getY(): null

25-01-2025T14:48:49 - [TEST_STEP][PASSED] - xLocation = ttLocation.getX(): null

25-01-2025T14:48:49 - [TEST_STEP][PASSED] - fieldTooltips.put(ttText, yLocation): null

25-01-2025T14:48:49 - [TEST_STEP][PASSED] - if (it.isDisplayed()): null

25-01-2025T14:48:49 - [TEST_STEP][PASSED] - ttText = it.getAttribute("data-original-title"): null

25-01-2025T14:48:49 - [TEST_STEP][PASSED] - ttLocation = it.getLocation(): null

25-01-2025T14:48:49 - [TEST_STEP][PASSED] - yLocation = ttLocation.getY(): null

25-01-2025T14:48:49 - [TEST_STEP][PASSED] - xLocation = ttLocation.getX(): null

25-01-2025T14:48:49 - [TEST_STEP][PASSED] - fieldTooltips.put(ttText, yLocation): null

25-01-2025T14:48:49 - [TEST_STEP][PASSED] - if (it.isDisplayed()): null

25-01-2025T14:48:49 - [TEST_STEP][PASSED] - if (it.isDisplayed()): null

25-01-2025T14:48:49 - [TEST_STEP][PASSED] - if (it.isDisplayed()): null

25-01-2025T14:48:49 - [TEST_STEP][PASSED] - if (it.isDisplayed()): null

25-01-2025T14:48:50 - [TEST_STEP][PASSED] - if (it.isDisplayed()): null

25-01-2025T14:48:50 - [TEST_STEP][PASSED] - if (it.isDisplayed()): null

25-01-2025T14:48:50 - [TEST_STEP][PASSED] - if (it.isDisplayed()): null

25-01-2025T14:48:50 - [TEST_STEP][PASSED] - if (it.isDisplayed()): null

25-01-2025T14:48:50 - [TEST_STEP][PASSED] - if (it.isDisplayed()): null

25-01-2025T14:48:50 - [TEST_STEP][PASSED] - if (it.isDisplayed()): null

25-01-2025T14:48:50 - [TEST_STEP][PASSED] - if (it.isDisplayed()): null

25-01-2025T14:48:50 - [TEST_STEP][PASSED] - if (it.isDisplayed()): null

25-01-2025T14:48:50 - [TEST_STEP][PASSED] - if (it.isDisplayed()): null

25-01-2025T14:48:50 - [TEST_STEP][PASSED] - if (fieldTooltips.size() > 0): null

25-01-2025T14:48:50 - [TEST_STEP][PASSED] - rightBorder = xLocation: null

25-01-2025T14:48:50 - [TEST_STEP][PASSED] - fieldLabels = [:]: null

25-01-2025T14:48:50 - [TEST_STEP][PASSED] - labels = driver.findElements(By.xpath("//label")): null

25-01-2025T14:48:50 - [TEST_STEP][PASSED] - labels.each({ -> ... }): null

25-01-2025T14:48:51 - [TEST_STEP][PASSED] - for (def label : fieldLabels): null

25-01-2025T14:48:51 - [TEST_STEP][PASSED] - y = value: null

25-01-2025T14:48:51 - [TEST_STEP][PASSED] - for (def tooltip : fieldTooltips): null

25-01-2025T14:48:51 - [TEST_STEP][PASSED] - if (value == y || value == y + 1 || value == y - 1): null

25-01-2025T14:48:51 - [TEST_STEP][PASSED] - if (value == y || value == y + 1 || value == y - 1): null

25-01-2025T14:48:51 - [TEST_STEP][PASSED] - y = value: null

25-01-2025T14:48:51 - [TEST_STEP][PASSED] - for (def tooltip : fieldTooltips): null

25-01-2025T14:48:51 - [TEST_STEP][PASSED] - if (value == y || value == y + 1 || value == y - 1): null

25-01-2025T14:48:51 - [TEST_STEP][PASSED] - tooltipMap.put(key, key): null

25-01-2025T14:48:51 - [TEST_STEP][PASSED] - break: null

25-01-2025T14:48:51 - [TEST_STEP][PASSED] - y = value: null

25-01-2025T14:48:51 - [TEST_STEP][PASSED] - for (def tooltip : fieldTooltips): null

25-01-2025T14:48:51 - [TEST_STEP][PASSED] - if (value == y || value == y + 1 || value == y - 1): null

25-01-2025T14:48:51 - [TEST_STEP][PASSED] - if (value == y || value == y + 1 || value == y - 1): null

25-01-2025T14:48:51 - [TEST_STEP][PASSED] - y = value: null

25-01-2025T14:48:51 - [TEST_STEP][PASSED] - for (def tooltip : fieldTooltips): null

25-01-2025T14:48:51 - [TEST_STEP][PASSED] - if (value == y || value == y + 1 || value == y - 1): null

25-01-2025T14:48:51 - [TEST_STEP][PASSED] - if (value == y || value == y + 1 || value == y - 1): null

25-01-2025T14:48:51 - [TEST_STEP][PASSED] - tooltipMap.put(key, key): null

25-01-2025T14:48:51 - [TEST_STEP][PASSED] - break: null

25-01-2025T14:48:51 - [TEST_STEP][PASSED] - return tooltipMap: null

25-01-2025T14:48:51 - [MESSAGE][PASSED] - Call Test Case 'Test Cases/_Functions/Get Tooltip Text' successfully

25-01-2025T14:48:51 - [TEST_STEP][PASSED] - if (tooltipMap.size() > 0): null

25-01-2025T14:48:51 - [TEST_STEP][PASSED] - file = fileBase + "_Tooltips.csv": null

25-01-2025T14:48:51 - [TEST_STEP][PASSED] - outText = "FIELD LABEL" + "," + "TOOLTIP TEXT" + "

": null

25-01-2025T14:48:51 - [TEST_STEP][PASSED] - for (def it : tooltipMap): null

25-01-2025T14:48:51 - [TEST_STEP][PASSED] - name = key: null

25-01-2025T14:48:51 - [TEST_STEP][PASSED] - value = value.replace("
", ""): null

25-01-2025T14:48:51 - [TEST_STEP][PASSED] - value = """ + value + """: null

25-01-2025T14:48:51 - [TEST_STEP][PASSED] - outText = outText + name + "," + value: null

25-01-2025T14:48:51 - [TEST_STEP][PASSED] - outText = outText + "
": null

25-01-2025T14:48:51 - [TEST_STEP][PASSED] - println(outText): null

25-01-2025T14:48:51 - [TEST_STEP][PASSED] - name = key: null

25-01-2025T14:48:51 - [TEST_STEP][PASSED] - value = value.replace("
", ""): null

25-01-2025T14:48:51 - [TEST_STEP][PASSED] - value = """ + value + """: null

25-01-2025T14:48:51 - [TEST_STEP][PASSED] - outText = outText + name + "," + value: null

25-01-2025T14:48:51 - [TEST_STEP][PASSED] - outText = outText + "
": null

25-01-2025T14:48:51 - [TEST_STEP][PASSED] - println(outText): null

25-01-2025T14:48:51 - [TEST_STEP][PASSED] - outFile = new java.io.File(file): null

25-01-2025T14:48:51 - [TEST_STEP][PASSED] - println(outText): null

25-01-2025T14:48:51 - [TEST_STEP][PASSED] - outFile.write(outText): null

25-01-2025T14:48:51 - [TEST_STEP][PASSED] - frame.hide(): null

25-01-2025T14:48:51 - [TEST_STEP][PASSED] - takeFullPageScreenshot(fileImage): Taking screenshot successfully

25-01-2025T14:48:51 - [MESSAGE][INFO] - 0 hidden object(s)

25-01-2025T14:48:51 - [MESSAGE][PASSED] - Taking screenshot successfully
[[ATTACHMENT|/Users/cckozie/Documents/MissionNext/Screenshots and Tooltip Text/Partner_Education_Service Options Tab_Screenshot.png]]

25-01-2025T14:48:51 - [TEST_STEP][PASSED] - return tooltipMap: null

25-01-2025T14:48:51 - [MESSAGE][PASSED] - Call Test Case 'Test Cases/_Functions/Get Screenshot and Tooltip Text' successfully

25-01-2025T14:48:51 - [TEST_STEP][PASSED] - callTestCase(findTestCase("_Functions/Test Tooltips"), ["varTooltipImagePath":tooltipImagePath, "varTooltips":tooltips, "varTooltipText":tooltipText, "varTestObjectFolder":testObjectFolder, ... ], STOP_ON_FAILURE): Call Test Case 'Test Cases/_Functions/Test Tooltips' successfully

25-01-2025T14:48:51 - [TEST_CASE][PASSED] - Test Cases/_Functions/Test Tooltips: Test Cases/_Functions/Test Tooltips

25-01-2025T14:48:51 - [TEST_STEP][PASSED] - tooltipImagePath = varTooltipImagePath: null

25-01-2025T14:48:51 - [TEST_STEP][PASSED] - tooltips = varTooltips: null

25-01-2025T14:48:51 - [TEST_STEP][PASSED] - tooltipText = varTooltipText: null

25-01-2025T14:48:51 - [TEST_STEP][PASSED] - testObjectFolder = varTestObjectFolder: null

25-01-2025T14:48:51 - [TEST_STEP][PASSED] - tooltipTextMap = varTooltipTextMap: null

25-01-2025T14:48:51 - [TEST_STEP][PASSED] - writeFile = false: null

25-01-2025T14:48:51 - [TEST_STEP][PASSED] - if (outFile != ""): null

25-01-2025T14:48:51 - [TEST_STEP][PASSED] - myFile = outFile: null

25-01-2025T14:48:51 - [TEST_STEP][PASSED] - println(myFile): null

25-01-2025T14:48:51 - [TEST_STEP][PASSED] - outFile = new java.io.File(myFile): null

25-01-2025T14:48:51 - [TEST_STEP][PASSED] - writeFile = true: null

25-01-2025T14:48:51 - [TEST_STEP][PASSED] - driver = getWebDriver(): null

25-01-2025T14:48:51 - [TEST_STEP][PASSED] - action = new org.openqa.selenium.interactions.Actions(driver): null

25-01-2025T14:48:51 - [TEST_STEP][PASSED] - s = new org.sikuli.script.Screen(): null

25-01-2025T14:48:51 - [TEST_STEP][PASSED] - outText = "Verifying the tooltips can be displayed.
": null

25-01-2025T14:48:51 - [TEST_STEP][PASSED] - outFile.append(outText): null

25-01-2025T14:48:51 - [TEST_STEP][PASSED] - first = true: null

25-01-2025T14:48:51 - [TEST_STEP][PASSED] - for (def it : tooltips): null

25-01-2025T14:48:51 - [TEST_STEP][PASSED] - myKey = key: null

25-01-2025T14:48:51 - [TEST_STEP][PASSED] - myValue = value: null

25-01-2025T14:48:51 - [TEST_STEP][PASSED] - println("myKey is " + myKey): null

25-01-2025T14:48:51 - [TEST_STEP][PASSED] - println("myValue is " + myValue): null

25-01-2025T14:48:51 - [TEST_STEP][PASSED] - if (myKey != "dummy"): null

25-01-2025T14:48:51 - [TEST_STEP][PASSED] - else: null

25-01-2025T14:48:51 - [TEST_STEP][PASSED] - myImage = "/Users/cckozie/git/MissionNext-Katalon-Koz/images/dummy.png": null

25-01-2025T14:48:51 - [TEST_STEP][PASSED] - f = new java.io.File(myImage): null

25-01-2025T14:48:51 - [TEST_STEP][PASSED] - if (f.exists()): null

25-01-2025T14:48:51 - [TEST_STEP][PASSED] - println("Looking for " + myImage): null

25-01-2025T14:48:51 - [TEST_STEP][PASSED] - icn = Pattern(myImage).similar(0.10): null

25-01-2025T14:48:51 - [TEST_STEP][PASSED] - found = s.exists(icn): null

25-01-2025T14:48:54 - [TEST_STEP][PASSED] - println(found): null

25-01-2025T14:48:54 - [TEST_STEP][PASSED] - if (found != null): null

25-01-2025T14:48:54 - [TEST_STEP][PASSED] - else: null

25-01-2025T14:48:54 - [TEST_STEP][PASSED] - if (myKey != "dummy"): null

25-01-2025T14:48:54 - [TEST_STEP][PASSED] - myKey = key: null

25-01-2025T14:48:54 - [TEST_STEP][PASSED] - myValue = value: null

25-01-2025T14:48:54 - [TEST_STEP][PASSED] - println("myKey is " + myKey): null

25-01-2025T14:48:54 - [TEST_STEP][PASSED] - println("myValue is " + myValue): null

25-01-2025T14:48:54 - [TEST_STEP][PASSED] - if (myKey != "dummy"): null

25-01-2025T14:48:54 - [TEST_STEP][PASSED] - tObj = testObjectFolder + myValue: null

25-01-2025T14:48:54 - [TEST_STEP][PASSED] - click(tObj): null

25-01-2025T14:48:54 - [TEST_STEP][PASSED] - scrollToObject(object): null

25-01-2025T14:48:54 - [TEST_STEP][PASSED] - println("Converting " + object + " to web element"): null

25-01-2025T14:48:54 - [TEST_STEP][PASSED] - element = findWebElement(findTestObject(object), 1): null

25-01-2025T14:48:55 - [TEST_STEP][PASSED] - loc = element.getLocation(): null

25-01-2025T14:48:55 - [TEST_STEP][PASSED] - y = loc.getY(): null

25-01-2025T14:48:55 - [TEST_STEP][PASSED] - println("Y location is " + y): null

25-01-2025T14:48:55 - [TEST_STEP][PASSED] - top = getViewportTopPosition(): Current viewport's top (y) position is 0

25-01-2025T14:48:55 - [MESSAGE][PASSED] - Current viewport's top (y) position is 0

25-01-2025T14:48:55 - [TEST_STEP][PASSED] - println("Viewport top is " + top): null

25-01-2025T14:48:55 - [TEST_STEP][PASSED] - bottom = top + 600: null

25-01-2025T14:48:55 - [TEST_STEP][PASSED] - if (y - top < 150 || bottom - y < 10): null

25-01-2025T14:48:55 - [TEST_STEP][PASSED] - click(findTestObject(object)): null

25-01-2025T14:48:55 - [MESSAGE][PASSED] - Object: 'Object Repository/Education Partner Profile/Tabs/Service Options/img_Time Commitments_field-tooltip' is clicked on

25-01-2025T14:48:55 - [TEST_STEP][PASSED] - delay(1): Delayed 1 second(s)

25-01-2025T14:48:56 - [MESSAGE][PASSED] - Delayed 1 second(s)

25-01-2025T14:48:56 - [TEST_STEP][PASSED] - myImage = tooltipImagePath + myKey + ".png": null

25-01-2025T14:48:56 - [TEST_STEP][PASSED] - f = new java.io.File(myImage): null

25-01-2025T14:48:56 - [TEST_STEP][PASSED] - if (f.exists()): null

25-01-2025T14:48:56 - [TEST_STEP][PASSED] - println("Looking for " + myImage): null

25-01-2025T14:48:56 - [TEST_STEP][PASSED] - icn = Pattern(myImage).similar(0.10): null

25-01-2025T14:48:56 - [TEST_STEP][PASSED] - found = s.exists(icn): null

25-01-2025T14:48:56 - [TEST_STEP][PASSED] - println(found): null

25-01-2025T14:48:56 - [TEST_STEP][PASSED] - if (found != null): null

25-01-2025T14:48:56 - [TEST_STEP][PASSED] - foundStr = found.toString(): null

25-01-2025T14:48:56 - [TEST_STEP][PASSED] - matchP = foundStr.indexOf("%"): null

25-01-2025T14:48:56 - [TEST_STEP][PASSED] - println(matchP): null

25-01-2025T14:48:56 - [TEST_STEP][PASSED] - pct = foundStr.substring(matchP + 1, matchP + 6): null

25-01-2025T14:48:56 - [TEST_STEP][PASSED] - outText = "+++ Tooltip match value for " + myKey + " is " + pct + "%": null

25-01-2025T14:48:56 - [TEST_STEP][PASSED] - pctF = pct.toFloat(): null

25-01-2025T14:48:56 - [TEST_STEP][PASSED] - min = 80: null

25-01-2025T14:48:56 - [TEST_STEP][PASSED] - if (pct.toFloat() < min.toFloat()): null

25-01-2025T14:48:56 - [TEST_STEP][PASSED] - if (myKey != "dummy"): null

25-01-2025T14:48:56 - [TEST_STEP][PASSED] - println(outText): null

25-01-2025T14:48:56 - [TEST_STEP][PASSED] - outFile.append(outText + "
"): null

25-01-2025T14:48:56 - [TEST_STEP][PASSED] - myKey = key: null

25-01-2025T14:48:56 - [TEST_STEP][PASSED] - myValue = value: null

25-01-2025T14:48:56 - [TEST_STEP][PASSED] - println("myKey is " + myKey): null

25-01-2025T14:48:56 - [TEST_STEP][PASSED] - println("myValue is " + myValue): null

25-01-2025T14:48:56 - [TEST_STEP][PASSED] - if (myKey != "dummy"): null

25-01-2025T14:48:56 - [TEST_STEP][PASSED] - tObj = testObjectFolder + myValue: null

25-01-2025T14:48:56 - [TEST_STEP][PASSED] - click(tObj): null

25-01-2025T14:48:56 - [TEST_STEP][PASSED] - scrollToObject(object): null

25-01-2025T14:48:56 - [TEST_STEP][PASSED] - println("Converting " + object + " to web element"): null

25-01-2025T14:48:56 - [TEST_STEP][PASSED] - element = findWebElement(findTestObject(object), 1): null

25-01-2025T14:48:56 - [TEST_STEP][PASSED] - loc = element.getLocation(): null

25-01-2025T14:48:56 - [TEST_STEP][PASSED] - y = loc.getY(): null

25-01-2025T14:48:56 - [TEST_STEP][PASSED] - println("Y location is " + y): null

25-01-2025T14:48:56 - [TEST_STEP][PASSED] - top = getViewportTopPosition(): Current viewport's top (y) position is 0

25-01-2025T14:48:56 - [MESSAGE][PASSED] - Current viewport's top (y) position is 0

25-01-2025T14:48:56 - [TEST_STEP][PASSED] - println("Viewport top is " + top): null

25-01-2025T14:48:56 - [TEST_STEP][PASSED] - bottom = top + 600: null

25-01-2025T14:48:56 - [TEST_STEP][PASSED] - if (y - top < 150 || bottom - y < 10): Delayed 1 second(s)

25-01-2025T14:48:56 - [TEST_STEP][PASSED] - scrollToPosition(0, y - 170): Browser is scrolled to position x = 0, y = 446

25-01-2025T14:48:56 - [MESSAGE][PASSED] - Browser is scrolled to position x = 0, y = 446

25-01-2025T14:48:56 - [TEST_STEP][PASSED] - delay(1): Delayed 1 second(s)

25-01-2025T14:48:57 - [MESSAGE][PASSED] - Delayed 1 second(s)

25-01-2025T14:48:57 - [TEST_STEP][PASSED] - click(findTestObject(object)): null

25-01-2025T14:48:57 - [MESSAGE][PASSED] - Object: 'Object Repository/Education Partner Profile/Tabs/Service Options/img_School Term(s) Available_field-tooltip' is clicked on

25-01-2025T14:48:57 - [TEST_STEP][PASSED] - delay(1): Delayed 1 second(s)

25-01-2025T14:48:58 - [MESSAGE][PASSED] - Delayed 1 second(s)

25-01-2025T14:48:58 - [TEST_STEP][PASSED] - myImage = tooltipImagePath + myKey + ".png": null

25-01-2025T14:48:58 - [TEST_STEP][PASSED] - f = new java.io.File(myImage): null

25-01-2025T14:48:58 - [TEST_STEP][PASSED] - if (f.exists()): null

25-01-2025T14:48:58 - [TEST_STEP][PASSED] - println("Looking for " + myImage): null

25-01-2025T14:48:58 - [TEST_STEP][PASSED] - icn = Pattern(myImage).similar(0.10): null

25-01-2025T14:48:58 - [TEST_STEP][PASSED] - found = s.exists(icn): null

25-01-2025T14:48:58 - [TEST_STEP][PASSED] - println(found): null

25-01-2025T14:48:58 - [TEST_STEP][PASSED] - if (found != null): null

25-01-2025T14:48:58 - [TEST_STEP][PASSED] - foundStr = found.toString(): null

25-01-2025T14:48:58 - [TEST_STEP][PASSED] - matchP = foundStr.indexOf("%"): null

25-01-2025T14:48:58 - [TEST_STEP][PASSED] - println(matchP): null

25-01-2025T14:48:58 - [TEST_STEP][PASSED] - pct = foundStr.substring(matchP + 1, matchP + 6): null

25-01-2025T14:48:58 - [TEST_STEP][PASSED] - outText = "+++ Tooltip match value for " + myKey + " is " + pct + "%": null

25-01-2025T14:48:58 - [TEST_STEP][PASSED] - pctF = pct.toFloat(): null

25-01-2025T14:48:58 - [TEST_STEP][PASSED] - min = 80: null

25-01-2025T14:48:58 - [TEST_STEP][PASSED] - if (pct.toFloat() < min.toFloat()): null

25-01-2025T14:48:58 - [TEST_STEP][PASSED] - if (myKey != "dummy"): null

25-01-2025T14:48:58 - [TEST_STEP][PASSED] - println(outText): null

25-01-2025T14:48:58 - [TEST_STEP][PASSED] - outFile.append(outText + "
"): null

25-01-2025T14:48:58 - [TEST_STEP][PASSED] - outText = "Verifying the tooltip text on the page is what was expected.
": null

25-01-2025T14:48:58 - [TEST_STEP][PASSED] - outFile.append(outText): null

25-01-2025T14:48:58 - [TEST_STEP][PASSED] - for (def it : tooltipText): null

25-01-2025T14:48:58 - [TEST_STEP][PASSED] - println(it): null

25-01-2025T14:48:58 - [TEST_STEP][PASSED] - myKey = key: null

25-01-2025T14:48:58 - [TEST_STEP][PASSED] - myText = value.replace(""", ""): null

25-01-2025T14:48:58 - [TEST_STEP][PASSED] - myText = myText.trim(): null

25-01-2025T14:48:58 - [TEST_STEP][PASSED] - actualText = get(myKey).replace(""", ""): null

25-01-2025T14:48:58 - [TEST_STEP][PASSED] - actualText = actualText.trim(): null

25-01-2025T14:48:58 - [TEST_STEP][PASSED] - println(myKey + ":" + actualText): null

25-01-2025T14:48:58 - [TEST_STEP][PASSED] - if (actualText != myText): null

25-01-2025T14:48:58 - [TEST_STEP][PASSED] - println(it): null

25-01-2025T14:48:58 - [TEST_STEP][PASSED] - myKey = key: null

25-01-2025T14:48:58 - [TEST_STEP][PASSED] - myText = value.replace(""", ""): null

25-01-2025T14:48:58 - [TEST_STEP][PASSED] - myText = myText.trim(): null

25-01-2025T14:48:58 - [TEST_STEP][PASSED] - actualText = get(myKey).replace(""", ""): null

25-01-2025T14:48:58 - [TEST_STEP][PASSED] - actualText = actualText.trim(): null

25-01-2025T14:48:58 - [TEST_STEP][PASSED] - println(myKey + ":" + actualText): null

25-01-2025T14:48:58 - [TEST_STEP][PASSED] - if (actualText != myText): null

25-01-2025T14:48:58 - [MESSAGE][PASSED] - Call Test Case 'Test Cases/_Functions/Test Tooltips' successfully

25-01-2025T14:48:58 - [TEST_STEP][PASSED] - outText = "Verifying the required field messages.
": null

25-01-2025T14:48:58 - [TEST_STEP][PASSED] - outFile.append(outText): null

25-01-2025T14:48:58 - [TEST_STEP][PASSED] - fieldList = []: null

25-01-2025T14:48:58 - [TEST_STEP][PASSED] - requiredFieldMsgs.each({ -> ... }): null

25-01-2025T14:48:58 - [TEST_STEP][PASSED] - callTestCase(findTestCase("_Functions/Test Field Error Messages"), ["varFieldList":fieldList, "varRequiredFieldMsgs":requiredFieldMsgs], STOP_ON_FAILURE): Call Test Case 'Test Cases/_Functions/Test Field Error Messages' successfully

25-01-2025T14:48:58 - [TEST_CASE][PASSED] - Test Cases/_Functions/Test Field Error Messages: Test Cases/_Functions/Test Field Error Messages

25-01-2025T14:48:58 - [TEST_STEP][PASSED] - count = callTestCase(findTestCase("_Functions/Find error messages"), ["varFunction":"count"], STOP_ON_FAILURE): Call Test Case 'Test Cases/_Functions/Find error messages' successfully

25-01-2025T14:48:58 - [TEST_CASE][PASSED] - Test Cases/_Functions/Find error messages: Test Cases/_Functions/Find error messages

25-01-2025T14:48:58 - [TEST_STEP][PASSED] - function = "count": null

25-01-2025T14:48:58 - [TEST_STEP][PASSED] - if (binding.hasVariable("varFunction")): null

25-01-2025T14:48:58 - [TEST_STEP][PASSED] - function = varFunction: null

25-01-2025T14:48:58 - [TEST_STEP][PASSED] - title = getWindowTitle(): Current window's title is: 'Education'

25-01-2025T14:48:58 - [MESSAGE][PASSED] - Current window's title is: 'Education'

25-01-2025T14:48:58 - [TEST_STEP][PASSED] - println("Page title is " + title): null

25-01-2025T14:48:58 - [TEST_STEP][PASSED] - driver = getWebDriver(): null

25-01-2025T14:48:58 - [TEST_STEP][PASSED] - elements = driver.findElements(By.xpath("//div[@class='col-sm-offset-3 col-sm-9 text-danger']")): null

25-01-2025T14:48:58 - [TEST_STEP][PASSED] - if (function == "count"): null

25-01-2025T14:48:58 - [TEST_STEP][PASSED] - return elements.size(): null

25-01-2025T14:48:58 - [MESSAGE][PASSED] - Call Test Case 'Test Cases/_Functions/Find error messages' successfully

25-01-2025T14:48:58 - [TEST_STEP][PASSED] - outFile = outFile: null

25-01-2025T14:48:58 - [TEST_STEP][PASSED] - if (count == 0): null

25-01-2025T14:48:58 - [TEST_STEP][PASSED] - else: Delayed 0 second(s)

25-01-2025T14:48:58 - [TEST_STEP][PASSED] - fieldList = varFieldList: null

25-01-2025T14:48:58 - [TEST_STEP][PASSED] - requiredFieldMsgs = varRequiredFieldMsgs: null

25-01-2025T14:48:58 - [TEST_STEP][PASSED] - outText = "Verifying error messages for fields " + fieldList: null

25-01-2025T14:48:58 - [TEST_STEP][PASSED] - for (def field : fieldList): null

25-01-2025T14:48:58 - [TEST_STEP][PASSED] - errorMsg = requiredFieldMsgs.get(field): null

25-01-2025T14:48:58 - [TEST_STEP][PASSED] - msg = verifyTextPresent(errorMsg, false, OPTIONAL): Text 'The time commitments field is required.' is present on page 

25-01-2025T14:48:58 - [MESSAGE][PASSED] - Text 'The time commitments field is required.' is present on page 

25-01-2025T14:48:58 - [TEST_STEP][PASSED] - println(field + ":" + msg): null

25-01-2025T14:48:58 - [TEST_STEP][PASSED] - if (!(msg)): null

25-01-2025T14:48:58 - [TEST_STEP][PASSED] - errorMsg = requiredFieldMsgs.get(field): null

25-01-2025T14:48:58 - [TEST_STEP][PASSED] - msg = verifyTextPresent(errorMsg, false, OPTIONAL): Text 'The school term available field is required.' is present on page 

25-01-2025T14:48:58 - [MESSAGE][PASSED] - Text 'The school term available field is required.' is present on page 

25-01-2025T14:48:58 - [TEST_STEP][PASSED] - println(field + ":" + msg): null

25-01-2025T14:48:58 - [TEST_STEP][PASSED] - if (!(msg)): null

25-01-2025T14:48:58 - [TEST_STEP][PASSED] - delay(fieldTestDelay): Delayed 0 second(s)

25-01-2025T14:48:58 - [MESSAGE][PASSED] - Delayed 0 second(s)

25-01-2025T14:48:58 - [MESSAGE][PASSED] - Call Test Case 'Test Cases/_Functions/Test Field Error Messages' successfully

25-01-2025T14:48:58 - [TEST_STEP][PASSED] - callTestCase(findTestCase("_Functions/Click on Group Elements"), ["varXpaths":xpaths, "varParms":parms], STOP_ON_FAILURE): Call Test Case 'Test Cases/_Functions/Click on Group Elements' successfully

25-01-2025T14:48:58 - [TEST_CASE][PASSED] - Test Cases/_Functions/Click on Group Elements: Test Cases/_Functions/Click on Group Elements

25-01-2025T14:48:58 - [TEST_STEP][PASSED] - debug = true: null

25-01-2025T14:48:58 - [TEST_STEP][PASSED] - toggle = true: null

25-01-2025T14:48:58 - [TEST_STEP][PASSED] - driver = getWebDriver(): null

25-01-2025T14:48:58 - [TEST_STEP][PASSED] - println(varParms): null

25-01-2025T14:48:58 - [TEST_STEP][PASSED] - for ([i = 0, i < varXpaths.size(), (i++)]): null

25-01-2025T14:48:58 - [TEST_STEP][PASSED] - if (debug): null

25-01-2025T14:48:58 - [TEST_STEP][PASSED] - println("Desired label is "" + varParms[i] + """): null

25-01-2025T14:48:58 - [TEST_STEP][PASSED] - if (varParms[i].indexOf("Europe") >= 0): null

25-01-2025T14:48:58 - [TEST_STEP][PASSED] - elements = driver.findElements(By.xpath(varXpaths[i])): null

25-01-2025T14:48:58 - [TEST_STEP][PASSED] - element_count = elements.size(): null

25-01-2025T14:48:58 - [TEST_STEP][PASSED] - for (def element : elements): null

25-01-2025T14:48:58 - [TEST_STEP][PASSED] - myValue = element.getAttribute("value"): null

25-01-2025T14:48:58 - [TEST_STEP][PASSED] - if (debug): null

25-01-2025T14:48:58 - [TEST_STEP][PASSED] - println("Element label is "" + myValue + """): null

25-01-2025T14:48:58 - [TEST_STEP][PASSED] - if (myValue.length() >= 4): null

25-01-2025T14:48:58 - [TEST_STEP][PASSED] - if (myValue.substring(0, 4) == "(!) "): null

25-01-2025T14:48:58 - [TEST_STEP][PASSED] - myObj = convertWebElementToTestObject(element): null

25-01-2025T14:48:58 - [TEST_STEP][PASSED] - myType = element.getAttribute("type"): null

25-01-2025T14:48:58 - [TEST_STEP][PASSED] - if (myValue in varParms[i]): null

25-01-2025T14:48:58 - [TEST_STEP][PASSED] - else: null

25-01-2025T14:48:58 - [TEST_STEP][PASSED] - inList = false: null

25-01-2025T14:48:58 - [TEST_STEP][PASSED] - if (myType == "checkbox"): null

25-01-2025T14:48:58 - [TEST_STEP][PASSED] - myStatus = element.isSelected(): null

25-01-2025T14:48:58 - [TEST_STEP][PASSED] - if (debug): null

25-01-2025T14:48:58 - [TEST_STEP][PASSED] - println("Label " + myValue + " checked status is " + myStatus + " and in list status is " + inList): null

25-01-2025T14:48:58 - [TEST_STEP][PASSED] - if (toggle && myStatus && inList): null

25-01-2025T14:48:58 - [TEST_STEP][PASSED] - if (!(myStatus) && inList || myStatus && !(inList)): null

25-01-2025T14:48:58 - [TEST_STEP][PASSED] - myValue = element.getAttribute("value"): null

25-01-2025T14:48:58 - [TEST_STEP][PASSED] - if (debug): null

25-01-2025T14:48:58 - [TEST_STEP][PASSED] - println("Element label is "" + myValue + """): null

25-01-2025T14:48:58 - [TEST_STEP][PASSED] - if (myValue.length() >= 4): null

25-01-2025T14:48:58 - [TEST_STEP][PASSED] - if (myValue.substring(0, 4) == "(!) "): null

25-01-2025T14:48:58 - [TEST_STEP][PASSED] - myObj = convertWebElementToTestObject(element): null

25-01-2025T14:48:58 - [TEST_STEP][PASSED] - myType = element.getAttribute("type"): null

25-01-2025T14:48:58 - [TEST_STEP][PASSED] - if (myValue in varParms[i]): null

25-01-2025T14:48:58 - [TEST_STEP][PASSED] - inList = true: null

25-01-2025T14:48:58 - [TEST_STEP][PASSED] - if (myType == "checkbox"): null

25-01-2025T14:48:58 - [TEST_STEP][PASSED] - myStatus = element.isSelected(): null

25-01-2025T14:48:58 - [TEST_STEP][PASSED] - if (debug): null

25-01-2025T14:48:58 - [TEST_STEP][PASSED] - println("Label " + myValue + " checked status is " + myStatus + " and in list status is " + inList): null

25-01-2025T14:48:58 - [TEST_STEP][PASSED] - if (toggle && myStatus && inList): null

25-01-2025T14:48:58 - [TEST_STEP][PASSED] - if (!(myStatus) && inList || myStatus && !(inList)): null

25-01-2025T14:48:58 - [TEST_STEP][PASSED] - if (debug): null

25-01-2025T14:48:58 - [TEST_STEP][PASSED] - println("Clicking " + myValue): null

25-01-2025T14:48:58 - [TEST_STEP][PASSED] - println("Clicking " + myValue): null

25-01-2025T14:48:58 - [TEST_STEP][PASSED] - click(myObj): null

25-01-2025T14:48:58 - [TEST_STEP][PASSED] - scrollToObject(object): null

25-01-2025T14:48:58 - [TEST_STEP][PASSED] - println("Converting " + object + " to web element"): null

25-01-2025T14:48:58 - [TEST_STEP][PASSED] - element = findWebElement(object, 1): null

25-01-2025T14:48:58 - [TEST_STEP][PASSED] - loc = element.getLocation(): null

25-01-2025T14:48:58 - [TEST_STEP][PASSED] - y = loc.getY(): null

25-01-2025T14:48:58 - [TEST_STEP][PASSED] - println("Y location is " + y): null

25-01-2025T14:48:58 - [TEST_STEP][PASSED] - top = getViewportTopPosition(): Current viewport's top (y) position is 295

25-01-2025T14:48:58 - [MESSAGE][PASSED] - Current viewport's top (y) position is 295

25-01-2025T14:48:58 - [TEST_STEP][PASSED] - println("Viewport top is " + top): null

25-01-2025T14:48:58 - [TEST_STEP][PASSED] - bottom = top + 600: null

25-01-2025T14:48:58 - [TEST_STEP][PASSED] - if (y - top < 150 || bottom - y < 10): null

25-01-2025T14:48:58 - [TEST_STEP][PASSED] - click(object): null

25-01-2025T14:48:58 - [MESSAGE][PASSED] - Object: '' is clicked on

25-01-2025T14:48:58 - [TEST_STEP][PASSED] - myValue = element.getAttribute("value"): null

25-01-2025T14:48:58 - [TEST_STEP][PASSED] - if (debug): null

25-01-2025T14:48:58 - [TEST_STEP][PASSED] - println("Element label is "" + myValue + """): null

25-01-2025T14:48:58 - [TEST_STEP][PASSED] - if (myValue.length() >= 4): null

25-01-2025T14:48:58 - [TEST_STEP][PASSED] - if (myValue.substring(0, 4) == "(!) "): null

25-01-2025T14:48:58 - [TEST_STEP][PASSED] - myObj = convertWebElementToTestObject(element): null

25-01-2025T14:48:58 - [TEST_STEP][PASSED] - myType = element.getAttribute("type"): null

25-01-2025T14:48:58 - [TEST_STEP][PASSED] - if (myValue in varParms[i]): null

25-01-2025T14:48:58 - [TEST_STEP][PASSED] - inList = true: null

25-01-2025T14:48:58 - [TEST_STEP][PASSED] - if (myType == "checkbox"): null

25-01-2025T14:48:58 - [TEST_STEP][PASSED] - myStatus = element.isSelected(): null

25-01-2025T14:48:58 - [TEST_STEP][PASSED] - if (debug): null

25-01-2025T14:48:58 - [TEST_STEP][PASSED] - println("Label " + myValue + " checked status is " + myStatus + " and in list status is " + inList): null

25-01-2025T14:48:58 - [TEST_STEP][PASSED] - if (toggle && myStatus && inList): null

25-01-2025T14:48:58 - [TEST_STEP][PASSED] - if (!(myStatus) && inList || myStatus && !(inList)): null

25-01-2025T14:48:58 - [TEST_STEP][PASSED] - if (debug): null

25-01-2025T14:48:58 - [TEST_STEP][PASSED] - println("Clicking " + myValue): null

25-01-2025T14:48:58 - [TEST_STEP][PASSED] - println("Clicking " + myValue): null

25-01-2025T14:48:58 - [TEST_STEP][PASSED] - click(myObj): null

25-01-2025T14:48:58 - [TEST_STEP][PASSED] - scrollToObject(object): null

25-01-2025T14:48:58 - [TEST_STEP][PASSED] - println("Converting " + object + " to web element"): null

25-01-2025T14:48:58 - [TEST_STEP][PASSED] - element = findWebElement(object, 1): null

25-01-2025T14:48:58 - [TEST_STEP][PASSED] - loc = element.getLocation(): null

25-01-2025T14:48:58 - [TEST_STEP][PASSED] - y = loc.getY(): null

25-01-2025T14:48:58 - [TEST_STEP][PASSED] - println("Y location is " + y): null

25-01-2025T14:48:58 - [TEST_STEP][PASSED] - top = getViewportTopPosition(): Current viewport's top (y) position is 295

25-01-2025T14:48:58 - [MESSAGE][PASSED] - Current viewport's top (y) position is 295

25-01-2025T14:48:58 - [TEST_STEP][PASSED] - println("Viewport top is " + top): null

25-01-2025T14:48:58 - [TEST_STEP][PASSED] - bottom = top + 600: null

25-01-2025T14:48:58 - [TEST_STEP][PASSED] - if (y - top < 150 || bottom - y < 10): null

25-01-2025T14:48:58 - [TEST_STEP][PASSED] - click(object): null

25-01-2025T14:48:58 - [MESSAGE][PASSED] - Object: '' is clicked on

25-01-2025T14:48:58 - [TEST_STEP][PASSED] - myValue = element.getAttribute("value"): null

25-01-2025T14:48:58 - [TEST_STEP][PASSED] - if (debug): null

25-01-2025T14:48:58 - [TEST_STEP][PASSED] - println("Element label is "" + myValue + """): null

25-01-2025T14:48:58 - [TEST_STEP][PASSED] - if (myValue.length() >= 4): null

25-01-2025T14:48:58 - [TEST_STEP][PASSED] - if (myValue.substring(0, 4) == "(!) "): null

25-01-2025T14:48:58 - [TEST_STEP][PASSED] - myObj = convertWebElementToTestObject(element): null

25-01-2025T14:48:58 - [TEST_STEP][PASSED] - myType = element.getAttribute("type"): null

25-01-2025T14:48:58 - [TEST_STEP][PASSED] - if (myValue in varParms[i]): null

25-01-2025T14:48:58 - [TEST_STEP][PASSED] - else: null

25-01-2025T14:48:58 - [TEST_STEP][PASSED] - inList = false: null

25-01-2025T14:48:58 - [TEST_STEP][PASSED] - if (myType == "checkbox"): null

25-01-2025T14:48:58 - [TEST_STEP][PASSED] - myStatus = element.isSelected(): null

25-01-2025T14:48:58 - [TEST_STEP][PASSED] - if (debug): null

25-01-2025T14:48:58 - [TEST_STEP][PASSED] - println("Label " + myValue + " checked status is " + myStatus + " and in list status is " + inList): null

25-01-2025T14:48:58 - [TEST_STEP][PASSED] - if (toggle && myStatus && inList): null

25-01-2025T14:48:58 - [TEST_STEP][PASSED] - if (!(myStatus) && inList || myStatus && !(inList)): null

25-01-2025T14:48:58 - [TEST_STEP][PASSED] - myValue = element.getAttribute("value"): null

25-01-2025T14:48:58 - [TEST_STEP][PASSED] - if (debug): null

25-01-2025T14:48:58 - [TEST_STEP][PASSED] - println("Element label is "" + myValue + """): null

25-01-2025T14:48:58 - [TEST_STEP][PASSED] - if (myValue.length() >= 4): null

25-01-2025T14:48:58 - [TEST_STEP][PASSED] - if (myValue.substring(0, 4) == "(!) "): null

25-01-2025T14:48:58 - [TEST_STEP][PASSED] - myObj = convertWebElementToTestObject(element): null

25-01-2025T14:48:58 - [TEST_STEP][PASSED] - myType = element.getAttribute("type"): null

25-01-2025T14:48:58 - [TEST_STEP][PASSED] - if (myValue in varParms[i]): null

25-01-2025T14:48:58 - [TEST_STEP][PASSED] - else: null

25-01-2025T14:48:58 - [TEST_STEP][PASSED] - inList = false: null

25-01-2025T14:48:58 - [TEST_STEP][PASSED] - if (myType == "checkbox"): null

25-01-2025T14:48:58 - [TEST_STEP][PASSED] - myStatus = element.isSelected(): null

25-01-2025T14:48:58 - [TEST_STEP][PASSED] - if (debug): null

25-01-2025T14:48:58 - [TEST_STEP][PASSED] - println("Label " + myValue + " checked status is " + myStatus + " and in list status is " + inList): null

25-01-2025T14:48:58 - [TEST_STEP][PASSED] - if (toggle && myStatus && inList): null

25-01-2025T14:48:58 - [TEST_STEP][PASSED] - if (!(myStatus) && inList || myStatus && !(inList)): null

25-01-2025T14:48:58 - [TEST_STEP][PASSED] - myValue = element.getAttribute("value"): null

25-01-2025T14:48:58 - [TEST_STEP][PASSED] - if (debug): null

25-01-2025T14:48:58 - [TEST_STEP][PASSED] - println("Element label is "" + myValue + """): null

25-01-2025T14:48:58 - [TEST_STEP][PASSED] - if (myValue.length() >= 4): null

25-01-2025T14:48:58 - [TEST_STEP][PASSED] - if (myValue.substring(0, 4) == "(!) "): null

25-01-2025T14:48:58 - [TEST_STEP][PASSED] - myValue = myValue.substring(4): null

25-01-2025T14:48:58 - [TEST_STEP][PASSED] - if (debug): null

25-01-2025T14:48:58 - [TEST_STEP][PASSED] - println("Modified element label is "" + myValue + """): null

25-01-2025T14:48:58 - [TEST_STEP][PASSED] - myObj = convertWebElementToTestObject(element): null

25-01-2025T14:48:58 - [TEST_STEP][PASSED] - myType = element.getAttribute("type"): null

25-01-2025T14:48:58 - [TEST_STEP][PASSED] - if (myValue in varParms[i]): null

25-01-2025T14:48:58 - [TEST_STEP][PASSED] - else: null

25-01-2025T14:48:58 - [TEST_STEP][PASSED] - inList = false: null

25-01-2025T14:48:58 - [TEST_STEP][PASSED] - if (myType == "checkbox"): null

25-01-2025T14:48:58 - [TEST_STEP][PASSED] - myStatus = element.isSelected(): null

25-01-2025T14:48:58 - [TEST_STEP][PASSED] - if (debug): null

25-01-2025T14:48:58 - [TEST_STEP][PASSED] - println("Label " + myValue + " checked status is " + myStatus + " and in list status is " + inList): null

25-01-2025T14:48:58 - [TEST_STEP][PASSED] - if (toggle && myStatus && inList): null

25-01-2025T14:48:58 - [TEST_STEP][PASSED] - if (!(myStatus) && inList || myStatus && !(inList)): null

25-01-2025T14:48:58 - [TEST_STEP][PASSED] - if (debug): null

25-01-2025T14:48:58 - [TEST_STEP][PASSED] - println("Desired label is "" + varParms[i] + """): null

25-01-2025T14:48:58 - [TEST_STEP][PASSED] - if (varParms[i].indexOf("Europe") >= 0): null

25-01-2025T14:48:58 - [TEST_STEP][PASSED] - elements = driver.findElements(By.xpath(varXpaths[i])): null

25-01-2025T14:48:58 - [TEST_STEP][PASSED] - element_count = elements.size(): null

25-01-2025T14:48:58 - [TEST_STEP][PASSED] - for (def element : elements): null

25-01-2025T14:48:58 - [TEST_STEP][PASSED] - myValue = element.getAttribute("value"): null

25-01-2025T14:48:58 - [TEST_STEP][PASSED] - if (debug): null

25-01-2025T14:48:58 - [TEST_STEP][PASSED] - println("Element label is "" + myValue + """): null

25-01-2025T14:48:58 - [TEST_STEP][PASSED] - if (myValue.length() >= 4): null

25-01-2025T14:48:58 - [TEST_STEP][PASSED] - if (myValue.substring(0, 4) == "(!) "): null

25-01-2025T14:48:58 - [TEST_STEP][PASSED] - myObj = convertWebElementToTestObject(element): null

25-01-2025T14:48:58 - [TEST_STEP][PASSED] - myType = element.getAttribute("type"): null

25-01-2025T14:48:58 - [TEST_STEP][PASSED] - if (myValue in varParms[i]): null

25-01-2025T14:48:58 - [TEST_STEP][PASSED] - else: null

25-01-2025T14:48:58 - [TEST_STEP][PASSED] - inList = false: null

25-01-2025T14:48:58 - [TEST_STEP][PASSED] - if (myType == "checkbox"): null

25-01-2025T14:48:58 - [TEST_STEP][PASSED] - myStatus = element.isSelected(): null

25-01-2025T14:48:58 - [TEST_STEP][PASSED] - if (debug): null

25-01-2025T14:48:58 - [TEST_STEP][PASSED] - println("Label " + myValue + " checked status is " + myStatus + " and in list status is " + inList): null

25-01-2025T14:48:58 - [TEST_STEP][PASSED] - if (toggle && myStatus && inList): null

25-01-2025T14:48:58 - [TEST_STEP][PASSED] - if (!(myStatus) && inList || myStatus && !(inList)): null

25-01-2025T14:48:58 - [TEST_STEP][PASSED] - myValue = element.getAttribute("value"): null

25-01-2025T14:48:58 - [TEST_STEP][PASSED] - if (debug): null

25-01-2025T14:48:58 - [TEST_STEP][PASSED] - println("Element label is "" + myValue + """): null

25-01-2025T14:48:58 - [TEST_STEP][PASSED] - if (myValue.length() >= 4): null

25-01-2025T14:48:58 - [TEST_STEP][PASSED] - if (myValue.substring(0, 4) == "(!) "): null

25-01-2025T14:48:58 - [TEST_STEP][PASSED] - myObj = convertWebElementToTestObject(element): null

25-01-2025T14:48:58 - [TEST_STEP][PASSED] - myType = element.getAttribute("type"): null

25-01-2025T14:48:58 - [TEST_STEP][PASSED] - if (myValue in varParms[i]): null

25-01-2025T14:48:58 - [TEST_STEP][PASSED] - inList = true: null

25-01-2025T14:48:58 - [TEST_STEP][PASSED] - if (myType == "checkbox"): null

25-01-2025T14:48:58 - [TEST_STEP][PASSED] - myStatus = element.isSelected(): null

25-01-2025T14:48:58 - [TEST_STEP][PASSED] - if (debug): null

25-01-2025T14:48:58 - [TEST_STEP][PASSED] - println("Label " + myValue + " checked status is " + myStatus + " and in list status is " + inList): null

25-01-2025T14:48:58 - [TEST_STEP][PASSED] - if (toggle && myStatus && inList): null

25-01-2025T14:48:58 - [TEST_STEP][PASSED] - if (!(myStatus) && inList || myStatus && !(inList)): null

25-01-2025T14:48:58 - [TEST_STEP][PASSED] - if (debug): null

25-01-2025T14:48:58 - [TEST_STEP][PASSED] - println("Clicking " + myValue): null

25-01-2025T14:48:58 - [TEST_STEP][PASSED] - println("Clicking " + myValue): null

25-01-2025T14:48:58 - [TEST_STEP][PASSED] - click(myObj): null

25-01-2025T14:48:58 - [TEST_STEP][PASSED] - scrollToObject(object): null

25-01-2025T14:48:58 - [TEST_STEP][PASSED] - println("Converting " + object + " to web element"): null

25-01-2025T14:48:58 - [TEST_STEP][PASSED] - element = findWebElement(object, 1): null

25-01-2025T14:48:58 - [TEST_STEP][PASSED] - loc = element.getLocation(): null

25-01-2025T14:48:58 - [TEST_STEP][PASSED] - y = loc.getY(): null

25-01-2025T14:48:58 - [TEST_STEP][PASSED] - println("Y location is " + y): null

25-01-2025T14:48:58 - [TEST_STEP][PASSED] - top = getViewportTopPosition(): Current viewport's top (y) position is 295

25-01-2025T14:48:58 - [MESSAGE][PASSED] - Current viewport's top (y) position is 295

25-01-2025T14:48:58 - [TEST_STEP][PASSED] - println("Viewport top is " + top): null

25-01-2025T14:48:58 - [TEST_STEP][PASSED] - bottom = top + 600: null

25-01-2025T14:48:58 - [TEST_STEP][PASSED] - if (y - top < 150 || bottom - y < 10): null

25-01-2025T14:48:58 - [TEST_STEP][PASSED] - click(object): null

25-01-2025T14:48:58 - [MESSAGE][PASSED] - Object: '' is clicked on

25-01-2025T14:48:58 - [TEST_STEP][PASSED] - myValue = element.getAttribute("value"): null

25-01-2025T14:48:58 - [TEST_STEP][PASSED] - if (debug): null

25-01-2025T14:48:58 - [TEST_STEP][PASSED] - println("Element label is "" + myValue + """): null

25-01-2025T14:48:58 - [TEST_STEP][PASSED] - if (myValue.length() >= 4): null

25-01-2025T14:48:58 - [TEST_STEP][PASSED] - if (myValue.substring(0, 4) == "(!) "): null

25-01-2025T14:48:58 - [TEST_STEP][PASSED] - myObj = convertWebElementToTestObject(element): null

25-01-2025T14:48:58 - [TEST_STEP][PASSED] - myType = element.getAttribute("type"): null

25-01-2025T14:48:58 - [TEST_STEP][PASSED] - if (myValue in varParms[i]): null

25-01-2025T14:48:58 - [TEST_STEP][PASSED] - else: null

25-01-2025T14:48:58 - [TEST_STEP][PASSED] - inList = false: null

25-01-2025T14:48:58 - [TEST_STEP][PASSED] - if (myType == "checkbox"): null

25-01-2025T14:48:58 - [TEST_STEP][PASSED] - myStatus = element.isSelected(): null

25-01-2025T14:48:58 - [TEST_STEP][PASSED] - if (debug): null

25-01-2025T14:48:58 - [TEST_STEP][PASSED] - println("Label " + myValue + " checked status is " + myStatus + " and in list status is " + inList): null

25-01-2025T14:48:58 - [TEST_STEP][PASSED] - if (toggle && myStatus && inList): null

25-01-2025T14:48:58 - [TEST_STEP][PASSED] - if (!(myStatus) && inList || myStatus && !(inList)): null

25-01-2025T14:48:58 - [TEST_STEP][PASSED] - myValue = element.getAttribute("value"): null

25-01-2025T14:48:58 - [TEST_STEP][PASSED] - if (debug): null

25-01-2025T14:48:58 - [TEST_STEP][PASSED] - println("Element label is "" + myValue + """): null

25-01-2025T14:48:58 - [TEST_STEP][PASSED] - if (myValue.length() >= 4): null

25-01-2025T14:48:58 - [TEST_STEP][PASSED] - if (myValue.substring(0, 4) == "(!) "): null

25-01-2025T14:48:58 - [TEST_STEP][PASSED] - myObj = convertWebElementToTestObject(element): null

25-01-2025T14:48:58 - [TEST_STEP][PASSED] - myType = element.getAttribute("type"): null

25-01-2025T14:48:58 - [TEST_STEP][PASSED] - if (myValue in varParms[i]): null

25-01-2025T14:48:58 - [TEST_STEP][PASSED] - else: null

25-01-2025T14:48:58 - [TEST_STEP][PASSED] - inList = false: null

25-01-2025T14:48:58 - [TEST_STEP][PASSED] - if (myType == "checkbox"): null

25-01-2025T14:48:58 - [TEST_STEP][PASSED] - myStatus = element.isSelected(): null

25-01-2025T14:48:58 - [TEST_STEP][PASSED] - if (debug): null

25-01-2025T14:48:58 - [TEST_STEP][PASSED] - println("Label " + myValue + " checked status is " + myStatus + " and in list status is " + inList): null

25-01-2025T14:48:58 - [TEST_STEP][PASSED] - if (toggle && myStatus && inList): null

25-01-2025T14:48:58 - [TEST_STEP][PASSED] - if (!(myStatus) && inList || myStatus && !(inList)): null

25-01-2025T14:48:58 - [TEST_STEP][PASSED] - myValue = element.getAttribute("value"): null

25-01-2025T14:48:58 - [TEST_STEP][PASSED] - if (debug): null

25-01-2025T14:48:58 - [TEST_STEP][PASSED] - println("Element label is "" + myValue + """): null

25-01-2025T14:48:58 - [TEST_STEP][PASSED] - if (myValue.length() >= 4): null

25-01-2025T14:48:58 - [TEST_STEP][PASSED] - if (myValue.substring(0, 4) == "(!) "): null

25-01-2025T14:48:58 - [TEST_STEP][PASSED] - myValue = myValue.substring(4): null

25-01-2025T14:48:58 - [TEST_STEP][PASSED] - if (debug): null

25-01-2025T14:48:58 - [TEST_STEP][PASSED] - println("Modified element label is "" + myValue + """): null

25-01-2025T14:48:58 - [TEST_STEP][PASSED] - myObj = convertWebElementToTestObject(element): null

25-01-2025T14:48:58 - [TEST_STEP][PASSED] - myType = element.getAttribute("type"): null

25-01-2025T14:48:58 - [TEST_STEP][PASSED] - if (myValue in varParms[i]): null

25-01-2025T14:48:58 - [TEST_STEP][PASSED] - else: null

25-01-2025T14:48:58 - [TEST_STEP][PASSED] - inList = false: null

25-01-2025T14:48:58 - [TEST_STEP][PASSED] - if (myType == "checkbox"): null

25-01-2025T14:48:58 - [TEST_STEP][PASSED] - myStatus = element.isSelected(): null

25-01-2025T14:48:58 - [TEST_STEP][PASSED] - if (debug): null

25-01-2025T14:48:58 - [TEST_STEP][PASSED] - println("Label " + myValue + " checked status is " + myStatus + " and in list status is " + inList): null

25-01-2025T14:48:58 - [TEST_STEP][PASSED] - if (toggle && myStatus && inList): null

25-01-2025T14:48:58 - [TEST_STEP][PASSED] - if (!(myStatus) && inList || myStatus && !(inList)): null

25-01-2025T14:48:58 - [TEST_STEP][PASSED] - if (debug): null

25-01-2025T14:48:58 - [TEST_STEP][PASSED] - println("Desired label is "" + varParms[i] + """): null

25-01-2025T14:48:58 - [TEST_STEP][PASSED] - if (varParms[i].indexOf("Europe") >= 0): null

25-01-2025T14:48:58 - [TEST_STEP][PASSED] - elements = driver.findElements(By.xpath(varXpaths[i])): null

25-01-2025T14:48:58 - [TEST_STEP][PASSED] - element_count = elements.size(): null

25-01-2025T14:48:58 - [TEST_STEP][PASSED] - for (def element : elements): null

25-01-2025T14:48:58 - [TEST_STEP][PASSED] - myValue = element.getAttribute("value"): null

25-01-2025T14:48:58 - [TEST_STEP][PASSED] - if (debug): null

25-01-2025T14:48:58 - [TEST_STEP][PASSED] - println("Element label is "" + myValue + """): null

25-01-2025T14:48:58 - [TEST_STEP][PASSED] - if (myValue.length() >= 4): null

25-01-2025T14:48:58 - [TEST_STEP][PASSED] - if (myValue.substring(0, 4) == "(!) "): null

25-01-2025T14:48:58 - [TEST_STEP][PASSED] - myObj = convertWebElementToTestObject(element): null

25-01-2025T14:48:58 - [TEST_STEP][PASSED] - myType = element.getAttribute("type"): null

25-01-2025T14:48:58 - [TEST_STEP][PASSED] - if (myValue in varParms[i]): null

25-01-2025T14:48:58 - [TEST_STEP][PASSED] - else: null

25-01-2025T14:48:58 - [TEST_STEP][PASSED] - inList = false: null

25-01-2025T14:48:58 - [TEST_STEP][PASSED] - if (myType == "checkbox"): null

25-01-2025T14:48:58 - [TEST_STEP][PASSED] - myStatus = element.isSelected(): null

25-01-2025T14:48:58 - [TEST_STEP][PASSED] - if (debug): null

25-01-2025T14:48:58 - [TEST_STEP][PASSED] - println("Label " + myValue + " checked status is " + myStatus + " and in list status is " + inList): null

25-01-2025T14:48:58 - [TEST_STEP][PASSED] - if (toggle && myStatus && inList): null

25-01-2025T14:48:58 - [TEST_STEP][PASSED] - if (!(myStatus) && inList || myStatus && !(inList)): null

25-01-2025T14:48:58 - [TEST_STEP][PASSED] - myValue = element.getAttribute("value"): null

25-01-2025T14:48:58 - [TEST_STEP][PASSED] - if (debug): null

25-01-2025T14:48:58 - [TEST_STEP][PASSED] - println("Element label is "" + myValue + """): null

25-01-2025T14:48:58 - [TEST_STEP][PASSED] - if (myValue.length() >= 4): null

25-01-2025T14:48:58 - [TEST_STEP][PASSED] - if (myValue.substring(0, 4) == "(!) "): null

25-01-2025T14:48:58 - [TEST_STEP][PASSED] - myObj = convertWebElementToTestObject(element): null

25-01-2025T14:48:58 - [TEST_STEP][PASSED] - myType = element.getAttribute("type"): null

25-01-2025T14:48:58 - [TEST_STEP][PASSED] - if (myValue in varParms[i]): null

25-01-2025T14:48:58 - [TEST_STEP][PASSED] - else: null

25-01-2025T14:48:58 - [TEST_STEP][PASSED] - inList = false: null

25-01-2025T14:48:58 - [TEST_STEP][PASSED] - if (myType == "checkbox"): null

25-01-2025T14:48:58 - [TEST_STEP][PASSED] - myStatus = element.isSelected(): null

25-01-2025T14:48:58 - [TEST_STEP][PASSED] - if (debug): null

25-01-2025T14:48:58 - [TEST_STEP][PASSED] - println("Label " + myValue + " checked status is " + myStatus + " and in list status is " + inList): null

25-01-2025T14:48:58 - [TEST_STEP][PASSED] - if (toggle && myStatus && inList): null

25-01-2025T14:48:58 - [TEST_STEP][PASSED] - if (!(myStatus) && inList || myStatus && !(inList)): null

25-01-2025T14:48:58 - [TEST_STEP][PASSED] - myValue = element.getAttribute("value"): null

25-01-2025T14:48:58 - [TEST_STEP][PASSED] - if (debug): null

25-01-2025T14:48:58 - [TEST_STEP][PASSED] - println("Element label is "" + myValue + """): null

25-01-2025T14:48:58 - [TEST_STEP][PASSED] - if (myValue.length() >= 4): null

25-01-2025T14:48:58 - [TEST_STEP][PASSED] - if (myValue.substring(0, 4) == "(!) "): null

25-01-2025T14:48:58 - [TEST_STEP][PASSED] - myObj = convertWebElementToTestObject(element): null

25-01-2025T14:48:58 - [TEST_STEP][PASSED] - myType = element.getAttribute("type"): null

25-01-2025T14:48:58 - [TEST_STEP][PASSED] - if (myValue in varParms[i]): null

25-01-2025T14:48:58 - [TEST_STEP][PASSED] - else: null

25-01-2025T14:48:58 - [TEST_STEP][PASSED] - inList = false: null

25-01-2025T14:48:58 - [TEST_STEP][PASSED] - if (myType == "checkbox"): null

25-01-2025T14:48:58 - [TEST_STEP][PASSED] - myStatus = element.isSelected(): null

25-01-2025T14:48:58 - [TEST_STEP][PASSED] - if (debug): null

25-01-2025T14:48:58 - [TEST_STEP][PASSED] - println("Label " + myValue + " checked status is " + myStatus + " and in list status is " + inList): null

25-01-2025T14:48:58 - [TEST_STEP][PASSED] - if (toggle && myStatus && inList): null

25-01-2025T14:48:58 - [TEST_STEP][PASSED] - if (!(myStatus) && inList || myStatus && !(inList)): null

25-01-2025T14:48:58 - [TEST_STEP][PASSED] - myValue = element.getAttribute("value"): null

25-01-2025T14:48:58 - [TEST_STEP][PASSED] - if (debug): null

25-01-2025T14:48:58 - [TEST_STEP][PASSED] - println("Element label is "" + myValue + """): null

25-01-2025T14:48:58 - [TEST_STEP][PASSED] - if (myValue.length() >= 4): null

25-01-2025T14:48:58 - [TEST_STEP][PASSED] - if (myValue.substring(0, 4) == "(!) "): null

25-01-2025T14:48:58 - [TEST_STEP][PASSED] - myObj = convertWebElementToTestObject(element): null

25-01-2025T14:48:58 - [TEST_STEP][PASSED] - myType = element.getAttribute("type"): null

25-01-2025T14:48:58 - [TEST_STEP][PASSED] - if (myValue in varParms[i]): null

25-01-2025T14:48:58 - [TEST_STEP][PASSED] - else: null

25-01-2025T14:48:58 - [TEST_STEP][PASSED] - inList = false: null

25-01-2025T14:48:58 - [TEST_STEP][PASSED] - if (myType == "checkbox"): null

25-01-2025T14:48:58 - [TEST_STEP][PASSED] - myStatus = element.isSelected(): null

25-01-2025T14:48:58 - [TEST_STEP][PASSED] - if (debug): null

25-01-2025T14:48:58 - [TEST_STEP][PASSED] - println("Label " + myValue + " checked status is " + myStatus + " and in list status is " + inList): null

25-01-2025T14:48:58 - [TEST_STEP][PASSED] - if (toggle && myStatus && inList): null

25-01-2025T14:48:58 - [TEST_STEP][PASSED] - if (!(myStatus) && inList || myStatus && !(inList)): null

25-01-2025T14:48:58 - [TEST_STEP][PASSED] - myValue = element.getAttribute("value"): null

25-01-2025T14:48:58 - [TEST_STEP][PASSED] - if (debug): null

25-01-2025T14:48:58 - [TEST_STEP][PASSED] - println("Element label is "" + myValue + """): null

25-01-2025T14:48:58 - [TEST_STEP][PASSED] - if (myValue.length() >= 4): null

25-01-2025T14:48:58 - [TEST_STEP][PASSED] - if (myValue.substring(0, 4) == "(!) "): null

25-01-2025T14:48:58 - [TEST_STEP][PASSED] - myValue = myValue.substring(4): null

25-01-2025T14:48:58 - [TEST_STEP][PASSED] - if (debug): null

25-01-2025T14:48:58 - [TEST_STEP][PASSED] - println("Modified element label is "" + myValue + """): null

25-01-2025T14:48:58 - [TEST_STEP][PASSED] - myObj = convertWebElementToTestObject(element): null

25-01-2025T14:48:58 - [TEST_STEP][PASSED] - myType = element.getAttribute("type"): null

25-01-2025T14:48:58 - [TEST_STEP][PASSED] - if (myValue in varParms[i]): null

25-01-2025T14:48:58 - [TEST_STEP][PASSED] - inList = true: null

25-01-2025T14:48:58 - [TEST_STEP][PASSED] - if (myType == "checkbox"): null

25-01-2025T14:48:58 - [TEST_STEP][PASSED] - myStatus = element.isSelected(): null

25-01-2025T14:48:58 - [TEST_STEP][PASSED] - if (debug): null

25-01-2025T14:48:58 - [TEST_STEP][PASSED] - println("Label " + myValue + " checked status is " + myStatus + " and in list status is " + inList): null

25-01-2025T14:48:58 - [TEST_STEP][PASSED] - if (toggle && myStatus && inList): null

25-01-2025T14:48:58 - [TEST_STEP][PASSED] - if (!(myStatus) && inList || myStatus && !(inList)): null

25-01-2025T14:48:58 - [TEST_STEP][PASSED] - if (debug): null

25-01-2025T14:48:58 - [TEST_STEP][PASSED] - println("Clicking " + myValue): null

25-01-2025T14:48:58 - [TEST_STEP][PASSED] - println("Clicking " + myValue): null

25-01-2025T14:48:58 - [TEST_STEP][PASSED] - click(myObj): null

25-01-2025T14:48:58 - [TEST_STEP][PASSED] - scrollToObject(object): null

25-01-2025T14:48:58 - [TEST_STEP][PASSED] - println("Converting " + object + " to web element"): null

25-01-2025T14:48:58 - [TEST_STEP][PASSED] - element = findWebElement(object, 1): null

25-01-2025T14:48:58 - [TEST_STEP][PASSED] - loc = element.getLocation(): null

25-01-2025T14:48:58 - [TEST_STEP][PASSED] - y = loc.getY(): null

25-01-2025T14:48:58 - [TEST_STEP][PASSED] - println("Y location is " + y): null

25-01-2025T14:48:58 - [TEST_STEP][PASSED] - top = getViewportTopPosition(): Current viewport's top (y) position is 295

25-01-2025T14:48:58 - [MESSAGE][PASSED] - Current viewport's top (y) position is 295

25-01-2025T14:48:58 - [TEST_STEP][PASSED] - println("Viewport top is " + top): null

25-01-2025T14:48:58 - [TEST_STEP][PASSED] - bottom = top + 600: null

25-01-2025T14:48:58 - [TEST_STEP][PASSED] - if (y - top < 150 || bottom - y < 10): null

25-01-2025T14:48:58 - [TEST_STEP][PASSED] - click(object): Object: '' is clicked on

25-01-2025T14:48:58 - [MESSAGE][PASSED] - Object: '' is clicked on

25-01-2025T14:48:58 - [MESSAGE][PASSED] - Call Test Case 'Test Cases/_Functions/Click on Group Elements' successfully

25-01-2025T14:48:58 - [TEST_STEP][PASSED] - object = "Education Partner Profile/Tabs/Service Options/btn_Complete Submit": null

25-01-2025T14:48:58 - [TEST_STEP][PASSED] - callTestCase(findTestCase("_Functions/Perform Action"), ["varAction":"click", "varObject":object], STOP_ON_FAILURE): Call Test Case 'Test Cases/_Functions/Perform Action' successfully

25-01-2025T14:48:58 - [TEST_CASE][PASSED] - Test Cases/_Functions/Perform Action: Test Cases/_Functions/Perform Action

25-01-2025T14:48:58 - [TEST_STEP][PASSED] - action = varAction: null

25-01-2025T14:48:58 - [TEST_STEP][PASSED] - println(action): null

25-01-2025T14:48:58 - [TEST_STEP][PASSED] - testObject = varObject: null

25-01-2025T14:48:58 - [TEST_STEP][PASSED] - println(testObject): null

25-01-2025T14:48:58 - [TEST_STEP][PASSED] - parm1 = varParm1: null

25-01-2025T14:48:58 - [TEST_STEP][PASSED] - println(parm1): null

25-01-2025T14:48:58 - [TEST_STEP][PASSED] - println("Converting " + testObject + " to web element"): null

25-01-2025T14:48:58 - [TEST_STEP][PASSED] - element = findWebElement(findTestObject(testObject), 1): null

25-01-2025T14:48:58 - [TEST_STEP][PASSED] - loc = element.getLocation(): null

25-01-2025T14:48:58 - [TEST_STEP][PASSED] - y = loc.getY(): null

25-01-2025T14:48:58 - [TEST_STEP][PASSED] - println("Y location is " + y): null

25-01-2025T14:48:58 - [TEST_STEP][PASSED] - top = getViewportTopPosition(): Current viewport's top (y) position is 295

25-01-2025T14:48:58 - [MESSAGE][PASSED] - Current viewport's top (y) position is 295

25-01-2025T14:48:58 - [TEST_STEP][PASSED] - println("Viewport top is " + top): null

25-01-2025T14:48:58 - [TEST_STEP][PASSED] - bottom = top + 600: null

25-01-2025T14:48:58 - [TEST_STEP][PASSED] - if (y - top < 150 || bottom - y < 10): null

25-01-2025T14:48:58 - [TEST_STEP][PASSED] - if (action == "click"): Object: 'Object Repository/Education Partner Profile/Tabs/Service Options/btn_Complete Submit' is clicked on

25-01-2025T14:48:58 - [TEST_STEP][PASSED] - println("clicking"): null

25-01-2025T14:48:58 - [TEST_STEP][PASSED] - click(findTestObject(testObject)): Object: 'Object Repository/Education Partner Profile/Tabs/Service Options/btn_Complete Submit' is clicked on

25-01-2025T14:49:03 - [MESSAGE][PASSED] - Object: 'Object Repository/Education Partner Profile/Tabs/Service Options/btn_Complete Submit' is clicked on

25-01-2025T14:49:03 - [MESSAGE][PASSED] - Call Test Case 'Test Cases/_Functions/Perform Action' successfully

25-01-2025T14:49:03 - [MESSAGE][PASSED] - Call Test Case 'Test Cases/Education Partner Profile/Tabs/Set Service Options' successfully

25-01-2025T14:49:03 - [TEST_STEP][PASSED] - if (pages.size() == 0 || "All" in pages || "Readiness" in pages): Call Test Case 'Test Cases/Education Partner Profile/Tabs/Set Readiness' successfully

25-01-2025T14:49:03 - [TEST_STEP][PASSED] - process_stage = ["I am actively investigating missions", "I am ready to select a ministry"]: null

25-01-2025T14:49:03 - [TEST_STEP][PASSED] - cross_cultural = ["Not served in a culture other than my own", "Occasionally served in cultures other than my own", "Extensive experience serving in cultures other than my own"]: null

25-01-2025T14:49:03 - [TEST_STEP][PASSED] - bible_training = ["Some Bible school classes", "Bible school degree or equivalent"]: null

25-01-2025T14:49:03 - [TEST_STEP][PASSED] - perspectives = ["I have not taken the Perspectives Course", "I am planning to take the Perspectives Course", "I have taken or am taking the Perspectives Course"]: null

25-01-2025T14:49:03 - [TEST_STEP][PASSED] - missions_experience = ["I have attended a missions event", "I have taken a short-term missions trip", "I have served in ministry or missions full-time", "None of the above"]: null

25-01-2025T14:49:03 - [TEST_STEP][PASSED] - relocation = ["I am willing to relocate within North America", "I am willing to relocate overseas"]: null

25-01-2025T14:49:03 - [TEST_STEP][PASSED] - callTestCase(findTestCase("Education Partner Profile/Tabs/Set Readiness"), ["varProcess_stage":process_stage, "varCross_cultural":cross_cultural, "varBible_training":bible_training, "varPerspectives":perspectives, ... ], OPTIONAL): Call Test Case 'Test Cases/Education Partner Profile/Tabs/Set Readiness' successfully

25-01-2025T14:49:03 - [TEST_CASE][PASSED] - Test Cases/Education Partner Profile/Tabs/Set Readiness: Test Cases/Education Partner Profile/Tabs/Set Readiness

25-01-2025T14:49:03 - [TEST_STEP][PASSED] - username = username: null

25-01-2025T14:49:03 - [TEST_STEP][PASSED] - if (username != "cktest06ep"): null

25-01-2025T14:49:03 - [TEST_STEP][PASSED] - domain = domain: null

25-01-2025T14:49:03 - [TEST_STEP][PASSED] - writeFile = false: null

25-01-2025T14:49:03 - [TEST_STEP][PASSED] - testName = "Education Partner Readiness Tab": null

25-01-2025T14:49:03 - [TEST_STEP][PASSED] - outFile = callTestCase(findTestCase("_Functions/Set Output File"), ["varTestName":testName], STOP_ON_FAILURE): Call Test Case 'Test Cases/_Functions/Set Output File' successfully

25-01-2025T14:49:03 - [TEST_CASE][PASSED] - Test Cases/_Functions/Set Output File: Test Cases/_Functions/Set Output File

25-01-2025T14:49:03 - [TEST_STEP][PASSED] - testName = varTestName: null

25-01-2025T14:49:03 - [TEST_STEP][PASSED] - domain = domain: null

25-01-2025T14:49:03 - [TEST_STEP][PASSED] - writeFile = false: null

25-01-2025T14:49:03 - [TEST_STEP][PASSED] - if (outFile != ""): null

25-01-2025T14:49:03 - [TEST_STEP][PASSED] - myFile = outFile: null

25-01-2025T14:49:03 - [TEST_STEP][PASSED] - println(myFile): null

25-01-2025T14:49:03 - [TEST_STEP][PASSED] - outFile = new java.io.File(myFile): null

25-01-2025T14:49:03 - [TEST_STEP][PASSED] - writeFile = true: null

25-01-2025T14:49:03 - [TEST_STEP][PASSED] - if (!(writeFile)): null

25-01-2025T14:49:03 - [TEST_STEP][PASSED] - else: null

25-01-2025T14:49:03 - [TEST_STEP][PASSED] - outFile.append("
Testing " + testName + " on " + domain + ".
"): null

25-01-2025T14:49:03 - [TEST_STEP][PASSED] - return outFile: null

25-01-2025T14:49:03 - [MESSAGE][PASSED] - Call Test Case 'Test Cases/_Functions/Set Output File' successfully

25-01-2025T14:49:03 - [TEST_STEP][PASSED] - parms = [varProcess_stage, varCross_cultural, varBible_training, varPerspectives, varMissions_experience, varRelocation]: null

25-01-2025T14:49:03 - [TEST_STEP][PASSED] - process_stage = "//input[@id='profile_group-1456436491.551_candidate_process_stages']": null

25-01-2025T14:49:03 - [TEST_STEP][PASSED] - cross_cultural = "//input[@id='profile_group-1456436491.551_cross-cultural_experience']": null

25-01-2025T14:49:03 - [TEST_STEP][PASSED] - bible_training = "//*[@id='profile_group-1456436491.551_bible_school_training']": null

25-01-2025T14:49:03 - [TEST_STEP][PASSED] - perspectives = "//*[@id='profile_group-1456436491.551_attended_perspectives?']": null

25-01-2025T14:49:03 - [TEST_STEP][PASSED] - missions_experience = "//input[@id='profile_group-1456436491.551_missions_exposure']": null

25-01-2025T14:49:03 - [TEST_STEP][PASSED] - relocation = "//input[@id='profile_group-1456436491.551_relocation_question']": null

25-01-2025T14:49:03 - [TEST_STEP][PASSED] - xpaths = [process_stage, cross_cultural, bible_training, perspectives, missions_experience, relocation]: null

25-01-2025T14:49:03 - [TEST_STEP][PASSED] - tooltipImagePath = "/Users/cckozie/git/MissionNext-Katalon-Koz/images/education partner/tabs/readiness/": null

25-01-2025T14:49:03 - [TEST_STEP][PASSED] - testObjectFolder = "Education Partner Profile/Tabs/Readiness/": null

25-01-2025T14:49:03 - [TEST_STEP][PASSED] - tooltips = ["dummy":"dummy", "Process Stage":"img_Process Stage_field-tooltip", "Cross-cultural Experience":"img_Cross-cultural Experience_field-tooltip", ... ]: null

25-01-2025T14:49:03 - [TEST_STEP][PASSED] - tooltipText = ["Process Stage":"Candidates are asked where they are in the exploration process. The first choice, beginning, matches all candidates. ", "Cross-cultural Experience":"Select those that would be acceptable for most positions. The first choice will match all candidates.", ... ]: null

25-01-2025T14:49:03 - [TEST_STEP][PASSED] - requiredFieldMsgs = ["Process Stage":"The candidate process stages field is required.", "Bible Training":"The bible school training field is required.", ... ]: null

25-01-2025T14:49:03 - [TEST_STEP][PASSED] - click(findTestObject("Object Repository/Education Partner Profile/Tabs/a_Readiness")): Object: 'Object Repository/Education Partner Profile/Tabs/a_Readiness' is clicked on

25-01-2025T14:49:04 - [MESSAGE][PASSED] - Object: 'Object Repository/Education Partner Profile/Tabs/a_Readiness' is clicked on

25-01-2025T14:49:04 - [TEST_STEP][PASSED] - tooltipTextMap = callTestCase(findTestCase("_Functions/Get Screenshot and Tooltip Text"), ["varExtension":"Readiness Tab"], STOP_ON_FAILURE): Call Test Case 'Test Cases/_Functions/Get Screenshot and Tooltip Text' successfully

25-01-2025T14:49:04 - [TEST_CASE][PASSED] - Test Cases/_Functions/Get Screenshot and Tooltip Text: Test Cases/_Functions/Get Screenshot and Tooltip Text

25-01-2025T14:49:04 - [TEST_STEP][PASSED] - driver = getWebDriver(): null

25-01-2025T14:49:04 - [TEST_STEP][PASSED] - frame = new javax.swing.JFrame(): null

25-01-2025T14:49:04 - [TEST_STEP][PASSED] - p = new javax.swing.JPanel(): null

25-01-2025T14:49:04 - [TEST_STEP][PASSED] - l = new javax.swing.JLabel(LOADING ..., javax.swing.SwingConstants.CENTER): null

25-01-2025T14:49:04 - [TEST_STEP][PASSED] - frame.add(l): null

25-01-2025T14:49:04 - [TEST_STEP][PASSED] - frame.setSize(300, 100): null

25-01-2025T14:49:04 - [TEST_STEP][PASSED] - frame.setLocation(600, 0): null

25-01-2025T14:49:04 - [TEST_STEP][PASSED] - frame.setAlwaysOnTop(true): null

25-01-2025T14:49:04 - [TEST_STEP][PASSED] - frame.show(): null

25-01-2025T14:49:04 - [TEST_STEP][PASSED] - if (verifyTextPresent("Partnership Application", false, OPTIONAL)): Text 'Positions Needed' is present on page 

25-01-2025T14:49:04 - [MESSAGE][WARNING] - Text 'Partnership Application' is not present on page  (Root cause: com.kms.katalon.core.exception.StepFailedException: Text 'Partnership Application' is not present on page 
	at com.kms.katalon.core.webui.keyword.internal.WebUIKeywordMain.stepFailed(WebUIKeywordMain.groovy:117)
	at com.kms.katalon.core.webui.keyword.builtin.VerifyTextPresentKeyword$_verifyTextPresent_closure1.doCall(VerifyTextPresentKeyword.groovy:79)
	at com.kms.katalon.core.webui.keyword.builtin.VerifyTextPresentKeyword$_verifyTextPresent_closure1.call(VerifyTextPresentKeyword.groovy)
	at com.kms.katalon.core.webui.keyword.internal.WebUIKeywordMain.runKeyword(WebUIKeywordMain.groovy:35)
	at com.kms.katalon.core.webui.keyword.builtin.VerifyTextPresentKeyword.verifyTextPresent(VerifyTextPresentKeyword.groovy:83)
	at com.kms.katalon.core.webui.keyword.builtin.VerifyTextPresentKeyword.execute(VerifyTextPresentKeyword.groovy:68)
	at com.kms.katalon.core.keyword.internal.KeywordExecutor.executeKeywordForPlatform(KeywordExecutor.groovy:74)
	at com.kms.katalon.core.webui.keyword.WebUiBuiltInKeywords.verifyTextPresent(WebUiBuiltInKeywords.groovy:1746)
	at Get Screenshot and Tooltip Text.run(Get Screenshot and Tooltip Text:51)
	at com.kms.katalon.core.main.ScriptEngine.run(ScriptEngine.java:194)
	at com.kms.katalon.core.main.ScriptEngine.runScriptAsRawText(ScriptEngine.java:119)
	at com.kms.katalon.core.main.TestCaseExecutor.runScript(TestCaseExecutor.java:448)
	at com.kms.katalon.core.main.TestCaseExecutor.doExecute(TestCaseExecutor.java:439)
	at com.kms.katalon.core.main.TestCaseExecutor.processExecutionPhase(TestCaseExecutor.java:418)
	at com.kms.katalon.core.main.TestCaseExecutor.accessMainPhase(TestCaseExecutor.java:410)
	at com.kms.katalon.core.main.TestCaseExecutor.execute(TestCaseExecutor.java:285)
	at com.kms.katalon.core.main.TestCaseMain.runTestCase(TestCaseMain.java:137)
	at com.kms.katalon.core.keyword.builtin.CallTestCaseKeyword$_callTestCase_closure1.doCall(CallTestCaseKeyword.groovy:59)
	at com.kms.katalon.core.keyword.builtin.CallTestCaseKeyword$_callTestCase_closure1.call(CallTestCaseKeyword.groovy)
	at com.kms.katalon.core.keyword.internal.KeywordMain.runKeyword(KeywordMain.groovy:75)
	at com.kms.katalon.core.keyword.builtin.CallTestCaseKeyword.callTestCase(CallTestCaseKeyword.groovy:81)
	at com.kms.katalon.core.keyword.builtin.CallTestCaseKeyword.execute(CallTestCaseKeyword.groovy:44)
	at com.kms.katalon.core.keyword.internal.KeywordExecutor.executeKeywordForPlatform(KeywordExecutor.groovy:74)
	at com.kms.katalon.core.keyword.BuiltinKeywords.callTestCase(BuiltinKeywords.groovy:310)
	at jdk.internal.reflect.GeneratedMethodAccessor30.invoke(Unknown Source)
	at java.base/jdk.internal.reflect.DelegatingMethodAccessorImpl.invoke(DelegatingMethodAccessorImpl.java:43)
	at Set Readiness.run(Set Readiness:112)
	at com.kms.katalon.core.main.ScriptEngine.run(ScriptEngine.java:194)
	at com.kms.katalon.core.main.ScriptEngine.runScriptAsRawText(ScriptEngine.java:119)
	at com.kms.katalon.core.main.TestCaseExecutor.runScript(TestCaseExecutor.java:448)
	at com.kms.katalon.core.main.TestCaseExecutor.doExecute(TestCaseExecutor.java:439)
	at com.kms.katalon.core.main.TestCaseExecutor.processExecutionPhase(TestCaseExecutor.java:418)
	at com.kms.katalon.core.main.TestCaseExecutor.accessMainPhase(TestCaseExecutor.java:410)
	at com.kms.katalon.core.main.TestCaseExecutor.execute(TestCaseExecutor.java:285)
	at com.kms.katalon.core.main.TestCaseMain.runTestCase(TestCaseMain.java:137)
	at com.kms.katalon.core.keyword.builtin.CallTestCaseKeyword$_callTestCase_closure1.doCall(CallTestCaseKeyword.groovy:59)
	at com.kms.katalon.core.keyword.builtin.CallTestCaseKeyword$_callTestCase_closure1.call(CallTestCaseKeyword.groovy)
	at com.kms.katalon.core.keyword.internal.KeywordMain.runKeyword(KeywordMain.groovy:75)
	at com.kms.katalon.core.keyword.builtin.CallTestCaseKeyword.callTestCase(CallTestCaseKeyword.groovy:81)
	at com.kms.katalon.core.keyword.builtin.CallTestCaseKeyword.execute(CallTestCaseKeyword.groovy:44)
	at com.kms.katalon.core.keyword.internal.KeywordExecutor.executeKeywordForPlatform(KeywordExecutor.groovy:74)
	at com.kms.katalon.core.keyword.BuiltinKeywords.callTestCase(BuiltinKeywords.groovy:310)
	at jdk.internal.reflect.GeneratedMethodAccessor30.invoke(Unknown Source)
	at java.base/jdk.internal.reflect.DelegatingMethodAccessorImpl.invoke(DelegatingMethodAccessorImpl.java:43)
	at Complete Education Partner Profile.run(Complete Education Partner Profile:180)
	at com.kms.katalon.core.main.ScriptEngine.run(ScriptEngine.java:194)
	at com.kms.katalon.core.main.ScriptEngine.runScriptAsRawText(ScriptEngine.java:119)
	at com.kms.katalon.core.main.TestCaseExecutor.runScript(TestCaseExecutor.java:448)
	at com.kms.katalon.core.main.TestCaseExecutor.doExecute(TestCaseExecutor.java:439)
	at com.kms.katalon.core.main.TestCaseExecutor.processExecutionPhase(TestCaseExecutor.java:418)
	at com.kms.katalon.core.main.TestCaseExecutor.accessMainPhase(TestCaseExecutor.java:410)
	at com.kms.katalon.core.main.TestCaseExecutor.execute(TestCaseExecutor.java:285)
	at com.kms.katalon.core.main.TestCaseMain.runTestCase(TestCaseMain.java:137)
	at com.kms.katalon.core.keyword.builtin.CallTestCaseKeyword$_callTestCase_closure1.doCall(CallTestCaseKeyword.groovy:59)
	at com.kms.katalon.core.keyword.builtin.CallTestCaseKeyword$_callTestCase_closure1.call(CallTestCaseKeyword.groovy)
	at com.kms.katalon.core.keyword.internal.KeywordMain.runKeyword(KeywordMain.groovy:75)
	at com.kms.katalon.core.keyword.builtin.CallTestCaseKeyword.callTestCase(CallTestCaseKeyword.groovy:81)
	at com.kms.katalon.core.keyword.builtin.CallTestCaseKeyword.execute(CallTestCaseKeyword.groovy:44)
	at com.kms.katalon.core.keyword.internal.KeywordExecutor.executeKeywordForPlatform(KeywordExecutor.groovy:74)
	at com.kms.katalon.core.keyword.BuiltinKeywords.callTestCase(BuiltinKeywords.groovy:310)
	at jdk.internal.reflect.GeneratedMethodAccessor30.invoke(Unknown Source)
	at java.base/jdk.internal.reflect.DelegatingMethodAccessorImpl.invoke(DelegatingMethodAccessorImpl.java:43)
	at Register Education Partner.run(Register Education Partner:401)
	at com.kms.katalon.core.main.ScriptEngine.run(ScriptEngine.java:194)
	at com.kms.katalon.core.main.ScriptEngine.runScriptAsRawText(ScriptEngine.java:119)
	at com.kms.katalon.core.main.TestCaseExecutor.runScript(TestCaseExecutor.java:448)
	at com.kms.katalon.core.main.TestCaseExecutor.doExecute(TestCaseExecutor.java:439)
	at com.kms.katalon.core.main.TestCaseExecutor.processExecutionPhase(TestCaseExecutor.java:418)
	at com.kms.katalon.core.main.TestCaseExecutor.accessMainPhase(TestCaseExecutor.java:410)
	at com.kms.katalon.core.main.TestCaseExecutor.execute(TestCaseExecutor.java:285)
	at com.kms.katalon.core.common.CommonExecutor.accessTestCaseMainPhase(CommonExecutor.java:65)
	at com.kms.katalon.core.main.TestSuiteExecutor.accessTestSuiteMainPhase(TestSuiteExecutor.java:150)
	at com.kms.katalon.core.main.TestSuiteExecutor.execute(TestSuiteExecutor.java:106)
	at com.kms.katalon.core.main.TestCaseMain.startTestSuite(TestCaseMain.java:180)
	at TempTestSuite1737837875715.run(TempTestSuite1737837875715.groovy:35)
	at java.base/jdk.internal.reflect.NativeMethodAccessorImpl.invoke0(Native Method)
	at java.base/jdk.internal.reflect.NativeMethodAccessorImpl.invoke(NativeMethodAccessorImpl.java:77)
	at java.base/jdk.internal.reflect.DelegatingMethodAccessorImpl.invoke(DelegatingMethodAccessorImpl.java:43)
)

25-01-2025T14:49:04 - [MESSAGE][PASSED] - Text 'Positions Needed' is present on page 

25-01-2025T14:49:04 - [TEST_STEP][PASSED] - else if (verifyTextPresent("Positions Needed", false, OPTIONAL)): null

25-01-2025T14:49:04 - [TEST_STEP][PASSED] - user = "Partner": null

25-01-2025T14:49:04 - [TEST_STEP][PASSED] - println("User type is " + user): null

25-01-2025T14:49:04 - [TEST_STEP][PASSED] - path = "/Users/cckozie/Documents/MissionNext/Screenshots and Tooltip Text/": null

25-01-2025T14:49:04 - [TEST_STEP][PASSED] - if (binding.hasVariable("varExtension")): null

25-01-2025T14:49:04 - [TEST_STEP][PASSED] - extension = "_" + varExtension: null

25-01-2025T14:49:04 - [TEST_STEP][PASSED] - println("Extension is " + extension): null

25-01-2025T14:49:04 - [TEST_STEP][PASSED] - title = getWindowTitle() + extension: Current window's title is: 'Education'

25-01-2025T14:49:04 - [MESSAGE][PASSED] - Current window's title is: 'Education'

25-01-2025T14:49:04 - [TEST_STEP][PASSED] - title = title.replace("/", "_"): null

25-01-2025T14:49:04 - [TEST_STEP][PASSED] - fileBase = path + user + "_" + title: null

25-01-2025T14:49:04 - [TEST_STEP][PASSED] - fileImage = fileBase + "_Screenshot.png": null

25-01-2025T14:49:04 - [TEST_STEP][PASSED] - waitForPageLoad(30): Wait for page load successfully

25-01-2025T14:49:04 - [MESSAGE][PASSED] - Wait for page load successfully

25-01-2025T14:49:04 - [TEST_STEP][PASSED] - spinner = driver.findElement(By.xpath("/html/body/div[1]/div/div[2]")): null

25-01-2025T14:49:04 - [TEST_STEP][PASSED] - executor = driver: null

25-01-2025T14:49:04 - [TEST_STEP][PASSED] - elementAttributes = executor.executeScript("var items = {}; for (index = 0; index < arguments[0].attributes.length; ++index) { items[arguments[0].attributes[index].name] = arguments[0].attributes[index].value }; return items;", spinner): null

25-01-2025T14:49:04 - [TEST_STEP][PASSED] - attrs = elementAttributes.toString(): null

25-01-2025T14:49:04 - [TEST_STEP][PASSED] - waits = 0: null

25-01-2025T14:49:04 - [TEST_STEP][PASSED] - while (attrs.indexOf("display: none") < 0 && waits < 2): null

25-01-2025T14:49:04 - [TEST_STEP][PASSED] - tooltipMap = callTestCase(findTestCase("_Functions/Get Tooltip Text"), [:], STOP_ON_FAILURE): Call Test Case 'Test Cases/_Functions/Get Tooltip Text' successfully

25-01-2025T14:49:04 - [TEST_CASE][PASSED] - Test Cases/_Functions/Get Tooltip Text: Test Cases/_Functions/Get Tooltip Text

25-01-2025T14:49:04 - [TEST_STEP][PASSED] - fieldTooltips = [:]: null

25-01-2025T14:49:04 - [TEST_STEP][PASSED] - tooltipMap = [:]: null

25-01-2025T14:49:04 - [TEST_STEP][PASSED] - driver = getWebDriver(): null

25-01-2025T14:49:04 - [TEST_STEP][PASSED] - tooltips = driver.findElements(By.className("field-tooltip")): null

25-01-2025T14:49:04 - [TEST_STEP][PASSED] - for (def it : tooltips): null

25-01-2025T14:49:04 - [TEST_STEP][PASSED] - if (it.isDisplayed()): null

25-01-2025T14:49:04 - [TEST_STEP][PASSED] - if (it.isDisplayed()): null

25-01-2025T14:49:04 - [TEST_STEP][PASSED] - if (it.isDisplayed()): null

25-01-2025T14:49:04 - [TEST_STEP][PASSED] - if (it.isDisplayed()): null

25-01-2025T14:49:04 - [TEST_STEP][PASSED] - if (it.isDisplayed()): null

25-01-2025T14:49:04 - [TEST_STEP][PASSED] - if (it.isDisplayed()): null

25-01-2025T14:49:04 - [TEST_STEP][PASSED] - if (it.isDisplayed()): null

25-01-2025T14:49:04 - [TEST_STEP][PASSED] - if (it.isDisplayed()): null

25-01-2025T14:49:04 - [TEST_STEP][PASSED] - if (it.isDisplayed()): null

25-01-2025T14:49:04 - [TEST_STEP][PASSED] - if (it.isDisplayed()): null

25-01-2025T14:49:04 - [TEST_STEP][PASSED] - if (it.isDisplayed()): null

25-01-2025T14:49:04 - [TEST_STEP][PASSED] - if (it.isDisplayed()): null

25-01-2025T14:49:04 - [TEST_STEP][PASSED] - if (it.isDisplayed()): null

25-01-2025T14:49:04 - [TEST_STEP][PASSED] - if (it.isDisplayed()): null

25-01-2025T14:49:04 - [TEST_STEP][PASSED] - if (it.isDisplayed()): null

25-01-2025T14:49:04 - [TEST_STEP][PASSED] - if (it.isDisplayed()): null

25-01-2025T14:49:04 - [TEST_STEP][PASSED] - ttText = it.getAttribute("data-original-title"): null

25-01-2025T14:49:04 - [TEST_STEP][PASSED] - ttLocation = it.getLocation(): null

25-01-2025T14:49:04 - [TEST_STEP][PASSED] - yLocation = ttLocation.getY(): null

25-01-2025T14:49:04 - [TEST_STEP][PASSED] - xLocation = ttLocation.getX(): null

25-01-2025T14:49:04 - [TEST_STEP][PASSED] - fieldTooltips.put(ttText, yLocation): null

25-01-2025T14:49:04 - [TEST_STEP][PASSED] - if (it.isDisplayed()): null

25-01-2025T14:49:04 - [TEST_STEP][PASSED] - ttText = it.getAttribute("data-original-title"): null

25-01-2025T14:49:04 - [TEST_STEP][PASSED] - ttLocation = it.getLocation(): null

25-01-2025T14:49:04 - [TEST_STEP][PASSED] - yLocation = ttLocation.getY(): null

25-01-2025T14:49:04 - [TEST_STEP][PASSED] - xLocation = ttLocation.getX(): null

25-01-2025T14:49:04 - [TEST_STEP][PASSED] - fieldTooltips.put(ttText, yLocation): null

25-01-2025T14:49:04 - [TEST_STEP][PASSED] - if (it.isDisplayed()): null

25-01-2025T14:49:04 - [TEST_STEP][PASSED] - ttText = it.getAttribute("data-original-title"): null

25-01-2025T14:49:04 - [TEST_STEP][PASSED] - ttLocation = it.getLocation(): null

25-01-2025T14:49:04 - [TEST_STEP][PASSED] - yLocation = ttLocation.getY(): null

25-01-2025T14:49:04 - [TEST_STEP][PASSED] - xLocation = ttLocation.getX(): null

25-01-2025T14:49:04 - [TEST_STEP][PASSED] - fieldTooltips.put(ttText, yLocation): null

25-01-2025T14:49:04 - [TEST_STEP][PASSED] - if (it.isDisplayed()): null

25-01-2025T14:49:04 - [TEST_STEP][PASSED] - ttText = it.getAttribute("data-original-title"): null

25-01-2025T14:49:04 - [TEST_STEP][PASSED] - ttLocation = it.getLocation(): null

25-01-2025T14:49:04 - [TEST_STEP][PASSED] - yLocation = ttLocation.getY(): null

25-01-2025T14:49:04 - [TEST_STEP][PASSED] - xLocation = ttLocation.getX(): null

25-01-2025T14:49:04 - [TEST_STEP][PASSED] - fieldTooltips.put(ttText, yLocation): null

25-01-2025T14:49:04 - [TEST_STEP][PASSED] - if (it.isDisplayed()): null

25-01-2025T14:49:04 - [TEST_STEP][PASSED] - ttText = it.getAttribute("data-original-title"): null

25-01-2025T14:49:04 - [TEST_STEP][PASSED] - ttLocation = it.getLocation(): null

25-01-2025T14:49:04 - [TEST_STEP][PASSED] - yLocation = ttLocation.getY(): null

25-01-2025T14:49:04 - [TEST_STEP][PASSED] - xLocation = ttLocation.getX(): null

25-01-2025T14:49:04 - [TEST_STEP][PASSED] - fieldTooltips.put(ttText, yLocation): null

25-01-2025T14:49:04 - [TEST_STEP][PASSED] - if (it.isDisplayed()): null

25-01-2025T14:49:04 - [TEST_STEP][PASSED] - ttText = it.getAttribute("data-original-title"): null

25-01-2025T14:49:04 - [TEST_STEP][PASSED] - ttLocation = it.getLocation(): null

25-01-2025T14:49:04 - [TEST_STEP][PASSED] - yLocation = ttLocation.getY(): null

25-01-2025T14:49:04 - [TEST_STEP][PASSED] - xLocation = ttLocation.getX(): null

25-01-2025T14:49:04 - [TEST_STEP][PASSED] - fieldTooltips.put(ttText, yLocation): null

25-01-2025T14:49:04 - [TEST_STEP][PASSED] - if (it.isDisplayed()): null

25-01-2025T14:49:04 - [TEST_STEP][PASSED] - if (it.isDisplayed()): null

25-01-2025T14:49:04 - [TEST_STEP][PASSED] - if (it.isDisplayed()): null

25-01-2025T14:49:04 - [TEST_STEP][PASSED] - if (it.isDisplayed()): null

25-01-2025T14:49:04 - [TEST_STEP][PASSED] - if (it.isDisplayed()): null

25-01-2025T14:49:04 - [TEST_STEP][PASSED] - if (it.isDisplayed()): null

25-01-2025T14:49:04 - [TEST_STEP][PASSED] - if (it.isDisplayed()): null

25-01-2025T14:49:04 - [TEST_STEP][PASSED] - if (fieldTooltips.size() > 0): null

25-01-2025T14:49:04 - [TEST_STEP][PASSED] - rightBorder = xLocation: null

25-01-2025T14:49:04 - [TEST_STEP][PASSED] - fieldLabels = [:]: null

25-01-2025T14:49:04 - [TEST_STEP][PASSED] - labels = driver.findElements(By.xpath("//label")): null

25-01-2025T14:49:04 - [TEST_STEP][PASSED] - labels.each({ -> ... }): null

25-01-2025T14:49:05 - [TEST_STEP][PASSED] - for (def label : fieldLabels): null

25-01-2025T14:49:05 - [TEST_STEP][PASSED] - y = value: null

25-01-2025T14:49:05 - [TEST_STEP][PASSED] - for (def tooltip : fieldTooltips): null

25-01-2025T14:49:05 - [TEST_STEP][PASSED] - if (value == y || value == y + 1 || value == y - 1): null

25-01-2025T14:49:05 - [TEST_STEP][PASSED] - if (value == y || value == y + 1 || value == y - 1): null

25-01-2025T14:49:05 - [TEST_STEP][PASSED] - if (value == y || value == y + 1 || value == y - 1): null

25-01-2025T14:49:05 - [TEST_STEP][PASSED] - if (value == y || value == y + 1 || value == y - 1): null

25-01-2025T14:49:05 - [TEST_STEP][PASSED] - if (value == y || value == y + 1 || value == y - 1): null

25-01-2025T14:49:05 - [TEST_STEP][PASSED] - if (value == y || value == y + 1 || value == y - 1): null

25-01-2025T14:49:05 - [TEST_STEP][PASSED] - y = value: null

25-01-2025T14:49:05 - [TEST_STEP][PASSED] - for (def tooltip : fieldTooltips): null

25-01-2025T14:49:05 - [TEST_STEP][PASSED] - if (value == y || value == y + 1 || value == y - 1): null

25-01-2025T14:49:05 - [TEST_STEP][PASSED] - tooltipMap.put(key, key): null

25-01-2025T14:49:05 - [TEST_STEP][PASSED] - break: null

25-01-2025T14:49:05 - [TEST_STEP][PASSED] - y = value: null

25-01-2025T14:49:05 - [TEST_STEP][PASSED] - for (def tooltip : fieldTooltips): null

25-01-2025T14:49:05 - [TEST_STEP][PASSED] - if (value == y || value == y + 1 || value == y - 1): null

25-01-2025T14:49:05 - [TEST_STEP][PASSED] - if (value == y || value == y + 1 || value == y - 1): null

25-01-2025T14:49:05 - [TEST_STEP][PASSED] - tooltipMap.put(key, key): null

25-01-2025T14:49:05 - [TEST_STEP][PASSED] - break: null

25-01-2025T14:49:05 - [TEST_STEP][PASSED] - y = value: null

25-01-2025T14:49:05 - [TEST_STEP][PASSED] - for (def tooltip : fieldTooltips): null

25-01-2025T14:49:05 - [TEST_STEP][PASSED] - if (value == y || value == y + 1 || value == y - 1): null

25-01-2025T14:49:05 - [TEST_STEP][PASSED] - if (value == y || value == y + 1 || value == y - 1): null

25-01-2025T14:49:05 - [TEST_STEP][PASSED] - if (value == y || value == y + 1 || value == y - 1): null

25-01-2025T14:49:05 - [TEST_STEP][PASSED] - tooltipMap.put(key, key): null

25-01-2025T14:49:05 - [TEST_STEP][PASSED] - break: null

25-01-2025T14:49:05 - [TEST_STEP][PASSED] - y = value: null

25-01-2025T14:49:05 - [TEST_STEP][PASSED] - for (def tooltip : fieldTooltips): null

25-01-2025T14:49:05 - [TEST_STEP][PASSED] - if (value == y || value == y + 1 || value == y - 1): null

25-01-2025T14:49:05 - [TEST_STEP][PASSED] - if (value == y || value == y + 1 || value == y - 1): null

25-01-2025T14:49:05 - [TEST_STEP][PASSED] - if (value == y || value == y + 1 || value == y - 1): null

25-01-2025T14:49:05 - [TEST_STEP][PASSED] - if (value == y || value == y + 1 || value == y - 1): null

25-01-2025T14:49:05 - [TEST_STEP][PASSED] - tooltipMap.put(key, key): null

25-01-2025T14:49:05 - [TEST_STEP][PASSED] - break: null

25-01-2025T14:49:05 - [TEST_STEP][PASSED] - y = value: null

25-01-2025T14:49:05 - [TEST_STEP][PASSED] - for (def tooltip : fieldTooltips): null

25-01-2025T14:49:05 - [TEST_STEP][PASSED] - if (value == y || value == y + 1 || value == y - 1): null

25-01-2025T14:49:05 - [TEST_STEP][PASSED] - if (value == y || value == y + 1 || value == y - 1): null

25-01-2025T14:49:05 - [TEST_STEP][PASSED] - if (value == y || value == y + 1 || value == y - 1): null

25-01-2025T14:49:05 - [TEST_STEP][PASSED] - if (value == y || value == y + 1 || value == y - 1): null

25-01-2025T14:49:05 - [TEST_STEP][PASSED] - if (value == y || value == y + 1 || value == y - 1): null

25-01-2025T14:49:05 - [TEST_STEP][PASSED] - tooltipMap.put(key, key): null

25-01-2025T14:49:05 - [TEST_STEP][PASSED] - break: null

25-01-2025T14:49:05 - [TEST_STEP][PASSED] - y = value: null

25-01-2025T14:49:05 - [TEST_STEP][PASSED] - for (def tooltip : fieldTooltips): null

25-01-2025T14:49:05 - [TEST_STEP][PASSED] - if (value == y || value == y + 1 || value == y - 1): null

25-01-2025T14:49:05 - [TEST_STEP][PASSED] - if (value == y || value == y + 1 || value == y - 1): null

25-01-2025T14:49:05 - [TEST_STEP][PASSED] - if (value == y || value == y + 1 || value == y - 1): null

25-01-2025T14:49:05 - [TEST_STEP][PASSED] - if (value == y || value == y + 1 || value == y - 1): null

25-01-2025T14:49:05 - [TEST_STEP][PASSED] - if (value == y || value == y + 1 || value == y - 1): null

25-01-2025T14:49:05 - [TEST_STEP][PASSED] - if (value == y || value == y + 1 || value == y - 1): null

25-01-2025T14:49:05 - [TEST_STEP][PASSED] - tooltipMap.put(key, key): null

25-01-2025T14:49:05 - [TEST_STEP][PASSED] - break: null

25-01-2025T14:49:05 - [TEST_STEP][PASSED] - return tooltipMap: null

25-01-2025T14:49:05 - [MESSAGE][PASSED] - Call Test Case 'Test Cases/_Functions/Get Tooltip Text' successfully

25-01-2025T14:49:05 - [TEST_STEP][PASSED] - if (tooltipMap.size() > 0): null

25-01-2025T14:49:05 - [TEST_STEP][PASSED] - file = fileBase + "_Tooltips.csv": null

25-01-2025T14:49:05 - [TEST_STEP][PASSED] - outText = "FIELD LABEL" + "," + "TOOLTIP TEXT" + "

": null

25-01-2025T14:49:05 - [TEST_STEP][PASSED] - for (def it : tooltipMap): null

25-01-2025T14:49:05 - [TEST_STEP][PASSED] - name = key: null

25-01-2025T14:49:05 - [TEST_STEP][PASSED] - value = value.replace("
", ""): null

25-01-2025T14:49:05 - [TEST_STEP][PASSED] - value = """ + value + """: null

25-01-2025T14:49:05 - [TEST_STEP][PASSED] - outText = outText + name + "," + value: null

25-01-2025T14:49:05 - [TEST_STEP][PASSED] - outText = outText + "
": null

25-01-2025T14:49:05 - [TEST_STEP][PASSED] - println(outText): null

25-01-2025T14:49:05 - [TEST_STEP][PASSED] - name = key: null

25-01-2025T14:49:05 - [TEST_STEP][PASSED] - value = value.replace("
", ""): null

25-01-2025T14:49:05 - [TEST_STEP][PASSED] - value = """ + value + """: null

25-01-2025T14:49:05 - [TEST_STEP][PASSED] - outText = outText + name + "," + value: null

25-01-2025T14:49:05 - [TEST_STEP][PASSED] - outText = outText + "
": null

25-01-2025T14:49:05 - [TEST_STEP][PASSED] - println(outText): null

25-01-2025T14:49:05 - [TEST_STEP][PASSED] - name = key: null

25-01-2025T14:49:05 - [TEST_STEP][PASSED] - value = value.replace("
", ""): null

25-01-2025T14:49:05 - [TEST_STEP][PASSED] - value = """ + value + """: null

25-01-2025T14:49:05 - [TEST_STEP][PASSED] - outText = outText + name + "," + value: null

25-01-2025T14:49:05 - [TEST_STEP][PASSED] - outText = outText + "
": null

25-01-2025T14:49:05 - [TEST_STEP][PASSED] - println(outText): null

25-01-2025T14:49:05 - [TEST_STEP][PASSED] - name = key: null

25-01-2025T14:49:05 - [TEST_STEP][PASSED] - value = value.replace("
", ""): null

25-01-2025T14:49:05 - [TEST_STEP][PASSED] - value = """ + value + """: null

25-01-2025T14:49:05 - [TEST_STEP][PASSED] - outText = outText + name + "," + value: null

25-01-2025T14:49:05 - [TEST_STEP][PASSED] - outText = outText + "
": null

25-01-2025T14:49:05 - [TEST_STEP][PASSED] - println(outText): null

25-01-2025T14:49:05 - [TEST_STEP][PASSED] - name = key: null

25-01-2025T14:49:05 - [TEST_STEP][PASSED] - value = value.replace("
", ""): null

25-01-2025T14:49:05 - [TEST_STEP][PASSED] - value = """ + value + """: null

25-01-2025T14:49:05 - [TEST_STEP][PASSED] - outText = outText + name + "," + value: null

25-01-2025T14:49:05 - [TEST_STEP][PASSED] - outText = outText + "
": null

25-01-2025T14:49:05 - [TEST_STEP][PASSED] - println(outText): null

25-01-2025T14:49:05 - [TEST_STEP][PASSED] - name = key: null

25-01-2025T14:49:05 - [TEST_STEP][PASSED] - value = value.replace("
", ""): null

25-01-2025T14:49:05 - [TEST_STEP][PASSED] - value = """ + value + """: null

25-01-2025T14:49:05 - [TEST_STEP][PASSED] - outText = outText + name + "," + value: null

25-01-2025T14:49:05 - [TEST_STEP][PASSED] - outText = outText + "
": null

25-01-2025T14:49:05 - [TEST_STEP][PASSED] - println(outText): null

25-01-2025T14:49:05 - [TEST_STEP][PASSED] - outFile = new java.io.File(file): null

25-01-2025T14:49:05 - [TEST_STEP][PASSED] - println(outText): null

25-01-2025T14:49:05 - [TEST_STEP][PASSED] - outFile.write(outText): null

25-01-2025T14:49:05 - [TEST_STEP][PASSED] - frame.hide(): null

25-01-2025T14:49:05 - [TEST_STEP][PASSED] - takeFullPageScreenshot(fileImage): Taking screenshot successfully

25-01-2025T14:49:06 - [MESSAGE][INFO] - 0 hidden object(s)

25-01-2025T14:49:06 - [MESSAGE][PASSED] - Taking screenshot successfully
[[ATTACHMENT|/Users/cckozie/Documents/MissionNext/Screenshots and Tooltip Text/Partner_Education_Readiness Tab_Screenshot.png]]

25-01-2025T14:49:06 - [TEST_STEP][PASSED] - return tooltipMap: null

25-01-2025T14:49:06 - [MESSAGE][PASSED] - Call Test Case 'Test Cases/_Functions/Get Screenshot and Tooltip Text' successfully

25-01-2025T14:49:06 - [TEST_STEP][PASSED] - callTestCase(findTestCase("_Functions/Test Tooltips"), ["varTooltipImagePath":tooltipImagePath, "varTooltips":tooltips, "varTooltipText":tooltipText, "varTestObjectFolder":testObjectFolder, ... ], STOP_ON_FAILURE): Call Test Case 'Test Cases/_Functions/Test Tooltips' successfully

25-01-2025T14:49:06 - [TEST_CASE][PASSED] - Test Cases/_Functions/Test Tooltips: Test Cases/_Functions/Test Tooltips

25-01-2025T14:49:06 - [TEST_STEP][PASSED] - tooltipImagePath = varTooltipImagePath: null

25-01-2025T14:49:06 - [TEST_STEP][PASSED] - tooltips = varTooltips: null

25-01-2025T14:49:06 - [TEST_STEP][PASSED] - tooltipText = varTooltipText: null

25-01-2025T14:49:06 - [TEST_STEP][PASSED] - testObjectFolder = varTestObjectFolder: null

25-01-2025T14:49:06 - [TEST_STEP][PASSED] - tooltipTextMap = varTooltipTextMap: null

25-01-2025T14:49:06 - [TEST_STEP][PASSED] - writeFile = false: null

25-01-2025T14:49:06 - [TEST_STEP][PASSED] - if (outFile != ""): null

25-01-2025T14:49:06 - [TEST_STEP][PASSED] - myFile = outFile: null

25-01-2025T14:49:06 - [TEST_STEP][PASSED] - println(myFile): null

25-01-2025T14:49:06 - [TEST_STEP][PASSED] - outFile = new java.io.File(myFile): null

25-01-2025T14:49:06 - [TEST_STEP][PASSED] - writeFile = true: null

25-01-2025T14:49:06 - [TEST_STEP][PASSED] - driver = getWebDriver(): null

25-01-2025T14:49:06 - [TEST_STEP][PASSED] - action = new org.openqa.selenium.interactions.Actions(driver): null

25-01-2025T14:49:06 - [TEST_STEP][PASSED] - s = new org.sikuli.script.Screen(): null

25-01-2025T14:49:06 - [TEST_STEP][PASSED] - outText = "Verifying the tooltips can be displayed.
": null

25-01-2025T14:49:06 - [TEST_STEP][PASSED] - outFile.append(outText): null

25-01-2025T14:49:06 - [TEST_STEP][PASSED] - first = true: null

25-01-2025T14:49:06 - [TEST_STEP][PASSED] - for (def it : tooltips): null

25-01-2025T14:49:06 - [TEST_STEP][PASSED] - myKey = key: null

25-01-2025T14:49:06 - [TEST_STEP][PASSED] - myValue = value: null

25-01-2025T14:49:06 - [TEST_STEP][PASSED] - println("myKey is " + myKey): null

25-01-2025T14:49:06 - [TEST_STEP][PASSED] - println("myValue is " + myValue): null

25-01-2025T14:49:06 - [TEST_STEP][PASSED] - if (myKey != "dummy"): null

25-01-2025T14:49:06 - [TEST_STEP][PASSED] - else: null

25-01-2025T14:49:06 - [TEST_STEP][PASSED] - myImage = "/Users/cckozie/git/MissionNext-Katalon-Koz/images/dummy.png": null

25-01-2025T14:49:06 - [TEST_STEP][PASSED] - f = new java.io.File(myImage): null

25-01-2025T14:49:06 - [TEST_STEP][PASSED] - if (f.exists()): null

25-01-2025T14:49:06 - [TEST_STEP][PASSED] - println("Looking for " + myImage): null

25-01-2025T14:49:06 - [TEST_STEP][PASSED] - icn = Pattern(myImage).similar(0.10): null

25-01-2025T14:49:06 - [TEST_STEP][PASSED] - found = s.exists(icn): null

25-01-2025T14:49:09 - [TEST_STEP][PASSED] - println(found): null

25-01-2025T14:49:09 - [TEST_STEP][PASSED] - if (found != null): null

25-01-2025T14:49:09 - [TEST_STEP][PASSED] - else: null

25-01-2025T14:49:09 - [TEST_STEP][PASSED] - if (myKey != "dummy"): null

25-01-2025T14:49:09 - [TEST_STEP][PASSED] - myKey = key: null

25-01-2025T14:49:09 - [TEST_STEP][PASSED] - myValue = value: null

25-01-2025T14:49:09 - [TEST_STEP][PASSED] - println("myKey is " + myKey): null

25-01-2025T14:49:09 - [TEST_STEP][PASSED] - println("myValue is " + myValue): null

25-01-2025T14:49:09 - [TEST_STEP][PASSED] - if (myKey != "dummy"): null

25-01-2025T14:49:09 - [TEST_STEP][PASSED] - tObj = testObjectFolder + myValue: null

25-01-2025T14:49:09 - [TEST_STEP][PASSED] - click(tObj): null

25-01-2025T14:49:09 - [TEST_STEP][PASSED] - scrollToObject(object): null

25-01-2025T14:49:09 - [TEST_STEP][PASSED] - println("Converting " + object + " to web element"): null

25-01-2025T14:49:09 - [TEST_STEP][PASSED] - element = findWebElement(findTestObject(object), 1): null

25-01-2025T14:49:09 - [TEST_STEP][PASSED] - loc = element.getLocation(): null

25-01-2025T14:49:09 - [TEST_STEP][PASSED] - y = loc.getY(): null

25-01-2025T14:49:09 - [TEST_STEP][PASSED] - println("Y location is " + y): null

25-01-2025T14:49:09 - [TEST_STEP][PASSED] - top = getViewportTopPosition(): Current viewport's top (y) position is 0

25-01-2025T14:49:09 - [MESSAGE][PASSED] - Current viewport's top (y) position is 0

25-01-2025T14:49:09 - [TEST_STEP][PASSED] - println("Viewport top is " + top): null

25-01-2025T14:49:09 - [TEST_STEP][PASSED] - bottom = top + 600: null

25-01-2025T14:49:09 - [TEST_STEP][PASSED] - if (y - top < 150 || bottom - y < 10): null

25-01-2025T14:49:09 - [TEST_STEP][PASSED] - click(findTestObject(object)): null

25-01-2025T14:49:09 - [MESSAGE][PASSED] - Object: 'Object Repository/Education Partner Profile/Tabs/Readiness/img_Process Stage_field-tooltip' is clicked on

25-01-2025T14:49:09 - [TEST_STEP][PASSED] - delay(1): Delayed 1 second(s)

25-01-2025T14:49:10 - [MESSAGE][PASSED] - Delayed 1 second(s)

25-01-2025T14:49:10 - [TEST_STEP][PASSED] - myImage = tooltipImagePath + myKey + ".png": null

25-01-2025T14:49:10 - [TEST_STEP][PASSED] - f = new java.io.File(myImage): null

25-01-2025T14:49:10 - [TEST_STEP][PASSED] - if (f.exists()): null

25-01-2025T14:49:10 - [TEST_STEP][PASSED] - println("Looking for " + myImage): null

25-01-2025T14:49:10 - [TEST_STEP][PASSED] - icn = Pattern(myImage).similar(0.10): null

25-01-2025T14:49:10 - [TEST_STEP][PASSED] - found = s.exists(icn): null

25-01-2025T14:49:10 - [TEST_STEP][PASSED] - println(found): null

25-01-2025T14:49:10 - [TEST_STEP][PASSED] - if (found != null): null

25-01-2025T14:49:10 - [TEST_STEP][PASSED] - foundStr = found.toString(): null

25-01-2025T14:49:10 - [TEST_STEP][PASSED] - matchP = foundStr.indexOf("%"): null

25-01-2025T14:49:10 - [TEST_STEP][PASSED] - println(matchP): null

25-01-2025T14:49:10 - [TEST_STEP][PASSED] - pct = foundStr.substring(matchP + 1, matchP + 6): null

25-01-2025T14:49:10 - [TEST_STEP][PASSED] - outText = "+++ Tooltip match value for " + myKey + " is " + pct + "%": null

25-01-2025T14:49:10 - [TEST_STEP][PASSED] - pctF = pct.toFloat(): null

25-01-2025T14:49:10 - [TEST_STEP][PASSED] - min = 80: null

25-01-2025T14:49:10 - [TEST_STEP][PASSED] - if (pct.toFloat() < min.toFloat()): null

25-01-2025T14:49:10 - [TEST_STEP][PASSED] - if (myKey != "dummy"): null

25-01-2025T14:49:10 - [TEST_STEP][PASSED] - println(outText): null

25-01-2025T14:49:10 - [TEST_STEP][PASSED] - outFile.append(outText + "
"): null

25-01-2025T14:49:10 - [TEST_STEP][PASSED] - myKey = key: null

25-01-2025T14:49:10 - [TEST_STEP][PASSED] - myValue = value: null

25-01-2025T14:49:10 - [TEST_STEP][PASSED] - println("myKey is " + myKey): null

25-01-2025T14:49:10 - [TEST_STEP][PASSED] - println("myValue is " + myValue): null

25-01-2025T14:49:10 - [TEST_STEP][PASSED] - if (myKey != "dummy"): null

25-01-2025T14:49:10 - [TEST_STEP][PASSED] - tObj = testObjectFolder + myValue: null

25-01-2025T14:49:10 - [TEST_STEP][PASSED] - click(tObj): null

25-01-2025T14:49:10 - [TEST_STEP][PASSED] - scrollToObject(object): null

25-01-2025T14:49:10 - [TEST_STEP][PASSED] - println("Converting " + object + " to web element"): null

25-01-2025T14:49:10 - [TEST_STEP][PASSED] - element = findWebElement(findTestObject(object), 1): null

25-01-2025T14:49:10 - [TEST_STEP][PASSED] - loc = element.getLocation(): null

25-01-2025T14:49:10 - [TEST_STEP][PASSED] - y = loc.getY(): null

25-01-2025T14:49:10 - [TEST_STEP][PASSED] - println("Y location is " + y): null

25-01-2025T14:49:10 - [TEST_STEP][PASSED] - top = getViewportTopPosition(): Current viewport's top (y) position is 0

25-01-2025T14:49:10 - [MESSAGE][PASSED] - Current viewport's top (y) position is 0

25-01-2025T14:49:10 - [TEST_STEP][PASSED] - println("Viewport top is " + top): null

25-01-2025T14:49:10 - [TEST_STEP][PASSED] - bottom = top + 600: null

25-01-2025T14:49:10 - [TEST_STEP][PASSED] - if (y - top < 150 || bottom - y < 10): null

25-01-2025T14:49:10 - [TEST_STEP][PASSED] - click(findTestObject(object)): null

25-01-2025T14:49:10 - [MESSAGE][PASSED] - Object: 'Object Repository/Education Partner Profile/Tabs/Readiness/img_Cross-cultural Experience_field-tooltip' is clicked on

25-01-2025T14:49:10 - [TEST_STEP][PASSED] - delay(1): Delayed 1 second(s)

25-01-2025T14:49:11 - [MESSAGE][PASSED] - Delayed 1 second(s)

25-01-2025T14:49:11 - [TEST_STEP][PASSED] - myImage = tooltipImagePath + myKey + ".png": null

25-01-2025T14:49:11 - [TEST_STEP][PASSED] - f = new java.io.File(myImage): null

25-01-2025T14:49:11 - [TEST_STEP][PASSED] - if (f.exists()): null

25-01-2025T14:49:11 - [TEST_STEP][PASSED] - println("Looking for " + myImage): null

25-01-2025T14:49:11 - [TEST_STEP][PASSED] - icn = Pattern(myImage).similar(0.10): null

25-01-2025T14:49:11 - [TEST_STEP][PASSED] - found = s.exists(icn): null

25-01-2025T14:49:12 - [TEST_STEP][PASSED] - println(found): null

25-01-2025T14:49:12 - [TEST_STEP][PASSED] - if (found != null): null

25-01-2025T14:49:12 - [TEST_STEP][PASSED] - foundStr = found.toString(): null

25-01-2025T14:49:12 - [TEST_STEP][PASSED] - matchP = foundStr.indexOf("%"): null

25-01-2025T14:49:12 - [TEST_STEP][PASSED] - println(matchP): null

25-01-2025T14:49:12 - [TEST_STEP][PASSED] - pct = foundStr.substring(matchP + 1, matchP + 6): null

25-01-2025T14:49:12 - [TEST_STEP][PASSED] - outText = "+++ Tooltip match value for " + myKey + " is " + pct + "%": null

25-01-2025T14:49:12 - [TEST_STEP][PASSED] - pctF = pct.toFloat(): null

25-01-2025T14:49:12 - [TEST_STEP][PASSED] - min = 80: null

25-01-2025T14:49:12 - [TEST_STEP][PASSED] - if (pct.toFloat() < min.toFloat()): null

25-01-2025T14:49:12 - [TEST_STEP][PASSED] - if (myKey != "dummy"): null

25-01-2025T14:49:12 - [TEST_STEP][PASSED] - println(outText): null

25-01-2025T14:49:12 - [TEST_STEP][PASSED] - outFile.append(outText + "
"): null

25-01-2025T14:49:12 - [TEST_STEP][PASSED] - myKey = key: null

25-01-2025T14:49:12 - [TEST_STEP][PASSED] - myValue = value: null

25-01-2025T14:49:12 - [TEST_STEP][PASSED] - println("myKey is " + myKey): null

25-01-2025T14:49:12 - [TEST_STEP][PASSED] - println("myValue is " + myValue): null

25-01-2025T14:49:12 - [TEST_STEP][PASSED] - if (myKey != "dummy"): null

25-01-2025T14:49:12 - [TEST_STEP][PASSED] - tObj = testObjectFolder + myValue: null

25-01-2025T14:49:12 - [TEST_STEP][PASSED] - click(tObj): null

25-01-2025T14:49:12 - [TEST_STEP][PASSED] - scrollToObject(object): null

25-01-2025T14:49:12 - [TEST_STEP][PASSED] - println("Converting " + object + " to web element"): null

25-01-2025T14:49:12 - [TEST_STEP][PASSED] - element = findWebElement(findTestObject(object), 1): null

25-01-2025T14:49:12 - [TEST_STEP][PASSED] - loc = element.getLocation(): null

25-01-2025T14:49:12 - [TEST_STEP][PASSED] - y = loc.getY(): null

25-01-2025T14:49:12 - [TEST_STEP][PASSED] - println("Y location is " + y): null

25-01-2025T14:49:12 - [TEST_STEP][PASSED] - top = getViewportTopPosition(): Current viewport's top (y) position is 0

25-01-2025T14:49:12 - [MESSAGE][PASSED] - Current viewport's top (y) position is 0

25-01-2025T14:49:12 - [TEST_STEP][PASSED] - println("Viewport top is " + top): null

25-01-2025T14:49:12 - [TEST_STEP][PASSED] - bottom = top + 600: null

25-01-2025T14:49:12 - [TEST_STEP][PASSED] - if (y - top < 150 || bottom - y < 10): Delayed 1 second(s)

25-01-2025T14:49:12 - [TEST_STEP][PASSED] - scrollToPosition(0, y - 170): Browser is scrolled to position x = 0, y = 431

25-01-2025T14:49:12 - [MESSAGE][PASSED] - Browser is scrolled to position x = 0, y = 431

25-01-2025T14:49:12 - [TEST_STEP][PASSED] - delay(1): Delayed 1 second(s)

25-01-2025T14:49:13 - [MESSAGE][PASSED] - Delayed 1 second(s)

25-01-2025T14:49:13 - [TEST_STEP][PASSED] - click(findTestObject(object)): null

25-01-2025T14:49:13 - [MESSAGE][PASSED] - Object: 'Object Repository/Education Partner Profile/Tabs/Readiness/img_Bible Training_field-tooltip' is clicked on

25-01-2025T14:49:13 - [TEST_STEP][PASSED] - delay(1): Delayed 1 second(s)

25-01-2025T14:49:14 - [MESSAGE][PASSED] - Delayed 1 second(s)

25-01-2025T14:49:14 - [TEST_STEP][PASSED] - myImage = tooltipImagePath + myKey + ".png": null

25-01-2025T14:49:14 - [TEST_STEP][PASSED] - f = new java.io.File(myImage): null

25-01-2025T14:49:14 - [TEST_STEP][PASSED] - if (f.exists()): null

25-01-2025T14:49:14 - [TEST_STEP][PASSED] - println("Looking for " + myImage): null

25-01-2025T14:49:14 - [TEST_STEP][PASSED] - icn = Pattern(myImage).similar(0.10): null

25-01-2025T14:49:14 - [TEST_STEP][PASSED] - found = s.exists(icn): null

25-01-2025T14:49:14 - [TEST_STEP][PASSED] - println(found): null

25-01-2025T14:49:14 - [TEST_STEP][PASSED] - if (found != null): null

25-01-2025T14:49:14 - [TEST_STEP][PASSED] - foundStr = found.toString(): null

25-01-2025T14:49:14 - [TEST_STEP][PASSED] - matchP = foundStr.indexOf("%"): null

25-01-2025T14:49:14 - [TEST_STEP][PASSED] - println(matchP): null

25-01-2025T14:49:14 - [TEST_STEP][PASSED] - pct = foundStr.substring(matchP + 1, matchP + 6): null

25-01-2025T14:49:14 - [TEST_STEP][PASSED] - outText = "+++ Tooltip match value for " + myKey + " is " + pct + "%": null

25-01-2025T14:49:14 - [TEST_STEP][PASSED] - pctF = pct.toFloat(): null

25-01-2025T14:49:14 - [TEST_STEP][PASSED] - min = 80: null

25-01-2025T14:49:14 - [TEST_STEP][PASSED] - if (pct.toFloat() < min.toFloat()): null

25-01-2025T14:49:14 - [TEST_STEP][PASSED] - if (myKey != "dummy"): null

25-01-2025T14:49:14 - [TEST_STEP][PASSED] - println(outText): null

25-01-2025T14:49:14 - [TEST_STEP][PASSED] - outFile.append(outText + "
"): null

25-01-2025T14:49:14 - [TEST_STEP][PASSED] - myKey = key: null

25-01-2025T14:49:14 - [TEST_STEP][PASSED] - myValue = value: null

25-01-2025T14:49:14 - [TEST_STEP][PASSED] - println("myKey is " + myKey): null

25-01-2025T14:49:14 - [TEST_STEP][PASSED] - println("myValue is " + myValue): null

25-01-2025T14:49:14 - [TEST_STEP][PASSED] - if (myKey != "dummy"): null

25-01-2025T14:49:14 - [TEST_STEP][PASSED] - tObj = testObjectFolder + myValue: null

25-01-2025T14:49:14 - [TEST_STEP][PASSED] - click(tObj): null

25-01-2025T14:49:14 - [TEST_STEP][PASSED] - scrollToObject(object): null

25-01-2025T14:49:14 - [TEST_STEP][PASSED] - println("Converting " + object + " to web element"): null

25-01-2025T14:49:14 - [TEST_STEP][PASSED] - element = findWebElement(findTestObject(object), 1): null

25-01-2025T14:49:14 - [TEST_STEP][PASSED] - loc = element.getLocation(): null

25-01-2025T14:49:14 - [TEST_STEP][PASSED] - y = loc.getY(): null

25-01-2025T14:49:14 - [TEST_STEP][PASSED] - println("Y location is " + y): null

25-01-2025T14:49:14 - [TEST_STEP][PASSED] - top = getViewportTopPosition(): Current viewport's top (y) position is 431

25-01-2025T14:49:14 - [MESSAGE][PASSED] - Current viewport's top (y) position is 431

25-01-2025T14:49:14 - [TEST_STEP][PASSED] - println("Viewport top is " + top): null

25-01-2025T14:49:14 - [TEST_STEP][PASSED] - bottom = top + 600: null

25-01-2025T14:49:14 - [TEST_STEP][PASSED] - if (y - top < 150 || bottom - y < 10): null

25-01-2025T14:49:14 - [TEST_STEP][PASSED] - click(findTestObject(object)): null

25-01-2025T14:49:14 - [MESSAGE][PASSED] - Object: 'Object Repository/Education Partner Profile/Tabs/Readiness/img_Attended Perspectives_field-tooltip' is clicked on

25-01-2025T14:49:14 - [TEST_STEP][PASSED] - delay(1): Delayed 1 second(s)

25-01-2025T14:49:15 - [MESSAGE][PASSED] - Delayed 1 second(s)

25-01-2025T14:49:15 - [TEST_STEP][PASSED] - myImage = tooltipImagePath + myKey + ".png": null

25-01-2025T14:49:15 - [TEST_STEP][PASSED] - f = new java.io.File(myImage): null

25-01-2025T14:49:15 - [TEST_STEP][PASSED] - if (f.exists()): null

25-01-2025T14:49:15 - [TEST_STEP][PASSED] - println("Looking for " + myImage): null

25-01-2025T14:49:15 - [TEST_STEP][PASSED] - icn = Pattern(myImage).similar(0.10): null

25-01-2025T14:49:15 - [TEST_STEP][PASSED] - found = s.exists(icn): null

25-01-2025T14:49:15 - [TEST_STEP][PASSED] - println(found): null

25-01-2025T14:49:15 - [TEST_STEP][PASSED] - if (found != null): null

25-01-2025T14:49:15 - [TEST_STEP][PASSED] - foundStr = found.toString(): null

25-01-2025T14:49:15 - [TEST_STEP][PASSED] - matchP = foundStr.indexOf("%"): null

25-01-2025T14:49:15 - [TEST_STEP][PASSED] - println(matchP): null

25-01-2025T14:49:15 - [TEST_STEP][PASSED] - pct = foundStr.substring(matchP + 1, matchP + 6): null

25-01-2025T14:49:15 - [TEST_STEP][PASSED] - outText = "+++ Tooltip match value for " + myKey + " is " + pct + "%": null

25-01-2025T14:49:15 - [TEST_STEP][PASSED] - pctF = pct.toFloat(): null

25-01-2025T14:49:15 - [TEST_STEP][PASSED] - min = 80: null

25-01-2025T14:49:15 - [TEST_STEP][PASSED] - if (pct.toFloat() < min.toFloat()): null

25-01-2025T14:49:15 - [TEST_STEP][PASSED] - if (myKey != "dummy"): null

25-01-2025T14:49:15 - [TEST_STEP][PASSED] - println(outText): null

25-01-2025T14:49:15 - [TEST_STEP][PASSED] - outFile.append(outText + "
"): null

25-01-2025T14:49:15 - [TEST_STEP][PASSED] - myKey = key: null

25-01-2025T14:49:15 - [TEST_STEP][PASSED] - myValue = value: null

25-01-2025T14:49:15 - [TEST_STEP][PASSED] - println("myKey is " + myKey): null

25-01-2025T14:49:15 - [TEST_STEP][PASSED] - println("myValue is " + myValue): null

25-01-2025T14:49:15 - [TEST_STEP][PASSED] - if (myKey != "dummy"): null

25-01-2025T14:49:15 - [TEST_STEP][PASSED] - tObj = testObjectFolder + myValue: null

25-01-2025T14:49:15 - [TEST_STEP][PASSED] - click(tObj): null

25-01-2025T14:49:15 - [TEST_STEP][PASSED] - scrollToObject(object): null

25-01-2025T14:49:15 - [TEST_STEP][PASSED] - println("Converting " + object + " to web element"): null

25-01-2025T14:49:15 - [TEST_STEP][PASSED] - element = findWebElement(findTestObject(object), 1): null

25-01-2025T14:49:15 - [TEST_STEP][PASSED] - loc = element.getLocation(): null

25-01-2025T14:49:15 - [TEST_STEP][PASSED] - y = loc.getY(): null

25-01-2025T14:49:15 - [TEST_STEP][PASSED] - println("Y location is " + y): null

25-01-2025T14:49:15 - [TEST_STEP][PASSED] - top = getViewportTopPosition(): Current viewport's top (y) position is 431

25-01-2025T14:49:15 - [MESSAGE][PASSED] - Current viewport's top (y) position is 431

25-01-2025T14:49:15 - [TEST_STEP][PASSED] - println("Viewport top is " + top): null

25-01-2025T14:49:15 - [TEST_STEP][PASSED] - bottom = top + 600: null

25-01-2025T14:49:15 - [TEST_STEP][PASSED] - if (y - top < 150 || bottom - y < 10): null

25-01-2025T14:49:15 - [TEST_STEP][PASSED] - click(findTestObject(object)): null

25-01-2025T14:49:15 - [MESSAGE][PASSED] - Object: 'Object Repository/Education Partner Profile/Tabs/Readiness/img_Missions Experience_field-tooltip' is clicked on

25-01-2025T14:49:15 - [TEST_STEP][PASSED] - delay(1): Delayed 1 second(s)

25-01-2025T14:49:16 - [MESSAGE][PASSED] - Delayed 1 second(s)

25-01-2025T14:49:16 - [TEST_STEP][PASSED] - myImage = tooltipImagePath + myKey + ".png": null

25-01-2025T14:49:16 - [TEST_STEP][PASSED] - f = new java.io.File(myImage): null

25-01-2025T14:49:16 - [TEST_STEP][PASSED] - if (f.exists()): null

25-01-2025T14:49:16 - [TEST_STEP][PASSED] - println("Looking for " + myImage): null

25-01-2025T14:49:16 - [TEST_STEP][PASSED] - icn = Pattern(myImage).similar(0.10): null

25-01-2025T14:49:16 - [TEST_STEP][PASSED] - found = s.exists(icn): null

25-01-2025T14:49:16 - [TEST_STEP][PASSED] - println(found): null

25-01-2025T14:49:16 - [TEST_STEP][PASSED] - if (found != null): null

25-01-2025T14:49:16 - [TEST_STEP][PASSED] - foundStr = found.toString(): null

25-01-2025T14:49:16 - [TEST_STEP][PASSED] - matchP = foundStr.indexOf("%"): null

25-01-2025T14:49:16 - [TEST_STEP][PASSED] - println(matchP): null

25-01-2025T14:49:16 - [TEST_STEP][PASSED] - pct = foundStr.substring(matchP + 1, matchP + 6): null

25-01-2025T14:49:16 - [TEST_STEP][PASSED] - outText = "+++ Tooltip match value for " + myKey + " is " + pct + "%": null

25-01-2025T14:49:16 - [TEST_STEP][PASSED] - pctF = pct.toFloat(): null

25-01-2025T14:49:16 - [TEST_STEP][PASSED] - min = 80: null

25-01-2025T14:49:16 - [TEST_STEP][PASSED] - if (pct.toFloat() < min.toFloat()): null

25-01-2025T14:49:16 - [TEST_STEP][PASSED] - if (myKey != "dummy"): null

25-01-2025T14:49:16 - [TEST_STEP][PASSED] - println(outText): null

25-01-2025T14:49:16 - [TEST_STEP][PASSED] - outFile.append(outText + "
"): null

25-01-2025T14:49:16 - [TEST_STEP][PASSED] - myKey = key: null

25-01-2025T14:49:16 - [TEST_STEP][PASSED] - myValue = value: null

25-01-2025T14:49:16 - [TEST_STEP][PASSED] - println("myKey is " + myKey): null

25-01-2025T14:49:16 - [TEST_STEP][PASSED] - println("myValue is " + myValue): null

25-01-2025T14:49:16 - [TEST_STEP][PASSED] - if (myKey != "dummy"): null

25-01-2025T14:49:16 - [TEST_STEP][PASSED] - tObj = testObjectFolder + myValue: null

25-01-2025T14:49:16 - [TEST_STEP][PASSED] - click(tObj): null

25-01-2025T14:49:16 - [TEST_STEP][PASSED] - scrollToObject(object): null

25-01-2025T14:49:16 - [TEST_STEP][PASSED] - println("Converting " + object + " to web element"): null

25-01-2025T14:49:16 - [TEST_STEP][PASSED] - element = findWebElement(findTestObject(object), 1): null

25-01-2025T14:49:16 - [TEST_STEP][PASSED] - loc = element.getLocation(): null

25-01-2025T14:49:16 - [TEST_STEP][PASSED] - y = loc.getY(): null

25-01-2025T14:49:16 - [TEST_STEP][PASSED] - println("Y location is " + y): null

25-01-2025T14:49:16 - [TEST_STEP][PASSED] - top = getViewportTopPosition(): Current viewport's top (y) position is 431

25-01-2025T14:49:16 - [MESSAGE][PASSED] - Current viewport's top (y) position is 431

25-01-2025T14:49:16 - [TEST_STEP][PASSED] - println("Viewport top is " + top): null

25-01-2025T14:49:16 - [TEST_STEP][PASSED] - bottom = top + 600: null

25-01-2025T14:49:16 - [TEST_STEP][PASSED] - if (y - top < 150 || bottom - y < 10): null

25-01-2025T14:49:16 - [TEST_STEP][PASSED] - click(findTestObject(object)): null

25-01-2025T14:49:16 - [MESSAGE][PASSED] - Object: 'Object Repository/Education Partner Profile/Tabs/Readiness/img_Relocation Option(s)_field-tooltip' is clicked on

25-01-2025T14:49:16 - [TEST_STEP][PASSED] - delay(1): Delayed 1 second(s)

25-01-2025T14:49:17 - [MESSAGE][PASSED] - Delayed 1 second(s)

25-01-2025T14:49:17 - [TEST_STEP][PASSED] - myImage = tooltipImagePath + myKey + ".png": null

25-01-2025T14:49:17 - [TEST_STEP][PASSED] - f = new java.io.File(myImage): null

25-01-2025T14:49:17 - [TEST_STEP][PASSED] - if (f.exists()): null

25-01-2025T14:49:17 - [TEST_STEP][PASSED] - println("Looking for " + myImage): null

25-01-2025T14:49:17 - [TEST_STEP][PASSED] - icn = Pattern(myImage).similar(0.10): null

25-01-2025T14:49:17 - [TEST_STEP][PASSED] - found = s.exists(icn): null

25-01-2025T14:49:17 - [TEST_STEP][PASSED] - println(found): null

25-01-2025T14:49:17 - [TEST_STEP][PASSED] - if (found != null): null

25-01-2025T14:49:17 - [TEST_STEP][PASSED] - foundStr = found.toString(): null

25-01-2025T14:49:17 - [TEST_STEP][PASSED] - matchP = foundStr.indexOf("%"): null

25-01-2025T14:49:17 - [TEST_STEP][PASSED] - println(matchP): null

25-01-2025T14:49:17 - [TEST_STEP][PASSED] - pct = foundStr.substring(matchP + 1, matchP + 6): null

25-01-2025T14:49:17 - [TEST_STEP][PASSED] - outText = "+++ Tooltip match value for " + myKey + " is " + pct + "%": null

25-01-2025T14:49:17 - [TEST_STEP][PASSED] - pctF = pct.toFloat(): null

25-01-2025T14:49:17 - [TEST_STEP][PASSED] - min = 80: null

25-01-2025T14:49:17 - [TEST_STEP][PASSED] - if (pct.toFloat() < min.toFloat()): null

25-01-2025T14:49:17 - [TEST_STEP][PASSED] - if (myKey != "dummy"): null

25-01-2025T14:49:17 - [TEST_STEP][PASSED] - println(outText): null

25-01-2025T14:49:17 - [TEST_STEP][PASSED] - outFile.append(outText + "
"): null

25-01-2025T14:49:17 - [TEST_STEP][PASSED] - outText = "Verifying the tooltip text on the page is what was expected.
": null

25-01-2025T14:49:17 - [TEST_STEP][PASSED] - outFile.append(outText): null

25-01-2025T14:49:17 - [TEST_STEP][PASSED] - for (def it : tooltipText): null

25-01-2025T14:49:17 - [TEST_STEP][PASSED] - println(it): null

25-01-2025T14:49:17 - [TEST_STEP][PASSED] - myKey = key: null

25-01-2025T14:49:17 - [TEST_STEP][PASSED] - myText = value.replace(""", ""): null

25-01-2025T14:49:17 - [TEST_STEP][PASSED] - myText = myText.trim(): null

25-01-2025T14:49:17 - [TEST_STEP][PASSED] - actualText = get(myKey).replace(""", ""): null

25-01-2025T14:49:17 - [TEST_STEP][PASSED] - actualText = actualText.trim(): null

25-01-2025T14:49:17 - [TEST_STEP][PASSED] - println(myKey + ":" + actualText): null

25-01-2025T14:49:17 - [TEST_STEP][PASSED] - if (actualText != myText): null

25-01-2025T14:49:17 - [TEST_STEP][PASSED] - println(it): null

25-01-2025T14:49:17 - [TEST_STEP][PASSED] - myKey = key: null

25-01-2025T14:49:17 - [TEST_STEP][PASSED] - myText = value.replace(""", ""): null

25-01-2025T14:49:17 - [TEST_STEP][PASSED] - myText = myText.trim(): null

25-01-2025T14:49:17 - [TEST_STEP][PASSED] - actualText = get(myKey).replace(""", ""): null

25-01-2025T14:49:17 - [TEST_STEP][PASSED] - actualText = actualText.trim(): null

25-01-2025T14:49:17 - [TEST_STEP][PASSED] - println(myKey + ":" + actualText): null

25-01-2025T14:49:17 - [TEST_STEP][PASSED] - if (actualText != myText): null

25-01-2025T14:49:17 - [TEST_STEP][PASSED] - println(it): null

25-01-2025T14:49:17 - [TEST_STEP][PASSED] - myKey = key: null

25-01-2025T14:49:17 - [TEST_STEP][PASSED] - myText = value.replace(""", ""): null

25-01-2025T14:49:17 - [TEST_STEP][PASSED] - myText = myText.trim(): null

25-01-2025T14:49:17 - [TEST_STEP][PASSED] - actualText = get(myKey).replace(""", ""): null

25-01-2025T14:49:17 - [TEST_STEP][PASSED] - actualText = actualText.trim(): null

25-01-2025T14:49:17 - [TEST_STEP][PASSED] - println(myKey + ":" + actualText): null

25-01-2025T14:49:17 - [TEST_STEP][PASSED] - if (actualText != myText): null

25-01-2025T14:49:17 - [TEST_STEP][PASSED] - println(it): null

25-01-2025T14:49:17 - [TEST_STEP][PASSED] - myKey = key: null

25-01-2025T14:49:17 - [TEST_STEP][PASSED] - myText = value.replace(""", ""): null

25-01-2025T14:49:17 - [TEST_STEP][PASSED] - myText = myText.trim(): null

25-01-2025T14:49:17 - [TEST_STEP][PASSED] - actualText = get(myKey).replace(""", ""): null

25-01-2025T14:49:17 - [TEST_STEP][PASSED] - actualText = actualText.trim(): null

25-01-2025T14:49:17 - [TEST_STEP][PASSED] - println(myKey + ":" + actualText): null

25-01-2025T14:49:17 - [TEST_STEP][PASSED] - if (actualText != myText): null

25-01-2025T14:49:17 - [TEST_STEP][PASSED] - println(it): null

25-01-2025T14:49:17 - [TEST_STEP][PASSED] - myKey = key: null

25-01-2025T14:49:17 - [TEST_STEP][PASSED] - myText = value.replace(""", ""): null

25-01-2025T14:49:17 - [TEST_STEP][PASSED] - myText = myText.trim(): null

25-01-2025T14:49:17 - [TEST_STEP][PASSED] - actualText = get(myKey).replace(""", ""): null

25-01-2025T14:49:17 - [TEST_STEP][PASSED] - actualText = actualText.trim(): null

25-01-2025T14:49:17 - [TEST_STEP][PASSED] - println(myKey + ":" + actualText): null

25-01-2025T14:49:17 - [TEST_STEP][PASSED] - if (actualText != myText): null

25-01-2025T14:49:17 - [TEST_STEP][PASSED] - println(it): null

25-01-2025T14:49:17 - [TEST_STEP][PASSED] - myKey = key: null

25-01-2025T14:49:17 - [TEST_STEP][PASSED] - myText = value.replace(""", ""): null

25-01-2025T14:49:17 - [TEST_STEP][PASSED] - myText = myText.trim(): null

25-01-2025T14:49:17 - [TEST_STEP][PASSED] - actualText = get(myKey).replace(""", ""): null

25-01-2025T14:49:17 - [TEST_STEP][PASSED] - actualText = actualText.trim(): null

25-01-2025T14:49:17 - [TEST_STEP][PASSED] - println(myKey + ":" + actualText): null

25-01-2025T14:49:17 - [TEST_STEP][PASSED] - if (actualText != myText): null

25-01-2025T14:49:17 - [MESSAGE][PASSED] - Call Test Case 'Test Cases/_Functions/Test Tooltips' successfully

25-01-2025T14:49:17 - [TEST_STEP][PASSED] - outText = "Verifying the required field messages.
": null

25-01-2025T14:49:17 - [TEST_STEP][PASSED] - outFile.append(outText): null

25-01-2025T14:49:17 - [TEST_STEP][PASSED] - fieldList = []: null

25-01-2025T14:49:17 - [TEST_STEP][PASSED] - requiredFieldMsgs.each({ -> ... }): null

25-01-2025T14:49:17 - [TEST_STEP][PASSED] - callTestCase(findTestCase("_Functions/Test Field Error Messages"), ["varFieldList":fieldList, "varRequiredFieldMsgs":requiredFieldMsgs], STOP_ON_FAILURE): Call Test Case 'Test Cases/_Functions/Test Field Error Messages' successfully

25-01-2025T14:49:18 - [TEST_CASE][PASSED] - Test Cases/_Functions/Test Field Error Messages: Test Cases/_Functions/Test Field Error Messages

25-01-2025T14:49:18 - [TEST_STEP][PASSED] - count = callTestCase(findTestCase("_Functions/Find error messages"), ["varFunction":"count"], STOP_ON_FAILURE): Call Test Case 'Test Cases/_Functions/Find error messages' successfully

25-01-2025T14:49:18 - [TEST_CASE][PASSED] - Test Cases/_Functions/Find error messages: Test Cases/_Functions/Find error messages

25-01-2025T14:49:18 - [TEST_STEP][PASSED] - function = "count": null

25-01-2025T14:49:18 - [TEST_STEP][PASSED] - if (binding.hasVariable("varFunction")): null

25-01-2025T14:49:18 - [TEST_STEP][PASSED] - function = varFunction: null

25-01-2025T14:49:18 - [TEST_STEP][PASSED] - title = getWindowTitle(): Current window's title is: 'Education'

25-01-2025T14:49:18 - [MESSAGE][PASSED] - Current window's title is: 'Education'

25-01-2025T14:49:18 - [TEST_STEP][PASSED] - println("Page title is " + title): null

25-01-2025T14:49:18 - [TEST_STEP][PASSED] - driver = getWebDriver(): null

25-01-2025T14:49:18 - [TEST_STEP][PASSED] - elements = driver.findElements(By.xpath("//div[@class='col-sm-offset-3 col-sm-9 text-danger']")): null

25-01-2025T14:49:18 - [TEST_STEP][PASSED] - if (function == "count"): null

25-01-2025T14:49:18 - [TEST_STEP][PASSED] - return elements.size(): null

25-01-2025T14:49:18 - [MESSAGE][PASSED] - Call Test Case 'Test Cases/_Functions/Find error messages' successfully

25-01-2025T14:49:18 - [TEST_STEP][PASSED] - outFile = outFile: null

25-01-2025T14:49:18 - [TEST_STEP][PASSED] - if (count == 0): null

25-01-2025T14:49:18 - [TEST_STEP][PASSED] - else: Delayed 0 second(s)

25-01-2025T14:49:18 - [TEST_STEP][PASSED] - fieldList = varFieldList: null

25-01-2025T14:49:18 - [TEST_STEP][PASSED] - requiredFieldMsgs = varRequiredFieldMsgs: null

25-01-2025T14:49:18 - [TEST_STEP][PASSED] - outText = "Verifying error messages for fields " + fieldList: null

25-01-2025T14:49:18 - [TEST_STEP][PASSED] - for (def field : fieldList): null

25-01-2025T14:49:18 - [TEST_STEP][PASSED] - errorMsg = requiredFieldMsgs.get(field): null

25-01-2025T14:49:18 - [TEST_STEP][PASSED] - msg = verifyTextPresent(errorMsg, false, OPTIONAL): Text 'The candidate process stages field is required.' is present on page 

25-01-2025T14:49:18 - [MESSAGE][PASSED] - Text 'The candidate process stages field is required.' is present on page 

25-01-2025T14:49:18 - [TEST_STEP][PASSED] - println(field + ":" + msg): null

25-01-2025T14:49:18 - [TEST_STEP][PASSED] - if (!(msg)): null

25-01-2025T14:49:18 - [TEST_STEP][PASSED] - errorMsg = requiredFieldMsgs.get(field): null

25-01-2025T14:49:18 - [TEST_STEP][PASSED] - msg = verifyTextPresent(errorMsg, false, OPTIONAL): Text 'The bible school training field is required.' is present on page 

25-01-2025T14:49:18 - [MESSAGE][PASSED] - Text 'The bible school training field is required.' is present on page 

25-01-2025T14:49:18 - [TEST_STEP][PASSED] - println(field + ":" + msg): null

25-01-2025T14:49:18 - [TEST_STEP][PASSED] - if (!(msg)): null

25-01-2025T14:49:18 - [TEST_STEP][PASSED] - errorMsg = requiredFieldMsgs.get(field): null

25-01-2025T14:49:18 - [TEST_STEP][PASSED] - msg = verifyTextPresent(errorMsg, false, OPTIONAL): Text 'The attended perspectives? field is required.' is present on page 

25-01-2025T14:49:18 - [MESSAGE][PASSED] - Text 'The attended perspectives? field is required.' is present on page 

25-01-2025T14:49:18 - [TEST_STEP][PASSED] - println(field + ":" + msg): null

25-01-2025T14:49:18 - [TEST_STEP][PASSED] - if (!(msg)): null

25-01-2025T14:49:18 - [TEST_STEP][PASSED] - errorMsg = requiredFieldMsgs.get(field): null

25-01-2025T14:49:18 - [TEST_STEP][PASSED] - msg = verifyTextPresent(errorMsg, false, OPTIONAL): Text 'The relocation question field is required.' is present on page 

25-01-2025T14:49:18 - [MESSAGE][PASSED] - Text 'The relocation question field is required.' is present on page 

25-01-2025T14:49:18 - [TEST_STEP][PASSED] - println(field + ":" + msg): null

25-01-2025T14:49:18 - [TEST_STEP][PASSED] - if (!(msg)): null

25-01-2025T14:49:18 - [TEST_STEP][PASSED] - delay(fieldTestDelay): Delayed 0 second(s)

25-01-2025T14:49:18 - [MESSAGE][PASSED] - Delayed 0 second(s)

25-01-2025T14:49:18 - [MESSAGE][PASSED] - Call Test Case 'Test Cases/_Functions/Test Field Error Messages' successfully

25-01-2025T14:49:18 - [TEST_STEP][PASSED] - callTestCase(findTestCase("_Functions/Click on Group Elements"), ["varXpaths":xpaths, "varParms":parms], STOP_ON_FAILURE): Call Test Case 'Test Cases/_Functions/Click on Group Elements' successfully

25-01-2025T14:49:18 - [TEST_CASE][PASSED] - Test Cases/_Functions/Click on Group Elements: Test Cases/_Functions/Click on Group Elements

25-01-2025T14:49:18 - [TEST_STEP][PASSED] - debug = true: null

25-01-2025T14:49:18 - [TEST_STEP][PASSED] - toggle = true: null

25-01-2025T14:49:18 - [TEST_STEP][PASSED] - driver = getWebDriver(): null

25-01-2025T14:49:18 - [TEST_STEP][PASSED] - println(varParms): null

25-01-2025T14:49:18 - [TEST_STEP][PASSED] - for ([i = 0, i < varXpaths.size(), (i++)]): null

25-01-2025T14:49:18 - [TEST_STEP][PASSED] - if (debug): null

25-01-2025T14:49:18 - [TEST_STEP][PASSED] - println("Desired label is "" + varParms[i] + """): null

25-01-2025T14:49:18 - [TEST_STEP][PASSED] - if (varParms[i].indexOf("Europe") >= 0): null

25-01-2025T14:49:18 - [TEST_STEP][PASSED] - elements = driver.findElements(By.xpath(varXpaths[i])): null

25-01-2025T14:49:18 - [TEST_STEP][PASSED] - element_count = elements.size(): null

25-01-2025T14:49:18 - [TEST_STEP][PASSED] - for (def element : elements): null

25-01-2025T14:49:18 - [TEST_STEP][PASSED] - myValue = element.getAttribute("value"): null

25-01-2025T14:49:18 - [TEST_STEP][PASSED] - if (debug): null

25-01-2025T14:49:18 - [TEST_STEP][PASSED] - println("Element label is "" + myValue + """): null

25-01-2025T14:49:18 - [TEST_STEP][PASSED] - if (myValue.length() >= 4): null

25-01-2025T14:49:18 - [TEST_STEP][PASSED] - if (myValue.substring(0, 4) == "(!) "): null

25-01-2025T14:49:18 - [TEST_STEP][PASSED] - myValue = myValue.substring(4): null

25-01-2025T14:49:18 - [TEST_STEP][PASSED] - if (debug): null

25-01-2025T14:49:18 - [TEST_STEP][PASSED] - println("Modified element label is "" + myValue + """): null

25-01-2025T14:49:18 - [TEST_STEP][PASSED] - myObj = convertWebElementToTestObject(element): null

25-01-2025T14:49:18 - [TEST_STEP][PASSED] - myType = element.getAttribute("type"): null

25-01-2025T14:49:18 - [TEST_STEP][PASSED] - if (myValue in varParms[i]): null

25-01-2025T14:49:18 - [TEST_STEP][PASSED] - else: null

25-01-2025T14:49:18 - [TEST_STEP][PASSED] - inList = false: null

25-01-2025T14:49:18 - [TEST_STEP][PASSED] - if (myType == "checkbox"): null

25-01-2025T14:49:18 - [TEST_STEP][PASSED] - myStatus = element.isSelected(): null

25-01-2025T14:49:18 - [TEST_STEP][PASSED] - if (debug): null

25-01-2025T14:49:18 - [TEST_STEP][PASSED] - println("Label " + myValue + " checked status is " + myStatus + " and in list status is " + inList): null

25-01-2025T14:49:18 - [TEST_STEP][PASSED] - if (toggle && myStatus && inList): null

25-01-2025T14:49:18 - [TEST_STEP][PASSED] - if (!(myStatus) && inList || myStatus && !(inList)): null

25-01-2025T14:49:18 - [TEST_STEP][PASSED] - myValue = element.getAttribute("value"): null

25-01-2025T14:49:18 - [TEST_STEP][PASSED] - if (debug): null

25-01-2025T14:49:18 - [TEST_STEP][PASSED] - println("Element label is "" + myValue + """): null

25-01-2025T14:49:18 - [TEST_STEP][PASSED] - if (myValue.length() >= 4): null

25-01-2025T14:49:18 - [TEST_STEP][PASSED] - if (myValue.substring(0, 4) == "(!) "): null

25-01-2025T14:49:18 - [TEST_STEP][PASSED] - myObj = convertWebElementToTestObject(element): null

25-01-2025T14:49:18 - [TEST_STEP][PASSED] - myType = element.getAttribute("type"): null

25-01-2025T14:49:18 - [TEST_STEP][PASSED] - if (myValue in varParms[i]): null

25-01-2025T14:49:18 - [TEST_STEP][PASSED] - inList = true: null

25-01-2025T14:49:18 - [TEST_STEP][PASSED] - if (myType == "checkbox"): null

25-01-2025T14:49:18 - [TEST_STEP][PASSED] - myStatus = element.isSelected(): null

25-01-2025T14:49:18 - [TEST_STEP][PASSED] - if (debug): null

25-01-2025T14:49:18 - [TEST_STEP][PASSED] - println("Label " + myValue + " checked status is " + myStatus + " and in list status is " + inList): null

25-01-2025T14:49:18 - [TEST_STEP][PASSED] - if (toggle && myStatus && inList): null

25-01-2025T14:49:18 - [TEST_STEP][PASSED] - if (!(myStatus) && inList || myStatus && !(inList)): null

25-01-2025T14:49:18 - [TEST_STEP][PASSED] - if (debug): null

25-01-2025T14:49:18 - [TEST_STEP][PASSED] - println("Clicking " + myValue): null

25-01-2025T14:49:18 - [TEST_STEP][PASSED] - println("Clicking " + myValue): null

25-01-2025T14:49:18 - [TEST_STEP][PASSED] - click(myObj): null

25-01-2025T14:49:18 - [TEST_STEP][PASSED] - scrollToObject(object): null

25-01-2025T14:49:18 - [TEST_STEP][PASSED] - println("Converting " + object + " to web element"): null

25-01-2025T14:49:18 - [TEST_STEP][PASSED] - element = findWebElement(object, 1): null

25-01-2025T14:49:18 - [TEST_STEP][PASSED] - loc = element.getLocation(): null

25-01-2025T14:49:18 - [TEST_STEP][PASSED] - y = loc.getY(): null

25-01-2025T14:49:18 - [TEST_STEP][PASSED] - println("Y location is " + y): null

25-01-2025T14:49:18 - [TEST_STEP][PASSED] - top = getViewportTopPosition(): Current viewport's top (y) position is 431

25-01-2025T14:49:18 - [MESSAGE][PASSED] - Current viewport's top (y) position is 431

25-01-2025T14:49:18 - [TEST_STEP][PASSED] - println("Viewport top is " + top): null

25-01-2025T14:49:18 - [TEST_STEP][PASSED] - bottom = top + 600: null

25-01-2025T14:49:18 - [TEST_STEP][PASSED] - if (y - top < 150 || bottom - y < 10): Delayed 1 second(s)

25-01-2025T14:49:18 - [TEST_STEP][PASSED] - scrollToPosition(0, y - 150): Browser is scrolled to position x = 0, y = 318

25-01-2025T14:49:18 - [MESSAGE][PASSED] - Browser is scrolled to position x = 0, y = 318

25-01-2025T14:49:18 - [TEST_STEP][PASSED] - delay(1): Delayed 1 second(s)

25-01-2025T14:49:19 - [MESSAGE][PASSED] - Delayed 1 second(s)

25-01-2025T14:49:19 - [TEST_STEP][PASSED] - click(object): null

25-01-2025T14:49:19 - [MESSAGE][PASSED] - Object: '' is clicked on

25-01-2025T14:49:19 - [TEST_STEP][PASSED] - myValue = element.getAttribute("value"): null

25-01-2025T14:49:19 - [TEST_STEP][PASSED] - if (debug): null

25-01-2025T14:49:19 - [TEST_STEP][PASSED] - println("Element label is "" + myValue + """): null

25-01-2025T14:49:19 - [TEST_STEP][PASSED] - if (myValue.length() >= 4): null

25-01-2025T14:49:19 - [TEST_STEP][PASSED] - if (myValue.substring(0, 4) == "(!) "): null

25-01-2025T14:49:19 - [TEST_STEP][PASSED] - myObj = convertWebElementToTestObject(element): null

25-01-2025T14:49:19 - [TEST_STEP][PASSED] - myType = element.getAttribute("type"): null

25-01-2025T14:49:19 - [TEST_STEP][PASSED] - if (myValue in varParms[i]): null

25-01-2025T14:49:19 - [TEST_STEP][PASSED] - inList = true: null

25-01-2025T14:49:19 - [TEST_STEP][PASSED] - if (myType == "checkbox"): null

25-01-2025T14:49:19 - [TEST_STEP][PASSED] - myStatus = element.isSelected(): null

25-01-2025T14:49:19 - [TEST_STEP][PASSED] - if (debug): null

25-01-2025T14:49:19 - [TEST_STEP][PASSED] - println("Label " + myValue + " checked status is " + myStatus + " and in list status is " + inList): null

25-01-2025T14:49:19 - [TEST_STEP][PASSED] - if (toggle && myStatus && inList): null

25-01-2025T14:49:19 - [TEST_STEP][PASSED] - if (!(myStatus) && inList || myStatus && !(inList)): null

25-01-2025T14:49:19 - [TEST_STEP][PASSED] - if (debug): null

25-01-2025T14:49:19 - [TEST_STEP][PASSED] - println("Clicking " + myValue): null

25-01-2025T14:49:19 - [TEST_STEP][PASSED] - println("Clicking " + myValue): null

25-01-2025T14:49:19 - [TEST_STEP][PASSED] - click(myObj): null

25-01-2025T14:49:19 - [TEST_STEP][PASSED] - scrollToObject(object): null

25-01-2025T14:49:19 - [TEST_STEP][PASSED] - println("Converting " + object + " to web element"): null

25-01-2025T14:49:19 - [TEST_STEP][PASSED] - element = findWebElement(object, 1): null

25-01-2025T14:49:19 - [TEST_STEP][PASSED] - loc = element.getLocation(): null

25-01-2025T14:49:19 - [TEST_STEP][PASSED] - y = loc.getY(): null

25-01-2025T14:49:19 - [TEST_STEP][PASSED] - println("Y location is " + y): null

25-01-2025T14:49:19 - [TEST_STEP][PASSED] - top = getViewportTopPosition(): Current viewport's top (y) position is 318

25-01-2025T14:49:19 - [MESSAGE][PASSED] - Current viewport's top (y) position is 318

25-01-2025T14:49:19 - [TEST_STEP][PASSED] - println("Viewport top is " + top): null

25-01-2025T14:49:19 - [TEST_STEP][PASSED] - bottom = top + 600: null

25-01-2025T14:49:19 - [TEST_STEP][PASSED] - if (y - top < 150 || bottom - y < 10): null

25-01-2025T14:49:19 - [TEST_STEP][PASSED] - click(object): null

25-01-2025T14:49:19 - [MESSAGE][PASSED] - Object: '' is clicked on

25-01-2025T14:49:19 - [TEST_STEP][PASSED] - if (debug): null

25-01-2025T14:49:19 - [TEST_STEP][PASSED] - println("Desired label is "" + varParms[i] + """): null

25-01-2025T14:49:19 - [TEST_STEP][PASSED] - if (varParms[i].indexOf("Europe") >= 0): null

25-01-2025T14:49:19 - [TEST_STEP][PASSED] - elements = driver.findElements(By.xpath(varXpaths[i])): null

25-01-2025T14:49:19 - [TEST_STEP][PASSED] - element_count = elements.size(): null

25-01-2025T14:49:19 - [TEST_STEP][PASSED] - for (def element : elements): null

25-01-2025T14:49:19 - [TEST_STEP][PASSED] - myValue = element.getAttribute("value"): null

25-01-2025T14:49:19 - [TEST_STEP][PASSED] - if (debug): null

25-01-2025T14:49:19 - [TEST_STEP][PASSED] - println("Element label is "" + myValue + """): null

25-01-2025T14:49:19 - [TEST_STEP][PASSED] - if (myValue.length() >= 4): null

25-01-2025T14:49:19 - [TEST_STEP][PASSED] - if (myValue.substring(0, 4) == "(!) "): null

25-01-2025T14:49:19 - [TEST_STEP][PASSED] - myValue = myValue.substring(4): null

25-01-2025T14:49:19 - [TEST_STEP][PASSED] - if (debug): null

25-01-2025T14:49:19 - [TEST_STEP][PASSED] - println("Modified element label is "" + myValue + """): null

25-01-2025T14:49:19 - [TEST_STEP][PASSED] - myObj = convertWebElementToTestObject(element): null

25-01-2025T14:49:19 - [TEST_STEP][PASSED] - myType = element.getAttribute("type"): null

25-01-2025T14:49:19 - [TEST_STEP][PASSED] - if (myValue in varParms[i]): null

25-01-2025T14:49:19 - [TEST_STEP][PASSED] - inList = true: null

25-01-2025T14:49:19 - [TEST_STEP][PASSED] - if (myType == "checkbox"): null

25-01-2025T14:49:19 - [TEST_STEP][PASSED] - myStatus = element.isSelected(): null

25-01-2025T14:49:19 - [TEST_STEP][PASSED] - if (debug): null

25-01-2025T14:49:19 - [TEST_STEP][PASSED] - println("Label " + myValue + " checked status is " + myStatus + " and in list status is " + inList): null

25-01-2025T14:49:19 - [TEST_STEP][PASSED] - if (toggle && myStatus && inList): null

25-01-2025T14:49:19 - [TEST_STEP][PASSED] - if (!(myStatus) && inList || myStatus && !(inList)): null

25-01-2025T14:49:19 - [TEST_STEP][PASSED] - if (debug): null

25-01-2025T14:49:19 - [TEST_STEP][PASSED] - println("Clicking " + myValue): null

25-01-2025T14:49:19 - [TEST_STEP][PASSED] - println("Clicking " + myValue): null

25-01-2025T14:49:19 - [TEST_STEP][PASSED] - click(myObj): null

25-01-2025T14:49:19 - [TEST_STEP][PASSED] - scrollToObject(object): null

25-01-2025T14:49:19 - [TEST_STEP][PASSED] - println("Converting " + object + " to web element"): null

25-01-2025T14:49:19 - [TEST_STEP][PASSED] - element = findWebElement(object, 1): null

25-01-2025T14:49:19 - [TEST_STEP][PASSED] - loc = element.getLocation(): null

25-01-2025T14:49:19 - [TEST_STEP][PASSED] - y = loc.getY(): null

25-01-2025T14:49:19 - [TEST_STEP][PASSED] - println("Y location is " + y): null

25-01-2025T14:49:19 - [TEST_STEP][PASSED] - top = getViewportTopPosition(): Current viewport's top (y) position is 318

25-01-2025T14:49:19 - [MESSAGE][PASSED] - Current viewport's top (y) position is 318

25-01-2025T14:49:19 - [TEST_STEP][PASSED] - println("Viewport top is " + top): null

25-01-2025T14:49:19 - [TEST_STEP][PASSED] - bottom = top + 600: null

25-01-2025T14:49:19 - [TEST_STEP][PASSED] - if (y - top < 150 || bottom - y < 10): null

25-01-2025T14:49:19 - [TEST_STEP][PASSED] - click(object): null

25-01-2025T14:49:19 - [MESSAGE][PASSED] - Object: '' is clicked on

25-01-2025T14:49:19 - [TEST_STEP][PASSED] - myValue = element.getAttribute("value"): null

25-01-2025T14:49:19 - [TEST_STEP][PASSED] - if (debug): null

25-01-2025T14:49:19 - [TEST_STEP][PASSED] - println("Element label is "" + myValue + """): null

25-01-2025T14:49:19 - [TEST_STEP][PASSED] - if (myValue.length() >= 4): null

25-01-2025T14:49:19 - [TEST_STEP][PASSED] - if (myValue.substring(0, 4) == "(!) "): null

25-01-2025T14:49:19 - [TEST_STEP][PASSED] - myObj = convertWebElementToTestObject(element): null

25-01-2025T14:49:19 - [TEST_STEP][PASSED] - myType = element.getAttribute("type"): null

25-01-2025T14:49:19 - [TEST_STEP][PASSED] - if (myValue in varParms[i]): null

25-01-2025T14:49:19 - [TEST_STEP][PASSED] - inList = true: null

25-01-2025T14:49:19 - [TEST_STEP][PASSED] - if (myType == "checkbox"): null

25-01-2025T14:49:19 - [TEST_STEP][PASSED] - myStatus = element.isSelected(): null

25-01-2025T14:49:19 - [TEST_STEP][PASSED] - if (debug): null

25-01-2025T14:49:19 - [TEST_STEP][PASSED] - println("Label " + myValue + " checked status is " + myStatus + " and in list status is " + inList): null

25-01-2025T14:49:19 - [TEST_STEP][PASSED] - if (toggle && myStatus && inList): null

25-01-2025T14:49:19 - [TEST_STEP][PASSED] - if (!(myStatus) && inList || myStatus && !(inList)): null

25-01-2025T14:49:19 - [TEST_STEP][PASSED] - if (debug): null

25-01-2025T14:49:19 - [TEST_STEP][PASSED] - println("Clicking " + myValue): null

25-01-2025T14:49:19 - [TEST_STEP][PASSED] - println("Clicking " + myValue): null

25-01-2025T14:49:19 - [TEST_STEP][PASSED] - click(myObj): null

25-01-2025T14:49:19 - [TEST_STEP][PASSED] - scrollToObject(object): null

25-01-2025T14:49:19 - [TEST_STEP][PASSED] - println("Converting " + object + " to web element"): null

25-01-2025T14:49:19 - [TEST_STEP][PASSED] - element = findWebElement(object, 1): null

25-01-2025T14:49:19 - [TEST_STEP][PASSED] - loc = element.getLocation(): null

25-01-2025T14:49:19 - [TEST_STEP][PASSED] - y = loc.getY(): null

25-01-2025T14:49:19 - [TEST_STEP][PASSED] - println("Y location is " + y): null

25-01-2025T14:49:19 - [TEST_STEP][PASSED] - top = getViewportTopPosition(): Current viewport's top (y) position is 318

25-01-2025T14:49:19 - [MESSAGE][PASSED] - Current viewport's top (y) position is 318

25-01-2025T14:49:19 - [TEST_STEP][PASSED] - println("Viewport top is " + top): null

25-01-2025T14:49:19 - [TEST_STEP][PASSED] - bottom = top + 600: null

25-01-2025T14:49:19 - [TEST_STEP][PASSED] - if (y - top < 150 || bottom - y < 10): null

25-01-2025T14:49:19 - [TEST_STEP][PASSED] - click(object): null

25-01-2025T14:49:19 - [MESSAGE][PASSED] - Object: '' is clicked on

25-01-2025T14:49:19 - [TEST_STEP][PASSED] - myValue = element.getAttribute("value"): null

25-01-2025T14:49:19 - [TEST_STEP][PASSED] - if (debug): null

25-01-2025T14:49:19 - [TEST_STEP][PASSED] - println("Element label is "" + myValue + """): null

25-01-2025T14:49:19 - [TEST_STEP][PASSED] - if (myValue.length() >= 4): null

25-01-2025T14:49:19 - [TEST_STEP][PASSED] - if (myValue.substring(0, 4) == "(!) "): null

25-01-2025T14:49:19 - [TEST_STEP][PASSED] - myObj = convertWebElementToTestObject(element): null

25-01-2025T14:49:19 - [TEST_STEP][PASSED] - myType = element.getAttribute("type"): null

25-01-2025T14:49:19 - [TEST_STEP][PASSED] - if (myValue in varParms[i]): null

25-01-2025T14:49:19 - [TEST_STEP][PASSED] - inList = true: null

25-01-2025T14:49:19 - [TEST_STEP][PASSED] - if (myType == "checkbox"): null

25-01-2025T14:49:19 - [TEST_STEP][PASSED] - myStatus = element.isSelected(): null

25-01-2025T14:49:19 - [TEST_STEP][PASSED] - if (debug): null

25-01-2025T14:49:19 - [TEST_STEP][PASSED] - println("Label " + myValue + " checked status is " + myStatus + " and in list status is " + inList): null

25-01-2025T14:49:19 - [TEST_STEP][PASSED] - if (toggle && myStatus && inList): null

25-01-2025T14:49:19 - [TEST_STEP][PASSED] - if (!(myStatus) && inList || myStatus && !(inList)): null

25-01-2025T14:49:19 - [TEST_STEP][PASSED] - if (debug): null

25-01-2025T14:49:19 - [TEST_STEP][PASSED] - println("Clicking " + myValue): null

25-01-2025T14:49:19 - [TEST_STEP][PASSED] - println("Clicking " + myValue): null

25-01-2025T14:49:19 - [TEST_STEP][PASSED] - click(myObj): null

25-01-2025T14:49:19 - [TEST_STEP][PASSED] - scrollToObject(object): null

25-01-2025T14:49:19 - [TEST_STEP][PASSED] - println("Converting " + object + " to web element"): null

25-01-2025T14:49:19 - [TEST_STEP][PASSED] - element = findWebElement(object, 1): null

25-01-2025T14:49:19 - [TEST_STEP][PASSED] - loc = element.getLocation(): null

25-01-2025T14:49:19 - [TEST_STEP][PASSED] - y = loc.getY(): null

25-01-2025T14:49:19 - [TEST_STEP][PASSED] - println("Y location is " + y): null

25-01-2025T14:49:19 - [TEST_STEP][PASSED] - top = getViewportTopPosition(): Current viewport's top (y) position is 318

25-01-2025T14:49:19 - [MESSAGE][PASSED] - Current viewport's top (y) position is 318

25-01-2025T14:49:19 - [TEST_STEP][PASSED] - println("Viewport top is " + top): null

25-01-2025T14:49:19 - [TEST_STEP][PASSED] - bottom = top + 600: null

25-01-2025T14:49:19 - [TEST_STEP][PASSED] - if (y - top < 150 || bottom - y < 10): null

25-01-2025T14:49:19 - [TEST_STEP][PASSED] - click(object): null

25-01-2025T14:49:19 - [MESSAGE][PASSED] - Object: '' is clicked on

25-01-2025T14:49:19 - [TEST_STEP][PASSED] - if (debug): null

25-01-2025T14:49:19 - [TEST_STEP][PASSED] - println("Desired label is "" + varParms[i] + """): null

25-01-2025T14:49:19 - [TEST_STEP][PASSED] - if (varParms[i].indexOf("Europe") >= 0): null

25-01-2025T14:49:19 - [TEST_STEP][PASSED] - elements = driver.findElements(By.xpath(varXpaths[i])): null

25-01-2025T14:49:19 - [TEST_STEP][PASSED] - element_count = elements.size(): null

25-01-2025T14:49:19 - [TEST_STEP][PASSED] - for (def element : elements): null

25-01-2025T14:49:19 - [TEST_STEP][PASSED] - myValue = element.getAttribute("value"): null

25-01-2025T14:49:19 - [TEST_STEP][PASSED] - if (debug): null

25-01-2025T14:49:19 - [TEST_STEP][PASSED] - println("Element label is "" + myValue + """): null

25-01-2025T14:49:19 - [TEST_STEP][PASSED] - if (myValue.length() >= 4): null

25-01-2025T14:49:19 - [TEST_STEP][PASSED] - if (myValue.substring(0, 4) == "(!) "): null

25-01-2025T14:49:19 - [TEST_STEP][PASSED] - myObj = convertWebElementToTestObject(element): null

25-01-2025T14:49:19 - [TEST_STEP][PASSED] - myType = element.getAttribute("type"): null

25-01-2025T14:49:19 - [TEST_STEP][PASSED] - if (myValue in varParms[i]): null

25-01-2025T14:49:19 - [TEST_STEP][PASSED] - else: null

25-01-2025T14:49:19 - [TEST_STEP][PASSED] - inList = false: null

25-01-2025T14:49:19 - [TEST_STEP][PASSED] - if (myType == "checkbox"): null

25-01-2025T14:49:19 - [TEST_STEP][PASSED] - myStatus = element.isSelected(): null

25-01-2025T14:49:19 - [TEST_STEP][PASSED] - if (debug): null

25-01-2025T14:49:19 - [TEST_STEP][PASSED] - println("Label " + myValue + " checked status is " + myStatus + " and in list status is " + inList): null

25-01-2025T14:49:19 - [TEST_STEP][PASSED] - if (toggle && myStatus && inList): null

25-01-2025T14:49:19 - [TEST_STEP][PASSED] - if (!(myStatus) && inList || myStatus && !(inList)): null

25-01-2025T14:49:19 - [TEST_STEP][PASSED] - myValue = element.getAttribute("value"): null

25-01-2025T14:49:19 - [TEST_STEP][PASSED] - if (debug): null

25-01-2025T14:49:19 - [TEST_STEP][PASSED] - println("Element label is "" + myValue + """): null

25-01-2025T14:49:19 - [TEST_STEP][PASSED] - if (myValue.length() >= 4): null

25-01-2025T14:49:19 - [TEST_STEP][PASSED] - if (myValue.substring(0, 4) == "(!) "): null

25-01-2025T14:49:19 - [TEST_STEP][PASSED] - myObj = convertWebElementToTestObject(element): null

25-01-2025T14:49:19 - [TEST_STEP][PASSED] - myType = element.getAttribute("type"): null

25-01-2025T14:49:19 - [TEST_STEP][PASSED] - if (myValue in varParms[i]): null

25-01-2025T14:49:19 - [TEST_STEP][PASSED] - else: null

25-01-2025T14:49:19 - [TEST_STEP][PASSED] - inList = false: null

25-01-2025T14:49:19 - [TEST_STEP][PASSED] - if (myType == "checkbox"): null

25-01-2025T14:49:19 - [TEST_STEP][PASSED] - myStatus = element.isSelected(): null

25-01-2025T14:49:19 - [TEST_STEP][PASSED] - if (debug): null

25-01-2025T14:49:19 - [TEST_STEP][PASSED] - println("Label " + myValue + " checked status is " + myStatus + " and in list status is " + inList): null

25-01-2025T14:49:19 - [TEST_STEP][PASSED] - if (toggle && myStatus && inList): null

25-01-2025T14:49:19 - [TEST_STEP][PASSED] - if (!(myStatus) && inList || myStatus && !(inList)): null

25-01-2025T14:49:19 - [TEST_STEP][PASSED] - myValue = element.getAttribute("value"): null

25-01-2025T14:49:19 - [TEST_STEP][PASSED] - if (debug): null

25-01-2025T14:49:19 - [TEST_STEP][PASSED] - println("Element label is "" + myValue + """): null

25-01-2025T14:49:19 - [TEST_STEP][PASSED] - if (myValue.length() >= 4): null

25-01-2025T14:49:19 - [TEST_STEP][PASSED] - if (myValue.substring(0, 4) == "(!) "): null

25-01-2025T14:49:19 - [TEST_STEP][PASSED] - myObj = convertWebElementToTestObject(element): null

25-01-2025T14:49:19 - [TEST_STEP][PASSED] - myType = element.getAttribute("type"): null

25-01-2025T14:49:19 - [TEST_STEP][PASSED] - if (myValue in varParms[i]): null

25-01-2025T14:49:19 - [TEST_STEP][PASSED] - inList = true: null

25-01-2025T14:49:19 - [TEST_STEP][PASSED] - if (myType == "checkbox"): null

25-01-2025T14:49:19 - [TEST_STEP][PASSED] - myStatus = element.isSelected(): null

25-01-2025T14:49:19 - [TEST_STEP][PASSED] - if (debug): null

25-01-2025T14:49:19 - [TEST_STEP][PASSED] - println("Label " + myValue + " checked status is " + myStatus + " and in list status is " + inList): null

25-01-2025T14:49:19 - [TEST_STEP][PASSED] - if (toggle && myStatus && inList): null

25-01-2025T14:49:19 - [TEST_STEP][PASSED] - if (!(myStatus) && inList || myStatus && !(inList)): null

25-01-2025T14:49:19 - [TEST_STEP][PASSED] - if (debug): null

25-01-2025T14:49:19 - [TEST_STEP][PASSED] - println("Clicking " + myValue): null

25-01-2025T14:49:19 - [TEST_STEP][PASSED] - println("Clicking " + myValue): null

25-01-2025T14:49:19 - [TEST_STEP][PASSED] - click(myObj): null

25-01-2025T14:49:19 - [TEST_STEP][PASSED] - scrollToObject(object): null

25-01-2025T14:49:19 - [TEST_STEP][PASSED] - println("Converting " + object + " to web element"): null

25-01-2025T14:49:19 - [TEST_STEP][PASSED] - element = findWebElement(object, 1): null

25-01-2025T14:49:19 - [TEST_STEP][PASSED] - loc = element.getLocation(): null

25-01-2025T14:49:19 - [TEST_STEP][PASSED] - y = loc.getY(): null

25-01-2025T14:49:19 - [TEST_STEP][PASSED] - println("Y location is " + y): null

25-01-2025T14:49:19 - [TEST_STEP][PASSED] - top = getViewportTopPosition(): Current viewport's top (y) position is 318

25-01-2025T14:49:19 - [MESSAGE][PASSED] - Current viewport's top (y) position is 318

25-01-2025T14:49:19 - [TEST_STEP][PASSED] - println("Viewport top is " + top): null

25-01-2025T14:49:19 - [TEST_STEP][PASSED] - bottom = top + 600: null

25-01-2025T14:49:19 - [TEST_STEP][PASSED] - if (y - top < 150 || bottom - y < 10): null

25-01-2025T14:49:19 - [TEST_STEP][PASSED] - click(object): null

25-01-2025T14:49:19 - [MESSAGE][PASSED] - Object: '' is clicked on

25-01-2025T14:49:19 - [TEST_STEP][PASSED] - myValue = element.getAttribute("value"): null

25-01-2025T14:49:19 - [TEST_STEP][PASSED] - if (debug): null

25-01-2025T14:49:19 - [TEST_STEP][PASSED] - println("Element label is "" + myValue + """): null

25-01-2025T14:49:19 - [TEST_STEP][PASSED] - if (myValue.length() >= 4): null

25-01-2025T14:49:19 - [TEST_STEP][PASSED] - if (myValue.substring(0, 4) == "(!) "): null

25-01-2025T14:49:19 - [TEST_STEP][PASSED] - myObj = convertWebElementToTestObject(element): null

25-01-2025T14:49:19 - [TEST_STEP][PASSED] - myType = element.getAttribute("type"): null

25-01-2025T14:49:19 - [TEST_STEP][PASSED] - if (myValue in varParms[i]): null

25-01-2025T14:49:19 - [TEST_STEP][PASSED] - inList = true: null

25-01-2025T14:49:19 - [TEST_STEP][PASSED] - if (myType == "checkbox"): null

25-01-2025T14:49:19 - [TEST_STEP][PASSED] - myStatus = element.isSelected(): null

25-01-2025T14:49:19 - [TEST_STEP][PASSED] - if (debug): null

25-01-2025T14:49:19 - [TEST_STEP][PASSED] - println("Label " + myValue + " checked status is " + myStatus + " and in list status is " + inList): null

25-01-2025T14:49:19 - [TEST_STEP][PASSED] - if (toggle && myStatus && inList): null

25-01-2025T14:49:19 - [TEST_STEP][PASSED] - if (!(myStatus) && inList || myStatus && !(inList)): null

25-01-2025T14:49:19 - [TEST_STEP][PASSED] - if (debug): null

25-01-2025T14:49:19 - [TEST_STEP][PASSED] - println("Clicking " + myValue): null

25-01-2025T14:49:19 - [TEST_STEP][PASSED] - println("Clicking " + myValue): null

25-01-2025T14:49:19 - [TEST_STEP][PASSED] - click(myObj): null

25-01-2025T14:49:19 - [TEST_STEP][PASSED] - scrollToObject(object): null

25-01-2025T14:49:19 - [TEST_STEP][PASSED] - println("Converting " + object + " to web element"): null

25-01-2025T14:49:19 - [TEST_STEP][PASSED] - element = findWebElement(object, 1): null

25-01-2025T14:49:19 - [TEST_STEP][PASSED] - loc = element.getLocation(): null

25-01-2025T14:49:19 - [TEST_STEP][PASSED] - y = loc.getY(): null

25-01-2025T14:49:19 - [TEST_STEP][PASSED] - println("Y location is " + y): null

25-01-2025T14:49:19 - [TEST_STEP][PASSED] - top = getViewportTopPosition(): Current viewport's top (y) position is 318

25-01-2025T14:49:19 - [MESSAGE][PASSED] - Current viewport's top (y) position is 318

25-01-2025T14:49:19 - [TEST_STEP][PASSED] - println("Viewport top is " + top): null

25-01-2025T14:49:19 - [TEST_STEP][PASSED] - bottom = top + 600: null

25-01-2025T14:49:19 - [TEST_STEP][PASSED] - if (y - top < 150 || bottom - y < 10): null

25-01-2025T14:49:19 - [TEST_STEP][PASSED] - click(object): null

25-01-2025T14:49:19 - [MESSAGE][PASSED] - Object: '' is clicked on

25-01-2025T14:49:19 - [TEST_STEP][PASSED] - myValue = element.getAttribute("value"): null

25-01-2025T14:49:19 - [TEST_STEP][PASSED] - if (debug): null

25-01-2025T14:49:19 - [TEST_STEP][PASSED] - println("Element label is "" + myValue + """): null

25-01-2025T14:49:19 - [TEST_STEP][PASSED] - if (myValue.length() >= 4): null

25-01-2025T14:49:19 - [TEST_STEP][PASSED] - if (myValue.substring(0, 4) == "(!) "): null

25-01-2025T14:49:19 - [TEST_STEP][PASSED] - myValue = myValue.substring(4): null

25-01-2025T14:49:19 - [TEST_STEP][PASSED] - if (debug): null

25-01-2025T14:49:19 - [TEST_STEP][PASSED] - println("Modified element label is "" + myValue + """): null

25-01-2025T14:49:19 - [TEST_STEP][PASSED] - myObj = convertWebElementToTestObject(element): null

25-01-2025T14:49:19 - [TEST_STEP][PASSED] - myType = element.getAttribute("type"): null

25-01-2025T14:49:19 - [TEST_STEP][PASSED] - if (myValue in varParms[i]): null

25-01-2025T14:49:19 - [TEST_STEP][PASSED] - else: null

25-01-2025T14:49:19 - [TEST_STEP][PASSED] - inList = false: null

25-01-2025T14:49:19 - [TEST_STEP][PASSED] - if (myType == "checkbox"): null

25-01-2025T14:49:19 - [TEST_STEP][PASSED] - myStatus = element.isSelected(): null

25-01-2025T14:49:19 - [TEST_STEP][PASSED] - if (debug): null

25-01-2025T14:49:19 - [TEST_STEP][PASSED] - println("Label " + myValue + " checked status is " + myStatus + " and in list status is " + inList): null

25-01-2025T14:49:19 - [TEST_STEP][PASSED] - if (toggle && myStatus && inList): null

25-01-2025T14:49:19 - [TEST_STEP][PASSED] - if (!(myStatus) && inList || myStatus && !(inList)): null

25-01-2025T14:49:19 - [TEST_STEP][PASSED] - if (debug): null

25-01-2025T14:49:19 - [TEST_STEP][PASSED] - println("Desired label is "" + varParms[i] + """): null

25-01-2025T14:49:19 - [TEST_STEP][PASSED] - if (varParms[i].indexOf("Europe") >= 0): null

25-01-2025T14:49:19 - [TEST_STEP][PASSED] - elements = driver.findElements(By.xpath(varXpaths[i])): null

25-01-2025T14:49:19 - [TEST_STEP][PASSED] - element_count = elements.size(): null

25-01-2025T14:49:19 - [TEST_STEP][PASSED] - for (def element : elements): null

25-01-2025T14:49:19 - [TEST_STEP][PASSED] - myValue = element.getAttribute("value"): null

25-01-2025T14:49:19 - [TEST_STEP][PASSED] - if (debug): null

25-01-2025T14:49:19 - [TEST_STEP][PASSED] - println("Element label is "" + myValue + """): null

25-01-2025T14:49:19 - [TEST_STEP][PASSED] - if (myValue.length() >= 4): null

25-01-2025T14:49:19 - [TEST_STEP][PASSED] - if (myValue.substring(0, 4) == "(!) "): null

25-01-2025T14:49:19 - [TEST_STEP][PASSED] - myValue = myValue.substring(4): null

25-01-2025T14:49:19 - [TEST_STEP][PASSED] - if (debug): null

25-01-2025T14:49:19 - [TEST_STEP][PASSED] - println("Modified element label is "" + myValue + """): null

25-01-2025T14:49:19 - [TEST_STEP][PASSED] - myObj = convertWebElementToTestObject(element): null

25-01-2025T14:49:19 - [TEST_STEP][PASSED] - myType = element.getAttribute("type"): null

25-01-2025T14:49:19 - [TEST_STEP][PASSED] - if (myValue in varParms[i]): null

25-01-2025T14:49:19 - [TEST_STEP][PASSED] - inList = true: null

25-01-2025T14:49:19 - [TEST_STEP][PASSED] - if (myType == "checkbox"): null

25-01-2025T14:49:19 - [TEST_STEP][PASSED] - myStatus = element.isSelected(): null

25-01-2025T14:49:19 - [TEST_STEP][PASSED] - if (debug): null

25-01-2025T14:49:19 - [TEST_STEP][PASSED] - println("Label " + myValue + " checked status is " + myStatus + " and in list status is " + inList): null

25-01-2025T14:49:19 - [TEST_STEP][PASSED] - if (toggle && myStatus && inList): null

25-01-2025T14:49:19 - [TEST_STEP][PASSED] - if (!(myStatus) && inList || myStatus && !(inList)): null

25-01-2025T14:49:19 - [TEST_STEP][PASSED] - if (debug): null

25-01-2025T14:49:19 - [TEST_STEP][PASSED] - println("Clicking " + myValue): null

25-01-2025T14:49:19 - [TEST_STEP][PASSED] - println("Clicking " + myValue): null

25-01-2025T14:49:19 - [TEST_STEP][PASSED] - click(myObj): null

25-01-2025T14:49:19 - [TEST_STEP][PASSED] - scrollToObject(object): null

25-01-2025T14:49:19 - [TEST_STEP][PASSED] - println("Converting " + object + " to web element"): null

25-01-2025T14:49:19 - [TEST_STEP][PASSED] - element = findWebElement(object, 1): null

25-01-2025T14:49:19 - [TEST_STEP][PASSED] - loc = element.getLocation(): null

25-01-2025T14:49:19 - [TEST_STEP][PASSED] - y = loc.getY(): null

25-01-2025T14:49:19 - [TEST_STEP][PASSED] - println("Y location is " + y): null

25-01-2025T14:49:19 - [TEST_STEP][PASSED] - top = getViewportTopPosition(): Current viewport's top (y) position is 318

25-01-2025T14:49:19 - [MESSAGE][PASSED] - Current viewport's top (y) position is 318

25-01-2025T14:49:19 - [TEST_STEP][PASSED] - println("Viewport top is " + top): null

25-01-2025T14:49:19 - [TEST_STEP][PASSED] - bottom = top + 600: null

25-01-2025T14:49:19 - [TEST_STEP][PASSED] - if (y - top < 150 || bottom - y < 10): null

25-01-2025T14:49:19 - [TEST_STEP][PASSED] - click(object): null

25-01-2025T14:49:19 - [MESSAGE][PASSED] - Object: '' is clicked on

25-01-2025T14:49:19 - [TEST_STEP][PASSED] - myValue = element.getAttribute("value"): null

25-01-2025T14:49:19 - [TEST_STEP][PASSED] - if (debug): null

25-01-2025T14:49:19 - [TEST_STEP][PASSED] - println("Element label is "" + myValue + """): null

25-01-2025T14:49:19 - [TEST_STEP][PASSED] - if (myValue.length() >= 4): null

25-01-2025T14:49:19 - [TEST_STEP][PASSED] - if (myValue.substring(0, 4) == "(!) "): null

25-01-2025T14:49:19 - [TEST_STEP][PASSED] - myObj = convertWebElementToTestObject(element): null

25-01-2025T14:49:19 - [TEST_STEP][PASSED] - myType = element.getAttribute("type"): null

25-01-2025T14:49:19 - [TEST_STEP][PASSED] - if (myValue in varParms[i]): null

25-01-2025T14:49:19 - [TEST_STEP][PASSED] - inList = true: null

25-01-2025T14:49:19 - [TEST_STEP][PASSED] - if (myType == "checkbox"): null

25-01-2025T14:49:19 - [TEST_STEP][PASSED] - myStatus = element.isSelected(): null

25-01-2025T14:49:19 - [TEST_STEP][PASSED] - if (debug): null

25-01-2025T14:49:19 - [TEST_STEP][PASSED] - println("Label " + myValue + " checked status is " + myStatus + " and in list status is " + inList): null

25-01-2025T14:49:19 - [TEST_STEP][PASSED] - if (toggle && myStatus && inList): null

25-01-2025T14:49:19 - [TEST_STEP][PASSED] - if (!(myStatus) && inList || myStatus && !(inList)): null

25-01-2025T14:49:19 - [TEST_STEP][PASSED] - if (debug): null

25-01-2025T14:49:19 - [TEST_STEP][PASSED] - println("Clicking " + myValue): null

25-01-2025T14:49:19 - [TEST_STEP][PASSED] - println("Clicking " + myValue): null

25-01-2025T14:49:19 - [TEST_STEP][PASSED] - click(myObj): null

25-01-2025T14:49:19 - [TEST_STEP][PASSED] - scrollToObject(object): null

25-01-2025T14:49:19 - [TEST_STEP][PASSED] - println("Converting " + object + " to web element"): null

25-01-2025T14:49:19 - [TEST_STEP][PASSED] - element = findWebElement(object, 1): null

25-01-2025T14:49:19 - [TEST_STEP][PASSED] - loc = element.getLocation(): null

25-01-2025T14:49:19 - [TEST_STEP][PASSED] - y = loc.getY(): null

25-01-2025T14:49:19 - [TEST_STEP][PASSED] - println("Y location is " + y): null

25-01-2025T14:49:19 - [TEST_STEP][PASSED] - top = getViewportTopPosition(): Current viewport's top (y) position is 318

25-01-2025T14:49:19 - [MESSAGE][PASSED] - Current viewport's top (y) position is 318

25-01-2025T14:49:19 - [TEST_STEP][PASSED] - println("Viewport top is " + top): null

25-01-2025T14:49:19 - [TEST_STEP][PASSED] - bottom = top + 600: null

25-01-2025T14:49:19 - [TEST_STEP][PASSED] - if (y - top < 150 || bottom - y < 10): null

25-01-2025T14:49:19 - [TEST_STEP][PASSED] - click(object): null

25-01-2025T14:49:19 - [MESSAGE][PASSED] - Object: '' is clicked on

25-01-2025T14:49:19 - [TEST_STEP][PASSED] - myValue = element.getAttribute("value"): null

25-01-2025T14:49:19 - [TEST_STEP][PASSED] - if (debug): null

25-01-2025T14:49:19 - [TEST_STEP][PASSED] - println("Element label is "" + myValue + """): null

25-01-2025T14:49:19 - [TEST_STEP][PASSED] - if (myValue.length() >= 4): null

25-01-2025T14:49:19 - [TEST_STEP][PASSED] - if (myValue.substring(0, 4) == "(!) "): null

25-01-2025T14:49:19 - [TEST_STEP][PASSED] - myObj = convertWebElementToTestObject(element): null

25-01-2025T14:49:19 - [TEST_STEP][PASSED] - myType = element.getAttribute("type"): null

25-01-2025T14:49:19 - [TEST_STEP][PASSED] - if (myValue in varParms[i]): null

25-01-2025T14:49:19 - [TEST_STEP][PASSED] - inList = true: null

25-01-2025T14:49:19 - [TEST_STEP][PASSED] - if (myType == "checkbox"): null

25-01-2025T14:49:19 - [TEST_STEP][PASSED] - myStatus = element.isSelected(): null

25-01-2025T14:49:19 - [TEST_STEP][PASSED] - if (debug): null

25-01-2025T14:49:19 - [TEST_STEP][PASSED] - println("Label " + myValue + " checked status is " + myStatus + " and in list status is " + inList): null

25-01-2025T14:49:19 - [TEST_STEP][PASSED] - if (toggle && myStatus && inList): null

25-01-2025T14:49:19 - [TEST_STEP][PASSED] - if (!(myStatus) && inList || myStatus && !(inList)): null

25-01-2025T14:49:19 - [TEST_STEP][PASSED] - if (debug): null

25-01-2025T14:49:19 - [TEST_STEP][PASSED] - println("Clicking " + myValue): null

25-01-2025T14:49:19 - [TEST_STEP][PASSED] - println("Clicking " + myValue): null

25-01-2025T14:49:19 - [TEST_STEP][PASSED] - click(myObj): null

25-01-2025T14:49:19 - [TEST_STEP][PASSED] - scrollToObject(object): null

25-01-2025T14:49:19 - [TEST_STEP][PASSED] - println("Converting " + object + " to web element"): null

25-01-2025T14:49:19 - [TEST_STEP][PASSED] - element = findWebElement(object, 1): null

25-01-2025T14:49:19 - [TEST_STEP][PASSED] - loc = element.getLocation(): null

25-01-2025T14:49:19 - [TEST_STEP][PASSED] - y = loc.getY(): null

25-01-2025T14:49:19 - [TEST_STEP][PASSED] - println("Y location is " + y): null

25-01-2025T14:49:19 - [TEST_STEP][PASSED] - top = getViewportTopPosition(): Current viewport's top (y) position is 318

25-01-2025T14:49:19 - [MESSAGE][PASSED] - Current viewport's top (y) position is 318

25-01-2025T14:49:19 - [TEST_STEP][PASSED] - println("Viewport top is " + top): null

25-01-2025T14:49:19 - [TEST_STEP][PASSED] - bottom = top + 600: null

25-01-2025T14:49:19 - [TEST_STEP][PASSED] - if (y - top < 150 || bottom - y < 10): null

25-01-2025T14:49:19 - [TEST_STEP][PASSED] - click(object): null

25-01-2025T14:49:19 - [MESSAGE][PASSED] - Object: '' is clicked on

25-01-2025T14:49:19 - [TEST_STEP][PASSED] - if (debug): null

25-01-2025T14:49:19 - [TEST_STEP][PASSED] - println("Desired label is "" + varParms[i] + """): null

25-01-2025T14:49:19 - [TEST_STEP][PASSED] - if (varParms[i].indexOf("Europe") >= 0): null

25-01-2025T14:49:19 - [TEST_STEP][PASSED] - elements = driver.findElements(By.xpath(varXpaths[i])): null

25-01-2025T14:49:19 - [TEST_STEP][PASSED] - element_count = elements.size(): null

25-01-2025T14:49:19 - [TEST_STEP][PASSED] - for (def element : elements): null

25-01-2025T14:49:19 - [TEST_STEP][PASSED] - myValue = element.getAttribute("value"): null

25-01-2025T14:49:19 - [TEST_STEP][PASSED] - if (debug): null

25-01-2025T14:49:19 - [TEST_STEP][PASSED] - println("Element label is "" + myValue + """): null

25-01-2025T14:49:19 - [TEST_STEP][PASSED] - if (myValue.length() >= 4): null

25-01-2025T14:49:19 - [TEST_STEP][PASSED] - if (myValue.substring(0, 4) == "(!) "): null

25-01-2025T14:49:19 - [TEST_STEP][PASSED] - myObj = convertWebElementToTestObject(element): null

25-01-2025T14:49:19 - [TEST_STEP][PASSED] - myType = element.getAttribute("type"): null

25-01-2025T14:49:19 - [TEST_STEP][PASSED] - if (myValue in varParms[i]): null

25-01-2025T14:49:19 - [TEST_STEP][PASSED] - inList = true: null

25-01-2025T14:49:19 - [TEST_STEP][PASSED] - if (myType == "checkbox"): null

25-01-2025T14:49:19 - [TEST_STEP][PASSED] - myStatus = element.isSelected(): null

25-01-2025T14:49:19 - [TEST_STEP][PASSED] - if (debug): null

25-01-2025T14:49:19 - [TEST_STEP][PASSED] - println("Label " + myValue + " checked status is " + myStatus + " and in list status is " + inList): null

25-01-2025T14:49:19 - [TEST_STEP][PASSED] - if (toggle && myStatus && inList): null

25-01-2025T14:49:19 - [TEST_STEP][PASSED] - if (!(myStatus) && inList || myStatus && !(inList)): null

25-01-2025T14:49:19 - [TEST_STEP][PASSED] - if (debug): null

25-01-2025T14:49:19 - [TEST_STEP][PASSED] - println("Clicking " + myValue): null

25-01-2025T14:49:19 - [TEST_STEP][PASSED] - println("Clicking " + myValue): null

25-01-2025T14:49:19 - [TEST_STEP][PASSED] - click(myObj): null

25-01-2025T14:49:19 - [TEST_STEP][PASSED] - scrollToObject(object): null

25-01-2025T14:49:19 - [TEST_STEP][PASSED] - println("Converting " + object + " to web element"): null

25-01-2025T14:49:19 - [TEST_STEP][PASSED] - element = findWebElement(object, 1): null

25-01-2025T14:49:19 - [TEST_STEP][PASSED] - loc = element.getLocation(): null

25-01-2025T14:49:19 - [TEST_STEP][PASSED] - y = loc.getY(): null

25-01-2025T14:49:19 - [TEST_STEP][PASSED] - println("Y location is " + y): null

25-01-2025T14:49:19 - [TEST_STEP][PASSED] - top = getViewportTopPosition(): Current viewport's top (y) position is 318

25-01-2025T14:49:19 - [MESSAGE][PASSED] - Current viewport's top (y) position is 318

25-01-2025T14:49:19 - [TEST_STEP][PASSED] - println("Viewport top is " + top): null

25-01-2025T14:49:19 - [TEST_STEP][PASSED] - bottom = top + 600: null

25-01-2025T14:49:19 - [TEST_STEP][PASSED] - if (y - top < 150 || bottom - y < 10): null

25-01-2025T14:49:19 - [TEST_STEP][PASSED] - click(object): null

25-01-2025T14:49:19 - [MESSAGE][PASSED] - Object: '' is clicked on

25-01-2025T14:49:19 - [TEST_STEP][PASSED] - myValue = element.getAttribute("value"): null

25-01-2025T14:49:19 - [TEST_STEP][PASSED] - if (debug): null

25-01-2025T14:49:19 - [TEST_STEP][PASSED] - println("Element label is "" + myValue + """): null

25-01-2025T14:49:19 - [TEST_STEP][PASSED] - if (myValue.length() >= 4): null

25-01-2025T14:49:19 - [TEST_STEP][PASSED] - if (myValue.substring(0, 4) == "(!) "): null

25-01-2025T14:49:19 - [TEST_STEP][PASSED] - myObj = convertWebElementToTestObject(element): null

25-01-2025T14:49:19 - [TEST_STEP][PASSED] - myType = element.getAttribute("type"): null

25-01-2025T14:49:19 - [TEST_STEP][PASSED] - if (myValue in varParms[i]): null

25-01-2025T14:49:19 - [TEST_STEP][PASSED] - inList = true: null

25-01-2025T14:49:19 - [TEST_STEP][PASSED] - if (myType == "checkbox"): null

25-01-2025T14:49:19 - [TEST_STEP][PASSED] - myStatus = element.isSelected(): null

25-01-2025T14:49:19 - [TEST_STEP][PASSED] - if (debug): null

25-01-2025T14:49:19 - [TEST_STEP][PASSED] - println("Label " + myValue + " checked status is " + myStatus + " and in list status is " + inList): null

25-01-2025T14:49:19 - [TEST_STEP][PASSED] - if (toggle && myStatus && inList): null

25-01-2025T14:49:19 - [TEST_STEP][PASSED] - if (!(myStatus) && inList || myStatus && !(inList)): null

25-01-2025T14:49:19 - [TEST_STEP][PASSED] - if (debug): null

25-01-2025T14:49:19 - [TEST_STEP][PASSED] - println("Clicking " + myValue): null

25-01-2025T14:49:19 - [TEST_STEP][PASSED] - println("Clicking " + myValue): null

25-01-2025T14:49:19 - [TEST_STEP][PASSED] - click(myObj): null

25-01-2025T14:49:19 - [TEST_STEP][PASSED] - scrollToObject(object): null

25-01-2025T14:49:19 - [TEST_STEP][PASSED] - println("Converting " + object + " to web element"): null

25-01-2025T14:49:19 - [TEST_STEP][PASSED] - element = findWebElement(object, 1): null

25-01-2025T14:49:19 - [TEST_STEP][PASSED] - loc = element.getLocation(): null

25-01-2025T14:49:19 - [TEST_STEP][PASSED] - y = loc.getY(): null

25-01-2025T14:49:19 - [TEST_STEP][PASSED] - println("Y location is " + y): null

25-01-2025T14:49:19 - [TEST_STEP][PASSED] - top = getViewportTopPosition(): Current viewport's top (y) position is 318

25-01-2025T14:49:19 - [MESSAGE][PASSED] - Current viewport's top (y) position is 318

25-01-2025T14:49:19 - [TEST_STEP][PASSED] - println("Viewport top is " + top): null

25-01-2025T14:49:19 - [TEST_STEP][PASSED] - bottom = top + 600: null

25-01-2025T14:49:19 - [TEST_STEP][PASSED] - if (y - top < 150 || bottom - y < 10): null

25-01-2025T14:49:19 - [TEST_STEP][PASSED] - click(object): null

25-01-2025T14:49:19 - [MESSAGE][PASSED] - Object: '' is clicked on

25-01-2025T14:49:19 - [TEST_STEP][PASSED] - myValue = element.getAttribute("value"): null

25-01-2025T14:49:19 - [TEST_STEP][PASSED] - if (debug): null

25-01-2025T14:49:19 - [TEST_STEP][PASSED] - println("Element label is "" + myValue + """): null

25-01-2025T14:49:19 - [TEST_STEP][PASSED] - if (myValue.length() >= 4): null

25-01-2025T14:49:19 - [TEST_STEP][PASSED] - if (myValue.substring(0, 4) == "(!) "): null

25-01-2025T14:49:19 - [TEST_STEP][PASSED] - myObj = convertWebElementToTestObject(element): null

25-01-2025T14:49:19 - [TEST_STEP][PASSED] - myType = element.getAttribute("type"): null

25-01-2025T14:49:19 - [TEST_STEP][PASSED] - if (myValue in varParms[i]): null

25-01-2025T14:49:19 - [TEST_STEP][PASSED] - inList = true: null

25-01-2025T14:49:19 - [TEST_STEP][PASSED] - if (myType == "checkbox"): null

25-01-2025T14:49:19 - [TEST_STEP][PASSED] - myStatus = element.isSelected(): null

25-01-2025T14:49:19 - [TEST_STEP][PASSED] - if (debug): null

25-01-2025T14:49:19 - [TEST_STEP][PASSED] - println("Label " + myValue + " checked status is " + myStatus + " and in list status is " + inList): null

25-01-2025T14:49:19 - [TEST_STEP][PASSED] - if (toggle && myStatus && inList): null

25-01-2025T14:49:19 - [TEST_STEP][PASSED] - if (!(myStatus) && inList || myStatus && !(inList)): null

25-01-2025T14:49:19 - [TEST_STEP][PASSED] - if (debug): null

25-01-2025T14:49:19 - [TEST_STEP][PASSED] - println("Clicking " + myValue): null

25-01-2025T14:49:19 - [TEST_STEP][PASSED] - println("Clicking " + myValue): null

25-01-2025T14:49:19 - [TEST_STEP][PASSED] - click(myObj): null

25-01-2025T14:49:19 - [TEST_STEP][PASSED] - scrollToObject(object): null

25-01-2025T14:49:19 - [TEST_STEP][PASSED] - println("Converting " + object + " to web element"): null

25-01-2025T14:49:19 - [TEST_STEP][PASSED] - element = findWebElement(object, 1): null

25-01-2025T14:49:19 - [TEST_STEP][PASSED] - loc = element.getLocation(): null

25-01-2025T14:49:19 - [TEST_STEP][PASSED] - y = loc.getY(): null

25-01-2025T14:49:19 - [TEST_STEP][PASSED] - println("Y location is " + y): null

25-01-2025T14:49:19 - [TEST_STEP][PASSED] - top = getViewportTopPosition(): Current viewport's top (y) position is 318

25-01-2025T14:49:19 - [MESSAGE][PASSED] - Current viewport's top (y) position is 318

25-01-2025T14:49:19 - [TEST_STEP][PASSED] - println("Viewport top is " + top): null

25-01-2025T14:49:19 - [TEST_STEP][PASSED] - bottom = top + 600: null

25-01-2025T14:49:19 - [TEST_STEP][PASSED] - if (y - top < 150 || bottom - y < 10): null

25-01-2025T14:49:19 - [TEST_STEP][PASSED] - click(object): null

25-01-2025T14:49:19 - [MESSAGE][PASSED] - Object: '' is clicked on

25-01-2025T14:49:19 - [TEST_STEP][PASSED] - myValue = element.getAttribute("value"): null

25-01-2025T14:49:19 - [TEST_STEP][PASSED] - if (debug): null

25-01-2025T14:49:19 - [TEST_STEP][PASSED] - println("Element label is "" + myValue + """): null

25-01-2025T14:49:19 - [TEST_STEP][PASSED] - if (myValue.length() >= 4): null

25-01-2025T14:49:19 - [TEST_STEP][PASSED] - if (myValue.substring(0, 4) == "(!) "): null

25-01-2025T14:49:19 - [TEST_STEP][PASSED] - myObj = convertWebElementToTestObject(element): null

25-01-2025T14:49:19 - [TEST_STEP][PASSED] - myType = element.getAttribute("type"): null

25-01-2025T14:49:19 - [TEST_STEP][PASSED] - if (myValue in varParms[i]): null

25-01-2025T14:49:19 - [TEST_STEP][PASSED] - inList = true: null

25-01-2025T14:49:19 - [TEST_STEP][PASSED] - if (myType == "checkbox"): null

25-01-2025T14:49:19 - [TEST_STEP][PASSED] - myStatus = element.isSelected(): null

25-01-2025T14:49:19 - [TEST_STEP][PASSED] - if (debug): null

25-01-2025T14:49:19 - [TEST_STEP][PASSED] - println("Label " + myValue + " checked status is " + myStatus + " and in list status is " + inList): null

25-01-2025T14:49:19 - [TEST_STEP][PASSED] - if (toggle && myStatus && inList): null

25-01-2025T14:49:19 - [TEST_STEP][PASSED] - if (!(myStatus) && inList || myStatus && !(inList)): null

25-01-2025T14:49:19 - [TEST_STEP][PASSED] - if (debug): null

25-01-2025T14:49:19 - [TEST_STEP][PASSED] - println("Clicking " + myValue): null

25-01-2025T14:49:19 - [TEST_STEP][PASSED] - println("Clicking " + myValue): null

25-01-2025T14:49:19 - [TEST_STEP][PASSED] - click(myObj): null

25-01-2025T14:49:19 - [TEST_STEP][PASSED] - scrollToObject(object): null

25-01-2025T14:49:19 - [TEST_STEP][PASSED] - println("Converting " + object + " to web element"): null

25-01-2025T14:49:19 - [TEST_STEP][PASSED] - element = findWebElement(object, 1): null

25-01-2025T14:49:19 - [TEST_STEP][PASSED] - loc = element.getLocation(): null

25-01-2025T14:49:19 - [TEST_STEP][PASSED] - y = loc.getY(): null

25-01-2025T14:49:19 - [TEST_STEP][PASSED] - println("Y location is " + y): null

25-01-2025T14:49:19 - [TEST_STEP][PASSED] - top = getViewportTopPosition(): Current viewport's top (y) position is 318

25-01-2025T14:49:19 - [MESSAGE][PASSED] - Current viewport's top (y) position is 318

25-01-2025T14:49:19 - [TEST_STEP][PASSED] - println("Viewport top is " + top): null

25-01-2025T14:49:19 - [TEST_STEP][PASSED] - bottom = top + 600: null

25-01-2025T14:49:19 - [TEST_STEP][PASSED] - if (y - top < 150 || bottom - y < 10): null

25-01-2025T14:49:19 - [TEST_STEP][PASSED] - click(object): null

25-01-2025T14:49:19 - [MESSAGE][PASSED] - Object: '' is clicked on

25-01-2025T14:49:19 - [TEST_STEP][PASSED] - if (debug): null

25-01-2025T14:49:19 - [TEST_STEP][PASSED] - println("Desired label is "" + varParms[i] + """): null

25-01-2025T14:49:19 - [TEST_STEP][PASSED] - if (varParms[i].indexOf("Europe") >= 0): null

25-01-2025T14:49:19 - [TEST_STEP][PASSED] - elements = driver.findElements(By.xpath(varXpaths[i])): null

25-01-2025T14:49:19 - [TEST_STEP][PASSED] - element_count = elements.size(): null

25-01-2025T14:49:19 - [TEST_STEP][PASSED] - for (def element : elements): null

25-01-2025T14:49:19 - [TEST_STEP][PASSED] - myValue = element.getAttribute("value"): null

25-01-2025T14:49:19 - [TEST_STEP][PASSED] - if (debug): null

25-01-2025T14:49:19 - [TEST_STEP][PASSED] - println("Element label is "" + myValue + """): null

25-01-2025T14:49:19 - [TEST_STEP][PASSED] - if (myValue.length() >= 4): null

25-01-2025T14:49:19 - [TEST_STEP][PASSED] - if (myValue.substring(0, 4) == "(!) "): null

25-01-2025T14:49:19 - [TEST_STEP][PASSED] - myObj = convertWebElementToTestObject(element): null

25-01-2025T14:49:19 - [TEST_STEP][PASSED] - myType = element.getAttribute("type"): null

25-01-2025T14:49:19 - [TEST_STEP][PASSED] - if (myValue in varParms[i]): null

25-01-2025T14:49:19 - [TEST_STEP][PASSED] - else: null

25-01-2025T14:49:19 - [TEST_STEP][PASSED] - inList = false: null

25-01-2025T14:49:19 - [TEST_STEP][PASSED] - if (myType == "checkbox"): null

25-01-2025T14:49:19 - [TEST_STEP][PASSED] - myStatus = element.isSelected(): null

25-01-2025T14:49:19 - [TEST_STEP][PASSED] - if (debug): null

25-01-2025T14:49:19 - [TEST_STEP][PASSED] - println("Label " + myValue + " checked status is " + myStatus + " and in list status is " + inList): null

25-01-2025T14:49:19 - [TEST_STEP][PASSED] - if (toggle && myStatus && inList): null

25-01-2025T14:49:19 - [TEST_STEP][PASSED] - if (!(myStatus) && inList || myStatus && !(inList)): null

25-01-2025T14:49:19 - [TEST_STEP][PASSED] - myValue = element.getAttribute("value"): null

25-01-2025T14:49:19 - [TEST_STEP][PASSED] - if (debug): null

25-01-2025T14:49:19 - [TEST_STEP][PASSED] - println("Element label is "" + myValue + """): null

25-01-2025T14:49:19 - [TEST_STEP][PASSED] - if (myValue.length() >= 4): null

25-01-2025T14:49:19 - [TEST_STEP][PASSED] - if (myValue.substring(0, 4) == "(!) "): null

25-01-2025T14:49:19 - [TEST_STEP][PASSED] - myObj = convertWebElementToTestObject(element): null

25-01-2025T14:49:19 - [TEST_STEP][PASSED] - myType = element.getAttribute("type"): null

25-01-2025T14:49:19 - [TEST_STEP][PASSED] - if (myValue in varParms[i]): null

25-01-2025T14:49:19 - [TEST_STEP][PASSED] - inList = true: null

25-01-2025T14:49:19 - [TEST_STEP][PASSED] - if (myType == "checkbox"): null

25-01-2025T14:49:19 - [TEST_STEP][PASSED] - myStatus = element.isSelected(): null

25-01-2025T14:49:19 - [TEST_STEP][PASSED] - if (debug): null

25-01-2025T14:49:19 - [TEST_STEP][PASSED] - println("Label " + myValue + " checked status is " + myStatus + " and in list status is " + inList): null

25-01-2025T14:49:19 - [TEST_STEP][PASSED] - if (toggle && myStatus && inList): null

25-01-2025T14:49:19 - [TEST_STEP][PASSED] - if (!(myStatus) && inList || myStatus && !(inList)): null

25-01-2025T14:49:19 - [TEST_STEP][PASSED] - if (debug): null

25-01-2025T14:49:19 - [TEST_STEP][PASSED] - println("Clicking " + myValue): null

25-01-2025T14:49:19 - [TEST_STEP][PASSED] - println("Clicking " + myValue): null

25-01-2025T14:49:19 - [TEST_STEP][PASSED] - click(myObj): null

25-01-2025T14:49:19 - [TEST_STEP][PASSED] - scrollToObject(object): null

25-01-2025T14:49:19 - [TEST_STEP][PASSED] - println("Converting " + object + " to web element"): null

25-01-2025T14:49:19 - [TEST_STEP][PASSED] - element = findWebElement(object, 1): null

25-01-2025T14:49:19 - [TEST_STEP][PASSED] - loc = element.getLocation(): null

25-01-2025T14:49:19 - [TEST_STEP][PASSED] - y = loc.getY(): null

25-01-2025T14:49:19 - [TEST_STEP][PASSED] - println("Y location is " + y): null

25-01-2025T14:49:19 - [TEST_STEP][PASSED] - top = getViewportTopPosition(): Current viewport's top (y) position is 318

25-01-2025T14:49:19 - [MESSAGE][PASSED] - Current viewport's top (y) position is 318

25-01-2025T14:49:19 - [TEST_STEP][PASSED] - println("Viewport top is " + top): null

25-01-2025T14:49:19 - [TEST_STEP][PASSED] - bottom = top + 600: null

25-01-2025T14:49:19 - [TEST_STEP][PASSED] - if (y - top < 150 || bottom - y < 10): null

25-01-2025T14:49:19 - [TEST_STEP][PASSED] - click(object): null

25-01-2025T14:49:19 - [MESSAGE][PASSED] - Object: '' is clicked on

25-01-2025T14:49:19 - [TEST_STEP][PASSED] - myValue = element.getAttribute("value"): null

25-01-2025T14:49:19 - [TEST_STEP][PASSED] - if (debug): null

25-01-2025T14:49:19 - [TEST_STEP][PASSED] - println("Element label is "" + myValue + """): null

25-01-2025T14:49:19 - [TEST_STEP][PASSED] - if (myValue.length() >= 4): null

25-01-2025T14:49:19 - [TEST_STEP][PASSED] - if (myValue.substring(0, 4) == "(!) "): null

25-01-2025T14:49:19 - [TEST_STEP][PASSED] - myObj = convertWebElementToTestObject(element): null

25-01-2025T14:49:19 - [TEST_STEP][PASSED] - myType = element.getAttribute("type"): null

25-01-2025T14:49:19 - [TEST_STEP][PASSED] - if (myValue in varParms[i]): null

25-01-2025T14:49:19 - [TEST_STEP][PASSED] - inList = true: null

25-01-2025T14:49:19 - [TEST_STEP][PASSED] - if (myType == "checkbox"): null

25-01-2025T14:49:19 - [TEST_STEP][PASSED] - myStatus = element.isSelected(): null

25-01-2025T14:49:19 - [TEST_STEP][PASSED] - if (debug): null

25-01-2025T14:49:19 - [TEST_STEP][PASSED] - println("Label " + myValue + " checked status is " + myStatus + " and in list status is " + inList): null

25-01-2025T14:49:19 - [TEST_STEP][PASSED] - if (toggle && myStatus && inList): null

25-01-2025T14:49:19 - [TEST_STEP][PASSED] - if (!(myStatus) && inList || myStatus && !(inList)): null

25-01-2025T14:49:19 - [TEST_STEP][PASSED] - if (debug): null

25-01-2025T14:49:19 - [TEST_STEP][PASSED] - println("Clicking " + myValue): null

25-01-2025T14:49:19 - [TEST_STEP][PASSED] - println("Clicking " + myValue): null

25-01-2025T14:49:19 - [TEST_STEP][PASSED] - click(myObj): null

25-01-2025T14:49:19 - [TEST_STEP][PASSED] - scrollToObject(object): null

25-01-2025T14:49:19 - [TEST_STEP][PASSED] - println("Converting " + object + " to web element"): null

25-01-2025T14:49:19 - [TEST_STEP][PASSED] - element = findWebElement(object, 1): null

25-01-2025T14:49:19 - [TEST_STEP][PASSED] - loc = element.getLocation(): null

25-01-2025T14:49:19 - [TEST_STEP][PASSED] - y = loc.getY(): null

25-01-2025T14:49:19 - [TEST_STEP][PASSED] - println("Y location is " + y): null

25-01-2025T14:49:19 - [TEST_STEP][PASSED] - top = getViewportTopPosition(): Current viewport's top (y) position is 318

25-01-2025T14:49:19 - [MESSAGE][PASSED] - Current viewport's top (y) position is 318

25-01-2025T14:49:19 - [TEST_STEP][PASSED] - println("Viewport top is " + top): null

25-01-2025T14:49:19 - [TEST_STEP][PASSED] - bottom = top + 600: null

25-01-2025T14:49:19 - [TEST_STEP][PASSED] - if (y - top < 150 || bottom - y < 10): Delayed 1 second(s)

25-01-2025T14:49:19 - [TEST_STEP][PASSED] - scrollToPosition(0, y - 150): Browser is scrolled to position x = 0, y = 762

25-01-2025T14:49:19 - [MESSAGE][PASSED] - Browser is scrolled to position x = 0, y = 762

25-01-2025T14:49:19 - [TEST_STEP][PASSED] - delay(1): Delayed 1 second(s)

25-01-2025T14:49:20 - [MESSAGE][PASSED] - Delayed 1 second(s)

25-01-2025T14:49:20 - [TEST_STEP][PASSED] - click(object): null

25-01-2025T14:49:20 - [MESSAGE][PASSED] - Object: '' is clicked on

25-01-2025T14:49:20 - [TEST_STEP][PASSED] - myValue = element.getAttribute("value"): null

25-01-2025T14:49:20 - [TEST_STEP][PASSED] - if (debug): null

25-01-2025T14:49:20 - [TEST_STEP][PASSED] - println("Element label is "" + myValue + """): null

25-01-2025T14:49:20 - [TEST_STEP][PASSED] - if (myValue.length() >= 4): null

25-01-2025T14:49:20 - [TEST_STEP][PASSED] - if (myValue.substring(0, 4) == "(!) "): null

25-01-2025T14:49:20 - [TEST_STEP][PASSED] - myValue = myValue.substring(4): null

25-01-2025T14:49:20 - [TEST_STEP][PASSED] - if (debug): null

25-01-2025T14:49:20 - [TEST_STEP][PASSED] - println("Modified element label is "" + myValue + """): null

25-01-2025T14:49:20 - [TEST_STEP][PASSED] - myObj = convertWebElementToTestObject(element): null

25-01-2025T14:49:20 - [TEST_STEP][PASSED] - myType = element.getAttribute("type"): null

25-01-2025T14:49:20 - [TEST_STEP][PASSED] - if (myValue in varParms[i]): null

25-01-2025T14:49:20 - [TEST_STEP][PASSED] - else: null

25-01-2025T14:49:20 - [TEST_STEP][PASSED] - inList = false: null

25-01-2025T14:49:20 - [TEST_STEP][PASSED] - if (myType == "checkbox"): null

25-01-2025T14:49:20 - [TEST_STEP][PASSED] - myStatus = element.isSelected(): null

25-01-2025T14:49:20 - [TEST_STEP][PASSED] - if (debug): null

25-01-2025T14:49:20 - [TEST_STEP][PASSED] - println("Label " + myValue + " checked status is " + myStatus + " and in list status is " + inList): null

25-01-2025T14:49:20 - [TEST_STEP][PASSED] - if (toggle && myStatus && inList): null

25-01-2025T14:49:20 - [TEST_STEP][PASSED] - if (!(myStatus) && inList || myStatus && !(inList)): null

25-01-2025T14:49:20 - [MESSAGE][PASSED] - Call Test Case 'Test Cases/_Functions/Click on Group Elements' successfully

25-01-2025T14:49:20 - [TEST_STEP][PASSED] - object = "Object Repository/Education Partner Profile/Tabs/Readiness/btn_Complete Submit": null

25-01-2025T14:49:20 - [TEST_STEP][PASSED] - callTestCase(findTestCase("_Functions/Perform Action"), ["varAction":"click", "varObject":object], STOP_ON_FAILURE): Call Test Case 'Test Cases/_Functions/Perform Action' successfully

25-01-2025T14:49:21 - [TEST_CASE][PASSED] - Test Cases/_Functions/Perform Action: Test Cases/_Functions/Perform Action

25-01-2025T14:49:21 - [TEST_STEP][PASSED] - action = varAction: null

25-01-2025T14:49:21 - [TEST_STEP][PASSED] - println(action): null

25-01-2025T14:49:21 - [TEST_STEP][PASSED] - testObject = varObject: null

25-01-2025T14:49:21 - [TEST_STEP][PASSED] - println(testObject): null

25-01-2025T14:49:21 - [TEST_STEP][PASSED] - parm1 = varParm1: null

25-01-2025T14:49:21 - [TEST_STEP][PASSED] - println(parm1): null

25-01-2025T14:49:21 - [TEST_STEP][PASSED] - println("Converting " + testObject + " to web element"): null

25-01-2025T14:49:21 - [TEST_STEP][PASSED] - element = findWebElement(findTestObject(testObject), 1): null

25-01-2025T14:49:21 - [TEST_STEP][PASSED] - loc = element.getLocation(): null

25-01-2025T14:49:21 - [TEST_STEP][PASSED] - y = loc.getY(): null

25-01-2025T14:49:21 - [TEST_STEP][PASSED] - println("Y location is " + y): null

25-01-2025T14:49:21 - [TEST_STEP][PASSED] - top = getViewportTopPosition(): Current viewport's top (y) position is 559

25-01-2025T14:49:21 - [MESSAGE][PASSED] - Current viewport's top (y) position is 559

25-01-2025T14:49:21 - [TEST_STEP][PASSED] - println("Viewport top is " + top): null

25-01-2025T14:49:21 - [TEST_STEP][PASSED] - bottom = top + 600: null

25-01-2025T14:49:21 - [TEST_STEP][PASSED] - if (y - top < 150 || bottom - y < 10): null

25-01-2025T14:49:21 - [TEST_STEP][PASSED] - if (action == "click"): Object: 'Object Repository/Education Partner Profile/Tabs/Readiness/btn_Complete Submit' is clicked on

25-01-2025T14:49:21 - [TEST_STEP][PASSED] - println("clicking"): null

25-01-2025T14:49:21 - [TEST_STEP][PASSED] - click(findTestObject(testObject)): Object: 'Object Repository/Education Partner Profile/Tabs/Readiness/btn_Complete Submit' is clicked on

25-01-2025T14:49:23 - [MESSAGE][PASSED] - Object: 'Object Repository/Education Partner Profile/Tabs/Readiness/btn_Complete Submit' is clicked on

25-01-2025T14:49:23 - [MESSAGE][PASSED] - Call Test Case 'Test Cases/_Functions/Perform Action' successfully

25-01-2025T14:49:23 - [MESSAGE][PASSED] - Call Test Case 'Test Cases/Education Partner Profile/Tabs/Set Readiness' successfully

25-01-2025T14:49:23 - [TEST_STEP][PASSED] - if (pages.size() == 0 || "All" in pages || "Match Filters" in pages): Call Test Case 'Test Cases/Education Partner Profile/Tabs/Set Match Filters' successfully

25-01-2025T14:49:23 - [TEST_STEP][PASSED] - degree = ["No"]: null

25-01-2025T14:49:23 - [TEST_STEP][PASSED] - experience = ["Yes"]: null

25-01-2025T14:49:23 - [TEST_STEP][PASSED] - credentials = ["Yes", "No", "Pending"]: null

25-01-2025T14:49:23 - [TEST_STEP][PASSED] - english = ["Not Applicable"]: null

25-01-2025T14:49:23 - [TEST_STEP][PASSED] - travel = ["Some Travel funds available", "Travel funding negotiated"]: null

25-01-2025T14:49:23 - [TEST_STEP][PASSED] - paid_volunteer = ["Volunteer/self-supported position", "Self-supported, need travel and overhead", "Position requires raising your support", "Position requires raising some support"]: null

25-01-2025T14:49:23 - [TEST_STEP][PASSED] - callTestCase(findTestCase("Education Partner Profile/Tabs/Set Match Filters"), ["varDegree":degree, "varExperience":experience, "varCredentials":credentials, "varEnglish":english, "varTravel":travel, "varPaid_volunteer":paid_volunteer], OPTIONAL): Call Test Case 'Test Cases/Education Partner Profile/Tabs/Set Match Filters' successfully

25-01-2025T14:49:23 - [TEST_CASE][PASSED] - Test Cases/Education Partner Profile/Tabs/Set Match Filters: Test Cases/Education Partner Profile/Tabs/Set Match Filters

25-01-2025T14:49:23 - [TEST_STEP][PASSED] - username = username: null

25-01-2025T14:49:23 - [TEST_STEP][PASSED] - if (username != "cktest06ep"): null

25-01-2025T14:49:23 - [TEST_STEP][PASSED] - domain = domain: null

25-01-2025T14:49:23 - [TEST_STEP][PASSED] - writeFile = false: null

25-01-2025T14:49:23 - [TEST_STEP][PASSED] - testName = "Education Partner Match Filters Tab": null

25-01-2025T14:49:23 - [TEST_STEP][PASSED] - outFile = callTestCase(findTestCase("_Functions/Set Output File"), ["varTestName":testName], STOP_ON_FAILURE): Call Test Case 'Test Cases/_Functions/Set Output File' successfully

25-01-2025T14:49:23 - [TEST_CASE][PASSED] - Test Cases/_Functions/Set Output File: Test Cases/_Functions/Set Output File

25-01-2025T14:49:23 - [TEST_STEP][PASSED] - testName = varTestName: null

25-01-2025T14:49:23 - [TEST_STEP][PASSED] - domain = domain: null

25-01-2025T14:49:23 - [TEST_STEP][PASSED] - writeFile = false: null

25-01-2025T14:49:23 - [TEST_STEP][PASSED] - if (outFile != ""): null

25-01-2025T14:49:23 - [TEST_STEP][PASSED] - myFile = outFile: null

25-01-2025T14:49:23 - [TEST_STEP][PASSED] - println(myFile): null

25-01-2025T14:49:23 - [TEST_STEP][PASSED] - outFile = new java.io.File(myFile): null

25-01-2025T14:49:23 - [TEST_STEP][PASSED] - writeFile = true: null

25-01-2025T14:49:23 - [TEST_STEP][PASSED] - if (!(writeFile)): null

25-01-2025T14:49:23 - [TEST_STEP][PASSED] - else: null

25-01-2025T14:49:23 - [TEST_STEP][PASSED] - outFile.append("
Testing " + testName + " on " + domain + ".
"): null

25-01-2025T14:49:23 - [TEST_STEP][PASSED] - return outFile: null

25-01-2025T14:49:23 - [MESSAGE][PASSED] - Call Test Case 'Test Cases/_Functions/Set Output File' successfully

25-01-2025T14:49:23 - [TEST_STEP][PASSED] - parms = [varDegree, varExperience, varCredentials, varEnglish, varTravel, varPaid_volunteer]: null

25-01-2025T14:49:23 - [TEST_STEP][PASSED] - println(parms): null

25-01-2025T14:49:23 - [TEST_STEP][PASSED] - degree = "//input[@id='profile_group-1456436956.575_school_formal_education_degree']": null

25-01-2025T14:49:23 - [TEST_STEP][PASSED] - experience = "//input[@id='profile_group-1456436956.575_school_classroom_experience']": null

25-01-2025T14:49:23 - [TEST_STEP][PASSED] - credentials = "//input[@id='profile_group-1456436956.575_has_teaching_credentials']": null

25-01-2025T14:49:23 - [TEST_STEP][PASSED] - english = "//input[@id='profile_group-1456436956.575_english_skills']": null

25-01-2025T14:49:23 - [TEST_STEP][PASSED] - travel = "//input[@id='profile_group-1456436956.575_travel_support']": null

25-01-2025T14:49:23 - [TEST_STEP][PASSED] - paid_volunteer = "//input[@id='profile_group-1456436956.575_financial_support']": null

25-01-2025T14:49:23 - [TEST_STEP][PASSED] - xpaths = [degree, experience, credentials, english, travel, paid_volunteer]: null

25-01-2025T14:49:23 - [TEST_STEP][PASSED] - tooltipImagePath = "/Users/cckozie/git/MissionNext-Katalon-Koz/images/education partner/tabs/match filters/": null

25-01-2025T14:49:23 - [TEST_STEP][PASSED] - testObjectFolder = "Education Partner Profile/Tabs/Match Filters/": null

25-01-2025T14:49:23 - [TEST_STEP][PASSED] - tooltips = ["dummy":"dummy", "Formal Education Degree":"img_Formal Education Degree_field-tooltip", "Classroom Experience":"img_Classroom Experience_field-tooltip", ... ]: null

25-01-2025T14:49:23 - [TEST_STEP][PASSED] - tooltipText = ["Formal Education Degree":"No will match all candidates", "Classroom Experience":"No will match all candidates.", "Formal Teaching Credentials":"No will match all candidates. ", ... ]: null

25-01-2025T14:49:23 - [TEST_STEP][PASSED] - requiredFieldMsgs = ["Formal Education Degree":"The school formal education degree field is required.", "Classroom Experience":"The school classroom experience field is required.", ... ]: null

25-01-2025T14:49:23 - [TEST_STEP][PASSED] - click(findTestObject("Object Repository/Education Partner Profile/Tabs/a_Match Filters")): Object: 'Object Repository/Education Partner Profile/Tabs/a_Match Filters' is clicked on

25-01-2025T14:49:23 - [MESSAGE][PASSED] - Object: 'Object Repository/Education Partner Profile/Tabs/a_Match Filters' is clicked on

25-01-2025T14:49:23 - [TEST_STEP][PASSED] - tooltipTextMap = callTestCase(findTestCase("_Functions/Get Screenshot and Tooltip Text"), ["varExtension":"Match Filters Tab"], STOP_ON_FAILURE): Call Test Case 'Test Cases/_Functions/Get Screenshot and Tooltip Text' successfully

25-01-2025T14:49:23 - [TEST_CASE][PASSED] - Test Cases/_Functions/Get Screenshot and Tooltip Text: Test Cases/_Functions/Get Screenshot and Tooltip Text

25-01-2025T14:49:23 - [TEST_STEP][PASSED] - driver = getWebDriver(): null

25-01-2025T14:49:23 - [TEST_STEP][PASSED] - frame = new javax.swing.JFrame(): null

25-01-2025T14:49:23 - [TEST_STEP][PASSED] - p = new javax.swing.JPanel(): null

25-01-2025T14:49:23 - [TEST_STEP][PASSED] - l = new javax.swing.JLabel(LOADING ..., javax.swing.SwingConstants.CENTER): null

25-01-2025T14:49:23 - [TEST_STEP][PASSED] - frame.add(l): null

25-01-2025T14:49:23 - [TEST_STEP][PASSED] - frame.setSize(300, 100): null

25-01-2025T14:49:23 - [TEST_STEP][PASSED] - frame.setLocation(600, 0): null

25-01-2025T14:49:23 - [TEST_STEP][PASSED] - frame.setAlwaysOnTop(true): null

25-01-2025T14:49:23 - [TEST_STEP][PASSED] - frame.show(): null

25-01-2025T14:49:23 - [TEST_STEP][PASSED] - if (verifyTextPresent("Partnership Application", false, OPTIONAL)): Text 'Positions Needed' is present on page 

25-01-2025T14:49:23 - [MESSAGE][WARNING] - Text 'Partnership Application' is not present on page  (Root cause: com.kms.katalon.core.exception.StepFailedException: Text 'Partnership Application' is not present on page 
	at com.kms.katalon.core.webui.keyword.internal.WebUIKeywordMain.stepFailed(WebUIKeywordMain.groovy:117)
	at com.kms.katalon.core.webui.keyword.builtin.VerifyTextPresentKeyword$_verifyTextPresent_closure1.doCall(VerifyTextPresentKeyword.groovy:79)
	at com.kms.katalon.core.webui.keyword.builtin.VerifyTextPresentKeyword$_verifyTextPresent_closure1.call(VerifyTextPresentKeyword.groovy)
	at com.kms.katalon.core.webui.keyword.internal.WebUIKeywordMain.runKeyword(WebUIKeywordMain.groovy:35)
	at com.kms.katalon.core.webui.keyword.builtin.VerifyTextPresentKeyword.verifyTextPresent(VerifyTextPresentKeyword.groovy:83)
	at com.kms.katalon.core.webui.keyword.builtin.VerifyTextPresentKeyword.execute(VerifyTextPresentKeyword.groovy:68)
	at com.kms.katalon.core.keyword.internal.KeywordExecutor.executeKeywordForPlatform(KeywordExecutor.groovy:74)
	at com.kms.katalon.core.webui.keyword.WebUiBuiltInKeywords.verifyTextPresent(WebUiBuiltInKeywords.groovy:1746)
	at Get Screenshot and Tooltip Text.run(Get Screenshot and Tooltip Text:51)
	at com.kms.katalon.core.main.ScriptEngine.run(ScriptEngine.java:194)
	at com.kms.katalon.core.main.ScriptEngine.runScriptAsRawText(ScriptEngine.java:119)
	at com.kms.katalon.core.main.TestCaseExecutor.runScript(TestCaseExecutor.java:448)
	at com.kms.katalon.core.main.TestCaseExecutor.doExecute(TestCaseExecutor.java:439)
	at com.kms.katalon.core.main.TestCaseExecutor.processExecutionPhase(TestCaseExecutor.java:418)
	at com.kms.katalon.core.main.TestCaseExecutor.accessMainPhase(TestCaseExecutor.java:410)
	at com.kms.katalon.core.main.TestCaseExecutor.execute(TestCaseExecutor.java:285)
	at com.kms.katalon.core.main.TestCaseMain.runTestCase(TestCaseMain.java:137)
	at com.kms.katalon.core.keyword.builtin.CallTestCaseKeyword$_callTestCase_closure1.doCall(CallTestCaseKeyword.groovy:59)
	at com.kms.katalon.core.keyword.builtin.CallTestCaseKeyword$_callTestCase_closure1.call(CallTestCaseKeyword.groovy)
	at com.kms.katalon.core.keyword.internal.KeywordMain.runKeyword(KeywordMain.groovy:75)
	at com.kms.katalon.core.keyword.builtin.CallTestCaseKeyword.callTestCase(CallTestCaseKeyword.groovy:81)
	at com.kms.katalon.core.keyword.builtin.CallTestCaseKeyword.execute(CallTestCaseKeyword.groovy:44)
	at com.kms.katalon.core.keyword.internal.KeywordExecutor.executeKeywordForPlatform(KeywordExecutor.groovy:74)
	at com.kms.katalon.core.keyword.BuiltinKeywords.callTestCase(BuiltinKeywords.groovy:310)
	at jdk.internal.reflect.GeneratedMethodAccessor30.invoke(Unknown Source)
	at java.base/jdk.internal.reflect.DelegatingMethodAccessorImpl.invoke(DelegatingMethodAccessorImpl.java:43)
	at Set Match Filters.run(Set Match Filters:112)
	at com.kms.katalon.core.main.ScriptEngine.run(ScriptEngine.java:194)
	at com.kms.katalon.core.main.ScriptEngine.runScriptAsRawText(ScriptEngine.java:119)
	at com.kms.katalon.core.main.TestCaseExecutor.runScript(TestCaseExecutor.java:448)
	at com.kms.katalon.core.main.TestCaseExecutor.doExecute(TestCaseExecutor.java:439)
	at com.kms.katalon.core.main.TestCaseExecutor.processExecutionPhase(TestCaseExecutor.java:418)
	at com.kms.katalon.core.main.TestCaseExecutor.accessMainPhase(TestCaseExecutor.java:410)
	at com.kms.katalon.core.main.TestCaseExecutor.execute(TestCaseExecutor.java:285)
	at com.kms.katalon.core.main.TestCaseMain.runTestCase(TestCaseMain.java:137)
	at com.kms.katalon.core.keyword.builtin.CallTestCaseKeyword$_callTestCase_closure1.doCall(CallTestCaseKeyword.groovy:59)
	at com.kms.katalon.core.keyword.builtin.CallTestCaseKeyword$_callTestCase_closure1.call(CallTestCaseKeyword.groovy)
	at com.kms.katalon.core.keyword.internal.KeywordMain.runKeyword(KeywordMain.groovy:75)
	at com.kms.katalon.core.keyword.builtin.CallTestCaseKeyword.callTestCase(CallTestCaseKeyword.groovy:81)
	at com.kms.katalon.core.keyword.builtin.CallTestCaseKeyword.execute(CallTestCaseKeyword.groovy:44)
	at com.kms.katalon.core.keyword.internal.KeywordExecutor.executeKeywordForPlatform(KeywordExecutor.groovy:74)
	at com.kms.katalon.core.keyword.BuiltinKeywords.callTestCase(BuiltinKeywords.groovy:310)
	at jdk.internal.reflect.GeneratedMethodAccessor30.invoke(Unknown Source)
	at java.base/jdk.internal.reflect.DelegatingMethodAccessorImpl.invoke(DelegatingMethodAccessorImpl.java:43)
	at Complete Education Partner Profile.run(Complete Education Partner Profile:201)
	at com.kms.katalon.core.main.ScriptEngine.run(ScriptEngine.java:194)
	at com.kms.katalon.core.main.ScriptEngine.runScriptAsRawText(ScriptEngine.java:119)
	at com.kms.katalon.core.main.TestCaseExecutor.runScript(TestCaseExecutor.java:448)
	at com.kms.katalon.core.main.TestCaseExecutor.doExecute(TestCaseExecutor.java:439)
	at com.kms.katalon.core.main.TestCaseExecutor.processExecutionPhase(TestCaseExecutor.java:418)
	at com.kms.katalon.core.main.TestCaseExecutor.accessMainPhase(TestCaseExecutor.java:410)
	at com.kms.katalon.core.main.TestCaseExecutor.execute(TestCaseExecutor.java:285)
	at com.kms.katalon.core.main.TestCaseMain.runTestCase(TestCaseMain.java:137)
	at com.kms.katalon.core.keyword.builtin.CallTestCaseKeyword$_callTestCase_closure1.doCall(CallTestCaseKeyword.groovy:59)
	at com.kms.katalon.core.keyword.builtin.CallTestCaseKeyword$_callTestCase_closure1.call(CallTestCaseKeyword.groovy)
	at com.kms.katalon.core.keyword.internal.KeywordMain.runKeyword(KeywordMain.groovy:75)
	at com.kms.katalon.core.keyword.builtin.CallTestCaseKeyword.callTestCase(CallTestCaseKeyword.groovy:81)
	at com.kms.katalon.core.keyword.builtin.CallTestCaseKeyword.execute(CallTestCaseKeyword.groovy:44)
	at com.kms.katalon.core.keyword.internal.KeywordExecutor.executeKeywordForPlatform(KeywordExecutor.groovy:74)
	at com.kms.katalon.core.keyword.BuiltinKeywords.callTestCase(BuiltinKeywords.groovy:310)
	at jdk.internal.reflect.GeneratedMethodAccessor30.invoke(Unknown Source)
	at java.base/jdk.internal.reflect.DelegatingMethodAccessorImpl.invoke(DelegatingMethodAccessorImpl.java:43)
	at Register Education Partner.run(Register Education Partner:401)
	at com.kms.katalon.core.main.ScriptEngine.run(ScriptEngine.java:194)
	at com.kms.katalon.core.main.ScriptEngine.runScriptAsRawText(ScriptEngine.java:119)
	at com.kms.katalon.core.main.TestCaseExecutor.runScript(TestCaseExecutor.java:448)
	at com.kms.katalon.core.main.TestCaseExecutor.doExecute(TestCaseExecutor.java:439)
	at com.kms.katalon.core.main.TestCaseExecutor.processExecutionPhase(TestCaseExecutor.java:418)
	at com.kms.katalon.core.main.TestCaseExecutor.accessMainPhase(TestCaseExecutor.java:410)
	at com.kms.katalon.core.main.TestCaseExecutor.execute(TestCaseExecutor.java:285)
	at com.kms.katalon.core.common.CommonExecutor.accessTestCaseMainPhase(CommonExecutor.java:65)
	at com.kms.katalon.core.main.TestSuiteExecutor.accessTestSuiteMainPhase(TestSuiteExecutor.java:150)
	at com.kms.katalon.core.main.TestSuiteExecutor.execute(TestSuiteExecutor.java:106)
	at com.kms.katalon.core.main.TestCaseMain.startTestSuite(TestCaseMain.java:180)
	at TempTestSuite1737837875715.run(TempTestSuite1737837875715.groovy:35)
	at java.base/jdk.internal.reflect.NativeMethodAccessorImpl.invoke0(Native Method)
	at java.base/jdk.internal.reflect.NativeMethodAccessorImpl.invoke(NativeMethodAccessorImpl.java:77)
	at java.base/jdk.internal.reflect.DelegatingMethodAccessorImpl.invoke(DelegatingMethodAccessorImpl.java:43)
)

25-01-2025T14:49:23 - [MESSAGE][PASSED] - Text 'Positions Needed' is present on page 

25-01-2025T14:49:23 - [TEST_STEP][PASSED] - else if (verifyTextPresent("Positions Needed", false, OPTIONAL)): null

25-01-2025T14:49:23 - [TEST_STEP][PASSED] - user = "Partner": null

25-01-2025T14:49:23 - [TEST_STEP][PASSED] - println("User type is " + user): null

25-01-2025T14:49:23 - [TEST_STEP][PASSED] - path = "/Users/cckozie/Documents/MissionNext/Screenshots and Tooltip Text/": null

25-01-2025T14:49:23 - [TEST_STEP][PASSED] - if (binding.hasVariable("varExtension")): null

25-01-2025T14:49:23 - [TEST_STEP][PASSED] - extension = "_" + varExtension: null

25-01-2025T14:49:23 - [TEST_STEP][PASSED] - println("Extension is " + extension): null

25-01-2025T14:49:23 - [TEST_STEP][PASSED] - title = getWindowTitle() + extension: Current window's title is: 'Education'

25-01-2025T14:49:23 - [MESSAGE][PASSED] - Current window's title is: 'Education'

25-01-2025T14:49:23 - [TEST_STEP][PASSED] - title = title.replace("/", "_"): null

25-01-2025T14:49:23 - [TEST_STEP][PASSED] - fileBase = path + user + "_" + title: null

25-01-2025T14:49:23 - [TEST_STEP][PASSED] - fileImage = fileBase + "_Screenshot.png": null

25-01-2025T14:49:23 - [TEST_STEP][PASSED] - waitForPageLoad(30): Wait for page load successfully

25-01-2025T14:49:23 - [MESSAGE][PASSED] - Wait for page load successfully

25-01-2025T14:49:23 - [TEST_STEP][PASSED] - spinner = driver.findElement(By.xpath("/html/body/div[1]/div/div[2]")): null

25-01-2025T14:49:23 - [TEST_STEP][PASSED] - executor = driver: null

25-01-2025T14:49:23 - [TEST_STEP][PASSED] - elementAttributes = executor.executeScript("var items = {}; for (index = 0; index < arguments[0].attributes.length; ++index) { items[arguments[0].attributes[index].name] = arguments[0].attributes[index].value }; return items;", spinner): null

25-01-2025T14:49:23 - [TEST_STEP][PASSED] - attrs = elementAttributes.toString(): null

25-01-2025T14:49:23 - [TEST_STEP][PASSED] - waits = 0: null

25-01-2025T14:49:23 - [TEST_STEP][PASSED] - while (attrs.indexOf("display: none") < 0 && waits < 2): null

25-01-2025T14:49:23 - [TEST_STEP][PASSED] - delay(1): Delayed 1 second(s)

25-01-2025T14:49:24 - [MESSAGE][PASSED] - Delayed 1 second(s)

25-01-2025T14:49:24 - [TEST_STEP][PASSED] - attrs = elementAttributes.toString(): null

25-01-2025T14:49:24 - [TEST_STEP][PASSED] - (waits++): null

25-01-2025T14:49:24 - [TEST_STEP][PASSED] - delay(1): Delayed 1 second(s)

25-01-2025T14:49:25 - [MESSAGE][PASSED] - Delayed 1 second(s)

25-01-2025T14:49:25 - [TEST_STEP][PASSED] - attrs = elementAttributes.toString(): null

25-01-2025T14:49:25 - [TEST_STEP][PASSED] - (waits++): null

25-01-2025T14:49:25 - [TEST_STEP][PASSED] - tooltipMap = callTestCase(findTestCase("_Functions/Get Tooltip Text"), [:], STOP_ON_FAILURE): Call Test Case 'Test Cases/_Functions/Get Tooltip Text' successfully

25-01-2025T14:49:25 - [TEST_CASE][PASSED] - Test Cases/_Functions/Get Tooltip Text: Test Cases/_Functions/Get Tooltip Text

25-01-2025T14:49:25 - [TEST_STEP][PASSED] - fieldTooltips = [:]: null

25-01-2025T14:49:25 - [TEST_STEP][PASSED] - tooltipMap = [:]: null

25-01-2025T14:49:25 - [TEST_STEP][PASSED] - driver = getWebDriver(): null

25-01-2025T14:49:25 - [TEST_STEP][PASSED] - tooltips = driver.findElements(By.className("field-tooltip")): null

25-01-2025T14:49:25 - [TEST_STEP][PASSED] - for (def it : tooltips): null

25-01-2025T14:49:25 - [TEST_STEP][PASSED] - if (it.isDisplayed()): null

25-01-2025T14:49:25 - [TEST_STEP][PASSED] - if (it.isDisplayed()): null

25-01-2025T14:49:25 - [TEST_STEP][PASSED] - if (it.isDisplayed()): null

25-01-2025T14:49:25 - [TEST_STEP][PASSED] - if (it.isDisplayed()): null

25-01-2025T14:49:25 - [TEST_STEP][PASSED] - if (it.isDisplayed()): null

25-01-2025T14:49:25 - [TEST_STEP][PASSED] - if (it.isDisplayed()): null

25-01-2025T14:49:25 - [TEST_STEP][PASSED] - if (it.isDisplayed()): null

25-01-2025T14:49:25 - [TEST_STEP][PASSED] - if (it.isDisplayed()): null

25-01-2025T14:49:25 - [TEST_STEP][PASSED] - if (it.isDisplayed()): null

25-01-2025T14:49:25 - [TEST_STEP][PASSED] - if (it.isDisplayed()): null

25-01-2025T14:49:25 - [TEST_STEP][PASSED] - if (it.isDisplayed()): null

25-01-2025T14:49:25 - [TEST_STEP][PASSED] - if (it.isDisplayed()): null

25-01-2025T14:49:25 - [TEST_STEP][PASSED] - if (it.isDisplayed()): null

25-01-2025T14:49:25 - [TEST_STEP][PASSED] - if (it.isDisplayed()): null

25-01-2025T14:49:25 - [TEST_STEP][PASSED] - if (it.isDisplayed()): null

25-01-2025T14:49:25 - [TEST_STEP][PASSED] - if (it.isDisplayed()): null

25-01-2025T14:49:25 - [TEST_STEP][PASSED] - if (it.isDisplayed()): null

25-01-2025T14:49:25 - [TEST_STEP][PASSED] - if (it.isDisplayed()): null

25-01-2025T14:49:25 - [TEST_STEP][PASSED] - if (it.isDisplayed()): null

25-01-2025T14:49:25 - [TEST_STEP][PASSED] - if (it.isDisplayed()): null

25-01-2025T14:49:25 - [TEST_STEP][PASSED] - if (it.isDisplayed()): null

25-01-2025T14:49:25 - [TEST_STEP][PASSED] - if (it.isDisplayed()): null

25-01-2025T14:49:25 - [TEST_STEP][PASSED] - ttText = it.getAttribute("data-original-title"): null

25-01-2025T14:49:25 - [TEST_STEP][PASSED] - ttLocation = it.getLocation(): null

25-01-2025T14:49:25 - [TEST_STEP][PASSED] - yLocation = ttLocation.getY(): null

25-01-2025T14:49:25 - [TEST_STEP][PASSED] - xLocation = ttLocation.getX(): null

25-01-2025T14:49:25 - [TEST_STEP][PASSED] - fieldTooltips.put(ttText, yLocation): null

25-01-2025T14:49:25 - [TEST_STEP][PASSED] - if (it.isDisplayed()): null

25-01-2025T14:49:25 - [TEST_STEP][PASSED] - ttText = it.getAttribute("data-original-title"): null

25-01-2025T14:49:25 - [TEST_STEP][PASSED] - ttLocation = it.getLocation(): null

25-01-2025T14:49:25 - [TEST_STEP][PASSED] - yLocation = ttLocation.getY(): null

25-01-2025T14:49:25 - [TEST_STEP][PASSED] - xLocation = ttLocation.getX(): null

25-01-2025T14:49:25 - [TEST_STEP][PASSED] - fieldTooltips.put(ttText, yLocation): null

25-01-2025T14:49:25 - [TEST_STEP][PASSED] - if (it.isDisplayed()): null

25-01-2025T14:49:25 - [TEST_STEP][PASSED] - ttText = it.getAttribute("data-original-title"): null

25-01-2025T14:49:25 - [TEST_STEP][PASSED] - ttLocation = it.getLocation(): null

25-01-2025T14:49:25 - [TEST_STEP][PASSED] - yLocation = ttLocation.getY(): null

25-01-2025T14:49:25 - [TEST_STEP][PASSED] - xLocation = ttLocation.getX(): null

25-01-2025T14:49:25 - [TEST_STEP][PASSED] - fieldTooltips.put(ttText, yLocation): null

25-01-2025T14:49:25 - [TEST_STEP][PASSED] - if (it.isDisplayed()): null

25-01-2025T14:49:25 - [TEST_STEP][PASSED] - ttText = it.getAttribute("data-original-title"): null

25-01-2025T14:49:25 - [TEST_STEP][PASSED] - ttLocation = it.getLocation(): null

25-01-2025T14:49:25 - [TEST_STEP][PASSED] - yLocation = ttLocation.getY(): null

25-01-2025T14:49:25 - [TEST_STEP][PASSED] - xLocation = ttLocation.getX(): null

25-01-2025T14:49:25 - [TEST_STEP][PASSED] - fieldTooltips.put(ttText, yLocation): null

25-01-2025T14:49:25 - [TEST_STEP][PASSED] - if (it.isDisplayed()): null

25-01-2025T14:49:25 - [TEST_STEP][PASSED] - ttText = it.getAttribute("data-original-title"): null

25-01-2025T14:49:25 - [TEST_STEP][PASSED] - ttLocation = it.getLocation(): null

25-01-2025T14:49:25 - [TEST_STEP][PASSED] - yLocation = ttLocation.getY(): null

25-01-2025T14:49:25 - [TEST_STEP][PASSED] - xLocation = ttLocation.getX(): null

25-01-2025T14:49:25 - [TEST_STEP][PASSED] - fieldTooltips.put(ttText, yLocation): null

25-01-2025T14:49:25 - [TEST_STEP][PASSED] - if (it.isDisplayed()): null

25-01-2025T14:49:25 - [TEST_STEP][PASSED] - ttText = it.getAttribute("data-original-title"): null

25-01-2025T14:49:25 - [TEST_STEP][PASSED] - ttLocation = it.getLocation(): null

25-01-2025T14:49:25 - [TEST_STEP][PASSED] - yLocation = ttLocation.getY(): null

25-01-2025T14:49:25 - [TEST_STEP][PASSED] - xLocation = ttLocation.getX(): null

25-01-2025T14:49:25 - [TEST_STEP][PASSED] - fieldTooltips.put(ttText, yLocation): null

25-01-2025T14:49:25 - [TEST_STEP][PASSED] - if (it.isDisplayed()): null

25-01-2025T14:49:25 - [TEST_STEP][PASSED] - if (fieldTooltips.size() > 0): null

25-01-2025T14:49:25 - [TEST_STEP][PASSED] - rightBorder = xLocation: null

25-01-2025T14:49:25 - [TEST_STEP][PASSED] - fieldLabels = [:]: null

25-01-2025T14:49:25 - [TEST_STEP][PASSED] - labels = driver.findElements(By.xpath("//label")): null

25-01-2025T14:49:25 - [TEST_STEP][PASSED] - labels.each({ -> ... }): null

25-01-2025T14:49:26 - [TEST_STEP][PASSED] - for (def label : fieldLabels): null

25-01-2025T14:49:26 - [TEST_STEP][PASSED] - y = value: null

25-01-2025T14:49:26 - [TEST_STEP][PASSED] - for (def tooltip : fieldTooltips): null

25-01-2025T14:49:26 - [TEST_STEP][PASSED] - if (value == y || value == y + 1 || value == y - 1): null

25-01-2025T14:49:26 - [TEST_STEP][PASSED] - if (value == y || value == y + 1 || value == y - 1): null

25-01-2025T14:49:26 - [TEST_STEP][PASSED] - if (value == y || value == y + 1 || value == y - 1): null

25-01-2025T14:49:26 - [TEST_STEP][PASSED] - if (value == y || value == y + 1 || value == y - 1): null

25-01-2025T14:49:26 - [TEST_STEP][PASSED] - if (value == y || value == y + 1 || value == y - 1): null

25-01-2025T14:49:26 - [TEST_STEP][PASSED] - if (value == y || value == y + 1 || value == y - 1): null

25-01-2025T14:49:26 - [TEST_STEP][PASSED] - y = value: null

25-01-2025T14:49:26 - [TEST_STEP][PASSED] - for (def tooltip : fieldTooltips): null

25-01-2025T14:49:26 - [TEST_STEP][PASSED] - if (value == y || value == y + 1 || value == y - 1): null

25-01-2025T14:49:26 - [TEST_STEP][PASSED] - tooltipMap.put(key, key): null

25-01-2025T14:49:26 - [TEST_STEP][PASSED] - break: null

25-01-2025T14:49:26 - [TEST_STEP][PASSED] - y = value: null

25-01-2025T14:49:26 - [TEST_STEP][PASSED] - for (def tooltip : fieldTooltips): null

25-01-2025T14:49:26 - [TEST_STEP][PASSED] - if (value == y || value == y + 1 || value == y - 1): null

25-01-2025T14:49:26 - [TEST_STEP][PASSED] - if (value == y || value == y + 1 || value == y - 1): null

25-01-2025T14:49:26 - [TEST_STEP][PASSED] - tooltipMap.put(key, key): null

25-01-2025T14:49:26 - [TEST_STEP][PASSED] - break: null

25-01-2025T14:49:26 - [TEST_STEP][PASSED] - y = value: null

25-01-2025T14:49:26 - [TEST_STEP][PASSED] - for (def tooltip : fieldTooltips): null

25-01-2025T14:49:26 - [TEST_STEP][PASSED] - if (value == y || value == y + 1 || value == y - 1): null

25-01-2025T14:49:26 - [TEST_STEP][PASSED] - if (value == y || value == y + 1 || value == y - 1): null

25-01-2025T14:49:26 - [TEST_STEP][PASSED] - if (value == y || value == y + 1 || value == y - 1): null

25-01-2025T14:49:26 - [TEST_STEP][PASSED] - tooltipMap.put(key, key): null

25-01-2025T14:49:26 - [TEST_STEP][PASSED] - break: null

25-01-2025T14:49:26 - [TEST_STEP][PASSED] - y = value: null

25-01-2025T14:49:26 - [TEST_STEP][PASSED] - for (def tooltip : fieldTooltips): null

25-01-2025T14:49:26 - [TEST_STEP][PASSED] - if (value == y || value == y + 1 || value == y - 1): null

25-01-2025T14:49:26 - [TEST_STEP][PASSED] - if (value == y || value == y + 1 || value == y - 1): null

25-01-2025T14:49:26 - [TEST_STEP][PASSED] - if (value == y || value == y + 1 || value == y - 1): null

25-01-2025T14:49:26 - [TEST_STEP][PASSED] - if (value == y || value == y + 1 || value == y - 1): null

25-01-2025T14:49:26 - [TEST_STEP][PASSED] - tooltipMap.put(key, key): null

25-01-2025T14:49:26 - [TEST_STEP][PASSED] - break: null

25-01-2025T14:49:26 - [TEST_STEP][PASSED] - y = value: null

25-01-2025T14:49:26 - [TEST_STEP][PASSED] - for (def tooltip : fieldTooltips): null

25-01-2025T14:49:26 - [TEST_STEP][PASSED] - if (value == y || value == y + 1 || value == y - 1): null

25-01-2025T14:49:26 - [TEST_STEP][PASSED] - if (value == y || value == y + 1 || value == y - 1): null

25-01-2025T14:49:26 - [TEST_STEP][PASSED] - if (value == y || value == y + 1 || value == y - 1): null

25-01-2025T14:49:26 - [TEST_STEP][PASSED] - if (value == y || value == y + 1 || value == y - 1): null

25-01-2025T14:49:26 - [TEST_STEP][PASSED] - if (value == y || value == y + 1 || value == y - 1): null

25-01-2025T14:49:26 - [TEST_STEP][PASSED] - tooltipMap.put(key, key): null

25-01-2025T14:49:26 - [TEST_STEP][PASSED] - break: null

25-01-2025T14:49:26 - [TEST_STEP][PASSED] - y = value: null

25-01-2025T14:49:26 - [TEST_STEP][PASSED] - for (def tooltip : fieldTooltips): null

25-01-2025T14:49:26 - [TEST_STEP][PASSED] - if (value == y || value == y + 1 || value == y - 1): null

25-01-2025T14:49:26 - [TEST_STEP][PASSED] - if (value == y || value == y + 1 || value == y - 1): null

25-01-2025T14:49:26 - [TEST_STEP][PASSED] - if (value == y || value == y + 1 || value == y - 1): null

25-01-2025T14:49:26 - [TEST_STEP][PASSED] - if (value == y || value == y + 1 || value == y - 1): null

25-01-2025T14:49:26 - [TEST_STEP][PASSED] - if (value == y || value == y + 1 || value == y - 1): null

25-01-2025T14:49:26 - [TEST_STEP][PASSED] - if (value == y || value == y + 1 || value == y - 1): null

25-01-2025T14:49:26 - [TEST_STEP][PASSED] - y = value: null

25-01-2025T14:49:26 - [TEST_STEP][PASSED] - for (def tooltip : fieldTooltips): null

25-01-2025T14:49:26 - [TEST_STEP][PASSED] - if (value == y || value == y + 1 || value == y - 1): null

25-01-2025T14:49:26 - [TEST_STEP][PASSED] - if (value == y || value == y + 1 || value == y - 1): null

25-01-2025T14:49:26 - [TEST_STEP][PASSED] - if (value == y || value == y + 1 || value == y - 1): null

25-01-2025T14:49:26 - [TEST_STEP][PASSED] - if (value == y || value == y + 1 || value == y - 1): null

25-01-2025T14:49:26 - [TEST_STEP][PASSED] - if (value == y || value == y + 1 || value == y - 1): null

25-01-2025T14:49:26 - [TEST_STEP][PASSED] - if (value == y || value == y + 1 || value == y - 1): null

25-01-2025T14:49:26 - [TEST_STEP][PASSED] - tooltipMap.put(key, key): null

25-01-2025T14:49:26 - [TEST_STEP][PASSED] - break: null

25-01-2025T14:49:26 - [TEST_STEP][PASSED] - return tooltipMap: null

25-01-2025T14:49:26 - [MESSAGE][PASSED] - Call Test Case 'Test Cases/_Functions/Get Tooltip Text' successfully

25-01-2025T14:49:26 - [TEST_STEP][PASSED] - if (tooltipMap.size() > 0): null

25-01-2025T14:49:26 - [TEST_STEP][PASSED] - file = fileBase + "_Tooltips.csv": null

25-01-2025T14:49:26 - [TEST_STEP][PASSED] - outText = "FIELD LABEL" + "," + "TOOLTIP TEXT" + "

": null

25-01-2025T14:49:26 - [TEST_STEP][PASSED] - for (def it : tooltipMap): null

25-01-2025T14:49:26 - [TEST_STEP][PASSED] - name = key: null

25-01-2025T14:49:26 - [TEST_STEP][PASSED] - value = value.replace("
", ""): null

25-01-2025T14:49:26 - [TEST_STEP][PASSED] - value = """ + value + """: null

25-01-2025T14:49:26 - [TEST_STEP][PASSED] - outText = outText + name + "," + value: null

25-01-2025T14:49:26 - [TEST_STEP][PASSED] - outText = outText + "
": null

25-01-2025T14:49:26 - [TEST_STEP][PASSED] - println(outText): null

25-01-2025T14:49:26 - [TEST_STEP][PASSED] - name = key: null

25-01-2025T14:49:26 - [TEST_STEP][PASSED] - value = value.replace("
", ""): null

25-01-2025T14:49:26 - [TEST_STEP][PASSED] - value = """ + value + """: null

25-01-2025T14:49:26 - [TEST_STEP][PASSED] - outText = outText + name + "," + value: null

25-01-2025T14:49:26 - [TEST_STEP][PASSED] - outText = outText + "
": null

25-01-2025T14:49:26 - [TEST_STEP][PASSED] - println(outText): null

25-01-2025T14:49:26 - [TEST_STEP][PASSED] - name = key: null

25-01-2025T14:49:26 - [TEST_STEP][PASSED] - value = value.replace("
", ""): null

25-01-2025T14:49:26 - [TEST_STEP][PASSED] - value = """ + value + """: null

25-01-2025T14:49:26 - [TEST_STEP][PASSED] - outText = outText + name + "," + value: null

25-01-2025T14:49:26 - [TEST_STEP][PASSED] - outText = outText + "
": null

25-01-2025T14:49:26 - [TEST_STEP][PASSED] - println(outText): null

25-01-2025T14:49:26 - [TEST_STEP][PASSED] - name = key: null

25-01-2025T14:49:26 - [TEST_STEP][PASSED] - value = value.replace("
", ""): null

25-01-2025T14:49:26 - [TEST_STEP][PASSED] - value = """ + value + """: null

25-01-2025T14:49:26 - [TEST_STEP][PASSED] - outText = outText + name + "," + value: null

25-01-2025T14:49:26 - [TEST_STEP][PASSED] - outText = outText + "
": null

25-01-2025T14:49:26 - [TEST_STEP][PASSED] - println(outText): null

25-01-2025T14:49:26 - [TEST_STEP][PASSED] - name = key: null

25-01-2025T14:49:26 - [TEST_STEP][PASSED] - value = value.replace("
", ""): null

25-01-2025T14:49:26 - [TEST_STEP][PASSED] - value = """ + value + """: null

25-01-2025T14:49:26 - [TEST_STEP][PASSED] - outText = outText + name + "," + value: null

25-01-2025T14:49:26 - [TEST_STEP][PASSED] - outText = outText + "
": null

25-01-2025T14:49:26 - [TEST_STEP][PASSED] - println(outText): null

25-01-2025T14:49:26 - [TEST_STEP][PASSED] - name = key: null

25-01-2025T14:49:26 - [TEST_STEP][PASSED] - value = value.replace("
", ""): null

25-01-2025T14:49:26 - [TEST_STEP][PASSED] - value = """ + value + """: null

25-01-2025T14:49:26 - [TEST_STEP][PASSED] - outText = outText + name + "," + value: null

25-01-2025T14:49:26 - [TEST_STEP][PASSED] - outText = outText + "
": null

25-01-2025T14:49:26 - [TEST_STEP][PASSED] - println(outText): null

25-01-2025T14:49:26 - [TEST_STEP][PASSED] - outFile = new java.io.File(file): null

25-01-2025T14:49:26 - [TEST_STEP][PASSED] - println(outText): null

25-01-2025T14:49:26 - [TEST_STEP][PASSED] - outFile.write(outText): null

25-01-2025T14:49:26 - [TEST_STEP][PASSED] - frame.hide(): null

25-01-2025T14:49:26 - [TEST_STEP][PASSED] - takeFullPageScreenshot(fileImage): Taking screenshot successfully

25-01-2025T14:49:27 - [MESSAGE][INFO] - 0 hidden object(s)

25-01-2025T14:49:27 - [MESSAGE][PASSED] - Taking screenshot successfully
[[ATTACHMENT|/Users/cckozie/Documents/MissionNext/Screenshots and Tooltip Text/Partner_Education_Match Filters Tab_Screenshot.png]]

25-01-2025T14:49:27 - [TEST_STEP][PASSED] - return tooltipMap: null

25-01-2025T14:49:27 - [MESSAGE][PASSED] - Call Test Case 'Test Cases/_Functions/Get Screenshot and Tooltip Text' successfully

25-01-2025T14:49:27 - [TEST_STEP][PASSED] - callTestCase(findTestCase("_Functions/Test Tooltips"), ["varTooltipImagePath":tooltipImagePath, "varTooltips":tooltips, "varTooltipText":tooltipText, "varTestObjectFolder":testObjectFolder, ... ], STOP_ON_FAILURE): Call Test Case 'Test Cases/_Functions/Test Tooltips' successfully

25-01-2025T14:49:27 - [TEST_CASE][PASSED] - Test Cases/_Functions/Test Tooltips: Test Cases/_Functions/Test Tooltips

25-01-2025T14:49:27 - [TEST_STEP][PASSED] - tooltipImagePath = varTooltipImagePath: null

25-01-2025T14:49:27 - [TEST_STEP][PASSED] - tooltips = varTooltips: null

25-01-2025T14:49:27 - [TEST_STEP][PASSED] - tooltipText = varTooltipText: null

25-01-2025T14:49:27 - [TEST_STEP][PASSED] - testObjectFolder = varTestObjectFolder: null

25-01-2025T14:49:27 - [TEST_STEP][PASSED] - tooltipTextMap = varTooltipTextMap: null

25-01-2025T14:49:27 - [TEST_STEP][PASSED] - writeFile = false: null

25-01-2025T14:49:27 - [TEST_STEP][PASSED] - if (outFile != ""): null

25-01-2025T14:49:27 - [TEST_STEP][PASSED] - myFile = outFile: null

25-01-2025T14:49:27 - [TEST_STEP][PASSED] - println(myFile): null

25-01-2025T14:49:27 - [TEST_STEP][PASSED] - outFile = new java.io.File(myFile): null

25-01-2025T14:49:27 - [TEST_STEP][PASSED] - writeFile = true: null

25-01-2025T14:49:27 - [TEST_STEP][PASSED] - driver = getWebDriver(): null

25-01-2025T14:49:27 - [TEST_STEP][PASSED] - action = new org.openqa.selenium.interactions.Actions(driver): null

25-01-2025T14:49:27 - [TEST_STEP][PASSED] - s = new org.sikuli.script.Screen(): null

25-01-2025T14:49:27 - [TEST_STEP][PASSED] - outText = "Verifying the tooltips can be displayed.
": null

25-01-2025T14:49:27 - [TEST_STEP][PASSED] - outFile.append(outText): null

25-01-2025T14:49:27 - [TEST_STEP][PASSED] - first = true: null

25-01-2025T14:49:27 - [TEST_STEP][PASSED] - for (def it : tooltips): null

25-01-2025T14:49:27 - [TEST_STEP][PASSED] - myKey = key: null

25-01-2025T14:49:27 - [TEST_STEP][PASSED] - myValue = value: null

25-01-2025T14:49:27 - [TEST_STEP][PASSED] - println("myKey is " + myKey): null

25-01-2025T14:49:27 - [TEST_STEP][PASSED] - println("myValue is " + myValue): null

25-01-2025T14:49:27 - [TEST_STEP][PASSED] - if (myKey != "dummy"): null

25-01-2025T14:49:27 - [TEST_STEP][PASSED] - else: null

25-01-2025T14:49:27 - [TEST_STEP][PASSED] - myImage = "/Users/cckozie/git/MissionNext-Katalon-Koz/images/dummy.png": null

25-01-2025T14:49:27 - [TEST_STEP][PASSED] - f = new java.io.File(myImage): null

25-01-2025T14:49:27 - [TEST_STEP][PASSED] - if (f.exists()): null

25-01-2025T14:49:27 - [TEST_STEP][PASSED] - println("Looking for " + myImage): null

25-01-2025T14:49:27 - [TEST_STEP][PASSED] - icn = Pattern(myImage).similar(0.10): null

25-01-2025T14:49:27 - [TEST_STEP][PASSED] - found = s.exists(icn): null

25-01-2025T14:49:30 - [TEST_STEP][PASSED] - println(found): null

25-01-2025T14:49:30 - [TEST_STEP][PASSED] - if (found != null): null

25-01-2025T14:49:30 - [TEST_STEP][PASSED] - else: null

25-01-2025T14:49:30 - [TEST_STEP][PASSED] - if (myKey != "dummy"): null

25-01-2025T14:49:30 - [TEST_STEP][PASSED] - myKey = key: null

25-01-2025T14:49:30 - [TEST_STEP][PASSED] - myValue = value: null

25-01-2025T14:49:30 - [TEST_STEP][PASSED] - println("myKey is " + myKey): null

25-01-2025T14:49:30 - [TEST_STEP][PASSED] - println("myValue is " + myValue): null

25-01-2025T14:49:30 - [TEST_STEP][PASSED] - if (myKey != "dummy"): null

25-01-2025T14:49:30 - [TEST_STEP][PASSED] - tObj = testObjectFolder + myValue: null

25-01-2025T14:49:30 - [TEST_STEP][PASSED] - click(tObj): null

25-01-2025T14:49:30 - [TEST_STEP][PASSED] - scrollToObject(object): null

25-01-2025T14:49:30 - [TEST_STEP][PASSED] - println("Converting " + object + " to web element"): null

25-01-2025T14:49:30 - [TEST_STEP][PASSED] - element = findWebElement(findTestObject(object), 1): null

25-01-2025T14:49:30 - [TEST_STEP][PASSED] - loc = element.getLocation(): null

25-01-2025T14:49:30 - [TEST_STEP][PASSED] - y = loc.getY(): null

25-01-2025T14:49:30 - [TEST_STEP][PASSED] - println("Y location is " + y): null

25-01-2025T14:49:30 - [TEST_STEP][PASSED] - top = getViewportTopPosition(): Current viewport's top (y) position is 0

25-01-2025T14:49:30 - [MESSAGE][PASSED] - Current viewport's top (y) position is 0

25-01-2025T14:49:30 - [TEST_STEP][PASSED] - println("Viewport top is " + top): null

25-01-2025T14:49:30 - [TEST_STEP][PASSED] - bottom = top + 600: null

25-01-2025T14:49:30 - [TEST_STEP][PASSED] - if (y - top < 150 || bottom - y < 10): null

25-01-2025T14:49:30 - [TEST_STEP][PASSED] - click(findTestObject(object)): null

25-01-2025T14:49:30 - [MESSAGE][PASSED] - Object: 'Object Repository/Education Partner Profile/Tabs/Match Filters/img_Formal Education Degree_field-tooltip' is clicked on

25-01-2025T14:49:30 - [TEST_STEP][PASSED] - delay(1): Delayed 1 second(s)

25-01-2025T14:49:31 - [MESSAGE][PASSED] - Delayed 1 second(s)

25-01-2025T14:49:31 - [TEST_STEP][PASSED] - myImage = tooltipImagePath + myKey + ".png": null

25-01-2025T14:49:31 - [TEST_STEP][PASSED] - f = new java.io.File(myImage): null

25-01-2025T14:49:31 - [TEST_STEP][PASSED] - if (f.exists()): null

25-01-2025T14:49:31 - [TEST_STEP][PASSED] - println("Looking for " + myImage): null

25-01-2025T14:49:31 - [TEST_STEP][PASSED] - icn = Pattern(myImage).similar(0.10): null

25-01-2025T14:49:31 - [TEST_STEP][PASSED] - found = s.exists(icn): null

25-01-2025T14:49:32 - [TEST_STEP][PASSED] - println(found): null

25-01-2025T14:49:32 - [TEST_STEP][PASSED] - if (found != null): null

25-01-2025T14:49:32 - [TEST_STEP][PASSED] - foundStr = found.toString(): null

25-01-2025T14:49:32 - [TEST_STEP][PASSED] - matchP = foundStr.indexOf("%"): null

25-01-2025T14:49:32 - [TEST_STEP][PASSED] - println(matchP): null

25-01-2025T14:49:32 - [TEST_STEP][PASSED] - pct = foundStr.substring(matchP + 1, matchP + 6): null

25-01-2025T14:49:32 - [TEST_STEP][PASSED] - outText = "+++ Tooltip match value for " + myKey + " is " + pct + "%": null

25-01-2025T14:49:32 - [TEST_STEP][PASSED] - pctF = pct.toFloat(): null

25-01-2025T14:49:32 - [TEST_STEP][PASSED] - min = 80: null

25-01-2025T14:49:32 - [TEST_STEP][PASSED] - if (pct.toFloat() < min.toFloat()): null

25-01-2025T14:49:32 - [TEST_STEP][PASSED] - if (myKey != "dummy"): null

25-01-2025T14:49:32 - [TEST_STEP][PASSED] - println(outText): null

25-01-2025T14:49:32 - [TEST_STEP][PASSED] - outFile.append(outText + "
"): null

25-01-2025T14:49:32 - [TEST_STEP][PASSED] - myKey = key: null

25-01-2025T14:49:32 - [TEST_STEP][PASSED] - myValue = value: null

25-01-2025T14:49:32 - [TEST_STEP][PASSED] - println("myKey is " + myKey): null

25-01-2025T14:49:32 - [TEST_STEP][PASSED] - println("myValue is " + myValue): null

25-01-2025T14:49:32 - [TEST_STEP][PASSED] - if (myKey != "dummy"): null

25-01-2025T14:49:32 - [TEST_STEP][PASSED] - tObj = testObjectFolder + myValue: null

25-01-2025T14:49:32 - [TEST_STEP][PASSED] - click(tObj): null

25-01-2025T14:49:32 - [TEST_STEP][PASSED] - scrollToObject(object): null

25-01-2025T14:49:32 - [TEST_STEP][PASSED] - println("Converting " + object + " to web element"): null

25-01-2025T14:49:32 - [TEST_STEP][PASSED] - element = findWebElement(findTestObject(object), 1): null

25-01-2025T14:49:32 - [TEST_STEP][PASSED] - loc = element.getLocation(): null

25-01-2025T14:49:32 - [TEST_STEP][PASSED] - y = loc.getY(): null

25-01-2025T14:49:32 - [TEST_STEP][PASSED] - println("Y location is " + y): null

25-01-2025T14:49:32 - [TEST_STEP][PASSED] - top = getViewportTopPosition(): Current viewport's top (y) position is 0

25-01-2025T14:49:32 - [MESSAGE][PASSED] - Current viewport's top (y) position is 0

25-01-2025T14:49:32 - [TEST_STEP][PASSED] - println("Viewport top is " + top): null

25-01-2025T14:49:32 - [TEST_STEP][PASSED] - bottom = top + 600: null

25-01-2025T14:49:32 - [TEST_STEP][PASSED] - if (y - top < 150 || bottom - y < 10): null

25-01-2025T14:49:32 - [TEST_STEP][PASSED] - click(findTestObject(object)): null

25-01-2025T14:49:32 - [MESSAGE][PASSED] - Object: 'Object Repository/Education Partner Profile/Tabs/Match Filters/img_Classroom Experience_field-tooltip' is clicked on

25-01-2025T14:49:32 - [TEST_STEP][PASSED] - delay(1): Delayed 1 second(s)

25-01-2025T14:49:33 - [MESSAGE][PASSED] - Delayed 1 second(s)

25-01-2025T14:49:33 - [TEST_STEP][PASSED] - myImage = tooltipImagePath + myKey + ".png": null

25-01-2025T14:49:33 - [TEST_STEP][PASSED] - f = new java.io.File(myImage): null

25-01-2025T14:49:33 - [TEST_STEP][PASSED] - if (f.exists()): null

25-01-2025T14:49:33 - [TEST_STEP][PASSED] - println("Looking for " + myImage): null

25-01-2025T14:49:33 - [TEST_STEP][PASSED] - icn = Pattern(myImage).similar(0.10): null

25-01-2025T14:49:33 - [TEST_STEP][PASSED] - found = s.exists(icn): null

25-01-2025T14:49:33 - [TEST_STEP][PASSED] - println(found): null

25-01-2025T14:49:33 - [TEST_STEP][PASSED] - if (found != null): null

25-01-2025T14:49:33 - [TEST_STEP][PASSED] - foundStr = found.toString(): null

25-01-2025T14:49:33 - [TEST_STEP][PASSED] - matchP = foundStr.indexOf("%"): null

25-01-2025T14:49:33 - [TEST_STEP][PASSED] - println(matchP): null

25-01-2025T14:49:33 - [TEST_STEP][PASSED] - pct = foundStr.substring(matchP + 1, matchP + 6): null

25-01-2025T14:49:33 - [TEST_STEP][PASSED] - outText = "+++ Tooltip match value for " + myKey + " is " + pct + "%": null

25-01-2025T14:49:33 - [TEST_STEP][PASSED] - pctF = pct.toFloat(): null

25-01-2025T14:49:33 - [TEST_STEP][PASSED] - min = 80: null

25-01-2025T14:49:33 - [TEST_STEP][PASSED] - if (pct.toFloat() < min.toFloat()): null

25-01-2025T14:49:33 - [TEST_STEP][PASSED] - if (myKey != "dummy"): null

25-01-2025T14:49:33 - [TEST_STEP][PASSED] - println(outText): null

25-01-2025T14:49:33 - [TEST_STEP][PASSED] - outFile.append(outText + "
"): null

25-01-2025T14:49:33 - [TEST_STEP][PASSED] - myKey = key: null

25-01-2025T14:49:33 - [TEST_STEP][PASSED] - myValue = value: null

25-01-2025T14:49:33 - [TEST_STEP][PASSED] - println("myKey is " + myKey): null

25-01-2025T14:49:33 - [TEST_STEP][PASSED] - println("myValue is " + myValue): null

25-01-2025T14:49:33 - [TEST_STEP][PASSED] - if (myKey != "dummy"): null

25-01-2025T14:49:33 - [TEST_STEP][PASSED] - tObj = testObjectFolder + myValue: null

25-01-2025T14:49:33 - [TEST_STEP][PASSED] - click(tObj): null

25-01-2025T14:49:33 - [TEST_STEP][PASSED] - scrollToObject(object): null

25-01-2025T14:49:33 - [TEST_STEP][PASSED] - println("Converting " + object + " to web element"): null

25-01-2025T14:49:33 - [TEST_STEP][PASSED] - element = findWebElement(findTestObject(object), 1): null

25-01-2025T14:49:33 - [TEST_STEP][PASSED] - loc = element.getLocation(): null

25-01-2025T14:49:33 - [TEST_STEP][PASSED] - y = loc.getY(): null

25-01-2025T14:49:33 - [TEST_STEP][PASSED] - println("Y location is " + y): null

25-01-2025T14:49:33 - [TEST_STEP][PASSED] - top = getViewportTopPosition(): Current viewport's top (y) position is 0

25-01-2025T14:49:33 - [MESSAGE][PASSED] - Current viewport's top (y) position is 0

25-01-2025T14:49:33 - [TEST_STEP][PASSED] - println("Viewport top is " + top): null

25-01-2025T14:49:33 - [TEST_STEP][PASSED] - bottom = top + 600: null

25-01-2025T14:49:33 - [TEST_STEP][PASSED] - if (y - top < 150 || bottom - y < 10): Delayed 1 second(s)

25-01-2025T14:49:33 - [TEST_STEP][PASSED] - scrollToPosition(0, y - 170): Browser is scrolled to position x = 0, y = 453

25-01-2025T14:49:33 - [MESSAGE][PASSED] - Browser is scrolled to position x = 0, y = 453

25-01-2025T14:49:33 - [TEST_STEP][PASSED] - delay(1): Delayed 1 second(s)

25-01-2025T14:49:34 - [MESSAGE][PASSED] - Delayed 1 second(s)

25-01-2025T14:49:34 - [TEST_STEP][PASSED] - click(findTestObject(object)): null

25-01-2025T14:49:34 - [MESSAGE][PASSED] - Object: 'Object Repository/Education Partner Profile/Tabs/Match Filters/img_Formal Teaching Credentials_field-tooltip' is clicked on

25-01-2025T14:49:34 - [TEST_STEP][PASSED] - delay(1): Delayed 1 second(s)

25-01-2025T14:49:35 - [MESSAGE][PASSED] - Delayed 1 second(s)

25-01-2025T14:49:35 - [TEST_STEP][PASSED] - myImage = tooltipImagePath + myKey + ".png": null

25-01-2025T14:49:35 - [TEST_STEP][PASSED] - f = new java.io.File(myImage): null

25-01-2025T14:49:35 - [TEST_STEP][PASSED] - if (f.exists()): null

25-01-2025T14:49:35 - [TEST_STEP][PASSED] - println("Looking for " + myImage): null

25-01-2025T14:49:35 - [TEST_STEP][PASSED] - icn = Pattern(myImage).similar(0.10): null

25-01-2025T14:49:35 - [TEST_STEP][PASSED] - found = s.exists(icn): null

25-01-2025T14:49:35 - [TEST_STEP][PASSED] - println(found): null

25-01-2025T14:49:35 - [TEST_STEP][PASSED] - if (found != null): null

25-01-2025T14:49:35 - [TEST_STEP][PASSED] - foundStr = found.toString(): null

25-01-2025T14:49:35 - [TEST_STEP][PASSED] - matchP = foundStr.indexOf("%"): null

25-01-2025T14:49:35 - [TEST_STEP][PASSED] - println(matchP): null

25-01-2025T14:49:35 - [TEST_STEP][PASSED] - pct = foundStr.substring(matchP + 1, matchP + 6): null

25-01-2025T14:49:35 - [TEST_STEP][PASSED] - outText = "+++ Tooltip match value for " + myKey + " is " + pct + "%": null

25-01-2025T14:49:35 - [TEST_STEP][PASSED] - pctF = pct.toFloat(): null

25-01-2025T14:49:35 - [TEST_STEP][PASSED] - min = 80: null

25-01-2025T14:49:35 - [TEST_STEP][PASSED] - if (pct.toFloat() < min.toFloat()): null

25-01-2025T14:49:35 - [TEST_STEP][PASSED] - if (myKey != "dummy"): null

25-01-2025T14:49:35 - [TEST_STEP][PASSED] - println(outText): null

25-01-2025T14:49:35 - [TEST_STEP][PASSED] - outFile.append(outText + "
"): null

25-01-2025T14:49:35 - [TEST_STEP][PASSED] - myKey = key: null

25-01-2025T14:49:35 - [TEST_STEP][PASSED] - myValue = value: null

25-01-2025T14:49:35 - [TEST_STEP][PASSED] - println("myKey is " + myKey): null

25-01-2025T14:49:35 - [TEST_STEP][PASSED] - println("myValue is " + myValue): null

25-01-2025T14:49:35 - [TEST_STEP][PASSED] - if (myKey != "dummy"): null

25-01-2025T14:49:35 - [TEST_STEP][PASSED] - tObj = testObjectFolder + myValue: null

25-01-2025T14:49:35 - [TEST_STEP][PASSED] - click(tObj): null

25-01-2025T14:49:35 - [TEST_STEP][PASSED] - scrollToObject(object): null

25-01-2025T14:49:35 - [TEST_STEP][PASSED] - println("Converting " + object + " to web element"): null

25-01-2025T14:49:35 - [TEST_STEP][PASSED] - element = findWebElement(findTestObject(object), 1): null

25-01-2025T14:49:35 - [TEST_STEP][PASSED] - loc = element.getLocation(): null

25-01-2025T14:49:35 - [TEST_STEP][PASSED] - y = loc.getY(): null

25-01-2025T14:49:35 - [TEST_STEP][PASSED] - println("Y location is " + y): null

25-01-2025T14:49:35 - [TEST_STEP][PASSED] - top = getViewportTopPosition(): Current viewport's top (y) position is 453

25-01-2025T14:49:35 - [MESSAGE][PASSED] - Current viewport's top (y) position is 453

25-01-2025T14:49:35 - [TEST_STEP][PASSED] - println("Viewport top is " + top): null

25-01-2025T14:49:35 - [TEST_STEP][PASSED] - bottom = top + 600: null

25-01-2025T14:49:35 - [TEST_STEP][PASSED] - if (y - top < 150 || bottom - y < 10): null

25-01-2025T14:49:35 - [TEST_STEP][PASSED] - click(findTestObject(object)): null

25-01-2025T14:49:35 - [MESSAGE][PASSED] - Object: 'Object Repository/Education Partner Profile/Tabs/Match Filters/img_English Proficiency_field-tooltip' is clicked on

25-01-2025T14:49:35 - [TEST_STEP][PASSED] - delay(1): Delayed 1 second(s)

25-01-2025T14:49:36 - [MESSAGE][PASSED] - Delayed 1 second(s)

25-01-2025T14:49:36 - [TEST_STEP][PASSED] - myImage = tooltipImagePath + myKey + ".png": null

25-01-2025T14:49:36 - [TEST_STEP][PASSED] - f = new java.io.File(myImage): null

25-01-2025T14:49:36 - [TEST_STEP][PASSED] - if (f.exists()): null

25-01-2025T14:49:36 - [TEST_STEP][PASSED] - println("Looking for " + myImage): null

25-01-2025T14:49:36 - [TEST_STEP][PASSED] - icn = Pattern(myImage).similar(0.10): null

25-01-2025T14:49:36 - [TEST_STEP][PASSED] - found = s.exists(icn): null

25-01-2025T14:49:36 - [TEST_STEP][PASSED] - println(found): null

25-01-2025T14:49:36 - [TEST_STEP][PASSED] - if (found != null): null

25-01-2025T14:49:36 - [TEST_STEP][PASSED] - foundStr = found.toString(): null

25-01-2025T14:49:36 - [TEST_STEP][PASSED] - matchP = foundStr.indexOf("%"): null

25-01-2025T14:49:36 - [TEST_STEP][PASSED] - println(matchP): null

25-01-2025T14:49:36 - [TEST_STEP][PASSED] - pct = foundStr.substring(matchP + 1, matchP + 6): null

25-01-2025T14:49:36 - [TEST_STEP][PASSED] - outText = "+++ Tooltip match value for " + myKey + " is " + pct + "%": null

25-01-2025T14:49:36 - [TEST_STEP][PASSED] - pctF = pct.toFloat(): null

25-01-2025T14:49:36 - [TEST_STEP][PASSED] - min = 80: null

25-01-2025T14:49:36 - [TEST_STEP][PASSED] - if (pct.toFloat() < min.toFloat()): null

25-01-2025T14:49:36 - [TEST_STEP][PASSED] - if (myKey != "dummy"): null

25-01-2025T14:49:36 - [TEST_STEP][PASSED] - println(outText): null

25-01-2025T14:49:36 - [TEST_STEP][PASSED] - outFile.append(outText + "
"): null

25-01-2025T14:49:36 - [TEST_STEP][PASSED] - myKey = key: null

25-01-2025T14:49:36 - [TEST_STEP][PASSED] - myValue = value: null

25-01-2025T14:49:36 - [TEST_STEP][PASSED] - println("myKey is " + myKey): null

25-01-2025T14:49:36 - [TEST_STEP][PASSED] - println("myValue is " + myValue): null

25-01-2025T14:49:36 - [TEST_STEP][PASSED] - if (myKey != "dummy"): null

25-01-2025T14:49:36 - [TEST_STEP][PASSED] - tObj = testObjectFolder + myValue: null

25-01-2025T14:49:36 - [TEST_STEP][PASSED] - click(tObj): null

25-01-2025T14:49:36 - [TEST_STEP][PASSED] - scrollToObject(object): null

25-01-2025T14:49:36 - [TEST_STEP][PASSED] - println("Converting " + object + " to web element"): null

25-01-2025T14:49:36 - [TEST_STEP][PASSED] - element = findWebElement(findTestObject(object), 1): null

25-01-2025T14:49:36 - [TEST_STEP][PASSED] - loc = element.getLocation(): null

25-01-2025T14:49:36 - [TEST_STEP][PASSED] - y = loc.getY(): null

25-01-2025T14:49:36 - [TEST_STEP][PASSED] - println("Y location is " + y): null

25-01-2025T14:49:36 - [TEST_STEP][PASSED] - top = getViewportTopPosition(): Current viewport's top (y) position is 453

25-01-2025T14:49:36 - [MESSAGE][PASSED] - Current viewport's top (y) position is 453

25-01-2025T14:49:36 - [TEST_STEP][PASSED] - println("Viewport top is " + top): null

25-01-2025T14:49:36 - [TEST_STEP][PASSED] - bottom = top + 600: null

25-01-2025T14:49:36 - [TEST_STEP][PASSED] - if (y - top < 150 || bottom - y < 10): null

25-01-2025T14:49:36 - [TEST_STEP][PASSED] - click(findTestObject(object)): null

25-01-2025T14:49:36 - [MESSAGE][PASSED] - Object: 'Object Repository/Education Partner Profile/Tabs/Match Filters/img_Affiliated with a Church_field-tooltip' is clicked on

25-01-2025T14:49:36 - [TEST_STEP][PASSED] - delay(1): Delayed 1 second(s)

25-01-2025T14:49:37 - [MESSAGE][PASSED] - Delayed 1 second(s)

25-01-2025T14:49:37 - [TEST_STEP][PASSED] - myImage = tooltipImagePath + myKey + ".png": null

25-01-2025T14:49:37 - [TEST_STEP][PASSED] - f = new java.io.File(myImage): null

25-01-2025T14:49:37 - [TEST_STEP][PASSED] - if (f.exists()): null

25-01-2025T14:49:37 - [TEST_STEP][PASSED] - println("Looking for " + myImage): null

25-01-2025T14:49:37 - [TEST_STEP][PASSED] - icn = Pattern(myImage).similar(0.10): null

25-01-2025T14:49:37 - [TEST_STEP][PASSED] - found = s.exists(icn): null

25-01-2025T14:49:37 - [TEST_STEP][PASSED] - println(found): null

25-01-2025T14:49:37 - [TEST_STEP][PASSED] - if (found != null): null

25-01-2025T14:49:37 - [TEST_STEP][PASSED] - foundStr = found.toString(): null

25-01-2025T14:49:37 - [TEST_STEP][PASSED] - matchP = foundStr.indexOf("%"): null

25-01-2025T14:49:37 - [TEST_STEP][PASSED] - println(matchP): null

25-01-2025T14:49:37 - [TEST_STEP][PASSED] - pct = foundStr.substring(matchP + 1, matchP + 6): null

25-01-2025T14:49:37 - [TEST_STEP][PASSED] - outText = "+++ Tooltip match value for " + myKey + " is " + pct + "%": null

25-01-2025T14:49:37 - [TEST_STEP][PASSED] - pctF = pct.toFloat(): null

25-01-2025T14:49:37 - [TEST_STEP][PASSED] - min = 80: null

25-01-2025T14:49:37 - [TEST_STEP][PASSED] - if (pct.toFloat() < min.toFloat()): null

25-01-2025T14:49:37 - [TEST_STEP][PASSED] - if (myKey != "dummy"): null

25-01-2025T14:49:37 - [TEST_STEP][PASSED] - println(outText): null

25-01-2025T14:49:37 - [TEST_STEP][PASSED] - outFile.append(outText + "
"): null

25-01-2025T14:49:37 - [TEST_STEP][PASSED] - myKey = key: null

25-01-2025T14:49:37 - [TEST_STEP][PASSED] - myValue = value: null

25-01-2025T14:49:37 - [TEST_STEP][PASSED] - println("myKey is " + myKey): null

25-01-2025T14:49:37 - [TEST_STEP][PASSED] - println("myValue is " + myValue): null

25-01-2025T14:49:37 - [TEST_STEP][PASSED] - if (myKey != "dummy"): null

25-01-2025T14:49:37 - [TEST_STEP][PASSED] - tObj = testObjectFolder + myValue: null

25-01-2025T14:49:37 - [TEST_STEP][PASSED] - click(tObj): null

25-01-2025T14:49:37 - [TEST_STEP][PASSED] - scrollToObject(object): null

25-01-2025T14:49:37 - [TEST_STEP][PASSED] - println("Converting " + object + " to web element"): null

25-01-2025T14:49:37 - [TEST_STEP][PASSED] - element = findWebElement(findTestObject(object), 1): null

25-01-2025T14:49:37 - [TEST_STEP][PASSED] - loc = element.getLocation(): null

25-01-2025T14:49:37 - [TEST_STEP][PASSED] - y = loc.getY(): null

25-01-2025T14:49:37 - [TEST_STEP][PASSED] - println("Y location is " + y): null

25-01-2025T14:49:37 - [TEST_STEP][PASSED] - top = getViewportTopPosition(): Current viewport's top (y) position is 453

25-01-2025T14:49:37 - [MESSAGE][PASSED] - Current viewport's top (y) position is 453

25-01-2025T14:49:37 - [TEST_STEP][PASSED] - println("Viewport top is " + top): null

25-01-2025T14:49:37 - [TEST_STEP][PASSED] - bottom = top + 600: null

25-01-2025T14:49:37 - [TEST_STEP][PASSED] - if (y - top < 150 || bottom - y < 10): null

25-01-2025T14:49:37 - [TEST_STEP][PASSED] - click(findTestObject(object)): null

25-01-2025T14:49:37 - [MESSAGE][PASSED] - Object: 'Object Repository/Education Partner Profile/Tabs/Match Filters/img_Paid  Volunteer Positions_field-tooltip' is clicked on

25-01-2025T14:49:37 - [TEST_STEP][PASSED] - delay(1): Delayed 1 second(s)

25-01-2025T14:49:39 - [MESSAGE][PASSED] - Delayed 1 second(s)

25-01-2025T14:49:39 - [TEST_STEP][PASSED] - myImage = tooltipImagePath + myKey + ".png": null

25-01-2025T14:49:39 - [TEST_STEP][PASSED] - f = new java.io.File(myImage): null

25-01-2025T14:49:39 - [TEST_STEP][PASSED] - if (f.exists()): null

25-01-2025T14:49:39 - [TEST_STEP][PASSED] - println("Looking for " + myImage): null

25-01-2025T14:49:39 - [TEST_STEP][PASSED] - icn = Pattern(myImage).similar(0.10): null

25-01-2025T14:49:39 - [TEST_STEP][PASSED] - found = s.exists(icn): null

25-01-2025T14:49:39 - [TEST_STEP][PASSED] - println(found): null

25-01-2025T14:49:39 - [TEST_STEP][PASSED] - if (found != null): null

25-01-2025T14:49:39 - [TEST_STEP][PASSED] - foundStr = found.toString(): null

25-01-2025T14:49:39 - [TEST_STEP][PASSED] - matchP = foundStr.indexOf("%"): null

25-01-2025T14:49:39 - [TEST_STEP][PASSED] - println(matchP): null

25-01-2025T14:49:39 - [TEST_STEP][PASSED] - pct = foundStr.substring(matchP + 1, matchP + 6): null

25-01-2025T14:49:39 - [TEST_STEP][PASSED] - outText = "+++ Tooltip match value for " + myKey + " is " + pct + "%": null

25-01-2025T14:49:39 - [TEST_STEP][PASSED] - pctF = pct.toFloat(): null

25-01-2025T14:49:39 - [TEST_STEP][PASSED] - min = 80: null

25-01-2025T14:49:39 - [TEST_STEP][PASSED] - if (pct.toFloat() < min.toFloat()): null

25-01-2025T14:49:39 - [TEST_STEP][PASSED] - if (myKey != "dummy"): null

25-01-2025T14:49:39 - [TEST_STEP][PASSED] - println(outText): null

25-01-2025T14:49:39 - [TEST_STEP][PASSED] - outFile.append(outText + "
"): null

25-01-2025T14:49:39 - [TEST_STEP][PASSED] - outText = "Verifying the tooltip text on the page is what was expected.
": null

25-01-2025T14:49:39 - [TEST_STEP][PASSED] - outFile.append(outText): null

25-01-2025T14:49:39 - [TEST_STEP][PASSED] - for (def it : tooltipText): null

25-01-2025T14:49:39 - [TEST_STEP][PASSED] - println(it): null

25-01-2025T14:49:39 - [TEST_STEP][PASSED] - myKey = key: null

25-01-2025T14:49:39 - [TEST_STEP][PASSED] - myText = value.replace(""", ""): null

25-01-2025T14:49:39 - [TEST_STEP][PASSED] - myText = myText.trim(): null

25-01-2025T14:49:39 - [TEST_STEP][PASSED] - actualText = get(myKey).replace(""", ""): null

25-01-2025T14:49:39 - [TEST_STEP][PASSED] - actualText = actualText.trim(): null

25-01-2025T14:49:39 - [TEST_STEP][PASSED] - println(myKey + ":" + actualText): null

25-01-2025T14:49:39 - [TEST_STEP][PASSED] - if (actualText != myText): null

25-01-2025T14:49:39 - [TEST_STEP][PASSED] - println(it): null

25-01-2025T14:49:39 - [TEST_STEP][PASSED] - myKey = key: null

25-01-2025T14:49:39 - [TEST_STEP][PASSED] - myText = value.replace(""", ""): null

25-01-2025T14:49:39 - [TEST_STEP][PASSED] - myText = myText.trim(): null

25-01-2025T14:49:39 - [TEST_STEP][PASSED] - actualText = get(myKey).replace(""", ""): null

25-01-2025T14:49:39 - [TEST_STEP][PASSED] - actualText = actualText.trim(): null

25-01-2025T14:49:39 - [TEST_STEP][PASSED] - println(myKey + ":" + actualText): null

25-01-2025T14:49:39 - [TEST_STEP][PASSED] - if (actualText != myText): null

25-01-2025T14:49:39 - [TEST_STEP][PASSED] - println(it): null

25-01-2025T14:49:39 - [TEST_STEP][PASSED] - myKey = key: null

25-01-2025T14:49:39 - [TEST_STEP][PASSED] - myText = value.replace(""", ""): null

25-01-2025T14:49:39 - [TEST_STEP][PASSED] - myText = myText.trim(): null

25-01-2025T14:49:39 - [TEST_STEP][PASSED] - actualText = get(myKey).replace(""", ""): null

25-01-2025T14:49:39 - [TEST_STEP][PASSED] - actualText = actualText.trim(): null

25-01-2025T14:49:39 - [TEST_STEP][PASSED] - println(myKey + ":" + actualText): null

25-01-2025T14:49:39 - [TEST_STEP][PASSED] - if (actualText != myText): null

25-01-2025T14:49:39 - [TEST_STEP][PASSED] - println(it): null

25-01-2025T14:49:39 - [TEST_STEP][PASSED] - myKey = key: null

25-01-2025T14:49:39 - [TEST_STEP][PASSED] - myText = value.replace(""", ""): null

25-01-2025T14:49:39 - [TEST_STEP][PASSED] - myText = myText.trim(): null

25-01-2025T14:49:39 - [TEST_STEP][PASSED] - actualText = get(myKey).replace(""", ""): null

25-01-2025T14:49:39 - [TEST_STEP][PASSED] - actualText = actualText.trim(): null

25-01-2025T14:49:39 - [TEST_STEP][PASSED] - println(myKey + ":" + actualText): null

25-01-2025T14:49:39 - [TEST_STEP][PASSED] - if (actualText != myText): null

25-01-2025T14:49:39 - [TEST_STEP][PASSED] - println(it): null

25-01-2025T14:49:39 - [TEST_STEP][PASSED] - myKey = key: null

25-01-2025T14:49:39 - [TEST_STEP][PASSED] - myText = value.replace(""", ""): null

25-01-2025T14:49:39 - [TEST_STEP][PASSED] - myText = myText.trim(): null

25-01-2025T14:49:39 - [TEST_STEP][PASSED] - actualText = get(myKey).replace(""", ""): null

25-01-2025T14:49:39 - [TEST_STEP][PASSED] - actualText = actualText.trim(): null

25-01-2025T14:49:39 - [TEST_STEP][PASSED] - println(myKey + ":" + actualText): null

25-01-2025T14:49:39 - [TEST_STEP][PASSED] - if (actualText != myText): null

25-01-2025T14:49:39 - [TEST_STEP][PASSED] - println(it): null

25-01-2025T14:49:39 - [TEST_STEP][PASSED] - myKey = key: null

25-01-2025T14:49:39 - [TEST_STEP][PASSED] - myText = value.replace(""", ""): null

25-01-2025T14:49:39 - [TEST_STEP][PASSED] - myText = myText.trim(): null

25-01-2025T14:49:39 - [TEST_STEP][PASSED] - actualText = get(myKey).replace(""", ""): null

25-01-2025T14:49:39 - [TEST_STEP][PASSED] - actualText = actualText.trim(): null

25-01-2025T14:49:39 - [TEST_STEP][PASSED] - println(myKey + ":" + actualText): null

25-01-2025T14:49:39 - [TEST_STEP][PASSED] - if (actualText != myText): null

25-01-2025T14:49:39 - [MESSAGE][PASSED] - Call Test Case 'Test Cases/_Functions/Test Tooltips' successfully

25-01-2025T14:49:39 - [TEST_STEP][PASSED] - outText = "Verifying the required field messages.
": null

25-01-2025T14:49:39 - [TEST_STEP][PASSED] - outFile.append(outText): null

25-01-2025T14:49:39 - [TEST_STEP][PASSED] - fieldList = []: null

25-01-2025T14:49:39 - [TEST_STEP][PASSED] - requiredFieldMsgs.each({ -> ... }): null

25-01-2025T14:49:39 - [TEST_STEP][PASSED] - callTestCase(findTestCase("_Functions/Test Field Error Messages"), ["varFieldList":fieldList, "varRequiredFieldMsgs":requiredFieldMsgs], STOP_ON_FAILURE): Call Test Case 'Test Cases/_Functions/Test Field Error Messages' successfully

25-01-2025T14:49:39 - [TEST_CASE][PASSED] - Test Cases/_Functions/Test Field Error Messages: Test Cases/_Functions/Test Field Error Messages

25-01-2025T14:49:39 - [TEST_STEP][PASSED] - count = callTestCase(findTestCase("_Functions/Find error messages"), ["varFunction":"count"], STOP_ON_FAILURE): Call Test Case 'Test Cases/_Functions/Find error messages' successfully

25-01-2025T14:49:39 - [TEST_CASE][PASSED] - Test Cases/_Functions/Find error messages: Test Cases/_Functions/Find error messages

25-01-2025T14:49:39 - [TEST_STEP][PASSED] - function = "count": null

25-01-2025T14:49:39 - [TEST_STEP][PASSED] - if (binding.hasVariable("varFunction")): null

25-01-2025T14:49:39 - [TEST_STEP][PASSED] - function = varFunction: null

25-01-2025T14:49:39 - [TEST_STEP][PASSED] - title = getWindowTitle(): Current window's title is: 'Education'

25-01-2025T14:49:39 - [MESSAGE][PASSED] - Current window's title is: 'Education'

25-01-2025T14:49:39 - [TEST_STEP][PASSED] - println("Page title is " + title): null

25-01-2025T14:49:39 - [TEST_STEP][PASSED] - driver = getWebDriver(): null

25-01-2025T14:49:39 - [TEST_STEP][PASSED] - elements = driver.findElements(By.xpath("//div[@class='col-sm-offset-3 col-sm-9 text-danger']")): null

25-01-2025T14:49:39 - [TEST_STEP][PASSED] - if (function == "count"): null

25-01-2025T14:49:39 - [TEST_STEP][PASSED] - return elements.size(): null

25-01-2025T14:49:39 - [MESSAGE][PASSED] - Call Test Case 'Test Cases/_Functions/Find error messages' successfully

25-01-2025T14:49:39 - [TEST_STEP][PASSED] - outFile = outFile: null

25-01-2025T14:49:39 - [TEST_STEP][PASSED] - if (count == 0): null

25-01-2025T14:49:39 - [TEST_STEP][PASSED] - else: Delayed 0 second(s)

25-01-2025T14:49:39 - [TEST_STEP][PASSED] - fieldList = varFieldList: null

25-01-2025T14:49:39 - [TEST_STEP][PASSED] - requiredFieldMsgs = varRequiredFieldMsgs: null

25-01-2025T14:49:39 - [TEST_STEP][PASSED] - outText = "Verifying error messages for fields " + fieldList: null

25-01-2025T14:49:39 - [TEST_STEP][PASSED] - for (def field : fieldList): null

25-01-2025T14:49:39 - [TEST_STEP][PASSED] - errorMsg = requiredFieldMsgs.get(field): null

25-01-2025T14:49:39 - [TEST_STEP][PASSED] - msg = verifyTextPresent(errorMsg, false, OPTIONAL): Text 'The school formal education degree field is required.' is present on page 

25-01-2025T14:49:39 - [MESSAGE][PASSED] - Text 'The school formal education degree field is required.' is present on page 

25-01-2025T14:49:39 - [TEST_STEP][PASSED] - println(field + ":" + msg): null

25-01-2025T14:49:39 - [TEST_STEP][PASSED] - if (!(msg)): null

25-01-2025T14:49:39 - [TEST_STEP][PASSED] - errorMsg = requiredFieldMsgs.get(field): null

25-01-2025T14:49:39 - [TEST_STEP][PASSED] - msg = verifyTextPresent(errorMsg, false, OPTIONAL): Text 'The school classroom experience field is required.' is present on page 

25-01-2025T14:49:39 - [MESSAGE][PASSED] - Text 'The school classroom experience field is required.' is present on page 

25-01-2025T14:49:39 - [TEST_STEP][PASSED] - println(field + ":" + msg): null

25-01-2025T14:49:39 - [TEST_STEP][PASSED] - if (!(msg)): null

25-01-2025T14:49:39 - [TEST_STEP][PASSED] - errorMsg = requiredFieldMsgs.get(field): null

25-01-2025T14:49:39 - [TEST_STEP][PASSED] - msg = verifyTextPresent(errorMsg, false, OPTIONAL): Text 'The has teaching credentials field is required.' is present on page 

25-01-2025T14:49:39 - [MESSAGE][PASSED] - Text 'The has teaching credentials field is required.' is present on page 

25-01-2025T14:49:39 - [TEST_STEP][PASSED] - println(field + ":" + msg): null

25-01-2025T14:49:39 - [TEST_STEP][PASSED] - if (!(msg)): null

25-01-2025T14:49:39 - [TEST_STEP][PASSED] - errorMsg = requiredFieldMsgs.get(field): null

25-01-2025T14:49:39 - [TEST_STEP][PASSED] - msg = verifyTextPresent(errorMsg, false, OPTIONAL): Text 'The english skills field is required.' is present on page 

25-01-2025T14:49:39 - [MESSAGE][PASSED] - Text 'The english skills field is required.' is present on page 

25-01-2025T14:49:39 - [TEST_STEP][PASSED] - println(field + ":" + msg): null

25-01-2025T14:49:39 - [TEST_STEP][PASSED] - if (!(msg)): null

25-01-2025T14:49:39 - [TEST_STEP][PASSED] - errorMsg = requiredFieldMsgs.get(field): null

25-01-2025T14:49:39 - [TEST_STEP][PASSED] - msg = verifyTextPresent(errorMsg, false, OPTIONAL): Text 'The travel support field is required.' is present on page 

25-01-2025T14:49:39 - [MESSAGE][PASSED] - Text 'The travel support field is required.' is present on page 

25-01-2025T14:49:39 - [TEST_STEP][PASSED] - println(field + ":" + msg): null

25-01-2025T14:49:39 - [TEST_STEP][PASSED] - if (!(msg)): null

25-01-2025T14:49:39 - [TEST_STEP][PASSED] - errorMsg = requiredFieldMsgs.get(field): null

25-01-2025T14:49:39 - [TEST_STEP][PASSED] - msg = verifyTextPresent(errorMsg, false, OPTIONAL): Text 'The financial support field is required.' is present on page 

25-01-2025T14:49:39 - [MESSAGE][PASSED] - Text 'The financial support field is required.' is present on page 

25-01-2025T14:49:39 - [TEST_STEP][PASSED] - println(field + ":" + msg): null

25-01-2025T14:49:39 - [TEST_STEP][PASSED] - if (!(msg)): null

25-01-2025T14:49:39 - [TEST_STEP][PASSED] - delay(fieldTestDelay): Delayed 0 second(s)

25-01-2025T14:49:39 - [MESSAGE][PASSED] - Delayed 0 second(s)

25-01-2025T14:49:39 - [MESSAGE][PASSED] - Call Test Case 'Test Cases/_Functions/Test Field Error Messages' successfully

25-01-2025T14:49:39 - [TEST_STEP][PASSED] - callTestCase(findTestCase("_Functions/Click on Group Elements"), ["varXpaths":xpaths, "varParms":parms], STOP_ON_FAILURE): Call Test Case 'Test Cases/_Functions/Click on Group Elements' successfully

25-01-2025T14:49:39 - [TEST_CASE][PASSED] - Test Cases/_Functions/Click on Group Elements: Test Cases/_Functions/Click on Group Elements

25-01-2025T14:49:39 - [TEST_STEP][PASSED] - debug = true: null

25-01-2025T14:49:39 - [TEST_STEP][PASSED] - toggle = true: null

25-01-2025T14:49:39 - [TEST_STEP][PASSED] - driver = getWebDriver(): null

25-01-2025T14:49:39 - [TEST_STEP][PASSED] - println(varParms): null

25-01-2025T14:49:39 - [TEST_STEP][PASSED] - for ([i = 0, i < varXpaths.size(), (i++)]): null

25-01-2025T14:49:39 - [TEST_STEP][PASSED] - if (debug): null

25-01-2025T14:49:39 - [TEST_STEP][PASSED] - println("Desired label is "" + varParms[i] + """): null

25-01-2025T14:49:39 - [TEST_STEP][PASSED] - if (varParms[i].indexOf("Europe") >= 0): null

25-01-2025T14:49:39 - [TEST_STEP][PASSED] - elements = driver.findElements(By.xpath(varXpaths[i])): null

25-01-2025T14:49:39 - [TEST_STEP][PASSED] - element_count = elements.size(): null

25-01-2025T14:49:39 - [TEST_STEP][PASSED] - for (def element : elements): null

25-01-2025T14:49:39 - [TEST_STEP][PASSED] - myValue = element.getAttribute("value"): null

25-01-2025T14:49:39 - [TEST_STEP][PASSED] - if (debug): null

25-01-2025T14:49:39 - [TEST_STEP][PASSED] - println("Element label is "" + myValue + """): null

25-01-2025T14:49:39 - [TEST_STEP][PASSED] - if (myValue.length() >= 4): null

25-01-2025T14:49:39 - [TEST_STEP][PASSED] - if (myValue.substring(0, 4) == "(!) "): null

25-01-2025T14:49:39 - [TEST_STEP][PASSED] - myValue = myValue.substring(4): null

25-01-2025T14:49:39 - [TEST_STEP][PASSED] - if (debug): null

25-01-2025T14:49:39 - [TEST_STEP][PASSED] - println("Modified element label is "" + myValue + """): null

25-01-2025T14:49:39 - [TEST_STEP][PASSED] - myObj = convertWebElementToTestObject(element): null

25-01-2025T14:49:39 - [TEST_STEP][PASSED] - myType = element.getAttribute("type"): null

25-01-2025T14:49:39 - [TEST_STEP][PASSED] - if (myValue in varParms[i]): null

25-01-2025T14:49:39 - [TEST_STEP][PASSED] - inList = true: null

25-01-2025T14:49:39 - [TEST_STEP][PASSED] - if (myType == "checkbox"): null

25-01-2025T14:49:39 - [TEST_STEP][PASSED] - myStatus = element.isSelected(): null

25-01-2025T14:49:39 - [TEST_STEP][PASSED] - if (debug): null

25-01-2025T14:49:39 - [TEST_STEP][PASSED] - println("Label " + myValue + " checked status is " + myStatus + " and in list status is " + inList): null

25-01-2025T14:49:39 - [TEST_STEP][PASSED] - if (toggle && myStatus && inList): null

25-01-2025T14:49:39 - [TEST_STEP][PASSED] - if (!(myStatus) && inList || myStatus && !(inList)): null

25-01-2025T14:49:39 - [TEST_STEP][PASSED] - if (debug): null

25-01-2025T14:49:39 - [TEST_STEP][PASSED] - println("Clicking " + myValue): null

25-01-2025T14:49:39 - [TEST_STEP][PASSED] - println("Clicking " + myValue): null

25-01-2025T14:49:39 - [TEST_STEP][PASSED] - click(myObj): null

25-01-2025T14:49:39 - [TEST_STEP][PASSED] - scrollToObject(object): null

25-01-2025T14:49:39 - [TEST_STEP][PASSED] - println("Converting " + object + " to web element"): null

25-01-2025T14:49:39 - [TEST_STEP][PASSED] - element = findWebElement(object, 1): null

25-01-2025T14:49:39 - [TEST_STEP][PASSED] - loc = element.getLocation(): null

25-01-2025T14:49:39 - [TEST_STEP][PASSED] - y = loc.getY(): null

25-01-2025T14:49:39 - [TEST_STEP][PASSED] - println("Y location is " + y): null

25-01-2025T14:49:39 - [TEST_STEP][PASSED] - top = getViewportTopPosition(): Current viewport's top (y) position is 453

25-01-2025T14:49:39 - [MESSAGE][PASSED] - Current viewport's top (y) position is 453

25-01-2025T14:49:39 - [TEST_STEP][PASSED] - println("Viewport top is " + top): null

25-01-2025T14:49:39 - [TEST_STEP][PASSED] - bottom = top + 600: null

25-01-2025T14:49:39 - [TEST_STEP][PASSED] - if (y - top < 150 || bottom - y < 10): Delayed 1 second(s)

25-01-2025T14:49:39 - [TEST_STEP][PASSED] - scrollToPosition(0, y - 150): Browser is scrolled to position x = 0, y = 303

25-01-2025T14:49:39 - [MESSAGE][PASSED] - Browser is scrolled to position x = 0, y = 303

25-01-2025T14:49:39 - [TEST_STEP][PASSED] - delay(1): Delayed 1 second(s)

25-01-2025T14:49:40 - [MESSAGE][PASSED] - Delayed 1 second(s)

25-01-2025T14:49:40 - [TEST_STEP][PASSED] - click(object): null

25-01-2025T14:49:40 - [MESSAGE][PASSED] - Object: '' is clicked on

25-01-2025T14:49:40 - [TEST_STEP][PASSED] - myValue = element.getAttribute("value"): null

25-01-2025T14:49:40 - [TEST_STEP][PASSED] - if (debug): null

25-01-2025T14:49:40 - [TEST_STEP][PASSED] - println("Element label is "" + myValue + """): null

25-01-2025T14:49:40 - [TEST_STEP][PASSED] - if (myValue.length() >= 4): null

25-01-2025T14:49:40 - [TEST_STEP][PASSED] - myObj = convertWebElementToTestObject(element): null

25-01-2025T14:49:40 - [TEST_STEP][PASSED] - myType = element.getAttribute("type"): null

25-01-2025T14:49:40 - [TEST_STEP][PASSED] - if (myValue in varParms[i]): null

25-01-2025T14:49:40 - [TEST_STEP][PASSED] - else: null

25-01-2025T14:49:40 - [TEST_STEP][PASSED] - inList = false: null

25-01-2025T14:49:40 - [TEST_STEP][PASSED] - if (myType == "checkbox"): null

25-01-2025T14:49:40 - [TEST_STEP][PASSED] - myStatus = element.isSelected(): null

25-01-2025T14:49:40 - [TEST_STEP][PASSED] - if (debug): null

25-01-2025T14:49:40 - [TEST_STEP][PASSED] - println("Label " + myValue + " checked status is " + myStatus + " and in list status is " + inList): null

25-01-2025T14:49:40 - [TEST_STEP][PASSED] - if (toggle && myStatus && inList): null

25-01-2025T14:49:40 - [TEST_STEP][PASSED] - if (!(myStatus) && inList || myStatus && !(inList)): null

25-01-2025T14:49:40 - [TEST_STEP][PASSED] - myValue = element.getAttribute("value"): null

25-01-2025T14:49:40 - [TEST_STEP][PASSED] - if (debug): null

25-01-2025T14:49:40 - [TEST_STEP][PASSED] - println("Element label is "" + myValue + """): null

25-01-2025T14:49:40 - [TEST_STEP][PASSED] - if (myValue.length() >= 4): null

25-01-2025T14:49:40 - [TEST_STEP][PASSED] - if (myValue.substring(0, 4) == "(!) "): null

25-01-2025T14:49:40 - [TEST_STEP][PASSED] - myObj = convertWebElementToTestObject(element): null

25-01-2025T14:49:40 - [TEST_STEP][PASSED] - myType = element.getAttribute("type"): null

25-01-2025T14:49:40 - [TEST_STEP][PASSED] - if (myValue in varParms[i]): null

25-01-2025T14:49:40 - [TEST_STEP][PASSED] - else: null

25-01-2025T14:49:40 - [TEST_STEP][PASSED] - inList = false: null

25-01-2025T14:49:40 - [TEST_STEP][PASSED] - if (myType == "checkbox"): null

25-01-2025T14:49:40 - [TEST_STEP][PASSED] - myStatus = element.isSelected(): null

25-01-2025T14:49:40 - [TEST_STEP][PASSED] - if (debug): null

25-01-2025T14:49:40 - [TEST_STEP][PASSED] - println("Label " + myValue + " checked status is " + myStatus + " and in list status is " + inList): null

25-01-2025T14:49:40 - [TEST_STEP][PASSED] - if (toggle && myStatus && inList): null

25-01-2025T14:49:40 - [TEST_STEP][PASSED] - if (!(myStatus) && inList || myStatus && !(inList)): null

25-01-2025T14:49:40 - [TEST_STEP][PASSED] - if (debug): null

25-01-2025T14:49:40 - [TEST_STEP][PASSED] - println("Desired label is "" + varParms[i] + """): null

25-01-2025T14:49:40 - [TEST_STEP][PASSED] - if (varParms[i].indexOf("Europe") >= 0): null

25-01-2025T14:49:40 - [TEST_STEP][PASSED] - elements = driver.findElements(By.xpath(varXpaths[i])): null

25-01-2025T14:49:40 - [TEST_STEP][PASSED] - element_count = elements.size(): null

25-01-2025T14:49:40 - [TEST_STEP][PASSED] - for (def element : elements): null

25-01-2025T14:49:40 - [TEST_STEP][PASSED] - myValue = element.getAttribute("value"): null

25-01-2025T14:49:40 - [TEST_STEP][PASSED] - if (debug): null

25-01-2025T14:49:40 - [TEST_STEP][PASSED] - println("Element label is "" + myValue + """): null

25-01-2025T14:49:40 - [TEST_STEP][PASSED] - if (myValue.length() >= 4): null

25-01-2025T14:49:40 - [TEST_STEP][PASSED] - if (myValue.substring(0, 4) == "(!) "): null

25-01-2025T14:49:40 - [TEST_STEP][PASSED] - myValue = myValue.substring(4): null

25-01-2025T14:49:40 - [TEST_STEP][PASSED] - if (debug): null

25-01-2025T14:49:40 - [TEST_STEP][PASSED] - println("Modified element label is "" + myValue + """): null

25-01-2025T14:49:40 - [TEST_STEP][PASSED] - myObj = convertWebElementToTestObject(element): null

25-01-2025T14:49:40 - [TEST_STEP][PASSED] - myType = element.getAttribute("type"): null

25-01-2025T14:49:40 - [TEST_STEP][PASSED] - if (myValue in varParms[i]): null

25-01-2025T14:49:40 - [TEST_STEP][PASSED] - else: null

25-01-2025T14:49:40 - [TEST_STEP][PASSED] - inList = false: null

25-01-2025T14:49:40 - [TEST_STEP][PASSED] - if (myType == "checkbox"): null

25-01-2025T14:49:40 - [TEST_STEP][PASSED] - myStatus = element.isSelected(): null

25-01-2025T14:49:40 - [TEST_STEP][PASSED] - if (debug): null

25-01-2025T14:49:40 - [TEST_STEP][PASSED] - println("Label " + myValue + " checked status is " + myStatus + " and in list status is " + inList): null

25-01-2025T14:49:40 - [TEST_STEP][PASSED] - if (toggle && myStatus && inList): null

25-01-2025T14:49:40 - [TEST_STEP][PASSED] - if (!(myStatus) && inList || myStatus && !(inList)): null

25-01-2025T14:49:40 - [TEST_STEP][PASSED] - myValue = element.getAttribute("value"): null

25-01-2025T14:49:40 - [TEST_STEP][PASSED] - if (debug): null

25-01-2025T14:49:40 - [TEST_STEP][PASSED] - println("Element label is "" + myValue + """): null

25-01-2025T14:49:40 - [TEST_STEP][PASSED] - if (myValue.length() >= 4): null

25-01-2025T14:49:40 - [TEST_STEP][PASSED] - myObj = convertWebElementToTestObject(element): null

25-01-2025T14:49:40 - [TEST_STEP][PASSED] - myType = element.getAttribute("type"): null

25-01-2025T14:49:40 - [TEST_STEP][PASSED] - if (myValue in varParms[i]): null

25-01-2025T14:49:40 - [TEST_STEP][PASSED] - inList = true: null

25-01-2025T14:49:40 - [TEST_STEP][PASSED] - if (myType == "checkbox"): null

25-01-2025T14:49:40 - [TEST_STEP][PASSED] - myStatus = element.isSelected(): null

25-01-2025T14:49:40 - [TEST_STEP][PASSED] - if (debug): null

25-01-2025T14:49:40 - [TEST_STEP][PASSED] - println("Label " + myValue + " checked status is " + myStatus + " and in list status is " + inList): null

25-01-2025T14:49:40 - [TEST_STEP][PASSED] - if (toggle && myStatus && inList): null

25-01-2025T14:49:40 - [TEST_STEP][PASSED] - if (!(myStatus) && inList || myStatus && !(inList)): null

25-01-2025T14:49:40 - [TEST_STEP][PASSED] - if (debug): null

25-01-2025T14:49:40 - [TEST_STEP][PASSED] - println("Clicking " + myValue): null

25-01-2025T14:49:40 - [TEST_STEP][PASSED] - println("Clicking " + myValue): null

25-01-2025T14:49:40 - [TEST_STEP][PASSED] - click(myObj): null

25-01-2025T14:49:40 - [TEST_STEP][PASSED] - scrollToObject(object): null

25-01-2025T14:49:40 - [TEST_STEP][PASSED] - println("Converting " + object + " to web element"): null

25-01-2025T14:49:40 - [TEST_STEP][PASSED] - element = findWebElement(object, 1): null

25-01-2025T14:49:40 - [TEST_STEP][PASSED] - loc = element.getLocation(): null

25-01-2025T14:49:40 - [TEST_STEP][PASSED] - y = loc.getY(): null

25-01-2025T14:49:40 - [TEST_STEP][PASSED] - println("Y location is " + y): null

25-01-2025T14:49:40 - [TEST_STEP][PASSED] - top = getViewportTopPosition(): Current viewport's top (y) position is 303

25-01-2025T14:49:40 - [MESSAGE][PASSED] - Current viewport's top (y) position is 303

25-01-2025T14:49:40 - [TEST_STEP][PASSED] - println("Viewport top is " + top): null

25-01-2025T14:49:40 - [TEST_STEP][PASSED] - bottom = top + 600: null

25-01-2025T14:49:40 - [TEST_STEP][PASSED] - if (y - top < 150 || bottom - y < 10): null

25-01-2025T14:49:40 - [TEST_STEP][PASSED] - click(object): null

25-01-2025T14:49:40 - [MESSAGE][PASSED] - Object: '' is clicked on

25-01-2025T14:49:40 - [TEST_STEP][PASSED] - myValue = element.getAttribute("value"): null

25-01-2025T14:49:40 - [TEST_STEP][PASSED] - if (debug): null

25-01-2025T14:49:40 - [TEST_STEP][PASSED] - println("Element label is "" + myValue + """): null

25-01-2025T14:49:40 - [TEST_STEP][PASSED] - if (myValue.length() >= 4): null

25-01-2025T14:49:40 - [TEST_STEP][PASSED] - if (myValue.substring(0, 4) == "(!) "): null

25-01-2025T14:49:40 - [TEST_STEP][PASSED] - myObj = convertWebElementToTestObject(element): null

25-01-2025T14:49:40 - [TEST_STEP][PASSED] - myType = element.getAttribute("type"): null

25-01-2025T14:49:40 - [TEST_STEP][PASSED] - if (myValue in varParms[i]): null

25-01-2025T14:49:40 - [TEST_STEP][PASSED] - else: null

25-01-2025T14:49:40 - [TEST_STEP][PASSED] - inList = false: null

25-01-2025T14:49:40 - [TEST_STEP][PASSED] - if (myType == "checkbox"): null

25-01-2025T14:49:40 - [TEST_STEP][PASSED] - myStatus = element.isSelected(): null

25-01-2025T14:49:40 - [TEST_STEP][PASSED] - if (debug): null

25-01-2025T14:49:40 - [TEST_STEP][PASSED] - println("Label " + myValue + " checked status is " + myStatus + " and in list status is " + inList): null

25-01-2025T14:49:40 - [TEST_STEP][PASSED] - if (toggle && myStatus && inList): null

25-01-2025T14:49:40 - [TEST_STEP][PASSED] - if (!(myStatus) && inList || myStatus && !(inList)): null

25-01-2025T14:49:40 - [TEST_STEP][PASSED] - if (debug): null

25-01-2025T14:49:40 - [TEST_STEP][PASSED] - println("Desired label is "" + varParms[i] + """): null

25-01-2025T14:49:40 - [TEST_STEP][PASSED] - if (varParms[i].indexOf("Europe") >= 0): null

25-01-2025T14:49:40 - [TEST_STEP][PASSED] - elements = driver.findElements(By.xpath(varXpaths[i])): null

25-01-2025T14:49:40 - [TEST_STEP][PASSED] - element_count = elements.size(): null

25-01-2025T14:49:40 - [TEST_STEP][PASSED] - for (def element : elements): null

25-01-2025T14:49:40 - [TEST_STEP][PASSED] - myValue = element.getAttribute("value"): null

25-01-2025T14:49:40 - [TEST_STEP][PASSED] - if (debug): null

25-01-2025T14:49:40 - [TEST_STEP][PASSED] - println("Element label is "" + myValue + """): null

25-01-2025T14:49:40 - [TEST_STEP][PASSED] - if (myValue.length() >= 4): null

25-01-2025T14:49:40 - [TEST_STEP][PASSED] - if (myValue.substring(0, 4) == "(!) "): null

25-01-2025T14:49:40 - [TEST_STEP][PASSED] - myValue = myValue.substring(4): null

25-01-2025T14:49:40 - [TEST_STEP][PASSED] - if (debug): null

25-01-2025T14:49:40 - [TEST_STEP][PASSED] - println("Modified element label is "" + myValue + """): null

25-01-2025T14:49:40 - [TEST_STEP][PASSED] - myObj = convertWebElementToTestObject(element): null

25-01-2025T14:49:40 - [TEST_STEP][PASSED] - myType = element.getAttribute("type"): null

25-01-2025T14:49:40 - [TEST_STEP][PASSED] - if (myValue in varParms[i]): null

25-01-2025T14:49:40 - [TEST_STEP][PASSED] - inList = true: null

25-01-2025T14:49:40 - [TEST_STEP][PASSED] - if (myType == "checkbox"): null

25-01-2025T14:49:40 - [TEST_STEP][PASSED] - myStatus = element.isSelected(): null

25-01-2025T14:49:40 - [TEST_STEP][PASSED] - if (debug): null

25-01-2025T14:49:40 - [TEST_STEP][PASSED] - println("Label " + myValue + " checked status is " + myStatus + " and in list status is " + inList): null

25-01-2025T14:49:40 - [TEST_STEP][PASSED] - if (toggle && myStatus && inList): null

25-01-2025T14:49:40 - [TEST_STEP][PASSED] - if (!(myStatus) && inList || myStatus && !(inList)): null

25-01-2025T14:49:40 - [TEST_STEP][PASSED] - if (debug): null

25-01-2025T14:49:40 - [TEST_STEP][PASSED] - println("Clicking " + myValue): null

25-01-2025T14:49:40 - [TEST_STEP][PASSED] - println("Clicking " + myValue): null

25-01-2025T14:49:40 - [TEST_STEP][PASSED] - click(myObj): null

25-01-2025T14:49:40 - [TEST_STEP][PASSED] - scrollToObject(object): null

25-01-2025T14:49:40 - [TEST_STEP][PASSED] - println("Converting " + object + " to web element"): null

25-01-2025T14:49:40 - [TEST_STEP][PASSED] - element = findWebElement(object, 1): null

25-01-2025T14:49:40 - [TEST_STEP][PASSED] - loc = element.getLocation(): null

25-01-2025T14:49:40 - [TEST_STEP][PASSED] - y = loc.getY(): null

25-01-2025T14:49:40 - [TEST_STEP][PASSED] - println("Y location is " + y): null

25-01-2025T14:49:40 - [TEST_STEP][PASSED] - top = getViewportTopPosition(): Current viewport's top (y) position is 303

25-01-2025T14:49:40 - [MESSAGE][PASSED] - Current viewport's top (y) position is 303

25-01-2025T14:49:40 - [TEST_STEP][PASSED] - println("Viewport top is " + top): null

25-01-2025T14:49:40 - [TEST_STEP][PASSED] - bottom = top + 600: null

25-01-2025T14:49:40 - [TEST_STEP][PASSED] - if (y - top < 150 || bottom - y < 10): null

25-01-2025T14:49:40 - [TEST_STEP][PASSED] - click(object): null

25-01-2025T14:49:40 - [MESSAGE][PASSED] - Object: '' is clicked on

25-01-2025T14:49:40 - [TEST_STEP][PASSED] - myValue = element.getAttribute("value"): null

25-01-2025T14:49:40 - [TEST_STEP][PASSED] - if (debug): null

25-01-2025T14:49:40 - [TEST_STEP][PASSED] - println("Element label is "" + myValue + """): null

25-01-2025T14:49:40 - [TEST_STEP][PASSED] - if (myValue.length() >= 4): null

25-01-2025T14:49:40 - [TEST_STEP][PASSED] - myObj = convertWebElementToTestObject(element): null

25-01-2025T14:49:40 - [TEST_STEP][PASSED] - myType = element.getAttribute("type"): null

25-01-2025T14:49:40 - [TEST_STEP][PASSED] - if (myValue in varParms[i]): null

25-01-2025T14:49:40 - [TEST_STEP][PASSED] - inList = true: null

25-01-2025T14:49:40 - [TEST_STEP][PASSED] - if (myType == "checkbox"): null

25-01-2025T14:49:40 - [TEST_STEP][PASSED] - myStatus = element.isSelected(): null

25-01-2025T14:49:40 - [TEST_STEP][PASSED] - if (debug): null

25-01-2025T14:49:40 - [TEST_STEP][PASSED] - println("Label " + myValue + " checked status is " + myStatus + " and in list status is " + inList): null

25-01-2025T14:49:40 - [TEST_STEP][PASSED] - if (toggle && myStatus && inList): null

25-01-2025T14:49:40 - [TEST_STEP][PASSED] - if (!(myStatus) && inList || myStatus && !(inList)): null

25-01-2025T14:49:40 - [TEST_STEP][PASSED] - if (debug): null

25-01-2025T14:49:40 - [TEST_STEP][PASSED] - println("Clicking " + myValue): null

25-01-2025T14:49:40 - [TEST_STEP][PASSED] - println("Clicking " + myValue): null

25-01-2025T14:49:40 - [TEST_STEP][PASSED] - click(myObj): null

25-01-2025T14:49:40 - [TEST_STEP][PASSED] - scrollToObject(object): null

25-01-2025T14:49:40 - [TEST_STEP][PASSED] - println("Converting " + object + " to web element"): null

25-01-2025T14:49:40 - [TEST_STEP][PASSED] - element = findWebElement(object, 1): null

25-01-2025T14:49:40 - [TEST_STEP][PASSED] - loc = element.getLocation(): null

25-01-2025T14:49:40 - [TEST_STEP][PASSED] - y = loc.getY(): null

25-01-2025T14:49:40 - [TEST_STEP][PASSED] - println("Y location is " + y): null

25-01-2025T14:49:40 - [TEST_STEP][PASSED] - top = getViewportTopPosition(): Current viewport's top (y) position is 303

25-01-2025T14:49:40 - [MESSAGE][PASSED] - Current viewport's top (y) position is 303

25-01-2025T14:49:40 - [TEST_STEP][PASSED] - println("Viewport top is " + top): null

25-01-2025T14:49:40 - [TEST_STEP][PASSED] - bottom = top + 600: null

25-01-2025T14:49:40 - [TEST_STEP][PASSED] - if (y - top < 150 || bottom - y < 10): null

25-01-2025T14:49:40 - [TEST_STEP][PASSED] - click(object): null

25-01-2025T14:49:40 - [MESSAGE][PASSED] - Object: '' is clicked on

25-01-2025T14:49:40 - [TEST_STEP][PASSED] - myValue = element.getAttribute("value"): null

25-01-2025T14:49:40 - [TEST_STEP][PASSED] - if (debug): null

25-01-2025T14:49:40 - [TEST_STEP][PASSED] - println("Element label is "" + myValue + """): null

25-01-2025T14:49:40 - [TEST_STEP][PASSED] - if (myValue.length() >= 4): null

25-01-2025T14:49:40 - [TEST_STEP][PASSED] - if (myValue.substring(0, 4) == "(!) "): null

25-01-2025T14:49:40 - [TEST_STEP][PASSED] - myObj = convertWebElementToTestObject(element): null

25-01-2025T14:49:40 - [TEST_STEP][PASSED] - myType = element.getAttribute("type"): null

25-01-2025T14:49:40 - [TEST_STEP][PASSED] - if (myValue in varParms[i]): null

25-01-2025T14:49:40 - [TEST_STEP][PASSED] - inList = true: null

25-01-2025T14:49:40 - [TEST_STEP][PASSED] - if (myType == "checkbox"): null

25-01-2025T14:49:40 - [TEST_STEP][PASSED] - myStatus = element.isSelected(): null

25-01-2025T14:49:40 - [TEST_STEP][PASSED] - if (debug): null

25-01-2025T14:49:40 - [TEST_STEP][PASSED] - println("Label " + myValue + " checked status is " + myStatus + " and in list status is " + inList): null

25-01-2025T14:49:40 - [TEST_STEP][PASSED] - if (toggle && myStatus && inList): null

25-01-2025T14:49:40 - [TEST_STEP][PASSED] - if (!(myStatus) && inList || myStatus && !(inList)): null

25-01-2025T14:49:40 - [TEST_STEP][PASSED] - if (debug): null

25-01-2025T14:49:40 - [TEST_STEP][PASSED] - println("Clicking " + myValue): null

25-01-2025T14:49:40 - [TEST_STEP][PASSED] - println("Clicking " + myValue): null

25-01-2025T14:49:40 - [TEST_STEP][PASSED] - click(myObj): null

25-01-2025T14:49:40 - [TEST_STEP][PASSED] - scrollToObject(object): null

25-01-2025T14:49:40 - [TEST_STEP][PASSED] - println("Converting " + object + " to web element"): null

25-01-2025T14:49:40 - [TEST_STEP][PASSED] - element = findWebElement(object, 1): null

25-01-2025T14:49:40 - [TEST_STEP][PASSED] - loc = element.getLocation(): null

25-01-2025T14:49:40 - [TEST_STEP][PASSED] - y = loc.getY(): null

25-01-2025T14:49:40 - [TEST_STEP][PASSED] - println("Y location is " + y): null

25-01-2025T14:49:40 - [TEST_STEP][PASSED] - top = getViewportTopPosition(): Current viewport's top (y) position is 303

25-01-2025T14:49:40 - [MESSAGE][PASSED] - Current viewport's top (y) position is 303

25-01-2025T14:49:40 - [TEST_STEP][PASSED] - println("Viewport top is " + top): null

25-01-2025T14:49:40 - [TEST_STEP][PASSED] - bottom = top + 600: null

25-01-2025T14:49:40 - [TEST_STEP][PASSED] - if (y - top < 150 || bottom - y < 10): null

25-01-2025T14:49:40 - [TEST_STEP][PASSED] - click(object): null

25-01-2025T14:49:40 - [MESSAGE][PASSED] - Object: '' is clicked on

25-01-2025T14:49:40 - [TEST_STEP][PASSED] - if (debug): null

25-01-2025T14:49:40 - [TEST_STEP][PASSED] - println("Desired label is "" + varParms[i] + """): null

25-01-2025T14:49:40 - [TEST_STEP][PASSED] - if (varParms[i].indexOf("Europe") >= 0): null

25-01-2025T14:49:40 - [TEST_STEP][PASSED] - elements = driver.findElements(By.xpath(varXpaths[i])): null

25-01-2025T14:49:40 - [TEST_STEP][PASSED] - element_count = elements.size(): null

25-01-2025T14:49:40 - [TEST_STEP][PASSED] - for (def element : elements): null

25-01-2025T14:49:40 - [TEST_STEP][PASSED] - myValue = element.getAttribute("value"): null

25-01-2025T14:49:40 - [TEST_STEP][PASSED] - if (debug): null

25-01-2025T14:49:40 - [TEST_STEP][PASSED] - println("Element label is "" + myValue + """): null

25-01-2025T14:49:40 - [TEST_STEP][PASSED] - if (myValue.length() >= 4): null

25-01-2025T14:49:40 - [TEST_STEP][PASSED] - if (myValue.substring(0, 4) == "(!) "): null

25-01-2025T14:49:40 - [TEST_STEP][PASSED] - myObj = convertWebElementToTestObject(element): null

25-01-2025T14:49:40 - [TEST_STEP][PASSED] - myType = element.getAttribute("type"): null

25-01-2025T14:49:40 - [TEST_STEP][PASSED] - if (myValue in varParms[i]): null

25-01-2025T14:49:40 - [TEST_STEP][PASSED] - else: null

25-01-2025T14:49:40 - [TEST_STEP][PASSED] - inList = false: null

25-01-2025T14:49:40 - [TEST_STEP][PASSED] - if (myType == "checkbox"): null

25-01-2025T14:49:40 - [TEST_STEP][PASSED] - myStatus = element.isSelected(): null

25-01-2025T14:49:40 - [TEST_STEP][PASSED] - if (debug): null

25-01-2025T14:49:40 - [TEST_STEP][PASSED] - println("Label " + myValue + " checked status is " + myStatus + " and in list status is " + inList): null

25-01-2025T14:49:40 - [TEST_STEP][PASSED] - if (toggle && myStatus && inList): null

25-01-2025T14:49:40 - [TEST_STEP][PASSED] - if (!(myStatus) && inList || myStatus && !(inList)): null

25-01-2025T14:49:40 - [TEST_STEP][PASSED] - myValue = element.getAttribute("value"): null

25-01-2025T14:49:40 - [TEST_STEP][PASSED] - if (debug): null

25-01-2025T14:49:40 - [TEST_STEP][PASSED] - println("Element label is "" + myValue + """): null

25-01-2025T14:49:40 - [TEST_STEP][PASSED] - if (myValue.length() >= 4): null

25-01-2025T14:49:40 - [TEST_STEP][PASSED] - if (myValue.substring(0, 4) == "(!) "): null

25-01-2025T14:49:40 - [TEST_STEP][PASSED] - myObj = convertWebElementToTestObject(element): null

25-01-2025T14:49:40 - [TEST_STEP][PASSED] - myType = element.getAttribute("type"): null

25-01-2025T14:49:40 - [TEST_STEP][PASSED] - if (myValue in varParms[i]): null

25-01-2025T14:49:40 - [TEST_STEP][PASSED] - else: null

25-01-2025T14:49:40 - [TEST_STEP][PASSED] - inList = false: null

25-01-2025T14:49:40 - [TEST_STEP][PASSED] - if (myType == "checkbox"): null

25-01-2025T14:49:40 - [TEST_STEP][PASSED] - myStatus = element.isSelected(): null

25-01-2025T14:49:40 - [TEST_STEP][PASSED] - if (debug): null

25-01-2025T14:49:40 - [TEST_STEP][PASSED] - println("Label " + myValue + " checked status is " + myStatus + " and in list status is " + inList): null

25-01-2025T14:49:40 - [TEST_STEP][PASSED] - if (toggle && myStatus && inList): null

25-01-2025T14:49:40 - [TEST_STEP][PASSED] - if (!(myStatus) && inList || myStatus && !(inList)): null

25-01-2025T14:49:40 - [TEST_STEP][PASSED] - myValue = element.getAttribute("value"): null

25-01-2025T14:49:40 - [TEST_STEP][PASSED] - if (debug): null

25-01-2025T14:49:40 - [TEST_STEP][PASSED] - println("Element label is "" + myValue + """): null

25-01-2025T14:49:40 - [TEST_STEP][PASSED] - if (myValue.length() >= 4): null

25-01-2025T14:49:40 - [TEST_STEP][PASSED] - if (myValue.substring(0, 4) == "(!) "): null

25-01-2025T14:49:40 - [TEST_STEP][PASSED] - myObj = convertWebElementToTestObject(element): null

25-01-2025T14:49:40 - [TEST_STEP][PASSED] - myType = element.getAttribute("type"): null

25-01-2025T14:49:40 - [TEST_STEP][PASSED] - if (myValue in varParms[i]): null

25-01-2025T14:49:40 - [TEST_STEP][PASSED] - else: null

25-01-2025T14:49:40 - [TEST_STEP][PASSED] - inList = false: null

25-01-2025T14:49:40 - [TEST_STEP][PASSED] - if (myType == "checkbox"): null

25-01-2025T14:49:40 - [TEST_STEP][PASSED] - myStatus = element.isSelected(): null

25-01-2025T14:49:40 - [TEST_STEP][PASSED] - if (debug): null

25-01-2025T14:49:40 - [TEST_STEP][PASSED] - println("Label " + myValue + " checked status is " + myStatus + " and in list status is " + inList): null

25-01-2025T14:49:40 - [TEST_STEP][PASSED] - if (toggle && myStatus && inList): null

25-01-2025T14:49:40 - [TEST_STEP][PASSED] - if (!(myStatus) && inList || myStatus && !(inList)): null

25-01-2025T14:49:40 - [TEST_STEP][PASSED] - myValue = element.getAttribute("value"): null

25-01-2025T14:49:40 - [TEST_STEP][PASSED] - if (debug): null

25-01-2025T14:49:40 - [TEST_STEP][PASSED] - println("Element label is "" + myValue + """): null

25-01-2025T14:49:40 - [TEST_STEP][PASSED] - if (myValue.length() >= 4): null

25-01-2025T14:49:40 - [TEST_STEP][PASSED] - if (myValue.substring(0, 4) == "(!) "): null

25-01-2025T14:49:40 - [TEST_STEP][PASSED] - myObj = convertWebElementToTestObject(element): null

25-01-2025T14:49:40 - [TEST_STEP][PASSED] - myType = element.getAttribute("type"): null

25-01-2025T14:49:40 - [TEST_STEP][PASSED] - if (myValue in varParms[i]): null

25-01-2025T14:49:40 - [TEST_STEP][PASSED] - else: null

25-01-2025T14:49:40 - [TEST_STEP][PASSED] - inList = false: null

25-01-2025T14:49:40 - [TEST_STEP][PASSED] - if (myType == "checkbox"): null

25-01-2025T14:49:40 - [TEST_STEP][PASSED] - myStatus = element.isSelected(): null

25-01-2025T14:49:40 - [TEST_STEP][PASSED] - if (debug): null

25-01-2025T14:49:40 - [TEST_STEP][PASSED] - println("Label " + myValue + " checked status is " + myStatus + " and in list status is " + inList): null

25-01-2025T14:49:40 - [TEST_STEP][PASSED] - if (toggle && myStatus && inList): null

25-01-2025T14:49:40 - [TEST_STEP][PASSED] - if (!(myStatus) && inList || myStatus && !(inList)): null

25-01-2025T14:49:40 - [TEST_STEP][PASSED] - myValue = element.getAttribute("value"): null

25-01-2025T14:49:40 - [TEST_STEP][PASSED] - if (debug): null

25-01-2025T14:49:40 - [TEST_STEP][PASSED] - println("Element label is "" + myValue + """): null

25-01-2025T14:49:40 - [TEST_STEP][PASSED] - if (myValue.length() >= 4): null

25-01-2025T14:49:40 - [TEST_STEP][PASSED] - if (myValue.substring(0, 4) == "(!) "): null

25-01-2025T14:49:40 - [TEST_STEP][PASSED] - myObj = convertWebElementToTestObject(element): null

25-01-2025T14:49:40 - [TEST_STEP][PASSED] - myType = element.getAttribute("type"): null

25-01-2025T14:49:40 - [TEST_STEP][PASSED] - if (myValue in varParms[i]): null

25-01-2025T14:49:40 - [TEST_STEP][PASSED] - else: null

25-01-2025T14:49:40 - [TEST_STEP][PASSED] - inList = false: null

25-01-2025T14:49:40 - [TEST_STEP][PASSED] - if (myType == "checkbox"): null

25-01-2025T14:49:40 - [TEST_STEP][PASSED] - myStatus = element.isSelected(): null

25-01-2025T14:49:40 - [TEST_STEP][PASSED] - if (debug): null

25-01-2025T14:49:40 - [TEST_STEP][PASSED] - println("Label " + myValue + " checked status is " + myStatus + " and in list status is " + inList): null

25-01-2025T14:49:40 - [TEST_STEP][PASSED] - if (toggle && myStatus && inList): null

25-01-2025T14:49:40 - [TEST_STEP][PASSED] - if (!(myStatus) && inList || myStatus && !(inList)): null

25-01-2025T14:49:40 - [TEST_STEP][PASSED] - myValue = element.getAttribute("value"): null

25-01-2025T14:49:40 - [TEST_STEP][PASSED] - if (debug): null

25-01-2025T14:49:40 - [TEST_STEP][PASSED] - println("Element label is "" + myValue + """): null

25-01-2025T14:49:40 - [TEST_STEP][PASSED] - if (myValue.length() >= 4): null

25-01-2025T14:49:40 - [TEST_STEP][PASSED] - if (myValue.substring(0, 4) == "(!) "): null

25-01-2025T14:49:40 - [TEST_STEP][PASSED] - myValue = myValue.substring(4): null

25-01-2025T14:49:40 - [TEST_STEP][PASSED] - if (debug): null

25-01-2025T14:49:40 - [TEST_STEP][PASSED] - println("Modified element label is "" + myValue + """): null

25-01-2025T14:49:40 - [TEST_STEP][PASSED] - myObj = convertWebElementToTestObject(element): null

25-01-2025T14:49:40 - [TEST_STEP][PASSED] - myType = element.getAttribute("type"): null

25-01-2025T14:49:40 - [TEST_STEP][PASSED] - if (myValue in varParms[i]): null

25-01-2025T14:49:40 - [TEST_STEP][PASSED] - inList = true: null

25-01-2025T14:49:40 - [TEST_STEP][PASSED] - if (myType == "checkbox"): null

25-01-2025T14:49:40 - [TEST_STEP][PASSED] - myStatus = element.isSelected(): null

25-01-2025T14:49:40 - [TEST_STEP][PASSED] - if (debug): null

25-01-2025T14:49:40 - [TEST_STEP][PASSED] - println("Label " + myValue + " checked status is " + myStatus + " and in list status is " + inList): null

25-01-2025T14:49:40 - [TEST_STEP][PASSED] - if (toggle && myStatus && inList): null

25-01-2025T14:49:40 - [TEST_STEP][PASSED] - if (!(myStatus) && inList || myStatus && !(inList)): null

25-01-2025T14:49:40 - [TEST_STEP][PASSED] - if (debug): null

25-01-2025T14:49:40 - [TEST_STEP][PASSED] - println("Clicking " + myValue): null

25-01-2025T14:49:40 - [TEST_STEP][PASSED] - println("Clicking " + myValue): null

25-01-2025T14:49:40 - [TEST_STEP][PASSED] - click(myObj): null

25-01-2025T14:49:40 - [TEST_STEP][PASSED] - scrollToObject(object): null

25-01-2025T14:49:40 - [TEST_STEP][PASSED] - println("Converting " + object + " to web element"): null

25-01-2025T14:49:40 - [TEST_STEP][PASSED] - element = findWebElement(object, 1): null

25-01-2025T14:49:40 - [TEST_STEP][PASSED] - loc = element.getLocation(): null

25-01-2025T14:49:40 - [TEST_STEP][PASSED] - y = loc.getY(): null

25-01-2025T14:49:40 - [TEST_STEP][PASSED] - println("Y location is " + y): null

25-01-2025T14:49:40 - [TEST_STEP][PASSED] - top = getViewportTopPosition(): Current viewport's top (y) position is 303

25-01-2025T14:49:40 - [MESSAGE][PASSED] - Current viewport's top (y) position is 303

25-01-2025T14:49:40 - [TEST_STEP][PASSED] - println("Viewport top is " + top): null

25-01-2025T14:49:40 - [TEST_STEP][PASSED] - bottom = top + 600: null

25-01-2025T14:49:40 - [TEST_STEP][PASSED] - if (y - top < 150 || bottom - y < 10): null

25-01-2025T14:49:40 - [TEST_STEP][PASSED] - click(object): null

25-01-2025T14:49:40 - [MESSAGE][PASSED] - Object: '' is clicked on

25-01-2025T14:49:40 - [TEST_STEP][PASSED] - if (debug): null

25-01-2025T14:49:40 - [TEST_STEP][PASSED] - println("Desired label is "" + varParms[i] + """): null

25-01-2025T14:49:40 - [TEST_STEP][PASSED] - if (varParms[i].indexOf("Europe") >= 0): null

25-01-2025T14:49:40 - [TEST_STEP][PASSED] - elements = driver.findElements(By.xpath(varXpaths[i])): null

25-01-2025T14:49:40 - [TEST_STEP][PASSED] - element_count = elements.size(): null

25-01-2025T14:49:40 - [TEST_STEP][PASSED] - for (def element : elements): null

25-01-2025T14:49:40 - [TEST_STEP][PASSED] - myValue = element.getAttribute("value"): null

25-01-2025T14:49:40 - [TEST_STEP][PASSED] - if (debug): null

25-01-2025T14:49:40 - [TEST_STEP][PASSED] - println("Element label is "" + myValue + """): null

25-01-2025T14:49:40 - [TEST_STEP][PASSED] - if (myValue.length() >= 4): null

25-01-2025T14:49:40 - [TEST_STEP][PASSED] - if (myValue.substring(0, 4) == "(!) "): null

25-01-2025T14:49:40 - [TEST_STEP][PASSED] - myObj = convertWebElementToTestObject(element): null

25-01-2025T14:49:40 - [TEST_STEP][PASSED] - myType = element.getAttribute("type"): null

25-01-2025T14:49:40 - [TEST_STEP][PASSED] - if (myValue in varParms[i]): null

25-01-2025T14:49:40 - [TEST_STEP][PASSED] - else: null

25-01-2025T14:49:40 - [TEST_STEP][PASSED] - inList = false: null

25-01-2025T14:49:40 - [TEST_STEP][PASSED] - if (myType == "checkbox"): null

25-01-2025T14:49:40 - [TEST_STEP][PASSED] - myStatus = element.isSelected(): null

25-01-2025T14:49:40 - [TEST_STEP][PASSED] - if (debug): null

25-01-2025T14:49:40 - [TEST_STEP][PASSED] - println("Label " + myValue + " checked status is " + myStatus + " and in list status is " + inList): null

25-01-2025T14:49:40 - [TEST_STEP][PASSED] - if (toggle && myStatus && inList): null

25-01-2025T14:49:40 - [TEST_STEP][PASSED] - if (!(myStatus) && inList || myStatus && !(inList)): null

25-01-2025T14:49:40 - [TEST_STEP][PASSED] - myValue = element.getAttribute("value"): null

25-01-2025T14:49:40 - [TEST_STEP][PASSED] - if (debug): null

25-01-2025T14:49:40 - [TEST_STEP][PASSED] - println("Element label is "" + myValue + """): null

25-01-2025T14:49:40 - [TEST_STEP][PASSED] - if (myValue.length() >= 4): null

25-01-2025T14:49:40 - [TEST_STEP][PASSED] - if (myValue.substring(0, 4) == "(!) "): null

25-01-2025T14:49:40 - [TEST_STEP][PASSED] - myObj = convertWebElementToTestObject(element): null

25-01-2025T14:49:40 - [TEST_STEP][PASSED] - myType = element.getAttribute("type"): null

25-01-2025T14:49:40 - [TEST_STEP][PASSED] - if (myValue in varParms[i]): null

25-01-2025T14:49:40 - [TEST_STEP][PASSED] - inList = true: null

25-01-2025T14:49:40 - [TEST_STEP][PASSED] - if (myType == "checkbox"): null

25-01-2025T14:49:40 - [TEST_STEP][PASSED] - myStatus = element.isSelected(): null

25-01-2025T14:49:40 - [TEST_STEP][PASSED] - if (debug): null

25-01-2025T14:49:40 - [TEST_STEP][PASSED] - println("Label " + myValue + " checked status is " + myStatus + " and in list status is " + inList): null

25-01-2025T14:49:40 - [TEST_STEP][PASSED] - if (toggle && myStatus && inList): null

25-01-2025T14:49:40 - [TEST_STEP][PASSED] - if (!(myStatus) && inList || myStatus && !(inList)): null

25-01-2025T14:49:40 - [TEST_STEP][PASSED] - if (debug): null

25-01-2025T14:49:40 - [TEST_STEP][PASSED] - println("Clicking " + myValue): null

25-01-2025T14:49:40 - [TEST_STEP][PASSED] - println("Clicking " + myValue): null

25-01-2025T14:49:40 - [TEST_STEP][PASSED] - click(myObj): null

25-01-2025T14:49:40 - [TEST_STEP][PASSED] - scrollToObject(object): null

25-01-2025T14:49:40 - [TEST_STEP][PASSED] - println("Converting " + object + " to web element"): null

25-01-2025T14:49:40 - [TEST_STEP][PASSED] - element = findWebElement(object, 1): null

25-01-2025T14:49:40 - [TEST_STEP][PASSED] - loc = element.getLocation(): null

25-01-2025T14:49:40 - [TEST_STEP][PASSED] - y = loc.getY(): null

25-01-2025T14:49:40 - [TEST_STEP][PASSED] - println("Y location is " + y): null

25-01-2025T14:49:40 - [TEST_STEP][PASSED] - top = getViewportTopPosition(): Current viewport's top (y) position is 303

25-01-2025T14:49:40 - [MESSAGE][PASSED] - Current viewport's top (y) position is 303

25-01-2025T14:49:40 - [TEST_STEP][PASSED] - println("Viewport top is " + top): null

25-01-2025T14:49:40 - [TEST_STEP][PASSED] - bottom = top + 600: null

25-01-2025T14:49:40 - [TEST_STEP][PASSED] - if (y - top < 150 || bottom - y < 10): null

25-01-2025T14:49:40 - [TEST_STEP][PASSED] - click(object): null

25-01-2025T14:49:40 - [MESSAGE][PASSED] - Object: '' is clicked on

25-01-2025T14:49:40 - [TEST_STEP][PASSED] - myValue = element.getAttribute("value"): null

25-01-2025T14:49:40 - [TEST_STEP][PASSED] - if (debug): null

25-01-2025T14:49:40 - [TEST_STEP][PASSED] - println("Element label is "" + myValue + """): null

25-01-2025T14:49:40 - [TEST_STEP][PASSED] - if (myValue.length() >= 4): null

25-01-2025T14:49:40 - [TEST_STEP][PASSED] - if (myValue.substring(0, 4) == "(!) "): null

25-01-2025T14:49:40 - [TEST_STEP][PASSED] - myObj = convertWebElementToTestObject(element): null

25-01-2025T14:49:40 - [TEST_STEP][PASSED] - myType = element.getAttribute("type"): null

25-01-2025T14:49:40 - [TEST_STEP][PASSED] - if (myValue in varParms[i]): null

25-01-2025T14:49:40 - [TEST_STEP][PASSED] - inList = true: null

25-01-2025T14:49:40 - [TEST_STEP][PASSED] - if (myType == "checkbox"): null

25-01-2025T14:49:40 - [TEST_STEP][PASSED] - myStatus = element.isSelected(): null

25-01-2025T14:49:40 - [TEST_STEP][PASSED] - if (debug): null

25-01-2025T14:49:40 - [TEST_STEP][PASSED] - println("Label " + myValue + " checked status is " + myStatus + " and in list status is " + inList): null

25-01-2025T14:49:40 - [TEST_STEP][PASSED] - if (toggle && myStatus && inList): null

25-01-2025T14:49:40 - [TEST_STEP][PASSED] - if (!(myStatus) && inList || myStatus && !(inList)): null

25-01-2025T14:49:40 - [TEST_STEP][PASSED] - if (debug): null

25-01-2025T14:49:40 - [TEST_STEP][PASSED] - println("Clicking " + myValue): null

25-01-2025T14:49:40 - [TEST_STEP][PASSED] - println("Clicking " + myValue): null

25-01-2025T14:49:40 - [TEST_STEP][PASSED] - click(myObj): null

25-01-2025T14:49:40 - [TEST_STEP][PASSED] - scrollToObject(object): null

25-01-2025T14:49:40 - [TEST_STEP][PASSED] - println("Converting " + object + " to web element"): null

25-01-2025T14:49:40 - [TEST_STEP][PASSED] - element = findWebElement(object, 1): null

25-01-2025T14:49:40 - [TEST_STEP][PASSED] - loc = element.getLocation(): null

25-01-2025T14:49:40 - [TEST_STEP][PASSED] - y = loc.getY(): null

25-01-2025T14:49:40 - [TEST_STEP][PASSED] - println("Y location is " + y): null

25-01-2025T14:49:40 - [TEST_STEP][PASSED] - top = getViewportTopPosition(): Current viewport's top (y) position is 303

25-01-2025T14:49:40 - [MESSAGE][PASSED] - Current viewport's top (y) position is 303

25-01-2025T14:49:40 - [TEST_STEP][PASSED] - println("Viewport top is " + top): null

25-01-2025T14:49:40 - [TEST_STEP][PASSED] - bottom = top + 600: null

25-01-2025T14:49:40 - [TEST_STEP][PASSED] - if (y - top < 150 || bottom - y < 10): Delayed 1 second(s)

25-01-2025T14:49:40 - [TEST_STEP][PASSED] - scrollToPosition(0, y - 150): Browser is scrolled to position x = 0, y = 758

25-01-2025T14:49:40 - [MESSAGE][PASSED] - Browser is scrolled to position x = 0, y = 758

25-01-2025T14:49:40 - [TEST_STEP][PASSED] - delay(1): Delayed 1 second(s)

25-01-2025T14:49:41 - [MESSAGE][PASSED] - Delayed 1 second(s)

25-01-2025T14:49:41 - [TEST_STEP][PASSED] - click(object): null

25-01-2025T14:49:41 - [MESSAGE][PASSED] - Object: '' is clicked on

25-01-2025T14:49:41 - [TEST_STEP][PASSED] - myValue = element.getAttribute("value"): null

25-01-2025T14:49:41 - [TEST_STEP][PASSED] - if (debug): null

25-01-2025T14:49:41 - [TEST_STEP][PASSED] - println("Element label is "" + myValue + """): null

25-01-2025T14:49:41 - [TEST_STEP][PASSED] - if (myValue.length() >= 4): null

25-01-2025T14:49:41 - [TEST_STEP][PASSED] - if (myValue.substring(0, 4) == "(!) "): null

25-01-2025T14:49:41 - [TEST_STEP][PASSED] - myObj = convertWebElementToTestObject(element): null

25-01-2025T14:49:41 - [TEST_STEP][PASSED] - myType = element.getAttribute("type"): null

25-01-2025T14:49:41 - [TEST_STEP][PASSED] - if (myValue in varParms[i]): null

25-01-2025T14:49:41 - [TEST_STEP][PASSED] - else: null

25-01-2025T14:49:41 - [TEST_STEP][PASSED] - inList = false: null

25-01-2025T14:49:41 - [TEST_STEP][PASSED] - if (myType == "checkbox"): null

25-01-2025T14:49:41 - [TEST_STEP][PASSED] - myStatus = element.isSelected(): null

25-01-2025T14:49:41 - [TEST_STEP][PASSED] - if (debug): null

25-01-2025T14:49:41 - [TEST_STEP][PASSED] - println("Label " + myValue + " checked status is " + myStatus + " and in list status is " + inList): null

25-01-2025T14:49:41 - [TEST_STEP][PASSED] - if (toggle && myStatus && inList): null

25-01-2025T14:49:41 - [TEST_STEP][PASSED] - if (!(myStatus) && inList || myStatus && !(inList)): null

25-01-2025T14:49:41 - [TEST_STEP][PASSED] - if (debug): null

25-01-2025T14:49:41 - [TEST_STEP][PASSED] - println("Desired label is "" + varParms[i] + """): null

25-01-2025T14:49:41 - [TEST_STEP][PASSED] - if (varParms[i].indexOf("Europe") >= 0): null

25-01-2025T14:49:41 - [TEST_STEP][PASSED] - elements = driver.findElements(By.xpath(varXpaths[i])): null

25-01-2025T14:49:41 - [TEST_STEP][PASSED] - element_count = elements.size(): null

25-01-2025T14:49:41 - [TEST_STEP][PASSED] - for (def element : elements): null

25-01-2025T14:49:41 - [TEST_STEP][PASSED] - myValue = element.getAttribute("value"): null

25-01-2025T14:49:41 - [TEST_STEP][PASSED] - if (debug): null

25-01-2025T14:49:41 - [TEST_STEP][PASSED] - println("Element label is "" + myValue + """): null

25-01-2025T14:49:41 - [TEST_STEP][PASSED] - if (myValue.length() >= 4): null

25-01-2025T14:49:41 - [TEST_STEP][PASSED] - if (myValue.substring(0, 4) == "(!) "): null

25-01-2025T14:49:41 - [TEST_STEP][PASSED] - myObj = convertWebElementToTestObject(element): null

25-01-2025T14:49:41 - [TEST_STEP][PASSED] - myType = element.getAttribute("type"): null

25-01-2025T14:49:41 - [TEST_STEP][PASSED] - if (myValue in varParms[i]): null

25-01-2025T14:49:41 - [TEST_STEP][PASSED] - inList = true: null

25-01-2025T14:49:41 - [TEST_STEP][PASSED] - if (myType == "checkbox"): null

25-01-2025T14:49:41 - [TEST_STEP][PASSED] - myStatus = element.isSelected(): null

25-01-2025T14:49:42 - [TEST_STEP][PASSED] - if (debug): null

25-01-2025T14:49:42 - [TEST_STEP][PASSED] - println("Label " + myValue + " checked status is " + myStatus + " and in list status is " + inList): null

25-01-2025T14:49:42 - [TEST_STEP][PASSED] - if (toggle && myStatus && inList): null

25-01-2025T14:49:42 - [TEST_STEP][PASSED] - if (!(myStatus) && inList || myStatus && !(inList)): null

25-01-2025T14:49:42 - [TEST_STEP][PASSED] - if (debug): null

25-01-2025T14:49:42 - [TEST_STEP][PASSED] - println("Clicking " + myValue): null

25-01-2025T14:49:42 - [TEST_STEP][PASSED] - println("Clicking " + myValue): null

25-01-2025T14:49:42 - [TEST_STEP][PASSED] - click(myObj): null

25-01-2025T14:49:42 - [TEST_STEP][PASSED] - scrollToObject(object): null

25-01-2025T14:49:42 - [TEST_STEP][PASSED] - println("Converting " + object + " to web element"): null

25-01-2025T14:49:42 - [TEST_STEP][PASSED] - element = findWebElement(object, 1): null

25-01-2025T14:49:42 - [TEST_STEP][PASSED] - loc = element.getLocation(): null

25-01-2025T14:49:42 - [TEST_STEP][PASSED] - y = loc.getY(): null

25-01-2025T14:49:42 - [TEST_STEP][PASSED] - println("Y location is " + y): null

25-01-2025T14:49:42 - [TEST_STEP][PASSED] - top = getViewportTopPosition(): Current viewport's top (y) position is 668

25-01-2025T14:49:42 - [MESSAGE][PASSED] - Current viewport's top (y) position is 668

25-01-2025T14:49:42 - [TEST_STEP][PASSED] - println("Viewport top is " + top): null

25-01-2025T14:49:42 - [TEST_STEP][PASSED] - bottom = top + 600: null

25-01-2025T14:49:42 - [TEST_STEP][PASSED] - if (y - top < 150 || bottom - y < 10): null

25-01-2025T14:49:42 - [TEST_STEP][PASSED] - click(object): null

25-01-2025T14:49:42 - [MESSAGE][PASSED] - Object: '' is clicked on

25-01-2025T14:49:42 - [TEST_STEP][PASSED] - myValue = element.getAttribute("value"): null

25-01-2025T14:49:42 - [TEST_STEP][PASSED] - if (debug): null

25-01-2025T14:49:42 - [TEST_STEP][PASSED] - println("Element label is "" + myValue + """): null

25-01-2025T14:49:42 - [TEST_STEP][PASSED] - if (myValue.length() >= 4): null

25-01-2025T14:49:42 - [TEST_STEP][PASSED] - if (myValue.substring(0, 4) == "(!) "): null

25-01-2025T14:49:42 - [TEST_STEP][PASSED] - myObj = convertWebElementToTestObject(element): null

25-01-2025T14:49:42 - [TEST_STEP][PASSED] - myType = element.getAttribute("type"): null

25-01-2025T14:49:42 - [TEST_STEP][PASSED] - if (myValue in varParms[i]): null

25-01-2025T14:49:42 - [TEST_STEP][PASSED] - inList = true: null

25-01-2025T14:49:42 - [TEST_STEP][PASSED] - if (myType == "checkbox"): null

25-01-2025T14:49:42 - [TEST_STEP][PASSED] - myStatus = element.isSelected(): null

25-01-2025T14:49:42 - [TEST_STEP][PASSED] - if (debug): null

25-01-2025T14:49:42 - [TEST_STEP][PASSED] - println("Label " + myValue + " checked status is " + myStatus + " and in list status is " + inList): null

25-01-2025T14:49:42 - [TEST_STEP][PASSED] - if (toggle && myStatus && inList): null

25-01-2025T14:49:42 - [TEST_STEP][PASSED] - if (!(myStatus) && inList || myStatus && !(inList)): null

25-01-2025T14:49:42 - [TEST_STEP][PASSED] - if (debug): null

25-01-2025T14:49:42 - [TEST_STEP][PASSED] - println("Clicking " + myValue): null

25-01-2025T14:49:42 - [TEST_STEP][PASSED] - println("Clicking " + myValue): null

25-01-2025T14:49:42 - [TEST_STEP][PASSED] - click(myObj): null

25-01-2025T14:49:42 - [TEST_STEP][PASSED] - scrollToObject(object): null

25-01-2025T14:49:42 - [TEST_STEP][PASSED] - println("Converting " + object + " to web element"): null

25-01-2025T14:49:42 - [TEST_STEP][PASSED] - element = findWebElement(object, 1): null

25-01-2025T14:49:42 - [TEST_STEP][PASSED] - loc = element.getLocation(): null

25-01-2025T14:49:42 - [TEST_STEP][PASSED] - y = loc.getY(): null

25-01-2025T14:49:42 - [TEST_STEP][PASSED] - println("Y location is " + y): null

25-01-2025T14:49:42 - [TEST_STEP][PASSED] - top = getViewportTopPosition(): Current viewport's top (y) position is 668

25-01-2025T14:49:42 - [MESSAGE][PASSED] - Current viewport's top (y) position is 668

25-01-2025T14:49:42 - [TEST_STEP][PASSED] - println("Viewport top is " + top): null

25-01-2025T14:49:42 - [TEST_STEP][PASSED] - bottom = top + 600: null

25-01-2025T14:49:42 - [TEST_STEP][PASSED] - if (y - top < 150 || bottom - y < 10): null

25-01-2025T14:49:42 - [TEST_STEP][PASSED] - click(object): null

25-01-2025T14:49:42 - [MESSAGE][PASSED] - Object: '' is clicked on

25-01-2025T14:49:42 - [TEST_STEP][PASSED] - myValue = element.getAttribute("value"): null

25-01-2025T14:49:42 - [TEST_STEP][PASSED] - if (debug): null

25-01-2025T14:49:42 - [TEST_STEP][PASSED] - println("Element label is "" + myValue + """): null

25-01-2025T14:49:42 - [TEST_STEP][PASSED] - if (myValue.length() >= 4): null

25-01-2025T14:49:42 - [TEST_STEP][PASSED] - if (myValue.substring(0, 4) == "(!) "): null

25-01-2025T14:49:42 - [TEST_STEP][PASSED] - myObj = convertWebElementToTestObject(element): null

25-01-2025T14:49:42 - [TEST_STEP][PASSED] - myType = element.getAttribute("type"): null

25-01-2025T14:49:42 - [TEST_STEP][PASSED] - if (myValue in varParms[i]): null

25-01-2025T14:49:42 - [TEST_STEP][PASSED] - inList = true: null

25-01-2025T14:49:42 - [TEST_STEP][PASSED] - if (myType == "checkbox"): null

25-01-2025T14:49:42 - [TEST_STEP][PASSED] - myStatus = element.isSelected(): null

25-01-2025T14:49:42 - [TEST_STEP][PASSED] - if (debug): null

25-01-2025T14:49:42 - [TEST_STEP][PASSED] - println("Label " + myValue + " checked status is " + myStatus + " and in list status is " + inList): null

25-01-2025T14:49:42 - [TEST_STEP][PASSED] - if (toggle && myStatus && inList): null

25-01-2025T14:49:42 - [TEST_STEP][PASSED] - if (!(myStatus) && inList || myStatus && !(inList)): null

25-01-2025T14:49:42 - [TEST_STEP][PASSED] - if (debug): null

25-01-2025T14:49:42 - [TEST_STEP][PASSED] - println("Clicking " + myValue): null

25-01-2025T14:49:42 - [TEST_STEP][PASSED] - println("Clicking " + myValue): null

25-01-2025T14:49:42 - [TEST_STEP][PASSED] - click(myObj): null

25-01-2025T14:49:42 - [TEST_STEP][PASSED] - scrollToObject(object): null

25-01-2025T14:49:42 - [TEST_STEP][PASSED] - println("Converting " + object + " to web element"): null

25-01-2025T14:49:42 - [TEST_STEP][PASSED] - element = findWebElement(object, 1): null

25-01-2025T14:49:42 - [TEST_STEP][PASSED] - loc = element.getLocation(): null

25-01-2025T14:49:42 - [TEST_STEP][PASSED] - y = loc.getY(): null

25-01-2025T14:49:42 - [TEST_STEP][PASSED] - println("Y location is " + y): null

25-01-2025T14:49:42 - [TEST_STEP][PASSED] - top = getViewportTopPosition(): Current viewport's top (y) position is 668

25-01-2025T14:49:42 - [MESSAGE][PASSED] - Current viewport's top (y) position is 668

25-01-2025T14:49:42 - [TEST_STEP][PASSED] - println("Viewport top is " + top): null

25-01-2025T14:49:42 - [TEST_STEP][PASSED] - bottom = top + 600: null

25-01-2025T14:49:42 - [TEST_STEP][PASSED] - if (y - top < 150 || bottom - y < 10): null

25-01-2025T14:49:42 - [TEST_STEP][PASSED] - click(object): null

25-01-2025T14:49:42 - [MESSAGE][PASSED] - Object: '' is clicked on

25-01-2025T14:49:42 - [TEST_STEP][PASSED] - myValue = element.getAttribute("value"): null

25-01-2025T14:49:42 - [TEST_STEP][PASSED] - if (debug): null

25-01-2025T14:49:42 - [TEST_STEP][PASSED] - println("Element label is "" + myValue + """): null

25-01-2025T14:49:42 - [TEST_STEP][PASSED] - if (myValue.length() >= 4): null

25-01-2025T14:49:42 - [TEST_STEP][PASSED] - if (myValue.substring(0, 4) == "(!) "): null

25-01-2025T14:49:42 - [TEST_STEP][PASSED] - myObj = convertWebElementToTestObject(element): null

25-01-2025T14:49:42 - [TEST_STEP][PASSED] - myType = element.getAttribute("type"): null

25-01-2025T14:49:42 - [TEST_STEP][PASSED] - if (myValue in varParms[i]): null

25-01-2025T14:49:42 - [TEST_STEP][PASSED] - inList = true: null

25-01-2025T14:49:42 - [TEST_STEP][PASSED] - if (myType == "checkbox"): null

25-01-2025T14:49:42 - [TEST_STEP][PASSED] - myStatus = element.isSelected(): null

25-01-2025T14:49:42 - [TEST_STEP][PASSED] - if (debug): null

25-01-2025T14:49:42 - [TEST_STEP][PASSED] - println("Label " + myValue + " checked status is " + myStatus + " and in list status is " + inList): null

25-01-2025T14:49:42 - [TEST_STEP][PASSED] - if (toggle && myStatus && inList): null

25-01-2025T14:49:42 - [TEST_STEP][PASSED] - if (!(myStatus) && inList || myStatus && !(inList)): null

25-01-2025T14:49:42 - [TEST_STEP][PASSED] - if (debug): null

25-01-2025T14:49:42 - [TEST_STEP][PASSED] - println("Clicking " + myValue): null

25-01-2025T14:49:42 - [TEST_STEP][PASSED] - println("Clicking " + myValue): null

25-01-2025T14:49:42 - [TEST_STEP][PASSED] - click(myObj): null

25-01-2025T14:49:42 - [TEST_STEP][PASSED] - scrollToObject(object): null

25-01-2025T14:49:42 - [TEST_STEP][PASSED] - println("Converting " + object + " to web element"): null

25-01-2025T14:49:42 - [TEST_STEP][PASSED] - element = findWebElement(object, 1): null

25-01-2025T14:49:42 - [TEST_STEP][PASSED] - loc = element.getLocation(): null

25-01-2025T14:49:42 - [TEST_STEP][PASSED] - y = loc.getY(): null

25-01-2025T14:49:42 - [TEST_STEP][PASSED] - println("Y location is " + y): null

25-01-2025T14:49:42 - [TEST_STEP][PASSED] - top = getViewportTopPosition(): Current viewport's top (y) position is 668

25-01-2025T14:49:42 - [MESSAGE][PASSED] - Current viewport's top (y) position is 668

25-01-2025T14:49:42 - [TEST_STEP][PASSED] - println("Viewport top is " + top): null

25-01-2025T14:49:42 - [TEST_STEP][PASSED] - bottom = top + 600: null

25-01-2025T14:49:42 - [TEST_STEP][PASSED] - if (y - top < 150 || bottom - y < 10): null

25-01-2025T14:49:42 - [TEST_STEP][PASSED] - click(object): null

25-01-2025T14:49:42 - [MESSAGE][PASSED] - Object: '' is clicked on

25-01-2025T14:49:42 - [TEST_STEP][PASSED] - myValue = element.getAttribute("value"): null

25-01-2025T14:49:42 - [TEST_STEP][PASSED] - if (debug): null

25-01-2025T14:49:42 - [TEST_STEP][PASSED] - println("Element label is "" + myValue + """): null

25-01-2025T14:49:42 - [TEST_STEP][PASSED] - if (myValue.length() >= 4): null

25-01-2025T14:49:42 - [TEST_STEP][PASSED] - if (myValue.substring(0, 4) == "(!) "): null

25-01-2025T14:49:42 - [TEST_STEP][PASSED] - myObj = convertWebElementToTestObject(element): null

25-01-2025T14:49:42 - [TEST_STEP][PASSED] - myType = element.getAttribute("type"): null

25-01-2025T14:49:42 - [TEST_STEP][PASSED] - if (myValue in varParms[i]): null

25-01-2025T14:49:42 - [TEST_STEP][PASSED] - else: null

25-01-2025T14:49:42 - [TEST_STEP][PASSED] - inList = false: null

25-01-2025T14:49:42 - [TEST_STEP][PASSED] - if (myType == "checkbox"): null

25-01-2025T14:49:42 - [TEST_STEP][PASSED] - myStatus = element.isSelected(): null

25-01-2025T14:49:42 - [TEST_STEP][PASSED] - if (debug): null

25-01-2025T14:49:42 - [TEST_STEP][PASSED] - println("Label " + myValue + " checked status is " + myStatus + " and in list status is " + inList): null

25-01-2025T14:49:42 - [TEST_STEP][PASSED] - if (toggle && myStatus && inList): null

25-01-2025T14:49:42 - [TEST_STEP][PASSED] - if (!(myStatus) && inList || myStatus && !(inList)): null

25-01-2025T14:49:42 - [TEST_STEP][PASSED] - myValue = element.getAttribute("value"): null

25-01-2025T14:49:42 - [TEST_STEP][PASSED] - if (debug): null

25-01-2025T14:49:42 - [TEST_STEP][PASSED] - println("Element label is "" + myValue + """): null

25-01-2025T14:49:42 - [TEST_STEP][PASSED] - if (myValue.length() >= 4): null

25-01-2025T14:49:42 - [TEST_STEP][PASSED] - if (myValue.substring(0, 4) == "(!) "): null

25-01-2025T14:49:42 - [TEST_STEP][PASSED] - myObj = convertWebElementToTestObject(element): null

25-01-2025T14:49:42 - [TEST_STEP][PASSED] - myType = element.getAttribute("type"): null

25-01-2025T14:49:42 - [TEST_STEP][PASSED] - if (myValue in varParms[i]): null

25-01-2025T14:49:42 - [TEST_STEP][PASSED] - else: null

25-01-2025T14:49:42 - [TEST_STEP][PASSED] - inList = false: null

25-01-2025T14:49:42 - [TEST_STEP][PASSED] - if (myType == "checkbox"): null

25-01-2025T14:49:42 - [TEST_STEP][PASSED] - myStatus = element.isSelected(): null

25-01-2025T14:49:42 - [TEST_STEP][PASSED] - if (debug): null

25-01-2025T14:49:42 - [TEST_STEP][PASSED] - println("Label " + myValue + " checked status is " + myStatus + " and in list status is " + inList): null

25-01-2025T14:49:42 - [TEST_STEP][PASSED] - if (toggle && myStatus && inList): null

25-01-2025T14:49:42 - [TEST_STEP][PASSED] - if (!(myStatus) && inList || myStatus && !(inList)): null

25-01-2025T14:49:42 - [TEST_STEP][PASSED] - myValue = element.getAttribute("value"): null

25-01-2025T14:49:42 - [TEST_STEP][PASSED] - if (debug): null

25-01-2025T14:49:42 - [TEST_STEP][PASSED] - println("Element label is "" + myValue + """): null

25-01-2025T14:49:42 - [TEST_STEP][PASSED] - if (myValue.length() >= 4): null

25-01-2025T14:49:42 - [TEST_STEP][PASSED] - if (myValue.substring(0, 4) == "(!) "): null

25-01-2025T14:49:42 - [TEST_STEP][PASSED] - myValue = myValue.substring(4): null

25-01-2025T14:49:42 - [TEST_STEP][PASSED] - if (debug): null

25-01-2025T14:49:42 - [TEST_STEP][PASSED] - println("Modified element label is "" + myValue + """): null

25-01-2025T14:49:42 - [TEST_STEP][PASSED] - myObj = convertWebElementToTestObject(element): null

25-01-2025T14:49:42 - [TEST_STEP][PASSED] - myType = element.getAttribute("type"): null

25-01-2025T14:49:42 - [TEST_STEP][PASSED] - if (myValue in varParms[i]): null

25-01-2025T14:49:42 - [TEST_STEP][PASSED] - else: null

25-01-2025T14:49:42 - [TEST_STEP][PASSED] - inList = false: null

25-01-2025T14:49:42 - [TEST_STEP][PASSED] - if (myType == "checkbox"): null

25-01-2025T14:49:42 - [TEST_STEP][PASSED] - myStatus = element.isSelected(): null

25-01-2025T14:49:42 - [TEST_STEP][PASSED] - if (debug): null

25-01-2025T14:49:42 - [TEST_STEP][PASSED] - println("Label " + myValue + " checked status is " + myStatus + " and in list status is " + inList): null

25-01-2025T14:49:42 - [TEST_STEP][PASSED] - if (toggle && myStatus && inList): null

25-01-2025T14:49:42 - [TEST_STEP][PASSED] - if (!(myStatus) && inList || myStatus && !(inList)): null

25-01-2025T14:49:42 - [MESSAGE][PASSED] - Call Test Case 'Test Cases/_Functions/Click on Group Elements' successfully

25-01-2025T14:49:42 - [TEST_STEP][PASSED] - object = "Object Repository/Education Partner Profile/Tabs/Match Filters/btn_Complete Submit": null

25-01-2025T14:49:42 - [TEST_STEP][PASSED] - callTestCase(findTestCase("_Functions/Perform Action"), ["varAction":"click", "varObject":object], STOP_ON_FAILURE): Call Test Case 'Test Cases/_Functions/Perform Action' successfully

25-01-2025T14:49:42 - [TEST_CASE][PASSED] - Test Cases/_Functions/Perform Action: Test Cases/_Functions/Perform Action

25-01-2025T14:49:42 - [TEST_STEP][PASSED] - action = varAction: null

25-01-2025T14:49:42 - [TEST_STEP][PASSED] - println(action): null

25-01-2025T14:49:42 - [TEST_STEP][PASSED] - testObject = varObject: null

25-01-2025T14:49:42 - [TEST_STEP][PASSED] - println(testObject): null

25-01-2025T14:49:42 - [TEST_STEP][PASSED] - parm1 = varParm1: null

25-01-2025T14:49:42 - [TEST_STEP][PASSED] - println(parm1): null

25-01-2025T14:49:42 - [TEST_STEP][PASSED] - println("Converting " + testObject + " to web element"): null

25-01-2025T14:49:42 - [TEST_STEP][PASSED] - element = findWebElement(findTestObject(testObject), 1): null

25-01-2025T14:49:42 - [TEST_STEP][PASSED] - loc = element.getLocation(): null

25-01-2025T14:49:42 - [TEST_STEP][PASSED] - y = loc.getY(): null

25-01-2025T14:49:42 - [TEST_STEP][PASSED] - println("Y location is " + y): null

25-01-2025T14:49:42 - [TEST_STEP][PASSED] - top = getViewportTopPosition(): Current viewport's top (y) position is 668

25-01-2025T14:49:42 - [MESSAGE][PASSED] - Current viewport's top (y) position is 668

25-01-2025T14:49:42 - [TEST_STEP][PASSED] - println("Viewport top is " + top): null

25-01-2025T14:49:42 - [TEST_STEP][PASSED] - bottom = top + 600: null

25-01-2025T14:49:42 - [TEST_STEP][PASSED] - if (y - top < 150 || bottom - y < 10): null

25-01-2025T14:49:42 - [TEST_STEP][PASSED] - if (action == "click"): Object: 'Object Repository/Education Partner Profile/Tabs/Match Filters/btn_Complete Submit' is clicked on

25-01-2025T14:49:42 - [TEST_STEP][PASSED] - println("clicking"): null

25-01-2025T14:49:42 - [TEST_STEP][PASSED] - click(findTestObject(testObject)): Object: 'Object Repository/Education Partner Profile/Tabs/Match Filters/btn_Complete Submit' is clicked on

25-01-2025T14:49:49 - [MESSAGE][PASSED] - Object: 'Object Repository/Education Partner Profile/Tabs/Match Filters/btn_Complete Submit' is clicked on

25-01-2025T14:49:49 - [MESSAGE][PASSED] - Call Test Case 'Test Cases/_Functions/Perform Action' successfully

25-01-2025T14:49:49 - [MESSAGE][PASSED] - Call Test Case 'Test Cases/Education Partner Profile/Tabs/Set Match Filters' successfully

25-01-2025T14:49:49 - [TEST_STEP][ERROR] - if (pages.size() == 0 || "All" in pages || "Admin Info" in pages): Test Cases/Education Partner Profile/Complete Education Partner Profile FAILED.
Reason:
com.kms.katalon.core.exception.StepErrorException: Call Test Case 'Test Cases/Education Partner Profile/Tabs/Set Admin Info' failed because of error(s)
	at com.kms.katalon.core.keyword.builtin.CallTestCaseKeyword$_callTestCase_closure1.doCall(CallTestCaseKeyword.groovy:66)
	at com.kms.katalon.core.keyword.builtin.CallTestCaseKeyword$_callTestCase_closure1.call(CallTestCaseKeyword.groovy)
	at com.kms.katalon.core.keyword.internal.KeywordMain.runKeyword(KeywordMain.groovy:75)
	at com.kms.katalon.core.keyword.builtin.CallTestCaseKeyword.callTestCase(CallTestCaseKeyword.groovy:81)
	at com.kms.katalon.core.keyword.builtin.CallTestCaseKeyword.execute(CallTestCaseKeyword.groovy:44)
	at com.kms.katalon.core.keyword.internal.KeywordExecutor.executeKeywordForPlatform(KeywordExecutor.groovy:74)
	at com.kms.katalon.core.keyword.BuiltinKeywords.callTestCase(BuiltinKeywords.groovy:310)
	at jdk.internal.reflect.GeneratedMethodAccessor30.invoke(Unknown Source)
	at java.base/jdk.internal.reflect.DelegatingMethodAccessorImpl.invoke(DelegatingMethodAccessorImpl.java:43)
	at Complete Education Partner Profile.run(Complete Education Partner Profile:216)
	at com.kms.katalon.core.main.ScriptEngine.run(ScriptEngine.java:194)
	at com.kms.katalon.core.main.ScriptEngine.runScriptAsRawText(ScriptEngine.java:119)
	at com.kms.katalon.core.main.TestCaseExecutor.runScript(TestCaseExecutor.java:448)
	at com.kms.katalon.core.main.TestCaseExecutor.doExecute(TestCaseExecutor.java:439)
	at com.kms.katalon.core.main.TestCaseExecutor.processExecutionPhase(TestCaseExecutor.java:418)
	at com.kms.katalon.core.main.TestCaseExecutor.accessMainPhase(TestCaseExecutor.java:410)
	at com.kms.katalon.core.main.TestCaseExecutor.execute(TestCaseExecutor.java:285)
	at com.kms.katalon.core.main.TestCaseMain.runTestCase(TestCaseMain.java:137)
	at com.kms.katalon.core.keyword.builtin.CallTestCaseKeyword$_callTestCase_closure1.doCall(CallTestCaseKeyword.groovy:59)
	at com.kms.katalon.core.keyword.builtin.CallTestCaseKeyword$_callTestCase_closure1.call(CallTestCaseKeyword.groovy)
	at com.kms.katalon.core.keyword.internal.KeywordMain.runKeyword(KeywordMain.groovy:75)
	at com.kms.katalon.core.keyword.builtin.CallTestCaseKeyword.callTestCase(CallTestCaseKeyword.groovy:81)
	at com.kms.katalon.core.keyword.builtin.CallTestCaseKeyword.execute(CallTestCaseKeyword.groovy:44)
	at com.kms.katalon.core.keyword.internal.KeywordExecutor.executeKeywordForPlatform(KeywordExecutor.groovy:74)
	at com.kms.katalon.core.keyword.BuiltinKeywords.callTestCase(BuiltinKeywords.groovy:310)
	at jdk.internal.reflect.GeneratedMethodAccessor30.invoke(Unknown Source)
	at java.base/jdk.internal.reflect.DelegatingMethodAccessorImpl.invoke(DelegatingMethodAccessorImpl.java:43)
	at Register Education Partner.run(Register Education Partner:401)
	at com.kms.katalon.core.main.ScriptEngine.run(ScriptEngine.java:194)
	at com.kms.katalon.core.main.ScriptEngine.runScriptAsRawText(ScriptEngine.java:119)
	at com.kms.katalon.core.main.TestCaseExecutor.runScript(TestCaseExecutor.java:448)
	at com.kms.katalon.core.main.TestCaseExecutor.doExecute(TestCaseExecutor.java:439)
	at com.kms.katalon.core.main.TestCaseExecutor.processExecutionPhase(TestCaseExecutor.java:418)
	at com.kms.katalon.core.main.TestCaseExecutor.accessMainPhase(TestCaseExecutor.java:410)
	at com.kms.katalon.core.main.TestCaseExecutor.execute(TestCaseExecutor.java:285)
	at com.kms.katalon.core.common.CommonExecutor.accessTestCaseMainPhase(CommonExecutor.java:65)
	at com.kms.katalon.core.main.TestSuiteExecutor.accessTestSuiteMainPhase(TestSuiteExecutor.java:150)
	at com.kms.katalon.core.main.TestSuiteExecutor.execute(TestSuiteExecutor.java:106)
	at com.kms.katalon.core.main.TestCaseMain.startTestSuite(TestCaseMain.java:180)
	at TempTestSuite1737837875715.run(TempTestSuite1737837875715.groovy:35)
	at java.base/jdk.internal.reflect.NativeMethodAccessorImpl.invoke0(Native Method)
	at java.base/jdk.internal.reflect.NativeMethodAccessorImpl.invoke(NativeMethodAccessorImpl.java:77)
	at java.base/jdk.internal.reflect.DelegatingMethodAccessorImpl.invoke(DelegatingMethodAccessorImpl.java:43)
Caused by: com.kms.katalon.core.exception.StepErrorException: Call Test Case 'Test Cases/_Functions/Perform Action' failed because of error(s)
	at com.kms.katalon.core.keyword.builtin.CallTestCaseKeyword$_callTestCase_closure1.doCall(CallTestCaseKeyword.groovy:66)
	at com.kms.katalon.core.keyword.builtin.CallTestCaseKeyword$_callTestCase_closure1.call(CallTestCaseKeyword.groovy)
	at com.kms.katalon.core.keyword.internal.KeywordMain.runKeyword(KeywordMain.groovy:75)
	at com.kms.katalon.core.keyword.builtin.CallTestCaseKeyword.callTestCase(CallTestCaseKeyword.groovy:81)
	at com.kms.katalon.core.keyword.builtin.CallTestCaseKeyword.execute(CallTestCaseKeyword.groovy:44)
	at com.kms.katalon.core.keyword.internal.KeywordExecutor.executeKeywordForPlatform(KeywordExecutor.groovy:74)
	at com.kms.katalon.core.keyword.BuiltinKeywords.callTestCase(BuiltinKeywords.groovy:310)
	at jdk.internal.reflect.GeneratedMethodAccessor30.invoke(Unknown Source)
	at java.base/jdk.internal.reflect.DelegatingMethodAccessorImpl.invoke(DelegatingMethodAccessorImpl.java:43)
	at Set Admin Info.run(Set Admin Info:81)
	at com.kms.katalon.core.main.ScriptEngine.run(ScriptEngine.java:194)
	at com.kms.katalon.core.main.ScriptEngine.runScriptAsRawText(ScriptEngine.java:119)
	at com.kms.katalon.core.main.TestCaseExecutor.runScript(TestCaseExecutor.java:448)
	at com.kms.katalon.core.main.TestCaseExecutor.doExecute(TestCaseExecutor.java:439)
	at com.kms.katalon.core.main.TestCaseExecutor.processExecutionPhase(TestCaseExecutor.java:418)
	at com.kms.katalon.core.main.TestCaseExecutor.accessMainPhase(TestCaseExecutor.java:410)
	at com.kms.katalon.core.main.TestCaseExecutor.execute(TestCaseExecutor.java:285)
	at com.kms.katalon.core.main.TestCaseMain.runTestCase(TestCaseMain.java:137)
	at com.kms.katalon.core.keyword.builtin.CallTestCaseKeyword$_callTestCase_closure1.doCall(CallTestCaseKeyword.groovy:59)
	... 42 more
Caused by: com.kms.katalon.core.webui.exception.WebElementNotFoundException: Web element with id: 'Object Repository/Education Partner Profile/Tabs/a_Admin Info' located by '//a[@id='ui-id-7']' not found
	at com.kms.katalon.core.webui.common.WebUiCommonHelper.findWebElement(WebUiCommonHelper.java:1423)
	at Perform Action.run(Perform Action:32)
	at com.kms.katalon.core.main.ScriptEngine.run(ScriptEngine.java:194)
	at com.kms.katalon.core.main.ScriptEngine.runScriptAsRawText(ScriptEngine.java:119)
	at com.kms.katalon.core.main.TestCaseExecutor.runScript(TestCaseExecutor.java:448)
	at com.kms.katalon.core.main.TestCaseExecutor.doExecute(TestCaseExecutor.java:439)
	at com.kms.katalon.core.main.TestCaseExecutor.processExecutionPhase(TestCaseExecutor.java:418)
	at com.kms.katalon.core.main.TestCaseExecutor.accessMainPhase(TestCaseExecutor.java:410)
	at com.kms.katalon.core.main.TestCaseExecutor.execute(TestCaseExecutor.java:285)
	at com.kms.katalon.core.main.TestCaseMain.runTestCase(TestCaseMain.java:137)
	at com.kms.katalon.core.keyword.builtin.CallTestCaseKeyword$_callTestCase_closure1.doCall(CallTestCaseKeyword.groovy:59)
	... 60 more


25-01-2025T14:49:49 - [TEST_STEP][PASSED] - mission_statement = "Will submit by email.": null

25-01-2025T14:49:49 - [TEST_STEP][PASSED] - meet_christian_school_qualifications = "Not sure. Contact MissionNext Education": null

25-01-2025T14:49:49 - [TEST_STEP][PASSED] - partnership_agreement = []: null

25-01-2025T14:49:49 - [TEST_STEP][PASSED] - terms_and_conditions = []: null

25-01-2025T14:49:49 - [TEST_STEP][ERROR] - callTestCase(findTestCase("Education Partner Profile/Tabs/Set Admin Info"), ["varMission_statement":mission_statement, "varMeet_christian_school_qualifications":meet_christian_school_qualifications, ... ], STOP_ON_FAILURE): Test Cases/Education Partner Profile/Complete Education Partner Profile FAILED.
Reason:
com.kms.katalon.core.exception.StepErrorException: Call Test Case 'Test Cases/Education Partner Profile/Tabs/Set Admin Info' failed because of error(s)
	at com.kms.katalon.core.keyword.builtin.CallTestCaseKeyword$_callTestCase_closure1.doCall(CallTestCaseKeyword.groovy:66)
	at com.kms.katalon.core.keyword.builtin.CallTestCaseKeyword$_callTestCase_closure1.call(CallTestCaseKeyword.groovy)
	at com.kms.katalon.core.keyword.internal.KeywordMain.runKeyword(KeywordMain.groovy:75)
	at com.kms.katalon.core.keyword.builtin.CallTestCaseKeyword.callTestCase(CallTestCaseKeyword.groovy:81)
	at com.kms.katalon.core.keyword.builtin.CallTestCaseKeyword.execute(CallTestCaseKeyword.groovy:44)
	at com.kms.katalon.core.keyword.internal.KeywordExecutor.executeKeywordForPlatform(KeywordExecutor.groovy:74)
	at com.kms.katalon.core.keyword.BuiltinKeywords.callTestCase(BuiltinKeywords.groovy:310)
	at jdk.internal.reflect.GeneratedMethodAccessor30.invoke(Unknown Source)
	at java.base/jdk.internal.reflect.DelegatingMethodAccessorImpl.invoke(DelegatingMethodAccessorImpl.java:43)
	at Complete Education Partner Profile.run(Complete Education Partner Profile:216)
	at com.kms.katalon.core.main.ScriptEngine.run(ScriptEngine.java:194)
	at com.kms.katalon.core.main.ScriptEngine.runScriptAsRawText(ScriptEngine.java:119)
	at com.kms.katalon.core.main.TestCaseExecutor.runScript(TestCaseExecutor.java:448)
	at com.kms.katalon.core.main.TestCaseExecutor.doExecute(TestCaseExecutor.java:439)
	at com.kms.katalon.core.main.TestCaseExecutor.processExecutionPhase(TestCaseExecutor.java:418)
	at com.kms.katalon.core.main.TestCaseExecutor.accessMainPhase(TestCaseExecutor.java:410)
	at com.kms.katalon.core.main.TestCaseExecutor.execute(TestCaseExecutor.java:285)
	at com.kms.katalon.core.main.TestCaseMain.runTestCase(TestCaseMain.java:137)
	at com.kms.katalon.core.keyword.builtin.CallTestCaseKeyword$_callTestCase_closure1.doCall(CallTestCaseKeyword.groovy:59)
	at com.kms.katalon.core.keyword.builtin.CallTestCaseKeyword$_callTestCase_closure1.call(CallTestCaseKeyword.groovy)
	at com.kms.katalon.core.keyword.internal.KeywordMain.runKeyword(KeywordMain.groovy:75)
	at com.kms.katalon.core.keyword.builtin.CallTestCaseKeyword.callTestCase(CallTestCaseKeyword.groovy:81)
	at com.kms.katalon.core.keyword.builtin.CallTestCaseKeyword.execute(CallTestCaseKeyword.groovy:44)
	at com.kms.katalon.core.keyword.internal.KeywordExecutor.executeKeywordForPlatform(KeywordExecutor.groovy:74)
	at com.kms.katalon.core.keyword.BuiltinKeywords.callTestCase(BuiltinKeywords.groovy:310)
	at jdk.internal.reflect.GeneratedMethodAccessor30.invoke(Unknown Source)
	at java.base/jdk.internal.reflect.DelegatingMethodAccessorImpl.invoke(DelegatingMethodAccessorImpl.java:43)
	at Register Education Partner.run(Register Education Partner:401)
	at com.kms.katalon.core.main.ScriptEngine.run(ScriptEngine.java:194)
	at com.kms.katalon.core.main.ScriptEngine.runScriptAsRawText(ScriptEngine.java:119)
	at com.kms.katalon.core.main.TestCaseExecutor.runScript(TestCaseExecutor.java:448)
	at com.kms.katalon.core.main.TestCaseExecutor.doExecute(TestCaseExecutor.java:439)
	at com.kms.katalon.core.main.TestCaseExecutor.processExecutionPhase(TestCaseExecutor.java:418)
	at com.kms.katalon.core.main.TestCaseExecutor.accessMainPhase(TestCaseExecutor.java:410)
	at com.kms.katalon.core.main.TestCaseExecutor.execute(TestCaseExecutor.java:285)
	at com.kms.katalon.core.common.CommonExecutor.accessTestCaseMainPhase(CommonExecutor.java:65)
	at com.kms.katalon.core.main.TestSuiteExecutor.accessTestSuiteMainPhase(TestSuiteExecutor.java:150)
	at com.kms.katalon.core.main.TestSuiteExecutor.execute(TestSuiteExecutor.java:106)
	at com.kms.katalon.core.main.TestCaseMain.startTestSuite(TestCaseMain.java:180)
	at TempTestSuite1737837875715.run(TempTestSuite1737837875715.groovy:35)
	at java.base/jdk.internal.reflect.NativeMethodAccessorImpl.invoke0(Native Method)
	at java.base/jdk.internal.reflect.NativeMethodAccessorImpl.invoke(NativeMethodAccessorImpl.java:77)
	at java.base/jdk.internal.reflect.DelegatingMethodAccessorImpl.invoke(DelegatingMethodAccessorImpl.java:43)
Caused by: com.kms.katalon.core.exception.StepErrorException: Call Test Case 'Test Cases/_Functions/Perform Action' failed because of error(s)
	at com.kms.katalon.core.keyword.builtin.CallTestCaseKeyword$_callTestCase_closure1.doCall(CallTestCaseKeyword.groovy:66)
	at com.kms.katalon.core.keyword.builtin.CallTestCaseKeyword$_callTestCase_closure1.call(CallTestCaseKeyword.groovy)
	at com.kms.katalon.core.keyword.internal.KeywordMain.runKeyword(KeywordMain.groovy:75)
	at com.kms.katalon.core.keyword.builtin.CallTestCaseKeyword.callTestCase(CallTestCaseKeyword.groovy:81)
	at com.kms.katalon.core.keyword.builtin.CallTestCaseKeyword.execute(CallTestCaseKeyword.groovy:44)
	at com.kms.katalon.core.keyword.internal.KeywordExecutor.executeKeywordForPlatform(KeywordExecutor.groovy:74)
	at com.kms.katalon.core.keyword.BuiltinKeywords.callTestCase(BuiltinKeywords.groovy:310)
	at jdk.internal.reflect.GeneratedMethodAccessor30.invoke(Unknown Source)
	at java.base/jdk.internal.reflect.DelegatingMethodAccessorImpl.invoke(DelegatingMethodAccessorImpl.java:43)
	at Set Admin Info.run(Set Admin Info:81)
	at com.kms.katalon.core.main.ScriptEngine.run(ScriptEngine.java:194)
	at com.kms.katalon.core.main.ScriptEngine.runScriptAsRawText(ScriptEngine.java:119)
	at com.kms.katalon.core.main.TestCaseExecutor.runScript(TestCaseExecutor.java:448)
	at com.kms.katalon.core.main.TestCaseExecutor.doExecute(TestCaseExecutor.java:439)
	at com.kms.katalon.core.main.TestCaseExecutor.processExecutionPhase(TestCaseExecutor.java:418)
	at com.kms.katalon.core.main.TestCaseExecutor.accessMainPhase(TestCaseExecutor.java:410)
	at com.kms.katalon.core.main.TestCaseExecutor.execute(TestCaseExecutor.java:285)
	at com.kms.katalon.core.main.TestCaseMain.runTestCase(TestCaseMain.java:137)
	at com.kms.katalon.core.keyword.builtin.CallTestCaseKeyword$_callTestCase_closure1.doCall(CallTestCaseKeyword.groovy:59)
	... 42 more
Caused by: com.kms.katalon.core.webui.exception.WebElementNotFoundException: Web element with id: 'Object Repository/Education Partner Profile/Tabs/a_Admin Info' located by '//a[@id='ui-id-7']' not found
	at com.kms.katalon.core.webui.common.WebUiCommonHelper.findWebElement(WebUiCommonHelper.java:1423)
	at Perform Action.run(Perform Action:32)
	at com.kms.katalon.core.main.ScriptEngine.run(ScriptEngine.java:194)
	at com.kms.katalon.core.main.ScriptEngine.runScriptAsRawText(ScriptEngine.java:119)
	at com.kms.katalon.core.main.TestCaseExecutor.runScript(TestCaseExecutor.java:448)
	at com.kms.katalon.core.main.TestCaseExecutor.doExecute(TestCaseExecutor.java:439)
	at com.kms.katalon.core.main.TestCaseExecutor.processExecutionPhase(TestCaseExecutor.java:418)
	at com.kms.katalon.core.main.TestCaseExecutor.accessMainPhase(TestCaseExecutor.java:410)
	at com.kms.katalon.core.main.TestCaseExecutor.execute(TestCaseExecutor.java:285)
	at com.kms.katalon.core.main.TestCaseMain.runTestCase(TestCaseMain.java:137)
	at com.kms.katalon.core.keyword.builtin.CallTestCaseKeyword$_callTestCase_closure1.doCall(CallTestCaseKeyword.groovy:59)
	... 60 more


25-01-2025T14:49:49 - [TEST_CASE][ERROR] - Test Cases/Education Partner Profile/Tabs/Set Admin Info: Test Cases/Education Partner Profile/Tabs/Set Admin Info FAILED.
Reason:
com.kms.katalon.core.exception.StepErrorException: Call Test Case 'Test Cases/_Functions/Perform Action' failed because of error(s)
	at com.kms.katalon.core.keyword.builtin.CallTestCaseKeyword$_callTestCase_closure1.doCall(CallTestCaseKeyword.groovy:66)
	at com.kms.katalon.core.keyword.builtin.CallTestCaseKeyword$_callTestCase_closure1.call(CallTestCaseKeyword.groovy)
	at com.kms.katalon.core.keyword.internal.KeywordMain.runKeyword(KeywordMain.groovy:75)
	at com.kms.katalon.core.keyword.builtin.CallTestCaseKeyword.callTestCase(CallTestCaseKeyword.groovy:81)
	at com.kms.katalon.core.keyword.builtin.CallTestCaseKeyword.execute(CallTestCaseKeyword.groovy:44)
	at com.kms.katalon.core.keyword.internal.KeywordExecutor.executeKeywordForPlatform(KeywordExecutor.groovy:74)
	at com.kms.katalon.core.keyword.BuiltinKeywords.callTestCase(BuiltinKeywords.groovy:310)
	at jdk.internal.reflect.GeneratedMethodAccessor30.invoke(Unknown Source)
	at java.base/jdk.internal.reflect.DelegatingMethodAccessorImpl.invoke(DelegatingMethodAccessorImpl.java:43)
	at Set Admin Info.run(Set Admin Info:81)
	at com.kms.katalon.core.main.ScriptEngine.run(ScriptEngine.java:194)
	at com.kms.katalon.core.main.ScriptEngine.runScriptAsRawText(ScriptEngine.java:119)
	at com.kms.katalon.core.main.TestCaseExecutor.runScript(TestCaseExecutor.java:448)
	at com.kms.katalon.core.main.TestCaseExecutor.doExecute(TestCaseExecutor.java:439)
	at com.kms.katalon.core.main.TestCaseExecutor.processExecutionPhase(TestCaseExecutor.java:418)
	at com.kms.katalon.core.main.TestCaseExecutor.accessMainPhase(TestCaseExecutor.java:410)
	at com.kms.katalon.core.main.TestCaseExecutor.execute(TestCaseExecutor.java:285)
	at com.kms.katalon.core.main.TestCaseMain.runTestCase(TestCaseMain.java:137)
	at com.kms.katalon.core.keyword.builtin.CallTestCaseKeyword$_callTestCase_closure1.doCall(CallTestCaseKeyword.groovy:59)
	at com.kms.katalon.core.keyword.builtin.CallTestCaseKeyword$_callTestCase_closure1.call(CallTestCaseKeyword.groovy)
	at com.kms.katalon.core.keyword.internal.KeywordMain.runKeyword(KeywordMain.groovy:75)
	at com.kms.katalon.core.keyword.builtin.CallTestCaseKeyword.callTestCase(CallTestCaseKeyword.groovy:81)
	at com.kms.katalon.core.keyword.builtin.CallTestCaseKeyword.execute(CallTestCaseKeyword.groovy:44)
	at com.kms.katalon.core.keyword.internal.KeywordExecutor.executeKeywordForPlatform(KeywordExecutor.groovy:74)
	at com.kms.katalon.core.keyword.BuiltinKeywords.callTestCase(BuiltinKeywords.groovy:310)
	at jdk.internal.reflect.GeneratedMethodAccessor30.invoke(Unknown Source)
	at java.base/jdk.internal.reflect.DelegatingMethodAccessorImpl.invoke(DelegatingMethodAccessorImpl.java:43)
	at Complete Education Partner Profile.run(Complete Education Partner Profile:216)
	at com.kms.katalon.core.main.ScriptEngine.run(ScriptEngine.java:194)
	at com.kms.katalon.core.main.ScriptEngine.runScriptAsRawText(ScriptEngine.java:119)
	at com.kms.katalon.core.main.TestCaseExecutor.runScript(TestCaseExecutor.java:448)
	at com.kms.katalon.core.main.TestCaseExecutor.doExecute(TestCaseExecutor.java:439)
	at com.kms.katalon.core.main.TestCaseExecutor.processExecutionPhase(TestCaseExecutor.java:418)
	at com.kms.katalon.core.main.TestCaseExecutor.accessMainPhase(TestCaseExecutor.java:410)
	at com.kms.katalon.core.main.TestCaseExecutor.execute(TestCaseExecutor.java:285)
	at com.kms.katalon.core.main.TestCaseMain.runTestCase(TestCaseMain.java:137)
	at com.kms.katalon.core.keyword.builtin.CallTestCaseKeyword$_callTestCase_closure1.doCall(CallTestCaseKeyword.groovy:59)
	at com.kms.katalon.core.keyword.builtin.CallTestCaseKeyword$_callTestCase_closure1.call(CallTestCaseKeyword.groovy)
	at com.kms.katalon.core.keyword.internal.KeywordMain.runKeyword(KeywordMain.groovy:75)
	at com.kms.katalon.core.keyword.builtin.CallTestCaseKeyword.callTestCase(CallTestCaseKeyword.groovy:81)
	at com.kms.katalon.core.keyword.builtin.CallTestCaseKeyword.execute(CallTestCaseKeyword.groovy:44)
	at com.kms.katalon.core.keyword.internal.KeywordExecutor.executeKeywordForPlatform(KeywordExecutor.groovy:74)
	at com.kms.katalon.core.keyword.BuiltinKeywords.callTestCase(BuiltinKeywords.groovy:310)
	at jdk.internal.reflect.GeneratedMethodAccessor30.invoke(Unknown Source)
	at java.base/jdk.internal.reflect.DelegatingMethodAccessorImpl.invoke(DelegatingMethodAccessorImpl.java:43)
	at Register Education Partner.run(Register Education Partner:401)
	at com.kms.katalon.core.main.ScriptEngine.run(ScriptEngine.java:194)
	at com.kms.katalon.core.main.ScriptEngine.runScriptAsRawText(ScriptEngine.java:119)
	at com.kms.katalon.core.main.TestCaseExecutor.runScript(TestCaseExecutor.java:448)
	at com.kms.katalon.core.main.TestCaseExecutor.doExecute(TestCaseExecutor.java:439)
	at com.kms.katalon.core.main.TestCaseExecutor.processExecutionPhase(TestCaseExecutor.java:418)
	at com.kms.katalon.core.main.TestCaseExecutor.accessMainPhase(TestCaseExecutor.java:410)
	at com.kms.katalon.core.main.TestCaseExecutor.execute(TestCaseExecutor.java:285)
	at com.kms.katalon.core.common.CommonExecutor.accessTestCaseMainPhase(CommonExecutor.java:65)
	at com.kms.katalon.core.main.TestSuiteExecutor.accessTestSuiteMainPhase(TestSuiteExecutor.java:150)
	at com.kms.katalon.core.main.TestSuiteExecutor.execute(TestSuiteExecutor.java:106)
	at com.kms.katalon.core.main.TestCaseMain.startTestSuite(TestCaseMain.java:180)
	at TempTestSuite1737837875715.run(TempTestSuite1737837875715.groovy:35)
	at java.base/jdk.internal.reflect.NativeMethodAccessorImpl.invoke0(Native Method)
	at java.base/jdk.internal.reflect.NativeMethodAccessorImpl.invoke(NativeMethodAccessorImpl.java:77)
	at java.base/jdk.internal.reflect.DelegatingMethodAccessorImpl.invoke(DelegatingMethodAccessorImpl.java:43)
Caused by: com.kms.katalon.core.webui.exception.WebElementNotFoundException: Web element with id: 'Object Repository/Education Partner Profile/Tabs/a_Admin Info' located by '//a[@id='ui-id-7']' not found
	at com.kms.katalon.core.webui.common.WebUiCommonHelper.findWebElement(WebUiCommonHelper.java:1423)
	at Perform Action.run(Perform Action:32)
	at com.kms.katalon.core.main.ScriptEngine.run(ScriptEngine.java:194)
	at com.kms.katalon.core.main.ScriptEngine.runScriptAsRawText(ScriptEngine.java:119)
	at com.kms.katalon.core.main.TestCaseExecutor.runScript(TestCaseExecutor.java:448)
	at com.kms.katalon.core.main.TestCaseExecutor.doExecute(TestCaseExecutor.java:439)
	at com.kms.katalon.core.main.TestCaseExecutor.processExecutionPhase(TestCaseExecutor.java:418)
	at com.kms.katalon.core.main.TestCaseExecutor.accessMainPhase(TestCaseExecutor.java:410)
	at com.kms.katalon.core.main.TestCaseExecutor.execute(TestCaseExecutor.java:285)
	at com.kms.katalon.core.main.TestCaseMain.runTestCase(TestCaseMain.java:137)
	at com.kms.katalon.core.keyword.builtin.CallTestCaseKeyword$_callTestCase_closure1.doCall(CallTestCaseKeyword.groovy:59)
	... 60 more


25-01-2025T14:49:49 - [TEST_STEP][PASSED] - username = username: null

25-01-2025T14:49:49 - [TEST_STEP][PASSED] - if (username != "cktest06ep"): null

25-01-2025T14:49:49 - [TEST_STEP][PASSED] - domain = domain: null

25-01-2025T14:49:49 - [TEST_STEP][PASSED] - writeFile = false: null

25-01-2025T14:49:49 - [TEST_STEP][PASSED] - testName = "Education Partner Admin Info Tab": null

25-01-2025T14:49:49 - [TEST_STEP][PASSED] - outFile = callTestCase(findTestCase("_Functions/Set Output File"), ["varTestName":testName], STOP_ON_FAILURE): Call Test Case 'Test Cases/_Functions/Set Output File' successfully

25-01-2025T14:49:49 - [TEST_CASE][PASSED] - Test Cases/_Functions/Set Output File: Test Cases/_Functions/Set Output File

25-01-2025T14:49:49 - [TEST_STEP][PASSED] - testName = varTestName: null

25-01-2025T14:49:49 - [TEST_STEP][PASSED] - domain = domain: null

25-01-2025T14:49:49 - [TEST_STEP][PASSED] - writeFile = false: null

25-01-2025T14:49:49 - [TEST_STEP][PASSED] - if (outFile != ""): null

25-01-2025T14:49:49 - [TEST_STEP][PASSED] - myFile = outFile: null

25-01-2025T14:49:49 - [TEST_STEP][PASSED] - println(myFile): null

25-01-2025T14:49:49 - [TEST_STEP][PASSED] - outFile = new java.io.File(myFile): null

25-01-2025T14:49:49 - [TEST_STEP][PASSED] - writeFile = true: null

25-01-2025T14:49:49 - [TEST_STEP][PASSED] - if (!(writeFile)): null

25-01-2025T14:49:49 - [TEST_STEP][PASSED] - else: null

25-01-2025T14:49:49 - [TEST_STEP][PASSED] - outFile.append("
Testing " + testName + " on " + domain + ".
"): null

25-01-2025T14:49:49 - [TEST_STEP][PASSED] - return outFile: null

25-01-2025T14:49:49 - [MESSAGE][PASSED] - Call Test Case 'Test Cases/_Functions/Set Output File' successfully

25-01-2025T14:49:49 - [TEST_STEP][PASSED] - parms = [varPartnership_agreement, varTerms_and_conditions]: null

25-01-2025T14:49:49 - [TEST_STEP][PASSED] - partnership_agreement = "//input[@id='profile_group-1456435706.801_partner_agreement']": null

25-01-2025T14:49:49 - [TEST_STEP][PASSED] - terms_and_conditions = "//input[@id='profile_group-1456435706.801_terms_and_conditions']": null

25-01-2025T14:49:49 - [TEST_STEP][PASSED] - xpaths = [partnership_agreement, terms_and_conditions]: null

25-01-2025T14:49:49 - [TEST_STEP][PASSED] - tooltipImagePath = "/Users/cckozie/git/MissionNext-Katalon-Koz/images/education partner/tabs/admin info/": null

25-01-2025T14:49:49 - [TEST_STEP][PASSED] - testObjectFolder = "Education partner Profile/Tabs/Admin Info/": null

25-01-2025T14:49:49 - [TEST_STEP][PASSED] - tooltips = ["dummy":"dummy", "Mission Statement":"img_Mission Statement_field-tooltip"]: null

25-01-2025T14:49:49 - [TEST_STEP][PASSED] - tooltipText = ["Mission Statement":"Add web address from website where the mission statement is displayed."]: null

25-01-2025T14:49:49 - [TEST_STEP][PASSED] - requiredFieldMsgs = []: null

25-01-2025T14:49:49 - [TEST_STEP][PASSED] - pageLinks = ["School Qualifications":"SCHOOL QUALIFICATIONS", "Contact MissionNext":"Contact MissionNext", "Partnership Agreement":"PARTNERSHIP AGREEMENT", ... ]: null

25-01-2025T14:49:49 - [TEST_STEP][PASSED] - object = "Education Partner Profile/Tabs/a_Admin Info": null

25-01-2025T14:49:49 - [TEST_STEP][ERROR] - callTestCase(findTestCase("_Functions/Perform Action"), ["varAction":"click", "varObject":object], STOP_ON_FAILURE): Test Cases/Education Partner Profile/Tabs/Set Admin Info FAILED.
Reason:
com.kms.katalon.core.exception.StepErrorException: Call Test Case 'Test Cases/_Functions/Perform Action' failed because of error(s)
	at com.kms.katalon.core.keyword.builtin.CallTestCaseKeyword$_callTestCase_closure1.doCall(CallTestCaseKeyword.groovy:66)
	at com.kms.katalon.core.keyword.builtin.CallTestCaseKeyword$_callTestCase_closure1.call(CallTestCaseKeyword.groovy)
	at com.kms.katalon.core.keyword.internal.KeywordMain.runKeyword(KeywordMain.groovy:75)
	at com.kms.katalon.core.keyword.builtin.CallTestCaseKeyword.callTestCase(CallTestCaseKeyword.groovy:81)
	at com.kms.katalon.core.keyword.builtin.CallTestCaseKeyword.execute(CallTestCaseKeyword.groovy:44)
	at com.kms.katalon.core.keyword.internal.KeywordExecutor.executeKeywordForPlatform(KeywordExecutor.groovy:74)
	at com.kms.katalon.core.keyword.BuiltinKeywords.callTestCase(BuiltinKeywords.groovy:310)
	at jdk.internal.reflect.GeneratedMethodAccessor30.invoke(Unknown Source)
	at java.base/jdk.internal.reflect.DelegatingMethodAccessorImpl.invoke(DelegatingMethodAccessorImpl.java:43)
	at Set Admin Info.run(Set Admin Info:81)
	at com.kms.katalon.core.main.ScriptEngine.run(ScriptEngine.java:194)
	at com.kms.katalon.core.main.ScriptEngine.runScriptAsRawText(ScriptEngine.java:119)
	at com.kms.katalon.core.main.TestCaseExecutor.runScript(TestCaseExecutor.java:448)
	at com.kms.katalon.core.main.TestCaseExecutor.doExecute(TestCaseExecutor.java:439)
	at com.kms.katalon.core.main.TestCaseExecutor.processExecutionPhase(TestCaseExecutor.java:418)
	at com.kms.katalon.core.main.TestCaseExecutor.accessMainPhase(TestCaseExecutor.java:410)
	at com.kms.katalon.core.main.TestCaseExecutor.execute(TestCaseExecutor.java:285)
	at com.kms.katalon.core.main.TestCaseMain.runTestCase(TestCaseMain.java:137)
	at com.kms.katalon.core.keyword.builtin.CallTestCaseKeyword$_callTestCase_closure1.doCall(CallTestCaseKeyword.groovy:59)
	at com.kms.katalon.core.keyword.builtin.CallTestCaseKeyword$_callTestCase_closure1.call(CallTestCaseKeyword.groovy)
	at com.kms.katalon.core.keyword.internal.KeywordMain.runKeyword(KeywordMain.groovy:75)
	at com.kms.katalon.core.keyword.builtin.CallTestCaseKeyword.callTestCase(CallTestCaseKeyword.groovy:81)
	at com.kms.katalon.core.keyword.builtin.CallTestCaseKeyword.execute(CallTestCaseKeyword.groovy:44)
	at com.kms.katalon.core.keyword.internal.KeywordExecutor.executeKeywordForPlatform(KeywordExecutor.groovy:74)
	at com.kms.katalon.core.keyword.BuiltinKeywords.callTestCase(BuiltinKeywords.groovy:310)
	at jdk.internal.reflect.GeneratedMethodAccessor30.invoke(Unknown Source)
	at java.base/jdk.internal.reflect.DelegatingMethodAccessorImpl.invoke(DelegatingMethodAccessorImpl.java:43)
	at Complete Education Partner Profile.run(Complete Education Partner Profile:216)
	at com.kms.katalon.core.main.ScriptEngine.run(ScriptEngine.java:194)
	at com.kms.katalon.core.main.ScriptEngine.runScriptAsRawText(ScriptEngine.java:119)
	at com.kms.katalon.core.main.TestCaseExecutor.runScript(TestCaseExecutor.java:448)
	at com.kms.katalon.core.main.TestCaseExecutor.doExecute(TestCaseExecutor.java:439)
	at com.kms.katalon.core.main.TestCaseExecutor.processExecutionPhase(TestCaseExecutor.java:418)
	at com.kms.katalon.core.main.TestCaseExecutor.accessMainPhase(TestCaseExecutor.java:410)
	at com.kms.katalon.core.main.TestCaseExecutor.execute(TestCaseExecutor.java:285)
	at com.kms.katalon.core.main.TestCaseMain.runTestCase(TestCaseMain.java:137)
	at com.kms.katalon.core.keyword.builtin.CallTestCaseKeyword$_callTestCase_closure1.doCall(CallTestCaseKeyword.groovy:59)
	at com.kms.katalon.core.keyword.builtin.CallTestCaseKeyword$_callTestCase_closure1.call(CallTestCaseKeyword.groovy)
	at com.kms.katalon.core.keyword.internal.KeywordMain.runKeyword(KeywordMain.groovy:75)
	at com.kms.katalon.core.keyword.builtin.CallTestCaseKeyword.callTestCase(CallTestCaseKeyword.groovy:81)
	at com.kms.katalon.core.keyword.builtin.CallTestCaseKeyword.execute(CallTestCaseKeyword.groovy:44)
	at com.kms.katalon.core.keyword.internal.KeywordExecutor.executeKeywordForPlatform(KeywordExecutor.groovy:74)
	at com.kms.katalon.core.keyword.BuiltinKeywords.callTestCase(BuiltinKeywords.groovy:310)
	at jdk.internal.reflect.GeneratedMethodAccessor30.invoke(Unknown Source)
	at java.base/jdk.internal.reflect.DelegatingMethodAccessorImpl.invoke(DelegatingMethodAccessorImpl.java:43)
	at Register Education Partner.run(Register Education Partner:401)
	at com.kms.katalon.core.main.ScriptEngine.run(ScriptEngine.java:194)
	at com.kms.katalon.core.main.ScriptEngine.runScriptAsRawText(ScriptEngine.java:119)
	at com.kms.katalon.core.main.TestCaseExecutor.runScript(TestCaseExecutor.java:448)
	at com.kms.katalon.core.main.TestCaseExecutor.doExecute(TestCaseExecutor.java:439)
	at com.kms.katalon.core.main.TestCaseExecutor.processExecutionPhase(TestCaseExecutor.java:418)
	at com.kms.katalon.core.main.TestCaseExecutor.accessMainPhase(TestCaseExecutor.java:410)
	at com.kms.katalon.core.main.TestCaseExecutor.execute(TestCaseExecutor.java:285)
	at com.kms.katalon.core.common.CommonExecutor.accessTestCaseMainPhase(CommonExecutor.java:65)
	at com.kms.katalon.core.main.TestSuiteExecutor.accessTestSuiteMainPhase(TestSuiteExecutor.java:150)
	at com.kms.katalon.core.main.TestSuiteExecutor.execute(TestSuiteExecutor.java:106)
	at com.kms.katalon.core.main.TestCaseMain.startTestSuite(TestCaseMain.java:180)
	at TempTestSuite1737837875715.run(TempTestSuite1737837875715.groovy:35)
	at java.base/jdk.internal.reflect.NativeMethodAccessorImpl.invoke0(Native Method)
	at java.base/jdk.internal.reflect.NativeMethodAccessorImpl.invoke(NativeMethodAccessorImpl.java:77)
	at java.base/jdk.internal.reflect.DelegatingMethodAccessorImpl.invoke(DelegatingMethodAccessorImpl.java:43)
Caused by: com.kms.katalon.core.webui.exception.WebElementNotFoundException: Web element with id: 'Object Repository/Education Partner Profile/Tabs/a_Admin Info' located by '//a[@id='ui-id-7']' not found
	at com.kms.katalon.core.webui.common.WebUiCommonHelper.findWebElement(WebUiCommonHelper.java:1423)
	at Perform Action.run(Perform Action:32)
	at com.kms.katalon.core.main.ScriptEngine.run(ScriptEngine.java:194)
	at com.kms.katalon.core.main.ScriptEngine.runScriptAsRawText(ScriptEngine.java:119)
	at com.kms.katalon.core.main.TestCaseExecutor.runScript(TestCaseExecutor.java:448)
	at com.kms.katalon.core.main.TestCaseExecutor.doExecute(TestCaseExecutor.java:439)
	at com.kms.katalon.core.main.TestCaseExecutor.processExecutionPhase(TestCaseExecutor.java:418)
	at com.kms.katalon.core.main.TestCaseExecutor.accessMainPhase(TestCaseExecutor.java:410)
	at com.kms.katalon.core.main.TestCaseExecutor.execute(TestCaseExecutor.java:285)
	at com.kms.katalon.core.main.TestCaseMain.runTestCase(TestCaseMain.java:137)
	at com.kms.katalon.core.keyword.builtin.CallTestCaseKeyword$_callTestCase_closure1.doCall(CallTestCaseKeyword.groovy:59)
	... 60 more


25-01-2025T14:49:49 - [TEST_CASE][ERROR] - Test Cases/_Functions/Perform Action: Test Cases/_Functions/Perform Action FAILED.
Reason:
com.kms.katalon.core.webui.exception.WebElementNotFoundException: Web element with id: 'Object Repository/Education Partner Profile/Tabs/a_Admin Info' located by '//a[@id='ui-id-7']' not found
	at com.kms.katalon.core.webui.common.WebUiCommonHelper.findWebElement(WebUiCommonHelper.java:1423)
	at Perform Action.run(Perform Action:32)
	at com.kms.katalon.core.main.ScriptEngine.run(ScriptEngine.java:194)
	at com.kms.katalon.core.main.ScriptEngine.runScriptAsRawText(ScriptEngine.java:119)
	at com.kms.katalon.core.main.TestCaseExecutor.runScript(TestCaseExecutor.java:448)
	at com.kms.katalon.core.main.TestCaseExecutor.doExecute(TestCaseExecutor.java:439)
	at com.kms.katalon.core.main.TestCaseExecutor.processExecutionPhase(TestCaseExecutor.java:418)
	at com.kms.katalon.core.main.TestCaseExecutor.accessMainPhase(TestCaseExecutor.java:410)
	at com.kms.katalon.core.main.TestCaseExecutor.execute(TestCaseExecutor.java:285)
	at com.kms.katalon.core.main.TestCaseMain.runTestCase(TestCaseMain.java:137)
	at com.kms.katalon.core.keyword.builtin.CallTestCaseKeyword$_callTestCase_closure1.doCall(CallTestCaseKeyword.groovy:59)
	at com.kms.katalon.core.keyword.builtin.CallTestCaseKeyword$_callTestCase_closure1.call(CallTestCaseKeyword.groovy)
	at com.kms.katalon.core.keyword.internal.KeywordMain.runKeyword(KeywordMain.groovy:75)
	at com.kms.katalon.core.keyword.builtin.CallTestCaseKeyword.callTestCase(CallTestCaseKeyword.groovy:81)
	at com.kms.katalon.core.keyword.builtin.CallTestCaseKeyword.execute(CallTestCaseKeyword.groovy:44)
	at com.kms.katalon.core.keyword.internal.KeywordExecutor.executeKeywordForPlatform(KeywordExecutor.groovy:74)
	at com.kms.katalon.core.keyword.BuiltinKeywords.callTestCase(BuiltinKeywords.groovy:310)
	at jdk.internal.reflect.GeneratedMethodAccessor30.invoke(Unknown Source)
	at java.base/jdk.internal.reflect.DelegatingMethodAccessorImpl.invoke(DelegatingMethodAccessorImpl.java:43)
	at Set Admin Info.run(Set Admin Info:81)
	at com.kms.katalon.core.main.ScriptEngine.run(ScriptEngine.java:194)
	at com.kms.katalon.core.main.ScriptEngine.runScriptAsRawText(ScriptEngine.java:119)
	at com.kms.katalon.core.main.TestCaseExecutor.runScript(TestCaseExecutor.java:448)
	at com.kms.katalon.core.main.TestCaseExecutor.doExecute(TestCaseExecutor.java:439)
	at com.kms.katalon.core.main.TestCaseExecutor.processExecutionPhase(TestCaseExecutor.java:418)
	at com.kms.katalon.core.main.TestCaseExecutor.accessMainPhase(TestCaseExecutor.java:410)
	at com.kms.katalon.core.main.TestCaseExecutor.execute(TestCaseExecutor.java:285)
	at com.kms.katalon.core.main.TestCaseMain.runTestCase(TestCaseMain.java:137)
	at com.kms.katalon.core.keyword.builtin.CallTestCaseKeyword$_callTestCase_closure1.doCall(CallTestCaseKeyword.groovy:59)
	at com.kms.katalon.core.keyword.builtin.CallTestCaseKeyword$_callTestCase_closure1.call(CallTestCaseKeyword.groovy)
	at com.kms.katalon.core.keyword.internal.KeywordMain.runKeyword(KeywordMain.groovy:75)
	at com.kms.katalon.core.keyword.builtin.CallTestCaseKeyword.callTestCase(CallTestCaseKeyword.groovy:81)
	at com.kms.katalon.core.keyword.builtin.CallTestCaseKeyword.execute(CallTestCaseKeyword.groovy:44)
	at com.kms.katalon.core.keyword.internal.KeywordExecutor.executeKeywordForPlatform(KeywordExecutor.groovy:74)
	at com.kms.katalon.core.keyword.BuiltinKeywords.callTestCase(BuiltinKeywords.groovy:310)
	at jdk.internal.reflect.GeneratedMethodAccessor30.invoke(Unknown Source)
	at java.base/jdk.internal.reflect.DelegatingMethodAccessorImpl.invoke(DelegatingMethodAccessorImpl.java:43)
	at Complete Education Partner Profile.run(Complete Education Partner Profile:216)
	at com.kms.katalon.core.main.ScriptEngine.run(ScriptEngine.java:194)
	at com.kms.katalon.core.main.ScriptEngine.runScriptAsRawText(ScriptEngine.java:119)
	at com.kms.katalon.core.main.TestCaseExecutor.runScript(TestCaseExecutor.java:448)
	at com.kms.katalon.core.main.TestCaseExecutor.doExecute(TestCaseExecutor.java:439)
	at com.kms.katalon.core.main.TestCaseExecutor.processExecutionPhase(TestCaseExecutor.java:418)
	at com.kms.katalon.core.main.TestCaseExecutor.accessMainPhase(TestCaseExecutor.java:410)
	at com.kms.katalon.core.main.TestCaseExecutor.execute(TestCaseExecutor.java:285)
	at com.kms.katalon.core.main.TestCaseMain.runTestCase(TestCaseMain.java:137)
	at com.kms.katalon.core.keyword.builtin.CallTestCaseKeyword$_callTestCase_closure1.doCall(CallTestCaseKeyword.groovy:59)
	at com.kms.katalon.core.keyword.builtin.CallTestCaseKeyword$_callTestCase_closure1.call(CallTestCaseKeyword.groovy)
	at com.kms.katalon.core.keyword.internal.KeywordMain.runKeyword(KeywordMain.groovy:75)
	at com.kms.katalon.core.keyword.builtin.CallTestCaseKeyword.callTestCase(CallTestCaseKeyword.groovy:81)
	at com.kms.katalon.core.keyword.builtin.CallTestCaseKeyword.execute(CallTestCaseKeyword.groovy:44)
	at com.kms.katalon.core.keyword.internal.KeywordExecutor.executeKeywordForPlatform(KeywordExecutor.groovy:74)
	at com.kms.katalon.core.keyword.BuiltinKeywords.callTestCase(BuiltinKeywords.groovy:310)
	at jdk.internal.reflect.GeneratedMethodAccessor30.invoke(Unknown Source)
	at java.base/jdk.internal.reflect.DelegatingMethodAccessorImpl.invoke(DelegatingMethodAccessorImpl.java:43)
	at Register Education Partner.run(Register Education Partner:401)
	at com.kms.katalon.core.main.ScriptEngine.run(ScriptEngine.java:194)
	at com.kms.katalon.core.main.ScriptEngine.runScriptAsRawText(ScriptEngine.java:119)
	at com.kms.katalon.core.main.TestCaseExecutor.runScript(TestCaseExecutor.java:448)
	at com.kms.katalon.core.main.TestCaseExecutor.doExecute(TestCaseExecutor.java:439)
	at com.kms.katalon.core.main.TestCaseExecutor.processExecutionPhase(TestCaseExecutor.java:418)
	at com.kms.katalon.core.main.TestCaseExecutor.accessMainPhase(TestCaseExecutor.java:410)
	at com.kms.katalon.core.main.TestCaseExecutor.execute(TestCaseExecutor.java:285)
	at com.kms.katalon.core.common.CommonExecutor.accessTestCaseMainPhase(CommonExecutor.java:65)
	at com.kms.katalon.core.main.TestSuiteExecutor.accessTestSuiteMainPhase(TestSuiteExecutor.java:150)
	at com.kms.katalon.core.main.TestSuiteExecutor.execute(TestSuiteExecutor.java:106)
	at com.kms.katalon.core.main.TestCaseMain.startTestSuite(TestCaseMain.java:180)
	at TempTestSuite1737837875715.run(TempTestSuite1737837875715.groovy:35)
	at java.base/jdk.internal.reflect.NativeMethodAccessorImpl.invoke0(Native Method)
	at java.base/jdk.internal.reflect.NativeMethodAccessorImpl.invoke(NativeMethodAccessorImpl.java:77)
	at java.base/jdk.internal.reflect.DelegatingMethodAccessorImpl.invoke(DelegatingMethodAccessorImpl.java:43)


25-01-2025T14:49:49 - [TEST_STEP][PASSED] - action = varAction: null

25-01-2025T14:49:49 - [TEST_STEP][PASSED] - println(action): null

25-01-2025T14:49:49 - [TEST_STEP][PASSED] - testObject = varObject: null

25-01-2025T14:49:49 - [TEST_STEP][PASSED] - println(testObject): null

25-01-2025T14:49:49 - [TEST_STEP][PASSED] - parm1 = varParm1: null

25-01-2025T14:49:49 - [TEST_STEP][PASSED] - println(parm1): null

25-01-2025T14:49:49 - [TEST_STEP][PASSED] - println("Converting " + testObject + " to web element"): null

25-01-2025T14:49:49 - [TEST_STEP][ERROR] - element = findWebElement(findTestObject(testObject), 1): Test Cases/_Functions/Perform Action FAILED.
Reason:
com.kms.katalon.core.webui.exception.WebElementNotFoundException: Web element with id: 'Object Repository/Education Partner Profile/Tabs/a_Admin Info' located by '//a[@id='ui-id-7']' not found
	at com.kms.katalon.core.webui.common.WebUiCommonHelper.findWebElement(WebUiCommonHelper.java:1423)
	at Perform Action.run(Perform Action:32)
	at com.kms.katalon.core.main.ScriptEngine.run(ScriptEngine.java:194)
	at com.kms.katalon.core.main.ScriptEngine.runScriptAsRawText(ScriptEngine.java:119)
	at com.kms.katalon.core.main.TestCaseExecutor.runScript(TestCaseExecutor.java:448)
	at com.kms.katalon.core.main.TestCaseExecutor.doExecute(TestCaseExecutor.java:439)
	at com.kms.katalon.core.main.TestCaseExecutor.processExecutionPhase(TestCaseExecutor.java:418)
	at com.kms.katalon.core.main.TestCaseExecutor.accessMainPhase(TestCaseExecutor.java:410)
	at com.kms.katalon.core.main.TestCaseExecutor.execute(TestCaseExecutor.java:285)
	at com.kms.katalon.core.main.TestCaseMain.runTestCase(TestCaseMain.java:137)
	at com.kms.katalon.core.keyword.builtin.CallTestCaseKeyword$_callTestCase_closure1.doCall(CallTestCaseKeyword.groovy:59)
	at com.kms.katalon.core.keyword.builtin.CallTestCaseKeyword$_callTestCase_closure1.call(CallTestCaseKeyword.groovy)
	at com.kms.katalon.core.keyword.internal.KeywordMain.runKeyword(KeywordMain.groovy:75)
	at com.kms.katalon.core.keyword.builtin.CallTestCaseKeyword.callTestCase(CallTestCaseKeyword.groovy:81)
	at com.kms.katalon.core.keyword.builtin.CallTestCaseKeyword.execute(CallTestCaseKeyword.groovy:44)
	at com.kms.katalon.core.keyword.internal.KeywordExecutor.executeKeywordForPlatform(KeywordExecutor.groovy:74)
	at com.kms.katalon.core.keyword.BuiltinKeywords.callTestCase(BuiltinKeywords.groovy:310)
	at jdk.internal.reflect.GeneratedMethodAccessor30.invoke(Unknown Source)
	at java.base/jdk.internal.reflect.DelegatingMethodAccessorImpl.invoke(DelegatingMethodAccessorImpl.java:43)
	at Set Admin Info.run(Set Admin Info:81)
	at com.kms.katalon.core.main.ScriptEngine.run(ScriptEngine.java:194)
	at com.kms.katalon.core.main.ScriptEngine.runScriptAsRawText(ScriptEngine.java:119)
	at com.kms.katalon.core.main.TestCaseExecutor.runScript(TestCaseExecutor.java:448)
	at com.kms.katalon.core.main.TestCaseExecutor.doExecute(TestCaseExecutor.java:439)
	at com.kms.katalon.core.main.TestCaseExecutor.processExecutionPhase(TestCaseExecutor.java:418)
	at com.kms.katalon.core.main.TestCaseExecutor.accessMainPhase(TestCaseExecutor.java:410)
	at com.kms.katalon.core.main.TestCaseExecutor.execute(TestCaseExecutor.java:285)
	at com.kms.katalon.core.main.TestCaseMain.runTestCase(TestCaseMain.java:137)
	at com.kms.katalon.core.keyword.builtin.CallTestCaseKeyword$_callTestCase_closure1.doCall(CallTestCaseKeyword.groovy:59)
	at com.kms.katalon.core.keyword.builtin.CallTestCaseKeyword$_callTestCase_closure1.call(CallTestCaseKeyword.groovy)
	at com.kms.katalon.core.keyword.internal.KeywordMain.runKeyword(KeywordMain.groovy:75)
	at com.kms.katalon.core.keyword.builtin.CallTestCaseKeyword.callTestCase(CallTestCaseKeyword.groovy:81)
	at com.kms.katalon.core.keyword.builtin.CallTestCaseKeyword.execute(CallTestCaseKeyword.groovy:44)
	at com.kms.katalon.core.keyword.internal.KeywordExecutor.executeKeywordForPlatform(KeywordExecutor.groovy:74)
	at com.kms.katalon.core.keyword.BuiltinKeywords.callTestCase(BuiltinKeywords.groovy:310)
	at jdk.internal.reflect.GeneratedMethodAccessor30.invoke(Unknown Source)
	at java.base/jdk.internal.reflect.DelegatingMethodAccessorImpl.invoke(DelegatingMethodAccessorImpl.java:43)
	at Complete Education Partner Profile.run(Complete Education Partner Profile:216)
	at com.kms.katalon.core.main.ScriptEngine.run(ScriptEngine.java:194)
	at com.kms.katalon.core.main.ScriptEngine.runScriptAsRawText(ScriptEngine.java:119)
	at com.kms.katalon.core.main.TestCaseExecutor.runScript(TestCaseExecutor.java:448)
	at com.kms.katalon.core.main.TestCaseExecutor.doExecute(TestCaseExecutor.java:439)
	at com.kms.katalon.core.main.TestCaseExecutor.processExecutionPhase(TestCaseExecutor.java:418)
	at com.kms.katalon.core.main.TestCaseExecutor.accessMainPhase(TestCaseExecutor.java:410)
	at com.kms.katalon.core.main.TestCaseExecutor.execute(TestCaseExecutor.java:285)
	at com.kms.katalon.core.main.TestCaseMain.runTestCase(TestCaseMain.java:137)
	at com.kms.katalon.core.keyword.builtin.CallTestCaseKeyword$_callTestCase_closure1.doCall(CallTestCaseKeyword.groovy:59)
	at com.kms.katalon.core.keyword.builtin.CallTestCaseKeyword$_callTestCase_closure1.call(CallTestCaseKeyword.groovy)
	at com.kms.katalon.core.keyword.internal.KeywordMain.runKeyword(KeywordMain.groovy:75)
	at com.kms.katalon.core.keyword.builtin.CallTestCaseKeyword.callTestCase(CallTestCaseKeyword.groovy:81)
	at com.kms.katalon.core.keyword.builtin.CallTestCaseKeyword.execute(CallTestCaseKeyword.groovy:44)
	at com.kms.katalon.core.keyword.internal.KeywordExecutor.executeKeywordForPlatform(KeywordExecutor.groovy:74)
	at com.kms.katalon.core.keyword.BuiltinKeywords.callTestCase(BuiltinKeywords.groovy:310)
	at jdk.internal.reflect.GeneratedMethodAccessor30.invoke(Unknown Source)
	at java.base/jdk.internal.reflect.DelegatingMethodAccessorImpl.invoke(DelegatingMethodAccessorImpl.java:43)
	at Register Education Partner.run(Register Education Partner:401)
	at com.kms.katalon.core.main.ScriptEngine.run(ScriptEngine.java:194)
	at com.kms.katalon.core.main.ScriptEngine.runScriptAsRawText(ScriptEngine.java:119)
	at com.kms.katalon.core.main.TestCaseExecutor.runScript(TestCaseExecutor.java:448)
	at com.kms.katalon.core.main.TestCaseExecutor.doExecute(TestCaseExecutor.java:439)
	at com.kms.katalon.core.main.TestCaseExecutor.processExecutionPhase(TestCaseExecutor.java:418)
	at com.kms.katalon.core.main.TestCaseExecutor.accessMainPhase(TestCaseExecutor.java:410)
	at com.kms.katalon.core.main.TestCaseExecutor.execute(TestCaseExecutor.java:285)
	at com.kms.katalon.core.common.CommonExecutor.accessTestCaseMainPhase(CommonExecutor.java:65)
	at com.kms.katalon.core.main.TestSuiteExecutor.accessTestSuiteMainPhase(TestSuiteExecutor.java:150)
	at com.kms.katalon.core.main.TestSuiteExecutor.execute(TestSuiteExecutor.java:106)
	at com.kms.katalon.core.main.TestCaseMain.startTestSuite(TestCaseMain.java:180)
	at TempTestSuite1737837875715.run(TempTestSuite1737837875715.groovy:35)
	at java.base/jdk.internal.reflect.NativeMethodAccessorImpl.invoke0(Native Method)
	at java.base/jdk.internal.reflect.NativeMethodAccessorImpl.invoke(NativeMethodAccessorImpl.java:77)
	at java.base/jdk.internal.reflect.DelegatingMethodAccessorImpl.invoke(DelegatingMethodAccessorImpl.java:43)


25-01-2025T14:49:51 - [MESSAGE][INFO] - Unable to find the element located by 'By.xpath: //a[@id='ui-id-7']'. Please recheck the objects properties to make sure the desired element is located. 

25-01-2025T14:49:51 - [MESSAGE][ERROR] - Test Cases/_Functions/Perform Action FAILED.
Reason:
com.kms.katalon.core.webui.exception.WebElementNotFoundException: Web element with id: 'Object Repository/Education Partner Profile/Tabs/a_Admin Info' located by '//a[@id='ui-id-7']' not found
	at com.kms.katalon.core.webui.common.WebUiCommonHelper.findWebElement(WebUiCommonHelper.java:1423)
	at Perform Action.run(Perform Action:32)
	at com.kms.katalon.core.main.ScriptEngine.run(ScriptEngine.java:194)
	at com.kms.katalon.core.main.ScriptEngine.runScriptAsRawText(ScriptEngine.java:119)
	at com.kms.katalon.core.main.TestCaseExecutor.runScript(TestCaseExecutor.java:448)
	at com.kms.katalon.core.main.TestCaseExecutor.doExecute(TestCaseExecutor.java:439)
	at com.kms.katalon.core.main.TestCaseExecutor.processExecutionPhase(TestCaseExecutor.java:418)
	at com.kms.katalon.core.main.TestCaseExecutor.accessMainPhase(TestCaseExecutor.java:410)
	at com.kms.katalon.core.main.TestCaseExecutor.execute(TestCaseExecutor.java:285)
	at com.kms.katalon.core.main.TestCaseMain.runTestCase(TestCaseMain.java:137)
	at com.kms.katalon.core.keyword.builtin.CallTestCaseKeyword$_callTestCase_closure1.doCall(CallTestCaseKeyword.groovy:59)
	at com.kms.katalon.core.keyword.builtin.CallTestCaseKeyword$_callTestCase_closure1.call(CallTestCaseKeyword.groovy)
	at com.kms.katalon.core.keyword.internal.KeywordMain.runKeyword(KeywordMain.groovy:75)
	at com.kms.katalon.core.keyword.builtin.CallTestCaseKeyword.callTestCase(CallTestCaseKeyword.groovy:81)
	at com.kms.katalon.core.keyword.builtin.CallTestCaseKeyword.execute(CallTestCaseKeyword.groovy:44)
	at com.kms.katalon.core.keyword.internal.KeywordExecutor.executeKeywordForPlatform(KeywordExecutor.groovy:74)
	at com.kms.katalon.core.keyword.BuiltinKeywords.callTestCase(BuiltinKeywords.groovy:310)
	at jdk.internal.reflect.GeneratedMethodAccessor30.invoke(Unknown Source)
	at java.base/jdk.internal.reflect.DelegatingMethodAccessorImpl.invoke(DelegatingMethodAccessorImpl.java:43)
	at Set Admin Info.run(Set Admin Info:81)
	at com.kms.katalon.core.main.ScriptEngine.run(ScriptEngine.java:194)
	at com.kms.katalon.core.main.ScriptEngine.runScriptAsRawText(ScriptEngine.java:119)
	at com.kms.katalon.core.main.TestCaseExecutor.runScript(TestCaseExecutor.java:448)
	at com.kms.katalon.core.main.TestCaseExecutor.doExecute(TestCaseExecutor.java:439)
	at com.kms.katalon.core.main.TestCaseExecutor.processExecutionPhase(TestCaseExecutor.java:418)
	at com.kms.katalon.core.main.TestCaseExecutor.accessMainPhase(TestCaseExecutor.java:410)
	at com.kms.katalon.core.main.TestCaseExecutor.execute(TestCaseExecutor.java:285)
	at com.kms.katalon.core.main.TestCaseMain.runTestCase(TestCaseMain.java:137)
	at com.kms.katalon.core.keyword.builtin.CallTestCaseKeyword$_callTestCase_closure1.doCall(CallTestCaseKeyword.groovy:59)
	at com.kms.katalon.core.keyword.builtin.CallTestCaseKeyword$_callTestCase_closure1.call(CallTestCaseKeyword.groovy)
	at com.kms.katalon.core.keyword.internal.KeywordMain.runKeyword(KeywordMain.groovy:75)
	at com.kms.katalon.core.keyword.builtin.CallTestCaseKeyword.callTestCase(CallTestCaseKeyword.groovy:81)
	at com.kms.katalon.core.keyword.builtin.CallTestCaseKeyword.execute(CallTestCaseKeyword.groovy:44)
	at com.kms.katalon.core.keyword.internal.KeywordExecutor.executeKeywordForPlatform(KeywordExecutor.groovy:74)
	at com.kms.katalon.core.keyword.BuiltinKeywords.callTestCase(BuiltinKeywords.groovy:310)
	at jdk.internal.reflect.GeneratedMethodAccessor30.invoke(Unknown Source)
	at java.base/jdk.internal.reflect.DelegatingMethodAccessorImpl.invoke(DelegatingMethodAccessorImpl.java:43)
	at Complete Education Partner Profile.run(Complete Education Partner Profile:216)
	at com.kms.katalon.core.main.ScriptEngine.run(ScriptEngine.java:194)
	at com.kms.katalon.core.main.ScriptEngine.runScriptAsRawText(ScriptEngine.java:119)
	at com.kms.katalon.core.main.TestCaseExecutor.runScript(TestCaseExecutor.java:448)
	at com.kms.katalon.core.main.TestCaseExecutor.doExecute(TestCaseExecutor.java:439)
	at com.kms.katalon.core.main.TestCaseExecutor.processExecutionPhase(TestCaseExecutor.java:418)
	at com.kms.katalon.core.main.TestCaseExecutor.accessMainPhase(TestCaseExecutor.java:410)
	at com.kms.katalon.core.main.TestCaseExecutor.execute(TestCaseExecutor.java:285)
	at com.kms.katalon.core.main.TestCaseMain.runTestCase(TestCaseMain.java:137)
	at com.kms.katalon.core.keyword.builtin.CallTestCaseKeyword$_callTestCase_closure1.doCall(CallTestCaseKeyword.groovy:59)
	at com.kms.katalon.core.keyword.builtin.CallTestCaseKeyword$_callTestCase_closure1.call(CallTestCaseKeyword.groovy)
	at com.kms.katalon.core.keyword.internal.KeywordMain.runKeyword(KeywordMain.groovy:75)
	at com.kms.katalon.core.keyword.builtin.CallTestCaseKeyword.callTestCase(CallTestCaseKeyword.groovy:81)
	at com.kms.katalon.core.keyword.builtin.CallTestCaseKeyword.execute(CallTestCaseKeyword.groovy:44)
	at com.kms.katalon.core.keyword.internal.KeywordExecutor.executeKeywordForPlatform(KeywordExecutor.groovy:74)
	at com.kms.katalon.core.keyword.BuiltinKeywords.callTestCase(BuiltinKeywords.groovy:310)
	at jdk.internal.reflect.GeneratedMethodAccessor30.invoke(Unknown Source)
	at java.base/jdk.internal.reflect.DelegatingMethodAccessorImpl.invoke(DelegatingMethodAccessorImpl.java:43)
	at Register Education Partner.run(Register Education Partner:401)
	at com.kms.katalon.core.main.ScriptEngine.run(ScriptEngine.java:194)
	at com.kms.katalon.core.main.ScriptEngine.runScriptAsRawText(ScriptEngine.java:119)
	at com.kms.katalon.core.main.TestCaseExecutor.runScript(TestCaseExecutor.java:448)
	at com.kms.katalon.core.main.TestCaseExecutor.doExecute(TestCaseExecutor.java:439)
	at com.kms.katalon.core.main.TestCaseExecutor.processExecutionPhase(TestCaseExecutor.java:418)
	at com.kms.katalon.core.main.TestCaseExecutor.accessMainPhase(TestCaseExecutor.java:410)
	at com.kms.katalon.core.main.TestCaseExecutor.execute(TestCaseExecutor.java:285)
	at com.kms.katalon.core.common.CommonExecutor.accessTestCaseMainPhase(CommonExecutor.java:65)
	at com.kms.katalon.core.main.TestSuiteExecutor.accessTestSuiteMainPhase(TestSuiteExecutor.java:150)
	at com.kms.katalon.core.main.TestSuiteExecutor.execute(TestSuiteExecutor.java:106)
	at com.kms.katalon.core.main.TestCaseMain.startTestSuite(TestCaseMain.java:180)
	at TempTestSuite1737837875715.run(TempTestSuite1737837875715.groovy:35)
	at java.base/jdk.internal.reflect.NativeMethodAccessorImpl.invoke0(Native Method)
	at java.base/jdk.internal.reflect.NativeMethodAccessorImpl.invoke(NativeMethodAccessorImpl.java:77)
	at java.base/jdk.internal.reflect.DelegatingMethodAccessorImpl.invoke(DelegatingMethodAccessorImpl.java:43)


25-01-2025T14:49:51 - [MESSAGE][FAILED] - Unable to call Test Case 'Test Cases/_Functions/Perform Action' (Root cause: com.kms.katalon.core.exception.StepErrorException: Call Test Case 'Test Cases/_Functions/Perform Action' failed because of error(s)
	at com.kms.katalon.core.keyword.builtin.CallTestCaseKeyword$_callTestCase_closure1.doCall(CallTestCaseKeyword.groovy:66)
	at com.kms.katalon.core.keyword.builtin.CallTestCaseKeyword$_callTestCase_closure1.call(CallTestCaseKeyword.groovy)
	at com.kms.katalon.core.keyword.internal.KeywordMain.runKeyword(KeywordMain.groovy:75)
	at com.kms.katalon.core.keyword.builtin.CallTestCaseKeyword.callTestCase(CallTestCaseKeyword.groovy:81)
	at com.kms.katalon.core.keyword.builtin.CallTestCaseKeyword.execute(CallTestCaseKeyword.groovy:44)
	at com.kms.katalon.core.keyword.internal.KeywordExecutor.executeKeywordForPlatform(KeywordExecutor.groovy:74)
	at com.kms.katalon.core.keyword.BuiltinKeywords.callTestCase(BuiltinKeywords.groovy:310)
	at jdk.internal.reflect.GeneratedMethodAccessor30.invoke(Unknown Source)
	at java.base/jdk.internal.reflect.DelegatingMethodAccessorImpl.invoke(DelegatingMethodAccessorImpl.java:43)
	at Set Admin Info.run(Set Admin Info:81)
	at com.kms.katalon.core.main.ScriptEngine.run(ScriptEngine.java:194)
	at com.kms.katalon.core.main.ScriptEngine.runScriptAsRawText(ScriptEngine.java:119)
	at com.kms.katalon.core.main.TestCaseExecutor.runScript(TestCaseExecutor.java:448)
	at com.kms.katalon.core.main.TestCaseExecutor.doExecute(TestCaseExecutor.java:439)
	at com.kms.katalon.core.main.TestCaseExecutor.processExecutionPhase(TestCaseExecutor.java:418)
	at com.kms.katalon.core.main.TestCaseExecutor.accessMainPhase(TestCaseExecutor.java:410)
	at com.kms.katalon.core.main.TestCaseExecutor.execute(TestCaseExecutor.java:285)
	at com.kms.katalon.core.main.TestCaseMain.runTestCase(TestCaseMain.java:137)
	at com.kms.katalon.core.keyword.builtin.CallTestCaseKeyword$_callTestCase_closure1.doCall(CallTestCaseKeyword.groovy:59)
	at com.kms.katalon.core.keyword.builtin.CallTestCaseKeyword$_callTestCase_closure1.call(CallTestCaseKeyword.groovy)
	at com.kms.katalon.core.keyword.internal.KeywordMain.runKeyword(KeywordMain.groovy:75)
	at com.kms.katalon.core.keyword.builtin.CallTestCaseKeyword.callTestCase(CallTestCaseKeyword.groovy:81)
	at com.kms.katalon.core.keyword.builtin.CallTestCaseKeyword.execute(CallTestCaseKeyword.groovy:44)
	at com.kms.katalon.core.keyword.internal.KeywordExecutor.executeKeywordForPlatform(KeywordExecutor.groovy:74)
	at com.kms.katalon.core.keyword.BuiltinKeywords.callTestCase(BuiltinKeywords.groovy:310)
	at jdk.internal.reflect.GeneratedMethodAccessor30.invoke(Unknown Source)
	at java.base/jdk.internal.reflect.DelegatingMethodAccessorImpl.invoke(DelegatingMethodAccessorImpl.java:43)
	at Complete Education Partner Profile.run(Complete Education Partner Profile:216)
	at com.kms.katalon.core.main.ScriptEngine.run(ScriptEngine.java:194)
	at com.kms.katalon.core.main.ScriptEngine.runScriptAsRawText(ScriptEngine.java:119)
	at com.kms.katalon.core.main.TestCaseExecutor.runScript(TestCaseExecutor.java:448)
	at com.kms.katalon.core.main.TestCaseExecutor.doExecute(TestCaseExecutor.java:439)
	at com.kms.katalon.core.main.TestCaseExecutor.processExecutionPhase(TestCaseExecutor.java:418)
	at com.kms.katalon.core.main.TestCaseExecutor.accessMainPhase(TestCaseExecutor.java:410)
	at com.kms.katalon.core.main.TestCaseExecutor.execute(TestCaseExecutor.java:285)
	at com.kms.katalon.core.main.TestCaseMain.runTestCase(TestCaseMain.java:137)
	at com.kms.katalon.core.keyword.builtin.CallTestCaseKeyword$_callTestCase_closure1.doCall(CallTestCaseKeyword.groovy:59)
	at com.kms.katalon.core.keyword.builtin.CallTestCaseKeyword$_callTestCase_closure1.call(CallTestCaseKeyword.groovy)
	at com.kms.katalon.core.keyword.internal.KeywordMain.runKeyword(KeywordMain.groovy:75)
	at com.kms.katalon.core.keyword.builtin.CallTestCaseKeyword.callTestCase(CallTestCaseKeyword.groovy:81)
	at com.kms.katalon.core.keyword.builtin.CallTestCaseKeyword.execute(CallTestCaseKeyword.groovy:44)
	at com.kms.katalon.core.keyword.internal.KeywordExecutor.executeKeywordForPlatform(KeywordExecutor.groovy:74)
	at com.kms.katalon.core.keyword.BuiltinKeywords.callTestCase(BuiltinKeywords.groovy:310)
	at jdk.internal.reflect.GeneratedMethodAccessor30.invoke(Unknown Source)
	at java.base/jdk.internal.reflect.DelegatingMethodAccessorImpl.invoke(DelegatingMethodAccessorImpl.java:43)
	at Register Education Partner.run(Register Education Partner:401)
	at com.kms.katalon.core.main.ScriptEngine.run(ScriptEngine.java:194)
	at com.kms.katalon.core.main.ScriptEngine.runScriptAsRawText(ScriptEngine.java:119)
	at com.kms.katalon.core.main.TestCaseExecutor.runScript(TestCaseExecutor.java:448)
	at com.kms.katalon.core.main.TestCaseExecutor.doExecute(TestCaseExecutor.java:439)
	at com.kms.katalon.core.main.TestCaseExecutor.processExecutionPhase(TestCaseExecutor.java:418)
	at com.kms.katalon.core.main.TestCaseExecutor.accessMainPhase(TestCaseExecutor.java:410)
	at com.kms.katalon.core.main.TestCaseExecutor.execute(TestCaseExecutor.java:285)
	at com.kms.katalon.core.common.CommonExecutor.accessTestCaseMainPhase(CommonExecutor.java:65)
	at com.kms.katalon.core.main.TestSuiteExecutor.accessTestSuiteMainPhase(TestSuiteExecutor.java:150)
	at com.kms.katalon.core.main.TestSuiteExecutor.execute(TestSuiteExecutor.java:106)
	at com.kms.katalon.core.main.TestCaseMain.startTestSuite(TestCaseMain.java:180)
	at TempTestSuite1737837875715.run(TempTestSuite1737837875715.groovy:35)
	at java.base/jdk.internal.reflect.NativeMethodAccessorImpl.invoke0(Native Method)
	at java.base/jdk.internal.reflect.NativeMethodAccessorImpl.invoke(NativeMethodAccessorImpl.java:77)
	at java.base/jdk.internal.reflect.DelegatingMethodAccessorImpl.invoke(DelegatingMethodAccessorImpl.java:43)
Caused by: com.kms.katalon.core.webui.exception.WebElementNotFoundException: Web element with id: 'Object Repository/Education Partner Profile/Tabs/a_Admin Info' located by '//a[@id='ui-id-7']' not found
	at com.kms.katalon.core.webui.common.WebUiCommonHelper.findWebElement(WebUiCommonHelper.java:1423)
	at Perform Action.run(Perform Action:32)
	at com.kms.katalon.core.main.ScriptEngine.run(ScriptEngine.java:194)
	at com.kms.katalon.core.main.ScriptEngine.runScriptAsRawText(ScriptEngine.java:119)
	at com.kms.katalon.core.main.TestCaseExecutor.runScript(TestCaseExecutor.java:448)
	at com.kms.katalon.core.main.TestCaseExecutor.doExecute(TestCaseExecutor.java:439)
	at com.kms.katalon.core.main.TestCaseExecutor.processExecutionPhase(TestCaseExecutor.java:418)
	at com.kms.katalon.core.main.TestCaseExecutor.accessMainPhase(TestCaseExecutor.java:410)
	at com.kms.katalon.core.main.TestCaseExecutor.execute(TestCaseExecutor.java:285)
	at com.kms.katalon.core.main.TestCaseMain.runTestCase(TestCaseMain.java:137)
	at com.kms.katalon.core.keyword.builtin.CallTestCaseKeyword$_callTestCase_closure1.doCall(CallTestCaseKeyword.groovy:59)
	... 60 more
)

25-01-2025T14:49:51 - [MESSAGE][ERROR] - Test Cases/Education Partner Profile/Tabs/Set Admin Info FAILED.
Reason:
com.kms.katalon.core.exception.StepErrorException: Call Test Case 'Test Cases/_Functions/Perform Action' failed because of error(s)
	at com.kms.katalon.core.keyword.builtin.CallTestCaseKeyword$_callTestCase_closure1.doCall(CallTestCaseKeyword.groovy:66)
	at com.kms.katalon.core.keyword.builtin.CallTestCaseKeyword$_callTestCase_closure1.call(CallTestCaseKeyword.groovy)
	at com.kms.katalon.core.keyword.internal.KeywordMain.runKeyword(KeywordMain.groovy:75)
	at com.kms.katalon.core.keyword.builtin.CallTestCaseKeyword.callTestCase(CallTestCaseKeyword.groovy:81)
	at com.kms.katalon.core.keyword.builtin.CallTestCaseKeyword.execute(CallTestCaseKeyword.groovy:44)
	at com.kms.katalon.core.keyword.internal.KeywordExecutor.executeKeywordForPlatform(KeywordExecutor.groovy:74)
	at com.kms.katalon.core.keyword.BuiltinKeywords.callTestCase(BuiltinKeywords.groovy:310)
	at jdk.internal.reflect.GeneratedMethodAccessor30.invoke(Unknown Source)
	at java.base/jdk.internal.reflect.DelegatingMethodAccessorImpl.invoke(DelegatingMethodAccessorImpl.java:43)
	at Set Admin Info.run(Set Admin Info:81)
	at com.kms.katalon.core.main.ScriptEngine.run(ScriptEngine.java:194)
	at com.kms.katalon.core.main.ScriptEngine.runScriptAsRawText(ScriptEngine.java:119)
	at com.kms.katalon.core.main.TestCaseExecutor.runScript(TestCaseExecutor.java:448)
	at com.kms.katalon.core.main.TestCaseExecutor.doExecute(TestCaseExecutor.java:439)
	at com.kms.katalon.core.main.TestCaseExecutor.processExecutionPhase(TestCaseExecutor.java:418)
	at com.kms.katalon.core.main.TestCaseExecutor.accessMainPhase(TestCaseExecutor.java:410)
	at com.kms.katalon.core.main.TestCaseExecutor.execute(TestCaseExecutor.java:285)
	at com.kms.katalon.core.main.TestCaseMain.runTestCase(TestCaseMain.java:137)
	at com.kms.katalon.core.keyword.builtin.CallTestCaseKeyword$_callTestCase_closure1.doCall(CallTestCaseKeyword.groovy:59)
	at com.kms.katalon.core.keyword.builtin.CallTestCaseKeyword$_callTestCase_closure1.call(CallTestCaseKeyword.groovy)
	at com.kms.katalon.core.keyword.internal.KeywordMain.runKeyword(KeywordMain.groovy:75)
	at com.kms.katalon.core.keyword.builtin.CallTestCaseKeyword.callTestCase(CallTestCaseKeyword.groovy:81)
	at com.kms.katalon.core.keyword.builtin.CallTestCaseKeyword.execute(CallTestCaseKeyword.groovy:44)
	at com.kms.katalon.core.keyword.internal.KeywordExecutor.executeKeywordForPlatform(KeywordExecutor.groovy:74)
	at com.kms.katalon.core.keyword.BuiltinKeywords.callTestCase(BuiltinKeywords.groovy:310)
	at jdk.internal.reflect.GeneratedMethodAccessor30.invoke(Unknown Source)
	at java.base/jdk.internal.reflect.DelegatingMethodAccessorImpl.invoke(DelegatingMethodAccessorImpl.java:43)
	at Complete Education Partner Profile.run(Complete Education Partner Profile:216)
	at com.kms.katalon.core.main.ScriptEngine.run(ScriptEngine.java:194)
	at com.kms.katalon.core.main.ScriptEngine.runScriptAsRawText(ScriptEngine.java:119)
	at com.kms.katalon.core.main.TestCaseExecutor.runScript(TestCaseExecutor.java:448)
	at com.kms.katalon.core.main.TestCaseExecutor.doExecute(TestCaseExecutor.java:439)
	at com.kms.katalon.core.main.TestCaseExecutor.processExecutionPhase(TestCaseExecutor.java:418)
	at com.kms.katalon.core.main.TestCaseExecutor.accessMainPhase(TestCaseExecutor.java:410)
	at com.kms.katalon.core.main.TestCaseExecutor.execute(TestCaseExecutor.java:285)
	at com.kms.katalon.core.main.TestCaseMain.runTestCase(TestCaseMain.java:137)
	at com.kms.katalon.core.keyword.builtin.CallTestCaseKeyword$_callTestCase_closure1.doCall(CallTestCaseKeyword.groovy:59)
	at com.kms.katalon.core.keyword.builtin.CallTestCaseKeyword$_callTestCase_closure1.call(CallTestCaseKeyword.groovy)
	at com.kms.katalon.core.keyword.internal.KeywordMain.runKeyword(KeywordMain.groovy:75)
	at com.kms.katalon.core.keyword.builtin.CallTestCaseKeyword.callTestCase(CallTestCaseKeyword.groovy:81)
	at com.kms.katalon.core.keyword.builtin.CallTestCaseKeyword.execute(CallTestCaseKeyword.groovy:44)
	at com.kms.katalon.core.keyword.internal.KeywordExecutor.executeKeywordForPlatform(KeywordExecutor.groovy:74)
	at com.kms.katalon.core.keyword.BuiltinKeywords.callTestCase(BuiltinKeywords.groovy:310)
	at jdk.internal.reflect.GeneratedMethodAccessor30.invoke(Unknown Source)
	at java.base/jdk.internal.reflect.DelegatingMethodAccessorImpl.invoke(DelegatingMethodAccessorImpl.java:43)
	at Register Education Partner.run(Register Education Partner:401)
	at com.kms.katalon.core.main.ScriptEngine.run(ScriptEngine.java:194)
	at com.kms.katalon.core.main.ScriptEngine.runScriptAsRawText(ScriptEngine.java:119)
	at com.kms.katalon.core.main.TestCaseExecutor.runScript(TestCaseExecutor.java:448)
	at com.kms.katalon.core.main.TestCaseExecutor.doExecute(TestCaseExecutor.java:439)
	at com.kms.katalon.core.main.TestCaseExecutor.processExecutionPhase(TestCaseExecutor.java:418)
	at com.kms.katalon.core.main.TestCaseExecutor.accessMainPhase(TestCaseExecutor.java:410)
	at com.kms.katalon.core.main.TestCaseExecutor.execute(TestCaseExecutor.java:285)
	at com.kms.katalon.core.common.CommonExecutor.accessTestCaseMainPhase(CommonExecutor.java:65)
	at com.kms.katalon.core.main.TestSuiteExecutor.accessTestSuiteMainPhase(TestSuiteExecutor.java:150)
	at com.kms.katalon.core.main.TestSuiteExecutor.execute(TestSuiteExecutor.java:106)
	at com.kms.katalon.core.main.TestCaseMain.startTestSuite(TestCaseMain.java:180)
	at TempTestSuite1737837875715.run(TempTestSuite1737837875715.groovy:35)
	at java.base/jdk.internal.reflect.NativeMethodAccessorImpl.invoke0(Native Method)
	at java.base/jdk.internal.reflect.NativeMethodAccessorImpl.invoke(NativeMethodAccessorImpl.java:77)
	at java.base/jdk.internal.reflect.DelegatingMethodAccessorImpl.invoke(DelegatingMethodAccessorImpl.java:43)
Caused by: com.kms.katalon.core.webui.exception.WebElementNotFoundException: Web element with id: 'Object Repository/Education Partner Profile/Tabs/a_Admin Info' located by '//a[@id='ui-id-7']' not found
	at com.kms.katalon.core.webui.common.WebUiCommonHelper.findWebElement(WebUiCommonHelper.java:1423)
	at Perform Action.run(Perform Action:32)
	at com.kms.katalon.core.main.ScriptEngine.run(ScriptEngine.java:194)
	at com.kms.katalon.core.main.ScriptEngine.runScriptAsRawText(ScriptEngine.java:119)
	at com.kms.katalon.core.main.TestCaseExecutor.runScript(TestCaseExecutor.java:448)
	at com.kms.katalon.core.main.TestCaseExecutor.doExecute(TestCaseExecutor.java:439)
	at com.kms.katalon.core.main.TestCaseExecutor.processExecutionPhase(TestCaseExecutor.java:418)
	at com.kms.katalon.core.main.TestCaseExecutor.accessMainPhase(TestCaseExecutor.java:410)
	at com.kms.katalon.core.main.TestCaseExecutor.execute(TestCaseExecutor.java:285)
	at com.kms.katalon.core.main.TestCaseMain.runTestCase(TestCaseMain.java:137)
	at com.kms.katalon.core.keyword.builtin.CallTestCaseKeyword$_callTestCase_closure1.doCall(CallTestCaseKeyword.groovy:59)
	... 60 more


25-01-2025T14:49:51 - [MESSAGE][FAILED] - Unable to call Test Case 'Test Cases/Education Partner Profile/Tabs/Set Admin Info' (Root cause: com.kms.katalon.core.exception.StepErrorException: Call Test Case 'Test Cases/Education Partner Profile/Tabs/Set Admin Info' failed because of error(s)
	at com.kms.katalon.core.keyword.builtin.CallTestCaseKeyword$_callTestCase_closure1.doCall(CallTestCaseKeyword.groovy:66)
	at com.kms.katalon.core.keyword.builtin.CallTestCaseKeyword$_callTestCase_closure1.call(CallTestCaseKeyword.groovy)
	at com.kms.katalon.core.keyword.internal.KeywordMain.runKeyword(KeywordMain.groovy:75)
	at com.kms.katalon.core.keyword.builtin.CallTestCaseKeyword.callTestCase(CallTestCaseKeyword.groovy:81)
	at com.kms.katalon.core.keyword.builtin.CallTestCaseKeyword.execute(CallTestCaseKeyword.groovy:44)
	at com.kms.katalon.core.keyword.internal.KeywordExecutor.executeKeywordForPlatform(KeywordExecutor.groovy:74)
	at com.kms.katalon.core.keyword.BuiltinKeywords.callTestCase(BuiltinKeywords.groovy:310)
	at jdk.internal.reflect.GeneratedMethodAccessor30.invoke(Unknown Source)
	at java.base/jdk.internal.reflect.DelegatingMethodAccessorImpl.invoke(DelegatingMethodAccessorImpl.java:43)
	at Complete Education Partner Profile.run(Complete Education Partner Profile:216)
	at com.kms.katalon.core.main.ScriptEngine.run(ScriptEngine.java:194)
	at com.kms.katalon.core.main.ScriptEngine.runScriptAsRawText(ScriptEngine.java:119)
	at com.kms.katalon.core.main.TestCaseExecutor.runScript(TestCaseExecutor.java:448)
	at com.kms.katalon.core.main.TestCaseExecutor.doExecute(TestCaseExecutor.java:439)
	at com.kms.katalon.core.main.TestCaseExecutor.processExecutionPhase(TestCaseExecutor.java:418)
	at com.kms.katalon.core.main.TestCaseExecutor.accessMainPhase(TestCaseExecutor.java:410)
	at com.kms.katalon.core.main.TestCaseExecutor.execute(TestCaseExecutor.java:285)
	at com.kms.katalon.core.main.TestCaseMain.runTestCase(TestCaseMain.java:137)
	at com.kms.katalon.core.keyword.builtin.CallTestCaseKeyword$_callTestCase_closure1.doCall(CallTestCaseKeyword.groovy:59)
	at com.kms.katalon.core.keyword.builtin.CallTestCaseKeyword$_callTestCase_closure1.call(CallTestCaseKeyword.groovy)
	at com.kms.katalon.core.keyword.internal.KeywordMain.runKeyword(KeywordMain.groovy:75)
	at com.kms.katalon.core.keyword.builtin.CallTestCaseKeyword.callTestCase(CallTestCaseKeyword.groovy:81)
	at com.kms.katalon.core.keyword.builtin.CallTestCaseKeyword.execute(CallTestCaseKeyword.groovy:44)
	at com.kms.katalon.core.keyword.internal.KeywordExecutor.executeKeywordForPlatform(KeywordExecutor.groovy:74)
	at com.kms.katalon.core.keyword.BuiltinKeywords.callTestCase(BuiltinKeywords.groovy:310)
	at jdk.internal.reflect.GeneratedMethodAccessor30.invoke(Unknown Source)
	at java.base/jdk.internal.reflect.DelegatingMethodAccessorImpl.invoke(DelegatingMethodAccessorImpl.java:43)
	at Register Education Partner.run(Register Education Partner:401)
	at com.kms.katalon.core.main.ScriptEngine.run(ScriptEngine.java:194)
	at com.kms.katalon.core.main.ScriptEngine.runScriptAsRawText(ScriptEngine.java:119)
	at com.kms.katalon.core.main.TestCaseExecutor.runScript(TestCaseExecutor.java:448)
	at com.kms.katalon.core.main.TestCaseExecutor.doExecute(TestCaseExecutor.java:439)
	at com.kms.katalon.core.main.TestCaseExecutor.processExecutionPhase(TestCaseExecutor.java:418)
	at com.kms.katalon.core.main.TestCaseExecutor.accessMainPhase(TestCaseExecutor.java:410)
	at com.kms.katalon.core.main.TestCaseExecutor.execute(TestCaseExecutor.java:285)
	at com.kms.katalon.core.common.CommonExecutor.accessTestCaseMainPhase(CommonExecutor.java:65)
	at com.kms.katalon.core.main.TestSuiteExecutor.accessTestSuiteMainPhase(TestSuiteExecutor.java:150)
	at com.kms.katalon.core.main.TestSuiteExecutor.execute(TestSuiteExecutor.java:106)
	at com.kms.katalon.core.main.TestCaseMain.startTestSuite(TestCaseMain.java:180)
	at TempTestSuite1737837875715.run(TempTestSuite1737837875715.groovy:35)
	at java.base/jdk.internal.reflect.NativeMethodAccessorImpl.invoke0(Native Method)
	at java.base/jdk.internal.reflect.NativeMethodAccessorImpl.invoke(NativeMethodAccessorImpl.java:77)
	at java.base/jdk.internal.reflect.DelegatingMethodAccessorImpl.invoke(DelegatingMethodAccessorImpl.java:43)
Caused by: com.kms.katalon.core.exception.StepErrorException: Call Test Case 'Test Cases/_Functions/Perform Action' failed because of error(s)
	at com.kms.katalon.core.keyword.builtin.CallTestCaseKeyword$_callTestCase_closure1.doCall(CallTestCaseKeyword.groovy:66)
	at com.kms.katalon.core.keyword.builtin.CallTestCaseKeyword$_callTestCase_closure1.call(CallTestCaseKeyword.groovy)
	at com.kms.katalon.core.keyword.internal.KeywordMain.runKeyword(KeywordMain.groovy:75)
	at com.kms.katalon.core.keyword.builtin.CallTestCaseKeyword.callTestCase(CallTestCaseKeyword.groovy:81)
	at com.kms.katalon.core.keyword.builtin.CallTestCaseKeyword.execute(CallTestCaseKeyword.groovy:44)
	at com.kms.katalon.core.keyword.internal.KeywordExecutor.executeKeywordForPlatform(KeywordExecutor.groovy:74)
	at com.kms.katalon.core.keyword.BuiltinKeywords.callTestCase(BuiltinKeywords.groovy:310)
	at jdk.internal.reflect.GeneratedMethodAccessor30.invoke(Unknown Source)
	at java.base/jdk.internal.reflect.DelegatingMethodAccessorImpl.invoke(DelegatingMethodAccessorImpl.java:43)
	at Set Admin Info.run(Set Admin Info:81)
	at com.kms.katalon.core.main.ScriptEngine.run(ScriptEngine.java:194)
	at com.kms.katalon.core.main.ScriptEngine.runScriptAsRawText(ScriptEngine.java:119)
	at com.kms.katalon.core.main.TestCaseExecutor.runScript(TestCaseExecutor.java:448)
	at com.kms.katalon.core.main.TestCaseExecutor.doExecute(TestCaseExecutor.java:439)
	at com.kms.katalon.core.main.TestCaseExecutor.processExecutionPhase(TestCaseExecutor.java:418)
	at com.kms.katalon.core.main.TestCaseExecutor.accessMainPhase(TestCaseExecutor.java:410)
	at com.kms.katalon.core.main.TestCaseExecutor.execute(TestCaseExecutor.java:285)
	at com.kms.katalon.core.main.TestCaseMain.runTestCase(TestCaseMain.java:137)
	at com.kms.katalon.core.keyword.builtin.CallTestCaseKeyword$_callTestCase_closure1.doCall(CallTestCaseKeyword.groovy:59)
	... 42 more
Caused by: com.kms.katalon.core.webui.exception.WebElementNotFoundException: Web element with id: 'Object Repository/Education Partner Profile/Tabs/a_Admin Info' located by '//a[@id='ui-id-7']' not found
	at com.kms.katalon.core.webui.common.WebUiCommonHelper.findWebElement(WebUiCommonHelper.java:1423)
	at Perform Action.run(Perform Action:32)
	at com.kms.katalon.core.main.ScriptEngine.run(ScriptEngine.java:194)
	at com.kms.katalon.core.main.ScriptEngine.runScriptAsRawText(ScriptEngine.java:119)
	at com.kms.katalon.core.main.TestCaseExecutor.runScript(TestCaseExecutor.java:448)
	at com.kms.katalon.core.main.TestCaseExecutor.doExecute(TestCaseExecutor.java:439)
	at com.kms.katalon.core.main.TestCaseExecutor.processExecutionPhase(TestCaseExecutor.java:418)
	at com.kms.katalon.core.main.TestCaseExecutor.accessMainPhase(TestCaseExecutor.java:410)
	at com.kms.katalon.core.main.TestCaseExecutor.execute(TestCaseExecutor.java:285)
	at com.kms.katalon.core.main.TestCaseMain.runTestCase(TestCaseMain.java:137)
	at com.kms.katalon.core.keyword.builtin.CallTestCaseKeyword$_callTestCase_closure1.doCall(CallTestCaseKeyword.groovy:59)
	... 60 more
)

25-01-2025T14:49:51 - [MESSAGE][ERROR] - Test Cases/Education Partner Profile/Complete Education Partner Profile FAILED.
Reason:
com.kms.katalon.core.exception.StepErrorException: Call Test Case 'Test Cases/Education Partner Profile/Tabs/Set Admin Info' failed because of error(s)
	at com.kms.katalon.core.keyword.builtin.CallTestCaseKeyword$_callTestCase_closure1.doCall(CallTestCaseKeyword.groovy:66)
	at com.kms.katalon.core.keyword.builtin.CallTestCaseKeyword$_callTestCase_closure1.call(CallTestCaseKeyword.groovy)
	at com.kms.katalon.core.keyword.internal.KeywordMain.runKeyword(KeywordMain.groovy:75)
	at com.kms.katalon.core.keyword.builtin.CallTestCaseKeyword.callTestCase(CallTestCaseKeyword.groovy:81)
	at com.kms.katalon.core.keyword.builtin.CallTestCaseKeyword.execute(CallTestCaseKeyword.groovy:44)
	at com.kms.katalon.core.keyword.internal.KeywordExecutor.executeKeywordForPlatform(KeywordExecutor.groovy:74)
	at com.kms.katalon.core.keyword.BuiltinKeywords.callTestCase(BuiltinKeywords.groovy:310)
	at jdk.internal.reflect.GeneratedMethodAccessor30.invoke(Unknown Source)
	at java.base/jdk.internal.reflect.DelegatingMethodAccessorImpl.invoke(DelegatingMethodAccessorImpl.java:43)
	at Complete Education Partner Profile.run(Complete Education Partner Profile:216)
	at com.kms.katalon.core.main.ScriptEngine.run(ScriptEngine.java:194)
	at com.kms.katalon.core.main.ScriptEngine.runScriptAsRawText(ScriptEngine.java:119)
	at com.kms.katalon.core.main.TestCaseExecutor.runScript(TestCaseExecutor.java:448)
	at com.kms.katalon.core.main.TestCaseExecutor.doExecute(TestCaseExecutor.java:439)
	at com.kms.katalon.core.main.TestCaseExecutor.processExecutionPhase(TestCaseExecutor.java:418)
	at com.kms.katalon.core.main.TestCaseExecutor.accessMainPhase(TestCaseExecutor.java:410)
	at com.kms.katalon.core.main.TestCaseExecutor.execute(TestCaseExecutor.java:285)
	at com.kms.katalon.core.main.TestCaseMain.runTestCase(TestCaseMain.java:137)
	at com.kms.katalon.core.keyword.builtin.CallTestCaseKeyword$_callTestCase_closure1.doCall(CallTestCaseKeyword.groovy:59)
	at com.kms.katalon.core.keyword.builtin.CallTestCaseKeyword$_callTestCase_closure1.call(CallTestCaseKeyword.groovy)
	at com.kms.katalon.core.keyword.internal.KeywordMain.runKeyword(KeywordMain.groovy:75)
	at com.kms.katalon.core.keyword.builtin.CallTestCaseKeyword.callTestCase(CallTestCaseKeyword.groovy:81)
	at com.kms.katalon.core.keyword.builtin.CallTestCaseKeyword.execute(CallTestCaseKeyword.groovy:44)
	at com.kms.katalon.core.keyword.internal.KeywordExecutor.executeKeywordForPlatform(KeywordExecutor.groovy:74)
	at com.kms.katalon.core.keyword.BuiltinKeywords.callTestCase(BuiltinKeywords.groovy:310)
	at jdk.internal.reflect.GeneratedMethodAccessor30.invoke(Unknown Source)
	at java.base/jdk.internal.reflect.DelegatingMethodAccessorImpl.invoke(DelegatingMethodAccessorImpl.java:43)
	at Register Education Partner.run(Register Education Partner:401)
	at com.kms.katalon.core.main.ScriptEngine.run(ScriptEngine.java:194)
	at com.kms.katalon.core.main.ScriptEngine.runScriptAsRawText(ScriptEngine.java:119)
	at com.kms.katalon.core.main.TestCaseExecutor.runScript(TestCaseExecutor.java:448)
	at com.kms.katalon.core.main.TestCaseExecutor.doExecute(TestCaseExecutor.java:439)
	at com.kms.katalon.core.main.TestCaseExecutor.processExecutionPhase(TestCaseExecutor.java:418)
	at com.kms.katalon.core.main.TestCaseExecutor.accessMainPhase(TestCaseExecutor.java:410)
	at com.kms.katalon.core.main.TestCaseExecutor.execute(TestCaseExecutor.java:285)
	at com.kms.katalon.core.common.CommonExecutor.accessTestCaseMainPhase(CommonExecutor.java:65)
	at com.kms.katalon.core.main.TestSuiteExecutor.accessTestSuiteMainPhase(TestSuiteExecutor.java:150)
	at com.kms.katalon.core.main.TestSuiteExecutor.execute(TestSuiteExecutor.java:106)
	at com.kms.katalon.core.main.TestCaseMain.startTestSuite(TestCaseMain.java:180)
	at TempTestSuite1737837875715.run(TempTestSuite1737837875715.groovy:35)
	at java.base/jdk.internal.reflect.NativeMethodAccessorImpl.invoke0(Native Method)
	at java.base/jdk.internal.reflect.NativeMethodAccessorImpl.invoke(NativeMethodAccessorImpl.java:77)
	at java.base/jdk.internal.reflect.DelegatingMethodAccessorImpl.invoke(DelegatingMethodAccessorImpl.java:43)
Caused by: com.kms.katalon.core.exception.StepErrorException: Call Test Case 'Test Cases/_Functions/Perform Action' failed because of error(s)
	at com.kms.katalon.core.keyword.builtin.CallTestCaseKeyword$_callTestCase_closure1.doCall(CallTestCaseKeyword.groovy:66)
	at com.kms.katalon.core.keyword.builtin.CallTestCaseKeyword$_callTestCase_closure1.call(CallTestCaseKeyword.groovy)
	at com.kms.katalon.core.keyword.internal.KeywordMain.runKeyword(KeywordMain.groovy:75)
	at com.kms.katalon.core.keyword.builtin.CallTestCaseKeyword.callTestCase(CallTestCaseKeyword.groovy:81)
	at com.kms.katalon.core.keyword.builtin.CallTestCaseKeyword.execute(CallTestCaseKeyword.groovy:44)
	at com.kms.katalon.core.keyword.internal.KeywordExecutor.executeKeywordForPlatform(KeywordExecutor.groovy:74)
	at com.kms.katalon.core.keyword.BuiltinKeywords.callTestCase(BuiltinKeywords.groovy:310)
	at jdk.internal.reflect.GeneratedMethodAccessor30.invoke(Unknown Source)
	at java.base/jdk.internal.reflect.DelegatingMethodAccessorImpl.invoke(DelegatingMethodAccessorImpl.java:43)
	at Set Admin Info.run(Set Admin Info:81)
	at com.kms.katalon.core.main.ScriptEngine.run(ScriptEngine.java:194)
	at com.kms.katalon.core.main.ScriptEngine.runScriptAsRawText(ScriptEngine.java:119)
	at com.kms.katalon.core.main.TestCaseExecutor.runScript(TestCaseExecutor.java:448)
	at com.kms.katalon.core.main.TestCaseExecutor.doExecute(TestCaseExecutor.java:439)
	at com.kms.katalon.core.main.TestCaseExecutor.processExecutionPhase(TestCaseExecutor.java:418)
	at com.kms.katalon.core.main.TestCaseExecutor.accessMainPhase(TestCaseExecutor.java:410)
	at com.kms.katalon.core.main.TestCaseExecutor.execute(TestCaseExecutor.java:285)
	at com.kms.katalon.core.main.TestCaseMain.runTestCase(TestCaseMain.java:137)
	at com.kms.katalon.core.keyword.builtin.CallTestCaseKeyword$_callTestCase_closure1.doCall(CallTestCaseKeyword.groovy:59)
	... 42 more
Caused by: com.kms.katalon.core.webui.exception.WebElementNotFoundException: Web element with id: 'Object Repository/Education Partner Profile/Tabs/a_Admin Info' located by '//a[@id='ui-id-7']' not found
	at com.kms.katalon.core.webui.common.WebUiCommonHelper.findWebElement(WebUiCommonHelper.java:1423)
	at Perform Action.run(Perform Action:32)
	at com.kms.katalon.core.main.ScriptEngine.run(ScriptEngine.java:194)
	at com.kms.katalon.core.main.ScriptEngine.runScriptAsRawText(ScriptEngine.java:119)
	at com.kms.katalon.core.main.TestCaseExecutor.runScript(TestCaseExecutor.java:448)
	at com.kms.katalon.core.main.TestCaseExecutor.doExecute(TestCaseExecutor.java:439)
	at com.kms.katalon.core.main.TestCaseExecutor.processExecutionPhase(TestCaseExecutor.java:418)
	at com.kms.katalon.core.main.TestCaseExecutor.accessMainPhase(TestCaseExecutor.java:410)
	at com.kms.katalon.core.main.TestCaseExecutor.execute(TestCaseExecutor.java:285)
	at com.kms.katalon.core.main.TestCaseMain.runTestCase(TestCaseMain.java:137)
	at com.kms.katalon.core.keyword.builtin.CallTestCaseKeyword$_callTestCase_closure1.doCall(CallTestCaseKeyword.groovy:59)
	... 60 more


25-01-2025T14:49:51 - [MESSAGE][FAILED] - Unable to call Test Case 'Test Cases/Education Partner Profile/Complete Education Partner Profile' (Root cause: com.kms.katalon.core.exception.StepErrorException: Call Test Case 'Test Cases/Education Partner Profile/Complete Education Partner Profile' failed because of error(s)
	at com.kms.katalon.core.keyword.builtin.CallTestCaseKeyword$_callTestCase_closure1.doCall(CallTestCaseKeyword.groovy:66)
	at com.kms.katalon.core.keyword.builtin.CallTestCaseKeyword$_callTestCase_closure1.call(CallTestCaseKeyword.groovy)
	at com.kms.katalon.core.keyword.internal.KeywordMain.runKeyword(KeywordMain.groovy:75)
	at com.kms.katalon.core.keyword.builtin.CallTestCaseKeyword.callTestCase(CallTestCaseKeyword.groovy:81)
	at com.kms.katalon.core.keyword.builtin.CallTestCaseKeyword.execute(CallTestCaseKeyword.groovy:44)
	at com.kms.katalon.core.keyword.internal.KeywordExecutor.executeKeywordForPlatform(KeywordExecutor.groovy:74)
	at com.kms.katalon.core.keyword.BuiltinKeywords.callTestCase(BuiltinKeywords.groovy:310)
	at jdk.internal.reflect.GeneratedMethodAccessor30.invoke(Unknown Source)
	at java.base/jdk.internal.reflect.DelegatingMethodAccessorImpl.invoke(DelegatingMethodAccessorImpl.java:43)
	at Register Education Partner.run(Register Education Partner:401)
	at com.kms.katalon.core.main.ScriptEngine.run(ScriptEngine.java:194)
	at com.kms.katalon.core.main.ScriptEngine.runScriptAsRawText(ScriptEngine.java:119)
	at com.kms.katalon.core.main.TestCaseExecutor.runScript(TestCaseExecutor.java:448)
	at com.kms.katalon.core.main.TestCaseExecutor.doExecute(TestCaseExecutor.java:439)
	at com.kms.katalon.core.main.TestCaseExecutor.processExecutionPhase(TestCaseExecutor.java:418)
	at com.kms.katalon.core.main.TestCaseExecutor.accessMainPhase(TestCaseExecutor.java:410)
	at com.kms.katalon.core.main.TestCaseExecutor.execute(TestCaseExecutor.java:285)
	at com.kms.katalon.core.common.CommonExecutor.accessTestCaseMainPhase(CommonExecutor.java:65)
	at com.kms.katalon.core.main.TestSuiteExecutor.accessTestSuiteMainPhase(TestSuiteExecutor.java:150)
	at com.kms.katalon.core.main.TestSuiteExecutor.execute(TestSuiteExecutor.java:106)
	at com.kms.katalon.core.main.TestCaseMain.startTestSuite(TestCaseMain.java:180)
	at TempTestSuite1737837875715.run(TempTestSuite1737837875715.groovy:35)
	at java.base/jdk.internal.reflect.NativeMethodAccessorImpl.invoke0(Native Method)
	at java.base/jdk.internal.reflect.NativeMethodAccessorImpl.invoke(NativeMethodAccessorImpl.java:77)
	at java.base/jdk.internal.reflect.DelegatingMethodAccessorImpl.invoke(DelegatingMethodAccessorImpl.java:43)
Caused by: com.kms.katalon.core.exception.StepErrorException: Call Test Case 'Test Cases/Education Partner Profile/Tabs/Set Admin Info' failed because of error(s)
	at com.kms.katalon.core.keyword.builtin.CallTestCaseKeyword$_callTestCase_closure1.doCall(CallTestCaseKeyword.groovy:66)
	at com.kms.katalon.core.keyword.builtin.CallTestCaseKeyword$_callTestCase_closure1.call(CallTestCaseKeyword.groovy)
	at com.kms.katalon.core.keyword.internal.KeywordMain.runKeyword(KeywordMain.groovy:75)
	at com.kms.katalon.core.keyword.builtin.CallTestCaseKeyword.callTestCase(CallTestCaseKeyword.groovy:81)
	at com.kms.katalon.core.keyword.builtin.CallTestCaseKeyword.execute(CallTestCaseKeyword.groovy:44)
	at com.kms.katalon.core.keyword.internal.KeywordExecutor.executeKeywordForPlatform(KeywordExecutor.groovy:74)
	at com.kms.katalon.core.keyword.BuiltinKeywords.callTestCase(BuiltinKeywords.groovy:310)
	at jdk.internal.reflect.GeneratedMethodAccessor30.invoke(Unknown Source)
	at java.base/jdk.internal.reflect.DelegatingMethodAccessorImpl.invoke(DelegatingMethodAccessorImpl.java:43)
	at Complete Education Partner Profile.run(Complete Education Partner Profile:216)
	at com.kms.katalon.core.main.ScriptEngine.run(ScriptEngine.java:194)
	at com.kms.katalon.core.main.ScriptEngine.runScriptAsRawText(ScriptEngine.java:119)
	at com.kms.katalon.core.main.TestCaseExecutor.runScript(TestCaseExecutor.java:448)
	at com.kms.katalon.core.main.TestCaseExecutor.doExecute(TestCaseExecutor.java:439)
	at com.kms.katalon.core.main.TestCaseExecutor.processExecutionPhase(TestCaseExecutor.java:418)
	at com.kms.katalon.core.main.TestCaseExecutor.accessMainPhase(TestCaseExecutor.java:410)
	at com.kms.katalon.core.main.TestCaseExecutor.execute(TestCaseExecutor.java:285)
	at com.kms.katalon.core.main.TestCaseMain.runTestCase(TestCaseMain.java:137)
	at com.kms.katalon.core.keyword.builtin.CallTestCaseKeyword$_callTestCase_closure1.doCall(CallTestCaseKeyword.groovy:59)
	... 24 more
Caused by: com.kms.katalon.core.exception.StepErrorException: Call Test Case 'Test Cases/_Functions/Perform Action' failed because of error(s)
	at com.kms.katalon.core.keyword.builtin.CallTestCaseKeyword$_callTestCase_closure1.doCall(CallTestCaseKeyword.groovy:66)
	at com.kms.katalon.core.keyword.builtin.CallTestCaseKeyword$_callTestCase_closure1.call(CallTestCaseKeyword.groovy)
	at com.kms.katalon.core.keyword.internal.KeywordMain.runKeyword(KeywordMain.groovy:75)
	at com.kms.katalon.core.keyword.builtin.CallTestCaseKeyword.callTestCase(CallTestCaseKeyword.groovy:81)
	at com.kms.katalon.core.keyword.builtin.CallTestCaseKeyword.execute(CallTestCaseKeyword.groovy:44)
	at com.kms.katalon.core.keyword.internal.KeywordExecutor.executeKeywordForPlatform(KeywordExecutor.groovy:74)
	at com.kms.katalon.core.keyword.BuiltinKeywords.callTestCase(BuiltinKeywords.groovy:310)
	at jdk.internal.reflect.GeneratedMethodAccessor30.invoke(Unknown Source)
	at java.base/jdk.internal.reflect.DelegatingMethodAccessorImpl.invoke(DelegatingMethodAccessorImpl.java:43)
	at Set Admin Info.run(Set Admin Info:81)
	at com.kms.katalon.core.main.ScriptEngine.run(ScriptEngine.java:194)
	at com.kms.katalon.core.main.ScriptEngine.runScriptAsRawText(ScriptEngine.java:119)
	at com.kms.katalon.core.main.TestCaseExecutor.runScript(TestCaseExecutor.java:448)
	at com.kms.katalon.core.main.TestCaseExecutor.doExecute(TestCaseExecutor.java:439)
	at com.kms.katalon.core.main.TestCaseExecutor.processExecutionPhase(TestCaseExecutor.java:418)
	at com.kms.katalon.core.main.TestCaseExecutor.accessMainPhase(TestCaseExecutor.java:410)
	at com.kms.katalon.core.main.TestCaseExecutor.execute(TestCaseExecutor.java:285)
	at com.kms.katalon.core.main.TestCaseMain.runTestCase(TestCaseMain.java:137)
	at com.kms.katalon.core.keyword.builtin.CallTestCaseKeyword$_callTestCase_closure1.doCall(CallTestCaseKeyword.groovy:59)
	... 42 more
Caused by: com.kms.katalon.core.webui.exception.WebElementNotFoundException: Web element with id: 'Object Repository/Education Partner Profile/Tabs/a_Admin Info' located by '//a[@id='ui-id-7']' not found
	at com.kms.katalon.core.webui.common.WebUiCommonHelper.findWebElement(WebUiCommonHelper.java:1423)
	at Perform Action.run(Perform Action:32)
	at com.kms.katalon.core.main.ScriptEngine.run(ScriptEngine.java:194)
	at com.kms.katalon.core.main.ScriptEngine.runScriptAsRawText(ScriptEngine.java:119)
	at com.kms.katalon.core.main.TestCaseExecutor.runScript(TestCaseExecutor.java:448)
	at com.kms.katalon.core.main.TestCaseExecutor.doExecute(TestCaseExecutor.java:439)
	at com.kms.katalon.core.main.TestCaseExecutor.processExecutionPhase(TestCaseExecutor.java:418)
	at com.kms.katalon.core.main.TestCaseExecutor.accessMainPhase(TestCaseExecutor.java:410)
	at com.kms.katalon.core.main.TestCaseExecutor.execute(TestCaseExecutor.java:285)
	at com.kms.katalon.core.main.TestCaseMain.runTestCase(TestCaseMain.java:137)
	at com.kms.katalon.core.keyword.builtin.CallTestCaseKeyword$_callTestCase_closure1.doCall(CallTestCaseKeyword.groovy:59)
	... 60 more
)

25-01-2025T14:49:51 - [MESSAGE][ERROR] - Test Cases/Education Partner Profile/Register Education Partner FAILED.
Reason:
com.kms.katalon.core.exception.StepErrorException: Call Test Case 'Test Cases/Education Partner Profile/Complete Education Partner Profile' failed because of error(s)
	at com.kms.katalon.core.keyword.builtin.CallTestCaseKeyword$_callTestCase_closure1.doCall(CallTestCaseKeyword.groovy:66)
	at com.kms.katalon.core.keyword.builtin.CallTestCaseKeyword$_callTestCase_closure1.call(CallTestCaseKeyword.groovy)
	at com.kms.katalon.core.keyword.internal.KeywordMain.runKeyword(KeywordMain.groovy:75)
	at com.kms.katalon.core.keyword.builtin.CallTestCaseKeyword.callTestCase(CallTestCaseKeyword.groovy:81)
	at com.kms.katalon.core.keyword.builtin.CallTestCaseKeyword.execute(CallTestCaseKeyword.groovy:44)
	at com.kms.katalon.core.keyword.internal.KeywordExecutor.executeKeywordForPlatform(KeywordExecutor.groovy:74)
	at com.kms.katalon.core.keyword.BuiltinKeywords.callTestCase(BuiltinKeywords.groovy:310)
	at jdk.internal.reflect.GeneratedMethodAccessor30.invoke(Unknown Source)
	at java.base/jdk.internal.reflect.DelegatingMethodAccessorImpl.invoke(DelegatingMethodAccessorImpl.java:43)
	at Register Education Partner.run(Register Education Partner:401)
	at com.kms.katalon.core.main.ScriptEngine.run(ScriptEngine.java:194)
	at com.kms.katalon.core.main.ScriptEngine.runScriptAsRawText(ScriptEngine.java:119)
	at com.kms.katalon.core.main.TestCaseExecutor.runScript(TestCaseExecutor.java:448)
	at com.kms.katalon.core.main.TestCaseExecutor.doExecute(TestCaseExecutor.java:439)
	at com.kms.katalon.core.main.TestCaseExecutor.processExecutionPhase(TestCaseExecutor.java:418)
	at com.kms.katalon.core.main.TestCaseExecutor.accessMainPhase(TestCaseExecutor.java:410)
	at com.kms.katalon.core.main.TestCaseExecutor.execute(TestCaseExecutor.java:285)
	at com.kms.katalon.core.common.CommonExecutor.accessTestCaseMainPhase(CommonExecutor.java:65)
	at com.kms.katalon.core.main.TestSuiteExecutor.accessTestSuiteMainPhase(TestSuiteExecutor.java:150)
	at com.kms.katalon.core.main.TestSuiteExecutor.execute(TestSuiteExecutor.java:106)
	at com.kms.katalon.core.main.TestCaseMain.startTestSuite(TestCaseMain.java:180)
	at TempTestSuite1737837875715.run(TempTestSuite1737837875715.groovy:35)
	at java.base/jdk.internal.reflect.NativeMethodAccessorImpl.invoke0(Native Method)
	at java.base/jdk.internal.reflect.NativeMethodAccessorImpl.invoke(NativeMethodAccessorImpl.java:77)
	at java.base/jdk.internal.reflect.DelegatingMethodAccessorImpl.invoke(DelegatingMethodAccessorImpl.java:43)
Caused by: com.kms.katalon.core.exception.StepErrorException: Call Test Case 'Test Cases/Education Partner Profile/Tabs/Set Admin Info' failed because of error(s)
	at com.kms.katalon.core.keyword.builtin.CallTestCaseKeyword$_callTestCase_closure1.doCall(CallTestCaseKeyword.groovy:66)
	at com.kms.katalon.core.keyword.builtin.CallTestCaseKeyword$_callTestCase_closure1.call(CallTestCaseKeyword.groovy)
	at com.kms.katalon.core.keyword.internal.KeywordMain.runKeyword(KeywordMain.groovy:75)
	at com.kms.katalon.core.keyword.builtin.CallTestCaseKeyword.callTestCase(CallTestCaseKeyword.groovy:81)
	at com.kms.katalon.core.keyword.builtin.CallTestCaseKeyword.execute(CallTestCaseKeyword.groovy:44)
	at com.kms.katalon.core.keyword.internal.KeywordExecutor.executeKeywordForPlatform(KeywordExecutor.groovy:74)
	at com.kms.katalon.core.keyword.BuiltinKeywords.callTestCase(BuiltinKeywords.groovy:310)
	at jdk.internal.reflect.GeneratedMethodAccessor30.invoke(Unknown Source)
	at java.base/jdk.internal.reflect.DelegatingMethodAccessorImpl.invoke(DelegatingMethodAccessorImpl.java:43)
	at Complete Education Partner Profile.run(Complete Education Partner Profile:216)
	at com.kms.katalon.core.main.ScriptEngine.run(ScriptEngine.java:194)
	at com.kms.katalon.core.main.ScriptEngine.runScriptAsRawText(ScriptEngine.java:119)
	at com.kms.katalon.core.main.TestCaseExecutor.runScript(TestCaseExecutor.java:448)
	at com.kms.katalon.core.main.TestCaseExecutor.doExecute(TestCaseExecutor.java:439)
	at com.kms.katalon.core.main.TestCaseExecutor.processExecutionPhase(TestCaseExecutor.java:418)
	at com.kms.katalon.core.main.TestCaseExecutor.accessMainPhase(TestCaseExecutor.java:410)
	at com.kms.katalon.core.main.TestCaseExecutor.execute(TestCaseExecutor.java:285)
	at com.kms.katalon.core.main.TestCaseMain.runTestCase(TestCaseMain.java:137)
	at com.kms.katalon.core.keyword.builtin.CallTestCaseKeyword$_callTestCase_closure1.doCall(CallTestCaseKeyword.groovy:59)
	... 24 more
Caused by: com.kms.katalon.core.exception.StepErrorException: Call Test Case 'Test Cases/_Functions/Perform Action' failed because of error(s)
	at com.kms.katalon.core.keyword.builtin.CallTestCaseKeyword$_callTestCase_closure1.doCall(CallTestCaseKeyword.groovy:66)
	at com.kms.katalon.core.keyword.builtin.CallTestCaseKeyword$_callTestCase_closure1.call(CallTestCaseKeyword.groovy)
	at com.kms.katalon.core.keyword.internal.KeywordMain.runKeyword(KeywordMain.groovy:75)
	at com.kms.katalon.core.keyword.builtin.CallTestCaseKeyword.callTestCase(CallTestCaseKeyword.groovy:81)
	at com.kms.katalon.core.keyword.builtin.CallTestCaseKeyword.execute(CallTestCaseKeyword.groovy:44)
	at com.kms.katalon.core.keyword.internal.KeywordExecutor.executeKeywordForPlatform(KeywordExecutor.groovy:74)
	at com.kms.katalon.core.keyword.BuiltinKeywords.callTestCase(BuiltinKeywords.groovy:310)
	at jdk.internal.reflect.GeneratedMethodAccessor30.invoke(Unknown Source)
	at java.base/jdk.internal.reflect.DelegatingMethodAccessorImpl.invoke(DelegatingMethodAccessorImpl.java:43)
	at Set Admin Info.run(Set Admin Info:81)
	at com.kms.katalon.core.main.ScriptEngine.run(ScriptEngine.java:194)
	at com.kms.katalon.core.main.ScriptEngine.runScriptAsRawText(ScriptEngine.java:119)
	at com.kms.katalon.core.main.TestCaseExecutor.runScript(TestCaseExecutor.java:448)
	at com.kms.katalon.core.main.TestCaseExecutor.doExecute(TestCaseExecutor.java:439)
	at com.kms.katalon.core.main.TestCaseExecutor.processExecutionPhase(TestCaseExecutor.java:418)
	at com.kms.katalon.core.main.TestCaseExecutor.accessMainPhase(TestCaseExecutor.java:410)
	at com.kms.katalon.core.main.TestCaseExecutor.execute(TestCaseExecutor.java:285)
	at com.kms.katalon.core.main.TestCaseMain.runTestCase(TestCaseMain.java:137)
	at com.kms.katalon.core.keyword.builtin.CallTestCaseKeyword$_callTestCase_closure1.doCall(CallTestCaseKeyword.groovy:59)
	... 42 more
Caused by: com.kms.katalon.core.webui.exception.WebElementNotFoundException: Web element with id: 'Object Repository/Education Partner Profile/Tabs/a_Admin Info' located by '//a[@id='ui-id-7']' not found
	at com.kms.katalon.core.webui.common.WebUiCommonHelper.findWebElement(WebUiCommonHelper.java:1423)
	at Perform Action.run(Perform Action:32)
	at com.kms.katalon.core.main.ScriptEngine.run(ScriptEngine.java:194)
	at com.kms.katalon.core.main.ScriptEngine.runScriptAsRawText(ScriptEngine.java:119)
	at com.kms.katalon.core.main.TestCaseExecutor.runScript(TestCaseExecutor.java:448)
	at com.kms.katalon.core.main.TestCaseExecutor.doExecute(TestCaseExecutor.java:439)
	at com.kms.katalon.core.main.TestCaseExecutor.processExecutionPhase(TestCaseExecutor.java:418)
	at com.kms.katalon.core.main.TestCaseExecutor.accessMainPhase(TestCaseExecutor.java:410)
	at com.kms.katalon.core.main.TestCaseExecutor.execute(TestCaseExecutor.java:285)
	at com.kms.katalon.core.main.TestCaseMain.runTestCase(TestCaseMain.java:137)
	at com.kms.katalon.core.keyword.builtin.CallTestCaseKeyword$_callTestCase_closure1.doCall(CallTestCaseKeyword.groovy:59)
	... 60 more]]></system-out>
         <system-err><![CDATA[25-01-2025T14:44:40 - [TEST_CASE][ERROR] - Test Cases/Education Partner Profile/Register Education Partner: Test Cases/Education Partner Profile/Register Education Partner FAILED.
Reason:
com.kms.katalon.core.exception.StepErrorException: Call Test Case 'Test Cases/Education Partner Profile/Complete Education Partner Profile' failed because of error(s)
	at com.kms.katalon.core.keyword.builtin.CallTestCaseKeyword$_callTestCase_closure1.doCall(CallTestCaseKeyword.groovy:66)
	at com.kms.katalon.core.keyword.builtin.CallTestCaseKeyword$_callTestCase_closure1.call(CallTestCaseKeyword.groovy)
	at com.kms.katalon.core.keyword.internal.KeywordMain.runKeyword(KeywordMain.groovy:75)
	at com.kms.katalon.core.keyword.builtin.CallTestCaseKeyword.callTestCase(CallTestCaseKeyword.groovy:81)
	at com.kms.katalon.core.keyword.builtin.CallTestCaseKeyword.execute(CallTestCaseKeyword.groovy:44)
	at com.kms.katalon.core.keyword.internal.KeywordExecutor.executeKeywordForPlatform(KeywordExecutor.groovy:74)
	at com.kms.katalon.core.keyword.BuiltinKeywords.callTestCase(BuiltinKeywords.groovy:310)
	at jdk.internal.reflect.GeneratedMethodAccessor30.invoke(Unknown Source)
	at java.base/jdk.internal.reflect.DelegatingMethodAccessorImpl.invoke(DelegatingMethodAccessorImpl.java:43)
	at Register Education Partner.run(Register Education Partner:401)
	at com.kms.katalon.core.main.ScriptEngine.run(ScriptEngine.java:194)
	at com.kms.katalon.core.main.ScriptEngine.runScriptAsRawText(ScriptEngine.java:119)
	at com.kms.katalon.core.main.TestCaseExecutor.runScript(TestCaseExecutor.java:448)
	at com.kms.katalon.core.main.TestCaseExecutor.doExecute(TestCaseExecutor.java:439)
	at com.kms.katalon.core.main.TestCaseExecutor.processExecutionPhase(TestCaseExecutor.java:418)
	at com.kms.katalon.core.main.TestCaseExecutor.accessMainPhase(TestCaseExecutor.java:410)
	at com.kms.katalon.core.main.TestCaseExecutor.execute(TestCaseExecutor.java:285)
	at com.kms.katalon.core.common.CommonExecutor.accessTestCaseMainPhase(CommonExecutor.java:65)
	at com.kms.katalon.core.main.TestSuiteExecutor.accessTestSuiteMainPhase(TestSuiteExecutor.java:150)
	at com.kms.katalon.core.main.TestSuiteExecutor.execute(TestSuiteExecutor.java:106)
	at com.kms.katalon.core.main.TestCaseMain.startTestSuite(TestCaseMain.java:180)
	at TempTestSuite1737837875715.run(TempTestSuite1737837875715.groovy:35)
	at java.base/jdk.internal.reflect.NativeMethodAccessorImpl.invoke0(Native Method)
	at java.base/jdk.internal.reflect.NativeMethodAccessorImpl.invoke(NativeMethodAccessorImpl.java:77)
	at java.base/jdk.internal.reflect.DelegatingMethodAccessorImpl.invoke(DelegatingMethodAccessorImpl.java:43)
Caused by: com.kms.katalon.core.exception.StepErrorException: Call Test Case 'Test Cases/Education Partner Profile/Tabs/Set Admin Info' failed because of error(s)
	at com.kms.katalon.core.keyword.builtin.CallTestCaseKeyword$_callTestCase_closure1.doCall(CallTestCaseKeyword.groovy:66)
	at com.kms.katalon.core.keyword.builtin.CallTestCaseKeyword$_callTestCase_closure1.call(CallTestCaseKeyword.groovy)
	at com.kms.katalon.core.keyword.internal.KeywordMain.runKeyword(KeywordMain.groovy:75)
	at com.kms.katalon.core.keyword.builtin.CallTestCaseKeyword.callTestCase(CallTestCaseKeyword.groovy:81)
	at com.kms.katalon.core.keyword.builtin.CallTestCaseKeyword.execute(CallTestCaseKeyword.groovy:44)
	at com.kms.katalon.core.keyword.internal.KeywordExecutor.executeKeywordForPlatform(KeywordExecutor.groovy:74)
	at com.kms.katalon.core.keyword.BuiltinKeywords.callTestCase(BuiltinKeywords.groovy:310)
	at jdk.internal.reflect.GeneratedMethodAccessor30.invoke(Unknown Source)
	at java.base/jdk.internal.reflect.DelegatingMethodAccessorImpl.invoke(DelegatingMethodAccessorImpl.java:43)
	at Complete Education Partner Profile.run(Complete Education Partner Profile:216)
	at com.kms.katalon.core.main.ScriptEngine.run(ScriptEngine.java:194)
	at com.kms.katalon.core.main.ScriptEngine.runScriptAsRawText(ScriptEngine.java:119)
	at com.kms.katalon.core.main.TestCaseExecutor.runScript(TestCaseExecutor.java:448)
	at com.kms.katalon.core.main.TestCaseExecutor.doExecute(TestCaseExecutor.java:439)
	at com.kms.katalon.core.main.TestCaseExecutor.processExecutionPhase(TestCaseExecutor.java:418)
	at com.kms.katalon.core.main.TestCaseExecutor.accessMainPhase(TestCaseExecutor.java:410)
	at com.kms.katalon.core.main.TestCaseExecutor.execute(TestCaseExecutor.java:285)
	at com.kms.katalon.core.main.TestCaseMain.runTestCase(TestCaseMain.java:137)
	at com.kms.katalon.core.keyword.builtin.CallTestCaseKeyword$_callTestCase_closure1.doCall(CallTestCaseKeyword.groovy:59)
	... 24 more
Caused by: com.kms.katalon.core.exception.StepErrorException: Call Test Case 'Test Cases/_Functions/Perform Action' failed because of error(s)
	at com.kms.katalon.core.keyword.builtin.CallTestCaseKeyword$_callTestCase_closure1.doCall(CallTestCaseKeyword.groovy:66)
	at com.kms.katalon.core.keyword.builtin.CallTestCaseKeyword$_callTestCase_closure1.call(CallTestCaseKeyword.groovy)
	at com.kms.katalon.core.keyword.internal.KeywordMain.runKeyword(KeywordMain.groovy:75)
	at com.kms.katalon.core.keyword.builtin.CallTestCaseKeyword.callTestCase(CallTestCaseKeyword.groovy:81)
	at com.kms.katalon.core.keyword.builtin.CallTestCaseKeyword.execute(CallTestCaseKeyword.groovy:44)
	at com.kms.katalon.core.keyword.internal.KeywordExecutor.executeKeywordForPlatform(KeywordExecutor.groovy:74)
	at com.kms.katalon.core.keyword.BuiltinKeywords.callTestCase(BuiltinKeywords.groovy:310)
	at jdk.internal.reflect.GeneratedMethodAccessor30.invoke(Unknown Source)
	at java.base/jdk.internal.reflect.DelegatingMethodAccessorImpl.invoke(DelegatingMethodAccessorImpl.java:43)
	at Set Admin Info.run(Set Admin Info:81)
	at com.kms.katalon.core.main.ScriptEngine.run(ScriptEngine.java:194)
	at com.kms.katalon.core.main.ScriptEngine.runScriptAsRawText(ScriptEngine.java:119)
	at com.kms.katalon.core.main.TestCaseExecutor.runScript(TestCaseExecutor.java:448)
	at com.kms.katalon.core.main.TestCaseExecutor.doExecute(TestCaseExecutor.java:439)
	at com.kms.katalon.core.main.TestCaseExecutor.processExecutionPhase(TestCaseExecutor.java:418)
	at com.kms.katalon.core.main.TestCaseExecutor.accessMainPhase(TestCaseExecutor.java:410)
	at com.kms.katalon.core.main.TestCaseExecutor.execute(TestCaseExecutor.java:285)
	at com.kms.katalon.core.main.TestCaseMain.runTestCase(TestCaseMain.java:137)
	at com.kms.katalon.core.keyword.builtin.CallTestCaseKeyword$_callTestCase_closure1.doCall(CallTestCaseKeyword.groovy:59)
	... 42 more
Caused by: com.kms.katalon.core.webui.exception.WebElementNotFoundException: Web element with id: 'Object Repository/Education Partner Profile/Tabs/a_Admin Info' located by '//a[@id='ui-id-7']' not found
	at com.kms.katalon.core.webui.common.WebUiCommonHelper.findWebElement(WebUiCommonHelper.java:1423)
	at Perform Action.run(Perform Action:32)
	at com.kms.katalon.core.main.ScriptEngine.run(ScriptEngine.java:194)
	at com.kms.katalon.core.main.ScriptEngine.runScriptAsRawText(ScriptEngine.java:119)
	at com.kms.katalon.core.main.TestCaseExecutor.runScript(TestCaseExecutor.java:448)
	at com.kms.katalon.core.main.TestCaseExecutor.doExecute(TestCaseExecutor.java:439)
	at com.kms.katalon.core.main.TestCaseExecutor.processExecutionPhase(TestCaseExecutor.java:418)
	at com.kms.katalon.core.main.TestCaseExecutor.accessMainPhase(TestCaseExecutor.java:410)
	at com.kms.katalon.core.main.TestCaseExecutor.execute(TestCaseExecutor.java:285)
	at com.kms.katalon.core.main.TestCaseMain.runTestCase(TestCaseMain.java:137)
	at com.kms.katalon.core.keyword.builtin.CallTestCaseKeyword$_callTestCase_closure1.doCall(CallTestCaseKeyword.groovy:59)
	... 60 more]]></system-err>
      </testcase>
      <system-out><![CDATA[25-01-2025T14:44:40 - [TEST_SUITE][ERROR] - Education Partner Test Suite: Test Cases/Education Partner Profile/Register Education Partner FAILED.
Reason:
com.kms.katalon.core.exception.StepErrorException: Call Test Case 'Test Cases/Education Partner Profile/Complete Education Partner Profile' failed because of error(s)
	at com.kms.katalon.core.keyword.builtin.CallTestCaseKeyword$_callTestCase_closure1.doCall(CallTestCaseKeyword.groovy:66)
	at com.kms.katalon.core.keyword.builtin.CallTestCaseKeyword$_callTestCase_closure1.call(CallTestCaseKeyword.groovy)
	at com.kms.katalon.core.keyword.internal.KeywordMain.runKeyword(KeywordMain.groovy:75)
	at com.kms.katalon.core.keyword.builtin.CallTestCaseKeyword.callTestCase(CallTestCaseKeyword.groovy:81)
	at com.kms.katalon.core.keyword.builtin.CallTestCaseKeyword.execute(CallTestCaseKeyword.groovy:44)
	at com.kms.katalon.core.keyword.internal.KeywordExecutor.executeKeywordForPlatform(KeywordExecutor.groovy:74)
	at com.kms.katalon.core.keyword.BuiltinKeywords.callTestCase(BuiltinKeywords.groovy:310)
	at jdk.internal.reflect.GeneratedMethodAccessor30.invoke(Unknown Source)
	at java.base/jdk.internal.reflect.DelegatingMethodAccessorImpl.invoke(DelegatingMethodAccessorImpl.java:43)
	at Register Education Partner.run(Register Education Partner:401)
	at com.kms.katalon.core.main.ScriptEngine.run(ScriptEngine.java:194)
	at com.kms.katalon.core.main.ScriptEngine.runScriptAsRawText(ScriptEngine.java:119)
	at com.kms.katalon.core.main.TestCaseExecutor.runScript(TestCaseExecutor.java:448)
	at com.kms.katalon.core.main.TestCaseExecutor.doExecute(TestCaseExecutor.java:439)
	at com.kms.katalon.core.main.TestCaseExecutor.processExecutionPhase(TestCaseExecutor.java:418)
	at com.kms.katalon.core.main.TestCaseExecutor.accessMainPhase(TestCaseExecutor.java:410)
	at com.kms.katalon.core.main.TestCaseExecutor.execute(TestCaseExecutor.java:285)
	at com.kms.katalon.core.common.CommonExecutor.accessTestCaseMainPhase(CommonExecutor.java:65)
	at com.kms.katalon.core.main.TestSuiteExecutor.accessTestSuiteMainPhase(TestSuiteExecutor.java:150)
	at com.kms.katalon.core.main.TestSuiteExecutor.execute(TestSuiteExecutor.java:106)
	at com.kms.katalon.core.main.TestCaseMain.startTestSuite(TestCaseMain.java:180)
	at TempTestSuite1737837875715.run(TempTestSuite1737837875715.groovy:35)
	at java.base/jdk.internal.reflect.NativeMethodAccessorImpl.invoke0(Native Method)
	at java.base/jdk.internal.reflect.NativeMethodAccessorImpl.invoke(NativeMethodAccessorImpl.java:77)
	at java.base/jdk.internal.reflect.DelegatingMethodAccessorImpl.invoke(DelegatingMethodAccessorImpl.java:43)
Caused by: com.kms.katalon.core.exception.StepErrorException: Call Test Case 'Test Cases/Education Partner Profile/Tabs/Set Admin Info' failed because of error(s)
	at com.kms.katalon.core.keyword.builtin.CallTestCaseKeyword$_callTestCase_closure1.doCall(CallTestCaseKeyword.groovy:66)
	at com.kms.katalon.core.keyword.builtin.CallTestCaseKeyword$_callTestCase_closure1.call(CallTestCaseKeyword.groovy)
	at com.kms.katalon.core.keyword.internal.KeywordMain.runKeyword(KeywordMain.groovy:75)
	at com.kms.katalon.core.keyword.builtin.CallTestCaseKeyword.callTestCase(CallTestCaseKeyword.groovy:81)
	at com.kms.katalon.core.keyword.builtin.CallTestCaseKeyword.execute(CallTestCaseKeyword.groovy:44)
	at com.kms.katalon.core.keyword.internal.KeywordExecutor.executeKeywordForPlatform(KeywordExecutor.groovy:74)
	at com.kms.katalon.core.keyword.BuiltinKeywords.callTestCase(BuiltinKeywords.groovy:310)
	at jdk.internal.reflect.GeneratedMethodAccessor30.invoke(Unknown Source)
	at java.base/jdk.internal.reflect.DelegatingMethodAccessorImpl.invoke(DelegatingMethodAccessorImpl.java:43)
	at Complete Education Partner Profile.run(Complete Education Partner Profile:216)
	at com.kms.katalon.core.main.ScriptEngine.run(ScriptEngine.java:194)
	at com.kms.katalon.core.main.ScriptEngine.runScriptAsRawText(ScriptEngine.java:119)
	at com.kms.katalon.core.main.TestCaseExecutor.runScript(TestCaseExecutor.java:448)
	at com.kms.katalon.core.main.TestCaseExecutor.doExecute(TestCaseExecutor.java:439)
	at com.kms.katalon.core.main.TestCaseExecutor.processExecutionPhase(TestCaseExecutor.java:418)
	at com.kms.katalon.core.main.TestCaseExecutor.accessMainPhase(TestCaseExecutor.java:410)
	at com.kms.katalon.core.main.TestCaseExecutor.execute(TestCaseExecutor.java:285)
	at com.kms.katalon.core.main.TestCaseMain.runTestCase(TestCaseMain.java:137)
	at com.kms.katalon.core.keyword.builtin.CallTestCaseKeyword$_callTestCase_closure1.doCall(CallTestCaseKeyword.groovy:59)
	... 24 more
Caused by: com.kms.katalon.core.exception.StepErrorException: Call Test Case 'Test Cases/_Functions/Perform Action' failed because of error(s)
	at com.kms.katalon.core.keyword.builtin.CallTestCaseKeyword$_callTestCase_closure1.doCall(CallTestCaseKeyword.groovy:66)
	at com.kms.katalon.core.keyword.builtin.CallTestCaseKeyword$_callTestCase_closure1.call(CallTestCaseKeyword.groovy)
	at com.kms.katalon.core.keyword.internal.KeywordMain.runKeyword(KeywordMain.groovy:75)
	at com.kms.katalon.core.keyword.builtin.CallTestCaseKeyword.callTestCase(CallTestCaseKeyword.groovy:81)
	at com.kms.katalon.core.keyword.builtin.CallTestCaseKeyword.execute(CallTestCaseKeyword.groovy:44)
	at com.kms.katalon.core.keyword.internal.KeywordExecutor.executeKeywordForPlatform(KeywordExecutor.groovy:74)
	at com.kms.katalon.core.keyword.BuiltinKeywords.callTestCase(BuiltinKeywords.groovy:310)
	at jdk.internal.reflect.GeneratedMethodAccessor30.invoke(Unknown Source)
	at java.base/jdk.internal.reflect.DelegatingMethodAccessorImpl.invoke(DelegatingMethodAccessorImpl.java:43)
	at Set Admin Info.run(Set Admin Info:81)
	at com.kms.katalon.core.main.ScriptEngine.run(ScriptEngine.java:194)
	at com.kms.katalon.core.main.ScriptEngine.runScriptAsRawText(ScriptEngine.java:119)
	at com.kms.katalon.core.main.TestCaseExecutor.runScript(TestCaseExecutor.java:448)
	at com.kms.katalon.core.main.TestCaseExecutor.doExecute(TestCaseExecutor.java:439)
	at com.kms.katalon.core.main.TestCaseExecutor.processExecutionPhase(TestCaseExecutor.java:418)
	at com.kms.katalon.core.main.TestCaseExecutor.accessMainPhase(TestCaseExecutor.java:410)
	at com.kms.katalon.core.main.TestCaseExecutor.execute(TestCaseExecutor.java:285)
	at com.kms.katalon.core.main.TestCaseMain.runTestCase(TestCaseMain.java:137)
	at com.kms.katalon.core.keyword.builtin.CallTestCaseKeyword$_callTestCase_closure1.doCall(CallTestCaseKeyword.groovy:59)
	... 42 more
Caused by: com.kms.katalon.core.webui.exception.WebElementNotFoundException: Web element with id: 'Object Repository/Education Partner Profile/Tabs/a_Admin Info' located by '//a[@id='ui-id-7']' not found
	at com.kms.katalon.core.webui.common.WebUiCommonHelper.findWebElement(WebUiCommonHelper.java:1423)
	at Perform Action.run(Perform Action:32)
	at com.kms.katalon.core.main.ScriptEngine.run(ScriptEngine.java:194)
	at com.kms.katalon.core.main.ScriptEngine.runScriptAsRawText(ScriptEngine.java:119)
	at com.kms.katalon.core.main.TestCaseExecutor.runScript(TestCaseExecutor.java:448)
	at com.kms.katalon.core.main.TestCaseExecutor.doExecute(TestCaseExecutor.java:439)
	at com.kms.katalon.core.main.TestCaseExecutor.processExecutionPhase(TestCaseExecutor.java:418)
	at com.kms.katalon.core.main.TestCaseExecutor.accessMainPhase(TestCaseExecutor.java:410)
	at com.kms.katalon.core.main.TestCaseExecutor.execute(TestCaseExecutor.java:285)
	at com.kms.katalon.core.main.TestCaseMain.runTestCase(TestCaseMain.java:137)
	at com.kms.katalon.core.keyword.builtin.CallTestCaseKeyword$_callTestCase_closure1.doCall(CallTestCaseKeyword.groovy:59)
	... 60 more]]></system-out>
      <system-err><![CDATA[25-01-2025T14:44:40 - [TEST_SUITE][ERROR] - Education Partner Test Suite: Test Cases/Education Partner Profile/Register Education Partner FAILED.
Reason:
com.kms.katalon.core.exception.StepErrorException: Call Test Case 'Test Cases/Education Partner Profile/Complete Education Partner Profile' failed because of error(s)
	at com.kms.katalon.core.keyword.builtin.CallTestCaseKeyword$_callTestCase_closure1.doCall(CallTestCaseKeyword.groovy:66)
	at com.kms.katalon.core.keyword.builtin.CallTestCaseKeyword$_callTestCase_closure1.call(CallTestCaseKeyword.groovy)
	at com.kms.katalon.core.keyword.internal.KeywordMain.runKeyword(KeywordMain.groovy:75)
	at com.kms.katalon.core.keyword.builtin.CallTestCaseKeyword.callTestCase(CallTestCaseKeyword.groovy:81)
	at com.kms.katalon.core.keyword.builtin.CallTestCaseKeyword.execute(CallTestCaseKeyword.groovy:44)
	at com.kms.katalon.core.keyword.internal.KeywordExecutor.executeKeywordForPlatform(KeywordExecutor.groovy:74)
	at com.kms.katalon.core.keyword.BuiltinKeywords.callTestCase(BuiltinKeywords.groovy:310)
	at jdk.internal.reflect.GeneratedMethodAccessor30.invoke(Unknown Source)
	at java.base/jdk.internal.reflect.DelegatingMethodAccessorImpl.invoke(DelegatingMethodAccessorImpl.java:43)
	at Register Education Partner.run(Register Education Partner:401)
	at com.kms.katalon.core.main.ScriptEngine.run(ScriptEngine.java:194)
	at com.kms.katalon.core.main.ScriptEngine.runScriptAsRawText(ScriptEngine.java:119)
	at com.kms.katalon.core.main.TestCaseExecutor.runScript(TestCaseExecutor.java:448)
	at com.kms.katalon.core.main.TestCaseExecutor.doExecute(TestCaseExecutor.java:439)
	at com.kms.katalon.core.main.TestCaseExecutor.processExecutionPhase(TestCaseExecutor.java:418)
	at com.kms.katalon.core.main.TestCaseExecutor.accessMainPhase(TestCaseExecutor.java:410)
	at com.kms.katalon.core.main.TestCaseExecutor.execute(TestCaseExecutor.java:285)
	at com.kms.katalon.core.common.CommonExecutor.accessTestCaseMainPhase(CommonExecutor.java:65)
	at com.kms.katalon.core.main.TestSuiteExecutor.accessTestSuiteMainPhase(TestSuiteExecutor.java:150)
	at com.kms.katalon.core.main.TestSuiteExecutor.execute(TestSuiteExecutor.java:106)
	at com.kms.katalon.core.main.TestCaseMain.startTestSuite(TestCaseMain.java:180)
	at TempTestSuite1737837875715.run(TempTestSuite1737837875715.groovy:35)
	at java.base/jdk.internal.reflect.NativeMethodAccessorImpl.invoke0(Native Method)
	at java.base/jdk.internal.reflect.NativeMethodAccessorImpl.invoke(NativeMethodAccessorImpl.java:77)
	at java.base/jdk.internal.reflect.DelegatingMethodAccessorImpl.invoke(DelegatingMethodAccessorImpl.java:43)
Caused by: com.kms.katalon.core.exception.StepErrorException: Call Test Case 'Test Cases/Education Partner Profile/Tabs/Set Admin Info' failed because of error(s)
	at com.kms.katalon.core.keyword.builtin.CallTestCaseKeyword$_callTestCase_closure1.doCall(CallTestCaseKeyword.groovy:66)
	at com.kms.katalon.core.keyword.builtin.CallTestCaseKeyword$_callTestCase_closure1.call(CallTestCaseKeyword.groovy)
	at com.kms.katalon.core.keyword.internal.KeywordMain.runKeyword(KeywordMain.groovy:75)
	at com.kms.katalon.core.keyword.builtin.CallTestCaseKeyword.callTestCase(CallTestCaseKeyword.groovy:81)
	at com.kms.katalon.core.keyword.builtin.CallTestCaseKeyword.execute(CallTestCaseKeyword.groovy:44)
	at com.kms.katalon.core.keyword.internal.KeywordExecutor.executeKeywordForPlatform(KeywordExecutor.groovy:74)
	at com.kms.katalon.core.keyword.BuiltinKeywords.callTestCase(BuiltinKeywords.groovy:310)
	at jdk.internal.reflect.GeneratedMethodAccessor30.invoke(Unknown Source)
	at java.base/jdk.internal.reflect.DelegatingMethodAccessorImpl.invoke(DelegatingMethodAccessorImpl.java:43)
	at Complete Education Partner Profile.run(Complete Education Partner Profile:216)
	at com.kms.katalon.core.main.ScriptEngine.run(ScriptEngine.java:194)
	at com.kms.katalon.core.main.ScriptEngine.runScriptAsRawText(ScriptEngine.java:119)
	at com.kms.katalon.core.main.TestCaseExecutor.runScript(TestCaseExecutor.java:448)
	at com.kms.katalon.core.main.TestCaseExecutor.doExecute(TestCaseExecutor.java:439)
	at com.kms.katalon.core.main.TestCaseExecutor.processExecutionPhase(TestCaseExecutor.java:418)
	at com.kms.katalon.core.main.TestCaseExecutor.accessMainPhase(TestCaseExecutor.java:410)
	at com.kms.katalon.core.main.TestCaseExecutor.execute(TestCaseExecutor.java:285)
	at com.kms.katalon.core.main.TestCaseMain.runTestCase(TestCaseMain.java:137)
	at com.kms.katalon.core.keyword.builtin.CallTestCaseKeyword$_callTestCase_closure1.doCall(CallTestCaseKeyword.groovy:59)
	... 24 more
Caused by: com.kms.katalon.core.exception.StepErrorException: Call Test Case 'Test Cases/_Functions/Perform Action' failed because of error(s)
	at com.kms.katalon.core.keyword.builtin.CallTestCaseKeyword$_callTestCase_closure1.doCall(CallTestCaseKeyword.groovy:66)
	at com.kms.katalon.core.keyword.builtin.CallTestCaseKeyword$_callTestCase_closure1.call(CallTestCaseKeyword.groovy)
	at com.kms.katalon.core.keyword.internal.KeywordMain.runKeyword(KeywordMain.groovy:75)
	at com.kms.katalon.core.keyword.builtin.CallTestCaseKeyword.callTestCase(CallTestCaseKeyword.groovy:81)
	at com.kms.katalon.core.keyword.builtin.CallTestCaseKeyword.execute(CallTestCaseKeyword.groovy:44)
	at com.kms.katalon.core.keyword.internal.KeywordExecutor.executeKeywordForPlatform(KeywordExecutor.groovy:74)
	at com.kms.katalon.core.keyword.BuiltinKeywords.callTestCase(BuiltinKeywords.groovy:310)
	at jdk.internal.reflect.GeneratedMethodAccessor30.invoke(Unknown Source)
	at java.base/jdk.internal.reflect.DelegatingMethodAccessorImpl.invoke(DelegatingMethodAccessorImpl.java:43)
	at Set Admin Info.run(Set Admin Info:81)
	at com.kms.katalon.core.main.ScriptEngine.run(ScriptEngine.java:194)
	at com.kms.katalon.core.main.ScriptEngine.runScriptAsRawText(ScriptEngine.java:119)
	at com.kms.katalon.core.main.TestCaseExecutor.runScript(TestCaseExecutor.java:448)
	at com.kms.katalon.core.main.TestCaseExecutor.doExecute(TestCaseExecutor.java:439)
	at com.kms.katalon.core.main.TestCaseExecutor.processExecutionPhase(TestCaseExecutor.java:418)
	at com.kms.katalon.core.main.TestCaseExecutor.accessMainPhase(TestCaseExecutor.java:410)
	at com.kms.katalon.core.main.TestCaseExecutor.execute(TestCaseExecutor.java:285)
	at com.kms.katalon.core.main.TestCaseMain.runTestCase(TestCaseMain.java:137)
	at com.kms.katalon.core.keyword.builtin.CallTestCaseKeyword$_callTestCase_closure1.doCall(CallTestCaseKeyword.groovy:59)
	... 42 more
Caused by: com.kms.katalon.core.webui.exception.WebElementNotFoundException: Web element with id: 'Object Repository/Education Partner Profile/Tabs/a_Admin Info' located by '//a[@id='ui-id-7']' not found
	at com.kms.katalon.core.webui.common.WebUiCommonHelper.findWebElement(WebUiCommonHelper.java:1423)
	at Perform Action.run(Perform Action:32)
	at com.kms.katalon.core.main.ScriptEngine.run(ScriptEngine.java:194)
	at com.kms.katalon.core.main.ScriptEngine.runScriptAsRawText(ScriptEngine.java:119)
	at com.kms.katalon.core.main.TestCaseExecutor.runScript(TestCaseExecutor.java:448)
	at com.kms.katalon.core.main.TestCaseExecutor.doExecute(TestCaseExecutor.java:439)
	at com.kms.katalon.core.main.TestCaseExecutor.processExecutionPhase(TestCaseExecutor.java:418)
	at com.kms.katalon.core.main.TestCaseExecutor.accessMainPhase(TestCaseExecutor.java:410)
	at com.kms.katalon.core.main.TestCaseExecutor.execute(TestCaseExecutor.java:285)
	at com.kms.katalon.core.main.TestCaseMain.runTestCase(TestCaseMain.java:137)
	at com.kms.katalon.core.keyword.builtin.CallTestCaseKeyword$_callTestCase_closure1.doCall(CallTestCaseKeyword.groovy:59)
	... 60 more]]></system-err>
   </testsuite>
   <testsuite name="Education Partner Test Suite" tests="1" failures="0" errors="1" time="156.985" skipped="0" timestamp="25-01-2025T14:49:53" hostname="cckozie - 192.168.4.43" id="Test Suites/Education Partner Test Suite">
      <properties>
         <property name="deviceName" value=""/>
         <property name="devicePlatform"/>
         <property name="logFolder" value="/Users/cckozie/git/MissionNext-Katalon-Koz/Reports/20250125_144434/Education Partner Test Suite/20250125_144437"/>
         <property name="logFiles" value="/Users/cckozie/git/MissionNext-Katalon-Koz/Reports/20250125_144434/Education Partner Test Suite/20250125_144437/execution0.log"/>
         <property name="attachments" value="/Users/cckozie/Documents/MissionNext/Screenshots and Tooltip Text/Partner_Education_Register_Screenshot.png"/>
         <property name="hostName" value="cckozie - 192.168.4.43"/>
         <property name="os" value="Mac OS X 64bit"/>
         <property name="katalonVersion" value="9.7.3.223"/>
         <property name="browser" value="Firefox 134.0"/>
         <property name="hostAddress" value="192.168.4.43"/>
         <property name="sessionId" value="0246b6ab-be8f-4e3f-834d-4e5c1a4b27e0"/>
         <property name="seleniumVersion" value="3.141.59"/>
         <property name="proxyInformation" value="ProxyInformation { proxyOption=NO_PROXY, proxyServerType=HTTP, username=, password=********, proxyServerAddress=, proxyServerPort=0, executionList=&quot;&quot;, isApplyToDesiredCapabilities=true }"/>
         <property name="platform" value="Mac OS X"/>
      </properties>
      <testcase name="Test Cases/Education Partner Profile/Register Education Partner" time="156.943" classname="Test Cases/Education Partner Profile/Register Education Partner" status="ERROR">
         <error type="ERROR" message="Test Cases/Education Partner Profile/Register Education Partner FAILED.&#xa;Reason:&#xa;com.kms.katalon.core.exception.StepErrorException: &#xa;&#xa;--- Failed to find the Approval Pending page.&#xa;	at com.kms.katalon.core.util.KeywordUtil.markError(KeywordUtil.java:67)&#xa;	at Register Education Partner.run(Register Education Partner:376)&#xa;	at com.kms.katalon.core.main.ScriptEngine.run(ScriptEngine.java:194)&#xa;	at com.kms.katalon.core.main.ScriptEngine.runScriptAsRawText(ScriptEngine.java:119)&#xa;	at com.kms.katalon.core.main.TestCaseExecutor.runScript(TestCaseExecutor.java:448)&#xa;	at com.kms.katalon.core.main.TestCaseExecutor.doExecute(TestCaseExecutor.java:439)&#xa;	at com.kms.katalon.core.main.TestCaseExecutor.processExecutionPhase(TestCaseExecutor.java:418)&#xa;	at com.kms.katalon.core.main.TestCaseExecutor.accessMainPhase(TestCaseExecutor.java:410)&#xa;	at com.kms.katalon.core.main.TestCaseExecutor.execute(TestCaseExecutor.java:285)&#xa;	at com.kms.katalon.core.common.CommonExecutor.accessTestCaseMainPhase(CommonExecutor.java:65)&#xa;	at com.kms.katalon.core.main.TestSuiteExecutor.accessTestSuiteMainPhase(TestSuiteExecutor.java:150)&#xa;	at com.kms.katalon.core.main.TestSuiteExecutor.execute(TestSuiteExecutor.java:106)&#xa;	at com.kms.katalon.core.main.TestCaseMain.startTestSuite(TestCaseMain.java:180)&#xa;	at TempTestSuite1737837877881.run(TempTestSuite1737837877881.groovy:35)&#xa;	at java.base/jdk.internal.reflect.NativeMethodAccessorImpl.invoke0(Native Method)&#xa;	at java.base/jdk.internal.reflect.NativeMethodAccessorImpl.invoke(NativeMethodAccessorImpl.java:77)&#xa;	at java.base/jdk.internal.reflect.DelegatingMethodAccessorImpl.invoke(DelegatingMethodAccessorImpl.java:43)&#xa;"/>
         <system-out><![CDATA[25-01-2025T14:49:53 - [TEST_CASE][ERROR] - Test Cases/Education Partner Profile/Register Education Partner: Test Cases/Education Partner Profile/Register Education Partner FAILED.
Reason:
com.kms.katalon.core.exception.StepErrorException: 

--- Failed to find the Approval Pending page.
	at com.kms.katalon.core.util.KeywordUtil.markError(KeywordUtil.java:67)
	at Register Education Partner.run(Register Education Partner:376)
	at com.kms.katalon.core.main.ScriptEngine.run(ScriptEngine.java:194)
	at com.kms.katalon.core.main.ScriptEngine.runScriptAsRawText(ScriptEngine.java:119)
	at com.kms.katalon.core.main.TestCaseExecutor.runScript(TestCaseExecutor.java:448)
	at com.kms.katalon.core.main.TestCaseExecutor.doExecute(TestCaseExecutor.java:439)
	at com.kms.katalon.core.main.TestCaseExecutor.processExecutionPhase(TestCaseExecutor.java:418)
	at com.kms.katalon.core.main.TestCaseExecutor.accessMainPhase(TestCaseExecutor.java:410)
	at com.kms.katalon.core.main.TestCaseExecutor.execute(TestCaseExecutor.java:285)
	at com.kms.katalon.core.common.CommonExecutor.accessTestCaseMainPhase(CommonExecutor.java:65)
	at com.kms.katalon.core.main.TestSuiteExecutor.accessTestSuiteMainPhase(TestSuiteExecutor.java:150)
	at com.kms.katalon.core.main.TestSuiteExecutor.execute(TestSuiteExecutor.java:106)
	at com.kms.katalon.core.main.TestCaseMain.startTestSuite(TestCaseMain.java:180)
	at TempTestSuite1737837877881.run(TempTestSuite1737837877881.groovy:35)
	at java.base/jdk.internal.reflect.NativeMethodAccessorImpl.invoke0(Native Method)
	at java.base/jdk.internal.reflect.NativeMethodAccessorImpl.invoke(NativeMethodAccessorImpl.java:77)
	at java.base/jdk.internal.reflect.DelegatingMethodAccessorImpl.invoke(DelegatingMethodAccessorImpl.java:43)


25-01-2025T14:49:54 - [TEST_STEP][PASSED] - username = username: null

25-01-2025T14:49:54 - [TEST_STEP][PASSED] - if (username != "cktest06ep"): null

25-01-2025T14:49:54 - [TEST_STEP][PASSED] - registerOnly = false: null

25-01-2025T14:49:54 - [TEST_STEP][PASSED] - domain = domain: null

25-01-2025T14:49:54 - [TEST_STEP][PASSED] - username = username: null

25-01-2025T14:49:54 - [TEST_STEP][PASSED] - url = "https://education." + domain + "/signup/organization": null

25-01-2025T14:49:54 - [TEST_STEP][PASSED] - outFile = new java.io.File(((/Users/cckozie/Documents/MissionNext/Test Reports/Test Register Education Partner on  + domain) + .txt)): null

25-01-2025T14:49:54 - [TEST_STEP][PASSED] - outFile = outFile: null

25-01-2025T14:49:54 - [TEST_STEP][PASSED] - outFile.write("Testing Register Education Partner on " + domain + ".
"): null

25-01-2025T14:49:54 - [TEST_STEP][PASSED] - tooltipImagePath = "/Users/cckozie/git/MissionNext-Katalon-Koz/images/education partner/": null

25-01-2025T14:49:54 - [TEST_STEP][PASSED] - testObjectFolder = "Education Partner Profile/Register/": null

25-01-2025T14:49:54 - [TEST_STEP][PASSED] - tooltips = ["dummy":"dummy", "Username":"img_Username_field-tooltip", "Password":"img_Password_field-tooltip", "Key Contact Email":"img_Key Contact Email_field-tooltip", ... ]: null

25-01-2025T14:49:54 - [TEST_STEP][PASSED] - tooltipText = ["Username":"Must be unique; at least 6 characters; contain only lowercase letters; allowable characters: numbers, @, dash, underscore or period, and can be an email address.", "Password":"The password should be at least twelve characters long; should include numbers, letters, capitals; may have special characters (@, #, *, spaces, etc.) and may include a passphrase.", ... ]: null

25-01-2025T14:49:54 - [TEST_STEP][PASSED] - pageLinks = ["Affiliated Organizations":"Affiliated Organizations", "countries by region":"Countries by Region", "Partnership Agreement":"Partnership Agreement", ... ]: null

25-01-2025T14:49:54 - [TEST_STEP][PASSED] - requiredFieldMsgs = ["Username":"Username must be unique; at least 6 characters; contain only lowercase letters; allowable characters: numbers, @, dash, underscore or period, and can be an email address.", "Password":"The password should be at least twelve characters long; should include numbers, letters, capitals; may have special characters (@, #, *, spaces, etc.) and may include a passphrase.", ... ]: null

25-01-2025T14:49:54 - [TEST_STEP][PASSED] - callTestCase(findTestCase("Admin/Delete User"), ["varUsername":username], STOP_ON_FAILURE): Call Test Case 'Test Cases/Admin/Delete User' successfully

25-01-2025T14:49:54 - [TEST_CASE][PASSED] - Test Cases/Admin/Delete User: Test Cases/Admin/Delete User

25-01-2025T14:49:54 - [TEST_STEP][PASSED] - if (binding.hasVariable("varUsername")): null

25-01-2025T14:49:54 - [TEST_STEP][PASSED] - username = varUsername: null

25-01-2025T14:49:54 - [TEST_STEP][PASSED] - writeFile = false: null

25-01-2025T14:49:54 - [TEST_STEP][PASSED] - println("outFile is " + outFile): null

25-01-2025T14:49:54 - [TEST_STEP][PASSED] - if (outFile != ""): null

25-01-2025T14:49:54 - [TEST_STEP][PASSED] - myFile = outFile: null

25-01-2025T14:49:54 - [TEST_STEP][PASSED] - println(myFile): null

25-01-2025T14:49:54 - [TEST_STEP][PASSED] - outFile = new java.io.File(myFile): null

25-01-2025T14:49:54 - [TEST_STEP][PASSED] - writeFile = true: null

25-01-2025T14:49:54 - [TEST_STEP][PASSED] - domain = domain: null

25-01-2025T14:49:54 - [TEST_STEP][PASSED] - url = "https://ad." + domain: null

25-01-2025T14:49:54 - [TEST_STEP][PASSED] - openBrowser(""): Browser is opened with url: ''

25-01-2025T14:49:54 - [MESSAGE][INFO] - Starting 'Firefox' driver

25-01-2025T14:49:54 - [MESSAGE][INFO] - Action delay is set to 0 milliseconds

25-01-2025T14:49:57 - [MESSAGE][PASSED] - Browser is opened with url: ''

25-01-2025T14:49:57 - [TEST_STEP][PASSED] - navigateToUrl(url): Navigate to 'https://ad.missionnext.org' successfully

25-01-2025T14:49:57 - [MESSAGE][PASSED] - Navigate to 'https://ad.missionnext.org' successfully

25-01-2025T14:49:57 - [TEST_STEP][PASSED] - setText(findTestObject("Admin/Ad Login/input_Username"), "chriskosieracki"): Text 'chriskosieracki' is set on object 'Object Repository/Admin/Ad Login/input_Username'

25-01-2025T14:49:57 - [MESSAGE][PASSED] - Text 'chriskosieracki' is set on object 'Object Repository/Admin/Ad Login/input_Username'

25-01-2025T14:49:57 - [TEST_STEP][PASSED] - setEncryptedText(findTestObject("Admin/Ad Login/input_Password"), "fAJOXt1JExHva3VUYg96Og=="): Text ****** has been set on object 'Object Repository/Admin/Ad Login/input_Password'

25-01-2025T14:49:57 - [MESSAGE][PASSED] - Text ****** has been set on object 'Object Repository/Admin/Ad Login/input_Password'

25-01-2025T14:49:57 - [TEST_STEP][PASSED] - click(findTestObject("Admin/Ad Login/btn_Submit")): Object: 'Object Repository/Admin/Ad Login/btn_Submit' is clicked on

25-01-2025T14:49:58 - [MESSAGE][PASSED] - Object: 'Object Repository/Admin/Ad Login/btn_Submit' is clicked on

25-01-2025T14:49:58 - [TEST_STEP][PASSED] - click(findTestObject("Admin/Ad Main/a_User Information  Administration")): Object: 'Object Repository/Admin/Ad Main/a_User Information  Administration' is clicked on

25-01-2025T14:49:59 - [MESSAGE][PASSED] - Object: 'Object Repository/Admin/Ad Main/a_User Information  Administration' is clicked on

25-01-2025T14:49:59 - [TEST_STEP][PASSED] - setText(findTestObject("Admin/Ad User Viewer Utility/input_Find account by Username"), username): Text 'cktest06ep' is set on object 'Object Repository/Admin/Ad User Viewer Utility/input_Find account by Username'

25-01-2025T14:49:59 - [MESSAGE][PASSED] - Text 'cktest06ep' is set on object 'Object Repository/Admin/Ad User Viewer Utility/input_Find account by Username'

25-01-2025T14:49:59 - [TEST_STEP][PASSED] - delay(1): Delayed 1 second(s)

25-01-2025T14:50:01 - [MESSAGE][PASSED] - Delayed 1 second(s)

25-01-2025T14:50:01 - [TEST_STEP][PASSED] - click(findTestObject("Admin/Ad User Viewer Utility/input_Find account by Username_beginning")): Object: 'Object Repository/Admin/Ad User Viewer Utility/input_Find account by Username_beginning' is clicked on

25-01-2025T14:50:01 - [MESSAGE][PASSED] - Object: 'Object Repository/Admin/Ad User Viewer Utility/input_Find account by Username_beginning' is clicked on

25-01-2025T14:50:01 - [TEST_STEP][PASSED] - delay(1): Delayed 1 second(s)

25-01-2025T14:50:02 - [MESSAGE][PASSED] - Delayed 1 second(s)

25-01-2025T14:50:02 - [TEST_STEP][PASSED] - driver = getWebDriver(): null

25-01-2025T14:50:02 - [TEST_STEP][PASSED] - Table = driver.findElement(By.xpath("//table[2]")): null

25-01-2025T14:50:02 - [TEST_STEP][PASSED] - Rows = Table.findElements(By.tagName("tr")): null

25-01-2025T14:50:02 - [TEST_STEP][PASSED] - row_count = Rows.size(): null

25-01-2025T14:50:02 - [TEST_STEP][PASSED] - found = false: null

25-01-2025T14:50:02 - [TEST_STEP][PASSED] - if (row_count > 0): null

25-01-2025T14:50:02 - [TEST_STEP][PASSED] - for ([row = 1, row < row_count, (row++)]): null

25-01-2025T14:50:02 - [TEST_STEP][PASSED] - Columns = get(row).findElements(By.tagName("td")): null

25-01-2025T14:50:02 - [TEST_STEP][PASSED] - user = get(2).getText(): null

25-01-2025T14:50:02 - [TEST_STEP][PASSED] - if (user.indexOf(username) >= 0): null

25-01-2025T14:50:02 - [TEST_STEP][PASSED] - found = true: null

25-01-2025T14:50:02 - [TEST_STEP][PASSED] - outText = "User " + username + " was found. Attempting to delete.": null

25-01-2025T14:50:02 - [TEST_STEP][PASSED] - println("=====> " + outText): null

25-01-2025T14:50:02 - [TEST_STEP][PASSED] - if (writeFile): null

25-01-2025T14:50:02 - [TEST_STEP][PASSED] - outFile.append(outText + "
"): null

25-01-2025T14:50:02 - [TEST_STEP][PASSED] - link = get(0).findElement(By.tagName("a")): null

25-01-2025T14:50:02 - [TEST_STEP][PASSED] - link.click(): null

25-01-2025T14:50:04 - [TEST_STEP][PASSED] - delay(2): Delayed 2 second(s)

25-01-2025T14:50:06 - [MESSAGE][PASSED] - Delayed 2 second(s)

25-01-2025T14:50:06 - [TEST_STEP][PASSED] - break: null

25-01-2025T14:50:06 - [TEST_STEP][PASSED] - if (found): null

25-01-2025T14:50:06 - [TEST_STEP][PASSED] - delay(1): Delayed 1 second(s)

25-01-2025T14:50:07 - [MESSAGE][PASSED] - Delayed 1 second(s)

25-01-2025T14:50:07 - [TEST_STEP][PASSED] - waitForPageLoad(10): Wait for page load successfully

25-01-2025T14:50:07 - [MESSAGE][PASSED] - Wait for page load successfully

25-01-2025T14:50:07 - [TEST_STEP][PASSED] - deletedUser = getText(findTestObject("Object Repository/Admin/Ad User Viewer Utility/p_The missionnext Candidate account username")): Text of object 'Object Repository/Admin/Ad User Viewer Utility/p_The missionnext Candidate account username' is: 'The missionnext Organization account username is cktest06ep'

25-01-2025T14:50:07 - [MESSAGE][PASSED] - Text of object 'Object Repository/Admin/Ad User Viewer Utility/p_The missionnext Candidate account username' is: 'The missionnext Organization account username is cktest06ep'

25-01-2025T14:50:07 - [TEST_STEP][PASSED] - if (deletedUser.indexOf(username) >= 0): null

25-01-2025T14:50:07 - [TEST_STEP][PASSED] - outText = "User " + username + " was successfully deleted.": null

25-01-2025T14:50:07 - [TEST_STEP][PASSED] - println(outText): null

25-01-2025T14:50:07 - [TEST_STEP][PASSED] - outFile.append(outText + "
"): null

25-01-2025T14:50:07 - [TEST_STEP][PASSED] - closeBrowser(): Browser is closed

25-01-2025T14:50:07 - [MESSAGE][PASSED] - Browser is closed

25-01-2025T14:50:07 - [MESSAGE][PASSED] - Call Test Case 'Test Cases/Admin/Delete User' successfully

25-01-2025T14:50:07 - [TEST_STEP][PASSED] - file = new java.io.File(/Applications/Microsoft Outlook.app): null

25-01-2025T14:50:07 - [TEST_STEP][PASSED] - getDesktop().open(file): null

25-01-2025T14:50:08 - [TEST_STEP][PASSED] - callTestCase(findTestCase("_Functions/Delete Emails"), [:], STOP_ON_FAILURE): Call Test Case 'Test Cases/_Functions/Delete Emails' successfully

25-01-2025T14:50:08 - [TEST_CASE][PASSED] - Test Cases/_Functions/Delete Emails: Test Cases/_Functions/Delete Emails

25-01-2025T14:50:08 - [TEST_STEP][PASSED] - writeFile = false: null

25-01-2025T14:50:08 - [TEST_STEP][PASSED] - if (outFile != ""): null

25-01-2025T14:50:08 - [TEST_STEP][PASSED] - myFile = outFile: null

25-01-2025T14:50:08 - [TEST_STEP][PASSED] - println(myFile): null

25-01-2025T14:50:08 - [TEST_STEP][PASSED] - outFile = new java.io.File(myFile): null

25-01-2025T14:50:08 - [TEST_STEP][PASSED] - writeFile = true: null

25-01-2025T14:50:08 - [TEST_STEP][PASSED] - outText = "Deleting all emails in the inbox": null

25-01-2025T14:50:08 - [TEST_STEP][PASSED] - println(outText): null

25-01-2025T14:50:08 - [TEST_STEP][PASSED] - if (writeFile): null

25-01-2025T14:50:08 - [TEST_STEP][PASSED] - outFile.append(outText + "
"): null

25-01-2025T14:50:08 - [TEST_STEP][PASSED] - host = "pop.gmail.com": null

25-01-2025T14:50:08 - [TEST_STEP][PASSED] - mailStoreType = "pop3": null

25-01-2025T14:50:08 - [TEST_STEP][PASSED] - username = "cktest01mn@gmail.com": null

25-01-2025T14:50:08 - [TEST_STEP][PASSED] - password = "sfesezftmpqxbbbd": null

25-01-2025T14:50:08 - [TEST_STEP][PASSED] - properties = new java.util.Properties(): null

25-01-2025T14:50:08 - [TEST_STEP][PASSED] - properties.put("mail.pop3.host", host): null

25-01-2025T14:50:08 - [TEST_STEP][PASSED] - properties.put("mail.pop3.port", "995"): null

25-01-2025T14:50:08 - [TEST_STEP][PASSED] - properties.put("mail.pop3.starttls.enable", "true"): null

25-01-2025T14:50:08 - [TEST_STEP][PASSED] - emailSession = Session.getDefaultInstance(properties): null

25-01-2025T14:50:08 - [TEST_STEP][PASSED] - store = emailSession.getStore("pop3s"): null

25-01-2025T14:50:08 - [TEST_STEP][PASSED] - store.connect(host, username, password): null

25-01-2025T14:50:08 - [TEST_STEP][PASSED] - emailFolder = <not implemented yet for class: org.codehaus.groovy.ast.expr.EmptyExpression>: null

25-01-2025T14:50:08 - [TEST_STEP][PASSED] - messages = []: null

25-01-2025T14:50:08 - [TEST_STEP][PASSED] - emailFolder = store.getFolder("INBOX"): null

25-01-2025T14:50:08 - [TEST_STEP][PASSED] - emailFolder.open(READ_ONLY): null

25-01-2025T14:50:08 - [TEST_STEP][PASSED] - messages = emailFolder.getMessages(): null

25-01-2025T14:50:09 - [TEST_STEP][PASSED] - if (length > 0): null

25-01-2025T14:50:09 - [TEST_STEP][PASSED] - else: null

25-01-2025T14:50:09 - [TEST_STEP][PASSED] - outText = "No emails were found in the inbox": null

25-01-2025T14:50:09 - [TEST_STEP][PASSED] - println(outText): null

25-01-2025T14:50:09 - [TEST_STEP][PASSED] - if (writeFile): null

25-01-2025T14:50:09 - [TEST_STEP][PASSED] - outFile.append(outText + "
"): null

25-01-2025T14:50:09 - [TEST_STEP][PASSED] - emailFolder.close(false): null

25-01-2025T14:50:09 - [TEST_STEP][PASSED] - store.close(): null

25-01-2025T14:50:09 - [MESSAGE][PASSED] - Call Test Case 'Test Cases/_Functions/Delete Emails' successfully

25-01-2025T14:50:09 - [TEST_STEP][PASSED] - openBrowser(url): Browser is opened with url: 'https://education.missionnext.org/signup/organization'

25-01-2025T14:50:09 - [MESSAGE][INFO] - Starting 'Firefox' driver

25-01-2025T14:50:09 - [MESSAGE][INFO] - Action delay is set to 0 milliseconds

25-01-2025T14:50:13 - [MESSAGE][PASSED] - Browser is opened with url: 'https://education.missionnext.org/signup/organization'

25-01-2025T14:50:13 - [TEST_STEP][PASSED] - maximizeWindow(): Current window maximized

25-01-2025T14:50:13 - [MESSAGE][PASSED] - Current window maximized

25-01-2025T14:50:13 - [TEST_STEP][PASSED] - navigateToUrl(url): Navigate to 'https://education.missionnext.org/signup/organization' successfully

25-01-2025T14:50:15 - [MESSAGE][PASSED] - Navigate to 'https://education.missionnext.org/signup/organization' successfully

25-01-2025T14:50:15 - [TEST_STEP][PASSED] - waitForPageLoad(10): Wait for page load successfully

25-01-2025T14:50:15 - [MESSAGE][PASSED] - Wait for page load successfully

25-01-2025T14:50:15 - [TEST_STEP][PASSED] - tooltipTextMap = callTestCase(findTestCase("_Functions/Get Screenshot and Tooltip Text"), ["varExtension":"Register"], STOP_ON_FAILURE): Call Test Case 'Test Cases/_Functions/Get Screenshot and Tooltip Text' successfully

25-01-2025T14:50:15 - [TEST_CASE][PASSED] - Test Cases/_Functions/Get Screenshot and Tooltip Text: Test Cases/_Functions/Get Screenshot and Tooltip Text

25-01-2025T14:50:15 - [TEST_STEP][PASSED] - driver = getWebDriver(): null

25-01-2025T14:50:15 - [TEST_STEP][PASSED] - frame = new javax.swing.JFrame(): null

25-01-2025T14:50:15 - [TEST_STEP][PASSED] - p = new javax.swing.JPanel(): null

25-01-2025T14:50:15 - [TEST_STEP][PASSED] - l = new javax.swing.JLabel(LOADING ..., javax.swing.SwingConstants.CENTER): null

25-01-2025T14:50:15 - [TEST_STEP][PASSED] - frame.add(l): null

25-01-2025T14:50:15 - [TEST_STEP][PASSED] - frame.setSize(300, 100): null

25-01-2025T14:50:15 - [TEST_STEP][PASSED] - frame.setLocation(600, 0): null

25-01-2025T14:50:15 - [TEST_STEP][PASSED] - frame.setAlwaysOnTop(true): null

25-01-2025T14:50:15 - [TEST_STEP][PASSED] - frame.show(): null

25-01-2025T14:50:15 - [TEST_STEP][PASSED] - if (verifyTextPresent("Partnership Application", false, OPTIONAL)): null

25-01-2025T14:50:15 - [MESSAGE][PASSED] - Text 'Partnership Application' is present on page 

25-01-2025T14:50:15 - [TEST_STEP][PASSED] - user = "Partner": null

25-01-2025T14:50:15 - [TEST_STEP][PASSED] - println("User type is " + user): null

25-01-2025T14:50:15 - [TEST_STEP][PASSED] - path = "/Users/cckozie/Documents/MissionNext/Screenshots and Tooltip Text/": null

25-01-2025T14:50:15 - [TEST_STEP][PASSED] - if (binding.hasVariable("varExtension")): null

25-01-2025T14:50:15 - [TEST_STEP][PASSED] - extension = "_" + varExtension: null

25-01-2025T14:50:15 - [TEST_STEP][PASSED] - println("Extension is " + extension): null

25-01-2025T14:50:15 - [TEST_STEP][PASSED] - title = getWindowTitle() + extension: Current window's title is: 'Education'

25-01-2025T14:50:15 - [MESSAGE][PASSED] - Current window's title is: 'Education'

25-01-2025T14:50:15 - [TEST_STEP][PASSED] - title = title.replace("/", "_"): null

25-01-2025T14:50:15 - [TEST_STEP][PASSED] - fileBase = path + user + "_" + title: null

25-01-2025T14:50:15 - [TEST_STEP][PASSED] - fileImage = fileBase + "_Screenshot.png": null

25-01-2025T14:50:15 - [TEST_STEP][PASSED] - waitForPageLoad(30): Wait for page load successfully

25-01-2025T14:50:15 - [MESSAGE][PASSED] - Wait for page load successfully

25-01-2025T14:50:15 - [TEST_STEP][PASSED] - spinner = driver.findElement(By.xpath("/html/body/div[1]/div/div[2]")): null

25-01-2025T14:50:15 - [TEST_STEP][PASSED] - executor = driver: null

25-01-2025T14:50:15 - [TEST_STEP][PASSED] - elementAttributes = executor.executeScript("var items = {}; for (index = 0; index < arguments[0].attributes.length; ++index) { items[arguments[0].attributes[index].name] = arguments[0].attributes[index].value }; return items;", spinner): null

25-01-2025T14:50:15 - [TEST_STEP][PASSED] - attrs = elementAttributes.toString(): null

25-01-2025T14:50:15 - [TEST_STEP][PASSED] - waits = 0: null

25-01-2025T14:50:15 - [TEST_STEP][PASSED] - while (attrs.indexOf("display: none") < 0 && waits < 2): null

25-01-2025T14:50:15 - [TEST_STEP][PASSED] - delay(1): Delayed 1 second(s)

25-01-2025T14:50:16 - [MESSAGE][PASSED] - Delayed 1 second(s)

25-01-2025T14:50:16 - [TEST_STEP][PASSED] - attrs = elementAttributes.toString(): null

25-01-2025T14:50:16 - [TEST_STEP][PASSED] - (waits++): null

25-01-2025T14:50:16 - [TEST_STEP][PASSED] - delay(1): Delayed 1 second(s)

25-01-2025T14:50:17 - [MESSAGE][PASSED] - Delayed 1 second(s)

25-01-2025T14:50:17 - [TEST_STEP][PASSED] - attrs = elementAttributes.toString(): null

25-01-2025T14:50:17 - [TEST_STEP][PASSED] - (waits++): null

25-01-2025T14:50:17 - [TEST_STEP][PASSED] - tooltipMap = callTestCase(findTestCase("_Functions/Get Tooltip Text"), [:], STOP_ON_FAILURE): Call Test Case 'Test Cases/_Functions/Get Tooltip Text' successfully

25-01-2025T14:50:17 - [TEST_CASE][PASSED] - Test Cases/_Functions/Get Tooltip Text: Test Cases/_Functions/Get Tooltip Text

25-01-2025T14:50:17 - [TEST_STEP][PASSED] - fieldTooltips = [:]: null

25-01-2025T14:50:17 - [TEST_STEP][PASSED] - tooltipMap = [:]: null

25-01-2025T14:50:17 - [TEST_STEP][PASSED] - driver = getWebDriver(): null

25-01-2025T14:50:17 - [TEST_STEP][PASSED] - tooltips = driver.findElements(By.className("field-tooltip")): null

25-01-2025T14:50:17 - [TEST_STEP][PASSED] - for (def it : tooltips): null

25-01-2025T14:50:17 - [TEST_STEP][PASSED] - if (it.isDisplayed()): null

25-01-2025T14:50:17 - [TEST_STEP][PASSED] - ttText = it.getAttribute("data-original-title"): null

25-01-2025T14:50:17 - [TEST_STEP][PASSED] - ttLocation = it.getLocation(): null

25-01-2025T14:50:17 - [TEST_STEP][PASSED] - yLocation = ttLocation.getY(): null

25-01-2025T14:50:17 - [TEST_STEP][PASSED] - xLocation = ttLocation.getX(): null

25-01-2025T14:50:17 - [TEST_STEP][PASSED] - fieldTooltips.put(ttText, yLocation): null

25-01-2025T14:50:17 - [TEST_STEP][PASSED] - if (it.isDisplayed()): null

25-01-2025T14:50:17 - [TEST_STEP][PASSED] - ttText = it.getAttribute("data-original-title"): null

25-01-2025T14:50:17 - [TEST_STEP][PASSED] - ttLocation = it.getLocation(): null

25-01-2025T14:50:17 - [TEST_STEP][PASSED] - yLocation = ttLocation.getY(): null

25-01-2025T14:50:17 - [TEST_STEP][PASSED] - xLocation = ttLocation.getX(): null

25-01-2025T14:50:17 - [TEST_STEP][PASSED] - fieldTooltips.put(ttText, yLocation): null

25-01-2025T14:50:17 - [TEST_STEP][PASSED] - if (it.isDisplayed()): null

25-01-2025T14:50:17 - [TEST_STEP][PASSED] - ttText = it.getAttribute("data-original-title"): null

25-01-2025T14:50:17 - [TEST_STEP][PASSED] - ttLocation = it.getLocation(): null

25-01-2025T14:50:17 - [TEST_STEP][PASSED] - yLocation = ttLocation.getY(): null

25-01-2025T14:50:17 - [TEST_STEP][PASSED] - xLocation = ttLocation.getX(): null

25-01-2025T14:50:17 - [TEST_STEP][PASSED] - fieldTooltips.put(ttText, yLocation): null

25-01-2025T14:50:17 - [TEST_STEP][PASSED] - if (it.isDisplayed()): null

25-01-2025T14:50:17 - [TEST_STEP][PASSED] - ttText = it.getAttribute("data-original-title"): null

25-01-2025T14:50:17 - [TEST_STEP][PASSED] - ttLocation = it.getLocation(): null

25-01-2025T14:50:17 - [TEST_STEP][PASSED] - yLocation = ttLocation.getY(): null

25-01-2025T14:50:17 - [TEST_STEP][PASSED] - xLocation = ttLocation.getX(): null

25-01-2025T14:50:17 - [TEST_STEP][PASSED] - fieldTooltips.put(ttText, yLocation): null

25-01-2025T14:50:17 - [TEST_STEP][PASSED] - if (it.isDisplayed()): null

25-01-2025T14:50:17 - [TEST_STEP][PASSED] - ttText = it.getAttribute("data-original-title"): null

25-01-2025T14:50:17 - [TEST_STEP][PASSED] - ttLocation = it.getLocation(): null

25-01-2025T14:50:17 - [TEST_STEP][PASSED] - yLocation = ttLocation.getY(): null

25-01-2025T14:50:17 - [TEST_STEP][PASSED] - xLocation = ttLocation.getX(): null

25-01-2025T14:50:17 - [TEST_STEP][PASSED] - fieldTooltips.put(ttText, yLocation): null

25-01-2025T14:50:17 - [TEST_STEP][PASSED] - if (it.isDisplayed()): null

25-01-2025T14:50:17 - [TEST_STEP][PASSED] - ttText = it.getAttribute("data-original-title"): null

25-01-2025T14:50:17 - [TEST_STEP][PASSED] - ttLocation = it.getLocation(): null

25-01-2025T14:50:17 - [TEST_STEP][PASSED] - yLocation = ttLocation.getY(): null

25-01-2025T14:50:17 - [TEST_STEP][PASSED] - xLocation = ttLocation.getX(): null

25-01-2025T14:50:17 - [TEST_STEP][PASSED] - fieldTooltips.put(ttText, yLocation): null

25-01-2025T14:50:17 - [TEST_STEP][PASSED] - if (it.isDisplayed()): null

25-01-2025T14:50:17 - [TEST_STEP][PASSED] - ttText = it.getAttribute("data-original-title"): null

25-01-2025T14:50:17 - [TEST_STEP][PASSED] - ttLocation = it.getLocation(): null

25-01-2025T14:50:17 - [TEST_STEP][PASSED] - yLocation = ttLocation.getY(): null

25-01-2025T14:50:17 - [TEST_STEP][PASSED] - xLocation = ttLocation.getX(): null

25-01-2025T14:50:17 - [TEST_STEP][PASSED] - fieldTooltips.put(ttText, yLocation): null

25-01-2025T14:50:17 - [TEST_STEP][PASSED] - if (it.isDisplayed()): null

25-01-2025T14:50:17 - [TEST_STEP][PASSED] - ttText = it.getAttribute("data-original-title"): null

25-01-2025T14:50:17 - [TEST_STEP][PASSED] - ttLocation = it.getLocation(): null

25-01-2025T14:50:17 - [TEST_STEP][PASSED] - yLocation = ttLocation.getY(): null

25-01-2025T14:50:17 - [TEST_STEP][PASSED] - xLocation = ttLocation.getX(): null

25-01-2025T14:50:17 - [TEST_STEP][PASSED] - fieldTooltips.put(ttText, yLocation): null

25-01-2025T14:50:17 - [TEST_STEP][PASSED] - if (fieldTooltips.size() > 0): null

25-01-2025T14:50:17 - [TEST_STEP][PASSED] - rightBorder = xLocation: null

25-01-2025T14:50:17 - [TEST_STEP][PASSED] - fieldLabels = [:]: null

25-01-2025T14:50:17 - [TEST_STEP][PASSED] - labels = driver.findElements(By.xpath("//label")): null

25-01-2025T14:50:17 - [TEST_STEP][PASSED] - labels.each({ -> ... }): null

25-01-2025T14:50:17 - [TEST_STEP][PASSED] - for (def label : fieldLabels): null

25-01-2025T14:50:17 - [TEST_STEP][PASSED] - y = value: null

25-01-2025T14:50:17 - [TEST_STEP][PASSED] - for (def tooltip : fieldTooltips): null

25-01-2025T14:50:17 - [TEST_STEP][PASSED] - if (value == y || value == y + 1 || value == y - 1): null

25-01-2025T14:50:17 - [TEST_STEP][PASSED] - tooltipMap.put(key, key): null

25-01-2025T14:50:17 - [TEST_STEP][PASSED] - break: null

25-01-2025T14:50:17 - [TEST_STEP][PASSED] - y = value: null

25-01-2025T14:50:17 - [TEST_STEP][PASSED] - for (def tooltip : fieldTooltips): null

25-01-2025T14:50:17 - [TEST_STEP][PASSED] - if (value == y || value == y + 1 || value == y - 1): null

25-01-2025T14:50:17 - [TEST_STEP][PASSED] - if (value == y || value == y + 1 || value == y - 1): null

25-01-2025T14:50:17 - [TEST_STEP][PASSED] - tooltipMap.put(key, key): null

25-01-2025T14:50:17 - [TEST_STEP][PASSED] - break: null

25-01-2025T14:50:17 - [TEST_STEP][PASSED] - y = value: null

25-01-2025T14:50:17 - [TEST_STEP][PASSED] - for (def tooltip : fieldTooltips): null

25-01-2025T14:50:17 - [TEST_STEP][PASSED] - if (value == y || value == y + 1 || value == y - 1): null

25-01-2025T14:50:17 - [TEST_STEP][PASSED] - if (value == y || value == y + 1 || value == y - 1): null

25-01-2025T14:50:17 - [TEST_STEP][PASSED] - if (value == y || value == y + 1 || value == y - 1): null

25-01-2025T14:50:17 - [TEST_STEP][PASSED] - if (value == y || value == y + 1 || value == y - 1): null

25-01-2025T14:50:17 - [TEST_STEP][PASSED] - if (value == y || value == y + 1 || value == y - 1): null

25-01-2025T14:50:17 - [TEST_STEP][PASSED] - if (value == y || value == y + 1 || value == y - 1): null

25-01-2025T14:50:17 - [TEST_STEP][PASSED] - if (value == y || value == y + 1 || value == y - 1): null

25-01-2025T14:50:17 - [TEST_STEP][PASSED] - if (value == y || value == y + 1 || value == y - 1): null

25-01-2025T14:50:17 - [TEST_STEP][PASSED] - y = value: null

25-01-2025T14:50:17 - [TEST_STEP][PASSED] - for (def tooltip : fieldTooltips): null

25-01-2025T14:50:17 - [TEST_STEP][PASSED] - if (value == y || value == y + 1 || value == y - 1): null

25-01-2025T14:50:17 - [TEST_STEP][PASSED] - if (value == y || value == y + 1 || value == y - 1): null

25-01-2025T14:50:17 - [TEST_STEP][PASSED] - if (value == y || value == y + 1 || value == y - 1): null

25-01-2025T14:50:17 - [TEST_STEP][PASSED] - if (value == y || value == y + 1 || value == y - 1): null

25-01-2025T14:50:17 - [TEST_STEP][PASSED] - if (value == y || value == y + 1 || value == y - 1): null

25-01-2025T14:50:17 - [TEST_STEP][PASSED] - if (value == y || value == y + 1 || value == y - 1): null

25-01-2025T14:50:17 - [TEST_STEP][PASSED] - if (value == y || value == y + 1 || value == y - 1): null

25-01-2025T14:50:17 - [TEST_STEP][PASSED] - if (value == y || value == y + 1 || value == y - 1): null

25-01-2025T14:50:17 - [TEST_STEP][PASSED] - y = value: null

25-01-2025T14:50:17 - [TEST_STEP][PASSED] - for (def tooltip : fieldTooltips): null

25-01-2025T14:50:17 - [TEST_STEP][PASSED] - if (value == y || value == y + 1 || value == y - 1): null

25-01-2025T14:50:17 - [TEST_STEP][PASSED] - if (value == y || value == y + 1 || value == y - 1): null

25-01-2025T14:50:17 - [TEST_STEP][PASSED] - if (value == y || value == y + 1 || value == y - 1): null

25-01-2025T14:50:17 - [TEST_STEP][PASSED] - tooltipMap.put(key, key): null

25-01-2025T14:50:17 - [TEST_STEP][PASSED] - break: null

25-01-2025T14:50:17 - [TEST_STEP][PASSED] - y = value: null

25-01-2025T14:50:17 - [TEST_STEP][PASSED] - for (def tooltip : fieldTooltips): null

25-01-2025T14:50:17 - [TEST_STEP][PASSED] - if (value == y || value == y + 1 || value == y - 1): null

25-01-2025T14:50:17 - [TEST_STEP][PASSED] - if (value == y || value == y + 1 || value == y - 1): null

25-01-2025T14:50:17 - [TEST_STEP][PASSED] - if (value == y || value == y + 1 || value == y - 1): null

25-01-2025T14:50:17 - [TEST_STEP][PASSED] - if (value == y || value == y + 1 || value == y - 1): null

25-01-2025T14:50:17 - [TEST_STEP][PASSED] - tooltipMap.put(key, key): null

25-01-2025T14:50:17 - [TEST_STEP][PASSED] - break: null

25-01-2025T14:50:17 - [TEST_STEP][PASSED] - y = value: null

25-01-2025T14:50:17 - [TEST_STEP][PASSED] - for (def tooltip : fieldTooltips): null

25-01-2025T14:50:17 - [TEST_STEP][PASSED] - if (value == y || value == y + 1 || value == y - 1): null

25-01-2025T14:50:17 - [TEST_STEP][PASSED] - if (value == y || value == y + 1 || value == y - 1): null

25-01-2025T14:50:17 - [TEST_STEP][PASSED] - if (value == y || value == y + 1 || value == y - 1): null

25-01-2025T14:50:17 - [TEST_STEP][PASSED] - if (value == y || value == y + 1 || value == y - 1): null

25-01-2025T14:50:17 - [TEST_STEP][PASSED] - if (value == y || value == y + 1 || value == y - 1): null

25-01-2025T14:50:17 - [TEST_STEP][PASSED] - tooltipMap.put(key, key): null

25-01-2025T14:50:17 - [TEST_STEP][PASSED] - break: null

25-01-2025T14:50:17 - [TEST_STEP][PASSED] - y = value: null

25-01-2025T14:50:17 - [TEST_STEP][PASSED] - for (def tooltip : fieldTooltips): null

25-01-2025T14:50:17 - [TEST_STEP][PASSED] - if (value == y || value == y + 1 || value == y - 1): null

25-01-2025T14:50:17 - [TEST_STEP][PASSED] - if (value == y || value == y + 1 || value == y - 1): null

25-01-2025T14:50:17 - [TEST_STEP][PASSED] - if (value == y || value == y + 1 || value == y - 1): null

25-01-2025T14:50:17 - [TEST_STEP][PASSED] - if (value == y || value == y + 1 || value == y - 1): null

25-01-2025T14:50:17 - [TEST_STEP][PASSED] - if (value == y || value == y + 1 || value == y - 1): null

25-01-2025T14:50:17 - [TEST_STEP][PASSED] - if (value == y || value == y + 1 || value == y - 1): null

25-01-2025T14:50:17 - [TEST_STEP][PASSED] - if (value == y || value == y + 1 || value == y - 1): null

25-01-2025T14:50:17 - [TEST_STEP][PASSED] - if (value == y || value == y + 1 || value == y - 1): null

25-01-2025T14:50:17 - [TEST_STEP][PASSED] - y = value: null

25-01-2025T14:50:17 - [TEST_STEP][PASSED] - for (def tooltip : fieldTooltips): null

25-01-2025T14:50:17 - [TEST_STEP][PASSED] - if (value == y || value == y + 1 || value == y - 1): null

25-01-2025T14:50:17 - [TEST_STEP][PASSED] - if (value == y || value == y + 1 || value == y - 1): null

25-01-2025T14:50:17 - [TEST_STEP][PASSED] - if (value == y || value == y + 1 || value == y - 1): null

25-01-2025T14:50:17 - [TEST_STEP][PASSED] - if (value == y || value == y + 1 || value == y - 1): null

25-01-2025T14:50:17 - [TEST_STEP][PASSED] - if (value == y || value == y + 1 || value == y - 1): null

25-01-2025T14:50:17 - [TEST_STEP][PASSED] - if (value == y || value == y + 1 || value == y - 1): null

25-01-2025T14:50:17 - [TEST_STEP][PASSED] - if (value == y || value == y + 1 || value == y - 1): null

25-01-2025T14:50:17 - [TEST_STEP][PASSED] - if (value == y || value == y + 1 || value == y - 1): null

25-01-2025T14:50:17 - [TEST_STEP][PASSED] - y = value: null

25-01-2025T14:50:17 - [TEST_STEP][PASSED] - for (def tooltip : fieldTooltips): null

25-01-2025T14:50:17 - [TEST_STEP][PASSED] - if (value == y || value == y + 1 || value == y - 1): null

25-01-2025T14:50:17 - [TEST_STEP][PASSED] - if (value == y || value == y + 1 || value == y - 1): null

25-01-2025T14:50:17 - [TEST_STEP][PASSED] - if (value == y || value == y + 1 || value == y - 1): null

25-01-2025T14:50:17 - [TEST_STEP][PASSED] - if (value == y || value == y + 1 || value == y - 1): null

25-01-2025T14:50:17 - [TEST_STEP][PASSED] - if (value == y || value == y + 1 || value == y - 1): null

25-01-2025T14:50:17 - [TEST_STEP][PASSED] - if (value == y || value == y + 1 || value == y - 1): null

25-01-2025T14:50:17 - [TEST_STEP][PASSED] - tooltipMap.put(key, key): null

25-01-2025T14:50:17 - [TEST_STEP][PASSED] - break: null

25-01-2025T14:50:17 - [TEST_STEP][PASSED] - y = value: null

25-01-2025T14:50:17 - [TEST_STEP][PASSED] - for (def tooltip : fieldTooltips): null

25-01-2025T14:50:17 - [TEST_STEP][PASSED] - if (value == y || value == y + 1 || value == y - 1): null

25-01-2025T14:50:17 - [TEST_STEP][PASSED] - if (value == y || value == y + 1 || value == y - 1): null

25-01-2025T14:50:17 - [TEST_STEP][PASSED] - if (value == y || value == y + 1 || value == y - 1): null

25-01-2025T14:50:17 - [TEST_STEP][PASSED] - if (value == y || value == y + 1 || value == y - 1): null

25-01-2025T14:50:17 - [TEST_STEP][PASSED] - if (value == y || value == y + 1 || value == y - 1): null

25-01-2025T14:50:17 - [TEST_STEP][PASSED] - if (value == y || value == y + 1 || value == y - 1): null

25-01-2025T14:50:17 - [TEST_STEP][PASSED] - if (value == y || value == y + 1 || value == y - 1): null

25-01-2025T14:50:17 - [TEST_STEP][PASSED] - tooltipMap.put(key, key): null

25-01-2025T14:50:17 - [TEST_STEP][PASSED] - break: null

25-01-2025T14:50:17 - [TEST_STEP][PASSED] - y = value: null

25-01-2025T14:50:17 - [TEST_STEP][PASSED] - for (def tooltip : fieldTooltips): null

25-01-2025T14:50:17 - [TEST_STEP][PASSED] - if (value == y || value == y + 1 || value == y - 1): null

25-01-2025T14:50:17 - [TEST_STEP][PASSED] - if (value == y || value == y + 1 || value == y - 1): null

25-01-2025T14:50:17 - [TEST_STEP][PASSED] - if (value == y || value == y + 1 || value == y - 1): null

25-01-2025T14:50:17 - [TEST_STEP][PASSED] - if (value == y || value == y + 1 || value == y - 1): null

25-01-2025T14:50:17 - [TEST_STEP][PASSED] - if (value == y || value == y + 1 || value == y - 1): null

25-01-2025T14:50:17 - [TEST_STEP][PASSED] - if (value == y || value == y + 1 || value == y - 1): null

25-01-2025T14:50:17 - [TEST_STEP][PASSED] - if (value == y || value == y + 1 || value == y - 1): null

25-01-2025T14:50:17 - [TEST_STEP][PASSED] - if (value == y || value == y + 1 || value == y - 1): null

25-01-2025T14:50:17 - [TEST_STEP][PASSED] - y = value: null

25-01-2025T14:50:17 - [TEST_STEP][PASSED] - for (def tooltip : fieldTooltips): null

25-01-2025T14:50:17 - [TEST_STEP][PASSED] - if (value == y || value == y + 1 || value == y - 1): null

25-01-2025T14:50:17 - [TEST_STEP][PASSED] - if (value == y || value == y + 1 || value == y - 1): null

25-01-2025T14:50:17 - [TEST_STEP][PASSED] - if (value == y || value == y + 1 || value == y - 1): null

25-01-2025T14:50:17 - [TEST_STEP][PASSED] - if (value == y || value == y + 1 || value == y - 1): null

25-01-2025T14:50:17 - [TEST_STEP][PASSED] - if (value == y || value == y + 1 || value == y - 1): null

25-01-2025T14:50:17 - [TEST_STEP][PASSED] - if (value == y || value == y + 1 || value == y - 1): null

25-01-2025T14:50:17 - [TEST_STEP][PASSED] - if (value == y || value == y + 1 || value == y - 1): null

25-01-2025T14:50:17 - [TEST_STEP][PASSED] - if (value == y || value == y + 1 || value == y - 1): null

25-01-2025T14:50:17 - [TEST_STEP][PASSED] - y = value: null

25-01-2025T14:50:17 - [TEST_STEP][PASSED] - for (def tooltip : fieldTooltips): null

25-01-2025T14:50:17 - [TEST_STEP][PASSED] - if (value == y || value == y + 1 || value == y - 1): null

25-01-2025T14:50:17 - [TEST_STEP][PASSED] - if (value == y || value == y + 1 || value == y - 1): null

25-01-2025T14:50:17 - [TEST_STEP][PASSED] - if (value == y || value == y + 1 || value == y - 1): null

25-01-2025T14:50:17 - [TEST_STEP][PASSED] - if (value == y || value == y + 1 || value == y - 1): null

25-01-2025T14:50:17 - [TEST_STEP][PASSED] - if (value == y || value == y + 1 || value == y - 1): null

25-01-2025T14:50:17 - [TEST_STEP][PASSED] - if (value == y || value == y + 1 || value == y - 1): null

25-01-2025T14:50:17 - [TEST_STEP][PASSED] - if (value == y || value == y + 1 || value == y - 1): null

25-01-2025T14:50:17 - [TEST_STEP][PASSED] - if (value == y || value == y + 1 || value == y - 1): null

25-01-2025T14:50:17 - [TEST_STEP][PASSED] - tooltipMap.put(key, key): null

25-01-2025T14:50:17 - [TEST_STEP][PASSED] - break: null

25-01-2025T14:50:17 - [TEST_STEP][PASSED] - y = value: null

25-01-2025T14:50:17 - [TEST_STEP][PASSED] - for (def tooltip : fieldTooltips): null

25-01-2025T14:50:17 - [TEST_STEP][PASSED] - if (value == y || value == y + 1 || value == y - 1): null

25-01-2025T14:50:17 - [TEST_STEP][PASSED] - if (value == y || value == y + 1 || value == y - 1): null

25-01-2025T14:50:17 - [TEST_STEP][PASSED] - if (value == y || value == y + 1 || value == y - 1): null

25-01-2025T14:50:17 - [TEST_STEP][PASSED] - if (value == y || value == y + 1 || value == y - 1): null

25-01-2025T14:50:17 - [TEST_STEP][PASSED] - if (value == y || value == y + 1 || value == y - 1): null

25-01-2025T14:50:17 - [TEST_STEP][PASSED] - if (value == y || value == y + 1 || value == y - 1): null

25-01-2025T14:50:17 - [TEST_STEP][PASSED] - if (value == y || value == y + 1 || value == y - 1): null

25-01-2025T14:50:17 - [TEST_STEP][PASSED] - if (value == y || value == y + 1 || value == y - 1): null

25-01-2025T14:50:17 - [TEST_STEP][PASSED] - y = value: null

25-01-2025T14:50:17 - [TEST_STEP][PASSED] - for (def tooltip : fieldTooltips): null

25-01-2025T14:50:17 - [TEST_STEP][PASSED] - if (value == y || value == y + 1 || value == y - 1): null

25-01-2025T14:50:17 - [TEST_STEP][PASSED] - if (value == y || value == y + 1 || value == y - 1): null

25-01-2025T14:50:17 - [TEST_STEP][PASSED] - if (value == y || value == y + 1 || value == y - 1): null

25-01-2025T14:50:17 - [TEST_STEP][PASSED] - if (value == y || value == y + 1 || value == y - 1): null

25-01-2025T14:50:17 - [TEST_STEP][PASSED] - if (value == y || value == y + 1 || value == y - 1): null

25-01-2025T14:50:17 - [TEST_STEP][PASSED] - if (value == y || value == y + 1 || value == y - 1): null

25-01-2025T14:50:17 - [TEST_STEP][PASSED] - if (value == y || value == y + 1 || value == y - 1): null

25-01-2025T14:50:17 - [TEST_STEP][PASSED] - if (value == y || value == y + 1 || value == y - 1): null

25-01-2025T14:50:17 - [TEST_STEP][PASSED] - y = value: null

25-01-2025T14:50:17 - [TEST_STEP][PASSED] - for (def tooltip : fieldTooltips): null

25-01-2025T14:50:17 - [TEST_STEP][PASSED] - if (value == y || value == y + 1 || value == y - 1): null

25-01-2025T14:50:17 - [TEST_STEP][PASSED] - if (value == y || value == y + 1 || value == y - 1): null

25-01-2025T14:50:17 - [TEST_STEP][PASSED] - if (value == y || value == y + 1 || value == y - 1): null

25-01-2025T14:50:17 - [TEST_STEP][PASSED] - if (value == y || value == y + 1 || value == y - 1): null

25-01-2025T14:50:17 - [TEST_STEP][PASSED] - if (value == y || value == y + 1 || value == y - 1): null

25-01-2025T14:50:17 - [TEST_STEP][PASSED] - if (value == y || value == y + 1 || value == y - 1): null

25-01-2025T14:50:17 - [TEST_STEP][PASSED] - if (value == y || value == y + 1 || value == y - 1): null

25-01-2025T14:50:17 - [TEST_STEP][PASSED] - if (value == y || value == y + 1 || value == y - 1): null

25-01-2025T14:50:17 - [TEST_STEP][PASSED] - return tooltipMap: null

25-01-2025T14:50:17 - [MESSAGE][PASSED] - Call Test Case 'Test Cases/_Functions/Get Tooltip Text' successfully

25-01-2025T14:50:17 - [TEST_STEP][PASSED] - if (tooltipMap.size() > 0): null

25-01-2025T14:50:17 - [TEST_STEP][PASSED] - file = fileBase + "_Tooltips.csv": null

25-01-2025T14:50:17 - [TEST_STEP][PASSED] - outText = "FIELD LABEL" + "," + "TOOLTIP TEXT" + "

": null

25-01-2025T14:50:17 - [TEST_STEP][PASSED] - for (def it : tooltipMap): null

25-01-2025T14:50:17 - [TEST_STEP][PASSED] - name = key: null

25-01-2025T14:50:17 - [TEST_STEP][PASSED] - value = value.replace("
", ""): null

25-01-2025T14:50:17 - [TEST_STEP][PASSED] - value = """ + value + """: null

25-01-2025T14:50:17 - [TEST_STEP][PASSED] - outText = outText + name + "," + value: null

25-01-2025T14:50:17 - [TEST_STEP][PASSED] - outText = outText + "
": null

25-01-2025T14:50:17 - [TEST_STEP][PASSED] - println(outText): null

25-01-2025T14:50:17 - [TEST_STEP][PASSED] - name = key: null

25-01-2025T14:50:17 - [TEST_STEP][PASSED] - value = value.replace("
", ""): null

25-01-2025T14:50:17 - [TEST_STEP][PASSED] - value = """ + value + """: null

25-01-2025T14:50:17 - [TEST_STEP][PASSED] - outText = outText + name + "," + value: null

25-01-2025T14:50:17 - [TEST_STEP][PASSED] - outText = outText + "
": null

25-01-2025T14:50:17 - [TEST_STEP][PASSED] - println(outText): null

25-01-2025T14:50:17 - [TEST_STEP][PASSED] - name = key: null

25-01-2025T14:50:17 - [TEST_STEP][PASSED] - value = value.replace("
", ""): null

25-01-2025T14:50:17 - [TEST_STEP][PASSED] - value = """ + value + """: null

25-01-2025T14:50:17 - [TEST_STEP][PASSED] - outText = outText + name + "," + value: null

25-01-2025T14:50:17 - [TEST_STEP][PASSED] - outText = outText + "
": null

25-01-2025T14:50:17 - [TEST_STEP][PASSED] - println(outText): null

25-01-2025T14:50:17 - [TEST_STEP][PASSED] - name = key: null

25-01-2025T14:50:17 - [TEST_STEP][PASSED] - value = value.replace("
", ""): null

25-01-2025T14:50:17 - [TEST_STEP][PASSED] - value = """ + value + """: null

25-01-2025T14:50:17 - [TEST_STEP][PASSED] - outText = outText + name + "," + value: null

25-01-2025T14:50:17 - [TEST_STEP][PASSED] - outText = outText + "
": null

25-01-2025T14:50:17 - [TEST_STEP][PASSED] - println(outText): null

25-01-2025T14:50:17 - [TEST_STEP][PASSED] - name = key: null

25-01-2025T14:50:17 - [TEST_STEP][PASSED] - value = value.replace("
", ""): null

25-01-2025T14:50:17 - [TEST_STEP][PASSED] - value = """ + value + """: null

25-01-2025T14:50:17 - [TEST_STEP][PASSED] - outText = outText + name + "," + value: null

25-01-2025T14:50:17 - [TEST_STEP][PASSED] - outText = outText + "
": null

25-01-2025T14:50:17 - [TEST_STEP][PASSED] - println(outText): null

25-01-2025T14:50:17 - [TEST_STEP][PASSED] - name = key: null

25-01-2025T14:50:17 - [TEST_STEP][PASSED] - value = value.replace("
", ""): null

25-01-2025T14:50:17 - [TEST_STEP][PASSED] - value = """ + value + """: null

25-01-2025T14:50:17 - [TEST_STEP][PASSED] - outText = outText + name + "," + value: null

25-01-2025T14:50:17 - [TEST_STEP][PASSED] - outText = outText + "
": null

25-01-2025T14:50:17 - [TEST_STEP][PASSED] - println(outText): null

25-01-2025T14:50:17 - [TEST_STEP][PASSED] - name = key: null

25-01-2025T14:50:17 - [TEST_STEP][PASSED] - value = value.replace("
", ""): null

25-01-2025T14:50:17 - [TEST_STEP][PASSED] - value = """ + value + """: null

25-01-2025T14:50:17 - [TEST_STEP][PASSED] - outText = outText + name + "," + value: null

25-01-2025T14:50:17 - [TEST_STEP][PASSED] - outText = outText + "
": null

25-01-2025T14:50:17 - [TEST_STEP][PASSED] - println(outText): null

25-01-2025T14:50:17 - [TEST_STEP][PASSED] - name = key: null

25-01-2025T14:50:17 - [TEST_STEP][PASSED] - value = value.replace("
", ""): null

25-01-2025T14:50:17 - [TEST_STEP][PASSED] - value = """ + value + """: null

25-01-2025T14:50:17 - [TEST_STEP][PASSED] - outText = outText + name + "," + value: null

25-01-2025T14:50:17 - [TEST_STEP][PASSED] - outText = outText + "
": null

25-01-2025T14:50:17 - [TEST_STEP][PASSED] - println(outText): null

25-01-2025T14:50:17 - [TEST_STEP][PASSED] - outFile = new java.io.File(file): null

25-01-2025T14:50:17 - [TEST_STEP][PASSED] - println(outText): null

25-01-2025T14:50:17 - [TEST_STEP][PASSED] - outFile.write(outText): null

25-01-2025T14:50:17 - [TEST_STEP][PASSED] - frame.hide(): null

25-01-2025T14:50:17 - [TEST_STEP][PASSED] - takeFullPageScreenshot(fileImage): Taking screenshot successfully

25-01-2025T14:50:19 - [MESSAGE][INFO] - 0 hidden object(s)

25-01-2025T14:50:19 - [MESSAGE][PASSED] - Taking screenshot successfully
[[ATTACHMENT|/Users/cckozie/Documents/MissionNext/Screenshots and Tooltip Text/Partner_Education_Register_Screenshot.png]]

25-01-2025T14:50:19 - [TEST_STEP][PASSED] - return tooltipMap: null

25-01-2025T14:50:19 - [MESSAGE][PASSED] - Call Test Case 'Test Cases/_Functions/Get Screenshot and Tooltip Text' successfully

25-01-2025T14:50:19 - [TEST_STEP][PASSED] - tooltipTextMap.each({ -> ... }): null

25-01-2025T14:50:19 - [TEST_STEP][PASSED] - driver = getWebDriver(): null

25-01-2025T14:50:19 - [TEST_STEP][PASSED] - action = new org.openqa.selenium.interactions.Actions(driver): null

25-01-2025T14:50:19 - [TEST_STEP][PASSED] - callTestCase(findTestCase("_Functions/Test Tooltips"), ["varTooltipImagePath":tooltipImagePath, "varTooltips":tooltips, "varTooltipText":tooltipText, "varTestObjectFolder":testObjectFolder, ... ], STOP_ON_FAILURE): Call Test Case 'Test Cases/_Functions/Test Tooltips' successfully

25-01-2025T14:50:19 - [TEST_CASE][PASSED] - Test Cases/_Functions/Test Tooltips: Test Cases/_Functions/Test Tooltips

25-01-2025T14:50:19 - [TEST_STEP][PASSED] - tooltipImagePath = varTooltipImagePath: null

25-01-2025T14:50:19 - [TEST_STEP][PASSED] - tooltips = varTooltips: null

25-01-2025T14:50:19 - [TEST_STEP][PASSED] - tooltipText = varTooltipText: null

25-01-2025T14:50:19 - [TEST_STEP][PASSED] - testObjectFolder = varTestObjectFolder: null

25-01-2025T14:50:19 - [TEST_STEP][PASSED] - tooltipTextMap = varTooltipTextMap: null

25-01-2025T14:50:19 - [TEST_STEP][PASSED] - writeFile = false: null

25-01-2025T14:50:19 - [TEST_STEP][PASSED] - if (outFile != ""): null

25-01-2025T14:50:19 - [TEST_STEP][PASSED] - myFile = outFile: null

25-01-2025T14:50:19 - [TEST_STEP][PASSED] - println(myFile): null

25-01-2025T14:50:19 - [TEST_STEP][PASSED] - outFile = new java.io.File(myFile): null

25-01-2025T14:50:19 - [TEST_STEP][PASSED] - writeFile = true: null

25-01-2025T14:50:19 - [TEST_STEP][PASSED] - driver = getWebDriver(): null

25-01-2025T14:50:19 - [TEST_STEP][PASSED] - action = new org.openqa.selenium.interactions.Actions(driver): null

25-01-2025T14:50:19 - [TEST_STEP][PASSED] - s = new org.sikuli.script.Screen(): null

25-01-2025T14:50:19 - [TEST_STEP][PASSED] - outText = "Verifying the tooltips can be displayed.
": null

25-01-2025T14:50:19 - [TEST_STEP][PASSED] - outFile.append(outText): null

25-01-2025T14:50:19 - [TEST_STEP][PASSED] - first = true: null

25-01-2025T14:50:19 - [TEST_STEP][PASSED] - for (def it : tooltips): null

25-01-2025T14:50:19 - [TEST_STEP][PASSED] - myKey = key: null

25-01-2025T14:50:19 - [TEST_STEP][PASSED] - myValue = value: null

25-01-2025T14:50:19 - [TEST_STEP][PASSED] - println("myKey is " + myKey): null

25-01-2025T14:50:19 - [TEST_STEP][PASSED] - println("myValue is " + myValue): null

25-01-2025T14:50:19 - [TEST_STEP][PASSED] - if (myKey != "dummy"): null

25-01-2025T14:50:19 - [TEST_STEP][PASSED] - else: null

25-01-2025T14:50:19 - [TEST_STEP][PASSED] - myImage = "/Users/cckozie/git/MissionNext-Katalon-Koz/images/dummy.png": null

25-01-2025T14:50:19 - [TEST_STEP][PASSED] - f = new java.io.File(myImage): null

25-01-2025T14:50:19 - [TEST_STEP][PASSED] - if (f.exists()): null

25-01-2025T14:50:19 - [TEST_STEP][PASSED] - println("Looking for " + myImage): null

25-01-2025T14:50:19 - [TEST_STEP][PASSED] - icn = Pattern(myImage).similar(0.10): null

25-01-2025T14:50:19 - [TEST_STEP][PASSED] - found = s.exists(icn): null

25-01-2025T14:50:20 - [TEST_STEP][PASSED] - println(found): null

25-01-2025T14:50:20 - [TEST_STEP][PASSED] - if (found != null): null

25-01-2025T14:50:20 - [TEST_STEP][PASSED] - foundStr = found.toString(): null

25-01-2025T14:50:20 - [TEST_STEP][PASSED] - matchP = foundStr.indexOf("%"): null

25-01-2025T14:50:20 - [TEST_STEP][PASSED] - println(matchP): null

25-01-2025T14:50:20 - [TEST_STEP][PASSED] - pct = foundStr.substring(matchP + 1, matchP + 6): null

25-01-2025T14:50:20 - [TEST_STEP][PASSED] - outText = "+++ Tooltip match value for " + myKey + " is " + pct + "%": null

25-01-2025T14:50:20 - [TEST_STEP][PASSED] - pctF = pct.toFloat(): null

25-01-2025T14:50:20 - [TEST_STEP][PASSED] - min = 80: null

25-01-2025T14:50:20 - [TEST_STEP][PASSED] - if (pct.toFloat() < min.toFloat()): null

25-01-2025T14:50:20 - [TEST_STEP][PASSED] - outText = outText + " <<<<": null

25-01-2025T14:50:20 - [TEST_STEP][PASSED] - if (myKey != "dummy"): null

25-01-2025T14:50:20 - [TEST_STEP][PASSED] - myKey = key: null

25-01-2025T14:50:20 - [TEST_STEP][PASSED] - myValue = value: null

25-01-2025T14:50:20 - [TEST_STEP][PASSED] - println("myKey is " + myKey): null

25-01-2025T14:50:20 - [TEST_STEP][PASSED] - println("myValue is " + myValue): null

25-01-2025T14:50:20 - [TEST_STEP][PASSED] - if (myKey != "dummy"): null

25-01-2025T14:50:20 - [TEST_STEP][PASSED] - tObj = testObjectFolder + myValue: null

25-01-2025T14:50:20 - [TEST_STEP][PASSED] - click(tObj): null

25-01-2025T14:50:20 - [TEST_STEP][PASSED] - scrollToObject(object): null

25-01-2025T14:50:20 - [TEST_STEP][PASSED] - println("Converting " + object + " to web element"): null

25-01-2025T14:50:20 - [TEST_STEP][PASSED] - element = findWebElement(findTestObject(object), 1): null

25-01-2025T14:50:20 - [TEST_STEP][PASSED] - loc = element.getLocation(): null

25-01-2025T14:50:20 - [TEST_STEP][PASSED] - y = loc.getY(): null

25-01-2025T14:50:20 - [TEST_STEP][PASSED] - println("Y location is " + y): null

25-01-2025T14:50:20 - [TEST_STEP][PASSED] - top = getViewportTopPosition(): Current viewport's top (y) position is 983

25-01-2025T14:50:20 - [MESSAGE][PASSED] - Current viewport's top (y) position is 983

25-01-2025T14:50:20 - [TEST_STEP][PASSED] - println("Viewport top is " + top): null

25-01-2025T14:50:20 - [TEST_STEP][PASSED] - bottom = top + 600: null

25-01-2025T14:50:20 - [TEST_STEP][PASSED] - if (y - top < 150 || bottom - y < 10): Delayed 1 second(s)

25-01-2025T14:50:20 - [TEST_STEP][PASSED] - scrollToPosition(0, y - 170): Browser is scrolled to position x = 0, y = 202

25-01-2025T14:50:20 - [MESSAGE][PASSED] - Browser is scrolled to position x = 0, y = 202

25-01-2025T14:50:20 - [TEST_STEP][PASSED] - delay(1): Delayed 1 second(s)

25-01-2025T14:50:21 - [MESSAGE][PASSED] - Delayed 1 second(s)

25-01-2025T14:50:21 - [TEST_STEP][PASSED] - click(findTestObject(object)): null

25-01-2025T14:50:21 - [MESSAGE][PASSED] - Object: 'Object Repository/Education Partner Profile/Register/img_Username_field-tooltip' is clicked on

25-01-2025T14:50:21 - [TEST_STEP][PASSED] - delay(1): Delayed 1 second(s)

25-01-2025T14:50:22 - [MESSAGE][PASSED] - Delayed 1 second(s)

25-01-2025T14:50:22 - [TEST_STEP][PASSED] - myImage = tooltipImagePath + myKey + ".png": null

25-01-2025T14:50:22 - [TEST_STEP][PASSED] - f = new java.io.File(myImage): null

25-01-2025T14:50:22 - [TEST_STEP][PASSED] - if (f.exists()): null

25-01-2025T14:50:22 - [TEST_STEP][PASSED] - println("Looking for " + myImage): null

25-01-2025T14:50:22 - [TEST_STEP][PASSED] - icn = Pattern(myImage).similar(0.10): null

25-01-2025T14:50:22 - [TEST_STEP][PASSED] - found = s.exists(icn): null

25-01-2025T14:50:23 - [TEST_STEP][PASSED] - println(found): null

25-01-2025T14:50:23 - [TEST_STEP][PASSED] - if (found != null): null

25-01-2025T14:50:23 - [TEST_STEP][PASSED] - foundStr = found.toString(): null

25-01-2025T14:50:23 - [TEST_STEP][PASSED] - matchP = foundStr.indexOf("%"): null

25-01-2025T14:50:23 - [TEST_STEP][PASSED] - println(matchP): null

25-01-2025T14:50:23 - [TEST_STEP][PASSED] - pct = foundStr.substring(matchP + 1, matchP + 6): null

25-01-2025T14:50:23 - [TEST_STEP][PASSED] - outText = "+++ Tooltip match value for " + myKey + " is " + pct + "%": null

25-01-2025T14:50:23 - [TEST_STEP][PASSED] - pctF = pct.toFloat(): null

25-01-2025T14:50:23 - [TEST_STEP][PASSED] - min = 80: null

25-01-2025T14:50:23 - [TEST_STEP][PASSED] - if (pct.toFloat() < min.toFloat()): null

25-01-2025T14:50:23 - [TEST_STEP][PASSED] - if (myKey != "dummy"): null

25-01-2025T14:50:23 - [TEST_STEP][PASSED] - println(outText): null

25-01-2025T14:50:23 - [TEST_STEP][PASSED] - outFile.append(outText + "
"): null

25-01-2025T14:50:23 - [TEST_STEP][PASSED] - myKey = key: null

25-01-2025T14:50:23 - [TEST_STEP][PASSED] - myValue = value: null

25-01-2025T14:50:23 - [TEST_STEP][PASSED] - println("myKey is " + myKey): null

25-01-2025T14:50:23 - [TEST_STEP][PASSED] - println("myValue is " + myValue): null

25-01-2025T14:50:23 - [TEST_STEP][PASSED] - if (myKey != "dummy"): null

25-01-2025T14:50:23 - [TEST_STEP][PASSED] - tObj = testObjectFolder + myValue: null

25-01-2025T14:50:23 - [TEST_STEP][PASSED] - click(tObj): null

25-01-2025T14:50:23 - [TEST_STEP][PASSED] - scrollToObject(object): null

25-01-2025T14:50:23 - [TEST_STEP][PASSED] - println("Converting " + object + " to web element"): null

25-01-2025T14:50:23 - [TEST_STEP][PASSED] - element = findWebElement(findTestObject(object), 1): null

25-01-2025T14:50:23 - [TEST_STEP][PASSED] - loc = element.getLocation(): null

25-01-2025T14:50:23 - [TEST_STEP][PASSED] - y = loc.getY(): null

25-01-2025T14:50:23 - [TEST_STEP][PASSED] - println("Y location is " + y): null

25-01-2025T14:50:23 - [TEST_STEP][PASSED] - top = getViewportTopPosition(): Current viewport's top (y) position is 202

25-01-2025T14:50:23 - [MESSAGE][PASSED] - Current viewport's top (y) position is 202

25-01-2025T14:50:23 - [TEST_STEP][PASSED] - println("Viewport top is " + top): null

25-01-2025T14:50:23 - [TEST_STEP][PASSED] - bottom = top + 600: null

25-01-2025T14:50:23 - [TEST_STEP][PASSED] - if (y - top < 150 || bottom - y < 10): null

25-01-2025T14:50:23 - [TEST_STEP][PASSED] - click(findTestObject(object)): null

25-01-2025T14:50:23 - [MESSAGE][PASSED] - Object: 'Object Repository/Education Partner Profile/Register/img_Password_field-tooltip' is clicked on

25-01-2025T14:50:23 - [TEST_STEP][PASSED] - delay(1): Delayed 1 second(s)

25-01-2025T14:50:24 - [MESSAGE][PASSED] - Delayed 1 second(s)

25-01-2025T14:50:24 - [TEST_STEP][PASSED] - myImage = tooltipImagePath + myKey + ".png": null

25-01-2025T14:50:24 - [TEST_STEP][PASSED] - f = new java.io.File(myImage): null

25-01-2025T14:50:24 - [TEST_STEP][PASSED] - if (f.exists()): null

25-01-2025T14:50:24 - [TEST_STEP][PASSED] - println("Looking for " + myImage): null

25-01-2025T14:50:24 - [TEST_STEP][PASSED] - icn = Pattern(myImage).similar(0.10): null

25-01-2025T14:50:24 - [TEST_STEP][PASSED] - found = s.exists(icn): null

25-01-2025T14:50:24 - [TEST_STEP][PASSED] - println(found): null

25-01-2025T14:50:24 - [TEST_STEP][PASSED] - if (found != null): null

25-01-2025T14:50:24 - [TEST_STEP][PASSED] - foundStr = found.toString(): null

25-01-2025T14:50:24 - [TEST_STEP][PASSED] - matchP = foundStr.indexOf("%"): null

25-01-2025T14:50:24 - [TEST_STEP][PASSED] - println(matchP): null

25-01-2025T14:50:24 - [TEST_STEP][PASSED] - pct = foundStr.substring(matchP + 1, matchP + 6): null

25-01-2025T14:50:24 - [TEST_STEP][PASSED] - outText = "+++ Tooltip match value for " + myKey + " is " + pct + "%": null

25-01-2025T14:50:24 - [TEST_STEP][PASSED] - pctF = pct.toFloat(): null

25-01-2025T14:50:24 - [TEST_STEP][PASSED] - min = 80: null

25-01-2025T14:50:24 - [TEST_STEP][PASSED] - if (pct.toFloat() < min.toFloat()): null

25-01-2025T14:50:24 - [TEST_STEP][PASSED] - if (myKey != "dummy"): null

25-01-2025T14:50:24 - [TEST_STEP][PASSED] - println(outText): null

25-01-2025T14:50:24 - [TEST_STEP][PASSED] - outFile.append(outText + "
"): null

25-01-2025T14:50:24 - [TEST_STEP][PASSED] - myKey = key: null

25-01-2025T14:50:24 - [TEST_STEP][PASSED] - myValue = value: null

25-01-2025T14:50:24 - [TEST_STEP][PASSED] - println("myKey is " + myKey): null

25-01-2025T14:50:24 - [TEST_STEP][PASSED] - println("myValue is " + myValue): null

25-01-2025T14:50:24 - [TEST_STEP][PASSED] - if (myKey != "dummy"): null

25-01-2025T14:50:24 - [TEST_STEP][PASSED] - tObj = testObjectFolder + myValue: null

25-01-2025T14:50:24 - [TEST_STEP][PASSED] - click(tObj): null

25-01-2025T14:50:24 - [TEST_STEP][PASSED] - scrollToObject(object): null

25-01-2025T14:50:24 - [TEST_STEP][PASSED] - println("Converting " + object + " to web element"): null

25-01-2025T14:50:24 - [TEST_STEP][PASSED] - element = findWebElement(findTestObject(object), 1): null

25-01-2025T14:50:24 - [TEST_STEP][PASSED] - loc = element.getLocation(): null

25-01-2025T14:50:24 - [TEST_STEP][PASSED] - y = loc.getY(): null

25-01-2025T14:50:24 - [TEST_STEP][PASSED] - println("Y location is " + y): null

25-01-2025T14:50:24 - [TEST_STEP][PASSED] - top = getViewportTopPosition(): Current viewport's top (y) position is 202

25-01-2025T14:50:24 - [MESSAGE][PASSED] - Current viewport's top (y) position is 202

25-01-2025T14:50:24 - [TEST_STEP][PASSED] - println("Viewport top is " + top): null

25-01-2025T14:50:24 - [TEST_STEP][PASSED] - bottom = top + 600: null

25-01-2025T14:50:24 - [TEST_STEP][PASSED] - if (y - top < 150 || bottom - y < 10): null

25-01-2025T14:50:24 - [TEST_STEP][PASSED] - click(findTestObject(object)): null

25-01-2025T14:50:24 - [MESSAGE][PASSED] - Object: 'Object Repository/Education Partner Profile/Register/img_Key Contact Email_field-tooltip' is clicked on

25-01-2025T14:50:24 - [TEST_STEP][PASSED] - delay(1): Delayed 1 second(s)

25-01-2025T14:50:25 - [MESSAGE][PASSED] - Delayed 1 second(s)

25-01-2025T14:50:25 - [TEST_STEP][PASSED] - myImage = tooltipImagePath + myKey + ".png": null

25-01-2025T14:50:25 - [TEST_STEP][PASSED] - f = new java.io.File(myImage): null

25-01-2025T14:50:25 - [TEST_STEP][PASSED] - if (f.exists()): null

25-01-2025T14:50:25 - [TEST_STEP][PASSED] - println("Looking for " + myImage): null

25-01-2025T14:50:25 - [TEST_STEP][PASSED] - icn = Pattern(myImage).similar(0.10): null

25-01-2025T14:50:25 - [TEST_STEP][PASSED] - found = s.exists(icn): null

25-01-2025T14:50:25 - [TEST_STEP][PASSED] - println(found): null

25-01-2025T14:50:25 - [TEST_STEP][PASSED] - if (found != null): null

25-01-2025T14:50:25 - [TEST_STEP][PASSED] - foundStr = found.toString(): null

25-01-2025T14:50:25 - [TEST_STEP][PASSED] - matchP = foundStr.indexOf("%"): null

25-01-2025T14:50:25 - [TEST_STEP][PASSED] - println(matchP): null

25-01-2025T14:50:25 - [TEST_STEP][PASSED] - pct = foundStr.substring(matchP + 1, matchP + 6): null

25-01-2025T14:50:25 - [TEST_STEP][PASSED] - outText = "+++ Tooltip match value for " + myKey + " is " + pct + "%": null

25-01-2025T14:50:25 - [TEST_STEP][PASSED] - pctF = pct.toFloat(): null

25-01-2025T14:50:25 - [TEST_STEP][PASSED] - min = 80: null

25-01-2025T14:50:25 - [TEST_STEP][PASSED] - if (pct.toFloat() < min.toFloat()): null

25-01-2025T14:50:25 - [TEST_STEP][PASSED] - if (myKey != "dummy"): null

25-01-2025T14:50:25 - [TEST_STEP][PASSED] - println(outText): null

25-01-2025T14:50:25 - [TEST_STEP][PASSED] - outFile.append(outText + "
"): null

25-01-2025T14:50:25 - [TEST_STEP][PASSED] - myKey = key: null

25-01-2025T14:50:25 - [TEST_STEP][PASSED] - myValue = value: null

25-01-2025T14:50:25 - [TEST_STEP][PASSED] - println("myKey is " + myKey): null

25-01-2025T14:50:25 - [TEST_STEP][PASSED] - println("myValue is " + myValue): null

25-01-2025T14:50:25 - [TEST_STEP][PASSED] - if (myKey != "dummy"): null

25-01-2025T14:50:25 - [TEST_STEP][PASSED] - tObj = testObjectFolder + myValue: null

25-01-2025T14:50:25 - [TEST_STEP][PASSED] - click(tObj): null

25-01-2025T14:50:25 - [TEST_STEP][PASSED] - scrollToObject(object): null

25-01-2025T14:50:25 - [TEST_STEP][PASSED] - println("Converting " + object + " to web element"): null

25-01-2025T14:50:25 - [TEST_STEP][PASSED] - element = findWebElement(findTestObject(object), 1): null

25-01-2025T14:50:25 - [TEST_STEP][PASSED] - loc = element.getLocation(): null

25-01-2025T14:50:25 - [TEST_STEP][PASSED] - y = loc.getY(): null

25-01-2025T14:50:25 - [TEST_STEP][PASSED] - println("Y location is " + y): null

25-01-2025T14:50:25 - [TEST_STEP][PASSED] - top = getViewportTopPosition(): Current viewport's top (y) position is 202

25-01-2025T14:50:25 - [MESSAGE][PASSED] - Current viewport's top (y) position is 202

25-01-2025T14:50:25 - [TEST_STEP][PASSED] - println("Viewport top is " + top): null

25-01-2025T14:50:25 - [TEST_STEP][PASSED] - bottom = top + 600: null

25-01-2025T14:50:25 - [TEST_STEP][PASSED] - if (y - top < 150 || bottom - y < 10): null

25-01-2025T14:50:25 - [TEST_STEP][PASSED] - click(findTestObject(object)): null

25-01-2025T14:50:26 - [MESSAGE][PASSED] - Object: 'Object Repository/Education Partner Profile/Register/img_Organization_field-tooltip' is clicked on

25-01-2025T14:50:26 - [TEST_STEP][PASSED] - delay(1): Delayed 1 second(s)

25-01-2025T14:50:27 - [MESSAGE][PASSED] - Delayed 1 second(s)

25-01-2025T14:50:27 - [TEST_STEP][PASSED] - myImage = tooltipImagePath + myKey + ".png": null

25-01-2025T14:50:27 - [TEST_STEP][PASSED] - f = new java.io.File(myImage): null

25-01-2025T14:50:27 - [TEST_STEP][PASSED] - if (f.exists()): null

25-01-2025T14:50:27 - [TEST_STEP][PASSED] - println("Looking for " + myImage): null

25-01-2025T14:50:27 - [TEST_STEP][PASSED] - icn = Pattern(myImage).similar(0.10): null

25-01-2025T14:50:27 - [TEST_STEP][PASSED] - found = s.exists(icn): null

25-01-2025T14:50:27 - [TEST_STEP][PASSED] - println(found): null

25-01-2025T14:50:27 - [TEST_STEP][PASSED] - if (found != null): null

25-01-2025T14:50:27 - [TEST_STEP][PASSED] - foundStr = found.toString(): null

25-01-2025T14:50:27 - [TEST_STEP][PASSED] - matchP = foundStr.indexOf("%"): null

25-01-2025T14:50:27 - [TEST_STEP][PASSED] - println(matchP): null

25-01-2025T14:50:27 - [TEST_STEP][PASSED] - pct = foundStr.substring(matchP + 1, matchP + 6): null

25-01-2025T14:50:27 - [TEST_STEP][PASSED] - outText = "+++ Tooltip match value for " + myKey + " is " + pct + "%": null

25-01-2025T14:50:27 - [TEST_STEP][PASSED] - pctF = pct.toFloat(): null

25-01-2025T14:50:27 - [TEST_STEP][PASSED] - min = 80: null

25-01-2025T14:50:27 - [TEST_STEP][PASSED] - if (pct.toFloat() < min.toFloat()): null

25-01-2025T14:50:27 - [TEST_STEP][PASSED] - if (myKey != "dummy"): null

25-01-2025T14:50:27 - [TEST_STEP][PASSED] - println(outText): null

25-01-2025T14:50:27 - [TEST_STEP][PASSED] - outFile.append(outText + "
"): null

25-01-2025T14:50:27 - [TEST_STEP][PASSED] - myKey = key: null

25-01-2025T14:50:27 - [TEST_STEP][PASSED] - myValue = value: null

25-01-2025T14:50:27 - [TEST_STEP][PASSED] - println("myKey is " + myKey): null

25-01-2025T14:50:27 - [TEST_STEP][PASSED] - println("myValue is " + myValue): null

25-01-2025T14:50:27 - [TEST_STEP][PASSED] - if (myKey != "dummy"): null

25-01-2025T14:50:27 - [TEST_STEP][PASSED] - tObj = testObjectFolder + myValue: null

25-01-2025T14:50:27 - [TEST_STEP][PASSED] - click(tObj): null

25-01-2025T14:50:27 - [TEST_STEP][PASSED] - scrollToObject(object): null

25-01-2025T14:50:27 - [TEST_STEP][PASSED] - println("Converting " + object + " to web element"): null

25-01-2025T14:50:27 - [TEST_STEP][PASSED] - element = findWebElement(findTestObject(object), 1): null

25-01-2025T14:50:27 - [TEST_STEP][PASSED] - loc = element.getLocation(): null

25-01-2025T14:50:27 - [TEST_STEP][PASSED] - y = loc.getY(): null

25-01-2025T14:50:27 - [TEST_STEP][PASSED] - println("Y location is " + y): null

25-01-2025T14:50:27 - [TEST_STEP][PASSED] - top = getViewportTopPosition(): Current viewport's top (y) position is 202

25-01-2025T14:50:27 - [MESSAGE][PASSED] - Current viewport's top (y) position is 202

25-01-2025T14:50:27 - [TEST_STEP][PASSED] - println("Viewport top is " + top): null

25-01-2025T14:50:27 - [TEST_STEP][PASSED] - bottom = top + 600: null

25-01-2025T14:50:27 - [TEST_STEP][PASSED] - if (y - top < 150 || bottom - y < 10): null

25-01-2025T14:50:27 - [TEST_STEP][PASSED] - click(findTestObject(object)): null

25-01-2025T14:50:27 - [MESSAGE][PASSED] - Object: 'Object Repository/Education Partner Profile/Register/img_Abbreviation_field-tooltip' is clicked on

25-01-2025T14:50:27 - [TEST_STEP][PASSED] - delay(1): Delayed 1 second(s)

25-01-2025T14:50:28 - [MESSAGE][PASSED] - Delayed 1 second(s)

25-01-2025T14:50:28 - [TEST_STEP][PASSED] - myImage = tooltipImagePath + myKey + ".png": null

25-01-2025T14:50:28 - [TEST_STEP][PASSED] - f = new java.io.File(myImage): null

25-01-2025T14:50:28 - [TEST_STEP][PASSED] - if (f.exists()): null

25-01-2025T14:50:28 - [TEST_STEP][PASSED] - println("Looking for " + myImage): null

25-01-2025T14:50:28 - [TEST_STEP][PASSED] - icn = Pattern(myImage).similar(0.10): null

25-01-2025T14:50:28 - [TEST_STEP][PASSED] - found = s.exists(icn): null

25-01-2025T14:50:28 - [TEST_STEP][PASSED] - println(found): null

25-01-2025T14:50:28 - [TEST_STEP][PASSED] - if (found != null): null

25-01-2025T14:50:28 - [TEST_STEP][PASSED] - foundStr = found.toString(): null

25-01-2025T14:50:28 - [TEST_STEP][PASSED] - matchP = foundStr.indexOf("%"): null

25-01-2025T14:50:28 - [TEST_STEP][PASSED] - println(matchP): null

25-01-2025T14:50:28 - [TEST_STEP][PASSED] - pct = foundStr.substring(matchP + 1, matchP + 6): null

25-01-2025T14:50:28 - [TEST_STEP][PASSED] - outText = "+++ Tooltip match value for " + myKey + " is " + pct + "%": null

25-01-2025T14:50:28 - [TEST_STEP][PASSED] - pctF = pct.toFloat(): null

25-01-2025T14:50:28 - [TEST_STEP][PASSED] - min = 80: null

25-01-2025T14:50:28 - [TEST_STEP][PASSED] - if (pct.toFloat() < min.toFloat()): null

25-01-2025T14:50:28 - [TEST_STEP][PASSED] - if (myKey != "dummy"): null

25-01-2025T14:50:28 - [TEST_STEP][PASSED] - println(outText): null

25-01-2025T14:50:28 - [TEST_STEP][PASSED] - outFile.append(outText + "
"): null

25-01-2025T14:50:28 - [TEST_STEP][PASSED] - myKey = key: null

25-01-2025T14:50:28 - [TEST_STEP][PASSED] - myValue = value: null

25-01-2025T14:50:28 - [TEST_STEP][PASSED] - println("myKey is " + myKey): null

25-01-2025T14:50:28 - [TEST_STEP][PASSED] - println("myValue is " + myValue): null

25-01-2025T14:50:28 - [TEST_STEP][PASSED] - if (myKey != "dummy"): null

25-01-2025T14:50:28 - [TEST_STEP][PASSED] - tObj = testObjectFolder + myValue: null

25-01-2025T14:50:28 - [TEST_STEP][PASSED] - click(tObj): null

25-01-2025T14:50:28 - [TEST_STEP][PASSED] - scrollToObject(object): null

25-01-2025T14:50:28 - [TEST_STEP][PASSED] - println("Converting " + object + " to web element"): null

25-01-2025T14:50:28 - [TEST_STEP][PASSED] - element = findWebElement(findTestObject(object), 1): null

25-01-2025T14:50:28 - [TEST_STEP][PASSED] - loc = element.getLocation(): null

25-01-2025T14:50:28 - [TEST_STEP][PASSED] - y = loc.getY(): null

25-01-2025T14:50:28 - [TEST_STEP][PASSED] - println("Y location is " + y): null

25-01-2025T14:50:28 - [TEST_STEP][PASSED] - top = getViewportTopPosition(): Current viewport's top (y) position is 202

25-01-2025T14:50:28 - [MESSAGE][PASSED] - Current viewport's top (y) position is 202

25-01-2025T14:50:28 - [TEST_STEP][PASSED] - println("Viewport top is " + top): null

25-01-2025T14:50:28 - [TEST_STEP][PASSED] - bottom = top + 600: null

25-01-2025T14:50:28 - [TEST_STEP][PASSED] - if (y - top < 150 || bottom - y < 10): Delayed 1 second(s)

25-01-2025T14:50:28 - [TEST_STEP][PASSED] - scrollToPosition(0, y - 170): Browser is scrolled to position x = 0, y = 707

25-01-2025T14:50:28 - [MESSAGE][PASSED] - Browser is scrolled to position x = 0, y = 707

25-01-2025T14:50:28 - [TEST_STEP][PASSED] - delay(1): Delayed 1 second(s)

25-01-2025T14:50:29 - [MESSAGE][PASSED] - Delayed 1 second(s)

25-01-2025T14:50:29 - [TEST_STEP][PASSED] - click(findTestObject(object)): null

25-01-2025T14:50:30 - [MESSAGE][PASSED] - Object: 'Object Repository/Education Partner Profile/Register/img_Description_field-tooltip' is clicked on

25-01-2025T14:50:30 - [TEST_STEP][PASSED] - delay(1): Delayed 1 second(s)

25-01-2025T14:50:31 - [MESSAGE][PASSED] - Delayed 1 second(s)

25-01-2025T14:50:31 - [TEST_STEP][PASSED] - myImage = tooltipImagePath + myKey + ".png": null

25-01-2025T14:50:31 - [TEST_STEP][PASSED] - f = new java.io.File(myImage): null

25-01-2025T14:50:31 - [TEST_STEP][PASSED] - if (f.exists()): null

25-01-2025T14:50:31 - [TEST_STEP][PASSED] - println("Looking for " + myImage): null

25-01-2025T14:50:31 - [TEST_STEP][PASSED] - icn = Pattern(myImage).similar(0.10): null

25-01-2025T14:50:31 - [TEST_STEP][PASSED] - found = s.exists(icn): null

25-01-2025T14:50:31 - [TEST_STEP][PASSED] - println(found): null

25-01-2025T14:50:31 - [TEST_STEP][PASSED] - if (found != null): null

25-01-2025T14:50:31 - [TEST_STEP][PASSED] - foundStr = found.toString(): null

25-01-2025T14:50:31 - [TEST_STEP][PASSED] - matchP = foundStr.indexOf("%"): null

25-01-2025T14:50:31 - [TEST_STEP][PASSED] - println(matchP): null

25-01-2025T14:50:31 - [TEST_STEP][PASSED] - pct = foundStr.substring(matchP + 1, matchP + 6): null

25-01-2025T14:50:31 - [TEST_STEP][PASSED] - outText = "+++ Tooltip match value for " + myKey + " is " + pct + "%": null

25-01-2025T14:50:31 - [TEST_STEP][PASSED] - pctF = pct.toFloat(): null

25-01-2025T14:50:31 - [TEST_STEP][PASSED] - min = 80: null

25-01-2025T14:50:31 - [TEST_STEP][PASSED] - if (pct.toFloat() < min.toFloat()): null

25-01-2025T14:50:31 - [TEST_STEP][PASSED] - if (myKey != "dummy"): null

25-01-2025T14:50:31 - [TEST_STEP][PASSED] - println(outText): null

25-01-2025T14:50:31 - [TEST_STEP][PASSED] - outFile.append(outText + "
"): null

25-01-2025T14:50:31 - [TEST_STEP][PASSED] - myKey = key: null

25-01-2025T14:50:31 - [TEST_STEP][PASSED] - myValue = value: null

25-01-2025T14:50:31 - [TEST_STEP][PASSED] - println("myKey is " + myKey): null

25-01-2025T14:50:31 - [TEST_STEP][PASSED] - println("myValue is " + myValue): null

25-01-2025T14:50:31 - [TEST_STEP][PASSED] - if (myKey != "dummy"): null

25-01-2025T14:50:31 - [TEST_STEP][PASSED] - tObj = testObjectFolder + myValue: null

25-01-2025T14:50:31 - [TEST_STEP][PASSED] - click(tObj): null

25-01-2025T14:50:31 - [TEST_STEP][PASSED] - scrollToObject(object): null

25-01-2025T14:50:31 - [TEST_STEP][PASSED] - println("Converting " + object + " to web element"): null

25-01-2025T14:50:31 - [TEST_STEP][PASSED] - element = findWebElement(findTestObject(object), 1): null

25-01-2025T14:50:31 - [TEST_STEP][PASSED] - loc = element.getLocation(): null

25-01-2025T14:50:31 - [TEST_STEP][PASSED] - y = loc.getY(): null

25-01-2025T14:50:31 - [TEST_STEP][PASSED] - println("Y location is " + y): null

25-01-2025T14:50:31 - [TEST_STEP][PASSED] - top = getViewportTopPosition(): Current viewport's top (y) position is 707

25-01-2025T14:50:31 - [MESSAGE][PASSED] - Current viewport's top (y) position is 707

25-01-2025T14:50:31 - [TEST_STEP][PASSED] - println("Viewport top is " + top): null

25-01-2025T14:50:31 - [TEST_STEP][PASSED] - bottom = top + 600: null

25-01-2025T14:50:31 - [TEST_STEP][PASSED] - if (y - top < 150 || bottom - y < 10): null

25-01-2025T14:50:31 - [TEST_STEP][PASSED] - click(findTestObject(object)): null

25-01-2025T14:50:31 - [MESSAGE][PASSED] - Object: 'Object Repository/Education Partner Profile/Register/img_Website Address_field-tooltip' is clicked on

25-01-2025T14:50:31 - [TEST_STEP][PASSED] - delay(1): Delayed 1 second(s)

25-01-2025T14:50:32 - [MESSAGE][PASSED] - Delayed 1 second(s)

25-01-2025T14:50:32 - [TEST_STEP][PASSED] - myImage = tooltipImagePath + myKey + ".png": null

25-01-2025T14:50:32 - [TEST_STEP][PASSED] - f = new java.io.File(myImage): null

25-01-2025T14:50:32 - [TEST_STEP][PASSED] - if (f.exists()): null

25-01-2025T14:50:32 - [TEST_STEP][PASSED] - println("Looking for " + myImage): null

25-01-2025T14:50:32 - [TEST_STEP][PASSED] - icn = Pattern(myImage).similar(0.10): null

25-01-2025T14:50:32 - [TEST_STEP][PASSED] - found = s.exists(icn): null

25-01-2025T14:50:32 - [TEST_STEP][PASSED] - println(found): null

25-01-2025T14:50:32 - [TEST_STEP][PASSED] - if (found != null): null

25-01-2025T14:50:32 - [TEST_STEP][PASSED] - foundStr = found.toString(): null

25-01-2025T14:50:32 - [TEST_STEP][PASSED] - matchP = foundStr.indexOf("%"): null

25-01-2025T14:50:32 - [TEST_STEP][PASSED] - println(matchP): null

25-01-2025T14:50:32 - [TEST_STEP][PASSED] - pct = foundStr.substring(matchP + 1, matchP + 6): null

25-01-2025T14:50:32 - [TEST_STEP][PASSED] - outText = "+++ Tooltip match value for " + myKey + " is " + pct + "%": null

25-01-2025T14:50:32 - [TEST_STEP][PASSED] - pctF = pct.toFloat(): null

25-01-2025T14:50:32 - [TEST_STEP][PASSED] - min = 80: null

25-01-2025T14:50:32 - [TEST_STEP][PASSED] - if (pct.toFloat() < min.toFloat()): null

25-01-2025T14:50:32 - [TEST_STEP][PASSED] - if (myKey != "dummy"): null

25-01-2025T14:50:32 - [TEST_STEP][PASSED] - println(outText): null

25-01-2025T14:50:32 - [TEST_STEP][PASSED] - outFile.append(outText + "
"): null

25-01-2025T14:50:32 - [TEST_STEP][PASSED] - myKey = key: null

25-01-2025T14:50:32 - [TEST_STEP][PASSED] - myValue = value: null

25-01-2025T14:50:32 - [TEST_STEP][PASSED] - println("myKey is " + myKey): null

25-01-2025T14:50:32 - [TEST_STEP][PASSED] - println("myValue is " + myValue): null

25-01-2025T14:50:32 - [TEST_STEP][PASSED] - if (myKey != "dummy"): null

25-01-2025T14:50:32 - [TEST_STEP][PASSED] - tObj = testObjectFolder + myValue: null

25-01-2025T14:50:32 - [TEST_STEP][PASSED] - click(tObj): null

25-01-2025T14:50:32 - [TEST_STEP][PASSED] - scrollToObject(object): null

25-01-2025T14:50:32 - [TEST_STEP][PASSED] - println("Converting " + object + " to web element"): null

25-01-2025T14:50:32 - [TEST_STEP][PASSED] - element = findWebElement(findTestObject(object), 1): null

25-01-2025T14:50:32 - [TEST_STEP][PASSED] - loc = element.getLocation(): null

25-01-2025T14:50:32 - [TEST_STEP][PASSED] - y = loc.getY(): null

25-01-2025T14:50:32 - [TEST_STEP][PASSED] - println("Y location is " + y): null

25-01-2025T14:50:32 - [TEST_STEP][PASSED] - top = getViewportTopPosition(): Current viewport's top (y) position is 707

25-01-2025T14:50:32 - [MESSAGE][PASSED] - Current viewport's top (y) position is 707

25-01-2025T14:50:32 - [TEST_STEP][PASSED] - println("Viewport top is " + top): null

25-01-2025T14:50:32 - [TEST_STEP][PASSED] - bottom = top + 600: null

25-01-2025T14:50:32 - [TEST_STEP][PASSED] - if (y - top < 150 || bottom - y < 10): null

25-01-2025T14:50:32 - [TEST_STEP][PASSED] - click(findTestObject(object)): null

25-01-2025T14:50:32 - [MESSAGE][PASSED] - Object: 'Object Repository/Education Partner Profile/Register/img_How did you hear about MissionNext_field-tooltip' is clicked on

25-01-2025T14:50:32 - [TEST_STEP][PASSED] - delay(1): Delayed 1 second(s)

25-01-2025T14:50:33 - [MESSAGE][PASSED] - Delayed 1 second(s)

25-01-2025T14:50:33 - [TEST_STEP][PASSED] - myImage = tooltipImagePath + myKey + ".png": null

25-01-2025T14:50:33 - [TEST_STEP][PASSED] - f = new java.io.File(myImage): null

25-01-2025T14:50:33 - [TEST_STEP][PASSED] - if (f.exists()): null

25-01-2025T14:50:33 - [TEST_STEP][PASSED] - println("Looking for " + myImage): null

25-01-2025T14:50:33 - [TEST_STEP][PASSED] - icn = Pattern(myImage).similar(0.10): null

25-01-2025T14:50:33 - [TEST_STEP][PASSED] - found = s.exists(icn): null

25-01-2025T14:50:33 - [TEST_STEP][PASSED] - println(found): null

25-01-2025T14:50:33 - [TEST_STEP][PASSED] - if (found != null): null

25-01-2025T14:50:33 - [TEST_STEP][PASSED] - foundStr = found.toString(): null

25-01-2025T14:50:33 - [TEST_STEP][PASSED] - matchP = foundStr.indexOf("%"): null

25-01-2025T14:50:33 - [TEST_STEP][PASSED] - println(matchP): null

25-01-2025T14:50:33 - [TEST_STEP][PASSED] - pct = foundStr.substring(matchP + 1, matchP + 6): null

25-01-2025T14:50:33 - [TEST_STEP][PASSED] - outText = "+++ Tooltip match value for " + myKey + " is " + pct + "%": null

25-01-2025T14:50:33 - [TEST_STEP][PASSED] - pctF = pct.toFloat(): null

25-01-2025T14:50:33 - [TEST_STEP][PASSED] - min = 80: null

25-01-2025T14:50:33 - [TEST_STEP][PASSED] - if (pct.toFloat() < min.toFloat()): null

25-01-2025T14:50:33 - [TEST_STEP][PASSED] - if (myKey != "dummy"): null

25-01-2025T14:50:33 - [TEST_STEP][PASSED] - println(outText): null

25-01-2025T14:50:33 - [TEST_STEP][PASSED] - outFile.append(outText + "
"): null

25-01-2025T14:50:33 - [TEST_STEP][PASSED] - outText = "Verifying the tooltip text on the page is what was expected.
": null

25-01-2025T14:50:33 - [TEST_STEP][PASSED] - outFile.append(outText): null

25-01-2025T14:50:33 - [TEST_STEP][PASSED] - for (def it : tooltipText): null

25-01-2025T14:50:33 - [TEST_STEP][PASSED] - println(it): null

25-01-2025T14:50:33 - [TEST_STEP][PASSED] - myKey = key: null

25-01-2025T14:50:33 - [TEST_STEP][PASSED] - myText = value.replace(""", ""): null

25-01-2025T14:50:33 - [TEST_STEP][PASSED] - myText = myText.trim(): null

25-01-2025T14:50:33 - [TEST_STEP][PASSED] - actualText = get(myKey).replace(""", ""): null

25-01-2025T14:50:33 - [TEST_STEP][PASSED] - actualText = actualText.trim(): null

25-01-2025T14:50:33 - [TEST_STEP][PASSED] - println(myKey + ":" + actualText): null

25-01-2025T14:50:33 - [TEST_STEP][PASSED] - if (actualText != myText): null

25-01-2025T14:50:33 - [TEST_STEP][PASSED] - println(it): null

25-01-2025T14:50:33 - [TEST_STEP][PASSED] - myKey = key: null

25-01-2025T14:50:33 - [TEST_STEP][PASSED] - myText = value.replace(""", ""): null

25-01-2025T14:50:33 - [TEST_STEP][PASSED] - myText = myText.trim(): null

25-01-2025T14:50:33 - [TEST_STEP][PASSED] - actualText = get(myKey).replace(""", ""): null

25-01-2025T14:50:33 - [TEST_STEP][PASSED] - actualText = actualText.trim(): null

25-01-2025T14:50:33 - [TEST_STEP][PASSED] - println(myKey + ":" + actualText): null

25-01-2025T14:50:33 - [TEST_STEP][PASSED] - if (actualText != myText): null

25-01-2025T14:50:33 - [TEST_STEP][PASSED] - println(it): null

25-01-2025T14:50:33 - [TEST_STEP][PASSED] - myKey = key: null

25-01-2025T14:50:33 - [TEST_STEP][PASSED] - myText = value.replace(""", ""): null

25-01-2025T14:50:33 - [TEST_STEP][PASSED] - myText = myText.trim(): null

25-01-2025T14:50:33 - [TEST_STEP][PASSED] - actualText = get(myKey).replace(""", ""): null

25-01-2025T14:50:33 - [TEST_STEP][PASSED] - actualText = actualText.trim(): null

25-01-2025T14:50:33 - [TEST_STEP][PASSED] - println(myKey + ":" + actualText): null

25-01-2025T14:50:33 - [TEST_STEP][PASSED] - if (actualText != myText): null

25-01-2025T14:50:33 - [TEST_STEP][PASSED] - println(it): null

25-01-2025T14:50:33 - [TEST_STEP][PASSED] - myKey = key: null

25-01-2025T14:50:33 - [TEST_STEP][PASSED] - myText = value.replace(""", ""): null

25-01-2025T14:50:33 - [TEST_STEP][PASSED] - myText = myText.trim(): null

25-01-2025T14:50:33 - [TEST_STEP][PASSED] - actualText = get(myKey).replace(""", ""): null

25-01-2025T14:50:33 - [TEST_STEP][PASSED] - actualText = actualText.trim(): null

25-01-2025T14:50:33 - [TEST_STEP][PASSED] - println(myKey + ":" + actualText): null

25-01-2025T14:50:33 - [TEST_STEP][PASSED] - if (actualText != myText): null

25-01-2025T14:50:33 - [TEST_STEP][PASSED] - println(it): null

25-01-2025T14:50:33 - [TEST_STEP][PASSED] - myKey = key: null

25-01-2025T14:50:33 - [TEST_STEP][PASSED] - myText = value.replace(""", ""): null

25-01-2025T14:50:33 - [TEST_STEP][PASSED] - myText = myText.trim(): null

25-01-2025T14:50:33 - [TEST_STEP][PASSED] - actualText = get(myKey).replace(""", ""): null

25-01-2025T14:50:33 - [TEST_STEP][PASSED] - actualText = actualText.trim(): null

25-01-2025T14:50:33 - [TEST_STEP][PASSED] - println(myKey + ":" + actualText): null

25-01-2025T14:50:33 - [TEST_STEP][PASSED] - if (actualText != myText): null

25-01-2025T14:50:33 - [TEST_STEP][PASSED] - println(it): null

25-01-2025T14:50:33 - [TEST_STEP][PASSED] - myKey = key: null

25-01-2025T14:50:33 - [TEST_STEP][PASSED] - myText = value.replace(""", ""): null

25-01-2025T14:50:33 - [TEST_STEP][PASSED] - myText = myText.trim(): null

25-01-2025T14:50:33 - [TEST_STEP][PASSED] - actualText = get(myKey).replace(""", ""): null

25-01-2025T14:50:33 - [TEST_STEP][PASSED] - actualText = actualText.trim(): null

25-01-2025T14:50:33 - [TEST_STEP][PASSED] - println(myKey + ":" + actualText): null

25-01-2025T14:50:33 - [TEST_STEP][PASSED] - if (actualText != myText): null

25-01-2025T14:50:33 - [TEST_STEP][PASSED] - println(it): null

25-01-2025T14:50:33 - [TEST_STEP][PASSED] - myKey = key: null

25-01-2025T14:50:33 - [TEST_STEP][PASSED] - myText = value.replace(""", ""): null

25-01-2025T14:50:33 - [TEST_STEP][PASSED] - myText = myText.trim(): null

25-01-2025T14:50:33 - [TEST_STEP][PASSED] - actualText = get(myKey).replace(""", ""): null

25-01-2025T14:50:33 - [TEST_STEP][PASSED] - actualText = actualText.trim(): null

25-01-2025T14:50:33 - [TEST_STEP][PASSED] - println(myKey + ":" + actualText): null

25-01-2025T14:50:33 - [TEST_STEP][PASSED] - if (actualText != myText): null

25-01-2025T14:50:33 - [TEST_STEP][PASSED] - println(it): null

25-01-2025T14:50:33 - [TEST_STEP][PASSED] - myKey = key: null

25-01-2025T14:50:33 - [TEST_STEP][PASSED] - myText = value.replace(""", ""): null

25-01-2025T14:50:33 - [TEST_STEP][PASSED] - myText = myText.trim(): null

25-01-2025T14:50:33 - [TEST_STEP][PASSED] - actualText = get(myKey).replace(""", ""): null

25-01-2025T14:50:33 - [TEST_STEP][PASSED] - actualText = actualText.trim(): null

25-01-2025T14:50:33 - [TEST_STEP][PASSED] - println(myKey + ":" + actualText): null

25-01-2025T14:50:33 - [TEST_STEP][PASSED] - if (actualText != myText): null

25-01-2025T14:50:33 - [MESSAGE][PASSED] - Call Test Case 'Test Cases/_Functions/Test Tooltips' successfully

25-01-2025T14:50:33 - [TEST_STEP][PASSED] - s = new org.sikuli.script.Screen(): null

25-01-2025T14:50:33 - [TEST_STEP][PASSED] - object = "Object Repository/Education Partner Profile/Register/a_Customer Support": null

25-01-2025T14:50:33 - [TEST_STEP][PASSED] - callTestCase(findTestCase("_Functions/Perform Action"), ["varAction":"click", "varObject":object], STOP_ON_FAILURE): Call Test Case 'Test Cases/_Functions/Perform Action' successfully

25-01-2025T14:50:34 - [TEST_CASE][PASSED] - Test Cases/_Functions/Perform Action: Test Cases/_Functions/Perform Action

25-01-2025T14:50:34 - [TEST_STEP][PASSED] - action = varAction: null

25-01-2025T14:50:34 - [TEST_STEP][PASSED] - println(action): null

25-01-2025T14:50:34 - [TEST_STEP][PASSED] - testObject = varObject: null

25-01-2025T14:50:34 - [TEST_STEP][PASSED] - println(testObject): null

25-01-2025T14:50:34 - [TEST_STEP][PASSED] - parm1 = varParm1: null

25-01-2025T14:50:34 - [TEST_STEP][PASSED] - println(parm1): null

25-01-2025T14:50:34 - [TEST_STEP][PASSED] - println("Converting " + testObject + " to web element"): null

25-01-2025T14:50:34 - [TEST_STEP][PASSED] - element = findWebElement(findTestObject(testObject), 1): null

25-01-2025T14:50:34 - [TEST_STEP][PASSED] - loc = element.getLocation(): null

25-01-2025T14:50:34 - [TEST_STEP][PASSED] - y = loc.getY(): null

25-01-2025T14:50:34 - [TEST_STEP][PASSED] - println("Y location is " + y): null

25-01-2025T14:50:34 - [TEST_STEP][PASSED] - top = getViewportTopPosition(): Current viewport's top (y) position is 707

25-01-2025T14:50:34 - [MESSAGE][PASSED] - Current viewport's top (y) position is 707

25-01-2025T14:50:34 - [TEST_STEP][PASSED] - println("Viewport top is " + top): null

25-01-2025T14:50:34 - [TEST_STEP][PASSED] - bottom = top + 600: null

25-01-2025T14:50:34 - [TEST_STEP][PASSED] - if (y - top < 150 || bottom - y < 10): null

25-01-2025T14:50:34 - [TEST_STEP][PASSED] - if (action == "click"): Object: 'Object Repository/Education Partner Profile/Register/a_Customer Support' is clicked on

25-01-2025T14:50:34 - [TEST_STEP][PASSED] - println("clicking"): null

25-01-2025T14:50:34 - [TEST_STEP][PASSED] - click(findTestObject(testObject)): Object: 'Object Repository/Education Partner Profile/Register/a_Customer Support' is clicked on

25-01-2025T14:50:34 - [MESSAGE][PASSED] - Object: 'Object Repository/Education Partner Profile/Register/a_Customer Support' is clicked on

25-01-2025T14:50:34 - [MESSAGE][PASSED] - Call Test Case 'Test Cases/_Functions/Perform Action' successfully

25-01-2025T14:50:34 - [TEST_STEP][PASSED] - delay(1): Delayed 1 second(s)

25-01-2025T14:50:35 - [MESSAGE][PASSED] - Delayed 1 second(s)

25-01-2025T14:50:35 - [TEST_STEP][PASSED] - robot = new java.awt.Robot(): null

25-01-2025T14:50:35 - [TEST_STEP][PASSED] - myImage = "/Users/cckozie/git/MissionNext-Katalon-Koz/images/education partner/Email Customer Support.png": null

25-01-2025T14:50:35 - [TEST_STEP][PASSED] - f = new java.io.File(myImage): null

25-01-2025T14:50:35 - [TEST_STEP][PASSED] - println(f): null

25-01-2025T14:50:35 - [TEST_STEP][PASSED] - if (f.exists()): null

25-01-2025T14:50:35 - [TEST_STEP][PASSED] - println("Looking for " + myImage): null

25-01-2025T14:50:35 - [TEST_STEP][PASSED] - icn = Pattern(myImage).similar(0.10): null

25-01-2025T14:50:35 - [TEST_STEP][PASSED] - found = s.exists(icn): null

25-01-2025T14:50:35 - [TEST_STEP][PASSED] - println(found): null

25-01-2025T14:50:35 - [TEST_STEP][PASSED] - if (found != null): null

25-01-2025T14:50:35 - [TEST_STEP][PASSED] - foundStr = found.toString(): null

25-01-2025T14:50:35 - [TEST_STEP][PASSED] - matchP = foundStr.indexOf("%"): null

25-01-2025T14:50:35 - [TEST_STEP][PASSED] - println(matchP): null

25-01-2025T14:50:35 - [TEST_STEP][PASSED] - pct = foundStr.substring(matchP + 1, matchP + 6): null

25-01-2025T14:50:35 - [TEST_STEP][PASSED] - outText = "+++ Image match for email to customer support is " + pct + "%": null

25-01-2025T14:50:35 - [TEST_STEP][PASSED] - pctF = pct.toFloat(): null

25-01-2025T14:50:35 - [TEST_STEP][PASSED] - min = 80: null

25-01-2025T14:50:35 - [TEST_STEP][PASSED] - if (pct.toFloat() < min.toFloat()): null

25-01-2025T14:50:35 - [TEST_STEP][PASSED] - println(outText): null

25-01-2025T14:50:35 - [TEST_STEP][PASSED] - outFile.append(outText + "
"): null

25-01-2025T14:50:35 - [TEST_STEP][PASSED] - delay(1): Delayed 1 second(s)

25-01-2025T14:50:36 - [MESSAGE][PASSED] - Delayed 1 second(s)

25-01-2025T14:50:36 - [TEST_STEP][PASSED] - robot.keyPress(VK_META): null

25-01-2025T14:50:36 - [TEST_STEP][PASSED] - robot.keyPress(VK_ESCAPE): null

25-01-2025T14:50:36 - [TEST_STEP][PASSED] - robot.keyRelease(VK_ESCAPE): null

25-01-2025T14:50:36 - [TEST_STEP][PASSED] - robot.keyRelease(VK_META): null

25-01-2025T14:50:36 - [TEST_STEP][PASSED] - delay(1): Delayed 1 second(s)

25-01-2025T14:50:37 - [MESSAGE][PASSED] - Delayed 1 second(s)

25-01-2025T14:50:37 - [TEST_STEP][PASSED] - robot.keyPress(VK_META): null

25-01-2025T14:50:37 - [TEST_STEP][PASSED] - robot.keyPress(VK_Q): null

25-01-2025T14:50:37 - [TEST_STEP][PASSED] - robot.keyRelease(VK_Q): null

25-01-2025T14:50:37 - [TEST_STEP][PASSED] - robot.keyRelease(VK_META): null

25-01-2025T14:50:37 - [TEST_STEP][PASSED] - callTestCase(findTestCase("_Functions/Test External Links"), ["varPageLinks":pageLinks, "varObjectPath":"Object Repository/Education Partner Profile/Register/"], STOP_ON_FAILURE): Call Test Case 'Test Cases/_Functions/Test External Links' successfully

25-01-2025T14:50:37 - [TEST_CASE][PASSED] - Test Cases/_Functions/Test External Links: Test Cases/_Functions/Test External Links

25-01-2025T14:50:37 - [TEST_STEP][PASSED] - outFile = outFile: null

25-01-2025T14:50:37 - [TEST_STEP][PASSED] - pageLinks = varPageLinks: null

25-01-2025T14:50:37 - [TEST_STEP][PASSED] - println(pageLinks): null

25-01-2025T14:50:37 - [TEST_STEP][PASSED] - objectPath = varObjectPath: null

25-01-2025T14:50:37 - [TEST_STEP][PASSED] - println(objectPath): null

25-01-2025T14:50:37 - [TEST_STEP][PASSED] - callingTab = varCallingTab: null

25-01-2025T14:50:37 - [TEST_STEP][PASSED] - println(callingTab): null

25-01-2025T14:50:37 - [TEST_STEP][PASSED] - driver = getWebDriver(): null

25-01-2025T14:50:37 - [TEST_STEP][PASSED] - for (def it : pageLinks): Delayed 1 second(s)

25-01-2025T14:50:37 - [TEST_STEP][PASSED] - myElement = "a_" + key: null

25-01-2025T14:50:37 - [TEST_STEP][PASSED] - myText = value: null

25-01-2025T14:50:37 - [TEST_STEP][PASSED] - object = objectPath + myElement: null

25-01-2025T14:50:37 - [TEST_STEP][PASSED] - println(object): null

25-01-2025T14:50:37 - [TEST_STEP][PASSED] - callTestCase(findTestCase("_Functions/Perform Action"), ["varAction":"click", "varObject":object], STOP_ON_FAILURE): Call Test Case 'Test Cases/_Functions/Perform Action' successfully

25-01-2025T14:50:38 - [TEST_CASE][PASSED] - Test Cases/_Functions/Perform Action: Test Cases/_Functions/Perform Action

25-01-2025T14:50:38 - [TEST_STEP][PASSED] - action = varAction: null

25-01-2025T14:50:38 - [TEST_STEP][PASSED] - println(action): null

25-01-2025T14:50:38 - [TEST_STEP][PASSED] - testObject = varObject: null

25-01-2025T14:50:38 - [TEST_STEP][PASSED] - println(testObject): null

25-01-2025T14:50:38 - [TEST_STEP][PASSED] - parm1 = varParm1: null

25-01-2025T14:50:38 - [TEST_STEP][PASSED] - println(parm1): null

25-01-2025T14:50:38 - [TEST_STEP][PASSED] - println("Converting " + testObject + " to web element"): null

25-01-2025T14:50:38 - [TEST_STEP][PASSED] - element = findWebElement(findTestObject(testObject), 1): null

25-01-2025T14:50:38 - [TEST_STEP][PASSED] - loc = element.getLocation(): null

25-01-2025T14:50:38 - [TEST_STEP][PASSED] - y = loc.getY(): null

25-01-2025T14:50:38 - [TEST_STEP][PASSED] - println("Y location is " + y): null

25-01-2025T14:50:38 - [TEST_STEP][PASSED] - top = getViewportTopPosition(): Current viewport's top (y) position is 707

25-01-2025T14:50:38 - [MESSAGE][PASSED] - Current viewport's top (y) position is 707

25-01-2025T14:50:38 - [TEST_STEP][PASSED] - println("Viewport top is " + top): null

25-01-2025T14:50:38 - [TEST_STEP][PASSED] - bottom = top + 600: null

25-01-2025T14:50:38 - [TEST_STEP][PASSED] - if (y - top < 150 || bottom - y < 10): null

25-01-2025T14:50:38 - [TEST_STEP][PASSED] - if (action == "click"): Object: 'Object Repository/Education Partner Profile/Register/a_Affiliated Organizations' is clicked on

25-01-2025T14:50:38 - [TEST_STEP][PASSED] - println("clicking"): null

25-01-2025T14:50:38 - [TEST_STEP][PASSED] - click(findTestObject(testObject)): Object: 'Object Repository/Education Partner Profile/Register/a_Affiliated Organizations' is clicked on

25-01-2025T14:50:38 - [MESSAGE][PASSED] - Object: 'Object Repository/Education Partner Profile/Register/a_Affiliated Organizations' is clicked on

25-01-2025T14:50:38 - [MESSAGE][PASSED] - Call Test Case 'Test Cases/_Functions/Perform Action' successfully

25-01-2025T14:50:38 - [TEST_STEP][PASSED] - windowHandles = getWindowHandles().toArray(): null

25-01-2025T14:50:38 - [TEST_STEP][PASSED] - windowCount = windowHandles.size(): null

25-01-2025T14:50:38 - [TEST_STEP][PASSED] - if (windowCount == 2): Switched to window with index: '1'

25-01-2025T14:50:38 - [TEST_STEP][PASSED] - switchToWindowIndex(1): Switched to window with index: '1'

25-01-2025T14:50:38 - [MESSAGE][PASSED] - Switched to window with index: '1'

25-01-2025T14:50:38 - [TEST_STEP][PASSED] - waitForPageLoad(10): Wait for page load successfully

25-01-2025T14:50:42 - [MESSAGE][PASSED] - Wait for page load successfully

25-01-2025T14:50:42 - [TEST_STEP][PASSED] - delay(2): Delayed 2 second(s)

25-01-2025T14:50:44 - [MESSAGE][PASSED] - Delayed 2 second(s)

25-01-2025T14:50:44 - [TEST_STEP][PASSED] - textFound = verifyTextPresent(myText, false, OPTIONAL): Text 'Affiliated Organizations' is present on page 

25-01-2025T14:50:44 - [MESSAGE][PASSED] - Text 'Affiliated Organizations' is present on page 

25-01-2025T14:50:44 - [TEST_STEP][PASSED] - if (textFound): null

25-01-2025T14:50:44 - [TEST_STEP][PASSED] - outText = "+++++ The text "" + myText + "" was found after clicking on the " + key + " link": null

25-01-2025T14:50:44 - [TEST_STEP][PASSED] - println(outText): null

25-01-2025T14:50:44 - [TEST_STEP][PASSED] - outFile.append(outText + "
"): null

25-01-2025T14:50:44 - [TEST_STEP][PASSED] - if (windowCount == 2): Delayed 1 second(s)

25-01-2025T14:50:44 - [TEST_STEP][PASSED] - closeWindowIndex(1): Window with index 1 is closed

25-01-2025T14:50:44 - [MESSAGE][PASSED] - Window with index 1 is closed

25-01-2025T14:50:44 - [TEST_STEP][PASSED] - delay(1): Delayed 1 second(s)

25-01-2025T14:50:45 - [MESSAGE][PASSED] - Delayed 1 second(s)

25-01-2025T14:50:45 - [TEST_STEP][PASSED] - switchToWindowIndex(0): Switched to window with index: '0'

25-01-2025T14:50:45 - [MESSAGE][PASSED] - Switched to window with index: '0'

25-01-2025T14:50:45 - [TEST_STEP][PASSED] - delay(1): Delayed 1 second(s)

25-01-2025T14:50:46 - [MESSAGE][PASSED] - Delayed 1 second(s)

25-01-2025T14:50:46 - [TEST_STEP][PASSED] - myElement = "a_" + key: null

25-01-2025T14:50:46 - [TEST_STEP][PASSED] - myText = value: null

25-01-2025T14:50:46 - [TEST_STEP][PASSED] - object = objectPath + myElement: null

25-01-2025T14:50:46 - [TEST_STEP][PASSED] - println(object): null

25-01-2025T14:50:46 - [TEST_STEP][PASSED] - callTestCase(findTestCase("_Functions/Perform Action"), ["varAction":"click", "varObject":object], STOP_ON_FAILURE): Call Test Case 'Test Cases/_Functions/Perform Action' successfully

25-01-2025T14:50:46 - [TEST_CASE][PASSED] - Test Cases/_Functions/Perform Action: Test Cases/_Functions/Perform Action

25-01-2025T14:50:46 - [TEST_STEP][PASSED] - action = varAction: null

25-01-2025T14:50:46 - [TEST_STEP][PASSED] - println(action): null

25-01-2025T14:50:46 - [TEST_STEP][PASSED] - testObject = varObject: null

25-01-2025T14:50:46 - [TEST_STEP][PASSED] - println(testObject): null

25-01-2025T14:50:46 - [TEST_STEP][PASSED] - parm1 = varParm1: null

25-01-2025T14:50:46 - [TEST_STEP][PASSED] - println(parm1): null

25-01-2025T14:50:46 - [TEST_STEP][PASSED] - println("Converting " + testObject + " to web element"): null

25-01-2025T14:50:46 - [TEST_STEP][PASSED] - element = findWebElement(findTestObject(testObject), 1): null

25-01-2025T14:50:46 - [TEST_STEP][PASSED] - loc = element.getLocation(): null

25-01-2025T14:50:46 - [TEST_STEP][PASSED] - y = loc.getY(): null

25-01-2025T14:50:46 - [TEST_STEP][PASSED] - println("Y location is " + y): null

25-01-2025T14:50:46 - [TEST_STEP][PASSED] - top = getViewportTopPosition(): Current viewport's top (y) position is 707

25-01-2025T14:50:46 - [MESSAGE][PASSED] - Current viewport's top (y) position is 707

25-01-2025T14:50:46 - [TEST_STEP][PASSED] - println("Viewport top is " + top): null

25-01-2025T14:50:46 - [TEST_STEP][PASSED] - bottom = top + 600: null

25-01-2025T14:50:46 - [TEST_STEP][PASSED] - if (y - top < 150 || bottom - y < 10): Delayed 1 second(s)

25-01-2025T14:50:46 - [TEST_STEP][PASSED] - scrollToPosition(0, y - 150): Browser is scrolled to position x = 0, y = 659

25-01-2025T14:50:46 - [MESSAGE][PASSED] - Browser is scrolled to position x = 0, y = 659

25-01-2025T14:50:46 - [TEST_STEP][PASSED] - delay(1): Delayed 1 second(s)

25-01-2025T14:50:47 - [MESSAGE][PASSED] - Delayed 1 second(s)

25-01-2025T14:50:47 - [TEST_STEP][PASSED] - if (action == "click"): Object: 'Object Repository/Education Partner Profile/Register/a_countries by region' is clicked on

25-01-2025T14:50:47 - [TEST_STEP][PASSED] - println("clicking"): null

25-01-2025T14:50:47 - [TEST_STEP][PASSED] - click(findTestObject(testObject)): Object: 'Object Repository/Education Partner Profile/Register/a_countries by region' is clicked on

25-01-2025T14:50:47 - [MESSAGE][PASSED] - Object: 'Object Repository/Education Partner Profile/Register/a_countries by region' is clicked on

25-01-2025T14:50:47 - [MESSAGE][PASSED] - Call Test Case 'Test Cases/_Functions/Perform Action' successfully

25-01-2025T14:50:47 - [TEST_STEP][PASSED] - windowHandles = getWindowHandles().toArray(): null

25-01-2025T14:50:47 - [TEST_STEP][PASSED] - windowCount = windowHandles.size(): null

25-01-2025T14:50:47 - [TEST_STEP][PASSED] - if (windowCount == 2): Switched to window with index: '1'

25-01-2025T14:50:47 - [TEST_STEP][PASSED] - switchToWindowIndex(1): Switched to window with index: '1'

25-01-2025T14:50:47 - [MESSAGE][PASSED] - Switched to window with index: '1'

25-01-2025T14:50:47 - [TEST_STEP][PASSED] - waitForPageLoad(10): Wait for page load successfully

25-01-2025T14:50:48 - [MESSAGE][PASSED] - Wait for page load successfully

25-01-2025T14:50:48 - [TEST_STEP][PASSED] - delay(2): Delayed 2 second(s)

25-01-2025T14:50:50 - [MESSAGE][PASSED] - Delayed 2 second(s)

25-01-2025T14:50:50 - [TEST_STEP][PASSED] - textFound = verifyTextPresent(myText, false, OPTIONAL): Text 'Countries by Region' is present on page 

25-01-2025T14:50:50 - [MESSAGE][PASSED] - Text 'Countries by Region' is present on page 

25-01-2025T14:50:50 - [TEST_STEP][PASSED] - if (textFound): null

25-01-2025T14:50:50 - [TEST_STEP][PASSED] - outText = "+++++ The text "" + myText + "" was found after clicking on the " + key + " link": null

25-01-2025T14:50:50 - [TEST_STEP][PASSED] - println(outText): null

25-01-2025T14:50:50 - [TEST_STEP][PASSED] - outFile.append(outText + "
"): null

25-01-2025T14:50:50 - [TEST_STEP][PASSED] - if (windowCount == 2): Delayed 1 second(s)

25-01-2025T14:50:50 - [TEST_STEP][PASSED] - closeWindowIndex(1): Window with index 1 is closed

25-01-2025T14:50:50 - [MESSAGE][PASSED] - Window with index 1 is closed

25-01-2025T14:50:50 - [TEST_STEP][PASSED] - delay(1): Delayed 1 second(s)

25-01-2025T14:50:51 - [MESSAGE][PASSED] - Delayed 1 second(s)

25-01-2025T14:50:51 - [TEST_STEP][PASSED] - switchToWindowIndex(0): Switched to window with index: '0'

25-01-2025T14:50:51 - [MESSAGE][PASSED] - Switched to window with index: '0'

25-01-2025T14:50:51 - [TEST_STEP][PASSED] - delay(1): Delayed 1 second(s)

25-01-2025T14:50:52 - [MESSAGE][PASSED] - Delayed 1 second(s)

25-01-2025T14:50:52 - [TEST_STEP][PASSED] - myElement = "a_" + key: null

25-01-2025T14:50:52 - [TEST_STEP][PASSED] - myText = value: null

25-01-2025T14:50:52 - [TEST_STEP][PASSED] - object = objectPath + myElement: null

25-01-2025T14:50:52 - [TEST_STEP][PASSED] - println(object): null

25-01-2025T14:50:52 - [TEST_STEP][PASSED] - callTestCase(findTestCase("_Functions/Perform Action"), ["varAction":"click", "varObject":object], STOP_ON_FAILURE): Call Test Case 'Test Cases/_Functions/Perform Action' successfully

25-01-2025T14:50:53 - [TEST_CASE][PASSED] - Test Cases/_Functions/Perform Action: Test Cases/_Functions/Perform Action

25-01-2025T14:50:53 - [TEST_STEP][PASSED] - action = varAction: null

25-01-2025T14:50:53 - [TEST_STEP][PASSED] - println(action): null

25-01-2025T14:50:53 - [TEST_STEP][PASSED] - testObject = varObject: null

25-01-2025T14:50:53 - [TEST_STEP][PASSED] - println(testObject): null

25-01-2025T14:50:53 - [TEST_STEP][PASSED] - parm1 = varParm1: null

25-01-2025T14:50:53 - [TEST_STEP][PASSED] - println(parm1): null

25-01-2025T14:50:53 - [TEST_STEP][PASSED] - println("Converting " + testObject + " to web element"): null

25-01-2025T14:50:53 - [TEST_STEP][PASSED] - element = findWebElement(findTestObject(testObject), 1): null

25-01-2025T14:50:53 - [TEST_STEP][PASSED] - loc = element.getLocation(): null

25-01-2025T14:50:53 - [TEST_STEP][PASSED] - y = loc.getY(): null

25-01-2025T14:50:53 - [TEST_STEP][PASSED] - println("Y location is " + y): null

25-01-2025T14:50:53 - [TEST_STEP][PASSED] - top = getViewportTopPosition(): Current viewport's top (y) position is 659

25-01-2025T14:50:53 - [MESSAGE][PASSED] - Current viewport's top (y) position is 659

25-01-2025T14:50:53 - [TEST_STEP][PASSED] - println("Viewport top is " + top): null

25-01-2025T14:50:53 - [TEST_STEP][PASSED] - bottom = top + 600: null

25-01-2025T14:50:53 - [TEST_STEP][PASSED] - if (y - top < 150 || bottom - y < 10): Delayed 1 second(s)

25-01-2025T14:50:53 - [TEST_STEP][PASSED] - scrollToPosition(0, y - 150): Browser is scrolled to position x = 0, y = 1238

25-01-2025T14:50:53 - [MESSAGE][PASSED] - Browser is scrolled to position x = 0, y = 1238

25-01-2025T14:50:53 - [TEST_STEP][PASSED] - delay(1): Delayed 1 second(s)

25-01-2025T14:50:54 - [MESSAGE][PASSED] - Delayed 1 second(s)

25-01-2025T14:50:54 - [TEST_STEP][PASSED] - if (action == "click"): Object: 'Object Repository/Education Partner Profile/Register/a_Partnership Agreement' is clicked on

25-01-2025T14:50:54 - [TEST_STEP][PASSED] - println("clicking"): null

25-01-2025T14:50:54 - [TEST_STEP][PASSED] - click(findTestObject(testObject)): Object: 'Object Repository/Education Partner Profile/Register/a_Partnership Agreement' is clicked on

25-01-2025T14:50:54 - [MESSAGE][PASSED] - Object: 'Object Repository/Education Partner Profile/Register/a_Partnership Agreement' is clicked on

25-01-2025T14:50:54 - [MESSAGE][PASSED] - Call Test Case 'Test Cases/_Functions/Perform Action' successfully

25-01-2025T14:50:54 - [TEST_STEP][PASSED] - windowHandles = getWindowHandles().toArray(): null

25-01-2025T14:50:54 - [TEST_STEP][PASSED] - windowCount = windowHandles.size(): null

25-01-2025T14:50:54 - [TEST_STEP][PASSED] - if (windowCount == 2): Switched to window with index: '1'

25-01-2025T14:50:54 - [TEST_STEP][PASSED] - switchToWindowIndex(1): Switched to window with index: '1'

25-01-2025T14:50:54 - [MESSAGE][PASSED] - Switched to window with index: '1'

25-01-2025T14:50:54 - [TEST_STEP][PASSED] - waitForPageLoad(10): Wait for page load successfully

25-01-2025T14:50:57 - [MESSAGE][PASSED] - Wait for page load successfully

25-01-2025T14:50:57 - [TEST_STEP][PASSED] - delay(2): Delayed 2 second(s)

25-01-2025T14:50:59 - [MESSAGE][PASSED] - Delayed 2 second(s)

25-01-2025T14:50:59 - [TEST_STEP][PASSED] - textFound = verifyTextPresent(myText, false, OPTIONAL): Text 'Partnership Agreement' is present on page 

25-01-2025T14:50:59 - [MESSAGE][PASSED] - Text 'Partnership Agreement' is present on page 

25-01-2025T14:50:59 - [TEST_STEP][PASSED] - if (textFound): null

25-01-2025T14:50:59 - [TEST_STEP][PASSED] - outText = "+++++ The text "" + myText + "" was found after clicking on the " + key + " link": null

25-01-2025T14:50:59 - [TEST_STEP][PASSED] - println(outText): null

25-01-2025T14:50:59 - [TEST_STEP][PASSED] - outFile.append(outText + "
"): null

25-01-2025T14:50:59 - [TEST_STEP][PASSED] - if (windowCount == 2): Delayed 1 second(s)

25-01-2025T14:50:59 - [TEST_STEP][PASSED] - closeWindowIndex(1): Window with index 1 is closed

25-01-2025T14:50:59 - [MESSAGE][PASSED] - Window with index 1 is closed

25-01-2025T14:50:59 - [TEST_STEP][PASSED] - delay(1): Delayed 1 second(s)

25-01-2025T14:51:00 - [MESSAGE][PASSED] - Delayed 1 second(s)

25-01-2025T14:51:00 - [TEST_STEP][PASSED] - switchToWindowIndex(0): Switched to window with index: '0'

25-01-2025T14:51:00 - [MESSAGE][PASSED] - Switched to window with index: '0'

25-01-2025T14:51:00 - [TEST_STEP][PASSED] - delay(1): Delayed 1 second(s)

25-01-2025T14:51:01 - [MESSAGE][PASSED] - Delayed 1 second(s)

25-01-2025T14:51:01 - [TEST_STEP][PASSED] - myElement = "a_" + key: null

25-01-2025T14:51:01 - [TEST_STEP][PASSED] - myText = value: null

25-01-2025T14:51:01 - [TEST_STEP][PASSED] - object = objectPath + myElement: null

25-01-2025T14:51:01 - [TEST_STEP][PASSED] - println(object): null

25-01-2025T14:51:01 - [TEST_STEP][PASSED] - callTestCase(findTestCase("_Functions/Perform Action"), ["varAction":"click", "varObject":object], STOP_ON_FAILURE): Call Test Case 'Test Cases/_Functions/Perform Action' successfully

25-01-2025T14:51:01 - [TEST_CASE][PASSED] - Test Cases/_Functions/Perform Action: Test Cases/_Functions/Perform Action

25-01-2025T14:51:01 - [TEST_STEP][PASSED] - action = varAction: null

25-01-2025T14:51:01 - [TEST_STEP][PASSED] - println(action): null

25-01-2025T14:51:01 - [TEST_STEP][PASSED] - testObject = varObject: null

25-01-2025T14:51:01 - [TEST_STEP][PASSED] - println(testObject): null

25-01-2025T14:51:01 - [TEST_STEP][PASSED] - parm1 = varParm1: null

25-01-2025T14:51:01 - [TEST_STEP][PASSED] - println(parm1): null

25-01-2025T14:51:01 - [TEST_STEP][PASSED] - println("Converting " + testObject + " to web element"): null

25-01-2025T14:51:01 - [TEST_STEP][PASSED] - element = findWebElement(findTestObject(testObject), 1): null

25-01-2025T14:51:01 - [TEST_STEP][PASSED] - loc = element.getLocation(): null

25-01-2025T14:51:01 - [TEST_STEP][PASSED] - y = loc.getY(): null

25-01-2025T14:51:01 - [TEST_STEP][PASSED] - println("Y location is " + y): null

25-01-2025T14:51:01 - [TEST_STEP][PASSED] - top = getViewportTopPosition(): Current viewport's top (y) position is 983

25-01-2025T14:51:01 - [MESSAGE][PASSED] - Current viewport's top (y) position is 983

25-01-2025T14:51:01 - [TEST_STEP][PASSED] - println("Viewport top is " + top): null

25-01-2025T14:51:01 - [TEST_STEP][PASSED] - bottom = top + 600: null

25-01-2025T14:51:01 - [TEST_STEP][PASSED] - if (y - top < 150 || bottom - y < 10): null

25-01-2025T14:51:01 - [TEST_STEP][PASSED] - if (action == "click"): Object: 'Object Repository/Education Partner Profile/Register/a_Privacy Policy' is clicked on

25-01-2025T14:51:01 - [TEST_STEP][PASSED] - println("clicking"): null

25-01-2025T14:51:01 - [TEST_STEP][PASSED] - click(findTestObject(testObject)): Object: 'Object Repository/Education Partner Profile/Register/a_Privacy Policy' is clicked on

25-01-2025T14:51:01 - [MESSAGE][PASSED] - Object: 'Object Repository/Education Partner Profile/Register/a_Privacy Policy' is clicked on

25-01-2025T14:51:01 - [MESSAGE][PASSED] - Call Test Case 'Test Cases/_Functions/Perform Action' successfully

25-01-2025T14:51:01 - [TEST_STEP][PASSED] - windowHandles = getWindowHandles().toArray(): null

25-01-2025T14:51:01 - [TEST_STEP][PASSED] - windowCount = windowHandles.size(): null

25-01-2025T14:51:01 - [TEST_STEP][PASSED] - if (windowCount == 2): Switched to window with index: '1'

25-01-2025T14:51:01 - [TEST_STEP][PASSED] - switchToWindowIndex(1): Switched to window with index: '1'

25-01-2025T14:51:01 - [MESSAGE][PASSED] - Switched to window with index: '1'

25-01-2025T14:51:01 - [TEST_STEP][PASSED] - waitForPageLoad(10): Wait for page load successfully

25-01-2025T14:51:03 - [MESSAGE][PASSED] - Wait for page load successfully

25-01-2025T14:51:03 - [TEST_STEP][PASSED] - delay(2): Delayed 2 second(s)

25-01-2025T14:51:05 - [MESSAGE][PASSED] - Delayed 2 second(s)

25-01-2025T14:51:05 - [TEST_STEP][PASSED] - textFound = verifyTextPresent(myText, false, OPTIONAL): Text 'Privacy Policy' is present on page 

25-01-2025T14:51:05 - [MESSAGE][PASSED] - Text 'Privacy Policy' is present on page 

25-01-2025T14:51:05 - [TEST_STEP][PASSED] - if (textFound): null

25-01-2025T14:51:05 - [TEST_STEP][PASSED] - outText = "+++++ The text "" + myText + "" was found after clicking on the " + key + " link": null

25-01-2025T14:51:05 - [TEST_STEP][PASSED] - println(outText): null

25-01-2025T14:51:05 - [TEST_STEP][PASSED] - outFile.append(outText + "
"): null

25-01-2025T14:51:05 - [TEST_STEP][PASSED] - if (windowCount == 2): Delayed 1 second(s)

25-01-2025T14:51:05 - [TEST_STEP][PASSED] - closeWindowIndex(1): Window with index 1 is closed

25-01-2025T14:51:05 - [MESSAGE][PASSED] - Window with index 1 is closed

25-01-2025T14:51:05 - [TEST_STEP][PASSED] - delay(1): Delayed 1 second(s)

25-01-2025T14:51:06 - [MESSAGE][PASSED] - Delayed 1 second(s)

25-01-2025T14:51:06 - [TEST_STEP][PASSED] - switchToWindowIndex(0): Switched to window with index: '0'

25-01-2025T14:51:06 - [MESSAGE][PASSED] - Switched to window with index: '0'

25-01-2025T14:51:06 - [TEST_STEP][PASSED] - delay(1): Delayed 1 second(s)

25-01-2025T14:51:07 - [MESSAGE][PASSED] - Delayed 1 second(s)

25-01-2025T14:51:07 - [TEST_STEP][PASSED] - myElement = "a_" + key: null

25-01-2025T14:51:07 - [TEST_STEP][PASSED] - myText = value: null

25-01-2025T14:51:07 - [TEST_STEP][PASSED] - object = objectPath + myElement: null

25-01-2025T14:51:07 - [TEST_STEP][PASSED] - println(object): null

25-01-2025T14:51:07 - [TEST_STEP][PASSED] - callTestCase(findTestCase("_Functions/Perform Action"), ["varAction":"click", "varObject":object], STOP_ON_FAILURE): Call Test Case 'Test Cases/_Functions/Perform Action' successfully

25-01-2025T14:51:07 - [TEST_CASE][PASSED] - Test Cases/_Functions/Perform Action: Test Cases/_Functions/Perform Action

25-01-2025T14:51:07 - [TEST_STEP][PASSED] - action = varAction: null

25-01-2025T14:51:07 - [TEST_STEP][PASSED] - println(action): null

25-01-2025T14:51:07 - [TEST_STEP][PASSED] - testObject = varObject: null

25-01-2025T14:51:07 - [TEST_STEP][PASSED] - println(testObject): null

25-01-2025T14:51:07 - [TEST_STEP][PASSED] - parm1 = varParm1: null

25-01-2025T14:51:07 - [TEST_STEP][PASSED] - println(parm1): null

25-01-2025T14:51:07 - [TEST_STEP][PASSED] - println("Converting " + testObject + " to web element"): null

25-01-2025T14:51:07 - [TEST_STEP][PASSED] - element = findWebElement(findTestObject(testObject), 1): null

25-01-2025T14:51:07 - [TEST_STEP][PASSED] - loc = element.getLocation(): null

25-01-2025T14:51:07 - [TEST_STEP][PASSED] - y = loc.getY(): null

25-01-2025T14:51:07 - [TEST_STEP][PASSED] - println("Y location is " + y): null

25-01-2025T14:51:07 - [TEST_STEP][PASSED] - top = getViewportTopPosition(): Current viewport's top (y) position is 983

25-01-2025T14:51:07 - [MESSAGE][PASSED] - Current viewport's top (y) position is 983

25-01-2025T14:51:07 - [TEST_STEP][PASSED] - println("Viewport top is " + top): null

25-01-2025T14:51:07 - [TEST_STEP][PASSED] - bottom = top + 600: null

25-01-2025T14:51:07 - [TEST_STEP][PASSED] - if (y - top < 150 || bottom - y < 10): null

25-01-2025T14:51:07 - [TEST_STEP][PASSED] - if (action == "click"): Object: 'Object Repository/Education Partner Profile/Register/a_School Qualifications' is clicked on

25-01-2025T14:51:07 - [TEST_STEP][PASSED] - println("clicking"): null

25-01-2025T14:51:07 - [TEST_STEP][PASSED] - click(findTestObject(testObject)): Object: 'Object Repository/Education Partner Profile/Register/a_School Qualifications' is clicked on

25-01-2025T14:51:07 - [MESSAGE][PASSED] - Object: 'Object Repository/Education Partner Profile/Register/a_School Qualifications' is clicked on

25-01-2025T14:51:07 - [MESSAGE][PASSED] - Call Test Case 'Test Cases/_Functions/Perform Action' successfully

25-01-2025T14:51:07 - [TEST_STEP][PASSED] - windowHandles = getWindowHandles().toArray(): null

25-01-2025T14:51:07 - [TEST_STEP][PASSED] - windowCount = windowHandles.size(): null

25-01-2025T14:51:07 - [TEST_STEP][PASSED] - if (windowCount == 2): Switched to window with index: '1'

25-01-2025T14:51:07 - [TEST_STEP][PASSED] - switchToWindowIndex(1): Switched to window with index: '1'

25-01-2025T14:51:07 - [MESSAGE][PASSED] - Switched to window with index: '1'

25-01-2025T14:51:07 - [TEST_STEP][PASSED] - waitForPageLoad(10): Wait for page load successfully

25-01-2025T14:51:09 - [MESSAGE][PASSED] - Wait for page load successfully

25-01-2025T14:51:09 - [TEST_STEP][PASSED] - delay(2): Delayed 2 second(s)

25-01-2025T14:51:11 - [MESSAGE][PASSED] - Delayed 2 second(s)

25-01-2025T14:51:11 - [TEST_STEP][PASSED] - textFound = verifyTextPresent(myText, false, OPTIONAL): Text 'SCHOOL QUALIFICATIONS' is present on page 

25-01-2025T14:51:11 - [MESSAGE][PASSED] - Text 'SCHOOL QUALIFICATIONS' is present on page 

25-01-2025T14:51:11 - [TEST_STEP][PASSED] - if (textFound): null

25-01-2025T14:51:11 - [TEST_STEP][PASSED] - outText = "+++++ The text "" + myText + "" was found after clicking on the " + key + " link": null

25-01-2025T14:51:11 - [TEST_STEP][PASSED] - println(outText): null

25-01-2025T14:51:11 - [TEST_STEP][PASSED] - outFile.append(outText + "
"): null

25-01-2025T14:51:11 - [TEST_STEP][PASSED] - if (windowCount == 2): Delayed 1 second(s)

25-01-2025T14:51:11 - [TEST_STEP][PASSED] - closeWindowIndex(1): Window with index 1 is closed

25-01-2025T14:51:11 - [MESSAGE][PASSED] - Window with index 1 is closed

25-01-2025T14:51:11 - [TEST_STEP][PASSED] - delay(1): Delayed 1 second(s)

25-01-2025T14:51:12 - [MESSAGE][PASSED] - Delayed 1 second(s)

25-01-2025T14:51:12 - [TEST_STEP][PASSED] - switchToWindowIndex(0): Switched to window with index: '0'

25-01-2025T14:51:12 - [MESSAGE][PASSED] - Switched to window with index: '0'

25-01-2025T14:51:12 - [TEST_STEP][PASSED] - delay(1): Delayed 1 second(s)

25-01-2025T14:51:13 - [MESSAGE][PASSED] - Delayed 1 second(s)

25-01-2025T14:51:13 - [TEST_STEP][PASSED] - myElement = "a_" + key: null

25-01-2025T14:51:13 - [TEST_STEP][PASSED] - myText = value: null

25-01-2025T14:51:13 - [TEST_STEP][PASSED] - object = objectPath + myElement: null

25-01-2025T14:51:13 - [TEST_STEP][PASSED] - println(object): null

25-01-2025T14:51:13 - [TEST_STEP][PASSED] - callTestCase(findTestCase("_Functions/Perform Action"), ["varAction":"click", "varObject":object], STOP_ON_FAILURE): Call Test Case 'Test Cases/_Functions/Perform Action' successfully

25-01-2025T14:51:13 - [TEST_CASE][PASSED] - Test Cases/_Functions/Perform Action: Test Cases/_Functions/Perform Action

25-01-2025T14:51:13 - [TEST_STEP][PASSED] - action = varAction: null

25-01-2025T14:51:13 - [TEST_STEP][PASSED] - println(action): null

25-01-2025T14:51:13 - [TEST_STEP][PASSED] - testObject = varObject: null

25-01-2025T14:51:13 - [TEST_STEP][PASSED] - println(testObject): null

25-01-2025T14:51:13 - [TEST_STEP][PASSED] - parm1 = varParm1: null

25-01-2025T14:51:13 - [TEST_STEP][PASSED] - println(parm1): null

25-01-2025T14:51:13 - [TEST_STEP][PASSED] - println("Converting " + testObject + " to web element"): null

25-01-2025T14:51:13 - [TEST_STEP][PASSED] - element = findWebElement(findTestObject(testObject), 1): null

25-01-2025T14:51:13 - [TEST_STEP][PASSED] - loc = element.getLocation(): null

25-01-2025T14:51:13 - [TEST_STEP][PASSED] - y = loc.getY(): null

25-01-2025T14:51:13 - [TEST_STEP][PASSED] - println("Y location is " + y): null

25-01-2025T14:51:13 - [TEST_STEP][PASSED] - top = getViewportTopPosition(): Current viewport's top (y) position is 983

25-01-2025T14:51:13 - [MESSAGE][PASSED] - Current viewport's top (y) position is 983

25-01-2025T14:51:13 - [TEST_STEP][PASSED] - println("Viewport top is " + top): null

25-01-2025T14:51:13 - [TEST_STEP][PASSED] - bottom = top + 600: null

25-01-2025T14:51:13 - [TEST_STEP][PASSED] - if (y - top < 150 || bottom - y < 10): null

25-01-2025T14:51:13 - [TEST_STEP][PASSED] - if (action == "click"): Object: 'Object Repository/Education Partner Profile/Register/a_Terms and Conditions' is clicked on

25-01-2025T14:51:13 - [TEST_STEP][PASSED] - println("clicking"): null

25-01-2025T14:51:13 - [TEST_STEP][PASSED] - click(findTestObject(testObject)): Object: 'Object Repository/Education Partner Profile/Register/a_Terms and Conditions' is clicked on

25-01-2025T14:51:13 - [MESSAGE][PASSED] - Object: 'Object Repository/Education Partner Profile/Register/a_Terms and Conditions' is clicked on

25-01-2025T14:51:13 - [MESSAGE][PASSED] - Call Test Case 'Test Cases/_Functions/Perform Action' successfully

25-01-2025T14:51:13 - [TEST_STEP][PASSED] - windowHandles = getWindowHandles().toArray(): null

25-01-2025T14:51:13 - [TEST_STEP][PASSED] - windowCount = windowHandles.size(): null

25-01-2025T14:51:13 - [TEST_STEP][PASSED] - if (windowCount == 2): Switched to window with index: '1'

25-01-2025T14:51:13 - [TEST_STEP][PASSED] - switchToWindowIndex(1): Switched to window with index: '1'

25-01-2025T14:51:13 - [MESSAGE][PASSED] - Switched to window with index: '1'

25-01-2025T14:51:13 - [TEST_STEP][PASSED] - waitForPageLoad(10): Wait for page load successfully

25-01-2025T14:51:14 - [MESSAGE][PASSED] - Wait for page load successfully

25-01-2025T14:51:14 - [TEST_STEP][PASSED] - delay(2): Delayed 2 second(s)

25-01-2025T14:51:16 - [MESSAGE][PASSED] - Delayed 2 second(s)

25-01-2025T14:51:16 - [TEST_STEP][PASSED] - textFound = verifyTextPresent(myText, false, OPTIONAL): Text 'Terms and Conditions' is present on page 

25-01-2025T14:51:16 - [MESSAGE][PASSED] - Text 'Terms and Conditions' is present on page 

25-01-2025T14:51:16 - [TEST_STEP][PASSED] - if (textFound): null

25-01-2025T14:51:16 - [TEST_STEP][PASSED] - outText = "+++++ The text "" + myText + "" was found after clicking on the " + key + " link": null

25-01-2025T14:51:16 - [TEST_STEP][PASSED] - println(outText): null

25-01-2025T14:51:16 - [TEST_STEP][PASSED] - outFile.append(outText + "
"): null

25-01-2025T14:51:16 - [TEST_STEP][PASSED] - if (windowCount == 2): Delayed 1 second(s)

25-01-2025T14:51:16 - [TEST_STEP][PASSED] - closeWindowIndex(1): Window with index 1 is closed

25-01-2025T14:51:16 - [MESSAGE][PASSED] - Window with index 1 is closed

25-01-2025T14:51:16 - [TEST_STEP][PASSED] - delay(1): Delayed 1 second(s)

25-01-2025T14:51:17 - [MESSAGE][PASSED] - Delayed 1 second(s)

25-01-2025T14:51:17 - [TEST_STEP][PASSED] - switchToWindowIndex(0): Switched to window with index: '0'

25-01-2025T14:51:17 - [MESSAGE][PASSED] - Switched to window with index: '0'

25-01-2025T14:51:17 - [TEST_STEP][PASSED] - delay(1): Delayed 1 second(s)

25-01-2025T14:51:18 - [MESSAGE][PASSED] - Delayed 1 second(s)

25-01-2025T14:51:18 - [MESSAGE][PASSED] - Call Test Case 'Test Cases/_Functions/Test External Links' successfully

25-01-2025T14:51:18 - [TEST_STEP][PASSED] - object = "Education Partner Profile/Register/button_Sign up": null

25-01-2025T14:51:18 - [TEST_STEP][PASSED] - callTestCase(findTestCase("_Functions/Perform Action"), ["varAction":"click", "varObject":object], STOP_ON_FAILURE): Call Test Case 'Test Cases/_Functions/Perform Action' successfully

25-01-2025T14:51:18 - [TEST_CASE][PASSED] - Test Cases/_Functions/Perform Action: Test Cases/_Functions/Perform Action

25-01-2025T14:51:18 - [TEST_STEP][PASSED] - action = varAction: null

25-01-2025T14:51:18 - [TEST_STEP][PASSED] - println(action): null

25-01-2025T14:51:18 - [TEST_STEP][PASSED] - testObject = varObject: null

25-01-2025T14:51:18 - [TEST_STEP][PASSED] - println(testObject): null

25-01-2025T14:51:18 - [TEST_STEP][PASSED] - parm1 = varParm1: null

25-01-2025T14:51:18 - [TEST_STEP][PASSED] - println(parm1): null

25-01-2025T14:51:18 - [TEST_STEP][PASSED] - println("Converting " + testObject + " to web element"): null

25-01-2025T14:51:18 - [TEST_STEP][PASSED] - element = findWebElement(findTestObject(testObject), 1): null

25-01-2025T14:51:18 - [TEST_STEP][PASSED] - loc = element.getLocation(): null

25-01-2025T14:51:18 - [TEST_STEP][PASSED] - y = loc.getY(): null

25-01-2025T14:51:18 - [TEST_STEP][PASSED] - println("Y location is " + y): null

25-01-2025T14:51:18 - [TEST_STEP][PASSED] - top = getViewportTopPosition(): Current viewport's top (y) position is 983

25-01-2025T14:51:18 - [MESSAGE][PASSED] - Current viewport's top (y) position is 983

25-01-2025T14:51:18 - [TEST_STEP][PASSED] - println("Viewport top is " + top): null

25-01-2025T14:51:18 - [TEST_STEP][PASSED] - bottom = top + 600: null

25-01-2025T14:51:18 - [TEST_STEP][PASSED] - if (y - top < 150 || bottom - y < 10): null

25-01-2025T14:51:18 - [TEST_STEP][PASSED] - if (action == "click"): Object: 'Object Repository/Education Partner Profile/Register/button_Sign up' is clicked on

25-01-2025T14:51:18 - [TEST_STEP][PASSED] - println("clicking"): null

25-01-2025T14:51:18 - [TEST_STEP][PASSED] - click(findTestObject(testObject)): Object: 'Object Repository/Education Partner Profile/Register/button_Sign up' is clicked on

25-01-2025T14:51:21 - [MESSAGE][PASSED] - Object: 'Object Repository/Education Partner Profile/Register/button_Sign up' is clicked on

25-01-2025T14:51:21 - [MESSAGE][PASSED] - Call Test Case 'Test Cases/_Functions/Perform Action' successfully

25-01-2025T14:51:21 - [TEST_STEP][PASSED] - fieldList = ["Username", "Password", "Key Contact Email"]: null

25-01-2025T14:51:21 - [TEST_STEP][PASSED] - outText = "Verifying the field messages for " + fieldList + ".
": null

25-01-2025T14:51:21 - [TEST_STEP][PASSED] - outFile.append(outText): null

25-01-2025T14:51:21 - [TEST_STEP][PASSED] - callTestCase(findTestCase("_Functions/Test Field Error Messages"), ["varFieldList":fieldList, "varRequiredFieldMsgs":requiredFieldMsgs], STOP_ON_FAILURE): Call Test Case 'Test Cases/_Functions/Test Field Error Messages' successfully

25-01-2025T14:51:22 - [TEST_CASE][PASSED] - Test Cases/_Functions/Test Field Error Messages: Test Cases/_Functions/Test Field Error Messages

25-01-2025T14:51:22 - [TEST_STEP][PASSED] - count = callTestCase(findTestCase("_Functions/Find error messages"), ["varFunction":"count"], STOP_ON_FAILURE): Call Test Case 'Test Cases/_Functions/Find error messages' successfully

25-01-2025T14:51:22 - [TEST_CASE][PASSED] - Test Cases/_Functions/Find error messages: Test Cases/_Functions/Find error messages

25-01-2025T14:51:22 - [TEST_STEP][PASSED] - function = "count": null

25-01-2025T14:51:22 - [TEST_STEP][PASSED] - if (binding.hasVariable("varFunction")): null

25-01-2025T14:51:22 - [TEST_STEP][PASSED] - function = varFunction: null

25-01-2025T14:51:22 - [TEST_STEP][PASSED] - title = getWindowTitle(): Current window's title is: 'Education'

25-01-2025T14:51:22 - [MESSAGE][PASSED] - Current window's title is: 'Education'

25-01-2025T14:51:22 - [TEST_STEP][PASSED] - println("Page title is " + title): null

25-01-2025T14:51:22 - [TEST_STEP][PASSED] - driver = getWebDriver(): null

25-01-2025T14:51:22 - [TEST_STEP][PASSED] - elements = driver.findElements(By.xpath("//div[@class='col-sm-offset-3 col-sm-9 text-danger']")): null

25-01-2025T14:51:22 - [TEST_STEP][PASSED] - if (function == "count"): null

25-01-2025T14:51:22 - [TEST_STEP][PASSED] - return elements.size(): null

25-01-2025T14:51:22 - [MESSAGE][PASSED] - Call Test Case 'Test Cases/_Functions/Find error messages' successfully

25-01-2025T14:51:22 - [TEST_STEP][PASSED] - outFile = outFile: null

25-01-2025T14:51:22 - [TEST_STEP][PASSED] - if (count == 0): null

25-01-2025T14:51:22 - [TEST_STEP][PASSED] - else: Delayed 0 second(s)

25-01-2025T14:51:22 - [TEST_STEP][PASSED] - fieldList = varFieldList: null

25-01-2025T14:51:22 - [TEST_STEP][PASSED] - requiredFieldMsgs = varRequiredFieldMsgs: null

25-01-2025T14:51:22 - [TEST_STEP][PASSED] - outText = "Verifying error messages for fields " + fieldList: null

25-01-2025T14:51:22 - [TEST_STEP][PASSED] - for (def field : fieldList): null

25-01-2025T14:51:22 - [TEST_STEP][PASSED] - errorMsg = requiredFieldMsgs.get(field): null

25-01-2025T14:51:22 - [TEST_STEP][PASSED] - msg = verifyTextPresent(errorMsg, false, OPTIONAL): Text 'Username must be unique; at least 6 characters; contain only lowercase letters; allowable characters: numbers, @, dash, underscore or period, and can be an email address.' is not present on page  (Root cause: com.kms.katalon.core.exception.StepFailedException: Text 'Username must be unique; at least 6 characters; contain only lowercase letters; allowable characters: numbers, @, dash, underscore or period, and can be an email address.' is not present on page 
	at com.kms.katalon.core.webui.keyword.internal.WebUIKeywordMain.stepFailed(WebUIKeywordMain.groovy:117)
	at com.kms.katalon.core.webui.keyword.builtin.VerifyTextPresentKeyword$_verifyTextPresent_closure1.doCall(VerifyTextPresentKeyword.groovy:79)
	at com.kms.katalon.core.webui.keyword.builtin.VerifyTextPresentKeyword$_verifyTextPresent_closure1.call(VerifyTextPresentKeyword.groovy)
	at com.kms.katalon.core.webui.keyword.internal.WebUIKeywordMain.runKeyword(WebUIKeywordMain.groovy:35)
	at com.kms.katalon.core.webui.keyword.builtin.VerifyTextPresentKeyword.verifyTextPresent(VerifyTextPresentKeyword.groovy:83)
	at com.kms.katalon.core.webui.keyword.builtin.VerifyTextPresentKeyword.execute(VerifyTextPresentKeyword.groovy:68)
	at com.kms.katalon.core.keyword.internal.KeywordExecutor.executeKeywordForPlatform(KeywordExecutor.groovy:74)
	at com.kms.katalon.core.webui.keyword.WebUiBuiltInKeywords.verifyTextPresent(WebUiBuiltInKeywords.groovy:1746)
	at Test Field Error Messages.run(Test Field Error Messages:40)
	at com.kms.katalon.core.main.ScriptEngine.run(ScriptEngine.java:194)
	at com.kms.katalon.core.main.ScriptEngine.runScriptAsRawText(ScriptEngine.java:119)
	at com.kms.katalon.core.main.TestCaseExecutor.runScript(TestCaseExecutor.java:448)
	at com.kms.katalon.core.main.TestCaseExecutor.doExecute(TestCaseExecutor.java:439)
	at com.kms.katalon.core.main.TestCaseExecutor.processExecutionPhase(TestCaseExecutor.java:418)
	at com.kms.katalon.core.main.TestCaseExecutor.accessMainPhase(TestCaseExecutor.java:410)
	at com.kms.katalon.core.main.TestCaseExecutor.execute(TestCaseExecutor.java:285)
	at com.kms.katalon.core.main.TestCaseMain.runTestCase(TestCaseMain.java:137)
	at com.kms.katalon.core.keyword.builtin.CallTestCaseKeyword$_callTestCase_closure1.doCall(CallTestCaseKeyword.groovy:59)
	at com.kms.katalon.core.keyword.builtin.CallTestCaseKeyword$_callTestCase_closure1.call(CallTestCaseKeyword.groovy)
	at com.kms.katalon.core.keyword.internal.KeywordMain.runKeyword(KeywordMain.groovy:75)
	at com.kms.katalon.core.keyword.builtin.CallTestCaseKeyword.callTestCase(CallTestCaseKeyword.groovy:81)
	at com.kms.katalon.core.keyword.builtin.CallTestCaseKeyword.execute(CallTestCaseKeyword.groovy:44)
	at com.kms.katalon.core.keyword.internal.KeywordExecutor.executeKeywordForPlatform(KeywordExecutor.groovy:74)
	at com.kms.katalon.core.keyword.BuiltinKeywords.callTestCase(BuiltinKeywords.groovy:310)
	at java.base/jdk.internal.reflect.NativeMethodAccessorImpl.invoke0(Native Method)
	at java.base/jdk.internal.reflect.NativeMethodAccessorImpl.invoke(NativeMethodAccessorImpl.java:77)
	at java.base/jdk.internal.reflect.DelegatingMethodAccessorImpl.invoke(DelegatingMethodAccessorImpl.java:43)
	at Register Education Partner.run(Register Education Partner:235)
	at com.kms.katalon.core.main.ScriptEngine.run(ScriptEngine.java:194)
	at com.kms.katalon.core.main.ScriptEngine.runScriptAsRawText(ScriptEngine.java:119)
	at com.kms.katalon.core.main.TestCaseExecutor.runScript(TestCaseExecutor.java:448)
	at com.kms.katalon.core.main.TestCaseExecutor.doExecute(TestCaseExecutor.java:439)
	at com.kms.katalon.core.main.TestCaseExecutor.processExecutionPhase(TestCaseExecutor.java:418)
	at com.kms.katalon.core.main.TestCaseExecutor.accessMainPhase(TestCaseExecutor.java:410)
	at com.kms.katalon.core.main.TestCaseExecutor.execute(TestCaseExecutor.java:285)
	at com.kms.katalon.core.common.CommonExecutor.accessTestCaseMainPhase(CommonExecutor.java:65)
	at com.kms.katalon.core.main.TestSuiteExecutor.accessTestSuiteMainPhase(TestSuiteExecutor.java:150)
	at com.kms.katalon.core.main.TestSuiteExecutor.execute(TestSuiteExecutor.java:106)
	at com.kms.katalon.core.main.TestCaseMain.startTestSuite(TestCaseMain.java:180)
	at TempTestSuite1737837877881.run(TempTestSuite1737837877881.groovy:35)
	at java.base/jdk.internal.reflect.NativeMethodAccessorImpl.invoke0(Native Method)
	at java.base/jdk.internal.reflect.NativeMethodAccessorImpl.invoke(NativeMethodAccessorImpl.java:77)
	at java.base/jdk.internal.reflect.DelegatingMethodAccessorImpl.invoke(DelegatingMethodAccessorImpl.java:43)
)

25-01-2025T14:51:22 - [MESSAGE][WARNING] - Text 'Username must be unique; at least 6 characters; contain only lowercase letters; allowable characters: numbers, @, dash, underscore or period, and can be an email address.' is not present on page  (Root cause: com.kms.katalon.core.exception.StepFailedException: Text 'Username must be unique; at least 6 characters; contain only lowercase letters; allowable characters: numbers, @, dash, underscore or period, and can be an email address.' is not present on page 
	at com.kms.katalon.core.webui.keyword.internal.WebUIKeywordMain.stepFailed(WebUIKeywordMain.groovy:117)
	at com.kms.katalon.core.webui.keyword.builtin.VerifyTextPresentKeyword$_verifyTextPresent_closure1.doCall(VerifyTextPresentKeyword.groovy:79)
	at com.kms.katalon.core.webui.keyword.builtin.VerifyTextPresentKeyword$_verifyTextPresent_closure1.call(VerifyTextPresentKeyword.groovy)
	at com.kms.katalon.core.webui.keyword.internal.WebUIKeywordMain.runKeyword(WebUIKeywordMain.groovy:35)
	at com.kms.katalon.core.webui.keyword.builtin.VerifyTextPresentKeyword.verifyTextPresent(VerifyTextPresentKeyword.groovy:83)
	at com.kms.katalon.core.webui.keyword.builtin.VerifyTextPresentKeyword.execute(VerifyTextPresentKeyword.groovy:68)
	at com.kms.katalon.core.keyword.internal.KeywordExecutor.executeKeywordForPlatform(KeywordExecutor.groovy:74)
	at com.kms.katalon.core.webui.keyword.WebUiBuiltInKeywords.verifyTextPresent(WebUiBuiltInKeywords.groovy:1746)
	at Test Field Error Messages.run(Test Field Error Messages:40)
	at com.kms.katalon.core.main.ScriptEngine.run(ScriptEngine.java:194)
	at com.kms.katalon.core.main.ScriptEngine.runScriptAsRawText(ScriptEngine.java:119)
	at com.kms.katalon.core.main.TestCaseExecutor.runScript(TestCaseExecutor.java:448)
	at com.kms.katalon.core.main.TestCaseExecutor.doExecute(TestCaseExecutor.java:439)
	at com.kms.katalon.core.main.TestCaseExecutor.processExecutionPhase(TestCaseExecutor.java:418)
	at com.kms.katalon.core.main.TestCaseExecutor.accessMainPhase(TestCaseExecutor.java:410)
	at com.kms.katalon.core.main.TestCaseExecutor.execute(TestCaseExecutor.java:285)
	at com.kms.katalon.core.main.TestCaseMain.runTestCase(TestCaseMain.java:137)
	at com.kms.katalon.core.keyword.builtin.CallTestCaseKeyword$_callTestCase_closure1.doCall(CallTestCaseKeyword.groovy:59)
	at com.kms.katalon.core.keyword.builtin.CallTestCaseKeyword$_callTestCase_closure1.call(CallTestCaseKeyword.groovy)
	at com.kms.katalon.core.keyword.internal.KeywordMain.runKeyword(KeywordMain.groovy:75)
	at com.kms.katalon.core.keyword.builtin.CallTestCaseKeyword.callTestCase(CallTestCaseKeyword.groovy:81)
	at com.kms.katalon.core.keyword.builtin.CallTestCaseKeyword.execute(CallTestCaseKeyword.groovy:44)
	at com.kms.katalon.core.keyword.internal.KeywordExecutor.executeKeywordForPlatform(KeywordExecutor.groovy:74)
	at com.kms.katalon.core.keyword.BuiltinKeywords.callTestCase(BuiltinKeywords.groovy:310)
	at java.base/jdk.internal.reflect.NativeMethodAccessorImpl.invoke0(Native Method)
	at java.base/jdk.internal.reflect.NativeMethodAccessorImpl.invoke(NativeMethodAccessorImpl.java:77)
	at java.base/jdk.internal.reflect.DelegatingMethodAccessorImpl.invoke(DelegatingMethodAccessorImpl.java:43)
	at Register Education Partner.run(Register Education Partner:235)
	at com.kms.katalon.core.main.ScriptEngine.run(ScriptEngine.java:194)
	at com.kms.katalon.core.main.ScriptEngine.runScriptAsRawText(ScriptEngine.java:119)
	at com.kms.katalon.core.main.TestCaseExecutor.runScript(TestCaseExecutor.java:448)
	at com.kms.katalon.core.main.TestCaseExecutor.doExecute(TestCaseExecutor.java:439)
	at com.kms.katalon.core.main.TestCaseExecutor.processExecutionPhase(TestCaseExecutor.java:418)
	at com.kms.katalon.core.main.TestCaseExecutor.accessMainPhase(TestCaseExecutor.java:410)
	at com.kms.katalon.core.main.TestCaseExecutor.execute(TestCaseExecutor.java:285)
	at com.kms.katalon.core.common.CommonExecutor.accessTestCaseMainPhase(CommonExecutor.java:65)
	at com.kms.katalon.core.main.TestSuiteExecutor.accessTestSuiteMainPhase(TestSuiteExecutor.java:150)
	at com.kms.katalon.core.main.TestSuiteExecutor.execute(TestSuiteExecutor.java:106)
	at com.kms.katalon.core.main.TestCaseMain.startTestSuite(TestCaseMain.java:180)
	at TempTestSuite1737837877881.run(TempTestSuite1737837877881.groovy:35)
	at java.base/jdk.internal.reflect.NativeMethodAccessorImpl.invoke0(Native Method)
	at java.base/jdk.internal.reflect.NativeMethodAccessorImpl.invoke(NativeMethodAccessorImpl.java:77)
	at java.base/jdk.internal.reflect.DelegatingMethodAccessorImpl.invoke(DelegatingMethodAccessorImpl.java:43)
)

25-01-2025T14:51:22 - [TEST_STEP][PASSED] - println(field + ":" + msg): null

25-01-2025T14:51:22 - [TEST_STEP][PASSED] - if (!(msg)): null

25-01-2025T14:51:22 - [TEST_STEP][PASSED] - outText = "--- The expected error message "" + errorMsg + "" for field " + field + " was not found.": null

25-01-2025T14:51:22 - [TEST_STEP][PASSED] - println(outText): null

25-01-2025T14:51:22 - [TEST_STEP][PASSED] - outFile.append(outText + "
"): null

25-01-2025T14:51:22 - [TEST_STEP][PASSED] - errorMsg = requiredFieldMsgs.get(field): null

25-01-2025T14:51:22 - [TEST_STEP][PASSED] - msg = verifyTextPresent(errorMsg, false, OPTIONAL): Text 'The password should be at least twelve characters long; should include numbers, letters, capitals; may have special characters (@, #, *, spaces, etc.) and may include a passphrase.' is not present on page  (Root cause: com.kms.katalon.core.exception.StepFailedException: Text 'The password should be at least twelve characters long; should include numbers, letters, capitals; may have special characters (@, #, *, spaces, etc.) and may include a passphrase.' is not present on page 
	at com.kms.katalon.core.webui.keyword.internal.WebUIKeywordMain.stepFailed(WebUIKeywordMain.groovy:117)
	at com.kms.katalon.core.webui.keyword.builtin.VerifyTextPresentKeyword$_verifyTextPresent_closure1.doCall(VerifyTextPresentKeyword.groovy:79)
	at com.kms.katalon.core.webui.keyword.builtin.VerifyTextPresentKeyword$_verifyTextPresent_closure1.call(VerifyTextPresentKeyword.groovy)
	at com.kms.katalon.core.webui.keyword.internal.WebUIKeywordMain.runKeyword(WebUIKeywordMain.groovy:35)
	at com.kms.katalon.core.webui.keyword.builtin.VerifyTextPresentKeyword.verifyTextPresent(VerifyTextPresentKeyword.groovy:83)
	at com.kms.katalon.core.webui.keyword.builtin.VerifyTextPresentKeyword.execute(VerifyTextPresentKeyword.groovy:68)
	at com.kms.katalon.core.keyword.internal.KeywordExecutor.executeKeywordForPlatform(KeywordExecutor.groovy:74)
	at com.kms.katalon.core.webui.keyword.WebUiBuiltInKeywords.verifyTextPresent(WebUiBuiltInKeywords.groovy:1746)
	at Test Field Error Messages.run(Test Field Error Messages:40)
	at com.kms.katalon.core.main.ScriptEngine.run(ScriptEngine.java:194)
	at com.kms.katalon.core.main.ScriptEngine.runScriptAsRawText(ScriptEngine.java:119)
	at com.kms.katalon.core.main.TestCaseExecutor.runScript(TestCaseExecutor.java:448)
	at com.kms.katalon.core.main.TestCaseExecutor.doExecute(TestCaseExecutor.java:439)
	at com.kms.katalon.core.main.TestCaseExecutor.processExecutionPhase(TestCaseExecutor.java:418)
	at com.kms.katalon.core.main.TestCaseExecutor.accessMainPhase(TestCaseExecutor.java:410)
	at com.kms.katalon.core.main.TestCaseExecutor.execute(TestCaseExecutor.java:285)
	at com.kms.katalon.core.main.TestCaseMain.runTestCase(TestCaseMain.java:137)
	at com.kms.katalon.core.keyword.builtin.CallTestCaseKeyword$_callTestCase_closure1.doCall(CallTestCaseKeyword.groovy:59)
	at com.kms.katalon.core.keyword.builtin.CallTestCaseKeyword$_callTestCase_closure1.call(CallTestCaseKeyword.groovy)
	at com.kms.katalon.core.keyword.internal.KeywordMain.runKeyword(KeywordMain.groovy:75)
	at com.kms.katalon.core.keyword.builtin.CallTestCaseKeyword.callTestCase(CallTestCaseKeyword.groovy:81)
	at com.kms.katalon.core.keyword.builtin.CallTestCaseKeyword.execute(CallTestCaseKeyword.groovy:44)
	at com.kms.katalon.core.keyword.internal.KeywordExecutor.executeKeywordForPlatform(KeywordExecutor.groovy:74)
	at com.kms.katalon.core.keyword.BuiltinKeywords.callTestCase(BuiltinKeywords.groovy:310)
	at java.base/jdk.internal.reflect.NativeMethodAccessorImpl.invoke0(Native Method)
	at java.base/jdk.internal.reflect.NativeMethodAccessorImpl.invoke(NativeMethodAccessorImpl.java:77)
	at java.base/jdk.internal.reflect.DelegatingMethodAccessorImpl.invoke(DelegatingMethodAccessorImpl.java:43)
	at Register Education Partner.run(Register Education Partner:235)
	at com.kms.katalon.core.main.ScriptEngine.run(ScriptEngine.java:194)
	at com.kms.katalon.core.main.ScriptEngine.runScriptAsRawText(ScriptEngine.java:119)
	at com.kms.katalon.core.main.TestCaseExecutor.runScript(TestCaseExecutor.java:448)
	at com.kms.katalon.core.main.TestCaseExecutor.doExecute(TestCaseExecutor.java:439)
	at com.kms.katalon.core.main.TestCaseExecutor.processExecutionPhase(TestCaseExecutor.java:418)
	at com.kms.katalon.core.main.TestCaseExecutor.accessMainPhase(TestCaseExecutor.java:410)
	at com.kms.katalon.core.main.TestCaseExecutor.execute(TestCaseExecutor.java:285)
	at com.kms.katalon.core.common.CommonExecutor.accessTestCaseMainPhase(CommonExecutor.java:65)
	at com.kms.katalon.core.main.TestSuiteExecutor.accessTestSuiteMainPhase(TestSuiteExecutor.java:150)
	at com.kms.katalon.core.main.TestSuiteExecutor.execute(TestSuiteExecutor.java:106)
	at com.kms.katalon.core.main.TestCaseMain.startTestSuite(TestCaseMain.java:180)
	at TempTestSuite1737837877881.run(TempTestSuite1737837877881.groovy:35)
	at java.base/jdk.internal.reflect.NativeMethodAccessorImpl.invoke0(Native Method)
	at java.base/jdk.internal.reflect.NativeMethodAccessorImpl.invoke(NativeMethodAccessorImpl.java:77)
	at java.base/jdk.internal.reflect.DelegatingMethodAccessorImpl.invoke(DelegatingMethodAccessorImpl.java:43)
)

25-01-2025T14:51:22 - [MESSAGE][WARNING] - Text 'The password should be at least twelve characters long; should include numbers, letters, capitals; may have special characters (@, #, *, spaces, etc.) and may include a passphrase.' is not present on page  (Root cause: com.kms.katalon.core.exception.StepFailedException: Text 'The password should be at least twelve characters long; should include numbers, letters, capitals; may have special characters (@, #, *, spaces, etc.) and may include a passphrase.' is not present on page 
	at com.kms.katalon.core.webui.keyword.internal.WebUIKeywordMain.stepFailed(WebUIKeywordMain.groovy:117)
	at com.kms.katalon.core.webui.keyword.builtin.VerifyTextPresentKeyword$_verifyTextPresent_closure1.doCall(VerifyTextPresentKeyword.groovy:79)
	at com.kms.katalon.core.webui.keyword.builtin.VerifyTextPresentKeyword$_verifyTextPresent_closure1.call(VerifyTextPresentKeyword.groovy)
	at com.kms.katalon.core.webui.keyword.internal.WebUIKeywordMain.runKeyword(WebUIKeywordMain.groovy:35)
	at com.kms.katalon.core.webui.keyword.builtin.VerifyTextPresentKeyword.verifyTextPresent(VerifyTextPresentKeyword.groovy:83)
	at com.kms.katalon.core.webui.keyword.builtin.VerifyTextPresentKeyword.execute(VerifyTextPresentKeyword.groovy:68)
	at com.kms.katalon.core.keyword.internal.KeywordExecutor.executeKeywordForPlatform(KeywordExecutor.groovy:74)
	at com.kms.katalon.core.webui.keyword.WebUiBuiltInKeywords.verifyTextPresent(WebUiBuiltInKeywords.groovy:1746)
	at Test Field Error Messages.run(Test Field Error Messages:40)
	at com.kms.katalon.core.main.ScriptEngine.run(ScriptEngine.java:194)
	at com.kms.katalon.core.main.ScriptEngine.runScriptAsRawText(ScriptEngine.java:119)
	at com.kms.katalon.core.main.TestCaseExecutor.runScript(TestCaseExecutor.java:448)
	at com.kms.katalon.core.main.TestCaseExecutor.doExecute(TestCaseExecutor.java:439)
	at com.kms.katalon.core.main.TestCaseExecutor.processExecutionPhase(TestCaseExecutor.java:418)
	at com.kms.katalon.core.main.TestCaseExecutor.accessMainPhase(TestCaseExecutor.java:410)
	at com.kms.katalon.core.main.TestCaseExecutor.execute(TestCaseExecutor.java:285)
	at com.kms.katalon.core.main.TestCaseMain.runTestCase(TestCaseMain.java:137)
	at com.kms.katalon.core.keyword.builtin.CallTestCaseKeyword$_callTestCase_closure1.doCall(CallTestCaseKeyword.groovy:59)
	at com.kms.katalon.core.keyword.builtin.CallTestCaseKeyword$_callTestCase_closure1.call(CallTestCaseKeyword.groovy)
	at com.kms.katalon.core.keyword.internal.KeywordMain.runKeyword(KeywordMain.groovy:75)
	at com.kms.katalon.core.keyword.builtin.CallTestCaseKeyword.callTestCase(CallTestCaseKeyword.groovy:81)
	at com.kms.katalon.core.keyword.builtin.CallTestCaseKeyword.execute(CallTestCaseKeyword.groovy:44)
	at com.kms.katalon.core.keyword.internal.KeywordExecutor.executeKeywordForPlatform(KeywordExecutor.groovy:74)
	at com.kms.katalon.core.keyword.BuiltinKeywords.callTestCase(BuiltinKeywords.groovy:310)
	at java.base/jdk.internal.reflect.NativeMethodAccessorImpl.invoke0(Native Method)
	at java.base/jdk.internal.reflect.NativeMethodAccessorImpl.invoke(NativeMethodAccessorImpl.java:77)
	at java.base/jdk.internal.reflect.DelegatingMethodAccessorImpl.invoke(DelegatingMethodAccessorImpl.java:43)
	at Register Education Partner.run(Register Education Partner:235)
	at com.kms.katalon.core.main.ScriptEngine.run(ScriptEngine.java:194)
	at com.kms.katalon.core.main.ScriptEngine.runScriptAsRawText(ScriptEngine.java:119)
	at com.kms.katalon.core.main.TestCaseExecutor.runScript(TestCaseExecutor.java:448)
	at com.kms.katalon.core.main.TestCaseExecutor.doExecute(TestCaseExecutor.java:439)
	at com.kms.katalon.core.main.TestCaseExecutor.processExecutionPhase(TestCaseExecutor.java:418)
	at com.kms.katalon.core.main.TestCaseExecutor.accessMainPhase(TestCaseExecutor.java:410)
	at com.kms.katalon.core.main.TestCaseExecutor.execute(TestCaseExecutor.java:285)
	at com.kms.katalon.core.common.CommonExecutor.accessTestCaseMainPhase(CommonExecutor.java:65)
	at com.kms.katalon.core.main.TestSuiteExecutor.accessTestSuiteMainPhase(TestSuiteExecutor.java:150)
	at com.kms.katalon.core.main.TestSuiteExecutor.execute(TestSuiteExecutor.java:106)
	at com.kms.katalon.core.main.TestCaseMain.startTestSuite(TestCaseMain.java:180)
	at TempTestSuite1737837877881.run(TempTestSuite1737837877881.groovy:35)
	at java.base/jdk.internal.reflect.NativeMethodAccessorImpl.invoke0(Native Method)
	at java.base/jdk.internal.reflect.NativeMethodAccessorImpl.invoke(NativeMethodAccessorImpl.java:77)
	at java.base/jdk.internal.reflect.DelegatingMethodAccessorImpl.invoke(DelegatingMethodAccessorImpl.java:43)
)

25-01-2025T14:51:22 - [TEST_STEP][PASSED] - println(field + ":" + msg): null

25-01-2025T14:51:22 - [TEST_STEP][PASSED] - if (!(msg)): null

25-01-2025T14:51:22 - [TEST_STEP][PASSED] - outText = "--- The expected error message "" + errorMsg + "" for field " + field + " was not found.": null

25-01-2025T14:51:22 - [TEST_STEP][PASSED] - println(outText): null

25-01-2025T14:51:22 - [TEST_STEP][PASSED] - outFile.append(outText + "
"): null

25-01-2025T14:51:22 - [TEST_STEP][PASSED] - errorMsg = requiredFieldMsgs.get(field): null

25-01-2025T14:51:22 - [TEST_STEP][PASSED] - msg = verifyTextPresent(errorMsg, false, OPTIONAL): Text 'Please enter a valid email address.' is present on page 

25-01-2025T14:51:22 - [MESSAGE][PASSED] - Text 'Please enter a valid email address.' is present on page 

25-01-2025T14:51:22 - [TEST_STEP][PASSED] - println(field + ":" + msg): null

25-01-2025T14:51:22 - [TEST_STEP][PASSED] - if (!(msg)): null

25-01-2025T14:51:22 - [TEST_STEP][PASSED] - delay(fieldTestDelay): Delayed 0 second(s)

25-01-2025T14:51:22 - [MESSAGE][PASSED] - Delayed 0 second(s)

25-01-2025T14:51:22 - [MESSAGE][PASSED] - Call Test Case 'Test Cases/_Functions/Test Field Error Messages' successfully

25-01-2025T14:51:22 - [TEST_STEP][PASSED] - object = "Education Partner Profile/Register/input_Username": null

25-01-2025T14:51:22 - [TEST_STEP][PASSED] - callTestCase(findTestCase("_Functions/Perform Action"), ["varAction":"setText", "varObject":object, "varParm1":username], STOP_ON_FAILURE): Call Test Case 'Test Cases/_Functions/Perform Action' successfully

25-01-2025T14:51:22 - [TEST_CASE][PASSED] - Test Cases/_Functions/Perform Action: Test Cases/_Functions/Perform Action

25-01-2025T14:51:22 - [TEST_STEP][PASSED] - action = varAction: null

25-01-2025T14:51:22 - [TEST_STEP][PASSED] - println(action): null

25-01-2025T14:51:22 - [TEST_STEP][PASSED] - testObject = varObject: null

25-01-2025T14:51:22 - [TEST_STEP][PASSED] - println(testObject): null

25-01-2025T14:51:22 - [TEST_STEP][PASSED] - parm1 = varParm1: null

25-01-2025T14:51:22 - [TEST_STEP][PASSED] - println(parm1): null

25-01-2025T14:51:22 - [TEST_STEP][PASSED] - println("Converting " + testObject + " to web element"): null

25-01-2025T14:51:22 - [TEST_STEP][PASSED] - element = findWebElement(findTestObject(testObject), 1): null

25-01-2025T14:51:22 - [TEST_STEP][PASSED] - loc = element.getLocation(): null

25-01-2025T14:51:22 - [TEST_STEP][PASSED] - y = loc.getY(): null

25-01-2025T14:51:22 - [TEST_STEP][PASSED] - println("Y location is " + y): null

25-01-2025T14:51:22 - [TEST_STEP][PASSED] - top = getViewportTopPosition(): Current viewport's top (y) position is 0

25-01-2025T14:51:22 - [MESSAGE][PASSED] - Current viewport's top (y) position is 0

25-01-2025T14:51:22 - [TEST_STEP][PASSED] - println("Viewport top is " + top): null

25-01-2025T14:51:22 - [TEST_STEP][PASSED] - bottom = top + 600: null

25-01-2025T14:51:22 - [TEST_STEP][PASSED] - if (y - top < 150 || bottom - y < 10): null

25-01-2025T14:51:22 - [TEST_STEP][PASSED] - if (action == "click"): null

25-01-2025T14:51:22 - [TEST_STEP][PASSED] - else if (action == "selectOptionByValue"): null

25-01-2025T14:51:22 - [TEST_STEP][PASSED] - else if (action == "setText"): Text 'cktest06ep' is set on object 'Object Repository/Education Partner Profile/Register/input_Username'

25-01-2025T14:51:22 - [TEST_STEP][PASSED] - println("Setting text " + parm1): null

25-01-2025T14:51:22 - [TEST_STEP][PASSED] - setText(findTestObject(testObject), parm1): Text 'cktest06ep' is set on object 'Object Repository/Education Partner Profile/Register/input_Username'

25-01-2025T14:51:22 - [MESSAGE][PASSED] - Text 'cktest06ep' is set on object 'Object Repository/Education Partner Profile/Register/input_Username'

25-01-2025T14:51:22 - [MESSAGE][PASSED] - Call Test Case 'Test Cases/_Functions/Perform Action' successfully

25-01-2025T14:51:22 - [TEST_STEP][PASSED] - object = "Education Partner Profile/Register/input_Password": null

25-01-2025T14:51:22 - [TEST_STEP][PASSED] - callTestCase(findTestCase("_Functions/Perform Action"), ["varAction":"setEncryptedText", "varObject":object, "varParm1":password], STOP_ON_FAILURE): Call Test Case 'Test Cases/_Functions/Perform Action' successfully

25-01-2025T14:51:22 - [TEST_CASE][PASSED] - Test Cases/_Functions/Perform Action: Test Cases/_Functions/Perform Action

25-01-2025T14:51:22 - [TEST_STEP][PASSED] - action = varAction: null

25-01-2025T14:51:22 - [TEST_STEP][PASSED] - println(action): null

25-01-2025T14:51:22 - [TEST_STEP][PASSED] - testObject = varObject: null

25-01-2025T14:51:22 - [TEST_STEP][PASSED] - println(testObject): null

25-01-2025T14:51:22 - [TEST_STEP][PASSED] - parm1 = varParm1: null

25-01-2025T14:51:22 - [TEST_STEP][PASSED] - println(parm1): null

25-01-2025T14:51:22 - [TEST_STEP][PASSED] - println("Converting " + testObject + " to web element"): null

25-01-2025T14:51:22 - [TEST_STEP][PASSED] - element = findWebElement(findTestObject(testObject), 1): null

25-01-2025T14:51:22 - [TEST_STEP][PASSED] - loc = element.getLocation(): null

25-01-2025T14:51:22 - [TEST_STEP][PASSED] - y = loc.getY(): null

25-01-2025T14:51:22 - [TEST_STEP][PASSED] - println("Y location is " + y): null

25-01-2025T14:51:22 - [TEST_STEP][PASSED] - top = getViewportTopPosition(): Current viewport's top (y) position is 0

25-01-2025T14:51:22 - [MESSAGE][PASSED] - Current viewport's top (y) position is 0

25-01-2025T14:51:22 - [TEST_STEP][PASSED] - println("Viewport top is " + top): null

25-01-2025T14:51:22 - [TEST_STEP][PASSED] - bottom = top + 600: null

25-01-2025T14:51:22 - [TEST_STEP][PASSED] - if (y - top < 150 || bottom - y < 10): null

25-01-2025T14:51:22 - [TEST_STEP][PASSED] - if (action == "click"): null

25-01-2025T14:51:22 - [TEST_STEP][PASSED] - else if (action == "selectOptionByValue"): null

25-01-2025T14:51:22 - [TEST_STEP][PASSED] - else if (action == "setText"): null

25-01-2025T14:51:22 - [TEST_STEP][PASSED] - else if (action == "setEncryptedText"): Text ****** has been set on object 'Object Repository/Education Partner Profile/Register/input_Password'

25-01-2025T14:51:22 - [TEST_STEP][PASSED] - println("Setting encrypted text " + parm1): null

25-01-2025T14:51:22 - [TEST_STEP][PASSED] - setEncryptedText(findTestObject(testObject), parm1): Text ****** has been set on object 'Object Repository/Education Partner Profile/Register/input_Password'

25-01-2025T14:51:22 - [MESSAGE][PASSED] - Text ****** has been set on object 'Object Repository/Education Partner Profile/Register/input_Password'

25-01-2025T14:51:22 - [MESSAGE][PASSED] - Call Test Case 'Test Cases/_Functions/Perform Action' successfully

25-01-2025T14:51:22 - [TEST_STEP][PASSED] - object = "Education Partner Profile/Register/input_Key Contact Email": null

25-01-2025T14:51:22 - [TEST_STEP][PASSED] - callTestCase(findTestCase("_Functions/Perform Action"), ["varAction":"setText", "varObject":object, "varParm1":email], STOP_ON_FAILURE): Call Test Case 'Test Cases/_Functions/Perform Action' successfully

25-01-2025T14:51:22 - [TEST_CASE][PASSED] - Test Cases/_Functions/Perform Action: Test Cases/_Functions/Perform Action

25-01-2025T14:51:22 - [TEST_STEP][PASSED] - action = varAction: null

25-01-2025T14:51:22 - [TEST_STEP][PASSED] - println(action): null

25-01-2025T14:51:22 - [TEST_STEP][PASSED] - testObject = varObject: null

25-01-2025T14:51:22 - [TEST_STEP][PASSED] - println(testObject): null

25-01-2025T14:51:22 - [TEST_STEP][PASSED] - parm1 = varParm1: null

25-01-2025T14:51:22 - [TEST_STEP][PASSED] - println(parm1): null

25-01-2025T14:51:22 - [TEST_STEP][PASSED] - println("Converting " + testObject + " to web element"): null

25-01-2025T14:51:22 - [TEST_STEP][PASSED] - element = findWebElement(findTestObject(testObject), 1): null

25-01-2025T14:51:22 - [TEST_STEP][PASSED] - loc = element.getLocation(): null

25-01-2025T14:51:22 - [TEST_STEP][PASSED] - y = loc.getY(): null

25-01-2025T14:51:22 - [TEST_STEP][PASSED] - println("Y location is " + y): null

25-01-2025T14:51:22 - [TEST_STEP][PASSED] - top = getViewportTopPosition(): Current viewport's top (y) position is 0

25-01-2025T14:51:22 - [MESSAGE][PASSED] - Current viewport's top (y) position is 0

25-01-2025T14:51:22 - [TEST_STEP][PASSED] - println("Viewport top is " + top): null

25-01-2025T14:51:22 - [TEST_STEP][PASSED] - bottom = top + 600: null

25-01-2025T14:51:22 - [TEST_STEP][PASSED] - if (y - top < 150 || bottom - y < 10): Delayed 1 second(s)

25-01-2025T14:51:22 - [TEST_STEP][PASSED] - scrollToPosition(0, y - 150): Browser is scrolled to position x = 0, y = 500

25-01-2025T14:51:22 - [MESSAGE][PASSED] - Browser is scrolled to position x = 0, y = 500

25-01-2025T14:51:22 - [TEST_STEP][PASSED] - delay(1): Delayed 1 second(s)

25-01-2025T14:51:23 - [MESSAGE][PASSED] - Delayed 1 second(s)

25-01-2025T14:51:23 - [TEST_STEP][PASSED] - if (action == "click"): null

25-01-2025T14:51:23 - [TEST_STEP][PASSED] - else if (action == "selectOptionByValue"): null

25-01-2025T14:51:23 - [TEST_STEP][PASSED] - else if (action == "setText"): Text 'cktest06@missionnext.org' is set on object 'Object Repository/Education Partner Profile/Register/input_Key Contact Email'

25-01-2025T14:51:23 - [TEST_STEP][PASSED] - println("Setting text " + parm1): null

25-01-2025T14:51:23 - [TEST_STEP][PASSED] - setText(findTestObject(testObject), parm1): Text 'cktest06@missionnext.org' is set on object 'Object Repository/Education Partner Profile/Register/input_Key Contact Email'

25-01-2025T14:51:23 - [MESSAGE][PASSED] - Text 'cktest06@missionnext.org' is set on object 'Object Repository/Education Partner Profile/Register/input_Key Contact Email'

25-01-2025T14:51:23 - [MESSAGE][PASSED] - Call Test Case 'Test Cases/_Functions/Perform Action' successfully

25-01-2025T14:51:23 - [TEST_STEP][PASSED] - object = "Education Partner Profile/Register/button_Sign up": null

25-01-2025T14:51:23 - [TEST_STEP][PASSED] - callTestCase(findTestCase("_Functions/Perform Action"), ["varAction":"click", "varObject":object], STOP_ON_FAILURE): Call Test Case 'Test Cases/_Functions/Perform Action' successfully

25-01-2025T14:51:23 - [TEST_CASE][PASSED] - Test Cases/_Functions/Perform Action: Test Cases/_Functions/Perform Action

25-01-2025T14:51:23 - [TEST_STEP][PASSED] - action = varAction: null

25-01-2025T14:51:23 - [TEST_STEP][PASSED] - println(action): null

25-01-2025T14:51:23 - [TEST_STEP][PASSED] - testObject = varObject: null

25-01-2025T14:51:23 - [TEST_STEP][PASSED] - println(testObject): null

25-01-2025T14:51:23 - [TEST_STEP][PASSED] - parm1 = varParm1: null

25-01-2025T14:51:23 - [TEST_STEP][PASSED] - println(parm1): null

25-01-2025T14:51:23 - [TEST_STEP][PASSED] - println("Converting " + testObject + " to web element"): null

25-01-2025T14:51:23 - [TEST_STEP][PASSED] - element = findWebElement(findTestObject(testObject), 1): null

25-01-2025T14:51:23 - [TEST_STEP][PASSED] - loc = element.getLocation(): null

25-01-2025T14:51:23 - [TEST_STEP][PASSED] - y = loc.getY(): null

25-01-2025T14:51:23 - [TEST_STEP][PASSED] - println("Y location is " + y): null

25-01-2025T14:51:23 - [TEST_STEP][PASSED] - top = getViewportTopPosition(): Current viewport's top (y) position is 500

25-01-2025T14:51:23 - [MESSAGE][PASSED] - Current viewport's top (y) position is 500

25-01-2025T14:51:23 - [TEST_STEP][PASSED] - println("Viewport top is " + top): null

25-01-2025T14:51:23 - [TEST_STEP][PASSED] - bottom = top + 600: null

25-01-2025T14:51:23 - [TEST_STEP][PASSED] - if (y - top < 150 || bottom - y < 10): Delayed 1 second(s)

25-01-2025T14:51:23 - [TEST_STEP][PASSED] - scrollToPosition(0, y - 150): Browser is scrolled to position x = 0, y = 1424

25-01-2025T14:51:23 - [MESSAGE][PASSED] - Browser is scrolled to position x = 0, y = 1424

25-01-2025T14:51:23 - [TEST_STEP][PASSED] - delay(1): Delayed 1 second(s)

25-01-2025T14:51:24 - [MESSAGE][PASSED] - Delayed 1 second(s)

25-01-2025T14:51:24 - [TEST_STEP][PASSED] - if (action == "click"): Object: 'Object Repository/Education Partner Profile/Register/button_Sign up' is clicked on

25-01-2025T14:51:24 - [TEST_STEP][PASSED] - println("clicking"): null

25-01-2025T14:51:24 - [TEST_STEP][PASSED] - click(findTestObject(testObject)): Object: 'Object Repository/Education Partner Profile/Register/button_Sign up' is clicked on

25-01-2025T14:51:26 - [MESSAGE][PASSED] - Object: 'Object Repository/Education Partner Profile/Register/button_Sign up' is clicked on

25-01-2025T14:51:26 - [MESSAGE][PASSED] - Call Test Case 'Test Cases/_Functions/Perform Action' successfully

25-01-2025T14:51:26 - [TEST_STEP][PASSED] - waitForPageLoad(10): Wait for page load successfully

25-01-2025T14:51:26 - [MESSAGE][PASSED] - Wait for page load successfully

25-01-2025T14:51:26 - [TEST_STEP][PASSED] - fieldList = ["Key Contact First Name", "Key Contact Last Name", "Organization", "Description", "Website Address", "Meet Christian School Qualifications", "Partnership Agreement", "Terms and Conditions"]: null

25-01-2025T14:51:26 - [TEST_STEP][PASSED] - outText = "Verifying the field messages for " + fieldList + ".
": null

25-01-2025T14:51:26 - [TEST_STEP][PASSED] - outFile.append(outText): null

25-01-2025T14:51:26 - [TEST_STEP][PASSED] - callTestCase(findTestCase("_Functions/Test Field Error Messages"), ["varFieldList":fieldList, "varRequiredFieldMsgs":requiredFieldMsgs], STOP_ON_FAILURE): Call Test Case 'Test Cases/_Functions/Test Field Error Messages' successfully

25-01-2025T14:51:26 - [TEST_CASE][PASSED] - Test Cases/_Functions/Test Field Error Messages: Test Cases/_Functions/Test Field Error Messages

25-01-2025T14:51:26 - [TEST_STEP][PASSED] - count = callTestCase(findTestCase("_Functions/Find error messages"), ["varFunction":"count"], STOP_ON_FAILURE): Call Test Case 'Test Cases/_Functions/Find error messages' successfully

25-01-2025T14:51:26 - [TEST_CASE][PASSED] - Test Cases/_Functions/Find error messages: Test Cases/_Functions/Find error messages

25-01-2025T14:51:26 - [TEST_STEP][PASSED] - function = "count": null

25-01-2025T14:51:26 - [TEST_STEP][PASSED] - if (binding.hasVariable("varFunction")): null

25-01-2025T14:51:26 - [TEST_STEP][PASSED] - function = varFunction: null

25-01-2025T14:51:26 - [TEST_STEP][PASSED] - title = getWindowTitle(): Current window's title is: 'Education'

25-01-2025T14:51:26 - [MESSAGE][PASSED] - Current window's title is: 'Education'

25-01-2025T14:51:26 - [TEST_STEP][PASSED] - println("Page title is " + title): null

25-01-2025T14:51:26 - [TEST_STEP][PASSED] - driver = getWebDriver(): null

25-01-2025T14:51:26 - [TEST_STEP][PASSED] - elements = driver.findElements(By.xpath("//div[@class='col-sm-offset-3 col-sm-9 text-danger']")): null

25-01-2025T14:51:26 - [TEST_STEP][PASSED] - if (function == "count"): null

25-01-2025T14:51:26 - [TEST_STEP][PASSED] - return elements.size(): null

25-01-2025T14:51:26 - [MESSAGE][PASSED] - Call Test Case 'Test Cases/_Functions/Find error messages' successfully

25-01-2025T14:51:26 - [TEST_STEP][PASSED] - outFile = outFile: null

25-01-2025T14:51:26 - [TEST_STEP][PASSED] - if (count == 0): null

25-01-2025T14:51:26 - [TEST_STEP][PASSED] - else: Delayed 0 second(s)

25-01-2025T14:51:26 - [TEST_STEP][PASSED] - fieldList = varFieldList: null

25-01-2025T14:51:26 - [TEST_STEP][PASSED] - requiredFieldMsgs = varRequiredFieldMsgs: null

25-01-2025T14:51:26 - [TEST_STEP][PASSED] - outText = "Verifying error messages for fields " + fieldList: null

25-01-2025T14:51:26 - [TEST_STEP][PASSED] - for (def field : fieldList): null

25-01-2025T14:51:26 - [TEST_STEP][PASSED] - errorMsg = requiredFieldMsgs.get(field): null

25-01-2025T14:51:26 - [TEST_STEP][PASSED] - msg = verifyTextPresent(errorMsg, false, OPTIONAL): Text 'The First Name field is required.' is present on page 

25-01-2025T14:51:26 - [MESSAGE][PASSED] - Text 'The First Name field is required.' is present on page 

25-01-2025T14:51:26 - [TEST_STEP][PASSED] - println(field + ":" + msg): null

25-01-2025T14:51:26 - [TEST_STEP][PASSED] - if (!(msg)): null

25-01-2025T14:51:26 - [TEST_STEP][PASSED] - errorMsg = requiredFieldMsgs.get(field): null

25-01-2025T14:51:26 - [TEST_STEP][PASSED] - msg = verifyTextPresent(errorMsg, false, OPTIONAL): Text 'The last name field is required.' is present on page 

25-01-2025T14:51:26 - [MESSAGE][PASSED] - Text 'The last name field is required.' is present on page 

25-01-2025T14:51:26 - [TEST_STEP][PASSED] - println(field + ":" + msg): null

25-01-2025T14:51:26 - [TEST_STEP][PASSED] - if (!(msg)): null

25-01-2025T14:51:26 - [TEST_STEP][PASSED] - errorMsg = requiredFieldMsgs.get(field): null

25-01-2025T14:51:26 - [TEST_STEP][PASSED] - msg = verifyTextPresent(errorMsg, false, OPTIONAL): Text 'The organization name field is required.' is present on page 

25-01-2025T14:51:26 - [MESSAGE][PASSED] - Text 'The organization name field is required.' is present on page 

25-01-2025T14:51:26 - [TEST_STEP][PASSED] - println(field + ":" + msg): null

25-01-2025T14:51:26 - [TEST_STEP][PASSED] - if (!(msg)): null

25-01-2025T14:51:26 - [TEST_STEP][PASSED] - errorMsg = requiredFieldMsgs.get(field): null

25-01-2025T14:51:26 - [TEST_STEP][PASSED] - msg = verifyTextPresent(errorMsg, false, OPTIONAL): Text 'The description field is required.' is present on page 

25-01-2025T14:51:26 - [MESSAGE][PASSED] - Text 'The description field is required.' is present on page 

25-01-2025T14:51:26 - [TEST_STEP][PASSED] - println(field + ":" + msg): null

25-01-2025T14:51:26 - [TEST_STEP][PASSED] - if (!(msg)): null

25-01-2025T14:51:26 - [TEST_STEP][PASSED] - errorMsg = requiredFieldMsgs.get(field): null

25-01-2025T14:51:26 - [TEST_STEP][PASSED] - msg = verifyTextPresent(errorMsg, false, OPTIONAL): Text 'The website address field is required.' is present on page 

25-01-2025T14:51:26 - [MESSAGE][PASSED] - Text 'The website address field is required.' is present on page 

25-01-2025T14:51:26 - [TEST_STEP][PASSED] - println(field + ":" + msg): null

25-01-2025T14:51:26 - [TEST_STEP][PASSED] - if (!(msg)): null

25-01-2025T14:51:26 - [TEST_STEP][PASSED] - errorMsg = requiredFieldMsgs.get(field): null

25-01-2025T14:51:26 - [TEST_STEP][PASSED] - msg = verifyTextPresent(errorMsg, false, OPTIONAL): Text 'The meet qualifications for christian field is required.' is present on page 

25-01-2025T14:51:26 - [MESSAGE][PASSED] - Text 'The meet qualifications for christian field is required.' is present on page 

25-01-2025T14:51:26 - [TEST_STEP][PASSED] - println(field + ":" + msg): null

25-01-2025T14:51:26 - [TEST_STEP][PASSED] - if (!(msg)): null

25-01-2025T14:51:26 - [TEST_STEP][PASSED] - errorMsg = requiredFieldMsgs.get(field): null

25-01-2025T14:51:26 - [TEST_STEP][PASSED] - msg = verifyTextPresent(errorMsg, false, OPTIONAL): Text 'The partner agreement field is required.' is present on page 

25-01-2025T14:51:26 - [MESSAGE][PASSED] - Text 'The partner agreement field is required.' is present on page 

25-01-2025T14:51:26 - [TEST_STEP][PASSED] - println(field + ":" + msg): null

25-01-2025T14:51:26 - [TEST_STEP][PASSED] - if (!(msg)): null

25-01-2025T14:51:26 - [TEST_STEP][PASSED] - errorMsg = requiredFieldMsgs.get(field): null

25-01-2025T14:51:26 - [TEST_STEP][PASSED] - msg = verifyTextPresent(errorMsg, false, OPTIONAL): Text 'The terms and conditions field is required.' is present on page 

25-01-2025T14:51:26 - [MESSAGE][PASSED] - Text 'The terms and conditions field is required.' is present on page 

25-01-2025T14:51:26 - [TEST_STEP][PASSED] - println(field + ":" + msg): null

25-01-2025T14:51:26 - [TEST_STEP][PASSED] - if (!(msg)): null

25-01-2025T14:51:26 - [TEST_STEP][PASSED] - delay(fieldTestDelay): Delayed 0 second(s)

25-01-2025T14:51:26 - [MESSAGE][PASSED] - Delayed 0 second(s)

25-01-2025T14:51:26 - [MESSAGE][PASSED] - Call Test Case 'Test Cases/_Functions/Test Field Error Messages' successfully

25-01-2025T14:51:26 - [TEST_STEP][PASSED] - object = "Education Partner Profile/Register/input_Password": null

25-01-2025T14:51:26 - [TEST_STEP][PASSED] - callTestCase(findTestCase("_Functions/Perform Action"), ["varAction":"setEncryptedText", "varObject":object, "varParm1":password], STOP_ON_FAILURE): Call Test Case 'Test Cases/_Functions/Perform Action' successfully

25-01-2025T14:51:27 - [TEST_CASE][PASSED] - Test Cases/_Functions/Perform Action: Test Cases/_Functions/Perform Action

25-01-2025T14:51:27 - [TEST_STEP][PASSED] - action = varAction: null

25-01-2025T14:51:27 - [TEST_STEP][PASSED] - println(action): null

25-01-2025T14:51:27 - [TEST_STEP][PASSED] - testObject = varObject: null

25-01-2025T14:51:27 - [TEST_STEP][PASSED] - println(testObject): null

25-01-2025T14:51:27 - [TEST_STEP][PASSED] - parm1 = varParm1: null

25-01-2025T14:51:27 - [TEST_STEP][PASSED] - println(parm1): null

25-01-2025T14:51:27 - [TEST_STEP][PASSED] - println("Converting " + testObject + " to web element"): null

25-01-2025T14:51:27 - [TEST_STEP][PASSED] - element = findWebElement(findTestObject(testObject), 1): null

25-01-2025T14:51:27 - [TEST_STEP][PASSED] - loc = element.getLocation(): null

25-01-2025T14:51:27 - [TEST_STEP][PASSED] - y = loc.getY(): null

25-01-2025T14:51:27 - [TEST_STEP][PASSED] - println("Y location is " + y): null

25-01-2025T14:51:27 - [TEST_STEP][PASSED] - top = getViewportTopPosition(): Current viewport's top (y) position is 0

25-01-2025T14:51:27 - [MESSAGE][PASSED] - Current viewport's top (y) position is 0

25-01-2025T14:51:27 - [TEST_STEP][PASSED] - println("Viewport top is " + top): null

25-01-2025T14:51:27 - [TEST_STEP][PASSED] - bottom = top + 600: null

25-01-2025T14:51:27 - [TEST_STEP][PASSED] - if (y - top < 150 || bottom - y < 10): null

25-01-2025T14:51:27 - [TEST_STEP][PASSED] - if (action == "click"): null

25-01-2025T14:51:27 - [TEST_STEP][PASSED] - else if (action == "selectOptionByValue"): null

25-01-2025T14:51:27 - [TEST_STEP][PASSED] - else if (action == "setText"): null

25-01-2025T14:51:27 - [TEST_STEP][PASSED] - else if (action == "setEncryptedText"): Text ****** has been set on object 'Object Repository/Education Partner Profile/Register/input_Password'

25-01-2025T14:51:27 - [TEST_STEP][PASSED] - println("Setting encrypted text " + parm1): null

25-01-2025T14:51:27 - [TEST_STEP][PASSED] - setEncryptedText(findTestObject(testObject), parm1): Text ****** has been set on object 'Object Repository/Education Partner Profile/Register/input_Password'

25-01-2025T14:51:27 - [MESSAGE][PASSED] - Text ****** has been set on object 'Object Repository/Education Partner Profile/Register/input_Password'

25-01-2025T14:51:27 - [MESSAGE][PASSED] - Call Test Case 'Test Cases/_Functions/Perform Action' successfully

25-01-2025T14:51:27 - [TEST_STEP][PASSED] - object = "Education Partner Profile/Register/input_Key Contact First Name": null

25-01-2025T14:51:27 - [TEST_STEP][PASSED] - callTestCase(findTestCase("_Functions/Perform Action"), ["varAction":"setText", "varObject":object, "varParm1":first_name], STOP_ON_FAILURE): Call Test Case 'Test Cases/_Functions/Perform Action' successfully

25-01-2025T14:51:27 - [TEST_CASE][PASSED] - Test Cases/_Functions/Perform Action: Test Cases/_Functions/Perform Action

25-01-2025T14:51:27 - [TEST_STEP][PASSED] - action = varAction: null

25-01-2025T14:51:27 - [TEST_STEP][PASSED] - println(action): null

25-01-2025T14:51:27 - [TEST_STEP][PASSED] - testObject = varObject: null

25-01-2025T14:51:27 - [TEST_STEP][PASSED] - println(testObject): null

25-01-2025T14:51:27 - [TEST_STEP][PASSED] - parm1 = varParm1: null

25-01-2025T14:51:27 - [TEST_STEP][PASSED] - println(parm1): null

25-01-2025T14:51:27 - [TEST_STEP][PASSED] - println("Converting " + testObject + " to web element"): null

25-01-2025T14:51:27 - [TEST_STEP][PASSED] - element = findWebElement(findTestObject(testObject), 1): null

25-01-2025T14:51:27 - [TEST_STEP][PASSED] - loc = element.getLocation(): null

25-01-2025T14:51:27 - [TEST_STEP][PASSED] - y = loc.getY(): null

25-01-2025T14:51:27 - [TEST_STEP][PASSED] - println("Y location is " + y): null

25-01-2025T14:51:27 - [TEST_STEP][PASSED] - top = getViewportTopPosition(): Current viewport's top (y) position is 0

25-01-2025T14:51:27 - [MESSAGE][PASSED] - Current viewport's top (y) position is 0

25-01-2025T14:51:27 - [TEST_STEP][PASSED] - println("Viewport top is " + top): null

25-01-2025T14:51:27 - [TEST_STEP][PASSED] - bottom = top + 600: null

25-01-2025T14:51:27 - [TEST_STEP][PASSED] - if (y - top < 150 || bottom - y < 10): null

25-01-2025T14:51:27 - [TEST_STEP][PASSED] - if (action == "click"): null

25-01-2025T14:51:27 - [TEST_STEP][PASSED] - else if (action == "selectOptionByValue"): null

25-01-2025T14:51:27 - [TEST_STEP][PASSED] - else if (action == "setText"): Text 'cktest06ep TEST' is set on object 'Object Repository/Education Partner Profile/Register/input_Key Contact First Name'

25-01-2025T14:51:27 - [TEST_STEP][PASSED] - println("Setting text " + parm1): null

25-01-2025T14:51:27 - [TEST_STEP][PASSED] - setText(findTestObject(testObject), parm1): Text 'cktest06ep TEST' is set on object 'Object Repository/Education Partner Profile/Register/input_Key Contact First Name'

25-01-2025T14:51:27 - [MESSAGE][PASSED] - Text 'cktest06ep TEST' is set on object 'Object Repository/Education Partner Profile/Register/input_Key Contact First Name'

25-01-2025T14:51:27 - [MESSAGE][PASSED] - Call Test Case 'Test Cases/_Functions/Perform Action' successfully

25-01-2025T14:51:27 - [TEST_STEP][PASSED] - object = "Education Partner Profile/Register/input_Key Contact Last Name": null

25-01-2025T14:51:27 - [TEST_STEP][PASSED] - callTestCase(findTestCase("_Functions/Perform Action"), ["varAction":"setText", "varObject":object, "varParm1":last_name], STOP_ON_FAILURE): Call Test Case 'Test Cases/_Functions/Perform Action' successfully

25-01-2025T14:51:27 - [TEST_CASE][PASSED] - Test Cases/_Functions/Perform Action: Test Cases/_Functions/Perform Action

25-01-2025T14:51:27 - [TEST_STEP][PASSED] - action = varAction: null

25-01-2025T14:51:27 - [TEST_STEP][PASSED] - println(action): null

25-01-2025T14:51:27 - [TEST_STEP][PASSED] - testObject = varObject: null

25-01-2025T14:51:27 - [TEST_STEP][PASSED] - println(testObject): null

25-01-2025T14:51:27 - [TEST_STEP][PASSED] - parm1 = varParm1: null

25-01-2025T14:51:27 - [TEST_STEP][PASSED] - println(parm1): null

25-01-2025T14:51:27 - [TEST_STEP][PASSED] - println("Converting " + testObject + " to web element"): null

25-01-2025T14:51:27 - [TEST_STEP][PASSED] - element = findWebElement(findTestObject(testObject), 1): null

25-01-2025T14:51:27 - [TEST_STEP][PASSED] - loc = element.getLocation(): null

25-01-2025T14:51:27 - [TEST_STEP][PASSED] - y = loc.getY(): null

25-01-2025T14:51:27 - [TEST_STEP][PASSED] - println("Y location is " + y): null

25-01-2025T14:51:27 - [TEST_STEP][PASSED] - top = getViewportTopPosition(): Current viewport's top (y) position is 0

25-01-2025T14:51:27 - [MESSAGE][PASSED] - Current viewport's top (y) position is 0

25-01-2025T14:51:27 - [TEST_STEP][PASSED] - println("Viewport top is " + top): null

25-01-2025T14:51:27 - [TEST_STEP][PASSED] - bottom = top + 600: null

25-01-2025T14:51:27 - [TEST_STEP][PASSED] - if (y - top < 150 || bottom - y < 10): Delayed 1 second(s)

25-01-2025T14:51:27 - [TEST_STEP][PASSED] - scrollToPosition(0, y - 150): Browser is scrolled to position x = 0, y = 442

25-01-2025T14:51:27 - [MESSAGE][PASSED] - Browser is scrolled to position x = 0, y = 442

25-01-2025T14:51:27 - [TEST_STEP][PASSED] - delay(1): Delayed 1 second(s)

25-01-2025T14:51:28 - [MESSAGE][PASSED] - Delayed 1 second(s)

25-01-2025T14:51:28 - [TEST_STEP][PASSED] - if (action == "click"): null

25-01-2025T14:51:28 - [TEST_STEP][PASSED] - else if (action == "selectOptionByValue"): null

25-01-2025T14:51:28 - [TEST_STEP][PASSED] - else if (action == "setText"): Text 'Kosieracki' is set on object 'Object Repository/Education Partner Profile/Register/input_Key Contact Last Name'

25-01-2025T14:51:28 - [TEST_STEP][PASSED] - println("Setting text " + parm1): null

25-01-2025T14:51:28 - [TEST_STEP][PASSED] - setText(findTestObject(testObject), parm1): Text 'Kosieracki' is set on object 'Object Repository/Education Partner Profile/Register/input_Key Contact Last Name'

25-01-2025T14:51:28 - [MESSAGE][PASSED] - Text 'Kosieracki' is set on object 'Object Repository/Education Partner Profile/Register/input_Key Contact Last Name'

25-01-2025T14:51:28 - [MESSAGE][PASSED] - Call Test Case 'Test Cases/_Functions/Perform Action' successfully

25-01-2025T14:51:28 - [TEST_STEP][PASSED] - object = "Education Partner Profile/Register/input_Organization": null

25-01-2025T14:51:28 - [TEST_STEP][PASSED] - callTestCase(findTestCase("_Functions/Perform Action"), ["varAction":"setText", "varObject":object, "varParm1":organization], STOP_ON_FAILURE): Call Test Case 'Test Cases/_Functions/Perform Action' successfully

25-01-2025T14:51:28 - [TEST_CASE][PASSED] - Test Cases/_Functions/Perform Action: Test Cases/_Functions/Perform Action

25-01-2025T14:51:28 - [TEST_STEP][PASSED] - action = varAction: null

25-01-2025T14:51:28 - [TEST_STEP][PASSED] - println(action): null

25-01-2025T14:51:28 - [TEST_STEP][PASSED] - testObject = varObject: null

25-01-2025T14:51:28 - [TEST_STEP][PASSED] - println(testObject): null

25-01-2025T14:51:28 - [TEST_STEP][PASSED] - parm1 = varParm1: null

25-01-2025T14:51:28 - [TEST_STEP][PASSED] - println(parm1): null

25-01-2025T14:51:28 - [TEST_STEP][PASSED] - println("Converting " + testObject + " to web element"): null

25-01-2025T14:51:28 - [TEST_STEP][PASSED] - element = findWebElement(findTestObject(testObject), 1): null

25-01-2025T14:51:28 - [TEST_STEP][PASSED] - loc = element.getLocation(): null

25-01-2025T14:51:28 - [TEST_STEP][PASSED] - y = loc.getY(): null

25-01-2025T14:51:28 - [TEST_STEP][PASSED] - println("Y location is " + y): null

25-01-2025T14:51:28 - [TEST_STEP][PASSED] - top = getViewportTopPosition(): Current viewport's top (y) position is 442

25-01-2025T14:51:28 - [MESSAGE][PASSED] - Current viewport's top (y) position is 442

25-01-2025T14:51:28 - [TEST_STEP][PASSED] - println("Viewport top is " + top): null

25-01-2025T14:51:28 - [TEST_STEP][PASSED] - bottom = top + 600: null

25-01-2025T14:51:28 - [TEST_STEP][PASSED] - if (y - top < 150 || bottom - y < 10): null

25-01-2025T14:51:28 - [TEST_STEP][PASSED] - if (action == "click"): null

25-01-2025T14:51:28 - [TEST_STEP][PASSED] - else if (action == "selectOptionByValue"): null

25-01-2025T14:51:28 - [TEST_STEP][PASSED] - else if (action == "setText"): Text 'The CCK TEST Education Partner' is set on object 'Object Repository/Education Partner Profile/Register/input_Organization'

25-01-2025T14:51:28 - [TEST_STEP][PASSED] - println("Setting text " + parm1): null

25-01-2025T14:51:28 - [TEST_STEP][PASSED] - setText(findTestObject(testObject), parm1): Text 'The CCK TEST Education Partner' is set on object 'Object Repository/Education Partner Profile/Register/input_Organization'

25-01-2025T14:51:28 - [MESSAGE][PASSED] - Text 'The CCK TEST Education Partner' is set on object 'Object Repository/Education Partner Profile/Register/input_Organization'

25-01-2025T14:51:28 - [MESSAGE][PASSED] - Call Test Case 'Test Cases/_Functions/Perform Action' successfully

25-01-2025T14:51:28 - [TEST_STEP][PASSED] - object = "Education Partner Profile/Register/input_Abbreviation": null

25-01-2025T14:51:28 - [TEST_STEP][PASSED] - callTestCase(findTestCase("_Functions/Perform Action"), ["varAction":"setText", "varObject":object, "varParm1":abbreviation], STOP_ON_FAILURE): Call Test Case 'Test Cases/_Functions/Perform Action' successfully

25-01-2025T14:51:28 - [TEST_CASE][PASSED] - Test Cases/_Functions/Perform Action: Test Cases/_Functions/Perform Action

25-01-2025T14:51:28 - [TEST_STEP][PASSED] - action = varAction: null

25-01-2025T14:51:28 - [TEST_STEP][PASSED] - println(action): null

25-01-2025T14:51:28 - [TEST_STEP][PASSED] - testObject = varObject: null

25-01-2025T14:51:28 - [TEST_STEP][PASSED] - println(testObject): null

25-01-2025T14:51:28 - [TEST_STEP][PASSED] - parm1 = varParm1: null

25-01-2025T14:51:28 - [TEST_STEP][PASSED] - println(parm1): null

25-01-2025T14:51:28 - [TEST_STEP][PASSED] - println("Converting " + testObject + " to web element"): null

25-01-2025T14:51:28 - [TEST_STEP][PASSED] - element = findWebElement(findTestObject(testObject), 1): null

25-01-2025T14:51:28 - [TEST_STEP][PASSED] - loc = element.getLocation(): null

25-01-2025T14:51:28 - [TEST_STEP][PASSED] - y = loc.getY(): null

25-01-2025T14:51:28 - [TEST_STEP][PASSED] - println("Y location is " + y): null

25-01-2025T14:51:28 - [TEST_STEP][PASSED] - top = getViewportTopPosition(): Current viewport's top (y) position is 442

25-01-2025T14:51:28 - [MESSAGE][PASSED] - Current viewport's top (y) position is 442

25-01-2025T14:51:28 - [TEST_STEP][PASSED] - println("Viewport top is " + top): null

25-01-2025T14:51:28 - [TEST_STEP][PASSED] - bottom = top + 600: null

25-01-2025T14:51:28 - [TEST_STEP][PASSED] - if (y - top < 150 || bottom - y < 10): null

25-01-2025T14:51:28 - [TEST_STEP][PASSED] - if (action == "click"): null

25-01-2025T14:51:28 - [TEST_STEP][PASSED] - else if (action == "selectOptionByValue"): null

25-01-2025T14:51:28 - [TEST_STEP][PASSED] - else if (action == "setText"): Text 'CCK EP' is set on object 'Object Repository/Education Partner Profile/Register/input_Abbreviation'

25-01-2025T14:51:28 - [TEST_STEP][PASSED] - println("Setting text " + parm1): null

25-01-2025T14:51:28 - [TEST_STEP][PASSED] - setText(findTestObject(testObject), parm1): Text 'CCK EP' is set on object 'Object Repository/Education Partner Profile/Register/input_Abbreviation'

25-01-2025T14:51:28 - [MESSAGE][PASSED] - Text 'CCK EP' is set on object 'Object Repository/Education Partner Profile/Register/input_Abbreviation'

25-01-2025T14:51:28 - [MESSAGE][PASSED] - Call Test Case 'Test Cases/_Functions/Perform Action' successfully

25-01-2025T14:51:28 - [TEST_STEP][PASSED] - object = "Education Partner Profile/Register/select_World Region": null

25-01-2025T14:51:28 - [TEST_STEP][PASSED] - callTestCase(findTestCase("_Functions/Perform Action"), ["varAction":"selectOptionByValue", "varObject":object, "varParm1":world_region], STOP_ON_FAILURE): Call Test Case 'Test Cases/_Functions/Perform Action' successfully

25-01-2025T14:51:28 - [TEST_CASE][PASSED] - Test Cases/_Functions/Perform Action: Test Cases/_Functions/Perform Action

25-01-2025T14:51:28 - [TEST_STEP][PASSED] - action = varAction: null

25-01-2025T14:51:28 - [TEST_STEP][PASSED] - println(action): null

25-01-2025T14:51:28 - [TEST_STEP][PASSED] - testObject = varObject: null

25-01-2025T14:51:28 - [TEST_STEP][PASSED] - println(testObject): null

25-01-2025T14:51:28 - [TEST_STEP][PASSED] - parm1 = varParm1: null

25-01-2025T14:51:28 - [TEST_STEP][PASSED] - println(parm1): null

25-01-2025T14:51:28 - [TEST_STEP][PASSED] - println("Converting " + testObject + " to web element"): null

25-01-2025T14:51:28 - [TEST_STEP][PASSED] - element = findWebElement(findTestObject(testObject), 1): null

25-01-2025T14:51:28 - [TEST_STEP][PASSED] - loc = element.getLocation(): null

25-01-2025T14:51:28 - [TEST_STEP][PASSED] - y = loc.getY(): null

25-01-2025T14:51:28 - [TEST_STEP][PASSED] - println("Y location is " + y): null

25-01-2025T14:51:28 - [TEST_STEP][PASSED] - top = getViewportTopPosition(): Current viewport's top (y) position is 442

25-01-2025T14:51:28 - [MESSAGE][PASSED] - Current viewport's top (y) position is 442

25-01-2025T14:51:28 - [TEST_STEP][PASSED] - println("Viewport top is " + top): null

25-01-2025T14:51:28 - [TEST_STEP][PASSED] - bottom = top + 600: null

25-01-2025T14:51:28 - [TEST_STEP][PASSED] - if (y - top < 150 || bottom - y < 10): null

25-01-2025T14:51:28 - [TEST_STEP][PASSED] - if (action == "click"): null

25-01-2025T14:51:28 - [TEST_STEP][PASSED] - else if (action == "selectOptionByValue"): All options with value 'North America' are selected in object 'Object Repository/Education Partner Profile/Register/select_World Region' 

25-01-2025T14:51:28 - [TEST_STEP][PASSED] - println("Selecting " + parm1): null

25-01-2025T14:51:28 - [TEST_STEP][PASSED] - selectOptionByValue(findTestObject(testObject), parm1, false): All options with value 'North America' are selected in object 'Object Repository/Education Partner Profile/Register/select_World Region' 

25-01-2025T14:51:28 - [MESSAGE][PASSED] - All options with value 'North America' are selected in object 'Object Repository/Education Partner Profile/Register/select_World Region' 

25-01-2025T14:51:28 - [MESSAGE][PASSED] - Call Test Case 'Test Cases/_Functions/Perform Action' successfully

25-01-2025T14:51:28 - [TEST_STEP][PASSED] - object = "Education Partner Profile/Register/select_Country": null

25-01-2025T14:51:28 - [TEST_STEP][PASSED] - callTestCase(findTestCase("_Functions/Perform Action"), ["varAction":"selectOptionByValue", "varObject":object, "varParm1":country], STOP_ON_FAILURE): Call Test Case 'Test Cases/_Functions/Perform Action' successfully

25-01-2025T14:51:28 - [TEST_CASE][PASSED] - Test Cases/_Functions/Perform Action: Test Cases/_Functions/Perform Action

25-01-2025T14:51:28 - [TEST_STEP][PASSED] - action = varAction: null

25-01-2025T14:51:28 - [TEST_STEP][PASSED] - println(action): null

25-01-2025T14:51:28 - [TEST_STEP][PASSED] - testObject = varObject: null

25-01-2025T14:51:28 - [TEST_STEP][PASSED] - println(testObject): null

25-01-2025T14:51:28 - [TEST_STEP][PASSED] - parm1 = varParm1: null

25-01-2025T14:51:28 - [TEST_STEP][PASSED] - println(parm1): null

25-01-2025T14:51:28 - [TEST_STEP][PASSED] - println("Converting " + testObject + " to web element"): null

25-01-2025T14:51:28 - [TEST_STEP][PASSED] - element = findWebElement(findTestObject(testObject), 1): null

25-01-2025T14:51:28 - [TEST_STEP][PASSED] - loc = element.getLocation(): null

25-01-2025T14:51:28 - [TEST_STEP][PASSED] - y = loc.getY(): null

25-01-2025T14:51:28 - [TEST_STEP][PASSED] - println("Y location is " + y): null

25-01-2025T14:51:28 - [TEST_STEP][PASSED] - top = getViewportTopPosition(): Current viewport's top (y) position is 442

25-01-2025T14:51:28 - [MESSAGE][PASSED] - Current viewport's top (y) position is 442

25-01-2025T14:51:28 - [TEST_STEP][PASSED] - println("Viewport top is " + top): null

25-01-2025T14:51:28 - [TEST_STEP][PASSED] - bottom = top + 600: null

25-01-2025T14:51:28 - [TEST_STEP][PASSED] - if (y - top < 150 || bottom - y < 10): null

25-01-2025T14:51:28 - [TEST_STEP][PASSED] - if (action == "click"): null

25-01-2025T14:51:28 - [TEST_STEP][PASSED] - else if (action == "selectOptionByValue"): All options with value 'United States' are selected in object 'Object Repository/Education Partner Profile/Register/select_Country' 

25-01-2025T14:51:28 - [TEST_STEP][PASSED] - println("Selecting " + parm1): null

25-01-2025T14:51:28 - [TEST_STEP][PASSED] - selectOptionByValue(findTestObject(testObject), parm1, false): All options with value 'United States' are selected in object 'Object Repository/Education Partner Profile/Register/select_Country' 

25-01-2025T14:51:29 - [MESSAGE][PASSED] - All options with value 'United States' are selected in object 'Object Repository/Education Partner Profile/Register/select_Country' 

25-01-2025T14:51:29 - [MESSAGE][PASSED] - Call Test Case 'Test Cases/_Functions/Perform Action' successfully

25-01-2025T14:51:29 - [TEST_STEP][PASSED] - object = "Education Partner Profile/Register/textarea_Description": null

25-01-2025T14:51:29 - [TEST_STEP][PASSED] - callTestCase(findTestCase("_Functions/Perform Action"), ["varAction":"setText", "varObject":object, "varParm1":description], STOP_ON_FAILURE): Call Test Case 'Test Cases/_Functions/Perform Action' successfully

25-01-2025T14:51:29 - [TEST_CASE][PASSED] - Test Cases/_Functions/Perform Action: Test Cases/_Functions/Perform Action

25-01-2025T14:51:29 - [TEST_STEP][PASSED] - action = varAction: null

25-01-2025T14:51:29 - [TEST_STEP][PASSED] - println(action): null

25-01-2025T14:51:29 - [TEST_STEP][PASSED] - testObject = varObject: null

25-01-2025T14:51:29 - [TEST_STEP][PASSED] - println(testObject): null

25-01-2025T14:51:29 - [TEST_STEP][PASSED] - parm1 = varParm1: null

25-01-2025T14:51:29 - [TEST_STEP][PASSED] - println(parm1): null

25-01-2025T14:51:29 - [TEST_STEP][PASSED] - println("Converting " + testObject + " to web element"): null

25-01-2025T14:51:29 - [TEST_STEP][PASSED] - element = findWebElement(findTestObject(testObject), 1): null

25-01-2025T14:51:29 - [TEST_STEP][PASSED] - loc = element.getLocation(): null

25-01-2025T14:51:29 - [TEST_STEP][PASSED] - y = loc.getY(): null

25-01-2025T14:51:29 - [TEST_STEP][PASSED] - println("Y location is " + y): null

25-01-2025T14:51:29 - [TEST_STEP][PASSED] - top = getViewportTopPosition(): Current viewport's top (y) position is 442

25-01-2025T14:51:29 - [MESSAGE][PASSED] - Current viewport's top (y) position is 442

25-01-2025T14:51:29 - [TEST_STEP][PASSED] - println("Viewport top is " + top): null

25-01-2025T14:51:29 - [TEST_STEP][PASSED] - bottom = top + 600: null

25-01-2025T14:51:29 - [TEST_STEP][PASSED] - if (y - top < 150 || bottom - y < 10): null

25-01-2025T14:51:29 - [TEST_STEP][PASSED] - if (action == "click"): null

25-01-2025T14:51:29 - [TEST_STEP][PASSED] - else if (action == "selectOptionByValue"): null

25-01-2025T14:51:29 - [TEST_STEP][PASSED] - else if (action == "setText"): Text 'An education partner ministry' is set on object 'Object Repository/Education Partner Profile/Register/textarea_Description'

25-01-2025T14:51:29 - [TEST_STEP][PASSED] - println("Setting text " + parm1): null

25-01-2025T14:51:29 - [TEST_STEP][PASSED] - setText(findTestObject(testObject), parm1): Text 'An education partner ministry' is set on object 'Object Repository/Education Partner Profile/Register/textarea_Description'

25-01-2025T14:51:29 - [MESSAGE][PASSED] - Text 'An education partner ministry' is set on object 'Object Repository/Education Partner Profile/Register/textarea_Description'

25-01-2025T14:51:29 - [MESSAGE][PASSED] - Call Test Case 'Test Cases/_Functions/Perform Action' successfully

25-01-2025T14:51:29 - [TEST_STEP][PASSED] - website = "https://" + domain: null

25-01-2025T14:51:29 - [TEST_STEP][PASSED] - object = "Education Partner Profile/Register/input_Website Address": null

25-01-2025T14:51:29 - [TEST_STEP][PASSED] - callTestCase(findTestCase("_Functions/Perform Action"), ["varAction":"setText", "varObject":object, "varParm1":website], STOP_ON_FAILURE): Call Test Case 'Test Cases/_Functions/Perform Action' successfully

25-01-2025T14:51:29 - [TEST_CASE][PASSED] - Test Cases/_Functions/Perform Action: Test Cases/_Functions/Perform Action

25-01-2025T14:51:29 - [TEST_STEP][PASSED] - action = varAction: null

25-01-2025T14:51:29 - [TEST_STEP][PASSED] - println(action): null

25-01-2025T14:51:29 - [TEST_STEP][PASSED] - testObject = varObject: null

25-01-2025T14:51:29 - [TEST_STEP][PASSED] - println(testObject): null

25-01-2025T14:51:29 - [TEST_STEP][PASSED] - parm1 = varParm1: null

25-01-2025T14:51:29 - [TEST_STEP][PASSED] - println(parm1): null

25-01-2025T14:51:29 - [TEST_STEP][PASSED] - println("Converting " + testObject + " to web element"): null

25-01-2025T14:51:29 - [TEST_STEP][PASSED] - element = findWebElement(findTestObject(testObject), 1): null

25-01-2025T14:51:29 - [TEST_STEP][PASSED] - loc = element.getLocation(): null

25-01-2025T14:51:29 - [TEST_STEP][PASSED] - y = loc.getY(): null

25-01-2025T14:51:29 - [TEST_STEP][PASSED] - println("Y location is " + y): null

25-01-2025T14:51:29 - [TEST_STEP][PASSED] - top = getViewportTopPosition(): Current viewport's top (y) position is 442

25-01-2025T14:51:29 - [MESSAGE][PASSED] - Current viewport's top (y) position is 442

25-01-2025T14:51:29 - [TEST_STEP][PASSED] - println("Viewport top is " + top): null

25-01-2025T14:51:29 - [TEST_STEP][PASSED] - bottom = top + 600: null

25-01-2025T14:51:29 - [TEST_STEP][PASSED] - if (y - top < 150 || bottom - y < 10): Delayed 1 second(s)

25-01-2025T14:51:29 - [TEST_STEP][PASSED] - scrollToPosition(0, y - 150): Browser is scrolled to position x = 0, y = 977

25-01-2025T14:51:29 - [MESSAGE][PASSED] - Browser is scrolled to position x = 0, y = 977

25-01-2025T14:51:29 - [TEST_STEP][PASSED] - delay(1): Delayed 1 second(s)

25-01-2025T14:51:30 - [MESSAGE][PASSED] - Delayed 1 second(s)

25-01-2025T14:51:30 - [TEST_STEP][PASSED] - if (action == "click"): null

25-01-2025T14:51:30 - [TEST_STEP][PASSED] - else if (action == "selectOptionByValue"): null

25-01-2025T14:51:30 - [TEST_STEP][PASSED] - else if (action == "setText"): Text 'https://missionnext.org' is set on object 'Object Repository/Education Partner Profile/Register/input_Website Address'

25-01-2025T14:51:30 - [TEST_STEP][PASSED] - println("Setting text " + parm1): null

25-01-2025T14:51:30 - [TEST_STEP][PASSED] - setText(findTestObject(testObject), parm1): Text 'https://missionnext.org' is set on object 'Object Repository/Education Partner Profile/Register/input_Website Address'

25-01-2025T14:51:30 - [MESSAGE][PASSED] - Text 'https://missionnext.org' is set on object 'Object Repository/Education Partner Profile/Register/input_Website Address'

25-01-2025T14:51:30 - [MESSAGE][PASSED] - Call Test Case 'Test Cases/_Functions/Perform Action' successfully

25-01-2025T14:51:30 - [TEST_STEP][PASSED] - orgs = affiliated_orgs: null

25-01-2025T14:51:30 - [TEST_STEP][PASSED] - for (def org : orgs): Call Test Case 'Test Cases/_Functions/Perform Action' successfully

25-01-2025T14:51:30 - [TEST_STEP][PASSED] - myObject = testObjectFolder + "checkbox_" + org: null

25-01-2025T14:51:30 - [TEST_STEP][PASSED] - callTestCase(findTestCase("_Functions/Perform Action"), ["varAction":"click", "varObject":myObject], STOP_ON_FAILURE): Call Test Case 'Test Cases/_Functions/Perform Action' successfully

25-01-2025T14:51:30 - [TEST_CASE][PASSED] - Test Cases/_Functions/Perform Action: Test Cases/_Functions/Perform Action

25-01-2025T14:51:30 - [TEST_STEP][PASSED] - action = varAction: null

25-01-2025T14:51:30 - [TEST_STEP][PASSED] - println(action): null

25-01-2025T14:51:30 - [TEST_STEP][PASSED] - testObject = varObject: null

25-01-2025T14:51:30 - [TEST_STEP][PASSED] - println(testObject): null

25-01-2025T14:51:30 - [TEST_STEP][PASSED] - parm1 = varParm1: null

25-01-2025T14:51:30 - [TEST_STEP][PASSED] - println(parm1): null

25-01-2025T14:51:30 - [TEST_STEP][PASSED] - println("Converting " + testObject + " to web element"): null

25-01-2025T14:51:30 - [TEST_STEP][PASSED] - element = findWebElement(findTestObject(testObject), 1): null

25-01-2025T14:51:30 - [TEST_STEP][PASSED] - loc = element.getLocation(): null

25-01-2025T14:51:30 - [TEST_STEP][PASSED] - y = loc.getY(): null

25-01-2025T14:51:30 - [TEST_STEP][PASSED] - println("Y location is " + y): null

25-01-2025T14:51:30 - [TEST_STEP][PASSED] - top = getViewportTopPosition(): Current viewport's top (y) position is 977

25-01-2025T14:51:30 - [MESSAGE][PASSED] - Current viewport's top (y) position is 977

25-01-2025T14:51:30 - [TEST_STEP][PASSED] - println("Viewport top is " + top): null

25-01-2025T14:51:30 - [TEST_STEP][PASSED] - bottom = top + 600: null

25-01-2025T14:51:30 - [TEST_STEP][PASSED] - if (y - top < 150 || bottom - y < 10): null

25-01-2025T14:51:30 - [TEST_STEP][PASSED] - if (action == "click"): Object: 'Object Repository/Education Partner Profile/Register/checkbox_ECFA' is clicked on

25-01-2025T14:51:30 - [TEST_STEP][PASSED] - println("clicking"): null

25-01-2025T14:51:30 - [TEST_STEP][PASSED] - click(findTestObject(testObject)): Object: 'Object Repository/Education Partner Profile/Register/checkbox_ECFA' is clicked on

25-01-2025T14:51:30 - [MESSAGE][PASSED] - Object: 'Object Repository/Education Partner Profile/Register/checkbox_ECFA' is clicked on

25-01-2025T14:51:30 - [MESSAGE][PASSED] - Call Test Case 'Test Cases/_Functions/Perform Action' successfully

25-01-2025T14:51:30 - [TEST_STEP][PASSED] - myObject = testObjectFolder + "checkbox_" + org: null

25-01-2025T14:51:30 - [TEST_STEP][PASSED] - callTestCase(findTestCase("_Functions/Perform Action"), ["varAction":"click", "varObject":myObject], STOP_ON_FAILURE): Call Test Case 'Test Cases/_Functions/Perform Action' successfully

25-01-2025T14:51:30 - [TEST_CASE][PASSED] - Test Cases/_Functions/Perform Action: Test Cases/_Functions/Perform Action

25-01-2025T14:51:30 - [TEST_STEP][PASSED] - action = varAction: null

25-01-2025T14:51:30 - [TEST_STEP][PASSED] - println(action): null

25-01-2025T14:51:30 - [TEST_STEP][PASSED] - testObject = varObject: null

25-01-2025T14:51:30 - [TEST_STEP][PASSED] - println(testObject): null

25-01-2025T14:51:30 - [TEST_STEP][PASSED] - parm1 = varParm1: null

25-01-2025T14:51:30 - [TEST_STEP][PASSED] - println(parm1): null

25-01-2025T14:51:30 - [TEST_STEP][PASSED] - println("Converting " + testObject + " to web element"): null

25-01-2025T14:51:30 - [TEST_STEP][PASSED] - element = findWebElement(findTestObject(testObject), 1): null

25-01-2025T14:51:30 - [TEST_STEP][PASSED] - loc = element.getLocation(): null

25-01-2025T14:51:30 - [TEST_STEP][PASSED] - y = loc.getY(): null

25-01-2025T14:51:30 - [TEST_STEP][PASSED] - println("Y location is " + y): null

25-01-2025T14:51:30 - [TEST_STEP][PASSED] - top = getViewportTopPosition(): Current viewport's top (y) position is 977

25-01-2025T14:51:30 - [MESSAGE][PASSED] - Current viewport's top (y) position is 977

25-01-2025T14:51:30 - [TEST_STEP][PASSED] - println("Viewport top is " + top): null

25-01-2025T14:51:30 - [TEST_STEP][PASSED] - bottom = top + 600: null

25-01-2025T14:51:30 - [TEST_STEP][PASSED] - if (y - top < 150 || bottom - y < 10): null

25-01-2025T14:51:30 - [TEST_STEP][PASSED] - if (action == "click"): Object: 'Object Repository/Education Partner Profile/Register/checkbox_AIMS' is clicked on

25-01-2025T14:51:30 - [TEST_STEP][PASSED] - println("clicking"): null

25-01-2025T14:51:30 - [TEST_STEP][PASSED] - click(findTestObject(testObject)): Object: 'Object Repository/Education Partner Profile/Register/checkbox_AIMS' is clicked on

25-01-2025T14:51:30 - [MESSAGE][PASSED] - Object: 'Object Repository/Education Partner Profile/Register/checkbox_AIMS' is clicked on

25-01-2025T14:51:30 - [MESSAGE][PASSED] - Call Test Case 'Test Cases/_Functions/Perform Action' successfully

25-01-2025T14:51:30 - [TEST_STEP][PASSED] - myObject = testObjectFolder + "checkbox_" + org: null

25-01-2025T14:51:30 - [TEST_STEP][PASSED] - callTestCase(findTestCase("_Functions/Perform Action"), ["varAction":"click", "varObject":myObject], STOP_ON_FAILURE): Call Test Case 'Test Cases/_Functions/Perform Action' successfully

25-01-2025T14:51:30 - [TEST_CASE][PASSED] - Test Cases/_Functions/Perform Action: Test Cases/_Functions/Perform Action

25-01-2025T14:51:30 - [TEST_STEP][PASSED] - action = varAction: null

25-01-2025T14:51:30 - [TEST_STEP][PASSED] - println(action): null

25-01-2025T14:51:30 - [TEST_STEP][PASSED] - testObject = varObject: null

25-01-2025T14:51:30 - [TEST_STEP][PASSED] - println(testObject): null

25-01-2025T14:51:30 - [TEST_STEP][PASSED] - parm1 = varParm1: null

25-01-2025T14:51:30 - [TEST_STEP][PASSED] - println(parm1): null

25-01-2025T14:51:30 - [TEST_STEP][PASSED] - println("Converting " + testObject + " to web element"): null

25-01-2025T14:51:30 - [TEST_STEP][PASSED] - element = findWebElement(findTestObject(testObject), 1): null

25-01-2025T14:51:30 - [TEST_STEP][PASSED] - loc = element.getLocation(): null

25-01-2025T14:51:30 - [TEST_STEP][PASSED] - y = loc.getY(): null

25-01-2025T14:51:30 - [TEST_STEP][PASSED] - println("Y location is " + y): null

25-01-2025T14:51:30 - [TEST_STEP][PASSED] - top = getViewportTopPosition(): Current viewport's top (y) position is 977

25-01-2025T14:51:30 - [MESSAGE][PASSED] - Current viewport's top (y) position is 977

25-01-2025T14:51:30 - [TEST_STEP][PASSED] - println("Viewport top is " + top): null

25-01-2025T14:51:30 - [TEST_STEP][PASSED] - bottom = top + 600: null

25-01-2025T14:51:30 - [TEST_STEP][PASSED] - if (y - top < 150 || bottom - y < 10): null

25-01-2025T14:51:30 - [TEST_STEP][PASSED] - if (action == "click"): Object: 'Object Repository/Education Partner Profile/Register/checkbox_Accord Network' is clicked on

25-01-2025T14:51:30 - [TEST_STEP][PASSED] - println("clicking"): null

25-01-2025T14:51:30 - [TEST_STEP][PASSED] - click(findTestObject(testObject)): Object: 'Object Repository/Education Partner Profile/Register/checkbox_Accord Network' is clicked on

25-01-2025T14:51:31 - [MESSAGE][PASSED] - Object: 'Object Repository/Education Partner Profile/Register/checkbox_Accord Network' is clicked on

25-01-2025T14:51:31 - [MESSAGE][PASSED] - Call Test Case 'Test Cases/_Functions/Perform Action' successfully

25-01-2025T14:51:31 - [TEST_STEP][PASSED] - object = "Education Partner Profile/Register/select_School Qualifications": null

25-01-2025T14:51:31 - [TEST_STEP][PASSED] - callTestCase(findTestCase("_Functions/Perform Action"), ["varAction":"selectOptionByValue", "varObject":object, "varParm1":meet_qualifications], STOP_ON_FAILURE): Call Test Case 'Test Cases/_Functions/Perform Action' successfully

25-01-2025T14:51:31 - [TEST_CASE][PASSED] - Test Cases/_Functions/Perform Action: Test Cases/_Functions/Perform Action

25-01-2025T14:51:31 - [TEST_STEP][PASSED] - action = varAction: null

25-01-2025T14:51:31 - [TEST_STEP][PASSED] - println(action): null

25-01-2025T14:51:31 - [TEST_STEP][PASSED] - testObject = varObject: null

25-01-2025T14:51:31 - [TEST_STEP][PASSED] - println(testObject): null

25-01-2025T14:51:31 - [TEST_STEP][PASSED] - parm1 = varParm1: null

25-01-2025T14:51:31 - [TEST_STEP][PASSED] - println(parm1): null

25-01-2025T14:51:31 - [TEST_STEP][PASSED] - println("Converting " + testObject + " to web element"): null

25-01-2025T14:51:31 - [TEST_STEP][PASSED] - element = findWebElement(findTestObject(testObject), 1): null

25-01-2025T14:51:31 - [TEST_STEP][PASSED] - loc = element.getLocation(): null

25-01-2025T14:51:31 - [TEST_STEP][PASSED] - y = loc.getY(): null

25-01-2025T14:51:31 - [TEST_STEP][PASSED] - println("Y location is " + y): null

25-01-2025T14:51:31 - [TEST_STEP][PASSED] - top = getViewportTopPosition(): Current viewport's top (y) position is 977

25-01-2025T14:51:31 - [MESSAGE][PASSED] - Current viewport's top (y) position is 977

25-01-2025T14:51:31 - [TEST_STEP][PASSED] - println("Viewport top is " + top): null

25-01-2025T14:51:31 - [TEST_STEP][PASSED] - bottom = top + 600: null

25-01-2025T14:51:31 - [TEST_STEP][PASSED] - if (y - top < 150 || bottom - y < 10): null

25-01-2025T14:51:31 - [TEST_STEP][PASSED] - if (action == "click"): null

25-01-2025T14:51:31 - [TEST_STEP][PASSED] - else if (action == "selectOptionByValue"): All options with value 'Yes, my school is a Christian School' are selected in object 'Object Repository/Education Partner Profile/Register/select_School Qualifications' 

25-01-2025T14:51:31 - [TEST_STEP][PASSED] - println("Selecting " + parm1): null

25-01-2025T14:51:31 - [TEST_STEP][PASSED] - selectOptionByValue(findTestObject(testObject), parm1, false): All options with value 'Yes, my school is a Christian School' are selected in object 'Object Repository/Education Partner Profile/Register/select_School Qualifications' 

25-01-2025T14:51:31 - [MESSAGE][PASSED] - All options with value 'Yes, my school is a Christian School' are selected in object 'Object Repository/Education Partner Profile/Register/select_School Qualifications' 

25-01-2025T14:51:31 - [MESSAGE][PASSED] - Call Test Case 'Test Cases/_Functions/Perform Action' successfully

25-01-2025T14:51:31 - [TEST_STEP][PASSED] - object = "Education Partner Profile/Register/select_How did you hear about MissionNext": null

25-01-2025T14:51:31 - [TEST_STEP][PASSED] - callTestCase(findTestCase("_Functions/Perform Action"), ["varAction":"selectOptionByValue", "varObject":object, "varParm1":learn_about], STOP_ON_FAILURE): Call Test Case 'Test Cases/_Functions/Perform Action' successfully

25-01-2025T14:51:31 - [TEST_CASE][PASSED] - Test Cases/_Functions/Perform Action: Test Cases/_Functions/Perform Action

25-01-2025T14:51:31 - [TEST_STEP][PASSED] - action = varAction: null

25-01-2025T14:51:31 - [TEST_STEP][PASSED] - println(action): null

25-01-2025T14:51:31 - [TEST_STEP][PASSED] - testObject = varObject: null

25-01-2025T14:51:31 - [TEST_STEP][PASSED] - println(testObject): null

25-01-2025T14:51:31 - [TEST_STEP][PASSED] - parm1 = varParm1: null

25-01-2025T14:51:31 - [TEST_STEP][PASSED] - println(parm1): null

25-01-2025T14:51:31 - [TEST_STEP][PASSED] - println("Converting " + testObject + " to web element"): null

25-01-2025T14:51:31 - [TEST_STEP][PASSED] - element = findWebElement(findTestObject(testObject), 1): null

25-01-2025T14:51:31 - [TEST_STEP][PASSED] - loc = element.getLocation(): null

25-01-2025T14:51:31 - [TEST_STEP][PASSED] - y = loc.getY(): null

25-01-2025T14:51:31 - [TEST_STEP][PASSED] - println("Y location is " + y): null

25-01-2025T14:51:31 - [TEST_STEP][PASSED] - top = getViewportTopPosition(): Current viewport's top (y) position is 977

25-01-2025T14:51:31 - [MESSAGE][PASSED] - Current viewport's top (y) position is 977

25-01-2025T14:51:31 - [TEST_STEP][PASSED] - println("Viewport top is " + top): null

25-01-2025T14:51:31 - [TEST_STEP][PASSED] - bottom = top + 600: null

25-01-2025T14:51:31 - [TEST_STEP][PASSED] - if (y - top < 150 || bottom - y < 10): null

25-01-2025T14:51:31 - [TEST_STEP][PASSED] - if (action == "click"): null

25-01-2025T14:51:31 - [TEST_STEP][PASSED] - else if (action == "selectOptionByValue"): All options with value 'Not Sure' are selected in object 'Object Repository/Education Partner Profile/Register/select_How did you hear about MissionNext' 

25-01-2025T14:51:31 - [TEST_STEP][PASSED] - println("Selecting " + parm1): null

25-01-2025T14:51:31 - [TEST_STEP][PASSED] - selectOptionByValue(findTestObject(testObject), parm1, false): All options with value 'Not Sure' are selected in object 'Object Repository/Education Partner Profile/Register/select_How did you hear about MissionNext' 

25-01-2025T14:51:31 - [MESSAGE][PASSED] - All options with value 'Not Sure' are selected in object 'Object Repository/Education Partner Profile/Register/select_How did you hear about MissionNext' 

25-01-2025T14:51:31 - [MESSAGE][PASSED] - Call Test Case 'Test Cases/_Functions/Perform Action' successfully

25-01-2025T14:51:31 - [TEST_STEP][PASSED] - object = "Object Repository/Education Partner Profile/Register/textarea_Referral or Other Comment": null

25-01-2025T14:51:31 - [TEST_STEP][PASSED] - callTestCase(findTestCase("_Functions/Perform Action"), ["varAction":"setText", "varObject":object, "varParm1":other_comment], STOP_ON_FAILURE): Call Test Case 'Test Cases/_Functions/Perform Action' successfully

25-01-2025T14:51:31 - [TEST_CASE][PASSED] - Test Cases/_Functions/Perform Action: Test Cases/_Functions/Perform Action

25-01-2025T14:51:31 - [TEST_STEP][PASSED] - action = varAction: null

25-01-2025T14:51:31 - [TEST_STEP][PASSED] - println(action): null

25-01-2025T14:51:31 - [TEST_STEP][PASSED] - testObject = varObject: null

25-01-2025T14:51:31 - [TEST_STEP][PASSED] - println(testObject): null

25-01-2025T14:51:31 - [TEST_STEP][PASSED] - parm1 = varParm1: null

25-01-2025T14:51:31 - [TEST_STEP][PASSED] - println(parm1): null

25-01-2025T14:51:31 - [TEST_STEP][PASSED] - println("Converting " + testObject + " to web element"): null

25-01-2025T14:51:31 - [TEST_STEP][PASSED] - element = findWebElement(findTestObject(testObject), 1): null

25-01-2025T14:51:31 - [TEST_STEP][PASSED] - loc = element.getLocation(): null

25-01-2025T14:51:31 - [TEST_STEP][PASSED] - y = loc.getY(): null

25-01-2025T14:51:31 - [TEST_STEP][PASSED] - println("Y location is " + y): null

25-01-2025T14:51:31 - [TEST_STEP][PASSED] - top = getViewportTopPosition(): Current viewport's top (y) position is 977

25-01-2025T14:51:31 - [MESSAGE][PASSED] - Current viewport's top (y) position is 977

25-01-2025T14:51:31 - [TEST_STEP][PASSED] - println("Viewport top is " + top): null

25-01-2025T14:51:31 - [TEST_STEP][PASSED] - bottom = top + 600: null

25-01-2025T14:51:31 - [TEST_STEP][PASSED] - if (y - top < 150 || bottom - y < 10): null

25-01-2025T14:51:31 - [TEST_STEP][PASSED] - if (action == "click"): null

25-01-2025T14:51:31 - [TEST_STEP][PASSED] - else if (action == "selectOptionByValue"): null

25-01-2025T14:51:31 - [TEST_STEP][PASSED] - else if (action == "setText"): Text 'I am excited to be able to find a missions opportunity' is set on object 'Object Repository/Education Partner Profile/Register/textarea_Referral or Other Comment'

25-01-2025T14:51:31 - [TEST_STEP][PASSED] - println("Setting text " + parm1): null

25-01-2025T14:51:31 - [TEST_STEP][PASSED] - setText(findTestObject(testObject), parm1): Text 'I am excited to be able to find a missions opportunity' is set on object 'Object Repository/Education Partner Profile/Register/textarea_Referral or Other Comment'

25-01-2025T14:51:31 - [MESSAGE][PASSED] - Text 'I am excited to be able to find a missions opportunity' is set on object 'Object Repository/Education Partner Profile/Register/textarea_Referral or Other Comment'

25-01-2025T14:51:31 - [MESSAGE][PASSED] - Call Test Case 'Test Cases/_Functions/Perform Action' successfully

25-01-2025T14:51:31 - [TEST_STEP][PASSED] - object = "Education Partner Profile/Register/checkbox_Partnership Agreement": null

25-01-2025T14:51:31 - [TEST_STEP][PASSED] - callTestCase(findTestCase("_Functions/Perform Action"), ["varAction":"click", "varObject":object], STOP_ON_FAILURE): Call Test Case 'Test Cases/_Functions/Perform Action' successfully

25-01-2025T14:51:31 - [TEST_CASE][PASSED] - Test Cases/_Functions/Perform Action: Test Cases/_Functions/Perform Action

25-01-2025T14:51:31 - [TEST_STEP][PASSED] - action = varAction: null

25-01-2025T14:51:31 - [TEST_STEP][PASSED] - println(action): null

25-01-2025T14:51:31 - [TEST_STEP][PASSED] - testObject = varObject: null

25-01-2025T14:51:31 - [TEST_STEP][PASSED] - println(testObject): null

25-01-2025T14:51:31 - [TEST_STEP][PASSED] - parm1 = varParm1: null

25-01-2025T14:51:31 - [TEST_STEP][PASSED] - println(parm1): null

25-01-2025T14:51:31 - [TEST_STEP][PASSED] - println("Converting " + testObject + " to web element"): null

25-01-2025T14:51:31 - [TEST_STEP][PASSED] - element = findWebElement(findTestObject(testObject), 1): null

25-01-2025T14:51:31 - [TEST_STEP][PASSED] - loc = element.getLocation(): null

25-01-2025T14:51:31 - [TEST_STEP][PASSED] - y = loc.getY(): null

25-01-2025T14:51:31 - [TEST_STEP][PASSED] - println("Y location is " + y): null

25-01-2025T14:51:31 - [TEST_STEP][PASSED] - top = getViewportTopPosition(): Current viewport's top (y) position is 977

25-01-2025T14:51:31 - [MESSAGE][PASSED] - Current viewport's top (y) position is 977

25-01-2025T14:51:31 - [TEST_STEP][PASSED] - println("Viewport top is " + top): null

25-01-2025T14:51:31 - [TEST_STEP][PASSED] - bottom = top + 600: null

25-01-2025T14:51:31 - [TEST_STEP][PASSED] - if (y - top < 150 || bottom - y < 10): null

25-01-2025T14:51:31 - [TEST_STEP][PASSED] - if (action == "click"): Object: 'Object Repository/Education Partner Profile/Register/checkbox_Partnership Agreement' is clicked on

25-01-2025T14:51:31 - [TEST_STEP][PASSED] - println("clicking"): null

25-01-2025T14:51:31 - [TEST_STEP][PASSED] - click(findTestObject(testObject)): Object: 'Object Repository/Education Partner Profile/Register/checkbox_Partnership Agreement' is clicked on

25-01-2025T14:51:32 - [MESSAGE][PASSED] - Object: 'Object Repository/Education Partner Profile/Register/checkbox_Partnership Agreement' is clicked on

25-01-2025T14:51:32 - [MESSAGE][PASSED] - Call Test Case 'Test Cases/_Functions/Perform Action' successfully

25-01-2025T14:51:32 - [TEST_STEP][PASSED] - object = "Education Partner Profile/Register/checkbox_Terms and Conditions": null

25-01-2025T14:51:32 - [TEST_STEP][PASSED] - callTestCase(findTestCase("_Functions/Perform Action"), ["varAction":"click", "varObject":object], STOP_ON_FAILURE): Call Test Case 'Test Cases/_Functions/Perform Action' successfully

25-01-2025T14:51:32 - [TEST_CASE][PASSED] - Test Cases/_Functions/Perform Action: Test Cases/_Functions/Perform Action

25-01-2025T14:51:32 - [TEST_STEP][PASSED] - action = varAction: null

25-01-2025T14:51:32 - [TEST_STEP][PASSED] - println(action): null

25-01-2025T14:51:32 - [TEST_STEP][PASSED] - testObject = varObject: null

25-01-2025T14:51:32 - [TEST_STEP][PASSED] - println(testObject): null

25-01-2025T14:51:32 - [TEST_STEP][PASSED] - parm1 = varParm1: null

25-01-2025T14:51:32 - [TEST_STEP][PASSED] - println(parm1): null

25-01-2025T14:51:32 - [TEST_STEP][PASSED] - println("Converting " + testObject + " to web element"): null

25-01-2025T14:51:32 - [TEST_STEP][PASSED] - element = findWebElement(findTestObject(testObject), 1): null

25-01-2025T14:51:32 - [TEST_STEP][PASSED] - loc = element.getLocation(): null

25-01-2025T14:51:32 - [TEST_STEP][PASSED] - y = loc.getY(): null

25-01-2025T14:51:32 - [TEST_STEP][PASSED] - println("Y location is " + y): null

25-01-2025T14:51:32 - [TEST_STEP][PASSED] - top = getViewportTopPosition(): Current viewport's top (y) position is 977

25-01-2025T14:51:32 - [MESSAGE][PASSED] - Current viewport's top (y) position is 977

25-01-2025T14:51:32 - [TEST_STEP][PASSED] - println("Viewport top is " + top): null

25-01-2025T14:51:32 - [TEST_STEP][PASSED] - bottom = top + 600: null

25-01-2025T14:51:32 - [TEST_STEP][PASSED] - if (y - top < 150 || bottom - y < 10): Delayed 1 second(s)

25-01-2025T14:51:32 - [TEST_STEP][PASSED] - scrollToPosition(0, y - 150): Browser is scrolled to position x = 0, y = 1452

25-01-2025T14:51:32 - [MESSAGE][PASSED] - Browser is scrolled to position x = 0, y = 1452

25-01-2025T14:51:32 - [TEST_STEP][PASSED] - delay(1): Delayed 1 second(s)

25-01-2025T14:51:33 - [MESSAGE][PASSED] - Delayed 1 second(s)

25-01-2025T14:51:33 - [TEST_STEP][PASSED] - if (action == "click"): Object: 'Object Repository/Education Partner Profile/Register/checkbox_Terms and Conditions' is clicked on

25-01-2025T14:51:33 - [TEST_STEP][PASSED] - println("clicking"): null

25-01-2025T14:51:33 - [TEST_STEP][PASSED] - click(findTestObject(testObject)): Object: 'Object Repository/Education Partner Profile/Register/checkbox_Terms and Conditions' is clicked on

25-01-2025T14:51:33 - [MESSAGE][PASSED] - Object: 'Object Repository/Education Partner Profile/Register/checkbox_Terms and Conditions' is clicked on

25-01-2025T14:51:33 - [MESSAGE][PASSED] - Call Test Case 'Test Cases/_Functions/Perform Action' successfully

25-01-2025T14:51:33 - [TEST_STEP][PASSED] - delay(2): Delayed 2 second(s)

25-01-2025T14:51:35 - [MESSAGE][PASSED] - Delayed 2 second(s)

25-01-2025T14:51:35 - [TEST_STEP][PASSED] - object = "Object Repository/Education Partner Profile/Register/button_Sign up": null

25-01-2025T14:51:35 - [TEST_STEP][PASSED] - callTestCase(findTestCase("_Functions/Perform Action"), ["varAction":"click", "varObject":object], STOP_ON_FAILURE): Call Test Case 'Test Cases/_Functions/Perform Action' successfully

25-01-2025T14:51:35 - [TEST_CASE][PASSED] - Test Cases/_Functions/Perform Action: Test Cases/_Functions/Perform Action

25-01-2025T14:51:35 - [TEST_STEP][PASSED] - action = varAction: null

25-01-2025T14:51:35 - [TEST_STEP][PASSED] - println(action): null

25-01-2025T14:51:35 - [TEST_STEP][PASSED] - testObject = varObject: null

25-01-2025T14:51:35 - [TEST_STEP][PASSED] - println(testObject): null

25-01-2025T14:51:35 - [TEST_STEP][PASSED] - parm1 = varParm1: null

25-01-2025T14:51:35 - [TEST_STEP][PASSED] - println(parm1): null

25-01-2025T14:51:35 - [TEST_STEP][PASSED] - println("Converting " + testObject + " to web element"): null

25-01-2025T14:51:35 - [TEST_STEP][PASSED] - element = findWebElement(findTestObject(testObject), 1): null

25-01-2025T14:51:35 - [TEST_STEP][PASSED] - loc = element.getLocation(): null

25-01-2025T14:51:35 - [TEST_STEP][PASSED] - y = loc.getY(): null

25-01-2025T14:51:35 - [TEST_STEP][PASSED] - println("Y location is " + y): null

25-01-2025T14:51:35 - [TEST_STEP][PASSED] - top = getViewportTopPosition(): Current viewport's top (y) position is 1127

25-01-2025T14:51:35 - [MESSAGE][PASSED] - Current viewport's top (y) position is 1127

25-01-2025T14:51:35 - [TEST_STEP][PASSED] - println("Viewport top is " + top): null

25-01-2025T14:51:35 - [TEST_STEP][PASSED] - bottom = top + 600: null

25-01-2025T14:51:35 - [TEST_STEP][PASSED] - if (y - top < 150 || bottom - y < 10): null

25-01-2025T14:51:35 - [TEST_STEP][PASSED] - if (action == "click"): Object: 'Object Repository/Education Partner Profile/Register/button_Sign up' is clicked on

25-01-2025T14:51:35 - [TEST_STEP][PASSED] - println("clicking"): null

25-01-2025T14:51:35 - [TEST_STEP][PASSED] - click(findTestObject(testObject)): Object: 'Object Repository/Education Partner Profile/Register/button_Sign up' is clicked on

25-01-2025T14:51:40 - [MESSAGE][PASSED] - Object: 'Object Repository/Education Partner Profile/Register/button_Sign up' is clicked on

25-01-2025T14:51:40 - [MESSAGE][PASSED] - Call Test Case 'Test Cases/_Functions/Perform Action' successfully

25-01-2025T14:51:40 - [TEST_STEP][PASSED] - delay(1): Delayed 1 second(s)

25-01-2025T14:51:41 - [MESSAGE][PASSED] - Delayed 1 second(s)

25-01-2025T14:51:41 - [TEST_STEP][PASSED] - waitForPageLoad(10): Wait for page load successfully

25-01-2025T14:51:41 - [MESSAGE][PASSED] - Wait for page load successfully

25-01-2025T14:51:41 - [TEST_STEP][PASSED] - pending = verifyTextPresent("Approval Pending", false, OPTIONAL): Text 'Approval Pending' is not present on page  (Root cause: com.kms.katalon.core.exception.StepFailedException: Text 'Approval Pending' is not present on page 
	at com.kms.katalon.core.webui.keyword.internal.WebUIKeywordMain.stepFailed(WebUIKeywordMain.groovy:117)
	at com.kms.katalon.core.webui.keyword.builtin.VerifyTextPresentKeyword$_verifyTextPresent_closure1.doCall(VerifyTextPresentKeyword.groovy:79)
	at com.kms.katalon.core.webui.keyword.builtin.VerifyTextPresentKeyword$_verifyTextPresent_closure1.call(VerifyTextPresentKeyword.groovy)
	at com.kms.katalon.core.webui.keyword.internal.WebUIKeywordMain.runKeyword(WebUIKeywordMain.groovy:35)
	at com.kms.katalon.core.webui.keyword.builtin.VerifyTextPresentKeyword.verifyTextPresent(VerifyTextPresentKeyword.groovy:83)
	at com.kms.katalon.core.webui.keyword.builtin.VerifyTextPresentKeyword.execute(VerifyTextPresentKeyword.groovy:68)
	at com.kms.katalon.core.keyword.internal.KeywordExecutor.executeKeywordForPlatform(KeywordExecutor.groovy:74)
	at com.kms.katalon.core.webui.keyword.WebUiBuiltInKeywords.verifyTextPresent(WebUiBuiltInKeywords.groovy:1746)
	at Register Education Partner.run(Register Education Partner:361)
	at com.kms.katalon.core.main.ScriptEngine.run(ScriptEngine.java:194)
	at com.kms.katalon.core.main.ScriptEngine.runScriptAsRawText(ScriptEngine.java:119)
	at com.kms.katalon.core.main.TestCaseExecutor.runScript(TestCaseExecutor.java:448)
	at com.kms.katalon.core.main.TestCaseExecutor.doExecute(TestCaseExecutor.java:439)
	at com.kms.katalon.core.main.TestCaseExecutor.processExecutionPhase(TestCaseExecutor.java:418)
	at com.kms.katalon.core.main.TestCaseExecutor.accessMainPhase(TestCaseExecutor.java:410)
	at com.kms.katalon.core.main.TestCaseExecutor.execute(TestCaseExecutor.java:285)
	at com.kms.katalon.core.common.CommonExecutor.accessTestCaseMainPhase(CommonExecutor.java:65)
	at com.kms.katalon.core.main.TestSuiteExecutor.accessTestSuiteMainPhase(TestSuiteExecutor.java:150)
	at com.kms.katalon.core.main.TestSuiteExecutor.execute(TestSuiteExecutor.java:106)
	at com.kms.katalon.core.main.TestCaseMain.startTestSuite(TestCaseMain.java:180)
	at TempTestSuite1737837877881.run(TempTestSuite1737837877881.groovy:35)
	at java.base/jdk.internal.reflect.NativeMethodAccessorImpl.invoke0(Native Method)
	at java.base/jdk.internal.reflect.NativeMethodAccessorImpl.invoke(NativeMethodAccessorImpl.java:77)
	at java.base/jdk.internal.reflect.DelegatingMethodAccessorImpl.invoke(DelegatingMethodAccessorImpl.java:43)
)

25-01-2025T14:51:41 - [MESSAGE][WARNING] - Text 'Approval Pending' is not present on page  (Root cause: com.kms.katalon.core.exception.StepFailedException: Text 'Approval Pending' is not present on page 
	at com.kms.katalon.core.webui.keyword.internal.WebUIKeywordMain.stepFailed(WebUIKeywordMain.groovy:117)
	at com.kms.katalon.core.webui.keyword.builtin.VerifyTextPresentKeyword$_verifyTextPresent_closure1.doCall(VerifyTextPresentKeyword.groovy:79)
	at com.kms.katalon.core.webui.keyword.builtin.VerifyTextPresentKeyword$_verifyTextPresent_closure1.call(VerifyTextPresentKeyword.groovy)
	at com.kms.katalon.core.webui.keyword.internal.WebUIKeywordMain.runKeyword(WebUIKeywordMain.groovy:35)
	at com.kms.katalon.core.webui.keyword.builtin.VerifyTextPresentKeyword.verifyTextPresent(VerifyTextPresentKeyword.groovy:83)
	at com.kms.katalon.core.webui.keyword.builtin.VerifyTextPresentKeyword.execute(VerifyTextPresentKeyword.groovy:68)
	at com.kms.katalon.core.keyword.internal.KeywordExecutor.executeKeywordForPlatform(KeywordExecutor.groovy:74)
	at com.kms.katalon.core.webui.keyword.WebUiBuiltInKeywords.verifyTextPresent(WebUiBuiltInKeywords.groovy:1746)
	at Register Education Partner.run(Register Education Partner:361)
	at com.kms.katalon.core.main.ScriptEngine.run(ScriptEngine.java:194)
	at com.kms.katalon.core.main.ScriptEngine.runScriptAsRawText(ScriptEngine.java:119)
	at com.kms.katalon.core.main.TestCaseExecutor.runScript(TestCaseExecutor.java:448)
	at com.kms.katalon.core.main.TestCaseExecutor.doExecute(TestCaseExecutor.java:439)
	at com.kms.katalon.core.main.TestCaseExecutor.processExecutionPhase(TestCaseExecutor.java:418)
	at com.kms.katalon.core.main.TestCaseExecutor.accessMainPhase(TestCaseExecutor.java:410)
	at com.kms.katalon.core.main.TestCaseExecutor.execute(TestCaseExecutor.java:285)
	at com.kms.katalon.core.common.CommonExecutor.accessTestCaseMainPhase(CommonExecutor.java:65)
	at com.kms.katalon.core.main.TestSuiteExecutor.accessTestSuiteMainPhase(TestSuiteExecutor.java:150)
	at com.kms.katalon.core.main.TestSuiteExecutor.execute(TestSuiteExecutor.java:106)
	at com.kms.katalon.core.main.TestCaseMain.startTestSuite(TestCaseMain.java:180)
	at TempTestSuite1737837877881.run(TempTestSuite1737837877881.groovy:35)
	at java.base/jdk.internal.reflect.NativeMethodAccessorImpl.invoke0(Native Method)
	at java.base/jdk.internal.reflect.NativeMethodAccessorImpl.invoke(NativeMethodAccessorImpl.java:77)
	at java.base/jdk.internal.reflect.DelegatingMethodAccessorImpl.invoke(DelegatingMethodAccessorImpl.java:43)
)

25-01-2025T14:51:41 - [TEST_STEP][PASSED] - if (pending): null

25-01-2025T14:51:41 - [TEST_STEP][PASSED] - else: null

25-01-2025T14:51:41 - [TEST_STEP][PASSED] - outText = "
--- Failed to find the Approval Pending page.": null

25-01-2025T14:51:41 - [TEST_STEP][PASSED] - println(outText): null

25-01-2025T14:51:41 - [TEST_STEP][PASSED] - outFile.append(outText + "
"): null

25-01-2025T14:51:41 - [TEST_STEP][PASSED] - markError("
" + outText): null

25-01-2025T14:51:41 - [TEST_STEP][PASSED] - callTestCase(findTestCase("_Functions/Generic Wait for Email"), ["varFromKey":"chris.kosieracki@missionnext.org", "varSubjectKey":"Approval request", "varSearchKey":username], STOP_ON_FAILURE): Call Test Case 'Test Cases/_Functions/Generic Wait for Email' successfully

25-01-2025T14:51:41 - [TEST_CASE][PASSED] - Test Cases/_Functions/Generic Wait for Email: Test Cases/_Functions/Generic Wait for Email

25-01-2025T14:51:42 - [TEST_STEP][PASSED] - waitTime = 4: null

25-01-2025T14:51:42 - [TEST_STEP][PASSED] - scriptStart = new java.util.Date(): null

25-01-2025T14:51:42 - [TEST_STEP][PASSED] - scriptInstant = scriptStart.toInstant(): null

25-01-2025T14:51:42 - [TEST_STEP][PASSED] - println(scriptStart): null

25-01-2025T14:51:42 - [TEST_STEP][PASSED] - println(scriptInstant): null

25-01-2025T14:51:42 - [TEST_STEP][PASSED] - returnCode = "": null

25-01-2025T14:51:42 - [TEST_STEP][PASSED] - if (binding.hasVariable("varSearchKey")): null

25-01-2025T14:51:42 - [TEST_STEP][PASSED] - searchKey = varSearchKey: null

25-01-2025T14:51:42 - [TEST_STEP][PASSED] - if (binding.hasVariable("varSubjectKey")): null

25-01-2025T14:51:42 - [TEST_STEP][PASSED] - subjectKey = varSubjectKey: null

25-01-2025T14:51:42 - [TEST_STEP][PASSED] - if (binding.hasVariable("varFromKey")): null

25-01-2025T14:51:42 - [TEST_STEP][PASSED] - fromKey = varFromKey: null

25-01-2025T14:51:42 - [TEST_STEP][PASSED] - isList = false: null

25-01-2025T14:51:42 - [TEST_STEP][PASSED] - if (fromKey instanceof java.util.List): null

25-01-2025T14:51:42 - [TEST_STEP][PASSED] - else: null

25-01-2025T14:51:42 - [TEST_STEP][PASSED] - fromKey = [fromKey]: null

25-01-2025T14:51:42 - [TEST_STEP][PASSED] - subjectKey = [subjectKey]: null

25-01-2025T14:51:42 - [TEST_STEP][PASSED] - searchKey = [searchKey]: null

25-01-2025T14:51:42 - [TEST_STEP][PASSED] - isList = false: null

25-01-2025T14:51:42 - [TEST_STEP][PASSED] - msgCount = fromKey.size(): null

25-01-2025T14:51:42 - [TEST_STEP][PASSED] - println(msgCount): null

25-01-2025T14:51:42 - [TEST_STEP][PASSED] - println(fromKey): null

25-01-2025T14:51:42 - [TEST_STEP][PASSED] - println(subjectKey): null

25-01-2025T14:51:42 - [TEST_STEP][PASSED] - println(searchKey): null

25-01-2025T14:51:42 - [TEST_STEP][PASSED] - writeFile = false: null

25-01-2025T14:51:42 - [TEST_STEP][PASSED] - if (outFile != ""): null

25-01-2025T14:51:42 - [TEST_STEP][PASSED] - myFile = outFile: null

25-01-2025T14:51:42 - [TEST_STEP][PASSED] - println(myFile): null

25-01-2025T14:51:42 - [TEST_STEP][PASSED] - outFile = new java.io.File(myFile): null

25-01-2025T14:51:42 - [TEST_STEP][PASSED] - writeFile = true: null

25-01-2025T14:51:42 - [TEST_STEP][PASSED] - host = "pop.gmail.com": null

25-01-2025T14:51:42 - [TEST_STEP][PASSED] - mailStoreType = "pop3": null

25-01-2025T14:51:42 - [TEST_STEP][PASSED] - username = "cktest01mn@gmail.com": null

25-01-2025T14:51:42 - [TEST_STEP][PASSED] - password = "sfesezftmpqxbbbd": null

25-01-2025T14:51:42 - [TEST_STEP][PASSED] - properties = new java.util.Properties(): null

25-01-2025T14:51:42 - [TEST_STEP][PASSED] - properties.put("mail.pop3.host", host): null

25-01-2025T14:51:42 - [TEST_STEP][PASSED] - properties.put("mail.pop3.port", "995"): null

25-01-2025T14:51:42 - [TEST_STEP][PASSED] - properties.put("mail.pop3.starttls.enable", "true"): null

25-01-2025T14:51:42 - [TEST_STEP][PASSED] - emailSession = Session.getDefaultInstance(properties): null

25-01-2025T14:51:42 - [TEST_STEP][PASSED] - store = emailSession.getStore("pop3s"): null

25-01-2025T14:51:42 - [TEST_STEP][PASSED] - store.connect(host, username, password): null

25-01-2025T14:51:42 - [TEST_STEP][PASSED] - emailFolder = <not implemented yet for class: org.codehaus.groovy.ast.expr.EmptyExpression>: null

25-01-2025T14:51:42 - [TEST_STEP][PASSED] - messages = []: null

25-01-2025T14:51:42 - [TEST_STEP][PASSED] - loopsMax = waitTime * 60 / 5: null

25-01-2025T14:51:42 - [TEST_STEP][PASSED] - emailFolder = store.getFolder("INBOX"): null

25-01-2025T14:51:42 - [TEST_STEP][PASSED] - emailFolder.open(READ_ONLY): null

25-01-2025T14:51:42 - [TEST_STEP][PASSED] - messages = emailFolder.getMessages(): null

25-01-2025T14:51:42 - [TEST_STEP][PASSED] - if (length == 0): null

25-01-2025T14:51:42 - [TEST_STEP][PASSED] - emailFolder.close(false): null

25-01-2025T14:51:42 - [TEST_STEP][PASSED] - msgFound = false: null

25-01-2025T14:51:42 - [TEST_STEP][PASSED] - msgFoundCount = 0: null

25-01-2025T14:51:42 - [TEST_STEP][PASSED] - loops = 0: null

25-01-2025T14:51:42 - [TEST_STEP][PASSED] - while (length < msgCount && loops <= loopsMax): null

25-01-2025T14:51:42 - [TEST_STEP][PASSED] - delay(5): Delayed 5 second(s)

25-01-2025T14:51:47 - [MESSAGE][PASSED] - Delayed 5 second(s)

25-01-2025T14:51:47 - [TEST_STEP][PASSED] - emailFolder.open(READ_ONLY): null

25-01-2025T14:51:48 - [TEST_STEP][PASSED] - messages = emailFolder.getMessages(): null

25-01-2025T14:51:48 - [TEST_STEP][PASSED] - if (length < msgCount): null

25-01-2025T14:51:48 - [TEST_STEP][PASSED] - emailFolder.close(false): null

25-01-2025T14:51:48 - [TEST_STEP][PASSED] - (loops++): null

25-01-2025T14:51:48 - [TEST_STEP][PASSED] - delay(5): Delayed 5 second(s)

25-01-2025T14:51:53 - [MESSAGE][PASSED] - Delayed 5 second(s)

25-01-2025T14:51:53 - [TEST_STEP][PASSED] - emailFolder.open(READ_ONLY): null

25-01-2025T14:51:53 - [TEST_STEP][PASSED] - messages = emailFolder.getMessages(): null

25-01-2025T14:51:53 - [TEST_STEP][PASSED] - if (length < msgCount): null

25-01-2025T14:51:53 - [TEST_STEP][PASSED] - emailFolder.close(false): null

25-01-2025T14:51:53 - [TEST_STEP][PASSED] - (loops++): null

25-01-2025T14:51:53 - [TEST_STEP][PASSED] - delay(5): Delayed 5 second(s)

25-01-2025T14:51:59 - [MESSAGE][PASSED] - Delayed 5 second(s)

25-01-2025T14:51:59 - [TEST_STEP][PASSED] - emailFolder.open(READ_ONLY): null

25-01-2025T14:51:59 - [TEST_STEP][PASSED] - messages = emailFolder.getMessages(): null

25-01-2025T14:51:59 - [TEST_STEP][PASSED] - if (length < msgCount): null

25-01-2025T14:51:59 - [TEST_STEP][PASSED] - (loops++): null

25-01-2025T14:51:59 - [TEST_STEP][PASSED] - outText = "messages.length---" + length: null

25-01-2025T14:51:59 - [TEST_STEP][PASSED] - println(outText): null

25-01-2025T14:51:59 - [TEST_STEP][PASSED] - if (writeFile): null

25-01-2025T14:51:59 - [TEST_STEP][PASSED] - outFile.append(outText + "
"): null

25-01-2025T14:51:59 - [TEST_STEP][PASSED] - emailNumber = 0: null

25-01-2025T14:51:59 - [TEST_STEP][PASSED] - if (length >= msgCount): null

25-01-2025T14:51:59 - [TEST_STEP][PASSED] - for (javax.mail.Message message : messages): null

25-01-2025T14:51:59 - [TEST_STEP][PASSED] - (emailNumber++): null

25-01-2025T14:51:59 - [TEST_STEP][PASSED] - println("
********* Processing email number " + emailNumber): null

25-01-2025T14:51:59 - [TEST_STEP][PASSED] - from = message.getFrom()[0]: null

25-01-2025T14:51:59 - [TEST_STEP][PASSED] - subject = message.getSubject(): null

25-01-2025T14:51:59 - [TEST_STEP][PASSED] - outText = "Found an email from " + from + " with the subject of " + subject + ".": null

25-01-2025T14:51:59 - [TEST_STEP][PASSED] - println(outText): null

25-01-2025T14:51:59 - [TEST_STEP][PASSED] - if (writeFile): null

25-01-2025T14:51:59 - [TEST_STEP][PASSED] - outFile.append(outText + "
"): null

25-01-2025T14:51:59 - [TEST_STEP][PASSED] - content = message.getContent(): null

25-01-2025T14:51:59 - [TEST_STEP][PASSED] - if (content instanceof java.lang.String): null

25-01-2025T14:51:59 - [TEST_STEP][PASSED] - else if (content instanceof javax.mail.Multipart): null

25-01-2025T14:51:59 - [TEST_STEP][PASSED] - println("It is multipart"): null

25-01-2025T14:51:59 - [TEST_STEP][PASSED] - mp = message.getContent(): null

25-01-2025T14:51:59 - [TEST_STEP][PASSED] - p = getBodyPart(0).getContent(): null

25-01-2025T14:51:59 - [TEST_STEP][PASSED] - body = p.toString(): null

25-01-2025T14:51:59 - [TEST_STEP][PASSED] - println("----- Subject is:" + subject): null

25-01-2025T14:51:59 - [TEST_STEP][PASSED] - for ([i = 0, i < msgCount, (i++)]): null

25-01-2025T14:51:59 - [TEST_STEP][PASSED] - println("********* Processing search number " + i): null

25-01-2025T14:51:59 - [TEST_STEP][PASSED] - println("==== subjectKey is:" + subjectKey[i]): null

25-01-2025T14:51:59 - [TEST_STEP][PASSED] - subjectMatch = subject.indexOf(subjectKey[i]): null

25-01-2025T14:51:59 - [TEST_STEP][PASSED] - println(subjectMatch): null

25-01-2025T14:51:59 - [TEST_STEP][PASSED] - if (subjectMatch >= 0): null

25-01-2025T14:51:59 - [TEST_STEP][PASSED] - println("----- From is:" + from): null

25-01-2025T14:51:59 - [TEST_STEP][PASSED] - println("==== fromKey is:" + fromKey[i]): null

25-01-2025T14:51:59 - [TEST_STEP][PASSED] - fromMatch = from.indexOf(fromKey[i]): null

25-01-2025T14:51:59 - [TEST_STEP][PASSED] - println(fromMatch): null

25-01-2025T14:51:59 - [TEST_STEP][PASSED] - if (subjectMatch >= 0 && fromMatch >= 0): null

25-01-2025T14:51:59 - [TEST_STEP][PASSED] - println("     ----- Body:" + body): null

25-01-2025T14:51:59 - [TEST_STEP][PASSED] - sentPos = body.indexOf("Sent:"): null

25-01-2025T14:51:59 - [TEST_STEP][PASSED] - toPos = body.indexOf("To:"): null

25-01-2025T14:51:59 - [TEST_STEP][PASSED] - msgBody = body: null

25-01-2025T14:51:59 - [TEST_STEP][PASSED] - if (searchKey[i] != "NA"): null

25-01-2025T14:51:59 - [TEST_STEP][PASSED] - if (msgBody.indexOf(searchKey[i]) >= 0): null

25-01-2025T14:51:59 - [TEST_STEP][PASSED] - msgFound = true: null

25-01-2025T14:51:59 - [TEST_STEP][PASSED] - outText = ">>>>> SearchKey " + searchKey[i] + " was found in the email.": null

25-01-2025T14:51:59 - [TEST_STEP][PASSED] - println(outText): null

25-01-2025T14:51:59 - [TEST_STEP][PASSED] - if (writeFile): null

25-01-2025T14:51:59 - [TEST_STEP][PASSED] - outFile.append(outText + "
"): null

25-01-2025T14:51:59 - [TEST_STEP][PASSED] - break: null

25-01-2025T14:51:59 - [TEST_STEP][PASSED] - if (msgFound): null

25-01-2025T14:51:59 - [TEST_STEP][PASSED] - (msgFoundCount++): null

25-01-2025T14:51:59 - [TEST_STEP][PASSED] - emailFolder.close(false): null

25-01-2025T14:52:00 - [TEST_STEP][PASSED] - if (msgFoundCount == fromKey.size()): null

25-01-2025T14:52:00 - [TEST_STEP][PASSED] - returnCode = "found": null

25-01-2025T14:52:00 - [TEST_STEP][PASSED] - store.close(): null

25-01-2025T14:52:00 - [MESSAGE][PASSED] - Call Test Case 'Test Cases/_Functions/Generic Wait for Email' successfully

25-01-2025T14:52:00 - [TEST_STEP][ERROR] - if (returnCode == "found"): Test Cases/Education Partner Profile/Register Education Partner FAILED.
Reason:
com.kms.katalon.core.exception.StepErrorException: Call Test Case 'Test Cases/Admin/Create Subscription' failed because of error(s)
	at com.kms.katalon.core.keyword.builtin.CallTestCaseKeyword$_callTestCase_closure1.doCall(CallTestCaseKeyword.groovy:66)
	at com.kms.katalon.core.keyword.builtin.CallTestCaseKeyword$_callTestCase_closure1.call(CallTestCaseKeyword.groovy)
	at com.kms.katalon.core.keyword.internal.KeywordMain.runKeyword(KeywordMain.groovy:75)
	at com.kms.katalon.core.keyword.builtin.CallTestCaseKeyword.callTestCase(CallTestCaseKeyword.groovy:81)
	at com.kms.katalon.core.keyword.builtin.CallTestCaseKeyword.execute(CallTestCaseKeyword.groovy:44)
	at com.kms.katalon.core.keyword.internal.KeywordExecutor.executeKeywordForPlatform(KeywordExecutor.groovy:74)
	at com.kms.katalon.core.keyword.BuiltinKeywords.callTestCase(BuiltinKeywords.groovy:310)
	at jdk.internal.reflect.GeneratedMethodAccessor31.invoke(Unknown Source)
	at java.base/jdk.internal.reflect.DelegatingMethodAccessorImpl.invoke(DelegatingMethodAccessorImpl.java:43)
	at Register Education Partner.run(Register Education Partner:396)
	at com.kms.katalon.core.main.ScriptEngine.run(ScriptEngine.java:194)
	at com.kms.katalon.core.main.ScriptEngine.runScriptAsRawText(ScriptEngine.java:119)
	at com.kms.katalon.core.main.TestCaseExecutor.runScript(TestCaseExecutor.java:448)
	at com.kms.katalon.core.main.TestCaseExecutor.doExecute(TestCaseExecutor.java:439)
	at com.kms.katalon.core.main.TestCaseExecutor.processExecutionPhase(TestCaseExecutor.java:418)
	at com.kms.katalon.core.main.TestCaseExecutor.accessMainPhase(TestCaseExecutor.java:410)
	at com.kms.katalon.core.main.TestCaseExecutor.execute(TestCaseExecutor.java:285)
	at com.kms.katalon.core.common.CommonExecutor.accessTestCaseMainPhase(CommonExecutor.java:65)
	at com.kms.katalon.core.main.TestSuiteExecutor.accessTestSuiteMainPhase(TestSuiteExecutor.java:150)
	at com.kms.katalon.core.main.TestSuiteExecutor.execute(TestSuiteExecutor.java:106)
	at com.kms.katalon.core.main.TestCaseMain.startTestSuite(TestCaseMain.java:180)
	at TempTestSuite1737837877881.run(TempTestSuite1737837877881.groovy:35)
	at java.base/jdk.internal.reflect.NativeMethodAccessorImpl.invoke0(Native Method)
	at java.base/jdk.internal.reflect.NativeMethodAccessorImpl.invoke(NativeMethodAccessorImpl.java:77)
	at java.base/jdk.internal.reflect.DelegatingMethodAccessorImpl.invoke(DelegatingMethodAccessorImpl.java:43)
Caused by: org.openqa.selenium.ElementClickInterceptedException: Element <td> is not clickable at point (757,699) because another element <html> obscures it
Build info: version: '3.141.59', revision: 'unknown', time: 'unknown'
System info: host: 'MacBook-Pro.local', ip: 'fdc1:b939:2fc6:38cc:1017:fa65:eb20:50e5%en0', os.name: 'Mac OS X', os.arch: 'aarch64', os.version: '15.1.1', java.version: '17.0.7'
Driver info: com.kms.katalon.core.webui.driver.firefox.CGeckoDriver
Capabilities {acceptInsecureCerts: true, browserName: firefox, browserVersion: 134.0.2, javascriptEnabled: true, moz:accessibilityChecks: false, moz:buildID: 20250120135430, moz:geckodriverVersion: 0.35.0, moz:headless: false, moz:platformVersion: 24.1.0, moz:processID: 55107, moz:profile: /var/folders/hb/hv2s0v7n1nz..., moz:shutdownTimeout: 60000, moz:webdriverClick: true, moz:windowless: false, pageLoadStrategy: normal, platform: MAC, platformName: MAC, proxy: Proxy(direct), setWindowRect: true, strictFileInteractability: false, timeouts: {implicit: 0, pageLoad: 300000, script: 30000}, unhandledPromptBehavior: dismiss and notify, userAgent: Mozilla/5.0 (Macintosh; Int...}
Session ID: 0246b6ab-be8f-4e3f-834d-4e5c1a4b27e0
	at java.base/jdk.internal.reflect.NativeConstructorAccessorImpl.newInstance0(Native Method)
	at java.base/jdk.internal.reflect.NativeConstructorAccessorImpl.newInstance(NativeConstructorAccessorImpl.java:77)
	at java.base/jdk.internal.reflect.DelegatingConstructorAccessorImpl.newInstance(DelegatingConstructorAccessorImpl.java:45)
	at org.openqa.selenium.remote.http.W3CHttpResponseCodec.createException(W3CHttpResponseCodec.java:187)
	at org.openqa.selenium.remote.http.W3CHttpResponseCodec.decode(W3CHttpResponseCodec.java:122)
	at org.openqa.selenium.remote.http.W3CHttpResponseCodec.decode(W3CHttpResponseCodec.java:49)
	at org.openqa.selenium.remote.HttpCommandExecutor.execute(HttpCommandExecutor.java:158)
	at org.openqa.selenium.remote.service.DriverCommandExecutor.execute(DriverCommandExecutor.java:83)
	at org.openqa.selenium.remote.RemoteWebDriver.execute(RemoteWebDriver.java:552)
	at com.kms.katalon.selenium.driver.CFirefoxDriver.execute(CFirefoxDriver.java:28)
	at org.openqa.selenium.remote.RemoteWebElement.execute(RemoteWebElement.java:285)
	at org.openqa.selenium.remote.RemoteWebElement.click(RemoteWebElement.java:84)
	at jdk.internal.reflect.GeneratedMethodAccessor22.invoke(Unknown Source)
	at java.base/jdk.internal.reflect.DelegatingMethodAccessorImpl.invoke(DelegatingMethodAccessorImpl.java:43)
	at org.openqa.selenium.support.events.EventFiringWebDriver$EventFiringWebElement.lambda$new$0(EventFiringWebDriver.java:404)
	at jdk.proxy2/jdk.proxy2.$Proxy25.click(Unknown Source)
	at org.openqa.selenium.support.events.EventFiringWebDriver$EventFiringWebElement.click(EventFiringWebDriver.java:417)
	at Create Subscription.run(Create Subscription:116)
	at com.kms.katalon.core.main.ScriptEngine.run(ScriptEngine.java:194)
	at com.kms.katalon.core.main.ScriptEngine.runScriptAsRawText(ScriptEngine.java:119)
	at com.kms.katalon.core.main.TestCaseExecutor.runScript(TestCaseExecutor.java:448)
	at com.kms.katalon.core.main.TestCaseExecutor.doExecute(TestCaseExecutor.java:439)
	at com.kms.katalon.core.main.TestCaseExecutor.processExecutionPhase(TestCaseExecutor.java:418)
	at com.kms.katalon.core.main.TestCaseExecutor.accessMainPhase(TestCaseExecutor.java:410)
	at com.kms.katalon.core.main.TestCaseExecutor.execute(TestCaseExecutor.java:285)
	at com.kms.katalon.core.main.TestCaseMain.runTestCase(TestCaseMain.java:137)
	at com.kms.katalon.core.keyword.builtin.CallTestCaseKeyword$_callTestCase_closure1.doCall(CallTestCaseKeyword.groovy:59)
	... 24 more


25-01-2025T14:52:00 - [TEST_STEP][PASSED] - outText = "Approval request email for " + username + " was found": null

25-01-2025T14:52:00 - [TEST_STEP][PASSED] - println(outText): null

25-01-2025T14:52:00 - [TEST_STEP][PASSED] - outFile.append(outText): null

25-01-2025T14:52:00 - [TEST_STEP][PASSED] - closeBrowser(): Browser is closed

25-01-2025T14:52:00 - [MESSAGE][PASSED] - Browser is closed

25-01-2025T14:52:00 - [TEST_STEP][PASSED] - callTestCase(findTestCase("Admin/Grant Access"), ["varUsername":username], STOP_ON_FAILURE): Call Test Case 'Test Cases/Admin/Grant Access' successfully

25-01-2025T14:52:00 - [TEST_CASE][PASSED] - Test Cases/Admin/Grant Access: Test Cases/Admin/Grant Access

25-01-2025T14:52:00 - [TEST_STEP][PASSED] - if (binding.hasVariable("varUsername")): null

25-01-2025T14:52:00 - [TEST_STEP][PASSED] - username = varUsername: null

25-01-2025T14:52:00 - [TEST_STEP][PASSED] - writeFile = false: null

25-01-2025T14:52:00 - [TEST_STEP][PASSED] - if (outFile != ""): null

25-01-2025T14:52:00 - [TEST_STEP][PASSED] - myFile = outFile: null

25-01-2025T14:52:00 - [TEST_STEP][PASSED] - println(myFile): null

25-01-2025T14:52:00 - [TEST_STEP][PASSED] - outFile = new java.io.File(myFile): null

25-01-2025T14:52:00 - [TEST_STEP][PASSED] - writeFile = true: null

25-01-2025T14:52:00 - [TEST_STEP][PASSED] - domain = domain: null

25-01-2025T14:52:00 - [TEST_STEP][PASSED] - url = "https://api." + domain: null

25-01-2025T14:52:00 - [TEST_STEP][PASSED] - openBrowser(""): Browser is opened with url: ''

25-01-2025T14:52:00 - [MESSAGE][INFO] - Starting 'Firefox' driver

25-01-2025T14:52:00 - [MESSAGE][INFO] - Action delay is set to 0 milliseconds

25-01-2025T14:52:01 - [MESSAGE][PASSED] - Browser is opened with url: ''

25-01-2025T14:52:01 - [TEST_STEP][PASSED] - navigateToUrl(url): Navigate to 'https://api.missionnext.org' successfully

25-01-2025T14:52:03 - [MESSAGE][PASSED] - Navigate to 'https://api.missionnext.org' successfully

25-01-2025T14:52:03 - [TEST_STEP][PASSED] - setText(findTestObject("Admin/API Login/input_username"), "chriskosieracki"): Text 'chriskosieracki' is set on object 'Object Repository/Admin/API Login/input_username'

25-01-2025T14:52:03 - [MESSAGE][PASSED] - Text 'chriskosieracki' is set on object 'Object Repository/Admin/API Login/input_username'

25-01-2025T14:52:03 - [TEST_STEP][PASSED] - setEncryptedText(findTestObject("Admin/API Login/input_password"), "4Q/2PF7UjxevAl0v0kCS+w=="): Text ****** has been set on object 'Object Repository/Admin/API Login/input_password'

25-01-2025T14:52:03 - [MESSAGE][PASSED] - Text ****** has been set on object 'Object Repository/Admin/API Login/input_password'

25-01-2025T14:52:03 - [TEST_STEP][PASSED] - click(findTestObject("Admin/API Login/btn_Sign in")): Object: 'Object Repository/Admin/API Login/btn_Sign in' is clicked on

25-01-2025T14:52:03 - [MESSAGE][PASSED] - Object: 'Object Repository/Admin/API Login/btn_Sign in' is clicked on

25-01-2025T14:52:03 - [TEST_STEP][PASSED] - click(findTestObject("Admin/API Dashboard/a_Users")): Object: 'Object Repository/Admin/API Dashboard/a_Users' is clicked on

25-01-2025T14:52:04 - [MESSAGE][PASSED] - Object: 'Object Repository/Admin/API Dashboard/a_Users' is clicked on

25-01-2025T14:52:04 - [TEST_STEP][PASSED] - setText(findTestObject("Object Repository/Admin/API Dashboard/input_User_search"), username): Text 'cktest06ep' is set on object 'Object Repository/Admin/API Dashboard/input_User_search'

25-01-2025T14:52:04 - [MESSAGE][PASSED] - Text 'cktest06ep' is set on object 'Object Repository/Admin/API Dashboard/input_User_search'

25-01-2025T14:52:04 - [TEST_STEP][PASSED] - delay(5): Delayed 5 second(s)

25-01-2025T14:52:09 - [MESSAGE][PASSED] - Delayed 5 second(s)

25-01-2025T14:52:09 - [TEST_STEP][PASSED] - driver = getWebDriver(): null

25-01-2025T14:52:09 - [TEST_STEP][PASSED] - Table = driver.findElement(By.xpath("//*[@id="default-rezult"]/table")): null

25-01-2025T14:52:09 - [TEST_STEP][PASSED] - Rows = Table.findElements(By.tagName("tr")): null

25-01-2025T14:52:09 - [TEST_STEP][PASSED] - row_count = Rows.size(): null

25-01-2025T14:52:09 - [TEST_STEP][PASSED] - for ([row = 1, row < row_count, (row++)]): null

25-01-2025T14:52:09 - [TEST_STEP][PASSED] - Columns = get(row).findElements(By.tagName("td")): null

25-01-2025T14:52:09 - [TEST_STEP][PASSED] - user = get(1).getText(): null

25-01-2025T14:52:09 - [TEST_STEP][PASSED] - if (user.indexOf(username) >= 0): null

25-01-2025T14:52:09 - [TEST_STEP][PASSED] - get(1).click(): null

25-01-2025T14:52:09 - [TEST_STEP][PASSED] - delay(5): Delayed 5 second(s)

25-01-2025T14:52:14 - [MESSAGE][PASSED] - Delayed 5 second(s)

25-01-2025T14:52:14 - [TEST_STEP][PASSED] - outText = "Granting access to " + username: null

25-01-2025T14:52:14 - [TEST_STEP][PASSED] - println("=====> " + outText): null

25-01-2025T14:52:14 - [TEST_STEP][PASSED] - if (writeFile): null

25-01-2025T14:52:14 - [TEST_STEP][PASSED] - outFile.append(outText + "
"): null

25-01-2025T14:52:14 - [TEST_STEP][PASSED] - click(findTestObject("Object Repository/Admin/API Dashboard/button_Grant Access")): Object: 'Object Repository/Admin/API Dashboard/button_Grant Access' is clicked on

25-01-2025T14:52:14 - [MESSAGE][PASSED] - Object: 'Object Repository/Admin/API Dashboard/button_Grant Access' is clicked on

25-01-2025T14:52:14 - [TEST_STEP][PASSED] - delay(1): Delayed 1 second(s)

25-01-2025T14:52:15 - [MESSAGE][PASSED] - Delayed 1 second(s)

25-01-2025T14:52:15 - [TEST_STEP][PASSED] - granted = false: null

25-01-2025T14:52:15 - [TEST_STEP][PASSED] - loops = 10: null

25-01-2025T14:52:15 - [TEST_STEP][PASSED] - loop = 0: null

25-01-2025T14:52:15 - [TEST_STEP][PASSED] - while (!(granted) && loop < loops): null

25-01-2025T14:52:15 - [TEST_STEP][PASSED] - granted = verifyTextPresent("ACCESS GRANTED", false, OPTIONAL): Text 'ACCESS GRANTED' is not present on page  (Root cause: com.kms.katalon.core.exception.StepFailedException: Text 'ACCESS GRANTED' is not present on page 
	at com.kms.katalon.core.webui.keyword.internal.WebUIKeywordMain.stepFailed(WebUIKeywordMain.groovy:117)
	at com.kms.katalon.core.webui.keyword.builtin.VerifyTextPresentKeyword$_verifyTextPresent_closure1.doCall(VerifyTextPresentKeyword.groovy:79)
	at com.kms.katalon.core.webui.keyword.builtin.VerifyTextPresentKeyword$_verifyTextPresent_closure1.call(VerifyTextPresentKeyword.groovy)
	at com.kms.katalon.core.webui.keyword.internal.WebUIKeywordMain.runKeyword(WebUIKeywordMain.groovy:35)
	at com.kms.katalon.core.webui.keyword.builtin.VerifyTextPresentKeyword.verifyTextPresent(VerifyTextPresentKeyword.groovy:83)
	at com.kms.katalon.core.webui.keyword.builtin.VerifyTextPresentKeyword.execute(VerifyTextPresentKeyword.groovy:68)
	at com.kms.katalon.core.keyword.internal.KeywordExecutor.executeKeywordForPlatform(KeywordExecutor.groovy:74)
	at com.kms.katalon.core.webui.keyword.WebUiBuiltInKeywords.verifyTextPresent(WebUiBuiltInKeywords.groovy:1746)
	at Grant Access.run(Grant Access:98)
	at com.kms.katalon.core.main.ScriptEngine.run(ScriptEngine.java:194)
	at com.kms.katalon.core.main.ScriptEngine.runScriptAsRawText(ScriptEngine.java:119)
	at com.kms.katalon.core.main.TestCaseExecutor.runScript(TestCaseExecutor.java:448)
	at com.kms.katalon.core.main.TestCaseExecutor.doExecute(TestCaseExecutor.java:439)
	at com.kms.katalon.core.main.TestCaseExecutor.processExecutionPhase(TestCaseExecutor.java:418)
	at com.kms.katalon.core.main.TestCaseExecutor.accessMainPhase(TestCaseExecutor.java:410)
	at com.kms.katalon.core.main.TestCaseExecutor.execute(TestCaseExecutor.java:285)
	at com.kms.katalon.core.main.TestCaseMain.runTestCase(TestCaseMain.java:137)
	at com.kms.katalon.core.keyword.builtin.CallTestCaseKeyword$_callTestCase_closure1.doCall(CallTestCaseKeyword.groovy:59)
	at com.kms.katalon.core.keyword.builtin.CallTestCaseKeyword$_callTestCase_closure1.call(CallTestCaseKeyword.groovy)
	at com.kms.katalon.core.keyword.internal.KeywordMain.runKeyword(KeywordMain.groovy:75)
	at com.kms.katalon.core.keyword.builtin.CallTestCaseKeyword.callTestCase(CallTestCaseKeyword.groovy:81)
	at com.kms.katalon.core.keyword.builtin.CallTestCaseKeyword.execute(CallTestCaseKeyword.groovy:44)
	at com.kms.katalon.core.keyword.internal.KeywordExecutor.executeKeywordForPlatform(KeywordExecutor.groovy:74)
	at com.kms.katalon.core.keyword.BuiltinKeywords.callTestCase(BuiltinKeywords.groovy:310)
	at jdk.internal.reflect.GeneratedMethodAccessor31.invoke(Unknown Source)
	at java.base/jdk.internal.reflect.DelegatingMethodAccessorImpl.invoke(DelegatingMethodAccessorImpl.java:43)
	at Register Education Partner.run(Register Education Partner:393)
	at com.kms.katalon.core.main.ScriptEngine.run(ScriptEngine.java:194)
	at com.kms.katalon.core.main.ScriptEngine.runScriptAsRawText(ScriptEngine.java:119)
	at com.kms.katalon.core.main.TestCaseExecutor.runScript(TestCaseExecutor.java:448)
	at com.kms.katalon.core.main.TestCaseExecutor.doExecute(TestCaseExecutor.java:439)
	at com.kms.katalon.core.main.TestCaseExecutor.processExecutionPhase(TestCaseExecutor.java:418)
	at com.kms.katalon.core.main.TestCaseExecutor.accessMainPhase(TestCaseExecutor.java:410)
	at com.kms.katalon.core.main.TestCaseExecutor.execute(TestCaseExecutor.java:285)
	at com.kms.katalon.core.common.CommonExecutor.accessTestCaseMainPhase(CommonExecutor.java:65)
	at com.kms.katalon.core.main.TestSuiteExecutor.accessTestSuiteMainPhase(TestSuiteExecutor.java:150)
	at com.kms.katalon.core.main.TestSuiteExecutor.execute(TestSuiteExecutor.java:106)
	at com.kms.katalon.core.main.TestCaseMain.startTestSuite(TestCaseMain.java:180)
	at TempTestSuite1737837877881.run(TempTestSuite1737837877881.groovy:35)
	at java.base/jdk.internal.reflect.NativeMethodAccessorImpl.invoke0(Native Method)
	at java.base/jdk.internal.reflect.NativeMethodAccessorImpl.invoke(NativeMethodAccessorImpl.java:77)
	at java.base/jdk.internal.reflect.DelegatingMethodAccessorImpl.invoke(DelegatingMethodAccessorImpl.java:43)
)

25-01-2025T14:52:15 - [MESSAGE][WARNING] - Text 'ACCESS GRANTED' is not present on page  (Root cause: com.kms.katalon.core.exception.StepFailedException: Text 'ACCESS GRANTED' is not present on page 
	at com.kms.katalon.core.webui.keyword.internal.WebUIKeywordMain.stepFailed(WebUIKeywordMain.groovy:117)
	at com.kms.katalon.core.webui.keyword.builtin.VerifyTextPresentKeyword$_verifyTextPresent_closure1.doCall(VerifyTextPresentKeyword.groovy:79)
	at com.kms.katalon.core.webui.keyword.builtin.VerifyTextPresentKeyword$_verifyTextPresent_closure1.call(VerifyTextPresentKeyword.groovy)
	at com.kms.katalon.core.webui.keyword.internal.WebUIKeywordMain.runKeyword(WebUIKeywordMain.groovy:35)
	at com.kms.katalon.core.webui.keyword.builtin.VerifyTextPresentKeyword.verifyTextPresent(VerifyTextPresentKeyword.groovy:83)
	at com.kms.katalon.core.webui.keyword.builtin.VerifyTextPresentKeyword.execute(VerifyTextPresentKeyword.groovy:68)
	at com.kms.katalon.core.keyword.internal.KeywordExecutor.executeKeywordForPlatform(KeywordExecutor.groovy:74)
	at com.kms.katalon.core.webui.keyword.WebUiBuiltInKeywords.verifyTextPresent(WebUiBuiltInKeywords.groovy:1746)
	at Grant Access.run(Grant Access:98)
	at com.kms.katalon.core.main.ScriptEngine.run(ScriptEngine.java:194)
	at com.kms.katalon.core.main.ScriptEngine.runScriptAsRawText(ScriptEngine.java:119)
	at com.kms.katalon.core.main.TestCaseExecutor.runScript(TestCaseExecutor.java:448)
	at com.kms.katalon.core.main.TestCaseExecutor.doExecute(TestCaseExecutor.java:439)
	at com.kms.katalon.core.main.TestCaseExecutor.processExecutionPhase(TestCaseExecutor.java:418)
	at com.kms.katalon.core.main.TestCaseExecutor.accessMainPhase(TestCaseExecutor.java:410)
	at com.kms.katalon.core.main.TestCaseExecutor.execute(TestCaseExecutor.java:285)
	at com.kms.katalon.core.main.TestCaseMain.runTestCase(TestCaseMain.java:137)
	at com.kms.katalon.core.keyword.builtin.CallTestCaseKeyword$_callTestCase_closure1.doCall(CallTestCaseKeyword.groovy:59)
	at com.kms.katalon.core.keyword.builtin.CallTestCaseKeyword$_callTestCase_closure1.call(CallTestCaseKeyword.groovy)
	at com.kms.katalon.core.keyword.internal.KeywordMain.runKeyword(KeywordMain.groovy:75)
	at com.kms.katalon.core.keyword.builtin.CallTestCaseKeyword.callTestCase(CallTestCaseKeyword.groovy:81)
	at com.kms.katalon.core.keyword.builtin.CallTestCaseKeyword.execute(CallTestCaseKeyword.groovy:44)
	at com.kms.katalon.core.keyword.internal.KeywordExecutor.executeKeywordForPlatform(KeywordExecutor.groovy:74)
	at com.kms.katalon.core.keyword.BuiltinKeywords.callTestCase(BuiltinKeywords.groovy:310)
	at jdk.internal.reflect.GeneratedMethodAccessor31.invoke(Unknown Source)
	at java.base/jdk.internal.reflect.DelegatingMethodAccessorImpl.invoke(DelegatingMethodAccessorImpl.java:43)
	at Register Education Partner.run(Register Education Partner:393)
	at com.kms.katalon.core.main.ScriptEngine.run(ScriptEngine.java:194)
	at com.kms.katalon.core.main.ScriptEngine.runScriptAsRawText(ScriptEngine.java:119)
	at com.kms.katalon.core.main.TestCaseExecutor.runScript(TestCaseExecutor.java:448)
	at com.kms.katalon.core.main.TestCaseExecutor.doExecute(TestCaseExecutor.java:439)
	at com.kms.katalon.core.main.TestCaseExecutor.processExecutionPhase(TestCaseExecutor.java:418)
	at com.kms.katalon.core.main.TestCaseExecutor.accessMainPhase(TestCaseExecutor.java:410)
	at com.kms.katalon.core.main.TestCaseExecutor.execute(TestCaseExecutor.java:285)
	at com.kms.katalon.core.common.CommonExecutor.accessTestCaseMainPhase(CommonExecutor.java:65)
	at com.kms.katalon.core.main.TestSuiteExecutor.accessTestSuiteMainPhase(TestSuiteExecutor.java:150)
	at com.kms.katalon.core.main.TestSuiteExecutor.execute(TestSuiteExecutor.java:106)
	at com.kms.katalon.core.main.TestCaseMain.startTestSuite(TestCaseMain.java:180)
	at TempTestSuite1737837877881.run(TempTestSuite1737837877881.groovy:35)
	at java.base/jdk.internal.reflect.NativeMethodAccessorImpl.invoke0(Native Method)
	at java.base/jdk.internal.reflect.NativeMethodAccessorImpl.invoke(NativeMethodAccessorImpl.java:77)
	at java.base/jdk.internal.reflect.DelegatingMethodAccessorImpl.invoke(DelegatingMethodAccessorImpl.java:43)
)

25-01-2025T14:52:15 - [TEST_STEP][PASSED] - delay(2): Delayed 2 second(s)

25-01-2025T14:52:17 - [MESSAGE][PASSED] - Delayed 2 second(s)

25-01-2025T14:52:17 - [TEST_STEP][PASSED] - (loop++): null

25-01-2025T14:52:17 - [TEST_STEP][PASSED] - granted = verifyTextPresent("ACCESS GRANTED", false, OPTIONAL): Text 'ACCESS GRANTED' is present on page 

25-01-2025T14:52:17 - [MESSAGE][PASSED] - Text 'ACCESS GRANTED' is present on page 

25-01-2025T14:52:17 - [TEST_STEP][PASSED] - delay(2): Delayed 2 second(s)

25-01-2025T14:52:19 - [MESSAGE][PASSED] - Delayed 2 second(s)

25-01-2025T14:52:19 - [TEST_STEP][PASSED] - (loop++): null

25-01-2025T14:52:19 - [TEST_STEP][PASSED] - if (granted): null

25-01-2025T14:52:19 - [TEST_STEP][PASSED] - outText = "Access granted to " + username: null

25-01-2025T14:52:19 - [TEST_STEP][PASSED] - println("=====> " + outText): null

25-01-2025T14:52:19 - [TEST_STEP][PASSED] - if (writeFile): null

25-01-2025T14:52:19 - [TEST_STEP][PASSED] - outFile.append(outText + "
"): null

25-01-2025T14:52:19 - [TEST_STEP][PASSED] - click(findTestObject("Object Repository/Admin/API Dashboard/a_Logout")): Object: 'Object Repository/Admin/API Dashboard/a_Logout' is clicked on

25-01-2025T14:52:20 - [MESSAGE][PASSED] - Object: 'Object Repository/Admin/API Dashboard/a_Logout' is clicked on

25-01-2025T14:52:20 - [TEST_STEP][PASSED] - break: null

25-01-2025T14:52:20 - [TEST_STEP][PASSED] - closeBrowser(): Browser is closed

25-01-2025T14:52:20 - [MESSAGE][PASSED] - Browser is closed

25-01-2025T14:52:20 - [MESSAGE][PASSED] - Call Test Case 'Test Cases/Admin/Grant Access' successfully

25-01-2025T14:52:20 - [TEST_STEP][ERROR] - callTestCase(findTestCase("Admin/Create Subscription"), ["varUsername":username, "varType":"Education", "varRole":"Organization"], STOP_ON_FAILURE): Test Cases/Education Partner Profile/Register Education Partner FAILED.
Reason:
com.kms.katalon.core.exception.StepErrorException: Call Test Case 'Test Cases/Admin/Create Subscription' failed because of error(s)
	at com.kms.katalon.core.keyword.builtin.CallTestCaseKeyword$_callTestCase_closure1.doCall(CallTestCaseKeyword.groovy:66)
	at com.kms.katalon.core.keyword.builtin.CallTestCaseKeyword$_callTestCase_closure1.call(CallTestCaseKeyword.groovy)
	at com.kms.katalon.core.keyword.internal.KeywordMain.runKeyword(KeywordMain.groovy:75)
	at com.kms.katalon.core.keyword.builtin.CallTestCaseKeyword.callTestCase(CallTestCaseKeyword.groovy:81)
	at com.kms.katalon.core.keyword.builtin.CallTestCaseKeyword.execute(CallTestCaseKeyword.groovy:44)
	at com.kms.katalon.core.keyword.internal.KeywordExecutor.executeKeywordForPlatform(KeywordExecutor.groovy:74)
	at com.kms.katalon.core.keyword.BuiltinKeywords.callTestCase(BuiltinKeywords.groovy:310)
	at jdk.internal.reflect.GeneratedMethodAccessor31.invoke(Unknown Source)
	at java.base/jdk.internal.reflect.DelegatingMethodAccessorImpl.invoke(DelegatingMethodAccessorImpl.java:43)
	at Register Education Partner.run(Register Education Partner:396)
	at com.kms.katalon.core.main.ScriptEngine.run(ScriptEngine.java:194)
	at com.kms.katalon.core.main.ScriptEngine.runScriptAsRawText(ScriptEngine.java:119)
	at com.kms.katalon.core.main.TestCaseExecutor.runScript(TestCaseExecutor.java:448)
	at com.kms.katalon.core.main.TestCaseExecutor.doExecute(TestCaseExecutor.java:439)
	at com.kms.katalon.core.main.TestCaseExecutor.processExecutionPhase(TestCaseExecutor.java:418)
	at com.kms.katalon.core.main.TestCaseExecutor.accessMainPhase(TestCaseExecutor.java:410)
	at com.kms.katalon.core.main.TestCaseExecutor.execute(TestCaseExecutor.java:285)
	at com.kms.katalon.core.common.CommonExecutor.accessTestCaseMainPhase(CommonExecutor.java:65)
	at com.kms.katalon.core.main.TestSuiteExecutor.accessTestSuiteMainPhase(TestSuiteExecutor.java:150)
	at com.kms.katalon.core.main.TestSuiteExecutor.execute(TestSuiteExecutor.java:106)
	at com.kms.katalon.core.main.TestCaseMain.startTestSuite(TestCaseMain.java:180)
	at TempTestSuite1737837877881.run(TempTestSuite1737837877881.groovy:35)
	at java.base/jdk.internal.reflect.NativeMethodAccessorImpl.invoke0(Native Method)
	at java.base/jdk.internal.reflect.NativeMethodAccessorImpl.invoke(NativeMethodAccessorImpl.java:77)
	at java.base/jdk.internal.reflect.DelegatingMethodAccessorImpl.invoke(DelegatingMethodAccessorImpl.java:43)
Caused by: org.openqa.selenium.ElementClickInterceptedException: Element <td> is not clickable at point (757,699) because another element <html> obscures it
Build info: version: '3.141.59', revision: 'unknown', time: 'unknown'
System info: host: 'MacBook-Pro.local', ip: 'fdc1:b939:2fc6:38cc:1017:fa65:eb20:50e5%en0', os.name: 'Mac OS X', os.arch: 'aarch64', os.version: '15.1.1', java.version: '17.0.7'
Driver info: com.kms.katalon.core.webui.driver.firefox.CGeckoDriver
Capabilities {acceptInsecureCerts: true, browserName: firefox, browserVersion: 134.0.2, javascriptEnabled: true, moz:accessibilityChecks: false, moz:buildID: 20250120135430, moz:geckodriverVersion: 0.35.0, moz:headless: false, moz:platformVersion: 24.1.0, moz:processID: 55107, moz:profile: /var/folders/hb/hv2s0v7n1nz..., moz:shutdownTimeout: 60000, moz:webdriverClick: true, moz:windowless: false, pageLoadStrategy: normal, platform: MAC, platformName: MAC, proxy: Proxy(direct), setWindowRect: true, strictFileInteractability: false, timeouts: {implicit: 0, pageLoad: 300000, script: 30000}, unhandledPromptBehavior: dismiss and notify, userAgent: Mozilla/5.0 (Macintosh; Int...}
Session ID: 0246b6ab-be8f-4e3f-834d-4e5c1a4b27e0
	at java.base/jdk.internal.reflect.NativeConstructorAccessorImpl.newInstance0(Native Method)
	at java.base/jdk.internal.reflect.NativeConstructorAccessorImpl.newInstance(NativeConstructorAccessorImpl.java:77)
	at java.base/jdk.internal.reflect.DelegatingConstructorAccessorImpl.newInstance(DelegatingConstructorAccessorImpl.java:45)
	at org.openqa.selenium.remote.http.W3CHttpResponseCodec.createException(W3CHttpResponseCodec.java:187)
	at org.openqa.selenium.remote.http.W3CHttpResponseCodec.decode(W3CHttpResponseCodec.java:122)
	at org.openqa.selenium.remote.http.W3CHttpResponseCodec.decode(W3CHttpResponseCodec.java:49)
	at org.openqa.selenium.remote.HttpCommandExecutor.execute(HttpCommandExecutor.java:158)
	at org.openqa.selenium.remote.service.DriverCommandExecutor.execute(DriverCommandExecutor.java:83)
	at org.openqa.selenium.remote.RemoteWebDriver.execute(RemoteWebDriver.java:552)
	at com.kms.katalon.selenium.driver.CFirefoxDriver.execute(CFirefoxDriver.java:28)
	at org.openqa.selenium.remote.RemoteWebElement.execute(RemoteWebElement.java:285)
	at org.openqa.selenium.remote.RemoteWebElement.click(RemoteWebElement.java:84)
	at jdk.internal.reflect.GeneratedMethodAccessor22.invoke(Unknown Source)
	at java.base/jdk.internal.reflect.DelegatingMethodAccessorImpl.invoke(DelegatingMethodAccessorImpl.java:43)
	at org.openqa.selenium.support.events.EventFiringWebDriver$EventFiringWebElement.lambda$new$0(EventFiringWebDriver.java:404)
	at jdk.proxy2/jdk.proxy2.$Proxy25.click(Unknown Source)
	at org.openqa.selenium.support.events.EventFiringWebDriver$EventFiringWebElement.click(EventFiringWebDriver.java:417)
	at Create Subscription.run(Create Subscription:116)
	at com.kms.katalon.core.main.ScriptEngine.run(ScriptEngine.java:194)
	at com.kms.katalon.core.main.ScriptEngine.runScriptAsRawText(ScriptEngine.java:119)
	at com.kms.katalon.core.main.TestCaseExecutor.runScript(TestCaseExecutor.java:448)
	at com.kms.katalon.core.main.TestCaseExecutor.doExecute(TestCaseExecutor.java:439)
	at com.kms.katalon.core.main.TestCaseExecutor.processExecutionPhase(TestCaseExecutor.java:418)
	at com.kms.katalon.core.main.TestCaseExecutor.accessMainPhase(TestCaseExecutor.java:410)
	at com.kms.katalon.core.main.TestCaseExecutor.execute(TestCaseExecutor.java:285)
	at com.kms.katalon.core.main.TestCaseMain.runTestCase(TestCaseMain.java:137)
	at com.kms.katalon.core.keyword.builtin.CallTestCaseKeyword$_callTestCase_closure1.doCall(CallTestCaseKeyword.groovy:59)
	... 24 more


25-01-2025T14:52:20 - [TEST_CASE][ERROR] - Test Cases/Admin/Create Subscription: Test Cases/Admin/Create Subscription FAILED.
Reason:
org.openqa.selenium.ElementClickInterceptedException: Element <td> is not clickable at point (757,699) because another element <html> obscures it
Build info: version: '3.141.59', revision: 'unknown', time: 'unknown'
System info: host: 'MacBook-Pro.local', ip: 'fdc1:b939:2fc6:38cc:1017:fa65:eb20:50e5%en0', os.name: 'Mac OS X', os.arch: 'aarch64', os.version: '15.1.1', java.version: '17.0.7'
Driver info: com.kms.katalon.core.webui.driver.firefox.CGeckoDriver
Capabilities {acceptInsecureCerts: true, browserName: firefox, browserVersion: 134.0.2, javascriptEnabled: true, moz:accessibilityChecks: false, moz:buildID: 20250120135430, moz:geckodriverVersion: 0.35.0, moz:headless: false, moz:platformVersion: 24.1.0, moz:processID: 55107, moz:profile: /var/folders/hb/hv2s0v7n1nz..., moz:shutdownTimeout: 60000, moz:webdriverClick: true, moz:windowless: false, pageLoadStrategy: normal, platform: MAC, platformName: MAC, proxy: Proxy(direct), setWindowRect: true, strictFileInteractability: false, timeouts: {implicit: 0, pageLoad: 300000, script: 30000}, unhandledPromptBehavior: dismiss and notify, userAgent: Mozilla/5.0 (Macintosh; Int...}
Session ID: 0246b6ab-be8f-4e3f-834d-4e5c1a4b27e0
	at java.base/jdk.internal.reflect.NativeConstructorAccessorImpl.newInstance0(Native Method)
	at java.base/jdk.internal.reflect.NativeConstructorAccessorImpl.newInstance(NativeConstructorAccessorImpl.java:77)
	at java.base/jdk.internal.reflect.DelegatingConstructorAccessorImpl.newInstance(DelegatingConstructorAccessorImpl.java:45)
	at org.openqa.selenium.remote.http.W3CHttpResponseCodec.createException(W3CHttpResponseCodec.java:187)
	at org.openqa.selenium.remote.http.W3CHttpResponseCodec.decode(W3CHttpResponseCodec.java:122)
	at org.openqa.selenium.remote.http.W3CHttpResponseCodec.decode(W3CHttpResponseCodec.java:49)
	at org.openqa.selenium.remote.HttpCommandExecutor.execute(HttpCommandExecutor.java:158)
	at org.openqa.selenium.remote.service.DriverCommandExecutor.execute(DriverCommandExecutor.java:83)
	at org.openqa.selenium.remote.RemoteWebDriver.execute(RemoteWebDriver.java:552)
	at com.kms.katalon.selenium.driver.CFirefoxDriver.execute(CFirefoxDriver.java:28)
	at org.openqa.selenium.remote.RemoteWebElement.execute(RemoteWebElement.java:285)
	at org.openqa.selenium.remote.RemoteWebElement.click(RemoteWebElement.java:84)
	at jdk.internal.reflect.GeneratedMethodAccessor22.invoke(Unknown Source)
	at java.base/jdk.internal.reflect.DelegatingMethodAccessorImpl.invoke(DelegatingMethodAccessorImpl.java:43)
	at org.openqa.selenium.support.events.EventFiringWebDriver$EventFiringWebElement.lambda$new$0(EventFiringWebDriver.java:404)
	at jdk.proxy2/jdk.proxy2.$Proxy25.click(Unknown Source)
	at org.openqa.selenium.support.events.EventFiringWebDriver$EventFiringWebElement.click(EventFiringWebDriver.java:417)
	at Create Subscription.run(Create Subscription:116)
	at com.kms.katalon.core.main.ScriptEngine.run(ScriptEngine.java:194)
	at com.kms.katalon.core.main.ScriptEngine.runScriptAsRawText(ScriptEngine.java:119)
	at com.kms.katalon.core.main.TestCaseExecutor.runScript(TestCaseExecutor.java:448)
	at com.kms.katalon.core.main.TestCaseExecutor.doExecute(TestCaseExecutor.java:439)
	at com.kms.katalon.core.main.TestCaseExecutor.processExecutionPhase(TestCaseExecutor.java:418)
	at com.kms.katalon.core.main.TestCaseExecutor.accessMainPhase(TestCaseExecutor.java:410)
	at com.kms.katalon.core.main.TestCaseExecutor.execute(TestCaseExecutor.java:285)
	at com.kms.katalon.core.main.TestCaseMain.runTestCase(TestCaseMain.java:137)
	at com.kms.katalon.core.keyword.builtin.CallTestCaseKeyword$_callTestCase_closure1.doCall(CallTestCaseKeyword.groovy:59)
	at com.kms.katalon.core.keyword.builtin.CallTestCaseKeyword$_callTestCase_closure1.call(CallTestCaseKeyword.groovy)
	at com.kms.katalon.core.keyword.internal.KeywordMain.runKeyword(KeywordMain.groovy:75)
	at com.kms.katalon.core.keyword.builtin.CallTestCaseKeyword.callTestCase(CallTestCaseKeyword.groovy:81)
	at com.kms.katalon.core.keyword.builtin.CallTestCaseKeyword.execute(CallTestCaseKeyword.groovy:44)
	at com.kms.katalon.core.keyword.internal.KeywordExecutor.executeKeywordForPlatform(KeywordExecutor.groovy:74)
	at com.kms.katalon.core.keyword.BuiltinKeywords.callTestCase(BuiltinKeywords.groovy:310)
	at jdk.internal.reflect.GeneratedMethodAccessor31.invoke(Unknown Source)
	at java.base/jdk.internal.reflect.DelegatingMethodAccessorImpl.invoke(DelegatingMethodAccessorImpl.java:43)
	at Register Education Partner.run(Register Education Partner:396)
	at com.kms.katalon.core.main.ScriptEngine.run(ScriptEngine.java:194)
	at com.kms.katalon.core.main.ScriptEngine.runScriptAsRawText(ScriptEngine.java:119)
	at com.kms.katalon.core.main.TestCaseExecutor.runScript(TestCaseExecutor.java:448)
	at com.kms.katalon.core.main.TestCaseExecutor.doExecute(TestCaseExecutor.java:439)
	at com.kms.katalon.core.main.TestCaseExecutor.processExecutionPhase(TestCaseExecutor.java:418)
	at com.kms.katalon.core.main.TestCaseExecutor.accessMainPhase(TestCaseExecutor.java:410)
	at com.kms.katalon.core.main.TestCaseExecutor.execute(TestCaseExecutor.java:285)
	at com.kms.katalon.core.common.CommonExecutor.accessTestCaseMainPhase(CommonExecutor.java:65)
	at com.kms.katalon.core.main.TestSuiteExecutor.accessTestSuiteMainPhase(TestSuiteExecutor.java:150)
	at com.kms.katalon.core.main.TestSuiteExecutor.execute(TestSuiteExecutor.java:106)
	at com.kms.katalon.core.main.TestCaseMain.startTestSuite(TestCaseMain.java:180)
	at TempTestSuite1737837877881.run(TempTestSuite1737837877881.groovy:35)
	at java.base/jdk.internal.reflect.NativeMethodAccessorImpl.invoke0(Native Method)
	at java.base/jdk.internal.reflect.NativeMethodAccessorImpl.invoke(NativeMethodAccessorImpl.java:77)
	at java.base/jdk.internal.reflect.DelegatingMethodAccessorImpl.invoke(DelegatingMethodAccessorImpl.java:43)


25-01-2025T14:52:20 - [TEST_STEP][PASSED] - if (binding.hasVariable("varUsername")): null

25-01-2025T14:52:20 - [TEST_STEP][PASSED] - username = varUsername: null

25-01-2025T14:52:20 - [TEST_STEP][PASSED] - if (binding.hasVariable("varType")): null

25-01-2025T14:52:20 - [TEST_STEP][PASSED] - type = varType: null

25-01-2025T14:52:20 - [TEST_STEP][PASSED] - if (binding.hasVariable("varRole")): null

25-01-2025T14:52:20 - [TEST_STEP][PASSED] - role = varRole: null

25-01-2025T14:52:20 - [TEST_STEP][PASSED] - println("username is " + username): null

25-01-2025T14:52:20 - [TEST_STEP][PASSED] - println("type is " + type): null

25-01-2025T14:52:20 - [TEST_STEP][PASSED] - println("role is " + role): null

25-01-2025T14:52:20 - [TEST_STEP][PASSED] - writeFile = false: null

25-01-2025T14:52:20 - [TEST_STEP][PASSED] - if (outFile != ""): null

25-01-2025T14:52:20 - [TEST_STEP][PASSED] - myFile = outFile: null

25-01-2025T14:52:20 - [TEST_STEP][PASSED] - println(myFile): null

25-01-2025T14:52:20 - [TEST_STEP][PASSED] - outFile = new java.io.File(myFile): null

25-01-2025T14:52:20 - [TEST_STEP][PASSED] - writeFile = true: null

25-01-2025T14:52:20 - [TEST_STEP][PASSED] - domain = domain: null

25-01-2025T14:52:20 - [TEST_STEP][PASSED] - url = "https://ad." + domain: null

25-01-2025T14:52:20 - [TEST_STEP][PASSED] - openBrowser(""): Browser is opened with url: ''

25-01-2025T14:52:20 - [MESSAGE][INFO] - Starting 'Firefox' driver

25-01-2025T14:52:20 - [MESSAGE][INFO] - Action delay is set to 0 milliseconds

25-01-2025T14:52:22 - [MESSAGE][PASSED] - Browser is opened with url: ''

25-01-2025T14:52:22 - [TEST_STEP][PASSED] - navigateToUrl(url): Navigate to 'https://ad.missionnext.org' successfully

25-01-2025T14:52:22 - [MESSAGE][PASSED] - Navigate to 'https://ad.missionnext.org' successfully

25-01-2025T14:52:22 - [TEST_STEP][PASSED] - setText(findTestObject("Admin/Ad Login/input_Username"), "chriskosieracki"): Text 'chriskosieracki' is set on object 'Object Repository/Admin/Ad Login/input_Username'

25-01-2025T14:52:22 - [MESSAGE][PASSED] - Text 'chriskosieracki' is set on object 'Object Repository/Admin/Ad Login/input_Username'

25-01-2025T14:52:22 - [TEST_STEP][PASSED] - setEncryptedText(findTestObject("Admin/Ad Login/input_Password"), "fAJOXt1JExHva3VUYg96Og=="): Text ****** has been set on object 'Object Repository/Admin/Ad Login/input_Password'

25-01-2025T14:52:22 - [MESSAGE][PASSED] - Text ****** has been set on object 'Object Repository/Admin/Ad Login/input_Password'

25-01-2025T14:52:22 - [TEST_STEP][PASSED] - click(findTestObject("Admin/Ad Login/btn_Submit")): Object: 'Object Repository/Admin/Ad Login/btn_Submit' is clicked on

25-01-2025T14:52:23 - [MESSAGE][PASSED] - Object: 'Object Repository/Admin/Ad Login/btn_Submit' is clicked on

25-01-2025T14:52:23 - [TEST_STEP][PASSED] - click(findTestObject("Object Repository/Admin/Ad Subscription Utility/a_Subscription Information  Administration")): Object: 'Object Repository/Admin/Ad Subscription Utility/a_Subscription Information  Administration' is clicked on

25-01-2025T14:52:25 - [MESSAGE][PASSED] - Object: 'Object Repository/Admin/Ad Subscription Utility/a_Subscription Information  Administration' is clicked on

25-01-2025T14:52:25 - [TEST_STEP][PASSED] - click(findTestObject("Admin/Ad Subscription Utility/select_Website")): Object: 'Object Repository/Admin/Ad Subscription Utility/select_Website' is clicked on

25-01-2025T14:52:25 - [MESSAGE][PASSED] - Object: 'Object Repository/Admin/Ad Subscription Utility/select_Website' is clicked on

25-01-2025T14:52:25 - [TEST_STEP][PASSED] - delay(1): Delayed 1 second(s)

25-01-2025T14:52:26 - [MESSAGE][PASSED] - Delayed 1 second(s)

25-01-2025T14:52:26 - [TEST_STEP][PASSED] - selectOptionByLabel(findTestObject("Object Repository/Admin/Ad Subscription Utility/select_Website"), type, false): All options with label 'Education' are selected in object 'Object Repository/Admin/Ad Subscription Utility/select_Website' 

25-01-2025T14:52:26 - [MESSAGE][PASSED] - All options with label 'Education' are selected in object 'Object Repository/Admin/Ad Subscription Utility/select_Website' 

25-01-2025T14:52:26 - [TEST_STEP][PASSED] - selectOptionByLabel(findTestObject("Object Repository/Admin/Ad Subscription Utility/select_Role"), role, false): All options with label 'Organization' are selected in object 'Object Repository/Admin/Ad Subscription Utility/select_Role' 

25-01-2025T14:52:26 - [MESSAGE][PASSED] - All options with label 'Organization' are selected in object 'Object Repository/Admin/Ad Subscription Utility/select_Role' 

25-01-2025T14:52:26 - [TEST_STEP][PASSED] - delay(1): Delayed 1 second(s)

25-01-2025T14:52:27 - [MESSAGE][PASSED] - Delayed 1 second(s)

25-01-2025T14:52:27 - [TEST_STEP][PASSED] - click(findTestObject("Admin/Ad Subscription Utility/option_" + role)): Object: 'Object Repository/Admin/Ad Subscription Utility/option_Organization' is clicked on

25-01-2025T14:52:27 - [MESSAGE][PASSED] - Object: 'Object Repository/Admin/Ad Subscription Utility/option_Organization' is clicked on

25-01-2025T14:52:27 - [TEST_STEP][PASSED] - click(findTestObject("Admin/Ad Subscription Utility/btn_Add Subscription Entry")): Object: 'Object Repository/Admin/Ad Subscription Utility/btn_Add Subscription Entry' is clicked on

25-01-2025T14:52:28 - [MESSAGE][PASSED] - Object: 'Object Repository/Admin/Ad Subscription Utility/btn_Add Subscription Entry' is clicked on

25-01-2025T14:52:28 - [TEST_STEP][PASSED] - delay(2): Delayed 2 second(s)

25-01-2025T14:52:30 - [MESSAGE][PASSED] - Delayed 2 second(s)

25-01-2025T14:52:30 - [TEST_STEP][PASSED] - driver = getWebDriver(): null

25-01-2025T14:52:30 - [TEST_STEP][PASSED] - Table = driver.findElement(By.xpath("//p[4]/table")): null

25-01-2025T14:52:30 - [TEST_STEP][PASSED] - Rows = Table.findElements(By.tagName("tr")): null

25-01-2025T14:52:30 - [TEST_STEP][PASSED] - row_count = Rows.size(): null

25-01-2025T14:52:30 - [TEST_STEP][PASSED] - found = false: null

25-01-2025T14:52:30 - [TEST_STEP][ERROR] - for ([row = 1, row < row_count, (row++)]): Test Cases/Admin/Create Subscription FAILED.
Reason:
org.openqa.selenium.ElementClickInterceptedException: Element <td> is not clickable at point (757,699) because another element <html> obscures it
Build info: version: '3.141.59', revision: 'unknown', time: 'unknown'
System info: host: 'MacBook-Pro.local', ip: 'fdc1:b939:2fc6:38cc:1017:fa65:eb20:50e5%en0', os.name: 'Mac OS X', os.arch: 'aarch64', os.version: '15.1.1', java.version: '17.0.7'
Driver info: com.kms.katalon.core.webui.driver.firefox.CGeckoDriver
Capabilities {acceptInsecureCerts: true, browserName: firefox, browserVersion: 134.0.2, javascriptEnabled: true, moz:accessibilityChecks: false, moz:buildID: 20250120135430, moz:geckodriverVersion: 0.35.0, moz:headless: false, moz:platformVersion: 24.1.0, moz:processID: 55107, moz:profile: /var/folders/hb/hv2s0v7n1nz..., moz:shutdownTimeout: 60000, moz:webdriverClick: true, moz:windowless: false, pageLoadStrategy: normal, platform: MAC, platformName: MAC, proxy: Proxy(direct), setWindowRect: true, strictFileInteractability: false, timeouts: {implicit: 0, pageLoad: 300000, script: 30000}, unhandledPromptBehavior: dismiss and notify, userAgent: Mozilla/5.0 (Macintosh; Int...}
Session ID: 0246b6ab-be8f-4e3f-834d-4e5c1a4b27e0
	at java.base/jdk.internal.reflect.NativeConstructorAccessorImpl.newInstance0(Native Method)
	at java.base/jdk.internal.reflect.NativeConstructorAccessorImpl.newInstance(NativeConstructorAccessorImpl.java:77)
	at java.base/jdk.internal.reflect.DelegatingConstructorAccessorImpl.newInstance(DelegatingConstructorAccessorImpl.java:45)
	at org.openqa.selenium.remote.http.W3CHttpResponseCodec.createException(W3CHttpResponseCodec.java:187)
	at org.openqa.selenium.remote.http.W3CHttpResponseCodec.decode(W3CHttpResponseCodec.java:122)
	at org.openqa.selenium.remote.http.W3CHttpResponseCodec.decode(W3CHttpResponseCodec.java:49)
	at org.openqa.selenium.remote.HttpCommandExecutor.execute(HttpCommandExecutor.java:158)
	at org.openqa.selenium.remote.service.DriverCommandExecutor.execute(DriverCommandExecutor.java:83)
	at org.openqa.selenium.remote.RemoteWebDriver.execute(RemoteWebDriver.java:552)
	at com.kms.katalon.selenium.driver.CFirefoxDriver.execute(CFirefoxDriver.java:28)
	at org.openqa.selenium.remote.RemoteWebElement.execute(RemoteWebElement.java:285)
	at org.openqa.selenium.remote.RemoteWebElement.click(RemoteWebElement.java:84)
	at jdk.internal.reflect.GeneratedMethodAccessor22.invoke(Unknown Source)
	at java.base/jdk.internal.reflect.DelegatingMethodAccessorImpl.invoke(DelegatingMethodAccessorImpl.java:43)
	at org.openqa.selenium.support.events.EventFiringWebDriver$EventFiringWebElement.lambda$new$0(EventFiringWebDriver.java:404)
	at jdk.proxy2/jdk.proxy2.$Proxy25.click(Unknown Source)
	at org.openqa.selenium.support.events.EventFiringWebDriver$EventFiringWebElement.click(EventFiringWebDriver.java:417)
	at Create Subscription.run(Create Subscription:116)
	at com.kms.katalon.core.main.ScriptEngine.run(ScriptEngine.java:194)
	at com.kms.katalon.core.main.ScriptEngine.runScriptAsRawText(ScriptEngine.java:119)
	at com.kms.katalon.core.main.TestCaseExecutor.runScript(TestCaseExecutor.java:448)
	at com.kms.katalon.core.main.TestCaseExecutor.doExecute(TestCaseExecutor.java:439)
	at com.kms.katalon.core.main.TestCaseExecutor.processExecutionPhase(TestCaseExecutor.java:418)
	at com.kms.katalon.core.main.TestCaseExecutor.accessMainPhase(TestCaseExecutor.java:410)
	at com.kms.katalon.core.main.TestCaseExecutor.execute(TestCaseExecutor.java:285)
	at com.kms.katalon.core.main.TestCaseMain.runTestCase(TestCaseMain.java:137)
	at com.kms.katalon.core.keyword.builtin.CallTestCaseKeyword$_callTestCase_closure1.doCall(CallTestCaseKeyword.groovy:59)
	at com.kms.katalon.core.keyword.builtin.CallTestCaseKeyword$_callTestCase_closure1.call(CallTestCaseKeyword.groovy)
	at com.kms.katalon.core.keyword.internal.KeywordMain.runKeyword(KeywordMain.groovy:75)
	at com.kms.katalon.core.keyword.builtin.CallTestCaseKeyword.callTestCase(CallTestCaseKeyword.groovy:81)
	at com.kms.katalon.core.keyword.builtin.CallTestCaseKeyword.execute(CallTestCaseKeyword.groovy:44)
	at com.kms.katalon.core.keyword.internal.KeywordExecutor.executeKeywordForPlatform(KeywordExecutor.groovy:74)
	at com.kms.katalon.core.keyword.BuiltinKeywords.callTestCase(BuiltinKeywords.groovy:310)
	at jdk.internal.reflect.GeneratedMethodAccessor31.invoke(Unknown Source)
	at java.base/jdk.internal.reflect.DelegatingMethodAccessorImpl.invoke(DelegatingMethodAccessorImpl.java:43)
	at Register Education Partner.run(Register Education Partner:396)
	at com.kms.katalon.core.main.ScriptEngine.run(ScriptEngine.java:194)
	at com.kms.katalon.core.main.ScriptEngine.runScriptAsRawText(ScriptEngine.java:119)
	at com.kms.katalon.core.main.TestCaseExecutor.runScript(TestCaseExecutor.java:448)
	at com.kms.katalon.core.main.TestCaseExecutor.doExecute(TestCaseExecutor.java:439)
	at com.kms.katalon.core.main.TestCaseExecutor.processExecutionPhase(TestCaseExecutor.java:418)
	at com.kms.katalon.core.main.TestCaseExecutor.accessMainPhase(TestCaseExecutor.java:410)
	at com.kms.katalon.core.main.TestCaseExecutor.execute(TestCaseExecutor.java:285)
	at com.kms.katalon.core.common.CommonExecutor.accessTestCaseMainPhase(CommonExecutor.java:65)
	at com.kms.katalon.core.main.TestSuiteExecutor.accessTestSuiteMainPhase(TestSuiteExecutor.java:150)
	at com.kms.katalon.core.main.TestSuiteExecutor.execute(TestSuiteExecutor.java:106)
	at com.kms.katalon.core.main.TestCaseMain.startTestSuite(TestCaseMain.java:180)
	at TempTestSuite1737837877881.run(TempTestSuite1737837877881.groovy:35)
	at java.base/jdk.internal.reflect.NativeMethodAccessorImpl.invoke0(Native Method)
	at java.base/jdk.internal.reflect.NativeMethodAccessorImpl.invoke(NativeMethodAccessorImpl.java:77)
	at java.base/jdk.internal.reflect.DelegatingMethodAccessorImpl.invoke(DelegatingMethodAccessorImpl.java:43)


25-01-2025T14:52:30 - [TEST_STEP][PASSED] - Columns = get(row).findElements(By.tagName("td")): null

25-01-2025T14:52:30 - [TEST_STEP][PASSED] - user = get(8).getText(): null

25-01-2025T14:52:30 - [TEST_STEP][PASSED] - if (user.indexOf(username) >= 0): null

25-01-2025T14:52:30 - [TEST_STEP][PASSED] - Columns = get(row).findElements(By.tagName("td")): null

25-01-2025T14:52:30 - [TEST_STEP][PASSED] - user = get(8).getText(): null

25-01-2025T14:52:30 - [TEST_STEP][PASSED] - if (user.indexOf(username) >= 0): null

25-01-2025T14:52:30 - [TEST_STEP][PASSED] - Columns = get(row).findElements(By.tagName("td")): null

25-01-2025T14:52:30 - [TEST_STEP][PASSED] - user = get(8).getText(): null

25-01-2025T14:52:30 - [TEST_STEP][PASSED] - if (user.indexOf(username) >= 0): null

25-01-2025T14:52:30 - [TEST_STEP][PASSED] - Columns = get(row).findElements(By.tagName("td")): null

25-01-2025T14:52:30 - [TEST_STEP][PASSED] - user = get(8).getText(): null

25-01-2025T14:52:30 - [TEST_STEP][PASSED] - if (user.indexOf(username) >= 0): null

25-01-2025T14:52:30 - [TEST_STEP][PASSED] - Columns = get(row).findElements(By.tagName("td")): null

25-01-2025T14:52:30 - [TEST_STEP][PASSED] - user = get(8).getText(): null

25-01-2025T14:52:30 - [TEST_STEP][PASSED] - if (user.indexOf(username) >= 0): null

25-01-2025T14:52:30 - [TEST_STEP][PASSED] - Columns = get(row).findElements(By.tagName("td")): null

25-01-2025T14:52:30 - [TEST_STEP][PASSED] - user = get(8).getText(): null

25-01-2025T14:52:30 - [TEST_STEP][PASSED] - if (user.indexOf(username) >= 0): null

25-01-2025T14:52:30 - [TEST_STEP][PASSED] - Columns = get(row).findElements(By.tagName("td")): null

25-01-2025T14:52:30 - [TEST_STEP][PASSED] - user = get(8).getText(): null

25-01-2025T14:52:30 - [TEST_STEP][PASSED] - if (user.indexOf(username) >= 0): null

25-01-2025T14:52:30 - [TEST_STEP][PASSED] - Columns = get(row).findElements(By.tagName("td")): null

25-01-2025T14:52:30 - [TEST_STEP][PASSED] - user = get(8).getText(): null

25-01-2025T14:52:30 - [TEST_STEP][PASSED] - if (user.indexOf(username) >= 0): null

25-01-2025T14:52:30 - [TEST_STEP][PASSED] - Columns = get(row).findElements(By.tagName("td")): null

25-01-2025T14:52:30 - [TEST_STEP][PASSED] - user = get(8).getText(): null

25-01-2025T14:52:30 - [TEST_STEP][PASSED] - if (user.indexOf(username) >= 0): null

25-01-2025T14:52:30 - [TEST_STEP][PASSED] - Columns = get(row).findElements(By.tagName("td")): null

25-01-2025T14:52:30 - [TEST_STEP][PASSED] - user = get(8).getText(): null

25-01-2025T14:52:30 - [TEST_STEP][PASSED] - if (user.indexOf(username) >= 0): null

25-01-2025T14:52:30 - [TEST_STEP][PASSED] - Columns = get(row).findElements(By.tagName("td")): null

25-01-2025T14:52:30 - [TEST_STEP][PASSED] - user = get(8).getText(): null

25-01-2025T14:52:30 - [TEST_STEP][PASSED] - if (user.indexOf(username) >= 0): null

25-01-2025T14:52:30 - [TEST_STEP][PASSED] - Columns = get(row).findElements(By.tagName("td")): null

25-01-2025T14:52:30 - [TEST_STEP][PASSED] - user = get(8).getText(): null

25-01-2025T14:52:30 - [TEST_STEP][PASSED] - if (user.indexOf(username) >= 0): null

25-01-2025T14:52:30 - [TEST_STEP][PASSED] - Columns = get(row).findElements(By.tagName("td")): null

25-01-2025T14:52:30 - [TEST_STEP][PASSED] - user = get(8).getText(): null

25-01-2025T14:52:30 - [TEST_STEP][PASSED] - if (user.indexOf(username) >= 0): null

25-01-2025T14:52:30 - [TEST_STEP][PASSED] - Columns = get(row).findElements(By.tagName("td")): null

25-01-2025T14:52:30 - [TEST_STEP][PASSED] - user = get(8).getText(): null

25-01-2025T14:52:30 - [TEST_STEP][PASSED] - if (user.indexOf(username) >= 0): null

25-01-2025T14:52:30 - [TEST_STEP][PASSED] - Columns = get(row).findElements(By.tagName("td")): null

25-01-2025T14:52:30 - [TEST_STEP][PASSED] - user = get(8).getText(): null

25-01-2025T14:52:30 - [TEST_STEP][PASSED] - if (user.indexOf(username) >= 0): null

25-01-2025T14:52:30 - [TEST_STEP][PASSED] - Columns = get(row).findElements(By.tagName("td")): null

25-01-2025T14:52:30 - [TEST_STEP][PASSED] - user = get(8).getText(): null

25-01-2025T14:52:30 - [TEST_STEP][PASSED] - if (user.indexOf(username) >= 0): null

25-01-2025T14:52:30 - [TEST_STEP][PASSED] - Columns = get(row).findElements(By.tagName("td")): null

25-01-2025T14:52:30 - [TEST_STEP][PASSED] - user = get(8).getText(): null

25-01-2025T14:52:30 - [TEST_STEP][PASSED] - if (user.indexOf(username) >= 0): null

25-01-2025T14:52:30 - [TEST_STEP][PASSED] - Columns = get(row).findElements(By.tagName("td")): null

25-01-2025T14:52:30 - [TEST_STEP][PASSED] - user = get(8).getText(): null

25-01-2025T14:52:30 - [TEST_STEP][PASSED] - if (user.indexOf(username) >= 0): null

25-01-2025T14:52:30 - [TEST_STEP][PASSED] - Columns = get(row).findElements(By.tagName("td")): null

25-01-2025T14:52:30 - [TEST_STEP][PASSED] - user = get(8).getText(): null

25-01-2025T14:52:30 - [TEST_STEP][PASSED] - if (user.indexOf(username) >= 0): null

25-01-2025T14:52:30 - [TEST_STEP][PASSED] - Columns = get(row).findElements(By.tagName("td")): null

25-01-2025T14:52:30 - [TEST_STEP][PASSED] - user = get(8).getText(): null

25-01-2025T14:52:30 - [TEST_STEP][PASSED] - if (user.indexOf(username) >= 0): null

25-01-2025T14:52:30 - [TEST_STEP][PASSED] - Columns = get(row).findElements(By.tagName("td")): null

25-01-2025T14:52:30 - [TEST_STEP][PASSED] - user = get(8).getText(): null

25-01-2025T14:52:30 - [TEST_STEP][PASSED] - if (user.indexOf(username) >= 0): null

25-01-2025T14:52:30 - [TEST_STEP][PASSED] - Columns = get(row).findElements(By.tagName("td")): null

25-01-2025T14:52:30 - [TEST_STEP][PASSED] - user = get(8).getText(): null

25-01-2025T14:52:30 - [TEST_STEP][PASSED] - if (user.indexOf(username) >= 0): null

25-01-2025T14:52:30 - [TEST_STEP][PASSED] - Columns = get(row).findElements(By.tagName("td")): null

25-01-2025T14:52:30 - [TEST_STEP][PASSED] - user = get(8).getText(): null

25-01-2025T14:52:30 - [TEST_STEP][PASSED] - if (user.indexOf(username) >= 0): null

25-01-2025T14:52:30 - [TEST_STEP][PASSED] - Columns = get(row).findElements(By.tagName("td")): null

25-01-2025T14:52:30 - [TEST_STEP][PASSED] - user = get(8).getText(): null

25-01-2025T14:52:30 - [TEST_STEP][PASSED] - if (user.indexOf(username) >= 0): null

25-01-2025T14:52:30 - [TEST_STEP][PASSED] - Columns = get(row).findElements(By.tagName("td")): null

25-01-2025T14:52:30 - [TEST_STEP][PASSED] - user = get(8).getText(): null

25-01-2025T14:52:30 - [TEST_STEP][PASSED] - if (user.indexOf(username) >= 0): null

25-01-2025T14:52:30 - [TEST_STEP][PASSED] - Columns = get(row).findElements(By.tagName("td")): null

25-01-2025T14:52:30 - [TEST_STEP][PASSED] - user = get(8).getText(): null

25-01-2025T14:52:30 - [TEST_STEP][PASSED] - if (user.indexOf(username) >= 0): null

25-01-2025T14:52:30 - [TEST_STEP][PASSED] - Columns = get(row).findElements(By.tagName("td")): null

25-01-2025T14:52:30 - [TEST_STEP][PASSED] - user = get(8).getText(): null

25-01-2025T14:52:30 - [TEST_STEP][PASSED] - if (user.indexOf(username) >= 0): null

25-01-2025T14:52:30 - [TEST_STEP][PASSED] - Columns = get(row).findElements(By.tagName("td")): null

25-01-2025T14:52:30 - [TEST_STEP][PASSED] - user = get(8).getText(): null

25-01-2025T14:52:30 - [TEST_STEP][PASSED] - if (user.indexOf(username) >= 0): null

25-01-2025T14:52:30 - [TEST_STEP][PASSED] - Columns = get(row).findElements(By.tagName("td")): null

25-01-2025T14:52:30 - [TEST_STEP][PASSED] - user = get(8).getText(): null

25-01-2025T14:52:30 - [TEST_STEP][PASSED] - if (user.indexOf(username) >= 0): null

25-01-2025T14:52:30 - [TEST_STEP][PASSED] - Columns = get(row).findElements(By.tagName("td")): null

25-01-2025T14:52:30 - [TEST_STEP][PASSED] - user = get(8).getText(): null

25-01-2025T14:52:30 - [TEST_STEP][PASSED] - if (user.indexOf(username) >= 0): null

25-01-2025T14:52:30 - [TEST_STEP][PASSED] - Columns = get(row).findElements(By.tagName("td")): null

25-01-2025T14:52:30 - [TEST_STEP][PASSED] - user = get(8).getText(): null

25-01-2025T14:52:30 - [TEST_STEP][PASSED] - if (user.indexOf(username) >= 0): null

25-01-2025T14:52:30 - [TEST_STEP][PASSED] - Columns = get(row).findElements(By.tagName("td")): null

25-01-2025T14:52:30 - [TEST_STEP][PASSED] - user = get(8).getText(): null

25-01-2025T14:52:30 - [TEST_STEP][PASSED] - if (user.indexOf(username) >= 0): null

25-01-2025T14:52:30 - [TEST_STEP][PASSED] - Columns = get(row).findElements(By.tagName("td")): null

25-01-2025T14:52:30 - [TEST_STEP][PASSED] - user = get(8).getText(): null

25-01-2025T14:52:30 - [TEST_STEP][PASSED] - if (user.indexOf(username) >= 0): null

25-01-2025T14:52:30 - [TEST_STEP][PASSED] - Columns = get(row).findElements(By.tagName("td")): null

25-01-2025T14:52:30 - [TEST_STEP][PASSED] - user = get(8).getText(): null

25-01-2025T14:52:30 - [TEST_STEP][PASSED] - if (user.indexOf(username) >= 0): null

25-01-2025T14:52:30 - [TEST_STEP][PASSED] - Columns = get(row).findElements(By.tagName("td")): null

25-01-2025T14:52:30 - [TEST_STEP][PASSED] - user = get(8).getText(): null

25-01-2025T14:52:30 - [TEST_STEP][PASSED] - if (user.indexOf(username) >= 0): null

25-01-2025T14:52:30 - [TEST_STEP][PASSED] - Columns = get(row).findElements(By.tagName("td")): null

25-01-2025T14:52:30 - [TEST_STEP][PASSED] - user = get(8).getText(): null

25-01-2025T14:52:30 - [TEST_STEP][PASSED] - if (user.indexOf(username) >= 0): null

25-01-2025T14:52:30 - [TEST_STEP][PASSED] - Columns = get(row).findElements(By.tagName("td")): null

25-01-2025T14:52:30 - [TEST_STEP][PASSED] - user = get(8).getText(): null

25-01-2025T14:52:30 - [TEST_STEP][PASSED] - if (user.indexOf(username) >= 0): null

25-01-2025T14:52:30 - [TEST_STEP][PASSED] - Columns = get(row).findElements(By.tagName("td")): null

25-01-2025T14:52:30 - [TEST_STEP][PASSED] - user = get(8).getText(): null

25-01-2025T14:52:30 - [TEST_STEP][PASSED] - if (user.indexOf(username) >= 0): null

25-01-2025T14:52:30 - [TEST_STEP][PASSED] - Columns = get(row).findElements(By.tagName("td")): null

25-01-2025T14:52:30 - [TEST_STEP][PASSED] - user = get(8).getText(): null

25-01-2025T14:52:30 - [TEST_STEP][PASSED] - if (user.indexOf(username) >= 0): null

25-01-2025T14:52:30 - [TEST_STEP][PASSED] - Columns = get(row).findElements(By.tagName("td")): null

25-01-2025T14:52:30 - [TEST_STEP][PASSED] - user = get(8).getText(): null

25-01-2025T14:52:30 - [TEST_STEP][ERROR] - if (user.indexOf(username) >= 0): Test Cases/Admin/Create Subscription FAILED.
Reason:
org.openqa.selenium.ElementClickInterceptedException: Element <td> is not clickable at point (757,699) because another element <html> obscures it
Build info: version: '3.141.59', revision: 'unknown', time: 'unknown'
System info: host: 'MacBook-Pro.local', ip: 'fdc1:b939:2fc6:38cc:1017:fa65:eb20:50e5%en0', os.name: 'Mac OS X', os.arch: 'aarch64', os.version: '15.1.1', java.version: '17.0.7'
Driver info: com.kms.katalon.core.webui.driver.firefox.CGeckoDriver
Capabilities {acceptInsecureCerts: true, browserName: firefox, browserVersion: 134.0.2, javascriptEnabled: true, moz:accessibilityChecks: false, moz:buildID: 20250120135430, moz:geckodriverVersion: 0.35.0, moz:headless: false, moz:platformVersion: 24.1.0, moz:processID: 55107, moz:profile: /var/folders/hb/hv2s0v7n1nz..., moz:shutdownTimeout: 60000, moz:webdriverClick: true, moz:windowless: false, pageLoadStrategy: normal, platform: MAC, platformName: MAC, proxy: Proxy(direct), setWindowRect: true, strictFileInteractability: false, timeouts: {implicit: 0, pageLoad: 300000, script: 30000}, unhandledPromptBehavior: dismiss and notify, userAgent: Mozilla/5.0 (Macintosh; Int...}
Session ID: 0246b6ab-be8f-4e3f-834d-4e5c1a4b27e0
	at java.base/jdk.internal.reflect.NativeConstructorAccessorImpl.newInstance0(Native Method)
	at java.base/jdk.internal.reflect.NativeConstructorAccessorImpl.newInstance(NativeConstructorAccessorImpl.java:77)
	at java.base/jdk.internal.reflect.DelegatingConstructorAccessorImpl.newInstance(DelegatingConstructorAccessorImpl.java:45)
	at org.openqa.selenium.remote.http.W3CHttpResponseCodec.createException(W3CHttpResponseCodec.java:187)
	at org.openqa.selenium.remote.http.W3CHttpResponseCodec.decode(W3CHttpResponseCodec.java:122)
	at org.openqa.selenium.remote.http.W3CHttpResponseCodec.decode(W3CHttpResponseCodec.java:49)
	at org.openqa.selenium.remote.HttpCommandExecutor.execute(HttpCommandExecutor.java:158)
	at org.openqa.selenium.remote.service.DriverCommandExecutor.execute(DriverCommandExecutor.java:83)
	at org.openqa.selenium.remote.RemoteWebDriver.execute(RemoteWebDriver.java:552)
	at com.kms.katalon.selenium.driver.CFirefoxDriver.execute(CFirefoxDriver.java:28)
	at org.openqa.selenium.remote.RemoteWebElement.execute(RemoteWebElement.java:285)
	at org.openqa.selenium.remote.RemoteWebElement.click(RemoteWebElement.java:84)
	at jdk.internal.reflect.GeneratedMethodAccessor22.invoke(Unknown Source)
	at java.base/jdk.internal.reflect.DelegatingMethodAccessorImpl.invoke(DelegatingMethodAccessorImpl.java:43)
	at org.openqa.selenium.support.events.EventFiringWebDriver$EventFiringWebElement.lambda$new$0(EventFiringWebDriver.java:404)
	at jdk.proxy2/jdk.proxy2.$Proxy25.click(Unknown Source)
	at org.openqa.selenium.support.events.EventFiringWebDriver$EventFiringWebElement.click(EventFiringWebDriver.java:417)
	at Create Subscription.run(Create Subscription:116)
	at com.kms.katalon.core.main.ScriptEngine.run(ScriptEngine.java:194)
	at com.kms.katalon.core.main.ScriptEngine.runScriptAsRawText(ScriptEngine.java:119)
	at com.kms.katalon.core.main.TestCaseExecutor.runScript(TestCaseExecutor.java:448)
	at com.kms.katalon.core.main.TestCaseExecutor.doExecute(TestCaseExecutor.java:439)
	at com.kms.katalon.core.main.TestCaseExecutor.processExecutionPhase(TestCaseExecutor.java:418)
	at com.kms.katalon.core.main.TestCaseExecutor.accessMainPhase(TestCaseExecutor.java:410)
	at com.kms.katalon.core.main.TestCaseExecutor.execute(TestCaseExecutor.java:285)
	at com.kms.katalon.core.main.TestCaseMain.runTestCase(TestCaseMain.java:137)
	at com.kms.katalon.core.keyword.builtin.CallTestCaseKeyword$_callTestCase_closure1.doCall(CallTestCaseKeyword.groovy:59)
	at com.kms.katalon.core.keyword.builtin.CallTestCaseKeyword$_callTestCase_closure1.call(CallTestCaseKeyword.groovy)
	at com.kms.katalon.core.keyword.internal.KeywordMain.runKeyword(KeywordMain.groovy:75)
	at com.kms.katalon.core.keyword.builtin.CallTestCaseKeyword.callTestCase(CallTestCaseKeyword.groovy:81)
	at com.kms.katalon.core.keyword.builtin.CallTestCaseKeyword.execute(CallTestCaseKeyword.groovy:44)
	at com.kms.katalon.core.keyword.internal.KeywordExecutor.executeKeywordForPlatform(KeywordExecutor.groovy:74)
	at com.kms.katalon.core.keyword.BuiltinKeywords.callTestCase(BuiltinKeywords.groovy:310)
	at jdk.internal.reflect.GeneratedMethodAccessor31.invoke(Unknown Source)
	at java.base/jdk.internal.reflect.DelegatingMethodAccessorImpl.invoke(DelegatingMethodAccessorImpl.java:43)
	at Register Education Partner.run(Register Education Partner:396)
	at com.kms.katalon.core.main.ScriptEngine.run(ScriptEngine.java:194)
	at com.kms.katalon.core.main.ScriptEngine.runScriptAsRawText(ScriptEngine.java:119)
	at com.kms.katalon.core.main.TestCaseExecutor.runScript(TestCaseExecutor.java:448)
	at com.kms.katalon.core.main.TestCaseExecutor.doExecute(TestCaseExecutor.java:439)
	at com.kms.katalon.core.main.TestCaseExecutor.processExecutionPhase(TestCaseExecutor.java:418)
	at com.kms.katalon.core.main.TestCaseExecutor.accessMainPhase(TestCaseExecutor.java:410)
	at com.kms.katalon.core.main.TestCaseExecutor.execute(TestCaseExecutor.java:285)
	at com.kms.katalon.core.common.CommonExecutor.accessTestCaseMainPhase(CommonExecutor.java:65)
	at com.kms.katalon.core.main.TestSuiteExecutor.accessTestSuiteMainPhase(TestSuiteExecutor.java:150)
	at com.kms.katalon.core.main.TestSuiteExecutor.execute(TestSuiteExecutor.java:106)
	at com.kms.katalon.core.main.TestCaseMain.startTestSuite(TestCaseMain.java:180)
	at TempTestSuite1737837877881.run(TempTestSuite1737837877881.groovy:35)
	at java.base/jdk.internal.reflect.NativeMethodAccessorImpl.invoke0(Native Method)
	at java.base/jdk.internal.reflect.NativeMethodAccessorImpl.invoke(NativeMethodAccessorImpl.java:77)
	at java.base/jdk.internal.reflect.DelegatingMethodAccessorImpl.invoke(DelegatingMethodAccessorImpl.java:43)


25-01-2025T14:52:30 - [TEST_STEP][PASSED] - found = true: null

25-01-2025T14:52:30 - [TEST_STEP][PASSED] - outText = "Creating subscription for " + username: null

25-01-2025T14:52:30 - [TEST_STEP][PASSED] - println("=====> " + outText): null

25-01-2025T14:52:30 - [TEST_STEP][PASSED] - if (writeFile): null

25-01-2025T14:52:30 - [TEST_STEP][PASSED] - outFile.append(outText + "
"): null

25-01-2025T14:52:30 - [TEST_STEP][ERROR] - get(4).click(): Test Cases/Admin/Create Subscription FAILED.
Reason:
org.openqa.selenium.ElementClickInterceptedException: Element <td> is not clickable at point (757,699) because another element <html> obscures it
Build info: version: '3.141.59', revision: 'unknown', time: 'unknown'
System info: host: 'MacBook-Pro.local', ip: 'fdc1:b939:2fc6:38cc:1017:fa65:eb20:50e5%en0', os.name: 'Mac OS X', os.arch: 'aarch64', os.version: '15.1.1', java.version: '17.0.7'
Driver info: com.kms.katalon.core.webui.driver.firefox.CGeckoDriver
Capabilities {acceptInsecureCerts: true, browserName: firefox, browserVersion: 134.0.2, javascriptEnabled: true, moz:accessibilityChecks: false, moz:buildID: 20250120135430, moz:geckodriverVersion: 0.35.0, moz:headless: false, moz:platformVersion: 24.1.0, moz:processID: 55107, moz:profile: /var/folders/hb/hv2s0v7n1nz..., moz:shutdownTimeout: 60000, moz:webdriverClick: true, moz:windowless: false, pageLoadStrategy: normal, platform: MAC, platformName: MAC, proxy: Proxy(direct), setWindowRect: true, strictFileInteractability: false, timeouts: {implicit: 0, pageLoad: 300000, script: 30000}, unhandledPromptBehavior: dismiss and notify, userAgent: Mozilla/5.0 (Macintosh; Int...}
Session ID: 0246b6ab-be8f-4e3f-834d-4e5c1a4b27e0
	at java.base/jdk.internal.reflect.NativeConstructorAccessorImpl.newInstance0(Native Method)
	at java.base/jdk.internal.reflect.NativeConstructorAccessorImpl.newInstance(NativeConstructorAccessorImpl.java:77)
	at java.base/jdk.internal.reflect.DelegatingConstructorAccessorImpl.newInstance(DelegatingConstructorAccessorImpl.java:45)
	at org.openqa.selenium.remote.http.W3CHttpResponseCodec.createException(W3CHttpResponseCodec.java:187)
	at org.openqa.selenium.remote.http.W3CHttpResponseCodec.decode(W3CHttpResponseCodec.java:122)
	at org.openqa.selenium.remote.http.W3CHttpResponseCodec.decode(W3CHttpResponseCodec.java:49)
	at org.openqa.selenium.remote.HttpCommandExecutor.execute(HttpCommandExecutor.java:158)
	at org.openqa.selenium.remote.service.DriverCommandExecutor.execute(DriverCommandExecutor.java:83)
	at org.openqa.selenium.remote.RemoteWebDriver.execute(RemoteWebDriver.java:552)
	at com.kms.katalon.selenium.driver.CFirefoxDriver.execute(CFirefoxDriver.java:28)
	at org.openqa.selenium.remote.RemoteWebElement.execute(RemoteWebElement.java:285)
	at org.openqa.selenium.remote.RemoteWebElement.click(RemoteWebElement.java:84)
	at jdk.internal.reflect.GeneratedMethodAccessor22.invoke(Unknown Source)
	at java.base/jdk.internal.reflect.DelegatingMethodAccessorImpl.invoke(DelegatingMethodAccessorImpl.java:43)
	at org.openqa.selenium.support.events.EventFiringWebDriver$EventFiringWebElement.lambda$new$0(EventFiringWebDriver.java:404)
	at jdk.proxy2/jdk.proxy2.$Proxy25.click(Unknown Source)
	at org.openqa.selenium.support.events.EventFiringWebDriver$EventFiringWebElement.click(EventFiringWebDriver.java:417)
	at Create Subscription.run(Create Subscription:116)
	at com.kms.katalon.core.main.ScriptEngine.run(ScriptEngine.java:194)
	at com.kms.katalon.core.main.ScriptEngine.runScriptAsRawText(ScriptEngine.java:119)
	at com.kms.katalon.core.main.TestCaseExecutor.runScript(TestCaseExecutor.java:448)
	at com.kms.katalon.core.main.TestCaseExecutor.doExecute(TestCaseExecutor.java:439)
	at com.kms.katalon.core.main.TestCaseExecutor.processExecutionPhase(TestCaseExecutor.java:418)
	at com.kms.katalon.core.main.TestCaseExecutor.accessMainPhase(TestCaseExecutor.java:410)
	at com.kms.katalon.core.main.TestCaseExecutor.execute(TestCaseExecutor.java:285)
	at com.kms.katalon.core.main.TestCaseMain.runTestCase(TestCaseMain.java:137)
	at com.kms.katalon.core.keyword.builtin.CallTestCaseKeyword$_callTestCase_closure1.doCall(CallTestCaseKeyword.groovy:59)
	at com.kms.katalon.core.keyword.builtin.CallTestCaseKeyword$_callTestCase_closure1.call(CallTestCaseKeyword.groovy)
	at com.kms.katalon.core.keyword.internal.KeywordMain.runKeyword(KeywordMain.groovy:75)
	at com.kms.katalon.core.keyword.builtin.CallTestCaseKeyword.callTestCase(CallTestCaseKeyword.groovy:81)
	at com.kms.katalon.core.keyword.builtin.CallTestCaseKeyword.execute(CallTestCaseKeyword.groovy:44)
	at com.kms.katalon.core.keyword.internal.KeywordExecutor.executeKeywordForPlatform(KeywordExecutor.groovy:74)
	at com.kms.katalon.core.keyword.BuiltinKeywords.callTestCase(BuiltinKeywords.groovy:310)
	at jdk.internal.reflect.GeneratedMethodAccessor31.invoke(Unknown Source)
	at java.base/jdk.internal.reflect.DelegatingMethodAccessorImpl.invoke(DelegatingMethodAccessorImpl.java:43)
	at Register Education Partner.run(Register Education Partner:396)
	at com.kms.katalon.core.main.ScriptEngine.run(ScriptEngine.java:194)
	at com.kms.katalon.core.main.ScriptEngine.runScriptAsRawText(ScriptEngine.java:119)
	at com.kms.katalon.core.main.TestCaseExecutor.runScript(TestCaseExecutor.java:448)
	at com.kms.katalon.core.main.TestCaseExecutor.doExecute(TestCaseExecutor.java:439)
	at com.kms.katalon.core.main.TestCaseExecutor.processExecutionPhase(TestCaseExecutor.java:418)
	at com.kms.katalon.core.main.TestCaseExecutor.accessMainPhase(TestCaseExecutor.java:410)
	at com.kms.katalon.core.main.TestCaseExecutor.execute(TestCaseExecutor.java:285)
	at com.kms.katalon.core.common.CommonExecutor.accessTestCaseMainPhase(CommonExecutor.java:65)
	at com.kms.katalon.core.main.TestSuiteExecutor.accessTestSuiteMainPhase(TestSuiteExecutor.java:150)
	at com.kms.katalon.core.main.TestSuiteExecutor.execute(TestSuiteExecutor.java:106)
	at com.kms.katalon.core.main.TestCaseMain.startTestSuite(TestCaseMain.java:180)
	at TempTestSuite1737837877881.run(TempTestSuite1737837877881.groovy:35)
	at java.base/jdk.internal.reflect.NativeMethodAccessorImpl.invoke0(Native Method)
	at java.base/jdk.internal.reflect.NativeMethodAccessorImpl.invoke(NativeMethodAccessorImpl.java:77)
	at java.base/jdk.internal.reflect.DelegatingMethodAccessorImpl.invoke(DelegatingMethodAccessorImpl.java:43)


25-01-2025T14:52:30 - [MESSAGE][ERROR] - Test Cases/Admin/Create Subscription FAILED.
Reason:
org.openqa.selenium.ElementClickInterceptedException: Element <td> is not clickable at point (757,699) because another element <html> obscures it
Build info: version: '3.141.59', revision: 'unknown', time: 'unknown'
System info: host: 'MacBook-Pro.local', ip: 'fdc1:b939:2fc6:38cc:1017:fa65:eb20:50e5%en0', os.name: 'Mac OS X', os.arch: 'aarch64', os.version: '15.1.1', java.version: '17.0.7'
Driver info: com.kms.katalon.core.webui.driver.firefox.CGeckoDriver
Capabilities {acceptInsecureCerts: true, browserName: firefox, browserVersion: 134.0.2, javascriptEnabled: true, moz:accessibilityChecks: false, moz:buildID: 20250120135430, moz:geckodriverVersion: 0.35.0, moz:headless: false, moz:platformVersion: 24.1.0, moz:processID: 55107, moz:profile: /var/folders/hb/hv2s0v7n1nz..., moz:shutdownTimeout: 60000, moz:webdriverClick: true, moz:windowless: false, pageLoadStrategy: normal, platform: MAC, platformName: MAC, proxy: Proxy(direct), setWindowRect: true, strictFileInteractability: false, timeouts: {implicit: 0, pageLoad: 300000, script: 30000}, unhandledPromptBehavior: dismiss and notify, userAgent: Mozilla/5.0 (Macintosh; Int...}
Session ID: 0246b6ab-be8f-4e3f-834d-4e5c1a4b27e0
	at java.base/jdk.internal.reflect.NativeConstructorAccessorImpl.newInstance0(Native Method)
	at java.base/jdk.internal.reflect.NativeConstructorAccessorImpl.newInstance(NativeConstructorAccessorImpl.java:77)
	at java.base/jdk.internal.reflect.DelegatingConstructorAccessorImpl.newInstance(DelegatingConstructorAccessorImpl.java:45)
	at org.openqa.selenium.remote.http.W3CHttpResponseCodec.createException(W3CHttpResponseCodec.java:187)
	at org.openqa.selenium.remote.http.W3CHttpResponseCodec.decode(W3CHttpResponseCodec.java:122)
	at org.openqa.selenium.remote.http.W3CHttpResponseCodec.decode(W3CHttpResponseCodec.java:49)
	at org.openqa.selenium.remote.HttpCommandExecutor.execute(HttpCommandExecutor.java:158)
	at org.openqa.selenium.remote.service.DriverCommandExecutor.execute(DriverCommandExecutor.java:83)
	at org.openqa.selenium.remote.RemoteWebDriver.execute(RemoteWebDriver.java:552)
	at com.kms.katalon.selenium.driver.CFirefoxDriver.execute(CFirefoxDriver.java:28)
	at org.openqa.selenium.remote.RemoteWebElement.execute(RemoteWebElement.java:285)
	at org.openqa.selenium.remote.RemoteWebElement.click(RemoteWebElement.java:84)
	at jdk.internal.reflect.GeneratedMethodAccessor22.invoke(Unknown Source)
	at java.base/jdk.internal.reflect.DelegatingMethodAccessorImpl.invoke(DelegatingMethodAccessorImpl.java:43)
	at org.openqa.selenium.support.events.EventFiringWebDriver$EventFiringWebElement.lambda$new$0(EventFiringWebDriver.java:404)
	at jdk.proxy2/jdk.proxy2.$Proxy25.click(Unknown Source)
	at org.openqa.selenium.support.events.EventFiringWebDriver$EventFiringWebElement.click(EventFiringWebDriver.java:417)
	at Create Subscription.run(Create Subscription:116)
	at com.kms.katalon.core.main.ScriptEngine.run(ScriptEngine.java:194)
	at com.kms.katalon.core.main.ScriptEngine.runScriptAsRawText(ScriptEngine.java:119)
	at com.kms.katalon.core.main.TestCaseExecutor.runScript(TestCaseExecutor.java:448)
	at com.kms.katalon.core.main.TestCaseExecutor.doExecute(TestCaseExecutor.java:439)
	at com.kms.katalon.core.main.TestCaseExecutor.processExecutionPhase(TestCaseExecutor.java:418)
	at com.kms.katalon.core.main.TestCaseExecutor.accessMainPhase(TestCaseExecutor.java:410)
	at com.kms.katalon.core.main.TestCaseExecutor.execute(TestCaseExecutor.java:285)
	at com.kms.katalon.core.main.TestCaseMain.runTestCase(TestCaseMain.java:137)
	at com.kms.katalon.core.keyword.builtin.CallTestCaseKeyword$_callTestCase_closure1.doCall(CallTestCaseKeyword.groovy:59)
	at com.kms.katalon.core.keyword.builtin.CallTestCaseKeyword$_callTestCase_closure1.call(CallTestCaseKeyword.groovy)
	at com.kms.katalon.core.keyword.internal.KeywordMain.runKeyword(KeywordMain.groovy:75)
	at com.kms.katalon.core.keyword.builtin.CallTestCaseKeyword.callTestCase(CallTestCaseKeyword.groovy:81)
	at com.kms.katalon.core.keyword.builtin.CallTestCaseKeyword.execute(CallTestCaseKeyword.groovy:44)
	at com.kms.katalon.core.keyword.internal.KeywordExecutor.executeKeywordForPlatform(KeywordExecutor.groovy:74)
	at com.kms.katalon.core.keyword.BuiltinKeywords.callTestCase(BuiltinKeywords.groovy:310)
	at jdk.internal.reflect.GeneratedMethodAccessor31.invoke(Unknown Source)
	at java.base/jdk.internal.reflect.DelegatingMethodAccessorImpl.invoke(DelegatingMethodAccessorImpl.java:43)
	at Register Education Partner.run(Register Education Partner:396)
	at com.kms.katalon.core.main.ScriptEngine.run(ScriptEngine.java:194)
	at com.kms.katalon.core.main.ScriptEngine.runScriptAsRawText(ScriptEngine.java:119)
	at com.kms.katalon.core.main.TestCaseExecutor.runScript(TestCaseExecutor.java:448)
	at com.kms.katalon.core.main.TestCaseExecutor.doExecute(TestCaseExecutor.java:439)
	at com.kms.katalon.core.main.TestCaseExecutor.processExecutionPhase(TestCaseExecutor.java:418)
	at com.kms.katalon.core.main.TestCaseExecutor.accessMainPhase(TestCaseExecutor.java:410)
	at com.kms.katalon.core.main.TestCaseExecutor.execute(TestCaseExecutor.java:285)
	at com.kms.katalon.core.common.CommonExecutor.accessTestCaseMainPhase(CommonExecutor.java:65)
	at com.kms.katalon.core.main.TestSuiteExecutor.accessTestSuiteMainPhase(TestSuiteExecutor.java:150)
	at com.kms.katalon.core.main.TestSuiteExecutor.execute(TestSuiteExecutor.java:106)
	at com.kms.katalon.core.main.TestCaseMain.startTestSuite(TestCaseMain.java:180)
	at TempTestSuite1737837877881.run(TempTestSuite1737837877881.groovy:35)
	at java.base/jdk.internal.reflect.NativeMethodAccessorImpl.invoke0(Native Method)
	at java.base/jdk.internal.reflect.NativeMethodAccessorImpl.invoke(NativeMethodAccessorImpl.java:77)
	at java.base/jdk.internal.reflect.DelegatingMethodAccessorImpl.invoke(DelegatingMethodAccessorImpl.java:43)


25-01-2025T14:52:30 - [MESSAGE][FAILED] - Unable to call Test Case 'Test Cases/Admin/Create Subscription' (Root cause: com.kms.katalon.core.exception.StepErrorException: Call Test Case 'Test Cases/Admin/Create Subscription' failed because of error(s)
	at com.kms.katalon.core.keyword.builtin.CallTestCaseKeyword$_callTestCase_closure1.doCall(CallTestCaseKeyword.groovy:66)
	at com.kms.katalon.core.keyword.builtin.CallTestCaseKeyword$_callTestCase_closure1.call(CallTestCaseKeyword.groovy)
	at com.kms.katalon.core.keyword.internal.KeywordMain.runKeyword(KeywordMain.groovy:75)
	at com.kms.katalon.core.keyword.builtin.CallTestCaseKeyword.callTestCase(CallTestCaseKeyword.groovy:81)
	at com.kms.katalon.core.keyword.builtin.CallTestCaseKeyword.execute(CallTestCaseKeyword.groovy:44)
	at com.kms.katalon.core.keyword.internal.KeywordExecutor.executeKeywordForPlatform(KeywordExecutor.groovy:74)
	at com.kms.katalon.core.keyword.BuiltinKeywords.callTestCase(BuiltinKeywords.groovy:310)
	at jdk.internal.reflect.GeneratedMethodAccessor31.invoke(Unknown Source)
	at java.base/jdk.internal.reflect.DelegatingMethodAccessorImpl.invoke(DelegatingMethodAccessorImpl.java:43)
	at Register Education Partner.run(Register Education Partner:396)
	at com.kms.katalon.core.main.ScriptEngine.run(ScriptEngine.java:194)
	at com.kms.katalon.core.main.ScriptEngine.runScriptAsRawText(ScriptEngine.java:119)
	at com.kms.katalon.core.main.TestCaseExecutor.runScript(TestCaseExecutor.java:448)
	at com.kms.katalon.core.main.TestCaseExecutor.doExecute(TestCaseExecutor.java:439)
	at com.kms.katalon.core.main.TestCaseExecutor.processExecutionPhase(TestCaseExecutor.java:418)
	at com.kms.katalon.core.main.TestCaseExecutor.accessMainPhase(TestCaseExecutor.java:410)
	at com.kms.katalon.core.main.TestCaseExecutor.execute(TestCaseExecutor.java:285)
	at com.kms.katalon.core.common.CommonExecutor.accessTestCaseMainPhase(CommonExecutor.java:65)
	at com.kms.katalon.core.main.TestSuiteExecutor.accessTestSuiteMainPhase(TestSuiteExecutor.java:150)
	at com.kms.katalon.core.main.TestSuiteExecutor.execute(TestSuiteExecutor.java:106)
	at com.kms.katalon.core.main.TestCaseMain.startTestSuite(TestCaseMain.java:180)
	at TempTestSuite1737837877881.run(TempTestSuite1737837877881.groovy:35)
	at java.base/jdk.internal.reflect.NativeMethodAccessorImpl.invoke0(Native Method)
	at java.base/jdk.internal.reflect.NativeMethodAccessorImpl.invoke(NativeMethodAccessorImpl.java:77)
	at java.base/jdk.internal.reflect.DelegatingMethodAccessorImpl.invoke(DelegatingMethodAccessorImpl.java:43)
Caused by: org.openqa.selenium.ElementClickInterceptedException: Element <td> is not clickable at point (757,699) because another element <html> obscures it
Build info: version: '3.141.59', revision: 'unknown', time: 'unknown'
System info: host: 'MacBook-Pro.local', ip: 'fdc1:b939:2fc6:38cc:1017:fa65:eb20:50e5%en0', os.name: 'Mac OS X', os.arch: 'aarch64', os.version: '15.1.1', java.version: '17.0.7'
Driver info: com.kms.katalon.core.webui.driver.firefox.CGeckoDriver
Capabilities {acceptInsecureCerts: true, browserName: firefox, browserVersion: 134.0.2, javascriptEnabled: true, moz:accessibilityChecks: false, moz:buildID: 20250120135430, moz:geckodriverVersion: 0.35.0, moz:headless: false, moz:platformVersion: 24.1.0, moz:processID: 55107, moz:profile: /var/folders/hb/hv2s0v7n1nz..., moz:shutdownTimeout: 60000, moz:webdriverClick: true, moz:windowless: false, pageLoadStrategy: normal, platform: MAC, platformName: MAC, proxy: Proxy(direct), setWindowRect: true, strictFileInteractability: false, timeouts: {implicit: 0, pageLoad: 300000, script: 30000}, unhandledPromptBehavior: dismiss and notify, userAgent: Mozilla/5.0 (Macintosh; Int...}
Session ID: 0246b6ab-be8f-4e3f-834d-4e5c1a4b27e0
	at java.base/jdk.internal.reflect.NativeConstructorAccessorImpl.newInstance0(Native Method)
	at java.base/jdk.internal.reflect.NativeConstructorAccessorImpl.newInstance(NativeConstructorAccessorImpl.java:77)
	at java.base/jdk.internal.reflect.DelegatingConstructorAccessorImpl.newInstance(DelegatingConstructorAccessorImpl.java:45)
	at org.openqa.selenium.remote.http.W3CHttpResponseCodec.createException(W3CHttpResponseCodec.java:187)
	at org.openqa.selenium.remote.http.W3CHttpResponseCodec.decode(W3CHttpResponseCodec.java:122)
	at org.openqa.selenium.remote.http.W3CHttpResponseCodec.decode(W3CHttpResponseCodec.java:49)
	at org.openqa.selenium.remote.HttpCommandExecutor.execute(HttpCommandExecutor.java:158)
	at org.openqa.selenium.remote.service.DriverCommandExecutor.execute(DriverCommandExecutor.java:83)
	at org.openqa.selenium.remote.RemoteWebDriver.execute(RemoteWebDriver.java:552)
	at com.kms.katalon.selenium.driver.CFirefoxDriver.execute(CFirefoxDriver.java:28)
	at org.openqa.selenium.remote.RemoteWebElement.execute(RemoteWebElement.java:285)
	at org.openqa.selenium.remote.RemoteWebElement.click(RemoteWebElement.java:84)
	at jdk.internal.reflect.GeneratedMethodAccessor22.invoke(Unknown Source)
	at java.base/jdk.internal.reflect.DelegatingMethodAccessorImpl.invoke(DelegatingMethodAccessorImpl.java:43)
	at org.openqa.selenium.support.events.EventFiringWebDriver$EventFiringWebElement.lambda$new$0(EventFiringWebDriver.java:404)
	at jdk.proxy2/jdk.proxy2.$Proxy25.click(Unknown Source)
	at org.openqa.selenium.support.events.EventFiringWebDriver$EventFiringWebElement.click(EventFiringWebDriver.java:417)
	at Create Subscription.run(Create Subscription:116)
	at com.kms.katalon.core.main.ScriptEngine.run(ScriptEngine.java:194)
	at com.kms.katalon.core.main.ScriptEngine.runScriptAsRawText(ScriptEngine.java:119)
	at com.kms.katalon.core.main.TestCaseExecutor.runScript(TestCaseExecutor.java:448)
	at com.kms.katalon.core.main.TestCaseExecutor.doExecute(TestCaseExecutor.java:439)
	at com.kms.katalon.core.main.TestCaseExecutor.processExecutionPhase(TestCaseExecutor.java:418)
	at com.kms.katalon.core.main.TestCaseExecutor.accessMainPhase(TestCaseExecutor.java:410)
	at com.kms.katalon.core.main.TestCaseExecutor.execute(TestCaseExecutor.java:285)
	at com.kms.katalon.core.main.TestCaseMain.runTestCase(TestCaseMain.java:137)
	at com.kms.katalon.core.keyword.builtin.CallTestCaseKeyword$_callTestCase_closure1.doCall(CallTestCaseKeyword.groovy:59)
	... 24 more
)

25-01-2025T14:52:30 - [MESSAGE][ERROR] - Test Cases/Education Partner Profile/Register Education Partner FAILED.
Reason:
com.kms.katalon.core.exception.StepErrorException: Call Test Case 'Test Cases/Admin/Create Subscription' failed because of error(s)
	at com.kms.katalon.core.keyword.builtin.CallTestCaseKeyword$_callTestCase_closure1.doCall(CallTestCaseKeyword.groovy:66)
	at com.kms.katalon.core.keyword.builtin.CallTestCaseKeyword$_callTestCase_closure1.call(CallTestCaseKeyword.groovy)
	at com.kms.katalon.core.keyword.internal.KeywordMain.runKeyword(KeywordMain.groovy:75)
	at com.kms.katalon.core.keyword.builtin.CallTestCaseKeyword.callTestCase(CallTestCaseKeyword.groovy:81)
	at com.kms.katalon.core.keyword.builtin.CallTestCaseKeyword.execute(CallTestCaseKeyword.groovy:44)
	at com.kms.katalon.core.keyword.internal.KeywordExecutor.executeKeywordForPlatform(KeywordExecutor.groovy:74)
	at com.kms.katalon.core.keyword.BuiltinKeywords.callTestCase(BuiltinKeywords.groovy:310)
	at jdk.internal.reflect.GeneratedMethodAccessor31.invoke(Unknown Source)
	at java.base/jdk.internal.reflect.DelegatingMethodAccessorImpl.invoke(DelegatingMethodAccessorImpl.java:43)
	at Register Education Partner.run(Register Education Partner:396)
	at com.kms.katalon.core.main.ScriptEngine.run(ScriptEngine.java:194)
	at com.kms.katalon.core.main.ScriptEngine.runScriptAsRawText(ScriptEngine.java:119)
	at com.kms.katalon.core.main.TestCaseExecutor.runScript(TestCaseExecutor.java:448)
	at com.kms.katalon.core.main.TestCaseExecutor.doExecute(TestCaseExecutor.java:439)
	at com.kms.katalon.core.main.TestCaseExecutor.processExecutionPhase(TestCaseExecutor.java:418)
	at com.kms.katalon.core.main.TestCaseExecutor.accessMainPhase(TestCaseExecutor.java:410)
	at com.kms.katalon.core.main.TestCaseExecutor.execute(TestCaseExecutor.java:285)
	at com.kms.katalon.core.common.CommonExecutor.accessTestCaseMainPhase(CommonExecutor.java:65)
	at com.kms.katalon.core.main.TestSuiteExecutor.accessTestSuiteMainPhase(TestSuiteExecutor.java:150)
	at com.kms.katalon.core.main.TestSuiteExecutor.execute(TestSuiteExecutor.java:106)
	at com.kms.katalon.core.main.TestCaseMain.startTestSuite(TestCaseMain.java:180)
	at TempTestSuite1737837877881.run(TempTestSuite1737837877881.groovy:35)
	at java.base/jdk.internal.reflect.NativeMethodAccessorImpl.invoke0(Native Method)
	at java.base/jdk.internal.reflect.NativeMethodAccessorImpl.invoke(NativeMethodAccessorImpl.java:77)
	at java.base/jdk.internal.reflect.DelegatingMethodAccessorImpl.invoke(DelegatingMethodAccessorImpl.java:43)
Caused by: org.openqa.selenium.ElementClickInterceptedException: Element <td> is not clickable at point (757,699) because another element <html> obscures it
Build info: version: '3.141.59', revision: 'unknown', time: 'unknown'
System info: host: 'MacBook-Pro.local', ip: 'fdc1:b939:2fc6:38cc:1017:fa65:eb20:50e5%en0', os.name: 'Mac OS X', os.arch: 'aarch64', os.version: '15.1.1', java.version: '17.0.7'
Driver info: com.kms.katalon.core.webui.driver.firefox.CGeckoDriver
Capabilities {acceptInsecureCerts: true, browserName: firefox, browserVersion: 134.0.2, javascriptEnabled: true, moz:accessibilityChecks: false, moz:buildID: 20250120135430, moz:geckodriverVersion: 0.35.0, moz:headless: false, moz:platformVersion: 24.1.0, moz:processID: 55107, moz:profile: /var/folders/hb/hv2s0v7n1nz..., moz:shutdownTimeout: 60000, moz:webdriverClick: true, moz:windowless: false, pageLoadStrategy: normal, platform: MAC, platformName: MAC, proxy: Proxy(direct), setWindowRect: true, strictFileInteractability: false, timeouts: {implicit: 0, pageLoad: 300000, script: 30000}, unhandledPromptBehavior: dismiss and notify, userAgent: Mozilla/5.0 (Macintosh; Int...}
Session ID: 0246b6ab-be8f-4e3f-834d-4e5c1a4b27e0
	at java.base/jdk.internal.reflect.NativeConstructorAccessorImpl.newInstance0(Native Method)
	at java.base/jdk.internal.reflect.NativeConstructorAccessorImpl.newInstance(NativeConstructorAccessorImpl.java:77)
	at java.base/jdk.internal.reflect.DelegatingConstructorAccessorImpl.newInstance(DelegatingConstructorAccessorImpl.java:45)
	at org.openqa.selenium.remote.http.W3CHttpResponseCodec.createException(W3CHttpResponseCodec.java:187)
	at org.openqa.selenium.remote.http.W3CHttpResponseCodec.decode(W3CHttpResponseCodec.java:122)
	at org.openqa.selenium.remote.http.W3CHttpResponseCodec.decode(W3CHttpResponseCodec.java:49)
	at org.openqa.selenium.remote.HttpCommandExecutor.execute(HttpCommandExecutor.java:158)
	at org.openqa.selenium.remote.service.DriverCommandExecutor.execute(DriverCommandExecutor.java:83)
	at org.openqa.selenium.remote.RemoteWebDriver.execute(RemoteWebDriver.java:552)
	at com.kms.katalon.selenium.driver.CFirefoxDriver.execute(CFirefoxDriver.java:28)
	at org.openqa.selenium.remote.RemoteWebElement.execute(RemoteWebElement.java:285)
	at org.openqa.selenium.remote.RemoteWebElement.click(RemoteWebElement.java:84)
	at jdk.internal.reflect.GeneratedMethodAccessor22.invoke(Unknown Source)
	at java.base/jdk.internal.reflect.DelegatingMethodAccessorImpl.invoke(DelegatingMethodAccessorImpl.java:43)
	at org.openqa.selenium.support.events.EventFiringWebDriver$EventFiringWebElement.lambda$new$0(EventFiringWebDriver.java:404)
	at jdk.proxy2/jdk.proxy2.$Proxy25.click(Unknown Source)
	at org.openqa.selenium.support.events.EventFiringWebDriver$EventFiringWebElement.click(EventFiringWebDriver.java:417)
	at Create Subscription.run(Create Subscription:116)
	at com.kms.katalon.core.main.ScriptEngine.run(ScriptEngine.java:194)
	at com.kms.katalon.core.main.ScriptEngine.runScriptAsRawText(ScriptEngine.java:119)
	at com.kms.katalon.core.main.TestCaseExecutor.runScript(TestCaseExecutor.java:448)
	at com.kms.katalon.core.main.TestCaseExecutor.doExecute(TestCaseExecutor.java:439)
	at com.kms.katalon.core.main.TestCaseExecutor.processExecutionPhase(TestCaseExecutor.java:418)
	at com.kms.katalon.core.main.TestCaseExecutor.accessMainPhase(TestCaseExecutor.java:410)
	at com.kms.katalon.core.main.TestCaseExecutor.execute(TestCaseExecutor.java:285)
	at com.kms.katalon.core.main.TestCaseMain.runTestCase(TestCaseMain.java:137)
	at com.kms.katalon.core.keyword.builtin.CallTestCaseKeyword$_callTestCase_closure1.doCall(CallTestCaseKeyword.groovy:59)
	... 24 more]]></system-out>
         <system-err><![CDATA[25-01-2025T14:49:53 - [TEST_CASE][ERROR] - Test Cases/Education Partner Profile/Register Education Partner: Test Cases/Education Partner Profile/Register Education Partner FAILED.
Reason:
com.kms.katalon.core.exception.StepErrorException: 

--- Failed to find the Approval Pending page.
	at com.kms.katalon.core.util.KeywordUtil.markError(KeywordUtil.java:67)
	at Register Education Partner.run(Register Education Partner:376)
	at com.kms.katalon.core.main.ScriptEngine.run(ScriptEngine.java:194)
	at com.kms.katalon.core.main.ScriptEngine.runScriptAsRawText(ScriptEngine.java:119)
	at com.kms.katalon.core.main.TestCaseExecutor.runScript(TestCaseExecutor.java:448)
	at com.kms.katalon.core.main.TestCaseExecutor.doExecute(TestCaseExecutor.java:439)
	at com.kms.katalon.core.main.TestCaseExecutor.processExecutionPhase(TestCaseExecutor.java:418)
	at com.kms.katalon.core.main.TestCaseExecutor.accessMainPhase(TestCaseExecutor.java:410)
	at com.kms.katalon.core.main.TestCaseExecutor.execute(TestCaseExecutor.java:285)
	at com.kms.katalon.core.common.CommonExecutor.accessTestCaseMainPhase(CommonExecutor.java:65)
	at com.kms.katalon.core.main.TestSuiteExecutor.accessTestSuiteMainPhase(TestSuiteExecutor.java:150)
	at com.kms.katalon.core.main.TestSuiteExecutor.execute(TestSuiteExecutor.java:106)
	at com.kms.katalon.core.main.TestCaseMain.startTestSuite(TestCaseMain.java:180)
	at TempTestSuite1737837877881.run(TempTestSuite1737837877881.groovy:35)
	at java.base/jdk.internal.reflect.NativeMethodAccessorImpl.invoke0(Native Method)
	at java.base/jdk.internal.reflect.NativeMethodAccessorImpl.invoke(NativeMethodAccessorImpl.java:77)
	at java.base/jdk.internal.reflect.DelegatingMethodAccessorImpl.invoke(DelegatingMethodAccessorImpl.java:43)]]></system-err>
      </testcase>
      <system-out><![CDATA[25-01-2025T14:49:53 - [TEST_SUITE][ERROR] - Education Partner Test Suite: Test Cases/Education Partner Profile/Register Education Partner FAILED.
Reason:
com.kms.katalon.core.exception.StepErrorException: 

--- Failed to find the Approval Pending page.
	at com.kms.katalon.core.util.KeywordUtil.markError(KeywordUtil.java:67)
	at Register Education Partner.run(Register Education Partner:376)
	at com.kms.katalon.core.main.ScriptEngine.run(ScriptEngine.java:194)
	at com.kms.katalon.core.main.ScriptEngine.runScriptAsRawText(ScriptEngine.java:119)
	at com.kms.katalon.core.main.TestCaseExecutor.runScript(TestCaseExecutor.java:448)
	at com.kms.katalon.core.main.TestCaseExecutor.doExecute(TestCaseExecutor.java:439)
	at com.kms.katalon.core.main.TestCaseExecutor.processExecutionPhase(TestCaseExecutor.java:418)
	at com.kms.katalon.core.main.TestCaseExecutor.accessMainPhase(TestCaseExecutor.java:410)
	at com.kms.katalon.core.main.TestCaseExecutor.execute(TestCaseExecutor.java:285)
	at com.kms.katalon.core.common.CommonExecutor.accessTestCaseMainPhase(CommonExecutor.java:65)
	at com.kms.katalon.core.main.TestSuiteExecutor.accessTestSuiteMainPhase(TestSuiteExecutor.java:150)
	at com.kms.katalon.core.main.TestSuiteExecutor.execute(TestSuiteExecutor.java:106)
	at com.kms.katalon.core.main.TestCaseMain.startTestSuite(TestCaseMain.java:180)
	at TempTestSuite1737837877881.run(TempTestSuite1737837877881.groovy:35)
	at java.base/jdk.internal.reflect.NativeMethodAccessorImpl.invoke0(Native Method)
	at java.base/jdk.internal.reflect.NativeMethodAccessorImpl.invoke(NativeMethodAccessorImpl.java:77)
	at java.base/jdk.internal.reflect.DelegatingMethodAccessorImpl.invoke(DelegatingMethodAccessorImpl.java:43)]]></system-out>
      <system-err><![CDATA[25-01-2025T14:49:53 - [TEST_SUITE][ERROR] - Education Partner Test Suite: Test Cases/Education Partner Profile/Register Education Partner FAILED.
Reason:
com.kms.katalon.core.exception.StepErrorException: 

--- Failed to find the Approval Pending page.
	at com.kms.katalon.core.util.KeywordUtil.markError(KeywordUtil.java:67)
	at Register Education Partner.run(Register Education Partner:376)
	at com.kms.katalon.core.main.ScriptEngine.run(ScriptEngine.java:194)
	at com.kms.katalon.core.main.ScriptEngine.runScriptAsRawText(ScriptEngine.java:119)
	at com.kms.katalon.core.main.TestCaseExecutor.runScript(TestCaseExecutor.java:448)
	at com.kms.katalon.core.main.TestCaseExecutor.doExecute(TestCaseExecutor.java:439)
	at com.kms.katalon.core.main.TestCaseExecutor.processExecutionPhase(TestCaseExecutor.java:418)
	at com.kms.katalon.core.main.TestCaseExecutor.accessMainPhase(TestCaseExecutor.java:410)
	at com.kms.katalon.core.main.TestCaseExecutor.execute(TestCaseExecutor.java:285)
	at com.kms.katalon.core.common.CommonExecutor.accessTestCaseMainPhase(CommonExecutor.java:65)
	at com.kms.katalon.core.main.TestSuiteExecutor.accessTestSuiteMainPhase(TestSuiteExecutor.java:150)
	at com.kms.katalon.core.main.TestSuiteExecutor.execute(TestSuiteExecutor.java:106)
	at com.kms.katalon.core.main.TestCaseMain.startTestSuite(TestCaseMain.java:180)
	at TempTestSuite1737837877881.run(TempTestSuite1737837877881.groovy:35)
	at java.base/jdk.internal.reflect.NativeMethodAccessorImpl.invoke0(Native Method)
	at java.base/jdk.internal.reflect.NativeMethodAccessorImpl.invoke(NativeMethodAccessorImpl.java:77)
	at java.base/jdk.internal.reflect.DelegatingMethodAccessorImpl.invoke(DelegatingMethodAccessorImpl.java:43)]]></system-err>
   </testsuite>
</testsuites>
