<?xml version="1.0" encoding="UTF-8"?>
<testsuites name="Journey Partner Profile Test Suite" time="368.654" tests="1" failures="0" errors="0">
   <testsuite name="Journey Partner Profile Test Suite" tests="1" failures="0" errors="0" time="368.654" skipped="0" timestamp="27-02-2025T17:36:07" hostname="cckozie - 192.168.4.43" id="Test Suites/Journey Partner Profile Test Suite">
      <properties>
         <property name="deviceName" value=""/>
         <property name="devicePlatform"/>
         <property name="logFolder" value="/Users/cckozie/git/MissionNext-Katalon-Koz/Reports/20250227_171809/Journey Partner Profile Test Suite/20250227_171816"/>
         <property name="logFiles" value="/Users/cckozie/git/MissionNext-Katalon-Koz/Reports/20250227_171809/Journey Partner Profile Test Suite/20250227_171816/execution0.log, /Users/cckozie/git/MissionNext-Katalon-Koz/Reports/20250227_171809/Journey Partner Profile Test Suite/20250227_171816/execution1.log, /Users/cckozie/git/MissionNext-Katalon-Koz/Reports/20250227_171809/Journey Partner Profile Test Suite/20250227_171816/execution2.log"/>
         <property name="attachments" value="/Users/cckozie/Documents/MissionNext/Screenshots and Tooltip Text/Register_Screenshot.png, /Users/cckozie/git/MissionNext-Katalon-Koz/Reports/20250227_171809/Journey Partner Profile Test Suite/20250227_171816/1740699536669.png, /Users/cckozie/Documents/MissionNext/Screenshots and Tooltip Text/Journey Partner Contact Info Tab_Screenshot.png, /Users/cckozie/Documents/MissionNext/Screenshots and Tooltip Text/Journey Partner Organization Info Tab_Screenshot.png, /Users/cckozie/Documents/MissionNext/Screenshots and Tooltip Text/Journey Partner Service Options Tab_Screenshot.png, /Users/cckozie/Documents/MissionNext/Screenshots and Tooltip Text/Journey Partner Readiness Tab_Screenshot.png, /Users/cckozie/Documents/MissionNext/Screenshots and Tooltip Text/Journey Partner Ministry Prefs Tab_Screenshot.png, /Users/cckozie/Documents/MissionNext/Screenshots and Tooltip Text/Journey Partner IT Positions Tab_Screenshot.png, /Users/cckozie/Documents/MissionNext/Screenshots and Tooltip Text/Journey Partner Match Filters Tab_Screenshot.png, /Users/cckozie/Documents/MissionNext/Screenshots and Tooltip Text/Journey Partner Recruiting Countries Tab_Screenshot.png"/>
         <property name="hostName" value="cckozie - 192.168.4.43"/>
         <property name="os" value="Mac OS X 64bit"/>
         <property name="katalonVersion" value="9.7.3.223"/>
         <property name="browser" value="Chrome 133.0.0.0"/>
         <property name="hostAddress" value="192.168.4.43"/>
         <property name="sessionId" value="7080b9bd0a04d2a7167e89c9259b49ed"/>
         <property name="seleniumVersion" value="3.141.59"/>
         <property name="proxyInformation" value="ProxyInformation { proxyOption=NO_PROXY, proxyServerType=HTTP, username=, password=********, proxyServerAddress=, proxyServerPort=0, executionList=&quot;&quot;, isApplyToDesiredCapabilities=true }"/>
         <property name="platform" value="Mac OS X"/>
      </properties>
      <testcase name="Test Cases/Journey Partner Profile/Register Journey Partner" time="368.586" classname="Test Cases/Journey Partner Profile/Register Journey Partner" status="PASSED">
         <system-out><![CDATA[27-02-2025T17:36:07 - [TEST_CASE][PASSED] - Test Cases/Journey Partner Profile/Register Journey Partner: Test Cases/Journey Partner Profile/Register Journey Partner

27-02-2025T17:36:08 - [TEST_STEP][PASSED] - username = username: null

27-02-2025T17:36:08 - [TEST_STEP][PASSED] - if (username != "cktest07jp" && username != "cktest02jp"): null

27-02-2025T17:36:08 - [TEST_STEP][PASSED] - registerOnly = false: null

27-02-2025T17:36:08 - [TEST_STEP][PASSED] - domain = domain: null

27-02-2025T17:36:08 - [TEST_STEP][PASSED] - username = username: null

27-02-2025T17:36:08 - [TEST_STEP][PASSED] - url = "https://journey." + domain + "/signup/organization": null

27-02-2025T17:36:08 - [TEST_STEP][PASSED] - outFile = new java.io.File(((/Users/cckozie/Documents/MissionNext/Test Reports/Test Register Journey Partner on  + domain) + .txt)): null

27-02-2025T17:36:08 - [TEST_STEP][PASSED] - outFile = outFile: null

27-02-2025T17:36:08 - [TEST_STEP][PASSED] - outFile.write("Testing Register Journey Partner on " + domain + ".
"): null

27-02-2025T17:36:08 - [TEST_STEP][PASSED] - tooltipImagePath = "/Users/cckozie/git/MissionNext-Katalon-Koz/images/journey partner/journey partner application/": null

27-02-2025T17:36:08 - [TEST_STEP][PASSED] - testObjectFolder = "Journey Partner Profile/Register/": null

27-02-2025T17:36:08 - [TEST_STEP][PASSED] - tooltips = ["dummy":"dummy", "Username":"img_Username_field-tooltip", "Password":"img_Password_field-tooltip", "Organization":"img_Organization_field-tooltip", ... ]: null

27-02-2025T17:36:08 - [TEST_STEP][PASSED] - tooltipText = ["Username":"Must be unique; at least 6 characters; contain only lowercase letters; allowable characters: numbers, @, dash, underscore or period, and can be an email address.", "Password":"The password should be at least twelve characters long; should include numbers, letters, capitals; may have special characters (@, #, *, spaces, etc.) and may include a passphrase.", ... ]: null

27-02-2025T17:36:08 - [TEST_STEP][PASSED] - requiredFieldMsgs = ["Username":"Username must be unique; at least 6 characters; contain only lowercase letters; allowable characters: numbers, @, dash, underscore or period, and can be an email address.", "Password":"The password should be at least twelve characters long; should include numbers, letters, capitals; may have special characters (@, #, *, spaces, etc.) and may include a passphrase.", ... ]: null

27-02-2025T17:36:08 - [TEST_STEP][PASSED] - pageLinks = ["Affiliated Christian Organizations":"Affiliated Organizations", "Partnership Agreement":"Partnership Agreement", "Privacy Policy":"Privacy Policy", ... ]: null

27-02-2025T17:36:08 - [TEST_STEP][PASSED] - callTestCase(findTestCase("Admin/Delete User"), ["varUsername":username], STOP_ON_FAILURE): Call Test Case 'Test Cases/Admin/Delete User' successfully

27-02-2025T17:36:08 - [TEST_CASE][PASSED] - Test Cases/Admin/Delete User: Test Cases/Admin/Delete User

27-02-2025T17:36:08 - [TEST_STEP][PASSED] - if (binding.hasVariable("varUsername")): null

27-02-2025T17:36:08 - [TEST_STEP][PASSED] - username = varUsername: null

27-02-2025T17:36:08 - [TEST_STEP][PASSED] - writeFile = false: null

27-02-2025T17:36:08 - [TEST_STEP][PASSED] - println("outFile is " + outFile): null

27-02-2025T17:36:08 - [TEST_STEP][PASSED] - if (outFile != ""): null

27-02-2025T17:36:08 - [TEST_STEP][PASSED] - myFile = outFile: null

27-02-2025T17:36:08 - [TEST_STEP][PASSED] - println(myFile): null

27-02-2025T17:36:08 - [TEST_STEP][PASSED] - outFile = new java.io.File(myFile): null

27-02-2025T17:36:08 - [TEST_STEP][PASSED] - writeFile = true: null

27-02-2025T17:36:08 - [TEST_STEP][PASSED] - domain = domain: null

27-02-2025T17:36:08 - [TEST_STEP][PASSED] - url = "https://ad." + domain: null

27-02-2025T17:36:08 - [TEST_STEP][PASSED] - openBrowser(""): Browser is opened with url: ''

27-02-2025T17:36:08 - [MESSAGE][INFO] - Starting 'Chrome' driver

27-02-2025T17:36:08 - [MESSAGE][INFO] - Action delay is set to 0 milliseconds

27-02-2025T17:36:09 - [MESSAGE][PASSED] - Browser is opened with url: ''

27-02-2025T17:36:09 - [TEST_STEP][PASSED] - navigateToUrl(url): Navigate to 'https://ad.missionnext.org' successfully

27-02-2025T17:36:09 - [MESSAGE][PASSED] - Navigate to 'https://ad.missionnext.org' successfully

27-02-2025T17:36:09 - [TEST_STEP][PASSED] - setText(findTestObject("Admin/Ad Login/input_Username"), "chriskosieracki"): Text 'chriskosieracki' is set on object 'Object Repository/Admin/Ad Login/input_Username'

27-02-2025T17:36:09 - [MESSAGE][PASSED] - Text 'chriskosieracki' is set on object 'Object Repository/Admin/Ad Login/input_Username'

27-02-2025T17:36:09 - [TEST_STEP][PASSED] - setEncryptedText(findTestObject("Admin/Ad Login/input_Password"), "fAJOXt1JExHva3VUYg96Og=="): Text ****** has been set on object 'Object Repository/Admin/Ad Login/input_Password'

27-02-2025T17:36:09 - [MESSAGE][PASSED] - Text ****** has been set on object 'Object Repository/Admin/Ad Login/input_Password'

27-02-2025T17:36:09 - [TEST_STEP][PASSED] - click(findTestObject("Admin/Ad Login/btn_Submit")): Object: 'Object Repository/Admin/Ad Login/btn_Submit' is clicked on

27-02-2025T17:36:10 - [MESSAGE][PASSED] - Object: 'Object Repository/Admin/Ad Login/btn_Submit' is clicked on

27-02-2025T17:36:10 - [TEST_STEP][PASSED] - click(findTestObject("Admin/Ad Main/a_User Information  Administration")): Object: 'Object Repository/Admin/Ad Main/a_User Information  Administration' is clicked on

27-02-2025T17:36:11 - [MESSAGE][PASSED] - Object: 'Object Repository/Admin/Ad Main/a_User Information  Administration' is clicked on

27-02-2025T17:36:11 - [TEST_STEP][PASSED] - setText(findTestObject("Admin/Ad User Viewer Utility/input_Find account by Username"), username): Text 'cktest07jp' is set on object 'Object Repository/Admin/Ad User Viewer Utility/input_Find account by Username'

27-02-2025T17:36:11 - [MESSAGE][PASSED] - Text 'cktest07jp' is set on object 'Object Repository/Admin/Ad User Viewer Utility/input_Find account by Username'

27-02-2025T17:36:11 - [TEST_STEP][PASSED] - delay(1): Delayed 1 second(s)

27-02-2025T17:36:12 - [MESSAGE][PASSED] - Delayed 1 second(s)

27-02-2025T17:36:12 - [TEST_STEP][PASSED] - click(findTestObject("Admin/Ad User Viewer Utility/input_Find account by Username_beginning")): Object: 'Object Repository/Admin/Ad User Viewer Utility/input_Find account by Username_beginning' is clicked on

27-02-2025T17:36:12 - [MESSAGE][PASSED] - Object: 'Object Repository/Admin/Ad User Viewer Utility/input_Find account by Username_beginning' is clicked on

27-02-2025T17:36:12 - [TEST_STEP][PASSED] - delay(1): Delayed 1 second(s)

27-02-2025T17:36:13 - [MESSAGE][PASSED] - Delayed 1 second(s)

27-02-2025T17:36:13 - [TEST_STEP][PASSED] - driver = getWebDriver(): null

27-02-2025T17:36:13 - [TEST_STEP][PASSED] - Table = driver.findElement(By.xpath("//table[2]")): null

27-02-2025T17:36:13 - [TEST_STEP][PASSED] - Rows = Table.findElements(By.tagName("tr")): null

27-02-2025T17:36:13 - [TEST_STEP][PASSED] - row_count = Rows.size(): null

27-02-2025T17:36:13 - [TEST_STEP][PASSED] - found = false: null

27-02-2025T17:36:13 - [TEST_STEP][PASSED] - if (row_count > 0): null

27-02-2025T17:36:13 - [TEST_STEP][PASSED] - for ([row = 1, row < row_count, (row++)]): null

27-02-2025T17:36:13 - [TEST_STEP][PASSED] - Columns = get(row).findElements(By.tagName("td")): null

27-02-2025T17:36:13 - [TEST_STEP][PASSED] - user = get(2).getText(): null

27-02-2025T17:36:13 - [TEST_STEP][PASSED] - if (user.indexOf(username) >= 0): null

27-02-2025T17:36:13 - [TEST_STEP][PASSED] - found = true: null

27-02-2025T17:36:13 - [TEST_STEP][PASSED] - outText = "User " + username + " was found. Attempting to delete.": null

27-02-2025T17:36:13 - [TEST_STEP][PASSED] - println("=====> " + outText): null

27-02-2025T17:36:13 - [TEST_STEP][PASSED] - if (writeFile): null

27-02-2025T17:36:13 - [TEST_STEP][PASSED] - outFile.append(outText + "
"): null

27-02-2025T17:36:13 - [TEST_STEP][PASSED] - link = get(0).findElement(By.tagName("a")): null

27-02-2025T17:36:13 - [TEST_STEP][PASSED] - link.click(): null

27-02-2025T17:36:15 - [TEST_STEP][PASSED] - delay(2): Delayed 2 second(s)

27-02-2025T17:36:17 - [MESSAGE][PASSED] - Delayed 2 second(s)

27-02-2025T17:36:17 - [TEST_STEP][PASSED] - break: null

27-02-2025T17:36:17 - [TEST_STEP][PASSED] - if (found): null

27-02-2025T17:36:17 - [TEST_STEP][PASSED] - delay(1): Delayed 1 second(s)

27-02-2025T17:36:18 - [MESSAGE][PASSED] - Delayed 1 second(s)

27-02-2025T17:36:18 - [TEST_STEP][PASSED] - waitForPageLoad(10): Wait for page load successfully

27-02-2025T17:36:18 - [MESSAGE][PASSED] - Wait for page load successfully

27-02-2025T17:36:18 - [TEST_STEP][PASSED] - deletedUser = getText(findTestObject("Object Repository/Admin/Ad User Viewer Utility/p_The missionnext Candidate account username")): Text of object 'Object Repository/Admin/Ad User Viewer Utility/p_The missionnext Candidate account username' is: 'The missionnext Organization account username is cktest07jp'

27-02-2025T17:36:18 - [MESSAGE][PASSED] - Text of object 'Object Repository/Admin/Ad User Viewer Utility/p_The missionnext Candidate account username' is: 'The missionnext Organization account username is cktest07jp'

27-02-2025T17:36:18 - [TEST_STEP][PASSED] - if (deletedUser.indexOf(username) >= 0): null

27-02-2025T17:36:18 - [TEST_STEP][PASSED] - outText = "User " + username + " was successfully deleted.": null

27-02-2025T17:36:18 - [TEST_STEP][PASSED] - println(outText): null

27-02-2025T17:36:18 - [TEST_STEP][PASSED] - outFile.append(outText + "
"): null

27-02-2025T17:36:18 - [TEST_STEP][PASSED] - closeBrowser(): Browser is closed

27-02-2025T17:36:18 - [MESSAGE][PASSED] - Browser is closed

27-02-2025T17:36:18 - [MESSAGE][PASSED] - Call Test Case 'Test Cases/Admin/Delete User' successfully

27-02-2025T17:36:18 - [TEST_STEP][PASSED] - callTestCase(findTestCase("_Functions/Delete Emails"), [:], STOP_ON_FAILURE): Call Test Case 'Test Cases/_Functions/Delete Emails' successfully

27-02-2025T17:36:18 - [TEST_CASE][PASSED] - Test Cases/_Functions/Delete Emails: Test Cases/_Functions/Delete Emails

27-02-2025T17:36:18 - [TEST_STEP][PASSED] - writeFile = false: null

27-02-2025T17:36:18 - [TEST_STEP][PASSED] - if (outFile != ""): null

27-02-2025T17:36:18 - [TEST_STEP][PASSED] - myFile = outFile: null

27-02-2025T17:36:18 - [TEST_STEP][PASSED] - println(myFile): null

27-02-2025T17:36:18 - [TEST_STEP][PASSED] - outFile = new java.io.File(myFile): null

27-02-2025T17:36:18 - [TEST_STEP][PASSED] - writeFile = true: null

27-02-2025T17:36:18 - [TEST_STEP][PASSED] - outText = "Deleting all emails in the inbox": null

27-02-2025T17:36:18 - [TEST_STEP][PASSED] - println(outText): null

27-02-2025T17:36:18 - [TEST_STEP][PASSED] - if (writeFile): null

27-02-2025T17:36:18 - [TEST_STEP][PASSED] - outFile.append(outText + "
"): null

27-02-2025T17:36:18 - [TEST_STEP][PASSED] - host = "pop.gmail.com": null

27-02-2025T17:36:18 - [TEST_STEP][PASSED] - mailStoreType = "pop3": null

27-02-2025T17:36:18 - [TEST_STEP][PASSED] - username = "cktest01mn@gmail.com": null

27-02-2025T17:36:18 - [TEST_STEP][PASSED] - password = "sfesezftmpqxbbbd": null

27-02-2025T17:36:18 - [TEST_STEP][PASSED] - properties = new java.util.Properties(): null

27-02-2025T17:36:18 - [TEST_STEP][PASSED] - properties.put("mail.pop3.host", host): null

27-02-2025T17:36:18 - [TEST_STEP][PASSED] - properties.put("mail.pop3.port", "995"): null

27-02-2025T17:36:18 - [TEST_STEP][PASSED] - properties.put("mail.pop3.starttls.enable", "true"): null

27-02-2025T17:36:18 - [TEST_STEP][PASSED] - emailSession = Session.getDefaultInstance(properties): null

27-02-2025T17:36:18 - [TEST_STEP][PASSED] - store = emailSession.getStore("pop3s"): null

27-02-2025T17:36:18 - [TEST_STEP][PASSED] - store.connect(host, username, password): null

27-02-2025T17:36:18 - [TEST_STEP][PASSED] - emailFolder = <not implemented yet for class: org.codehaus.groovy.ast.expr.EmptyExpression>: null

27-02-2025T17:36:18 - [TEST_STEP][PASSED] - messages = []: null

27-02-2025T17:36:18 - [TEST_STEP][PASSED] - emailFolder = store.getFolder("INBOX"): null

27-02-2025T17:36:18 - [TEST_STEP][PASSED] - emailFolder.open(READ_ONLY): null

27-02-2025T17:36:19 - [TEST_STEP][PASSED] - messages = emailFolder.getMessages(): null

27-02-2025T17:36:19 - [TEST_STEP][PASSED] - if (length > 0): null

27-02-2025T17:36:19 - [TEST_STEP][PASSED] - else: null

27-02-2025T17:36:19 - [TEST_STEP][PASSED] - outText = "No emails were found in the inbox": null

27-02-2025T17:36:19 - [TEST_STEP][PASSED] - println(outText): null

27-02-2025T17:36:19 - [TEST_STEP][PASSED] - if (writeFile): null

27-02-2025T17:36:19 - [TEST_STEP][PASSED] - outFile.append(outText + "
"): null

27-02-2025T17:36:19 - [TEST_STEP][PASSED] - emailFolder.close(false): null

27-02-2025T17:36:19 - [TEST_STEP][PASSED] - store.close(): null

27-02-2025T17:36:19 - [MESSAGE][PASSED] - Call Test Case 'Test Cases/_Functions/Delete Emails' successfully

27-02-2025T17:36:19 - [TEST_STEP][PASSED] - openBrowser(url): Browser is opened with url: 'https://journey.missionnext.org/signup/organization'

27-02-2025T17:36:19 - [MESSAGE][INFO] - Starting 'Chrome' driver

27-02-2025T17:36:19 - [MESSAGE][INFO] - Action delay is set to 0 milliseconds

27-02-2025T17:36:22 - [MESSAGE][PASSED] - Browser is opened with url: 'https://journey.missionnext.org/signup/organization'

27-02-2025T17:36:22 - [TEST_STEP][PASSED] - maximizeWindow(): Current window maximized

27-02-2025T17:36:22 - [MESSAGE][PASSED] - Current window maximized

27-02-2025T17:36:22 - [TEST_STEP][PASSED] - navigateToUrl(url): Navigate to 'https://journey.missionnext.org/signup/organization' successfully

27-02-2025T17:36:24 - [MESSAGE][PASSED] - Navigate to 'https://journey.missionnext.org/signup/organization' successfully

27-02-2025T17:36:24 - [TEST_STEP][PASSED] - waitForPageLoad(10): Wait for page load successfully

27-02-2025T17:36:24 - [MESSAGE][PASSED] - Wait for page load successfully

27-02-2025T17:36:24 - [TEST_STEP][PASSED] - tooltipTextMap = callTestCase(findTestCase("_Functions/Get Screenshot and Tooltip Text"), ["varExtension":"Register"], STOP_ON_FAILURE): Call Test Case 'Test Cases/_Functions/Get Screenshot and Tooltip Text' successfully

27-02-2025T17:36:24 - [TEST_CASE][PASSED] - Test Cases/_Functions/Get Screenshot and Tooltip Text: Test Cases/_Functions/Get Screenshot and Tooltip Text

27-02-2025T17:36:25 - [TEST_STEP][PASSED] - if (fastPath): null

27-02-2025T17:36:25 - [TEST_STEP][PASSED] - frame = new javax.swing.JFrame(): null

27-02-2025T17:36:25 - [TEST_STEP][PASSED] - p = new javax.swing.JPanel(): null

27-02-2025T17:36:25 - [TEST_STEP][PASSED] - l = new javax.swing.JLabel(Getting screenshot and tooltip text..., javax.swing.SwingConstants.CENTER): null

27-02-2025T17:36:25 - [TEST_STEP][PASSED] - frame.add(l): null

27-02-2025T17:36:25 - [TEST_STEP][PASSED] - frame.setSize(300, 100): null

27-02-2025T17:36:25 - [TEST_STEP][PASSED] - frame.setLocation(600, 0): null

27-02-2025T17:36:25 - [TEST_STEP][PASSED] - frame.setAlwaysOnTop(true): null

27-02-2025T17:36:25 - [TEST_STEP][PASSED] - frame.show(): null

27-02-2025T17:36:25 - [TEST_STEP][PASSED] - driver = getWebDriver(): null

27-02-2025T17:36:25 - [TEST_STEP][PASSED] - path = "/Users/cckozie/Documents/MissionNext/Screenshots and Tooltip Text/": null

27-02-2025T17:36:25 - [TEST_STEP][PASSED] - if (binding.hasVariable("varExtension")): null

27-02-2025T17:36:25 - [TEST_STEP][PASSED] - extension = varExtension: null

27-02-2025T17:36:25 - [TEST_STEP][PASSED] - println("Extension is " + extension): null

27-02-2025T17:36:25 - [TEST_STEP][PASSED] - fileBase = path + extension: null

27-02-2025T17:36:25 - [TEST_STEP][PASSED] - fileImage = fileBase + "_Screenshot.png": null

27-02-2025T17:36:25 - [TEST_STEP][PASSED] - waitForPageLoad(30): Wait for page load successfully

27-02-2025T17:36:25 - [MESSAGE][PASSED] - Wait for page load successfully

27-02-2025T17:36:25 - [TEST_STEP][PASSED] - spinner = driver.findElement(By.xpath("/html/body/div[1]/div/div[2]")): null

27-02-2025T17:36:25 - [TEST_STEP][PASSED] - executor = driver: null

27-02-2025T17:36:25 - [TEST_STEP][PASSED] - elementAttributes = executor.executeScript("var items = {}; for (index = 0; index < arguments[0].attributes.length; ++index) { items[arguments[0].attributes[index].name] = arguments[0].attributes[index].value }; return items;", spinner): null

27-02-2025T17:36:25 - [TEST_STEP][PASSED] - attrs = elementAttributes.toString(): null

27-02-2025T17:36:25 - [TEST_STEP][PASSED] - waits = 0: null

27-02-2025T17:36:25 - [TEST_STEP][PASSED] - while (attrs.indexOf("display: none") < 0 && waits < 2): null

27-02-2025T17:36:25 - [TEST_STEP][PASSED] - delay(1): Delayed 1 second(s)

27-02-2025T17:36:26 - [MESSAGE][PASSED] - Delayed 1 second(s)

27-02-2025T17:36:26 - [TEST_STEP][PASSED] - attrs = elementAttributes.toString(): null

27-02-2025T17:36:26 - [TEST_STEP][PASSED] - (waits++): null

27-02-2025T17:36:26 - [TEST_STEP][PASSED] - delay(1): Delayed 1 second(s)

27-02-2025T17:36:27 - [MESSAGE][PASSED] - Delayed 1 second(s)

27-02-2025T17:36:27 - [TEST_STEP][PASSED] - attrs = elementAttributes.toString(): null

27-02-2025T17:36:27 - [TEST_STEP][PASSED] - (waits++): null

27-02-2025T17:36:27 - [TEST_STEP][PASSED] - tooltipMap = callTestCase(findTestCase("_Functions/Get Tooltip Text"), [:], STOP_ON_FAILURE): Call Test Case 'Test Cases/_Functions/Get Tooltip Text' successfully

27-02-2025T17:36:27 - [TEST_CASE][PASSED] - Test Cases/_Functions/Get Tooltip Text: Test Cases/_Functions/Get Tooltip Text

27-02-2025T17:36:27 - [TEST_STEP][PASSED] - fieldTooltips = [:]: null

27-02-2025T17:36:27 - [TEST_STEP][PASSED] - tooltipMap = [:]: null

27-02-2025T17:36:27 - [TEST_STEP][PASSED] - driver = getWebDriver(): null

27-02-2025T17:36:27 - [TEST_STEP][PASSED] - tooltips = driver.findElements(By.className("field-tooltip")): null

27-02-2025T17:36:27 - [TEST_STEP][PASSED] - for (def it : tooltips): null

27-02-2025T17:36:27 - [TEST_STEP][PASSED] - if (it.isDisplayed()): null

27-02-2025T17:36:27 - [TEST_STEP][PASSED] - ttText = it.getAttribute("data-original-title"): null

27-02-2025T17:36:27 - [TEST_STEP][PASSED] - ttLocation = it.getLocation(): null

27-02-2025T17:36:27 - [TEST_STEP][PASSED] - yLocation = ttLocation.getY(): null

27-02-2025T17:36:27 - [TEST_STEP][PASSED] - xLocation = ttLocation.getX(): null

27-02-2025T17:36:27 - [TEST_STEP][PASSED] - fieldTooltips.put(ttText, yLocation): null

27-02-2025T17:36:27 - [TEST_STEP][PASSED] - if (it.isDisplayed()): null

27-02-2025T17:36:27 - [TEST_STEP][PASSED] - ttText = it.getAttribute("data-original-title"): null

27-02-2025T17:36:27 - [TEST_STEP][PASSED] - ttLocation = it.getLocation(): null

27-02-2025T17:36:27 - [TEST_STEP][PASSED] - yLocation = ttLocation.getY(): null

27-02-2025T17:36:27 - [TEST_STEP][PASSED] - xLocation = ttLocation.getX(): null

27-02-2025T17:36:27 - [TEST_STEP][PASSED] - fieldTooltips.put(ttText, yLocation): null

27-02-2025T17:36:27 - [TEST_STEP][PASSED] - if (it.isDisplayed()): null

27-02-2025T17:36:27 - [TEST_STEP][PASSED] - ttText = it.getAttribute("data-original-title"): null

27-02-2025T17:36:27 - [TEST_STEP][PASSED] - ttLocation = it.getLocation(): null

27-02-2025T17:36:27 - [TEST_STEP][PASSED] - yLocation = ttLocation.getY(): null

27-02-2025T17:36:27 - [TEST_STEP][PASSED] - xLocation = ttLocation.getX(): null

27-02-2025T17:36:27 - [TEST_STEP][PASSED] - fieldTooltips.put(ttText, yLocation): null

27-02-2025T17:36:27 - [TEST_STEP][PASSED] - if (it.isDisplayed()): null

27-02-2025T17:36:27 - [TEST_STEP][PASSED] - ttText = it.getAttribute("data-original-title"): null

27-02-2025T17:36:27 - [TEST_STEP][PASSED] - ttLocation = it.getLocation(): null

27-02-2025T17:36:27 - [TEST_STEP][PASSED] - yLocation = ttLocation.getY(): null

27-02-2025T17:36:27 - [TEST_STEP][PASSED] - xLocation = ttLocation.getX(): null

27-02-2025T17:36:27 - [TEST_STEP][PASSED] - fieldTooltips.put(ttText, yLocation): null

27-02-2025T17:36:27 - [TEST_STEP][PASSED] - if (it.isDisplayed()): null

27-02-2025T17:36:27 - [TEST_STEP][PASSED] - ttText = it.getAttribute("data-original-title"): null

27-02-2025T17:36:27 - [TEST_STEP][PASSED] - ttLocation = it.getLocation(): null

27-02-2025T17:36:27 - [TEST_STEP][PASSED] - yLocation = ttLocation.getY(): null

27-02-2025T17:36:27 - [TEST_STEP][PASSED] - xLocation = ttLocation.getX(): null

27-02-2025T17:36:27 - [TEST_STEP][PASSED] - fieldTooltips.put(ttText, yLocation): null

27-02-2025T17:36:27 - [TEST_STEP][PASSED] - if (it.isDisplayed()): null

27-02-2025T17:36:27 - [TEST_STEP][PASSED] - ttText = it.getAttribute("data-original-title"): null

27-02-2025T17:36:27 - [TEST_STEP][PASSED] - ttLocation = it.getLocation(): null

27-02-2025T17:36:27 - [TEST_STEP][PASSED] - yLocation = ttLocation.getY(): null

27-02-2025T17:36:27 - [TEST_STEP][PASSED] - xLocation = ttLocation.getX(): null

27-02-2025T17:36:27 - [TEST_STEP][PASSED] - fieldTooltips.put(ttText, yLocation): null

27-02-2025T17:36:27 - [TEST_STEP][PASSED] - if (it.isDisplayed()): null

27-02-2025T17:36:27 - [TEST_STEP][PASSED] - ttText = it.getAttribute("data-original-title"): null

27-02-2025T17:36:27 - [TEST_STEP][PASSED] - ttLocation = it.getLocation(): null

27-02-2025T17:36:27 - [TEST_STEP][PASSED] - yLocation = ttLocation.getY(): null

27-02-2025T17:36:27 - [TEST_STEP][PASSED] - xLocation = ttLocation.getX(): null

27-02-2025T17:36:27 - [TEST_STEP][PASSED] - fieldTooltips.put(ttText, yLocation): null

27-02-2025T17:36:27 - [TEST_STEP][PASSED] - if (it.isDisplayed()): null

27-02-2025T17:36:27 - [TEST_STEP][PASSED] - ttText = it.getAttribute("data-original-title"): null

27-02-2025T17:36:27 - [TEST_STEP][PASSED] - ttLocation = it.getLocation(): null

27-02-2025T17:36:27 - [TEST_STEP][PASSED] - yLocation = ttLocation.getY(): null

27-02-2025T17:36:27 - [TEST_STEP][PASSED] - xLocation = ttLocation.getX(): null

27-02-2025T17:36:27 - [TEST_STEP][PASSED] - fieldTooltips.put(ttText, yLocation): null

27-02-2025T17:36:27 - [TEST_STEP][PASSED] - if (it.isDisplayed()): null

27-02-2025T17:36:27 - [TEST_STEP][PASSED] - ttText = it.getAttribute("data-original-title"): null

27-02-2025T17:36:27 - [TEST_STEP][PASSED] - ttLocation = it.getLocation(): null

27-02-2025T17:36:27 - [TEST_STEP][PASSED] - yLocation = ttLocation.getY(): null

27-02-2025T17:36:27 - [TEST_STEP][PASSED] - xLocation = ttLocation.getX(): null

27-02-2025T17:36:27 - [TEST_STEP][PASSED] - fieldTooltips.put(ttText, yLocation): null

27-02-2025T17:36:27 - [TEST_STEP][PASSED] - if (it.isDisplayed()): null

27-02-2025T17:36:27 - [TEST_STEP][PASSED] - ttText = it.getAttribute("data-original-title"): null

27-02-2025T17:36:27 - [TEST_STEP][PASSED] - ttLocation = it.getLocation(): null

27-02-2025T17:36:27 - [TEST_STEP][PASSED] - yLocation = ttLocation.getY(): null

27-02-2025T17:36:27 - [TEST_STEP][PASSED] - xLocation = ttLocation.getX(): null

27-02-2025T17:36:27 - [TEST_STEP][PASSED] - fieldTooltips.put(ttText, yLocation): null

27-02-2025T17:36:27 - [TEST_STEP][PASSED] - if (it.isDisplayed()): null

27-02-2025T17:36:27 - [TEST_STEP][PASSED] - ttText = it.getAttribute("data-original-title"): null

27-02-2025T17:36:27 - [TEST_STEP][PASSED] - ttLocation = it.getLocation(): null

27-02-2025T17:36:27 - [TEST_STEP][PASSED] - yLocation = ttLocation.getY(): null

27-02-2025T17:36:27 - [TEST_STEP][PASSED] - xLocation = ttLocation.getX(): null

27-02-2025T17:36:27 - [TEST_STEP][PASSED] - fieldTooltips.put(ttText, yLocation): null

27-02-2025T17:36:27 - [TEST_STEP][PASSED] - if (it.isDisplayed()): null

27-02-2025T17:36:27 - [TEST_STEP][PASSED] - ttText = it.getAttribute("data-original-title"): null

27-02-2025T17:36:27 - [TEST_STEP][PASSED] - ttLocation = it.getLocation(): null

27-02-2025T17:36:27 - [TEST_STEP][PASSED] - yLocation = ttLocation.getY(): null

27-02-2025T17:36:27 - [TEST_STEP][PASSED] - xLocation = ttLocation.getX(): null

27-02-2025T17:36:27 - [TEST_STEP][PASSED] - fieldTooltips.put(ttText, yLocation): null

27-02-2025T17:36:27 - [TEST_STEP][PASSED] - if (it.isDisplayed()): null

27-02-2025T17:36:27 - [TEST_STEP][PASSED] - ttText = it.getAttribute("data-original-title"): null

27-02-2025T17:36:27 - [TEST_STEP][PASSED] - ttLocation = it.getLocation(): null

27-02-2025T17:36:27 - [TEST_STEP][PASSED] - yLocation = ttLocation.getY(): null

27-02-2025T17:36:27 - [TEST_STEP][PASSED] - xLocation = ttLocation.getX(): null

27-02-2025T17:36:27 - [TEST_STEP][PASSED] - fieldTooltips.put(ttText, yLocation): null

27-02-2025T17:36:27 - [TEST_STEP][PASSED] - if (it.isDisplayed()): null

27-02-2025T17:36:27 - [TEST_STEP][PASSED] - ttText = it.getAttribute("data-original-title"): null

27-02-2025T17:36:27 - [TEST_STEP][PASSED] - ttLocation = it.getLocation(): null

27-02-2025T17:36:27 - [TEST_STEP][PASSED] - yLocation = ttLocation.getY(): null

27-02-2025T17:36:27 - [TEST_STEP][PASSED] - xLocation = ttLocation.getX(): null

27-02-2025T17:36:27 - [TEST_STEP][PASSED] - fieldTooltips.put(ttText, yLocation): null

27-02-2025T17:36:27 - [TEST_STEP][PASSED] - if (it.isDisplayed()): null

27-02-2025T17:36:27 - [TEST_STEP][PASSED] - ttText = it.getAttribute("data-original-title"): null

27-02-2025T17:36:27 - [TEST_STEP][PASSED] - ttLocation = it.getLocation(): null

27-02-2025T17:36:27 - [TEST_STEP][PASSED] - yLocation = ttLocation.getY(): null

27-02-2025T17:36:27 - [TEST_STEP][PASSED] - xLocation = ttLocation.getX(): null

27-02-2025T17:36:27 - [TEST_STEP][PASSED] - fieldTooltips.put(ttText, yLocation): null

27-02-2025T17:36:27 - [TEST_STEP][PASSED] - if (fieldTooltips.size() > 0): null

27-02-2025T17:36:27 - [TEST_STEP][PASSED] - rightBorder = xLocation: null

27-02-2025T17:36:27 - [TEST_STEP][PASSED] - fieldLabels = [:]: null

27-02-2025T17:36:27 - [TEST_STEP][PASSED] - labels = driver.findElements(By.xpath("//label")): null

27-02-2025T17:36:27 - [TEST_STEP][PASSED] - labels.each({ -> ... }): null

27-02-2025T17:36:27 - [TEST_STEP][PASSED] - for (def label : fieldLabels): null

27-02-2025T17:36:27 - [TEST_STEP][PASSED] - y = value: null

27-02-2025T17:36:27 - [TEST_STEP][PASSED] - for (def tooltip : fieldTooltips): null

27-02-2025T17:36:27 - [TEST_STEP][PASSED] - if (value == y || value == y + 1 || value == y - 1): null

27-02-2025T17:36:27 - [TEST_STEP][PASSED] - tooltipMap.put(key, key): null

27-02-2025T17:36:27 - [TEST_STEP][PASSED] - break: null

27-02-2025T17:36:27 - [TEST_STEP][PASSED] - y = value: null

27-02-2025T17:36:27 - [TEST_STEP][PASSED] - for (def tooltip : fieldTooltips): null

27-02-2025T17:36:27 - [TEST_STEP][PASSED] - if (value == y || value == y + 1 || value == y - 1): null

27-02-2025T17:36:27 - [TEST_STEP][PASSED] - if (value == y || value == y + 1 || value == y - 1): null

27-02-2025T17:36:27 - [TEST_STEP][PASSED] - tooltipMap.put(key, key): null

27-02-2025T17:36:27 - [TEST_STEP][PASSED] - break: null

27-02-2025T17:36:27 - [TEST_STEP][PASSED] - y = value: null

27-02-2025T17:36:27 - [TEST_STEP][PASSED] - for (def tooltip : fieldTooltips): null

27-02-2025T17:36:27 - [TEST_STEP][PASSED] - if (value == y || value == y + 1 || value == y - 1): null

27-02-2025T17:36:27 - [TEST_STEP][PASSED] - if (value == y || value == y + 1 || value == y - 1): null

27-02-2025T17:36:27 - [TEST_STEP][PASSED] - if (value == y || value == y + 1 || value == y - 1): null

27-02-2025T17:36:27 - [TEST_STEP][PASSED] - tooltipMap.put(key, key): null

27-02-2025T17:36:27 - [TEST_STEP][PASSED] - break: null

27-02-2025T17:36:27 - [TEST_STEP][PASSED] - y = value: null

27-02-2025T17:36:27 - [TEST_STEP][PASSED] - for (def tooltip : fieldTooltips): null

27-02-2025T17:36:27 - [TEST_STEP][PASSED] - if (value == y || value == y + 1 || value == y - 1): null

27-02-2025T17:36:27 - [TEST_STEP][PASSED] - if (value == y || value == y + 1 || value == y - 1): null

27-02-2025T17:36:27 - [TEST_STEP][PASSED] - if (value == y || value == y + 1 || value == y - 1): null

27-02-2025T17:36:27 - [TEST_STEP][PASSED] - if (value == y || value == y + 1 || value == y - 1): null

27-02-2025T17:36:27 - [TEST_STEP][PASSED] - tooltipMap.put(key, key): null

27-02-2025T17:36:27 - [TEST_STEP][PASSED] - break: null

27-02-2025T17:36:27 - [TEST_STEP][PASSED] - y = value: null

27-02-2025T17:36:27 - [TEST_STEP][PASSED] - for (def tooltip : fieldTooltips): null

27-02-2025T17:36:27 - [TEST_STEP][PASSED] - if (value == y || value == y + 1 || value == y - 1): null

27-02-2025T17:36:27 - [TEST_STEP][PASSED] - if (value == y || value == y + 1 || value == y - 1): null

27-02-2025T17:36:27 - [TEST_STEP][PASSED] - if (value == y || value == y + 1 || value == y - 1): null

27-02-2025T17:36:27 - [TEST_STEP][PASSED] - if (value == y || value == y + 1 || value == y - 1): null

27-02-2025T17:36:27 - [TEST_STEP][PASSED] - if (value == y || value == y + 1 || value == y - 1): null

27-02-2025T17:36:27 - [TEST_STEP][PASSED] - if (value == y || value == y + 1 || value == y - 1): null

27-02-2025T17:36:27 - [TEST_STEP][PASSED] - if (value == y || value == y + 1 || value == y - 1): null

27-02-2025T17:36:27 - [TEST_STEP][PASSED] - if (value == y || value == y + 1 || value == y - 1): null

27-02-2025T17:36:27 - [TEST_STEP][PASSED] - if (value == y || value == y + 1 || value == y - 1): null

27-02-2025T17:36:27 - [TEST_STEP][PASSED] - if (value == y || value == y + 1 || value == y - 1): null

27-02-2025T17:36:27 - [TEST_STEP][PASSED] - if (value == y || value == y + 1 || value == y - 1): null

27-02-2025T17:36:27 - [TEST_STEP][PASSED] - if (value == y || value == y + 1 || value == y - 1): null

27-02-2025T17:36:27 - [TEST_STEP][PASSED] - if (value == y || value == y + 1 || value == y - 1): null

27-02-2025T17:36:27 - [TEST_STEP][PASSED] - if (value == y || value == y + 1 || value == y - 1): null

27-02-2025T17:36:27 - [TEST_STEP][PASSED] - if (value == y || value == y + 1 || value == y - 1): null

27-02-2025T17:36:27 - [TEST_STEP][PASSED] - y = value: null

27-02-2025T17:36:27 - [TEST_STEP][PASSED] - for (def tooltip : fieldTooltips): null

27-02-2025T17:36:27 - [TEST_STEP][PASSED] - if (value == y || value == y + 1 || value == y - 1): null

27-02-2025T17:36:27 - [TEST_STEP][PASSED] - if (value == y || value == y + 1 || value == y - 1): null

27-02-2025T17:36:27 - [TEST_STEP][PASSED] - if (value == y || value == y + 1 || value == y - 1): null

27-02-2025T17:36:27 - [TEST_STEP][PASSED] - if (value == y || value == y + 1 || value == y - 1): null

27-02-2025T17:36:27 - [TEST_STEP][PASSED] - if (value == y || value == y + 1 || value == y - 1): null

27-02-2025T17:36:27 - [TEST_STEP][PASSED] - if (value == y || value == y + 1 || value == y - 1): null

27-02-2025T17:36:27 - [TEST_STEP][PASSED] - if (value == y || value == y + 1 || value == y - 1): null

27-02-2025T17:36:27 - [TEST_STEP][PASSED] - if (value == y || value == y + 1 || value == y - 1): null

27-02-2025T17:36:27 - [TEST_STEP][PASSED] - if (value == y || value == y + 1 || value == y - 1): null

27-02-2025T17:36:27 - [TEST_STEP][PASSED] - if (value == y || value == y + 1 || value == y - 1): null

27-02-2025T17:36:27 - [TEST_STEP][PASSED] - if (value == y || value == y + 1 || value == y - 1): null

27-02-2025T17:36:27 - [TEST_STEP][PASSED] - if (value == y || value == y + 1 || value == y - 1): null

27-02-2025T17:36:27 - [TEST_STEP][PASSED] - if (value == y || value == y + 1 || value == y - 1): null

27-02-2025T17:36:27 - [TEST_STEP][PASSED] - if (value == y || value == y + 1 || value == y - 1): null

27-02-2025T17:36:27 - [TEST_STEP][PASSED] - if (value == y || value == y + 1 || value == y - 1): null

27-02-2025T17:36:27 - [TEST_STEP][PASSED] - y = value: null

27-02-2025T17:36:27 - [TEST_STEP][PASSED] - for (def tooltip : fieldTooltips): null

27-02-2025T17:36:27 - [TEST_STEP][PASSED] - if (value == y || value == y + 1 || value == y - 1): null

27-02-2025T17:36:27 - [TEST_STEP][PASSED] - if (value == y || value == y + 1 || value == y - 1): null

27-02-2025T17:36:27 - [TEST_STEP][PASSED] - if (value == y || value == y + 1 || value == y - 1): null

27-02-2025T17:36:27 - [TEST_STEP][PASSED] - if (value == y || value == y + 1 || value == y - 1): null

27-02-2025T17:36:27 - [TEST_STEP][PASSED] - if (value == y || value == y + 1 || value == y - 1): null

27-02-2025T17:36:27 - [TEST_STEP][PASSED] - if (value == y || value == y + 1 || value == y - 1): null

27-02-2025T17:36:27 - [TEST_STEP][PASSED] - if (value == y || value == y + 1 || value == y - 1): null

27-02-2025T17:36:27 - [TEST_STEP][PASSED] - if (value == y || value == y + 1 || value == y - 1): null

27-02-2025T17:36:27 - [TEST_STEP][PASSED] - if (value == y || value == y + 1 || value == y - 1): null

27-02-2025T17:36:27 - [TEST_STEP][PASSED] - if (value == y || value == y + 1 || value == y - 1): null

27-02-2025T17:36:27 - [TEST_STEP][PASSED] - if (value == y || value == y + 1 || value == y - 1): null

27-02-2025T17:36:27 - [TEST_STEP][PASSED] - if (value == y || value == y + 1 || value == y - 1): null

27-02-2025T17:36:27 - [TEST_STEP][PASSED] - if (value == y || value == y + 1 || value == y - 1): null

27-02-2025T17:36:27 - [TEST_STEP][PASSED] - if (value == y || value == y + 1 || value == y - 1): null

27-02-2025T17:36:27 - [TEST_STEP][PASSED] - if (value == y || value == y + 1 || value == y - 1): null

27-02-2025T17:36:27 - [TEST_STEP][PASSED] - y = value: null

27-02-2025T17:36:27 - [TEST_STEP][PASSED] - for (def tooltip : fieldTooltips): null

27-02-2025T17:36:27 - [TEST_STEP][PASSED] - if (value == y || value == y + 1 || value == y - 1): null

27-02-2025T17:36:27 - [TEST_STEP][PASSED] - if (value == y || value == y + 1 || value == y - 1): null

27-02-2025T17:36:27 - [TEST_STEP][PASSED] - if (value == y || value == y + 1 || value == y - 1): null

27-02-2025T17:36:27 - [TEST_STEP][PASSED] - if (value == y || value == y + 1 || value == y - 1): null

27-02-2025T17:36:27 - [TEST_STEP][PASSED] - if (value == y || value == y + 1 || value == y - 1): null

27-02-2025T17:36:27 - [TEST_STEP][PASSED] - tooltipMap.put(key, key): null

27-02-2025T17:36:27 - [TEST_STEP][PASSED] - break: null

27-02-2025T17:36:27 - [TEST_STEP][PASSED] - y = value: null

27-02-2025T17:36:27 - [TEST_STEP][PASSED] - for (def tooltip : fieldTooltips): null

27-02-2025T17:36:27 - [TEST_STEP][PASSED] - if (value == y || value == y + 1 || value == y - 1): null

27-02-2025T17:36:27 - [TEST_STEP][PASSED] - if (value == y || value == y + 1 || value == y - 1): null

27-02-2025T17:36:27 - [TEST_STEP][PASSED] - if (value == y || value == y + 1 || value == y - 1): null

27-02-2025T17:36:27 - [TEST_STEP][PASSED] - if (value == y || value == y + 1 || value == y - 1): null

27-02-2025T17:36:27 - [TEST_STEP][PASSED] - if (value == y || value == y + 1 || value == y - 1): null

27-02-2025T17:36:27 - [TEST_STEP][PASSED] - if (value == y || value == y + 1 || value == y - 1): null

27-02-2025T17:36:27 - [TEST_STEP][PASSED] - if (value == y || value == y + 1 || value == y - 1): null

27-02-2025T17:36:27 - [TEST_STEP][PASSED] - if (value == y || value == y + 1 || value == y - 1): null

27-02-2025T17:36:27 - [TEST_STEP][PASSED] - if (value == y || value == y + 1 || value == y - 1): null

27-02-2025T17:36:27 - [TEST_STEP][PASSED] - if (value == y || value == y + 1 || value == y - 1): null

27-02-2025T17:36:27 - [TEST_STEP][PASSED] - if (value == y || value == y + 1 || value == y - 1): null

27-02-2025T17:36:27 - [TEST_STEP][PASSED] - if (value == y || value == y + 1 || value == y - 1): null

27-02-2025T17:36:27 - [TEST_STEP][PASSED] - if (value == y || value == y + 1 || value == y - 1): null

27-02-2025T17:36:27 - [TEST_STEP][PASSED] - if (value == y || value == y + 1 || value == y - 1): null

27-02-2025T17:36:27 - [TEST_STEP][PASSED] - if (value == y || value == y + 1 || value == y - 1): null

27-02-2025T17:36:27 - [TEST_STEP][PASSED] - y = value: null

27-02-2025T17:36:27 - [TEST_STEP][PASSED] - for (def tooltip : fieldTooltips): null

27-02-2025T17:36:27 - [TEST_STEP][PASSED] - if (value == y || value == y + 1 || value == y - 1): null

27-02-2025T17:36:27 - [TEST_STEP][PASSED] - if (value == y || value == y + 1 || value == y - 1): null

27-02-2025T17:36:27 - [TEST_STEP][PASSED] - if (value == y || value == y + 1 || value == y - 1): null

27-02-2025T17:36:27 - [TEST_STEP][PASSED] - if (value == y || value == y + 1 || value == y - 1): null

27-02-2025T17:36:27 - [TEST_STEP][PASSED] - if (value == y || value == y + 1 || value == y - 1): null

27-02-2025T17:36:27 - [TEST_STEP][PASSED] - if (value == y || value == y + 1 || value == y - 1): null

27-02-2025T17:36:27 - [TEST_STEP][PASSED] - tooltipMap.put(key, key): null

27-02-2025T17:36:27 - [TEST_STEP][PASSED] - break: null

27-02-2025T17:36:27 - [TEST_STEP][PASSED] - y = value: null

27-02-2025T17:36:27 - [TEST_STEP][PASSED] - for (def tooltip : fieldTooltips): null

27-02-2025T17:36:27 - [TEST_STEP][PASSED] - if (value == y || value == y + 1 || value == y - 1): null

27-02-2025T17:36:27 - [TEST_STEP][PASSED] - if (value == y || value == y + 1 || value == y - 1): null

27-02-2025T17:36:27 - [TEST_STEP][PASSED] - if (value == y || value == y + 1 || value == y - 1): null

27-02-2025T17:36:27 - [TEST_STEP][PASSED] - if (value == y || value == y + 1 || value == y - 1): null

27-02-2025T17:36:27 - [TEST_STEP][PASSED] - if (value == y || value == y + 1 || value == y - 1): null

27-02-2025T17:36:27 - [TEST_STEP][PASSED] - if (value == y || value == y + 1 || value == y - 1): null

27-02-2025T17:36:27 - [TEST_STEP][PASSED] - if (value == y || value == y + 1 || value == y - 1): null

27-02-2025T17:36:27 - [TEST_STEP][PASSED] - if (value == y || value == y + 1 || value == y - 1): null

27-02-2025T17:36:27 - [TEST_STEP][PASSED] - if (value == y || value == y + 1 || value == y - 1): null

27-02-2025T17:36:27 - [TEST_STEP][PASSED] - if (value == y || value == y + 1 || value == y - 1): null

27-02-2025T17:36:27 - [TEST_STEP][PASSED] - if (value == y || value == y + 1 || value == y - 1): null

27-02-2025T17:36:27 - [TEST_STEP][PASSED] - if (value == y || value == y + 1 || value == y - 1): null

27-02-2025T17:36:27 - [TEST_STEP][PASSED] - if (value == y || value == y + 1 || value == y - 1): null

27-02-2025T17:36:27 - [TEST_STEP][PASSED] - if (value == y || value == y + 1 || value == y - 1): null

27-02-2025T17:36:27 - [TEST_STEP][PASSED] - if (value == y || value == y + 1 || value == y - 1): null

27-02-2025T17:36:27 - [TEST_STEP][PASSED] - y = value: null

27-02-2025T17:36:27 - [TEST_STEP][PASSED] - for (def tooltip : fieldTooltips): null

27-02-2025T17:36:27 - [TEST_STEP][PASSED] - if (value == y || value == y + 1 || value == y - 1): null

27-02-2025T17:36:27 - [TEST_STEP][PASSED] - if (value == y || value == y + 1 || value == y - 1): null

27-02-2025T17:36:27 - [TEST_STEP][PASSED] - if (value == y || value == y + 1 || value == y - 1): null

27-02-2025T17:36:27 - [TEST_STEP][PASSED] - if (value == y || value == y + 1 || value == y - 1): null

27-02-2025T17:36:27 - [TEST_STEP][PASSED] - if (value == y || value == y + 1 || value == y - 1): null

27-02-2025T17:36:27 - [TEST_STEP][PASSED] - if (value == y || value == y + 1 || value == y - 1): null

27-02-2025T17:36:27 - [TEST_STEP][PASSED] - if (value == y || value == y + 1 || value == y - 1): null

27-02-2025T17:36:27 - [TEST_STEP][PASSED] - tooltipMap.put(key, key): null

27-02-2025T17:36:27 - [TEST_STEP][PASSED] - break: null

27-02-2025T17:36:27 - [TEST_STEP][PASSED] - y = value: null

27-02-2025T17:36:27 - [TEST_STEP][PASSED] - for (def tooltip : fieldTooltips): null

27-02-2025T17:36:27 - [TEST_STEP][PASSED] - if (value == y || value == y + 1 || value == y - 1): null

27-02-2025T17:36:27 - [TEST_STEP][PASSED] - if (value == y || value == y + 1 || value == y - 1): null

27-02-2025T17:36:27 - [TEST_STEP][PASSED] - if (value == y || value == y + 1 || value == y - 1): null

27-02-2025T17:36:27 - [TEST_STEP][PASSED] - if (value == y || value == y + 1 || value == y - 1): null

27-02-2025T17:36:27 - [TEST_STEP][PASSED] - if (value == y || value == y + 1 || value == y - 1): null

27-02-2025T17:36:27 - [TEST_STEP][PASSED] - if (value == y || value == y + 1 || value == y - 1): null

27-02-2025T17:36:27 - [TEST_STEP][PASSED] - if (value == y || value == y + 1 || value == y - 1): null

27-02-2025T17:36:27 - [TEST_STEP][PASSED] - if (value == y || value == y + 1 || value == y - 1): null

27-02-2025T17:36:27 - [TEST_STEP][PASSED] - tooltipMap.put(key, key): null

27-02-2025T17:36:27 - [TEST_STEP][PASSED] - break: null

27-02-2025T17:36:27 - [TEST_STEP][PASSED] - y = value: null

27-02-2025T17:36:27 - [TEST_STEP][PASSED] - for (def tooltip : fieldTooltips): null

27-02-2025T17:36:27 - [TEST_STEP][PASSED] - if (value == y || value == y + 1 || value == y - 1): null

27-02-2025T17:36:27 - [TEST_STEP][PASSED] - if (value == y || value == y + 1 || value == y - 1): null

27-02-2025T17:36:27 - [TEST_STEP][PASSED] - if (value == y || value == y + 1 || value == y - 1): null

27-02-2025T17:36:27 - [TEST_STEP][PASSED] - if (value == y || value == y + 1 || value == y - 1): null

27-02-2025T17:36:27 - [TEST_STEP][PASSED] - if (value == y || value == y + 1 || value == y - 1): null

27-02-2025T17:36:27 - [TEST_STEP][PASSED] - if (value == y || value == y + 1 || value == y - 1): null

27-02-2025T17:36:27 - [TEST_STEP][PASSED] - if (value == y || value == y + 1 || value == y - 1): null

27-02-2025T17:36:27 - [TEST_STEP][PASSED] - if (value == y || value == y + 1 || value == y - 1): null

27-02-2025T17:36:27 - [TEST_STEP][PASSED] - if (value == y || value == y + 1 || value == y - 1): null

27-02-2025T17:36:27 - [TEST_STEP][PASSED] - if (value == y || value == y + 1 || value == y - 1): null

27-02-2025T17:36:27 - [TEST_STEP][PASSED] - if (value == y || value == y + 1 || value == y - 1): null

27-02-2025T17:36:27 - [TEST_STEP][PASSED] - if (value == y || value == y + 1 || value == y - 1): null

27-02-2025T17:36:27 - [TEST_STEP][PASSED] - if (value == y || value == y + 1 || value == y - 1): null

27-02-2025T17:36:27 - [TEST_STEP][PASSED] - if (value == y || value == y + 1 || value == y - 1): null

27-02-2025T17:36:27 - [TEST_STEP][PASSED] - if (value == y || value == y + 1 || value == y - 1): null

27-02-2025T17:36:27 - [TEST_STEP][PASSED] - y = value: null

27-02-2025T17:36:27 - [TEST_STEP][PASSED] - for (def tooltip : fieldTooltips): null

27-02-2025T17:36:27 - [TEST_STEP][PASSED] - if (value == y || value == y + 1 || value == y - 1): null

27-02-2025T17:36:27 - [TEST_STEP][PASSED] - if (value == y || value == y + 1 || value == y - 1): null

27-02-2025T17:36:27 - [TEST_STEP][PASSED] - if (value == y || value == y + 1 || value == y - 1): null

27-02-2025T17:36:27 - [TEST_STEP][PASSED] - if (value == y || value == y + 1 || value == y - 1): null

27-02-2025T17:36:27 - [TEST_STEP][PASSED] - if (value == y || value == y + 1 || value == y - 1): null

27-02-2025T17:36:27 - [TEST_STEP][PASSED] - if (value == y || value == y + 1 || value == y - 1): null

27-02-2025T17:36:27 - [TEST_STEP][PASSED] - if (value == y || value == y + 1 || value == y - 1): null

27-02-2025T17:36:27 - [TEST_STEP][PASSED] - if (value == y || value == y + 1 || value == y - 1): null

27-02-2025T17:36:27 - [TEST_STEP][PASSED] - if (value == y || value == y + 1 || value == y - 1): null

27-02-2025T17:36:27 - [TEST_STEP][PASSED] - if (value == y || value == y + 1 || value == y - 1): null

27-02-2025T17:36:27 - [TEST_STEP][PASSED] - if (value == y || value == y + 1 || value == y - 1): null

27-02-2025T17:36:27 - [TEST_STEP][PASSED] - if (value == y || value == y + 1 || value == y - 1): null

27-02-2025T17:36:27 - [TEST_STEP][PASSED] - if (value == y || value == y + 1 || value == y - 1): null

27-02-2025T17:36:27 - [TEST_STEP][PASSED] - if (value == y || value == y + 1 || value == y - 1): null

27-02-2025T17:36:27 - [TEST_STEP][PASSED] - if (value == y || value == y + 1 || value == y - 1): null

27-02-2025T17:36:27 - [TEST_STEP][PASSED] - y = value: null

27-02-2025T17:36:27 - [TEST_STEP][PASSED] - for (def tooltip : fieldTooltips): null

27-02-2025T17:36:27 - [TEST_STEP][PASSED] - if (value == y || value == y + 1 || value == y - 1): null

27-02-2025T17:36:27 - [TEST_STEP][PASSED] - if (value == y || value == y + 1 || value == y - 1): null

27-02-2025T17:36:27 - [TEST_STEP][PASSED] - if (value == y || value == y + 1 || value == y - 1): null

27-02-2025T17:36:27 - [TEST_STEP][PASSED] - if (value == y || value == y + 1 || value == y - 1): null

27-02-2025T17:36:27 - [TEST_STEP][PASSED] - if (value == y || value == y + 1 || value == y - 1): null

27-02-2025T17:36:27 - [TEST_STEP][PASSED] - if (value == y || value == y + 1 || value == y - 1): null

27-02-2025T17:36:27 - [TEST_STEP][PASSED] - if (value == y || value == y + 1 || value == y - 1): null

27-02-2025T17:36:27 - [TEST_STEP][PASSED] - if (value == y || value == y + 1 || value == y - 1): null

27-02-2025T17:36:27 - [TEST_STEP][PASSED] - if (value == y || value == y + 1 || value == y - 1): null

27-02-2025T17:36:27 - [TEST_STEP][PASSED] - tooltipMap.put(key, key): null

27-02-2025T17:36:27 - [TEST_STEP][PASSED] - break: null

27-02-2025T17:36:27 - [TEST_STEP][PASSED] - y = value: null

27-02-2025T17:36:27 - [TEST_STEP][PASSED] - for (def tooltip : fieldTooltips): null

27-02-2025T17:36:27 - [TEST_STEP][PASSED] - if (value == y || value == y + 1 || value == y - 1): null

27-02-2025T17:36:27 - [TEST_STEP][PASSED] - if (value == y || value == y + 1 || value == y - 1): null

27-02-2025T17:36:27 - [TEST_STEP][PASSED] - if (value == y || value == y + 1 || value == y - 1): null

27-02-2025T17:36:27 - [TEST_STEP][PASSED] - if (value == y || value == y + 1 || value == y - 1): null

27-02-2025T17:36:27 - [TEST_STEP][PASSED] - if (value == y || value == y + 1 || value == y - 1): null

27-02-2025T17:36:27 - [TEST_STEP][PASSED] - if (value == y || value == y + 1 || value == y - 1): null

27-02-2025T17:36:27 - [TEST_STEP][PASSED] - if (value == y || value == y + 1 || value == y - 1): null

27-02-2025T17:36:27 - [TEST_STEP][PASSED] - if (value == y || value == y + 1 || value == y - 1): null

27-02-2025T17:36:27 - [TEST_STEP][PASSED] - if (value == y || value == y + 1 || value == y - 1): null

27-02-2025T17:36:27 - [TEST_STEP][PASSED] - if (value == y || value == y + 1 || value == y - 1): null

27-02-2025T17:36:27 - [TEST_STEP][PASSED] - tooltipMap.put(key, key): null

27-02-2025T17:36:27 - [TEST_STEP][PASSED] - break: null

27-02-2025T17:36:27 - [TEST_STEP][PASSED] - y = value: null

27-02-2025T17:36:27 - [TEST_STEP][PASSED] - for (def tooltip : fieldTooltips): null

27-02-2025T17:36:27 - [TEST_STEP][PASSED] - if (value == y || value == y + 1 || value == y - 1): null

27-02-2025T17:36:27 - [TEST_STEP][PASSED] - if (value == y || value == y + 1 || value == y - 1): null

27-02-2025T17:36:27 - [TEST_STEP][PASSED] - if (value == y || value == y + 1 || value == y - 1): null

27-02-2025T17:36:27 - [TEST_STEP][PASSED] - if (value == y || value == y + 1 || value == y - 1): null

27-02-2025T17:36:27 - [TEST_STEP][PASSED] - if (value == y || value == y + 1 || value == y - 1): null

27-02-2025T17:36:27 - [TEST_STEP][PASSED] - if (value == y || value == y + 1 || value == y - 1): null

27-02-2025T17:36:27 - [TEST_STEP][PASSED] - if (value == y || value == y + 1 || value == y - 1): null

27-02-2025T17:36:27 - [TEST_STEP][PASSED] - if (value == y || value == y + 1 || value == y - 1): null

27-02-2025T17:36:27 - [TEST_STEP][PASSED] - if (value == y || value == y + 1 || value == y - 1): null

27-02-2025T17:36:27 - [TEST_STEP][PASSED] - if (value == y || value == y + 1 || value == y - 1): null

27-02-2025T17:36:27 - [TEST_STEP][PASSED] - if (value == y || value == y + 1 || value == y - 1): null

27-02-2025T17:36:27 - [TEST_STEP][PASSED] - tooltipMap.put(key, key): null

27-02-2025T17:36:27 - [TEST_STEP][PASSED] - break: null

27-02-2025T17:36:27 - [TEST_STEP][PASSED] - y = value: null

27-02-2025T17:36:27 - [TEST_STEP][PASSED] - for (def tooltip : fieldTooltips): null

27-02-2025T17:36:27 - [TEST_STEP][PASSED] - if (value == y || value == y + 1 || value == y - 1): null

27-02-2025T17:36:27 - [TEST_STEP][PASSED] - if (value == y || value == y + 1 || value == y - 1): null

27-02-2025T17:36:27 - [TEST_STEP][PASSED] - if (value == y || value == y + 1 || value == y - 1): null

27-02-2025T17:36:27 - [TEST_STEP][PASSED] - if (value == y || value == y + 1 || value == y - 1): null

27-02-2025T17:36:27 - [TEST_STEP][PASSED] - if (value == y || value == y + 1 || value == y - 1): null

27-02-2025T17:36:27 - [TEST_STEP][PASSED] - if (value == y || value == y + 1 || value == y - 1): null

27-02-2025T17:36:27 - [TEST_STEP][PASSED] - if (value == y || value == y + 1 || value == y - 1): null

27-02-2025T17:36:27 - [TEST_STEP][PASSED] - if (value == y || value == y + 1 || value == y - 1): null

27-02-2025T17:36:27 - [TEST_STEP][PASSED] - if (value == y || value == y + 1 || value == y - 1): null

27-02-2025T17:36:27 - [TEST_STEP][PASSED] - if (value == y || value == y + 1 || value == y - 1): null

27-02-2025T17:36:27 - [TEST_STEP][PASSED] - if (value == y || value == y + 1 || value == y - 1): null

27-02-2025T17:36:27 - [TEST_STEP][PASSED] - if (value == y || value == y + 1 || value == y - 1): null

27-02-2025T17:36:27 - [TEST_STEP][PASSED] - if (value == y || value == y + 1 || value == y - 1): null

27-02-2025T17:36:27 - [TEST_STEP][PASSED] - if (value == y || value == y + 1 || value == y - 1): null

27-02-2025T17:36:27 - [TEST_STEP][PASSED] - if (value == y || value == y + 1 || value == y - 1): null

27-02-2025T17:36:27 - [TEST_STEP][PASSED] - y = value: null

27-02-2025T17:36:27 - [TEST_STEP][PASSED] - for (def tooltip : fieldTooltips): null

27-02-2025T17:36:27 - [TEST_STEP][PASSED] - if (value == y || value == y + 1 || value == y - 1): null

27-02-2025T17:36:27 - [TEST_STEP][PASSED] - if (value == y || value == y + 1 || value == y - 1): null

27-02-2025T17:36:27 - [TEST_STEP][PASSED] - if (value == y || value == y + 1 || value == y - 1): null

27-02-2025T17:36:27 - [TEST_STEP][PASSED] - if (value == y || value == y + 1 || value == y - 1): null

27-02-2025T17:36:27 - [TEST_STEP][PASSED] - if (value == y || value == y + 1 || value == y - 1): null

27-02-2025T17:36:27 - [TEST_STEP][PASSED] - if (value == y || value == y + 1 || value == y - 1): null

27-02-2025T17:36:27 - [TEST_STEP][PASSED] - if (value == y || value == y + 1 || value == y - 1): null

27-02-2025T17:36:27 - [TEST_STEP][PASSED] - if (value == y || value == y + 1 || value == y - 1): null

27-02-2025T17:36:27 - [TEST_STEP][PASSED] - if (value == y || value == y + 1 || value == y - 1): null

27-02-2025T17:36:27 - [TEST_STEP][PASSED] - if (value == y || value == y + 1 || value == y - 1): null

27-02-2025T17:36:27 - [TEST_STEP][PASSED] - if (value == y || value == y + 1 || value == y - 1): null

27-02-2025T17:36:27 - [TEST_STEP][PASSED] - if (value == y || value == y + 1 || value == y - 1): null

27-02-2025T17:36:27 - [TEST_STEP][PASSED] - tooltipMap.put(key, key): null

27-02-2025T17:36:27 - [TEST_STEP][PASSED] - break: null

27-02-2025T17:36:27 - [TEST_STEP][PASSED] - y = value: null

27-02-2025T17:36:27 - [TEST_STEP][PASSED] - for (def tooltip : fieldTooltips): null

27-02-2025T17:36:27 - [TEST_STEP][PASSED] - if (value == y || value == y + 1 || value == y - 1): null

27-02-2025T17:36:27 - [TEST_STEP][PASSED] - if (value == y || value == y + 1 || value == y - 1): null

27-02-2025T17:36:27 - [TEST_STEP][PASSED] - if (value == y || value == y + 1 || value == y - 1): null

27-02-2025T17:36:27 - [TEST_STEP][PASSED] - if (value == y || value == y + 1 || value == y - 1): null

27-02-2025T17:36:27 - [TEST_STEP][PASSED] - if (value == y || value == y + 1 || value == y - 1): null

27-02-2025T17:36:27 - [TEST_STEP][PASSED] - if (value == y || value == y + 1 || value == y - 1): null

27-02-2025T17:36:27 - [TEST_STEP][PASSED] - if (value == y || value == y + 1 || value == y - 1): null

27-02-2025T17:36:27 - [TEST_STEP][PASSED] - if (value == y || value == y + 1 || value == y - 1): null

27-02-2025T17:36:27 - [TEST_STEP][PASSED] - if (value == y || value == y + 1 || value == y - 1): null

27-02-2025T17:36:27 - [TEST_STEP][PASSED] - if (value == y || value == y + 1 || value == y - 1): null

27-02-2025T17:36:27 - [TEST_STEP][PASSED] - if (value == y || value == y + 1 || value == y - 1): null

27-02-2025T17:36:27 - [TEST_STEP][PASSED] - if (value == y || value == y + 1 || value == y - 1): null

27-02-2025T17:36:27 - [TEST_STEP][PASSED] - if (value == y || value == y + 1 || value == y - 1): null

27-02-2025T17:36:27 - [TEST_STEP][PASSED] - tooltipMap.put(key, key): null

27-02-2025T17:36:27 - [TEST_STEP][PASSED] - break: null

27-02-2025T17:36:27 - [TEST_STEP][PASSED] - y = value: null

27-02-2025T17:36:27 - [TEST_STEP][PASSED] - for (def tooltip : fieldTooltips): null

27-02-2025T17:36:27 - [TEST_STEP][PASSED] - if (value == y || value == y + 1 || value == y - 1): null

27-02-2025T17:36:27 - [TEST_STEP][PASSED] - if (value == y || value == y + 1 || value == y - 1): null

27-02-2025T17:36:27 - [TEST_STEP][PASSED] - if (value == y || value == y + 1 || value == y - 1): null

27-02-2025T17:36:27 - [TEST_STEP][PASSED] - if (value == y || value == y + 1 || value == y - 1): null

27-02-2025T17:36:27 - [TEST_STEP][PASSED] - if (value == y || value == y + 1 || value == y - 1): null

27-02-2025T17:36:27 - [TEST_STEP][PASSED] - if (value == y || value == y + 1 || value == y - 1): null

27-02-2025T17:36:27 - [TEST_STEP][PASSED] - if (value == y || value == y + 1 || value == y - 1): null

27-02-2025T17:36:27 - [TEST_STEP][PASSED] - if (value == y || value == y + 1 || value == y - 1): null

27-02-2025T17:36:27 - [TEST_STEP][PASSED] - if (value == y || value == y + 1 || value == y - 1): null

27-02-2025T17:36:27 - [TEST_STEP][PASSED] - if (value == y || value == y + 1 || value == y - 1): null

27-02-2025T17:36:27 - [TEST_STEP][PASSED] - if (value == y || value == y + 1 || value == y - 1): null

27-02-2025T17:36:27 - [TEST_STEP][PASSED] - if (value == y || value == y + 1 || value == y - 1): null

27-02-2025T17:36:27 - [TEST_STEP][PASSED] - if (value == y || value == y + 1 || value == y - 1): null

27-02-2025T17:36:27 - [TEST_STEP][PASSED] - if (value == y || value == y + 1 || value == y - 1): null

27-02-2025T17:36:27 - [TEST_STEP][PASSED] - tooltipMap.put(key, key): null

27-02-2025T17:36:27 - [TEST_STEP][PASSED] - break: null

27-02-2025T17:36:27 - [TEST_STEP][PASSED] - y = value: null

27-02-2025T17:36:27 - [TEST_STEP][PASSED] - for (def tooltip : fieldTooltips): null

27-02-2025T17:36:27 - [TEST_STEP][PASSED] - if (value == y || value == y + 1 || value == y - 1): null

27-02-2025T17:36:27 - [TEST_STEP][PASSED] - if (value == y || value == y + 1 || value == y - 1): null

27-02-2025T17:36:27 - [TEST_STEP][PASSED] - if (value == y || value == y + 1 || value == y - 1): null

27-02-2025T17:36:27 - [TEST_STEP][PASSED] - if (value == y || value == y + 1 || value == y - 1): null

27-02-2025T17:36:27 - [TEST_STEP][PASSED] - if (value == y || value == y + 1 || value == y - 1): null

27-02-2025T17:36:27 - [TEST_STEP][PASSED] - if (value == y || value == y + 1 || value == y - 1): null

27-02-2025T17:36:27 - [TEST_STEP][PASSED] - if (value == y || value == y + 1 || value == y - 1): null

27-02-2025T17:36:27 - [TEST_STEP][PASSED] - if (value == y || value == y + 1 || value == y - 1): null

27-02-2025T17:36:27 - [TEST_STEP][PASSED] - if (value == y || value == y + 1 || value == y - 1): null

27-02-2025T17:36:27 - [TEST_STEP][PASSED] - if (value == y || value == y + 1 || value == y - 1): null

27-02-2025T17:36:27 - [TEST_STEP][PASSED] - if (value == y || value == y + 1 || value == y - 1): null

27-02-2025T17:36:27 - [TEST_STEP][PASSED] - if (value == y || value == y + 1 || value == y - 1): null

27-02-2025T17:36:27 - [TEST_STEP][PASSED] - if (value == y || value == y + 1 || value == y - 1): null

27-02-2025T17:36:27 - [TEST_STEP][PASSED] - if (value == y || value == y + 1 || value == y - 1): null

27-02-2025T17:36:27 - [TEST_STEP][PASSED] - if (value == y || value == y + 1 || value == y - 1): null

27-02-2025T17:36:27 - [TEST_STEP][PASSED] - y = value: null

27-02-2025T17:36:27 - [TEST_STEP][PASSED] - for (def tooltip : fieldTooltips): null

27-02-2025T17:36:27 - [TEST_STEP][PASSED] - if (value == y || value == y + 1 || value == y - 1): null

27-02-2025T17:36:27 - [TEST_STEP][PASSED] - if (value == y || value == y + 1 || value == y - 1): null

27-02-2025T17:36:27 - [TEST_STEP][PASSED] - if (value == y || value == y + 1 || value == y - 1): null

27-02-2025T17:36:27 - [TEST_STEP][PASSED] - if (value == y || value == y + 1 || value == y - 1): null

27-02-2025T17:36:27 - [TEST_STEP][PASSED] - if (value == y || value == y + 1 || value == y - 1): null

27-02-2025T17:36:27 - [TEST_STEP][PASSED] - if (value == y || value == y + 1 || value == y - 1): null

27-02-2025T17:36:27 - [TEST_STEP][PASSED] - if (value == y || value == y + 1 || value == y - 1): null

27-02-2025T17:36:27 - [TEST_STEP][PASSED] - if (value == y || value == y + 1 || value == y - 1): null

27-02-2025T17:36:27 - [TEST_STEP][PASSED] - if (value == y || value == y + 1 || value == y - 1): null

27-02-2025T17:36:27 - [TEST_STEP][PASSED] - if (value == y || value == y + 1 || value == y - 1): null

27-02-2025T17:36:27 - [TEST_STEP][PASSED] - if (value == y || value == y + 1 || value == y - 1): null

27-02-2025T17:36:27 - [TEST_STEP][PASSED] - if (value == y || value == y + 1 || value == y - 1): null

27-02-2025T17:36:27 - [TEST_STEP][PASSED] - if (value == y || value == y + 1 || value == y - 1): null

27-02-2025T17:36:27 - [TEST_STEP][PASSED] - if (value == y || value == y + 1 || value == y - 1): null

27-02-2025T17:36:27 - [TEST_STEP][PASSED] - if (value == y || value == y + 1 || value == y - 1): null

27-02-2025T17:36:27 - [TEST_STEP][PASSED] - tooltipMap.put(key, key): null

27-02-2025T17:36:27 - [TEST_STEP][PASSED] - break: null

27-02-2025T17:36:27 - [TEST_STEP][PASSED] - y = value: null

27-02-2025T17:36:27 - [TEST_STEP][PASSED] - for (def tooltip : fieldTooltips): null

27-02-2025T17:36:27 - [TEST_STEP][PASSED] - if (value == y || value == y + 1 || value == y - 1): null

27-02-2025T17:36:27 - [TEST_STEP][PASSED] - if (value == y || value == y + 1 || value == y - 1): null

27-02-2025T17:36:27 - [TEST_STEP][PASSED] - if (value == y || value == y + 1 || value == y - 1): null

27-02-2025T17:36:27 - [TEST_STEP][PASSED] - if (value == y || value == y + 1 || value == y - 1): null

27-02-2025T17:36:27 - [TEST_STEP][PASSED] - if (value == y || value == y + 1 || value == y - 1): null

27-02-2025T17:36:27 - [TEST_STEP][PASSED] - if (value == y || value == y + 1 || value == y - 1): null

27-02-2025T17:36:27 - [TEST_STEP][PASSED] - if (value == y || value == y + 1 || value == y - 1): null

27-02-2025T17:36:27 - [TEST_STEP][PASSED] - if (value == y || value == y + 1 || value == y - 1): null

27-02-2025T17:36:27 - [TEST_STEP][PASSED] - if (value == y || value == y + 1 || value == y - 1): null

27-02-2025T17:36:27 - [TEST_STEP][PASSED] - if (value == y || value == y + 1 || value == y - 1): null

27-02-2025T17:36:27 - [TEST_STEP][PASSED] - if (value == y || value == y + 1 || value == y - 1): null

27-02-2025T17:36:27 - [TEST_STEP][PASSED] - if (value == y || value == y + 1 || value == y - 1): null

27-02-2025T17:36:27 - [TEST_STEP][PASSED] - if (value == y || value == y + 1 || value == y - 1): null

27-02-2025T17:36:27 - [TEST_STEP][PASSED] - if (value == y || value == y + 1 || value == y - 1): null

27-02-2025T17:36:27 - [TEST_STEP][PASSED] - if (value == y || value == y + 1 || value == y - 1): null

27-02-2025T17:36:27 - [TEST_STEP][PASSED] - y = value: null

27-02-2025T17:36:27 - [TEST_STEP][PASSED] - for (def tooltip : fieldTooltips): null

27-02-2025T17:36:27 - [TEST_STEP][PASSED] - if (value == y || value == y + 1 || value == y - 1): null

27-02-2025T17:36:27 - [TEST_STEP][PASSED] - if (value == y || value == y + 1 || value == y - 1): null

27-02-2025T17:36:27 - [TEST_STEP][PASSED] - if (value == y || value == y + 1 || value == y - 1): null

27-02-2025T17:36:27 - [TEST_STEP][PASSED] - if (value == y || value == y + 1 || value == y - 1): null

27-02-2025T17:36:27 - [TEST_STEP][PASSED] - if (value == y || value == y + 1 || value == y - 1): null

27-02-2025T17:36:27 - [TEST_STEP][PASSED] - if (value == y || value == y + 1 || value == y - 1): null

27-02-2025T17:36:27 - [TEST_STEP][PASSED] - if (value == y || value == y + 1 || value == y - 1): null

27-02-2025T17:36:27 - [TEST_STEP][PASSED] - if (value == y || value == y + 1 || value == y - 1): null

27-02-2025T17:36:27 - [TEST_STEP][PASSED] - if (value == y || value == y + 1 || value == y - 1): null

27-02-2025T17:36:27 - [TEST_STEP][PASSED] - if (value == y || value == y + 1 || value == y - 1): null

27-02-2025T17:36:27 - [TEST_STEP][PASSED] - if (value == y || value == y + 1 || value == y - 1): null

27-02-2025T17:36:27 - [TEST_STEP][PASSED] - if (value == y || value == y + 1 || value == y - 1): null

27-02-2025T17:36:27 - [TEST_STEP][PASSED] - if (value == y || value == y + 1 || value == y - 1): null

27-02-2025T17:36:27 - [TEST_STEP][PASSED] - if (value == y || value == y + 1 || value == y - 1): null

27-02-2025T17:36:27 - [TEST_STEP][PASSED] - if (value == y || value == y + 1 || value == y - 1): null

27-02-2025T17:36:27 - [TEST_STEP][PASSED] - y = value: null

27-02-2025T17:36:27 - [TEST_STEP][PASSED] - for (def tooltip : fieldTooltips): null

27-02-2025T17:36:27 - [TEST_STEP][PASSED] - if (value == y || value == y + 1 || value == y - 1): null

27-02-2025T17:36:27 - [TEST_STEP][PASSED] - if (value == y || value == y + 1 || value == y - 1): null

27-02-2025T17:36:27 - [TEST_STEP][PASSED] - if (value == y || value == y + 1 || value == y - 1): null

27-02-2025T17:36:27 - [TEST_STEP][PASSED] - if (value == y || value == y + 1 || value == y - 1): null

27-02-2025T17:36:27 - [TEST_STEP][PASSED] - if (value == y || value == y + 1 || value == y - 1): null

27-02-2025T17:36:27 - [TEST_STEP][PASSED] - if (value == y || value == y + 1 || value == y - 1): null

27-02-2025T17:36:27 - [TEST_STEP][PASSED] - if (value == y || value == y + 1 || value == y - 1): null

27-02-2025T17:36:27 - [TEST_STEP][PASSED] - if (value == y || value == y + 1 || value == y - 1): null

27-02-2025T17:36:27 - [TEST_STEP][PASSED] - if (value == y || value == y + 1 || value == y - 1): null

27-02-2025T17:36:27 - [TEST_STEP][PASSED] - if (value == y || value == y + 1 || value == y - 1): null

27-02-2025T17:36:27 - [TEST_STEP][PASSED] - if (value == y || value == y + 1 || value == y - 1): null

27-02-2025T17:36:27 - [TEST_STEP][PASSED] - if (value == y || value == y + 1 || value == y - 1): null

27-02-2025T17:36:27 - [TEST_STEP][PASSED] - if (value == y || value == y + 1 || value == y - 1): null

27-02-2025T17:36:27 - [TEST_STEP][PASSED] - if (value == y || value == y + 1 || value == y - 1): null

27-02-2025T17:36:27 - [TEST_STEP][PASSED] - if (value == y || value == y + 1 || value == y - 1): null

27-02-2025T17:36:27 - [TEST_STEP][PASSED] - return tooltipMap: null

27-02-2025T17:36:27 - [MESSAGE][PASSED] - Call Test Case 'Test Cases/_Functions/Get Tooltip Text' successfully

27-02-2025T17:36:27 - [TEST_STEP][PASSED] - if (tooltipMap.size() > 0): null

27-02-2025T17:36:27 - [TEST_STEP][PASSED] - file = fileBase + "_Tooltips.csv": null

27-02-2025T17:36:27 - [TEST_STEP][PASSED] - outText = "FIELD LABEL" + "," + "TOOLTIP TEXT" + "

": null

27-02-2025T17:36:27 - [TEST_STEP][PASSED] - for (def it : tooltipMap): null

27-02-2025T17:36:27 - [TEST_STEP][PASSED] - name = key: null

27-02-2025T17:36:27 - [TEST_STEP][PASSED] - value = value.replace("
", ""): null

27-02-2025T17:36:27 - [TEST_STEP][PASSED] - value = value.trim(): null

27-02-2025T17:36:27 - [TEST_STEP][PASSED] - value = """ + value + """: null

27-02-2025T17:36:27 - [TEST_STEP][PASSED] - outText = outText + name + "," + value: null

27-02-2025T17:36:27 - [TEST_STEP][PASSED] - outText = outText + "
": null

27-02-2025T17:36:27 - [TEST_STEP][PASSED] - println(outText): null

27-02-2025T17:36:27 - [TEST_STEP][PASSED] - name = key: null

27-02-2025T17:36:27 - [TEST_STEP][PASSED] - value = value.replace("
", ""): null

27-02-2025T17:36:27 - [TEST_STEP][PASSED] - value = value.trim(): null

27-02-2025T17:36:27 - [TEST_STEP][PASSED] - value = """ + value + """: null

27-02-2025T17:36:27 - [TEST_STEP][PASSED] - outText = outText + name + "," + value: null

27-02-2025T17:36:27 - [TEST_STEP][PASSED] - outText = outText + "
": null

27-02-2025T17:36:27 - [TEST_STEP][PASSED] - println(outText): null

27-02-2025T17:36:27 - [TEST_STEP][PASSED] - name = key: null

27-02-2025T17:36:27 - [TEST_STEP][PASSED] - value = value.replace("
", ""): null

27-02-2025T17:36:27 - [TEST_STEP][PASSED] - value = value.trim(): null

27-02-2025T17:36:27 - [TEST_STEP][PASSED] - value = """ + value + """: null

27-02-2025T17:36:27 - [TEST_STEP][PASSED] - outText = outText + name + "," + value: null

27-02-2025T17:36:27 - [TEST_STEP][PASSED] - outText = outText + "
": null

27-02-2025T17:36:27 - [TEST_STEP][PASSED] - println(outText): null

27-02-2025T17:36:27 - [TEST_STEP][PASSED] - name = key: null

27-02-2025T17:36:27 - [TEST_STEP][PASSED] - value = value.replace("
", ""): null

27-02-2025T17:36:27 - [TEST_STEP][PASSED] - value = value.trim(): null

27-02-2025T17:36:27 - [TEST_STEP][PASSED] - value = """ + value + """: null

27-02-2025T17:36:27 - [TEST_STEP][PASSED] - outText = outText + name + "," + value: null

27-02-2025T17:36:27 - [TEST_STEP][PASSED] - outText = outText + "
": null

27-02-2025T17:36:27 - [TEST_STEP][PASSED] - println(outText): null

27-02-2025T17:36:27 - [TEST_STEP][PASSED] - name = key: null

27-02-2025T17:36:27 - [TEST_STEP][PASSED] - value = value.replace("
", ""): null

27-02-2025T17:36:27 - [TEST_STEP][PASSED] - value = value.trim(): null

27-02-2025T17:36:27 - [TEST_STEP][PASSED] - value = """ + value + """: null

27-02-2025T17:36:27 - [TEST_STEP][PASSED] - outText = outText + name + "," + value: null

27-02-2025T17:36:27 - [TEST_STEP][PASSED] - outText = outText + "
": null

27-02-2025T17:36:27 - [TEST_STEP][PASSED] - println(outText): null

27-02-2025T17:36:27 - [TEST_STEP][PASSED] - name = key: null

27-02-2025T17:36:27 - [TEST_STEP][PASSED] - value = value.replace("
", ""): null

27-02-2025T17:36:27 - [TEST_STEP][PASSED] - value = value.trim(): null

27-02-2025T17:36:27 - [TEST_STEP][PASSED] - value = """ + value + """: null

27-02-2025T17:36:27 - [TEST_STEP][PASSED] - outText = outText + name + "," + value: null

27-02-2025T17:36:27 - [TEST_STEP][PASSED] - outText = outText + "
": null

27-02-2025T17:36:27 - [TEST_STEP][PASSED] - println(outText): null

27-02-2025T17:36:27 - [TEST_STEP][PASSED] - name = key: null

27-02-2025T17:36:27 - [TEST_STEP][PASSED] - value = value.replace("
", ""): null

27-02-2025T17:36:27 - [TEST_STEP][PASSED] - value = value.trim(): null

27-02-2025T17:36:27 - [TEST_STEP][PASSED] - value = """ + value + """: null

27-02-2025T17:36:27 - [TEST_STEP][PASSED] - outText = outText + name + "," + value: null

27-02-2025T17:36:27 - [TEST_STEP][PASSED] - outText = outText + "
": null

27-02-2025T17:36:27 - [TEST_STEP][PASSED] - println(outText): null

27-02-2025T17:36:27 - [TEST_STEP][PASSED] - name = key: null

27-02-2025T17:36:27 - [TEST_STEP][PASSED] - value = value.replace("
", ""): null

27-02-2025T17:36:27 - [TEST_STEP][PASSED] - value = value.trim(): null

27-02-2025T17:36:27 - [TEST_STEP][PASSED] - value = """ + value + """: null

27-02-2025T17:36:27 - [TEST_STEP][PASSED] - outText = outText + name + "," + value: null

27-02-2025T17:36:27 - [TEST_STEP][PASSED] - outText = outText + "
": null

27-02-2025T17:36:27 - [TEST_STEP][PASSED] - println(outText): null

27-02-2025T17:36:27 - [TEST_STEP][PASSED] - name = key: null

27-02-2025T17:36:27 - [TEST_STEP][PASSED] - value = value.replace("
", ""): null

27-02-2025T17:36:27 - [TEST_STEP][PASSED] - value = value.trim(): null

27-02-2025T17:36:27 - [TEST_STEP][PASSED] - value = """ + value + """: null

27-02-2025T17:36:27 - [TEST_STEP][PASSED] - outText = outText + name + "," + value: null

27-02-2025T17:36:27 - [TEST_STEP][PASSED] - outText = outText + "
": null

27-02-2025T17:36:27 - [TEST_STEP][PASSED] - println(outText): null

27-02-2025T17:36:27 - [TEST_STEP][PASSED] - name = key: null

27-02-2025T17:36:27 - [TEST_STEP][PASSED] - value = value.replace("
", ""): null

27-02-2025T17:36:27 - [TEST_STEP][PASSED] - value = value.trim(): null

27-02-2025T17:36:27 - [TEST_STEP][PASSED] - value = """ + value + """: null

27-02-2025T17:36:27 - [TEST_STEP][PASSED] - outText = outText + name + "," + value: null

27-02-2025T17:36:27 - [TEST_STEP][PASSED] - outText = outText + "
": null

27-02-2025T17:36:27 - [TEST_STEP][PASSED] - println(outText): null

27-02-2025T17:36:27 - [TEST_STEP][PASSED] - name = key: null

27-02-2025T17:36:27 - [TEST_STEP][PASSED] - value = value.replace("
", ""): null

27-02-2025T17:36:27 - [TEST_STEP][PASSED] - value = value.trim(): null

27-02-2025T17:36:27 - [TEST_STEP][PASSED] - value = """ + value + """: null

27-02-2025T17:36:27 - [TEST_STEP][PASSED] - outText = outText + name + "," + value: null

27-02-2025T17:36:27 - [TEST_STEP][PASSED] - outText = outText + "
": null

27-02-2025T17:36:27 - [TEST_STEP][PASSED] - println(outText): null

27-02-2025T17:36:27 - [TEST_STEP][PASSED] - name = key: null

27-02-2025T17:36:27 - [TEST_STEP][PASSED] - value = value.replace("
", ""): null

27-02-2025T17:36:27 - [TEST_STEP][PASSED] - value = value.trim(): null

27-02-2025T17:36:27 - [TEST_STEP][PASSED] - value = """ + value + """: null

27-02-2025T17:36:27 - [TEST_STEP][PASSED] - outText = outText + name + "," + value: null

27-02-2025T17:36:27 - [TEST_STEP][PASSED] - outText = outText + "
": null

27-02-2025T17:36:27 - [TEST_STEP][PASSED] - println(outText): null

27-02-2025T17:36:27 - [TEST_STEP][PASSED] - name = key: null

27-02-2025T17:36:27 - [TEST_STEP][PASSED] - value = value.replace("
", ""): null

27-02-2025T17:36:27 - [TEST_STEP][PASSED] - value = value.trim(): null

27-02-2025T17:36:27 - [TEST_STEP][PASSED] - value = """ + value + """: null

27-02-2025T17:36:27 - [TEST_STEP][PASSED] - outText = outText + name + "," + value: null

27-02-2025T17:36:27 - [TEST_STEP][PASSED] - outText = outText + "
": null

27-02-2025T17:36:27 - [TEST_STEP][PASSED] - println(outText): null

27-02-2025T17:36:27 - [TEST_STEP][PASSED] - name = key: null

27-02-2025T17:36:27 - [TEST_STEP][PASSED] - value = value.replace("
", ""): null

27-02-2025T17:36:27 - [TEST_STEP][PASSED] - value = value.trim(): null

27-02-2025T17:36:27 - [TEST_STEP][PASSED] - value = """ + value + """: null

27-02-2025T17:36:27 - [TEST_STEP][PASSED] - outText = outText + name + "," + value: null

27-02-2025T17:36:27 - [TEST_STEP][PASSED] - outText = outText + "
": null

27-02-2025T17:36:27 - [TEST_STEP][PASSED] - println(outText): null

27-02-2025T17:36:27 - [TEST_STEP][PASSED] - name = key: null

27-02-2025T17:36:27 - [TEST_STEP][PASSED] - value = value.replace("
", ""): null

27-02-2025T17:36:27 - [TEST_STEP][PASSED] - value = value.trim(): null

27-02-2025T17:36:27 - [TEST_STEP][PASSED] - value = """ + value + """: null

27-02-2025T17:36:27 - [TEST_STEP][PASSED] - outText = outText + name + "," + value: null

27-02-2025T17:36:27 - [TEST_STEP][PASSED] - outText = outText + "
": null

27-02-2025T17:36:27 - [TEST_STEP][PASSED] - println(outText): null

27-02-2025T17:36:27 - [TEST_STEP][PASSED] - outFile = new java.io.File(file): null

27-02-2025T17:36:27 - [TEST_STEP][PASSED] - println(outText): null

27-02-2025T17:36:27 - [TEST_STEP][PASSED] - outFile.write(outText): null

27-02-2025T17:36:27 - [TEST_STEP][PASSED] - takeFullPageScreenshot(fileImage): Taking screenshot successfully

27-02-2025T17:36:28 - [MESSAGE][INFO] - 0 hidden object(s)

27-02-2025T17:36:29 - [MESSAGE][PASSED] - Taking screenshot successfully
[[ATTACHMENT|/Users/cckozie/Documents/MissionNext/Screenshots and Tooltip Text/Register_Screenshot.png]]

27-02-2025T17:36:29 - [TEST_STEP][PASSED] - frame.dispose(): null

27-02-2025T17:36:29 - [TEST_STEP][PASSED] - return tooltipMap: null

27-02-2025T17:36:29 - [MESSAGE][PASSED] - Call Test Case 'Test Cases/_Functions/Get Screenshot and Tooltip Text' successfully

27-02-2025T17:36:29 - [TEST_STEP][PASSED] - driver = getWebDriver(): null

27-02-2025T17:36:29 - [TEST_STEP][PASSED] - action = new org.openqa.selenium.interactions.Actions(driver): null

27-02-2025T17:36:29 - [TEST_STEP][PASSED] - callTestCase(findTestCase("_Functions/Test Tooltips"), ["varTooltipImagePath":tooltipImagePath, "varTooltips":tooltips, "varTooltipText":tooltipText, "varTestObjectFolder":testObjectFolder, ... ], OPTIONAL): Unable to call Test Case 'Test Cases/_Functions/Test Tooltips' (Root cause: com.kms.katalon.core.exception.StepErrorException: Call Test Case 'Test Cases/_Functions/Test Tooltips' failed because of error(s)
	at com.kms.katalon.core.keyword.builtin.CallTestCaseKeyword$_callTestCase_closure1.doCall(CallTestCaseKeyword.groovy:66)
	at com.kms.katalon.core.keyword.builtin.CallTestCaseKeyword$_callTestCase_closure1.call(CallTestCaseKeyword.groovy)
	at com.kms.katalon.core.keyword.internal.KeywordMain.runKeyword(KeywordMain.groovy:75)
	at com.kms.katalon.core.keyword.builtin.CallTestCaseKeyword.callTestCase(CallTestCaseKeyword.groovy:81)
	at com.kms.katalon.core.keyword.builtin.CallTestCaseKeyword.execute(CallTestCaseKeyword.groovy:44)
	at com.kms.katalon.core.keyword.internal.KeywordExecutor.executeKeywordForPlatform(KeywordExecutor.groovy:74)
	at com.kms.katalon.core.keyword.BuiltinKeywords.callTestCase(BuiltinKeywords.groovy:310)
	at java.base/jdk.internal.reflect.NativeMethodAccessorImpl.invoke0(Native Method)
	at java.base/jdk.internal.reflect.NativeMethodAccessorImpl.invoke(NativeMethodAccessorImpl.java:77)
	at java.base/jdk.internal.reflect.DelegatingMethodAccessorImpl.invoke(DelegatingMethodAccessorImpl.java:43)
	at Register Journey Partner.run(Register Journey Partner:158)
	at com.kms.katalon.core.main.ScriptEngine.run(ScriptEngine.java:194)
	at com.kms.katalon.core.main.ScriptEngine.runScriptAsRawText(ScriptEngine.java:119)
	at com.kms.katalon.core.main.TestCaseExecutor.runScript(TestCaseExecutor.java:448)
	at com.kms.katalon.core.main.TestCaseExecutor.doExecute(TestCaseExecutor.java:439)
	at com.kms.katalon.core.main.TestCaseExecutor.processExecutionPhase(TestCaseExecutor.java:418)
	at com.kms.katalon.core.main.TestCaseExecutor.accessMainPhase(TestCaseExecutor.java:410)
	at com.kms.katalon.core.main.TestCaseExecutor.execute(TestCaseExecutor.java:285)
	at com.kms.katalon.core.common.CommonExecutor.accessTestCaseMainPhase(CommonExecutor.java:65)
	at com.kms.katalon.core.main.TestSuiteExecutor.accessTestSuiteMainPhase(TestSuiteExecutor.java:150)
	at com.kms.katalon.core.main.TestSuiteExecutor.execute(TestSuiteExecutor.java:106)
	at com.kms.katalon.core.main.TestCaseMain.startTestSuite(TestCaseMain.java:180)
	at TempTestSuite1740698296994.run(TempTestSuite1740698296994.groovy:35)
	at java.base/jdk.internal.reflect.NativeMethodAccessorImpl.invoke0(Native Method)
	at java.base/jdk.internal.reflect.NativeMethodAccessorImpl.invoke(NativeMethodAccessorImpl.java:77)
	at java.base/jdk.internal.reflect.DelegatingMethodAccessorImpl.invoke(DelegatingMethodAccessorImpl.java:43)
Caused by: java.lang.NullPointerException: Cannot invoke method replace() on null object
	at Test Tooltips.run(Test Tooltips:191)
	at com.kms.katalon.core.main.ScriptEngine.run(ScriptEngine.java:194)
	at com.kms.katalon.core.main.ScriptEngine.runScriptAsRawText(ScriptEngine.java:119)
	at com.kms.katalon.core.main.TestCaseExecutor.runScript(TestCaseExecutor.java:448)
	at com.kms.katalon.core.main.TestCaseExecutor.doExecute(TestCaseExecutor.java:439)
	at com.kms.katalon.core.main.TestCaseExecutor.processExecutionPhase(TestCaseExecutor.java:418)
	at com.kms.katalon.core.main.TestCaseExecutor.accessMainPhase(TestCaseExecutor.java:410)
	at com.kms.katalon.core.main.TestCaseExecutor.execute(TestCaseExecutor.java:285)
	at com.kms.katalon.core.main.TestCaseMain.runTestCase(TestCaseMain.java:137)
	at com.kms.katalon.core.keyword.builtin.CallTestCaseKeyword$_callTestCase_closure1.doCall(CallTestCaseKeyword.groovy:59)
	... 25 more
)

27-02-2025T17:36:29 - [TEST_CASE][ERROR] - Test Cases/_Functions/Test Tooltips: Test Cases/_Functions/Test Tooltips FAILED.
Reason:
java.lang.NullPointerException: Cannot invoke method replace() on null object
	at Test Tooltips.run(Test Tooltips:191)
	at com.kms.katalon.core.main.ScriptEngine.run(ScriptEngine.java:194)
	at com.kms.katalon.core.main.ScriptEngine.runScriptAsRawText(ScriptEngine.java:119)
	at com.kms.katalon.core.main.TestCaseExecutor.runScript(TestCaseExecutor.java:448)
	at com.kms.katalon.core.main.TestCaseExecutor.doExecute(TestCaseExecutor.java:439)
	at com.kms.katalon.core.main.TestCaseExecutor.processExecutionPhase(TestCaseExecutor.java:418)
	at com.kms.katalon.core.main.TestCaseExecutor.accessMainPhase(TestCaseExecutor.java:410)
	at com.kms.katalon.core.main.TestCaseExecutor.execute(TestCaseExecutor.java:285)
	at com.kms.katalon.core.main.TestCaseMain.runTestCase(TestCaseMain.java:137)
	at com.kms.katalon.core.keyword.builtin.CallTestCaseKeyword$_callTestCase_closure1.doCall(CallTestCaseKeyword.groovy:59)
	at com.kms.katalon.core.keyword.builtin.CallTestCaseKeyword$_callTestCase_closure1.call(CallTestCaseKeyword.groovy)
	at com.kms.katalon.core.keyword.internal.KeywordMain.runKeyword(KeywordMain.groovy:75)
	at com.kms.katalon.core.keyword.builtin.CallTestCaseKeyword.callTestCase(CallTestCaseKeyword.groovy:81)
	at com.kms.katalon.core.keyword.builtin.CallTestCaseKeyword.execute(CallTestCaseKeyword.groovy:44)
	at com.kms.katalon.core.keyword.internal.KeywordExecutor.executeKeywordForPlatform(KeywordExecutor.groovy:74)
	at com.kms.katalon.core.keyword.BuiltinKeywords.callTestCase(BuiltinKeywords.groovy:310)
	at java.base/jdk.internal.reflect.NativeMethodAccessorImpl.invoke0(Native Method)
	at java.base/jdk.internal.reflect.NativeMethodAccessorImpl.invoke(NativeMethodAccessorImpl.java:77)
	at java.base/jdk.internal.reflect.DelegatingMethodAccessorImpl.invoke(DelegatingMethodAccessorImpl.java:43)
	at Register Journey Partner.run(Register Journey Partner:158)
	at com.kms.katalon.core.main.ScriptEngine.run(ScriptEngine.java:194)
	at com.kms.katalon.core.main.ScriptEngine.runScriptAsRawText(ScriptEngine.java:119)
	at com.kms.katalon.core.main.TestCaseExecutor.runScript(TestCaseExecutor.java:448)
	at com.kms.katalon.core.main.TestCaseExecutor.doExecute(TestCaseExecutor.java:439)
	at com.kms.katalon.core.main.TestCaseExecutor.processExecutionPhase(TestCaseExecutor.java:418)
	at com.kms.katalon.core.main.TestCaseExecutor.accessMainPhase(TestCaseExecutor.java:410)
	at com.kms.katalon.core.main.TestCaseExecutor.execute(TestCaseExecutor.java:285)
	at com.kms.katalon.core.common.CommonExecutor.accessTestCaseMainPhase(CommonExecutor.java:65)
	at com.kms.katalon.core.main.TestSuiteExecutor.accessTestSuiteMainPhase(TestSuiteExecutor.java:150)
	at com.kms.katalon.core.main.TestSuiteExecutor.execute(TestSuiteExecutor.java:106)
	at com.kms.katalon.core.main.TestCaseMain.startTestSuite(TestCaseMain.java:180)
	at TempTestSuite1740698296994.run(TempTestSuite1740698296994.groovy:35)
	at java.base/jdk.internal.reflect.NativeMethodAccessorImpl.invoke0(Native Method)
	at java.base/jdk.internal.reflect.NativeMethodAccessorImpl.invoke(NativeMethodAccessorImpl.java:77)
	at java.base/jdk.internal.reflect.DelegatingMethodAccessorImpl.invoke(DelegatingMethodAccessorImpl.java:43)


27-02-2025T17:36:29 - [TEST_STEP][PASSED] - if (fastPath): null

27-02-2025T17:36:29 - [TEST_STEP][PASSED] - tooltipImagePath = varTooltipImagePath: null

27-02-2025T17:36:29 - [TEST_STEP][PASSED] - tooltips = varTooltips: null

27-02-2025T17:36:29 - [TEST_STEP][PASSED] - tooltipText = varTooltipText: null

27-02-2025T17:36:29 - [TEST_STEP][PASSED] - testObjectFolder = varTestObjectFolder: null

27-02-2025T17:36:29 - [TEST_STEP][PASSED] - tooltipTextMap = varTooltipTextMap: null

27-02-2025T17:36:29 - [TEST_STEP][PASSED] - writeFile = false: null

27-02-2025T17:36:29 - [TEST_STEP][PASSED] - if (outFile != ""): null

27-02-2025T17:36:29 - [TEST_STEP][PASSED] - myFile = outFile: null

27-02-2025T17:36:29 - [TEST_STEP][PASSED] - println(myFile): null

27-02-2025T17:36:29 - [TEST_STEP][PASSED] - outFile = new java.io.File(myFile): null

27-02-2025T17:36:29 - [TEST_STEP][PASSED] - writeFile = true: null

27-02-2025T17:36:29 - [TEST_STEP][PASSED] - driver = getWebDriver(): null

27-02-2025T17:36:29 - [TEST_STEP][PASSED] - action = new org.openqa.selenium.interactions.Actions(driver): null

27-02-2025T17:36:29 - [TEST_STEP][PASSED] - s = new org.sikuli.script.Screen(): null

27-02-2025T17:36:29 - [TEST_STEP][PASSED] - outText = "Verifying the tooltips can be displayed.
": null

27-02-2025T17:36:29 - [TEST_STEP][PASSED] - outFile.append(outText): null

27-02-2025T17:36:29 - [TEST_STEP][PASSED] - first = true: null

27-02-2025T17:36:29 - [TEST_STEP][PASSED] - for (def it : tooltips): null

27-02-2025T17:36:29 - [TEST_STEP][PASSED] - myKey = key: null

27-02-2025T17:36:29 - [TEST_STEP][PASSED] - myValue = value: null

27-02-2025T17:36:29 - [TEST_STEP][PASSED] - println("myKey is " + myKey): null

27-02-2025T17:36:29 - [TEST_STEP][PASSED] - println("myValue is " + myValue): null

27-02-2025T17:36:29 - [TEST_STEP][PASSED] - if (myKey != "dummy"): null

27-02-2025T17:36:29 - [TEST_STEP][PASSED] - else: null

27-02-2025T17:36:29 - [TEST_STEP][PASSED] - myImage = "/Users/cckozie/git/MissionNext-Katalon-Koz/images/dummy.png": null

27-02-2025T17:36:29 - [TEST_STEP][PASSED] - f = new java.io.File(myImage): null

27-02-2025T17:36:29 - [TEST_STEP][PASSED] - if (f.exists()): null

27-02-2025T17:36:29 - [TEST_STEP][PASSED] - println("Looking for " + myImage): null

27-02-2025T17:36:29 - [TEST_STEP][PASSED] - icn = Pattern(myImage).similar(0.10): null

27-02-2025T17:36:29 - [TEST_STEP][PASSED] - found = s.exists(icn): null

27-02-2025T17:36:30 - [TEST_STEP][PASSED] - println(found): null

27-02-2025T17:36:30 - [TEST_STEP][PASSED] - if (found != null): null

27-02-2025T17:36:30 - [TEST_STEP][PASSED] - foundStr = found.toString(): null

27-02-2025T17:36:30 - [TEST_STEP][PASSED] - matchP = foundStr.indexOf("%"): null

27-02-2025T17:36:30 - [TEST_STEP][PASSED] - if (matchP >= 0): null

27-02-2025T17:36:30 - [TEST_STEP][PASSED] - println(matchP): null

27-02-2025T17:36:30 - [TEST_STEP][PASSED] - pct = foundStr.substring(matchP + 1, matchP + 6): null

27-02-2025T17:36:30 - [TEST_STEP][PASSED] - pctF = pct.toFloat(): null

27-02-2025T17:36:30 - [TEST_STEP][PASSED] - outText = "+++ Tooltip match value for " + myKey + " is " + pctF + "%": null

27-02-2025T17:36:30 - [TEST_STEP][PASSED] - min = 80: null

27-02-2025T17:36:30 - [TEST_STEP][PASSED] - if (pctF.toFloat() < min.toFloat()): null

27-02-2025T17:36:30 - [TEST_STEP][PASSED] - outText = ">>>>> " + outText + " <<<<<": null

27-02-2025T17:36:30 - [TEST_STEP][PASSED] - if (myKey != "dummy"): null

27-02-2025T17:36:30 - [TEST_STEP][PASSED] - myKey = key: null

27-02-2025T17:36:30 - [TEST_STEP][PASSED] - myValue = value: null

27-02-2025T17:36:30 - [TEST_STEP][PASSED] - println("myKey is " + myKey): null

27-02-2025T17:36:30 - [TEST_STEP][PASSED] - println("myValue is " + myValue): null

27-02-2025T17:36:30 - [TEST_STEP][PASSED] - if (myKey != "dummy"): null

27-02-2025T17:36:30 - [TEST_STEP][PASSED] - tObj = testObjectFolder + myValue: null

27-02-2025T17:36:30 - [TEST_STEP][PASSED] - click(tObj): null

27-02-2025T17:36:30 - [TEST_STEP][PASSED] - scrollToObject(object): null

27-02-2025T17:36:30 - [TEST_STEP][PASSED] - println("Converting " + object + " to web element"): null

27-02-2025T17:36:30 - [TEST_STEP][PASSED] - element = findWebElement(findTestObject(object), 1): null

27-02-2025T17:36:30 - [TEST_STEP][PASSED] - loc = element.getLocation(): null

27-02-2025T17:36:30 - [TEST_STEP][PASSED] - x = loc.getX(): null

27-02-2025T17:36:30 - [TEST_STEP][PASSED] - if (x >= 560): null

27-02-2025T17:36:30 - [TEST_STEP][PASSED] - y = loc.getY(): null

27-02-2025T17:36:30 - [TEST_STEP][PASSED] - println("Y location is " + y): null

27-02-2025T17:36:30 - [TEST_STEP][PASSED] - top = getViewportTopPosition(): Current viewport's top (y) position is 1655

27-02-2025T17:36:30 - [MESSAGE][PASSED] - Current viewport's top (y) position is 1655

27-02-2025T17:36:30 - [TEST_STEP][PASSED] - println("Viewport top is " + top): null

27-02-2025T17:36:30 - [TEST_STEP][PASSED] - bottom = top + 600: null

27-02-2025T17:36:30 - [TEST_STEP][PASSED] - if (y - top < 150 || bottom - y < 10): Delayed 1 second(s)

27-02-2025T17:36:30 - [TEST_STEP][PASSED] - scrollToPosition(0, y - 170): Browser is scrolled to position x = 0, y = 202

27-02-2025T17:36:30 - [MESSAGE][PASSED] - Browser is scrolled to position x = 0, y = 202

27-02-2025T17:36:30 - [TEST_STEP][PASSED] - delay(1): Delayed 1 second(s)

27-02-2025T17:36:31 - [MESSAGE][PASSED] - Delayed 1 second(s)

27-02-2025T17:36:31 - [TEST_STEP][PASSED] - click(findTestObject(object)): null

27-02-2025T17:36:31 - [MESSAGE][PASSED] - Object: 'Object Repository/Journey Partner Profile/Register/img_Username_field-tooltip' is clicked on

27-02-2025T17:36:31 - [TEST_STEP][PASSED] - delay(1): Delayed 1 second(s)

27-02-2025T17:36:32 - [MESSAGE][PASSED] - Delayed 1 second(s)

27-02-2025T17:36:32 - [TEST_STEP][PASSED] - myImage = tooltipImagePath + myKey + ".png": null

27-02-2025T17:36:32 - [TEST_STEP][PASSED] - f = new java.io.File(myImage): null

27-02-2025T17:36:32 - [TEST_STEP][PASSED] - if (f.exists()): null

27-02-2025T17:36:32 - [TEST_STEP][PASSED] - println("Looking for " + myImage): null

27-02-2025T17:36:32 - [TEST_STEP][PASSED] - icn = Pattern(myImage).similar(0.10): null

27-02-2025T17:36:32 - [TEST_STEP][PASSED] - found = s.exists(icn): null

27-02-2025T17:36:32 - [TEST_STEP][PASSED] - println(found): null

27-02-2025T17:36:32 - [TEST_STEP][PASSED] - if (found != null): null

27-02-2025T17:36:32 - [TEST_STEP][PASSED] - foundStr = found.toString(): null

27-02-2025T17:36:32 - [TEST_STEP][PASSED] - matchP = foundStr.indexOf("%"): null

27-02-2025T17:36:32 - [TEST_STEP][PASSED] - if (matchP >= 0): null

27-02-2025T17:36:32 - [TEST_STEP][PASSED] - println(matchP): null

27-02-2025T17:36:32 - [TEST_STEP][PASSED] - pct = foundStr.substring(matchP + 1, matchP + 6): null

27-02-2025T17:36:32 - [TEST_STEP][PASSED] - pctF = pct.toFloat(): null

27-02-2025T17:36:32 - [TEST_STEP][PASSED] - outText = "+++ Tooltip match value for " + myKey + " is " + pctF + "%": null

27-02-2025T17:36:32 - [TEST_STEP][PASSED] - min = 80: null

27-02-2025T17:36:32 - [TEST_STEP][PASSED] - if (pctF.toFloat() < min.toFloat()): null

27-02-2025T17:36:32 - [TEST_STEP][PASSED] - if (myKey != "dummy"): null

27-02-2025T17:36:32 - [TEST_STEP][PASSED] - println(outText): null

27-02-2025T17:36:32 - [TEST_STEP][PASSED] - outFile.append(outText + "
"): null

27-02-2025T17:36:32 - [TEST_STEP][PASSED] - myKey = key: null

27-02-2025T17:36:32 - [TEST_STEP][PASSED] - myValue = value: null

27-02-2025T17:36:32 - [TEST_STEP][PASSED] - println("myKey is " + myKey): null

27-02-2025T17:36:32 - [TEST_STEP][PASSED] - println("myValue is " + myValue): null

27-02-2025T17:36:32 - [TEST_STEP][PASSED] - if (myKey != "dummy"): null

27-02-2025T17:36:32 - [TEST_STEP][PASSED] - tObj = testObjectFolder + myValue: null

27-02-2025T17:36:32 - [TEST_STEP][PASSED] - click(tObj): null

27-02-2025T17:36:32 - [TEST_STEP][PASSED] - scrollToObject(object): null

27-02-2025T17:36:32 - [TEST_STEP][PASSED] - println("Converting " + object + " to web element"): null

27-02-2025T17:36:32 - [TEST_STEP][PASSED] - element = findWebElement(findTestObject(object), 1): null

27-02-2025T17:36:32 - [TEST_STEP][PASSED] - loc = element.getLocation(): null

27-02-2025T17:36:32 - [TEST_STEP][PASSED] - x = loc.getX(): null

27-02-2025T17:36:32 - [TEST_STEP][PASSED] - if (x >= 560): null

27-02-2025T17:36:32 - [TEST_STEP][PASSED] - y = loc.getY(): null

27-02-2025T17:36:32 - [TEST_STEP][PASSED] - println("Y location is " + y): null

27-02-2025T17:36:32 - [TEST_STEP][PASSED] - top = getViewportTopPosition(): Current viewport's top (y) position is 202

27-02-2025T17:36:32 - [MESSAGE][PASSED] - Current viewport's top (y) position is 202

27-02-2025T17:36:32 - [TEST_STEP][PASSED] - println("Viewport top is " + top): null

27-02-2025T17:36:32 - [TEST_STEP][PASSED] - bottom = top + 600: null

27-02-2025T17:36:32 - [TEST_STEP][PASSED] - if (y - top < 150 || bottom - y < 10): null

27-02-2025T17:36:32 - [TEST_STEP][PASSED] - click(findTestObject(object)): null

27-02-2025T17:36:32 - [MESSAGE][PASSED] - Object: 'Object Repository/Journey Partner Profile/Register/img_Password_field-tooltip' is clicked on

27-02-2025T17:36:32 - [TEST_STEP][PASSED] - delay(1): Delayed 1 second(s)

27-02-2025T17:36:33 - [MESSAGE][PASSED] - Delayed 1 second(s)

27-02-2025T17:36:33 - [TEST_STEP][PASSED] - myImage = tooltipImagePath + myKey + ".png": null

27-02-2025T17:36:33 - [TEST_STEP][PASSED] - f = new java.io.File(myImage): null

27-02-2025T17:36:33 - [TEST_STEP][PASSED] - if (f.exists()): null

27-02-2025T17:36:33 - [TEST_STEP][PASSED] - println("Looking for " + myImage): null

27-02-2025T17:36:33 - [TEST_STEP][PASSED] - icn = Pattern(myImage).similar(0.10): null

27-02-2025T17:36:33 - [TEST_STEP][PASSED] - found = s.exists(icn): null

27-02-2025T17:36:33 - [TEST_STEP][PASSED] - println(found): null

27-02-2025T17:36:33 - [TEST_STEP][PASSED] - if (found != null): null

27-02-2025T17:36:33 - [TEST_STEP][PASSED] - foundStr = found.toString(): null

27-02-2025T17:36:33 - [TEST_STEP][PASSED] - matchP = foundStr.indexOf("%"): null

27-02-2025T17:36:33 - [TEST_STEP][PASSED] - if (matchP >= 0): null

27-02-2025T17:36:33 - [TEST_STEP][PASSED] - println(matchP): null

27-02-2025T17:36:33 - [TEST_STEP][PASSED] - pct = foundStr.substring(matchP + 1, matchP + 6): null

27-02-2025T17:36:33 - [TEST_STEP][PASSED] - pctF = pct.toFloat(): null

27-02-2025T17:36:33 - [TEST_STEP][PASSED] - outText = "+++ Tooltip match value for " + myKey + " is " + pctF + "%": null

27-02-2025T17:36:33 - [TEST_STEP][PASSED] - min = 80: null

27-02-2025T17:36:33 - [TEST_STEP][PASSED] - if (pctF.toFloat() < min.toFloat()): null

27-02-2025T17:36:33 - [TEST_STEP][PASSED] - outText = ">>>>> " + outText + " <<<<<": null

27-02-2025T17:36:33 - [TEST_STEP][PASSED] - if (myKey != "dummy"): null

27-02-2025T17:36:33 - [TEST_STEP][PASSED] - println(outText): null

27-02-2025T17:36:33 - [TEST_STEP][PASSED] - outFile.append(outText + "
"): null

27-02-2025T17:36:33 - [TEST_STEP][PASSED] - myKey = key: null

27-02-2025T17:36:33 - [TEST_STEP][PASSED] - myValue = value: null

27-02-2025T17:36:33 - [TEST_STEP][PASSED] - println("myKey is " + myKey): null

27-02-2025T17:36:33 - [TEST_STEP][PASSED] - println("myValue is " + myValue): null

27-02-2025T17:36:33 - [TEST_STEP][PASSED] - if (myKey != "dummy"): null

27-02-2025T17:36:33 - [TEST_STEP][PASSED] - tObj = testObjectFolder + myValue: null

27-02-2025T17:36:33 - [TEST_STEP][PASSED] - click(tObj): null

27-02-2025T17:36:33 - [TEST_STEP][PASSED] - scrollToObject(object): null

27-02-2025T17:36:33 - [TEST_STEP][PASSED] - println("Converting " + object + " to web element"): null

27-02-2025T17:36:33 - [TEST_STEP][PASSED] - element = findWebElement(findTestObject(object), 1): null

27-02-2025T17:36:33 - [TEST_STEP][PASSED] - loc = element.getLocation(): null

27-02-2025T17:36:33 - [TEST_STEP][PASSED] - x = loc.getX(): null

27-02-2025T17:36:33 - [TEST_STEP][PASSED] - if (x >= 560): null

27-02-2025T17:36:33 - [TEST_STEP][PASSED] - y = loc.getY(): null

27-02-2025T17:36:33 - [TEST_STEP][PASSED] - println("Y location is " + y): null

27-02-2025T17:36:33 - [TEST_STEP][PASSED] - top = getViewportTopPosition(): Current viewport's top (y) position is 202

27-02-2025T17:36:33 - [MESSAGE][PASSED] - Current viewport's top (y) position is 202

27-02-2025T17:36:33 - [TEST_STEP][PASSED] - println("Viewport top is " + top): null

27-02-2025T17:36:33 - [TEST_STEP][PASSED] - bottom = top + 600: null

27-02-2025T17:36:33 - [TEST_STEP][PASSED] - if (y - top < 150 || bottom - y < 10): null

27-02-2025T17:36:33 - [TEST_STEP][PASSED] - click(findTestObject(object)): null

27-02-2025T17:36:33 - [MESSAGE][PASSED] - Object: 'Object Repository/Journey Partner Profile/Register/img_Organization_field-tooltip' is clicked on

27-02-2025T17:36:33 - [TEST_STEP][PASSED] - delay(1): Delayed 1 second(s)

27-02-2025T17:36:34 - [MESSAGE][PASSED] - Delayed 1 second(s)

27-02-2025T17:36:34 - [TEST_STEP][PASSED] - myImage = tooltipImagePath + myKey + ".png": null

27-02-2025T17:36:34 - [TEST_STEP][PASSED] - f = new java.io.File(myImage): null

27-02-2025T17:36:34 - [TEST_STEP][PASSED] - if (f.exists()): null

27-02-2025T17:36:34 - [TEST_STEP][PASSED] - println("Looking for " + myImage): null

27-02-2025T17:36:34 - [TEST_STEP][PASSED] - icn = Pattern(myImage).similar(0.10): null

27-02-2025T17:36:34 - [TEST_STEP][PASSED] - found = s.exists(icn): null

27-02-2025T17:36:34 - [TEST_STEP][PASSED] - println(found): null

27-02-2025T17:36:34 - [TEST_STEP][PASSED] - if (found != null): null

27-02-2025T17:36:34 - [TEST_STEP][PASSED] - foundStr = found.toString(): null

27-02-2025T17:36:34 - [TEST_STEP][PASSED] - matchP = foundStr.indexOf("%"): null

27-02-2025T17:36:34 - [TEST_STEP][PASSED] - if (matchP >= 0): null

27-02-2025T17:36:34 - [TEST_STEP][PASSED] - println(matchP): null

27-02-2025T17:36:34 - [TEST_STEP][PASSED] - pct = foundStr.substring(matchP + 1, matchP + 6): null

27-02-2025T17:36:34 - [TEST_STEP][PASSED] - pctF = pct.toFloat(): null

27-02-2025T17:36:34 - [TEST_STEP][PASSED] - outText = "+++ Tooltip match value for " + myKey + " is " + pctF + "%": null

27-02-2025T17:36:34 - [TEST_STEP][PASSED] - min = 80: null

27-02-2025T17:36:34 - [TEST_STEP][PASSED] - if (pctF.toFloat() < min.toFloat()): null

27-02-2025T17:36:34 - [TEST_STEP][PASSED] - if (myKey != "dummy"): null

27-02-2025T17:36:34 - [TEST_STEP][PASSED] - println(outText): null

27-02-2025T17:36:34 - [TEST_STEP][PASSED] - outFile.append(outText + "
"): null

27-02-2025T17:36:34 - [TEST_STEP][PASSED] - myKey = key: null

27-02-2025T17:36:34 - [TEST_STEP][PASSED] - myValue = value: null

27-02-2025T17:36:34 - [TEST_STEP][PASSED] - println("myKey is " + myKey): null

27-02-2025T17:36:34 - [TEST_STEP][PASSED] - println("myValue is " + myValue): null

27-02-2025T17:36:34 - [TEST_STEP][PASSED] - if (myKey != "dummy"): null

27-02-2025T17:36:34 - [TEST_STEP][PASSED] - tObj = testObjectFolder + myValue: null

27-02-2025T17:36:34 - [TEST_STEP][PASSED] - click(tObj): null

27-02-2025T17:36:34 - [TEST_STEP][PASSED] - scrollToObject(object): null

27-02-2025T17:36:34 - [TEST_STEP][PASSED] - println("Converting " + object + " to web element"): null

27-02-2025T17:36:34 - [TEST_STEP][PASSED] - element = findWebElement(findTestObject(object), 1): null

27-02-2025T17:36:34 - [TEST_STEP][PASSED] - loc = element.getLocation(): null

27-02-2025T17:36:34 - [TEST_STEP][PASSED] - x = loc.getX(): null

27-02-2025T17:36:34 - [TEST_STEP][PASSED] - if (x >= 560): null

27-02-2025T17:36:34 - [TEST_STEP][PASSED] - y = loc.getY(): null

27-02-2025T17:36:34 - [TEST_STEP][PASSED] - println("Y location is " + y): null

27-02-2025T17:36:34 - [TEST_STEP][PASSED] - top = getViewportTopPosition(): Current viewport's top (y) position is 202

27-02-2025T17:36:34 - [MESSAGE][PASSED] - Current viewport's top (y) position is 202

27-02-2025T17:36:34 - [TEST_STEP][PASSED] - println("Viewport top is " + top): null

27-02-2025T17:36:34 - [TEST_STEP][PASSED] - bottom = top + 600: null

27-02-2025T17:36:34 - [TEST_STEP][PASSED] - if (y - top < 150 || bottom - y < 10): null

27-02-2025T17:36:34 - [TEST_STEP][PASSED] - click(findTestObject(object)): null

27-02-2025T17:36:34 - [MESSAGE][PASSED] - Object: 'Object Repository/Journey Partner Profile/Register/img_Abbreviation_field-tooltip' is clicked on

27-02-2025T17:36:34 - [TEST_STEP][PASSED] - delay(1): Delayed 1 second(s)

27-02-2025T17:36:35 - [MESSAGE][PASSED] - Delayed 1 second(s)

27-02-2025T17:36:35 - [TEST_STEP][PASSED] - myImage = tooltipImagePath + myKey + ".png": null

27-02-2025T17:36:35 - [TEST_STEP][PASSED] - f = new java.io.File(myImage): null

27-02-2025T17:36:35 - [TEST_STEP][PASSED] - if (f.exists()): null

27-02-2025T17:36:35 - [TEST_STEP][PASSED] - println("Looking for " + myImage): null

27-02-2025T17:36:35 - [TEST_STEP][PASSED] - icn = Pattern(myImage).similar(0.10): null

27-02-2025T17:36:35 - [TEST_STEP][PASSED] - found = s.exists(icn): null

27-02-2025T17:36:35 - [TEST_STEP][PASSED] - println(found): null

27-02-2025T17:36:35 - [TEST_STEP][PASSED] - if (found != null): null

27-02-2025T17:36:35 - [TEST_STEP][PASSED] - foundStr = found.toString(): null

27-02-2025T17:36:35 - [TEST_STEP][PASSED] - matchP = foundStr.indexOf("%"): null

27-02-2025T17:36:35 - [TEST_STEP][PASSED] - if (matchP >= 0): null

27-02-2025T17:36:35 - [TEST_STEP][PASSED] - println(matchP): null

27-02-2025T17:36:35 - [TEST_STEP][PASSED] - pct = foundStr.substring(matchP + 1, matchP + 6): null

27-02-2025T17:36:35 - [TEST_STEP][PASSED] - pctF = pct.toFloat(): null

27-02-2025T17:36:35 - [TEST_STEP][PASSED] - outText = "+++ Tooltip match value for " + myKey + " is " + pctF + "%": null

27-02-2025T17:36:35 - [TEST_STEP][PASSED] - min = 80: null

27-02-2025T17:36:35 - [TEST_STEP][PASSED] - if (pctF.toFloat() < min.toFloat()): null

27-02-2025T17:36:35 - [TEST_STEP][PASSED] - if (myKey != "dummy"): null

27-02-2025T17:36:35 - [TEST_STEP][PASSED] - println(outText): null

27-02-2025T17:36:35 - [TEST_STEP][PASSED] - outFile.append(outText + "
"): null

27-02-2025T17:36:35 - [TEST_STEP][PASSED] - myKey = key: null

27-02-2025T17:36:35 - [TEST_STEP][PASSED] - myValue = value: null

27-02-2025T17:36:35 - [TEST_STEP][PASSED] - println("myKey is " + myKey): null

27-02-2025T17:36:35 - [TEST_STEP][PASSED] - println("myValue is " + myValue): null

27-02-2025T17:36:35 - [TEST_STEP][PASSED] - if (myKey != "dummy"): null

27-02-2025T17:36:35 - [TEST_STEP][PASSED] - tObj = testObjectFolder + myValue: null

27-02-2025T17:36:35 - [TEST_STEP][PASSED] - click(tObj): null

27-02-2025T17:36:35 - [TEST_STEP][PASSED] - scrollToObject(object): null

27-02-2025T17:36:35 - [TEST_STEP][PASSED] - println("Converting " + object + " to web element"): null

27-02-2025T17:36:35 - [TEST_STEP][PASSED] - element = findWebElement(findTestObject(object), 1): null

27-02-2025T17:36:36 - [TEST_STEP][PASSED] - loc = element.getLocation(): null

27-02-2025T17:36:36 - [TEST_STEP][PASSED] - x = loc.getX(): null

27-02-2025T17:36:36 - [TEST_STEP][PASSED] - if (x >= 560): null

27-02-2025T17:36:36 - [TEST_STEP][PASSED] - y = loc.getY(): null

27-02-2025T17:36:36 - [TEST_STEP][PASSED] - println("Y location is " + y): null

27-02-2025T17:36:36 - [TEST_STEP][PASSED] - top = getViewportTopPosition(): Current viewport's top (y) position is 202

27-02-2025T17:36:36 - [MESSAGE][PASSED] - Current viewport's top (y) position is 202

27-02-2025T17:36:36 - [TEST_STEP][PASSED] - println("Viewport top is " + top): null

27-02-2025T17:36:36 - [TEST_STEP][PASSED] - bottom = top + 600: null

27-02-2025T17:36:36 - [TEST_STEP][PASSED] - if (y - top < 150 || bottom - y < 10): null

27-02-2025T17:36:36 - [TEST_STEP][PASSED] - click(findTestObject(object)): null

27-02-2025T17:36:36 - [MESSAGE][PASSED] - Object: 'Object Repository/Journey Partner Profile/Register/img_Key Contact Email_field-tooltip' is clicked on

27-02-2025T17:36:36 - [TEST_STEP][PASSED] - delay(1): Delayed 1 second(s)

27-02-2025T17:36:37 - [MESSAGE][PASSED] - Delayed 1 second(s)

27-02-2025T17:36:37 - [TEST_STEP][PASSED] - myImage = tooltipImagePath + myKey + ".png": null

27-02-2025T17:36:37 - [TEST_STEP][PASSED] - f = new java.io.File(myImage): null

27-02-2025T17:36:37 - [TEST_STEP][PASSED] - if (f.exists()): null

27-02-2025T17:36:37 - [TEST_STEP][PASSED] - println("Looking for " + myImage): null

27-02-2025T17:36:37 - [TEST_STEP][PASSED] - icn = Pattern(myImage).similar(0.10): null

27-02-2025T17:36:37 - [TEST_STEP][PASSED] - found = s.exists(icn): null

27-02-2025T17:36:37 - [TEST_STEP][PASSED] - println(found): null

27-02-2025T17:36:37 - [TEST_STEP][PASSED] - if (found != null): null

27-02-2025T17:36:37 - [TEST_STEP][PASSED] - foundStr = found.toString(): null

27-02-2025T17:36:37 - [TEST_STEP][PASSED] - matchP = foundStr.indexOf("%"): null

27-02-2025T17:36:37 - [TEST_STEP][PASSED] - if (matchP >= 0): null

27-02-2025T17:36:37 - [TEST_STEP][PASSED] - println(matchP): null

27-02-2025T17:36:37 - [TEST_STEP][PASSED] - pct = foundStr.substring(matchP + 1, matchP + 6): null

27-02-2025T17:36:37 - [TEST_STEP][PASSED] - pctF = pct.toFloat(): null

27-02-2025T17:36:37 - [TEST_STEP][PASSED] - outText = "+++ Tooltip match value for " + myKey + " is " + pctF + "%": null

27-02-2025T17:36:37 - [TEST_STEP][PASSED] - min = 80: null

27-02-2025T17:36:37 - [TEST_STEP][PASSED] - if (pctF.toFloat() < min.toFloat()): null

27-02-2025T17:36:37 - [TEST_STEP][PASSED] - if (myKey != "dummy"): null

27-02-2025T17:36:37 - [TEST_STEP][PASSED] - println(outText): null

27-02-2025T17:36:37 - [TEST_STEP][PASSED] - outFile.append(outText + "
"): null

27-02-2025T17:36:37 - [TEST_STEP][PASSED] - myKey = key: null

27-02-2025T17:36:37 - [TEST_STEP][PASSED] - myValue = value: null

27-02-2025T17:36:37 - [TEST_STEP][PASSED] - println("myKey is " + myKey): null

27-02-2025T17:36:37 - [TEST_STEP][PASSED] - println("myValue is " + myValue): null

27-02-2025T17:36:37 - [TEST_STEP][PASSED] - if (myKey != "dummy"): null

27-02-2025T17:36:37 - [TEST_STEP][PASSED] - tObj = testObjectFolder + myValue: null

27-02-2025T17:36:37 - [TEST_STEP][PASSED] - click(tObj): null

27-02-2025T17:36:37 - [TEST_STEP][PASSED] - scrollToObject(object): null

27-02-2025T17:36:37 - [TEST_STEP][PASSED] - println("Converting " + object + " to web element"): null

27-02-2025T17:36:37 - [TEST_STEP][PASSED] - element = findWebElement(findTestObject(object), 1): null

27-02-2025T17:36:37 - [TEST_STEP][PASSED] - loc = element.getLocation(): null

27-02-2025T17:36:37 - [TEST_STEP][PASSED] - x = loc.getX(): null

27-02-2025T17:36:37 - [TEST_STEP][PASSED] - if (x >= 560): null

27-02-2025T17:36:37 - [TEST_STEP][PASSED] - y = loc.getY(): null

27-02-2025T17:36:37 - [TEST_STEP][PASSED] - println("Y location is " + y): null

27-02-2025T17:36:37 - [TEST_STEP][PASSED] - top = getViewportTopPosition(): Current viewport's top (y) position is 202

27-02-2025T17:36:37 - [MESSAGE][PASSED] - Current viewport's top (y) position is 202

27-02-2025T17:36:37 - [TEST_STEP][PASSED] - println("Viewport top is " + top): null

27-02-2025T17:36:37 - [TEST_STEP][PASSED] - bottom = top + 600: null

27-02-2025T17:36:37 - [TEST_STEP][PASSED] - if (y - top < 150 || bottom - y < 10): Delayed 1 second(s)

27-02-2025T17:36:37 - [TEST_STEP][PASSED] - scrollToPosition(0, y - 170): Browser is scrolled to position x = 0, y = 707

27-02-2025T17:36:37 - [MESSAGE][PASSED] - Browser is scrolled to position x = 0, y = 707

27-02-2025T17:36:37 - [TEST_STEP][PASSED] - delay(1): Delayed 1 second(s)

27-02-2025T17:36:38 - [MESSAGE][PASSED] - Delayed 1 second(s)

27-02-2025T17:36:38 - [TEST_STEP][PASSED] - click(findTestObject(object)): null

27-02-2025T17:36:38 - [MESSAGE][PASSED] - Object: 'Object Repository/Journey Partner Profile/Register/img_Tier Level_field-tooltip' is clicked on

27-02-2025T17:36:38 - [TEST_STEP][PASSED] - delay(1): Delayed 1 second(s)

27-02-2025T17:36:39 - [MESSAGE][PASSED] - Delayed 1 second(s)

27-02-2025T17:36:39 - [TEST_STEP][PASSED] - myImage = tooltipImagePath + myKey + ".png": null

27-02-2025T17:36:39 - [TEST_STEP][PASSED] - f = new java.io.File(myImage): null

27-02-2025T17:36:39 - [TEST_STEP][PASSED] - if (f.exists()): null

27-02-2025T17:36:39 - [TEST_STEP][PASSED] - println("Looking for " + myImage): null

27-02-2025T17:36:39 - [TEST_STEP][PASSED] - icn = Pattern(myImage).similar(0.10): null

27-02-2025T17:36:39 - [TEST_STEP][PASSED] - found = s.exists(icn): null

27-02-2025T17:36:39 - [TEST_STEP][PASSED] - println(found): null

27-02-2025T17:36:39 - [TEST_STEP][PASSED] - if (found != null): null

27-02-2025T17:36:39 - [TEST_STEP][PASSED] - foundStr = found.toString(): null

27-02-2025T17:36:39 - [TEST_STEP][PASSED] - matchP = foundStr.indexOf("%"): null

27-02-2025T17:36:39 - [TEST_STEP][PASSED] - if (matchP >= 0): null

27-02-2025T17:36:39 - [TEST_STEP][PASSED] - println(matchP): null

27-02-2025T17:36:39 - [TEST_STEP][PASSED] - pct = foundStr.substring(matchP + 1, matchP + 6): null

27-02-2025T17:36:39 - [TEST_STEP][PASSED] - pctF = pct.toFloat(): null

27-02-2025T17:36:39 - [TEST_STEP][PASSED] - outText = "+++ Tooltip match value for " + myKey + " is " + pctF + "%": null

27-02-2025T17:36:39 - [TEST_STEP][PASSED] - min = 80: null

27-02-2025T17:36:39 - [TEST_STEP][PASSED] - if (pctF.toFloat() < min.toFloat()): null

27-02-2025T17:36:39 - [TEST_STEP][PASSED] - if (myKey != "dummy"): null

27-02-2025T17:36:39 - [TEST_STEP][PASSED] - println(outText): null

27-02-2025T17:36:39 - [TEST_STEP][PASSED] - outFile.append(outText + "
"): null

27-02-2025T17:36:39 - [TEST_STEP][PASSED] - myKey = key: null

27-02-2025T17:36:39 - [TEST_STEP][PASSED] - myValue = value: null

27-02-2025T17:36:39 - [TEST_STEP][PASSED] - println("myKey is " + myKey): null

27-02-2025T17:36:39 - [TEST_STEP][PASSED] - println("myValue is " + myValue): null

27-02-2025T17:36:39 - [TEST_STEP][PASSED] - if (myKey != "dummy"): null

27-02-2025T17:36:39 - [TEST_STEP][PASSED] - tObj = testObjectFolder + myValue: null

27-02-2025T17:36:39 - [TEST_STEP][PASSED] - click(tObj): null

27-02-2025T17:36:39 - [TEST_STEP][PASSED] - scrollToObject(object): null

27-02-2025T17:36:39 - [TEST_STEP][PASSED] - println("Converting " + object + " to web element"): null

27-02-2025T17:36:39 - [TEST_STEP][PASSED] - element = findWebElement(findTestObject(object), 1): null

27-02-2025T17:36:39 - [TEST_STEP][PASSED] - loc = element.getLocation(): null

27-02-2025T17:36:39 - [TEST_STEP][PASSED] - x = loc.getX(): null

27-02-2025T17:36:39 - [TEST_STEP][PASSED] - if (x >= 560): null

27-02-2025T17:36:39 - [TEST_STEP][PASSED] - y = loc.getY(): null

27-02-2025T17:36:39 - [TEST_STEP][PASSED] - println("Y location is " + y): null

27-02-2025T17:36:39 - [TEST_STEP][PASSED] - top = getViewportTopPosition(): Current viewport's top (y) position is 707

27-02-2025T17:36:39 - [MESSAGE][PASSED] - Current viewport's top (y) position is 707

27-02-2025T17:36:39 - [TEST_STEP][PASSED] - println("Viewport top is " + top): null

27-02-2025T17:36:39 - [TEST_STEP][PASSED] - bottom = top + 600: null

27-02-2025T17:36:39 - [TEST_STEP][PASSED] - if (y - top < 150 || bottom - y < 10): null

27-02-2025T17:36:39 - [TEST_STEP][PASSED] - click(findTestObject(object)): null

27-02-2025T17:36:39 - [MESSAGE][PASSED] - Object: 'Object Repository/Journey Partner Profile/Register/img_Mailing Address_field-tooltip' is clicked on

27-02-2025T17:36:39 - [TEST_STEP][PASSED] - delay(1): Delayed 1 second(s)

27-02-2025T17:36:40 - [MESSAGE][PASSED] - Delayed 1 second(s)

27-02-2025T17:36:40 - [TEST_STEP][PASSED] - myImage = tooltipImagePath + myKey + ".png": null

27-02-2025T17:36:40 - [TEST_STEP][PASSED] - f = new java.io.File(myImage): null

27-02-2025T17:36:40 - [TEST_STEP][PASSED] - if (f.exists()): null

27-02-2025T17:36:40 - [TEST_STEP][PASSED] - println("Looking for " + myImage): null

27-02-2025T17:36:40 - [TEST_STEP][PASSED] - icn = Pattern(myImage).similar(0.10): null

27-02-2025T17:36:40 - [TEST_STEP][PASSED] - found = s.exists(icn): null

27-02-2025T17:36:40 - [TEST_STEP][PASSED] - println(found): null

27-02-2025T17:36:40 - [TEST_STEP][PASSED] - if (found != null): null

27-02-2025T17:36:40 - [TEST_STEP][PASSED] - foundStr = found.toString(): null

27-02-2025T17:36:40 - [TEST_STEP][PASSED] - matchP = foundStr.indexOf("%"): null

27-02-2025T17:36:40 - [TEST_STEP][PASSED] - if (matchP >= 0): null

27-02-2025T17:36:40 - [TEST_STEP][PASSED] - println(matchP): null

27-02-2025T17:36:40 - [TEST_STEP][PASSED] - pct = foundStr.substring(matchP + 1, matchP + 6): null

27-02-2025T17:36:40 - [TEST_STEP][PASSED] - pctF = pct.toFloat(): null

27-02-2025T17:36:40 - [TEST_STEP][PASSED] - outText = "+++ Tooltip match value for " + myKey + " is " + pctF + "%": null

27-02-2025T17:36:40 - [TEST_STEP][PASSED] - min = 80: null

27-02-2025T17:36:40 - [TEST_STEP][PASSED] - if (pctF.toFloat() < min.toFloat()): null

27-02-2025T17:36:40 - [TEST_STEP][PASSED] - if (myKey != "dummy"): null

27-02-2025T17:36:40 - [TEST_STEP][PASSED] - println(outText): null

27-02-2025T17:36:40 - [TEST_STEP][PASSED] - outFile.append(outText + "
"): null

27-02-2025T17:36:40 - [TEST_STEP][PASSED] - myKey = key: null

27-02-2025T17:36:40 - [TEST_STEP][PASSED] - myValue = value: null

27-02-2025T17:36:40 - [TEST_STEP][PASSED] - println("myKey is " + myKey): null

27-02-2025T17:36:40 - [TEST_STEP][PASSED] - println("myValue is " + myValue): null

27-02-2025T17:36:40 - [TEST_STEP][PASSED] - if (myKey != "dummy"): null

27-02-2025T17:36:40 - [TEST_STEP][PASSED] - tObj = testObjectFolder + myValue: null

27-02-2025T17:36:40 - [TEST_STEP][PASSED] - click(tObj): null

27-02-2025T17:36:40 - [TEST_STEP][PASSED] - scrollToObject(object): null

27-02-2025T17:36:40 - [TEST_STEP][PASSED] - println("Converting " + object + " to web element"): null

27-02-2025T17:36:40 - [TEST_STEP][PASSED] - element = findWebElement(findTestObject(object), 1): null

27-02-2025T17:36:40 - [TEST_STEP][PASSED] - loc = element.getLocation(): null

27-02-2025T17:36:40 - [TEST_STEP][PASSED] - x = loc.getX(): null

27-02-2025T17:36:40 - [TEST_STEP][PASSED] - if (x >= 560): null

27-02-2025T17:36:40 - [TEST_STEP][PASSED] - y = loc.getY(): null

27-02-2025T17:36:40 - [TEST_STEP][PASSED] - println("Y location is " + y): null

27-02-2025T17:36:40 - [TEST_STEP][PASSED] - top = getViewportTopPosition(): Current viewport's top (y) position is 707

27-02-2025T17:36:40 - [MESSAGE][PASSED] - Current viewport's top (y) position is 707

27-02-2025T17:36:40 - [TEST_STEP][PASSED] - println("Viewport top is " + top): null

27-02-2025T17:36:40 - [TEST_STEP][PASSED] - bottom = top + 600: null

27-02-2025T17:36:40 - [TEST_STEP][PASSED] - if (y - top < 150 || bottom - y < 10): null

27-02-2025T17:36:40 - [TEST_STEP][PASSED] - click(findTestObject(object)): null

27-02-2025T17:36:40 - [MESSAGE][PASSED] - Object: 'Object Repository/Journey Partner Profile/Register/img_Organization City_field-tooltip' is clicked on

27-02-2025T17:36:40 - [TEST_STEP][PASSED] - delay(1): Delayed 1 second(s)

27-02-2025T17:36:41 - [MESSAGE][PASSED] - Delayed 1 second(s)

27-02-2025T17:36:41 - [TEST_STEP][PASSED] - myImage = tooltipImagePath + myKey + ".png": null

27-02-2025T17:36:41 - [TEST_STEP][PASSED] - f = new java.io.File(myImage): null

27-02-2025T17:36:41 - [TEST_STEP][PASSED] - if (f.exists()): null

27-02-2025T17:36:41 - [TEST_STEP][PASSED] - println("Looking for " + myImage): null

27-02-2025T17:36:41 - [TEST_STEP][PASSED] - icn = Pattern(myImage).similar(0.10): null

27-02-2025T17:36:41 - [TEST_STEP][PASSED] - found = s.exists(icn): null

27-02-2025T17:36:41 - [TEST_STEP][PASSED] - println(found): null

27-02-2025T17:36:41 - [TEST_STEP][PASSED] - if (found != null): null

27-02-2025T17:36:41 - [TEST_STEP][PASSED] - foundStr = found.toString(): null

27-02-2025T17:36:41 - [TEST_STEP][PASSED] - matchP = foundStr.indexOf("%"): null

27-02-2025T17:36:41 - [TEST_STEP][PASSED] - if (matchP >= 0): null

27-02-2025T17:36:41 - [TEST_STEP][PASSED] - println(matchP): null

27-02-2025T17:36:41 - [TEST_STEP][PASSED] - pct = foundStr.substring(matchP + 1, matchP + 6): null

27-02-2025T17:36:41 - [TEST_STEP][PASSED] - pctF = pct.toFloat(): null

27-02-2025T17:36:41 - [TEST_STEP][PASSED] - outText = "+++ Tooltip match value for " + myKey + " is " + pctF + "%": null

27-02-2025T17:36:41 - [TEST_STEP][PASSED] - min = 80: null

27-02-2025T17:36:41 - [TEST_STEP][PASSED] - if (pctF.toFloat() < min.toFloat()): null

27-02-2025T17:36:41 - [TEST_STEP][PASSED] - if (myKey != "dummy"): null

27-02-2025T17:36:41 - [TEST_STEP][PASSED] - println(outText): null

27-02-2025T17:36:41 - [TEST_STEP][PASSED] - outFile.append(outText + "
"): null

27-02-2025T17:36:41 - [TEST_STEP][PASSED] - myKey = key: null

27-02-2025T17:36:41 - [TEST_STEP][PASSED] - myValue = value: null

27-02-2025T17:36:41 - [TEST_STEP][PASSED] - println("myKey is " + myKey): null

27-02-2025T17:36:41 - [TEST_STEP][PASSED] - println("myValue is " + myValue): null

27-02-2025T17:36:41 - [TEST_STEP][PASSED] - if (myKey != "dummy"): null

27-02-2025T17:36:41 - [TEST_STEP][PASSED] - tObj = testObjectFolder + myValue: null

27-02-2025T17:36:41 - [TEST_STEP][PASSED] - click(tObj): null

27-02-2025T17:36:41 - [TEST_STEP][PASSED] - scrollToObject(object): null

27-02-2025T17:36:41 - [TEST_STEP][PASSED] - println("Converting " + object + " to web element"): null

27-02-2025T17:36:41 - [TEST_STEP][PASSED] - element = findWebElement(findTestObject(object), 1): null

27-02-2025T17:36:41 - [TEST_STEP][PASSED] - loc = element.getLocation(): null

27-02-2025T17:36:41 - [TEST_STEP][PASSED] - x = loc.getX(): null

27-02-2025T17:36:41 - [TEST_STEP][PASSED] - if (x >= 560): null

27-02-2025T17:36:41 - [TEST_STEP][PASSED] - y = loc.getY(): null

27-02-2025T17:36:41 - [TEST_STEP][PASSED] - println("Y location is " + y): null

27-02-2025T17:36:41 - [TEST_STEP][PASSED] - top = getViewportTopPosition(): Current viewport's top (y) position is 707

27-02-2025T17:36:41 - [MESSAGE][PASSED] - Current viewport's top (y) position is 707

27-02-2025T17:36:41 - [TEST_STEP][PASSED] - println("Viewport top is " + top): null

27-02-2025T17:36:41 - [TEST_STEP][PASSED] - bottom = top + 600: null

27-02-2025T17:36:41 - [TEST_STEP][PASSED] - if (y - top < 150 || bottom - y < 10): null

27-02-2025T17:36:41 - [TEST_STEP][PASSED] - click(findTestObject(object)): null

27-02-2025T17:36:41 - [MESSAGE][PASSED] - Object: 'Object Repository/Journey Partner Profile/Register/img_PostZip Code_field-tooltip' is clicked on

27-02-2025T17:36:41 - [TEST_STEP][PASSED] - delay(1): Delayed 1 second(s)

27-02-2025T17:36:42 - [MESSAGE][PASSED] - Delayed 1 second(s)

27-02-2025T17:36:42 - [TEST_STEP][PASSED] - myImage = tooltipImagePath + myKey + ".png": null

27-02-2025T17:36:42 - [TEST_STEP][PASSED] - f = new java.io.File(myImage): null

27-02-2025T17:36:42 - [TEST_STEP][PASSED] - if (f.exists()): null

27-02-2025T17:36:42 - [TEST_STEP][PASSED] - println("Looking for " + myImage): null

27-02-2025T17:36:42 - [TEST_STEP][PASSED] - icn = Pattern(myImage).similar(0.10): null

27-02-2025T17:36:42 - [TEST_STEP][PASSED] - found = s.exists(icn): null

27-02-2025T17:36:43 - [TEST_STEP][PASSED] - println(found): null

27-02-2025T17:36:43 - [TEST_STEP][PASSED] - if (found != null): null

27-02-2025T17:36:43 - [TEST_STEP][PASSED] - foundStr = found.toString(): null

27-02-2025T17:36:43 - [TEST_STEP][PASSED] - matchP = foundStr.indexOf("%"): null

27-02-2025T17:36:43 - [TEST_STEP][PASSED] - if (matchP >= 0): null

27-02-2025T17:36:43 - [TEST_STEP][PASSED] - println(matchP): null

27-02-2025T17:36:43 - [TEST_STEP][PASSED] - pct = foundStr.substring(matchP + 1, matchP + 6): null

27-02-2025T17:36:43 - [TEST_STEP][PASSED] - pctF = pct.toFloat(): null

27-02-2025T17:36:43 - [TEST_STEP][PASSED] - outText = "+++ Tooltip match value for " + myKey + " is " + pctF + "%": null

27-02-2025T17:36:43 - [TEST_STEP][PASSED] - min = 80: null

27-02-2025T17:36:43 - [TEST_STEP][PASSED] - if (pctF.toFloat() < min.toFloat()): null

27-02-2025T17:36:43 - [TEST_STEP][PASSED] - if (myKey != "dummy"): null

27-02-2025T17:36:43 - [TEST_STEP][PASSED] - println(outText): null

27-02-2025T17:36:43 - [TEST_STEP][PASSED] - outFile.append(outText + "
"): null

27-02-2025T17:36:43 - [TEST_STEP][PASSED] - myKey = key: null

27-02-2025T17:36:43 - [TEST_STEP][PASSED] - myValue = value: null

27-02-2025T17:36:43 - [TEST_STEP][PASSED] - println("myKey is " + myKey): null

27-02-2025T17:36:43 - [TEST_STEP][PASSED] - println("myValue is " + myValue): null

27-02-2025T17:36:43 - [TEST_STEP][PASSED] - if (myKey != "dummy"): null

27-02-2025T17:36:43 - [TEST_STEP][PASSED] - tObj = testObjectFolder + myValue: null

27-02-2025T17:36:43 - [TEST_STEP][PASSED] - click(tObj): null

27-02-2025T17:36:43 - [TEST_STEP][PASSED] - scrollToObject(object): null

27-02-2025T17:36:43 - [TEST_STEP][PASSED] - println("Converting " + object + " to web element"): null

27-02-2025T17:36:43 - [TEST_STEP][PASSED] - element = findWebElement(findTestObject(object), 1): null

27-02-2025T17:36:43 - [TEST_STEP][PASSED] - loc = element.getLocation(): null

27-02-2025T17:36:43 - [TEST_STEP][PASSED] - x = loc.getX(): null

27-02-2025T17:36:43 - [TEST_STEP][PASSED] - if (x >= 560): null

27-02-2025T17:36:43 - [TEST_STEP][PASSED] - y = loc.getY(): null

27-02-2025T17:36:43 - [TEST_STEP][PASSED] - println("Y location is " + y): null

27-02-2025T17:36:43 - [TEST_STEP][PASSED] - top = getViewportTopPosition(): Current viewport's top (y) position is 707

27-02-2025T17:36:43 - [MESSAGE][PASSED] - Current viewport's top (y) position is 707

27-02-2025T17:36:43 - [TEST_STEP][PASSED] - println("Viewport top is " + top): null

27-02-2025T17:36:43 - [TEST_STEP][PASSED] - bottom = top + 600: null

27-02-2025T17:36:43 - [TEST_STEP][PASSED] - if (y - top < 150 || bottom - y < 10): null

27-02-2025T17:36:43 - [TEST_STEP][PASSED] - click(findTestObject(object)): null

27-02-2025T17:36:43 - [MESSAGE][PASSED] - Object: 'Object Repository/Journey Partner Profile/Register/img_Description_field-tooltip' is clicked on

27-02-2025T17:36:43 - [TEST_STEP][PASSED] - delay(1): Delayed 1 second(s)

27-02-2025T17:36:44 - [MESSAGE][PASSED] - Delayed 1 second(s)

27-02-2025T17:36:44 - [TEST_STEP][PASSED] - myImage = tooltipImagePath + myKey + ".png": null

27-02-2025T17:36:44 - [TEST_STEP][PASSED] - f = new java.io.File(myImage): null

27-02-2025T17:36:44 - [TEST_STEP][PASSED] - if (f.exists()): null

27-02-2025T17:36:44 - [TEST_STEP][PASSED] - println("Looking for " + myImage): null

27-02-2025T17:36:44 - [TEST_STEP][PASSED] - icn = Pattern(myImage).similar(0.10): null

27-02-2025T17:36:44 - [TEST_STEP][PASSED] - found = s.exists(icn): null

27-02-2025T17:36:44 - [TEST_STEP][PASSED] - println(found): null

27-02-2025T17:36:44 - [TEST_STEP][PASSED] - if (found != null): null

27-02-2025T17:36:44 - [TEST_STEP][PASSED] - foundStr = found.toString(): null

27-02-2025T17:36:44 - [TEST_STEP][PASSED] - matchP = foundStr.indexOf("%"): null

27-02-2025T17:36:44 - [TEST_STEP][PASSED] - if (matchP >= 0): null

27-02-2025T17:36:44 - [TEST_STEP][PASSED] - println(matchP): null

27-02-2025T17:36:44 - [TEST_STEP][PASSED] - pct = foundStr.substring(matchP + 1, matchP + 6): null

27-02-2025T17:36:44 - [TEST_STEP][PASSED] - pctF = pct.toFloat(): null

27-02-2025T17:36:44 - [TEST_STEP][PASSED] - outText = "+++ Tooltip match value for " + myKey + " is " + pctF + "%": null

27-02-2025T17:36:44 - [TEST_STEP][PASSED] - min = 80: null

27-02-2025T17:36:44 - [TEST_STEP][PASSED] - if (pctF.toFloat() < min.toFloat()): null

27-02-2025T17:36:44 - [TEST_STEP][PASSED] - if (myKey != "dummy"): null

27-02-2025T17:36:44 - [TEST_STEP][PASSED] - println(outText): null

27-02-2025T17:36:44 - [TEST_STEP][PASSED] - outFile.append(outText + "
"): null

27-02-2025T17:36:44 - [TEST_STEP][PASSED] - myKey = key: null

27-02-2025T17:36:44 - [TEST_STEP][PASSED] - myValue = value: null

27-02-2025T17:36:44 - [TEST_STEP][PASSED] - println("myKey is " + myKey): null

27-02-2025T17:36:44 - [TEST_STEP][PASSED] - println("myValue is " + myValue): null

27-02-2025T17:36:44 - [TEST_STEP][PASSED] - if (myKey != "dummy"): null

27-02-2025T17:36:44 - [TEST_STEP][PASSED] - tObj = testObjectFolder + myValue: null

27-02-2025T17:36:44 - [TEST_STEP][PASSED] - click(tObj): null

27-02-2025T17:36:44 - [TEST_STEP][PASSED] - scrollToObject(object): null

27-02-2025T17:36:44 - [TEST_STEP][PASSED] - println("Converting " + object + " to web element"): null

27-02-2025T17:36:44 - [TEST_STEP][PASSED] - element = findWebElement(findTestObject(object), 1): null

27-02-2025T17:36:44 - [TEST_STEP][PASSED] - loc = element.getLocation(): null

27-02-2025T17:36:44 - [TEST_STEP][PASSED] - x = loc.getX(): null

27-02-2025T17:36:44 - [TEST_STEP][PASSED] - if (x >= 560): null

27-02-2025T17:36:44 - [TEST_STEP][PASSED] - y = loc.getY(): null

27-02-2025T17:36:44 - [TEST_STEP][PASSED] - println("Y location is " + y): null

27-02-2025T17:36:44 - [TEST_STEP][PASSED] - top = getViewportTopPosition(): Current viewport's top (y) position is 707

27-02-2025T17:36:44 - [MESSAGE][PASSED] - Current viewport's top (y) position is 707

27-02-2025T17:36:44 - [TEST_STEP][PASSED] - println("Viewport top is " + top): null

27-02-2025T17:36:44 - [TEST_STEP][PASSED] - bottom = top + 600: null

27-02-2025T17:36:44 - [TEST_STEP][PASSED] - if (y - top < 150 || bottom - y < 10): Delayed 1 second(s)

27-02-2025T17:36:44 - [TEST_STEP][PASSED] - scrollToPosition(0, y - 170): Browser is scrolled to position x = 0, y = 1251

27-02-2025T17:36:44 - [MESSAGE][PASSED] - Browser is scrolled to position x = 0, y = 1251

27-02-2025T17:36:44 - [TEST_STEP][PASSED] - delay(1): Delayed 1 second(s)

27-02-2025T17:36:45 - [MESSAGE][PASSED] - Delayed 1 second(s)

27-02-2025T17:36:45 - [TEST_STEP][PASSED] - click(findTestObject(object)): null

27-02-2025T17:36:45 - [MESSAGE][PASSED] - Object: 'Object Repository/Journey Partner Profile/Register/img_Website Address_field-tooltip' is clicked on

27-02-2025T17:36:45 - [TEST_STEP][PASSED] - delay(1): Delayed 1 second(s)

27-02-2025T17:36:46 - [MESSAGE][PASSED] - Delayed 1 second(s)

27-02-2025T17:36:46 - [TEST_STEP][PASSED] - myImage = tooltipImagePath + myKey + ".png": null

27-02-2025T17:36:46 - [TEST_STEP][PASSED] - f = new java.io.File(myImage): null

27-02-2025T17:36:46 - [TEST_STEP][PASSED] - if (f.exists()): null

27-02-2025T17:36:46 - [TEST_STEP][PASSED] - println("Looking for " + myImage): null

27-02-2025T17:36:46 - [TEST_STEP][PASSED] - icn = Pattern(myImage).similar(0.10): null

27-02-2025T17:36:46 - [TEST_STEP][PASSED] - found = s.exists(icn): null

27-02-2025T17:36:46 - [TEST_STEP][PASSED] - println(found): null

27-02-2025T17:36:46 - [TEST_STEP][PASSED] - if (found != null): null

27-02-2025T17:36:46 - [TEST_STEP][PASSED] - foundStr = found.toString(): null

27-02-2025T17:36:46 - [TEST_STEP][PASSED] - matchP = foundStr.indexOf("%"): null

27-02-2025T17:36:46 - [TEST_STEP][PASSED] - if (matchP >= 0): null

27-02-2025T17:36:46 - [TEST_STEP][PASSED] - println(matchP): null

27-02-2025T17:36:46 - [TEST_STEP][PASSED] - pct = foundStr.substring(matchP + 1, matchP + 6): null

27-02-2025T17:36:46 - [TEST_STEP][PASSED] - pctF = pct.toFloat(): null

27-02-2025T17:36:46 - [TEST_STEP][PASSED] - outText = "+++ Tooltip match value for " + myKey + " is " + pctF + "%": null

27-02-2025T17:36:46 - [TEST_STEP][PASSED] - min = 80: null

27-02-2025T17:36:46 - [TEST_STEP][PASSED] - if (pctF.toFloat() < min.toFloat()): null

27-02-2025T17:36:46 - [TEST_STEP][PASSED] - if (myKey != "dummy"): null

27-02-2025T17:36:46 - [TEST_STEP][PASSED] - println(outText): null

27-02-2025T17:36:46 - [TEST_STEP][PASSED] - outFile.append(outText + "
"): null

27-02-2025T17:36:46 - [TEST_STEP][PASSED] - myKey = key: null

27-02-2025T17:36:46 - [TEST_STEP][PASSED] - myValue = value: null

27-02-2025T17:36:46 - [TEST_STEP][PASSED] - println("myKey is " + myKey): null

27-02-2025T17:36:46 - [TEST_STEP][PASSED] - println("myValue is " + myValue): null

27-02-2025T17:36:46 - [TEST_STEP][PASSED] - if (myKey != "dummy"): null

27-02-2025T17:36:46 - [TEST_STEP][PASSED] - tObj = testObjectFolder + myValue: null

27-02-2025T17:36:46 - [TEST_STEP][PASSED] - click(tObj): null

27-02-2025T17:36:46 - [TEST_STEP][PASSED] - scrollToObject(object): null

27-02-2025T17:36:46 - [TEST_STEP][PASSED] - println("Converting " + object + " to web element"): null

27-02-2025T17:36:46 - [TEST_STEP][PASSED] - element = findWebElement(findTestObject(object), 1): null

27-02-2025T17:36:46 - [TEST_STEP][PASSED] - loc = element.getLocation(): null

27-02-2025T17:36:46 - [TEST_STEP][PASSED] - x = loc.getX(): null

27-02-2025T17:36:46 - [TEST_STEP][PASSED] - if (x >= 560): null

27-02-2025T17:36:46 - [TEST_STEP][PASSED] - y = loc.getY(): null

27-02-2025T17:36:46 - [TEST_STEP][PASSED] - println("Y location is " + y): null

27-02-2025T17:36:46 - [TEST_STEP][PASSED] - top = getViewportTopPosition(): Current viewport's top (y) position is 1251

27-02-2025T17:36:46 - [MESSAGE][PASSED] - Current viewport's top (y) position is 1251

27-02-2025T17:36:46 - [TEST_STEP][PASSED] - println("Viewport top is " + top): null

27-02-2025T17:36:46 - [TEST_STEP][PASSED] - bottom = top + 600: null

27-02-2025T17:36:46 - [TEST_STEP][PASSED] - if (y - top < 150 || bottom - y < 10): null

27-02-2025T17:36:46 - [TEST_STEP][PASSED] - click(findTestObject(object)): null

27-02-2025T17:36:46 - [MESSAGE][PASSED] - Object: 'Object Repository/Journey Partner Profile/Register/img_Mission Statement_field-tooltip' is clicked on

27-02-2025T17:36:46 - [TEST_STEP][PASSED] - delay(1): Delayed 1 second(s)

27-02-2025T17:36:47 - [MESSAGE][PASSED] - Delayed 1 second(s)

27-02-2025T17:36:47 - [TEST_STEP][PASSED] - myImage = tooltipImagePath + myKey + ".png": null

27-02-2025T17:36:47 - [TEST_STEP][PASSED] - f = new java.io.File(myImage): null

27-02-2025T17:36:47 - [TEST_STEP][PASSED] - if (f.exists()): null

27-02-2025T17:36:47 - [TEST_STEP][PASSED] - println("Looking for " + myImage): null

27-02-2025T17:36:47 - [TEST_STEP][PASSED] - icn = Pattern(myImage).similar(0.10): null

27-02-2025T17:36:47 - [TEST_STEP][PASSED] - found = s.exists(icn): null

27-02-2025T17:36:47 - [TEST_STEP][PASSED] - println(found): null

27-02-2025T17:36:47 - [TEST_STEP][PASSED] - if (found != null): null

27-02-2025T17:36:47 - [TEST_STEP][PASSED] - foundStr = found.toString(): null

27-02-2025T17:36:47 - [TEST_STEP][PASSED] - matchP = foundStr.indexOf("%"): null

27-02-2025T17:36:47 - [TEST_STEP][PASSED] - if (matchP >= 0): null

27-02-2025T17:36:47 - [TEST_STEP][PASSED] - println(matchP): null

27-02-2025T17:36:47 - [TEST_STEP][PASSED] - pct = foundStr.substring(matchP + 1, matchP + 6): null

27-02-2025T17:36:47 - [TEST_STEP][PASSED] - pctF = pct.toFloat(): null

27-02-2025T17:36:47 - [TEST_STEP][PASSED] - outText = "+++ Tooltip match value for " + myKey + " is " + pctF + "%": null

27-02-2025T17:36:47 - [TEST_STEP][PASSED] - min = 80: null

27-02-2025T17:36:47 - [TEST_STEP][PASSED] - if (pctF.toFloat() < min.toFloat()): null

27-02-2025T17:36:47 - [TEST_STEP][PASSED] - if (myKey != "dummy"): null

27-02-2025T17:36:47 - [TEST_STEP][PASSED] - println(outText): null

27-02-2025T17:36:47 - [TEST_STEP][PASSED] - outFile.append(outText + "
"): null

27-02-2025T17:36:47 - [TEST_STEP][PASSED] - myKey = key: null

27-02-2025T17:36:47 - [TEST_STEP][PASSED] - myValue = value: null

27-02-2025T17:36:47 - [TEST_STEP][PASSED] - println("myKey is " + myKey): null

27-02-2025T17:36:47 - [TEST_STEP][PASSED] - println("myValue is " + myValue): null

27-02-2025T17:36:47 - [TEST_STEP][PASSED] - if (myKey != "dummy"): null

27-02-2025T17:36:47 - [TEST_STEP][PASSED] - tObj = testObjectFolder + myValue: null

27-02-2025T17:36:47 - [TEST_STEP][PASSED] - click(tObj): null

27-02-2025T17:36:47 - [TEST_STEP][PASSED] - scrollToObject(object): null

27-02-2025T17:36:47 - [TEST_STEP][PASSED] - println("Converting " + object + " to web element"): null

27-02-2025T17:36:47 - [TEST_STEP][PASSED] - element = findWebElement(findTestObject(object), 1): null

27-02-2025T17:36:47 - [TEST_STEP][PASSED] - loc = element.getLocation(): null

27-02-2025T17:36:47 - [TEST_STEP][PASSED] - x = loc.getX(): null

27-02-2025T17:36:47 - [TEST_STEP][PASSED] - if (x >= 560): null

27-02-2025T17:36:47 - [TEST_STEP][PASSED] - y = loc.getY(): null

27-02-2025T17:36:47 - [TEST_STEP][PASSED] - println("Y location is " + y): null

27-02-2025T17:36:47 - [TEST_STEP][PASSED] - top = getViewportTopPosition(): Current viewport's top (y) position is 1251

27-02-2025T17:36:47 - [MESSAGE][PASSED] - Current viewport's top (y) position is 1251

27-02-2025T17:36:47 - [TEST_STEP][PASSED] - println("Viewport top is " + top): null

27-02-2025T17:36:47 - [TEST_STEP][PASSED] - bottom = top + 600: null

27-02-2025T17:36:47 - [TEST_STEP][PASSED] - if (y - top < 150 || bottom - y < 10): null

27-02-2025T17:36:47 - [TEST_STEP][PASSED] - click(findTestObject(object)): null

27-02-2025T17:36:47 - [MESSAGE][PASSED] - Object: 'Object Repository/Journey Partner Profile/Register/img_Board of Directors_field-tooltip' is clicked on

27-02-2025T17:36:47 - [TEST_STEP][PASSED] - delay(1): Delayed 1 second(s)

27-02-2025T17:36:48 - [MESSAGE][PASSED] - Delayed 1 second(s)

27-02-2025T17:36:48 - [TEST_STEP][PASSED] - myImage = tooltipImagePath + myKey + ".png": null

27-02-2025T17:36:48 - [TEST_STEP][PASSED] - f = new java.io.File(myImage): null

27-02-2025T17:36:48 - [TEST_STEP][PASSED] - if (f.exists()): null

27-02-2025T17:36:48 - [TEST_STEP][PASSED] - println("Looking for " + myImage): null

27-02-2025T17:36:48 - [TEST_STEP][PASSED] - icn = Pattern(myImage).similar(0.10): null

27-02-2025T17:36:48 - [TEST_STEP][PASSED] - found = s.exists(icn): null

27-02-2025T17:36:48 - [TEST_STEP][PASSED] - println(found): null

27-02-2025T17:36:48 - [TEST_STEP][PASSED] - if (found != null): null

27-02-2025T17:36:48 - [TEST_STEP][PASSED] - foundStr = found.toString(): null

27-02-2025T17:36:48 - [TEST_STEP][PASSED] - matchP = foundStr.indexOf("%"): null

27-02-2025T17:36:48 - [TEST_STEP][PASSED] - if (matchP >= 0): null

27-02-2025T17:36:48 - [TEST_STEP][PASSED] - println(matchP): null

27-02-2025T17:36:48 - [TEST_STEP][PASSED] - pct = foundStr.substring(matchP + 1, matchP + 6): null

27-02-2025T17:36:48 - [TEST_STEP][PASSED] - pctF = pct.toFloat(): null

27-02-2025T17:36:48 - [TEST_STEP][PASSED] - outText = "+++ Tooltip match value for " + myKey + " is " + pctF + "%": null

27-02-2025T17:36:48 - [TEST_STEP][PASSED] - min = 80: null

27-02-2025T17:36:48 - [TEST_STEP][PASSED] - if (pctF.toFloat() < min.toFloat()): null

27-02-2025T17:36:48 - [TEST_STEP][PASSED] - if (myKey != "dummy"): null

27-02-2025T17:36:48 - [TEST_STEP][PASSED] - println(outText): null

27-02-2025T17:36:48 - [TEST_STEP][PASSED] - outFile.append(outText + "
"): null

27-02-2025T17:36:48 - [TEST_STEP][PASSED] - myKey = key: null

27-02-2025T17:36:48 - [TEST_STEP][PASSED] - myValue = value: null

27-02-2025T17:36:48 - [TEST_STEP][PASSED] - println("myKey is " + myKey): null

27-02-2025T17:36:48 - [TEST_STEP][PASSED] - println("myValue is " + myValue): null

27-02-2025T17:36:48 - [TEST_STEP][PASSED] - if (myKey != "dummy"): null

27-02-2025T17:36:48 - [TEST_STEP][PASSED] - tObj = testObjectFolder + myValue: null

27-02-2025T17:36:48 - [TEST_STEP][PASSED] - click(tObj): null

27-02-2025T17:36:48 - [TEST_STEP][PASSED] - scrollToObject(object): null

27-02-2025T17:36:48 - [TEST_STEP][PASSED] - println("Converting " + object + " to web element"): null

27-02-2025T17:36:48 - [TEST_STEP][PASSED] - element = findWebElement(findTestObject(object), 1): null

27-02-2025T17:36:48 - [TEST_STEP][PASSED] - loc = element.getLocation(): null

27-02-2025T17:36:48 - [TEST_STEP][PASSED] - x = loc.getX(): null

27-02-2025T17:36:48 - [TEST_STEP][PASSED] - if (x >= 560): null

27-02-2025T17:36:48 - [TEST_STEP][PASSED] - y = loc.getY(): null

27-02-2025T17:36:48 - [TEST_STEP][PASSED] - println("Y location is " + y): null

27-02-2025T17:36:48 - [TEST_STEP][PASSED] - top = getViewportTopPosition(): Current viewport's top (y) position is 1251

27-02-2025T17:36:48 - [MESSAGE][PASSED] - Current viewport's top (y) position is 1251

27-02-2025T17:36:48 - [TEST_STEP][PASSED] - println("Viewport top is " + top): null

27-02-2025T17:36:48 - [TEST_STEP][PASSED] - bottom = top + 600: null

27-02-2025T17:36:48 - [TEST_STEP][PASSED] - if (y - top < 150 || bottom - y < 10): null

27-02-2025T17:36:48 - [TEST_STEP][PASSED] - click(findTestObject(object)): null

27-02-2025T17:36:48 - [MESSAGE][PASSED] - Object: 'Object Repository/Journey Partner Profile/Register/img_Statement of Faith_field-tooltip' is clicked on

27-02-2025T17:36:48 - [TEST_STEP][PASSED] - delay(1): Delayed 1 second(s)

27-02-2025T17:36:49 - [MESSAGE][PASSED] - Delayed 1 second(s)

27-02-2025T17:36:49 - [TEST_STEP][PASSED] - myImage = tooltipImagePath + myKey + ".png": null

27-02-2025T17:36:49 - [TEST_STEP][PASSED] - f = new java.io.File(myImage): null

27-02-2025T17:36:49 - [TEST_STEP][PASSED] - if (f.exists()): null

27-02-2025T17:36:49 - [TEST_STEP][PASSED] - println("Looking for " + myImage): null

27-02-2025T17:36:49 - [TEST_STEP][PASSED] - icn = Pattern(myImage).similar(0.10): null

27-02-2025T17:36:49 - [TEST_STEP][PASSED] - found = s.exists(icn): null

27-02-2025T17:36:49 - [TEST_STEP][PASSED] - println(found): null

27-02-2025T17:36:49 - [TEST_STEP][PASSED] - if (found != null): null

27-02-2025T17:36:49 - [TEST_STEP][PASSED] - foundStr = found.toString(): null

27-02-2025T17:36:49 - [TEST_STEP][PASSED] - matchP = foundStr.indexOf("%"): null

27-02-2025T17:36:49 - [TEST_STEP][PASSED] - if (matchP >= 0): null

27-02-2025T17:36:49 - [TEST_STEP][PASSED] - println(matchP): null

27-02-2025T17:36:49 - [TEST_STEP][PASSED] - pct = foundStr.substring(matchP + 1, matchP + 6): null

27-02-2025T17:36:49 - [TEST_STEP][PASSED] - pctF = pct.toFloat(): null

27-02-2025T17:36:49 - [TEST_STEP][PASSED] - outText = "+++ Tooltip match value for " + myKey + " is " + pctF + "%": null

27-02-2025T17:36:49 - [TEST_STEP][PASSED] - min = 80: null

27-02-2025T17:36:49 - [TEST_STEP][PASSED] - if (pctF.toFloat() < min.toFloat()): null

27-02-2025T17:36:49 - [TEST_STEP][PASSED] - if (myKey != "dummy"): null

27-02-2025T17:36:49 - [TEST_STEP][PASSED] - println(outText): null

27-02-2025T17:36:49 - [TEST_STEP][PASSED] - outFile.append(outText + "
"): null

27-02-2025T17:36:49 - [TEST_STEP][PASSED] - myKey = key: null

27-02-2025T17:36:49 - [TEST_STEP][PASSED] - myValue = value: null

27-02-2025T17:36:49 - [TEST_STEP][PASSED] - println("myKey is " + myKey): null

27-02-2025T17:36:49 - [TEST_STEP][PASSED] - println("myValue is " + myValue): null

27-02-2025T17:36:49 - [TEST_STEP][PASSED] - if (myKey != "dummy"): null

27-02-2025T17:36:49 - [TEST_STEP][PASSED] - tObj = testObjectFolder + myValue: null

27-02-2025T17:36:49 - [TEST_STEP][PASSED] - click(tObj): null

27-02-2025T17:36:49 - [TEST_STEP][PASSED] - scrollToObject(object): null

27-02-2025T17:36:49 - [TEST_STEP][PASSED] - println("Converting " + object + " to web element"): null

27-02-2025T17:36:49 - [TEST_STEP][PASSED] - element = findWebElement(findTestObject(object), 1): null

27-02-2025T17:36:49 - [TEST_STEP][PASSED] - loc = element.getLocation(): null

27-02-2025T17:36:49 - [TEST_STEP][PASSED] - x = loc.getX(): null

27-02-2025T17:36:49 - [TEST_STEP][PASSED] - if (x >= 560): null

27-02-2025T17:36:49 - [TEST_STEP][PASSED] - y = loc.getY(): null

27-02-2025T17:36:49 - [TEST_STEP][PASSED] - println("Y location is " + y): null

27-02-2025T17:36:49 - [TEST_STEP][PASSED] - top = getViewportTopPosition(): Current viewport's top (y) position is 1251

27-02-2025T17:36:50 - [MESSAGE][PASSED] - Current viewport's top (y) position is 1251

27-02-2025T17:36:50 - [TEST_STEP][PASSED] - println("Viewport top is " + top): null

27-02-2025T17:36:50 - [TEST_STEP][PASSED] - bottom = top + 600: null

27-02-2025T17:36:50 - [TEST_STEP][PASSED] - if (y - top < 150 || bottom - y < 10): null

27-02-2025T17:36:50 - [TEST_STEP][PASSED] - click(findTestObject(object)): null

27-02-2025T17:36:50 - [MESSAGE][PASSED] - Object: 'Object Repository/Journey Partner Profile/Register/img_How did you hear about MissionNext_field-tooltip' is clicked on

27-02-2025T17:36:50 - [TEST_STEP][PASSED] - delay(1): Delayed 1 second(s)

27-02-2025T17:36:51 - [MESSAGE][PASSED] - Delayed 1 second(s)

27-02-2025T17:36:51 - [TEST_STEP][PASSED] - myImage = tooltipImagePath + myKey + ".png": null

27-02-2025T17:36:51 - [TEST_STEP][PASSED] - f = new java.io.File(myImage): null

27-02-2025T17:36:51 - [TEST_STEP][PASSED] - if (f.exists()): null

27-02-2025T17:36:51 - [TEST_STEP][PASSED] - println("Looking for " + myImage): null

27-02-2025T17:36:51 - [TEST_STEP][PASSED] - icn = Pattern(myImage).similar(0.10): null

27-02-2025T17:36:51 - [TEST_STEP][PASSED] - found = s.exists(icn): null

27-02-2025T17:36:51 - [TEST_STEP][PASSED] - println(found): null

27-02-2025T17:36:51 - [TEST_STEP][PASSED] - if (found != null): null

27-02-2025T17:36:51 - [TEST_STEP][PASSED] - foundStr = found.toString(): null

27-02-2025T17:36:51 - [TEST_STEP][PASSED] - matchP = foundStr.indexOf("%"): null

27-02-2025T17:36:51 - [TEST_STEP][PASSED] - if (matchP >= 0): null

27-02-2025T17:36:51 - [TEST_STEP][PASSED] - println(matchP): null

27-02-2025T17:36:51 - [TEST_STEP][PASSED] - pct = foundStr.substring(matchP + 1, matchP + 6): null

27-02-2025T17:36:51 - [TEST_STEP][PASSED] - pctF = pct.toFloat(): null

27-02-2025T17:36:51 - [TEST_STEP][PASSED] - outText = "+++ Tooltip match value for " + myKey + " is " + pctF + "%": null

27-02-2025T17:36:51 - [TEST_STEP][PASSED] - min = 80: null

27-02-2025T17:36:51 - [TEST_STEP][PASSED] - if (pctF.toFloat() < min.toFloat()): null

27-02-2025T17:36:51 - [TEST_STEP][PASSED] - if (myKey != "dummy"): null

27-02-2025T17:36:51 - [TEST_STEP][PASSED] - println(outText): null

27-02-2025T17:36:51 - [TEST_STEP][PASSED] - outFile.append(outText + "
"): null

27-02-2025T17:36:51 - [TEST_STEP][PASSED] - outText = "Verifying the tooltip text on the page is what was expected.
": null

27-02-2025T17:36:51 - [TEST_STEP][PASSED] - println(tooltipTextMap): null

27-02-2025T17:36:51 - [TEST_STEP][PASSED] - outFile.append(outText): null

27-02-2025T17:36:51 - [TEST_STEP][ERROR] - for (def it : tooltipText): Test Cases/_Functions/Test Tooltips FAILED.
Reason:
java.lang.NullPointerException: Cannot invoke method replace() on null object
	at Test Tooltips.run(Test Tooltips:191)
	at com.kms.katalon.core.main.ScriptEngine.run(ScriptEngine.java:194)
	at com.kms.katalon.core.main.ScriptEngine.runScriptAsRawText(ScriptEngine.java:119)
	at com.kms.katalon.core.main.TestCaseExecutor.runScript(TestCaseExecutor.java:448)
	at com.kms.katalon.core.main.TestCaseExecutor.doExecute(TestCaseExecutor.java:439)
	at com.kms.katalon.core.main.TestCaseExecutor.processExecutionPhase(TestCaseExecutor.java:418)
	at com.kms.katalon.core.main.TestCaseExecutor.accessMainPhase(TestCaseExecutor.java:410)
	at com.kms.katalon.core.main.TestCaseExecutor.execute(TestCaseExecutor.java:285)
	at com.kms.katalon.core.main.TestCaseMain.runTestCase(TestCaseMain.java:137)
	at com.kms.katalon.core.keyword.builtin.CallTestCaseKeyword$_callTestCase_closure1.doCall(CallTestCaseKeyword.groovy:59)
	at com.kms.katalon.core.keyword.builtin.CallTestCaseKeyword$_callTestCase_closure1.call(CallTestCaseKeyword.groovy)
	at com.kms.katalon.core.keyword.internal.KeywordMain.runKeyword(KeywordMain.groovy:75)
	at com.kms.katalon.core.keyword.builtin.CallTestCaseKeyword.callTestCase(CallTestCaseKeyword.groovy:81)
	at com.kms.katalon.core.keyword.builtin.CallTestCaseKeyword.execute(CallTestCaseKeyword.groovy:44)
	at com.kms.katalon.core.keyword.internal.KeywordExecutor.executeKeywordForPlatform(KeywordExecutor.groovy:74)
	at com.kms.katalon.core.keyword.BuiltinKeywords.callTestCase(BuiltinKeywords.groovy:310)
	at java.base/jdk.internal.reflect.NativeMethodAccessorImpl.invoke0(Native Method)
	at java.base/jdk.internal.reflect.NativeMethodAccessorImpl.invoke(NativeMethodAccessorImpl.java:77)
	at java.base/jdk.internal.reflect.DelegatingMethodAccessorImpl.invoke(DelegatingMethodAccessorImpl.java:43)
	at Register Journey Partner.run(Register Journey Partner:158)
	at com.kms.katalon.core.main.ScriptEngine.run(ScriptEngine.java:194)
	at com.kms.katalon.core.main.ScriptEngine.runScriptAsRawText(ScriptEngine.java:119)
	at com.kms.katalon.core.main.TestCaseExecutor.runScript(TestCaseExecutor.java:448)
	at com.kms.katalon.core.main.TestCaseExecutor.doExecute(TestCaseExecutor.java:439)
	at com.kms.katalon.core.main.TestCaseExecutor.processExecutionPhase(TestCaseExecutor.java:418)
	at com.kms.katalon.core.main.TestCaseExecutor.accessMainPhase(TestCaseExecutor.java:410)
	at com.kms.katalon.core.main.TestCaseExecutor.execute(TestCaseExecutor.java:285)
	at com.kms.katalon.core.common.CommonExecutor.accessTestCaseMainPhase(CommonExecutor.java:65)
	at com.kms.katalon.core.main.TestSuiteExecutor.accessTestSuiteMainPhase(TestSuiteExecutor.java:150)
	at com.kms.katalon.core.main.TestSuiteExecutor.execute(TestSuiteExecutor.java:106)
	at com.kms.katalon.core.main.TestCaseMain.startTestSuite(TestCaseMain.java:180)
	at TempTestSuite1740698296994.run(TempTestSuite1740698296994.groovy:35)
	at java.base/jdk.internal.reflect.NativeMethodAccessorImpl.invoke0(Native Method)
	at java.base/jdk.internal.reflect.NativeMethodAccessorImpl.invoke(NativeMethodAccessorImpl.java:77)
	at java.base/jdk.internal.reflect.DelegatingMethodAccessorImpl.invoke(DelegatingMethodAccessorImpl.java:43)


27-02-2025T17:36:51 - [TEST_STEP][PASSED] - println(it): null

27-02-2025T17:36:51 - [TEST_STEP][PASSED] - myKey = key: null

27-02-2025T17:36:51 - [TEST_STEP][PASSED] - myText = value.replace(""", ""): null

27-02-2025T17:36:51 - [TEST_STEP][PASSED] - myText = myText.trim(): null

27-02-2025T17:36:51 - [TEST_STEP][PASSED] - println(myKey): null

27-02-2025T17:36:51 - [TEST_STEP][PASSED] - println(myText): null

27-02-2025T17:36:51 - [TEST_STEP][PASSED] - println(tooltipTextMap.get(myKey)): null

27-02-2025T17:36:51 - [TEST_STEP][PASSED] - actualText = get(myKey).replace(""", ""): null

27-02-2025T17:36:51 - [TEST_STEP][PASSED] - actualText = actualText.trim(): null

27-02-2025T17:36:51 - [TEST_STEP][PASSED] - println(myKey + ":" + actualText): null

27-02-2025T17:36:51 - [TEST_STEP][PASSED] - if (actualText != myText): null

27-02-2025T17:36:51 - [TEST_STEP][PASSED] - println(it): null

27-02-2025T17:36:51 - [TEST_STEP][PASSED] - myKey = key: null

27-02-2025T17:36:51 - [TEST_STEP][PASSED] - myText = value.replace(""", ""): null

27-02-2025T17:36:51 - [TEST_STEP][PASSED] - myText = myText.trim(): null

27-02-2025T17:36:51 - [TEST_STEP][PASSED] - println(myKey): null

27-02-2025T17:36:51 - [TEST_STEP][PASSED] - println(myText): null

27-02-2025T17:36:51 - [TEST_STEP][PASSED] - println(tooltipTextMap.get(myKey)): null

27-02-2025T17:36:51 - [TEST_STEP][PASSED] - actualText = get(myKey).replace(""", ""): null

27-02-2025T17:36:51 - [TEST_STEP][PASSED] - actualText = actualText.trim(): null

27-02-2025T17:36:51 - [TEST_STEP][PASSED] - println(myKey + ":" + actualText): null

27-02-2025T17:36:51 - [TEST_STEP][PASSED] - if (actualText != myText): null

27-02-2025T17:36:51 - [TEST_STEP][PASSED] - println(it): null

27-02-2025T17:36:51 - [TEST_STEP][PASSED] - myKey = key: null

27-02-2025T17:36:51 - [TEST_STEP][PASSED] - myText = value.replace(""", ""): null

27-02-2025T17:36:51 - [TEST_STEP][PASSED] - myText = myText.trim(): null

27-02-2025T17:36:51 - [TEST_STEP][PASSED] - println(myKey): null

27-02-2025T17:36:51 - [TEST_STEP][PASSED] - println(myText): null

27-02-2025T17:36:51 - [TEST_STEP][PASSED] - println(tooltipTextMap.get(myKey)): null

27-02-2025T17:36:51 - [TEST_STEP][PASSED] - actualText = get(myKey).replace(""", ""): null

27-02-2025T17:36:51 - [TEST_STEP][PASSED] - actualText = actualText.trim(): null

27-02-2025T17:36:51 - [TEST_STEP][PASSED] - println(myKey + ":" + actualText): null

27-02-2025T17:36:51 - [TEST_STEP][PASSED] - if (actualText != myText): null

27-02-2025T17:36:51 - [TEST_STEP][PASSED] - println(it): null

27-02-2025T17:36:51 - [TEST_STEP][PASSED] - myKey = key: null

27-02-2025T17:36:51 - [TEST_STEP][PASSED] - myText = value.replace(""", ""): null

27-02-2025T17:36:51 - [TEST_STEP][PASSED] - myText = myText.trim(): null

27-02-2025T17:36:51 - [TEST_STEP][PASSED] - println(myKey): null

27-02-2025T17:36:51 - [TEST_STEP][PASSED] - println(myText): null

27-02-2025T17:36:51 - [TEST_STEP][PASSED] - println(tooltipTextMap.get(myKey)): null

27-02-2025T17:36:51 - [TEST_STEP][PASSED] - actualText = get(myKey).replace(""", ""): null

27-02-2025T17:36:51 - [TEST_STEP][PASSED] - actualText = actualText.trim(): null

27-02-2025T17:36:51 - [TEST_STEP][PASSED] - println(myKey + ":" + actualText): null

27-02-2025T17:36:51 - [TEST_STEP][PASSED] - if (actualText != myText): null

27-02-2025T17:36:51 - [TEST_STEP][PASSED] - println(it): null

27-02-2025T17:36:51 - [TEST_STEP][PASSED] - myKey = key: null

27-02-2025T17:36:51 - [TEST_STEP][PASSED] - myText = value.replace(""", ""): null

27-02-2025T17:36:51 - [TEST_STEP][PASSED] - myText = myText.trim(): null

27-02-2025T17:36:51 - [TEST_STEP][PASSED] - println(myKey): null

27-02-2025T17:36:51 - [TEST_STEP][PASSED] - println(myText): null

27-02-2025T17:36:51 - [TEST_STEP][PASSED] - println(tooltipTextMap.get(myKey)): null

27-02-2025T17:36:51 - [TEST_STEP][PASSED] - actualText = get(myKey).replace(""", ""): null

27-02-2025T17:36:51 - [TEST_STEP][PASSED] - actualText = actualText.trim(): null

27-02-2025T17:36:51 - [TEST_STEP][PASSED] - println(myKey + ":" + actualText): null

27-02-2025T17:36:51 - [TEST_STEP][PASSED] - if (actualText != myText): null

27-02-2025T17:36:51 - [TEST_STEP][PASSED] - println(it): null

27-02-2025T17:36:51 - [TEST_STEP][PASSED] - myKey = key: null

27-02-2025T17:36:51 - [TEST_STEP][PASSED] - myText = value.replace(""", ""): null

27-02-2025T17:36:51 - [TEST_STEP][PASSED] - myText = myText.trim(): null

27-02-2025T17:36:51 - [TEST_STEP][PASSED] - println(myKey): null

27-02-2025T17:36:51 - [TEST_STEP][PASSED] - println(myText): null

27-02-2025T17:36:51 - [TEST_STEP][PASSED] - println(tooltipTextMap.get(myKey)): null

27-02-2025T17:36:51 - [TEST_STEP][PASSED] - actualText = get(myKey).replace(""", ""): null

27-02-2025T17:36:51 - [TEST_STEP][PASSED] - actualText = actualText.trim(): null

27-02-2025T17:36:51 - [TEST_STEP][PASSED] - println(myKey + ":" + actualText): null

27-02-2025T17:36:51 - [TEST_STEP][PASSED] - if (actualText != myText): null

27-02-2025T17:36:51 - [TEST_STEP][PASSED] - println(it): null

27-02-2025T17:36:51 - [TEST_STEP][PASSED] - myKey = key: null

27-02-2025T17:36:51 - [TEST_STEP][PASSED] - myText = value.replace(""", ""): null

27-02-2025T17:36:51 - [TEST_STEP][PASSED] - myText = myText.trim(): null

27-02-2025T17:36:51 - [TEST_STEP][PASSED] - println(myKey): null

27-02-2025T17:36:51 - [TEST_STEP][PASSED] - println(myText): null

27-02-2025T17:36:51 - [TEST_STEP][PASSED] - println(tooltipTextMap.get(myKey)): null

27-02-2025T17:36:51 - [TEST_STEP][PASSED] - actualText = get(myKey).replace(""", ""): null

27-02-2025T17:36:51 - [TEST_STEP][PASSED] - actualText = actualText.trim(): null

27-02-2025T17:36:51 - [TEST_STEP][PASSED] - println(myKey + ":" + actualText): null

27-02-2025T17:36:51 - [TEST_STEP][PASSED] - if (actualText != myText): null

27-02-2025T17:36:51 - [TEST_STEP][PASSED] - println(it): null

27-02-2025T17:36:51 - [TEST_STEP][PASSED] - myKey = key: null

27-02-2025T17:36:51 - [TEST_STEP][PASSED] - myText = value.replace(""", ""): null

27-02-2025T17:36:51 - [TEST_STEP][PASSED] - myText = myText.trim(): null

27-02-2025T17:36:51 - [TEST_STEP][PASSED] - println(myKey): null

27-02-2025T17:36:51 - [TEST_STEP][PASSED] - println(myText): null

27-02-2025T17:36:51 - [TEST_STEP][PASSED] - println(tooltipTextMap.get(myKey)): null

27-02-2025T17:36:51 - [TEST_STEP][ERROR] - actualText = get(myKey).replace(""", ""): Test Cases/_Functions/Test Tooltips FAILED.
Reason:
java.lang.NullPointerException: Cannot invoke method replace() on null object
	at Test Tooltips.run(Test Tooltips:191)
	at com.kms.katalon.core.main.ScriptEngine.run(ScriptEngine.java:194)
	at com.kms.katalon.core.main.ScriptEngine.runScriptAsRawText(ScriptEngine.java:119)
	at com.kms.katalon.core.main.TestCaseExecutor.runScript(TestCaseExecutor.java:448)
	at com.kms.katalon.core.main.TestCaseExecutor.doExecute(TestCaseExecutor.java:439)
	at com.kms.katalon.core.main.TestCaseExecutor.processExecutionPhase(TestCaseExecutor.java:418)
	at com.kms.katalon.core.main.TestCaseExecutor.accessMainPhase(TestCaseExecutor.java:410)
	at com.kms.katalon.core.main.TestCaseExecutor.execute(TestCaseExecutor.java:285)
	at com.kms.katalon.core.main.TestCaseMain.runTestCase(TestCaseMain.java:137)
	at com.kms.katalon.core.keyword.builtin.CallTestCaseKeyword$_callTestCase_closure1.doCall(CallTestCaseKeyword.groovy:59)
	at com.kms.katalon.core.keyword.builtin.CallTestCaseKeyword$_callTestCase_closure1.call(CallTestCaseKeyword.groovy)
	at com.kms.katalon.core.keyword.internal.KeywordMain.runKeyword(KeywordMain.groovy:75)
	at com.kms.katalon.core.keyword.builtin.CallTestCaseKeyword.callTestCase(CallTestCaseKeyword.groovy:81)
	at com.kms.katalon.core.keyword.builtin.CallTestCaseKeyword.execute(CallTestCaseKeyword.groovy:44)
	at com.kms.katalon.core.keyword.internal.KeywordExecutor.executeKeywordForPlatform(KeywordExecutor.groovy:74)
	at com.kms.katalon.core.keyword.BuiltinKeywords.callTestCase(BuiltinKeywords.groovy:310)
	at java.base/jdk.internal.reflect.NativeMethodAccessorImpl.invoke0(Native Method)
	at java.base/jdk.internal.reflect.NativeMethodAccessorImpl.invoke(NativeMethodAccessorImpl.java:77)
	at java.base/jdk.internal.reflect.DelegatingMethodAccessorImpl.invoke(DelegatingMethodAccessorImpl.java:43)
	at Register Journey Partner.run(Register Journey Partner:158)
	at com.kms.katalon.core.main.ScriptEngine.run(ScriptEngine.java:194)
	at com.kms.katalon.core.main.ScriptEngine.runScriptAsRawText(ScriptEngine.java:119)
	at com.kms.katalon.core.main.TestCaseExecutor.runScript(TestCaseExecutor.java:448)
	at com.kms.katalon.core.main.TestCaseExecutor.doExecute(TestCaseExecutor.java:439)
	at com.kms.katalon.core.main.TestCaseExecutor.processExecutionPhase(TestCaseExecutor.java:418)
	at com.kms.katalon.core.main.TestCaseExecutor.accessMainPhase(TestCaseExecutor.java:410)
	at com.kms.katalon.core.main.TestCaseExecutor.execute(TestCaseExecutor.java:285)
	at com.kms.katalon.core.common.CommonExecutor.accessTestCaseMainPhase(CommonExecutor.java:65)
	at com.kms.katalon.core.main.TestSuiteExecutor.accessTestSuiteMainPhase(TestSuiteExecutor.java:150)
	at com.kms.katalon.core.main.TestSuiteExecutor.execute(TestSuiteExecutor.java:106)
	at com.kms.katalon.core.main.TestCaseMain.startTestSuite(TestCaseMain.java:180)
	at TempTestSuite1740698296994.run(TempTestSuite1740698296994.groovy:35)
	at java.base/jdk.internal.reflect.NativeMethodAccessorImpl.invoke0(Native Method)
	at java.base/jdk.internal.reflect.NativeMethodAccessorImpl.invoke(NativeMethodAccessorImpl.java:77)
	at java.base/jdk.internal.reflect.DelegatingMethodAccessorImpl.invoke(DelegatingMethodAccessorImpl.java:43)


27-02-2025T17:36:51 - [MESSAGE][ERROR] - Test Cases/_Functions/Test Tooltips FAILED.
Reason:
java.lang.NullPointerException: Cannot invoke method replace() on null object
	at Test Tooltips.run(Test Tooltips:191)
	at com.kms.katalon.core.main.ScriptEngine.run(ScriptEngine.java:194)
	at com.kms.katalon.core.main.ScriptEngine.runScriptAsRawText(ScriptEngine.java:119)
	at com.kms.katalon.core.main.TestCaseExecutor.runScript(TestCaseExecutor.java:448)
	at com.kms.katalon.core.main.TestCaseExecutor.doExecute(TestCaseExecutor.java:439)
	at com.kms.katalon.core.main.TestCaseExecutor.processExecutionPhase(TestCaseExecutor.java:418)
	at com.kms.katalon.core.main.TestCaseExecutor.accessMainPhase(TestCaseExecutor.java:410)
	at com.kms.katalon.core.main.TestCaseExecutor.execute(TestCaseExecutor.java:285)
	at com.kms.katalon.core.main.TestCaseMain.runTestCase(TestCaseMain.java:137)
	at com.kms.katalon.core.keyword.builtin.CallTestCaseKeyword$_callTestCase_closure1.doCall(CallTestCaseKeyword.groovy:59)
	at com.kms.katalon.core.keyword.builtin.CallTestCaseKeyword$_callTestCase_closure1.call(CallTestCaseKeyword.groovy)
	at com.kms.katalon.core.keyword.internal.KeywordMain.runKeyword(KeywordMain.groovy:75)
	at com.kms.katalon.core.keyword.builtin.CallTestCaseKeyword.callTestCase(CallTestCaseKeyword.groovy:81)
	at com.kms.katalon.core.keyword.builtin.CallTestCaseKeyword.execute(CallTestCaseKeyword.groovy:44)
	at com.kms.katalon.core.keyword.internal.KeywordExecutor.executeKeywordForPlatform(KeywordExecutor.groovy:74)
	at com.kms.katalon.core.keyword.BuiltinKeywords.callTestCase(BuiltinKeywords.groovy:310)
	at java.base/jdk.internal.reflect.NativeMethodAccessorImpl.invoke0(Native Method)
	at java.base/jdk.internal.reflect.NativeMethodAccessorImpl.invoke(NativeMethodAccessorImpl.java:77)
	at java.base/jdk.internal.reflect.DelegatingMethodAccessorImpl.invoke(DelegatingMethodAccessorImpl.java:43)
	at Register Journey Partner.run(Register Journey Partner:158)
	at com.kms.katalon.core.main.ScriptEngine.run(ScriptEngine.java:194)
	at com.kms.katalon.core.main.ScriptEngine.runScriptAsRawText(ScriptEngine.java:119)
	at com.kms.katalon.core.main.TestCaseExecutor.runScript(TestCaseExecutor.java:448)
	at com.kms.katalon.core.main.TestCaseExecutor.doExecute(TestCaseExecutor.java:439)
	at com.kms.katalon.core.main.TestCaseExecutor.processExecutionPhase(TestCaseExecutor.java:418)
	at com.kms.katalon.core.main.TestCaseExecutor.accessMainPhase(TestCaseExecutor.java:410)
	at com.kms.katalon.core.main.TestCaseExecutor.execute(TestCaseExecutor.java:285)
	at com.kms.katalon.core.common.CommonExecutor.accessTestCaseMainPhase(CommonExecutor.java:65)
	at com.kms.katalon.core.main.TestSuiteExecutor.accessTestSuiteMainPhase(TestSuiteExecutor.java:150)
	at com.kms.katalon.core.main.TestSuiteExecutor.execute(TestSuiteExecutor.java:106)
	at com.kms.katalon.core.main.TestCaseMain.startTestSuite(TestCaseMain.java:180)
	at TempTestSuite1740698296994.run(TempTestSuite1740698296994.groovy:35)
	at java.base/jdk.internal.reflect.NativeMethodAccessorImpl.invoke0(Native Method)
	at java.base/jdk.internal.reflect.NativeMethodAccessorImpl.invoke(NativeMethodAccessorImpl.java:77)
	at java.base/jdk.internal.reflect.DelegatingMethodAccessorImpl.invoke(DelegatingMethodAccessorImpl.java:43)


27-02-2025T17:36:51 - [MESSAGE][WARNING] - Unable to call Test Case 'Test Cases/_Functions/Test Tooltips' (Root cause: com.kms.katalon.core.exception.StepErrorException: Call Test Case 'Test Cases/_Functions/Test Tooltips' failed because of error(s)
	at com.kms.katalon.core.keyword.builtin.CallTestCaseKeyword$_callTestCase_closure1.doCall(CallTestCaseKeyword.groovy:66)
	at com.kms.katalon.core.keyword.builtin.CallTestCaseKeyword$_callTestCase_closure1.call(CallTestCaseKeyword.groovy)
	at com.kms.katalon.core.keyword.internal.KeywordMain.runKeyword(KeywordMain.groovy:75)
	at com.kms.katalon.core.keyword.builtin.CallTestCaseKeyword.callTestCase(CallTestCaseKeyword.groovy:81)
	at com.kms.katalon.core.keyword.builtin.CallTestCaseKeyword.execute(CallTestCaseKeyword.groovy:44)
	at com.kms.katalon.core.keyword.internal.KeywordExecutor.executeKeywordForPlatform(KeywordExecutor.groovy:74)
	at com.kms.katalon.core.keyword.BuiltinKeywords.callTestCase(BuiltinKeywords.groovy:310)
	at java.base/jdk.internal.reflect.NativeMethodAccessorImpl.invoke0(Native Method)
	at java.base/jdk.internal.reflect.NativeMethodAccessorImpl.invoke(NativeMethodAccessorImpl.java:77)
	at java.base/jdk.internal.reflect.DelegatingMethodAccessorImpl.invoke(DelegatingMethodAccessorImpl.java:43)
	at Register Journey Partner.run(Register Journey Partner:158)
	at com.kms.katalon.core.main.ScriptEngine.run(ScriptEngine.java:194)
	at com.kms.katalon.core.main.ScriptEngine.runScriptAsRawText(ScriptEngine.java:119)
	at com.kms.katalon.core.main.TestCaseExecutor.runScript(TestCaseExecutor.java:448)
	at com.kms.katalon.core.main.TestCaseExecutor.doExecute(TestCaseExecutor.java:439)
	at com.kms.katalon.core.main.TestCaseExecutor.processExecutionPhase(TestCaseExecutor.java:418)
	at com.kms.katalon.core.main.TestCaseExecutor.accessMainPhase(TestCaseExecutor.java:410)
	at com.kms.katalon.core.main.TestCaseExecutor.execute(TestCaseExecutor.java:285)
	at com.kms.katalon.core.common.CommonExecutor.accessTestCaseMainPhase(CommonExecutor.java:65)
	at com.kms.katalon.core.main.TestSuiteExecutor.accessTestSuiteMainPhase(TestSuiteExecutor.java:150)
	at com.kms.katalon.core.main.TestSuiteExecutor.execute(TestSuiteExecutor.java:106)
	at com.kms.katalon.core.main.TestCaseMain.startTestSuite(TestCaseMain.java:180)
	at TempTestSuite1740698296994.run(TempTestSuite1740698296994.groovy:35)
	at java.base/jdk.internal.reflect.NativeMethodAccessorImpl.invoke0(Native Method)
	at java.base/jdk.internal.reflect.NativeMethodAccessorImpl.invoke(NativeMethodAccessorImpl.java:77)
	at java.base/jdk.internal.reflect.DelegatingMethodAccessorImpl.invoke(DelegatingMethodAccessorImpl.java:43)
Caused by: java.lang.NullPointerException: Cannot invoke method replace() on null object
	at Test Tooltips.run(Test Tooltips:191)
	at com.kms.katalon.core.main.ScriptEngine.run(ScriptEngine.java:194)
	at com.kms.katalon.core.main.ScriptEngine.runScriptAsRawText(ScriptEngine.java:119)
	at com.kms.katalon.core.main.TestCaseExecutor.runScript(TestCaseExecutor.java:448)
	at com.kms.katalon.core.main.TestCaseExecutor.doExecute(TestCaseExecutor.java:439)
	at com.kms.katalon.core.main.TestCaseExecutor.processExecutionPhase(TestCaseExecutor.java:418)
	at com.kms.katalon.core.main.TestCaseExecutor.accessMainPhase(TestCaseExecutor.java:410)
	at com.kms.katalon.core.main.TestCaseExecutor.execute(TestCaseExecutor.java:285)
	at com.kms.katalon.core.main.TestCaseMain.runTestCase(TestCaseMain.java:137)
	at com.kms.katalon.core.keyword.builtin.CallTestCaseKeyword$_callTestCase_closure1.doCall(CallTestCaseKeyword.groovy:59)
	... 25 more
)

27-02-2025T17:36:51 - [TEST_STEP][PASSED] - callTestCase(findTestCase("_Functions/Test External Links"), ["varPageLinks":pageLinks, "varObjectPath":"Object Repository/Journey Partner Profile/Register/"], STOP_ON_FAILURE): Call Test Case 'Test Cases/_Functions/Test External Links' successfully

27-02-2025T17:36:51 - [TEST_CASE][PASSED] - Test Cases/_Functions/Test External Links: Test Cases/_Functions/Test External Links

27-02-2025T17:36:51 - [TEST_STEP][PASSED] - if (fastPath): null

27-02-2025T17:36:51 - [TEST_STEP][PASSED] - outFile = outFile: null

27-02-2025T17:36:51 - [TEST_STEP][PASSED] - pageLinks = varPageLinks: null

27-02-2025T17:36:51 - [TEST_STEP][PASSED] - println(pageLinks): null

27-02-2025T17:36:51 - [TEST_STEP][PASSED] - objectPath = varObjectPath: null

27-02-2025T17:36:51 - [TEST_STEP][PASSED] - println(objectPath): null

27-02-2025T17:36:51 - [TEST_STEP][PASSED] - callingTab = varCallingTab: null

27-02-2025T17:36:51 - [TEST_STEP][PASSED] - println(callingTab): null

27-02-2025T17:36:51 - [TEST_STEP][PASSED] - driver = getWebDriver(): null

27-02-2025T17:36:51 - [TEST_STEP][PASSED] - for (def it : pageLinks): Delayed 1 second(s)

27-02-2025T17:36:51 - [TEST_STEP][PASSED] - myElement = "a_" + key: null

27-02-2025T17:36:51 - [TEST_STEP][PASSED] - myText = value: null

27-02-2025T17:36:51 - [TEST_STEP][PASSED] - object = objectPath + myElement: null

27-02-2025T17:36:51 - [TEST_STEP][PASSED] - println(object): null

27-02-2025T17:36:51 - [TEST_STEP][PASSED] - fromURL = getUrl(): Current window's url is: 'https://journey.missionnext.org/signup/organization'

27-02-2025T17:36:51 - [MESSAGE][PASSED] - Current window's url is: 'https://journey.missionnext.org/signup/organization'

27-02-2025T17:36:51 - [TEST_STEP][PASSED] - callTestCase(findTestCase("_Functions/Perform Action"), ["varAction":"click", "varObject":object], OPTIONAL): Call Test Case 'Test Cases/_Functions/Perform Action' successfully

27-02-2025T17:36:51 - [TEST_CASE][PASSED] - Test Cases/_Functions/Perform Action: Test Cases/_Functions/Perform Action

27-02-2025T17:36:51 - [TEST_STEP][PASSED] - action = varAction: null

27-02-2025T17:36:51 - [TEST_STEP][PASSED] - println(action): null

27-02-2025T17:36:51 - [TEST_STEP][PASSED] - testObject = varObject: null

27-02-2025T17:36:51 - [TEST_STEP][PASSED] - println(testObject): null

27-02-2025T17:36:51 - [TEST_STEP][PASSED] - parm1 = varParm1: null

27-02-2025T17:36:51 - [TEST_STEP][PASSED] - println(parm1): null

27-02-2025T17:36:51 - [TEST_STEP][PASSED] - println("Converting " + testObject + " to web element"): null

27-02-2025T17:36:51 - [TEST_STEP][PASSED] - element = findWebElement(findTestObject(testObject), 1): null

27-02-2025T17:36:51 - [TEST_STEP][PASSED] - loc = element.getLocation(): null

27-02-2025T17:36:51 - [TEST_STEP][PASSED] - y = loc.getY(): null

27-02-2025T17:36:51 - [TEST_STEP][PASSED] - println("Y location is " + y): null

27-02-2025T17:36:51 - [TEST_STEP][PASSED] - top = getViewportTopPosition(): Current viewport's top (y) position is 1251

27-02-2025T17:36:51 - [MESSAGE][PASSED] - Current viewport's top (y) position is 1251

27-02-2025T17:36:51 - [TEST_STEP][PASSED] - println("Viewport top is " + top): null

27-02-2025T17:36:51 - [TEST_STEP][PASSED] - bottom = top + 600: null

27-02-2025T17:36:51 - [TEST_STEP][PASSED] - if (y - top < 150 || bottom - y < 10): null

27-02-2025T17:36:51 - [TEST_STEP][PASSED] - if (action == "click"): Object: 'Object Repository/Journey Partner Profile/Register/a_Affiliated Christian Organizations' is clicked on

27-02-2025T17:36:51 - [TEST_STEP][PASSED] - println("clicking"): null

27-02-2025T17:36:51 - [TEST_STEP][PASSED] - click(findTestObject(testObject)): Object: 'Object Repository/Journey Partner Profile/Register/a_Affiliated Christian Organizations' is clicked on

27-02-2025T17:36:51 - [MESSAGE][PASSED] - Object: 'Object Repository/Journey Partner Profile/Register/a_Affiliated Christian Organizations' is clicked on

27-02-2025T17:36:51 - [MESSAGE][PASSED] - Call Test Case 'Test Cases/_Functions/Perform Action' successfully

27-02-2025T17:36:51 - [TEST_STEP][PASSED] - toURL = getUrl(): Current window's url is: 'https://journey.missionnext.org/signup/organization'

27-02-2025T17:36:51 - [MESSAGE][PASSED] - Current window's url is: 'https://journey.missionnext.org/signup/organization'

27-02-2025T17:36:51 - [TEST_STEP][PASSED] - windowHandles = getWindowHandles().toArray(): null

27-02-2025T17:36:51 - [TEST_STEP][PASSED] - windowCount = windowHandles.size(): null

27-02-2025T17:36:51 - [TEST_STEP][PASSED] - if (windowCount == 2): Switched to window with index: '1'

27-02-2025T17:36:51 - [TEST_STEP][PASSED] - switchToWindowIndex(1): Switched to window with index: '1'

27-02-2025T17:36:51 - [MESSAGE][PASSED] - Switched to window with index: '1'

27-02-2025T17:36:51 - [TEST_STEP][PASSED] - if (windowCount == 1 && toURL == fromURL): null

27-02-2025T17:36:51 - [TEST_STEP][PASSED] - else: Text 'Affiliated Organizations' is present on page 

27-02-2025T17:36:51 - [TEST_STEP][PASSED] - waitForPageLoad(10): Wait for page load successfully

27-02-2025T17:36:54 - [MESSAGE][PASSED] - Wait for page load successfully

27-02-2025T17:36:54 - [TEST_STEP][PASSED] - delay(2): Delayed 2 second(s)

27-02-2025T17:36:56 - [MESSAGE][PASSED] - Delayed 2 second(s)

27-02-2025T17:36:56 - [TEST_STEP][PASSED] - textFound = verifyTextPresent(myText, false, OPTIONAL): Text 'Affiliated Organizations' is present on page 

27-02-2025T17:36:56 - [MESSAGE][PASSED] - Text 'Affiliated Organizations' is present on page 

27-02-2025T17:36:56 - [TEST_STEP][PASSED] - if (textFound): null

27-02-2025T17:36:56 - [TEST_STEP][PASSED] - outText = "+++++ The text "" + myText + "" was found after clicking on the " + key + " link": null

27-02-2025T17:36:56 - [TEST_STEP][PASSED] - println(outText): null

27-02-2025T17:36:56 - [TEST_STEP][PASSED] - outFile.append(outText + "
"): null

27-02-2025T17:36:56 - [TEST_STEP][PASSED] - if (windowCount == 2): Delayed 1 second(s)

27-02-2025T17:36:56 - [TEST_STEP][PASSED] - closeWindowIndex(1): Window with index 1 is closed

27-02-2025T17:36:56 - [MESSAGE][PASSED] - Window with index 1 is closed

27-02-2025T17:36:56 - [TEST_STEP][PASSED] - delay(1): Delayed 1 second(s)

27-02-2025T17:36:57 - [MESSAGE][PASSED] - Delayed 1 second(s)

27-02-2025T17:36:57 - [TEST_STEP][PASSED] - switchToWindowIndex(0): Switched to window with index: '0'

27-02-2025T17:36:57 - [MESSAGE][PASSED] - Switched to window with index: '0'

27-02-2025T17:36:57 - [TEST_STEP][PASSED] - delay(1): Delayed 1 second(s)

27-02-2025T17:36:58 - [MESSAGE][PASSED] - Delayed 1 second(s)

27-02-2025T17:36:58 - [TEST_STEP][PASSED] - myElement = "a_" + key: null

27-02-2025T17:36:58 - [TEST_STEP][PASSED] - myText = value: null

27-02-2025T17:36:58 - [TEST_STEP][PASSED] - object = objectPath + myElement: null

27-02-2025T17:36:58 - [TEST_STEP][PASSED] - println(object): null

27-02-2025T17:36:58 - [TEST_STEP][PASSED] - fromURL = getUrl(): Current window's url is: 'https://journey.missionnext.org/signup/organization'

27-02-2025T17:36:58 - [MESSAGE][PASSED] - Current window's url is: 'https://journey.missionnext.org/signup/organization'

27-02-2025T17:36:58 - [TEST_STEP][PASSED] - callTestCase(findTestCase("_Functions/Perform Action"), ["varAction":"click", "varObject":object], OPTIONAL): Call Test Case 'Test Cases/_Functions/Perform Action' successfully

27-02-2025T17:36:58 - [TEST_CASE][PASSED] - Test Cases/_Functions/Perform Action: Test Cases/_Functions/Perform Action

27-02-2025T17:36:58 - [TEST_STEP][PASSED] - action = varAction: null

27-02-2025T17:36:58 - [TEST_STEP][PASSED] - println(action): null

27-02-2025T17:36:58 - [TEST_STEP][PASSED] - testObject = varObject: null

27-02-2025T17:36:58 - [TEST_STEP][PASSED] - println(testObject): null

27-02-2025T17:36:58 - [TEST_STEP][PASSED] - parm1 = varParm1: null

27-02-2025T17:36:58 - [TEST_STEP][PASSED] - println(parm1): null

27-02-2025T17:36:58 - [TEST_STEP][PASSED] - println("Converting " + testObject + " to web element"): null

27-02-2025T17:36:58 - [TEST_STEP][PASSED] - element = findWebElement(findTestObject(testObject), 1): null

27-02-2025T17:36:58 - [TEST_STEP][PASSED] - loc = element.getLocation(): null

27-02-2025T17:36:58 - [TEST_STEP][PASSED] - y = loc.getY(): null

27-02-2025T17:36:58 - [TEST_STEP][PASSED] - println("Y location is " + y): null

27-02-2025T17:36:58 - [TEST_STEP][PASSED] - top = getViewportTopPosition(): Current viewport's top (y) position is 1251

27-02-2025T17:36:58 - [MESSAGE][PASSED] - Current viewport's top (y) position is 1251

27-02-2025T17:36:58 - [TEST_STEP][PASSED] - println("Viewport top is " + top): null

27-02-2025T17:36:58 - [TEST_STEP][PASSED] - bottom = top + 600: null

27-02-2025T17:36:58 - [TEST_STEP][PASSED] - if (y - top < 150 || bottom - y < 10): Delayed 1 second(s)

27-02-2025T17:36:58 - [TEST_STEP][PASSED] - scrollToPosition(0, y - 150): Browser is scrolled to position x = 0, y = 1790

27-02-2025T17:36:58 - [MESSAGE][PASSED] - Browser is scrolled to position x = 0, y = 1790

27-02-2025T17:36:58 - [TEST_STEP][PASSED] - delay(1): Delayed 1 second(s)

27-02-2025T17:36:59 - [MESSAGE][PASSED] - Delayed 1 second(s)

27-02-2025T17:36:59 - [TEST_STEP][PASSED] - if (action == "click"): Object: 'Object Repository/Journey Partner Profile/Register/a_Partnership Agreement' is clicked on

27-02-2025T17:36:59 - [TEST_STEP][PASSED] - println("clicking"): null

27-02-2025T17:36:59 - [TEST_STEP][PASSED] - click(findTestObject(testObject)): Object: 'Object Repository/Journey Partner Profile/Register/a_Partnership Agreement' is clicked on

27-02-2025T17:36:59 - [MESSAGE][PASSED] - Object: 'Object Repository/Journey Partner Profile/Register/a_Partnership Agreement' is clicked on

27-02-2025T17:36:59 - [MESSAGE][PASSED] - Call Test Case 'Test Cases/_Functions/Perform Action' successfully

27-02-2025T17:36:59 - [TEST_STEP][PASSED] - toURL = getUrl(): Current window's url is: 'https://journey.missionnext.org/signup/organization'

27-02-2025T17:36:59 - [MESSAGE][PASSED] - Current window's url is: 'https://journey.missionnext.org/signup/organization'

27-02-2025T17:36:59 - [TEST_STEP][PASSED] - windowHandles = getWindowHandles().toArray(): null

27-02-2025T17:36:59 - [TEST_STEP][PASSED] - windowCount = windowHandles.size(): null

27-02-2025T17:36:59 - [TEST_STEP][PASSED] - if (windowCount == 2): Switched to window with index: '1'

27-02-2025T17:36:59 - [TEST_STEP][PASSED] - switchToWindowIndex(1): Switched to window with index: '1'

27-02-2025T17:36:59 - [MESSAGE][PASSED] - Switched to window with index: '1'

27-02-2025T17:36:59 - [TEST_STEP][PASSED] - if (windowCount == 1 && toURL == fromURL): null

27-02-2025T17:36:59 - [TEST_STEP][PASSED] - else: Text 'Partnership Agreement' is present on page 

27-02-2025T17:36:59 - [TEST_STEP][PASSED] - waitForPageLoad(10): Wait for page load successfully

27-02-2025T17:37:01 - [MESSAGE][PASSED] - Wait for page load successfully

27-02-2025T17:37:01 - [TEST_STEP][PASSED] - delay(2): Delayed 2 second(s)

27-02-2025T17:37:03 - [MESSAGE][PASSED] - Delayed 2 second(s)

27-02-2025T17:37:03 - [TEST_STEP][PASSED] - textFound = verifyTextPresent(myText, false, OPTIONAL): Text 'Partnership Agreement' is present on page 

27-02-2025T17:37:03 - [MESSAGE][PASSED] - Text 'Partnership Agreement' is present on page 

27-02-2025T17:37:03 - [TEST_STEP][PASSED] - if (textFound): null

27-02-2025T17:37:03 - [TEST_STEP][PASSED] - outText = "+++++ The text "" + myText + "" was found after clicking on the " + key + " link": null

27-02-2025T17:37:03 - [TEST_STEP][PASSED] - println(outText): null

27-02-2025T17:37:03 - [TEST_STEP][PASSED] - outFile.append(outText + "
"): null

27-02-2025T17:37:03 - [TEST_STEP][PASSED] - if (windowCount == 2): Delayed 1 second(s)

27-02-2025T17:37:03 - [TEST_STEP][PASSED] - closeWindowIndex(1): Window with index 1 is closed

27-02-2025T17:37:03 - [MESSAGE][PASSED] - Window with index 1 is closed

27-02-2025T17:37:03 - [TEST_STEP][PASSED] - delay(1): Delayed 1 second(s)

27-02-2025T17:37:04 - [MESSAGE][PASSED] - Delayed 1 second(s)

27-02-2025T17:37:04 - [TEST_STEP][PASSED] - switchToWindowIndex(0): Switched to window with index: '0'

27-02-2025T17:37:04 - [MESSAGE][PASSED] - Switched to window with index: '0'

27-02-2025T17:37:04 - [TEST_STEP][PASSED] - delay(1): Delayed 1 second(s)

27-02-2025T17:37:05 - [MESSAGE][PASSED] - Delayed 1 second(s)

27-02-2025T17:37:05 - [TEST_STEP][PASSED] - myElement = "a_" + key: null

27-02-2025T17:37:05 - [TEST_STEP][PASSED] - myText = value: null

27-02-2025T17:37:05 - [TEST_STEP][PASSED] - object = objectPath + myElement: null

27-02-2025T17:37:05 - [TEST_STEP][PASSED] - println(object): null

27-02-2025T17:37:05 - [TEST_STEP][PASSED] - fromURL = getUrl(): Current window's url is: 'https://journey.missionnext.org/signup/organization'

27-02-2025T17:37:05 - [MESSAGE][PASSED] - Current window's url is: 'https://journey.missionnext.org/signup/organization'

27-02-2025T17:37:05 - [TEST_STEP][PASSED] - callTestCase(findTestCase("_Functions/Perform Action"), ["varAction":"click", "varObject":object], OPTIONAL): Call Test Case 'Test Cases/_Functions/Perform Action' successfully

27-02-2025T17:37:05 - [TEST_CASE][PASSED] - Test Cases/_Functions/Perform Action: Test Cases/_Functions/Perform Action

27-02-2025T17:37:05 - [TEST_STEP][PASSED] - action = varAction: null

27-02-2025T17:37:05 - [TEST_STEP][PASSED] - println(action): null

27-02-2025T17:37:05 - [TEST_STEP][PASSED] - testObject = varObject: null

27-02-2025T17:37:05 - [TEST_STEP][PASSED] - println(testObject): null

27-02-2025T17:37:05 - [TEST_STEP][PASSED] - parm1 = varParm1: null

27-02-2025T17:37:05 - [TEST_STEP][PASSED] - println(parm1): null

27-02-2025T17:37:05 - [TEST_STEP][PASSED] - println("Converting " + testObject + " to web element"): null

27-02-2025T17:37:05 - [TEST_STEP][PASSED] - element = findWebElement(findTestObject(testObject), 1): null

27-02-2025T17:37:05 - [TEST_STEP][PASSED] - loc = element.getLocation(): null

27-02-2025T17:37:05 - [TEST_STEP][PASSED] - y = loc.getY(): null

27-02-2025T17:37:05 - [TEST_STEP][PASSED] - println("Y location is " + y): null

27-02-2025T17:37:05 - [TEST_STEP][PASSED] - top = getViewportTopPosition(): Current viewport's top (y) position is 1655

27-02-2025T17:37:05 - [MESSAGE][PASSED] - Current viewport's top (y) position is 1655

27-02-2025T17:37:05 - [TEST_STEP][PASSED] - println("Viewport top is " + top): null

27-02-2025T17:37:05 - [TEST_STEP][PASSED] - bottom = top + 600: null

27-02-2025T17:37:05 - [TEST_STEP][PASSED] - if (y - top < 150 || bottom - y < 10): null

27-02-2025T17:37:05 - [TEST_STEP][PASSED] - if (action == "click"): Object: 'Object Repository/Journey Partner Profile/Register/a_Privacy Policy' is clicked on

27-02-2025T17:37:05 - [TEST_STEP][PASSED] - println("clicking"): null

27-02-2025T17:37:05 - [TEST_STEP][PASSED] - click(findTestObject(testObject)): Object: 'Object Repository/Journey Partner Profile/Register/a_Privacy Policy' is clicked on

27-02-2025T17:37:05 - [MESSAGE][PASSED] - Object: 'Object Repository/Journey Partner Profile/Register/a_Privacy Policy' is clicked on

27-02-2025T17:37:05 - [MESSAGE][PASSED] - Call Test Case 'Test Cases/_Functions/Perform Action' successfully

27-02-2025T17:37:05 - [TEST_STEP][PASSED] - toURL = getUrl(): Current window's url is: 'https://journey.missionnext.org/signup/organization'

27-02-2025T17:37:05 - [MESSAGE][PASSED] - Current window's url is: 'https://journey.missionnext.org/signup/organization'

27-02-2025T17:37:05 - [TEST_STEP][PASSED] - windowHandles = getWindowHandles().toArray(): null

27-02-2025T17:37:05 - [TEST_STEP][PASSED] - windowCount = windowHandles.size(): null

27-02-2025T17:37:05 - [TEST_STEP][PASSED] - if (windowCount == 2): Switched to window with index: '1'

27-02-2025T17:37:05 - [TEST_STEP][PASSED] - switchToWindowIndex(1): Switched to window with index: '1'

27-02-2025T17:37:05 - [MESSAGE][PASSED] - Switched to window with index: '1'

27-02-2025T17:37:05 - [TEST_STEP][PASSED] - if (windowCount == 1 && toURL == fromURL): null

27-02-2025T17:37:05 - [TEST_STEP][PASSED] - else: Text 'Privacy Policy' is present on page 

27-02-2025T17:37:05 - [TEST_STEP][PASSED] - waitForPageLoad(10): Wait for page load successfully

27-02-2025T17:37:07 - [MESSAGE][PASSED] - Wait for page load successfully

27-02-2025T17:37:07 - [TEST_STEP][PASSED] - delay(2): Delayed 2 second(s)

27-02-2025T17:37:09 - [MESSAGE][PASSED] - Delayed 2 second(s)

27-02-2025T17:37:09 - [TEST_STEP][PASSED] - textFound = verifyTextPresent(myText, false, OPTIONAL): Text 'Privacy Policy' is present on page 

27-02-2025T17:37:09 - [MESSAGE][PASSED] - Text 'Privacy Policy' is present on page 

27-02-2025T17:37:09 - [TEST_STEP][PASSED] - if (textFound): null

27-02-2025T17:37:09 - [TEST_STEP][PASSED] - outText = "+++++ The text "" + myText + "" was found after clicking on the " + key + " link": null

27-02-2025T17:37:09 - [TEST_STEP][PASSED] - println(outText): null

27-02-2025T17:37:09 - [TEST_STEP][PASSED] - outFile.append(outText + "
"): null

27-02-2025T17:37:09 - [TEST_STEP][PASSED] - if (windowCount == 2): Delayed 1 second(s)

27-02-2025T17:37:09 - [TEST_STEP][PASSED] - closeWindowIndex(1): Window with index 1 is closed

27-02-2025T17:37:09 - [MESSAGE][PASSED] - Window with index 1 is closed

27-02-2025T17:37:09 - [TEST_STEP][PASSED] - delay(1): Delayed 1 second(s)

27-02-2025T17:37:10 - [MESSAGE][PASSED] - Delayed 1 second(s)

27-02-2025T17:37:10 - [TEST_STEP][PASSED] - switchToWindowIndex(0): Switched to window with index: '0'

27-02-2025T17:37:10 - [MESSAGE][PASSED] - Switched to window with index: '0'

27-02-2025T17:37:10 - [TEST_STEP][PASSED] - delay(1): Delayed 1 second(s)

27-02-2025T17:37:11 - [MESSAGE][PASSED] - Delayed 1 second(s)

27-02-2025T17:37:11 - [TEST_STEP][PASSED] - myElement = "a_" + key: null

27-02-2025T17:37:11 - [TEST_STEP][PASSED] - myText = value: null

27-02-2025T17:37:11 - [TEST_STEP][PASSED] - object = objectPath + myElement: null

27-02-2025T17:37:11 - [TEST_STEP][PASSED] - println(object): null

27-02-2025T17:37:11 - [TEST_STEP][PASSED] - fromURL = getUrl(): Current window's url is: 'https://journey.missionnext.org/signup/organization'

27-02-2025T17:37:11 - [MESSAGE][PASSED] - Current window's url is: 'https://journey.missionnext.org/signup/organization'

27-02-2025T17:37:11 - [TEST_STEP][PASSED] - callTestCase(findTestCase("_Functions/Perform Action"), ["varAction":"click", "varObject":object], OPTIONAL): Call Test Case 'Test Cases/_Functions/Perform Action' successfully

27-02-2025T17:37:11 - [TEST_CASE][PASSED] - Test Cases/_Functions/Perform Action: Test Cases/_Functions/Perform Action

27-02-2025T17:37:11 - [TEST_STEP][PASSED] - action = varAction: null

27-02-2025T17:37:11 - [TEST_STEP][PASSED] - println(action): null

27-02-2025T17:37:11 - [TEST_STEP][PASSED] - testObject = varObject: null

27-02-2025T17:37:11 - [TEST_STEP][PASSED] - println(testObject): null

27-02-2025T17:37:11 - [TEST_STEP][PASSED] - parm1 = varParm1: null

27-02-2025T17:37:11 - [TEST_STEP][PASSED] - println(parm1): null

27-02-2025T17:37:11 - [TEST_STEP][PASSED] - println("Converting " + testObject + " to web element"): null

27-02-2025T17:37:11 - [TEST_STEP][PASSED] - element = findWebElement(findTestObject(testObject), 1): null

27-02-2025T17:37:11 - [TEST_STEP][PASSED] - loc = element.getLocation(): null

27-02-2025T17:37:11 - [TEST_STEP][PASSED] - y = loc.getY(): null

27-02-2025T17:37:11 - [TEST_STEP][PASSED] - println("Y location is " + y): null

27-02-2025T17:37:11 - [TEST_STEP][PASSED] - top = getViewportTopPosition(): Current viewport's top (y) position is 1655

27-02-2025T17:37:11 - [MESSAGE][PASSED] - Current viewport's top (y) position is 1655

27-02-2025T17:37:11 - [TEST_STEP][PASSED] - println("Viewport top is " + top): null

27-02-2025T17:37:11 - [TEST_STEP][PASSED] - bottom = top + 600: null

27-02-2025T17:37:11 - [TEST_STEP][PASSED] - if (y - top < 150 || bottom - y < 10): null

27-02-2025T17:37:11 - [TEST_STEP][PASSED] - if (action == "click"): Object: 'Object Repository/Journey Partner Profile/Register/a_Terms and Conditions' is clicked on

27-02-2025T17:37:11 - [TEST_STEP][PASSED] - println("clicking"): null

27-02-2025T17:37:11 - [TEST_STEP][PASSED] - click(findTestObject(testObject)): Object: 'Object Repository/Journey Partner Profile/Register/a_Terms and Conditions' is clicked on

27-02-2025T17:37:11 - [MESSAGE][PASSED] - Object: 'Object Repository/Journey Partner Profile/Register/a_Terms and Conditions' is clicked on

27-02-2025T17:37:11 - [MESSAGE][PASSED] - Call Test Case 'Test Cases/_Functions/Perform Action' successfully

27-02-2025T17:37:11 - [TEST_STEP][PASSED] - toURL = getUrl(): Current window's url is: 'https://journey.missionnext.org/signup/organization'

27-02-2025T17:37:11 - [MESSAGE][PASSED] - Current window's url is: 'https://journey.missionnext.org/signup/organization'

27-02-2025T17:37:11 - [TEST_STEP][PASSED] - windowHandles = getWindowHandles().toArray(): null

27-02-2025T17:37:11 - [TEST_STEP][PASSED] - windowCount = windowHandles.size(): null

27-02-2025T17:37:11 - [TEST_STEP][PASSED] - if (windowCount == 2): Switched to window with index: '1'

27-02-2025T17:37:11 - [TEST_STEP][PASSED] - switchToWindowIndex(1): Switched to window with index: '1'

27-02-2025T17:37:11 - [MESSAGE][PASSED] - Switched to window with index: '1'

27-02-2025T17:37:11 - [TEST_STEP][PASSED] - if (windowCount == 1 && toURL == fromURL): null

27-02-2025T17:37:11 - [TEST_STEP][PASSED] - else: Text 'Terms and Conditions' is present on page 

27-02-2025T17:37:11 - [TEST_STEP][PASSED] - waitForPageLoad(10): Wait for page load successfully

27-02-2025T17:37:13 - [MESSAGE][PASSED] - Wait for page load successfully

27-02-2025T17:37:13 - [TEST_STEP][PASSED] - delay(2): Delayed 2 second(s)

27-02-2025T17:37:15 - [MESSAGE][PASSED] - Delayed 2 second(s)

27-02-2025T17:37:15 - [TEST_STEP][PASSED] - textFound = verifyTextPresent(myText, false, OPTIONAL): Text 'Terms and Conditions' is present on page 

27-02-2025T17:37:15 - [MESSAGE][PASSED] - Text 'Terms and Conditions' is present on page 

27-02-2025T17:37:15 - [TEST_STEP][PASSED] - if (textFound): null

27-02-2025T17:37:15 - [TEST_STEP][PASSED] - outText = "+++++ The text "" + myText + "" was found after clicking on the " + key + " link": null

27-02-2025T17:37:15 - [TEST_STEP][PASSED] - println(outText): null

27-02-2025T17:37:15 - [TEST_STEP][PASSED] - outFile.append(outText + "
"): null

27-02-2025T17:37:15 - [TEST_STEP][PASSED] - if (windowCount == 2): Delayed 1 second(s)

27-02-2025T17:37:15 - [TEST_STEP][PASSED] - closeWindowIndex(1): Window with index 1 is closed

27-02-2025T17:37:15 - [MESSAGE][PASSED] - Window with index 1 is closed

27-02-2025T17:37:15 - [TEST_STEP][PASSED] - delay(1): Delayed 1 second(s)

27-02-2025T17:37:16 - [MESSAGE][PASSED] - Delayed 1 second(s)

27-02-2025T17:37:16 - [TEST_STEP][PASSED] - switchToWindowIndex(0): Switched to window with index: '0'

27-02-2025T17:37:16 - [MESSAGE][PASSED] - Switched to window with index: '0'

27-02-2025T17:37:16 - [TEST_STEP][PASSED] - delay(1): Delayed 1 second(s)

27-02-2025T17:37:17 - [MESSAGE][PASSED] - Delayed 1 second(s)

27-02-2025T17:37:17 - [MESSAGE][PASSED] - Call Test Case 'Test Cases/_Functions/Test External Links' successfully

27-02-2025T17:37:17 - [TEST_STEP][PASSED] - object = "Journey Partner Profile/Register/button_Sign up": null

27-02-2025T17:37:17 - [TEST_STEP][PASSED] - callTestCase(findTestCase("_Functions/Perform Action"), ["varAction":"click", "varObject":object], STOP_ON_FAILURE): Call Test Case 'Test Cases/_Functions/Perform Action' successfully

27-02-2025T17:37:17 - [TEST_CASE][PASSED] - Test Cases/_Functions/Perform Action: Test Cases/_Functions/Perform Action

27-02-2025T17:37:17 - [TEST_STEP][PASSED] - action = varAction: null

27-02-2025T17:37:17 - [TEST_STEP][PASSED] - println(action): null

27-02-2025T17:37:17 - [TEST_STEP][PASSED] - testObject = varObject: null

27-02-2025T17:37:17 - [TEST_STEP][PASSED] - println(testObject): null

27-02-2025T17:37:17 - [TEST_STEP][PASSED] - parm1 = varParm1: null

27-02-2025T17:37:17 - [TEST_STEP][PASSED] - println(parm1): null

27-02-2025T17:37:17 - [TEST_STEP][PASSED] - println("Converting " + testObject + " to web element"): null

27-02-2025T17:37:17 - [TEST_STEP][PASSED] - element = findWebElement(findTestObject(testObject), 1): null

27-02-2025T17:37:17 - [TEST_STEP][PASSED] - loc = element.getLocation(): null

27-02-2025T17:37:17 - [TEST_STEP][PASSED] - y = loc.getY(): null

27-02-2025T17:37:17 - [TEST_STEP][PASSED] - println("Y location is " + y): null

27-02-2025T17:37:17 - [TEST_STEP][PASSED] - top = getViewportTopPosition(): Current viewport's top (y) position is 1655

27-02-2025T17:37:17 - [MESSAGE][PASSED] - Current viewport's top (y) position is 1655

27-02-2025T17:37:17 - [TEST_STEP][PASSED] - println("Viewport top is " + top): null

27-02-2025T17:37:17 - [TEST_STEP][PASSED] - bottom = top + 600: null

27-02-2025T17:37:17 - [TEST_STEP][PASSED] - if (y - top < 150 || bottom - y < 10): null

27-02-2025T17:37:17 - [TEST_STEP][PASSED] - if (action == "click"): Object: 'Object Repository/Journey Partner Profile/Register/button_Sign up' is clicked on

27-02-2025T17:37:17 - [TEST_STEP][PASSED] - println("clicking"): null

27-02-2025T17:37:17 - [TEST_STEP][PASSED] - click(findTestObject(testObject)): Object: 'Object Repository/Journey Partner Profile/Register/button_Sign up' is clicked on

27-02-2025T17:37:20 - [MESSAGE][PASSED] - Object: 'Object Repository/Journey Partner Profile/Register/button_Sign up' is clicked on

27-02-2025T17:37:20 - [MESSAGE][PASSED] - Call Test Case 'Test Cases/_Functions/Perform Action' successfully

27-02-2025T17:37:20 - [TEST_STEP][PASSED] - fieldList = ["Username", "Password", "Key Contact Email"]: null

27-02-2025T17:37:20 - [TEST_STEP][PASSED] - outText = "Verifying the field messages for " + fieldList + ".
": null

27-02-2025T17:37:20 - [TEST_STEP][PASSED] - outFile.append(outText): null

27-02-2025T17:37:20 - [TEST_STEP][PASSED] - callTestCase(findTestCase("_Functions/Test Field Error Messages"), ["varFieldList":fieldList, "varRequiredFieldMsgs":requiredFieldMsgs], STOP_ON_FAILURE): Call Test Case 'Test Cases/_Functions/Test Field Error Messages' successfully

27-02-2025T17:37:20 - [TEST_CASE][PASSED] - Test Cases/_Functions/Test Field Error Messages: Test Cases/_Functions/Test Field Error Messages

27-02-2025T17:37:20 - [TEST_STEP][PASSED] - count = callTestCase(findTestCase("_Functions/Find error messages"), ["varFunction":"count"], STOP_ON_FAILURE): Call Test Case 'Test Cases/_Functions/Find error messages' successfully

27-02-2025T17:37:20 - [TEST_CASE][PASSED] - Test Cases/_Functions/Find error messages: Test Cases/_Functions/Find error messages

27-02-2025T17:37:20 - [TEST_STEP][PASSED] - function = "count": null

27-02-2025T17:37:20 - [TEST_STEP][PASSED] - if (binding.hasVariable("varFunction")): null

27-02-2025T17:37:20 - [TEST_STEP][PASSED] - function = varFunction: null

27-02-2025T17:37:20 - [TEST_STEP][PASSED] - title = getWindowTitle(): Current window's title is: 'Journey'

27-02-2025T17:37:20 - [MESSAGE][PASSED] - Current window's title is: 'Journey'

27-02-2025T17:37:20 - [TEST_STEP][PASSED] - println("Page title is " + title): null

27-02-2025T17:37:20 - [TEST_STEP][PASSED] - driver = getWebDriver(): null

27-02-2025T17:37:20 - [TEST_STEP][PASSED] - elements = driver.findElements(By.xpath("//div[@class='col-sm-offset-3 col-sm-9 text-danger']")): null

27-02-2025T17:37:20 - [TEST_STEP][PASSED] - if (function == "count"): null

27-02-2025T17:37:20 - [TEST_STEP][PASSED] - return elements.size(): null

27-02-2025T17:37:20 - [MESSAGE][PASSED] - Call Test Case 'Test Cases/_Functions/Find error messages' successfully

27-02-2025T17:37:20 - [TEST_STEP][PASSED] - outFile = outFile: null

27-02-2025T17:37:20 - [TEST_STEP][PASSED] - if (count == 0): null

27-02-2025T17:37:20 - [TEST_STEP][PASSED] - else: Delayed 0 second(s)

27-02-2025T17:37:20 - [TEST_STEP][PASSED] - fieldList = varFieldList: null

27-02-2025T17:37:20 - [TEST_STEP][PASSED] - requiredFieldMsgs = varRequiredFieldMsgs: null

27-02-2025T17:37:20 - [TEST_STEP][PASSED] - outText = "Verifying error messages for fields " + fieldList: null

27-02-2025T17:37:20 - [TEST_STEP][PASSED] - for (def field : fieldList): null

27-02-2025T17:37:20 - [TEST_STEP][PASSED] - errorMsg = requiredFieldMsgs.get(field): null

27-02-2025T17:37:20 - [TEST_STEP][PASSED] - msg = verifyTextPresent(errorMsg, false, OPTIONAL): Text 'Username must be unique; at least 6 characters; contain only lowercase letters; allowable characters: numbers, @, dash, underscore or period, and can be an email address.' is present on page 

27-02-2025T17:37:20 - [MESSAGE][PASSED] - Text 'Username must be unique; at least 6 characters; contain only lowercase letters; allowable characters: numbers, @, dash, underscore or period, and can be an email address.' is present on page 

27-02-2025T17:37:20 - [TEST_STEP][PASSED] - println(field + ":" + msg): null

27-02-2025T17:37:20 - [TEST_STEP][PASSED] - if (!(msg)): null

27-02-2025T17:37:20 - [TEST_STEP][PASSED] - errorMsg = requiredFieldMsgs.get(field): null

27-02-2025T17:37:20 - [TEST_STEP][PASSED] - msg = verifyTextPresent(errorMsg, false, OPTIONAL): Text 'The password should be at least twelve characters long; should include numbers, letters, capitals; may have special characters (@, #, *, spaces, etc.) and may include a passphrase.' is present on page 

27-02-2025T17:37:20 - [MESSAGE][PASSED] - Text 'The password should be at least twelve characters long; should include numbers, letters, capitals; may have special characters (@, #, *, spaces, etc.) and may include a passphrase.' is present on page 

27-02-2025T17:37:20 - [TEST_STEP][PASSED] - println(field + ":" + msg): null

27-02-2025T17:37:20 - [TEST_STEP][PASSED] - if (!(msg)): null

27-02-2025T17:37:20 - [TEST_STEP][PASSED] - errorMsg = requiredFieldMsgs.get(field): null

27-02-2025T17:37:20 - [TEST_STEP][PASSED] - msg = verifyTextPresent(errorMsg, false, OPTIONAL): Text 'Please enter a valid email address.' is present on page 

27-02-2025T17:37:21 - [MESSAGE][PASSED] - Text 'Please enter a valid email address.' is present on page 

27-02-2025T17:37:21 - [TEST_STEP][PASSED] - println(field + ":" + msg): null

27-02-2025T17:37:21 - [TEST_STEP][PASSED] - if (!(msg)): null

27-02-2025T17:37:21 - [TEST_STEP][PASSED] - delay(fieldTestDelay): Delayed 0 second(s)

27-02-2025T17:37:21 - [MESSAGE][PASSED] - Delayed 0 second(s)

27-02-2025T17:37:21 - [MESSAGE][PASSED] - Call Test Case 'Test Cases/_Functions/Test Field Error Messages' successfully

27-02-2025T17:37:21 - [TEST_STEP][PASSED] - object = "Journey Partner Profile/Register/input_Username": null

27-02-2025T17:37:21 - [TEST_STEP][PASSED] - callTestCase(findTestCase("_Functions/Perform Action"), ["varAction":"setText", "varObject":object, "varParm1":username], STOP_ON_FAILURE): Call Test Case 'Test Cases/_Functions/Perform Action' successfully

27-02-2025T17:37:21 - [TEST_CASE][PASSED] - Test Cases/_Functions/Perform Action: Test Cases/_Functions/Perform Action

27-02-2025T17:37:21 - [TEST_STEP][PASSED] - action = varAction: null

27-02-2025T17:37:21 - [TEST_STEP][PASSED] - println(action): null

27-02-2025T17:37:21 - [TEST_STEP][PASSED] - testObject = varObject: null

27-02-2025T17:37:21 - [TEST_STEP][PASSED] - println(testObject): null

27-02-2025T17:37:21 - [TEST_STEP][PASSED] - parm1 = varParm1: null

27-02-2025T17:37:21 - [TEST_STEP][PASSED] - println(parm1): null

27-02-2025T17:37:21 - [TEST_STEP][PASSED] - println("Converting " + testObject + " to web element"): null

27-02-2025T17:37:21 - [TEST_STEP][PASSED] - element = findWebElement(findTestObject(testObject), 1): null

27-02-2025T17:37:21 - [TEST_STEP][PASSED] - loc = element.getLocation(): null

27-02-2025T17:37:21 - [TEST_STEP][PASSED] - y = loc.getY(): null

27-02-2025T17:37:21 - [TEST_STEP][PASSED] - println("Y location is " + y): null

27-02-2025T17:37:21 - [TEST_STEP][PASSED] - top = getViewportTopPosition(): Current viewport's top (y) position is 0

27-02-2025T17:37:21 - [MESSAGE][PASSED] - Current viewport's top (y) position is 0

27-02-2025T17:37:21 - [TEST_STEP][PASSED] - println("Viewport top is " + top): null

27-02-2025T17:37:21 - [TEST_STEP][PASSED] - bottom = top + 600: null

27-02-2025T17:37:21 - [TEST_STEP][PASSED] - if (y - top < 150 || bottom - y < 10): null

27-02-2025T17:37:21 - [TEST_STEP][PASSED] - if (action == "click"): null

27-02-2025T17:37:21 - [TEST_STEP][PASSED] - else if (action == "selectOptionByValue"): null

27-02-2025T17:37:21 - [TEST_STEP][PASSED] - else if (action == "setText"): Text 'cktest07jp' is set on object 'Object Repository/Journey Partner Profile/Register/input_Username'

27-02-2025T17:37:21 - [TEST_STEP][PASSED] - println("Setting text " + parm1): null

27-02-2025T17:37:21 - [TEST_STEP][PASSED] - setText(findTestObject(testObject), parm1): Text 'cktest07jp' is set on object 'Object Repository/Journey Partner Profile/Register/input_Username'

27-02-2025T17:37:21 - [MESSAGE][PASSED] - Text 'cktest07jp' is set on object 'Object Repository/Journey Partner Profile/Register/input_Username'

27-02-2025T17:37:21 - [MESSAGE][PASSED] - Call Test Case 'Test Cases/_Functions/Perform Action' successfully

27-02-2025T17:37:21 - [TEST_STEP][PASSED] - object = "Journey Partner Profile/Register/input_Password": null

27-02-2025T17:37:21 - [TEST_STEP][PASSED] - callTestCase(findTestCase("_Functions/Perform Action"), ["varAction":"setEncryptedText", "varObject":object, "varParm1":password], STOP_ON_FAILURE): Call Test Case 'Test Cases/_Functions/Perform Action' successfully

27-02-2025T17:37:21 - [TEST_CASE][PASSED] - Test Cases/_Functions/Perform Action: Test Cases/_Functions/Perform Action

27-02-2025T17:37:21 - [TEST_STEP][PASSED] - action = varAction: null

27-02-2025T17:37:21 - [TEST_STEP][PASSED] - println(action): null

27-02-2025T17:37:21 - [TEST_STEP][PASSED] - testObject = varObject: null

27-02-2025T17:37:21 - [TEST_STEP][PASSED] - println(testObject): null

27-02-2025T17:37:21 - [TEST_STEP][PASSED] - parm1 = varParm1: null

27-02-2025T17:37:21 - [TEST_STEP][PASSED] - println(parm1): null

27-02-2025T17:37:21 - [TEST_STEP][PASSED] - println("Converting " + testObject + " to web element"): null

27-02-2025T17:37:21 - [TEST_STEP][PASSED] - element = findWebElement(findTestObject(testObject), 1): null

27-02-2025T17:37:21 - [TEST_STEP][PASSED] - loc = element.getLocation(): null

27-02-2025T17:37:21 - [TEST_STEP][PASSED] - y = loc.getY(): null

27-02-2025T17:37:21 - [TEST_STEP][PASSED] - println("Y location is " + y): null

27-02-2025T17:37:21 - [TEST_STEP][PASSED] - top = getViewportTopPosition(): Current viewport's top (y) position is 0

27-02-2025T17:37:21 - [MESSAGE][PASSED] - Current viewport's top (y) position is 0

27-02-2025T17:37:21 - [TEST_STEP][PASSED] - println("Viewport top is " + top): null

27-02-2025T17:37:21 - [TEST_STEP][PASSED] - bottom = top + 600: null

27-02-2025T17:37:21 - [TEST_STEP][PASSED] - if (y - top < 150 || bottom - y < 10): null

27-02-2025T17:37:21 - [TEST_STEP][PASSED] - if (action == "click"): null

27-02-2025T17:37:21 - [TEST_STEP][PASSED] - else if (action == "selectOptionByValue"): null

27-02-2025T17:37:21 - [TEST_STEP][PASSED] - else if (action == "setText"): null

27-02-2025T17:37:21 - [TEST_STEP][PASSED] - else if (action == "setEncryptedText"): Text ****** has been set on object 'Object Repository/Journey Partner Profile/Register/input_Password'

27-02-2025T17:37:21 - [TEST_STEP][PASSED] - println("Setting encrypted text " + parm1): null

27-02-2025T17:37:21 - [TEST_STEP][PASSED] - setEncryptedText(findTestObject(testObject), parm1): Text ****** has been set on object 'Object Repository/Journey Partner Profile/Register/input_Password'

27-02-2025T17:37:21 - [MESSAGE][PASSED] - Text ****** has been set on object 'Object Repository/Journey Partner Profile/Register/input_Password'

27-02-2025T17:37:21 - [MESSAGE][PASSED] - Call Test Case 'Test Cases/_Functions/Perform Action' successfully

27-02-2025T17:37:21 - [TEST_STEP][PASSED] - object = "Journey Partner Profile/Register/input_Key Contact Email": null

27-02-2025T17:37:21 - [TEST_STEP][PASSED] - callTestCase(findTestCase("_Functions/Perform Action"), ["varAction":"setText", "varObject":object, "varParm1":email], STOP_ON_FAILURE): Call Test Case 'Test Cases/_Functions/Perform Action' successfully

27-02-2025T17:37:21 - [TEST_CASE][PASSED] - Test Cases/_Functions/Perform Action: Test Cases/_Functions/Perform Action

27-02-2025T17:37:21 - [TEST_STEP][PASSED] - action = varAction: null

27-02-2025T17:37:21 - [TEST_STEP][PASSED] - println(action): null

27-02-2025T17:37:21 - [TEST_STEP][PASSED] - testObject = varObject: null

27-02-2025T17:37:21 - [TEST_STEP][PASSED] - println(testObject): null

27-02-2025T17:37:21 - [TEST_STEP][PASSED] - parm1 = varParm1: null

27-02-2025T17:37:21 - [TEST_STEP][PASSED] - println(parm1): null

27-02-2025T17:37:21 - [TEST_STEP][PASSED] - println("Converting " + testObject + " to web element"): null

27-02-2025T17:37:21 - [TEST_STEP][PASSED] - element = findWebElement(findTestObject(testObject), 1): null

27-02-2025T17:37:21 - [TEST_STEP][PASSED] - loc = element.getLocation(): null

27-02-2025T17:37:21 - [TEST_STEP][PASSED] - y = loc.getY(): null

27-02-2025T17:37:21 - [TEST_STEP][PASSED] - println("Y location is " + y): null

27-02-2025T17:37:21 - [TEST_STEP][PASSED] - top = getViewportTopPosition(): Current viewport's top (y) position is 0

27-02-2025T17:37:21 - [MESSAGE][PASSED] - Current viewport's top (y) position is 0

27-02-2025T17:37:21 - [TEST_STEP][PASSED] - println("Viewport top is " + top): null

27-02-2025T17:37:21 - [TEST_STEP][PASSED] - bottom = top + 600: null

27-02-2025T17:37:21 - [TEST_STEP][PASSED] - if (y - top < 150 || bottom - y < 10): Delayed 1 second(s)

27-02-2025T17:37:21 - [TEST_STEP][PASSED] - scrollToPosition(0, y - 150): Browser is scrolled to position x = 0, y = 656

27-02-2025T17:37:21 - [MESSAGE][PASSED] - Browser is scrolled to position x = 0, y = 656

27-02-2025T17:37:21 - [TEST_STEP][PASSED] - delay(1): Delayed 1 second(s)

27-02-2025T17:37:22 - [MESSAGE][PASSED] - Delayed 1 second(s)

27-02-2025T17:37:22 - [TEST_STEP][PASSED] - if (action == "click"): null

27-02-2025T17:37:22 - [TEST_STEP][PASSED] - else if (action == "selectOptionByValue"): null

27-02-2025T17:37:22 - [TEST_STEP][PASSED] - else if (action == "setText"): Text 'cktest07@missionnext.org' is set on object 'Object Repository/Journey Partner Profile/Register/input_Key Contact Email'

27-02-2025T17:37:22 - [TEST_STEP][PASSED] - println("Setting text " + parm1): null

27-02-2025T17:37:22 - [TEST_STEP][PASSED] - setText(findTestObject(testObject), parm1): Text 'cktest07@missionnext.org' is set on object 'Object Repository/Journey Partner Profile/Register/input_Key Contact Email'

27-02-2025T17:37:22 - [MESSAGE][PASSED] - Text 'cktest07@missionnext.org' is set on object 'Object Repository/Journey Partner Profile/Register/input_Key Contact Email'

27-02-2025T17:37:22 - [MESSAGE][PASSED] - Call Test Case 'Test Cases/_Functions/Perform Action' successfully

27-02-2025T17:37:22 - [TEST_STEP][PASSED] - object = "Journey Partner Profile/Register/button_Sign up": null

27-02-2025T17:37:22 - [TEST_STEP][PASSED] - callTestCase(findTestCase("_Functions/Perform Action"), ["varAction":"click", "varObject":object], STOP_ON_FAILURE): Call Test Case 'Test Cases/_Functions/Perform Action' successfully

27-02-2025T17:37:22 - [TEST_CASE][PASSED] - Test Cases/_Functions/Perform Action: Test Cases/_Functions/Perform Action

27-02-2025T17:37:22 - [TEST_STEP][PASSED] - action = varAction: null

27-02-2025T17:37:22 - [TEST_STEP][PASSED] - println(action): null

27-02-2025T17:37:22 - [TEST_STEP][PASSED] - testObject = varObject: null

27-02-2025T17:37:22 - [TEST_STEP][PASSED] - println(testObject): null

27-02-2025T17:37:22 - [TEST_STEP][PASSED] - parm1 = varParm1: null

27-02-2025T17:37:22 - [TEST_STEP][PASSED] - println(parm1): null

27-02-2025T17:37:22 - [TEST_STEP][PASSED] - println("Converting " + testObject + " to web element"): null

27-02-2025T17:37:22 - [TEST_STEP][PASSED] - element = findWebElement(findTestObject(testObject), 1): null

27-02-2025T17:37:22 - [TEST_STEP][PASSED] - loc = element.getLocation(): null

27-02-2025T17:37:22 - [TEST_STEP][PASSED] - y = loc.getY(): null

27-02-2025T17:37:22 - [TEST_STEP][PASSED] - println("Y location is " + y): null

27-02-2025T17:37:22 - [TEST_STEP][PASSED] - top = getViewportTopPosition(): Current viewport's top (y) position is 656

27-02-2025T17:37:22 - [MESSAGE][PASSED] - Current viewport's top (y) position is 656

27-02-2025T17:37:22 - [TEST_STEP][PASSED] - println("Viewport top is " + top): null

27-02-2025T17:37:22 - [TEST_STEP][PASSED] - bottom = top + 600: null

27-02-2025T17:37:22 - [TEST_STEP][PASSED] - if (y - top < 150 || bottom - y < 10): Delayed 1 second(s)

27-02-2025T17:37:22 - [TEST_STEP][PASSED] - scrollToPosition(0, y - 150): Browser is scrolled to position x = 0, y = 2010

27-02-2025T17:37:22 - [MESSAGE][PASSED] - Browser is scrolled to position x = 0, y = 2010

27-02-2025T17:37:22 - [TEST_STEP][PASSED] - delay(1): Delayed 1 second(s)

27-02-2025T17:37:23 - [MESSAGE][PASSED] - Delayed 1 second(s)

27-02-2025T17:37:23 - [TEST_STEP][PASSED] - if (action == "click"): Object: 'Object Repository/Journey Partner Profile/Register/button_Sign up' is clicked on

27-02-2025T17:37:23 - [TEST_STEP][PASSED] - println("clicking"): null

27-02-2025T17:37:23 - [TEST_STEP][PASSED] - click(findTestObject(testObject)): Object: 'Object Repository/Journey Partner Profile/Register/button_Sign up' is clicked on

27-02-2025T17:37:25 - [MESSAGE][PASSED] - Object: 'Object Repository/Journey Partner Profile/Register/button_Sign up' is clicked on

27-02-2025T17:37:25 - [MESSAGE][PASSED] - Call Test Case 'Test Cases/_Functions/Perform Action' successfully

27-02-2025T17:37:25 - [TEST_STEP][PASSED] - waitForPageLoad(10): Wait for page load successfully

27-02-2025T17:37:25 - [MESSAGE][PASSED] - Wait for page load successfully

27-02-2025T17:37:25 - [TEST_STEP][PASSED] - fieldList = ["Organization", "Key Contact First Name", "Key Contact Last Name", "Key Contact Phone", "Mailing Address", "Organization City", "State", "Post/Zip Code", "Description", "Website Address", "Affiliated Organizations", "Board of Directors", "Statement of Faith", "References", "Partnership Agreement", "Terms and Conditions"]: null

27-02-2025T17:37:25 - [TEST_STEP][PASSED] - outText = "Verifying the field messages for " + fieldList + ".
": null

27-02-2025T17:37:25 - [TEST_STEP][PASSED] - outFile.append(outText): null

27-02-2025T17:37:25 - [TEST_STEP][PASSED] - callTestCase(findTestCase("_Functions/Test Field Error Messages"), ["varFieldList":fieldList, "varRequiredFieldMsgs":requiredFieldMsgs], STOP_ON_FAILURE): Call Test Case 'Test Cases/_Functions/Test Field Error Messages' successfully

27-02-2025T17:37:25 - [TEST_CASE][PASSED] - Test Cases/_Functions/Test Field Error Messages: Test Cases/_Functions/Test Field Error Messages

27-02-2025T17:37:25 - [TEST_STEP][PASSED] - count = callTestCase(findTestCase("_Functions/Find error messages"), ["varFunction":"count"], STOP_ON_FAILURE): Call Test Case 'Test Cases/_Functions/Find error messages' successfully

27-02-2025T17:37:25 - [TEST_CASE][PASSED] - Test Cases/_Functions/Find error messages: Test Cases/_Functions/Find error messages

27-02-2025T17:37:25 - [TEST_STEP][PASSED] - function = "count": null

27-02-2025T17:37:25 - [TEST_STEP][PASSED] - if (binding.hasVariable("varFunction")): null

27-02-2025T17:37:25 - [TEST_STEP][PASSED] - function = varFunction: null

27-02-2025T17:37:25 - [TEST_STEP][PASSED] - title = getWindowTitle(): Current window's title is: 'Journey'

27-02-2025T17:37:25 - [MESSAGE][PASSED] - Current window's title is: 'Journey'

27-02-2025T17:37:25 - [TEST_STEP][PASSED] - println("Page title is " + title): null

27-02-2025T17:37:25 - [TEST_STEP][PASSED] - driver = getWebDriver(): null

27-02-2025T17:37:25 - [TEST_STEP][PASSED] - elements = driver.findElements(By.xpath("//div[@class='col-sm-offset-3 col-sm-9 text-danger']")): null

27-02-2025T17:37:25 - [TEST_STEP][PASSED] - if (function == "count"): null

27-02-2025T17:37:25 - [TEST_STEP][PASSED] - return elements.size(): null

27-02-2025T17:37:25 - [MESSAGE][PASSED] - Call Test Case 'Test Cases/_Functions/Find error messages' successfully

27-02-2025T17:37:25 - [TEST_STEP][PASSED] - outFile = outFile: null

27-02-2025T17:37:25 - [TEST_STEP][PASSED] - if (count == 0): null

27-02-2025T17:37:25 - [TEST_STEP][PASSED] - else: Delayed 0 second(s)

27-02-2025T17:37:25 - [TEST_STEP][PASSED] - fieldList = varFieldList: null

27-02-2025T17:37:25 - [TEST_STEP][PASSED] - requiredFieldMsgs = varRequiredFieldMsgs: null

27-02-2025T17:37:25 - [TEST_STEP][PASSED] - outText = "Verifying error messages for fields " + fieldList: null

27-02-2025T17:37:25 - [TEST_STEP][PASSED] - for (def field : fieldList): null

27-02-2025T17:37:25 - [TEST_STEP][PASSED] - errorMsg = requiredFieldMsgs.get(field): null

27-02-2025T17:37:25 - [TEST_STEP][PASSED] - msg = verifyTextPresent(errorMsg, false, OPTIONAL): Text 'The organization name field is required.' is present on page 

27-02-2025T17:37:25 - [MESSAGE][PASSED] - Text 'The organization name field is required.' is present on page 

27-02-2025T17:37:25 - [TEST_STEP][PASSED] - println(field + ":" + msg): null

27-02-2025T17:37:25 - [TEST_STEP][PASSED] - if (!(msg)): null

27-02-2025T17:37:25 - [TEST_STEP][PASSED] - errorMsg = requiredFieldMsgs.get(field): null

27-02-2025T17:37:25 - [TEST_STEP][PASSED] - msg = verifyTextPresent(errorMsg, false, OPTIONAL): Text 'The First Name field is required.' is present on page 

27-02-2025T17:37:25 - [MESSAGE][PASSED] - Text 'The First Name field is required.' is present on page 

27-02-2025T17:37:25 - [TEST_STEP][PASSED] - println(field + ":" + msg): null

27-02-2025T17:37:25 - [TEST_STEP][PASSED] - if (!(msg)): null

27-02-2025T17:37:25 - [TEST_STEP][PASSED] - errorMsg = requiredFieldMsgs.get(field): null

27-02-2025T17:37:25 - [TEST_STEP][PASSED] - msg = verifyTextPresent(errorMsg, false, OPTIONAL): Text 'The last name field is required.' is present on page 

27-02-2025T17:37:25 - [MESSAGE][PASSED] - Text 'The last name field is required.' is present on page 

27-02-2025T17:37:25 - [TEST_STEP][PASSED] - println(field + ":" + msg): null

27-02-2025T17:37:25 - [TEST_STEP][PASSED] - if (!(msg)): null

27-02-2025T17:37:25 - [TEST_STEP][PASSED] - errorMsg = requiredFieldMsgs.get(field): null

27-02-2025T17:37:25 - [TEST_STEP][PASSED] - msg = verifyTextPresent(errorMsg, false, OPTIONAL): Text 'The key contact phone field is required.' is present on page 

27-02-2025T17:37:25 - [MESSAGE][PASSED] - Text 'The key contact phone field is required.' is present on page 

27-02-2025T17:37:25 - [TEST_STEP][PASSED] - println(field + ":" + msg): null

27-02-2025T17:37:25 - [TEST_STEP][PASSED] - if (!(msg)): null

27-02-2025T17:37:25 - [TEST_STEP][PASSED] - errorMsg = requiredFieldMsgs.get(field): null

27-02-2025T17:37:25 - [TEST_STEP][PASSED] - msg = verifyTextPresent(errorMsg, false, OPTIONAL): Text 'The mailing address field is required.' is present on page 

27-02-2025T17:37:26 - [MESSAGE][PASSED] - Text 'The mailing address field is required.' is present on page 

27-02-2025T17:37:26 - [TEST_STEP][PASSED] - println(field + ":" + msg): null

27-02-2025T17:37:26 - [TEST_STEP][PASSED] - if (!(msg)): null

27-02-2025T17:37:26 - [TEST_STEP][PASSED] - errorMsg = requiredFieldMsgs.get(field): null

27-02-2025T17:37:26 - [TEST_STEP][PASSED] - msg = verifyTextPresent(errorMsg, false, OPTIONAL): Text 'The city field is required.' is present on page 

27-02-2025T17:37:26 - [MESSAGE][PASSED] - Text 'The city field is required.' is present on page 

27-02-2025T17:37:26 - [TEST_STEP][PASSED] - println(field + ":" + msg): null

27-02-2025T17:37:26 - [TEST_STEP][PASSED] - if (!(msg)): null

27-02-2025T17:37:26 - [TEST_STEP][PASSED] - errorMsg = requiredFieldMsgs.get(field): null

27-02-2025T17:37:26 - [TEST_STEP][PASSED] - msg = verifyTextPresent(errorMsg, false, OPTIONAL): Text 'The state field is required.' is present on page 

27-02-2025T17:37:26 - [MESSAGE][PASSED] - Text 'The state field is required.' is present on page 

27-02-2025T17:37:26 - [TEST_STEP][PASSED] - println(field + ":" + msg): null

27-02-2025T17:37:26 - [TEST_STEP][PASSED] - if (!(msg)): null

27-02-2025T17:37:26 - [TEST_STEP][PASSED] - errorMsg = requiredFieldMsgs.get(field): null

27-02-2025T17:37:26 - [TEST_STEP][PASSED] - msg = verifyTextPresent(errorMsg, false, OPTIONAL): Text 'The post code field is required.' is present on page 

27-02-2025T17:37:26 - [MESSAGE][PASSED] - Text 'The post code field is required.' is present on page 

27-02-2025T17:37:26 - [TEST_STEP][PASSED] - println(field + ":" + msg): null

27-02-2025T17:37:26 - [TEST_STEP][PASSED] - if (!(msg)): null

27-02-2025T17:37:26 - [TEST_STEP][PASSED] - errorMsg = requiredFieldMsgs.get(field): null

27-02-2025T17:37:26 - [TEST_STEP][PASSED] - msg = verifyTextPresent(errorMsg, false, OPTIONAL): Text 'The description field is required.' is present on page 

27-02-2025T17:37:26 - [MESSAGE][PASSED] - Text 'The description field is required.' is present on page 

27-02-2025T17:37:26 - [TEST_STEP][PASSED] - println(field + ":" + msg): null

27-02-2025T17:37:26 - [TEST_STEP][PASSED] - if (!(msg)): null

27-02-2025T17:37:26 - [TEST_STEP][PASSED] - errorMsg = requiredFieldMsgs.get(field): null

27-02-2025T17:37:26 - [TEST_STEP][PASSED] - msg = verifyTextPresent(errorMsg, false, OPTIONAL): Text 'The website address field is required.' is present on page 

27-02-2025T17:37:26 - [MESSAGE][PASSED] - Text 'The website address field is required.' is present on page 

27-02-2025T17:37:26 - [TEST_STEP][PASSED] - println(field + ":" + msg): null

27-02-2025T17:37:26 - [TEST_STEP][PASSED] - if (!(msg)): null

27-02-2025T17:37:26 - [TEST_STEP][PASSED] - errorMsg = requiredFieldMsgs.get(field): null

27-02-2025T17:37:26 - [TEST_STEP][PASSED] - msg = verifyTextPresent(errorMsg, false, OPTIONAL): Text 'The memberships field is required.' is present on page 

27-02-2025T17:37:26 - [MESSAGE][PASSED] - Text 'The memberships field is required.' is present on page 

27-02-2025T17:37:26 - [TEST_STEP][PASSED] - println(field + ":" + msg): null

27-02-2025T17:37:26 - [TEST_STEP][PASSED] - if (!(msg)): null

27-02-2025T17:37:26 - [TEST_STEP][PASSED] - errorMsg = requiredFieldMsgs.get(field): null

27-02-2025T17:37:26 - [TEST_STEP][PASSED] - msg = verifyTextPresent(errorMsg, false, OPTIONAL): Text 'The board of directors field is required.' is present on page 

27-02-2025T17:37:26 - [MESSAGE][PASSED] - Text 'The board of directors field is required.' is present on page 

27-02-2025T17:37:26 - [TEST_STEP][PASSED] - println(field + ":" + msg): null

27-02-2025T17:37:26 - [TEST_STEP][PASSED] - if (!(msg)): null

27-02-2025T17:37:26 - [TEST_STEP][PASSED] - errorMsg = requiredFieldMsgs.get(field): null

27-02-2025T17:37:26 - [TEST_STEP][PASSED] - msg = verifyTextPresent(errorMsg, false, OPTIONAL): Text 'The statement of faith field is required.' is present on page 

27-02-2025T17:37:26 - [MESSAGE][PASSED] - Text 'The statement of faith field is required.' is present on page 

27-02-2025T17:37:26 - [TEST_STEP][PASSED] - println(field + ":" + msg): null

27-02-2025T17:37:26 - [TEST_STEP][PASSED] - if (!(msg)): null

27-02-2025T17:37:26 - [TEST_STEP][PASSED] - errorMsg = requiredFieldMsgs.get(field): null

27-02-2025T17:37:26 - [TEST_STEP][PASSED] - msg = verifyTextPresent(errorMsg, false, OPTIONAL): Text 'The references field is required.' is present on page 

27-02-2025T17:37:26 - [MESSAGE][PASSED] - Text 'The references field is required.' is present on page 

27-02-2025T17:37:26 - [TEST_STEP][PASSED] - println(field + ":" + msg): null

27-02-2025T17:37:26 - [TEST_STEP][PASSED] - if (!(msg)): null

27-02-2025T17:37:26 - [TEST_STEP][PASSED] - errorMsg = requiredFieldMsgs.get(field): null

27-02-2025T17:37:26 - [TEST_STEP][PASSED] - msg = verifyTextPresent(errorMsg, false, OPTIONAL): Text 'The partner agreement field is required.' is present on page 

27-02-2025T17:37:26 - [MESSAGE][PASSED] - Text 'The partner agreement field is required.' is present on page 

27-02-2025T17:37:26 - [TEST_STEP][PASSED] - println(field + ":" + msg): null

27-02-2025T17:37:26 - [TEST_STEP][PASSED] - if (!(msg)): null

27-02-2025T17:37:26 - [TEST_STEP][PASSED] - errorMsg = requiredFieldMsgs.get(field): null

27-02-2025T17:37:26 - [TEST_STEP][PASSED] - msg = verifyTextPresent(errorMsg, false, OPTIONAL): Text 'The terms and conditions field is required.' is present on page 

27-02-2025T17:37:26 - [MESSAGE][PASSED] - Text 'The terms and conditions field is required.' is present on page 

27-02-2025T17:37:26 - [TEST_STEP][PASSED] - println(field + ":" + msg): null

27-02-2025T17:37:26 - [TEST_STEP][PASSED] - if (!(msg)): null

27-02-2025T17:37:26 - [TEST_STEP][PASSED] - delay(fieldTestDelay): Delayed 0 second(s)

27-02-2025T17:37:26 - [MESSAGE][PASSED] - Delayed 0 second(s)

27-02-2025T17:37:26 - [MESSAGE][PASSED] - Call Test Case 'Test Cases/_Functions/Test Field Error Messages' successfully

27-02-2025T17:37:26 - [TEST_STEP][PASSED] - object = "Journey Partner Profile/Register/input_Password": null

27-02-2025T17:37:26 - [TEST_STEP][PASSED] - callTestCase(findTestCase("_Functions/Perform Action"), ["varAction":"setEncryptedText", "varObject":object, "varParm1":password], STOP_ON_FAILURE): Call Test Case 'Test Cases/_Functions/Perform Action' successfully

27-02-2025T17:37:26 - [TEST_CASE][PASSED] - Test Cases/_Functions/Perform Action: Test Cases/_Functions/Perform Action

27-02-2025T17:37:26 - [TEST_STEP][PASSED] - action = varAction: null

27-02-2025T17:37:26 - [TEST_STEP][PASSED] - println(action): null

27-02-2025T17:37:26 - [TEST_STEP][PASSED] - testObject = varObject: null

27-02-2025T17:37:26 - [TEST_STEP][PASSED] - println(testObject): null

27-02-2025T17:37:26 - [TEST_STEP][PASSED] - parm1 = varParm1: null

27-02-2025T17:37:26 - [TEST_STEP][PASSED] - println(parm1): null

27-02-2025T17:37:26 - [TEST_STEP][PASSED] - println("Converting " + testObject + " to web element"): null

27-02-2025T17:37:26 - [TEST_STEP][PASSED] - element = findWebElement(findTestObject(testObject), 1): null

27-02-2025T17:37:26 - [TEST_STEP][PASSED] - loc = element.getLocation(): null

27-02-2025T17:37:26 - [TEST_STEP][PASSED] - y = loc.getY(): null

27-02-2025T17:37:26 - [TEST_STEP][PASSED] - println("Y location is " + y): null

27-02-2025T17:37:26 - [TEST_STEP][PASSED] - top = getViewportTopPosition(): Current viewport's top (y) position is 0

27-02-2025T17:37:26 - [MESSAGE][PASSED] - Current viewport's top (y) position is 0

27-02-2025T17:37:26 - [TEST_STEP][PASSED] - println("Viewport top is " + top): null

27-02-2025T17:37:26 - [TEST_STEP][PASSED] - bottom = top + 600: null

27-02-2025T17:37:26 - [TEST_STEP][PASSED] - if (y - top < 150 || bottom - y < 10): null

27-02-2025T17:37:26 - [TEST_STEP][PASSED] - if (action == "click"): null

27-02-2025T17:37:26 - [TEST_STEP][PASSED] - else if (action == "selectOptionByValue"): null

27-02-2025T17:37:26 - [TEST_STEP][PASSED] - else if (action == "setText"): null

27-02-2025T17:37:26 - [TEST_STEP][PASSED] - else if (action == "setEncryptedText"): Text ****** has been set on object 'Object Repository/Journey Partner Profile/Register/input_Password'

27-02-2025T17:37:26 - [TEST_STEP][PASSED] - println("Setting encrypted text " + parm1): null

27-02-2025T17:37:26 - [TEST_STEP][PASSED] - setEncryptedText(findTestObject(testObject), parm1): Text ****** has been set on object 'Object Repository/Journey Partner Profile/Register/input_Password'

27-02-2025T17:37:26 - [MESSAGE][PASSED] - Text ****** has been set on object 'Object Repository/Journey Partner Profile/Register/input_Password'

27-02-2025T17:37:26 - [MESSAGE][PASSED] - Call Test Case 'Test Cases/_Functions/Perform Action' successfully

27-02-2025T17:37:26 - [TEST_STEP][PASSED] - object = "Object Repository/Journey Partner Profile/Register/input_Organization": null

27-02-2025T17:37:26 - [TEST_STEP][PASSED] - callTestCase(findTestCase("_Functions/Perform Action"), ["varAction":"setText", "varObject":object, "varParm1":organization], STOP_ON_FAILURE): Call Test Case 'Test Cases/_Functions/Perform Action' successfully

27-02-2025T17:37:26 - [TEST_CASE][PASSED] - Test Cases/_Functions/Perform Action: Test Cases/_Functions/Perform Action

27-02-2025T17:37:26 - [TEST_STEP][PASSED] - action = varAction: null

27-02-2025T17:37:26 - [TEST_STEP][PASSED] - println(action): null

27-02-2025T17:37:26 - [TEST_STEP][PASSED] - testObject = varObject: null

27-02-2025T17:37:26 - [TEST_STEP][PASSED] - println(testObject): null

27-02-2025T17:37:26 - [TEST_STEP][PASSED] - parm1 = varParm1: null

27-02-2025T17:37:26 - [TEST_STEP][PASSED] - println(parm1): null

27-02-2025T17:37:26 - [TEST_STEP][PASSED] - println("Converting " + testObject + " to web element"): null

27-02-2025T17:37:26 - [TEST_STEP][PASSED] - element = findWebElement(findTestObject(testObject), 1): null

27-02-2025T17:37:26 - [TEST_STEP][PASSED] - loc = element.getLocation(): null

27-02-2025T17:37:26 - [TEST_STEP][PASSED] - y = loc.getY(): null

27-02-2025T17:37:26 - [TEST_STEP][PASSED] - println("Y location is " + y): null

27-02-2025T17:37:26 - [TEST_STEP][PASSED] - top = getViewportTopPosition(): Current viewport's top (y) position is 0

27-02-2025T17:37:26 - [MESSAGE][PASSED] - Current viewport's top (y) position is 0

27-02-2025T17:37:26 - [TEST_STEP][PASSED] - println("Viewport top is " + top): null

27-02-2025T17:37:26 - [TEST_STEP][PASSED] - bottom = top + 600: null

27-02-2025T17:37:26 - [TEST_STEP][PASSED] - if (y - top < 150 || bottom - y < 10): null

27-02-2025T17:37:26 - [TEST_STEP][PASSED] - if (action == "click"): null

27-02-2025T17:37:26 - [TEST_STEP][PASSED] - else if (action == "selectOptionByValue"): null

27-02-2025T17:37:26 - [TEST_STEP][PASSED] - else if (action == "setText"): Text 'The CCK TEST Journey Partner' is set on object 'Object Repository/Journey Partner Profile/Register/input_Organization'

27-02-2025T17:37:26 - [TEST_STEP][PASSED] - println("Setting text " + parm1): null

27-02-2025T17:37:26 - [TEST_STEP][PASSED] - setText(findTestObject(testObject), parm1): Text 'The CCK TEST Journey Partner' is set on object 'Object Repository/Journey Partner Profile/Register/input_Organization'

27-02-2025T17:37:26 - [MESSAGE][PASSED] - Text 'The CCK TEST Journey Partner' is set on object 'Object Repository/Journey Partner Profile/Register/input_Organization'

27-02-2025T17:37:26 - [MESSAGE][PASSED] - Call Test Case 'Test Cases/_Functions/Perform Action' successfully

27-02-2025T17:37:26 - [TEST_STEP][PASSED] - object = "Journey Partner Profile/Register/input_Abbreviation": null

27-02-2025T17:37:26 - [TEST_STEP][PASSED] - callTestCase(findTestCase("_Functions/Perform Action"), ["varAction":"setText", "varObject":object, "varParm1":abbreviation], STOP_ON_FAILURE): Call Test Case 'Test Cases/_Functions/Perform Action' successfully

27-02-2025T17:37:26 - [TEST_CASE][PASSED] - Test Cases/_Functions/Perform Action: Test Cases/_Functions/Perform Action

27-02-2025T17:37:26 - [TEST_STEP][PASSED] - action = varAction: null

27-02-2025T17:37:26 - [TEST_STEP][PASSED] - println(action): null

27-02-2025T17:37:26 - [TEST_STEP][PASSED] - testObject = varObject: null

27-02-2025T17:37:26 - [TEST_STEP][PASSED] - println(testObject): null

27-02-2025T17:37:26 - [TEST_STEP][PASSED] - parm1 = varParm1: null

27-02-2025T17:37:26 - [TEST_STEP][PASSED] - println(parm1): null

27-02-2025T17:37:26 - [TEST_STEP][PASSED] - println("Converting " + testObject + " to web element"): null

27-02-2025T17:37:26 - [TEST_STEP][PASSED] - element = findWebElement(findTestObject(testObject), 1): null

27-02-2025T17:37:26 - [TEST_STEP][PASSED] - loc = element.getLocation(): null

27-02-2025T17:37:26 - [TEST_STEP][PASSED] - y = loc.getY(): null

27-02-2025T17:37:26 - [TEST_STEP][PASSED] - println("Y location is " + y): null

27-02-2025T17:37:26 - [TEST_STEP][PASSED] - top = getViewportTopPosition(): Current viewport's top (y) position is 0

27-02-2025T17:37:26 - [MESSAGE][PASSED] - Current viewport's top (y) position is 0

27-02-2025T17:37:26 - [TEST_STEP][PASSED] - println("Viewport top is " + top): null

27-02-2025T17:37:26 - [TEST_STEP][PASSED] - bottom = top + 600: null

27-02-2025T17:37:26 - [TEST_STEP][PASSED] - if (y - top < 150 || bottom - y < 10): null

27-02-2025T17:37:26 - [TEST_STEP][PASSED] - if (action == "click"): null

27-02-2025T17:37:26 - [TEST_STEP][PASSED] - else if (action == "selectOptionByValue"): null

27-02-2025T17:37:26 - [TEST_STEP][PASSED] - else if (action == "setText"): Text 'CCK JP' is set on object 'Object Repository/Journey Partner Profile/Register/input_Abbreviation'

27-02-2025T17:37:26 - [TEST_STEP][PASSED] - println("Setting text " + parm1): null

27-02-2025T17:37:26 - [TEST_STEP][PASSED] - setText(findTestObject(testObject), parm1): Text 'CCK JP' is set on object 'Object Repository/Journey Partner Profile/Register/input_Abbreviation'

27-02-2025T17:37:26 - [MESSAGE][PASSED] - Text 'CCK JP' is set on object 'Object Repository/Journey Partner Profile/Register/input_Abbreviation'

27-02-2025T17:37:26 - [MESSAGE][PASSED] - Call Test Case 'Test Cases/_Functions/Perform Action' successfully

27-02-2025T17:37:26 - [TEST_STEP][PASSED] - object = "Journey Partner Profile/Register/input_Key Contact Title": null

27-02-2025T17:37:26 - [TEST_STEP][PASSED] - callTestCase(findTestCase("_Functions/Perform Action"), ["varAction":"setText", "varObject":object, "varParm1":title], STOP_ON_FAILURE): Call Test Case 'Test Cases/_Functions/Perform Action' successfully

27-02-2025T17:37:26 - [TEST_CASE][PASSED] - Test Cases/_Functions/Perform Action: Test Cases/_Functions/Perform Action

27-02-2025T17:37:26 - [TEST_STEP][PASSED] - action = varAction: null

27-02-2025T17:37:26 - [TEST_STEP][PASSED] - println(action): null

27-02-2025T17:37:26 - [TEST_STEP][PASSED] - testObject = varObject: null

27-02-2025T17:37:26 - [TEST_STEP][PASSED] - println(testObject): null

27-02-2025T17:37:26 - [TEST_STEP][PASSED] - parm1 = varParm1: null

27-02-2025T17:37:26 - [TEST_STEP][PASSED] - println(parm1): null

27-02-2025T17:37:26 - [TEST_STEP][PASSED] - println("Converting " + testObject + " to web element"): null

27-02-2025T17:37:26 - [TEST_STEP][PASSED] - element = findWebElement(findTestObject(testObject), 1): null

27-02-2025T17:37:26 - [TEST_STEP][PASSED] - loc = element.getLocation(): null

27-02-2025T17:37:26 - [TEST_STEP][PASSED] - y = loc.getY(): null

27-02-2025T17:37:26 - [TEST_STEP][PASSED] - println("Y location is " + y): null

27-02-2025T17:37:26 - [TEST_STEP][PASSED] - top = getViewportTopPosition(): Current viewport's top (y) position is 0

27-02-2025T17:37:26 - [MESSAGE][PASSED] - Current viewport's top (y) position is 0

27-02-2025T17:37:26 - [TEST_STEP][PASSED] - println("Viewport top is " + top): null

27-02-2025T17:37:26 - [TEST_STEP][PASSED] - bottom = top + 600: null

27-02-2025T17:37:26 - [TEST_STEP][PASSED] - if (y - top < 150 || bottom - y < 10): Delayed 1 second(s)

27-02-2025T17:37:26 - [TEST_STEP][PASSED] - scrollToPosition(0, y - 150): Browser is scrolled to position x = 0, y = 464

27-02-2025T17:37:26 - [MESSAGE][PASSED] - Browser is scrolled to position x = 0, y = 464

27-02-2025T17:37:26 - [TEST_STEP][PASSED] - delay(1): Delayed 1 second(s)

27-02-2025T17:37:27 - [MESSAGE][PASSED] - Delayed 1 second(s)

27-02-2025T17:37:27 - [TEST_STEP][PASSED] - if (action == "click"): null

27-02-2025T17:37:27 - [TEST_STEP][PASSED] - else if (action == "selectOptionByValue"): null

27-02-2025T17:37:27 - [TEST_STEP][PASSED] - else if (action == "setText"): Text 'CTO' is set on object 'Object Repository/Journey Partner Profile/Register/input_Key Contact Title'

27-02-2025T17:37:27 - [TEST_STEP][PASSED] - println("Setting text " + parm1): null

27-02-2025T17:37:27 - [TEST_STEP][PASSED] - setText(findTestObject(testObject), parm1): Text 'CTO' is set on object 'Object Repository/Journey Partner Profile/Register/input_Key Contact Title'

27-02-2025T17:37:27 - [MESSAGE][PASSED] - Text 'CTO' is set on object 'Object Repository/Journey Partner Profile/Register/input_Key Contact Title'

27-02-2025T17:37:27 - [MESSAGE][PASSED] - Call Test Case 'Test Cases/_Functions/Perform Action' successfully

27-02-2025T17:37:27 - [TEST_STEP][PASSED] - object = "Journey Partner Profile/Register/input_Key Contact First Name": null

27-02-2025T17:37:27 - [TEST_STEP][PASSED] - callTestCase(findTestCase("_Functions/Perform Action"), ["varAction":"setText", "varObject":object, "varParm1":first_name], STOP_ON_FAILURE): Call Test Case 'Test Cases/_Functions/Perform Action' successfully

27-02-2025T17:37:27 - [TEST_CASE][PASSED] - Test Cases/_Functions/Perform Action: Test Cases/_Functions/Perform Action

27-02-2025T17:37:27 - [TEST_STEP][PASSED] - action = varAction: null

27-02-2025T17:37:27 - [TEST_STEP][PASSED] - println(action): null

27-02-2025T17:37:27 - [TEST_STEP][PASSED] - testObject = varObject: null

27-02-2025T17:37:27 - [TEST_STEP][PASSED] - println(testObject): null

27-02-2025T17:37:27 - [TEST_STEP][PASSED] - parm1 = varParm1: null

27-02-2025T17:37:27 - [TEST_STEP][PASSED] - println(parm1): null

27-02-2025T17:37:27 - [TEST_STEP][PASSED] - println("Converting " + testObject + " to web element"): null

27-02-2025T17:37:27 - [TEST_STEP][PASSED] - element = findWebElement(findTestObject(testObject), 1): null

27-02-2025T17:37:27 - [TEST_STEP][PASSED] - loc = element.getLocation(): null

27-02-2025T17:37:27 - [TEST_STEP][PASSED] - y = loc.getY(): null

27-02-2025T17:37:27 - [TEST_STEP][PASSED] - println("Y location is " + y): null

27-02-2025T17:37:27 - [TEST_STEP][PASSED] - top = getViewportTopPosition(): Current viewport's top (y) position is 464

27-02-2025T17:37:27 - [MESSAGE][PASSED] - Current viewport's top (y) position is 464

27-02-2025T17:37:27 - [TEST_STEP][PASSED] - println("Viewport top is " + top): null

27-02-2025T17:37:27 - [TEST_STEP][PASSED] - bottom = top + 600: null

27-02-2025T17:37:27 - [TEST_STEP][PASSED] - if (y - top < 150 || bottom - y < 10): null

27-02-2025T17:37:27 - [TEST_STEP][PASSED] - if (action == "click"): null

27-02-2025T17:37:27 - [TEST_STEP][PASSED] - else if (action == "selectOptionByValue"): null

27-02-2025T17:37:27 - [TEST_STEP][PASSED] - else if (action == "setText"): Text 'cktest07jp TEST' is set on object 'Object Repository/Journey Partner Profile/Register/input_Key Contact First Name'

27-02-2025T17:37:27 - [TEST_STEP][PASSED] - println("Setting text " + parm1): null

27-02-2025T17:37:27 - [TEST_STEP][PASSED] - setText(findTestObject(testObject), parm1): Text 'cktest07jp TEST' is set on object 'Object Repository/Journey Partner Profile/Register/input_Key Contact First Name'

27-02-2025T17:37:27 - [MESSAGE][PASSED] - Text 'cktest07jp TEST' is set on object 'Object Repository/Journey Partner Profile/Register/input_Key Contact First Name'

27-02-2025T17:37:27 - [MESSAGE][PASSED] - Call Test Case 'Test Cases/_Functions/Perform Action' successfully

27-02-2025T17:37:27 - [TEST_STEP][PASSED] - object = "Journey Partner Profile/Register/input_Key Contact Last Name": null

27-02-2025T17:37:27 - [TEST_STEP][PASSED] - callTestCase(findTestCase("_Functions/Perform Action"), ["varAction":"setText", "varObject":object, "varParm1":last_name], STOP_ON_FAILURE): Call Test Case 'Test Cases/_Functions/Perform Action' successfully

27-02-2025T17:37:27 - [TEST_CASE][PASSED] - Test Cases/_Functions/Perform Action: Test Cases/_Functions/Perform Action

27-02-2025T17:37:27 - [TEST_STEP][PASSED] - action = varAction: null

27-02-2025T17:37:27 - [TEST_STEP][PASSED] - println(action): null

27-02-2025T17:37:27 - [TEST_STEP][PASSED] - testObject = varObject: null

27-02-2025T17:37:27 - [TEST_STEP][PASSED] - println(testObject): null

27-02-2025T17:37:27 - [TEST_STEP][PASSED] - parm1 = varParm1: null

27-02-2025T17:37:27 - [TEST_STEP][PASSED] - println(parm1): null

27-02-2025T17:37:27 - [TEST_STEP][PASSED] - println("Converting " + testObject + " to web element"): null

27-02-2025T17:37:27 - [TEST_STEP][PASSED] - element = findWebElement(findTestObject(testObject), 1): null

27-02-2025T17:37:28 - [TEST_STEP][PASSED] - loc = element.getLocation(): null

27-02-2025T17:37:28 - [TEST_STEP][PASSED] - y = loc.getY(): null

27-02-2025T17:37:28 - [TEST_STEP][PASSED] - println("Y location is " + y): null

27-02-2025T17:37:28 - [TEST_STEP][PASSED] - top = getViewportTopPosition(): Current viewport's top (y) position is 464

27-02-2025T17:37:28 - [MESSAGE][PASSED] - Current viewport's top (y) position is 464

27-02-2025T17:37:28 - [TEST_STEP][PASSED] - println("Viewport top is " + top): null

27-02-2025T17:37:28 - [TEST_STEP][PASSED] - bottom = top + 600: null

27-02-2025T17:37:28 - [TEST_STEP][PASSED] - if (y - top < 150 || bottom - y < 10): null

27-02-2025T17:37:28 - [TEST_STEP][PASSED] - if (action == "click"): null

27-02-2025T17:37:28 - [TEST_STEP][PASSED] - else if (action == "selectOptionByValue"): null

27-02-2025T17:37:28 - [TEST_STEP][PASSED] - else if (action == "setText"): Text 'Kosieracki' is set on object 'Object Repository/Journey Partner Profile/Register/input_Key Contact Last Name'

27-02-2025T17:37:28 - [TEST_STEP][PASSED] - println("Setting text " + parm1): null

27-02-2025T17:37:28 - [TEST_STEP][PASSED] - setText(findTestObject(testObject), parm1): Text 'Kosieracki' is set on object 'Object Repository/Journey Partner Profile/Register/input_Key Contact Last Name'

27-02-2025T17:37:28 - [MESSAGE][PASSED] - Text 'Kosieracki' is set on object 'Object Repository/Journey Partner Profile/Register/input_Key Contact Last Name'

27-02-2025T17:37:28 - [MESSAGE][PASSED] - Call Test Case 'Test Cases/_Functions/Perform Action' successfully

27-02-2025T17:37:28 - [TEST_STEP][PASSED] - object = "Journey Partner Profile/Register/input_Key Contact Email": null

27-02-2025T17:37:28 - [TEST_STEP][PASSED] - callTestCase(findTestCase("_Functions/Perform Action"), ["varAction":"setText", "varObject":object, "varParm1":email], STOP_ON_FAILURE): Call Test Case 'Test Cases/_Functions/Perform Action' successfully

27-02-2025T17:37:28 - [TEST_CASE][PASSED] - Test Cases/_Functions/Perform Action: Test Cases/_Functions/Perform Action

27-02-2025T17:37:28 - [TEST_STEP][PASSED] - action = varAction: null

27-02-2025T17:37:28 - [TEST_STEP][PASSED] - println(action): null

27-02-2025T17:37:28 - [TEST_STEP][PASSED] - testObject = varObject: null

27-02-2025T17:37:28 - [TEST_STEP][PASSED] - println(testObject): null

27-02-2025T17:37:28 - [TEST_STEP][PASSED] - parm1 = varParm1: null

27-02-2025T17:37:28 - [TEST_STEP][PASSED] - println(parm1): null

27-02-2025T17:37:28 - [TEST_STEP][PASSED] - println("Converting " + testObject + " to web element"): null

27-02-2025T17:37:28 - [TEST_STEP][PASSED] - element = findWebElement(findTestObject(testObject), 1): null

27-02-2025T17:37:28 - [TEST_STEP][PASSED] - loc = element.getLocation(): null

27-02-2025T17:37:28 - [TEST_STEP][PASSED] - y = loc.getY(): null

27-02-2025T17:37:28 - [TEST_STEP][PASSED] - println("Y location is " + y): null

27-02-2025T17:37:28 - [TEST_STEP][PASSED] - top = getViewportTopPosition(): Current viewport's top (y) position is 464

27-02-2025T17:37:28 - [MESSAGE][PASSED] - Current viewport's top (y) position is 464

27-02-2025T17:37:28 - [TEST_STEP][PASSED] - println("Viewport top is " + top): null

27-02-2025T17:37:28 - [TEST_STEP][PASSED] - bottom = top + 600: null

27-02-2025T17:37:28 - [TEST_STEP][PASSED] - if (y - top < 150 || bottom - y < 10): null

27-02-2025T17:37:28 - [TEST_STEP][PASSED] - if (action == "click"): null

27-02-2025T17:37:28 - [TEST_STEP][PASSED] - else if (action == "selectOptionByValue"): null

27-02-2025T17:37:28 - [TEST_STEP][PASSED] - else if (action == "setText"): Text 'cktest07@missionnext.org' is set on object 'Object Repository/Journey Partner Profile/Register/input_Key Contact Email'

27-02-2025T17:37:28 - [TEST_STEP][PASSED] - println("Setting text " + parm1): null

27-02-2025T17:37:28 - [TEST_STEP][PASSED] - setText(findTestObject(testObject), parm1): Text 'cktest07@missionnext.org' is set on object 'Object Repository/Journey Partner Profile/Register/input_Key Contact Email'

27-02-2025T17:37:28 - [MESSAGE][PASSED] - Text 'cktest07@missionnext.org' is set on object 'Object Repository/Journey Partner Profile/Register/input_Key Contact Email'

27-02-2025T17:37:28 - [MESSAGE][PASSED] - Call Test Case 'Test Cases/_Functions/Perform Action' successfully

27-02-2025T17:37:28 - [TEST_STEP][PASSED] - object = "Journey Partner Profile/Register/input_Key Contact Phone": null

27-02-2025T17:37:28 - [TEST_STEP][PASSED] - callTestCase(findTestCase("_Functions/Perform Action"), ["varAction":"setText", "varObject":object, "varParm1":phone_number], STOP_ON_FAILURE): Call Test Case 'Test Cases/_Functions/Perform Action' successfully

27-02-2025T17:37:28 - [TEST_CASE][PASSED] - Test Cases/_Functions/Perform Action: Test Cases/_Functions/Perform Action

27-02-2025T17:37:28 - [TEST_STEP][PASSED] - action = varAction: null

27-02-2025T17:37:28 - [TEST_STEP][PASSED] - println(action): null

27-02-2025T17:37:28 - [TEST_STEP][PASSED] - testObject = varObject: null

27-02-2025T17:37:28 - [TEST_STEP][PASSED] - println(testObject): null

27-02-2025T17:37:28 - [TEST_STEP][PASSED] - parm1 = varParm1: null

27-02-2025T17:37:28 - [TEST_STEP][PASSED] - println(parm1): null

27-02-2025T17:37:28 - [TEST_STEP][PASSED] - println("Converting " + testObject + " to web element"): null

27-02-2025T17:37:28 - [TEST_STEP][PASSED] - element = findWebElement(findTestObject(testObject), 1): null

27-02-2025T17:37:28 - [TEST_STEP][PASSED] - loc = element.getLocation(): null

27-02-2025T17:37:28 - [TEST_STEP][PASSED] - y = loc.getY(): null

27-02-2025T17:37:28 - [TEST_STEP][PASSED] - println("Y location is " + y): null

27-02-2025T17:37:28 - [TEST_STEP][PASSED] - top = getViewportTopPosition(): Current viewport's top (y) position is 464

27-02-2025T17:37:28 - [MESSAGE][PASSED] - Current viewport's top (y) position is 464

27-02-2025T17:37:28 - [TEST_STEP][PASSED] - println("Viewport top is " + top): null

27-02-2025T17:37:28 - [TEST_STEP][PASSED] - bottom = top + 600: null

27-02-2025T17:37:28 - [TEST_STEP][PASSED] - if (y - top < 150 || bottom - y < 10): null

27-02-2025T17:37:28 - [TEST_STEP][PASSED] - if (action == "click"): null

27-02-2025T17:37:28 - [TEST_STEP][PASSED] - else if (action == "selectOptionByValue"): null

27-02-2025T17:37:28 - [TEST_STEP][PASSED] - else if (action == "setText"): Text '952-442-1703' is set on object 'Object Repository/Journey Partner Profile/Register/input_Key Contact Phone'

27-02-2025T17:37:28 - [TEST_STEP][PASSED] - println("Setting text " + parm1): null

27-02-2025T17:37:28 - [TEST_STEP][PASSED] - setText(findTestObject(testObject), parm1): Text '952-442-1703' is set on object 'Object Repository/Journey Partner Profile/Register/input_Key Contact Phone'

27-02-2025T17:37:28 - [MESSAGE][PASSED] - Text '952-442-1703' is set on object 'Object Repository/Journey Partner Profile/Register/input_Key Contact Phone'

27-02-2025T17:37:28 - [MESSAGE][PASSED] - Call Test Case 'Test Cases/_Functions/Perform Action' successfully

27-02-2025T17:37:28 - [TEST_STEP][PASSED] - object = "Journey Partner Profile/Register/select_Tier Level": null

27-02-2025T17:37:28 - [TEST_STEP][PASSED] - callTestCase(findTestCase("_Functions/Perform Action"), ["varAction":"selectOptionByValue", "varObject":object, "varParm1":tier], STOP_ON_FAILURE): Call Test Case 'Test Cases/_Functions/Perform Action' successfully

27-02-2025T17:37:28 - [TEST_CASE][PASSED] - Test Cases/_Functions/Perform Action: Test Cases/_Functions/Perform Action

27-02-2025T17:37:28 - [TEST_STEP][PASSED] - action = varAction: null

27-02-2025T17:37:28 - [TEST_STEP][PASSED] - println(action): null

27-02-2025T17:37:28 - [TEST_STEP][PASSED] - testObject = varObject: null

27-02-2025T17:37:28 - [TEST_STEP][PASSED] - println(testObject): null

27-02-2025T17:37:28 - [TEST_STEP][PASSED] - parm1 = varParm1: null

27-02-2025T17:37:28 - [TEST_STEP][PASSED] - println(parm1): null

27-02-2025T17:37:28 - [TEST_STEP][PASSED] - println("Converting " + testObject + " to web element"): null

27-02-2025T17:37:28 - [TEST_STEP][PASSED] - element = findWebElement(findTestObject(testObject), 1): null

27-02-2025T17:37:28 - [TEST_STEP][PASSED] - loc = element.getLocation(): null

27-02-2025T17:37:28 - [TEST_STEP][PASSED] - y = loc.getY(): null

27-02-2025T17:37:28 - [TEST_STEP][PASSED] - println("Y location is " + y): null

27-02-2025T17:37:28 - [TEST_STEP][PASSED] - top = getViewportTopPosition(): Current viewport's top (y) position is 464

27-02-2025T17:37:28 - [MESSAGE][PASSED] - Current viewport's top (y) position is 464

27-02-2025T17:37:28 - [TEST_STEP][PASSED] - println("Viewport top is " + top): null

27-02-2025T17:37:28 - [TEST_STEP][PASSED] - bottom = top + 600: null

27-02-2025T17:37:28 - [TEST_STEP][PASSED] - if (y - top < 150 || bottom - y < 10): null

27-02-2025T17:37:28 - [TEST_STEP][PASSED] - if (action == "click"): null

27-02-2025T17:37:28 - [TEST_STEP][PASSED] - else if (action == "selectOptionByValue"): All options with value 'Tier 2: $500K to $3M' are selected in object 'Object Repository/Journey Partner Profile/Register/select_Tier Level' 

27-02-2025T17:37:28 - [TEST_STEP][PASSED] - println("Selecting " + parm1): null

27-02-2025T17:37:28 - [TEST_STEP][PASSED] - selectOptionByValue(findTestObject(testObject), parm1, false): All options with value 'Tier 2: $500K to $3M' are selected in object 'Object Repository/Journey Partner Profile/Register/select_Tier Level' 

27-02-2025T17:37:28 - [MESSAGE][PASSED] - All options with value 'Tier 2: $500K to $3M' are selected in object 'Object Repository/Journey Partner Profile/Register/select_Tier Level' 

27-02-2025T17:37:28 - [MESSAGE][PASSED] - Call Test Case 'Test Cases/_Functions/Perform Action' successfully

27-02-2025T17:37:28 - [TEST_STEP][PASSED] - object = "Journey Partner Profile/Register/textarea_Mailing Address": null

27-02-2025T17:37:28 - [TEST_STEP][PASSED] - callTestCase(findTestCase("_Functions/Perform Action"), ["varAction":"setText", "varObject":object, "varParm1":address], STOP_ON_FAILURE): Call Test Case 'Test Cases/_Functions/Perform Action' successfully

27-02-2025T17:37:28 - [TEST_CASE][PASSED] - Test Cases/_Functions/Perform Action: Test Cases/_Functions/Perform Action

27-02-2025T17:37:28 - [TEST_STEP][PASSED] - action = varAction: null

27-02-2025T17:37:28 - [TEST_STEP][PASSED] - println(action): null

27-02-2025T17:37:28 - [TEST_STEP][PASSED] - testObject = varObject: null

27-02-2025T17:37:28 - [TEST_STEP][PASSED] - println(testObject): null

27-02-2025T17:37:28 - [TEST_STEP][PASSED] - parm1 = varParm1: null

27-02-2025T17:37:28 - [TEST_STEP][PASSED] - println(parm1): null

27-02-2025T17:37:28 - [TEST_STEP][PASSED] - println("Converting " + testObject + " to web element"): null

27-02-2025T17:37:28 - [TEST_STEP][PASSED] - element = findWebElement(findTestObject(testObject), 1): null

27-02-2025T17:37:28 - [TEST_STEP][PASSED] - loc = element.getLocation(): null

27-02-2025T17:37:28 - [TEST_STEP][PASSED] - y = loc.getY(): null

27-02-2025T17:37:28 - [TEST_STEP][PASSED] - println("Y location is " + y): null

27-02-2025T17:37:28 - [TEST_STEP][PASSED] - top = getViewportTopPosition(): Current viewport's top (y) position is 464

27-02-2025T17:37:28 - [MESSAGE][PASSED] - Current viewport's top (y) position is 464

27-02-2025T17:37:28 - [TEST_STEP][PASSED] - println("Viewport top is " + top): null

27-02-2025T17:37:28 - [TEST_STEP][PASSED] - bottom = top + 600: null

27-02-2025T17:37:28 - [TEST_STEP][PASSED] - if (y - top < 150 || bottom - y < 10): Delayed 1 second(s)

27-02-2025T17:37:28 - [TEST_STEP][PASSED] - scrollToPosition(0, y - 150): Browser is scrolled to position x = 0, y = 975

27-02-2025T17:37:28 - [MESSAGE][PASSED] - Browser is scrolled to position x = 0, y = 975

27-02-2025T17:37:28 - [TEST_STEP][PASSED] - delay(1): Delayed 1 second(s)

27-02-2025T17:37:29 - [MESSAGE][PASSED] - Delayed 1 second(s)

27-02-2025T17:37:29 - [TEST_STEP][PASSED] - if (action == "click"): null

27-02-2025T17:37:29 - [TEST_STEP][PASSED] - else if (action == "selectOptionByValue"): null

27-02-2025T17:37:29 - [TEST_STEP][PASSED] - else if (action == "setText"): Text '1250 Waconia Pkwy N' is set on object 'Object Repository/Journey Partner Profile/Register/textarea_Mailing Address'

27-02-2025T17:37:29 - [TEST_STEP][PASSED] - println("Setting text " + parm1): null

27-02-2025T17:37:29 - [TEST_STEP][PASSED] - setText(findTestObject(testObject), parm1): Text '1250 Waconia Pkwy N' is set on object 'Object Repository/Journey Partner Profile/Register/textarea_Mailing Address'

27-02-2025T17:37:29 - [MESSAGE][PASSED] - Text '1250 Waconia Pkwy N' is set on object 'Object Repository/Journey Partner Profile/Register/textarea_Mailing Address'

27-02-2025T17:37:29 - [MESSAGE][PASSED] - Call Test Case 'Test Cases/_Functions/Perform Action' successfully

27-02-2025T17:37:29 - [TEST_STEP][PASSED] - object = "Journey Partner Profile/Register/input_City": null

27-02-2025T17:37:29 - [TEST_STEP][PASSED] - callTestCase(findTestCase("_Functions/Perform Action"), ["varAction":"setText", "varObject":object, "varParm1":city], STOP_ON_FAILURE): Call Test Case 'Test Cases/_Functions/Perform Action' successfully

27-02-2025T17:37:29 - [TEST_CASE][PASSED] - Test Cases/_Functions/Perform Action: Test Cases/_Functions/Perform Action

27-02-2025T17:37:29 - [TEST_STEP][PASSED] - action = varAction: null

27-02-2025T17:37:29 - [TEST_STEP][PASSED] - println(action): null

27-02-2025T17:37:29 - [TEST_STEP][PASSED] - testObject = varObject: null

27-02-2025T17:37:29 - [TEST_STEP][PASSED] - println(testObject): null

27-02-2025T17:37:29 - [TEST_STEP][PASSED] - parm1 = varParm1: null

27-02-2025T17:37:29 - [TEST_STEP][PASSED] - println(parm1): null

27-02-2025T17:37:29 - [TEST_STEP][PASSED] - println("Converting " + testObject + " to web element"): null

27-02-2025T17:37:29 - [TEST_STEP][PASSED] - element = findWebElement(findTestObject(testObject), 1): null

27-02-2025T17:37:29 - [TEST_STEP][PASSED] - loc = element.getLocation(): null

27-02-2025T17:37:29 - [TEST_STEP][PASSED] - y = loc.getY(): null

27-02-2025T17:37:29 - [TEST_STEP][PASSED] - println("Y location is " + y): null

27-02-2025T17:37:29 - [TEST_STEP][PASSED] - top = getViewportTopPosition(): Current viewport's top (y) position is 975

27-02-2025T17:37:29 - [MESSAGE][PASSED] - Current viewport's top (y) position is 975

27-02-2025T17:37:29 - [TEST_STEP][PASSED] - println("Viewport top is " + top): null

27-02-2025T17:37:29 - [TEST_STEP][PASSED] - bottom = top + 600: null

27-02-2025T17:37:29 - [TEST_STEP][PASSED] - if (y - top < 150 || bottom - y < 10): null

27-02-2025T17:37:29 - [TEST_STEP][PASSED] - if (action == "click"): null

27-02-2025T17:37:29 - [TEST_STEP][PASSED] - else if (action == "selectOptionByValue"): null

27-02-2025T17:37:29 - [TEST_STEP][PASSED] - else if (action == "setText"): Text 'Waconia' is set on object 'Object Repository/Journey Partner Profile/Register/input_City'

27-02-2025T17:37:29 - [TEST_STEP][PASSED] - println("Setting text " + parm1): null

27-02-2025T17:37:29 - [TEST_STEP][PASSED] - setText(findTestObject(testObject), parm1): Text 'Waconia' is set on object 'Object Repository/Journey Partner Profile/Register/input_City'

27-02-2025T17:37:29 - [MESSAGE][PASSED] - Text 'Waconia' is set on object 'Object Repository/Journey Partner Profile/Register/input_City'

27-02-2025T17:37:29 - [MESSAGE][PASSED] - Call Test Case 'Test Cases/_Functions/Perform Action' successfully

27-02-2025T17:37:29 - [TEST_STEP][PASSED] - object = "Journey Partner Profile/Register/select_State": null

27-02-2025T17:37:29 - [TEST_STEP][PASSED] - callTestCase(findTestCase("_Functions/Perform Action"), ["varAction":"selectOptionByValue", "varObject":object, "varParm1":state], STOP_ON_FAILURE): Call Test Case 'Test Cases/_Functions/Perform Action' successfully

27-02-2025T17:37:29 - [TEST_CASE][PASSED] - Test Cases/_Functions/Perform Action: Test Cases/_Functions/Perform Action

27-02-2025T17:37:29 - [TEST_STEP][PASSED] - action = varAction: null

27-02-2025T17:37:29 - [TEST_STEP][PASSED] - println(action): null

27-02-2025T17:37:29 - [TEST_STEP][PASSED] - testObject = varObject: null

27-02-2025T17:37:29 - [TEST_STEP][PASSED] - println(testObject): null

27-02-2025T17:37:29 - [TEST_STEP][PASSED] - parm1 = varParm1: null

27-02-2025T17:37:29 - [TEST_STEP][PASSED] - println(parm1): null

27-02-2025T17:37:29 - [TEST_STEP][PASSED] - println("Converting " + testObject + " to web element"): null

27-02-2025T17:37:29 - [TEST_STEP][PASSED] - element = findWebElement(findTestObject(testObject), 1): null

27-02-2025T17:37:29 - [TEST_STEP][PASSED] - loc = element.getLocation(): null

27-02-2025T17:37:29 - [TEST_STEP][PASSED] - y = loc.getY(): null

27-02-2025T17:37:29 - [TEST_STEP][PASSED] - println("Y location is " + y): null

27-02-2025T17:37:29 - [TEST_STEP][PASSED] - top = getViewportTopPosition(): Current viewport's top (y) position is 975

27-02-2025T17:37:29 - [MESSAGE][PASSED] - Current viewport's top (y) position is 975

27-02-2025T17:37:29 - [TEST_STEP][PASSED] - println("Viewport top is " + top): null

27-02-2025T17:37:29 - [TEST_STEP][PASSED] - bottom = top + 600: null

27-02-2025T17:37:29 - [TEST_STEP][PASSED] - if (y - top < 150 || bottom - y < 10): null

27-02-2025T17:37:29 - [TEST_STEP][PASSED] - if (action == "click"): null

27-02-2025T17:37:29 - [TEST_STEP][PASSED] - else if (action == "selectOptionByValue"): All options with value 'Minnesota' are selected in object 'Object Repository/Journey Partner Profile/Register/select_State' 

27-02-2025T17:37:29 - [TEST_STEP][PASSED] - println("Selecting " + parm1): null

27-02-2025T17:37:29 - [TEST_STEP][PASSED] - selectOptionByValue(findTestObject(testObject), parm1, false): All options with value 'Minnesota' are selected in object 'Object Repository/Journey Partner Profile/Register/select_State' 

27-02-2025T17:37:29 - [MESSAGE][PASSED] - All options with value 'Minnesota' are selected in object 'Object Repository/Journey Partner Profile/Register/select_State' 

27-02-2025T17:37:29 - [MESSAGE][PASSED] - Call Test Case 'Test Cases/_Functions/Perform Action' successfully

27-02-2025T17:37:29 - [TEST_STEP][PASSED] - object = "Journey Partner Profile/Register/input_PostZip Code": null

27-02-2025T17:37:29 - [TEST_STEP][PASSED] - callTestCase(findTestCase("_Functions/Perform Action"), ["varAction":"setText", "varObject":object, "varParm1":zip], STOP_ON_FAILURE): Call Test Case 'Test Cases/_Functions/Perform Action' successfully

27-02-2025T17:37:29 - [TEST_CASE][PASSED] - Test Cases/_Functions/Perform Action: Test Cases/_Functions/Perform Action

27-02-2025T17:37:29 - [TEST_STEP][PASSED] - action = varAction: null

27-02-2025T17:37:29 - [TEST_STEP][PASSED] - println(action): null

27-02-2025T17:37:29 - [TEST_STEP][PASSED] - testObject = varObject: null

27-02-2025T17:37:29 - [TEST_STEP][PASSED] - println(testObject): null

27-02-2025T17:37:29 - [TEST_STEP][PASSED] - parm1 = varParm1: null

27-02-2025T17:37:29 - [TEST_STEP][PASSED] - println(parm1): null

27-02-2025T17:37:29 - [TEST_STEP][PASSED] - println("Converting " + testObject + " to web element"): null

27-02-2025T17:37:29 - [TEST_STEP][PASSED] - element = findWebElement(findTestObject(testObject), 1): null

27-02-2025T17:37:29 - [TEST_STEP][PASSED] - loc = element.getLocation(): null

27-02-2025T17:37:29 - [TEST_STEP][PASSED] - y = loc.getY(): null

27-02-2025T17:37:29 - [TEST_STEP][PASSED] - println("Y location is " + y): null

27-02-2025T17:37:29 - [TEST_STEP][PASSED] - top = getViewportTopPosition(): Current viewport's top (y) position is 975

27-02-2025T17:37:29 - [MESSAGE][PASSED] - Current viewport's top (y) position is 975

27-02-2025T17:37:29 - [TEST_STEP][PASSED] - println("Viewport top is " + top): null

27-02-2025T17:37:29 - [TEST_STEP][PASSED] - bottom = top + 600: null

27-02-2025T17:37:29 - [TEST_STEP][PASSED] - if (y - top < 150 || bottom - y < 10): null

27-02-2025T17:37:29 - [TEST_STEP][PASSED] - if (action == "click"): null

27-02-2025T17:37:29 - [TEST_STEP][PASSED] - else if (action == "selectOptionByValue"): null

27-02-2025T17:37:29 - [TEST_STEP][PASSED] - else if (action == "setText"): Text '55387' is set on object 'Object Repository/Journey Partner Profile/Register/input_PostZip Code'

27-02-2025T17:37:29 - [TEST_STEP][PASSED] - println("Setting text " + parm1): null

27-02-2025T17:37:29 - [TEST_STEP][PASSED] - setText(findTestObject(testObject), parm1): Text '55387' is set on object 'Object Repository/Journey Partner Profile/Register/input_PostZip Code'

27-02-2025T17:37:29 - [MESSAGE][PASSED] - Text '55387' is set on object 'Object Repository/Journey Partner Profile/Register/input_PostZip Code'

27-02-2025T17:37:29 - [MESSAGE][PASSED] - Call Test Case 'Test Cases/_Functions/Perform Action' successfully

27-02-2025T17:37:29 - [TEST_STEP][PASSED] - object = "Journey Partner Profile/Register/select_Country": null

27-02-2025T17:37:29 - [TEST_STEP][PASSED] - callTestCase(findTestCase("_Functions/Perform Action"), ["varAction":"selectOptionByValue", "varObject":object, "varParm1":country], STOP_ON_FAILURE): Call Test Case 'Test Cases/_Functions/Perform Action' successfully

27-02-2025T17:37:29 - [TEST_CASE][PASSED] - Test Cases/_Functions/Perform Action: Test Cases/_Functions/Perform Action

27-02-2025T17:37:29 - [TEST_STEP][PASSED] - action = varAction: null

27-02-2025T17:37:29 - [TEST_STEP][PASSED] - println(action): null

27-02-2025T17:37:29 - [TEST_STEP][PASSED] - testObject = varObject: null

27-02-2025T17:37:29 - [TEST_STEP][PASSED] - println(testObject): null

27-02-2025T17:37:29 - [TEST_STEP][PASSED] - parm1 = varParm1: null

27-02-2025T17:37:29 - [TEST_STEP][PASSED] - println(parm1): null

27-02-2025T17:37:29 - [TEST_STEP][PASSED] - println("Converting " + testObject + " to web element"): null

27-02-2025T17:37:29 - [TEST_STEP][PASSED] - element = findWebElement(findTestObject(testObject), 1): null

27-02-2025T17:37:29 - [TEST_STEP][PASSED] - loc = element.getLocation(): null

27-02-2025T17:37:29 - [TEST_STEP][PASSED] - y = loc.getY(): null

27-02-2025T17:37:29 - [TEST_STEP][PASSED] - println("Y location is " + y): null

27-02-2025T17:37:29 - [TEST_STEP][PASSED] - top = getViewportTopPosition(): Current viewport's top (y) position is 975

27-02-2025T17:37:29 - [MESSAGE][PASSED] - Current viewport's top (y) position is 975

27-02-2025T17:37:29 - [TEST_STEP][PASSED] - println("Viewport top is " + top): null

27-02-2025T17:37:29 - [TEST_STEP][PASSED] - bottom = top + 600: null

27-02-2025T17:37:29 - [TEST_STEP][PASSED] - if (y - top < 150 || bottom - y < 10): Delayed 1 second(s)

27-02-2025T17:37:29 - [TEST_STEP][PASSED] - scrollToPosition(0, y - 150): Browser is scrolled to position x = 0, y = 917

27-02-2025T17:37:29 - [MESSAGE][PASSED] - Browser is scrolled to position x = 0, y = 917

27-02-2025T17:37:29 - [TEST_STEP][PASSED] - delay(1): Delayed 1 second(s)

27-02-2025T17:37:30 - [MESSAGE][PASSED] - Delayed 1 second(s)

27-02-2025T17:37:30 - [TEST_STEP][PASSED] - if (action == "click"): null

27-02-2025T17:37:30 - [TEST_STEP][PASSED] - else if (action == "selectOptionByValue"): All options with value 'United States' are selected in object 'Object Repository/Journey Partner Profile/Register/select_Country' 

27-02-2025T17:37:30 - [TEST_STEP][PASSED] - println("Selecting " + parm1): null

27-02-2025T17:37:30 - [TEST_STEP][PASSED] - selectOptionByValue(findTestObject(testObject), parm1, false): All options with value 'United States' are selected in object 'Object Repository/Journey Partner Profile/Register/select_Country' 

27-02-2025T17:37:30 - [MESSAGE][PASSED] - All options with value 'United States' are selected in object 'Object Repository/Journey Partner Profile/Register/select_Country' 

27-02-2025T17:37:30 - [MESSAGE][PASSED] - Call Test Case 'Test Cases/_Functions/Perform Action' successfully

27-02-2025T17:37:30 - [TEST_STEP][PASSED] - object = "Journey Partner Profile/Register/textarea_Description": null

27-02-2025T17:37:30 - [TEST_STEP][PASSED] - callTestCase(findTestCase("_Functions/Perform Action"), ["varAction":"setText", "varObject":object, "varParm1":description], STOP_ON_FAILURE): Call Test Case 'Test Cases/_Functions/Perform Action' successfully

27-02-2025T17:37:31 - [TEST_CASE][PASSED] - Test Cases/_Functions/Perform Action: Test Cases/_Functions/Perform Action

27-02-2025T17:37:31 - [TEST_STEP][PASSED] - action = varAction: null

27-02-2025T17:37:31 - [TEST_STEP][PASSED] - println(action): null

27-02-2025T17:37:31 - [TEST_STEP][PASSED] - testObject = varObject: null

27-02-2025T17:37:31 - [TEST_STEP][PASSED] - println(testObject): null

27-02-2025T17:37:31 - [TEST_STEP][PASSED] - parm1 = varParm1: null

27-02-2025T17:37:31 - [TEST_STEP][PASSED] - println(parm1): null

27-02-2025T17:37:31 - [TEST_STEP][PASSED] - println("Converting " + testObject + " to web element"): null

27-02-2025T17:37:31 - [TEST_STEP][PASSED] - element = findWebElement(findTestObject(testObject), 1): null

27-02-2025T17:37:31 - [TEST_STEP][PASSED] - loc = element.getLocation(): null

27-02-2025T17:37:31 - [TEST_STEP][PASSED] - y = loc.getY(): null

27-02-2025T17:37:31 - [TEST_STEP][PASSED] - println("Y location is " + y): null

27-02-2025T17:37:31 - [TEST_STEP][PASSED] - top = getViewportTopPosition(): Current viewport's top (y) position is 917

27-02-2025T17:37:31 - [MESSAGE][PASSED] - Current viewport's top (y) position is 917

27-02-2025T17:37:31 - [TEST_STEP][PASSED] - println("Viewport top is " + top): null

27-02-2025T17:37:31 - [TEST_STEP][PASSED] - bottom = top + 600: null

27-02-2025T17:37:31 - [TEST_STEP][PASSED] - if (y - top < 150 || bottom - y < 10): null

27-02-2025T17:37:31 - [TEST_STEP][PASSED] - if (action == "click"): null

27-02-2025T17:37:31 - [TEST_STEP][PASSED] - else if (action == "selectOptionByValue"): null

27-02-2025T17:37:31 - [TEST_STEP][PASSED] - else if (action == "setText"): Text 'A journey partner ministry' is set on object 'Object Repository/Journey Partner Profile/Register/textarea_Description'

27-02-2025T17:37:31 - [TEST_STEP][PASSED] - println("Setting text " + parm1): null

27-02-2025T17:37:31 - [TEST_STEP][PASSED] - setText(findTestObject(testObject), parm1): Text 'A journey partner ministry' is set on object 'Object Repository/Journey Partner Profile/Register/textarea_Description'

27-02-2025T17:37:31 - [MESSAGE][PASSED] - Text 'A journey partner ministry' is set on object 'Object Repository/Journey Partner Profile/Register/textarea_Description'

27-02-2025T17:37:31 - [MESSAGE][PASSED] - Call Test Case 'Test Cases/_Functions/Perform Action' successfully

27-02-2025T17:37:31 - [TEST_STEP][PASSED] - website = "https://" + domain: null

27-02-2025T17:37:31 - [TEST_STEP][PASSED] - object = "Journey Partner Profile/Register/input_Website Address": null

27-02-2025T17:37:31 - [TEST_STEP][PASSED] - callTestCase(findTestCase("_Functions/Perform Action"), ["varAction":"setText", "varObject":object, "varParm1":website], STOP_ON_FAILURE): Call Test Case 'Test Cases/_Functions/Perform Action' successfully

27-02-2025T17:37:31 - [TEST_CASE][PASSED] - Test Cases/_Functions/Perform Action: Test Cases/_Functions/Perform Action

27-02-2025T17:37:31 - [TEST_STEP][PASSED] - action = varAction: null

27-02-2025T17:37:31 - [TEST_STEP][PASSED] - println(action): null

27-02-2025T17:37:31 - [TEST_STEP][PASSED] - testObject = varObject: null

27-02-2025T17:37:31 - [TEST_STEP][PASSED] - println(testObject): null

27-02-2025T17:37:31 - [TEST_STEP][PASSED] - parm1 = varParm1: null

27-02-2025T17:37:31 - [TEST_STEP][PASSED] - println(parm1): null

27-02-2025T17:37:31 - [TEST_STEP][PASSED] - println("Converting " + testObject + " to web element"): null

27-02-2025T17:37:31 - [TEST_STEP][PASSED] - element = findWebElement(findTestObject(testObject), 1): null

27-02-2025T17:37:31 - [TEST_STEP][PASSED] - loc = element.getLocation(): null

27-02-2025T17:37:31 - [TEST_STEP][PASSED] - y = loc.getY(): null

27-02-2025T17:37:31 - [TEST_STEP][PASSED] - println("Y location is " + y): null

27-02-2025T17:37:31 - [TEST_STEP][PASSED] - top = getViewportTopPosition(): Current viewport's top (y) position is 917

27-02-2025T17:37:31 - [MESSAGE][PASSED] - Current viewport's top (y) position is 917

27-02-2025T17:37:31 - [TEST_STEP][PASSED] - println("Viewport top is " + top): null

27-02-2025T17:37:31 - [TEST_STEP][PASSED] - bottom = top + 600: null

27-02-2025T17:37:31 - [TEST_STEP][PASSED] - if (y - top < 150 || bottom - y < 10): Delayed 1 second(s)

27-02-2025T17:37:31 - [TEST_STEP][PASSED] - scrollToPosition(0, y - 150): Browser is scrolled to position x = 0, y = 1449

27-02-2025T17:37:31 - [MESSAGE][PASSED] - Browser is scrolled to position x = 0, y = 1449

27-02-2025T17:37:31 - [TEST_STEP][PASSED] - delay(1): Delayed 1 second(s)

27-02-2025T17:37:32 - [MESSAGE][PASSED] - Delayed 1 second(s)

27-02-2025T17:37:32 - [TEST_STEP][PASSED] - if (action == "click"): null

27-02-2025T17:37:32 - [TEST_STEP][PASSED] - else if (action == "selectOptionByValue"): null

27-02-2025T17:37:32 - [TEST_STEP][PASSED] - else if (action == "setText"): Text 'https://missionnext.org' is set on object 'Object Repository/Journey Partner Profile/Register/input_Website Address'

27-02-2025T17:37:32 - [TEST_STEP][PASSED] - println("Setting text " + parm1): null

27-02-2025T17:37:32 - [TEST_STEP][PASSED] - setText(findTestObject(testObject), parm1): Text 'https://missionnext.org' is set on object 'Object Repository/Journey Partner Profile/Register/input_Website Address'

27-02-2025T17:37:32 - [MESSAGE][PASSED] - Text 'https://missionnext.org' is set on object 'Object Repository/Journey Partner Profile/Register/input_Website Address'

27-02-2025T17:37:32 - [MESSAGE][PASSED] - Call Test Case 'Test Cases/_Functions/Perform Action' successfully

27-02-2025T17:37:32 - [TEST_STEP][PASSED] - orgs = affiliated_orgs: null

27-02-2025T17:37:32 - [TEST_STEP][PASSED] - for (def org : orgs): Call Test Case 'Test Cases/_Functions/Perform Action' successfully

27-02-2025T17:37:32 - [TEST_STEP][PASSED] - myObject = "Journey Partner Profile/Register/checkbox_" + org: null

27-02-2025T17:37:32 - [TEST_STEP][PASSED] - callTestCase(findTestCase("_Functions/Perform Action"), ["varAction":"click", "varObject":myObject], STOP_ON_FAILURE): Call Test Case 'Test Cases/_Functions/Perform Action' successfully

27-02-2025T17:37:32 - [TEST_CASE][PASSED] - Test Cases/_Functions/Perform Action: Test Cases/_Functions/Perform Action

27-02-2025T17:37:32 - [TEST_STEP][PASSED] - action = varAction: null

27-02-2025T17:37:32 - [TEST_STEP][PASSED] - println(action): null

27-02-2025T17:37:32 - [TEST_STEP][PASSED] - testObject = varObject: null

27-02-2025T17:37:32 - [TEST_STEP][PASSED] - println(testObject): null

27-02-2025T17:37:32 - [TEST_STEP][PASSED] - parm1 = varParm1: null

27-02-2025T17:37:32 - [TEST_STEP][PASSED] - println(parm1): null

27-02-2025T17:37:32 - [TEST_STEP][PASSED] - println("Converting " + testObject + " to web element"): null

27-02-2025T17:37:32 - [TEST_STEP][PASSED] - element = findWebElement(findTestObject(testObject), 1): null

27-02-2025T17:37:32 - [TEST_STEP][PASSED] - loc = element.getLocation(): null

27-02-2025T17:37:32 - [TEST_STEP][PASSED] - y = loc.getY(): null

27-02-2025T17:37:32 - [TEST_STEP][PASSED] - println("Y location is " + y): null

27-02-2025T17:37:32 - [TEST_STEP][PASSED] - top = getViewportTopPosition(): Current viewport's top (y) position is 1449

27-02-2025T17:37:32 - [MESSAGE][PASSED] - Current viewport's top (y) position is 1449

27-02-2025T17:37:32 - [TEST_STEP][PASSED] - println("Viewport top is " + top): null

27-02-2025T17:37:32 - [TEST_STEP][PASSED] - bottom = top + 600: null

27-02-2025T17:37:32 - [TEST_STEP][PASSED] - if (y - top < 150 || bottom - y < 10): null

27-02-2025T17:37:32 - [TEST_STEP][PASSED] - if (action == "click"): Object: 'Object Repository/Journey Partner Profile/Register/checkbox_ECFA' is clicked on

27-02-2025T17:37:32 - [TEST_STEP][PASSED] - println("clicking"): null

27-02-2025T17:37:32 - [TEST_STEP][PASSED] - click(findTestObject(testObject)): Object: 'Object Repository/Journey Partner Profile/Register/checkbox_ECFA' is clicked on

27-02-2025T17:37:32 - [MESSAGE][PASSED] - Object: 'Object Repository/Journey Partner Profile/Register/checkbox_ECFA' is clicked on

27-02-2025T17:37:32 - [MESSAGE][PASSED] - Call Test Case 'Test Cases/_Functions/Perform Action' successfully

27-02-2025T17:37:32 - [TEST_STEP][PASSED] - myObject = "Journey Partner Profile/Register/checkbox_" + org: null

27-02-2025T17:37:32 - [TEST_STEP][PASSED] - callTestCase(findTestCase("_Functions/Perform Action"), ["varAction":"click", "varObject":myObject], STOP_ON_FAILURE): Call Test Case 'Test Cases/_Functions/Perform Action' successfully

27-02-2025T17:37:32 - [TEST_CASE][PASSED] - Test Cases/_Functions/Perform Action: Test Cases/_Functions/Perform Action

27-02-2025T17:37:32 - [TEST_STEP][PASSED] - action = varAction: null

27-02-2025T17:37:32 - [TEST_STEP][PASSED] - println(action): null

27-02-2025T17:37:32 - [TEST_STEP][PASSED] - testObject = varObject: null

27-02-2025T17:37:32 - [TEST_STEP][PASSED] - println(testObject): null

27-02-2025T17:37:32 - [TEST_STEP][PASSED] - parm1 = varParm1: null

27-02-2025T17:37:32 - [TEST_STEP][PASSED] - println(parm1): null

27-02-2025T17:37:32 - [TEST_STEP][PASSED] - println("Converting " + testObject + " to web element"): null

27-02-2025T17:37:32 - [TEST_STEP][PASSED] - element = findWebElement(findTestObject(testObject), 1): null

27-02-2025T17:37:32 - [TEST_STEP][PASSED] - loc = element.getLocation(): null

27-02-2025T17:37:32 - [TEST_STEP][PASSED] - y = loc.getY(): null

27-02-2025T17:37:32 - [TEST_STEP][PASSED] - println("Y location is " + y): null

27-02-2025T17:37:32 - [TEST_STEP][PASSED] - top = getViewportTopPosition(): Current viewport's top (y) position is 1449

27-02-2025T17:37:32 - [MESSAGE][PASSED] - Current viewport's top (y) position is 1449

27-02-2025T17:37:32 - [TEST_STEP][PASSED] - println("Viewport top is " + top): null

27-02-2025T17:37:32 - [TEST_STEP][PASSED] - bottom = top + 600: null

27-02-2025T17:37:32 - [TEST_STEP][PASSED] - if (y - top < 150 || bottom - y < 10): null

27-02-2025T17:37:32 - [TEST_STEP][PASSED] - if (action == "click"): Object: 'Object Repository/Journey Partner Profile/Register/checkbox_AIMS' is clicked on

27-02-2025T17:37:32 - [TEST_STEP][PASSED] - println("clicking"): null

27-02-2025T17:37:32 - [TEST_STEP][PASSED] - click(findTestObject(testObject)): Object: 'Object Repository/Journey Partner Profile/Register/checkbox_AIMS' is clicked on

27-02-2025T17:37:32 - [MESSAGE][PASSED] - Object: 'Object Repository/Journey Partner Profile/Register/checkbox_AIMS' is clicked on

27-02-2025T17:37:32 - [MESSAGE][PASSED] - Call Test Case 'Test Cases/_Functions/Perform Action' successfully

27-02-2025T17:37:32 - [TEST_STEP][PASSED] - myObject = "Journey Partner Profile/Register/checkbox_" + org: null

27-02-2025T17:37:32 - [TEST_STEP][PASSED] - callTestCase(findTestCase("_Functions/Perform Action"), ["varAction":"click", "varObject":myObject], STOP_ON_FAILURE): Call Test Case 'Test Cases/_Functions/Perform Action' successfully

27-02-2025T17:37:32 - [TEST_CASE][PASSED] - Test Cases/_Functions/Perform Action: Test Cases/_Functions/Perform Action

27-02-2025T17:37:32 - [TEST_STEP][PASSED] - action = varAction: null

27-02-2025T17:37:32 - [TEST_STEP][PASSED] - println(action): null

27-02-2025T17:37:32 - [TEST_STEP][PASSED] - testObject = varObject: null

27-02-2025T17:37:32 - [TEST_STEP][PASSED] - println(testObject): null

27-02-2025T17:37:32 - [TEST_STEP][PASSED] - parm1 = varParm1: null

27-02-2025T17:37:32 - [TEST_STEP][PASSED] - println(parm1): null

27-02-2025T17:37:32 - [TEST_STEP][PASSED] - println("Converting " + testObject + " to web element"): null

27-02-2025T17:37:32 - [TEST_STEP][PASSED] - element = findWebElement(findTestObject(testObject), 1): null

27-02-2025T17:37:32 - [TEST_STEP][PASSED] - loc = element.getLocation(): null

27-02-2025T17:37:32 - [TEST_STEP][PASSED] - y = loc.getY(): null

27-02-2025T17:37:32 - [TEST_STEP][PASSED] - println("Y location is " + y): null

27-02-2025T17:37:32 - [TEST_STEP][PASSED] - top = getViewportTopPosition(): Current viewport's top (y) position is 1449

27-02-2025T17:37:32 - [MESSAGE][PASSED] - Current viewport's top (y) position is 1449

27-02-2025T17:37:32 - [TEST_STEP][PASSED] - println("Viewport top is " + top): null

27-02-2025T17:37:32 - [TEST_STEP][PASSED] - bottom = top + 600: null

27-02-2025T17:37:32 - [TEST_STEP][PASSED] - if (y - top < 150 || bottom - y < 10): null

27-02-2025T17:37:32 - [TEST_STEP][PASSED] - if (action == "click"): Object: 'Object Repository/Journey Partner Profile/Register/checkbox_Accord Network' is clicked on

27-02-2025T17:37:32 - [TEST_STEP][PASSED] - println("clicking"): null

27-02-2025T17:37:32 - [TEST_STEP][PASSED] - click(findTestObject(testObject)): Object: 'Object Repository/Journey Partner Profile/Register/checkbox_Accord Network' is clicked on

27-02-2025T17:37:32 - [MESSAGE][PASSED] - Object: 'Object Repository/Journey Partner Profile/Register/checkbox_Accord Network' is clicked on

27-02-2025T17:37:32 - [MESSAGE][PASSED] - Call Test Case 'Test Cases/_Functions/Perform Action' successfully

27-02-2025T17:37:32 - [TEST_STEP][PASSED] - object = "Journey Partner Profile/Register/input_Mission Statement": null

27-02-2025T17:37:32 - [TEST_STEP][PASSED] - callTestCase(findTestCase("_Functions/Perform Action"), ["varAction":"setText", "varObject":object, "varParm1":mission_statement], STOP_ON_FAILURE): Call Test Case 'Test Cases/_Functions/Perform Action' successfully

27-02-2025T17:37:32 - [TEST_CASE][PASSED] - Test Cases/_Functions/Perform Action: Test Cases/_Functions/Perform Action

27-02-2025T17:37:32 - [TEST_STEP][PASSED] - action = varAction: null

27-02-2025T17:37:32 - [TEST_STEP][PASSED] - println(action): null

27-02-2025T17:37:32 - [TEST_STEP][PASSED] - testObject = varObject: null

27-02-2025T17:37:32 - [TEST_STEP][PASSED] - println(testObject): null

27-02-2025T17:37:32 - [TEST_STEP][PASSED] - parm1 = varParm1: null

27-02-2025T17:37:32 - [TEST_STEP][PASSED] - println(parm1): null

27-02-2025T17:37:32 - [TEST_STEP][PASSED] - println("Converting " + testObject + " to web element"): null

27-02-2025T17:37:32 - [TEST_STEP][PASSED] - element = findWebElement(findTestObject(testObject), 1): null

27-02-2025T17:37:32 - [TEST_STEP][PASSED] - loc = element.getLocation(): null

27-02-2025T17:37:32 - [TEST_STEP][PASSED] - y = loc.getY(): null

27-02-2025T17:37:32 - [TEST_STEP][PASSED] - println("Y location is " + y): null

27-02-2025T17:37:32 - [TEST_STEP][PASSED] - top = getViewportTopPosition(): Current viewport's top (y) position is 1449

27-02-2025T17:37:32 - [MESSAGE][PASSED] - Current viewport's top (y) position is 1449

27-02-2025T17:37:32 - [TEST_STEP][PASSED] - println("Viewport top is " + top): null

27-02-2025T17:37:32 - [TEST_STEP][PASSED] - bottom = top + 600: null

27-02-2025T17:37:32 - [TEST_STEP][PASSED] - if (y - top < 150 || bottom - y < 10): null

27-02-2025T17:37:32 - [TEST_STEP][PASSED] - if (action == "click"): null

27-02-2025T17:37:32 - [TEST_STEP][PASSED] - else if (action == "selectOptionByValue"): null

27-02-2025T17:37:32 - [TEST_STEP][PASSED] - else if (action == "setText"): Text 'https://missionnext.org/mission' is set on object 'Object Repository/Journey Partner Profile/Register/input_Mission Statement'

27-02-2025T17:37:32 - [TEST_STEP][PASSED] - println("Setting text " + parm1): null

27-02-2025T17:37:32 - [TEST_STEP][PASSED] - setText(findTestObject(testObject), parm1): Text 'https://missionnext.org/mission' is set on object 'Object Repository/Journey Partner Profile/Register/input_Mission Statement'

27-02-2025T17:37:32 - [MESSAGE][PASSED] - Text 'https://missionnext.org/mission' is set on object 'Object Repository/Journey Partner Profile/Register/input_Mission Statement'

27-02-2025T17:37:32 - [MESSAGE][PASSED] - Call Test Case 'Test Cases/_Functions/Perform Action' successfully

27-02-2025T17:37:32 - [TEST_STEP][PASSED] - object = "Journey Partner Profile/Register/input_Board of Directors": null

27-02-2025T17:37:32 - [TEST_STEP][PASSED] - callTestCase(findTestCase("_Functions/Perform Action"), ["varAction":"setText", "varObject":object, "varParm1":bod], STOP_ON_FAILURE): Call Test Case 'Test Cases/_Functions/Perform Action' successfully

27-02-2025T17:37:32 - [TEST_CASE][PASSED] - Test Cases/_Functions/Perform Action: Test Cases/_Functions/Perform Action

27-02-2025T17:37:32 - [TEST_STEP][PASSED] - action = varAction: null

27-02-2025T17:37:32 - [TEST_STEP][PASSED] - println(action): null

27-02-2025T17:37:32 - [TEST_STEP][PASSED] - testObject = varObject: null

27-02-2025T17:37:32 - [TEST_STEP][PASSED] - println(testObject): null

27-02-2025T17:37:32 - [TEST_STEP][PASSED] - parm1 = varParm1: null

27-02-2025T17:37:32 - [TEST_STEP][PASSED] - println(parm1): null

27-02-2025T17:37:32 - [TEST_STEP][PASSED] - println("Converting " + testObject + " to web element"): null

27-02-2025T17:37:32 - [TEST_STEP][PASSED] - element = findWebElement(findTestObject(testObject), 1): null

27-02-2025T17:37:32 - [TEST_STEP][PASSED] - loc = element.getLocation(): null

27-02-2025T17:37:32 - [TEST_STEP][PASSED] - y = loc.getY(): null

27-02-2025T17:37:32 - [TEST_STEP][PASSED] - println("Y location is " + y): null

27-02-2025T17:37:32 - [TEST_STEP][PASSED] - top = getViewportTopPosition(): Current viewport's top (y) position is 1449

27-02-2025T17:37:32 - [MESSAGE][PASSED] - Current viewport's top (y) position is 1449

27-02-2025T17:37:32 - [TEST_STEP][PASSED] - println("Viewport top is " + top): null

27-02-2025T17:37:32 - [TEST_STEP][PASSED] - bottom = top + 600: null

27-02-2025T17:37:32 - [TEST_STEP][PASSED] - if (y - top < 150 || bottom - y < 10): null

27-02-2025T17:37:32 - [TEST_STEP][PASSED] - if (action == "click"): null

27-02-2025T17:37:32 - [TEST_STEP][PASSED] - else if (action == "selectOptionByValue"): null

27-02-2025T17:37:32 - [TEST_STEP][PASSED] - else if (action == "setText"): Text 'https://missionnext.org/bod' is set on object 'Object Repository/Journey Partner Profile/Register/input_Board of Directors'

27-02-2025T17:37:32 - [TEST_STEP][PASSED] - println("Setting text " + parm1): null

27-02-2025T17:37:32 - [TEST_STEP][PASSED] - setText(findTestObject(testObject), parm1): Text 'https://missionnext.org/bod' is set on object 'Object Repository/Journey Partner Profile/Register/input_Board of Directors'

27-02-2025T17:37:32 - [MESSAGE][PASSED] - Text 'https://missionnext.org/bod' is set on object 'Object Repository/Journey Partner Profile/Register/input_Board of Directors'

27-02-2025T17:37:32 - [MESSAGE][PASSED] - Call Test Case 'Test Cases/_Functions/Perform Action' successfully

27-02-2025T17:37:32 - [TEST_STEP][PASSED] - object = "Journey Partner Profile/Register/input_Statement of Faith": null

27-02-2025T17:37:32 - [TEST_STEP][PASSED] - callTestCase(findTestCase("_Functions/Perform Action"), ["varAction":"setText", "varObject":object, "varParm1":sof], STOP_ON_FAILURE): Call Test Case 'Test Cases/_Functions/Perform Action' successfully

27-02-2025T17:37:32 - [TEST_CASE][PASSED] - Test Cases/_Functions/Perform Action: Test Cases/_Functions/Perform Action

27-02-2025T17:37:32 - [TEST_STEP][PASSED] - action = varAction: null

27-02-2025T17:37:32 - [TEST_STEP][PASSED] - println(action): null

27-02-2025T17:37:32 - [TEST_STEP][PASSED] - testObject = varObject: null

27-02-2025T17:37:32 - [TEST_STEP][PASSED] - println(testObject): null

27-02-2025T17:37:32 - [TEST_STEP][PASSED] - parm1 = varParm1: null

27-02-2025T17:37:32 - [TEST_STEP][PASSED] - println(parm1): null

27-02-2025T17:37:32 - [TEST_STEP][PASSED] - println("Converting " + testObject + " to web element"): null

27-02-2025T17:37:32 - [TEST_STEP][PASSED] - element = findWebElement(findTestObject(testObject), 1): null

27-02-2025T17:37:32 - [TEST_STEP][PASSED] - loc = element.getLocation(): null

27-02-2025T17:37:32 - [TEST_STEP][PASSED] - y = loc.getY(): null

27-02-2025T17:37:32 - [TEST_STEP][PASSED] - println("Y location is " + y): null

27-02-2025T17:37:32 - [TEST_STEP][PASSED] - top = getViewportTopPosition(): Current viewport's top (y) position is 1449

27-02-2025T17:37:32 - [MESSAGE][PASSED] - Current viewport's top (y) position is 1449

27-02-2025T17:37:32 - [TEST_STEP][PASSED] - println("Viewport top is " + top): null

27-02-2025T17:37:32 - [TEST_STEP][PASSED] - bottom = top + 600: null

27-02-2025T17:37:32 - [TEST_STEP][PASSED] - if (y - top < 150 || bottom - y < 10): null

27-02-2025T17:37:32 - [TEST_STEP][PASSED] - if (action == "click"): null

27-02-2025T17:37:32 - [TEST_STEP][PASSED] - else if (action == "selectOptionByValue"): null

27-02-2025T17:37:32 - [TEST_STEP][PASSED] - else if (action == "setText"): Text 'https://missionnext.org/sof' is set on object 'Object Repository/Journey Partner Profile/Register/input_Statement of Faith'

27-02-2025T17:37:32 - [TEST_STEP][PASSED] - println("Setting text " + parm1): null

27-02-2025T17:37:32 - [TEST_STEP][PASSED] - setText(findTestObject(testObject), parm1): Text 'https://missionnext.org/sof' is set on object 'Object Repository/Journey Partner Profile/Register/input_Statement of Faith'

27-02-2025T17:37:32 - [MESSAGE][PASSED] - Text 'https://missionnext.org/sof' is set on object 'Object Repository/Journey Partner Profile/Register/input_Statement of Faith'

27-02-2025T17:37:32 - [MESSAGE][PASSED] - Call Test Case 'Test Cases/_Functions/Perform Action' successfully

27-02-2025T17:37:32 - [TEST_STEP][PASSED] - object = "Journey Partner Profile/Register/textarea_References": null

27-02-2025T17:37:32 - [TEST_STEP][PASSED] - callTestCase(findTestCase("_Functions/Perform Action"), ["varAction":"setText", "varObject":object, "varParm1":references], STOP_ON_FAILURE): Call Test Case 'Test Cases/_Functions/Perform Action' successfully

27-02-2025T17:37:32 - [TEST_CASE][PASSED] - Test Cases/_Functions/Perform Action: Test Cases/_Functions/Perform Action

27-02-2025T17:37:32 - [TEST_STEP][PASSED] - action = varAction: null

27-02-2025T17:37:32 - [TEST_STEP][PASSED] - println(action): null

27-02-2025T17:37:32 - [TEST_STEP][PASSED] - testObject = varObject: null

27-02-2025T17:37:32 - [TEST_STEP][PASSED] - println(testObject): null

27-02-2025T17:37:32 - [TEST_STEP][PASSED] - parm1 = varParm1: null

27-02-2025T17:37:32 - [TEST_STEP][PASSED] - println(parm1): null

27-02-2025T17:37:32 - [TEST_STEP][PASSED] - println("Converting " + testObject + " to web element"): null

27-02-2025T17:37:32 - [TEST_STEP][PASSED] - element = findWebElement(findTestObject(testObject), 1): null

27-02-2025T17:37:32 - [TEST_STEP][PASSED] - loc = element.getLocation(): null

27-02-2025T17:37:32 - [TEST_STEP][PASSED] - y = loc.getY(): null

27-02-2025T17:37:32 - [TEST_STEP][PASSED] - println("Y location is " + y): null

27-02-2025T17:37:32 - [TEST_STEP][PASSED] - top = getViewportTopPosition(): Current viewport's top (y) position is 1449

27-02-2025T17:37:32 - [MESSAGE][PASSED] - Current viewport's top (y) position is 1449

27-02-2025T17:37:32 - [TEST_STEP][PASSED] - println("Viewport top is " + top): null

27-02-2025T17:37:32 - [TEST_STEP][PASSED] - bottom = top + 600: null

27-02-2025T17:37:32 - [TEST_STEP][PASSED] - if (y - top < 150 || bottom - y < 10): null

27-02-2025T17:37:32 - [TEST_STEP][PASSED] - if (action == "click"): null

27-02-2025T17:37:32 - [TEST_STEP][PASSED] - else if (action == "selectOptionByValue"): null

27-02-2025T17:37:32 - [TEST_STEP][PASSED] - else if (action == "setText"): Text 'Brad Benson' is set on object 'Object Repository/Journey Partner Profile/Register/textarea_References'

27-02-2025T17:37:32 - [TEST_STEP][PASSED] - println("Setting text " + parm1): null

27-02-2025T17:37:32 - [TEST_STEP][PASSED] - setText(findTestObject(testObject), parm1): Text 'Brad Benson' is set on object 'Object Repository/Journey Partner Profile/Register/textarea_References'

27-02-2025T17:37:32 - [MESSAGE][PASSED] - Text 'Brad Benson' is set on object 'Object Repository/Journey Partner Profile/Register/textarea_References'

27-02-2025T17:37:32 - [MESSAGE][PASSED] - Call Test Case 'Test Cases/_Functions/Perform Action' successfully

27-02-2025T17:37:32 - [TEST_STEP][PASSED] - object = "Journey Partner Profile/Register/select_Referral": null

27-02-2025T17:37:32 - [TEST_STEP][PASSED] - callTestCase(findTestCase("_Functions/Perform Action"), ["varAction":"selectOptionByValue", "varObject":object, "varParm1":hear_about], STOP_ON_FAILURE): Call Test Case 'Test Cases/_Functions/Perform Action' successfully

27-02-2025T17:37:33 - [TEST_CASE][PASSED] - Test Cases/_Functions/Perform Action: Test Cases/_Functions/Perform Action

27-02-2025T17:37:33 - [TEST_STEP][PASSED] - action = varAction: null

27-02-2025T17:37:33 - [TEST_STEP][PASSED] - println(action): null

27-02-2025T17:37:33 - [TEST_STEP][PASSED] - testObject = varObject: null

27-02-2025T17:37:33 - [TEST_STEP][PASSED] - println(testObject): null

27-02-2025T17:37:33 - [TEST_STEP][PASSED] - parm1 = varParm1: null

27-02-2025T17:37:33 - [TEST_STEP][PASSED] - println(parm1): null

27-02-2025T17:37:33 - [TEST_STEP][PASSED] - println("Converting " + testObject + " to web element"): null

27-02-2025T17:37:33 - [TEST_STEP][PASSED] - element = findWebElement(findTestObject(testObject), 1): null

27-02-2025T17:37:33 - [TEST_STEP][PASSED] - loc = element.getLocation(): null

27-02-2025T17:37:33 - [TEST_STEP][PASSED] - y = loc.getY(): null

27-02-2025T17:37:33 - [TEST_STEP][PASSED] - println("Y location is " + y): null

27-02-2025T17:37:33 - [TEST_STEP][PASSED] - top = getViewportTopPosition(): Current viewport's top (y) position is 1449

27-02-2025T17:37:33 - [MESSAGE][PASSED] - Current viewport's top (y) position is 1449

27-02-2025T17:37:33 - [TEST_STEP][PASSED] - println("Viewport top is " + top): null

27-02-2025T17:37:33 - [TEST_STEP][PASSED] - bottom = top + 600: null

27-02-2025T17:37:33 - [TEST_STEP][PASSED] - if (y - top < 150 || bottom - y < 10): Delayed 1 second(s)

27-02-2025T17:37:33 - [TEST_STEP][PASSED] - scrollToPosition(0, y - 150): Browser is scrolled to position x = 0, y = 1895

27-02-2025T17:37:33 - [MESSAGE][PASSED] - Browser is scrolled to position x = 0, y = 1895

27-02-2025T17:37:33 - [TEST_STEP][PASSED] - delay(1): Delayed 1 second(s)

27-02-2025T17:37:34 - [MESSAGE][PASSED] - Delayed 1 second(s)

27-02-2025T17:37:34 - [TEST_STEP][PASSED] - if (action == "click"): null

27-02-2025T17:37:34 - [TEST_STEP][PASSED] - else if (action == "selectOptionByValue"): All options with value 'My Church' are selected in object 'Object Repository/Journey Partner Profile/Register/select_Referral' 

27-02-2025T17:37:34 - [TEST_STEP][PASSED] - println("Selecting " + parm1): null

27-02-2025T17:37:34 - [TEST_STEP][PASSED] - selectOptionByValue(findTestObject(testObject), parm1, false): All options with value 'My Church' are selected in object 'Object Repository/Journey Partner Profile/Register/select_Referral' 

27-02-2025T17:37:34 - [MESSAGE][PASSED] - All options with value 'My Church' are selected in object 'Object Repository/Journey Partner Profile/Register/select_Referral' 

27-02-2025T17:37:34 - [MESSAGE][PASSED] - Call Test Case 'Test Cases/_Functions/Perform Action' successfully

27-02-2025T17:37:34 - [TEST_STEP][PASSED] - object = "Journey Partner Profile/Register/textarea_Referral or Other Comment": null

27-02-2025T17:37:34 - [TEST_STEP][PASSED] - callTestCase(findTestCase("_Functions/Perform Action"), ["varAction":"setText", "varObject":object, "varParm1":referral], STOP_ON_FAILURE): Call Test Case 'Test Cases/_Functions/Perform Action' successfully

27-02-2025T17:37:34 - [TEST_CASE][PASSED] - Test Cases/_Functions/Perform Action: Test Cases/_Functions/Perform Action

27-02-2025T17:37:34 - [TEST_STEP][PASSED] - action = varAction: null

27-02-2025T17:37:34 - [TEST_STEP][PASSED] - println(action): null

27-02-2025T17:37:34 - [TEST_STEP][PASSED] - testObject = varObject: null

27-02-2025T17:37:34 - [TEST_STEP][PASSED] - println(testObject): null

27-02-2025T17:37:34 - [TEST_STEP][PASSED] - parm1 = varParm1: null

27-02-2025T17:37:34 - [TEST_STEP][PASSED] - println(parm1): null

27-02-2025T17:37:34 - [TEST_STEP][PASSED] - println("Converting " + testObject + " to web element"): null

27-02-2025T17:37:34 - [TEST_STEP][PASSED] - element = findWebElement(findTestObject(testObject), 1): null

27-02-2025T17:37:34 - [TEST_STEP][PASSED] - loc = element.getLocation(): null

27-02-2025T17:37:34 - [TEST_STEP][PASSED] - y = loc.getY(): null

27-02-2025T17:37:34 - [TEST_STEP][PASSED] - println("Y location is " + y): null

27-02-2025T17:37:34 - [TEST_STEP][PASSED] - top = getViewportTopPosition(): Current viewport's top (y) position is 1895

27-02-2025T17:37:34 - [MESSAGE][PASSED] - Current viewport's top (y) position is 1895

27-02-2025T17:37:34 - [TEST_STEP][PASSED] - println("Viewport top is " + top): null

27-02-2025T17:37:34 - [TEST_STEP][PASSED] - bottom = top + 600: null

27-02-2025T17:37:34 - [TEST_STEP][PASSED] - if (y - top < 150 || bottom - y < 10): null

27-02-2025T17:37:34 - [TEST_STEP][PASSED] - if (action == "click"): null

27-02-2025T17:37:34 - [TEST_STEP][PASSED] - else if (action == "selectOptionByValue"): null

27-02-2025T17:37:34 - [TEST_STEP][PASSED] - else if (action == "setText"): Text 'None' is set on object 'Object Repository/Journey Partner Profile/Register/textarea_Referral or Other Comment'

27-02-2025T17:37:34 - [TEST_STEP][PASSED] - println("Setting text " + parm1): null

27-02-2025T17:37:34 - [TEST_STEP][PASSED] - setText(findTestObject(testObject), parm1): Text 'None' is set on object 'Object Repository/Journey Partner Profile/Register/textarea_Referral or Other Comment'

27-02-2025T17:37:34 - [MESSAGE][PASSED] - Text 'None' is set on object 'Object Repository/Journey Partner Profile/Register/textarea_Referral or Other Comment'

27-02-2025T17:37:34 - [MESSAGE][PASSED] - Call Test Case 'Test Cases/_Functions/Perform Action' successfully

27-02-2025T17:37:34 - [TEST_STEP][PASSED] - object = "Journey Partner Profile/Register/checkbox_Partnership Agreement": null

27-02-2025T17:37:34 - [TEST_STEP][PASSED] - callTestCase(findTestCase("_Functions/Perform Action"), ["varAction":"click", "varObject":object], STOP_ON_FAILURE): Call Test Case 'Test Cases/_Functions/Perform Action' successfully

27-02-2025T17:37:34 - [TEST_CASE][PASSED] - Test Cases/_Functions/Perform Action: Test Cases/_Functions/Perform Action

27-02-2025T17:37:34 - [TEST_STEP][PASSED] - action = varAction: null

27-02-2025T17:37:34 - [TEST_STEP][PASSED] - println(action): null

27-02-2025T17:37:34 - [TEST_STEP][PASSED] - testObject = varObject: null

27-02-2025T17:37:34 - [TEST_STEP][PASSED] - println(testObject): null

27-02-2025T17:37:34 - [TEST_STEP][PASSED] - parm1 = varParm1: null

27-02-2025T17:37:34 - [TEST_STEP][PASSED] - println(parm1): null

27-02-2025T17:37:34 - [TEST_STEP][PASSED] - println("Converting " + testObject + " to web element"): null

27-02-2025T17:37:34 - [TEST_STEP][PASSED] - element = findWebElement(findTestObject(testObject), 1): null

27-02-2025T17:37:34 - [TEST_STEP][PASSED] - loc = element.getLocation(): null

27-02-2025T17:37:34 - [TEST_STEP][PASSED] - y = loc.getY(): null

27-02-2025T17:37:34 - [TEST_STEP][PASSED] - println("Y location is " + y): null

27-02-2025T17:37:34 - [TEST_STEP][PASSED] - top = getViewportTopPosition(): Current viewport's top (y) position is 1895

27-02-2025T17:37:34 - [MESSAGE][PASSED] - Current viewport's top (y) position is 1895

27-02-2025T17:37:34 - [TEST_STEP][PASSED] - println("Viewport top is " + top): null

27-02-2025T17:37:34 - [TEST_STEP][PASSED] - bottom = top + 600: null

27-02-2025T17:37:34 - [TEST_STEP][PASSED] - if (y - top < 150 || bottom - y < 10): null

27-02-2025T17:37:34 - [TEST_STEP][PASSED] - if (action == "click"): Object: 'Object Repository/Journey Partner Profile/Register/checkbox_Partnership Agreement' is clicked on

27-02-2025T17:37:34 - [TEST_STEP][PASSED] - println("clicking"): null

27-02-2025T17:37:34 - [TEST_STEP][PASSED] - click(findTestObject(testObject)): Object: 'Object Repository/Journey Partner Profile/Register/checkbox_Partnership Agreement' is clicked on

27-02-2025T17:37:34 - [MESSAGE][PASSED] - Object: 'Object Repository/Journey Partner Profile/Register/checkbox_Partnership Agreement' is clicked on

27-02-2025T17:37:34 - [MESSAGE][PASSED] - Call Test Case 'Test Cases/_Functions/Perform Action' successfully

27-02-2025T17:37:34 - [TEST_STEP][PASSED] - object = "Journey Partner Profile/Register/checkbox_Terms and Conditions": null

27-02-2025T17:37:34 - [TEST_STEP][PASSED] - callTestCase(findTestCase("_Functions/Perform Action"), ["varAction":"click", "varObject":object], STOP_ON_FAILURE): Call Test Case 'Test Cases/_Functions/Perform Action' successfully

27-02-2025T17:37:34 - [TEST_CASE][PASSED] - Test Cases/_Functions/Perform Action: Test Cases/_Functions/Perform Action

27-02-2025T17:37:34 - [TEST_STEP][PASSED] - action = varAction: null

27-02-2025T17:37:34 - [TEST_STEP][PASSED] - println(action): null

27-02-2025T17:37:34 - [TEST_STEP][PASSED] - testObject = varObject: null

27-02-2025T17:37:34 - [TEST_STEP][PASSED] - println(testObject): null

27-02-2025T17:37:34 - [TEST_STEP][PASSED] - parm1 = varParm1: null

27-02-2025T17:37:34 - [TEST_STEP][PASSED] - println(parm1): null

27-02-2025T17:37:34 - [TEST_STEP][PASSED] - println("Converting " + testObject + " to web element"): null

27-02-2025T17:37:34 - [TEST_STEP][PASSED] - element = findWebElement(findTestObject(testObject), 1): null

27-02-2025T17:37:34 - [TEST_STEP][PASSED] - loc = element.getLocation(): null

27-02-2025T17:37:34 - [TEST_STEP][PASSED] - y = loc.getY(): null

27-02-2025T17:37:34 - [TEST_STEP][PASSED] - println("Y location is " + y): null

27-02-2025T17:37:34 - [TEST_STEP][PASSED] - top = getViewportTopPosition(): Current viewport's top (y) position is 1895

27-02-2025T17:37:34 - [MESSAGE][PASSED] - Current viewport's top (y) position is 1895

27-02-2025T17:37:34 - [TEST_STEP][PASSED] - println("Viewport top is " + top): null

27-02-2025T17:37:34 - [TEST_STEP][PASSED] - bottom = top + 600: null

27-02-2025T17:37:34 - [TEST_STEP][PASSED] - if (y - top < 150 || bottom - y < 10): null

27-02-2025T17:37:34 - [TEST_STEP][PASSED] - if (action == "click"): Object: 'Object Repository/Journey Partner Profile/Register/checkbox_Terms and Conditions' is clicked on

27-02-2025T17:37:34 - [TEST_STEP][PASSED] - println("clicking"): null

27-02-2025T17:37:34 - [TEST_STEP][PASSED] - click(findTestObject(testObject)): Object: 'Object Repository/Journey Partner Profile/Register/checkbox_Terms and Conditions' is clicked on

27-02-2025T17:37:34 - [MESSAGE][PASSED] - Object: 'Object Repository/Journey Partner Profile/Register/checkbox_Terms and Conditions' is clicked on

27-02-2025T17:37:34 - [MESSAGE][PASSED] - Call Test Case 'Test Cases/_Functions/Perform Action' successfully

27-02-2025T17:37:34 - [TEST_STEP][PASSED] - object = "Journey Partner Profile/Register/button_Sign up": null

27-02-2025T17:37:34 - [TEST_STEP][PASSED] - callTestCase(findTestCase("_Functions/Perform Action"), ["varAction":"click", "varObject":object], STOP_ON_FAILURE): Call Test Case 'Test Cases/_Functions/Perform Action' successfully

27-02-2025T17:37:34 - [TEST_CASE][PASSED] - Test Cases/_Functions/Perform Action: Test Cases/_Functions/Perform Action

27-02-2025T17:37:34 - [TEST_STEP][PASSED] - action = varAction: null

27-02-2025T17:37:34 - [TEST_STEP][PASSED] - println(action): null

27-02-2025T17:37:34 - [TEST_STEP][PASSED] - testObject = varObject: null

27-02-2025T17:37:34 - [TEST_STEP][PASSED] - println(testObject): null

27-02-2025T17:37:34 - [TEST_STEP][PASSED] - parm1 = varParm1: null

27-02-2025T17:37:34 - [TEST_STEP][PASSED] - println(parm1): null

27-02-2025T17:37:34 - [TEST_STEP][PASSED] - println("Converting " + testObject + " to web element"): null

27-02-2025T17:37:34 - [TEST_STEP][PASSED] - element = findWebElement(findTestObject(testObject), 1): null

27-02-2025T17:37:34 - [TEST_STEP][PASSED] - loc = element.getLocation(): null

27-02-2025T17:37:34 - [TEST_STEP][PASSED] - y = loc.getY(): null

27-02-2025T17:37:34 - [TEST_STEP][PASSED] - println("Y location is " + y): null

27-02-2025T17:37:34 - [TEST_STEP][PASSED] - top = getViewportTopPosition(): Current viewport's top (y) position is 1895

27-02-2025T17:37:34 - [MESSAGE][PASSED] - Current viewport's top (y) position is 1895

27-02-2025T17:37:34 - [TEST_STEP][PASSED] - println("Viewport top is " + top): null

27-02-2025T17:37:34 - [TEST_STEP][PASSED] - bottom = top + 600: null

27-02-2025T17:37:34 - [TEST_STEP][PASSED] - if (y - top < 150 || bottom - y < 10): null

27-02-2025T17:37:34 - [TEST_STEP][PASSED] - if (action == "click"): Object: 'Object Repository/Journey Partner Profile/Register/button_Sign up' is clicked on

27-02-2025T17:37:34 - [TEST_STEP][PASSED] - println("clicking"): null

27-02-2025T17:37:34 - [TEST_STEP][PASSED] - click(findTestObject(testObject)): Object: 'Object Repository/Journey Partner Profile/Register/button_Sign up' is clicked on

27-02-2025T17:38:08 - [MESSAGE][PASSED] - Object: 'Object Repository/Journey Partner Profile/Register/button_Sign up' is clicked on

27-02-2025T17:38:08 - [MESSAGE][PASSED] - Call Test Case 'Test Cases/_Functions/Perform Action' successfully

27-02-2025T17:38:08 - [TEST_STEP][PASSED] - delay(1): Delayed 1 second(s)

27-02-2025T17:38:09 - [MESSAGE][PASSED] - Delayed 1 second(s)

27-02-2025T17:38:09 - [TEST_STEP][PASSED] - waitForPageLoad(10): Wait for page load successfully

27-02-2025T17:38:09 - [MESSAGE][PASSED] - Wait for page load successfully

27-02-2025T17:38:09 - [TEST_STEP][PASSED] - pending = verifyTextPresent("Approval Pending", false, OPTIONAL): Text 'Approval Pending' is present on page 

27-02-2025T17:38:09 - [MESSAGE][PASSED] - Text 'Approval Pending' is present on page 

27-02-2025T17:38:09 - [TEST_STEP][PASSED] - if (pending): null

27-02-2025T17:38:09 - [TEST_STEP][PASSED] - outText = "Approval Pending page was found.": null

27-02-2025T17:38:09 - [TEST_STEP][PASSED] - println(outText): null

27-02-2025T17:38:09 - [TEST_STEP][PASSED] - outFile.append(outText + "
"): null

27-02-2025T17:38:09 - [TEST_STEP][PASSED] - callTestCase(findTestCase("_Functions/Generic Wait for Email"), ["varFromKey":"chris.kosieracki@missionnext.org", "varSubjectKey":"Approval request", "varSearchKey":username], STOP_ON_FAILURE): Call Test Case 'Test Cases/_Functions/Generic Wait for Email' successfully

27-02-2025T17:38:09 - [TEST_CASE][PASSED] - Test Cases/_Functions/Generic Wait for Email: Test Cases/_Functions/Generic Wait for Email

27-02-2025T17:38:09 - [TEST_STEP][PASSED] - waitTime = 4: null

27-02-2025T17:38:09 - [TEST_STEP][PASSED] - scriptStart = new java.util.Date(): null

27-02-2025T17:38:09 - [TEST_STEP][PASSED] - scriptInstant = scriptStart.toInstant(): null

27-02-2025T17:38:09 - [TEST_STEP][PASSED] - println(scriptStart): null

27-02-2025T17:38:09 - [TEST_STEP][PASSED] - println(scriptInstant): null

27-02-2025T17:38:09 - [TEST_STEP][PASSED] - returnCode = "": null

27-02-2025T17:38:09 - [TEST_STEP][PASSED] - if (binding.hasVariable("varSearchKey")): null

27-02-2025T17:38:09 - [TEST_STEP][PASSED] - searchKey = varSearchKey: null

27-02-2025T17:38:09 - [TEST_STEP][PASSED] - if (binding.hasVariable("varSubjectKey")): null

27-02-2025T17:38:09 - [TEST_STEP][PASSED] - subjectKey = varSubjectKey: null

27-02-2025T17:38:09 - [TEST_STEP][PASSED] - if (binding.hasVariable("varFromKey")): null

27-02-2025T17:38:09 - [TEST_STEP][PASSED] - fromKey = varFromKey: null

27-02-2025T17:38:09 - [TEST_STEP][PASSED] - isList = false: null

27-02-2025T17:38:09 - [TEST_STEP][PASSED] - if (fromKey instanceof java.util.List): null

27-02-2025T17:38:09 - [TEST_STEP][PASSED] - else: null

27-02-2025T17:38:09 - [TEST_STEP][PASSED] - fromKey = [fromKey]: null

27-02-2025T17:38:09 - [TEST_STEP][PASSED] - subjectKey = [subjectKey]: null

27-02-2025T17:38:09 - [TEST_STEP][PASSED] - searchKey = [searchKey]: null

27-02-2025T17:38:09 - [TEST_STEP][PASSED] - isList = false: null

27-02-2025T17:38:09 - [TEST_STEP][PASSED] - msgCount = fromKey.size(): null

27-02-2025T17:38:09 - [TEST_STEP][PASSED] - println(msgCount): null

27-02-2025T17:38:09 - [TEST_STEP][PASSED] - println(fromKey): null

27-02-2025T17:38:09 - [TEST_STEP][PASSED] - println(subjectKey): null

27-02-2025T17:38:09 - [TEST_STEP][PASSED] - println(searchKey): null

27-02-2025T17:38:09 - [TEST_STEP][PASSED] - writeFile = false: null

27-02-2025T17:38:09 - [TEST_STEP][PASSED] - if (outFile != ""): null

27-02-2025T17:38:09 - [TEST_STEP][PASSED] - myFile = outFile: null

27-02-2025T17:38:09 - [TEST_STEP][PASSED] - println(myFile): null

27-02-2025T17:38:09 - [TEST_STEP][PASSED] - outFile = new java.io.File(myFile): null

27-02-2025T17:38:09 - [TEST_STEP][PASSED] - writeFile = true: null

27-02-2025T17:38:09 - [TEST_STEP][PASSED] - host = "pop.gmail.com": null

27-02-2025T17:38:09 - [TEST_STEP][PASSED] - mailStoreType = "pop3": null

27-02-2025T17:38:09 - [TEST_STEP][PASSED] - username = "cktest01mn@gmail.com": null

27-02-2025T17:38:09 - [TEST_STEP][PASSED] - password = "sfesezftmpqxbbbd": null

27-02-2025T17:38:09 - [TEST_STEP][PASSED] - properties = new java.util.Properties(): null

27-02-2025T17:38:09 - [TEST_STEP][PASSED] - properties.put("mail.pop3.host", host): null

27-02-2025T17:38:09 - [TEST_STEP][PASSED] - properties.put("mail.pop3.port", "995"): null

27-02-2025T17:38:09 - [TEST_STEP][PASSED] - properties.put("mail.pop3.starttls.enable", "true"): null

27-02-2025T17:38:09 - [TEST_STEP][PASSED] - emailSession = Session.getDefaultInstance(properties): null

27-02-2025T17:38:09 - [TEST_STEP][PASSED] - store = emailSession.getStore("pop3s"): null

27-02-2025T17:38:09 - [TEST_STEP][PASSED] - store.connect(host, username, password): null

27-02-2025T17:38:09 - [TEST_STEP][PASSED] - emailFolder = <not implemented yet for class: org.codehaus.groovy.ast.expr.EmptyExpression>: null

27-02-2025T17:38:09 - [TEST_STEP][PASSED] - messages = []: null

27-02-2025T17:38:09 - [TEST_STEP][PASSED] - loopsMax = waitTime * 60 / 5: null

27-02-2025T17:38:09 - [TEST_STEP][PASSED] - emailFolder = store.getFolder("INBOX"): null

27-02-2025T17:38:09 - [TEST_STEP][PASSED] - emailFolder.open(READ_ONLY): null

27-02-2025T17:38:09 - [TEST_STEP][PASSED] - messages = emailFolder.getMessages(): null

27-02-2025T17:38:09 - [TEST_STEP][PASSED] - if (length == 0): null

27-02-2025T17:38:09 - [TEST_STEP][PASSED] - msgFound = false: null

27-02-2025T17:38:09 - [TEST_STEP][PASSED] - msgFoundCount = 0: null

27-02-2025T17:38:09 - [TEST_STEP][PASSED] - loops = 0: null

27-02-2025T17:38:09 - [TEST_STEP][PASSED] - while (length < msgCount && loops <= loopsMax): null

27-02-2025T17:38:09 - [TEST_STEP][PASSED] - outText = "messages.length---" + length: null

27-02-2025T17:38:09 - [TEST_STEP][PASSED] - println(outText): null

27-02-2025T17:38:09 - [TEST_STEP][PASSED] - if (writeFile): null

27-02-2025T17:38:09 - [TEST_STEP][PASSED] - outFile.append(outText + "
"): null

27-02-2025T17:38:09 - [TEST_STEP][PASSED] - emailNumber = 0: null

27-02-2025T17:38:09 - [TEST_STEP][PASSED] - if (length >= msgCount): null

27-02-2025T17:38:09 - [TEST_STEP][PASSED] - for (javax.mail.Message message : messages): null

27-02-2025T17:38:09 - [TEST_STEP][PASSED] - (emailNumber++): null

27-02-2025T17:38:09 - [TEST_STEP][PASSED] - println("
********* Processing email number " + emailNumber): null

27-02-2025T17:38:09 - [TEST_STEP][PASSED] - from = message.getFrom()[0]: null

27-02-2025T17:38:10 - [TEST_STEP][PASSED] - subject = message.getSubject(): null

27-02-2025T17:38:10 - [TEST_STEP][PASSED] - outText = "Found an email from " + from + " with the subject of " + subject + ".": null

27-02-2025T17:38:10 - [TEST_STEP][PASSED] - println(outText): null

27-02-2025T17:38:10 - [TEST_STEP][PASSED] - if (writeFile): null

27-02-2025T17:38:10 - [TEST_STEP][PASSED] - outFile.append(outText + "
"): null

27-02-2025T17:38:10 - [TEST_STEP][PASSED] - content = message.getContent(): null

27-02-2025T17:38:10 - [TEST_STEP][PASSED] - if (content instanceof java.lang.String): null

27-02-2025T17:38:10 - [TEST_STEP][PASSED] - else if (content instanceof javax.mail.Multipart): null

27-02-2025T17:38:10 - [TEST_STEP][PASSED] - println("It is multipart"): null

27-02-2025T17:38:10 - [TEST_STEP][PASSED] - mp = message.getContent(): null

27-02-2025T17:38:10 - [TEST_STEP][PASSED] - p = getBodyPart(0).getContent(): null

27-02-2025T17:38:10 - [TEST_STEP][PASSED] - body = p.toString(): null

27-02-2025T17:38:10 - [TEST_STEP][PASSED] - println("----- Subject is:" + subject): null

27-02-2025T17:38:10 - [TEST_STEP][PASSED] - for ([i = 0, i < msgCount, (i++)]): null

27-02-2025T17:38:10 - [TEST_STEP][PASSED] - println("********* Processing search number " + i): null

27-02-2025T17:38:10 - [TEST_STEP][PASSED] - println("==== subjectKey is:" + subjectKey[i]): null

27-02-2025T17:38:10 - [TEST_STEP][PASSED] - subjectMatch = subject.indexOf(subjectKey[i]): null

27-02-2025T17:38:10 - [TEST_STEP][PASSED] - println(subjectMatch): null

27-02-2025T17:38:10 - [TEST_STEP][PASSED] - if (subjectMatch >= 0): null

27-02-2025T17:38:10 - [TEST_STEP][PASSED] - println("----- From is:" + from): null

27-02-2025T17:38:10 - [TEST_STEP][PASSED] - println("==== fromKey is:" + fromKey[i]): null

27-02-2025T17:38:10 - [TEST_STEP][PASSED] - fromMatch = from.indexOf(fromKey[i]): null

27-02-2025T17:38:10 - [TEST_STEP][PASSED] - println(fromMatch): null

27-02-2025T17:38:10 - [TEST_STEP][PASSED] - if (subjectMatch >= 0 && fromMatch >= 0): null

27-02-2025T17:38:10 - [TEST_STEP][PASSED] - println("     ----- Body:" + body): null

27-02-2025T17:38:10 - [TEST_STEP][PASSED] - sentPos = body.indexOf("Sent:"): null

27-02-2025T17:38:10 - [TEST_STEP][PASSED] - toPos = body.indexOf("To:"): null

27-02-2025T17:38:10 - [TEST_STEP][PASSED] - msgBody = body: null

27-02-2025T17:38:10 - [TEST_STEP][PASSED] - if (searchKey[i] != "NA"): null

27-02-2025T17:38:10 - [TEST_STEP][PASSED] - if (msgBody.indexOf(searchKey[i]) >= 0): null

27-02-2025T17:38:10 - [TEST_STEP][PASSED] - msgFound = true: null

27-02-2025T17:38:10 - [TEST_STEP][PASSED] - outText = ">>>>> SearchKey " + searchKey[i] + " was found in the email.": null

27-02-2025T17:38:10 - [TEST_STEP][PASSED] - println(outText): null

27-02-2025T17:38:10 - [TEST_STEP][PASSED] - if (writeFile): null

27-02-2025T17:38:10 - [TEST_STEP][PASSED] - outFile.append(outText + "
"): null

27-02-2025T17:38:10 - [TEST_STEP][PASSED] - break: null

27-02-2025T17:38:10 - [TEST_STEP][PASSED] - if (msgFound): null

27-02-2025T17:38:10 - [TEST_STEP][PASSED] - (msgFoundCount++): null

27-02-2025T17:38:10 - [TEST_STEP][PASSED] - emailFolder.close(false): null

27-02-2025T17:38:10 - [TEST_STEP][PASSED] - if (msgFoundCount == fromKey.size()): null

27-02-2025T17:38:10 - [TEST_STEP][PASSED] - returnCode = "found": null

27-02-2025T17:38:10 - [TEST_STEP][PASSED] - store.close(): null

27-02-2025T17:38:10 - [MESSAGE][PASSED] - Call Test Case 'Test Cases/_Functions/Generic Wait for Email' successfully

27-02-2025T17:38:10 - [TEST_STEP][PASSED] - if (returnCode == "found"): null

27-02-2025T17:38:10 - [TEST_STEP][PASSED] - println("Approval request email for " + username + " was found"): null

27-02-2025T17:38:10 - [TEST_STEP][PASSED] - closeBrowser(): Browser is closed

27-02-2025T17:38:10 - [MESSAGE][PASSED] - Browser is closed

27-02-2025T17:38:10 - [TEST_STEP][PASSED] - callTestCase(findTestCase("Admin/Grant Access"), ["varUsername":username], STOP_ON_FAILURE): Call Test Case 'Test Cases/Admin/Grant Access' successfully

27-02-2025T17:38:10 - [TEST_CASE][PASSED] - Test Cases/Admin/Grant Access: Test Cases/Admin/Grant Access

27-02-2025T17:38:10 - [TEST_STEP][PASSED] - if (binding.hasVariable("varUsername")): null

27-02-2025T17:38:10 - [TEST_STEP][PASSED] - username = varUsername: null

27-02-2025T17:38:10 - [TEST_STEP][PASSED] - writeFile = false: null

27-02-2025T17:38:10 - [TEST_STEP][PASSED] - if (outFile != ""): null

27-02-2025T17:38:10 - [TEST_STEP][PASSED] - myFile = outFile: null

27-02-2025T17:38:10 - [TEST_STEP][PASSED] - println(myFile): null

27-02-2025T17:38:10 - [TEST_STEP][PASSED] - outFile = new java.io.File(myFile): null

27-02-2025T17:38:10 - [TEST_STEP][PASSED] - writeFile = true: null

27-02-2025T17:38:10 - [TEST_STEP][PASSED] - domain = domain: null

27-02-2025T17:38:10 - [TEST_STEP][PASSED] - url = "https://api." + domain: null

27-02-2025T17:38:10 - [TEST_STEP][PASSED] - openBrowser(""): Browser is opened with url: ''

27-02-2025T17:38:10 - [MESSAGE][INFO] - Starting 'Chrome' driver

27-02-2025T17:38:10 - [MESSAGE][INFO] - Action delay is set to 0 milliseconds

27-02-2025T17:38:11 - [MESSAGE][PASSED] - Browser is opened with url: ''

27-02-2025T17:38:11 - [TEST_STEP][PASSED] - navigateToUrl(url): Navigate to 'https://api.missionnext.org' successfully

27-02-2025T17:38:12 - [MESSAGE][PASSED] - Navigate to 'https://api.missionnext.org' successfully

27-02-2025T17:38:12 - [TEST_STEP][PASSED] - setText(findTestObject("Admin/API Login/input_username"), "chriskosieracki"): Text 'chriskosieracki' is set on object 'Object Repository/Admin/API Login/input_username'

27-02-2025T17:38:12 - [MESSAGE][PASSED] - Text 'chriskosieracki' is set on object 'Object Repository/Admin/API Login/input_username'

27-02-2025T17:38:12 - [TEST_STEP][PASSED] - setEncryptedText(findTestObject("Admin/API Login/input_password"), "4Q/2PF7UjxevAl0v0kCS+w=="): Text ****** has been set on object 'Object Repository/Admin/API Login/input_password'

27-02-2025T17:38:12 - [MESSAGE][PASSED] - Text ****** has been set on object 'Object Repository/Admin/API Login/input_password'

27-02-2025T17:38:12 - [TEST_STEP][PASSED] - click(findTestObject("Admin/API Login/btn_Sign in")): Object: 'Object Repository/Admin/API Login/btn_Sign in' is clicked on

27-02-2025T17:38:13 - [MESSAGE][PASSED] - Object: 'Object Repository/Admin/API Login/btn_Sign in' is clicked on

27-02-2025T17:38:13 - [TEST_STEP][PASSED] - click(findTestObject("Admin/API Dashboard/a_Users")): Object: 'Object Repository/Admin/API Dashboard/a_Users' is clicked on

27-02-2025T17:38:13 - [MESSAGE][PASSED] - Object: 'Object Repository/Admin/API Dashboard/a_Users' is clicked on

27-02-2025T17:38:13 - [TEST_STEP][PASSED] - setText(findTestObject("Object Repository/Admin/API Dashboard/input_User_search"), username): Text 'cktest07jp' is set on object 'Object Repository/Admin/API Dashboard/input_User_search'

27-02-2025T17:38:13 - [MESSAGE][PASSED] - Text 'cktest07jp' is set on object 'Object Repository/Admin/API Dashboard/input_User_search'

27-02-2025T17:38:13 - [TEST_STEP][PASSED] - delay(5): Delayed 5 second(s)

27-02-2025T17:38:18 - [MESSAGE][PASSED] - Delayed 5 second(s)

27-02-2025T17:38:18 - [TEST_STEP][PASSED] - driver = getWebDriver(): null

27-02-2025T17:38:18 - [TEST_STEP][PASSED] - Table = driver.findElement(By.xpath("//*[@id="default-rezult"]/table")): null

27-02-2025T17:38:18 - [TEST_STEP][PASSED] - Rows = Table.findElements(By.tagName("tr")): null

27-02-2025T17:38:18 - [TEST_STEP][PASSED] - row_count = Rows.size(): null

27-02-2025T17:38:18 - [TEST_STEP][PASSED] - for ([row = 1, row < row_count, (row++)]): null

27-02-2025T17:38:18 - [TEST_STEP][PASSED] - Columns = get(row).findElements(By.tagName("td")): null

27-02-2025T17:38:18 - [TEST_STEP][PASSED] - user = get(1).getText(): null

27-02-2025T17:38:18 - [TEST_STEP][PASSED] - if (user.indexOf(username) >= 0): null

27-02-2025T17:38:18 - [TEST_STEP][PASSED] - get(1).click(): null

27-02-2025T17:38:18 - [TEST_STEP][PASSED] - delay(5): Delayed 5 second(s)

27-02-2025T17:38:23 - [MESSAGE][PASSED] - Delayed 5 second(s)

27-02-2025T17:38:23 - [TEST_STEP][PASSED] - outText = "Granting access to " + username: null

27-02-2025T17:38:23 - [TEST_STEP][PASSED] - println("=====> " + outText): null

27-02-2025T17:38:23 - [TEST_STEP][PASSED] - if (writeFile): null

27-02-2025T17:38:23 - [TEST_STEP][PASSED] - outFile.append(outText + "
"): null

27-02-2025T17:38:23 - [TEST_STEP][PASSED] - click(findTestObject("Object Repository/Admin/API Dashboard/button_Grant Access")): Object: 'Object Repository/Admin/API Dashboard/button_Grant Access' is clicked on

27-02-2025T17:38:23 - [MESSAGE][PASSED] - Object: 'Object Repository/Admin/API Dashboard/button_Grant Access' is clicked on

27-02-2025T17:38:23 - [TEST_STEP][PASSED] - delay(1): Delayed 1 second(s)

27-02-2025T17:38:24 - [MESSAGE][PASSED] - Delayed 1 second(s)

27-02-2025T17:38:24 - [TEST_STEP][PASSED] - granted = false: null

27-02-2025T17:38:24 - [TEST_STEP][PASSED] - loops = 10: null

27-02-2025T17:38:24 - [TEST_STEP][PASSED] - loop = 0: null

27-02-2025T17:38:24 - [TEST_STEP][PASSED] - while (!(granted) && loop < loops): null

27-02-2025T17:38:24 - [TEST_STEP][PASSED] - granted = verifyTextPresent("ACCESS GRANTED", false, OPTIONAL): Text 'ACCESS GRANTED' is not present on page  (Root cause: com.kms.katalon.core.exception.StepFailedException: Text 'ACCESS GRANTED' is not present on page 
	at com.kms.katalon.core.webui.keyword.internal.WebUIKeywordMain.stepFailed(WebUIKeywordMain.groovy:117)
	at com.kms.katalon.core.webui.keyword.builtin.VerifyTextPresentKeyword$_verifyTextPresent_closure1.doCall(VerifyTextPresentKeyword.groovy:79)
	at com.kms.katalon.core.webui.keyword.builtin.VerifyTextPresentKeyword$_verifyTextPresent_closure1.call(VerifyTextPresentKeyword.groovy)
	at com.kms.katalon.core.webui.keyword.internal.WebUIKeywordMain.runKeyword(WebUIKeywordMain.groovy:35)
	at com.kms.katalon.core.webui.keyword.builtin.VerifyTextPresentKeyword.verifyTextPresent(VerifyTextPresentKeyword.groovy:83)
	at com.kms.katalon.core.webui.keyword.builtin.VerifyTextPresentKeyword.execute(VerifyTextPresentKeyword.groovy:68)
	at com.kms.katalon.core.keyword.internal.KeywordExecutor.executeKeywordForPlatform(KeywordExecutor.groovy:74)
	at com.kms.katalon.core.webui.keyword.WebUiBuiltInKeywords.verifyTextPresent(WebUiBuiltInKeywords.groovy:1746)
	at Grant Access.run(Grant Access:98)
	at com.kms.katalon.core.main.ScriptEngine.run(ScriptEngine.java:194)
	at com.kms.katalon.core.main.ScriptEngine.runScriptAsRawText(ScriptEngine.java:119)
	at com.kms.katalon.core.main.TestCaseExecutor.runScript(TestCaseExecutor.java:448)
	at com.kms.katalon.core.main.TestCaseExecutor.doExecute(TestCaseExecutor.java:439)
	at com.kms.katalon.core.main.TestCaseExecutor.processExecutionPhase(TestCaseExecutor.java:418)
	at com.kms.katalon.core.main.TestCaseExecutor.accessMainPhase(TestCaseExecutor.java:410)
	at com.kms.katalon.core.main.TestCaseExecutor.execute(TestCaseExecutor.java:285)
	at com.kms.katalon.core.main.TestCaseMain.runTestCase(TestCaseMain.java:137)
	at com.kms.katalon.core.keyword.builtin.CallTestCaseKeyword$_callTestCase_closure1.doCall(CallTestCaseKeyword.groovy:59)
	at com.kms.katalon.core.keyword.builtin.CallTestCaseKeyword$_callTestCase_closure1.call(CallTestCaseKeyword.groovy)
	at com.kms.katalon.core.keyword.internal.KeywordMain.runKeyword(KeywordMain.groovy:75)
	at com.kms.katalon.core.keyword.builtin.CallTestCaseKeyword.callTestCase(CallTestCaseKeyword.groovy:81)
	at com.kms.katalon.core.keyword.builtin.CallTestCaseKeyword.execute(CallTestCaseKeyword.groovy:44)
	at com.kms.katalon.core.keyword.internal.KeywordExecutor.executeKeywordForPlatform(KeywordExecutor.groovy:74)
	at com.kms.katalon.core.keyword.BuiltinKeywords.callTestCase(BuiltinKeywords.groovy:310)
	at jdk.internal.reflect.GeneratedMethodAccessor27.invoke(Unknown Source)
	at java.base/jdk.internal.reflect.DelegatingMethodAccessorImpl.invoke(DelegatingMethodAccessorImpl.java:43)
	at Register Journey Partner.run(Register Journey Partner:360)
	at com.kms.katalon.core.main.ScriptEngine.run(ScriptEngine.java:194)
	at com.kms.katalon.core.main.ScriptEngine.runScriptAsRawText(ScriptEngine.java:119)
	at com.kms.katalon.core.main.TestCaseExecutor.runScript(TestCaseExecutor.java:448)
	at com.kms.katalon.core.main.TestCaseExecutor.doExecute(TestCaseExecutor.java:439)
	at com.kms.katalon.core.main.TestCaseExecutor.processExecutionPhase(TestCaseExecutor.java:418)
	at com.kms.katalon.core.main.TestCaseExecutor.accessMainPhase(TestCaseExecutor.java:410)
	at com.kms.katalon.core.main.TestCaseExecutor.execute(TestCaseExecutor.java:285)
	at com.kms.katalon.core.common.CommonExecutor.accessTestCaseMainPhase(CommonExecutor.java:65)
	at com.kms.katalon.core.main.TestSuiteExecutor.accessTestSuiteMainPhase(TestSuiteExecutor.java:150)
	at com.kms.katalon.core.main.TestSuiteExecutor.execute(TestSuiteExecutor.java:106)
	at com.kms.katalon.core.main.TestCaseMain.startTestSuite(TestCaseMain.java:180)
	at TempTestSuite1740698296994.run(TempTestSuite1740698296994.groovy:35)
	at java.base/jdk.internal.reflect.NativeMethodAccessorImpl.invoke0(Native Method)
	at java.base/jdk.internal.reflect.NativeMethodAccessorImpl.invoke(NativeMethodAccessorImpl.java:77)
	at java.base/jdk.internal.reflect.DelegatingMethodAccessorImpl.invoke(DelegatingMethodAccessorImpl.java:43)
)

27-02-2025T17:38:24 - [MESSAGE][WARNING] - Text 'ACCESS GRANTED' is not present on page  (Root cause: com.kms.katalon.core.exception.StepFailedException: Text 'ACCESS GRANTED' is not present on page 
	at com.kms.katalon.core.webui.keyword.internal.WebUIKeywordMain.stepFailed(WebUIKeywordMain.groovy:117)
	at com.kms.katalon.core.webui.keyword.builtin.VerifyTextPresentKeyword$_verifyTextPresent_closure1.doCall(VerifyTextPresentKeyword.groovy:79)
	at com.kms.katalon.core.webui.keyword.builtin.VerifyTextPresentKeyword$_verifyTextPresent_closure1.call(VerifyTextPresentKeyword.groovy)
	at com.kms.katalon.core.webui.keyword.internal.WebUIKeywordMain.runKeyword(WebUIKeywordMain.groovy:35)
	at com.kms.katalon.core.webui.keyword.builtin.VerifyTextPresentKeyword.verifyTextPresent(VerifyTextPresentKeyword.groovy:83)
	at com.kms.katalon.core.webui.keyword.builtin.VerifyTextPresentKeyword.execute(VerifyTextPresentKeyword.groovy:68)
	at com.kms.katalon.core.keyword.internal.KeywordExecutor.executeKeywordForPlatform(KeywordExecutor.groovy:74)
	at com.kms.katalon.core.webui.keyword.WebUiBuiltInKeywords.verifyTextPresent(WebUiBuiltInKeywords.groovy:1746)
	at Grant Access.run(Grant Access:98)
	at com.kms.katalon.core.main.ScriptEngine.run(ScriptEngine.java:194)
	at com.kms.katalon.core.main.ScriptEngine.runScriptAsRawText(ScriptEngine.java:119)
	at com.kms.katalon.core.main.TestCaseExecutor.runScript(TestCaseExecutor.java:448)
	at com.kms.katalon.core.main.TestCaseExecutor.doExecute(TestCaseExecutor.java:439)
	at com.kms.katalon.core.main.TestCaseExecutor.processExecutionPhase(TestCaseExecutor.java:418)
	at com.kms.katalon.core.main.TestCaseExecutor.accessMainPhase(TestCaseExecutor.java:410)
	at com.kms.katalon.core.main.TestCaseExecutor.execute(TestCaseExecutor.java:285)
	at com.kms.katalon.core.main.TestCaseMain.runTestCase(TestCaseMain.java:137)
	at com.kms.katalon.core.keyword.builtin.CallTestCaseKeyword$_callTestCase_closure1.doCall(CallTestCaseKeyword.groovy:59)
	at com.kms.katalon.core.keyword.builtin.CallTestCaseKeyword$_callTestCase_closure1.call(CallTestCaseKeyword.groovy)
	at com.kms.katalon.core.keyword.internal.KeywordMain.runKeyword(KeywordMain.groovy:75)
	at com.kms.katalon.core.keyword.builtin.CallTestCaseKeyword.callTestCase(CallTestCaseKeyword.groovy:81)
	at com.kms.katalon.core.keyword.builtin.CallTestCaseKeyword.execute(CallTestCaseKeyword.groovy:44)
	at com.kms.katalon.core.keyword.internal.KeywordExecutor.executeKeywordForPlatform(KeywordExecutor.groovy:74)
	at com.kms.katalon.core.keyword.BuiltinKeywords.callTestCase(BuiltinKeywords.groovy:310)
	at jdk.internal.reflect.GeneratedMethodAccessor27.invoke(Unknown Source)
	at java.base/jdk.internal.reflect.DelegatingMethodAccessorImpl.invoke(DelegatingMethodAccessorImpl.java:43)
	at Register Journey Partner.run(Register Journey Partner:360)
	at com.kms.katalon.core.main.ScriptEngine.run(ScriptEngine.java:194)
	at com.kms.katalon.core.main.ScriptEngine.runScriptAsRawText(ScriptEngine.java:119)
	at com.kms.katalon.core.main.TestCaseExecutor.runScript(TestCaseExecutor.java:448)
	at com.kms.katalon.core.main.TestCaseExecutor.doExecute(TestCaseExecutor.java:439)
	at com.kms.katalon.core.main.TestCaseExecutor.processExecutionPhase(TestCaseExecutor.java:418)
	at com.kms.katalon.core.main.TestCaseExecutor.accessMainPhase(TestCaseExecutor.java:410)
	at com.kms.katalon.core.main.TestCaseExecutor.execute(TestCaseExecutor.java:285)
	at com.kms.katalon.core.common.CommonExecutor.accessTestCaseMainPhase(CommonExecutor.java:65)
	at com.kms.katalon.core.main.TestSuiteExecutor.accessTestSuiteMainPhase(TestSuiteExecutor.java:150)
	at com.kms.katalon.core.main.TestSuiteExecutor.execute(TestSuiteExecutor.java:106)
	at com.kms.katalon.core.main.TestCaseMain.startTestSuite(TestCaseMain.java:180)
	at TempTestSuite1740698296994.run(TempTestSuite1740698296994.groovy:35)
	at java.base/jdk.internal.reflect.NativeMethodAccessorImpl.invoke0(Native Method)
	at java.base/jdk.internal.reflect.NativeMethodAccessorImpl.invoke(NativeMethodAccessorImpl.java:77)
	at java.base/jdk.internal.reflect.DelegatingMethodAccessorImpl.invoke(DelegatingMethodAccessorImpl.java:43)
)

27-02-2025T17:38:24 - [TEST_STEP][PASSED] - delay(2): Delayed 2 second(s)

27-02-2025T17:38:26 - [MESSAGE][PASSED] - Delayed 2 second(s)

27-02-2025T17:38:26 - [TEST_STEP][PASSED] - (loop++): null

27-02-2025T17:38:26 - [TEST_STEP][PASSED] - granted = verifyTextPresent("ACCESS GRANTED", false, OPTIONAL): Text 'ACCESS GRANTED' is present on page 

27-02-2025T17:38:26 - [MESSAGE][PASSED] - Text 'ACCESS GRANTED' is present on page 

27-02-2025T17:38:26 - [TEST_STEP][PASSED] - delay(2): Delayed 2 second(s)

27-02-2025T17:38:28 - [MESSAGE][PASSED] - Delayed 2 second(s)

27-02-2025T17:38:28 - [TEST_STEP][PASSED] - (loop++): null

27-02-2025T17:38:28 - [TEST_STEP][PASSED] - if (granted): null

27-02-2025T17:38:28 - [TEST_STEP][PASSED] - outText = "Access granted to " + username: null

27-02-2025T17:38:28 - [TEST_STEP][PASSED] - println("=====> " + outText): null

27-02-2025T17:38:28 - [TEST_STEP][PASSED] - if (writeFile): null

27-02-2025T17:38:28 - [TEST_STEP][PASSED] - outFile.append(outText + "
"): null

27-02-2025T17:38:28 - [TEST_STEP][PASSED] - click(findTestObject("Object Repository/Admin/API Dashboard/a_Logout")): Object: 'Object Repository/Admin/API Dashboard/a_Logout' is clicked on

27-02-2025T17:38:29 - [MESSAGE][PASSED] - Object: 'Object Repository/Admin/API Dashboard/a_Logout' is clicked on

27-02-2025T17:38:29 - [TEST_STEP][PASSED] - break: null

27-02-2025T17:38:29 - [TEST_STEP][PASSED] - closeBrowser(): Browser is closed

27-02-2025T17:38:29 - [MESSAGE][PASSED] - Browser is closed

27-02-2025T17:38:29 - [MESSAGE][PASSED] - Call Test Case 'Test Cases/Admin/Grant Access' successfully

27-02-2025T17:38:29 - [TEST_STEP][PASSED] - callTestCase(findTestCase("Admin/Create Subscription"), ["varUsername":username, "varType":"Journey", "varRole":"Organization"], STOP_ON_FAILURE): Call Test Case 'Test Cases/Admin/Create Subscription' successfully

27-02-2025T17:38:29 - [TEST_CASE][PASSED] - Test Cases/Admin/Create Subscription: Test Cases/Admin/Create Subscription

27-02-2025T17:38:29 - [TEST_STEP][PASSED] - if (binding.hasVariable("varUsername")): null

27-02-2025T17:38:29 - [TEST_STEP][PASSED] - username = varUsername: null

27-02-2025T17:38:29 - [TEST_STEP][PASSED] - if (binding.hasVariable("varType")): null

27-02-2025T17:38:29 - [TEST_STEP][PASSED] - type = varType: null

27-02-2025T17:38:29 - [TEST_STEP][PASSED] - if (binding.hasVariable("varRole")): null

27-02-2025T17:38:29 - [TEST_STEP][PASSED] - role = varRole: null

27-02-2025T17:38:29 - [TEST_STEP][PASSED] - println("username is " + username): null

27-02-2025T17:38:29 - [TEST_STEP][PASSED] - println("type is " + type): null

27-02-2025T17:38:29 - [TEST_STEP][PASSED] - println("role is " + role): null

27-02-2025T17:38:29 - [TEST_STEP][PASSED] - writeFile = false: null

27-02-2025T17:38:29 - [TEST_STEP][PASSED] - if (outFile != ""): null

27-02-2025T17:38:29 - [TEST_STEP][PASSED] - myFile = outFile: null

27-02-2025T17:38:29 - [TEST_STEP][PASSED] - println(myFile): null

27-02-2025T17:38:29 - [TEST_STEP][PASSED] - outFile = new java.io.File(myFile): null

27-02-2025T17:38:29 - [TEST_STEP][PASSED] - writeFile = true: null

27-02-2025T17:38:29 - [TEST_STEP][PASSED] - domain = domain: null

27-02-2025T17:38:29 - [TEST_STEP][PASSED] - url = "https://ad." + domain: null

27-02-2025T17:38:29 - [TEST_STEP][PASSED] - openBrowser(""): Browser is opened with url: ''

27-02-2025T17:38:29 - [MESSAGE][INFO] - Starting 'Chrome' driver

27-02-2025T17:38:29 - [MESSAGE][INFO] - Action delay is set to 0 milliseconds

27-02-2025T17:38:30 - [MESSAGE][PASSED] - Browser is opened with url: ''

27-02-2025T17:38:30 - [TEST_STEP][PASSED] - navigateToUrl(url): Navigate to 'https://ad.missionnext.org' successfully

27-02-2025T17:38:30 - [MESSAGE][PASSED] - Navigate to 'https://ad.missionnext.org' successfully

27-02-2025T17:38:30 - [TEST_STEP][PASSED] - setText(findTestObject("Admin/Ad Login/input_Username"), "chriskosieracki"): Text 'chriskosieracki' is set on object 'Object Repository/Admin/Ad Login/input_Username'

27-02-2025T17:38:30 - [MESSAGE][PASSED] - Text 'chriskosieracki' is set on object 'Object Repository/Admin/Ad Login/input_Username'

27-02-2025T17:38:30 - [TEST_STEP][PASSED] - setEncryptedText(findTestObject("Admin/Ad Login/input_Password"), "fAJOXt1JExHva3VUYg96Og=="): Text ****** has been set on object 'Object Repository/Admin/Ad Login/input_Password'

27-02-2025T17:38:30 - [MESSAGE][PASSED] - Text ****** has been set on object 'Object Repository/Admin/Ad Login/input_Password'

27-02-2025T17:38:30 - [TEST_STEP][PASSED] - click(findTestObject("Admin/Ad Login/btn_Submit")): Object: 'Object Repository/Admin/Ad Login/btn_Submit' is clicked on

27-02-2025T17:38:31 - [MESSAGE][PASSED] - Object: 'Object Repository/Admin/Ad Login/btn_Submit' is clicked on

27-02-2025T17:38:31 - [TEST_STEP][PASSED] - click(findTestObject("Object Repository/Admin/Ad Subscription Utility/a_Subscription Information  Administration")): Object: 'Object Repository/Admin/Ad Subscription Utility/a_Subscription Information  Administration' is clicked on

27-02-2025T17:38:33 - [MESSAGE][PASSED] - Object: 'Object Repository/Admin/Ad Subscription Utility/a_Subscription Information  Administration' is clicked on

27-02-2025T17:38:33 - [TEST_STEP][PASSED] - click(findTestObject("Admin/Ad Subscription Utility/select_Website")): Object: 'Object Repository/Admin/Ad Subscription Utility/select_Website' is clicked on

27-02-2025T17:38:33 - [MESSAGE][PASSED] - Object: 'Object Repository/Admin/Ad Subscription Utility/select_Website' is clicked on

27-02-2025T17:38:33 - [TEST_STEP][PASSED] - delay(1): Delayed 1 second(s)

27-02-2025T17:38:34 - [MESSAGE][PASSED] - Delayed 1 second(s)

27-02-2025T17:38:34 - [TEST_STEP][PASSED] - selectOptionByLabel(findTestObject("Object Repository/Admin/Ad Subscription Utility/select_Website"), type, false): All options with label 'Journey' are selected in object 'Object Repository/Admin/Ad Subscription Utility/select_Website' 

27-02-2025T17:38:34 - [MESSAGE][PASSED] - All options with label 'Journey' are selected in object 'Object Repository/Admin/Ad Subscription Utility/select_Website' 

27-02-2025T17:38:34 - [TEST_STEP][PASSED] - selectOptionByLabel(findTestObject("Object Repository/Admin/Ad Subscription Utility/select_Role"), role, false): All options with label 'Organization' are selected in object 'Object Repository/Admin/Ad Subscription Utility/select_Role' 

27-02-2025T17:38:34 - [MESSAGE][PASSED] - All options with label 'Organization' are selected in object 'Object Repository/Admin/Ad Subscription Utility/select_Role' 

27-02-2025T17:38:34 - [TEST_STEP][PASSED] - delay(1): Delayed 1 second(s)

27-02-2025T17:38:35 - [MESSAGE][PASSED] - Delayed 1 second(s)

27-02-2025T17:38:35 - [TEST_STEP][PASSED] - click(findTestObject("Admin/Ad Subscription Utility/option_" + role)): Object: 'Object Repository/Admin/Ad Subscription Utility/option_Organization' is clicked on

27-02-2025T17:38:35 - [MESSAGE][PASSED] - Object: 'Object Repository/Admin/Ad Subscription Utility/option_Organization' is clicked on

27-02-2025T17:38:35 - [TEST_STEP][PASSED] - click(findTestObject("Admin/Ad Subscription Utility/btn_Add Subscription Entry")): Object: 'Object Repository/Admin/Ad Subscription Utility/btn_Add Subscription Entry' is clicked on

27-02-2025T17:38:36 - [MESSAGE][PASSED] - Object: 'Object Repository/Admin/Ad Subscription Utility/btn_Add Subscription Entry' is clicked on

27-02-2025T17:38:36 - [TEST_STEP][PASSED] - delay(2): Delayed 2 second(s)

27-02-2025T17:38:38 - [MESSAGE][PASSED] - Delayed 2 second(s)

27-02-2025T17:38:38 - [TEST_STEP][PASSED] - driver = getWebDriver(): null

27-02-2025T17:38:38 - [TEST_STEP][PASSED] - Table = driver.findElement(By.xpath("//p[4]/table")): null

27-02-2025T17:38:38 - [TEST_STEP][PASSED] - Rows = Table.findElements(By.tagName("tr")): null

27-02-2025T17:38:38 - [TEST_STEP][PASSED] - row_count = Rows.size(): null

27-02-2025T17:38:38 - [TEST_STEP][PASSED] - found = false: null

27-02-2025T17:38:38 - [TEST_STEP][PASSED] - for ([row = 1, row < row_count, (row++)]): null

27-02-2025T17:38:38 - [TEST_STEP][PASSED] - Columns = get(row).findElements(By.tagName("td")): null

27-02-2025T17:38:38 - [TEST_STEP][PASSED] - user = get(8).getText(): null

27-02-2025T17:38:38 - [TEST_STEP][PASSED] - if (user.indexOf(username) >= 0): null

27-02-2025T17:38:38 - [TEST_STEP][PASSED] - Columns = get(row).findElements(By.tagName("td")): null

27-02-2025T17:38:38 - [TEST_STEP][PASSED] - user = get(8).getText(): null

27-02-2025T17:38:38 - [TEST_STEP][PASSED] - if (user.indexOf(username) >= 0): null

27-02-2025T17:38:38 - [TEST_STEP][PASSED] - Columns = get(row).findElements(By.tagName("td")): null

27-02-2025T17:38:38 - [TEST_STEP][PASSED] - user = get(8).getText(): null

27-02-2025T17:38:38 - [TEST_STEP][PASSED] - if (user.indexOf(username) >= 0): null

27-02-2025T17:38:38 - [TEST_STEP][PASSED] - Columns = get(row).findElements(By.tagName("td")): null

27-02-2025T17:38:38 - [TEST_STEP][PASSED] - user = get(8).getText(): null

27-02-2025T17:38:38 - [TEST_STEP][PASSED] - if (user.indexOf(username) >= 0): null

27-02-2025T17:38:38 - [TEST_STEP][PASSED] - Columns = get(row).findElements(By.tagName("td")): null

27-02-2025T17:38:38 - [TEST_STEP][PASSED] - user = get(8).getText(): null

27-02-2025T17:38:38 - [TEST_STEP][PASSED] - if (user.indexOf(username) >= 0): null

27-02-2025T17:38:38 - [TEST_STEP][PASSED] - Columns = get(row).findElements(By.tagName("td")): null

27-02-2025T17:38:38 - [TEST_STEP][PASSED] - user = get(8).getText(): null

27-02-2025T17:38:38 - [TEST_STEP][PASSED] - if (user.indexOf(username) >= 0): null

27-02-2025T17:38:38 - [TEST_STEP][PASSED] - Columns = get(row).findElements(By.tagName("td")): null

27-02-2025T17:38:38 - [TEST_STEP][PASSED] - user = get(8).getText(): null

27-02-2025T17:38:38 - [TEST_STEP][PASSED] - if (user.indexOf(username) >= 0): null

27-02-2025T17:38:38 - [TEST_STEP][PASSED] - Columns = get(row).findElements(By.tagName("td")): null

27-02-2025T17:38:38 - [TEST_STEP][PASSED] - user = get(8).getText(): null

27-02-2025T17:38:38 - [TEST_STEP][PASSED] - if (user.indexOf(username) >= 0): null

27-02-2025T17:38:38 - [TEST_STEP][PASSED] - Columns = get(row).findElements(By.tagName("td")): null

27-02-2025T17:38:38 - [TEST_STEP][PASSED] - user = get(8).getText(): null

27-02-2025T17:38:38 - [TEST_STEP][PASSED] - if (user.indexOf(username) >= 0): null

27-02-2025T17:38:38 - [TEST_STEP][PASSED] - Columns = get(row).findElements(By.tagName("td")): null

27-02-2025T17:38:38 - [TEST_STEP][PASSED] - user = get(8).getText(): null

27-02-2025T17:38:38 - [TEST_STEP][PASSED] - if (user.indexOf(username) >= 0): null

27-02-2025T17:38:38 - [TEST_STEP][PASSED] - Columns = get(row).findElements(By.tagName("td")): null

27-02-2025T17:38:38 - [TEST_STEP][PASSED] - user = get(8).getText(): null

27-02-2025T17:38:38 - [TEST_STEP][PASSED] - if (user.indexOf(username) >= 0): null

27-02-2025T17:38:38 - [TEST_STEP][PASSED] - Columns = get(row).findElements(By.tagName("td")): null

27-02-2025T17:38:38 - [TEST_STEP][PASSED] - user = get(8).getText(): null

27-02-2025T17:38:38 - [TEST_STEP][PASSED] - if (user.indexOf(username) >= 0): null

27-02-2025T17:38:38 - [TEST_STEP][PASSED] - Columns = get(row).findElements(By.tagName("td")): null

27-02-2025T17:38:38 - [TEST_STEP][PASSED] - user = get(8).getText(): null

27-02-2025T17:38:38 - [TEST_STEP][PASSED] - if (user.indexOf(username) >= 0): null

27-02-2025T17:38:38 - [TEST_STEP][PASSED] - Columns = get(row).findElements(By.tagName("td")): null

27-02-2025T17:38:38 - [TEST_STEP][PASSED] - user = get(8).getText(): null

27-02-2025T17:38:38 - [TEST_STEP][PASSED] - if (user.indexOf(username) >= 0): null

27-02-2025T17:38:38 - [TEST_STEP][PASSED] - Columns = get(row).findElements(By.tagName("td")): null

27-02-2025T17:38:38 - [TEST_STEP][PASSED] - user = get(8).getText(): null

27-02-2025T17:38:38 - [TEST_STEP][PASSED] - if (user.indexOf(username) >= 0): null

27-02-2025T17:38:38 - [TEST_STEP][PASSED] - Columns = get(row).findElements(By.tagName("td")): null

27-02-2025T17:38:38 - [TEST_STEP][PASSED] - user = get(8).getText(): null

27-02-2025T17:38:38 - [TEST_STEP][PASSED] - if (user.indexOf(username) >= 0): null

27-02-2025T17:38:38 - [TEST_STEP][PASSED] - Columns = get(row).findElements(By.tagName("td")): null

27-02-2025T17:38:38 - [TEST_STEP][PASSED] - user = get(8).getText(): null

27-02-2025T17:38:38 - [TEST_STEP][PASSED] - if (user.indexOf(username) >= 0): null

27-02-2025T17:38:38 - [TEST_STEP][PASSED] - Columns = get(row).findElements(By.tagName("td")): null

27-02-2025T17:38:38 - [TEST_STEP][PASSED] - user = get(8).getText(): null

27-02-2025T17:38:38 - [TEST_STEP][PASSED] - if (user.indexOf(username) >= 0): null

27-02-2025T17:38:38 - [TEST_STEP][PASSED] - Columns = get(row).findElements(By.tagName("td")): null

27-02-2025T17:38:38 - [TEST_STEP][PASSED] - user = get(8).getText(): null

27-02-2025T17:38:38 - [TEST_STEP][PASSED] - if (user.indexOf(username) >= 0): null

27-02-2025T17:38:38 - [TEST_STEP][PASSED] - Columns = get(row).findElements(By.tagName("td")): null

27-02-2025T17:38:38 - [TEST_STEP][PASSED] - user = get(8).getText(): null

27-02-2025T17:38:38 - [TEST_STEP][PASSED] - if (user.indexOf(username) >= 0): null

27-02-2025T17:38:38 - [TEST_STEP][PASSED] - Columns = get(row).findElements(By.tagName("td")): null

27-02-2025T17:38:38 - [TEST_STEP][PASSED] - user = get(8).getText(): null

27-02-2025T17:38:38 - [TEST_STEP][PASSED] - if (user.indexOf(username) >= 0): null

27-02-2025T17:38:38 - [TEST_STEP][PASSED] - Columns = get(row).findElements(By.tagName("td")): null

27-02-2025T17:38:38 - [TEST_STEP][PASSED] - user = get(8).getText(): null

27-02-2025T17:38:38 - [TEST_STEP][PASSED] - if (user.indexOf(username) >= 0): null

27-02-2025T17:38:38 - [TEST_STEP][PASSED] - Columns = get(row).findElements(By.tagName("td")): null

27-02-2025T17:38:38 - [TEST_STEP][PASSED] - user = get(8).getText(): null

27-02-2025T17:38:38 - [TEST_STEP][PASSED] - if (user.indexOf(username) >= 0): null

27-02-2025T17:38:38 - [TEST_STEP][PASSED] - Columns = get(row).findElements(By.tagName("td")): null

27-02-2025T17:38:38 - [TEST_STEP][PASSED] - user = get(8).getText(): null

27-02-2025T17:38:38 - [TEST_STEP][PASSED] - if (user.indexOf(username) >= 0): null

27-02-2025T17:38:38 - [TEST_STEP][PASSED] - Columns = get(row).findElements(By.tagName("td")): null

27-02-2025T17:38:38 - [TEST_STEP][PASSED] - user = get(8).getText(): null

27-02-2025T17:38:38 - [TEST_STEP][PASSED] - if (user.indexOf(username) >= 0): null

27-02-2025T17:38:38 - [TEST_STEP][PASSED] - Columns = get(row).findElements(By.tagName("td")): null

27-02-2025T17:38:38 - [TEST_STEP][PASSED] - user = get(8).getText(): null

27-02-2025T17:38:38 - [TEST_STEP][PASSED] - if (user.indexOf(username) >= 0): null

27-02-2025T17:38:38 - [TEST_STEP][PASSED] - Columns = get(row).findElements(By.tagName("td")): null

27-02-2025T17:38:38 - [TEST_STEP][PASSED] - user = get(8).getText(): null

27-02-2025T17:38:38 - [TEST_STEP][PASSED] - if (user.indexOf(username) >= 0): null

27-02-2025T17:38:38 - [TEST_STEP][PASSED] - Columns = get(row).findElements(By.tagName("td")): null

27-02-2025T17:38:38 - [TEST_STEP][PASSED] - user = get(8).getText(): null

27-02-2025T17:38:38 - [TEST_STEP][PASSED] - if (user.indexOf(username) >= 0): null

27-02-2025T17:38:38 - [TEST_STEP][PASSED] - Columns = get(row).findElements(By.tagName("td")): null

27-02-2025T17:38:38 - [TEST_STEP][PASSED] - user = get(8).getText(): null

27-02-2025T17:38:38 - [TEST_STEP][PASSED] - if (user.indexOf(username) >= 0): null

27-02-2025T17:38:38 - [TEST_STEP][PASSED] - Columns = get(row).findElements(By.tagName("td")): null

27-02-2025T17:38:38 - [TEST_STEP][PASSED] - user = get(8).getText(): null

27-02-2025T17:38:38 - [TEST_STEP][PASSED] - if (user.indexOf(username) >= 0): null

27-02-2025T17:38:38 - [TEST_STEP][PASSED] - Columns = get(row).findElements(By.tagName("td")): null

27-02-2025T17:38:38 - [TEST_STEP][PASSED] - user = get(8).getText(): null

27-02-2025T17:38:38 - [TEST_STEP][PASSED] - if (user.indexOf(username) >= 0): null

27-02-2025T17:38:38 - [TEST_STEP][PASSED] - Columns = get(row).findElements(By.tagName("td")): null

27-02-2025T17:38:38 - [TEST_STEP][PASSED] - user = get(8).getText(): null

27-02-2025T17:38:38 - [TEST_STEP][PASSED] - if (user.indexOf(username) >= 0): null

27-02-2025T17:38:38 - [TEST_STEP][PASSED] - Columns = get(row).findElements(By.tagName("td")): null

27-02-2025T17:38:38 - [TEST_STEP][PASSED] - user = get(8).getText(): null

27-02-2025T17:38:38 - [TEST_STEP][PASSED] - if (user.indexOf(username) >= 0): null

27-02-2025T17:38:38 - [TEST_STEP][PASSED] - Columns = get(row).findElements(By.tagName("td")): null

27-02-2025T17:38:38 - [TEST_STEP][PASSED] - user = get(8).getText(): null

27-02-2025T17:38:38 - [TEST_STEP][PASSED] - if (user.indexOf(username) >= 0): null

27-02-2025T17:38:38 - [TEST_STEP][PASSED] - Columns = get(row).findElements(By.tagName("td")): null

27-02-2025T17:38:38 - [TEST_STEP][PASSED] - user = get(8).getText(): null

27-02-2025T17:38:38 - [TEST_STEP][PASSED] - if (user.indexOf(username) >= 0): null

27-02-2025T17:38:38 - [TEST_STEP][PASSED] - Columns = get(row).findElements(By.tagName("td")): null

27-02-2025T17:38:38 - [TEST_STEP][PASSED] - user = get(8).getText(): null

27-02-2025T17:38:38 - [TEST_STEP][PASSED] - if (user.indexOf(username) >= 0): null

27-02-2025T17:38:38 - [TEST_STEP][PASSED] - Columns = get(row).findElements(By.tagName("td")): null

27-02-2025T17:38:38 - [TEST_STEP][PASSED] - user = get(8).getText(): null

27-02-2025T17:38:38 - [TEST_STEP][PASSED] - if (user.indexOf(username) >= 0): null

27-02-2025T17:38:38 - [TEST_STEP][PASSED] - Columns = get(row).findElements(By.tagName("td")): null

27-02-2025T17:38:38 - [TEST_STEP][PASSED] - user = get(8).getText(): null

27-02-2025T17:38:38 - [TEST_STEP][PASSED] - if (user.indexOf(username) >= 0): null

27-02-2025T17:38:38 - [TEST_STEP][PASSED] - Columns = get(row).findElements(By.tagName("td")): null

27-02-2025T17:38:38 - [TEST_STEP][PASSED] - user = get(8).getText(): null

27-02-2025T17:38:38 - [TEST_STEP][PASSED] - if (user.indexOf(username) >= 0): null

27-02-2025T17:38:38 - [TEST_STEP][PASSED] - Columns = get(row).findElements(By.tagName("td")): null

27-02-2025T17:38:38 - [TEST_STEP][PASSED] - user = get(8).getText(): null

27-02-2025T17:38:38 - [TEST_STEP][PASSED] - if (user.indexOf(username) >= 0): null

27-02-2025T17:38:38 - [TEST_STEP][PASSED] - Columns = get(row).findElements(By.tagName("td")): null

27-02-2025T17:38:38 - [TEST_STEP][PASSED] - user = get(8).getText(): null

27-02-2025T17:38:38 - [TEST_STEP][PASSED] - if (user.indexOf(username) >= 0): null

27-02-2025T17:38:38 - [TEST_STEP][PASSED] - found = true: null

27-02-2025T17:38:38 - [TEST_STEP][PASSED] - outText = "Creating subscription for " + username: null

27-02-2025T17:38:38 - [TEST_STEP][PASSED] - println("=====> " + outText): null

27-02-2025T17:38:38 - [TEST_STEP][PASSED] - if (writeFile): null

27-02-2025T17:38:38 - [TEST_STEP][PASSED] - outFile.append(outText + "
"): null

27-02-2025T17:38:38 - [TEST_STEP][PASSED] - get(4).click(): null

27-02-2025T17:38:40 - [TEST_STEP][PASSED] - delay(2): Delayed 2 second(s)

27-02-2025T17:38:42 - [MESSAGE][PASSED] - Delayed 2 second(s)

27-02-2025T17:38:42 - [TEST_STEP][PASSED] - click(findTestObject("Admin/Ad Subscription Utility/a_Add a subscription record")): Object: 'Object Repository/Admin/Ad Subscription Utility/a_Add a subscription record' is clicked on

27-02-2025T17:38:42 - [MESSAGE][PASSED] - Object: 'Object Repository/Admin/Ad Subscription Utility/a_Add a subscription record' is clicked on

27-02-2025T17:38:42 - [TEST_STEP][PASSED] - delay(2): Delayed 2 second(s)

27-02-2025T17:38:44 - [MESSAGE][PASSED] - Delayed 2 second(s)

27-02-2025T17:38:44 - [TEST_STEP][PASSED] - if (type == "Education"): null

27-02-2025T17:38:44 - [TEST_STEP][PASSED] - else: Object: 'Object Repository/Admin/Ad Subscription Utility/Subscription Edit/radio_Journey app' is clicked on

27-02-2025T17:38:44 - [TEST_STEP][PASSED] - if (type == "Journey"): Object: 'Object Repository/Admin/Ad Subscription Utility/Subscription Edit/radio_Journey app' is clicked on

27-02-2025T17:38:44 - [TEST_STEP][PASSED] - click(findTestObject("Object Repository/Admin/Ad Subscription Utility/Subscription Edit/radio_Journey app")): Object: 'Object Repository/Admin/Ad Subscription Utility/Subscription Edit/radio_Journey app' is clicked on

27-02-2025T17:38:44 - [MESSAGE][PASSED] - Object: 'Object Repository/Admin/Ad Subscription Utility/Subscription Edit/radio_Journey app' is clicked on

27-02-2025T17:38:44 - [TEST_STEP][PASSED] - date = new java.util.Date(): null

27-02-2025T17:38:44 - [TEST_STEP][PASSED] - start = date.format("yyyy-MM-dd"): null

27-02-2025T17:38:44 - [TEST_STEP][PASSED] - year = start.substring(0, 4): null

27-02-2025T17:38:44 - [TEST_STEP][PASSED] - month = start.substring(5, 7): null

27-02-2025T17:38:44 - [TEST_STEP][PASSED] - day = start.substring(8): null

27-02-2025T17:38:44 - [TEST_STEP][PASSED] - if (role == "Candidate"): null

27-02-2025T17:38:44 - [TEST_STEP][PASSED] - else: null

27-02-2025T17:38:44 - [TEST_STEP][PASSED] - endYear = year.toInteger() + 1: null

27-02-2025T17:38:44 - [TEST_STEP][PASSED] - end = endYear + "-" + month + "-" + day: null

27-02-2025T17:38:44 - [TEST_STEP][PASSED] - setText(findTestObject("Object Repository/Admin/Ad Subscription Utility/input_YYYY-MM-DD_start_date"), start): Text '2025-02-27' is set on object 'Object Repository/Admin/Ad Subscription Utility/input_YYYY-MM-DD_start_date'

27-02-2025T17:38:44 - [MESSAGE][PASSED] - Text '2025-02-27' is set on object 'Object Repository/Admin/Ad Subscription Utility/input_YYYY-MM-DD_start_date'

27-02-2025T17:38:44 - [TEST_STEP][PASSED] - setText(findTestObject("Object Repository/Admin/Ad Subscription Utility/input_YYYY-MM-DD_end_date"), end): Text '2026-02-27' is set on object 'Object Repository/Admin/Ad Subscription Utility/input_YYYY-MM-DD_end_date'

27-02-2025T17:38:44 - [MESSAGE][PASSED] - Text '2026-02-27' is set on object 'Object Repository/Admin/Ad Subscription Utility/input_YYYY-MM-DD_end_date'

27-02-2025T17:38:44 - [TEST_STEP][PASSED] - click(findTestObject("Object Repository/Admin/Ad Subscription Utility/btn_Add Subscription Entry")): Object: 'Object Repository/Admin/Ad Subscription Utility/btn_Add Subscription Entry' is clicked on

27-02-2025T17:38:44 - [MESSAGE][PASSED] - Object: 'Object Repository/Admin/Ad Subscription Utility/btn_Add Subscription Entry' is clicked on

27-02-2025T17:38:44 - [TEST_STEP][PASSED] - delay(2): Delayed 2 second(s)

27-02-2025T17:38:46 - [MESSAGE][PASSED] - Delayed 2 second(s)

27-02-2025T17:38:46 - [TEST_STEP][PASSED] - created = verifyElementVisible(findTestObject("Object Repository/Admin/Ad Subscription Utility/li_Record is successfully added"), STOP_ON_FAILURE): Object 'Object Repository/Admin/Ad Subscription Utility/li_Record is successfully added' is visible

27-02-2025T17:38:46 - [MESSAGE][PASSED] - Object 'Object Repository/Admin/Ad Subscription Utility/li_Record is successfully added' is visible

27-02-2025T17:38:46 - [TEST_STEP][PASSED] - if (created): null

27-02-2025T17:38:46 - [TEST_STEP][PASSED] - outText = "Subscription created for " + username: null

27-02-2025T17:38:46 - [TEST_STEP][PASSED] - println("=====> " + outText): null

27-02-2025T17:38:46 - [TEST_STEP][PASSED] - if (writeFile): null

27-02-2025T17:38:46 - [TEST_STEP][PASSED] - outFile.append(outText + "
"): null

27-02-2025T17:38:46 - [TEST_STEP][PASSED] - break: null

27-02-2025T17:38:46 - [TEST_STEP][PASSED] - if (!(found)): null

27-02-2025T17:38:46 - [TEST_STEP][PASSED] - closeBrowser(): Browser is closed

27-02-2025T17:38:47 - [MESSAGE][PASSED] - Browser is closed

27-02-2025T17:38:47 - [MESSAGE][PASSED] - Call Test Case 'Test Cases/Admin/Create Subscription' successfully

27-02-2025T17:38:47 - [TEST_STEP][PASSED] - if (!(registerOnly)): null

27-02-2025T17:38:47 - [TEST_STEP][PASSED] - callTestCase(findTestCase("Journey Partner Profile/Complete Journey Partner Profile"), [:], STOP_ON_FAILURE): Call Test Case 'Test Cases/Journey Partner Profile/Complete Journey Partner Profile' successfully

27-02-2025T17:38:47 - [TEST_CASE][PASSED] - Test Cases/Journey Partner Profile/Complete Journey Partner Profile: Test Cases/Journey Partner Profile/Complete Journey Partner Profile

27-02-2025T17:38:47 - [TEST_STEP][PASSED] - pages = []: null

27-02-2025T17:38:47 - [TEST_STEP][PASSED] - username = username: null

27-02-2025T17:38:47 - [TEST_STEP][PASSED] - if (username != "cktest07jp" && username != "cktest02jp"): null

27-02-2025T17:38:47 - [TEST_STEP][PASSED] - domain = domain: null

27-02-2025T17:38:47 - [TEST_STEP][PASSED] - called = false: null

27-02-2025T17:38:47 - [TEST_STEP][PASSED] - if (binding.hasVariable("varCalled")): null

27-02-2025T17:38:47 - [TEST_STEP][PASSED] - writeFile = false: null

27-02-2025T17:38:47 - [TEST_STEP][PASSED] - if (outFile != ""): null

27-02-2025T17:38:47 - [TEST_STEP][PASSED] - myFile = outFile: null

27-02-2025T17:38:47 - [TEST_STEP][PASSED] - println(myFile): null

27-02-2025T17:38:47 - [TEST_STEP][PASSED] - outFile = new java.io.File(myFile): null

27-02-2025T17:38:47 - [TEST_STEP][PASSED] - writeFile = true: null

27-02-2025T17:38:47 - [TEST_STEP][PASSED] - if (!(writeFile)): null

27-02-2025T17:38:47 - [TEST_STEP][PASSED] - else: null

27-02-2025T17:38:47 - [TEST_STEP][PASSED] - outFile.append("
Testing Complete Journey Partner Profile on " + domain + "
"): null

27-02-2025T17:38:47 - [TEST_STEP][PASSED] - url = getUrl(OPTIONAL): Unable to get the url of the current window (Root cause: com.kms.katalon.core.exception.StepFailedException: Unable to get the url of the current window
	at com.kms.katalon.core.webui.keyword.internal.WebUIKeywordMain.stepFailed(WebUIKeywordMain.groovy:117)
	at com.kms.katalon.core.webui.keyword.internal.WebUIKeywordMain.runKeyword(WebUIKeywordMain.groovy:43)
	at com.kms.katalon.core.webui.keyword.builtin.GetUrlKeyword.getUrl(GetUrlKeyword.groovy:76)
	at com.kms.katalon.core.webui.keyword.builtin.GetUrlKeyword.execute(GetUrlKeyword.groovy:66)
	at com.kms.katalon.core.keyword.internal.KeywordExecutor.executeKeywordForPlatform(KeywordExecutor.groovy:74)
	at com.kms.katalon.core.webui.keyword.WebUiBuiltInKeywords.getUrl(WebUiBuiltInKeywords.groovy:264)
	at Complete Journey Partner Profile.run(Complete Journey Partner Profile:70)
	at com.kms.katalon.core.main.ScriptEngine.run(ScriptEngine.java:194)
	at com.kms.katalon.core.main.ScriptEngine.runScriptAsRawText(ScriptEngine.java:119)
	at com.kms.katalon.core.main.TestCaseExecutor.runScript(TestCaseExecutor.java:448)
	at com.kms.katalon.core.main.TestCaseExecutor.doExecute(TestCaseExecutor.java:439)
	at com.kms.katalon.core.main.TestCaseExecutor.processExecutionPhase(TestCaseExecutor.java:418)
	at com.kms.katalon.core.main.TestCaseExecutor.accessMainPhase(TestCaseExecutor.java:410)
	at com.kms.katalon.core.main.TestCaseExecutor.execute(TestCaseExecutor.java:285)
	at com.kms.katalon.core.main.TestCaseMain.runTestCase(TestCaseMain.java:137)
	at com.kms.katalon.core.keyword.builtin.CallTestCaseKeyword$_callTestCase_closure1.doCall(CallTestCaseKeyword.groovy:59)
	at com.kms.katalon.core.keyword.builtin.CallTestCaseKeyword$_callTestCase_closure1.call(CallTestCaseKeyword.groovy)
	at com.kms.katalon.core.keyword.internal.KeywordMain.runKeyword(KeywordMain.groovy:75)
	at com.kms.katalon.core.keyword.builtin.CallTestCaseKeyword.callTestCase(CallTestCaseKeyword.groovy:81)
	at com.kms.katalon.core.keyword.builtin.CallTestCaseKeyword.execute(CallTestCaseKeyword.groovy:44)
	at com.kms.katalon.core.keyword.internal.KeywordExecutor.executeKeywordForPlatform(KeywordExecutor.groovy:74)
	at com.kms.katalon.core.keyword.BuiltinKeywords.callTestCase(BuiltinKeywords.groovy:310)
	at jdk.internal.reflect.GeneratedMethodAccessor27.invoke(Unknown Source)
	at java.base/jdk.internal.reflect.DelegatingMethodAccessorImpl.invoke(DelegatingMethodAccessorImpl.java:43)
	at Register Journey Partner.run(Register Journey Partner:368)
	at com.kms.katalon.core.main.ScriptEngine.run(ScriptEngine.java:194)
	at com.kms.katalon.core.main.ScriptEngine.runScriptAsRawText(ScriptEngine.java:119)
	at com.kms.katalon.core.main.TestCaseExecutor.runScript(TestCaseExecutor.java:448)
	at com.kms.katalon.core.main.TestCaseExecutor.doExecute(TestCaseExecutor.java:439)
	at com.kms.katalon.core.main.TestCaseExecutor.processExecutionPhase(TestCaseExecutor.java:418)
	at com.kms.katalon.core.main.TestCaseExecutor.accessMainPhase(TestCaseExecutor.java:410)
	at com.kms.katalon.core.main.TestCaseExecutor.execute(TestCaseExecutor.java:285)
	at com.kms.katalon.core.common.CommonExecutor.accessTestCaseMainPhase(CommonExecutor.java:65)
	at com.kms.katalon.core.main.TestSuiteExecutor.accessTestSuiteMainPhase(TestSuiteExecutor.java:150)
	at com.kms.katalon.core.main.TestSuiteExecutor.execute(TestSuiteExecutor.java:106)
	at com.kms.katalon.core.main.TestCaseMain.startTestSuite(TestCaseMain.java:180)
	at TempTestSuite1740698296994.run(TempTestSuite1740698296994.groovy:35)
	at java.base/jdk.internal.reflect.NativeMethodAccessorImpl.invoke0(Native Method)
	at java.base/jdk.internal.reflect.NativeMethodAccessorImpl.invoke(NativeMethodAccessorImpl.java:77)
	at java.base/jdk.internal.reflect.DelegatingMethodAccessorImpl.invoke(DelegatingMethodAccessorImpl.java:43)
Caused by: org.openqa.selenium.NoSuchSessionException: Session ID is null. Using WebDriver after calling quit()?
Build info: version: '3.141.59', revision: 'unknown', time: 'unknown'
System info: host: 'MacBook-Pro.local', ip: 'fdc1:b939:2fc6:38cc:1017:fa65:eb20:50e5%en0', os.name: 'Mac OS X', os.arch: 'aarch64', os.version: '15.1.1', java.version: '17.0.7'
Driver info: driver.version: RemoteWebDriver
	at org.openqa.selenium.remote.HttpCommandExecutor.execute(HttpCommandExecutor.java:125)
	at org.openqa.selenium.remote.service.DriverCommandExecutor.execute(DriverCommandExecutor.java:83)
	at org.openqa.selenium.remote.RemoteWebDriver.execute(RemoteWebDriver.java:552)
	at com.kms.katalon.selenium.driver.CChromeDriver.execute(CChromeDriver.java:19)
	at org.openqa.selenium.remote.RemoteWebDriver.execute(RemoteWebDriver.java:609)
	at org.openqa.selenium.remote.RemoteWebDriver.getCurrentUrl(RemoteWebDriver.java:287)
	at com.kms.katalon.core.webui.keyword.builtin.GetUrlKeyword$_getUrl_closure1.doCall(GetUrlKeyword.groovy:73)
	at com.kms.katalon.core.webui.keyword.builtin.GetUrlKeyword$_getUrl_closure1.call(GetUrlKeyword.groovy)
	at com.kms.katalon.core.webui.keyword.internal.WebUIKeywordMain.runKeyword(WebUIKeywordMain.groovy:35)
	at com.kms.katalon.core.webui.keyword.builtin.GetUrlKeyword.getUrl(GetUrlKeyword.groovy:76)
	at com.kms.katalon.core.webui.keyword.builtin.GetUrlKeyword.execute(GetUrlKeyword.groovy:66)
	at com.kms.katalon.core.keyword.internal.KeywordExecutor.executeKeywordForPlatform(KeywordExecutor.groovy:74)
	at com.kms.katalon.core.webui.keyword.WebUiBuiltInKeywords.getUrl(WebUiBuiltInKeywords.groovy:264)
	at Script1736481870666.run(Script1736481870666.groovy:70)
	at com.kms.katalon.core.main.ScriptEngine.run(ScriptEngine.java:194)
	at com.kms.katalon.core.main.ScriptEngine.runScriptAsRawText(ScriptEngine.java:119)
	at com.kms.katalon.core.main.TestCaseExecutor.runScript(TestCaseExecutor.java:448)
	at com.kms.katalon.core.main.TestCaseExecutor.doExecute(TestCaseExecutor.java:439)
	at com.kms.katalon.core.main.TestCaseExecutor.processExecutionPhase(TestCaseExecutor.java:418)
	at com.kms.katalon.core.main.TestCaseExecutor.accessMainPhase(TestCaseExecutor.java:410)
	at com.kms.katalon.core.main.TestCaseExecutor.execute(TestCaseExecutor.java:285)
	at com.kms.katalon.core.main.TestCaseMain.runTestCase(TestCaseMain.java:137)
	at com.kms.katalon.core.keyword.builtin.CallTestCaseKeyword$_callTestCase_closure1.doCall(CallTestCaseKeyword.groovy:59)
	at com.kms.katalon.core.keyword.builtin.CallTestCaseKeyword$_callTestCase_closure1.call(CallTestCaseKeyword.groovy)
	at com.kms.katalon.core.keyword.internal.KeywordMain.runKeyword(KeywordMain.groovy:75)
	at com.kms.katalon.core.keyword.builtin.CallTestCaseKeyword.callTestCase(CallTestCaseKeyword.groovy:81)
	at com.kms.katalon.core.keyword.builtin.CallTestCaseKeyword.execute(CallTestCaseKeyword.groovy:44)
	at com.kms.katalon.core.keyword.internal.KeywordExecutor.executeKeywordForPlatform(KeywordExecutor.groovy:74)
	at com.kms.katalon.core.keyword.BuiltinKeywords.callTestCase(BuiltinKeywords.groovy:310)
	at jdk.internal.reflect.GeneratedMethodAccessor27.invoke(Unknown Source)
	at java.base/jdk.internal.reflect.DelegatingMethodAccessorImpl.invoke(DelegatingMethodAccessorImpl.java:43)
	at Script1732656886348.run(Script1732656886348.groovy:368)
	... 15 more
)

27-02-2025T17:38:47 - [MESSAGE][WARNING] - Cannot take screenshot

27-02-2025T17:38:47 - [MESSAGE][WARNING] - Unable to get the url of the current window (Root cause: com.kms.katalon.core.exception.StepFailedException: Unable to get the url of the current window
	at com.kms.katalon.core.webui.keyword.internal.WebUIKeywordMain.stepFailed(WebUIKeywordMain.groovy:117)
	at com.kms.katalon.core.webui.keyword.internal.WebUIKeywordMain.runKeyword(WebUIKeywordMain.groovy:43)
	at com.kms.katalon.core.webui.keyword.builtin.GetUrlKeyword.getUrl(GetUrlKeyword.groovy:76)
	at com.kms.katalon.core.webui.keyword.builtin.GetUrlKeyword.execute(GetUrlKeyword.groovy:66)
	at com.kms.katalon.core.keyword.internal.KeywordExecutor.executeKeywordForPlatform(KeywordExecutor.groovy:74)
	at com.kms.katalon.core.webui.keyword.WebUiBuiltInKeywords.getUrl(WebUiBuiltInKeywords.groovy:264)
	at Complete Journey Partner Profile.run(Complete Journey Partner Profile:70)
	at com.kms.katalon.core.main.ScriptEngine.run(ScriptEngine.java:194)
	at com.kms.katalon.core.main.ScriptEngine.runScriptAsRawText(ScriptEngine.java:119)
	at com.kms.katalon.core.main.TestCaseExecutor.runScript(TestCaseExecutor.java:448)
	at com.kms.katalon.core.main.TestCaseExecutor.doExecute(TestCaseExecutor.java:439)
	at com.kms.katalon.core.main.TestCaseExecutor.processExecutionPhase(TestCaseExecutor.java:418)
	at com.kms.katalon.core.main.TestCaseExecutor.accessMainPhase(TestCaseExecutor.java:410)
	at com.kms.katalon.core.main.TestCaseExecutor.execute(TestCaseExecutor.java:285)
	at com.kms.katalon.core.main.TestCaseMain.runTestCase(TestCaseMain.java:137)
	at com.kms.katalon.core.keyword.builtin.CallTestCaseKeyword$_callTestCase_closure1.doCall(CallTestCaseKeyword.groovy:59)
	at com.kms.katalon.core.keyword.builtin.CallTestCaseKeyword$_callTestCase_closure1.call(CallTestCaseKeyword.groovy)
	at com.kms.katalon.core.keyword.internal.KeywordMain.runKeyword(KeywordMain.groovy:75)
	at com.kms.katalon.core.keyword.builtin.CallTestCaseKeyword.callTestCase(CallTestCaseKeyword.groovy:81)
	at com.kms.katalon.core.keyword.builtin.CallTestCaseKeyword.execute(CallTestCaseKeyword.groovy:44)
	at com.kms.katalon.core.keyword.internal.KeywordExecutor.executeKeywordForPlatform(KeywordExecutor.groovy:74)
	at com.kms.katalon.core.keyword.BuiltinKeywords.callTestCase(BuiltinKeywords.groovy:310)
	at jdk.internal.reflect.GeneratedMethodAccessor27.invoke(Unknown Source)
	at java.base/jdk.internal.reflect.DelegatingMethodAccessorImpl.invoke(DelegatingMethodAccessorImpl.java:43)
	at Register Journey Partner.run(Register Journey Partner:368)
	at com.kms.katalon.core.main.ScriptEngine.run(ScriptEngine.java:194)
	at com.kms.katalon.core.main.ScriptEngine.runScriptAsRawText(ScriptEngine.java:119)
	at com.kms.katalon.core.main.TestCaseExecutor.runScript(TestCaseExecutor.java:448)
	at com.kms.katalon.core.main.TestCaseExecutor.doExecute(TestCaseExecutor.java:439)
	at com.kms.katalon.core.main.TestCaseExecutor.processExecutionPhase(TestCaseExecutor.java:418)
	at com.kms.katalon.core.main.TestCaseExecutor.accessMainPhase(TestCaseExecutor.java:410)
	at com.kms.katalon.core.main.TestCaseExecutor.execute(TestCaseExecutor.java:285)
	at com.kms.katalon.core.common.CommonExecutor.accessTestCaseMainPhase(CommonExecutor.java:65)
	at com.kms.katalon.core.main.TestSuiteExecutor.accessTestSuiteMainPhase(TestSuiteExecutor.java:150)
	at com.kms.katalon.core.main.TestSuiteExecutor.execute(TestSuiteExecutor.java:106)
	at com.kms.katalon.core.main.TestCaseMain.startTestSuite(TestCaseMain.java:180)
	at TempTestSuite1740698296994.run(TempTestSuite1740698296994.groovy:35)
	at java.base/jdk.internal.reflect.NativeMethodAccessorImpl.invoke0(Native Method)
	at java.base/jdk.internal.reflect.NativeMethodAccessorImpl.invoke(NativeMethodAccessorImpl.java:77)
	at java.base/jdk.internal.reflect.DelegatingMethodAccessorImpl.invoke(DelegatingMethodAccessorImpl.java:43)
Caused by: org.openqa.selenium.NoSuchSessionException: Session ID is null. Using WebDriver after calling quit()?
Build info: version: '3.141.59', revision: 'unknown', time: 'unknown'
System info: host: 'MacBook-Pro.local', ip: 'fdc1:b939:2fc6:38cc:1017:fa65:eb20:50e5%en0', os.name: 'Mac OS X', os.arch: 'aarch64', os.version: '15.1.1', java.version: '17.0.7'
Driver info: driver.version: RemoteWebDriver
	at org.openqa.selenium.remote.HttpCommandExecutor.execute(HttpCommandExecutor.java:125)
	at org.openqa.selenium.remote.service.DriverCommandExecutor.execute(DriverCommandExecutor.java:83)
	at org.openqa.selenium.remote.RemoteWebDriver.execute(RemoteWebDriver.java:552)
	at com.kms.katalon.selenium.driver.CChromeDriver.execute(CChromeDriver.java:19)
	at org.openqa.selenium.remote.RemoteWebDriver.execute(RemoteWebDriver.java:609)
	at org.openqa.selenium.remote.RemoteWebDriver.getCurrentUrl(RemoteWebDriver.java:287)
	at com.kms.katalon.core.webui.keyword.builtin.GetUrlKeyword$_getUrl_closure1.doCall(GetUrlKeyword.groovy:73)
	at com.kms.katalon.core.webui.keyword.builtin.GetUrlKeyword$_getUrl_closure1.call(GetUrlKeyword.groovy)
	at com.kms.katalon.core.webui.keyword.internal.WebUIKeywordMain.runKeyword(WebUIKeywordMain.groovy:35)
	at com.kms.katalon.core.webui.keyword.builtin.GetUrlKeyword.getUrl(GetUrlKeyword.groovy:76)
	at com.kms.katalon.core.webui.keyword.builtin.GetUrlKeyword.execute(GetUrlKeyword.groovy:66)
	at com.kms.katalon.core.keyword.internal.KeywordExecutor.executeKeywordForPlatform(KeywordExecutor.groovy:74)
	at com.kms.katalon.core.webui.keyword.WebUiBuiltInKeywords.getUrl(WebUiBuiltInKeywords.groovy:264)
	at Script1736481870666.run(Script1736481870666.groovy:70)
	at com.kms.katalon.core.main.ScriptEngine.run(ScriptEngine.java:194)
	at com.kms.katalon.core.main.ScriptEngine.runScriptAsRawText(ScriptEngine.java:119)
	at com.kms.katalon.core.main.TestCaseExecutor.runScript(TestCaseExecutor.java:448)
	at com.kms.katalon.core.main.TestCaseExecutor.doExecute(TestCaseExecutor.java:439)
	at com.kms.katalon.core.main.TestCaseExecutor.processExecutionPhase(TestCaseExecutor.java:418)
	at com.kms.katalon.core.main.TestCaseExecutor.accessMainPhase(TestCaseExecutor.java:410)
	at com.kms.katalon.core.main.TestCaseExecutor.execute(TestCaseExecutor.java:285)
	at com.kms.katalon.core.main.TestCaseMain.runTestCase(TestCaseMain.java:137)
	at com.kms.katalon.core.keyword.builtin.CallTestCaseKeyword$_callTestCase_closure1.doCall(CallTestCaseKeyword.groovy:59)
	at com.kms.katalon.core.keyword.builtin.CallTestCaseKeyword$_callTestCase_closure1.call(CallTestCaseKeyword.groovy)
	at com.kms.katalon.core.keyword.internal.KeywordMain.runKeyword(KeywordMain.groovy:75)
	at com.kms.katalon.core.keyword.builtin.CallTestCaseKeyword.callTestCase(CallTestCaseKeyword.groovy:81)
	at com.kms.katalon.core.keyword.builtin.CallTestCaseKeyword.execute(CallTestCaseKeyword.groovy:44)
	at com.kms.katalon.core.keyword.internal.KeywordExecutor.executeKeywordForPlatform(KeywordExecutor.groovy:74)
	at com.kms.katalon.core.keyword.BuiltinKeywords.callTestCase(BuiltinKeywords.groovy:310)
	at jdk.internal.reflect.GeneratedMethodAccessor27.invoke(Unknown Source)
	at java.base/jdk.internal.reflect.DelegatingMethodAccessorImpl.invoke(DelegatingMethodAccessorImpl.java:43)
	at Script1732656886348.run(Script1732656886348.groovy:368)
	... 15 more
)

27-02-2025T17:38:47 - [TEST_STEP][PASSED] - println(url): null

27-02-2025T17:38:47 - [TEST_STEP][PASSED] - if (url == null): Call Test Case 'Test Cases/_Functions/Journey Partner Login' successfully

27-02-2025T17:38:47 - [TEST_STEP][PASSED] - callTestCase(findTestCase("_Functions/Journey Partner Login"), [:], STOP_ON_FAILURE): Call Test Case 'Test Cases/_Functions/Journey Partner Login' successfully

27-02-2025T17:38:47 - [TEST_CASE][PASSED] - Test Cases/_Functions/Journey Partner Login: Test Cases/_Functions/Journey Partner Login

27-02-2025T17:38:47 - [TEST_STEP][PASSED] - username = username: null

27-02-2025T17:38:47 - [TEST_STEP][PASSED] - if (username != "cktest07jp" && username != "cktest02jp"): null

27-02-2025T17:38:47 - [TEST_STEP][PASSED] - openBrowser(""): Browser is opened with url: ''

27-02-2025T17:38:47 - [MESSAGE][INFO] - Starting 'Chrome' driver

27-02-2025T17:38:47 - [MESSAGE][INFO] - Action delay is set to 0 milliseconds

27-02-2025T17:38:47 - [MESSAGE][PASSED] - Browser is opened with url: ''

27-02-2025T17:38:47 - [TEST_STEP][PASSED] - maximizeWindow(): Current window maximized

27-02-2025T17:38:48 - [MESSAGE][PASSED] - Current window maximized

27-02-2025T17:38:48 - [TEST_STEP][PASSED] - navigateToUrl("https://journey." + domain + "/journey-home/login-here/"): Navigate to 'https://journey.missionnext.org/journey-home/login-here/' successfully

27-02-2025T17:38:52 - [MESSAGE][PASSED] - Navigate to 'https://journey.missionnext.org/journey-home/login-here/' successfully

27-02-2025T17:38:52 - [TEST_STEP][PASSED] - setText(findTestObject("Object Repository/Journey Partner Profile/Login/input_Username"), username): Text 'cktest07jp' is set on object 'Object Repository/Journey Partner Profile/Login/input_Username'

27-02-2025T17:38:52 - [MESSAGE][PASSED] - Text 'cktest07jp' is set on object 'Object Repository/Journey Partner Profile/Login/input_Username'

27-02-2025T17:38:52 - [TEST_STEP][PASSED] - setEncryptedText(findTestObject("Object Repository/Journey Partner Profile/Login/input_Password"), password): Text ****** has been set on object 'Object Repository/Journey Partner Profile/Login/input_Password'

27-02-2025T17:38:52 - [MESSAGE][PASSED] - Text ****** has been set on object 'Object Repository/Journey Partner Profile/Login/input_Password'

27-02-2025T17:38:52 - [TEST_STEP][PASSED] - click(findTestObject("Object Repository/Journey Partner Profile/Login/button_Log In")): Object: 'Object Repository/Journey Partner Profile/Login/button_Log In' is clicked on

27-02-2025T17:38:56 - [MESSAGE][PASSED] - Object: 'Object Repository/Journey Partner Profile/Login/button_Log In' is clicked on

27-02-2025T17:38:56 - [MESSAGE][PASSED] - Call Test Case 'Test Cases/_Functions/Journey Partner Login' successfully

27-02-2025T17:38:56 - [TEST_STEP][PASSED] - dashboard = verifyElementPresent(findTestObject("Journey Partner Profile/Dashboard/a_My Profile"), 2, OPTIONAL): Unable to verify object is present (Root cause: com.kms.katalon.core.exception.StepFailedException: Unable to verify object is present
	at com.kms.katalon.core.webui.keyword.internal.WebUIKeywordMain.stepFailed(WebUIKeywordMain.groovy:117)
	at com.kms.katalon.core.webui.keyword.internal.WebUIKeywordMain.runKeyword(WebUIKeywordMain.groovy:43)
	at com.kms.katalon.core.webui.keyword.builtin.VerifyElementPresentKeyword.verifyElementPresent(VerifyElementPresentKeyword.groovy:92)
	at com.kms.katalon.core.webui.keyword.builtin.VerifyElementPresentKeyword.execute(VerifyElementPresentKeyword.groovy:68)
	at com.kms.katalon.core.keyword.internal.KeywordExecutor.executeKeywordForPlatform(KeywordExecutor.groovy:74)
	at com.kms.katalon.core.webui.keyword.WebUiBuiltInKeywords.verifyElementPresent(WebUiBuiltInKeywords.groovy:1487)
	at Complete Journey Partner Profile.run(Complete Journey Partner Profile:87)
	at com.kms.katalon.core.main.ScriptEngine.run(ScriptEngine.java:194)
	at com.kms.katalon.core.main.ScriptEngine.runScriptAsRawText(ScriptEngine.java:119)
	at com.kms.katalon.core.main.TestCaseExecutor.runScript(TestCaseExecutor.java:448)
	at com.kms.katalon.core.main.TestCaseExecutor.doExecute(TestCaseExecutor.java:439)
	at com.kms.katalon.core.main.TestCaseExecutor.processExecutionPhase(TestCaseExecutor.java:418)
	at com.kms.katalon.core.main.TestCaseExecutor.accessMainPhase(TestCaseExecutor.java:410)
	at com.kms.katalon.core.main.TestCaseExecutor.execute(TestCaseExecutor.java:285)
	at com.kms.katalon.core.main.TestCaseMain.runTestCase(TestCaseMain.java:137)
	at com.kms.katalon.core.keyword.builtin.CallTestCaseKeyword$_callTestCase_closure1.doCall(CallTestCaseKeyword.groovy:59)
	at com.kms.katalon.core.keyword.builtin.CallTestCaseKeyword$_callTestCase_closure1.call(CallTestCaseKeyword.groovy)
	at com.kms.katalon.core.keyword.internal.KeywordMain.runKeyword(KeywordMain.groovy:75)
	at com.kms.katalon.core.keyword.builtin.CallTestCaseKeyword.callTestCase(CallTestCaseKeyword.groovy:81)
	at com.kms.katalon.core.keyword.builtin.CallTestCaseKeyword.execute(CallTestCaseKeyword.groovy:44)
	at com.kms.katalon.core.keyword.internal.KeywordExecutor.executeKeywordForPlatform(KeywordExecutor.groovy:74)
	at com.kms.katalon.core.keyword.BuiltinKeywords.callTestCase(BuiltinKeywords.groovy:310)
	at jdk.internal.reflect.GeneratedMethodAccessor27.invoke(Unknown Source)
	at java.base/jdk.internal.reflect.DelegatingMethodAccessorImpl.invoke(DelegatingMethodAccessorImpl.java:43)
	at Register Journey Partner.run(Register Journey Partner:368)
	at com.kms.katalon.core.main.ScriptEngine.run(ScriptEngine.java:194)
	at com.kms.katalon.core.main.ScriptEngine.runScriptAsRawText(ScriptEngine.java:119)
	at com.kms.katalon.core.main.TestCaseExecutor.runScript(TestCaseExecutor.java:448)
	at com.kms.katalon.core.main.TestCaseExecutor.doExecute(TestCaseExecutor.java:439)
	at com.kms.katalon.core.main.TestCaseExecutor.processExecutionPhase(TestCaseExecutor.java:418)
	at com.kms.katalon.core.main.TestCaseExecutor.accessMainPhase(TestCaseExecutor.java:410)
	at com.kms.katalon.core.main.TestCaseExecutor.execute(TestCaseExecutor.java:285)
	at com.kms.katalon.core.common.CommonExecutor.accessTestCaseMainPhase(CommonExecutor.java:65)
	at com.kms.katalon.core.main.TestSuiteExecutor.accessTestSuiteMainPhase(TestSuiteExecutor.java:150)
	at com.kms.katalon.core.main.TestSuiteExecutor.execute(TestSuiteExecutor.java:106)
	at com.kms.katalon.core.main.TestCaseMain.startTestSuite(TestCaseMain.java:180)
	at TempTestSuite1740698296994.run(TempTestSuite1740698296994.groovy:35)
	at java.base/jdk.internal.reflect.NativeMethodAccessorImpl.invoke0(Native Method)
	at java.base/jdk.internal.reflect.NativeMethodAccessorImpl.invoke(NativeMethodAccessorImpl.java:77)
	at java.base/jdk.internal.reflect.DelegatingMethodAccessorImpl.invoke(DelegatingMethodAccessorImpl.java:43)
Caused by: java.lang.IllegalArgumentException: Object is null
	at com.kms.katalon.core.helper.KeywordHelper.checkTestObjectParameter(KeywordHelper.java:33)
	at com.kms.katalon.core.webui.keyword.builtin.VerifyElementPresentKeyword$_verifyElementPresent_closure1.doCall(VerifyElementPresentKeyword.groovy:76)
	at com.kms.katalon.core.webui.keyword.builtin.VerifyElementPresentKeyword$_verifyElementPresent_closure1.call(VerifyElementPresentKeyword.groovy)
	at com.kms.katalon.core.webui.keyword.internal.WebUIKeywordMain.runKeyword(WebUIKeywordMain.groovy:35)
	at com.kms.katalon.core.webui.keyword.builtin.VerifyElementPresentKeyword.verifyElementPresent(VerifyElementPresentKeyword.groovy:92)
	at com.kms.katalon.core.webui.keyword.builtin.VerifyElementPresentKeyword.execute(VerifyElementPresentKeyword.groovy:68)
	at com.kms.katalon.core.keyword.internal.KeywordExecutor.executeKeywordForPlatform(KeywordExecutor.groovy:74)
	at com.kms.katalon.core.webui.keyword.WebUiBuiltInKeywords.verifyElementPresent(WebUiBuiltInKeywords.groovy:1487)
	at Script1736481870666.run(Script1736481870666.groovy:87)
	at com.kms.katalon.core.main.ScriptEngine.run(ScriptEngine.java:194)
	at com.kms.katalon.core.main.ScriptEngine.runScriptAsRawText(ScriptEngine.java:119)
	at com.kms.katalon.core.main.TestCaseExecutor.runScript(TestCaseExecutor.java:448)
	at com.kms.katalon.core.main.TestCaseExecutor.doExecute(TestCaseExecutor.java:439)
	at com.kms.katalon.core.main.TestCaseExecutor.processExecutionPhase(TestCaseExecutor.java:418)
	at com.kms.katalon.core.main.TestCaseExecutor.accessMainPhase(TestCaseExecutor.java:410)
	at com.kms.katalon.core.main.TestCaseExecutor.execute(TestCaseExecutor.java:285)
	at com.kms.katalon.core.main.TestCaseMain.runTestCase(TestCaseMain.java:137)
	at com.kms.katalon.core.keyword.builtin.CallTestCaseKeyword$_callTestCase_closure1.doCall(CallTestCaseKeyword.groovy:59)
	at com.kms.katalon.core.keyword.builtin.CallTestCaseKeyword$_callTestCase_closure1.call(CallTestCaseKeyword.groovy)
	at com.kms.katalon.core.keyword.internal.KeywordMain.runKeyword(KeywordMain.groovy:75)
	at com.kms.katalon.core.keyword.builtin.CallTestCaseKeyword.callTestCase(CallTestCaseKeyword.groovy:81)
	at com.kms.katalon.core.keyword.builtin.CallTestCaseKeyword.execute(CallTestCaseKeyword.groovy:44)
	at com.kms.katalon.core.keyword.internal.KeywordExecutor.executeKeywordForPlatform(KeywordExecutor.groovy:74)
	at com.kms.katalon.core.keyword.BuiltinKeywords.callTestCase(BuiltinKeywords.groovy:310)
	at jdk.internal.reflect.GeneratedMethodAccessor27.invoke(Unknown Source)
	at java.base/jdk.internal.reflect.DelegatingMethodAccessorImpl.invoke(DelegatingMethodAccessorImpl.java:43)
	at Script1732656886348.run(Script1732656886348.groovy:368)
	... 15 more
)

27-02-2025T17:38:56 - [MESSAGE][WARNING] - Test object with id 'Object Repository/Journey Partner Profile/Dashboard/a_My Profile' does not exist

27-02-2025T17:38:56 - [MESSAGE][WARNING] - Test object with id 'Object Repository/' does not exist

27-02-2025T17:38:56 - [MESSAGE][WARNING] - Unable to verify object is present (Root cause: com.kms.katalon.core.exception.StepFailedException: Unable to verify object is present
	at com.kms.katalon.core.webui.keyword.internal.WebUIKeywordMain.stepFailed(WebUIKeywordMain.groovy:117)
	at com.kms.katalon.core.webui.keyword.internal.WebUIKeywordMain.runKeyword(WebUIKeywordMain.groovy:43)
	at com.kms.katalon.core.webui.keyword.builtin.VerifyElementPresentKeyword.verifyElementPresent(VerifyElementPresentKeyword.groovy:92)
	at com.kms.katalon.core.webui.keyword.builtin.VerifyElementPresentKeyword.execute(VerifyElementPresentKeyword.groovy:68)
	at com.kms.katalon.core.keyword.internal.KeywordExecutor.executeKeywordForPlatform(KeywordExecutor.groovy:74)
	at com.kms.katalon.core.webui.keyword.WebUiBuiltInKeywords.verifyElementPresent(WebUiBuiltInKeywords.groovy:1487)
	at Complete Journey Partner Profile.run(Complete Journey Partner Profile:87)
	at com.kms.katalon.core.main.ScriptEngine.run(ScriptEngine.java:194)
	at com.kms.katalon.core.main.ScriptEngine.runScriptAsRawText(ScriptEngine.java:119)
	at com.kms.katalon.core.main.TestCaseExecutor.runScript(TestCaseExecutor.java:448)
	at com.kms.katalon.core.main.TestCaseExecutor.doExecute(TestCaseExecutor.java:439)
	at com.kms.katalon.core.main.TestCaseExecutor.processExecutionPhase(TestCaseExecutor.java:418)
	at com.kms.katalon.core.main.TestCaseExecutor.accessMainPhase(TestCaseExecutor.java:410)
	at com.kms.katalon.core.main.TestCaseExecutor.execute(TestCaseExecutor.java:285)
	at com.kms.katalon.core.main.TestCaseMain.runTestCase(TestCaseMain.java:137)
	at com.kms.katalon.core.keyword.builtin.CallTestCaseKeyword$_callTestCase_closure1.doCall(CallTestCaseKeyword.groovy:59)
	at com.kms.katalon.core.keyword.builtin.CallTestCaseKeyword$_callTestCase_closure1.call(CallTestCaseKeyword.groovy)
	at com.kms.katalon.core.keyword.internal.KeywordMain.runKeyword(KeywordMain.groovy:75)
	at com.kms.katalon.core.keyword.builtin.CallTestCaseKeyword.callTestCase(CallTestCaseKeyword.groovy:81)
	at com.kms.katalon.core.keyword.builtin.CallTestCaseKeyword.execute(CallTestCaseKeyword.groovy:44)
	at com.kms.katalon.core.keyword.internal.KeywordExecutor.executeKeywordForPlatform(KeywordExecutor.groovy:74)
	at com.kms.katalon.core.keyword.BuiltinKeywords.callTestCase(BuiltinKeywords.groovy:310)
	at jdk.internal.reflect.GeneratedMethodAccessor27.invoke(Unknown Source)
	at java.base/jdk.internal.reflect.DelegatingMethodAccessorImpl.invoke(DelegatingMethodAccessorImpl.java:43)
	at Register Journey Partner.run(Register Journey Partner:368)
	at com.kms.katalon.core.main.ScriptEngine.run(ScriptEngine.java:194)
	at com.kms.katalon.core.main.ScriptEngine.runScriptAsRawText(ScriptEngine.java:119)
	at com.kms.katalon.core.main.TestCaseExecutor.runScript(TestCaseExecutor.java:448)
	at com.kms.katalon.core.main.TestCaseExecutor.doExecute(TestCaseExecutor.java:439)
	at com.kms.katalon.core.main.TestCaseExecutor.processExecutionPhase(TestCaseExecutor.java:418)
	at com.kms.katalon.core.main.TestCaseExecutor.accessMainPhase(TestCaseExecutor.java:410)
	at com.kms.katalon.core.main.TestCaseExecutor.execute(TestCaseExecutor.java:285)
	at com.kms.katalon.core.common.CommonExecutor.accessTestCaseMainPhase(CommonExecutor.java:65)
	at com.kms.katalon.core.main.TestSuiteExecutor.accessTestSuiteMainPhase(TestSuiteExecutor.java:150)
	at com.kms.katalon.core.main.TestSuiteExecutor.execute(TestSuiteExecutor.java:106)
	at com.kms.katalon.core.main.TestCaseMain.startTestSuite(TestCaseMain.java:180)
	at TempTestSuite1740698296994.run(TempTestSuite1740698296994.groovy:35)
	at java.base/jdk.internal.reflect.NativeMethodAccessorImpl.invoke0(Native Method)
	at java.base/jdk.internal.reflect.NativeMethodAccessorImpl.invoke(NativeMethodAccessorImpl.java:77)
	at java.base/jdk.internal.reflect.DelegatingMethodAccessorImpl.invoke(DelegatingMethodAccessorImpl.java:43)
Caused by: java.lang.IllegalArgumentException: Object is null
	at com.kms.katalon.core.helper.KeywordHelper.checkTestObjectParameter(KeywordHelper.java:33)
	at com.kms.katalon.core.webui.keyword.builtin.VerifyElementPresentKeyword$_verifyElementPresent_closure1.doCall(VerifyElementPresentKeyword.groovy:76)
	at com.kms.katalon.core.webui.keyword.builtin.VerifyElementPresentKeyword$_verifyElementPresent_closure1.call(VerifyElementPresentKeyword.groovy)
	at com.kms.katalon.core.webui.keyword.internal.WebUIKeywordMain.runKeyword(WebUIKeywordMain.groovy:35)
	at com.kms.katalon.core.webui.keyword.builtin.VerifyElementPresentKeyword.verifyElementPresent(VerifyElementPresentKeyword.groovy:92)
	at com.kms.katalon.core.webui.keyword.builtin.VerifyElementPresentKeyword.execute(VerifyElementPresentKeyword.groovy:68)
	at com.kms.katalon.core.keyword.internal.KeywordExecutor.executeKeywordForPlatform(KeywordExecutor.groovy:74)
	at com.kms.katalon.core.webui.keyword.WebUiBuiltInKeywords.verifyElementPresent(WebUiBuiltInKeywords.groovy:1487)
	at Script1736481870666.run(Script1736481870666.groovy:87)
	at com.kms.katalon.core.main.ScriptEngine.run(ScriptEngine.java:194)
	at com.kms.katalon.core.main.ScriptEngine.runScriptAsRawText(ScriptEngine.java:119)
	at com.kms.katalon.core.main.TestCaseExecutor.runScript(TestCaseExecutor.java:448)
	at com.kms.katalon.core.main.TestCaseExecutor.doExecute(TestCaseExecutor.java:439)
	at com.kms.katalon.core.main.TestCaseExecutor.processExecutionPhase(TestCaseExecutor.java:418)
	at com.kms.katalon.core.main.TestCaseExecutor.accessMainPhase(TestCaseExecutor.java:410)
	at com.kms.katalon.core.main.TestCaseExecutor.execute(TestCaseExecutor.java:285)
	at com.kms.katalon.core.main.TestCaseMain.runTestCase(TestCaseMain.java:137)
	at com.kms.katalon.core.keyword.builtin.CallTestCaseKeyword$_callTestCase_closure1.doCall(CallTestCaseKeyword.groovy:59)
	at com.kms.katalon.core.keyword.builtin.CallTestCaseKeyword$_callTestCase_closure1.call(CallTestCaseKeyword.groovy)
	at com.kms.katalon.core.keyword.internal.KeywordMain.runKeyword(KeywordMain.groovy:75)
	at com.kms.katalon.core.keyword.builtin.CallTestCaseKeyword.callTestCase(CallTestCaseKeyword.groovy:81)
	at com.kms.katalon.core.keyword.builtin.CallTestCaseKeyword.execute(CallTestCaseKeyword.groovy:44)
	at com.kms.katalon.core.keyword.internal.KeywordExecutor.executeKeywordForPlatform(KeywordExecutor.groovy:74)
	at com.kms.katalon.core.keyword.BuiltinKeywords.callTestCase(BuiltinKeywords.groovy:310)
	at jdk.internal.reflect.GeneratedMethodAccessor27.invoke(Unknown Source)
	at java.base/jdk.internal.reflect.DelegatingMethodAccessorImpl.invoke(DelegatingMethodAccessorImpl.java:43)
	at Script1732656886348.run(Script1732656886348.groovy:368)
	... 15 more
)
[[ATTACHMENT|/Users/cckozie/git/MissionNext-Katalon-Koz/Reports/20250227_171809/Journey Partner Profile Test Suite/20250227_171816/1740699536669.png]]

27-02-2025T17:38:56 - [TEST_STEP][PASSED] - if (dashboard): null

27-02-2025T17:38:56 - [TEST_STEP][PASSED] - if (pages.size() == 0 || "All" in pages || "Contact Info" in pages): Call Test Case 'Test Cases/Journey Partner Profile/Tabs/Set Contact Info' successfully

27-02-2025T17:38:56 - [TEST_STEP][PASSED] - key_contact_phone = "952-442-1703": null

27-02-2025T17:38:56 - [TEST_STEP][PASSED] - organization_phone = "612-209-9611": null

27-02-2025T17:38:56 - [TEST_STEP][PASSED] - organization_city = "Waconia": null

27-02-2025T17:38:56 - [TEST_STEP][PASSED] - province_state_region = "Minnesota": null

27-02-2025T17:38:56 - [TEST_STEP][PASSED] - country = "United States": null

27-02-2025T17:38:56 - [TEST_STEP][PASSED] - callTestCase(findTestCase("Journey Partner Profile/Tabs/Set Contact Info"), ["varKey_contact_phone":key_contact_phone, "varOrganization_phone":organization_phone, "varOrganization_city":organization_city, ... ], STOP_ON_FAILURE): Call Test Case 'Test Cases/Journey Partner Profile/Tabs/Set Contact Info' successfully

27-02-2025T17:38:56 - [TEST_CASE][PASSED] - Test Cases/Journey Partner Profile/Tabs/Set Contact Info: Test Cases/Journey Partner Profile/Tabs/Set Contact Info

27-02-2025T17:38:57 - [TEST_STEP][PASSED] - username = username: null

27-02-2025T17:38:57 - [TEST_STEP][PASSED] - if (username != "cktest07jp" && username != "cktest02jp"): null

27-02-2025T17:38:57 - [TEST_STEP][PASSED] - domain = domain: null

27-02-2025T17:38:57 - [TEST_STEP][PASSED] - writeFile = false: null

27-02-2025T17:38:57 - [TEST_STEP][PASSED] - testName = "Journey Partner Contact Info Tab": null

27-02-2025T17:38:57 - [TEST_STEP][PASSED] - outFile = callTestCase(findTestCase("_Functions/Set Output File"), ["varTestName":testName], STOP_ON_FAILURE): Call Test Case 'Test Cases/_Functions/Set Output File' successfully

27-02-2025T17:38:57 - [TEST_CASE][PASSED] - Test Cases/_Functions/Set Output File: Test Cases/_Functions/Set Output File

27-02-2025T17:38:57 - [TEST_STEP][PASSED] - testName = varTestName: null

27-02-2025T17:38:57 - [TEST_STEP][PASSED] - domain = domain: null

27-02-2025T17:38:57 - [TEST_STEP][PASSED] - writeFile = false: null

27-02-2025T17:38:57 - [TEST_STEP][PASSED] - if (outFile != ""): null

27-02-2025T17:38:57 - [TEST_STEP][PASSED] - myFile = outFile: null

27-02-2025T17:38:57 - [TEST_STEP][PASSED] - println(myFile): null

27-02-2025T17:38:57 - [TEST_STEP][PASSED] - outFile = new java.io.File(myFile): null

27-02-2025T17:38:57 - [TEST_STEP][PASSED] - writeFile = true: null

27-02-2025T17:38:57 - [TEST_STEP][PASSED] - if (!(writeFile)): null

27-02-2025T17:38:57 - [TEST_STEP][PASSED] - else: null

27-02-2025T17:38:57 - [TEST_STEP][PASSED] - outFile.append("
Testing " + testName + " on " + domain + ".
"): null

27-02-2025T17:38:57 - [TEST_STEP][PASSED] - return outFile: null

27-02-2025T17:38:57 - [MESSAGE][PASSED] - Call Test Case 'Test Cases/_Functions/Set Output File' successfully

27-02-2025T17:38:57 - [TEST_STEP][PASSED] - tooltipImagePath = "/Users/cckozie/git/MissionNext-Katalon-Koz/images/journey partner/": null

27-02-2025T17:38:57 - [TEST_STEP][PASSED] - testObjectFolder = "Journey partner Profile/Tabs/Contact Info/": null

27-02-2025T17:38:57 - [TEST_STEP][PASSED] - tooltips = ["dummy":"dummy", "Organization":"img_Organization_field-tooltip", "Abbreviation":"img_Abbreviation_field-tooltip", "PostZip Code":"img_PostZip Code_field-tooltip", ... ]: null

27-02-2025T17:38:57 - [TEST_STEP][PASSED] - tooltipText = ["Organization":"Name of your Organization.(Shorten, if too long to fit in field)", "Abbreviation":"Generally, the first initials of your organization name; this is used in some displays.", ... ]: null

27-02-2025T17:38:57 - [TEST_STEP][PASSED] - requiredFieldMsgs = ["Organization Phone":"The agency phone field is required."]: null

27-02-2025T17:38:57 - [TEST_STEP][PASSED] - pageLinks = [:]: null

27-02-2025T17:38:57 - [TEST_STEP][PASSED] - click(findTestObject("Journey Partner Profile/Tabs/a_Contact Info")): Object: 'Object Repository/Journey Partner Profile/Tabs/a_Contact Info' is clicked on

27-02-2025T17:38:57 - [MESSAGE][PASSED] - Object: 'Object Repository/Journey Partner Profile/Tabs/a_Contact Info' is clicked on

27-02-2025T17:38:57 - [TEST_STEP][PASSED] - tooltipTextMap = callTestCase(findTestCase("_Functions/Get Screenshot and Tooltip Text"), ["varExtension":testName], STOP_ON_FAILURE): Call Test Case 'Test Cases/_Functions/Get Screenshot and Tooltip Text' successfully

27-02-2025T17:38:57 - [TEST_CASE][PASSED] - Test Cases/_Functions/Get Screenshot and Tooltip Text: Test Cases/_Functions/Get Screenshot and Tooltip Text

27-02-2025T17:38:57 - [TEST_STEP][PASSED] - if (fastPath): null

27-02-2025T17:38:57 - [TEST_STEP][PASSED] - frame = new javax.swing.JFrame(): null

27-02-2025T17:38:57 - [TEST_STEP][PASSED] - p = new javax.swing.JPanel(): null

27-02-2025T17:38:57 - [TEST_STEP][PASSED] - l = new javax.swing.JLabel(Getting screenshot and tooltip text..., javax.swing.SwingConstants.CENTER): null

27-02-2025T17:38:57 - [TEST_STEP][PASSED] - frame.add(l): null

27-02-2025T17:38:57 - [TEST_STEP][PASSED] - frame.setSize(300, 100): null

27-02-2025T17:38:57 - [TEST_STEP][PASSED] - frame.setLocation(600, 0): null

27-02-2025T17:38:57 - [TEST_STEP][PASSED] - frame.setAlwaysOnTop(true): null

27-02-2025T17:38:57 - [TEST_STEP][PASSED] - frame.show(): null

27-02-2025T17:38:57 - [TEST_STEP][PASSED] - driver = getWebDriver(): null

27-02-2025T17:38:57 - [TEST_STEP][PASSED] - path = "/Users/cckozie/Documents/MissionNext/Screenshots and Tooltip Text/": null

27-02-2025T17:38:57 - [TEST_STEP][PASSED] - if (binding.hasVariable("varExtension")): null

27-02-2025T17:38:57 - [TEST_STEP][PASSED] - extension = varExtension: null

27-02-2025T17:38:57 - [TEST_STEP][PASSED] - println("Extension is " + extension): null

27-02-2025T17:38:57 - [TEST_STEP][PASSED] - fileBase = path + extension: null

27-02-2025T17:38:57 - [TEST_STEP][PASSED] - fileImage = fileBase + "_Screenshot.png": null

27-02-2025T17:38:57 - [TEST_STEP][PASSED] - waitForPageLoad(30): Wait for page load successfully

27-02-2025T17:38:57 - [MESSAGE][PASSED] - Wait for page load successfully

27-02-2025T17:38:57 - [TEST_STEP][PASSED] - spinner = driver.findElement(By.xpath("/html/body/div[1]/div/div[2]")): null

27-02-2025T17:38:57 - [TEST_STEP][PASSED] - executor = driver: null

27-02-2025T17:38:57 - [TEST_STEP][PASSED] - elementAttributes = executor.executeScript("var items = {}; for (index = 0; index < arguments[0].attributes.length; ++index) { items[arguments[0].attributes[index].name] = arguments[0].attributes[index].value }; return items;", spinner): null

27-02-2025T17:38:57 - [TEST_STEP][PASSED] - attrs = elementAttributes.toString(): null

27-02-2025T17:38:57 - [TEST_STEP][PASSED] - waits = 0: null

27-02-2025T17:38:57 - [TEST_STEP][PASSED] - while (attrs.indexOf("display: none") < 0 && waits < 2): null

27-02-2025T17:38:57 - [TEST_STEP][PASSED] - delay(1): Delayed 1 second(s)

27-02-2025T17:38:58 - [MESSAGE][PASSED] - Delayed 1 second(s)

27-02-2025T17:38:58 - [TEST_STEP][PASSED] - attrs = elementAttributes.toString(): null

27-02-2025T17:38:58 - [TEST_STEP][PASSED] - (waits++): null

27-02-2025T17:38:58 - [TEST_STEP][PASSED] - delay(1): Delayed 1 second(s)

27-02-2025T17:38:59 - [MESSAGE][PASSED] - Delayed 1 second(s)

27-02-2025T17:38:59 - [TEST_STEP][PASSED] - attrs = elementAttributes.toString(): null

27-02-2025T17:38:59 - [TEST_STEP][PASSED] - (waits++): null

27-02-2025T17:38:59 - [TEST_STEP][PASSED] - tooltipMap = callTestCase(findTestCase("_Functions/Get Tooltip Text"), [:], STOP_ON_FAILURE): Call Test Case 'Test Cases/_Functions/Get Tooltip Text' successfully

27-02-2025T17:38:59 - [TEST_CASE][PASSED] - Test Cases/_Functions/Get Tooltip Text: Test Cases/_Functions/Get Tooltip Text

27-02-2025T17:38:59 - [TEST_STEP][PASSED] - fieldTooltips = [:]: null

27-02-2025T17:38:59 - [TEST_STEP][PASSED] - tooltipMap = [:]: null

27-02-2025T17:38:59 - [TEST_STEP][PASSED] - driver = getWebDriver(): null

27-02-2025T17:38:59 - [TEST_STEP][PASSED] - tooltips = driver.findElements(By.className("field-tooltip")): null

27-02-2025T17:38:59 - [TEST_STEP][PASSED] - for (def it : tooltips): null

27-02-2025T17:38:59 - [TEST_STEP][PASSED] - if (it.isDisplayed()): null

27-02-2025T17:38:59 - [TEST_STEP][PASSED] - ttText = it.getAttribute("data-original-title"): null

27-02-2025T17:38:59 - [TEST_STEP][PASSED] - ttLocation = it.getLocation(): null

27-02-2025T17:38:59 - [TEST_STEP][PASSED] - yLocation = ttLocation.getY(): null

27-02-2025T17:38:59 - [TEST_STEP][PASSED] - xLocation = ttLocation.getX(): null

27-02-2025T17:38:59 - [TEST_STEP][PASSED] - fieldTooltips.put(ttText, yLocation): null

27-02-2025T17:38:59 - [TEST_STEP][PASSED] - if (it.isDisplayed()): null

27-02-2025T17:38:59 - [TEST_STEP][PASSED] - ttText = it.getAttribute("data-original-title"): null

27-02-2025T17:38:59 - [TEST_STEP][PASSED] - ttLocation = it.getLocation(): null

27-02-2025T17:38:59 - [TEST_STEP][PASSED] - yLocation = ttLocation.getY(): null

27-02-2025T17:38:59 - [TEST_STEP][PASSED] - xLocation = ttLocation.getX(): null

27-02-2025T17:38:59 - [TEST_STEP][PASSED] - fieldTooltips.put(ttText, yLocation): null

27-02-2025T17:38:59 - [TEST_STEP][PASSED] - if (it.isDisplayed()): null

27-02-2025T17:38:59 - [TEST_STEP][PASSED] - ttText = it.getAttribute("data-original-title"): null

27-02-2025T17:38:59 - [TEST_STEP][PASSED] - ttLocation = it.getLocation(): null

27-02-2025T17:38:59 - [TEST_STEP][PASSED] - yLocation = ttLocation.getY(): null

27-02-2025T17:38:59 - [TEST_STEP][PASSED] - xLocation = ttLocation.getX(): null

27-02-2025T17:38:59 - [TEST_STEP][PASSED] - fieldTooltips.put(ttText, yLocation): null

27-02-2025T17:38:59 - [TEST_STEP][PASSED] - if (it.isDisplayed()): null

27-02-2025T17:38:59 - [TEST_STEP][PASSED] - ttText = it.getAttribute("data-original-title"): null

27-02-2025T17:38:59 - [TEST_STEP][PASSED] - ttLocation = it.getLocation(): null

27-02-2025T17:38:59 - [TEST_STEP][PASSED] - yLocation = ttLocation.getY(): null

27-02-2025T17:38:59 - [TEST_STEP][PASSED] - xLocation = ttLocation.getX(): null

27-02-2025T17:38:59 - [TEST_STEP][PASSED] - fieldTooltips.put(ttText, yLocation): null

27-02-2025T17:38:59 - [TEST_STEP][PASSED] - if (it.isDisplayed()): null

27-02-2025T17:38:59 - [TEST_STEP][PASSED] - ttText = it.getAttribute("data-original-title"): null

27-02-2025T17:38:59 - [TEST_STEP][PASSED] - ttLocation = it.getLocation(): null

27-02-2025T17:38:59 - [TEST_STEP][PASSED] - yLocation = ttLocation.getY(): null

27-02-2025T17:38:59 - [TEST_STEP][PASSED] - xLocation = ttLocation.getX(): null

27-02-2025T17:38:59 - [TEST_STEP][PASSED] - fieldTooltips.put(ttText, yLocation): null

27-02-2025T17:38:59 - [TEST_STEP][PASSED] - if (it.isDisplayed()): null

27-02-2025T17:38:59 - [TEST_STEP][PASSED] - ttText = it.getAttribute("data-original-title"): null

27-02-2025T17:38:59 - [TEST_STEP][PASSED] - ttLocation = it.getLocation(): null

27-02-2025T17:38:59 - [TEST_STEP][PASSED] - yLocation = ttLocation.getY(): null

27-02-2025T17:38:59 - [TEST_STEP][PASSED] - xLocation = ttLocation.getX(): null

27-02-2025T17:38:59 - [TEST_STEP][PASSED] - fieldTooltips.put(ttText, yLocation): null

27-02-2025T17:38:59 - [TEST_STEP][PASSED] - if (it.isDisplayed()): null

27-02-2025T17:38:59 - [TEST_STEP][PASSED] - ttText = it.getAttribute("data-original-title"): null

27-02-2025T17:38:59 - [TEST_STEP][PASSED] - ttLocation = it.getLocation(): null

27-02-2025T17:38:59 - [TEST_STEP][PASSED] - yLocation = ttLocation.getY(): null

27-02-2025T17:38:59 - [TEST_STEP][PASSED] - xLocation = ttLocation.getX(): null

27-02-2025T17:38:59 - [TEST_STEP][PASSED] - fieldTooltips.put(ttText, yLocation): null

27-02-2025T17:38:59 - [TEST_STEP][PASSED] - if (it.isDisplayed()): null

27-02-2025T17:38:59 - [TEST_STEP][PASSED] - ttText = it.getAttribute("data-original-title"): null

27-02-2025T17:38:59 - [TEST_STEP][PASSED] - ttLocation = it.getLocation(): null

27-02-2025T17:38:59 - [TEST_STEP][PASSED] - yLocation = ttLocation.getY(): null

27-02-2025T17:38:59 - [TEST_STEP][PASSED] - xLocation = ttLocation.getX(): null

27-02-2025T17:38:59 - [TEST_STEP][PASSED] - fieldTooltips.put(ttText, yLocation): null

27-02-2025T17:38:59 - [TEST_STEP][PASSED] - if (it.isDisplayed()): null

27-02-2025T17:38:59 - [TEST_STEP][PASSED] - if (it.isDisplayed()): null

27-02-2025T17:38:59 - [TEST_STEP][PASSED] - if (it.isDisplayed()): null

27-02-2025T17:38:59 - [TEST_STEP][PASSED] - if (it.isDisplayed()): null

27-02-2025T17:38:59 - [TEST_STEP][PASSED] - if (it.isDisplayed()): null

27-02-2025T17:38:59 - [TEST_STEP][PASSED] - if (it.isDisplayed()): null

27-02-2025T17:38:59 - [TEST_STEP][PASSED] - if (it.isDisplayed()): null

27-02-2025T17:38:59 - [TEST_STEP][PASSED] - if (it.isDisplayed()): null

27-02-2025T17:38:59 - [TEST_STEP][PASSED] - if (it.isDisplayed()): null

27-02-2025T17:38:59 - [TEST_STEP][PASSED] - if (it.isDisplayed()): null

27-02-2025T17:38:59 - [TEST_STEP][PASSED] - if (it.isDisplayed()): null

27-02-2025T17:38:59 - [TEST_STEP][PASSED] - if (it.isDisplayed()): null

27-02-2025T17:38:59 - [TEST_STEP][PASSED] - if (it.isDisplayed()): null

27-02-2025T17:38:59 - [TEST_STEP][PASSED] - if (it.isDisplayed()): null

27-02-2025T17:38:59 - [TEST_STEP][PASSED] - if (it.isDisplayed()): null

27-02-2025T17:38:59 - [TEST_STEP][PASSED] - if (it.isDisplayed()): null

27-02-2025T17:38:59 - [TEST_STEP][PASSED] - if (it.isDisplayed()): null

27-02-2025T17:38:59 - [TEST_STEP][PASSED] - if (it.isDisplayed()): null

27-02-2025T17:38:59 - [TEST_STEP][PASSED] - if (it.isDisplayed()): null

27-02-2025T17:38:59 - [TEST_STEP][PASSED] - if (it.isDisplayed()): null

27-02-2025T17:38:59 - [TEST_STEP][PASSED] - if (it.isDisplayed()): null

27-02-2025T17:38:59 - [TEST_STEP][PASSED] - if (it.isDisplayed()): null

27-02-2025T17:38:59 - [TEST_STEP][PASSED] - if (it.isDisplayed()): null

27-02-2025T17:38:59 - [TEST_STEP][PASSED] - if (it.isDisplayed()): null

27-02-2025T17:38:59 - [TEST_STEP][PASSED] - if (it.isDisplayed()): null

27-02-2025T17:38:59 - [TEST_STEP][PASSED] - if (it.isDisplayed()): null

27-02-2025T17:38:59 - [TEST_STEP][PASSED] - if (it.isDisplayed()): null

27-02-2025T17:38:59 - [TEST_STEP][PASSED] - if (it.isDisplayed()): null

27-02-2025T17:38:59 - [TEST_STEP][PASSED] - if (it.isDisplayed()): null

27-02-2025T17:38:59 - [TEST_STEP][PASSED] - if (fieldTooltips.size() > 0): null

27-02-2025T17:38:59 - [TEST_STEP][PASSED] - rightBorder = xLocation: null

27-02-2025T17:38:59 - [TEST_STEP][PASSED] - fieldLabels = [:]: null

27-02-2025T17:38:59 - [TEST_STEP][PASSED] - labels = driver.findElements(By.xpath("//label")): null

27-02-2025T17:38:59 - [TEST_STEP][PASSED] - labels.each({ -> ... }): null

27-02-2025T17:39:02 - [TEST_STEP][PASSED] - for (def label : fieldLabels): null

27-02-2025T17:39:02 - [TEST_STEP][PASSED] - y = value: null

27-02-2025T17:39:02 - [TEST_STEP][PASSED] - for (def tooltip : fieldTooltips): null

27-02-2025T17:39:02 - [TEST_STEP][PASSED] - if (value == y || value == y + 1 || value == y - 1): null

27-02-2025T17:39:02 - [TEST_STEP][PASSED] - tooltipMap.put(key, key): null

27-02-2025T17:39:02 - [TEST_STEP][PASSED] - break: null

27-02-2025T17:39:02 - [TEST_STEP][PASSED] - y = value: null

27-02-2025T17:39:02 - [TEST_STEP][PASSED] - for (def tooltip : fieldTooltips): null

27-02-2025T17:39:02 - [TEST_STEP][PASSED] - if (value == y || value == y + 1 || value == y - 1): null

27-02-2025T17:39:02 - [TEST_STEP][PASSED] - if (value == y || value == y + 1 || value == y - 1): null

27-02-2025T17:39:02 - [TEST_STEP][PASSED] - tooltipMap.put(key, key): null

27-02-2025T17:39:02 - [TEST_STEP][PASSED] - break: null

27-02-2025T17:39:02 - [TEST_STEP][PASSED] - y = value: null

27-02-2025T17:39:02 - [TEST_STEP][PASSED] - for (def tooltip : fieldTooltips): null

27-02-2025T17:39:02 - [TEST_STEP][PASSED] - if (value == y || value == y + 1 || value == y - 1): null

27-02-2025T17:39:02 - [TEST_STEP][PASSED] - if (value == y || value == y + 1 || value == y - 1): null

27-02-2025T17:39:02 - [TEST_STEP][PASSED] - if (value == y || value == y + 1 || value == y - 1): null

27-02-2025T17:39:02 - [TEST_STEP][PASSED] - tooltipMap.put(key, key): null

27-02-2025T17:39:02 - [TEST_STEP][PASSED] - break: null

27-02-2025T17:39:02 - [TEST_STEP][PASSED] - y = value: null

27-02-2025T17:39:02 - [TEST_STEP][PASSED] - for (def tooltip : fieldTooltips): null

27-02-2025T17:39:02 - [TEST_STEP][PASSED] - if (value == y || value == y + 1 || value == y - 1): null

27-02-2025T17:39:02 - [TEST_STEP][PASSED] - if (value == y || value == y + 1 || value == y - 1): null

27-02-2025T17:39:02 - [TEST_STEP][PASSED] - if (value == y || value == y + 1 || value == y - 1): null

27-02-2025T17:39:02 - [TEST_STEP][PASSED] - if (value == y || value == y + 1 || value == y - 1): null

27-02-2025T17:39:02 - [TEST_STEP][PASSED] - if (value == y || value == y + 1 || value == y - 1): null

27-02-2025T17:39:02 - [TEST_STEP][PASSED] - if (value == y || value == y + 1 || value == y - 1): null

27-02-2025T17:39:02 - [TEST_STEP][PASSED] - if (value == y || value == y + 1 || value == y - 1): null

27-02-2025T17:39:02 - [TEST_STEP][PASSED] - if (value == y || value == y + 1 || value == y - 1): null

27-02-2025T17:39:02 - [TEST_STEP][PASSED] - y = value: null

27-02-2025T17:39:02 - [TEST_STEP][PASSED] - for (def tooltip : fieldTooltips): null

27-02-2025T17:39:02 - [TEST_STEP][PASSED] - if (value == y || value == y + 1 || value == y - 1): null

27-02-2025T17:39:02 - [TEST_STEP][PASSED] - if (value == y || value == y + 1 || value == y - 1): null

27-02-2025T17:39:02 - [TEST_STEP][PASSED] - if (value == y || value == y + 1 || value == y - 1): null

27-02-2025T17:39:02 - [TEST_STEP][PASSED] - if (value == y || value == y + 1 || value == y - 1): null

27-02-2025T17:39:02 - [TEST_STEP][PASSED] - tooltipMap.put(key, key): null

27-02-2025T17:39:02 - [TEST_STEP][PASSED] - break: null

27-02-2025T17:39:02 - [TEST_STEP][PASSED] - y = value: null

27-02-2025T17:39:02 - [TEST_STEP][PASSED] - for (def tooltip : fieldTooltips): null

27-02-2025T17:39:02 - [TEST_STEP][PASSED] - if (value == y || value == y + 1 || value == y - 1): null

27-02-2025T17:39:02 - [TEST_STEP][PASSED] - if (value == y || value == y + 1 || value == y - 1): null

27-02-2025T17:39:02 - [TEST_STEP][PASSED] - if (value == y || value == y + 1 || value == y - 1): null

27-02-2025T17:39:02 - [TEST_STEP][PASSED] - if (value == y || value == y + 1 || value == y - 1): null

27-02-2025T17:39:02 - [TEST_STEP][PASSED] - if (value == y || value == y + 1 || value == y - 1): null

27-02-2025T17:39:02 - [TEST_STEP][PASSED] - if (value == y || value == y + 1 || value == y - 1): null

27-02-2025T17:39:02 - [TEST_STEP][PASSED] - if (value == y || value == y + 1 || value == y - 1): null

27-02-2025T17:39:02 - [TEST_STEP][PASSED] - if (value == y || value == y + 1 || value == y - 1): null

27-02-2025T17:39:02 - [TEST_STEP][PASSED] - y = value: null

27-02-2025T17:39:02 - [TEST_STEP][PASSED] - for (def tooltip : fieldTooltips): null

27-02-2025T17:39:02 - [TEST_STEP][PASSED] - if (value == y || value == y + 1 || value == y - 1): null

27-02-2025T17:39:02 - [TEST_STEP][PASSED] - if (value == y || value == y + 1 || value == y - 1): null

27-02-2025T17:39:02 - [TEST_STEP][PASSED] - if (value == y || value == y + 1 || value == y - 1): null

27-02-2025T17:39:02 - [TEST_STEP][PASSED] - if (value == y || value == y + 1 || value == y - 1): null

27-02-2025T17:39:02 - [TEST_STEP][PASSED] - if (value == y || value == y + 1 || value == y - 1): null

27-02-2025T17:39:02 - [TEST_STEP][PASSED] - if (value == y || value == y + 1 || value == y - 1): null

27-02-2025T17:39:02 - [TEST_STEP][PASSED] - if (value == y || value == y + 1 || value == y - 1): null

27-02-2025T17:39:02 - [TEST_STEP][PASSED] - if (value == y || value == y + 1 || value == y - 1): null

27-02-2025T17:39:02 - [TEST_STEP][PASSED] - y = value: null

27-02-2025T17:39:02 - [TEST_STEP][PASSED] - for (def tooltip : fieldTooltips): null

27-02-2025T17:39:02 - [TEST_STEP][PASSED] - if (value == y || value == y + 1 || value == y - 1): null

27-02-2025T17:39:02 - [TEST_STEP][PASSED] - if (value == y || value == y + 1 || value == y - 1): null

27-02-2025T17:39:02 - [TEST_STEP][PASSED] - if (value == y || value == y + 1 || value == y - 1): null

27-02-2025T17:39:02 - [TEST_STEP][PASSED] - if (value == y || value == y + 1 || value == y - 1): null

27-02-2025T17:39:02 - [TEST_STEP][PASSED] - if (value == y || value == y + 1 || value == y - 1): null

27-02-2025T17:39:02 - [TEST_STEP][PASSED] - tooltipMap.put(key, key): null

27-02-2025T17:39:02 - [TEST_STEP][PASSED] - break: null

27-02-2025T17:39:02 - [TEST_STEP][PASSED] - y = value: null

27-02-2025T17:39:02 - [TEST_STEP][PASSED] - for (def tooltip : fieldTooltips): null

27-02-2025T17:39:02 - [TEST_STEP][PASSED] - if (value == y || value == y + 1 || value == y - 1): null

27-02-2025T17:39:02 - [TEST_STEP][PASSED] - if (value == y || value == y + 1 || value == y - 1): null

27-02-2025T17:39:02 - [TEST_STEP][PASSED] - if (value == y || value == y + 1 || value == y - 1): null

27-02-2025T17:39:02 - [TEST_STEP][PASSED] - if (value == y || value == y + 1 || value == y - 1): null

27-02-2025T17:39:02 - [TEST_STEP][PASSED] - if (value == y || value == y + 1 || value == y - 1): null

27-02-2025T17:39:02 - [TEST_STEP][PASSED] - if (value == y || value == y + 1 || value == y - 1): null

27-02-2025T17:39:02 - [TEST_STEP][PASSED] - if (value == y || value == y + 1 || value == y - 1): null

27-02-2025T17:39:02 - [TEST_STEP][PASSED] - if (value == y || value == y + 1 || value == y - 1): null

27-02-2025T17:39:02 - [TEST_STEP][PASSED] - y = value: null

27-02-2025T17:39:02 - [TEST_STEP][PASSED] - for (def tooltip : fieldTooltips): null

27-02-2025T17:39:02 - [TEST_STEP][PASSED] - if (value == y || value == y + 1 || value == y - 1): null

27-02-2025T17:39:02 - [TEST_STEP][PASSED] - if (value == y || value == y + 1 || value == y - 1): null

27-02-2025T17:39:02 - [TEST_STEP][PASSED] - if (value == y || value == y + 1 || value == y - 1): null

27-02-2025T17:39:02 - [TEST_STEP][PASSED] - if (value == y || value == y + 1 || value == y - 1): null

27-02-2025T17:39:02 - [TEST_STEP][PASSED] - if (value == y || value == y + 1 || value == y - 1): null

27-02-2025T17:39:02 - [TEST_STEP][PASSED] - if (value == y || value == y + 1 || value == y - 1): null

27-02-2025T17:39:02 - [TEST_STEP][PASSED] - if (value == y || value == y + 1 || value == y - 1): null

27-02-2025T17:39:02 - [TEST_STEP][PASSED] - if (value == y || value == y + 1 || value == y - 1): null

27-02-2025T17:39:02 - [TEST_STEP][PASSED] - y = value: null

27-02-2025T17:39:02 - [TEST_STEP][PASSED] - for (def tooltip : fieldTooltips): null

27-02-2025T17:39:02 - [TEST_STEP][PASSED] - if (value == y || value == y + 1 || value == y - 1): null

27-02-2025T17:39:02 - [TEST_STEP][PASSED] - if (value == y || value == y + 1 || value == y - 1): null

27-02-2025T17:39:02 - [TEST_STEP][PASSED] - if (value == y || value == y + 1 || value == y - 1): null

27-02-2025T17:39:02 - [TEST_STEP][PASSED] - if (value == y || value == y + 1 || value == y - 1): null

27-02-2025T17:39:02 - [TEST_STEP][PASSED] - if (value == y || value == y + 1 || value == y - 1): null

27-02-2025T17:39:02 - [TEST_STEP][PASSED] - if (value == y || value == y + 1 || value == y - 1): null

27-02-2025T17:39:02 - [TEST_STEP][PASSED] - if (value == y || value == y + 1 || value == y - 1): null

27-02-2025T17:39:02 - [TEST_STEP][PASSED] - if (value == y || value == y + 1 || value == y - 1): null

27-02-2025T17:39:02 - [TEST_STEP][PASSED] - y = value: null

27-02-2025T17:39:02 - [TEST_STEP][PASSED] - for (def tooltip : fieldTooltips): null

27-02-2025T17:39:02 - [TEST_STEP][PASSED] - if (value == y || value == y + 1 || value == y - 1): null

27-02-2025T17:39:02 - [TEST_STEP][PASSED] - if (value == y || value == y + 1 || value == y - 1): null

27-02-2025T17:39:02 - [TEST_STEP][PASSED] - if (value == y || value == y + 1 || value == y - 1): null

27-02-2025T17:39:02 - [TEST_STEP][PASSED] - if (value == y || value == y + 1 || value == y - 1): null

27-02-2025T17:39:02 - [TEST_STEP][PASSED] - if (value == y || value == y + 1 || value == y - 1): null

27-02-2025T17:39:02 - [TEST_STEP][PASSED] - if (value == y || value == y + 1 || value == y - 1): null

27-02-2025T17:39:02 - [TEST_STEP][PASSED] - if (value == y || value == y + 1 || value == y - 1): null

27-02-2025T17:39:02 - [TEST_STEP][PASSED] - if (value == y || value == y + 1 || value == y - 1): null

27-02-2025T17:39:02 - [TEST_STEP][PASSED] - y = value: null

27-02-2025T17:39:02 - [TEST_STEP][PASSED] - for (def tooltip : fieldTooltips): null

27-02-2025T17:39:02 - [TEST_STEP][PASSED] - if (value == y || value == y + 1 || value == y - 1): null

27-02-2025T17:39:02 - [TEST_STEP][PASSED] - if (value == y || value == y + 1 || value == y - 1): null

27-02-2025T17:39:02 - [TEST_STEP][PASSED] - if (value == y || value == y + 1 || value == y - 1): null

27-02-2025T17:39:02 - [TEST_STEP][PASSED] - if (value == y || value == y + 1 || value == y - 1): null

27-02-2025T17:39:02 - [TEST_STEP][PASSED] - if (value == y || value == y + 1 || value == y - 1): null

27-02-2025T17:39:02 - [TEST_STEP][PASSED] - if (value == y || value == y + 1 || value == y - 1): null

27-02-2025T17:39:02 - [TEST_STEP][PASSED] - tooltipMap.put(key, key): null

27-02-2025T17:39:02 - [TEST_STEP][PASSED] - break: null

27-02-2025T17:39:02 - [TEST_STEP][PASSED] - y = value: null

27-02-2025T17:39:02 - [TEST_STEP][PASSED] - for (def tooltip : fieldTooltips): null

27-02-2025T17:39:02 - [TEST_STEP][PASSED] - if (value == y || value == y + 1 || value == y - 1): null

27-02-2025T17:39:02 - [TEST_STEP][PASSED] - if (value == y || value == y + 1 || value == y - 1): null

27-02-2025T17:39:02 - [TEST_STEP][PASSED] - if (value == y || value == y + 1 || value == y - 1): null

27-02-2025T17:39:02 - [TEST_STEP][PASSED] - if (value == y || value == y + 1 || value == y - 1): null

27-02-2025T17:39:02 - [TEST_STEP][PASSED] - if (value == y || value == y + 1 || value == y - 1): null

27-02-2025T17:39:02 - [TEST_STEP][PASSED] - if (value == y || value == y + 1 || value == y - 1): null

27-02-2025T17:39:02 - [TEST_STEP][PASSED] - if (value == y || value == y + 1 || value == y - 1): null

27-02-2025T17:39:02 - [TEST_STEP][PASSED] - if (value == y || value == y + 1 || value == y - 1): null

27-02-2025T17:39:02 - [TEST_STEP][PASSED] - y = value: null

27-02-2025T17:39:02 - [TEST_STEP][PASSED] - for (def tooltip : fieldTooltips): null

27-02-2025T17:39:02 - [TEST_STEP][PASSED] - if (value == y || value == y + 1 || value == y - 1): null

27-02-2025T17:39:02 - [TEST_STEP][PASSED] - if (value == y || value == y + 1 || value == y - 1): null

27-02-2025T17:39:02 - [TEST_STEP][PASSED] - if (value == y || value == y + 1 || value == y - 1): null

27-02-2025T17:39:02 - [TEST_STEP][PASSED] - if (value == y || value == y + 1 || value == y - 1): null

27-02-2025T17:39:02 - [TEST_STEP][PASSED] - if (value == y || value == y + 1 || value == y - 1): null

27-02-2025T17:39:02 - [TEST_STEP][PASSED] - if (value == y || value == y + 1 || value == y - 1): null

27-02-2025T17:39:02 - [TEST_STEP][PASSED] - if (value == y || value == y + 1 || value == y - 1): null

27-02-2025T17:39:02 - [TEST_STEP][PASSED] - tooltipMap.put(key, key): null

27-02-2025T17:39:02 - [TEST_STEP][PASSED] - break: null

27-02-2025T17:39:02 - [TEST_STEP][PASSED] - y = value: null

27-02-2025T17:39:02 - [TEST_STEP][PASSED] - for (def tooltip : fieldTooltips): null

27-02-2025T17:39:02 - [TEST_STEP][PASSED] - if (value == y || value == y + 1 || value == y - 1): null

27-02-2025T17:39:02 - [TEST_STEP][PASSED] - if (value == y || value == y + 1 || value == y - 1): null

27-02-2025T17:39:02 - [TEST_STEP][PASSED] - if (value == y || value == y + 1 || value == y - 1): null

27-02-2025T17:39:02 - [TEST_STEP][PASSED] - if (value == y || value == y + 1 || value == y - 1): null

27-02-2025T17:39:02 - [TEST_STEP][PASSED] - if (value == y || value == y + 1 || value == y - 1): null

27-02-2025T17:39:02 - [TEST_STEP][PASSED] - if (value == y || value == y + 1 || value == y - 1): null

27-02-2025T17:39:02 - [TEST_STEP][PASSED] - if (value == y || value == y + 1 || value == y - 1): null

27-02-2025T17:39:02 - [TEST_STEP][PASSED] - if (value == y || value == y + 1 || value == y - 1): null

27-02-2025T17:39:02 - [TEST_STEP][PASSED] - tooltipMap.put(key, key): null

27-02-2025T17:39:02 - [TEST_STEP][PASSED] - break: null

27-02-2025T17:39:02 - [TEST_STEP][PASSED] - y = value: null

27-02-2025T17:39:02 - [TEST_STEP][PASSED] - for (def tooltip : fieldTooltips): null

27-02-2025T17:39:02 - [TEST_STEP][PASSED] - if (value == y || value == y + 1 || value == y - 1): null

27-02-2025T17:39:02 - [TEST_STEP][PASSED] - if (value == y || value == y + 1 || value == y - 1): null

27-02-2025T17:39:02 - [TEST_STEP][PASSED] - if (value == y || value == y + 1 || value == y - 1): null

27-02-2025T17:39:02 - [TEST_STEP][PASSED] - if (value == y || value == y + 1 || value == y - 1): null

27-02-2025T17:39:02 - [TEST_STEP][PASSED] - if (value == y || value == y + 1 || value == y - 1): null

27-02-2025T17:39:02 - [TEST_STEP][PASSED] - if (value == y || value == y + 1 || value == y - 1): null

27-02-2025T17:39:02 - [TEST_STEP][PASSED] - if (value == y || value == y + 1 || value == y - 1): null

27-02-2025T17:39:02 - [TEST_STEP][PASSED] - if (value == y || value == y + 1 || value == y - 1): null

27-02-2025T17:39:02 - [TEST_STEP][PASSED] - return tooltipMap: null

27-02-2025T17:39:02 - [MESSAGE][PASSED] - Call Test Case 'Test Cases/_Functions/Get Tooltip Text' successfully

27-02-2025T17:39:02 - [TEST_STEP][PASSED] - if (tooltipMap.size() > 0): null

27-02-2025T17:39:02 - [TEST_STEP][PASSED] - file = fileBase + "_Tooltips.csv": null

27-02-2025T17:39:02 - [TEST_STEP][PASSED] - outText = "FIELD LABEL" + "," + "TOOLTIP TEXT" + "

": null

27-02-2025T17:39:02 - [TEST_STEP][PASSED] - for (def it : tooltipMap): null

27-02-2025T17:39:02 - [TEST_STEP][PASSED] - name = key: null

27-02-2025T17:39:02 - [TEST_STEP][PASSED] - value = value.replace("
", ""): null

27-02-2025T17:39:02 - [TEST_STEP][PASSED] - value = value.trim(): null

27-02-2025T17:39:02 - [TEST_STEP][PASSED] - value = """ + value + """: null

27-02-2025T17:39:02 - [TEST_STEP][PASSED] - outText = outText + name + "," + value: null

27-02-2025T17:39:02 - [TEST_STEP][PASSED] - outText = outText + "
": null

27-02-2025T17:39:02 - [TEST_STEP][PASSED] - println(outText): null

27-02-2025T17:39:02 - [TEST_STEP][PASSED] - name = key: null

27-02-2025T17:39:02 - [TEST_STEP][PASSED] - value = value.replace("
", ""): null

27-02-2025T17:39:02 - [TEST_STEP][PASSED] - value = value.trim(): null

27-02-2025T17:39:02 - [TEST_STEP][PASSED] - value = """ + value + """: null

27-02-2025T17:39:02 - [TEST_STEP][PASSED] - outText = outText + name + "," + value: null

27-02-2025T17:39:02 - [TEST_STEP][PASSED] - outText = outText + "
": null

27-02-2025T17:39:02 - [TEST_STEP][PASSED] - println(outText): null

27-02-2025T17:39:02 - [TEST_STEP][PASSED] - name = key: null

27-02-2025T17:39:02 - [TEST_STEP][PASSED] - value = value.replace("
", ""): null

27-02-2025T17:39:02 - [TEST_STEP][PASSED] - value = value.trim(): null

27-02-2025T17:39:02 - [TEST_STEP][PASSED] - value = """ + value + """: null

27-02-2025T17:39:02 - [TEST_STEP][PASSED] - outText = outText + name + "," + value: null

27-02-2025T17:39:02 - [TEST_STEP][PASSED] - outText = outText + "
": null

27-02-2025T17:39:02 - [TEST_STEP][PASSED] - println(outText): null

27-02-2025T17:39:02 - [TEST_STEP][PASSED] - name = key: null

27-02-2025T17:39:02 - [TEST_STEP][PASSED] - value = value.replace("
", ""): null

27-02-2025T17:39:02 - [TEST_STEP][PASSED] - value = value.trim(): null

27-02-2025T17:39:02 - [TEST_STEP][PASSED] - value = """ + value + """: null

27-02-2025T17:39:02 - [TEST_STEP][PASSED] - outText = outText + name + "," + value: null

27-02-2025T17:39:02 - [TEST_STEP][PASSED] - outText = outText + "
": null

27-02-2025T17:39:02 - [TEST_STEP][PASSED] - println(outText): null

27-02-2025T17:39:02 - [TEST_STEP][PASSED] - name = key: null

27-02-2025T17:39:02 - [TEST_STEP][PASSED] - value = value.replace("
", ""): null

27-02-2025T17:39:02 - [TEST_STEP][PASSED] - value = value.trim(): null

27-02-2025T17:39:02 - [TEST_STEP][PASSED] - value = """ + value + """: null

27-02-2025T17:39:02 - [TEST_STEP][PASSED] - outText = outText + name + "," + value: null

27-02-2025T17:39:02 - [TEST_STEP][PASSED] - outText = outText + "
": null

27-02-2025T17:39:02 - [TEST_STEP][PASSED] - println(outText): null

27-02-2025T17:39:02 - [TEST_STEP][PASSED] - name = key: null

27-02-2025T17:39:02 - [TEST_STEP][PASSED] - value = value.replace("
", ""): null

27-02-2025T17:39:02 - [TEST_STEP][PASSED] - value = value.trim(): null

27-02-2025T17:39:02 - [TEST_STEP][PASSED] - value = """ + value + """: null

27-02-2025T17:39:02 - [TEST_STEP][PASSED] - outText = outText + name + "," + value: null

27-02-2025T17:39:02 - [TEST_STEP][PASSED] - outText = outText + "
": null

27-02-2025T17:39:02 - [TEST_STEP][PASSED] - println(outText): null

27-02-2025T17:39:02 - [TEST_STEP][PASSED] - name = key: null

27-02-2025T17:39:02 - [TEST_STEP][PASSED] - value = value.replace("
", ""): null

27-02-2025T17:39:02 - [TEST_STEP][PASSED] - value = value.trim(): null

27-02-2025T17:39:02 - [TEST_STEP][PASSED] - value = """ + value + """: null

27-02-2025T17:39:02 - [TEST_STEP][PASSED] - outText = outText + name + "," + value: null

27-02-2025T17:39:02 - [TEST_STEP][PASSED] - outText = outText + "
": null

27-02-2025T17:39:02 - [TEST_STEP][PASSED] - println(outText): null

27-02-2025T17:39:02 - [TEST_STEP][PASSED] - name = key: null

27-02-2025T17:39:02 - [TEST_STEP][PASSED] - value = value.replace("
", ""): null

27-02-2025T17:39:02 - [TEST_STEP][PASSED] - value = value.trim(): null

27-02-2025T17:39:02 - [TEST_STEP][PASSED] - value = """ + value + """: null

27-02-2025T17:39:02 - [TEST_STEP][PASSED] - outText = outText + name + "," + value: null

27-02-2025T17:39:02 - [TEST_STEP][PASSED] - outText = outText + "
": null

27-02-2025T17:39:02 - [TEST_STEP][PASSED] - println(outText): null

27-02-2025T17:39:02 - [TEST_STEP][PASSED] - outFile = new java.io.File(file): null

27-02-2025T17:39:02 - [TEST_STEP][PASSED] - println(outText): null

27-02-2025T17:39:02 - [TEST_STEP][PASSED] - outFile.write(outText): null

27-02-2025T17:39:02 - [TEST_STEP][PASSED] - takeFullPageScreenshot(fileImage): Taking screenshot successfully

27-02-2025T17:39:03 - [MESSAGE][INFO] - 0 hidden object(s)

27-02-2025T17:39:03 - [MESSAGE][PASSED] - Taking screenshot successfully
[[ATTACHMENT|/Users/cckozie/Documents/MissionNext/Screenshots and Tooltip Text/Journey Partner Contact Info Tab_Screenshot.png]]

27-02-2025T17:39:03 - [TEST_STEP][PASSED] - frame.dispose(): null

27-02-2025T17:39:03 - [TEST_STEP][PASSED] - return tooltipMap: null

27-02-2025T17:39:03 - [MESSAGE][PASSED] - Call Test Case 'Test Cases/_Functions/Get Screenshot and Tooltip Text' successfully

27-02-2025T17:39:03 - [TEST_STEP][PASSED] - callTestCase(findTestCase("_Functions/Test Tooltips"), ["varTooltipImagePath":tooltipImagePath, "varTooltips":tooltips, "varTooltipText":tooltipText, "varTestObjectFolder":testObjectFolder, ... ], OPTIONAL): Call Test Case 'Test Cases/_Functions/Test Tooltips' successfully

27-02-2025T17:39:03 - [TEST_CASE][PASSED] - Test Cases/_Functions/Test Tooltips: Test Cases/_Functions/Test Tooltips

27-02-2025T17:39:03 - [TEST_STEP][PASSED] - if (fastPath): null

27-02-2025T17:39:03 - [TEST_STEP][PASSED] - tooltipImagePath = varTooltipImagePath: null

27-02-2025T17:39:03 - [TEST_STEP][PASSED] - tooltips = varTooltips: null

27-02-2025T17:39:03 - [TEST_STEP][PASSED] - tooltipText = varTooltipText: null

27-02-2025T17:39:03 - [TEST_STEP][PASSED] - testObjectFolder = varTestObjectFolder: null

27-02-2025T17:39:03 - [TEST_STEP][PASSED] - tooltipTextMap = varTooltipTextMap: null

27-02-2025T17:39:03 - [TEST_STEP][PASSED] - writeFile = false: null

27-02-2025T17:39:03 - [TEST_STEP][PASSED] - if (outFile != ""): null

27-02-2025T17:39:03 - [TEST_STEP][PASSED] - myFile = outFile: null

27-02-2025T17:39:03 - [TEST_STEP][PASSED] - println(myFile): null

27-02-2025T17:39:03 - [TEST_STEP][PASSED] - outFile = new java.io.File(myFile): null

27-02-2025T17:39:03 - [TEST_STEP][PASSED] - writeFile = true: null

27-02-2025T17:39:03 - [TEST_STEP][PASSED] - driver = getWebDriver(): null

27-02-2025T17:39:03 - [TEST_STEP][PASSED] - action = new org.openqa.selenium.interactions.Actions(driver): null

27-02-2025T17:39:03 - [TEST_STEP][PASSED] - s = new org.sikuli.script.Screen(): null

27-02-2025T17:39:03 - [TEST_STEP][PASSED] - outText = "Verifying the tooltips can be displayed.
": null

27-02-2025T17:39:03 - [TEST_STEP][PASSED] - outFile.append(outText): null

27-02-2025T17:39:03 - [TEST_STEP][PASSED] - first = true: null

27-02-2025T17:39:03 - [TEST_STEP][PASSED] - for (def it : tooltips): null

27-02-2025T17:39:03 - [TEST_STEP][PASSED] - myKey = key: null

27-02-2025T17:39:03 - [TEST_STEP][PASSED] - myValue = value: null

27-02-2025T17:39:03 - [TEST_STEP][PASSED] - println("myKey is " + myKey): null

27-02-2025T17:39:03 - [TEST_STEP][PASSED] - println("myValue is " + myValue): null

27-02-2025T17:39:03 - [TEST_STEP][PASSED] - if (myKey != "dummy"): null

27-02-2025T17:39:03 - [TEST_STEP][PASSED] - else: null

27-02-2025T17:39:03 - [TEST_STEP][PASSED] - myImage = "/Users/cckozie/git/MissionNext-Katalon-Koz/images/dummy.png": null

27-02-2025T17:39:03 - [TEST_STEP][PASSED] - f = new java.io.File(myImage): null

27-02-2025T17:39:03 - [TEST_STEP][PASSED] - if (f.exists()): null

27-02-2025T17:39:03 - [TEST_STEP][PASSED] - println("Looking for " + myImage): null

27-02-2025T17:39:03 - [TEST_STEP][PASSED] - icn = Pattern(myImage).similar(0.10): null

27-02-2025T17:39:03 - [TEST_STEP][PASSED] - found = s.exists(icn): null

27-02-2025T17:39:03 - [TEST_STEP][PASSED] - println(found): null

27-02-2025T17:39:03 - [TEST_STEP][PASSED] - if (found != null): null

27-02-2025T17:39:03 - [TEST_STEP][PASSED] - foundStr = found.toString(): null

27-02-2025T17:39:03 - [TEST_STEP][PASSED] - matchP = foundStr.indexOf("%"): null

27-02-2025T17:39:03 - [TEST_STEP][PASSED] - if (matchP >= 0): null

27-02-2025T17:39:03 - [TEST_STEP][PASSED] - println(matchP): null

27-02-2025T17:39:03 - [TEST_STEP][PASSED] - pct = foundStr.substring(matchP + 1, matchP + 6): null

27-02-2025T17:39:03 - [TEST_STEP][PASSED] - pctF = pct.toFloat(): null

27-02-2025T17:39:03 - [TEST_STEP][PASSED] - outText = "+++ Tooltip match value for " + myKey + " is " + pctF + "%": null

27-02-2025T17:39:03 - [TEST_STEP][PASSED] - min = 80: null

27-02-2025T17:39:03 - [TEST_STEP][PASSED] - if (pctF.toFloat() < min.toFloat()): null

27-02-2025T17:39:03 - [TEST_STEP][PASSED] - outText = ">>>>> " + outText + " <<<<<": null

27-02-2025T17:39:03 - [TEST_STEP][PASSED] - if (myKey != "dummy"): null

27-02-2025T17:39:03 - [TEST_STEP][PASSED] - myKey = key: null

27-02-2025T17:39:03 - [TEST_STEP][PASSED] - myValue = value: null

27-02-2025T17:39:03 - [TEST_STEP][PASSED] - println("myKey is " + myKey): null

27-02-2025T17:39:03 - [TEST_STEP][PASSED] - println("myValue is " + myValue): null

27-02-2025T17:39:03 - [TEST_STEP][PASSED] - if (myKey != "dummy"): null

27-02-2025T17:39:03 - [TEST_STEP][PASSED] - tObj = testObjectFolder + myValue: null

27-02-2025T17:39:03 - [TEST_STEP][PASSED] - click(tObj): null

27-02-2025T17:39:03 - [TEST_STEP][PASSED] - scrollToObject(object): null

27-02-2025T17:39:03 - [TEST_STEP][PASSED] - println("Converting " + object + " to web element"): null

27-02-2025T17:39:03 - [TEST_STEP][PASSED] - element = findWebElement(findTestObject(object), 1): null

27-02-2025T17:39:03 - [TEST_STEP][PASSED] - loc = element.getLocation(): null

27-02-2025T17:39:03 - [TEST_STEP][PASSED] - x = loc.getX(): null

27-02-2025T17:39:03 - [TEST_STEP][PASSED] - if (x >= 560): null

27-02-2025T17:39:03 - [TEST_STEP][PASSED] - y = loc.getY(): null

27-02-2025T17:39:03 - [TEST_STEP][PASSED] - println("Y location is " + y): null

27-02-2025T17:39:03 - [TEST_STEP][PASSED] - top = getViewportTopPosition(): Current viewport's top (y) position is 988

27-02-2025T17:39:03 - [MESSAGE][PASSED] - Current viewport's top (y) position is 988

27-02-2025T17:39:03 - [TEST_STEP][PASSED] - println("Viewport top is " + top): null

27-02-2025T17:39:03 - [TEST_STEP][PASSED] - bottom = top + 600: null

27-02-2025T17:39:03 - [TEST_STEP][PASSED] - if (y - top < 150 || bottom - y < 10): Delayed 1 second(s)

27-02-2025T17:39:03 - [TEST_STEP][PASSED] - scrollToPosition(0, y - 170): Browser is scrolled to position x = 0, y = 327

27-02-2025T17:39:03 - [MESSAGE][PASSED] - Browser is scrolled to position x = 0, y = 327

27-02-2025T17:39:03 - [TEST_STEP][PASSED] - delay(1): Delayed 1 second(s)

27-02-2025T17:39:04 - [MESSAGE][PASSED] - Delayed 1 second(s)

27-02-2025T17:39:04 - [TEST_STEP][PASSED] - click(findTestObject(object)): null

27-02-2025T17:39:04 - [MESSAGE][PASSED] - Object: 'Object Repository/Journey partner Profile/Tabs/Contact Info/img_Organization_field-tooltip' is clicked on

27-02-2025T17:39:04 - [TEST_STEP][PASSED] - delay(1): Delayed 1 second(s)

27-02-2025T17:39:05 - [MESSAGE][PASSED] - Delayed 1 second(s)

27-02-2025T17:39:05 - [TEST_STEP][PASSED] - myImage = tooltipImagePath + myKey + ".png": null

27-02-2025T17:39:05 - [TEST_STEP][PASSED] - f = new java.io.File(myImage): null

27-02-2025T17:39:05 - [TEST_STEP][PASSED] - if (f.exists()): null

27-02-2025T17:39:05 - [TEST_STEP][PASSED] - println("Looking for " + myImage): null

27-02-2025T17:39:05 - [TEST_STEP][PASSED] - icn = Pattern(myImage).similar(0.10): null

27-02-2025T17:39:05 - [TEST_STEP][PASSED] - found = s.exists(icn): null

27-02-2025T17:39:06 - [TEST_STEP][PASSED] - println(found): null

27-02-2025T17:39:06 - [TEST_STEP][PASSED] - if (found != null): null

27-02-2025T17:39:06 - [TEST_STEP][PASSED] - foundStr = found.toString(): null

27-02-2025T17:39:06 - [TEST_STEP][PASSED] - matchP = foundStr.indexOf("%"): null

27-02-2025T17:39:06 - [TEST_STEP][PASSED] - if (matchP >= 0): null

27-02-2025T17:39:06 - [TEST_STEP][PASSED] - println(matchP): null

27-02-2025T17:39:06 - [TEST_STEP][PASSED] - pct = foundStr.substring(matchP + 1, matchP + 6): null

27-02-2025T17:39:06 - [TEST_STEP][PASSED] - pctF = pct.toFloat(): null

27-02-2025T17:39:06 - [TEST_STEP][PASSED] - outText = "+++ Tooltip match value for " + myKey + " is " + pctF + "%": null

27-02-2025T17:39:06 - [TEST_STEP][PASSED] - min = 80: null

27-02-2025T17:39:06 - [TEST_STEP][PASSED] - if (pctF.toFloat() < min.toFloat()): null

27-02-2025T17:39:06 - [TEST_STEP][PASSED] - if (myKey != "dummy"): null

27-02-2025T17:39:06 - [TEST_STEP][PASSED] - println(outText): null

27-02-2025T17:39:06 - [TEST_STEP][PASSED] - outFile.append(outText + "
"): null

27-02-2025T17:39:06 - [TEST_STEP][PASSED] - myKey = key: null

27-02-2025T17:39:06 - [TEST_STEP][PASSED] - myValue = value: null

27-02-2025T17:39:06 - [TEST_STEP][PASSED] - println("myKey is " + myKey): null

27-02-2025T17:39:06 - [TEST_STEP][PASSED] - println("myValue is " + myValue): null

27-02-2025T17:39:06 - [TEST_STEP][PASSED] - if (myKey != "dummy"): null

27-02-2025T17:39:06 - [TEST_STEP][PASSED] - tObj = testObjectFolder + myValue: null

27-02-2025T17:39:06 - [TEST_STEP][PASSED] - click(tObj): null

27-02-2025T17:39:06 - [TEST_STEP][PASSED] - scrollToObject(object): null

27-02-2025T17:39:06 - [TEST_STEP][PASSED] - println("Converting " + object + " to web element"): null

27-02-2025T17:39:06 - [TEST_STEP][PASSED] - element = findWebElement(findTestObject(object), 1): null

27-02-2025T17:39:06 - [TEST_STEP][PASSED] - loc = element.getLocation(): null

27-02-2025T17:39:06 - [TEST_STEP][PASSED] - x = loc.getX(): null

27-02-2025T17:39:06 - [TEST_STEP][PASSED] - if (x >= 560): null

27-02-2025T17:39:06 - [TEST_STEP][PASSED] - y = loc.getY(): null

27-02-2025T17:39:06 - [TEST_STEP][PASSED] - println("Y location is " + y): null

27-02-2025T17:39:06 - [TEST_STEP][PASSED] - top = getViewportTopPosition(): Current viewport's top (y) position is 327

27-02-2025T17:39:06 - [MESSAGE][PASSED] - Current viewport's top (y) position is 327

27-02-2025T17:39:06 - [TEST_STEP][PASSED] - println("Viewport top is " + top): null

27-02-2025T17:39:06 - [TEST_STEP][PASSED] - bottom = top + 600: null

27-02-2025T17:39:06 - [TEST_STEP][PASSED] - if (y - top < 150 || bottom - y < 10): null

27-02-2025T17:39:06 - [TEST_STEP][PASSED] - click(findTestObject(object)): null

27-02-2025T17:39:06 - [MESSAGE][PASSED] - Object: 'Object Repository/Journey partner Profile/Tabs/Contact Info/img_Abbreviation_field-tooltip' is clicked on

27-02-2025T17:39:06 - [TEST_STEP][PASSED] - delay(1): Delayed 1 second(s)

27-02-2025T17:39:07 - [MESSAGE][PASSED] - Delayed 1 second(s)

27-02-2025T17:39:07 - [TEST_STEP][PASSED] - myImage = tooltipImagePath + myKey + ".png": null

27-02-2025T17:39:07 - [TEST_STEP][PASSED] - f = new java.io.File(myImage): null

27-02-2025T17:39:07 - [TEST_STEP][PASSED] - if (f.exists()): null

27-02-2025T17:39:07 - [TEST_STEP][PASSED] - println("Looking for " + myImage): null

27-02-2025T17:39:07 - [TEST_STEP][PASSED] - icn = Pattern(myImage).similar(0.10): null

27-02-2025T17:39:07 - [TEST_STEP][PASSED] - found = s.exists(icn): null

27-02-2025T17:39:07 - [TEST_STEP][PASSED] - println(found): null

27-02-2025T17:39:07 - [TEST_STEP][PASSED] - if (found != null): null

27-02-2025T17:39:07 - [TEST_STEP][PASSED] - foundStr = found.toString(): null

27-02-2025T17:39:07 - [TEST_STEP][PASSED] - matchP = foundStr.indexOf("%"): null

27-02-2025T17:39:07 - [TEST_STEP][PASSED] - if (matchP >= 0): null

27-02-2025T17:39:07 - [TEST_STEP][PASSED] - println(matchP): null

27-02-2025T17:39:07 - [TEST_STEP][PASSED] - pct = foundStr.substring(matchP + 1, matchP + 6): null

27-02-2025T17:39:07 - [TEST_STEP][PASSED] - pctF = pct.toFloat(): null

27-02-2025T17:39:07 - [TEST_STEP][PASSED] - outText = "+++ Tooltip match value for " + myKey + " is " + pctF + "%": null

27-02-2025T17:39:07 - [TEST_STEP][PASSED] - min = 80: null

27-02-2025T17:39:07 - [TEST_STEP][PASSED] - if (pctF.toFloat() < min.toFloat()): null

27-02-2025T17:39:07 - [TEST_STEP][PASSED] - if (myKey != "dummy"): null

27-02-2025T17:39:07 - [TEST_STEP][PASSED] - println(outText): null

27-02-2025T17:39:07 - [TEST_STEP][PASSED] - outFile.append(outText + "
"): null

27-02-2025T17:39:07 - [TEST_STEP][PASSED] - myKey = key: null

27-02-2025T17:39:07 - [TEST_STEP][PASSED] - myValue = value: null

27-02-2025T17:39:07 - [TEST_STEP][PASSED] - println("myKey is " + myKey): null

27-02-2025T17:39:07 - [TEST_STEP][PASSED] - println("myValue is " + myValue): null

27-02-2025T17:39:07 - [TEST_STEP][PASSED] - if (myKey != "dummy"): null

27-02-2025T17:39:07 - [TEST_STEP][PASSED] - tObj = testObjectFolder + myValue: null

27-02-2025T17:39:07 - [TEST_STEP][PASSED] - click(tObj): null

27-02-2025T17:39:07 - [TEST_STEP][PASSED] - scrollToObject(object): null

27-02-2025T17:39:07 - [TEST_STEP][PASSED] - println("Converting " + object + " to web element"): null

27-02-2025T17:39:07 - [TEST_STEP][PASSED] - element = findWebElement(findTestObject(object), 1): null

27-02-2025T17:39:07 - [TEST_STEP][PASSED] - loc = element.getLocation(): null

27-02-2025T17:39:07 - [TEST_STEP][PASSED] - x = loc.getX(): null

27-02-2025T17:39:07 - [TEST_STEP][PASSED] - if (x >= 560): null

27-02-2025T17:39:07 - [TEST_STEP][PASSED] - y = loc.getY(): null

27-02-2025T17:39:07 - [TEST_STEP][PASSED] - println("Y location is " + y): null

27-02-2025T17:39:07 - [TEST_STEP][PASSED] - top = getViewportTopPosition(): Current viewport's top (y) position is 327

27-02-2025T17:39:07 - [MESSAGE][PASSED] - Current viewport's top (y) position is 327

27-02-2025T17:39:07 - [TEST_STEP][PASSED] - println("Viewport top is " + top): null

27-02-2025T17:39:07 - [TEST_STEP][PASSED] - bottom = top + 600: null

27-02-2025T17:39:07 - [TEST_STEP][PASSED] - if (y - top < 150 || bottom - y < 10): null

27-02-2025T17:39:07 - [TEST_STEP][PASSED] - click(findTestObject(object)): null

27-02-2025T17:39:07 - [MESSAGE][PASSED] - Object: 'Object Repository/Journey partner Profile/Tabs/Contact Info/img_PostZip Code_field-tooltip' is clicked on

27-02-2025T17:39:07 - [TEST_STEP][PASSED] - delay(1): Delayed 1 second(s)

27-02-2025T17:39:08 - [MESSAGE][PASSED] - Delayed 1 second(s)

27-02-2025T17:39:08 - [TEST_STEP][PASSED] - myImage = tooltipImagePath + myKey + ".png": null

27-02-2025T17:39:08 - [TEST_STEP][PASSED] - f = new java.io.File(myImage): null

27-02-2025T17:39:08 - [TEST_STEP][PASSED] - if (f.exists()): null

27-02-2025T17:39:08 - [TEST_STEP][PASSED] - println("Looking for " + myImage): null

27-02-2025T17:39:08 - [TEST_STEP][PASSED] - icn = Pattern(myImage).similar(0.10): null

27-02-2025T17:39:08 - [TEST_STEP][PASSED] - found = s.exists(icn): null

27-02-2025T17:39:08 - [TEST_STEP][PASSED] - println(found): null

27-02-2025T17:39:08 - [TEST_STEP][PASSED] - if (found != null): null

27-02-2025T17:39:08 - [TEST_STEP][PASSED] - foundStr = found.toString(): null

27-02-2025T17:39:08 - [TEST_STEP][PASSED] - matchP = foundStr.indexOf("%"): null

27-02-2025T17:39:08 - [TEST_STEP][PASSED] - if (matchP >= 0): null

27-02-2025T17:39:08 - [TEST_STEP][PASSED] - println(matchP): null

27-02-2025T17:39:08 - [TEST_STEP][PASSED] - pct = foundStr.substring(matchP + 1, matchP + 6): null

27-02-2025T17:39:08 - [TEST_STEP][PASSED] - pctF = pct.toFloat(): null

27-02-2025T17:39:08 - [TEST_STEP][PASSED] - outText = "+++ Tooltip match value for " + myKey + " is " + pctF + "%": null

27-02-2025T17:39:08 - [TEST_STEP][PASSED] - min = 80: null

27-02-2025T17:39:08 - [TEST_STEP][PASSED] - if (pctF.toFloat() < min.toFloat()): null

27-02-2025T17:39:08 - [TEST_STEP][PASSED] - if (myKey != "dummy"): null

27-02-2025T17:39:08 - [TEST_STEP][PASSED] - println(outText): null

27-02-2025T17:39:08 - [TEST_STEP][PASSED] - outFile.append(outText + "
"): null

27-02-2025T17:39:08 - [TEST_STEP][PASSED] - myKey = key: null

27-02-2025T17:39:08 - [TEST_STEP][PASSED] - myValue = value: null

27-02-2025T17:39:08 - [TEST_STEP][PASSED] - println("myKey is " + myKey): null

27-02-2025T17:39:08 - [TEST_STEP][PASSED] - println("myValue is " + myValue): null

27-02-2025T17:39:08 - [TEST_STEP][PASSED] - if (myKey != "dummy"): null

27-02-2025T17:39:08 - [TEST_STEP][PASSED] - tObj = testObjectFolder + myValue: null

27-02-2025T17:39:08 - [TEST_STEP][PASSED] - click(tObj): null

27-02-2025T17:39:08 - [TEST_STEP][PASSED] - scrollToObject(object): null

27-02-2025T17:39:08 - [TEST_STEP][PASSED] - println("Converting " + object + " to web element"): null

27-02-2025T17:39:08 - [TEST_STEP][PASSED] - element = findWebElement(findTestObject(object), 1): null

27-02-2025T17:39:08 - [TEST_STEP][PASSED] - loc = element.getLocation(): null

27-02-2025T17:39:08 - [TEST_STEP][PASSED] - x = loc.getX(): null

27-02-2025T17:39:08 - [TEST_STEP][PASSED] - if (x >= 560): null

27-02-2025T17:39:08 - [TEST_STEP][PASSED] - y = loc.getY(): null

27-02-2025T17:39:08 - [TEST_STEP][PASSED] - println("Y location is " + y): null

27-02-2025T17:39:08 - [TEST_STEP][PASSED] - top = getViewportTopPosition(): Current viewport's top (y) position is 327

27-02-2025T17:39:08 - [MESSAGE][PASSED] - Current viewport's top (y) position is 327

27-02-2025T17:39:08 - [TEST_STEP][PASSED] - println("Viewport top is " + top): null

27-02-2025T17:39:08 - [TEST_STEP][PASSED] - bottom = top + 600: null

27-02-2025T17:39:08 - [TEST_STEP][PASSED] - if (y - top < 150 || bottom - y < 10): Delayed 1 second(s)

27-02-2025T17:39:08 - [TEST_STEP][PASSED] - scrollToPosition(0, y - 170): Browser is scrolled to position x = 0, y = 868

27-02-2025T17:39:08 - [MESSAGE][PASSED] - Browser is scrolled to position x = 0, y = 868

27-02-2025T17:39:08 - [TEST_STEP][PASSED] - delay(1): Delayed 1 second(s)

27-02-2025T17:39:09 - [MESSAGE][PASSED] - Delayed 1 second(s)

27-02-2025T17:39:09 - [TEST_STEP][PASSED] - click(findTestObject(object)): null

27-02-2025T17:39:09 - [MESSAGE][PASSED] - Object: 'Object Repository/Journey partner Profile/Tabs/Contact Info/img_Key Contact Email_field-tooltip' is clicked on

27-02-2025T17:39:09 - [TEST_STEP][PASSED] - delay(1): Delayed 1 second(s)

27-02-2025T17:39:10 - [MESSAGE][PASSED] - Delayed 1 second(s)

27-02-2025T17:39:10 - [TEST_STEP][PASSED] - myImage = tooltipImagePath + myKey + ".png": null

27-02-2025T17:39:10 - [TEST_STEP][PASSED] - f = new java.io.File(myImage): null

27-02-2025T17:39:10 - [TEST_STEP][PASSED] - if (f.exists()): null

27-02-2025T17:39:10 - [TEST_STEP][PASSED] - println("Looking for " + myImage): null

27-02-2025T17:39:10 - [TEST_STEP][PASSED] - icn = Pattern(myImage).similar(0.10): null

27-02-2025T17:39:10 - [TEST_STEP][PASSED] - found = s.exists(icn): null

27-02-2025T17:39:10 - [TEST_STEP][PASSED] - println(found): null

27-02-2025T17:39:10 - [TEST_STEP][PASSED] - if (found != null): null

27-02-2025T17:39:10 - [TEST_STEP][PASSED] - foundStr = found.toString(): null

27-02-2025T17:39:10 - [TEST_STEP][PASSED] - matchP = foundStr.indexOf("%"): null

27-02-2025T17:39:10 - [TEST_STEP][PASSED] - if (matchP >= 0): null

27-02-2025T17:39:10 - [TEST_STEP][PASSED] - println(matchP): null

27-02-2025T17:39:10 - [TEST_STEP][PASSED] - pct = foundStr.substring(matchP + 1, matchP + 6): null

27-02-2025T17:39:10 - [TEST_STEP][PASSED] - pctF = pct.toFloat(): null

27-02-2025T17:39:10 - [TEST_STEP][PASSED] - outText = "+++ Tooltip match value for " + myKey + " is " + pctF + "%": null

27-02-2025T17:39:10 - [TEST_STEP][PASSED] - min = 80: null

27-02-2025T17:39:10 - [TEST_STEP][PASSED] - if (pctF.toFloat() < min.toFloat()): null

27-02-2025T17:39:10 - [TEST_STEP][PASSED] - if (myKey != "dummy"): null

27-02-2025T17:39:10 - [TEST_STEP][PASSED] - println(outText): null

27-02-2025T17:39:10 - [TEST_STEP][PASSED] - outFile.append(outText + "
"): null

27-02-2025T17:39:10 - [TEST_STEP][PASSED] - myKey = key: null

27-02-2025T17:39:10 - [TEST_STEP][PASSED] - myValue = value: null

27-02-2025T17:39:10 - [TEST_STEP][PASSED] - println("myKey is " + myKey): null

27-02-2025T17:39:10 - [TEST_STEP][PASSED] - println("myValue is " + myValue): null

27-02-2025T17:39:10 - [TEST_STEP][PASSED] - if (myKey != "dummy"): null

27-02-2025T17:39:10 - [TEST_STEP][PASSED] - tObj = testObjectFolder + myValue: null

27-02-2025T17:39:10 - [TEST_STEP][PASSED] - click(tObj): null

27-02-2025T17:39:10 - [TEST_STEP][PASSED] - scrollToObject(object): null

27-02-2025T17:39:10 - [TEST_STEP][PASSED] - println("Converting " + object + " to web element"): null

27-02-2025T17:39:10 - [TEST_STEP][PASSED] - element = findWebElement(findTestObject(object), 1): null

27-02-2025T17:39:10 - [TEST_STEP][PASSED] - loc = element.getLocation(): null

27-02-2025T17:39:10 - [TEST_STEP][PASSED] - x = loc.getX(): null

27-02-2025T17:39:10 - [TEST_STEP][PASSED] - if (x >= 560): null

27-02-2025T17:39:10 - [TEST_STEP][PASSED] - y = loc.getY(): null

27-02-2025T17:39:10 - [TEST_STEP][PASSED] - println("Y location is " + y): null

27-02-2025T17:39:10 - [TEST_STEP][PASSED] - top = getViewportTopPosition(): Current viewport's top (y) position is 868

27-02-2025T17:39:10 - [MESSAGE][PASSED] - Current viewport's top (y) position is 868

27-02-2025T17:39:10 - [TEST_STEP][PASSED] - println("Viewport top is " + top): null

27-02-2025T17:39:10 - [TEST_STEP][PASSED] - bottom = top + 600: null

27-02-2025T17:39:10 - [TEST_STEP][PASSED] - if (y - top < 150 || bottom - y < 10): null

27-02-2025T17:39:10 - [TEST_STEP][PASSED] - click(findTestObject(object)): null

27-02-2025T17:39:10 - [MESSAGE][PASSED] - Object: 'Object Repository/Journey partner Profile/Tabs/Contact Info/img_Website Address_field-tooltip' is clicked on

27-02-2025T17:39:10 - [TEST_STEP][PASSED] - delay(1): Delayed 1 second(s)

27-02-2025T17:39:11 - [MESSAGE][PASSED] - Delayed 1 second(s)

27-02-2025T17:39:11 - [TEST_STEP][PASSED] - myImage = tooltipImagePath + myKey + ".png": null

27-02-2025T17:39:11 - [TEST_STEP][PASSED] - f = new java.io.File(myImage): null

27-02-2025T17:39:11 - [TEST_STEP][PASSED] - if (f.exists()): null

27-02-2025T17:39:11 - [TEST_STEP][PASSED] - println("Looking for " + myImage): null

27-02-2025T17:39:11 - [TEST_STEP][PASSED] - icn = Pattern(myImage).similar(0.10): null

27-02-2025T17:39:11 - [TEST_STEP][PASSED] - found = s.exists(icn): null

27-02-2025T17:39:11 - [TEST_STEP][PASSED] - println(found): null

27-02-2025T17:39:11 - [TEST_STEP][PASSED] - if (found != null): null

27-02-2025T17:39:11 - [TEST_STEP][PASSED] - foundStr = found.toString(): null

27-02-2025T17:39:11 - [TEST_STEP][PASSED] - matchP = foundStr.indexOf("%"): null

27-02-2025T17:39:11 - [TEST_STEP][PASSED] - if (matchP >= 0): null

27-02-2025T17:39:11 - [TEST_STEP][PASSED] - println(matchP): null

27-02-2025T17:39:11 - [TEST_STEP][PASSED] - pct = foundStr.substring(matchP + 1, matchP + 6): null

27-02-2025T17:39:11 - [TEST_STEP][PASSED] - pctF = pct.toFloat(): null

27-02-2025T17:39:11 - [TEST_STEP][PASSED] - outText = "+++ Tooltip match value for " + myKey + " is " + pctF + "%": null

27-02-2025T17:39:11 - [TEST_STEP][PASSED] - min = 80: null

27-02-2025T17:39:11 - [TEST_STEP][PASSED] - if (pctF.toFloat() < min.toFloat()): null

27-02-2025T17:39:11 - [TEST_STEP][PASSED] - if (myKey != "dummy"): null

27-02-2025T17:39:11 - [TEST_STEP][PASSED] - println(outText): null

27-02-2025T17:39:11 - [TEST_STEP][PASSED] - outFile.append(outText + "
"): null

27-02-2025T17:39:11 - [TEST_STEP][PASSED] - myKey = key: null

27-02-2025T17:39:11 - [TEST_STEP][PASSED] - myValue = value: null

27-02-2025T17:39:11 - [TEST_STEP][PASSED] - println("myKey is " + myKey): null

27-02-2025T17:39:11 - [TEST_STEP][PASSED] - println("myValue is " + myValue): null

27-02-2025T17:39:11 - [TEST_STEP][PASSED] - if (myKey != "dummy"): null

27-02-2025T17:39:11 - [TEST_STEP][PASSED] - tObj = testObjectFolder + myValue: null

27-02-2025T17:39:11 - [TEST_STEP][PASSED] - click(tObj): null

27-02-2025T17:39:11 - [TEST_STEP][PASSED] - scrollToObject(object): null

27-02-2025T17:39:11 - [TEST_STEP][PASSED] - println("Converting " + object + " to web element"): null

27-02-2025T17:39:11 - [TEST_STEP][PASSED] - element = findWebElement(findTestObject(object), 1): null

27-02-2025T17:39:11 - [TEST_STEP][PASSED] - loc = element.getLocation(): null

27-02-2025T17:39:11 - [TEST_STEP][PASSED] - x = loc.getX(): null

27-02-2025T17:39:11 - [TEST_STEP][PASSED] - if (x >= 560): null

27-02-2025T17:39:11 - [TEST_STEP][PASSED] - y = loc.getY(): null

27-02-2025T17:39:11 - [TEST_STEP][PASSED] - println("Y location is " + y): null

27-02-2025T17:39:11 - [TEST_STEP][PASSED] - top = getViewportTopPosition(): Current viewport's top (y) position is 868

27-02-2025T17:39:11 - [MESSAGE][PASSED] - Current viewport's top (y) position is 868

27-02-2025T17:39:11 - [TEST_STEP][PASSED] - println("Viewport top is " + top): null

27-02-2025T17:39:11 - [TEST_STEP][PASSED] - bottom = top + 600: null

27-02-2025T17:39:11 - [TEST_STEP][PASSED] - if (y - top < 150 || bottom - y < 10): null

27-02-2025T17:39:11 - [TEST_STEP][PASSED] - click(findTestObject(object)): null

27-02-2025T17:39:11 - [MESSAGE][PASSED] - Object: 'Object Repository/Journey partner Profile/Tabs/Contact Info/img_Description_field-tooltip' is clicked on

27-02-2025T17:39:11 - [TEST_STEP][PASSED] - delay(1): Delayed 1 second(s)

27-02-2025T17:39:12 - [MESSAGE][PASSED] - Delayed 1 second(s)

27-02-2025T17:39:12 - [TEST_STEP][PASSED] - myImage = tooltipImagePath + myKey + ".png": null

27-02-2025T17:39:12 - [TEST_STEP][PASSED] - f = new java.io.File(myImage): null

27-02-2025T17:39:12 - [TEST_STEP][PASSED] - if (f.exists()): null

27-02-2025T17:39:12 - [TEST_STEP][PASSED] - println("Looking for " + myImage): null

27-02-2025T17:39:12 - [TEST_STEP][PASSED] - icn = Pattern(myImage).similar(0.10): null

27-02-2025T17:39:12 - [TEST_STEP][PASSED] - found = s.exists(icn): null

27-02-2025T17:39:13 - [TEST_STEP][PASSED] - println(found): null

27-02-2025T17:39:13 - [TEST_STEP][PASSED] - if (found != null): null

27-02-2025T17:39:13 - [TEST_STEP][PASSED] - foundStr = found.toString(): null

27-02-2025T17:39:13 - [TEST_STEP][PASSED] - matchP = foundStr.indexOf("%"): null

27-02-2025T17:39:13 - [TEST_STEP][PASSED] - if (matchP >= 0): null

27-02-2025T17:39:13 - [TEST_STEP][PASSED] - println(matchP): null

27-02-2025T17:39:13 - [TEST_STEP][PASSED] - pct = foundStr.substring(matchP + 1, matchP + 6): null

27-02-2025T17:39:13 - [TEST_STEP][PASSED] - pctF = pct.toFloat(): null

27-02-2025T17:39:13 - [TEST_STEP][PASSED] - outText = "+++ Tooltip match value for " + myKey + " is " + pctF + "%": null

27-02-2025T17:39:13 - [TEST_STEP][PASSED] - min = 80: null

27-02-2025T17:39:13 - [TEST_STEP][PASSED] - if (pctF.toFloat() < min.toFloat()): null

27-02-2025T17:39:13 - [TEST_STEP][PASSED] - if (myKey != "dummy"): null

27-02-2025T17:39:13 - [TEST_STEP][PASSED] - println(outText): null

27-02-2025T17:39:13 - [TEST_STEP][PASSED] - outFile.append(outText + "
"): null

27-02-2025T17:39:13 - [TEST_STEP][PASSED] - outText = "Verifying the tooltip text on the page is what was expected.
": null

27-02-2025T17:39:13 - [TEST_STEP][PASSED] - println(tooltipTextMap): null

27-02-2025T17:39:13 - [TEST_STEP][PASSED] - outFile.append(outText): null

27-02-2025T17:39:13 - [TEST_STEP][PASSED] - for (def it : tooltipText): null

27-02-2025T17:39:13 - [TEST_STEP][PASSED] - println(it): null

27-02-2025T17:39:13 - [TEST_STEP][PASSED] - myKey = key: null

27-02-2025T17:39:13 - [TEST_STEP][PASSED] - myText = value.replace(""", ""): null

27-02-2025T17:39:13 - [TEST_STEP][PASSED] - myText = myText.trim(): null

27-02-2025T17:39:13 - [TEST_STEP][PASSED] - println(myKey): null

27-02-2025T17:39:13 - [TEST_STEP][PASSED] - println(myText): null

27-02-2025T17:39:13 - [TEST_STEP][PASSED] - println(tooltipTextMap.get(myKey)): null

27-02-2025T17:39:13 - [TEST_STEP][PASSED] - actualText = get(myKey).replace(""", ""): null

27-02-2025T17:39:13 - [TEST_STEP][PASSED] - actualText = actualText.trim(): null

27-02-2025T17:39:13 - [TEST_STEP][PASSED] - println(myKey + ":" + actualText): null

27-02-2025T17:39:13 - [TEST_STEP][PASSED] - if (actualText != myText): null

27-02-2025T17:39:13 - [TEST_STEP][PASSED] - println(it): null

27-02-2025T17:39:13 - [TEST_STEP][PASSED] - myKey = key: null

27-02-2025T17:39:13 - [TEST_STEP][PASSED] - myText = value.replace(""", ""): null

27-02-2025T17:39:13 - [TEST_STEP][PASSED] - myText = myText.trim(): null

27-02-2025T17:39:13 - [TEST_STEP][PASSED] - println(myKey): null

27-02-2025T17:39:13 - [TEST_STEP][PASSED] - println(myText): null

27-02-2025T17:39:13 - [TEST_STEP][PASSED] - println(tooltipTextMap.get(myKey)): null

27-02-2025T17:39:13 - [TEST_STEP][PASSED] - actualText = get(myKey).replace(""", ""): null

27-02-2025T17:39:13 - [TEST_STEP][PASSED] - actualText = actualText.trim(): null

27-02-2025T17:39:13 - [TEST_STEP][PASSED] - println(myKey + ":" + actualText): null

27-02-2025T17:39:13 - [TEST_STEP][PASSED] - if (actualText != myText): null

27-02-2025T17:39:13 - [TEST_STEP][PASSED] - println(it): null

27-02-2025T17:39:13 - [TEST_STEP][PASSED] - myKey = key: null

27-02-2025T17:39:13 - [TEST_STEP][PASSED] - myText = value.replace(""", ""): null

27-02-2025T17:39:13 - [TEST_STEP][PASSED] - myText = myText.trim(): null

27-02-2025T17:39:13 - [TEST_STEP][PASSED] - println(myKey): null

27-02-2025T17:39:13 - [TEST_STEP][PASSED] - println(myText): null

27-02-2025T17:39:13 - [TEST_STEP][PASSED] - println(tooltipTextMap.get(myKey)): null

27-02-2025T17:39:13 - [TEST_STEP][PASSED] - actualText = get(myKey).replace(""", ""): null

27-02-2025T17:39:13 - [TEST_STEP][PASSED] - actualText = actualText.trim(): null

27-02-2025T17:39:13 - [TEST_STEP][PASSED] - println(myKey + ":" + actualText): null

27-02-2025T17:39:13 - [TEST_STEP][PASSED] - if (actualText != myText): null

27-02-2025T17:39:13 - [TEST_STEP][PASSED] - println(it): null

27-02-2025T17:39:13 - [TEST_STEP][PASSED] - myKey = key: null

27-02-2025T17:39:13 - [TEST_STEP][PASSED] - myText = value.replace(""", ""): null

27-02-2025T17:39:13 - [TEST_STEP][PASSED] - myText = myText.trim(): null

27-02-2025T17:39:13 - [TEST_STEP][PASSED] - println(myKey): null

27-02-2025T17:39:13 - [TEST_STEP][PASSED] - println(myText): null

27-02-2025T17:39:13 - [TEST_STEP][PASSED] - println(tooltipTextMap.get(myKey)): null

27-02-2025T17:39:13 - [TEST_STEP][PASSED] - actualText = get(myKey).replace(""", ""): null

27-02-2025T17:39:13 - [TEST_STEP][PASSED] - actualText = actualText.trim(): null

27-02-2025T17:39:13 - [TEST_STEP][PASSED] - println(myKey + ":" + actualText): null

27-02-2025T17:39:13 - [TEST_STEP][PASSED] - if (actualText != myText): null

27-02-2025T17:39:13 - [TEST_STEP][PASSED] - println(it): null

27-02-2025T17:39:13 - [TEST_STEP][PASSED] - myKey = key: null

27-02-2025T17:39:13 - [TEST_STEP][PASSED] - myText = value.replace(""", ""): null

27-02-2025T17:39:13 - [TEST_STEP][PASSED] - myText = myText.trim(): null

27-02-2025T17:39:13 - [TEST_STEP][PASSED] - println(myKey): null

27-02-2025T17:39:13 - [TEST_STEP][PASSED] - println(myText): null

27-02-2025T17:39:13 - [TEST_STEP][PASSED] - println(tooltipTextMap.get(myKey)): null

27-02-2025T17:39:13 - [TEST_STEP][PASSED] - actualText = get(myKey).replace(""", ""): null

27-02-2025T17:39:13 - [TEST_STEP][PASSED] - actualText = actualText.trim(): null

27-02-2025T17:39:13 - [TEST_STEP][PASSED] - println(myKey + ":" + actualText): null

27-02-2025T17:39:13 - [TEST_STEP][PASSED] - if (actualText != myText): null

27-02-2025T17:39:13 - [TEST_STEP][PASSED] - println(it): null

27-02-2025T17:39:13 - [TEST_STEP][PASSED] - myKey = key: null

27-02-2025T17:39:13 - [TEST_STEP][PASSED] - myText = value.replace(""", ""): null

27-02-2025T17:39:13 - [TEST_STEP][PASSED] - myText = myText.trim(): null

27-02-2025T17:39:13 - [TEST_STEP][PASSED] - println(myKey): null

27-02-2025T17:39:13 - [TEST_STEP][PASSED] - println(myText): null

27-02-2025T17:39:13 - [TEST_STEP][PASSED] - println(tooltipTextMap.get(myKey)): null

27-02-2025T17:39:13 - [TEST_STEP][PASSED] - actualText = get(myKey).replace(""", ""): null

27-02-2025T17:39:13 - [TEST_STEP][PASSED] - actualText = actualText.trim(): null

27-02-2025T17:39:13 - [TEST_STEP][PASSED] - println(myKey + ":" + actualText): null

27-02-2025T17:39:13 - [TEST_STEP][PASSED] - if (actualText != myText): null

27-02-2025T17:39:13 - [MESSAGE][PASSED] - Call Test Case 'Test Cases/_Functions/Test Tooltips' successfully

27-02-2025T17:39:13 - [TEST_STEP][PASSED] - outText = "Verifying the required field messages.
": null

27-02-2025T17:39:13 - [TEST_STEP][PASSED] - outFile.append(outText): null

27-02-2025T17:39:13 - [TEST_STEP][PASSED] - fieldList = []: null

27-02-2025T17:39:13 - [TEST_STEP][PASSED] - requiredFieldMsgs.each({ -> ... }): null

27-02-2025T17:39:13 - [TEST_STEP][PASSED] - callTestCase(findTestCase("_Functions/Test Field Error Messages"), ["varFieldList":fieldList, "varRequiredFieldMsgs":requiredFieldMsgs], STOP_ON_FAILURE): Call Test Case 'Test Cases/_Functions/Test Field Error Messages' successfully

27-02-2025T17:39:13 - [TEST_CASE][PASSED] - Test Cases/_Functions/Test Field Error Messages: Test Cases/_Functions/Test Field Error Messages

27-02-2025T17:39:13 - [TEST_STEP][PASSED] - count = callTestCase(findTestCase("_Functions/Find error messages"), ["varFunction":"count"], STOP_ON_FAILURE): Call Test Case 'Test Cases/_Functions/Find error messages' successfully

27-02-2025T17:39:13 - [TEST_CASE][PASSED] - Test Cases/_Functions/Find error messages: Test Cases/_Functions/Find error messages

27-02-2025T17:39:13 - [TEST_STEP][PASSED] - function = "count": null

27-02-2025T17:39:13 - [TEST_STEP][PASSED] - if (binding.hasVariable("varFunction")): null

27-02-2025T17:39:13 - [TEST_STEP][PASSED] - function = varFunction: null

27-02-2025T17:39:13 - [TEST_STEP][PASSED] - title = getWindowTitle(): Current window's title is: 'Journey'

27-02-2025T17:39:13 - [MESSAGE][PASSED] - Current window's title is: 'Journey'

27-02-2025T17:39:13 - [TEST_STEP][PASSED] - println("Page title is " + title): null

27-02-2025T17:39:13 - [TEST_STEP][PASSED] - driver = getWebDriver(): null

27-02-2025T17:39:13 - [TEST_STEP][PASSED] - elements = driver.findElements(By.xpath("//div[@class='col-sm-offset-3 col-sm-9 text-danger']")): null

27-02-2025T17:39:13 - [TEST_STEP][PASSED] - if (function == "count"): null

27-02-2025T17:39:13 - [TEST_STEP][PASSED] - return elements.size(): null

27-02-2025T17:39:13 - [MESSAGE][PASSED] - Call Test Case 'Test Cases/_Functions/Find error messages' successfully

27-02-2025T17:39:13 - [TEST_STEP][PASSED] - outFile = outFile: null

27-02-2025T17:39:13 - [TEST_STEP][PASSED] - if (count == 0): null

27-02-2025T17:39:13 - [TEST_STEP][PASSED] - else: Delayed 0 second(s)

27-02-2025T17:39:13 - [TEST_STEP][PASSED] - fieldList = varFieldList: null

27-02-2025T17:39:13 - [TEST_STEP][PASSED] - requiredFieldMsgs = varRequiredFieldMsgs: null

27-02-2025T17:39:13 - [TEST_STEP][PASSED] - outText = "Verifying error messages for fields " + fieldList: null

27-02-2025T17:39:13 - [TEST_STEP][PASSED] - for (def field : fieldList): null

27-02-2025T17:39:13 - [TEST_STEP][PASSED] - errorMsg = requiredFieldMsgs.get(field): null

27-02-2025T17:39:13 - [TEST_STEP][PASSED] - msg = verifyTextPresent(errorMsg, false, OPTIONAL): Text 'The agency phone field is required.' is present on page 

27-02-2025T17:39:13 - [MESSAGE][PASSED] - Text 'The agency phone field is required.' is present on page 

27-02-2025T17:39:13 - [TEST_STEP][PASSED] - println(field + ":" + msg): null

27-02-2025T17:39:13 - [TEST_STEP][PASSED] - if (!(msg)): null

27-02-2025T17:39:13 - [TEST_STEP][PASSED] - delay(fieldTestDelay): Delayed 0 second(s)

27-02-2025T17:39:13 - [MESSAGE][PASSED] - Delayed 0 second(s)

27-02-2025T17:39:13 - [MESSAGE][PASSED] - Call Test Case 'Test Cases/_Functions/Test Field Error Messages' successfully

27-02-2025T17:39:13 - [TEST_STEP][PASSED] - if (varKey_contact_phone != null): Call Test Case 'Test Cases/_Functions/Perform Action' successfully

27-02-2025T17:39:13 - [TEST_STEP][PASSED] - object = "Object Repository/Journey Partner Profile/Tabs/Contact Info/input_Key Contact Phone": null

27-02-2025T17:39:13 - [TEST_STEP][PASSED] - callTestCase(findTestCase("_Functions/Perform Action"), ["varAction":"setText", "varObject":object, "varParm1":varKey_contact_phone], STOP_ON_FAILURE): Call Test Case 'Test Cases/_Functions/Perform Action' successfully

27-02-2025T17:39:13 - [TEST_CASE][PASSED] - Test Cases/_Functions/Perform Action: Test Cases/_Functions/Perform Action

27-02-2025T17:39:13 - [TEST_STEP][PASSED] - action = varAction: null

27-02-2025T17:39:13 - [TEST_STEP][PASSED] - println(action): null

27-02-2025T17:39:13 - [TEST_STEP][PASSED] - testObject = varObject: null

27-02-2025T17:39:13 - [TEST_STEP][PASSED] - println(testObject): null

27-02-2025T17:39:13 - [TEST_STEP][PASSED] - parm1 = varParm1: null

27-02-2025T17:39:13 - [TEST_STEP][PASSED] - println(parm1): null

27-02-2025T17:39:13 - [TEST_STEP][PASSED] - println("Converting " + testObject + " to web element"): null

27-02-2025T17:39:13 - [TEST_STEP][PASSED] - element = findWebElement(findTestObject(testObject), 1): null

27-02-2025T17:39:13 - [TEST_STEP][PASSED] - loc = element.getLocation(): null

27-02-2025T17:39:13 - [TEST_STEP][PASSED] - y = loc.getY(): null

27-02-2025T17:39:13 - [TEST_STEP][PASSED] - println("Y location is " + y): null

27-02-2025T17:39:13 - [TEST_STEP][PASSED] - top = getViewportTopPosition(): Current viewport's top (y) position is 868

27-02-2025T17:39:13 - [MESSAGE][PASSED] - Current viewport's top (y) position is 868

27-02-2025T17:39:13 - [TEST_STEP][PASSED] - println("Viewport top is " + top): null

27-02-2025T17:39:13 - [TEST_STEP][PASSED] - bottom = top + 600: null

27-02-2025T17:39:13 - [TEST_STEP][PASSED] - if (y - top < 150 || bottom - y < 10): null

27-02-2025T17:39:13 - [TEST_STEP][PASSED] - if (action == "click"): null

27-02-2025T17:39:13 - [TEST_STEP][PASSED] - else if (action == "selectOptionByValue"): null

27-02-2025T17:39:13 - [TEST_STEP][PASSED] - else if (action == "setText"): Text '952-442-1703' is set on object 'Object Repository/Journey Partner Profile/Tabs/Contact Info/input_Key Contact Phone'

27-02-2025T17:39:13 - [TEST_STEP][PASSED] - println("Setting text " + parm1): null

27-02-2025T17:39:13 - [TEST_STEP][PASSED] - setText(findTestObject(testObject), parm1): Text '952-442-1703' is set on object 'Object Repository/Journey Partner Profile/Tabs/Contact Info/input_Key Contact Phone'

27-02-2025T17:39:13 - [MESSAGE][PASSED] - Text '952-442-1703' is set on object 'Object Repository/Journey Partner Profile/Tabs/Contact Info/input_Key Contact Phone'

27-02-2025T17:39:13 - [MESSAGE][PASSED] - Call Test Case 'Test Cases/_Functions/Perform Action' successfully

27-02-2025T17:39:13 - [TEST_STEP][PASSED] - if (varOrganization_phone != null): Call Test Case 'Test Cases/_Functions/Perform Action' successfully

27-02-2025T17:39:13 - [TEST_STEP][PASSED] - object = "Object Repository/Journey Partner Profile/Tabs/Contact Info/input_Organization Phone": null

27-02-2025T17:39:13 - [TEST_STEP][PASSED] - callTestCase(findTestCase("_Functions/Perform Action"), ["varAction":"setText", "varObject":object, "varParm1":varOrganization_phone], STOP_ON_FAILURE): Call Test Case 'Test Cases/_Functions/Perform Action' successfully

27-02-2025T17:39:13 - [TEST_CASE][PASSED] - Test Cases/_Functions/Perform Action: Test Cases/_Functions/Perform Action

27-02-2025T17:39:13 - [TEST_STEP][PASSED] - action = varAction: null

27-02-2025T17:39:13 - [TEST_STEP][PASSED] - println(action): null

27-02-2025T17:39:13 - [TEST_STEP][PASSED] - testObject = varObject: null

27-02-2025T17:39:13 - [TEST_STEP][PASSED] - println(testObject): null

27-02-2025T17:39:13 - [TEST_STEP][PASSED] - parm1 = varParm1: null

27-02-2025T17:39:13 - [TEST_STEP][PASSED] - println(parm1): null

27-02-2025T17:39:13 - [TEST_STEP][PASSED] - println("Converting " + testObject + " to web element"): null

27-02-2025T17:39:13 - [TEST_STEP][PASSED] - element = findWebElement(findTestObject(testObject), 1): null

27-02-2025T17:39:13 - [TEST_STEP][PASSED] - loc = element.getLocation(): null

27-02-2025T17:39:13 - [TEST_STEP][PASSED] - y = loc.getY(): null

27-02-2025T17:39:13 - [TEST_STEP][PASSED] - println("Y location is " + y): null

27-02-2025T17:39:13 - [TEST_STEP][PASSED] - top = getViewportTopPosition(): Current viewport's top (y) position is 868

27-02-2025T17:39:13 - [MESSAGE][PASSED] - Current viewport's top (y) position is 868

27-02-2025T17:39:13 - [TEST_STEP][PASSED] - println("Viewport top is " + top): null

27-02-2025T17:39:13 - [TEST_STEP][PASSED] - bottom = top + 600: null

27-02-2025T17:39:13 - [TEST_STEP][PASSED] - if (y - top < 150 || bottom - y < 10): Delayed 1 second(s)

27-02-2025T17:39:13 - [TEST_STEP][PASSED] - scrollToPosition(0, y - 150): Browser is scrolled to position x = 0, y = 702

27-02-2025T17:39:13 - [MESSAGE][PASSED] - Browser is scrolled to position x = 0, y = 702

27-02-2025T17:39:13 - [TEST_STEP][PASSED] - delay(1): Delayed 1 second(s)

27-02-2025T17:39:14 - [MESSAGE][PASSED] - Delayed 1 second(s)

27-02-2025T17:39:14 - [TEST_STEP][PASSED] - if (action == "click"): null

27-02-2025T17:39:14 - [TEST_STEP][PASSED] - else if (action == "selectOptionByValue"): null

27-02-2025T17:39:14 - [TEST_STEP][PASSED] - else if (action == "setText"): Text '612-209-9611' is set on object 'Object Repository/Journey Partner Profile/Tabs/Contact Info/input_Organization Phone'

27-02-2025T17:39:14 - [TEST_STEP][PASSED] - println("Setting text " + parm1): null

27-02-2025T17:39:14 - [TEST_STEP][PASSED] - setText(findTestObject(testObject), parm1): Text '612-209-9611' is set on object 'Object Repository/Journey Partner Profile/Tabs/Contact Info/input_Organization Phone'

27-02-2025T17:39:14 - [MESSAGE][PASSED] - Text '612-209-9611' is set on object 'Object Repository/Journey Partner Profile/Tabs/Contact Info/input_Organization Phone'

27-02-2025T17:39:14 - [MESSAGE][PASSED] - Call Test Case 'Test Cases/_Functions/Perform Action' successfully

27-02-2025T17:39:14 - [TEST_STEP][PASSED] - if (varOrganization_city != null): Call Test Case 'Test Cases/_Functions/Perform Action' successfully

27-02-2025T17:39:14 - [TEST_STEP][PASSED] - object = "Object Repository/Journey Partner Profile/Tabs/Contact Info/input_Organization City": null

27-02-2025T17:39:14 - [TEST_STEP][PASSED] - callTestCase(findTestCase("_Functions/Perform Action"), ["varAction":"setText", "varObject":object, "varParm1":varOrganization_city], STOP_ON_FAILURE): Call Test Case 'Test Cases/_Functions/Perform Action' successfully

27-02-2025T17:39:14 - [TEST_CASE][PASSED] - Test Cases/_Functions/Perform Action: Test Cases/_Functions/Perform Action

27-02-2025T17:39:14 - [TEST_STEP][PASSED] - action = varAction: null

27-02-2025T17:39:14 - [TEST_STEP][PASSED] - println(action): null

27-02-2025T17:39:14 - [TEST_STEP][PASSED] - testObject = varObject: null

27-02-2025T17:39:14 - [TEST_STEP][PASSED] - println(testObject): null

27-02-2025T17:39:14 - [TEST_STEP][PASSED] - parm1 = varParm1: null

27-02-2025T17:39:14 - [TEST_STEP][PASSED] - println(parm1): null

27-02-2025T17:39:14 - [TEST_STEP][PASSED] - println("Converting " + testObject + " to web element"): null

27-02-2025T17:39:14 - [TEST_STEP][PASSED] - element = findWebElement(findTestObject(testObject), 1): null

27-02-2025T17:39:14 - [TEST_STEP][PASSED] - loc = element.getLocation(): null

27-02-2025T17:39:14 - [TEST_STEP][PASSED] - y = loc.getY(): null

27-02-2025T17:39:14 - [TEST_STEP][PASSED] - println("Y location is " + y): null

27-02-2025T17:39:14 - [TEST_STEP][PASSED] - top = getViewportTopPosition(): Current viewport's top (y) position is 702

27-02-2025T17:39:14 - [MESSAGE][PASSED] - Current viewport's top (y) position is 702

27-02-2025T17:39:14 - [TEST_STEP][PASSED] - println("Viewport top is " + top): null

27-02-2025T17:39:14 - [TEST_STEP][PASSED] - bottom = top + 600: null

27-02-2025T17:39:14 - [TEST_STEP][PASSED] - if (y - top < 150 || bottom - y < 10): Delayed 1 second(s)

27-02-2025T17:39:14 - [TEST_STEP][PASSED] - scrollToPosition(0, y - 150): Browser is scrolled to position x = 0, y = 524

27-02-2025T17:39:14 - [MESSAGE][PASSED] - Browser is scrolled to position x = 0, y = 524

27-02-2025T17:39:14 - [TEST_STEP][PASSED] - delay(1): Delayed 1 second(s)

27-02-2025T17:39:15 - [MESSAGE][PASSED] - Delayed 1 second(s)

27-02-2025T17:39:15 - [TEST_STEP][PASSED] - if (action == "click"): null

27-02-2025T17:39:15 - [TEST_STEP][PASSED] - else if (action == "selectOptionByValue"): null

27-02-2025T17:39:15 - [TEST_STEP][PASSED] - else if (action == "setText"): Text 'Waconia' is set on object 'Object Repository/Journey Partner Profile/Tabs/Contact Info/input_Organization City'

27-02-2025T17:39:15 - [TEST_STEP][PASSED] - println("Setting text " + parm1): null

27-02-2025T17:39:15 - [TEST_STEP][PASSED] - setText(findTestObject(testObject), parm1): Text 'Waconia' is set on object 'Object Repository/Journey Partner Profile/Tabs/Contact Info/input_Organization City'

27-02-2025T17:39:15 - [MESSAGE][PASSED] - Text 'Waconia' is set on object 'Object Repository/Journey Partner Profile/Tabs/Contact Info/input_Organization City'

27-02-2025T17:39:15 - [MESSAGE][PASSED] - Call Test Case 'Test Cases/_Functions/Perform Action' successfully

27-02-2025T17:39:15 - [TEST_STEP][PASSED] - if (varProvince_state_region != null): Call Test Case 'Test Cases/_Functions/Perform Action' successfully

27-02-2025T17:39:15 - [TEST_STEP][PASSED] - object = "Object Repository/Journey Partner Profile/Tabs/Contact Info/select_State": null

27-02-2025T17:39:15 - [TEST_STEP][PASSED] - callTestCase(findTestCase("_Functions/Perform Action"), ["varAction":"selectOptionByValue", "varObject":object, "varParm1":varProvince_state_region], STOP_ON_FAILURE): Call Test Case 'Test Cases/_Functions/Perform Action' successfully

27-02-2025T17:39:15 - [TEST_CASE][PASSED] - Test Cases/_Functions/Perform Action: Test Cases/_Functions/Perform Action

27-02-2025T17:39:15 - [TEST_STEP][PASSED] - action = varAction: null

27-02-2025T17:39:15 - [TEST_STEP][PASSED] - println(action): null

27-02-2025T17:39:15 - [TEST_STEP][PASSED] - testObject = varObject: null

27-02-2025T17:39:15 - [TEST_STEP][PASSED] - println(testObject): null

27-02-2025T17:39:15 - [TEST_STEP][PASSED] - parm1 = varParm1: null

27-02-2025T17:39:15 - [TEST_STEP][PASSED] - println(parm1): null

27-02-2025T17:39:15 - [TEST_STEP][PASSED] - println("Converting " + testObject + " to web element"): null

27-02-2025T17:39:15 - [TEST_STEP][PASSED] - element = findWebElement(findTestObject(testObject), 1): null

27-02-2025T17:39:15 - [TEST_STEP][PASSED] - loc = element.getLocation(): null

27-02-2025T17:39:15 - [TEST_STEP][PASSED] - y = loc.getY(): null

27-02-2025T17:39:15 - [TEST_STEP][PASSED] - println("Y location is " + y): null

27-02-2025T17:39:15 - [TEST_STEP][PASSED] - top = getViewportTopPosition(): Current viewport's top (y) position is 524

27-02-2025T17:39:15 - [MESSAGE][PASSED] - Current viewport's top (y) position is 524

27-02-2025T17:39:15 - [TEST_STEP][PASSED] - println("Viewport top is " + top): null

27-02-2025T17:39:15 - [TEST_STEP][PASSED] - bottom = top + 600: null

27-02-2025T17:39:15 - [TEST_STEP][PASSED] - if (y - top < 150 || bottom - y < 10): null

27-02-2025T17:39:15 - [TEST_STEP][PASSED] - if (action == "click"): null

27-02-2025T17:39:15 - [TEST_STEP][PASSED] - else if (action == "selectOptionByValue"): All options with value 'Minnesota' are selected in object 'Object Repository/Journey Partner Profile/Tabs/Contact Info/select_State' 

27-02-2025T17:39:15 - [TEST_STEP][PASSED] - println("Selecting " + parm1): null

27-02-2025T17:39:15 - [TEST_STEP][PASSED] - selectOptionByValue(findTestObject(testObject), parm1, false): All options with value 'Minnesota' are selected in object 'Object Repository/Journey Partner Profile/Tabs/Contact Info/select_State' 

27-02-2025T17:39:15 - [MESSAGE][PASSED] - All options with value 'Minnesota' are selected in object 'Object Repository/Journey Partner Profile/Tabs/Contact Info/select_State' 

27-02-2025T17:39:15 - [MESSAGE][PASSED] - Call Test Case 'Test Cases/_Functions/Perform Action' successfully

27-02-2025T17:39:15 - [TEST_STEP][PASSED] - if (varProvince_state_region != null): Call Test Case 'Test Cases/_Functions/Perform Action' successfully

27-02-2025T17:39:15 - [TEST_STEP][PASSED] - object = "Object Repository/Journey Partner Profile/Tabs/Contact Info/input_ProvinceStateRegion": null

27-02-2025T17:39:15 - [TEST_STEP][PASSED] - callTestCase(findTestCase("_Functions/Perform Action"), ["varAction":"setText", "varObject":object, "varParm1":varProvince_state_region], STOP_ON_FAILURE): Call Test Case 'Test Cases/_Functions/Perform Action' successfully

27-02-2025T17:39:15 - [TEST_CASE][PASSED] - Test Cases/_Functions/Perform Action: Test Cases/_Functions/Perform Action

27-02-2025T17:39:15 - [TEST_STEP][PASSED] - action = varAction: null

27-02-2025T17:39:15 - [TEST_STEP][PASSED] - println(action): null

27-02-2025T17:39:15 - [TEST_STEP][PASSED] - testObject = varObject: null

27-02-2025T17:39:15 - [TEST_STEP][PASSED] - println(testObject): null

27-02-2025T17:39:15 - [TEST_STEP][PASSED] - parm1 = varParm1: null

27-02-2025T17:39:15 - [TEST_STEP][PASSED] - println(parm1): null

27-02-2025T17:39:15 - [TEST_STEP][PASSED] - println("Converting " + testObject + " to web element"): null

27-02-2025T17:39:15 - [TEST_STEP][PASSED] - element = findWebElement(findTestObject(testObject), 1): null

27-02-2025T17:39:15 - [TEST_STEP][PASSED] - loc = element.getLocation(): null

27-02-2025T17:39:15 - [TEST_STEP][PASSED] - y = loc.getY(): null

27-02-2025T17:39:15 - [TEST_STEP][PASSED] - println("Y location is " + y): null

27-02-2025T17:39:15 - [TEST_STEP][PASSED] - top = getViewportTopPosition(): Current viewport's top (y) position is 524

27-02-2025T17:39:15 - [MESSAGE][PASSED] - Current viewport's top (y) position is 524

27-02-2025T17:39:15 - [TEST_STEP][PASSED] - println("Viewport top is " + top): null

27-02-2025T17:39:15 - [TEST_STEP][PASSED] - bottom = top + 600: null

27-02-2025T17:39:15 - [TEST_STEP][PASSED] - if (y - top < 150 || bottom - y < 10): null

27-02-2025T17:39:15 - [TEST_STEP][PASSED] - if (action == "click"): null

27-02-2025T17:39:15 - [TEST_STEP][PASSED] - else if (action == "selectOptionByValue"): null

27-02-2025T17:39:15 - [TEST_STEP][PASSED] - else if (action == "setText"): Text 'Minnesota' is set on object 'Object Repository/Journey Partner Profile/Tabs/Contact Info/input_ProvinceStateRegion'

27-02-2025T17:39:15 - [TEST_STEP][PASSED] - println("Setting text " + parm1): null

27-02-2025T17:39:15 - [TEST_STEP][PASSED] - setText(findTestObject(testObject), parm1): Text 'Minnesota' is set on object 'Object Repository/Journey Partner Profile/Tabs/Contact Info/input_ProvinceStateRegion'

27-02-2025T17:39:15 - [MESSAGE][PASSED] - Text 'Minnesota' is set on object 'Object Repository/Journey Partner Profile/Tabs/Contact Info/input_ProvinceStateRegion'

27-02-2025T17:39:15 - [MESSAGE][PASSED] - Call Test Case 'Test Cases/_Functions/Perform Action' successfully

27-02-2025T17:39:15 - [TEST_STEP][PASSED] - if (varCountry != null): Call Test Case 'Test Cases/_Functions/Perform Action' successfully

27-02-2025T17:39:15 - [TEST_STEP][PASSED] - object = "Object Repository/Journey Partner Profile/Tabs/Contact Info/select_Country": null

27-02-2025T17:39:15 - [TEST_STEP][PASSED] - callTestCase(findTestCase("_Functions/Perform Action"), ["varAction":"selectOptionByValue", "varObject":object, "varParm1":varCountry], STOP_ON_FAILURE): Call Test Case 'Test Cases/_Functions/Perform Action' successfully

27-02-2025T17:39:15 - [TEST_CASE][PASSED] - Test Cases/_Functions/Perform Action: Test Cases/_Functions/Perform Action

27-02-2025T17:39:15 - [TEST_STEP][PASSED] - action = varAction: null

27-02-2025T17:39:15 - [TEST_STEP][PASSED] - println(action): null

27-02-2025T17:39:15 - [TEST_STEP][PASSED] - testObject = varObject: null

27-02-2025T17:39:15 - [TEST_STEP][PASSED] - println(testObject): null

27-02-2025T17:39:15 - [TEST_STEP][PASSED] - parm1 = varParm1: null

27-02-2025T17:39:15 - [TEST_STEP][PASSED] - println(parm1): null

27-02-2025T17:39:15 - [TEST_STEP][PASSED] - println("Converting " + testObject + " to web element"): null

27-02-2025T17:39:15 - [TEST_STEP][PASSED] - element = findWebElement(findTestObject(testObject), 1): null

27-02-2025T17:39:15 - [TEST_STEP][PASSED] - loc = element.getLocation(): null

27-02-2025T17:39:15 - [TEST_STEP][PASSED] - y = loc.getY(): null

27-02-2025T17:39:15 - [TEST_STEP][PASSED] - println("Y location is " + y): null

27-02-2025T17:39:15 - [TEST_STEP][PASSED] - top = getViewportTopPosition(): Current viewport's top (y) position is 524

27-02-2025T17:39:15 - [MESSAGE][PASSED] - Current viewport's top (y) position is 524

27-02-2025T17:39:15 - [TEST_STEP][PASSED] - println("Viewport top is " + top): null

27-02-2025T17:39:15 - [TEST_STEP][PASSED] - bottom = top + 600: null

27-02-2025T17:39:15 - [TEST_STEP][PASSED] - if (y - top < 150 || bottom - y < 10): Delayed 1 second(s)

27-02-2025T17:39:15 - [TEST_STEP][PASSED] - scrollToPosition(0, y - 150): Browser is scrolled to position x = 0, y = 484

27-02-2025T17:39:15 - [MESSAGE][PASSED] - Browser is scrolled to position x = 0, y = 484

27-02-2025T17:39:15 - [TEST_STEP][PASSED] - delay(1): Delayed 1 second(s)

27-02-2025T17:39:16 - [MESSAGE][PASSED] - Delayed 1 second(s)

27-02-2025T17:39:16 - [TEST_STEP][PASSED] - if (action == "click"): null

27-02-2025T17:39:16 - [TEST_STEP][PASSED] - else if (action == "selectOptionByValue"): All options with value 'United States' are selected in object 'Object Repository/Journey Partner Profile/Tabs/Contact Info/select_Country' 

27-02-2025T17:39:16 - [TEST_STEP][PASSED] - println("Selecting " + parm1): null

27-02-2025T17:39:16 - [TEST_STEP][PASSED] - selectOptionByValue(findTestObject(testObject), parm1, false): All options with value 'United States' are selected in object 'Object Repository/Journey Partner Profile/Tabs/Contact Info/select_Country' 

27-02-2025T17:39:17 - [MESSAGE][PASSED] - All options with value 'United States' are selected in object 'Object Repository/Journey Partner Profile/Tabs/Contact Info/select_Country' 

27-02-2025T17:39:17 - [MESSAGE][PASSED] - Call Test Case 'Test Cases/_Functions/Perform Action' successfully

27-02-2025T17:39:17 - [TEST_STEP][PASSED] - callTestCase(findTestCase("_Functions/Test External Links"), ["varPageLinks":pageLinks, "varObjectPath":"Object Repository/Journey Candidate Profile/Tabs/Contact Info/"], OPTIONAL): Call Test Case 'Test Cases/_Functions/Test External Links' successfully

27-02-2025T17:39:17 - [TEST_CASE][PASSED] - Test Cases/_Functions/Test External Links: Test Cases/_Functions/Test External Links

27-02-2025T17:39:17 - [TEST_STEP][PASSED] - if (fastPath): null

27-02-2025T17:39:17 - [TEST_STEP][PASSED] - outFile = outFile: null

27-02-2025T17:39:17 - [TEST_STEP][PASSED] - pageLinks = varPageLinks: null

27-02-2025T17:39:17 - [TEST_STEP][PASSED] - println(pageLinks): null

27-02-2025T17:39:17 - [TEST_STEP][PASSED] - objectPath = varObjectPath: null

27-02-2025T17:39:17 - [TEST_STEP][PASSED] - println(objectPath): null

27-02-2025T17:39:17 - [TEST_STEP][PASSED] - callingTab = varCallingTab: null

27-02-2025T17:39:17 - [TEST_STEP][PASSED] - println(callingTab): null

27-02-2025T17:39:17 - [TEST_STEP][PASSED] - driver = getWebDriver(): null

27-02-2025T17:39:17 - [TEST_STEP][PASSED] - for (def it : pageLinks): null

27-02-2025T17:39:17 - [MESSAGE][PASSED] - Call Test Case 'Test Cases/_Functions/Test External Links' successfully

27-02-2025T17:39:17 - [TEST_STEP][PASSED] - object = "Journey Partner Profile/Tabs/btn_Complete Submit": null

27-02-2025T17:39:17 - [TEST_STEP][PASSED] - callTestCase(findTestCase("_Functions/Perform Action"), ["varAction":"click", "varObject":object, "varParm1":null], STOP_ON_FAILURE): Call Test Case 'Test Cases/_Functions/Perform Action' successfully

27-02-2025T17:39:17 - [TEST_CASE][PASSED] - Test Cases/_Functions/Perform Action: Test Cases/_Functions/Perform Action

27-02-2025T17:39:17 - [TEST_STEP][PASSED] - action = varAction: null

27-02-2025T17:39:17 - [TEST_STEP][PASSED] - println(action): null

27-02-2025T17:39:17 - [TEST_STEP][PASSED] - testObject = varObject: null

27-02-2025T17:39:17 - [TEST_STEP][PASSED] - println(testObject): null

27-02-2025T17:39:17 - [TEST_STEP][PASSED] - parm1 = varParm1: null

27-02-2025T17:39:17 - [TEST_STEP][PASSED] - println(parm1): null

27-02-2025T17:39:17 - [TEST_STEP][PASSED] - println("Converting " + testObject + " to web element"): null

27-02-2025T17:39:17 - [TEST_STEP][PASSED] - element = findWebElement(findTestObject(testObject), 1): null

27-02-2025T17:39:17 - [TEST_STEP][PASSED] - loc = element.getLocation(): null

27-02-2025T17:39:17 - [TEST_STEP][PASSED] - y = loc.getY(): null

27-02-2025T17:39:17 - [TEST_STEP][PASSED] - println("Y location is " + y): null

27-02-2025T17:39:17 - [TEST_STEP][PASSED] - top = getViewportTopPosition(): Current viewport's top (y) position is 484

27-02-2025T17:39:17 - [MESSAGE][PASSED] - Current viewport's top (y) position is 484

27-02-2025T17:39:17 - [TEST_STEP][PASSED] - println("Viewport top is " + top): null

27-02-2025T17:39:17 - [TEST_STEP][PASSED] - bottom = top + 600: null

27-02-2025T17:39:17 - [TEST_STEP][PASSED] - if (y - top < 150 || bottom - y < 10): Delayed 1 second(s)

27-02-2025T17:39:17 - [TEST_STEP][PASSED] - scrollToPosition(0, y - 150): Browser is scrolled to position x = 0, y = 1228

27-02-2025T17:39:17 - [MESSAGE][PASSED] - Browser is scrolled to position x = 0, y = 1228

27-02-2025T17:39:17 - [TEST_STEP][PASSED] - delay(1): Delayed 1 second(s)

27-02-2025T17:39:18 - [MESSAGE][PASSED] - Delayed 1 second(s)

27-02-2025T17:39:18 - [TEST_STEP][PASSED] - if (action == "click"): Object: 'Object Repository/Journey Partner Profile/Tabs/btn_Complete Submit' is clicked on

27-02-2025T17:39:18 - [TEST_STEP][PASSED] - println("clicking"): null

27-02-2025T17:39:18 - [TEST_STEP][PASSED] - click(findTestObject(testObject)): Object: 'Object Repository/Journey Partner Profile/Tabs/btn_Complete Submit' is clicked on

27-02-2025T17:39:20 - [MESSAGE][PASSED] - Object: 'Object Repository/Journey Partner Profile/Tabs/btn_Complete Submit' is clicked on

27-02-2025T17:39:20 - [MESSAGE][PASSED] - Call Test Case 'Test Cases/_Functions/Perform Action' successfully

27-02-2025T17:39:20 - [MESSAGE][PASSED] - Call Test Case 'Test Cases/Journey Partner Profile/Tabs/Set Contact Info' successfully

27-02-2025T17:39:20 - [TEST_STEP][PASSED] - if (pages.size() == 0 || "All" in pages || "Organization Info" in pages): Call Test Case 'Test Cases/Journey Partner Profile/Tabs/Set Organization Info' successfully

27-02-2025T17:39:20 - [TEST_STEP][PASSED] - year_founded = "2012": null

27-02-2025T17:39:20 - [TEST_STEP][PASSED] - link_back_url = "http://myjourneypartner.org": null

27-02-2025T17:39:20 - [TEST_STEP][PASSED] - organization_city = "Waconia": null

27-02-2025T17:39:20 - [TEST_STEP][PASSED] - hide_listing = "Yes": null

27-02-2025T17:39:20 - [TEST_STEP][PASSED] - security_explanation = "Creative access country.": null

27-02-2025T17:39:20 - [TEST_STEP][PASSED] - callTestCase(findTestCase("Journey Partner Profile/Tabs/Set Organization Info"), ["varYear_founded":year_founded, "varLink_back_url":link_back_url, "varHide_listing":hide_listing, "varSecurity_explanation":security_explanation], STOP_ON_FAILURE): Call Test Case 'Test Cases/Journey Partner Profile/Tabs/Set Organization Info' successfully

27-02-2025T17:39:20 - [TEST_CASE][PASSED] - Test Cases/Journey Partner Profile/Tabs/Set Organization Info: Test Cases/Journey Partner Profile/Tabs/Set Organization Info

27-02-2025T17:39:20 - [TEST_STEP][PASSED] - username = username: null

27-02-2025T17:39:20 - [TEST_STEP][PASSED] - if (username != "cktest07jp" && username != "cktest02jp"): null

27-02-2025T17:39:20 - [TEST_STEP][PASSED] - domain = domain: null

27-02-2025T17:39:20 - [TEST_STEP][PASSED] - writeFile = false: null

27-02-2025T17:39:20 - [TEST_STEP][PASSED] - testName = "Journey Partner Organization Info Tab": null

27-02-2025T17:39:20 - [TEST_STEP][PASSED] - outFile = callTestCase(findTestCase("_Functions/Set Output File"), ["varTestName":testName], STOP_ON_FAILURE): Call Test Case 'Test Cases/_Functions/Set Output File' successfully

27-02-2025T17:39:20 - [TEST_CASE][PASSED] - Test Cases/_Functions/Set Output File: Test Cases/_Functions/Set Output File

27-02-2025T17:39:20 - [TEST_STEP][PASSED] - testName = varTestName: null

27-02-2025T17:39:20 - [TEST_STEP][PASSED] - domain = domain: null

27-02-2025T17:39:20 - [TEST_STEP][PASSED] - writeFile = false: null

27-02-2025T17:39:20 - [TEST_STEP][PASSED] - if (outFile != ""): null

27-02-2025T17:39:20 - [TEST_STEP][PASSED] - myFile = outFile: null

27-02-2025T17:39:20 - [TEST_STEP][PASSED] - println(myFile): null

27-02-2025T17:39:20 - [TEST_STEP][PASSED] - outFile = new java.io.File(myFile): null

27-02-2025T17:39:20 - [TEST_STEP][PASSED] - writeFile = true: null

27-02-2025T17:39:20 - [TEST_STEP][PASSED] - if (!(writeFile)): null

27-02-2025T17:39:20 - [TEST_STEP][PASSED] - else: null

27-02-2025T17:39:20 - [TEST_STEP][PASSED] - outFile.append("
Testing " + testName + " on " + domain + ".
"): null

27-02-2025T17:39:20 - [TEST_STEP][PASSED] - return outFile: null

27-02-2025T17:39:20 - [MESSAGE][PASSED] - Call Test Case 'Test Cases/_Functions/Set Output File' successfully

27-02-2025T17:39:20 - [TEST_STEP][PASSED] - tooltipImagePath = "/Users/cckozie/git/MissionNext-Katalon-Koz/images/journey partner/": null

27-02-2025T17:39:20 - [TEST_STEP][PASSED] - testObjectFolder = "Journey partner Profile/Tabs/Organization Info/": null

27-02-2025T17:39:20 - [TEST_STEP][PASSED] - tooltips = ["dummy":"dummy", "Tier Level":"img_Tier Level_field-tooltip", "Mission Statement":"img_Mission Statement_field-tooltip", "Statement of Faith":"img_Statement of Faith_field-tooltip", ... ]: null

27-02-2025T17:39:20 - [TEST_STEP][PASSED] - tooltipText = ["Tier Level":"Select Tier level based on size of your organization's Annual Revenue.", "Mission Statement":"Add web address from website where the mission statement is displayed.", ... ]: null

27-02-2025T17:39:20 - [TEST_STEP][PASSED] - requiredFieldMsgs = [:]: null

27-02-2025T17:39:20 - [TEST_STEP][PASSED] - pageLinks = [:]: null

27-02-2025T17:39:20 - [TEST_STEP][PASSED] - click(findTestObject("Journey Partner Profile/Tabs/a_Organization Info")): Object: 'Object Repository/Journey Partner Profile/Tabs/a_Organization Info' is clicked on

27-02-2025T17:39:20 - [MESSAGE][PASSED] - Object: 'Object Repository/Journey Partner Profile/Tabs/a_Organization Info' is clicked on

27-02-2025T17:39:20 - [TEST_STEP][PASSED] - tooltipTextMap = callTestCase(findTestCase("_Functions/Get Screenshot and Tooltip Text"), ["varExtension":testName], STOP_ON_FAILURE): Call Test Case 'Test Cases/_Functions/Get Screenshot and Tooltip Text' successfully

27-02-2025T17:39:20 - [TEST_CASE][PASSED] - Test Cases/_Functions/Get Screenshot and Tooltip Text: Test Cases/_Functions/Get Screenshot and Tooltip Text

27-02-2025T17:39:20 - [TEST_STEP][PASSED] - if (fastPath): null

27-02-2025T17:39:20 - [TEST_STEP][PASSED] - frame = new javax.swing.JFrame(): null

27-02-2025T17:39:20 - [TEST_STEP][PASSED] - p = new javax.swing.JPanel(): null

27-02-2025T17:39:20 - [TEST_STEP][PASSED] - l = new javax.swing.JLabel(Getting screenshot and tooltip text..., javax.swing.SwingConstants.CENTER): null

27-02-2025T17:39:20 - [TEST_STEP][PASSED] - frame.add(l): null

27-02-2025T17:39:20 - [TEST_STEP][PASSED] - frame.setSize(300, 100): null

27-02-2025T17:39:20 - [TEST_STEP][PASSED] - frame.setLocation(600, 0): null

27-02-2025T17:39:20 - [TEST_STEP][PASSED] - frame.setAlwaysOnTop(true): null

27-02-2025T17:39:20 - [TEST_STEP][PASSED] - frame.show(): null

27-02-2025T17:39:20 - [TEST_STEP][PASSED] - driver = getWebDriver(): null

27-02-2025T17:39:20 - [TEST_STEP][PASSED] - path = "/Users/cckozie/Documents/MissionNext/Screenshots and Tooltip Text/": null

27-02-2025T17:39:20 - [TEST_STEP][PASSED] - if (binding.hasVariable("varExtension")): null

27-02-2025T17:39:20 - [TEST_STEP][PASSED] - extension = varExtension: null

27-02-2025T17:39:20 - [TEST_STEP][PASSED] - println("Extension is " + extension): null

27-02-2025T17:39:20 - [TEST_STEP][PASSED] - fileBase = path + extension: null

27-02-2025T17:39:20 - [TEST_STEP][PASSED] - fileImage = fileBase + "_Screenshot.png": null

27-02-2025T17:39:20 - [TEST_STEP][PASSED] - waitForPageLoad(30): Wait for page load successfully

27-02-2025T17:39:20 - [MESSAGE][PASSED] - Wait for page load successfully

27-02-2025T17:39:20 - [TEST_STEP][PASSED] - spinner = driver.findElement(By.xpath("/html/body/div[1]/div/div[2]")): null

27-02-2025T17:39:20 - [TEST_STEP][PASSED] - executor = driver: null

27-02-2025T17:39:20 - [TEST_STEP][PASSED] - elementAttributes = executor.executeScript("var items = {}; for (index = 0; index < arguments[0].attributes.length; ++index) { items[arguments[0].attributes[index].name] = arguments[0].attributes[index].value }; return items;", spinner): null

27-02-2025T17:39:20 - [TEST_STEP][PASSED] - attrs = elementAttributes.toString(): null

27-02-2025T17:39:20 - [TEST_STEP][PASSED] - waits = 0: null

27-02-2025T17:39:20 - [TEST_STEP][PASSED] - while (attrs.indexOf("display: none") < 0 && waits < 2): null

27-02-2025T17:39:20 - [TEST_STEP][PASSED] - delay(1): Delayed 1 second(s)

27-02-2025T17:39:21 - [MESSAGE][PASSED] - Delayed 1 second(s)

27-02-2025T17:39:21 - [TEST_STEP][PASSED] - attrs = elementAttributes.toString(): null

27-02-2025T17:39:21 - [TEST_STEP][PASSED] - (waits++): null

27-02-2025T17:39:21 - [TEST_STEP][PASSED] - delay(1): Delayed 1 second(s)

27-02-2025T17:39:22 - [MESSAGE][PASSED] - Delayed 1 second(s)

27-02-2025T17:39:22 - [TEST_STEP][PASSED] - attrs = elementAttributes.toString(): null

27-02-2025T17:39:22 - [TEST_STEP][PASSED] - (waits++): null

27-02-2025T17:39:22 - [TEST_STEP][PASSED] - tooltipMap = callTestCase(findTestCase("_Functions/Get Tooltip Text"), [:], STOP_ON_FAILURE): Call Test Case 'Test Cases/_Functions/Get Tooltip Text' successfully

27-02-2025T17:39:22 - [TEST_CASE][PASSED] - Test Cases/_Functions/Get Tooltip Text: Test Cases/_Functions/Get Tooltip Text

27-02-2025T17:39:22 - [TEST_STEP][PASSED] - fieldTooltips = [:]: null

27-02-2025T17:39:22 - [TEST_STEP][PASSED] - tooltipMap = [:]: null

27-02-2025T17:39:22 - [TEST_STEP][PASSED] - driver = getWebDriver(): null

27-02-2025T17:39:22 - [TEST_STEP][PASSED] - tooltips = driver.findElements(By.className("field-tooltip")): null

27-02-2025T17:39:22 - [TEST_STEP][PASSED] - for (def it : tooltips): null

27-02-2025T17:39:22 - [TEST_STEP][PASSED] - if (it.isDisplayed()): null

27-02-2025T17:39:22 - [TEST_STEP][PASSED] - if (it.isDisplayed()): null

27-02-2025T17:39:22 - [TEST_STEP][PASSED] - if (it.isDisplayed()): null

27-02-2025T17:39:22 - [TEST_STEP][PASSED] - if (it.isDisplayed()): null

27-02-2025T17:39:22 - [TEST_STEP][PASSED] - if (it.isDisplayed()): null

27-02-2025T17:39:22 - [TEST_STEP][PASSED] - if (it.isDisplayed()): null

27-02-2025T17:39:22 - [TEST_STEP][PASSED] - if (it.isDisplayed()): null

27-02-2025T17:39:22 - [TEST_STEP][PASSED] - if (it.isDisplayed()): null

27-02-2025T17:39:22 - [TEST_STEP][PASSED] - if (it.isDisplayed()): null

27-02-2025T17:39:22 - [TEST_STEP][PASSED] - ttText = it.getAttribute("data-original-title"): null

27-02-2025T17:39:22 - [TEST_STEP][PASSED] - ttLocation = it.getLocation(): null

27-02-2025T17:39:22 - [TEST_STEP][PASSED] - yLocation = ttLocation.getY(): null

27-02-2025T17:39:22 - [TEST_STEP][PASSED] - xLocation = ttLocation.getX(): null

27-02-2025T17:39:22 - [TEST_STEP][PASSED] - fieldTooltips.put(ttText, yLocation): null

27-02-2025T17:39:22 - [TEST_STEP][PASSED] - if (it.isDisplayed()): null

27-02-2025T17:39:22 - [TEST_STEP][PASSED] - ttText = it.getAttribute("data-original-title"): null

27-02-2025T17:39:22 - [TEST_STEP][PASSED] - ttLocation = it.getLocation(): null

27-02-2025T17:39:22 - [TEST_STEP][PASSED] - yLocation = ttLocation.getY(): null

27-02-2025T17:39:22 - [TEST_STEP][PASSED] - xLocation = ttLocation.getX(): null

27-02-2025T17:39:22 - [TEST_STEP][PASSED] - fieldTooltips.put(ttText, yLocation): null

27-02-2025T17:39:22 - [TEST_STEP][PASSED] - if (it.isDisplayed()): null

27-02-2025T17:39:22 - [TEST_STEP][PASSED] - ttText = it.getAttribute("data-original-title"): null

27-02-2025T17:39:22 - [TEST_STEP][PASSED] - ttLocation = it.getLocation(): null

27-02-2025T17:39:22 - [TEST_STEP][PASSED] - yLocation = ttLocation.getY(): null

27-02-2025T17:39:22 - [TEST_STEP][PASSED] - xLocation = ttLocation.getX(): null

27-02-2025T17:39:22 - [TEST_STEP][PASSED] - fieldTooltips.put(ttText, yLocation): null

27-02-2025T17:39:22 - [TEST_STEP][PASSED] - if (it.isDisplayed()): null

27-02-2025T17:39:22 - [TEST_STEP][PASSED] - ttText = it.getAttribute("data-original-title"): null

27-02-2025T17:39:22 - [TEST_STEP][PASSED] - ttLocation = it.getLocation(): null

27-02-2025T17:39:22 - [TEST_STEP][PASSED] - yLocation = ttLocation.getY(): null

27-02-2025T17:39:22 - [TEST_STEP][PASSED] - xLocation = ttLocation.getX(): null

27-02-2025T17:39:22 - [TEST_STEP][PASSED] - fieldTooltips.put(ttText, yLocation): null

27-02-2025T17:39:22 - [TEST_STEP][PASSED] - if (it.isDisplayed()): null

27-02-2025T17:39:22 - [TEST_STEP][PASSED] - ttText = it.getAttribute("data-original-title"): null

27-02-2025T17:39:22 - [TEST_STEP][PASSED] - ttLocation = it.getLocation(): null

27-02-2025T17:39:22 - [TEST_STEP][PASSED] - yLocation = ttLocation.getY(): null

27-02-2025T17:39:22 - [TEST_STEP][PASSED] - xLocation = ttLocation.getX(): null

27-02-2025T17:39:22 - [TEST_STEP][PASSED] - fieldTooltips.put(ttText, yLocation): null

27-02-2025T17:39:22 - [TEST_STEP][PASSED] - if (it.isDisplayed()): null

27-02-2025T17:39:22 - [TEST_STEP][PASSED] - ttText = it.getAttribute("data-original-title"): null

27-02-2025T17:39:22 - [TEST_STEP][PASSED] - ttLocation = it.getLocation(): null

27-02-2025T17:39:22 - [TEST_STEP][PASSED] - yLocation = ttLocation.getY(): null

27-02-2025T17:39:22 - [TEST_STEP][PASSED] - xLocation = ttLocation.getX(): null

27-02-2025T17:39:22 - [TEST_STEP][PASSED] - fieldTooltips.put(ttText, yLocation): null

27-02-2025T17:39:22 - [TEST_STEP][PASSED] - if (it.isDisplayed()): null

27-02-2025T17:39:22 - [TEST_STEP][PASSED] - ttText = it.getAttribute("data-original-title"): null

27-02-2025T17:39:22 - [TEST_STEP][PASSED] - ttLocation = it.getLocation(): null

27-02-2025T17:39:22 - [TEST_STEP][PASSED] - yLocation = ttLocation.getY(): null

27-02-2025T17:39:22 - [TEST_STEP][PASSED] - xLocation = ttLocation.getX(): null

27-02-2025T17:39:22 - [TEST_STEP][PASSED] - fieldTooltips.put(ttText, yLocation): null

27-02-2025T17:39:22 - [TEST_STEP][PASSED] - if (it.isDisplayed()): null

27-02-2025T17:39:22 - [TEST_STEP][PASSED] - ttText = it.getAttribute("data-original-title"): null

27-02-2025T17:39:22 - [TEST_STEP][PASSED] - ttLocation = it.getLocation(): null

27-02-2025T17:39:22 - [TEST_STEP][PASSED] - yLocation = ttLocation.getY(): null

27-02-2025T17:39:22 - [TEST_STEP][PASSED] - xLocation = ttLocation.getX(): null

27-02-2025T17:39:22 - [TEST_STEP][PASSED] - fieldTooltips.put(ttText, yLocation): null

27-02-2025T17:39:22 - [TEST_STEP][PASSED] - if (it.isDisplayed()): null

27-02-2025T17:39:22 - [TEST_STEP][PASSED] - if (it.isDisplayed()): null

27-02-2025T17:39:22 - [TEST_STEP][PASSED] - if (it.isDisplayed()): null

27-02-2025T17:39:22 - [TEST_STEP][PASSED] - if (it.isDisplayed()): null

27-02-2025T17:39:22 - [TEST_STEP][PASSED] - if (it.isDisplayed()): null

27-02-2025T17:39:22 - [TEST_STEP][PASSED] - if (it.isDisplayed()): null

27-02-2025T17:39:22 - [TEST_STEP][PASSED] - if (it.isDisplayed()): null

27-02-2025T17:39:22 - [TEST_STEP][PASSED] - if (it.isDisplayed()): null

27-02-2025T17:39:22 - [TEST_STEP][PASSED] - if (it.isDisplayed()): null

27-02-2025T17:39:22 - [TEST_STEP][PASSED] - if (it.isDisplayed()): null

27-02-2025T17:39:22 - [TEST_STEP][PASSED] - if (it.isDisplayed()): null

27-02-2025T17:39:22 - [TEST_STEP][PASSED] - if (it.isDisplayed()): null

27-02-2025T17:39:22 - [TEST_STEP][PASSED] - if (it.isDisplayed()): null

27-02-2025T17:39:22 - [TEST_STEP][PASSED] - if (it.isDisplayed()): null

27-02-2025T17:39:22 - [TEST_STEP][PASSED] - if (it.isDisplayed()): null

27-02-2025T17:39:22 - [TEST_STEP][PASSED] - if (it.isDisplayed()): null

27-02-2025T17:39:22 - [TEST_STEP][PASSED] - if (it.isDisplayed()): null

27-02-2025T17:39:22 - [TEST_STEP][PASSED] - if (it.isDisplayed()): null

27-02-2025T17:39:22 - [TEST_STEP][PASSED] - if (it.isDisplayed()): null

27-02-2025T17:39:22 - [TEST_STEP][PASSED] - if (it.isDisplayed()): null

27-02-2025T17:39:22 - [TEST_STEP][PASSED] - if (it.isDisplayed()): null

27-02-2025T17:39:22 - [TEST_STEP][PASSED] - if (fieldTooltips.size() > 0): null

27-02-2025T17:39:22 - [TEST_STEP][PASSED] - rightBorder = xLocation: null

27-02-2025T17:39:22 - [TEST_STEP][PASSED] - fieldLabels = [:]: null

27-02-2025T17:39:22 - [TEST_STEP][PASSED] - labels = driver.findElements(By.xpath("//label")): null

27-02-2025T17:39:22 - [TEST_STEP][PASSED] - labels.each({ -> ... }): null

27-02-2025T17:39:25 - [TEST_STEP][PASSED] - for (def label : fieldLabels): null

27-02-2025T17:39:25 - [TEST_STEP][PASSED] - y = value: null

27-02-2025T17:39:25 - [TEST_STEP][PASSED] - for (def tooltip : fieldTooltips): null

27-02-2025T17:39:25 - [TEST_STEP][PASSED] - if (value == y || value == y + 1 || value == y - 1): null

27-02-2025T17:39:25 - [TEST_STEP][PASSED] - if (value == y || value == y + 1 || value == y - 1): null

27-02-2025T17:39:25 - [TEST_STEP][PASSED] - if (value == y || value == y + 1 || value == y - 1): null

27-02-2025T17:39:25 - [TEST_STEP][PASSED] - if (value == y || value == y + 1 || value == y - 1): null

27-02-2025T17:39:25 - [TEST_STEP][PASSED] - if (value == y || value == y + 1 || value == y - 1): null

27-02-2025T17:39:25 - [TEST_STEP][PASSED] - if (value == y || value == y + 1 || value == y - 1): null

27-02-2025T17:39:25 - [TEST_STEP][PASSED] - if (value == y || value == y + 1 || value == y - 1): null

27-02-2025T17:39:25 - [TEST_STEP][PASSED] - if (value == y || value == y + 1 || value == y - 1): null

27-02-2025T17:39:25 - [TEST_STEP][PASSED] - y = value: null

27-02-2025T17:39:25 - [TEST_STEP][PASSED] - for (def tooltip : fieldTooltips): null

27-02-2025T17:39:25 - [TEST_STEP][PASSED] - if (value == y || value == y + 1 || value == y - 1): null

27-02-2025T17:39:25 - [TEST_STEP][PASSED] - tooltipMap.put(key, key): null

27-02-2025T17:39:25 - [TEST_STEP][PASSED] - break: null

27-02-2025T17:39:25 - [TEST_STEP][PASSED] - y = value: null

27-02-2025T17:39:25 - [TEST_STEP][PASSED] - for (def tooltip : fieldTooltips): null

27-02-2025T17:39:25 - [TEST_STEP][PASSED] - if (value == y || value == y + 1 || value == y - 1): null

27-02-2025T17:39:25 - [TEST_STEP][PASSED] - if (value == y || value == y + 1 || value == y - 1): null

27-02-2025T17:39:25 - [TEST_STEP][PASSED] - if (value == y || value == y + 1 || value == y - 1): null

27-02-2025T17:39:25 - [TEST_STEP][PASSED] - if (value == y || value == y + 1 || value == y - 1): null

27-02-2025T17:39:25 - [TEST_STEP][PASSED] - if (value == y || value == y + 1 || value == y - 1): null

27-02-2025T17:39:25 - [TEST_STEP][PASSED] - if (value == y || value == y + 1 || value == y - 1): null

27-02-2025T17:39:25 - [TEST_STEP][PASSED] - if (value == y || value == y + 1 || value == y - 1): null

27-02-2025T17:39:25 - [TEST_STEP][PASSED] - if (value == y || value == y + 1 || value == y - 1): null

27-02-2025T17:39:25 - [TEST_STEP][PASSED] - y = value: null

27-02-2025T17:39:25 - [TEST_STEP][PASSED] - for (def tooltip : fieldTooltips): null

27-02-2025T17:39:25 - [TEST_STEP][PASSED] - if (value == y || value == y + 1 || value == y - 1): null

27-02-2025T17:39:25 - [TEST_STEP][PASSED] - if (value == y || value == y + 1 || value == y - 1): null

27-02-2025T17:39:25 - [TEST_STEP][PASSED] - tooltipMap.put(key, key): null

27-02-2025T17:39:25 - [TEST_STEP][PASSED] - break: null

27-02-2025T17:39:25 - [TEST_STEP][PASSED] - y = value: null

27-02-2025T17:39:25 - [TEST_STEP][PASSED] - for (def tooltip : fieldTooltips): null

27-02-2025T17:39:25 - [TEST_STEP][PASSED] - if (value == y || value == y + 1 || value == y - 1): null

27-02-2025T17:39:25 - [TEST_STEP][PASSED] - if (value == y || value == y + 1 || value == y - 1): null

27-02-2025T17:39:25 - [TEST_STEP][PASSED] - if (value == y || value == y + 1 || value == y - 1): null

27-02-2025T17:39:25 - [TEST_STEP][PASSED] - tooltipMap.put(key, key): null

27-02-2025T17:39:25 - [TEST_STEP][PASSED] - break: null

27-02-2025T17:39:25 - [TEST_STEP][PASSED] - y = value: null

27-02-2025T17:39:25 - [TEST_STEP][PASSED] - for (def tooltip : fieldTooltips): null

27-02-2025T17:39:25 - [TEST_STEP][PASSED] - if (value == y || value == y + 1 || value == y - 1): null

27-02-2025T17:39:25 - [TEST_STEP][PASSED] - if (value == y || value == y + 1 || value == y - 1): null

27-02-2025T17:39:25 - [TEST_STEP][PASSED] - if (value == y || value == y + 1 || value == y - 1): null

27-02-2025T17:39:25 - [TEST_STEP][PASSED] - if (value == y || value == y + 1 || value == y - 1): null

27-02-2025T17:39:25 - [TEST_STEP][PASSED] - tooltipMap.put(key, key): null

27-02-2025T17:39:25 - [TEST_STEP][PASSED] - break: null

27-02-2025T17:39:25 - [TEST_STEP][PASSED] - y = value: null

27-02-2025T17:39:25 - [TEST_STEP][PASSED] - for (def tooltip : fieldTooltips): null

27-02-2025T17:39:25 - [TEST_STEP][PASSED] - if (value == y || value == y + 1 || value == y - 1): null

27-02-2025T17:39:25 - [TEST_STEP][PASSED] - if (value == y || value == y + 1 || value == y - 1): null

27-02-2025T17:39:25 - [TEST_STEP][PASSED] - if (value == y || value == y + 1 || value == y - 1): null

27-02-2025T17:39:25 - [TEST_STEP][PASSED] - if (value == y || value == y + 1 || value == y - 1): null

27-02-2025T17:39:25 - [TEST_STEP][PASSED] - if (value == y || value == y + 1 || value == y - 1): null

27-02-2025T17:39:25 - [TEST_STEP][PASSED] - if (value == y || value == y + 1 || value == y - 1): null

27-02-2025T17:39:25 - [TEST_STEP][PASSED] - if (value == y || value == y + 1 || value == y - 1): null

27-02-2025T17:39:25 - [TEST_STEP][PASSED] - if (value == y || value == y + 1 || value == y - 1): null

27-02-2025T17:39:25 - [TEST_STEP][PASSED] - y = value: null

27-02-2025T17:39:25 - [TEST_STEP][PASSED] - for (def tooltip : fieldTooltips): null

27-02-2025T17:39:25 - [TEST_STEP][PASSED] - if (value == y || value == y + 1 || value == y - 1): null

27-02-2025T17:39:25 - [TEST_STEP][PASSED] - if (value == y || value == y + 1 || value == y - 1): null

27-02-2025T17:39:25 - [TEST_STEP][PASSED] - if (value == y || value == y + 1 || value == y - 1): null

27-02-2025T17:39:25 - [TEST_STEP][PASSED] - if (value == y || value == y + 1 || value == y - 1): null

27-02-2025T17:39:25 - [TEST_STEP][PASSED] - if (value == y || value == y + 1 || value == y - 1): null

27-02-2025T17:39:25 - [TEST_STEP][PASSED] - tooltipMap.put(key, key): null

27-02-2025T17:39:25 - [TEST_STEP][PASSED] - break: null

27-02-2025T17:39:25 - [TEST_STEP][PASSED] - y = value: null

27-02-2025T17:39:25 - [TEST_STEP][PASSED] - for (def tooltip : fieldTooltips): null

27-02-2025T17:39:25 - [TEST_STEP][PASSED] - if (value == y || value == y + 1 || value == y - 1): null

27-02-2025T17:39:25 - [TEST_STEP][PASSED] - if (value == y || value == y + 1 || value == y - 1): null

27-02-2025T17:39:25 - [TEST_STEP][PASSED] - if (value == y || value == y + 1 || value == y - 1): null

27-02-2025T17:39:25 - [TEST_STEP][PASSED] - if (value == y || value == y + 1 || value == y - 1): null

27-02-2025T17:39:25 - [TEST_STEP][PASSED] - if (value == y || value == y + 1 || value == y - 1): null

27-02-2025T17:39:25 - [TEST_STEP][PASSED] - if (value == y || value == y + 1 || value == y - 1): null

27-02-2025T17:39:25 - [TEST_STEP][PASSED] - tooltipMap.put(key, key): null

27-02-2025T17:39:25 - [TEST_STEP][PASSED] - break: null

27-02-2025T17:39:25 - [TEST_STEP][PASSED] - y = value: null

27-02-2025T17:39:25 - [TEST_STEP][PASSED] - for (def tooltip : fieldTooltips): null

27-02-2025T17:39:25 - [TEST_STEP][PASSED] - if (value == y || value == y + 1 || value == y - 1): null

27-02-2025T17:39:25 - [TEST_STEP][PASSED] - if (value == y || value == y + 1 || value == y - 1): null

27-02-2025T17:39:25 - [TEST_STEP][PASSED] - if (value == y || value == y + 1 || value == y - 1): null

27-02-2025T17:39:25 - [TEST_STEP][PASSED] - if (value == y || value == y + 1 || value == y - 1): null

27-02-2025T17:39:25 - [TEST_STEP][PASSED] - if (value == y || value == y + 1 || value == y - 1): null

27-02-2025T17:39:25 - [TEST_STEP][PASSED] - if (value == y || value == y + 1 || value == y - 1): null

27-02-2025T17:39:25 - [TEST_STEP][PASSED] - if (value == y || value == y + 1 || value == y - 1): null

27-02-2025T17:39:25 - [TEST_STEP][PASSED] - tooltipMap.put(key, key): null

27-02-2025T17:39:25 - [TEST_STEP][PASSED] - break: null

27-02-2025T17:39:25 - [TEST_STEP][PASSED] - y = value: null

27-02-2025T17:39:25 - [TEST_STEP][PASSED] - for (def tooltip : fieldTooltips): null

27-02-2025T17:39:25 - [TEST_STEP][PASSED] - if (value == y || value == y + 1 || value == y - 1): null

27-02-2025T17:39:25 - [TEST_STEP][PASSED] - if (value == y || value == y + 1 || value == y - 1): null

27-02-2025T17:39:25 - [TEST_STEP][PASSED] - if (value == y || value == y + 1 || value == y - 1): null

27-02-2025T17:39:25 - [TEST_STEP][PASSED] - if (value == y || value == y + 1 || value == y - 1): null

27-02-2025T17:39:25 - [TEST_STEP][PASSED] - if (value == y || value == y + 1 || value == y - 1): null

27-02-2025T17:39:25 - [TEST_STEP][PASSED] - if (value == y || value == y + 1 || value == y - 1): null

27-02-2025T17:39:25 - [TEST_STEP][PASSED] - if (value == y || value == y + 1 || value == y - 1): null

27-02-2025T17:39:25 - [TEST_STEP][PASSED] - if (value == y || value == y + 1 || value == y - 1): null

27-02-2025T17:39:25 - [TEST_STEP][PASSED] - tooltipMap.put(key, key): null

27-02-2025T17:39:25 - [TEST_STEP][PASSED] - break: null

27-02-2025T17:39:25 - [TEST_STEP][PASSED] - y = value: null

27-02-2025T17:39:25 - [TEST_STEP][PASSED] - for (def tooltip : fieldTooltips): null

27-02-2025T17:39:25 - [TEST_STEP][PASSED] - if (value == y || value == y + 1 || value == y - 1): null

27-02-2025T17:39:25 - [TEST_STEP][PASSED] - if (value == y || value == y + 1 || value == y - 1): null

27-02-2025T17:39:25 - [TEST_STEP][PASSED] - if (value == y || value == y + 1 || value == y - 1): null

27-02-2025T17:39:25 - [TEST_STEP][PASSED] - if (value == y || value == y + 1 || value == y - 1): null

27-02-2025T17:39:25 - [TEST_STEP][PASSED] - if (value == y || value == y + 1 || value == y - 1): null

27-02-2025T17:39:25 - [TEST_STEP][PASSED] - if (value == y || value == y + 1 || value == y - 1): null

27-02-2025T17:39:25 - [TEST_STEP][PASSED] - if (value == y || value == y + 1 || value == y - 1): null

27-02-2025T17:39:25 - [TEST_STEP][PASSED] - if (value == y || value == y + 1 || value == y - 1): null

27-02-2025T17:39:25 - [TEST_STEP][PASSED] - y = value: null

27-02-2025T17:39:25 - [TEST_STEP][PASSED] - for (def tooltip : fieldTooltips): null

27-02-2025T17:39:25 - [TEST_STEP][PASSED] - if (value == y || value == y + 1 || value == y - 1): null

27-02-2025T17:39:25 - [TEST_STEP][PASSED] - if (value == y || value == y + 1 || value == y - 1): null

27-02-2025T17:39:25 - [TEST_STEP][PASSED] - if (value == y || value == y + 1 || value == y - 1): null

27-02-2025T17:39:25 - [TEST_STEP][PASSED] - if (value == y || value == y + 1 || value == y - 1): null

27-02-2025T17:39:25 - [TEST_STEP][PASSED] - if (value == y || value == y + 1 || value == y - 1): null

27-02-2025T17:39:25 - [TEST_STEP][PASSED] - if (value == y || value == y + 1 || value == y - 1): null

27-02-2025T17:39:25 - [TEST_STEP][PASSED] - if (value == y || value == y + 1 || value == y - 1): null

27-02-2025T17:39:25 - [TEST_STEP][PASSED] - if (value == y || value == y + 1 || value == y - 1): null

27-02-2025T17:39:25 - [TEST_STEP][PASSED] - return tooltipMap: null

27-02-2025T17:39:25 - [MESSAGE][PASSED] - Call Test Case 'Test Cases/_Functions/Get Tooltip Text' successfully

27-02-2025T17:39:25 - [TEST_STEP][PASSED] - if (tooltipMap.size() > 0): null

27-02-2025T17:39:25 - [TEST_STEP][PASSED] - file = fileBase + "_Tooltips.csv": null

27-02-2025T17:39:25 - [TEST_STEP][PASSED] - outText = "FIELD LABEL" + "," + "TOOLTIP TEXT" + "

": null

27-02-2025T17:39:25 - [TEST_STEP][PASSED] - for (def it : tooltipMap): null

27-02-2025T17:39:25 - [TEST_STEP][PASSED] - name = key: null

27-02-2025T17:39:25 - [TEST_STEP][PASSED] - value = value.replace("
", ""): null

27-02-2025T17:39:25 - [TEST_STEP][PASSED] - value = value.trim(): null

27-02-2025T17:39:25 - [TEST_STEP][PASSED] - value = """ + value + """: null

27-02-2025T17:39:25 - [TEST_STEP][PASSED] - outText = outText + name + "," + value: null

27-02-2025T17:39:25 - [TEST_STEP][PASSED] - outText = outText + "
": null

27-02-2025T17:39:25 - [TEST_STEP][PASSED] - println(outText): null

27-02-2025T17:39:25 - [TEST_STEP][PASSED] - name = key: null

27-02-2025T17:39:25 - [TEST_STEP][PASSED] - value = value.replace("
", ""): null

27-02-2025T17:39:25 - [TEST_STEP][PASSED] - value = value.trim(): null

27-02-2025T17:39:25 - [TEST_STEP][PASSED] - value = """ + value + """: null

27-02-2025T17:39:25 - [TEST_STEP][PASSED] - outText = outText + name + "," + value: null

27-02-2025T17:39:25 - [TEST_STEP][PASSED] - outText = outText + "
": null

27-02-2025T17:39:25 - [TEST_STEP][PASSED] - println(outText): null

27-02-2025T17:39:25 - [TEST_STEP][PASSED] - name = key: null

27-02-2025T17:39:25 - [TEST_STEP][PASSED] - value = value.replace("
", ""): null

27-02-2025T17:39:25 - [TEST_STEP][PASSED] - value = value.trim(): null

27-02-2025T17:39:25 - [TEST_STEP][PASSED] - value = """ + value + """: null

27-02-2025T17:39:25 - [TEST_STEP][PASSED] - outText = outText + name + "," + value: null

27-02-2025T17:39:25 - [TEST_STEP][PASSED] - outText = outText + "
": null

27-02-2025T17:39:25 - [TEST_STEP][PASSED] - println(outText): null

27-02-2025T17:39:25 - [TEST_STEP][PASSED] - name = key: null

27-02-2025T17:39:25 - [TEST_STEP][PASSED] - value = value.replace("
", ""): null

27-02-2025T17:39:25 - [TEST_STEP][PASSED] - value = value.trim(): null

27-02-2025T17:39:25 - [TEST_STEP][PASSED] - value = """ + value + """: null

27-02-2025T17:39:25 - [TEST_STEP][PASSED] - outText = outText + name + "," + value: null

27-02-2025T17:39:25 - [TEST_STEP][PASSED] - outText = outText + "
": null

27-02-2025T17:39:25 - [TEST_STEP][PASSED] - println(outText): null

27-02-2025T17:39:25 - [TEST_STEP][PASSED] - name = key: null

27-02-2025T17:39:25 - [TEST_STEP][PASSED] - value = value.replace("
", ""): null

27-02-2025T17:39:25 - [TEST_STEP][PASSED] - value = value.trim(): null

27-02-2025T17:39:25 - [TEST_STEP][PASSED] - value = """ + value + """: null

27-02-2025T17:39:25 - [TEST_STEP][PASSED] - outText = outText + name + "," + value: null

27-02-2025T17:39:25 - [TEST_STEP][PASSED] - outText = outText + "
": null

27-02-2025T17:39:25 - [TEST_STEP][PASSED] - println(outText): null

27-02-2025T17:39:25 - [TEST_STEP][PASSED] - name = key: null

27-02-2025T17:39:25 - [TEST_STEP][PASSED] - value = value.replace("
", ""): null

27-02-2025T17:39:25 - [TEST_STEP][PASSED] - value = value.trim(): null

27-02-2025T17:39:25 - [TEST_STEP][PASSED] - value = """ + value + """: null

27-02-2025T17:39:25 - [TEST_STEP][PASSED] - outText = outText + name + "," + value: null

27-02-2025T17:39:25 - [TEST_STEP][PASSED] - outText = outText + "
": null

27-02-2025T17:39:25 - [TEST_STEP][PASSED] - println(outText): null

27-02-2025T17:39:25 - [TEST_STEP][PASSED] - name = key: null

27-02-2025T17:39:25 - [TEST_STEP][PASSED] - value = value.replace("
", ""): null

27-02-2025T17:39:25 - [TEST_STEP][PASSED] - value = value.trim(): null

27-02-2025T17:39:25 - [TEST_STEP][PASSED] - value = """ + value + """: null

27-02-2025T17:39:25 - [TEST_STEP][PASSED] - outText = outText + name + "," + value: null

27-02-2025T17:39:25 - [TEST_STEP][PASSED] - outText = outText + "
": null

27-02-2025T17:39:25 - [TEST_STEP][PASSED] - println(outText): null

27-02-2025T17:39:25 - [TEST_STEP][PASSED] - name = key: null

27-02-2025T17:39:25 - [TEST_STEP][PASSED] - value = value.replace("
", ""): null

27-02-2025T17:39:25 - [TEST_STEP][PASSED] - value = value.trim(): null

27-02-2025T17:39:25 - [TEST_STEP][PASSED] - value = """ + value + """: null

27-02-2025T17:39:25 - [TEST_STEP][PASSED] - outText = outText + name + "," + value: null

27-02-2025T17:39:25 - [TEST_STEP][PASSED] - outText = outText + "
": null

27-02-2025T17:39:25 - [TEST_STEP][PASSED] - println(outText): null

27-02-2025T17:39:25 - [TEST_STEP][PASSED] - outFile = new java.io.File(file): null

27-02-2025T17:39:25 - [TEST_STEP][PASSED] - println(outText): null

27-02-2025T17:39:25 - [TEST_STEP][PASSED] - outFile.write(outText): null

27-02-2025T17:39:25 - [TEST_STEP][PASSED] - takeFullPageScreenshot(fileImage): Taking screenshot successfully

27-02-2025T17:39:26 - [MESSAGE][INFO] - 0 hidden object(s)

27-02-2025T17:39:26 - [MESSAGE][PASSED] - Taking screenshot successfully
[[ATTACHMENT|/Users/cckozie/Documents/MissionNext/Screenshots and Tooltip Text/Journey Partner Organization Info Tab_Screenshot.png]]

27-02-2025T17:39:26 - [TEST_STEP][PASSED] - frame.dispose(): null

27-02-2025T17:39:26 - [TEST_STEP][PASSED] - return tooltipMap: null

27-02-2025T17:39:26 - [MESSAGE][PASSED] - Call Test Case 'Test Cases/_Functions/Get Screenshot and Tooltip Text' successfully

27-02-2025T17:39:26 - [TEST_STEP][PASSED] - callTestCase(findTestCase("_Functions/Test Tooltips"), ["varTooltipImagePath":tooltipImagePath, "varTooltips":tooltips, "varTooltipText":tooltipText, "varTestObjectFolder":testObjectFolder, ... ], OPTIONAL): Call Test Case 'Test Cases/_Functions/Test Tooltips' successfully

27-02-2025T17:39:26 - [TEST_CASE][PASSED] - Test Cases/_Functions/Test Tooltips: Test Cases/_Functions/Test Tooltips

27-02-2025T17:39:26 - [TEST_STEP][PASSED] - if (fastPath): null

27-02-2025T17:39:26 - [TEST_STEP][PASSED] - tooltipImagePath = varTooltipImagePath: null

27-02-2025T17:39:26 - [TEST_STEP][PASSED] - tooltips = varTooltips: null

27-02-2025T17:39:26 - [TEST_STEP][PASSED] - tooltipText = varTooltipText: null

27-02-2025T17:39:26 - [TEST_STEP][PASSED] - testObjectFolder = varTestObjectFolder: null

27-02-2025T17:39:26 - [TEST_STEP][PASSED] - tooltipTextMap = varTooltipTextMap: null

27-02-2025T17:39:26 - [TEST_STEP][PASSED] - writeFile = false: null

27-02-2025T17:39:26 - [TEST_STEP][PASSED] - if (outFile != ""): null

27-02-2025T17:39:26 - [TEST_STEP][PASSED] - myFile = outFile: null

27-02-2025T17:39:26 - [TEST_STEP][PASSED] - println(myFile): null

27-02-2025T17:39:26 - [TEST_STEP][PASSED] - outFile = new java.io.File(myFile): null

27-02-2025T17:39:26 - [TEST_STEP][PASSED] - writeFile = true: null

27-02-2025T17:39:26 - [TEST_STEP][PASSED] - driver = getWebDriver(): null

27-02-2025T17:39:26 - [TEST_STEP][PASSED] - action = new org.openqa.selenium.interactions.Actions(driver): null

27-02-2025T17:39:26 - [TEST_STEP][PASSED] - s = new org.sikuli.script.Screen(): null

27-02-2025T17:39:26 - [TEST_STEP][PASSED] - outText = "Verifying the tooltips can be displayed.
": null

27-02-2025T17:39:26 - [TEST_STEP][PASSED] - outFile.append(outText): null

27-02-2025T17:39:26 - [TEST_STEP][PASSED] - first = true: null

27-02-2025T17:39:26 - [TEST_STEP][PASSED] - for (def it : tooltips): null

27-02-2025T17:39:26 - [TEST_STEP][PASSED] - myKey = key: null

27-02-2025T17:39:26 - [TEST_STEP][PASSED] - myValue = value: null

27-02-2025T17:39:26 - [TEST_STEP][PASSED] - println("myKey is " + myKey): null

27-02-2025T17:39:26 - [TEST_STEP][PASSED] - println("myValue is " + myValue): null

27-02-2025T17:39:26 - [TEST_STEP][PASSED] - if (myKey != "dummy"): null

27-02-2025T17:39:26 - [TEST_STEP][PASSED] - else: null

27-02-2025T17:39:26 - [TEST_STEP][PASSED] - myImage = "/Users/cckozie/git/MissionNext-Katalon-Koz/images/dummy.png": null

27-02-2025T17:39:26 - [TEST_STEP][PASSED] - f = new java.io.File(myImage): null

27-02-2025T17:39:26 - [TEST_STEP][PASSED] - if (f.exists()): null

27-02-2025T17:39:26 - [TEST_STEP][PASSED] - println("Looking for " + myImage): null

27-02-2025T17:39:26 - [TEST_STEP][PASSED] - icn = Pattern(myImage).similar(0.10): null

27-02-2025T17:39:26 - [TEST_STEP][PASSED] - found = s.exists(icn): null

27-02-2025T17:39:27 - [TEST_STEP][PASSED] - println(found): null

27-02-2025T17:39:27 - [TEST_STEP][PASSED] - if (found != null): null

27-02-2025T17:39:27 - [TEST_STEP][PASSED] - foundStr = found.toString(): null

27-02-2025T17:39:27 - [TEST_STEP][PASSED] - matchP = foundStr.indexOf("%"): null

27-02-2025T17:39:27 - [TEST_STEP][PASSED] - if (matchP >= 0): null

27-02-2025T17:39:27 - [TEST_STEP][PASSED] - println(matchP): null

27-02-2025T17:39:27 - [TEST_STEP][PASSED] - pct = foundStr.substring(matchP + 1, matchP + 6): null

27-02-2025T17:39:27 - [TEST_STEP][PASSED] - pctF = pct.toFloat(): null

27-02-2025T17:39:27 - [TEST_STEP][PASSED] - outText = "+++ Tooltip match value for " + myKey + " is " + pctF + "%": null

27-02-2025T17:39:27 - [TEST_STEP][PASSED] - min = 80: null

27-02-2025T17:39:27 - [TEST_STEP][PASSED] - if (pctF.toFloat() < min.toFloat()): null

27-02-2025T17:39:27 - [TEST_STEP][PASSED] - outText = ">>>>> " + outText + " <<<<<": null

27-02-2025T17:39:27 - [TEST_STEP][PASSED] - if (myKey != "dummy"): null

27-02-2025T17:39:27 - [TEST_STEP][PASSED] - myKey = key: null

27-02-2025T17:39:27 - [TEST_STEP][PASSED] - myValue = value: null

27-02-2025T17:39:27 - [TEST_STEP][PASSED] - println("myKey is " + myKey): null

27-02-2025T17:39:27 - [TEST_STEP][PASSED] - println("myValue is " + myValue): null

27-02-2025T17:39:27 - [TEST_STEP][PASSED] - if (myKey != "dummy"): null

27-02-2025T17:39:27 - [TEST_STEP][PASSED] - tObj = testObjectFolder + myValue: null

27-02-2025T17:39:27 - [TEST_STEP][PASSED] - click(tObj): null

27-02-2025T17:39:27 - [TEST_STEP][PASSED] - scrollToObject(object): null

27-02-2025T17:39:27 - [TEST_STEP][PASSED] - println("Converting " + object + " to web element"): null

27-02-2025T17:39:27 - [TEST_STEP][PASSED] - element = findWebElement(findTestObject(object), 1): null

27-02-2025T17:39:27 - [TEST_STEP][PASSED] - loc = element.getLocation(): null

27-02-2025T17:39:27 - [TEST_STEP][PASSED] - x = loc.getX(): null

27-02-2025T17:39:27 - [TEST_STEP][PASSED] - if (x >= 560): null

27-02-2025T17:39:27 - [TEST_STEP][PASSED] - y = loc.getY(): null

27-02-2025T17:39:27 - [TEST_STEP][PASSED] - println("Y location is " + y): null

27-02-2025T17:39:27 - [TEST_STEP][PASSED] - top = getViewportTopPosition(): Current viewport's top (y) position is 0

27-02-2025T17:39:27 - [MESSAGE][PASSED] - Current viewport's top (y) position is 0

27-02-2025T17:39:27 - [TEST_STEP][PASSED] - println("Viewport top is " + top): null

27-02-2025T17:39:27 - [TEST_STEP][PASSED] - bottom = top + 600: null

27-02-2025T17:39:27 - [TEST_STEP][PASSED] - if (y - top < 150 || bottom - y < 10): null

27-02-2025T17:39:27 - [TEST_STEP][PASSED] - click(findTestObject(object)): null

27-02-2025T17:39:27 - [MESSAGE][PASSED] - Object: 'Object Repository/Journey partner Profile/Tabs/Organization Info/img_Tier Level_field-tooltip' is clicked on

27-02-2025T17:39:27 - [TEST_STEP][PASSED] - delay(1): Delayed 1 second(s)

27-02-2025T17:39:28 - [MESSAGE][PASSED] - Delayed 1 second(s)

27-02-2025T17:39:28 - [TEST_STEP][PASSED] - myImage = tooltipImagePath + myKey + ".png": null

27-02-2025T17:39:28 - [TEST_STEP][PASSED] - f = new java.io.File(myImage): null

27-02-2025T17:39:28 - [TEST_STEP][PASSED] - if (f.exists()): null

27-02-2025T17:39:28 - [TEST_STEP][PASSED] - println("Looking for " + myImage): null

27-02-2025T17:39:28 - [TEST_STEP][PASSED] - icn = Pattern(myImage).similar(0.10): null

27-02-2025T17:39:28 - [TEST_STEP][PASSED] - found = s.exists(icn): null

27-02-2025T17:39:28 - [TEST_STEP][PASSED] - println(found): null

27-02-2025T17:39:28 - [TEST_STEP][PASSED] - if (found != null): null

27-02-2025T17:39:28 - [TEST_STEP][PASSED] - foundStr = found.toString(): null

27-02-2025T17:39:28 - [TEST_STEP][PASSED] - matchP = foundStr.indexOf("%"): null

27-02-2025T17:39:28 - [TEST_STEP][PASSED] - if (matchP >= 0): null

27-02-2025T17:39:28 - [TEST_STEP][PASSED] - println(matchP): null

27-02-2025T17:39:28 - [TEST_STEP][PASSED] - pct = foundStr.substring(matchP + 1, matchP + 6): null

27-02-2025T17:39:28 - [TEST_STEP][PASSED] - pctF = pct.toFloat(): null

27-02-2025T17:39:28 - [TEST_STEP][PASSED] - outText = "+++ Tooltip match value for " + myKey + " is " + pctF + "%": null

27-02-2025T17:39:28 - [TEST_STEP][PASSED] - min = 80: null

27-02-2025T17:39:28 - [TEST_STEP][PASSED] - if (pctF.toFloat() < min.toFloat()): null

27-02-2025T17:39:28 - [TEST_STEP][PASSED] - if (myKey != "dummy"): null

27-02-2025T17:39:28 - [TEST_STEP][PASSED] - println(outText): null

27-02-2025T17:39:28 - [TEST_STEP][PASSED] - outFile.append(outText + "
"): null

27-02-2025T17:39:28 - [TEST_STEP][PASSED] - myKey = key: null

27-02-2025T17:39:28 - [TEST_STEP][PASSED] - myValue = value: null

27-02-2025T17:39:28 - [TEST_STEP][PASSED] - println("myKey is " + myKey): null

27-02-2025T17:39:28 - [TEST_STEP][PASSED] - println("myValue is " + myValue): null

27-02-2025T17:39:28 - [TEST_STEP][PASSED] - if (myKey != "dummy"): null

27-02-2025T17:39:28 - [TEST_STEP][PASSED] - tObj = testObjectFolder + myValue: null

27-02-2025T17:39:28 - [TEST_STEP][PASSED] - click(tObj): null

27-02-2025T17:39:28 - [TEST_STEP][PASSED] - scrollToObject(object): null

27-02-2025T17:39:28 - [TEST_STEP][PASSED] - println("Converting " + object + " to web element"): null

27-02-2025T17:39:28 - [TEST_STEP][PASSED] - element = findWebElement(findTestObject(object), 1): null

27-02-2025T17:39:28 - [TEST_STEP][PASSED] - loc = element.getLocation(): null

27-02-2025T17:39:28 - [TEST_STEP][PASSED] - x = loc.getX(): null

27-02-2025T17:39:28 - [TEST_STEP][PASSED] - if (x >= 560): null

27-02-2025T17:39:28 - [TEST_STEP][PASSED] - y = loc.getY(): null

27-02-2025T17:39:28 - [TEST_STEP][PASSED] - println("Y location is " + y): null

27-02-2025T17:39:28 - [TEST_STEP][PASSED] - top = getViewportTopPosition(): Current viewport's top (y) position is 0

27-02-2025T17:39:28 - [MESSAGE][PASSED] - Current viewport's top (y) position is 0

27-02-2025T17:39:28 - [TEST_STEP][PASSED] - println("Viewport top is " + top): null

27-02-2025T17:39:28 - [TEST_STEP][PASSED] - bottom = top + 600: null

27-02-2025T17:39:28 - [TEST_STEP][PASSED] - if (y - top < 150 || bottom - y < 10): null

27-02-2025T17:39:28 - [TEST_STEP][PASSED] - click(findTestObject(object)): null

27-02-2025T17:39:28 - [MESSAGE][PASSED] - Object: 'Object Repository/Journey partner Profile/Tabs/Organization Info/img_Mission Statement_field-tooltip' is clicked on

27-02-2025T17:39:28 - [TEST_STEP][PASSED] - delay(1): Delayed 1 second(s)

27-02-2025T17:39:29 - [MESSAGE][PASSED] - Delayed 1 second(s)

27-02-2025T17:39:29 - [TEST_STEP][PASSED] - myImage = tooltipImagePath + myKey + ".png": null

27-02-2025T17:39:29 - [TEST_STEP][PASSED] - f = new java.io.File(myImage): null

27-02-2025T17:39:29 - [TEST_STEP][PASSED] - if (f.exists()): null

27-02-2025T17:39:29 - [TEST_STEP][PASSED] - println("Looking for " + myImage): null

27-02-2025T17:39:29 - [TEST_STEP][PASSED] - icn = Pattern(myImage).similar(0.10): null

27-02-2025T17:39:29 - [TEST_STEP][PASSED] - found = s.exists(icn): null

27-02-2025T17:39:29 - [TEST_STEP][PASSED] - println(found): null

27-02-2025T17:39:29 - [TEST_STEP][PASSED] - if (found != null): null

27-02-2025T17:39:29 - [TEST_STEP][PASSED] - foundStr = found.toString(): null

27-02-2025T17:39:29 - [TEST_STEP][PASSED] - matchP = foundStr.indexOf("%"): null

27-02-2025T17:39:29 - [TEST_STEP][PASSED] - if (matchP >= 0): null

27-02-2025T17:39:29 - [TEST_STEP][PASSED] - println(matchP): null

27-02-2025T17:39:29 - [TEST_STEP][PASSED] - pct = foundStr.substring(matchP + 1, matchP + 6): null

27-02-2025T17:39:29 - [TEST_STEP][PASSED] - pctF = pct.toFloat(): null

27-02-2025T17:39:29 - [TEST_STEP][PASSED] - outText = "+++ Tooltip match value for " + myKey + " is " + pctF + "%": null

27-02-2025T17:39:29 - [TEST_STEP][PASSED] - min = 80: null

27-02-2025T17:39:29 - [TEST_STEP][PASSED] - if (pctF.toFloat() < min.toFloat()): null

27-02-2025T17:39:29 - [TEST_STEP][PASSED] - if (myKey != "dummy"): null

27-02-2025T17:39:29 - [TEST_STEP][PASSED] - println(outText): null

27-02-2025T17:39:29 - [TEST_STEP][PASSED] - outFile.append(outText + "
"): null

27-02-2025T17:39:29 - [TEST_STEP][PASSED] - myKey = key: null

27-02-2025T17:39:29 - [TEST_STEP][PASSED] - myValue = value: null

27-02-2025T17:39:29 - [TEST_STEP][PASSED] - println("myKey is " + myKey): null

27-02-2025T17:39:29 - [TEST_STEP][PASSED] - println("myValue is " + myValue): null

27-02-2025T17:39:29 - [TEST_STEP][PASSED] - if (myKey != "dummy"): null

27-02-2025T17:39:29 - [TEST_STEP][PASSED] - tObj = testObjectFolder + myValue: null

27-02-2025T17:39:29 - [TEST_STEP][PASSED] - click(tObj): null

27-02-2025T17:39:29 - [TEST_STEP][PASSED] - scrollToObject(object): null

27-02-2025T17:39:29 - [TEST_STEP][PASSED] - println("Converting " + object + " to web element"): null

27-02-2025T17:39:29 - [TEST_STEP][PASSED] - element = findWebElement(findTestObject(object), 1): null

27-02-2025T17:39:29 - [TEST_STEP][PASSED] - loc = element.getLocation(): null

27-02-2025T17:39:29 - [TEST_STEP][PASSED] - x = loc.getX(): null

27-02-2025T17:39:29 - [TEST_STEP][PASSED] - if (x >= 560): null

27-02-2025T17:39:29 - [TEST_STEP][PASSED] - y = loc.getY(): null

27-02-2025T17:39:29 - [TEST_STEP][PASSED] - println("Y location is " + y): null

27-02-2025T17:39:29 - [TEST_STEP][PASSED] - top = getViewportTopPosition(): Current viewport's top (y) position is 0

27-02-2025T17:39:29 - [MESSAGE][PASSED] - Current viewport's top (y) position is 0

27-02-2025T17:39:29 - [TEST_STEP][PASSED] - println("Viewport top is " + top): null

27-02-2025T17:39:29 - [TEST_STEP][PASSED] - bottom = top + 600: null

27-02-2025T17:39:29 - [TEST_STEP][PASSED] - if (y - top < 150 || bottom - y < 10): null

27-02-2025T17:39:29 - [TEST_STEP][PASSED] - click(findTestObject(object)): null

27-02-2025T17:39:29 - [MESSAGE][PASSED] - Object: 'Object Repository/Journey partner Profile/Tabs/Organization Info/img_Statement of Faith_field-tooltip' is clicked on

27-02-2025T17:39:29 - [TEST_STEP][PASSED] - delay(1): Delayed 1 second(s)

27-02-2025T17:39:30 - [MESSAGE][PASSED] - Delayed 1 second(s)

27-02-2025T17:39:30 - [TEST_STEP][PASSED] - myImage = tooltipImagePath + myKey + ".png": null

27-02-2025T17:39:30 - [TEST_STEP][PASSED] - f = new java.io.File(myImage): null

27-02-2025T17:39:30 - [TEST_STEP][PASSED] - if (f.exists()): null

27-02-2025T17:39:30 - [TEST_STEP][PASSED] - println("Looking for " + myImage): null

27-02-2025T17:39:30 - [TEST_STEP][PASSED] - icn = Pattern(myImage).similar(0.10): null

27-02-2025T17:39:30 - [TEST_STEP][PASSED] - found = s.exists(icn): null

27-02-2025T17:39:30 - [TEST_STEP][PASSED] - println(found): null

27-02-2025T17:39:30 - [TEST_STEP][PASSED] - if (found != null): null

27-02-2025T17:39:30 - [TEST_STEP][PASSED] - foundStr = found.toString(): null

27-02-2025T17:39:30 - [TEST_STEP][PASSED] - matchP = foundStr.indexOf("%"): null

27-02-2025T17:39:30 - [TEST_STEP][PASSED] - if (matchP >= 0): null

27-02-2025T17:39:30 - [TEST_STEP][PASSED] - println(matchP): null

27-02-2025T17:39:30 - [TEST_STEP][PASSED] - pct = foundStr.substring(matchP + 1, matchP + 6): null

27-02-2025T17:39:30 - [TEST_STEP][PASSED] - pctF = pct.toFloat(): null

27-02-2025T17:39:30 - [TEST_STEP][PASSED] - outText = "+++ Tooltip match value for " + myKey + " is " + pctF + "%": null

27-02-2025T17:39:30 - [TEST_STEP][PASSED] - min = 80: null

27-02-2025T17:39:30 - [TEST_STEP][PASSED] - if (pctF.toFloat() < min.toFloat()): null

27-02-2025T17:39:30 - [TEST_STEP][PASSED] - if (myKey != "dummy"): null

27-02-2025T17:39:30 - [TEST_STEP][PASSED] - println(outText): null

27-02-2025T17:39:30 - [TEST_STEP][PASSED] - outFile.append(outText + "
"): null

27-02-2025T17:39:30 - [TEST_STEP][PASSED] - myKey = key: null

27-02-2025T17:39:30 - [TEST_STEP][PASSED] - myValue = value: null

27-02-2025T17:39:30 - [TEST_STEP][PASSED] - println("myKey is " + myKey): null

27-02-2025T17:39:30 - [TEST_STEP][PASSED] - println("myValue is " + myValue): null

27-02-2025T17:39:30 - [TEST_STEP][PASSED] - if (myKey != "dummy"): null

27-02-2025T17:39:30 - [TEST_STEP][PASSED] - tObj = testObjectFolder + myValue: null

27-02-2025T17:39:30 - [TEST_STEP][PASSED] - click(tObj): null

27-02-2025T17:39:30 - [TEST_STEP][PASSED] - scrollToObject(object): null

27-02-2025T17:39:30 - [TEST_STEP][PASSED] - println("Converting " + object + " to web element"): null

27-02-2025T17:39:30 - [TEST_STEP][PASSED] - element = findWebElement(findTestObject(object), 1): null

27-02-2025T17:39:30 - [TEST_STEP][PASSED] - loc = element.getLocation(): null

27-02-2025T17:39:30 - [TEST_STEP][PASSED] - x = loc.getX(): null

27-02-2025T17:39:30 - [TEST_STEP][PASSED] - if (x >= 560): null

27-02-2025T17:39:30 - [TEST_STEP][PASSED] - y = loc.getY(): null

27-02-2025T17:39:30 - [TEST_STEP][PASSED] - println("Y location is " + y): null

27-02-2025T17:39:30 - [TEST_STEP][PASSED] - top = getViewportTopPosition(): Current viewport's top (y) position is 0

27-02-2025T17:39:30 - [MESSAGE][PASSED] - Current viewport's top (y) position is 0

27-02-2025T17:39:30 - [TEST_STEP][PASSED] - println("Viewport top is " + top): null

27-02-2025T17:39:30 - [TEST_STEP][PASSED] - bottom = top + 600: null

27-02-2025T17:39:30 - [TEST_STEP][PASSED] - if (y - top < 150 || bottom - y < 10): Delayed 1 second(s)

27-02-2025T17:39:30 - [TEST_STEP][PASSED] - scrollToPosition(0, y - 170): Browser is scrolled to position x = 0, y = 451

27-02-2025T17:39:30 - [MESSAGE][PASSED] - Browser is scrolled to position x = 0, y = 451

27-02-2025T17:39:30 - [TEST_STEP][PASSED] - delay(1): Delayed 1 second(s)

27-02-2025T17:39:31 - [MESSAGE][PASSED] - Delayed 1 second(s)

27-02-2025T17:39:31 - [TEST_STEP][PASSED] - click(findTestObject(object)): null

27-02-2025T17:39:31 - [MESSAGE][PASSED] - Object: 'Object Repository/Journey partner Profile/Tabs/Organization Info/img_Board of Directors_field-tooltip' is clicked on

27-02-2025T17:39:31 - [TEST_STEP][PASSED] - delay(1): Delayed 1 second(s)

27-02-2025T17:39:32 - [MESSAGE][PASSED] - Delayed 1 second(s)

27-02-2025T17:39:32 - [TEST_STEP][PASSED] - myImage = tooltipImagePath + myKey + ".png": null

27-02-2025T17:39:32 - [TEST_STEP][PASSED] - f = new java.io.File(myImage): null

27-02-2025T17:39:32 - [TEST_STEP][PASSED] - if (f.exists()): null

27-02-2025T17:39:32 - [TEST_STEP][PASSED] - println("Looking for " + myImage): null

27-02-2025T17:39:32 - [TEST_STEP][PASSED] - icn = Pattern(myImage).similar(0.10): null

27-02-2025T17:39:32 - [TEST_STEP][PASSED] - found = s.exists(icn): null

27-02-2025T17:39:32 - [TEST_STEP][PASSED] - println(found): null

27-02-2025T17:39:32 - [TEST_STEP][PASSED] - if (found != null): null

27-02-2025T17:39:32 - [TEST_STEP][PASSED] - foundStr = found.toString(): null

27-02-2025T17:39:32 - [TEST_STEP][PASSED] - matchP = foundStr.indexOf("%"): null

27-02-2025T17:39:32 - [TEST_STEP][PASSED] - if (matchP >= 0): null

27-02-2025T17:39:32 - [TEST_STEP][PASSED] - println(matchP): null

27-02-2025T17:39:32 - [TEST_STEP][PASSED] - pct = foundStr.substring(matchP + 1, matchP + 6): null

27-02-2025T17:39:32 - [TEST_STEP][PASSED] - pctF = pct.toFloat(): null

27-02-2025T17:39:32 - [TEST_STEP][PASSED] - outText = "+++ Tooltip match value for " + myKey + " is " + pctF + "%": null

27-02-2025T17:39:32 - [TEST_STEP][PASSED] - min = 80: null

27-02-2025T17:39:32 - [TEST_STEP][PASSED] - if (pctF.toFloat() < min.toFloat()): null

27-02-2025T17:39:32 - [TEST_STEP][PASSED] - if (myKey != "dummy"): null

27-02-2025T17:39:32 - [TEST_STEP][PASSED] - println(outText): null

27-02-2025T17:39:32 - [TEST_STEP][PASSED] - outFile.append(outText + "
"): null

27-02-2025T17:39:32 - [TEST_STEP][PASSED] - myKey = key: null

27-02-2025T17:39:32 - [TEST_STEP][PASSED] - myValue = value: null

27-02-2025T17:39:32 - [TEST_STEP][PASSED] - println("myKey is " + myKey): null

27-02-2025T17:39:32 - [TEST_STEP][PASSED] - println("myValue is " + myValue): null

27-02-2025T17:39:32 - [TEST_STEP][PASSED] - if (myKey != "dummy"): null

27-02-2025T17:39:32 - [TEST_STEP][PASSED] - tObj = testObjectFolder + myValue: null

27-02-2025T17:39:32 - [TEST_STEP][PASSED] - click(tObj): null

27-02-2025T17:39:32 - [TEST_STEP][PASSED] - scrollToObject(object): null

27-02-2025T17:39:32 - [TEST_STEP][PASSED] - println("Converting " + object + " to web element"): null

27-02-2025T17:39:32 - [TEST_STEP][PASSED] - element = findWebElement(findTestObject(object), 1): null

27-02-2025T17:39:32 - [TEST_STEP][PASSED] - loc = element.getLocation(): null

27-02-2025T17:39:32 - [TEST_STEP][PASSED] - x = loc.getX(): null

27-02-2025T17:39:32 - [TEST_STEP][PASSED] - if (x >= 560): null

27-02-2025T17:39:32 - [TEST_STEP][PASSED] - y = loc.getY(): null

27-02-2025T17:39:32 - [TEST_STEP][PASSED] - println("Y location is " + y): null

27-02-2025T17:39:32 - [TEST_STEP][PASSED] - top = getViewportTopPosition(): Current viewport's top (y) position is 451

27-02-2025T17:39:32 - [MESSAGE][PASSED] - Current viewport's top (y) position is 451

27-02-2025T17:39:32 - [TEST_STEP][PASSED] - println("Viewport top is " + top): null

27-02-2025T17:39:32 - [TEST_STEP][PASSED] - bottom = top + 600: null

27-02-2025T17:39:32 - [TEST_STEP][PASSED] - if (y - top < 150 || bottom - y < 10): null

27-02-2025T17:39:32 - [TEST_STEP][PASSED] - click(findTestObject(object)): null

27-02-2025T17:39:32 - [MESSAGE][PASSED] - Object: 'Object Repository/Journey partner Profile/Tabs/Organization Info/img_Year Founded_field-tooltip' is clicked on

27-02-2025T17:39:32 - [TEST_STEP][PASSED] - delay(1): Delayed 1 second(s)

27-02-2025T17:39:33 - [MESSAGE][PASSED] - Delayed 1 second(s)

27-02-2025T17:39:33 - [TEST_STEP][PASSED] - myImage = tooltipImagePath + myKey + ".png": null

27-02-2025T17:39:33 - [TEST_STEP][PASSED] - f = new java.io.File(myImage): null

27-02-2025T17:39:33 - [TEST_STEP][PASSED] - if (f.exists()): null

27-02-2025T17:39:33 - [TEST_STEP][PASSED] - println("Looking for " + myImage): null

27-02-2025T17:39:34 - [TEST_STEP][PASSED] - icn = Pattern(myImage).similar(0.10): null

27-02-2025T17:39:34 - [TEST_STEP][PASSED] - found = s.exists(icn): null

27-02-2025T17:39:34 - [TEST_STEP][PASSED] - println(found): null

27-02-2025T17:39:34 - [TEST_STEP][PASSED] - if (found != null): null

27-02-2025T17:39:34 - [TEST_STEP][PASSED] - foundStr = found.toString(): null

27-02-2025T17:39:34 - [TEST_STEP][PASSED] - matchP = foundStr.indexOf("%"): null

27-02-2025T17:39:34 - [TEST_STEP][PASSED] - if (matchP >= 0): null

27-02-2025T17:39:34 - [TEST_STEP][PASSED] - println(matchP): null

27-02-2025T17:39:34 - [TEST_STEP][PASSED] - pct = foundStr.substring(matchP + 1, matchP + 6): null

27-02-2025T17:39:34 - [TEST_STEP][PASSED] - pctF = pct.toFloat(): null

27-02-2025T17:39:34 - [TEST_STEP][PASSED] - outText = "+++ Tooltip match value for " + myKey + " is " + pctF + "%": null

27-02-2025T17:39:34 - [TEST_STEP][PASSED] - min = 80: null

27-02-2025T17:39:34 - [TEST_STEP][PASSED] - if (pctF.toFloat() < min.toFloat()): null

27-02-2025T17:39:34 - [TEST_STEP][PASSED] - if (myKey != "dummy"): null

27-02-2025T17:39:34 - [TEST_STEP][PASSED] - println(outText): null

27-02-2025T17:39:34 - [TEST_STEP][PASSED] - outFile.append(outText + "
"): null

27-02-2025T17:39:34 - [TEST_STEP][PASSED] - myKey = key: null

27-02-2025T17:39:34 - [TEST_STEP][PASSED] - myValue = value: null

27-02-2025T17:39:34 - [TEST_STEP][PASSED] - println("myKey is " + myKey): null

27-02-2025T17:39:34 - [TEST_STEP][PASSED] - println("myValue is " + myValue): null

27-02-2025T17:39:34 - [TEST_STEP][PASSED] - if (myKey != "dummy"): null

27-02-2025T17:39:34 - [TEST_STEP][PASSED] - tObj = testObjectFolder + myValue: null

27-02-2025T17:39:34 - [TEST_STEP][PASSED] - click(tObj): null

27-02-2025T17:39:34 - [TEST_STEP][PASSED] - scrollToObject(object): null

27-02-2025T17:39:34 - [TEST_STEP][PASSED] - println("Converting " + object + " to web element"): null

27-02-2025T17:39:34 - [TEST_STEP][PASSED] - element = findWebElement(findTestObject(object), 1): null

27-02-2025T17:39:34 - [TEST_STEP][PASSED] - loc = element.getLocation(): null

27-02-2025T17:39:34 - [TEST_STEP][PASSED] - x = loc.getX(): null

27-02-2025T17:39:34 - [TEST_STEP][PASSED] - if (x >= 560): null

27-02-2025T17:39:34 - [TEST_STEP][PASSED] - y = loc.getY(): null

27-02-2025T17:39:34 - [TEST_STEP][PASSED] - println("Y location is " + y): null

27-02-2025T17:39:34 - [TEST_STEP][PASSED] - top = getViewportTopPosition(): Current viewport's top (y) position is 451

27-02-2025T17:39:34 - [MESSAGE][PASSED] - Current viewport's top (y) position is 451

27-02-2025T17:39:34 - [TEST_STEP][PASSED] - println("Viewport top is " + top): null

27-02-2025T17:39:34 - [TEST_STEP][PASSED] - bottom = top + 600: null

27-02-2025T17:39:34 - [TEST_STEP][PASSED] - if (y - top < 150 || bottom - y < 10): null

27-02-2025T17:39:34 - [TEST_STEP][PASSED] - click(findTestObject(object)): null

27-02-2025T17:39:34 - [MESSAGE][PASSED] - Object: 'Object Repository/Journey partner Profile/Tabs/Organization Info/img_Upload Brochure_field-tooltip' is clicked on

27-02-2025T17:39:34 - [TEST_STEP][PASSED] - delay(1): Delayed 1 second(s)

27-02-2025T17:39:35 - [MESSAGE][PASSED] - Delayed 1 second(s)

27-02-2025T17:39:35 - [TEST_STEP][PASSED] - myImage = tooltipImagePath + myKey + ".png": null

27-02-2025T17:39:35 - [TEST_STEP][PASSED] - f = new java.io.File(myImage): null

27-02-2025T17:39:35 - [TEST_STEP][PASSED] - if (f.exists()): null

27-02-2025T17:39:35 - [TEST_STEP][PASSED] - println("Looking for " + myImage): null

27-02-2025T17:39:35 - [TEST_STEP][PASSED] - icn = Pattern(myImage).similar(0.10): null

27-02-2025T17:39:35 - [TEST_STEP][PASSED] - found = s.exists(icn): null

27-02-2025T17:39:35 - [TEST_STEP][PASSED] - println(found): null

27-02-2025T17:39:35 - [TEST_STEP][PASSED] - if (found != null): null

27-02-2025T17:39:35 - [TEST_STEP][PASSED] - foundStr = found.toString(): null

27-02-2025T17:39:35 - [TEST_STEP][PASSED] - matchP = foundStr.indexOf("%"): null

27-02-2025T17:39:35 - [TEST_STEP][PASSED] - if (matchP >= 0): null

27-02-2025T17:39:35 - [TEST_STEP][PASSED] - println(matchP): null

27-02-2025T17:39:35 - [TEST_STEP][PASSED] - pct = foundStr.substring(matchP + 1, matchP + 6): null

27-02-2025T17:39:35 - [TEST_STEP][PASSED] - pctF = pct.toFloat(): null

27-02-2025T17:39:35 - [TEST_STEP][PASSED] - outText = "+++ Tooltip match value for " + myKey + " is " + pctF + "%": null

27-02-2025T17:39:35 - [TEST_STEP][PASSED] - min = 80: null

27-02-2025T17:39:35 - [TEST_STEP][PASSED] - if (pctF.toFloat() < min.toFloat()): null

27-02-2025T17:39:35 - [TEST_STEP][PASSED] - if (myKey != "dummy"): null

27-02-2025T17:39:35 - [TEST_STEP][PASSED] - println(outText): null

27-02-2025T17:39:35 - [TEST_STEP][PASSED] - outFile.append(outText + "
"): null

27-02-2025T17:39:35 - [TEST_STEP][PASSED] - myKey = key: null

27-02-2025T17:39:35 - [TEST_STEP][PASSED] - myValue = value: null

27-02-2025T17:39:35 - [TEST_STEP][PASSED] - println("myKey is " + myKey): null

27-02-2025T17:39:35 - [TEST_STEP][PASSED] - println("myValue is " + myValue): null

27-02-2025T17:39:35 - [TEST_STEP][PASSED] - if (myKey != "dummy"): null

27-02-2025T17:39:35 - [TEST_STEP][PASSED] - tObj = testObjectFolder + myValue: null

27-02-2025T17:39:35 - [TEST_STEP][PASSED] - click(tObj): null

27-02-2025T17:39:35 - [TEST_STEP][PASSED] - scrollToObject(object): null

27-02-2025T17:39:35 - [TEST_STEP][PASSED] - println("Converting " + object + " to web element"): null

27-02-2025T17:39:35 - [TEST_STEP][PASSED] - element = findWebElement(findTestObject(object), 1): null

27-02-2025T17:39:35 - [TEST_STEP][PASSED] - loc = element.getLocation(): null

27-02-2025T17:39:35 - [TEST_STEP][PASSED] - x = loc.getX(): null

27-02-2025T17:39:35 - [TEST_STEP][PASSED] - if (x >= 560): null

27-02-2025T17:39:35 - [TEST_STEP][PASSED] - y = loc.getY(): null

27-02-2025T17:39:35 - [TEST_STEP][PASSED] - println("Y location is " + y): null

27-02-2025T17:39:35 - [TEST_STEP][PASSED] - top = getViewportTopPosition(): Current viewport's top (y) position is 451

27-02-2025T17:39:35 - [MESSAGE][PASSED] - Current viewport's top (y) position is 451

27-02-2025T17:39:35 - [TEST_STEP][PASSED] - println("Viewport top is " + top): null

27-02-2025T17:39:35 - [TEST_STEP][PASSED] - bottom = top + 600: null

27-02-2025T17:39:35 - [TEST_STEP][PASSED] - if (y - top < 150 || bottom - y < 10): null

27-02-2025T17:39:35 - [TEST_STEP][PASSED] - click(findTestObject(object)): null

27-02-2025T17:39:35 - [MESSAGE][PASSED] - Object: 'Object Repository/Journey partner Profile/Tabs/Organization Info/img_Link back URL_field-tooltip' is clicked on

27-02-2025T17:39:35 - [TEST_STEP][PASSED] - delay(1): Delayed 1 second(s)

27-02-2025T17:39:36 - [MESSAGE][PASSED] - Delayed 1 second(s)

27-02-2025T17:39:36 - [TEST_STEP][PASSED] - myImage = tooltipImagePath + myKey + ".png": null

27-02-2025T17:39:36 - [TEST_STEP][PASSED] - f = new java.io.File(myImage): null

27-02-2025T17:39:36 - [TEST_STEP][PASSED] - if (f.exists()): null

27-02-2025T17:39:36 - [TEST_STEP][PASSED] - println("Looking for " + myImage): null

27-02-2025T17:39:36 - [TEST_STEP][PASSED] - icn = Pattern(myImage).similar(0.10): null

27-02-2025T17:39:36 - [TEST_STEP][PASSED] - found = s.exists(icn): null

27-02-2025T17:39:36 - [TEST_STEP][PASSED] - println(found): null

27-02-2025T17:39:36 - [TEST_STEP][PASSED] - if (found != null): null

27-02-2025T17:39:36 - [TEST_STEP][PASSED] - foundStr = found.toString(): null

27-02-2025T17:39:36 - [TEST_STEP][PASSED] - matchP = foundStr.indexOf("%"): null

27-02-2025T17:39:36 - [TEST_STEP][PASSED] - if (matchP >= 0): null

27-02-2025T17:39:36 - [TEST_STEP][PASSED] - println(matchP): null

27-02-2025T17:39:36 - [TEST_STEP][PASSED] - pct = foundStr.substring(matchP + 1, matchP + 6): null

27-02-2025T17:39:36 - [TEST_STEP][PASSED] - pctF = pct.toFloat(): null

27-02-2025T17:39:36 - [TEST_STEP][PASSED] - outText = "+++ Tooltip match value for " + myKey + " is " + pctF + "%": null

27-02-2025T17:39:36 - [TEST_STEP][PASSED] - min = 80: null

27-02-2025T17:39:36 - [TEST_STEP][PASSED] - if (pctF.toFloat() < min.toFloat()): null

27-02-2025T17:39:36 - [TEST_STEP][PASSED] - if (myKey != "dummy"): null

27-02-2025T17:39:36 - [TEST_STEP][PASSED] - println(outText): null

27-02-2025T17:39:36 - [TEST_STEP][PASSED] - outFile.append(outText + "
"): null

27-02-2025T17:39:36 - [TEST_STEP][PASSED] - myKey = key: null

27-02-2025T17:39:36 - [TEST_STEP][PASSED] - myValue = value: null

27-02-2025T17:39:36 - [TEST_STEP][PASSED] - println("myKey is " + myKey): null

27-02-2025T17:39:36 - [TEST_STEP][PASSED] - println("myValue is " + myValue): null

27-02-2025T17:39:36 - [TEST_STEP][PASSED] - if (myKey != "dummy"): null

27-02-2025T17:39:36 - [TEST_STEP][PASSED] - tObj = testObjectFolder + myValue: null

27-02-2025T17:39:36 - [TEST_STEP][PASSED] - click(tObj): null

27-02-2025T17:39:36 - [TEST_STEP][PASSED] - scrollToObject(object): null

27-02-2025T17:39:36 - [TEST_STEP][PASSED] - println("Converting " + object + " to web element"): null

27-02-2025T17:39:36 - [TEST_STEP][PASSED] - element = findWebElement(findTestObject(object), 1): null

27-02-2025T17:39:36 - [TEST_STEP][PASSED] - loc = element.getLocation(): null

27-02-2025T17:39:36 - [TEST_STEP][PASSED] - x = loc.getX(): null

27-02-2025T17:39:36 - [TEST_STEP][PASSED] - if (x >= 560): null

27-02-2025T17:39:36 - [TEST_STEP][PASSED] - y = loc.getY(): null

27-02-2025T17:39:36 - [TEST_STEP][PASSED] - println("Y location is " + y): null

27-02-2025T17:39:36 - [TEST_STEP][PASSED] - top = getViewportTopPosition(): Current viewport's top (y) position is 451

27-02-2025T17:39:36 - [MESSAGE][PASSED] - Current viewport's top (y) position is 451

27-02-2025T17:39:36 - [TEST_STEP][PASSED] - println("Viewport top is " + top): null

27-02-2025T17:39:36 - [TEST_STEP][PASSED] - bottom = top + 600: null

27-02-2025T17:39:36 - [TEST_STEP][PASSED] - if (y - top < 150 || bottom - y < 10): null

27-02-2025T17:39:36 - [TEST_STEP][PASSED] - click(findTestObject(object)): null

27-02-2025T17:39:36 - [MESSAGE][PASSED] - Object: 'Object Repository/Journey partner Profile/Tabs/Organization Info/img_Hide Listing_field-tooltip' is clicked on

27-02-2025T17:39:36 - [TEST_STEP][PASSED] - delay(1): Delayed 1 second(s)

27-02-2025T17:39:37 - [MESSAGE][PASSED] - Delayed 1 second(s)

27-02-2025T17:39:37 - [TEST_STEP][PASSED] - myImage = tooltipImagePath + myKey + ".png": null

27-02-2025T17:39:37 - [TEST_STEP][PASSED] - f = new java.io.File(myImage): null

27-02-2025T17:39:37 - [TEST_STEP][PASSED] - if (f.exists()): null

27-02-2025T17:39:37 - [TEST_STEP][PASSED] - println("Looking for " + myImage): null

27-02-2025T17:39:37 - [TEST_STEP][PASSED] - icn = Pattern(myImage).similar(0.10): null

27-02-2025T17:39:37 - [TEST_STEP][PASSED] - found = s.exists(icn): null

27-02-2025T17:39:37 - [TEST_STEP][PASSED] - println(found): null

27-02-2025T17:39:37 - [TEST_STEP][PASSED] - if (found != null): null

27-02-2025T17:39:37 - [TEST_STEP][PASSED] - foundStr = found.toString(): null

27-02-2025T17:39:37 - [TEST_STEP][PASSED] - matchP = foundStr.indexOf("%"): null

27-02-2025T17:39:37 - [TEST_STEP][PASSED] - if (matchP >= 0): null

27-02-2025T17:39:37 - [TEST_STEP][PASSED] - println(matchP): null

27-02-2025T17:39:37 - [TEST_STEP][PASSED] - pct = foundStr.substring(matchP + 1, matchP + 6): null

27-02-2025T17:39:37 - [TEST_STEP][PASSED] - pctF = pct.toFloat(): null

27-02-2025T17:39:37 - [TEST_STEP][PASSED] - outText = "+++ Tooltip match value for " + myKey + " is " + pctF + "%": null

27-02-2025T17:39:37 - [TEST_STEP][PASSED] - min = 80: null

27-02-2025T17:39:37 - [TEST_STEP][PASSED] - if (pctF.toFloat() < min.toFloat()): null

27-02-2025T17:39:37 - [TEST_STEP][PASSED] - if (myKey != "dummy"): null

27-02-2025T17:39:37 - [TEST_STEP][PASSED] - println(outText): null

27-02-2025T17:39:37 - [TEST_STEP][PASSED] - outFile.append(outText + "
"): null

27-02-2025T17:39:37 - [TEST_STEP][PASSED] - outText = "Verifying the tooltip text on the page is what was expected.
": null

27-02-2025T17:39:37 - [TEST_STEP][PASSED] - println(tooltipTextMap): null

27-02-2025T17:39:37 - [TEST_STEP][PASSED] - outFile.append(outText): null

27-02-2025T17:39:37 - [TEST_STEP][PASSED] - for (def it : tooltipText): null

27-02-2025T17:39:37 - [TEST_STEP][PASSED] - println(it): null

27-02-2025T17:39:37 - [TEST_STEP][PASSED] - myKey = key: null

27-02-2025T17:39:37 - [TEST_STEP][PASSED] - myText = value.replace(""", ""): null

27-02-2025T17:39:37 - [TEST_STEP][PASSED] - myText = myText.trim(): null

27-02-2025T17:39:37 - [TEST_STEP][PASSED] - println(myKey): null

27-02-2025T17:39:37 - [TEST_STEP][PASSED] - println(myText): null

27-02-2025T17:39:37 - [TEST_STEP][PASSED] - println(tooltipTextMap.get(myKey)): null

27-02-2025T17:39:37 - [TEST_STEP][PASSED] - actualText = get(myKey).replace(""", ""): null

27-02-2025T17:39:37 - [TEST_STEP][PASSED] - actualText = actualText.trim(): null

27-02-2025T17:39:37 - [TEST_STEP][PASSED] - println(myKey + ":" + actualText): null

27-02-2025T17:39:37 - [TEST_STEP][PASSED] - if (actualText != myText): null

27-02-2025T17:39:37 - [TEST_STEP][PASSED] - println(it): null

27-02-2025T17:39:37 - [TEST_STEP][PASSED] - myKey = key: null

27-02-2025T17:39:37 - [TEST_STEP][PASSED] - myText = value.replace(""", ""): null

27-02-2025T17:39:37 - [TEST_STEP][PASSED] - myText = myText.trim(): null

27-02-2025T17:39:37 - [TEST_STEP][PASSED] - println(myKey): null

27-02-2025T17:39:37 - [TEST_STEP][PASSED] - println(myText): null

27-02-2025T17:39:37 - [TEST_STEP][PASSED] - println(tooltipTextMap.get(myKey)): null

27-02-2025T17:39:37 - [TEST_STEP][PASSED] - actualText = get(myKey).replace(""", ""): null

27-02-2025T17:39:37 - [TEST_STEP][PASSED] - actualText = actualText.trim(): null

27-02-2025T17:39:37 - [TEST_STEP][PASSED] - println(myKey + ":" + actualText): null

27-02-2025T17:39:37 - [TEST_STEP][PASSED] - if (actualText != myText): null

27-02-2025T17:39:37 - [TEST_STEP][PASSED] - println(it): null

27-02-2025T17:39:37 - [TEST_STEP][PASSED] - myKey = key: null

27-02-2025T17:39:37 - [TEST_STEP][PASSED] - myText = value.replace(""", ""): null

27-02-2025T17:39:37 - [TEST_STEP][PASSED] - myText = myText.trim(): null

27-02-2025T17:39:37 - [TEST_STEP][PASSED] - println(myKey): null

27-02-2025T17:39:37 - [TEST_STEP][PASSED] - println(myText): null

27-02-2025T17:39:37 - [TEST_STEP][PASSED] - println(tooltipTextMap.get(myKey)): null

27-02-2025T17:39:37 - [TEST_STEP][PASSED] - actualText = get(myKey).replace(""", ""): null

27-02-2025T17:39:37 - [TEST_STEP][PASSED] - actualText = actualText.trim(): null

27-02-2025T17:39:37 - [TEST_STEP][PASSED] - println(myKey + ":" + actualText): null

27-02-2025T17:39:37 - [TEST_STEP][PASSED] - if (actualText != myText): null

27-02-2025T17:39:37 - [TEST_STEP][PASSED] - println(it): null

27-02-2025T17:39:37 - [TEST_STEP][PASSED] - myKey = key: null

27-02-2025T17:39:37 - [TEST_STEP][PASSED] - myText = value.replace(""", ""): null

27-02-2025T17:39:37 - [TEST_STEP][PASSED] - myText = myText.trim(): null

27-02-2025T17:39:37 - [TEST_STEP][PASSED] - println(myKey): null

27-02-2025T17:39:37 - [TEST_STEP][PASSED] - println(myText): null

27-02-2025T17:39:37 - [TEST_STEP][PASSED] - println(tooltipTextMap.get(myKey)): null

27-02-2025T17:39:37 - [TEST_STEP][PASSED] - actualText = get(myKey).replace(""", ""): null

27-02-2025T17:39:37 - [TEST_STEP][PASSED] - actualText = actualText.trim(): null

27-02-2025T17:39:37 - [TEST_STEP][PASSED] - println(myKey + ":" + actualText): null

27-02-2025T17:39:37 - [TEST_STEP][PASSED] - if (actualText != myText): null

27-02-2025T17:39:37 - [TEST_STEP][PASSED] - println(it): null

27-02-2025T17:39:37 - [TEST_STEP][PASSED] - myKey = key: null

27-02-2025T17:39:37 - [TEST_STEP][PASSED] - myText = value.replace(""", ""): null

27-02-2025T17:39:37 - [TEST_STEP][PASSED] - myText = myText.trim(): null

27-02-2025T17:39:37 - [TEST_STEP][PASSED] - println(myKey): null

27-02-2025T17:39:37 - [TEST_STEP][PASSED] - println(myText): null

27-02-2025T17:39:37 - [TEST_STEP][PASSED] - println(tooltipTextMap.get(myKey)): null

27-02-2025T17:39:37 - [TEST_STEP][PASSED] - actualText = get(myKey).replace(""", ""): null

27-02-2025T17:39:37 - [TEST_STEP][PASSED] - actualText = actualText.trim(): null

27-02-2025T17:39:37 - [TEST_STEP][PASSED] - println(myKey + ":" + actualText): null

27-02-2025T17:39:37 - [TEST_STEP][PASSED] - if (actualText != myText): null

27-02-2025T17:39:37 - [TEST_STEP][PASSED] - println(it): null

27-02-2025T17:39:37 - [TEST_STEP][PASSED] - myKey = key: null

27-02-2025T17:39:37 - [TEST_STEP][PASSED] - myText = value.replace(""", ""): null

27-02-2025T17:39:37 - [TEST_STEP][PASSED] - myText = myText.trim(): null

27-02-2025T17:39:37 - [TEST_STEP][PASSED] - println(myKey): null

27-02-2025T17:39:37 - [TEST_STEP][PASSED] - println(myText): null

27-02-2025T17:39:37 - [TEST_STEP][PASSED] - println(tooltipTextMap.get(myKey)): null

27-02-2025T17:39:37 - [TEST_STEP][PASSED] - actualText = get(myKey).replace(""", ""): null

27-02-2025T17:39:37 - [TEST_STEP][PASSED] - actualText = actualText.trim(): null

27-02-2025T17:39:37 - [TEST_STEP][PASSED] - println(myKey + ":" + actualText): null

27-02-2025T17:39:37 - [TEST_STEP][PASSED] - if (actualText != myText): null

27-02-2025T17:39:37 - [TEST_STEP][PASSED] - println(it): null

27-02-2025T17:39:37 - [TEST_STEP][PASSED] - myKey = key: null

27-02-2025T17:39:37 - [TEST_STEP][PASSED] - myText = value.replace(""", ""): null

27-02-2025T17:39:37 - [TEST_STEP][PASSED] - myText = myText.trim(): null

27-02-2025T17:39:37 - [TEST_STEP][PASSED] - println(myKey): null

27-02-2025T17:39:37 - [TEST_STEP][PASSED] - println(myText): null

27-02-2025T17:39:37 - [TEST_STEP][PASSED] - println(tooltipTextMap.get(myKey)): null

27-02-2025T17:39:37 - [TEST_STEP][PASSED] - actualText = get(myKey).replace(""", ""): null

27-02-2025T17:39:37 - [TEST_STEP][PASSED] - actualText = actualText.trim(): null

27-02-2025T17:39:37 - [TEST_STEP][PASSED] - println(myKey + ":" + actualText): null

27-02-2025T17:39:37 - [TEST_STEP][PASSED] - if (actualText != myText): null

27-02-2025T17:39:37 - [TEST_STEP][PASSED] - println(it): null

27-02-2025T17:39:37 - [TEST_STEP][PASSED] - myKey = key: null

27-02-2025T17:39:37 - [TEST_STEP][PASSED] - myText = value.replace(""", ""): null

27-02-2025T17:39:37 - [TEST_STEP][PASSED] - myText = myText.trim(): null

27-02-2025T17:39:37 - [TEST_STEP][PASSED] - println(myKey): null

27-02-2025T17:39:37 - [TEST_STEP][PASSED] - println(myText): null

27-02-2025T17:39:37 - [TEST_STEP][PASSED] - println(tooltipTextMap.get(myKey)): null

27-02-2025T17:39:37 - [TEST_STEP][PASSED] - actualText = get(myKey).replace(""", ""): null

27-02-2025T17:39:37 - [TEST_STEP][PASSED] - actualText = actualText.trim(): null

27-02-2025T17:39:37 - [TEST_STEP][PASSED] - println(myKey + ":" + actualText): null

27-02-2025T17:39:37 - [TEST_STEP][PASSED] - if (actualText != myText): null

27-02-2025T17:39:37 - [MESSAGE][PASSED] - Call Test Case 'Test Cases/_Functions/Test Tooltips' successfully

27-02-2025T17:39:37 - [TEST_STEP][PASSED] - outText = "Verifying the required field messages.
": null

27-02-2025T17:39:37 - [TEST_STEP][PASSED] - outFile.append(outText): null

27-02-2025T17:39:37 - [TEST_STEP][PASSED] - fieldList = []: null

27-02-2025T17:39:37 - [TEST_STEP][PASSED] - requiredFieldMsgs.each({ -> ... }): null

27-02-2025T17:39:37 - [TEST_STEP][PASSED] - if (varYear_founded != null): Call Test Case 'Test Cases/_Functions/Perform Action' successfully

27-02-2025T17:39:37 - [TEST_STEP][PASSED] - object = "Object Repository/Journey Partner Profile/Tabs/Organization Info/input_Year Founded": null

27-02-2025T17:39:37 - [TEST_STEP][PASSED] - callTestCase(findTestCase("_Functions/Perform Action"), ["varAction":"setText", "varObject":object, "varParm1":varYear_founded], STOP_ON_FAILURE): Call Test Case 'Test Cases/_Functions/Perform Action' successfully

27-02-2025T17:39:37 - [TEST_CASE][PASSED] - Test Cases/_Functions/Perform Action: Test Cases/_Functions/Perform Action

27-02-2025T17:39:37 - [TEST_STEP][PASSED] - action = varAction: null

27-02-2025T17:39:37 - [TEST_STEP][PASSED] - println(action): null

27-02-2025T17:39:37 - [TEST_STEP][PASSED] - testObject = varObject: null

27-02-2025T17:39:37 - [TEST_STEP][PASSED] - println(testObject): null

27-02-2025T17:39:37 - [TEST_STEP][PASSED] - parm1 = varParm1: null

27-02-2025T17:39:37 - [TEST_STEP][PASSED] - println(parm1): null

27-02-2025T17:39:37 - [TEST_STEP][PASSED] - println("Converting " + testObject + " to web element"): null

27-02-2025T17:39:37 - [TEST_STEP][PASSED] - element = findWebElement(findTestObject(testObject), 1): null

27-02-2025T17:39:37 - [TEST_STEP][PASSED] - loc = element.getLocation(): null

27-02-2025T17:39:37 - [TEST_STEP][PASSED] - y = loc.getY(): null

27-02-2025T17:39:37 - [TEST_STEP][PASSED] - println("Y location is " + y): null

27-02-2025T17:39:37 - [TEST_STEP][PASSED] - top = getViewportTopPosition(): Current viewport's top (y) position is 451

27-02-2025T17:39:37 - [MESSAGE][PASSED] - Current viewport's top (y) position is 451

27-02-2025T17:39:37 - [TEST_STEP][PASSED] - println("Viewport top is " + top): null

27-02-2025T17:39:37 - [TEST_STEP][PASSED] - bottom = top + 600: null

27-02-2025T17:39:37 - [TEST_STEP][PASSED] - if (y - top < 150 || bottom - y < 10): null

27-02-2025T17:39:37 - [TEST_STEP][PASSED] - if (action == "click"): null

27-02-2025T17:39:37 - [TEST_STEP][PASSED] - else if (action == "selectOptionByValue"): null

27-02-2025T17:39:37 - [TEST_STEP][PASSED] - else if (action == "setText"): Text '2012' is set on object 'Object Repository/Journey Partner Profile/Tabs/Organization Info/input_Year Founded'

27-02-2025T17:39:37 - [TEST_STEP][PASSED] - println("Setting text " + parm1): null

27-02-2025T17:39:37 - [TEST_STEP][PASSED] - setText(findTestObject(testObject), parm1): Text '2012' is set on object 'Object Repository/Journey Partner Profile/Tabs/Organization Info/input_Year Founded'

27-02-2025T17:39:37 - [MESSAGE][PASSED] - Text '2012' is set on object 'Object Repository/Journey Partner Profile/Tabs/Organization Info/input_Year Founded'

27-02-2025T17:39:37 - [MESSAGE][PASSED] - Call Test Case 'Test Cases/_Functions/Perform Action' successfully

27-02-2025T17:39:37 - [TEST_STEP][PASSED] - if (varLink_back_url != null): Call Test Case 'Test Cases/_Functions/Perform Action' successfully

27-02-2025T17:39:37 - [TEST_STEP][PASSED] - object = "Object Repository/Journey Partner Profile/Tabs/Organization Info/input_Link back URL": null

27-02-2025T17:39:37 - [TEST_STEP][PASSED] - callTestCase(findTestCase("_Functions/Perform Action"), ["varAction":"setText", "varObject":object, "varParm1":varLink_back_url], STOP_ON_FAILURE): Call Test Case 'Test Cases/_Functions/Perform Action' successfully

27-02-2025T17:39:38 - [TEST_CASE][PASSED] - Test Cases/_Functions/Perform Action: Test Cases/_Functions/Perform Action

27-02-2025T17:39:38 - [TEST_STEP][PASSED] - action = varAction: null

27-02-2025T17:39:38 - [TEST_STEP][PASSED] - println(action): null

27-02-2025T17:39:38 - [TEST_STEP][PASSED] - testObject = varObject: null

27-02-2025T17:39:38 - [TEST_STEP][PASSED] - println(testObject): null

27-02-2025T17:39:38 - [TEST_STEP][PASSED] - parm1 = varParm1: null

27-02-2025T17:39:38 - [TEST_STEP][PASSED] - println(parm1): null

27-02-2025T17:39:38 - [TEST_STEP][PASSED] - println("Converting " + testObject + " to web element"): null

27-02-2025T17:39:38 - [TEST_STEP][PASSED] - element = findWebElement(findTestObject(testObject), 1): null

27-02-2025T17:39:38 - [TEST_STEP][PASSED] - loc = element.getLocation(): null

27-02-2025T17:39:38 - [TEST_STEP][PASSED] - y = loc.getY(): null

27-02-2025T17:39:38 - [TEST_STEP][PASSED] - println("Y location is " + y): null

27-02-2025T17:39:38 - [TEST_STEP][PASSED] - top = getViewportTopPosition(): Current viewport's top (y) position is 451

27-02-2025T17:39:38 - [MESSAGE][PASSED] - Current viewport's top (y) position is 451

27-02-2025T17:39:38 - [TEST_STEP][PASSED] - println("Viewport top is " + top): null

27-02-2025T17:39:38 - [TEST_STEP][PASSED] - bottom = top + 600: null

27-02-2025T17:39:38 - [TEST_STEP][PASSED] - if (y - top < 150 || bottom - y < 10): null

27-02-2025T17:39:38 - [TEST_STEP][PASSED] - if (action == "click"): null

27-02-2025T17:39:38 - [TEST_STEP][PASSED] - else if (action == "selectOptionByValue"): null

27-02-2025T17:39:38 - [TEST_STEP][PASSED] - else if (action == "setText"): Text 'http://myjourneypartner.org' is set on object 'Object Repository/Journey Partner Profile/Tabs/Organization Info/input_Link back URL'

27-02-2025T17:39:38 - [TEST_STEP][PASSED] - println("Setting text " + parm1): null

27-02-2025T17:39:38 - [TEST_STEP][PASSED] - setText(findTestObject(testObject), parm1): Text 'http://myjourneypartner.org' is set on object 'Object Repository/Journey Partner Profile/Tabs/Organization Info/input_Link back URL'

27-02-2025T17:39:38 - [MESSAGE][PASSED] - Text 'http://myjourneypartner.org' is set on object 'Object Repository/Journey Partner Profile/Tabs/Organization Info/input_Link back URL'

27-02-2025T17:39:38 - [MESSAGE][PASSED] - Call Test Case 'Test Cases/_Functions/Perform Action' successfully

27-02-2025T17:39:38 - [TEST_STEP][PASSED] - if (varHide_listing != null): Call Test Case 'Test Cases/_Functions/Perform Action' successfully

27-02-2025T17:39:38 - [TEST_STEP][PASSED] - driver = getWebDriver(): null

27-02-2025T17:39:38 - [TEST_STEP][PASSED] - object = "Object Repository/Journey Partner Profile/Tabs/Organization Info/input_Hide Listing": null

27-02-2025T17:39:38 - [TEST_STEP][PASSED] - element = findWebElement(findTestObject(object), 1): null

27-02-2025T17:39:38 - [TEST_STEP][PASSED] - myStatus = element.isSelected(): null

27-02-2025T17:39:38 - [TEST_STEP][PASSED] - if (varHide_listing == "Yes" && !(myStatus) || varHide_list == "No" && myStatus): Delayed 1 second(s)

27-02-2025T17:39:38 - [TEST_STEP][PASSED] - callTestCase(findTestCase("_Functions/Perform Action"), ["varAction":"click", "varObject":object, "varParm1":null], STOP_ON_FAILURE): Call Test Case 'Test Cases/_Functions/Perform Action' successfully

27-02-2025T17:39:38 - [TEST_CASE][PASSED] - Test Cases/_Functions/Perform Action: Test Cases/_Functions/Perform Action

27-02-2025T17:39:38 - [TEST_STEP][PASSED] - action = varAction: null

27-02-2025T17:39:38 - [TEST_STEP][PASSED] - println(action): null

27-02-2025T17:39:38 - [TEST_STEP][PASSED] - testObject = varObject: null

27-02-2025T17:39:38 - [TEST_STEP][PASSED] - println(testObject): null

27-02-2025T17:39:38 - [TEST_STEP][PASSED] - parm1 = varParm1: null

27-02-2025T17:39:38 - [TEST_STEP][PASSED] - println(parm1): null

27-02-2025T17:39:38 - [TEST_STEP][PASSED] - println("Converting " + testObject + " to web element"): null

27-02-2025T17:39:38 - [TEST_STEP][PASSED] - element = findWebElement(findTestObject(testObject), 1): null

27-02-2025T17:39:38 - [TEST_STEP][PASSED] - loc = element.getLocation(): null

27-02-2025T17:39:38 - [TEST_STEP][PASSED] - y = loc.getY(): null

27-02-2025T17:39:38 - [TEST_STEP][PASSED] - println("Y location is " + y): null

27-02-2025T17:39:38 - [TEST_STEP][PASSED] - top = getViewportTopPosition(): Current viewport's top (y) position is 451

27-02-2025T17:39:38 - [MESSAGE][PASSED] - Current viewport's top (y) position is 451

27-02-2025T17:39:38 - [TEST_STEP][PASSED] - println("Viewport top is " + top): null

27-02-2025T17:39:38 - [TEST_STEP][PASSED] - bottom = top + 600: null

27-02-2025T17:39:38 - [TEST_STEP][PASSED] - if (y - top < 150 || bottom - y < 10): null

27-02-2025T17:39:38 - [TEST_STEP][PASSED] - if (action == "click"): Object: 'Object Repository/Journey Partner Profile/Tabs/Organization Info/input_Hide Listing' is clicked on

27-02-2025T17:39:38 - [TEST_STEP][PASSED] - println("clicking"): null

27-02-2025T17:39:38 - [TEST_STEP][PASSED] - click(findTestObject(testObject)): Object: 'Object Repository/Journey Partner Profile/Tabs/Organization Info/input_Hide Listing' is clicked on

27-02-2025T17:39:38 - [MESSAGE][PASSED] - Object: 'Object Repository/Journey Partner Profile/Tabs/Organization Info/input_Hide Listing' is clicked on

27-02-2025T17:39:38 - [MESSAGE][PASSED] - Call Test Case 'Test Cases/_Functions/Perform Action' successfully

27-02-2025T17:39:38 - [TEST_STEP][PASSED] - delay(1): Delayed 1 second(s)

27-02-2025T17:39:39 - [MESSAGE][PASSED] - Delayed 1 second(s)

27-02-2025T17:39:39 - [TEST_STEP][PASSED] - if (varHide_listing == "Yes" && varSecurity_explanation != null): Call Test Case 'Test Cases/_Functions/Perform Action' successfully

27-02-2025T17:39:39 - [TEST_STEP][PASSED] - object = "Object Repository/Journey Partner Profile/Tabs/Organization Info/textarea_Security Explanation": null

27-02-2025T17:39:39 - [TEST_STEP][PASSED] - callTestCase(findTestCase("_Functions/Perform Action"), ["varAction":"setText", "varObject":object, "varParm1":varSecurity_explanation], STOP_ON_FAILURE): Call Test Case 'Test Cases/_Functions/Perform Action' successfully

27-02-2025T17:39:39 - [TEST_CASE][PASSED] - Test Cases/_Functions/Perform Action: Test Cases/_Functions/Perform Action

27-02-2025T17:39:39 - [TEST_STEP][PASSED] - action = varAction: null

27-02-2025T17:39:39 - [TEST_STEP][PASSED] - println(action): null

27-02-2025T17:39:39 - [TEST_STEP][PASSED] - testObject = varObject: null

27-02-2025T17:39:39 - [TEST_STEP][PASSED] - println(testObject): null

27-02-2025T17:39:39 - [TEST_STEP][PASSED] - parm1 = varParm1: null

27-02-2025T17:39:39 - [TEST_STEP][PASSED] - println(parm1): null

27-02-2025T17:39:39 - [TEST_STEP][PASSED] - println("Converting " + testObject + " to web element"): null

27-02-2025T17:39:39 - [TEST_STEP][PASSED] - element = findWebElement(findTestObject(testObject), 1): null

27-02-2025T17:39:39 - [TEST_STEP][PASSED] - loc = element.getLocation(): null

27-02-2025T17:39:39 - [TEST_STEP][PASSED] - y = loc.getY(): null

27-02-2025T17:39:39 - [TEST_STEP][PASSED] - println("Y location is " + y): null

27-02-2025T17:39:39 - [TEST_STEP][PASSED] - top = getViewportTopPosition(): Current viewport's top (y) position is 451

27-02-2025T17:39:39 - [MESSAGE][PASSED] - Current viewport's top (y) position is 451

27-02-2025T17:39:39 - [TEST_STEP][PASSED] - println("Viewport top is " + top): null

27-02-2025T17:39:39 - [TEST_STEP][PASSED] - bottom = top + 600: null

27-02-2025T17:39:39 - [TEST_STEP][PASSED] - if (y - top < 150 || bottom - y < 10): null

27-02-2025T17:39:39 - [TEST_STEP][PASSED] - if (action == "click"): null

27-02-2025T17:39:39 - [TEST_STEP][PASSED] - else if (action == "selectOptionByValue"): null

27-02-2025T17:39:39 - [TEST_STEP][PASSED] - else if (action == "setText"): Text 'Creative access country.' is set on object 'Object Repository/Journey Partner Profile/Tabs/Organization Info/textarea_Security Explanation'

27-02-2025T17:39:39 - [TEST_STEP][PASSED] - println("Setting text " + parm1): null

27-02-2025T17:39:39 - [TEST_STEP][PASSED] - setText(findTestObject(testObject), parm1): Text 'Creative access country.' is set on object 'Object Repository/Journey Partner Profile/Tabs/Organization Info/textarea_Security Explanation'

27-02-2025T17:39:39 - [MESSAGE][PASSED] - Text 'Creative access country.' is set on object 'Object Repository/Journey Partner Profile/Tabs/Organization Info/textarea_Security Explanation'

27-02-2025T17:39:39 - [MESSAGE][PASSED] - Call Test Case 'Test Cases/_Functions/Perform Action' successfully

27-02-2025T17:39:39 - [TEST_STEP][PASSED] - callTestCase(findTestCase("_Functions/Test External Links"), ["varPageLinks":pageLinks, "varObjectPath":"Object Repository/Journey Candidate Profile/Tabs/Organization Info/"], OPTIONAL): Call Test Case 'Test Cases/_Functions/Test External Links' successfully

27-02-2025T17:39:39 - [TEST_CASE][PASSED] - Test Cases/_Functions/Test External Links: Test Cases/_Functions/Test External Links

27-02-2025T17:39:39 - [TEST_STEP][PASSED] - if (fastPath): null

27-02-2025T17:39:39 - [TEST_STEP][PASSED] - outFile = outFile: null

27-02-2025T17:39:39 - [TEST_STEP][PASSED] - pageLinks = varPageLinks: null

27-02-2025T17:39:39 - [TEST_STEP][PASSED] - println(pageLinks): null

27-02-2025T17:39:39 - [TEST_STEP][PASSED] - objectPath = varObjectPath: null

27-02-2025T17:39:39 - [TEST_STEP][PASSED] - println(objectPath): null

27-02-2025T17:39:39 - [TEST_STEP][PASSED] - callingTab = varCallingTab: null

27-02-2025T17:39:39 - [TEST_STEP][PASSED] - println(callingTab): null

27-02-2025T17:39:39 - [TEST_STEP][PASSED] - driver = getWebDriver(): null

27-02-2025T17:39:39 - [TEST_STEP][PASSED] - for (def it : pageLinks): null

27-02-2025T17:39:39 - [MESSAGE][PASSED] - Call Test Case 'Test Cases/_Functions/Test External Links' successfully

27-02-2025T17:39:39 - [TEST_STEP][PASSED] - object = "Journey Partner Profile/Tabs/btn_Complete Submit": null

27-02-2025T17:39:39 - [TEST_STEP][PASSED] - callTestCase(findTestCase("_Functions/Perform Action"), ["varAction":"click", "varObject":object, "varParm1":null], STOP_ON_FAILURE): Call Test Case 'Test Cases/_Functions/Perform Action' successfully

27-02-2025T17:39:39 - [TEST_CASE][PASSED] - Test Cases/_Functions/Perform Action: Test Cases/_Functions/Perform Action

27-02-2025T17:39:39 - [TEST_STEP][PASSED] - action = varAction: null

27-02-2025T17:39:39 - [TEST_STEP][PASSED] - println(action): null

27-02-2025T17:39:39 - [TEST_STEP][PASSED] - testObject = varObject: null

27-02-2025T17:39:39 - [TEST_STEP][PASSED] - println(testObject): null

27-02-2025T17:39:39 - [TEST_STEP][PASSED] - parm1 = varParm1: null

27-02-2025T17:39:39 - [TEST_STEP][PASSED] - println(parm1): null

27-02-2025T17:39:39 - [TEST_STEP][PASSED] - println("Converting " + testObject + " to web element"): null

27-02-2025T17:39:39 - [TEST_STEP][PASSED] - element = findWebElement(findTestObject(testObject), 1): null

27-02-2025T17:39:39 - [TEST_STEP][PASSED] - loc = element.getLocation(): null

27-02-2025T17:39:39 - [TEST_STEP][PASSED] - y = loc.getY(): null

27-02-2025T17:39:39 - [TEST_STEP][PASSED] - println("Y location is " + y): null

27-02-2025T17:39:39 - [TEST_STEP][PASSED] - top = getViewportTopPosition(): Current viewport's top (y) position is 451

27-02-2025T17:39:39 - [MESSAGE][PASSED] - Current viewport's top (y) position is 451

27-02-2025T17:39:39 - [TEST_STEP][PASSED] - println("Viewport top is " + top): null

27-02-2025T17:39:39 - [TEST_STEP][PASSED] - bottom = top + 600: null

27-02-2025T17:39:39 - [TEST_STEP][PASSED] - if (y - top < 150 || bottom - y < 10): Delayed 1 second(s)

27-02-2025T17:39:39 - [TEST_STEP][PASSED] - scrollToPosition(0, y - 150): Browser is scrolled to position x = 0, y = 1167

27-02-2025T17:39:39 - [MESSAGE][PASSED] - Browser is scrolled to position x = 0, y = 1167

27-02-2025T17:39:39 - [TEST_STEP][PASSED] - delay(1): Delayed 1 second(s)

27-02-2025T17:39:40 - [MESSAGE][PASSED] - Delayed 1 second(s)

27-02-2025T17:39:40 - [TEST_STEP][PASSED] - if (action == "click"): Object: 'Object Repository/Journey Partner Profile/Tabs/btn_Complete Submit' is clicked on

27-02-2025T17:39:40 - [TEST_STEP][PASSED] - println("clicking"): null

27-02-2025T17:39:40 - [TEST_STEP][PASSED] - click(findTestObject(testObject)): Object: 'Object Repository/Journey Partner Profile/Tabs/btn_Complete Submit' is clicked on

27-02-2025T17:39:44 - [MESSAGE][PASSED] - Object: 'Object Repository/Journey Partner Profile/Tabs/btn_Complete Submit' is clicked on

27-02-2025T17:39:44 - [MESSAGE][PASSED] - Call Test Case 'Test Cases/_Functions/Perform Action' successfully

27-02-2025T17:39:44 - [MESSAGE][PASSED] - Call Test Case 'Test Cases/Journey Partner Profile/Tabs/Set Organization Info' successfully

27-02-2025T17:39:44 - [TEST_STEP][PASSED] - if (pages.size() == 0 || "All" in pages || "Service Options" in pages): Call Test Case 'Test Cases/Journey Partner Profile/Tabs/Set Service Options' successfully

27-02-2025T17:39:44 - [TEST_STEP][PASSED] - time_commitments = ["One year to two years", "Long Term"]: null

27-02-2025T17:39:44 - [TEST_STEP][PASSED] - available_start_options = "In one to two years": null

27-02-2025T17:39:44 - [TEST_STEP][PASSED] - travel_options = "Travel funding negotiated": null

27-02-2025T17:39:44 - [TEST_STEP][PASSED] - time_hours_needed = ["Part Time ~ 20 Hours/Week", "Part of Each Year", "Summer Opportunities"]: null

27-02-2025T17:39:44 - [TEST_STEP][PASSED] - awareness_trip = "Yes": null

27-02-2025T17:39:44 - [TEST_STEP][PASSED] - awareness_trip_description = "Awareness trips to North Africa": null

27-02-2025T17:39:44 - [TEST_STEP][PASSED] - vision_trip = "Yes": null

27-02-2025T17:39:44 - [TEST_STEP][PASSED] - vision_trip_description = "Several vision trip options": null

27-02-2025T17:39:44 - [TEST_STEP][PASSED] - need_candidates_for_short_term_assignments = "Yes": null

27-02-2025T17:39:44 - [TEST_STEP][PASSED] - short_term_trip_length = ["Two Weeks", "3-4 Weeks", "A few months"]: null

27-02-2025T17:39:44 - [TEST_STEP][PASSED] - short_term_availability = ["Summer", "Fall"]: null

27-02-2025T17:39:44 - [TEST_STEP][PASSED] - short_term_objective = ["Explore opportunities in missions to find a good fit", "Gain first-hand exposure to missions"]: null

27-02-2025T17:39:44 - [TEST_STEP][PASSED] - short_term_statement = "Many short-term opportunities.": null

27-02-2025T17:39:44 - [TEST_STEP][PASSED] - preferred_regions = ["Southeast Asia", "Central America", "Europe, West", "North America", "Central America"]: null

27-02-2025T17:39:44 - [TEST_STEP][PASSED] - languages = ["English is a native language", "Other"]: null

27-02-2025T17:39:44 - [TEST_STEP][PASSED] - other_languages = "Polish": null

27-02-2025T17:39:44 - [TEST_STEP][PASSED] - callTestCase(findTestCase("Journey Partner Profile/Tabs/Set Service Options"), ["varTime_commitments":time_commitments, "varAvailable_start_options":available_start_options, "varTravel_options":travel_options, ... ], STOP_ON_FAILURE): Call Test Case 'Test Cases/Journey Partner Profile/Tabs/Set Service Options' successfully

27-02-2025T17:39:44 - [TEST_CASE][PASSED] - Test Cases/Journey Partner Profile/Tabs/Set Service Options: Test Cases/Journey Partner Profile/Tabs/Set Service Options

27-02-2025T17:39:44 - [TEST_STEP][PASSED] - username = username: null

27-02-2025T17:39:44 - [TEST_STEP][PASSED] - if (username != "cktest07jp" && username != "cktest02jp"): null

27-02-2025T17:39:44 - [TEST_STEP][PASSED] - testName = "Journey Partner Service Options Tab": null

27-02-2025T17:39:44 - [TEST_STEP][PASSED] - outFile = callTestCase(findTestCase("_Functions/Set Output File"), ["varTestName":testName], STOP_ON_FAILURE): Call Test Case 'Test Cases/_Functions/Set Output File' successfully

27-02-2025T17:39:44 - [TEST_CASE][PASSED] - Test Cases/_Functions/Set Output File: Test Cases/_Functions/Set Output File

27-02-2025T17:39:44 - [TEST_STEP][PASSED] - testName = varTestName: null

27-02-2025T17:39:44 - [TEST_STEP][PASSED] - domain = domain: null

27-02-2025T17:39:44 - [TEST_STEP][PASSED] - writeFile = false: null

27-02-2025T17:39:44 - [TEST_STEP][PASSED] - if (outFile != ""): null

27-02-2025T17:39:44 - [TEST_STEP][PASSED] - myFile = outFile: null

27-02-2025T17:39:44 - [TEST_STEP][PASSED] - println(myFile): null

27-02-2025T17:39:44 - [TEST_STEP][PASSED] - outFile = new java.io.File(myFile): null

27-02-2025T17:39:44 - [TEST_STEP][PASSED] - writeFile = true: null

27-02-2025T17:39:44 - [TEST_STEP][PASSED] - if (!(writeFile)): null

27-02-2025T17:39:44 - [TEST_STEP][PASSED] - else: null

27-02-2025T17:39:44 - [TEST_STEP][PASSED] - outFile.append("
Testing " + testName + " on " + domain + ".
"): null

27-02-2025T17:39:44 - [TEST_STEP][PASSED] - return outFile: null

27-02-2025T17:39:44 - [MESSAGE][PASSED] - Call Test Case 'Test Cases/_Functions/Set Output File' successfully

27-02-2025T17:39:44 - [TEST_STEP][PASSED] - lastY = -100: null

27-02-2025T17:39:44 - [TEST_STEP][PASSED] - parms = [varTime_commitments, varAvailable_start_options, varTravel_options, varTime_hours_needed, varAwareness_trip, varVision_trip, varPreferred_regions, varLanguages]: null

27-02-2025T17:39:44 - [TEST_STEP][PASSED] - time_commitments = "//input[@id='profile_group-1446521622.636_time_commitments']": null

27-02-2025T17:39:44 - [TEST_STEP][PASSED] - available_start_options = "//input[@id='profile_group-1446521622.636_available_start_options']": null

27-02-2025T17:39:44 - [TEST_STEP][PASSED] - travel_options = "//input[@id='profile_group-1446521622.636_travel_support']": null

27-02-2025T17:39:44 - [TEST_STEP][PASSED] - time_hours_needed = "//input[@id='profile_group-1446521622.636_time_availability']": null

27-02-2025T17:39:44 - [TEST_STEP][PASSED] - awareness_trip = "//input[@name='profile[group-1446521622.636][awareness_trip]']": null

27-02-2025T17:39:44 - [TEST_STEP][PASSED] - vision_trip = "//input[@name='profile[group-1446521622.636][vision_trip]']": null

27-02-2025T17:39:44 - [TEST_STEP][PASSED] - need_candidates_for_short_term_assignments = "//input[@id='profile_group-1446521622.636_need_positions_in_short-term_specifically']": null

27-02-2025T17:39:44 - [TEST_STEP][PASSED] - short_term_trip_length = "//input[@id='profile_group-1694885436.586_trip_lengths']": null

27-02-2025T17:39:44 - [TEST_STEP][PASSED] - short_term_availability = "//input[@id='profile_group-1694885436.586_short-term_availability']": null

27-02-2025T17:39:44 - [TEST_STEP][PASSED] - short_term_objective = "//input[@id='profile_group-1694885436.586_short-term_objective']": null

27-02-2025T17:39:44 - [TEST_STEP][PASSED] - preferred_regions = "//input[@id='profile_group-1446521622.636_regions_of_the_world']": null

27-02-2025T17:39:44 - [TEST_STEP][PASSED] - languages = "//input[@id='profile_group-1446521622.636_languages']": null

27-02-2025T17:39:44 - [TEST_STEP][PASSED] - xpaths = [time_commitments, available_start_options, travel_options, time_hours_needed, awareness_trip, vision_trip, preferred_regions, languages]: null

27-02-2025T17:39:44 - [TEST_STEP][PASSED] - tooltipImagePath = "/Users/cckozie/git/MissionNext-Katalon-Koz/images/Journey Partner/": null

27-02-2025T17:39:44 - [TEST_STEP][PASSED] - testObjectFolder = "Journey Partner Profile/Tabs/Service Options/": null

27-02-2025T17:39:44 - [TEST_STEP][PASSED] - tooltips = ["dummy":"dummy", "Time Commitments":"img_Time Commitments_field-tooltip", "TimeHours Needed":"img_TimeHours Needed_field-tooltip", ... ]: null

27-02-2025T17:39:44 - [TEST_STEP][PASSED] - tooltipText = ["Time Commitments":"Check all that generally apply. Open will match all candidates.", "Time/Hours Needed":"Check all that generally apply for your assignments.", ... ]: null

27-02-2025T17:39:44 - [TEST_STEP][PASSED] - requiredFieldMsgs = ["Time Commitments":"The time commitments field is required.", "Available Start Options":"The available start options field is required.", ... ]: null

27-02-2025T17:39:44 - [TEST_STEP][PASSED] - click(findTestObject("Object Repository/Journey Partner Profile/Tabs/a_Service Options")): Object: 'Object Repository/Journey Partner Profile/Tabs/a_Service Options' is clicked on

27-02-2025T17:39:45 - [MESSAGE][PASSED] - Object: 'Object Repository/Journey Partner Profile/Tabs/a_Service Options' is clicked on

27-02-2025T17:39:45 - [TEST_STEP][PASSED] - object = "Object Repository/Journey Partner Profile/Tabs/Service Options/input_Awareness Trip": null

27-02-2025T17:39:45 - [TEST_STEP][PASSED] - callTestCase(findTestCase("_Functions/Perform Action"), ["varAction":"click", "varObject":object, "varParm1":null], STOP_ON_FAILURE): Call Test Case 'Test Cases/_Functions/Perform Action' successfully

27-02-2025T17:39:45 - [TEST_CASE][PASSED] - Test Cases/_Functions/Perform Action: Test Cases/_Functions/Perform Action

27-02-2025T17:39:45 - [TEST_STEP][PASSED] - action = varAction: null

27-02-2025T17:39:45 - [TEST_STEP][PASSED] - println(action): null

27-02-2025T17:39:45 - [TEST_STEP][PASSED] - testObject = varObject: null

27-02-2025T17:39:45 - [TEST_STEP][PASSED] - println(testObject): null

27-02-2025T17:39:45 - [TEST_STEP][PASSED] - parm1 = varParm1: null

27-02-2025T17:39:45 - [TEST_STEP][PASSED] - println(parm1): null

27-02-2025T17:39:45 - [TEST_STEP][PASSED] - println("Converting " + testObject + " to web element"): null

27-02-2025T17:39:45 - [TEST_STEP][PASSED] - element = findWebElement(findTestObject(testObject), 1): null

27-02-2025T17:39:45 - [TEST_STEP][PASSED] - loc = element.getLocation(): null

27-02-2025T17:39:45 - [TEST_STEP][PASSED] - y = loc.getY(): null

27-02-2025T17:39:45 - [TEST_STEP][PASSED] - println("Y location is " + y): null

27-02-2025T17:39:45 - [TEST_STEP][PASSED] - top = getViewportTopPosition(): Current viewport's top (y) position is 0

27-02-2025T17:39:45 - [MESSAGE][PASSED] - Current viewport's top (y) position is 0

27-02-2025T17:39:45 - [TEST_STEP][PASSED] - println("Viewport top is " + top): null

27-02-2025T17:39:45 - [TEST_STEP][PASSED] - bottom = top + 600: null

27-02-2025T17:39:45 - [TEST_STEP][PASSED] - if (y - top < 150 || bottom - y < 10): Delayed 1 second(s)

27-02-2025T17:39:45 - [TEST_STEP][PASSED] - scrollToPosition(0, y - 150): Browser is scrolled to position x = 0, y = 651

27-02-2025T17:39:45 - [MESSAGE][PASSED] - Browser is scrolled to position x = 0, y = 651

27-02-2025T17:39:45 - [TEST_STEP][PASSED] - delay(1): Delayed 1 second(s)

27-02-2025T17:39:46 - [MESSAGE][PASSED] - Delayed 1 second(s)

27-02-2025T17:39:46 - [TEST_STEP][PASSED] - if (action == "click"): Object: 'Object Repository/Journey Partner Profile/Tabs/Service Options/input_Awareness Trip' is clicked on

27-02-2025T17:39:46 - [TEST_STEP][PASSED] - println("clicking"): null

27-02-2025T17:39:46 - [TEST_STEP][PASSED] - click(findTestObject(testObject)): Object: 'Object Repository/Journey Partner Profile/Tabs/Service Options/input_Awareness Trip' is clicked on

27-02-2025T17:39:46 - [MESSAGE][PASSED] - Object: 'Object Repository/Journey Partner Profile/Tabs/Service Options/input_Awareness Trip' is clicked on

27-02-2025T17:39:46 - [MESSAGE][PASSED] - Call Test Case 'Test Cases/_Functions/Perform Action' successfully

27-02-2025T17:39:46 - [TEST_STEP][PASSED] - object = "Object Repository/Journey Partner Profile/Tabs/Service Options/input_Vision Trip": null

27-02-2025T17:39:46 - [TEST_STEP][PASSED] - callTestCase(findTestCase("_Functions/Perform Action"), ["varAction":"click", "varObject":object, "varParm1":null], STOP_ON_FAILURE): Call Test Case 'Test Cases/_Functions/Perform Action' successfully

27-02-2025T17:39:46 - [TEST_CASE][PASSED] - Test Cases/_Functions/Perform Action: Test Cases/_Functions/Perform Action

27-02-2025T17:39:46 - [TEST_STEP][PASSED] - action = varAction: null

27-02-2025T17:39:46 - [TEST_STEP][PASSED] - println(action): null

27-02-2025T17:39:46 - [TEST_STEP][PASSED] - testObject = varObject: null

27-02-2025T17:39:46 - [TEST_STEP][PASSED] - println(testObject): null

27-02-2025T17:39:46 - [TEST_STEP][PASSED] - parm1 = varParm1: null

27-02-2025T17:39:46 - [TEST_STEP][PASSED] - println(parm1): null

27-02-2025T17:39:46 - [TEST_STEP][PASSED] - println("Converting " + testObject + " to web element"): null

27-02-2025T17:39:46 - [TEST_STEP][PASSED] - element = findWebElement(findTestObject(testObject), 1): null

27-02-2025T17:39:46 - [TEST_STEP][PASSED] - loc = element.getLocation(): null

27-02-2025T17:39:46 - [TEST_STEP][PASSED] - y = loc.getY(): null

27-02-2025T17:39:46 - [TEST_STEP][PASSED] - println("Y location is " + y): null

27-02-2025T17:39:46 - [TEST_STEP][PASSED] - top = getViewportTopPosition(): Current viewport's top (y) position is 651

27-02-2025T17:39:46 - [MESSAGE][PASSED] - Current viewport's top (y) position is 651

27-02-2025T17:39:46 - [TEST_STEP][PASSED] - println("Viewport top is " + top): null

27-02-2025T17:39:46 - [TEST_STEP][PASSED] - bottom = top + 600: null

27-02-2025T17:39:46 - [TEST_STEP][PASSED] - if (y - top < 150 || bottom - y < 10): null

27-02-2025T17:39:46 - [TEST_STEP][PASSED] - if (action == "click"): Object: 'Object Repository/Journey Partner Profile/Tabs/Service Options/input_Vision Trip' is clicked on

27-02-2025T17:39:46 - [TEST_STEP][PASSED] - println("clicking"): null

27-02-2025T17:39:46 - [TEST_STEP][PASSED] - click(findTestObject(testObject)): Object: 'Object Repository/Journey Partner Profile/Tabs/Service Options/input_Vision Trip' is clicked on

27-02-2025T17:39:46 - [MESSAGE][PASSED] - Object: 'Object Repository/Journey Partner Profile/Tabs/Service Options/input_Vision Trip' is clicked on

27-02-2025T17:39:46 - [MESSAGE][PASSED] - Call Test Case 'Test Cases/_Functions/Perform Action' successfully

27-02-2025T17:39:46 - [TEST_STEP][PASSED] - object = "Object Repository/Journey Partner Profile/Tabs/Service Options/input_Need Candidates for Short-Term Assignments": null

27-02-2025T17:39:46 - [TEST_STEP][PASSED] - callTestCase(findTestCase("_Functions/Perform Action"), ["varAction":"click", "varObject":object, "varParm1":null], STOP_ON_FAILURE): Call Test Case 'Test Cases/_Functions/Perform Action' successfully

27-02-2025T17:39:46 - [TEST_CASE][PASSED] - Test Cases/_Functions/Perform Action: Test Cases/_Functions/Perform Action

27-02-2025T17:39:46 - [TEST_STEP][PASSED] - action = varAction: null

27-02-2025T17:39:46 - [TEST_STEP][PASSED] - println(action): null

27-02-2025T17:39:46 - [TEST_STEP][PASSED] - testObject = varObject: null

27-02-2025T17:39:46 - [TEST_STEP][PASSED] - println(testObject): null

27-02-2025T17:39:46 - [TEST_STEP][PASSED] - parm1 = varParm1: null

27-02-2025T17:39:46 - [TEST_STEP][PASSED] - println(parm1): null

27-02-2025T17:39:46 - [TEST_STEP][PASSED] - println("Converting " + testObject + " to web element"): null

27-02-2025T17:39:46 - [TEST_STEP][PASSED] - element = findWebElement(findTestObject(testObject), 1): null

27-02-2025T17:39:46 - [TEST_STEP][PASSED] - loc = element.getLocation(): null

27-02-2025T17:39:46 - [TEST_STEP][PASSED] - y = loc.getY(): null

27-02-2025T17:39:46 - [TEST_STEP][PASSED] - println("Y location is " + y): null

27-02-2025T17:39:46 - [TEST_STEP][PASSED] - top = getViewportTopPosition(): Current viewport's top (y) position is 651

27-02-2025T17:39:46 - [MESSAGE][PASSED] - Current viewport's top (y) position is 651

27-02-2025T17:39:46 - [TEST_STEP][PASSED] - println("Viewport top is " + top): null

27-02-2025T17:39:46 - [TEST_STEP][PASSED] - bottom = top + 600: null

27-02-2025T17:39:46 - [TEST_STEP][PASSED] - if (y - top < 150 || bottom - y < 10): null

27-02-2025T17:39:46 - [TEST_STEP][PASSED] - if (action == "click"): Object: 'Object Repository/Journey Partner Profile/Tabs/Service Options/input_Need Candidates for Short-Term Assignments' is clicked on

27-02-2025T17:39:46 - [TEST_STEP][PASSED] - println("clicking"): null

27-02-2025T17:39:46 - [TEST_STEP][PASSED] - click(findTestObject(testObject)): Object: 'Object Repository/Journey Partner Profile/Tabs/Service Options/input_Need Candidates for Short-Term Assignments' is clicked on

27-02-2025T17:39:46 - [MESSAGE][PASSED] - Object: 'Object Repository/Journey Partner Profile/Tabs/Service Options/input_Need Candidates for Short-Term Assignments' is clicked on

27-02-2025T17:39:46 - [MESSAGE][PASSED] - Call Test Case 'Test Cases/_Functions/Perform Action' successfully

27-02-2025T17:39:46 - [TEST_STEP][PASSED] - tooltipTextMap = callTestCase(findTestCase("_Functions/Get Screenshot and Tooltip Text"), ["varExtension":testName], STOP_ON_FAILURE): Call Test Case 'Test Cases/_Functions/Get Screenshot and Tooltip Text' successfully

27-02-2025T17:39:46 - [TEST_CASE][PASSED] - Test Cases/_Functions/Get Screenshot and Tooltip Text: Test Cases/_Functions/Get Screenshot and Tooltip Text

27-02-2025T17:39:46 - [TEST_STEP][PASSED] - if (fastPath): null

27-02-2025T17:39:46 - [TEST_STEP][PASSED] - frame = new javax.swing.JFrame(): null

27-02-2025T17:39:46 - [TEST_STEP][PASSED] - p = new javax.swing.JPanel(): null

27-02-2025T17:39:46 - [TEST_STEP][PASSED] - l = new javax.swing.JLabel(Getting screenshot and tooltip text..., javax.swing.SwingConstants.CENTER): null

27-02-2025T17:39:46 - [TEST_STEP][PASSED] - frame.add(l): null

27-02-2025T17:39:46 - [TEST_STEP][PASSED] - frame.setSize(300, 100): null

27-02-2025T17:39:46 - [TEST_STEP][PASSED] - frame.setLocation(600, 0): null

27-02-2025T17:39:46 - [TEST_STEP][PASSED] - frame.setAlwaysOnTop(true): null

27-02-2025T17:39:46 - [TEST_STEP][PASSED] - frame.show(): null

27-02-2025T17:39:46 - [TEST_STEP][PASSED] - driver = getWebDriver(): null

27-02-2025T17:39:46 - [TEST_STEP][PASSED] - path = "/Users/cckozie/Documents/MissionNext/Screenshots and Tooltip Text/": null

27-02-2025T17:39:46 - [TEST_STEP][PASSED] - if (binding.hasVariable("varExtension")): null

27-02-2025T17:39:46 - [TEST_STEP][PASSED] - extension = varExtension: null

27-02-2025T17:39:46 - [TEST_STEP][PASSED] - println("Extension is " + extension): null

27-02-2025T17:39:46 - [TEST_STEP][PASSED] - fileBase = path + extension: null

27-02-2025T17:39:46 - [TEST_STEP][PASSED] - fileImage = fileBase + "_Screenshot.png": null

27-02-2025T17:39:46 - [TEST_STEP][PASSED] - waitForPageLoad(30): Wait for page load successfully

27-02-2025T17:39:46 - [MESSAGE][PASSED] - Wait for page load successfully

27-02-2025T17:39:46 - [TEST_STEP][PASSED] - spinner = driver.findElement(By.xpath("/html/body/div[1]/div/div[2]")): null

27-02-2025T17:39:46 - [TEST_STEP][PASSED] - executor = driver: null

27-02-2025T17:39:46 - [TEST_STEP][PASSED] - elementAttributes = executor.executeScript("var items = {}; for (index = 0; index < arguments[0].attributes.length; ++index) { items[arguments[0].attributes[index].name] = arguments[0].attributes[index].value }; return items;", spinner): null

27-02-2025T17:39:46 - [TEST_STEP][PASSED] - attrs = elementAttributes.toString(): null

27-02-2025T17:39:46 - [TEST_STEP][PASSED] - waits = 0: null

27-02-2025T17:39:46 - [TEST_STEP][PASSED] - while (attrs.indexOf("display: none") < 0 && waits < 2): null

27-02-2025T17:39:46 - [TEST_STEP][PASSED] - tooltipMap = callTestCase(findTestCase("_Functions/Get Tooltip Text"), [:], STOP_ON_FAILURE): Call Test Case 'Test Cases/_Functions/Get Tooltip Text' successfully

27-02-2025T17:39:46 - [TEST_CASE][PASSED] - Test Cases/_Functions/Get Tooltip Text: Test Cases/_Functions/Get Tooltip Text

27-02-2025T17:39:46 - [TEST_STEP][PASSED] - fieldTooltips = [:]: null

27-02-2025T17:39:46 - [TEST_STEP][PASSED] - tooltipMap = [:]: null

27-02-2025T17:39:46 - [TEST_STEP][PASSED] - driver = getWebDriver(): null

27-02-2025T17:39:46 - [TEST_STEP][PASSED] - tooltips = driver.findElements(By.className("field-tooltip")): null

27-02-2025T17:39:46 - [TEST_STEP][PASSED] - for (def it : tooltips): null

27-02-2025T17:39:46 - [TEST_STEP][PASSED] - if (it.isDisplayed()): null

27-02-2025T17:39:46 - [TEST_STEP][PASSED] - if (it.isDisplayed()): null

27-02-2025T17:39:46 - [TEST_STEP][PASSED] - if (it.isDisplayed()): null

27-02-2025T17:39:46 - [TEST_STEP][PASSED] - if (it.isDisplayed()): null

27-02-2025T17:39:46 - [TEST_STEP][PASSED] - if (it.isDisplayed()): null

27-02-2025T17:39:46 - [TEST_STEP][PASSED] - if (it.isDisplayed()): null

27-02-2025T17:39:46 - [TEST_STEP][PASSED] - if (it.isDisplayed()): null

27-02-2025T17:39:46 - [TEST_STEP][PASSED] - if (it.isDisplayed()): null

27-02-2025T17:39:46 - [TEST_STEP][PASSED] - if (it.isDisplayed()): null

27-02-2025T17:39:46 - [TEST_STEP][PASSED] - if (it.isDisplayed()): null

27-02-2025T17:39:46 - [TEST_STEP][PASSED] - if (it.isDisplayed()): null

27-02-2025T17:39:46 - [TEST_STEP][PASSED] - if (it.isDisplayed()): null

27-02-2025T17:39:46 - [TEST_STEP][PASSED] - if (it.isDisplayed()): null

27-02-2025T17:39:46 - [TEST_STEP][PASSED] - if (it.isDisplayed()): null

27-02-2025T17:39:46 - [TEST_STEP][PASSED] - if (it.isDisplayed()): null

27-02-2025T17:39:46 - [TEST_STEP][PASSED] - if (it.isDisplayed()): null

27-02-2025T17:39:46 - [TEST_STEP][PASSED] - if (it.isDisplayed()): null

27-02-2025T17:39:46 - [TEST_STEP][PASSED] - ttText = it.getAttribute("data-original-title"): null

27-02-2025T17:39:46 - [TEST_STEP][PASSED] - ttLocation = it.getLocation(): null

27-02-2025T17:39:46 - [TEST_STEP][PASSED] - yLocation = ttLocation.getY(): null

27-02-2025T17:39:46 - [TEST_STEP][PASSED] - xLocation = ttLocation.getX(): null

27-02-2025T17:39:46 - [TEST_STEP][PASSED] - fieldTooltips.put(ttText, yLocation): null

27-02-2025T17:39:46 - [TEST_STEP][PASSED] - if (it.isDisplayed()): null

27-02-2025T17:39:46 - [TEST_STEP][PASSED] - ttText = it.getAttribute("data-original-title"): null

27-02-2025T17:39:46 - [TEST_STEP][PASSED] - ttLocation = it.getLocation(): null

27-02-2025T17:39:46 - [TEST_STEP][PASSED] - yLocation = ttLocation.getY(): null

27-02-2025T17:39:46 - [TEST_STEP][PASSED] - xLocation = ttLocation.getX(): null

27-02-2025T17:39:46 - [TEST_STEP][PASSED] - fieldTooltips.put(ttText, yLocation): null

27-02-2025T17:39:46 - [TEST_STEP][PASSED] - if (it.isDisplayed()): null

27-02-2025T17:39:46 - [TEST_STEP][PASSED] - ttText = it.getAttribute("data-original-title"): null

27-02-2025T17:39:46 - [TEST_STEP][PASSED] - ttLocation = it.getLocation(): null

27-02-2025T17:39:46 - [TEST_STEP][PASSED] - yLocation = ttLocation.getY(): null

27-02-2025T17:39:46 - [TEST_STEP][PASSED] - xLocation = ttLocation.getX(): null

27-02-2025T17:39:46 - [TEST_STEP][PASSED] - fieldTooltips.put(ttText, yLocation): null

27-02-2025T17:39:46 - [TEST_STEP][PASSED] - if (it.isDisplayed()): null

27-02-2025T17:39:46 - [TEST_STEP][PASSED] - ttText = it.getAttribute("data-original-title"): null

27-02-2025T17:39:46 - [TEST_STEP][PASSED] - ttLocation = it.getLocation(): null

27-02-2025T17:39:46 - [TEST_STEP][PASSED] - yLocation = ttLocation.getY(): null

27-02-2025T17:39:46 - [TEST_STEP][PASSED] - xLocation = ttLocation.getX(): null

27-02-2025T17:39:46 - [TEST_STEP][PASSED] - fieldTooltips.put(ttText, yLocation): null

27-02-2025T17:39:46 - [TEST_STEP][PASSED] - if (it.isDisplayed()): null

27-02-2025T17:39:46 - [TEST_STEP][PASSED] - ttText = it.getAttribute("data-original-title"): null

27-02-2025T17:39:46 - [TEST_STEP][PASSED] - ttLocation = it.getLocation(): null

27-02-2025T17:39:46 - [TEST_STEP][PASSED] - yLocation = ttLocation.getY(): null

27-02-2025T17:39:46 - [TEST_STEP][PASSED] - xLocation = ttLocation.getX(): null

27-02-2025T17:39:46 - [TEST_STEP][PASSED] - fieldTooltips.put(ttText, yLocation): null

27-02-2025T17:39:46 - [TEST_STEP][PASSED] - if (it.isDisplayed()): null

27-02-2025T17:39:46 - [TEST_STEP][PASSED] - ttText = it.getAttribute("data-original-title"): null

27-02-2025T17:39:46 - [TEST_STEP][PASSED] - ttLocation = it.getLocation(): null

27-02-2025T17:39:46 - [TEST_STEP][PASSED] - yLocation = ttLocation.getY(): null

27-02-2025T17:39:46 - [TEST_STEP][PASSED] - xLocation = ttLocation.getX(): null

27-02-2025T17:39:46 - [TEST_STEP][PASSED] - fieldTooltips.put(ttText, yLocation): null

27-02-2025T17:39:46 - [TEST_STEP][PASSED] - if (it.isDisplayed()): null

27-02-2025T17:39:46 - [TEST_STEP][PASSED] - ttText = it.getAttribute("data-original-title"): null

27-02-2025T17:39:46 - [TEST_STEP][PASSED] - ttLocation = it.getLocation(): null

27-02-2025T17:39:46 - [TEST_STEP][PASSED] - yLocation = ttLocation.getY(): null

27-02-2025T17:39:46 - [TEST_STEP][PASSED] - xLocation = ttLocation.getX(): null

27-02-2025T17:39:46 - [TEST_STEP][PASSED] - fieldTooltips.put(ttText, yLocation): null

27-02-2025T17:39:46 - [TEST_STEP][PASSED] - if (it.isDisplayed()): null

27-02-2025T17:39:46 - [TEST_STEP][PASSED] - ttText = it.getAttribute("data-original-title"): null

27-02-2025T17:39:46 - [TEST_STEP][PASSED] - ttLocation = it.getLocation(): null

27-02-2025T17:39:46 - [TEST_STEP][PASSED] - yLocation = ttLocation.getY(): null

27-02-2025T17:39:46 - [TEST_STEP][PASSED] - xLocation = ttLocation.getX(): null

27-02-2025T17:39:46 - [TEST_STEP][PASSED] - fieldTooltips.put(ttText, yLocation): null

27-02-2025T17:39:46 - [TEST_STEP][PASSED] - if (it.isDisplayed()): null

27-02-2025T17:39:46 - [TEST_STEP][PASSED] - ttText = it.getAttribute("data-original-title"): null

27-02-2025T17:39:46 - [TEST_STEP][PASSED] - ttLocation = it.getLocation(): null

27-02-2025T17:39:46 - [TEST_STEP][PASSED] - yLocation = ttLocation.getY(): null

27-02-2025T17:39:46 - [TEST_STEP][PASSED] - xLocation = ttLocation.getX(): null

27-02-2025T17:39:46 - [TEST_STEP][PASSED] - fieldTooltips.put(ttText, yLocation): null

27-02-2025T17:39:46 - [TEST_STEP][PASSED] - if (it.isDisplayed()): null

27-02-2025T17:39:46 - [TEST_STEP][PASSED] - ttText = it.getAttribute("data-original-title"): null

27-02-2025T17:39:46 - [TEST_STEP][PASSED] - ttLocation = it.getLocation(): null

27-02-2025T17:39:46 - [TEST_STEP][PASSED] - yLocation = ttLocation.getY(): null

27-02-2025T17:39:46 - [TEST_STEP][PASSED] - xLocation = ttLocation.getX(): null

27-02-2025T17:39:46 - [TEST_STEP][PASSED] - fieldTooltips.put(ttText, yLocation): null

27-02-2025T17:39:46 - [TEST_STEP][PASSED] - if (it.isDisplayed()): null

27-02-2025T17:39:46 - [TEST_STEP][PASSED] - ttText = it.getAttribute("data-original-title"): null

27-02-2025T17:39:46 - [TEST_STEP][PASSED] - ttLocation = it.getLocation(): null

27-02-2025T17:39:46 - [TEST_STEP][PASSED] - yLocation = ttLocation.getY(): null

27-02-2025T17:39:46 - [TEST_STEP][PASSED] - xLocation = ttLocation.getX(): null

27-02-2025T17:39:46 - [TEST_STEP][PASSED] - fieldTooltips.put(ttText, yLocation): null

27-02-2025T17:39:46 - [TEST_STEP][PASSED] - if (it.isDisplayed()): null

27-02-2025T17:39:46 - [TEST_STEP][PASSED] - if (it.isDisplayed()): null

27-02-2025T17:39:46 - [TEST_STEP][PASSED] - if (it.isDisplayed()): null

27-02-2025T17:39:46 - [TEST_STEP][PASSED] - if (it.isDisplayed()): null

27-02-2025T17:39:46 - [TEST_STEP][PASSED] - if (it.isDisplayed()): null

27-02-2025T17:39:46 - [TEST_STEP][PASSED] - if (it.isDisplayed()): null

27-02-2025T17:39:46 - [TEST_STEP][PASSED] - if (it.isDisplayed()): null

27-02-2025T17:39:46 - [TEST_STEP][PASSED] - if (it.isDisplayed()): null

27-02-2025T17:39:46 - [TEST_STEP][PASSED] - if (it.isDisplayed()): null

27-02-2025T17:39:46 - [TEST_STEP][PASSED] - if (it.isDisplayed()): null

27-02-2025T17:39:46 - [TEST_STEP][PASSED] - if (fieldTooltips.size() > 0): null

27-02-2025T17:39:46 - [TEST_STEP][PASSED] - rightBorder = xLocation: null

27-02-2025T17:39:46 - [TEST_STEP][PASSED] - fieldLabels = [:]: null

27-02-2025T17:39:46 - [TEST_STEP][PASSED] - labels = driver.findElements(By.xpath("//label")): null

27-02-2025T17:39:46 - [TEST_STEP][PASSED] - labels.each({ -> ... }): null

27-02-2025T17:39:49 - [TEST_STEP][PASSED] - for (def label : fieldLabels): null

27-02-2025T17:39:49 - [TEST_STEP][PASSED] - y = value: null

27-02-2025T17:39:49 - [TEST_STEP][PASSED] - for (def tooltip : fieldTooltips): null

27-02-2025T17:39:49 - [TEST_STEP][PASSED] - if (value == y || value == y + 1 || value == y - 1): null

27-02-2025T17:39:49 - [TEST_STEP][PASSED] - if (value == y || value == y + 1 || value == y - 1): null

27-02-2025T17:39:49 - [TEST_STEP][PASSED] - if (value == y || value == y + 1 || value == y - 1): null

27-02-2025T17:39:49 - [TEST_STEP][PASSED] - if (value == y || value == y + 1 || value == y - 1): null

27-02-2025T17:39:49 - [TEST_STEP][PASSED] - if (value == y || value == y + 1 || value == y - 1): null

27-02-2025T17:39:49 - [TEST_STEP][PASSED] - if (value == y || value == y + 1 || value == y - 1): null

27-02-2025T17:39:49 - [TEST_STEP][PASSED] - if (value == y || value == y + 1 || value == y - 1): null

27-02-2025T17:39:49 - [TEST_STEP][PASSED] - if (value == y || value == y + 1 || value == y - 1): null

27-02-2025T17:39:49 - [TEST_STEP][PASSED] - if (value == y || value == y + 1 || value == y - 1): null

27-02-2025T17:39:49 - [TEST_STEP][PASSED] - if (value == y || value == y + 1 || value == y - 1): null

27-02-2025T17:39:49 - [TEST_STEP][PASSED] - if (value == y || value == y + 1 || value == y - 1): null

27-02-2025T17:39:49 - [TEST_STEP][PASSED] - y = value: null

27-02-2025T17:39:49 - [TEST_STEP][PASSED] - for (def tooltip : fieldTooltips): null

27-02-2025T17:39:49 - [TEST_STEP][PASSED] - if (value == y || value == y + 1 || value == y - 1): null

27-02-2025T17:39:49 - [TEST_STEP][PASSED] - tooltipMap.put(key, key): null

27-02-2025T17:39:49 - [TEST_STEP][PASSED] - break: null

27-02-2025T17:39:49 - [TEST_STEP][PASSED] - y = value: null

27-02-2025T17:39:49 - [TEST_STEP][PASSED] - for (def tooltip : fieldTooltips): null

27-02-2025T17:39:49 - [TEST_STEP][PASSED] - if (value == y || value == y + 1 || value == y - 1): null

27-02-2025T17:39:49 - [TEST_STEP][PASSED] - if (value == y || value == y + 1 || value == y - 1): null

27-02-2025T17:39:49 - [TEST_STEP][PASSED] - if (value == y || value == y + 1 || value == y - 1): null

27-02-2025T17:39:49 - [TEST_STEP][PASSED] - if (value == y || value == y + 1 || value == y - 1): null

27-02-2025T17:39:49 - [TEST_STEP][PASSED] - if (value == y || value == y + 1 || value == y - 1): null

27-02-2025T17:39:49 - [TEST_STEP][PASSED] - if (value == y || value == y + 1 || value == y - 1): null

27-02-2025T17:39:49 - [TEST_STEP][PASSED] - if (value == y || value == y + 1 || value == y - 1): null

27-02-2025T17:39:49 - [TEST_STEP][PASSED] - if (value == y || value == y + 1 || value == y - 1): null

27-02-2025T17:39:49 - [TEST_STEP][PASSED] - if (value == y || value == y + 1 || value == y - 1): null

27-02-2025T17:39:49 - [TEST_STEP][PASSED] - if (value == y || value == y + 1 || value == y - 1): null

27-02-2025T17:39:49 - [TEST_STEP][PASSED] - if (value == y || value == y + 1 || value == y - 1): null

27-02-2025T17:39:49 - [TEST_STEP][PASSED] - y = value: null

27-02-2025T17:39:49 - [TEST_STEP][PASSED] - for (def tooltip : fieldTooltips): null

27-02-2025T17:39:49 - [TEST_STEP][PASSED] - if (value == y || value == y + 1 || value == y - 1): null

27-02-2025T17:39:49 - [TEST_STEP][PASSED] - if (value == y || value == y + 1 || value == y - 1): null

27-02-2025T17:39:49 - [TEST_STEP][PASSED] - if (value == y || value == y + 1 || value == y - 1): null

27-02-2025T17:39:49 - [TEST_STEP][PASSED] - if (value == y || value == y + 1 || value == y - 1): null

27-02-2025T17:39:49 - [TEST_STEP][PASSED] - if (value == y || value == y + 1 || value == y - 1): null

27-02-2025T17:39:49 - [TEST_STEP][PASSED] - if (value == y || value == y + 1 || value == y - 1): null

27-02-2025T17:39:49 - [TEST_STEP][PASSED] - if (value == y || value == y + 1 || value == y - 1): null

27-02-2025T17:39:49 - [TEST_STEP][PASSED] - if (value == y || value == y + 1 || value == y - 1): null

27-02-2025T17:39:49 - [TEST_STEP][PASSED] - if (value == y || value == y + 1 || value == y - 1): null

27-02-2025T17:39:49 - [TEST_STEP][PASSED] - if (value == y || value == y + 1 || value == y - 1): null

27-02-2025T17:39:49 - [TEST_STEP][PASSED] - if (value == y || value == y + 1 || value == y - 1): null

27-02-2025T17:39:49 - [TEST_STEP][PASSED] - y = value: null

27-02-2025T17:39:49 - [TEST_STEP][PASSED] - for (def tooltip : fieldTooltips): null

27-02-2025T17:39:49 - [TEST_STEP][PASSED] - if (value == y || value == y + 1 || value == y - 1): null

27-02-2025T17:39:49 - [TEST_STEP][PASSED] - if (value == y || value == y + 1 || value == y - 1): null

27-02-2025T17:39:49 - [TEST_STEP][PASSED] - tooltipMap.put(key, key): null

27-02-2025T17:39:49 - [TEST_STEP][PASSED] - break: null

27-02-2025T17:39:49 - [TEST_STEP][PASSED] - y = value: null

27-02-2025T17:39:49 - [TEST_STEP][PASSED] - for (def tooltip : fieldTooltips): null

27-02-2025T17:39:49 - [TEST_STEP][PASSED] - if (value == y || value == y + 1 || value == y - 1): null

27-02-2025T17:39:49 - [TEST_STEP][PASSED] - if (value == y || value == y + 1 || value == y - 1): null

27-02-2025T17:39:49 - [TEST_STEP][PASSED] - if (value == y || value == y + 1 || value == y - 1): null

27-02-2025T17:39:49 - [TEST_STEP][PASSED] - tooltipMap.put(key, key): null

27-02-2025T17:39:49 - [TEST_STEP][PASSED] - break: null

27-02-2025T17:39:49 - [TEST_STEP][PASSED] - y = value: null

27-02-2025T17:39:49 - [TEST_STEP][PASSED] - for (def tooltip : fieldTooltips): null

27-02-2025T17:39:49 - [TEST_STEP][PASSED] - if (value == y || value == y + 1 || value == y - 1): null

27-02-2025T17:39:49 - [TEST_STEP][PASSED] - if (value == y || value == y + 1 || value == y - 1): null

27-02-2025T17:39:49 - [TEST_STEP][PASSED] - if (value == y || value == y + 1 || value == y - 1): null

27-02-2025T17:39:49 - [TEST_STEP][PASSED] - if (value == y || value == y + 1 || value == y - 1): null

27-02-2025T17:39:49 - [TEST_STEP][PASSED] - if (value == y || value == y + 1 || value == y - 1): null

27-02-2025T17:39:49 - [TEST_STEP][PASSED] - if (value == y || value == y + 1 || value == y - 1): null

27-02-2025T17:39:49 - [TEST_STEP][PASSED] - if (value == y || value == y + 1 || value == y - 1): null

27-02-2025T17:39:49 - [TEST_STEP][PASSED] - if (value == y || value == y + 1 || value == y - 1): null

27-02-2025T17:39:49 - [TEST_STEP][PASSED] - if (value == y || value == y + 1 || value == y - 1): null

27-02-2025T17:39:49 - [TEST_STEP][PASSED] - if (value == y || value == y + 1 || value == y - 1): null

27-02-2025T17:39:49 - [TEST_STEP][PASSED] - if (value == y || value == y + 1 || value == y - 1): null

27-02-2025T17:39:49 - [TEST_STEP][PASSED] - y = value: null

27-02-2025T17:39:49 - [TEST_STEP][PASSED] - for (def tooltip : fieldTooltips): null

27-02-2025T17:39:49 - [TEST_STEP][PASSED] - if (value == y || value == y + 1 || value == y - 1): null

27-02-2025T17:39:49 - [TEST_STEP][PASSED] - if (value == y || value == y + 1 || value == y - 1): null

27-02-2025T17:39:49 - [TEST_STEP][PASSED] - if (value == y || value == y + 1 || value == y - 1): null

27-02-2025T17:39:49 - [TEST_STEP][PASSED] - if (value == y || value == y + 1 || value == y - 1): null

27-02-2025T17:39:49 - [TEST_STEP][PASSED] - tooltipMap.put(key, key): null

27-02-2025T17:39:49 - [TEST_STEP][PASSED] - break: null

27-02-2025T17:39:49 - [TEST_STEP][PASSED] - y = value: null

27-02-2025T17:39:49 - [TEST_STEP][PASSED] - for (def tooltip : fieldTooltips): null

27-02-2025T17:39:49 - [TEST_STEP][PASSED] - if (value == y || value == y + 1 || value == y - 1): null

27-02-2025T17:39:49 - [TEST_STEP][PASSED] - if (value == y || value == y + 1 || value == y - 1): null

27-02-2025T17:39:49 - [TEST_STEP][PASSED] - if (value == y || value == y + 1 || value == y - 1): null

27-02-2025T17:39:49 - [TEST_STEP][PASSED] - if (value == y || value == y + 1 || value == y - 1): null

27-02-2025T17:39:49 - [TEST_STEP][PASSED] - if (value == y || value == y + 1 || value == y - 1): null

27-02-2025T17:39:49 - [TEST_STEP][PASSED] - if (value == y || value == y + 1 || value == y - 1): null

27-02-2025T17:39:49 - [TEST_STEP][PASSED] - if (value == y || value == y + 1 || value == y - 1): null

27-02-2025T17:39:49 - [TEST_STEP][PASSED] - if (value == y || value == y + 1 || value == y - 1): null

27-02-2025T17:39:49 - [TEST_STEP][PASSED] - if (value == y || value == y + 1 || value == y - 1): null

27-02-2025T17:39:49 - [TEST_STEP][PASSED] - if (value == y || value == y + 1 || value == y - 1): null

27-02-2025T17:39:49 - [TEST_STEP][PASSED] - if (value == y || value == y + 1 || value == y - 1): null

27-02-2025T17:39:49 - [TEST_STEP][PASSED] - y = value: null

27-02-2025T17:39:49 - [TEST_STEP][PASSED] - for (def tooltip : fieldTooltips): null

27-02-2025T17:39:49 - [TEST_STEP][PASSED] - if (value == y || value == y + 1 || value == y - 1): null

27-02-2025T17:39:49 - [TEST_STEP][PASSED] - if (value == y || value == y + 1 || value == y - 1): null

27-02-2025T17:39:49 - [TEST_STEP][PASSED] - if (value == y || value == y + 1 || value == y - 1): null

27-02-2025T17:39:49 - [TEST_STEP][PASSED] - if (value == y || value == y + 1 || value == y - 1): null

27-02-2025T17:39:49 - [TEST_STEP][PASSED] - if (value == y || value == y + 1 || value == y - 1): null

27-02-2025T17:39:49 - [TEST_STEP][PASSED] - if (value == y || value == y + 1 || value == y - 1): null

27-02-2025T17:39:49 - [TEST_STEP][PASSED] - if (value == y || value == y + 1 || value == y - 1): null

27-02-2025T17:39:49 - [TEST_STEP][PASSED] - if (value == y || value == y + 1 || value == y - 1): null

27-02-2025T17:39:49 - [TEST_STEP][PASSED] - if (value == y || value == y + 1 || value == y - 1): null

27-02-2025T17:39:49 - [TEST_STEP][PASSED] - if (value == y || value == y + 1 || value == y - 1): null

27-02-2025T17:39:49 - [TEST_STEP][PASSED] - if (value == y || value == y + 1 || value == y - 1): null

27-02-2025T17:39:49 - [TEST_STEP][PASSED] - y = value: null

27-02-2025T17:39:49 - [TEST_STEP][PASSED] - for (def tooltip : fieldTooltips): null

27-02-2025T17:39:49 - [TEST_STEP][PASSED] - if (value == y || value == y + 1 || value == y - 1): null

27-02-2025T17:39:49 - [TEST_STEP][PASSED] - if (value == y || value == y + 1 || value == y - 1): null

27-02-2025T17:39:49 - [TEST_STEP][PASSED] - if (value == y || value == y + 1 || value == y - 1): null

27-02-2025T17:39:49 - [TEST_STEP][PASSED] - if (value == y || value == y + 1 || value == y - 1): null

27-02-2025T17:39:49 - [TEST_STEP][PASSED] - if (value == y || value == y + 1 || value == y - 1): null

27-02-2025T17:39:49 - [TEST_STEP][PASSED] - if (value == y || value == y + 1 || value == y - 1): null

27-02-2025T17:39:49 - [TEST_STEP][PASSED] - tooltipMap.put(key, key): null

27-02-2025T17:39:49 - [TEST_STEP][PASSED] - break: null

27-02-2025T17:39:49 - [TEST_STEP][PASSED] - y = value: null

27-02-2025T17:39:49 - [TEST_STEP][PASSED] - for (def tooltip : fieldTooltips): null

27-02-2025T17:39:49 - [TEST_STEP][PASSED] - if (value == y || value == y + 1 || value == y - 1): null

27-02-2025T17:39:49 - [TEST_STEP][PASSED] - if (value == y || value == y + 1 || value == y - 1): null

27-02-2025T17:39:49 - [TEST_STEP][PASSED] - if (value == y || value == y + 1 || value == y - 1): null

27-02-2025T17:39:49 - [TEST_STEP][PASSED] - if (value == y || value == y + 1 || value == y - 1): null

27-02-2025T17:39:49 - [TEST_STEP][PASSED] - if (value == y || value == y + 1 || value == y - 1): null

27-02-2025T17:39:49 - [TEST_STEP][PASSED] - if (value == y || value == y + 1 || value == y - 1): null

27-02-2025T17:39:49 - [TEST_STEP][PASSED] - if (value == y || value == y + 1 || value == y - 1): null

27-02-2025T17:39:49 - [TEST_STEP][PASSED] - tooltipMap.put(key, key): null

27-02-2025T17:39:49 - [TEST_STEP][PASSED] - break: null

27-02-2025T17:39:49 - [TEST_STEP][PASSED] - y = value: null

27-02-2025T17:39:49 - [TEST_STEP][PASSED] - for (def tooltip : fieldTooltips): null

27-02-2025T17:39:49 - [TEST_STEP][PASSED] - if (value == y || value == y + 1 || value == y - 1): null

27-02-2025T17:39:49 - [TEST_STEP][PASSED] - if (value == y || value == y + 1 || value == y - 1): null

27-02-2025T17:39:49 - [TEST_STEP][PASSED] - if (value == y || value == y + 1 || value == y - 1): null

27-02-2025T17:39:49 - [TEST_STEP][PASSED] - if (value == y || value == y + 1 || value == y - 1): null

27-02-2025T17:39:49 - [TEST_STEP][PASSED] - if (value == y || value == y + 1 || value == y - 1): null

27-02-2025T17:39:49 - [TEST_STEP][PASSED] - if (value == y || value == y + 1 || value == y - 1): null

27-02-2025T17:39:49 - [TEST_STEP][PASSED] - if (value == y || value == y + 1 || value == y - 1): null

27-02-2025T17:39:49 - [TEST_STEP][PASSED] - if (value == y || value == y + 1 || value == y - 1): null

27-02-2025T17:39:49 - [TEST_STEP][PASSED] - tooltipMap.put(key, key): null

27-02-2025T17:39:49 - [TEST_STEP][PASSED] - break: null

27-02-2025T17:39:49 - [TEST_STEP][PASSED] - y = value: null

27-02-2025T17:39:49 - [TEST_STEP][PASSED] - for (def tooltip : fieldTooltips): null

27-02-2025T17:39:49 - [TEST_STEP][PASSED] - if (value == y || value == y + 1 || value == y - 1): null

27-02-2025T17:39:49 - [TEST_STEP][PASSED] - if (value == y || value == y + 1 || value == y - 1): null

27-02-2025T17:39:49 - [TEST_STEP][PASSED] - if (value == y || value == y + 1 || value == y - 1): null

27-02-2025T17:39:49 - [TEST_STEP][PASSED] - if (value == y || value == y + 1 || value == y - 1): null

27-02-2025T17:39:49 - [TEST_STEP][PASSED] - if (value == y || value == y + 1 || value == y - 1): null

27-02-2025T17:39:49 - [TEST_STEP][PASSED] - if (value == y || value == y + 1 || value == y - 1): null

27-02-2025T17:39:49 - [TEST_STEP][PASSED] - if (value == y || value == y + 1 || value == y - 1): null

27-02-2025T17:39:49 - [TEST_STEP][PASSED] - if (value == y || value == y + 1 || value == y - 1): null

27-02-2025T17:39:49 - [TEST_STEP][PASSED] - if (value == y || value == y + 1 || value == y - 1): null

27-02-2025T17:39:49 - [TEST_STEP][PASSED] - if (value == y || value == y + 1 || value == y - 1): null

27-02-2025T17:39:49 - [TEST_STEP][PASSED] - if (value == y || value == y + 1 || value == y - 1): null

27-02-2025T17:39:49 - [TEST_STEP][PASSED] - y = value: null

27-02-2025T17:39:49 - [TEST_STEP][PASSED] - for (def tooltip : fieldTooltips): null

27-02-2025T17:39:49 - [TEST_STEP][PASSED] - if (value == y || value == y + 1 || value == y - 1): null

27-02-2025T17:39:49 - [TEST_STEP][PASSED] - if (value == y || value == y + 1 || value == y - 1): null

27-02-2025T17:39:49 - [TEST_STEP][PASSED] - if (value == y || value == y + 1 || value == y - 1): null

27-02-2025T17:39:49 - [TEST_STEP][PASSED] - if (value == y || value == y + 1 || value == y - 1): null

27-02-2025T17:39:49 - [TEST_STEP][PASSED] - if (value == y || value == y + 1 || value == y - 1): null

27-02-2025T17:39:49 - [TEST_STEP][PASSED] - if (value == y || value == y + 1 || value == y - 1): null

27-02-2025T17:39:49 - [TEST_STEP][PASSED] - if (value == y || value == y + 1 || value == y - 1): null

27-02-2025T17:39:49 - [TEST_STEP][PASSED] - if (value == y || value == y + 1 || value == y - 1): null

27-02-2025T17:39:49 - [TEST_STEP][PASSED] - if (value == y || value == y + 1 || value == y - 1): null

27-02-2025T17:39:49 - [TEST_STEP][PASSED] - if (value == y || value == y + 1 || value == y - 1): null

27-02-2025T17:39:49 - [TEST_STEP][PASSED] - tooltipMap.put(key, key): null

27-02-2025T17:39:49 - [TEST_STEP][PASSED] - break: null

27-02-2025T17:39:49 - [TEST_STEP][PASSED] - y = value: null

27-02-2025T17:39:49 - [TEST_STEP][PASSED] - for (def tooltip : fieldTooltips): null

27-02-2025T17:39:49 - [TEST_STEP][PASSED] - if (value == y || value == y + 1 || value == y - 1): null

27-02-2025T17:39:49 - [TEST_STEP][PASSED] - if (value == y || value == y + 1 || value == y - 1): null

27-02-2025T17:39:49 - [TEST_STEP][PASSED] - if (value == y || value == y + 1 || value == y - 1): null

27-02-2025T17:39:49 - [TEST_STEP][PASSED] - if (value == y || value == y + 1 || value == y - 1): null

27-02-2025T17:39:49 - [TEST_STEP][PASSED] - if (value == y || value == y + 1 || value == y - 1): null

27-02-2025T17:39:49 - [TEST_STEP][PASSED] - if (value == y || value == y + 1 || value == y - 1): null

27-02-2025T17:39:49 - [TEST_STEP][PASSED] - if (value == y || value == y + 1 || value == y - 1): null

27-02-2025T17:39:49 - [TEST_STEP][PASSED] - if (value == y || value == y + 1 || value == y - 1): null

27-02-2025T17:39:49 - [TEST_STEP][PASSED] - if (value == y || value == y + 1 || value == y - 1): null

27-02-2025T17:39:49 - [TEST_STEP][PASSED] - if (value == y || value == y + 1 || value == y - 1): null

27-02-2025T17:39:49 - [TEST_STEP][PASSED] - if (value == y || value == y + 1 || value == y - 1): null

27-02-2025T17:39:49 - [TEST_STEP][PASSED] - tooltipMap.put(key, key): null

27-02-2025T17:39:49 - [TEST_STEP][PASSED] - break: null

27-02-2025T17:39:49 - [TEST_STEP][PASSED] - y = value: null

27-02-2025T17:39:49 - [TEST_STEP][PASSED] - for (def tooltip : fieldTooltips): null

27-02-2025T17:39:49 - [TEST_STEP][PASSED] - if (value == y || value == y + 1 || value == y - 1): null

27-02-2025T17:39:49 - [TEST_STEP][PASSED] - if (value == y || value == y + 1 || value == y - 1): null

27-02-2025T17:39:49 - [TEST_STEP][PASSED] - if (value == y || value == y + 1 || value == y - 1): null

27-02-2025T17:39:49 - [TEST_STEP][PASSED] - if (value == y || value == y + 1 || value == y - 1): null

27-02-2025T17:39:49 - [TEST_STEP][PASSED] - if (value == y || value == y + 1 || value == y - 1): null

27-02-2025T17:39:49 - [TEST_STEP][PASSED] - if (value == y || value == y + 1 || value == y - 1): null

27-02-2025T17:39:49 - [TEST_STEP][PASSED] - if (value == y || value == y + 1 || value == y - 1): null

27-02-2025T17:39:49 - [TEST_STEP][PASSED] - if (value == y || value == y + 1 || value == y - 1): null

27-02-2025T17:39:49 - [TEST_STEP][PASSED] - if (value == y || value == y + 1 || value == y - 1): null

27-02-2025T17:39:49 - [TEST_STEP][PASSED] - if (value == y || value == y + 1 || value == y - 1): null

27-02-2025T17:39:49 - [TEST_STEP][PASSED] - if (value == y || value == y + 1 || value == y - 1): null

27-02-2025T17:39:49 - [TEST_STEP][PASSED] - return tooltipMap: null

27-02-2025T17:39:49 - [MESSAGE][PASSED] - Call Test Case 'Test Cases/_Functions/Get Tooltip Text' successfully

27-02-2025T17:39:49 - [TEST_STEP][PASSED] - if (tooltipMap.size() > 0): null

27-02-2025T17:39:49 - [TEST_STEP][PASSED] - file = fileBase + "_Tooltips.csv": null

27-02-2025T17:39:49 - [TEST_STEP][PASSED] - outText = "FIELD LABEL" + "," + "TOOLTIP TEXT" + "

": null

27-02-2025T17:39:49 - [TEST_STEP][PASSED] - for (def it : tooltipMap): null

27-02-2025T17:39:49 - [TEST_STEP][PASSED] - name = key: null

27-02-2025T17:39:49 - [TEST_STEP][PASSED] - value = value.replace("
", ""): null

27-02-2025T17:39:49 - [TEST_STEP][PASSED] - value = value.trim(): null

27-02-2025T17:39:49 - [TEST_STEP][PASSED] - value = """ + value + """: null

27-02-2025T17:39:49 - [TEST_STEP][PASSED] - outText = outText + name + "," + value: null

27-02-2025T17:39:49 - [TEST_STEP][PASSED] - outText = outText + "
": null

27-02-2025T17:39:49 - [TEST_STEP][PASSED] - println(outText): null

27-02-2025T17:39:49 - [TEST_STEP][PASSED] - name = key: null

27-02-2025T17:39:49 - [TEST_STEP][PASSED] - value = value.replace("
", ""): null

27-02-2025T17:39:49 - [TEST_STEP][PASSED] - value = value.trim(): null

27-02-2025T17:39:49 - [TEST_STEP][PASSED] - value = """ + value + """: null

27-02-2025T17:39:49 - [TEST_STEP][PASSED] - outText = outText + name + "," + value: null

27-02-2025T17:39:49 - [TEST_STEP][PASSED] - outText = outText + "
": null

27-02-2025T17:39:49 - [TEST_STEP][PASSED] - println(outText): null

27-02-2025T17:39:49 - [TEST_STEP][PASSED] - name = key: null

27-02-2025T17:39:49 - [TEST_STEP][PASSED] - value = value.replace("
", ""): null

27-02-2025T17:39:49 - [TEST_STEP][PASSED] - value = value.trim(): null

27-02-2025T17:39:49 - [TEST_STEP][PASSED] - value = """ + value + """: null

27-02-2025T17:39:49 - [TEST_STEP][PASSED] - outText = outText + name + "," + value: null

27-02-2025T17:39:49 - [TEST_STEP][PASSED] - outText = outText + "
": null

27-02-2025T17:39:49 - [TEST_STEP][PASSED] - println(outText): null

27-02-2025T17:39:49 - [TEST_STEP][PASSED] - name = key: null

27-02-2025T17:39:49 - [TEST_STEP][PASSED] - value = value.replace("
", ""): null

27-02-2025T17:39:49 - [TEST_STEP][PASSED] - value = value.trim(): null

27-02-2025T17:39:49 - [TEST_STEP][PASSED] - value = """ + value + """: null

27-02-2025T17:39:49 - [TEST_STEP][PASSED] - outText = outText + name + "," + value: null

27-02-2025T17:39:49 - [TEST_STEP][PASSED] - outText = outText + "
": null

27-02-2025T17:39:49 - [TEST_STEP][PASSED] - println(outText): null

27-02-2025T17:39:49 - [TEST_STEP][PASSED] - name = key: null

27-02-2025T17:39:49 - [TEST_STEP][PASSED] - value = value.replace("
", ""): null

27-02-2025T17:39:49 - [TEST_STEP][PASSED] - value = value.trim(): null

27-02-2025T17:39:49 - [TEST_STEP][PASSED] - value = """ + value + """: null

27-02-2025T17:39:49 - [TEST_STEP][PASSED] - outText = outText + name + "," + value: null

27-02-2025T17:39:49 - [TEST_STEP][PASSED] - outText = outText + "
": null

27-02-2025T17:39:49 - [TEST_STEP][PASSED] - println(outText): null

27-02-2025T17:39:49 - [TEST_STEP][PASSED] - name = key: null

27-02-2025T17:39:49 - [TEST_STEP][PASSED] - value = value.replace("
", ""): null

27-02-2025T17:39:49 - [TEST_STEP][PASSED] - value = value.trim(): null

27-02-2025T17:39:49 - [TEST_STEP][PASSED] - value = """ + value + """: null

27-02-2025T17:39:49 - [TEST_STEP][PASSED] - outText = outText + name + "," + value: null

27-02-2025T17:39:49 - [TEST_STEP][PASSED] - outText = outText + "
": null

27-02-2025T17:39:49 - [TEST_STEP][PASSED] - println(outText): null

27-02-2025T17:39:49 - [TEST_STEP][PASSED] - name = key: null

27-02-2025T17:39:49 - [TEST_STEP][PASSED] - value = value.replace("
", ""): null

27-02-2025T17:39:49 - [TEST_STEP][PASSED] - value = value.trim(): null

27-02-2025T17:39:49 - [TEST_STEP][PASSED] - value = """ + value + """: null

27-02-2025T17:39:49 - [TEST_STEP][PASSED] - outText = outText + name + "," + value: null

27-02-2025T17:39:49 - [TEST_STEP][PASSED] - outText = outText + "
": null

27-02-2025T17:39:49 - [TEST_STEP][PASSED] - println(outText): null

27-02-2025T17:39:49 - [TEST_STEP][PASSED] - name = key: null

27-02-2025T17:39:49 - [TEST_STEP][PASSED] - value = value.replace("
", ""): null

27-02-2025T17:39:49 - [TEST_STEP][PASSED] - value = value.trim(): null

27-02-2025T17:39:49 - [TEST_STEP][PASSED] - value = """ + value + """: null

27-02-2025T17:39:49 - [TEST_STEP][PASSED] - outText = outText + name + "," + value: null

27-02-2025T17:39:49 - [TEST_STEP][PASSED] - outText = outText + "
": null

27-02-2025T17:39:49 - [TEST_STEP][PASSED] - println(outText): null

27-02-2025T17:39:49 - [TEST_STEP][PASSED] - name = key: null

27-02-2025T17:39:49 - [TEST_STEP][PASSED] - value = value.replace("
", ""): null

27-02-2025T17:39:49 - [TEST_STEP][PASSED] - value = value.trim(): null

27-02-2025T17:39:49 - [TEST_STEP][PASSED] - value = """ + value + """: null

27-02-2025T17:39:49 - [TEST_STEP][PASSED] - outText = outText + name + "," + value: null

27-02-2025T17:39:49 - [TEST_STEP][PASSED] - outText = outText + "
": null

27-02-2025T17:39:49 - [TEST_STEP][PASSED] - println(outText): null

27-02-2025T17:39:49 - [TEST_STEP][PASSED] - outFile = new java.io.File(file): null

27-02-2025T17:39:49 - [TEST_STEP][PASSED] - println(outText): null

27-02-2025T17:39:49 - [TEST_STEP][PASSED] - outFile.write(outText): null

27-02-2025T17:39:49 - [TEST_STEP][PASSED] - takeFullPageScreenshot(fileImage): Taking screenshot successfully

27-02-2025T17:39:50 - [MESSAGE][INFO] - 0 hidden object(s)

27-02-2025T17:39:51 - [MESSAGE][PASSED] - Taking screenshot successfully
[[ATTACHMENT|/Users/cckozie/Documents/MissionNext/Screenshots and Tooltip Text/Journey Partner Service Options Tab_Screenshot.png]]

27-02-2025T17:39:51 - [TEST_STEP][PASSED] - frame.dispose(): null

27-02-2025T17:39:51 - [TEST_STEP][PASSED] - return tooltipMap: null

27-02-2025T17:39:51 - [MESSAGE][PASSED] - Call Test Case 'Test Cases/_Functions/Get Screenshot and Tooltip Text' successfully

27-02-2025T17:39:51 - [TEST_STEP][PASSED] - callTestCase(findTestCase("_Functions/Test Tooltips"), ["varTooltipImagePath":tooltipImagePath, "varTooltips":tooltips, "varTooltipText":tooltipText, "varTestObjectFolder":testObjectFolder, ... ], OPTIONAL): Call Test Case 'Test Cases/_Functions/Test Tooltips' successfully

27-02-2025T17:39:51 - [TEST_CASE][PASSED] - Test Cases/_Functions/Test Tooltips: Test Cases/_Functions/Test Tooltips

27-02-2025T17:39:51 - [TEST_STEP][PASSED] - if (fastPath): null

27-02-2025T17:39:51 - [TEST_STEP][PASSED] - tooltipImagePath = varTooltipImagePath: null

27-02-2025T17:39:51 - [TEST_STEP][PASSED] - tooltips = varTooltips: null

27-02-2025T17:39:51 - [TEST_STEP][PASSED] - tooltipText = varTooltipText: null

27-02-2025T17:39:51 - [TEST_STEP][PASSED] - testObjectFolder = varTestObjectFolder: null

27-02-2025T17:39:51 - [TEST_STEP][PASSED] - tooltipTextMap = varTooltipTextMap: null

27-02-2025T17:39:51 - [TEST_STEP][PASSED] - writeFile = false: null

27-02-2025T17:39:51 - [TEST_STEP][PASSED] - if (outFile != ""): null

27-02-2025T17:39:51 - [TEST_STEP][PASSED] - myFile = outFile: null

27-02-2025T17:39:51 - [TEST_STEP][PASSED] - println(myFile): null

27-02-2025T17:39:51 - [TEST_STEP][PASSED] - outFile = new java.io.File(myFile): null

27-02-2025T17:39:51 - [TEST_STEP][PASSED] - writeFile = true: null

27-02-2025T17:39:51 - [TEST_STEP][PASSED] - driver = getWebDriver(): null

27-02-2025T17:39:51 - [TEST_STEP][PASSED] - action = new org.openqa.selenium.interactions.Actions(driver): null

27-02-2025T17:39:51 - [TEST_STEP][PASSED] - s = new org.sikuli.script.Screen(): null

27-02-2025T17:39:51 - [TEST_STEP][PASSED] - outText = "Verifying the tooltips can be displayed.
": null

27-02-2025T17:39:51 - [TEST_STEP][PASSED] - outFile.append(outText): null

27-02-2025T17:39:51 - [TEST_STEP][PASSED] - first = true: null

27-02-2025T17:39:51 - [TEST_STEP][PASSED] - for (def it : tooltips): null

27-02-2025T17:39:51 - [TEST_STEP][PASSED] - myKey = key: null

27-02-2025T17:39:51 - [TEST_STEP][PASSED] - myValue = value: null

27-02-2025T17:39:51 - [TEST_STEP][PASSED] - println("myKey is " + myKey): null

27-02-2025T17:39:51 - [TEST_STEP][PASSED] - println("myValue is " + myValue): null

27-02-2025T17:39:51 - [TEST_STEP][PASSED] - if (myKey != "dummy"): null

27-02-2025T17:39:51 - [TEST_STEP][PASSED] - else: null

27-02-2025T17:39:51 - [TEST_STEP][PASSED] - myImage = "/Users/cckozie/git/MissionNext-Katalon-Koz/images/dummy.png": null

27-02-2025T17:39:51 - [TEST_STEP][PASSED] - f = new java.io.File(myImage): null

27-02-2025T17:39:51 - [TEST_STEP][PASSED] - if (f.exists()): null

27-02-2025T17:39:51 - [TEST_STEP][PASSED] - println("Looking for " + myImage): null

27-02-2025T17:39:51 - [TEST_STEP][PASSED] - icn = Pattern(myImage).similar(0.10): null

27-02-2025T17:39:51 - [TEST_STEP][PASSED] - found = s.exists(icn): null

27-02-2025T17:39:54 - [TEST_STEP][PASSED] - println(found): null

27-02-2025T17:39:54 - [TEST_STEP][PASSED] - if (found != null): null

27-02-2025T17:39:54 - [TEST_STEP][PASSED] - else: null

27-02-2025T17:39:54 - [TEST_STEP][PASSED] - if (myKey != "dummy"): null

27-02-2025T17:39:54 - [TEST_STEP][PASSED] - myKey = key: null

27-02-2025T17:39:54 - [TEST_STEP][PASSED] - myValue = value: null

27-02-2025T17:39:54 - [TEST_STEP][PASSED] - println("myKey is " + myKey): null

27-02-2025T17:39:54 - [TEST_STEP][PASSED] - println("myValue is " + myValue): null

27-02-2025T17:39:54 - [TEST_STEP][PASSED] - if (myKey != "dummy"): null

27-02-2025T17:39:54 - [TEST_STEP][PASSED] - tObj = testObjectFolder + myValue: null

27-02-2025T17:39:54 - [TEST_STEP][PASSED] - click(tObj): null

27-02-2025T17:39:54 - [TEST_STEP][PASSED] - scrollToObject(object): null

27-02-2025T17:39:54 - [TEST_STEP][PASSED] - println("Converting " + object + " to web element"): null

27-02-2025T17:39:54 - [TEST_STEP][PASSED] - element = findWebElement(findTestObject(object), 1): null

27-02-2025T17:39:54 - [TEST_STEP][PASSED] - loc = element.getLocation(): null

27-02-2025T17:39:54 - [TEST_STEP][PASSED] - x = loc.getX(): null

27-02-2025T17:39:54 - [TEST_STEP][PASSED] - if (x >= 560): null

27-02-2025T17:39:54 - [TEST_STEP][PASSED] - y = loc.getY(): null

27-02-2025T17:39:54 - [TEST_STEP][PASSED] - println("Y location is " + y): null

27-02-2025T17:39:54 - [TEST_STEP][PASSED] - top = getViewportTopPosition(): Current viewport's top (y) position is 0

27-02-2025T17:39:54 - [MESSAGE][PASSED] - Current viewport's top (y) position is 0

27-02-2025T17:39:54 - [TEST_STEP][PASSED] - println("Viewport top is " + top): null

27-02-2025T17:39:54 - [TEST_STEP][PASSED] - bottom = top + 600: null

27-02-2025T17:39:54 - [TEST_STEP][PASSED] - if (y - top < 150 || bottom - y < 10): null

27-02-2025T17:39:54 - [TEST_STEP][PASSED] - click(findTestObject(object)): null

27-02-2025T17:39:54 - [MESSAGE][PASSED] - Object: 'Object Repository/Journey Partner Profile/Tabs/Service Options/img_Time Commitments_field-tooltip' is clicked on

27-02-2025T17:39:54 - [TEST_STEP][PASSED] - delay(1): Delayed 1 second(s)

27-02-2025T17:39:55 - [MESSAGE][PASSED] - Delayed 1 second(s)

27-02-2025T17:39:55 - [TEST_STEP][PASSED] - myImage = tooltipImagePath + myKey + ".png": null

27-02-2025T17:39:55 - [TEST_STEP][PASSED] - f = new java.io.File(myImage): null

27-02-2025T17:39:55 - [TEST_STEP][PASSED] - if (f.exists()): null

27-02-2025T17:39:55 - [TEST_STEP][PASSED] - println("Looking for " + myImage): null

27-02-2025T17:39:55 - [TEST_STEP][PASSED] - icn = Pattern(myImage).similar(0.10): null

27-02-2025T17:39:55 - [TEST_STEP][PASSED] - found = s.exists(icn): null

27-02-2025T17:39:55 - [TEST_STEP][PASSED] - println(found): null

27-02-2025T17:39:55 - [TEST_STEP][PASSED] - if (found != null): null

27-02-2025T17:39:55 - [TEST_STEP][PASSED] - foundStr = found.toString(): null

27-02-2025T17:39:55 - [TEST_STEP][PASSED] - matchP = foundStr.indexOf("%"): null

27-02-2025T17:39:55 - [TEST_STEP][PASSED] - if (matchP >= 0): null

27-02-2025T17:39:55 - [TEST_STEP][PASSED] - println(matchP): null

27-02-2025T17:39:55 - [TEST_STEP][PASSED] - pct = foundStr.substring(matchP + 1, matchP + 6): null

27-02-2025T17:39:55 - [TEST_STEP][PASSED] - pctF = pct.toFloat(): null

27-02-2025T17:39:55 - [TEST_STEP][PASSED] - outText = "+++ Tooltip match value for " + myKey + " is " + pctF + "%": null

27-02-2025T17:39:55 - [TEST_STEP][PASSED] - min = 80: null

27-02-2025T17:39:55 - [TEST_STEP][PASSED] - if (pctF.toFloat() < min.toFloat()): null

27-02-2025T17:39:55 - [TEST_STEP][PASSED] - if (myKey != "dummy"): null

27-02-2025T17:39:55 - [TEST_STEP][PASSED] - println(outText): null

27-02-2025T17:39:55 - [TEST_STEP][PASSED] - outFile.append(outText + "
"): null

27-02-2025T17:39:55 - [TEST_STEP][PASSED] - myKey = key: null

27-02-2025T17:39:55 - [TEST_STEP][PASSED] - myValue = value: null

27-02-2025T17:39:55 - [TEST_STEP][PASSED] - println("myKey is " + myKey): null

27-02-2025T17:39:55 - [TEST_STEP][PASSED] - println("myValue is " + myValue): null

27-02-2025T17:39:55 - [TEST_STEP][PASSED] - if (myKey != "dummy"): null

27-02-2025T17:39:55 - [TEST_STEP][PASSED] - tObj = testObjectFolder + myValue: null

27-02-2025T17:39:55 - [TEST_STEP][PASSED] - click(tObj): null

27-02-2025T17:39:55 - [TEST_STEP][PASSED] - scrollToObject(object): null

27-02-2025T17:39:55 - [TEST_STEP][PASSED] - println("Converting " + object + " to web element"): null

27-02-2025T17:39:55 - [TEST_STEP][PASSED] - element = findWebElement(findTestObject(object), 1): null

27-02-2025T17:39:55 - [TEST_STEP][PASSED] - loc = element.getLocation(): null

27-02-2025T17:39:55 - [TEST_STEP][PASSED] - x = loc.getX(): null

27-02-2025T17:39:55 - [TEST_STEP][PASSED] - if (x >= 560): null

27-02-2025T17:39:55 - [TEST_STEP][PASSED] - y = loc.getY(): null

27-02-2025T17:39:55 - [TEST_STEP][PASSED] - println("Y location is " + y): null

27-02-2025T17:39:55 - [TEST_STEP][PASSED] - top = getViewportTopPosition(): Current viewport's top (y) position is 0

27-02-2025T17:39:55 - [MESSAGE][PASSED] - Current viewport's top (y) position is 0

27-02-2025T17:39:55 - [TEST_STEP][PASSED] - println("Viewport top is " + top): null

27-02-2025T17:39:55 - [TEST_STEP][PASSED] - bottom = top + 600: null

27-02-2025T17:39:55 - [TEST_STEP][PASSED] - if (y - top < 150 || bottom - y < 10): Delayed 1 second(s)

27-02-2025T17:39:55 - [TEST_STEP][PASSED] - scrollToPosition(0, y - 170): Browser is scrolled to position x = 0, y = 533

27-02-2025T17:39:55 - [MESSAGE][PASSED] - Browser is scrolled to position x = 0, y = 533

27-02-2025T17:39:55 - [TEST_STEP][PASSED] - delay(1): Delayed 1 second(s)

27-02-2025T17:39:56 - [MESSAGE][PASSED] - Delayed 1 second(s)

27-02-2025T17:39:56 - [TEST_STEP][PASSED] - click(findTestObject(object)): null

27-02-2025T17:39:56 - [MESSAGE][PASSED] - Object: 'Object Repository/Journey Partner Profile/Tabs/Service Options/img_TimeHours Needed_field-tooltip' is clicked on

27-02-2025T17:39:56 - [TEST_STEP][PASSED] - delay(1): Delayed 1 second(s)

27-02-2025T17:39:57 - [MESSAGE][PASSED] - Delayed 1 second(s)

27-02-2025T17:39:57 - [TEST_STEP][PASSED] - myImage = tooltipImagePath + myKey + ".png": null

27-02-2025T17:39:57 - [TEST_STEP][PASSED] - f = new java.io.File(myImage): null

27-02-2025T17:39:57 - [TEST_STEP][PASSED] - if (f.exists()): null

27-02-2025T17:39:57 - [TEST_STEP][PASSED] - println("Looking for " + myImage): null

27-02-2025T17:39:57 - [TEST_STEP][PASSED] - icn = Pattern(myImage).similar(0.10): null

27-02-2025T17:39:57 - [TEST_STEP][PASSED] - found = s.exists(icn): null

27-02-2025T17:39:57 - [TEST_STEP][PASSED] - println(found): null

27-02-2025T17:39:57 - [TEST_STEP][PASSED] - if (found != null): null

27-02-2025T17:39:57 - [TEST_STEP][PASSED] - foundStr = found.toString(): null

27-02-2025T17:39:57 - [TEST_STEP][PASSED] - matchP = foundStr.indexOf("%"): null

27-02-2025T17:39:57 - [TEST_STEP][PASSED] - if (matchP >= 0): null

27-02-2025T17:39:57 - [TEST_STEP][PASSED] - println(matchP): null

27-02-2025T17:39:57 - [TEST_STEP][PASSED] - pct = foundStr.substring(matchP + 1, matchP + 6): null

27-02-2025T17:39:57 - [TEST_STEP][PASSED] - pctF = pct.toFloat(): null

27-02-2025T17:39:57 - [TEST_STEP][PASSED] - outText = "+++ Tooltip match value for " + myKey + " is " + pctF + "%": null

27-02-2025T17:39:57 - [TEST_STEP][PASSED] - min = 80: null

27-02-2025T17:39:57 - [TEST_STEP][PASSED] - if (pctF.toFloat() < min.toFloat()): null

27-02-2025T17:39:57 - [TEST_STEP][PASSED] - if (myKey != "dummy"): null

27-02-2025T17:39:57 - [TEST_STEP][PASSED] - println(outText): null

27-02-2025T17:39:57 - [TEST_STEP][PASSED] - outFile.append(outText + "
"): null

27-02-2025T17:39:57 - [TEST_STEP][PASSED] - myKey = key: null

27-02-2025T17:39:57 - [TEST_STEP][PASSED] - myValue = value: null

27-02-2025T17:39:57 - [TEST_STEP][PASSED] - println("myKey is " + myKey): null

27-02-2025T17:39:57 - [TEST_STEP][PASSED] - println("myValue is " + myValue): null

27-02-2025T17:39:57 - [TEST_STEP][PASSED] - if (myKey != "dummy"): null

27-02-2025T17:39:57 - [TEST_STEP][PASSED] - tObj = testObjectFolder + myValue: null

27-02-2025T17:39:57 - [TEST_STEP][PASSED] - click(tObj): null

27-02-2025T17:39:57 - [TEST_STEP][PASSED] - scrollToObject(object): null

27-02-2025T17:39:57 - [TEST_STEP][PASSED] - println("Converting " + object + " to web element"): null

27-02-2025T17:39:57 - [TEST_STEP][PASSED] - element = findWebElement(findTestObject(object), 1): null

27-02-2025T17:39:57 - [TEST_STEP][PASSED] - loc = element.getLocation(): null

27-02-2025T17:39:57 - [TEST_STEP][PASSED] - x = loc.getX(): null

27-02-2025T17:39:57 - [TEST_STEP][PASSED] - if (x >= 560): null

27-02-2025T17:39:57 - [TEST_STEP][PASSED] - y = loc.getY(): null

27-02-2025T17:39:57 - [TEST_STEP][PASSED] - println("Y location is " + y): null

27-02-2025T17:39:57 - [TEST_STEP][PASSED] - top = getViewportTopPosition(): Current viewport's top (y) position is 533

27-02-2025T17:39:57 - [MESSAGE][PASSED] - Current viewport's top (y) position is 533

27-02-2025T17:39:57 - [TEST_STEP][PASSED] - println("Viewport top is " + top): null

27-02-2025T17:39:57 - [TEST_STEP][PASSED] - bottom = top + 600: null

27-02-2025T17:39:57 - [TEST_STEP][PASSED] - if (y - top < 150 || bottom - y < 10): null

27-02-2025T17:39:57 - [TEST_STEP][PASSED] - click(findTestObject(object)): null

27-02-2025T17:39:57 - [MESSAGE][PASSED] - Object: 'Object Repository/Journey Partner Profile/Tabs/Service Options/img_Awareness Trip_field-tooltip' is clicked on

27-02-2025T17:39:57 - [TEST_STEP][PASSED] - delay(1): Delayed 1 second(s)

27-02-2025T17:39:58 - [MESSAGE][PASSED] - Delayed 1 second(s)

27-02-2025T17:39:58 - [TEST_STEP][PASSED] - myImage = tooltipImagePath + myKey + ".png": null

27-02-2025T17:39:58 - [TEST_STEP][PASSED] - f = new java.io.File(myImage): null

27-02-2025T17:39:58 - [TEST_STEP][PASSED] - if (f.exists()): null

27-02-2025T17:39:58 - [TEST_STEP][PASSED] - println("Looking for " + myImage): null

27-02-2025T17:39:58 - [TEST_STEP][PASSED] - icn = Pattern(myImage).similar(0.10): null

27-02-2025T17:39:58 - [TEST_STEP][PASSED] - found = s.exists(icn): null

27-02-2025T17:39:58 - [TEST_STEP][PASSED] - println(found): null

27-02-2025T17:39:58 - [TEST_STEP][PASSED] - if (found != null): null

27-02-2025T17:39:58 - [TEST_STEP][PASSED] - foundStr = found.toString(): null

27-02-2025T17:39:58 - [TEST_STEP][PASSED] - matchP = foundStr.indexOf("%"): null

27-02-2025T17:39:58 - [TEST_STEP][PASSED] - if (matchP >= 0): null

27-02-2025T17:39:58 - [TEST_STEP][PASSED] - println(matchP): null

27-02-2025T17:39:58 - [TEST_STEP][PASSED] - pct = foundStr.substring(matchP + 1, matchP + 6): null

27-02-2025T17:39:58 - [TEST_STEP][PASSED] - pctF = pct.toFloat(): null

27-02-2025T17:39:58 - [TEST_STEP][PASSED] - outText = "+++ Tooltip match value for " + myKey + " is " + pctF + "%": null

27-02-2025T17:39:58 - [TEST_STEP][PASSED] - min = 80: null

27-02-2025T17:39:58 - [TEST_STEP][PASSED] - if (pctF.toFloat() < min.toFloat()): null

27-02-2025T17:39:58 - [TEST_STEP][PASSED] - if (myKey != "dummy"): null

27-02-2025T17:39:58 - [TEST_STEP][PASSED] - println(outText): null

27-02-2025T17:39:58 - [TEST_STEP][PASSED] - outFile.append(outText + "
"): null

27-02-2025T17:39:58 - [TEST_STEP][PASSED] - myKey = key: null

27-02-2025T17:39:58 - [TEST_STEP][PASSED] - myValue = value: null

27-02-2025T17:39:58 - [TEST_STEP][PASSED] - println("myKey is " + myKey): null

27-02-2025T17:39:58 - [TEST_STEP][PASSED] - println("myValue is " + myValue): null

27-02-2025T17:39:58 - [TEST_STEP][PASSED] - if (myKey != "dummy"): null

27-02-2025T17:39:58 - [TEST_STEP][PASSED] - tObj = testObjectFolder + myValue: null

27-02-2025T17:39:58 - [TEST_STEP][PASSED] - click(tObj): null

27-02-2025T17:39:58 - [TEST_STEP][PASSED] - scrollToObject(object): null

27-02-2025T17:39:58 - [TEST_STEP][PASSED] - println("Converting " + object + " to web element"): null

27-02-2025T17:39:58 - [TEST_STEP][PASSED] - element = findWebElement(findTestObject(object), 1): null

27-02-2025T17:39:58 - [TEST_STEP][PASSED] - loc = element.getLocation(): null

27-02-2025T17:39:58 - [TEST_STEP][PASSED] - x = loc.getX(): null

27-02-2025T17:39:58 - [TEST_STEP][PASSED] - if (x >= 560): null

27-02-2025T17:39:58 - [TEST_STEP][PASSED] - y = loc.getY(): null

27-02-2025T17:39:58 - [TEST_STEP][PASSED] - println("Y location is " + y): null

27-02-2025T17:39:58 - [TEST_STEP][PASSED] - top = getViewportTopPosition(): Current viewport's top (y) position is 533

27-02-2025T17:39:58 - [MESSAGE][PASSED] - Current viewport's top (y) position is 533

27-02-2025T17:39:58 - [TEST_STEP][PASSED] - println("Viewport top is " + top): null

27-02-2025T17:39:58 - [TEST_STEP][PASSED] - bottom = top + 600: null

27-02-2025T17:39:58 - [TEST_STEP][PASSED] - if (y - top < 150 || bottom - y < 10): null

27-02-2025T17:39:58 - [TEST_STEP][PASSED] - click(findTestObject(object)): null

27-02-2025T17:39:58 - [MESSAGE][PASSED] - Object: 'Object Repository/Journey Partner Profile/Tabs/Service Options/img_Vision Trip_field-tooltip' is clicked on

27-02-2025T17:39:58 - [TEST_STEP][PASSED] - delay(1): Delayed 1 second(s)

27-02-2025T17:39:59 - [MESSAGE][PASSED] - Delayed 1 second(s)

27-02-2025T17:39:59 - [TEST_STEP][PASSED] - myImage = tooltipImagePath + myKey + ".png": null

27-02-2025T17:39:59 - [TEST_STEP][PASSED] - f = new java.io.File(myImage): null

27-02-2025T17:39:59 - [TEST_STEP][PASSED] - if (f.exists()): null

27-02-2025T17:39:59 - [TEST_STEP][PASSED] - println("Looking for " + myImage): null

27-02-2025T17:39:59 - [TEST_STEP][PASSED] - icn = Pattern(myImage).similar(0.10): null

27-02-2025T17:39:59 - [TEST_STEP][PASSED] - found = s.exists(icn): null

27-02-2025T17:40:00 - [TEST_STEP][PASSED] - println(found): null

27-02-2025T17:40:00 - [TEST_STEP][PASSED] - if (found != null): null

27-02-2025T17:40:00 - [TEST_STEP][PASSED] - foundStr = found.toString(): null

27-02-2025T17:40:00 - [TEST_STEP][PASSED] - matchP = foundStr.indexOf("%"): null

27-02-2025T17:40:00 - [TEST_STEP][PASSED] - if (matchP >= 0): null

27-02-2025T17:40:00 - [TEST_STEP][PASSED] - println(matchP): null

27-02-2025T17:40:00 - [TEST_STEP][PASSED] - pct = foundStr.substring(matchP + 1, matchP + 6): null

27-02-2025T17:40:00 - [TEST_STEP][PASSED] - pctF = pct.toFloat(): null

27-02-2025T17:40:00 - [TEST_STEP][PASSED] - outText = "+++ Tooltip match value for " + myKey + " is " + pctF + "%": null

27-02-2025T17:40:00 - [TEST_STEP][PASSED] - min = 80: null

27-02-2025T17:40:00 - [TEST_STEP][PASSED] - if (pctF.toFloat() < min.toFloat()): null

27-02-2025T17:40:00 - [TEST_STEP][PASSED] - if (myKey != "dummy"): null

27-02-2025T17:40:00 - [TEST_STEP][PASSED] - println(outText): null

27-02-2025T17:40:00 - [TEST_STEP][PASSED] - outFile.append(outText + "
"): null

27-02-2025T17:40:00 - [TEST_STEP][PASSED] - myKey = key: null

27-02-2025T17:40:00 - [TEST_STEP][PASSED] - myValue = value: null

27-02-2025T17:40:00 - [TEST_STEP][PASSED] - println("myKey is " + myKey): null

27-02-2025T17:40:00 - [TEST_STEP][PASSED] - println("myValue is " + myValue): null

27-02-2025T17:40:00 - [TEST_STEP][PASSED] - if (myKey != "dummy"): null

27-02-2025T17:40:00 - [TEST_STEP][PASSED] - tObj = testObjectFolder + myValue: null

27-02-2025T17:40:00 - [TEST_STEP][PASSED] - click(tObj): null

27-02-2025T17:40:00 - [TEST_STEP][PASSED] - scrollToObject(object): null

27-02-2025T17:40:00 - [TEST_STEP][PASSED] - println("Converting " + object + " to web element"): null

27-02-2025T17:40:00 - [TEST_STEP][PASSED] - element = findWebElement(findTestObject(object), 1): null

27-02-2025T17:40:00 - [TEST_STEP][PASSED] - loc = element.getLocation(): null

27-02-2025T17:40:00 - [TEST_STEP][PASSED] - x = loc.getX(): null

27-02-2025T17:40:00 - [TEST_STEP][PASSED] - if (x >= 560): null

27-02-2025T17:40:00 - [TEST_STEP][PASSED] - outText = "####### ERROR: The tooltip for " + myKey + " is not positioned near its label.": null

27-02-2025T17:40:00 - [TEST_STEP][PASSED] - println(outText): null

27-02-2025T17:40:00 - [TEST_STEP][PASSED] - outFile.append(outText + "
"): null

27-02-2025T17:40:00 - [TEST_STEP][PASSED] - y = loc.getY(): null

27-02-2025T17:40:00 - [TEST_STEP][PASSED] - println("Y location is " + y): null

27-02-2025T17:40:00 - [TEST_STEP][PASSED] - top = getViewportTopPosition(): Current viewport's top (y) position is 533

27-02-2025T17:40:00 - [MESSAGE][PASSED] - Current viewport's top (y) position is 533

27-02-2025T17:40:00 - [TEST_STEP][PASSED] - println("Viewport top is " + top): null

27-02-2025T17:40:00 - [TEST_STEP][PASSED] - bottom = top + 600: null

27-02-2025T17:40:00 - [TEST_STEP][PASSED] - if (y - top < 150 || bottom - y < 10): null

27-02-2025T17:40:00 - [TEST_STEP][PASSED] - click(findTestObject(object)): null

27-02-2025T17:40:00 - [MESSAGE][PASSED] - Object: 'Object Repository/Journey Partner Profile/Tabs/Service Options/img_Vision Trip Description_field-tooltip' is clicked on

27-02-2025T17:40:00 - [TEST_STEP][PASSED] - delay(1): Delayed 1 second(s)

27-02-2025T17:40:01 - [MESSAGE][PASSED] - Delayed 1 second(s)

27-02-2025T17:40:01 - [TEST_STEP][PASSED] - myImage = tooltipImagePath + myKey + ".png": null

27-02-2025T17:40:01 - [TEST_STEP][PASSED] - f = new java.io.File(myImage): null

27-02-2025T17:40:01 - [TEST_STEP][PASSED] - if (f.exists()): null

27-02-2025T17:40:01 - [TEST_STEP][PASSED] - println("Looking for " + myImage): null

27-02-2025T17:40:01 - [TEST_STEP][PASSED] - icn = Pattern(myImage).similar(0.10): null

27-02-2025T17:40:01 - [TEST_STEP][PASSED] - found = s.exists(icn): null

27-02-2025T17:40:01 - [TEST_STEP][PASSED] - println(found): null

27-02-2025T17:40:01 - [TEST_STEP][PASSED] - if (found != null): null

27-02-2025T17:40:01 - [TEST_STEP][PASSED] - foundStr = found.toString(): null

27-02-2025T17:40:01 - [TEST_STEP][PASSED] - matchP = foundStr.indexOf("%"): null

27-02-2025T17:40:01 - [TEST_STEP][PASSED] - if (matchP >= 0): null

27-02-2025T17:40:01 - [TEST_STEP][PASSED] - println(matchP): null

27-02-2025T17:40:01 - [TEST_STEP][PASSED] - pct = foundStr.substring(matchP + 1, matchP + 6): null

27-02-2025T17:40:01 - [TEST_STEP][PASSED] - pctF = pct.toFloat(): null

27-02-2025T17:40:01 - [TEST_STEP][PASSED] - outText = "+++ Tooltip match value for " + myKey + " is " + pctF + "%": null

27-02-2025T17:40:01 - [TEST_STEP][PASSED] - min = 80: null

27-02-2025T17:40:01 - [TEST_STEP][PASSED] - if (pctF.toFloat() < min.toFloat()): null

27-02-2025T17:40:01 - [TEST_STEP][PASSED] - if (myKey != "dummy"): null

27-02-2025T17:40:01 - [TEST_STEP][PASSED] - println(outText): null

27-02-2025T17:40:01 - [TEST_STEP][PASSED] - outFile.append(outText + "
"): null

27-02-2025T17:40:01 - [TEST_STEP][PASSED] - myKey = key: null

27-02-2025T17:40:01 - [TEST_STEP][PASSED] - myValue = value: null

27-02-2025T17:40:01 - [TEST_STEP][PASSED] - println("myKey is " + myKey): null

27-02-2025T17:40:01 - [TEST_STEP][PASSED] - println("myValue is " + myValue): null

27-02-2025T17:40:01 - [TEST_STEP][PASSED] - if (myKey != "dummy"): null

27-02-2025T17:40:01 - [TEST_STEP][PASSED] - tObj = testObjectFolder + myValue: null

27-02-2025T17:40:01 - [TEST_STEP][PASSED] - click(tObj): null

27-02-2025T17:40:01 - [TEST_STEP][PASSED] - scrollToObject(object): null

27-02-2025T17:40:01 - [TEST_STEP][PASSED] - println("Converting " + object + " to web element"): null

27-02-2025T17:40:01 - [TEST_STEP][PASSED] - element = findWebElement(findTestObject(object), 1): null

27-02-2025T17:40:01 - [TEST_STEP][PASSED] - loc = element.getLocation(): null

27-02-2025T17:40:01 - [TEST_STEP][PASSED] - x = loc.getX(): null

27-02-2025T17:40:01 - [TEST_STEP][PASSED] - if (x >= 560): null

27-02-2025T17:40:01 - [TEST_STEP][PASSED] - outText = "####### ERROR: The tooltip for " + myKey + " is not positioned near its label.": null

27-02-2025T17:40:01 - [TEST_STEP][PASSED] - println(outText): null

27-02-2025T17:40:01 - [TEST_STEP][PASSED] - outFile.append(outText + "
"): null

27-02-2025T17:40:01 - [TEST_STEP][PASSED] - y = loc.getY(): null

27-02-2025T17:40:01 - [TEST_STEP][PASSED] - println("Y location is " + y): null

27-02-2025T17:40:01 - [TEST_STEP][PASSED] - top = getViewportTopPosition(): Current viewport's top (y) position is 533

27-02-2025T17:40:01 - [MESSAGE][PASSED] - Current viewport's top (y) position is 533

27-02-2025T17:40:01 - [TEST_STEP][PASSED] - println("Viewport top is " + top): null

27-02-2025T17:40:01 - [TEST_STEP][PASSED] - bottom = top + 600: null

27-02-2025T17:40:01 - [TEST_STEP][PASSED] - if (y - top < 150 || bottom - y < 10): Delayed 1 second(s)

27-02-2025T17:40:01 - [TEST_STEP][PASSED] - scrollToPosition(0, y - 170): Browser is scrolled to position x = 0, y = 976

27-02-2025T17:40:01 - [MESSAGE][PASSED] - Browser is scrolled to position x = 0, y = 976

27-02-2025T17:40:01 - [TEST_STEP][PASSED] - delay(1): Delayed 1 second(s)

27-02-2025T17:40:02 - [MESSAGE][PASSED] - Delayed 1 second(s)

27-02-2025T17:40:02 - [TEST_STEP][PASSED] - click(findTestObject(object)): null

27-02-2025T17:40:02 - [MESSAGE][PASSED] - Object: 'Object Repository/Journey Partner Profile/Tabs/Service Options/img_Short-Term Trip Lengths_field-tooltip' is clicked on

27-02-2025T17:40:02 - [TEST_STEP][PASSED] - delay(1): Delayed 1 second(s)

27-02-2025T17:40:03 - [MESSAGE][PASSED] - Delayed 1 second(s)

27-02-2025T17:40:03 - [TEST_STEP][PASSED] - myImage = tooltipImagePath + myKey + ".png": null

27-02-2025T17:40:03 - [TEST_STEP][PASSED] - f = new java.io.File(myImage): null

27-02-2025T17:40:03 - [TEST_STEP][PASSED] - if (f.exists()): null

27-02-2025T17:40:03 - [TEST_STEP][PASSED] - println("Looking for " + myImage): null

27-02-2025T17:40:03 - [TEST_STEP][PASSED] - icn = Pattern(myImage).similar(0.10): null

27-02-2025T17:40:03 - [TEST_STEP][PASSED] - found = s.exists(icn): null

27-02-2025T17:40:03 - [TEST_STEP][PASSED] - println(found): null

27-02-2025T17:40:03 - [TEST_STEP][PASSED] - if (found != null): null

27-02-2025T17:40:03 - [TEST_STEP][PASSED] - foundStr = found.toString(): null

27-02-2025T17:40:03 - [TEST_STEP][PASSED] - matchP = foundStr.indexOf("%"): null

27-02-2025T17:40:03 - [TEST_STEP][PASSED] - if (matchP >= 0): null

27-02-2025T17:40:03 - [TEST_STEP][PASSED] - println(matchP): null

27-02-2025T17:40:03 - [TEST_STEP][PASSED] - pct = foundStr.substring(matchP + 1, matchP + 6): null

27-02-2025T17:40:03 - [TEST_STEP][PASSED] - pctF = pct.toFloat(): null

27-02-2025T17:40:03 - [TEST_STEP][PASSED] - outText = "+++ Tooltip match value for " + myKey + " is " + pctF + "%": null

27-02-2025T17:40:03 - [TEST_STEP][PASSED] - min = 80: null

27-02-2025T17:40:03 - [TEST_STEP][PASSED] - if (pctF.toFloat() < min.toFloat()): null

27-02-2025T17:40:03 - [TEST_STEP][PASSED] - if (myKey != "dummy"): null

27-02-2025T17:40:03 - [TEST_STEP][PASSED] - println(outText): null

27-02-2025T17:40:03 - [TEST_STEP][PASSED] - outFile.append(outText + "
"): null

27-02-2025T17:40:03 - [TEST_STEP][PASSED] - myKey = key: null

27-02-2025T17:40:03 - [TEST_STEP][PASSED] - myValue = value: null

27-02-2025T17:40:03 - [TEST_STEP][PASSED] - println("myKey is " + myKey): null

27-02-2025T17:40:03 - [TEST_STEP][PASSED] - println("myValue is " + myValue): null

27-02-2025T17:40:03 - [TEST_STEP][PASSED] - if (myKey != "dummy"): null

27-02-2025T17:40:03 - [TEST_STEP][PASSED] - tObj = testObjectFolder + myValue: null

27-02-2025T17:40:03 - [TEST_STEP][PASSED] - click(tObj): null

27-02-2025T17:40:03 - [TEST_STEP][PASSED] - scrollToObject(object): null

27-02-2025T17:40:03 - [TEST_STEP][PASSED] - println("Converting " + object + " to web element"): null

27-02-2025T17:40:03 - [TEST_STEP][PASSED] - element = findWebElement(findTestObject(object), 1): null

27-02-2025T17:40:03 - [TEST_STEP][PASSED] - loc = element.getLocation(): null

27-02-2025T17:40:03 - [TEST_STEP][PASSED] - x = loc.getX(): null

27-02-2025T17:40:03 - [TEST_STEP][PASSED] - if (x >= 560): null

27-02-2025T17:40:03 - [TEST_STEP][PASSED] - outText = "####### ERROR: The tooltip for " + myKey + " is not positioned near its label.": null

27-02-2025T17:40:03 - [TEST_STEP][PASSED] - println(outText): null

27-02-2025T17:40:03 - [TEST_STEP][PASSED] - outFile.append(outText + "
"): null

27-02-2025T17:40:03 - [TEST_STEP][PASSED] - y = loc.getY(): null

27-02-2025T17:40:03 - [TEST_STEP][PASSED] - println("Y location is " + y): null

27-02-2025T17:40:03 - [TEST_STEP][PASSED] - top = getViewportTopPosition(): Current viewport's top (y) position is 976

27-02-2025T17:40:03 - [MESSAGE][PASSED] - Current viewport's top (y) position is 976

27-02-2025T17:40:03 - [TEST_STEP][PASSED] - println("Viewport top is " + top): null

27-02-2025T17:40:03 - [TEST_STEP][PASSED] - bottom = top + 600: null

27-02-2025T17:40:03 - [TEST_STEP][PASSED] - if (y - top < 150 || bottom - y < 10): null

27-02-2025T17:40:03 - [TEST_STEP][PASSED] - click(findTestObject(object)): null

27-02-2025T17:40:03 - [MESSAGE][PASSED] - Object: 'Object Repository/Journey Partner Profile/Tabs/Service Options/img_Short-Term Availability_field-tooltip' is clicked on

27-02-2025T17:40:03 - [TEST_STEP][PASSED] - delay(1): Delayed 1 second(s)

27-02-2025T17:40:04 - [MESSAGE][PASSED] - Delayed 1 second(s)

27-02-2025T17:40:04 - [TEST_STEP][PASSED] - myImage = tooltipImagePath + myKey + ".png": null

27-02-2025T17:40:04 - [TEST_STEP][PASSED] - f = new java.io.File(myImage): null

27-02-2025T17:40:04 - [TEST_STEP][PASSED] - if (f.exists()): null

27-02-2025T17:40:04 - [TEST_STEP][PASSED] - println("Looking for " + myImage): null

27-02-2025T17:40:04 - [TEST_STEP][PASSED] - icn = Pattern(myImage).similar(0.10): null

27-02-2025T17:40:04 - [TEST_STEP][PASSED] - found = s.exists(icn): null

27-02-2025T17:40:04 - [TEST_STEP][PASSED] - println(found): null

27-02-2025T17:40:04 - [TEST_STEP][PASSED] - if (found != null): null

27-02-2025T17:40:04 - [TEST_STEP][PASSED] - foundStr = found.toString(): null

27-02-2025T17:40:04 - [TEST_STEP][PASSED] - matchP = foundStr.indexOf("%"): null

27-02-2025T17:40:04 - [TEST_STEP][PASSED] - if (matchP >= 0): null

27-02-2025T17:40:04 - [TEST_STEP][PASSED] - println(matchP): null

27-02-2025T17:40:04 - [TEST_STEP][PASSED] - pct = foundStr.substring(matchP + 1, matchP + 6): null

27-02-2025T17:40:04 - [TEST_STEP][PASSED] - pctF = pct.toFloat(): null

27-02-2025T17:40:04 - [TEST_STEP][PASSED] - outText = "+++ Tooltip match value for " + myKey + " is " + pctF + "%": null

27-02-2025T17:40:04 - [TEST_STEP][PASSED] - min = 80: null

27-02-2025T17:40:04 - [TEST_STEP][PASSED] - if (pctF.toFloat() < min.toFloat()): null

27-02-2025T17:40:04 - [TEST_STEP][PASSED] - if (myKey != "dummy"): null

27-02-2025T17:40:04 - [TEST_STEP][PASSED] - println(outText): null

27-02-2025T17:40:04 - [TEST_STEP][PASSED] - outFile.append(outText + "
"): null

27-02-2025T17:40:04 - [TEST_STEP][PASSED] - myKey = key: null

27-02-2025T17:40:04 - [TEST_STEP][PASSED] - myValue = value: null

27-02-2025T17:40:04 - [TEST_STEP][PASSED] - println("myKey is " + myKey): null

27-02-2025T17:40:04 - [TEST_STEP][PASSED] - println("myValue is " + myValue): null

27-02-2025T17:40:04 - [TEST_STEP][PASSED] - if (myKey != "dummy"): null

27-02-2025T17:40:04 - [TEST_STEP][PASSED] - tObj = testObjectFolder + myValue: null

27-02-2025T17:40:04 - [TEST_STEP][PASSED] - click(tObj): null

27-02-2025T17:40:04 - [TEST_STEP][PASSED] - scrollToObject(object): null

27-02-2025T17:40:04 - [TEST_STEP][PASSED] - println("Converting " + object + " to web element"): null

27-02-2025T17:40:04 - [TEST_STEP][PASSED] - element = findWebElement(findTestObject(object), 1): null

27-02-2025T17:40:04 - [TEST_STEP][PASSED] - loc = element.getLocation(): null

27-02-2025T17:40:04 - [TEST_STEP][PASSED] - x = loc.getX(): null

27-02-2025T17:40:04 - [TEST_STEP][PASSED] - if (x >= 560): null

27-02-2025T17:40:04 - [TEST_STEP][PASSED] - outText = "####### ERROR: The tooltip for " + myKey + " is not positioned near its label.": null

27-02-2025T17:40:04 - [TEST_STEP][PASSED] - println(outText): null

27-02-2025T17:40:04 - [TEST_STEP][PASSED] - outFile.append(outText + "
"): null

27-02-2025T17:40:04 - [TEST_STEP][PASSED] - y = loc.getY(): null

27-02-2025T17:40:04 - [TEST_STEP][PASSED] - println("Y location is " + y): null

27-02-2025T17:40:04 - [TEST_STEP][PASSED] - top = getViewportTopPosition(): Current viewport's top (y) position is 976

27-02-2025T17:40:04 - [MESSAGE][PASSED] - Current viewport's top (y) position is 976

27-02-2025T17:40:04 - [TEST_STEP][PASSED] - println("Viewport top is " + top): null

27-02-2025T17:40:04 - [TEST_STEP][PASSED] - bottom = top + 600: null

27-02-2025T17:40:04 - [TEST_STEP][PASSED] - if (y - top < 150 || bottom - y < 10): null

27-02-2025T17:40:04 - [TEST_STEP][PASSED] - click(findTestObject(object)): null

27-02-2025T17:40:04 - [MESSAGE][PASSED] - Object: 'Object Repository/Journey Partner Profile/Tabs/Service Options/img_Short-Term Objective_field-tooltip' is clicked on

27-02-2025T17:40:04 - [TEST_STEP][PASSED] - delay(1): Delayed 1 second(s)

27-02-2025T17:40:05 - [MESSAGE][PASSED] - Delayed 1 second(s)

27-02-2025T17:40:05 - [TEST_STEP][PASSED] - myImage = tooltipImagePath + myKey + ".png": null

27-02-2025T17:40:05 - [TEST_STEP][PASSED] - f = new java.io.File(myImage): null

27-02-2025T17:40:05 - [TEST_STEP][PASSED] - if (f.exists()): null

27-02-2025T17:40:05 - [TEST_STEP][PASSED] - println("Looking for " + myImage): null

27-02-2025T17:40:05 - [TEST_STEP][PASSED] - icn = Pattern(myImage).similar(0.10): null

27-02-2025T17:40:05 - [TEST_STEP][PASSED] - found = s.exists(icn): null

27-02-2025T17:40:05 - [TEST_STEP][PASSED] - println(found): null

27-02-2025T17:40:05 - [TEST_STEP][PASSED] - if (found != null): null

27-02-2025T17:40:05 - [TEST_STEP][PASSED] - foundStr = found.toString(): null

27-02-2025T17:40:05 - [TEST_STEP][PASSED] - matchP = foundStr.indexOf("%"): null

27-02-2025T17:40:05 - [TEST_STEP][PASSED] - if (matchP >= 0): null

27-02-2025T17:40:05 - [TEST_STEP][PASSED] - println(matchP): null

27-02-2025T17:40:05 - [TEST_STEP][PASSED] - pct = foundStr.substring(matchP + 1, matchP + 6): null

27-02-2025T17:40:05 - [TEST_STEP][PASSED] - pctF = pct.toFloat(): null

27-02-2025T17:40:05 - [TEST_STEP][PASSED] - outText = "+++ Tooltip match value for " + myKey + " is " + pctF + "%": null

27-02-2025T17:40:05 - [TEST_STEP][PASSED] - min = 80: null

27-02-2025T17:40:05 - [TEST_STEP][PASSED] - if (pctF.toFloat() < min.toFloat()): null

27-02-2025T17:40:05 - [TEST_STEP][PASSED] - if (myKey != "dummy"): null

27-02-2025T17:40:05 - [TEST_STEP][PASSED] - println(outText): null

27-02-2025T17:40:05 - [TEST_STEP][PASSED] - outFile.append(outText + "
"): null

27-02-2025T17:40:05 - [TEST_STEP][PASSED] - myKey = key: null

27-02-2025T17:40:05 - [TEST_STEP][PASSED] - myValue = value: null

27-02-2025T17:40:05 - [TEST_STEP][PASSED] - println("myKey is " + myKey): null

27-02-2025T17:40:05 - [TEST_STEP][PASSED] - println("myValue is " + myValue): null

27-02-2025T17:40:05 - [TEST_STEP][PASSED] - if (myKey != "dummy"): null

27-02-2025T17:40:05 - [TEST_STEP][PASSED] - tObj = testObjectFolder + myValue: null

27-02-2025T17:40:05 - [TEST_STEP][PASSED] - click(tObj): null

27-02-2025T17:40:05 - [TEST_STEP][PASSED] - scrollToObject(object): null

27-02-2025T17:40:05 - [TEST_STEP][PASSED] - println("Converting " + object + " to web element"): null

27-02-2025T17:40:05 - [TEST_STEP][PASSED] - element = findWebElement(findTestObject(object), 1): null

27-02-2025T17:40:05 - [TEST_STEP][PASSED] - loc = element.getLocation(): null

27-02-2025T17:40:05 - [TEST_STEP][PASSED] - x = loc.getX(): null

27-02-2025T17:40:05 - [TEST_STEP][PASSED] - if (x >= 560): null

27-02-2025T17:40:05 - [TEST_STEP][PASSED] - outText = "####### ERROR: The tooltip for " + myKey + " is not positioned near its label.": null

27-02-2025T17:40:05 - [TEST_STEP][PASSED] - println(outText): null

27-02-2025T17:40:05 - [TEST_STEP][PASSED] - outFile.append(outText + "
"): null

27-02-2025T17:40:05 - [TEST_STEP][PASSED] - y = loc.getY(): null

27-02-2025T17:40:05 - [TEST_STEP][PASSED] - println("Y location is " + y): null

27-02-2025T17:40:05 - [TEST_STEP][PASSED] - top = getViewportTopPosition(): Current viewport's top (y) position is 976

27-02-2025T17:40:05 - [MESSAGE][PASSED] - Current viewport's top (y) position is 976

27-02-2025T17:40:05 - [TEST_STEP][PASSED] - println("Viewport top is " + top): null

27-02-2025T17:40:05 - [TEST_STEP][PASSED] - bottom = top + 600: null

27-02-2025T17:40:05 - [TEST_STEP][PASSED] - if (y - top < 150 || bottom - y < 10): null

27-02-2025T17:40:05 - [TEST_STEP][PASSED] - click(findTestObject(object)): null

27-02-2025T17:40:06 - [MESSAGE][PASSED] - Object: 'Object Repository/Journey Partner Profile/Tabs/Service Options/img_Short-Term Statement_field-tooltip' is clicked on

27-02-2025T17:40:06 - [TEST_STEP][PASSED] - delay(1): Delayed 1 second(s)

27-02-2025T17:40:07 - [MESSAGE][PASSED] - Delayed 1 second(s)

27-02-2025T17:40:07 - [TEST_STEP][PASSED] - myImage = tooltipImagePath + myKey + ".png": null

27-02-2025T17:40:07 - [TEST_STEP][PASSED] - f = new java.io.File(myImage): null

27-02-2025T17:40:07 - [TEST_STEP][PASSED] - if (f.exists()): null

27-02-2025T17:40:07 - [TEST_STEP][PASSED] - println("Looking for " + myImage): null

27-02-2025T17:40:07 - [TEST_STEP][PASSED] - icn = Pattern(myImage).similar(0.10): null

27-02-2025T17:40:07 - [TEST_STEP][PASSED] - found = s.exists(icn): null

27-02-2025T17:40:07 - [TEST_STEP][PASSED] - println(found): null

27-02-2025T17:40:07 - [TEST_STEP][PASSED] - if (found != null): null

27-02-2025T17:40:07 - [TEST_STEP][PASSED] - foundStr = found.toString(): null

27-02-2025T17:40:07 - [TEST_STEP][PASSED] - matchP = foundStr.indexOf("%"): null

27-02-2025T17:40:07 - [TEST_STEP][PASSED] - if (matchP >= 0): null

27-02-2025T17:40:07 - [TEST_STEP][PASSED] - println(matchP): null

27-02-2025T17:40:07 - [TEST_STEP][PASSED] - pct = foundStr.substring(matchP + 1, matchP + 6): null

27-02-2025T17:40:07 - [TEST_STEP][PASSED] - pctF = pct.toFloat(): null

27-02-2025T17:40:07 - [TEST_STEP][PASSED] - outText = "+++ Tooltip match value for " + myKey + " is " + pctF + "%": null

27-02-2025T17:40:07 - [TEST_STEP][PASSED] - min = 80: null

27-02-2025T17:40:07 - [TEST_STEP][PASSED] - if (pctF.toFloat() < min.toFloat()): null

27-02-2025T17:40:07 - [TEST_STEP][PASSED] - if (myKey != "dummy"): null

27-02-2025T17:40:07 - [TEST_STEP][PASSED] - println(outText): null

27-02-2025T17:40:07 - [TEST_STEP][PASSED] - outFile.append(outText + "
"): null

27-02-2025T17:40:07 - [TEST_STEP][PASSED] - myKey = key: null

27-02-2025T17:40:07 - [TEST_STEP][PASSED] - myValue = value: null

27-02-2025T17:40:07 - [TEST_STEP][PASSED] - println("myKey is " + myKey): null

27-02-2025T17:40:07 - [TEST_STEP][PASSED] - println("myValue is " + myValue): null

27-02-2025T17:40:07 - [TEST_STEP][PASSED] - if (myKey != "dummy"): null

27-02-2025T17:40:07 - [TEST_STEP][PASSED] - tObj = testObjectFolder + myValue: null

27-02-2025T17:40:07 - [TEST_STEP][PASSED] - click(tObj): null

27-02-2025T17:40:07 - [TEST_STEP][PASSED] - scrollToObject(object): null

27-02-2025T17:40:07 - [TEST_STEP][PASSED] - println("Converting " + object + " to web element"): null

27-02-2025T17:40:07 - [TEST_STEP][PASSED] - element = findWebElement(findTestObject(object), 1): null

27-02-2025T17:40:07 - [TEST_STEP][PASSED] - loc = element.getLocation(): null

27-02-2025T17:40:07 - [TEST_STEP][PASSED] - x = loc.getX(): null

27-02-2025T17:40:07 - [TEST_STEP][PASSED] - if (x >= 560): null

27-02-2025T17:40:07 - [TEST_STEP][PASSED] - y = loc.getY(): null

27-02-2025T17:40:07 - [TEST_STEP][PASSED] - println("Y location is " + y): null

27-02-2025T17:40:07 - [TEST_STEP][PASSED] - top = getViewportTopPosition(): Current viewport's top (y) position is 976

27-02-2025T17:40:07 - [MESSAGE][PASSED] - Current viewport's top (y) position is 976

27-02-2025T17:40:07 - [TEST_STEP][PASSED] - println("Viewport top is " + top): null

27-02-2025T17:40:07 - [TEST_STEP][PASSED] - bottom = top + 600: null

27-02-2025T17:40:07 - [TEST_STEP][PASSED] - if (y - top < 150 || bottom - y < 10): null

27-02-2025T17:40:07 - [TEST_STEP][PASSED] - click(findTestObject(object)): null

27-02-2025T17:40:07 - [MESSAGE][PASSED] - Object: 'Object Repository/Journey Partner Profile/Tabs/Service Options/img_Preferred Region(s)_field-tooltip' is clicked on

27-02-2025T17:40:07 - [TEST_STEP][PASSED] - delay(1): Delayed 1 second(s)

27-02-2025T17:40:08 - [MESSAGE][PASSED] - Delayed 1 second(s)

27-02-2025T17:40:08 - [TEST_STEP][PASSED] - myImage = tooltipImagePath + myKey + ".png": null

27-02-2025T17:40:08 - [TEST_STEP][PASSED] - f = new java.io.File(myImage): null

27-02-2025T17:40:08 - [TEST_STEP][PASSED] - if (f.exists()): null

27-02-2025T17:40:08 - [TEST_STEP][PASSED] - println("Looking for " + myImage): null

27-02-2025T17:40:08 - [TEST_STEP][PASSED] - icn = Pattern(myImage).similar(0.10): null

27-02-2025T17:40:08 - [TEST_STEP][PASSED] - found = s.exists(icn): null

27-02-2025T17:40:08 - [TEST_STEP][PASSED] - println(found): null

27-02-2025T17:40:08 - [TEST_STEP][PASSED] - if (found != null): null

27-02-2025T17:40:08 - [TEST_STEP][PASSED] - foundStr = found.toString(): null

27-02-2025T17:40:08 - [TEST_STEP][PASSED] - matchP = foundStr.indexOf("%"): null

27-02-2025T17:40:08 - [TEST_STEP][PASSED] - if (matchP >= 0): null

27-02-2025T17:40:08 - [TEST_STEP][PASSED] - println(matchP): null

27-02-2025T17:40:08 - [TEST_STEP][PASSED] - pct = foundStr.substring(matchP + 1, matchP + 6): null

27-02-2025T17:40:08 - [TEST_STEP][PASSED] - pctF = pct.toFloat(): null

27-02-2025T17:40:08 - [TEST_STEP][PASSED] - outText = "+++ Tooltip match value for " + myKey + " is " + pctF + "%": null

27-02-2025T17:40:08 - [TEST_STEP][PASSED] - min = 80: null

27-02-2025T17:40:08 - [TEST_STEP][PASSED] - if (pctF.toFloat() < min.toFloat()): null

27-02-2025T17:40:08 - [TEST_STEP][PASSED] - if (myKey != "dummy"): null

27-02-2025T17:40:08 - [TEST_STEP][PASSED] - println(outText): null

27-02-2025T17:40:08 - [TEST_STEP][PASSED] - outFile.append(outText + "
"): null

27-02-2025T17:40:08 - [TEST_STEP][PASSED] - myKey = key: null

27-02-2025T17:40:08 - [TEST_STEP][PASSED] - myValue = value: null

27-02-2025T17:40:08 - [TEST_STEP][PASSED] - println("myKey is " + myKey): null

27-02-2025T17:40:08 - [TEST_STEP][PASSED] - println("myValue is " + myValue): null

27-02-2025T17:40:08 - [TEST_STEP][PASSED] - if (myKey != "dummy"): null

27-02-2025T17:40:08 - [TEST_STEP][PASSED] - tObj = testObjectFolder + myValue: null

27-02-2025T17:40:08 - [TEST_STEP][PASSED] - click(tObj): null

27-02-2025T17:40:08 - [TEST_STEP][PASSED] - scrollToObject(object): null

27-02-2025T17:40:08 - [TEST_STEP][PASSED] - println("Converting " + object + " to web element"): null

27-02-2025T17:40:08 - [TEST_STEP][PASSED] - element = findWebElement(findTestObject(object), 1): null

27-02-2025T17:40:08 - [TEST_STEP][PASSED] - loc = element.getLocation(): null

27-02-2025T17:40:08 - [TEST_STEP][PASSED] - x = loc.getX(): null

27-02-2025T17:40:08 - [TEST_STEP][PASSED] - if (x >= 560): null

27-02-2025T17:40:08 - [TEST_STEP][PASSED] - y = loc.getY(): null

27-02-2025T17:40:08 - [TEST_STEP][PASSED] - println("Y location is " + y): null

27-02-2025T17:40:08 - [TEST_STEP][PASSED] - top = getViewportTopPosition(): Current viewport's top (y) position is 976

27-02-2025T17:40:08 - [MESSAGE][PASSED] - Current viewport's top (y) position is 976

27-02-2025T17:40:08 - [TEST_STEP][PASSED] - println("Viewport top is " + top): null

27-02-2025T17:40:08 - [TEST_STEP][PASSED] - bottom = top + 600: null

27-02-2025T17:40:08 - [TEST_STEP][PASSED] - if (y - top < 150 || bottom - y < 10): Delayed 1 second(s)

27-02-2025T17:40:08 - [TEST_STEP][PASSED] - scrollToPosition(0, y - 170): Browser is scrolled to position x = 0, y = 1460

27-02-2025T17:40:08 - [MESSAGE][PASSED] - Browser is scrolled to position x = 0, y = 1460

27-02-2025T17:40:08 - [TEST_STEP][PASSED] - delay(1): Delayed 1 second(s)

27-02-2025T17:40:09 - [MESSAGE][PASSED] - Delayed 1 second(s)

27-02-2025T17:40:09 - [TEST_STEP][PASSED] - click(findTestObject(object)): null

27-02-2025T17:40:09 - [MESSAGE][PASSED] - Object: 'Object Repository/Journey Partner Profile/Tabs/Service Options/img_Languages_field-tooltip' is clicked on

27-02-2025T17:40:09 - [TEST_STEP][PASSED] - delay(1): Delayed 1 second(s)

27-02-2025T17:40:10 - [MESSAGE][PASSED] - Delayed 1 second(s)

27-02-2025T17:40:10 - [TEST_STEP][PASSED] - myImage = tooltipImagePath + myKey + ".png": null

27-02-2025T17:40:10 - [TEST_STEP][PASSED] - f = new java.io.File(myImage): null

27-02-2025T17:40:10 - [TEST_STEP][PASSED] - if (f.exists()): null

27-02-2025T17:40:10 - [TEST_STEP][PASSED] - println("Looking for " + myImage): null

27-02-2025T17:40:10 - [TEST_STEP][PASSED] - icn = Pattern(myImage).similar(0.10): null

27-02-2025T17:40:10 - [TEST_STEP][PASSED] - found = s.exists(icn): null

27-02-2025T17:40:10 - [TEST_STEP][PASSED] - println(found): null

27-02-2025T17:40:10 - [TEST_STEP][PASSED] - if (found != null): null

27-02-2025T17:40:10 - [TEST_STEP][PASSED] - foundStr = found.toString(): null

27-02-2025T17:40:10 - [TEST_STEP][PASSED] - matchP = foundStr.indexOf("%"): null

27-02-2025T17:40:10 - [TEST_STEP][PASSED] - if (matchP >= 0): null

27-02-2025T17:40:10 - [TEST_STEP][PASSED] - println(matchP): null

27-02-2025T17:40:10 - [TEST_STEP][PASSED] - pct = foundStr.substring(matchP + 1, matchP + 6): null

27-02-2025T17:40:10 - [TEST_STEP][PASSED] - pctF = pct.toFloat(): null

27-02-2025T17:40:10 - [TEST_STEP][PASSED] - outText = "+++ Tooltip match value for " + myKey + " is " + pctF + "%": null

27-02-2025T17:40:10 - [TEST_STEP][PASSED] - min = 80: null

27-02-2025T17:40:10 - [TEST_STEP][PASSED] - if (pctF.toFloat() < min.toFloat()): null

27-02-2025T17:40:10 - [TEST_STEP][PASSED] - if (myKey != "dummy"): null

27-02-2025T17:40:10 - [TEST_STEP][PASSED] - println(outText): null

27-02-2025T17:40:10 - [TEST_STEP][PASSED] - outFile.append(outText + "
"): null

27-02-2025T17:40:10 - [TEST_STEP][PASSED] - outText = "Verifying the tooltip text on the page is what was expected.
": null

27-02-2025T17:40:10 - [TEST_STEP][PASSED] - println(tooltipTextMap): null

27-02-2025T17:40:10 - [TEST_STEP][PASSED] - outFile.append(outText): null

27-02-2025T17:40:10 - [TEST_STEP][PASSED] - for (def it : tooltipText): null

27-02-2025T17:40:10 - [TEST_STEP][PASSED] - println(it): null

27-02-2025T17:40:10 - [TEST_STEP][PASSED] - myKey = key: null

27-02-2025T17:40:10 - [TEST_STEP][PASSED] - myText = value.replace(""", ""): null

27-02-2025T17:40:10 - [TEST_STEP][PASSED] - myText = myText.trim(): null

27-02-2025T17:40:10 - [TEST_STEP][PASSED] - println(myKey): null

27-02-2025T17:40:10 - [TEST_STEP][PASSED] - println(myText): null

27-02-2025T17:40:10 - [TEST_STEP][PASSED] - println(tooltipTextMap.get(myKey)): null

27-02-2025T17:40:10 - [TEST_STEP][PASSED] - actualText = get(myKey).replace(""", ""): null

27-02-2025T17:40:10 - [TEST_STEP][PASSED] - actualText = actualText.trim(): null

27-02-2025T17:40:10 - [TEST_STEP][PASSED] - println(myKey + ":" + actualText): null

27-02-2025T17:40:10 - [TEST_STEP][PASSED] - if (actualText != myText): null

27-02-2025T17:40:10 - [TEST_STEP][PASSED] - println(it): null

27-02-2025T17:40:10 - [TEST_STEP][PASSED] - myKey = key: null

27-02-2025T17:40:10 - [TEST_STEP][PASSED] - myText = value.replace(""", ""): null

27-02-2025T17:40:10 - [TEST_STEP][PASSED] - myText = myText.trim(): null

27-02-2025T17:40:10 - [TEST_STEP][PASSED] - println(myKey): null

27-02-2025T17:40:10 - [TEST_STEP][PASSED] - println(myText): null

27-02-2025T17:40:10 - [TEST_STEP][PASSED] - println(tooltipTextMap.get(myKey)): null

27-02-2025T17:40:10 - [TEST_STEP][PASSED] - actualText = get(myKey).replace(""", ""): null

27-02-2025T17:40:10 - [TEST_STEP][PASSED] - actualText = actualText.trim(): null

27-02-2025T17:40:10 - [TEST_STEP][PASSED] - println(myKey + ":" + actualText): null

27-02-2025T17:40:10 - [TEST_STEP][PASSED] - if (actualText != myText): null

27-02-2025T17:40:10 - [TEST_STEP][PASSED] - println(it): null

27-02-2025T17:40:10 - [TEST_STEP][PASSED] - myKey = key: null

27-02-2025T17:40:10 - [TEST_STEP][PASSED] - myText = value.replace(""", ""): null

27-02-2025T17:40:10 - [TEST_STEP][PASSED] - myText = myText.trim(): null

27-02-2025T17:40:10 - [TEST_STEP][PASSED] - println(myKey): null

27-02-2025T17:40:10 - [TEST_STEP][PASSED] - println(myText): null

27-02-2025T17:40:10 - [TEST_STEP][PASSED] - println(tooltipTextMap.get(myKey)): null

27-02-2025T17:40:10 - [TEST_STEP][PASSED] - actualText = get(myKey).replace(""", ""): null

27-02-2025T17:40:10 - [TEST_STEP][PASSED] - actualText = actualText.trim(): null

27-02-2025T17:40:10 - [TEST_STEP][PASSED] - println(myKey + ":" + actualText): null

27-02-2025T17:40:10 - [TEST_STEP][PASSED] - if (actualText != myText): null

27-02-2025T17:40:10 - [TEST_STEP][PASSED] - println(it): null

27-02-2025T17:40:10 - [TEST_STEP][PASSED] - myKey = key: null

27-02-2025T17:40:10 - [TEST_STEP][PASSED] - myText = value.replace(""", ""): null

27-02-2025T17:40:10 - [TEST_STEP][PASSED] - myText = myText.trim(): null

27-02-2025T17:40:10 - [TEST_STEP][PASSED] - println(myKey): null

27-02-2025T17:40:10 - [TEST_STEP][PASSED] - println(myText): null

27-02-2025T17:40:10 - [TEST_STEP][PASSED] - println(tooltipTextMap.get(myKey)): null

27-02-2025T17:40:10 - [TEST_STEP][PASSED] - actualText = get(myKey).replace(""", ""): null

27-02-2025T17:40:10 - [TEST_STEP][PASSED] - actualText = actualText.trim(): null

27-02-2025T17:40:10 - [TEST_STEP][PASSED] - println(myKey + ":" + actualText): null

27-02-2025T17:40:10 - [TEST_STEP][PASSED] - if (actualText != myText): null

27-02-2025T17:40:10 - [TEST_STEP][PASSED] - println(it): null

27-02-2025T17:40:10 - [TEST_STEP][PASSED] - myKey = key: null

27-02-2025T17:40:10 - [TEST_STEP][PASSED] - myText = value.replace(""", ""): null

27-02-2025T17:40:10 - [TEST_STEP][PASSED] - myText = myText.trim(): null

27-02-2025T17:40:10 - [TEST_STEP][PASSED] - println(myKey): null

27-02-2025T17:40:10 - [TEST_STEP][PASSED] - println(myText): null

27-02-2025T17:40:10 - [TEST_STEP][PASSED] - println(tooltipTextMap.get(myKey)): null

27-02-2025T17:40:10 - [TEST_STEP][PASSED] - actualText = get(myKey).replace(""", ""): null

27-02-2025T17:40:10 - [TEST_STEP][PASSED] - actualText = actualText.trim(): null

27-02-2025T17:40:10 - [TEST_STEP][PASSED] - println(myKey + ":" + actualText): null

27-02-2025T17:40:10 - [TEST_STEP][PASSED] - if (actualText != myText): null

27-02-2025T17:40:10 - [TEST_STEP][PASSED] - println(it): null

27-02-2025T17:40:10 - [TEST_STEP][PASSED] - myKey = key: null

27-02-2025T17:40:10 - [TEST_STEP][PASSED] - myText = value.replace(""", ""): null

27-02-2025T17:40:10 - [TEST_STEP][PASSED] - myText = myText.trim(): null

27-02-2025T17:40:10 - [TEST_STEP][PASSED] - println(myKey): null

27-02-2025T17:40:10 - [TEST_STEP][PASSED] - println(myText): null

27-02-2025T17:40:10 - [TEST_STEP][PASSED] - println(tooltipTextMap.get(myKey)): null

27-02-2025T17:40:10 - [TEST_STEP][PASSED] - actualText = get(myKey).replace(""", ""): null

27-02-2025T17:40:10 - [TEST_STEP][PASSED] - actualText = actualText.trim(): null

27-02-2025T17:40:10 - [TEST_STEP][PASSED] - println(myKey + ":" + actualText): null

27-02-2025T17:40:10 - [TEST_STEP][PASSED] - if (actualText != myText): null

27-02-2025T17:40:10 - [TEST_STEP][PASSED] - println(it): null

27-02-2025T17:40:10 - [TEST_STEP][PASSED] - myKey = key: null

27-02-2025T17:40:10 - [TEST_STEP][PASSED] - myText = value.replace(""", ""): null

27-02-2025T17:40:10 - [TEST_STEP][PASSED] - myText = myText.trim(): null

27-02-2025T17:40:10 - [TEST_STEP][PASSED] - println(myKey): null

27-02-2025T17:40:10 - [TEST_STEP][PASSED] - println(myText): null

27-02-2025T17:40:10 - [TEST_STEP][PASSED] - println(tooltipTextMap.get(myKey)): null

27-02-2025T17:40:10 - [TEST_STEP][PASSED] - actualText = get(myKey).replace(""", ""): null

27-02-2025T17:40:10 - [TEST_STEP][PASSED] - actualText = actualText.trim(): null

27-02-2025T17:40:10 - [TEST_STEP][PASSED] - println(myKey + ":" + actualText): null

27-02-2025T17:40:10 - [TEST_STEP][PASSED] - if (actualText != myText): null

27-02-2025T17:40:10 - [TEST_STEP][PASSED] - println(it): null

27-02-2025T17:40:10 - [TEST_STEP][PASSED] - myKey = key: null

27-02-2025T17:40:10 - [TEST_STEP][PASSED] - myText = value.replace(""", ""): null

27-02-2025T17:40:10 - [TEST_STEP][PASSED] - myText = myText.trim(): null

27-02-2025T17:40:10 - [TEST_STEP][PASSED] - println(myKey): null

27-02-2025T17:40:10 - [TEST_STEP][PASSED] - println(myText): null

27-02-2025T17:40:10 - [TEST_STEP][PASSED] - println(tooltipTextMap.get(myKey)): null

27-02-2025T17:40:10 - [TEST_STEP][PASSED] - actualText = get(myKey).replace(""", ""): null

27-02-2025T17:40:10 - [TEST_STEP][PASSED] - actualText = actualText.trim(): null

27-02-2025T17:40:10 - [TEST_STEP][PASSED] - println(myKey + ":" + actualText): null

27-02-2025T17:40:10 - [TEST_STEP][PASSED] - if (actualText != myText): null

27-02-2025T17:40:10 - [TEST_STEP][PASSED] - println(it): null

27-02-2025T17:40:10 - [TEST_STEP][PASSED] - myKey = key: null

27-02-2025T17:40:10 - [TEST_STEP][PASSED] - myText = value.replace(""", ""): null

27-02-2025T17:40:10 - [TEST_STEP][PASSED] - myText = myText.trim(): null

27-02-2025T17:40:10 - [TEST_STEP][PASSED] - println(myKey): null

27-02-2025T17:40:10 - [TEST_STEP][PASSED] - println(myText): null

27-02-2025T17:40:10 - [TEST_STEP][PASSED] - println(tooltipTextMap.get(myKey)): null

27-02-2025T17:40:10 - [TEST_STEP][PASSED] - actualText = get(myKey).replace(""", ""): null

27-02-2025T17:40:10 - [TEST_STEP][PASSED] - actualText = actualText.trim(): null

27-02-2025T17:40:10 - [TEST_STEP][PASSED] - println(myKey + ":" + actualText): null

27-02-2025T17:40:10 - [TEST_STEP][PASSED] - if (actualText != myText): null

27-02-2025T17:40:10 - [MESSAGE][PASSED] - Call Test Case 'Test Cases/_Functions/Test Tooltips' successfully

27-02-2025T17:40:10 - [TEST_STEP][PASSED] - outText = "Verifying the required field messages.
": null

27-02-2025T17:40:10 - [TEST_STEP][PASSED] - outFile.append(outText): null

27-02-2025T17:40:10 - [TEST_STEP][PASSED] - fieldList = []: null

27-02-2025T17:40:10 - [TEST_STEP][PASSED] - requiredFieldMsgs.each({ -> ... }): null

27-02-2025T17:40:10 - [TEST_STEP][PASSED] - callTestCase(findTestCase("_Functions/Test Field Error Messages"), ["varFieldList":fieldList, "varRequiredFieldMsgs":requiredFieldMsgs], STOP_ON_FAILURE): Call Test Case 'Test Cases/_Functions/Test Field Error Messages' successfully

27-02-2025T17:40:10 - [TEST_CASE][PASSED] - Test Cases/_Functions/Test Field Error Messages: Test Cases/_Functions/Test Field Error Messages

27-02-2025T17:40:10 - [TEST_STEP][PASSED] - count = callTestCase(findTestCase("_Functions/Find error messages"), ["varFunction":"count"], STOP_ON_FAILURE): Call Test Case 'Test Cases/_Functions/Find error messages' successfully

27-02-2025T17:40:10 - [TEST_CASE][PASSED] - Test Cases/_Functions/Find error messages: Test Cases/_Functions/Find error messages

27-02-2025T17:40:10 - [TEST_STEP][PASSED] - function = "count": null

27-02-2025T17:40:10 - [TEST_STEP][PASSED] - if (binding.hasVariable("varFunction")): null

27-02-2025T17:40:10 - [TEST_STEP][PASSED] - function = varFunction: null

27-02-2025T17:40:10 - [TEST_STEP][PASSED] - title = getWindowTitle(): Current window's title is: 'Journey'

27-02-2025T17:40:10 - [MESSAGE][PASSED] - Current window's title is: 'Journey'

27-02-2025T17:40:10 - [TEST_STEP][PASSED] - println("Page title is " + title): null

27-02-2025T17:40:10 - [TEST_STEP][PASSED] - driver = getWebDriver(): null

27-02-2025T17:40:10 - [TEST_STEP][PASSED] - elements = driver.findElements(By.xpath("//div[@class='col-sm-offset-3 col-sm-9 text-danger']")): null

27-02-2025T17:40:10 - [TEST_STEP][PASSED] - if (function == "count"): null

27-02-2025T17:40:10 - [TEST_STEP][PASSED] - return elements.size(): null

27-02-2025T17:40:10 - [MESSAGE][PASSED] - Call Test Case 'Test Cases/_Functions/Find error messages' successfully

27-02-2025T17:40:10 - [TEST_STEP][PASSED] - outFile = outFile: null

27-02-2025T17:40:10 - [TEST_STEP][PASSED] - if (count == 0): null

27-02-2025T17:40:10 - [TEST_STEP][PASSED] - else: Delayed 0 second(s)

27-02-2025T17:40:10 - [TEST_STEP][PASSED] - fieldList = varFieldList: null

27-02-2025T17:40:10 - [TEST_STEP][PASSED] - requiredFieldMsgs = varRequiredFieldMsgs: null

27-02-2025T17:40:10 - [TEST_STEP][PASSED] - outText = "Verifying error messages for fields " + fieldList: null

27-02-2025T17:40:10 - [TEST_STEP][PASSED] - for (def field : fieldList): null

27-02-2025T17:40:10 - [TEST_STEP][PASSED] - errorMsg = requiredFieldMsgs.get(field): null

27-02-2025T17:40:10 - [TEST_STEP][PASSED] - msg = verifyTextPresent(errorMsg, false, OPTIONAL): Text 'The time commitments field is required.' is present on page 

27-02-2025T17:40:10 - [MESSAGE][PASSED] - Text 'The time commitments field is required.' is present on page 

27-02-2025T17:40:10 - [TEST_STEP][PASSED] - println(field + ":" + msg): null

27-02-2025T17:40:10 - [TEST_STEP][PASSED] - if (!(msg)): null

27-02-2025T17:40:10 - [TEST_STEP][PASSED] - errorMsg = requiredFieldMsgs.get(field): null

27-02-2025T17:40:10 - [TEST_STEP][PASSED] - msg = verifyTextPresent(errorMsg, false, OPTIONAL): Text 'The available start options field is required.' is present on page 

27-02-2025T17:40:10 - [MESSAGE][PASSED] - Text 'The available start options field is required.' is present on page 

27-02-2025T17:40:10 - [TEST_STEP][PASSED] - println(field + ":" + msg): null

27-02-2025T17:40:10 - [TEST_STEP][PASSED] - if (!(msg)): null

27-02-2025T17:40:10 - [TEST_STEP][PASSED] - errorMsg = requiredFieldMsgs.get(field): null

27-02-2025T17:40:10 - [TEST_STEP][PASSED] - msg = verifyTextPresent(errorMsg, false, OPTIONAL): Text 'The time availability field is required.' is present on page 

27-02-2025T17:40:10 - [MESSAGE][PASSED] - Text 'The time availability field is required.' is present on page 

27-02-2025T17:40:10 - [TEST_STEP][PASSED] - println(field + ":" + msg): null

27-02-2025T17:40:10 - [TEST_STEP][PASSED] - if (!(msg)): null

27-02-2025T17:40:10 - [TEST_STEP][PASSED] - errorMsg = requiredFieldMsgs.get(field): null

27-02-2025T17:40:10 - [TEST_STEP][PASSED] - msg = verifyTextPresent(errorMsg, false, OPTIONAL): Text 'The regions of the world field is required.' is present on page 

27-02-2025T17:40:10 - [MESSAGE][PASSED] - Text 'The regions of the world field is required.' is present on page 

27-02-2025T17:40:10 - [TEST_STEP][PASSED] - println(field + ":" + msg): null

27-02-2025T17:40:10 - [TEST_STEP][PASSED] - if (!(msg)): null

27-02-2025T17:40:10 - [TEST_STEP][PASSED] - errorMsg = requiredFieldMsgs.get(field): null

27-02-2025T17:40:10 - [TEST_STEP][PASSED] - msg = verifyTextPresent(errorMsg, false, OPTIONAL): Text 'The languages field is required.' is present on page 

27-02-2025T17:40:11 - [MESSAGE][PASSED] - Text 'The languages field is required.' is present on page 

27-02-2025T17:40:11 - [TEST_STEP][PASSED] - println(field + ":" + msg): null

27-02-2025T17:40:11 - [TEST_STEP][PASSED] - if (!(msg)): null

27-02-2025T17:40:11 - [TEST_STEP][PASSED] - delay(fieldTestDelay): Delayed 0 second(s)

27-02-2025T17:40:11 - [MESSAGE][PASSED] - Delayed 0 second(s)

27-02-2025T17:40:11 - [MESSAGE][PASSED] - Call Test Case 'Test Cases/_Functions/Test Field Error Messages' successfully

27-02-2025T17:40:11 - [TEST_STEP][PASSED] - callTestCase(findTestCase("_Functions/Click on Group Elements"), ["varXpaths":xpaths, "varParms":parms], STOP_ON_FAILURE): Call Test Case 'Test Cases/_Functions/Click on Group Elements' successfully

27-02-2025T17:40:11 - [TEST_CASE][PASSED] - Test Cases/_Functions/Click on Group Elements: Test Cases/_Functions/Click on Group Elements

27-02-2025T17:40:11 - [TEST_STEP][PASSED] - debug = false: null

27-02-2025T17:40:11 - [TEST_STEP][PASSED] - toggle = true: null

27-02-2025T17:40:11 - [TEST_STEP][PASSED] - frame = new javax.swing.JFrame(): null

27-02-2025T17:40:11 - [TEST_STEP][PASSED] - p = new javax.swing.JPanel(): null

27-02-2025T17:40:11 - [TEST_STEP][PASSED] - l = new javax.swing.JLabel(Making user selections..., javax.swing.SwingConstants.CENTER): null

27-02-2025T17:40:11 - [TEST_STEP][PASSED] - frame.add(l): null

27-02-2025T17:40:11 - [TEST_STEP][PASSED] - frame.setSize(300, 100): null

27-02-2025T17:40:11 - [TEST_STEP][PASSED] - frame.setLocation(600, 0): null

27-02-2025T17:40:11 - [TEST_STEP][PASSED] - frame.setAlwaysOnTop(true): null

27-02-2025T17:40:11 - [TEST_STEP][PASSED] - frame.show(): null

27-02-2025T17:40:11 - [TEST_STEP][PASSED] - driver = getWebDriver(): null

27-02-2025T17:40:11 - [TEST_STEP][PASSED] - println(varParms): null

27-02-2025T17:40:11 - [TEST_STEP][PASSED] - for ([i = 0, i < varXpaths.size(), (i++)]): null

27-02-2025T17:40:11 - [TEST_STEP][PASSED] - if (debug): null

27-02-2025T17:40:11 - [TEST_STEP][PASSED] - if (varParms[i].indexOf("Europe") >= 0): null

27-02-2025T17:40:11 - [TEST_STEP][PASSED] - elements = driver.findElements(By.xpath(varXpaths[i])): null

27-02-2025T17:40:11 - [TEST_STEP][PASSED] - element_count = elements.size(): null

27-02-2025T17:40:11 - [TEST_STEP][PASSED] - for (def element : elements): null

27-02-2025T17:40:11 - [TEST_STEP][PASSED] - myValue = element.getAttribute("value"): null

27-02-2025T17:40:11 - [TEST_STEP][PASSED] - if (debug): null

27-02-2025T17:40:11 - [TEST_STEP][PASSED] - if (myValue.length() >= 4): null

27-02-2025T17:40:11 - [TEST_STEP][PASSED] - if (myValue.substring(0, 4) == "(!) "): null

27-02-2025T17:40:11 - [TEST_STEP][PASSED] - myType = element.getAttribute("type"): null

27-02-2025T17:40:11 - [TEST_STEP][PASSED] - if (myValue in varParms[i]): null

27-02-2025T17:40:11 - [TEST_STEP][PASSED] - else: null

27-02-2025T17:40:11 - [TEST_STEP][PASSED] - inList = false: null

27-02-2025T17:40:11 - [TEST_STEP][PASSED] - if (myType == "checkbox"): null

27-02-2025T17:40:11 - [TEST_STEP][PASSED] - myStatus = element.isSelected(): null

27-02-2025T17:40:11 - [TEST_STEP][PASSED] - if (debug): null

27-02-2025T17:40:11 - [TEST_STEP][PASSED] - if (toggle && myStatus && inList): null

27-02-2025T17:40:11 - [TEST_STEP][PASSED] - if (!(myStatus) && inList || myStatus && !(inList)): null

27-02-2025T17:40:11 - [TEST_STEP][PASSED] - myValue = element.getAttribute("value"): null

27-02-2025T17:40:11 - [TEST_STEP][PASSED] - if (debug): null

27-02-2025T17:40:11 - [TEST_STEP][PASSED] - if (myValue.length() >= 4): null

27-02-2025T17:40:11 - [TEST_STEP][PASSED] - if (myValue.substring(0, 4) == "(!) "): null

27-02-2025T17:40:11 - [TEST_STEP][PASSED] - myType = element.getAttribute("type"): null

27-02-2025T17:40:11 - [TEST_STEP][PASSED] - if (myValue in varParms[i]): null

27-02-2025T17:40:11 - [TEST_STEP][PASSED] - else: null

27-02-2025T17:40:11 - [TEST_STEP][PASSED] - inList = false: null

27-02-2025T17:40:11 - [TEST_STEP][PASSED] - if (myType == "checkbox"): null

27-02-2025T17:40:11 - [TEST_STEP][PASSED] - myStatus = element.isSelected(): null

27-02-2025T17:40:11 - [TEST_STEP][PASSED] - if (debug): null

27-02-2025T17:40:11 - [TEST_STEP][PASSED] - if (toggle && myStatus && inList): null

27-02-2025T17:40:11 - [TEST_STEP][PASSED] - if (!(myStatus) && inList || myStatus && !(inList)): null

27-02-2025T17:40:11 - [TEST_STEP][PASSED] - myValue = element.getAttribute("value"): null

27-02-2025T17:40:11 - [TEST_STEP][PASSED] - if (debug): null

27-02-2025T17:40:11 - [TEST_STEP][PASSED] - if (myValue.length() >= 4): null

27-02-2025T17:40:11 - [TEST_STEP][PASSED] - if (myValue.substring(0, 4) == "(!) "): null

27-02-2025T17:40:11 - [TEST_STEP][PASSED] - myType = element.getAttribute("type"): null

27-02-2025T17:40:11 - [TEST_STEP][PASSED] - if (myValue in varParms[i]): null

27-02-2025T17:40:11 - [TEST_STEP][PASSED] - inList = true: null

27-02-2025T17:40:11 - [TEST_STEP][PASSED] - if (myType == "checkbox"): null

27-02-2025T17:40:11 - [TEST_STEP][PASSED] - myStatus = element.isSelected(): null

27-02-2025T17:40:11 - [TEST_STEP][PASSED] - if (debug): null

27-02-2025T17:40:11 - [TEST_STEP][PASSED] - if (toggle && myStatus && inList): null

27-02-2025T17:40:11 - [TEST_STEP][PASSED] - if (!(myStatus) && inList || myStatus && !(inList)): null

27-02-2025T17:40:11 - [TEST_STEP][PASSED] - if (debug): null

27-02-2025T17:40:11 - [TEST_STEP][PASSED] - println("Clicking " + myValue): null

27-02-2025T17:40:11 - [TEST_STEP][PASSED] - click(element): null

27-02-2025T17:40:11 - [TEST_STEP][PASSED] - scrollToObject(elem): null

27-02-2025T17:40:11 - [TEST_STEP][PASSED] - loc = element.getLocation(): null

27-02-2025T17:40:11 - [TEST_STEP][PASSED] - if (debug): null

27-02-2025T17:40:11 - [TEST_STEP][PASSED] - y = loc.getY(): null

27-02-2025T17:40:11 - [TEST_STEP][PASSED] - println("Y location is " + y): null

27-02-2025T17:40:11 - [TEST_STEP][PASSED] - top = getViewportTopPosition(): Current viewport's top (y) position is 1429

27-02-2025T17:40:11 - [MESSAGE][PASSED] - Current viewport's top (y) position is 1429

27-02-2025T17:40:11 - [TEST_STEP][PASSED] - println("Viewport top is " + top): null

27-02-2025T17:40:11 - [TEST_STEP][PASSED] - bottom = top + 600: null

27-02-2025T17:40:11 - [TEST_STEP][PASSED] - if (y - top < 150 || bottom - y < 10): Delayed 1 second(s)

27-02-2025T17:40:11 - [TEST_STEP][PASSED] - scrollToPosition(0, y - 150): Browser is scrolled to position x = 0, y = 305

27-02-2025T17:40:11 - [MESSAGE][PASSED] - Browser is scrolled to position x = 0, y = 305

27-02-2025T17:40:11 - [TEST_STEP][PASSED] - delay(1): Delayed 1 second(s)

27-02-2025T17:40:12 - [MESSAGE][PASSED] - Delayed 1 second(s)

27-02-2025T17:40:12 - [TEST_STEP][PASSED] - elem.click(): null

27-02-2025T17:40:12 - [TEST_STEP][PASSED] - myValue = element.getAttribute("value"): null

27-02-2025T17:40:12 - [TEST_STEP][PASSED] - if (debug): null

27-02-2025T17:40:12 - [TEST_STEP][PASSED] - if (myValue.length() >= 4): null

27-02-2025T17:40:12 - [TEST_STEP][PASSED] - if (myValue.substring(0, 4) == "(!) "): null

27-02-2025T17:40:12 - [TEST_STEP][PASSED] - myType = element.getAttribute("type"): null

27-02-2025T17:40:12 - [TEST_STEP][PASSED] - if (myValue in varParms[i]): null

27-02-2025T17:40:12 - [TEST_STEP][PASSED] - inList = true: null

27-02-2025T17:40:12 - [TEST_STEP][PASSED] - if (myType == "checkbox"): null

27-02-2025T17:40:12 - [TEST_STEP][PASSED] - myStatus = element.isSelected(): null

27-02-2025T17:40:12 - [TEST_STEP][PASSED] - if (debug): null

27-02-2025T17:40:12 - [TEST_STEP][PASSED] - if (toggle && myStatus && inList): null

27-02-2025T17:40:12 - [TEST_STEP][PASSED] - if (!(myStatus) && inList || myStatus && !(inList)): null

27-02-2025T17:40:12 - [TEST_STEP][PASSED] - if (debug): null

27-02-2025T17:40:12 - [TEST_STEP][PASSED] - println("Clicking " + myValue): null

27-02-2025T17:40:12 - [TEST_STEP][PASSED] - click(element): null

27-02-2025T17:40:12 - [TEST_STEP][PASSED] - scrollToObject(elem): null

27-02-2025T17:40:12 - [TEST_STEP][PASSED] - loc = element.getLocation(): null

27-02-2025T17:40:12 - [TEST_STEP][PASSED] - if (debug): null

27-02-2025T17:40:12 - [TEST_STEP][PASSED] - y = loc.getY(): null

27-02-2025T17:40:12 - [TEST_STEP][PASSED] - println("Y location is " + y): null

27-02-2025T17:40:12 - [TEST_STEP][PASSED] - top = getViewportTopPosition(): Current viewport's top (y) position is 305

27-02-2025T17:40:12 - [MESSAGE][PASSED] - Current viewport's top (y) position is 305

27-02-2025T17:40:12 - [TEST_STEP][PASSED] - println("Viewport top is " + top): null

27-02-2025T17:40:12 - [TEST_STEP][PASSED] - bottom = top + 600: null

27-02-2025T17:40:12 - [TEST_STEP][PASSED] - if (y - top < 150 || bottom - y < 10): Delayed 1 second(s)

27-02-2025T17:40:12 - [TEST_STEP][PASSED] - scrollToPosition(0, y - 150): Browser is scrolled to position x = 0, y = 273

27-02-2025T17:40:12 - [MESSAGE][PASSED] - Browser is scrolled to position x = 0, y = 273

27-02-2025T17:40:12 - [TEST_STEP][PASSED] - delay(1): Delayed 1 second(s)

27-02-2025T17:40:13 - [MESSAGE][PASSED] - Delayed 1 second(s)

27-02-2025T17:40:13 - [TEST_STEP][PASSED] - elem.click(): null

27-02-2025T17:40:13 - [TEST_STEP][PASSED] - myValue = element.getAttribute("value"): null

27-02-2025T17:40:13 - [TEST_STEP][PASSED] - if (debug): null

27-02-2025T17:40:13 - [TEST_STEP][PASSED] - if (myValue.length() >= 4): null

27-02-2025T17:40:13 - [TEST_STEP][PASSED] - if (myValue.substring(0, 4) == "(!) "): null

27-02-2025T17:40:13 - [TEST_STEP][PASSED] - myType = element.getAttribute("type"): null

27-02-2025T17:40:13 - [TEST_STEP][PASSED] - if (myValue in varParms[i]): null

27-02-2025T17:40:13 - [TEST_STEP][PASSED] - else: null

27-02-2025T17:40:13 - [TEST_STEP][PASSED] - inList = false: null

27-02-2025T17:40:13 - [TEST_STEP][PASSED] - if (myType == "checkbox"): null

27-02-2025T17:40:13 - [TEST_STEP][PASSED] - myStatus = element.isSelected(): null

27-02-2025T17:40:13 - [TEST_STEP][PASSED] - if (debug): null

27-02-2025T17:40:13 - [TEST_STEP][PASSED] - if (toggle && myStatus && inList): null

27-02-2025T17:40:13 - [TEST_STEP][PASSED] - if (!(myStatus) && inList || myStatus && !(inList)): null

27-02-2025T17:40:13 - [TEST_STEP][PASSED] - myValue = element.getAttribute("value"): null

27-02-2025T17:40:13 - [TEST_STEP][PASSED] - if (debug): null

27-02-2025T17:40:13 - [TEST_STEP][PASSED] - if (myValue.length() >= 4): null

27-02-2025T17:40:13 - [TEST_STEP][PASSED] - if (myValue.substring(0, 4) == "(!) "): null

27-02-2025T17:40:13 - [TEST_STEP][PASSED] - myValue = myValue.substring(4): null

27-02-2025T17:40:13 - [TEST_STEP][PASSED] - if (debug): null

27-02-2025T17:40:13 - [TEST_STEP][PASSED] - myType = element.getAttribute("type"): null

27-02-2025T17:40:13 - [TEST_STEP][PASSED] - if (myValue in varParms[i]): null

27-02-2025T17:40:13 - [TEST_STEP][PASSED] - else: null

27-02-2025T17:40:13 - [TEST_STEP][PASSED] - inList = false: null

27-02-2025T17:40:13 - [TEST_STEP][PASSED] - if (myType == "checkbox"): null

27-02-2025T17:40:13 - [TEST_STEP][PASSED] - myStatus = element.isSelected(): null

27-02-2025T17:40:13 - [TEST_STEP][PASSED] - if (debug): null

27-02-2025T17:40:13 - [TEST_STEP][PASSED] - if (toggle && myStatus && inList): null

27-02-2025T17:40:13 - [TEST_STEP][PASSED] - if (!(myStatus) && inList || myStatus && !(inList)): null

27-02-2025T17:40:13 - [TEST_STEP][PASSED] - if (debug): null

27-02-2025T17:40:13 - [TEST_STEP][PASSED] - if (varParms[i].indexOf("Europe") >= 0): null

27-02-2025T17:40:13 - [TEST_STEP][PASSED] - elements = driver.findElements(By.xpath(varXpaths[i])): null

27-02-2025T17:40:13 - [TEST_STEP][PASSED] - element_count = elements.size(): null

27-02-2025T17:40:13 - [TEST_STEP][PASSED] - for (def element : elements): null

27-02-2025T17:40:13 - [TEST_STEP][PASSED] - myValue = element.getAttribute("value"): null

27-02-2025T17:40:13 - [TEST_STEP][PASSED] - if (debug): null

27-02-2025T17:40:13 - [TEST_STEP][PASSED] - if (myValue.length() >= 4): null

27-02-2025T17:40:13 - [TEST_STEP][PASSED] - if (myValue.substring(0, 4) == "(!) "): null

27-02-2025T17:40:13 - [TEST_STEP][PASSED] - myType = element.getAttribute("type"): null

27-02-2025T17:40:13 - [TEST_STEP][PASSED] - if (myValue in varParms[i]): null

27-02-2025T17:40:13 - [TEST_STEP][PASSED] - else: null

27-02-2025T17:40:13 - [TEST_STEP][PASSED] - inList = false: null

27-02-2025T17:40:13 - [TEST_STEP][PASSED] - if (myType == "checkbox"): null

27-02-2025T17:40:13 - [TEST_STEP][PASSED] - myStatus = element.isSelected(): null

27-02-2025T17:40:13 - [TEST_STEP][PASSED] - if (debug): null

27-02-2025T17:40:13 - [TEST_STEP][PASSED] - if (toggle && myStatus && inList): null

27-02-2025T17:40:13 - [TEST_STEP][PASSED] - if (!(myStatus) && inList || myStatus && !(inList)): null

27-02-2025T17:40:13 - [TEST_STEP][PASSED] - myValue = element.getAttribute("value"): null

27-02-2025T17:40:13 - [TEST_STEP][PASSED] - if (debug): null

27-02-2025T17:40:13 - [TEST_STEP][PASSED] - if (myValue.length() >= 4): null

27-02-2025T17:40:13 - [TEST_STEP][PASSED] - if (myValue.substring(0, 4) == "(!) "): null

27-02-2025T17:40:13 - [TEST_STEP][PASSED] - myType = element.getAttribute("type"): null

27-02-2025T17:40:13 - [TEST_STEP][PASSED] - if (myValue in varParms[i]): null

27-02-2025T17:40:13 - [TEST_STEP][PASSED] - else: null

27-02-2025T17:40:13 - [TEST_STEP][PASSED] - inList = false: null

27-02-2025T17:40:13 - [TEST_STEP][PASSED] - if (myType == "checkbox"): null

27-02-2025T17:40:13 - [TEST_STEP][PASSED] - myStatus = element.isSelected(): null

27-02-2025T17:40:13 - [TEST_STEP][PASSED] - if (debug): null

27-02-2025T17:40:13 - [TEST_STEP][PASSED] - if (toggle && myStatus && inList): null

27-02-2025T17:40:13 - [TEST_STEP][PASSED] - if (!(myStatus) && inList || myStatus && !(inList)): null

27-02-2025T17:40:13 - [TEST_STEP][PASSED] - myValue = element.getAttribute("value"): null

27-02-2025T17:40:13 - [TEST_STEP][PASSED] - if (debug): null

27-02-2025T17:40:13 - [TEST_STEP][PASSED] - if (myValue.length() >= 4): null

27-02-2025T17:40:13 - [TEST_STEP][PASSED] - if (myValue.substring(0, 4) == "(!) "): null

27-02-2025T17:40:13 - [TEST_STEP][PASSED] - myType = element.getAttribute("type"): null

27-02-2025T17:40:13 - [TEST_STEP][PASSED] - if (myValue in varParms[i]): null

27-02-2025T17:40:13 - [TEST_STEP][PASSED] - inList = true: null

27-02-2025T17:40:13 - [TEST_STEP][PASSED] - if (myType == "checkbox"): null

27-02-2025T17:40:13 - [TEST_STEP][PASSED] - myStatus = element.isSelected(): null

27-02-2025T17:40:13 - [TEST_STEP][PASSED] - if (debug): null

27-02-2025T17:40:13 - [TEST_STEP][PASSED] - if (toggle && myStatus && inList): null

27-02-2025T17:40:13 - [TEST_STEP][PASSED] - if (!(myStatus) && inList || myStatus && !(inList)): null

27-02-2025T17:40:13 - [TEST_STEP][PASSED] - if (debug): null

27-02-2025T17:40:13 - [TEST_STEP][PASSED] - println("Clicking " + myValue): null

27-02-2025T17:40:13 - [TEST_STEP][PASSED] - click(element): null

27-02-2025T17:40:13 - [TEST_STEP][PASSED] - scrollToObject(elem): null

27-02-2025T17:40:13 - [TEST_STEP][PASSED] - loc = element.getLocation(): null

27-02-2025T17:40:13 - [TEST_STEP][PASSED] - if (debug): null

27-02-2025T17:40:13 - [TEST_STEP][PASSED] - y = loc.getY(): null

27-02-2025T17:40:13 - [TEST_STEP][PASSED] - println("Y location is " + y): null

27-02-2025T17:40:13 - [TEST_STEP][PASSED] - top = getViewportTopPosition(): Current viewport's top (y) position is 273

27-02-2025T17:40:13 - [MESSAGE][PASSED] - Current viewport's top (y) position is 273

27-02-2025T17:40:13 - [TEST_STEP][PASSED] - println("Viewport top is " + top): null

27-02-2025T17:40:13 - [TEST_STEP][PASSED] - bottom = top + 600: null

27-02-2025T17:40:13 - [TEST_STEP][PASSED] - if (y - top < 150 || bottom - y < 10): null

27-02-2025T17:40:13 - [TEST_STEP][PASSED] - elem.click(): null

27-02-2025T17:40:13 - [TEST_STEP][PASSED] - myValue = element.getAttribute("value"): null

27-02-2025T17:40:13 - [TEST_STEP][PASSED] - if (debug): null

27-02-2025T17:40:13 - [TEST_STEP][PASSED] - if (myValue.length() >= 4): null

27-02-2025T17:40:13 - [TEST_STEP][PASSED] - if (myValue.substring(0, 4) == "(!) "): null

27-02-2025T17:40:13 - [TEST_STEP][PASSED] - myType = element.getAttribute("type"): null

27-02-2025T17:40:13 - [TEST_STEP][PASSED] - if (myValue in varParms[i]): null

27-02-2025T17:40:13 - [TEST_STEP][PASSED] - else: null

27-02-2025T17:40:13 - [TEST_STEP][PASSED] - inList = false: null

27-02-2025T17:40:13 - [TEST_STEP][PASSED] - if (myType == "checkbox"): null

27-02-2025T17:40:13 - [TEST_STEP][PASSED] - myStatus = element.isSelected(): null

27-02-2025T17:40:13 - [TEST_STEP][PASSED] - if (debug): null

27-02-2025T17:40:13 - [TEST_STEP][PASSED] - if (toggle && myStatus && inList): null

27-02-2025T17:40:13 - [TEST_STEP][PASSED] - if (!(myStatus) && inList || myStatus && !(inList)): null

27-02-2025T17:40:13 - [TEST_STEP][PASSED] - myValue = element.getAttribute("value"): null

27-02-2025T17:40:13 - [TEST_STEP][PASSED] - if (debug): null

27-02-2025T17:40:13 - [TEST_STEP][PASSED] - if (myValue.length() >= 4): null

27-02-2025T17:40:13 - [TEST_STEP][PASSED] - if (myValue.substring(0, 4) == "(!) "): null

27-02-2025T17:40:13 - [TEST_STEP][PASSED] - myValue = myValue.substring(4): null

27-02-2025T17:40:13 - [TEST_STEP][PASSED] - if (debug): null

27-02-2025T17:40:13 - [TEST_STEP][PASSED] - myType = element.getAttribute("type"): null

27-02-2025T17:40:13 - [TEST_STEP][PASSED] - if (myValue in varParms[i]): null

27-02-2025T17:40:13 - [TEST_STEP][PASSED] - else: null

27-02-2025T17:40:13 - [TEST_STEP][PASSED] - inList = false: null

27-02-2025T17:40:13 - [TEST_STEP][PASSED] - if (myType == "checkbox"): null

27-02-2025T17:40:13 - [TEST_STEP][PASSED] - myStatus = element.isSelected(): null

27-02-2025T17:40:13 - [TEST_STEP][PASSED] - if (debug): null

27-02-2025T17:40:13 - [TEST_STEP][PASSED] - if (toggle && myStatus && inList): null

27-02-2025T17:40:13 - [TEST_STEP][PASSED] - if (!(myStatus) && inList || myStatus && !(inList)): null

27-02-2025T17:40:13 - [TEST_STEP][PASSED] - if (debug): null

27-02-2025T17:40:13 - [TEST_STEP][PASSED] - if (varParms[i].indexOf("Europe") >= 0): null

27-02-2025T17:40:13 - [TEST_STEP][PASSED] - elements = driver.findElements(By.xpath(varXpaths[i])): null

27-02-2025T17:40:13 - [TEST_STEP][PASSED] - element_count = elements.size(): null

27-02-2025T17:40:13 - [TEST_STEP][PASSED] - for (def element : elements): null

27-02-2025T17:40:13 - [TEST_STEP][PASSED] - myValue = element.getAttribute("value"): null

27-02-2025T17:40:13 - [TEST_STEP][PASSED] - if (debug): null

27-02-2025T17:40:13 - [TEST_STEP][PASSED] - if (myValue.length() >= 4): null

27-02-2025T17:40:13 - [TEST_STEP][PASSED] - if (myValue.substring(0, 4) == "(!) "): null

27-02-2025T17:40:13 - [TEST_STEP][PASSED] - myType = element.getAttribute("type"): null

27-02-2025T17:40:13 - [TEST_STEP][PASSED] - if (myValue in varParms[i]): null

27-02-2025T17:40:13 - [TEST_STEP][PASSED] - else: null

27-02-2025T17:40:13 - [TEST_STEP][PASSED] - inList = false: null

27-02-2025T17:40:13 - [TEST_STEP][PASSED] - if (myType == "checkbox"): null

27-02-2025T17:40:13 - [TEST_STEP][PASSED] - myStatus = element.isSelected(): null

27-02-2025T17:40:13 - [TEST_STEP][PASSED] - if (debug): null

27-02-2025T17:40:13 - [TEST_STEP][PASSED] - if (toggle && myStatus && inList): null

27-02-2025T17:40:13 - [TEST_STEP][PASSED] - if (!(myStatus) && inList || myStatus && !(inList)): null

27-02-2025T17:40:13 - [TEST_STEP][PASSED] - myValue = element.getAttribute("value"): null

27-02-2025T17:40:13 - [TEST_STEP][PASSED] - if (debug): null

27-02-2025T17:40:13 - [TEST_STEP][PASSED] - if (myValue.length() >= 4): null

27-02-2025T17:40:13 - [TEST_STEP][PASSED] - if (myValue.substring(0, 4) == "(!) "): null

27-02-2025T17:40:13 - [TEST_STEP][PASSED] - myType = element.getAttribute("type"): null

27-02-2025T17:40:13 - [TEST_STEP][PASSED] - if (myValue in varParms[i]): null

27-02-2025T17:40:13 - [TEST_STEP][PASSED] - else: null

27-02-2025T17:40:13 - [TEST_STEP][PASSED] - inList = false: null

27-02-2025T17:40:13 - [TEST_STEP][PASSED] - if (myType == "checkbox"): null

27-02-2025T17:40:13 - [TEST_STEP][PASSED] - myStatus = element.isSelected(): null

27-02-2025T17:40:13 - [TEST_STEP][PASSED] - if (debug): null

27-02-2025T17:40:13 - [TEST_STEP][PASSED] - if (toggle && myStatus && inList): null

27-02-2025T17:40:13 - [TEST_STEP][PASSED] - if (!(myStatus) && inList || myStatus && !(inList)): null

27-02-2025T17:40:13 - [TEST_STEP][PASSED] - myValue = element.getAttribute("value"): null

27-02-2025T17:40:13 - [TEST_STEP][PASSED] - if (debug): null

27-02-2025T17:40:13 - [TEST_STEP][PASSED] - if (myValue.length() >= 4): null

27-02-2025T17:40:13 - [TEST_STEP][PASSED] - if (myValue.substring(0, 4) == "(!) "): null

27-02-2025T17:40:13 - [TEST_STEP][PASSED] - myType = element.getAttribute("type"): null

27-02-2025T17:40:13 - [TEST_STEP][PASSED] - if (myValue in varParms[i]): null

27-02-2025T17:40:13 - [TEST_STEP][PASSED] - inList = true: null

27-02-2025T17:40:13 - [TEST_STEP][PASSED] - if (myType == "checkbox"): null

27-02-2025T17:40:13 - [TEST_STEP][PASSED] - myStatus = element.isSelected(): null

27-02-2025T17:40:13 - [TEST_STEP][PASSED] - if (debug): null

27-02-2025T17:40:13 - [TEST_STEP][PASSED] - if (toggle && myStatus && inList): null

27-02-2025T17:40:13 - [TEST_STEP][PASSED] - if (!(myStatus) && inList || myStatus && !(inList)): null

27-02-2025T17:40:13 - [TEST_STEP][PASSED] - if (debug): null

27-02-2025T17:40:13 - [TEST_STEP][PASSED] - println("Clicking " + myValue): null

27-02-2025T17:40:13 - [TEST_STEP][PASSED] - click(element): null

27-02-2025T17:40:13 - [TEST_STEP][PASSED] - scrollToObject(elem): null

27-02-2025T17:40:13 - [TEST_STEP][PASSED] - loc = element.getLocation(): null

27-02-2025T17:40:13 - [TEST_STEP][PASSED] - if (debug): null

27-02-2025T17:40:13 - [TEST_STEP][PASSED] - y = loc.getY(): null

27-02-2025T17:40:13 - [TEST_STEP][PASSED] - println("Y location is " + y): null

27-02-2025T17:40:13 - [TEST_STEP][PASSED] - top = getViewportTopPosition(): Current viewport's top (y) position is 273

27-02-2025T17:40:13 - [MESSAGE][PASSED] - Current viewport's top (y) position is 273

27-02-2025T17:40:13 - [TEST_STEP][PASSED] - println("Viewport top is " + top): null

27-02-2025T17:40:13 - [TEST_STEP][PASSED] - bottom = top + 600: null

27-02-2025T17:40:13 - [TEST_STEP][PASSED] - if (y - top < 150 || bottom - y < 10): null

27-02-2025T17:40:13 - [TEST_STEP][PASSED] - elem.click(): null

27-02-2025T17:40:13 - [TEST_STEP][PASSED] - myValue = element.getAttribute("value"): null

27-02-2025T17:40:13 - [TEST_STEP][PASSED] - if (debug): null

27-02-2025T17:40:13 - [TEST_STEP][PASSED] - if (myValue.length() >= 4): null

27-02-2025T17:40:13 - [TEST_STEP][PASSED] - if (myValue.substring(0, 4) == "(!) "): null

27-02-2025T17:40:13 - [TEST_STEP][PASSED] - myType = element.getAttribute("type"): null

27-02-2025T17:40:13 - [TEST_STEP][PASSED] - if (myValue in varParms[i]): null

27-02-2025T17:40:13 - [TEST_STEP][PASSED] - else: null

27-02-2025T17:40:13 - [TEST_STEP][PASSED] - inList = false: null

27-02-2025T17:40:13 - [TEST_STEP][PASSED] - if (myType == "checkbox"): null

27-02-2025T17:40:13 - [TEST_STEP][PASSED] - myStatus = element.isSelected(): null

27-02-2025T17:40:13 - [TEST_STEP][PASSED] - if (debug): null

27-02-2025T17:40:13 - [TEST_STEP][PASSED] - if (toggle && myStatus && inList): null

27-02-2025T17:40:13 - [TEST_STEP][PASSED] - if (!(myStatus) && inList || myStatus && !(inList)): null

27-02-2025T17:40:13 - [TEST_STEP][PASSED] - if (debug): null

27-02-2025T17:40:13 - [TEST_STEP][PASSED] - if (varParms[i].indexOf("Europe") >= 0): null

27-02-2025T17:40:13 - [TEST_STEP][PASSED] - elements = driver.findElements(By.xpath(varXpaths[i])): null

27-02-2025T17:40:13 - [TEST_STEP][PASSED] - element_count = elements.size(): null

27-02-2025T17:40:13 - [TEST_STEP][PASSED] - for (def element : elements): null

27-02-2025T17:40:13 - [TEST_STEP][PASSED] - myValue = element.getAttribute("value"): null

27-02-2025T17:40:13 - [TEST_STEP][PASSED] - if (debug): null

27-02-2025T17:40:13 - [TEST_STEP][PASSED] - if (myValue.length() >= 4): null

27-02-2025T17:40:13 - [TEST_STEP][PASSED] - if (myValue.substring(0, 4) == "(!) "): null

27-02-2025T17:40:13 - [TEST_STEP][PASSED] - myType = element.getAttribute("type"): null

27-02-2025T17:40:13 - [TEST_STEP][PASSED] - if (myValue in varParms[i]): null

27-02-2025T17:40:13 - [TEST_STEP][PASSED] - else: null

27-02-2025T17:40:13 - [TEST_STEP][PASSED] - inList = false: null

27-02-2025T17:40:13 - [TEST_STEP][PASSED] - if (myType == "checkbox"): null

27-02-2025T17:40:13 - [TEST_STEP][PASSED] - myStatus = element.isSelected(): null

27-02-2025T17:40:13 - [TEST_STEP][PASSED] - if (debug): null

27-02-2025T17:40:13 - [TEST_STEP][PASSED] - if (toggle && myStatus && inList): null

27-02-2025T17:40:13 - [TEST_STEP][PASSED] - if (!(myStatus) && inList || myStatus && !(inList)): null

27-02-2025T17:40:13 - [TEST_STEP][PASSED] - myValue = element.getAttribute("value"): null

27-02-2025T17:40:13 - [TEST_STEP][PASSED] - if (debug): null

27-02-2025T17:40:13 - [TEST_STEP][PASSED] - if (myValue.length() >= 4): null

27-02-2025T17:40:13 - [TEST_STEP][PASSED] - if (myValue.substring(0, 4) == "(!) "): null

27-02-2025T17:40:13 - [TEST_STEP][PASSED] - myType = element.getAttribute("type"): null

27-02-2025T17:40:13 - [TEST_STEP][PASSED] - if (myValue in varParms[i]): null

27-02-2025T17:40:13 - [TEST_STEP][PASSED] - inList = true: null

27-02-2025T17:40:13 - [TEST_STEP][PASSED] - if (myType == "checkbox"): null

27-02-2025T17:40:13 - [TEST_STEP][PASSED] - myStatus = element.isSelected(): null

27-02-2025T17:40:13 - [TEST_STEP][PASSED] - if (debug): null

27-02-2025T17:40:13 - [TEST_STEP][PASSED] - if (toggle && myStatus && inList): null

27-02-2025T17:40:13 - [TEST_STEP][PASSED] - if (!(myStatus) && inList || myStatus && !(inList)): null

27-02-2025T17:40:13 - [TEST_STEP][PASSED] - if (debug): null

27-02-2025T17:40:13 - [TEST_STEP][PASSED] - println("Clicking " + myValue): null

27-02-2025T17:40:13 - [TEST_STEP][PASSED] - click(element): null

27-02-2025T17:40:13 - [TEST_STEP][PASSED] - scrollToObject(elem): null

27-02-2025T17:40:13 - [TEST_STEP][PASSED] - loc = element.getLocation(): null

27-02-2025T17:40:13 - [TEST_STEP][PASSED] - if (debug): null

27-02-2025T17:40:13 - [TEST_STEP][PASSED] - y = loc.getY(): null

27-02-2025T17:40:13 - [TEST_STEP][PASSED] - println("Y location is " + y): null

27-02-2025T17:40:13 - [TEST_STEP][PASSED] - top = getViewportTopPosition(): Current viewport's top (y) position is 273

27-02-2025T17:40:13 - [MESSAGE][PASSED] - Current viewport's top (y) position is 273

27-02-2025T17:40:13 - [TEST_STEP][PASSED] - println("Viewport top is " + top): null

27-02-2025T17:40:13 - [TEST_STEP][PASSED] - bottom = top + 600: null

27-02-2025T17:40:13 - [TEST_STEP][PASSED] - if (y - top < 150 || bottom - y < 10): null

27-02-2025T17:40:13 - [TEST_STEP][PASSED] - elem.click(): null

27-02-2025T17:40:13 - [TEST_STEP][PASSED] - myValue = element.getAttribute("value"): null

27-02-2025T17:40:13 - [TEST_STEP][PASSED] - if (debug): null

27-02-2025T17:40:13 - [TEST_STEP][PASSED] - if (myValue.length() >= 4): null

27-02-2025T17:40:13 - [TEST_STEP][PASSED] - if (myValue.substring(0, 4) == "(!) "): null

27-02-2025T17:40:13 - [TEST_STEP][PASSED] - myType = element.getAttribute("type"): null

27-02-2025T17:40:13 - [TEST_STEP][PASSED] - if (myValue in varParms[i]): null

27-02-2025T17:40:13 - [TEST_STEP][PASSED] - inList = true: null

27-02-2025T17:40:13 - [TEST_STEP][PASSED] - if (myType == "checkbox"): null

27-02-2025T17:40:13 - [TEST_STEP][PASSED] - myStatus = element.isSelected(): null

27-02-2025T17:40:13 - [TEST_STEP][PASSED] - if (debug): null

27-02-2025T17:40:13 - [TEST_STEP][PASSED] - if (toggle && myStatus && inList): null

27-02-2025T17:40:13 - [TEST_STEP][PASSED] - if (!(myStatus) && inList || myStatus && !(inList)): null

27-02-2025T17:40:13 - [TEST_STEP][PASSED] - if (debug): null

27-02-2025T17:40:13 - [TEST_STEP][PASSED] - println("Clicking " + myValue): null

27-02-2025T17:40:13 - [TEST_STEP][PASSED] - click(element): null

27-02-2025T17:40:13 - [TEST_STEP][PASSED] - scrollToObject(elem): null

27-02-2025T17:40:13 - [TEST_STEP][PASSED] - loc = element.getLocation(): null

27-02-2025T17:40:13 - [TEST_STEP][PASSED] - if (debug): null

27-02-2025T17:40:13 - [TEST_STEP][PASSED] - y = loc.getY(): null

27-02-2025T17:40:13 - [TEST_STEP][PASSED] - println("Y location is " + y): null

27-02-2025T17:40:13 - [TEST_STEP][PASSED] - top = getViewportTopPosition(): Current viewport's top (y) position is 273

27-02-2025T17:40:13 - [MESSAGE][PASSED] - Current viewport's top (y) position is 273

27-02-2025T17:40:13 - [TEST_STEP][PASSED] - println("Viewport top is " + top): null

27-02-2025T17:40:13 - [TEST_STEP][PASSED] - bottom = top + 600: null

27-02-2025T17:40:13 - [TEST_STEP][PASSED] - if (y - top < 150 || bottom - y < 10): null

27-02-2025T17:40:13 - [TEST_STEP][PASSED] - elem.click(): null

27-02-2025T17:40:13 - [TEST_STEP][PASSED] - myValue = element.getAttribute("value"): null

27-02-2025T17:40:13 - [TEST_STEP][PASSED] - if (debug): null

27-02-2025T17:40:13 - [TEST_STEP][PASSED] - if (myValue.length() >= 4): null

27-02-2025T17:40:13 - [TEST_STEP][PASSED] - if (myValue.substring(0, 4) == "(!) "): null

27-02-2025T17:40:13 - [TEST_STEP][PASSED] - myType = element.getAttribute("type"): null

27-02-2025T17:40:13 - [TEST_STEP][PASSED] - if (myValue in varParms[i]): null

27-02-2025T17:40:13 - [TEST_STEP][PASSED] - else: null

27-02-2025T17:40:13 - [TEST_STEP][PASSED] - inList = false: null

27-02-2025T17:40:13 - [TEST_STEP][PASSED] - if (myType == "checkbox"): null

27-02-2025T17:40:13 - [TEST_STEP][PASSED] - myStatus = element.isSelected(): null

27-02-2025T17:40:13 - [TEST_STEP][PASSED] - if (debug): null

27-02-2025T17:40:13 - [TEST_STEP][PASSED] - if (toggle && myStatus && inList): null

27-02-2025T17:40:13 - [TEST_STEP][PASSED] - if (!(myStatus) && inList || myStatus && !(inList)): null

27-02-2025T17:40:13 - [TEST_STEP][PASSED] - myValue = element.getAttribute("value"): null

27-02-2025T17:40:13 - [TEST_STEP][PASSED] - if (debug): null

27-02-2025T17:40:13 - [TEST_STEP][PASSED] - if (myValue.length() >= 4): null

27-02-2025T17:40:13 - [TEST_STEP][PASSED] - if (myValue.substring(0, 4) == "(!) "): null

27-02-2025T17:40:13 - [TEST_STEP][PASSED] - myType = element.getAttribute("type"): null

27-02-2025T17:40:13 - [TEST_STEP][PASSED] - if (myValue in varParms[i]): null

27-02-2025T17:40:13 - [TEST_STEP][PASSED] - inList = true: null

27-02-2025T17:40:13 - [TEST_STEP][PASSED] - if (myType == "checkbox"): null

27-02-2025T17:40:13 - [TEST_STEP][PASSED] - myStatus = element.isSelected(): null

27-02-2025T17:40:13 - [TEST_STEP][PASSED] - if (debug): null

27-02-2025T17:40:13 - [TEST_STEP][PASSED] - if (toggle && myStatus && inList): null

27-02-2025T17:40:13 - [TEST_STEP][PASSED] - if (!(myStatus) && inList || myStatus && !(inList)): null

27-02-2025T17:40:13 - [TEST_STEP][PASSED] - if (debug): null

27-02-2025T17:40:13 - [TEST_STEP][PASSED] - println("Clicking " + myValue): null

27-02-2025T17:40:13 - [TEST_STEP][PASSED] - click(element): null

27-02-2025T17:40:13 - [TEST_STEP][PASSED] - scrollToObject(elem): null

27-02-2025T17:40:13 - [TEST_STEP][PASSED] - loc = element.getLocation(): null

27-02-2025T17:40:13 - [TEST_STEP][PASSED] - if (debug): null

27-02-2025T17:40:13 - [TEST_STEP][PASSED] - y = loc.getY(): null

27-02-2025T17:40:13 - [TEST_STEP][PASSED] - println("Y location is " + y): null

27-02-2025T17:40:13 - [TEST_STEP][PASSED] - top = getViewportTopPosition(): Current viewport's top (y) position is 273

27-02-2025T17:40:13 - [MESSAGE][PASSED] - Current viewport's top (y) position is 273

27-02-2025T17:40:13 - [TEST_STEP][PASSED] - println("Viewport top is " + top): null

27-02-2025T17:40:13 - [TEST_STEP][PASSED] - bottom = top + 600: null

27-02-2025T17:40:13 - [TEST_STEP][PASSED] - if (y - top < 150 || bottom - y < 10): null

27-02-2025T17:40:13 - [TEST_STEP][PASSED] - elem.click(): null

27-02-2025T17:40:13 - [TEST_STEP][PASSED] - myValue = element.getAttribute("value"): null

27-02-2025T17:40:13 - [TEST_STEP][PASSED] - if (debug): null

27-02-2025T17:40:13 - [TEST_STEP][PASSED] - if (myValue.length() >= 4): null

27-02-2025T17:40:13 - [TEST_STEP][PASSED] - if (myValue.substring(0, 4) == "(!) "): null

27-02-2025T17:40:13 - [TEST_STEP][PASSED] - myValue = myValue.substring(4): null

27-02-2025T17:40:13 - [TEST_STEP][PASSED] - if (debug): null

27-02-2025T17:40:13 - [TEST_STEP][PASSED] - myType = element.getAttribute("type"): null

27-02-2025T17:40:13 - [TEST_STEP][PASSED] - if (myValue in varParms[i]): null

27-02-2025T17:40:13 - [TEST_STEP][PASSED] - else: null

27-02-2025T17:40:13 - [TEST_STEP][PASSED] - inList = false: null

27-02-2025T17:40:13 - [TEST_STEP][PASSED] - if (myType == "checkbox"): null

27-02-2025T17:40:13 - [TEST_STEP][PASSED] - myStatus = element.isSelected(): null

27-02-2025T17:40:13 - [TEST_STEP][PASSED] - if (debug): null

27-02-2025T17:40:13 - [TEST_STEP][PASSED] - if (toggle && myStatus && inList): null

27-02-2025T17:40:13 - [TEST_STEP][PASSED] - if (!(myStatus) && inList || myStatus && !(inList)): null

27-02-2025T17:40:13 - [TEST_STEP][PASSED] - if (debug): null

27-02-2025T17:40:13 - [TEST_STEP][PASSED] - if (varParms[i].indexOf("Europe") >= 0): null

27-02-2025T17:40:13 - [TEST_STEP][PASSED] - elements = driver.findElements(By.xpath(varXpaths[i])): null

27-02-2025T17:40:13 - [TEST_STEP][PASSED] - element_count = elements.size(): null

27-02-2025T17:40:13 - [TEST_STEP][PASSED] - for (def element : elements): null

27-02-2025T17:40:13 - [TEST_STEP][PASSED] - myValue = element.getAttribute("value"): null

27-02-2025T17:40:13 - [TEST_STEP][PASSED] - if (debug): null

27-02-2025T17:40:13 - [TEST_STEP][PASSED] - if (myValue.length() >= 4): null

27-02-2025T17:40:13 - [TEST_STEP][PASSED] - myType = element.getAttribute("type"): null

27-02-2025T17:40:13 - [TEST_STEP][PASSED] - if (myValue in varParms[i]): null

27-02-2025T17:40:13 - [TEST_STEP][PASSED] - inList = true: null

27-02-2025T17:40:13 - [TEST_STEP][PASSED] - if (myType == "checkbox"): null

27-02-2025T17:40:13 - [TEST_STEP][PASSED] - else: null

27-02-2025T17:40:13 - [TEST_STEP][PASSED] - if (inList): null

27-02-2025T17:40:13 - [TEST_STEP][PASSED] - click(element): null

27-02-2025T17:40:13 - [TEST_STEP][PASSED] - scrollToObject(elem): null

27-02-2025T17:40:13 - [TEST_STEP][PASSED] - loc = element.getLocation(): null

27-02-2025T17:40:13 - [TEST_STEP][PASSED] - if (debug): null

27-02-2025T17:40:13 - [TEST_STEP][PASSED] - y = loc.getY(): null

27-02-2025T17:40:13 - [TEST_STEP][PASSED] - println("Y location is " + y): null

27-02-2025T17:40:13 - [TEST_STEP][PASSED] - top = getViewportTopPosition(): Current viewport's top (y) position is 273

27-02-2025T17:40:13 - [MESSAGE][PASSED] - Current viewport's top (y) position is 273

27-02-2025T17:40:13 - [TEST_STEP][PASSED] - println("Viewport top is " + top): null

27-02-2025T17:40:13 - [TEST_STEP][PASSED] - bottom = top + 600: null

27-02-2025T17:40:13 - [TEST_STEP][PASSED] - if (y - top < 150 || bottom - y < 10): null

27-02-2025T17:40:13 - [TEST_STEP][PASSED] - elem.click(): null

27-02-2025T17:40:13 - [TEST_STEP][PASSED] - myValue = element.getAttribute("value"): null

27-02-2025T17:40:13 - [TEST_STEP][PASSED] - if (debug): null

27-02-2025T17:40:13 - [TEST_STEP][PASSED] - if (myValue.length() >= 4): null

27-02-2025T17:40:13 - [TEST_STEP][PASSED] - myType = element.getAttribute("type"): null

27-02-2025T17:40:13 - [TEST_STEP][PASSED] - if (myValue in varParms[i]): null

27-02-2025T17:40:13 - [TEST_STEP][PASSED] - else: null

27-02-2025T17:40:13 - [TEST_STEP][PASSED] - inList = false: null

27-02-2025T17:40:13 - [TEST_STEP][PASSED] - if (myType == "checkbox"): null

27-02-2025T17:40:13 - [TEST_STEP][PASSED] - else: null

27-02-2025T17:40:13 - [TEST_STEP][PASSED] - if (inList): null

27-02-2025T17:40:13 - [TEST_STEP][PASSED] - if (debug): null

27-02-2025T17:40:13 - [TEST_STEP][PASSED] - if (varParms[i].indexOf("Europe") >= 0): null

27-02-2025T17:40:13 - [TEST_STEP][PASSED] - elements = driver.findElements(By.xpath(varXpaths[i])): null

27-02-2025T17:40:13 - [TEST_STEP][PASSED] - element_count = elements.size(): null

27-02-2025T17:40:13 - [TEST_STEP][PASSED] - for (def element : elements): null

27-02-2025T17:40:13 - [TEST_STEP][PASSED] - myValue = element.getAttribute("value"): null

27-02-2025T17:40:13 - [TEST_STEP][PASSED] - if (debug): null

27-02-2025T17:40:13 - [TEST_STEP][PASSED] - if (myValue.length() >= 4): null

27-02-2025T17:40:13 - [TEST_STEP][PASSED] - myType = element.getAttribute("type"): null

27-02-2025T17:40:13 - [TEST_STEP][PASSED] - if (myValue in varParms[i]): null

27-02-2025T17:40:13 - [TEST_STEP][PASSED] - inList = true: null

27-02-2025T17:40:13 - [TEST_STEP][PASSED] - if (myType == "checkbox"): null

27-02-2025T17:40:13 - [TEST_STEP][PASSED] - else: null

27-02-2025T17:40:13 - [TEST_STEP][PASSED] - if (inList): null

27-02-2025T17:40:13 - [TEST_STEP][PASSED] - click(element): null

27-02-2025T17:40:13 - [TEST_STEP][PASSED] - scrollToObject(elem): null

27-02-2025T17:40:13 - [TEST_STEP][PASSED] - loc = element.getLocation(): null

27-02-2025T17:40:13 - [TEST_STEP][PASSED] - if (debug): null

27-02-2025T17:40:13 - [TEST_STEP][PASSED] - y = loc.getY(): null

27-02-2025T17:40:13 - [TEST_STEP][PASSED] - println("Y location is " + y): null

27-02-2025T17:40:13 - [TEST_STEP][PASSED] - top = getViewportTopPosition(): Current viewport's top (y) position is 273

27-02-2025T17:40:13 - [MESSAGE][PASSED] - Current viewport's top (y) position is 273

27-02-2025T17:40:13 - [TEST_STEP][PASSED] - println("Viewport top is " + top): null

27-02-2025T17:40:13 - [TEST_STEP][PASSED] - bottom = top + 600: null

27-02-2025T17:40:13 - [TEST_STEP][PASSED] - if (y - top < 150 || bottom - y < 10): Delayed 1 second(s)

27-02-2025T17:40:13 - [TEST_STEP][PASSED] - scrollToPosition(0, y - 150): Browser is scrolled to position x = 0, y = 807

27-02-2025T17:40:13 - [MESSAGE][PASSED] - Browser is scrolled to position x = 0, y = 807

27-02-2025T17:40:13 - [TEST_STEP][PASSED] - delay(1): Delayed 1 second(s)

27-02-2025T17:40:14 - [MESSAGE][PASSED] - Delayed 1 second(s)

27-02-2025T17:40:14 - [TEST_STEP][PASSED] - elem.click(): null

27-02-2025T17:40:14 - [TEST_STEP][PASSED] - myValue = element.getAttribute("value"): null

27-02-2025T17:40:14 - [TEST_STEP][PASSED] - if (debug): null

27-02-2025T17:40:14 - [TEST_STEP][PASSED] - if (myValue.length() >= 4): null

27-02-2025T17:40:14 - [TEST_STEP][PASSED] - myType = element.getAttribute("type"): null

27-02-2025T17:40:14 - [TEST_STEP][PASSED] - if (myValue in varParms[i]): null

27-02-2025T17:40:14 - [TEST_STEP][PASSED] - else: null

27-02-2025T17:40:14 - [TEST_STEP][PASSED] - inList = false: null

27-02-2025T17:40:14 - [TEST_STEP][PASSED] - if (myType == "checkbox"): null

27-02-2025T17:40:14 - [TEST_STEP][PASSED] - else: null

27-02-2025T17:40:14 - [TEST_STEP][PASSED] - if (inList): null

27-02-2025T17:40:14 - [TEST_STEP][PASSED] - if (debug): null

27-02-2025T17:40:14 - [TEST_STEP][PASSED] - if (varParms[i].indexOf("Europe") >= 0): null

27-02-2025T17:40:14 - [TEST_STEP][PASSED] - elements = driver.findElements(By.xpath(varXpaths[i])): null

27-02-2025T17:40:14 - [TEST_STEP][PASSED] - element_count = elements.size(): null

27-02-2025T17:40:14 - [TEST_STEP][PASSED] - for (def element : elements): null

27-02-2025T17:40:14 - [TEST_STEP][PASSED] - myValue = element.getAttribute("value"): null

27-02-2025T17:40:14 - [TEST_STEP][PASSED] - if (debug): null

27-02-2025T17:40:14 - [TEST_STEP][PASSED] - if (myValue.length() >= 4): null

27-02-2025T17:40:14 - [TEST_STEP][PASSED] - if (myValue.substring(0, 4) == "(!) "): null

27-02-2025T17:40:14 - [TEST_STEP][PASSED] - myType = element.getAttribute("type"): null

27-02-2025T17:40:14 - [TEST_STEP][PASSED] - if (myValue in varParms[i]): null

27-02-2025T17:40:14 - [TEST_STEP][PASSED] - else: null

27-02-2025T17:40:14 - [TEST_STEP][PASSED] - inList = false: null

27-02-2025T17:40:14 - [TEST_STEP][PASSED] - if (myType == "checkbox"): null

27-02-2025T17:40:14 - [TEST_STEP][PASSED] - myStatus = element.isSelected(): null

27-02-2025T17:40:14 - [TEST_STEP][PASSED] - if (debug): null

27-02-2025T17:40:14 - [TEST_STEP][PASSED] - if (toggle && myStatus && inList): null

27-02-2025T17:40:14 - [TEST_STEP][PASSED] - if (!(myStatus) && inList || myStatus && !(inList)): null

27-02-2025T17:40:14 - [TEST_STEP][PASSED] - myValue = element.getAttribute("value"): null

27-02-2025T17:40:14 - [TEST_STEP][PASSED] - if (debug): null

27-02-2025T17:40:14 - [TEST_STEP][PASSED] - if (myValue.length() >= 4): null

27-02-2025T17:40:14 - [TEST_STEP][PASSED] - if (myValue.substring(0, 4) == "(!) "): null

27-02-2025T17:40:14 - [TEST_STEP][PASSED] - myType = element.getAttribute("type"): null

27-02-2025T17:40:14 - [TEST_STEP][PASSED] - if (myValue in varParms[i]): null

27-02-2025T17:40:14 - [TEST_STEP][PASSED] - else: null

27-02-2025T17:40:14 - [TEST_STEP][PASSED] - inList = false: null

27-02-2025T17:40:14 - [TEST_STEP][PASSED] - if (myType == "checkbox"): null

27-02-2025T17:40:14 - [TEST_STEP][PASSED] - myStatus = element.isSelected(): null

27-02-2025T17:40:14 - [TEST_STEP][PASSED] - if (debug): null

27-02-2025T17:40:14 - [TEST_STEP][PASSED] - if (toggle && myStatus && inList): null

27-02-2025T17:40:14 - [TEST_STEP][PASSED] - if (!(myStatus) && inList || myStatus && !(inList)): null

27-02-2025T17:40:14 - [TEST_STEP][PASSED] - myValue = element.getAttribute("value"): null

27-02-2025T17:40:14 - [TEST_STEP][PASSED] - if (debug): null

27-02-2025T17:40:14 - [TEST_STEP][PASSED] - if (myValue.length() >= 4): null

27-02-2025T17:40:14 - [TEST_STEP][PASSED] - if (myValue.substring(0, 4) == "(!) "): null

27-02-2025T17:40:14 - [TEST_STEP][PASSED] - myType = element.getAttribute("type"): null

27-02-2025T17:40:14 - [TEST_STEP][PASSED] - if (myValue in varParms[i]): null

27-02-2025T17:40:14 - [TEST_STEP][PASSED] - else: null

27-02-2025T17:40:14 - [TEST_STEP][PASSED] - inList = false: null

27-02-2025T17:40:14 - [TEST_STEP][PASSED] - if (myType == "checkbox"): null

27-02-2025T17:40:14 - [TEST_STEP][PASSED] - myStatus = element.isSelected(): null

27-02-2025T17:40:14 - [TEST_STEP][PASSED] - if (debug): null

27-02-2025T17:40:14 - [TEST_STEP][PASSED] - if (toggle && myStatus && inList): null

27-02-2025T17:40:14 - [TEST_STEP][PASSED] - if (!(myStatus) && inList || myStatus && !(inList)): null

27-02-2025T17:40:14 - [TEST_STEP][PASSED] - myValue = element.getAttribute("value"): null

27-02-2025T17:40:14 - [TEST_STEP][PASSED] - if (debug): null

27-02-2025T17:40:14 - [TEST_STEP][PASSED] - if (myValue.length() >= 4): null

27-02-2025T17:40:14 - [TEST_STEP][PASSED] - if (myValue.substring(0, 4) == "(!) "): null

27-02-2025T17:40:14 - [TEST_STEP][PASSED] - myType = element.getAttribute("type"): null

27-02-2025T17:40:14 - [TEST_STEP][PASSED] - if (myValue in varParms[i]): null

27-02-2025T17:40:14 - [TEST_STEP][PASSED] - else: null

27-02-2025T17:40:14 - [TEST_STEP][PASSED] - inList = false: null

27-02-2025T17:40:14 - [TEST_STEP][PASSED] - if (myType == "checkbox"): null

27-02-2025T17:40:14 - [TEST_STEP][PASSED] - myStatus = element.isSelected(): null

27-02-2025T17:40:14 - [TEST_STEP][PASSED] - if (debug): null

27-02-2025T17:40:14 - [TEST_STEP][PASSED] - if (toggle && myStatus && inList): null

27-02-2025T17:40:14 - [TEST_STEP][PASSED] - if (!(myStatus) && inList || myStatus && !(inList)): null

27-02-2025T17:40:14 - [TEST_STEP][PASSED] - myValue = element.getAttribute("value"): null

27-02-2025T17:40:14 - [TEST_STEP][PASSED] - if (debug): null

27-02-2025T17:40:14 - [TEST_STEP][PASSED] - if (myValue.length() >= 4): null

27-02-2025T17:40:14 - [TEST_STEP][PASSED] - if (myValue.substring(0, 4) == "(!) "): null

27-02-2025T17:40:14 - [TEST_STEP][PASSED] - myType = element.getAttribute("type"): null

27-02-2025T17:40:14 - [TEST_STEP][PASSED] - if (myValue in varParms[i]): null

27-02-2025T17:40:14 - [TEST_STEP][PASSED] - inList = true: null

27-02-2025T17:40:14 - [TEST_STEP][PASSED] - if (myType == "checkbox"): null

27-02-2025T17:40:14 - [TEST_STEP][PASSED] - myStatus = element.isSelected(): null

27-02-2025T17:40:14 - [TEST_STEP][PASSED] - if (debug): null

27-02-2025T17:40:14 - [TEST_STEP][PASSED] - if (toggle && myStatus && inList): null

27-02-2025T17:40:14 - [TEST_STEP][PASSED] - if (!(myStatus) && inList || myStatus && !(inList)): null

27-02-2025T17:40:14 - [TEST_STEP][PASSED] - if (debug): null

27-02-2025T17:40:14 - [TEST_STEP][PASSED] - println("Clicking " + myValue): null

27-02-2025T17:40:14 - [TEST_STEP][PASSED] - click(element): null

27-02-2025T17:40:14 - [TEST_STEP][PASSED] - scrollToObject(elem): null

27-02-2025T17:40:14 - [TEST_STEP][PASSED] - loc = element.getLocation(): null

27-02-2025T17:40:14 - [TEST_STEP][PASSED] - if (debug): null

27-02-2025T17:40:14 - [TEST_STEP][PASSED] - y = loc.getY(): null

27-02-2025T17:40:14 - [TEST_STEP][PASSED] - println("Y location is " + y): null

27-02-2025T17:40:14 - [TEST_STEP][PASSED] - top = getViewportTopPosition(): Current viewport's top (y) position is 807

27-02-2025T17:40:14 - [MESSAGE][PASSED] - Current viewport's top (y) position is 807

27-02-2025T17:40:14 - [TEST_STEP][PASSED] - println("Viewport top is " + top): null

27-02-2025T17:40:14 - [TEST_STEP][PASSED] - bottom = top + 600: null

27-02-2025T17:40:14 - [TEST_STEP][PASSED] - if (y - top < 150 || bottom - y < 10): Delayed 1 second(s)

27-02-2025T17:40:14 - [TEST_STEP][PASSED] - scrollToPosition(0, y - 150): Browser is scrolled to position x = 0, y = 1412

27-02-2025T17:40:14 - [MESSAGE][PASSED] - Browser is scrolled to position x = 0, y = 1412

27-02-2025T17:40:14 - [TEST_STEP][PASSED] - delay(1): Delayed 1 second(s)

27-02-2025T17:40:15 - [MESSAGE][PASSED] - Delayed 1 second(s)

27-02-2025T17:40:15 - [TEST_STEP][PASSED] - elem.click(): null

27-02-2025T17:40:15 - [TEST_STEP][PASSED] - myValue = element.getAttribute("value"): null

27-02-2025T17:40:15 - [TEST_STEP][PASSED] - if (debug): null

27-02-2025T17:40:15 - [TEST_STEP][PASSED] - if (myValue.length() >= 4): null

27-02-2025T17:40:15 - [TEST_STEP][PASSED] - if (myValue.substring(0, 4) == "(!) "): null

27-02-2025T17:40:15 - [TEST_STEP][PASSED] - myType = element.getAttribute("type"): null

27-02-2025T17:40:15 - [TEST_STEP][PASSED] - if (myValue in varParms[i]): null

27-02-2025T17:40:15 - [TEST_STEP][PASSED] - else: null

27-02-2025T17:40:15 - [TEST_STEP][PASSED] - inList = false: null

27-02-2025T17:40:15 - [TEST_STEP][PASSED] - if (myType == "checkbox"): null

27-02-2025T17:40:15 - [TEST_STEP][PASSED] - myStatus = element.isSelected(): null

27-02-2025T17:40:15 - [TEST_STEP][PASSED] - if (debug): null

27-02-2025T17:40:15 - [TEST_STEP][PASSED] - if (toggle && myStatus && inList): null

27-02-2025T17:40:15 - [TEST_STEP][PASSED] - if (!(myStatus) && inList || myStatus && !(inList)): null

27-02-2025T17:40:15 - [TEST_STEP][PASSED] - myValue = element.getAttribute("value"): null

27-02-2025T17:40:15 - [TEST_STEP][PASSED] - if (debug): null

27-02-2025T17:40:15 - [TEST_STEP][PASSED] - if (myValue.length() >= 4): null

27-02-2025T17:40:15 - [TEST_STEP][PASSED] - if (myValue.substring(0, 4) == "(!) "): null

27-02-2025T17:40:15 - [TEST_STEP][PASSED] - myType = element.getAttribute("type"): null

27-02-2025T17:40:15 - [TEST_STEP][PASSED] - if (myValue in varParms[i]): null

27-02-2025T17:40:15 - [TEST_STEP][PASSED] - else: null

27-02-2025T17:40:15 - [TEST_STEP][PASSED] - inList = false: null

27-02-2025T17:40:15 - [TEST_STEP][PASSED] - if (myType == "checkbox"): null

27-02-2025T17:40:15 - [TEST_STEP][PASSED] - myStatus = element.isSelected(): null

27-02-2025T17:40:15 - [TEST_STEP][PASSED] - if (debug): null

27-02-2025T17:40:15 - [TEST_STEP][PASSED] - if (toggle && myStatus && inList): null

27-02-2025T17:40:15 - [TEST_STEP][PASSED] - if (!(myStatus) && inList || myStatus && !(inList)): null

27-02-2025T17:40:15 - [TEST_STEP][PASSED] - myValue = element.getAttribute("value"): null

27-02-2025T17:40:15 - [TEST_STEP][PASSED] - if (debug): null

27-02-2025T17:40:15 - [TEST_STEP][PASSED] - if (myValue.length() >= 4): null

27-02-2025T17:40:15 - [TEST_STEP][PASSED] - if (myValue.substring(0, 4) == "(!) "): null

27-02-2025T17:40:15 - [TEST_STEP][PASSED] - myType = element.getAttribute("type"): null

27-02-2025T17:40:15 - [TEST_STEP][PASSED] - if (myValue in varParms[i]): null

27-02-2025T17:40:15 - [TEST_STEP][PASSED] - inList = true: null

27-02-2025T17:40:15 - [TEST_STEP][PASSED] - if (myType == "checkbox"): null

27-02-2025T17:40:15 - [TEST_STEP][PASSED] - myStatus = element.isSelected(): null

27-02-2025T17:40:15 - [TEST_STEP][PASSED] - if (debug): null

27-02-2025T17:40:15 - [TEST_STEP][PASSED] - if (toggle && myStatus && inList): null

27-02-2025T17:40:15 - [TEST_STEP][PASSED] - if (!(myStatus) && inList || myStatus && !(inList)): null

27-02-2025T17:40:15 - [TEST_STEP][PASSED] - if (debug): null

27-02-2025T17:40:15 - [TEST_STEP][PASSED] - println("Clicking " + myValue): null

27-02-2025T17:40:15 - [TEST_STEP][PASSED] - click(element): null

27-02-2025T17:40:15 - [TEST_STEP][PASSED] - scrollToObject(elem): null

27-02-2025T17:40:15 - [TEST_STEP][PASSED] - loc = element.getLocation(): null

27-02-2025T17:40:15 - [TEST_STEP][PASSED] - if (debug): null

27-02-2025T17:40:15 - [TEST_STEP][PASSED] - y = loc.getY(): null

27-02-2025T17:40:15 - [TEST_STEP][PASSED] - println("Y location is " + y): null

27-02-2025T17:40:15 - [TEST_STEP][PASSED] - top = getViewportTopPosition(): Current viewport's top (y) position is 1412

27-02-2025T17:40:15 - [MESSAGE][PASSED] - Current viewport's top (y) position is 1412

27-02-2025T17:40:15 - [TEST_STEP][PASSED] - println("Viewport top is " + top): null

27-02-2025T17:40:15 - [TEST_STEP][PASSED] - bottom = top + 600: null

27-02-2025T17:40:15 - [TEST_STEP][PASSED] - if (y - top < 150 || bottom - y < 10): Delayed 1 second(s)

27-02-2025T17:40:15 - [TEST_STEP][PASSED] - scrollToPosition(0, y - 150): Browser is scrolled to position x = 0, y = 1381

27-02-2025T17:40:15 - [MESSAGE][PASSED] - Browser is scrolled to position x = 0, y = 1381

27-02-2025T17:40:15 - [TEST_STEP][PASSED] - delay(1): Delayed 1 second(s)

27-02-2025T17:40:16 - [MESSAGE][PASSED] - Delayed 1 second(s)

27-02-2025T17:40:16 - [TEST_STEP][PASSED] - elem.click(): null

27-02-2025T17:40:16 - [TEST_STEP][PASSED] - myValue = element.getAttribute("value"): null

27-02-2025T17:40:16 - [TEST_STEP][PASSED] - if (debug): null

27-02-2025T17:40:16 - [TEST_STEP][PASSED] - if (myValue.length() >= 4): null

27-02-2025T17:40:16 - [TEST_STEP][PASSED] - if (myValue.substring(0, 4) == "(!) "): null

27-02-2025T17:40:16 - [TEST_STEP][PASSED] - myType = element.getAttribute("type"): null

27-02-2025T17:40:16 - [TEST_STEP][PASSED] - if (myValue in varParms[i]): null

27-02-2025T17:40:16 - [TEST_STEP][PASSED] - else: null

27-02-2025T17:40:16 - [TEST_STEP][PASSED] - inList = false: null

27-02-2025T17:40:16 - [TEST_STEP][PASSED] - if (myType == "checkbox"): null

27-02-2025T17:40:16 - [TEST_STEP][PASSED] - myStatus = element.isSelected(): null

27-02-2025T17:40:16 - [TEST_STEP][PASSED] - if (debug): null

27-02-2025T17:40:16 - [TEST_STEP][PASSED] - if (toggle && myStatus && inList): null

27-02-2025T17:40:16 - [TEST_STEP][PASSED] - if (!(myStatus) && inList || myStatus && !(inList)): null

27-02-2025T17:40:16 - [TEST_STEP][PASSED] - myValue = element.getAttribute("value"): null

27-02-2025T17:40:16 - [TEST_STEP][PASSED] - if (debug): null

27-02-2025T17:40:16 - [TEST_STEP][PASSED] - if (myValue.length() >= 4): null

27-02-2025T17:40:16 - [TEST_STEP][PASSED] - if (myValue.substring(0, 4) == "(!) "): null

27-02-2025T17:40:16 - [TEST_STEP][PASSED] - myType = element.getAttribute("type"): null

27-02-2025T17:40:16 - [TEST_STEP][PASSED] - if (myValue in varParms[i]): null

27-02-2025T17:40:16 - [TEST_STEP][PASSED] - inList = true: null

27-02-2025T17:40:16 - [TEST_STEP][PASSED] - if (myType == "checkbox"): null

27-02-2025T17:40:16 - [TEST_STEP][PASSED] - myStatus = element.isSelected(): null

27-02-2025T17:40:16 - [TEST_STEP][PASSED] - if (debug): null

27-02-2025T17:40:16 - [TEST_STEP][PASSED] - if (toggle && myStatus && inList): null

27-02-2025T17:40:16 - [TEST_STEP][PASSED] - if (!(myStatus) && inList || myStatus && !(inList)): null

27-02-2025T17:40:16 - [TEST_STEP][PASSED] - if (debug): null

27-02-2025T17:40:16 - [TEST_STEP][PASSED] - println("Clicking " + myValue): null

27-02-2025T17:40:16 - [TEST_STEP][PASSED] - click(element): null

27-02-2025T17:40:16 - [TEST_STEP][PASSED] - scrollToObject(elem): null

27-02-2025T17:40:16 - [TEST_STEP][PASSED] - loc = element.getLocation(): null

27-02-2025T17:40:16 - [TEST_STEP][PASSED] - if (debug): null

27-02-2025T17:40:16 - [TEST_STEP][PASSED] - y = loc.getY(): null

27-02-2025T17:40:16 - [TEST_STEP][PASSED] - println("Y location is " + y): null

27-02-2025T17:40:16 - [TEST_STEP][PASSED] - top = getViewportTopPosition(): Current viewport's top (y) position is 1381

27-02-2025T17:40:16 - [MESSAGE][PASSED] - Current viewport's top (y) position is 1381

27-02-2025T17:40:16 - [TEST_STEP][PASSED] - println("Viewport top is " + top): null

27-02-2025T17:40:16 - [TEST_STEP][PASSED] - bottom = top + 600: null

27-02-2025T17:40:16 - [TEST_STEP][PASSED] - if (y - top < 150 || bottom - y < 10): null

27-02-2025T17:40:16 - [TEST_STEP][PASSED] - elem.click(): null

27-02-2025T17:40:16 - [TEST_STEP][PASSED] - myValue = element.getAttribute("value"): null

27-02-2025T17:40:16 - [TEST_STEP][PASSED] - if (debug): null

27-02-2025T17:40:16 - [TEST_STEP][PASSED] - if (myValue.length() >= 4): null

27-02-2025T17:40:16 - [TEST_STEP][PASSED] - if (myValue.substring(0, 4) == "(!) "): null

27-02-2025T17:40:16 - [TEST_STEP][PASSED] - myType = element.getAttribute("type"): null

27-02-2025T17:40:16 - [TEST_STEP][PASSED] - if (myValue in varParms[i]): null

27-02-2025T17:40:16 - [TEST_STEP][PASSED] - else: null

27-02-2025T17:40:16 - [TEST_STEP][PASSED] - inList = false: null

27-02-2025T17:40:16 - [TEST_STEP][PASSED] - if (myType == "checkbox"): null

27-02-2025T17:40:16 - [TEST_STEP][PASSED] - myStatus = element.isSelected(): null

27-02-2025T17:40:16 - [TEST_STEP][PASSED] - if (debug): null

27-02-2025T17:40:16 - [TEST_STEP][PASSED] - if (toggle && myStatus && inList): null

27-02-2025T17:40:16 - [TEST_STEP][PASSED] - if (!(myStatus) && inList || myStatus && !(inList)): null

27-02-2025T17:40:16 - [TEST_STEP][PASSED] - myValue = element.getAttribute("value"): null

27-02-2025T17:40:16 - [TEST_STEP][PASSED] - if (debug): null

27-02-2025T17:40:16 - [TEST_STEP][PASSED] - if (myValue.length() >= 4): null

27-02-2025T17:40:16 - [TEST_STEP][PASSED] - if (myValue.substring(0, 4) == "(!) "): null

27-02-2025T17:40:16 - [TEST_STEP][PASSED] - myType = element.getAttribute("type"): null

27-02-2025T17:40:16 - [TEST_STEP][PASSED] - if (myValue in varParms[i]): null

27-02-2025T17:40:16 - [TEST_STEP][PASSED] - inList = true: null

27-02-2025T17:40:16 - [TEST_STEP][PASSED] - if (myType == "checkbox"): null

27-02-2025T17:40:16 - [TEST_STEP][PASSED] - myStatus = element.isSelected(): null

27-02-2025T17:40:16 - [TEST_STEP][PASSED] - if (debug): null

27-02-2025T17:40:16 - [TEST_STEP][PASSED] - if (toggle && myStatus && inList): null

27-02-2025T17:40:16 - [TEST_STEP][PASSED] - if (!(myStatus) && inList || myStatus && !(inList)): null

27-02-2025T17:40:16 - [TEST_STEP][PASSED] - if (debug): null

27-02-2025T17:40:16 - [TEST_STEP][PASSED] - println("Clicking " + myValue): null

27-02-2025T17:40:16 - [TEST_STEP][PASSED] - click(element): null

27-02-2025T17:40:16 - [TEST_STEP][PASSED] - scrollToObject(elem): null

27-02-2025T17:40:16 - [TEST_STEP][PASSED] - loc = element.getLocation(): null

27-02-2025T17:40:16 - [TEST_STEP][PASSED] - if (debug): null

27-02-2025T17:40:16 - [TEST_STEP][PASSED] - y = loc.getY(): null

27-02-2025T17:40:16 - [TEST_STEP][PASSED] - println("Y location is " + y): null

27-02-2025T17:40:16 - [TEST_STEP][PASSED] - top = getViewportTopPosition(): Current viewport's top (y) position is 1381

27-02-2025T17:40:16 - [MESSAGE][PASSED] - Current viewport's top (y) position is 1381

27-02-2025T17:40:16 - [TEST_STEP][PASSED] - println("Viewport top is " + top): null

27-02-2025T17:40:16 - [TEST_STEP][PASSED] - bottom = top + 600: null

27-02-2025T17:40:16 - [TEST_STEP][PASSED] - if (y - top < 150 || bottom - y < 10): Delayed 1 second(s)

27-02-2025T17:40:16 - [TEST_STEP][PASSED] - scrollToPosition(0, y - 150): Browser is scrolled to position x = 0, y = 1365

27-02-2025T17:40:16 - [MESSAGE][PASSED] - Browser is scrolled to position x = 0, y = 1365

27-02-2025T17:40:16 - [TEST_STEP][PASSED] - delay(1): Delayed 1 second(s)

27-02-2025T17:40:17 - [MESSAGE][PASSED] - Delayed 1 second(s)

27-02-2025T17:40:17 - [TEST_STEP][PASSED] - elem.click(): null

27-02-2025T17:40:17 - [TEST_STEP][PASSED] - myValue = element.getAttribute("value"): null

27-02-2025T17:40:17 - [TEST_STEP][PASSED] - if (debug): null

27-02-2025T17:40:17 - [TEST_STEP][PASSED] - if (myValue.length() >= 4): null

27-02-2025T17:40:17 - [TEST_STEP][PASSED] - if (myValue.substring(0, 4) == "(!) "): null

27-02-2025T17:40:17 - [TEST_STEP][PASSED] - myType = element.getAttribute("type"): null

27-02-2025T17:40:18 - [TEST_STEP][PASSED] - if (myValue in varParms[i]): null

27-02-2025T17:40:18 - [TEST_STEP][PASSED] - else: null

27-02-2025T17:40:18 - [TEST_STEP][PASSED] - inList = false: null

27-02-2025T17:40:18 - [TEST_STEP][PASSED] - if (myType == "checkbox"): null

27-02-2025T17:40:18 - [TEST_STEP][PASSED] - myStatus = element.isSelected(): null

27-02-2025T17:40:18 - [TEST_STEP][PASSED] - if (debug): null

27-02-2025T17:40:18 - [TEST_STEP][PASSED] - if (toggle && myStatus && inList): null

27-02-2025T17:40:18 - [TEST_STEP][PASSED] - if (!(myStatus) && inList || myStatus && !(inList)): null

27-02-2025T17:40:18 - [TEST_STEP][PASSED] - myValue = element.getAttribute("value"): null

27-02-2025T17:40:18 - [TEST_STEP][PASSED] - if (debug): null

27-02-2025T17:40:18 - [TEST_STEP][PASSED] - if (myValue.length() >= 4): null

27-02-2025T17:40:18 - [TEST_STEP][PASSED] - if (myValue.substring(0, 4) == "(!) "): null

27-02-2025T17:40:18 - [TEST_STEP][PASSED] - myType = element.getAttribute("type"): null

27-02-2025T17:40:18 - [TEST_STEP][PASSED] - if (myValue in varParms[i]): null

27-02-2025T17:40:18 - [TEST_STEP][PASSED] - else: null

27-02-2025T17:40:18 - [TEST_STEP][PASSED] - inList = false: null

27-02-2025T17:40:18 - [TEST_STEP][PASSED] - if (myType == "checkbox"): null

27-02-2025T17:40:18 - [TEST_STEP][PASSED] - myStatus = element.isSelected(): null

27-02-2025T17:40:18 - [TEST_STEP][PASSED] - if (debug): null

27-02-2025T17:40:18 - [TEST_STEP][PASSED] - if (toggle && myStatus && inList): null

27-02-2025T17:40:18 - [TEST_STEP][PASSED] - if (!(myStatus) && inList || myStatus && !(inList)): null

27-02-2025T17:40:18 - [TEST_STEP][PASSED] - myValue = element.getAttribute("value"): null

27-02-2025T17:40:18 - [TEST_STEP][PASSED] - if (debug): null

27-02-2025T17:40:18 - [TEST_STEP][PASSED] - if (myValue.length() >= 4): null

27-02-2025T17:40:18 - [TEST_STEP][PASSED] - if (myValue.substring(0, 4) == "(!) "): null

27-02-2025T17:40:18 - [TEST_STEP][PASSED] - myValue = myValue.substring(4): null

27-02-2025T17:40:18 - [TEST_STEP][PASSED] - if (debug): null

27-02-2025T17:40:18 - [TEST_STEP][PASSED] - myType = element.getAttribute("type"): null

27-02-2025T17:40:18 - [TEST_STEP][PASSED] - if (myValue in varParms[i]): null

27-02-2025T17:40:18 - [TEST_STEP][PASSED] - else: null

27-02-2025T17:40:18 - [TEST_STEP][PASSED] - inList = false: null

27-02-2025T17:40:18 - [TEST_STEP][PASSED] - if (myType == "checkbox"): null

27-02-2025T17:40:18 - [TEST_STEP][PASSED] - myStatus = element.isSelected(): null

27-02-2025T17:40:18 - [TEST_STEP][PASSED] - if (debug): null

27-02-2025T17:40:18 - [TEST_STEP][PASSED] - if (toggle && myStatus && inList): null

27-02-2025T17:40:18 - [TEST_STEP][PASSED] - if (!(myStatus) && inList || myStatus && !(inList)): null

27-02-2025T17:40:18 - [TEST_STEP][PASSED] - if (debug): null

27-02-2025T17:40:18 - [TEST_STEP][PASSED] - if (varParms[i].indexOf("Europe") >= 0): null

27-02-2025T17:40:18 - [TEST_STEP][PASSED] - elements = driver.findElements(By.xpath(varXpaths[i])): null

27-02-2025T17:40:18 - [TEST_STEP][PASSED] - element_count = elements.size(): null

27-02-2025T17:40:18 - [TEST_STEP][PASSED] - for (def element : elements): null

27-02-2025T17:40:18 - [TEST_STEP][PASSED] - myValue = element.getAttribute("value"): null

27-02-2025T17:40:18 - [TEST_STEP][PASSED] - if (debug): null

27-02-2025T17:40:18 - [TEST_STEP][PASSED] - if (myValue.length() >= 4): null

27-02-2025T17:40:18 - [TEST_STEP][PASSED] - if (myValue.substring(0, 4) == "(!) "): null

27-02-2025T17:40:18 - [TEST_STEP][PASSED] - myType = element.getAttribute("type"): null

27-02-2025T17:40:18 - [TEST_STEP][PASSED] - if (myValue in varParms[i]): null

27-02-2025T17:40:18 - [TEST_STEP][PASSED] - inList = true: null

27-02-2025T17:40:18 - [TEST_STEP][PASSED] - if (myType == "checkbox"): null

27-02-2025T17:40:18 - [TEST_STEP][PASSED] - myStatus = element.isSelected(): null

27-02-2025T17:40:18 - [TEST_STEP][PASSED] - if (debug): null

27-02-2025T17:40:18 - [TEST_STEP][PASSED] - if (toggle && myStatus && inList): null

27-02-2025T17:40:18 - [TEST_STEP][PASSED] - if (!(myStatus) && inList || myStatus && !(inList)): null

27-02-2025T17:40:18 - [TEST_STEP][PASSED] - if (debug): null

27-02-2025T17:40:18 - [TEST_STEP][PASSED] - println("Clicking " + myValue): null

27-02-2025T17:40:18 - [TEST_STEP][PASSED] - click(element): null

27-02-2025T17:40:18 - [TEST_STEP][PASSED] - scrollToObject(elem): null

27-02-2025T17:40:18 - [TEST_STEP][PASSED] - loc = element.getLocation(): null

27-02-2025T17:40:18 - [TEST_STEP][PASSED] - if (debug): null

27-02-2025T17:40:18 - [TEST_STEP][PASSED] - y = loc.getY(): null

27-02-2025T17:40:18 - [TEST_STEP][PASSED] - println("Y location is " + y): null

27-02-2025T17:40:18 - [TEST_STEP][PASSED] - top = getViewportTopPosition(): Current viewport's top (y) position is 1365

27-02-2025T17:40:18 - [MESSAGE][PASSED] - Current viewport's top (y) position is 1365

27-02-2025T17:40:18 - [TEST_STEP][PASSED] - println("Viewport top is " + top): null

27-02-2025T17:40:18 - [TEST_STEP][PASSED] - bottom = top + 600: null

27-02-2025T17:40:18 - [TEST_STEP][PASSED] - if (y - top < 150 || bottom - y < 10): null

27-02-2025T17:40:18 - [TEST_STEP][PASSED] - elem.click(): null

27-02-2025T17:40:18 - [TEST_STEP][PASSED] - myValue = element.getAttribute("value"): null

27-02-2025T17:40:18 - [TEST_STEP][PASSED] - if (debug): null

27-02-2025T17:40:18 - [TEST_STEP][PASSED] - if (myValue.length() >= 4): null

27-02-2025T17:40:18 - [TEST_STEP][PASSED] - if (myValue.substring(0, 4) == "(!) "): null

27-02-2025T17:40:18 - [TEST_STEP][PASSED] - myType = element.getAttribute("type"): null

27-02-2025T17:40:18 - [TEST_STEP][PASSED] - if (myValue in varParms[i]): null

27-02-2025T17:40:18 - [TEST_STEP][PASSED] - else: null

27-02-2025T17:40:18 - [TEST_STEP][PASSED] - inList = false: null

27-02-2025T17:40:18 - [TEST_STEP][PASSED] - if (myType == "checkbox"): null

27-02-2025T17:40:18 - [TEST_STEP][PASSED] - myStatus = element.isSelected(): null

27-02-2025T17:40:18 - [TEST_STEP][PASSED] - if (debug): null

27-02-2025T17:40:18 - [TEST_STEP][PASSED] - if (toggle && myStatus && inList): null

27-02-2025T17:40:18 - [TEST_STEP][PASSED] - if (!(myStatus) && inList || myStatus && !(inList)): null

27-02-2025T17:40:18 - [TEST_STEP][PASSED] - myValue = element.getAttribute("value"): null

27-02-2025T17:40:18 - [TEST_STEP][PASSED] - if (debug): null

27-02-2025T17:40:18 - [TEST_STEP][PASSED] - if (myValue.length() >= 4): null

27-02-2025T17:40:18 - [TEST_STEP][PASSED] - if (myValue.substring(0, 4) == "(!) "): null

27-02-2025T17:40:18 - [TEST_STEP][PASSED] - myType = element.getAttribute("type"): null

27-02-2025T17:40:18 - [TEST_STEP][PASSED] - if (myValue in varParms[i]): null

27-02-2025T17:40:18 - [TEST_STEP][PASSED] - else: null

27-02-2025T17:40:18 - [TEST_STEP][PASSED] - inList = false: null

27-02-2025T17:40:18 - [TEST_STEP][PASSED] - if (myType == "checkbox"): null

27-02-2025T17:40:18 - [TEST_STEP][PASSED] - myStatus = element.isSelected(): null

27-02-2025T17:40:18 - [TEST_STEP][PASSED] - if (debug): null

27-02-2025T17:40:18 - [TEST_STEP][PASSED] - if (toggle && myStatus && inList): null

27-02-2025T17:40:18 - [TEST_STEP][PASSED] - if (!(myStatus) && inList || myStatus && !(inList)): null

27-02-2025T17:40:18 - [TEST_STEP][PASSED] - myValue = element.getAttribute("value"): null

27-02-2025T17:40:18 - [TEST_STEP][PASSED] - if (debug): null

27-02-2025T17:40:18 - [TEST_STEP][PASSED] - if (myValue.length() >= 4): null

27-02-2025T17:40:18 - [TEST_STEP][PASSED] - if (myValue.substring(0, 4) == "(!) "): null

27-02-2025T17:40:18 - [TEST_STEP][PASSED] - myType = element.getAttribute("type"): null

27-02-2025T17:40:18 - [TEST_STEP][PASSED] - if (myValue in varParms[i]): null

27-02-2025T17:40:18 - [TEST_STEP][PASSED] - else: null

27-02-2025T17:40:18 - [TEST_STEP][PASSED] - inList = false: null

27-02-2025T17:40:18 - [TEST_STEP][PASSED] - if (myType == "checkbox"): null

27-02-2025T17:40:18 - [TEST_STEP][PASSED] - myStatus = element.isSelected(): null

27-02-2025T17:40:18 - [TEST_STEP][PASSED] - if (debug): null

27-02-2025T17:40:18 - [TEST_STEP][PASSED] - if (toggle && myStatus && inList): null

27-02-2025T17:40:18 - [TEST_STEP][PASSED] - if (!(myStatus) && inList || myStatus && !(inList)): null

27-02-2025T17:40:18 - [TEST_STEP][PASSED] - myValue = element.getAttribute("value"): null

27-02-2025T17:40:18 - [TEST_STEP][PASSED] - if (debug): null

27-02-2025T17:40:18 - [TEST_STEP][PASSED] - if (myValue.length() >= 4): null

27-02-2025T17:40:18 - [TEST_STEP][PASSED] - if (myValue.substring(0, 4) == "(!) "): null

27-02-2025T17:40:18 - [TEST_STEP][PASSED] - myType = element.getAttribute("type"): null

27-02-2025T17:40:18 - [TEST_STEP][PASSED] - if (myValue in varParms[i]): null

27-02-2025T17:40:18 - [TEST_STEP][PASSED] - else: null

27-02-2025T17:40:18 - [TEST_STEP][PASSED] - inList = false: null

27-02-2025T17:40:18 - [TEST_STEP][PASSED] - if (myType == "checkbox"): null

27-02-2025T17:40:18 - [TEST_STEP][PASSED] - myStatus = element.isSelected(): null

27-02-2025T17:40:18 - [TEST_STEP][PASSED] - if (debug): null

27-02-2025T17:40:18 - [TEST_STEP][PASSED] - if (toggle && myStatus && inList): null

27-02-2025T17:40:18 - [TEST_STEP][PASSED] - if (!(myStatus) && inList || myStatus && !(inList)): null

27-02-2025T17:40:18 - [TEST_STEP][PASSED] - myValue = element.getAttribute("value"): null

27-02-2025T17:40:18 - [TEST_STEP][PASSED] - if (debug): null

27-02-2025T17:40:18 - [TEST_STEP][PASSED] - if (myValue.length() >= 4): null

27-02-2025T17:40:18 - [TEST_STEP][PASSED] - if (myValue.substring(0, 4) == "(!) "): null

27-02-2025T17:40:18 - [TEST_STEP][PASSED] - myType = element.getAttribute("type"): null

27-02-2025T17:40:18 - [TEST_STEP][PASSED] - if (myValue in varParms[i]): null

27-02-2025T17:40:18 - [TEST_STEP][PASSED] - else: null

27-02-2025T17:40:18 - [TEST_STEP][PASSED] - inList = false: null

27-02-2025T17:40:18 - [TEST_STEP][PASSED] - if (myType == "checkbox"): null

27-02-2025T17:40:18 - [TEST_STEP][PASSED] - myStatus = element.isSelected(): null

27-02-2025T17:40:18 - [TEST_STEP][PASSED] - if (debug): null

27-02-2025T17:40:18 - [TEST_STEP][PASSED] - if (toggle && myStatus && inList): null

27-02-2025T17:40:18 - [TEST_STEP][PASSED] - if (!(myStatus) && inList || myStatus && !(inList)): null

27-02-2025T17:40:18 - [TEST_STEP][PASSED] - myValue = element.getAttribute("value"): null

27-02-2025T17:40:18 - [TEST_STEP][PASSED] - if (debug): null

27-02-2025T17:40:18 - [TEST_STEP][PASSED] - if (myValue.length() >= 4): null

27-02-2025T17:40:18 - [TEST_STEP][PASSED] - if (myValue.substring(0, 4) == "(!) "): null

27-02-2025T17:40:18 - [TEST_STEP][PASSED] - myType = element.getAttribute("type"): null

27-02-2025T17:40:18 - [TEST_STEP][PASSED] - if (myValue in varParms[i]): null

27-02-2025T17:40:18 - [TEST_STEP][PASSED] - else: null

27-02-2025T17:40:18 - [TEST_STEP][PASSED] - inList = false: null

27-02-2025T17:40:18 - [TEST_STEP][PASSED] - if (myType == "checkbox"): null

27-02-2025T17:40:18 - [TEST_STEP][PASSED] - myStatus = element.isSelected(): null

27-02-2025T17:40:18 - [TEST_STEP][PASSED] - if (debug): null

27-02-2025T17:40:18 - [TEST_STEP][PASSED] - if (toggle && myStatus && inList): null

27-02-2025T17:40:18 - [TEST_STEP][PASSED] - if (!(myStatus) && inList || myStatus && !(inList)): null

27-02-2025T17:40:18 - [TEST_STEP][PASSED] - myValue = element.getAttribute("value"): null

27-02-2025T17:40:18 - [TEST_STEP][PASSED] - if (debug): null

27-02-2025T17:40:18 - [TEST_STEP][PASSED] - if (myValue.length() >= 4): null

27-02-2025T17:40:18 - [TEST_STEP][PASSED] - if (myValue.substring(0, 4) == "(!) "): null

27-02-2025T17:40:18 - [TEST_STEP][PASSED] - myType = element.getAttribute("type"): null

27-02-2025T17:40:18 - [TEST_STEP][PASSED] - if (myValue in varParms[i]): null

27-02-2025T17:40:18 - [TEST_STEP][PASSED] - else: null

27-02-2025T17:40:18 - [TEST_STEP][PASSED] - inList = false: null

27-02-2025T17:40:18 - [TEST_STEP][PASSED] - if (myType == "checkbox"): null

27-02-2025T17:40:18 - [TEST_STEP][PASSED] - myStatus = element.isSelected(): null

27-02-2025T17:40:18 - [TEST_STEP][PASSED] - if (debug): null

27-02-2025T17:40:18 - [TEST_STEP][PASSED] - if (toggle && myStatus && inList): null

27-02-2025T17:40:18 - [TEST_STEP][PASSED] - if (!(myStatus) && inList || myStatus && !(inList)): null

27-02-2025T17:40:18 - [TEST_STEP][PASSED] - myValue = element.getAttribute("value"): null

27-02-2025T17:40:18 - [TEST_STEP][PASSED] - if (debug): null

27-02-2025T17:40:18 - [TEST_STEP][PASSED] - if (myValue.length() >= 4): null

27-02-2025T17:40:18 - [TEST_STEP][PASSED] - if (myValue.substring(0, 4) == "(!) "): null

27-02-2025T17:40:18 - [TEST_STEP][PASSED] - myType = element.getAttribute("type"): null

27-02-2025T17:40:18 - [TEST_STEP][PASSED] - if (myValue in varParms[i]): null

27-02-2025T17:40:18 - [TEST_STEP][PASSED] - else: null

27-02-2025T17:40:18 - [TEST_STEP][PASSED] - inList = false: null

27-02-2025T17:40:18 - [TEST_STEP][PASSED] - if (myType == "checkbox"): null

27-02-2025T17:40:18 - [TEST_STEP][PASSED] - myStatus = element.isSelected(): null

27-02-2025T17:40:18 - [TEST_STEP][PASSED] - if (debug): null

27-02-2025T17:40:18 - [TEST_STEP][PASSED] - if (toggle && myStatus && inList): null

27-02-2025T17:40:18 - [TEST_STEP][PASSED] - if (!(myStatus) && inList || myStatus && !(inList)): null

27-02-2025T17:40:18 - [TEST_STEP][PASSED] - myValue = element.getAttribute("value"): null

27-02-2025T17:40:18 - [TEST_STEP][PASSED] - if (debug): null

27-02-2025T17:40:18 - [TEST_STEP][PASSED] - if (myValue.length() >= 4): null

27-02-2025T17:40:18 - [TEST_STEP][PASSED] - if (myValue.substring(0, 4) == "(!) "): null

27-02-2025T17:40:18 - [TEST_STEP][PASSED] - myType = element.getAttribute("type"): null

27-02-2025T17:40:18 - [TEST_STEP][PASSED] - if (myValue in varParms[i]): null

27-02-2025T17:40:18 - [TEST_STEP][PASSED] - inList = true: null

27-02-2025T17:40:18 - [TEST_STEP][PASSED] - if (myType == "checkbox"): null

27-02-2025T17:40:18 - [TEST_STEP][PASSED] - myStatus = element.isSelected(): null

27-02-2025T17:40:18 - [TEST_STEP][PASSED] - if (debug): null

27-02-2025T17:40:18 - [TEST_STEP][PASSED] - if (toggle && myStatus && inList): null

27-02-2025T17:40:18 - [TEST_STEP][PASSED] - if (!(myStatus) && inList || myStatus && !(inList)): null

27-02-2025T17:40:18 - [TEST_STEP][PASSED] - if (debug): null

27-02-2025T17:40:18 - [TEST_STEP][PASSED] - println("Clicking " + myValue): null

27-02-2025T17:40:18 - [TEST_STEP][PASSED] - click(element): null

27-02-2025T17:40:18 - [TEST_STEP][PASSED] - scrollToObject(elem): null

27-02-2025T17:40:18 - [TEST_STEP][PASSED] - loc = element.getLocation(): null

27-02-2025T17:40:18 - [TEST_STEP][PASSED] - if (debug): null

27-02-2025T17:40:18 - [TEST_STEP][PASSED] - y = loc.getY(): null

27-02-2025T17:40:18 - [TEST_STEP][PASSED] - println("Y location is " + y): null

27-02-2025T17:40:18 - [TEST_STEP][PASSED] - top = getViewportTopPosition(): Current viewport's top (y) position is 1365

27-02-2025T17:40:18 - [MESSAGE][PASSED] - Current viewport's top (y) position is 1365

27-02-2025T17:40:18 - [TEST_STEP][PASSED] - println("Viewport top is " + top): null

27-02-2025T17:40:18 - [TEST_STEP][PASSED] - bottom = top + 600: null

27-02-2025T17:40:18 - [TEST_STEP][PASSED] - if (y - top < 150 || bottom - y < 10): null

27-02-2025T17:40:18 - [TEST_STEP][PASSED] - elem.click(): null

27-02-2025T17:40:18 - [TEST_STEP][PASSED] - frame.dispose(): null

27-02-2025T17:40:18 - [MESSAGE][PASSED] - Call Test Case 'Test Cases/_Functions/Click on Group Elements' successfully

27-02-2025T17:40:18 - [TEST_STEP][PASSED] - if (varNeed_candidates_for_short_term_assignments == "Yes"): Call Test Case 'Test Cases/_Functions/Click on Group Elements' successfully

27-02-2025T17:40:18 - [TEST_STEP][PASSED] - driver = getWebDriver(): null

27-02-2025T17:40:18 - [TEST_STEP][PASSED] - object = "Object Repository/Journey Partner Profile/Tabs/Service Options/input_Need Candidates for Short-Term Assignments": null

27-02-2025T17:40:18 - [TEST_STEP][PASSED] - element = findWebElement(findTestObject(object), 1): null

27-02-2025T17:40:18 - [TEST_STEP][PASSED] - myStatus = element.isSelected(): null

27-02-2025T17:40:18 - [TEST_STEP][PASSED] - if (varNeed_candidates_for_short_term_assignments == "Yes" && !(myStatus) || varNeed_candidates_for_short_term_assignments == "No" && myStatus): null

27-02-2025T17:40:18 - [TEST_STEP][PASSED] - parms = [varShort_term_trip_length, varShort_term_availability, varShort_term_objective]: null

27-02-2025T17:40:18 - [TEST_STEP][PASSED] - xpaths = [short_term_trip_length, short_term_availability, short_term_objective]: null

27-02-2025T17:40:18 - [TEST_STEP][PASSED] - callTestCase(findTestCase("_Functions/Click on Group Elements"), ["varXpaths":xpaths, "varParms":parms], STOP_ON_FAILURE): Call Test Case 'Test Cases/_Functions/Click on Group Elements' successfully

27-02-2025T17:40:18 - [TEST_CASE][PASSED] - Test Cases/_Functions/Click on Group Elements: Test Cases/_Functions/Click on Group Elements

27-02-2025T17:40:18 - [TEST_STEP][PASSED] - debug = false: null

27-02-2025T17:40:18 - [TEST_STEP][PASSED] - toggle = true: null

27-02-2025T17:40:18 - [TEST_STEP][PASSED] - frame = new javax.swing.JFrame(): null

27-02-2025T17:40:18 - [TEST_STEP][PASSED] - p = new javax.swing.JPanel(): null

27-02-2025T17:40:18 - [TEST_STEP][PASSED] - l = new javax.swing.JLabel(Making user selections..., javax.swing.SwingConstants.CENTER): null

27-02-2025T17:40:18 - [TEST_STEP][PASSED] - frame.add(l): null

27-02-2025T17:40:18 - [TEST_STEP][PASSED] - frame.setSize(300, 100): null

27-02-2025T17:40:18 - [TEST_STEP][PASSED] - frame.setLocation(600, 0): null

27-02-2025T17:40:18 - [TEST_STEP][PASSED] - frame.setAlwaysOnTop(true): null

27-02-2025T17:40:18 - [TEST_STEP][PASSED] - frame.show(): null

27-02-2025T17:40:18 - [TEST_STEP][PASSED] - driver = getWebDriver(): null

27-02-2025T17:40:18 - [TEST_STEP][PASSED] - println(varParms): null

27-02-2025T17:40:18 - [TEST_STEP][PASSED] - for ([i = 0, i < varXpaths.size(), (i++)]): null

27-02-2025T17:40:18 - [TEST_STEP][PASSED] - if (debug): null

27-02-2025T17:40:18 - [TEST_STEP][PASSED] - if (varParms[i].indexOf("Europe") >= 0): null

27-02-2025T17:40:18 - [TEST_STEP][PASSED] - elements = driver.findElements(By.xpath(varXpaths[i])): null

27-02-2025T17:40:18 - [TEST_STEP][PASSED] - element_count = elements.size(): null

27-02-2025T17:40:18 - [TEST_STEP][PASSED] - for (def element : elements): null

27-02-2025T17:40:18 - [TEST_STEP][PASSED] - myValue = element.getAttribute("value"): null

27-02-2025T17:40:18 - [TEST_STEP][PASSED] - if (debug): null

27-02-2025T17:40:18 - [TEST_STEP][PASSED] - if (myValue.length() >= 4): null

27-02-2025T17:40:18 - [TEST_STEP][PASSED] - if (myValue.substring(0, 4) == "(!) "): null

27-02-2025T17:40:18 - [TEST_STEP][PASSED] - myType = element.getAttribute("type"): null

27-02-2025T17:40:18 - [TEST_STEP][PASSED] - if (myValue in varParms[i]): null

27-02-2025T17:40:18 - [TEST_STEP][PASSED] - else: null

27-02-2025T17:40:18 - [TEST_STEP][PASSED] - inList = false: null

27-02-2025T17:40:18 - [TEST_STEP][PASSED] - if (myType == "checkbox"): null

27-02-2025T17:40:18 - [TEST_STEP][PASSED] - myStatus = element.isSelected(): null

27-02-2025T17:40:18 - [TEST_STEP][PASSED] - if (debug): null

27-02-2025T17:40:18 - [TEST_STEP][PASSED] - if (toggle && myStatus && inList): null

27-02-2025T17:40:18 - [TEST_STEP][PASSED] - if (!(myStatus) && inList || myStatus && !(inList)): null

27-02-2025T17:40:18 - [TEST_STEP][PASSED] - myValue = element.getAttribute("value"): null

27-02-2025T17:40:18 - [TEST_STEP][PASSED] - if (debug): null

27-02-2025T17:40:18 - [TEST_STEP][PASSED] - if (myValue.length() >= 4): null

27-02-2025T17:40:18 - [TEST_STEP][PASSED] - if (myValue.substring(0, 4) == "(!) "): null

27-02-2025T17:40:18 - [TEST_STEP][PASSED] - myType = element.getAttribute("type"): null

27-02-2025T17:40:18 - [TEST_STEP][PASSED] - if (myValue in varParms[i]): null

27-02-2025T17:40:18 - [TEST_STEP][PASSED] - inList = true: null

27-02-2025T17:40:18 - [TEST_STEP][PASSED] - if (myType == "checkbox"): null

27-02-2025T17:40:18 - [TEST_STEP][PASSED] - myStatus = element.isSelected(): null

27-02-2025T17:40:18 - [TEST_STEP][PASSED] - if (debug): null

27-02-2025T17:40:18 - [TEST_STEP][PASSED] - if (toggle && myStatus && inList): null

27-02-2025T17:40:18 - [TEST_STEP][PASSED] - if (!(myStatus) && inList || myStatus && !(inList)): null

27-02-2025T17:40:18 - [TEST_STEP][PASSED] - if (debug): null

27-02-2025T17:40:18 - [TEST_STEP][PASSED] - println("Clicking " + myValue): null

27-02-2025T17:40:18 - [TEST_STEP][PASSED] - click(element): null

27-02-2025T17:40:18 - [TEST_STEP][PASSED] - scrollToObject(elem): null

27-02-2025T17:40:18 - [TEST_STEP][PASSED] - loc = element.getLocation(): null

27-02-2025T17:40:18 - [TEST_STEP][PASSED] - if (debug): null

27-02-2025T17:40:18 - [TEST_STEP][PASSED] - y = loc.getY(): null

27-02-2025T17:40:18 - [TEST_STEP][PASSED] - println("Y location is " + y): null

27-02-2025T17:40:18 - [TEST_STEP][PASSED] - top = getViewportTopPosition(): Current viewport's top (y) position is 1365

27-02-2025T17:40:18 - [MESSAGE][PASSED] - Current viewport's top (y) position is 1365

27-02-2025T17:40:18 - [TEST_STEP][PASSED] - println("Viewport top is " + top): null

27-02-2025T17:40:18 - [TEST_STEP][PASSED] - bottom = top + 600: null

27-02-2025T17:40:18 - [TEST_STEP][PASSED] - if (y - top < 150 || bottom - y < 10): Delayed 1 second(s)

27-02-2025T17:40:18 - [TEST_STEP][PASSED] - scrollToPosition(0, y - 150): Browser is scrolled to position x = 0, y = 1009

27-02-2025T17:40:18 - [MESSAGE][PASSED] - Browser is scrolled to position x = 0, y = 1009

27-02-2025T17:40:18 - [TEST_STEP][PASSED] - delay(1): Delayed 1 second(s)

27-02-2025T17:40:19 - [MESSAGE][PASSED] - Delayed 1 second(s)

27-02-2025T17:40:19 - [TEST_STEP][PASSED] - elem.click(): null

27-02-2025T17:40:19 - [TEST_STEP][PASSED] - myValue = element.getAttribute("value"): null

27-02-2025T17:40:19 - [TEST_STEP][PASSED] - if (debug): null

27-02-2025T17:40:19 - [TEST_STEP][PASSED] - if (myValue.length() >= 4): null

27-02-2025T17:40:19 - [TEST_STEP][PASSED] - if (myValue.substring(0, 4) == "(!) "): null

27-02-2025T17:40:19 - [TEST_STEP][PASSED] - myType = element.getAttribute("type"): null

27-02-2025T17:40:19 - [TEST_STEP][PASSED] - if (myValue in varParms[i]): null

27-02-2025T17:40:19 - [TEST_STEP][PASSED] - inList = true: null

27-02-2025T17:40:19 - [TEST_STEP][PASSED] - if (myType == "checkbox"): null

27-02-2025T17:40:19 - [TEST_STEP][PASSED] - myStatus = element.isSelected(): null

27-02-2025T17:40:19 - [TEST_STEP][PASSED] - if (debug): null

27-02-2025T17:40:19 - [TEST_STEP][PASSED] - if (toggle && myStatus && inList): null

27-02-2025T17:40:19 - [TEST_STEP][PASSED] - if (!(myStatus) && inList || myStatus && !(inList)): null

27-02-2025T17:40:19 - [TEST_STEP][PASSED] - if (debug): null

27-02-2025T17:40:19 - [TEST_STEP][PASSED] - println("Clicking " + myValue): null

27-02-2025T17:40:19 - [TEST_STEP][PASSED] - click(element): null

27-02-2025T17:40:19 - [TEST_STEP][PASSED] - scrollToObject(elem): null

27-02-2025T17:40:19 - [TEST_STEP][PASSED] - loc = element.getLocation(): null

27-02-2025T17:40:19 - [TEST_STEP][PASSED] - if (debug): null

27-02-2025T17:40:19 - [TEST_STEP][PASSED] - y = loc.getY(): null

27-02-2025T17:40:19 - [TEST_STEP][PASSED] - println("Y location is " + y): null

27-02-2025T17:40:19 - [TEST_STEP][PASSED] - top = getViewportTopPosition(): Current viewport's top (y) position is 1009

27-02-2025T17:40:19 - [MESSAGE][PASSED] - Current viewport's top (y) position is 1009

27-02-2025T17:40:19 - [TEST_STEP][PASSED] - println("Viewport top is " + top): null

27-02-2025T17:40:19 - [TEST_STEP][PASSED] - bottom = top + 600: null

27-02-2025T17:40:19 - [TEST_STEP][PASSED] - if (y - top < 150 || bottom - y < 10): null

27-02-2025T17:40:19 - [TEST_STEP][PASSED] - elem.click(): null

27-02-2025T17:40:19 - [TEST_STEP][PASSED] - myValue = element.getAttribute("value"): null

27-02-2025T17:40:19 - [TEST_STEP][PASSED] - if (debug): null

27-02-2025T17:40:19 - [TEST_STEP][PASSED] - if (myValue.length() >= 4): null

27-02-2025T17:40:19 - [TEST_STEP][PASSED] - if (myValue.substring(0, 4) == "(!) "): null

27-02-2025T17:40:19 - [TEST_STEP][PASSED] - myType = element.getAttribute("type"): null

27-02-2025T17:40:19 - [TEST_STEP][PASSED] - if (myValue in varParms[i]): null

27-02-2025T17:40:19 - [TEST_STEP][PASSED] - inList = true: null

27-02-2025T17:40:19 - [TEST_STEP][PASSED] - if (myType == "checkbox"): null

27-02-2025T17:40:19 - [TEST_STEP][PASSED] - myStatus = element.isSelected(): null

27-02-2025T17:40:19 - [TEST_STEP][PASSED] - if (debug): null

27-02-2025T17:40:19 - [TEST_STEP][PASSED] - if (toggle && myStatus && inList): null

27-02-2025T17:40:19 - [TEST_STEP][PASSED] - if (!(myStatus) && inList || myStatus && !(inList)): null

27-02-2025T17:40:19 - [TEST_STEP][PASSED] - if (debug): null

27-02-2025T17:40:19 - [TEST_STEP][PASSED] - println("Clicking " + myValue): null

27-02-2025T17:40:19 - [TEST_STEP][PASSED] - click(element): null

27-02-2025T17:40:19 - [TEST_STEP][PASSED] - scrollToObject(elem): null

27-02-2025T17:40:19 - [TEST_STEP][PASSED] - loc = element.getLocation(): null

27-02-2025T17:40:19 - [TEST_STEP][PASSED] - if (debug): null

27-02-2025T17:40:19 - [TEST_STEP][PASSED] - y = loc.getY(): null

27-02-2025T17:40:19 - [TEST_STEP][PASSED] - println("Y location is " + y): null

27-02-2025T17:40:19 - [TEST_STEP][PASSED] - top = getViewportTopPosition(): Current viewport's top (y) position is 1009

27-02-2025T17:40:19 - [MESSAGE][PASSED] - Current viewport's top (y) position is 1009

27-02-2025T17:40:19 - [TEST_STEP][PASSED] - println("Viewport top is " + top): null

27-02-2025T17:40:19 - [TEST_STEP][PASSED] - bottom = top + 600: null

27-02-2025T17:40:19 - [TEST_STEP][PASSED] - if (y - top < 150 || bottom - y < 10): Delayed 1 second(s)

27-02-2025T17:40:19 - [TEST_STEP][PASSED] - scrollToPosition(0, y - 150): Browser is scrolled to position x = 0, y = 993

27-02-2025T17:40:19 - [MESSAGE][PASSED] - Browser is scrolled to position x = 0, y = 993

27-02-2025T17:40:19 - [TEST_STEP][PASSED] - delay(1): Delayed 1 second(s)

27-02-2025T17:40:20 - [MESSAGE][PASSED] - Delayed 1 second(s)

27-02-2025T17:40:20 - [TEST_STEP][PASSED] - elem.click(): null

27-02-2025T17:40:20 - [TEST_STEP][PASSED] - myValue = element.getAttribute("value"): null

27-02-2025T17:40:20 - [TEST_STEP][PASSED] - if (debug): null

27-02-2025T17:40:20 - [TEST_STEP][PASSED] - if (myValue.length() >= 4): null

27-02-2025T17:40:20 - [TEST_STEP][PASSED] - if (myValue.substring(0, 4) == "(!) "): null

27-02-2025T17:40:20 - [TEST_STEP][PASSED] - myType = element.getAttribute("type"): null

27-02-2025T17:40:20 - [TEST_STEP][PASSED] - if (myValue in varParms[i]): null

27-02-2025T17:40:20 - [TEST_STEP][PASSED] - else: null

27-02-2025T17:40:20 - [TEST_STEP][PASSED] - inList = false: null

27-02-2025T17:40:20 - [TEST_STEP][PASSED] - if (myType == "checkbox"): null

27-02-2025T17:40:20 - [TEST_STEP][PASSED] - myStatus = element.isSelected(): null

27-02-2025T17:40:20 - [TEST_STEP][PASSED] - if (debug): null

27-02-2025T17:40:20 - [TEST_STEP][PASSED] - if (toggle && myStatus && inList): null

27-02-2025T17:40:20 - [TEST_STEP][PASSED] - if (!(myStatus) && inList || myStatus && !(inList)): null

27-02-2025T17:40:20 - [TEST_STEP][PASSED] - myValue = element.getAttribute("value"): null

27-02-2025T17:40:20 - [TEST_STEP][PASSED] - if (debug): null

27-02-2025T17:40:20 - [TEST_STEP][PASSED] - if (myValue.length() >= 4): null

27-02-2025T17:40:20 - [TEST_STEP][PASSED] - if (myValue.substring(0, 4) == "(!) "): null

27-02-2025T17:40:20 - [TEST_STEP][PASSED] - myValue = myValue.substring(4): null

27-02-2025T17:40:20 - [TEST_STEP][PASSED] - if (debug): null

27-02-2025T17:40:20 - [TEST_STEP][PASSED] - myType = element.getAttribute("type"): null

27-02-2025T17:40:20 - [TEST_STEP][PASSED] - if (myValue in varParms[i]): null

27-02-2025T17:40:20 - [TEST_STEP][PASSED] - else: null

27-02-2025T17:40:20 - [TEST_STEP][PASSED] - inList = false: null

27-02-2025T17:40:20 - [TEST_STEP][PASSED] - if (myType == "checkbox"): null

27-02-2025T17:40:20 - [TEST_STEP][PASSED] - myStatus = element.isSelected(): null

27-02-2025T17:40:20 - [TEST_STEP][PASSED] - if (debug): null

27-02-2025T17:40:20 - [TEST_STEP][PASSED] - if (toggle && myStatus && inList): null

27-02-2025T17:40:20 - [TEST_STEP][PASSED] - if (!(myStatus) && inList || myStatus && !(inList)): null

27-02-2025T17:40:20 - [TEST_STEP][PASSED] - if (debug): null

27-02-2025T17:40:20 - [TEST_STEP][PASSED] - if (varParms[i].indexOf("Europe") >= 0): null

27-02-2025T17:40:20 - [TEST_STEP][PASSED] - elements = driver.findElements(By.xpath(varXpaths[i])): null

27-02-2025T17:40:20 - [TEST_STEP][PASSED] - element_count = elements.size(): null

27-02-2025T17:40:20 - [TEST_STEP][PASSED] - for (def element : elements): null

27-02-2025T17:40:20 - [TEST_STEP][PASSED] - myValue = element.getAttribute("value"): null

27-02-2025T17:40:20 - [TEST_STEP][PASSED] - if (debug): null

27-02-2025T17:40:20 - [TEST_STEP][PASSED] - if (myValue.length() >= 4): null

27-02-2025T17:40:20 - [TEST_STEP][PASSED] - if (myValue.substring(0, 4) == "(!) "): null

27-02-2025T17:40:20 - [TEST_STEP][PASSED] - myType = element.getAttribute("type"): null

27-02-2025T17:40:20 - [TEST_STEP][PASSED] - if (myValue in varParms[i]): null

27-02-2025T17:40:20 - [TEST_STEP][PASSED] - else: null

27-02-2025T17:40:20 - [TEST_STEP][PASSED] - inList = false: null

27-02-2025T17:40:20 - [TEST_STEP][PASSED] - if (myType == "checkbox"): null

27-02-2025T17:40:20 - [TEST_STEP][PASSED] - myStatus = element.isSelected(): null

27-02-2025T17:40:20 - [TEST_STEP][PASSED] - if (debug): null

27-02-2025T17:40:20 - [TEST_STEP][PASSED] - if (toggle && myStatus && inList): null

27-02-2025T17:40:20 - [TEST_STEP][PASSED] - if (!(myStatus) && inList || myStatus && !(inList)): null

27-02-2025T17:40:20 - [TEST_STEP][PASSED] - myValue = element.getAttribute("value"): null

27-02-2025T17:40:20 - [TEST_STEP][PASSED] - if (debug): null

27-02-2025T17:40:20 - [TEST_STEP][PASSED] - if (myValue.length() >= 4): null

27-02-2025T17:40:20 - [TEST_STEP][PASSED] - if (myValue.substring(0, 4) == "(!) "): null

27-02-2025T17:40:20 - [TEST_STEP][PASSED] - myType = element.getAttribute("type"): null

27-02-2025T17:40:20 - [TEST_STEP][PASSED] - if (myValue in varParms[i]): null

27-02-2025T17:40:20 - [TEST_STEP][PASSED] - inList = true: null

27-02-2025T17:40:20 - [TEST_STEP][PASSED] - if (myType == "checkbox"): null

27-02-2025T17:40:20 - [TEST_STEP][PASSED] - myStatus = element.isSelected(): null

27-02-2025T17:40:20 - [TEST_STEP][PASSED] - if (debug): null

27-02-2025T17:40:20 - [TEST_STEP][PASSED] - if (toggle && myStatus && inList): null

27-02-2025T17:40:20 - [TEST_STEP][PASSED] - if (!(myStatus) && inList || myStatus && !(inList)): null

27-02-2025T17:40:20 - [TEST_STEP][PASSED] - if (debug): null

27-02-2025T17:40:20 - [TEST_STEP][PASSED] - println("Clicking " + myValue): null

27-02-2025T17:40:20 - [TEST_STEP][PASSED] - click(element): null

27-02-2025T17:40:20 - [TEST_STEP][PASSED] - scrollToObject(elem): null

27-02-2025T17:40:20 - [TEST_STEP][PASSED] - loc = element.getLocation(): null

27-02-2025T17:40:20 - [TEST_STEP][PASSED] - if (debug): null

27-02-2025T17:40:20 - [TEST_STEP][PASSED] - y = loc.getY(): null

27-02-2025T17:40:20 - [TEST_STEP][PASSED] - println("Y location is " + y): null

27-02-2025T17:40:20 - [TEST_STEP][PASSED] - top = getViewportTopPosition(): Current viewport's top (y) position is 993

27-02-2025T17:40:20 - [MESSAGE][PASSED] - Current viewport's top (y) position is 993

27-02-2025T17:40:20 - [TEST_STEP][PASSED] - println("Viewport top is " + top): null

27-02-2025T17:40:20 - [TEST_STEP][PASSED] - bottom = top + 600: null

27-02-2025T17:40:20 - [TEST_STEP][PASSED] - if (y - top < 150 || bottom - y < 10): null

27-02-2025T17:40:20 - [TEST_STEP][PASSED] - elem.click(): null

27-02-2025T17:40:20 - [TEST_STEP][PASSED] - myValue = element.getAttribute("value"): null

27-02-2025T17:40:20 - [TEST_STEP][PASSED] - if (debug): null

27-02-2025T17:40:20 - [TEST_STEP][PASSED] - if (myValue.length() >= 4): null

27-02-2025T17:40:20 - [TEST_STEP][PASSED] - if (myValue.substring(0, 4) == "(!) "): null

27-02-2025T17:40:20 - [TEST_STEP][PASSED] - myType = element.getAttribute("type"): null

27-02-2025T17:40:20 - [TEST_STEP][PASSED] - if (myValue in varParms[i]): null

27-02-2025T17:40:20 - [TEST_STEP][PASSED] - inList = true: null

27-02-2025T17:40:20 - [TEST_STEP][PASSED] - if (myType == "checkbox"): null

27-02-2025T17:40:20 - [TEST_STEP][PASSED] - myStatus = element.isSelected(): null

27-02-2025T17:40:20 - [TEST_STEP][PASSED] - if (debug): null

27-02-2025T17:40:20 - [TEST_STEP][PASSED] - if (toggle && myStatus && inList): null

27-02-2025T17:40:20 - [TEST_STEP][PASSED] - if (!(myStatus) && inList || myStatus && !(inList)): null

27-02-2025T17:40:20 - [TEST_STEP][PASSED] - if (debug): null

27-02-2025T17:40:20 - [TEST_STEP][PASSED] - println("Clicking " + myValue): null

27-02-2025T17:40:20 - [TEST_STEP][PASSED] - click(element): null

27-02-2025T17:40:20 - [TEST_STEP][PASSED] - scrollToObject(elem): null

27-02-2025T17:40:20 - [TEST_STEP][PASSED] - loc = element.getLocation(): null

27-02-2025T17:40:20 - [TEST_STEP][PASSED] - if (debug): null

27-02-2025T17:40:20 - [TEST_STEP][PASSED] - y = loc.getY(): null

27-02-2025T17:40:20 - [TEST_STEP][PASSED] - println("Y location is " + y): null

27-02-2025T17:40:20 - [TEST_STEP][PASSED] - top = getViewportTopPosition(): Current viewport's top (y) position is 993

27-02-2025T17:40:20 - [MESSAGE][PASSED] - Current viewport's top (y) position is 993

27-02-2025T17:40:20 - [TEST_STEP][PASSED] - println("Viewport top is " + top): null

27-02-2025T17:40:20 - [TEST_STEP][PASSED] - bottom = top + 600: null

27-02-2025T17:40:20 - [TEST_STEP][PASSED] - if (y - top < 150 || bottom - y < 10): null

27-02-2025T17:40:20 - [TEST_STEP][PASSED] - elem.click(): null

27-02-2025T17:40:20 - [TEST_STEP][PASSED] - myValue = element.getAttribute("value"): null

27-02-2025T17:40:20 - [TEST_STEP][PASSED] - if (debug): null

27-02-2025T17:40:20 - [TEST_STEP][PASSED] - if (myValue.length() >= 4): null

27-02-2025T17:40:20 - [TEST_STEP][PASSED] - if (myValue.substring(0, 4) == "(!) "): null

27-02-2025T17:40:20 - [TEST_STEP][PASSED] - myType = element.getAttribute("type"): null

27-02-2025T17:40:20 - [TEST_STEP][PASSED] - if (myValue in varParms[i]): null

27-02-2025T17:40:20 - [TEST_STEP][PASSED] - else: null

27-02-2025T17:40:20 - [TEST_STEP][PASSED] - inList = false: null

27-02-2025T17:40:20 - [TEST_STEP][PASSED] - if (myType == "checkbox"): null

27-02-2025T17:40:20 - [TEST_STEP][PASSED] - myStatus = element.isSelected(): null

27-02-2025T17:40:20 - [TEST_STEP][PASSED] - if (debug): null

27-02-2025T17:40:20 - [TEST_STEP][PASSED] - if (toggle && myStatus && inList): null

27-02-2025T17:40:20 - [TEST_STEP][PASSED] - if (!(myStatus) && inList || myStatus && !(inList)): null

27-02-2025T17:40:20 - [TEST_STEP][PASSED] - myValue = element.getAttribute("value"): null

27-02-2025T17:40:20 - [TEST_STEP][PASSED] - if (debug): null

27-02-2025T17:40:20 - [TEST_STEP][PASSED] - if (myValue.length() >= 4): null

27-02-2025T17:40:20 - [TEST_STEP][PASSED] - if (myValue.substring(0, 4) == "(!) "): null

27-02-2025T17:40:20 - [TEST_STEP][PASSED] - myValue = myValue.substring(4): null

27-02-2025T17:40:20 - [TEST_STEP][PASSED] - if (debug): null

27-02-2025T17:40:20 - [TEST_STEP][PASSED] - myType = element.getAttribute("type"): null

27-02-2025T17:40:20 - [TEST_STEP][PASSED] - if (myValue in varParms[i]): null

27-02-2025T17:40:20 - [TEST_STEP][PASSED] - else: null

27-02-2025T17:40:20 - [TEST_STEP][PASSED] - inList = false: null

27-02-2025T17:40:20 - [TEST_STEP][PASSED] - if (myType == "checkbox"): null

27-02-2025T17:40:20 - [TEST_STEP][PASSED] - myStatus = element.isSelected(): null

27-02-2025T17:40:20 - [TEST_STEP][PASSED] - if (debug): null

27-02-2025T17:40:20 - [TEST_STEP][PASSED] - if (toggle && myStatus && inList): null

27-02-2025T17:40:20 - [TEST_STEP][PASSED] - if (!(myStatus) && inList || myStatus && !(inList)): null

27-02-2025T17:40:20 - [TEST_STEP][PASSED] - if (debug): null

27-02-2025T17:40:20 - [TEST_STEP][PASSED] - if (varParms[i].indexOf("Europe") >= 0): null

27-02-2025T17:40:20 - [TEST_STEP][PASSED] - elements = driver.findElements(By.xpath(varXpaths[i])): null

27-02-2025T17:40:20 - [TEST_STEP][PASSED] - element_count = elements.size(): null

27-02-2025T17:40:20 - [TEST_STEP][PASSED] - for (def element : elements): null

27-02-2025T17:40:20 - [TEST_STEP][PASSED] - myValue = element.getAttribute("value"): null

27-02-2025T17:40:20 - [TEST_STEP][PASSED] - if (debug): null

27-02-2025T17:40:20 - [TEST_STEP][PASSED] - if (myValue.length() >= 4): null

27-02-2025T17:40:20 - [TEST_STEP][PASSED] - if (myValue.substring(0, 4) == "(!) "): null

27-02-2025T17:40:20 - [TEST_STEP][PASSED] - myType = element.getAttribute("type"): null

27-02-2025T17:40:20 - [TEST_STEP][PASSED] - if (myValue in varParms[i]): null

27-02-2025T17:40:20 - [TEST_STEP][PASSED] - else: null

27-02-2025T17:40:20 - [TEST_STEP][PASSED] - inList = false: null

27-02-2025T17:40:20 - [TEST_STEP][PASSED] - if (myType == "checkbox"): null

27-02-2025T17:40:20 - [TEST_STEP][PASSED] - myStatus = element.isSelected(): null

27-02-2025T17:40:20 - [TEST_STEP][PASSED] - if (debug): null

27-02-2025T17:40:20 - [TEST_STEP][PASSED] - if (toggle && myStatus && inList): null

27-02-2025T17:40:20 - [TEST_STEP][PASSED] - if (!(myStatus) && inList || myStatus && !(inList)): null

27-02-2025T17:40:20 - [TEST_STEP][PASSED] - myValue = element.getAttribute("value"): null

27-02-2025T17:40:20 - [TEST_STEP][PASSED] - if (debug): null

27-02-2025T17:40:20 - [TEST_STEP][PASSED] - if (myValue.length() >= 4): null

27-02-2025T17:40:20 - [TEST_STEP][PASSED] - if (myValue.substring(0, 4) == "(!) "): null

27-02-2025T17:40:20 - [TEST_STEP][PASSED] - myType = element.getAttribute("type"): null

27-02-2025T17:40:20 - [TEST_STEP][PASSED] - if (myValue in varParms[i]): null

27-02-2025T17:40:20 - [TEST_STEP][PASSED] - inList = true: null

27-02-2025T17:40:20 - [TEST_STEP][PASSED] - if (myType == "checkbox"): null

27-02-2025T17:40:20 - [TEST_STEP][PASSED] - myStatus = element.isSelected(): null

27-02-2025T17:40:20 - [TEST_STEP][PASSED] - if (debug): null

27-02-2025T17:40:20 - [TEST_STEP][PASSED] - if (toggle && myStatus && inList): null

27-02-2025T17:40:20 - [TEST_STEP][PASSED] - if (!(myStatus) && inList || myStatus && !(inList)): null

27-02-2025T17:40:20 - [TEST_STEP][PASSED] - if (debug): null

27-02-2025T17:40:20 - [TEST_STEP][PASSED] - println("Clicking " + myValue): null

27-02-2025T17:40:20 - [TEST_STEP][PASSED] - click(element): null

27-02-2025T17:40:20 - [TEST_STEP][PASSED] - scrollToObject(elem): null

27-02-2025T17:40:20 - [TEST_STEP][PASSED] - loc = element.getLocation(): null

27-02-2025T17:40:20 - [TEST_STEP][PASSED] - if (debug): null

27-02-2025T17:40:20 - [TEST_STEP][PASSED] - y = loc.getY(): null

27-02-2025T17:40:20 - [TEST_STEP][PASSED] - println("Y location is " + y): null

27-02-2025T17:40:20 - [TEST_STEP][PASSED] - top = getViewportTopPosition(): Current viewport's top (y) position is 993

27-02-2025T17:40:20 - [MESSAGE][PASSED] - Current viewport's top (y) position is 993

27-02-2025T17:40:20 - [TEST_STEP][PASSED] - println("Viewport top is " + top): null

27-02-2025T17:40:20 - [TEST_STEP][PASSED] - bottom = top + 600: null

27-02-2025T17:40:20 - [TEST_STEP][PASSED] - if (y - top < 150 || bottom - y < 10): null

27-02-2025T17:40:20 - [TEST_STEP][PASSED] - elem.click(): null

27-02-2025T17:40:20 - [TEST_STEP][PASSED] - myValue = element.getAttribute("value"): null

27-02-2025T17:40:20 - [TEST_STEP][PASSED] - if (debug): null

27-02-2025T17:40:20 - [TEST_STEP][PASSED] - if (myValue.length() >= 4): null

27-02-2025T17:40:20 - [TEST_STEP][PASSED] - if (myValue.substring(0, 4) == "(!) "): null

27-02-2025T17:40:20 - [TEST_STEP][PASSED] - myType = element.getAttribute("type"): null

27-02-2025T17:40:20 - [TEST_STEP][PASSED] - if (myValue in varParms[i]): null

27-02-2025T17:40:20 - [TEST_STEP][PASSED] - inList = true: null

27-02-2025T17:40:20 - [TEST_STEP][PASSED] - if (myType == "checkbox"): null

27-02-2025T17:40:20 - [TEST_STEP][PASSED] - myStatus = element.isSelected(): null

27-02-2025T17:40:20 - [TEST_STEP][PASSED] - if (debug): null

27-02-2025T17:40:20 - [TEST_STEP][PASSED] - if (toggle && myStatus && inList): null

27-02-2025T17:40:20 - [TEST_STEP][PASSED] - if (!(myStatus) && inList || myStatus && !(inList)): null

27-02-2025T17:40:20 - [TEST_STEP][PASSED] - if (debug): null

27-02-2025T17:40:20 - [TEST_STEP][PASSED] - println("Clicking " + myValue): null

27-02-2025T17:40:20 - [TEST_STEP][PASSED] - click(element): null

27-02-2025T17:40:20 - [TEST_STEP][PASSED] - scrollToObject(elem): null

27-02-2025T17:40:20 - [TEST_STEP][PASSED] - loc = element.getLocation(): null

27-02-2025T17:40:20 - [TEST_STEP][PASSED] - if (debug): null

27-02-2025T17:40:20 - [TEST_STEP][PASSED] - y = loc.getY(): null

27-02-2025T17:40:20 - [TEST_STEP][PASSED] - println("Y location is " + y): null

27-02-2025T17:40:20 - [TEST_STEP][PASSED] - top = getViewportTopPosition(): Current viewport's top (y) position is 993

27-02-2025T17:40:20 - [MESSAGE][PASSED] - Current viewport's top (y) position is 993

27-02-2025T17:40:20 - [TEST_STEP][PASSED] - println("Viewport top is " + top): null

27-02-2025T17:40:20 - [TEST_STEP][PASSED] - bottom = top + 600: null

27-02-2025T17:40:20 - [TEST_STEP][PASSED] - if (y - top < 150 || bottom - y < 10): null

27-02-2025T17:40:20 - [TEST_STEP][PASSED] - elem.click(): null

27-02-2025T17:40:20 - [TEST_STEP][PASSED] - myValue = element.getAttribute("value"): null

27-02-2025T17:40:20 - [TEST_STEP][PASSED] - if (debug): null

27-02-2025T17:40:20 - [TEST_STEP][PASSED] - if (myValue.length() >= 4): null

27-02-2025T17:40:20 - [TEST_STEP][PASSED] - if (myValue.substring(0, 4) == "(!) "): null

27-02-2025T17:40:20 - [TEST_STEP][PASSED] - myType = element.getAttribute("type"): null

27-02-2025T17:40:20 - [TEST_STEP][PASSED] - if (myValue in varParms[i]): null

27-02-2025T17:40:20 - [TEST_STEP][PASSED] - else: null

27-02-2025T17:40:20 - [TEST_STEP][PASSED] - inList = false: null

27-02-2025T17:40:20 - [TEST_STEP][PASSED] - if (myType == "checkbox"): null

27-02-2025T17:40:20 - [TEST_STEP][PASSED] - myStatus = element.isSelected(): null

27-02-2025T17:40:20 - [TEST_STEP][PASSED] - if (debug): null

27-02-2025T17:40:20 - [TEST_STEP][PASSED] - if (toggle && myStatus && inList): null

27-02-2025T17:40:20 - [TEST_STEP][PASSED] - if (!(myStatus) && inList || myStatus && !(inList)): null

27-02-2025T17:40:20 - [TEST_STEP][PASSED] - myValue = element.getAttribute("value"): null

27-02-2025T17:40:20 - [TEST_STEP][PASSED] - if (debug): null

27-02-2025T17:40:20 - [TEST_STEP][PASSED] - if (myValue.length() >= 4): null

27-02-2025T17:40:20 - [TEST_STEP][PASSED] - if (myValue.substring(0, 4) == "(!) "): null

27-02-2025T17:40:20 - [TEST_STEP][PASSED] - myType = element.getAttribute("type"): null

27-02-2025T17:40:20 - [TEST_STEP][PASSED] - if (myValue in varParms[i]): null

27-02-2025T17:40:20 - [TEST_STEP][PASSED] - else: null

27-02-2025T17:40:20 - [TEST_STEP][PASSED] - inList = false: null

27-02-2025T17:40:20 - [TEST_STEP][PASSED] - if (myType == "checkbox"): null

27-02-2025T17:40:20 - [TEST_STEP][PASSED] - myStatus = element.isSelected(): null

27-02-2025T17:40:20 - [TEST_STEP][PASSED] - if (debug): null

27-02-2025T17:40:20 - [TEST_STEP][PASSED] - if (toggle && myStatus && inList): null

27-02-2025T17:40:20 - [TEST_STEP][PASSED] - if (!(myStatus) && inList || myStatus && !(inList)): null

27-02-2025T17:40:20 - [TEST_STEP][PASSED] - myValue = element.getAttribute("value"): null

27-02-2025T17:40:20 - [TEST_STEP][PASSED] - if (debug): null

27-02-2025T17:40:20 - [TEST_STEP][PASSED] - if (myValue.length() >= 4): null

27-02-2025T17:40:20 - [TEST_STEP][PASSED] - if (myValue.substring(0, 4) == "(!) "): null

27-02-2025T17:40:20 - [TEST_STEP][PASSED] - myValue = myValue.substring(4): null

27-02-2025T17:40:20 - [TEST_STEP][PASSED] - if (debug): null

27-02-2025T17:40:20 - [TEST_STEP][PASSED] - myType = element.getAttribute("type"): null

27-02-2025T17:40:20 - [TEST_STEP][PASSED] - if (myValue in varParms[i]): null

27-02-2025T17:40:20 - [TEST_STEP][PASSED] - else: null

27-02-2025T17:40:20 - [TEST_STEP][PASSED] - inList = false: null

27-02-2025T17:40:20 - [TEST_STEP][PASSED] - if (myType == "checkbox"): null

27-02-2025T17:40:20 - [TEST_STEP][PASSED] - myStatus = element.isSelected(): null

27-02-2025T17:40:20 - [TEST_STEP][PASSED] - if (debug): null

27-02-2025T17:40:20 - [TEST_STEP][PASSED] - if (toggle && myStatus && inList): null

27-02-2025T17:40:20 - [TEST_STEP][PASSED] - if (!(myStatus) && inList || myStatus && !(inList)): null

27-02-2025T17:40:20 - [TEST_STEP][PASSED] - frame.dispose(): null

27-02-2025T17:40:20 - [MESSAGE][PASSED] - Call Test Case 'Test Cases/_Functions/Click on Group Elements' successfully

27-02-2025T17:40:20 - [TEST_STEP][PASSED] - if (varAwareness_trip == "Yes"): Call Test Case 'Test Cases/_Functions/Perform Action' successfully

27-02-2025T17:40:20 - [TEST_STEP][PASSED] - object = "Object Repository/Journey Partner Profile/Tabs/Service Options/textarea_Awareness Trip Description": null

27-02-2025T17:40:20 - [TEST_STEP][PASSED] - callTestCase(findTestCase("_Functions/Perform Action"), ["varAction":"setText", "varObject":object, "varParm1":varAwareness_trip_description], STOP_ON_FAILURE): Call Test Case 'Test Cases/_Functions/Perform Action' successfully

27-02-2025T17:40:20 - [TEST_CASE][PASSED] - Test Cases/_Functions/Perform Action: Test Cases/_Functions/Perform Action

27-02-2025T17:40:20 - [TEST_STEP][PASSED] - action = varAction: null

27-02-2025T17:40:20 - [TEST_STEP][PASSED] - println(action): null

27-02-2025T17:40:20 - [TEST_STEP][PASSED] - testObject = varObject: null

27-02-2025T17:40:20 - [TEST_STEP][PASSED] - println(testObject): null

27-02-2025T17:40:20 - [TEST_STEP][PASSED] - parm1 = varParm1: null

27-02-2025T17:40:20 - [TEST_STEP][PASSED] - println(parm1): null

27-02-2025T17:40:20 - [TEST_STEP][PASSED] - println("Converting " + testObject + " to web element"): null

27-02-2025T17:40:20 - [TEST_STEP][PASSED] - element = findWebElement(findTestObject(testObject), 1): null

27-02-2025T17:40:20 - [TEST_STEP][PASSED] - loc = element.getLocation(): null

27-02-2025T17:40:20 - [TEST_STEP][PASSED] - y = loc.getY(): null

27-02-2025T17:40:20 - [TEST_STEP][PASSED] - println("Y location is " + y): null

27-02-2025T17:40:20 - [TEST_STEP][PASSED] - top = getViewportTopPosition(): Current viewport's top (y) position is 993

27-02-2025T17:40:20 - [MESSAGE][PASSED] - Current viewport's top (y) position is 993

27-02-2025T17:40:20 - [TEST_STEP][PASSED] - println("Viewport top is " + top): null

27-02-2025T17:40:20 - [TEST_STEP][PASSED] - bottom = top + 600: null

27-02-2025T17:40:20 - [TEST_STEP][PASSED] - if (y - top < 150 || bottom - y < 10): Delayed 1 second(s)

27-02-2025T17:40:20 - [TEST_STEP][PASSED] - scrollToPosition(0, y - 150): Browser is scrolled to position x = 0, y = 677

27-02-2025T17:40:20 - [MESSAGE][PASSED] - Browser is scrolled to position x = 0, y = 677

27-02-2025T17:40:20 - [TEST_STEP][PASSED] - delay(1): Delayed 1 second(s)

27-02-2025T17:40:21 - [MESSAGE][PASSED] - Delayed 1 second(s)

27-02-2025T17:40:21 - [TEST_STEP][PASSED] - if (action == "click"): null

27-02-2025T17:40:21 - [TEST_STEP][PASSED] - else if (action == "selectOptionByValue"): null

27-02-2025T17:40:21 - [TEST_STEP][PASSED] - else if (action == "setText"): Text 'Awareness trips to North Africa' is set on object 'Object Repository/Journey Partner Profile/Tabs/Service Options/textarea_Awareness Trip Description'

27-02-2025T17:40:21 - [TEST_STEP][PASSED] - println("Setting text " + parm1): null

27-02-2025T17:40:21 - [TEST_STEP][PASSED] - setText(findTestObject(testObject), parm1): Text 'Awareness trips to North Africa' is set on object 'Object Repository/Journey Partner Profile/Tabs/Service Options/textarea_Awareness Trip Description'

27-02-2025T17:40:21 - [MESSAGE][PASSED] - Text 'Awareness trips to North Africa' is set on object 'Object Repository/Journey Partner Profile/Tabs/Service Options/textarea_Awareness Trip Description'

27-02-2025T17:40:21 - [MESSAGE][PASSED] - Call Test Case 'Test Cases/_Functions/Perform Action' successfully

27-02-2025T17:40:21 - [TEST_STEP][PASSED] - if (varVision_trip == "Yes"): Call Test Case 'Test Cases/_Functions/Perform Action' successfully

27-02-2025T17:40:21 - [TEST_STEP][PASSED] - object = "Object Repository/Journey Partner Profile/Tabs/Service Options/textarea_Vision Trip Description": null

27-02-2025T17:40:21 - [TEST_STEP][PASSED] - callTestCase(findTestCase("_Functions/Perform Action"), ["varAction":"setText", "varObject":object, "varParm1":varVision_trip_description], STOP_ON_FAILURE): Call Test Case 'Test Cases/_Functions/Perform Action' successfully

27-02-2025T17:40:21 - [TEST_CASE][PASSED] - Test Cases/_Functions/Perform Action: Test Cases/_Functions/Perform Action

27-02-2025T17:40:21 - [TEST_STEP][PASSED] - action = varAction: null

27-02-2025T17:40:21 - [TEST_STEP][PASSED] - println(action): null

27-02-2025T17:40:21 - [TEST_STEP][PASSED] - testObject = varObject: null

27-02-2025T17:40:21 - [TEST_STEP][PASSED] - println(testObject): null

27-02-2025T17:40:21 - [TEST_STEP][PASSED] - parm1 = varParm1: null

27-02-2025T17:40:21 - [TEST_STEP][PASSED] - println(parm1): null

27-02-2025T17:40:21 - [TEST_STEP][PASSED] - println("Converting " + testObject + " to web element"): null

27-02-2025T17:40:21 - [TEST_STEP][PASSED] - element = findWebElement(findTestObject(testObject), 1): null

27-02-2025T17:40:21 - [TEST_STEP][PASSED] - loc = element.getLocation(): null

27-02-2025T17:40:21 - [TEST_STEP][PASSED] - y = loc.getY(): null

27-02-2025T17:40:21 - [TEST_STEP][PASSED] - println("Y location is " + y): null

27-02-2025T17:40:21 - [TEST_STEP][PASSED] - top = getViewportTopPosition(): Current viewport's top (y) position is 677

27-02-2025T17:40:21 - [MESSAGE][PASSED] - Current viewport's top (y) position is 677

27-02-2025T17:40:21 - [TEST_STEP][PASSED] - println("Viewport top is " + top): null

27-02-2025T17:40:21 - [TEST_STEP][PASSED] - bottom = top + 600: null

27-02-2025T17:40:21 - [TEST_STEP][PASSED] - if (y - top < 150 || bottom - y < 10): null

27-02-2025T17:40:21 - [TEST_STEP][PASSED] - if (action == "click"): null

27-02-2025T17:40:21 - [TEST_STEP][PASSED] - else if (action == "selectOptionByValue"): null

27-02-2025T17:40:21 - [TEST_STEP][PASSED] - else if (action == "setText"): Text 'Several vision trip options' is set on object 'Object Repository/Journey Partner Profile/Tabs/Service Options/textarea_Vision Trip Description'

27-02-2025T17:40:21 - [TEST_STEP][PASSED] - println("Setting text " + parm1): null

27-02-2025T17:40:21 - [TEST_STEP][PASSED] - setText(findTestObject(testObject), parm1): Text 'Several vision trip options' is set on object 'Object Repository/Journey Partner Profile/Tabs/Service Options/textarea_Vision Trip Description'

27-02-2025T17:40:21 - [MESSAGE][PASSED] - Text 'Several vision trip options' is set on object 'Object Repository/Journey Partner Profile/Tabs/Service Options/textarea_Vision Trip Description'

27-02-2025T17:40:21 - [MESSAGE][PASSED] - Call Test Case 'Test Cases/_Functions/Perform Action' successfully

27-02-2025T17:40:21 - [TEST_STEP][PASSED] - if (varShort_term_statement != null): Call Test Case 'Test Cases/_Functions/Perform Action' successfully

27-02-2025T17:40:21 - [TEST_STEP][PASSED] - object = "Object Repository/Journey Partner Profile/Tabs/Service Options/textarea_Short-Term Statement": null

27-02-2025T17:40:21 - [TEST_STEP][PASSED] - callTestCase(findTestCase("_Functions/Perform Action"), ["varAction":"setText", "varObject":object, "varParm1":varShort_term_statement], STOP_ON_FAILURE): Call Test Case 'Test Cases/_Functions/Perform Action' successfully

27-02-2025T17:40:21 - [TEST_CASE][PASSED] - Test Cases/_Functions/Perform Action: Test Cases/_Functions/Perform Action

27-02-2025T17:40:21 - [TEST_STEP][PASSED] - action = varAction: null

27-02-2025T17:40:21 - [TEST_STEP][PASSED] - println(action): null

27-02-2025T17:40:21 - [TEST_STEP][PASSED] - testObject = varObject: null

27-02-2025T17:40:21 - [TEST_STEP][PASSED] - println(testObject): null

27-02-2025T17:40:21 - [TEST_STEP][PASSED] - parm1 = varParm1: null

27-02-2025T17:40:21 - [TEST_STEP][PASSED] - println(parm1): null

27-02-2025T17:40:21 - [TEST_STEP][PASSED] - println("Converting " + testObject + " to web element"): null

27-02-2025T17:40:21 - [TEST_STEP][PASSED] - element = findWebElement(findTestObject(testObject), 1): null

27-02-2025T17:40:21 - [TEST_STEP][PASSED] - loc = element.getLocation(): null

27-02-2025T17:40:21 - [TEST_STEP][PASSED] - y = loc.getY(): null

27-02-2025T17:40:21 - [TEST_STEP][PASSED] - println("Y location is " + y): null

27-02-2025T17:40:21 - [TEST_STEP][PASSED] - top = getViewportTopPosition(): Current viewport's top (y) position is 677

27-02-2025T17:40:21 - [MESSAGE][PASSED] - Current viewport's top (y) position is 677

27-02-2025T17:40:21 - [TEST_STEP][PASSED] - println("Viewport top is " + top): null

27-02-2025T17:40:21 - [TEST_STEP][PASSED] - bottom = top + 600: null

27-02-2025T17:40:21 - [TEST_STEP][PASSED] - if (y - top < 150 || bottom - y < 10): Delayed 1 second(s)

27-02-2025T17:40:21 - [TEST_STEP][PASSED] - scrollToPosition(0, y - 150): Browser is scrolled to position x = 0, y = 1181

27-02-2025T17:40:21 - [MESSAGE][PASSED] - Browser is scrolled to position x = 0, y = 1181

27-02-2025T17:40:21 - [TEST_STEP][PASSED] - delay(1): Delayed 1 second(s)

27-02-2025T17:40:22 - [MESSAGE][PASSED] - Delayed 1 second(s)

27-02-2025T17:40:22 - [TEST_STEP][PASSED] - if (action == "click"): null

27-02-2025T17:40:22 - [TEST_STEP][PASSED] - else if (action == "selectOptionByValue"): null

27-02-2025T17:40:22 - [TEST_STEP][PASSED] - else if (action == "setText"): Text 'Many short-term opportunities.' is set on object 'Object Repository/Journey Partner Profile/Tabs/Service Options/textarea_Short-Term Statement'

27-02-2025T17:40:22 - [TEST_STEP][PASSED] - println("Setting text " + parm1): null

27-02-2025T17:40:22 - [TEST_STEP][PASSED] - setText(findTestObject(testObject), parm1): Text 'Many short-term opportunities.' is set on object 'Object Repository/Journey Partner Profile/Tabs/Service Options/textarea_Short-Term Statement'

27-02-2025T17:40:23 - [MESSAGE][PASSED] - Text 'Many short-term opportunities.' is set on object 'Object Repository/Journey Partner Profile/Tabs/Service Options/textarea_Short-Term Statement'

27-02-2025T17:40:23 - [MESSAGE][PASSED] - Call Test Case 'Test Cases/_Functions/Perform Action' successfully

27-02-2025T17:40:23 - [TEST_STEP][PASSED] - if (varOther_languages != null): Call Test Case 'Test Cases/_Functions/Perform Action' successfully

27-02-2025T17:40:23 - [TEST_STEP][PASSED] - object = "Object Repository/Journey Partner Profile/Tabs/Service Options/input_Other Languages": null

27-02-2025T17:40:23 - [TEST_STEP][PASSED] - callTestCase(findTestCase("_Functions/Perform Action"), ["varAction":"setText", "varObject":object, "varParm1":varOther_languages], STOP_ON_FAILURE): Call Test Case 'Test Cases/_Functions/Perform Action' successfully

27-02-2025T17:40:23 - [TEST_CASE][PASSED] - Test Cases/_Functions/Perform Action: Test Cases/_Functions/Perform Action

27-02-2025T17:40:23 - [TEST_STEP][PASSED] - action = varAction: null

27-02-2025T17:40:23 - [TEST_STEP][PASSED] - println(action): null

27-02-2025T17:40:23 - [TEST_STEP][PASSED] - testObject = varObject: null

27-02-2025T17:40:23 - [TEST_STEP][PASSED] - println(testObject): null

27-02-2025T17:40:23 - [TEST_STEP][PASSED] - parm1 = varParm1: null

27-02-2025T17:40:23 - [TEST_STEP][PASSED] - println(parm1): null

27-02-2025T17:40:23 - [TEST_STEP][PASSED] - println("Converting " + testObject + " to web element"): null

27-02-2025T17:40:23 - [TEST_STEP][PASSED] - element = findWebElement(findTestObject(testObject), 1): null

27-02-2025T17:40:23 - [TEST_STEP][PASSED] - loc = element.getLocation(): null

27-02-2025T17:40:23 - [TEST_STEP][PASSED] - y = loc.getY(): null

27-02-2025T17:40:23 - [TEST_STEP][PASSED] - println("Y location is " + y): null

27-02-2025T17:40:23 - [TEST_STEP][PASSED] - top = getViewportTopPosition(): Current viewport's top (y) position is 1181

27-02-2025T17:40:23 - [MESSAGE][PASSED] - Current viewport's top (y) position is 1181

27-02-2025T17:40:23 - [TEST_STEP][PASSED] - println("Viewport top is " + top): null

27-02-2025T17:40:23 - [TEST_STEP][PASSED] - bottom = top + 600: null

27-02-2025T17:40:23 - [TEST_STEP][PASSED] - if (y - top < 150 || bottom - y < 10): null

27-02-2025T17:40:23 - [TEST_STEP][PASSED] - if (action == "click"): null

27-02-2025T17:40:23 - [TEST_STEP][PASSED] - else if (action == "selectOptionByValue"): null

27-02-2025T17:40:23 - [TEST_STEP][PASSED] - else if (action == "setText"): Text 'Polish' is set on object 'Object Repository/Journey Partner Profile/Tabs/Service Options/input_Other Languages'

27-02-2025T17:40:23 - [TEST_STEP][PASSED] - println("Setting text " + parm1): null

27-02-2025T17:40:23 - [TEST_STEP][PASSED] - setText(findTestObject(testObject), parm1): Text 'Polish' is set on object 'Object Repository/Journey Partner Profile/Tabs/Service Options/input_Other Languages'

27-02-2025T17:40:23 - [MESSAGE][PASSED] - Text 'Polish' is set on object 'Object Repository/Journey Partner Profile/Tabs/Service Options/input_Other Languages'

27-02-2025T17:40:23 - [MESSAGE][PASSED] - Call Test Case 'Test Cases/_Functions/Perform Action' successfully

27-02-2025T17:40:23 - [TEST_STEP][PASSED] - object = "Journey Partner Profile/Tabs/btn_Complete Submit": null

27-02-2025T17:40:23 - [TEST_STEP][PASSED] - callTestCase(findTestCase("_Functions/Perform Action"), ["varAction":"click", "varObject":object], STOP_ON_FAILURE): Call Test Case 'Test Cases/_Functions/Perform Action' successfully

27-02-2025T17:40:23 - [TEST_CASE][PASSED] - Test Cases/_Functions/Perform Action: Test Cases/_Functions/Perform Action

27-02-2025T17:40:23 - [TEST_STEP][PASSED] - action = varAction: null

27-02-2025T17:40:23 - [TEST_STEP][PASSED] - println(action): null

27-02-2025T17:40:23 - [TEST_STEP][PASSED] - testObject = varObject: null

27-02-2025T17:40:23 - [TEST_STEP][PASSED] - println(testObject): null

27-02-2025T17:40:23 - [TEST_STEP][PASSED] - parm1 = varParm1: null

27-02-2025T17:40:23 - [TEST_STEP][PASSED] - println(parm1): null

27-02-2025T17:40:23 - [TEST_STEP][PASSED] - println("Converting " + testObject + " to web element"): null

27-02-2025T17:40:23 - [TEST_STEP][PASSED] - element = findWebElement(findTestObject(testObject), 1): null

27-02-2025T17:40:23 - [TEST_STEP][PASSED] - loc = element.getLocation(): null

27-02-2025T17:40:23 - [TEST_STEP][PASSED] - y = loc.getY(): null

27-02-2025T17:40:23 - [TEST_STEP][PASSED] - println("Y location is " + y): null

27-02-2025T17:40:23 - [TEST_STEP][PASSED] - top = getViewportTopPosition(): Current viewport's top (y) position is 1181

27-02-2025T17:40:23 - [MESSAGE][PASSED] - Current viewport's top (y) position is 1181

27-02-2025T17:40:23 - [TEST_STEP][PASSED] - println("Viewport top is " + top): null

27-02-2025T17:40:23 - [TEST_STEP][PASSED] - bottom = top + 600: null

27-02-2025T17:40:23 - [TEST_STEP][PASSED] - if (y - top < 150 || bottom - y < 10): Delayed 1 second(s)

27-02-2025T17:40:23 - [TEST_STEP][PASSED] - scrollToPosition(0, y - 150): Browser is scrolled to position x = 0, y = 1669

27-02-2025T17:40:23 - [MESSAGE][PASSED] - Browser is scrolled to position x = 0, y = 1669

27-02-2025T17:40:23 - [TEST_STEP][PASSED] - delay(1): Delayed 1 second(s)

27-02-2025T17:40:24 - [MESSAGE][PASSED] - Delayed 1 second(s)

27-02-2025T17:40:24 - [TEST_STEP][PASSED] - if (action == "click"): Object: 'Object Repository/Journey Partner Profile/Tabs/btn_Complete Submit' is clicked on

27-02-2025T17:40:24 - [TEST_STEP][PASSED] - println("clicking"): null

27-02-2025T17:40:24 - [TEST_STEP][PASSED] - click(findTestObject(testObject)): Object: 'Object Repository/Journey Partner Profile/Tabs/btn_Complete Submit' is clicked on

27-02-2025T17:40:28 - [MESSAGE][PASSED] - Object: 'Object Repository/Journey Partner Profile/Tabs/btn_Complete Submit' is clicked on

27-02-2025T17:40:28 - [MESSAGE][PASSED] - Call Test Case 'Test Cases/_Functions/Perform Action' successfully

27-02-2025T17:40:28 - [MESSAGE][PASSED] - Call Test Case 'Test Cases/Journey Partner Profile/Tabs/Set Service Options' successfully

27-02-2025T17:40:28 - [TEST_STEP][PASSED] - if (pages.size() == 0 || "All" in pages || "Readiness" in pages): Call Test Case 'Test Cases/Journey Partner Profile/Tabs/Set Readiness' successfully

27-02-2025T17:40:28 - [TEST_STEP][PASSED] - process_stage = ["I am actively investigating missions", "I am ready to select a ministry"]: null

27-02-2025T17:40:28 - [TEST_STEP][PASSED] - cross_cultural = ["Not served in a culture other than my own", "Occasionally served in cultures other than my own", "Extensive experience serving in cultures other than my own"]: null

27-02-2025T17:40:28 - [TEST_STEP][PASSED] - bible_training = ["Some Bible school classes", "Bible school degree or equivalent"]: null

27-02-2025T17:40:28 - [TEST_STEP][PASSED] - perspectives = ["I have not taken the Perspectives Course", "I am planning to take the Perspectives Course", "I have taken or am taking the Perspectives Course"]: null

27-02-2025T17:40:28 - [TEST_STEP][PASSED] - relocation = ["I am willing to relocate within North America", "I am willing to relocate overseas"]: null

27-02-2025T17:40:28 - [TEST_STEP][PASSED] - callTestCase(findTestCase("Journey Partner Profile/Tabs/Set Readiness"), ["varProcess_stage":process_stage, "varCross_cultural":cross_cultural, "varBible_training":bible_training, "varPerspectives":perspectives, ... ], OPTIONAL): Call Test Case 'Test Cases/Journey Partner Profile/Tabs/Set Readiness' successfully

27-02-2025T17:40:28 - [TEST_CASE][PASSED] - Test Cases/Journey Partner Profile/Tabs/Set Readiness: Test Cases/Journey Partner Profile/Tabs/Set Readiness

27-02-2025T17:40:28 - [TEST_STEP][PASSED] - username = username: null

27-02-2025T17:40:28 - [TEST_STEP][PASSED] - if (username != "cktest07jp" && username != "cktest02jp"): null

27-02-2025T17:40:28 - [TEST_STEP][PASSED] - domain = domain: null

27-02-2025T17:40:28 - [TEST_STEP][PASSED] - writeFile = false: null

27-02-2025T17:40:28 - [TEST_STEP][PASSED] - testName = "Journey Partner Readiness Tab": null

27-02-2025T17:40:28 - [TEST_STEP][PASSED] - outFile = callTestCase(findTestCase("_Functions/Set Output File"), ["varTestName":testName], STOP_ON_FAILURE): Call Test Case 'Test Cases/_Functions/Set Output File' successfully

27-02-2025T17:40:29 - [TEST_CASE][PASSED] - Test Cases/_Functions/Set Output File: Test Cases/_Functions/Set Output File

27-02-2025T17:40:29 - [TEST_STEP][PASSED] - testName = varTestName: null

27-02-2025T17:40:29 - [TEST_STEP][PASSED] - domain = domain: null

27-02-2025T17:40:29 - [TEST_STEP][PASSED] - writeFile = false: null

27-02-2025T17:40:29 - [TEST_STEP][PASSED] - if (outFile != ""): null

27-02-2025T17:40:29 - [TEST_STEP][PASSED] - myFile = outFile: null

27-02-2025T17:40:29 - [TEST_STEP][PASSED] - println(myFile): null

27-02-2025T17:40:29 - [TEST_STEP][PASSED] - outFile = new java.io.File(myFile): null

27-02-2025T17:40:29 - [TEST_STEP][PASSED] - writeFile = true: null

27-02-2025T17:40:29 - [TEST_STEP][PASSED] - if (!(writeFile)): null

27-02-2025T17:40:29 - [TEST_STEP][PASSED] - else: null

27-02-2025T17:40:29 - [TEST_STEP][PASSED] - outFile.append("
Testing " + testName + " on " + domain + ".
"): null

27-02-2025T17:40:29 - [TEST_STEP][PASSED] - return outFile: null

27-02-2025T17:40:29 - [MESSAGE][PASSED] - Call Test Case 'Test Cases/_Functions/Set Output File' successfully

27-02-2025T17:40:29 - [TEST_STEP][PASSED] - parms = [varProcess_stage, varCross_cultural, varBible_training, varPerspectives, varRelocation]: null

27-02-2025T17:40:29 - [TEST_STEP][PASSED] - process_stage = "//input[@id='profile_group-1446521801.898_candidate_process_stages']": null

27-02-2025T17:40:29 - [TEST_STEP][PASSED] - cross_cultural = "//input[@id='profile_group-1446521801.898_cross-cultural_experience']": null

27-02-2025T17:40:29 - [TEST_STEP][PASSED] - bible_training = "//input[@id='profile_group-1446521801.898_bible_school_training']": null

27-02-2025T17:40:29 - [TEST_STEP][PASSED] - perspectives = "//input[@id='profile_group-1446521801.898_attended_perspectives?']": null

27-02-2025T17:40:29 - [TEST_STEP][PASSED] - relocation = "//input[@id='profile_group-1446521801.898_relocation_question']": null

27-02-2025T17:40:29 - [TEST_STEP][PASSED] - xpaths = [process_stage, cross_cultural, bible_training, perspectives, relocation]: null

27-02-2025T17:40:29 - [TEST_STEP][PASSED] - tooltipImagePath = "/Users/cckozie/git/MissionNext-Katalon-Koz/images/Journey partner/": null

27-02-2025T17:40:29 - [TEST_STEP][PASSED] - testObjectFolder = "Journey Partner Profile/Tabs/Readiness/": null

27-02-2025T17:40:29 - [TEST_STEP][PASSED] - tooltips = ["dummy":"dummy", "Process Stage":"img_Process Stage_field-tooltip", "Cross-cultural Experience":"img_Cross-cultural Experience_field-tooltip", ... ]: null

27-02-2025T17:40:29 - [TEST_STEP][PASSED] - tooltipText = ["Process Stage":"Candidates are asked where they are in the exploration process. The first choice, beginning, matches all candidates. ", "Cross-cultural Experience":"Select those that would be acceptable for most positions. The first choice will match all candidates.", ... ]: null

27-02-2025T17:40:29 - [TEST_STEP][PASSED] - requiredFieldMsgs = ["Process Stage":"The candidate process stages field is required.", "Cross-cultural Experience":"The cross-cultural experience field is required.", ... ]: null

27-02-2025T17:40:29 - [TEST_STEP][PASSED] - click(findTestObject("Object Repository/Journey Partner Profile/Tabs/a_Readiness")): Object: 'Object Repository/Journey Partner Profile/Tabs/a_Readiness' is clicked on

27-02-2025T17:40:29 - [MESSAGE][PASSED] - Object: 'Object Repository/Journey Partner Profile/Tabs/a_Readiness' is clicked on

27-02-2025T17:40:29 - [TEST_STEP][PASSED] - tooltipTextMap = callTestCase(findTestCase("_Functions/Get Screenshot and Tooltip Text"), ["varExtension":testName], STOP_ON_FAILURE): Call Test Case 'Test Cases/_Functions/Get Screenshot and Tooltip Text' successfully

27-02-2025T17:40:29 - [TEST_CASE][PASSED] - Test Cases/_Functions/Get Screenshot and Tooltip Text: Test Cases/_Functions/Get Screenshot and Tooltip Text

27-02-2025T17:40:29 - [TEST_STEP][PASSED] - if (fastPath): null

27-02-2025T17:40:29 - [TEST_STEP][PASSED] - frame = new javax.swing.JFrame(): null

27-02-2025T17:40:29 - [TEST_STEP][PASSED] - p = new javax.swing.JPanel(): null

27-02-2025T17:40:29 - [TEST_STEP][PASSED] - l = new javax.swing.JLabel(Getting screenshot and tooltip text..., javax.swing.SwingConstants.CENTER): null

27-02-2025T17:40:29 - [TEST_STEP][PASSED] - frame.add(l): null

27-02-2025T17:40:29 - [TEST_STEP][PASSED] - frame.setSize(300, 100): null

27-02-2025T17:40:29 - [TEST_STEP][PASSED] - frame.setLocation(600, 0): null

27-02-2025T17:40:29 - [TEST_STEP][PASSED] - frame.setAlwaysOnTop(true): null

27-02-2025T17:40:29 - [TEST_STEP][PASSED] - frame.show(): null

27-02-2025T17:40:29 - [TEST_STEP][PASSED] - driver = getWebDriver(): null

27-02-2025T17:40:29 - [TEST_STEP][PASSED] - path = "/Users/cckozie/Documents/MissionNext/Screenshots and Tooltip Text/": null

27-02-2025T17:40:29 - [TEST_STEP][PASSED] - if (binding.hasVariable("varExtension")): null

27-02-2025T17:40:29 - [TEST_STEP][PASSED] - extension = varExtension: null

27-02-2025T17:40:29 - [TEST_STEP][PASSED] - println("Extension is " + extension): null

27-02-2025T17:40:29 - [TEST_STEP][PASSED] - fileBase = path + extension: null

27-02-2025T17:40:29 - [TEST_STEP][PASSED] - fileImage = fileBase + "_Screenshot.png": null

27-02-2025T17:40:29 - [TEST_STEP][PASSED] - waitForPageLoad(30): Wait for page load successfully

27-02-2025T17:40:29 - [MESSAGE][PASSED] - Wait for page load successfully

27-02-2025T17:40:29 - [TEST_STEP][PASSED] - spinner = driver.findElement(By.xpath("/html/body/div[1]/div/div[2]")): null

27-02-2025T17:40:29 - [TEST_STEP][PASSED] - executor = driver: null

27-02-2025T17:40:29 - [TEST_STEP][PASSED] - elementAttributes = executor.executeScript("var items = {}; for (index = 0; index < arguments[0].attributes.length; ++index) { items[arguments[0].attributes[index].name] = arguments[0].attributes[index].value }; return items;", spinner): null

27-02-2025T17:40:29 - [TEST_STEP][PASSED] - attrs = elementAttributes.toString(): null

27-02-2025T17:40:29 - [TEST_STEP][PASSED] - waits = 0: null

27-02-2025T17:40:29 - [TEST_STEP][PASSED] - while (attrs.indexOf("display: none") < 0 && waits < 2): null

27-02-2025T17:40:29 - [TEST_STEP][PASSED] - tooltipMap = callTestCase(findTestCase("_Functions/Get Tooltip Text"), [:], STOP_ON_FAILURE): Call Test Case 'Test Cases/_Functions/Get Tooltip Text' successfully

27-02-2025T17:40:29 - [TEST_CASE][PASSED] - Test Cases/_Functions/Get Tooltip Text: Test Cases/_Functions/Get Tooltip Text

27-02-2025T17:40:29 - [TEST_STEP][PASSED] - fieldTooltips = [:]: null

27-02-2025T17:40:29 - [TEST_STEP][PASSED] - tooltipMap = [:]: null

27-02-2025T17:40:29 - [TEST_STEP][PASSED] - driver = getWebDriver(): null

27-02-2025T17:40:29 - [TEST_STEP][PASSED] - tooltips = driver.findElements(By.className("field-tooltip")): null

27-02-2025T17:40:29 - [TEST_STEP][PASSED] - for (def it : tooltips): null

27-02-2025T17:40:29 - [TEST_STEP][PASSED] - if (it.isDisplayed()): null

27-02-2025T17:40:29 - [TEST_STEP][PASSED] - if (it.isDisplayed()): null

27-02-2025T17:40:29 - [TEST_STEP][PASSED] - if (it.isDisplayed()): null

27-02-2025T17:40:29 - [TEST_STEP][PASSED] - if (it.isDisplayed()): null

27-02-2025T17:40:29 - [TEST_STEP][PASSED] - if (it.isDisplayed()): null

27-02-2025T17:40:29 - [TEST_STEP][PASSED] - if (it.isDisplayed()): null

27-02-2025T17:40:29 - [TEST_STEP][PASSED] - if (it.isDisplayed()): null

27-02-2025T17:40:29 - [TEST_STEP][PASSED] - if (it.isDisplayed()): null

27-02-2025T17:40:29 - [TEST_STEP][PASSED] - if (it.isDisplayed()): null

27-02-2025T17:40:29 - [TEST_STEP][PASSED] - if (it.isDisplayed()): null

27-02-2025T17:40:29 - [TEST_STEP][PASSED] - if (it.isDisplayed()): null

27-02-2025T17:40:29 - [TEST_STEP][PASSED] - if (it.isDisplayed()): null

27-02-2025T17:40:29 - [TEST_STEP][PASSED] - if (it.isDisplayed()): null

27-02-2025T17:40:29 - [TEST_STEP][PASSED] - if (it.isDisplayed()): null

27-02-2025T17:40:29 - [TEST_STEP][PASSED] - if (it.isDisplayed()): null

27-02-2025T17:40:29 - [TEST_STEP][PASSED] - if (it.isDisplayed()): null

27-02-2025T17:40:29 - [TEST_STEP][PASSED] - if (it.isDisplayed()): null

27-02-2025T17:40:29 - [TEST_STEP][PASSED] - if (it.isDisplayed()): null

27-02-2025T17:40:29 - [TEST_STEP][PASSED] - if (it.isDisplayed()): null

27-02-2025T17:40:29 - [TEST_STEP][PASSED] - if (it.isDisplayed()): null

27-02-2025T17:40:29 - [TEST_STEP][PASSED] - if (it.isDisplayed()): null

27-02-2025T17:40:29 - [TEST_STEP][PASSED] - if (it.isDisplayed()): null

27-02-2025T17:40:29 - [TEST_STEP][PASSED] - if (it.isDisplayed()): null

27-02-2025T17:40:29 - [TEST_STEP][PASSED] - if (it.isDisplayed()): null

27-02-2025T17:40:29 - [TEST_STEP][PASSED] - if (it.isDisplayed()): null

27-02-2025T17:40:29 - [TEST_STEP][PASSED] - if (it.isDisplayed()): null

27-02-2025T17:40:29 - [TEST_STEP][PASSED] - if (it.isDisplayed()): null

27-02-2025T17:40:29 - [TEST_STEP][PASSED] - if (it.isDisplayed()): null

27-02-2025T17:40:29 - [TEST_STEP][PASSED] - ttText = it.getAttribute("data-original-title"): null

27-02-2025T17:40:29 - [TEST_STEP][PASSED] - ttLocation = it.getLocation(): null

27-02-2025T17:40:29 - [TEST_STEP][PASSED] - yLocation = ttLocation.getY(): null

27-02-2025T17:40:29 - [TEST_STEP][PASSED] - xLocation = ttLocation.getX(): null

27-02-2025T17:40:29 - [TEST_STEP][PASSED] - fieldTooltips.put(ttText, yLocation): null

27-02-2025T17:40:29 - [TEST_STEP][PASSED] - if (it.isDisplayed()): null

27-02-2025T17:40:29 - [TEST_STEP][PASSED] - ttText = it.getAttribute("data-original-title"): null

27-02-2025T17:40:29 - [TEST_STEP][PASSED] - ttLocation = it.getLocation(): null

27-02-2025T17:40:29 - [TEST_STEP][PASSED] - yLocation = ttLocation.getY(): null

27-02-2025T17:40:29 - [TEST_STEP][PASSED] - xLocation = ttLocation.getX(): null

27-02-2025T17:40:29 - [TEST_STEP][PASSED] - fieldTooltips.put(ttText, yLocation): null

27-02-2025T17:40:29 - [TEST_STEP][PASSED] - if (it.isDisplayed()): null

27-02-2025T17:40:29 - [TEST_STEP][PASSED] - ttText = it.getAttribute("data-original-title"): null

27-02-2025T17:40:29 - [TEST_STEP][PASSED] - ttLocation = it.getLocation(): null

27-02-2025T17:40:29 - [TEST_STEP][PASSED] - yLocation = ttLocation.getY(): null

27-02-2025T17:40:29 - [TEST_STEP][PASSED] - xLocation = ttLocation.getX(): null

27-02-2025T17:40:29 - [TEST_STEP][PASSED] - fieldTooltips.put(ttText, yLocation): null

27-02-2025T17:40:29 - [TEST_STEP][PASSED] - if (it.isDisplayed()): null

27-02-2025T17:40:29 - [TEST_STEP][PASSED] - ttText = it.getAttribute("data-original-title"): null

27-02-2025T17:40:29 - [TEST_STEP][PASSED] - ttLocation = it.getLocation(): null

27-02-2025T17:40:29 - [TEST_STEP][PASSED] - yLocation = ttLocation.getY(): null

27-02-2025T17:40:29 - [TEST_STEP][PASSED] - xLocation = ttLocation.getX(): null

27-02-2025T17:40:29 - [TEST_STEP][PASSED] - fieldTooltips.put(ttText, yLocation): null

27-02-2025T17:40:29 - [TEST_STEP][PASSED] - if (it.isDisplayed()): null

27-02-2025T17:40:29 - [TEST_STEP][PASSED] - ttText = it.getAttribute("data-original-title"): null

27-02-2025T17:40:29 - [TEST_STEP][PASSED] - ttLocation = it.getLocation(): null

27-02-2025T17:40:29 - [TEST_STEP][PASSED] - yLocation = ttLocation.getY(): null

27-02-2025T17:40:29 - [TEST_STEP][PASSED] - xLocation = ttLocation.getX(): null

27-02-2025T17:40:29 - [TEST_STEP][PASSED] - fieldTooltips.put(ttText, yLocation): null

27-02-2025T17:40:29 - [TEST_STEP][PASSED] - if (it.isDisplayed()): null

27-02-2025T17:40:29 - [TEST_STEP][PASSED] - if (it.isDisplayed()): null

27-02-2025T17:40:29 - [TEST_STEP][PASSED] - if (it.isDisplayed()): null

27-02-2025T17:40:29 - [TEST_STEP][PASSED] - if (it.isDisplayed()): null

27-02-2025T17:40:29 - [TEST_STEP][PASSED] - if (it.isDisplayed()): null

27-02-2025T17:40:29 - [TEST_STEP][PASSED] - if (fieldTooltips.size() > 0): null

27-02-2025T17:40:29 - [TEST_STEP][PASSED] - rightBorder = xLocation: null

27-02-2025T17:40:29 - [TEST_STEP][PASSED] - fieldLabels = [:]: null

27-02-2025T17:40:29 - [TEST_STEP][PASSED] - labels = driver.findElements(By.xpath("//label")): null

27-02-2025T17:40:29 - [TEST_STEP][PASSED] - labels.each({ -> ... }): null

27-02-2025T17:40:32 - [TEST_STEP][PASSED] - for (def label : fieldLabels): null

27-02-2025T17:40:32 - [TEST_STEP][PASSED] - y = value: null

27-02-2025T17:40:32 - [TEST_STEP][PASSED] - for (def tooltip : fieldTooltips): null

27-02-2025T17:40:32 - [TEST_STEP][PASSED] - if (value == y || value == y + 1 || value == y - 1): null

27-02-2025T17:40:32 - [TEST_STEP][PASSED] - if (value == y || value == y + 1 || value == y - 1): null

27-02-2025T17:40:32 - [TEST_STEP][PASSED] - if (value == y || value == y + 1 || value == y - 1): null

27-02-2025T17:40:32 - [TEST_STEP][PASSED] - if (value == y || value == y + 1 || value == y - 1): null

27-02-2025T17:40:32 - [TEST_STEP][PASSED] - if (value == y || value == y + 1 || value == y - 1): null

27-02-2025T17:40:32 - [TEST_STEP][PASSED] - y = value: null

27-02-2025T17:40:32 - [TEST_STEP][PASSED] - for (def tooltip : fieldTooltips): null

27-02-2025T17:40:32 - [TEST_STEP][PASSED] - if (value == y || value == y + 1 || value == y - 1): null

27-02-2025T17:40:32 - [TEST_STEP][PASSED] - tooltipMap.put(key, key): null

27-02-2025T17:40:32 - [TEST_STEP][PASSED] - break: null

27-02-2025T17:40:32 - [TEST_STEP][PASSED] - y = value: null

27-02-2025T17:40:32 - [TEST_STEP][PASSED] - for (def tooltip : fieldTooltips): null

27-02-2025T17:40:32 - [TEST_STEP][PASSED] - if (value == y || value == y + 1 || value == y - 1): null

27-02-2025T17:40:32 - [TEST_STEP][PASSED] - if (value == y || value == y + 1 || value == y - 1): null

27-02-2025T17:40:32 - [TEST_STEP][PASSED] - tooltipMap.put(key, key): null

27-02-2025T17:40:32 - [TEST_STEP][PASSED] - break: null

27-02-2025T17:40:32 - [TEST_STEP][PASSED] - y = value: null

27-02-2025T17:40:32 - [TEST_STEP][PASSED] - for (def tooltip : fieldTooltips): null

27-02-2025T17:40:32 - [TEST_STEP][PASSED] - if (value == y || value == y + 1 || value == y - 1): null

27-02-2025T17:40:32 - [TEST_STEP][PASSED] - if (value == y || value == y + 1 || value == y - 1): null

27-02-2025T17:40:32 - [TEST_STEP][PASSED] - if (value == y || value == y + 1 || value == y - 1): null

27-02-2025T17:40:32 - [TEST_STEP][PASSED] - tooltipMap.put(key, key): null

27-02-2025T17:40:32 - [TEST_STEP][PASSED] - break: null

27-02-2025T17:40:32 - [TEST_STEP][PASSED] - y = value: null

27-02-2025T17:40:32 - [TEST_STEP][PASSED] - for (def tooltip : fieldTooltips): null

27-02-2025T17:40:32 - [TEST_STEP][PASSED] - if (value == y || value == y + 1 || value == y - 1): null

27-02-2025T17:40:32 - [TEST_STEP][PASSED] - if (value == y || value == y + 1 || value == y - 1): null

27-02-2025T17:40:32 - [TEST_STEP][PASSED] - if (value == y || value == y + 1 || value == y - 1): null

27-02-2025T17:40:32 - [TEST_STEP][PASSED] - if (value == y || value == y + 1 || value == y - 1): null

27-02-2025T17:40:32 - [TEST_STEP][PASSED] - tooltipMap.put(key, key): null

27-02-2025T17:40:32 - [TEST_STEP][PASSED] - break: null

27-02-2025T17:40:32 - [TEST_STEP][PASSED] - y = value: null

27-02-2025T17:40:32 - [TEST_STEP][PASSED] - for (def tooltip : fieldTooltips): null

27-02-2025T17:40:32 - [TEST_STEP][PASSED] - if (value == y || value == y + 1 || value == y - 1): null

27-02-2025T17:40:32 - [TEST_STEP][PASSED] - if (value == y || value == y + 1 || value == y - 1): null

27-02-2025T17:40:32 - [TEST_STEP][PASSED] - if (value == y || value == y + 1 || value == y - 1): null

27-02-2025T17:40:32 - [TEST_STEP][PASSED] - if (value == y || value == y + 1 || value == y - 1): null

27-02-2025T17:40:32 - [TEST_STEP][PASSED] - if (value == y || value == y + 1 || value == y - 1): null

27-02-2025T17:40:32 - [TEST_STEP][PASSED] - tooltipMap.put(key, key): null

27-02-2025T17:40:32 - [TEST_STEP][PASSED] - break: null

27-02-2025T17:40:32 - [TEST_STEP][PASSED] - return tooltipMap: null

27-02-2025T17:40:32 - [MESSAGE][PASSED] - Call Test Case 'Test Cases/_Functions/Get Tooltip Text' successfully

27-02-2025T17:40:32 - [TEST_STEP][PASSED] - if (tooltipMap.size() > 0): null

27-02-2025T17:40:32 - [TEST_STEP][PASSED] - file = fileBase + "_Tooltips.csv": null

27-02-2025T17:40:32 - [TEST_STEP][PASSED] - outText = "FIELD LABEL" + "," + "TOOLTIP TEXT" + "

": null

27-02-2025T17:40:32 - [TEST_STEP][PASSED] - for (def it : tooltipMap): null

27-02-2025T17:40:32 - [TEST_STEP][PASSED] - name = key: null

27-02-2025T17:40:32 - [TEST_STEP][PASSED] - value = value.replace("
", ""): null

27-02-2025T17:40:32 - [TEST_STEP][PASSED] - value = value.trim(): null

27-02-2025T17:40:32 - [TEST_STEP][PASSED] - value = """ + value + """: null

27-02-2025T17:40:32 - [TEST_STEP][PASSED] - outText = outText + name + "," + value: null

27-02-2025T17:40:32 - [TEST_STEP][PASSED] - outText = outText + "
": null

27-02-2025T17:40:32 - [TEST_STEP][PASSED] - println(outText): null

27-02-2025T17:40:32 - [TEST_STEP][PASSED] - name = key: null

27-02-2025T17:40:32 - [TEST_STEP][PASSED] - value = value.replace("
", ""): null

27-02-2025T17:40:32 - [TEST_STEP][PASSED] - value = value.trim(): null

27-02-2025T17:40:32 - [TEST_STEP][PASSED] - value = """ + value + """: null

27-02-2025T17:40:32 - [TEST_STEP][PASSED] - outText = outText + name + "," + value: null

27-02-2025T17:40:32 - [TEST_STEP][PASSED] - outText = outText + "
": null

27-02-2025T17:40:32 - [TEST_STEP][PASSED] - println(outText): null

27-02-2025T17:40:32 - [TEST_STEP][PASSED] - name = key: null

27-02-2025T17:40:32 - [TEST_STEP][PASSED] - value = value.replace("
", ""): null

27-02-2025T17:40:32 - [TEST_STEP][PASSED] - value = value.trim(): null

27-02-2025T17:40:32 - [TEST_STEP][PASSED] - value = """ + value + """: null

27-02-2025T17:40:32 - [TEST_STEP][PASSED] - outText = outText + name + "," + value: null

27-02-2025T17:40:32 - [TEST_STEP][PASSED] - outText = outText + "
": null

27-02-2025T17:40:32 - [TEST_STEP][PASSED] - println(outText): null

27-02-2025T17:40:32 - [TEST_STEP][PASSED] - name = key: null

27-02-2025T17:40:32 - [TEST_STEP][PASSED] - value = value.replace("
", ""): null

27-02-2025T17:40:32 - [TEST_STEP][PASSED] - value = value.trim(): null

27-02-2025T17:40:32 - [TEST_STEP][PASSED] - value = """ + value + """: null

27-02-2025T17:40:32 - [TEST_STEP][PASSED] - outText = outText + name + "," + value: null

27-02-2025T17:40:32 - [TEST_STEP][PASSED] - outText = outText + "
": null

27-02-2025T17:40:32 - [TEST_STEP][PASSED] - println(outText): null

27-02-2025T17:40:32 - [TEST_STEP][PASSED] - name = key: null

27-02-2025T17:40:32 - [TEST_STEP][PASSED] - value = value.replace("
", ""): null

27-02-2025T17:40:32 - [TEST_STEP][PASSED] - value = value.trim(): null

27-02-2025T17:40:32 - [TEST_STEP][PASSED] - value = """ + value + """: null

27-02-2025T17:40:32 - [TEST_STEP][PASSED] - outText = outText + name + "," + value: null

27-02-2025T17:40:32 - [TEST_STEP][PASSED] - outText = outText + "
": null

27-02-2025T17:40:32 - [TEST_STEP][PASSED] - println(outText): null

27-02-2025T17:40:32 - [TEST_STEP][PASSED] - outFile = new java.io.File(file): null

27-02-2025T17:40:32 - [TEST_STEP][PASSED] - println(outText): null

27-02-2025T17:40:32 - [TEST_STEP][PASSED] - outFile.write(outText): null

27-02-2025T17:40:32 - [TEST_STEP][PASSED] - takeFullPageScreenshot(fileImage): Taking screenshot successfully

27-02-2025T17:40:33 - [MESSAGE][INFO] - 0 hidden object(s)

27-02-2025T17:40:33 - [MESSAGE][PASSED] - Taking screenshot successfully
[[ATTACHMENT|/Users/cckozie/Documents/MissionNext/Screenshots and Tooltip Text/Journey Partner Readiness Tab_Screenshot.png]]

27-02-2025T17:40:33 - [TEST_STEP][PASSED] - frame.dispose(): null

27-02-2025T17:40:33 - [TEST_STEP][PASSED] - return tooltipMap: null

27-02-2025T17:40:33 - [MESSAGE][PASSED] - Call Test Case 'Test Cases/_Functions/Get Screenshot and Tooltip Text' successfully

27-02-2025T17:40:33 - [TEST_STEP][PASSED] - callTestCase(findTestCase("_Functions/Test Tooltips"), ["varTooltipImagePath":tooltipImagePath, "varTooltips":tooltips, "varTooltipText":tooltipText, "varTestObjectFolder":testObjectFolder, ... ], STOP_ON_FAILURE): Call Test Case 'Test Cases/_Functions/Test Tooltips' successfully

27-02-2025T17:40:33 - [TEST_CASE][PASSED] - Test Cases/_Functions/Test Tooltips: Test Cases/_Functions/Test Tooltips

27-02-2025T17:40:33 - [TEST_STEP][PASSED] - if (fastPath): null

27-02-2025T17:40:33 - [TEST_STEP][PASSED] - tooltipImagePath = varTooltipImagePath: null

27-02-2025T17:40:33 - [TEST_STEP][PASSED] - tooltips = varTooltips: null

27-02-2025T17:40:33 - [TEST_STEP][PASSED] - tooltipText = varTooltipText: null

27-02-2025T17:40:33 - [TEST_STEP][PASSED] - testObjectFolder = varTestObjectFolder: null

27-02-2025T17:40:33 - [TEST_STEP][PASSED] - tooltipTextMap = varTooltipTextMap: null

27-02-2025T17:40:33 - [TEST_STEP][PASSED] - writeFile = false: null

27-02-2025T17:40:33 - [TEST_STEP][PASSED] - if (outFile != ""): null

27-02-2025T17:40:33 - [TEST_STEP][PASSED] - myFile = outFile: null

27-02-2025T17:40:33 - [TEST_STEP][PASSED] - println(myFile): null

27-02-2025T17:40:33 - [TEST_STEP][PASSED] - outFile = new java.io.File(myFile): null

27-02-2025T17:40:33 - [TEST_STEP][PASSED] - writeFile = true: null

27-02-2025T17:40:33 - [TEST_STEP][PASSED] - driver = getWebDriver(): null

27-02-2025T17:40:33 - [TEST_STEP][PASSED] - action = new org.openqa.selenium.interactions.Actions(driver): null

27-02-2025T17:40:33 - [TEST_STEP][PASSED] - s = new org.sikuli.script.Screen(): null

27-02-2025T17:40:33 - [TEST_STEP][PASSED] - outText = "Verifying the tooltips can be displayed.
": null

27-02-2025T17:40:33 - [TEST_STEP][PASSED] - outFile.append(outText): null

27-02-2025T17:40:33 - [TEST_STEP][PASSED] - first = true: null

27-02-2025T17:40:33 - [TEST_STEP][PASSED] - for (def it : tooltips): null

27-02-2025T17:40:33 - [TEST_STEP][PASSED] - myKey = key: null

27-02-2025T17:40:33 - [TEST_STEP][PASSED] - myValue = value: null

27-02-2025T17:40:33 - [TEST_STEP][PASSED] - println("myKey is " + myKey): null

27-02-2025T17:40:33 - [TEST_STEP][PASSED] - println("myValue is " + myValue): null

27-02-2025T17:40:33 - [TEST_STEP][PASSED] - if (myKey != "dummy"): null

27-02-2025T17:40:33 - [TEST_STEP][PASSED] - else: null

27-02-2025T17:40:33 - [TEST_STEP][PASSED] - myImage = "/Users/cckozie/git/MissionNext-Katalon-Koz/images/dummy.png": null

27-02-2025T17:40:33 - [TEST_STEP][PASSED] - f = new java.io.File(myImage): null

27-02-2025T17:40:33 - [TEST_STEP][PASSED] - if (f.exists()): null

27-02-2025T17:40:33 - [TEST_STEP][PASSED] - println("Looking for " + myImage): null

27-02-2025T17:40:33 - [TEST_STEP][PASSED] - icn = Pattern(myImage).similar(0.10): null

27-02-2025T17:40:33 - [TEST_STEP][PASSED] - found = s.exists(icn): null

27-02-2025T17:40:36 - [TEST_STEP][PASSED] - println(found): null

27-02-2025T17:40:36 - [TEST_STEP][PASSED] - if (found != null): null

27-02-2025T17:40:36 - [TEST_STEP][PASSED] - else: null

27-02-2025T17:40:36 - [TEST_STEP][PASSED] - if (myKey != "dummy"): null

27-02-2025T17:40:36 - [TEST_STEP][PASSED] - myKey = key: null

27-02-2025T17:40:36 - [TEST_STEP][PASSED] - myValue = value: null

27-02-2025T17:40:36 - [TEST_STEP][PASSED] - println("myKey is " + myKey): null

27-02-2025T17:40:36 - [TEST_STEP][PASSED] - println("myValue is " + myValue): null

27-02-2025T17:40:36 - [TEST_STEP][PASSED] - if (myKey != "dummy"): null

27-02-2025T17:40:36 - [TEST_STEP][PASSED] - tObj = testObjectFolder + myValue: null

27-02-2025T17:40:36 - [TEST_STEP][PASSED] - click(tObj): null

27-02-2025T17:40:36 - [TEST_STEP][PASSED] - scrollToObject(object): null

27-02-2025T17:40:36 - [TEST_STEP][PASSED] - println("Converting " + object + " to web element"): null

27-02-2025T17:40:36 - [TEST_STEP][PASSED] - element = findWebElement(findTestObject(object), 1): null

27-02-2025T17:40:36 - [TEST_STEP][PASSED] - loc = element.getLocation(): null

27-02-2025T17:40:36 - [TEST_STEP][PASSED] - x = loc.getX(): null

27-02-2025T17:40:36 - [TEST_STEP][PASSED] - if (x >= 560): null

27-02-2025T17:40:36 - [TEST_STEP][PASSED] - y = loc.getY(): null

27-02-2025T17:40:36 - [TEST_STEP][PASSED] - println("Y location is " + y): null

27-02-2025T17:40:36 - [TEST_STEP][PASSED] - top = getViewportTopPosition(): Current viewport's top (y) position is 0

27-02-2025T17:40:36 - [MESSAGE][PASSED] - Current viewport's top (y) position is 0

27-02-2025T17:40:36 - [TEST_STEP][PASSED] - println("Viewport top is " + top): null

27-02-2025T17:40:36 - [TEST_STEP][PASSED] - bottom = top + 600: null

27-02-2025T17:40:36 - [TEST_STEP][PASSED] - if (y - top < 150 || bottom - y < 10): null

27-02-2025T17:40:36 - [TEST_STEP][PASSED] - click(findTestObject(object)): null

27-02-2025T17:40:36 - [MESSAGE][PASSED] - Object: 'Object Repository/Journey Partner Profile/Tabs/Readiness/img_Process Stage_field-tooltip' is clicked on

27-02-2025T17:40:36 - [TEST_STEP][PASSED] - delay(1): Delayed 1 second(s)

27-02-2025T17:40:37 - [MESSAGE][PASSED] - Delayed 1 second(s)

27-02-2025T17:40:37 - [TEST_STEP][PASSED] - myImage = tooltipImagePath + myKey + ".png": null

27-02-2025T17:40:37 - [TEST_STEP][PASSED] - f = new java.io.File(myImage): null

27-02-2025T17:40:37 - [TEST_STEP][PASSED] - if (f.exists()): null

27-02-2025T17:40:37 - [TEST_STEP][PASSED] - println("Looking for " + myImage): null

27-02-2025T17:40:37 - [TEST_STEP][PASSED] - icn = Pattern(myImage).similar(0.10): null

27-02-2025T17:40:37 - [TEST_STEP][PASSED] - found = s.exists(icn): null

27-02-2025T17:40:37 - [TEST_STEP][PASSED] - println(found): null

27-02-2025T17:40:37 - [TEST_STEP][PASSED] - if (found != null): null

27-02-2025T17:40:37 - [TEST_STEP][PASSED] - foundStr = found.toString(): null

27-02-2025T17:40:37 - [TEST_STEP][PASSED] - matchP = foundStr.indexOf("%"): null

27-02-2025T17:40:37 - [TEST_STEP][PASSED] - if (matchP >= 0): null

27-02-2025T17:40:37 - [TEST_STEP][PASSED] - println(matchP): null

27-02-2025T17:40:37 - [TEST_STEP][PASSED] - pct = foundStr.substring(matchP + 1, matchP + 6): null

27-02-2025T17:40:37 - [TEST_STEP][PASSED] - pctF = pct.toFloat(): null

27-02-2025T17:40:37 - [TEST_STEP][PASSED] - outText = "+++ Tooltip match value for " + myKey + " is " + pctF + "%": null

27-02-2025T17:40:37 - [TEST_STEP][PASSED] - min = 80: null

27-02-2025T17:40:37 - [TEST_STEP][PASSED] - if (pctF.toFloat() < min.toFloat()): null

27-02-2025T17:40:37 - [TEST_STEP][PASSED] - if (myKey != "dummy"): null

27-02-2025T17:40:37 - [TEST_STEP][PASSED] - println(outText): null

27-02-2025T17:40:37 - [TEST_STEP][PASSED] - outFile.append(outText + "
"): null

27-02-2025T17:40:37 - [TEST_STEP][PASSED] - myKey = key: null

27-02-2025T17:40:37 - [TEST_STEP][PASSED] - myValue = value: null

27-02-2025T17:40:37 - [TEST_STEP][PASSED] - println("myKey is " + myKey): null

27-02-2025T17:40:37 - [TEST_STEP][PASSED] - println("myValue is " + myValue): null

27-02-2025T17:40:37 - [TEST_STEP][PASSED] - if (myKey != "dummy"): null

27-02-2025T17:40:37 - [TEST_STEP][PASSED] - tObj = testObjectFolder + myValue: null

27-02-2025T17:40:37 - [TEST_STEP][PASSED] - click(tObj): null

27-02-2025T17:40:37 - [TEST_STEP][PASSED] - scrollToObject(object): null

27-02-2025T17:40:37 - [TEST_STEP][PASSED] - println("Converting " + object + " to web element"): null

27-02-2025T17:40:37 - [TEST_STEP][PASSED] - element = findWebElement(findTestObject(object), 1): null

27-02-2025T17:40:37 - [TEST_STEP][PASSED] - loc = element.getLocation(): null

27-02-2025T17:40:37 - [TEST_STEP][PASSED] - x = loc.getX(): null

27-02-2025T17:40:37 - [TEST_STEP][PASSED] - if (x >= 560): null

27-02-2025T17:40:37 - [TEST_STEP][PASSED] - y = loc.getY(): null

27-02-2025T17:40:37 - [TEST_STEP][PASSED] - println("Y location is " + y): null

27-02-2025T17:40:37 - [TEST_STEP][PASSED] - top = getViewportTopPosition(): Current viewport's top (y) position is 0

27-02-2025T17:40:37 - [MESSAGE][PASSED] - Current viewport's top (y) position is 0

27-02-2025T17:40:37 - [TEST_STEP][PASSED] - println("Viewport top is " + top): null

27-02-2025T17:40:37 - [TEST_STEP][PASSED] - bottom = top + 600: null

27-02-2025T17:40:37 - [TEST_STEP][PASSED] - if (y - top < 150 || bottom - y < 10): null

27-02-2025T17:40:37 - [TEST_STEP][PASSED] - click(findTestObject(object)): null

27-02-2025T17:40:37 - [MESSAGE][PASSED] - Object: 'Object Repository/Journey Partner Profile/Tabs/Readiness/img_Cross-cultural Experience_field-tooltip' is clicked on

27-02-2025T17:40:37 - [TEST_STEP][PASSED] - delay(1): Delayed 1 second(s)

27-02-2025T17:40:38 - [MESSAGE][PASSED] - Delayed 1 second(s)

27-02-2025T17:40:38 - [TEST_STEP][PASSED] - myImage = tooltipImagePath + myKey + ".png": null

27-02-2025T17:40:38 - [TEST_STEP][PASSED] - f = new java.io.File(myImage): null

27-02-2025T17:40:38 - [TEST_STEP][PASSED] - if (f.exists()): null

27-02-2025T17:40:38 - [TEST_STEP][PASSED] - println("Looking for " + myImage): null

27-02-2025T17:40:38 - [TEST_STEP][PASSED] - icn = Pattern(myImage).similar(0.10): null

27-02-2025T17:40:38 - [TEST_STEP][PASSED] - found = s.exists(icn): null

27-02-2025T17:40:39 - [TEST_STEP][PASSED] - println(found): null

27-02-2025T17:40:39 - [TEST_STEP][PASSED] - if (found != null): null

27-02-2025T17:40:39 - [TEST_STEP][PASSED] - foundStr = found.toString(): null

27-02-2025T17:40:39 - [TEST_STEP][PASSED] - matchP = foundStr.indexOf("%"): null

27-02-2025T17:40:39 - [TEST_STEP][PASSED] - if (matchP >= 0): null

27-02-2025T17:40:39 - [TEST_STEP][PASSED] - println(matchP): null

27-02-2025T17:40:39 - [TEST_STEP][PASSED] - pct = foundStr.substring(matchP + 1, matchP + 6): null

27-02-2025T17:40:39 - [TEST_STEP][PASSED] - pctF = pct.toFloat(): null

27-02-2025T17:40:39 - [TEST_STEP][PASSED] - outText = "+++ Tooltip match value for " + myKey + " is " + pctF + "%": null

27-02-2025T17:40:39 - [TEST_STEP][PASSED] - min = 80: null

27-02-2025T17:40:39 - [TEST_STEP][PASSED] - if (pctF.toFloat() < min.toFloat()): null

27-02-2025T17:40:39 - [TEST_STEP][PASSED] - if (myKey != "dummy"): null

27-02-2025T17:40:39 - [TEST_STEP][PASSED] - println(outText): null

27-02-2025T17:40:39 - [TEST_STEP][PASSED] - outFile.append(outText + "
"): null

27-02-2025T17:40:39 - [TEST_STEP][PASSED] - myKey = key: null

27-02-2025T17:40:39 - [TEST_STEP][PASSED] - myValue = value: null

27-02-2025T17:40:39 - [TEST_STEP][PASSED] - println("myKey is " + myKey): null

27-02-2025T17:40:39 - [TEST_STEP][PASSED] - println("myValue is " + myValue): null

27-02-2025T17:40:39 - [TEST_STEP][PASSED] - if (myKey != "dummy"): null

27-02-2025T17:40:39 - [TEST_STEP][PASSED] - tObj = testObjectFolder + myValue: null

27-02-2025T17:40:39 - [TEST_STEP][PASSED] - click(tObj): null

27-02-2025T17:40:39 - [TEST_STEP][PASSED] - scrollToObject(object): null

27-02-2025T17:40:39 - [TEST_STEP][PASSED] - println("Converting " + object + " to web element"): null

27-02-2025T17:40:39 - [TEST_STEP][PASSED] - element = findWebElement(findTestObject(object), 1): null

27-02-2025T17:40:39 - [TEST_STEP][PASSED] - loc = element.getLocation(): null

27-02-2025T17:40:39 - [TEST_STEP][PASSED] - x = loc.getX(): null

27-02-2025T17:40:39 - [TEST_STEP][PASSED] - if (x >= 560): null

27-02-2025T17:40:39 - [TEST_STEP][PASSED] - y = loc.getY(): null

27-02-2025T17:40:39 - [TEST_STEP][PASSED] - println("Y location is " + y): null

27-02-2025T17:40:39 - [TEST_STEP][PASSED] - top = getViewportTopPosition(): Current viewport's top (y) position is 0

27-02-2025T17:40:39 - [MESSAGE][PASSED] - Current viewport's top (y) position is 0

27-02-2025T17:40:39 - [TEST_STEP][PASSED] - println("Viewport top is " + top): null

27-02-2025T17:40:39 - [TEST_STEP][PASSED] - bottom = top + 600: null

27-02-2025T17:40:39 - [TEST_STEP][PASSED] - if (y - top < 150 || bottom - y < 10): Delayed 1 second(s)

27-02-2025T17:40:39 - [TEST_STEP][PASSED] - scrollToPosition(0, y - 170): Browser is scrolled to position x = 0, y = 435

27-02-2025T17:40:39 - [MESSAGE][PASSED] - Browser is scrolled to position x = 0, y = 435

27-02-2025T17:40:39 - [TEST_STEP][PASSED] - delay(1): Delayed 1 second(s)

27-02-2025T17:40:40 - [MESSAGE][PASSED] - Delayed 1 second(s)

27-02-2025T17:40:40 - [TEST_STEP][PASSED] - click(findTestObject(object)): null

27-02-2025T17:40:40 - [MESSAGE][PASSED] - Object: 'Object Repository/Journey Partner Profile/Tabs/Readiness/img_Bible Training_field-tooltip' is clicked on

27-02-2025T17:40:40 - [TEST_STEP][PASSED] - delay(1): Delayed 1 second(s)

27-02-2025T17:40:41 - [MESSAGE][PASSED] - Delayed 1 second(s)

27-02-2025T17:40:41 - [TEST_STEP][PASSED] - myImage = tooltipImagePath + myKey + ".png": null

27-02-2025T17:40:41 - [TEST_STEP][PASSED] - f = new java.io.File(myImage): null

27-02-2025T17:40:41 - [TEST_STEP][PASSED] - if (f.exists()): null

27-02-2025T17:40:41 - [TEST_STEP][PASSED] - println("Looking for " + myImage): null

27-02-2025T17:40:41 - [TEST_STEP][PASSED] - icn = Pattern(myImage).similar(0.10): null

27-02-2025T17:40:41 - [TEST_STEP][PASSED] - found = s.exists(icn): null

27-02-2025T17:40:41 - [TEST_STEP][PASSED] - println(found): null

27-02-2025T17:40:41 - [TEST_STEP][PASSED] - if (found != null): null

27-02-2025T17:40:41 - [TEST_STEP][PASSED] - foundStr = found.toString(): null

27-02-2025T17:40:41 - [TEST_STEP][PASSED] - matchP = foundStr.indexOf("%"): null

27-02-2025T17:40:41 - [TEST_STEP][PASSED] - if (matchP >= 0): null

27-02-2025T17:40:41 - [TEST_STEP][PASSED] - println(matchP): null

27-02-2025T17:40:41 - [TEST_STEP][PASSED] - pct = foundStr.substring(matchP + 1, matchP + 6): null

27-02-2025T17:40:41 - [TEST_STEP][PASSED] - pctF = pct.toFloat(): null

27-02-2025T17:40:41 - [TEST_STEP][PASSED] - outText = "+++ Tooltip match value for " + myKey + " is " + pctF + "%": null

27-02-2025T17:40:41 - [TEST_STEP][PASSED] - min = 80: null

27-02-2025T17:40:41 - [TEST_STEP][PASSED] - if (pctF.toFloat() < min.toFloat()): null

27-02-2025T17:40:41 - [TEST_STEP][PASSED] - if (myKey != "dummy"): null

27-02-2025T17:40:41 - [TEST_STEP][PASSED] - println(outText): null

27-02-2025T17:40:41 - [TEST_STEP][PASSED] - outFile.append(outText + "
"): null

27-02-2025T17:40:41 - [TEST_STEP][PASSED] - myKey = key: null

27-02-2025T17:40:41 - [TEST_STEP][PASSED] - myValue = value: null

27-02-2025T17:40:41 - [TEST_STEP][PASSED] - println("myKey is " + myKey): null

27-02-2025T17:40:41 - [TEST_STEP][PASSED] - println("myValue is " + myValue): null

27-02-2025T17:40:41 - [TEST_STEP][PASSED] - if (myKey != "dummy"): null

27-02-2025T17:40:41 - [TEST_STEP][PASSED] - tObj = testObjectFolder + myValue: null

27-02-2025T17:40:41 - [TEST_STEP][PASSED] - click(tObj): null

27-02-2025T17:40:41 - [TEST_STEP][PASSED] - scrollToObject(object): null

27-02-2025T17:40:41 - [TEST_STEP][PASSED] - println("Converting " + object + " to web element"): null

27-02-2025T17:40:41 - [TEST_STEP][PASSED] - element = findWebElement(findTestObject(object), 1): null

27-02-2025T17:40:41 - [TEST_STEP][PASSED] - loc = element.getLocation(): null

27-02-2025T17:40:41 - [TEST_STEP][PASSED] - x = loc.getX(): null

27-02-2025T17:40:41 - [TEST_STEP][PASSED] - if (x >= 560): null

27-02-2025T17:40:41 - [TEST_STEP][PASSED] - y = loc.getY(): null

27-02-2025T17:40:41 - [TEST_STEP][PASSED] - println("Y location is " + y): null

27-02-2025T17:40:41 - [TEST_STEP][PASSED] - top = getViewportTopPosition(): Current viewport's top (y) position is 435

27-02-2025T17:40:41 - [MESSAGE][PASSED] - Current viewport's top (y) position is 435

27-02-2025T17:40:41 - [TEST_STEP][PASSED] - println("Viewport top is " + top): null

27-02-2025T17:40:41 - [TEST_STEP][PASSED] - bottom = top + 600: null

27-02-2025T17:40:41 - [TEST_STEP][PASSED] - if (y - top < 150 || bottom - y < 10): null

27-02-2025T17:40:41 - [TEST_STEP][PASSED] - click(findTestObject(object)): null

27-02-2025T17:40:41 - [MESSAGE][PASSED] - Object: 'Object Repository/Journey Partner Profile/Tabs/Readiness/img_Attended Perspectives_field-tooltip' is clicked on

27-02-2025T17:40:41 - [TEST_STEP][PASSED] - delay(1): Delayed 1 second(s)

27-02-2025T17:40:42 - [MESSAGE][PASSED] - Delayed 1 second(s)

27-02-2025T17:40:42 - [TEST_STEP][PASSED] - myImage = tooltipImagePath + myKey + ".png": null

27-02-2025T17:40:42 - [TEST_STEP][PASSED] - f = new java.io.File(myImage): null

27-02-2025T17:40:42 - [TEST_STEP][PASSED] - if (f.exists()): null

27-02-2025T17:40:42 - [TEST_STEP][PASSED] - println("Looking for " + myImage): null

27-02-2025T17:40:42 - [TEST_STEP][PASSED] - icn = Pattern(myImage).similar(0.10): null

27-02-2025T17:40:42 - [TEST_STEP][PASSED] - found = s.exists(icn): null

27-02-2025T17:40:42 - [TEST_STEP][PASSED] - println(found): null

27-02-2025T17:40:42 - [TEST_STEP][PASSED] - if (found != null): null

27-02-2025T17:40:42 - [TEST_STEP][PASSED] - foundStr = found.toString(): null

27-02-2025T17:40:42 - [TEST_STEP][PASSED] - matchP = foundStr.indexOf("%"): null

27-02-2025T17:40:42 - [TEST_STEP][PASSED] - if (matchP >= 0): null

27-02-2025T17:40:42 - [TEST_STEP][PASSED] - println(matchP): null

27-02-2025T17:40:42 - [TEST_STEP][PASSED] - pct = foundStr.substring(matchP + 1, matchP + 6): null

27-02-2025T17:40:42 - [TEST_STEP][PASSED] - pctF = pct.toFloat(): null

27-02-2025T17:40:42 - [TEST_STEP][PASSED] - outText = "+++ Tooltip match value for " + myKey + " is " + pctF + "%": null

27-02-2025T17:40:42 - [TEST_STEP][PASSED] - min = 80: null

27-02-2025T17:40:42 - [TEST_STEP][PASSED] - if (pctF.toFloat() < min.toFloat()): null

27-02-2025T17:40:42 - [TEST_STEP][PASSED] - if (myKey != "dummy"): null

27-02-2025T17:40:42 - [TEST_STEP][PASSED] - println(outText): null

27-02-2025T17:40:42 - [TEST_STEP][PASSED] - outFile.append(outText + "
"): null

27-02-2025T17:40:42 - [TEST_STEP][PASSED] - myKey = key: null

27-02-2025T17:40:42 - [TEST_STEP][PASSED] - myValue = value: null

27-02-2025T17:40:42 - [TEST_STEP][PASSED] - println("myKey is " + myKey): null

27-02-2025T17:40:42 - [TEST_STEP][PASSED] - println("myValue is " + myValue): null

27-02-2025T17:40:42 - [TEST_STEP][PASSED] - if (myKey != "dummy"): null

27-02-2025T17:40:42 - [TEST_STEP][PASSED] - tObj = testObjectFolder + myValue: null

27-02-2025T17:40:42 - [TEST_STEP][PASSED] - click(tObj): null

27-02-2025T17:40:42 - [TEST_STEP][PASSED] - scrollToObject(object): null

27-02-2025T17:40:42 - [TEST_STEP][PASSED] - println("Converting " + object + " to web element"): null

27-02-2025T17:40:42 - [TEST_STEP][PASSED] - element = findWebElement(findTestObject(object), 1): null

27-02-2025T17:40:42 - [TEST_STEP][PASSED] - loc = element.getLocation(): null

27-02-2025T17:40:42 - [TEST_STEP][PASSED] - x = loc.getX(): null

27-02-2025T17:40:42 - [TEST_STEP][PASSED] - if (x >= 560): null

27-02-2025T17:40:42 - [TEST_STEP][PASSED] - y = loc.getY(): null

27-02-2025T17:40:42 - [TEST_STEP][PASSED] - println("Y location is " + y): null

27-02-2025T17:40:42 - [TEST_STEP][PASSED] - top = getViewportTopPosition(): Current viewport's top (y) position is 435

27-02-2025T17:40:42 - [MESSAGE][PASSED] - Current viewport's top (y) position is 435

27-02-2025T17:40:42 - [TEST_STEP][PASSED] - println("Viewport top is " + top): null

27-02-2025T17:40:42 - [TEST_STEP][PASSED] - bottom = top + 600: null

27-02-2025T17:40:42 - [TEST_STEP][PASSED] - if (y - top < 150 || bottom - y < 10): null

27-02-2025T17:40:42 - [TEST_STEP][PASSED] - click(findTestObject(object)): null

27-02-2025T17:40:42 - [MESSAGE][PASSED] - Object: 'Object Repository/Journey Partner Profile/Tabs/Readiness/img_Relocation Option(s)_field-tooltip' is clicked on

27-02-2025T17:40:42 - [TEST_STEP][PASSED] - delay(1): Delayed 1 second(s)

27-02-2025T17:40:43 - [MESSAGE][PASSED] - Delayed 1 second(s)

27-02-2025T17:40:43 - [TEST_STEP][PASSED] - myImage = tooltipImagePath + myKey + ".png": null

27-02-2025T17:40:43 - [TEST_STEP][PASSED] - f = new java.io.File(myImage): null

27-02-2025T17:40:43 - [TEST_STEP][PASSED] - if (f.exists()): null

27-02-2025T17:40:43 - [TEST_STEP][PASSED] - println("Looking for " + myImage): null

27-02-2025T17:40:43 - [TEST_STEP][PASSED] - icn = Pattern(myImage).similar(0.10): null

27-02-2025T17:40:43 - [TEST_STEP][PASSED] - found = s.exists(icn): null

27-02-2025T17:40:43 - [TEST_STEP][PASSED] - println(found): null

27-02-2025T17:40:43 - [TEST_STEP][PASSED] - if (found != null): null

27-02-2025T17:40:43 - [TEST_STEP][PASSED] - foundStr = found.toString(): null

27-02-2025T17:40:43 - [TEST_STEP][PASSED] - matchP = foundStr.indexOf("%"): null

27-02-2025T17:40:43 - [TEST_STEP][PASSED] - if (matchP >= 0): null

27-02-2025T17:40:43 - [TEST_STEP][PASSED] - println(matchP): null

27-02-2025T17:40:43 - [TEST_STEP][PASSED] - pct = foundStr.substring(matchP + 1, matchP + 6): null

27-02-2025T17:40:43 - [TEST_STEP][PASSED] - pctF = pct.toFloat(): null

27-02-2025T17:40:43 - [TEST_STEP][PASSED] - outText = "+++ Tooltip match value for " + myKey + " is " + pctF + "%": null

27-02-2025T17:40:43 - [TEST_STEP][PASSED] - min = 80: null

27-02-2025T17:40:43 - [TEST_STEP][PASSED] - if (pctF.toFloat() < min.toFloat()): null

27-02-2025T17:40:43 - [TEST_STEP][PASSED] - if (myKey != "dummy"): null

27-02-2025T17:40:43 - [TEST_STEP][PASSED] - println(outText): null

27-02-2025T17:40:43 - [TEST_STEP][PASSED] - outFile.append(outText + "
"): null

27-02-2025T17:40:43 - [TEST_STEP][PASSED] - outText = "Verifying the tooltip text on the page is what was expected.
": null

27-02-2025T17:40:43 - [TEST_STEP][PASSED] - println(tooltipTextMap): null

27-02-2025T17:40:43 - [TEST_STEP][PASSED] - outFile.append(outText): null

27-02-2025T17:40:43 - [TEST_STEP][PASSED] - for (def it : tooltipText): null

27-02-2025T17:40:43 - [TEST_STEP][PASSED] - println(it): null

27-02-2025T17:40:43 - [TEST_STEP][PASSED] - myKey = key: null

27-02-2025T17:40:43 - [TEST_STEP][PASSED] - myText = value.replace(""", ""): null

27-02-2025T17:40:43 - [TEST_STEP][PASSED] - myText = myText.trim(): null

27-02-2025T17:40:43 - [TEST_STEP][PASSED] - println(myKey): null

27-02-2025T17:40:43 - [TEST_STEP][PASSED] - println(myText): null

27-02-2025T17:40:43 - [TEST_STEP][PASSED] - println(tooltipTextMap.get(myKey)): null

27-02-2025T17:40:43 - [TEST_STEP][PASSED] - actualText = get(myKey).replace(""", ""): null

27-02-2025T17:40:43 - [TEST_STEP][PASSED] - actualText = actualText.trim(): null

27-02-2025T17:40:43 - [TEST_STEP][PASSED] - println(myKey + ":" + actualText): null

27-02-2025T17:40:43 - [TEST_STEP][PASSED] - if (actualText != myText): null

27-02-2025T17:40:43 - [TEST_STEP][PASSED] - println(it): null

27-02-2025T17:40:43 - [TEST_STEP][PASSED] - myKey = key: null

27-02-2025T17:40:43 - [TEST_STEP][PASSED] - myText = value.replace(""", ""): null

27-02-2025T17:40:43 - [TEST_STEP][PASSED] - myText = myText.trim(): null

27-02-2025T17:40:43 - [TEST_STEP][PASSED] - println(myKey): null

27-02-2025T17:40:43 - [TEST_STEP][PASSED] - println(myText): null

27-02-2025T17:40:43 - [TEST_STEP][PASSED] - println(tooltipTextMap.get(myKey)): null

27-02-2025T17:40:43 - [TEST_STEP][PASSED] - actualText = get(myKey).replace(""", ""): null

27-02-2025T17:40:43 - [TEST_STEP][PASSED] - actualText = actualText.trim(): null

27-02-2025T17:40:43 - [TEST_STEP][PASSED] - println(myKey + ":" + actualText): null

27-02-2025T17:40:43 - [TEST_STEP][PASSED] - if (actualText != myText): null

27-02-2025T17:40:43 - [TEST_STEP][PASSED] - println(it): null

27-02-2025T17:40:43 - [TEST_STEP][PASSED] - myKey = key: null

27-02-2025T17:40:43 - [TEST_STEP][PASSED] - myText = value.replace(""", ""): null

27-02-2025T17:40:43 - [TEST_STEP][PASSED] - myText = myText.trim(): null

27-02-2025T17:40:43 - [TEST_STEP][PASSED] - println(myKey): null

27-02-2025T17:40:43 - [TEST_STEP][PASSED] - println(myText): null

27-02-2025T17:40:43 - [TEST_STEP][PASSED] - println(tooltipTextMap.get(myKey)): null

27-02-2025T17:40:43 - [TEST_STEP][PASSED] - actualText = get(myKey).replace(""", ""): null

27-02-2025T17:40:43 - [TEST_STEP][PASSED] - actualText = actualText.trim(): null

27-02-2025T17:40:43 - [TEST_STEP][PASSED] - println(myKey + ":" + actualText): null

27-02-2025T17:40:43 - [TEST_STEP][PASSED] - if (actualText != myText): null

27-02-2025T17:40:43 - [TEST_STEP][PASSED] - println(it): null

27-02-2025T17:40:43 - [TEST_STEP][PASSED] - myKey = key: null

27-02-2025T17:40:43 - [TEST_STEP][PASSED] - myText = value.replace(""", ""): null

27-02-2025T17:40:43 - [TEST_STEP][PASSED] - myText = myText.trim(): null

27-02-2025T17:40:43 - [TEST_STEP][PASSED] - println(myKey): null

27-02-2025T17:40:43 - [TEST_STEP][PASSED] - println(myText): null

27-02-2025T17:40:43 - [TEST_STEP][PASSED] - println(tooltipTextMap.get(myKey)): null

27-02-2025T17:40:43 - [TEST_STEP][PASSED] - actualText = get(myKey).replace(""", ""): null

27-02-2025T17:40:43 - [TEST_STEP][PASSED] - actualText = actualText.trim(): null

27-02-2025T17:40:43 - [TEST_STEP][PASSED] - println(myKey + ":" + actualText): null

27-02-2025T17:40:43 - [TEST_STEP][PASSED] - if (actualText != myText): null

27-02-2025T17:40:43 - [TEST_STEP][PASSED] - println(it): null

27-02-2025T17:40:43 - [TEST_STEP][PASSED] - myKey = key: null

27-02-2025T17:40:43 - [TEST_STEP][PASSED] - myText = value.replace(""", ""): null

27-02-2025T17:40:43 - [TEST_STEP][PASSED] - myText = myText.trim(): null

27-02-2025T17:40:43 - [TEST_STEP][PASSED] - println(myKey): null

27-02-2025T17:40:43 - [TEST_STEP][PASSED] - println(myText): null

27-02-2025T17:40:43 - [TEST_STEP][PASSED] - println(tooltipTextMap.get(myKey)): null

27-02-2025T17:40:43 - [TEST_STEP][PASSED] - actualText = get(myKey).replace(""", ""): null

27-02-2025T17:40:43 - [TEST_STEP][PASSED] - actualText = actualText.trim(): null

27-02-2025T17:40:43 - [TEST_STEP][PASSED] - println(myKey + ":" + actualText): null

27-02-2025T17:40:43 - [TEST_STEP][PASSED] - if (actualText != myText): null

27-02-2025T17:40:43 - [MESSAGE][PASSED] - Call Test Case 'Test Cases/_Functions/Test Tooltips' successfully

27-02-2025T17:40:43 - [TEST_STEP][PASSED] - outText = "Verifying the required field messages.
": null

27-02-2025T17:40:43 - [TEST_STEP][PASSED] - outFile.append(outText): null

27-02-2025T17:40:43 - [TEST_STEP][PASSED] - fieldList = []: null

27-02-2025T17:40:43 - [TEST_STEP][PASSED] - requiredFieldMsgs.each({ -> ... }): null

27-02-2025T17:40:43 - [TEST_STEP][PASSED] - callTestCase(findTestCase("_Functions/Test Field Error Messages"), ["varFieldList":fieldList, "varRequiredFieldMsgs":requiredFieldMsgs], STOP_ON_FAILURE): Call Test Case 'Test Cases/_Functions/Test Field Error Messages' successfully

27-02-2025T17:40:43 - [TEST_CASE][PASSED] - Test Cases/_Functions/Test Field Error Messages: Test Cases/_Functions/Test Field Error Messages

27-02-2025T17:40:43 - [TEST_STEP][PASSED] - count = callTestCase(findTestCase("_Functions/Find error messages"), ["varFunction":"count"], STOP_ON_FAILURE): Call Test Case 'Test Cases/_Functions/Find error messages' successfully

27-02-2025T17:40:43 - [TEST_CASE][PASSED] - Test Cases/_Functions/Find error messages: Test Cases/_Functions/Find error messages

27-02-2025T17:40:43 - [TEST_STEP][PASSED] - function = "count": null

27-02-2025T17:40:43 - [TEST_STEP][PASSED] - if (binding.hasVariable("varFunction")): null

27-02-2025T17:40:43 - [TEST_STEP][PASSED] - function = varFunction: null

27-02-2025T17:40:43 - [TEST_STEP][PASSED] - title = getWindowTitle(): Current window's title is: 'Journey'

27-02-2025T17:40:43 - [MESSAGE][PASSED] - Current window's title is: 'Journey'

27-02-2025T17:40:43 - [TEST_STEP][PASSED] - println("Page title is " + title): null

27-02-2025T17:40:43 - [TEST_STEP][PASSED] - driver = getWebDriver(): null

27-02-2025T17:40:43 - [TEST_STEP][PASSED] - elements = driver.findElements(By.xpath("//div[@class='col-sm-offset-3 col-sm-9 text-danger']")): null

27-02-2025T17:40:43 - [TEST_STEP][PASSED] - if (function == "count"): null

27-02-2025T17:40:43 - [TEST_STEP][PASSED] - return elements.size(): null

27-02-2025T17:40:43 - [MESSAGE][PASSED] - Call Test Case 'Test Cases/_Functions/Find error messages' successfully

27-02-2025T17:40:43 - [TEST_STEP][PASSED] - outFile = outFile: null

27-02-2025T17:40:43 - [TEST_STEP][PASSED] - if (count == 0): null

27-02-2025T17:40:43 - [TEST_STEP][PASSED] - else: Delayed 0 second(s)

27-02-2025T17:40:43 - [TEST_STEP][PASSED] - fieldList = varFieldList: null

27-02-2025T17:40:43 - [TEST_STEP][PASSED] - requiredFieldMsgs = varRequiredFieldMsgs: null

27-02-2025T17:40:43 - [TEST_STEP][PASSED] - outText = "Verifying error messages for fields " + fieldList: null

27-02-2025T17:40:43 - [TEST_STEP][PASSED] - for (def field : fieldList): null

27-02-2025T17:40:43 - [TEST_STEP][PASSED] - errorMsg = requiredFieldMsgs.get(field): null

27-02-2025T17:40:43 - [TEST_STEP][PASSED] - msg = verifyTextPresent(errorMsg, false, OPTIONAL): Text 'The candidate process stages field is required.' is present on page 

27-02-2025T17:40:43 - [MESSAGE][PASSED] - Text 'The candidate process stages field is required.' is present on page 

27-02-2025T17:40:43 - [TEST_STEP][PASSED] - println(field + ":" + msg): null

27-02-2025T17:40:43 - [TEST_STEP][PASSED] - if (!(msg)): null

27-02-2025T17:40:43 - [TEST_STEP][PASSED] - errorMsg = requiredFieldMsgs.get(field): null

27-02-2025T17:40:43 - [TEST_STEP][PASSED] - msg = verifyTextPresent(errorMsg, false, OPTIONAL): Text 'The cross-cultural experience field is required.' is present on page 

27-02-2025T17:40:43 - [MESSAGE][PASSED] - Text 'The cross-cultural experience field is required.' is present on page 

27-02-2025T17:40:43 - [TEST_STEP][PASSED] - println(field + ":" + msg): null

27-02-2025T17:40:43 - [TEST_STEP][PASSED] - if (!(msg)): null

27-02-2025T17:40:43 - [TEST_STEP][PASSED] - errorMsg = requiredFieldMsgs.get(field): null

27-02-2025T17:40:43 - [TEST_STEP][PASSED] - msg = verifyTextPresent(errorMsg, false, OPTIONAL): Text 'The relocation question field is required.' is present on page 

27-02-2025T17:40:44 - [MESSAGE][PASSED] - Text 'The relocation question field is required.' is present on page 

27-02-2025T17:40:44 - [TEST_STEP][PASSED] - println(field + ":" + msg): null

27-02-2025T17:40:44 - [TEST_STEP][PASSED] - if (!(msg)): null

27-02-2025T17:40:44 - [TEST_STEP][PASSED] - delay(fieldTestDelay): Delayed 0 second(s)

27-02-2025T17:40:44 - [MESSAGE][PASSED] - Delayed 0 second(s)

27-02-2025T17:40:44 - [MESSAGE][PASSED] - Call Test Case 'Test Cases/_Functions/Test Field Error Messages' successfully

27-02-2025T17:40:44 - [TEST_STEP][PASSED] - callTestCase(findTestCase("_Functions/Click on Group Elements"), ["varXpaths":xpaths, "varParms":parms], STOP_ON_FAILURE): Call Test Case 'Test Cases/_Functions/Click on Group Elements' successfully

27-02-2025T17:40:44 - [TEST_CASE][PASSED] - Test Cases/_Functions/Click on Group Elements: Test Cases/_Functions/Click on Group Elements

27-02-2025T17:40:44 - [TEST_STEP][PASSED] - debug = false: null

27-02-2025T17:40:44 - [TEST_STEP][PASSED] - toggle = true: null

27-02-2025T17:40:44 - [TEST_STEP][PASSED] - frame = new javax.swing.JFrame(): null

27-02-2025T17:40:44 - [TEST_STEP][PASSED] - p = new javax.swing.JPanel(): null

27-02-2025T17:40:44 - [TEST_STEP][PASSED] - l = new javax.swing.JLabel(Making user selections..., javax.swing.SwingConstants.CENTER): null

27-02-2025T17:40:44 - [TEST_STEP][PASSED] - frame.add(l): null

27-02-2025T17:40:44 - [TEST_STEP][PASSED] - frame.setSize(300, 100): null

27-02-2025T17:40:44 - [TEST_STEP][PASSED] - frame.setLocation(600, 0): null

27-02-2025T17:40:44 - [TEST_STEP][PASSED] - frame.setAlwaysOnTop(true): null

27-02-2025T17:40:44 - [TEST_STEP][PASSED] - frame.show(): null

27-02-2025T17:40:44 - [TEST_STEP][PASSED] - driver = getWebDriver(): null

27-02-2025T17:40:44 - [TEST_STEP][PASSED] - println(varParms): null

27-02-2025T17:40:44 - [TEST_STEP][PASSED] - for ([i = 0, i < varXpaths.size(), (i++)]): null

27-02-2025T17:40:44 - [TEST_STEP][PASSED] - if (debug): null

27-02-2025T17:40:44 - [TEST_STEP][PASSED] - if (varParms[i].indexOf("Europe") >= 0): null

27-02-2025T17:40:44 - [TEST_STEP][PASSED] - elements = driver.findElements(By.xpath(varXpaths[i])): null

27-02-2025T17:40:44 - [TEST_STEP][PASSED] - element_count = elements.size(): null

27-02-2025T17:40:44 - [TEST_STEP][PASSED] - for (def element : elements): null

27-02-2025T17:40:44 - [TEST_STEP][PASSED] - myValue = element.getAttribute("value"): null

27-02-2025T17:40:44 - [TEST_STEP][PASSED] - if (debug): null

27-02-2025T17:40:44 - [TEST_STEP][PASSED] - if (myValue.length() >= 4): null

27-02-2025T17:40:44 - [TEST_STEP][PASSED] - if (myValue.substring(0, 4) == "(!) "): null

27-02-2025T17:40:44 - [TEST_STEP][PASSED] - myValue = myValue.substring(4): null

27-02-2025T17:40:44 - [TEST_STEP][PASSED] - if (debug): null

27-02-2025T17:40:44 - [TEST_STEP][PASSED] - myType = element.getAttribute("type"): null

27-02-2025T17:40:44 - [TEST_STEP][PASSED] - if (myValue in varParms[i]): null

27-02-2025T17:40:44 - [TEST_STEP][PASSED] - else: null

27-02-2025T17:40:44 - [TEST_STEP][PASSED] - inList = false: null

27-02-2025T17:40:44 - [TEST_STEP][PASSED] - if (myType == "checkbox"): null

27-02-2025T17:40:44 - [TEST_STEP][PASSED] - myStatus = element.isSelected(): null

27-02-2025T17:40:44 - [TEST_STEP][PASSED] - if (debug): null

27-02-2025T17:40:44 - [TEST_STEP][PASSED] - if (toggle && myStatus && inList): null

27-02-2025T17:40:44 - [TEST_STEP][PASSED] - if (!(myStatus) && inList || myStatus && !(inList)): null

27-02-2025T17:40:44 - [TEST_STEP][PASSED] - myValue = element.getAttribute("value"): null

27-02-2025T17:40:44 - [TEST_STEP][PASSED] - if (debug): null

27-02-2025T17:40:44 - [TEST_STEP][PASSED] - if (myValue.length() >= 4): null

27-02-2025T17:40:44 - [TEST_STEP][PASSED] - if (myValue.substring(0, 4) == "(!) "): null

27-02-2025T17:40:44 - [TEST_STEP][PASSED] - myType = element.getAttribute("type"): null

27-02-2025T17:40:44 - [TEST_STEP][PASSED] - if (myValue in varParms[i]): null

27-02-2025T17:40:44 - [TEST_STEP][PASSED] - inList = true: null

27-02-2025T17:40:44 - [TEST_STEP][PASSED] - if (myType == "checkbox"): null

27-02-2025T17:40:44 - [TEST_STEP][PASSED] - myStatus = element.isSelected(): null

27-02-2025T17:40:44 - [TEST_STEP][PASSED] - if (debug): null

27-02-2025T17:40:44 - [TEST_STEP][PASSED] - if (toggle && myStatus && inList): null

27-02-2025T17:40:44 - [TEST_STEP][PASSED] - if (!(myStatus) && inList || myStatus && !(inList)): null

27-02-2025T17:40:44 - [TEST_STEP][PASSED] - if (debug): null

27-02-2025T17:40:44 - [TEST_STEP][PASSED] - println("Clicking " + myValue): null

27-02-2025T17:40:44 - [TEST_STEP][PASSED] - click(element): null

27-02-2025T17:40:44 - [TEST_STEP][PASSED] - scrollToObject(elem): null

27-02-2025T17:40:44 - [TEST_STEP][PASSED] - loc = element.getLocation(): null

27-02-2025T17:40:44 - [TEST_STEP][PASSED] - if (debug): null

27-02-2025T17:40:44 - [TEST_STEP][PASSED] - y = loc.getY(): null

27-02-2025T17:40:44 - [TEST_STEP][PASSED] - println("Y location is " + y): null

27-02-2025T17:40:44 - [TEST_STEP][PASSED] - top = getViewportTopPosition(): Current viewport's top (y) position is 435

27-02-2025T17:40:44 - [MESSAGE][PASSED] - Current viewport's top (y) position is 435

27-02-2025T17:40:44 - [TEST_STEP][PASSED] - println("Viewport top is " + top): null

27-02-2025T17:40:44 - [TEST_STEP][PASSED] - bottom = top + 600: null

27-02-2025T17:40:44 - [TEST_STEP][PASSED] - if (y - top < 150 || bottom - y < 10): Delayed 1 second(s)

27-02-2025T17:40:44 - [TEST_STEP][PASSED] - scrollToPosition(0, y - 150): Browser is scrolled to position x = 0, y = 300

27-02-2025T17:40:44 - [MESSAGE][PASSED] - Browser is scrolled to position x = 0, y = 300

27-02-2025T17:40:44 - [TEST_STEP][PASSED] - delay(1): Delayed 1 second(s)

27-02-2025T17:40:45 - [MESSAGE][PASSED] - Delayed 1 second(s)

27-02-2025T17:40:45 - [TEST_STEP][PASSED] - elem.click(): null

27-02-2025T17:40:45 - [TEST_STEP][PASSED] - myValue = element.getAttribute("value"): null

27-02-2025T17:40:45 - [TEST_STEP][PASSED] - if (debug): null

27-02-2025T17:40:45 - [TEST_STEP][PASSED] - if (myValue.length() >= 4): null

27-02-2025T17:40:45 - [TEST_STEP][PASSED] - if (myValue.substring(0, 4) == "(!) "): null

27-02-2025T17:40:45 - [TEST_STEP][PASSED] - myType = element.getAttribute("type"): null

27-02-2025T17:40:45 - [TEST_STEP][PASSED] - if (myValue in varParms[i]): null

27-02-2025T17:40:45 - [TEST_STEP][PASSED] - inList = true: null

27-02-2025T17:40:45 - [TEST_STEP][PASSED] - if (myType == "checkbox"): null

27-02-2025T17:40:45 - [TEST_STEP][PASSED] - myStatus = element.isSelected(): null

27-02-2025T17:40:45 - [TEST_STEP][PASSED] - if (debug): null

27-02-2025T17:40:45 - [TEST_STEP][PASSED] - if (toggle && myStatus && inList): null

27-02-2025T17:40:45 - [TEST_STEP][PASSED] - if (!(myStatus) && inList || myStatus && !(inList)): null

27-02-2025T17:40:45 - [TEST_STEP][PASSED] - if (debug): null

27-02-2025T17:40:45 - [TEST_STEP][PASSED] - println("Clicking " + myValue): null

27-02-2025T17:40:45 - [TEST_STEP][PASSED] - click(element): null

27-02-2025T17:40:45 - [TEST_STEP][PASSED] - scrollToObject(elem): null

27-02-2025T17:40:45 - [TEST_STEP][PASSED] - loc = element.getLocation(): null

27-02-2025T17:40:45 - [TEST_STEP][PASSED] - if (debug): null

27-02-2025T17:40:45 - [TEST_STEP][PASSED] - y = loc.getY(): null

27-02-2025T17:40:45 - [TEST_STEP][PASSED] - println("Y location is " + y): null

27-02-2025T17:40:45 - [TEST_STEP][PASSED] - top = getViewportTopPosition(): Current viewport's top (y) position is 300

27-02-2025T17:40:45 - [MESSAGE][PASSED] - Current viewport's top (y) position is 300

27-02-2025T17:40:45 - [TEST_STEP][PASSED] - println("Viewport top is " + top): null

27-02-2025T17:40:45 - [TEST_STEP][PASSED] - bottom = top + 600: null

27-02-2025T17:40:45 - [TEST_STEP][PASSED] - if (y - top < 150 || bottom - y < 10): null

27-02-2025T17:40:45 - [TEST_STEP][PASSED] - elem.click(): null

27-02-2025T17:40:45 - [TEST_STEP][PASSED] - if (debug): null

27-02-2025T17:40:45 - [TEST_STEP][PASSED] - if (varParms[i].indexOf("Europe") >= 0): null

27-02-2025T17:40:45 - [TEST_STEP][PASSED] - elements = driver.findElements(By.xpath(varXpaths[i])): null

27-02-2025T17:40:45 - [TEST_STEP][PASSED] - element_count = elements.size(): null

27-02-2025T17:40:45 - [TEST_STEP][PASSED] - for (def element : elements): null

27-02-2025T17:40:45 - [TEST_STEP][PASSED] - myValue = element.getAttribute("value"): null

27-02-2025T17:40:45 - [TEST_STEP][PASSED] - if (debug): null

27-02-2025T17:40:45 - [TEST_STEP][PASSED] - if (myValue.length() >= 4): null

27-02-2025T17:40:45 - [TEST_STEP][PASSED] - if (myValue.substring(0, 4) == "(!) "): null

27-02-2025T17:40:45 - [TEST_STEP][PASSED] - myValue = myValue.substring(4): null

27-02-2025T17:40:45 - [TEST_STEP][PASSED] - if (debug): null

27-02-2025T17:40:45 - [TEST_STEP][PASSED] - myType = element.getAttribute("type"): null

27-02-2025T17:40:45 - [TEST_STEP][PASSED] - if (myValue in varParms[i]): null

27-02-2025T17:40:45 - [TEST_STEP][PASSED] - inList = true: null

27-02-2025T17:40:45 - [TEST_STEP][PASSED] - if (myType == "checkbox"): null

27-02-2025T17:40:45 - [TEST_STEP][PASSED] - myStatus = element.isSelected(): null

27-02-2025T17:40:45 - [TEST_STEP][PASSED] - if (debug): null

27-02-2025T17:40:45 - [TEST_STEP][PASSED] - if (toggle && myStatus && inList): null

27-02-2025T17:40:45 - [TEST_STEP][PASSED] - if (!(myStatus) && inList || myStatus && !(inList)): null

27-02-2025T17:40:45 - [TEST_STEP][PASSED] - if (debug): null

27-02-2025T17:40:45 - [TEST_STEP][PASSED] - println("Clicking " + myValue): null

27-02-2025T17:40:45 - [TEST_STEP][PASSED] - click(element): null

27-02-2025T17:40:45 - [TEST_STEP][PASSED] - scrollToObject(elem): null

27-02-2025T17:40:45 - [TEST_STEP][PASSED] - loc = element.getLocation(): null

27-02-2025T17:40:45 - [TEST_STEP][PASSED] - if (debug): null

27-02-2025T17:40:45 - [TEST_STEP][PASSED] - y = loc.getY(): null

27-02-2025T17:40:45 - [TEST_STEP][PASSED] - println("Y location is " + y): null

27-02-2025T17:40:45 - [TEST_STEP][PASSED] - top = getViewportTopPosition(): Current viewport's top (y) position is 300

27-02-2025T17:40:45 - [MESSAGE][PASSED] - Current viewport's top (y) position is 300

27-02-2025T17:40:45 - [TEST_STEP][PASSED] - println("Viewport top is " + top): null

27-02-2025T17:40:45 - [TEST_STEP][PASSED] - bottom = top + 600: null

27-02-2025T17:40:45 - [TEST_STEP][PASSED] - if (y - top < 150 || bottom - y < 10): null

27-02-2025T17:40:45 - [TEST_STEP][PASSED] - elem.click(): null

27-02-2025T17:40:45 - [TEST_STEP][PASSED] - myValue = element.getAttribute("value"): null

27-02-2025T17:40:45 - [TEST_STEP][PASSED] - if (debug): null

27-02-2025T17:40:45 - [TEST_STEP][PASSED] - if (myValue.length() >= 4): null

27-02-2025T17:40:45 - [TEST_STEP][PASSED] - if (myValue.substring(0, 4) == "(!) "): null

27-02-2025T17:40:45 - [TEST_STEP][PASSED] - myType = element.getAttribute("type"): null

27-02-2025T17:40:45 - [TEST_STEP][PASSED] - if (myValue in varParms[i]): null

27-02-2025T17:40:45 - [TEST_STEP][PASSED] - inList = true: null

27-02-2025T17:40:45 - [TEST_STEP][PASSED] - if (myType == "checkbox"): null

27-02-2025T17:40:45 - [TEST_STEP][PASSED] - myStatus = element.isSelected(): null

27-02-2025T17:40:45 - [TEST_STEP][PASSED] - if (debug): null

27-02-2025T17:40:45 - [TEST_STEP][PASSED] - if (toggle && myStatus && inList): null

27-02-2025T17:40:45 - [TEST_STEP][PASSED] - if (!(myStatus) && inList || myStatus && !(inList)): null

27-02-2025T17:40:45 - [TEST_STEP][PASSED] - if (debug): null

27-02-2025T17:40:45 - [TEST_STEP][PASSED] - println("Clicking " + myValue): null

27-02-2025T17:40:45 - [TEST_STEP][PASSED] - click(element): null

27-02-2025T17:40:45 - [TEST_STEP][PASSED] - scrollToObject(elem): null

27-02-2025T17:40:45 - [TEST_STEP][PASSED] - loc = element.getLocation(): null

27-02-2025T17:40:45 - [TEST_STEP][PASSED] - if (debug): null

27-02-2025T17:40:45 - [TEST_STEP][PASSED] - y = loc.getY(): null

27-02-2025T17:40:45 - [TEST_STEP][PASSED] - println("Y location is " + y): null

27-02-2025T17:40:45 - [TEST_STEP][PASSED] - top = getViewportTopPosition(): Current viewport's top (y) position is 300

27-02-2025T17:40:45 - [MESSAGE][PASSED] - Current viewport's top (y) position is 300

27-02-2025T17:40:45 - [TEST_STEP][PASSED] - println("Viewport top is " + top): null

27-02-2025T17:40:45 - [TEST_STEP][PASSED] - bottom = top + 600: null

27-02-2025T17:40:45 - [TEST_STEP][PASSED] - if (y - top < 150 || bottom - y < 10): null

27-02-2025T17:40:45 - [TEST_STEP][PASSED] - elem.click(): null

27-02-2025T17:40:45 - [TEST_STEP][PASSED] - myValue = element.getAttribute("value"): null

27-02-2025T17:40:45 - [TEST_STEP][PASSED] - if (debug): null

27-02-2025T17:40:45 - [TEST_STEP][PASSED] - if (myValue.length() >= 4): null

27-02-2025T17:40:45 - [TEST_STEP][PASSED] - if (myValue.substring(0, 4) == "(!) "): null

27-02-2025T17:40:45 - [TEST_STEP][PASSED] - myType = element.getAttribute("type"): null

27-02-2025T17:40:45 - [TEST_STEP][PASSED] - if (myValue in varParms[i]): null

27-02-2025T17:40:45 - [TEST_STEP][PASSED] - inList = true: null

27-02-2025T17:40:45 - [TEST_STEP][PASSED] - if (myType == "checkbox"): null

27-02-2025T17:40:45 - [TEST_STEP][PASSED] - myStatus = element.isSelected(): null

27-02-2025T17:40:45 - [TEST_STEP][PASSED] - if (debug): null

27-02-2025T17:40:45 - [TEST_STEP][PASSED] - if (toggle && myStatus && inList): null

27-02-2025T17:40:45 - [TEST_STEP][PASSED] - if (!(myStatus) && inList || myStatus && !(inList)): null

27-02-2025T17:40:45 - [TEST_STEP][PASSED] - if (debug): null

27-02-2025T17:40:45 - [TEST_STEP][PASSED] - println("Clicking " + myValue): null

27-02-2025T17:40:45 - [TEST_STEP][PASSED] - click(element): null

27-02-2025T17:40:45 - [TEST_STEP][PASSED] - scrollToObject(elem): null

27-02-2025T17:40:45 - [TEST_STEP][PASSED] - loc = element.getLocation(): null

27-02-2025T17:40:45 - [TEST_STEP][PASSED] - if (debug): null

27-02-2025T17:40:45 - [TEST_STEP][PASSED] - y = loc.getY(): null

27-02-2025T17:40:45 - [TEST_STEP][PASSED] - println("Y location is " + y): null

27-02-2025T17:40:45 - [TEST_STEP][PASSED] - top = getViewportTopPosition(): Current viewport's top (y) position is 300

27-02-2025T17:40:45 - [MESSAGE][PASSED] - Current viewport's top (y) position is 300

27-02-2025T17:40:45 - [TEST_STEP][PASSED] - println("Viewport top is " + top): null

27-02-2025T17:40:45 - [TEST_STEP][PASSED] - bottom = top + 600: null

27-02-2025T17:40:45 - [TEST_STEP][PASSED] - if (y - top < 150 || bottom - y < 10): null

27-02-2025T17:40:45 - [TEST_STEP][PASSED] - elem.click(): null

27-02-2025T17:40:45 - [TEST_STEP][PASSED] - if (debug): null

27-02-2025T17:40:45 - [TEST_STEP][PASSED] - if (varParms[i].indexOf("Europe") >= 0): null

27-02-2025T17:40:45 - [TEST_STEP][PASSED] - elements = driver.findElements(By.xpath(varXpaths[i])): null

27-02-2025T17:40:45 - [TEST_STEP][PASSED] - element_count = elements.size(): null

27-02-2025T17:40:45 - [TEST_STEP][PASSED] - for (def element : elements): null

27-02-2025T17:40:45 - [TEST_STEP][PASSED] - myValue = element.getAttribute("value"): null

27-02-2025T17:40:45 - [TEST_STEP][PASSED] - if (debug): null

27-02-2025T17:40:45 - [TEST_STEP][PASSED] - if (myValue.length() >= 4): null

27-02-2025T17:40:45 - [TEST_STEP][PASSED] - if (myValue.substring(0, 4) == "(!) "): null

27-02-2025T17:40:45 - [TEST_STEP][PASSED] - myType = element.getAttribute("type"): null

27-02-2025T17:40:45 - [TEST_STEP][PASSED] - if (myValue in varParms[i]): null

27-02-2025T17:40:45 - [TEST_STEP][PASSED] - else: null

27-02-2025T17:40:45 - [TEST_STEP][PASSED] - inList = false: null

27-02-2025T17:40:45 - [TEST_STEP][PASSED] - if (myType == "checkbox"): null

27-02-2025T17:40:45 - [TEST_STEP][PASSED] - myStatus = element.isSelected(): null

27-02-2025T17:40:45 - [TEST_STEP][PASSED] - if (debug): null

27-02-2025T17:40:45 - [TEST_STEP][PASSED] - if (toggle && myStatus && inList): null

27-02-2025T17:40:45 - [TEST_STEP][PASSED] - if (!(myStatus) && inList || myStatus && !(inList)): null

27-02-2025T17:40:45 - [TEST_STEP][PASSED] - myValue = element.getAttribute("value"): null

27-02-2025T17:40:45 - [TEST_STEP][PASSED] - if (debug): null

27-02-2025T17:40:45 - [TEST_STEP][PASSED] - if (myValue.length() >= 4): null

27-02-2025T17:40:45 - [TEST_STEP][PASSED] - if (myValue.substring(0, 4) == "(!) "): null

27-02-2025T17:40:45 - [TEST_STEP][PASSED] - myType = element.getAttribute("type"): null

27-02-2025T17:40:45 - [TEST_STEP][PASSED] - if (myValue in varParms[i]): null

27-02-2025T17:40:45 - [TEST_STEP][PASSED] - else: null

27-02-2025T17:40:45 - [TEST_STEP][PASSED] - inList = false: null

27-02-2025T17:40:45 - [TEST_STEP][PASSED] - if (myType == "checkbox"): null

27-02-2025T17:40:45 - [TEST_STEP][PASSED] - myStatus = element.isSelected(): null

27-02-2025T17:40:45 - [TEST_STEP][PASSED] - if (debug): null

27-02-2025T17:40:45 - [TEST_STEP][PASSED] - if (toggle && myStatus && inList): null

27-02-2025T17:40:45 - [TEST_STEP][PASSED] - if (!(myStatus) && inList || myStatus && !(inList)): null

27-02-2025T17:40:45 - [TEST_STEP][PASSED] - myValue = element.getAttribute("value"): null

27-02-2025T17:40:45 - [TEST_STEP][PASSED] - if (debug): null

27-02-2025T17:40:45 - [TEST_STEP][PASSED] - if (myValue.length() >= 4): null

27-02-2025T17:40:45 - [TEST_STEP][PASSED] - if (myValue.substring(0, 4) == "(!) "): null

27-02-2025T17:40:45 - [TEST_STEP][PASSED] - myType = element.getAttribute("type"): null

27-02-2025T17:40:45 - [TEST_STEP][PASSED] - if (myValue in varParms[i]): null

27-02-2025T17:40:45 - [TEST_STEP][PASSED] - inList = true: null

27-02-2025T17:40:45 - [TEST_STEP][PASSED] - if (myType == "checkbox"): null

27-02-2025T17:40:45 - [TEST_STEP][PASSED] - myStatus = element.isSelected(): null

27-02-2025T17:40:45 - [TEST_STEP][PASSED] - if (debug): null

27-02-2025T17:40:45 - [TEST_STEP][PASSED] - if (toggle && myStatus && inList): null

27-02-2025T17:40:45 - [TEST_STEP][PASSED] - if (!(myStatus) && inList || myStatus && !(inList)): null

27-02-2025T17:40:45 - [TEST_STEP][PASSED] - if (debug): null

27-02-2025T17:40:45 - [TEST_STEP][PASSED] - println("Clicking " + myValue): null

27-02-2025T17:40:45 - [TEST_STEP][PASSED] - click(element): null

27-02-2025T17:40:45 - [TEST_STEP][PASSED] - scrollToObject(elem): null

27-02-2025T17:40:45 - [TEST_STEP][PASSED] - loc = element.getLocation(): null

27-02-2025T17:40:45 - [TEST_STEP][PASSED] - if (debug): null

27-02-2025T17:40:45 - [TEST_STEP][PASSED] - y = loc.getY(): null

27-02-2025T17:40:45 - [TEST_STEP][PASSED] - println("Y location is " + y): null

27-02-2025T17:40:45 - [TEST_STEP][PASSED] - top = getViewportTopPosition(): Current viewport's top (y) position is 300

27-02-2025T17:40:45 - [MESSAGE][PASSED] - Current viewport's top (y) position is 300

27-02-2025T17:40:45 - [TEST_STEP][PASSED] - println("Viewport top is " + top): null

27-02-2025T17:40:45 - [TEST_STEP][PASSED] - bottom = top + 600: null

27-02-2025T17:40:45 - [TEST_STEP][PASSED] - if (y - top < 150 || bottom - y < 10): null

27-02-2025T17:40:45 - [TEST_STEP][PASSED] - elem.click(): null

27-02-2025T17:40:45 - [TEST_STEP][PASSED] - myValue = element.getAttribute("value"): null

27-02-2025T17:40:45 - [TEST_STEP][PASSED] - if (debug): null

27-02-2025T17:40:45 - [TEST_STEP][PASSED] - if (myValue.length() >= 4): null

27-02-2025T17:40:45 - [TEST_STEP][PASSED] - if (myValue.substring(0, 4) == "(!) "): null

27-02-2025T17:40:45 - [TEST_STEP][PASSED] - myType = element.getAttribute("type"): null

27-02-2025T17:40:45 - [TEST_STEP][PASSED] - if (myValue in varParms[i]): null

27-02-2025T17:40:45 - [TEST_STEP][PASSED] - inList = true: null

27-02-2025T17:40:45 - [TEST_STEP][PASSED] - if (myType == "checkbox"): null

27-02-2025T17:40:45 - [TEST_STEP][PASSED] - myStatus = element.isSelected(): null

27-02-2025T17:40:45 - [TEST_STEP][PASSED] - if (debug): null

27-02-2025T17:40:45 - [TEST_STEP][PASSED] - if (toggle && myStatus && inList): null

27-02-2025T17:40:45 - [TEST_STEP][PASSED] - if (!(myStatus) && inList || myStatus && !(inList)): null

27-02-2025T17:40:45 - [TEST_STEP][PASSED] - if (debug): null

27-02-2025T17:40:45 - [TEST_STEP][PASSED] - println("Clicking " + myValue): null

27-02-2025T17:40:45 - [TEST_STEP][PASSED] - click(element): null

27-02-2025T17:40:45 - [TEST_STEP][PASSED] - scrollToObject(elem): null

27-02-2025T17:40:45 - [TEST_STEP][PASSED] - loc = element.getLocation(): null

27-02-2025T17:40:45 - [TEST_STEP][PASSED] - if (debug): null

27-02-2025T17:40:45 - [TEST_STEP][PASSED] - y = loc.getY(): null

27-02-2025T17:40:45 - [TEST_STEP][PASSED] - println("Y location is " + y): null

27-02-2025T17:40:45 - [TEST_STEP][PASSED] - top = getViewportTopPosition(): Current viewport's top (y) position is 300

27-02-2025T17:40:45 - [MESSAGE][PASSED] - Current viewport's top (y) position is 300

27-02-2025T17:40:45 - [TEST_STEP][PASSED] - println("Viewport top is " + top): null

27-02-2025T17:40:45 - [TEST_STEP][PASSED] - bottom = top + 600: null

27-02-2025T17:40:45 - [TEST_STEP][PASSED] - if (y - top < 150 || bottom - y < 10): null

27-02-2025T17:40:45 - [TEST_STEP][PASSED] - elem.click(): null

27-02-2025T17:40:45 - [TEST_STEP][PASSED] - myValue = element.getAttribute("value"): null

27-02-2025T17:40:45 - [TEST_STEP][PASSED] - if (debug): null

27-02-2025T17:40:45 - [TEST_STEP][PASSED] - if (myValue.length() >= 4): null

27-02-2025T17:40:45 - [TEST_STEP][PASSED] - if (myValue.substring(0, 4) == "(!) "): null

27-02-2025T17:40:45 - [TEST_STEP][PASSED] - myValue = myValue.substring(4): null

27-02-2025T17:40:45 - [TEST_STEP][PASSED] - if (debug): null

27-02-2025T17:40:45 - [TEST_STEP][PASSED] - myType = element.getAttribute("type"): null

27-02-2025T17:40:45 - [TEST_STEP][PASSED] - if (myValue in varParms[i]): null

27-02-2025T17:40:45 - [TEST_STEP][PASSED] - else: null

27-02-2025T17:40:45 - [TEST_STEP][PASSED] - inList = false: null

27-02-2025T17:40:45 - [TEST_STEP][PASSED] - if (myType == "checkbox"): null

27-02-2025T17:40:45 - [TEST_STEP][PASSED] - myStatus = element.isSelected(): null

27-02-2025T17:40:45 - [TEST_STEP][PASSED] - if (debug): null

27-02-2025T17:40:45 - [TEST_STEP][PASSED] - if (toggle && myStatus && inList): null

27-02-2025T17:40:45 - [TEST_STEP][PASSED] - if (!(myStatus) && inList || myStatus && !(inList)): null

27-02-2025T17:40:45 - [TEST_STEP][PASSED] - if (debug): null

27-02-2025T17:40:45 - [TEST_STEP][PASSED] - if (varParms[i].indexOf("Europe") >= 0): null

27-02-2025T17:40:45 - [TEST_STEP][PASSED] - elements = driver.findElements(By.xpath(varXpaths[i])): null

27-02-2025T17:40:45 - [TEST_STEP][PASSED] - element_count = elements.size(): null

27-02-2025T17:40:45 - [TEST_STEP][PASSED] - for (def element : elements): null

27-02-2025T17:40:45 - [TEST_STEP][PASSED] - myValue = element.getAttribute("value"): null

27-02-2025T17:40:45 - [TEST_STEP][PASSED] - if (debug): null

27-02-2025T17:40:45 - [TEST_STEP][PASSED] - if (myValue.length() >= 4): null

27-02-2025T17:40:45 - [TEST_STEP][PASSED] - if (myValue.substring(0, 4) == "(!) "): null

27-02-2025T17:40:45 - [TEST_STEP][PASSED] - myValue = myValue.substring(4): null

27-02-2025T17:40:45 - [TEST_STEP][PASSED] - if (debug): null

27-02-2025T17:40:45 - [TEST_STEP][PASSED] - myType = element.getAttribute("type"): null

27-02-2025T17:40:45 - [TEST_STEP][PASSED] - if (myValue in varParms[i]): null

27-02-2025T17:40:45 - [TEST_STEP][PASSED] - inList = true: null

27-02-2025T17:40:45 - [TEST_STEP][PASSED] - if (myType == "checkbox"): null

27-02-2025T17:40:45 - [TEST_STEP][PASSED] - myStatus = element.isSelected(): null

27-02-2025T17:40:45 - [TEST_STEP][PASSED] - if (debug): null

27-02-2025T17:40:45 - [TEST_STEP][PASSED] - if (toggle && myStatus && inList): null

27-02-2025T17:40:45 - [TEST_STEP][PASSED] - if (!(myStatus) && inList || myStatus && !(inList)): null

27-02-2025T17:40:45 - [TEST_STEP][PASSED] - if (debug): null

27-02-2025T17:40:45 - [TEST_STEP][PASSED] - println("Clicking " + myValue): null

27-02-2025T17:40:45 - [TEST_STEP][PASSED] - click(element): null

27-02-2025T17:40:45 - [TEST_STEP][PASSED] - scrollToObject(elem): null

27-02-2025T17:40:45 - [TEST_STEP][PASSED] - loc = element.getLocation(): null

27-02-2025T17:40:45 - [TEST_STEP][PASSED] - if (debug): null

27-02-2025T17:40:45 - [TEST_STEP][PASSED] - y = loc.getY(): null

27-02-2025T17:40:45 - [TEST_STEP][PASSED] - println("Y location is " + y): null

27-02-2025T17:40:45 - [TEST_STEP][PASSED] - top = getViewportTopPosition(): Current viewport's top (y) position is 300

27-02-2025T17:40:45 - [MESSAGE][PASSED] - Current viewport's top (y) position is 300

27-02-2025T17:40:45 - [TEST_STEP][PASSED] - println("Viewport top is " + top): null

27-02-2025T17:40:45 - [TEST_STEP][PASSED] - bottom = top + 600: null

27-02-2025T17:40:45 - [TEST_STEP][PASSED] - if (y - top < 150 || bottom - y < 10): null

27-02-2025T17:40:45 - [TEST_STEP][PASSED] - elem.click(): null

27-02-2025T17:40:45 - [TEST_STEP][PASSED] - myValue = element.getAttribute("value"): null

27-02-2025T17:40:45 - [TEST_STEP][PASSED] - if (debug): null

27-02-2025T17:40:45 - [TEST_STEP][PASSED] - if (myValue.length() >= 4): null

27-02-2025T17:40:45 - [TEST_STEP][PASSED] - if (myValue.substring(0, 4) == "(!) "): null

27-02-2025T17:40:45 - [TEST_STEP][PASSED] - myType = element.getAttribute("type"): null

27-02-2025T17:40:45 - [TEST_STEP][PASSED] - if (myValue in varParms[i]): null

27-02-2025T17:40:45 - [TEST_STEP][PASSED] - inList = true: null

27-02-2025T17:40:45 - [TEST_STEP][PASSED] - if (myType == "checkbox"): null

27-02-2025T17:40:45 - [TEST_STEP][PASSED] - myStatus = element.isSelected(): null

27-02-2025T17:40:45 - [TEST_STEP][PASSED] - if (debug): null

27-02-2025T17:40:45 - [TEST_STEP][PASSED] - if (toggle && myStatus && inList): null

27-02-2025T17:40:45 - [TEST_STEP][PASSED] - if (!(myStatus) && inList || myStatus && !(inList)): null

27-02-2025T17:40:45 - [TEST_STEP][PASSED] - if (debug): null

27-02-2025T17:40:45 - [TEST_STEP][PASSED] - println("Clicking " + myValue): null

27-02-2025T17:40:45 - [TEST_STEP][PASSED] - click(element): null

27-02-2025T17:40:45 - [TEST_STEP][PASSED] - scrollToObject(elem): null

27-02-2025T17:40:45 - [TEST_STEP][PASSED] - loc = element.getLocation(): null

27-02-2025T17:40:45 - [TEST_STEP][PASSED] - if (debug): null

27-02-2025T17:40:45 - [TEST_STEP][PASSED] - y = loc.getY(): null

27-02-2025T17:40:45 - [TEST_STEP][PASSED] - println("Y location is " + y): null

27-02-2025T17:40:45 - [TEST_STEP][PASSED] - top = getViewportTopPosition(): Current viewport's top (y) position is 300

27-02-2025T17:40:45 - [MESSAGE][PASSED] - Current viewport's top (y) position is 300

27-02-2025T17:40:45 - [TEST_STEP][PASSED] - println("Viewport top is " + top): null

27-02-2025T17:40:45 - [TEST_STEP][PASSED] - bottom = top + 600: null

27-02-2025T17:40:45 - [TEST_STEP][PASSED] - if (y - top < 150 || bottom - y < 10): null

27-02-2025T17:40:45 - [TEST_STEP][PASSED] - elem.click(): null

27-02-2025T17:40:45 - [TEST_STEP][PASSED] - myValue = element.getAttribute("value"): null

27-02-2025T17:40:45 - [TEST_STEP][PASSED] - if (debug): null

27-02-2025T17:40:45 - [TEST_STEP][PASSED] - if (myValue.length() >= 4): null

27-02-2025T17:40:45 - [TEST_STEP][PASSED] - if (myValue.substring(0, 4) == "(!) "): null

27-02-2025T17:40:45 - [TEST_STEP][PASSED] - myType = element.getAttribute("type"): null

27-02-2025T17:40:45 - [TEST_STEP][PASSED] - if (myValue in varParms[i]): null

27-02-2025T17:40:45 - [TEST_STEP][PASSED] - inList = true: null

27-02-2025T17:40:45 - [TEST_STEP][PASSED] - if (myType == "checkbox"): null

27-02-2025T17:40:45 - [TEST_STEP][PASSED] - myStatus = element.isSelected(): null

27-02-2025T17:40:45 - [TEST_STEP][PASSED] - if (debug): null

27-02-2025T17:40:45 - [TEST_STEP][PASSED] - if (toggle && myStatus && inList): null

27-02-2025T17:40:45 - [TEST_STEP][PASSED] - if (!(myStatus) && inList || myStatus && !(inList)): null

27-02-2025T17:40:45 - [TEST_STEP][PASSED] - if (debug): null

27-02-2025T17:40:45 - [TEST_STEP][PASSED] - println("Clicking " + myValue): null

27-02-2025T17:40:45 - [TEST_STEP][PASSED] - click(element): null

27-02-2025T17:40:45 - [TEST_STEP][PASSED] - scrollToObject(elem): null

27-02-2025T17:40:45 - [TEST_STEP][PASSED] - loc = element.getLocation(): null

27-02-2025T17:40:45 - [TEST_STEP][PASSED] - if (debug): null

27-02-2025T17:40:45 - [TEST_STEP][PASSED] - y = loc.getY(): null

27-02-2025T17:40:45 - [TEST_STEP][PASSED] - println("Y location is " + y): null

27-02-2025T17:40:45 - [TEST_STEP][PASSED] - top = getViewportTopPosition(): Current viewport's top (y) position is 300

27-02-2025T17:40:45 - [MESSAGE][PASSED] - Current viewport's top (y) position is 300

27-02-2025T17:40:45 - [TEST_STEP][PASSED] - println("Viewport top is " + top): null

27-02-2025T17:40:45 - [TEST_STEP][PASSED] - bottom = top + 600: null

27-02-2025T17:40:45 - [TEST_STEP][PASSED] - if (y - top < 150 || bottom - y < 10): null

27-02-2025T17:40:45 - [TEST_STEP][PASSED] - elem.click(): null

27-02-2025T17:40:45 - [TEST_STEP][PASSED] - if (debug): null

27-02-2025T17:40:45 - [TEST_STEP][PASSED] - if (varParms[i].indexOf("Europe") >= 0): null

27-02-2025T17:40:45 - [TEST_STEP][PASSED] - elements = driver.findElements(By.xpath(varXpaths[i])): null

27-02-2025T17:40:45 - [TEST_STEP][PASSED] - element_count = elements.size(): null

27-02-2025T17:40:45 - [TEST_STEP][PASSED] - for (def element : elements): null

27-02-2025T17:40:45 - [TEST_STEP][PASSED] - myValue = element.getAttribute("value"): null

27-02-2025T17:40:45 - [TEST_STEP][PASSED] - if (debug): null

27-02-2025T17:40:45 - [TEST_STEP][PASSED] - if (myValue.length() >= 4): null

27-02-2025T17:40:45 - [TEST_STEP][PASSED] - if (myValue.substring(0, 4) == "(!) "): null

27-02-2025T17:40:45 - [TEST_STEP][PASSED] - myType = element.getAttribute("type"): null

27-02-2025T17:40:45 - [TEST_STEP][PASSED] - if (myValue in varParms[i]): null

27-02-2025T17:40:45 - [TEST_STEP][PASSED] - else: null

27-02-2025T17:40:45 - [TEST_STEP][PASSED] - inList = false: null

27-02-2025T17:40:45 - [TEST_STEP][PASSED] - if (myType == "checkbox"): null

27-02-2025T17:40:45 - [TEST_STEP][PASSED] - myStatus = element.isSelected(): null

27-02-2025T17:40:45 - [TEST_STEP][PASSED] - if (debug): null

27-02-2025T17:40:45 - [TEST_STEP][PASSED] - if (toggle && myStatus && inList): null

27-02-2025T17:40:45 - [TEST_STEP][PASSED] - if (!(myStatus) && inList || myStatus && !(inList)): null

27-02-2025T17:40:45 - [TEST_STEP][PASSED] - myValue = element.getAttribute("value"): null

27-02-2025T17:40:45 - [TEST_STEP][PASSED] - if (debug): null

27-02-2025T17:40:45 - [TEST_STEP][PASSED] - if (myValue.length() >= 4): null

27-02-2025T17:40:45 - [TEST_STEP][PASSED] - if (myValue.substring(0, 4) == "(!) "): null

27-02-2025T17:40:45 - [TEST_STEP][PASSED] - myType = element.getAttribute("type"): null

27-02-2025T17:40:45 - [TEST_STEP][PASSED] - if (myValue in varParms[i]): null

27-02-2025T17:40:45 - [TEST_STEP][PASSED] - inList = true: null

27-02-2025T17:40:45 - [TEST_STEP][PASSED] - if (myType == "checkbox"): null

27-02-2025T17:40:45 - [TEST_STEP][PASSED] - myStatus = element.isSelected(): null

27-02-2025T17:40:45 - [TEST_STEP][PASSED] - if (debug): null

27-02-2025T17:40:45 - [TEST_STEP][PASSED] - if (toggle && myStatus && inList): null

27-02-2025T17:40:45 - [TEST_STEP][PASSED] - if (!(myStatus) && inList || myStatus && !(inList)): null

27-02-2025T17:40:45 - [TEST_STEP][PASSED] - if (debug): null

27-02-2025T17:40:45 - [TEST_STEP][PASSED] - println("Clicking " + myValue): null

27-02-2025T17:40:45 - [TEST_STEP][PASSED] - click(element): null

27-02-2025T17:40:45 - [TEST_STEP][PASSED] - scrollToObject(elem): null

27-02-2025T17:40:45 - [TEST_STEP][PASSED] - loc = element.getLocation(): null

27-02-2025T17:40:45 - [TEST_STEP][PASSED] - if (debug): null

27-02-2025T17:40:45 - [TEST_STEP][PASSED] - y = loc.getY(): null

27-02-2025T17:40:45 - [TEST_STEP][PASSED] - println("Y location is " + y): null

27-02-2025T17:40:45 - [TEST_STEP][PASSED] - top = getViewportTopPosition(): Current viewport's top (y) position is 300

27-02-2025T17:40:45 - [MESSAGE][PASSED] - Current viewport's top (y) position is 300

27-02-2025T17:40:45 - [TEST_STEP][PASSED] - println("Viewport top is " + top): null

27-02-2025T17:40:45 - [TEST_STEP][PASSED] - bottom = top + 600: null

27-02-2025T17:40:45 - [TEST_STEP][PASSED] - if (y - top < 150 || bottom - y < 10): null

27-02-2025T17:40:45 - [TEST_STEP][PASSED] - elem.click(): null

27-02-2025T17:40:45 - [TEST_STEP][PASSED] - myValue = element.getAttribute("value"): null

27-02-2025T17:40:45 - [TEST_STEP][PASSED] - if (debug): null

27-02-2025T17:40:45 - [TEST_STEP][PASSED] - if (myValue.length() >= 4): null

27-02-2025T17:40:45 - [TEST_STEP][PASSED] - if (myValue.substring(0, 4) == "(!) "): null

27-02-2025T17:40:45 - [TEST_STEP][PASSED] - myType = element.getAttribute("type"): null

27-02-2025T17:40:45 - [TEST_STEP][PASSED] - if (myValue in varParms[i]): null

27-02-2025T17:40:45 - [TEST_STEP][PASSED] - inList = true: null

27-02-2025T17:40:45 - [TEST_STEP][PASSED] - if (myType == "checkbox"): null

27-02-2025T17:40:45 - [TEST_STEP][PASSED] - myStatus = element.isSelected(): null

27-02-2025T17:40:45 - [TEST_STEP][PASSED] - if (debug): null

27-02-2025T17:40:45 - [TEST_STEP][PASSED] - if (toggle && myStatus && inList): null

27-02-2025T17:40:45 - [TEST_STEP][PASSED] - if (!(myStatus) && inList || myStatus && !(inList)): null

27-02-2025T17:40:45 - [TEST_STEP][PASSED] - if (debug): null

27-02-2025T17:40:45 - [TEST_STEP][PASSED] - println("Clicking " + myValue): null

27-02-2025T17:40:45 - [TEST_STEP][PASSED] - click(element): null

27-02-2025T17:40:45 - [TEST_STEP][PASSED] - scrollToObject(elem): null

27-02-2025T17:40:45 - [TEST_STEP][PASSED] - loc = element.getLocation(): null

27-02-2025T17:40:45 - [TEST_STEP][PASSED] - if (debug): null

27-02-2025T17:40:45 - [TEST_STEP][PASSED] - y = loc.getY(): null

27-02-2025T17:40:45 - [TEST_STEP][PASSED] - println("Y location is " + y): null

27-02-2025T17:40:45 - [TEST_STEP][PASSED] - top = getViewportTopPosition(): Current viewport's top (y) position is 300

27-02-2025T17:40:45 - [MESSAGE][PASSED] - Current viewport's top (y) position is 300

27-02-2025T17:40:45 - [TEST_STEP][PASSED] - println("Viewport top is " + top): null

27-02-2025T17:40:45 - [TEST_STEP][PASSED] - bottom = top + 600: null

27-02-2025T17:40:45 - [TEST_STEP][PASSED] - if (y - top < 150 || bottom - y < 10): null

27-02-2025T17:40:45 - [TEST_STEP][PASSED] - elem.click(): null

27-02-2025T17:40:45 - [TEST_STEP][PASSED] - myValue = element.getAttribute("value"): null

27-02-2025T17:40:45 - [TEST_STEP][PASSED] - if (debug): null

27-02-2025T17:40:45 - [TEST_STEP][PASSED] - if (myValue.length() >= 4): null

27-02-2025T17:40:45 - [TEST_STEP][PASSED] - if (myValue.substring(0, 4) == "(!) "): null

27-02-2025T17:40:45 - [TEST_STEP][PASSED] - myValue = myValue.substring(4): null

27-02-2025T17:40:45 - [TEST_STEP][PASSED] - if (debug): null

27-02-2025T17:40:45 - [TEST_STEP][PASSED] - myType = element.getAttribute("type"): null

27-02-2025T17:40:45 - [TEST_STEP][PASSED] - if (myValue in varParms[i]): null

27-02-2025T17:40:45 - [TEST_STEP][PASSED] - else: null

27-02-2025T17:40:45 - [TEST_STEP][PASSED] - inList = false: null

27-02-2025T17:40:45 - [TEST_STEP][PASSED] - if (myType == "checkbox"): null

27-02-2025T17:40:45 - [TEST_STEP][PASSED] - myStatus = element.isSelected(): null

27-02-2025T17:40:45 - [TEST_STEP][PASSED] - if (debug): null

27-02-2025T17:40:45 - [TEST_STEP][PASSED] - if (toggle && myStatus && inList): null

27-02-2025T17:40:45 - [TEST_STEP][PASSED] - if (!(myStatus) && inList || myStatus && !(inList)): null

27-02-2025T17:40:45 - [TEST_STEP][PASSED] - frame.dispose(): null

27-02-2025T17:40:45 - [MESSAGE][PASSED] - Call Test Case 'Test Cases/_Functions/Click on Group Elements' successfully

27-02-2025T17:40:45 - [TEST_STEP][PASSED] - object = "Object Repository/Journey Partner Profile/Tabs/btn_Complete Submit": null

27-02-2025T17:40:45 - [TEST_STEP][PASSED] - callTestCase(findTestCase("_Functions/Perform Action"), ["varAction":"click", "varObject":object], STOP_ON_FAILURE): Call Test Case 'Test Cases/_Functions/Perform Action' successfully

27-02-2025T17:40:45 - [TEST_CASE][PASSED] - Test Cases/_Functions/Perform Action: Test Cases/_Functions/Perform Action

27-02-2025T17:40:45 - [TEST_STEP][PASSED] - action = varAction: null

27-02-2025T17:40:45 - [TEST_STEP][PASSED] - println(action): null

27-02-2025T17:40:45 - [TEST_STEP][PASSED] - testObject = varObject: null

27-02-2025T17:40:45 - [TEST_STEP][PASSED] - println(testObject): null

27-02-2025T17:40:45 - [TEST_STEP][PASSED] - parm1 = varParm1: null

27-02-2025T17:40:45 - [TEST_STEP][PASSED] - println(parm1): null

27-02-2025T17:40:45 - [TEST_STEP][PASSED] - println("Converting " + testObject + " to web element"): null

27-02-2025T17:40:45 - [TEST_STEP][PASSED] - element = findWebElement(findTestObject(testObject), 1): null

27-02-2025T17:40:45 - [TEST_STEP][PASSED] - loc = element.getLocation(): null

27-02-2025T17:40:45 - [TEST_STEP][PASSED] - y = loc.getY(): null

27-02-2025T17:40:45 - [TEST_STEP][PASSED] - println("Y location is " + y): null

27-02-2025T17:40:45 - [TEST_STEP][PASSED] - top = getViewportTopPosition(): Current viewport's top (y) position is 300

27-02-2025T17:40:45 - [MESSAGE][PASSED] - Current viewport's top (y) position is 300

27-02-2025T17:40:45 - [TEST_STEP][PASSED] - println("Viewport top is " + top): null

27-02-2025T17:40:45 - [TEST_STEP][PASSED] - bottom = top + 600: null

27-02-2025T17:40:45 - [TEST_STEP][PASSED] - if (y - top < 150 || bottom - y < 10): null

27-02-2025T17:40:45 - [TEST_STEP][PASSED] - if (action == "click"): Object: 'Object Repository/Journey Partner Profile/Tabs/btn_Complete Submit' is clicked on

27-02-2025T17:40:45 - [TEST_STEP][PASSED] - println("clicking"): null

27-02-2025T17:40:45 - [TEST_STEP][PASSED] - click(findTestObject(testObject)): Object: 'Object Repository/Journey Partner Profile/Tabs/btn_Complete Submit' is clicked on

27-02-2025T17:40:47 - [MESSAGE][PASSED] - Object: 'Object Repository/Journey Partner Profile/Tabs/btn_Complete Submit' is clicked on

27-02-2025T17:40:47 - [MESSAGE][PASSED] - Call Test Case 'Test Cases/_Functions/Perform Action' successfully

27-02-2025T17:40:47 - [MESSAGE][PASSED] - Call Test Case 'Test Cases/Journey Partner Profile/Tabs/Set Readiness' successfully

27-02-2025T17:40:47 - [TEST_STEP][PASSED] - if (pages.size() == 0 || "All" in pages || "Ministry Prefs" in pages): Call Test Case 'Test Cases/Journey Partner Profile/Tabs/Set Ministry Prefs' successfully

27-02-2025T17:40:47 - [TEST_STEP][PASSED] - if (!(fastPath)): Call Test Case 'Test Cases/_Functions/Get Selections from CSV File' successfully

27-02-2025T17:40:47 - [TEST_STEP][PASSED] - click(findTestObject("Object Repository/Journey Partner Profile/Tabs/a_Ministry Prefs")): Object: 'Object Repository/Journey Partner Profile/Tabs/a_Ministry Prefs' is clicked on

27-02-2025T17:40:47 - [MESSAGE][PASSED] - Object: 'Object Repository/Journey Partner Profile/Tabs/a_Ministry Prefs' is clicked on

27-02-2025T17:40:47 - [TEST_STEP][PASSED] - preferences = callTestCase(findTestCase("_Functions/Get Selections from CSV File"), ["varFileName":"Journey Partner Forms/Ministry Prefs.csv", "varSelections":"Ministry Preferences"], STOP_ON_FAILURE): Call Test Case 'Test Cases/_Functions/Get Selections from CSV File' successfully

27-02-2025T17:40:48 - [TEST_CASE][PASSED] - Test Cases/_Functions/Get Selections from CSV File: Test Cases/_Functions/Get Selections from CSV File

27-02-2025T17:40:48 - [TEST_STEP][PASSED] - if (fastPath): null

27-02-2025T17:40:48 - [TEST_STEP][PASSED] - reader = <not implemented yet for class: org.codehaus.groovy.ast.expr.EmptyExpression>: null

27-02-2025T17:40:48 - [TEST_STEP][PASSED] - checked = []: null

27-02-2025T17:40:48 - [TEST_STEP][PASSED] - reader = new java.io.BufferedReader(new java.io.FileReader((/Users/cckozie/git/MissionNext-Katalon-Koz/Data Files/ + varFileName))): null

27-02-2025T17:40:48 - [TEST_STEP][PASSED] - line = reader.readLine(): null

27-02-2025T17:40:48 - [TEST_STEP][PASSED] - include = false: null

27-02-2025T17:40:48 - [TEST_STEP][PASSED] - frame = new javax.swing.JFrame(): null

27-02-2025T17:40:48 - [TEST_STEP][PASSED] - p = new javax.swing.JPanel(): null

27-02-2025T17:40:48 - [TEST_STEP][PASSED] - l = new javax.swing.JLabel(Loading selections from file..., javax.swing.SwingConstants.CENTER): null

27-02-2025T17:40:48 - [TEST_STEP][PASSED] - frame.add(l): null

27-02-2025T17:40:48 - [TEST_STEP][PASSED] - frame.setSize(300, 100): null

27-02-2025T17:40:48 - [TEST_STEP][PASSED] - frame.setLocation(600, 0): null

27-02-2025T17:40:48 - [TEST_STEP][PASSED] - frame.setAlwaysOnTop(true): null

27-02-2025T17:40:48 - [TEST_STEP][PASSED] - frame.show(): null

27-02-2025T17:40:48 - [TEST_STEP][PASSED] - while (line != null): null

27-02-2025T17:40:48 - [TEST_STEP][PASSED] - println(line): null

27-02-2025T17:40:48 - [TEST_STEP][PASSED] - group = line.indexOf("<Group>"): null

27-02-2025T17:40:48 - [TEST_STEP][PASSED] - println(group): null

27-02-2025T17:40:48 - [TEST_STEP][PASSED] - if (group >= 0): null

27-02-2025T17:40:48 - [TEST_STEP][PASSED] - selections = line.substring(group + 7, line.length() - 1): null

27-02-2025T17:40:48 - [TEST_STEP][PASSED] - println(selections): null

27-02-2025T17:40:48 - [TEST_STEP][PASSED] - if (selections == varSelections): null

27-02-2025T17:40:48 - [TEST_STEP][PASSED] - include = true: null

27-02-2025T17:40:48 - [TEST_STEP][PASSED] - line = reader.readLine(): null

27-02-2025T17:40:48 - [TEST_STEP][PASSED] - println(line): null

27-02-2025T17:40:48 - [TEST_STEP][PASSED] - group = line.indexOf("<Group>"): null

27-02-2025T17:40:48 - [TEST_STEP][PASSED] - println(group): null

27-02-2025T17:40:48 - [TEST_STEP][PASSED] - if (group >= 0): null

27-02-2025T17:40:48 - [TEST_STEP][PASSED] - else: null

27-02-2025T17:40:48 - [TEST_STEP][PASSED] - if (include): null

27-02-2025T17:40:48 - [TEST_STEP][PASSED] - println(line): null

27-02-2025T17:40:48 - [TEST_STEP][PASSED] - comma = line.indexOf(",y"): null

27-02-2025T17:40:48 - [TEST_STEP][PASSED] - if (comma > 0): null

27-02-2025T17:40:48 - [TEST_STEP][PASSED] - line = reader.readLine(): null

27-02-2025T17:40:48 - [TEST_STEP][PASSED] - println(line): null

27-02-2025T17:40:48 - [TEST_STEP][PASSED] - group = line.indexOf("<Group>"): null

27-02-2025T17:40:48 - [TEST_STEP][PASSED] - println(group): null

27-02-2025T17:40:48 - [TEST_STEP][PASSED] - if (group >= 0): null

27-02-2025T17:40:48 - [TEST_STEP][PASSED] - else: null

27-02-2025T17:40:48 - [TEST_STEP][PASSED] - if (include): null

27-02-2025T17:40:48 - [TEST_STEP][PASSED] - println(line): null

27-02-2025T17:40:48 - [TEST_STEP][PASSED] - comma = line.indexOf(",y"): null

27-02-2025T17:40:48 - [TEST_STEP][PASSED] - if (comma > 0): null

27-02-2025T17:40:48 - [TEST_STEP][PASSED] - line = reader.readLine(): null

27-02-2025T17:40:48 - [TEST_STEP][PASSED] - println(line): null

27-02-2025T17:40:48 - [TEST_STEP][PASSED] - group = line.indexOf("<Group>"): null

27-02-2025T17:40:48 - [TEST_STEP][PASSED] - println(group): null

27-02-2025T17:40:48 - [TEST_STEP][PASSED] - if (group >= 0): null

27-02-2025T17:40:48 - [TEST_STEP][PASSED] - else: null

27-02-2025T17:40:48 - [TEST_STEP][PASSED] - if (include): null

27-02-2025T17:40:48 - [TEST_STEP][PASSED] - println(line): null

27-02-2025T17:40:48 - [TEST_STEP][PASSED] - comma = line.indexOf(",y"): null

27-02-2025T17:40:48 - [TEST_STEP][PASSED] - if (comma > 0): null

27-02-2025T17:40:48 - [TEST_STEP][PASSED] - line = reader.readLine(): null

27-02-2025T17:40:48 - [TEST_STEP][PASSED] - println(line): null

27-02-2025T17:40:48 - [TEST_STEP][PASSED] - group = line.indexOf("<Group>"): null

27-02-2025T17:40:48 - [TEST_STEP][PASSED] - println(group): null

27-02-2025T17:40:48 - [TEST_STEP][PASSED] - if (group >= 0): null

27-02-2025T17:40:48 - [TEST_STEP][PASSED] - else: null

27-02-2025T17:40:48 - [TEST_STEP][PASSED] - if (include): null

27-02-2025T17:40:48 - [TEST_STEP][PASSED] - println(line): null

27-02-2025T17:40:48 - [TEST_STEP][PASSED] - comma = line.indexOf(",y"): null

27-02-2025T17:40:48 - [TEST_STEP][PASSED] - if (comma > 0): null

27-02-2025T17:40:48 - [TEST_STEP][PASSED] - line = reader.readLine(): null

27-02-2025T17:40:48 - [TEST_STEP][PASSED] - println(line): null

27-02-2025T17:40:48 - [TEST_STEP][PASSED] - group = line.indexOf("<Group>"): null

27-02-2025T17:40:48 - [TEST_STEP][PASSED] - println(group): null

27-02-2025T17:40:48 - [TEST_STEP][PASSED] - if (group >= 0): null

27-02-2025T17:40:48 - [TEST_STEP][PASSED] - else: null

27-02-2025T17:40:48 - [TEST_STEP][PASSED] - if (include): null

27-02-2025T17:40:48 - [TEST_STEP][PASSED] - println(line): null

27-02-2025T17:40:48 - [TEST_STEP][PASSED] - comma = line.indexOf(",y"): null

27-02-2025T17:40:48 - [TEST_STEP][PASSED] - if (comma > 0): null

27-02-2025T17:40:48 - [TEST_STEP][PASSED] - line = reader.readLine(): null

27-02-2025T17:40:48 - [TEST_STEP][PASSED] - println(line): null

27-02-2025T17:40:48 - [TEST_STEP][PASSED] - group = line.indexOf("<Group>"): null

27-02-2025T17:40:48 - [TEST_STEP][PASSED] - println(group): null

27-02-2025T17:40:48 - [TEST_STEP][PASSED] - if (group >= 0): null

27-02-2025T17:40:48 - [TEST_STEP][PASSED] - else: null

27-02-2025T17:40:48 - [TEST_STEP][PASSED] - if (include): null

27-02-2025T17:40:48 - [TEST_STEP][PASSED] - println(line): null

27-02-2025T17:40:48 - [TEST_STEP][PASSED] - comma = line.indexOf(",y"): null

27-02-2025T17:40:48 - [TEST_STEP][PASSED] - if (comma > 0): null

27-02-2025T17:40:48 - [TEST_STEP][PASSED] - line = reader.readLine(): null

27-02-2025T17:40:48 - [TEST_STEP][PASSED] - println(line): null

27-02-2025T17:40:48 - [TEST_STEP][PASSED] - group = line.indexOf("<Group>"): null

27-02-2025T17:40:48 - [TEST_STEP][PASSED] - println(group): null

27-02-2025T17:40:48 - [TEST_STEP][PASSED] - if (group >= 0): null

27-02-2025T17:40:48 - [TEST_STEP][PASSED] - else: null

27-02-2025T17:40:48 - [TEST_STEP][PASSED] - if (include): null

27-02-2025T17:40:48 - [TEST_STEP][PASSED] - println(line): null

27-02-2025T17:40:48 - [TEST_STEP][PASSED] - comma = line.indexOf(",y"): null

27-02-2025T17:40:48 - [TEST_STEP][PASSED] - if (comma > 0): null

27-02-2025T17:40:48 - [TEST_STEP][PASSED] - line = reader.readLine(): null

27-02-2025T17:40:48 - [TEST_STEP][PASSED] - println(line): null

27-02-2025T17:40:48 - [TEST_STEP][PASSED] - group = line.indexOf("<Group>"): null

27-02-2025T17:40:48 - [TEST_STEP][PASSED] - println(group): null

27-02-2025T17:40:48 - [TEST_STEP][PASSED] - if (group >= 0): null

27-02-2025T17:40:48 - [TEST_STEP][PASSED] - else: null

27-02-2025T17:40:48 - [TEST_STEP][PASSED] - if (include): null

27-02-2025T17:40:48 - [TEST_STEP][PASSED] - println(line): null

27-02-2025T17:40:48 - [TEST_STEP][PASSED] - comma = line.indexOf(",y"): null

27-02-2025T17:40:48 - [TEST_STEP][PASSED] - if (comma > 0): null

27-02-2025T17:40:48 - [TEST_STEP][PASSED] - line = reader.readLine(): null

27-02-2025T17:40:48 - [TEST_STEP][PASSED] - println(line): null

27-02-2025T17:40:48 - [TEST_STEP][PASSED] - group = line.indexOf("<Group>"): null

27-02-2025T17:40:48 - [TEST_STEP][PASSED] - println(group): null

27-02-2025T17:40:48 - [TEST_STEP][PASSED] - if (group >= 0): null

27-02-2025T17:40:48 - [TEST_STEP][PASSED] - else: null

27-02-2025T17:40:48 - [TEST_STEP][PASSED] - if (include): null

27-02-2025T17:40:48 - [TEST_STEP][PASSED] - println(line): null

27-02-2025T17:40:48 - [TEST_STEP][PASSED] - comma = line.indexOf(",y"): null

27-02-2025T17:40:48 - [TEST_STEP][PASSED] - if (comma > 0): null

27-02-2025T17:40:48 - [TEST_STEP][PASSED] - line = reader.readLine(): null

27-02-2025T17:40:48 - [TEST_STEP][PASSED] - println(line): null

27-02-2025T17:40:48 - [TEST_STEP][PASSED] - group = line.indexOf("<Group>"): null

27-02-2025T17:40:48 - [TEST_STEP][PASSED] - println(group): null

27-02-2025T17:40:48 - [TEST_STEP][PASSED] - if (group >= 0): null

27-02-2025T17:40:48 - [TEST_STEP][PASSED] - else: null

27-02-2025T17:40:48 - [TEST_STEP][PASSED] - if (include): null

27-02-2025T17:40:48 - [TEST_STEP][PASSED] - println(line): null

27-02-2025T17:40:48 - [TEST_STEP][PASSED] - comma = line.indexOf(",y"): null

27-02-2025T17:40:48 - [TEST_STEP][PASSED] - if (comma > 0): null

27-02-2025T17:40:48 - [TEST_STEP][PASSED] - line = reader.readLine(): null

27-02-2025T17:40:48 - [TEST_STEP][PASSED] - println(line): null

27-02-2025T17:40:48 - [TEST_STEP][PASSED] - group = line.indexOf("<Group>"): null

27-02-2025T17:40:48 - [TEST_STEP][PASSED] - println(group): null

27-02-2025T17:40:48 - [TEST_STEP][PASSED] - if (group >= 0): null

27-02-2025T17:40:48 - [TEST_STEP][PASSED] - else: null

27-02-2025T17:40:48 - [TEST_STEP][PASSED] - if (include): null

27-02-2025T17:40:48 - [TEST_STEP][PASSED] - println(line): null

27-02-2025T17:40:48 - [TEST_STEP][PASSED] - comma = line.indexOf(",y"): null

27-02-2025T17:40:48 - [TEST_STEP][PASSED] - if (comma > 0): null

27-02-2025T17:40:48 - [TEST_STEP][PASSED] - line = reader.readLine(): null

27-02-2025T17:40:48 - [TEST_STEP][PASSED] - println(line): null

27-02-2025T17:40:48 - [TEST_STEP][PASSED] - group = line.indexOf("<Group>"): null

27-02-2025T17:40:48 - [TEST_STEP][PASSED] - println(group): null

27-02-2025T17:40:48 - [TEST_STEP][PASSED] - if (group >= 0): null

27-02-2025T17:40:48 - [TEST_STEP][PASSED] - else: null

27-02-2025T17:40:48 - [TEST_STEP][PASSED] - if (include): null

27-02-2025T17:40:48 - [TEST_STEP][PASSED] - println(line): null

27-02-2025T17:40:48 - [TEST_STEP][PASSED] - comma = line.indexOf(",y"): null

27-02-2025T17:40:48 - [TEST_STEP][PASSED] - if (comma > 0): null

27-02-2025T17:40:48 - [TEST_STEP][PASSED] - line = reader.readLine(): null

27-02-2025T17:40:48 - [TEST_STEP][PASSED] - println(line): null

27-02-2025T17:40:48 - [TEST_STEP][PASSED] - group = line.indexOf("<Group>"): null

27-02-2025T17:40:48 - [TEST_STEP][PASSED] - println(group): null

27-02-2025T17:40:48 - [TEST_STEP][PASSED] - if (group >= 0): null

27-02-2025T17:40:48 - [TEST_STEP][PASSED] - else: null

27-02-2025T17:40:48 - [TEST_STEP][PASSED] - if (include): null

27-02-2025T17:40:48 - [TEST_STEP][PASSED] - println(line): null

27-02-2025T17:40:48 - [TEST_STEP][PASSED] - comma = line.indexOf(",y"): null

27-02-2025T17:40:48 - [TEST_STEP][PASSED] - if (comma > 0): null

27-02-2025T17:40:48 - [TEST_STEP][PASSED] - line = reader.readLine(): null

27-02-2025T17:40:48 - [TEST_STEP][PASSED] - println(line): null

27-02-2025T17:40:48 - [TEST_STEP][PASSED] - group = line.indexOf("<Group>"): null

27-02-2025T17:40:48 - [TEST_STEP][PASSED] - println(group): null

27-02-2025T17:40:48 - [TEST_STEP][PASSED] - if (group >= 0): null

27-02-2025T17:40:48 - [TEST_STEP][PASSED] - else: null

27-02-2025T17:40:48 - [TEST_STEP][PASSED] - if (include): null

27-02-2025T17:40:48 - [TEST_STEP][PASSED] - println(line): null

27-02-2025T17:40:48 - [TEST_STEP][PASSED] - comma = line.indexOf(",y"): null

27-02-2025T17:40:48 - [TEST_STEP][PASSED] - if (comma > 0): null

27-02-2025T17:40:48 - [TEST_STEP][PASSED] - line = reader.readLine(): null

27-02-2025T17:40:48 - [TEST_STEP][PASSED] - println(line): null

27-02-2025T17:40:48 - [TEST_STEP][PASSED] - group = line.indexOf("<Group>"): null

27-02-2025T17:40:48 - [TEST_STEP][PASSED] - println(group): null

27-02-2025T17:40:48 - [TEST_STEP][PASSED] - if (group >= 0): null

27-02-2025T17:40:48 - [TEST_STEP][PASSED] - else: null

27-02-2025T17:40:48 - [TEST_STEP][PASSED] - if (include): null

27-02-2025T17:40:48 - [TEST_STEP][PASSED] - println(line): null

27-02-2025T17:40:48 - [TEST_STEP][PASSED] - comma = line.indexOf(",y"): null

27-02-2025T17:40:48 - [TEST_STEP][PASSED] - if (comma > 0): null

27-02-2025T17:40:48 - [TEST_STEP][PASSED] - line = reader.readLine(): null

27-02-2025T17:40:48 - [TEST_STEP][PASSED] - println(line): null

27-02-2025T17:40:48 - [TEST_STEP][PASSED] - group = line.indexOf("<Group>"): null

27-02-2025T17:40:48 - [TEST_STEP][PASSED] - println(group): null

27-02-2025T17:40:48 - [TEST_STEP][PASSED] - if (group >= 0): null

27-02-2025T17:40:48 - [TEST_STEP][PASSED] - else: null

27-02-2025T17:40:48 - [TEST_STEP][PASSED] - if (include): null

27-02-2025T17:40:48 - [TEST_STEP][PASSED] - println(line): null

27-02-2025T17:40:48 - [TEST_STEP][PASSED] - comma = line.indexOf(",y"): null

27-02-2025T17:40:48 - [TEST_STEP][PASSED] - if (comma > 0): null

27-02-2025T17:40:48 - [TEST_STEP][PASSED] - line = reader.readLine(): null

27-02-2025T17:40:48 - [TEST_STEP][PASSED] - println(line): null

27-02-2025T17:40:48 - [TEST_STEP][PASSED] - group = line.indexOf("<Group>"): null

27-02-2025T17:40:48 - [TEST_STEP][PASSED] - println(group): null

27-02-2025T17:40:48 - [TEST_STEP][PASSED] - if (group >= 0): null

27-02-2025T17:40:48 - [TEST_STEP][PASSED] - else: null

27-02-2025T17:40:48 - [TEST_STEP][PASSED] - if (include): null

27-02-2025T17:40:48 - [TEST_STEP][PASSED] - println(line): null

27-02-2025T17:40:48 - [TEST_STEP][PASSED] - comma = line.indexOf(",y"): null

27-02-2025T17:40:48 - [TEST_STEP][PASSED] - if (comma > 0): null

27-02-2025T17:40:48 - [TEST_STEP][PASSED] - line = reader.readLine(): null

27-02-2025T17:40:48 - [TEST_STEP][PASSED] - println(line): null

27-02-2025T17:40:48 - [TEST_STEP][PASSED] - group = line.indexOf("<Group>"): null

27-02-2025T17:40:48 - [TEST_STEP][PASSED] - println(group): null

27-02-2025T17:40:48 - [TEST_STEP][PASSED] - if (group >= 0): null

27-02-2025T17:40:48 - [TEST_STEP][PASSED] - else: null

27-02-2025T17:40:48 - [TEST_STEP][PASSED] - if (include): null

27-02-2025T17:40:48 - [TEST_STEP][PASSED] - println(line): null

27-02-2025T17:40:48 - [TEST_STEP][PASSED] - comma = line.indexOf(",y"): null

27-02-2025T17:40:48 - [TEST_STEP][PASSED] - if (comma > 0): null

27-02-2025T17:40:48 - [TEST_STEP][PASSED] - line = reader.readLine(): null

27-02-2025T17:40:48 - [TEST_STEP][PASSED] - println(line): null

27-02-2025T17:40:48 - [TEST_STEP][PASSED] - group = line.indexOf("<Group>"): null

27-02-2025T17:40:48 - [TEST_STEP][PASSED] - println(group): null

27-02-2025T17:40:48 - [TEST_STEP][PASSED] - if (group >= 0): null

27-02-2025T17:40:48 - [TEST_STEP][PASSED] - else: null

27-02-2025T17:40:48 - [TEST_STEP][PASSED] - if (include): null

27-02-2025T17:40:48 - [TEST_STEP][PASSED] - println(line): null

27-02-2025T17:40:48 - [TEST_STEP][PASSED] - comma = line.indexOf(",y"): null

27-02-2025T17:40:48 - [TEST_STEP][PASSED] - if (comma > 0): null

27-02-2025T17:40:48 - [TEST_STEP][PASSED] - line = reader.readLine(): null

27-02-2025T17:40:48 - [TEST_STEP][PASSED] - println(line): null

27-02-2025T17:40:48 - [TEST_STEP][PASSED] - group = line.indexOf("<Group>"): null

27-02-2025T17:40:48 - [TEST_STEP][PASSED] - println(group): null

27-02-2025T17:40:48 - [TEST_STEP][PASSED] - if (group >= 0): null

27-02-2025T17:40:48 - [TEST_STEP][PASSED] - else: null

27-02-2025T17:40:48 - [TEST_STEP][PASSED] - if (include): null

27-02-2025T17:40:48 - [TEST_STEP][PASSED] - println(line): null

27-02-2025T17:40:48 - [TEST_STEP][PASSED] - comma = line.indexOf(",y"): null

27-02-2025T17:40:48 - [TEST_STEP][PASSED] - if (comma > 0): null

27-02-2025T17:40:48 - [TEST_STEP][PASSED] - line = reader.readLine(): null

27-02-2025T17:40:48 - [TEST_STEP][PASSED] - println(line): null

27-02-2025T17:40:48 - [TEST_STEP][PASSED] - group = line.indexOf("<Group>"): null

27-02-2025T17:40:48 - [TEST_STEP][PASSED] - println(group): null

27-02-2025T17:40:48 - [TEST_STEP][PASSED] - if (group >= 0): null

27-02-2025T17:40:48 - [TEST_STEP][PASSED] - else: null

27-02-2025T17:40:48 - [TEST_STEP][PASSED] - if (include): null

27-02-2025T17:40:48 - [TEST_STEP][PASSED] - println(line): null

27-02-2025T17:40:48 - [TEST_STEP][PASSED] - comma = line.indexOf(",y"): null

27-02-2025T17:40:48 - [TEST_STEP][PASSED] - if (comma > 0): null

27-02-2025T17:40:48 - [TEST_STEP][PASSED] - line = reader.readLine(): null

27-02-2025T17:40:48 - [TEST_STEP][PASSED] - println(line): null

27-02-2025T17:40:48 - [TEST_STEP][PASSED] - group = line.indexOf("<Group>"): null

27-02-2025T17:40:48 - [TEST_STEP][PASSED] - println(group): null

27-02-2025T17:40:48 - [TEST_STEP][PASSED] - if (group >= 0): null

27-02-2025T17:40:48 - [TEST_STEP][PASSED] - else: null

27-02-2025T17:40:48 - [TEST_STEP][PASSED] - if (include): null

27-02-2025T17:40:48 - [TEST_STEP][PASSED] - println(line): null

27-02-2025T17:40:48 - [TEST_STEP][PASSED] - comma = line.indexOf(",y"): null

27-02-2025T17:40:48 - [TEST_STEP][PASSED] - if (comma > 0): null

27-02-2025T17:40:48 - [TEST_STEP][PASSED] - line = reader.readLine(): null

27-02-2025T17:40:48 - [TEST_STEP][PASSED] - println(line): null

27-02-2025T17:40:48 - [TEST_STEP][PASSED] - group = line.indexOf("<Group>"): null

27-02-2025T17:40:48 - [TEST_STEP][PASSED] - println(group): null

27-02-2025T17:40:48 - [TEST_STEP][PASSED] - if (group >= 0): null

27-02-2025T17:40:48 - [TEST_STEP][PASSED] - else: null

27-02-2025T17:40:48 - [TEST_STEP][PASSED] - if (include): null

27-02-2025T17:40:48 - [TEST_STEP][PASSED] - println(line): null

27-02-2025T17:40:48 - [TEST_STEP][PASSED] - comma = line.indexOf(",y"): null

27-02-2025T17:40:48 - [TEST_STEP][PASSED] - if (comma > 0): null

27-02-2025T17:40:48 - [TEST_STEP][PASSED] - line = reader.readLine(): null

27-02-2025T17:40:48 - [TEST_STEP][PASSED] - println(line): null

27-02-2025T17:40:48 - [TEST_STEP][PASSED] - group = line.indexOf("<Group>"): null

27-02-2025T17:40:48 - [TEST_STEP][PASSED] - println(group): null

27-02-2025T17:40:48 - [TEST_STEP][PASSED] - if (group >= 0): null

27-02-2025T17:40:48 - [TEST_STEP][PASSED] - else: null

27-02-2025T17:40:48 - [TEST_STEP][PASSED] - if (include): null

27-02-2025T17:40:48 - [TEST_STEP][PASSED] - println(line): null

27-02-2025T17:40:48 - [TEST_STEP][PASSED] - comma = line.indexOf(",y"): null

27-02-2025T17:40:48 - [TEST_STEP][PASSED] - if (comma > 0): null

27-02-2025T17:40:48 - [TEST_STEP][PASSED] - line = reader.readLine(): null

27-02-2025T17:40:48 - [TEST_STEP][PASSED] - println(line): null

27-02-2025T17:40:48 - [TEST_STEP][PASSED] - group = line.indexOf("<Group>"): null

27-02-2025T17:40:48 - [TEST_STEP][PASSED] - println(group): null

27-02-2025T17:40:48 - [TEST_STEP][PASSED] - if (group >= 0): null

27-02-2025T17:40:48 - [TEST_STEP][PASSED] - else: null

27-02-2025T17:40:48 - [TEST_STEP][PASSED] - if (include): null

27-02-2025T17:40:48 - [TEST_STEP][PASSED] - println(line): null

27-02-2025T17:40:48 - [TEST_STEP][PASSED] - comma = line.indexOf(",y"): null

27-02-2025T17:40:48 - [TEST_STEP][PASSED] - if (comma > 0): null

27-02-2025T17:40:48 - [TEST_STEP][PASSED] - line = reader.readLine(): null

27-02-2025T17:40:48 - [TEST_STEP][PASSED] - println(line): null

27-02-2025T17:40:48 - [TEST_STEP][PASSED] - group = line.indexOf("<Group>"): null

27-02-2025T17:40:48 - [TEST_STEP][PASSED] - println(group): null

27-02-2025T17:40:48 - [TEST_STEP][PASSED] - if (group >= 0): null

27-02-2025T17:40:48 - [TEST_STEP][PASSED] - else: null

27-02-2025T17:40:48 - [TEST_STEP][PASSED] - if (include): null

27-02-2025T17:40:48 - [TEST_STEP][PASSED] - println(line): null

27-02-2025T17:40:48 - [TEST_STEP][PASSED] - comma = line.indexOf(",y"): null

27-02-2025T17:40:48 - [TEST_STEP][PASSED] - if (comma > 0): null

27-02-2025T17:40:48 - [TEST_STEP][PASSED] - line = reader.readLine(): null

27-02-2025T17:40:48 - [TEST_STEP][PASSED] - println(line): null

27-02-2025T17:40:48 - [TEST_STEP][PASSED] - group = line.indexOf("<Group>"): null

27-02-2025T17:40:48 - [TEST_STEP][PASSED] - println(group): null

27-02-2025T17:40:48 - [TEST_STEP][PASSED] - if (group >= 0): null

27-02-2025T17:40:48 - [TEST_STEP][PASSED] - else: null

27-02-2025T17:40:48 - [TEST_STEP][PASSED] - if (include): null

27-02-2025T17:40:48 - [TEST_STEP][PASSED] - println(line): null

27-02-2025T17:40:48 - [TEST_STEP][PASSED] - comma = line.indexOf(",y"): null

27-02-2025T17:40:48 - [TEST_STEP][PASSED] - if (comma > 0): null

27-02-2025T17:40:48 - [TEST_STEP][PASSED] - line = reader.readLine(): null

27-02-2025T17:40:48 - [TEST_STEP][PASSED] - println(line): null

27-02-2025T17:40:48 - [TEST_STEP][PASSED] - group = line.indexOf("<Group>"): null

27-02-2025T17:40:48 - [TEST_STEP][PASSED] - println(group): null

27-02-2025T17:40:48 - [TEST_STEP][PASSED] - if (group >= 0): null

27-02-2025T17:40:48 - [TEST_STEP][PASSED] - else: null

27-02-2025T17:40:48 - [TEST_STEP][PASSED] - if (include): null

27-02-2025T17:40:48 - [TEST_STEP][PASSED] - println(line): null

27-02-2025T17:40:48 - [TEST_STEP][PASSED] - comma = line.indexOf(",y"): null

27-02-2025T17:40:48 - [TEST_STEP][PASSED] - if (comma > 0): null

27-02-2025T17:40:48 - [TEST_STEP][PASSED] - line = reader.readLine(): null

27-02-2025T17:40:48 - [TEST_STEP][PASSED] - println(line): null

27-02-2025T17:40:48 - [TEST_STEP][PASSED] - group = line.indexOf("<Group>"): null

27-02-2025T17:40:48 - [TEST_STEP][PASSED] - println(group): null

27-02-2025T17:40:48 - [TEST_STEP][PASSED] - if (group >= 0): null

27-02-2025T17:40:48 - [TEST_STEP][PASSED] - else: null

27-02-2025T17:40:48 - [TEST_STEP][PASSED] - if (include): null

27-02-2025T17:40:48 - [TEST_STEP][PASSED] - println(line): null

27-02-2025T17:40:48 - [TEST_STEP][PASSED] - comma = line.indexOf(",y"): null

27-02-2025T17:40:48 - [TEST_STEP][PASSED] - if (comma > 0): null

27-02-2025T17:40:48 - [TEST_STEP][PASSED] - line = reader.readLine(): null

27-02-2025T17:40:48 - [TEST_STEP][PASSED] - println(line): null

27-02-2025T17:40:48 - [TEST_STEP][PASSED] - group = line.indexOf("<Group>"): null

27-02-2025T17:40:48 - [TEST_STEP][PASSED] - println(group): null

27-02-2025T17:40:48 - [TEST_STEP][PASSED] - if (group >= 0): null

27-02-2025T17:40:48 - [TEST_STEP][PASSED] - else: null

27-02-2025T17:40:48 - [TEST_STEP][PASSED] - if (include): null

27-02-2025T17:40:48 - [TEST_STEP][PASSED] - println(line): null

27-02-2025T17:40:48 - [TEST_STEP][PASSED] - comma = line.indexOf(",y"): null

27-02-2025T17:40:48 - [TEST_STEP][PASSED] - if (comma > 0): null

27-02-2025T17:40:48 - [TEST_STEP][PASSED] - line = reader.readLine(): null

27-02-2025T17:40:48 - [TEST_STEP][PASSED] - println(line): null

27-02-2025T17:40:48 - [TEST_STEP][PASSED] - group = line.indexOf("<Group>"): null

27-02-2025T17:40:48 - [TEST_STEP][PASSED] - println(group): null

27-02-2025T17:40:48 - [TEST_STEP][PASSED] - if (group >= 0): null

27-02-2025T17:40:48 - [TEST_STEP][PASSED] - else: null

27-02-2025T17:40:48 - [TEST_STEP][PASSED] - if (include): null

27-02-2025T17:40:48 - [TEST_STEP][PASSED] - println(line): null

27-02-2025T17:40:48 - [TEST_STEP][PASSED] - comma = line.indexOf(",y"): null

27-02-2025T17:40:48 - [TEST_STEP][PASSED] - if (comma > 0): null

27-02-2025T17:40:48 - [TEST_STEP][PASSED] - line = reader.readLine(): null

27-02-2025T17:40:48 - [TEST_STEP][PASSED] - println(line): null

27-02-2025T17:40:48 - [TEST_STEP][PASSED] - group = line.indexOf("<Group>"): null

27-02-2025T17:40:48 - [TEST_STEP][PASSED] - println(group): null

27-02-2025T17:40:48 - [TEST_STEP][PASSED] - if (group >= 0): null

27-02-2025T17:40:48 - [TEST_STEP][PASSED] - else: null

27-02-2025T17:40:48 - [TEST_STEP][PASSED] - if (include): null

27-02-2025T17:40:48 - [TEST_STEP][PASSED] - println(line): null

27-02-2025T17:40:48 - [TEST_STEP][PASSED] - comma = line.indexOf(",y"): null

27-02-2025T17:40:48 - [TEST_STEP][PASSED] - if (comma > 0): null

27-02-2025T17:40:48 - [TEST_STEP][PASSED] - line = reader.readLine(): null

27-02-2025T17:40:48 - [TEST_STEP][PASSED] - println(line): null

27-02-2025T17:40:48 - [TEST_STEP][PASSED] - group = line.indexOf("<Group>"): null

27-02-2025T17:40:48 - [TEST_STEP][PASSED] - println(group): null

27-02-2025T17:40:48 - [TEST_STEP][PASSED] - if (group >= 0): null

27-02-2025T17:40:48 - [TEST_STEP][PASSED] - else: null

27-02-2025T17:40:48 - [TEST_STEP][PASSED] - if (include): null

27-02-2025T17:40:48 - [TEST_STEP][PASSED] - println(line): null

27-02-2025T17:40:48 - [TEST_STEP][PASSED] - comma = line.indexOf(",y"): null

27-02-2025T17:40:48 - [TEST_STEP][PASSED] - if (comma > 0): null

27-02-2025T17:40:48 - [TEST_STEP][PASSED] - line = reader.readLine(): null

27-02-2025T17:40:48 - [TEST_STEP][PASSED] - println(line): null

27-02-2025T17:40:48 - [TEST_STEP][PASSED] - group = line.indexOf("<Group>"): null

27-02-2025T17:40:48 - [TEST_STEP][PASSED] - println(group): null

27-02-2025T17:40:48 - [TEST_STEP][PASSED] - if (group >= 0): null

27-02-2025T17:40:48 - [TEST_STEP][PASSED] - else: null

27-02-2025T17:40:48 - [TEST_STEP][PASSED] - if (include): null

27-02-2025T17:40:48 - [TEST_STEP][PASSED] - println(line): null

27-02-2025T17:40:48 - [TEST_STEP][PASSED] - comma = line.indexOf(",y"): null

27-02-2025T17:40:48 - [TEST_STEP][PASSED] - if (comma > 0): null

27-02-2025T17:40:48 - [TEST_STEP][PASSED] - line = reader.readLine(): null

27-02-2025T17:40:48 - [TEST_STEP][PASSED] - println(line): null

27-02-2025T17:40:48 - [TEST_STEP][PASSED] - group = line.indexOf("<Group>"): null

27-02-2025T17:40:48 - [TEST_STEP][PASSED] - println(group): null

27-02-2025T17:40:48 - [TEST_STEP][PASSED] - if (group >= 0): null

27-02-2025T17:40:48 - [TEST_STEP][PASSED] - else: null

27-02-2025T17:40:48 - [TEST_STEP][PASSED] - if (include): null

27-02-2025T17:40:48 - [TEST_STEP][PASSED] - println(line): null

27-02-2025T17:40:48 - [TEST_STEP][PASSED] - comma = line.indexOf(",y"): null

27-02-2025T17:40:48 - [TEST_STEP][PASSED] - if (comma > 0): null

27-02-2025T17:40:48 - [TEST_STEP][PASSED] - line = reader.readLine(): null

27-02-2025T17:40:48 - [TEST_STEP][PASSED] - println(line): null

27-02-2025T17:40:48 - [TEST_STEP][PASSED] - group = line.indexOf("<Group>"): null

27-02-2025T17:40:48 - [TEST_STEP][PASSED] - println(group): null

27-02-2025T17:40:48 - [TEST_STEP][PASSED] - if (group >= 0): null

27-02-2025T17:40:48 - [TEST_STEP][PASSED] - else: null

27-02-2025T17:40:48 - [TEST_STEP][PASSED] - if (include): null

27-02-2025T17:40:48 - [TEST_STEP][PASSED] - println(line): null

27-02-2025T17:40:48 - [TEST_STEP][PASSED] - comma = line.indexOf(",y"): null

27-02-2025T17:40:48 - [TEST_STEP][PASSED] - if (comma > 0): null

27-02-2025T17:40:48 - [TEST_STEP][PASSED] - line = reader.readLine(): null

27-02-2025T17:40:48 - [TEST_STEP][PASSED] - println(line): null

27-02-2025T17:40:48 - [TEST_STEP][PASSED] - group = line.indexOf("<Group>"): null

27-02-2025T17:40:48 - [TEST_STEP][PASSED] - println(group): null

27-02-2025T17:40:48 - [TEST_STEP][PASSED] - if (group >= 0): null

27-02-2025T17:40:48 - [TEST_STEP][PASSED] - else: null

27-02-2025T17:40:48 - [TEST_STEP][PASSED] - if (include): null

27-02-2025T17:40:48 - [TEST_STEP][PASSED] - println(line): null

27-02-2025T17:40:48 - [TEST_STEP][PASSED] - comma = line.indexOf(",y"): null

27-02-2025T17:40:48 - [TEST_STEP][PASSED] - if (comma > 0): null

27-02-2025T17:40:48 - [TEST_STEP][PASSED] - line = reader.readLine(): null

27-02-2025T17:40:48 - [TEST_STEP][PASSED] - println(line): null

27-02-2025T17:40:48 - [TEST_STEP][PASSED] - group = line.indexOf("<Group>"): null

27-02-2025T17:40:48 - [TEST_STEP][PASSED] - println(group): null

27-02-2025T17:40:48 - [TEST_STEP][PASSED] - if (group >= 0): null

27-02-2025T17:40:48 - [TEST_STEP][PASSED] - else: null

27-02-2025T17:40:48 - [TEST_STEP][PASSED] - if (include): null

27-02-2025T17:40:48 - [TEST_STEP][PASSED] - println(line): null

27-02-2025T17:40:48 - [TEST_STEP][PASSED] - comma = line.indexOf(",y"): null

27-02-2025T17:40:48 - [TEST_STEP][PASSED] - if (comma > 0): null

27-02-2025T17:40:48 - [TEST_STEP][PASSED] - line = reader.readLine(): null

27-02-2025T17:40:48 - [TEST_STEP][PASSED] - println(line): null

27-02-2025T17:40:48 - [TEST_STEP][PASSED] - group = line.indexOf("<Group>"): null

27-02-2025T17:40:48 - [TEST_STEP][PASSED] - println(group): null

27-02-2025T17:40:48 - [TEST_STEP][PASSED] - if (group >= 0): null

27-02-2025T17:40:48 - [TEST_STEP][PASSED] - else: null

27-02-2025T17:40:48 - [TEST_STEP][PASSED] - if (include): null

27-02-2025T17:40:48 - [TEST_STEP][PASSED] - println(line): null

27-02-2025T17:40:48 - [TEST_STEP][PASSED] - comma = line.indexOf(",y"): null

27-02-2025T17:40:48 - [TEST_STEP][PASSED] - if (comma > 0): null

27-02-2025T17:40:48 - [TEST_STEP][PASSED] - line = reader.readLine(): null

27-02-2025T17:40:48 - [TEST_STEP][PASSED] - println(line): null

27-02-2025T17:40:48 - [TEST_STEP][PASSED] - group = line.indexOf("<Group>"): null

27-02-2025T17:40:48 - [TEST_STEP][PASSED] - println(group): null

27-02-2025T17:40:48 - [TEST_STEP][PASSED] - if (group >= 0): null

27-02-2025T17:40:48 - [TEST_STEP][PASSED] - else: null

27-02-2025T17:40:48 - [TEST_STEP][PASSED] - if (include): null

27-02-2025T17:40:48 - [TEST_STEP][PASSED] - println(line): null

27-02-2025T17:40:48 - [TEST_STEP][PASSED] - comma = line.indexOf(",y"): null

27-02-2025T17:40:48 - [TEST_STEP][PASSED] - if (comma > 0): null

27-02-2025T17:40:48 - [TEST_STEP][PASSED] - line = reader.readLine(): null

27-02-2025T17:40:48 - [TEST_STEP][PASSED] - println(line): null

27-02-2025T17:40:48 - [TEST_STEP][PASSED] - group = line.indexOf("<Group>"): null

27-02-2025T17:40:48 - [TEST_STEP][PASSED] - println(group): null

27-02-2025T17:40:48 - [TEST_STEP][PASSED] - if (group >= 0): null

27-02-2025T17:40:48 - [TEST_STEP][PASSED] - else: null

27-02-2025T17:40:48 - [TEST_STEP][PASSED] - if (include): null

27-02-2025T17:40:48 - [TEST_STEP][PASSED] - println(line): null

27-02-2025T17:40:48 - [TEST_STEP][PASSED] - comma = line.indexOf(",y"): null

27-02-2025T17:40:48 - [TEST_STEP][PASSED] - if (comma > 0): null

27-02-2025T17:40:48 - [TEST_STEP][PASSED] - line = reader.readLine(): null

27-02-2025T17:40:48 - [TEST_STEP][PASSED] - println(line): null

27-02-2025T17:40:48 - [TEST_STEP][PASSED] - group = line.indexOf("<Group>"): null

27-02-2025T17:40:48 - [TEST_STEP][PASSED] - println(group): null

27-02-2025T17:40:48 - [TEST_STEP][PASSED] - if (group >= 0): null

27-02-2025T17:40:48 - [TEST_STEP][PASSED] - else: null

27-02-2025T17:40:48 - [TEST_STEP][PASSED] - if (include): null

27-02-2025T17:40:48 - [TEST_STEP][PASSED] - println(line): null

27-02-2025T17:40:48 - [TEST_STEP][PASSED] - comma = line.indexOf(",y"): null

27-02-2025T17:40:48 - [TEST_STEP][PASSED] - if (comma > 0): null

27-02-2025T17:40:48 - [TEST_STEP][PASSED] - line = reader.readLine(): null

27-02-2025T17:40:48 - [TEST_STEP][PASSED] - println(line): null

27-02-2025T17:40:48 - [TEST_STEP][PASSED] - group = line.indexOf("<Group>"): null

27-02-2025T17:40:48 - [TEST_STEP][PASSED] - println(group): null

27-02-2025T17:40:48 - [TEST_STEP][PASSED] - if (group >= 0): null

27-02-2025T17:40:48 - [TEST_STEP][PASSED] - else: null

27-02-2025T17:40:48 - [TEST_STEP][PASSED] - if (include): null

27-02-2025T17:40:48 - [TEST_STEP][PASSED] - println(line): null

27-02-2025T17:40:48 - [TEST_STEP][PASSED] - comma = line.indexOf(",y"): null

27-02-2025T17:40:48 - [TEST_STEP][PASSED] - if (comma > 0): null

27-02-2025T17:40:48 - [TEST_STEP][PASSED] - line = reader.readLine(): null

27-02-2025T17:40:48 - [TEST_STEP][PASSED] - println(line): null

27-02-2025T17:40:48 - [TEST_STEP][PASSED] - group = line.indexOf("<Group>"): null

27-02-2025T17:40:48 - [TEST_STEP][PASSED] - println(group): null

27-02-2025T17:40:48 - [TEST_STEP][PASSED] - if (group >= 0): null

27-02-2025T17:40:48 - [TEST_STEP][PASSED] - else: null

27-02-2025T17:40:48 - [TEST_STEP][PASSED] - if (include): null

27-02-2025T17:40:48 - [TEST_STEP][PASSED] - println(line): null

27-02-2025T17:40:48 - [TEST_STEP][PASSED] - comma = line.indexOf(",y"): null

27-02-2025T17:40:48 - [TEST_STEP][PASSED] - if (comma > 0): null

27-02-2025T17:40:48 - [TEST_STEP][PASSED] - line = reader.readLine(): null

27-02-2025T17:40:48 - [TEST_STEP][PASSED] - println(line): null

27-02-2025T17:40:48 - [TEST_STEP][PASSED] - group = line.indexOf("<Group>"): null

27-02-2025T17:40:48 - [TEST_STEP][PASSED] - println(group): null

27-02-2025T17:40:48 - [TEST_STEP][PASSED] - if (group >= 0): null

27-02-2025T17:40:48 - [TEST_STEP][PASSED] - else: null

27-02-2025T17:40:48 - [TEST_STEP][PASSED] - if (include): null

27-02-2025T17:40:48 - [TEST_STEP][PASSED] - println(line): null

27-02-2025T17:40:48 - [TEST_STEP][PASSED] - comma = line.indexOf(",y"): null

27-02-2025T17:40:48 - [TEST_STEP][PASSED] - if (comma > 0): null

27-02-2025T17:40:48 - [TEST_STEP][PASSED] - line = reader.readLine(): null

27-02-2025T17:40:48 - [TEST_STEP][PASSED] - println(line): null

27-02-2025T17:40:48 - [TEST_STEP][PASSED] - group = line.indexOf("<Group>"): null

27-02-2025T17:40:48 - [TEST_STEP][PASSED] - println(group): null

27-02-2025T17:40:48 - [TEST_STEP][PASSED] - if (group >= 0): null

27-02-2025T17:40:48 - [TEST_STEP][PASSED] - else: null

27-02-2025T17:40:48 - [TEST_STEP][PASSED] - if (include): null

27-02-2025T17:40:48 - [TEST_STEP][PASSED] - println(line): null

27-02-2025T17:40:48 - [TEST_STEP][PASSED] - comma = line.indexOf(",y"): null

27-02-2025T17:40:48 - [TEST_STEP][PASSED] - if (comma > 0): null

27-02-2025T17:40:48 - [TEST_STEP][PASSED] - line = reader.readLine(): null

27-02-2025T17:40:48 - [TEST_STEP][PASSED] - println(line): null

27-02-2025T17:40:48 - [TEST_STEP][PASSED] - group = line.indexOf("<Group>"): null

27-02-2025T17:40:48 - [TEST_STEP][PASSED] - println(group): null

27-02-2025T17:40:48 - [TEST_STEP][PASSED] - if (group >= 0): null

27-02-2025T17:40:48 - [TEST_STEP][PASSED] - else: null

27-02-2025T17:40:48 - [TEST_STEP][PASSED] - if (include): null

27-02-2025T17:40:48 - [TEST_STEP][PASSED] - println(line): null

27-02-2025T17:40:48 - [TEST_STEP][PASSED] - comma = line.indexOf(",y"): null

27-02-2025T17:40:48 - [TEST_STEP][PASSED] - if (comma > 0): null

27-02-2025T17:40:48 - [TEST_STEP][PASSED] - line = reader.readLine(): null

27-02-2025T17:40:48 - [TEST_STEP][PASSED] - println(line): null

27-02-2025T17:40:48 - [TEST_STEP][PASSED] - group = line.indexOf("<Group>"): null

27-02-2025T17:40:48 - [TEST_STEP][PASSED] - println(group): null

27-02-2025T17:40:48 - [TEST_STEP][PASSED] - if (group >= 0): null

27-02-2025T17:40:48 - [TEST_STEP][PASSED] - else: null

27-02-2025T17:40:48 - [TEST_STEP][PASSED] - if (include): null

27-02-2025T17:40:48 - [TEST_STEP][PASSED] - println(line): null

27-02-2025T17:40:48 - [TEST_STEP][PASSED] - comma = line.indexOf(",y"): null

27-02-2025T17:40:48 - [TEST_STEP][PASSED] - if (comma > 0): null

27-02-2025T17:40:48 - [TEST_STEP][PASSED] - line = reader.readLine(): null

27-02-2025T17:40:48 - [TEST_STEP][PASSED] - println(line): null

27-02-2025T17:40:48 - [TEST_STEP][PASSED] - group = line.indexOf("<Group>"): null

27-02-2025T17:40:48 - [TEST_STEP][PASSED] - println(group): null

27-02-2025T17:40:48 - [TEST_STEP][PASSED] - if (group >= 0): null

27-02-2025T17:40:48 - [TEST_STEP][PASSED] - else: null

27-02-2025T17:40:48 - [TEST_STEP][PASSED] - if (include): null

27-02-2025T17:40:48 - [TEST_STEP][PASSED] - println(line): null

27-02-2025T17:40:48 - [TEST_STEP][PASSED] - comma = line.indexOf(",y"): null

27-02-2025T17:40:48 - [TEST_STEP][PASSED] - if (comma > 0): null

27-02-2025T17:40:48 - [TEST_STEP][PASSED] - line = reader.readLine(): null

27-02-2025T17:40:48 - [TEST_STEP][PASSED] - println(line): null

27-02-2025T17:40:48 - [TEST_STEP][PASSED] - group = line.indexOf("<Group>"): null

27-02-2025T17:40:48 - [TEST_STEP][PASSED] - println(group): null

27-02-2025T17:40:48 - [TEST_STEP][PASSED] - if (group >= 0): null

27-02-2025T17:40:48 - [TEST_STEP][PASSED] - else: null

27-02-2025T17:40:48 - [TEST_STEP][PASSED] - if (include): null

27-02-2025T17:40:48 - [TEST_STEP][PASSED] - println(line): null

27-02-2025T17:40:48 - [TEST_STEP][PASSED] - comma = line.indexOf(",y"): null

27-02-2025T17:40:48 - [TEST_STEP][PASSED] - if (comma > 0): null

27-02-2025T17:40:48 - [TEST_STEP][PASSED] - line = reader.readLine(): null

27-02-2025T17:40:48 - [TEST_STEP][PASSED] - println(line): null

27-02-2025T17:40:48 - [TEST_STEP][PASSED] - group = line.indexOf("<Group>"): null

27-02-2025T17:40:48 - [TEST_STEP][PASSED] - println(group): null

27-02-2025T17:40:48 - [TEST_STEP][PASSED] - if (group >= 0): null

27-02-2025T17:40:48 - [TEST_STEP][PASSED] - else: null

27-02-2025T17:40:48 - [TEST_STEP][PASSED] - if (include): null

27-02-2025T17:40:48 - [TEST_STEP][PASSED] - println(line): null

27-02-2025T17:40:48 - [TEST_STEP][PASSED] - comma = line.indexOf(",y"): null

27-02-2025T17:40:48 - [TEST_STEP][PASSED] - if (comma > 0): null

27-02-2025T17:40:48 - [TEST_STEP][PASSED] - line = reader.readLine(): null

27-02-2025T17:40:48 - [TEST_STEP][PASSED] - println(line): null

27-02-2025T17:40:48 - [TEST_STEP][PASSED] - group = line.indexOf("<Group>"): null

27-02-2025T17:40:48 - [TEST_STEP][PASSED] - println(group): null

27-02-2025T17:40:48 - [TEST_STEP][PASSED] - if (group >= 0): null

27-02-2025T17:40:48 - [TEST_STEP][PASSED] - else: null

27-02-2025T17:40:48 - [TEST_STEP][PASSED] - if (include): null

27-02-2025T17:40:48 - [TEST_STEP][PASSED] - println(line): null

27-02-2025T17:40:48 - [TEST_STEP][PASSED] - comma = line.indexOf(",y"): null

27-02-2025T17:40:48 - [TEST_STEP][PASSED] - if (comma > 0): null

27-02-2025T17:40:48 - [TEST_STEP][PASSED] - line = reader.readLine(): null

27-02-2025T17:40:48 - [TEST_STEP][PASSED] - println(line): null

27-02-2025T17:40:48 - [TEST_STEP][PASSED] - group = line.indexOf("<Group>"): null

27-02-2025T17:40:48 - [TEST_STEP][PASSED] - println(group): null

27-02-2025T17:40:48 - [TEST_STEP][PASSED] - if (group >= 0): null

27-02-2025T17:40:48 - [TEST_STEP][PASSED] - else: null

27-02-2025T17:40:48 - [TEST_STEP][PASSED] - if (include): null

27-02-2025T17:40:48 - [TEST_STEP][PASSED] - println(line): null

27-02-2025T17:40:48 - [TEST_STEP][PASSED] - comma = line.indexOf(",y"): null

27-02-2025T17:40:48 - [TEST_STEP][PASSED] - if (comma > 0): null

27-02-2025T17:40:48 - [TEST_STEP][PASSED] - line = reader.readLine(): null

27-02-2025T17:40:48 - [TEST_STEP][PASSED] - println(line): null

27-02-2025T17:40:48 - [TEST_STEP][PASSED] - group = line.indexOf("<Group>"): null

27-02-2025T17:40:48 - [TEST_STEP][PASSED] - println(group): null

27-02-2025T17:40:48 - [TEST_STEP][PASSED] - if (group >= 0): null

27-02-2025T17:40:48 - [TEST_STEP][PASSED] - else: null

27-02-2025T17:40:48 - [TEST_STEP][PASSED] - if (include): null

27-02-2025T17:40:48 - [TEST_STEP][PASSED] - println(line): null

27-02-2025T17:40:48 - [TEST_STEP][PASSED] - comma = line.indexOf(",y"): null

27-02-2025T17:40:48 - [TEST_STEP][PASSED] - if (comma > 0): null

27-02-2025T17:40:48 - [TEST_STEP][PASSED] - line = reader.readLine(): null

27-02-2025T17:40:48 - [TEST_STEP][PASSED] - println(line): null

27-02-2025T17:40:48 - [TEST_STEP][PASSED] - group = line.indexOf("<Group>"): null

27-02-2025T17:40:48 - [TEST_STEP][PASSED] - println(group): null

27-02-2025T17:40:48 - [TEST_STEP][PASSED] - if (group >= 0): null

27-02-2025T17:40:48 - [TEST_STEP][PASSED] - else: null

27-02-2025T17:40:48 - [TEST_STEP][PASSED] - if (include): null

27-02-2025T17:40:48 - [TEST_STEP][PASSED] - println(line): null

27-02-2025T17:40:48 - [TEST_STEP][PASSED] - comma = line.indexOf(",y"): null

27-02-2025T17:40:48 - [TEST_STEP][PASSED] - if (comma > 0): null

27-02-2025T17:40:48 - [TEST_STEP][PASSED] - line = reader.readLine(): null

27-02-2025T17:40:48 - [TEST_STEP][PASSED] - println(line): null

27-02-2025T17:40:48 - [TEST_STEP][PASSED] - group = line.indexOf("<Group>"): null

27-02-2025T17:40:48 - [TEST_STEP][PASSED] - println(group): null

27-02-2025T17:40:48 - [TEST_STEP][PASSED] - if (group >= 0): null

27-02-2025T17:40:48 - [TEST_STEP][PASSED] - else: null

27-02-2025T17:40:48 - [TEST_STEP][PASSED] - if (include): null

27-02-2025T17:40:48 - [TEST_STEP][PASSED] - println(line): null

27-02-2025T17:40:48 - [TEST_STEP][PASSED] - comma = line.indexOf(",y"): null

27-02-2025T17:40:48 - [TEST_STEP][PASSED] - if (comma > 0): null

27-02-2025T17:40:48 - [TEST_STEP][PASSED] - line = reader.readLine(): null

27-02-2025T17:40:48 - [TEST_STEP][PASSED] - println(line): null

27-02-2025T17:40:48 - [TEST_STEP][PASSED] - group = line.indexOf("<Group>"): null

27-02-2025T17:40:48 - [TEST_STEP][PASSED] - println(group): null

27-02-2025T17:40:48 - [TEST_STEP][PASSED] - if (group >= 0): null

27-02-2025T17:40:48 - [TEST_STEP][PASSED] - else: null

27-02-2025T17:40:48 - [TEST_STEP][PASSED] - if (include): null

27-02-2025T17:40:48 - [TEST_STEP][PASSED] - println(line): null

27-02-2025T17:40:48 - [TEST_STEP][PASSED] - comma = line.indexOf(",y"): null

27-02-2025T17:40:48 - [TEST_STEP][PASSED] - if (comma > 0): null

27-02-2025T17:40:48 - [TEST_STEP][PASSED] - line = reader.readLine(): null

27-02-2025T17:40:48 - [TEST_STEP][PASSED] - println(line): null

27-02-2025T17:40:48 - [TEST_STEP][PASSED] - group = line.indexOf("<Group>"): null

27-02-2025T17:40:48 - [TEST_STEP][PASSED] - println(group): null

27-02-2025T17:40:48 - [TEST_STEP][PASSED] - if (group >= 0): null

27-02-2025T17:40:48 - [TEST_STEP][PASSED] - else: null

27-02-2025T17:40:48 - [TEST_STEP][PASSED] - if (include): null

27-02-2025T17:40:48 - [TEST_STEP][PASSED] - println(line): null

27-02-2025T17:40:48 - [TEST_STEP][PASSED] - comma = line.indexOf(",y"): null

27-02-2025T17:40:48 - [TEST_STEP][PASSED] - if (comma > 0): null

27-02-2025T17:40:48 - [TEST_STEP][PASSED] - line = reader.readLine(): null

27-02-2025T17:40:48 - [TEST_STEP][PASSED] - println(line): null

27-02-2025T17:40:48 - [TEST_STEP][PASSED] - group = line.indexOf("<Group>"): null

27-02-2025T17:40:48 - [TEST_STEP][PASSED] - println(group): null

27-02-2025T17:40:48 - [TEST_STEP][PASSED] - if (group >= 0): null

27-02-2025T17:40:48 - [TEST_STEP][PASSED] - else: null

27-02-2025T17:40:48 - [TEST_STEP][PASSED] - if (include): null

27-02-2025T17:40:48 - [TEST_STEP][PASSED] - println(line): null

27-02-2025T17:40:48 - [TEST_STEP][PASSED] - comma = line.indexOf(",y"): null

27-02-2025T17:40:48 - [TEST_STEP][PASSED] - if (comma > 0): null

27-02-2025T17:40:48 - [TEST_STEP][PASSED] - line = reader.readLine(): null

27-02-2025T17:40:48 - [TEST_STEP][PASSED] - println(line): null

27-02-2025T17:40:48 - [TEST_STEP][PASSED] - group = line.indexOf("<Group>"): null

27-02-2025T17:40:48 - [TEST_STEP][PASSED] - println(group): null

27-02-2025T17:40:48 - [TEST_STEP][PASSED] - if (group >= 0): null

27-02-2025T17:40:48 - [TEST_STEP][PASSED] - else: null

27-02-2025T17:40:48 - [TEST_STEP][PASSED] - if (include): null

27-02-2025T17:40:48 - [TEST_STEP][PASSED] - println(line): null

27-02-2025T17:40:48 - [TEST_STEP][PASSED] - comma = line.indexOf(",y"): null

27-02-2025T17:40:48 - [TEST_STEP][PASSED] - if (comma > 0): null

27-02-2025T17:40:48 - [TEST_STEP][PASSED] - line = reader.readLine(): null

27-02-2025T17:40:48 - [TEST_STEP][PASSED] - println(line): null

27-02-2025T17:40:48 - [TEST_STEP][PASSED] - group = line.indexOf("<Group>"): null

27-02-2025T17:40:48 - [TEST_STEP][PASSED] - println(group): null

27-02-2025T17:40:48 - [TEST_STEP][PASSED] - if (group >= 0): null

27-02-2025T17:40:48 - [TEST_STEP][PASSED] - else: null

27-02-2025T17:40:48 - [TEST_STEP][PASSED] - if (include): null

27-02-2025T17:40:48 - [TEST_STEP][PASSED] - println(line): null

27-02-2025T17:40:48 - [TEST_STEP][PASSED] - comma = line.indexOf(",y"): null

27-02-2025T17:40:48 - [TEST_STEP][PASSED] - if (comma > 0): null

27-02-2025T17:40:48 - [TEST_STEP][PASSED] - line = reader.readLine(): null

27-02-2025T17:40:48 - [TEST_STEP][PASSED] - println(line): null

27-02-2025T17:40:48 - [TEST_STEP][PASSED] - group = line.indexOf("<Group>"): null

27-02-2025T17:40:48 - [TEST_STEP][PASSED] - println(group): null

27-02-2025T17:40:48 - [TEST_STEP][PASSED] - if (group >= 0): null

27-02-2025T17:40:48 - [TEST_STEP][PASSED] - else: null

27-02-2025T17:40:48 - [TEST_STEP][PASSED] - if (include): null

27-02-2025T17:40:48 - [TEST_STEP][PASSED] - println(line): null

27-02-2025T17:40:48 - [TEST_STEP][PASSED] - comma = line.indexOf(",y"): null

27-02-2025T17:40:48 - [TEST_STEP][PASSED] - if (comma > 0): null

27-02-2025T17:40:48 - [TEST_STEP][PASSED] - line = reader.readLine(): null

27-02-2025T17:40:48 - [TEST_STEP][PASSED] - println(line): null

27-02-2025T17:40:48 - [TEST_STEP][PASSED] - group = line.indexOf("<Group>"): null

27-02-2025T17:40:48 - [TEST_STEP][PASSED] - println(group): null

27-02-2025T17:40:48 - [TEST_STEP][PASSED] - if (group >= 0): null

27-02-2025T17:40:48 - [TEST_STEP][PASSED] - else: null

27-02-2025T17:40:48 - [TEST_STEP][PASSED] - if (include): null

27-02-2025T17:40:48 - [TEST_STEP][PASSED] - println(line): null

27-02-2025T17:40:48 - [TEST_STEP][PASSED] - comma = line.indexOf(",y"): null

27-02-2025T17:40:48 - [TEST_STEP][PASSED] - if (comma > 0): null

27-02-2025T17:40:48 - [TEST_STEP][PASSED] - line = reader.readLine(): null

27-02-2025T17:40:48 - [TEST_STEP][PASSED] - println(line): null

27-02-2025T17:40:48 - [TEST_STEP][PASSED] - group = line.indexOf("<Group>"): null

27-02-2025T17:40:48 - [TEST_STEP][PASSED] - println(group): null

27-02-2025T17:40:48 - [TEST_STEP][PASSED] - if (group >= 0): null

27-02-2025T17:40:48 - [TEST_STEP][PASSED] - else: null

27-02-2025T17:40:48 - [TEST_STEP][PASSED] - if (include): null

27-02-2025T17:40:48 - [TEST_STEP][PASSED] - println(line): null

27-02-2025T17:40:48 - [TEST_STEP][PASSED] - comma = line.indexOf(",y"): null

27-02-2025T17:40:48 - [TEST_STEP][PASSED] - if (comma > 0): null

27-02-2025T17:40:48 - [TEST_STEP][PASSED] - line = reader.readLine(): null

27-02-2025T17:40:48 - [TEST_STEP][PASSED] - println(line): null

27-02-2025T17:40:48 - [TEST_STEP][PASSED] - group = line.indexOf("<Group>"): null

27-02-2025T17:40:48 - [TEST_STEP][PASSED] - println(group): null

27-02-2025T17:40:48 - [TEST_STEP][PASSED] - if (group >= 0): null

27-02-2025T17:40:48 - [TEST_STEP][PASSED] - else: null

27-02-2025T17:40:48 - [TEST_STEP][PASSED] - if (include): null

27-02-2025T17:40:48 - [TEST_STEP][PASSED] - println(line): null

27-02-2025T17:40:48 - [TEST_STEP][PASSED] - comma = line.indexOf(",y"): null

27-02-2025T17:40:48 - [TEST_STEP][PASSED] - if (comma > 0): null

27-02-2025T17:40:48 - [TEST_STEP][PASSED] - line = reader.readLine(): null

27-02-2025T17:40:48 - [TEST_STEP][PASSED] - println(line): null

27-02-2025T17:40:48 - [TEST_STEP][PASSED] - group = line.indexOf("<Group>"): null

27-02-2025T17:40:48 - [TEST_STEP][PASSED] - println(group): null

27-02-2025T17:40:48 - [TEST_STEP][PASSED] - if (group >= 0): null

27-02-2025T17:40:48 - [TEST_STEP][PASSED] - else: null

27-02-2025T17:40:48 - [TEST_STEP][PASSED] - if (include): null

27-02-2025T17:40:48 - [TEST_STEP][PASSED] - println(line): null

27-02-2025T17:40:48 - [TEST_STEP][PASSED] - comma = line.indexOf(",y"): null

27-02-2025T17:40:48 - [TEST_STEP][PASSED] - if (comma > 0): null

27-02-2025T17:40:48 - [TEST_STEP][PASSED] - line = reader.readLine(): null

27-02-2025T17:40:48 - [TEST_STEP][PASSED] - println(line): null

27-02-2025T17:40:48 - [TEST_STEP][PASSED] - group = line.indexOf("<Group>"): null

27-02-2025T17:40:48 - [TEST_STEP][PASSED] - println(group): null

27-02-2025T17:40:48 - [TEST_STEP][PASSED] - if (group >= 0): null

27-02-2025T17:40:48 - [TEST_STEP][PASSED] - else: null

27-02-2025T17:40:48 - [TEST_STEP][PASSED] - if (include): null

27-02-2025T17:40:48 - [TEST_STEP][PASSED] - println(line): null

27-02-2025T17:40:48 - [TEST_STEP][PASSED] - comma = line.indexOf(",y"): null

27-02-2025T17:40:48 - [TEST_STEP][PASSED] - if (comma > 0): null

27-02-2025T17:40:48 - [TEST_STEP][PASSED] - line = reader.readLine(): null

27-02-2025T17:40:48 - [TEST_STEP][PASSED] - println(line): null

27-02-2025T17:40:48 - [TEST_STEP][PASSED] - group = line.indexOf("<Group>"): null

27-02-2025T17:40:48 - [TEST_STEP][PASSED] - println(group): null

27-02-2025T17:40:48 - [TEST_STEP][PASSED] - if (group >= 0): null

27-02-2025T17:40:48 - [TEST_STEP][PASSED] - else: null

27-02-2025T17:40:48 - [TEST_STEP][PASSED] - if (include): null

27-02-2025T17:40:48 - [TEST_STEP][PASSED] - println(line): null

27-02-2025T17:40:48 - [TEST_STEP][PASSED] - comma = line.indexOf(",y"): null

27-02-2025T17:40:48 - [TEST_STEP][PASSED] - if (comma > 0): null

27-02-2025T17:40:48 - [TEST_STEP][PASSED] - line = reader.readLine(): null

27-02-2025T17:40:48 - [TEST_STEP][PASSED] - println(line): null

27-02-2025T17:40:48 - [TEST_STEP][PASSED] - group = line.indexOf("<Group>"): null

27-02-2025T17:40:48 - [TEST_STEP][PASSED] - println(group): null

27-02-2025T17:40:48 - [TEST_STEP][PASSED] - if (group >= 0): null

27-02-2025T17:40:48 - [TEST_STEP][PASSED] - else: null

27-02-2025T17:40:48 - [TEST_STEP][PASSED] - if (include): null

27-02-2025T17:40:48 - [TEST_STEP][PASSED] - println(line): null

27-02-2025T17:40:48 - [TEST_STEP][PASSED] - comma = line.indexOf(",y"): null

27-02-2025T17:40:48 - [TEST_STEP][PASSED] - if (comma > 0): null

27-02-2025T17:40:48 - [TEST_STEP][PASSED] - line = reader.readLine(): null

27-02-2025T17:40:48 - [TEST_STEP][PASSED] - println(line): null

27-02-2025T17:40:48 - [TEST_STEP][PASSED] - group = line.indexOf("<Group>"): null

27-02-2025T17:40:48 - [TEST_STEP][PASSED] - println(group): null

27-02-2025T17:40:48 - [TEST_STEP][PASSED] - if (group >= 0): null

27-02-2025T17:40:48 - [TEST_STEP][PASSED] - else: null

27-02-2025T17:40:48 - [TEST_STEP][PASSED] - if (include): null

27-02-2025T17:40:48 - [TEST_STEP][PASSED] - println(line): null

27-02-2025T17:40:48 - [TEST_STEP][PASSED] - comma = line.indexOf(",y"): null

27-02-2025T17:40:48 - [TEST_STEP][PASSED] - if (comma > 0): null

27-02-2025T17:40:48 - [TEST_STEP][PASSED] - line = reader.readLine(): null

27-02-2025T17:40:48 - [TEST_STEP][PASSED] - println(line): null

27-02-2025T17:40:48 - [TEST_STEP][PASSED] - group = line.indexOf("<Group>"): null

27-02-2025T17:40:48 - [TEST_STEP][PASSED] - println(group): null

27-02-2025T17:40:48 - [TEST_STEP][PASSED] - if (group >= 0): null

27-02-2025T17:40:48 - [TEST_STEP][PASSED] - else: null

27-02-2025T17:40:48 - [TEST_STEP][PASSED] - if (include): null

27-02-2025T17:40:48 - [TEST_STEP][PASSED] - println(line): null

27-02-2025T17:40:48 - [TEST_STEP][PASSED] - comma = line.indexOf(",y"): null

27-02-2025T17:40:48 - [TEST_STEP][PASSED] - if (comma > 0): null

27-02-2025T17:40:48 - [TEST_STEP][PASSED] - line = reader.readLine(): null

27-02-2025T17:40:48 - [TEST_STEP][PASSED] - println(line): null

27-02-2025T17:40:48 - [TEST_STEP][PASSED] - group = line.indexOf("<Group>"): null

27-02-2025T17:40:48 - [TEST_STEP][PASSED] - println(group): null

27-02-2025T17:40:48 - [TEST_STEP][PASSED] - if (group >= 0): null

27-02-2025T17:40:48 - [TEST_STEP][PASSED] - else: null

27-02-2025T17:40:48 - [TEST_STEP][PASSED] - if (include): null

27-02-2025T17:40:48 - [TEST_STEP][PASSED] - println(line): null

27-02-2025T17:40:48 - [TEST_STEP][PASSED] - comma = line.indexOf(",y"): null

27-02-2025T17:40:48 - [TEST_STEP][PASSED] - if (comma > 0): null

27-02-2025T17:40:48 - [TEST_STEP][PASSED] - line = reader.readLine(): null

27-02-2025T17:40:48 - [TEST_STEP][PASSED] - println(line): null

27-02-2025T17:40:48 - [TEST_STEP][PASSED] - group = line.indexOf("<Group>"): null

27-02-2025T17:40:48 - [TEST_STEP][PASSED] - println(group): null

27-02-2025T17:40:48 - [TEST_STEP][PASSED] - if (group >= 0): null

27-02-2025T17:40:48 - [TEST_STEP][PASSED] - else: null

27-02-2025T17:40:48 - [TEST_STEP][PASSED] - if (include): null

27-02-2025T17:40:48 - [TEST_STEP][PASSED] - println(line): null

27-02-2025T17:40:48 - [TEST_STEP][PASSED] - comma = line.indexOf(",y"): null

27-02-2025T17:40:48 - [TEST_STEP][PASSED] - if (comma > 0): null

27-02-2025T17:40:48 - [TEST_STEP][PASSED] - line = reader.readLine(): null

27-02-2025T17:40:48 - [TEST_STEP][PASSED] - println(line): null

27-02-2025T17:40:48 - [TEST_STEP][PASSED] - group = line.indexOf("<Group>"): null

27-02-2025T17:40:48 - [TEST_STEP][PASSED] - println(group): null

27-02-2025T17:40:48 - [TEST_STEP][PASSED] - if (group >= 0): null

27-02-2025T17:40:48 - [TEST_STEP][PASSED] - else: null

27-02-2025T17:40:48 - [TEST_STEP][PASSED] - if (include): null

27-02-2025T17:40:48 - [TEST_STEP][PASSED] - println(line): null

27-02-2025T17:40:48 - [TEST_STEP][PASSED] - comma = line.indexOf(",y"): null

27-02-2025T17:40:48 - [TEST_STEP][PASSED] - if (comma > 0): null

27-02-2025T17:40:48 - [TEST_STEP][PASSED] - line = reader.readLine(): null

27-02-2025T17:40:48 - [TEST_STEP][PASSED] - println(line): null

27-02-2025T17:40:48 - [TEST_STEP][PASSED] - group = line.indexOf("<Group>"): null

27-02-2025T17:40:48 - [TEST_STEP][PASSED] - println(group): null

27-02-2025T17:40:48 - [TEST_STEP][PASSED] - if (group >= 0): null

27-02-2025T17:40:48 - [TEST_STEP][PASSED] - else: null

27-02-2025T17:40:48 - [TEST_STEP][PASSED] - if (include): null

27-02-2025T17:40:48 - [TEST_STEP][PASSED] - println(line): null

27-02-2025T17:40:48 - [TEST_STEP][PASSED] - comma = line.indexOf(",y"): null

27-02-2025T17:40:48 - [TEST_STEP][PASSED] - if (comma > 0): null

27-02-2025T17:40:48 - [TEST_STEP][PASSED] - line = reader.readLine(): null

27-02-2025T17:40:48 - [TEST_STEP][PASSED] - println(line): null

27-02-2025T17:40:48 - [TEST_STEP][PASSED] - group = line.indexOf("<Group>"): null

27-02-2025T17:40:48 - [TEST_STEP][PASSED] - println(group): null

27-02-2025T17:40:48 - [TEST_STEP][PASSED] - if (group >= 0): null

27-02-2025T17:40:48 - [TEST_STEP][PASSED] - else: null

27-02-2025T17:40:48 - [TEST_STEP][PASSED] - if (include): null

27-02-2025T17:40:48 - [TEST_STEP][PASSED] - println(line): null

27-02-2025T17:40:48 - [TEST_STEP][PASSED] - comma = line.indexOf(",y"): null

27-02-2025T17:40:48 - [TEST_STEP][PASSED] - if (comma > 0): null

27-02-2025T17:40:48 - [TEST_STEP][PASSED] - line = reader.readLine(): null

27-02-2025T17:40:48 - [TEST_STEP][PASSED] - println(line): null

27-02-2025T17:40:48 - [TEST_STEP][PASSED] - group = line.indexOf("<Group>"): null

27-02-2025T17:40:48 - [TEST_STEP][PASSED] - println(group): null

27-02-2025T17:40:48 - [TEST_STEP][PASSED] - if (group >= 0): null

27-02-2025T17:40:48 - [TEST_STEP][PASSED] - else: null

27-02-2025T17:40:48 - [TEST_STEP][PASSED] - if (include): null

27-02-2025T17:40:48 - [TEST_STEP][PASSED] - println(line): null

27-02-2025T17:40:48 - [TEST_STEP][PASSED] - comma = line.indexOf(",y"): null

27-02-2025T17:40:48 - [TEST_STEP][PASSED] - if (comma > 0): null

27-02-2025T17:40:48 - [TEST_STEP][PASSED] - line = reader.readLine(): null

27-02-2025T17:40:48 - [TEST_STEP][PASSED] - println(line): null

27-02-2025T17:40:48 - [TEST_STEP][PASSED] - group = line.indexOf("<Group>"): null

27-02-2025T17:40:48 - [TEST_STEP][PASSED] - println(group): null

27-02-2025T17:40:48 - [TEST_STEP][PASSED] - if (group >= 0): null

27-02-2025T17:40:48 - [TEST_STEP][PASSED] - else: null

27-02-2025T17:40:48 - [TEST_STEP][PASSED] - if (include): null

27-02-2025T17:40:48 - [TEST_STEP][PASSED] - println(line): null

27-02-2025T17:40:48 - [TEST_STEP][PASSED] - comma = line.indexOf(",y"): null

27-02-2025T17:40:48 - [TEST_STEP][PASSED] - if (comma > 0): null

27-02-2025T17:40:48 - [TEST_STEP][PASSED] - line = reader.readLine(): null

27-02-2025T17:40:48 - [TEST_STEP][PASSED] - println(line): null

27-02-2025T17:40:48 - [TEST_STEP][PASSED] - group = line.indexOf("<Group>"): null

27-02-2025T17:40:48 - [TEST_STEP][PASSED] - println(group): null

27-02-2025T17:40:48 - [TEST_STEP][PASSED] - if (group >= 0): null

27-02-2025T17:40:48 - [TEST_STEP][PASSED] - else: null

27-02-2025T17:40:48 - [TEST_STEP][PASSED] - if (include): null

27-02-2025T17:40:48 - [TEST_STEP][PASSED] - println(line): null

27-02-2025T17:40:48 - [TEST_STEP][PASSED] - comma = line.indexOf(",y"): null

27-02-2025T17:40:48 - [TEST_STEP][PASSED] - if (comma > 0): null

27-02-2025T17:40:48 - [TEST_STEP][PASSED] - line = reader.readLine(): null

27-02-2025T17:40:48 - [TEST_STEP][PASSED] - println(line): null

27-02-2025T17:40:48 - [TEST_STEP][PASSED] - group = line.indexOf("<Group>"): null

27-02-2025T17:40:48 - [TEST_STEP][PASSED] - println(group): null

27-02-2025T17:40:48 - [TEST_STEP][PASSED] - if (group >= 0): null

27-02-2025T17:40:48 - [TEST_STEP][PASSED] - else: null

27-02-2025T17:40:48 - [TEST_STEP][PASSED] - if (include): null

27-02-2025T17:40:48 - [TEST_STEP][PASSED] - println(line): null

27-02-2025T17:40:48 - [TEST_STEP][PASSED] - comma = line.indexOf(",y"): null

27-02-2025T17:40:48 - [TEST_STEP][PASSED] - if (comma > 0): null

27-02-2025T17:40:48 - [TEST_STEP][PASSED] - line = reader.readLine(): null

27-02-2025T17:40:48 - [TEST_STEP][PASSED] - println(line): null

27-02-2025T17:40:48 - [TEST_STEP][PASSED] - group = line.indexOf("<Group>"): null

27-02-2025T17:40:48 - [TEST_STEP][PASSED] - println(group): null

27-02-2025T17:40:48 - [TEST_STEP][PASSED] - if (group >= 0): null

27-02-2025T17:40:48 - [TEST_STEP][PASSED] - else: null

27-02-2025T17:40:48 - [TEST_STEP][PASSED] - if (include): null

27-02-2025T17:40:48 - [TEST_STEP][PASSED] - println(line): null

27-02-2025T17:40:48 - [TEST_STEP][PASSED] - comma = line.indexOf(",y"): null

27-02-2025T17:40:48 - [TEST_STEP][PASSED] - if (comma > 0): null

27-02-2025T17:40:48 - [TEST_STEP][PASSED] - line = reader.readLine(): null

27-02-2025T17:40:48 - [TEST_STEP][PASSED] - println(line): null

27-02-2025T17:40:48 - [TEST_STEP][PASSED] - group = line.indexOf("<Group>"): null

27-02-2025T17:40:48 - [TEST_STEP][PASSED] - println(group): null

27-02-2025T17:40:48 - [TEST_STEP][PASSED] - if (group >= 0): null

27-02-2025T17:40:48 - [TEST_STEP][PASSED] - else: null

27-02-2025T17:40:48 - [TEST_STEP][PASSED] - if (include): null

27-02-2025T17:40:48 - [TEST_STEP][PASSED] - println(line): null

27-02-2025T17:40:48 - [TEST_STEP][PASSED] - comma = line.indexOf(",y"): null

27-02-2025T17:40:48 - [TEST_STEP][PASSED] - if (comma > 0): null

27-02-2025T17:40:48 - [TEST_STEP][PASSED] - line = reader.readLine(): null

27-02-2025T17:40:48 - [TEST_STEP][PASSED] - println(line): null

27-02-2025T17:40:48 - [TEST_STEP][PASSED] - group = line.indexOf("<Group>"): null

27-02-2025T17:40:48 - [TEST_STEP][PASSED] - println(group): null

27-02-2025T17:40:48 - [TEST_STEP][PASSED] - if (group >= 0): null

27-02-2025T17:40:48 - [TEST_STEP][PASSED] - else: null

27-02-2025T17:40:48 - [TEST_STEP][PASSED] - if (include): null

27-02-2025T17:40:48 - [TEST_STEP][PASSED] - println(line): null

27-02-2025T17:40:48 - [TEST_STEP][PASSED] - comma = line.indexOf(",y"): null

27-02-2025T17:40:48 - [TEST_STEP][PASSED] - if (comma > 0): null

27-02-2025T17:40:48 - [TEST_STEP][PASSED] - line = reader.readLine(): null

27-02-2025T17:40:48 - [TEST_STEP][PASSED] - println(line): null

27-02-2025T17:40:48 - [TEST_STEP][PASSED] - group = line.indexOf("<Group>"): null

27-02-2025T17:40:48 - [TEST_STEP][PASSED] - println(group): null

27-02-2025T17:40:48 - [TEST_STEP][PASSED] - if (group >= 0): null

27-02-2025T17:40:48 - [TEST_STEP][PASSED] - else: null

27-02-2025T17:40:48 - [TEST_STEP][PASSED] - if (include): null

27-02-2025T17:40:48 - [TEST_STEP][PASSED] - println(line): null

27-02-2025T17:40:48 - [TEST_STEP][PASSED] - comma = line.indexOf(",y"): null

27-02-2025T17:40:48 - [TEST_STEP][PASSED] - if (comma > 0): null

27-02-2025T17:40:48 - [TEST_STEP][PASSED] - line = reader.readLine(): null

27-02-2025T17:40:48 - [TEST_STEP][PASSED] - println(line): null

27-02-2025T17:40:48 - [TEST_STEP][PASSED] - group = line.indexOf("<Group>"): null

27-02-2025T17:40:48 - [TEST_STEP][PASSED] - println(group): null

27-02-2025T17:40:48 - [TEST_STEP][PASSED] - if (group >= 0): null

27-02-2025T17:40:48 - [TEST_STEP][PASSED] - else: null

27-02-2025T17:40:48 - [TEST_STEP][PASSED] - if (include): null

27-02-2025T17:40:48 - [TEST_STEP][PASSED] - println(line): null

27-02-2025T17:40:48 - [TEST_STEP][PASSED] - comma = line.indexOf(",y"): null

27-02-2025T17:40:48 - [TEST_STEP][PASSED] - if (comma > 0): null

27-02-2025T17:40:48 - [TEST_STEP][PASSED] - line = reader.readLine(): null

27-02-2025T17:40:48 - [TEST_STEP][PASSED] - println(line): null

27-02-2025T17:40:48 - [TEST_STEP][PASSED] - group = line.indexOf("<Group>"): null

27-02-2025T17:40:48 - [TEST_STEP][PASSED] - println(group): null

27-02-2025T17:40:48 - [TEST_STEP][PASSED] - if (group >= 0): null

27-02-2025T17:40:48 - [TEST_STEP][PASSED] - else: null

27-02-2025T17:40:48 - [TEST_STEP][PASSED] - if (include): null

27-02-2025T17:40:48 - [TEST_STEP][PASSED] - println(line): null

27-02-2025T17:40:48 - [TEST_STEP][PASSED] - comma = line.indexOf(",y"): null

27-02-2025T17:40:48 - [TEST_STEP][PASSED] - if (comma > 0): null

27-02-2025T17:40:48 - [TEST_STEP][PASSED] - line = reader.readLine(): null

27-02-2025T17:40:48 - [TEST_STEP][PASSED] - println(line): null

27-02-2025T17:40:48 - [TEST_STEP][PASSED] - group = line.indexOf("<Group>"): null

27-02-2025T17:40:48 - [TEST_STEP][PASSED] - println(group): null

27-02-2025T17:40:48 - [TEST_STEP][PASSED] - if (group >= 0): null

27-02-2025T17:40:48 - [TEST_STEP][PASSED] - else: null

27-02-2025T17:40:48 - [TEST_STEP][PASSED] - if (include): null

27-02-2025T17:40:48 - [TEST_STEP][PASSED] - println(line): null

27-02-2025T17:40:48 - [TEST_STEP][PASSED] - comma = line.indexOf(",y"): null

27-02-2025T17:40:48 - [TEST_STEP][PASSED] - if (comma > 0): null

27-02-2025T17:40:48 - [TEST_STEP][PASSED] - line = reader.readLine(): null

27-02-2025T17:40:48 - [TEST_STEP][PASSED] - println(line): null

27-02-2025T17:40:48 - [TEST_STEP][PASSED] - group = line.indexOf("<Group>"): null

27-02-2025T17:40:48 - [TEST_STEP][PASSED] - println(group): null

27-02-2025T17:40:48 - [TEST_STEP][PASSED] - if (group >= 0): null

27-02-2025T17:40:48 - [TEST_STEP][PASSED] - else: null

27-02-2025T17:40:48 - [TEST_STEP][PASSED] - if (include): null

27-02-2025T17:40:48 - [TEST_STEP][PASSED] - println(line): null

27-02-2025T17:40:48 - [TEST_STEP][PASSED] - comma = line.indexOf(",y"): null

27-02-2025T17:40:48 - [TEST_STEP][PASSED] - if (comma > 0): null

27-02-2025T17:40:48 - [TEST_STEP][PASSED] - line = reader.readLine(): null

27-02-2025T17:40:48 - [TEST_STEP][PASSED] - println(line): null

27-02-2025T17:40:48 - [TEST_STEP][PASSED] - group = line.indexOf("<Group>"): null

27-02-2025T17:40:48 - [TEST_STEP][PASSED] - println(group): null

27-02-2025T17:40:48 - [TEST_STEP][PASSED] - if (group >= 0): null

27-02-2025T17:40:48 - [TEST_STEP][PASSED] - else: null

27-02-2025T17:40:48 - [TEST_STEP][PASSED] - if (include): null

27-02-2025T17:40:48 - [TEST_STEP][PASSED] - println(line): null

27-02-2025T17:40:48 - [TEST_STEP][PASSED] - comma = line.indexOf(",y"): null

27-02-2025T17:40:48 - [TEST_STEP][PASSED] - if (comma > 0): null

27-02-2025T17:40:48 - [TEST_STEP][PASSED] - line = reader.readLine(): null

27-02-2025T17:40:48 - [TEST_STEP][PASSED] - println(line): null

27-02-2025T17:40:48 - [TEST_STEP][PASSED] - group = line.indexOf("<Group>"): null

27-02-2025T17:40:48 - [TEST_STEP][PASSED] - println(group): null

27-02-2025T17:40:48 - [TEST_STEP][PASSED] - if (group >= 0): null

27-02-2025T17:40:48 - [TEST_STEP][PASSED] - else: null

27-02-2025T17:40:48 - [TEST_STEP][PASSED] - if (include): null

27-02-2025T17:40:48 - [TEST_STEP][PASSED] - println(line): null

27-02-2025T17:40:48 - [TEST_STEP][PASSED] - comma = line.indexOf(",y"): null

27-02-2025T17:40:48 - [TEST_STEP][PASSED] - if (comma > 0): null

27-02-2025T17:40:48 - [TEST_STEP][PASSED] - line = reader.readLine(): null

27-02-2025T17:40:48 - [TEST_STEP][PASSED] - println(line): null

27-02-2025T17:40:48 - [TEST_STEP][PASSED] - group = line.indexOf("<Group>"): null

27-02-2025T17:40:48 - [TEST_STEP][PASSED] - println(group): null

27-02-2025T17:40:48 - [TEST_STEP][PASSED] - if (group >= 0): null

27-02-2025T17:40:48 - [TEST_STEP][PASSED] - else: null

27-02-2025T17:40:48 - [TEST_STEP][PASSED] - if (include): null

27-02-2025T17:40:48 - [TEST_STEP][PASSED] - println(line): null

27-02-2025T17:40:48 - [TEST_STEP][PASSED] - comma = line.indexOf(",y"): null

27-02-2025T17:40:48 - [TEST_STEP][PASSED] - if (comma > 0): null

27-02-2025T17:40:48 - [TEST_STEP][PASSED] - line = reader.readLine(): null

27-02-2025T17:40:48 - [TEST_STEP][PASSED] - println(line): null

27-02-2025T17:40:48 - [TEST_STEP][PASSED] - group = line.indexOf("<Group>"): null

27-02-2025T17:40:48 - [TEST_STEP][PASSED] - println(group): null

27-02-2025T17:40:48 - [TEST_STEP][PASSED] - if (group >= 0): null

27-02-2025T17:40:48 - [TEST_STEP][PASSED] - else: null

27-02-2025T17:40:48 - [TEST_STEP][PASSED] - if (include): null

27-02-2025T17:40:48 - [TEST_STEP][PASSED] - println(line): null

27-02-2025T17:40:48 - [TEST_STEP][PASSED] - comma = line.indexOf(",y"): null

27-02-2025T17:40:48 - [TEST_STEP][PASSED] - if (comma > 0): null

27-02-2025T17:40:48 - [TEST_STEP][PASSED] - line = reader.readLine(): null

27-02-2025T17:40:48 - [TEST_STEP][PASSED] - println(line): null

27-02-2025T17:40:48 - [TEST_STEP][PASSED] - group = line.indexOf("<Group>"): null

27-02-2025T17:40:48 - [TEST_STEP][PASSED] - println(group): null

27-02-2025T17:40:48 - [TEST_STEP][PASSED] - if (group >= 0): null

27-02-2025T17:40:48 - [TEST_STEP][PASSED] - else: null

27-02-2025T17:40:48 - [TEST_STEP][PASSED] - if (include): null

27-02-2025T17:40:48 - [TEST_STEP][PASSED] - println(line): null

27-02-2025T17:40:48 - [TEST_STEP][PASSED] - comma = line.indexOf(",y"): null

27-02-2025T17:40:48 - [TEST_STEP][PASSED] - if (comma > 0): null

27-02-2025T17:40:48 - [TEST_STEP][PASSED] - line = reader.readLine(): null

27-02-2025T17:40:48 - [TEST_STEP][PASSED] - println(line): null

27-02-2025T17:40:48 - [TEST_STEP][PASSED] - group = line.indexOf("<Group>"): null

27-02-2025T17:40:48 - [TEST_STEP][PASSED] - println(group): null

27-02-2025T17:40:48 - [TEST_STEP][PASSED] - if (group >= 0): null

27-02-2025T17:40:48 - [TEST_STEP][PASSED] - else: null

27-02-2025T17:40:48 - [TEST_STEP][PASSED] - if (include): null

27-02-2025T17:40:48 - [TEST_STEP][PASSED] - println(line): null

27-02-2025T17:40:48 - [TEST_STEP][PASSED] - comma = line.indexOf(",y"): null

27-02-2025T17:40:48 - [TEST_STEP][PASSED] - if (comma > 0): null

27-02-2025T17:40:48 - [TEST_STEP][PASSED] - line = reader.readLine(): null

27-02-2025T17:40:48 - [TEST_STEP][PASSED] - println(line): null

27-02-2025T17:40:48 - [TEST_STEP][PASSED] - group = line.indexOf("<Group>"): null

27-02-2025T17:40:48 - [TEST_STEP][PASSED] - println(group): null

27-02-2025T17:40:48 - [TEST_STEP][PASSED] - if (group >= 0): null

27-02-2025T17:40:48 - [TEST_STEP][PASSED] - else: null

27-02-2025T17:40:48 - [TEST_STEP][PASSED] - if (include): null

27-02-2025T17:40:48 - [TEST_STEP][PASSED] - println(line): null

27-02-2025T17:40:48 - [TEST_STEP][PASSED] - comma = line.indexOf(",y"): null

27-02-2025T17:40:48 - [TEST_STEP][PASSED] - if (comma > 0): null

27-02-2025T17:40:48 - [TEST_STEP][PASSED] - line = reader.readLine(): null

27-02-2025T17:40:48 - [TEST_STEP][PASSED] - println(line): null

27-02-2025T17:40:48 - [TEST_STEP][PASSED] - group = line.indexOf("<Group>"): null

27-02-2025T17:40:48 - [TEST_STEP][PASSED] - println(group): null

27-02-2025T17:40:48 - [TEST_STEP][PASSED] - if (group >= 0): null

27-02-2025T17:40:48 - [TEST_STEP][PASSED] - else: null

27-02-2025T17:40:48 - [TEST_STEP][PASSED] - if (include): null

27-02-2025T17:40:48 - [TEST_STEP][PASSED] - println(line): null

27-02-2025T17:40:48 - [TEST_STEP][PASSED] - comma = line.indexOf(",y"): null

27-02-2025T17:40:48 - [TEST_STEP][PASSED] - if (comma > 0): null

27-02-2025T17:40:48 - [TEST_STEP][PASSED] - line = reader.readLine(): null

27-02-2025T17:40:48 - [TEST_STEP][PASSED] - println(line): null

27-02-2025T17:40:48 - [TEST_STEP][PASSED] - group = line.indexOf("<Group>"): null

27-02-2025T17:40:48 - [TEST_STEP][PASSED] - println(group): null

27-02-2025T17:40:48 - [TEST_STEP][PASSED] - if (group >= 0): null

27-02-2025T17:40:48 - [TEST_STEP][PASSED] - else: null

27-02-2025T17:40:48 - [TEST_STEP][PASSED] - if (include): null

27-02-2025T17:40:48 - [TEST_STEP][PASSED] - println(line): null

27-02-2025T17:40:48 - [TEST_STEP][PASSED] - comma = line.indexOf(",y"): null

27-02-2025T17:40:48 - [TEST_STEP][PASSED] - if (comma > 0): null

27-02-2025T17:40:48 - [TEST_STEP][PASSED] - line = reader.readLine(): null

27-02-2025T17:40:48 - [TEST_STEP][PASSED] - println(line): null

27-02-2025T17:40:48 - [TEST_STEP][PASSED] - group = line.indexOf("<Group>"): null

27-02-2025T17:40:48 - [TEST_STEP][PASSED] - println(group): null

27-02-2025T17:40:48 - [TEST_STEP][PASSED] - if (group >= 0): null

27-02-2025T17:40:48 - [TEST_STEP][PASSED] - else: null

27-02-2025T17:40:48 - [TEST_STEP][PASSED] - if (include): null

27-02-2025T17:40:48 - [TEST_STEP][PASSED] - println(line): null

27-02-2025T17:40:48 - [TEST_STEP][PASSED] - comma = line.indexOf(",y"): null

27-02-2025T17:40:48 - [TEST_STEP][PASSED] - if (comma > 0): null

27-02-2025T17:40:48 - [TEST_STEP][PASSED] - line = reader.readLine(): null

27-02-2025T17:40:48 - [TEST_STEP][PASSED] - println(line): null

27-02-2025T17:40:48 - [TEST_STEP][PASSED] - group = line.indexOf("<Group>"): null

27-02-2025T17:40:48 - [TEST_STEP][PASSED] - println(group): null

27-02-2025T17:40:48 - [TEST_STEP][PASSED] - if (group >= 0): null

27-02-2025T17:40:48 - [TEST_STEP][PASSED] - else: null

27-02-2025T17:40:48 - [TEST_STEP][PASSED] - if (include): null

27-02-2025T17:40:48 - [TEST_STEP][PASSED] - println(line): null

27-02-2025T17:40:48 - [TEST_STEP][PASSED] - comma = line.indexOf(",y"): null

27-02-2025T17:40:48 - [TEST_STEP][PASSED] - if (comma > 0): null

27-02-2025T17:40:48 - [TEST_STEP][PASSED] - line = reader.readLine(): null

27-02-2025T17:40:48 - [TEST_STEP][PASSED] - println(line): null

27-02-2025T17:40:48 - [TEST_STEP][PASSED] - group = line.indexOf("<Group>"): null

27-02-2025T17:40:48 - [TEST_STEP][PASSED] - println(group): null

27-02-2025T17:40:48 - [TEST_STEP][PASSED] - if (group >= 0): null

27-02-2025T17:40:48 - [TEST_STEP][PASSED] - else: null

27-02-2025T17:40:48 - [TEST_STEP][PASSED] - if (include): null

27-02-2025T17:40:48 - [TEST_STEP][PASSED] - println(line): null

27-02-2025T17:40:48 - [TEST_STEP][PASSED] - comma = line.indexOf(",y"): null

27-02-2025T17:40:48 - [TEST_STEP][PASSED] - if (comma > 0): null

27-02-2025T17:40:48 - [TEST_STEP][PASSED] - line = reader.readLine(): null

27-02-2025T17:40:48 - [TEST_STEP][PASSED] - println(line): null

27-02-2025T17:40:48 - [TEST_STEP][PASSED] - group = line.indexOf("<Group>"): null

27-02-2025T17:40:48 - [TEST_STEP][PASSED] - println(group): null

27-02-2025T17:40:48 - [TEST_STEP][PASSED] - if (group >= 0): null

27-02-2025T17:40:48 - [TEST_STEP][PASSED] - else: null

27-02-2025T17:40:48 - [TEST_STEP][PASSED] - if (include): null

27-02-2025T17:40:48 - [TEST_STEP][PASSED] - println(line): null

27-02-2025T17:40:48 - [TEST_STEP][PASSED] - comma = line.indexOf(",y"): null

27-02-2025T17:40:48 - [TEST_STEP][PASSED] - if (comma > 0): null

27-02-2025T17:40:48 - [TEST_STEP][PASSED] - line = reader.readLine(): null

27-02-2025T17:40:48 - [TEST_STEP][PASSED] - println(line): null

27-02-2025T17:40:48 - [TEST_STEP][PASSED] - group = line.indexOf("<Group>"): null

27-02-2025T17:40:48 - [TEST_STEP][PASSED] - println(group): null

27-02-2025T17:40:48 - [TEST_STEP][PASSED] - if (group >= 0): null

27-02-2025T17:40:48 - [TEST_STEP][PASSED] - else: null

27-02-2025T17:40:48 - [TEST_STEP][PASSED] - if (include): null

27-02-2025T17:40:48 - [TEST_STEP][PASSED] - println(line): null

27-02-2025T17:40:48 - [TEST_STEP][PASSED] - comma = line.indexOf(",y"): null

27-02-2025T17:40:48 - [TEST_STEP][PASSED] - if (comma > 0): null

27-02-2025T17:40:48 - [TEST_STEP][PASSED] - line = reader.readLine(): null

27-02-2025T17:40:48 - [TEST_STEP][PASSED] - println(line): null

27-02-2025T17:40:48 - [TEST_STEP][PASSED] - group = line.indexOf("<Group>"): null

27-02-2025T17:40:48 - [TEST_STEP][PASSED] - println(group): null

27-02-2025T17:40:48 - [TEST_STEP][PASSED] - if (group >= 0): null

27-02-2025T17:40:48 - [TEST_STEP][PASSED] - else: null

27-02-2025T17:40:48 - [TEST_STEP][PASSED] - if (include): null

27-02-2025T17:40:48 - [TEST_STEP][PASSED] - println(line): null

27-02-2025T17:40:48 - [TEST_STEP][PASSED] - comma = line.indexOf(",y"): null

27-02-2025T17:40:48 - [TEST_STEP][PASSED] - if (comma > 0): null

27-02-2025T17:40:48 - [TEST_STEP][PASSED] - line = reader.readLine(): null

27-02-2025T17:40:48 - [TEST_STEP][PASSED] - println(line): null

27-02-2025T17:40:48 - [TEST_STEP][PASSED] - group = line.indexOf("<Group>"): null

27-02-2025T17:40:48 - [TEST_STEP][PASSED] - println(group): null

27-02-2025T17:40:48 - [TEST_STEP][PASSED] - if (group >= 0): null

27-02-2025T17:40:48 - [TEST_STEP][PASSED] - else: null

27-02-2025T17:40:48 - [TEST_STEP][PASSED] - if (include): null

27-02-2025T17:40:48 - [TEST_STEP][PASSED] - println(line): null

27-02-2025T17:40:48 - [TEST_STEP][PASSED] - comma = line.indexOf(",y"): null

27-02-2025T17:40:48 - [TEST_STEP][PASSED] - if (comma > 0): null

27-02-2025T17:40:48 - [TEST_STEP][PASSED] - line = reader.readLine(): null

27-02-2025T17:40:48 - [TEST_STEP][PASSED] - println(line): null

27-02-2025T17:40:48 - [TEST_STEP][PASSED] - group = line.indexOf("<Group>"): null

27-02-2025T17:40:48 - [TEST_STEP][PASSED] - println(group): null

27-02-2025T17:40:48 - [TEST_STEP][PASSED] - if (group >= 0): null

27-02-2025T17:40:48 - [TEST_STEP][PASSED] - else: null

27-02-2025T17:40:48 - [TEST_STEP][PASSED] - if (include): null

27-02-2025T17:40:48 - [TEST_STEP][PASSED] - println(line): null

27-02-2025T17:40:48 - [TEST_STEP][PASSED] - comma = line.indexOf(",y"): null

27-02-2025T17:40:48 - [TEST_STEP][PASSED] - if (comma > 0): null

27-02-2025T17:40:48 - [TEST_STEP][PASSED] - commaCount = StringUtils.countMatches(line, ","): null

27-02-2025T17:40:48 - [TEST_STEP][PASSED] - if (commaCount > 1): null

27-02-2025T17:40:48 - [TEST_STEP][PASSED] - else: null

27-02-2025T17:40:48 - [TEST_STEP][PASSED] - label = line.substring(1, comma): null

27-02-2025T17:40:48 - [TEST_STEP][PASSED] - println(label): null

27-02-2025T17:40:48 - [TEST_STEP][PASSED] - checked.add(label): null

27-02-2025T17:40:48 - [TEST_STEP][PASSED] - line = reader.readLine(): null

27-02-2025T17:40:48 - [TEST_STEP][PASSED] - println(line): null

27-02-2025T17:40:48 - [TEST_STEP][PASSED] - group = line.indexOf("<Group>"): null

27-02-2025T17:40:48 - [TEST_STEP][PASSED] - println(group): null

27-02-2025T17:40:48 - [TEST_STEP][PASSED] - if (group >= 0): null

27-02-2025T17:40:48 - [TEST_STEP][PASSED] - else: null

27-02-2025T17:40:48 - [TEST_STEP][PASSED] - if (include): null

27-02-2025T17:40:48 - [TEST_STEP][PASSED] - println(line): null

27-02-2025T17:40:48 - [TEST_STEP][PASSED] - comma = line.indexOf(",y"): null

27-02-2025T17:40:48 - [TEST_STEP][PASSED] - if (comma > 0): null

27-02-2025T17:40:48 - [TEST_STEP][PASSED] - line = reader.readLine(): null

27-02-2025T17:40:48 - [TEST_STEP][PASSED] - println(line): null

27-02-2025T17:40:48 - [TEST_STEP][PASSED] - group = line.indexOf("<Group>"): null

27-02-2025T17:40:48 - [TEST_STEP][PASSED] - println(group): null

27-02-2025T17:40:48 - [TEST_STEP][PASSED] - if (group >= 0): null

27-02-2025T17:40:48 - [TEST_STEP][PASSED] - else: null

27-02-2025T17:40:48 - [TEST_STEP][PASSED] - if (include): null

27-02-2025T17:40:48 - [TEST_STEP][PASSED] - println(line): null

27-02-2025T17:40:48 - [TEST_STEP][PASSED] - comma = line.indexOf(",y"): null

27-02-2025T17:40:48 - [TEST_STEP][PASSED] - if (comma > 0): null

27-02-2025T17:40:48 - [TEST_STEP][PASSED] - line = reader.readLine(): null

27-02-2025T17:40:48 - [TEST_STEP][PASSED] - println(line): null

27-02-2025T17:40:48 - [TEST_STEP][PASSED] - group = line.indexOf("<Group>"): null

27-02-2025T17:40:48 - [TEST_STEP][PASSED] - println(group): null

27-02-2025T17:40:48 - [TEST_STEP][PASSED] - if (group >= 0): null

27-02-2025T17:40:48 - [TEST_STEP][PASSED] - else: null

27-02-2025T17:40:48 - [TEST_STEP][PASSED] - if (include): null

27-02-2025T17:40:48 - [TEST_STEP][PASSED] - println(line): null

27-02-2025T17:40:48 - [TEST_STEP][PASSED] - comma = line.indexOf(",y"): null

27-02-2025T17:40:48 - [TEST_STEP][PASSED] - if (comma > 0): null

27-02-2025T17:40:48 - [TEST_STEP][PASSED] - line = reader.readLine(): null

27-02-2025T17:40:48 - [TEST_STEP][PASSED] - println(line): null

27-02-2025T17:40:48 - [TEST_STEP][PASSED] - group = line.indexOf("<Group>"): null

27-02-2025T17:40:48 - [TEST_STEP][PASSED] - println(group): null

27-02-2025T17:40:48 - [TEST_STEP][PASSED] - if (group >= 0): null

27-02-2025T17:40:48 - [TEST_STEP][PASSED] - else: null

27-02-2025T17:40:48 - [TEST_STEP][PASSED] - if (include): null

27-02-2025T17:40:48 - [TEST_STEP][PASSED] - println(line): null

27-02-2025T17:40:48 - [TEST_STEP][PASSED] - comma = line.indexOf(",y"): null

27-02-2025T17:40:48 - [TEST_STEP][PASSED] - if (comma > 0): null

27-02-2025T17:40:48 - [TEST_STEP][PASSED] - commaCount = StringUtils.countMatches(line, ","): null

27-02-2025T17:40:48 - [TEST_STEP][PASSED] - if (commaCount > 1): null

27-02-2025T17:40:48 - [TEST_STEP][PASSED] - else: null

27-02-2025T17:40:48 - [TEST_STEP][PASSED] - label = line.substring(1, comma): null

27-02-2025T17:40:48 - [TEST_STEP][PASSED] - println(label): null

27-02-2025T17:40:48 - [TEST_STEP][PASSED] - checked.add(label): null

27-02-2025T17:40:48 - [TEST_STEP][PASSED] - line = reader.readLine(): null

27-02-2025T17:40:48 - [TEST_STEP][PASSED] - println(line): null

27-02-2025T17:40:48 - [TEST_STEP][PASSED] - group = line.indexOf("<Group>"): null

27-02-2025T17:40:48 - [TEST_STEP][PASSED] - println(group): null

27-02-2025T17:40:48 - [TEST_STEP][PASSED] - if (group >= 0): null

27-02-2025T17:40:48 - [TEST_STEP][PASSED] - else: null

27-02-2025T17:40:48 - [TEST_STEP][PASSED] - if (include): null

27-02-2025T17:40:48 - [TEST_STEP][PASSED] - println(line): null

27-02-2025T17:40:48 - [TEST_STEP][PASSED] - comma = line.indexOf(",y"): null

27-02-2025T17:40:48 - [TEST_STEP][PASSED] - if (comma > 0): null

27-02-2025T17:40:48 - [TEST_STEP][PASSED] - line = reader.readLine(): null

27-02-2025T17:40:48 - [TEST_STEP][PASSED] - println(line): null

27-02-2025T17:40:48 - [TEST_STEP][PASSED] - group = line.indexOf("<Group>"): null

27-02-2025T17:40:48 - [TEST_STEP][PASSED] - println(group): null

27-02-2025T17:40:48 - [TEST_STEP][PASSED] - if (group >= 0): null

27-02-2025T17:40:48 - [TEST_STEP][PASSED] - else: null

27-02-2025T17:40:48 - [TEST_STEP][PASSED] - if (include): null

27-02-2025T17:40:48 - [TEST_STEP][PASSED] - println(line): null

27-02-2025T17:40:48 - [TEST_STEP][PASSED] - comma = line.indexOf(",y"): null

27-02-2025T17:40:48 - [TEST_STEP][PASSED] - if (comma > 0): null

27-02-2025T17:40:48 - [TEST_STEP][PASSED] - line = reader.readLine(): null

27-02-2025T17:40:48 - [TEST_STEP][PASSED] - println(line): null

27-02-2025T17:40:48 - [TEST_STEP][PASSED] - group = line.indexOf("<Group>"): null

27-02-2025T17:40:48 - [TEST_STEP][PASSED] - println(group): null

27-02-2025T17:40:48 - [TEST_STEP][PASSED] - if (group >= 0): null

27-02-2025T17:40:48 - [TEST_STEP][PASSED] - else: null

27-02-2025T17:40:48 - [TEST_STEP][PASSED] - if (include): null

27-02-2025T17:40:48 - [TEST_STEP][PASSED] - println(line): null

27-02-2025T17:40:48 - [TEST_STEP][PASSED] - comma = line.indexOf(",y"): null

27-02-2025T17:40:48 - [TEST_STEP][PASSED] - if (comma > 0): null

27-02-2025T17:40:48 - [TEST_STEP][PASSED] - line = reader.readLine(): null

27-02-2025T17:40:48 - [TEST_STEP][PASSED] - println(line): null

27-02-2025T17:40:48 - [TEST_STEP][PASSED] - group = line.indexOf("<Group>"): null

27-02-2025T17:40:48 - [TEST_STEP][PASSED] - println(group): null

27-02-2025T17:40:48 - [TEST_STEP][PASSED] - if (group >= 0): null

27-02-2025T17:40:48 - [TEST_STEP][PASSED] - else: null

27-02-2025T17:40:48 - [TEST_STEP][PASSED] - if (include): null

27-02-2025T17:40:48 - [TEST_STEP][PASSED] - println(line): null

27-02-2025T17:40:48 - [TEST_STEP][PASSED] - comma = line.indexOf(",y"): null

27-02-2025T17:40:48 - [TEST_STEP][PASSED] - if (comma > 0): null

27-02-2025T17:40:48 - [TEST_STEP][PASSED] - line = reader.readLine(): null

27-02-2025T17:40:48 - [TEST_STEP][PASSED] - println(line): null

27-02-2025T17:40:48 - [TEST_STEP][PASSED] - group = line.indexOf("<Group>"): null

27-02-2025T17:40:48 - [TEST_STEP][PASSED] - println(group): null

27-02-2025T17:40:48 - [TEST_STEP][PASSED] - if (group >= 0): null

27-02-2025T17:40:48 - [TEST_STEP][PASSED] - else: null

27-02-2025T17:40:48 - [TEST_STEP][PASSED] - if (include): null

27-02-2025T17:40:48 - [TEST_STEP][PASSED] - println(line): null

27-02-2025T17:40:48 - [TEST_STEP][PASSED] - comma = line.indexOf(",y"): null

27-02-2025T17:40:48 - [TEST_STEP][PASSED] - if (comma > 0): null

27-02-2025T17:40:48 - [TEST_STEP][PASSED] - line = reader.readLine(): null

27-02-2025T17:40:48 - [TEST_STEP][PASSED] - println(line): null

27-02-2025T17:40:48 - [TEST_STEP][PASSED] - group = line.indexOf("<Group>"): null

27-02-2025T17:40:48 - [TEST_STEP][PASSED] - println(group): null

27-02-2025T17:40:48 - [TEST_STEP][PASSED] - if (group >= 0): null

27-02-2025T17:40:48 - [TEST_STEP][PASSED] - else: null

27-02-2025T17:40:48 - [TEST_STEP][PASSED] - if (include): null

27-02-2025T17:40:48 - [TEST_STEP][PASSED] - println(line): null

27-02-2025T17:40:48 - [TEST_STEP][PASSED] - comma = line.indexOf(",y"): null

27-02-2025T17:40:48 - [TEST_STEP][PASSED] - if (comma > 0): null

27-02-2025T17:40:48 - [TEST_STEP][PASSED] - line = reader.readLine(): null

27-02-2025T17:40:48 - [TEST_STEP][PASSED] - println(line): null

27-02-2025T17:40:48 - [TEST_STEP][PASSED] - group = line.indexOf("<Group>"): null

27-02-2025T17:40:48 - [TEST_STEP][PASSED] - println(group): null

27-02-2025T17:40:48 - [TEST_STEP][PASSED] - if (group >= 0): null

27-02-2025T17:40:48 - [TEST_STEP][PASSED] - else: null

27-02-2025T17:40:48 - [TEST_STEP][PASSED] - if (include): null

27-02-2025T17:40:48 - [TEST_STEP][PASSED] - println(line): null

27-02-2025T17:40:48 - [TEST_STEP][PASSED] - comma = line.indexOf(",y"): null

27-02-2025T17:40:48 - [TEST_STEP][PASSED] - if (comma > 0): null

27-02-2025T17:40:48 - [TEST_STEP][PASSED] - line = reader.readLine(): null

27-02-2025T17:40:48 - [TEST_STEP][PASSED] - println(line): null

27-02-2025T17:40:48 - [TEST_STEP][PASSED] - group = line.indexOf("<Group>"): null

27-02-2025T17:40:48 - [TEST_STEP][PASSED] - println(group): null

27-02-2025T17:40:48 - [TEST_STEP][PASSED] - if (group >= 0): null

27-02-2025T17:40:48 - [TEST_STEP][PASSED] - else: null

27-02-2025T17:40:48 - [TEST_STEP][PASSED] - if (include): null

27-02-2025T17:40:48 - [TEST_STEP][PASSED] - println(line): null

27-02-2025T17:40:48 - [TEST_STEP][PASSED] - comma = line.indexOf(",y"): null

27-02-2025T17:40:48 - [TEST_STEP][PASSED] - if (comma > 0): null

27-02-2025T17:40:48 - [TEST_STEP][PASSED] - line = reader.readLine(): null

27-02-2025T17:40:48 - [TEST_STEP][PASSED] - println(line): null

27-02-2025T17:40:48 - [TEST_STEP][PASSED] - group = line.indexOf("<Group>"): null

27-02-2025T17:40:48 - [TEST_STEP][PASSED] - println(group): null

27-02-2025T17:40:48 - [TEST_STEP][PASSED] - if (group >= 0): null

27-02-2025T17:40:48 - [TEST_STEP][PASSED] - else: null

27-02-2025T17:40:48 - [TEST_STEP][PASSED] - if (include): null

27-02-2025T17:40:48 - [TEST_STEP][PASSED] - println(line): null

27-02-2025T17:40:48 - [TEST_STEP][PASSED] - comma = line.indexOf(",y"): null

27-02-2025T17:40:48 - [TEST_STEP][PASSED] - if (comma > 0): null

27-02-2025T17:40:48 - [TEST_STEP][PASSED] - line = reader.readLine(): null

27-02-2025T17:40:48 - [TEST_STEP][PASSED] - println(line): null

27-02-2025T17:40:48 - [TEST_STEP][PASSED] - group = line.indexOf("<Group>"): null

27-02-2025T17:40:48 - [TEST_STEP][PASSED] - println(group): null

27-02-2025T17:40:48 - [TEST_STEP][PASSED] - if (group >= 0): null

27-02-2025T17:40:48 - [TEST_STEP][PASSED] - else: null

27-02-2025T17:40:48 - [TEST_STEP][PASSED] - if (include): null

27-02-2025T17:40:48 - [TEST_STEP][PASSED] - println(line): null

27-02-2025T17:40:48 - [TEST_STEP][PASSED] - comma = line.indexOf(",y"): null

27-02-2025T17:40:48 - [TEST_STEP][PASSED] - if (comma > 0): null

27-02-2025T17:40:48 - [TEST_STEP][PASSED] - line = reader.readLine(): null

27-02-2025T17:40:48 - [TEST_STEP][PASSED] - println(line): null

27-02-2025T17:40:48 - [TEST_STEP][PASSED] - group = line.indexOf("<Group>"): null

27-02-2025T17:40:48 - [TEST_STEP][PASSED] - println(group): null

27-02-2025T17:40:48 - [TEST_STEP][PASSED] - if (group >= 0): null

27-02-2025T17:40:48 - [TEST_STEP][PASSED] - else: null

27-02-2025T17:40:48 - [TEST_STEP][PASSED] - if (include): null

27-02-2025T17:40:48 - [TEST_STEP][PASSED] - println(line): null

27-02-2025T17:40:48 - [TEST_STEP][PASSED] - comma = line.indexOf(",y"): null

27-02-2025T17:40:48 - [TEST_STEP][PASSED] - if (comma > 0): null

27-02-2025T17:40:48 - [TEST_STEP][PASSED] - line = reader.readLine(): null

27-02-2025T17:40:48 - [TEST_STEP][PASSED] - println(line): null

27-02-2025T17:40:48 - [TEST_STEP][PASSED] - group = line.indexOf("<Group>"): null

27-02-2025T17:40:48 - [TEST_STEP][PASSED] - println(group): null

27-02-2025T17:40:48 - [TEST_STEP][PASSED] - if (group >= 0): null

27-02-2025T17:40:48 - [TEST_STEP][PASSED] - else: null

27-02-2025T17:40:48 - [TEST_STEP][PASSED] - if (include): null

27-02-2025T17:40:48 - [TEST_STEP][PASSED] - println(line): null

27-02-2025T17:40:48 - [TEST_STEP][PASSED] - comma = line.indexOf(",y"): null

27-02-2025T17:40:48 - [TEST_STEP][PASSED] - if (comma > 0): null

27-02-2025T17:40:48 - [TEST_STEP][PASSED] - line = reader.readLine(): null

27-02-2025T17:40:48 - [TEST_STEP][PASSED] - println(line): null

27-02-2025T17:40:48 - [TEST_STEP][PASSED] - group = line.indexOf("<Group>"): null

27-02-2025T17:40:48 - [TEST_STEP][PASSED] - println(group): null

27-02-2025T17:40:48 - [TEST_STEP][PASSED] - if (group >= 0): null

27-02-2025T17:40:48 - [TEST_STEP][PASSED] - else: null

27-02-2025T17:40:48 - [TEST_STEP][PASSED] - if (include): null

27-02-2025T17:40:48 - [TEST_STEP][PASSED] - println(line): null

27-02-2025T17:40:48 - [TEST_STEP][PASSED] - comma = line.indexOf(",y"): null

27-02-2025T17:40:48 - [TEST_STEP][PASSED] - if (comma > 0): null

27-02-2025T17:40:48 - [TEST_STEP][PASSED] - line = reader.readLine(): null

27-02-2025T17:40:48 - [TEST_STEP][PASSED] - println(line): null

27-02-2025T17:40:48 - [TEST_STEP][PASSED] - group = line.indexOf("<Group>"): null

27-02-2025T17:40:48 - [TEST_STEP][PASSED] - println(group): null

27-02-2025T17:40:48 - [TEST_STEP][PASSED] - if (group >= 0): null

27-02-2025T17:40:48 - [TEST_STEP][PASSED] - else: null

27-02-2025T17:40:48 - [TEST_STEP][PASSED] - if (include): null

27-02-2025T17:40:48 - [TEST_STEP][PASSED] - println(line): null

27-02-2025T17:40:48 - [TEST_STEP][PASSED] - comma = line.indexOf(",y"): null

27-02-2025T17:40:48 - [TEST_STEP][PASSED] - if (comma > 0): null

27-02-2025T17:40:48 - [TEST_STEP][PASSED] - line = reader.readLine(): null

27-02-2025T17:40:48 - [TEST_STEP][PASSED] - println(line): null

27-02-2025T17:40:48 - [TEST_STEP][PASSED] - group = line.indexOf("<Group>"): null

27-02-2025T17:40:48 - [TEST_STEP][PASSED] - println(group): null

27-02-2025T17:40:48 - [TEST_STEP][PASSED] - if (group >= 0): null

27-02-2025T17:40:48 - [TEST_STEP][PASSED] - else: null

27-02-2025T17:40:48 - [TEST_STEP][PASSED] - if (include): null

27-02-2025T17:40:48 - [TEST_STEP][PASSED] - println(line): null

27-02-2025T17:40:48 - [TEST_STEP][PASSED] - comma = line.indexOf(",y"): null

27-02-2025T17:40:48 - [TEST_STEP][PASSED] - if (comma > 0): null

27-02-2025T17:40:48 - [TEST_STEP][PASSED] - line = reader.readLine(): null

27-02-2025T17:40:48 - [TEST_STEP][PASSED] - println(line): null

27-02-2025T17:40:48 - [TEST_STEP][PASSED] - group = line.indexOf("<Group>"): null

27-02-2025T17:40:48 - [TEST_STEP][PASSED] - println(group): null

27-02-2025T17:40:48 - [TEST_STEP][PASSED] - if (group >= 0): null

27-02-2025T17:40:48 - [TEST_STEP][PASSED] - else: null

27-02-2025T17:40:48 - [TEST_STEP][PASSED] - if (include): null

27-02-2025T17:40:48 - [TEST_STEP][PASSED] - println(line): null

27-02-2025T17:40:48 - [TEST_STEP][PASSED] - comma = line.indexOf(",y"): null

27-02-2025T17:40:48 - [TEST_STEP][PASSED] - if (comma > 0): null

27-02-2025T17:40:48 - [TEST_STEP][PASSED] - line = reader.readLine(): null

27-02-2025T17:40:48 - [TEST_STEP][PASSED] - println(line): null

27-02-2025T17:40:48 - [TEST_STEP][PASSED] - group = line.indexOf("<Group>"): null

27-02-2025T17:40:48 - [TEST_STEP][PASSED] - println(group): null

27-02-2025T17:40:48 - [TEST_STEP][PASSED] - if (group >= 0): null

27-02-2025T17:40:48 - [TEST_STEP][PASSED] - else: null

27-02-2025T17:40:48 - [TEST_STEP][PASSED] - if (include): null

27-02-2025T17:40:48 - [TEST_STEP][PASSED] - println(line): null

27-02-2025T17:40:48 - [TEST_STEP][PASSED] - comma = line.indexOf(",y"): null

27-02-2025T17:40:48 - [TEST_STEP][PASSED] - if (comma > 0): null

27-02-2025T17:40:48 - [TEST_STEP][PASSED] - line = reader.readLine(): null

27-02-2025T17:40:48 - [TEST_STEP][PASSED] - println(line): null

27-02-2025T17:40:48 - [TEST_STEP][PASSED] - group = line.indexOf("<Group>"): null

27-02-2025T17:40:48 - [TEST_STEP][PASSED] - println(group): null

27-02-2025T17:40:48 - [TEST_STEP][PASSED] - if (group >= 0): null

27-02-2025T17:40:48 - [TEST_STEP][PASSED] - else: null

27-02-2025T17:40:48 - [TEST_STEP][PASSED] - if (include): null

27-02-2025T17:40:48 - [TEST_STEP][PASSED] - println(line): null

27-02-2025T17:40:48 - [TEST_STEP][PASSED] - comma = line.indexOf(",y"): null

27-02-2025T17:40:48 - [TEST_STEP][PASSED] - if (comma > 0): null

27-02-2025T17:40:48 - [TEST_STEP][PASSED] - line = reader.readLine(): null

27-02-2025T17:40:48 - [TEST_STEP][PASSED] - println(line): null

27-02-2025T17:40:48 - [TEST_STEP][PASSED] - group = line.indexOf("<Group>"): null

27-02-2025T17:40:48 - [TEST_STEP][PASSED] - println(group): null

27-02-2025T17:40:48 - [TEST_STEP][PASSED] - if (group >= 0): null

27-02-2025T17:40:48 - [TEST_STEP][PASSED] - else: null

27-02-2025T17:40:48 - [TEST_STEP][PASSED] - if (include): null

27-02-2025T17:40:48 - [TEST_STEP][PASSED] - println(line): null

27-02-2025T17:40:48 - [TEST_STEP][PASSED] - comma = line.indexOf(",y"): null

27-02-2025T17:40:48 - [TEST_STEP][PASSED] - if (comma > 0): null

27-02-2025T17:40:48 - [TEST_STEP][PASSED] - line = reader.readLine(): null

27-02-2025T17:40:48 - [TEST_STEP][PASSED] - println(line): null

27-02-2025T17:40:48 - [TEST_STEP][PASSED] - group = line.indexOf("<Group>"): null

27-02-2025T17:40:48 - [TEST_STEP][PASSED] - println(group): null

27-02-2025T17:40:48 - [TEST_STEP][PASSED] - if (group >= 0): null

27-02-2025T17:40:48 - [TEST_STEP][PASSED] - else: null

27-02-2025T17:40:48 - [TEST_STEP][PASSED] - if (include): null

27-02-2025T17:40:48 - [TEST_STEP][PASSED] - println(line): null

27-02-2025T17:40:48 - [TEST_STEP][PASSED] - comma = line.indexOf(",y"): null

27-02-2025T17:40:48 - [TEST_STEP][PASSED] - if (comma > 0): null

27-02-2025T17:40:48 - [TEST_STEP][PASSED] - line = reader.readLine(): null

27-02-2025T17:40:48 - [TEST_STEP][PASSED] - println(line): null

27-02-2025T17:40:48 - [TEST_STEP][PASSED] - group = line.indexOf("<Group>"): null

27-02-2025T17:40:48 - [TEST_STEP][PASSED] - println(group): null

27-02-2025T17:40:48 - [TEST_STEP][PASSED] - if (group >= 0): null

27-02-2025T17:40:48 - [TEST_STEP][PASSED] - else: null

27-02-2025T17:40:48 - [TEST_STEP][PASSED] - if (include): null

27-02-2025T17:40:48 - [TEST_STEP][PASSED] - println(line): null

27-02-2025T17:40:48 - [TEST_STEP][PASSED] - comma = line.indexOf(",y"): null

27-02-2025T17:40:48 - [TEST_STEP][PASSED] - if (comma > 0): null

27-02-2025T17:40:48 - [TEST_STEP][PASSED] - line = reader.readLine(): null

27-02-2025T17:40:48 - [TEST_STEP][PASSED] - println(line): null

27-02-2025T17:40:48 - [TEST_STEP][PASSED] - group = line.indexOf("<Group>"): null

27-02-2025T17:40:48 - [TEST_STEP][PASSED] - println(group): null

27-02-2025T17:40:48 - [TEST_STEP][PASSED] - if (group >= 0): null

27-02-2025T17:40:48 - [TEST_STEP][PASSED] - else: null

27-02-2025T17:40:48 - [TEST_STEP][PASSED] - if (include): null

27-02-2025T17:40:48 - [TEST_STEP][PASSED] - println(line): null

27-02-2025T17:40:48 - [TEST_STEP][PASSED] - comma = line.indexOf(",y"): null

27-02-2025T17:40:48 - [TEST_STEP][PASSED] - if (comma > 0): null

27-02-2025T17:40:48 - [TEST_STEP][PASSED] - line = reader.readLine(): null

27-02-2025T17:40:48 - [TEST_STEP][PASSED] - println(line): null

27-02-2025T17:40:48 - [TEST_STEP][PASSED] - group = line.indexOf("<Group>"): null

27-02-2025T17:40:48 - [TEST_STEP][PASSED] - println(group): null

27-02-2025T17:40:48 - [TEST_STEP][PASSED] - if (group >= 0): null

27-02-2025T17:40:48 - [TEST_STEP][PASSED] - else: null

27-02-2025T17:40:48 - [TEST_STEP][PASSED] - if (include): null

27-02-2025T17:40:48 - [TEST_STEP][PASSED] - println(line): null

27-02-2025T17:40:48 - [TEST_STEP][PASSED] - comma = line.indexOf(",y"): null

27-02-2025T17:40:48 - [TEST_STEP][PASSED] - if (comma > 0): null

27-02-2025T17:40:48 - [TEST_STEP][PASSED] - line = reader.readLine(): null

27-02-2025T17:40:48 - [TEST_STEP][PASSED] - println(line): null

27-02-2025T17:40:48 - [TEST_STEP][PASSED] - group = line.indexOf("<Group>"): null

27-02-2025T17:40:48 - [TEST_STEP][PASSED] - println(group): null

27-02-2025T17:40:48 - [TEST_STEP][PASSED] - if (group >= 0): null

27-02-2025T17:40:48 - [TEST_STEP][PASSED] - else: null

27-02-2025T17:40:48 - [TEST_STEP][PASSED] - if (include): null

27-02-2025T17:40:48 - [TEST_STEP][PASSED] - println(line): null

27-02-2025T17:40:48 - [TEST_STEP][PASSED] - comma = line.indexOf(",y"): null

27-02-2025T17:40:48 - [TEST_STEP][PASSED] - if (comma > 0): null

27-02-2025T17:40:48 - [TEST_STEP][PASSED] - line = reader.readLine(): null

27-02-2025T17:40:48 - [TEST_STEP][PASSED] - println(line): null

27-02-2025T17:40:48 - [TEST_STEP][PASSED] - group = line.indexOf("<Group>"): null

27-02-2025T17:40:48 - [TEST_STEP][PASSED] - println(group): null

27-02-2025T17:40:48 - [TEST_STEP][PASSED] - if (group >= 0): null

27-02-2025T17:40:48 - [TEST_STEP][PASSED] - else: null

27-02-2025T17:40:48 - [TEST_STEP][PASSED] - if (include): null

27-02-2025T17:40:48 - [TEST_STEP][PASSED] - println(line): null

27-02-2025T17:40:48 - [TEST_STEP][PASSED] - comma = line.indexOf(",y"): null

27-02-2025T17:40:48 - [TEST_STEP][PASSED] - if (comma > 0): null

27-02-2025T17:40:48 - [TEST_STEP][PASSED] - line = reader.readLine(): null

27-02-2025T17:40:48 - [TEST_STEP][PASSED] - println(line): null

27-02-2025T17:40:48 - [TEST_STEP][PASSED] - group = line.indexOf("<Group>"): null

27-02-2025T17:40:48 - [TEST_STEP][PASSED] - println(group): null

27-02-2025T17:40:48 - [TEST_STEP][PASSED] - if (group >= 0): null

27-02-2025T17:40:48 - [TEST_STEP][PASSED] - else: null

27-02-2025T17:40:48 - [TEST_STEP][PASSED] - if (include): null

27-02-2025T17:40:48 - [TEST_STEP][PASSED] - println(line): null

27-02-2025T17:40:48 - [TEST_STEP][PASSED] - comma = line.indexOf(",y"): null

27-02-2025T17:40:48 - [TEST_STEP][PASSED] - if (comma > 0): null

27-02-2025T17:40:48 - [TEST_STEP][PASSED] - line = reader.readLine(): null

27-02-2025T17:40:48 - [TEST_STEP][PASSED] - println(line): null

27-02-2025T17:40:48 - [TEST_STEP][PASSED] - group = line.indexOf("<Group>"): null

27-02-2025T17:40:48 - [TEST_STEP][PASSED] - println(group): null

27-02-2025T17:40:48 - [TEST_STEP][PASSED] - if (group >= 0): null

27-02-2025T17:40:48 - [TEST_STEP][PASSED] - else: null

27-02-2025T17:40:48 - [TEST_STEP][PASSED] - if (include): null

27-02-2025T17:40:48 - [TEST_STEP][PASSED] - println(line): null

27-02-2025T17:40:48 - [TEST_STEP][PASSED] - comma = line.indexOf(",y"): null

27-02-2025T17:40:48 - [TEST_STEP][PASSED] - if (comma > 0): null

27-02-2025T17:40:48 - [TEST_STEP][PASSED] - line = reader.readLine(): null

27-02-2025T17:40:48 - [TEST_STEP][PASSED] - println(line): null

27-02-2025T17:40:48 - [TEST_STEP][PASSED] - group = line.indexOf("<Group>"): null

27-02-2025T17:40:48 - [TEST_STEP][PASSED] - println(group): null

27-02-2025T17:40:48 - [TEST_STEP][PASSED] - if (group >= 0): null

27-02-2025T17:40:48 - [TEST_STEP][PASSED] - else: null

27-02-2025T17:40:48 - [TEST_STEP][PASSED] - if (include): null

27-02-2025T17:40:48 - [TEST_STEP][PASSED] - println(line): null

27-02-2025T17:40:48 - [TEST_STEP][PASSED] - comma = line.indexOf(",y"): null

27-02-2025T17:40:48 - [TEST_STEP][PASSED] - if (comma > 0): null

27-02-2025T17:40:48 - [TEST_STEP][PASSED] - line = reader.readLine(): null

27-02-2025T17:40:48 - [TEST_STEP][PASSED] - println(line): null

27-02-2025T17:40:48 - [TEST_STEP][PASSED] - group = line.indexOf("<Group>"): null

27-02-2025T17:40:48 - [TEST_STEP][PASSED] - println(group): null

27-02-2025T17:40:48 - [TEST_STEP][PASSED] - if (group >= 0): null

27-02-2025T17:40:48 - [TEST_STEP][PASSED] - else: null

27-02-2025T17:40:48 - [TEST_STEP][PASSED] - if (include): null

27-02-2025T17:40:48 - [TEST_STEP][PASSED] - println(line): null

27-02-2025T17:40:48 - [TEST_STEP][PASSED] - comma = line.indexOf(",y"): null

27-02-2025T17:40:48 - [TEST_STEP][PASSED] - if (comma > 0): null

27-02-2025T17:40:48 - [TEST_STEP][PASSED] - line = reader.readLine(): null

27-02-2025T17:40:48 - [TEST_STEP][PASSED] - println(line): null

27-02-2025T17:40:48 - [TEST_STEP][PASSED] - group = line.indexOf("<Group>"): null

27-02-2025T17:40:48 - [TEST_STEP][PASSED] - println(group): null

27-02-2025T17:40:48 - [TEST_STEP][PASSED] - if (group >= 0): null

27-02-2025T17:40:48 - [TEST_STEP][PASSED] - else: null

27-02-2025T17:40:48 - [TEST_STEP][PASSED] - if (include): null

27-02-2025T17:40:48 - [TEST_STEP][PASSED] - println(line): null

27-02-2025T17:40:48 - [TEST_STEP][PASSED] - comma = line.indexOf(",y"): null

27-02-2025T17:40:48 - [TEST_STEP][PASSED] - if (comma > 0): null

27-02-2025T17:40:48 - [TEST_STEP][PASSED] - line = reader.readLine(): null

27-02-2025T17:40:48 - [TEST_STEP][PASSED] - println(line): null

27-02-2025T17:40:48 - [TEST_STEP][PASSED] - group = line.indexOf("<Group>"): null

27-02-2025T17:40:48 - [TEST_STEP][PASSED] - println(group): null

27-02-2025T17:40:48 - [TEST_STEP][PASSED] - if (group >= 0): null

27-02-2025T17:40:48 - [TEST_STEP][PASSED] - else: null

27-02-2025T17:40:48 - [TEST_STEP][PASSED] - if (include): null

27-02-2025T17:40:48 - [TEST_STEP][PASSED] - println(line): null

27-02-2025T17:40:48 - [TEST_STEP][PASSED] - comma = line.indexOf(",y"): null

27-02-2025T17:40:48 - [TEST_STEP][PASSED] - if (comma > 0): null

27-02-2025T17:40:48 - [TEST_STEP][PASSED] - line = reader.readLine(): null

27-02-2025T17:40:48 - [TEST_STEP][PASSED] - println(line): null

27-02-2025T17:40:48 - [TEST_STEP][PASSED] - group = line.indexOf("<Group>"): null

27-02-2025T17:40:48 - [TEST_STEP][PASSED] - println(group): null

27-02-2025T17:40:48 - [TEST_STEP][PASSED] - if (group >= 0): null

27-02-2025T17:40:48 - [TEST_STEP][PASSED] - else: null

27-02-2025T17:40:48 - [TEST_STEP][PASSED] - if (include): null

27-02-2025T17:40:48 - [TEST_STEP][PASSED] - println(line): null

27-02-2025T17:40:48 - [TEST_STEP][PASSED] - comma = line.indexOf(",y"): null

27-02-2025T17:40:48 - [TEST_STEP][PASSED] - if (comma > 0): null

27-02-2025T17:40:48 - [TEST_STEP][PASSED] - line = reader.readLine(): null

27-02-2025T17:40:48 - [TEST_STEP][PASSED] - println(line): null

27-02-2025T17:40:48 - [TEST_STEP][PASSED] - group = line.indexOf("<Group>"): null

27-02-2025T17:40:48 - [TEST_STEP][PASSED] - println(group): null

27-02-2025T17:40:48 - [TEST_STEP][PASSED] - if (group >= 0): null

27-02-2025T17:40:48 - [TEST_STEP][PASSED] - else: null

27-02-2025T17:40:48 - [TEST_STEP][PASSED] - if (include): null

27-02-2025T17:40:48 - [TEST_STEP][PASSED] - println(line): null

27-02-2025T17:40:48 - [TEST_STEP][PASSED] - comma = line.indexOf(",y"): null

27-02-2025T17:40:48 - [TEST_STEP][PASSED] - if (comma > 0): null

27-02-2025T17:40:48 - [TEST_STEP][PASSED] - line = reader.readLine(): null

27-02-2025T17:40:48 - [TEST_STEP][PASSED] - println(line): null

27-02-2025T17:40:48 - [TEST_STEP][PASSED] - group = line.indexOf("<Group>"): null

27-02-2025T17:40:48 - [TEST_STEP][PASSED] - println(group): null

27-02-2025T17:40:48 - [TEST_STEP][PASSED] - if (group >= 0): null

27-02-2025T17:40:48 - [TEST_STEP][PASSED] - else: null

27-02-2025T17:40:48 - [TEST_STEP][PASSED] - if (include): null

27-02-2025T17:40:48 - [TEST_STEP][PASSED] - println(line): null

27-02-2025T17:40:48 - [TEST_STEP][PASSED] - comma = line.indexOf(",y"): null

27-02-2025T17:40:48 - [TEST_STEP][PASSED] - if (comma > 0): null

27-02-2025T17:40:48 - [TEST_STEP][PASSED] - line = reader.readLine(): null

27-02-2025T17:40:48 - [TEST_STEP][PASSED] - println(line): null

27-02-2025T17:40:48 - [TEST_STEP][PASSED] - group = line.indexOf("<Group>"): null

27-02-2025T17:40:48 - [TEST_STEP][PASSED] - println(group): null

27-02-2025T17:40:48 - [TEST_STEP][PASSED] - if (group >= 0): null

27-02-2025T17:40:48 - [TEST_STEP][PASSED] - else: null

27-02-2025T17:40:48 - [TEST_STEP][PASSED] - if (include): null

27-02-2025T17:40:48 - [TEST_STEP][PASSED] - println(line): null

27-02-2025T17:40:48 - [TEST_STEP][PASSED] - comma = line.indexOf(",y"): null

27-02-2025T17:40:48 - [TEST_STEP][PASSED] - if (comma > 0): null

27-02-2025T17:40:48 - [TEST_STEP][PASSED] - line = reader.readLine(): null

27-02-2025T17:40:48 - [TEST_STEP][PASSED] - println(line): null

27-02-2025T17:40:48 - [TEST_STEP][PASSED] - group = line.indexOf("<Group>"): null

27-02-2025T17:40:48 - [TEST_STEP][PASSED] - println(group): null

27-02-2025T17:40:48 - [TEST_STEP][PASSED] - if (group >= 0): null

27-02-2025T17:40:48 - [TEST_STEP][PASSED] - else: null

27-02-2025T17:40:48 - [TEST_STEP][PASSED] - if (include): null

27-02-2025T17:40:48 - [TEST_STEP][PASSED] - println(line): null

27-02-2025T17:40:48 - [TEST_STEP][PASSED] - comma = line.indexOf(",y"): null

27-02-2025T17:40:48 - [TEST_STEP][PASSED] - if (comma > 0): null

27-02-2025T17:40:48 - [TEST_STEP][PASSED] - line = reader.readLine(): null

27-02-2025T17:40:48 - [TEST_STEP][PASSED] - println(line): null

27-02-2025T17:40:48 - [TEST_STEP][PASSED] - group = line.indexOf("<Group>"): null

27-02-2025T17:40:48 - [TEST_STEP][PASSED] - println(group): null

27-02-2025T17:40:48 - [TEST_STEP][PASSED] - if (group >= 0): null

27-02-2025T17:40:48 - [TEST_STEP][PASSED] - else: null

27-02-2025T17:40:48 - [TEST_STEP][PASSED] - if (include): null

27-02-2025T17:40:48 - [TEST_STEP][PASSED] - println(line): null

27-02-2025T17:40:48 - [TEST_STEP][PASSED] - comma = line.indexOf(",y"): null

27-02-2025T17:40:48 - [TEST_STEP][PASSED] - if (comma > 0): null

27-02-2025T17:40:48 - [TEST_STEP][PASSED] - line = reader.readLine(): null

27-02-2025T17:40:48 - [TEST_STEP][PASSED] - println(line): null

27-02-2025T17:40:48 - [TEST_STEP][PASSED] - group = line.indexOf("<Group>"): null

27-02-2025T17:40:48 - [TEST_STEP][PASSED] - println(group): null

27-02-2025T17:40:48 - [TEST_STEP][PASSED] - if (group >= 0): null

27-02-2025T17:40:48 - [TEST_STEP][PASSED] - else: null

27-02-2025T17:40:48 - [TEST_STEP][PASSED] - if (include): null

27-02-2025T17:40:48 - [TEST_STEP][PASSED] - println(line): null

27-02-2025T17:40:48 - [TEST_STEP][PASSED] - comma = line.indexOf(",y"): null

27-02-2025T17:40:48 - [TEST_STEP][PASSED] - if (comma > 0): null

27-02-2025T17:40:48 - [TEST_STEP][PASSED] - line = reader.readLine(): null

27-02-2025T17:40:48 - [TEST_STEP][PASSED] - println(line): null

27-02-2025T17:40:48 - [TEST_STEP][PASSED] - group = line.indexOf("<Group>"): null

27-02-2025T17:40:48 - [TEST_STEP][PASSED] - println(group): null

27-02-2025T17:40:48 - [TEST_STEP][PASSED] - if (group >= 0): null

27-02-2025T17:40:48 - [TEST_STEP][PASSED] - else: null

27-02-2025T17:40:48 - [TEST_STEP][PASSED] - if (include): null

27-02-2025T17:40:48 - [TEST_STEP][PASSED] - println(line): null

27-02-2025T17:40:48 - [TEST_STEP][PASSED] - comma = line.indexOf(",y"): null

27-02-2025T17:40:48 - [TEST_STEP][PASSED] - if (comma > 0): null

27-02-2025T17:40:48 - [TEST_STEP][PASSED] - line = reader.readLine(): null

27-02-2025T17:40:48 - [TEST_STEP][PASSED] - println(line): null

27-02-2025T17:40:48 - [TEST_STEP][PASSED] - group = line.indexOf("<Group>"): null

27-02-2025T17:40:48 - [TEST_STEP][PASSED] - println(group): null

27-02-2025T17:40:48 - [TEST_STEP][PASSED] - if (group >= 0): null

27-02-2025T17:40:48 - [TEST_STEP][PASSED] - else: null

27-02-2025T17:40:48 - [TEST_STEP][PASSED] - if (include): null

27-02-2025T17:40:48 - [TEST_STEP][PASSED] - println(line): null

27-02-2025T17:40:48 - [TEST_STEP][PASSED] - comma = line.indexOf(",y"): null

27-02-2025T17:40:48 - [TEST_STEP][PASSED] - if (comma > 0): null

27-02-2025T17:40:48 - [TEST_STEP][PASSED] - line = reader.readLine(): null

27-02-2025T17:40:48 - [TEST_STEP][PASSED] - println(line): null

27-02-2025T17:40:48 - [TEST_STEP][PASSED] - group = line.indexOf("<Group>"): null

27-02-2025T17:40:48 - [TEST_STEP][PASSED] - println(group): null

27-02-2025T17:40:48 - [TEST_STEP][PASSED] - if (group >= 0): null

27-02-2025T17:40:48 - [TEST_STEP][PASSED] - else: null

27-02-2025T17:40:48 - [TEST_STEP][PASSED] - if (include): null

27-02-2025T17:40:48 - [TEST_STEP][PASSED] - println(line): null

27-02-2025T17:40:48 - [TEST_STEP][PASSED] - comma = line.indexOf(",y"): null

27-02-2025T17:40:48 - [TEST_STEP][PASSED] - if (comma > 0): null

27-02-2025T17:40:48 - [TEST_STEP][PASSED] - line = reader.readLine(): null

27-02-2025T17:40:48 - [TEST_STEP][PASSED] - println(line): null

27-02-2025T17:40:48 - [TEST_STEP][PASSED] - group = line.indexOf("<Group>"): null

27-02-2025T17:40:48 - [TEST_STEP][PASSED] - println(group): null

27-02-2025T17:40:48 - [TEST_STEP][PASSED] - if (group >= 0): null

27-02-2025T17:40:48 - [TEST_STEP][PASSED] - else: null

27-02-2025T17:40:48 - [TEST_STEP][PASSED] - if (include): null

27-02-2025T17:40:48 - [TEST_STEP][PASSED] - println(line): null

27-02-2025T17:40:48 - [TEST_STEP][PASSED] - comma = line.indexOf(",y"): null

27-02-2025T17:40:48 - [TEST_STEP][PASSED] - if (comma > 0): null

27-02-2025T17:40:48 - [TEST_STEP][PASSED] - line = reader.readLine(): null

27-02-2025T17:40:48 - [TEST_STEP][PASSED] - println(line): null

27-02-2025T17:40:48 - [TEST_STEP][PASSED] - group = line.indexOf("<Group>"): null

27-02-2025T17:40:48 - [TEST_STEP][PASSED] - println(group): null

27-02-2025T17:40:48 - [TEST_STEP][PASSED] - if (group >= 0): null

27-02-2025T17:40:48 - [TEST_STEP][PASSED] - else: null

27-02-2025T17:40:48 - [TEST_STEP][PASSED] - if (include): null

27-02-2025T17:40:48 - [TEST_STEP][PASSED] - println(line): null

27-02-2025T17:40:48 - [TEST_STEP][PASSED] - comma = line.indexOf(",y"): null

27-02-2025T17:40:48 - [TEST_STEP][PASSED] - if (comma > 0): null

27-02-2025T17:40:48 - [TEST_STEP][PASSED] - line = reader.readLine(): null

27-02-2025T17:40:48 - [TEST_STEP][PASSED] - println(line): null

27-02-2025T17:40:48 - [TEST_STEP][PASSED] - group = line.indexOf("<Group>"): null

27-02-2025T17:40:48 - [TEST_STEP][PASSED] - println(group): null

27-02-2025T17:40:48 - [TEST_STEP][PASSED] - if (group >= 0): null

27-02-2025T17:40:48 - [TEST_STEP][PASSED] - else: null

27-02-2025T17:40:48 - [TEST_STEP][PASSED] - if (include): null

27-02-2025T17:40:48 - [TEST_STEP][PASSED] - println(line): null

27-02-2025T17:40:48 - [TEST_STEP][PASSED] - comma = line.indexOf(",y"): null

27-02-2025T17:40:48 - [TEST_STEP][PASSED] - if (comma > 0): null

27-02-2025T17:40:48 - [TEST_STEP][PASSED] - line = reader.readLine(): null

27-02-2025T17:40:48 - [TEST_STEP][PASSED] - println(line): null

27-02-2025T17:40:48 - [TEST_STEP][PASSED] - group = line.indexOf("<Group>"): null

27-02-2025T17:40:48 - [TEST_STEP][PASSED] - println(group): null

27-02-2025T17:40:48 - [TEST_STEP][PASSED] - if (group >= 0): null

27-02-2025T17:40:48 - [TEST_STEP][PASSED] - else: null

27-02-2025T17:40:48 - [TEST_STEP][PASSED] - if (include): null

27-02-2025T17:40:48 - [TEST_STEP][PASSED] - println(line): null

27-02-2025T17:40:48 - [TEST_STEP][PASSED] - comma = line.indexOf(",y"): null

27-02-2025T17:40:48 - [TEST_STEP][PASSED] - if (comma > 0): null

27-02-2025T17:40:48 - [TEST_STEP][PASSED] - line = reader.readLine(): null

27-02-2025T17:40:48 - [TEST_STEP][PASSED] - println(line): null

27-02-2025T17:40:48 - [TEST_STEP][PASSED] - group = line.indexOf("<Group>"): null

27-02-2025T17:40:48 - [TEST_STEP][PASSED] - println(group): null

27-02-2025T17:40:48 - [TEST_STEP][PASSED] - if (group >= 0): null

27-02-2025T17:40:48 - [TEST_STEP][PASSED] - else: null

27-02-2025T17:40:48 - [TEST_STEP][PASSED] - if (include): null

27-02-2025T17:40:48 - [TEST_STEP][PASSED] - println(line): null

27-02-2025T17:40:48 - [TEST_STEP][PASSED] - comma = line.indexOf(",y"): null

27-02-2025T17:40:48 - [TEST_STEP][PASSED] - if (comma > 0): null

27-02-2025T17:40:48 - [TEST_STEP][PASSED] - line = reader.readLine(): null

27-02-2025T17:40:48 - [TEST_STEP][PASSED] - println(line): null

27-02-2025T17:40:48 - [TEST_STEP][PASSED] - group = line.indexOf("<Group>"): null

27-02-2025T17:40:48 - [TEST_STEP][PASSED] - println(group): null

27-02-2025T17:40:48 - [TEST_STEP][PASSED] - if (group >= 0): null

27-02-2025T17:40:48 - [TEST_STEP][PASSED] - else: null

27-02-2025T17:40:48 - [TEST_STEP][PASSED] - if (include): null

27-02-2025T17:40:48 - [TEST_STEP][PASSED] - println(line): null

27-02-2025T17:40:48 - [TEST_STEP][PASSED] - comma = line.indexOf(",y"): null

27-02-2025T17:40:48 - [TEST_STEP][PASSED] - if (comma > 0): null

27-02-2025T17:40:48 - [TEST_STEP][PASSED] - line = reader.readLine(): null

27-02-2025T17:40:48 - [TEST_STEP][PASSED] - println(line): null

27-02-2025T17:40:48 - [TEST_STEP][PASSED] - group = line.indexOf("<Group>"): null

27-02-2025T17:40:48 - [TEST_STEP][PASSED] - println(group): null

27-02-2025T17:40:48 - [TEST_STEP][PASSED] - if (group >= 0): null

27-02-2025T17:40:48 - [TEST_STEP][PASSED] - else: null

27-02-2025T17:40:48 - [TEST_STEP][PASSED] - if (include): null

27-02-2025T17:40:48 - [TEST_STEP][PASSED] - println(line): null

27-02-2025T17:40:48 - [TEST_STEP][PASSED] - comma = line.indexOf(",y"): null

27-02-2025T17:40:48 - [TEST_STEP][PASSED] - if (comma > 0): null

27-02-2025T17:40:48 - [TEST_STEP][PASSED] - commaCount = StringUtils.countMatches(line, ","): null

27-02-2025T17:40:48 - [TEST_STEP][PASSED] - if (commaCount > 1): null

27-02-2025T17:40:48 - [TEST_STEP][PASSED] - else: null

27-02-2025T17:40:48 - [TEST_STEP][PASSED] - label = line.substring(1, comma): null

27-02-2025T17:40:48 - [TEST_STEP][PASSED] - println(label): null

27-02-2025T17:40:48 - [TEST_STEP][PASSED] - checked.add(label): null

27-02-2025T17:40:48 - [TEST_STEP][PASSED] - line = reader.readLine(): null

27-02-2025T17:40:48 - [TEST_STEP][PASSED] - println(line): null

27-02-2025T17:40:48 - [TEST_STEP][PASSED] - group = line.indexOf("<Group>"): null

27-02-2025T17:40:48 - [TEST_STEP][PASSED] - println(group): null

27-02-2025T17:40:48 - [TEST_STEP][PASSED] - if (group >= 0): null

27-02-2025T17:40:48 - [TEST_STEP][PASSED] - else: null

27-02-2025T17:40:48 - [TEST_STEP][PASSED] - if (include): null

27-02-2025T17:40:48 - [TEST_STEP][PASSED] - println(line): null

27-02-2025T17:40:48 - [TEST_STEP][PASSED] - comma = line.indexOf(",y"): null

27-02-2025T17:40:48 - [TEST_STEP][PASSED] - if (comma > 0): null

27-02-2025T17:40:48 - [TEST_STEP][PASSED] - commaCount = StringUtils.countMatches(line, ","): null

27-02-2025T17:40:48 - [TEST_STEP][PASSED] - if (commaCount > 1): null

27-02-2025T17:40:48 - [TEST_STEP][PASSED] - else: null

27-02-2025T17:40:48 - [TEST_STEP][PASSED] - label = line.substring(1, comma): null

27-02-2025T17:40:48 - [TEST_STEP][PASSED] - println(label): null

27-02-2025T17:40:48 - [TEST_STEP][PASSED] - checked.add(label): null

27-02-2025T17:40:48 - [TEST_STEP][PASSED] - line = reader.readLine(): null

27-02-2025T17:40:48 - [TEST_STEP][PASSED] - println(line): null

27-02-2025T17:40:48 - [TEST_STEP][PASSED] - group = line.indexOf("<Group>"): null

27-02-2025T17:40:48 - [TEST_STEP][PASSED] - println(group): null

27-02-2025T17:40:48 - [TEST_STEP][PASSED] - if (group >= 0): null

27-02-2025T17:40:48 - [TEST_STEP][PASSED] - else: null

27-02-2025T17:40:48 - [TEST_STEP][PASSED] - if (include): null

27-02-2025T17:40:48 - [TEST_STEP][PASSED] - println(line): null

27-02-2025T17:40:48 - [TEST_STEP][PASSED] - comma = line.indexOf(",y"): null

27-02-2025T17:40:48 - [TEST_STEP][PASSED] - if (comma > 0): null

27-02-2025T17:40:48 - [TEST_STEP][PASSED] - commaCount = StringUtils.countMatches(line, ","): null

27-02-2025T17:40:48 - [TEST_STEP][PASSED] - if (commaCount > 1): null

27-02-2025T17:40:48 - [TEST_STEP][PASSED] - else: null

27-02-2025T17:40:48 - [TEST_STEP][PASSED] - label = line.substring(1, comma): null

27-02-2025T17:40:48 - [TEST_STEP][PASSED] - println(label): null

27-02-2025T17:40:48 - [TEST_STEP][PASSED] - checked.add(label): null

27-02-2025T17:40:48 - [TEST_STEP][PASSED] - line = reader.readLine(): null

27-02-2025T17:40:48 - [TEST_STEP][PASSED] - println(line): null

27-02-2025T17:40:48 - [TEST_STEP][PASSED] - group = line.indexOf("<Group>"): null

27-02-2025T17:40:48 - [TEST_STEP][PASSED] - println(group): null

27-02-2025T17:40:48 - [TEST_STEP][PASSED] - if (group >= 0): null

27-02-2025T17:40:48 - [TEST_STEP][PASSED] - else: null

27-02-2025T17:40:48 - [TEST_STEP][PASSED] - if (include): null

27-02-2025T17:40:48 - [TEST_STEP][PASSED] - println(line): null

27-02-2025T17:40:48 - [TEST_STEP][PASSED] - comma = line.indexOf(",y"): null

27-02-2025T17:40:48 - [TEST_STEP][PASSED] - if (comma > 0): null

27-02-2025T17:40:48 - [TEST_STEP][PASSED] - line = reader.readLine(): null

27-02-2025T17:40:48 - [TEST_STEP][PASSED] - println(line): null

27-02-2025T17:40:48 - [TEST_STEP][PASSED] - group = line.indexOf("<Group>"): null

27-02-2025T17:40:48 - [TEST_STEP][PASSED] - println(group): null

27-02-2025T17:40:48 - [TEST_STEP][PASSED] - if (group >= 0): null

27-02-2025T17:40:48 - [TEST_STEP][PASSED] - else: null

27-02-2025T17:40:48 - [TEST_STEP][PASSED] - if (include): null

27-02-2025T17:40:48 - [TEST_STEP][PASSED] - println(line): null

27-02-2025T17:40:48 - [TEST_STEP][PASSED] - comma = line.indexOf(",y"): null

27-02-2025T17:40:48 - [TEST_STEP][PASSED] - if (comma > 0): null

27-02-2025T17:40:48 - [TEST_STEP][PASSED] - commaCount = StringUtils.countMatches(line, ","): null

27-02-2025T17:40:48 - [TEST_STEP][PASSED] - if (commaCount > 1): null

27-02-2025T17:40:48 - [TEST_STEP][PASSED] - else: null

27-02-2025T17:40:48 - [TEST_STEP][PASSED] - label = line.substring(1, comma): null

27-02-2025T17:40:48 - [TEST_STEP][PASSED] - println(label): null

27-02-2025T17:40:48 - [TEST_STEP][PASSED] - checked.add(label): null

27-02-2025T17:40:48 - [TEST_STEP][PASSED] - line = reader.readLine(): null

27-02-2025T17:40:48 - [TEST_STEP][PASSED] - println(line): null

27-02-2025T17:40:48 - [TEST_STEP][PASSED] - group = line.indexOf("<Group>"): null

27-02-2025T17:40:48 - [TEST_STEP][PASSED] - println(group): null

27-02-2025T17:40:48 - [TEST_STEP][PASSED] - if (group >= 0): null

27-02-2025T17:40:48 - [TEST_STEP][PASSED] - else: null

27-02-2025T17:40:48 - [TEST_STEP][PASSED] - if (include): null

27-02-2025T17:40:48 - [TEST_STEP][PASSED] - println(line): null

27-02-2025T17:40:48 - [TEST_STEP][PASSED] - comma = line.indexOf(",y"): null

27-02-2025T17:40:48 - [TEST_STEP][PASSED] - if (comma > 0): null

27-02-2025T17:40:48 - [TEST_STEP][PASSED] - line = reader.readLine(): null

27-02-2025T17:40:48 - [TEST_STEP][PASSED] - println(line): null

27-02-2025T17:40:48 - [TEST_STEP][PASSED] - group = line.indexOf("<Group>"): null

27-02-2025T17:40:48 - [TEST_STEP][PASSED] - println(group): null

27-02-2025T17:40:48 - [TEST_STEP][PASSED] - if (group >= 0): null

27-02-2025T17:40:48 - [TEST_STEP][PASSED] - else: null

27-02-2025T17:40:48 - [TEST_STEP][PASSED] - if (include): null

27-02-2025T17:40:48 - [TEST_STEP][PASSED] - println(line): null

27-02-2025T17:40:48 - [TEST_STEP][PASSED] - comma = line.indexOf(",y"): null

27-02-2025T17:40:48 - [TEST_STEP][PASSED] - if (comma > 0): null

27-02-2025T17:40:48 - [TEST_STEP][PASSED] - line = reader.readLine(): null

27-02-2025T17:40:48 - [TEST_STEP][PASSED] - println(line): null

27-02-2025T17:40:48 - [TEST_STEP][PASSED] - group = line.indexOf("<Group>"): null

27-02-2025T17:40:48 - [TEST_STEP][PASSED] - println(group): null

27-02-2025T17:40:48 - [TEST_STEP][PASSED] - if (group >= 0): null

27-02-2025T17:40:48 - [TEST_STEP][PASSED] - else: null

27-02-2025T17:40:48 - [TEST_STEP][PASSED] - if (include): null

27-02-2025T17:40:48 - [TEST_STEP][PASSED] - println(line): null

27-02-2025T17:40:48 - [TEST_STEP][PASSED] - comma = line.indexOf(",y"): null

27-02-2025T17:40:48 - [TEST_STEP][PASSED] - if (comma > 0): null

27-02-2025T17:40:48 - [TEST_STEP][PASSED] - line = reader.readLine(): null

27-02-2025T17:40:48 - [TEST_STEP][PASSED] - println(line): null

27-02-2025T17:40:48 - [TEST_STEP][PASSED] - group = line.indexOf("<Group>"): null

27-02-2025T17:40:48 - [TEST_STEP][PASSED] - println(group): null

27-02-2025T17:40:48 - [TEST_STEP][PASSED] - if (group >= 0): null

27-02-2025T17:40:48 - [TEST_STEP][PASSED] - else: null

27-02-2025T17:40:48 - [TEST_STEP][PASSED] - if (include): null

27-02-2025T17:40:48 - [TEST_STEP][PASSED] - println(line): null

27-02-2025T17:40:48 - [TEST_STEP][PASSED] - comma = line.indexOf(",y"): null

27-02-2025T17:40:48 - [TEST_STEP][PASSED] - if (comma > 0): null

27-02-2025T17:40:48 - [TEST_STEP][PASSED] - commaCount = StringUtils.countMatches(line, ","): null

27-02-2025T17:40:48 - [TEST_STEP][PASSED] - if (commaCount > 1): null

27-02-2025T17:40:48 - [TEST_STEP][PASSED] - else: null

27-02-2025T17:40:48 - [TEST_STEP][PASSED] - label = line.substring(1, comma): null

27-02-2025T17:40:48 - [TEST_STEP][PASSED] - println(label): null

27-02-2025T17:40:48 - [TEST_STEP][PASSED] - checked.add(label): null

27-02-2025T17:40:48 - [TEST_STEP][PASSED] - line = reader.readLine(): null

27-02-2025T17:40:48 - [TEST_STEP][PASSED] - println(line): null

27-02-2025T17:40:48 - [TEST_STEP][PASSED] - group = line.indexOf("<Group>"): null

27-02-2025T17:40:48 - [TEST_STEP][PASSED] - println(group): null

27-02-2025T17:40:48 - [TEST_STEP][PASSED] - if (group >= 0): null

27-02-2025T17:40:48 - [TEST_STEP][PASSED] - else: null

27-02-2025T17:40:48 - [TEST_STEP][PASSED] - if (include): null

27-02-2025T17:40:48 - [TEST_STEP][PASSED] - println(line): null

27-02-2025T17:40:48 - [TEST_STEP][PASSED] - comma = line.indexOf(",y"): null

27-02-2025T17:40:48 - [TEST_STEP][PASSED] - if (comma > 0): null

27-02-2025T17:40:48 - [TEST_STEP][PASSED] - commaCount = StringUtils.countMatches(line, ","): null

27-02-2025T17:40:48 - [TEST_STEP][PASSED] - if (commaCount > 1): null

27-02-2025T17:40:48 - [TEST_STEP][PASSED] - else: null

27-02-2025T17:40:48 - [TEST_STEP][PASSED] - label = line.substring(1, comma): null

27-02-2025T17:40:48 - [TEST_STEP][PASSED] - println(label): null

27-02-2025T17:40:48 - [TEST_STEP][PASSED] - checked.add(label): null

27-02-2025T17:40:48 - [TEST_STEP][PASSED] - line = reader.readLine(): null

27-02-2025T17:40:48 - [TEST_STEP][PASSED] - println(line): null

27-02-2025T17:40:48 - [TEST_STEP][PASSED] - group = line.indexOf("<Group>"): null

27-02-2025T17:40:48 - [TEST_STEP][PASSED] - println(group): null

27-02-2025T17:40:48 - [TEST_STEP][PASSED] - if (group >= 0): null

27-02-2025T17:40:48 - [TEST_STEP][PASSED] - else: null

27-02-2025T17:40:48 - [TEST_STEP][PASSED] - if (include): null

27-02-2025T17:40:48 - [TEST_STEP][PASSED] - println(line): null

27-02-2025T17:40:48 - [TEST_STEP][PASSED] - comma = line.indexOf(",y"): null

27-02-2025T17:40:48 - [TEST_STEP][PASSED] - if (comma > 0): null

27-02-2025T17:40:48 - [TEST_STEP][PASSED] - line = reader.readLine(): null

27-02-2025T17:40:48 - [TEST_STEP][PASSED] - println(line): null

27-02-2025T17:40:48 - [TEST_STEP][PASSED] - group = line.indexOf("<Group>"): null

27-02-2025T17:40:48 - [TEST_STEP][PASSED] - println(group): null

27-02-2025T17:40:48 - [TEST_STEP][PASSED] - if (group >= 0): null

27-02-2025T17:40:48 - [TEST_STEP][PASSED] - else: null

27-02-2025T17:40:48 - [TEST_STEP][PASSED] - if (include): null

27-02-2025T17:40:48 - [TEST_STEP][PASSED] - println(line): null

27-02-2025T17:40:48 - [TEST_STEP][PASSED] - comma = line.indexOf(",y"): null

27-02-2025T17:40:48 - [TEST_STEP][PASSED] - if (comma > 0): null

27-02-2025T17:40:48 - [TEST_STEP][PASSED] - line = reader.readLine(): null

27-02-2025T17:40:48 - [TEST_STEP][PASSED] - println(line): null

27-02-2025T17:40:48 - [TEST_STEP][PASSED] - group = line.indexOf("<Group>"): null

27-02-2025T17:40:48 - [TEST_STEP][PASSED] - println(group): null

27-02-2025T17:40:48 - [TEST_STEP][PASSED] - if (group >= 0): null

27-02-2025T17:40:48 - [TEST_STEP][PASSED] - else: null

27-02-2025T17:40:48 - [TEST_STEP][PASSED] - if (include): null

27-02-2025T17:40:48 - [TEST_STEP][PASSED] - println(line): null

27-02-2025T17:40:48 - [TEST_STEP][PASSED] - comma = line.indexOf(",y"): null

27-02-2025T17:40:48 - [TEST_STEP][PASSED] - if (comma > 0): null

27-02-2025T17:40:48 - [TEST_STEP][PASSED] - commaCount = StringUtils.countMatches(line, ","): null

27-02-2025T17:40:48 - [TEST_STEP][PASSED] - if (commaCount > 1): null

27-02-2025T17:40:48 - [TEST_STEP][PASSED] - else: null

27-02-2025T17:40:48 - [TEST_STEP][PASSED] - label = line.substring(1, comma): null

27-02-2025T17:40:48 - [TEST_STEP][PASSED] - println(label): null

27-02-2025T17:40:48 - [TEST_STEP][PASSED] - checked.add(label): null

27-02-2025T17:40:48 - [TEST_STEP][PASSED] - line = reader.readLine(): null

27-02-2025T17:40:48 - [TEST_STEP][PASSED] - println(line): null

27-02-2025T17:40:48 - [TEST_STEP][PASSED] - group = line.indexOf("<Group>"): null

27-02-2025T17:40:48 - [TEST_STEP][PASSED] - println(group): null

27-02-2025T17:40:48 - [TEST_STEP][PASSED] - if (group >= 0): null

27-02-2025T17:40:48 - [TEST_STEP][PASSED] - else: null

27-02-2025T17:40:48 - [TEST_STEP][PASSED] - if (include): null

27-02-2025T17:40:48 - [TEST_STEP][PASSED] - println(line): null

27-02-2025T17:40:48 - [TEST_STEP][PASSED] - comma = line.indexOf(",y"): null

27-02-2025T17:40:48 - [TEST_STEP][PASSED] - if (comma > 0): null

27-02-2025T17:40:48 - [TEST_STEP][PASSED] - commaCount = StringUtils.countMatches(line, ","): null

27-02-2025T17:40:48 - [TEST_STEP][PASSED] - if (commaCount > 1): null

27-02-2025T17:40:48 - [TEST_STEP][PASSED] - else: null

27-02-2025T17:40:48 - [TEST_STEP][PASSED] - label = line.substring(1, comma): null

27-02-2025T17:40:48 - [TEST_STEP][PASSED] - println(label): null

27-02-2025T17:40:48 - [TEST_STEP][PASSED] - checked.add(label): null

27-02-2025T17:40:48 - [TEST_STEP][PASSED] - line = reader.readLine(): null

27-02-2025T17:40:48 - [TEST_STEP][PASSED] - println(line): null

27-02-2025T17:40:48 - [TEST_STEP][PASSED] - group = line.indexOf("<Group>"): null

27-02-2025T17:40:48 - [TEST_STEP][PASSED] - println(group): null

27-02-2025T17:40:48 - [TEST_STEP][PASSED] - if (group >= 0): null

27-02-2025T17:40:48 - [TEST_STEP][PASSED] - else: null

27-02-2025T17:40:48 - [TEST_STEP][PASSED] - if (include): null

27-02-2025T17:40:48 - [TEST_STEP][PASSED] - println(line): null

27-02-2025T17:40:48 - [TEST_STEP][PASSED] - comma = line.indexOf(",y"): null

27-02-2025T17:40:48 - [TEST_STEP][PASSED] - if (comma > 0): null

27-02-2025T17:40:48 - [TEST_STEP][PASSED] - line = reader.readLine(): null

27-02-2025T17:40:48 - [TEST_STEP][PASSED] - println(line): null

27-02-2025T17:40:48 - [TEST_STEP][PASSED] - group = line.indexOf("<Group>"): null

27-02-2025T17:40:48 - [TEST_STEP][PASSED] - println(group): null

27-02-2025T17:40:48 - [TEST_STEP][PASSED] - if (group >= 0): null

27-02-2025T17:40:48 - [TEST_STEP][PASSED] - else: null

27-02-2025T17:40:48 - [TEST_STEP][PASSED] - if (include): null

27-02-2025T17:40:48 - [TEST_STEP][PASSED] - println(line): null

27-02-2025T17:40:48 - [TEST_STEP][PASSED] - comma = line.indexOf(",y"): null

27-02-2025T17:40:48 - [TEST_STEP][PASSED] - if (comma > 0): null

27-02-2025T17:40:48 - [TEST_STEP][PASSED] - line = reader.readLine(): null

27-02-2025T17:40:48 - [TEST_STEP][PASSED] - println(line): null

27-02-2025T17:40:48 - [TEST_STEP][PASSED] - group = line.indexOf("<Group>"): null

27-02-2025T17:40:48 - [TEST_STEP][PASSED] - println(group): null

27-02-2025T17:40:48 - [TEST_STEP][PASSED] - if (group >= 0): null

27-02-2025T17:40:48 - [TEST_STEP][PASSED] - else: null

27-02-2025T17:40:48 - [TEST_STEP][PASSED] - if (include): null

27-02-2025T17:40:48 - [TEST_STEP][PASSED] - println(line): null

27-02-2025T17:40:48 - [TEST_STEP][PASSED] - comma = line.indexOf(",y"): null

27-02-2025T17:40:48 - [TEST_STEP][PASSED] - if (comma > 0): null

27-02-2025T17:40:48 - [TEST_STEP][PASSED] - line = reader.readLine(): null

27-02-2025T17:40:48 - [TEST_STEP][PASSED] - println(line): null

27-02-2025T17:40:48 - [TEST_STEP][PASSED] - group = line.indexOf("<Group>"): null

27-02-2025T17:40:48 - [TEST_STEP][PASSED] - println(group): null

27-02-2025T17:40:48 - [TEST_STEP][PASSED] - if (group >= 0): null

27-02-2025T17:40:48 - [TEST_STEP][PASSED] - else: null

27-02-2025T17:40:48 - [TEST_STEP][PASSED] - if (include): null

27-02-2025T17:40:48 - [TEST_STEP][PASSED] - println(line): null

27-02-2025T17:40:48 - [TEST_STEP][PASSED] - comma = line.indexOf(",y"): null

27-02-2025T17:40:48 - [TEST_STEP][PASSED] - if (comma > 0): null

27-02-2025T17:40:48 - [TEST_STEP][PASSED] - line = reader.readLine(): null

27-02-2025T17:40:48 - [TEST_STEP][PASSED] - println(line): null

27-02-2025T17:40:48 - [TEST_STEP][PASSED] - group = line.indexOf("<Group>"): null

27-02-2025T17:40:48 - [TEST_STEP][PASSED] - println(group): null

27-02-2025T17:40:48 - [TEST_STEP][PASSED] - if (group >= 0): null

27-02-2025T17:40:48 - [TEST_STEP][PASSED] - else: null

27-02-2025T17:40:48 - [TEST_STEP][PASSED] - if (include): null

27-02-2025T17:40:48 - [TEST_STEP][PASSED] - println(line): null

27-02-2025T17:40:48 - [TEST_STEP][PASSED] - comma = line.indexOf(",y"): null

27-02-2025T17:40:48 - [TEST_STEP][PASSED] - if (comma > 0): null

27-02-2025T17:40:48 - [TEST_STEP][PASSED] - line = reader.readLine(): null

27-02-2025T17:40:48 - [TEST_STEP][PASSED] - println(line): null

27-02-2025T17:40:48 - [TEST_STEP][PASSED] - group = line.indexOf("<Group>"): null

27-02-2025T17:40:48 - [TEST_STEP][PASSED] - println(group): null

27-02-2025T17:40:48 - [TEST_STEP][PASSED] - if (group >= 0): null

27-02-2025T17:40:48 - [TEST_STEP][PASSED] - else: null

27-02-2025T17:40:48 - [TEST_STEP][PASSED] - if (include): null

27-02-2025T17:40:48 - [TEST_STEP][PASSED] - println(line): null

27-02-2025T17:40:48 - [TEST_STEP][PASSED] - comma = line.indexOf(",y"): null

27-02-2025T17:40:48 - [TEST_STEP][PASSED] - if (comma > 0): null

27-02-2025T17:40:48 - [TEST_STEP][PASSED] - line = reader.readLine(): null

27-02-2025T17:40:48 - [TEST_STEP][PASSED] - println(line): null

27-02-2025T17:40:48 - [TEST_STEP][PASSED] - group = line.indexOf("<Group>"): null

27-02-2025T17:40:48 - [TEST_STEP][PASSED] - println(group): null

27-02-2025T17:40:48 - [TEST_STEP][PASSED] - if (group >= 0): null

27-02-2025T17:40:48 - [TEST_STEP][PASSED] - else: null

27-02-2025T17:40:48 - [TEST_STEP][PASSED] - if (include): null

27-02-2025T17:40:48 - [TEST_STEP][PASSED] - println(line): null

27-02-2025T17:40:48 - [TEST_STEP][PASSED] - comma = line.indexOf(",y"): null

27-02-2025T17:40:48 - [TEST_STEP][PASSED] - if (comma > 0): null

27-02-2025T17:40:48 - [TEST_STEP][PASSED] - line = reader.readLine(): null

27-02-2025T17:40:48 - [TEST_STEP][PASSED] - println(line): null

27-02-2025T17:40:48 - [TEST_STEP][PASSED] - group = line.indexOf("<Group>"): null

27-02-2025T17:40:48 - [TEST_STEP][PASSED] - println(group): null

27-02-2025T17:40:48 - [TEST_STEP][PASSED] - if (group >= 0): null

27-02-2025T17:40:48 - [TEST_STEP][PASSED] - else: null

27-02-2025T17:40:48 - [TEST_STEP][PASSED] - if (include): null

27-02-2025T17:40:48 - [TEST_STEP][PASSED] - println(line): null

27-02-2025T17:40:48 - [TEST_STEP][PASSED] - comma = line.indexOf(",y"): null

27-02-2025T17:40:48 - [TEST_STEP][PASSED] - if (comma > 0): null

27-02-2025T17:40:48 - [TEST_STEP][PASSED] - line = reader.readLine(): null

27-02-2025T17:40:48 - [TEST_STEP][PASSED] - println(line): null

27-02-2025T17:40:48 - [TEST_STEP][PASSED] - group = line.indexOf("<Group>"): null

27-02-2025T17:40:48 - [TEST_STEP][PASSED] - println(group): null

27-02-2025T17:40:48 - [TEST_STEP][PASSED] - if (group >= 0): null

27-02-2025T17:40:48 - [TEST_STEP][PASSED] - else: null

27-02-2025T17:40:48 - [TEST_STEP][PASSED] - if (include): null

27-02-2025T17:40:48 - [TEST_STEP][PASSED] - println(line): null

27-02-2025T17:40:48 - [TEST_STEP][PASSED] - comma = line.indexOf(",y"): null

27-02-2025T17:40:48 - [TEST_STEP][PASSED] - if (comma > 0): null

27-02-2025T17:40:48 - [TEST_STEP][PASSED] - line = reader.readLine(): null

27-02-2025T17:40:48 - [TEST_STEP][PASSED] - println(line): null

27-02-2025T17:40:48 - [TEST_STEP][PASSED] - group = line.indexOf("<Group>"): null

27-02-2025T17:40:48 - [TEST_STEP][PASSED] - println(group): null

27-02-2025T17:40:48 - [TEST_STEP][PASSED] - if (group >= 0): null

27-02-2025T17:40:48 - [TEST_STEP][PASSED] - else: null

27-02-2025T17:40:48 - [TEST_STEP][PASSED] - if (include): null

27-02-2025T17:40:48 - [TEST_STEP][PASSED] - println(line): null

27-02-2025T17:40:48 - [TEST_STEP][PASSED] - comma = line.indexOf(",y"): null

27-02-2025T17:40:48 - [TEST_STEP][PASSED] - if (comma > 0): null

27-02-2025T17:40:48 - [TEST_STEP][PASSED] - line = reader.readLine(): null

27-02-2025T17:40:48 - [TEST_STEP][PASSED] - println(line): null

27-02-2025T17:40:48 - [TEST_STEP][PASSED] - group = line.indexOf("<Group>"): null

27-02-2025T17:40:48 - [TEST_STEP][PASSED] - println(group): null

27-02-2025T17:40:48 - [TEST_STEP][PASSED] - if (group >= 0): null

27-02-2025T17:40:48 - [TEST_STEP][PASSED] - else: null

27-02-2025T17:40:48 - [TEST_STEP][PASSED] - if (include): null

27-02-2025T17:40:48 - [TEST_STEP][PASSED] - println(line): null

27-02-2025T17:40:48 - [TEST_STEP][PASSED] - comma = line.indexOf(",y"): null

27-02-2025T17:40:48 - [TEST_STEP][PASSED] - if (comma > 0): null

27-02-2025T17:40:48 - [TEST_STEP][PASSED] - line = reader.readLine(): null

27-02-2025T17:40:48 - [TEST_STEP][PASSED] - println(line): null

27-02-2025T17:40:48 - [TEST_STEP][PASSED] - group = line.indexOf("<Group>"): null

27-02-2025T17:40:48 - [TEST_STEP][PASSED] - println(group): null

27-02-2025T17:40:48 - [TEST_STEP][PASSED] - if (group >= 0): null

27-02-2025T17:40:48 - [TEST_STEP][PASSED] - else: null

27-02-2025T17:40:48 - [TEST_STEP][PASSED] - if (include): null

27-02-2025T17:40:48 - [TEST_STEP][PASSED] - println(line): null

27-02-2025T17:40:48 - [TEST_STEP][PASSED] - comma = line.indexOf(",y"): null

27-02-2025T17:40:48 - [TEST_STEP][PASSED] - if (comma > 0): null

27-02-2025T17:40:48 - [TEST_STEP][PASSED] - line = reader.readLine(): null

27-02-2025T17:40:48 - [TEST_STEP][PASSED] - println(line): null

27-02-2025T17:40:48 - [TEST_STEP][PASSED] - group = line.indexOf("<Group>"): null

27-02-2025T17:40:48 - [TEST_STEP][PASSED] - println(group): null

27-02-2025T17:40:48 - [TEST_STEP][PASSED] - if (group >= 0): null

27-02-2025T17:40:48 - [TEST_STEP][PASSED] - else: null

27-02-2025T17:40:48 - [TEST_STEP][PASSED] - if (include): null

27-02-2025T17:40:48 - [TEST_STEP][PASSED] - println(line): null

27-02-2025T17:40:48 - [TEST_STEP][PASSED] - comma = line.indexOf(",y"): null

27-02-2025T17:40:48 - [TEST_STEP][PASSED] - if (comma > 0): null

27-02-2025T17:40:48 - [TEST_STEP][PASSED] - line = reader.readLine(): null

27-02-2025T17:40:48 - [TEST_STEP][PASSED] - println(line): null

27-02-2025T17:40:48 - [TEST_STEP][PASSED] - group = line.indexOf("<Group>"): null

27-02-2025T17:40:48 - [TEST_STEP][PASSED] - println(group): null

27-02-2025T17:40:48 - [TEST_STEP][PASSED] - if (group >= 0): null

27-02-2025T17:40:48 - [TEST_STEP][PASSED] - else: null

27-02-2025T17:40:48 - [TEST_STEP][PASSED] - if (include): null

27-02-2025T17:40:48 - [TEST_STEP][PASSED] - println(line): null

27-02-2025T17:40:48 - [TEST_STEP][PASSED] - comma = line.indexOf(",y"): null

27-02-2025T17:40:48 - [TEST_STEP][PASSED] - if (comma > 0): null

27-02-2025T17:40:48 - [TEST_STEP][PASSED] - line = reader.readLine(): null

27-02-2025T17:40:48 - [TEST_STEP][PASSED] - println(line): null

27-02-2025T17:40:48 - [TEST_STEP][PASSED] - group = line.indexOf("<Group>"): null

27-02-2025T17:40:48 - [TEST_STEP][PASSED] - println(group): null

27-02-2025T17:40:48 - [TEST_STEP][PASSED] - if (group >= 0): null

27-02-2025T17:40:48 - [TEST_STEP][PASSED] - else: null

27-02-2025T17:40:48 - [TEST_STEP][PASSED] - if (include): null

27-02-2025T17:40:48 - [TEST_STEP][PASSED] - println(line): null

27-02-2025T17:40:48 - [TEST_STEP][PASSED] - comma = line.indexOf(",y"): null

27-02-2025T17:40:48 - [TEST_STEP][PASSED] - if (comma > 0): null

27-02-2025T17:40:48 - [TEST_STEP][PASSED] - line = reader.readLine(): null

27-02-2025T17:40:48 - [TEST_STEP][PASSED] - println(line): null

27-02-2025T17:40:48 - [TEST_STEP][PASSED] - group = line.indexOf("<Group>"): null

27-02-2025T17:40:48 - [TEST_STEP][PASSED] - println(group): null

27-02-2025T17:40:48 - [TEST_STEP][PASSED] - if (group >= 0): null

27-02-2025T17:40:48 - [TEST_STEP][PASSED] - else: null

27-02-2025T17:40:48 - [TEST_STEP][PASSED] - if (include): null

27-02-2025T17:40:48 - [TEST_STEP][PASSED] - println(line): null

27-02-2025T17:40:48 - [TEST_STEP][PASSED] - comma = line.indexOf(",y"): null

27-02-2025T17:40:48 - [TEST_STEP][PASSED] - if (comma > 0): null

27-02-2025T17:40:48 - [TEST_STEP][PASSED] - line = reader.readLine(): null

27-02-2025T17:40:48 - [TEST_STEP][PASSED] - println(line): null

27-02-2025T17:40:48 - [TEST_STEP][PASSED] - group = line.indexOf("<Group>"): null

27-02-2025T17:40:48 - [TEST_STEP][PASSED] - println(group): null

27-02-2025T17:40:48 - [TEST_STEP][PASSED] - if (group >= 0): null

27-02-2025T17:40:48 - [TEST_STEP][PASSED] - else: null

27-02-2025T17:40:48 - [TEST_STEP][PASSED] - if (include): null

27-02-2025T17:40:48 - [TEST_STEP][PASSED] - println(line): null

27-02-2025T17:40:48 - [TEST_STEP][PASSED] - comma = line.indexOf(",y"): null

27-02-2025T17:40:48 - [TEST_STEP][PASSED] - if (comma > 0): null

27-02-2025T17:40:48 - [TEST_STEP][PASSED] - line = reader.readLine(): null

27-02-2025T17:40:48 - [TEST_STEP][PASSED] - println(line): null

27-02-2025T17:40:48 - [TEST_STEP][PASSED] - group = line.indexOf("<Group>"): null

27-02-2025T17:40:48 - [TEST_STEP][PASSED] - println(group): null

27-02-2025T17:40:48 - [TEST_STEP][PASSED] - if (group >= 0): null

27-02-2025T17:40:48 - [TEST_STEP][PASSED] - else: null

27-02-2025T17:40:48 - [TEST_STEP][PASSED] - if (include): null

27-02-2025T17:40:48 - [TEST_STEP][PASSED] - println(line): null

27-02-2025T17:40:48 - [TEST_STEP][PASSED] - comma = line.indexOf(",y"): null

27-02-2025T17:40:48 - [TEST_STEP][PASSED] - if (comma > 0): null

27-02-2025T17:40:48 - [TEST_STEP][PASSED] - line = reader.readLine(): null

27-02-2025T17:40:48 - [TEST_STEP][PASSED] - println(line): null

27-02-2025T17:40:48 - [TEST_STEP][PASSED] - group = line.indexOf("<Group>"): null

27-02-2025T17:40:48 - [TEST_STEP][PASSED] - println(group): null

27-02-2025T17:40:48 - [TEST_STEP][PASSED] - if (group >= 0): null

27-02-2025T17:40:48 - [TEST_STEP][PASSED] - else: null

27-02-2025T17:40:48 - [TEST_STEP][PASSED] - if (include): null

27-02-2025T17:40:48 - [TEST_STEP][PASSED] - println(line): null

27-02-2025T17:40:48 - [TEST_STEP][PASSED] - comma = line.indexOf(",y"): null

27-02-2025T17:40:48 - [TEST_STEP][PASSED] - if (comma > 0): null

27-02-2025T17:40:48 - [TEST_STEP][PASSED] - line = reader.readLine(): null

27-02-2025T17:40:48 - [TEST_STEP][PASSED] - println(line): null

27-02-2025T17:40:48 - [TEST_STEP][PASSED] - group = line.indexOf("<Group>"): null

27-02-2025T17:40:48 - [TEST_STEP][PASSED] - println(group): null

27-02-2025T17:40:48 - [TEST_STEP][PASSED] - if (group >= 0): null

27-02-2025T17:40:48 - [TEST_STEP][PASSED] - else: null

27-02-2025T17:40:48 - [TEST_STEP][PASSED] - if (include): null

27-02-2025T17:40:48 - [TEST_STEP][PASSED] - println(line): null

27-02-2025T17:40:48 - [TEST_STEP][PASSED] - comma = line.indexOf(",y"): null

27-02-2025T17:40:48 - [TEST_STEP][PASSED] - if (comma > 0): null

27-02-2025T17:40:48 - [TEST_STEP][PASSED] - line = reader.readLine(): null

27-02-2025T17:40:48 - [TEST_STEP][PASSED] - println(line): null

27-02-2025T17:40:48 - [TEST_STEP][PASSED] - group = line.indexOf("<Group>"): null

27-02-2025T17:40:48 - [TEST_STEP][PASSED] - println(group): null

27-02-2025T17:40:48 - [TEST_STEP][PASSED] - if (group >= 0): null

27-02-2025T17:40:48 - [TEST_STEP][PASSED] - else: null

27-02-2025T17:40:48 - [TEST_STEP][PASSED] - if (include): null

27-02-2025T17:40:48 - [TEST_STEP][PASSED] - println(line): null

27-02-2025T17:40:48 - [TEST_STEP][PASSED] - comma = line.indexOf(",y"): null

27-02-2025T17:40:48 - [TEST_STEP][PASSED] - if (comma > 0): null

27-02-2025T17:40:48 - [TEST_STEP][PASSED] - line = reader.readLine(): null

27-02-2025T17:40:48 - [TEST_STEP][PASSED] - println(line): null

27-02-2025T17:40:48 - [TEST_STEP][PASSED] - group = line.indexOf("<Group>"): null

27-02-2025T17:40:48 - [TEST_STEP][PASSED] - println(group): null

27-02-2025T17:40:48 - [TEST_STEP][PASSED] - if (group >= 0): null

27-02-2025T17:40:48 - [TEST_STEP][PASSED] - else: null

27-02-2025T17:40:48 - [TEST_STEP][PASSED] - if (include): null

27-02-2025T17:40:48 - [TEST_STEP][PASSED] - println(line): null

27-02-2025T17:40:48 - [TEST_STEP][PASSED] - comma = line.indexOf(",y"): null

27-02-2025T17:40:48 - [TEST_STEP][PASSED] - if (comma > 0): null

27-02-2025T17:40:48 - [TEST_STEP][PASSED] - line = reader.readLine(): null

27-02-2025T17:40:48 - [TEST_STEP][PASSED] - println(line): null

27-02-2025T17:40:48 - [TEST_STEP][PASSED] - group = line.indexOf("<Group>"): null

27-02-2025T17:40:48 - [TEST_STEP][PASSED] - println(group): null

27-02-2025T17:40:48 - [TEST_STEP][PASSED] - if (group >= 0): null

27-02-2025T17:40:48 - [TEST_STEP][PASSED] - else: null

27-02-2025T17:40:48 - [TEST_STEP][PASSED] - if (include): null

27-02-2025T17:40:48 - [TEST_STEP][PASSED] - println(line): null

27-02-2025T17:40:48 - [TEST_STEP][PASSED] - comma = line.indexOf(",y"): null

27-02-2025T17:40:48 - [TEST_STEP][PASSED] - if (comma > 0): null

27-02-2025T17:40:48 - [TEST_STEP][PASSED] - line = reader.readLine(): null

27-02-2025T17:40:48 - [TEST_STEP][PASSED] - println(line): null

27-02-2025T17:40:48 - [TEST_STEP][PASSED] - group = line.indexOf("<Group>"): null

27-02-2025T17:40:48 - [TEST_STEP][PASSED] - println(group): null

27-02-2025T17:40:48 - [TEST_STEP][PASSED] - if (group >= 0): null

27-02-2025T17:40:48 - [TEST_STEP][PASSED] - else: null

27-02-2025T17:40:48 - [TEST_STEP][PASSED] - if (include): null

27-02-2025T17:40:48 - [TEST_STEP][PASSED] - println(line): null

27-02-2025T17:40:48 - [TEST_STEP][PASSED] - comma = line.indexOf(",y"): null

27-02-2025T17:40:48 - [TEST_STEP][PASSED] - if (comma > 0): null

27-02-2025T17:40:48 - [TEST_STEP][PASSED] - line = reader.readLine(): null

27-02-2025T17:40:48 - [TEST_STEP][PASSED] - println(line): null

27-02-2025T17:40:48 - [TEST_STEP][PASSED] - group = line.indexOf("<Group>"): null

27-02-2025T17:40:48 - [TEST_STEP][PASSED] - println(group): null

27-02-2025T17:40:48 - [TEST_STEP][PASSED] - if (group >= 0): null

27-02-2025T17:40:48 - [TEST_STEP][PASSED] - else: null

27-02-2025T17:40:48 - [TEST_STEP][PASSED] - if (include): null

27-02-2025T17:40:48 - [TEST_STEP][PASSED] - println(line): null

27-02-2025T17:40:48 - [TEST_STEP][PASSED] - comma = line.indexOf(",y"): null

27-02-2025T17:40:48 - [TEST_STEP][PASSED] - if (comma > 0): null

27-02-2025T17:40:48 - [TEST_STEP][PASSED] - line = reader.readLine(): null

27-02-2025T17:40:48 - [TEST_STEP][PASSED] - println(line): null

27-02-2025T17:40:48 - [TEST_STEP][PASSED] - group = line.indexOf("<Group>"): null

27-02-2025T17:40:48 - [TEST_STEP][PASSED] - println(group): null

27-02-2025T17:40:48 - [TEST_STEP][PASSED] - if (group >= 0): null

27-02-2025T17:40:48 - [TEST_STEP][PASSED] - else: null

27-02-2025T17:40:48 - [TEST_STEP][PASSED] - if (include): null

27-02-2025T17:40:48 - [TEST_STEP][PASSED] - println(line): null

27-02-2025T17:40:48 - [TEST_STEP][PASSED] - comma = line.indexOf(",y"): null

27-02-2025T17:40:48 - [TEST_STEP][PASSED] - if (comma > 0): null

27-02-2025T17:40:48 - [TEST_STEP][PASSED] - line = reader.readLine(): null

27-02-2025T17:40:48 - [TEST_STEP][PASSED] - println(line): null

27-02-2025T17:40:48 - [TEST_STEP][PASSED] - group = line.indexOf("<Group>"): null

27-02-2025T17:40:48 - [TEST_STEP][PASSED] - println(group): null

27-02-2025T17:40:48 - [TEST_STEP][PASSED] - if (group >= 0): null

27-02-2025T17:40:48 - [TEST_STEP][PASSED] - else: null

27-02-2025T17:40:48 - [TEST_STEP][PASSED] - if (include): null

27-02-2025T17:40:48 - [TEST_STEP][PASSED] - println(line): null

27-02-2025T17:40:48 - [TEST_STEP][PASSED] - comma = line.indexOf(",y"): null

27-02-2025T17:40:48 - [TEST_STEP][PASSED] - if (comma > 0): null

27-02-2025T17:40:48 - [TEST_STEP][PASSED] - line = reader.readLine(): null

27-02-2025T17:40:48 - [TEST_STEP][PASSED] - println(line): null

27-02-2025T17:40:48 - [TEST_STEP][PASSED] - group = line.indexOf("<Group>"): null

27-02-2025T17:40:48 - [TEST_STEP][PASSED] - println(group): null

27-02-2025T17:40:48 - [TEST_STEP][PASSED] - if (group >= 0): null

27-02-2025T17:40:48 - [TEST_STEP][PASSED] - else: null

27-02-2025T17:40:48 - [TEST_STEP][PASSED] - if (include): null

27-02-2025T17:40:48 - [TEST_STEP][PASSED] - println(line): null

27-02-2025T17:40:48 - [TEST_STEP][PASSED] - comma = line.indexOf(",y"): null

27-02-2025T17:40:48 - [TEST_STEP][PASSED] - if (comma > 0): null

27-02-2025T17:40:48 - [TEST_STEP][PASSED] - line = reader.readLine(): null

27-02-2025T17:40:48 - [TEST_STEP][PASSED] - println(line): null

27-02-2025T17:40:48 - [TEST_STEP][PASSED] - group = line.indexOf("<Group>"): null

27-02-2025T17:40:48 - [TEST_STEP][PASSED] - println(group): null

27-02-2025T17:40:48 - [TEST_STEP][PASSED] - if (group >= 0): null

27-02-2025T17:40:48 - [TEST_STEP][PASSED] - else: null

27-02-2025T17:40:48 - [TEST_STEP][PASSED] - if (include): null

27-02-2025T17:40:48 - [TEST_STEP][PASSED] - println(line): null

27-02-2025T17:40:48 - [TEST_STEP][PASSED] - comma = line.indexOf(",y"): null

27-02-2025T17:40:48 - [TEST_STEP][PASSED] - if (comma > 0): null

27-02-2025T17:40:48 - [TEST_STEP][PASSED] - line = reader.readLine(): null

27-02-2025T17:40:48 - [TEST_STEP][PASSED] - println(line): null

27-02-2025T17:40:48 - [TEST_STEP][PASSED] - group = line.indexOf("<Group>"): null

27-02-2025T17:40:48 - [TEST_STEP][PASSED] - println(group): null

27-02-2025T17:40:48 - [TEST_STEP][PASSED] - if (group >= 0): null

27-02-2025T17:40:48 - [TEST_STEP][PASSED] - else: null

27-02-2025T17:40:48 - [TEST_STEP][PASSED] - if (include): null

27-02-2025T17:40:48 - [TEST_STEP][PASSED] - println(line): null

27-02-2025T17:40:48 - [TEST_STEP][PASSED] - comma = line.indexOf(",y"): null

27-02-2025T17:40:48 - [TEST_STEP][PASSED] - if (comma > 0): null

27-02-2025T17:40:48 - [TEST_STEP][PASSED] - line = reader.readLine(): null

27-02-2025T17:40:48 - [TEST_STEP][PASSED] - println(line): null

27-02-2025T17:40:48 - [TEST_STEP][PASSED] - group = line.indexOf("<Group>"): null

27-02-2025T17:40:48 - [TEST_STEP][PASSED] - println(group): null

27-02-2025T17:40:48 - [TEST_STEP][PASSED] - if (group >= 0): null

27-02-2025T17:40:48 - [TEST_STEP][PASSED] - else: null

27-02-2025T17:40:48 - [TEST_STEP][PASSED] - if (include): null

27-02-2025T17:40:48 - [TEST_STEP][PASSED] - println(line): null

27-02-2025T17:40:48 - [TEST_STEP][PASSED] - comma = line.indexOf(",y"): null

27-02-2025T17:40:48 - [TEST_STEP][PASSED] - if (comma > 0): null

27-02-2025T17:40:48 - [TEST_STEP][PASSED] - line = reader.readLine(): null

27-02-2025T17:40:48 - [TEST_STEP][PASSED] - println(line): null

27-02-2025T17:40:48 - [TEST_STEP][PASSED] - group = line.indexOf("<Group>"): null

27-02-2025T17:40:48 - [TEST_STEP][PASSED] - println(group): null

27-02-2025T17:40:48 - [TEST_STEP][PASSED] - if (group >= 0): null

27-02-2025T17:40:48 - [TEST_STEP][PASSED] - else: null

27-02-2025T17:40:48 - [TEST_STEP][PASSED] - if (include): null

27-02-2025T17:40:48 - [TEST_STEP][PASSED] - println(line): null

27-02-2025T17:40:48 - [TEST_STEP][PASSED] - comma = line.indexOf(",y"): null

27-02-2025T17:40:48 - [TEST_STEP][PASSED] - if (comma > 0): null

27-02-2025T17:40:48 - [TEST_STEP][PASSED] - line = reader.readLine(): null

27-02-2025T17:40:48 - [TEST_STEP][PASSED] - println(line): null

27-02-2025T17:40:48 - [TEST_STEP][PASSED] - group = line.indexOf("<Group>"): null

27-02-2025T17:40:48 - [TEST_STEP][PASSED] - println(group): null

27-02-2025T17:40:48 - [TEST_STEP][PASSED] - if (group >= 0): null

27-02-2025T17:40:48 - [TEST_STEP][PASSED] - else: null

27-02-2025T17:40:48 - [TEST_STEP][PASSED] - if (include): null

27-02-2025T17:40:48 - [TEST_STEP][PASSED] - println(line): null

27-02-2025T17:40:48 - [TEST_STEP][PASSED] - comma = line.indexOf(",y"): null

27-02-2025T17:40:48 - [TEST_STEP][PASSED] - if (comma > 0): null

27-02-2025T17:40:48 - [TEST_STEP][PASSED] - line = reader.readLine(): null

27-02-2025T17:40:48 - [TEST_STEP][PASSED] - println(line): null

27-02-2025T17:40:48 - [TEST_STEP][PASSED] - group = line.indexOf("<Group>"): null

27-02-2025T17:40:48 - [TEST_STEP][PASSED] - println(group): null

27-02-2025T17:40:48 - [TEST_STEP][PASSED] - if (group >= 0): null

27-02-2025T17:40:48 - [TEST_STEP][PASSED] - else: null

27-02-2025T17:40:48 - [TEST_STEP][PASSED] - if (include): null

27-02-2025T17:40:48 - [TEST_STEP][PASSED] - println(line): null

27-02-2025T17:40:48 - [TEST_STEP][PASSED] - comma = line.indexOf(",y"): null

27-02-2025T17:40:48 - [TEST_STEP][PASSED] - if (comma > 0): null

27-02-2025T17:40:48 - [TEST_STEP][PASSED] - line = reader.readLine(): null

27-02-2025T17:40:48 - [TEST_STEP][PASSED] - println(line): null

27-02-2025T17:40:48 - [TEST_STEP][PASSED] - group = line.indexOf("<Group>"): null

27-02-2025T17:40:48 - [TEST_STEP][PASSED] - println(group): null

27-02-2025T17:40:48 - [TEST_STEP][PASSED] - if (group >= 0): null

27-02-2025T17:40:48 - [TEST_STEP][PASSED] - else: null

27-02-2025T17:40:48 - [TEST_STEP][PASSED] - if (include): null

27-02-2025T17:40:48 - [TEST_STEP][PASSED] - println(line): null

27-02-2025T17:40:48 - [TEST_STEP][PASSED] - comma = line.indexOf(",y"): null

27-02-2025T17:40:48 - [TEST_STEP][PASSED] - if (comma > 0): null

27-02-2025T17:40:48 - [TEST_STEP][PASSED] - line = reader.readLine(): null

27-02-2025T17:40:48 - [TEST_STEP][PASSED] - println(line): null

27-02-2025T17:40:48 - [TEST_STEP][PASSED] - group = line.indexOf("<Group>"): null

27-02-2025T17:40:48 - [TEST_STEP][PASSED] - println(group): null

27-02-2025T17:40:48 - [TEST_STEP][PASSED] - if (group >= 0): null

27-02-2025T17:40:48 - [TEST_STEP][PASSED] - else: null

27-02-2025T17:40:48 - [TEST_STEP][PASSED] - if (include): null

27-02-2025T17:40:48 - [TEST_STEP][PASSED] - println(line): null

27-02-2025T17:40:48 - [TEST_STEP][PASSED] - comma = line.indexOf(",y"): null

27-02-2025T17:40:48 - [TEST_STEP][PASSED] - if (comma > 0): null

27-02-2025T17:40:48 - [TEST_STEP][PASSED] - line = reader.readLine(): null

27-02-2025T17:40:48 - [TEST_STEP][PASSED] - println(line): null

27-02-2025T17:40:48 - [TEST_STEP][PASSED] - group = line.indexOf("<Group>"): null

27-02-2025T17:40:48 - [TEST_STEP][PASSED] - println(group): null

27-02-2025T17:40:48 - [TEST_STEP][PASSED] - if (group >= 0): null

27-02-2025T17:40:48 - [TEST_STEP][PASSED] - else: null

27-02-2025T17:40:48 - [TEST_STEP][PASSED] - if (include): null

27-02-2025T17:40:48 - [TEST_STEP][PASSED] - println(line): null

27-02-2025T17:40:48 - [TEST_STEP][PASSED] - comma = line.indexOf(",y"): null

27-02-2025T17:40:48 - [TEST_STEP][PASSED] - if (comma > 0): null

27-02-2025T17:40:48 - [TEST_STEP][PASSED] - line = reader.readLine(): null

27-02-2025T17:40:48 - [TEST_STEP][PASSED] - println(line): null

27-02-2025T17:40:48 - [TEST_STEP][PASSED] - group = line.indexOf("<Group>"): null

27-02-2025T17:40:48 - [TEST_STEP][PASSED] - println(group): null

27-02-2025T17:40:48 - [TEST_STEP][PASSED] - if (group >= 0): null

27-02-2025T17:40:48 - [TEST_STEP][PASSED] - else: null

27-02-2025T17:40:48 - [TEST_STEP][PASSED] - if (include): null

27-02-2025T17:40:48 - [TEST_STEP][PASSED] - println(line): null

27-02-2025T17:40:48 - [TEST_STEP][PASSED] - comma = line.indexOf(",y"): null

27-02-2025T17:40:48 - [TEST_STEP][PASSED] - if (comma > 0): null

27-02-2025T17:40:48 - [TEST_STEP][PASSED] - line = reader.readLine(): null

27-02-2025T17:40:48 - [TEST_STEP][PASSED] - println(line): null

27-02-2025T17:40:48 - [TEST_STEP][PASSED] - group = line.indexOf("<Group>"): null

27-02-2025T17:40:48 - [TEST_STEP][PASSED] - println(group): null

27-02-2025T17:40:48 - [TEST_STEP][PASSED] - if (group >= 0): null

27-02-2025T17:40:48 - [TEST_STEP][PASSED] - else: null

27-02-2025T17:40:48 - [TEST_STEP][PASSED] - if (include): null

27-02-2025T17:40:48 - [TEST_STEP][PASSED] - println(line): null

27-02-2025T17:40:48 - [TEST_STEP][PASSED] - comma = line.indexOf(",y"): null

27-02-2025T17:40:48 - [TEST_STEP][PASSED] - if (comma > 0): null

27-02-2025T17:40:48 - [TEST_STEP][PASSED] - line = reader.readLine(): null

27-02-2025T17:40:48 - [TEST_STEP][PASSED] - println(line): null

27-02-2025T17:40:48 - [TEST_STEP][PASSED] - group = line.indexOf("<Group>"): null

27-02-2025T17:40:48 - [TEST_STEP][PASSED] - println(group): null

27-02-2025T17:40:48 - [TEST_STEP][PASSED] - if (group >= 0): null

27-02-2025T17:40:48 - [TEST_STEP][PASSED] - else: null

27-02-2025T17:40:48 - [TEST_STEP][PASSED] - if (include): null

27-02-2025T17:40:48 - [TEST_STEP][PASSED] - println(line): null

27-02-2025T17:40:48 - [TEST_STEP][PASSED] - comma = line.indexOf(",y"): null

27-02-2025T17:40:48 - [TEST_STEP][PASSED] - if (comma > 0): null

27-02-2025T17:40:48 - [TEST_STEP][PASSED] - line = reader.readLine(): null

27-02-2025T17:40:48 - [TEST_STEP][PASSED] - println(line): null

27-02-2025T17:40:48 - [TEST_STEP][PASSED] - group = line.indexOf("<Group>"): null

27-02-2025T17:40:48 - [TEST_STEP][PASSED] - println(group): null

27-02-2025T17:40:48 - [TEST_STEP][PASSED] - if (group >= 0): null

27-02-2025T17:40:48 - [TEST_STEP][PASSED] - else: null

27-02-2025T17:40:48 - [TEST_STEP][PASSED] - if (include): null

27-02-2025T17:40:48 - [TEST_STEP][PASSED] - println(line): null

27-02-2025T17:40:48 - [TEST_STEP][PASSED] - comma = line.indexOf(",y"): null

27-02-2025T17:40:48 - [TEST_STEP][PASSED] - if (comma > 0): null

27-02-2025T17:40:48 - [TEST_STEP][PASSED] - line = reader.readLine(): null

27-02-2025T17:40:48 - [TEST_STEP][PASSED] - println(line): null

27-02-2025T17:40:48 - [TEST_STEP][PASSED] - group = line.indexOf("<Group>"): null

27-02-2025T17:40:48 - [TEST_STEP][PASSED] - println(group): null

27-02-2025T17:40:48 - [TEST_STEP][PASSED] - if (group >= 0): null

27-02-2025T17:40:48 - [TEST_STEP][PASSED] - else: null

27-02-2025T17:40:48 - [TEST_STEP][PASSED] - if (include): null

27-02-2025T17:40:48 - [TEST_STEP][PASSED] - println(line): null

27-02-2025T17:40:48 - [TEST_STEP][PASSED] - comma = line.indexOf(",y"): null

27-02-2025T17:40:48 - [TEST_STEP][PASSED] - if (comma > 0): null

27-02-2025T17:40:48 - [TEST_STEP][PASSED] - line = reader.readLine(): null

27-02-2025T17:40:48 - [TEST_STEP][PASSED] - println(line): null

27-02-2025T17:40:48 - [TEST_STEP][PASSED] - group = line.indexOf("<Group>"): null

27-02-2025T17:40:48 - [TEST_STEP][PASSED] - println(group): null

27-02-2025T17:40:48 - [TEST_STEP][PASSED] - if (group >= 0): null

27-02-2025T17:40:48 - [TEST_STEP][PASSED] - else: null

27-02-2025T17:40:48 - [TEST_STEP][PASSED] - if (include): null

27-02-2025T17:40:48 - [TEST_STEP][PASSED] - println(line): null

27-02-2025T17:40:48 - [TEST_STEP][PASSED] - comma = line.indexOf(",y"): null

27-02-2025T17:40:48 - [TEST_STEP][PASSED] - if (comma > 0): null

27-02-2025T17:40:48 - [TEST_STEP][PASSED] - line = reader.readLine(): null

27-02-2025T17:40:48 - [TEST_STEP][PASSED] - println(line): null

27-02-2025T17:40:48 - [TEST_STEP][PASSED] - group = line.indexOf("<Group>"): null

27-02-2025T17:40:48 - [TEST_STEP][PASSED] - println(group): null

27-02-2025T17:40:48 - [TEST_STEP][PASSED] - if (group >= 0): null

27-02-2025T17:40:48 - [TEST_STEP][PASSED] - else: null

27-02-2025T17:40:48 - [TEST_STEP][PASSED] - if (include): null

27-02-2025T17:40:48 - [TEST_STEP][PASSED] - println(line): null

27-02-2025T17:40:48 - [TEST_STEP][PASSED] - comma = line.indexOf(",y"): null

27-02-2025T17:40:48 - [TEST_STEP][PASSED] - if (comma > 0): null

27-02-2025T17:40:48 - [TEST_STEP][PASSED] - line = reader.readLine(): null

27-02-2025T17:40:48 - [TEST_STEP][PASSED] - println(line): null

27-02-2025T17:40:48 - [TEST_STEP][PASSED] - group = line.indexOf("<Group>"): null

27-02-2025T17:40:48 - [TEST_STEP][PASSED] - println(group): null

27-02-2025T17:40:48 - [TEST_STEP][PASSED] - if (group >= 0): null

27-02-2025T17:40:48 - [TEST_STEP][PASSED] - else: null

27-02-2025T17:40:48 - [TEST_STEP][PASSED] - if (include): null

27-02-2025T17:40:48 - [TEST_STEP][PASSED] - println(line): null

27-02-2025T17:40:48 - [TEST_STEP][PASSED] - comma = line.indexOf(",y"): null

27-02-2025T17:40:48 - [TEST_STEP][PASSED] - if (comma > 0): null

27-02-2025T17:40:48 - [TEST_STEP][PASSED] - line = reader.readLine(): null

27-02-2025T17:40:48 - [TEST_STEP][PASSED] - println(line): null

27-02-2025T17:40:48 - [TEST_STEP][PASSED] - group = line.indexOf("<Group>"): null

27-02-2025T17:40:48 - [TEST_STEP][PASSED] - println(group): null

27-02-2025T17:40:48 - [TEST_STEP][PASSED] - if (group >= 0): null

27-02-2025T17:40:48 - [TEST_STEP][PASSED] - else: null

27-02-2025T17:40:48 - [TEST_STEP][PASSED] - if (include): null

27-02-2025T17:40:48 - [TEST_STEP][PASSED] - println(line): null

27-02-2025T17:40:48 - [TEST_STEP][PASSED] - comma = line.indexOf(",y"): null

27-02-2025T17:40:48 - [TEST_STEP][PASSED] - if (comma > 0): null

27-02-2025T17:40:48 - [TEST_STEP][PASSED] - line = reader.readLine(): null

27-02-2025T17:40:48 - [TEST_STEP][PASSED] - println(line): null

27-02-2025T17:40:48 - [TEST_STEP][PASSED] - group = line.indexOf("<Group>"): null

27-02-2025T17:40:48 - [TEST_STEP][PASSED] - println(group): null

27-02-2025T17:40:48 - [TEST_STEP][PASSED] - if (group >= 0): null

27-02-2025T17:40:48 - [TEST_STEP][PASSED] - else: null

27-02-2025T17:40:48 - [TEST_STEP][PASSED] - if (include): null

27-02-2025T17:40:48 - [TEST_STEP][PASSED] - println(line): null

27-02-2025T17:40:48 - [TEST_STEP][PASSED] - comma = line.indexOf(",y"): null

27-02-2025T17:40:48 - [TEST_STEP][PASSED] - if (comma > 0): null

27-02-2025T17:40:48 - [TEST_STEP][PASSED] - line = reader.readLine(): null

27-02-2025T17:40:48 - [TEST_STEP][PASSED] - println(line): null

27-02-2025T17:40:48 - [TEST_STEP][PASSED] - group = line.indexOf("<Group>"): null

27-02-2025T17:40:48 - [TEST_STEP][PASSED] - println(group): null

27-02-2025T17:40:48 - [TEST_STEP][PASSED] - if (group >= 0): null

27-02-2025T17:40:48 - [TEST_STEP][PASSED] - else: null

27-02-2025T17:40:48 - [TEST_STEP][PASSED] - if (include): null

27-02-2025T17:40:48 - [TEST_STEP][PASSED] - println(line): null

27-02-2025T17:40:48 - [TEST_STEP][PASSED] - comma = line.indexOf(",y"): null

27-02-2025T17:40:48 - [TEST_STEP][PASSED] - if (comma > 0): null

27-02-2025T17:40:48 - [TEST_STEP][PASSED] - line = reader.readLine(): null

27-02-2025T17:40:48 - [TEST_STEP][PASSED] - println(line): null

27-02-2025T17:40:48 - [TEST_STEP][PASSED] - group = line.indexOf("<Group>"): null

27-02-2025T17:40:48 - [TEST_STEP][PASSED] - println(group): null

27-02-2025T17:40:48 - [TEST_STEP][PASSED] - if (group >= 0): null

27-02-2025T17:40:48 - [TEST_STEP][PASSED] - else: null

27-02-2025T17:40:48 - [TEST_STEP][PASSED] - if (include): null

27-02-2025T17:40:48 - [TEST_STEP][PASSED] - println(line): null

27-02-2025T17:40:48 - [TEST_STEP][PASSED] - comma = line.indexOf(",y"): null

27-02-2025T17:40:48 - [TEST_STEP][PASSED] - if (comma > 0): null

27-02-2025T17:40:48 - [TEST_STEP][PASSED] - line = reader.readLine(): null

27-02-2025T17:40:48 - [TEST_STEP][PASSED] - println(line): null

27-02-2025T17:40:48 - [TEST_STEP][PASSED] - group = line.indexOf("<Group>"): null

27-02-2025T17:40:48 - [TEST_STEP][PASSED] - println(group): null

27-02-2025T17:40:48 - [TEST_STEP][PASSED] - if (group >= 0): null

27-02-2025T17:40:48 - [TEST_STEP][PASSED] - else: null

27-02-2025T17:40:48 - [TEST_STEP][PASSED] - if (include): null

27-02-2025T17:40:48 - [TEST_STEP][PASSED] - println(line): null

27-02-2025T17:40:48 - [TEST_STEP][PASSED] - comma = line.indexOf(",y"): null

27-02-2025T17:40:48 - [TEST_STEP][PASSED] - if (comma > 0): null

27-02-2025T17:40:48 - [TEST_STEP][PASSED] - line = reader.readLine(): null

27-02-2025T17:40:48 - [TEST_STEP][PASSED] - println(line): null

27-02-2025T17:40:48 - [TEST_STEP][PASSED] - group = line.indexOf("<Group>"): null

27-02-2025T17:40:48 - [TEST_STEP][PASSED] - println(group): null

27-02-2025T17:40:48 - [TEST_STEP][PASSED] - if (group >= 0): null

27-02-2025T17:40:48 - [TEST_STEP][PASSED] - else: null

27-02-2025T17:40:48 - [TEST_STEP][PASSED] - if (include): null

27-02-2025T17:40:48 - [TEST_STEP][PASSED] - println(line): null

27-02-2025T17:40:48 - [TEST_STEP][PASSED] - comma = line.indexOf(",y"): null

27-02-2025T17:40:48 - [TEST_STEP][PASSED] - if (comma > 0): null

27-02-2025T17:40:48 - [TEST_STEP][PASSED] - line = reader.readLine(): null

27-02-2025T17:40:48 - [TEST_STEP][PASSED] - println(line): null

27-02-2025T17:40:48 - [TEST_STEP][PASSED] - group = line.indexOf("<Group>"): null

27-02-2025T17:40:48 - [TEST_STEP][PASSED] - println(group): null

27-02-2025T17:40:48 - [TEST_STEP][PASSED] - if (group >= 0): null

27-02-2025T17:40:48 - [TEST_STEP][PASSED] - else: null

27-02-2025T17:40:48 - [TEST_STEP][PASSED] - if (include): null

27-02-2025T17:40:48 - [TEST_STEP][PASSED] - println(line): null

27-02-2025T17:40:48 - [TEST_STEP][PASSED] - comma = line.indexOf(",y"): null

27-02-2025T17:40:48 - [TEST_STEP][PASSED] - if (comma > 0): null

27-02-2025T17:40:48 - [TEST_STEP][PASSED] - line = reader.readLine(): null

27-02-2025T17:40:48 - [TEST_STEP][PASSED] - println(line): null

27-02-2025T17:40:48 - [TEST_STEP][PASSED] - group = line.indexOf("<Group>"): null

27-02-2025T17:40:48 - [TEST_STEP][PASSED] - println(group): null

27-02-2025T17:40:48 - [TEST_STEP][PASSED] - if (group >= 0): null

27-02-2025T17:40:48 - [TEST_STEP][PASSED] - else: null

27-02-2025T17:40:48 - [TEST_STEP][PASSED] - if (include): null

27-02-2025T17:40:48 - [TEST_STEP][PASSED] - println(line): null

27-02-2025T17:40:48 - [TEST_STEP][PASSED] - comma = line.indexOf(",y"): null

27-02-2025T17:40:48 - [TEST_STEP][PASSED] - if (comma > 0): null

27-02-2025T17:40:48 - [TEST_STEP][PASSED] - line = reader.readLine(): null

27-02-2025T17:40:48 - [TEST_STEP][PASSED] - println(line): null

27-02-2025T17:40:48 - [TEST_STEP][PASSED] - group = line.indexOf("<Group>"): null

27-02-2025T17:40:48 - [TEST_STEP][PASSED] - println(group): null

27-02-2025T17:40:48 - [TEST_STEP][PASSED] - if (group >= 0): null

27-02-2025T17:40:48 - [TEST_STEP][PASSED] - else: null

27-02-2025T17:40:48 - [TEST_STEP][PASSED] - if (include): null

27-02-2025T17:40:48 - [TEST_STEP][PASSED] - println(line): null

27-02-2025T17:40:48 - [TEST_STEP][PASSED] - comma = line.indexOf(",y"): null

27-02-2025T17:40:48 - [TEST_STEP][PASSED] - if (comma > 0): null

27-02-2025T17:40:48 - [TEST_STEP][PASSED] - line = reader.readLine(): null

27-02-2025T17:40:48 - [TEST_STEP][PASSED] - println(line): null

27-02-2025T17:40:48 - [TEST_STEP][PASSED] - group = line.indexOf("<Group>"): null

27-02-2025T17:40:48 - [TEST_STEP][PASSED] - println(group): null

27-02-2025T17:40:48 - [TEST_STEP][PASSED] - if (group >= 0): null

27-02-2025T17:40:48 - [TEST_STEP][PASSED] - else: null

27-02-2025T17:40:48 - [TEST_STEP][PASSED] - if (include): null

27-02-2025T17:40:48 - [TEST_STEP][PASSED] - println(line): null

27-02-2025T17:40:48 - [TEST_STEP][PASSED] - comma = line.indexOf(",y"): null

27-02-2025T17:40:48 - [TEST_STEP][PASSED] - if (comma > 0): null

27-02-2025T17:40:48 - [TEST_STEP][PASSED] - line = reader.readLine(): null

27-02-2025T17:40:48 - [TEST_STEP][PASSED] - println(line): null

27-02-2025T17:40:48 - [TEST_STEP][PASSED] - group = line.indexOf("<Group>"): null

27-02-2025T17:40:48 - [TEST_STEP][PASSED] - println(group): null

27-02-2025T17:40:48 - [TEST_STEP][PASSED] - if (group >= 0): null

27-02-2025T17:40:48 - [TEST_STEP][PASSED] - else: null

27-02-2025T17:40:48 - [TEST_STEP][PASSED] - if (include): null

27-02-2025T17:40:48 - [TEST_STEP][PASSED] - println(line): null

27-02-2025T17:40:48 - [TEST_STEP][PASSED] - comma = line.indexOf(",y"): null

27-02-2025T17:40:48 - [TEST_STEP][PASSED] - if (comma > 0): null

27-02-2025T17:40:48 - [TEST_STEP][PASSED] - line = reader.readLine(): null

27-02-2025T17:40:48 - [TEST_STEP][PASSED] - println(line): null

27-02-2025T17:40:48 - [TEST_STEP][PASSED] - group = line.indexOf("<Group>"): null

27-02-2025T17:40:48 - [TEST_STEP][PASSED] - println(group): null

27-02-2025T17:40:48 - [TEST_STEP][PASSED] - if (group >= 0): null

27-02-2025T17:40:48 - [TEST_STEP][PASSED] - else: null

27-02-2025T17:40:48 - [TEST_STEP][PASSED] - if (include): null

27-02-2025T17:40:48 - [TEST_STEP][PASSED] - println(line): null

27-02-2025T17:40:48 - [TEST_STEP][PASSED] - comma = line.indexOf(",y"): null

27-02-2025T17:40:48 - [TEST_STEP][PASSED] - if (comma > 0): null

27-02-2025T17:40:48 - [TEST_STEP][PASSED] - line = reader.readLine(): null

27-02-2025T17:40:48 - [TEST_STEP][PASSED] - println(line): null

27-02-2025T17:40:48 - [TEST_STEP][PASSED] - group = line.indexOf("<Group>"): null

27-02-2025T17:40:48 - [TEST_STEP][PASSED] - println(group): null

27-02-2025T17:40:48 - [TEST_STEP][PASSED] - if (group >= 0): null

27-02-2025T17:40:48 - [TEST_STEP][PASSED] - else: null

27-02-2025T17:40:48 - [TEST_STEP][PASSED] - if (include): null

27-02-2025T17:40:48 - [TEST_STEP][PASSED] - println(line): null

27-02-2025T17:40:48 - [TEST_STEP][PASSED] - comma = line.indexOf(",y"): null

27-02-2025T17:40:48 - [TEST_STEP][PASSED] - if (comma > 0): null

27-02-2025T17:40:48 - [TEST_STEP][PASSED] - line = reader.readLine(): null

27-02-2025T17:40:48 - [TEST_STEP][PASSED] - println(line): null

27-02-2025T17:40:48 - [TEST_STEP][PASSED] - group = line.indexOf("<Group>"): null

27-02-2025T17:40:48 - [TEST_STEP][PASSED] - println(group): null

27-02-2025T17:40:48 - [TEST_STEP][PASSED] - if (group >= 0): null

27-02-2025T17:40:48 - [TEST_STEP][PASSED] - else: null

27-02-2025T17:40:48 - [TEST_STEP][PASSED] - if (include): null

27-02-2025T17:40:48 - [TEST_STEP][PASSED] - println(line): null

27-02-2025T17:40:48 - [TEST_STEP][PASSED] - comma = line.indexOf(",y"): null

27-02-2025T17:40:48 - [TEST_STEP][PASSED] - if (comma > 0): null

27-02-2025T17:40:48 - [TEST_STEP][PASSED] - line = reader.readLine(): null

27-02-2025T17:40:48 - [TEST_STEP][PASSED] - println(line): null

27-02-2025T17:40:48 - [TEST_STEP][PASSED] - group = line.indexOf("<Group>"): null

27-02-2025T17:40:48 - [TEST_STEP][PASSED] - println(group): null

27-02-2025T17:40:48 - [TEST_STEP][PASSED] - if (group >= 0): null

27-02-2025T17:40:48 - [TEST_STEP][PASSED] - else: null

27-02-2025T17:40:48 - [TEST_STEP][PASSED] - if (include): null

27-02-2025T17:40:48 - [TEST_STEP][PASSED] - println(line): null

27-02-2025T17:40:48 - [TEST_STEP][PASSED] - comma = line.indexOf(",y"): null

27-02-2025T17:40:48 - [TEST_STEP][PASSED] - if (comma > 0): null

27-02-2025T17:40:48 - [TEST_STEP][PASSED] - line = reader.readLine(): null

27-02-2025T17:40:48 - [TEST_STEP][PASSED] - println(line): null

27-02-2025T17:40:48 - [TEST_STEP][PASSED] - group = line.indexOf("<Group>"): null

27-02-2025T17:40:48 - [TEST_STEP][PASSED] - println(group): null

27-02-2025T17:40:48 - [TEST_STEP][PASSED] - if (group >= 0): null

27-02-2025T17:40:48 - [TEST_STEP][PASSED] - else: null

27-02-2025T17:40:48 - [TEST_STEP][PASSED] - if (include): null

27-02-2025T17:40:48 - [TEST_STEP][PASSED] - println(line): null

27-02-2025T17:40:48 - [TEST_STEP][PASSED] - comma = line.indexOf(",y"): null

27-02-2025T17:40:48 - [TEST_STEP][PASSED] - if (comma > 0): null

27-02-2025T17:40:48 - [TEST_STEP][PASSED] - line = reader.readLine(): null

27-02-2025T17:40:48 - [TEST_STEP][PASSED] - println(line): null

27-02-2025T17:40:48 - [TEST_STEP][PASSED] - group = line.indexOf("<Group>"): null

27-02-2025T17:40:48 - [TEST_STEP][PASSED] - println(group): null

27-02-2025T17:40:48 - [TEST_STEP][PASSED] - if (group >= 0): null

27-02-2025T17:40:48 - [TEST_STEP][PASSED] - else: null

27-02-2025T17:40:48 - [TEST_STEP][PASSED] - if (include): null

27-02-2025T17:40:48 - [TEST_STEP][PASSED] - println(line): null

27-02-2025T17:40:48 - [TEST_STEP][PASSED] - comma = line.indexOf(",y"): null

27-02-2025T17:40:48 - [TEST_STEP][PASSED] - if (comma > 0): null

27-02-2025T17:40:48 - [TEST_STEP][PASSED] - line = reader.readLine(): null

27-02-2025T17:40:48 - [TEST_STEP][PASSED] - println(line): null

27-02-2025T17:40:48 - [TEST_STEP][PASSED] - group = line.indexOf("<Group>"): null

27-02-2025T17:40:48 - [TEST_STEP][PASSED] - println(group): null

27-02-2025T17:40:48 - [TEST_STEP][PASSED] - if (group >= 0): null

27-02-2025T17:40:48 - [TEST_STEP][PASSED] - else: null

27-02-2025T17:40:48 - [TEST_STEP][PASSED] - if (include): null

27-02-2025T17:40:48 - [TEST_STEP][PASSED] - println(line): null

27-02-2025T17:40:48 - [TEST_STEP][PASSED] - comma = line.indexOf(",y"): null

27-02-2025T17:40:48 - [TEST_STEP][PASSED] - if (comma > 0): null

27-02-2025T17:40:48 - [TEST_STEP][PASSED] - line = reader.readLine(): null

27-02-2025T17:40:48 - [TEST_STEP][PASSED] - println(line): null

27-02-2025T17:40:48 - [TEST_STEP][PASSED] - group = line.indexOf("<Group>"): null

27-02-2025T17:40:48 - [TEST_STEP][PASSED] - println(group): null

27-02-2025T17:40:48 - [TEST_STEP][PASSED] - if (group >= 0): null

27-02-2025T17:40:48 - [TEST_STEP][PASSED] - else: null

27-02-2025T17:40:48 - [TEST_STEP][PASSED] - if (include): null

27-02-2025T17:40:48 - [TEST_STEP][PASSED] - println(line): null

27-02-2025T17:40:48 - [TEST_STEP][PASSED] - comma = line.indexOf(",y"): null

27-02-2025T17:40:48 - [TEST_STEP][PASSED] - if (comma > 0): null

27-02-2025T17:40:48 - [TEST_STEP][PASSED] - line = reader.readLine(): null

27-02-2025T17:40:48 - [TEST_STEP][PASSED] - println(line): null

27-02-2025T17:40:48 - [TEST_STEP][PASSED] - group = line.indexOf("<Group>"): null

27-02-2025T17:40:48 - [TEST_STEP][PASSED] - println(group): null

27-02-2025T17:40:48 - [TEST_STEP][PASSED] - if (group >= 0): null

27-02-2025T17:40:48 - [TEST_STEP][PASSED] - else: null

27-02-2025T17:40:48 - [TEST_STEP][PASSED] - if (include): null

27-02-2025T17:40:48 - [TEST_STEP][PASSED] - println(line): null

27-02-2025T17:40:48 - [TEST_STEP][PASSED] - comma = line.indexOf(",y"): null

27-02-2025T17:40:48 - [TEST_STEP][PASSED] - if (comma > 0): null

27-02-2025T17:40:48 - [TEST_STEP][PASSED] - commaCount = StringUtils.countMatches(line, ","): null

27-02-2025T17:40:48 - [TEST_STEP][PASSED] - if (commaCount > 1): null

27-02-2025T17:40:48 - [TEST_STEP][PASSED] - else: null

27-02-2025T17:40:48 - [TEST_STEP][PASSED] - label = line.substring(1, comma): null

27-02-2025T17:40:48 - [TEST_STEP][PASSED] - println(label): null

27-02-2025T17:40:48 - [TEST_STEP][PASSED] - checked.add(label): null

27-02-2025T17:40:48 - [TEST_STEP][PASSED] - line = reader.readLine(): null

27-02-2025T17:40:48 - [TEST_STEP][PASSED] - println(line): null

27-02-2025T17:40:48 - [TEST_STEP][PASSED] - group = line.indexOf("<Group>"): null

27-02-2025T17:40:48 - [TEST_STEP][PASSED] - println(group): null

27-02-2025T17:40:48 - [TEST_STEP][PASSED] - if (group >= 0): null

27-02-2025T17:40:48 - [TEST_STEP][PASSED] - else: null

27-02-2025T17:40:48 - [TEST_STEP][PASSED] - if (include): null

27-02-2025T17:40:48 - [TEST_STEP][PASSED] - println(line): null

27-02-2025T17:40:48 - [TEST_STEP][PASSED] - comma = line.indexOf(",y"): null

27-02-2025T17:40:48 - [TEST_STEP][PASSED] - if (comma > 0): null

27-02-2025T17:40:48 - [TEST_STEP][PASSED] - line = reader.readLine(): null

27-02-2025T17:40:48 - [TEST_STEP][PASSED] - println(line): null

27-02-2025T17:40:48 - [TEST_STEP][PASSED] - group = line.indexOf("<Group>"): null

27-02-2025T17:40:48 - [TEST_STEP][PASSED] - println(group): null

27-02-2025T17:40:48 - [TEST_STEP][PASSED] - if (group >= 0): null

27-02-2025T17:40:48 - [TEST_STEP][PASSED] - else: null

27-02-2025T17:40:48 - [TEST_STEP][PASSED] - if (include): null

27-02-2025T17:40:48 - [TEST_STEP][PASSED] - println(line): null

27-02-2025T17:40:48 - [TEST_STEP][PASSED] - comma = line.indexOf(",y"): null

27-02-2025T17:40:48 - [TEST_STEP][PASSED] - if (comma > 0): null

27-02-2025T17:40:48 - [TEST_STEP][PASSED] - line = reader.readLine(): null

27-02-2025T17:40:48 - [TEST_STEP][PASSED] - println(line): null

27-02-2025T17:40:48 - [TEST_STEP][PASSED] - group = line.indexOf("<Group>"): null

27-02-2025T17:40:48 - [TEST_STEP][PASSED] - println(group): null

27-02-2025T17:40:48 - [TEST_STEP][PASSED] - if (group >= 0): null

27-02-2025T17:40:48 - [TEST_STEP][PASSED] - else: null

27-02-2025T17:40:48 - [TEST_STEP][PASSED] - if (include): null

27-02-2025T17:40:48 - [TEST_STEP][PASSED] - println(line): null

27-02-2025T17:40:48 - [TEST_STEP][PASSED] - comma = line.indexOf(",y"): null

27-02-2025T17:40:48 - [TEST_STEP][PASSED] - if (comma > 0): null

27-02-2025T17:40:48 - [TEST_STEP][PASSED] - commaCount = StringUtils.countMatches(line, ","): null

27-02-2025T17:40:48 - [TEST_STEP][PASSED] - if (commaCount > 1): null

27-02-2025T17:40:48 - [TEST_STEP][PASSED] - else: null

27-02-2025T17:40:48 - [TEST_STEP][PASSED] - label = line.substring(1, comma): null

27-02-2025T17:40:48 - [TEST_STEP][PASSED] - println(label): null

27-02-2025T17:40:48 - [TEST_STEP][PASSED] - checked.add(label): null

27-02-2025T17:40:48 - [TEST_STEP][PASSED] - line = reader.readLine(): null

27-02-2025T17:40:48 - [TEST_STEP][PASSED] - println(line): null

27-02-2025T17:40:48 - [TEST_STEP][PASSED] - group = line.indexOf("<Group>"): null

27-02-2025T17:40:48 - [TEST_STEP][PASSED] - println(group): null

27-02-2025T17:40:48 - [TEST_STEP][PASSED] - if (group >= 0): null

27-02-2025T17:40:48 - [TEST_STEP][PASSED] - else: null

27-02-2025T17:40:48 - [TEST_STEP][PASSED] - if (include): null

27-02-2025T17:40:48 - [TEST_STEP][PASSED] - println(line): null

27-02-2025T17:40:48 - [TEST_STEP][PASSED] - comma = line.indexOf(",y"): null

27-02-2025T17:40:48 - [TEST_STEP][PASSED] - if (comma > 0): null

27-02-2025T17:40:48 - [TEST_STEP][PASSED] - line = reader.readLine(): null

27-02-2025T17:40:48 - [TEST_STEP][PASSED] - println(line): null

27-02-2025T17:40:48 - [TEST_STEP][PASSED] - group = line.indexOf("<Group>"): null

27-02-2025T17:40:48 - [TEST_STEP][PASSED] - println(group): null

27-02-2025T17:40:48 - [TEST_STEP][PASSED] - if (group >= 0): null

27-02-2025T17:40:48 - [TEST_STEP][PASSED] - else: null

27-02-2025T17:40:48 - [TEST_STEP][PASSED] - if (include): null

27-02-2025T17:40:48 - [TEST_STEP][PASSED] - println(line): null

27-02-2025T17:40:48 - [TEST_STEP][PASSED] - comma = line.indexOf(",y"): null

27-02-2025T17:40:48 - [TEST_STEP][PASSED] - if (comma > 0): null

27-02-2025T17:40:48 - [TEST_STEP][PASSED] - line = reader.readLine(): null

27-02-2025T17:40:48 - [TEST_STEP][PASSED] - println(line): null

27-02-2025T17:40:48 - [TEST_STEP][PASSED] - group = line.indexOf("<Group>"): null

27-02-2025T17:40:48 - [TEST_STEP][PASSED] - println(group): null

27-02-2025T17:40:48 - [TEST_STEP][PASSED] - if (group >= 0): null

27-02-2025T17:40:48 - [TEST_STEP][PASSED] - else: null

27-02-2025T17:40:48 - [TEST_STEP][PASSED] - if (include): null

27-02-2025T17:40:48 - [TEST_STEP][PASSED] - println(line): null

27-02-2025T17:40:48 - [TEST_STEP][PASSED] - comma = line.indexOf(",y"): null

27-02-2025T17:40:48 - [TEST_STEP][PASSED] - if (comma > 0): null

27-02-2025T17:40:48 - [TEST_STEP][PASSED] - line = reader.readLine(): null

27-02-2025T17:40:48 - [TEST_STEP][PASSED] - println(line): null

27-02-2025T17:40:48 - [TEST_STEP][PASSED] - group = line.indexOf("<Group>"): null

27-02-2025T17:40:48 - [TEST_STEP][PASSED] - println(group): null

27-02-2025T17:40:48 - [TEST_STEP][PASSED] - if (group >= 0): null

27-02-2025T17:40:48 - [TEST_STEP][PASSED] - else: null

27-02-2025T17:40:48 - [TEST_STEP][PASSED] - if (include): null

27-02-2025T17:40:48 - [TEST_STEP][PASSED] - println(line): null

27-02-2025T17:40:48 - [TEST_STEP][PASSED] - comma = line.indexOf(",y"): null

27-02-2025T17:40:48 - [TEST_STEP][PASSED] - if (comma > 0): null

27-02-2025T17:40:48 - [TEST_STEP][PASSED] - line = reader.readLine(): null

27-02-2025T17:40:48 - [TEST_STEP][PASSED] - println(line): null

27-02-2025T17:40:48 - [TEST_STEP][PASSED] - group = line.indexOf("<Group>"): null

27-02-2025T17:40:48 - [TEST_STEP][PASSED] - println(group): null

27-02-2025T17:40:48 - [TEST_STEP][PASSED] - if (group >= 0): null

27-02-2025T17:40:48 - [TEST_STEP][PASSED] - else: null

27-02-2025T17:40:48 - [TEST_STEP][PASSED] - if (include): null

27-02-2025T17:40:48 - [TEST_STEP][PASSED] - println(line): null

27-02-2025T17:40:48 - [TEST_STEP][PASSED] - comma = line.indexOf(",y"): null

27-02-2025T17:40:48 - [TEST_STEP][PASSED] - if (comma > 0): null

27-02-2025T17:40:48 - [TEST_STEP][PASSED] - line = reader.readLine(): null

27-02-2025T17:40:48 - [TEST_STEP][PASSED] - println(line): null

27-02-2025T17:40:48 - [TEST_STEP][PASSED] - group = line.indexOf("<Group>"): null

27-02-2025T17:40:48 - [TEST_STEP][PASSED] - println(group): null

27-02-2025T17:40:48 - [TEST_STEP][PASSED] - if (group >= 0): null

27-02-2025T17:40:48 - [TEST_STEP][PASSED] - else: null

27-02-2025T17:40:48 - [TEST_STEP][PASSED] - if (include): null

27-02-2025T17:40:48 - [TEST_STEP][PASSED] - println(line): null

27-02-2025T17:40:48 - [TEST_STEP][PASSED] - comma = line.indexOf(",y"): null

27-02-2025T17:40:48 - [TEST_STEP][PASSED] - if (comma > 0): null

27-02-2025T17:40:48 - [TEST_STEP][PASSED] - line = reader.readLine(): null

27-02-2025T17:40:48 - [TEST_STEP][PASSED] - println(line): null

27-02-2025T17:40:48 - [TEST_STEP][PASSED] - group = line.indexOf("<Group>"): null

27-02-2025T17:40:48 - [TEST_STEP][PASSED] - println(group): null

27-02-2025T17:40:48 - [TEST_STEP][PASSED] - if (group >= 0): null

27-02-2025T17:40:48 - [TEST_STEP][PASSED] - else: null

27-02-2025T17:40:48 - [TEST_STEP][PASSED] - if (include): null

27-02-2025T17:40:48 - [TEST_STEP][PASSED] - println(line): null

27-02-2025T17:40:48 - [TEST_STEP][PASSED] - comma = line.indexOf(",y"): null

27-02-2025T17:40:48 - [TEST_STEP][PASSED] - if (comma > 0): null

27-02-2025T17:40:48 - [TEST_STEP][PASSED] - line = reader.readLine(): null

27-02-2025T17:40:48 - [TEST_STEP][PASSED] - println(line): null

27-02-2025T17:40:48 - [TEST_STEP][PASSED] - group = line.indexOf("<Group>"): null

27-02-2025T17:40:48 - [TEST_STEP][PASSED] - println(group): null

27-02-2025T17:40:48 - [TEST_STEP][PASSED] - if (group >= 0): null

27-02-2025T17:40:48 - [TEST_STEP][PASSED] - else: null

27-02-2025T17:40:48 - [TEST_STEP][PASSED] - if (include): null

27-02-2025T17:40:48 - [TEST_STEP][PASSED] - println(line): null

27-02-2025T17:40:48 - [TEST_STEP][PASSED] - comma = line.indexOf(",y"): null

27-02-2025T17:40:48 - [TEST_STEP][PASSED] - if (comma > 0): null

27-02-2025T17:40:48 - [TEST_STEP][PASSED] - line = reader.readLine(): null

27-02-2025T17:40:48 - [TEST_STEP][PASSED] - println(line): null

27-02-2025T17:40:48 - [TEST_STEP][PASSED] - group = line.indexOf("<Group>"): null

27-02-2025T17:40:48 - [TEST_STEP][PASSED] - println(group): null

27-02-2025T17:40:48 - [TEST_STEP][PASSED] - if (group >= 0): null

27-02-2025T17:40:48 - [TEST_STEP][PASSED] - else: null

27-02-2025T17:40:48 - [TEST_STEP][PASSED] - if (include): null

27-02-2025T17:40:48 - [TEST_STEP][PASSED] - println(line): null

27-02-2025T17:40:48 - [TEST_STEP][PASSED] - comma = line.indexOf(",y"): null

27-02-2025T17:40:48 - [TEST_STEP][PASSED] - if (comma > 0): null

27-02-2025T17:40:48 - [TEST_STEP][PASSED] - line = reader.readLine(): null

27-02-2025T17:40:48 - [TEST_STEP][PASSED] - println(line): null

27-02-2025T17:40:48 - [TEST_STEP][PASSED] - group = line.indexOf("<Group>"): null

27-02-2025T17:40:48 - [TEST_STEP][PASSED] - println(group): null

27-02-2025T17:40:48 - [TEST_STEP][PASSED] - if (group >= 0): null

27-02-2025T17:40:48 - [TEST_STEP][PASSED] - else: null

27-02-2025T17:40:48 - [TEST_STEP][PASSED] - if (include): null

27-02-2025T17:40:48 - [TEST_STEP][PASSED] - println(line): null

27-02-2025T17:40:48 - [TEST_STEP][PASSED] - comma = line.indexOf(",y"): null

27-02-2025T17:40:48 - [TEST_STEP][PASSED] - if (comma > 0): null

27-02-2025T17:40:48 - [TEST_STEP][PASSED] - line = reader.readLine(): null

27-02-2025T17:40:48 - [TEST_STEP][PASSED] - println(line): null

27-02-2025T17:40:48 - [TEST_STEP][PASSED] - group = line.indexOf("<Group>"): null

27-02-2025T17:40:48 - [TEST_STEP][PASSED] - println(group): null

27-02-2025T17:40:48 - [TEST_STEP][PASSED] - if (group >= 0): null

27-02-2025T17:40:48 - [TEST_STEP][PASSED] - else: null

27-02-2025T17:40:48 - [TEST_STEP][PASSED] - if (include): null

27-02-2025T17:40:48 - [TEST_STEP][PASSED] - println(line): null

27-02-2025T17:40:48 - [TEST_STEP][PASSED] - comma = line.indexOf(",y"): null

27-02-2025T17:40:48 - [TEST_STEP][PASSED] - if (comma > 0): null

27-02-2025T17:40:48 - [TEST_STEP][PASSED] - line = reader.readLine(): null

27-02-2025T17:40:48 - [TEST_STEP][PASSED] - println(line): null

27-02-2025T17:40:48 - [TEST_STEP][PASSED] - group = line.indexOf("<Group>"): null

27-02-2025T17:40:48 - [TEST_STEP][PASSED] - println(group): null

27-02-2025T17:40:48 - [TEST_STEP][PASSED] - if (group >= 0): null

27-02-2025T17:40:48 - [TEST_STEP][PASSED] - else: null

27-02-2025T17:40:48 - [TEST_STEP][PASSED] - if (include): null

27-02-2025T17:40:48 - [TEST_STEP][PASSED] - println(line): null

27-02-2025T17:40:48 - [TEST_STEP][PASSED] - comma = line.indexOf(",y"): null

27-02-2025T17:40:48 - [TEST_STEP][PASSED] - if (comma > 0): null

27-02-2025T17:40:48 - [TEST_STEP][PASSED] - line = reader.readLine(): null

27-02-2025T17:40:48 - [TEST_STEP][PASSED] - println(line): null

27-02-2025T17:40:48 - [TEST_STEP][PASSED] - group = line.indexOf("<Group>"): null

27-02-2025T17:40:48 - [TEST_STEP][PASSED] - println(group): null

27-02-2025T17:40:48 - [TEST_STEP][PASSED] - if (group >= 0): null

27-02-2025T17:40:48 - [TEST_STEP][PASSED] - else: null

27-02-2025T17:40:48 - [TEST_STEP][PASSED] - if (include): null

27-02-2025T17:40:48 - [TEST_STEP][PASSED] - println(line): null

27-02-2025T17:40:48 - [TEST_STEP][PASSED] - comma = line.indexOf(",y"): null

27-02-2025T17:40:48 - [TEST_STEP][PASSED] - if (comma > 0): null

27-02-2025T17:40:48 - [TEST_STEP][PASSED] - commaCount = StringUtils.countMatches(line, ","): null

27-02-2025T17:40:48 - [TEST_STEP][PASSED] - if (commaCount > 1): null

27-02-2025T17:40:48 - [TEST_STEP][PASSED] - else: null

27-02-2025T17:40:48 - [TEST_STEP][PASSED] - label = line.substring(1, comma): null

27-02-2025T17:40:48 - [TEST_STEP][PASSED] - println(label): null

27-02-2025T17:40:48 - [TEST_STEP][PASSED] - checked.add(label): null

27-02-2025T17:40:48 - [TEST_STEP][PASSED] - line = reader.readLine(): null

27-02-2025T17:40:48 - [TEST_STEP][PASSED] - println(line): null

27-02-2025T17:40:48 - [TEST_STEP][PASSED] - group = line.indexOf("<Group>"): null

27-02-2025T17:40:48 - [TEST_STEP][PASSED] - println(group): null

27-02-2025T17:40:48 - [TEST_STEP][PASSED] - if (group >= 0): null

27-02-2025T17:40:48 - [TEST_STEP][PASSED] - else: null

27-02-2025T17:40:48 - [TEST_STEP][PASSED] - if (include): null

27-02-2025T17:40:48 - [TEST_STEP][PASSED] - println(line): null

27-02-2025T17:40:48 - [TEST_STEP][PASSED] - comma = line.indexOf(",y"): null

27-02-2025T17:40:48 - [TEST_STEP][PASSED] - if (comma > 0): null

27-02-2025T17:40:48 - [TEST_STEP][PASSED] - line = reader.readLine(): null

27-02-2025T17:40:48 - [TEST_STEP][PASSED] - println(line): null

27-02-2025T17:40:48 - [TEST_STEP][PASSED] - group = line.indexOf("<Group>"): null

27-02-2025T17:40:48 - [TEST_STEP][PASSED] - println(group): null

27-02-2025T17:40:48 - [TEST_STEP][PASSED] - if (group >= 0): null

27-02-2025T17:40:48 - [TEST_STEP][PASSED] - else: null

27-02-2025T17:40:48 - [TEST_STEP][PASSED] - if (include): null

27-02-2025T17:40:48 - [TEST_STEP][PASSED] - println(line): null

27-02-2025T17:40:48 - [TEST_STEP][PASSED] - comma = line.indexOf(",y"): null

27-02-2025T17:40:48 - [TEST_STEP][PASSED] - if (comma > 0): null

27-02-2025T17:40:48 - [TEST_STEP][PASSED] - commaCount = StringUtils.countMatches(line, ","): null

27-02-2025T17:40:48 - [TEST_STEP][PASSED] - if (commaCount > 1): null

27-02-2025T17:40:48 - [TEST_STEP][PASSED] - else: null

27-02-2025T17:40:48 - [TEST_STEP][PASSED] - label = line.substring(1, comma): null

27-02-2025T17:40:48 - [TEST_STEP][PASSED] - println(label): null

27-02-2025T17:40:48 - [TEST_STEP][PASSED] - checked.add(label): null

27-02-2025T17:40:48 - [TEST_STEP][PASSED] - line = reader.readLine(): null

27-02-2025T17:40:48 - [TEST_STEP][PASSED] - println(line): null

27-02-2025T17:40:48 - [TEST_STEP][PASSED] - group = line.indexOf("<Group>"): null

27-02-2025T17:40:48 - [TEST_STEP][PASSED] - println(group): null

27-02-2025T17:40:48 - [TEST_STEP][PASSED] - if (group >= 0): null

27-02-2025T17:40:48 - [TEST_STEP][PASSED] - else: null

27-02-2025T17:40:48 - [TEST_STEP][PASSED] - if (include): null

27-02-2025T17:40:48 - [TEST_STEP][PASSED] - println(line): null

27-02-2025T17:40:48 - [TEST_STEP][PASSED] - comma = line.indexOf(",y"): null

27-02-2025T17:40:48 - [TEST_STEP][PASSED] - if (comma > 0): null

27-02-2025T17:40:48 - [TEST_STEP][PASSED] - line = reader.readLine(): null

27-02-2025T17:40:48 - [TEST_STEP][PASSED] - println(line): null

27-02-2025T17:40:48 - [TEST_STEP][PASSED] - group = line.indexOf("<Group>"): null

27-02-2025T17:40:48 - [TEST_STEP][PASSED] - println(group): null

27-02-2025T17:40:48 - [TEST_STEP][PASSED] - if (group >= 0): null

27-02-2025T17:40:48 - [TEST_STEP][PASSED] - else: null

27-02-2025T17:40:48 - [TEST_STEP][PASSED] - if (include): null

27-02-2025T17:40:48 - [TEST_STEP][PASSED] - println(line): null

27-02-2025T17:40:48 - [TEST_STEP][PASSED] - comma = line.indexOf(",y"): null

27-02-2025T17:40:48 - [TEST_STEP][PASSED] - if (comma > 0): null

27-02-2025T17:40:48 - [TEST_STEP][PASSED] - line = reader.readLine(): null

27-02-2025T17:40:48 - [TEST_STEP][PASSED] - println(line): null

27-02-2025T17:40:48 - [TEST_STEP][PASSED] - group = line.indexOf("<Group>"): null

27-02-2025T17:40:48 - [TEST_STEP][PASSED] - println(group): null

27-02-2025T17:40:48 - [TEST_STEP][PASSED] - if (group >= 0): null

27-02-2025T17:40:48 - [TEST_STEP][PASSED] - else: null

27-02-2025T17:40:48 - [TEST_STEP][PASSED] - if (include): null

27-02-2025T17:40:48 - [TEST_STEP][PASSED] - println(line): null

27-02-2025T17:40:48 - [TEST_STEP][PASSED] - comma = line.indexOf(",y"): null

27-02-2025T17:40:48 - [TEST_STEP][PASSED] - if (comma > 0): null

27-02-2025T17:40:48 - [TEST_STEP][PASSED] - line = reader.readLine(): null

27-02-2025T17:40:48 - [TEST_STEP][PASSED] - println(line): null

27-02-2025T17:40:48 - [TEST_STEP][PASSED] - group = line.indexOf("<Group>"): null

27-02-2025T17:40:48 - [TEST_STEP][PASSED] - println(group): null

27-02-2025T17:40:48 - [TEST_STEP][PASSED] - if (group >= 0): null

27-02-2025T17:40:48 - [TEST_STEP][PASSED] - else: null

27-02-2025T17:40:48 - [TEST_STEP][PASSED] - if (include): null

27-02-2025T17:40:48 - [TEST_STEP][PASSED] - println(line): null

27-02-2025T17:40:48 - [TEST_STEP][PASSED] - comma = line.indexOf(",y"): null

27-02-2025T17:40:48 - [TEST_STEP][PASSED] - if (comma > 0): null

27-02-2025T17:40:48 - [TEST_STEP][PASSED] - line = reader.readLine(): null

27-02-2025T17:40:48 - [TEST_STEP][PASSED] - println(line): null

27-02-2025T17:40:48 - [TEST_STEP][PASSED] - group = line.indexOf("<Group>"): null

27-02-2025T17:40:48 - [TEST_STEP][PASSED] - println(group): null

27-02-2025T17:40:48 - [TEST_STEP][PASSED] - if (group >= 0): null

27-02-2025T17:40:48 - [TEST_STEP][PASSED] - else: null

27-02-2025T17:40:48 - [TEST_STEP][PASSED] - if (include): null

27-02-2025T17:40:48 - [TEST_STEP][PASSED] - println(line): null

27-02-2025T17:40:48 - [TEST_STEP][PASSED] - comma = line.indexOf(",y"): null

27-02-2025T17:40:48 - [TEST_STEP][PASSED] - if (comma > 0): null

27-02-2025T17:40:48 - [TEST_STEP][PASSED] - line = reader.readLine(): null

27-02-2025T17:40:48 - [TEST_STEP][PASSED] - println(line): null

27-02-2025T17:40:48 - [TEST_STEP][PASSED] - group = line.indexOf("<Group>"): null

27-02-2025T17:40:48 - [TEST_STEP][PASSED] - println(group): null

27-02-2025T17:40:48 - [TEST_STEP][PASSED] - if (group >= 0): null

27-02-2025T17:40:48 - [TEST_STEP][PASSED] - else: null

27-02-2025T17:40:48 - [TEST_STEP][PASSED] - if (include): null

27-02-2025T17:40:48 - [TEST_STEP][PASSED] - println(line): null

27-02-2025T17:40:48 - [TEST_STEP][PASSED] - comma = line.indexOf(",y"): null

27-02-2025T17:40:48 - [TEST_STEP][PASSED] - if (comma > 0): null

27-02-2025T17:40:48 - [TEST_STEP][PASSED] - line = reader.readLine(): null

27-02-2025T17:40:48 - [TEST_STEP][PASSED] - println(line): null

27-02-2025T17:40:48 - [TEST_STEP][PASSED] - group = line.indexOf("<Group>"): null

27-02-2025T17:40:48 - [TEST_STEP][PASSED] - println(group): null

27-02-2025T17:40:48 - [TEST_STEP][PASSED] - if (group >= 0): null

27-02-2025T17:40:48 - [TEST_STEP][PASSED] - else: null

27-02-2025T17:40:48 - [TEST_STEP][PASSED] - if (include): null

27-02-2025T17:40:48 - [TEST_STEP][PASSED] - println(line): null

27-02-2025T17:40:48 - [TEST_STEP][PASSED] - comma = line.indexOf(",y"): null

27-02-2025T17:40:48 - [TEST_STEP][PASSED] - if (comma > 0): null

27-02-2025T17:40:48 - [TEST_STEP][PASSED] - line = reader.readLine(): null

27-02-2025T17:40:48 - [TEST_STEP][PASSED] - println(line): null

27-02-2025T17:40:48 - [TEST_STEP][PASSED] - group = line.indexOf("<Group>"): null

27-02-2025T17:40:48 - [TEST_STEP][PASSED] - println(group): null

27-02-2025T17:40:48 - [TEST_STEP][PASSED] - if (group >= 0): null

27-02-2025T17:40:48 - [TEST_STEP][PASSED] - else: null

27-02-2025T17:40:48 - [TEST_STEP][PASSED] - if (include): null

27-02-2025T17:40:48 - [TEST_STEP][PASSED] - println(line): null

27-02-2025T17:40:48 - [TEST_STEP][PASSED] - comma = line.indexOf(",y"): null

27-02-2025T17:40:48 - [TEST_STEP][PASSED] - if (comma > 0): null

27-02-2025T17:40:48 - [TEST_STEP][PASSED] - line = reader.readLine(): null

27-02-2025T17:40:48 - [TEST_STEP][PASSED] - println(line): null

27-02-2025T17:40:48 - [TEST_STEP][PASSED] - group = line.indexOf("<Group>"): null

27-02-2025T17:40:48 - [TEST_STEP][PASSED] - println(group): null

27-02-2025T17:40:48 - [TEST_STEP][PASSED] - if (group >= 0): null

27-02-2025T17:40:48 - [TEST_STEP][PASSED] - else: null

27-02-2025T17:40:48 - [TEST_STEP][PASSED] - if (include): null

27-02-2025T17:40:48 - [TEST_STEP][PASSED] - println(line): null

27-02-2025T17:40:48 - [TEST_STEP][PASSED] - comma = line.indexOf(",y"): null

27-02-2025T17:40:48 - [TEST_STEP][PASSED] - if (comma > 0): null

27-02-2025T17:40:48 - [TEST_STEP][PASSED] - line = reader.readLine(): null

27-02-2025T17:40:48 - [TEST_STEP][PASSED] - println(line): null

27-02-2025T17:40:48 - [TEST_STEP][PASSED] - group = line.indexOf("<Group>"): null

27-02-2025T17:40:48 - [TEST_STEP][PASSED] - println(group): null

27-02-2025T17:40:48 - [TEST_STEP][PASSED] - if (group >= 0): null

27-02-2025T17:40:48 - [TEST_STEP][PASSED] - else: null

27-02-2025T17:40:48 - [TEST_STEP][PASSED] - if (include): null

27-02-2025T17:40:48 - [TEST_STEP][PASSED] - println(line): null

27-02-2025T17:40:48 - [TEST_STEP][PASSED] - comma = line.indexOf(",y"): null

27-02-2025T17:40:48 - [TEST_STEP][PASSED] - if (comma > 0): null

27-02-2025T17:40:48 - [TEST_STEP][PASSED] - line = reader.readLine(): null

27-02-2025T17:40:48 - [TEST_STEP][PASSED] - println(line): null

27-02-2025T17:40:48 - [TEST_STEP][PASSED] - group = line.indexOf("<Group>"): null

27-02-2025T17:40:48 - [TEST_STEP][PASSED] - println(group): null

27-02-2025T17:40:48 - [TEST_STEP][PASSED] - if (group >= 0): null

27-02-2025T17:40:48 - [TEST_STEP][PASSED] - else: null

27-02-2025T17:40:48 - [TEST_STEP][PASSED] - if (include): null

27-02-2025T17:40:48 - [TEST_STEP][PASSED] - println(line): null

27-02-2025T17:40:48 - [TEST_STEP][PASSED] - comma = line.indexOf(",y"): null

27-02-2025T17:40:48 - [TEST_STEP][PASSED] - if (comma > 0): null

27-02-2025T17:40:48 - [TEST_STEP][PASSED] - line = reader.readLine(): null

27-02-2025T17:40:48 - [TEST_STEP][PASSED] - println(line): null

27-02-2025T17:40:48 - [TEST_STEP][PASSED] - group = line.indexOf("<Group>"): null

27-02-2025T17:40:48 - [TEST_STEP][PASSED] - println(group): null

27-02-2025T17:40:48 - [TEST_STEP][PASSED] - if (group >= 0): null

27-02-2025T17:40:48 - [TEST_STEP][PASSED] - else: null

27-02-2025T17:40:48 - [TEST_STEP][PASSED] - if (include): null

27-02-2025T17:40:48 - [TEST_STEP][PASSED] - println(line): null

27-02-2025T17:40:48 - [TEST_STEP][PASSED] - comma = line.indexOf(",y"): null

27-02-2025T17:40:48 - [TEST_STEP][PASSED] - if (comma > 0): null

27-02-2025T17:40:48 - [TEST_STEP][PASSED] - line = reader.readLine(): null

27-02-2025T17:40:48 - [TEST_STEP][PASSED] - println(line): null

27-02-2025T17:40:48 - [TEST_STEP][PASSED] - group = line.indexOf("<Group>"): null

27-02-2025T17:40:48 - [TEST_STEP][PASSED] - println(group): null

27-02-2025T17:40:48 - [TEST_STEP][PASSED] - if (group >= 0): null

27-02-2025T17:40:48 - [TEST_STEP][PASSED] - else: null

27-02-2025T17:40:48 - [TEST_STEP][PASSED] - if (include): null

27-02-2025T17:40:48 - [TEST_STEP][PASSED] - println(line): null

27-02-2025T17:40:48 - [TEST_STEP][PASSED] - comma = line.indexOf(",y"): null

27-02-2025T17:40:48 - [TEST_STEP][PASSED] - if (comma > 0): null

27-02-2025T17:40:48 - [TEST_STEP][PASSED] - line = reader.readLine(): null

27-02-2025T17:40:48 - [TEST_STEP][PASSED] - println(line): null

27-02-2025T17:40:48 - [TEST_STEP][PASSED] - group = line.indexOf("<Group>"): null

27-02-2025T17:40:48 - [TEST_STEP][PASSED] - println(group): null

27-02-2025T17:40:48 - [TEST_STEP][PASSED] - if (group >= 0): null

27-02-2025T17:40:48 - [TEST_STEP][PASSED] - else: null

27-02-2025T17:40:48 - [TEST_STEP][PASSED] - if (include): null

27-02-2025T17:40:48 - [TEST_STEP][PASSED] - println(line): null

27-02-2025T17:40:48 - [TEST_STEP][PASSED] - comma = line.indexOf(",y"): null

27-02-2025T17:40:48 - [TEST_STEP][PASSED] - if (comma > 0): null

27-02-2025T17:40:48 - [TEST_STEP][PASSED] - line = reader.readLine(): null

27-02-2025T17:40:48 - [TEST_STEP][PASSED] - println(line): null

27-02-2025T17:40:48 - [TEST_STEP][PASSED] - group = line.indexOf("<Group>"): null

27-02-2025T17:40:48 - [TEST_STEP][PASSED] - println(group): null

27-02-2025T17:40:48 - [TEST_STEP][PASSED] - if (group >= 0): null

27-02-2025T17:40:48 - [TEST_STEP][PASSED] - else: null

27-02-2025T17:40:48 - [TEST_STEP][PASSED] - if (include): null

27-02-2025T17:40:48 - [TEST_STEP][PASSED] - println(line): null

27-02-2025T17:40:48 - [TEST_STEP][PASSED] - comma = line.indexOf(",y"): null

27-02-2025T17:40:48 - [TEST_STEP][PASSED] - if (comma > 0): null

27-02-2025T17:40:48 - [TEST_STEP][PASSED] - line = reader.readLine(): null

27-02-2025T17:40:48 - [TEST_STEP][PASSED] - println(line): null

27-02-2025T17:40:48 - [TEST_STEP][PASSED] - group = line.indexOf("<Group>"): null

27-02-2025T17:40:48 - [TEST_STEP][PASSED] - println(group): null

27-02-2025T17:40:48 - [TEST_STEP][PASSED] - if (group >= 0): null

27-02-2025T17:40:48 - [TEST_STEP][PASSED] - else: null

27-02-2025T17:40:48 - [TEST_STEP][PASSED] - if (include): null

27-02-2025T17:40:48 - [TEST_STEP][PASSED] - println(line): null

27-02-2025T17:40:48 - [TEST_STEP][PASSED] - comma = line.indexOf(",y"): null

27-02-2025T17:40:48 - [TEST_STEP][PASSED] - if (comma > 0): null

27-02-2025T17:40:48 - [TEST_STEP][PASSED] - line = reader.readLine(): null

27-02-2025T17:40:48 - [TEST_STEP][PASSED] - println(line): null

27-02-2025T17:40:48 - [TEST_STEP][PASSED] - group = line.indexOf("<Group>"): null

27-02-2025T17:40:48 - [TEST_STEP][PASSED] - println(group): null

27-02-2025T17:40:48 - [TEST_STEP][PASSED] - if (group >= 0): null

27-02-2025T17:40:48 - [TEST_STEP][PASSED] - else: null

27-02-2025T17:40:48 - [TEST_STEP][PASSED] - if (include): null

27-02-2025T17:40:48 - [TEST_STEP][PASSED] - println(line): null

27-02-2025T17:40:48 - [TEST_STEP][PASSED] - comma = line.indexOf(",y"): null

27-02-2025T17:40:48 - [TEST_STEP][PASSED] - if (comma > 0): null

27-02-2025T17:40:48 - [TEST_STEP][PASSED] - line = reader.readLine(): null

27-02-2025T17:40:48 - [TEST_STEP][PASSED] - println(line): null

27-02-2025T17:40:48 - [TEST_STEP][PASSED] - group = line.indexOf("<Group>"): null

27-02-2025T17:40:48 - [TEST_STEP][PASSED] - println(group): null

27-02-2025T17:40:48 - [TEST_STEP][PASSED] - if (group >= 0): null

27-02-2025T17:40:48 - [TEST_STEP][PASSED] - else: null

27-02-2025T17:40:48 - [TEST_STEP][PASSED] - if (include): null

27-02-2025T17:40:48 - [TEST_STEP][PASSED] - println(line): null

27-02-2025T17:40:48 - [TEST_STEP][PASSED] - comma = line.indexOf(",y"): null

27-02-2025T17:40:48 - [TEST_STEP][PASSED] - if (comma > 0): null

27-02-2025T17:40:48 - [TEST_STEP][PASSED] - line = reader.readLine(): null

27-02-2025T17:40:48 - [TEST_STEP][PASSED] - println(line): null

27-02-2025T17:40:48 - [TEST_STEP][PASSED] - group = line.indexOf("<Group>"): null

27-02-2025T17:40:48 - [TEST_STEP][PASSED] - println(group): null

27-02-2025T17:40:48 - [TEST_STEP][PASSED] - if (group >= 0): null

27-02-2025T17:40:48 - [TEST_STEP][PASSED] - else: null

27-02-2025T17:40:48 - [TEST_STEP][PASSED] - if (include): null

27-02-2025T17:40:48 - [TEST_STEP][PASSED] - println(line): null

27-02-2025T17:40:48 - [TEST_STEP][PASSED] - comma = line.indexOf(",y"): null

27-02-2025T17:40:48 - [TEST_STEP][PASSED] - if (comma > 0): null

27-02-2025T17:40:48 - [TEST_STEP][PASSED] - line = reader.readLine(): null

27-02-2025T17:40:48 - [TEST_STEP][PASSED] - println(line): null

27-02-2025T17:40:48 - [TEST_STEP][PASSED] - group = line.indexOf("<Group>"): null

27-02-2025T17:40:48 - [TEST_STEP][PASSED] - println(group): null

27-02-2025T17:40:48 - [TEST_STEP][PASSED] - if (group >= 0): null

27-02-2025T17:40:48 - [TEST_STEP][PASSED] - else: null

27-02-2025T17:40:48 - [TEST_STEP][PASSED] - if (include): null

27-02-2025T17:40:48 - [TEST_STEP][PASSED] - println(line): null

27-02-2025T17:40:48 - [TEST_STEP][PASSED] - comma = line.indexOf(",y"): null

27-02-2025T17:40:48 - [TEST_STEP][PASSED] - if (comma > 0): null

27-02-2025T17:40:48 - [TEST_STEP][PASSED] - line = reader.readLine(): null

27-02-2025T17:40:48 - [TEST_STEP][PASSED] - println(line): null

27-02-2025T17:40:48 - [TEST_STEP][PASSED] - group = line.indexOf("<Group>"): null

27-02-2025T17:40:48 - [TEST_STEP][PASSED] - println(group): null

27-02-2025T17:40:48 - [TEST_STEP][PASSED] - if (group >= 0): null

27-02-2025T17:40:48 - [TEST_STEP][PASSED] - else: null

27-02-2025T17:40:48 - [TEST_STEP][PASSED] - if (include): null

27-02-2025T17:40:48 - [TEST_STEP][PASSED] - println(line): null

27-02-2025T17:40:48 - [TEST_STEP][PASSED] - comma = line.indexOf(",y"): null

27-02-2025T17:40:48 - [TEST_STEP][PASSED] - if (comma > 0): null

27-02-2025T17:40:48 - [TEST_STEP][PASSED] - line = reader.readLine(): null

27-02-2025T17:40:48 - [TEST_STEP][PASSED] - frame.dispose(): null

27-02-2025T17:40:48 - [TEST_STEP][PASSED] - reader.close(): null

27-02-2025T17:40:48 - [TEST_STEP][PASSED] - println(checked): null

27-02-2025T17:40:48 - [TEST_STEP][PASSED] - return checked: null

27-02-2025T17:40:48 - [MESSAGE][PASSED] - Call Test Case 'Test Cases/_Functions/Get Selections from CSV File' successfully

27-02-2025T17:40:48 - [TEST_STEP][PASSED] - need_specific_it_positions = "Yes": null

27-02-2025T17:40:48 - [TEST_STEP][PASSED] - other_people_group = "None": null

27-02-2025T17:40:48 - [TEST_STEP][PASSED] - callTestCase(findTestCase("Journey Partner Profile/Tabs/Set Ministry Prefs"), ["varMinistry_preferences":preferences, "varNeed_specific_it_positions":need_specific_it_positions, "varOther_people_group":other_people_group], STOP_ON_FAILURE): Call Test Case 'Test Cases/Journey Partner Profile/Tabs/Set Ministry Prefs' successfully

27-02-2025T17:40:48 - [TEST_CASE][PASSED] - Test Cases/Journey Partner Profile/Tabs/Set Ministry Prefs: Test Cases/Journey Partner Profile/Tabs/Set Ministry Prefs

27-02-2025T17:40:48 - [TEST_STEP][PASSED] - username = username: null

27-02-2025T17:40:48 - [TEST_STEP][PASSED] - if (username != "cktest07jp" && username != "cktest02jp"): null

27-02-2025T17:40:48 - [TEST_STEP][PASSED] - domain = domain: null

27-02-2025T17:40:48 - [TEST_STEP][PASSED] - writeFile = false: null

27-02-2025T17:40:48 - [TEST_STEP][PASSED] - testName = "Journey Partner Ministry Prefs Tab": null

27-02-2025T17:40:48 - [TEST_STEP][PASSED] - outFile = callTestCase(findTestCase("_Functions/Set Output File"), ["varTestName":testName], STOP_ON_FAILURE): Call Test Case 'Test Cases/_Functions/Set Output File' successfully

27-02-2025T17:40:48 - [TEST_CASE][PASSED] - Test Cases/_Functions/Set Output File: Test Cases/_Functions/Set Output File

27-02-2025T17:40:48 - [TEST_STEP][PASSED] - testName = varTestName: null

27-02-2025T17:40:48 - [TEST_STEP][PASSED] - domain = domain: null

27-02-2025T17:40:48 - [TEST_STEP][PASSED] - writeFile = false: null

27-02-2025T17:40:48 - [TEST_STEP][PASSED] - if (outFile != ""): null

27-02-2025T17:40:48 - [TEST_STEP][PASSED] - myFile = outFile: null

27-02-2025T17:40:48 - [TEST_STEP][PASSED] - println(myFile): null

27-02-2025T17:40:48 - [TEST_STEP][PASSED] - outFile = new java.io.File(myFile): null

27-02-2025T17:40:48 - [TEST_STEP][PASSED] - writeFile = true: null

27-02-2025T17:40:48 - [TEST_STEP][PASSED] - if (!(writeFile)): null

27-02-2025T17:40:48 - [TEST_STEP][PASSED] - else: null

27-02-2025T17:40:48 - [TEST_STEP][PASSED] - outFile.append("
Testing " + testName + " on " + domain + ".
"): null

27-02-2025T17:40:48 - [TEST_STEP][PASSED] - return outFile: null

27-02-2025T17:40:48 - [MESSAGE][PASSED] - Call Test Case 'Test Cases/_Functions/Set Output File' successfully

27-02-2025T17:40:48 - [TEST_STEP][PASSED] - parms = [varMinistry_preferences]: null

27-02-2025T17:40:48 - [TEST_STEP][PASSED] - println(parms): null

27-02-2025T17:40:48 - [TEST_STEP][PASSED] - ministry_preferences = "//input[@id='profile_group-1446522088.64_ministry_preferences']": null

27-02-2025T17:40:48 - [TEST_STEP][PASSED] - xpaths = [ministry_preferences]: null

27-02-2025T17:40:48 - [TEST_STEP][PASSED] - tooltipImagePath = "/Users/cckozie/git/MissionNext-Katalon-Koz/images/journey partner/": null

27-02-2025T17:40:48 - [TEST_STEP][PASSED] - testObjectFolder = "Journey Partner Profile/Tabs/ Ministry Prefs/": null

27-02-2025T17:40:48 - [TEST_STEP][PASSED] - tooltips = []: null

27-02-2025T17:40:48 - [TEST_STEP][PASSED] - tooltipText = []: null

27-02-2025T17:40:48 - [TEST_STEP][PASSED] - requiredFieldMsgs = ["Ministry Preferences":"The ministry preferences field is required."]: null

27-02-2025T17:40:48 - [TEST_STEP][PASSED] - click(findTestObject("Object Repository/Journey Partner Profile/Tabs/a_Ministry Prefs")): Object: 'Object Repository/Journey Partner Profile/Tabs/a_Ministry Prefs' is clicked on

27-02-2025T17:40:48 - [MESSAGE][PASSED] - Object: 'Object Repository/Journey Partner Profile/Tabs/a_Ministry Prefs' is clicked on

27-02-2025T17:40:48 - [TEST_STEP][PASSED] - tooltipTextMap = callTestCase(findTestCase("_Functions/Get Screenshot and Tooltip Text"), ["varExtension":testName], STOP_ON_FAILURE): Call Test Case 'Test Cases/_Functions/Get Screenshot and Tooltip Text' successfully

27-02-2025T17:40:48 - [TEST_CASE][PASSED] - Test Cases/_Functions/Get Screenshot and Tooltip Text: Test Cases/_Functions/Get Screenshot and Tooltip Text

27-02-2025T17:40:48 - [TEST_STEP][PASSED] - if (fastPath): null

27-02-2025T17:40:48 - [TEST_STEP][PASSED] - frame = new javax.swing.JFrame(): null

27-02-2025T17:40:48 - [TEST_STEP][PASSED] - p = new javax.swing.JPanel(): null

27-02-2025T17:40:48 - [TEST_STEP][PASSED] - l = new javax.swing.JLabel(Getting screenshot and tooltip text..., javax.swing.SwingConstants.CENTER): null

27-02-2025T17:40:48 - [TEST_STEP][PASSED] - frame.add(l): null

27-02-2025T17:40:48 - [TEST_STEP][PASSED] - frame.setSize(300, 100): null

27-02-2025T17:40:48 - [TEST_STEP][PASSED] - frame.setLocation(600, 0): null

27-02-2025T17:40:48 - [TEST_STEP][PASSED] - frame.setAlwaysOnTop(true): null

27-02-2025T17:40:48 - [TEST_STEP][PASSED] - frame.show(): null

27-02-2025T17:40:48 - [TEST_STEP][PASSED] - driver = getWebDriver(): null

27-02-2025T17:40:48 - [TEST_STEP][PASSED] - path = "/Users/cckozie/Documents/MissionNext/Screenshots and Tooltip Text/": null

27-02-2025T17:40:48 - [TEST_STEP][PASSED] - if (binding.hasVariable("varExtension")): null

27-02-2025T17:40:48 - [TEST_STEP][PASSED] - extension = varExtension: null

27-02-2025T17:40:48 - [TEST_STEP][PASSED] - println("Extension is " + extension): null

27-02-2025T17:40:48 - [TEST_STEP][PASSED] - fileBase = path + extension: null

27-02-2025T17:40:48 - [TEST_STEP][PASSED] - fileImage = fileBase + "_Screenshot.png": null

27-02-2025T17:40:48 - [TEST_STEP][PASSED] - waitForPageLoad(30): Wait for page load successfully

27-02-2025T17:40:48 - [MESSAGE][PASSED] - Wait for page load successfully

27-02-2025T17:40:48 - [TEST_STEP][PASSED] - spinner = driver.findElement(By.xpath("/html/body/div[1]/div/div[2]")): null

27-02-2025T17:40:48 - [TEST_STEP][PASSED] - executor = driver: null

27-02-2025T17:40:48 - [TEST_STEP][PASSED] - elementAttributes = executor.executeScript("var items = {}; for (index = 0; index < arguments[0].attributes.length; ++index) { items[arguments[0].attributes[index].name] = arguments[0].attributes[index].value }; return items;", spinner): null

27-02-2025T17:40:48 - [TEST_STEP][PASSED] - attrs = elementAttributes.toString(): null

27-02-2025T17:40:48 - [TEST_STEP][PASSED] - waits = 0: null

27-02-2025T17:40:48 - [TEST_STEP][PASSED] - while (attrs.indexOf("display: none") < 0 && waits < 2): null

27-02-2025T17:40:48 - [TEST_STEP][PASSED] - delay(1): Delayed 1 second(s)

27-02-2025T17:40:49 - [MESSAGE][PASSED] - Delayed 1 second(s)

27-02-2025T17:40:49 - [TEST_STEP][PASSED] - attrs = elementAttributes.toString(): null

27-02-2025T17:40:49 - [TEST_STEP][PASSED] - (waits++): null

27-02-2025T17:40:49 - [TEST_STEP][PASSED] - delay(1): Delayed 1 second(s)

27-02-2025T17:40:50 - [MESSAGE][PASSED] - Delayed 1 second(s)

27-02-2025T17:40:50 - [TEST_STEP][PASSED] - attrs = elementAttributes.toString(): null

27-02-2025T17:40:50 - [TEST_STEP][PASSED] - (waits++): null

27-02-2025T17:40:50 - [TEST_STEP][PASSED] - tooltipMap = callTestCase(findTestCase("_Functions/Get Tooltip Text"), [:], STOP_ON_FAILURE): Call Test Case 'Test Cases/_Functions/Get Tooltip Text' successfully

27-02-2025T17:40:50 - [TEST_CASE][PASSED] - Test Cases/_Functions/Get Tooltip Text: Test Cases/_Functions/Get Tooltip Text

27-02-2025T17:40:50 - [TEST_STEP][PASSED] - fieldTooltips = [:]: null

27-02-2025T17:40:50 - [TEST_STEP][PASSED] - tooltipMap = [:]: null

27-02-2025T17:40:50 - [TEST_STEP][PASSED] - driver = getWebDriver(): null

27-02-2025T17:40:50 - [TEST_STEP][PASSED] - tooltips = driver.findElements(By.className("field-tooltip")): null

27-02-2025T17:40:50 - [TEST_STEP][PASSED] - for (def it : tooltips): null

27-02-2025T17:40:50 - [TEST_STEP][PASSED] - if (it.isDisplayed()): null

27-02-2025T17:40:50 - [TEST_STEP][PASSED] - if (it.isDisplayed()): null

27-02-2025T17:40:50 - [TEST_STEP][PASSED] - if (it.isDisplayed()): null

27-02-2025T17:40:50 - [TEST_STEP][PASSED] - if (it.isDisplayed()): null

27-02-2025T17:40:50 - [TEST_STEP][PASSED] - if (it.isDisplayed()): null

27-02-2025T17:40:50 - [TEST_STEP][PASSED] - if (it.isDisplayed()): null

27-02-2025T17:40:50 - [TEST_STEP][PASSED] - if (it.isDisplayed()): null

27-02-2025T17:40:50 - [TEST_STEP][PASSED] - if (it.isDisplayed()): null

27-02-2025T17:40:50 - [TEST_STEP][PASSED] - if (it.isDisplayed()): null

27-02-2025T17:40:50 - [TEST_STEP][PASSED] - if (it.isDisplayed()): null

27-02-2025T17:40:50 - [TEST_STEP][PASSED] - if (it.isDisplayed()): null

27-02-2025T17:40:50 - [TEST_STEP][PASSED] - if (it.isDisplayed()): null

27-02-2025T17:40:50 - [TEST_STEP][PASSED] - if (it.isDisplayed()): null

27-02-2025T17:40:50 - [TEST_STEP][PASSED] - if (it.isDisplayed()): null

27-02-2025T17:40:50 - [TEST_STEP][PASSED] - if (it.isDisplayed()): null

27-02-2025T17:40:50 - [TEST_STEP][PASSED] - if (it.isDisplayed()): null

27-02-2025T17:40:50 - [TEST_STEP][PASSED] - if (it.isDisplayed()): null

27-02-2025T17:40:50 - [TEST_STEP][PASSED] - if (it.isDisplayed()): null

27-02-2025T17:40:50 - [TEST_STEP][PASSED] - if (it.isDisplayed()): null

27-02-2025T17:40:50 - [TEST_STEP][PASSED] - if (it.isDisplayed()): null

27-02-2025T17:40:50 - [TEST_STEP][PASSED] - if (it.isDisplayed()): null

27-02-2025T17:40:50 - [TEST_STEP][PASSED] - if (it.isDisplayed()): null

27-02-2025T17:40:50 - [TEST_STEP][PASSED] - if (it.isDisplayed()): null

27-02-2025T17:40:50 - [TEST_STEP][PASSED] - if (it.isDisplayed()): null

27-02-2025T17:40:50 - [TEST_STEP][PASSED] - if (it.isDisplayed()): null

27-02-2025T17:40:50 - [TEST_STEP][PASSED] - if (it.isDisplayed()): null

27-02-2025T17:40:50 - [TEST_STEP][PASSED] - if (it.isDisplayed()): null

27-02-2025T17:40:50 - [TEST_STEP][PASSED] - if (it.isDisplayed()): null

27-02-2025T17:40:50 - [TEST_STEP][PASSED] - if (it.isDisplayed()): null

27-02-2025T17:40:50 - [TEST_STEP][PASSED] - if (it.isDisplayed()): null

27-02-2025T17:40:50 - [TEST_STEP][PASSED] - if (it.isDisplayed()): null

27-02-2025T17:40:50 - [TEST_STEP][PASSED] - if (it.isDisplayed()): null

27-02-2025T17:40:50 - [TEST_STEP][PASSED] - if (it.isDisplayed()): null

27-02-2025T17:40:50 - [TEST_STEP][PASSED] - if (it.isDisplayed()): null

27-02-2025T17:40:50 - [TEST_STEP][PASSED] - if (it.isDisplayed()): null

27-02-2025T17:40:50 - [TEST_STEP][PASSED] - if (it.isDisplayed()): null

27-02-2025T17:40:50 - [TEST_STEP][PASSED] - if (it.isDisplayed()): null

27-02-2025T17:40:50 - [TEST_STEP][PASSED] - if (fieldTooltips.size() > 0): null

27-02-2025T17:40:50 - [TEST_STEP][PASSED] - return tooltipMap: null

27-02-2025T17:40:50 - [MESSAGE][PASSED] - Call Test Case 'Test Cases/_Functions/Get Tooltip Text' successfully

27-02-2025T17:40:50 - [TEST_STEP][PASSED] - if (tooltipMap.size() > 0): null

27-02-2025T17:40:50 - [TEST_STEP][PASSED] - takeFullPageScreenshot(fileImage): Taking screenshot successfully

27-02-2025T17:40:52 - [MESSAGE][INFO] - 0 hidden object(s)

27-02-2025T17:40:53 - [MESSAGE][PASSED] - Taking screenshot successfully
[[ATTACHMENT|/Users/cckozie/Documents/MissionNext/Screenshots and Tooltip Text/Journey Partner Ministry Prefs Tab_Screenshot.png]]

27-02-2025T17:40:53 - [TEST_STEP][PASSED] - frame.dispose(): null

27-02-2025T17:40:53 - [TEST_STEP][PASSED] - return tooltipMap: null

27-02-2025T17:40:53 - [MESSAGE][PASSED] - Call Test Case 'Test Cases/_Functions/Get Screenshot and Tooltip Text' successfully

27-02-2025T17:40:53 - [TEST_STEP][PASSED] - callTestCase(findTestCase("_Functions/Test Tooltips"), ["varTooltipImagePath":tooltipImagePath, "varTooltips":tooltips, "varTooltipText":tooltipText, "varTestObjectFolder":testObjectFolder, ... ], OPTIONAL): Call Test Case 'Test Cases/_Functions/Test Tooltips' successfully

27-02-2025T17:40:53 - [TEST_CASE][PASSED] - Test Cases/_Functions/Test Tooltips: Test Cases/_Functions/Test Tooltips

27-02-2025T17:40:53 - [TEST_STEP][PASSED] - if (fastPath): null

27-02-2025T17:40:53 - [TEST_STEP][PASSED] - tooltipImagePath = varTooltipImagePath: null

27-02-2025T17:40:53 - [TEST_STEP][PASSED] - tooltips = varTooltips: null

27-02-2025T17:40:53 - [TEST_STEP][PASSED] - tooltipText = varTooltipText: null

27-02-2025T17:40:53 - [TEST_STEP][PASSED] - testObjectFolder = varTestObjectFolder: null

27-02-2025T17:40:53 - [TEST_STEP][PASSED] - tooltipTextMap = varTooltipTextMap: null

27-02-2025T17:40:53 - [TEST_STEP][PASSED] - writeFile = false: null

27-02-2025T17:40:53 - [TEST_STEP][PASSED] - if (outFile != ""): null

27-02-2025T17:40:53 - [TEST_STEP][PASSED] - myFile = outFile: null

27-02-2025T17:40:53 - [TEST_STEP][PASSED] - println(myFile): null

27-02-2025T17:40:53 - [TEST_STEP][PASSED] - outFile = new java.io.File(myFile): null

27-02-2025T17:40:53 - [TEST_STEP][PASSED] - writeFile = true: null

27-02-2025T17:40:53 - [TEST_STEP][PASSED] - driver = getWebDriver(): null

27-02-2025T17:40:53 - [TEST_STEP][PASSED] - action = new org.openqa.selenium.interactions.Actions(driver): null

27-02-2025T17:40:53 - [TEST_STEP][PASSED] - s = new org.sikuli.script.Screen(): null

27-02-2025T17:40:53 - [TEST_STEP][PASSED] - outText = "Verifying the tooltips can be displayed.
": null

27-02-2025T17:40:53 - [TEST_STEP][PASSED] - outFile.append(outText): null

27-02-2025T17:40:53 - [TEST_STEP][PASSED] - first = true: null

27-02-2025T17:40:53 - [TEST_STEP][PASSED] - for (def it : tooltips): null

27-02-2025T17:40:53 - [TEST_STEP][PASSED] - outText = "Verifying the tooltip text on the page is what was expected.
": null

27-02-2025T17:40:53 - [TEST_STEP][PASSED] - println(tooltipTextMap): null

27-02-2025T17:40:53 - [TEST_STEP][PASSED] - outFile.append(outText): null

27-02-2025T17:40:53 - [TEST_STEP][PASSED] - for (def it : tooltipText): null

27-02-2025T17:40:53 - [MESSAGE][PASSED] - Call Test Case 'Test Cases/_Functions/Test Tooltips' successfully

27-02-2025T17:40:53 - [TEST_STEP][PASSED] - url = getUrl(OPTIONAL): Current window's url is: 'https://journey.missionnext.org/profile?requestUri=/dashboard'

27-02-2025T17:40:53 - [MESSAGE][PASSED] - Current window's url is: 'https://journey.missionnext.org/profile?requestUri=/dashboard'

27-02-2025T17:40:53 - [TEST_STEP][PASSED] - if (!(url) == "https://education." + domain + "/profile?requestUri=/dashboard"): null

27-02-2025T17:40:53 - [TEST_STEP][PASSED] - outText = "Verifying the required field messages.
": null

27-02-2025T17:40:53 - [TEST_STEP][PASSED] - outFile.append(outText): null

27-02-2025T17:40:53 - [TEST_STEP][PASSED] - fieldList = []: null

27-02-2025T17:40:53 - [TEST_STEP][PASSED] - requiredFieldMsgs.each({ -> ... }): null

27-02-2025T17:40:53 - [TEST_STEP][PASSED] - callTestCase(findTestCase("_Functions/Test Field Error Messages"), ["varFieldList":fieldList, "varRequiredFieldMsgs":requiredFieldMsgs], STOP_ON_FAILURE): Call Test Case 'Test Cases/_Functions/Test Field Error Messages' successfully

27-02-2025T17:40:53 - [TEST_CASE][PASSED] - Test Cases/_Functions/Test Field Error Messages: Test Cases/_Functions/Test Field Error Messages

27-02-2025T17:40:53 - [TEST_STEP][PASSED] - count = callTestCase(findTestCase("_Functions/Find error messages"), ["varFunction":"count"], STOP_ON_FAILURE): Call Test Case 'Test Cases/_Functions/Find error messages' successfully

27-02-2025T17:40:53 - [TEST_CASE][PASSED] - Test Cases/_Functions/Find error messages: Test Cases/_Functions/Find error messages

27-02-2025T17:40:53 - [TEST_STEP][PASSED] - function = "count": null

27-02-2025T17:40:53 - [TEST_STEP][PASSED] - if (binding.hasVariable("varFunction")): null

27-02-2025T17:40:53 - [TEST_STEP][PASSED] - function = varFunction: null

27-02-2025T17:40:53 - [TEST_STEP][PASSED] - title = getWindowTitle(): Current window's title is: 'Journey'

27-02-2025T17:40:53 - [MESSAGE][PASSED] - Current window's title is: 'Journey'

27-02-2025T17:40:53 - [TEST_STEP][PASSED] - println("Page title is " + title): null

27-02-2025T17:40:53 - [TEST_STEP][PASSED] - driver = getWebDriver(): null

27-02-2025T17:40:53 - [TEST_STEP][PASSED] - elements = driver.findElements(By.xpath("//div[@class='col-sm-offset-3 col-sm-9 text-danger']")): null

27-02-2025T17:40:53 - [TEST_STEP][PASSED] - if (function == "count"): null

27-02-2025T17:40:53 - [TEST_STEP][PASSED] - return elements.size(): null

27-02-2025T17:40:53 - [MESSAGE][PASSED] - Call Test Case 'Test Cases/_Functions/Find error messages' successfully

27-02-2025T17:40:53 - [TEST_STEP][PASSED] - outFile = outFile: null

27-02-2025T17:40:53 - [TEST_STEP][PASSED] - if (count == 0): null

27-02-2025T17:40:53 - [TEST_STEP][PASSED] - else: Delayed 0 second(s)

27-02-2025T17:40:53 - [TEST_STEP][PASSED] - fieldList = varFieldList: null

27-02-2025T17:40:53 - [TEST_STEP][PASSED] - requiredFieldMsgs = varRequiredFieldMsgs: null

27-02-2025T17:40:53 - [TEST_STEP][PASSED] - outText = "Verifying error messages for fields " + fieldList: null

27-02-2025T17:40:53 - [TEST_STEP][PASSED] - for (def field : fieldList): null

27-02-2025T17:40:53 - [TEST_STEP][PASSED] - errorMsg = requiredFieldMsgs.get(field): null

27-02-2025T17:40:53 - [TEST_STEP][PASSED] - msg = verifyTextPresent(errorMsg, false, OPTIONAL): Text 'The ministry preferences field is required.' is present on page 

27-02-2025T17:40:53 - [MESSAGE][PASSED] - Text 'The ministry preferences field is required.' is present on page 

27-02-2025T17:40:53 - [TEST_STEP][PASSED] - println(field + ":" + msg): null

27-02-2025T17:40:53 - [TEST_STEP][PASSED] - if (!(msg)): null

27-02-2025T17:40:53 - [TEST_STEP][PASSED] - delay(fieldTestDelay): Delayed 0 second(s)

27-02-2025T17:40:53 - [MESSAGE][PASSED] - Delayed 0 second(s)

27-02-2025T17:40:53 - [MESSAGE][PASSED] - Call Test Case 'Test Cases/_Functions/Test Field Error Messages' successfully

27-02-2025T17:40:53 - [TEST_STEP][PASSED] - if (varNeed_specific_it_positions == "Yes"): Delayed 1 second(s)

27-02-2025T17:40:53 - [TEST_STEP][PASSED] - driver = getWebDriver(): null

27-02-2025T17:40:53 - [TEST_STEP][PASSED] - object = "Object Repository/Journey Partner Profile/Tabs/Ministry Prefs/input_Need Specific IT Positions": null

27-02-2025T17:40:53 - [TEST_STEP][PASSED] - element = findWebElement(findTestObject(object), 1): null

27-02-2025T17:40:53 - [TEST_STEP][PASSED] - myStatus = element.isSelected(): null

27-02-2025T17:40:53 - [TEST_STEP][PASSED] - if (varNeed_specific_it_positions == "Yes" && !(myStatus) || varNeed_specific_it_positions == "No" && myStatus): Delayed 1 second(s)

27-02-2025T17:40:53 - [TEST_STEP][PASSED] - callTestCase(findTestCase("_Functions/Perform Action"), ["varAction":"click", "varObject":object, "varParm1":null], STOP_ON_FAILURE): Call Test Case 'Test Cases/_Functions/Perform Action' successfully

27-02-2025T17:40:53 - [TEST_CASE][PASSED] - Test Cases/_Functions/Perform Action: Test Cases/_Functions/Perform Action

27-02-2025T17:40:53 - [TEST_STEP][PASSED] - action = varAction: null

27-02-2025T17:40:53 - [TEST_STEP][PASSED] - println(action): null

27-02-2025T17:40:53 - [TEST_STEP][PASSED] - testObject = varObject: null

27-02-2025T17:40:53 - [TEST_STEP][PASSED] - println(testObject): null

27-02-2025T17:40:53 - [TEST_STEP][PASSED] - parm1 = varParm1: null

27-02-2025T17:40:53 - [TEST_STEP][PASSED] - println(parm1): null

27-02-2025T17:40:53 - [TEST_STEP][PASSED] - println("Converting " + testObject + " to web element"): null

27-02-2025T17:40:53 - [TEST_STEP][PASSED] - element = findWebElement(findTestObject(testObject), 1): null

27-02-2025T17:40:53 - [TEST_STEP][PASSED] - loc = element.getLocation(): null

27-02-2025T17:40:53 - [TEST_STEP][PASSED] - y = loc.getY(): null

27-02-2025T17:40:53 - [TEST_STEP][PASSED] - println("Y location is " + y): null

27-02-2025T17:40:53 - [TEST_STEP][PASSED] - top = getViewportTopPosition(): Current viewport's top (y) position is 0

27-02-2025T17:40:53 - [MESSAGE][PASSED] - Current viewport's top (y) position is 0

27-02-2025T17:40:53 - [TEST_STEP][PASSED] - println("Viewport top is " + top): null

27-02-2025T17:40:53 - [TEST_STEP][PASSED] - bottom = top + 600: null

27-02-2025T17:40:53 - [TEST_STEP][PASSED] - if (y - top < 150 || bottom - y < 10): null

27-02-2025T17:40:53 - [TEST_STEP][PASSED] - if (action == "click"): Object: 'Object Repository/Journey Partner Profile/Tabs/Ministry Prefs/input_Need Specific IT Positions' is clicked on

27-02-2025T17:40:53 - [TEST_STEP][PASSED] - println("clicking"): null

27-02-2025T17:40:53 - [TEST_STEP][PASSED] - click(findTestObject(testObject)): Object: 'Object Repository/Journey Partner Profile/Tabs/Ministry Prefs/input_Need Specific IT Positions' is clicked on

27-02-2025T17:40:53 - [MESSAGE][PASSED] - Object: 'Object Repository/Journey Partner Profile/Tabs/Ministry Prefs/input_Need Specific IT Positions' is clicked on

27-02-2025T17:40:53 - [MESSAGE][PASSED] - Call Test Case 'Test Cases/_Functions/Perform Action' successfully

27-02-2025T17:40:53 - [TEST_STEP][PASSED] - delay(1): Delayed 1 second(s)

27-02-2025T17:40:54 - [MESSAGE][PASSED] - Delayed 1 second(s)

27-02-2025T17:40:54 - [TEST_STEP][PASSED] - if (!(fastPath)): Call Test Case 'Test Cases/_Functions/Click on Group Elements' successfully

27-02-2025T17:40:54 - [TEST_STEP][PASSED] - callTestCase(findTestCase("_Functions/Click on Group Elements"), ["varXpaths":xpaths, "varParms":parms], STOP_ON_FAILURE): Call Test Case 'Test Cases/_Functions/Click on Group Elements' successfully

27-02-2025T17:40:54 - [TEST_CASE][PASSED] - Test Cases/_Functions/Click on Group Elements: Test Cases/_Functions/Click on Group Elements

27-02-2025T17:40:54 - [TEST_STEP][PASSED] - debug = false: null

27-02-2025T17:40:54 - [TEST_STEP][PASSED] - toggle = true: null

27-02-2025T17:40:54 - [TEST_STEP][PASSED] - frame = new javax.swing.JFrame(): null

27-02-2025T17:40:54 - [TEST_STEP][PASSED] - p = new javax.swing.JPanel(): null

27-02-2025T17:40:54 - [TEST_STEP][PASSED] - l = new javax.swing.JLabel(Making user selections..., javax.swing.SwingConstants.CENTER): null

27-02-2025T17:40:54 - [TEST_STEP][PASSED] - frame.add(l): null

27-02-2025T17:40:54 - [TEST_STEP][PASSED] - frame.setSize(300, 100): null

27-02-2025T17:40:54 - [TEST_STEP][PASSED] - frame.setLocation(600, 0): null

27-02-2025T17:40:54 - [TEST_STEP][PASSED] - frame.setAlwaysOnTop(true): null

27-02-2025T17:40:54 - [TEST_STEP][PASSED] - frame.show(): null

27-02-2025T17:40:54 - [TEST_STEP][PASSED] - driver = getWebDriver(): null

27-02-2025T17:40:54 - [TEST_STEP][PASSED] - println(varParms): null

27-02-2025T17:40:54 - [TEST_STEP][PASSED] - for ([i = 0, i < varXpaths.size(), (i++)]): null

27-02-2025T17:40:54 - [TEST_STEP][PASSED] - if (debug): null

27-02-2025T17:40:54 - [TEST_STEP][PASSED] - if (varParms[i].indexOf("Europe") >= 0): null

27-02-2025T17:40:54 - [TEST_STEP][PASSED] - elements = driver.findElements(By.xpath(varXpaths[i])): null

27-02-2025T17:40:54 - [TEST_STEP][PASSED] - element_count = elements.size(): null

27-02-2025T17:40:54 - [TEST_STEP][PASSED] - for (def element : elements): null

27-02-2025T17:40:54 - [TEST_STEP][PASSED] - myValue = element.getAttribute("value"): null

27-02-2025T17:40:54 - [TEST_STEP][PASSED] - if (debug): null

27-02-2025T17:40:54 - [TEST_STEP][PASSED] - if (myValue.length() >= 4): null

27-02-2025T17:40:54 - [TEST_STEP][PASSED] - if (myValue.substring(0, 4) == "(!) "): null

27-02-2025T17:40:54 - [TEST_STEP][PASSED] - myType = element.getAttribute("type"): null

27-02-2025T17:40:54 - [TEST_STEP][PASSED] - if (myValue in varParms[i]): null

27-02-2025T17:40:54 - [TEST_STEP][PASSED] - else: null

27-02-2025T17:40:54 - [TEST_STEP][PASSED] - inList = false: null

27-02-2025T17:40:54 - [TEST_STEP][PASSED] - if (myType == "checkbox"): null

27-02-2025T17:40:54 - [TEST_STEP][PASSED] - myStatus = element.isSelected(): null

27-02-2025T17:40:54 - [TEST_STEP][PASSED] - if (debug): null

27-02-2025T17:40:54 - [TEST_STEP][PASSED] - if (toggle && myStatus && inList): null

27-02-2025T17:40:54 - [TEST_STEP][PASSED] - if (!(myStatus) && inList || myStatus && !(inList)): null

27-02-2025T17:40:54 - [TEST_STEP][PASSED] - myValue = element.getAttribute("value"): null

27-02-2025T17:40:54 - [TEST_STEP][PASSED] - if (debug): null

27-02-2025T17:40:54 - [TEST_STEP][PASSED] - if (myValue.length() >= 4): null

27-02-2025T17:40:54 - [TEST_STEP][PASSED] - if (myValue.substring(0, 4) == "(!) "): null

27-02-2025T17:40:54 - [TEST_STEP][PASSED] - myType = element.getAttribute("type"): null

27-02-2025T17:40:54 - [TEST_STEP][PASSED] - if (myValue in varParms[i]): null

27-02-2025T17:40:54 - [TEST_STEP][PASSED] - else: null

27-02-2025T17:40:54 - [TEST_STEP][PASSED] - inList = false: null

27-02-2025T17:40:54 - [TEST_STEP][PASSED] - if (myType == "checkbox"): null

27-02-2025T17:40:54 - [TEST_STEP][PASSED] - myStatus = element.isSelected(): null

27-02-2025T17:40:54 - [TEST_STEP][PASSED] - if (debug): null

27-02-2025T17:40:54 - [TEST_STEP][PASSED] - if (toggle && myStatus && inList): null

27-02-2025T17:40:54 - [TEST_STEP][PASSED] - if (!(myStatus) && inList || myStatus && !(inList)): null

27-02-2025T17:40:54 - [TEST_STEP][PASSED] - myValue = element.getAttribute("value"): null

27-02-2025T17:40:54 - [TEST_STEP][PASSED] - if (debug): null

27-02-2025T17:40:54 - [TEST_STEP][PASSED] - if (myValue.length() >= 4): null

27-02-2025T17:40:54 - [TEST_STEP][PASSED] - if (myValue.substring(0, 4) == "(!) "): null

27-02-2025T17:40:54 - [TEST_STEP][PASSED] - myType = element.getAttribute("type"): null

27-02-2025T17:40:54 - [TEST_STEP][PASSED] - if (myValue in varParms[i]): null

27-02-2025T17:40:54 - [TEST_STEP][PASSED] - else: null

27-02-2025T17:40:54 - [TEST_STEP][PASSED] - inList = false: null

27-02-2025T17:40:54 - [TEST_STEP][PASSED] - if (myType == "checkbox"): null

27-02-2025T17:40:54 - [TEST_STEP][PASSED] - myStatus = element.isSelected(): null

27-02-2025T17:40:54 - [TEST_STEP][PASSED] - if (debug): null

27-02-2025T17:40:54 - [TEST_STEP][PASSED] - if (toggle && myStatus && inList): null

27-02-2025T17:40:54 - [TEST_STEP][PASSED] - if (!(myStatus) && inList || myStatus && !(inList)): null

27-02-2025T17:40:54 - [TEST_STEP][PASSED] - myValue = element.getAttribute("value"): null

27-02-2025T17:40:54 - [TEST_STEP][PASSED] - if (debug): null

27-02-2025T17:40:54 - [TEST_STEP][PASSED] - if (myValue.length() >= 4): null

27-02-2025T17:40:54 - [TEST_STEP][PASSED] - if (myValue.substring(0, 4) == "(!) "): null

27-02-2025T17:40:54 - [TEST_STEP][PASSED] - myType = element.getAttribute("type"): null

27-02-2025T17:40:54 - [TEST_STEP][PASSED] - if (myValue in varParms[i]): null

27-02-2025T17:40:54 - [TEST_STEP][PASSED] - else: null

27-02-2025T17:40:54 - [TEST_STEP][PASSED] - inList = false: null

27-02-2025T17:40:54 - [TEST_STEP][PASSED] - if (myType == "checkbox"): null

27-02-2025T17:40:54 - [TEST_STEP][PASSED] - myStatus = element.isSelected(): null

27-02-2025T17:40:54 - [TEST_STEP][PASSED] - if (debug): null

27-02-2025T17:40:54 - [TEST_STEP][PASSED] - if (toggle && myStatus && inList): null

27-02-2025T17:40:54 - [TEST_STEP][PASSED] - if (!(myStatus) && inList || myStatus && !(inList)): null

27-02-2025T17:40:54 - [TEST_STEP][PASSED] - myValue = element.getAttribute("value"): null

27-02-2025T17:40:54 - [TEST_STEP][PASSED] - if (debug): null

27-02-2025T17:40:54 - [TEST_STEP][PASSED] - if (myValue.length() >= 4): null

27-02-2025T17:40:54 - [TEST_STEP][PASSED] - if (myValue.substring(0, 4) == "(!) "): null

27-02-2025T17:40:54 - [TEST_STEP][PASSED] - myType = element.getAttribute("type"): null

27-02-2025T17:40:54 - [TEST_STEP][PASSED] - if (myValue in varParms[i]): null

27-02-2025T17:40:54 - [TEST_STEP][PASSED] - else: null

27-02-2025T17:40:54 - [TEST_STEP][PASSED] - inList = false: null

27-02-2025T17:40:54 - [TEST_STEP][PASSED] - if (myType == "checkbox"): null

27-02-2025T17:40:54 - [TEST_STEP][PASSED] - myStatus = element.isSelected(): null

27-02-2025T17:40:54 - [TEST_STEP][PASSED] - if (debug): null

27-02-2025T17:40:54 - [TEST_STEP][PASSED] - if (toggle && myStatus && inList): null

27-02-2025T17:40:54 - [TEST_STEP][PASSED] - if (!(myStatus) && inList || myStatus && !(inList)): null

27-02-2025T17:40:54 - [TEST_STEP][PASSED] - myValue = element.getAttribute("value"): null

27-02-2025T17:40:54 - [TEST_STEP][PASSED] - if (debug): null

27-02-2025T17:40:54 - [TEST_STEP][PASSED] - if (myValue.length() >= 4): null

27-02-2025T17:40:54 - [TEST_STEP][PASSED] - if (myValue.substring(0, 4) == "(!) "): null

27-02-2025T17:40:54 - [TEST_STEP][PASSED] - myType = element.getAttribute("type"): null

27-02-2025T17:40:54 - [TEST_STEP][PASSED] - if (myValue in varParms[i]): null

27-02-2025T17:40:54 - [TEST_STEP][PASSED] - else: null

27-02-2025T17:40:54 - [TEST_STEP][PASSED] - inList = false: null

27-02-2025T17:40:54 - [TEST_STEP][PASSED] - if (myType == "checkbox"): null

27-02-2025T17:40:54 - [TEST_STEP][PASSED] - myStatus = element.isSelected(): null

27-02-2025T17:40:54 - [TEST_STEP][PASSED] - if (debug): null

27-02-2025T17:40:54 - [TEST_STEP][PASSED] - if (toggle && myStatus && inList): null

27-02-2025T17:40:54 - [TEST_STEP][PASSED] - if (!(myStatus) && inList || myStatus && !(inList)): null

27-02-2025T17:40:54 - [TEST_STEP][PASSED] - myValue = element.getAttribute("value"): null

27-02-2025T17:40:54 - [TEST_STEP][PASSED] - if (debug): null

27-02-2025T17:40:54 - [TEST_STEP][PASSED] - if (myValue.length() >= 4): null

27-02-2025T17:40:54 - [TEST_STEP][PASSED] - if (myValue.substring(0, 4) == "(!) "): null

27-02-2025T17:40:54 - [TEST_STEP][PASSED] - myType = element.getAttribute("type"): null

27-02-2025T17:40:54 - [TEST_STEP][PASSED] - if (myValue in varParms[i]): null

27-02-2025T17:40:54 - [TEST_STEP][PASSED] - inList = true: null

27-02-2025T17:40:54 - [TEST_STEP][PASSED] - if (myType == "checkbox"): null

27-02-2025T17:40:54 - [TEST_STEP][PASSED] - myStatus = element.isSelected(): null

27-02-2025T17:40:54 - [TEST_STEP][PASSED] - if (debug): null

27-02-2025T17:40:54 - [TEST_STEP][PASSED] - if (toggle && myStatus && inList): null

27-02-2025T17:40:54 - [TEST_STEP][PASSED] - if (!(myStatus) && inList || myStatus && !(inList)): null

27-02-2025T17:40:54 - [TEST_STEP][PASSED] - if (debug): null

27-02-2025T17:40:54 - [TEST_STEP][PASSED] - println("Clicking " + myValue): null

27-02-2025T17:40:54 - [TEST_STEP][PASSED] - click(element): null

27-02-2025T17:40:54 - [TEST_STEP][PASSED] - scrollToObject(elem): null

27-02-2025T17:40:54 - [TEST_STEP][PASSED] - loc = element.getLocation(): null

27-02-2025T17:40:54 - [TEST_STEP][PASSED] - if (debug): null

27-02-2025T17:40:54 - [TEST_STEP][PASSED] - y = loc.getY(): null

27-02-2025T17:40:54 - [TEST_STEP][PASSED] - println("Y location is " + y): null

27-02-2025T17:40:54 - [TEST_STEP][PASSED] - top = getViewportTopPosition(): Current viewport's top (y) position is 0

27-02-2025T17:40:54 - [MESSAGE][PASSED] - Current viewport's top (y) position is 0

27-02-2025T17:40:54 - [TEST_STEP][PASSED] - println("Viewport top is " + top): null

27-02-2025T17:40:54 - [TEST_STEP][PASSED] - bottom = top + 600: null

27-02-2025T17:40:54 - [TEST_STEP][PASSED] - if (y - top < 150 || bottom - y < 10): null

27-02-2025T17:40:54 - [TEST_STEP][PASSED] - elem.click(): null

27-02-2025T17:40:54 - [TEST_STEP][PASSED] - myValue = element.getAttribute("value"): null

27-02-2025T17:40:54 - [TEST_STEP][PASSED] - if (debug): null

27-02-2025T17:40:54 - [TEST_STEP][PASSED] - if (myValue.length() >= 4): null

27-02-2025T17:40:54 - [TEST_STEP][PASSED] - if (myValue.substring(0, 4) == "(!) "): null

27-02-2025T17:40:54 - [TEST_STEP][PASSED] - myType = element.getAttribute("type"): null

27-02-2025T17:40:54 - [TEST_STEP][PASSED] - if (myValue in varParms[i]): null

27-02-2025T17:40:54 - [TEST_STEP][PASSED] - else: null

27-02-2025T17:40:54 - [TEST_STEP][PASSED] - inList = false: null

27-02-2025T17:40:54 - [TEST_STEP][PASSED] - if (myType == "checkbox"): null

27-02-2025T17:40:54 - [TEST_STEP][PASSED] - myStatus = element.isSelected(): null

27-02-2025T17:40:54 - [TEST_STEP][PASSED] - if (debug): null

27-02-2025T17:40:54 - [TEST_STEP][PASSED] - if (toggle && myStatus && inList): null

27-02-2025T17:40:54 - [TEST_STEP][PASSED] - if (!(myStatus) && inList || myStatus && !(inList)): null

27-02-2025T17:40:54 - [TEST_STEP][PASSED] - myValue = element.getAttribute("value"): null

27-02-2025T17:40:54 - [TEST_STEP][PASSED] - if (debug): null

27-02-2025T17:40:54 - [TEST_STEP][PASSED] - if (myValue.length() >= 4): null

27-02-2025T17:40:54 - [TEST_STEP][PASSED] - if (myValue.substring(0, 4) == "(!) "): null

27-02-2025T17:40:54 - [TEST_STEP][PASSED] - myType = element.getAttribute("type"): null

27-02-2025T17:40:54 - [TEST_STEP][PASSED] - if (myValue in varParms[i]): null

27-02-2025T17:40:54 - [TEST_STEP][PASSED] - inList = true: null

27-02-2025T17:40:54 - [TEST_STEP][PASSED] - if (myType == "checkbox"): null

27-02-2025T17:40:54 - [TEST_STEP][PASSED] - myStatus = element.isSelected(): null

27-02-2025T17:40:54 - [TEST_STEP][PASSED] - if (debug): null

27-02-2025T17:40:54 - [TEST_STEP][PASSED] - if (toggle && myStatus && inList): null

27-02-2025T17:40:54 - [TEST_STEP][PASSED] - if (!(myStatus) && inList || myStatus && !(inList)): null

27-02-2025T17:40:54 - [TEST_STEP][PASSED] - if (debug): null

27-02-2025T17:40:54 - [TEST_STEP][PASSED] - println("Clicking " + myValue): null

27-02-2025T17:40:54 - [TEST_STEP][PASSED] - click(element): null

27-02-2025T17:40:54 - [TEST_STEP][PASSED] - scrollToObject(elem): null

27-02-2025T17:40:54 - [TEST_STEP][PASSED] - loc = element.getLocation(): null

27-02-2025T17:40:54 - [TEST_STEP][PASSED] - if (debug): null

27-02-2025T17:40:54 - [TEST_STEP][PASSED] - y = loc.getY(): null

27-02-2025T17:40:54 - [TEST_STEP][PASSED] - println("Y location is " + y): null

27-02-2025T17:40:54 - [TEST_STEP][PASSED] - top = getViewportTopPosition(): Current viewport's top (y) position is 0

27-02-2025T17:40:54 - [MESSAGE][PASSED] - Current viewport's top (y) position is 0

27-02-2025T17:40:54 - [TEST_STEP][PASSED] - println("Viewport top is " + top): null

27-02-2025T17:40:54 - [TEST_STEP][PASSED] - bottom = top + 600: null

27-02-2025T17:40:54 - [TEST_STEP][PASSED] - if (y - top < 150 || bottom - y < 10): null

27-02-2025T17:40:54 - [TEST_STEP][PASSED] - elem.click(): null

27-02-2025T17:40:54 - [TEST_STEP][PASSED] - myValue = element.getAttribute("value"): null

27-02-2025T17:40:54 - [TEST_STEP][PASSED] - if (debug): null

27-02-2025T17:40:54 - [TEST_STEP][PASSED] - if (myValue.length() >= 4): null

27-02-2025T17:40:54 - [TEST_STEP][PASSED] - if (myValue.substring(0, 4) == "(!) "): null

27-02-2025T17:40:54 - [TEST_STEP][PASSED] - myType = element.getAttribute("type"): null

27-02-2025T17:40:54 - [TEST_STEP][PASSED] - if (myValue in varParms[i]): null

27-02-2025T17:40:54 - [TEST_STEP][PASSED] - else: null

27-02-2025T17:40:54 - [TEST_STEP][PASSED] - inList = false: null

27-02-2025T17:40:54 - [TEST_STEP][PASSED] - if (myType == "checkbox"): null

27-02-2025T17:40:54 - [TEST_STEP][PASSED] - myStatus = element.isSelected(): null

27-02-2025T17:40:54 - [TEST_STEP][PASSED] - if (debug): null

27-02-2025T17:40:54 - [TEST_STEP][PASSED] - if (toggle && myStatus && inList): null

27-02-2025T17:40:54 - [TEST_STEP][PASSED] - if (!(myStatus) && inList || myStatus && !(inList)): null

27-02-2025T17:40:54 - [TEST_STEP][PASSED] - myValue = element.getAttribute("value"): null

27-02-2025T17:40:54 - [TEST_STEP][PASSED] - if (debug): null

27-02-2025T17:40:54 - [TEST_STEP][PASSED] - if (myValue.length() >= 4): null

27-02-2025T17:40:54 - [TEST_STEP][PASSED] - if (myValue.substring(0, 4) == "(!) "): null

27-02-2025T17:40:54 - [TEST_STEP][PASSED] - myType = element.getAttribute("type"): null

27-02-2025T17:40:54 - [TEST_STEP][PASSED] - if (myValue in varParms[i]): null

27-02-2025T17:40:54 - [TEST_STEP][PASSED] - else: null

27-02-2025T17:40:54 - [TEST_STEP][PASSED] - inList = false: null

27-02-2025T17:40:54 - [TEST_STEP][PASSED] - if (myType == "checkbox"): null

27-02-2025T17:40:54 - [TEST_STEP][PASSED] - myStatus = element.isSelected(): null

27-02-2025T17:40:54 - [TEST_STEP][PASSED] - if (debug): null

27-02-2025T17:40:54 - [TEST_STEP][PASSED] - if (toggle && myStatus && inList): null

27-02-2025T17:40:54 - [TEST_STEP][PASSED] - if (!(myStatus) && inList || myStatus && !(inList)): null

27-02-2025T17:40:54 - [TEST_STEP][PASSED] - myValue = element.getAttribute("value"): null

27-02-2025T17:40:54 - [TEST_STEP][PASSED] - if (debug): null

27-02-2025T17:40:54 - [TEST_STEP][PASSED] - if (myValue.length() >= 4): null

27-02-2025T17:40:54 - [TEST_STEP][PASSED] - if (myValue.substring(0, 4) == "(!) "): null

27-02-2025T17:40:54 - [TEST_STEP][PASSED] - myType = element.getAttribute("type"): null

27-02-2025T17:40:54 - [TEST_STEP][PASSED] - if (myValue in varParms[i]): null

27-02-2025T17:40:54 - [TEST_STEP][PASSED] - else: null

27-02-2025T17:40:54 - [TEST_STEP][PASSED] - inList = false: null

27-02-2025T17:40:54 - [TEST_STEP][PASSED] - if (myType == "checkbox"): null

27-02-2025T17:40:54 - [TEST_STEP][PASSED] - myStatus = element.isSelected(): null

27-02-2025T17:40:54 - [TEST_STEP][PASSED] - if (debug): null

27-02-2025T17:40:54 - [TEST_STEP][PASSED] - if (toggle && myStatus && inList): null

27-02-2025T17:40:54 - [TEST_STEP][PASSED] - if (!(myStatus) && inList || myStatus && !(inList)): null

27-02-2025T17:40:54 - [TEST_STEP][PASSED] - myValue = element.getAttribute("value"): null

27-02-2025T17:40:54 - [TEST_STEP][PASSED] - if (debug): null

27-02-2025T17:40:54 - [TEST_STEP][PASSED] - if (myValue.length() >= 4): null

27-02-2025T17:40:54 - [TEST_STEP][PASSED] - if (myValue.substring(0, 4) == "(!) "): null

27-02-2025T17:40:54 - [TEST_STEP][PASSED] - myType = element.getAttribute("type"): null

27-02-2025T17:40:54 - [TEST_STEP][PASSED] - if (myValue in varParms[i]): null

27-02-2025T17:40:54 - [TEST_STEP][PASSED] - else: null

27-02-2025T17:40:54 - [TEST_STEP][PASSED] - inList = false: null

27-02-2025T17:40:54 - [TEST_STEP][PASSED] - if (myType == "checkbox"): null

27-02-2025T17:40:54 - [TEST_STEP][PASSED] - myStatus = element.isSelected(): null

27-02-2025T17:40:54 - [TEST_STEP][PASSED] - if (debug): null

27-02-2025T17:40:54 - [TEST_STEP][PASSED] - if (toggle && myStatus && inList): null

27-02-2025T17:40:54 - [TEST_STEP][PASSED] - if (!(myStatus) && inList || myStatus && !(inList)): null

27-02-2025T17:40:54 - [TEST_STEP][PASSED] - myValue = element.getAttribute("value"): null

27-02-2025T17:40:54 - [TEST_STEP][PASSED] - if (debug): null

27-02-2025T17:40:54 - [TEST_STEP][PASSED] - if (myValue.length() >= 4): null

27-02-2025T17:40:54 - [TEST_STEP][PASSED] - if (myValue.substring(0, 4) == "(!) "): null

27-02-2025T17:40:54 - [TEST_STEP][PASSED] - myType = element.getAttribute("type"): null

27-02-2025T17:40:54 - [TEST_STEP][PASSED] - if (myValue in varParms[i]): null

27-02-2025T17:40:54 - [TEST_STEP][PASSED] - else: null

27-02-2025T17:40:54 - [TEST_STEP][PASSED] - inList = false: null

27-02-2025T17:40:54 - [TEST_STEP][PASSED] - if (myType == "checkbox"): null

27-02-2025T17:40:54 - [TEST_STEP][PASSED] - myStatus = element.isSelected(): null

27-02-2025T17:40:54 - [TEST_STEP][PASSED] - if (debug): null

27-02-2025T17:40:54 - [TEST_STEP][PASSED] - if (toggle && myStatus && inList): null

27-02-2025T17:40:54 - [TEST_STEP][PASSED] - if (!(myStatus) && inList || myStatus && !(inList)): null

27-02-2025T17:40:54 - [TEST_STEP][PASSED] - myValue = element.getAttribute("value"): null

27-02-2025T17:40:54 - [TEST_STEP][PASSED] - if (debug): null

27-02-2025T17:40:54 - [TEST_STEP][PASSED] - if (myValue.length() >= 4): null

27-02-2025T17:40:54 - [TEST_STEP][PASSED] - if (myValue.substring(0, 4) == "(!) "): null

27-02-2025T17:40:54 - [TEST_STEP][PASSED] - myType = element.getAttribute("type"): null

27-02-2025T17:40:54 - [TEST_STEP][PASSED] - if (myValue in varParms[i]): null

27-02-2025T17:40:54 - [TEST_STEP][PASSED] - else: null

27-02-2025T17:40:54 - [TEST_STEP][PASSED] - inList = false: null

27-02-2025T17:40:54 - [TEST_STEP][PASSED] - if (myType == "checkbox"): null

27-02-2025T17:40:54 - [TEST_STEP][PASSED] - myStatus = element.isSelected(): null

27-02-2025T17:40:54 - [TEST_STEP][PASSED] - if (debug): null

27-02-2025T17:40:54 - [TEST_STEP][PASSED] - if (toggle && myStatus && inList): null

27-02-2025T17:40:54 - [TEST_STEP][PASSED] - if (!(myStatus) && inList || myStatus && !(inList)): null

27-02-2025T17:40:54 - [TEST_STEP][PASSED] - myValue = element.getAttribute("value"): null

27-02-2025T17:40:54 - [TEST_STEP][PASSED] - if (debug): null

27-02-2025T17:40:54 - [TEST_STEP][PASSED] - if (myValue.length() >= 4): null

27-02-2025T17:40:54 - [TEST_STEP][PASSED] - if (myValue.substring(0, 4) == "(!) "): null

27-02-2025T17:40:54 - [TEST_STEP][PASSED] - myType = element.getAttribute("type"): null

27-02-2025T17:40:54 - [TEST_STEP][PASSED] - if (myValue in varParms[i]): null

27-02-2025T17:40:54 - [TEST_STEP][PASSED] - else: null

27-02-2025T17:40:54 - [TEST_STEP][PASSED] - inList = false: null

27-02-2025T17:40:54 - [TEST_STEP][PASSED] - if (myType == "checkbox"): null

27-02-2025T17:40:54 - [TEST_STEP][PASSED] - myStatus = element.isSelected(): null

27-02-2025T17:40:54 - [TEST_STEP][PASSED] - if (debug): null

27-02-2025T17:40:54 - [TEST_STEP][PASSED] - if (toggle && myStatus && inList): null

27-02-2025T17:40:54 - [TEST_STEP][PASSED] - if (!(myStatus) && inList || myStatus && !(inList)): null

27-02-2025T17:40:54 - [TEST_STEP][PASSED] - myValue = element.getAttribute("value"): null

27-02-2025T17:40:54 - [TEST_STEP][PASSED] - if (debug): null

27-02-2025T17:40:54 - [TEST_STEP][PASSED] - if (myValue.length() >= 4): null

27-02-2025T17:40:54 - [TEST_STEP][PASSED] - if (myValue.substring(0, 4) == "(!) "): null

27-02-2025T17:40:54 - [TEST_STEP][PASSED] - myType = element.getAttribute("type"): null

27-02-2025T17:40:54 - [TEST_STEP][PASSED] - if (myValue in varParms[i]): null

27-02-2025T17:40:54 - [TEST_STEP][PASSED] - else: null

27-02-2025T17:40:54 - [TEST_STEP][PASSED] - inList = false: null

27-02-2025T17:40:54 - [TEST_STEP][PASSED] - if (myType == "checkbox"): null

27-02-2025T17:40:54 - [TEST_STEP][PASSED] - myStatus = element.isSelected(): null

27-02-2025T17:40:54 - [TEST_STEP][PASSED] - if (debug): null

27-02-2025T17:40:54 - [TEST_STEP][PASSED] - if (toggle && myStatus && inList): null

27-02-2025T17:40:54 - [TEST_STEP][PASSED] - if (!(myStatus) && inList || myStatus && !(inList)): null

27-02-2025T17:40:54 - [TEST_STEP][PASSED] - myValue = element.getAttribute("value"): null

27-02-2025T17:40:54 - [TEST_STEP][PASSED] - if (debug): null

27-02-2025T17:40:54 - [TEST_STEP][PASSED] - if (myValue.length() >= 4): null

27-02-2025T17:40:54 - [TEST_STEP][PASSED] - if (myValue.substring(0, 4) == "(!) "): null

27-02-2025T17:40:54 - [TEST_STEP][PASSED] - myType = element.getAttribute("type"): null

27-02-2025T17:40:54 - [TEST_STEP][PASSED] - if (myValue in varParms[i]): null

27-02-2025T17:40:54 - [TEST_STEP][PASSED] - else: null

27-02-2025T17:40:54 - [TEST_STEP][PASSED] - inList = false: null

27-02-2025T17:40:54 - [TEST_STEP][PASSED] - if (myType == "checkbox"): null

27-02-2025T17:40:54 - [TEST_STEP][PASSED] - myStatus = element.isSelected(): null

27-02-2025T17:40:54 - [TEST_STEP][PASSED] - if (debug): null

27-02-2025T17:40:54 - [TEST_STEP][PASSED] - if (toggle && myStatus && inList): null

27-02-2025T17:40:54 - [TEST_STEP][PASSED] - if (!(myStatus) && inList || myStatus && !(inList)): null

27-02-2025T17:40:54 - [TEST_STEP][PASSED] - myValue = element.getAttribute("value"): null

27-02-2025T17:40:54 - [TEST_STEP][PASSED] - if (debug): null

27-02-2025T17:40:54 - [TEST_STEP][PASSED] - if (myValue.length() >= 4): null

27-02-2025T17:40:54 - [TEST_STEP][PASSED] - if (myValue.substring(0, 4) == "(!) "): null

27-02-2025T17:40:54 - [TEST_STEP][PASSED] - myType = element.getAttribute("type"): null

27-02-2025T17:40:54 - [TEST_STEP][PASSED] - if (myValue in varParms[i]): null

27-02-2025T17:40:54 - [TEST_STEP][PASSED] - else: null

27-02-2025T17:40:54 - [TEST_STEP][PASSED] - inList = false: null

27-02-2025T17:40:54 - [TEST_STEP][PASSED] - if (myType == "checkbox"): null

27-02-2025T17:40:54 - [TEST_STEP][PASSED] - myStatus = element.isSelected(): null

27-02-2025T17:40:54 - [TEST_STEP][PASSED] - if (debug): null

27-02-2025T17:40:54 - [TEST_STEP][PASSED] - if (toggle && myStatus && inList): null

27-02-2025T17:40:54 - [TEST_STEP][PASSED] - if (!(myStatus) && inList || myStatus && !(inList)): null

27-02-2025T17:40:54 - [TEST_STEP][PASSED] - myValue = element.getAttribute("value"): null

27-02-2025T17:40:54 - [TEST_STEP][PASSED] - if (debug): null

27-02-2025T17:40:54 - [TEST_STEP][PASSED] - if (myValue.length() >= 4): null

27-02-2025T17:40:54 - [TEST_STEP][PASSED] - if (myValue.substring(0, 4) == "(!) "): null

27-02-2025T17:40:54 - [TEST_STEP][PASSED] - myType = element.getAttribute("type"): null

27-02-2025T17:40:54 - [TEST_STEP][PASSED] - if (myValue in varParms[i]): null

27-02-2025T17:40:54 - [TEST_STEP][PASSED] - else: null

27-02-2025T17:40:54 - [TEST_STEP][PASSED] - inList = false: null

27-02-2025T17:40:54 - [TEST_STEP][PASSED] - if (myType == "checkbox"): null

27-02-2025T17:40:54 - [TEST_STEP][PASSED] - myStatus = element.isSelected(): null

27-02-2025T17:40:54 - [TEST_STEP][PASSED] - if (debug): null

27-02-2025T17:40:54 - [TEST_STEP][PASSED] - if (toggle && myStatus && inList): null

27-02-2025T17:40:54 - [TEST_STEP][PASSED] - if (!(myStatus) && inList || myStatus && !(inList)): null

27-02-2025T17:40:54 - [TEST_STEP][PASSED] - myValue = element.getAttribute("value"): null

27-02-2025T17:40:54 - [TEST_STEP][PASSED] - if (debug): null

27-02-2025T17:40:54 - [TEST_STEP][PASSED] - if (myValue.length() >= 4): null

27-02-2025T17:40:54 - [TEST_STEP][PASSED] - if (myValue.substring(0, 4) == "(!) "): null

27-02-2025T17:40:54 - [TEST_STEP][PASSED] - myType = element.getAttribute("type"): null

27-02-2025T17:40:54 - [TEST_STEP][PASSED] - if (myValue in varParms[i]): null

27-02-2025T17:40:54 - [TEST_STEP][PASSED] - else: null

27-02-2025T17:40:54 - [TEST_STEP][PASSED] - inList = false: null

27-02-2025T17:40:54 - [TEST_STEP][PASSED] - if (myType == "checkbox"): null

27-02-2025T17:40:54 - [TEST_STEP][PASSED] - myStatus = element.isSelected(): null

27-02-2025T17:40:54 - [TEST_STEP][PASSED] - if (debug): null

27-02-2025T17:40:54 - [TEST_STEP][PASSED] - if (toggle && myStatus && inList): null

27-02-2025T17:40:54 - [TEST_STEP][PASSED] - if (!(myStatus) && inList || myStatus && !(inList)): null

27-02-2025T17:40:54 - [TEST_STEP][PASSED] - myValue = element.getAttribute("value"): null

27-02-2025T17:40:54 - [TEST_STEP][PASSED] - if (debug): null

27-02-2025T17:40:54 - [TEST_STEP][PASSED] - if (myValue.length() >= 4): null

27-02-2025T17:40:54 - [TEST_STEP][PASSED] - if (myValue.substring(0, 4) == "(!) "): null

27-02-2025T17:40:54 - [TEST_STEP][PASSED] - myType = element.getAttribute("type"): null

27-02-2025T17:40:54 - [TEST_STEP][PASSED] - if (myValue in varParms[i]): null

27-02-2025T17:40:54 - [TEST_STEP][PASSED] - else: null

27-02-2025T17:40:54 - [TEST_STEP][PASSED] - inList = false: null

27-02-2025T17:40:54 - [TEST_STEP][PASSED] - if (myType == "checkbox"): null

27-02-2025T17:40:54 - [TEST_STEP][PASSED] - myStatus = element.isSelected(): null

27-02-2025T17:40:54 - [TEST_STEP][PASSED] - if (debug): null

27-02-2025T17:40:54 - [TEST_STEP][PASSED] - if (toggle && myStatus && inList): null

27-02-2025T17:40:54 - [TEST_STEP][PASSED] - if (!(myStatus) && inList || myStatus && !(inList)): null

27-02-2025T17:40:54 - [TEST_STEP][PASSED] - myValue = element.getAttribute("value"): null

27-02-2025T17:40:54 - [TEST_STEP][PASSED] - if (debug): null

27-02-2025T17:40:54 - [TEST_STEP][PASSED] - if (myValue.length() >= 4): null

27-02-2025T17:40:54 - [TEST_STEP][PASSED] - if (myValue.substring(0, 4) == "(!) "): null

27-02-2025T17:40:54 - [TEST_STEP][PASSED] - myType = element.getAttribute("type"): null

27-02-2025T17:40:54 - [TEST_STEP][PASSED] - if (myValue in varParms[i]): null

27-02-2025T17:40:54 - [TEST_STEP][PASSED] - else: null

27-02-2025T17:40:54 - [TEST_STEP][PASSED] - inList = false: null

27-02-2025T17:40:54 - [TEST_STEP][PASSED] - if (myType == "checkbox"): null

27-02-2025T17:40:54 - [TEST_STEP][PASSED] - myStatus = element.isSelected(): null

27-02-2025T17:40:54 - [TEST_STEP][PASSED] - if (debug): null

27-02-2025T17:40:54 - [TEST_STEP][PASSED] - if (toggle && myStatus && inList): null

27-02-2025T17:40:54 - [TEST_STEP][PASSED] - if (!(myStatus) && inList || myStatus && !(inList)): null

27-02-2025T17:40:54 - [TEST_STEP][PASSED] - myValue = element.getAttribute("value"): null

27-02-2025T17:40:54 - [TEST_STEP][PASSED] - if (debug): null

27-02-2025T17:40:54 - [TEST_STEP][PASSED] - if (myValue.length() >= 4): null

27-02-2025T17:40:54 - [TEST_STEP][PASSED] - if (myValue.substring(0, 4) == "(!) "): null

27-02-2025T17:40:54 - [TEST_STEP][PASSED] - myType = element.getAttribute("type"): null

27-02-2025T17:40:54 - [TEST_STEP][PASSED] - if (myValue in varParms[i]): null

27-02-2025T17:40:54 - [TEST_STEP][PASSED] - else: null

27-02-2025T17:40:54 - [TEST_STEP][PASSED] - inList = false: null

27-02-2025T17:40:54 - [TEST_STEP][PASSED] - if (myType == "checkbox"): null

27-02-2025T17:40:54 - [TEST_STEP][PASSED] - myStatus = element.isSelected(): null

27-02-2025T17:40:54 - [TEST_STEP][PASSED] - if (debug): null

27-02-2025T17:40:54 - [TEST_STEP][PASSED] - if (toggle && myStatus && inList): null

27-02-2025T17:40:54 - [TEST_STEP][PASSED] - if (!(myStatus) && inList || myStatus && !(inList)): null

27-02-2025T17:40:54 - [TEST_STEP][PASSED] - myValue = element.getAttribute("value"): null

27-02-2025T17:40:54 - [TEST_STEP][PASSED] - if (debug): null

27-02-2025T17:40:54 - [TEST_STEP][PASSED] - if (myValue.length() >= 4): null

27-02-2025T17:40:54 - [TEST_STEP][PASSED] - if (myValue.substring(0, 4) == "(!) "): null

27-02-2025T17:40:54 - [TEST_STEP][PASSED] - myType = element.getAttribute("type"): null

27-02-2025T17:40:54 - [TEST_STEP][PASSED] - if (myValue in varParms[i]): null

27-02-2025T17:40:54 - [TEST_STEP][PASSED] - else: null

27-02-2025T17:40:54 - [TEST_STEP][PASSED] - inList = false: null

27-02-2025T17:40:54 - [TEST_STEP][PASSED] - if (myType == "checkbox"): null

27-02-2025T17:40:54 - [TEST_STEP][PASSED] - myStatus = element.isSelected(): null

27-02-2025T17:40:54 - [TEST_STEP][PASSED] - if (debug): null

27-02-2025T17:40:54 - [TEST_STEP][PASSED] - if (toggle && myStatus && inList): null

27-02-2025T17:40:54 - [TEST_STEP][PASSED] - if (!(myStatus) && inList || myStatus && !(inList)): null

27-02-2025T17:40:54 - [TEST_STEP][PASSED] - myValue = element.getAttribute("value"): null

27-02-2025T17:40:54 - [TEST_STEP][PASSED] - if (debug): null

27-02-2025T17:40:54 - [TEST_STEP][PASSED] - if (myValue.length() >= 4): null

27-02-2025T17:40:54 - [TEST_STEP][PASSED] - if (myValue.substring(0, 4) == "(!) "): null

27-02-2025T17:40:54 - [TEST_STEP][PASSED] - myType = element.getAttribute("type"): null

27-02-2025T17:40:54 - [TEST_STEP][PASSED] - if (myValue in varParms[i]): null

27-02-2025T17:40:54 - [TEST_STEP][PASSED] - else: null

27-02-2025T17:40:54 - [TEST_STEP][PASSED] - inList = false: null

27-02-2025T17:40:54 - [TEST_STEP][PASSED] - if (myType == "checkbox"): null

27-02-2025T17:40:54 - [TEST_STEP][PASSED] - myStatus = element.isSelected(): null

27-02-2025T17:40:54 - [TEST_STEP][PASSED] - if (debug): null

27-02-2025T17:40:54 - [TEST_STEP][PASSED] - if (toggle && myStatus && inList): null

27-02-2025T17:40:54 - [TEST_STEP][PASSED] - if (!(myStatus) && inList || myStatus && !(inList)): null

27-02-2025T17:40:54 - [TEST_STEP][PASSED] - myValue = element.getAttribute("value"): null

27-02-2025T17:40:54 - [TEST_STEP][PASSED] - if (debug): null

27-02-2025T17:40:54 - [TEST_STEP][PASSED] - if (myValue.length() >= 4): null

27-02-2025T17:40:54 - [TEST_STEP][PASSED] - if (myValue.substring(0, 4) == "(!) "): null

27-02-2025T17:40:54 - [TEST_STEP][PASSED] - myType = element.getAttribute("type"): null

27-02-2025T17:40:54 - [TEST_STEP][PASSED] - if (myValue in varParms[i]): null

27-02-2025T17:40:54 - [TEST_STEP][PASSED] - else: null

27-02-2025T17:40:54 - [TEST_STEP][PASSED] - inList = false: null

27-02-2025T17:40:54 - [TEST_STEP][PASSED] - if (myType == "checkbox"): null

27-02-2025T17:40:54 - [TEST_STEP][PASSED] - myStatus = element.isSelected(): null

27-02-2025T17:40:54 - [TEST_STEP][PASSED] - if (debug): null

27-02-2025T17:40:54 - [TEST_STEP][PASSED] - if (toggle && myStatus && inList): null

27-02-2025T17:40:54 - [TEST_STEP][PASSED] - if (!(myStatus) && inList || myStatus && !(inList)): null

27-02-2025T17:40:54 - [TEST_STEP][PASSED] - myValue = element.getAttribute("value"): null

27-02-2025T17:40:54 - [TEST_STEP][PASSED] - if (debug): null

27-02-2025T17:40:54 - [TEST_STEP][PASSED] - if (myValue.length() >= 4): null

27-02-2025T17:40:54 - [TEST_STEP][PASSED] - if (myValue.substring(0, 4) == "(!) "): null

27-02-2025T17:40:54 - [TEST_STEP][PASSED] - myType = element.getAttribute("type"): null

27-02-2025T17:40:54 - [TEST_STEP][PASSED] - if (myValue in varParms[i]): null

27-02-2025T17:40:54 - [TEST_STEP][PASSED] - else: null

27-02-2025T17:40:54 - [TEST_STEP][PASSED] - inList = false: null

27-02-2025T17:40:54 - [TEST_STEP][PASSED] - if (myType == "checkbox"): null

27-02-2025T17:40:54 - [TEST_STEP][PASSED] - myStatus = element.isSelected(): null

27-02-2025T17:40:54 - [TEST_STEP][PASSED] - if (debug): null

27-02-2025T17:40:54 - [TEST_STEP][PASSED] - if (toggle && myStatus && inList): null

27-02-2025T17:40:54 - [TEST_STEP][PASSED] - if (!(myStatus) && inList || myStatus && !(inList)): null

27-02-2025T17:40:54 - [TEST_STEP][PASSED] - myValue = element.getAttribute("value"): null

27-02-2025T17:40:54 - [TEST_STEP][PASSED] - if (debug): null

27-02-2025T17:40:54 - [TEST_STEP][PASSED] - if (myValue.length() >= 4): null

27-02-2025T17:40:54 - [TEST_STEP][PASSED] - if (myValue.substring(0, 4) == "(!) "): null

27-02-2025T17:40:54 - [TEST_STEP][PASSED] - myType = element.getAttribute("type"): null

27-02-2025T17:40:54 - [TEST_STEP][PASSED] - if (myValue in varParms[i]): null

27-02-2025T17:40:54 - [TEST_STEP][PASSED] - else: null

27-02-2025T17:40:54 - [TEST_STEP][PASSED] - inList = false: null

27-02-2025T17:40:54 - [TEST_STEP][PASSED] - if (myType == "checkbox"): null

27-02-2025T17:40:54 - [TEST_STEP][PASSED] - myStatus = element.isSelected(): null

27-02-2025T17:40:54 - [TEST_STEP][PASSED] - if (debug): null

27-02-2025T17:40:54 - [TEST_STEP][PASSED] - if (toggle && myStatus && inList): null

27-02-2025T17:40:54 - [TEST_STEP][PASSED] - if (!(myStatus) && inList || myStatus && !(inList)): null

27-02-2025T17:40:54 - [TEST_STEP][PASSED] - myValue = element.getAttribute("value"): null

27-02-2025T17:40:54 - [TEST_STEP][PASSED] - if (debug): null

27-02-2025T17:40:54 - [TEST_STEP][PASSED] - if (myValue.length() >= 4): null

27-02-2025T17:40:54 - [TEST_STEP][PASSED] - if (myValue.substring(0, 4) == "(!) "): null

27-02-2025T17:40:54 - [TEST_STEP][PASSED] - myType = element.getAttribute("type"): null

27-02-2025T17:40:54 - [TEST_STEP][PASSED] - if (myValue in varParms[i]): null

27-02-2025T17:40:54 - [TEST_STEP][PASSED] - else: null

27-02-2025T17:40:54 - [TEST_STEP][PASSED] - inList = false: null

27-02-2025T17:40:54 - [TEST_STEP][PASSED] - if (myType == "checkbox"): null

27-02-2025T17:40:54 - [TEST_STEP][PASSED] - myStatus = element.isSelected(): null

27-02-2025T17:40:54 - [TEST_STEP][PASSED] - if (debug): null

27-02-2025T17:40:54 - [TEST_STEP][PASSED] - if (toggle && myStatus && inList): null

27-02-2025T17:40:54 - [TEST_STEP][PASSED] - if (!(myStatus) && inList || myStatus && !(inList)): null

27-02-2025T17:40:54 - [TEST_STEP][PASSED] - myValue = element.getAttribute("value"): null

27-02-2025T17:40:54 - [TEST_STEP][PASSED] - if (debug): null

27-02-2025T17:40:54 - [TEST_STEP][PASSED] - if (myValue.length() >= 4): null

27-02-2025T17:40:54 - [TEST_STEP][PASSED] - if (myValue.substring(0, 4) == "(!) "): null

27-02-2025T17:40:54 - [TEST_STEP][PASSED] - myType = element.getAttribute("type"): null

27-02-2025T17:40:54 - [TEST_STEP][PASSED] - if (myValue in varParms[i]): null

27-02-2025T17:40:54 - [TEST_STEP][PASSED] - else: null

27-02-2025T17:40:54 - [TEST_STEP][PASSED] - inList = false: null

27-02-2025T17:40:54 - [TEST_STEP][PASSED] - if (myType == "checkbox"): null

27-02-2025T17:40:54 - [TEST_STEP][PASSED] - myStatus = element.isSelected(): null

27-02-2025T17:40:54 - [TEST_STEP][PASSED] - if (debug): null

27-02-2025T17:40:54 - [TEST_STEP][PASSED] - if (toggle && myStatus && inList): null

27-02-2025T17:40:54 - [TEST_STEP][PASSED] - if (!(myStatus) && inList || myStatus && !(inList)): null

27-02-2025T17:40:54 - [TEST_STEP][PASSED] - myValue = element.getAttribute("value"): null

27-02-2025T17:40:54 - [TEST_STEP][PASSED] - if (debug): null

27-02-2025T17:40:54 - [TEST_STEP][PASSED] - if (myValue.length() >= 4): null

27-02-2025T17:40:54 - [TEST_STEP][PASSED] - if (myValue.substring(0, 4) == "(!) "): null

27-02-2025T17:40:54 - [TEST_STEP][PASSED] - myType = element.getAttribute("type"): null

27-02-2025T17:40:54 - [TEST_STEP][PASSED] - if (myValue in varParms[i]): null

27-02-2025T17:40:54 - [TEST_STEP][PASSED] - else: null

27-02-2025T17:40:54 - [TEST_STEP][PASSED] - inList = false: null

27-02-2025T17:40:54 - [TEST_STEP][PASSED] - if (myType == "checkbox"): null

27-02-2025T17:40:54 - [TEST_STEP][PASSED] - myStatus = element.isSelected(): null

27-02-2025T17:40:54 - [TEST_STEP][PASSED] - if (debug): null

27-02-2025T17:40:54 - [TEST_STEP][PASSED] - if (toggle && myStatus && inList): null

27-02-2025T17:40:54 - [TEST_STEP][PASSED] - if (!(myStatus) && inList || myStatus && !(inList)): null

27-02-2025T17:40:54 - [TEST_STEP][PASSED] - myValue = element.getAttribute("value"): null

27-02-2025T17:40:54 - [TEST_STEP][PASSED] - if (debug): null

27-02-2025T17:40:54 - [TEST_STEP][PASSED] - if (myValue.length() >= 4): null

27-02-2025T17:40:54 - [TEST_STEP][PASSED] - if (myValue.substring(0, 4) == "(!) "): null

27-02-2025T17:40:54 - [TEST_STEP][PASSED] - myType = element.getAttribute("type"): null

27-02-2025T17:40:54 - [TEST_STEP][PASSED] - if (myValue in varParms[i]): null

27-02-2025T17:40:54 - [TEST_STEP][PASSED] - else: null

27-02-2025T17:40:54 - [TEST_STEP][PASSED] - inList = false: null

27-02-2025T17:40:54 - [TEST_STEP][PASSED] - if (myType == "checkbox"): null

27-02-2025T17:40:54 - [TEST_STEP][PASSED] - myStatus = element.isSelected(): null

27-02-2025T17:40:54 - [TEST_STEP][PASSED] - if (debug): null

27-02-2025T17:40:54 - [TEST_STEP][PASSED] - if (toggle && myStatus && inList): null

27-02-2025T17:40:54 - [TEST_STEP][PASSED] - if (!(myStatus) && inList || myStatus && !(inList)): null

27-02-2025T17:40:54 - [TEST_STEP][PASSED] - myValue = element.getAttribute("value"): null

27-02-2025T17:40:54 - [TEST_STEP][PASSED] - if (debug): null

27-02-2025T17:40:54 - [TEST_STEP][PASSED] - if (myValue.length() >= 4): null

27-02-2025T17:40:54 - [TEST_STEP][PASSED] - if (myValue.substring(0, 4) == "(!) "): null

27-02-2025T17:40:54 - [TEST_STEP][PASSED] - myType = element.getAttribute("type"): null

27-02-2025T17:40:54 - [TEST_STEP][PASSED] - if (myValue in varParms[i]): null

27-02-2025T17:40:54 - [TEST_STEP][PASSED] - else: null

27-02-2025T17:40:54 - [TEST_STEP][PASSED] - inList = false: null

27-02-2025T17:40:54 - [TEST_STEP][PASSED] - if (myType == "checkbox"): null

27-02-2025T17:40:54 - [TEST_STEP][PASSED] - myStatus = element.isSelected(): null

27-02-2025T17:40:54 - [TEST_STEP][PASSED] - if (debug): null

27-02-2025T17:40:54 - [TEST_STEP][PASSED] - if (toggle && myStatus && inList): null

27-02-2025T17:40:54 - [TEST_STEP][PASSED] - if (!(myStatus) && inList || myStatus && !(inList)): null

27-02-2025T17:40:54 - [TEST_STEP][PASSED] - myValue = element.getAttribute("value"): null

27-02-2025T17:40:54 - [TEST_STEP][PASSED] - if (debug): null

27-02-2025T17:40:54 - [TEST_STEP][PASSED] - if (myValue.length() >= 4): null

27-02-2025T17:40:54 - [TEST_STEP][PASSED] - if (myValue.substring(0, 4) == "(!) "): null

27-02-2025T17:40:54 - [TEST_STEP][PASSED] - myType = element.getAttribute("type"): null

27-02-2025T17:40:54 - [TEST_STEP][PASSED] - if (myValue in varParms[i]): null

27-02-2025T17:40:54 - [TEST_STEP][PASSED] - else: null

27-02-2025T17:40:54 - [TEST_STEP][PASSED] - inList = false: null

27-02-2025T17:40:54 - [TEST_STEP][PASSED] - if (myType == "checkbox"): null

27-02-2025T17:40:54 - [TEST_STEP][PASSED] - myStatus = element.isSelected(): null

27-02-2025T17:40:54 - [TEST_STEP][PASSED] - if (debug): null

27-02-2025T17:40:54 - [TEST_STEP][PASSED] - if (toggle && myStatus && inList): null

27-02-2025T17:40:54 - [TEST_STEP][PASSED] - if (!(myStatus) && inList || myStatus && !(inList)): null

27-02-2025T17:40:54 - [TEST_STEP][PASSED] - myValue = element.getAttribute("value"): null

27-02-2025T17:40:54 - [TEST_STEP][PASSED] - if (debug): null

27-02-2025T17:40:54 - [TEST_STEP][PASSED] - if (myValue.length() >= 4): null

27-02-2025T17:40:54 - [TEST_STEP][PASSED] - if (myValue.substring(0, 4) == "(!) "): null

27-02-2025T17:40:54 - [TEST_STEP][PASSED] - myType = element.getAttribute("type"): null

27-02-2025T17:40:54 - [TEST_STEP][PASSED] - if (myValue in varParms[i]): null

27-02-2025T17:40:54 - [TEST_STEP][PASSED] - else: null

27-02-2025T17:40:54 - [TEST_STEP][PASSED] - inList = false: null

27-02-2025T17:40:54 - [TEST_STEP][PASSED] - if (myType == "checkbox"): null

27-02-2025T17:40:54 - [TEST_STEP][PASSED] - myStatus = element.isSelected(): null

27-02-2025T17:40:54 - [TEST_STEP][PASSED] - if (debug): null

27-02-2025T17:40:54 - [TEST_STEP][PASSED] - if (toggle && myStatus && inList): null

27-02-2025T17:40:54 - [TEST_STEP][PASSED] - if (!(myStatus) && inList || myStatus && !(inList)): null

27-02-2025T17:40:54 - [TEST_STEP][PASSED] - myValue = element.getAttribute("value"): null

27-02-2025T17:40:54 - [TEST_STEP][PASSED] - if (debug): null

27-02-2025T17:40:54 - [TEST_STEP][PASSED] - if (myValue.length() >= 4): null

27-02-2025T17:40:54 - [TEST_STEP][PASSED] - if (myValue.substring(0, 4) == "(!) "): null

27-02-2025T17:40:54 - [TEST_STEP][PASSED] - myType = element.getAttribute("type"): null

27-02-2025T17:40:54 - [TEST_STEP][PASSED] - if (myValue in varParms[i]): null

27-02-2025T17:40:54 - [TEST_STEP][PASSED] - else: null

27-02-2025T17:40:54 - [TEST_STEP][PASSED] - inList = false: null

27-02-2025T17:40:54 - [TEST_STEP][PASSED] - if (myType == "checkbox"): null

27-02-2025T17:40:54 - [TEST_STEP][PASSED] - myStatus = element.isSelected(): null

27-02-2025T17:40:54 - [TEST_STEP][PASSED] - if (debug): null

27-02-2025T17:40:54 - [TEST_STEP][PASSED] - if (toggle && myStatus && inList): null

27-02-2025T17:40:54 - [TEST_STEP][PASSED] - if (!(myStatus) && inList || myStatus && !(inList)): null

27-02-2025T17:40:54 - [TEST_STEP][PASSED] - myValue = element.getAttribute("value"): null

27-02-2025T17:40:54 - [TEST_STEP][PASSED] - if (debug): null

27-02-2025T17:40:54 - [TEST_STEP][PASSED] - if (myValue.length() >= 4): null

27-02-2025T17:40:54 - [TEST_STEP][PASSED] - if (myValue.substring(0, 4) == "(!) "): null

27-02-2025T17:40:54 - [TEST_STEP][PASSED] - myType = element.getAttribute("type"): null

27-02-2025T17:40:54 - [TEST_STEP][PASSED] - if (myValue in varParms[i]): null

27-02-2025T17:40:54 - [TEST_STEP][PASSED] - else: null

27-02-2025T17:40:54 - [TEST_STEP][PASSED] - inList = false: null

27-02-2025T17:40:54 - [TEST_STEP][PASSED] - if (myType == "checkbox"): null

27-02-2025T17:40:54 - [TEST_STEP][PASSED] - myStatus = element.isSelected(): null

27-02-2025T17:40:54 - [TEST_STEP][PASSED] - if (debug): null

27-02-2025T17:40:54 - [TEST_STEP][PASSED] - if (toggle && myStatus && inList): null

27-02-2025T17:40:54 - [TEST_STEP][PASSED] - if (!(myStatus) && inList || myStatus && !(inList)): null

27-02-2025T17:40:54 - [TEST_STEP][PASSED] - myValue = element.getAttribute("value"): null

27-02-2025T17:40:54 - [TEST_STEP][PASSED] - if (debug): null

27-02-2025T17:40:54 - [TEST_STEP][PASSED] - if (myValue.length() >= 4): null

27-02-2025T17:40:54 - [TEST_STEP][PASSED] - if (myValue.substring(0, 4) == "(!) "): null

27-02-2025T17:40:54 - [TEST_STEP][PASSED] - myType = element.getAttribute("type"): null

27-02-2025T17:40:54 - [TEST_STEP][PASSED] - if (myValue in varParms[i]): null

27-02-2025T17:40:54 - [TEST_STEP][PASSED] - else: null

27-02-2025T17:40:54 - [TEST_STEP][PASSED] - inList = false: null

27-02-2025T17:40:54 - [TEST_STEP][PASSED] - if (myType == "checkbox"): null

27-02-2025T17:40:54 - [TEST_STEP][PASSED] - myStatus = element.isSelected(): null

27-02-2025T17:40:54 - [TEST_STEP][PASSED] - if (debug): null

27-02-2025T17:40:54 - [TEST_STEP][PASSED] - if (toggle && myStatus && inList): null

27-02-2025T17:40:54 - [TEST_STEP][PASSED] - if (!(myStatus) && inList || myStatus && !(inList)): null

27-02-2025T17:40:54 - [TEST_STEP][PASSED] - myValue = element.getAttribute("value"): null

27-02-2025T17:40:54 - [TEST_STEP][PASSED] - if (debug): null

27-02-2025T17:40:54 - [TEST_STEP][PASSED] - if (myValue.length() >= 4): null

27-02-2025T17:40:54 - [TEST_STEP][PASSED] - if (myValue.substring(0, 4) == "(!) "): null

27-02-2025T17:40:54 - [TEST_STEP][PASSED] - myType = element.getAttribute("type"): null

27-02-2025T17:40:54 - [TEST_STEP][PASSED] - if (myValue in varParms[i]): null

27-02-2025T17:40:54 - [TEST_STEP][PASSED] - else: null

27-02-2025T17:40:54 - [TEST_STEP][PASSED] - inList = false: null

27-02-2025T17:40:54 - [TEST_STEP][PASSED] - if (myType == "checkbox"): null

27-02-2025T17:40:54 - [TEST_STEP][PASSED] - myStatus = element.isSelected(): null

27-02-2025T17:40:54 - [TEST_STEP][PASSED] - if (debug): null

27-02-2025T17:40:54 - [TEST_STEP][PASSED] - if (toggle && myStatus && inList): null

27-02-2025T17:40:54 - [TEST_STEP][PASSED] - if (!(myStatus) && inList || myStatus && !(inList)): null

27-02-2025T17:40:54 - [TEST_STEP][PASSED] - myValue = element.getAttribute("value"): null

27-02-2025T17:40:54 - [TEST_STEP][PASSED] - if (debug): null

27-02-2025T17:40:54 - [TEST_STEP][PASSED] - if (myValue.length() >= 4): null

27-02-2025T17:40:54 - [TEST_STEP][PASSED] - if (myValue.substring(0, 4) == "(!) "): null

27-02-2025T17:40:54 - [TEST_STEP][PASSED] - myType = element.getAttribute("type"): null

27-02-2025T17:40:54 - [TEST_STEP][PASSED] - if (myValue in varParms[i]): null

27-02-2025T17:40:54 - [TEST_STEP][PASSED] - else: null

27-02-2025T17:40:54 - [TEST_STEP][PASSED] - inList = false: null

27-02-2025T17:40:54 - [TEST_STEP][PASSED] - if (myType == "checkbox"): null

27-02-2025T17:40:54 - [TEST_STEP][PASSED] - myStatus = element.isSelected(): null

27-02-2025T17:40:54 - [TEST_STEP][PASSED] - if (debug): null

27-02-2025T17:40:54 - [TEST_STEP][PASSED] - if (toggle && myStatus && inList): null

27-02-2025T17:40:54 - [TEST_STEP][PASSED] - if (!(myStatus) && inList || myStatus && !(inList)): null

27-02-2025T17:40:54 - [TEST_STEP][PASSED] - myValue = element.getAttribute("value"): null

27-02-2025T17:40:54 - [TEST_STEP][PASSED] - if (debug): null

27-02-2025T17:40:54 - [TEST_STEP][PASSED] - if (myValue.length() >= 4): null

27-02-2025T17:40:54 - [TEST_STEP][PASSED] - if (myValue.substring(0, 4) == "(!) "): null

27-02-2025T17:40:54 - [TEST_STEP][PASSED] - myType = element.getAttribute("type"): null

27-02-2025T17:40:54 - [TEST_STEP][PASSED] - if (myValue in varParms[i]): null

27-02-2025T17:40:54 - [TEST_STEP][PASSED] - else: null

27-02-2025T17:40:54 - [TEST_STEP][PASSED] - inList = false: null

27-02-2025T17:40:54 - [TEST_STEP][PASSED] - if (myType == "checkbox"): null

27-02-2025T17:40:54 - [TEST_STEP][PASSED] - myStatus = element.isSelected(): null

27-02-2025T17:40:54 - [TEST_STEP][PASSED] - if (debug): null

27-02-2025T17:40:54 - [TEST_STEP][PASSED] - if (toggle && myStatus && inList): null

27-02-2025T17:40:54 - [TEST_STEP][PASSED] - if (!(myStatus) && inList || myStatus && !(inList)): null

27-02-2025T17:40:54 - [TEST_STEP][PASSED] - myValue = element.getAttribute("value"): null

27-02-2025T17:40:54 - [TEST_STEP][PASSED] - if (debug): null

27-02-2025T17:40:54 - [TEST_STEP][PASSED] - if (myValue.length() >= 4): null

27-02-2025T17:40:54 - [TEST_STEP][PASSED] - if (myValue.substring(0, 4) == "(!) "): null

27-02-2025T17:40:54 - [TEST_STEP][PASSED] - myType = element.getAttribute("type"): null

27-02-2025T17:40:54 - [TEST_STEP][PASSED] - if (myValue in varParms[i]): null

27-02-2025T17:40:54 - [TEST_STEP][PASSED] - else: null

27-02-2025T17:40:54 - [TEST_STEP][PASSED] - inList = false: null

27-02-2025T17:40:54 - [TEST_STEP][PASSED] - if (myType == "checkbox"): null

27-02-2025T17:40:54 - [TEST_STEP][PASSED] - myStatus = element.isSelected(): null

27-02-2025T17:40:54 - [TEST_STEP][PASSED] - if (debug): null

27-02-2025T17:40:54 - [TEST_STEP][PASSED] - if (toggle && myStatus && inList): null

27-02-2025T17:40:54 - [TEST_STEP][PASSED] - if (!(myStatus) && inList || myStatus && !(inList)): null

27-02-2025T17:40:54 - [TEST_STEP][PASSED] - myValue = element.getAttribute("value"): null

27-02-2025T17:40:54 - [TEST_STEP][PASSED] - if (debug): null

27-02-2025T17:40:54 - [TEST_STEP][PASSED] - if (myValue.length() >= 4): null

27-02-2025T17:40:54 - [TEST_STEP][PASSED] - if (myValue.substring(0, 4) == "(!) "): null

27-02-2025T17:40:54 - [TEST_STEP][PASSED] - myType = element.getAttribute("type"): null

27-02-2025T17:40:54 - [TEST_STEP][PASSED] - if (myValue in varParms[i]): null

27-02-2025T17:40:54 - [TEST_STEP][PASSED] - else: null

27-02-2025T17:40:54 - [TEST_STEP][PASSED] - inList = false: null

27-02-2025T17:40:54 - [TEST_STEP][PASSED] - if (myType == "checkbox"): null

27-02-2025T17:40:54 - [TEST_STEP][PASSED] - myStatus = element.isSelected(): null

27-02-2025T17:40:54 - [TEST_STEP][PASSED] - if (debug): null

27-02-2025T17:40:54 - [TEST_STEP][PASSED] - if (toggle && myStatus && inList): null

27-02-2025T17:40:54 - [TEST_STEP][PASSED] - if (!(myStatus) && inList || myStatus && !(inList)): null

27-02-2025T17:40:54 - [TEST_STEP][PASSED] - myValue = element.getAttribute("value"): null

27-02-2025T17:40:54 - [TEST_STEP][PASSED] - if (debug): null

27-02-2025T17:40:54 - [TEST_STEP][PASSED] - if (myValue.length() >= 4): null

27-02-2025T17:40:54 - [TEST_STEP][PASSED] - if (myValue.substring(0, 4) == "(!) "): null

27-02-2025T17:40:54 - [TEST_STEP][PASSED] - myType = element.getAttribute("type"): null

27-02-2025T17:40:54 - [TEST_STEP][PASSED] - if (myValue in varParms[i]): null

27-02-2025T17:40:54 - [TEST_STEP][PASSED] - else: null

27-02-2025T17:40:54 - [TEST_STEP][PASSED] - inList = false: null

27-02-2025T17:40:54 - [TEST_STEP][PASSED] - if (myType == "checkbox"): null

27-02-2025T17:40:54 - [TEST_STEP][PASSED] - myStatus = element.isSelected(): null

27-02-2025T17:40:54 - [TEST_STEP][PASSED] - if (debug): null

27-02-2025T17:40:54 - [TEST_STEP][PASSED] - if (toggle && myStatus && inList): null

27-02-2025T17:40:54 - [TEST_STEP][PASSED] - if (!(myStatus) && inList || myStatus && !(inList)): null

27-02-2025T17:40:54 - [TEST_STEP][PASSED] - myValue = element.getAttribute("value"): null

27-02-2025T17:40:55 - [TEST_STEP][PASSED] - if (debug): null

27-02-2025T17:40:55 - [TEST_STEP][PASSED] - if (myValue.length() >= 4): null

27-02-2025T17:40:55 - [TEST_STEP][PASSED] - if (myValue.substring(0, 4) == "(!) "): null

27-02-2025T17:40:55 - [TEST_STEP][PASSED] - myType = element.getAttribute("type"): null

27-02-2025T17:40:55 - [TEST_STEP][PASSED] - if (myValue in varParms[i]): null

27-02-2025T17:40:55 - [TEST_STEP][PASSED] - else: null

27-02-2025T17:40:55 - [TEST_STEP][PASSED] - inList = false: null

27-02-2025T17:40:55 - [TEST_STEP][PASSED] - if (myType == "checkbox"): null

27-02-2025T17:40:55 - [TEST_STEP][PASSED] - myStatus = element.isSelected(): null

27-02-2025T17:40:55 - [TEST_STEP][PASSED] - if (debug): null

27-02-2025T17:40:55 - [TEST_STEP][PASSED] - if (toggle && myStatus && inList): null

27-02-2025T17:40:55 - [TEST_STEP][PASSED] - if (!(myStatus) && inList || myStatus && !(inList)): null

27-02-2025T17:40:55 - [TEST_STEP][PASSED] - myValue = element.getAttribute("value"): null

27-02-2025T17:40:55 - [TEST_STEP][PASSED] - if (debug): null

27-02-2025T17:40:55 - [TEST_STEP][PASSED] - if (myValue.length() >= 4): null

27-02-2025T17:40:55 - [TEST_STEP][PASSED] - if (myValue.substring(0, 4) == "(!) "): null

27-02-2025T17:40:55 - [TEST_STEP][PASSED] - myType = element.getAttribute("type"): null

27-02-2025T17:40:55 - [TEST_STEP][PASSED] - if (myValue in varParms[i]): null

27-02-2025T17:40:55 - [TEST_STEP][PASSED] - else: null

27-02-2025T17:40:55 - [TEST_STEP][PASSED] - inList = false: null

27-02-2025T17:40:55 - [TEST_STEP][PASSED] - if (myType == "checkbox"): null

27-02-2025T17:40:55 - [TEST_STEP][PASSED] - myStatus = element.isSelected(): null

27-02-2025T17:40:55 - [TEST_STEP][PASSED] - if (debug): null

27-02-2025T17:40:55 - [TEST_STEP][PASSED] - if (toggle && myStatus && inList): null

27-02-2025T17:40:55 - [TEST_STEP][PASSED] - if (!(myStatus) && inList || myStatus && !(inList)): null

27-02-2025T17:40:55 - [TEST_STEP][PASSED] - myValue = element.getAttribute("value"): null

27-02-2025T17:40:55 - [TEST_STEP][PASSED] - if (debug): null

27-02-2025T17:40:55 - [TEST_STEP][PASSED] - if (myValue.length() >= 4): null

27-02-2025T17:40:55 - [TEST_STEP][PASSED] - if (myValue.substring(0, 4) == "(!) "): null

27-02-2025T17:40:55 - [TEST_STEP][PASSED] - myType = element.getAttribute("type"): null

27-02-2025T17:40:55 - [TEST_STEP][PASSED] - if (myValue in varParms[i]): null

27-02-2025T17:40:55 - [TEST_STEP][PASSED] - else: null

27-02-2025T17:40:55 - [TEST_STEP][PASSED] - inList = false: null

27-02-2025T17:40:55 - [TEST_STEP][PASSED] - if (myType == "checkbox"): null

27-02-2025T17:40:55 - [TEST_STEP][PASSED] - myStatus = element.isSelected(): null

27-02-2025T17:40:55 - [TEST_STEP][PASSED] - if (debug): null

27-02-2025T17:40:55 - [TEST_STEP][PASSED] - if (toggle && myStatus && inList): null

27-02-2025T17:40:55 - [TEST_STEP][PASSED] - if (!(myStatus) && inList || myStatus && !(inList)): null

27-02-2025T17:40:55 - [TEST_STEP][PASSED] - myValue = element.getAttribute("value"): null

27-02-2025T17:40:55 - [TEST_STEP][PASSED] - if (debug): null

27-02-2025T17:40:55 - [TEST_STEP][PASSED] - if (myValue.length() >= 4): null

27-02-2025T17:40:55 - [TEST_STEP][PASSED] - if (myValue.substring(0, 4) == "(!) "): null

27-02-2025T17:40:55 - [TEST_STEP][PASSED] - myType = element.getAttribute("type"): null

27-02-2025T17:40:55 - [TEST_STEP][PASSED] - if (myValue in varParms[i]): null

27-02-2025T17:40:55 - [TEST_STEP][PASSED] - else: null

27-02-2025T17:40:55 - [TEST_STEP][PASSED] - inList = false: null

27-02-2025T17:40:55 - [TEST_STEP][PASSED] - if (myType == "checkbox"): null

27-02-2025T17:40:55 - [TEST_STEP][PASSED] - myStatus = element.isSelected(): null

27-02-2025T17:40:55 - [TEST_STEP][PASSED] - if (debug): null

27-02-2025T17:40:55 - [TEST_STEP][PASSED] - if (toggle && myStatus && inList): null

27-02-2025T17:40:55 - [TEST_STEP][PASSED] - if (!(myStatus) && inList || myStatus && !(inList)): null

27-02-2025T17:40:55 - [TEST_STEP][PASSED] - myValue = element.getAttribute("value"): null

27-02-2025T17:40:55 - [TEST_STEP][PASSED] - if (debug): null

27-02-2025T17:40:55 - [TEST_STEP][PASSED] - if (myValue.length() >= 4): null

27-02-2025T17:40:55 - [TEST_STEP][PASSED] - if (myValue.substring(0, 4) == "(!) "): null

27-02-2025T17:40:55 - [TEST_STEP][PASSED] - myType = element.getAttribute("type"): null

27-02-2025T17:40:55 - [TEST_STEP][PASSED] - if (myValue in varParms[i]): null

27-02-2025T17:40:55 - [TEST_STEP][PASSED] - else: null

27-02-2025T17:40:55 - [TEST_STEP][PASSED] - inList = false: null

27-02-2025T17:40:55 - [TEST_STEP][PASSED] - if (myType == "checkbox"): null

27-02-2025T17:40:55 - [TEST_STEP][PASSED] - myStatus = element.isSelected(): null

27-02-2025T17:40:55 - [TEST_STEP][PASSED] - if (debug): null

27-02-2025T17:40:55 - [TEST_STEP][PASSED] - if (toggle && myStatus && inList): null

27-02-2025T17:40:55 - [TEST_STEP][PASSED] - if (!(myStatus) && inList || myStatus && !(inList)): null

27-02-2025T17:40:55 - [TEST_STEP][PASSED] - myValue = element.getAttribute("value"): null

27-02-2025T17:40:55 - [TEST_STEP][PASSED] - if (debug): null

27-02-2025T17:40:55 - [TEST_STEP][PASSED] - if (myValue.length() >= 4): null

27-02-2025T17:40:55 - [TEST_STEP][PASSED] - if (myValue.substring(0, 4) == "(!) "): null

27-02-2025T17:40:55 - [TEST_STEP][PASSED] - myType = element.getAttribute("type"): null

27-02-2025T17:40:55 - [TEST_STEP][PASSED] - if (myValue in varParms[i]): null

27-02-2025T17:40:55 - [TEST_STEP][PASSED] - else: null

27-02-2025T17:40:55 - [TEST_STEP][PASSED] - inList = false: null

27-02-2025T17:40:55 - [TEST_STEP][PASSED] - if (myType == "checkbox"): null

27-02-2025T17:40:55 - [TEST_STEP][PASSED] - myStatus = element.isSelected(): null

27-02-2025T17:40:55 - [TEST_STEP][PASSED] - if (debug): null

27-02-2025T17:40:55 - [TEST_STEP][PASSED] - if (toggle && myStatus && inList): null

27-02-2025T17:40:55 - [TEST_STEP][PASSED] - if (!(myStatus) && inList || myStatus && !(inList)): null

27-02-2025T17:40:55 - [TEST_STEP][PASSED] - myValue = element.getAttribute("value"): null

27-02-2025T17:40:55 - [TEST_STEP][PASSED] - if (debug): null

27-02-2025T17:40:55 - [TEST_STEP][PASSED] - if (myValue.length() >= 4): null

27-02-2025T17:40:55 - [TEST_STEP][PASSED] - if (myValue.substring(0, 4) == "(!) "): null

27-02-2025T17:40:55 - [TEST_STEP][PASSED] - myType = element.getAttribute("type"): null

27-02-2025T17:40:55 - [TEST_STEP][PASSED] - if (myValue in varParms[i]): null

27-02-2025T17:40:55 - [TEST_STEP][PASSED] - else: null

27-02-2025T17:40:55 - [TEST_STEP][PASSED] - inList = false: null

27-02-2025T17:40:55 - [TEST_STEP][PASSED] - if (myType == "checkbox"): null

27-02-2025T17:40:55 - [TEST_STEP][PASSED] - myStatus = element.isSelected(): null

27-02-2025T17:40:55 - [TEST_STEP][PASSED] - if (debug): null

27-02-2025T17:40:55 - [TEST_STEP][PASSED] - if (toggle && myStatus && inList): null

27-02-2025T17:40:55 - [TEST_STEP][PASSED] - if (!(myStatus) && inList || myStatus && !(inList)): null

27-02-2025T17:40:55 - [TEST_STEP][PASSED] - myValue = element.getAttribute("value"): null

27-02-2025T17:40:55 - [TEST_STEP][PASSED] - if (debug): null

27-02-2025T17:40:55 - [TEST_STEP][PASSED] - if (myValue.length() >= 4): null

27-02-2025T17:40:55 - [TEST_STEP][PASSED] - if (myValue.substring(0, 4) == "(!) "): null

27-02-2025T17:40:55 - [TEST_STEP][PASSED] - myType = element.getAttribute("type"): null

27-02-2025T17:40:55 - [TEST_STEP][PASSED] - if (myValue in varParms[i]): null

27-02-2025T17:40:55 - [TEST_STEP][PASSED] - else: null

27-02-2025T17:40:55 - [TEST_STEP][PASSED] - inList = false: null

27-02-2025T17:40:55 - [TEST_STEP][PASSED] - if (myType == "checkbox"): null

27-02-2025T17:40:55 - [TEST_STEP][PASSED] - myStatus = element.isSelected(): null

27-02-2025T17:40:55 - [TEST_STEP][PASSED] - if (debug): null

27-02-2025T17:40:55 - [TEST_STEP][PASSED] - if (toggle && myStatus && inList): null

27-02-2025T17:40:55 - [TEST_STEP][PASSED] - if (!(myStatus) && inList || myStatus && !(inList)): null

27-02-2025T17:40:55 - [TEST_STEP][PASSED] - myValue = element.getAttribute("value"): null

27-02-2025T17:40:55 - [TEST_STEP][PASSED] - if (debug): null

27-02-2025T17:40:55 - [TEST_STEP][PASSED] - if (myValue.length() >= 4): null

27-02-2025T17:40:55 - [TEST_STEP][PASSED] - if (myValue.substring(0, 4) == "(!) "): null

27-02-2025T17:40:55 - [TEST_STEP][PASSED] - myType = element.getAttribute("type"): null

27-02-2025T17:40:55 - [TEST_STEP][PASSED] - if (myValue in varParms[i]): null

27-02-2025T17:40:55 - [TEST_STEP][PASSED] - else: null

27-02-2025T17:40:55 - [TEST_STEP][PASSED] - inList = false: null

27-02-2025T17:40:55 - [TEST_STEP][PASSED] - if (myType == "checkbox"): null

27-02-2025T17:40:55 - [TEST_STEP][PASSED] - myStatus = element.isSelected(): null

27-02-2025T17:40:55 - [TEST_STEP][PASSED] - if (debug): null

27-02-2025T17:40:55 - [TEST_STEP][PASSED] - if (toggle && myStatus && inList): null

27-02-2025T17:40:55 - [TEST_STEP][PASSED] - if (!(myStatus) && inList || myStatus && !(inList)): null

27-02-2025T17:40:55 - [TEST_STEP][PASSED] - myValue = element.getAttribute("value"): null

27-02-2025T17:40:55 - [TEST_STEP][PASSED] - if (debug): null

27-02-2025T17:40:55 - [TEST_STEP][PASSED] - if (myValue.length() >= 4): null

27-02-2025T17:40:55 - [TEST_STEP][PASSED] - if (myValue.substring(0, 4) == "(!) "): null

27-02-2025T17:40:55 - [TEST_STEP][PASSED] - myType = element.getAttribute("type"): null

27-02-2025T17:40:55 - [TEST_STEP][PASSED] - if (myValue in varParms[i]): null

27-02-2025T17:40:55 - [TEST_STEP][PASSED] - else: null

27-02-2025T17:40:55 - [TEST_STEP][PASSED] - inList = false: null

27-02-2025T17:40:55 - [TEST_STEP][PASSED] - if (myType == "checkbox"): null

27-02-2025T17:40:55 - [TEST_STEP][PASSED] - myStatus = element.isSelected(): null

27-02-2025T17:40:55 - [TEST_STEP][PASSED] - if (debug): null

27-02-2025T17:40:55 - [TEST_STEP][PASSED] - if (toggle && myStatus && inList): null

27-02-2025T17:40:55 - [TEST_STEP][PASSED] - if (!(myStatus) && inList || myStatus && !(inList)): null

27-02-2025T17:40:55 - [TEST_STEP][PASSED] - myValue = element.getAttribute("value"): null

27-02-2025T17:40:55 - [TEST_STEP][PASSED] - if (debug): null

27-02-2025T17:40:55 - [TEST_STEP][PASSED] - if (myValue.length() >= 4): null

27-02-2025T17:40:55 - [TEST_STEP][PASSED] - if (myValue.substring(0, 4) == "(!) "): null

27-02-2025T17:40:55 - [TEST_STEP][PASSED] - myType = element.getAttribute("type"): null

27-02-2025T17:40:55 - [TEST_STEP][PASSED] - if (myValue in varParms[i]): null

27-02-2025T17:40:55 - [TEST_STEP][PASSED] - else: null

27-02-2025T17:40:55 - [TEST_STEP][PASSED] - inList = false: null

27-02-2025T17:40:55 - [TEST_STEP][PASSED] - if (myType == "checkbox"): null

27-02-2025T17:40:55 - [TEST_STEP][PASSED] - myStatus = element.isSelected(): null

27-02-2025T17:40:55 - [TEST_STEP][PASSED] - if (debug): null

27-02-2025T17:40:55 - [TEST_STEP][PASSED] - if (toggle && myStatus && inList): null

27-02-2025T17:40:55 - [TEST_STEP][PASSED] - if (!(myStatus) && inList || myStatus && !(inList)): null

27-02-2025T17:40:55 - [TEST_STEP][PASSED] - myValue = element.getAttribute("value"): null

27-02-2025T17:40:55 - [TEST_STEP][PASSED] - if (debug): null

27-02-2025T17:40:55 - [TEST_STEP][PASSED] - if (myValue.length() >= 4): null

27-02-2025T17:40:55 - [TEST_STEP][PASSED] - if (myValue.substring(0, 4) == "(!) "): null

27-02-2025T17:40:55 - [TEST_STEP][PASSED] - myType = element.getAttribute("type"): null

27-02-2025T17:40:55 - [TEST_STEP][PASSED] - if (myValue in varParms[i]): null

27-02-2025T17:40:55 - [TEST_STEP][PASSED] - else: null

27-02-2025T17:40:55 - [TEST_STEP][PASSED] - inList = false: null

27-02-2025T17:40:55 - [TEST_STEP][PASSED] - if (myType == "checkbox"): null

27-02-2025T17:40:55 - [TEST_STEP][PASSED] - myStatus = element.isSelected(): null

27-02-2025T17:40:55 - [TEST_STEP][PASSED] - if (debug): null

27-02-2025T17:40:55 - [TEST_STEP][PASSED] - if (toggle && myStatus && inList): null

27-02-2025T17:40:55 - [TEST_STEP][PASSED] - if (!(myStatus) && inList || myStatus && !(inList)): null

27-02-2025T17:40:55 - [TEST_STEP][PASSED] - myValue = element.getAttribute("value"): null

27-02-2025T17:40:55 - [TEST_STEP][PASSED] - if (debug): null

27-02-2025T17:40:55 - [TEST_STEP][PASSED] - if (myValue.length() >= 4): null

27-02-2025T17:40:55 - [TEST_STEP][PASSED] - if (myValue.substring(0, 4) == "(!) "): null

27-02-2025T17:40:55 - [TEST_STEP][PASSED] - myType = element.getAttribute("type"): null

27-02-2025T17:40:55 - [TEST_STEP][PASSED] - if (myValue in varParms[i]): null

27-02-2025T17:40:55 - [TEST_STEP][PASSED] - else: null

27-02-2025T17:40:55 - [TEST_STEP][PASSED] - inList = false: null

27-02-2025T17:40:55 - [TEST_STEP][PASSED] - if (myType == "checkbox"): null

27-02-2025T17:40:55 - [TEST_STEP][PASSED] - myStatus = element.isSelected(): null

27-02-2025T17:40:55 - [TEST_STEP][PASSED] - if (debug): null

27-02-2025T17:40:55 - [TEST_STEP][PASSED] - if (toggle && myStatus && inList): null

27-02-2025T17:40:55 - [TEST_STEP][PASSED] - if (!(myStatus) && inList || myStatus && !(inList)): null

27-02-2025T17:40:55 - [TEST_STEP][PASSED] - myValue = element.getAttribute("value"): null

27-02-2025T17:40:55 - [TEST_STEP][PASSED] - if (debug): null

27-02-2025T17:40:55 - [TEST_STEP][PASSED] - if (myValue.length() >= 4): null

27-02-2025T17:40:55 - [TEST_STEP][PASSED] - if (myValue.substring(0, 4) == "(!) "): null

27-02-2025T17:40:55 - [TEST_STEP][PASSED] - myType = element.getAttribute("type"): null

27-02-2025T17:40:55 - [TEST_STEP][PASSED] - if (myValue in varParms[i]): null

27-02-2025T17:40:55 - [TEST_STEP][PASSED] - else: null

27-02-2025T17:40:55 - [TEST_STEP][PASSED] - inList = false: null

27-02-2025T17:40:55 - [TEST_STEP][PASSED] - if (myType == "checkbox"): null

27-02-2025T17:40:55 - [TEST_STEP][PASSED] - myStatus = element.isSelected(): null

27-02-2025T17:40:55 - [TEST_STEP][PASSED] - if (debug): null

27-02-2025T17:40:55 - [TEST_STEP][PASSED] - if (toggle && myStatus && inList): null

27-02-2025T17:40:55 - [TEST_STEP][PASSED] - if (!(myStatus) && inList || myStatus && !(inList)): null

27-02-2025T17:40:55 - [TEST_STEP][PASSED] - myValue = element.getAttribute("value"): null

27-02-2025T17:40:55 - [TEST_STEP][PASSED] - if (debug): null

27-02-2025T17:40:55 - [TEST_STEP][PASSED] - if (myValue.length() >= 4): null

27-02-2025T17:40:55 - [TEST_STEP][PASSED] - if (myValue.substring(0, 4) == "(!) "): null

27-02-2025T17:40:55 - [TEST_STEP][PASSED] - myType = element.getAttribute("type"): null

27-02-2025T17:40:55 - [TEST_STEP][PASSED] - if (myValue in varParms[i]): null

27-02-2025T17:40:55 - [TEST_STEP][PASSED] - else: null

27-02-2025T17:40:55 - [TEST_STEP][PASSED] - inList = false: null

27-02-2025T17:40:55 - [TEST_STEP][PASSED] - if (myType == "checkbox"): null

27-02-2025T17:40:55 - [TEST_STEP][PASSED] - myStatus = element.isSelected(): null

27-02-2025T17:40:55 - [TEST_STEP][PASSED] - if (debug): null

27-02-2025T17:40:55 - [TEST_STEP][PASSED] - if (toggle && myStatus && inList): null

27-02-2025T17:40:55 - [TEST_STEP][PASSED] - if (!(myStatus) && inList || myStatus && !(inList)): null

27-02-2025T17:40:55 - [TEST_STEP][PASSED] - myValue = element.getAttribute("value"): null

27-02-2025T17:40:55 - [TEST_STEP][PASSED] - if (debug): null

27-02-2025T17:40:55 - [TEST_STEP][PASSED] - if (myValue.length() >= 4): null

27-02-2025T17:40:55 - [TEST_STEP][PASSED] - if (myValue.substring(0, 4) == "(!) "): null

27-02-2025T17:40:55 - [TEST_STEP][PASSED] - myType = element.getAttribute("type"): null

27-02-2025T17:40:55 - [TEST_STEP][PASSED] - if (myValue in varParms[i]): null

27-02-2025T17:40:55 - [TEST_STEP][PASSED] - else: null

27-02-2025T17:40:55 - [TEST_STEP][PASSED] - inList = false: null

27-02-2025T17:40:55 - [TEST_STEP][PASSED] - if (myType == "checkbox"): null

27-02-2025T17:40:55 - [TEST_STEP][PASSED] - myStatus = element.isSelected(): null

27-02-2025T17:40:55 - [TEST_STEP][PASSED] - if (debug): null

27-02-2025T17:40:55 - [TEST_STEP][PASSED] - if (toggle && myStatus && inList): null

27-02-2025T17:40:55 - [TEST_STEP][PASSED] - if (!(myStatus) && inList || myStatus && !(inList)): null

27-02-2025T17:40:55 - [TEST_STEP][PASSED] - myValue = element.getAttribute("value"): null

27-02-2025T17:40:55 - [TEST_STEP][PASSED] - if (debug): null

27-02-2025T17:40:55 - [TEST_STEP][PASSED] - if (myValue.length() >= 4): null

27-02-2025T17:40:55 - [TEST_STEP][PASSED] - if (myValue.substring(0, 4) == "(!) "): null

27-02-2025T17:40:55 - [TEST_STEP][PASSED] - myType = element.getAttribute("type"): null

27-02-2025T17:40:55 - [TEST_STEP][PASSED] - if (myValue in varParms[i]): null

27-02-2025T17:40:55 - [TEST_STEP][PASSED] - else: null

27-02-2025T17:40:55 - [TEST_STEP][PASSED] - inList = false: null

27-02-2025T17:40:55 - [TEST_STEP][PASSED] - if (myType == "checkbox"): null

27-02-2025T17:40:55 - [TEST_STEP][PASSED] - myStatus = element.isSelected(): null

27-02-2025T17:40:55 - [TEST_STEP][PASSED] - if (debug): null

27-02-2025T17:40:55 - [TEST_STEP][PASSED] - if (toggle && myStatus && inList): null

27-02-2025T17:40:55 - [TEST_STEP][PASSED] - if (!(myStatus) && inList || myStatus && !(inList)): null

27-02-2025T17:40:55 - [TEST_STEP][PASSED] - myValue = element.getAttribute("value"): null

27-02-2025T17:40:55 - [TEST_STEP][PASSED] - if (debug): null

27-02-2025T17:40:55 - [TEST_STEP][PASSED] - if (myValue.length() >= 4): null

27-02-2025T17:40:55 - [TEST_STEP][PASSED] - if (myValue.substring(0, 4) == "(!) "): null

27-02-2025T17:40:55 - [TEST_STEP][PASSED] - myType = element.getAttribute("type"): null

27-02-2025T17:40:55 - [TEST_STEP][PASSED] - if (myValue in varParms[i]): null

27-02-2025T17:40:55 - [TEST_STEP][PASSED] - else: null

27-02-2025T17:40:55 - [TEST_STEP][PASSED] - inList = false: null

27-02-2025T17:40:55 - [TEST_STEP][PASSED] - if (myType == "checkbox"): null

27-02-2025T17:40:55 - [TEST_STEP][PASSED] - myStatus = element.isSelected(): null

27-02-2025T17:40:55 - [TEST_STEP][PASSED] - if (debug): null

27-02-2025T17:40:55 - [TEST_STEP][PASSED] - if (toggle && myStatus && inList): null

27-02-2025T17:40:55 - [TEST_STEP][PASSED] - if (!(myStatus) && inList || myStatus && !(inList)): null

27-02-2025T17:40:55 - [TEST_STEP][PASSED] - myValue = element.getAttribute("value"): null

27-02-2025T17:40:55 - [TEST_STEP][PASSED] - if (debug): null

27-02-2025T17:40:55 - [TEST_STEP][PASSED] - if (myValue.length() >= 4): null

27-02-2025T17:40:55 - [TEST_STEP][PASSED] - if (myValue.substring(0, 4) == "(!) "): null

27-02-2025T17:40:55 - [TEST_STEP][PASSED] - myType = element.getAttribute("type"): null

27-02-2025T17:40:55 - [TEST_STEP][PASSED] - if (myValue in varParms[i]): null

27-02-2025T17:40:55 - [TEST_STEP][PASSED] - else: null

27-02-2025T17:40:55 - [TEST_STEP][PASSED] - inList = false: null

27-02-2025T17:40:55 - [TEST_STEP][PASSED] - if (myType == "checkbox"): null

27-02-2025T17:40:55 - [TEST_STEP][PASSED] - myStatus = element.isSelected(): null

27-02-2025T17:40:55 - [TEST_STEP][PASSED] - if (debug): null

27-02-2025T17:40:55 - [TEST_STEP][PASSED] - if (toggle && myStatus && inList): null

27-02-2025T17:40:55 - [TEST_STEP][PASSED] - if (!(myStatus) && inList || myStatus && !(inList)): null

27-02-2025T17:40:55 - [TEST_STEP][PASSED] - myValue = element.getAttribute("value"): null

27-02-2025T17:40:55 - [TEST_STEP][PASSED] - if (debug): null

27-02-2025T17:40:55 - [TEST_STEP][PASSED] - if (myValue.length() >= 4): null

27-02-2025T17:40:55 - [TEST_STEP][PASSED] - if (myValue.substring(0, 4) == "(!) "): null

27-02-2025T17:40:55 - [TEST_STEP][PASSED] - myType = element.getAttribute("type"): null

27-02-2025T17:40:55 - [TEST_STEP][PASSED] - if (myValue in varParms[i]): null

27-02-2025T17:40:55 - [TEST_STEP][PASSED] - else: null

27-02-2025T17:40:55 - [TEST_STEP][PASSED] - inList = false: null

27-02-2025T17:40:55 - [TEST_STEP][PASSED] - if (myType == "checkbox"): null

27-02-2025T17:40:55 - [TEST_STEP][PASSED] - myStatus = element.isSelected(): null

27-02-2025T17:40:55 - [TEST_STEP][PASSED] - if (debug): null

27-02-2025T17:40:55 - [TEST_STEP][PASSED] - if (toggle && myStatus && inList): null

27-02-2025T17:40:55 - [TEST_STEP][PASSED] - if (!(myStatus) && inList || myStatus && !(inList)): null

27-02-2025T17:40:55 - [TEST_STEP][PASSED] - myValue = element.getAttribute("value"): null

27-02-2025T17:40:55 - [TEST_STEP][PASSED] - if (debug): null

27-02-2025T17:40:55 - [TEST_STEP][PASSED] - if (myValue.length() >= 4): null

27-02-2025T17:40:55 - [TEST_STEP][PASSED] - if (myValue.substring(0, 4) == "(!) "): null

27-02-2025T17:40:55 - [TEST_STEP][PASSED] - myType = element.getAttribute("type"): null

27-02-2025T17:40:55 - [TEST_STEP][PASSED] - if (myValue in varParms[i]): null

27-02-2025T17:40:55 - [TEST_STEP][PASSED] - else: null

27-02-2025T17:40:55 - [TEST_STEP][PASSED] - inList = false: null

27-02-2025T17:40:55 - [TEST_STEP][PASSED] - if (myType == "checkbox"): null

27-02-2025T17:40:55 - [TEST_STEP][PASSED] - myStatus = element.isSelected(): null

27-02-2025T17:40:55 - [TEST_STEP][PASSED] - if (debug): null

27-02-2025T17:40:55 - [TEST_STEP][PASSED] - if (toggle && myStatus && inList): null

27-02-2025T17:40:55 - [TEST_STEP][PASSED] - if (!(myStatus) && inList || myStatus && !(inList)): null

27-02-2025T17:40:55 - [TEST_STEP][PASSED] - myValue = element.getAttribute("value"): null

27-02-2025T17:40:55 - [TEST_STEP][PASSED] - if (debug): null

27-02-2025T17:40:55 - [TEST_STEP][PASSED] - if (myValue.length() >= 4): null

27-02-2025T17:40:55 - [TEST_STEP][PASSED] - if (myValue.substring(0, 4) == "(!) "): null

27-02-2025T17:40:55 - [TEST_STEP][PASSED] - myType = element.getAttribute("type"): null

27-02-2025T17:40:55 - [TEST_STEP][PASSED] - if (myValue in varParms[i]): null

27-02-2025T17:40:55 - [TEST_STEP][PASSED] - else: null

27-02-2025T17:40:55 - [TEST_STEP][PASSED] - inList = false: null

27-02-2025T17:40:55 - [TEST_STEP][PASSED] - if (myType == "checkbox"): null

27-02-2025T17:40:55 - [TEST_STEP][PASSED] - myStatus = element.isSelected(): null

27-02-2025T17:40:55 - [TEST_STEP][PASSED] - if (debug): null

27-02-2025T17:40:55 - [TEST_STEP][PASSED] - if (toggle && myStatus && inList): null

27-02-2025T17:40:55 - [TEST_STEP][PASSED] - if (!(myStatus) && inList || myStatus && !(inList)): null

27-02-2025T17:40:55 - [TEST_STEP][PASSED] - myValue = element.getAttribute("value"): null

27-02-2025T17:40:55 - [TEST_STEP][PASSED] - if (debug): null

27-02-2025T17:40:55 - [TEST_STEP][PASSED] - if (myValue.length() >= 4): null

27-02-2025T17:40:55 - [TEST_STEP][PASSED] - if (myValue.substring(0, 4) == "(!) "): null

27-02-2025T17:40:55 - [TEST_STEP][PASSED] - myType = element.getAttribute("type"): null

27-02-2025T17:40:55 - [TEST_STEP][PASSED] - if (myValue in varParms[i]): null

27-02-2025T17:40:55 - [TEST_STEP][PASSED] - else: null

27-02-2025T17:40:55 - [TEST_STEP][PASSED] - inList = false: null

27-02-2025T17:40:55 - [TEST_STEP][PASSED] - if (myType == "checkbox"): null

27-02-2025T17:40:55 - [TEST_STEP][PASSED] - myStatus = element.isSelected(): null

27-02-2025T17:40:55 - [TEST_STEP][PASSED] - if (debug): null

27-02-2025T17:40:55 - [TEST_STEP][PASSED] - if (toggle && myStatus && inList): null

27-02-2025T17:40:55 - [TEST_STEP][PASSED] - if (!(myStatus) && inList || myStatus && !(inList)): null

27-02-2025T17:40:55 - [TEST_STEP][PASSED] - myValue = element.getAttribute("value"): null

27-02-2025T17:40:55 - [TEST_STEP][PASSED] - if (debug): null

27-02-2025T17:40:55 - [TEST_STEP][PASSED] - if (myValue.length() >= 4): null

27-02-2025T17:40:55 - [TEST_STEP][PASSED] - if (myValue.substring(0, 4) == "(!) "): null

27-02-2025T17:40:55 - [TEST_STEP][PASSED] - myType = element.getAttribute("type"): null

27-02-2025T17:40:55 - [TEST_STEP][PASSED] - if (myValue in varParms[i]): null

27-02-2025T17:40:55 - [TEST_STEP][PASSED] - else: null

27-02-2025T17:40:55 - [TEST_STEP][PASSED] - inList = false: null

27-02-2025T17:40:55 - [TEST_STEP][PASSED] - if (myType == "checkbox"): null

27-02-2025T17:40:55 - [TEST_STEP][PASSED] - myStatus = element.isSelected(): null

27-02-2025T17:40:55 - [TEST_STEP][PASSED] - if (debug): null

27-02-2025T17:40:55 - [TEST_STEP][PASSED] - if (toggle && myStatus && inList): null

27-02-2025T17:40:55 - [TEST_STEP][PASSED] - if (!(myStatus) && inList || myStatus && !(inList)): null

27-02-2025T17:40:55 - [TEST_STEP][PASSED] - myValue = element.getAttribute("value"): null

27-02-2025T17:40:55 - [TEST_STEP][PASSED] - if (debug): null

27-02-2025T17:40:55 - [TEST_STEP][PASSED] - if (myValue.length() >= 4): null

27-02-2025T17:40:55 - [TEST_STEP][PASSED] - if (myValue.substring(0, 4) == "(!) "): null

27-02-2025T17:40:55 - [TEST_STEP][PASSED] - myType = element.getAttribute("type"): null

27-02-2025T17:40:55 - [TEST_STEP][PASSED] - if (myValue in varParms[i]): null

27-02-2025T17:40:55 - [TEST_STEP][PASSED] - else: null

27-02-2025T17:40:55 - [TEST_STEP][PASSED] - inList = false: null

27-02-2025T17:40:55 - [TEST_STEP][PASSED] - if (myType == "checkbox"): null

27-02-2025T17:40:55 - [TEST_STEP][PASSED] - myStatus = element.isSelected(): null

27-02-2025T17:40:55 - [TEST_STEP][PASSED] - if (debug): null

27-02-2025T17:40:55 - [TEST_STEP][PASSED] - if (toggle && myStatus && inList): null

27-02-2025T17:40:55 - [TEST_STEP][PASSED] - if (!(myStatus) && inList || myStatus && !(inList)): null

27-02-2025T17:40:55 - [TEST_STEP][PASSED] - myValue = element.getAttribute("value"): null

27-02-2025T17:40:55 - [TEST_STEP][PASSED] - if (debug): null

27-02-2025T17:40:55 - [TEST_STEP][PASSED] - if (myValue.length() >= 4): null

27-02-2025T17:40:55 - [TEST_STEP][PASSED] - if (myValue.substring(0, 4) == "(!) "): null

27-02-2025T17:40:55 - [TEST_STEP][PASSED] - myType = element.getAttribute("type"): null

27-02-2025T17:40:55 - [TEST_STEP][PASSED] - if (myValue in varParms[i]): null

27-02-2025T17:40:55 - [TEST_STEP][PASSED] - else: null

27-02-2025T17:40:55 - [TEST_STEP][PASSED] - inList = false: null

27-02-2025T17:40:55 - [TEST_STEP][PASSED] - if (myType == "checkbox"): null

27-02-2025T17:40:55 - [TEST_STEP][PASSED] - myStatus = element.isSelected(): null

27-02-2025T17:40:55 - [TEST_STEP][PASSED] - if (debug): null

27-02-2025T17:40:55 - [TEST_STEP][PASSED] - if (toggle && myStatus && inList): null

27-02-2025T17:40:55 - [TEST_STEP][PASSED] - if (!(myStatus) && inList || myStatus && !(inList)): null

27-02-2025T17:40:55 - [TEST_STEP][PASSED] - myValue = element.getAttribute("value"): null

27-02-2025T17:40:55 - [TEST_STEP][PASSED] - if (debug): null

27-02-2025T17:40:55 - [TEST_STEP][PASSED] - if (myValue.length() >= 4): null

27-02-2025T17:40:55 - [TEST_STEP][PASSED] - if (myValue.substring(0, 4) == "(!) "): null

27-02-2025T17:40:55 - [TEST_STEP][PASSED] - myType = element.getAttribute("type"): null

27-02-2025T17:40:55 - [TEST_STEP][PASSED] - if (myValue in varParms[i]): null

27-02-2025T17:40:55 - [TEST_STEP][PASSED] - else: null

27-02-2025T17:40:55 - [TEST_STEP][PASSED] - inList = false: null

27-02-2025T17:40:55 - [TEST_STEP][PASSED] - if (myType == "checkbox"): null

27-02-2025T17:40:55 - [TEST_STEP][PASSED] - myStatus = element.isSelected(): null

27-02-2025T17:40:55 - [TEST_STEP][PASSED] - if (debug): null

27-02-2025T17:40:55 - [TEST_STEP][PASSED] - if (toggle && myStatus && inList): null

27-02-2025T17:40:55 - [TEST_STEP][PASSED] - if (!(myStatus) && inList || myStatus && !(inList)): null

27-02-2025T17:40:55 - [TEST_STEP][PASSED] - myValue = element.getAttribute("value"): null

27-02-2025T17:40:55 - [TEST_STEP][PASSED] - if (debug): null

27-02-2025T17:40:55 - [TEST_STEP][PASSED] - if (myValue.length() >= 4): null

27-02-2025T17:40:55 - [TEST_STEP][PASSED] - if (myValue.substring(0, 4) == "(!) "): null

27-02-2025T17:40:55 - [TEST_STEP][PASSED] - myType = element.getAttribute("type"): null

27-02-2025T17:40:55 - [TEST_STEP][PASSED] - if (myValue in varParms[i]): null

27-02-2025T17:40:55 - [TEST_STEP][PASSED] - else: null

27-02-2025T17:40:55 - [TEST_STEP][PASSED] - inList = false: null

27-02-2025T17:40:55 - [TEST_STEP][PASSED] - if (myType == "checkbox"): null

27-02-2025T17:40:55 - [TEST_STEP][PASSED] - myStatus = element.isSelected(): null

27-02-2025T17:40:55 - [TEST_STEP][PASSED] - if (debug): null

27-02-2025T17:40:55 - [TEST_STEP][PASSED] - if (toggle && myStatus && inList): null

27-02-2025T17:40:55 - [TEST_STEP][PASSED] - if (!(myStatus) && inList || myStatus && !(inList)): null

27-02-2025T17:40:55 - [TEST_STEP][PASSED] - myValue = element.getAttribute("value"): null

27-02-2025T17:40:55 - [TEST_STEP][PASSED] - if (debug): null

27-02-2025T17:40:55 - [TEST_STEP][PASSED] - if (myValue.length() >= 4): null

27-02-2025T17:40:55 - [TEST_STEP][PASSED] - if (myValue.substring(0, 4) == "(!) "): null

27-02-2025T17:40:55 - [TEST_STEP][PASSED] - myType = element.getAttribute("type"): null

27-02-2025T17:40:55 - [TEST_STEP][PASSED] - if (myValue in varParms[i]): null

27-02-2025T17:40:55 - [TEST_STEP][PASSED] - else: null

27-02-2025T17:40:55 - [TEST_STEP][PASSED] - inList = false: null

27-02-2025T17:40:55 - [TEST_STEP][PASSED] - if (myType == "checkbox"): null

27-02-2025T17:40:55 - [TEST_STEP][PASSED] - myStatus = element.isSelected(): null

27-02-2025T17:40:55 - [TEST_STEP][PASSED] - if (debug): null

27-02-2025T17:40:55 - [TEST_STEP][PASSED] - if (toggle && myStatus && inList): null

27-02-2025T17:40:55 - [TEST_STEP][PASSED] - if (!(myStatus) && inList || myStatus && !(inList)): null

27-02-2025T17:40:55 - [TEST_STEP][PASSED] - myValue = element.getAttribute("value"): null

27-02-2025T17:40:55 - [TEST_STEP][PASSED] - if (debug): null

27-02-2025T17:40:55 - [TEST_STEP][PASSED] - if (myValue.length() >= 4): null

27-02-2025T17:40:55 - [TEST_STEP][PASSED] - if (myValue.substring(0, 4) == "(!) "): null

27-02-2025T17:40:55 - [TEST_STEP][PASSED] - myType = element.getAttribute("type"): null

27-02-2025T17:40:55 - [TEST_STEP][PASSED] - if (myValue in varParms[i]): null

27-02-2025T17:40:55 - [TEST_STEP][PASSED] - else: null

27-02-2025T17:40:55 - [TEST_STEP][PASSED] - inList = false: null

27-02-2025T17:40:55 - [TEST_STEP][PASSED] - if (myType == "checkbox"): null

27-02-2025T17:40:55 - [TEST_STEP][PASSED] - myStatus = element.isSelected(): null

27-02-2025T17:40:55 - [TEST_STEP][PASSED] - if (debug): null

27-02-2025T17:40:55 - [TEST_STEP][PASSED] - if (toggle && myStatus && inList): null

27-02-2025T17:40:55 - [TEST_STEP][PASSED] - if (!(myStatus) && inList || myStatus && !(inList)): null

27-02-2025T17:40:55 - [TEST_STEP][PASSED] - myValue = element.getAttribute("value"): null

27-02-2025T17:40:55 - [TEST_STEP][PASSED] - if (debug): null

27-02-2025T17:40:55 - [TEST_STEP][PASSED] - if (myValue.length() >= 4): null

27-02-2025T17:40:55 - [TEST_STEP][PASSED] - if (myValue.substring(0, 4) == "(!) "): null

27-02-2025T17:40:55 - [TEST_STEP][PASSED] - myType = element.getAttribute("type"): null

27-02-2025T17:40:55 - [TEST_STEP][PASSED] - if (myValue in varParms[i]): null

27-02-2025T17:40:55 - [TEST_STEP][PASSED] - else: null

27-02-2025T17:40:55 - [TEST_STEP][PASSED] - inList = false: null

27-02-2025T17:40:55 - [TEST_STEP][PASSED] - if (myType == "checkbox"): null

27-02-2025T17:40:55 - [TEST_STEP][PASSED] - myStatus = element.isSelected(): null

27-02-2025T17:40:55 - [TEST_STEP][PASSED] - if (debug): null

27-02-2025T17:40:55 - [TEST_STEP][PASSED] - if (toggle && myStatus && inList): null

27-02-2025T17:40:55 - [TEST_STEP][PASSED] - if (!(myStatus) && inList || myStatus && !(inList)): null

27-02-2025T17:40:55 - [TEST_STEP][PASSED] - myValue = element.getAttribute("value"): null

27-02-2025T17:40:55 - [TEST_STEP][PASSED] - if (debug): null

27-02-2025T17:40:55 - [TEST_STEP][PASSED] - if (myValue.length() >= 4): null

27-02-2025T17:40:55 - [TEST_STEP][PASSED] - if (myValue.substring(0, 4) == "(!) "): null

27-02-2025T17:40:55 - [TEST_STEP][PASSED] - myType = element.getAttribute("type"): null

27-02-2025T17:40:55 - [TEST_STEP][PASSED] - if (myValue in varParms[i]): null

27-02-2025T17:40:55 - [TEST_STEP][PASSED] - else: null

27-02-2025T17:40:55 - [TEST_STEP][PASSED] - inList = false: null

27-02-2025T17:40:55 - [TEST_STEP][PASSED] - if (myType == "checkbox"): null

27-02-2025T17:40:55 - [TEST_STEP][PASSED] - myStatus = element.isSelected(): null

27-02-2025T17:40:55 - [TEST_STEP][PASSED] - if (debug): null

27-02-2025T17:40:55 - [TEST_STEP][PASSED] - if (toggle && myStatus && inList): null

27-02-2025T17:40:55 - [TEST_STEP][PASSED] - if (!(myStatus) && inList || myStatus && !(inList)): null

27-02-2025T17:40:55 - [TEST_STEP][PASSED] - myValue = element.getAttribute("value"): null

27-02-2025T17:40:55 - [TEST_STEP][PASSED] - if (debug): null

27-02-2025T17:40:55 - [TEST_STEP][PASSED] - if (myValue.length() >= 4): null

27-02-2025T17:40:55 - [TEST_STEP][PASSED] - if (myValue.substring(0, 4) == "(!) "): null

27-02-2025T17:40:55 - [TEST_STEP][PASSED] - myType = element.getAttribute("type"): null

27-02-2025T17:40:55 - [TEST_STEP][PASSED] - if (myValue in varParms[i]): null

27-02-2025T17:40:55 - [TEST_STEP][PASSED] - else: null

27-02-2025T17:40:55 - [TEST_STEP][PASSED] - inList = false: null

27-02-2025T17:40:55 - [TEST_STEP][PASSED] - if (myType == "checkbox"): null

27-02-2025T17:40:55 - [TEST_STEP][PASSED] - myStatus = element.isSelected(): null

27-02-2025T17:40:55 - [TEST_STEP][PASSED] - if (debug): null

27-02-2025T17:40:55 - [TEST_STEP][PASSED] - if (toggle && myStatus && inList): null

27-02-2025T17:40:55 - [TEST_STEP][PASSED] - if (!(myStatus) && inList || myStatus && !(inList)): null

27-02-2025T17:40:55 - [TEST_STEP][PASSED] - myValue = element.getAttribute("value"): null

27-02-2025T17:40:55 - [TEST_STEP][PASSED] - if (debug): null

27-02-2025T17:40:55 - [TEST_STEP][PASSED] - if (myValue.length() >= 4): null

27-02-2025T17:40:55 - [TEST_STEP][PASSED] - if (myValue.substring(0, 4) == "(!) "): null

27-02-2025T17:40:55 - [TEST_STEP][PASSED] - myType = element.getAttribute("type"): null

27-02-2025T17:40:55 - [TEST_STEP][PASSED] - if (myValue in varParms[i]): null

27-02-2025T17:40:55 - [TEST_STEP][PASSED] - else: null

27-02-2025T17:40:55 - [TEST_STEP][PASSED] - inList = false: null

27-02-2025T17:40:55 - [TEST_STEP][PASSED] - if (myType == "checkbox"): null

27-02-2025T17:40:55 - [TEST_STEP][PASSED] - myStatus = element.isSelected(): null

27-02-2025T17:40:55 - [TEST_STEP][PASSED] - if (debug): null

27-02-2025T17:40:55 - [TEST_STEP][PASSED] - if (toggle && myStatus && inList): null

27-02-2025T17:40:55 - [TEST_STEP][PASSED] - if (!(myStatus) && inList || myStatus && !(inList)): null

27-02-2025T17:40:55 - [TEST_STEP][PASSED] - myValue = element.getAttribute("value"): null

27-02-2025T17:40:55 - [TEST_STEP][PASSED] - if (debug): null

27-02-2025T17:40:55 - [TEST_STEP][PASSED] - if (myValue.length() >= 4): null

27-02-2025T17:40:55 - [TEST_STEP][PASSED] - if (myValue.substring(0, 4) == "(!) "): null

27-02-2025T17:40:55 - [TEST_STEP][PASSED] - myType = element.getAttribute("type"): null

27-02-2025T17:40:55 - [TEST_STEP][PASSED] - if (myValue in varParms[i]): null

27-02-2025T17:40:55 - [TEST_STEP][PASSED] - else: null

27-02-2025T17:40:55 - [TEST_STEP][PASSED] - inList = false: null

27-02-2025T17:40:55 - [TEST_STEP][PASSED] - if (myType == "checkbox"): null

27-02-2025T17:40:55 - [TEST_STEP][PASSED] - myStatus = element.isSelected(): null

27-02-2025T17:40:55 - [TEST_STEP][PASSED] - if (debug): null

27-02-2025T17:40:55 - [TEST_STEP][PASSED] - if (toggle && myStatus && inList): null

27-02-2025T17:40:55 - [TEST_STEP][PASSED] - if (!(myStatus) && inList || myStatus && !(inList)): null

27-02-2025T17:40:55 - [TEST_STEP][PASSED] - myValue = element.getAttribute("value"): null

27-02-2025T17:40:55 - [TEST_STEP][PASSED] - if (debug): null

27-02-2025T17:40:55 - [TEST_STEP][PASSED] - if (myValue.length() >= 4): null

27-02-2025T17:40:55 - [TEST_STEP][PASSED] - if (myValue.substring(0, 4) == "(!) "): null

27-02-2025T17:40:55 - [TEST_STEP][PASSED] - myType = element.getAttribute("type"): null

27-02-2025T17:40:55 - [TEST_STEP][PASSED] - if (myValue in varParms[i]): null

27-02-2025T17:40:55 - [TEST_STEP][PASSED] - else: null

27-02-2025T17:40:55 - [TEST_STEP][PASSED] - inList = false: null

27-02-2025T17:40:55 - [TEST_STEP][PASSED] - if (myType == "checkbox"): null

27-02-2025T17:40:55 - [TEST_STEP][PASSED] - myStatus = element.isSelected(): null

27-02-2025T17:40:55 - [TEST_STEP][PASSED] - if (debug): null

27-02-2025T17:40:55 - [TEST_STEP][PASSED] - if (toggle && myStatus && inList): null

27-02-2025T17:40:55 - [TEST_STEP][PASSED] - if (!(myStatus) && inList || myStatus && !(inList)): null

27-02-2025T17:40:55 - [TEST_STEP][PASSED] - myValue = element.getAttribute("value"): null

27-02-2025T17:40:55 - [TEST_STEP][PASSED] - if (debug): null

27-02-2025T17:40:55 - [TEST_STEP][PASSED] - if (myValue.length() >= 4): null

27-02-2025T17:40:55 - [TEST_STEP][PASSED] - if (myValue.substring(0, 4) == "(!) "): null

27-02-2025T17:40:55 - [TEST_STEP][PASSED] - myType = element.getAttribute("type"): null

27-02-2025T17:40:55 - [TEST_STEP][PASSED] - if (myValue in varParms[i]): null

27-02-2025T17:40:55 - [TEST_STEP][PASSED] - else: null

27-02-2025T17:40:55 - [TEST_STEP][PASSED] - inList = false: null

27-02-2025T17:40:55 - [TEST_STEP][PASSED] - if (myType == "checkbox"): null

27-02-2025T17:40:55 - [TEST_STEP][PASSED] - myStatus = element.isSelected(): null

27-02-2025T17:40:55 - [TEST_STEP][PASSED] - if (debug): null

27-02-2025T17:40:55 - [TEST_STEP][PASSED] - if (toggle && myStatus && inList): null

27-02-2025T17:40:55 - [TEST_STEP][PASSED] - if (!(myStatus) && inList || myStatus && !(inList)): null

27-02-2025T17:40:55 - [TEST_STEP][PASSED] - myValue = element.getAttribute("value"): null

27-02-2025T17:40:55 - [TEST_STEP][PASSED] - if (debug): null

27-02-2025T17:40:55 - [TEST_STEP][PASSED] - if (myValue.length() >= 4): null

27-02-2025T17:40:55 - [TEST_STEP][PASSED] - if (myValue.substring(0, 4) == "(!) "): null

27-02-2025T17:40:55 - [TEST_STEP][PASSED] - myType = element.getAttribute("type"): null

27-02-2025T17:40:55 - [TEST_STEP][PASSED] - if (myValue in varParms[i]): null

27-02-2025T17:40:55 - [TEST_STEP][PASSED] - else: null

27-02-2025T17:40:55 - [TEST_STEP][PASSED] - inList = false: null

27-02-2025T17:40:55 - [TEST_STEP][PASSED] - if (myType == "checkbox"): null

27-02-2025T17:40:55 - [TEST_STEP][PASSED] - myStatus = element.isSelected(): null

27-02-2025T17:40:55 - [TEST_STEP][PASSED] - if (debug): null

27-02-2025T17:40:55 - [TEST_STEP][PASSED] - if (toggle && myStatus && inList): null

27-02-2025T17:40:55 - [TEST_STEP][PASSED] - if (!(myStatus) && inList || myStatus && !(inList)): null

27-02-2025T17:40:55 - [TEST_STEP][PASSED] - myValue = element.getAttribute("value"): null

27-02-2025T17:40:55 - [TEST_STEP][PASSED] - if (debug): null

27-02-2025T17:40:55 - [TEST_STEP][PASSED] - if (myValue.length() >= 4): null

27-02-2025T17:40:55 - [TEST_STEP][PASSED] - if (myValue.substring(0, 4) == "(!) "): null

27-02-2025T17:40:55 - [TEST_STEP][PASSED] - myType = element.getAttribute("type"): null

27-02-2025T17:40:55 - [TEST_STEP][PASSED] - if (myValue in varParms[i]): null

27-02-2025T17:40:55 - [TEST_STEP][PASSED] - else: null

27-02-2025T17:40:55 - [TEST_STEP][PASSED] - inList = false: null

27-02-2025T17:40:55 - [TEST_STEP][PASSED] - if (myType == "checkbox"): null

27-02-2025T17:40:55 - [TEST_STEP][PASSED] - myStatus = element.isSelected(): null

27-02-2025T17:40:55 - [TEST_STEP][PASSED] - if (debug): null

27-02-2025T17:40:55 - [TEST_STEP][PASSED] - if (toggle && myStatus && inList): null

27-02-2025T17:40:55 - [TEST_STEP][PASSED] - if (!(myStatus) && inList || myStatus && !(inList)): null

27-02-2025T17:40:55 - [TEST_STEP][PASSED] - myValue = element.getAttribute("value"): null

27-02-2025T17:40:55 - [TEST_STEP][PASSED] - if (debug): null

27-02-2025T17:40:55 - [TEST_STEP][PASSED] - if (myValue.length() >= 4): null

27-02-2025T17:40:55 - [TEST_STEP][PASSED] - if (myValue.substring(0, 4) == "(!) "): null

27-02-2025T17:40:55 - [TEST_STEP][PASSED] - myType = element.getAttribute("type"): null

27-02-2025T17:40:55 - [TEST_STEP][PASSED] - if (myValue in varParms[i]): null

27-02-2025T17:40:55 - [TEST_STEP][PASSED] - else: null

27-02-2025T17:40:55 - [TEST_STEP][PASSED] - inList = false: null

27-02-2025T17:40:55 - [TEST_STEP][PASSED] - if (myType == "checkbox"): null

27-02-2025T17:40:55 - [TEST_STEP][PASSED] - myStatus = element.isSelected(): null

27-02-2025T17:40:55 - [TEST_STEP][PASSED] - if (debug): null

27-02-2025T17:40:55 - [TEST_STEP][PASSED] - if (toggle && myStatus && inList): null

27-02-2025T17:40:55 - [TEST_STEP][PASSED] - if (!(myStatus) && inList || myStatus && !(inList)): null

27-02-2025T17:40:55 - [TEST_STEP][PASSED] - myValue = element.getAttribute("value"): null

27-02-2025T17:40:55 - [TEST_STEP][PASSED] - if (debug): null

27-02-2025T17:40:55 - [TEST_STEP][PASSED] - if (myValue.length() >= 4): null

27-02-2025T17:40:55 - [TEST_STEP][PASSED] - if (myValue.substring(0, 4) == "(!) "): null

27-02-2025T17:40:55 - [TEST_STEP][PASSED] - myType = element.getAttribute("type"): null

27-02-2025T17:40:55 - [TEST_STEP][PASSED] - if (myValue in varParms[i]): null

27-02-2025T17:40:55 - [TEST_STEP][PASSED] - else: null

27-02-2025T17:40:55 - [TEST_STEP][PASSED] - inList = false: null

27-02-2025T17:40:55 - [TEST_STEP][PASSED] - if (myType == "checkbox"): null

27-02-2025T17:40:55 - [TEST_STEP][PASSED] - myStatus = element.isSelected(): null

27-02-2025T17:40:55 - [TEST_STEP][PASSED] - if (debug): null

27-02-2025T17:40:55 - [TEST_STEP][PASSED] - if (toggle && myStatus && inList): null

27-02-2025T17:40:55 - [TEST_STEP][PASSED] - if (!(myStatus) && inList || myStatus && !(inList)): null

27-02-2025T17:40:55 - [TEST_STEP][PASSED] - myValue = element.getAttribute("value"): null

27-02-2025T17:40:55 - [TEST_STEP][PASSED] - if (debug): null

27-02-2025T17:40:55 - [TEST_STEP][PASSED] - if (myValue.length() >= 4): null

27-02-2025T17:40:55 - [TEST_STEP][PASSED] - if (myValue.substring(0, 4) == "(!) "): null

27-02-2025T17:40:55 - [TEST_STEP][PASSED] - myType = element.getAttribute("type"): null

27-02-2025T17:40:55 - [TEST_STEP][PASSED] - if (myValue in varParms[i]): null

27-02-2025T17:40:55 - [TEST_STEP][PASSED] - else: null

27-02-2025T17:40:55 - [TEST_STEP][PASSED] - inList = false: null

27-02-2025T17:40:55 - [TEST_STEP][PASSED] - if (myType == "checkbox"): null

27-02-2025T17:40:55 - [TEST_STEP][PASSED] - myStatus = element.isSelected(): null

27-02-2025T17:40:55 - [TEST_STEP][PASSED] - if (debug): null

27-02-2025T17:40:55 - [TEST_STEP][PASSED] - if (toggle && myStatus && inList): null

27-02-2025T17:40:55 - [TEST_STEP][PASSED] - if (!(myStatus) && inList || myStatus && !(inList)): null

27-02-2025T17:40:55 - [TEST_STEP][PASSED] - myValue = element.getAttribute("value"): null

27-02-2025T17:40:55 - [TEST_STEP][PASSED] - if (debug): null

27-02-2025T17:40:55 - [TEST_STEP][PASSED] - if (myValue.length() >= 4): null

27-02-2025T17:40:55 - [TEST_STEP][PASSED] - if (myValue.substring(0, 4) == "(!) "): null

27-02-2025T17:40:55 - [TEST_STEP][PASSED] - myType = element.getAttribute("type"): null

27-02-2025T17:40:55 - [TEST_STEP][PASSED] - if (myValue in varParms[i]): null

27-02-2025T17:40:55 - [TEST_STEP][PASSED] - else: null

27-02-2025T17:40:55 - [TEST_STEP][PASSED] - inList = false: null

27-02-2025T17:40:55 - [TEST_STEP][PASSED] - if (myType == "checkbox"): null

27-02-2025T17:40:55 - [TEST_STEP][PASSED] - myStatus = element.isSelected(): null

27-02-2025T17:40:55 - [TEST_STEP][PASSED] - if (debug): null

27-02-2025T17:40:55 - [TEST_STEP][PASSED] - if (toggle && myStatus && inList): null

27-02-2025T17:40:55 - [TEST_STEP][PASSED] - if (!(myStatus) && inList || myStatus && !(inList)): null

27-02-2025T17:40:55 - [TEST_STEP][PASSED] - myValue = element.getAttribute("value"): null

27-02-2025T17:40:55 - [TEST_STEP][PASSED] - if (debug): null

27-02-2025T17:40:55 - [TEST_STEP][PASSED] - if (myValue.length() >= 4): null

27-02-2025T17:40:55 - [TEST_STEP][PASSED] - if (myValue.substring(0, 4) == "(!) "): null

27-02-2025T17:40:55 - [TEST_STEP][PASSED] - myType = element.getAttribute("type"): null

27-02-2025T17:40:55 - [TEST_STEP][PASSED] - if (myValue in varParms[i]): null

27-02-2025T17:40:55 - [TEST_STEP][PASSED] - else: null

27-02-2025T17:40:55 - [TEST_STEP][PASSED] - inList = false: null

27-02-2025T17:40:55 - [TEST_STEP][PASSED] - if (myType == "checkbox"): null

27-02-2025T17:40:55 - [TEST_STEP][PASSED] - myStatus = element.isSelected(): null

27-02-2025T17:40:55 - [TEST_STEP][PASSED] - if (debug): null

27-02-2025T17:40:55 - [TEST_STEP][PASSED] - if (toggle && myStatus && inList): null

27-02-2025T17:40:55 - [TEST_STEP][PASSED] - if (!(myStatus) && inList || myStatus && !(inList)): null

27-02-2025T17:40:55 - [TEST_STEP][PASSED] - myValue = element.getAttribute("value"): null

27-02-2025T17:40:55 - [TEST_STEP][PASSED] - if (debug): null

27-02-2025T17:40:55 - [TEST_STEP][PASSED] - if (myValue.length() >= 4): null

27-02-2025T17:40:55 - [TEST_STEP][PASSED] - if (myValue.substring(0, 4) == "(!) "): null

27-02-2025T17:40:55 - [TEST_STEP][PASSED] - myType = element.getAttribute("type"): null

27-02-2025T17:40:55 - [TEST_STEP][PASSED] - if (myValue in varParms[i]): null

27-02-2025T17:40:55 - [TEST_STEP][PASSED] - else: null

27-02-2025T17:40:55 - [TEST_STEP][PASSED] - inList = false: null

27-02-2025T17:40:55 - [TEST_STEP][PASSED] - if (myType == "checkbox"): null

27-02-2025T17:40:55 - [TEST_STEP][PASSED] - myStatus = element.isSelected(): null

27-02-2025T17:40:55 - [TEST_STEP][PASSED] - if (debug): null

27-02-2025T17:40:55 - [TEST_STEP][PASSED] - if (toggle && myStatus && inList): null

27-02-2025T17:40:55 - [TEST_STEP][PASSED] - if (!(myStatus) && inList || myStatus && !(inList)): null

27-02-2025T17:40:55 - [TEST_STEP][PASSED] - myValue = element.getAttribute("value"): null

27-02-2025T17:40:55 - [TEST_STEP][PASSED] - if (debug): null

27-02-2025T17:40:55 - [TEST_STEP][PASSED] - if (myValue.length() >= 4): null

27-02-2025T17:40:55 - [TEST_STEP][PASSED] - if (myValue.substring(0, 4) == "(!) "): null

27-02-2025T17:40:55 - [TEST_STEP][PASSED] - myType = element.getAttribute("type"): null

27-02-2025T17:40:55 - [TEST_STEP][PASSED] - if (myValue in varParms[i]): null

27-02-2025T17:40:55 - [TEST_STEP][PASSED] - else: null

27-02-2025T17:40:55 - [TEST_STEP][PASSED] - inList = false: null

27-02-2025T17:40:55 - [TEST_STEP][PASSED] - if (myType == "checkbox"): null

27-02-2025T17:40:55 - [TEST_STEP][PASSED] - myStatus = element.isSelected(): null

27-02-2025T17:40:55 - [TEST_STEP][PASSED] - if (debug): null

27-02-2025T17:40:55 - [TEST_STEP][PASSED] - if (toggle && myStatus && inList): null

27-02-2025T17:40:55 - [TEST_STEP][PASSED] - if (!(myStatus) && inList || myStatus && !(inList)): null

27-02-2025T17:40:55 - [TEST_STEP][PASSED] - myValue = element.getAttribute("value"): null

27-02-2025T17:40:55 - [TEST_STEP][PASSED] - if (debug): null

27-02-2025T17:40:55 - [TEST_STEP][PASSED] - if (myValue.length() >= 4): null

27-02-2025T17:40:55 - [TEST_STEP][PASSED] - if (myValue.substring(0, 4) == "(!) "): null

27-02-2025T17:40:55 - [TEST_STEP][PASSED] - myType = element.getAttribute("type"): null

27-02-2025T17:40:55 - [TEST_STEP][PASSED] - if (myValue in varParms[i]): null

27-02-2025T17:40:55 - [TEST_STEP][PASSED] - else: null

27-02-2025T17:40:55 - [TEST_STEP][PASSED] - inList = false: null

27-02-2025T17:40:55 - [TEST_STEP][PASSED] - if (myType == "checkbox"): null

27-02-2025T17:40:55 - [TEST_STEP][PASSED] - myStatus = element.isSelected(): null

27-02-2025T17:40:55 - [TEST_STEP][PASSED] - if (debug): null

27-02-2025T17:40:55 - [TEST_STEP][PASSED] - if (toggle && myStatus && inList): null

27-02-2025T17:40:55 - [TEST_STEP][PASSED] - if (!(myStatus) && inList || myStatus && !(inList)): null

27-02-2025T17:40:55 - [TEST_STEP][PASSED] - myValue = element.getAttribute("value"): null

27-02-2025T17:40:55 - [TEST_STEP][PASSED] - if (debug): null

27-02-2025T17:40:55 - [TEST_STEP][PASSED] - if (myValue.length() >= 4): null

27-02-2025T17:40:55 - [TEST_STEP][PASSED] - if (myValue.substring(0, 4) == "(!) "): null

27-02-2025T17:40:55 - [TEST_STEP][PASSED] - myType = element.getAttribute("type"): null

27-02-2025T17:40:55 - [TEST_STEP][PASSED] - if (myValue in varParms[i]): null

27-02-2025T17:40:55 - [TEST_STEP][PASSED] - else: null

27-02-2025T17:40:55 - [TEST_STEP][PASSED] - inList = false: null

27-02-2025T17:40:55 - [TEST_STEP][PASSED] - if (myType == "checkbox"): null

27-02-2025T17:40:55 - [TEST_STEP][PASSED] - myStatus = element.isSelected(): null

27-02-2025T17:40:55 - [TEST_STEP][PASSED] - if (debug): null

27-02-2025T17:40:55 - [TEST_STEP][PASSED] - if (toggle && myStatus && inList): null

27-02-2025T17:40:55 - [TEST_STEP][PASSED] - if (!(myStatus) && inList || myStatus && !(inList)): null

27-02-2025T17:40:55 - [TEST_STEP][PASSED] - myValue = element.getAttribute("value"): null

27-02-2025T17:40:55 - [TEST_STEP][PASSED] - if (debug): null

27-02-2025T17:40:55 - [TEST_STEP][PASSED] - if (myValue.length() >= 4): null

27-02-2025T17:40:55 - [TEST_STEP][PASSED] - if (myValue.substring(0, 4) == "(!) "): null

27-02-2025T17:40:55 - [TEST_STEP][PASSED] - myType = element.getAttribute("type"): null

27-02-2025T17:40:55 - [TEST_STEP][PASSED] - if (myValue in varParms[i]): null

27-02-2025T17:40:55 - [TEST_STEP][PASSED] - else: null

27-02-2025T17:40:55 - [TEST_STEP][PASSED] - inList = false: null

27-02-2025T17:40:55 - [TEST_STEP][PASSED] - if (myType == "checkbox"): null

27-02-2025T17:40:55 - [TEST_STEP][PASSED] - myStatus = element.isSelected(): null

27-02-2025T17:40:55 - [TEST_STEP][PASSED] - if (debug): null

27-02-2025T17:40:55 - [TEST_STEP][PASSED] - if (toggle && myStatus && inList): null

27-02-2025T17:40:55 - [TEST_STEP][PASSED] - if (!(myStatus) && inList || myStatus && !(inList)): null

27-02-2025T17:40:55 - [TEST_STEP][PASSED] - myValue = element.getAttribute("value"): null

27-02-2025T17:40:55 - [TEST_STEP][PASSED] - if (debug): null

27-02-2025T17:40:55 - [TEST_STEP][PASSED] - if (myValue.length() >= 4): null

27-02-2025T17:40:55 - [TEST_STEP][PASSED] - if (myValue.substring(0, 4) == "(!) "): null

27-02-2025T17:40:55 - [TEST_STEP][PASSED] - myType = element.getAttribute("type"): null

27-02-2025T17:40:55 - [TEST_STEP][PASSED] - if (myValue in varParms[i]): null

27-02-2025T17:40:55 - [TEST_STEP][PASSED] - else: null

27-02-2025T17:40:55 - [TEST_STEP][PASSED] - inList = false: null

27-02-2025T17:40:55 - [TEST_STEP][PASSED] - if (myType == "checkbox"): null

27-02-2025T17:40:55 - [TEST_STEP][PASSED] - myStatus = element.isSelected(): null

27-02-2025T17:40:55 - [TEST_STEP][PASSED] - if (debug): null

27-02-2025T17:40:55 - [TEST_STEP][PASSED] - if (toggle && myStatus && inList): null

27-02-2025T17:40:55 - [TEST_STEP][PASSED] - if (!(myStatus) && inList || myStatus && !(inList)): null

27-02-2025T17:40:55 - [TEST_STEP][PASSED] - myValue = element.getAttribute("value"): null

27-02-2025T17:40:55 - [TEST_STEP][PASSED] - if (debug): null

27-02-2025T17:40:55 - [TEST_STEP][PASSED] - if (myValue.length() >= 4): null

27-02-2025T17:40:55 - [TEST_STEP][PASSED] - if (myValue.substring(0, 4) == "(!) "): null

27-02-2025T17:40:55 - [TEST_STEP][PASSED] - myType = element.getAttribute("type"): null

27-02-2025T17:40:55 - [TEST_STEP][PASSED] - if (myValue in varParms[i]): null

27-02-2025T17:40:55 - [TEST_STEP][PASSED] - else: null

27-02-2025T17:40:55 - [TEST_STEP][PASSED] - inList = false: null

27-02-2025T17:40:55 - [TEST_STEP][PASSED] - if (myType == "checkbox"): null

27-02-2025T17:40:55 - [TEST_STEP][PASSED] - myStatus = element.isSelected(): null

27-02-2025T17:40:55 - [TEST_STEP][PASSED] - if (debug): null

27-02-2025T17:40:55 - [TEST_STEP][PASSED] - if (toggle && myStatus && inList): null

27-02-2025T17:40:55 - [TEST_STEP][PASSED] - if (!(myStatus) && inList || myStatus && !(inList)): null

27-02-2025T17:40:55 - [TEST_STEP][PASSED] - myValue = element.getAttribute("value"): null

27-02-2025T17:40:55 - [TEST_STEP][PASSED] - if (debug): null

27-02-2025T17:40:55 - [TEST_STEP][PASSED] - if (myValue.length() >= 4): null

27-02-2025T17:40:55 - [TEST_STEP][PASSED] - if (myValue.substring(0, 4) == "(!) "): null

27-02-2025T17:40:55 - [TEST_STEP][PASSED] - myType = element.getAttribute("type"): null

27-02-2025T17:40:55 - [TEST_STEP][PASSED] - if (myValue in varParms[i]): null

27-02-2025T17:40:55 - [TEST_STEP][PASSED] - else: null

27-02-2025T17:40:55 - [TEST_STEP][PASSED] - inList = false: null

27-02-2025T17:40:55 - [TEST_STEP][PASSED] - if (myType == "checkbox"): null

27-02-2025T17:40:55 - [TEST_STEP][PASSED] - myStatus = element.isSelected(): null

27-02-2025T17:40:55 - [TEST_STEP][PASSED] - if (debug): null

27-02-2025T17:40:55 - [TEST_STEP][PASSED] - if (toggle && myStatus && inList): null

27-02-2025T17:40:55 - [TEST_STEP][PASSED] - if (!(myStatus) && inList || myStatus && !(inList)): null

27-02-2025T17:40:55 - [TEST_STEP][PASSED] - myValue = element.getAttribute("value"): null

27-02-2025T17:40:55 - [TEST_STEP][PASSED] - if (debug): null

27-02-2025T17:40:55 - [TEST_STEP][PASSED] - if (myValue.length() >= 4): null

27-02-2025T17:40:55 - [TEST_STEP][PASSED] - if (myValue.substring(0, 4) == "(!) "): null

27-02-2025T17:40:55 - [TEST_STEP][PASSED] - myType = element.getAttribute("type"): null

27-02-2025T17:40:55 - [TEST_STEP][PASSED] - if (myValue in varParms[i]): null

27-02-2025T17:40:55 - [TEST_STEP][PASSED] - else: null

27-02-2025T17:40:55 - [TEST_STEP][PASSED] - inList = false: null

27-02-2025T17:40:55 - [TEST_STEP][PASSED] - if (myType == "checkbox"): null

27-02-2025T17:40:55 - [TEST_STEP][PASSED] - myStatus = element.isSelected(): null

27-02-2025T17:40:55 - [TEST_STEP][PASSED] - if (debug): null

27-02-2025T17:40:55 - [TEST_STEP][PASSED] - if (toggle && myStatus && inList): null

27-02-2025T17:40:55 - [TEST_STEP][PASSED] - if (!(myStatus) && inList || myStatus && !(inList)): null

27-02-2025T17:40:55 - [TEST_STEP][PASSED] - myValue = element.getAttribute("value"): null

27-02-2025T17:40:55 - [TEST_STEP][PASSED] - if (debug): null

27-02-2025T17:40:55 - [TEST_STEP][PASSED] - if (myValue.length() >= 4): null

27-02-2025T17:40:55 - [TEST_STEP][PASSED] - if (myValue.substring(0, 4) == "(!) "): null

27-02-2025T17:40:55 - [TEST_STEP][PASSED] - myType = element.getAttribute("type"): null

27-02-2025T17:40:55 - [TEST_STEP][PASSED] - if (myValue in varParms[i]): null

27-02-2025T17:40:55 - [TEST_STEP][PASSED] - else: null

27-02-2025T17:40:55 - [TEST_STEP][PASSED] - inList = false: null

27-02-2025T17:40:55 - [TEST_STEP][PASSED] - if (myType == "checkbox"): null

27-02-2025T17:40:55 - [TEST_STEP][PASSED] - myStatus = element.isSelected(): null

27-02-2025T17:40:55 - [TEST_STEP][PASSED] - if (debug): null

27-02-2025T17:40:55 - [TEST_STEP][PASSED] - if (toggle && myStatus && inList): null

27-02-2025T17:40:55 - [TEST_STEP][PASSED] - if (!(myStatus) && inList || myStatus && !(inList)): null

27-02-2025T17:40:55 - [TEST_STEP][PASSED] - myValue = element.getAttribute("value"): null

27-02-2025T17:40:55 - [TEST_STEP][PASSED] - if (debug): null

27-02-2025T17:40:55 - [TEST_STEP][PASSED] - if (myValue.length() >= 4): null

27-02-2025T17:40:55 - [TEST_STEP][PASSED] - if (myValue.substring(0, 4) == "(!) "): null

27-02-2025T17:40:55 - [TEST_STEP][PASSED] - myType = element.getAttribute("type"): null

27-02-2025T17:40:55 - [TEST_STEP][PASSED] - if (myValue in varParms[i]): null

27-02-2025T17:40:55 - [TEST_STEP][PASSED] - else: null

27-02-2025T17:40:55 - [TEST_STEP][PASSED] - inList = false: null

27-02-2025T17:40:55 - [TEST_STEP][PASSED] - if (myType == "checkbox"): null

27-02-2025T17:40:55 - [TEST_STEP][PASSED] - myStatus = element.isSelected(): null

27-02-2025T17:40:55 - [TEST_STEP][PASSED] - if (debug): null

27-02-2025T17:40:55 - [TEST_STEP][PASSED] - if (toggle && myStatus && inList): null

27-02-2025T17:40:55 - [TEST_STEP][PASSED] - if (!(myStatus) && inList || myStatus && !(inList)): null

27-02-2025T17:40:55 - [TEST_STEP][PASSED] - myValue = element.getAttribute("value"): null

27-02-2025T17:40:55 - [TEST_STEP][PASSED] - if (debug): null

27-02-2025T17:40:55 - [TEST_STEP][PASSED] - if (myValue.length() >= 4): null

27-02-2025T17:40:55 - [TEST_STEP][PASSED] - if (myValue.substring(0, 4) == "(!) "): null

27-02-2025T17:40:55 - [TEST_STEP][PASSED] - myType = element.getAttribute("type"): null

27-02-2025T17:40:55 - [TEST_STEP][PASSED] - if (myValue in varParms[i]): null

27-02-2025T17:40:55 - [TEST_STEP][PASSED] - else: null

27-02-2025T17:40:55 - [TEST_STEP][PASSED] - inList = false: null

27-02-2025T17:40:55 - [TEST_STEP][PASSED] - if (myType == "checkbox"): null

27-02-2025T17:40:55 - [TEST_STEP][PASSED] - myStatus = element.isSelected(): null

27-02-2025T17:40:55 - [TEST_STEP][PASSED] - if (debug): null

27-02-2025T17:40:55 - [TEST_STEP][PASSED] - if (toggle && myStatus && inList): null

27-02-2025T17:40:55 - [TEST_STEP][PASSED] - if (!(myStatus) && inList || myStatus && !(inList)): null

27-02-2025T17:40:55 - [TEST_STEP][PASSED] - myValue = element.getAttribute("value"): null

27-02-2025T17:40:55 - [TEST_STEP][PASSED] - if (debug): null

27-02-2025T17:40:55 - [TEST_STEP][PASSED] - if (myValue.length() >= 4): null

27-02-2025T17:40:55 - [TEST_STEP][PASSED] - if (myValue.substring(0, 4) == "(!) "): null

27-02-2025T17:40:55 - [TEST_STEP][PASSED] - myType = element.getAttribute("type"): null

27-02-2025T17:40:55 - [TEST_STEP][PASSED] - if (myValue in varParms[i]): null

27-02-2025T17:40:55 - [TEST_STEP][PASSED] - else: null

27-02-2025T17:40:55 - [TEST_STEP][PASSED] - inList = false: null

27-02-2025T17:40:55 - [TEST_STEP][PASSED] - if (myType == "checkbox"): null

27-02-2025T17:40:55 - [TEST_STEP][PASSED] - myStatus = element.isSelected(): null

27-02-2025T17:40:55 - [TEST_STEP][PASSED] - if (debug): null

27-02-2025T17:40:55 - [TEST_STEP][PASSED] - if (toggle && myStatus && inList): null

27-02-2025T17:40:55 - [TEST_STEP][PASSED] - if (!(myStatus) && inList || myStatus && !(inList)): null

27-02-2025T17:40:55 - [TEST_STEP][PASSED] - myValue = element.getAttribute("value"): null

27-02-2025T17:40:55 - [TEST_STEP][PASSED] - if (debug): null

27-02-2025T17:40:55 - [TEST_STEP][PASSED] - if (myValue.length() >= 4): null

27-02-2025T17:40:55 - [TEST_STEP][PASSED] - if (myValue.substring(0, 4) == "(!) "): null

27-02-2025T17:40:55 - [TEST_STEP][PASSED] - myType = element.getAttribute("type"): null

27-02-2025T17:40:55 - [TEST_STEP][PASSED] - if (myValue in varParms[i]): null

27-02-2025T17:40:55 - [TEST_STEP][PASSED] - else: null

27-02-2025T17:40:55 - [TEST_STEP][PASSED] - inList = false: null

27-02-2025T17:40:55 - [TEST_STEP][PASSED] - if (myType == "checkbox"): null

27-02-2025T17:40:55 - [TEST_STEP][PASSED] - myStatus = element.isSelected(): null

27-02-2025T17:40:55 - [TEST_STEP][PASSED] - if (debug): null

27-02-2025T17:40:55 - [TEST_STEP][PASSED] - if (toggle && myStatus && inList): null

27-02-2025T17:40:55 - [TEST_STEP][PASSED] - if (!(myStatus) && inList || myStatus && !(inList)): null

27-02-2025T17:40:55 - [TEST_STEP][PASSED] - myValue = element.getAttribute("value"): null

27-02-2025T17:40:55 - [TEST_STEP][PASSED] - if (debug): null

27-02-2025T17:40:55 - [TEST_STEP][PASSED] - if (myValue.length() >= 4): null

27-02-2025T17:40:55 - [TEST_STEP][PASSED] - if (myValue.substring(0, 4) == "(!) "): null

27-02-2025T17:40:55 - [TEST_STEP][PASSED] - myType = element.getAttribute("type"): null

27-02-2025T17:40:55 - [TEST_STEP][PASSED] - if (myValue in varParms[i]): null

27-02-2025T17:40:55 - [TEST_STEP][PASSED] - else: null

27-02-2025T17:40:55 - [TEST_STEP][PASSED] - inList = false: null

27-02-2025T17:40:55 - [TEST_STEP][PASSED] - if (myType == "checkbox"): null

27-02-2025T17:40:55 - [TEST_STEP][PASSED] - myStatus = element.isSelected(): null

27-02-2025T17:40:55 - [TEST_STEP][PASSED] - if (debug): null

27-02-2025T17:40:55 - [TEST_STEP][PASSED] - if (toggle && myStatus && inList): null

27-02-2025T17:40:55 - [TEST_STEP][PASSED] - if (!(myStatus) && inList || myStatus && !(inList)): null

27-02-2025T17:40:55 - [TEST_STEP][PASSED] - myValue = element.getAttribute("value"): null

27-02-2025T17:40:55 - [TEST_STEP][PASSED] - if (debug): null

27-02-2025T17:40:55 - [TEST_STEP][PASSED] - if (myValue.length() >= 4): null

27-02-2025T17:40:55 - [TEST_STEP][PASSED] - if (myValue.substring(0, 4) == "(!) "): null

27-02-2025T17:40:55 - [TEST_STEP][PASSED] - myType = element.getAttribute("type"): null

27-02-2025T17:40:55 - [TEST_STEP][PASSED] - if (myValue in varParms[i]): null

27-02-2025T17:40:55 - [TEST_STEP][PASSED] - else: null

27-02-2025T17:40:55 - [TEST_STEP][PASSED] - inList = false: null

27-02-2025T17:40:55 - [TEST_STEP][PASSED] - if (myType == "checkbox"): null

27-02-2025T17:40:55 - [TEST_STEP][PASSED] - myStatus = element.isSelected(): null

27-02-2025T17:40:55 - [TEST_STEP][PASSED] - if (debug): null

27-02-2025T17:40:55 - [TEST_STEP][PASSED] - if (toggle && myStatus && inList): null

27-02-2025T17:40:55 - [TEST_STEP][PASSED] - if (!(myStatus) && inList || myStatus && !(inList)): null

27-02-2025T17:40:55 - [TEST_STEP][PASSED] - myValue = element.getAttribute("value"): null

27-02-2025T17:40:55 - [TEST_STEP][PASSED] - if (debug): null

27-02-2025T17:40:55 - [TEST_STEP][PASSED] - if (myValue.length() >= 4): null

27-02-2025T17:40:55 - [TEST_STEP][PASSED] - if (myValue.substring(0, 4) == "(!) "): null

27-02-2025T17:40:55 - [TEST_STEP][PASSED] - myType = element.getAttribute("type"): null

27-02-2025T17:40:55 - [TEST_STEP][PASSED] - if (myValue in varParms[i]): null

27-02-2025T17:40:55 - [TEST_STEP][PASSED] - else: null

27-02-2025T17:40:55 - [TEST_STEP][PASSED] - inList = false: null

27-02-2025T17:40:55 - [TEST_STEP][PASSED] - if (myType == "checkbox"): null

27-02-2025T17:40:55 - [TEST_STEP][PASSED] - myStatus = element.isSelected(): null

27-02-2025T17:40:55 - [TEST_STEP][PASSED] - if (debug): null

27-02-2025T17:40:55 - [TEST_STEP][PASSED] - if (toggle && myStatus && inList): null

27-02-2025T17:40:55 - [TEST_STEP][PASSED] - if (!(myStatus) && inList || myStatus && !(inList)): null

27-02-2025T17:40:55 - [TEST_STEP][PASSED] - myValue = element.getAttribute("value"): null

27-02-2025T17:40:55 - [TEST_STEP][PASSED] - if (debug): null

27-02-2025T17:40:55 - [TEST_STEP][PASSED] - if (myValue.length() >= 4): null

27-02-2025T17:40:55 - [TEST_STEP][PASSED] - if (myValue.substring(0, 4) == "(!) "): null

27-02-2025T17:40:55 - [TEST_STEP][PASSED] - myType = element.getAttribute("type"): null

27-02-2025T17:40:55 - [TEST_STEP][PASSED] - if (myValue in varParms[i]): null

27-02-2025T17:40:55 - [TEST_STEP][PASSED] - else: null

27-02-2025T17:40:55 - [TEST_STEP][PASSED] - inList = false: null

27-02-2025T17:40:55 - [TEST_STEP][PASSED] - if (myType == "checkbox"): null

27-02-2025T17:40:55 - [TEST_STEP][PASSED] - myStatus = element.isSelected(): null

27-02-2025T17:40:55 - [TEST_STEP][PASSED] - if (debug): null

27-02-2025T17:40:55 - [TEST_STEP][PASSED] - if (toggle && myStatus && inList): null

27-02-2025T17:40:55 - [TEST_STEP][PASSED] - if (!(myStatus) && inList || myStatus && !(inList)): null

27-02-2025T17:40:55 - [TEST_STEP][PASSED] - myValue = element.getAttribute("value"): null

27-02-2025T17:40:55 - [TEST_STEP][PASSED] - if (debug): null

27-02-2025T17:40:55 - [TEST_STEP][PASSED] - if (myValue.length() >= 4): null

27-02-2025T17:40:55 - [TEST_STEP][PASSED] - if (myValue.substring(0, 4) == "(!) "): null

27-02-2025T17:40:55 - [TEST_STEP][PASSED] - myType = element.getAttribute("type"): null

27-02-2025T17:40:55 - [TEST_STEP][PASSED] - if (myValue in varParms[i]): null

27-02-2025T17:40:55 - [TEST_STEP][PASSED] - else: null

27-02-2025T17:40:55 - [TEST_STEP][PASSED] - inList = false: null

27-02-2025T17:40:55 - [TEST_STEP][PASSED] - if (myType == "checkbox"): null

27-02-2025T17:40:55 - [TEST_STEP][PASSED] - myStatus = element.isSelected(): null

27-02-2025T17:40:55 - [TEST_STEP][PASSED] - if (debug): null

27-02-2025T17:40:55 - [TEST_STEP][PASSED] - if (toggle && myStatus && inList): null

27-02-2025T17:40:55 - [TEST_STEP][PASSED] - if (!(myStatus) && inList || myStatus && !(inList)): null

27-02-2025T17:40:55 - [TEST_STEP][PASSED] - myValue = element.getAttribute("value"): null

27-02-2025T17:40:55 - [TEST_STEP][PASSED] - if (debug): null

27-02-2025T17:40:55 - [TEST_STEP][PASSED] - if (myValue.length() >= 4): null

27-02-2025T17:40:55 - [TEST_STEP][PASSED] - if (myValue.substring(0, 4) == "(!) "): null

27-02-2025T17:40:55 - [TEST_STEP][PASSED] - myType = element.getAttribute("type"): null

27-02-2025T17:40:55 - [TEST_STEP][PASSED] - if (myValue in varParms[i]): null

27-02-2025T17:40:55 - [TEST_STEP][PASSED] - else: null

27-02-2025T17:40:55 - [TEST_STEP][PASSED] - inList = false: null

27-02-2025T17:40:55 - [TEST_STEP][PASSED] - if (myType == "checkbox"): null

27-02-2025T17:40:55 - [TEST_STEP][PASSED] - myStatus = element.isSelected(): null

27-02-2025T17:40:55 - [TEST_STEP][PASSED] - if (debug): null

27-02-2025T17:40:55 - [TEST_STEP][PASSED] - if (toggle && myStatus && inList): null

27-02-2025T17:40:55 - [TEST_STEP][PASSED] - if (!(myStatus) && inList || myStatus && !(inList)): null

27-02-2025T17:40:55 - [TEST_STEP][PASSED] - myValue = element.getAttribute("value"): null

27-02-2025T17:40:55 - [TEST_STEP][PASSED] - if (debug): null

27-02-2025T17:40:55 - [TEST_STEP][PASSED] - if (myValue.length() >= 4): null

27-02-2025T17:40:55 - [TEST_STEP][PASSED] - if (myValue.substring(0, 4) == "(!) "): null

27-02-2025T17:40:55 - [TEST_STEP][PASSED] - myType = element.getAttribute("type"): null

27-02-2025T17:40:55 - [TEST_STEP][PASSED] - if (myValue in varParms[i]): null

27-02-2025T17:40:55 - [TEST_STEP][PASSED] - inList = true: null

27-02-2025T17:40:55 - [TEST_STEP][PASSED] - if (myType == "checkbox"): null

27-02-2025T17:40:55 - [TEST_STEP][PASSED] - myStatus = element.isSelected(): null

27-02-2025T17:40:55 - [TEST_STEP][PASSED] - if (debug): null

27-02-2025T17:40:55 - [TEST_STEP][PASSED] - if (toggle && myStatus && inList): null

27-02-2025T17:40:55 - [TEST_STEP][PASSED] - if (!(myStatus) && inList || myStatus && !(inList)): null

27-02-2025T17:40:55 - [TEST_STEP][PASSED] - if (debug): null

27-02-2025T17:40:55 - [TEST_STEP][PASSED] - println("Clicking " + myValue): null

27-02-2025T17:40:55 - [TEST_STEP][PASSED] - click(element): null

27-02-2025T17:40:55 - [TEST_STEP][PASSED] - scrollToObject(elem): null

27-02-2025T17:40:55 - [TEST_STEP][PASSED] - loc = element.getLocation(): null

27-02-2025T17:40:55 - [TEST_STEP][PASSED] - if (debug): null

27-02-2025T17:40:55 - [TEST_STEP][PASSED] - y = loc.getY(): null

27-02-2025T17:40:55 - [TEST_STEP][PASSED] - println("Y location is " + y): null

27-02-2025T17:40:55 - [TEST_STEP][PASSED] - top = getViewportTopPosition(): Current viewport's top (y) position is 0

27-02-2025T17:40:55 - [MESSAGE][PASSED] - Current viewport's top (y) position is 0

27-02-2025T17:40:55 - [TEST_STEP][PASSED] - println("Viewport top is " + top): null

27-02-2025T17:40:55 - [TEST_STEP][PASSED] - bottom = top + 600: null

27-02-2025T17:40:55 - [TEST_STEP][PASSED] - if (y - top < 150 || bottom - y < 10): Delayed 1 second(s)

27-02-2025T17:40:55 - [TEST_STEP][PASSED] - scrollToPosition(0, y - 150): Browser is scrolled to position x = 0, y = 1236

27-02-2025T17:40:55 - [MESSAGE][PASSED] - Browser is scrolled to position x = 0, y = 1236

27-02-2025T17:40:55 - [TEST_STEP][PASSED] - delay(1): Delayed 1 second(s)

27-02-2025T17:40:56 - [MESSAGE][PASSED] - Delayed 1 second(s)

27-02-2025T17:40:56 - [TEST_STEP][PASSED] - elem.click(): null

27-02-2025T17:40:56 - [TEST_STEP][PASSED] - myValue = element.getAttribute("value"): null

27-02-2025T17:40:56 - [TEST_STEP][PASSED] - if (debug): null

27-02-2025T17:40:56 - [TEST_STEP][PASSED] - if (myValue.length() >= 4): null

27-02-2025T17:40:56 - [TEST_STEP][PASSED] - if (myValue.substring(0, 4) == "(!) "): null

27-02-2025T17:40:56 - [TEST_STEP][PASSED] - myType = element.getAttribute("type"): null

27-02-2025T17:40:56 - [TEST_STEP][PASSED] - if (myValue in varParms[i]): null

27-02-2025T17:40:56 - [TEST_STEP][PASSED] - else: null

27-02-2025T17:40:56 - [TEST_STEP][PASSED] - inList = false: null

27-02-2025T17:40:56 - [TEST_STEP][PASSED] - if (myType == "checkbox"): null

27-02-2025T17:40:56 - [TEST_STEP][PASSED] - myStatus = element.isSelected(): null

27-02-2025T17:40:56 - [TEST_STEP][PASSED] - if (debug): null

27-02-2025T17:40:56 - [TEST_STEP][PASSED] - if (toggle && myStatus && inList): null

27-02-2025T17:40:56 - [TEST_STEP][PASSED] - if (!(myStatus) && inList || myStatus && !(inList)): null

27-02-2025T17:40:56 - [TEST_STEP][PASSED] - myValue = element.getAttribute("value"): null

27-02-2025T17:40:56 - [TEST_STEP][PASSED] - if (debug): null

27-02-2025T17:40:56 - [TEST_STEP][PASSED] - if (myValue.length() >= 4): null

27-02-2025T17:40:56 - [TEST_STEP][PASSED] - if (myValue.substring(0, 4) == "(!) "): null

27-02-2025T17:40:56 - [TEST_STEP][PASSED] - myType = element.getAttribute("type"): null

27-02-2025T17:40:56 - [TEST_STEP][PASSED] - if (myValue in varParms[i]): null

27-02-2025T17:40:56 - [TEST_STEP][PASSED] - else: null

27-02-2025T17:40:56 - [TEST_STEP][PASSED] - inList = false: null

27-02-2025T17:40:56 - [TEST_STEP][PASSED] - if (myType == "checkbox"): null

27-02-2025T17:40:56 - [TEST_STEP][PASSED] - myStatus = element.isSelected(): null

27-02-2025T17:40:56 - [TEST_STEP][PASSED] - if (debug): null

27-02-2025T17:40:56 - [TEST_STEP][PASSED] - if (toggle && myStatus && inList): null

27-02-2025T17:40:56 - [TEST_STEP][PASSED] - if (!(myStatus) && inList || myStatus && !(inList)): null

27-02-2025T17:40:56 - [TEST_STEP][PASSED] - myValue = element.getAttribute("value"): null

27-02-2025T17:40:56 - [TEST_STEP][PASSED] - if (debug): null

27-02-2025T17:40:56 - [TEST_STEP][PASSED] - if (myValue.length() >= 4): null

27-02-2025T17:40:56 - [TEST_STEP][PASSED] - if (myValue.substring(0, 4) == "(!) "): null

27-02-2025T17:40:56 - [TEST_STEP][PASSED] - myType = element.getAttribute("type"): null

27-02-2025T17:40:56 - [TEST_STEP][PASSED] - if (myValue in varParms[i]): null

27-02-2025T17:40:56 - [TEST_STEP][PASSED] - else: null

27-02-2025T17:40:56 - [TEST_STEP][PASSED] - inList = false: null

27-02-2025T17:40:56 - [TEST_STEP][PASSED] - if (myType == "checkbox"): null

27-02-2025T17:40:56 - [TEST_STEP][PASSED] - myStatus = element.isSelected(): null

27-02-2025T17:40:56 - [TEST_STEP][PASSED] - if (debug): null

27-02-2025T17:40:56 - [TEST_STEP][PASSED] - if (toggle && myStatus && inList): null

27-02-2025T17:40:56 - [TEST_STEP][PASSED] - if (!(myStatus) && inList || myStatus && !(inList)): null

27-02-2025T17:40:56 - [TEST_STEP][PASSED] - myValue = element.getAttribute("value"): null

27-02-2025T17:40:56 - [TEST_STEP][PASSED] - if (debug): null

27-02-2025T17:40:56 - [TEST_STEP][PASSED] - if (myValue.length() >= 4): null

27-02-2025T17:40:56 - [TEST_STEP][PASSED] - if (myValue.substring(0, 4) == "(!) "): null

27-02-2025T17:40:56 - [TEST_STEP][PASSED] - myType = element.getAttribute("type"): null

27-02-2025T17:40:56 - [TEST_STEP][PASSED] - if (myValue in varParms[i]): null

27-02-2025T17:40:56 - [TEST_STEP][PASSED] - inList = true: null

27-02-2025T17:40:56 - [TEST_STEP][PASSED] - if (myType == "checkbox"): null

27-02-2025T17:40:56 - [TEST_STEP][PASSED] - myStatus = element.isSelected(): null

27-02-2025T17:40:56 - [TEST_STEP][PASSED] - if (debug): null

27-02-2025T17:40:56 - [TEST_STEP][PASSED] - if (toggle && myStatus && inList): null

27-02-2025T17:40:56 - [TEST_STEP][PASSED] - if (!(myStatus) && inList || myStatus && !(inList)): null

27-02-2025T17:40:56 - [TEST_STEP][PASSED] - if (debug): null

27-02-2025T17:40:56 - [TEST_STEP][PASSED] - println("Clicking " + myValue): null

27-02-2025T17:40:56 - [TEST_STEP][PASSED] - click(element): null

27-02-2025T17:40:56 - [TEST_STEP][PASSED] - scrollToObject(elem): null

27-02-2025T17:40:56 - [TEST_STEP][PASSED] - loc = element.getLocation(): null

27-02-2025T17:40:56 - [TEST_STEP][PASSED] - if (debug): null

27-02-2025T17:40:56 - [TEST_STEP][PASSED] - y = loc.getY(): null

27-02-2025T17:40:56 - [TEST_STEP][PASSED] - println("Y location is " + y): null

27-02-2025T17:40:56 - [TEST_STEP][PASSED] - top = getViewportTopPosition(): Current viewport's top (y) position is 1236

27-02-2025T17:40:56 - [MESSAGE][PASSED] - Current viewport's top (y) position is 1236

27-02-2025T17:40:56 - [TEST_STEP][PASSED] - println("Viewport top is " + top): null

27-02-2025T17:40:56 - [TEST_STEP][PASSED] - bottom = top + 600: null

27-02-2025T17:40:56 - [TEST_STEP][PASSED] - if (y - top < 150 || bottom - y < 10): null

27-02-2025T17:40:56 - [TEST_STEP][PASSED] - elem.click(): null

27-02-2025T17:40:56 - [TEST_STEP][PASSED] - myValue = element.getAttribute("value"): null

27-02-2025T17:40:56 - [TEST_STEP][PASSED] - if (debug): null

27-02-2025T17:40:56 - [TEST_STEP][PASSED] - if (myValue.length() >= 4): null

27-02-2025T17:40:56 - [TEST_STEP][PASSED] - if (myValue.substring(0, 4) == "(!) "): null

27-02-2025T17:40:56 - [TEST_STEP][PASSED] - myType = element.getAttribute("type"): null

27-02-2025T17:40:56 - [TEST_STEP][PASSED] - if (myValue in varParms[i]): null

27-02-2025T17:40:56 - [TEST_STEP][PASSED] - else: null

27-02-2025T17:40:56 - [TEST_STEP][PASSED] - inList = false: null

27-02-2025T17:40:56 - [TEST_STEP][PASSED] - if (myType == "checkbox"): null

27-02-2025T17:40:56 - [TEST_STEP][PASSED] - myStatus = element.isSelected(): null

27-02-2025T17:40:56 - [TEST_STEP][PASSED] - if (debug): null

27-02-2025T17:40:56 - [TEST_STEP][PASSED] - if (toggle && myStatus && inList): null

27-02-2025T17:40:56 - [TEST_STEP][PASSED] - if (!(myStatus) && inList || myStatus && !(inList)): null

27-02-2025T17:40:56 - [TEST_STEP][PASSED] - myValue = element.getAttribute("value"): null

27-02-2025T17:40:56 - [TEST_STEP][PASSED] - if (debug): null

27-02-2025T17:40:56 - [TEST_STEP][PASSED] - if (myValue.length() >= 4): null

27-02-2025T17:40:56 - [TEST_STEP][PASSED] - if (myValue.substring(0, 4) == "(!) "): null

27-02-2025T17:40:56 - [TEST_STEP][PASSED] - myType = element.getAttribute("type"): null

27-02-2025T17:40:56 - [TEST_STEP][PASSED] - if (myValue in varParms[i]): null

27-02-2025T17:40:56 - [TEST_STEP][PASSED] - else: null

27-02-2025T17:40:56 - [TEST_STEP][PASSED] - inList = false: null

27-02-2025T17:40:56 - [TEST_STEP][PASSED] - if (myType == "checkbox"): null

27-02-2025T17:40:56 - [TEST_STEP][PASSED] - myStatus = element.isSelected(): null

27-02-2025T17:40:56 - [TEST_STEP][PASSED] - if (debug): null

27-02-2025T17:40:56 - [TEST_STEP][PASSED] - if (toggle && myStatus && inList): null

27-02-2025T17:40:56 - [TEST_STEP][PASSED] - if (!(myStatus) && inList || myStatus && !(inList)): null

27-02-2025T17:40:56 - [TEST_STEP][PASSED] - myValue = element.getAttribute("value"): null

27-02-2025T17:40:56 - [TEST_STEP][PASSED] - if (debug): null

27-02-2025T17:40:56 - [TEST_STEP][PASSED] - if (myValue.length() >= 4): null

27-02-2025T17:40:56 - [TEST_STEP][PASSED] - if (myValue.substring(0, 4) == "(!) "): null

27-02-2025T17:40:56 - [TEST_STEP][PASSED] - myType = element.getAttribute("type"): null

27-02-2025T17:40:56 - [TEST_STEP][PASSED] - if (myValue in varParms[i]): null

27-02-2025T17:40:56 - [TEST_STEP][PASSED] - else: null

27-02-2025T17:40:56 - [TEST_STEP][PASSED] - inList = false: null

27-02-2025T17:40:56 - [TEST_STEP][PASSED] - if (myType == "checkbox"): null

27-02-2025T17:40:56 - [TEST_STEP][PASSED] - myStatus = element.isSelected(): null

27-02-2025T17:40:56 - [TEST_STEP][PASSED] - if (debug): null

27-02-2025T17:40:56 - [TEST_STEP][PASSED] - if (toggle && myStatus && inList): null

27-02-2025T17:40:56 - [TEST_STEP][PASSED] - if (!(myStatus) && inList || myStatus && !(inList)): null

27-02-2025T17:40:56 - [TEST_STEP][PASSED] - myValue = element.getAttribute("value"): null

27-02-2025T17:40:56 - [TEST_STEP][PASSED] - if (debug): null

27-02-2025T17:40:56 - [TEST_STEP][PASSED] - if (myValue.length() >= 4): null

27-02-2025T17:40:56 - [TEST_STEP][PASSED] - if (myValue.substring(0, 4) == "(!) "): null

27-02-2025T17:40:56 - [TEST_STEP][PASSED] - myType = element.getAttribute("type"): null

27-02-2025T17:40:56 - [TEST_STEP][PASSED] - if (myValue in varParms[i]): null

27-02-2025T17:40:56 - [TEST_STEP][PASSED] - else: null

27-02-2025T17:40:56 - [TEST_STEP][PASSED] - inList = false: null

27-02-2025T17:40:56 - [TEST_STEP][PASSED] - if (myType == "checkbox"): null

27-02-2025T17:40:56 - [TEST_STEP][PASSED] - myStatus = element.isSelected(): null

27-02-2025T17:40:56 - [TEST_STEP][PASSED] - if (debug): null

27-02-2025T17:40:56 - [TEST_STEP][PASSED] - if (toggle && myStatus && inList): null

27-02-2025T17:40:56 - [TEST_STEP][PASSED] - if (!(myStatus) && inList || myStatus && !(inList)): null

27-02-2025T17:40:56 - [TEST_STEP][PASSED] - myValue = element.getAttribute("value"): null

27-02-2025T17:40:56 - [TEST_STEP][PASSED] - if (debug): null

27-02-2025T17:40:56 - [TEST_STEP][PASSED] - if (myValue.length() >= 4): null

27-02-2025T17:40:56 - [TEST_STEP][PASSED] - if (myValue.substring(0, 4) == "(!) "): null

27-02-2025T17:40:56 - [TEST_STEP][PASSED] - myType = element.getAttribute("type"): null

27-02-2025T17:40:56 - [TEST_STEP][PASSED] - if (myValue in varParms[i]): null

27-02-2025T17:40:56 - [TEST_STEP][PASSED] - else: null

27-02-2025T17:40:56 - [TEST_STEP][PASSED] - inList = false: null

27-02-2025T17:40:56 - [TEST_STEP][PASSED] - if (myType == "checkbox"): null

27-02-2025T17:40:56 - [TEST_STEP][PASSED] - myStatus = element.isSelected(): null

27-02-2025T17:40:56 - [TEST_STEP][PASSED] - if (debug): null

27-02-2025T17:40:56 - [TEST_STEP][PASSED] - if (toggle && myStatus && inList): null

27-02-2025T17:40:56 - [TEST_STEP][PASSED] - if (!(myStatus) && inList || myStatus && !(inList)): null

27-02-2025T17:40:56 - [TEST_STEP][PASSED] - myValue = element.getAttribute("value"): null

27-02-2025T17:40:56 - [TEST_STEP][PASSED] - if (debug): null

27-02-2025T17:40:56 - [TEST_STEP][PASSED] - if (myValue.length() >= 4): null

27-02-2025T17:40:56 - [TEST_STEP][PASSED] - if (myValue.substring(0, 4) == "(!) "): null

27-02-2025T17:40:56 - [TEST_STEP][PASSED] - myType = element.getAttribute("type"): null

27-02-2025T17:40:56 - [TEST_STEP][PASSED] - if (myValue in varParms[i]): null

27-02-2025T17:40:56 - [TEST_STEP][PASSED] - else: null

27-02-2025T17:40:56 - [TEST_STEP][PASSED] - inList = false: null

27-02-2025T17:40:56 - [TEST_STEP][PASSED] - if (myType == "checkbox"): null

27-02-2025T17:40:56 - [TEST_STEP][PASSED] - myStatus = element.isSelected(): null

27-02-2025T17:40:56 - [TEST_STEP][PASSED] - if (debug): null

27-02-2025T17:40:56 - [TEST_STEP][PASSED] - if (toggle && myStatus && inList): null

27-02-2025T17:40:56 - [TEST_STEP][PASSED] - if (!(myStatus) && inList || myStatus && !(inList)): null

27-02-2025T17:40:56 - [TEST_STEP][PASSED] - myValue = element.getAttribute("value"): null

27-02-2025T17:40:56 - [TEST_STEP][PASSED] - if (debug): null

27-02-2025T17:40:56 - [TEST_STEP][PASSED] - if (myValue.length() >= 4): null

27-02-2025T17:40:56 - [TEST_STEP][PASSED] - if (myValue.substring(0, 4) == "(!) "): null

27-02-2025T17:40:56 - [TEST_STEP][PASSED] - myType = element.getAttribute("type"): null

27-02-2025T17:40:56 - [TEST_STEP][PASSED] - if (myValue in varParms[i]): null

27-02-2025T17:40:56 - [TEST_STEP][PASSED] - else: null

27-02-2025T17:40:56 - [TEST_STEP][PASSED] - inList = false: null

27-02-2025T17:40:56 - [TEST_STEP][PASSED] - if (myType == "checkbox"): null

27-02-2025T17:40:56 - [TEST_STEP][PASSED] - myStatus = element.isSelected(): null

27-02-2025T17:40:56 - [TEST_STEP][PASSED] - if (debug): null

27-02-2025T17:40:56 - [TEST_STEP][PASSED] - if (toggle && myStatus && inList): null

27-02-2025T17:40:56 - [TEST_STEP][PASSED] - if (!(myStatus) && inList || myStatus && !(inList)): null

27-02-2025T17:40:56 - [TEST_STEP][PASSED] - myValue = element.getAttribute("value"): null

27-02-2025T17:40:56 - [TEST_STEP][PASSED] - if (debug): null

27-02-2025T17:40:56 - [TEST_STEP][PASSED] - if (myValue.length() >= 4): null

27-02-2025T17:40:56 - [TEST_STEP][PASSED] - if (myValue.substring(0, 4) == "(!) "): null

27-02-2025T17:40:56 - [TEST_STEP][PASSED] - myType = element.getAttribute("type"): null

27-02-2025T17:40:56 - [TEST_STEP][PASSED] - if (myValue in varParms[i]): null

27-02-2025T17:40:56 - [TEST_STEP][PASSED] - else: null

27-02-2025T17:40:56 - [TEST_STEP][PASSED] - inList = false: null

27-02-2025T17:40:56 - [TEST_STEP][PASSED] - if (myType == "checkbox"): null

27-02-2025T17:40:56 - [TEST_STEP][PASSED] - myStatus = element.isSelected(): null

27-02-2025T17:40:56 - [TEST_STEP][PASSED] - if (debug): null

27-02-2025T17:40:56 - [TEST_STEP][PASSED] - if (toggle && myStatus && inList): null

27-02-2025T17:40:56 - [TEST_STEP][PASSED] - if (!(myStatus) && inList || myStatus && !(inList)): null

27-02-2025T17:40:56 - [TEST_STEP][PASSED] - myValue = element.getAttribute("value"): null

27-02-2025T17:40:56 - [TEST_STEP][PASSED] - if (debug): null

27-02-2025T17:40:56 - [TEST_STEP][PASSED] - if (myValue.length() >= 4): null

27-02-2025T17:40:56 - [TEST_STEP][PASSED] - if (myValue.substring(0, 4) == "(!) "): null

27-02-2025T17:40:56 - [TEST_STEP][PASSED] - myType = element.getAttribute("type"): null

27-02-2025T17:40:56 - [TEST_STEP][PASSED] - if (myValue in varParms[i]): null

27-02-2025T17:40:56 - [TEST_STEP][PASSED] - else: null

27-02-2025T17:40:56 - [TEST_STEP][PASSED] - inList = false: null

27-02-2025T17:40:56 - [TEST_STEP][PASSED] - if (myType == "checkbox"): null

27-02-2025T17:40:56 - [TEST_STEP][PASSED] - myStatus = element.isSelected(): null

27-02-2025T17:40:56 - [TEST_STEP][PASSED] - if (debug): null

27-02-2025T17:40:56 - [TEST_STEP][PASSED] - if (toggle && myStatus && inList): null

27-02-2025T17:40:56 - [TEST_STEP][PASSED] - if (!(myStatus) && inList || myStatus && !(inList)): null

27-02-2025T17:40:56 - [TEST_STEP][PASSED] - myValue = element.getAttribute("value"): null

27-02-2025T17:40:56 - [TEST_STEP][PASSED] - if (debug): null

27-02-2025T17:40:56 - [TEST_STEP][PASSED] - if (myValue.length() >= 4): null

27-02-2025T17:40:56 - [TEST_STEP][PASSED] - if (myValue.substring(0, 4) == "(!) "): null

27-02-2025T17:40:56 - [TEST_STEP][PASSED] - myType = element.getAttribute("type"): null

27-02-2025T17:40:56 - [TEST_STEP][PASSED] - if (myValue in varParms[i]): null

27-02-2025T17:40:56 - [TEST_STEP][PASSED] - else: null

27-02-2025T17:40:56 - [TEST_STEP][PASSED] - inList = false: null

27-02-2025T17:40:56 - [TEST_STEP][PASSED] - if (myType == "checkbox"): null

27-02-2025T17:40:56 - [TEST_STEP][PASSED] - myStatus = element.isSelected(): null

27-02-2025T17:40:56 - [TEST_STEP][PASSED] - if (debug): null

27-02-2025T17:40:56 - [TEST_STEP][PASSED] - if (toggle && myStatus && inList): null

27-02-2025T17:40:56 - [TEST_STEP][PASSED] - if (!(myStatus) && inList || myStatus && !(inList)): null

27-02-2025T17:40:56 - [TEST_STEP][PASSED] - myValue = element.getAttribute("value"): null

27-02-2025T17:40:56 - [TEST_STEP][PASSED] - if (debug): null

27-02-2025T17:40:56 - [TEST_STEP][PASSED] - if (myValue.length() >= 4): null

27-02-2025T17:40:56 - [TEST_STEP][PASSED] - if (myValue.substring(0, 4) == "(!) "): null

27-02-2025T17:40:56 - [TEST_STEP][PASSED] - myType = element.getAttribute("type"): null

27-02-2025T17:40:56 - [TEST_STEP][PASSED] - if (myValue in varParms[i]): null

27-02-2025T17:40:56 - [TEST_STEP][PASSED] - else: null

27-02-2025T17:40:56 - [TEST_STEP][PASSED] - inList = false: null

27-02-2025T17:40:56 - [TEST_STEP][PASSED] - if (myType == "checkbox"): null

27-02-2025T17:40:56 - [TEST_STEP][PASSED] - myStatus = element.isSelected(): null

27-02-2025T17:40:56 - [TEST_STEP][PASSED] - if (debug): null

27-02-2025T17:40:56 - [TEST_STEP][PASSED] - if (toggle && myStatus && inList): null

27-02-2025T17:40:56 - [TEST_STEP][PASSED] - if (!(myStatus) && inList || myStatus && !(inList)): null

27-02-2025T17:40:56 - [TEST_STEP][PASSED] - myValue = element.getAttribute("value"): null

27-02-2025T17:40:56 - [TEST_STEP][PASSED] - if (debug): null

27-02-2025T17:40:56 - [TEST_STEP][PASSED] - if (myValue.length() >= 4): null

27-02-2025T17:40:56 - [TEST_STEP][PASSED] - if (myValue.substring(0, 4) == "(!) "): null

27-02-2025T17:40:56 - [TEST_STEP][PASSED] - myType = element.getAttribute("type"): null

27-02-2025T17:40:56 - [TEST_STEP][PASSED] - if (myValue in varParms[i]): null

27-02-2025T17:40:56 - [TEST_STEP][PASSED] - else: null

27-02-2025T17:40:56 - [TEST_STEP][PASSED] - inList = false: null

27-02-2025T17:40:56 - [TEST_STEP][PASSED] - if (myType == "checkbox"): null

27-02-2025T17:40:56 - [TEST_STEP][PASSED] - myStatus = element.isSelected(): null

27-02-2025T17:40:56 - [TEST_STEP][PASSED] - if (debug): null

27-02-2025T17:40:56 - [TEST_STEP][PASSED] - if (toggle && myStatus && inList): null

27-02-2025T17:40:56 - [TEST_STEP][PASSED] - if (!(myStatus) && inList || myStatus && !(inList)): null

27-02-2025T17:40:56 - [TEST_STEP][PASSED] - myValue = element.getAttribute("value"): null

27-02-2025T17:40:56 - [TEST_STEP][PASSED] - if (debug): null

27-02-2025T17:40:56 - [TEST_STEP][PASSED] - if (myValue.length() >= 4): null

27-02-2025T17:40:56 - [TEST_STEP][PASSED] - if (myValue.substring(0, 4) == "(!) "): null

27-02-2025T17:40:56 - [TEST_STEP][PASSED] - myType = element.getAttribute("type"): null

27-02-2025T17:40:56 - [TEST_STEP][PASSED] - if (myValue in varParms[i]): null

27-02-2025T17:40:56 - [TEST_STEP][PASSED] - else: null

27-02-2025T17:40:56 - [TEST_STEP][PASSED] - inList = false: null

27-02-2025T17:40:56 - [TEST_STEP][PASSED] - if (myType == "checkbox"): null

27-02-2025T17:40:56 - [TEST_STEP][PASSED] - myStatus = element.isSelected(): null

27-02-2025T17:40:56 - [TEST_STEP][PASSED] - if (debug): null

27-02-2025T17:40:56 - [TEST_STEP][PASSED] - if (toggle && myStatus && inList): null

27-02-2025T17:40:56 - [TEST_STEP][PASSED] - if (!(myStatus) && inList || myStatus && !(inList)): null

27-02-2025T17:40:56 - [TEST_STEP][PASSED] - myValue = element.getAttribute("value"): null

27-02-2025T17:40:56 - [TEST_STEP][PASSED] - if (debug): null

27-02-2025T17:40:56 - [TEST_STEP][PASSED] - if (myValue.length() >= 4): null

27-02-2025T17:40:56 - [TEST_STEP][PASSED] - if (myValue.substring(0, 4) == "(!) "): null

27-02-2025T17:40:56 - [TEST_STEP][PASSED] - myType = element.getAttribute("type"): null

27-02-2025T17:40:56 - [TEST_STEP][PASSED] - if (myValue in varParms[i]): null

27-02-2025T17:40:56 - [TEST_STEP][PASSED] - else: null

27-02-2025T17:40:56 - [TEST_STEP][PASSED] - inList = false: null

27-02-2025T17:40:56 - [TEST_STEP][PASSED] - if (myType == "checkbox"): null

27-02-2025T17:40:56 - [TEST_STEP][PASSED] - myStatus = element.isSelected(): null

27-02-2025T17:40:56 - [TEST_STEP][PASSED] - if (debug): null

27-02-2025T17:40:56 - [TEST_STEP][PASSED] - if (toggle && myStatus && inList): null

27-02-2025T17:40:56 - [TEST_STEP][PASSED] - if (!(myStatus) && inList || myStatus && !(inList)): null

27-02-2025T17:40:56 - [TEST_STEP][PASSED] - myValue = element.getAttribute("value"): null

27-02-2025T17:40:56 - [TEST_STEP][PASSED] - if (debug): null

27-02-2025T17:40:56 - [TEST_STEP][PASSED] - if (myValue.length() >= 4): null

27-02-2025T17:40:56 - [TEST_STEP][PASSED] - if (myValue.substring(0, 4) == "(!) "): null

27-02-2025T17:40:56 - [TEST_STEP][PASSED] - myType = element.getAttribute("type"): null

27-02-2025T17:40:56 - [TEST_STEP][PASSED] - if (myValue in varParms[i]): null

27-02-2025T17:40:56 - [TEST_STEP][PASSED] - else: null

27-02-2025T17:40:56 - [TEST_STEP][PASSED] - inList = false: null

27-02-2025T17:40:56 - [TEST_STEP][PASSED] - if (myType == "checkbox"): null

27-02-2025T17:40:56 - [TEST_STEP][PASSED] - myStatus = element.isSelected(): null

27-02-2025T17:40:56 - [TEST_STEP][PASSED] - if (debug): null

27-02-2025T17:40:56 - [TEST_STEP][PASSED] - if (toggle && myStatus && inList): null

27-02-2025T17:40:56 - [TEST_STEP][PASSED] - if (!(myStatus) && inList || myStatus && !(inList)): null

27-02-2025T17:40:56 - [TEST_STEP][PASSED] - myValue = element.getAttribute("value"): null

27-02-2025T17:40:56 - [TEST_STEP][PASSED] - if (debug): null

27-02-2025T17:40:56 - [TEST_STEP][PASSED] - if (myValue.length() >= 4): null

27-02-2025T17:40:56 - [TEST_STEP][PASSED] - if (myValue.substring(0, 4) == "(!) "): null

27-02-2025T17:40:56 - [TEST_STEP][PASSED] - myType = element.getAttribute("type"): null

27-02-2025T17:40:56 - [TEST_STEP][PASSED] - if (myValue in varParms[i]): null

27-02-2025T17:40:56 - [TEST_STEP][PASSED] - else: null

27-02-2025T17:40:56 - [TEST_STEP][PASSED] - inList = false: null

27-02-2025T17:40:56 - [TEST_STEP][PASSED] - if (myType == "checkbox"): null

27-02-2025T17:40:56 - [TEST_STEP][PASSED] - myStatus = element.isSelected(): null

27-02-2025T17:40:56 - [TEST_STEP][PASSED] - if (debug): null

27-02-2025T17:40:56 - [TEST_STEP][PASSED] - if (toggle && myStatus && inList): null

27-02-2025T17:40:56 - [TEST_STEP][PASSED] - if (!(myStatus) && inList || myStatus && !(inList)): null

27-02-2025T17:40:56 - [TEST_STEP][PASSED] - myValue = element.getAttribute("value"): null

27-02-2025T17:40:56 - [TEST_STEP][PASSED] - if (debug): null

27-02-2025T17:40:56 - [TEST_STEP][PASSED] - if (myValue.length() >= 4): null

27-02-2025T17:40:56 - [TEST_STEP][PASSED] - if (myValue.substring(0, 4) == "(!) "): null

27-02-2025T17:40:56 - [TEST_STEP][PASSED] - myType = element.getAttribute("type"): null

27-02-2025T17:40:56 - [TEST_STEP][PASSED] - if (myValue in varParms[i]): null

27-02-2025T17:40:56 - [TEST_STEP][PASSED] - else: null

27-02-2025T17:40:56 - [TEST_STEP][PASSED] - inList = false: null

27-02-2025T17:40:56 - [TEST_STEP][PASSED] - if (myType == "checkbox"): null

27-02-2025T17:40:56 - [TEST_STEP][PASSED] - myStatus = element.isSelected(): null

27-02-2025T17:40:56 - [TEST_STEP][PASSED] - if (debug): null

27-02-2025T17:40:56 - [TEST_STEP][PASSED] - if (toggle && myStatus && inList): null

27-02-2025T17:40:56 - [TEST_STEP][PASSED] - if (!(myStatus) && inList || myStatus && !(inList)): null

27-02-2025T17:40:56 - [TEST_STEP][PASSED] - myValue = element.getAttribute("value"): null

27-02-2025T17:40:56 - [TEST_STEP][PASSED] - if (debug): null

27-02-2025T17:40:56 - [TEST_STEP][PASSED] - if (myValue.length() >= 4): null

27-02-2025T17:40:56 - [TEST_STEP][PASSED] - if (myValue.substring(0, 4) == "(!) "): null

27-02-2025T17:40:56 - [TEST_STEP][PASSED] - myType = element.getAttribute("type"): null

27-02-2025T17:40:56 - [TEST_STEP][PASSED] - if (myValue in varParms[i]): null

27-02-2025T17:40:56 - [TEST_STEP][PASSED] - else: null

27-02-2025T17:40:56 - [TEST_STEP][PASSED] - inList = false: null

27-02-2025T17:40:56 - [TEST_STEP][PASSED] - if (myType == "checkbox"): null

27-02-2025T17:40:56 - [TEST_STEP][PASSED] - myStatus = element.isSelected(): null

27-02-2025T17:40:56 - [TEST_STEP][PASSED] - if (debug): null

27-02-2025T17:40:56 - [TEST_STEP][PASSED] - if (toggle && myStatus && inList): null

27-02-2025T17:40:56 - [TEST_STEP][PASSED] - if (!(myStatus) && inList || myStatus && !(inList)): null

27-02-2025T17:40:56 - [TEST_STEP][PASSED] - myValue = element.getAttribute("value"): null

27-02-2025T17:40:56 - [TEST_STEP][PASSED] - if (debug): null

27-02-2025T17:40:56 - [TEST_STEP][PASSED] - if (myValue.length() >= 4): null

27-02-2025T17:40:56 - [TEST_STEP][PASSED] - if (myValue.substring(0, 4) == "(!) "): null

27-02-2025T17:40:56 - [TEST_STEP][PASSED] - myType = element.getAttribute("type"): null

27-02-2025T17:40:56 - [TEST_STEP][PASSED] - if (myValue in varParms[i]): null

27-02-2025T17:40:56 - [TEST_STEP][PASSED] - else: null

27-02-2025T17:40:56 - [TEST_STEP][PASSED] - inList = false: null

27-02-2025T17:40:56 - [TEST_STEP][PASSED] - if (myType == "checkbox"): null

27-02-2025T17:40:56 - [TEST_STEP][PASSED] - myStatus = element.isSelected(): null

27-02-2025T17:40:56 - [TEST_STEP][PASSED] - if (debug): null

27-02-2025T17:40:56 - [TEST_STEP][PASSED] - if (toggle && myStatus && inList): null

27-02-2025T17:40:56 - [TEST_STEP][PASSED] - if (!(myStatus) && inList || myStatus && !(inList)): null

27-02-2025T17:40:56 - [TEST_STEP][PASSED] - myValue = element.getAttribute("value"): null

27-02-2025T17:40:56 - [TEST_STEP][PASSED] - if (debug): null

27-02-2025T17:40:56 - [TEST_STEP][PASSED] - if (myValue.length() >= 4): null

27-02-2025T17:40:56 - [TEST_STEP][PASSED] - if (myValue.substring(0, 4) == "(!) "): null

27-02-2025T17:40:56 - [TEST_STEP][PASSED] - myType = element.getAttribute("type"): null

27-02-2025T17:40:56 - [TEST_STEP][PASSED] - if (myValue in varParms[i]): null

27-02-2025T17:40:56 - [TEST_STEP][PASSED] - else: null

27-02-2025T17:40:56 - [TEST_STEP][PASSED] - inList = false: null

27-02-2025T17:40:56 - [TEST_STEP][PASSED] - if (myType == "checkbox"): null

27-02-2025T17:40:56 - [TEST_STEP][PASSED] - myStatus = element.isSelected(): null

27-02-2025T17:40:56 - [TEST_STEP][PASSED] - if (debug): null

27-02-2025T17:40:56 - [TEST_STEP][PASSED] - if (toggle && myStatus && inList): null

27-02-2025T17:40:56 - [TEST_STEP][PASSED] - if (!(myStatus) && inList || myStatus && !(inList)): null

27-02-2025T17:40:56 - [TEST_STEP][PASSED] - myValue = element.getAttribute("value"): null

27-02-2025T17:40:56 - [TEST_STEP][PASSED] - if (debug): null

27-02-2025T17:40:56 - [TEST_STEP][PASSED] - if (myValue.length() >= 4): null

27-02-2025T17:40:56 - [TEST_STEP][PASSED] - if (myValue.substring(0, 4) == "(!) "): null

27-02-2025T17:40:56 - [TEST_STEP][PASSED] - myType = element.getAttribute("type"): null

27-02-2025T17:40:56 - [TEST_STEP][PASSED] - if (myValue in varParms[i]): null

27-02-2025T17:40:56 - [TEST_STEP][PASSED] - else: null

27-02-2025T17:40:56 - [TEST_STEP][PASSED] - inList = false: null

27-02-2025T17:40:56 - [TEST_STEP][PASSED] - if (myType == "checkbox"): null

27-02-2025T17:40:56 - [TEST_STEP][PASSED] - myStatus = element.isSelected(): null

27-02-2025T17:40:56 - [TEST_STEP][PASSED] - if (debug): null

27-02-2025T17:40:56 - [TEST_STEP][PASSED] - if (toggle && myStatus && inList): null

27-02-2025T17:40:56 - [TEST_STEP][PASSED] - if (!(myStatus) && inList || myStatus && !(inList)): null

27-02-2025T17:40:56 - [TEST_STEP][PASSED] - myValue = element.getAttribute("value"): null

27-02-2025T17:40:56 - [TEST_STEP][PASSED] - if (debug): null

27-02-2025T17:40:56 - [TEST_STEP][PASSED] - if (myValue.length() >= 4): null

27-02-2025T17:40:56 - [TEST_STEP][PASSED] - if (myValue.substring(0, 4) == "(!) "): null

27-02-2025T17:40:56 - [TEST_STEP][PASSED] - myType = element.getAttribute("type"): null

27-02-2025T17:40:56 - [TEST_STEP][PASSED] - if (myValue in varParms[i]): null

27-02-2025T17:40:56 - [TEST_STEP][PASSED] - else: null

27-02-2025T17:40:56 - [TEST_STEP][PASSED] - inList = false: null

27-02-2025T17:40:56 - [TEST_STEP][PASSED] - if (myType == "checkbox"): null

27-02-2025T17:40:56 - [TEST_STEP][PASSED] - myStatus = element.isSelected(): null

27-02-2025T17:40:56 - [TEST_STEP][PASSED] - if (debug): null

27-02-2025T17:40:56 - [TEST_STEP][PASSED] - if (toggle && myStatus && inList): null

27-02-2025T17:40:56 - [TEST_STEP][PASSED] - if (!(myStatus) && inList || myStatus && !(inList)): null

27-02-2025T17:40:56 - [TEST_STEP][PASSED] - myValue = element.getAttribute("value"): null

27-02-2025T17:40:56 - [TEST_STEP][PASSED] - if (debug): null

27-02-2025T17:40:56 - [TEST_STEP][PASSED] - if (myValue.length() >= 4): null

27-02-2025T17:40:56 - [TEST_STEP][PASSED] - if (myValue.substring(0, 4) == "(!) "): null

27-02-2025T17:40:56 - [TEST_STEP][PASSED] - myType = element.getAttribute("type"): null

27-02-2025T17:40:56 - [TEST_STEP][PASSED] - if (myValue in varParms[i]): null

27-02-2025T17:40:56 - [TEST_STEP][PASSED] - else: null

27-02-2025T17:40:56 - [TEST_STEP][PASSED] - inList = false: null

27-02-2025T17:40:56 - [TEST_STEP][PASSED] - if (myType == "checkbox"): null

27-02-2025T17:40:56 - [TEST_STEP][PASSED] - myStatus = element.isSelected(): null

27-02-2025T17:40:56 - [TEST_STEP][PASSED] - if (debug): null

27-02-2025T17:40:56 - [TEST_STEP][PASSED] - if (toggle && myStatus && inList): null

27-02-2025T17:40:56 - [TEST_STEP][PASSED] - if (!(myStatus) && inList || myStatus && !(inList)): null

27-02-2025T17:40:56 - [TEST_STEP][PASSED] - myValue = element.getAttribute("value"): null

27-02-2025T17:40:56 - [TEST_STEP][PASSED] - if (debug): null

27-02-2025T17:40:56 - [TEST_STEP][PASSED] - if (myValue.length() >= 4): null

27-02-2025T17:40:56 - [TEST_STEP][PASSED] - if (myValue.substring(0, 4) == "(!) "): null

27-02-2025T17:40:56 - [TEST_STEP][PASSED] - myType = element.getAttribute("type"): null

27-02-2025T17:40:56 - [TEST_STEP][PASSED] - if (myValue in varParms[i]): null

27-02-2025T17:40:56 - [TEST_STEP][PASSED] - else: null

27-02-2025T17:40:56 - [TEST_STEP][PASSED] - inList = false: null

27-02-2025T17:40:56 - [TEST_STEP][PASSED] - if (myType == "checkbox"): null

27-02-2025T17:40:56 - [TEST_STEP][PASSED] - myStatus = element.isSelected(): null

27-02-2025T17:40:56 - [TEST_STEP][PASSED] - if (debug): null

27-02-2025T17:40:56 - [TEST_STEP][PASSED] - if (toggle && myStatus && inList): null

27-02-2025T17:40:56 - [TEST_STEP][PASSED] - if (!(myStatus) && inList || myStatus && !(inList)): null

27-02-2025T17:40:56 - [TEST_STEP][PASSED] - myValue = element.getAttribute("value"): null

27-02-2025T17:40:56 - [TEST_STEP][PASSED] - if (debug): null

27-02-2025T17:40:56 - [TEST_STEP][PASSED] - if (myValue.length() >= 4): null

27-02-2025T17:40:56 - [TEST_STEP][PASSED] - if (myValue.substring(0, 4) == "(!) "): null

27-02-2025T17:40:56 - [TEST_STEP][PASSED] - myType = element.getAttribute("type"): null

27-02-2025T17:40:56 - [TEST_STEP][PASSED] - if (myValue in varParms[i]): null

27-02-2025T17:40:56 - [TEST_STEP][PASSED] - else: null

27-02-2025T17:40:56 - [TEST_STEP][PASSED] - inList = false: null

27-02-2025T17:40:56 - [TEST_STEP][PASSED] - if (myType == "checkbox"): null

27-02-2025T17:40:56 - [TEST_STEP][PASSED] - myStatus = element.isSelected(): null

27-02-2025T17:40:56 - [TEST_STEP][PASSED] - if (debug): null

27-02-2025T17:40:56 - [TEST_STEP][PASSED] - if (toggle && myStatus && inList): null

27-02-2025T17:40:56 - [TEST_STEP][PASSED] - if (!(myStatus) && inList || myStatus && !(inList)): null

27-02-2025T17:40:56 - [TEST_STEP][PASSED] - myValue = element.getAttribute("value"): null

27-02-2025T17:40:56 - [TEST_STEP][PASSED] - if (debug): null

27-02-2025T17:40:56 - [TEST_STEP][PASSED] - if (myValue.length() >= 4): null

27-02-2025T17:40:56 - [TEST_STEP][PASSED] - if (myValue.substring(0, 4) == "(!) "): null

27-02-2025T17:40:56 - [TEST_STEP][PASSED] - myType = element.getAttribute("type"): null

27-02-2025T17:40:56 - [TEST_STEP][PASSED] - if (myValue in varParms[i]): null

27-02-2025T17:40:56 - [TEST_STEP][PASSED] - else: null

27-02-2025T17:40:56 - [TEST_STEP][PASSED] - inList = false: null

27-02-2025T17:40:56 - [TEST_STEP][PASSED] - if (myType == "checkbox"): null

27-02-2025T17:40:56 - [TEST_STEP][PASSED] - myStatus = element.isSelected(): null

27-02-2025T17:40:56 - [TEST_STEP][PASSED] - if (debug): null

27-02-2025T17:40:56 - [TEST_STEP][PASSED] - if (toggle && myStatus && inList): null

27-02-2025T17:40:56 - [TEST_STEP][PASSED] - if (!(myStatus) && inList || myStatus && !(inList)): null

27-02-2025T17:40:56 - [TEST_STEP][PASSED] - myValue = element.getAttribute("value"): null

27-02-2025T17:40:56 - [TEST_STEP][PASSED] - if (debug): null

27-02-2025T17:40:56 - [TEST_STEP][PASSED] - if (myValue.length() >= 4): null

27-02-2025T17:40:56 - [TEST_STEP][PASSED] - if (myValue.substring(0, 4) == "(!) "): null

27-02-2025T17:40:56 - [TEST_STEP][PASSED] - myType = element.getAttribute("type"): null

27-02-2025T17:40:56 - [TEST_STEP][PASSED] - if (myValue in varParms[i]): null

27-02-2025T17:40:56 - [TEST_STEP][PASSED] - else: null

27-02-2025T17:40:56 - [TEST_STEP][PASSED] - inList = false: null

27-02-2025T17:40:56 - [TEST_STEP][PASSED] - if (myType == "checkbox"): null

27-02-2025T17:40:56 - [TEST_STEP][PASSED] - myStatus = element.isSelected(): null

27-02-2025T17:40:56 - [TEST_STEP][PASSED] - if (debug): null

27-02-2025T17:40:56 - [TEST_STEP][PASSED] - if (toggle && myStatus && inList): null

27-02-2025T17:40:56 - [TEST_STEP][PASSED] - if (!(myStatus) && inList || myStatus && !(inList)): null

27-02-2025T17:40:56 - [TEST_STEP][PASSED] - myValue = element.getAttribute("value"): null

27-02-2025T17:40:56 - [TEST_STEP][PASSED] - if (debug): null

27-02-2025T17:40:56 - [TEST_STEP][PASSED] - if (myValue.length() >= 4): null

27-02-2025T17:40:56 - [TEST_STEP][PASSED] - if (myValue.substring(0, 4) == "(!) "): null

27-02-2025T17:40:56 - [TEST_STEP][PASSED] - myType = element.getAttribute("type"): null

27-02-2025T17:40:56 - [TEST_STEP][PASSED] - if (myValue in varParms[i]): null

27-02-2025T17:40:56 - [TEST_STEP][PASSED] - else: null

27-02-2025T17:40:56 - [TEST_STEP][PASSED] - inList = false: null

27-02-2025T17:40:56 - [TEST_STEP][PASSED] - if (myType == "checkbox"): null

27-02-2025T17:40:56 - [TEST_STEP][PASSED] - myStatus = element.isSelected(): null

27-02-2025T17:40:56 - [TEST_STEP][PASSED] - if (debug): null

27-02-2025T17:40:56 - [TEST_STEP][PASSED] - if (toggle && myStatus && inList): null

27-02-2025T17:40:56 - [TEST_STEP][PASSED] - if (!(myStatus) && inList || myStatus && !(inList)): null

27-02-2025T17:40:56 - [TEST_STEP][PASSED] - myValue = element.getAttribute("value"): null

27-02-2025T17:40:56 - [TEST_STEP][PASSED] - if (debug): null

27-02-2025T17:40:56 - [TEST_STEP][PASSED] - if (myValue.length() >= 4): null

27-02-2025T17:40:56 - [TEST_STEP][PASSED] - if (myValue.substring(0, 4) == "(!) "): null

27-02-2025T17:40:56 - [TEST_STEP][PASSED] - myType = element.getAttribute("type"): null

27-02-2025T17:40:56 - [TEST_STEP][PASSED] - if (myValue in varParms[i]): null

27-02-2025T17:40:56 - [TEST_STEP][PASSED] - else: null

27-02-2025T17:40:56 - [TEST_STEP][PASSED] - inList = false: null

27-02-2025T17:40:56 - [TEST_STEP][PASSED] - if (myType == "checkbox"): null

27-02-2025T17:40:56 - [TEST_STEP][PASSED] - myStatus = element.isSelected(): null

27-02-2025T17:40:56 - [TEST_STEP][PASSED] - if (debug): null

27-02-2025T17:40:56 - [TEST_STEP][PASSED] - if (toggle && myStatus && inList): null

27-02-2025T17:40:56 - [TEST_STEP][PASSED] - if (!(myStatus) && inList || myStatus && !(inList)): null

27-02-2025T17:40:56 - [TEST_STEP][PASSED] - myValue = element.getAttribute("value"): null

27-02-2025T17:40:56 - [TEST_STEP][PASSED] - if (debug): null

27-02-2025T17:40:56 - [TEST_STEP][PASSED] - if (myValue.length() >= 4): null

27-02-2025T17:40:56 - [TEST_STEP][PASSED] - if (myValue.substring(0, 4) == "(!) "): null

27-02-2025T17:40:56 - [TEST_STEP][PASSED] - myType = element.getAttribute("type"): null

27-02-2025T17:40:56 - [TEST_STEP][PASSED] - if (myValue in varParms[i]): null

27-02-2025T17:40:56 - [TEST_STEP][PASSED] - else: null

27-02-2025T17:40:56 - [TEST_STEP][PASSED] - inList = false: null

27-02-2025T17:40:56 - [TEST_STEP][PASSED] - if (myType == "checkbox"): null

27-02-2025T17:40:56 - [TEST_STEP][PASSED] - myStatus = element.isSelected(): null

27-02-2025T17:40:56 - [TEST_STEP][PASSED] - if (debug): null

27-02-2025T17:40:56 - [TEST_STEP][PASSED] - if (toggle && myStatus && inList): null

27-02-2025T17:40:56 - [TEST_STEP][PASSED] - if (!(myStatus) && inList || myStatus && !(inList)): null

27-02-2025T17:40:56 - [TEST_STEP][PASSED] - myValue = element.getAttribute("value"): null

27-02-2025T17:40:56 - [TEST_STEP][PASSED] - if (debug): null

27-02-2025T17:40:56 - [TEST_STEP][PASSED] - if (myValue.length() >= 4): null

27-02-2025T17:40:56 - [TEST_STEP][PASSED] - if (myValue.substring(0, 4) == "(!) "): null

27-02-2025T17:40:56 - [TEST_STEP][PASSED] - myType = element.getAttribute("type"): null

27-02-2025T17:40:56 - [TEST_STEP][PASSED] - if (myValue in varParms[i]): null

27-02-2025T17:40:56 - [TEST_STEP][PASSED] - else: null

27-02-2025T17:40:56 - [TEST_STEP][PASSED] - inList = false: null

27-02-2025T17:40:56 - [TEST_STEP][PASSED] - if (myType == "checkbox"): null

27-02-2025T17:40:56 - [TEST_STEP][PASSED] - myStatus = element.isSelected(): null

27-02-2025T17:40:56 - [TEST_STEP][PASSED] - if (debug): null

27-02-2025T17:40:56 - [TEST_STEP][PASSED] - if (toggle && myStatus && inList): null

27-02-2025T17:40:56 - [TEST_STEP][PASSED] - if (!(myStatus) && inList || myStatus && !(inList)): null

27-02-2025T17:40:56 - [TEST_STEP][PASSED] - myValue = element.getAttribute("value"): null

27-02-2025T17:40:56 - [TEST_STEP][PASSED] - if (debug): null

27-02-2025T17:40:56 - [TEST_STEP][PASSED] - if (myValue.length() >= 4): null

27-02-2025T17:40:56 - [TEST_STEP][PASSED] - if (myValue.substring(0, 4) == "(!) "): null

27-02-2025T17:40:56 - [TEST_STEP][PASSED] - myType = element.getAttribute("type"): null

27-02-2025T17:40:56 - [TEST_STEP][PASSED] - if (myValue in varParms[i]): null

27-02-2025T17:40:56 - [TEST_STEP][PASSED] - else: null

27-02-2025T17:40:56 - [TEST_STEP][PASSED] - inList = false: null

27-02-2025T17:40:56 - [TEST_STEP][PASSED] - if (myType == "checkbox"): null

27-02-2025T17:40:56 - [TEST_STEP][PASSED] - myStatus = element.isSelected(): null

27-02-2025T17:40:56 - [TEST_STEP][PASSED] - if (debug): null

27-02-2025T17:40:56 - [TEST_STEP][PASSED] - if (toggle && myStatus && inList): null

27-02-2025T17:40:56 - [TEST_STEP][PASSED] - if (!(myStatus) && inList || myStatus && !(inList)): null

27-02-2025T17:40:56 - [TEST_STEP][PASSED] - myValue = element.getAttribute("value"): null

27-02-2025T17:40:56 - [TEST_STEP][PASSED] - if (debug): null

27-02-2025T17:40:56 - [TEST_STEP][PASSED] - if (myValue.length() >= 4): null

27-02-2025T17:40:56 - [TEST_STEP][PASSED] - if (myValue.substring(0, 4) == "(!) "): null

27-02-2025T17:40:56 - [TEST_STEP][PASSED] - myType = element.getAttribute("type"): null

27-02-2025T17:40:56 - [TEST_STEP][PASSED] - if (myValue in varParms[i]): null

27-02-2025T17:40:56 - [TEST_STEP][PASSED] - else: null

27-02-2025T17:40:56 - [TEST_STEP][PASSED] - inList = false: null

27-02-2025T17:40:56 - [TEST_STEP][PASSED] - if (myType == "checkbox"): null

27-02-2025T17:40:56 - [TEST_STEP][PASSED] - myStatus = element.isSelected(): null

27-02-2025T17:40:56 - [TEST_STEP][PASSED] - if (debug): null

27-02-2025T17:40:56 - [TEST_STEP][PASSED] - if (toggle && myStatus && inList): null

27-02-2025T17:40:56 - [TEST_STEP][PASSED] - if (!(myStatus) && inList || myStatus && !(inList)): null

27-02-2025T17:40:56 - [TEST_STEP][PASSED] - myValue = element.getAttribute("value"): null

27-02-2025T17:40:56 - [TEST_STEP][PASSED] - if (debug): null

27-02-2025T17:40:56 - [TEST_STEP][PASSED] - if (myValue.length() >= 4): null

27-02-2025T17:40:56 - [TEST_STEP][PASSED] - if (myValue.substring(0, 4) == "(!) "): null

27-02-2025T17:40:56 - [TEST_STEP][PASSED] - myType = element.getAttribute("type"): null

27-02-2025T17:40:56 - [TEST_STEP][PASSED] - if (myValue in varParms[i]): null

27-02-2025T17:40:56 - [TEST_STEP][PASSED] - else: null

27-02-2025T17:40:56 - [TEST_STEP][PASSED] - inList = false: null

27-02-2025T17:40:56 - [TEST_STEP][PASSED] - if (myType == "checkbox"): null

27-02-2025T17:40:56 - [TEST_STEP][PASSED] - myStatus = element.isSelected(): null

27-02-2025T17:40:56 - [TEST_STEP][PASSED] - if (debug): null

27-02-2025T17:40:56 - [TEST_STEP][PASSED] - if (toggle && myStatus && inList): null

27-02-2025T17:40:56 - [TEST_STEP][PASSED] - if (!(myStatus) && inList || myStatus && !(inList)): null

27-02-2025T17:40:56 - [TEST_STEP][PASSED] - myValue = element.getAttribute("value"): null

27-02-2025T17:40:56 - [TEST_STEP][PASSED] - if (debug): null

27-02-2025T17:40:56 - [TEST_STEP][PASSED] - if (myValue.length() >= 4): null

27-02-2025T17:40:56 - [TEST_STEP][PASSED] - if (myValue.substring(0, 4) == "(!) "): null

27-02-2025T17:40:56 - [TEST_STEP][PASSED] - myType = element.getAttribute("type"): null

27-02-2025T17:40:56 - [TEST_STEP][PASSED] - if (myValue in varParms[i]): null

27-02-2025T17:40:56 - [TEST_STEP][PASSED] - else: null

27-02-2025T17:40:56 - [TEST_STEP][PASSED] - inList = false: null

27-02-2025T17:40:56 - [TEST_STEP][PASSED] - if (myType == "checkbox"): null

27-02-2025T17:40:56 - [TEST_STEP][PASSED] - myStatus = element.isSelected(): null

27-02-2025T17:40:56 - [TEST_STEP][PASSED] - if (debug): null

27-02-2025T17:40:56 - [TEST_STEP][PASSED] - if (toggle && myStatus && inList): null

27-02-2025T17:40:56 - [TEST_STEP][PASSED] - if (!(myStatus) && inList || myStatus && !(inList)): null

27-02-2025T17:40:56 - [TEST_STEP][PASSED] - myValue = element.getAttribute("value"): null

27-02-2025T17:40:56 - [TEST_STEP][PASSED] - if (debug): null

27-02-2025T17:40:56 - [TEST_STEP][PASSED] - if (myValue.length() >= 4): null

27-02-2025T17:40:56 - [TEST_STEP][PASSED] - if (myValue.substring(0, 4) == "(!) "): null

27-02-2025T17:40:56 - [TEST_STEP][PASSED] - myType = element.getAttribute("type"): null

27-02-2025T17:40:56 - [TEST_STEP][PASSED] - if (myValue in varParms[i]): null

27-02-2025T17:40:56 - [TEST_STEP][PASSED] - else: null

27-02-2025T17:40:56 - [TEST_STEP][PASSED] - inList = false: null

27-02-2025T17:40:56 - [TEST_STEP][PASSED] - if (myType == "checkbox"): null

27-02-2025T17:40:56 - [TEST_STEP][PASSED] - myStatus = element.isSelected(): null

27-02-2025T17:40:56 - [TEST_STEP][PASSED] - if (debug): null

27-02-2025T17:40:56 - [TEST_STEP][PASSED] - if (toggle && myStatus && inList): null

27-02-2025T17:40:56 - [TEST_STEP][PASSED] - if (!(myStatus) && inList || myStatus && !(inList)): null

27-02-2025T17:40:56 - [TEST_STEP][PASSED] - myValue = element.getAttribute("value"): null

27-02-2025T17:40:56 - [TEST_STEP][PASSED] - if (debug): null

27-02-2025T17:40:56 - [TEST_STEP][PASSED] - if (myValue.length() >= 4): null

27-02-2025T17:40:56 - [TEST_STEP][PASSED] - if (myValue.substring(0, 4) == "(!) "): null

27-02-2025T17:40:56 - [TEST_STEP][PASSED] - myType = element.getAttribute("type"): null

27-02-2025T17:40:56 - [TEST_STEP][PASSED] - if (myValue in varParms[i]): null

27-02-2025T17:40:56 - [TEST_STEP][PASSED] - else: null

27-02-2025T17:40:56 - [TEST_STEP][PASSED] - inList = false: null

27-02-2025T17:40:56 - [TEST_STEP][PASSED] - if (myType == "checkbox"): null

27-02-2025T17:40:56 - [TEST_STEP][PASSED] - myStatus = element.isSelected(): null

27-02-2025T17:40:56 - [TEST_STEP][PASSED] - if (debug): null

27-02-2025T17:40:56 - [TEST_STEP][PASSED] - if (toggle && myStatus && inList): null

27-02-2025T17:40:56 - [TEST_STEP][PASSED] - if (!(myStatus) && inList || myStatus && !(inList)): null

27-02-2025T17:40:56 - [TEST_STEP][PASSED] - myValue = element.getAttribute("value"): null

27-02-2025T17:40:56 - [TEST_STEP][PASSED] - if (debug): null

27-02-2025T17:40:56 - [TEST_STEP][PASSED] - if (myValue.length() >= 4): null

27-02-2025T17:40:56 - [TEST_STEP][PASSED] - if (myValue.substring(0, 4) == "(!) "): null

27-02-2025T17:40:56 - [TEST_STEP][PASSED] - myType = element.getAttribute("type"): null

27-02-2025T17:40:56 - [TEST_STEP][PASSED] - if (myValue in varParms[i]): null

27-02-2025T17:40:56 - [TEST_STEP][PASSED] - else: null

27-02-2025T17:40:56 - [TEST_STEP][PASSED] - inList = false: null

27-02-2025T17:40:56 - [TEST_STEP][PASSED] - if (myType == "checkbox"): null

27-02-2025T17:40:56 - [TEST_STEP][PASSED] - myStatus = element.isSelected(): null

27-02-2025T17:40:56 - [TEST_STEP][PASSED] - if (debug): null

27-02-2025T17:40:56 - [TEST_STEP][PASSED] - if (toggle && myStatus && inList): null

27-02-2025T17:40:56 - [TEST_STEP][PASSED] - if (!(myStatus) && inList || myStatus && !(inList)): null

27-02-2025T17:40:56 - [TEST_STEP][PASSED] - myValue = element.getAttribute("value"): null

27-02-2025T17:40:56 - [TEST_STEP][PASSED] - if (debug): null

27-02-2025T17:40:56 - [TEST_STEP][PASSED] - if (myValue.length() >= 4): null

27-02-2025T17:40:56 - [TEST_STEP][PASSED] - if (myValue.substring(0, 4) == "(!) "): null

27-02-2025T17:40:56 - [TEST_STEP][PASSED] - myType = element.getAttribute("type"): null

27-02-2025T17:40:56 - [TEST_STEP][PASSED] - if (myValue in varParms[i]): null

27-02-2025T17:40:56 - [TEST_STEP][PASSED] - else: null

27-02-2025T17:40:56 - [TEST_STEP][PASSED] - inList = false: null

27-02-2025T17:40:56 - [TEST_STEP][PASSED] - if (myType == "checkbox"): null

27-02-2025T17:40:56 - [TEST_STEP][PASSED] - myStatus = element.isSelected(): null

27-02-2025T17:40:56 - [TEST_STEP][PASSED] - if (debug): null

27-02-2025T17:40:56 - [TEST_STEP][PASSED] - if (toggle && myStatus && inList): null

27-02-2025T17:40:56 - [TEST_STEP][PASSED] - if (!(myStatus) && inList || myStatus && !(inList)): null

27-02-2025T17:40:56 - [TEST_STEP][PASSED] - myValue = element.getAttribute("value"): null

27-02-2025T17:40:56 - [TEST_STEP][PASSED] - if (debug): null

27-02-2025T17:40:56 - [TEST_STEP][PASSED] - if (myValue.length() >= 4): null

27-02-2025T17:40:56 - [TEST_STEP][PASSED] - if (myValue.substring(0, 4) == "(!) "): null

27-02-2025T17:40:56 - [TEST_STEP][PASSED] - myType = element.getAttribute("type"): null

27-02-2025T17:40:56 - [TEST_STEP][PASSED] - if (myValue in varParms[i]): null

27-02-2025T17:40:56 - [TEST_STEP][PASSED] - else: null

27-02-2025T17:40:56 - [TEST_STEP][PASSED] - inList = false: null

27-02-2025T17:40:56 - [TEST_STEP][PASSED] - if (myType == "checkbox"): null

27-02-2025T17:40:56 - [TEST_STEP][PASSED] - myStatus = element.isSelected(): null

27-02-2025T17:40:56 - [TEST_STEP][PASSED] - if (debug): null

27-02-2025T17:40:56 - [TEST_STEP][PASSED] - if (toggle && myStatus && inList): null

27-02-2025T17:40:56 - [TEST_STEP][PASSED] - if (!(myStatus) && inList || myStatus && !(inList)): null

27-02-2025T17:40:56 - [TEST_STEP][PASSED] - myValue = element.getAttribute("value"): null

27-02-2025T17:40:56 - [TEST_STEP][PASSED] - if (debug): null

27-02-2025T17:40:56 - [TEST_STEP][PASSED] - if (myValue.length() >= 4): null

27-02-2025T17:40:56 - [TEST_STEP][PASSED] - if (myValue.substring(0, 4) == "(!) "): null

27-02-2025T17:40:56 - [TEST_STEP][PASSED] - myType = element.getAttribute("type"): null

27-02-2025T17:40:56 - [TEST_STEP][PASSED] - if (myValue in varParms[i]): null

27-02-2025T17:40:56 - [TEST_STEP][PASSED] - else: null

27-02-2025T17:40:56 - [TEST_STEP][PASSED] - inList = false: null

27-02-2025T17:40:56 - [TEST_STEP][PASSED] - if (myType == "checkbox"): null

27-02-2025T17:40:56 - [TEST_STEP][PASSED] - myStatus = element.isSelected(): null

27-02-2025T17:40:56 - [TEST_STEP][PASSED] - if (debug): null

27-02-2025T17:40:56 - [TEST_STEP][PASSED] - if (toggle && myStatus && inList): null

27-02-2025T17:40:56 - [TEST_STEP][PASSED] - if (!(myStatus) && inList || myStatus && !(inList)): null

27-02-2025T17:40:56 - [TEST_STEP][PASSED] - myValue = element.getAttribute("value"): null

27-02-2025T17:40:56 - [TEST_STEP][PASSED] - if (debug): null

27-02-2025T17:40:56 - [TEST_STEP][PASSED] - if (myValue.length() >= 4): null

27-02-2025T17:40:56 - [TEST_STEP][PASSED] - if (myValue.substring(0, 4) == "(!) "): null

27-02-2025T17:40:56 - [TEST_STEP][PASSED] - myType = element.getAttribute("type"): null

27-02-2025T17:40:56 - [TEST_STEP][PASSED] - if (myValue in varParms[i]): null

27-02-2025T17:40:56 - [TEST_STEP][PASSED] - else: null

27-02-2025T17:40:56 - [TEST_STEP][PASSED] - inList = false: null

27-02-2025T17:40:56 - [TEST_STEP][PASSED] - if (myType == "checkbox"): null

27-02-2025T17:40:56 - [TEST_STEP][PASSED] - myStatus = element.isSelected(): null

27-02-2025T17:40:56 - [TEST_STEP][PASSED] - if (debug): null

27-02-2025T17:40:56 - [TEST_STEP][PASSED] - if (toggle && myStatus && inList): null

27-02-2025T17:40:56 - [TEST_STEP][PASSED] - if (!(myStatus) && inList || myStatus && !(inList)): null

27-02-2025T17:40:56 - [TEST_STEP][PASSED] - myValue = element.getAttribute("value"): null

27-02-2025T17:40:56 - [TEST_STEP][PASSED] - if (debug): null

27-02-2025T17:40:56 - [TEST_STEP][PASSED] - if (myValue.length() >= 4): null

27-02-2025T17:40:56 - [TEST_STEP][PASSED] - if (myValue.substring(0, 4) == "(!) "): null

27-02-2025T17:40:56 - [TEST_STEP][PASSED] - myType = element.getAttribute("type"): null

27-02-2025T17:40:56 - [TEST_STEP][PASSED] - if (myValue in varParms[i]): null

27-02-2025T17:40:56 - [TEST_STEP][PASSED] - else: null

27-02-2025T17:40:56 - [TEST_STEP][PASSED] - inList = false: null

27-02-2025T17:40:56 - [TEST_STEP][PASSED] - if (myType == "checkbox"): null

27-02-2025T17:40:56 - [TEST_STEP][PASSED] - myStatus = element.isSelected(): null

27-02-2025T17:40:56 - [TEST_STEP][PASSED] - if (debug): null

27-02-2025T17:40:56 - [TEST_STEP][PASSED] - if (toggle && myStatus && inList): null

27-02-2025T17:40:56 - [TEST_STEP][PASSED] - if (!(myStatus) && inList || myStatus && !(inList)): null

27-02-2025T17:40:56 - [TEST_STEP][PASSED] - myValue = element.getAttribute("value"): null

27-02-2025T17:40:56 - [TEST_STEP][PASSED] - if (debug): null

27-02-2025T17:40:56 - [TEST_STEP][PASSED] - if (myValue.length() >= 4): null

27-02-2025T17:40:56 - [TEST_STEP][PASSED] - if (myValue.substring(0, 4) == "(!) "): null

27-02-2025T17:40:56 - [TEST_STEP][PASSED] - myType = element.getAttribute("type"): null

27-02-2025T17:40:56 - [TEST_STEP][PASSED] - if (myValue in varParms[i]): null

27-02-2025T17:40:56 - [TEST_STEP][PASSED] - inList = true: null

27-02-2025T17:40:56 - [TEST_STEP][PASSED] - if (myType == "checkbox"): null

27-02-2025T17:40:56 - [TEST_STEP][PASSED] - myStatus = element.isSelected(): null

27-02-2025T17:40:56 - [TEST_STEP][PASSED] - if (debug): null

27-02-2025T17:40:56 - [TEST_STEP][PASSED] - if (toggle && myStatus && inList): null

27-02-2025T17:40:56 - [TEST_STEP][PASSED] - if (!(myStatus) && inList || myStatus && !(inList)): null

27-02-2025T17:40:56 - [TEST_STEP][PASSED] - if (debug): null

27-02-2025T17:40:56 - [TEST_STEP][PASSED] - println("Clicking " + myValue): null

27-02-2025T17:40:56 - [TEST_STEP][PASSED] - click(element): null

27-02-2025T17:40:56 - [TEST_STEP][PASSED] - scrollToObject(elem): null

27-02-2025T17:40:56 - [TEST_STEP][PASSED] - loc = element.getLocation(): null

27-02-2025T17:40:56 - [TEST_STEP][PASSED] - if (debug): null

27-02-2025T17:40:56 - [TEST_STEP][PASSED] - y = loc.getY(): null

27-02-2025T17:40:56 - [TEST_STEP][PASSED] - println("Y location is " + y): null

27-02-2025T17:40:56 - [TEST_STEP][PASSED] - top = getViewportTopPosition(): Current viewport's top (y) position is 1236

27-02-2025T17:40:56 - [MESSAGE][PASSED] - Current viewport's top (y) position is 1236

27-02-2025T17:40:56 - [TEST_STEP][PASSED] - println("Viewport top is " + top): null

27-02-2025T17:40:56 - [TEST_STEP][PASSED] - bottom = top + 600: null

27-02-2025T17:40:56 - [TEST_STEP][PASSED] - if (y - top < 150 || bottom - y < 10): null

27-02-2025T17:40:56 - [TEST_STEP][PASSED] - elem.click(): null

27-02-2025T17:40:56 - [TEST_STEP][PASSED] - myValue = element.getAttribute("value"): null

27-02-2025T17:40:56 - [TEST_STEP][PASSED] - if (debug): null

27-02-2025T17:40:56 - [TEST_STEP][PASSED] - if (myValue.length() >= 4): null

27-02-2025T17:40:56 - [TEST_STEP][PASSED] - if (myValue.substring(0, 4) == "(!) "): null

27-02-2025T17:40:56 - [TEST_STEP][PASSED] - myType = element.getAttribute("type"): null

27-02-2025T17:40:56 - [TEST_STEP][PASSED] - if (myValue in varParms[i]): null

27-02-2025T17:40:56 - [TEST_STEP][PASSED] - inList = true: null

27-02-2025T17:40:56 - [TEST_STEP][PASSED] - if (myType == "checkbox"): null

27-02-2025T17:40:56 - [TEST_STEP][PASSED] - myStatus = element.isSelected(): null

27-02-2025T17:40:56 - [TEST_STEP][PASSED] - if (debug): null

27-02-2025T17:40:56 - [TEST_STEP][PASSED] - if (toggle && myStatus && inList): null

27-02-2025T17:40:56 - [TEST_STEP][PASSED] - if (!(myStatus) && inList || myStatus && !(inList)): null

27-02-2025T17:40:56 - [TEST_STEP][PASSED] - if (debug): null

27-02-2025T17:40:56 - [TEST_STEP][PASSED] - println("Clicking " + myValue): null

27-02-2025T17:40:56 - [TEST_STEP][PASSED] - click(element): null

27-02-2025T17:40:56 - [TEST_STEP][PASSED] - scrollToObject(elem): null

27-02-2025T17:40:56 - [TEST_STEP][PASSED] - loc = element.getLocation(): null

27-02-2025T17:40:56 - [TEST_STEP][PASSED] - if (debug): null

27-02-2025T17:40:56 - [TEST_STEP][PASSED] - y = loc.getY(): null

27-02-2025T17:40:56 - [TEST_STEP][PASSED] - println("Y location is " + y): null

27-02-2025T17:40:56 - [TEST_STEP][PASSED] - top = getViewportTopPosition(): Current viewport's top (y) position is 1236

27-02-2025T17:40:56 - [MESSAGE][PASSED] - Current viewport's top (y) position is 1236

27-02-2025T17:40:56 - [TEST_STEP][PASSED] - println("Viewport top is " + top): null

27-02-2025T17:40:56 - [TEST_STEP][PASSED] - bottom = top + 600: null

27-02-2025T17:40:56 - [TEST_STEP][PASSED] - if (y - top < 150 || bottom - y < 10): Delayed 1 second(s)

27-02-2025T17:40:56 - [TEST_STEP][PASSED] - scrollToPosition(0, y - 150): Browser is scrolled to position x = 0, y = 1678

27-02-2025T17:40:56 - [MESSAGE][PASSED] - Browser is scrolled to position x = 0, y = 1678

27-02-2025T17:40:56 - [TEST_STEP][PASSED] - delay(1): Delayed 1 second(s)

27-02-2025T17:40:57 - [MESSAGE][PASSED] - Delayed 1 second(s)

27-02-2025T17:40:57 - [TEST_STEP][PASSED] - elem.click(): null

27-02-2025T17:40:57 - [TEST_STEP][PASSED] - myValue = element.getAttribute("value"): null

27-02-2025T17:40:57 - [TEST_STEP][PASSED] - if (debug): null

27-02-2025T17:40:57 - [TEST_STEP][PASSED] - if (myValue.length() >= 4): null

27-02-2025T17:40:57 - [TEST_STEP][PASSED] - if (myValue.substring(0, 4) == "(!) "): null

27-02-2025T17:40:57 - [TEST_STEP][PASSED] - myType = element.getAttribute("type"): null

27-02-2025T17:40:57 - [TEST_STEP][PASSED] - if (myValue in varParms[i]): null

27-02-2025T17:40:57 - [TEST_STEP][PASSED] - inList = true: null

27-02-2025T17:40:57 - [TEST_STEP][PASSED] - if (myType == "checkbox"): null

27-02-2025T17:40:57 - [TEST_STEP][PASSED] - myStatus = element.isSelected(): null

27-02-2025T17:40:57 - [TEST_STEP][PASSED] - if (debug): null

27-02-2025T17:40:57 - [TEST_STEP][PASSED] - if (toggle && myStatus && inList): null

27-02-2025T17:40:57 - [TEST_STEP][PASSED] - if (!(myStatus) && inList || myStatus && !(inList)): null

27-02-2025T17:40:57 - [TEST_STEP][PASSED] - if (debug): null

27-02-2025T17:40:57 - [TEST_STEP][PASSED] - println("Clicking " + myValue): null

27-02-2025T17:40:57 - [TEST_STEP][PASSED] - click(element): null

27-02-2025T17:40:57 - [TEST_STEP][PASSED] - scrollToObject(elem): null

27-02-2025T17:40:57 - [TEST_STEP][PASSED] - loc = element.getLocation(): null

27-02-2025T17:40:57 - [TEST_STEP][PASSED] - if (debug): null

27-02-2025T17:40:57 - [TEST_STEP][PASSED] - y = loc.getY(): null

27-02-2025T17:40:57 - [TEST_STEP][PASSED] - println("Y location is " + y): null

27-02-2025T17:40:57 - [TEST_STEP][PASSED] - top = getViewportTopPosition(): Current viewport's top (y) position is 1678

27-02-2025T17:40:57 - [MESSAGE][PASSED] - Current viewport's top (y) position is 1678

27-02-2025T17:40:57 - [TEST_STEP][PASSED] - println("Viewport top is " + top): null

27-02-2025T17:40:57 - [TEST_STEP][PASSED] - bottom = top + 600: null

27-02-2025T17:40:57 - [TEST_STEP][PASSED] - if (y - top < 150 || bottom - y < 10): null

27-02-2025T17:40:57 - [TEST_STEP][PASSED] - elem.click(): null

27-02-2025T17:40:57 - [TEST_STEP][PASSED] - myValue = element.getAttribute("value"): null

27-02-2025T17:40:57 - [TEST_STEP][PASSED] - if (debug): null

27-02-2025T17:40:57 - [TEST_STEP][PASSED] - if (myValue.length() >= 4): null

27-02-2025T17:40:57 - [TEST_STEP][PASSED] - if (myValue.substring(0, 4) == "(!) "): null

27-02-2025T17:40:57 - [TEST_STEP][PASSED] - myType = element.getAttribute("type"): null

27-02-2025T17:40:57 - [TEST_STEP][PASSED] - if (myValue in varParms[i]): null

27-02-2025T17:40:57 - [TEST_STEP][PASSED] - else: null

27-02-2025T17:40:57 - [TEST_STEP][PASSED] - inList = false: null

27-02-2025T17:40:57 - [TEST_STEP][PASSED] - if (myType == "checkbox"): null

27-02-2025T17:40:57 - [TEST_STEP][PASSED] - myStatus = element.isSelected(): null

27-02-2025T17:40:58 - [TEST_STEP][PASSED] - if (debug): null

27-02-2025T17:40:58 - [TEST_STEP][PASSED] - if (toggle && myStatus && inList): null

27-02-2025T17:40:58 - [TEST_STEP][PASSED] - if (!(myStatus) && inList || myStatus && !(inList)): null

27-02-2025T17:40:58 - [TEST_STEP][PASSED] - myValue = element.getAttribute("value"): null

27-02-2025T17:40:58 - [TEST_STEP][PASSED] - if (debug): null

27-02-2025T17:40:58 - [TEST_STEP][PASSED] - if (myValue.length() >= 4): null

27-02-2025T17:40:58 - [TEST_STEP][PASSED] - if (myValue.substring(0, 4) == "(!) "): null

27-02-2025T17:40:58 - [TEST_STEP][PASSED] - myType = element.getAttribute("type"): null

27-02-2025T17:40:58 - [TEST_STEP][PASSED] - if (myValue in varParms[i]): null

27-02-2025T17:40:58 - [TEST_STEP][PASSED] - inList = true: null

27-02-2025T17:40:58 - [TEST_STEP][PASSED] - if (myType == "checkbox"): null

27-02-2025T17:40:58 - [TEST_STEP][PASSED] - myStatus = element.isSelected(): null

27-02-2025T17:40:58 - [TEST_STEP][PASSED] - if (debug): null

27-02-2025T17:40:58 - [TEST_STEP][PASSED] - if (toggle && myStatus && inList): null

27-02-2025T17:40:58 - [TEST_STEP][PASSED] - if (!(myStatus) && inList || myStatus && !(inList)): null

27-02-2025T17:40:58 - [TEST_STEP][PASSED] - if (debug): null

27-02-2025T17:40:58 - [TEST_STEP][PASSED] - println("Clicking " + myValue): null

27-02-2025T17:40:58 - [TEST_STEP][PASSED] - click(element): null

27-02-2025T17:40:58 - [TEST_STEP][PASSED] - scrollToObject(elem): null

27-02-2025T17:40:58 - [TEST_STEP][PASSED] - loc = element.getLocation(): null

27-02-2025T17:40:58 - [TEST_STEP][PASSED] - if (debug): null

27-02-2025T17:40:58 - [TEST_STEP][PASSED] - y = loc.getY(): null

27-02-2025T17:40:58 - [TEST_STEP][PASSED] - println("Y location is " + y): null

27-02-2025T17:40:58 - [TEST_STEP][PASSED] - top = getViewportTopPosition(): Current viewport's top (y) position is 1678

27-02-2025T17:40:58 - [MESSAGE][PASSED] - Current viewport's top (y) position is 1678

27-02-2025T17:40:58 - [TEST_STEP][PASSED] - println("Viewport top is " + top): null

27-02-2025T17:40:58 - [TEST_STEP][PASSED] - bottom = top + 600: null

27-02-2025T17:40:58 - [TEST_STEP][PASSED] - if (y - top < 150 || bottom - y < 10): null

27-02-2025T17:40:58 - [TEST_STEP][PASSED] - elem.click(): null

27-02-2025T17:40:58 - [TEST_STEP][PASSED] - myValue = element.getAttribute("value"): null

27-02-2025T17:40:58 - [TEST_STEP][PASSED] - if (debug): null

27-02-2025T17:40:58 - [TEST_STEP][PASSED] - if (myValue.length() >= 4): null

27-02-2025T17:40:58 - [TEST_STEP][PASSED] - if (myValue.substring(0, 4) == "(!) "): null

27-02-2025T17:40:58 - [TEST_STEP][PASSED] - myType = element.getAttribute("type"): null

27-02-2025T17:40:58 - [TEST_STEP][PASSED] - if (myValue in varParms[i]): null

27-02-2025T17:40:58 - [TEST_STEP][PASSED] - else: null

27-02-2025T17:40:58 - [TEST_STEP][PASSED] - inList = false: null

27-02-2025T17:40:58 - [TEST_STEP][PASSED] - if (myType == "checkbox"): null

27-02-2025T17:40:58 - [TEST_STEP][PASSED] - myStatus = element.isSelected(): null

27-02-2025T17:40:58 - [TEST_STEP][PASSED] - if (debug): null

27-02-2025T17:40:58 - [TEST_STEP][PASSED] - if (toggle && myStatus && inList): null

27-02-2025T17:40:58 - [TEST_STEP][PASSED] - if (!(myStatus) && inList || myStatus && !(inList)): null

27-02-2025T17:40:58 - [TEST_STEP][PASSED] - myValue = element.getAttribute("value"): null

27-02-2025T17:40:58 - [TEST_STEP][PASSED] - if (debug): null

27-02-2025T17:40:58 - [TEST_STEP][PASSED] - if (myValue.length() >= 4): null

27-02-2025T17:40:58 - [TEST_STEP][PASSED] - if (myValue.substring(0, 4) == "(!) "): null

27-02-2025T17:40:58 - [TEST_STEP][PASSED] - myType = element.getAttribute("type"): null

27-02-2025T17:40:58 - [TEST_STEP][PASSED] - if (myValue in varParms[i]): null

27-02-2025T17:40:58 - [TEST_STEP][PASSED] - else: null

27-02-2025T17:40:58 - [TEST_STEP][PASSED] - inList = false: null

27-02-2025T17:40:58 - [TEST_STEP][PASSED] - if (myType == "checkbox"): null

27-02-2025T17:40:58 - [TEST_STEP][PASSED] - myStatus = element.isSelected(): null

27-02-2025T17:40:58 - [TEST_STEP][PASSED] - if (debug): null

27-02-2025T17:40:58 - [TEST_STEP][PASSED] - if (toggle && myStatus && inList): null

27-02-2025T17:40:58 - [TEST_STEP][PASSED] - if (!(myStatus) && inList || myStatus && !(inList)): null

27-02-2025T17:40:58 - [TEST_STEP][PASSED] - myValue = element.getAttribute("value"): null

27-02-2025T17:40:58 - [TEST_STEP][PASSED] - if (debug): null

27-02-2025T17:40:58 - [TEST_STEP][PASSED] - if (myValue.length() >= 4): null

27-02-2025T17:40:58 - [TEST_STEP][PASSED] - if (myValue.substring(0, 4) == "(!) "): null

27-02-2025T17:40:58 - [TEST_STEP][PASSED] - myType = element.getAttribute("type"): null

27-02-2025T17:40:58 - [TEST_STEP][PASSED] - if (myValue in varParms[i]): null

27-02-2025T17:40:58 - [TEST_STEP][PASSED] - else: null

27-02-2025T17:40:58 - [TEST_STEP][PASSED] - inList = false: null

27-02-2025T17:40:58 - [TEST_STEP][PASSED] - if (myType == "checkbox"): null

27-02-2025T17:40:58 - [TEST_STEP][PASSED] - myStatus = element.isSelected(): null

27-02-2025T17:40:58 - [TEST_STEP][PASSED] - if (debug): null

27-02-2025T17:40:58 - [TEST_STEP][PASSED] - if (toggle && myStatus && inList): null

27-02-2025T17:40:58 - [TEST_STEP][PASSED] - if (!(myStatus) && inList || myStatus && !(inList)): null

27-02-2025T17:40:58 - [TEST_STEP][PASSED] - myValue = element.getAttribute("value"): null

27-02-2025T17:40:58 - [TEST_STEP][PASSED] - if (debug): null

27-02-2025T17:40:58 - [TEST_STEP][PASSED] - if (myValue.length() >= 4): null

27-02-2025T17:40:58 - [TEST_STEP][PASSED] - if (myValue.substring(0, 4) == "(!) "): null

27-02-2025T17:40:58 - [TEST_STEP][PASSED] - myType = element.getAttribute("type"): null

27-02-2025T17:40:58 - [TEST_STEP][PASSED] - if (myValue in varParms[i]): null

27-02-2025T17:40:58 - [TEST_STEP][PASSED] - inList = true: null

27-02-2025T17:40:58 - [TEST_STEP][PASSED] - if (myType == "checkbox"): null

27-02-2025T17:40:58 - [TEST_STEP][PASSED] - myStatus = element.isSelected(): null

27-02-2025T17:40:58 - [TEST_STEP][PASSED] - if (debug): null

27-02-2025T17:40:58 - [TEST_STEP][PASSED] - if (toggle && myStatus && inList): null

27-02-2025T17:40:58 - [TEST_STEP][PASSED] - if (!(myStatus) && inList || myStatus && !(inList)): null

27-02-2025T17:40:58 - [TEST_STEP][PASSED] - if (debug): null

27-02-2025T17:40:58 - [TEST_STEP][PASSED] - println("Clicking " + myValue): null

27-02-2025T17:40:58 - [TEST_STEP][PASSED] - click(element): null

27-02-2025T17:40:58 - [TEST_STEP][PASSED] - scrollToObject(elem): null

27-02-2025T17:40:58 - [TEST_STEP][PASSED] - loc = element.getLocation(): null

27-02-2025T17:40:58 - [TEST_STEP][PASSED] - if (debug): null

27-02-2025T17:40:58 - [TEST_STEP][PASSED] - y = loc.getY(): null

27-02-2025T17:40:58 - [TEST_STEP][PASSED] - println("Y location is " + y): null

27-02-2025T17:40:58 - [TEST_STEP][PASSED] - top = getViewportTopPosition(): Current viewport's top (y) position is 1678

27-02-2025T17:40:58 - [MESSAGE][PASSED] - Current viewport's top (y) position is 1678

27-02-2025T17:40:58 - [TEST_STEP][PASSED] - println("Viewport top is " + top): null

27-02-2025T17:40:58 - [TEST_STEP][PASSED] - bottom = top + 600: null

27-02-2025T17:40:58 - [TEST_STEP][PASSED] - if (y - top < 150 || bottom - y < 10): null

27-02-2025T17:40:58 - [TEST_STEP][PASSED] - elem.click(): null

27-02-2025T17:40:58 - [TEST_STEP][PASSED] - myValue = element.getAttribute("value"): null

27-02-2025T17:40:58 - [TEST_STEP][PASSED] - if (debug): null

27-02-2025T17:40:58 - [TEST_STEP][PASSED] - if (myValue.length() >= 4): null

27-02-2025T17:40:58 - [TEST_STEP][PASSED] - if (myValue.substring(0, 4) == "(!) "): null

27-02-2025T17:40:58 - [TEST_STEP][PASSED] - myType = element.getAttribute("type"): null

27-02-2025T17:40:58 - [TEST_STEP][PASSED] - if (myValue in varParms[i]): null

27-02-2025T17:40:58 - [TEST_STEP][PASSED] - inList = true: null

27-02-2025T17:40:58 - [TEST_STEP][PASSED] - if (myType == "checkbox"): null

27-02-2025T17:40:58 - [TEST_STEP][PASSED] - myStatus = element.isSelected(): null

27-02-2025T17:40:58 - [TEST_STEP][PASSED] - if (debug): null

27-02-2025T17:40:58 - [TEST_STEP][PASSED] - if (toggle && myStatus && inList): null

27-02-2025T17:40:58 - [TEST_STEP][PASSED] - if (!(myStatus) && inList || myStatus && !(inList)): null

27-02-2025T17:40:58 - [TEST_STEP][PASSED] - if (debug): null

27-02-2025T17:40:58 - [TEST_STEP][PASSED] - println("Clicking " + myValue): null

27-02-2025T17:40:58 - [TEST_STEP][PASSED] - click(element): null

27-02-2025T17:40:58 - [TEST_STEP][PASSED] - scrollToObject(elem): null

27-02-2025T17:40:58 - [TEST_STEP][PASSED] - loc = element.getLocation(): null

27-02-2025T17:40:58 - [TEST_STEP][PASSED] - if (debug): null

27-02-2025T17:40:58 - [TEST_STEP][PASSED] - y = loc.getY(): null

27-02-2025T17:40:58 - [TEST_STEP][PASSED] - println("Y location is " + y): null

27-02-2025T17:40:58 - [TEST_STEP][PASSED] - top = getViewportTopPosition(): Current viewport's top (y) position is 1678

27-02-2025T17:40:58 - [MESSAGE][PASSED] - Current viewport's top (y) position is 1678

27-02-2025T17:40:58 - [TEST_STEP][PASSED] - println("Viewport top is " + top): null

27-02-2025T17:40:58 - [TEST_STEP][PASSED] - bottom = top + 600: null

27-02-2025T17:40:58 - [TEST_STEP][PASSED] - if (y - top < 150 || bottom - y < 10): null

27-02-2025T17:40:58 - [TEST_STEP][PASSED] - elem.click(): null

27-02-2025T17:40:58 - [TEST_STEP][PASSED] - myValue = element.getAttribute("value"): null

27-02-2025T17:40:58 - [TEST_STEP][PASSED] - if (debug): null

27-02-2025T17:40:58 - [TEST_STEP][PASSED] - if (myValue.length() >= 4): null

27-02-2025T17:40:58 - [TEST_STEP][PASSED] - if (myValue.substring(0, 4) == "(!) "): null

27-02-2025T17:40:58 - [TEST_STEP][PASSED] - myType = element.getAttribute("type"): null

27-02-2025T17:40:58 - [TEST_STEP][PASSED] - if (myValue in varParms[i]): null

27-02-2025T17:40:58 - [TEST_STEP][PASSED] - else: null

27-02-2025T17:40:58 - [TEST_STEP][PASSED] - inList = false: null

27-02-2025T17:40:58 - [TEST_STEP][PASSED] - if (myType == "checkbox"): null

27-02-2025T17:40:58 - [TEST_STEP][PASSED] - myStatus = element.isSelected(): null

27-02-2025T17:40:58 - [TEST_STEP][PASSED] - if (debug): null

27-02-2025T17:40:58 - [TEST_STEP][PASSED] - if (toggle && myStatus && inList): null

27-02-2025T17:40:58 - [TEST_STEP][PASSED] - if (!(myStatus) && inList || myStatus && !(inList)): null

27-02-2025T17:40:58 - [TEST_STEP][PASSED] - myValue = element.getAttribute("value"): null

27-02-2025T17:40:58 - [TEST_STEP][PASSED] - if (debug): null

27-02-2025T17:40:58 - [TEST_STEP][PASSED] - if (myValue.length() >= 4): null

27-02-2025T17:40:58 - [TEST_STEP][PASSED] - if (myValue.substring(0, 4) == "(!) "): null

27-02-2025T17:40:58 - [TEST_STEP][PASSED] - myType = element.getAttribute("type"): null

27-02-2025T17:40:58 - [TEST_STEP][PASSED] - if (myValue in varParms[i]): null

27-02-2025T17:40:58 - [TEST_STEP][PASSED] - else: null

27-02-2025T17:40:58 - [TEST_STEP][PASSED] - inList = false: null

27-02-2025T17:40:58 - [TEST_STEP][PASSED] - if (myType == "checkbox"): null

27-02-2025T17:40:58 - [TEST_STEP][PASSED] - myStatus = element.isSelected(): null

27-02-2025T17:40:58 - [TEST_STEP][PASSED] - if (debug): null

27-02-2025T17:40:58 - [TEST_STEP][PASSED] - if (toggle && myStatus && inList): null

27-02-2025T17:40:58 - [TEST_STEP][PASSED] - if (!(myStatus) && inList || myStatus && !(inList)): null

27-02-2025T17:40:58 - [TEST_STEP][PASSED] - myValue = element.getAttribute("value"): null

27-02-2025T17:40:58 - [TEST_STEP][PASSED] - if (debug): null

27-02-2025T17:40:58 - [TEST_STEP][PASSED] - if (myValue.length() >= 4): null

27-02-2025T17:40:58 - [TEST_STEP][PASSED] - if (myValue.substring(0, 4) == "(!) "): null

27-02-2025T17:40:58 - [TEST_STEP][PASSED] - myType = element.getAttribute("type"): null

27-02-2025T17:40:58 - [TEST_STEP][PASSED] - if (myValue in varParms[i]): null

27-02-2025T17:40:58 - [TEST_STEP][PASSED] - inList = true: null

27-02-2025T17:40:58 - [TEST_STEP][PASSED] - if (myType == "checkbox"): null

27-02-2025T17:40:58 - [TEST_STEP][PASSED] - myStatus = element.isSelected(): null

27-02-2025T17:40:58 - [TEST_STEP][PASSED] - if (debug): null

27-02-2025T17:40:58 - [TEST_STEP][PASSED] - if (toggle && myStatus && inList): null

27-02-2025T17:40:58 - [TEST_STEP][PASSED] - if (!(myStatus) && inList || myStatus && !(inList)): null

27-02-2025T17:40:58 - [TEST_STEP][PASSED] - if (debug): null

27-02-2025T17:40:58 - [TEST_STEP][PASSED] - println("Clicking " + myValue): null

27-02-2025T17:40:58 - [TEST_STEP][PASSED] - click(element): null

27-02-2025T17:40:58 - [TEST_STEP][PASSED] - scrollToObject(elem): null

27-02-2025T17:40:58 - [TEST_STEP][PASSED] - loc = element.getLocation(): null

27-02-2025T17:40:58 - [TEST_STEP][PASSED] - if (debug): null

27-02-2025T17:40:58 - [TEST_STEP][PASSED] - y = loc.getY(): null

27-02-2025T17:40:58 - [TEST_STEP][PASSED] - println("Y location is " + y): null

27-02-2025T17:40:58 - [TEST_STEP][PASSED] - top = getViewportTopPosition(): Current viewport's top (y) position is 1678

27-02-2025T17:40:58 - [MESSAGE][PASSED] - Current viewport's top (y) position is 1678

27-02-2025T17:40:58 - [TEST_STEP][PASSED] - println("Viewport top is " + top): null

27-02-2025T17:40:58 - [TEST_STEP][PASSED] - bottom = top + 600: null

27-02-2025T17:40:58 - [TEST_STEP][PASSED] - if (y - top < 150 || bottom - y < 10): null

27-02-2025T17:40:58 - [TEST_STEP][PASSED] - elem.click(): null

27-02-2025T17:40:58 - [TEST_STEP][PASSED] - myValue = element.getAttribute("value"): null

27-02-2025T17:40:58 - [TEST_STEP][PASSED] - if (debug): null

27-02-2025T17:40:58 - [TEST_STEP][PASSED] - if (myValue.length() >= 4): null

27-02-2025T17:40:58 - [TEST_STEP][PASSED] - if (myValue.substring(0, 4) == "(!) "): null

27-02-2025T17:40:58 - [TEST_STEP][PASSED] - myType = element.getAttribute("type"): null

27-02-2025T17:40:58 - [TEST_STEP][PASSED] - if (myValue in varParms[i]): null

27-02-2025T17:40:58 - [TEST_STEP][PASSED] - inList = true: null

27-02-2025T17:40:58 - [TEST_STEP][PASSED] - if (myType == "checkbox"): null

27-02-2025T17:40:58 - [TEST_STEP][PASSED] - myStatus = element.isSelected(): null

27-02-2025T17:40:58 - [TEST_STEP][PASSED] - if (debug): null

27-02-2025T17:40:58 - [TEST_STEP][PASSED] - if (toggle && myStatus && inList): null

27-02-2025T17:40:58 - [TEST_STEP][PASSED] - if (!(myStatus) && inList || myStatus && !(inList)): null

27-02-2025T17:40:58 - [TEST_STEP][PASSED] - if (debug): null

27-02-2025T17:40:58 - [TEST_STEP][PASSED] - println("Clicking " + myValue): null

27-02-2025T17:40:58 - [TEST_STEP][PASSED] - click(element): null

27-02-2025T17:40:58 - [TEST_STEP][PASSED] - scrollToObject(elem): null

27-02-2025T17:40:58 - [TEST_STEP][PASSED] - loc = element.getLocation(): null

27-02-2025T17:40:58 - [TEST_STEP][PASSED] - if (debug): null

27-02-2025T17:40:58 - [TEST_STEP][PASSED] - y = loc.getY(): null

27-02-2025T17:40:58 - [TEST_STEP][PASSED] - println("Y location is " + y): null

27-02-2025T17:40:58 - [TEST_STEP][PASSED] - top = getViewportTopPosition(): Current viewport's top (y) position is 1678

27-02-2025T17:40:58 - [MESSAGE][PASSED] - Current viewport's top (y) position is 1678

27-02-2025T17:40:58 - [TEST_STEP][PASSED] - println("Viewport top is " + top): null

27-02-2025T17:40:58 - [TEST_STEP][PASSED] - bottom = top + 600: null

27-02-2025T17:40:58 - [TEST_STEP][PASSED] - if (y - top < 150 || bottom - y < 10): Delayed 1 second(s)

27-02-2025T17:40:58 - [TEST_STEP][PASSED] - scrollToPosition(0, y - 150): Browser is scrolled to position x = 0, y = 1647

27-02-2025T17:40:58 - [MESSAGE][PASSED] - Browser is scrolled to position x = 0, y = 1647

27-02-2025T17:40:58 - [TEST_STEP][PASSED] - delay(1): Delayed 1 second(s)

27-02-2025T17:40:59 - [MESSAGE][PASSED] - Delayed 1 second(s)

27-02-2025T17:40:59 - [TEST_STEP][PASSED] - elem.click(): null

27-02-2025T17:40:59 - [TEST_STEP][PASSED] - myValue = element.getAttribute("value"): null

27-02-2025T17:40:59 - [TEST_STEP][PASSED] - if (debug): null

27-02-2025T17:40:59 - [TEST_STEP][PASSED] - if (myValue.length() >= 4): null

27-02-2025T17:40:59 - [TEST_STEP][PASSED] - if (myValue.substring(0, 4) == "(!) "): null

27-02-2025T17:40:59 - [TEST_STEP][PASSED] - myType = element.getAttribute("type"): null

27-02-2025T17:40:59 - [TEST_STEP][PASSED] - if (myValue in varParms[i]): null

27-02-2025T17:40:59 - [TEST_STEP][PASSED] - else: null

27-02-2025T17:40:59 - [TEST_STEP][PASSED] - inList = false: null

27-02-2025T17:40:59 - [TEST_STEP][PASSED] - if (myType == "checkbox"): null

27-02-2025T17:40:59 - [TEST_STEP][PASSED] - myStatus = element.isSelected(): null

27-02-2025T17:40:59 - [TEST_STEP][PASSED] - if (debug): null

27-02-2025T17:40:59 - [TEST_STEP][PASSED] - if (toggle && myStatus && inList): null

27-02-2025T17:40:59 - [TEST_STEP][PASSED] - if (!(myStatus) && inList || myStatus && !(inList)): null

27-02-2025T17:40:59 - [TEST_STEP][PASSED] - myValue = element.getAttribute("value"): null

27-02-2025T17:40:59 - [TEST_STEP][PASSED] - if (debug): null

27-02-2025T17:40:59 - [TEST_STEP][PASSED] - if (myValue.length() >= 4): null

27-02-2025T17:40:59 - [TEST_STEP][PASSED] - if (myValue.substring(0, 4) == "(!) "): null

27-02-2025T17:40:59 - [TEST_STEP][PASSED] - myType = element.getAttribute("type"): null

27-02-2025T17:40:59 - [TEST_STEP][PASSED] - if (myValue in varParms[i]): null

27-02-2025T17:40:59 - [TEST_STEP][PASSED] - else: null

27-02-2025T17:40:59 - [TEST_STEP][PASSED] - inList = false: null

27-02-2025T17:40:59 - [TEST_STEP][PASSED] - if (myType == "checkbox"): null

27-02-2025T17:40:59 - [TEST_STEP][PASSED] - myStatus = element.isSelected(): null

27-02-2025T17:40:59 - [TEST_STEP][PASSED] - if (debug): null

27-02-2025T17:40:59 - [TEST_STEP][PASSED] - if (toggle && myStatus && inList): null

27-02-2025T17:40:59 - [TEST_STEP][PASSED] - if (!(myStatus) && inList || myStatus && !(inList)): null

27-02-2025T17:40:59 - [TEST_STEP][PASSED] - myValue = element.getAttribute("value"): null

27-02-2025T17:40:59 - [TEST_STEP][PASSED] - if (debug): null

27-02-2025T17:40:59 - [TEST_STEP][PASSED] - if (myValue.length() >= 4): null

27-02-2025T17:40:59 - [TEST_STEP][PASSED] - if (myValue.substring(0, 4) == "(!) "): null

27-02-2025T17:40:59 - [TEST_STEP][PASSED] - myType = element.getAttribute("type"): null

27-02-2025T17:40:59 - [TEST_STEP][PASSED] - if (myValue in varParms[i]): null

27-02-2025T17:40:59 - [TEST_STEP][PASSED] - else: null

27-02-2025T17:40:59 - [TEST_STEP][PASSED] - inList = false: null

27-02-2025T17:40:59 - [TEST_STEP][PASSED] - if (myType == "checkbox"): null

27-02-2025T17:40:59 - [TEST_STEP][PASSED] - myStatus = element.isSelected(): null

27-02-2025T17:40:59 - [TEST_STEP][PASSED] - if (debug): null

27-02-2025T17:40:59 - [TEST_STEP][PASSED] - if (toggle && myStatus && inList): null

27-02-2025T17:40:59 - [TEST_STEP][PASSED] - if (!(myStatus) && inList || myStatus && !(inList)): null

27-02-2025T17:40:59 - [TEST_STEP][PASSED] - myValue = element.getAttribute("value"): null

27-02-2025T17:40:59 - [TEST_STEP][PASSED] - if (debug): null

27-02-2025T17:40:59 - [TEST_STEP][PASSED] - if (myValue.length() >= 4): null

27-02-2025T17:40:59 - [TEST_STEP][PASSED] - if (myValue.substring(0, 4) == "(!) "): null

27-02-2025T17:40:59 - [TEST_STEP][PASSED] - myType = element.getAttribute("type"): null

27-02-2025T17:40:59 - [TEST_STEP][PASSED] - if (myValue in varParms[i]): null

27-02-2025T17:40:59 - [TEST_STEP][PASSED] - else: null

27-02-2025T17:40:59 - [TEST_STEP][PASSED] - inList = false: null

27-02-2025T17:40:59 - [TEST_STEP][PASSED] - if (myType == "checkbox"): null

27-02-2025T17:40:59 - [TEST_STEP][PASSED] - myStatus = element.isSelected(): null

27-02-2025T17:40:59 - [TEST_STEP][PASSED] - if (debug): null

27-02-2025T17:40:59 - [TEST_STEP][PASSED] - if (toggle && myStatus && inList): null

27-02-2025T17:40:59 - [TEST_STEP][PASSED] - if (!(myStatus) && inList || myStatus && !(inList)): null

27-02-2025T17:40:59 - [TEST_STEP][PASSED] - myValue = element.getAttribute("value"): null

27-02-2025T17:40:59 - [TEST_STEP][PASSED] - if (debug): null

27-02-2025T17:40:59 - [TEST_STEP][PASSED] - if (myValue.length() >= 4): null

27-02-2025T17:40:59 - [TEST_STEP][PASSED] - if (myValue.substring(0, 4) == "(!) "): null

27-02-2025T17:40:59 - [TEST_STEP][PASSED] - myType = element.getAttribute("type"): null

27-02-2025T17:40:59 - [TEST_STEP][PASSED] - if (myValue in varParms[i]): null

27-02-2025T17:40:59 - [TEST_STEP][PASSED] - else: null

27-02-2025T17:40:59 - [TEST_STEP][PASSED] - inList = false: null

27-02-2025T17:40:59 - [TEST_STEP][PASSED] - if (myType == "checkbox"): null

27-02-2025T17:40:59 - [TEST_STEP][PASSED] - myStatus = element.isSelected(): null

27-02-2025T17:40:59 - [TEST_STEP][PASSED] - if (debug): null

27-02-2025T17:40:59 - [TEST_STEP][PASSED] - if (toggle && myStatus && inList): null

27-02-2025T17:40:59 - [TEST_STEP][PASSED] - if (!(myStatus) && inList || myStatus && !(inList)): null

27-02-2025T17:40:59 - [TEST_STEP][PASSED] - myValue = element.getAttribute("value"): null

27-02-2025T17:40:59 - [TEST_STEP][PASSED] - if (debug): null

27-02-2025T17:40:59 - [TEST_STEP][PASSED] - if (myValue.length() >= 4): null

27-02-2025T17:40:59 - [TEST_STEP][PASSED] - if (myValue.substring(0, 4) == "(!) "): null

27-02-2025T17:40:59 - [TEST_STEP][PASSED] - myType = element.getAttribute("type"): null

27-02-2025T17:40:59 - [TEST_STEP][PASSED] - if (myValue in varParms[i]): null

27-02-2025T17:40:59 - [TEST_STEP][PASSED] - else: null

27-02-2025T17:40:59 - [TEST_STEP][PASSED] - inList = false: null

27-02-2025T17:40:59 - [TEST_STEP][PASSED] - if (myType == "checkbox"): null

27-02-2025T17:40:59 - [TEST_STEP][PASSED] - myStatus = element.isSelected(): null

27-02-2025T17:40:59 - [TEST_STEP][PASSED] - if (debug): null

27-02-2025T17:40:59 - [TEST_STEP][PASSED] - if (toggle && myStatus && inList): null

27-02-2025T17:40:59 - [TEST_STEP][PASSED] - if (!(myStatus) && inList || myStatus && !(inList)): null

27-02-2025T17:40:59 - [TEST_STEP][PASSED] - myValue = element.getAttribute("value"): null

27-02-2025T17:40:59 - [TEST_STEP][PASSED] - if (debug): null

27-02-2025T17:40:59 - [TEST_STEP][PASSED] - if (myValue.length() >= 4): null

27-02-2025T17:40:59 - [TEST_STEP][PASSED] - if (myValue.substring(0, 4) == "(!) "): null

27-02-2025T17:40:59 - [TEST_STEP][PASSED] - myType = element.getAttribute("type"): null

27-02-2025T17:40:59 - [TEST_STEP][PASSED] - if (myValue in varParms[i]): null

27-02-2025T17:40:59 - [TEST_STEP][PASSED] - else: null

27-02-2025T17:40:59 - [TEST_STEP][PASSED] - inList = false: null

27-02-2025T17:40:59 - [TEST_STEP][PASSED] - if (myType == "checkbox"): null

27-02-2025T17:40:59 - [TEST_STEP][PASSED] - myStatus = element.isSelected(): null

27-02-2025T17:40:59 - [TEST_STEP][PASSED] - if (debug): null

27-02-2025T17:40:59 - [TEST_STEP][PASSED] - if (toggle && myStatus && inList): null

27-02-2025T17:40:59 - [TEST_STEP][PASSED] - if (!(myStatus) && inList || myStatus && !(inList)): null

27-02-2025T17:40:59 - [TEST_STEP][PASSED] - myValue = element.getAttribute("value"): null

27-02-2025T17:40:59 - [TEST_STEP][PASSED] - if (debug): null

27-02-2025T17:40:59 - [TEST_STEP][PASSED] - if (myValue.length() >= 4): null

27-02-2025T17:40:59 - [TEST_STEP][PASSED] - if (myValue.substring(0, 4) == "(!) "): null

27-02-2025T17:40:59 - [TEST_STEP][PASSED] - myType = element.getAttribute("type"): null

27-02-2025T17:40:59 - [TEST_STEP][PASSED] - if (myValue in varParms[i]): null

27-02-2025T17:40:59 - [TEST_STEP][PASSED] - else: null

27-02-2025T17:40:59 - [TEST_STEP][PASSED] - inList = false: null

27-02-2025T17:40:59 - [TEST_STEP][PASSED] - if (myType == "checkbox"): null

27-02-2025T17:40:59 - [TEST_STEP][PASSED] - myStatus = element.isSelected(): null

27-02-2025T17:40:59 - [TEST_STEP][PASSED] - if (debug): null

27-02-2025T17:40:59 - [TEST_STEP][PASSED] - if (toggle && myStatus && inList): null

27-02-2025T17:40:59 - [TEST_STEP][PASSED] - if (!(myStatus) && inList || myStatus && !(inList)): null

27-02-2025T17:40:59 - [TEST_STEP][PASSED] - myValue = element.getAttribute("value"): null

27-02-2025T17:40:59 - [TEST_STEP][PASSED] - if (debug): null

27-02-2025T17:40:59 - [TEST_STEP][PASSED] - if (myValue.length() >= 4): null

27-02-2025T17:40:59 - [TEST_STEP][PASSED] - if (myValue.substring(0, 4) == "(!) "): null

27-02-2025T17:40:59 - [TEST_STEP][PASSED] - myType = element.getAttribute("type"): null

27-02-2025T17:40:59 - [TEST_STEP][PASSED] - if (myValue in varParms[i]): null

27-02-2025T17:40:59 - [TEST_STEP][PASSED] - else: null

27-02-2025T17:40:59 - [TEST_STEP][PASSED] - inList = false: null

27-02-2025T17:40:59 - [TEST_STEP][PASSED] - if (myType == "checkbox"): null

27-02-2025T17:40:59 - [TEST_STEP][PASSED] - myStatus = element.isSelected(): null

27-02-2025T17:40:59 - [TEST_STEP][PASSED] - if (debug): null

27-02-2025T17:40:59 - [TEST_STEP][PASSED] - if (toggle && myStatus && inList): null

27-02-2025T17:40:59 - [TEST_STEP][PASSED] - if (!(myStatus) && inList || myStatus && !(inList)): null

27-02-2025T17:40:59 - [TEST_STEP][PASSED] - myValue = element.getAttribute("value"): null

27-02-2025T17:40:59 - [TEST_STEP][PASSED] - if (debug): null

27-02-2025T17:40:59 - [TEST_STEP][PASSED] - if (myValue.length() >= 4): null

27-02-2025T17:40:59 - [TEST_STEP][PASSED] - if (myValue.substring(0, 4) == "(!) "): null

27-02-2025T17:40:59 - [TEST_STEP][PASSED] - myType = element.getAttribute("type"): null

27-02-2025T17:40:59 - [TEST_STEP][PASSED] - if (myValue in varParms[i]): null

27-02-2025T17:40:59 - [TEST_STEP][PASSED] - else: null

27-02-2025T17:40:59 - [TEST_STEP][PASSED] - inList = false: null

27-02-2025T17:40:59 - [TEST_STEP][PASSED] - if (myType == "checkbox"): null

27-02-2025T17:40:59 - [TEST_STEP][PASSED] - myStatus = element.isSelected(): null

27-02-2025T17:40:59 - [TEST_STEP][PASSED] - if (debug): null

27-02-2025T17:40:59 - [TEST_STEP][PASSED] - if (toggle && myStatus && inList): null

27-02-2025T17:40:59 - [TEST_STEP][PASSED] - if (!(myStatus) && inList || myStatus && !(inList)): null

27-02-2025T17:40:59 - [TEST_STEP][PASSED] - myValue = element.getAttribute("value"): null

27-02-2025T17:40:59 - [TEST_STEP][PASSED] - if (debug): null

27-02-2025T17:40:59 - [TEST_STEP][PASSED] - if (myValue.length() >= 4): null

27-02-2025T17:40:59 - [TEST_STEP][PASSED] - if (myValue.substring(0, 4) == "(!) "): null

27-02-2025T17:40:59 - [TEST_STEP][PASSED] - myType = element.getAttribute("type"): null

27-02-2025T17:40:59 - [TEST_STEP][PASSED] - if (myValue in varParms[i]): null

27-02-2025T17:40:59 - [TEST_STEP][PASSED] - else: null

27-02-2025T17:40:59 - [TEST_STEP][PASSED] - inList = false: null

27-02-2025T17:40:59 - [TEST_STEP][PASSED] - if (myType == "checkbox"): null

27-02-2025T17:40:59 - [TEST_STEP][PASSED] - myStatus = element.isSelected(): null

27-02-2025T17:40:59 - [TEST_STEP][PASSED] - if (debug): null

27-02-2025T17:40:59 - [TEST_STEP][PASSED] - if (toggle && myStatus && inList): null

27-02-2025T17:40:59 - [TEST_STEP][PASSED] - if (!(myStatus) && inList || myStatus && !(inList)): null

27-02-2025T17:40:59 - [TEST_STEP][PASSED] - myValue = element.getAttribute("value"): null

27-02-2025T17:40:59 - [TEST_STEP][PASSED] - if (debug): null

27-02-2025T17:40:59 - [TEST_STEP][PASSED] - if (myValue.length() >= 4): null

27-02-2025T17:40:59 - [TEST_STEP][PASSED] - if (myValue.substring(0, 4) == "(!) "): null

27-02-2025T17:40:59 - [TEST_STEP][PASSED] - myType = element.getAttribute("type"): null

27-02-2025T17:40:59 - [TEST_STEP][PASSED] - if (myValue in varParms[i]): null

27-02-2025T17:40:59 - [TEST_STEP][PASSED] - else: null

27-02-2025T17:40:59 - [TEST_STEP][PASSED] - inList = false: null

27-02-2025T17:40:59 - [TEST_STEP][PASSED] - if (myType == "checkbox"): null

27-02-2025T17:40:59 - [TEST_STEP][PASSED] - myStatus = element.isSelected(): null

27-02-2025T17:40:59 - [TEST_STEP][PASSED] - if (debug): null

27-02-2025T17:40:59 - [TEST_STEP][PASSED] - if (toggle && myStatus && inList): null

27-02-2025T17:40:59 - [TEST_STEP][PASSED] - if (!(myStatus) && inList || myStatus && !(inList)): null

27-02-2025T17:40:59 - [TEST_STEP][PASSED] - myValue = element.getAttribute("value"): null

27-02-2025T17:40:59 - [TEST_STEP][PASSED] - if (debug): null

27-02-2025T17:40:59 - [TEST_STEP][PASSED] - if (myValue.length() >= 4): null

27-02-2025T17:40:59 - [TEST_STEP][PASSED] - if (myValue.substring(0, 4) == "(!) "): null

27-02-2025T17:40:59 - [TEST_STEP][PASSED] - myType = element.getAttribute("type"): null

27-02-2025T17:40:59 - [TEST_STEP][PASSED] - if (myValue in varParms[i]): null

27-02-2025T17:40:59 - [TEST_STEP][PASSED] - else: null

27-02-2025T17:40:59 - [TEST_STEP][PASSED] - inList = false: null

27-02-2025T17:40:59 - [TEST_STEP][PASSED] - if (myType == "checkbox"): null

27-02-2025T17:40:59 - [TEST_STEP][PASSED] - myStatus = element.isSelected(): null

27-02-2025T17:40:59 - [TEST_STEP][PASSED] - if (debug): null

27-02-2025T17:40:59 - [TEST_STEP][PASSED] - if (toggle && myStatus && inList): null

27-02-2025T17:40:59 - [TEST_STEP][PASSED] - if (!(myStatus) && inList || myStatus && !(inList)): null

27-02-2025T17:40:59 - [TEST_STEP][PASSED] - myValue = element.getAttribute("value"): null

27-02-2025T17:40:59 - [TEST_STEP][PASSED] - if (debug): null

27-02-2025T17:40:59 - [TEST_STEP][PASSED] - if (myValue.length() >= 4): null

27-02-2025T17:40:59 - [TEST_STEP][PASSED] - if (myValue.substring(0, 4) == "(!) "): null

27-02-2025T17:40:59 - [TEST_STEP][PASSED] - myType = element.getAttribute("type"): null

27-02-2025T17:40:59 - [TEST_STEP][PASSED] - if (myValue in varParms[i]): null

27-02-2025T17:40:59 - [TEST_STEP][PASSED] - else: null

27-02-2025T17:40:59 - [TEST_STEP][PASSED] - inList = false: null

27-02-2025T17:40:59 - [TEST_STEP][PASSED] - if (myType == "checkbox"): null

27-02-2025T17:40:59 - [TEST_STEP][PASSED] - myStatus = element.isSelected(): null

27-02-2025T17:40:59 - [TEST_STEP][PASSED] - if (debug): null

27-02-2025T17:40:59 - [TEST_STEP][PASSED] - if (toggle && myStatus && inList): null

27-02-2025T17:40:59 - [TEST_STEP][PASSED] - if (!(myStatus) && inList || myStatus && !(inList)): null

27-02-2025T17:40:59 - [TEST_STEP][PASSED] - myValue = element.getAttribute("value"): null

27-02-2025T17:40:59 - [TEST_STEP][PASSED] - if (debug): null

27-02-2025T17:40:59 - [TEST_STEP][PASSED] - if (myValue.length() >= 4): null

27-02-2025T17:40:59 - [TEST_STEP][PASSED] - if (myValue.substring(0, 4) == "(!) "): null

27-02-2025T17:40:59 - [TEST_STEP][PASSED] - myType = element.getAttribute("type"): null

27-02-2025T17:40:59 - [TEST_STEP][PASSED] - if (myValue in varParms[i]): null

27-02-2025T17:40:59 - [TEST_STEP][PASSED] - else: null

27-02-2025T17:40:59 - [TEST_STEP][PASSED] - inList = false: null

27-02-2025T17:40:59 - [TEST_STEP][PASSED] - if (myType == "checkbox"): null

27-02-2025T17:40:59 - [TEST_STEP][PASSED] - myStatus = element.isSelected(): null

27-02-2025T17:40:59 - [TEST_STEP][PASSED] - if (debug): null

27-02-2025T17:40:59 - [TEST_STEP][PASSED] - if (toggle && myStatus && inList): null

27-02-2025T17:40:59 - [TEST_STEP][PASSED] - if (!(myStatus) && inList || myStatus && !(inList)): null

27-02-2025T17:40:59 - [TEST_STEP][PASSED] - myValue = element.getAttribute("value"): null

27-02-2025T17:40:59 - [TEST_STEP][PASSED] - if (debug): null

27-02-2025T17:40:59 - [TEST_STEP][PASSED] - if (myValue.length() >= 4): null

27-02-2025T17:40:59 - [TEST_STEP][PASSED] - if (myValue.substring(0, 4) == "(!) "): null

27-02-2025T17:40:59 - [TEST_STEP][PASSED] - myType = element.getAttribute("type"): null

27-02-2025T17:40:59 - [TEST_STEP][PASSED] - if (myValue in varParms[i]): null

27-02-2025T17:40:59 - [TEST_STEP][PASSED] - else: null

27-02-2025T17:40:59 - [TEST_STEP][PASSED] - inList = false: null

27-02-2025T17:40:59 - [TEST_STEP][PASSED] - if (myType == "checkbox"): null

27-02-2025T17:40:59 - [TEST_STEP][PASSED] - myStatus = element.isSelected(): null

27-02-2025T17:40:59 - [TEST_STEP][PASSED] - if (debug): null

27-02-2025T17:40:59 - [TEST_STEP][PASSED] - if (toggle && myStatus && inList): null

27-02-2025T17:40:59 - [TEST_STEP][PASSED] - if (!(myStatus) && inList || myStatus && !(inList)): null

27-02-2025T17:40:59 - [TEST_STEP][PASSED] - myValue = element.getAttribute("value"): null

27-02-2025T17:40:59 - [TEST_STEP][PASSED] - if (debug): null

27-02-2025T17:40:59 - [TEST_STEP][PASSED] - if (myValue.length() >= 4): null

27-02-2025T17:40:59 - [TEST_STEP][PASSED] - if (myValue.substring(0, 4) == "(!) "): null

27-02-2025T17:40:59 - [TEST_STEP][PASSED] - myType = element.getAttribute("type"): null

27-02-2025T17:40:59 - [TEST_STEP][PASSED] - if (myValue in varParms[i]): null

27-02-2025T17:40:59 - [TEST_STEP][PASSED] - else: null

27-02-2025T17:40:59 - [TEST_STEP][PASSED] - inList = false: null

27-02-2025T17:40:59 - [TEST_STEP][PASSED] - if (myType == "checkbox"): null

27-02-2025T17:40:59 - [TEST_STEP][PASSED] - myStatus = element.isSelected(): null

27-02-2025T17:40:59 - [TEST_STEP][PASSED] - if (debug): null

27-02-2025T17:40:59 - [TEST_STEP][PASSED] - if (toggle && myStatus && inList): null

27-02-2025T17:40:59 - [TEST_STEP][PASSED] - if (!(myStatus) && inList || myStatus && !(inList)): null

27-02-2025T17:40:59 - [TEST_STEP][PASSED] - myValue = element.getAttribute("value"): null

27-02-2025T17:40:59 - [TEST_STEP][PASSED] - if (debug): null

27-02-2025T17:40:59 - [TEST_STEP][PASSED] - if (myValue.length() >= 4): null

27-02-2025T17:40:59 - [TEST_STEP][PASSED] - if (myValue.substring(0, 4) == "(!) "): null

27-02-2025T17:40:59 - [TEST_STEP][PASSED] - myType = element.getAttribute("type"): null

27-02-2025T17:40:59 - [TEST_STEP][PASSED] - if (myValue in varParms[i]): null

27-02-2025T17:40:59 - [TEST_STEP][PASSED] - else: null

27-02-2025T17:40:59 - [TEST_STEP][PASSED] - inList = false: null

27-02-2025T17:40:59 - [TEST_STEP][PASSED] - if (myType == "checkbox"): null

27-02-2025T17:40:59 - [TEST_STEP][PASSED] - myStatus = element.isSelected(): null

27-02-2025T17:40:59 - [TEST_STEP][PASSED] - if (debug): null

27-02-2025T17:40:59 - [TEST_STEP][PASSED] - if (toggle && myStatus && inList): null

27-02-2025T17:40:59 - [TEST_STEP][PASSED] - if (!(myStatus) && inList || myStatus && !(inList)): null

27-02-2025T17:40:59 - [TEST_STEP][PASSED] - myValue = element.getAttribute("value"): null

27-02-2025T17:40:59 - [TEST_STEP][PASSED] - if (debug): null

27-02-2025T17:40:59 - [TEST_STEP][PASSED] - if (myValue.length() >= 4): null

27-02-2025T17:40:59 - [TEST_STEP][PASSED] - if (myValue.substring(0, 4) == "(!) "): null

27-02-2025T17:40:59 - [TEST_STEP][PASSED] - myType = element.getAttribute("type"): null

27-02-2025T17:40:59 - [TEST_STEP][PASSED] - if (myValue in varParms[i]): null

27-02-2025T17:40:59 - [TEST_STEP][PASSED] - else: null

27-02-2025T17:40:59 - [TEST_STEP][PASSED] - inList = false: null

27-02-2025T17:40:59 - [TEST_STEP][PASSED] - if (myType == "checkbox"): null

27-02-2025T17:40:59 - [TEST_STEP][PASSED] - myStatus = element.isSelected(): null

27-02-2025T17:40:59 - [TEST_STEP][PASSED] - if (debug): null

27-02-2025T17:40:59 - [TEST_STEP][PASSED] - if (toggle && myStatus && inList): null

27-02-2025T17:40:59 - [TEST_STEP][PASSED] - if (!(myStatus) && inList || myStatus && !(inList)): null

27-02-2025T17:40:59 - [TEST_STEP][PASSED] - myValue = element.getAttribute("value"): null

27-02-2025T17:40:59 - [TEST_STEP][PASSED] - if (debug): null

27-02-2025T17:40:59 - [TEST_STEP][PASSED] - if (myValue.length() >= 4): null

27-02-2025T17:40:59 - [TEST_STEP][PASSED] - if (myValue.substring(0, 4) == "(!) "): null

27-02-2025T17:40:59 - [TEST_STEP][PASSED] - myType = element.getAttribute("type"): null

27-02-2025T17:40:59 - [TEST_STEP][PASSED] - if (myValue in varParms[i]): null

27-02-2025T17:40:59 - [TEST_STEP][PASSED] - else: null

27-02-2025T17:40:59 - [TEST_STEP][PASSED] - inList = false: null

27-02-2025T17:40:59 - [TEST_STEP][PASSED] - if (myType == "checkbox"): null

27-02-2025T17:40:59 - [TEST_STEP][PASSED] - myStatus = element.isSelected(): null

27-02-2025T17:40:59 - [TEST_STEP][PASSED] - if (debug): null

27-02-2025T17:40:59 - [TEST_STEP][PASSED] - if (toggle && myStatus && inList): null

27-02-2025T17:40:59 - [TEST_STEP][PASSED] - if (!(myStatus) && inList || myStatus && !(inList)): null

27-02-2025T17:40:59 - [TEST_STEP][PASSED] - myValue = element.getAttribute("value"): null

27-02-2025T17:40:59 - [TEST_STEP][PASSED] - if (debug): null

27-02-2025T17:40:59 - [TEST_STEP][PASSED] - if (myValue.length() >= 4): null

27-02-2025T17:40:59 - [TEST_STEP][PASSED] - if (myValue.substring(0, 4) == "(!) "): null

27-02-2025T17:40:59 - [TEST_STEP][PASSED] - myType = element.getAttribute("type"): null

27-02-2025T17:40:59 - [TEST_STEP][PASSED] - if (myValue in varParms[i]): null

27-02-2025T17:40:59 - [TEST_STEP][PASSED] - else: null

27-02-2025T17:40:59 - [TEST_STEP][PASSED] - inList = false: null

27-02-2025T17:40:59 - [TEST_STEP][PASSED] - if (myType == "checkbox"): null

27-02-2025T17:40:59 - [TEST_STEP][PASSED] - myStatus = element.isSelected(): null

27-02-2025T17:40:59 - [TEST_STEP][PASSED] - if (debug): null

27-02-2025T17:40:59 - [TEST_STEP][PASSED] - if (toggle && myStatus && inList): null

27-02-2025T17:40:59 - [TEST_STEP][PASSED] - if (!(myStatus) && inList || myStatus && !(inList)): null

27-02-2025T17:40:59 - [TEST_STEP][PASSED] - myValue = element.getAttribute("value"): null

27-02-2025T17:40:59 - [TEST_STEP][PASSED] - if (debug): null

27-02-2025T17:40:59 - [TEST_STEP][PASSED] - if (myValue.length() >= 4): null

27-02-2025T17:40:59 - [TEST_STEP][PASSED] - if (myValue.substring(0, 4) == "(!) "): null

27-02-2025T17:40:59 - [TEST_STEP][PASSED] - myType = element.getAttribute("type"): null

27-02-2025T17:40:59 - [TEST_STEP][PASSED] - if (myValue in varParms[i]): null

27-02-2025T17:40:59 - [TEST_STEP][PASSED] - else: null

27-02-2025T17:40:59 - [TEST_STEP][PASSED] - inList = false: null

27-02-2025T17:40:59 - [TEST_STEP][PASSED] - if (myType == "checkbox"): null

27-02-2025T17:40:59 - [TEST_STEP][PASSED] - myStatus = element.isSelected(): null

27-02-2025T17:40:59 - [TEST_STEP][PASSED] - if (debug): null

27-02-2025T17:40:59 - [TEST_STEP][PASSED] - if (toggle && myStatus && inList): null

27-02-2025T17:40:59 - [TEST_STEP][PASSED] - if (!(myStatus) && inList || myStatus && !(inList)): null

27-02-2025T17:40:59 - [TEST_STEP][PASSED] - myValue = element.getAttribute("value"): null

27-02-2025T17:40:59 - [TEST_STEP][PASSED] - if (debug): null

27-02-2025T17:40:59 - [TEST_STEP][PASSED] - if (myValue.length() >= 4): null

27-02-2025T17:40:59 - [TEST_STEP][PASSED] - if (myValue.substring(0, 4) == "(!) "): null

27-02-2025T17:40:59 - [TEST_STEP][PASSED] - myType = element.getAttribute("type"): null

27-02-2025T17:40:59 - [TEST_STEP][PASSED] - if (myValue in varParms[i]): null

27-02-2025T17:40:59 - [TEST_STEP][PASSED] - else: null

27-02-2025T17:40:59 - [TEST_STEP][PASSED] - inList = false: null

27-02-2025T17:40:59 - [TEST_STEP][PASSED] - if (myType == "checkbox"): null

27-02-2025T17:40:59 - [TEST_STEP][PASSED] - myStatus = element.isSelected(): null

27-02-2025T17:40:59 - [TEST_STEP][PASSED] - if (debug): null

27-02-2025T17:40:59 - [TEST_STEP][PASSED] - if (toggle && myStatus && inList): null

27-02-2025T17:40:59 - [TEST_STEP][PASSED] - if (!(myStatus) && inList || myStatus && !(inList)): null

27-02-2025T17:40:59 - [TEST_STEP][PASSED] - myValue = element.getAttribute("value"): null

27-02-2025T17:40:59 - [TEST_STEP][PASSED] - if (debug): null

27-02-2025T17:40:59 - [TEST_STEP][PASSED] - if (myValue.length() >= 4): null

27-02-2025T17:40:59 - [TEST_STEP][PASSED] - if (myValue.substring(0, 4) == "(!) "): null

27-02-2025T17:40:59 - [TEST_STEP][PASSED] - myType = element.getAttribute("type"): null

27-02-2025T17:40:59 - [TEST_STEP][PASSED] - if (myValue in varParms[i]): null

27-02-2025T17:40:59 - [TEST_STEP][PASSED] - else: null

27-02-2025T17:40:59 - [TEST_STEP][PASSED] - inList = false: null

27-02-2025T17:40:59 - [TEST_STEP][PASSED] - if (myType == "checkbox"): null

27-02-2025T17:40:59 - [TEST_STEP][PASSED] - myStatus = element.isSelected(): null

27-02-2025T17:40:59 - [TEST_STEP][PASSED] - if (debug): null

27-02-2025T17:40:59 - [TEST_STEP][PASSED] - if (toggle && myStatus && inList): null

27-02-2025T17:40:59 - [TEST_STEP][PASSED] - if (!(myStatus) && inList || myStatus && !(inList)): null

27-02-2025T17:40:59 - [TEST_STEP][PASSED] - myValue = element.getAttribute("value"): null

27-02-2025T17:40:59 - [TEST_STEP][PASSED] - if (debug): null

27-02-2025T17:40:59 - [TEST_STEP][PASSED] - if (myValue.length() >= 4): null

27-02-2025T17:40:59 - [TEST_STEP][PASSED] - if (myValue.substring(0, 4) == "(!) "): null

27-02-2025T17:40:59 - [TEST_STEP][PASSED] - myType = element.getAttribute("type"): null

27-02-2025T17:40:59 - [TEST_STEP][PASSED] - if (myValue in varParms[i]): null

27-02-2025T17:40:59 - [TEST_STEP][PASSED] - else: null

27-02-2025T17:40:59 - [TEST_STEP][PASSED] - inList = false: null

27-02-2025T17:40:59 - [TEST_STEP][PASSED] - if (myType == "checkbox"): null

27-02-2025T17:40:59 - [TEST_STEP][PASSED] - myStatus = element.isSelected(): null

27-02-2025T17:40:59 - [TEST_STEP][PASSED] - if (debug): null

27-02-2025T17:40:59 - [TEST_STEP][PASSED] - if (toggle && myStatus && inList): null

27-02-2025T17:40:59 - [TEST_STEP][PASSED] - if (!(myStatus) && inList || myStatus && !(inList)): null

27-02-2025T17:40:59 - [TEST_STEP][PASSED] - myValue = element.getAttribute("value"): null

27-02-2025T17:40:59 - [TEST_STEP][PASSED] - if (debug): null

27-02-2025T17:40:59 - [TEST_STEP][PASSED] - if (myValue.length() >= 4): null

27-02-2025T17:40:59 - [TEST_STEP][PASSED] - if (myValue.substring(0, 4) == "(!) "): null

27-02-2025T17:40:59 - [TEST_STEP][PASSED] - myType = element.getAttribute("type"): null

27-02-2025T17:40:59 - [TEST_STEP][PASSED] - if (myValue in varParms[i]): null

27-02-2025T17:40:59 - [TEST_STEP][PASSED] - else: null

27-02-2025T17:40:59 - [TEST_STEP][PASSED] - inList = false: null

27-02-2025T17:40:59 - [TEST_STEP][PASSED] - if (myType == "checkbox"): null

27-02-2025T17:40:59 - [TEST_STEP][PASSED] - myStatus = element.isSelected(): null

27-02-2025T17:40:59 - [TEST_STEP][PASSED] - if (debug): null

27-02-2025T17:40:59 - [TEST_STEP][PASSED] - if (toggle && myStatus && inList): null

27-02-2025T17:40:59 - [TEST_STEP][PASSED] - if (!(myStatus) && inList || myStatus && !(inList)): null

27-02-2025T17:40:59 - [TEST_STEP][PASSED] - myValue = element.getAttribute("value"): null

27-02-2025T17:40:59 - [TEST_STEP][PASSED] - if (debug): null

27-02-2025T17:40:59 - [TEST_STEP][PASSED] - if (myValue.length() >= 4): null

27-02-2025T17:40:59 - [TEST_STEP][PASSED] - if (myValue.substring(0, 4) == "(!) "): null

27-02-2025T17:40:59 - [TEST_STEP][PASSED] - myType = element.getAttribute("type"): null

27-02-2025T17:40:59 - [TEST_STEP][PASSED] - if (myValue in varParms[i]): null

27-02-2025T17:40:59 - [TEST_STEP][PASSED] - else: null

27-02-2025T17:40:59 - [TEST_STEP][PASSED] - inList = false: null

27-02-2025T17:40:59 - [TEST_STEP][PASSED] - if (myType == "checkbox"): null

27-02-2025T17:40:59 - [TEST_STEP][PASSED] - myStatus = element.isSelected(): null

27-02-2025T17:40:59 - [TEST_STEP][PASSED] - if (debug): null

27-02-2025T17:40:59 - [TEST_STEP][PASSED] - if (toggle && myStatus && inList): null

27-02-2025T17:40:59 - [TEST_STEP][PASSED] - if (!(myStatus) && inList || myStatus && !(inList)): null

27-02-2025T17:40:59 - [TEST_STEP][PASSED] - myValue = element.getAttribute("value"): null

27-02-2025T17:40:59 - [TEST_STEP][PASSED] - if (debug): null

27-02-2025T17:40:59 - [TEST_STEP][PASSED] - if (myValue.length() >= 4): null

27-02-2025T17:40:59 - [TEST_STEP][PASSED] - if (myValue.substring(0, 4) == "(!) "): null

27-02-2025T17:40:59 - [TEST_STEP][PASSED] - myType = element.getAttribute("type"): null

27-02-2025T17:40:59 - [TEST_STEP][PASSED] - if (myValue in varParms[i]): null

27-02-2025T17:40:59 - [TEST_STEP][PASSED] - else: null

27-02-2025T17:40:59 - [TEST_STEP][PASSED] - inList = false: null

27-02-2025T17:40:59 - [TEST_STEP][PASSED] - if (myType == "checkbox"): null

27-02-2025T17:40:59 - [TEST_STEP][PASSED] - myStatus = element.isSelected(): null

27-02-2025T17:40:59 - [TEST_STEP][PASSED] - if (debug): null

27-02-2025T17:40:59 - [TEST_STEP][PASSED] - if (toggle && myStatus && inList): null

27-02-2025T17:40:59 - [TEST_STEP][PASSED] - if (!(myStatus) && inList || myStatus && !(inList)): null

27-02-2025T17:40:59 - [TEST_STEP][PASSED] - myValue = element.getAttribute("value"): null

27-02-2025T17:40:59 - [TEST_STEP][PASSED] - if (debug): null

27-02-2025T17:40:59 - [TEST_STEP][PASSED] - if (myValue.length() >= 4): null

27-02-2025T17:40:59 - [TEST_STEP][PASSED] - if (myValue.substring(0, 4) == "(!) "): null

27-02-2025T17:40:59 - [TEST_STEP][PASSED] - myType = element.getAttribute("type"): null

27-02-2025T17:40:59 - [TEST_STEP][PASSED] - if (myValue in varParms[i]): null

27-02-2025T17:40:59 - [TEST_STEP][PASSED] - else: null

27-02-2025T17:40:59 - [TEST_STEP][PASSED] - inList = false: null

27-02-2025T17:40:59 - [TEST_STEP][PASSED] - if (myType == "checkbox"): null

27-02-2025T17:40:59 - [TEST_STEP][PASSED] - myStatus = element.isSelected(): null

27-02-2025T17:40:59 - [TEST_STEP][PASSED] - if (debug): null

27-02-2025T17:40:59 - [TEST_STEP][PASSED] - if (toggle && myStatus && inList): null

27-02-2025T17:40:59 - [TEST_STEP][PASSED] - if (!(myStatus) && inList || myStatus && !(inList)): null

27-02-2025T17:40:59 - [TEST_STEP][PASSED] - myValue = element.getAttribute("value"): null

27-02-2025T17:40:59 - [TEST_STEP][PASSED] - if (debug): null

27-02-2025T17:40:59 - [TEST_STEP][PASSED] - if (myValue.length() >= 4): null

27-02-2025T17:40:59 - [TEST_STEP][PASSED] - if (myValue.substring(0, 4) == "(!) "): null

27-02-2025T17:40:59 - [TEST_STEP][PASSED] - myType = element.getAttribute("type"): null

27-02-2025T17:40:59 - [TEST_STEP][PASSED] - if (myValue in varParms[i]): null

27-02-2025T17:40:59 - [TEST_STEP][PASSED] - else: null

27-02-2025T17:40:59 - [TEST_STEP][PASSED] - inList = false: null

27-02-2025T17:40:59 - [TEST_STEP][PASSED] - if (myType == "checkbox"): null

27-02-2025T17:40:59 - [TEST_STEP][PASSED] - myStatus = element.isSelected(): null

27-02-2025T17:40:59 - [TEST_STEP][PASSED] - if (debug): null

27-02-2025T17:40:59 - [TEST_STEP][PASSED] - if (toggle && myStatus && inList): null

27-02-2025T17:40:59 - [TEST_STEP][PASSED] - if (!(myStatus) && inList || myStatus && !(inList)): null

27-02-2025T17:40:59 - [TEST_STEP][PASSED] - myValue = element.getAttribute("value"): null

27-02-2025T17:40:59 - [TEST_STEP][PASSED] - if (debug): null

27-02-2025T17:40:59 - [TEST_STEP][PASSED] - if (myValue.length() >= 4): null

27-02-2025T17:40:59 - [TEST_STEP][PASSED] - if (myValue.substring(0, 4) == "(!) "): null

27-02-2025T17:40:59 - [TEST_STEP][PASSED] - myType = element.getAttribute("type"): null

27-02-2025T17:40:59 - [TEST_STEP][PASSED] - if (myValue in varParms[i]): null

27-02-2025T17:40:59 - [TEST_STEP][PASSED] - else: null

27-02-2025T17:40:59 - [TEST_STEP][PASSED] - inList = false: null

27-02-2025T17:40:59 - [TEST_STEP][PASSED] - if (myType == "checkbox"): null

27-02-2025T17:40:59 - [TEST_STEP][PASSED] - myStatus = element.isSelected(): null

27-02-2025T17:40:59 - [TEST_STEP][PASSED] - if (debug): null

27-02-2025T17:40:59 - [TEST_STEP][PASSED] - if (toggle && myStatus && inList): null

27-02-2025T17:40:59 - [TEST_STEP][PASSED] - if (!(myStatus) && inList || myStatus && !(inList)): null

27-02-2025T17:40:59 - [TEST_STEP][PASSED] - myValue = element.getAttribute("value"): null

27-02-2025T17:40:59 - [TEST_STEP][PASSED] - if (debug): null

27-02-2025T17:40:59 - [TEST_STEP][PASSED] - if (myValue.length() >= 4): null

27-02-2025T17:40:59 - [TEST_STEP][PASSED] - if (myValue.substring(0, 4) == "(!) "): null

27-02-2025T17:40:59 - [TEST_STEP][PASSED] - myType = element.getAttribute("type"): null

27-02-2025T17:40:59 - [TEST_STEP][PASSED] - if (myValue in varParms[i]): null

27-02-2025T17:40:59 - [TEST_STEP][PASSED] - else: null

27-02-2025T17:40:59 - [TEST_STEP][PASSED] - inList = false: null

27-02-2025T17:40:59 - [TEST_STEP][PASSED] - if (myType == "checkbox"): null

27-02-2025T17:40:59 - [TEST_STEP][PASSED] - myStatus = element.isSelected(): null

27-02-2025T17:40:59 - [TEST_STEP][PASSED] - if (debug): null

27-02-2025T17:40:59 - [TEST_STEP][PASSED] - if (toggle && myStatus && inList): null

27-02-2025T17:40:59 - [TEST_STEP][PASSED] - if (!(myStatus) && inList || myStatus && !(inList)): null

27-02-2025T17:40:59 - [TEST_STEP][PASSED] - myValue = element.getAttribute("value"): null

27-02-2025T17:40:59 - [TEST_STEP][PASSED] - if (debug): null

27-02-2025T17:40:59 - [TEST_STEP][PASSED] - if (myValue.length() >= 4): null

27-02-2025T17:40:59 - [TEST_STEP][PASSED] - if (myValue.substring(0, 4) == "(!) "): null

27-02-2025T17:40:59 - [TEST_STEP][PASSED] - myType = element.getAttribute("type"): null

27-02-2025T17:40:59 - [TEST_STEP][PASSED] - if (myValue in varParms[i]): null

27-02-2025T17:40:59 - [TEST_STEP][PASSED] - else: null

27-02-2025T17:40:59 - [TEST_STEP][PASSED] - inList = false: null

27-02-2025T17:40:59 - [TEST_STEP][PASSED] - if (myType == "checkbox"): null

27-02-2025T17:40:59 - [TEST_STEP][PASSED] - myStatus = element.isSelected(): null

27-02-2025T17:40:59 - [TEST_STEP][PASSED] - if (debug): null

27-02-2025T17:40:59 - [TEST_STEP][PASSED] - if (toggle && myStatus && inList): null

27-02-2025T17:40:59 - [TEST_STEP][PASSED] - if (!(myStatus) && inList || myStatus && !(inList)): null

27-02-2025T17:40:59 - [TEST_STEP][PASSED] - myValue = element.getAttribute("value"): null

27-02-2025T17:40:59 - [TEST_STEP][PASSED] - if (debug): null

27-02-2025T17:40:59 - [TEST_STEP][PASSED] - if (myValue.length() >= 4): null

27-02-2025T17:40:59 - [TEST_STEP][PASSED] - if (myValue.substring(0, 4) == "(!) "): null

27-02-2025T17:40:59 - [TEST_STEP][PASSED] - myType = element.getAttribute("type"): null

27-02-2025T17:40:59 - [TEST_STEP][PASSED] - if (myValue in varParms[i]): null

27-02-2025T17:40:59 - [TEST_STEP][PASSED] - else: null

27-02-2025T17:40:59 - [TEST_STEP][PASSED] - inList = false: null

27-02-2025T17:40:59 - [TEST_STEP][PASSED] - if (myType == "checkbox"): null

27-02-2025T17:40:59 - [TEST_STEP][PASSED] - myStatus = element.isSelected(): null

27-02-2025T17:40:59 - [TEST_STEP][PASSED] - if (debug): null

27-02-2025T17:40:59 - [TEST_STEP][PASSED] - if (toggle && myStatus && inList): null

27-02-2025T17:40:59 - [TEST_STEP][PASSED] - if (!(myStatus) && inList || myStatus && !(inList)): null

27-02-2025T17:40:59 - [TEST_STEP][PASSED] - myValue = element.getAttribute("value"): null

27-02-2025T17:40:59 - [TEST_STEP][PASSED] - if (debug): null

27-02-2025T17:40:59 - [TEST_STEP][PASSED] - if (myValue.length() >= 4): null

27-02-2025T17:40:59 - [TEST_STEP][PASSED] - if (myValue.substring(0, 4) == "(!) "): null

27-02-2025T17:40:59 - [TEST_STEP][PASSED] - myType = element.getAttribute("type"): null

27-02-2025T17:40:59 - [TEST_STEP][PASSED] - if (myValue in varParms[i]): null

27-02-2025T17:40:59 - [TEST_STEP][PASSED] - else: null

27-02-2025T17:40:59 - [TEST_STEP][PASSED] - inList = false: null

27-02-2025T17:40:59 - [TEST_STEP][PASSED] - if (myType == "checkbox"): null

27-02-2025T17:40:59 - [TEST_STEP][PASSED] - myStatus = element.isSelected(): null

27-02-2025T17:40:59 - [TEST_STEP][PASSED] - if (debug): null

27-02-2025T17:40:59 - [TEST_STEP][PASSED] - if (toggle && myStatus && inList): null

27-02-2025T17:40:59 - [TEST_STEP][PASSED] - if (!(myStatus) && inList || myStatus && !(inList)): null

27-02-2025T17:40:59 - [TEST_STEP][PASSED] - myValue = element.getAttribute("value"): null

27-02-2025T17:40:59 - [TEST_STEP][PASSED] - if (debug): null

27-02-2025T17:40:59 - [TEST_STEP][PASSED] - if (myValue.length() >= 4): null

27-02-2025T17:40:59 - [TEST_STEP][PASSED] - if (myValue.substring(0, 4) == "(!) "): null

27-02-2025T17:40:59 - [TEST_STEP][PASSED] - myType = element.getAttribute("type"): null

27-02-2025T17:40:59 - [TEST_STEP][PASSED] - if (myValue in varParms[i]): null

27-02-2025T17:40:59 - [TEST_STEP][PASSED] - else: null

27-02-2025T17:40:59 - [TEST_STEP][PASSED] - inList = false: null

27-02-2025T17:40:59 - [TEST_STEP][PASSED] - if (myType == "checkbox"): null

27-02-2025T17:40:59 - [TEST_STEP][PASSED] - myStatus = element.isSelected(): null

27-02-2025T17:40:59 - [TEST_STEP][PASSED] - if (debug): null

27-02-2025T17:40:59 - [TEST_STEP][PASSED] - if (toggle && myStatus && inList): null

27-02-2025T17:40:59 - [TEST_STEP][PASSED] - if (!(myStatus) && inList || myStatus && !(inList)): null

27-02-2025T17:40:59 - [TEST_STEP][PASSED] - myValue = element.getAttribute("value"): null

27-02-2025T17:40:59 - [TEST_STEP][PASSED] - if (debug): null

27-02-2025T17:40:59 - [TEST_STEP][PASSED] - if (myValue.length() >= 4): null

27-02-2025T17:40:59 - [TEST_STEP][PASSED] - if (myValue.substring(0, 4) == "(!) "): null

27-02-2025T17:40:59 - [TEST_STEP][PASSED] - myType = element.getAttribute("type"): null

27-02-2025T17:40:59 - [TEST_STEP][PASSED] - if (myValue in varParms[i]): null

27-02-2025T17:40:59 - [TEST_STEP][PASSED] - else: null

27-02-2025T17:40:59 - [TEST_STEP][PASSED] - inList = false: null

27-02-2025T17:40:59 - [TEST_STEP][PASSED] - if (myType == "checkbox"): null

27-02-2025T17:40:59 - [TEST_STEP][PASSED] - myStatus = element.isSelected(): null

27-02-2025T17:40:59 - [TEST_STEP][PASSED] - if (debug): null

27-02-2025T17:40:59 - [TEST_STEP][PASSED] - if (toggle && myStatus && inList): null

27-02-2025T17:40:59 - [TEST_STEP][PASSED] - if (!(myStatus) && inList || myStatus && !(inList)): null

27-02-2025T17:40:59 - [TEST_STEP][PASSED] - myValue = element.getAttribute("value"): null

27-02-2025T17:40:59 - [TEST_STEP][PASSED] - if (debug): null

27-02-2025T17:40:59 - [TEST_STEP][PASSED] - if (myValue.length() >= 4): null

27-02-2025T17:40:59 - [TEST_STEP][PASSED] - if (myValue.substring(0, 4) == "(!) "): null

27-02-2025T17:40:59 - [TEST_STEP][PASSED] - myType = element.getAttribute("type"): null

27-02-2025T17:40:59 - [TEST_STEP][PASSED] - if (myValue in varParms[i]): null

27-02-2025T17:40:59 - [TEST_STEP][PASSED] - else: null

27-02-2025T17:40:59 - [TEST_STEP][PASSED] - inList = false: null

27-02-2025T17:40:59 - [TEST_STEP][PASSED] - if (myType == "checkbox"): null

27-02-2025T17:40:59 - [TEST_STEP][PASSED] - myStatus = element.isSelected(): null

27-02-2025T17:40:59 - [TEST_STEP][PASSED] - if (debug): null

27-02-2025T17:40:59 - [TEST_STEP][PASSED] - if (toggle && myStatus && inList): null

27-02-2025T17:40:59 - [TEST_STEP][PASSED] - if (!(myStatus) && inList || myStatus && !(inList)): null

27-02-2025T17:40:59 - [TEST_STEP][PASSED] - myValue = element.getAttribute("value"): null

27-02-2025T17:40:59 - [TEST_STEP][PASSED] - if (debug): null

27-02-2025T17:40:59 - [TEST_STEP][PASSED] - if (myValue.length() >= 4): null

27-02-2025T17:40:59 - [TEST_STEP][PASSED] - if (myValue.substring(0, 4) == "(!) "): null

27-02-2025T17:40:59 - [TEST_STEP][PASSED] - myType = element.getAttribute("type"): null

27-02-2025T17:40:59 - [TEST_STEP][PASSED] - if (myValue in varParms[i]): null

27-02-2025T17:40:59 - [TEST_STEP][PASSED] - else: null

27-02-2025T17:40:59 - [TEST_STEP][PASSED] - inList = false: null

27-02-2025T17:40:59 - [TEST_STEP][PASSED] - if (myType == "checkbox"): null

27-02-2025T17:40:59 - [TEST_STEP][PASSED] - myStatus = element.isSelected(): null

27-02-2025T17:40:59 - [TEST_STEP][PASSED] - if (debug): null

27-02-2025T17:40:59 - [TEST_STEP][PASSED] - if (toggle && myStatus && inList): null

27-02-2025T17:40:59 - [TEST_STEP][PASSED] - if (!(myStatus) && inList || myStatus && !(inList)): null

27-02-2025T17:40:59 - [TEST_STEP][PASSED] - myValue = element.getAttribute("value"): null

27-02-2025T17:40:59 - [TEST_STEP][PASSED] - if (debug): null

27-02-2025T17:40:59 - [TEST_STEP][PASSED] - if (myValue.length() >= 4): null

27-02-2025T17:40:59 - [TEST_STEP][PASSED] - if (myValue.substring(0, 4) == "(!) "): null

27-02-2025T17:40:59 - [TEST_STEP][PASSED] - myType = element.getAttribute("type"): null

27-02-2025T17:40:59 - [TEST_STEP][PASSED] - if (myValue in varParms[i]): null

27-02-2025T17:40:59 - [TEST_STEP][PASSED] - else: null

27-02-2025T17:40:59 - [TEST_STEP][PASSED] - inList = false: null

27-02-2025T17:40:59 - [TEST_STEP][PASSED] - if (myType == "checkbox"): null

27-02-2025T17:40:59 - [TEST_STEP][PASSED] - myStatus = element.isSelected(): null

27-02-2025T17:40:59 - [TEST_STEP][PASSED] - if (debug): null

27-02-2025T17:40:59 - [TEST_STEP][PASSED] - if (toggle && myStatus && inList): null

27-02-2025T17:40:59 - [TEST_STEP][PASSED] - if (!(myStatus) && inList || myStatus && !(inList)): null

27-02-2025T17:40:59 - [TEST_STEP][PASSED] - myValue = element.getAttribute("value"): null

27-02-2025T17:40:59 - [TEST_STEP][PASSED] - if (debug): null

27-02-2025T17:40:59 - [TEST_STEP][PASSED] - if (myValue.length() >= 4): null

27-02-2025T17:40:59 - [TEST_STEP][PASSED] - if (myValue.substring(0, 4) == "(!) "): null

27-02-2025T17:40:59 - [TEST_STEP][PASSED] - myType = element.getAttribute("type"): null

27-02-2025T17:40:59 - [TEST_STEP][PASSED] - if (myValue in varParms[i]): null

27-02-2025T17:40:59 - [TEST_STEP][PASSED] - else: null

27-02-2025T17:40:59 - [TEST_STEP][PASSED] - inList = false: null

27-02-2025T17:40:59 - [TEST_STEP][PASSED] - if (myType == "checkbox"): null

27-02-2025T17:40:59 - [TEST_STEP][PASSED] - myStatus = element.isSelected(): null

27-02-2025T17:40:59 - [TEST_STEP][PASSED] - if (debug): null

27-02-2025T17:40:59 - [TEST_STEP][PASSED] - if (toggle && myStatus && inList): null

27-02-2025T17:40:59 - [TEST_STEP][PASSED] - if (!(myStatus) && inList || myStatus && !(inList)): null

27-02-2025T17:40:59 - [TEST_STEP][PASSED] - myValue = element.getAttribute("value"): null

27-02-2025T17:40:59 - [TEST_STEP][PASSED] - if (debug): null

27-02-2025T17:40:59 - [TEST_STEP][PASSED] - if (myValue.length() >= 4): null

27-02-2025T17:40:59 - [TEST_STEP][PASSED] - if (myValue.substring(0, 4) == "(!) "): null

27-02-2025T17:40:59 - [TEST_STEP][PASSED] - myType = element.getAttribute("type"): null

27-02-2025T17:40:59 - [TEST_STEP][PASSED] - if (myValue in varParms[i]): null

27-02-2025T17:40:59 - [TEST_STEP][PASSED] - else: null

27-02-2025T17:40:59 - [TEST_STEP][PASSED] - inList = false: null

27-02-2025T17:40:59 - [TEST_STEP][PASSED] - if (myType == "checkbox"): null

27-02-2025T17:40:59 - [TEST_STEP][PASSED] - myStatus = element.isSelected(): null

27-02-2025T17:40:59 - [TEST_STEP][PASSED] - if (debug): null

27-02-2025T17:40:59 - [TEST_STEP][PASSED] - if (toggle && myStatus && inList): null

27-02-2025T17:40:59 - [TEST_STEP][PASSED] - if (!(myStatus) && inList || myStatus && !(inList)): null

27-02-2025T17:40:59 - [TEST_STEP][PASSED] - myValue = element.getAttribute("value"): null

27-02-2025T17:40:59 - [TEST_STEP][PASSED] - if (debug): null

27-02-2025T17:40:59 - [TEST_STEP][PASSED] - if (myValue.length() >= 4): null

27-02-2025T17:40:59 - [TEST_STEP][PASSED] - if (myValue.substring(0, 4) == "(!) "): null

27-02-2025T17:40:59 - [TEST_STEP][PASSED] - myType = element.getAttribute("type"): null

27-02-2025T17:40:59 - [TEST_STEP][PASSED] - if (myValue in varParms[i]): null

27-02-2025T17:40:59 - [TEST_STEP][PASSED] - else: null

27-02-2025T17:40:59 - [TEST_STEP][PASSED] - inList = false: null

27-02-2025T17:40:59 - [TEST_STEP][PASSED] - if (myType == "checkbox"): null

27-02-2025T17:40:59 - [TEST_STEP][PASSED] - myStatus = element.isSelected(): null

27-02-2025T17:40:59 - [TEST_STEP][PASSED] - if (debug): null

27-02-2025T17:40:59 - [TEST_STEP][PASSED] - if (toggle && myStatus && inList): null

27-02-2025T17:40:59 - [TEST_STEP][PASSED] - if (!(myStatus) && inList || myStatus && !(inList)): null

27-02-2025T17:40:59 - [TEST_STEP][PASSED] - myValue = element.getAttribute("value"): null

27-02-2025T17:40:59 - [TEST_STEP][PASSED] - if (debug): null

27-02-2025T17:40:59 - [TEST_STEP][PASSED] - if (myValue.length() >= 4): null

27-02-2025T17:40:59 - [TEST_STEP][PASSED] - if (myValue.substring(0, 4) == "(!) "): null

27-02-2025T17:40:59 - [TEST_STEP][PASSED] - myType = element.getAttribute("type"): null

27-02-2025T17:40:59 - [TEST_STEP][PASSED] - if (myValue in varParms[i]): null

27-02-2025T17:40:59 - [TEST_STEP][PASSED] - else: null

27-02-2025T17:40:59 - [TEST_STEP][PASSED] - inList = false: null

27-02-2025T17:40:59 - [TEST_STEP][PASSED] - if (myType == "checkbox"): null

27-02-2025T17:40:59 - [TEST_STEP][PASSED] - myStatus = element.isSelected(): null

27-02-2025T17:40:59 - [TEST_STEP][PASSED] - if (debug): null

27-02-2025T17:40:59 - [TEST_STEP][PASSED] - if (toggle && myStatus && inList): null

27-02-2025T17:40:59 - [TEST_STEP][PASSED] - if (!(myStatus) && inList || myStatus && !(inList)): null

27-02-2025T17:40:59 - [TEST_STEP][PASSED] - myValue = element.getAttribute("value"): null

27-02-2025T17:40:59 - [TEST_STEP][PASSED] - if (debug): null

27-02-2025T17:40:59 - [TEST_STEP][PASSED] - if (myValue.length() >= 4): null

27-02-2025T17:40:59 - [TEST_STEP][PASSED] - if (myValue.substring(0, 4) == "(!) "): null

27-02-2025T17:40:59 - [TEST_STEP][PASSED] - myType = element.getAttribute("type"): null

27-02-2025T17:40:59 - [TEST_STEP][PASSED] - if (myValue in varParms[i]): null

27-02-2025T17:40:59 - [TEST_STEP][PASSED] - else: null

27-02-2025T17:40:59 - [TEST_STEP][PASSED] - inList = false: null

27-02-2025T17:40:59 - [TEST_STEP][PASSED] - if (myType == "checkbox"): null

27-02-2025T17:40:59 - [TEST_STEP][PASSED] - myStatus = element.isSelected(): null

27-02-2025T17:40:59 - [TEST_STEP][PASSED] - if (debug): null

27-02-2025T17:40:59 - [TEST_STEP][PASSED] - if (toggle && myStatus && inList): null

27-02-2025T17:40:59 - [TEST_STEP][PASSED] - if (!(myStatus) && inList || myStatus && !(inList)): null

27-02-2025T17:40:59 - [TEST_STEP][PASSED] - myValue = element.getAttribute("value"): null

27-02-2025T17:40:59 - [TEST_STEP][PASSED] - if (debug): null

27-02-2025T17:40:59 - [TEST_STEP][PASSED] - if (myValue.length() >= 4): null

27-02-2025T17:40:59 - [TEST_STEP][PASSED] - if (myValue.substring(0, 4) == "(!) "): null

27-02-2025T17:40:59 - [TEST_STEP][PASSED] - myType = element.getAttribute("type"): null

27-02-2025T17:40:59 - [TEST_STEP][PASSED] - if (myValue in varParms[i]): null

27-02-2025T17:40:59 - [TEST_STEP][PASSED] - else: null

27-02-2025T17:40:59 - [TEST_STEP][PASSED] - inList = false: null

27-02-2025T17:40:59 - [TEST_STEP][PASSED] - if (myType == "checkbox"): null

27-02-2025T17:40:59 - [TEST_STEP][PASSED] - myStatus = element.isSelected(): null

27-02-2025T17:40:59 - [TEST_STEP][PASSED] - if (debug): null

27-02-2025T17:40:59 - [TEST_STEP][PASSED] - if (toggle && myStatus && inList): null

27-02-2025T17:40:59 - [TEST_STEP][PASSED] - if (!(myStatus) && inList || myStatus && !(inList)): null

27-02-2025T17:40:59 - [TEST_STEP][PASSED] - myValue = element.getAttribute("value"): null

27-02-2025T17:40:59 - [TEST_STEP][PASSED] - if (debug): null

27-02-2025T17:40:59 - [TEST_STEP][PASSED] - if (myValue.length() >= 4): null

27-02-2025T17:40:59 - [TEST_STEP][PASSED] - if (myValue.substring(0, 4) == "(!) "): null

27-02-2025T17:40:59 - [TEST_STEP][PASSED] - myType = element.getAttribute("type"): null

27-02-2025T17:40:59 - [TEST_STEP][PASSED] - if (myValue in varParms[i]): null

27-02-2025T17:40:59 - [TEST_STEP][PASSED] - else: null

27-02-2025T17:40:59 - [TEST_STEP][PASSED] - inList = false: null

27-02-2025T17:40:59 - [TEST_STEP][PASSED] - if (myType == "checkbox"): null

27-02-2025T17:40:59 - [TEST_STEP][PASSED] - myStatus = element.isSelected(): null

27-02-2025T17:40:59 - [TEST_STEP][PASSED] - if (debug): null

27-02-2025T17:40:59 - [TEST_STEP][PASSED] - if (toggle && myStatus && inList): null

27-02-2025T17:40:59 - [TEST_STEP][PASSED] - if (!(myStatus) && inList || myStatus && !(inList)): null

27-02-2025T17:40:59 - [TEST_STEP][PASSED] - myValue = element.getAttribute("value"): null

27-02-2025T17:40:59 - [TEST_STEP][PASSED] - if (debug): null

27-02-2025T17:40:59 - [TEST_STEP][PASSED] - if (myValue.length() >= 4): null

27-02-2025T17:40:59 - [TEST_STEP][PASSED] - if (myValue.substring(0, 4) == "(!) "): null

27-02-2025T17:40:59 - [TEST_STEP][PASSED] - myType = element.getAttribute("type"): null

27-02-2025T17:40:59 - [TEST_STEP][PASSED] - if (myValue in varParms[i]): null

27-02-2025T17:40:59 - [TEST_STEP][PASSED] - else: null

27-02-2025T17:40:59 - [TEST_STEP][PASSED] - inList = false: null

27-02-2025T17:40:59 - [TEST_STEP][PASSED] - if (myType == "checkbox"): null

27-02-2025T17:40:59 - [TEST_STEP][PASSED] - myStatus = element.isSelected(): null

27-02-2025T17:40:59 - [TEST_STEP][PASSED] - if (debug): null

27-02-2025T17:40:59 - [TEST_STEP][PASSED] - if (toggle && myStatus && inList): null

27-02-2025T17:40:59 - [TEST_STEP][PASSED] - if (!(myStatus) && inList || myStatus && !(inList)): null

27-02-2025T17:40:59 - [TEST_STEP][PASSED] - myValue = element.getAttribute("value"): null

27-02-2025T17:40:59 - [TEST_STEP][PASSED] - if (debug): null

27-02-2025T17:40:59 - [TEST_STEP][PASSED] - if (myValue.length() >= 4): null

27-02-2025T17:40:59 - [TEST_STEP][PASSED] - if (myValue.substring(0, 4) == "(!) "): null

27-02-2025T17:40:59 - [TEST_STEP][PASSED] - myType = element.getAttribute("type"): null

27-02-2025T17:40:59 - [TEST_STEP][PASSED] - if (myValue in varParms[i]): null

27-02-2025T17:40:59 - [TEST_STEP][PASSED] - else: null

27-02-2025T17:40:59 - [TEST_STEP][PASSED] - inList = false: null

27-02-2025T17:40:59 - [TEST_STEP][PASSED] - if (myType == "checkbox"): null

27-02-2025T17:40:59 - [TEST_STEP][PASSED] - myStatus = element.isSelected(): null

27-02-2025T17:40:59 - [TEST_STEP][PASSED] - if (debug): null

27-02-2025T17:40:59 - [TEST_STEP][PASSED] - if (toggle && myStatus && inList): null

27-02-2025T17:40:59 - [TEST_STEP][PASSED] - if (!(myStatus) && inList || myStatus && !(inList)): null

27-02-2025T17:40:59 - [TEST_STEP][PASSED] - myValue = element.getAttribute("value"): null

27-02-2025T17:40:59 - [TEST_STEP][PASSED] - if (debug): null

27-02-2025T17:40:59 - [TEST_STEP][PASSED] - if (myValue.length() >= 4): null

27-02-2025T17:40:59 - [TEST_STEP][PASSED] - if (myValue.substring(0, 4) == "(!) "): null

27-02-2025T17:40:59 - [TEST_STEP][PASSED] - myType = element.getAttribute("type"): null

27-02-2025T17:40:59 - [TEST_STEP][PASSED] - if (myValue in varParms[i]): null

27-02-2025T17:40:59 - [TEST_STEP][PASSED] - else: null

27-02-2025T17:40:59 - [TEST_STEP][PASSED] - inList = false: null

27-02-2025T17:40:59 - [TEST_STEP][PASSED] - if (myType == "checkbox"): null

27-02-2025T17:40:59 - [TEST_STEP][PASSED] - myStatus = element.isSelected(): null

27-02-2025T17:40:59 - [TEST_STEP][PASSED] - if (debug): null

27-02-2025T17:40:59 - [TEST_STEP][PASSED] - if (toggle && myStatus && inList): null

27-02-2025T17:40:59 - [TEST_STEP][PASSED] - if (!(myStatus) && inList || myStatus && !(inList)): null

27-02-2025T17:40:59 - [TEST_STEP][PASSED] - myValue = element.getAttribute("value"): null

27-02-2025T17:40:59 - [TEST_STEP][PASSED] - if (debug): null

27-02-2025T17:40:59 - [TEST_STEP][PASSED] - if (myValue.length() >= 4): null

27-02-2025T17:40:59 - [TEST_STEP][PASSED] - if (myValue.substring(0, 4) == "(!) "): null

27-02-2025T17:40:59 - [TEST_STEP][PASSED] - myType = element.getAttribute("type"): null

27-02-2025T17:40:59 - [TEST_STEP][PASSED] - if (myValue in varParms[i]): null

27-02-2025T17:40:59 - [TEST_STEP][PASSED] - else: null

27-02-2025T17:40:59 - [TEST_STEP][PASSED] - inList = false: null

27-02-2025T17:40:59 - [TEST_STEP][PASSED] - if (myType == "checkbox"): null

27-02-2025T17:40:59 - [TEST_STEP][PASSED] - myStatus = element.isSelected(): null

27-02-2025T17:40:59 - [TEST_STEP][PASSED] - if (debug): null

27-02-2025T17:40:59 - [TEST_STEP][PASSED] - if (toggle && myStatus && inList): null

27-02-2025T17:40:59 - [TEST_STEP][PASSED] - if (!(myStatus) && inList || myStatus && !(inList)): null

27-02-2025T17:40:59 - [TEST_STEP][PASSED] - myValue = element.getAttribute("value"): null

27-02-2025T17:40:59 - [TEST_STEP][PASSED] - if (debug): null

27-02-2025T17:40:59 - [TEST_STEP][PASSED] - if (myValue.length() >= 4): null

27-02-2025T17:40:59 - [TEST_STEP][PASSED] - if (myValue.substring(0, 4) == "(!) "): null

27-02-2025T17:40:59 - [TEST_STEP][PASSED] - myType = element.getAttribute("type"): null

27-02-2025T17:40:59 - [TEST_STEP][PASSED] - if (myValue in varParms[i]): null

27-02-2025T17:40:59 - [TEST_STEP][PASSED] - else: null

27-02-2025T17:40:59 - [TEST_STEP][PASSED] - inList = false: null

27-02-2025T17:40:59 - [TEST_STEP][PASSED] - if (myType == "checkbox"): null

27-02-2025T17:40:59 - [TEST_STEP][PASSED] - myStatus = element.isSelected(): null

27-02-2025T17:40:59 - [TEST_STEP][PASSED] - if (debug): null

27-02-2025T17:40:59 - [TEST_STEP][PASSED] - if (toggle && myStatus && inList): null

27-02-2025T17:40:59 - [TEST_STEP][PASSED] - if (!(myStatus) && inList || myStatus && !(inList)): null

27-02-2025T17:40:59 - [TEST_STEP][PASSED] - myValue = element.getAttribute("value"): null

27-02-2025T17:40:59 - [TEST_STEP][PASSED] - if (debug): null

27-02-2025T17:40:59 - [TEST_STEP][PASSED] - if (myValue.length() >= 4): null

27-02-2025T17:40:59 - [TEST_STEP][PASSED] - if (myValue.substring(0, 4) == "(!) "): null

27-02-2025T17:40:59 - [TEST_STEP][PASSED] - myType = element.getAttribute("type"): null

27-02-2025T17:40:59 - [TEST_STEP][PASSED] - if (myValue in varParms[i]): null

27-02-2025T17:40:59 - [TEST_STEP][PASSED] - else: null

27-02-2025T17:40:59 - [TEST_STEP][PASSED] - inList = false: null

27-02-2025T17:40:59 - [TEST_STEP][PASSED] - if (myType == "checkbox"): null

27-02-2025T17:40:59 - [TEST_STEP][PASSED] - myStatus = element.isSelected(): null

27-02-2025T17:40:59 - [TEST_STEP][PASSED] - if (debug): null

27-02-2025T17:40:59 - [TEST_STEP][PASSED] - if (toggle && myStatus && inList): null

27-02-2025T17:40:59 - [TEST_STEP][PASSED] - if (!(myStatus) && inList || myStatus && !(inList)): null

27-02-2025T17:40:59 - [TEST_STEP][PASSED] - myValue = element.getAttribute("value"): null

27-02-2025T17:40:59 - [TEST_STEP][PASSED] - if (debug): null

27-02-2025T17:40:59 - [TEST_STEP][PASSED] - if (myValue.length() >= 4): null

27-02-2025T17:40:59 - [TEST_STEP][PASSED] - if (myValue.substring(0, 4) == "(!) "): null

27-02-2025T17:40:59 - [TEST_STEP][PASSED] - myType = element.getAttribute("type"): null

27-02-2025T17:40:59 - [TEST_STEP][PASSED] - if (myValue in varParms[i]): null

27-02-2025T17:40:59 - [TEST_STEP][PASSED] - else: null

27-02-2025T17:40:59 - [TEST_STEP][PASSED] - inList = false: null

27-02-2025T17:40:59 - [TEST_STEP][PASSED] - if (myType == "checkbox"): null

27-02-2025T17:40:59 - [TEST_STEP][PASSED] - myStatus = element.isSelected(): null

27-02-2025T17:40:59 - [TEST_STEP][PASSED] - if (debug): null

27-02-2025T17:40:59 - [TEST_STEP][PASSED] - if (toggle && myStatus && inList): null

27-02-2025T17:40:59 - [TEST_STEP][PASSED] - if (!(myStatus) && inList || myStatus && !(inList)): null

27-02-2025T17:40:59 - [TEST_STEP][PASSED] - myValue = element.getAttribute("value"): null

27-02-2025T17:40:59 - [TEST_STEP][PASSED] - if (debug): null

27-02-2025T17:40:59 - [TEST_STEP][PASSED] - if (myValue.length() >= 4): null

27-02-2025T17:40:59 - [TEST_STEP][PASSED] - if (myValue.substring(0, 4) == "(!) "): null

27-02-2025T17:40:59 - [TEST_STEP][PASSED] - myType = element.getAttribute("type"): null

27-02-2025T17:40:59 - [TEST_STEP][PASSED] - if (myValue in varParms[i]): null

27-02-2025T17:40:59 - [TEST_STEP][PASSED] - else: null

27-02-2025T17:40:59 - [TEST_STEP][PASSED] - inList = false: null

27-02-2025T17:40:59 - [TEST_STEP][PASSED] - if (myType == "checkbox"): null

27-02-2025T17:40:59 - [TEST_STEP][PASSED] - myStatus = element.isSelected(): null

27-02-2025T17:40:59 - [TEST_STEP][PASSED] - if (debug): null

27-02-2025T17:40:59 - [TEST_STEP][PASSED] - if (toggle && myStatus && inList): null

27-02-2025T17:40:59 - [TEST_STEP][PASSED] - if (!(myStatus) && inList || myStatus && !(inList)): null

27-02-2025T17:40:59 - [TEST_STEP][PASSED] - myValue = element.getAttribute("value"): null

27-02-2025T17:40:59 - [TEST_STEP][PASSED] - if (debug): null

27-02-2025T17:40:59 - [TEST_STEP][PASSED] - if (myValue.length() >= 4): null

27-02-2025T17:40:59 - [TEST_STEP][PASSED] - if (myValue.substring(0, 4) == "(!) "): null

27-02-2025T17:40:59 - [TEST_STEP][PASSED] - myType = element.getAttribute("type"): null

27-02-2025T17:40:59 - [TEST_STEP][PASSED] - if (myValue in varParms[i]): null

27-02-2025T17:40:59 - [TEST_STEP][PASSED] - else: null

27-02-2025T17:40:59 - [TEST_STEP][PASSED] - inList = false: null

27-02-2025T17:40:59 - [TEST_STEP][PASSED] - if (myType == "checkbox"): null

27-02-2025T17:40:59 - [TEST_STEP][PASSED] - myStatus = element.isSelected(): null

27-02-2025T17:40:59 - [TEST_STEP][PASSED] - if (debug): null

27-02-2025T17:40:59 - [TEST_STEP][PASSED] - if (toggle && myStatus && inList): null

27-02-2025T17:40:59 - [TEST_STEP][PASSED] - if (!(myStatus) && inList || myStatus && !(inList)): null

27-02-2025T17:40:59 - [TEST_STEP][PASSED] - myValue = element.getAttribute("value"): null

27-02-2025T17:40:59 - [TEST_STEP][PASSED] - if (debug): null

27-02-2025T17:40:59 - [TEST_STEP][PASSED] - if (myValue.length() >= 4): null

27-02-2025T17:40:59 - [TEST_STEP][PASSED] - if (myValue.substring(0, 4) == "(!) "): null

27-02-2025T17:40:59 - [TEST_STEP][PASSED] - myType = element.getAttribute("type"): null

27-02-2025T17:40:59 - [TEST_STEP][PASSED] - if (myValue in varParms[i]): null

27-02-2025T17:40:59 - [TEST_STEP][PASSED] - else: null

27-02-2025T17:40:59 - [TEST_STEP][PASSED] - inList = false: null

27-02-2025T17:40:59 - [TEST_STEP][PASSED] - if (myType == "checkbox"): null

27-02-2025T17:40:59 - [TEST_STEP][PASSED] - myStatus = element.isSelected(): null

27-02-2025T17:40:59 - [TEST_STEP][PASSED] - if (debug): null

27-02-2025T17:40:59 - [TEST_STEP][PASSED] - if (toggle && myStatus && inList): null

27-02-2025T17:40:59 - [TEST_STEP][PASSED] - if (!(myStatus) && inList || myStatus && !(inList)): null

27-02-2025T17:40:59 - [TEST_STEP][PASSED] - myValue = element.getAttribute("value"): null

27-02-2025T17:40:59 - [TEST_STEP][PASSED] - if (debug): null

27-02-2025T17:40:59 - [TEST_STEP][PASSED] - if (myValue.length() >= 4): null

27-02-2025T17:40:59 - [TEST_STEP][PASSED] - if (myValue.substring(0, 4) == "(!) "): null

27-02-2025T17:40:59 - [TEST_STEP][PASSED] - myType = element.getAttribute("type"): null

27-02-2025T17:40:59 - [TEST_STEP][PASSED] - if (myValue in varParms[i]): null

27-02-2025T17:40:59 - [TEST_STEP][PASSED] - else: null

27-02-2025T17:40:59 - [TEST_STEP][PASSED] - inList = false: null

27-02-2025T17:40:59 - [TEST_STEP][PASSED] - if (myType == "checkbox"): null

27-02-2025T17:40:59 - [TEST_STEP][PASSED] - myStatus = element.isSelected(): null

27-02-2025T17:40:59 - [TEST_STEP][PASSED] - if (debug): null

27-02-2025T17:40:59 - [TEST_STEP][PASSED] - if (toggle && myStatus && inList): null

27-02-2025T17:40:59 - [TEST_STEP][PASSED] - if (!(myStatus) && inList || myStatus && !(inList)): null

27-02-2025T17:40:59 - [TEST_STEP][PASSED] - myValue = element.getAttribute("value"): null

27-02-2025T17:40:59 - [TEST_STEP][PASSED] - if (debug): null

27-02-2025T17:40:59 - [TEST_STEP][PASSED] - if (myValue.length() >= 4): null

27-02-2025T17:40:59 - [TEST_STEP][PASSED] - if (myValue.substring(0, 4) == "(!) "): null

27-02-2025T17:40:59 - [TEST_STEP][PASSED] - myType = element.getAttribute("type"): null

27-02-2025T17:40:59 - [TEST_STEP][PASSED] - if (myValue in varParms[i]): null

27-02-2025T17:40:59 - [TEST_STEP][PASSED] - else: null

27-02-2025T17:40:59 - [TEST_STEP][PASSED] - inList = false: null

27-02-2025T17:40:59 - [TEST_STEP][PASSED] - if (myType == "checkbox"): null

27-02-2025T17:40:59 - [TEST_STEP][PASSED] - myStatus = element.isSelected(): null

27-02-2025T17:40:59 - [TEST_STEP][PASSED] - if (debug): null

27-02-2025T17:40:59 - [TEST_STEP][PASSED] - if (toggle && myStatus && inList): null

27-02-2025T17:40:59 - [TEST_STEP][PASSED] - if (!(myStatus) && inList || myStatus && !(inList)): null

27-02-2025T17:40:59 - [TEST_STEP][PASSED] - myValue = element.getAttribute("value"): null

27-02-2025T17:40:59 - [TEST_STEP][PASSED] - if (debug): null

27-02-2025T17:40:59 - [TEST_STEP][PASSED] - if (myValue.length() >= 4): null

27-02-2025T17:40:59 - [TEST_STEP][PASSED] - if (myValue.substring(0, 4) == "(!) "): null

27-02-2025T17:40:59 - [TEST_STEP][PASSED] - myType = element.getAttribute("type"): null

27-02-2025T17:40:59 - [TEST_STEP][PASSED] - if (myValue in varParms[i]): null

27-02-2025T17:40:59 - [TEST_STEP][PASSED] - else: null

27-02-2025T17:40:59 - [TEST_STEP][PASSED] - inList = false: null

27-02-2025T17:40:59 - [TEST_STEP][PASSED] - if (myType == "checkbox"): null

27-02-2025T17:40:59 - [TEST_STEP][PASSED] - myStatus = element.isSelected(): null

27-02-2025T17:40:59 - [TEST_STEP][PASSED] - if (debug): null

27-02-2025T17:40:59 - [TEST_STEP][PASSED] - if (toggle && myStatus && inList): null

27-02-2025T17:40:59 - [TEST_STEP][PASSED] - if (!(myStatus) && inList || myStatus && !(inList)): null

27-02-2025T17:40:59 - [TEST_STEP][PASSED] - myValue = element.getAttribute("value"): null

27-02-2025T17:40:59 - [TEST_STEP][PASSED] - if (debug): null

27-02-2025T17:40:59 - [TEST_STEP][PASSED] - if (myValue.length() >= 4): null

27-02-2025T17:40:59 - [TEST_STEP][PASSED] - if (myValue.substring(0, 4) == "(!) "): null

27-02-2025T17:40:59 - [TEST_STEP][PASSED] - myType = element.getAttribute("type"): null

27-02-2025T17:40:59 - [TEST_STEP][PASSED] - if (myValue in varParms[i]): null

27-02-2025T17:40:59 - [TEST_STEP][PASSED] - else: null

27-02-2025T17:40:59 - [TEST_STEP][PASSED] - inList = false: null

27-02-2025T17:40:59 - [TEST_STEP][PASSED] - if (myType == "checkbox"): null

27-02-2025T17:40:59 - [TEST_STEP][PASSED] - myStatus = element.isSelected(): null

27-02-2025T17:40:59 - [TEST_STEP][PASSED] - if (debug): null

27-02-2025T17:40:59 - [TEST_STEP][PASSED] - if (toggle && myStatus && inList): null

27-02-2025T17:40:59 - [TEST_STEP][PASSED] - if (!(myStatus) && inList || myStatus && !(inList)): null

27-02-2025T17:40:59 - [TEST_STEP][PASSED] - myValue = element.getAttribute("value"): null

27-02-2025T17:40:59 - [TEST_STEP][PASSED] - if (debug): null

27-02-2025T17:40:59 - [TEST_STEP][PASSED] - if (myValue.length() >= 4): null

27-02-2025T17:40:59 - [TEST_STEP][PASSED] - if (myValue.substring(0, 4) == "(!) "): null

27-02-2025T17:40:59 - [TEST_STEP][PASSED] - myType = element.getAttribute("type"): null

27-02-2025T17:40:59 - [TEST_STEP][PASSED] - if (myValue in varParms[i]): null

27-02-2025T17:40:59 - [TEST_STEP][PASSED] - else: null

27-02-2025T17:40:59 - [TEST_STEP][PASSED] - inList = false: null

27-02-2025T17:40:59 - [TEST_STEP][PASSED] - if (myType == "checkbox"): null

27-02-2025T17:40:59 - [TEST_STEP][PASSED] - myStatus = element.isSelected(): null

27-02-2025T17:40:59 - [TEST_STEP][PASSED] - if (debug): null

27-02-2025T17:40:59 - [TEST_STEP][PASSED] - if (toggle && myStatus && inList): null

27-02-2025T17:40:59 - [TEST_STEP][PASSED] - if (!(myStatus) && inList || myStatus && !(inList)): null

27-02-2025T17:40:59 - [TEST_STEP][PASSED] - myValue = element.getAttribute("value"): null

27-02-2025T17:40:59 - [TEST_STEP][PASSED] - if (debug): null

27-02-2025T17:40:59 - [TEST_STEP][PASSED] - if (myValue.length() >= 4): null

27-02-2025T17:40:59 - [TEST_STEP][PASSED] - if (myValue.substring(0, 4) == "(!) "): null

27-02-2025T17:40:59 - [TEST_STEP][PASSED] - myType = element.getAttribute("type"): null

27-02-2025T17:40:59 - [TEST_STEP][PASSED] - if (myValue in varParms[i]): null

27-02-2025T17:40:59 - [TEST_STEP][PASSED] - else: null

27-02-2025T17:40:59 - [TEST_STEP][PASSED] - inList = false: null

27-02-2025T17:40:59 - [TEST_STEP][PASSED] - if (myType == "checkbox"): null

27-02-2025T17:40:59 - [TEST_STEP][PASSED] - myStatus = element.isSelected(): null

27-02-2025T17:40:59 - [TEST_STEP][PASSED] - if (debug): null

27-02-2025T17:40:59 - [TEST_STEP][PASSED] - if (toggle && myStatus && inList): null

27-02-2025T17:40:59 - [TEST_STEP][PASSED] - if (!(myStatus) && inList || myStatus && !(inList)): null

27-02-2025T17:40:59 - [TEST_STEP][PASSED] - myValue = element.getAttribute("value"): null

27-02-2025T17:40:59 - [TEST_STEP][PASSED] - if (debug): null

27-02-2025T17:40:59 - [TEST_STEP][PASSED] - if (myValue.length() >= 4): null

27-02-2025T17:40:59 - [TEST_STEP][PASSED] - myType = element.getAttribute("type"): null

27-02-2025T17:40:59 - [TEST_STEP][PASSED] - if (myValue in varParms[i]): null

27-02-2025T17:40:59 - [TEST_STEP][PASSED] - else: null

27-02-2025T17:40:59 - [TEST_STEP][PASSED] - inList = false: null

27-02-2025T17:40:59 - [TEST_STEP][PASSED] - if (myType == "checkbox"): null

27-02-2025T17:40:59 - [TEST_STEP][PASSED] - myStatus = element.isSelected(): null

27-02-2025T17:40:59 - [TEST_STEP][PASSED] - if (debug): null

27-02-2025T17:40:59 - [TEST_STEP][PASSED] - if (toggle && myStatus && inList): null

27-02-2025T17:40:59 - [TEST_STEP][PASSED] - if (!(myStatus) && inList || myStatus && !(inList)): null

27-02-2025T17:40:59 - [TEST_STEP][PASSED] - myValue = element.getAttribute("value"): null

27-02-2025T17:40:59 - [TEST_STEP][PASSED] - if (debug): null

27-02-2025T17:40:59 - [TEST_STEP][PASSED] - if (myValue.length() >= 4): null

27-02-2025T17:40:59 - [TEST_STEP][PASSED] - if (myValue.substring(0, 4) == "(!) "): null

27-02-2025T17:40:59 - [TEST_STEP][PASSED] - myType = element.getAttribute("type"): null

27-02-2025T17:40:59 - [TEST_STEP][PASSED] - if (myValue in varParms[i]): null

27-02-2025T17:40:59 - [TEST_STEP][PASSED] - else: null

27-02-2025T17:40:59 - [TEST_STEP][PASSED] - inList = false: null

27-02-2025T17:40:59 - [TEST_STEP][PASSED] - if (myType == "checkbox"): null

27-02-2025T17:40:59 - [TEST_STEP][PASSED] - myStatus = element.isSelected(): null

27-02-2025T17:40:59 - [TEST_STEP][PASSED] - if (debug): null

27-02-2025T17:40:59 - [TEST_STEP][PASSED] - if (toggle && myStatus && inList): null

27-02-2025T17:40:59 - [TEST_STEP][PASSED] - if (!(myStatus) && inList || myStatus && !(inList)): null

27-02-2025T17:40:59 - [TEST_STEP][PASSED] - myValue = element.getAttribute("value"): null

27-02-2025T17:40:59 - [TEST_STEP][PASSED] - if (debug): null

27-02-2025T17:40:59 - [TEST_STEP][PASSED] - if (myValue.length() >= 4): null

27-02-2025T17:40:59 - [TEST_STEP][PASSED] - if (myValue.substring(0, 4) == "(!) "): null

27-02-2025T17:40:59 - [TEST_STEP][PASSED] - myType = element.getAttribute("type"): null

27-02-2025T17:40:59 - [TEST_STEP][PASSED] - if (myValue in varParms[i]): null

27-02-2025T17:40:59 - [TEST_STEP][PASSED] - else: null

27-02-2025T17:40:59 - [TEST_STEP][PASSED] - inList = false: null

27-02-2025T17:40:59 - [TEST_STEP][PASSED] - if (myType == "checkbox"): null

27-02-2025T17:40:59 - [TEST_STEP][PASSED] - myStatus = element.isSelected(): null

27-02-2025T17:40:59 - [TEST_STEP][PASSED] - if (debug): null

27-02-2025T17:40:59 - [TEST_STEP][PASSED] - if (toggle && myStatus && inList): null

27-02-2025T17:40:59 - [TEST_STEP][PASSED] - if (!(myStatus) && inList || myStatus && !(inList)): null

27-02-2025T17:40:59 - [TEST_STEP][PASSED] - myValue = element.getAttribute("value"): null

27-02-2025T17:40:59 - [TEST_STEP][PASSED] - if (debug): null

27-02-2025T17:40:59 - [TEST_STEP][PASSED] - if (myValue.length() >= 4): null

27-02-2025T17:40:59 - [TEST_STEP][PASSED] - if (myValue.substring(0, 4) == "(!) "): null

27-02-2025T17:40:59 - [TEST_STEP][PASSED] - myType = element.getAttribute("type"): null

27-02-2025T17:40:59 - [TEST_STEP][PASSED] - if (myValue in varParms[i]): null

27-02-2025T17:40:59 - [TEST_STEP][PASSED] - else: null

27-02-2025T17:40:59 - [TEST_STEP][PASSED] - inList = false: null

27-02-2025T17:40:59 - [TEST_STEP][PASSED] - if (myType == "checkbox"): null

27-02-2025T17:40:59 - [TEST_STEP][PASSED] - myStatus = element.isSelected(): null

27-02-2025T17:40:59 - [TEST_STEP][PASSED] - if (debug): null

27-02-2025T17:40:59 - [TEST_STEP][PASSED] - if (toggle && myStatus && inList): null

27-02-2025T17:40:59 - [TEST_STEP][PASSED] - if (!(myStatus) && inList || myStatus && !(inList)): null

27-02-2025T17:40:59 - [TEST_STEP][PASSED] - myValue = element.getAttribute("value"): null

27-02-2025T17:40:59 - [TEST_STEP][PASSED] - if (debug): null

27-02-2025T17:40:59 - [TEST_STEP][PASSED] - if (myValue.length() >= 4): null

27-02-2025T17:40:59 - [TEST_STEP][PASSED] - if (myValue.substring(0, 4) == "(!) "): null

27-02-2025T17:40:59 - [TEST_STEP][PASSED] - myType = element.getAttribute("type"): null

27-02-2025T17:40:59 - [TEST_STEP][PASSED] - if (myValue in varParms[i]): null

27-02-2025T17:40:59 - [TEST_STEP][PASSED] - else: null

27-02-2025T17:40:59 - [TEST_STEP][PASSED] - inList = false: null

27-02-2025T17:40:59 - [TEST_STEP][PASSED] - if (myType == "checkbox"): null

27-02-2025T17:40:59 - [TEST_STEP][PASSED] - myStatus = element.isSelected(): null

27-02-2025T17:40:59 - [TEST_STEP][PASSED] - if (debug): null

27-02-2025T17:40:59 - [TEST_STEP][PASSED] - if (toggle && myStatus && inList): null

27-02-2025T17:40:59 - [TEST_STEP][PASSED] - if (!(myStatus) && inList || myStatus && !(inList)): null

27-02-2025T17:40:59 - [TEST_STEP][PASSED] - myValue = element.getAttribute("value"): null

27-02-2025T17:40:59 - [TEST_STEP][PASSED] - if (debug): null

27-02-2025T17:40:59 - [TEST_STEP][PASSED] - if (myValue.length() >= 4): null

27-02-2025T17:40:59 - [TEST_STEP][PASSED] - if (myValue.substring(0, 4) == "(!) "): null

27-02-2025T17:40:59 - [TEST_STEP][PASSED] - myType = element.getAttribute("type"): null

27-02-2025T17:40:59 - [TEST_STEP][PASSED] - if (myValue in varParms[i]): null

27-02-2025T17:40:59 - [TEST_STEP][PASSED] - else: null

27-02-2025T17:40:59 - [TEST_STEP][PASSED] - inList = false: null

27-02-2025T17:40:59 - [TEST_STEP][PASSED] - if (myType == "checkbox"): null

27-02-2025T17:40:59 - [TEST_STEP][PASSED] - myStatus = element.isSelected(): null

27-02-2025T17:40:59 - [TEST_STEP][PASSED] - if (debug): null

27-02-2025T17:40:59 - [TEST_STEP][PASSED] - if (toggle && myStatus && inList): null

27-02-2025T17:40:59 - [TEST_STEP][PASSED] - if (!(myStatus) && inList || myStatus && !(inList)): null

27-02-2025T17:40:59 - [TEST_STEP][PASSED] - myValue = element.getAttribute("value"): null

27-02-2025T17:40:59 - [TEST_STEP][PASSED] - if (debug): null

27-02-2025T17:40:59 - [TEST_STEP][PASSED] - if (myValue.length() >= 4): null

27-02-2025T17:40:59 - [TEST_STEP][PASSED] - if (myValue.substring(0, 4) == "(!) "): null

27-02-2025T17:40:59 - [TEST_STEP][PASSED] - myType = element.getAttribute("type"): null

27-02-2025T17:40:59 - [TEST_STEP][PASSED] - if (myValue in varParms[i]): null

27-02-2025T17:40:59 - [TEST_STEP][PASSED] - else: null

27-02-2025T17:40:59 - [TEST_STEP][PASSED] - inList = false: null

27-02-2025T17:40:59 - [TEST_STEP][PASSED] - if (myType == "checkbox"): null

27-02-2025T17:40:59 - [TEST_STEP][PASSED] - myStatus = element.isSelected(): null

27-02-2025T17:40:59 - [TEST_STEP][PASSED] - if (debug): null

27-02-2025T17:40:59 - [TEST_STEP][PASSED] - if (toggle && myStatus && inList): null

27-02-2025T17:40:59 - [TEST_STEP][PASSED] - if (!(myStatus) && inList || myStatus && !(inList)): null

27-02-2025T17:40:59 - [TEST_STEP][PASSED] - myValue = element.getAttribute("value"): null

27-02-2025T17:40:59 - [TEST_STEP][PASSED] - if (debug): null

27-02-2025T17:40:59 - [TEST_STEP][PASSED] - if (myValue.length() >= 4): null

27-02-2025T17:40:59 - [TEST_STEP][PASSED] - if (myValue.substring(0, 4) == "(!) "): null

27-02-2025T17:40:59 - [TEST_STEP][PASSED] - myType = element.getAttribute("type"): null

27-02-2025T17:40:59 - [TEST_STEP][PASSED] - if (myValue in varParms[i]): null

27-02-2025T17:40:59 - [TEST_STEP][PASSED] - else: null

27-02-2025T17:40:59 - [TEST_STEP][PASSED] - inList = false: null

27-02-2025T17:40:59 - [TEST_STEP][PASSED] - if (myType == "checkbox"): null

27-02-2025T17:40:59 - [TEST_STEP][PASSED] - myStatus = element.isSelected(): null

27-02-2025T17:40:59 - [TEST_STEP][PASSED] - if (debug): null

27-02-2025T17:40:59 - [TEST_STEP][PASSED] - if (toggle && myStatus && inList): null

27-02-2025T17:40:59 - [TEST_STEP][PASSED] - if (!(myStatus) && inList || myStatus && !(inList)): null

27-02-2025T17:40:59 - [TEST_STEP][PASSED] - myValue = element.getAttribute("value"): null

27-02-2025T17:40:59 - [TEST_STEP][PASSED] - if (debug): null

27-02-2025T17:40:59 - [TEST_STEP][PASSED] - if (myValue.length() >= 4): null

27-02-2025T17:40:59 - [TEST_STEP][PASSED] - if (myValue.substring(0, 4) == "(!) "): null

27-02-2025T17:40:59 - [TEST_STEP][PASSED] - myType = element.getAttribute("type"): null

27-02-2025T17:40:59 - [TEST_STEP][PASSED] - if (myValue in varParms[i]): null

27-02-2025T17:40:59 - [TEST_STEP][PASSED] - else: null

27-02-2025T17:40:59 - [TEST_STEP][PASSED] - inList = false: null

27-02-2025T17:40:59 - [TEST_STEP][PASSED] - if (myType == "checkbox"): null

27-02-2025T17:40:59 - [TEST_STEP][PASSED] - myStatus = element.isSelected(): null

27-02-2025T17:40:59 - [TEST_STEP][PASSED] - if (debug): null

27-02-2025T17:40:59 - [TEST_STEP][PASSED] - if (toggle && myStatus && inList): null

27-02-2025T17:40:59 - [TEST_STEP][PASSED] - if (!(myStatus) && inList || myStatus && !(inList)): null

27-02-2025T17:40:59 - [TEST_STEP][PASSED] - myValue = element.getAttribute("value"): null

27-02-2025T17:40:59 - [TEST_STEP][PASSED] - if (debug): null

27-02-2025T17:40:59 - [TEST_STEP][PASSED] - if (myValue.length() >= 4): null

27-02-2025T17:40:59 - [TEST_STEP][PASSED] - if (myValue.substring(0, 4) == "(!) "): null

27-02-2025T17:40:59 - [TEST_STEP][PASSED] - myType = element.getAttribute("type"): null

27-02-2025T17:40:59 - [TEST_STEP][PASSED] - if (myValue in varParms[i]): null

27-02-2025T17:40:59 - [TEST_STEP][PASSED] - else: null

27-02-2025T17:40:59 - [TEST_STEP][PASSED] - inList = false: null

27-02-2025T17:40:59 - [TEST_STEP][PASSED] - if (myType == "checkbox"): null

27-02-2025T17:40:59 - [TEST_STEP][PASSED] - myStatus = element.isSelected(): null

27-02-2025T17:40:59 - [TEST_STEP][PASSED] - if (debug): null

27-02-2025T17:40:59 - [TEST_STEP][PASSED] - if (toggle && myStatus && inList): null

27-02-2025T17:40:59 - [TEST_STEP][PASSED] - if (!(myStatus) && inList || myStatus && !(inList)): null

27-02-2025T17:40:59 - [TEST_STEP][PASSED] - myValue = element.getAttribute("value"): null

27-02-2025T17:40:59 - [TEST_STEP][PASSED] - if (debug): null

27-02-2025T17:40:59 - [TEST_STEP][PASSED] - if (myValue.length() >= 4): null

27-02-2025T17:40:59 - [TEST_STEP][PASSED] - if (myValue.substring(0, 4) == "(!) "): null

27-02-2025T17:40:59 - [TEST_STEP][PASSED] - myType = element.getAttribute("type"): null

27-02-2025T17:40:59 - [TEST_STEP][PASSED] - if (myValue in varParms[i]): null

27-02-2025T17:40:59 - [TEST_STEP][PASSED] - else: null

27-02-2025T17:40:59 - [TEST_STEP][PASSED] - inList = false: null

27-02-2025T17:40:59 - [TEST_STEP][PASSED] - if (myType == "checkbox"): null

27-02-2025T17:40:59 - [TEST_STEP][PASSED] - myStatus = element.isSelected(): null

27-02-2025T17:40:59 - [TEST_STEP][PASSED] - if (debug): null

27-02-2025T17:40:59 - [TEST_STEP][PASSED] - if (toggle && myStatus && inList): null

27-02-2025T17:40:59 - [TEST_STEP][PASSED] - if (!(myStatus) && inList || myStatus && !(inList)): null

27-02-2025T17:40:59 - [TEST_STEP][PASSED] - myValue = element.getAttribute("value"): null

27-02-2025T17:40:59 - [TEST_STEP][PASSED] - if (debug): null

27-02-2025T17:40:59 - [TEST_STEP][PASSED] - if (myValue.length() >= 4): null

27-02-2025T17:40:59 - [TEST_STEP][PASSED] - if (myValue.substring(0, 4) == "(!) "): null

27-02-2025T17:40:59 - [TEST_STEP][PASSED] - myType = element.getAttribute("type"): null

27-02-2025T17:40:59 - [TEST_STEP][PASSED] - if (myValue in varParms[i]): null

27-02-2025T17:40:59 - [TEST_STEP][PASSED] - inList = true: null

27-02-2025T17:40:59 - [TEST_STEP][PASSED] - if (myType == "checkbox"): null

27-02-2025T17:40:59 - [TEST_STEP][PASSED] - myStatus = element.isSelected(): null

27-02-2025T17:40:59 - [TEST_STEP][PASSED] - if (debug): null

27-02-2025T17:40:59 - [TEST_STEP][PASSED] - if (toggle && myStatus && inList): null

27-02-2025T17:40:59 - [TEST_STEP][PASSED] - if (!(myStatus) && inList || myStatus && !(inList)): null

27-02-2025T17:40:59 - [TEST_STEP][PASSED] - if (debug): null

27-02-2025T17:40:59 - [TEST_STEP][PASSED] - println("Clicking " + myValue): null

27-02-2025T17:40:59 - [TEST_STEP][PASSED] - click(element): null

27-02-2025T17:40:59 - [TEST_STEP][PASSED] - scrollToObject(elem): null

27-02-2025T17:40:59 - [TEST_STEP][PASSED] - loc = element.getLocation(): null

27-02-2025T17:40:59 - [TEST_STEP][PASSED] - if (debug): null

27-02-2025T17:40:59 - [TEST_STEP][PASSED] - y = loc.getY(): null

27-02-2025T17:40:59 - [TEST_STEP][PASSED] - println("Y location is " + y): null

27-02-2025T17:40:59 - [TEST_STEP][PASSED] - top = getViewportTopPosition(): Current viewport's top (y) position is 1647

27-02-2025T17:40:59 - [MESSAGE][PASSED] - Current viewport's top (y) position is 1647

27-02-2025T17:40:59 - [TEST_STEP][PASSED] - println("Viewport top is " + top): null

27-02-2025T17:40:59 - [TEST_STEP][PASSED] - bottom = top + 600: null

27-02-2025T17:40:59 - [TEST_STEP][PASSED] - if (y - top < 150 || bottom - y < 10): Delayed 1 second(s)

27-02-2025T17:40:59 - [TEST_STEP][PASSED] - scrollToPosition(0, y - 150): Browser is scrolled to position x = 0, y = 2341

27-02-2025T17:40:59 - [MESSAGE][PASSED] - Browser is scrolled to position x = 0, y = 2341

27-02-2025T17:40:59 - [TEST_STEP][PASSED] - delay(1): Delayed 1 second(s)

27-02-2025T17:41:00 - [MESSAGE][PASSED] - Delayed 1 second(s)

27-02-2025T17:41:00 - [TEST_STEP][PASSED] - elem.click(): null

27-02-2025T17:41:00 - [TEST_STEP][PASSED] - myValue = element.getAttribute("value"): null

27-02-2025T17:41:00 - [TEST_STEP][PASSED] - if (debug): null

27-02-2025T17:41:00 - [TEST_STEP][PASSED] - if (myValue.length() >= 4): null

27-02-2025T17:41:00 - [TEST_STEP][PASSED] - if (myValue.substring(0, 4) == "(!) "): null

27-02-2025T17:41:00 - [TEST_STEP][PASSED] - myType = element.getAttribute("type"): null

27-02-2025T17:41:00 - [TEST_STEP][PASSED] - if (myValue in varParms[i]): null

27-02-2025T17:41:00 - [TEST_STEP][PASSED] - else: null

27-02-2025T17:41:00 - [TEST_STEP][PASSED] - inList = false: null

27-02-2025T17:41:00 - [TEST_STEP][PASSED] - if (myType == "checkbox"): null

27-02-2025T17:41:00 - [TEST_STEP][PASSED] - myStatus = element.isSelected(): null

27-02-2025T17:41:00 - [TEST_STEP][PASSED] - if (debug): null

27-02-2025T17:41:00 - [TEST_STEP][PASSED] - if (toggle && myStatus && inList): null

27-02-2025T17:41:00 - [TEST_STEP][PASSED] - if (!(myStatus) && inList || myStatus && !(inList)): null

27-02-2025T17:41:00 - [TEST_STEP][PASSED] - myValue = element.getAttribute("value"): null

27-02-2025T17:41:00 - [TEST_STEP][PASSED] - if (debug): null

27-02-2025T17:41:00 - [TEST_STEP][PASSED] - if (myValue.length() >= 4): null

27-02-2025T17:41:00 - [TEST_STEP][PASSED] - if (myValue.substring(0, 4) == "(!) "): null

27-02-2025T17:41:00 - [TEST_STEP][PASSED] - myType = element.getAttribute("type"): null

27-02-2025T17:41:00 - [TEST_STEP][PASSED] - if (myValue in varParms[i]): null

27-02-2025T17:41:00 - [TEST_STEP][PASSED] - else: null

27-02-2025T17:41:00 - [TEST_STEP][PASSED] - inList = false: null

27-02-2025T17:41:00 - [TEST_STEP][PASSED] - if (myType == "checkbox"): null

27-02-2025T17:41:00 - [TEST_STEP][PASSED] - myStatus = element.isSelected(): null

27-02-2025T17:41:00 - [TEST_STEP][PASSED] - if (debug): null

27-02-2025T17:41:00 - [TEST_STEP][PASSED] - if (toggle && myStatus && inList): null

27-02-2025T17:41:00 - [TEST_STEP][PASSED] - if (!(myStatus) && inList || myStatus && !(inList)): null

27-02-2025T17:41:00 - [TEST_STEP][PASSED] - myValue = element.getAttribute("value"): null

27-02-2025T17:41:00 - [TEST_STEP][PASSED] - if (debug): null

27-02-2025T17:41:00 - [TEST_STEP][PASSED] - if (myValue.length() >= 4): null

27-02-2025T17:41:00 - [TEST_STEP][PASSED] - if (myValue.substring(0, 4) == "(!) "): null

27-02-2025T17:41:00 - [TEST_STEP][PASSED] - myType = element.getAttribute("type"): null

27-02-2025T17:41:00 - [TEST_STEP][PASSED] - if (myValue in varParms[i]): null

27-02-2025T17:41:00 - [TEST_STEP][PASSED] - inList = true: null

27-02-2025T17:41:00 - [TEST_STEP][PASSED] - if (myType == "checkbox"): null

27-02-2025T17:41:00 - [TEST_STEP][PASSED] - myStatus = element.isSelected(): null

27-02-2025T17:41:00 - [TEST_STEP][PASSED] - if (debug): null

27-02-2025T17:41:00 - [TEST_STEP][PASSED] - if (toggle && myStatus && inList): null

27-02-2025T17:41:00 - [TEST_STEP][PASSED] - if (!(myStatus) && inList || myStatus && !(inList)): null

27-02-2025T17:41:00 - [TEST_STEP][PASSED] - if (debug): null

27-02-2025T17:41:00 - [TEST_STEP][PASSED] - println("Clicking " + myValue): null

27-02-2025T17:41:00 - [TEST_STEP][PASSED] - click(element): null

27-02-2025T17:41:00 - [TEST_STEP][PASSED] - scrollToObject(elem): null

27-02-2025T17:41:00 - [TEST_STEP][PASSED] - loc = element.getLocation(): null

27-02-2025T17:41:00 - [TEST_STEP][PASSED] - if (debug): null

27-02-2025T17:41:00 - [TEST_STEP][PASSED] - y = loc.getY(): null

27-02-2025T17:41:00 - [TEST_STEP][PASSED] - println("Y location is " + y): null

27-02-2025T17:41:00 - [TEST_STEP][PASSED] - top = getViewportTopPosition(): Current viewport's top (y) position is 2341

27-02-2025T17:41:00 - [MESSAGE][PASSED] - Current viewport's top (y) position is 2341

27-02-2025T17:41:00 - [TEST_STEP][PASSED] - println("Viewport top is " + top): null

27-02-2025T17:41:00 - [TEST_STEP][PASSED] - bottom = top + 600: null

27-02-2025T17:41:00 - [TEST_STEP][PASSED] - if (y - top < 150 || bottom - y < 10): Delayed 1 second(s)

27-02-2025T17:41:00 - [TEST_STEP][PASSED] - scrollToPosition(0, y - 150): Browser is scrolled to position x = 0, y = 2247

27-02-2025T17:41:00 - [MESSAGE][PASSED] - Browser is scrolled to position x = 0, y = 2247

27-02-2025T17:41:00 - [TEST_STEP][PASSED] - delay(1): Delayed 1 second(s)

27-02-2025T17:41:01 - [MESSAGE][PASSED] - Delayed 1 second(s)

27-02-2025T17:41:01 - [TEST_STEP][PASSED] - elem.click(): null

27-02-2025T17:41:01 - [TEST_STEP][PASSED] - myValue = element.getAttribute("value"): null

27-02-2025T17:41:01 - [TEST_STEP][PASSED] - if (debug): null

27-02-2025T17:41:01 - [TEST_STEP][PASSED] - if (myValue.length() >= 4): null

27-02-2025T17:41:01 - [TEST_STEP][PASSED] - if (myValue.substring(0, 4) == "(!) "): null

27-02-2025T17:41:01 - [TEST_STEP][PASSED] - myType = element.getAttribute("type"): null

27-02-2025T17:41:01 - [TEST_STEP][PASSED] - if (myValue in varParms[i]): null

27-02-2025T17:41:01 - [TEST_STEP][PASSED] - else: null

27-02-2025T17:41:01 - [TEST_STEP][PASSED] - inList = false: null

27-02-2025T17:41:01 - [TEST_STEP][PASSED] - if (myType == "checkbox"): null

27-02-2025T17:41:01 - [TEST_STEP][PASSED] - myStatus = element.isSelected(): null

27-02-2025T17:41:01 - [TEST_STEP][PASSED] - if (debug): null

27-02-2025T17:41:01 - [TEST_STEP][PASSED] - if (toggle && myStatus && inList): null

27-02-2025T17:41:01 - [TEST_STEP][PASSED] - if (!(myStatus) && inList || myStatus && !(inList)): null

27-02-2025T17:41:01 - [TEST_STEP][PASSED] - myValue = element.getAttribute("value"): null

27-02-2025T17:41:01 - [TEST_STEP][PASSED] - if (debug): null

27-02-2025T17:41:01 - [TEST_STEP][PASSED] - if (myValue.length() >= 4): null

27-02-2025T17:41:01 - [TEST_STEP][PASSED] - if (myValue.substring(0, 4) == "(!) "): null

27-02-2025T17:41:01 - [TEST_STEP][PASSED] - myType = element.getAttribute("type"): null

27-02-2025T17:41:01 - [TEST_STEP][PASSED] - if (myValue in varParms[i]): null

27-02-2025T17:41:01 - [TEST_STEP][PASSED] - else: null

27-02-2025T17:41:01 - [TEST_STEP][PASSED] - inList = false: null

27-02-2025T17:41:01 - [TEST_STEP][PASSED] - if (myType == "checkbox"): null

27-02-2025T17:41:01 - [TEST_STEP][PASSED] - myStatus = element.isSelected(): null

27-02-2025T17:41:01 - [TEST_STEP][PASSED] - if (debug): null

27-02-2025T17:41:01 - [TEST_STEP][PASSED] - if (toggle && myStatus && inList): null

27-02-2025T17:41:01 - [TEST_STEP][PASSED] - if (!(myStatus) && inList || myStatus && !(inList)): null

27-02-2025T17:41:01 - [TEST_STEP][PASSED] - myValue = element.getAttribute("value"): null

27-02-2025T17:41:01 - [TEST_STEP][PASSED] - if (debug): null

27-02-2025T17:41:01 - [TEST_STEP][PASSED] - if (myValue.length() >= 4): null

27-02-2025T17:41:01 - [TEST_STEP][PASSED] - if (myValue.substring(0, 4) == "(!) "): null

27-02-2025T17:41:01 - [TEST_STEP][PASSED] - myType = element.getAttribute("type"): null

27-02-2025T17:41:01 - [TEST_STEP][PASSED] - if (myValue in varParms[i]): null

27-02-2025T17:41:01 - [TEST_STEP][PASSED] - else: null

27-02-2025T17:41:01 - [TEST_STEP][PASSED] - inList = false: null

27-02-2025T17:41:01 - [TEST_STEP][PASSED] - if (myType == "checkbox"): null

27-02-2025T17:41:01 - [TEST_STEP][PASSED] - myStatus = element.isSelected(): null

27-02-2025T17:41:01 - [TEST_STEP][PASSED] - if (debug): null

27-02-2025T17:41:01 - [TEST_STEP][PASSED] - if (toggle && myStatus && inList): null

27-02-2025T17:41:01 - [TEST_STEP][PASSED] - if (!(myStatus) && inList || myStatus && !(inList)): null

27-02-2025T17:41:01 - [TEST_STEP][PASSED] - myValue = element.getAttribute("value"): null

27-02-2025T17:41:01 - [TEST_STEP][PASSED] - if (debug): null

27-02-2025T17:41:01 - [TEST_STEP][PASSED] - if (myValue.length() >= 4): null

27-02-2025T17:41:01 - [TEST_STEP][PASSED] - if (myValue.substring(0, 4) == "(!) "): null

27-02-2025T17:41:01 - [TEST_STEP][PASSED] - myType = element.getAttribute("type"): null

27-02-2025T17:41:01 - [TEST_STEP][PASSED] - if (myValue in varParms[i]): null

27-02-2025T17:41:01 - [TEST_STEP][PASSED] - else: null

27-02-2025T17:41:01 - [TEST_STEP][PASSED] - inList = false: null

27-02-2025T17:41:01 - [TEST_STEP][PASSED] - if (myType == "checkbox"): null

27-02-2025T17:41:01 - [TEST_STEP][PASSED] - myStatus = element.isSelected(): null

27-02-2025T17:41:01 - [TEST_STEP][PASSED] - if (debug): null

27-02-2025T17:41:01 - [TEST_STEP][PASSED] - if (toggle && myStatus && inList): null

27-02-2025T17:41:01 - [TEST_STEP][PASSED] - if (!(myStatus) && inList || myStatus && !(inList)): null

27-02-2025T17:41:01 - [TEST_STEP][PASSED] - myValue = element.getAttribute("value"): null

27-02-2025T17:41:01 - [TEST_STEP][PASSED] - if (debug): null

27-02-2025T17:41:01 - [TEST_STEP][PASSED] - if (myValue.length() >= 4): null

27-02-2025T17:41:01 - [TEST_STEP][PASSED] - if (myValue.substring(0, 4) == "(!) "): null

27-02-2025T17:41:01 - [TEST_STEP][PASSED] - myType = element.getAttribute("type"): null

27-02-2025T17:41:01 - [TEST_STEP][PASSED] - if (myValue in varParms[i]): null

27-02-2025T17:41:01 - [TEST_STEP][PASSED] - else: null

27-02-2025T17:41:01 - [TEST_STEP][PASSED] - inList = false: null

27-02-2025T17:41:01 - [TEST_STEP][PASSED] - if (myType == "checkbox"): null

27-02-2025T17:41:01 - [TEST_STEP][PASSED] - myStatus = element.isSelected(): null

27-02-2025T17:41:01 - [TEST_STEP][PASSED] - if (debug): null

27-02-2025T17:41:01 - [TEST_STEP][PASSED] - if (toggle && myStatus && inList): null

27-02-2025T17:41:01 - [TEST_STEP][PASSED] - if (!(myStatus) && inList || myStatus && !(inList)): null

27-02-2025T17:41:01 - [TEST_STEP][PASSED] - myValue = element.getAttribute("value"): null

27-02-2025T17:41:01 - [TEST_STEP][PASSED] - if (debug): null

27-02-2025T17:41:01 - [TEST_STEP][PASSED] - if (myValue.length() >= 4): null

27-02-2025T17:41:01 - [TEST_STEP][PASSED] - if (myValue.substring(0, 4) == "(!) "): null

27-02-2025T17:41:01 - [TEST_STEP][PASSED] - myType = element.getAttribute("type"): null

27-02-2025T17:41:01 - [TEST_STEP][PASSED] - if (myValue in varParms[i]): null

27-02-2025T17:41:01 - [TEST_STEP][PASSED] - else: null

27-02-2025T17:41:01 - [TEST_STEP][PASSED] - inList = false: null

27-02-2025T17:41:01 - [TEST_STEP][PASSED] - if (myType == "checkbox"): null

27-02-2025T17:41:01 - [TEST_STEP][PASSED] - myStatus = element.isSelected(): null

27-02-2025T17:41:01 - [TEST_STEP][PASSED] - if (debug): null

27-02-2025T17:41:01 - [TEST_STEP][PASSED] - if (toggle && myStatus && inList): null

27-02-2025T17:41:01 - [TEST_STEP][PASSED] - if (!(myStatus) && inList || myStatus && !(inList)): null

27-02-2025T17:41:01 - [TEST_STEP][PASSED] - frame.dispose(): null

27-02-2025T17:41:01 - [MESSAGE][PASSED] - Call Test Case 'Test Cases/_Functions/Click on Group Elements' successfully

27-02-2025T17:41:01 - [TEST_STEP][PASSED] - if (varOther_people_group != null): Call Test Case 'Test Cases/_Functions/Perform Action' successfully

27-02-2025T17:41:01 - [TEST_STEP][PASSED] - object = "Object Repository/Journey Partner Profile/Tabs/Ministry Prefs/textarea_Other People Group": null

27-02-2025T17:41:01 - [TEST_STEP][PASSED] - callTestCase(findTestCase("_Functions/Perform Action"), ["varAction":"setText", "varObject":object, "varParm1":varOther_people_group], STOP_ON_FAILURE): Call Test Case 'Test Cases/_Functions/Perform Action' successfully

27-02-2025T17:41:01 - [TEST_CASE][PASSED] - Test Cases/_Functions/Perform Action: Test Cases/_Functions/Perform Action

27-02-2025T17:41:01 - [TEST_STEP][PASSED] - action = varAction: null

27-02-2025T17:41:01 - [TEST_STEP][PASSED] - println(action): null

27-02-2025T17:41:02 - [TEST_STEP][PASSED] - testObject = varObject: null

27-02-2025T17:41:02 - [TEST_STEP][PASSED] - println(testObject): null

27-02-2025T17:41:02 - [TEST_STEP][PASSED] - parm1 = varParm1: null

27-02-2025T17:41:02 - [TEST_STEP][PASSED] - println(parm1): null

27-02-2025T17:41:02 - [TEST_STEP][PASSED] - println("Converting " + testObject + " to web element"): null

27-02-2025T17:41:02 - [TEST_STEP][PASSED] - element = findWebElement(findTestObject(testObject), 1): null

27-02-2025T17:41:02 - [TEST_STEP][PASSED] - loc = element.getLocation(): null

27-02-2025T17:41:02 - [TEST_STEP][PASSED] - y = loc.getY(): null

27-02-2025T17:41:02 - [TEST_STEP][PASSED] - println("Y location is " + y): null

27-02-2025T17:41:02 - [TEST_STEP][PASSED] - top = getViewportTopPosition(): Current viewport's top (y) position is 2247

27-02-2025T17:41:02 - [MESSAGE][PASSED] - Current viewport's top (y) position is 2247

27-02-2025T17:41:02 - [TEST_STEP][PASSED] - println("Viewport top is " + top): null

27-02-2025T17:41:02 - [TEST_STEP][PASSED] - bottom = top + 600: null

27-02-2025T17:41:02 - [TEST_STEP][PASSED] - if (y - top < 150 || bottom - y < 10): null

27-02-2025T17:41:02 - [TEST_STEP][PASSED] - if (action == "click"): null

27-02-2025T17:41:02 - [TEST_STEP][PASSED] - else if (action == "selectOptionByValue"): null

27-02-2025T17:41:02 - [TEST_STEP][PASSED] - else if (action == "setText"): Text 'None' is set on object 'Object Repository/Journey Partner Profile/Tabs/Ministry Prefs/textarea_Other People Group'

27-02-2025T17:41:02 - [TEST_STEP][PASSED] - println("Setting text " + parm1): null

27-02-2025T17:41:02 - [TEST_STEP][PASSED] - setText(findTestObject(testObject), parm1): Text 'None' is set on object 'Object Repository/Journey Partner Profile/Tabs/Ministry Prefs/textarea_Other People Group'

27-02-2025T17:41:02 - [MESSAGE][PASSED] - Text 'None' is set on object 'Object Repository/Journey Partner Profile/Tabs/Ministry Prefs/textarea_Other People Group'

27-02-2025T17:41:02 - [MESSAGE][PASSED] - Call Test Case 'Test Cases/_Functions/Perform Action' successfully

27-02-2025T17:41:02 - [TEST_STEP][PASSED] - click(findTestObject("Object Repository/Journey Partner Profile/Tabs//btn_Complete Submit")): Object: 'Object Repository/Journey Partner Profile/Tabs//btn_Complete Submit' is clicked on

27-02-2025T17:41:06 - [MESSAGE][PASSED] - Object: 'Object Repository/Journey Partner Profile/Tabs//btn_Complete Submit' is clicked on

27-02-2025T17:41:06 - [MESSAGE][PASSED] - Call Test Case 'Test Cases/Journey Partner Profile/Tabs/Set Ministry Prefs' successfully

27-02-2025T17:41:06 - [TEST_STEP][PASSED] - if (pages.size() == 0 || "All" in pages || "IT Positions" in pages): Call Test Case 'Test Cases/Journey Partner Profile/Tabs/Set IT Positions' successfully

27-02-2025T17:41:06 - [TEST_STEP][PASSED] - click(findTestObject("Object Repository/Journey Partner Profile/Tabs/a_IT Positions")): Object: 'Object Repository/Journey Partner Profile/Tabs/a_IT Positions' is clicked on

27-02-2025T17:41:07 - [MESSAGE][PASSED] - Object: 'Object Repository/Journey Partner Profile/Tabs/a_IT Positions' is clicked on

27-02-2025T17:41:07 - [TEST_STEP][PASSED] - positions = callTestCase(findTestCase("_Functions/Get Selections from CSV File"), ["varFileName":"Journey Partner Forms/IT Positions.csv", "varSelections":"IT Expertise Needed"], STOP_ON_FAILURE): Call Test Case 'Test Cases/_Functions/Get Selections from CSV File' successfully

27-02-2025T17:41:07 - [TEST_CASE][PASSED] - Test Cases/_Functions/Get Selections from CSV File: Test Cases/_Functions/Get Selections from CSV File

27-02-2025T17:41:07 - [TEST_STEP][PASSED] - if (fastPath): null

27-02-2025T17:41:07 - [TEST_STEP][PASSED] - reader = <not implemented yet for class: org.codehaus.groovy.ast.expr.EmptyExpression>: null

27-02-2025T17:41:07 - [TEST_STEP][PASSED] - checked = []: null

27-02-2025T17:41:07 - [TEST_STEP][PASSED] - reader = new java.io.BufferedReader(new java.io.FileReader((/Users/cckozie/git/MissionNext-Katalon-Koz/Data Files/ + varFileName))): null

27-02-2025T17:41:07 - [TEST_STEP][PASSED] - line = reader.readLine(): null

27-02-2025T17:41:07 - [TEST_STEP][PASSED] - include = false: null

27-02-2025T17:41:07 - [TEST_STEP][PASSED] - frame = new javax.swing.JFrame(): null

27-02-2025T17:41:07 - [TEST_STEP][PASSED] - p = new javax.swing.JPanel(): null

27-02-2025T17:41:07 - [TEST_STEP][PASSED] - l = new javax.swing.JLabel(Loading selections from file..., javax.swing.SwingConstants.CENTER): null

27-02-2025T17:41:07 - [TEST_STEP][PASSED] - frame.add(l): null

27-02-2025T17:41:07 - [TEST_STEP][PASSED] - frame.setSize(300, 100): null

27-02-2025T17:41:07 - [TEST_STEP][PASSED] - frame.setLocation(600, 0): null

27-02-2025T17:41:07 - [TEST_STEP][PASSED] - frame.setAlwaysOnTop(true): null

27-02-2025T17:41:07 - [TEST_STEP][PASSED] - frame.show(): null

27-02-2025T17:41:07 - [TEST_STEP][PASSED] - while (line != null): null

27-02-2025T17:41:07 - [TEST_STEP][PASSED] - println(line): null

27-02-2025T17:41:07 - [TEST_STEP][PASSED] - group = line.indexOf("<Group>"): null

27-02-2025T17:41:07 - [TEST_STEP][PASSED] - println(group): null

27-02-2025T17:41:07 - [TEST_STEP][PASSED] - if (group >= 0): null

27-02-2025T17:41:07 - [TEST_STEP][PASSED] - selections = line.substring(group + 7, line.length() - 1): null

27-02-2025T17:41:07 - [TEST_STEP][PASSED] - println(selections): null

27-02-2025T17:41:07 - [TEST_STEP][PASSED] - if (selections == varSelections): null

27-02-2025T17:41:07 - [TEST_STEP][PASSED] - include = true: null

27-02-2025T17:41:07 - [TEST_STEP][PASSED] - line = reader.readLine(): null

27-02-2025T17:41:07 - [TEST_STEP][PASSED] - println(line): null

27-02-2025T17:41:07 - [TEST_STEP][PASSED] - group = line.indexOf("<Group>"): null

27-02-2025T17:41:07 - [TEST_STEP][PASSED] - println(group): null

27-02-2025T17:41:07 - [TEST_STEP][PASSED] - if (group >= 0): null

27-02-2025T17:41:07 - [TEST_STEP][PASSED] - else: null

27-02-2025T17:41:07 - [TEST_STEP][PASSED] - if (include): null

27-02-2025T17:41:07 - [TEST_STEP][PASSED] - println(line): null

27-02-2025T17:41:07 - [TEST_STEP][PASSED] - comma = line.indexOf(",y"): null

27-02-2025T17:41:07 - [TEST_STEP][PASSED] - if (comma > 0): null

27-02-2025T17:41:07 - [TEST_STEP][PASSED] - line = reader.readLine(): null

27-02-2025T17:41:07 - [TEST_STEP][PASSED] - println(line): null

27-02-2025T17:41:07 - [TEST_STEP][PASSED] - group = line.indexOf("<Group>"): null

27-02-2025T17:41:07 - [TEST_STEP][PASSED] - println(group): null

27-02-2025T17:41:07 - [TEST_STEP][PASSED] - if (group >= 0): null

27-02-2025T17:41:07 - [TEST_STEP][PASSED] - else: null

27-02-2025T17:41:07 - [TEST_STEP][PASSED] - if (include): null

27-02-2025T17:41:07 - [TEST_STEP][PASSED] - println(line): null

27-02-2025T17:41:07 - [TEST_STEP][PASSED] - comma = line.indexOf(",y"): null

27-02-2025T17:41:07 - [TEST_STEP][PASSED] - if (comma > 0): null

27-02-2025T17:41:07 - [TEST_STEP][PASSED] - commaCount = StringUtils.countMatches(line, ","): null

27-02-2025T17:41:07 - [TEST_STEP][PASSED] - if (commaCount > 1): null

27-02-2025T17:41:07 - [TEST_STEP][PASSED] - println("Mulitple Commas : " + line): null

27-02-2025T17:41:07 - [TEST_STEP][PASSED] - line = line.replace(""", ""): null

27-02-2025T17:41:07 - [TEST_STEP][PASSED] - label = line.substring(1, line.length() - 2): null

27-02-2025T17:41:07 - [TEST_STEP][PASSED] - println(label): null

27-02-2025T17:41:07 - [TEST_STEP][PASSED] - checked.add(label): null

27-02-2025T17:41:07 - [TEST_STEP][PASSED] - line = reader.readLine(): null

27-02-2025T17:41:07 - [TEST_STEP][PASSED] - println(line): null

27-02-2025T17:41:07 - [TEST_STEP][PASSED] - group = line.indexOf("<Group>"): null

27-02-2025T17:41:07 - [TEST_STEP][PASSED] - println(group): null

27-02-2025T17:41:07 - [TEST_STEP][PASSED] - if (group >= 0): null

27-02-2025T17:41:07 - [TEST_STEP][PASSED] - else: null

27-02-2025T17:41:07 - [TEST_STEP][PASSED] - if (include): null

27-02-2025T17:41:07 - [TEST_STEP][PASSED] - println(line): null

27-02-2025T17:41:07 - [TEST_STEP][PASSED] - comma = line.indexOf(",y"): null

27-02-2025T17:41:07 - [TEST_STEP][PASSED] - if (comma > 0): null

27-02-2025T17:41:07 - [TEST_STEP][PASSED] - commaCount = StringUtils.countMatches(line, ","): null

27-02-2025T17:41:07 - [TEST_STEP][PASSED] - if (commaCount > 1): null

27-02-2025T17:41:07 - [TEST_STEP][PASSED] - println("Mulitple Commas : " + line): null

27-02-2025T17:41:07 - [TEST_STEP][PASSED] - line = line.replace(""", ""): null

27-02-2025T17:41:07 - [TEST_STEP][PASSED] - label = line.substring(1, line.length() - 2): null

27-02-2025T17:41:07 - [TEST_STEP][PASSED] - println(label): null

27-02-2025T17:41:07 - [TEST_STEP][PASSED] - checked.add(label): null

27-02-2025T17:41:07 - [TEST_STEP][PASSED] - line = reader.readLine(): null

27-02-2025T17:41:07 - [TEST_STEP][PASSED] - println(line): null

27-02-2025T17:41:07 - [TEST_STEP][PASSED] - group = line.indexOf("<Group>"): null

27-02-2025T17:41:07 - [TEST_STEP][PASSED] - println(group): null

27-02-2025T17:41:07 - [TEST_STEP][PASSED] - if (group >= 0): null

27-02-2025T17:41:07 - [TEST_STEP][PASSED] - else: null

27-02-2025T17:41:07 - [TEST_STEP][PASSED] - if (include): null

27-02-2025T17:41:07 - [TEST_STEP][PASSED] - println(line): null

27-02-2025T17:41:07 - [TEST_STEP][PASSED] - comma = line.indexOf(",y"): null

27-02-2025T17:41:07 - [TEST_STEP][PASSED] - if (comma > 0): null

27-02-2025T17:41:07 - [TEST_STEP][PASSED] - line = reader.readLine(): null

27-02-2025T17:41:07 - [TEST_STEP][PASSED] - println(line): null

27-02-2025T17:41:07 - [TEST_STEP][PASSED] - group = line.indexOf("<Group>"): null

27-02-2025T17:41:07 - [TEST_STEP][PASSED] - println(group): null

27-02-2025T17:41:07 - [TEST_STEP][PASSED] - if (group >= 0): null

27-02-2025T17:41:07 - [TEST_STEP][PASSED] - else: null

27-02-2025T17:41:07 - [TEST_STEP][PASSED] - if (include): null

27-02-2025T17:41:07 - [TEST_STEP][PASSED] - println(line): null

27-02-2025T17:41:07 - [TEST_STEP][PASSED] - comma = line.indexOf(",y"): null

27-02-2025T17:41:07 - [TEST_STEP][PASSED] - if (comma > 0): null

27-02-2025T17:41:07 - [TEST_STEP][PASSED] - line = reader.readLine(): null

27-02-2025T17:41:07 - [TEST_STEP][PASSED] - println(line): null

27-02-2025T17:41:07 - [TEST_STEP][PASSED] - group = line.indexOf("<Group>"): null

27-02-2025T17:41:07 - [TEST_STEP][PASSED] - println(group): null

27-02-2025T17:41:07 - [TEST_STEP][PASSED] - if (group >= 0): null

27-02-2025T17:41:07 - [TEST_STEP][PASSED] - else: null

27-02-2025T17:41:07 - [TEST_STEP][PASSED] - if (include): null

27-02-2025T17:41:07 - [TEST_STEP][PASSED] - println(line): null

27-02-2025T17:41:07 - [TEST_STEP][PASSED] - comma = line.indexOf(",y"): null

27-02-2025T17:41:07 - [TEST_STEP][PASSED] - if (comma > 0): null

27-02-2025T17:41:07 - [TEST_STEP][PASSED] - line = reader.readLine(): null

27-02-2025T17:41:07 - [TEST_STEP][PASSED] - println(line): null

27-02-2025T17:41:07 - [TEST_STEP][PASSED] - group = line.indexOf("<Group>"): null

27-02-2025T17:41:07 - [TEST_STEP][PASSED] - println(group): null

27-02-2025T17:41:07 - [TEST_STEP][PASSED] - if (group >= 0): null

27-02-2025T17:41:07 - [TEST_STEP][PASSED] - else: null

27-02-2025T17:41:07 - [TEST_STEP][PASSED] - if (include): null

27-02-2025T17:41:07 - [TEST_STEP][PASSED] - println(line): null

27-02-2025T17:41:07 - [TEST_STEP][PASSED] - comma = line.indexOf(",y"): null

27-02-2025T17:41:07 - [TEST_STEP][PASSED] - if (comma > 0): null

27-02-2025T17:41:07 - [TEST_STEP][PASSED] - line = reader.readLine(): null

27-02-2025T17:41:07 - [TEST_STEP][PASSED] - println(line): null

27-02-2025T17:41:07 - [TEST_STEP][PASSED] - group = line.indexOf("<Group>"): null

27-02-2025T17:41:07 - [TEST_STEP][PASSED] - println(group): null

27-02-2025T17:41:07 - [TEST_STEP][PASSED] - if (group >= 0): null

27-02-2025T17:41:07 - [TEST_STEP][PASSED] - else: null

27-02-2025T17:41:07 - [TEST_STEP][PASSED] - if (include): null

27-02-2025T17:41:07 - [TEST_STEP][PASSED] - println(line): null

27-02-2025T17:41:07 - [TEST_STEP][PASSED] - comma = line.indexOf(",y"): null

27-02-2025T17:41:07 - [TEST_STEP][PASSED] - if (comma > 0): null

27-02-2025T17:41:07 - [TEST_STEP][PASSED] - line = reader.readLine(): null

27-02-2025T17:41:07 - [TEST_STEP][PASSED] - println(line): null

27-02-2025T17:41:07 - [TEST_STEP][PASSED] - group = line.indexOf("<Group>"): null

27-02-2025T17:41:07 - [TEST_STEP][PASSED] - println(group): null

27-02-2025T17:41:07 - [TEST_STEP][PASSED] - if (group >= 0): null

27-02-2025T17:41:07 - [TEST_STEP][PASSED] - else: null

27-02-2025T17:41:07 - [TEST_STEP][PASSED] - if (include): null

27-02-2025T17:41:07 - [TEST_STEP][PASSED] - println(line): null

27-02-2025T17:41:07 - [TEST_STEP][PASSED] - comma = line.indexOf(",y"): null

27-02-2025T17:41:07 - [TEST_STEP][PASSED] - if (comma > 0): null

27-02-2025T17:41:07 - [TEST_STEP][PASSED] - line = reader.readLine(): null

27-02-2025T17:41:07 - [TEST_STEP][PASSED] - println(line): null

27-02-2025T17:41:07 - [TEST_STEP][PASSED] - group = line.indexOf("<Group>"): null

27-02-2025T17:41:07 - [TEST_STEP][PASSED] - println(group): null

27-02-2025T17:41:07 - [TEST_STEP][PASSED] - if (group >= 0): null

27-02-2025T17:41:07 - [TEST_STEP][PASSED] - else: null

27-02-2025T17:41:07 - [TEST_STEP][PASSED] - if (include): null

27-02-2025T17:41:07 - [TEST_STEP][PASSED] - println(line): null

27-02-2025T17:41:07 - [TEST_STEP][PASSED] - comma = line.indexOf(",y"): null

27-02-2025T17:41:07 - [TEST_STEP][PASSED] - if (comma > 0): null

27-02-2025T17:41:07 - [TEST_STEP][PASSED] - line = reader.readLine(): null

27-02-2025T17:41:07 - [TEST_STEP][PASSED] - println(line): null

27-02-2025T17:41:07 - [TEST_STEP][PASSED] - group = line.indexOf("<Group>"): null

27-02-2025T17:41:07 - [TEST_STEP][PASSED] - println(group): null

27-02-2025T17:41:07 - [TEST_STEP][PASSED] - if (group >= 0): null

27-02-2025T17:41:07 - [TEST_STEP][PASSED] - else: null

27-02-2025T17:41:07 - [TEST_STEP][PASSED] - if (include): null

27-02-2025T17:41:07 - [TEST_STEP][PASSED] - println(line): null

27-02-2025T17:41:07 - [TEST_STEP][PASSED] - comma = line.indexOf(",y"): null

27-02-2025T17:41:07 - [TEST_STEP][PASSED] - if (comma > 0): null

27-02-2025T17:41:07 - [TEST_STEP][PASSED] - line = reader.readLine(): null

27-02-2025T17:41:07 - [TEST_STEP][PASSED] - println(line): null

27-02-2025T17:41:07 - [TEST_STEP][PASSED] - group = line.indexOf("<Group>"): null

27-02-2025T17:41:07 - [TEST_STEP][PASSED] - println(group): null

27-02-2025T17:41:07 - [TEST_STEP][PASSED] - if (group >= 0): null

27-02-2025T17:41:07 - [TEST_STEP][PASSED] - else: null

27-02-2025T17:41:07 - [TEST_STEP][PASSED] - if (include): null

27-02-2025T17:41:07 - [TEST_STEP][PASSED] - println(line): null

27-02-2025T17:41:07 - [TEST_STEP][PASSED] - comma = line.indexOf(",y"): null

27-02-2025T17:41:07 - [TEST_STEP][PASSED] - if (comma > 0): null

27-02-2025T17:41:07 - [TEST_STEP][PASSED] - commaCount = StringUtils.countMatches(line, ","): null

27-02-2025T17:41:07 - [TEST_STEP][PASSED] - if (commaCount > 1): null

27-02-2025T17:41:07 - [TEST_STEP][PASSED] - println("Mulitple Commas : " + line): null

27-02-2025T17:41:07 - [TEST_STEP][PASSED] - line = line.replace(""", ""): null

27-02-2025T17:41:07 - [TEST_STEP][PASSED] - label = line.substring(1, line.length() - 2): null

27-02-2025T17:41:07 - [TEST_STEP][PASSED] - println(label): null

27-02-2025T17:41:07 - [TEST_STEP][PASSED] - checked.add(label): null

27-02-2025T17:41:07 - [TEST_STEP][PASSED] - line = reader.readLine(): null

27-02-2025T17:41:07 - [TEST_STEP][PASSED] - println(line): null

27-02-2025T17:41:07 - [TEST_STEP][PASSED] - group = line.indexOf("<Group>"): null

27-02-2025T17:41:07 - [TEST_STEP][PASSED] - println(group): null

27-02-2025T17:41:07 - [TEST_STEP][PASSED] - if (group >= 0): null

27-02-2025T17:41:07 - [TEST_STEP][PASSED] - else: null

27-02-2025T17:41:07 - [TEST_STEP][PASSED] - if (include): null

27-02-2025T17:41:07 - [TEST_STEP][PASSED] - println(line): null

27-02-2025T17:41:07 - [TEST_STEP][PASSED] - comma = line.indexOf(",y"): null

27-02-2025T17:41:07 - [TEST_STEP][PASSED] - if (comma > 0): null

27-02-2025T17:41:07 - [TEST_STEP][PASSED] - line = reader.readLine(): null

27-02-2025T17:41:07 - [TEST_STEP][PASSED] - println(line): null

27-02-2025T17:41:07 - [TEST_STEP][PASSED] - group = line.indexOf("<Group>"): null

27-02-2025T17:41:07 - [TEST_STEP][PASSED] - println(group): null

27-02-2025T17:41:07 - [TEST_STEP][PASSED] - if (group >= 0): null

27-02-2025T17:41:07 - [TEST_STEP][PASSED] - else: null

27-02-2025T17:41:07 - [TEST_STEP][PASSED] - if (include): null

27-02-2025T17:41:07 - [TEST_STEP][PASSED] - println(line): null

27-02-2025T17:41:07 - [TEST_STEP][PASSED] - comma = line.indexOf(",y"): null

27-02-2025T17:41:07 - [TEST_STEP][PASSED] - if (comma > 0): null

27-02-2025T17:41:07 - [TEST_STEP][PASSED] - commaCount = StringUtils.countMatches(line, ","): null

27-02-2025T17:41:07 - [TEST_STEP][PASSED] - if (commaCount > 1): null

27-02-2025T17:41:07 - [TEST_STEP][PASSED] - println("Mulitple Commas : " + line): null

27-02-2025T17:41:07 - [TEST_STEP][PASSED] - line = line.replace(""", ""): null

27-02-2025T17:41:07 - [TEST_STEP][PASSED] - label = line.substring(1, line.length() - 2): null

27-02-2025T17:41:07 - [TEST_STEP][PASSED] - println(label): null

27-02-2025T17:41:07 - [TEST_STEP][PASSED] - checked.add(label): null

27-02-2025T17:41:07 - [TEST_STEP][PASSED] - line = reader.readLine(): null

27-02-2025T17:41:07 - [TEST_STEP][PASSED] - println(line): null

27-02-2025T17:41:07 - [TEST_STEP][PASSED] - group = line.indexOf("<Group>"): null

27-02-2025T17:41:07 - [TEST_STEP][PASSED] - println(group): null

27-02-2025T17:41:07 - [TEST_STEP][PASSED] - if (group >= 0): null

27-02-2025T17:41:07 - [TEST_STEP][PASSED] - else: null

27-02-2025T17:41:07 - [TEST_STEP][PASSED] - if (include): null

27-02-2025T17:41:07 - [TEST_STEP][PASSED] - println(line): null

27-02-2025T17:41:07 - [TEST_STEP][PASSED] - comma = line.indexOf(",y"): null

27-02-2025T17:41:07 - [TEST_STEP][PASSED] - if (comma > 0): null

27-02-2025T17:41:07 - [TEST_STEP][PASSED] - line = reader.readLine(): null

27-02-2025T17:41:07 - [TEST_STEP][PASSED] - println(line): null

27-02-2025T17:41:07 - [TEST_STEP][PASSED] - group = line.indexOf("<Group>"): null

27-02-2025T17:41:07 - [TEST_STEP][PASSED] - println(group): null

27-02-2025T17:41:07 - [TEST_STEP][PASSED] - if (group >= 0): null

27-02-2025T17:41:07 - [TEST_STEP][PASSED] - else: null

27-02-2025T17:41:07 - [TEST_STEP][PASSED] - if (include): null

27-02-2025T17:41:07 - [TEST_STEP][PASSED] - println(line): null

27-02-2025T17:41:07 - [TEST_STEP][PASSED] - comma = line.indexOf(",y"): null

27-02-2025T17:41:07 - [TEST_STEP][PASSED] - if (comma > 0): null

27-02-2025T17:41:07 - [TEST_STEP][PASSED] - commaCount = StringUtils.countMatches(line, ","): null

27-02-2025T17:41:07 - [TEST_STEP][PASSED] - if (commaCount > 1): null

27-02-2025T17:41:07 - [TEST_STEP][PASSED] - println("Mulitple Commas : " + line): null

27-02-2025T17:41:07 - [TEST_STEP][PASSED] - line = line.replace(""", ""): null

27-02-2025T17:41:07 - [TEST_STEP][PASSED] - label = line.substring(1, line.length() - 2): null

27-02-2025T17:41:07 - [TEST_STEP][PASSED] - println(label): null

27-02-2025T17:41:07 - [TEST_STEP][PASSED] - checked.add(label): null

27-02-2025T17:41:07 - [TEST_STEP][PASSED] - line = reader.readLine(): null

27-02-2025T17:41:07 - [TEST_STEP][PASSED] - println(line): null

27-02-2025T17:41:07 - [TEST_STEP][PASSED] - group = line.indexOf("<Group>"): null

27-02-2025T17:41:07 - [TEST_STEP][PASSED] - println(group): null

27-02-2025T17:41:07 - [TEST_STEP][PASSED] - if (group >= 0): null

27-02-2025T17:41:07 - [TEST_STEP][PASSED] - else: null

27-02-2025T17:41:07 - [TEST_STEP][PASSED] - if (include): null

27-02-2025T17:41:07 - [TEST_STEP][PASSED] - println(line): null

27-02-2025T17:41:07 - [TEST_STEP][PASSED] - comma = line.indexOf(",y"): null

27-02-2025T17:41:07 - [TEST_STEP][PASSED] - if (comma > 0): null

27-02-2025T17:41:07 - [TEST_STEP][PASSED] - line = reader.readLine(): null

27-02-2025T17:41:07 - [TEST_STEP][PASSED] - println(line): null

27-02-2025T17:41:07 - [TEST_STEP][PASSED] - group = line.indexOf("<Group>"): null

27-02-2025T17:41:07 - [TEST_STEP][PASSED] - println(group): null

27-02-2025T17:41:07 - [TEST_STEP][PASSED] - if (group >= 0): null

27-02-2025T17:41:07 - [TEST_STEP][PASSED] - else: null

27-02-2025T17:41:07 - [TEST_STEP][PASSED] - if (include): null

27-02-2025T17:41:07 - [TEST_STEP][PASSED] - println(line): null

27-02-2025T17:41:07 - [TEST_STEP][PASSED] - comma = line.indexOf(",y"): null

27-02-2025T17:41:07 - [TEST_STEP][PASSED] - if (comma > 0): null

27-02-2025T17:41:07 - [TEST_STEP][PASSED] - commaCount = StringUtils.countMatches(line, ","): null

27-02-2025T17:41:07 - [TEST_STEP][PASSED] - if (commaCount > 1): null

27-02-2025T17:41:07 - [TEST_STEP][PASSED] - println("Mulitple Commas : " + line): null

27-02-2025T17:41:07 - [TEST_STEP][PASSED] - line = line.replace(""", ""): null

27-02-2025T17:41:07 - [TEST_STEP][PASSED] - label = line.substring(1, line.length() - 2): null

27-02-2025T17:41:07 - [TEST_STEP][PASSED] - println(label): null

27-02-2025T17:41:07 - [TEST_STEP][PASSED] - checked.add(label): null

27-02-2025T17:41:07 - [TEST_STEP][PASSED] - line = reader.readLine(): null

27-02-2025T17:41:07 - [TEST_STEP][PASSED] - println(line): null

27-02-2025T17:41:07 - [TEST_STEP][PASSED] - group = line.indexOf("<Group>"): null

27-02-2025T17:41:07 - [TEST_STEP][PASSED] - println(group): null

27-02-2025T17:41:07 - [TEST_STEP][PASSED] - if (group >= 0): null

27-02-2025T17:41:07 - [TEST_STEP][PASSED] - else: null

27-02-2025T17:41:07 - [TEST_STEP][PASSED] - if (include): null

27-02-2025T17:41:07 - [TEST_STEP][PASSED] - println(line): null

27-02-2025T17:41:07 - [TEST_STEP][PASSED] - comma = line.indexOf(",y"): null

27-02-2025T17:41:07 - [TEST_STEP][PASSED] - if (comma > 0): null

27-02-2025T17:41:07 - [TEST_STEP][PASSED] - commaCount = StringUtils.countMatches(line, ","): null

27-02-2025T17:41:07 - [TEST_STEP][PASSED] - if (commaCount > 1): null

27-02-2025T17:41:07 - [TEST_STEP][PASSED] - println("Mulitple Commas : " + line): null

27-02-2025T17:41:07 - [TEST_STEP][PASSED] - line = line.replace(""", ""): null

27-02-2025T17:41:07 - [TEST_STEP][PASSED] - label = line.substring(1, line.length() - 2): null

27-02-2025T17:41:07 - [TEST_STEP][PASSED] - println(label): null

27-02-2025T17:41:07 - [TEST_STEP][PASSED] - checked.add(label): null

27-02-2025T17:41:07 - [TEST_STEP][PASSED] - line = reader.readLine(): null

27-02-2025T17:41:07 - [TEST_STEP][PASSED] - println(line): null

27-02-2025T17:41:07 - [TEST_STEP][PASSED] - group = line.indexOf("<Group>"): null

27-02-2025T17:41:07 - [TEST_STEP][PASSED] - println(group): null

27-02-2025T17:41:07 - [TEST_STEP][PASSED] - if (group >= 0): null

27-02-2025T17:41:07 - [TEST_STEP][PASSED] - else: null

27-02-2025T17:41:07 - [TEST_STEP][PASSED] - if (include): null

27-02-2025T17:41:07 - [TEST_STEP][PASSED] - println(line): null

27-02-2025T17:41:07 - [TEST_STEP][PASSED] - comma = line.indexOf(",y"): null

27-02-2025T17:41:07 - [TEST_STEP][PASSED] - if (comma > 0): null

27-02-2025T17:41:07 - [TEST_STEP][PASSED] - line = reader.readLine(): null

27-02-2025T17:41:07 - [TEST_STEP][PASSED] - println(line): null

27-02-2025T17:41:07 - [TEST_STEP][PASSED] - group = line.indexOf("<Group>"): null

27-02-2025T17:41:07 - [TEST_STEP][PASSED] - println(group): null

27-02-2025T17:41:07 - [TEST_STEP][PASSED] - if (group >= 0): null

27-02-2025T17:41:07 - [TEST_STEP][PASSED] - else: null

27-02-2025T17:41:07 - [TEST_STEP][PASSED] - if (include): null

27-02-2025T17:41:07 - [TEST_STEP][PASSED] - println(line): null

27-02-2025T17:41:07 - [TEST_STEP][PASSED] - comma = line.indexOf(",y"): null

27-02-2025T17:41:07 - [TEST_STEP][PASSED] - if (comma > 0): null

27-02-2025T17:41:07 - [TEST_STEP][PASSED] - line = reader.readLine(): null

27-02-2025T17:41:07 - [TEST_STEP][PASSED] - println(line): null

27-02-2025T17:41:07 - [TEST_STEP][PASSED] - group = line.indexOf("<Group>"): null

27-02-2025T17:41:07 - [TEST_STEP][PASSED] - println(group): null

27-02-2025T17:41:07 - [TEST_STEP][PASSED] - if (group >= 0): null

27-02-2025T17:41:07 - [TEST_STEP][PASSED] - else: null

27-02-2025T17:41:07 - [TEST_STEP][PASSED] - if (include): null

27-02-2025T17:41:07 - [TEST_STEP][PASSED] - println(line): null

27-02-2025T17:41:07 - [TEST_STEP][PASSED] - comma = line.indexOf(",y"): null

27-02-2025T17:41:07 - [TEST_STEP][PASSED] - if (comma > 0): null

27-02-2025T17:41:07 - [TEST_STEP][PASSED] - commaCount = StringUtils.countMatches(line, ","): null

27-02-2025T17:41:07 - [TEST_STEP][PASSED] - if (commaCount > 1): null

27-02-2025T17:41:07 - [TEST_STEP][PASSED] - println("Mulitple Commas : " + line): null

27-02-2025T17:41:07 - [TEST_STEP][PASSED] - line = line.replace(""", ""): null

27-02-2025T17:41:07 - [TEST_STEP][PASSED] - label = line.substring(1, line.length() - 2): null

27-02-2025T17:41:07 - [TEST_STEP][PASSED] - println(label): null

27-02-2025T17:41:07 - [TEST_STEP][PASSED] - checked.add(label): null

27-02-2025T17:41:07 - [TEST_STEP][PASSED] - line = reader.readLine(): null

27-02-2025T17:41:07 - [TEST_STEP][PASSED] - println(line): null

27-02-2025T17:41:07 - [TEST_STEP][PASSED] - group = line.indexOf("<Group>"): null

27-02-2025T17:41:07 - [TEST_STEP][PASSED] - println(group): null

27-02-2025T17:41:07 - [TEST_STEP][PASSED] - if (group >= 0): null

27-02-2025T17:41:07 - [TEST_STEP][PASSED] - else: null

27-02-2025T17:41:07 - [TEST_STEP][PASSED] - if (include): null

27-02-2025T17:41:07 - [TEST_STEP][PASSED] - println(line): null

27-02-2025T17:41:07 - [TEST_STEP][PASSED] - comma = line.indexOf(",y"): null

27-02-2025T17:41:07 - [TEST_STEP][PASSED] - if (comma > 0): null

27-02-2025T17:41:07 - [TEST_STEP][PASSED] - commaCount = StringUtils.countMatches(line, ","): null

27-02-2025T17:41:07 - [TEST_STEP][PASSED] - if (commaCount > 1): null

27-02-2025T17:41:07 - [TEST_STEP][PASSED] - println("Mulitple Commas : " + line): null

27-02-2025T17:41:07 - [TEST_STEP][PASSED] - line = line.replace(""", ""): null

27-02-2025T17:41:07 - [TEST_STEP][PASSED] - label = line.substring(1, line.length() - 2): null

27-02-2025T17:41:07 - [TEST_STEP][PASSED] - println(label): null

27-02-2025T17:41:07 - [TEST_STEP][PASSED] - checked.add(label): null

27-02-2025T17:41:07 - [TEST_STEP][PASSED] - line = reader.readLine(): null

27-02-2025T17:41:07 - [TEST_STEP][PASSED] - println(line): null

27-02-2025T17:41:07 - [TEST_STEP][PASSED] - group = line.indexOf("<Group>"): null

27-02-2025T17:41:07 - [TEST_STEP][PASSED] - println(group): null

27-02-2025T17:41:07 - [TEST_STEP][PASSED] - if (group >= 0): null

27-02-2025T17:41:07 - [TEST_STEP][PASSED] - else: null

27-02-2025T17:41:07 - [TEST_STEP][PASSED] - if (include): null

27-02-2025T17:41:07 - [TEST_STEP][PASSED] - println(line): null

27-02-2025T17:41:07 - [TEST_STEP][PASSED] - comma = line.indexOf(",y"): null

27-02-2025T17:41:07 - [TEST_STEP][PASSED] - if (comma > 0): null

27-02-2025T17:41:07 - [TEST_STEP][PASSED] - line = reader.readLine(): null

27-02-2025T17:41:07 - [TEST_STEP][PASSED] - println(line): null

27-02-2025T17:41:07 - [TEST_STEP][PASSED] - group = line.indexOf("<Group>"): null

27-02-2025T17:41:07 - [TEST_STEP][PASSED] - println(group): null

27-02-2025T17:41:07 - [TEST_STEP][PASSED] - if (group >= 0): null

27-02-2025T17:41:07 - [TEST_STEP][PASSED] - else: null

27-02-2025T17:41:07 - [TEST_STEP][PASSED] - if (include): null

27-02-2025T17:41:07 - [TEST_STEP][PASSED] - println(line): null

27-02-2025T17:41:07 - [TEST_STEP][PASSED] - comma = line.indexOf(",y"): null

27-02-2025T17:41:07 - [TEST_STEP][PASSED] - if (comma > 0): null

27-02-2025T17:41:07 - [TEST_STEP][PASSED] - line = reader.readLine(): null

27-02-2025T17:41:07 - [TEST_STEP][PASSED] - println(line): null

27-02-2025T17:41:07 - [TEST_STEP][PASSED] - group = line.indexOf("<Group>"): null

27-02-2025T17:41:07 - [TEST_STEP][PASSED] - println(group): null

27-02-2025T17:41:07 - [TEST_STEP][PASSED] - if (group >= 0): null

27-02-2025T17:41:07 - [TEST_STEP][PASSED] - else: null

27-02-2025T17:41:07 - [TEST_STEP][PASSED] - if (include): null

27-02-2025T17:41:07 - [TEST_STEP][PASSED] - println(line): null

27-02-2025T17:41:07 - [TEST_STEP][PASSED] - comma = line.indexOf(",y"): null

27-02-2025T17:41:07 - [TEST_STEP][PASSED] - if (comma > 0): null

27-02-2025T17:41:07 - [TEST_STEP][PASSED] - line = reader.readLine(): null

27-02-2025T17:41:07 - [TEST_STEP][PASSED] - println(line): null

27-02-2025T17:41:07 - [TEST_STEP][PASSED] - group = line.indexOf("<Group>"): null

27-02-2025T17:41:07 - [TEST_STEP][PASSED] - println(group): null

27-02-2025T17:41:07 - [TEST_STEP][PASSED] - if (group >= 0): null

27-02-2025T17:41:07 - [TEST_STEP][PASSED] - else: null

27-02-2025T17:41:07 - [TEST_STEP][PASSED] - if (include): null

27-02-2025T17:41:07 - [TEST_STEP][PASSED] - println(line): null

27-02-2025T17:41:07 - [TEST_STEP][PASSED] - comma = line.indexOf(",y"): null

27-02-2025T17:41:07 - [TEST_STEP][PASSED] - if (comma > 0): null

27-02-2025T17:41:07 - [TEST_STEP][PASSED] - line = reader.readLine(): null

27-02-2025T17:41:07 - [TEST_STEP][PASSED] - println(line): null

27-02-2025T17:41:07 - [TEST_STEP][PASSED] - group = line.indexOf("<Group>"): null

27-02-2025T17:41:07 - [TEST_STEP][PASSED] - println(group): null

27-02-2025T17:41:07 - [TEST_STEP][PASSED] - if (group >= 0): null

27-02-2025T17:41:07 - [TEST_STEP][PASSED] - else: null

27-02-2025T17:41:07 - [TEST_STEP][PASSED] - if (include): null

27-02-2025T17:41:07 - [TEST_STEP][PASSED] - println(line): null

27-02-2025T17:41:07 - [TEST_STEP][PASSED] - comma = line.indexOf(",y"): null

27-02-2025T17:41:07 - [TEST_STEP][PASSED] - if (comma > 0): null

27-02-2025T17:41:07 - [TEST_STEP][PASSED] - line = reader.readLine(): null

27-02-2025T17:41:07 - [TEST_STEP][PASSED] - println(line): null

27-02-2025T17:41:07 - [TEST_STEP][PASSED] - group = line.indexOf("<Group>"): null

27-02-2025T17:41:07 - [TEST_STEP][PASSED] - println(group): null

27-02-2025T17:41:07 - [TEST_STEP][PASSED] - if (group >= 0): null

27-02-2025T17:41:07 - [TEST_STEP][PASSED] - else: null

27-02-2025T17:41:07 - [TEST_STEP][PASSED] - if (include): null

27-02-2025T17:41:07 - [TEST_STEP][PASSED] - println(line): null

27-02-2025T17:41:07 - [TEST_STEP][PASSED] - comma = line.indexOf(",y"): null

27-02-2025T17:41:07 - [TEST_STEP][PASSED] - if (comma > 0): null

27-02-2025T17:41:07 - [TEST_STEP][PASSED] - line = reader.readLine(): null

27-02-2025T17:41:07 - [TEST_STEP][PASSED] - println(line): null

27-02-2025T17:41:07 - [TEST_STEP][PASSED] - group = line.indexOf("<Group>"): null

27-02-2025T17:41:07 - [TEST_STEP][PASSED] - println(group): null

27-02-2025T17:41:07 - [TEST_STEP][PASSED] - if (group >= 0): null

27-02-2025T17:41:07 - [TEST_STEP][PASSED] - else: null

27-02-2025T17:41:07 - [TEST_STEP][PASSED] - if (include): null

27-02-2025T17:41:07 - [TEST_STEP][PASSED] - println(line): null

27-02-2025T17:41:07 - [TEST_STEP][PASSED] - comma = line.indexOf(",y"): null

27-02-2025T17:41:07 - [TEST_STEP][PASSED] - if (comma > 0): null

27-02-2025T17:41:07 - [TEST_STEP][PASSED] - line = reader.readLine(): null

27-02-2025T17:41:07 - [TEST_STEP][PASSED] - println(line): null

27-02-2025T17:41:07 - [TEST_STEP][PASSED] - group = line.indexOf("<Group>"): null

27-02-2025T17:41:07 - [TEST_STEP][PASSED] - println(group): null

27-02-2025T17:41:07 - [TEST_STEP][PASSED] - if (group >= 0): null

27-02-2025T17:41:07 - [TEST_STEP][PASSED] - else: null

27-02-2025T17:41:07 - [TEST_STEP][PASSED] - if (include): null

27-02-2025T17:41:07 - [TEST_STEP][PASSED] - println(line): null

27-02-2025T17:41:07 - [TEST_STEP][PASSED] - comma = line.indexOf(",y"): null

27-02-2025T17:41:07 - [TEST_STEP][PASSED] - if (comma > 0): null

27-02-2025T17:41:07 - [TEST_STEP][PASSED] - line = reader.readLine(): null

27-02-2025T17:41:07 - [TEST_STEP][PASSED] - println(line): null

27-02-2025T17:41:07 - [TEST_STEP][PASSED] - group = line.indexOf("<Group>"): null

27-02-2025T17:41:07 - [TEST_STEP][PASSED] - println(group): null

27-02-2025T17:41:07 - [TEST_STEP][PASSED] - if (group >= 0): null

27-02-2025T17:41:07 - [TEST_STEP][PASSED] - else: null

27-02-2025T17:41:07 - [TEST_STEP][PASSED] - if (include): null

27-02-2025T17:41:07 - [TEST_STEP][PASSED] - println(line): null

27-02-2025T17:41:07 - [TEST_STEP][PASSED] - comma = line.indexOf(",y"): null

27-02-2025T17:41:07 - [TEST_STEP][PASSED] - if (comma > 0): null

27-02-2025T17:41:07 - [TEST_STEP][PASSED] - line = reader.readLine(): null

27-02-2025T17:41:07 - [TEST_STEP][PASSED] - println(line): null

27-02-2025T17:41:07 - [TEST_STEP][PASSED] - group = line.indexOf("<Group>"): null

27-02-2025T17:41:07 - [TEST_STEP][PASSED] - println(group): null

27-02-2025T17:41:07 - [TEST_STEP][PASSED] - if (group >= 0): null

27-02-2025T17:41:07 - [TEST_STEP][PASSED] - else: null

27-02-2025T17:41:07 - [TEST_STEP][PASSED] - if (include): null

27-02-2025T17:41:07 - [TEST_STEP][PASSED] - println(line): null

27-02-2025T17:41:07 - [TEST_STEP][PASSED] - comma = line.indexOf(",y"): null

27-02-2025T17:41:07 - [TEST_STEP][PASSED] - if (comma > 0): null

27-02-2025T17:41:07 - [TEST_STEP][PASSED] - line = reader.readLine(): null

27-02-2025T17:41:07 - [TEST_STEP][PASSED] - println(line): null

27-02-2025T17:41:07 - [TEST_STEP][PASSED] - group = line.indexOf("<Group>"): null

27-02-2025T17:41:07 - [TEST_STEP][PASSED] - println(group): null

27-02-2025T17:41:07 - [TEST_STEP][PASSED] - if (group >= 0): null

27-02-2025T17:41:07 - [TEST_STEP][PASSED] - else: null

27-02-2025T17:41:07 - [TEST_STEP][PASSED] - if (include): null

27-02-2025T17:41:07 - [TEST_STEP][PASSED] - println(line): null

27-02-2025T17:41:07 - [TEST_STEP][PASSED] - comma = line.indexOf(",y"): null

27-02-2025T17:41:07 - [TEST_STEP][PASSED] - if (comma > 0): null

27-02-2025T17:41:07 - [TEST_STEP][PASSED] - line = reader.readLine(): null

27-02-2025T17:41:07 - [TEST_STEP][PASSED] - println(line): null

27-02-2025T17:41:07 - [TEST_STEP][PASSED] - group = line.indexOf("<Group>"): null

27-02-2025T17:41:07 - [TEST_STEP][PASSED] - println(group): null

27-02-2025T17:41:07 - [TEST_STEP][PASSED] - if (group >= 0): null

27-02-2025T17:41:07 - [TEST_STEP][PASSED] - else: null

27-02-2025T17:41:07 - [TEST_STEP][PASSED] - if (include): null

27-02-2025T17:41:07 - [TEST_STEP][PASSED] - println(line): null

27-02-2025T17:41:07 - [TEST_STEP][PASSED] - comma = line.indexOf(",y"): null

27-02-2025T17:41:07 - [TEST_STEP][PASSED] - if (comma > 0): null

27-02-2025T17:41:07 - [TEST_STEP][PASSED] - line = reader.readLine(): null

27-02-2025T17:41:07 - [TEST_STEP][PASSED] - println(line): null

27-02-2025T17:41:07 - [TEST_STEP][PASSED] - group = line.indexOf("<Group>"): null

27-02-2025T17:41:07 - [TEST_STEP][PASSED] - println(group): null

27-02-2025T17:41:07 - [TEST_STEP][PASSED] - if (group >= 0): null

27-02-2025T17:41:07 - [TEST_STEP][PASSED] - else: null

27-02-2025T17:41:07 - [TEST_STEP][PASSED] - if (include): null

27-02-2025T17:41:07 - [TEST_STEP][PASSED] - println(line): null

27-02-2025T17:41:07 - [TEST_STEP][PASSED] - comma = line.indexOf(",y"): null

27-02-2025T17:41:07 - [TEST_STEP][PASSED] - if (comma > 0): null

27-02-2025T17:41:07 - [TEST_STEP][PASSED] - line = reader.readLine(): null

27-02-2025T17:41:07 - [TEST_STEP][PASSED] - println(line): null

27-02-2025T17:41:07 - [TEST_STEP][PASSED] - group = line.indexOf("<Group>"): null

27-02-2025T17:41:07 - [TEST_STEP][PASSED] - println(group): null

27-02-2025T17:41:07 - [TEST_STEP][PASSED] - if (group >= 0): null

27-02-2025T17:41:07 - [TEST_STEP][PASSED] - else: null

27-02-2025T17:41:07 - [TEST_STEP][PASSED] - if (include): null

27-02-2025T17:41:07 - [TEST_STEP][PASSED] - println(line): null

27-02-2025T17:41:07 - [TEST_STEP][PASSED] - comma = line.indexOf(",y"): null

27-02-2025T17:41:07 - [TEST_STEP][PASSED] - if (comma > 0): null

27-02-2025T17:41:07 - [TEST_STEP][PASSED] - line = reader.readLine(): null

27-02-2025T17:41:07 - [TEST_STEP][PASSED] - println(line): null

27-02-2025T17:41:07 - [TEST_STEP][PASSED] - group = line.indexOf("<Group>"): null

27-02-2025T17:41:07 - [TEST_STEP][PASSED] - println(group): null

27-02-2025T17:41:07 - [TEST_STEP][PASSED] - if (group >= 0): null

27-02-2025T17:41:07 - [TEST_STEP][PASSED] - else: null

27-02-2025T17:41:07 - [TEST_STEP][PASSED] - if (include): null

27-02-2025T17:41:07 - [TEST_STEP][PASSED] - println(line): null

27-02-2025T17:41:07 - [TEST_STEP][PASSED] - comma = line.indexOf(",y"): null

27-02-2025T17:41:07 - [TEST_STEP][PASSED] - if (comma > 0): null

27-02-2025T17:41:07 - [TEST_STEP][PASSED] - line = reader.readLine(): null

27-02-2025T17:41:07 - [TEST_STEP][PASSED] - println(line): null

27-02-2025T17:41:07 - [TEST_STEP][PASSED] - group = line.indexOf("<Group>"): null

27-02-2025T17:41:07 - [TEST_STEP][PASSED] - println(group): null

27-02-2025T17:41:07 - [TEST_STEP][PASSED] - if (group >= 0): null

27-02-2025T17:41:07 - [TEST_STEP][PASSED] - else: null

27-02-2025T17:41:07 - [TEST_STEP][PASSED] - if (include): null

27-02-2025T17:41:07 - [TEST_STEP][PASSED] - println(line): null

27-02-2025T17:41:07 - [TEST_STEP][PASSED] - comma = line.indexOf(",y"): null

27-02-2025T17:41:07 - [TEST_STEP][PASSED] - if (comma > 0): null

27-02-2025T17:41:07 - [TEST_STEP][PASSED] - line = reader.readLine(): null

27-02-2025T17:41:07 - [TEST_STEP][PASSED] - println(line): null

27-02-2025T17:41:07 - [TEST_STEP][PASSED] - group = line.indexOf("<Group>"): null

27-02-2025T17:41:07 - [TEST_STEP][PASSED] - println(group): null

27-02-2025T17:41:07 - [TEST_STEP][PASSED] - if (group >= 0): null

27-02-2025T17:41:07 - [TEST_STEP][PASSED] - else: null

27-02-2025T17:41:07 - [TEST_STEP][PASSED] - if (include): null

27-02-2025T17:41:07 - [TEST_STEP][PASSED] - println(line): null

27-02-2025T17:41:07 - [TEST_STEP][PASSED] - comma = line.indexOf(",y"): null

27-02-2025T17:41:07 - [TEST_STEP][PASSED] - if (comma > 0): null

27-02-2025T17:41:07 - [TEST_STEP][PASSED] - line = reader.readLine(): null

27-02-2025T17:41:07 - [TEST_STEP][PASSED] - println(line): null

27-02-2025T17:41:07 - [TEST_STEP][PASSED] - group = line.indexOf("<Group>"): null

27-02-2025T17:41:07 - [TEST_STEP][PASSED] - println(group): null

27-02-2025T17:41:07 - [TEST_STEP][PASSED] - if (group >= 0): null

27-02-2025T17:41:07 - [TEST_STEP][PASSED] - else: null

27-02-2025T17:41:07 - [TEST_STEP][PASSED] - if (include): null

27-02-2025T17:41:07 - [TEST_STEP][PASSED] - println(line): null

27-02-2025T17:41:07 - [TEST_STEP][PASSED] - comma = line.indexOf(",y"): null

27-02-2025T17:41:07 - [TEST_STEP][PASSED] - if (comma > 0): null

27-02-2025T17:41:07 - [TEST_STEP][PASSED] - line = reader.readLine(): null

27-02-2025T17:41:07 - [TEST_STEP][PASSED] - println(line): null

27-02-2025T17:41:07 - [TEST_STEP][PASSED] - group = line.indexOf("<Group>"): null

27-02-2025T17:41:07 - [TEST_STEP][PASSED] - println(group): null

27-02-2025T17:41:07 - [TEST_STEP][PASSED] - if (group >= 0): null

27-02-2025T17:41:07 - [TEST_STEP][PASSED] - else: null

27-02-2025T17:41:07 - [TEST_STEP][PASSED] - if (include): null

27-02-2025T17:41:07 - [TEST_STEP][PASSED] - println(line): null

27-02-2025T17:41:07 - [TEST_STEP][PASSED] - comma = line.indexOf(",y"): null

27-02-2025T17:41:07 - [TEST_STEP][PASSED] - if (comma > 0): null

27-02-2025T17:41:07 - [TEST_STEP][PASSED] - line = reader.readLine(): null

27-02-2025T17:41:07 - [TEST_STEP][PASSED] - println(line): null

27-02-2025T17:41:07 - [TEST_STEP][PASSED] - group = line.indexOf("<Group>"): null

27-02-2025T17:41:07 - [TEST_STEP][PASSED] - println(group): null

27-02-2025T17:41:07 - [TEST_STEP][PASSED] - if (group >= 0): null

27-02-2025T17:41:07 - [TEST_STEP][PASSED] - else: null

27-02-2025T17:41:07 - [TEST_STEP][PASSED] - if (include): null

27-02-2025T17:41:07 - [TEST_STEP][PASSED] - println(line): null

27-02-2025T17:41:07 - [TEST_STEP][PASSED] - comma = line.indexOf(",y"): null

27-02-2025T17:41:07 - [TEST_STEP][PASSED] - if (comma > 0): null

27-02-2025T17:41:07 - [TEST_STEP][PASSED] - line = reader.readLine(): null

27-02-2025T17:41:07 - [TEST_STEP][PASSED] - println(line): null

27-02-2025T17:41:07 - [TEST_STEP][PASSED] - group = line.indexOf("<Group>"): null

27-02-2025T17:41:07 - [TEST_STEP][PASSED] - println(group): null

27-02-2025T17:41:07 - [TEST_STEP][PASSED] - if (group >= 0): null

27-02-2025T17:41:07 - [TEST_STEP][PASSED] - else: null

27-02-2025T17:41:07 - [TEST_STEP][PASSED] - if (include): null

27-02-2025T17:41:07 - [TEST_STEP][PASSED] - println(line): null

27-02-2025T17:41:07 - [TEST_STEP][PASSED] - comma = line.indexOf(",y"): null

27-02-2025T17:41:07 - [TEST_STEP][PASSED] - if (comma > 0): null

27-02-2025T17:41:07 - [TEST_STEP][PASSED] - line = reader.readLine(): null

27-02-2025T17:41:07 - [TEST_STEP][PASSED] - println(line): null

27-02-2025T17:41:07 - [TEST_STEP][PASSED] - group = line.indexOf("<Group>"): null

27-02-2025T17:41:07 - [TEST_STEP][PASSED] - println(group): null

27-02-2025T17:41:07 - [TEST_STEP][PASSED] - if (group >= 0): null

27-02-2025T17:41:07 - [TEST_STEP][PASSED] - else: null

27-02-2025T17:41:07 - [TEST_STEP][PASSED] - if (include): null

27-02-2025T17:41:07 - [TEST_STEP][PASSED] - println(line): null

27-02-2025T17:41:07 - [TEST_STEP][PASSED] - comma = line.indexOf(",y"): null

27-02-2025T17:41:07 - [TEST_STEP][PASSED] - if (comma > 0): null

27-02-2025T17:41:07 - [TEST_STEP][PASSED] - line = reader.readLine(): null

27-02-2025T17:41:07 - [TEST_STEP][PASSED] - println(line): null

27-02-2025T17:41:07 - [TEST_STEP][PASSED] - group = line.indexOf("<Group>"): null

27-02-2025T17:41:07 - [TEST_STEP][PASSED] - println(group): null

27-02-2025T17:41:07 - [TEST_STEP][PASSED] - if (group >= 0): null

27-02-2025T17:41:07 - [TEST_STEP][PASSED] - else: null

27-02-2025T17:41:07 - [TEST_STEP][PASSED] - if (include): null

27-02-2025T17:41:07 - [TEST_STEP][PASSED] - println(line): null

27-02-2025T17:41:07 - [TEST_STEP][PASSED] - comma = line.indexOf(",y"): null

27-02-2025T17:41:07 - [TEST_STEP][PASSED] - if (comma > 0): null

27-02-2025T17:41:07 - [TEST_STEP][PASSED] - line = reader.readLine(): null

27-02-2025T17:41:07 - [TEST_STEP][PASSED] - println(line): null

27-02-2025T17:41:07 - [TEST_STEP][PASSED] - group = line.indexOf("<Group>"): null

27-02-2025T17:41:07 - [TEST_STEP][PASSED] - println(group): null

27-02-2025T17:41:07 - [TEST_STEP][PASSED] - if (group >= 0): null

27-02-2025T17:41:07 - [TEST_STEP][PASSED] - else: null

27-02-2025T17:41:07 - [TEST_STEP][PASSED] - if (include): null

27-02-2025T17:41:07 - [TEST_STEP][PASSED] - println(line): null

27-02-2025T17:41:07 - [TEST_STEP][PASSED] - comma = line.indexOf(",y"): null

27-02-2025T17:41:07 - [TEST_STEP][PASSED] - if (comma > 0): null

27-02-2025T17:41:07 - [TEST_STEP][PASSED] - line = reader.readLine(): null

27-02-2025T17:41:07 - [TEST_STEP][PASSED] - println(line): null

27-02-2025T17:41:07 - [TEST_STEP][PASSED] - group = line.indexOf("<Group>"): null

27-02-2025T17:41:07 - [TEST_STEP][PASSED] - println(group): null

27-02-2025T17:41:07 - [TEST_STEP][PASSED] - if (group >= 0): null

27-02-2025T17:41:07 - [TEST_STEP][PASSED] - else: null

27-02-2025T17:41:07 - [TEST_STEP][PASSED] - if (include): null

27-02-2025T17:41:07 - [TEST_STEP][PASSED] - println(line): null

27-02-2025T17:41:07 - [TEST_STEP][PASSED] - comma = line.indexOf(",y"): null

27-02-2025T17:41:07 - [TEST_STEP][PASSED] - if (comma > 0): null

27-02-2025T17:41:07 - [TEST_STEP][PASSED] - line = reader.readLine(): null

27-02-2025T17:41:07 - [TEST_STEP][PASSED] - println(line): null

27-02-2025T17:41:07 - [TEST_STEP][PASSED] - group = line.indexOf("<Group>"): null

27-02-2025T17:41:07 - [TEST_STEP][PASSED] - println(group): null

27-02-2025T17:41:07 - [TEST_STEP][PASSED] - if (group >= 0): null

27-02-2025T17:41:07 - [TEST_STEP][PASSED] - else: null

27-02-2025T17:41:07 - [TEST_STEP][PASSED] - if (include): null

27-02-2025T17:41:07 - [TEST_STEP][PASSED] - println(line): null

27-02-2025T17:41:07 - [TEST_STEP][PASSED] - comma = line.indexOf(",y"): null

27-02-2025T17:41:07 - [TEST_STEP][PASSED] - if (comma > 0): null

27-02-2025T17:41:07 - [TEST_STEP][PASSED] - line = reader.readLine(): null

27-02-2025T17:41:07 - [TEST_STEP][PASSED] - println(line): null

27-02-2025T17:41:07 - [TEST_STEP][PASSED] - group = line.indexOf("<Group>"): null

27-02-2025T17:41:07 - [TEST_STEP][PASSED] - println(group): null

27-02-2025T17:41:07 - [TEST_STEP][PASSED] - if (group >= 0): null

27-02-2025T17:41:07 - [TEST_STEP][PASSED] - else: null

27-02-2025T17:41:07 - [TEST_STEP][PASSED] - if (include): null

27-02-2025T17:41:07 - [TEST_STEP][PASSED] - println(line): null

27-02-2025T17:41:07 - [TEST_STEP][PASSED] - comma = line.indexOf(",y"): null

27-02-2025T17:41:07 - [TEST_STEP][PASSED] - if (comma > 0): null

27-02-2025T17:41:07 - [TEST_STEP][PASSED] - line = reader.readLine(): null

27-02-2025T17:41:07 - [TEST_STEP][PASSED] - println(line): null

27-02-2025T17:41:07 - [TEST_STEP][PASSED] - group = line.indexOf("<Group>"): null

27-02-2025T17:41:07 - [TEST_STEP][PASSED] - println(group): null

27-02-2025T17:41:07 - [TEST_STEP][PASSED] - if (group >= 0): null

27-02-2025T17:41:07 - [TEST_STEP][PASSED] - else: null

27-02-2025T17:41:07 - [TEST_STEP][PASSED] - if (include): null

27-02-2025T17:41:07 - [TEST_STEP][PASSED] - println(line): null

27-02-2025T17:41:07 - [TEST_STEP][PASSED] - comma = line.indexOf(",y"): null

27-02-2025T17:41:07 - [TEST_STEP][PASSED] - if (comma > 0): null

27-02-2025T17:41:07 - [TEST_STEP][PASSED] - line = reader.readLine(): null

27-02-2025T17:41:07 - [TEST_STEP][PASSED] - println(line): null

27-02-2025T17:41:07 - [TEST_STEP][PASSED] - group = line.indexOf("<Group>"): null

27-02-2025T17:41:07 - [TEST_STEP][PASSED] - println(group): null

27-02-2025T17:41:07 - [TEST_STEP][PASSED] - if (group >= 0): null

27-02-2025T17:41:07 - [TEST_STEP][PASSED] - else: null

27-02-2025T17:41:07 - [TEST_STEP][PASSED] - if (include): null

27-02-2025T17:41:07 - [TEST_STEP][PASSED] - println(line): null

27-02-2025T17:41:07 - [TEST_STEP][PASSED] - comma = line.indexOf(",y"): null

27-02-2025T17:41:07 - [TEST_STEP][PASSED] - if (comma > 0): null

27-02-2025T17:41:07 - [TEST_STEP][PASSED] - commaCount = StringUtils.countMatches(line, ","): null

27-02-2025T17:41:07 - [TEST_STEP][PASSED] - if (commaCount > 1): null

27-02-2025T17:41:07 - [TEST_STEP][PASSED] - else: null

27-02-2025T17:41:07 - [TEST_STEP][PASSED] - label = line.substring(1, comma): null

27-02-2025T17:41:07 - [TEST_STEP][PASSED] - println(label): null

27-02-2025T17:41:07 - [TEST_STEP][PASSED] - checked.add(label): null

27-02-2025T17:41:07 - [TEST_STEP][PASSED] - line = reader.readLine(): null

27-02-2025T17:41:07 - [TEST_STEP][PASSED] - println(line): null

27-02-2025T17:41:07 - [TEST_STEP][PASSED] - group = line.indexOf("<Group>"): null

27-02-2025T17:41:07 - [TEST_STEP][PASSED] - println(group): null

27-02-2025T17:41:07 - [TEST_STEP][PASSED] - if (group >= 0): null

27-02-2025T17:41:07 - [TEST_STEP][PASSED] - else: null

27-02-2025T17:41:07 - [TEST_STEP][PASSED] - if (include): null

27-02-2025T17:41:07 - [TEST_STEP][PASSED] - println(line): null

27-02-2025T17:41:07 - [TEST_STEP][PASSED] - comma = line.indexOf(",y"): null

27-02-2025T17:41:07 - [TEST_STEP][PASSED] - if (comma > 0): null

27-02-2025T17:41:07 - [TEST_STEP][PASSED] - commaCount = StringUtils.countMatches(line, ","): null

27-02-2025T17:41:07 - [TEST_STEP][PASSED] - if (commaCount > 1): null

27-02-2025T17:41:07 - [TEST_STEP][PASSED] - else: null

27-02-2025T17:41:07 - [TEST_STEP][PASSED] - label = line.substring(1, comma): null

27-02-2025T17:41:07 - [TEST_STEP][PASSED] - println(label): null

27-02-2025T17:41:07 - [TEST_STEP][PASSED] - checked.add(label): null

27-02-2025T17:41:07 - [TEST_STEP][PASSED] - line = reader.readLine(): null

27-02-2025T17:41:07 - [TEST_STEP][PASSED] - println(line): null

27-02-2025T17:41:07 - [TEST_STEP][PASSED] - group = line.indexOf("<Group>"): null

27-02-2025T17:41:07 - [TEST_STEP][PASSED] - println(group): null

27-02-2025T17:41:07 - [TEST_STEP][PASSED] - if (group >= 0): null

27-02-2025T17:41:07 - [TEST_STEP][PASSED] - else: null

27-02-2025T17:41:07 - [TEST_STEP][PASSED] - if (include): null

27-02-2025T17:41:07 - [TEST_STEP][PASSED] - println(line): null

27-02-2025T17:41:07 - [TEST_STEP][PASSED] - comma = line.indexOf(",y"): null

27-02-2025T17:41:07 - [TEST_STEP][PASSED] - if (comma > 0): null

27-02-2025T17:41:07 - [TEST_STEP][PASSED] - line = reader.readLine(): null

27-02-2025T17:41:07 - [TEST_STEP][PASSED] - println(line): null

27-02-2025T17:41:07 - [TEST_STEP][PASSED] - group = line.indexOf("<Group>"): null

27-02-2025T17:41:07 - [TEST_STEP][PASSED] - println(group): null

27-02-2025T17:41:07 - [TEST_STEP][PASSED] - if (group >= 0): null

27-02-2025T17:41:07 - [TEST_STEP][PASSED] - else: null

27-02-2025T17:41:07 - [TEST_STEP][PASSED] - if (include): null

27-02-2025T17:41:07 - [TEST_STEP][PASSED] - println(line): null

27-02-2025T17:41:07 - [TEST_STEP][PASSED] - comma = line.indexOf(",y"): null

27-02-2025T17:41:07 - [TEST_STEP][PASSED] - if (comma > 0): null

27-02-2025T17:41:07 - [TEST_STEP][PASSED] - line = reader.readLine(): null

27-02-2025T17:41:07 - [TEST_STEP][PASSED] - println(line): null

27-02-2025T17:41:07 - [TEST_STEP][PASSED] - group = line.indexOf("<Group>"): null

27-02-2025T17:41:07 - [TEST_STEP][PASSED] - println(group): null

27-02-2025T17:41:07 - [TEST_STEP][PASSED] - if (group >= 0): null

27-02-2025T17:41:07 - [TEST_STEP][PASSED] - else: null

27-02-2025T17:41:07 - [TEST_STEP][PASSED] - if (include): null

27-02-2025T17:41:07 - [TEST_STEP][PASSED] - println(line): null

27-02-2025T17:41:07 - [TEST_STEP][PASSED] - comma = line.indexOf(",y"): null

27-02-2025T17:41:07 - [TEST_STEP][PASSED] - if (comma > 0): null

27-02-2025T17:41:07 - [TEST_STEP][PASSED] - line = reader.readLine(): null

27-02-2025T17:41:07 - [TEST_STEP][PASSED] - println(line): null

27-02-2025T17:41:07 - [TEST_STEP][PASSED] - group = line.indexOf("<Group>"): null

27-02-2025T17:41:07 - [TEST_STEP][PASSED] - println(group): null

27-02-2025T17:41:07 - [TEST_STEP][PASSED] - if (group >= 0): null

27-02-2025T17:41:07 - [TEST_STEP][PASSED] - else: null

27-02-2025T17:41:07 - [TEST_STEP][PASSED] - if (include): null

27-02-2025T17:41:07 - [TEST_STEP][PASSED] - println(line): null

27-02-2025T17:41:07 - [TEST_STEP][PASSED] - comma = line.indexOf(",y"): null

27-02-2025T17:41:07 - [TEST_STEP][PASSED] - if (comma > 0): null

27-02-2025T17:41:07 - [TEST_STEP][PASSED] - line = reader.readLine(): null

27-02-2025T17:41:07 - [TEST_STEP][PASSED] - println(line): null

27-02-2025T17:41:07 - [TEST_STEP][PASSED] - group = line.indexOf("<Group>"): null

27-02-2025T17:41:07 - [TEST_STEP][PASSED] - println(group): null

27-02-2025T17:41:07 - [TEST_STEP][PASSED] - if (group >= 0): null

27-02-2025T17:41:07 - [TEST_STEP][PASSED] - else: null

27-02-2025T17:41:07 - [TEST_STEP][PASSED] - if (include): null

27-02-2025T17:41:07 - [TEST_STEP][PASSED] - println(line): null

27-02-2025T17:41:07 - [TEST_STEP][PASSED] - comma = line.indexOf(",y"): null

27-02-2025T17:41:07 - [TEST_STEP][PASSED] - if (comma > 0): null

27-02-2025T17:41:07 - [TEST_STEP][PASSED] - line = reader.readLine(): null

27-02-2025T17:41:07 - [TEST_STEP][PASSED] - println(line): null

27-02-2025T17:41:07 - [TEST_STEP][PASSED] - group = line.indexOf("<Group>"): null

27-02-2025T17:41:07 - [TEST_STEP][PASSED] - println(group): null

27-02-2025T17:41:07 - [TEST_STEP][PASSED] - if (group >= 0): null

27-02-2025T17:41:07 - [TEST_STEP][PASSED] - else: null

27-02-2025T17:41:07 - [TEST_STEP][PASSED] - if (include): null

27-02-2025T17:41:07 - [TEST_STEP][PASSED] - println(line): null

27-02-2025T17:41:07 - [TEST_STEP][PASSED] - comma = line.indexOf(",y"): null

27-02-2025T17:41:07 - [TEST_STEP][PASSED] - if (comma > 0): null

27-02-2025T17:41:07 - [TEST_STEP][PASSED] - line = reader.readLine(): null

27-02-2025T17:41:07 - [TEST_STEP][PASSED] - println(line): null

27-02-2025T17:41:07 - [TEST_STEP][PASSED] - group = line.indexOf("<Group>"): null

27-02-2025T17:41:07 - [TEST_STEP][PASSED] - println(group): null

27-02-2025T17:41:07 - [TEST_STEP][PASSED] - if (group >= 0): null

27-02-2025T17:41:07 - [TEST_STEP][PASSED] - else: null

27-02-2025T17:41:07 - [TEST_STEP][PASSED] - if (include): null

27-02-2025T17:41:07 - [TEST_STEP][PASSED] - println(line): null

27-02-2025T17:41:07 - [TEST_STEP][PASSED] - comma = line.indexOf(",y"): null

27-02-2025T17:41:07 - [TEST_STEP][PASSED] - if (comma > 0): null

27-02-2025T17:41:07 - [TEST_STEP][PASSED] - line = reader.readLine(): null

27-02-2025T17:41:07 - [TEST_STEP][PASSED] - println(line): null

27-02-2025T17:41:07 - [TEST_STEP][PASSED] - group = line.indexOf("<Group>"): null

27-02-2025T17:41:07 - [TEST_STEP][PASSED] - println(group): null

27-02-2025T17:41:07 - [TEST_STEP][PASSED] - if (group >= 0): null

27-02-2025T17:41:07 - [TEST_STEP][PASSED] - else: null

27-02-2025T17:41:07 - [TEST_STEP][PASSED] - if (include): null

27-02-2025T17:41:07 - [TEST_STEP][PASSED] - println(line): null

27-02-2025T17:41:07 - [TEST_STEP][PASSED] - comma = line.indexOf(",y"): null

27-02-2025T17:41:07 - [TEST_STEP][PASSED] - if (comma > 0): null

27-02-2025T17:41:07 - [TEST_STEP][PASSED] - line = reader.readLine(): null

27-02-2025T17:41:07 - [TEST_STEP][PASSED] - println(line): null

27-02-2025T17:41:07 - [TEST_STEP][PASSED] - group = line.indexOf("<Group>"): null

27-02-2025T17:41:07 - [TEST_STEP][PASSED] - println(group): null

27-02-2025T17:41:07 - [TEST_STEP][PASSED] - if (group >= 0): null

27-02-2025T17:41:07 - [TEST_STEP][PASSED] - else: null

27-02-2025T17:41:07 - [TEST_STEP][PASSED] - if (include): null

27-02-2025T17:41:07 - [TEST_STEP][PASSED] - println(line): null

27-02-2025T17:41:07 - [TEST_STEP][PASSED] - comma = line.indexOf(",y"): null

27-02-2025T17:41:07 - [TEST_STEP][PASSED] - if (comma > 0): null

27-02-2025T17:41:07 - [TEST_STEP][PASSED] - line = reader.readLine(): null

27-02-2025T17:41:07 - [TEST_STEP][PASSED] - println(line): null

27-02-2025T17:41:07 - [TEST_STEP][PASSED] - group = line.indexOf("<Group>"): null

27-02-2025T17:41:07 - [TEST_STEP][PASSED] - println(group): null

27-02-2025T17:41:07 - [TEST_STEP][PASSED] - if (group >= 0): null

27-02-2025T17:41:07 - [TEST_STEP][PASSED] - else: null

27-02-2025T17:41:07 - [TEST_STEP][PASSED] - if (include): null

27-02-2025T17:41:07 - [TEST_STEP][PASSED] - println(line): null

27-02-2025T17:41:07 - [TEST_STEP][PASSED] - comma = line.indexOf(",y"): null

27-02-2025T17:41:07 - [TEST_STEP][PASSED] - if (comma > 0): null

27-02-2025T17:41:07 - [TEST_STEP][PASSED] - line = reader.readLine(): null

27-02-2025T17:41:07 - [TEST_STEP][PASSED] - println(line): null

27-02-2025T17:41:07 - [TEST_STEP][PASSED] - group = line.indexOf("<Group>"): null

27-02-2025T17:41:07 - [TEST_STEP][PASSED] - println(group): null

27-02-2025T17:41:07 - [TEST_STEP][PASSED] - if (group >= 0): null

27-02-2025T17:41:07 - [TEST_STEP][PASSED] - else: null

27-02-2025T17:41:07 - [TEST_STEP][PASSED] - if (include): null

27-02-2025T17:41:07 - [TEST_STEP][PASSED] - println(line): null

27-02-2025T17:41:07 - [TEST_STEP][PASSED] - comma = line.indexOf(",y"): null

27-02-2025T17:41:07 - [TEST_STEP][PASSED] - if (comma > 0): null

27-02-2025T17:41:07 - [TEST_STEP][PASSED] - line = reader.readLine(): null

27-02-2025T17:41:07 - [TEST_STEP][PASSED] - println(line): null

27-02-2025T17:41:07 - [TEST_STEP][PASSED] - group = line.indexOf("<Group>"): null

27-02-2025T17:41:07 - [TEST_STEP][PASSED] - println(group): null

27-02-2025T17:41:07 - [TEST_STEP][PASSED] - if (group >= 0): null

27-02-2025T17:41:07 - [TEST_STEP][PASSED] - else: null

27-02-2025T17:41:07 - [TEST_STEP][PASSED] - if (include): null

27-02-2025T17:41:07 - [TEST_STEP][PASSED] - println(line): null

27-02-2025T17:41:07 - [TEST_STEP][PASSED] - comma = line.indexOf(",y"): null

27-02-2025T17:41:07 - [TEST_STEP][PASSED] - if (comma > 0): null

27-02-2025T17:41:07 - [TEST_STEP][PASSED] - line = reader.readLine(): null

27-02-2025T17:41:07 - [TEST_STEP][PASSED] - println(line): null

27-02-2025T17:41:07 - [TEST_STEP][PASSED] - group = line.indexOf("<Group>"): null

27-02-2025T17:41:07 - [TEST_STEP][PASSED] - println(group): null

27-02-2025T17:41:07 - [TEST_STEP][PASSED] - if (group >= 0): null

27-02-2025T17:41:07 - [TEST_STEP][PASSED] - else: null

27-02-2025T17:41:07 - [TEST_STEP][PASSED] - if (include): null

27-02-2025T17:41:07 - [TEST_STEP][PASSED] - println(line): null

27-02-2025T17:41:07 - [TEST_STEP][PASSED] - comma = line.indexOf(",y"): null

27-02-2025T17:41:07 - [TEST_STEP][PASSED] - if (comma > 0): null

27-02-2025T17:41:07 - [TEST_STEP][PASSED] - line = reader.readLine(): null

27-02-2025T17:41:07 - [TEST_STEP][PASSED] - println(line): null

27-02-2025T17:41:07 - [TEST_STEP][PASSED] - group = line.indexOf("<Group>"): null

27-02-2025T17:41:07 - [TEST_STEP][PASSED] - println(group): null

27-02-2025T17:41:07 - [TEST_STEP][PASSED] - if (group >= 0): null

27-02-2025T17:41:07 - [TEST_STEP][PASSED] - else: null

27-02-2025T17:41:07 - [TEST_STEP][PASSED] - if (include): null

27-02-2025T17:41:07 - [TEST_STEP][PASSED] - println(line): null

27-02-2025T17:41:07 - [TEST_STEP][PASSED] - comma = line.indexOf(",y"): null

27-02-2025T17:41:07 - [TEST_STEP][PASSED] - if (comma > 0): null

27-02-2025T17:41:07 - [TEST_STEP][PASSED] - commaCount = StringUtils.countMatches(line, ","): null

27-02-2025T17:41:07 - [TEST_STEP][PASSED] - if (commaCount > 1): null

27-02-2025T17:41:07 - [TEST_STEP][PASSED] - println("Mulitple Commas : " + line): null

27-02-2025T17:41:07 - [TEST_STEP][PASSED] - line = line.replace(""", ""): null

27-02-2025T17:41:07 - [TEST_STEP][PASSED] - label = line.substring(1, line.length() - 2): null

27-02-2025T17:41:07 - [TEST_STEP][PASSED] - println(label): null

27-02-2025T17:41:07 - [TEST_STEP][PASSED] - checked.add(label): null

27-02-2025T17:41:07 - [TEST_STEP][PASSED] - line = reader.readLine(): null

27-02-2025T17:41:07 - [TEST_STEP][PASSED] - println(line): null

27-02-2025T17:41:07 - [TEST_STEP][PASSED] - group = line.indexOf("<Group>"): null

27-02-2025T17:41:07 - [TEST_STEP][PASSED] - println(group): null

27-02-2025T17:41:07 - [TEST_STEP][PASSED] - if (group >= 0): null

27-02-2025T17:41:07 - [TEST_STEP][PASSED] - else: null

27-02-2025T17:41:07 - [TEST_STEP][PASSED] - if (include): null

27-02-2025T17:41:07 - [TEST_STEP][PASSED] - println(line): null

27-02-2025T17:41:07 - [TEST_STEP][PASSED] - comma = line.indexOf(",y"): null

27-02-2025T17:41:07 - [TEST_STEP][PASSED] - if (comma > 0): null

27-02-2025T17:41:07 - [TEST_STEP][PASSED] - line = reader.readLine(): null

27-02-2025T17:41:07 - [TEST_STEP][PASSED] - println(line): null

27-02-2025T17:41:07 - [TEST_STEP][PASSED] - group = line.indexOf("<Group>"): null

27-02-2025T17:41:07 - [TEST_STEP][PASSED] - println(group): null

27-02-2025T17:41:07 - [TEST_STEP][PASSED] - if (group >= 0): null

27-02-2025T17:41:07 - [TEST_STEP][PASSED] - else: null

27-02-2025T17:41:07 - [TEST_STEP][PASSED] - if (include): null

27-02-2025T17:41:07 - [TEST_STEP][PASSED] - println(line): null

27-02-2025T17:41:07 - [TEST_STEP][PASSED] - comma = line.indexOf(",y"): null

27-02-2025T17:41:07 - [TEST_STEP][PASSED] - if (comma > 0): null

27-02-2025T17:41:07 - [TEST_STEP][PASSED] - commaCount = StringUtils.countMatches(line, ","): null

27-02-2025T17:41:07 - [TEST_STEP][PASSED] - if (commaCount > 1): null

27-02-2025T17:41:07 - [TEST_STEP][PASSED] - println("Mulitple Commas : " + line): null

27-02-2025T17:41:07 - [TEST_STEP][PASSED] - line = line.replace(""", ""): null

27-02-2025T17:41:07 - [TEST_STEP][PASSED] - label = line.substring(1, line.length() - 2): null

27-02-2025T17:41:07 - [TEST_STEP][PASSED] - println(label): null

27-02-2025T17:41:07 - [TEST_STEP][PASSED] - checked.add(label): null

27-02-2025T17:41:07 - [TEST_STEP][PASSED] - line = reader.readLine(): null

27-02-2025T17:41:07 - [TEST_STEP][PASSED] - println(line): null

27-02-2025T17:41:07 - [TEST_STEP][PASSED] - group = line.indexOf("<Group>"): null

27-02-2025T17:41:07 - [TEST_STEP][PASSED] - println(group): null

27-02-2025T17:41:07 - [TEST_STEP][PASSED] - if (group >= 0): null

27-02-2025T17:41:07 - [TEST_STEP][PASSED] - else: null

27-02-2025T17:41:07 - [TEST_STEP][PASSED] - if (include): null

27-02-2025T17:41:07 - [TEST_STEP][PASSED] - println(line): null

27-02-2025T17:41:07 - [TEST_STEP][PASSED] - comma = line.indexOf(",y"): null

27-02-2025T17:41:07 - [TEST_STEP][PASSED] - if (comma > 0): null

27-02-2025T17:41:07 - [TEST_STEP][PASSED] - commaCount = StringUtils.countMatches(line, ","): null

27-02-2025T17:41:07 - [TEST_STEP][PASSED] - if (commaCount > 1): null

27-02-2025T17:41:07 - [TEST_STEP][PASSED] - println("Mulitple Commas : " + line): null

27-02-2025T17:41:07 - [TEST_STEP][PASSED] - line = line.replace(""", ""): null

27-02-2025T17:41:07 - [TEST_STEP][PASSED] - label = line.substring(1, line.length() - 2): null

27-02-2025T17:41:07 - [TEST_STEP][PASSED] - println(label): null

27-02-2025T17:41:07 - [TEST_STEP][PASSED] - checked.add(label): null

27-02-2025T17:41:07 - [TEST_STEP][PASSED] - line = reader.readLine(): null

27-02-2025T17:41:07 - [TEST_STEP][PASSED] - println(line): null

27-02-2025T17:41:07 - [TEST_STEP][PASSED] - group = line.indexOf("<Group>"): null

27-02-2025T17:41:07 - [TEST_STEP][PASSED] - println(group): null

27-02-2025T17:41:07 - [TEST_STEP][PASSED] - if (group >= 0): null

27-02-2025T17:41:07 - [TEST_STEP][PASSED] - else: null

27-02-2025T17:41:07 - [TEST_STEP][PASSED] - if (include): null

27-02-2025T17:41:07 - [TEST_STEP][PASSED] - println(line): null

27-02-2025T17:41:07 - [TEST_STEP][PASSED] - comma = line.indexOf(",y"): null

27-02-2025T17:41:07 - [TEST_STEP][PASSED] - if (comma > 0): null

27-02-2025T17:41:07 - [TEST_STEP][PASSED] - line = reader.readLine(): null

27-02-2025T17:41:07 - [TEST_STEP][PASSED] - println(line): null

27-02-2025T17:41:07 - [TEST_STEP][PASSED] - group = line.indexOf("<Group>"): null

27-02-2025T17:41:07 - [TEST_STEP][PASSED] - println(group): null

27-02-2025T17:41:07 - [TEST_STEP][PASSED] - if (group >= 0): null

27-02-2025T17:41:07 - [TEST_STEP][PASSED] - else: null

27-02-2025T17:41:07 - [TEST_STEP][PASSED] - if (include): null

27-02-2025T17:41:07 - [TEST_STEP][PASSED] - println(line): null

27-02-2025T17:41:07 - [TEST_STEP][PASSED] - comma = line.indexOf(",y"): null

27-02-2025T17:41:07 - [TEST_STEP][PASSED] - if (comma > 0): null

27-02-2025T17:41:07 - [TEST_STEP][PASSED] - commaCount = StringUtils.countMatches(line, ","): null

27-02-2025T17:41:07 - [TEST_STEP][PASSED] - if (commaCount > 1): null

27-02-2025T17:41:07 - [TEST_STEP][PASSED] - println("Mulitple Commas : " + line): null

27-02-2025T17:41:07 - [TEST_STEP][PASSED] - line = line.replace(""", ""): null

27-02-2025T17:41:07 - [TEST_STEP][PASSED] - label = line.substring(1, line.length() - 2): null

27-02-2025T17:41:07 - [TEST_STEP][PASSED] - println(label): null

27-02-2025T17:41:07 - [TEST_STEP][PASSED] - checked.add(label): null

27-02-2025T17:41:07 - [TEST_STEP][PASSED] - line = reader.readLine(): null

27-02-2025T17:41:07 - [TEST_STEP][PASSED] - println(line): null

27-02-2025T17:41:07 - [TEST_STEP][PASSED] - group = line.indexOf("<Group>"): null

27-02-2025T17:41:07 - [TEST_STEP][PASSED] - println(group): null

27-02-2025T17:41:07 - [TEST_STEP][PASSED] - if (group >= 0): null

27-02-2025T17:41:07 - [TEST_STEP][PASSED] - else: null

27-02-2025T17:41:07 - [TEST_STEP][PASSED] - if (include): null

27-02-2025T17:41:07 - [TEST_STEP][PASSED] - println(line): null

27-02-2025T17:41:07 - [TEST_STEP][PASSED] - comma = line.indexOf(",y"): null

27-02-2025T17:41:07 - [TEST_STEP][PASSED] - if (comma > 0): null

27-02-2025T17:41:07 - [TEST_STEP][PASSED] - line = reader.readLine(): null

27-02-2025T17:41:07 - [TEST_STEP][PASSED] - println(line): null

27-02-2025T17:41:07 - [TEST_STEP][PASSED] - group = line.indexOf("<Group>"): null

27-02-2025T17:41:07 - [TEST_STEP][PASSED] - println(group): null

27-02-2025T17:41:07 - [TEST_STEP][PASSED] - if (group >= 0): null

27-02-2025T17:41:07 - [TEST_STEP][PASSED] - else: null

27-02-2025T17:41:07 - [TEST_STEP][PASSED] - if (include): null

27-02-2025T17:41:07 - [TEST_STEP][PASSED] - println(line): null

27-02-2025T17:41:07 - [TEST_STEP][PASSED] - comma = line.indexOf(",y"): null

27-02-2025T17:41:07 - [TEST_STEP][PASSED] - if (comma > 0): null

27-02-2025T17:41:07 - [TEST_STEP][PASSED] - line = reader.readLine(): null

27-02-2025T17:41:07 - [TEST_STEP][PASSED] - println(line): null

27-02-2025T17:41:07 - [TEST_STEP][PASSED] - group = line.indexOf("<Group>"): null

27-02-2025T17:41:07 - [TEST_STEP][PASSED] - println(group): null

27-02-2025T17:41:07 - [TEST_STEP][PASSED] - if (group >= 0): null

27-02-2025T17:41:07 - [TEST_STEP][PASSED] - else: null

27-02-2025T17:41:07 - [TEST_STEP][PASSED] - if (include): null

27-02-2025T17:41:07 - [TEST_STEP][PASSED] - println(line): null

27-02-2025T17:41:07 - [TEST_STEP][PASSED] - comma = line.indexOf(",y"): null

27-02-2025T17:41:07 - [TEST_STEP][PASSED] - if (comma > 0): null

27-02-2025T17:41:07 - [TEST_STEP][PASSED] - line = reader.readLine(): null

27-02-2025T17:41:07 - [TEST_STEP][PASSED] - println(line): null

27-02-2025T17:41:07 - [TEST_STEP][PASSED] - group = line.indexOf("<Group>"): null

27-02-2025T17:41:07 - [TEST_STEP][PASSED] - println(group): null

27-02-2025T17:41:07 - [TEST_STEP][PASSED] - if (group >= 0): null

27-02-2025T17:41:07 - [TEST_STEP][PASSED] - else: null

27-02-2025T17:41:07 - [TEST_STEP][PASSED] - if (include): null

27-02-2025T17:41:07 - [TEST_STEP][PASSED] - println(line): null

27-02-2025T17:41:07 - [TEST_STEP][PASSED] - comma = line.indexOf(",y"): null

27-02-2025T17:41:07 - [TEST_STEP][PASSED] - if (comma > 0): null

27-02-2025T17:41:07 - [TEST_STEP][PASSED] - line = reader.readLine(): null

27-02-2025T17:41:07 - [TEST_STEP][PASSED] - println(line): null

27-02-2025T17:41:07 - [TEST_STEP][PASSED] - group = line.indexOf("<Group>"): null

27-02-2025T17:41:07 - [TEST_STEP][PASSED] - println(group): null

27-02-2025T17:41:07 - [TEST_STEP][PASSED] - if (group >= 0): null

27-02-2025T17:41:07 - [TEST_STEP][PASSED] - else: null

27-02-2025T17:41:07 - [TEST_STEP][PASSED] - if (include): null

27-02-2025T17:41:07 - [TEST_STEP][PASSED] - println(line): null

27-02-2025T17:41:07 - [TEST_STEP][PASSED] - comma = line.indexOf(",y"): null

27-02-2025T17:41:07 - [TEST_STEP][PASSED] - if (comma > 0): null

27-02-2025T17:41:07 - [TEST_STEP][PASSED] - line = reader.readLine(): null

27-02-2025T17:41:07 - [TEST_STEP][PASSED] - println(line): null

27-02-2025T17:41:07 - [TEST_STEP][PASSED] - group = line.indexOf("<Group>"): null

27-02-2025T17:41:07 - [TEST_STEP][PASSED] - println(group): null

27-02-2025T17:41:07 - [TEST_STEP][PASSED] - if (group >= 0): null

27-02-2025T17:41:07 - [TEST_STEP][PASSED] - else: null

27-02-2025T17:41:07 - [TEST_STEP][PASSED] - if (include): null

27-02-2025T17:41:07 - [TEST_STEP][PASSED] - println(line): null

27-02-2025T17:41:07 - [TEST_STEP][PASSED] - comma = line.indexOf(",y"): null

27-02-2025T17:41:07 - [TEST_STEP][PASSED] - if (comma > 0): null

27-02-2025T17:41:07 - [TEST_STEP][PASSED] - line = reader.readLine(): null

27-02-2025T17:41:07 - [TEST_STEP][PASSED] - println(line): null

27-02-2025T17:41:07 - [TEST_STEP][PASSED] - group = line.indexOf("<Group>"): null

27-02-2025T17:41:07 - [TEST_STEP][PASSED] - println(group): null

27-02-2025T17:41:07 - [TEST_STEP][PASSED] - if (group >= 0): null

27-02-2025T17:41:07 - [TEST_STEP][PASSED] - else: null

27-02-2025T17:41:07 - [TEST_STEP][PASSED] - if (include): null

27-02-2025T17:41:07 - [TEST_STEP][PASSED] - println(line): null

27-02-2025T17:41:07 - [TEST_STEP][PASSED] - comma = line.indexOf(",y"): null

27-02-2025T17:41:07 - [TEST_STEP][PASSED] - if (comma > 0): null

27-02-2025T17:41:07 - [TEST_STEP][PASSED] - line = reader.readLine(): null

27-02-2025T17:41:07 - [TEST_STEP][PASSED] - println(line): null

27-02-2025T17:41:07 - [TEST_STEP][PASSED] - group = line.indexOf("<Group>"): null

27-02-2025T17:41:07 - [TEST_STEP][PASSED] - println(group): null

27-02-2025T17:41:07 - [TEST_STEP][PASSED] - if (group >= 0): null

27-02-2025T17:41:07 - [TEST_STEP][PASSED] - else: null

27-02-2025T17:41:07 - [TEST_STEP][PASSED] - if (include): null

27-02-2025T17:41:07 - [TEST_STEP][PASSED] - println(line): null

27-02-2025T17:41:07 - [TEST_STEP][PASSED] - comma = line.indexOf(",y"): null

27-02-2025T17:41:07 - [TEST_STEP][PASSED] - if (comma > 0): null

27-02-2025T17:41:07 - [TEST_STEP][PASSED] - line = reader.readLine(): null

27-02-2025T17:41:07 - [TEST_STEP][PASSED] - println(line): null

27-02-2025T17:41:07 - [TEST_STEP][PASSED] - group = line.indexOf("<Group>"): null

27-02-2025T17:41:07 - [TEST_STEP][PASSED] - println(group): null

27-02-2025T17:41:07 - [TEST_STEP][PASSED] - if (group >= 0): null

27-02-2025T17:41:07 - [TEST_STEP][PASSED] - else: null

27-02-2025T17:41:07 - [TEST_STEP][PASSED] - if (include): null

27-02-2025T17:41:07 - [TEST_STEP][PASSED] - println(line): null

27-02-2025T17:41:07 - [TEST_STEP][PASSED] - comma = line.indexOf(",y"): null

27-02-2025T17:41:07 - [TEST_STEP][PASSED] - if (comma > 0): null

27-02-2025T17:41:07 - [TEST_STEP][PASSED] - line = reader.readLine(): null

27-02-2025T17:41:07 - [TEST_STEP][PASSED] - println(line): null

27-02-2025T17:41:07 - [TEST_STEP][PASSED] - group = line.indexOf("<Group>"): null

27-02-2025T17:41:07 - [TEST_STEP][PASSED] - println(group): null

27-02-2025T17:41:07 - [TEST_STEP][PASSED] - if (group >= 0): null

27-02-2025T17:41:07 - [TEST_STEP][PASSED] - else: null

27-02-2025T17:41:07 - [TEST_STEP][PASSED] - if (include): null

27-02-2025T17:41:07 - [TEST_STEP][PASSED] - println(line): null

27-02-2025T17:41:07 - [TEST_STEP][PASSED] - comma = line.indexOf(",y"): null

27-02-2025T17:41:07 - [TEST_STEP][PASSED] - if (comma > 0): null

27-02-2025T17:41:07 - [TEST_STEP][PASSED] - line = reader.readLine(): null

27-02-2025T17:41:07 - [TEST_STEP][PASSED] - println(line): null

27-02-2025T17:41:07 - [TEST_STEP][PASSED] - group = line.indexOf("<Group>"): null

27-02-2025T17:41:07 - [TEST_STEP][PASSED] - println(group): null

27-02-2025T17:41:07 - [TEST_STEP][PASSED] - if (group >= 0): null

27-02-2025T17:41:07 - [TEST_STEP][PASSED] - else: null

27-02-2025T17:41:07 - [TEST_STEP][PASSED] - if (include): null

27-02-2025T17:41:07 - [TEST_STEP][PASSED] - println(line): null

27-02-2025T17:41:07 - [TEST_STEP][PASSED] - comma = line.indexOf(",y"): null

27-02-2025T17:41:07 - [TEST_STEP][PASSED] - if (comma > 0): null

27-02-2025T17:41:07 - [TEST_STEP][PASSED] - line = reader.readLine(): null

27-02-2025T17:41:07 - [TEST_STEP][PASSED] - println(line): null

27-02-2025T17:41:07 - [TEST_STEP][PASSED] - group = line.indexOf("<Group>"): null

27-02-2025T17:41:07 - [TEST_STEP][PASSED] - println(group): null

27-02-2025T17:41:07 - [TEST_STEP][PASSED] - if (group >= 0): null

27-02-2025T17:41:07 - [TEST_STEP][PASSED] - else: null

27-02-2025T17:41:07 - [TEST_STEP][PASSED] - if (include): null

27-02-2025T17:41:07 - [TEST_STEP][PASSED] - println(line): null

27-02-2025T17:41:07 - [TEST_STEP][PASSED] - comma = line.indexOf(",y"): null

27-02-2025T17:41:07 - [TEST_STEP][PASSED] - if (comma > 0): null

27-02-2025T17:41:07 - [TEST_STEP][PASSED] - line = reader.readLine(): null

27-02-2025T17:41:07 - [TEST_STEP][PASSED] - println(line): null

27-02-2025T17:41:07 - [TEST_STEP][PASSED] - group = line.indexOf("<Group>"): null

27-02-2025T17:41:07 - [TEST_STEP][PASSED] - println(group): null

27-02-2025T17:41:07 - [TEST_STEP][PASSED] - if (group >= 0): null

27-02-2025T17:41:07 - [TEST_STEP][PASSED] - else: null

27-02-2025T17:41:07 - [TEST_STEP][PASSED] - if (include): null

27-02-2025T17:41:07 - [TEST_STEP][PASSED] - println(line): null

27-02-2025T17:41:07 - [TEST_STEP][PASSED] - comma = line.indexOf(",y"): null

27-02-2025T17:41:07 - [TEST_STEP][PASSED] - if (comma > 0): null

27-02-2025T17:41:07 - [TEST_STEP][PASSED] - line = reader.readLine(): null

27-02-2025T17:41:07 - [TEST_STEP][PASSED] - println(line): null

27-02-2025T17:41:07 - [TEST_STEP][PASSED] - group = line.indexOf("<Group>"): null

27-02-2025T17:41:07 - [TEST_STEP][PASSED] - println(group): null

27-02-2025T17:41:07 - [TEST_STEP][PASSED] - if (group >= 0): null

27-02-2025T17:41:07 - [TEST_STEP][PASSED] - else: null

27-02-2025T17:41:07 - [TEST_STEP][PASSED] - if (include): null

27-02-2025T17:41:07 - [TEST_STEP][PASSED] - println(line): null

27-02-2025T17:41:07 - [TEST_STEP][PASSED] - comma = line.indexOf(",y"): null

27-02-2025T17:41:07 - [TEST_STEP][PASSED] - if (comma > 0): null

27-02-2025T17:41:07 - [TEST_STEP][PASSED] - line = reader.readLine(): null

27-02-2025T17:41:07 - [TEST_STEP][PASSED] - println(line): null

27-02-2025T17:41:07 - [TEST_STEP][PASSED] - group = line.indexOf("<Group>"): null

27-02-2025T17:41:07 - [TEST_STEP][PASSED] - println(group): null

27-02-2025T17:41:07 - [TEST_STEP][PASSED] - if (group >= 0): null

27-02-2025T17:41:07 - [TEST_STEP][PASSED] - else: null

27-02-2025T17:41:07 - [TEST_STEP][PASSED] - if (include): null

27-02-2025T17:41:07 - [TEST_STEP][PASSED] - println(line): null

27-02-2025T17:41:07 - [TEST_STEP][PASSED] - comma = line.indexOf(",y"): null

27-02-2025T17:41:07 - [TEST_STEP][PASSED] - if (comma > 0): null

27-02-2025T17:41:07 - [TEST_STEP][PASSED] - line = reader.readLine(): null

27-02-2025T17:41:07 - [TEST_STEP][PASSED] - println(line): null

27-02-2025T17:41:07 - [TEST_STEP][PASSED] - group = line.indexOf("<Group>"): null

27-02-2025T17:41:07 - [TEST_STEP][PASSED] - println(group): null

27-02-2025T17:41:07 - [TEST_STEP][PASSED] - if (group >= 0): null

27-02-2025T17:41:07 - [TEST_STEP][PASSED] - else: null

27-02-2025T17:41:07 - [TEST_STEP][PASSED] - if (include): null

27-02-2025T17:41:07 - [TEST_STEP][PASSED] - println(line): null

27-02-2025T17:41:07 - [TEST_STEP][PASSED] - comma = line.indexOf(",y"): null

27-02-2025T17:41:07 - [TEST_STEP][PASSED] - if (comma > 0): null

27-02-2025T17:41:07 - [TEST_STEP][PASSED] - line = reader.readLine(): null

27-02-2025T17:41:07 - [TEST_STEP][PASSED] - println(line): null

27-02-2025T17:41:07 - [TEST_STEP][PASSED] - group = line.indexOf("<Group>"): null

27-02-2025T17:41:07 - [TEST_STEP][PASSED] - println(group): null

27-02-2025T17:41:07 - [TEST_STEP][PASSED] - if (group >= 0): null

27-02-2025T17:41:07 - [TEST_STEP][PASSED] - else: null

27-02-2025T17:41:07 - [TEST_STEP][PASSED] - if (include): null

27-02-2025T17:41:07 - [TEST_STEP][PASSED] - println(line): null

27-02-2025T17:41:07 - [TEST_STEP][PASSED] - comma = line.indexOf(",y"): null

27-02-2025T17:41:07 - [TEST_STEP][PASSED] - if (comma > 0): null

27-02-2025T17:41:07 - [TEST_STEP][PASSED] - line = reader.readLine(): null

27-02-2025T17:41:07 - [TEST_STEP][PASSED] - println(line): null

27-02-2025T17:41:07 - [TEST_STEP][PASSED] - group = line.indexOf("<Group>"): null

27-02-2025T17:41:07 - [TEST_STEP][PASSED] - println(group): null

27-02-2025T17:41:07 - [TEST_STEP][PASSED] - if (group >= 0): null

27-02-2025T17:41:07 - [TEST_STEP][PASSED] - else: null

27-02-2025T17:41:07 - [TEST_STEP][PASSED] - if (include): null

27-02-2025T17:41:07 - [TEST_STEP][PASSED] - println(line): null

27-02-2025T17:41:07 - [TEST_STEP][PASSED] - comma = line.indexOf(",y"): null

27-02-2025T17:41:07 - [TEST_STEP][PASSED] - if (comma > 0): null

27-02-2025T17:41:07 - [TEST_STEP][PASSED] - line = reader.readLine(): null

27-02-2025T17:41:07 - [TEST_STEP][PASSED] - println(line): null

27-02-2025T17:41:07 - [TEST_STEP][PASSED] - group = line.indexOf("<Group>"): null

27-02-2025T17:41:07 - [TEST_STEP][PASSED] - println(group): null

27-02-2025T17:41:07 - [TEST_STEP][PASSED] - if (group >= 0): null

27-02-2025T17:41:07 - [TEST_STEP][PASSED] - else: null

27-02-2025T17:41:07 - [TEST_STEP][PASSED] - if (include): null

27-02-2025T17:41:07 - [TEST_STEP][PASSED] - println(line): null

27-02-2025T17:41:07 - [TEST_STEP][PASSED] - comma = line.indexOf(",y"): null

27-02-2025T17:41:07 - [TEST_STEP][PASSED] - if (comma > 0): null

27-02-2025T17:41:07 - [TEST_STEP][PASSED] - line = reader.readLine(): null

27-02-2025T17:41:07 - [TEST_STEP][PASSED] - println(line): null

27-02-2025T17:41:07 - [TEST_STEP][PASSED] - group = line.indexOf("<Group>"): null

27-02-2025T17:41:07 - [TEST_STEP][PASSED] - println(group): null

27-02-2025T17:41:07 - [TEST_STEP][PASSED] - if (group >= 0): null

27-02-2025T17:41:07 - [TEST_STEP][PASSED] - selections = line.substring(group + 7, line.length() - 1): null

27-02-2025T17:41:07 - [TEST_STEP][PASSED] - println(selections): null

27-02-2025T17:41:07 - [TEST_STEP][PASSED] - if (selections == varSelections): null

27-02-2025T17:41:07 - [TEST_STEP][PASSED] - else: null

27-02-2025T17:41:07 - [TEST_STEP][PASSED] - include = false: null

27-02-2025T17:41:07 - [TEST_STEP][PASSED] - line = reader.readLine(): null

27-02-2025T17:41:07 - [TEST_STEP][PASSED] - println(line): null

27-02-2025T17:41:07 - [TEST_STEP][PASSED] - group = line.indexOf("<Group>"): null

27-02-2025T17:41:07 - [TEST_STEP][PASSED] - println(group): null

27-02-2025T17:41:07 - [TEST_STEP][PASSED] - if (group >= 0): null

27-02-2025T17:41:07 - [TEST_STEP][PASSED] - else: null

27-02-2025T17:41:07 - [TEST_STEP][PASSED] - if (include): null

27-02-2025T17:41:07 - [TEST_STEP][PASSED] - line = reader.readLine(): null

27-02-2025T17:41:07 - [TEST_STEP][PASSED] - println(line): null

27-02-2025T17:41:07 - [TEST_STEP][PASSED] - group = line.indexOf("<Group>"): null

27-02-2025T17:41:07 - [TEST_STEP][PASSED] - println(group): null

27-02-2025T17:41:07 - [TEST_STEP][PASSED] - if (group >= 0): null

27-02-2025T17:41:07 - [TEST_STEP][PASSED] - else: null

27-02-2025T17:41:07 - [TEST_STEP][PASSED] - if (include): null

27-02-2025T17:41:07 - [TEST_STEP][PASSED] - line = reader.readLine(): null

27-02-2025T17:41:07 - [TEST_STEP][PASSED] - println(line): null

27-02-2025T17:41:07 - [TEST_STEP][PASSED] - group = line.indexOf("<Group>"): null

27-02-2025T17:41:07 - [TEST_STEP][PASSED] - println(group): null

27-02-2025T17:41:07 - [TEST_STEP][PASSED] - if (group >= 0): null

27-02-2025T17:41:07 - [TEST_STEP][PASSED] - else: null

27-02-2025T17:41:07 - [TEST_STEP][PASSED] - if (include): null

27-02-2025T17:41:07 - [TEST_STEP][PASSED] - line = reader.readLine(): null

27-02-2025T17:41:07 - [TEST_STEP][PASSED] - println(line): null

27-02-2025T17:41:07 - [TEST_STEP][PASSED] - group = line.indexOf("<Group>"): null

27-02-2025T17:41:07 - [TEST_STEP][PASSED] - println(group): null

27-02-2025T17:41:07 - [TEST_STEP][PASSED] - if (group >= 0): null

27-02-2025T17:41:07 - [TEST_STEP][PASSED] - else: null

27-02-2025T17:41:07 - [TEST_STEP][PASSED] - if (include): null

27-02-2025T17:41:07 - [TEST_STEP][PASSED] - line = reader.readLine(): null

27-02-2025T17:41:07 - [TEST_STEP][PASSED] - println(line): null

27-02-2025T17:41:07 - [TEST_STEP][PASSED] - group = line.indexOf("<Group>"): null

27-02-2025T17:41:07 - [TEST_STEP][PASSED] - println(group): null

27-02-2025T17:41:07 - [TEST_STEP][PASSED] - if (group >= 0): null

27-02-2025T17:41:07 - [TEST_STEP][PASSED] - else: null

27-02-2025T17:41:07 - [TEST_STEP][PASSED] - if (include): null

27-02-2025T17:41:07 - [TEST_STEP][PASSED] - line = reader.readLine(): null

27-02-2025T17:41:07 - [TEST_STEP][PASSED] - println(line): null

27-02-2025T17:41:07 - [TEST_STEP][PASSED] - group = line.indexOf("<Group>"): null

27-02-2025T17:41:07 - [TEST_STEP][PASSED] - println(group): null

27-02-2025T17:41:07 - [TEST_STEP][PASSED] - if (group >= 0): null

27-02-2025T17:41:07 - [TEST_STEP][PASSED] - else: null

27-02-2025T17:41:07 - [TEST_STEP][PASSED] - if (include): null

27-02-2025T17:41:07 - [TEST_STEP][PASSED] - line = reader.readLine(): null

27-02-2025T17:41:07 - [TEST_STEP][PASSED] - println(line): null

27-02-2025T17:41:07 - [TEST_STEP][PASSED] - group = line.indexOf("<Group>"): null

27-02-2025T17:41:07 - [TEST_STEP][PASSED] - println(group): null

27-02-2025T17:41:07 - [TEST_STEP][PASSED] - if (group >= 0): null

27-02-2025T17:41:07 - [TEST_STEP][PASSED] - else: null

27-02-2025T17:41:07 - [TEST_STEP][PASSED] - if (include): null

27-02-2025T17:41:07 - [TEST_STEP][PASSED] - line = reader.readLine(): null

27-02-2025T17:41:07 - [TEST_STEP][PASSED] - println(line): null

27-02-2025T17:41:07 - [TEST_STEP][PASSED] - group = line.indexOf("<Group>"): null

27-02-2025T17:41:07 - [TEST_STEP][PASSED] - println(group): null

27-02-2025T17:41:07 - [TEST_STEP][PASSED] - if (group >= 0): null

27-02-2025T17:41:07 - [TEST_STEP][PASSED] - else: null

27-02-2025T17:41:07 - [TEST_STEP][PASSED] - if (include): null

27-02-2025T17:41:07 - [TEST_STEP][PASSED] - line = reader.readLine(): null

27-02-2025T17:41:07 - [TEST_STEP][PASSED] - println(line): null

27-02-2025T17:41:07 - [TEST_STEP][PASSED] - group = line.indexOf("<Group>"): null

27-02-2025T17:41:07 - [TEST_STEP][PASSED] - println(group): null

27-02-2025T17:41:07 - [TEST_STEP][PASSED] - if (group >= 0): null

27-02-2025T17:41:07 - [TEST_STEP][PASSED] - else: null

27-02-2025T17:41:07 - [TEST_STEP][PASSED] - if (include): null

27-02-2025T17:41:07 - [TEST_STEP][PASSED] - line = reader.readLine(): null

27-02-2025T17:41:07 - [TEST_STEP][PASSED] - println(line): null

27-02-2025T17:41:07 - [TEST_STEP][PASSED] - group = line.indexOf("<Group>"): null

27-02-2025T17:41:07 - [TEST_STEP][PASSED] - println(group): null

27-02-2025T17:41:07 - [TEST_STEP][PASSED] - if (group >= 0): null

27-02-2025T17:41:07 - [TEST_STEP][PASSED] - else: null

27-02-2025T17:41:07 - [TEST_STEP][PASSED] - if (include): null

27-02-2025T17:41:07 - [TEST_STEP][PASSED] - line = reader.readLine(): null

27-02-2025T17:41:07 - [TEST_STEP][PASSED] - println(line): null

27-02-2025T17:41:07 - [TEST_STEP][PASSED] - group = line.indexOf("<Group>"): null

27-02-2025T17:41:07 - [TEST_STEP][PASSED] - println(group): null

27-02-2025T17:41:07 - [TEST_STEP][PASSED] - if (group >= 0): null

27-02-2025T17:41:07 - [TEST_STEP][PASSED] - else: null

27-02-2025T17:41:07 - [TEST_STEP][PASSED] - if (include): null

27-02-2025T17:41:07 - [TEST_STEP][PASSED] - line = reader.readLine(): null

27-02-2025T17:41:07 - [TEST_STEP][PASSED] - println(line): null

27-02-2025T17:41:07 - [TEST_STEP][PASSED] - group = line.indexOf("<Group>"): null

27-02-2025T17:41:07 - [TEST_STEP][PASSED] - println(group): null

27-02-2025T17:41:07 - [TEST_STEP][PASSED] - if (group >= 0): null

27-02-2025T17:41:07 - [TEST_STEP][PASSED] - else: null

27-02-2025T17:41:07 - [TEST_STEP][PASSED] - if (include): null

27-02-2025T17:41:07 - [TEST_STEP][PASSED] - line = reader.readLine(): null

27-02-2025T17:41:07 - [TEST_STEP][PASSED] - println(line): null

27-02-2025T17:41:07 - [TEST_STEP][PASSED] - group = line.indexOf("<Group>"): null

27-02-2025T17:41:07 - [TEST_STEP][PASSED] - println(group): null

27-02-2025T17:41:07 - [TEST_STEP][PASSED] - if (group >= 0): null

27-02-2025T17:41:07 - [TEST_STEP][PASSED] - else: null

27-02-2025T17:41:07 - [TEST_STEP][PASSED] - if (include): null

27-02-2025T17:41:07 - [TEST_STEP][PASSED] - line = reader.readLine(): null

27-02-2025T17:41:07 - [TEST_STEP][PASSED] - println(line): null

27-02-2025T17:41:07 - [TEST_STEP][PASSED] - group = line.indexOf("<Group>"): null

27-02-2025T17:41:07 - [TEST_STEP][PASSED] - println(group): null

27-02-2025T17:41:07 - [TEST_STEP][PASSED] - if (group >= 0): null

27-02-2025T17:41:07 - [TEST_STEP][PASSED] - else: null

27-02-2025T17:41:07 - [TEST_STEP][PASSED] - if (include): null

27-02-2025T17:41:07 - [TEST_STEP][PASSED] - line = reader.readLine(): null

27-02-2025T17:41:07 - [TEST_STEP][PASSED] - println(line): null

27-02-2025T17:41:07 - [TEST_STEP][PASSED] - group = line.indexOf("<Group>"): null

27-02-2025T17:41:07 - [TEST_STEP][PASSED] - println(group): null

27-02-2025T17:41:07 - [TEST_STEP][PASSED] - if (group >= 0): null

27-02-2025T17:41:07 - [TEST_STEP][PASSED] - else: null

27-02-2025T17:41:07 - [TEST_STEP][PASSED] - if (include): null

27-02-2025T17:41:07 - [TEST_STEP][PASSED] - line = reader.readLine(): null

27-02-2025T17:41:07 - [TEST_STEP][PASSED] - println(line): null

27-02-2025T17:41:07 - [TEST_STEP][PASSED] - group = line.indexOf("<Group>"): null

27-02-2025T17:41:07 - [TEST_STEP][PASSED] - println(group): null

27-02-2025T17:41:07 - [TEST_STEP][PASSED] - if (group >= 0): null

27-02-2025T17:41:07 - [TEST_STEP][PASSED] - else: null

27-02-2025T17:41:07 - [TEST_STEP][PASSED] - if (include): null

27-02-2025T17:41:07 - [TEST_STEP][PASSED] - line = reader.readLine(): null

27-02-2025T17:41:07 - [TEST_STEP][PASSED] - println(line): null

27-02-2025T17:41:07 - [TEST_STEP][PASSED] - group = line.indexOf("<Group>"): null

27-02-2025T17:41:07 - [TEST_STEP][PASSED] - println(group): null

27-02-2025T17:41:07 - [TEST_STEP][PASSED] - if (group >= 0): null

27-02-2025T17:41:07 - [TEST_STEP][PASSED] - else: null

27-02-2025T17:41:07 - [TEST_STEP][PASSED] - if (include): null

27-02-2025T17:41:07 - [TEST_STEP][PASSED] - line = reader.readLine(): null

27-02-2025T17:41:07 - [TEST_STEP][PASSED] - println(line): null

27-02-2025T17:41:07 - [TEST_STEP][PASSED] - group = line.indexOf("<Group>"): null

27-02-2025T17:41:07 - [TEST_STEP][PASSED] - println(group): null

27-02-2025T17:41:07 - [TEST_STEP][PASSED] - if (group >= 0): null

27-02-2025T17:41:07 - [TEST_STEP][PASSED] - else: null

27-02-2025T17:41:07 - [TEST_STEP][PASSED] - if (include): null

27-02-2025T17:41:07 - [TEST_STEP][PASSED] - line = reader.readLine(): null

27-02-2025T17:41:07 - [TEST_STEP][PASSED] - println(line): null

27-02-2025T17:41:07 - [TEST_STEP][PASSED] - group = line.indexOf("<Group>"): null

27-02-2025T17:41:07 - [TEST_STEP][PASSED] - println(group): null

27-02-2025T17:41:07 - [TEST_STEP][PASSED] - if (group >= 0): null

27-02-2025T17:41:07 - [TEST_STEP][PASSED] - else: null

27-02-2025T17:41:07 - [TEST_STEP][PASSED] - if (include): null

27-02-2025T17:41:07 - [TEST_STEP][PASSED] - line = reader.readLine(): null

27-02-2025T17:41:07 - [TEST_STEP][PASSED] - println(line): null

27-02-2025T17:41:07 - [TEST_STEP][PASSED] - group = line.indexOf("<Group>"): null

27-02-2025T17:41:07 - [TEST_STEP][PASSED] - println(group): null

27-02-2025T17:41:07 - [TEST_STEP][PASSED] - if (group >= 0): null

27-02-2025T17:41:07 - [TEST_STEP][PASSED] - else: null

27-02-2025T17:41:07 - [TEST_STEP][PASSED] - if (include): null

27-02-2025T17:41:07 - [TEST_STEP][PASSED] - line = reader.readLine(): null

27-02-2025T17:41:07 - [TEST_STEP][PASSED] - println(line): null

27-02-2025T17:41:07 - [TEST_STEP][PASSED] - group = line.indexOf("<Group>"): null

27-02-2025T17:41:07 - [TEST_STEP][PASSED] - println(group): null

27-02-2025T17:41:07 - [TEST_STEP][PASSED] - if (group >= 0): null

27-02-2025T17:41:07 - [TEST_STEP][PASSED] - else: null

27-02-2025T17:41:07 - [TEST_STEP][PASSED] - if (include): null

27-02-2025T17:41:07 - [TEST_STEP][PASSED] - line = reader.readLine(): null

27-02-2025T17:41:07 - [TEST_STEP][PASSED] - println(line): null

27-02-2025T17:41:07 - [TEST_STEP][PASSED] - group = line.indexOf("<Group>"): null

27-02-2025T17:41:07 - [TEST_STEP][PASSED] - println(group): null

27-02-2025T17:41:07 - [TEST_STEP][PASSED] - if (group >= 0): null

27-02-2025T17:41:07 - [TEST_STEP][PASSED] - else: null

27-02-2025T17:41:07 - [TEST_STEP][PASSED] - if (include): null

27-02-2025T17:41:07 - [TEST_STEP][PASSED] - line = reader.readLine(): null

27-02-2025T17:41:07 - [TEST_STEP][PASSED] - println(line): null

27-02-2025T17:41:07 - [TEST_STEP][PASSED] - group = line.indexOf("<Group>"): null

27-02-2025T17:41:07 - [TEST_STEP][PASSED] - println(group): null

27-02-2025T17:41:07 - [TEST_STEP][PASSED] - if (group >= 0): null

27-02-2025T17:41:07 - [TEST_STEP][PASSED] - else: null

27-02-2025T17:41:07 - [TEST_STEP][PASSED] - if (include): null

27-02-2025T17:41:07 - [TEST_STEP][PASSED] - line = reader.readLine(): null

27-02-2025T17:41:07 - [TEST_STEP][PASSED] - println(line): null

27-02-2025T17:41:07 - [TEST_STEP][PASSED] - group = line.indexOf("<Group>"): null

27-02-2025T17:41:07 - [TEST_STEP][PASSED] - println(group): null

27-02-2025T17:41:07 - [TEST_STEP][PASSED] - if (group >= 0): null

27-02-2025T17:41:07 - [TEST_STEP][PASSED] - else: null

27-02-2025T17:41:07 - [TEST_STEP][PASSED] - if (include): null

27-02-2025T17:41:07 - [TEST_STEP][PASSED] - line = reader.readLine(): null

27-02-2025T17:41:07 - [TEST_STEP][PASSED] - println(line): null

27-02-2025T17:41:07 - [TEST_STEP][PASSED] - group = line.indexOf("<Group>"): null

27-02-2025T17:41:07 - [TEST_STEP][PASSED] - println(group): null

27-02-2025T17:41:07 - [TEST_STEP][PASSED] - if (group >= 0): null

27-02-2025T17:41:07 - [TEST_STEP][PASSED] - else: null

27-02-2025T17:41:07 - [TEST_STEP][PASSED] - if (include): null

27-02-2025T17:41:07 - [TEST_STEP][PASSED] - line = reader.readLine(): null

27-02-2025T17:41:07 - [TEST_STEP][PASSED] - frame.dispose(): null

27-02-2025T17:41:07 - [TEST_STEP][PASSED] - reader.close(): null

27-02-2025T17:41:07 - [TEST_STEP][PASSED] - println(checked): null

27-02-2025T17:41:07 - [TEST_STEP][PASSED] - return checked: null

27-02-2025T17:41:07 - [MESSAGE][PASSED] - Call Test Case 'Test Cases/_Functions/Get Selections from CSV File' successfully

27-02-2025T17:41:07 - [TEST_STEP][PASSED] - languages = callTestCase(findTestCase("_Functions/Get Selections from CSV File"), ["varFileName":"Journey Partner Forms/IT Positions.csv", "varSelections":"Computer Languages"], STOP_ON_FAILURE): Call Test Case 'Test Cases/_Functions/Get Selections from CSV File' successfully

27-02-2025T17:41:07 - [TEST_CASE][PASSED] - Test Cases/_Functions/Get Selections from CSV File: Test Cases/_Functions/Get Selections from CSV File

27-02-2025T17:41:07 - [TEST_STEP][PASSED] - if (fastPath): null

27-02-2025T17:41:07 - [TEST_STEP][PASSED] - reader = <not implemented yet for class: org.codehaus.groovy.ast.expr.EmptyExpression>: null

27-02-2025T17:41:07 - [TEST_STEP][PASSED] - checked = []: null

27-02-2025T17:41:07 - [TEST_STEP][PASSED] - reader = new java.io.BufferedReader(new java.io.FileReader((/Users/cckozie/git/MissionNext-Katalon-Koz/Data Files/ + varFileName))): null

27-02-2025T17:41:07 - [TEST_STEP][PASSED] - line = reader.readLine(): null

27-02-2025T17:41:07 - [TEST_STEP][PASSED] - include = false: null

27-02-2025T17:41:07 - [TEST_STEP][PASSED] - frame = new javax.swing.JFrame(): null

27-02-2025T17:41:07 - [TEST_STEP][PASSED] - p = new javax.swing.JPanel(): null

27-02-2025T17:41:07 - [TEST_STEP][PASSED] - l = new javax.swing.JLabel(Loading selections from file..., javax.swing.SwingConstants.CENTER): null

27-02-2025T17:41:07 - [TEST_STEP][PASSED] - frame.add(l): null

27-02-2025T17:41:07 - [TEST_STEP][PASSED] - frame.setSize(300, 100): null

27-02-2025T17:41:07 - [TEST_STEP][PASSED] - frame.setLocation(600, 0): null

27-02-2025T17:41:07 - [TEST_STEP][PASSED] - frame.setAlwaysOnTop(true): null

27-02-2025T17:41:07 - [TEST_STEP][PASSED] - frame.show(): null

27-02-2025T17:41:07 - [TEST_STEP][PASSED] - while (line != null): null

27-02-2025T17:41:07 - [TEST_STEP][PASSED] - println(line): null

27-02-2025T17:41:07 - [TEST_STEP][PASSED] - group = line.indexOf("<Group>"): null

27-02-2025T17:41:07 - [TEST_STEP][PASSED] - println(group): null

27-02-2025T17:41:07 - [TEST_STEP][PASSED] - if (group >= 0): null

27-02-2025T17:41:07 - [TEST_STEP][PASSED] - selections = line.substring(group + 7, line.length() - 1): null

27-02-2025T17:41:07 - [TEST_STEP][PASSED] - println(selections): null

27-02-2025T17:41:07 - [TEST_STEP][PASSED] - if (selections == varSelections): null

27-02-2025T17:41:07 - [TEST_STEP][PASSED] - else: null

27-02-2025T17:41:07 - [TEST_STEP][PASSED] - include = false: null

27-02-2025T17:41:07 - [TEST_STEP][PASSED] - line = reader.readLine(): null

27-02-2025T17:41:07 - [TEST_STEP][PASSED] - println(line): null

27-02-2025T17:41:07 - [TEST_STEP][PASSED] - group = line.indexOf("<Group>"): null

27-02-2025T17:41:07 - [TEST_STEP][PASSED] - println(group): null

27-02-2025T17:41:07 - [TEST_STEP][PASSED] - if (group >= 0): null

27-02-2025T17:41:07 - [TEST_STEP][PASSED] - else: null

27-02-2025T17:41:07 - [TEST_STEP][PASSED] - if (include): null

27-02-2025T17:41:07 - [TEST_STEP][PASSED] - line = reader.readLine(): null

27-02-2025T17:41:07 - [TEST_STEP][PASSED] - println(line): null

27-02-2025T17:41:07 - [TEST_STEP][PASSED] - group = line.indexOf("<Group>"): null

27-02-2025T17:41:07 - [TEST_STEP][PASSED] - println(group): null

27-02-2025T17:41:07 - [TEST_STEP][PASSED] - if (group >= 0): null

27-02-2025T17:41:07 - [TEST_STEP][PASSED] - else: null

27-02-2025T17:41:07 - [TEST_STEP][PASSED] - if (include): null

27-02-2025T17:41:07 - [TEST_STEP][PASSED] - line = reader.readLine(): null

27-02-2025T17:41:07 - [TEST_STEP][PASSED] - println(line): null

27-02-2025T17:41:07 - [TEST_STEP][PASSED] - group = line.indexOf("<Group>"): null

27-02-2025T17:41:07 - [TEST_STEP][PASSED] - println(group): null

27-02-2025T17:41:07 - [TEST_STEP][PASSED] - if (group >= 0): null

27-02-2025T17:41:07 - [TEST_STEP][PASSED] - else: null

27-02-2025T17:41:07 - [TEST_STEP][PASSED] - if (include): null

27-02-2025T17:41:07 - [TEST_STEP][PASSED] - line = reader.readLine(): null

27-02-2025T17:41:07 - [TEST_STEP][PASSED] - println(line): null

27-02-2025T17:41:07 - [TEST_STEP][PASSED] - group = line.indexOf("<Group>"): null

27-02-2025T17:41:07 - [TEST_STEP][PASSED] - println(group): null

27-02-2025T17:41:07 - [TEST_STEP][PASSED] - if (group >= 0): null

27-02-2025T17:41:07 - [TEST_STEP][PASSED] - else: null

27-02-2025T17:41:07 - [TEST_STEP][PASSED] - if (include): null

27-02-2025T17:41:07 - [TEST_STEP][PASSED] - line = reader.readLine(): null

27-02-2025T17:41:07 - [TEST_STEP][PASSED] - println(line): null

27-02-2025T17:41:07 - [TEST_STEP][PASSED] - group = line.indexOf("<Group>"): null

27-02-2025T17:41:07 - [TEST_STEP][PASSED] - println(group): null

27-02-2025T17:41:07 - [TEST_STEP][PASSED] - if (group >= 0): null

27-02-2025T17:41:07 - [TEST_STEP][PASSED] - else: null

27-02-2025T17:41:07 - [TEST_STEP][PASSED] - if (include): null

27-02-2025T17:41:07 - [TEST_STEP][PASSED] - line = reader.readLine(): null

27-02-2025T17:41:07 - [TEST_STEP][PASSED] - println(line): null

27-02-2025T17:41:07 - [TEST_STEP][PASSED] - group = line.indexOf("<Group>"): null

27-02-2025T17:41:07 - [TEST_STEP][PASSED] - println(group): null

27-02-2025T17:41:07 - [TEST_STEP][PASSED] - if (group >= 0): null

27-02-2025T17:41:07 - [TEST_STEP][PASSED] - else: null

27-02-2025T17:41:07 - [TEST_STEP][PASSED] - if (include): null

27-02-2025T17:41:07 - [TEST_STEP][PASSED] - line = reader.readLine(): null

27-02-2025T17:41:07 - [TEST_STEP][PASSED] - println(line): null

27-02-2025T17:41:07 - [TEST_STEP][PASSED] - group = line.indexOf("<Group>"): null

27-02-2025T17:41:07 - [TEST_STEP][PASSED] - println(group): null

27-02-2025T17:41:07 - [TEST_STEP][PASSED] - if (group >= 0): null

27-02-2025T17:41:07 - [TEST_STEP][PASSED] - else: null

27-02-2025T17:41:07 - [TEST_STEP][PASSED] - if (include): null

27-02-2025T17:41:07 - [TEST_STEP][PASSED] - line = reader.readLine(): null

27-02-2025T17:41:07 - [TEST_STEP][PASSED] - println(line): null

27-02-2025T17:41:07 - [TEST_STEP][PASSED] - group = line.indexOf("<Group>"): null

27-02-2025T17:41:07 - [TEST_STEP][PASSED] - println(group): null

27-02-2025T17:41:07 - [TEST_STEP][PASSED] - if (group >= 0): null

27-02-2025T17:41:07 - [TEST_STEP][PASSED] - else: null

27-02-2025T17:41:07 - [TEST_STEP][PASSED] - if (include): null

27-02-2025T17:41:07 - [TEST_STEP][PASSED] - line = reader.readLine(): null

27-02-2025T17:41:07 - [TEST_STEP][PASSED] - println(line): null

27-02-2025T17:41:07 - [TEST_STEP][PASSED] - group = line.indexOf("<Group>"): null

27-02-2025T17:41:07 - [TEST_STEP][PASSED] - println(group): null

27-02-2025T17:41:07 - [TEST_STEP][PASSED] - if (group >= 0): null

27-02-2025T17:41:07 - [TEST_STEP][PASSED] - else: null

27-02-2025T17:41:07 - [TEST_STEP][PASSED] - if (include): null

27-02-2025T17:41:07 - [TEST_STEP][PASSED] - line = reader.readLine(): null

27-02-2025T17:41:07 - [TEST_STEP][PASSED] - println(line): null

27-02-2025T17:41:07 - [TEST_STEP][PASSED] - group = line.indexOf("<Group>"): null

27-02-2025T17:41:07 - [TEST_STEP][PASSED] - println(group): null

27-02-2025T17:41:07 - [TEST_STEP][PASSED] - if (group >= 0): null

27-02-2025T17:41:07 - [TEST_STEP][PASSED] - else: null

27-02-2025T17:41:07 - [TEST_STEP][PASSED] - if (include): null

27-02-2025T17:41:07 - [TEST_STEP][PASSED] - line = reader.readLine(): null

27-02-2025T17:41:07 - [TEST_STEP][PASSED] - println(line): null

27-02-2025T17:41:07 - [TEST_STEP][PASSED] - group = line.indexOf("<Group>"): null

27-02-2025T17:41:07 - [TEST_STEP][PASSED] - println(group): null

27-02-2025T17:41:07 - [TEST_STEP][PASSED] - if (group >= 0): null

27-02-2025T17:41:07 - [TEST_STEP][PASSED] - else: null

27-02-2025T17:41:07 - [TEST_STEP][PASSED] - if (include): null

27-02-2025T17:41:07 - [TEST_STEP][PASSED] - line = reader.readLine(): null

27-02-2025T17:41:07 - [TEST_STEP][PASSED] - println(line): null

27-02-2025T17:41:07 - [TEST_STEP][PASSED] - group = line.indexOf("<Group>"): null

27-02-2025T17:41:07 - [TEST_STEP][PASSED] - println(group): null

27-02-2025T17:41:07 - [TEST_STEP][PASSED] - if (group >= 0): null

27-02-2025T17:41:07 - [TEST_STEP][PASSED] - else: null

27-02-2025T17:41:07 - [TEST_STEP][PASSED] - if (include): null

27-02-2025T17:41:07 - [TEST_STEP][PASSED] - line = reader.readLine(): null

27-02-2025T17:41:07 - [TEST_STEP][PASSED] - println(line): null

27-02-2025T17:41:07 - [TEST_STEP][PASSED] - group = line.indexOf("<Group>"): null

27-02-2025T17:41:07 - [TEST_STEP][PASSED] - println(group): null

27-02-2025T17:41:07 - [TEST_STEP][PASSED] - if (group >= 0): null

27-02-2025T17:41:07 - [TEST_STEP][PASSED] - else: null

27-02-2025T17:41:07 - [TEST_STEP][PASSED] - if (include): null

27-02-2025T17:41:07 - [TEST_STEP][PASSED] - line = reader.readLine(): null

27-02-2025T17:41:07 - [TEST_STEP][PASSED] - println(line): null

27-02-2025T17:41:07 - [TEST_STEP][PASSED] - group = line.indexOf("<Group>"): null

27-02-2025T17:41:07 - [TEST_STEP][PASSED] - println(group): null

27-02-2025T17:41:07 - [TEST_STEP][PASSED] - if (group >= 0): null

27-02-2025T17:41:07 - [TEST_STEP][PASSED] - else: null

27-02-2025T17:41:07 - [TEST_STEP][PASSED] - if (include): null

27-02-2025T17:41:07 - [TEST_STEP][PASSED] - line = reader.readLine(): null

27-02-2025T17:41:07 - [TEST_STEP][PASSED] - println(line): null

27-02-2025T17:41:07 - [TEST_STEP][PASSED] - group = line.indexOf("<Group>"): null

27-02-2025T17:41:07 - [TEST_STEP][PASSED] - println(group): null

27-02-2025T17:41:07 - [TEST_STEP][PASSED] - if (group >= 0): null

27-02-2025T17:41:07 - [TEST_STEP][PASSED] - else: null

27-02-2025T17:41:07 - [TEST_STEP][PASSED] - if (include): null

27-02-2025T17:41:07 - [TEST_STEP][PASSED] - line = reader.readLine(): null

27-02-2025T17:41:07 - [TEST_STEP][PASSED] - println(line): null

27-02-2025T17:41:07 - [TEST_STEP][PASSED] - group = line.indexOf("<Group>"): null

27-02-2025T17:41:07 - [TEST_STEP][PASSED] - println(group): null

27-02-2025T17:41:07 - [TEST_STEP][PASSED] - if (group >= 0): null

27-02-2025T17:41:07 - [TEST_STEP][PASSED] - else: null

27-02-2025T17:41:07 - [TEST_STEP][PASSED] - if (include): null

27-02-2025T17:41:07 - [TEST_STEP][PASSED] - line = reader.readLine(): null

27-02-2025T17:41:07 - [TEST_STEP][PASSED] - println(line): null

27-02-2025T17:41:07 - [TEST_STEP][PASSED] - group = line.indexOf("<Group>"): null

27-02-2025T17:41:07 - [TEST_STEP][PASSED] - println(group): null

27-02-2025T17:41:07 - [TEST_STEP][PASSED] - if (group >= 0): null

27-02-2025T17:41:07 - [TEST_STEP][PASSED] - else: null

27-02-2025T17:41:07 - [TEST_STEP][PASSED] - if (include): null

27-02-2025T17:41:07 - [TEST_STEP][PASSED] - line = reader.readLine(): null

27-02-2025T17:41:07 - [TEST_STEP][PASSED] - println(line): null

27-02-2025T17:41:07 - [TEST_STEP][PASSED] - group = line.indexOf("<Group>"): null

27-02-2025T17:41:07 - [TEST_STEP][PASSED] - println(group): null

27-02-2025T17:41:07 - [TEST_STEP][PASSED] - if (group >= 0): null

27-02-2025T17:41:07 - [TEST_STEP][PASSED] - else: null

27-02-2025T17:41:07 - [TEST_STEP][PASSED] - if (include): null

27-02-2025T17:41:07 - [TEST_STEP][PASSED] - line = reader.readLine(): null

27-02-2025T17:41:07 - [TEST_STEP][PASSED] - println(line): null

27-02-2025T17:41:07 - [TEST_STEP][PASSED] - group = line.indexOf("<Group>"): null

27-02-2025T17:41:07 - [TEST_STEP][PASSED] - println(group): null

27-02-2025T17:41:07 - [TEST_STEP][PASSED] - if (group >= 0): null

27-02-2025T17:41:07 - [TEST_STEP][PASSED] - else: null

27-02-2025T17:41:07 - [TEST_STEP][PASSED] - if (include): null

27-02-2025T17:41:07 - [TEST_STEP][PASSED] - line = reader.readLine(): null

27-02-2025T17:41:07 - [TEST_STEP][PASSED] - println(line): null

27-02-2025T17:41:07 - [TEST_STEP][PASSED] - group = line.indexOf("<Group>"): null

27-02-2025T17:41:07 - [TEST_STEP][PASSED] - println(group): null

27-02-2025T17:41:07 - [TEST_STEP][PASSED] - if (group >= 0): null

27-02-2025T17:41:07 - [TEST_STEP][PASSED] - else: null

27-02-2025T17:41:07 - [TEST_STEP][PASSED] - if (include): null

27-02-2025T17:41:07 - [TEST_STEP][PASSED] - line = reader.readLine(): null

27-02-2025T17:41:07 - [TEST_STEP][PASSED] - println(line): null

27-02-2025T17:41:07 - [TEST_STEP][PASSED] - group = line.indexOf("<Group>"): null

27-02-2025T17:41:07 - [TEST_STEP][PASSED] - println(group): null

27-02-2025T17:41:07 - [TEST_STEP][PASSED] - if (group >= 0): null

27-02-2025T17:41:07 - [TEST_STEP][PASSED] - else: null

27-02-2025T17:41:07 - [TEST_STEP][PASSED] - if (include): null

27-02-2025T17:41:07 - [TEST_STEP][PASSED] - line = reader.readLine(): null

27-02-2025T17:41:07 - [TEST_STEP][PASSED] - println(line): null

27-02-2025T17:41:07 - [TEST_STEP][PASSED] - group = line.indexOf("<Group>"): null

27-02-2025T17:41:07 - [TEST_STEP][PASSED] - println(group): null

27-02-2025T17:41:07 - [TEST_STEP][PASSED] - if (group >= 0): null

27-02-2025T17:41:07 - [TEST_STEP][PASSED] - else: null

27-02-2025T17:41:07 - [TEST_STEP][PASSED] - if (include): null

27-02-2025T17:41:07 - [TEST_STEP][PASSED] - line = reader.readLine(): null

27-02-2025T17:41:07 - [TEST_STEP][PASSED] - println(line): null

27-02-2025T17:41:07 - [TEST_STEP][PASSED] - group = line.indexOf("<Group>"): null

27-02-2025T17:41:07 - [TEST_STEP][PASSED] - println(group): null

27-02-2025T17:41:07 - [TEST_STEP][PASSED] - if (group >= 0): null

27-02-2025T17:41:07 - [TEST_STEP][PASSED] - else: null

27-02-2025T17:41:07 - [TEST_STEP][PASSED] - if (include): null

27-02-2025T17:41:07 - [TEST_STEP][PASSED] - line = reader.readLine(): null

27-02-2025T17:41:07 - [TEST_STEP][PASSED] - println(line): null

27-02-2025T17:41:07 - [TEST_STEP][PASSED] - group = line.indexOf("<Group>"): null

27-02-2025T17:41:07 - [TEST_STEP][PASSED] - println(group): null

27-02-2025T17:41:07 - [TEST_STEP][PASSED] - if (group >= 0): null

27-02-2025T17:41:07 - [TEST_STEP][PASSED] - else: null

27-02-2025T17:41:07 - [TEST_STEP][PASSED] - if (include): null

27-02-2025T17:41:07 - [TEST_STEP][PASSED] - line = reader.readLine(): null

27-02-2025T17:41:07 - [TEST_STEP][PASSED] - println(line): null

27-02-2025T17:41:07 - [TEST_STEP][PASSED] - group = line.indexOf("<Group>"): null

27-02-2025T17:41:07 - [TEST_STEP][PASSED] - println(group): null

27-02-2025T17:41:07 - [TEST_STEP][PASSED] - if (group >= 0): null

27-02-2025T17:41:07 - [TEST_STEP][PASSED] - else: null

27-02-2025T17:41:07 - [TEST_STEP][PASSED] - if (include): null

27-02-2025T17:41:07 - [TEST_STEP][PASSED] - line = reader.readLine(): null

27-02-2025T17:41:07 - [TEST_STEP][PASSED] - println(line): null

27-02-2025T17:41:07 - [TEST_STEP][PASSED] - group = line.indexOf("<Group>"): null

27-02-2025T17:41:07 - [TEST_STEP][PASSED] - println(group): null

27-02-2025T17:41:07 - [TEST_STEP][PASSED] - if (group >= 0): null

27-02-2025T17:41:07 - [TEST_STEP][PASSED] - else: null

27-02-2025T17:41:07 - [TEST_STEP][PASSED] - if (include): null

27-02-2025T17:41:07 - [TEST_STEP][PASSED] - line = reader.readLine(): null

27-02-2025T17:41:07 - [TEST_STEP][PASSED] - println(line): null

27-02-2025T17:41:07 - [TEST_STEP][PASSED] - group = line.indexOf("<Group>"): null

27-02-2025T17:41:07 - [TEST_STEP][PASSED] - println(group): null

27-02-2025T17:41:07 - [TEST_STEP][PASSED] - if (group >= 0): null

27-02-2025T17:41:07 - [TEST_STEP][PASSED] - else: null

27-02-2025T17:41:07 - [TEST_STEP][PASSED] - if (include): null

27-02-2025T17:41:07 - [TEST_STEP][PASSED] - line = reader.readLine(): null

27-02-2025T17:41:07 - [TEST_STEP][PASSED] - println(line): null

27-02-2025T17:41:07 - [TEST_STEP][PASSED] - group = line.indexOf("<Group>"): null

27-02-2025T17:41:07 - [TEST_STEP][PASSED] - println(group): null

27-02-2025T17:41:07 - [TEST_STEP][PASSED] - if (group >= 0): null

27-02-2025T17:41:07 - [TEST_STEP][PASSED] - else: null

27-02-2025T17:41:07 - [TEST_STEP][PASSED] - if (include): null

27-02-2025T17:41:07 - [TEST_STEP][PASSED] - line = reader.readLine(): null

27-02-2025T17:41:07 - [TEST_STEP][PASSED] - println(line): null

27-02-2025T17:41:07 - [TEST_STEP][PASSED] - group = line.indexOf("<Group>"): null

27-02-2025T17:41:07 - [TEST_STEP][PASSED] - println(group): null

27-02-2025T17:41:07 - [TEST_STEP][PASSED] - if (group >= 0): null

27-02-2025T17:41:07 - [TEST_STEP][PASSED] - else: null

27-02-2025T17:41:07 - [TEST_STEP][PASSED] - if (include): null

27-02-2025T17:41:07 - [TEST_STEP][PASSED] - line = reader.readLine(): null

27-02-2025T17:41:07 - [TEST_STEP][PASSED] - println(line): null

27-02-2025T17:41:07 - [TEST_STEP][PASSED] - group = line.indexOf("<Group>"): null

27-02-2025T17:41:07 - [TEST_STEP][PASSED] - println(group): null

27-02-2025T17:41:07 - [TEST_STEP][PASSED] - if (group >= 0): null

27-02-2025T17:41:07 - [TEST_STEP][PASSED] - else: null

27-02-2025T17:41:07 - [TEST_STEP][PASSED] - if (include): null

27-02-2025T17:41:07 - [TEST_STEP][PASSED] - line = reader.readLine(): null

27-02-2025T17:41:07 - [TEST_STEP][PASSED] - println(line): null

27-02-2025T17:41:07 - [TEST_STEP][PASSED] - group = line.indexOf("<Group>"): null

27-02-2025T17:41:07 - [TEST_STEP][PASSED] - println(group): null

27-02-2025T17:41:07 - [TEST_STEP][PASSED] - if (group >= 0): null

27-02-2025T17:41:07 - [TEST_STEP][PASSED] - else: null

27-02-2025T17:41:07 - [TEST_STEP][PASSED] - if (include): null

27-02-2025T17:41:07 - [TEST_STEP][PASSED] - line = reader.readLine(): null

27-02-2025T17:41:07 - [TEST_STEP][PASSED] - println(line): null

27-02-2025T17:41:07 - [TEST_STEP][PASSED] - group = line.indexOf("<Group>"): null

27-02-2025T17:41:07 - [TEST_STEP][PASSED] - println(group): null

27-02-2025T17:41:07 - [TEST_STEP][PASSED] - if (group >= 0): null

27-02-2025T17:41:07 - [TEST_STEP][PASSED] - else: null

27-02-2025T17:41:07 - [TEST_STEP][PASSED] - if (include): null

27-02-2025T17:41:07 - [TEST_STEP][PASSED] - line = reader.readLine(): null

27-02-2025T17:41:07 - [TEST_STEP][PASSED] - println(line): null

27-02-2025T17:41:07 - [TEST_STEP][PASSED] - group = line.indexOf("<Group>"): null

27-02-2025T17:41:07 - [TEST_STEP][PASSED] - println(group): null

27-02-2025T17:41:07 - [TEST_STEP][PASSED] - if (group >= 0): null

27-02-2025T17:41:07 - [TEST_STEP][PASSED] - else: null

27-02-2025T17:41:07 - [TEST_STEP][PASSED] - if (include): null

27-02-2025T17:41:07 - [TEST_STEP][PASSED] - line = reader.readLine(): null

27-02-2025T17:41:07 - [TEST_STEP][PASSED] - println(line): null

27-02-2025T17:41:07 - [TEST_STEP][PASSED] - group = line.indexOf("<Group>"): null

27-02-2025T17:41:07 - [TEST_STEP][PASSED] - println(group): null

27-02-2025T17:41:07 - [TEST_STEP][PASSED] - if (group >= 0): null

27-02-2025T17:41:07 - [TEST_STEP][PASSED] - else: null

27-02-2025T17:41:07 - [TEST_STEP][PASSED] - if (include): null

27-02-2025T17:41:07 - [TEST_STEP][PASSED] - line = reader.readLine(): null

27-02-2025T17:41:07 - [TEST_STEP][PASSED] - println(line): null

27-02-2025T17:41:07 - [TEST_STEP][PASSED] - group = line.indexOf("<Group>"): null

27-02-2025T17:41:07 - [TEST_STEP][PASSED] - println(group): null

27-02-2025T17:41:07 - [TEST_STEP][PASSED] - if (group >= 0): null

27-02-2025T17:41:07 - [TEST_STEP][PASSED] - else: null

27-02-2025T17:41:07 - [TEST_STEP][PASSED] - if (include): null

27-02-2025T17:41:07 - [TEST_STEP][PASSED] - line = reader.readLine(): null

27-02-2025T17:41:07 - [TEST_STEP][PASSED] - println(line): null

27-02-2025T17:41:07 - [TEST_STEP][PASSED] - group = line.indexOf("<Group>"): null

27-02-2025T17:41:07 - [TEST_STEP][PASSED] - println(group): null

27-02-2025T17:41:07 - [TEST_STEP][PASSED] - if (group >= 0): null

27-02-2025T17:41:07 - [TEST_STEP][PASSED] - else: null

27-02-2025T17:41:07 - [TEST_STEP][PASSED] - if (include): null

27-02-2025T17:41:07 - [TEST_STEP][PASSED] - line = reader.readLine(): null

27-02-2025T17:41:07 - [TEST_STEP][PASSED] - println(line): null

27-02-2025T17:41:07 - [TEST_STEP][PASSED] - group = line.indexOf("<Group>"): null

27-02-2025T17:41:07 - [TEST_STEP][PASSED] - println(group): null

27-02-2025T17:41:07 - [TEST_STEP][PASSED] - if (group >= 0): null

27-02-2025T17:41:07 - [TEST_STEP][PASSED] - else: null

27-02-2025T17:41:07 - [TEST_STEP][PASSED] - if (include): null

27-02-2025T17:41:07 - [TEST_STEP][PASSED] - line = reader.readLine(): null

27-02-2025T17:41:07 - [TEST_STEP][PASSED] - println(line): null

27-02-2025T17:41:07 - [TEST_STEP][PASSED] - group = line.indexOf("<Group>"): null

27-02-2025T17:41:07 - [TEST_STEP][PASSED] - println(group): null

27-02-2025T17:41:07 - [TEST_STEP][PASSED] - if (group >= 0): null

27-02-2025T17:41:07 - [TEST_STEP][PASSED] - else: null

27-02-2025T17:41:07 - [TEST_STEP][PASSED] - if (include): null

27-02-2025T17:41:07 - [TEST_STEP][PASSED] - line = reader.readLine(): null

27-02-2025T17:41:07 - [TEST_STEP][PASSED] - println(line): null

27-02-2025T17:41:07 - [TEST_STEP][PASSED] - group = line.indexOf("<Group>"): null

27-02-2025T17:41:07 - [TEST_STEP][PASSED] - println(group): null

27-02-2025T17:41:07 - [TEST_STEP][PASSED] - if (group >= 0): null

27-02-2025T17:41:07 - [TEST_STEP][PASSED] - else: null

27-02-2025T17:41:07 - [TEST_STEP][PASSED] - if (include): null

27-02-2025T17:41:07 - [TEST_STEP][PASSED] - line = reader.readLine(): null

27-02-2025T17:41:07 - [TEST_STEP][PASSED] - println(line): null

27-02-2025T17:41:07 - [TEST_STEP][PASSED] - group = line.indexOf("<Group>"): null

27-02-2025T17:41:07 - [TEST_STEP][PASSED] - println(group): null

27-02-2025T17:41:07 - [TEST_STEP][PASSED] - if (group >= 0): null

27-02-2025T17:41:07 - [TEST_STEP][PASSED] - else: null

27-02-2025T17:41:07 - [TEST_STEP][PASSED] - if (include): null

27-02-2025T17:41:07 - [TEST_STEP][PASSED] - line = reader.readLine(): null

27-02-2025T17:41:07 - [TEST_STEP][PASSED] - println(line): null

27-02-2025T17:41:07 - [TEST_STEP][PASSED] - group = line.indexOf("<Group>"): null

27-02-2025T17:41:07 - [TEST_STEP][PASSED] - println(group): null

27-02-2025T17:41:07 - [TEST_STEP][PASSED] - if (group >= 0): null

27-02-2025T17:41:07 - [TEST_STEP][PASSED] - else: null

27-02-2025T17:41:07 - [TEST_STEP][PASSED] - if (include): null

27-02-2025T17:41:07 - [TEST_STEP][PASSED] - line = reader.readLine(): null

27-02-2025T17:41:07 - [TEST_STEP][PASSED] - println(line): null

27-02-2025T17:41:07 - [TEST_STEP][PASSED] - group = line.indexOf("<Group>"): null

27-02-2025T17:41:07 - [TEST_STEP][PASSED] - println(group): null

27-02-2025T17:41:07 - [TEST_STEP][PASSED] - if (group >= 0): null

27-02-2025T17:41:07 - [TEST_STEP][PASSED] - else: null

27-02-2025T17:41:07 - [TEST_STEP][PASSED] - if (include): null

27-02-2025T17:41:07 - [TEST_STEP][PASSED] - line = reader.readLine(): null

27-02-2025T17:41:07 - [TEST_STEP][PASSED] - println(line): null

27-02-2025T17:41:07 - [TEST_STEP][PASSED] - group = line.indexOf("<Group>"): null

27-02-2025T17:41:07 - [TEST_STEP][PASSED] - println(group): null

27-02-2025T17:41:07 - [TEST_STEP][PASSED] - if (group >= 0): null

27-02-2025T17:41:07 - [TEST_STEP][PASSED] - else: null

27-02-2025T17:41:07 - [TEST_STEP][PASSED] - if (include): null

27-02-2025T17:41:07 - [TEST_STEP][PASSED] - line = reader.readLine(): null

27-02-2025T17:41:07 - [TEST_STEP][PASSED] - println(line): null

27-02-2025T17:41:07 - [TEST_STEP][PASSED] - group = line.indexOf("<Group>"): null

27-02-2025T17:41:07 - [TEST_STEP][PASSED] - println(group): null

27-02-2025T17:41:07 - [TEST_STEP][PASSED] - if (group >= 0): null

27-02-2025T17:41:07 - [TEST_STEP][PASSED] - else: null

27-02-2025T17:41:07 - [TEST_STEP][PASSED] - if (include): null

27-02-2025T17:41:07 - [TEST_STEP][PASSED] - line = reader.readLine(): null

27-02-2025T17:41:07 - [TEST_STEP][PASSED] - println(line): null

27-02-2025T17:41:07 - [TEST_STEP][PASSED] - group = line.indexOf("<Group>"): null

27-02-2025T17:41:07 - [TEST_STEP][PASSED] - println(group): null

27-02-2025T17:41:07 - [TEST_STEP][PASSED] - if (group >= 0): null

27-02-2025T17:41:07 - [TEST_STEP][PASSED] - else: null

27-02-2025T17:41:07 - [TEST_STEP][PASSED] - if (include): null

27-02-2025T17:41:07 - [TEST_STEP][PASSED] - line = reader.readLine(): null

27-02-2025T17:41:07 - [TEST_STEP][PASSED] - println(line): null

27-02-2025T17:41:07 - [TEST_STEP][PASSED] - group = line.indexOf("<Group>"): null

27-02-2025T17:41:07 - [TEST_STEP][PASSED] - println(group): null

27-02-2025T17:41:07 - [TEST_STEP][PASSED] - if (group >= 0): null

27-02-2025T17:41:07 - [TEST_STEP][PASSED] - else: null

27-02-2025T17:41:07 - [TEST_STEP][PASSED] - if (include): null

27-02-2025T17:41:07 - [TEST_STEP][PASSED] - line = reader.readLine(): null

27-02-2025T17:41:07 - [TEST_STEP][PASSED] - println(line): null

27-02-2025T17:41:07 - [TEST_STEP][PASSED] - group = line.indexOf("<Group>"): null

27-02-2025T17:41:07 - [TEST_STEP][PASSED] - println(group): null

27-02-2025T17:41:07 - [TEST_STEP][PASSED] - if (group >= 0): null

27-02-2025T17:41:07 - [TEST_STEP][PASSED] - else: null

27-02-2025T17:41:07 - [TEST_STEP][PASSED] - if (include): null

27-02-2025T17:41:07 - [TEST_STEP][PASSED] - line = reader.readLine(): null

27-02-2025T17:41:07 - [TEST_STEP][PASSED] - println(line): null

27-02-2025T17:41:07 - [TEST_STEP][PASSED] - group = line.indexOf("<Group>"): null

27-02-2025T17:41:07 - [TEST_STEP][PASSED] - println(group): null

27-02-2025T17:41:07 - [TEST_STEP][PASSED] - if (group >= 0): null

27-02-2025T17:41:07 - [TEST_STEP][PASSED] - else: null

27-02-2025T17:41:07 - [TEST_STEP][PASSED] - if (include): null

27-02-2025T17:41:07 - [TEST_STEP][PASSED] - line = reader.readLine(): null

27-02-2025T17:41:07 - [TEST_STEP][PASSED] - println(line): null

27-02-2025T17:41:07 - [TEST_STEP][PASSED] - group = line.indexOf("<Group>"): null

27-02-2025T17:41:07 - [TEST_STEP][PASSED] - println(group): null

27-02-2025T17:41:07 - [TEST_STEP][PASSED] - if (group >= 0): null

27-02-2025T17:41:07 - [TEST_STEP][PASSED] - else: null

27-02-2025T17:41:07 - [TEST_STEP][PASSED] - if (include): null

27-02-2025T17:41:07 - [TEST_STEP][PASSED] - line = reader.readLine(): null

27-02-2025T17:41:07 - [TEST_STEP][PASSED] - println(line): null

27-02-2025T17:41:07 - [TEST_STEP][PASSED] - group = line.indexOf("<Group>"): null

27-02-2025T17:41:07 - [TEST_STEP][PASSED] - println(group): null

27-02-2025T17:41:07 - [TEST_STEP][PASSED] - if (group >= 0): null

27-02-2025T17:41:07 - [TEST_STEP][PASSED] - else: null

27-02-2025T17:41:07 - [TEST_STEP][PASSED] - if (include): null

27-02-2025T17:41:07 - [TEST_STEP][PASSED] - line = reader.readLine(): null

27-02-2025T17:41:07 - [TEST_STEP][PASSED] - println(line): null

27-02-2025T17:41:07 - [TEST_STEP][PASSED] - group = line.indexOf("<Group>"): null

27-02-2025T17:41:07 - [TEST_STEP][PASSED] - println(group): null

27-02-2025T17:41:07 - [TEST_STEP][PASSED] - if (group >= 0): null

27-02-2025T17:41:07 - [TEST_STEP][PASSED] - else: null

27-02-2025T17:41:07 - [TEST_STEP][PASSED] - if (include): null

27-02-2025T17:41:07 - [TEST_STEP][PASSED] - line = reader.readLine(): null

27-02-2025T17:41:07 - [TEST_STEP][PASSED] - println(line): null

27-02-2025T17:41:07 - [TEST_STEP][PASSED] - group = line.indexOf("<Group>"): null

27-02-2025T17:41:07 - [TEST_STEP][PASSED] - println(group): null

27-02-2025T17:41:07 - [TEST_STEP][PASSED] - if (group >= 0): null

27-02-2025T17:41:07 - [TEST_STEP][PASSED] - else: null

27-02-2025T17:41:07 - [TEST_STEP][PASSED] - if (include): null

27-02-2025T17:41:07 - [TEST_STEP][PASSED] - line = reader.readLine(): null

27-02-2025T17:41:07 - [TEST_STEP][PASSED] - println(line): null

27-02-2025T17:41:07 - [TEST_STEP][PASSED] - group = line.indexOf("<Group>"): null

27-02-2025T17:41:07 - [TEST_STEP][PASSED] - println(group): null

27-02-2025T17:41:07 - [TEST_STEP][PASSED] - if (group >= 0): null

27-02-2025T17:41:07 - [TEST_STEP][PASSED] - else: null

27-02-2025T17:41:07 - [TEST_STEP][PASSED] - if (include): null

27-02-2025T17:41:07 - [TEST_STEP][PASSED] - line = reader.readLine(): null

27-02-2025T17:41:07 - [TEST_STEP][PASSED] - println(line): null

27-02-2025T17:41:07 - [TEST_STEP][PASSED] - group = line.indexOf("<Group>"): null

27-02-2025T17:41:07 - [TEST_STEP][PASSED] - println(group): null

27-02-2025T17:41:07 - [TEST_STEP][PASSED] - if (group >= 0): null

27-02-2025T17:41:07 - [TEST_STEP][PASSED] - else: null

27-02-2025T17:41:07 - [TEST_STEP][PASSED] - if (include): null

27-02-2025T17:41:07 - [TEST_STEP][PASSED] - line = reader.readLine(): null

27-02-2025T17:41:07 - [TEST_STEP][PASSED] - println(line): null

27-02-2025T17:41:07 - [TEST_STEP][PASSED] - group = line.indexOf("<Group>"): null

27-02-2025T17:41:07 - [TEST_STEP][PASSED] - println(group): null

27-02-2025T17:41:07 - [TEST_STEP][PASSED] - if (group >= 0): null

27-02-2025T17:41:07 - [TEST_STEP][PASSED] - else: null

27-02-2025T17:41:07 - [TEST_STEP][PASSED] - if (include): null

27-02-2025T17:41:07 - [TEST_STEP][PASSED] - line = reader.readLine(): null

27-02-2025T17:41:07 - [TEST_STEP][PASSED] - println(line): null

27-02-2025T17:41:07 - [TEST_STEP][PASSED] - group = line.indexOf("<Group>"): null

27-02-2025T17:41:07 - [TEST_STEP][PASSED] - println(group): null

27-02-2025T17:41:07 - [TEST_STEP][PASSED] - if (group >= 0): null

27-02-2025T17:41:07 - [TEST_STEP][PASSED] - else: null

27-02-2025T17:41:07 - [TEST_STEP][PASSED] - if (include): null

27-02-2025T17:41:07 - [TEST_STEP][PASSED] - line = reader.readLine(): null

27-02-2025T17:41:07 - [TEST_STEP][PASSED] - println(line): null

27-02-2025T17:41:07 - [TEST_STEP][PASSED] - group = line.indexOf("<Group>"): null

27-02-2025T17:41:07 - [TEST_STEP][PASSED] - println(group): null

27-02-2025T17:41:07 - [TEST_STEP][PASSED] - if (group >= 0): null

27-02-2025T17:41:07 - [TEST_STEP][PASSED] - else: null

27-02-2025T17:41:07 - [TEST_STEP][PASSED] - if (include): null

27-02-2025T17:41:07 - [TEST_STEP][PASSED] - line = reader.readLine(): null

27-02-2025T17:41:07 - [TEST_STEP][PASSED] - println(line): null

27-02-2025T17:41:07 - [TEST_STEP][PASSED] - group = line.indexOf("<Group>"): null

27-02-2025T17:41:07 - [TEST_STEP][PASSED] - println(group): null

27-02-2025T17:41:07 - [TEST_STEP][PASSED] - if (group >= 0): null

27-02-2025T17:41:07 - [TEST_STEP][PASSED] - else: null

27-02-2025T17:41:07 - [TEST_STEP][PASSED] - if (include): null

27-02-2025T17:41:07 - [TEST_STEP][PASSED] - line = reader.readLine(): null

27-02-2025T17:41:07 - [TEST_STEP][PASSED] - println(line): null

27-02-2025T17:41:07 - [TEST_STEP][PASSED] - group = line.indexOf("<Group>"): null

27-02-2025T17:41:07 - [TEST_STEP][PASSED] - println(group): null

27-02-2025T17:41:07 - [TEST_STEP][PASSED] - if (group >= 0): null

27-02-2025T17:41:07 - [TEST_STEP][PASSED] - else: null

27-02-2025T17:41:07 - [TEST_STEP][PASSED] - if (include): null

27-02-2025T17:41:07 - [TEST_STEP][PASSED] - line = reader.readLine(): null

27-02-2025T17:41:07 - [TEST_STEP][PASSED] - println(line): null

27-02-2025T17:41:07 - [TEST_STEP][PASSED] - group = line.indexOf("<Group>"): null

27-02-2025T17:41:07 - [TEST_STEP][PASSED] - println(group): null

27-02-2025T17:41:07 - [TEST_STEP][PASSED] - if (group >= 0): null

27-02-2025T17:41:07 - [TEST_STEP][PASSED] - else: null

27-02-2025T17:41:07 - [TEST_STEP][PASSED] - if (include): null

27-02-2025T17:41:07 - [TEST_STEP][PASSED] - line = reader.readLine(): null

27-02-2025T17:41:07 - [TEST_STEP][PASSED] - println(line): null

27-02-2025T17:41:07 - [TEST_STEP][PASSED] - group = line.indexOf("<Group>"): null

27-02-2025T17:41:07 - [TEST_STEP][PASSED] - println(group): null

27-02-2025T17:41:07 - [TEST_STEP][PASSED] - if (group >= 0): null

27-02-2025T17:41:07 - [TEST_STEP][PASSED] - else: null

27-02-2025T17:41:07 - [TEST_STEP][PASSED] - if (include): null

27-02-2025T17:41:07 - [TEST_STEP][PASSED] - line = reader.readLine(): null

27-02-2025T17:41:07 - [TEST_STEP][PASSED] - println(line): null

27-02-2025T17:41:07 - [TEST_STEP][PASSED] - group = line.indexOf("<Group>"): null

27-02-2025T17:41:07 - [TEST_STEP][PASSED] - println(group): null

27-02-2025T17:41:07 - [TEST_STEP][PASSED] - if (group >= 0): null

27-02-2025T17:41:07 - [TEST_STEP][PASSED] - else: null

27-02-2025T17:41:07 - [TEST_STEP][PASSED] - if (include): null

27-02-2025T17:41:07 - [TEST_STEP][PASSED] - line = reader.readLine(): null

27-02-2025T17:41:07 - [TEST_STEP][PASSED] - println(line): null

27-02-2025T17:41:07 - [TEST_STEP][PASSED] - group = line.indexOf("<Group>"): null

27-02-2025T17:41:07 - [TEST_STEP][PASSED] - println(group): null

27-02-2025T17:41:07 - [TEST_STEP][PASSED] - if (group >= 0): null

27-02-2025T17:41:07 - [TEST_STEP][PASSED] - else: null

27-02-2025T17:41:07 - [TEST_STEP][PASSED] - if (include): null

27-02-2025T17:41:07 - [TEST_STEP][PASSED] - line = reader.readLine(): null

27-02-2025T17:41:07 - [TEST_STEP][PASSED] - println(line): null

27-02-2025T17:41:07 - [TEST_STEP][PASSED] - group = line.indexOf("<Group>"): null

27-02-2025T17:41:07 - [TEST_STEP][PASSED] - println(group): null

27-02-2025T17:41:07 - [TEST_STEP][PASSED] - if (group >= 0): null

27-02-2025T17:41:07 - [TEST_STEP][PASSED] - else: null

27-02-2025T17:41:07 - [TEST_STEP][PASSED] - if (include): null

27-02-2025T17:41:07 - [TEST_STEP][PASSED] - line = reader.readLine(): null

27-02-2025T17:41:07 - [TEST_STEP][PASSED] - println(line): null

27-02-2025T17:41:07 - [TEST_STEP][PASSED] - group = line.indexOf("<Group>"): null

27-02-2025T17:41:07 - [TEST_STEP][PASSED] - println(group): null

27-02-2025T17:41:07 - [TEST_STEP][PASSED] - if (group >= 0): null

27-02-2025T17:41:07 - [TEST_STEP][PASSED] - else: null

27-02-2025T17:41:07 - [TEST_STEP][PASSED] - if (include): null

27-02-2025T17:41:07 - [TEST_STEP][PASSED] - line = reader.readLine(): null

27-02-2025T17:41:07 - [TEST_STEP][PASSED] - println(line): null

27-02-2025T17:41:07 - [TEST_STEP][PASSED] - group = line.indexOf("<Group>"): null

27-02-2025T17:41:07 - [TEST_STEP][PASSED] - println(group): null

27-02-2025T17:41:07 - [TEST_STEP][PASSED] - if (group >= 0): null

27-02-2025T17:41:07 - [TEST_STEP][PASSED] - else: null

27-02-2025T17:41:07 - [TEST_STEP][PASSED] - if (include): null

27-02-2025T17:41:07 - [TEST_STEP][PASSED] - line = reader.readLine(): null

27-02-2025T17:41:07 - [TEST_STEP][PASSED] - println(line): null

27-02-2025T17:41:07 - [TEST_STEP][PASSED] - group = line.indexOf("<Group>"): null

27-02-2025T17:41:07 - [TEST_STEP][PASSED] - println(group): null

27-02-2025T17:41:07 - [TEST_STEP][PASSED] - if (group >= 0): null

27-02-2025T17:41:07 - [TEST_STEP][PASSED] - else: null

27-02-2025T17:41:07 - [TEST_STEP][PASSED] - if (include): null

27-02-2025T17:41:07 - [TEST_STEP][PASSED] - line = reader.readLine(): null

27-02-2025T17:41:07 - [TEST_STEP][PASSED] - println(line): null

27-02-2025T17:41:07 - [TEST_STEP][PASSED] - group = line.indexOf("<Group>"): null

27-02-2025T17:41:07 - [TEST_STEP][PASSED] - println(group): null

27-02-2025T17:41:07 - [TEST_STEP][PASSED] - if (group >= 0): null

27-02-2025T17:41:07 - [TEST_STEP][PASSED] - else: null

27-02-2025T17:41:07 - [TEST_STEP][PASSED] - if (include): null

27-02-2025T17:41:07 - [TEST_STEP][PASSED] - line = reader.readLine(): null

27-02-2025T17:41:07 - [TEST_STEP][PASSED] - println(line): null

27-02-2025T17:41:07 - [TEST_STEP][PASSED] - group = line.indexOf("<Group>"): null

27-02-2025T17:41:07 - [TEST_STEP][PASSED] - println(group): null

27-02-2025T17:41:07 - [TEST_STEP][PASSED] - if (group >= 0): null

27-02-2025T17:41:07 - [TEST_STEP][PASSED] - else: null

27-02-2025T17:41:07 - [TEST_STEP][PASSED] - if (include): null

27-02-2025T17:41:07 - [TEST_STEP][PASSED] - line = reader.readLine(): null

27-02-2025T17:41:07 - [TEST_STEP][PASSED] - println(line): null

27-02-2025T17:41:07 - [TEST_STEP][PASSED] - group = line.indexOf("<Group>"): null

27-02-2025T17:41:07 - [TEST_STEP][PASSED] - println(group): null

27-02-2025T17:41:07 - [TEST_STEP][PASSED] - if (group >= 0): null

27-02-2025T17:41:07 - [TEST_STEP][PASSED] - else: null

27-02-2025T17:41:07 - [TEST_STEP][PASSED] - if (include): null

27-02-2025T17:41:07 - [TEST_STEP][PASSED] - line = reader.readLine(): null

27-02-2025T17:41:07 - [TEST_STEP][PASSED] - println(line): null

27-02-2025T17:41:07 - [TEST_STEP][PASSED] - group = line.indexOf("<Group>"): null

27-02-2025T17:41:07 - [TEST_STEP][PASSED] - println(group): null

27-02-2025T17:41:07 - [TEST_STEP][PASSED] - if (group >= 0): null

27-02-2025T17:41:07 - [TEST_STEP][PASSED] - else: null

27-02-2025T17:41:07 - [TEST_STEP][PASSED] - if (include): null

27-02-2025T17:41:07 - [TEST_STEP][PASSED] - line = reader.readLine(): null

27-02-2025T17:41:07 - [TEST_STEP][PASSED] - println(line): null

27-02-2025T17:41:07 - [TEST_STEP][PASSED] - group = line.indexOf("<Group>"): null

27-02-2025T17:41:07 - [TEST_STEP][PASSED] - println(group): null

27-02-2025T17:41:07 - [TEST_STEP][PASSED] - if (group >= 0): null

27-02-2025T17:41:07 - [TEST_STEP][PASSED] - else: null

27-02-2025T17:41:07 - [TEST_STEP][PASSED] - if (include): null

27-02-2025T17:41:07 - [TEST_STEP][PASSED] - line = reader.readLine(): null

27-02-2025T17:41:07 - [TEST_STEP][PASSED] - println(line): null

27-02-2025T17:41:07 - [TEST_STEP][PASSED] - group = line.indexOf("<Group>"): null

27-02-2025T17:41:07 - [TEST_STEP][PASSED] - println(group): null

27-02-2025T17:41:07 - [TEST_STEP][PASSED] - if (group >= 0): null

27-02-2025T17:41:07 - [TEST_STEP][PASSED] - else: null

27-02-2025T17:41:07 - [TEST_STEP][PASSED] - if (include): null

27-02-2025T17:41:07 - [TEST_STEP][PASSED] - line = reader.readLine(): null

27-02-2025T17:41:07 - [TEST_STEP][PASSED] - println(line): null

27-02-2025T17:41:07 - [TEST_STEP][PASSED] - group = line.indexOf("<Group>"): null

27-02-2025T17:41:07 - [TEST_STEP][PASSED] - println(group): null

27-02-2025T17:41:07 - [TEST_STEP][PASSED] - if (group >= 0): null

27-02-2025T17:41:07 - [TEST_STEP][PASSED] - else: null

27-02-2025T17:41:07 - [TEST_STEP][PASSED] - if (include): null

27-02-2025T17:41:07 - [TEST_STEP][PASSED] - line = reader.readLine(): null

27-02-2025T17:41:07 - [TEST_STEP][PASSED] - println(line): null

27-02-2025T17:41:07 - [TEST_STEP][PASSED] - group = line.indexOf("<Group>"): null

27-02-2025T17:41:07 - [TEST_STEP][PASSED] - println(group): null

27-02-2025T17:41:07 - [TEST_STEP][PASSED] - if (group >= 0): null

27-02-2025T17:41:07 - [TEST_STEP][PASSED] - else: null

27-02-2025T17:41:07 - [TEST_STEP][PASSED] - if (include): null

27-02-2025T17:41:07 - [TEST_STEP][PASSED] - line = reader.readLine(): null

27-02-2025T17:41:07 - [TEST_STEP][PASSED] - println(line): null

27-02-2025T17:41:07 - [TEST_STEP][PASSED] - group = line.indexOf("<Group>"): null

27-02-2025T17:41:07 - [TEST_STEP][PASSED] - println(group): null

27-02-2025T17:41:07 - [TEST_STEP][PASSED] - if (group >= 0): null

27-02-2025T17:41:07 - [TEST_STEP][PASSED] - else: null

27-02-2025T17:41:07 - [TEST_STEP][PASSED] - if (include): null

27-02-2025T17:41:07 - [TEST_STEP][PASSED] - line = reader.readLine(): null

27-02-2025T17:41:07 - [TEST_STEP][PASSED] - println(line): null

27-02-2025T17:41:07 - [TEST_STEP][PASSED] - group = line.indexOf("<Group>"): null

27-02-2025T17:41:07 - [TEST_STEP][PASSED] - println(group): null

27-02-2025T17:41:07 - [TEST_STEP][PASSED] - if (group >= 0): null

27-02-2025T17:41:07 - [TEST_STEP][PASSED] - else: null

27-02-2025T17:41:07 - [TEST_STEP][PASSED] - if (include): null

27-02-2025T17:41:07 - [TEST_STEP][PASSED] - line = reader.readLine(): null

27-02-2025T17:41:07 - [TEST_STEP][PASSED] - println(line): null

27-02-2025T17:41:07 - [TEST_STEP][PASSED] - group = line.indexOf("<Group>"): null

27-02-2025T17:41:07 - [TEST_STEP][PASSED] - println(group): null

27-02-2025T17:41:07 - [TEST_STEP][PASSED] - if (group >= 0): null

27-02-2025T17:41:07 - [TEST_STEP][PASSED] - else: null

27-02-2025T17:41:07 - [TEST_STEP][PASSED] - if (include): null

27-02-2025T17:41:07 - [TEST_STEP][PASSED] - line = reader.readLine(): null

27-02-2025T17:41:07 - [TEST_STEP][PASSED] - println(line): null

27-02-2025T17:41:07 - [TEST_STEP][PASSED] - group = line.indexOf("<Group>"): null

27-02-2025T17:41:07 - [TEST_STEP][PASSED] - println(group): null

27-02-2025T17:41:07 - [TEST_STEP][PASSED] - if (group >= 0): null

27-02-2025T17:41:07 - [TEST_STEP][PASSED] - else: null

27-02-2025T17:41:07 - [TEST_STEP][PASSED] - if (include): null

27-02-2025T17:41:07 - [TEST_STEP][PASSED] - line = reader.readLine(): null

27-02-2025T17:41:07 - [TEST_STEP][PASSED] - println(line): null

27-02-2025T17:41:07 - [TEST_STEP][PASSED] - group = line.indexOf("<Group>"): null

27-02-2025T17:41:07 - [TEST_STEP][PASSED] - println(group): null

27-02-2025T17:41:07 - [TEST_STEP][PASSED] - if (group >= 0): null

27-02-2025T17:41:07 - [TEST_STEP][PASSED] - else: null

27-02-2025T17:41:07 - [TEST_STEP][PASSED] - if (include): null

27-02-2025T17:41:07 - [TEST_STEP][PASSED] - line = reader.readLine(): null

27-02-2025T17:41:07 - [TEST_STEP][PASSED] - println(line): null

27-02-2025T17:41:07 - [TEST_STEP][PASSED] - group = line.indexOf("<Group>"): null

27-02-2025T17:41:07 - [TEST_STEP][PASSED] - println(group): null

27-02-2025T17:41:07 - [TEST_STEP][PASSED] - if (group >= 0): null

27-02-2025T17:41:07 - [TEST_STEP][PASSED] - else: null

27-02-2025T17:41:07 - [TEST_STEP][PASSED] - if (include): null

27-02-2025T17:41:07 - [TEST_STEP][PASSED] - line = reader.readLine(): null

27-02-2025T17:41:07 - [TEST_STEP][PASSED] - println(line): null

27-02-2025T17:41:07 - [TEST_STEP][PASSED] - group = line.indexOf("<Group>"): null

27-02-2025T17:41:07 - [TEST_STEP][PASSED] - println(group): null

27-02-2025T17:41:07 - [TEST_STEP][PASSED] - if (group >= 0): null

27-02-2025T17:41:07 - [TEST_STEP][PASSED] - else: null

27-02-2025T17:41:07 - [TEST_STEP][PASSED] - if (include): null

27-02-2025T17:41:07 - [TEST_STEP][PASSED] - line = reader.readLine(): null

27-02-2025T17:41:07 - [TEST_STEP][PASSED] - println(line): null

27-02-2025T17:41:07 - [TEST_STEP][PASSED] - group = line.indexOf("<Group>"): null

27-02-2025T17:41:07 - [TEST_STEP][PASSED] - println(group): null

27-02-2025T17:41:07 - [TEST_STEP][PASSED] - if (group >= 0): null

27-02-2025T17:41:07 - [TEST_STEP][PASSED] - else: null

27-02-2025T17:41:07 - [TEST_STEP][PASSED] - if (include): null

27-02-2025T17:41:07 - [TEST_STEP][PASSED] - line = reader.readLine(): null

27-02-2025T17:41:07 - [TEST_STEP][PASSED] - println(line): null

27-02-2025T17:41:07 - [TEST_STEP][PASSED] - group = line.indexOf("<Group>"): null

27-02-2025T17:41:07 - [TEST_STEP][PASSED] - println(group): null

27-02-2025T17:41:07 - [TEST_STEP][PASSED] - if (group >= 0): null

27-02-2025T17:41:07 - [TEST_STEP][PASSED] - else: null

27-02-2025T17:41:07 - [TEST_STEP][PASSED] - if (include): null

27-02-2025T17:41:07 - [TEST_STEP][PASSED] - line = reader.readLine(): null

27-02-2025T17:41:07 - [TEST_STEP][PASSED] - println(line): null

27-02-2025T17:41:07 - [TEST_STEP][PASSED] - group = line.indexOf("<Group>"): null

27-02-2025T17:41:07 - [TEST_STEP][PASSED] - println(group): null

27-02-2025T17:41:07 - [TEST_STEP][PASSED] - if (group >= 0): null

27-02-2025T17:41:07 - [TEST_STEP][PASSED] - else: null

27-02-2025T17:41:07 - [TEST_STEP][PASSED] - if (include): null

27-02-2025T17:41:07 - [TEST_STEP][PASSED] - line = reader.readLine(): null

27-02-2025T17:41:07 - [TEST_STEP][PASSED] - println(line): null

27-02-2025T17:41:07 - [TEST_STEP][PASSED] - group = line.indexOf("<Group>"): null

27-02-2025T17:41:07 - [TEST_STEP][PASSED] - println(group): null

27-02-2025T17:41:07 - [TEST_STEP][PASSED] - if (group >= 0): null

27-02-2025T17:41:07 - [TEST_STEP][PASSED] - else: null

27-02-2025T17:41:07 - [TEST_STEP][PASSED] - if (include): null

27-02-2025T17:41:07 - [TEST_STEP][PASSED] - line = reader.readLine(): null

27-02-2025T17:41:07 - [TEST_STEP][PASSED] - println(line): null

27-02-2025T17:41:07 - [TEST_STEP][PASSED] - group = line.indexOf("<Group>"): null

27-02-2025T17:41:07 - [TEST_STEP][PASSED] - println(group): null

27-02-2025T17:41:07 - [TEST_STEP][PASSED] - if (group >= 0): null

27-02-2025T17:41:07 - [TEST_STEP][PASSED] - else: null

27-02-2025T17:41:07 - [TEST_STEP][PASSED] - if (include): null

27-02-2025T17:41:07 - [TEST_STEP][PASSED] - line = reader.readLine(): null

27-02-2025T17:41:07 - [TEST_STEP][PASSED] - println(line): null

27-02-2025T17:41:07 - [TEST_STEP][PASSED] - group = line.indexOf("<Group>"): null

27-02-2025T17:41:07 - [TEST_STEP][PASSED] - println(group): null

27-02-2025T17:41:07 - [TEST_STEP][PASSED] - if (group >= 0): null

27-02-2025T17:41:07 - [TEST_STEP][PASSED] - else: null

27-02-2025T17:41:07 - [TEST_STEP][PASSED] - if (include): null

27-02-2025T17:41:07 - [TEST_STEP][PASSED] - line = reader.readLine(): null

27-02-2025T17:41:07 - [TEST_STEP][PASSED] - println(line): null

27-02-2025T17:41:07 - [TEST_STEP][PASSED] - group = line.indexOf("<Group>"): null

27-02-2025T17:41:07 - [TEST_STEP][PASSED] - println(group): null

27-02-2025T17:41:07 - [TEST_STEP][PASSED] - if (group >= 0): null

27-02-2025T17:41:07 - [TEST_STEP][PASSED] - else: null

27-02-2025T17:41:07 - [TEST_STEP][PASSED] - if (include): null

27-02-2025T17:41:07 - [TEST_STEP][PASSED] - line = reader.readLine(): null

27-02-2025T17:41:07 - [TEST_STEP][PASSED] - println(line): null

27-02-2025T17:41:07 - [TEST_STEP][PASSED] - group = line.indexOf("<Group>"): null

27-02-2025T17:41:07 - [TEST_STEP][PASSED] - println(group): null

27-02-2025T17:41:07 - [TEST_STEP][PASSED] - if (group >= 0): null

27-02-2025T17:41:07 - [TEST_STEP][PASSED] - else: null

27-02-2025T17:41:07 - [TEST_STEP][PASSED] - if (include): null

27-02-2025T17:41:07 - [TEST_STEP][PASSED] - line = reader.readLine(): null

27-02-2025T17:41:07 - [TEST_STEP][PASSED] - println(line): null

27-02-2025T17:41:07 - [TEST_STEP][PASSED] - group = line.indexOf("<Group>"): null

27-02-2025T17:41:07 - [TEST_STEP][PASSED] - println(group): null

27-02-2025T17:41:07 - [TEST_STEP][PASSED] - if (group >= 0): null

27-02-2025T17:41:07 - [TEST_STEP][PASSED] - else: null

27-02-2025T17:41:07 - [TEST_STEP][PASSED] - if (include): null

27-02-2025T17:41:07 - [TEST_STEP][PASSED] - line = reader.readLine(): null

27-02-2025T17:41:07 - [TEST_STEP][PASSED] - println(line): null

27-02-2025T17:41:07 - [TEST_STEP][PASSED] - group = line.indexOf("<Group>"): null

27-02-2025T17:41:07 - [TEST_STEP][PASSED] - println(group): null

27-02-2025T17:41:07 - [TEST_STEP][PASSED] - if (group >= 0): null

27-02-2025T17:41:07 - [TEST_STEP][PASSED] - selections = line.substring(group + 7, line.length() - 1): null

27-02-2025T17:41:07 - [TEST_STEP][PASSED] - println(selections): null

27-02-2025T17:41:07 - [TEST_STEP][PASSED] - if (selections == varSelections): null

27-02-2025T17:41:07 - [TEST_STEP][PASSED] - include = true: null

27-02-2025T17:41:07 - [TEST_STEP][PASSED] - line = reader.readLine(): null

27-02-2025T17:41:07 - [TEST_STEP][PASSED] - println(line): null

27-02-2025T17:41:07 - [TEST_STEP][PASSED] - group = line.indexOf("<Group>"): null

27-02-2025T17:41:07 - [TEST_STEP][PASSED] - println(group): null

27-02-2025T17:41:07 - [TEST_STEP][PASSED] - if (group >= 0): null

27-02-2025T17:41:07 - [TEST_STEP][PASSED] - else: null

27-02-2025T17:41:07 - [TEST_STEP][PASSED] - if (include): null

27-02-2025T17:41:07 - [TEST_STEP][PASSED] - println(line): null

27-02-2025T17:41:07 - [TEST_STEP][PASSED] - comma = line.indexOf(",y"): null

27-02-2025T17:41:07 - [TEST_STEP][PASSED] - if (comma > 0): null

27-02-2025T17:41:07 - [TEST_STEP][PASSED] - line = reader.readLine(): null

27-02-2025T17:41:07 - [TEST_STEP][PASSED] - println(line): null

27-02-2025T17:41:07 - [TEST_STEP][PASSED] - group = line.indexOf("<Group>"): null

27-02-2025T17:41:07 - [TEST_STEP][PASSED] - println(group): null

27-02-2025T17:41:07 - [TEST_STEP][PASSED] - if (group >= 0): null

27-02-2025T17:41:07 - [TEST_STEP][PASSED] - else: null

27-02-2025T17:41:07 - [TEST_STEP][PASSED] - if (include): null

27-02-2025T17:41:07 - [TEST_STEP][PASSED] - println(line): null

27-02-2025T17:41:07 - [TEST_STEP][PASSED] - comma = line.indexOf(",y"): null

27-02-2025T17:41:07 - [TEST_STEP][PASSED] - if (comma > 0): null

27-02-2025T17:41:07 - [TEST_STEP][PASSED] - line = reader.readLine(): null

27-02-2025T17:41:07 - [TEST_STEP][PASSED] - println(line): null

27-02-2025T17:41:07 - [TEST_STEP][PASSED] - group = line.indexOf("<Group>"): null

27-02-2025T17:41:07 - [TEST_STEP][PASSED] - println(group): null

27-02-2025T17:41:07 - [TEST_STEP][PASSED] - if (group >= 0): null

27-02-2025T17:41:07 - [TEST_STEP][PASSED] - else: null

27-02-2025T17:41:07 - [TEST_STEP][PASSED] - if (include): null

27-02-2025T17:41:07 - [TEST_STEP][PASSED] - println(line): null

27-02-2025T17:41:07 - [TEST_STEP][PASSED] - comma = line.indexOf(",y"): null

27-02-2025T17:41:07 - [TEST_STEP][PASSED] - if (comma > 0): null

27-02-2025T17:41:07 - [TEST_STEP][PASSED] - commaCount = StringUtils.countMatches(line, ","): null

27-02-2025T17:41:07 - [TEST_STEP][PASSED] - if (commaCount > 1): null

27-02-2025T17:41:07 - [TEST_STEP][PASSED] - else: null

27-02-2025T17:41:07 - [TEST_STEP][PASSED] - label = line.substring(1, comma): null

27-02-2025T17:41:07 - [TEST_STEP][PASSED] - println(label): null

27-02-2025T17:41:07 - [TEST_STEP][PASSED] - checked.add(label): null

27-02-2025T17:41:07 - [TEST_STEP][PASSED] - line = reader.readLine(): null

27-02-2025T17:41:07 - [TEST_STEP][PASSED] - println(line): null

27-02-2025T17:41:07 - [TEST_STEP][PASSED] - group = line.indexOf("<Group>"): null

27-02-2025T17:41:07 - [TEST_STEP][PASSED] - println(group): null

27-02-2025T17:41:07 - [TEST_STEP][PASSED] - if (group >= 0): null

27-02-2025T17:41:07 - [TEST_STEP][PASSED] - else: null

27-02-2025T17:41:07 - [TEST_STEP][PASSED] - if (include): null

27-02-2025T17:41:07 - [TEST_STEP][PASSED] - println(line): null

27-02-2025T17:41:07 - [TEST_STEP][PASSED] - comma = line.indexOf(",y"): null

27-02-2025T17:41:07 - [TEST_STEP][PASSED] - if (comma > 0): null

27-02-2025T17:41:07 - [TEST_STEP][PASSED] - commaCount = StringUtils.countMatches(line, ","): null

27-02-2025T17:41:07 - [TEST_STEP][PASSED] - if (commaCount > 1): null

27-02-2025T17:41:07 - [TEST_STEP][PASSED] - else: null

27-02-2025T17:41:07 - [TEST_STEP][PASSED] - label = line.substring(1, comma): null

27-02-2025T17:41:07 - [TEST_STEP][PASSED] - println(label): null

27-02-2025T17:41:07 - [TEST_STEP][PASSED] - checked.add(label): null

27-02-2025T17:41:07 - [TEST_STEP][PASSED] - line = reader.readLine(): null

27-02-2025T17:41:07 - [TEST_STEP][PASSED] - println(line): null

27-02-2025T17:41:07 - [TEST_STEP][PASSED] - group = line.indexOf("<Group>"): null

27-02-2025T17:41:07 - [TEST_STEP][PASSED] - println(group): null

27-02-2025T17:41:07 - [TEST_STEP][PASSED] - if (group >= 0): null

27-02-2025T17:41:07 - [TEST_STEP][PASSED] - else: null

27-02-2025T17:41:07 - [TEST_STEP][PASSED] - if (include): null

27-02-2025T17:41:07 - [TEST_STEP][PASSED] - println(line): null

27-02-2025T17:41:07 - [TEST_STEP][PASSED] - comma = line.indexOf(",y"): null

27-02-2025T17:41:07 - [TEST_STEP][PASSED] - if (comma > 0): null

27-02-2025T17:41:07 - [TEST_STEP][PASSED] - line = reader.readLine(): null

27-02-2025T17:41:07 - [TEST_STEP][PASSED] - println(line): null

27-02-2025T17:41:07 - [TEST_STEP][PASSED] - group = line.indexOf("<Group>"): null

27-02-2025T17:41:07 - [TEST_STEP][PASSED] - println(group): null

27-02-2025T17:41:07 - [TEST_STEP][PASSED] - if (group >= 0): null

27-02-2025T17:41:07 - [TEST_STEP][PASSED] - else: null

27-02-2025T17:41:07 - [TEST_STEP][PASSED] - if (include): null

27-02-2025T17:41:07 - [TEST_STEP][PASSED] - println(line): null

27-02-2025T17:41:07 - [TEST_STEP][PASSED] - comma = line.indexOf(",y"): null

27-02-2025T17:41:07 - [TEST_STEP][PASSED] - if (comma > 0): null

27-02-2025T17:41:07 - [TEST_STEP][PASSED] - line = reader.readLine(): null

27-02-2025T17:41:07 - [TEST_STEP][PASSED] - println(line): null

27-02-2025T17:41:07 - [TEST_STEP][PASSED] - group = line.indexOf("<Group>"): null

27-02-2025T17:41:07 - [TEST_STEP][PASSED] - println(group): null

27-02-2025T17:41:07 - [TEST_STEP][PASSED] - if (group >= 0): null

27-02-2025T17:41:07 - [TEST_STEP][PASSED] - else: null

27-02-2025T17:41:07 - [TEST_STEP][PASSED] - if (include): null

27-02-2025T17:41:07 - [TEST_STEP][PASSED] - println(line): null

27-02-2025T17:41:07 - [TEST_STEP][PASSED] - comma = line.indexOf(",y"): null

27-02-2025T17:41:07 - [TEST_STEP][PASSED] - if (comma > 0): null

27-02-2025T17:41:07 - [TEST_STEP][PASSED] - line = reader.readLine(): null

27-02-2025T17:41:07 - [TEST_STEP][PASSED] - println(line): null

27-02-2025T17:41:07 - [TEST_STEP][PASSED] - group = line.indexOf("<Group>"): null

27-02-2025T17:41:07 - [TEST_STEP][PASSED] - println(group): null

27-02-2025T17:41:07 - [TEST_STEP][PASSED] - if (group >= 0): null

27-02-2025T17:41:07 - [TEST_STEP][PASSED] - else: null

27-02-2025T17:41:07 - [TEST_STEP][PASSED] - if (include): null

27-02-2025T17:41:07 - [TEST_STEP][PASSED] - println(line): null

27-02-2025T17:41:07 - [TEST_STEP][PASSED] - comma = line.indexOf(",y"): null

27-02-2025T17:41:07 - [TEST_STEP][PASSED] - if (comma > 0): null

27-02-2025T17:41:07 - [TEST_STEP][PASSED] - line = reader.readLine(): null

27-02-2025T17:41:07 - [TEST_STEP][PASSED] - println(line): null

27-02-2025T17:41:07 - [TEST_STEP][PASSED] - group = line.indexOf("<Group>"): null

27-02-2025T17:41:07 - [TEST_STEP][PASSED] - println(group): null

27-02-2025T17:41:07 - [TEST_STEP][PASSED] - if (group >= 0): null

27-02-2025T17:41:07 - [TEST_STEP][PASSED] - else: null

27-02-2025T17:41:07 - [TEST_STEP][PASSED] - if (include): null

27-02-2025T17:41:07 - [TEST_STEP][PASSED] - println(line): null

27-02-2025T17:41:07 - [TEST_STEP][PASSED] - comma = line.indexOf(",y"): null

27-02-2025T17:41:07 - [TEST_STEP][PASSED] - if (comma > 0): null

27-02-2025T17:41:07 - [TEST_STEP][PASSED] - line = reader.readLine(): null

27-02-2025T17:41:07 - [TEST_STEP][PASSED] - println(line): null

27-02-2025T17:41:07 - [TEST_STEP][PASSED] - group = line.indexOf("<Group>"): null

27-02-2025T17:41:07 - [TEST_STEP][PASSED] - println(group): null

27-02-2025T17:41:07 - [TEST_STEP][PASSED] - if (group >= 0): null

27-02-2025T17:41:07 - [TEST_STEP][PASSED] - else: null

27-02-2025T17:41:07 - [TEST_STEP][PASSED] - if (include): null

27-02-2025T17:41:07 - [TEST_STEP][PASSED] - println(line): null

27-02-2025T17:41:07 - [TEST_STEP][PASSED] - comma = line.indexOf(",y"): null

27-02-2025T17:41:07 - [TEST_STEP][PASSED] - if (comma > 0): null

27-02-2025T17:41:07 - [TEST_STEP][PASSED] - commaCount = StringUtils.countMatches(line, ","): null

27-02-2025T17:41:07 - [TEST_STEP][PASSED] - if (commaCount > 1): null

27-02-2025T17:41:07 - [TEST_STEP][PASSED] - else: null

27-02-2025T17:41:07 - [TEST_STEP][PASSED] - label = line.substring(1, comma): null

27-02-2025T17:41:07 - [TEST_STEP][PASSED] - println(label): null

27-02-2025T17:41:07 - [TEST_STEP][PASSED] - checked.add(label): null

27-02-2025T17:41:07 - [TEST_STEP][PASSED] - line = reader.readLine(): null

27-02-2025T17:41:07 - [TEST_STEP][PASSED] - println(line): null

27-02-2025T17:41:07 - [TEST_STEP][PASSED] - group = line.indexOf("<Group>"): null

27-02-2025T17:41:07 - [TEST_STEP][PASSED] - println(group): null

27-02-2025T17:41:07 - [TEST_STEP][PASSED] - if (group >= 0): null

27-02-2025T17:41:07 - [TEST_STEP][PASSED] - else: null

27-02-2025T17:41:07 - [TEST_STEP][PASSED] - if (include): null

27-02-2025T17:41:07 - [TEST_STEP][PASSED] - println(line): null

27-02-2025T17:41:07 - [TEST_STEP][PASSED] - comma = line.indexOf(",y"): null

27-02-2025T17:41:07 - [TEST_STEP][PASSED] - if (comma > 0): null

27-02-2025T17:41:07 - [TEST_STEP][PASSED] - commaCount = StringUtils.countMatches(line, ","): null

27-02-2025T17:41:07 - [TEST_STEP][PASSED] - if (commaCount > 1): null

27-02-2025T17:41:07 - [TEST_STEP][PASSED] - else: null

27-02-2025T17:41:07 - [TEST_STEP][PASSED] - label = line.substring(1, comma): null

27-02-2025T17:41:07 - [TEST_STEP][PASSED] - println(label): null

27-02-2025T17:41:07 - [TEST_STEP][PASSED] - checked.add(label): null

27-02-2025T17:41:07 - [TEST_STEP][PASSED] - line = reader.readLine(): null

27-02-2025T17:41:07 - [TEST_STEP][PASSED] - println(line): null

27-02-2025T17:41:07 - [TEST_STEP][PASSED] - group = line.indexOf("<Group>"): null

27-02-2025T17:41:07 - [TEST_STEP][PASSED] - println(group): null

27-02-2025T17:41:07 - [TEST_STEP][PASSED] - if (group >= 0): null

27-02-2025T17:41:07 - [TEST_STEP][PASSED] - else: null

27-02-2025T17:41:07 - [TEST_STEP][PASSED] - if (include): null

27-02-2025T17:41:07 - [TEST_STEP][PASSED] - println(line): null

27-02-2025T17:41:07 - [TEST_STEP][PASSED] - comma = line.indexOf(",y"): null

27-02-2025T17:41:07 - [TEST_STEP][PASSED] - if (comma > 0): null

27-02-2025T17:41:07 - [TEST_STEP][PASSED] - line = reader.readLine(): null

27-02-2025T17:41:07 - [TEST_STEP][PASSED] - println(line): null

27-02-2025T17:41:07 - [TEST_STEP][PASSED] - group = line.indexOf("<Group>"): null

27-02-2025T17:41:07 - [TEST_STEP][PASSED] - println(group): null

27-02-2025T17:41:07 - [TEST_STEP][PASSED] - if (group >= 0): null

27-02-2025T17:41:07 - [TEST_STEP][PASSED] - else: null

27-02-2025T17:41:07 - [TEST_STEP][PASSED] - if (include): null

27-02-2025T17:41:07 - [TEST_STEP][PASSED] - println(line): null

27-02-2025T17:41:07 - [TEST_STEP][PASSED] - comma = line.indexOf(",y"): null

27-02-2025T17:41:07 - [TEST_STEP][PASSED] - if (comma > 0): null

27-02-2025T17:41:07 - [TEST_STEP][PASSED] - line = reader.readLine(): null

27-02-2025T17:41:07 - [TEST_STEP][PASSED] - println(line): null

27-02-2025T17:41:07 - [TEST_STEP][PASSED] - group = line.indexOf("<Group>"): null

27-02-2025T17:41:07 - [TEST_STEP][PASSED] - println(group): null

27-02-2025T17:41:07 - [TEST_STEP][PASSED] - if (group >= 0): null

27-02-2025T17:41:07 - [TEST_STEP][PASSED] - else: null

27-02-2025T17:41:07 - [TEST_STEP][PASSED] - if (include): null

27-02-2025T17:41:07 - [TEST_STEP][PASSED] - println(line): null

27-02-2025T17:41:07 - [TEST_STEP][PASSED] - comma = line.indexOf(",y"): null

27-02-2025T17:41:07 - [TEST_STEP][PASSED] - if (comma > 0): null

27-02-2025T17:41:07 - [TEST_STEP][PASSED] - line = reader.readLine(): null

27-02-2025T17:41:07 - [TEST_STEP][PASSED] - println(line): null

27-02-2025T17:41:07 - [TEST_STEP][PASSED] - group = line.indexOf("<Group>"): null

27-02-2025T17:41:07 - [TEST_STEP][PASSED] - println(group): null

27-02-2025T17:41:07 - [TEST_STEP][PASSED] - if (group >= 0): null

27-02-2025T17:41:07 - [TEST_STEP][PASSED] - else: null

27-02-2025T17:41:07 - [TEST_STEP][PASSED] - if (include): null

27-02-2025T17:41:07 - [TEST_STEP][PASSED] - println(line): null

27-02-2025T17:41:07 - [TEST_STEP][PASSED] - comma = line.indexOf(",y"): null

27-02-2025T17:41:07 - [TEST_STEP][PASSED] - if (comma > 0): null

27-02-2025T17:41:07 - [TEST_STEP][PASSED] - line = reader.readLine(): null

27-02-2025T17:41:07 - [TEST_STEP][PASSED] - println(line): null

27-02-2025T17:41:07 - [TEST_STEP][PASSED] - group = line.indexOf("<Group>"): null

27-02-2025T17:41:07 - [TEST_STEP][PASSED] - println(group): null

27-02-2025T17:41:07 - [TEST_STEP][PASSED] - if (group >= 0): null

27-02-2025T17:41:07 - [TEST_STEP][PASSED] - else: null

27-02-2025T17:41:07 - [TEST_STEP][PASSED] - if (include): null

27-02-2025T17:41:07 - [TEST_STEP][PASSED] - println(line): null

27-02-2025T17:41:07 - [TEST_STEP][PASSED] - comma = line.indexOf(",y"): null

27-02-2025T17:41:07 - [TEST_STEP][PASSED] - if (comma > 0): null

27-02-2025T17:41:07 - [TEST_STEP][PASSED] - commaCount = StringUtils.countMatches(line, ","): null

27-02-2025T17:41:07 - [TEST_STEP][PASSED] - if (commaCount > 1): null

27-02-2025T17:41:07 - [TEST_STEP][PASSED] - else: null

27-02-2025T17:41:07 - [TEST_STEP][PASSED] - label = line.substring(1, comma): null

27-02-2025T17:41:07 - [TEST_STEP][PASSED] - println(label): null

27-02-2025T17:41:07 - [TEST_STEP][PASSED] - checked.add(label): null

27-02-2025T17:41:07 - [TEST_STEP][PASSED] - line = reader.readLine(): null

27-02-2025T17:41:07 - [TEST_STEP][PASSED] - println(line): null

27-02-2025T17:41:07 - [TEST_STEP][PASSED] - group = line.indexOf("<Group>"): null

27-02-2025T17:41:07 - [TEST_STEP][PASSED] - println(group): null

27-02-2025T17:41:07 - [TEST_STEP][PASSED] - if (group >= 0): null

27-02-2025T17:41:07 - [TEST_STEP][PASSED] - else: null

27-02-2025T17:41:07 - [TEST_STEP][PASSED] - if (include): null

27-02-2025T17:41:07 - [TEST_STEP][PASSED] - println(line): null

27-02-2025T17:41:07 - [TEST_STEP][PASSED] - comma = line.indexOf(",y"): null

27-02-2025T17:41:07 - [TEST_STEP][PASSED] - if (comma > 0): null

27-02-2025T17:41:07 - [TEST_STEP][PASSED] - commaCount = StringUtils.countMatches(line, ","): null

27-02-2025T17:41:07 - [TEST_STEP][PASSED] - if (commaCount > 1): null

27-02-2025T17:41:07 - [TEST_STEP][PASSED] - else: null

27-02-2025T17:41:07 - [TEST_STEP][PASSED] - label = line.substring(1, comma): null

27-02-2025T17:41:07 - [TEST_STEP][PASSED] - println(label): null

27-02-2025T17:41:07 - [TEST_STEP][PASSED] - checked.add(label): null

27-02-2025T17:41:07 - [TEST_STEP][PASSED] - line = reader.readLine(): null

27-02-2025T17:41:07 - [TEST_STEP][PASSED] - println(line): null

27-02-2025T17:41:07 - [TEST_STEP][PASSED] - group = line.indexOf("<Group>"): null

27-02-2025T17:41:07 - [TEST_STEP][PASSED] - println(group): null

27-02-2025T17:41:07 - [TEST_STEP][PASSED] - if (group >= 0): null

27-02-2025T17:41:07 - [TEST_STEP][PASSED] - else: null

27-02-2025T17:41:07 - [TEST_STEP][PASSED] - if (include): null

27-02-2025T17:41:07 - [TEST_STEP][PASSED] - println(line): null

27-02-2025T17:41:07 - [TEST_STEP][PASSED] - comma = line.indexOf(",y"): null

27-02-2025T17:41:07 - [TEST_STEP][PASSED] - if (comma > 0): null

27-02-2025T17:41:07 - [TEST_STEP][PASSED] - line = reader.readLine(): null

27-02-2025T17:41:07 - [TEST_STEP][PASSED] - println(line): null

27-02-2025T17:41:07 - [TEST_STEP][PASSED] - group = line.indexOf("<Group>"): null

27-02-2025T17:41:07 - [TEST_STEP][PASSED] - println(group): null

27-02-2025T17:41:07 - [TEST_STEP][PASSED] - if (group >= 0): null

27-02-2025T17:41:07 - [TEST_STEP][PASSED] - else: null

27-02-2025T17:41:07 - [TEST_STEP][PASSED] - if (include): null

27-02-2025T17:41:07 - [TEST_STEP][PASSED] - println(line): null

27-02-2025T17:41:07 - [TEST_STEP][PASSED] - comma = line.indexOf(",y"): null

27-02-2025T17:41:07 - [TEST_STEP][PASSED] - if (comma > 0): null

27-02-2025T17:41:07 - [TEST_STEP][PASSED] - line = reader.readLine(): null

27-02-2025T17:41:07 - [TEST_STEP][PASSED] - println(line): null

27-02-2025T17:41:07 - [TEST_STEP][PASSED] - group = line.indexOf("<Group>"): null

27-02-2025T17:41:07 - [TEST_STEP][PASSED] - println(group): null

27-02-2025T17:41:07 - [TEST_STEP][PASSED] - if (group >= 0): null

27-02-2025T17:41:07 - [TEST_STEP][PASSED] - else: null

27-02-2025T17:41:07 - [TEST_STEP][PASSED] - if (include): null

27-02-2025T17:41:07 - [TEST_STEP][PASSED] - println(line): null

27-02-2025T17:41:07 - [TEST_STEP][PASSED] - comma = line.indexOf(",y"): null

27-02-2025T17:41:07 - [TEST_STEP][PASSED] - if (comma > 0): null

27-02-2025T17:41:07 - [TEST_STEP][PASSED] - line = reader.readLine(): null

27-02-2025T17:41:07 - [TEST_STEP][PASSED] - println(line): null

27-02-2025T17:41:07 - [TEST_STEP][PASSED] - group = line.indexOf("<Group>"): null

27-02-2025T17:41:07 - [TEST_STEP][PASSED] - println(group): null

27-02-2025T17:41:07 - [TEST_STEP][PASSED] - if (group >= 0): null

27-02-2025T17:41:07 - [TEST_STEP][PASSED] - else: null

27-02-2025T17:41:07 - [TEST_STEP][PASSED] - if (include): null

27-02-2025T17:41:07 - [TEST_STEP][PASSED] - println(line): null

27-02-2025T17:41:07 - [TEST_STEP][PASSED] - comma = line.indexOf(",y"): null

27-02-2025T17:41:07 - [TEST_STEP][PASSED] - if (comma > 0): null

27-02-2025T17:41:07 - [TEST_STEP][PASSED] - line = reader.readLine(): null

27-02-2025T17:41:07 - [TEST_STEP][PASSED] - println(line): null

27-02-2025T17:41:07 - [TEST_STEP][PASSED] - group = line.indexOf("<Group>"): null

27-02-2025T17:41:07 - [TEST_STEP][PASSED] - println(group): null

27-02-2025T17:41:07 - [TEST_STEP][PASSED] - if (group >= 0): null

27-02-2025T17:41:07 - [TEST_STEP][PASSED] - else: null

27-02-2025T17:41:07 - [TEST_STEP][PASSED] - if (include): null

27-02-2025T17:41:07 - [TEST_STEP][PASSED] - println(line): null

27-02-2025T17:41:07 - [TEST_STEP][PASSED] - comma = line.indexOf(",y"): null

27-02-2025T17:41:07 - [TEST_STEP][PASSED] - if (comma > 0): null

27-02-2025T17:41:07 - [TEST_STEP][PASSED] - line = reader.readLine(): null

27-02-2025T17:41:07 - [TEST_STEP][PASSED] - println(line): null

27-02-2025T17:41:07 - [TEST_STEP][PASSED] - group = line.indexOf("<Group>"): null

27-02-2025T17:41:07 - [TEST_STEP][PASSED] - println(group): null

27-02-2025T17:41:07 - [TEST_STEP][PASSED] - if (group >= 0): null

27-02-2025T17:41:07 - [TEST_STEP][PASSED] - else: null

27-02-2025T17:41:07 - [TEST_STEP][PASSED] - if (include): null

27-02-2025T17:41:07 - [TEST_STEP][PASSED] - println(line): null

27-02-2025T17:41:07 - [TEST_STEP][PASSED] - comma = line.indexOf(",y"): null

27-02-2025T17:41:07 - [TEST_STEP][PASSED] - if (comma > 0): null

27-02-2025T17:41:07 - [TEST_STEP][PASSED] - commaCount = StringUtils.countMatches(line, ","): null

27-02-2025T17:41:07 - [TEST_STEP][PASSED] - if (commaCount > 1): null

27-02-2025T17:41:07 - [TEST_STEP][PASSED] - else: null

27-02-2025T17:41:07 - [TEST_STEP][PASSED] - label = line.substring(1, comma): null

27-02-2025T17:41:07 - [TEST_STEP][PASSED] - println(label): null

27-02-2025T17:41:07 - [TEST_STEP][PASSED] - checked.add(label): null

27-02-2025T17:41:07 - [TEST_STEP][PASSED] - line = reader.readLine(): null

27-02-2025T17:41:07 - [TEST_STEP][PASSED] - println(line): null

27-02-2025T17:41:07 - [TEST_STEP][PASSED] - group = line.indexOf("<Group>"): null

27-02-2025T17:41:07 - [TEST_STEP][PASSED] - println(group): null

27-02-2025T17:41:07 - [TEST_STEP][PASSED] - if (group >= 0): null

27-02-2025T17:41:07 - [TEST_STEP][PASSED] - else: null

27-02-2025T17:41:07 - [TEST_STEP][PASSED] - if (include): null

27-02-2025T17:41:07 - [TEST_STEP][PASSED] - println(line): null

27-02-2025T17:41:07 - [TEST_STEP][PASSED] - comma = line.indexOf(",y"): null

27-02-2025T17:41:07 - [TEST_STEP][PASSED] - if (comma > 0): null

27-02-2025T17:41:07 - [TEST_STEP][PASSED] - line = reader.readLine(): null

27-02-2025T17:41:07 - [TEST_STEP][PASSED] - println(line): null

27-02-2025T17:41:07 - [TEST_STEP][PASSED] - group = line.indexOf("<Group>"): null

27-02-2025T17:41:07 - [TEST_STEP][PASSED] - println(group): null

27-02-2025T17:41:07 - [TEST_STEP][PASSED] - if (group >= 0): null

27-02-2025T17:41:07 - [TEST_STEP][PASSED] - else: null

27-02-2025T17:41:07 - [TEST_STEP][PASSED] - if (include): null

27-02-2025T17:41:07 - [TEST_STEP][PASSED] - println(line): null

27-02-2025T17:41:07 - [TEST_STEP][PASSED] - comma = line.indexOf(",y"): null

27-02-2025T17:41:07 - [TEST_STEP][PASSED] - if (comma > 0): null

27-02-2025T17:41:07 - [TEST_STEP][PASSED] - line = reader.readLine(): null

27-02-2025T17:41:07 - [TEST_STEP][PASSED] - frame.dispose(): null

27-02-2025T17:41:07 - [TEST_STEP][PASSED] - reader.close(): null

27-02-2025T17:41:07 - [TEST_STEP][PASSED] - println(checked): null

27-02-2025T17:41:07 - [TEST_STEP][PASSED] - return checked: null

27-02-2025T17:41:07 - [MESSAGE][PASSED] - Call Test Case 'Test Cases/_Functions/Get Selections from CSV File' successfully

27-02-2025T17:41:07 - [TEST_STEP][PASSED] - callTestCase(findTestCase("Journey Partner Profile/Tabs/Set IT Positions"), ["varIT_expertice_needed":positions, "varComputer_languages":languages], STOP_ON_FAILURE): Call Test Case 'Test Cases/Journey Partner Profile/Tabs/Set IT Positions' successfully

27-02-2025T17:41:07 - [TEST_CASE][PASSED] - Test Cases/Journey Partner Profile/Tabs/Set IT Positions: Test Cases/Journey Partner Profile/Tabs/Set IT Positions

27-02-2025T17:41:07 - [TEST_STEP][PASSED] - username = username: null

27-02-2025T17:41:07 - [TEST_STEP][PASSED] - if (username != "cktest07jp" && username != "cktest02jp"): null

27-02-2025T17:41:07 - [TEST_STEP][PASSED] - domain = domain: null

27-02-2025T17:41:07 - [TEST_STEP][PASSED] - writeFile = false: null

27-02-2025T17:41:07 - [TEST_STEP][PASSED] - testName = "Journey Partner IT Positions Tab": null

27-02-2025T17:41:07 - [TEST_STEP][PASSED] - outFile = callTestCase(findTestCase("_Functions/Set Output File"), ["varTestName":testName], STOP_ON_FAILURE): Call Test Case 'Test Cases/_Functions/Set Output File' successfully

27-02-2025T17:41:07 - [TEST_CASE][PASSED] - Test Cases/_Functions/Set Output File: Test Cases/_Functions/Set Output File

27-02-2025T17:41:07 - [TEST_STEP][PASSED] - testName = varTestName: null

27-02-2025T17:41:07 - [TEST_STEP][PASSED] - domain = domain: null

27-02-2025T17:41:07 - [TEST_STEP][PASSED] - writeFile = false: null

27-02-2025T17:41:07 - [TEST_STEP][PASSED] - if (outFile != ""): null

27-02-2025T17:41:07 - [TEST_STEP][PASSED] - myFile = outFile: null

27-02-2025T17:41:07 - [TEST_STEP][PASSED] - println(myFile): null

27-02-2025T17:41:07 - [TEST_STEP][PASSED] - outFile = new java.io.File(myFile): null

27-02-2025T17:41:07 - [TEST_STEP][PASSED] - writeFile = true: null

27-02-2025T17:41:07 - [TEST_STEP][PASSED] - if (!(writeFile)): null

27-02-2025T17:41:07 - [TEST_STEP][PASSED] - else: null

27-02-2025T17:41:07 - [TEST_STEP][PASSED] - outFile.append("
Testing " + testName + " on " + domain + ".
"): null

27-02-2025T17:41:07 - [TEST_STEP][PASSED] - return outFile: null

27-02-2025T17:41:07 - [MESSAGE][PASSED] - Call Test Case 'Test Cases/_Functions/Set Output File' successfully

27-02-2025T17:41:07 - [TEST_STEP][PASSED] - parms = [varIT_expertice_needed, varComputer_languages]: null

27-02-2025T17:41:07 - [TEST_STEP][PASSED] - it_experience_needed = "//input[@id='profile_group-1694886773.315_it_expertise_needed']": null

27-02-2025T17:41:07 - [TEST_STEP][PASSED] - computer_languages = "//input[@id='profile_group-1694886773.315_computer_languages']": null

27-02-2025T17:41:07 - [TEST_STEP][PASSED] - xpaths = [it_experience_needed, computer_languages]: null

27-02-2025T17:41:07 - [TEST_STEP][PASSED] - tooltipImagePath = "/Users/cckozie/git/MissionNext-Katalon-Koz/images/journey partner/": null

27-02-2025T17:41:07 - [TEST_STEP][PASSED] - testObjectFolder = "Journey Partner Profile/Tabs/IT Positions/": null

27-02-2025T17:41:07 - [TEST_STEP][PASSED] - tooltips = ["dummy":"dummy", "Computer Languages":"img_Computer Languages_field-tooltip"]: null

27-02-2025T17:41:07 - [TEST_STEP][PASSED] - tooltipText = ["Computer Languages":"Check at least one to match candidate selections. "]: null

27-02-2025T17:41:07 - [TEST_STEP][PASSED] - requiredFieldMsgs = []: null

27-02-2025T17:41:07 - [TEST_STEP][PASSED] - url = getUrl(OPTIONAL): Current window's url is: 'https://journey.missionnext.org/profile?requestUri=/dashboard'

27-02-2025T17:41:07 - [MESSAGE][PASSED] - Current window's url is: 'https://journey.missionnext.org/profile?requestUri=/dashboard'

27-02-2025T17:41:07 - [TEST_STEP][PASSED] - if (!(url) == "https://education." + domain + "/profile?requestUri=/dashboard"): null

27-02-2025T17:41:07 - [TEST_STEP][PASSED] - tooltipTextMap = callTestCase(findTestCase("_Functions/Get Screenshot and Tooltip Text"), ["varExtension":testName], STOP_ON_FAILURE): Call Test Case 'Test Cases/_Functions/Get Screenshot and Tooltip Text' successfully

27-02-2025T17:41:07 - [TEST_CASE][PASSED] - Test Cases/_Functions/Get Screenshot and Tooltip Text: Test Cases/_Functions/Get Screenshot and Tooltip Text

27-02-2025T17:41:07 - [TEST_STEP][PASSED] - if (fastPath): null

27-02-2025T17:41:07 - [TEST_STEP][PASSED] - frame = new javax.swing.JFrame(): null

27-02-2025T17:41:07 - [TEST_STEP][PASSED] - p = new javax.swing.JPanel(): null

27-02-2025T17:41:07 - [TEST_STEP][PASSED] - l = new javax.swing.JLabel(Getting screenshot and tooltip text..., javax.swing.SwingConstants.CENTER): null

27-02-2025T17:41:07 - [TEST_STEP][PASSED] - frame.add(l): null

27-02-2025T17:41:07 - [TEST_STEP][PASSED] - frame.setSize(300, 100): null

27-02-2025T17:41:07 - [TEST_STEP][PASSED] - frame.setLocation(600, 0): null

27-02-2025T17:41:07 - [TEST_STEP][PASSED] - frame.setAlwaysOnTop(true): null

27-02-2025T17:41:07 - [TEST_STEP][PASSED] - frame.show(): null

27-02-2025T17:41:07 - [TEST_STEP][PASSED] - driver = getWebDriver(): null

27-02-2025T17:41:07 - [TEST_STEP][PASSED] - path = "/Users/cckozie/Documents/MissionNext/Screenshots and Tooltip Text/": null

27-02-2025T17:41:07 - [TEST_STEP][PASSED] - if (binding.hasVariable("varExtension")): null

27-02-2025T17:41:07 - [TEST_STEP][PASSED] - extension = varExtension: null

27-02-2025T17:41:07 - [TEST_STEP][PASSED] - println("Extension is " + extension): null

27-02-2025T17:41:07 - [TEST_STEP][PASSED] - fileBase = path + extension: null

27-02-2025T17:41:07 - [TEST_STEP][PASSED] - fileImage = fileBase + "_Screenshot.png": null

27-02-2025T17:41:07 - [TEST_STEP][PASSED] - waitForPageLoad(30): Wait for page load successfully

27-02-2025T17:41:07 - [MESSAGE][PASSED] - Wait for page load successfully

27-02-2025T17:41:07 - [TEST_STEP][PASSED] - spinner = driver.findElement(By.xpath("/html/body/div[1]/div/div[2]")): null

27-02-2025T17:41:07 - [TEST_STEP][PASSED] - executor = driver: null

27-02-2025T17:41:07 - [TEST_STEP][PASSED] - elementAttributes = executor.executeScript("var items = {}; for (index = 0; index < arguments[0].attributes.length; ++index) { items[arguments[0].attributes[index].name] = arguments[0].attributes[index].value }; return items;", spinner): null

27-02-2025T17:41:07 - [TEST_STEP][PASSED] - attrs = elementAttributes.toString(): null

27-02-2025T17:41:07 - [TEST_STEP][PASSED] - waits = 0: null

27-02-2025T17:41:07 - [TEST_STEP][PASSED] - while (attrs.indexOf("display: none") < 0 && waits < 2): null

27-02-2025T17:41:07 - [TEST_STEP][PASSED] - delay(1): Delayed 1 second(s)

27-02-2025T17:41:08 - [MESSAGE][PASSED] - Delayed 1 second(s)

27-02-2025T17:41:08 - [TEST_STEP][PASSED] - attrs = elementAttributes.toString(): null

27-02-2025T17:41:08 - [TEST_STEP][PASSED] - (waits++): null

27-02-2025T17:41:08 - [TEST_STEP][PASSED] - delay(1): Delayed 1 second(s)

27-02-2025T17:41:09 - [MESSAGE][PASSED] - Delayed 1 second(s)

27-02-2025T17:41:09 - [TEST_STEP][PASSED] - attrs = elementAttributes.toString(): null

27-02-2025T17:41:09 - [TEST_STEP][PASSED] - (waits++): null

27-02-2025T17:41:09 - [TEST_STEP][PASSED] - tooltipMap = callTestCase(findTestCase("_Functions/Get Tooltip Text"), [:], STOP_ON_FAILURE): Call Test Case 'Test Cases/_Functions/Get Tooltip Text' successfully

27-02-2025T17:41:09 - [TEST_CASE][PASSED] - Test Cases/_Functions/Get Tooltip Text: Test Cases/_Functions/Get Tooltip Text

27-02-2025T17:41:09 - [TEST_STEP][PASSED] - fieldTooltips = [:]: null

27-02-2025T17:41:09 - [TEST_STEP][PASSED] - tooltipMap = [:]: null

27-02-2025T17:41:09 - [TEST_STEP][PASSED] - driver = getWebDriver(): null

27-02-2025T17:41:09 - [TEST_STEP][PASSED] - tooltips = driver.findElements(By.className("field-tooltip")): null

27-02-2025T17:41:09 - [TEST_STEP][PASSED] - for (def it : tooltips): null

27-02-2025T17:41:09 - [TEST_STEP][PASSED] - if (it.isDisplayed()): null

27-02-2025T17:41:09 - [TEST_STEP][PASSED] - if (it.isDisplayed()): null

27-02-2025T17:41:09 - [TEST_STEP][PASSED] - if (it.isDisplayed()): null

27-02-2025T17:41:09 - [TEST_STEP][PASSED] - if (it.isDisplayed()): null

27-02-2025T17:41:09 - [TEST_STEP][PASSED] - if (it.isDisplayed()): null

27-02-2025T17:41:09 - [TEST_STEP][PASSED] - if (it.isDisplayed()): null

27-02-2025T17:41:09 - [TEST_STEP][PASSED] - if (it.isDisplayed()): null

27-02-2025T17:41:09 - [TEST_STEP][PASSED] - if (it.isDisplayed()): null

27-02-2025T17:41:09 - [TEST_STEP][PASSED] - if (it.isDisplayed()): null

27-02-2025T17:41:09 - [TEST_STEP][PASSED] - if (it.isDisplayed()): null

27-02-2025T17:41:09 - [TEST_STEP][PASSED] - if (it.isDisplayed()): null

27-02-2025T17:41:09 - [TEST_STEP][PASSED] - if (it.isDisplayed()): null

27-02-2025T17:41:09 - [TEST_STEP][PASSED] - if (it.isDisplayed()): null

27-02-2025T17:41:09 - [TEST_STEP][PASSED] - if (it.isDisplayed()): null

27-02-2025T17:41:09 - [TEST_STEP][PASSED] - if (it.isDisplayed()): null

27-02-2025T17:41:09 - [TEST_STEP][PASSED] - if (it.isDisplayed()): null

27-02-2025T17:41:09 - [TEST_STEP][PASSED] - if (it.isDisplayed()): null

27-02-2025T17:41:09 - [TEST_STEP][PASSED] - if (it.isDisplayed()): null

27-02-2025T17:41:09 - [TEST_STEP][PASSED] - if (it.isDisplayed()): null

27-02-2025T17:41:09 - [TEST_STEP][PASSED] - if (it.isDisplayed()): null

27-02-2025T17:41:09 - [TEST_STEP][PASSED] - if (it.isDisplayed()): null

27-02-2025T17:41:09 - [TEST_STEP][PASSED] - if (it.isDisplayed()): null

27-02-2025T17:41:09 - [TEST_STEP][PASSED] - if (it.isDisplayed()): null

27-02-2025T17:41:09 - [TEST_STEP][PASSED] - if (it.isDisplayed()): null

27-02-2025T17:41:09 - [TEST_STEP][PASSED] - if (it.isDisplayed()): null

27-02-2025T17:41:09 - [TEST_STEP][PASSED] - if (it.isDisplayed()): null

27-02-2025T17:41:09 - [TEST_STEP][PASSED] - if (it.isDisplayed()): null

27-02-2025T17:41:09 - [TEST_STEP][PASSED] - if (it.isDisplayed()): null

27-02-2025T17:41:09 - [TEST_STEP][PASSED] - if (it.isDisplayed()): null

27-02-2025T17:41:09 - [TEST_STEP][PASSED] - if (it.isDisplayed()): null

27-02-2025T17:41:09 - [TEST_STEP][PASSED] - if (it.isDisplayed()): null

27-02-2025T17:41:09 - [TEST_STEP][PASSED] - if (it.isDisplayed()): null

27-02-2025T17:41:09 - [TEST_STEP][PASSED] - if (it.isDisplayed()): null

27-02-2025T17:41:09 - [TEST_STEP][PASSED] - ttText = it.getAttribute("data-original-title"): null

27-02-2025T17:41:09 - [TEST_STEP][PASSED] - ttLocation = it.getLocation(): null

27-02-2025T17:41:09 - [TEST_STEP][PASSED] - yLocation = ttLocation.getY(): null

27-02-2025T17:41:09 - [TEST_STEP][PASSED] - xLocation = ttLocation.getX(): null

27-02-2025T17:41:09 - [TEST_STEP][PASSED] - fieldTooltips.put(ttText, yLocation): null

27-02-2025T17:41:09 - [TEST_STEP][PASSED] - if (it.isDisplayed()): null

27-02-2025T17:41:09 - [TEST_STEP][PASSED] - if (it.isDisplayed()): null

27-02-2025T17:41:09 - [TEST_STEP][PASSED] - if (it.isDisplayed()): null

27-02-2025T17:41:09 - [TEST_STEP][PASSED] - if (it.isDisplayed()): null

27-02-2025T17:41:09 - [TEST_STEP][PASSED] - if (fieldTooltips.size() > 0): null

27-02-2025T17:41:09 - [TEST_STEP][PASSED] - rightBorder = xLocation: null

27-02-2025T17:41:09 - [TEST_STEP][PASSED] - fieldLabels = [:]: null

27-02-2025T17:41:09 - [TEST_STEP][PASSED] - labels = driver.findElements(By.xpath("//label")): null

27-02-2025T17:41:09 - [TEST_STEP][PASSED] - labels.each({ -> ... }): null

27-02-2025T17:41:12 - [TEST_STEP][PASSED] - for (def label : fieldLabels): null

27-02-2025T17:41:12 - [TEST_STEP][PASSED] - y = value: null

27-02-2025T17:41:12 - [TEST_STEP][PASSED] - for (def tooltip : fieldTooltips): null

27-02-2025T17:41:12 - [TEST_STEP][PASSED] - if (value == y || value == y + 1 || value == y - 1): null

27-02-2025T17:41:12 - [TEST_STEP][PASSED] - y = value: null

27-02-2025T17:41:12 - [TEST_STEP][PASSED] - for (def tooltip : fieldTooltips): null

27-02-2025T17:41:12 - [TEST_STEP][PASSED] - if (value == y || value == y + 1 || value == y - 1): null

27-02-2025T17:41:12 - [TEST_STEP][PASSED] - y = value: null

27-02-2025T17:41:12 - [TEST_STEP][PASSED] - for (def tooltip : fieldTooltips): null

27-02-2025T17:41:12 - [TEST_STEP][PASSED] - if (value == y || value == y + 1 || value == y - 1): null

27-02-2025T17:41:12 - [TEST_STEP][PASSED] - tooltipMap.put(key, key): null

27-02-2025T17:41:12 - [TEST_STEP][PASSED] - break: null

27-02-2025T17:41:12 - [TEST_STEP][PASSED] - return tooltipMap: null

27-02-2025T17:41:12 - [MESSAGE][PASSED] - Call Test Case 'Test Cases/_Functions/Get Tooltip Text' successfully

27-02-2025T17:41:12 - [TEST_STEP][PASSED] - if (tooltipMap.size() > 0): null

27-02-2025T17:41:12 - [TEST_STEP][PASSED] - file = fileBase + "_Tooltips.csv": null

27-02-2025T17:41:12 - [TEST_STEP][PASSED] - outText = "FIELD LABEL" + "," + "TOOLTIP TEXT" + "

": null

27-02-2025T17:41:12 - [TEST_STEP][PASSED] - for (def it : tooltipMap): null

27-02-2025T17:41:12 - [TEST_STEP][PASSED] - name = key: null

27-02-2025T17:41:12 - [TEST_STEP][PASSED] - value = value.replace("
", ""): null

27-02-2025T17:41:12 - [TEST_STEP][PASSED] - value = value.trim(): null

27-02-2025T17:41:12 - [TEST_STEP][PASSED] - value = """ + value + """: null

27-02-2025T17:41:12 - [TEST_STEP][PASSED] - outText = outText + name + "," + value: null

27-02-2025T17:41:12 - [TEST_STEP][PASSED] - outText = outText + "
": null

27-02-2025T17:41:12 - [TEST_STEP][PASSED] - println(outText): null

27-02-2025T17:41:12 - [TEST_STEP][PASSED] - outFile = new java.io.File(file): null

27-02-2025T17:41:12 - [TEST_STEP][PASSED] - println(outText): null

27-02-2025T17:41:12 - [TEST_STEP][PASSED] - outFile.write(outText): null

27-02-2025T17:41:12 - [TEST_STEP][PASSED] - takeFullPageScreenshot(fileImage): Taking screenshot successfully

27-02-2025T17:41:13 - [MESSAGE][INFO] - 0 hidden object(s)

27-02-2025T17:41:13 - [MESSAGE][PASSED] - Taking screenshot successfully
[[ATTACHMENT|/Users/cckozie/Documents/MissionNext/Screenshots and Tooltip Text/Journey Partner IT Positions Tab_Screenshot.png]]

27-02-2025T17:41:13 - [TEST_STEP][PASSED] - frame.dispose(): null

27-02-2025T17:41:13 - [TEST_STEP][PASSED] - return tooltipMap: null

27-02-2025T17:41:13 - [MESSAGE][PASSED] - Call Test Case 'Test Cases/_Functions/Get Screenshot and Tooltip Text' successfully

27-02-2025T17:41:13 - [TEST_STEP][PASSED] - callTestCase(findTestCase("_Functions/Test Tooltips"), ["varTooltipImagePath":tooltipImagePath, "varTooltips":tooltips, "varTooltipText":tooltipText, "varTestObjectFolder":testObjectFolder, ... ], OPTIONAL): Call Test Case 'Test Cases/_Functions/Test Tooltips' successfully

27-02-2025T17:41:13 - [TEST_CASE][PASSED] - Test Cases/_Functions/Test Tooltips: Test Cases/_Functions/Test Tooltips

27-02-2025T17:41:13 - [TEST_STEP][PASSED] - if (fastPath): null

27-02-2025T17:41:13 - [TEST_STEP][PASSED] - tooltipImagePath = varTooltipImagePath: null

27-02-2025T17:41:13 - [TEST_STEP][PASSED] - tooltips = varTooltips: null

27-02-2025T17:41:13 - [TEST_STEP][PASSED] - tooltipText = varTooltipText: null

27-02-2025T17:41:13 - [TEST_STEP][PASSED] - testObjectFolder = varTestObjectFolder: null

27-02-2025T17:41:13 - [TEST_STEP][PASSED] - tooltipTextMap = varTooltipTextMap: null

27-02-2025T17:41:13 - [TEST_STEP][PASSED] - writeFile = false: null

27-02-2025T17:41:13 - [TEST_STEP][PASSED] - if (outFile != ""): null

27-02-2025T17:41:13 - [TEST_STEP][PASSED] - myFile = outFile: null

27-02-2025T17:41:13 - [TEST_STEP][PASSED] - println(myFile): null

27-02-2025T17:41:13 - [TEST_STEP][PASSED] - outFile = new java.io.File(myFile): null

27-02-2025T17:41:13 - [TEST_STEP][PASSED] - writeFile = true: null

27-02-2025T17:41:13 - [TEST_STEP][PASSED] - driver = getWebDriver(): null

27-02-2025T17:41:13 - [TEST_STEP][PASSED] - action = new org.openqa.selenium.interactions.Actions(driver): null

27-02-2025T17:41:13 - [TEST_STEP][PASSED] - s = new org.sikuli.script.Screen(): null

27-02-2025T17:41:13 - [TEST_STEP][PASSED] - outText = "Verifying the tooltips can be displayed.
": null

27-02-2025T17:41:13 - [TEST_STEP][PASSED] - outFile.append(outText): null

27-02-2025T17:41:13 - [TEST_STEP][PASSED] - first = true: null

27-02-2025T17:41:13 - [TEST_STEP][PASSED] - for (def it : tooltips): null

27-02-2025T17:41:13 - [TEST_STEP][PASSED] - myKey = key: null

27-02-2025T17:41:13 - [TEST_STEP][PASSED] - myValue = value: null

27-02-2025T17:41:13 - [TEST_STEP][PASSED] - println("myKey is " + myKey): null

27-02-2025T17:41:13 - [TEST_STEP][PASSED] - println("myValue is " + myValue): null

27-02-2025T17:41:13 - [TEST_STEP][PASSED] - if (myKey != "dummy"): null

27-02-2025T17:41:13 - [TEST_STEP][PASSED] - else: null

27-02-2025T17:41:13 - [TEST_STEP][PASSED] - myImage = "/Users/cckozie/git/MissionNext-Katalon-Koz/images/dummy.png": null

27-02-2025T17:41:13 - [TEST_STEP][PASSED] - f = new java.io.File(myImage): null

27-02-2025T17:41:13 - [TEST_STEP][PASSED] - if (f.exists()): null

27-02-2025T17:41:13 - [TEST_STEP][PASSED] - println("Looking for " + myImage): null

27-02-2025T17:41:13 - [TEST_STEP][PASSED] - icn = Pattern(myImage).similar(0.10): null

27-02-2025T17:41:13 - [TEST_STEP][PASSED] - found = s.exists(icn): null

27-02-2025T17:41:17 - [TEST_STEP][PASSED] - println(found): null

27-02-2025T17:41:17 - [TEST_STEP][PASSED] - if (found != null): null

27-02-2025T17:41:17 - [TEST_STEP][PASSED] - else: null

27-02-2025T17:41:17 - [TEST_STEP][PASSED] - if (myKey != "dummy"): null

27-02-2025T17:41:17 - [TEST_STEP][PASSED] - myKey = key: null

27-02-2025T17:41:17 - [TEST_STEP][PASSED] - myValue = value: null

27-02-2025T17:41:17 - [TEST_STEP][PASSED] - println("myKey is " + myKey): null

27-02-2025T17:41:17 - [TEST_STEP][PASSED] - println("myValue is " + myValue): null

27-02-2025T17:41:17 - [TEST_STEP][PASSED] - if (myKey != "dummy"): null

27-02-2025T17:41:17 - [TEST_STEP][PASSED] - tObj = testObjectFolder + myValue: null

27-02-2025T17:41:17 - [TEST_STEP][PASSED] - click(tObj): null

27-02-2025T17:41:17 - [TEST_STEP][PASSED] - scrollToObject(object): null

27-02-2025T17:41:17 - [TEST_STEP][PASSED] - println("Converting " + object + " to web element"): null

27-02-2025T17:41:17 - [TEST_STEP][PASSED] - element = findWebElement(findTestObject(object), 1): null

27-02-2025T17:41:17 - [TEST_STEP][PASSED] - loc = element.getLocation(): null

27-02-2025T17:41:17 - [TEST_STEP][PASSED] - x = loc.getX(): null

27-02-2025T17:41:17 - [TEST_STEP][PASSED] - if (x >= 560): null

27-02-2025T17:41:17 - [TEST_STEP][PASSED] - y = loc.getY(): null

27-02-2025T17:41:17 - [TEST_STEP][PASSED] - println("Y location is " + y): null

27-02-2025T17:41:17 - [TEST_STEP][PASSED] - top = getViewportTopPosition(): Current viewport's top (y) position is 0

27-02-2025T17:41:17 - [MESSAGE][PASSED] - Current viewport's top (y) position is 0

27-02-2025T17:41:17 - [TEST_STEP][PASSED] - println("Viewport top is " + top): null

27-02-2025T17:41:17 - [TEST_STEP][PASSED] - bottom = top + 600: null

27-02-2025T17:41:17 - [TEST_STEP][PASSED] - if (y - top < 150 || bottom - y < 10): Delayed 1 second(s)

27-02-2025T17:41:17 - [TEST_STEP][PASSED] - scrollToPosition(0, y - 170): Browser is scrolled to position x = 0, y = 1055

27-02-2025T17:41:17 - [MESSAGE][PASSED] - Browser is scrolled to position x = 0, y = 1055

27-02-2025T17:41:17 - [TEST_STEP][PASSED] - delay(1): Delayed 1 second(s)

27-02-2025T17:41:18 - [MESSAGE][PASSED] - Delayed 1 second(s)

27-02-2025T17:41:18 - [TEST_STEP][PASSED] - click(findTestObject(object)): null

27-02-2025T17:41:18 - [MESSAGE][PASSED] - Object: 'Object Repository/Journey Partner Profile/Tabs/IT Positions/img_Computer Languages_field-tooltip' is clicked on

27-02-2025T17:41:18 - [TEST_STEP][PASSED] - delay(1): Delayed 1 second(s)

27-02-2025T17:41:19 - [MESSAGE][PASSED] - Delayed 1 second(s)

27-02-2025T17:41:19 - [TEST_STEP][PASSED] - myImage = tooltipImagePath + myKey + ".png": null

27-02-2025T17:41:19 - [TEST_STEP][PASSED] - f = new java.io.File(myImage): null

27-02-2025T17:41:19 - [TEST_STEP][PASSED] - if (f.exists()): null

27-02-2025T17:41:19 - [TEST_STEP][PASSED] - println("Looking for " + myImage): null

27-02-2025T17:41:19 - [TEST_STEP][PASSED] - icn = Pattern(myImage).similar(0.10): null

27-02-2025T17:41:19 - [TEST_STEP][PASSED] - found = s.exists(icn): null

27-02-2025T17:41:19 - [TEST_STEP][PASSED] - println(found): null

27-02-2025T17:41:19 - [TEST_STEP][PASSED] - if (found != null): null

27-02-2025T17:41:19 - [TEST_STEP][PASSED] - foundStr = found.toString(): null

27-02-2025T17:41:19 - [TEST_STEP][PASSED] - matchP = foundStr.indexOf("%"): null

27-02-2025T17:41:19 - [TEST_STEP][PASSED] - if (matchP >= 0): null

27-02-2025T17:41:19 - [TEST_STEP][PASSED] - println(matchP): null

27-02-2025T17:41:19 - [TEST_STEP][PASSED] - pct = foundStr.substring(matchP + 1, matchP + 6): null

27-02-2025T17:41:19 - [TEST_STEP][PASSED] - pctF = pct.toFloat(): null

27-02-2025T17:41:19 - [TEST_STEP][PASSED] - outText = "+++ Tooltip match value for " + myKey + " is " + pctF + "%": null

27-02-2025T17:41:19 - [TEST_STEP][PASSED] - min = 80: null

27-02-2025T17:41:19 - [TEST_STEP][PASSED] - if (pctF.toFloat() < min.toFloat()): null

27-02-2025T17:41:19 - [TEST_STEP][PASSED] - if (myKey != "dummy"): null

27-02-2025T17:41:19 - [TEST_STEP][PASSED] - println(outText): null

27-02-2025T17:41:19 - [TEST_STEP][PASSED] - outFile.append(outText + "
"): null

27-02-2025T17:41:19 - [TEST_STEP][PASSED] - outText = "Verifying the tooltip text on the page is what was expected.
": null

27-02-2025T17:41:19 - [TEST_STEP][PASSED] - println(tooltipTextMap): null

27-02-2025T17:41:19 - [TEST_STEP][PASSED] - outFile.append(outText): null

27-02-2025T17:41:19 - [TEST_STEP][PASSED] - for (def it : tooltipText): null

27-02-2025T17:41:19 - [TEST_STEP][PASSED] - println(it): null

27-02-2025T17:41:19 - [TEST_STEP][PASSED] - myKey = key: null

27-02-2025T17:41:19 - [TEST_STEP][PASSED] - myText = value.replace(""", ""): null

27-02-2025T17:41:19 - [TEST_STEP][PASSED] - myText = myText.trim(): null

27-02-2025T17:41:19 - [TEST_STEP][PASSED] - println(myKey): null

27-02-2025T17:41:19 - [TEST_STEP][PASSED] - println(myText): null

27-02-2025T17:41:19 - [TEST_STEP][PASSED] - println(tooltipTextMap.get(myKey)): null

27-02-2025T17:41:19 - [TEST_STEP][PASSED] - actualText = get(myKey).replace(""", ""): null

27-02-2025T17:41:19 - [TEST_STEP][PASSED] - actualText = actualText.trim(): null

27-02-2025T17:41:19 - [TEST_STEP][PASSED] - println(myKey + ":" + actualText): null

27-02-2025T17:41:19 - [TEST_STEP][PASSED] - if (actualText != myText): null

27-02-2025T17:41:19 - [MESSAGE][PASSED] - Call Test Case 'Test Cases/_Functions/Test Tooltips' successfully

27-02-2025T17:41:19 - [TEST_STEP][PASSED] - outText = "Verifying the required field messages.
": null

27-02-2025T17:41:19 - [TEST_STEP][PASSED] - outFile.append(outText): null

27-02-2025T17:41:19 - [TEST_STEP][PASSED] - fieldList = []: null

27-02-2025T17:41:19 - [TEST_STEP][PASSED] - requiredFieldMsgs.each({ -> ... }): null

27-02-2025T17:41:19 - [TEST_STEP][PASSED] - callTestCase(findTestCase("_Functions/Test Field Error Messages"), ["varFieldList":fieldList, "varRequiredFieldMsgs":requiredFieldMsgs], STOP_ON_FAILURE): Call Test Case 'Test Cases/_Functions/Test Field Error Messages' successfully

27-02-2025T17:41:19 - [TEST_CASE][PASSED] - Test Cases/_Functions/Test Field Error Messages: Test Cases/_Functions/Test Field Error Messages

27-02-2025T17:41:19 - [TEST_STEP][PASSED] - count = callTestCase(findTestCase("_Functions/Find error messages"), ["varFunction":"count"], STOP_ON_FAILURE): Call Test Case 'Test Cases/_Functions/Find error messages' successfully

27-02-2025T17:41:19 - [TEST_CASE][PASSED] - Test Cases/_Functions/Find error messages: Test Cases/_Functions/Find error messages

27-02-2025T17:41:19 - [TEST_STEP][PASSED] - function = "count": null

27-02-2025T17:41:19 - [TEST_STEP][PASSED] - if (binding.hasVariable("varFunction")): null

27-02-2025T17:41:19 - [TEST_STEP][PASSED] - function = varFunction: null

27-02-2025T17:41:19 - [TEST_STEP][PASSED] - title = getWindowTitle(): Current window's title is: 'Journey'

27-02-2025T17:41:19 - [MESSAGE][PASSED] - Current window's title is: 'Journey'

27-02-2025T17:41:19 - [TEST_STEP][PASSED] - println("Page title is " + title): null

27-02-2025T17:41:19 - [TEST_STEP][PASSED] - driver = getWebDriver(): null

27-02-2025T17:41:19 - [TEST_STEP][PASSED] - elements = driver.findElements(By.xpath("//div[@class='col-sm-offset-3 col-sm-9 text-danger']")): null

27-02-2025T17:41:19 - [TEST_STEP][PASSED] - if (function == "count"): null

27-02-2025T17:41:19 - [TEST_STEP][PASSED] - return elements.size(): null

27-02-2025T17:41:19 - [MESSAGE][PASSED] - Call Test Case 'Test Cases/_Functions/Find error messages' successfully

27-02-2025T17:41:19 - [TEST_STEP][PASSED] - outFile = outFile: null

27-02-2025T17:41:19 - [TEST_STEP][PASSED] - if (count == 0): null

27-02-2025T17:41:19 - [TEST_STEP][PASSED] - else: Delayed 0 second(s)

27-02-2025T17:41:19 - [TEST_STEP][PASSED] - fieldList = varFieldList: null

27-02-2025T17:41:19 - [TEST_STEP][PASSED] - requiredFieldMsgs = varRequiredFieldMsgs: null

27-02-2025T17:41:19 - [TEST_STEP][PASSED] - outText = "Verifying error messages for fields " + fieldList: null

27-02-2025T17:41:19 - [TEST_STEP][PASSED] - for (def field : fieldList): null

27-02-2025T17:41:19 - [TEST_STEP][PASSED] - delay(fieldTestDelay): Delayed 0 second(s)

27-02-2025T17:41:19 - [MESSAGE][PASSED] - Delayed 0 second(s)

27-02-2025T17:41:19 - [MESSAGE][PASSED] - Call Test Case 'Test Cases/_Functions/Test Field Error Messages' successfully

27-02-2025T17:41:19 - [TEST_STEP][PASSED] - if (!(fastPath)): Call Test Case 'Test Cases/_Functions/Click on Group Elements' successfully

27-02-2025T17:41:19 - [TEST_STEP][PASSED] - callTestCase(findTestCase("_Functions/Click on Group Elements"), ["varXpaths":xpaths, "varParms":parms], STOP_ON_FAILURE): Call Test Case 'Test Cases/_Functions/Click on Group Elements' successfully

27-02-2025T17:41:19 - [TEST_CASE][PASSED] - Test Cases/_Functions/Click on Group Elements: Test Cases/_Functions/Click on Group Elements

27-02-2025T17:41:19 - [TEST_STEP][PASSED] - debug = false: null

27-02-2025T17:41:19 - [TEST_STEP][PASSED] - toggle = true: null

27-02-2025T17:41:19 - [TEST_STEP][PASSED] - frame = new javax.swing.JFrame(): null

27-02-2025T17:41:19 - [TEST_STEP][PASSED] - p = new javax.swing.JPanel(): null

27-02-2025T17:41:19 - [TEST_STEP][PASSED] - l = new javax.swing.JLabel(Making user selections..., javax.swing.SwingConstants.CENTER): null

27-02-2025T17:41:19 - [TEST_STEP][PASSED] - frame.add(l): null

27-02-2025T17:41:19 - [TEST_STEP][PASSED] - frame.setSize(300, 100): null

27-02-2025T17:41:19 - [TEST_STEP][PASSED] - frame.setLocation(600, 0): null

27-02-2025T17:41:19 - [TEST_STEP][PASSED] - frame.setAlwaysOnTop(true): null

27-02-2025T17:41:19 - [TEST_STEP][PASSED] - frame.show(): null

27-02-2025T17:41:19 - [TEST_STEP][PASSED] - driver = getWebDriver(): null

27-02-2025T17:41:19 - [TEST_STEP][PASSED] - println(varParms): null

27-02-2025T17:41:19 - [TEST_STEP][PASSED] - for ([i = 0, i < varXpaths.size(), (i++)]): null

27-02-2025T17:41:19 - [TEST_STEP][PASSED] - if (debug): null

27-02-2025T17:41:19 - [TEST_STEP][PASSED] - if (varParms[i].indexOf("Europe") >= 0): null

27-02-2025T17:41:19 - [TEST_STEP][PASSED] - elements = driver.findElements(By.xpath(varXpaths[i])): null

27-02-2025T17:41:19 - [TEST_STEP][PASSED] - element_count = elements.size(): null

27-02-2025T17:41:19 - [TEST_STEP][PASSED] - for (def element : elements): null

27-02-2025T17:41:19 - [TEST_STEP][PASSED] - myValue = element.getAttribute("value"): null

27-02-2025T17:41:19 - [TEST_STEP][PASSED] - if (debug): null

27-02-2025T17:41:19 - [TEST_STEP][PASSED] - if (myValue.length() >= 4): null

27-02-2025T17:41:19 - [TEST_STEP][PASSED] - if (myValue.substring(0, 4) == "(!) "): null

27-02-2025T17:41:19 - [TEST_STEP][PASSED] - myType = element.getAttribute("type"): null

27-02-2025T17:41:19 - [TEST_STEP][PASSED] - if (myValue in varParms[i]): null

27-02-2025T17:41:19 - [TEST_STEP][PASSED] - inList = true: null

27-02-2025T17:41:19 - [TEST_STEP][PASSED] - if (myType == "checkbox"): null

27-02-2025T17:41:19 - [TEST_STEP][PASSED] - myStatus = element.isSelected(): null

27-02-2025T17:41:19 - [TEST_STEP][PASSED] - if (debug): null

27-02-2025T17:41:19 - [TEST_STEP][PASSED] - if (toggle && myStatus && inList): null

27-02-2025T17:41:19 - [TEST_STEP][PASSED] - if (!(myStatus) && inList || myStatus && !(inList)): null

27-02-2025T17:41:19 - [TEST_STEP][PASSED] - if (debug): null

27-02-2025T17:41:19 - [TEST_STEP][PASSED] - println("Clicking " + myValue): null

27-02-2025T17:41:19 - [TEST_STEP][PASSED] - click(element): null

27-02-2025T17:41:19 - [TEST_STEP][PASSED] - scrollToObject(elem): null

27-02-2025T17:41:19 - [TEST_STEP][PASSED] - loc = element.getLocation(): null

27-02-2025T17:41:19 - [TEST_STEP][PASSED] - if (debug): null

27-02-2025T17:41:19 - [TEST_STEP][PASSED] - y = loc.getY(): null

27-02-2025T17:41:19 - [TEST_STEP][PASSED] - println("Y location is " + y): null

27-02-2025T17:41:19 - [TEST_STEP][PASSED] - top = getViewportTopPosition(): Current viewport's top (y) position is 1024

27-02-2025T17:41:19 - [MESSAGE][PASSED] - Current viewport's top (y) position is 1024

27-02-2025T17:41:19 - [TEST_STEP][PASSED] - println("Viewport top is " + top): null

27-02-2025T17:41:19 - [TEST_STEP][PASSED] - bottom = top + 600: null

27-02-2025T17:41:19 - [TEST_STEP][PASSED] - if (y - top < 150 || bottom - y < 10): Delayed 1 second(s)

27-02-2025T17:41:19 - [TEST_STEP][PASSED] - scrollToPosition(0, y - 150): Browser is scrolled to position x = 0, y = 305

27-02-2025T17:41:19 - [MESSAGE][PASSED] - Browser is scrolled to position x = 0, y = 305

27-02-2025T17:41:19 - [TEST_STEP][PASSED] - delay(1): Delayed 1 second(s)

27-02-2025T17:41:20 - [MESSAGE][PASSED] - Delayed 1 second(s)

27-02-2025T17:41:20 - [TEST_STEP][PASSED] - elem.click(): null

27-02-2025T17:41:20 - [TEST_STEP][PASSED] - myValue = element.getAttribute("value"): null

27-02-2025T17:41:20 - [TEST_STEP][PASSED] - if (debug): null

27-02-2025T17:41:20 - [TEST_STEP][PASSED] - if (myValue.length() >= 4): null

27-02-2025T17:41:20 - [TEST_STEP][PASSED] - if (myValue.substring(0, 4) == "(!) "): null

27-02-2025T17:41:20 - [TEST_STEP][PASSED] - myType = element.getAttribute("type"): null

27-02-2025T17:41:20 - [TEST_STEP][PASSED] - if (myValue in varParms[i]): null

27-02-2025T17:41:20 - [TEST_STEP][PASSED] - inList = true: null

27-02-2025T17:41:20 - [TEST_STEP][PASSED] - if (myType == "checkbox"): null

27-02-2025T17:41:20 - [TEST_STEP][PASSED] - myStatus = element.isSelected(): null

27-02-2025T17:41:20 - [TEST_STEP][PASSED] - if (debug): null

27-02-2025T17:41:20 - [TEST_STEP][PASSED] - if (toggle && myStatus && inList): null

27-02-2025T17:41:20 - [TEST_STEP][PASSED] - if (!(myStatus) && inList || myStatus && !(inList)): null

27-02-2025T17:41:20 - [TEST_STEP][PASSED] - if (debug): null

27-02-2025T17:41:20 - [TEST_STEP][PASSED] - println("Clicking " + myValue): null

27-02-2025T17:41:20 - [TEST_STEP][PASSED] - click(element): null

27-02-2025T17:41:20 - [TEST_STEP][PASSED] - scrollToObject(elem): null

27-02-2025T17:41:20 - [TEST_STEP][PASSED] - loc = element.getLocation(): null

27-02-2025T17:41:20 - [TEST_STEP][PASSED] - if (debug): null

27-02-2025T17:41:20 - [TEST_STEP][PASSED] - y = loc.getY(): null

27-02-2025T17:41:20 - [TEST_STEP][PASSED] - println("Y location is " + y): null

27-02-2025T17:41:20 - [TEST_STEP][PASSED] - top = getViewportTopPosition(): Current viewport's top (y) position is 305

27-02-2025T17:41:20 - [MESSAGE][PASSED] - Current viewport's top (y) position is 305

27-02-2025T17:41:20 - [TEST_STEP][PASSED] - println("Viewport top is " + top): null

27-02-2025T17:41:20 - [TEST_STEP][PASSED] - bottom = top + 600: null

27-02-2025T17:41:20 - [TEST_STEP][PASSED] - if (y - top < 150 || bottom - y < 10): null

27-02-2025T17:41:20 - [TEST_STEP][PASSED] - elem.click(): null

27-02-2025T17:41:20 - [TEST_STEP][PASSED] - myValue = element.getAttribute("value"): null

27-02-2025T17:41:20 - [TEST_STEP][PASSED] - if (debug): null

27-02-2025T17:41:20 - [TEST_STEP][PASSED] - if (myValue.length() >= 4): null

27-02-2025T17:41:20 - [TEST_STEP][PASSED] - if (myValue.substring(0, 4) == "(!) "): null

27-02-2025T17:41:20 - [TEST_STEP][PASSED] - myType = element.getAttribute("type"): null

27-02-2025T17:41:20 - [TEST_STEP][PASSED] - if (myValue in varParms[i]): null

27-02-2025T17:41:20 - [TEST_STEP][PASSED] - else: null

27-02-2025T17:41:20 - [TEST_STEP][PASSED] - inList = false: null

27-02-2025T17:41:20 - [TEST_STEP][PASSED] - if (myType == "checkbox"): null

27-02-2025T17:41:20 - [TEST_STEP][PASSED] - myStatus = element.isSelected(): null

27-02-2025T17:41:20 - [TEST_STEP][PASSED] - if (debug): null

27-02-2025T17:41:20 - [TEST_STEP][PASSED] - if (toggle && myStatus && inList): null

27-02-2025T17:41:20 - [TEST_STEP][PASSED] - if (!(myStatus) && inList || myStatus && !(inList)): null

27-02-2025T17:41:20 - [TEST_STEP][PASSED] - myValue = element.getAttribute("value"): null

27-02-2025T17:41:20 - [TEST_STEP][PASSED] - if (debug): null

27-02-2025T17:41:20 - [TEST_STEP][PASSED] - if (myValue.length() >= 4): null

27-02-2025T17:41:20 - [TEST_STEP][PASSED] - if (myValue.substring(0, 4) == "(!) "): null

27-02-2025T17:41:20 - [TEST_STEP][PASSED] - myType = element.getAttribute("type"): null

27-02-2025T17:41:20 - [TEST_STEP][PASSED] - if (myValue in varParms[i]): null

27-02-2025T17:41:20 - [TEST_STEP][PASSED] - else: null

27-02-2025T17:41:20 - [TEST_STEP][PASSED] - inList = false: null

27-02-2025T17:41:20 - [TEST_STEP][PASSED] - if (myType == "checkbox"): null

27-02-2025T17:41:20 - [TEST_STEP][PASSED] - myStatus = element.isSelected(): null

27-02-2025T17:41:20 - [TEST_STEP][PASSED] - if (debug): null

27-02-2025T17:41:20 - [TEST_STEP][PASSED] - if (toggle && myStatus && inList): null

27-02-2025T17:41:20 - [TEST_STEP][PASSED] - if (!(myStatus) && inList || myStatus && !(inList)): null

27-02-2025T17:41:20 - [TEST_STEP][PASSED] - myValue = element.getAttribute("value"): null

27-02-2025T17:41:20 - [TEST_STEP][PASSED] - if (debug): null

27-02-2025T17:41:20 - [TEST_STEP][PASSED] - if (myValue.length() >= 4): null

27-02-2025T17:41:20 - [TEST_STEP][PASSED] - if (myValue.substring(0, 4) == "(!) "): null

27-02-2025T17:41:20 - [TEST_STEP][PASSED] - myType = element.getAttribute("type"): null

27-02-2025T17:41:20 - [TEST_STEP][PASSED] - if (myValue in varParms[i]): null

27-02-2025T17:41:20 - [TEST_STEP][PASSED] - else: null

27-02-2025T17:41:20 - [TEST_STEP][PASSED] - inList = false: null

27-02-2025T17:41:20 - [TEST_STEP][PASSED] - if (myType == "checkbox"): null

27-02-2025T17:41:20 - [TEST_STEP][PASSED] - myStatus = element.isSelected(): null

27-02-2025T17:41:20 - [TEST_STEP][PASSED] - if (debug): null

27-02-2025T17:41:20 - [TEST_STEP][PASSED] - if (toggle && myStatus && inList): null

27-02-2025T17:41:20 - [TEST_STEP][PASSED] - if (!(myStatus) && inList || myStatus && !(inList)): null

27-02-2025T17:41:20 - [TEST_STEP][PASSED] - myValue = element.getAttribute("value"): null

27-02-2025T17:41:20 - [TEST_STEP][PASSED] - if (debug): null

27-02-2025T17:41:20 - [TEST_STEP][PASSED] - if (myValue.length() >= 4): null

27-02-2025T17:41:20 - [TEST_STEP][PASSED] - if (myValue.substring(0, 4) == "(!) "): null

27-02-2025T17:41:20 - [TEST_STEP][PASSED] - myType = element.getAttribute("type"): null

27-02-2025T17:41:20 - [TEST_STEP][PASSED] - if (myValue in varParms[i]): null

27-02-2025T17:41:20 - [TEST_STEP][PASSED] - else: null

27-02-2025T17:41:20 - [TEST_STEP][PASSED] - inList = false: null

27-02-2025T17:41:20 - [TEST_STEP][PASSED] - if (myType == "checkbox"): null

27-02-2025T17:41:20 - [TEST_STEP][PASSED] - myStatus = element.isSelected(): null

27-02-2025T17:41:20 - [TEST_STEP][PASSED] - if (debug): null

27-02-2025T17:41:20 - [TEST_STEP][PASSED] - if (toggle && myStatus && inList): null

27-02-2025T17:41:20 - [TEST_STEP][PASSED] - if (!(myStatus) && inList || myStatus && !(inList)): null

27-02-2025T17:41:20 - [TEST_STEP][PASSED] - myValue = element.getAttribute("value"): null

27-02-2025T17:41:20 - [TEST_STEP][PASSED] - if (debug): null

27-02-2025T17:41:20 - [TEST_STEP][PASSED] - if (myValue.length() >= 4): null

27-02-2025T17:41:20 - [TEST_STEP][PASSED] - if (myValue.substring(0, 4) == "(!) "): null

27-02-2025T17:41:20 - [TEST_STEP][PASSED] - myType = element.getAttribute("type"): null

27-02-2025T17:41:20 - [TEST_STEP][PASSED] - if (myValue in varParms[i]): null

27-02-2025T17:41:20 - [TEST_STEP][PASSED] - else: null

27-02-2025T17:41:20 - [TEST_STEP][PASSED] - inList = false: null

27-02-2025T17:41:20 - [TEST_STEP][PASSED] - if (myType == "checkbox"): null

27-02-2025T17:41:20 - [TEST_STEP][PASSED] - myStatus = element.isSelected(): null

27-02-2025T17:41:20 - [TEST_STEP][PASSED] - if (debug): null

27-02-2025T17:41:20 - [TEST_STEP][PASSED] - if (toggle && myStatus && inList): null

27-02-2025T17:41:20 - [TEST_STEP][PASSED] - if (!(myStatus) && inList || myStatus && !(inList)): null

27-02-2025T17:41:20 - [TEST_STEP][PASSED] - myValue = element.getAttribute("value"): null

27-02-2025T17:41:20 - [TEST_STEP][PASSED] - if (debug): null

27-02-2025T17:41:20 - [TEST_STEP][PASSED] - if (myValue.length() >= 4): null

27-02-2025T17:41:20 - [TEST_STEP][PASSED] - if (myValue.substring(0, 4) == "(!) "): null

27-02-2025T17:41:20 - [TEST_STEP][PASSED] - myType = element.getAttribute("type"): null

27-02-2025T17:41:20 - [TEST_STEP][PASSED] - if (myValue in varParms[i]): null

27-02-2025T17:41:20 - [TEST_STEP][PASSED] - else: null

27-02-2025T17:41:20 - [TEST_STEP][PASSED] - inList = false: null

27-02-2025T17:41:20 - [TEST_STEP][PASSED] - if (myType == "checkbox"): null

27-02-2025T17:41:20 - [TEST_STEP][PASSED] - myStatus = element.isSelected(): null

27-02-2025T17:41:20 - [TEST_STEP][PASSED] - if (debug): null

27-02-2025T17:41:20 - [TEST_STEP][PASSED] - if (toggle && myStatus && inList): null

27-02-2025T17:41:20 - [TEST_STEP][PASSED] - if (!(myStatus) && inList || myStatus && !(inList)): null

27-02-2025T17:41:20 - [TEST_STEP][PASSED] - myValue = element.getAttribute("value"): null

27-02-2025T17:41:20 - [TEST_STEP][PASSED] - if (debug): null

27-02-2025T17:41:20 - [TEST_STEP][PASSED] - if (myValue.length() >= 4): null

27-02-2025T17:41:20 - [TEST_STEP][PASSED] - if (myValue.substring(0, 4) == "(!) "): null

27-02-2025T17:41:20 - [TEST_STEP][PASSED] - myType = element.getAttribute("type"): null

27-02-2025T17:41:20 - [TEST_STEP][PASSED] - if (myValue in varParms[i]): null

27-02-2025T17:41:20 - [TEST_STEP][PASSED] - else: null

27-02-2025T17:41:20 - [TEST_STEP][PASSED] - inList = false: null

27-02-2025T17:41:20 - [TEST_STEP][PASSED] - if (myType == "checkbox"): null

27-02-2025T17:41:20 - [TEST_STEP][PASSED] - myStatus = element.isSelected(): null

27-02-2025T17:41:20 - [TEST_STEP][PASSED] - if (debug): null

27-02-2025T17:41:20 - [TEST_STEP][PASSED] - if (toggle && myStatus && inList): null

27-02-2025T17:41:20 - [TEST_STEP][PASSED] - if (!(myStatus) && inList || myStatus && !(inList)): null

27-02-2025T17:41:20 - [TEST_STEP][PASSED] - myValue = element.getAttribute("value"): null

27-02-2025T17:41:20 - [TEST_STEP][PASSED] - if (debug): null

27-02-2025T17:41:20 - [TEST_STEP][PASSED] - if (myValue.length() >= 4): null

27-02-2025T17:41:20 - [TEST_STEP][PASSED] - if (myValue.substring(0, 4) == "(!) "): null

27-02-2025T17:41:20 - [TEST_STEP][PASSED] - myType = element.getAttribute("type"): null

27-02-2025T17:41:20 - [TEST_STEP][PASSED] - if (myValue in varParms[i]): null

27-02-2025T17:41:20 - [TEST_STEP][PASSED] - else: null

27-02-2025T17:41:20 - [TEST_STEP][PASSED] - inList = false: null

27-02-2025T17:41:20 - [TEST_STEP][PASSED] - if (myType == "checkbox"): null

27-02-2025T17:41:20 - [TEST_STEP][PASSED] - myStatus = element.isSelected(): null

27-02-2025T17:41:20 - [TEST_STEP][PASSED] - if (debug): null

27-02-2025T17:41:20 - [TEST_STEP][PASSED] - if (toggle && myStatus && inList): null

27-02-2025T17:41:20 - [TEST_STEP][PASSED] - if (!(myStatus) && inList || myStatus && !(inList)): null

27-02-2025T17:41:20 - [TEST_STEP][PASSED] - myValue = element.getAttribute("value"): null

27-02-2025T17:41:20 - [TEST_STEP][PASSED] - if (debug): null

27-02-2025T17:41:20 - [TEST_STEP][PASSED] - if (myValue.length() >= 4): null

27-02-2025T17:41:20 - [TEST_STEP][PASSED] - if (myValue.substring(0, 4) == "(!) "): null

27-02-2025T17:41:20 - [TEST_STEP][PASSED] - myType = element.getAttribute("type"): null

27-02-2025T17:41:20 - [TEST_STEP][PASSED] - if (myValue in varParms[i]): null

27-02-2025T17:41:20 - [TEST_STEP][PASSED] - inList = true: null

27-02-2025T17:41:20 - [TEST_STEP][PASSED] - if (myType == "checkbox"): null

27-02-2025T17:41:20 - [TEST_STEP][PASSED] - myStatus = element.isSelected(): null

27-02-2025T17:41:20 - [TEST_STEP][PASSED] - if (debug): null

27-02-2025T17:41:20 - [TEST_STEP][PASSED] - if (toggle && myStatus && inList): null

27-02-2025T17:41:20 - [TEST_STEP][PASSED] - if (!(myStatus) && inList || myStatus && !(inList)): null

27-02-2025T17:41:20 - [TEST_STEP][PASSED] - if (debug): null

27-02-2025T17:41:20 - [TEST_STEP][PASSED] - println("Clicking " + myValue): null

27-02-2025T17:41:20 - [TEST_STEP][PASSED] - click(element): null

27-02-2025T17:41:20 - [TEST_STEP][PASSED] - scrollToObject(elem): null

27-02-2025T17:41:20 - [TEST_STEP][PASSED] - loc = element.getLocation(): null

27-02-2025T17:41:20 - [TEST_STEP][PASSED] - if (debug): null

27-02-2025T17:41:20 - [TEST_STEP][PASSED] - y = loc.getY(): null

27-02-2025T17:41:20 - [TEST_STEP][PASSED] - println("Y location is " + y): null

27-02-2025T17:41:20 - [TEST_STEP][PASSED] - top = getViewportTopPosition(): Current viewport's top (y) position is 305

27-02-2025T17:41:20 - [MESSAGE][PASSED] - Current viewport's top (y) position is 305

27-02-2025T17:41:20 - [TEST_STEP][PASSED] - println("Viewport top is " + top): null

27-02-2025T17:41:20 - [TEST_STEP][PASSED] - bottom = top + 600: null

27-02-2025T17:41:20 - [TEST_STEP][PASSED] - if (y - top < 150 || bottom - y < 10): null

27-02-2025T17:41:20 - [TEST_STEP][PASSED] - elem.click(): null

27-02-2025T17:41:20 - [TEST_STEP][PASSED] - myValue = element.getAttribute("value"): null

27-02-2025T17:41:20 - [TEST_STEP][PASSED] - if (debug): null

27-02-2025T17:41:20 - [TEST_STEP][PASSED] - if (myValue.length() >= 4): null

27-02-2025T17:41:20 - [TEST_STEP][PASSED] - if (myValue.substring(0, 4) == "(!) "): null

27-02-2025T17:41:20 - [TEST_STEP][PASSED] - myType = element.getAttribute("type"): null

27-02-2025T17:41:20 - [TEST_STEP][PASSED] - if (myValue in varParms[i]): null

27-02-2025T17:41:20 - [TEST_STEP][PASSED] - else: null

27-02-2025T17:41:20 - [TEST_STEP][PASSED] - inList = false: null

27-02-2025T17:41:20 - [TEST_STEP][PASSED] - if (myType == "checkbox"): null

27-02-2025T17:41:20 - [TEST_STEP][PASSED] - myStatus = element.isSelected(): null

27-02-2025T17:41:20 - [TEST_STEP][PASSED] - if (debug): null

27-02-2025T17:41:20 - [TEST_STEP][PASSED] - if (toggle && myStatus && inList): null

27-02-2025T17:41:20 - [TEST_STEP][PASSED] - if (!(myStatus) && inList || myStatus && !(inList)): null

27-02-2025T17:41:20 - [TEST_STEP][PASSED] - myValue = element.getAttribute("value"): null

27-02-2025T17:41:20 - [TEST_STEP][PASSED] - if (debug): null

27-02-2025T17:41:20 - [TEST_STEP][PASSED] - if (myValue.length() >= 4): null

27-02-2025T17:41:20 - [TEST_STEP][PASSED] - if (myValue.substring(0, 4) == "(!) "): null

27-02-2025T17:41:20 - [TEST_STEP][PASSED] - myType = element.getAttribute("type"): null

27-02-2025T17:41:20 - [TEST_STEP][PASSED] - if (myValue in varParms[i]): null

27-02-2025T17:41:20 - [TEST_STEP][PASSED] - inList = true: null

27-02-2025T17:41:20 - [TEST_STEP][PASSED] - if (myType == "checkbox"): null

27-02-2025T17:41:20 - [TEST_STEP][PASSED] - myStatus = element.isSelected(): null

27-02-2025T17:41:20 - [TEST_STEP][PASSED] - if (debug): null

27-02-2025T17:41:20 - [TEST_STEP][PASSED] - if (toggle && myStatus && inList): null

27-02-2025T17:41:20 - [TEST_STEP][PASSED] - if (!(myStatus) && inList || myStatus && !(inList)): null

27-02-2025T17:41:20 - [TEST_STEP][PASSED] - if (debug): null

27-02-2025T17:41:20 - [TEST_STEP][PASSED] - println("Clicking " + myValue): null

27-02-2025T17:41:20 - [TEST_STEP][PASSED] - click(element): null

27-02-2025T17:41:20 - [TEST_STEP][PASSED] - scrollToObject(elem): null

27-02-2025T17:41:20 - [TEST_STEP][PASSED] - loc = element.getLocation(): null

27-02-2025T17:41:20 - [TEST_STEP][PASSED] - if (debug): null

27-02-2025T17:41:20 - [TEST_STEP][PASSED] - y = loc.getY(): null

27-02-2025T17:41:20 - [TEST_STEP][PASSED] - println("Y location is " + y): null

27-02-2025T17:41:20 - [TEST_STEP][PASSED] - top = getViewportTopPosition(): Current viewport's top (y) position is 305

27-02-2025T17:41:20 - [MESSAGE][PASSED] - Current viewport's top (y) position is 305

27-02-2025T17:41:20 - [TEST_STEP][PASSED] - println("Viewport top is " + top): null

27-02-2025T17:41:20 - [TEST_STEP][PASSED] - bottom = top + 600: null

27-02-2025T17:41:20 - [TEST_STEP][PASSED] - if (y - top < 150 || bottom - y < 10): null

27-02-2025T17:41:20 - [TEST_STEP][PASSED] - elem.click(): null

27-02-2025T17:41:20 - [TEST_STEP][PASSED] - myValue = element.getAttribute("value"): null

27-02-2025T17:41:20 - [TEST_STEP][PASSED] - if (debug): null

27-02-2025T17:41:20 - [TEST_STEP][PASSED] - if (myValue.length() >= 4): null

27-02-2025T17:41:20 - [TEST_STEP][PASSED] - if (myValue.substring(0, 4) == "(!) "): null

27-02-2025T17:41:20 - [TEST_STEP][PASSED] - myType = element.getAttribute("type"): null

27-02-2025T17:41:20 - [TEST_STEP][PASSED] - if (myValue in varParms[i]): null

27-02-2025T17:41:20 - [TEST_STEP][PASSED] - inList = true: null

27-02-2025T17:41:20 - [TEST_STEP][PASSED] - if (myType == "checkbox"): null

27-02-2025T17:41:20 - [TEST_STEP][PASSED] - myStatus = element.isSelected(): null

27-02-2025T17:41:20 - [TEST_STEP][PASSED] - if (debug): null

27-02-2025T17:41:20 - [TEST_STEP][PASSED] - if (toggle && myStatus && inList): null

27-02-2025T17:41:20 - [TEST_STEP][PASSED] - if (!(myStatus) && inList || myStatus && !(inList)): null

27-02-2025T17:41:20 - [TEST_STEP][PASSED] - if (debug): null

27-02-2025T17:41:20 - [TEST_STEP][PASSED] - println("Clicking " + myValue): null

27-02-2025T17:41:20 - [TEST_STEP][PASSED] - click(element): null

27-02-2025T17:41:20 - [TEST_STEP][PASSED] - scrollToObject(elem): null

27-02-2025T17:41:20 - [TEST_STEP][PASSED] - loc = element.getLocation(): null

27-02-2025T17:41:20 - [TEST_STEP][PASSED] - if (debug): null

27-02-2025T17:41:20 - [TEST_STEP][PASSED] - y = loc.getY(): null

27-02-2025T17:41:20 - [TEST_STEP][PASSED] - println("Y location is " + y): null

27-02-2025T17:41:20 - [TEST_STEP][PASSED] - top = getViewportTopPosition(): Current viewport's top (y) position is 305

27-02-2025T17:41:20 - [MESSAGE][PASSED] - Current viewport's top (y) position is 305

27-02-2025T17:41:20 - [TEST_STEP][PASSED] - println("Viewport top is " + top): null

27-02-2025T17:41:20 - [TEST_STEP][PASSED] - bottom = top + 600: null

27-02-2025T17:41:20 - [TEST_STEP][PASSED] - if (y - top < 150 || bottom - y < 10): null

27-02-2025T17:41:20 - [TEST_STEP][PASSED] - elem.click(): null

27-02-2025T17:41:20 - [TEST_STEP][PASSED] - myValue = element.getAttribute("value"): null

27-02-2025T17:41:20 - [TEST_STEP][PASSED] - if (debug): null

27-02-2025T17:41:20 - [TEST_STEP][PASSED] - if (myValue.length() >= 4): null

27-02-2025T17:41:20 - [TEST_STEP][PASSED] - if (myValue.substring(0, 4) == "(!) "): null

27-02-2025T17:41:20 - [TEST_STEP][PASSED] - myType = element.getAttribute("type"): null

27-02-2025T17:41:20 - [TEST_STEP][PASSED] - if (myValue in varParms[i]): null

27-02-2025T17:41:20 - [TEST_STEP][PASSED] - else: null

27-02-2025T17:41:20 - [TEST_STEP][PASSED] - inList = false: null

27-02-2025T17:41:20 - [TEST_STEP][PASSED] - if (myType == "checkbox"): null

27-02-2025T17:41:20 - [TEST_STEP][PASSED] - myStatus = element.isSelected(): null

27-02-2025T17:41:20 - [TEST_STEP][PASSED] - if (debug): null

27-02-2025T17:41:20 - [TEST_STEP][PASSED] - if (toggle && myStatus && inList): null

27-02-2025T17:41:20 - [TEST_STEP][PASSED] - if (!(myStatus) && inList || myStatus && !(inList)): null

27-02-2025T17:41:20 - [TEST_STEP][PASSED] - myValue = element.getAttribute("value"): null

27-02-2025T17:41:20 - [TEST_STEP][PASSED] - if (debug): null

27-02-2025T17:41:20 - [TEST_STEP][PASSED] - if (myValue.length() >= 4): null

27-02-2025T17:41:20 - [TEST_STEP][PASSED] - if (myValue.substring(0, 4) == "(!) "): null

27-02-2025T17:41:20 - [TEST_STEP][PASSED] - myType = element.getAttribute("type"): null

27-02-2025T17:41:20 - [TEST_STEP][PASSED] - if (myValue in varParms[i]): null

27-02-2025T17:41:20 - [TEST_STEP][PASSED] - inList = true: null

27-02-2025T17:41:20 - [TEST_STEP][PASSED] - if (myType == "checkbox"): null

27-02-2025T17:41:20 - [TEST_STEP][PASSED] - myStatus = element.isSelected(): null

27-02-2025T17:41:20 - [TEST_STEP][PASSED] - if (debug): null

27-02-2025T17:41:20 - [TEST_STEP][PASSED] - if (toggle && myStatus && inList): null

27-02-2025T17:41:20 - [TEST_STEP][PASSED] - if (!(myStatus) && inList || myStatus && !(inList)): null

27-02-2025T17:41:20 - [TEST_STEP][PASSED] - if (debug): null

27-02-2025T17:41:20 - [TEST_STEP][PASSED] - println("Clicking " + myValue): null

27-02-2025T17:41:20 - [TEST_STEP][PASSED] - click(element): null

27-02-2025T17:41:20 - [TEST_STEP][PASSED] - scrollToObject(elem): null

27-02-2025T17:41:20 - [TEST_STEP][PASSED] - loc = element.getLocation(): null

27-02-2025T17:41:20 - [TEST_STEP][PASSED] - if (debug): null

27-02-2025T17:41:20 - [TEST_STEP][PASSED] - y = loc.getY(): null

27-02-2025T17:41:20 - [TEST_STEP][PASSED] - println("Y location is " + y): null

27-02-2025T17:41:20 - [TEST_STEP][PASSED] - top = getViewportTopPosition(): Current viewport's top (y) position is 305

27-02-2025T17:41:20 - [MESSAGE][PASSED] - Current viewport's top (y) position is 305

27-02-2025T17:41:20 - [TEST_STEP][PASSED] - println("Viewport top is " + top): null

27-02-2025T17:41:20 - [TEST_STEP][PASSED] - bottom = top + 600: null

27-02-2025T17:41:20 - [TEST_STEP][PASSED] - if (y - top < 150 || bottom - y < 10): null

27-02-2025T17:41:20 - [TEST_STEP][PASSED] - elem.click(): null

27-02-2025T17:41:20 - [TEST_STEP][PASSED] - myValue = element.getAttribute("value"): null

27-02-2025T17:41:20 - [TEST_STEP][PASSED] - if (debug): null

27-02-2025T17:41:20 - [TEST_STEP][PASSED] - if (myValue.length() >= 4): null

27-02-2025T17:41:20 - [TEST_STEP][PASSED] - if (myValue.substring(0, 4) == "(!) "): null

27-02-2025T17:41:20 - [TEST_STEP][PASSED] - myType = element.getAttribute("type"): null

27-02-2025T17:41:20 - [TEST_STEP][PASSED] - if (myValue in varParms[i]): null

27-02-2025T17:41:20 - [TEST_STEP][PASSED] - inList = true: null

27-02-2025T17:41:20 - [TEST_STEP][PASSED] - if (myType == "checkbox"): null

27-02-2025T17:41:20 - [TEST_STEP][PASSED] - myStatus = element.isSelected(): null

27-02-2025T17:41:20 - [TEST_STEP][PASSED] - if (debug): null

27-02-2025T17:41:20 - [TEST_STEP][PASSED] - if (toggle && myStatus && inList): null

27-02-2025T17:41:20 - [TEST_STEP][PASSED] - if (!(myStatus) && inList || myStatus && !(inList)): null

27-02-2025T17:41:20 - [TEST_STEP][PASSED] - if (debug): null

27-02-2025T17:41:20 - [TEST_STEP][PASSED] - println("Clicking " + myValue): null

27-02-2025T17:41:20 - [TEST_STEP][PASSED] - click(element): null

27-02-2025T17:41:20 - [TEST_STEP][PASSED] - scrollToObject(elem): null

27-02-2025T17:41:20 - [TEST_STEP][PASSED] - loc = element.getLocation(): null

27-02-2025T17:41:20 - [TEST_STEP][PASSED] - if (debug): null

27-02-2025T17:41:20 - [TEST_STEP][PASSED] - y = loc.getY(): null

27-02-2025T17:41:20 - [TEST_STEP][PASSED] - println("Y location is " + y): null

27-02-2025T17:41:20 - [TEST_STEP][PASSED] - top = getViewportTopPosition(): Current viewport's top (y) position is 305

27-02-2025T17:41:20 - [MESSAGE][PASSED] - Current viewport's top (y) position is 305

27-02-2025T17:41:20 - [TEST_STEP][PASSED] - println("Viewport top is " + top): null

27-02-2025T17:41:20 - [TEST_STEP][PASSED] - bottom = top + 600: null

27-02-2025T17:41:20 - [TEST_STEP][PASSED] - if (y - top < 150 || bottom - y < 10): null

27-02-2025T17:41:20 - [TEST_STEP][PASSED] - elem.click(): null

27-02-2025T17:41:20 - [TEST_STEP][PASSED] - myValue = element.getAttribute("value"): null

27-02-2025T17:41:20 - [TEST_STEP][PASSED] - if (debug): null

27-02-2025T17:41:20 - [TEST_STEP][PASSED] - if (myValue.length() >= 4): null

27-02-2025T17:41:20 - [TEST_STEP][PASSED] - if (myValue.substring(0, 4) == "(!) "): null

27-02-2025T17:41:20 - [TEST_STEP][PASSED] - myType = element.getAttribute("type"): null

27-02-2025T17:41:20 - [TEST_STEP][PASSED] - if (myValue in varParms[i]): null

27-02-2025T17:41:20 - [TEST_STEP][PASSED] - else: null

27-02-2025T17:41:20 - [TEST_STEP][PASSED] - inList = false: null

27-02-2025T17:41:20 - [TEST_STEP][PASSED] - if (myType == "checkbox"): null

27-02-2025T17:41:20 - [TEST_STEP][PASSED] - myStatus = element.isSelected(): null

27-02-2025T17:41:20 - [TEST_STEP][PASSED] - if (debug): null

27-02-2025T17:41:20 - [TEST_STEP][PASSED] - if (toggle && myStatus && inList): null

27-02-2025T17:41:20 - [TEST_STEP][PASSED] - if (!(myStatus) && inList || myStatus && !(inList)): null

27-02-2025T17:41:20 - [TEST_STEP][PASSED] - myValue = element.getAttribute("value"): null

27-02-2025T17:41:20 - [TEST_STEP][PASSED] - if (debug): null

27-02-2025T17:41:20 - [TEST_STEP][PASSED] - if (myValue.length() >= 4): null

27-02-2025T17:41:20 - [TEST_STEP][PASSED] - if (myValue.substring(0, 4) == "(!) "): null

27-02-2025T17:41:20 - [TEST_STEP][PASSED] - myType = element.getAttribute("type"): null

27-02-2025T17:41:20 - [TEST_STEP][PASSED] - if (myValue in varParms[i]): null

27-02-2025T17:41:20 - [TEST_STEP][PASSED] - else: null

27-02-2025T17:41:20 - [TEST_STEP][PASSED] - inList = false: null

27-02-2025T17:41:20 - [TEST_STEP][PASSED] - if (myType == "checkbox"): null

27-02-2025T17:41:20 - [TEST_STEP][PASSED] - myStatus = element.isSelected(): null

27-02-2025T17:41:20 - [TEST_STEP][PASSED] - if (debug): null

27-02-2025T17:41:20 - [TEST_STEP][PASSED] - if (toggle && myStatus && inList): null

27-02-2025T17:41:20 - [TEST_STEP][PASSED] - if (!(myStatus) && inList || myStatus && !(inList)): null

27-02-2025T17:41:20 - [TEST_STEP][PASSED] - myValue = element.getAttribute("value"): null

27-02-2025T17:41:20 - [TEST_STEP][PASSED] - if (debug): null

27-02-2025T17:41:20 - [TEST_STEP][PASSED] - if (myValue.length() >= 4): null

27-02-2025T17:41:20 - [TEST_STEP][PASSED] - if (myValue.substring(0, 4) == "(!) "): null

27-02-2025T17:41:20 - [TEST_STEP][PASSED] - myType = element.getAttribute("type"): null

27-02-2025T17:41:20 - [TEST_STEP][PASSED] - if (myValue in varParms[i]): null

27-02-2025T17:41:20 - [TEST_STEP][PASSED] - inList = true: null

27-02-2025T17:41:20 - [TEST_STEP][PASSED] - if (myType == "checkbox"): null

27-02-2025T17:41:20 - [TEST_STEP][PASSED] - myStatus = element.isSelected(): null

27-02-2025T17:41:20 - [TEST_STEP][PASSED] - if (debug): null

27-02-2025T17:41:20 - [TEST_STEP][PASSED] - if (toggle && myStatus && inList): null

27-02-2025T17:41:20 - [TEST_STEP][PASSED] - if (!(myStatus) && inList || myStatus && !(inList)): null

27-02-2025T17:41:20 - [TEST_STEP][PASSED] - if (debug): null

27-02-2025T17:41:20 - [TEST_STEP][PASSED] - println("Clicking " + myValue): null

27-02-2025T17:41:20 - [TEST_STEP][PASSED] - click(element): null

27-02-2025T17:41:20 - [TEST_STEP][PASSED] - scrollToObject(elem): null

27-02-2025T17:41:20 - [TEST_STEP][PASSED] - loc = element.getLocation(): null

27-02-2025T17:41:20 - [TEST_STEP][PASSED] - if (debug): null

27-02-2025T17:41:20 - [TEST_STEP][PASSED] - y = loc.getY(): null

27-02-2025T17:41:20 - [TEST_STEP][PASSED] - println("Y location is " + y): null

27-02-2025T17:41:20 - [TEST_STEP][PASSED] - top = getViewportTopPosition(): Current viewport's top (y) position is 305

27-02-2025T17:41:20 - [MESSAGE][PASSED] - Current viewport's top (y) position is 305

27-02-2025T17:41:20 - [TEST_STEP][PASSED] - println("Viewport top is " + top): null

27-02-2025T17:41:20 - [TEST_STEP][PASSED] - bottom = top + 600: null

27-02-2025T17:41:20 - [TEST_STEP][PASSED] - if (y - top < 150 || bottom - y < 10): null

27-02-2025T17:41:20 - [TEST_STEP][PASSED] - elem.click(): null

27-02-2025T17:41:20 - [TEST_STEP][PASSED] - myValue = element.getAttribute("value"): null

27-02-2025T17:41:20 - [TEST_STEP][PASSED] - if (debug): null

27-02-2025T17:41:20 - [TEST_STEP][PASSED] - if (myValue.length() >= 4): null

27-02-2025T17:41:20 - [TEST_STEP][PASSED] - if (myValue.substring(0, 4) == "(!) "): null

27-02-2025T17:41:20 - [TEST_STEP][PASSED] - myType = element.getAttribute("type"): null

27-02-2025T17:41:20 - [TEST_STEP][PASSED] - if (myValue in varParms[i]): null

27-02-2025T17:41:20 - [TEST_STEP][PASSED] - inList = true: null

27-02-2025T17:41:20 - [TEST_STEP][PASSED] - if (myType == "checkbox"): null

27-02-2025T17:41:20 - [TEST_STEP][PASSED] - myStatus = element.isSelected(): null

27-02-2025T17:41:20 - [TEST_STEP][PASSED] - if (debug): null

27-02-2025T17:41:20 - [TEST_STEP][PASSED] - if (toggle && myStatus && inList): null

27-02-2025T17:41:20 - [TEST_STEP][PASSED] - if (!(myStatus) && inList || myStatus && !(inList)): null

27-02-2025T17:41:20 - [TEST_STEP][PASSED] - if (debug): null

27-02-2025T17:41:20 - [TEST_STEP][PASSED] - println("Clicking " + myValue): null

27-02-2025T17:41:20 - [TEST_STEP][PASSED] - click(element): null

27-02-2025T17:41:20 - [TEST_STEP][PASSED] - scrollToObject(elem): null

27-02-2025T17:41:20 - [TEST_STEP][PASSED] - loc = element.getLocation(): null

27-02-2025T17:41:20 - [TEST_STEP][PASSED] - if (debug): null

27-02-2025T17:41:20 - [TEST_STEP][PASSED] - y = loc.getY(): null

27-02-2025T17:41:20 - [TEST_STEP][PASSED] - println("Y location is " + y): null

27-02-2025T17:41:20 - [TEST_STEP][PASSED] - top = getViewportTopPosition(): Current viewport's top (y) position is 305

27-02-2025T17:41:20 - [MESSAGE][PASSED] - Current viewport's top (y) position is 305

27-02-2025T17:41:20 - [TEST_STEP][PASSED] - println("Viewport top is " + top): null

27-02-2025T17:41:20 - [TEST_STEP][PASSED] - bottom = top + 600: null

27-02-2025T17:41:20 - [TEST_STEP][PASSED] - if (y - top < 150 || bottom - y < 10): null

27-02-2025T17:41:20 - [TEST_STEP][PASSED] - elem.click(): null

27-02-2025T17:41:20 - [TEST_STEP][PASSED] - myValue = element.getAttribute("value"): null

27-02-2025T17:41:20 - [TEST_STEP][PASSED] - if (debug): null

27-02-2025T17:41:20 - [TEST_STEP][PASSED] - if (myValue.length() >= 4): null

27-02-2025T17:41:20 - [TEST_STEP][PASSED] - if (myValue.substring(0, 4) == "(!) "): null

27-02-2025T17:41:20 - [TEST_STEP][PASSED] - myType = element.getAttribute("type"): null

27-02-2025T17:41:20 - [TEST_STEP][PASSED] - if (myValue in varParms[i]): null

27-02-2025T17:41:20 - [TEST_STEP][PASSED] - else: null

27-02-2025T17:41:20 - [TEST_STEP][PASSED] - inList = false: null

27-02-2025T17:41:20 - [TEST_STEP][PASSED] - if (myType == "checkbox"): null

27-02-2025T17:41:20 - [TEST_STEP][PASSED] - myStatus = element.isSelected(): null

27-02-2025T17:41:20 - [TEST_STEP][PASSED] - if (debug): null

27-02-2025T17:41:20 - [TEST_STEP][PASSED] - if (toggle && myStatus && inList): null

27-02-2025T17:41:20 - [TEST_STEP][PASSED] - if (!(myStatus) && inList || myStatus && !(inList)): null

27-02-2025T17:41:20 - [TEST_STEP][PASSED] - myValue = element.getAttribute("value"): null

27-02-2025T17:41:20 - [TEST_STEP][PASSED] - if (debug): null

27-02-2025T17:41:20 - [TEST_STEP][PASSED] - if (myValue.length() >= 4): null

27-02-2025T17:41:20 - [TEST_STEP][PASSED] - if (myValue.substring(0, 4) == "(!) "): null

27-02-2025T17:41:20 - [TEST_STEP][PASSED] - myType = element.getAttribute("type"): null

27-02-2025T17:41:20 - [TEST_STEP][PASSED] - if (myValue in varParms[i]): null

27-02-2025T17:41:20 - [TEST_STEP][PASSED] - else: null

27-02-2025T17:41:20 - [TEST_STEP][PASSED] - inList = false: null

27-02-2025T17:41:20 - [TEST_STEP][PASSED] - if (myType == "checkbox"): null

27-02-2025T17:41:20 - [TEST_STEP][PASSED] - myStatus = element.isSelected(): null

27-02-2025T17:41:20 - [TEST_STEP][PASSED] - if (debug): null

27-02-2025T17:41:20 - [TEST_STEP][PASSED] - if (toggle && myStatus && inList): null

27-02-2025T17:41:20 - [TEST_STEP][PASSED] - if (!(myStatus) && inList || myStatus && !(inList)): null

27-02-2025T17:41:20 - [TEST_STEP][PASSED] - myValue = element.getAttribute("value"): null

27-02-2025T17:41:20 - [TEST_STEP][PASSED] - if (debug): null

27-02-2025T17:41:20 - [TEST_STEP][PASSED] - if (myValue.length() >= 4): null

27-02-2025T17:41:20 - [TEST_STEP][PASSED] - if (myValue.substring(0, 4) == "(!) "): null

27-02-2025T17:41:20 - [TEST_STEP][PASSED] - myType = element.getAttribute("type"): null

27-02-2025T17:41:20 - [TEST_STEP][PASSED] - if (myValue in varParms[i]): null

27-02-2025T17:41:20 - [TEST_STEP][PASSED] - else: null

27-02-2025T17:41:20 - [TEST_STEP][PASSED] - inList = false: null

27-02-2025T17:41:20 - [TEST_STEP][PASSED] - if (myType == "checkbox"): null

27-02-2025T17:41:20 - [TEST_STEP][PASSED] - myStatus = element.isSelected(): null

27-02-2025T17:41:20 - [TEST_STEP][PASSED] - if (debug): null

27-02-2025T17:41:20 - [TEST_STEP][PASSED] - if (toggle && myStatus && inList): null

27-02-2025T17:41:20 - [TEST_STEP][PASSED] - if (!(myStatus) && inList || myStatus && !(inList)): null

27-02-2025T17:41:20 - [TEST_STEP][PASSED] - myValue = element.getAttribute("value"): null

27-02-2025T17:41:20 - [TEST_STEP][PASSED] - if (debug): null

27-02-2025T17:41:20 - [TEST_STEP][PASSED] - if (myValue.length() >= 4): null

27-02-2025T17:41:20 - [TEST_STEP][PASSED] - if (myValue.substring(0, 4) == "(!) "): null

27-02-2025T17:41:20 - [TEST_STEP][PASSED] - myType = element.getAttribute("type"): null

27-02-2025T17:41:20 - [TEST_STEP][PASSED] - if (myValue in varParms[i]): null

27-02-2025T17:41:20 - [TEST_STEP][PASSED] - else: null

27-02-2025T17:41:20 - [TEST_STEP][PASSED] - inList = false: null

27-02-2025T17:41:20 - [TEST_STEP][PASSED] - if (myType == "checkbox"): null

27-02-2025T17:41:20 - [TEST_STEP][PASSED] - myStatus = element.isSelected(): null

27-02-2025T17:41:20 - [TEST_STEP][PASSED] - if (debug): null

27-02-2025T17:41:20 - [TEST_STEP][PASSED] - if (toggle && myStatus && inList): null

27-02-2025T17:41:20 - [TEST_STEP][PASSED] - if (!(myStatus) && inList || myStatus && !(inList)): null

27-02-2025T17:41:20 - [TEST_STEP][PASSED] - myValue = element.getAttribute("value"): null

27-02-2025T17:41:20 - [TEST_STEP][PASSED] - if (debug): null

27-02-2025T17:41:20 - [TEST_STEP][PASSED] - if (myValue.length() >= 4): null

27-02-2025T17:41:20 - [TEST_STEP][PASSED] - if (myValue.substring(0, 4) == "(!) "): null

27-02-2025T17:41:20 - [TEST_STEP][PASSED] - myType = element.getAttribute("type"): null

27-02-2025T17:41:20 - [TEST_STEP][PASSED] - if (myValue in varParms[i]): null

27-02-2025T17:41:20 - [TEST_STEP][PASSED] - else: null

27-02-2025T17:41:20 - [TEST_STEP][PASSED] - inList = false: null

27-02-2025T17:41:20 - [TEST_STEP][PASSED] - if (myType == "checkbox"): null

27-02-2025T17:41:20 - [TEST_STEP][PASSED] - myStatus = element.isSelected(): null

27-02-2025T17:41:20 - [TEST_STEP][PASSED] - if (debug): null

27-02-2025T17:41:20 - [TEST_STEP][PASSED] - if (toggle && myStatus && inList): null

27-02-2025T17:41:20 - [TEST_STEP][PASSED] - if (!(myStatus) && inList || myStatus && !(inList)): null

27-02-2025T17:41:20 - [TEST_STEP][PASSED] - myValue = element.getAttribute("value"): null

27-02-2025T17:41:20 - [TEST_STEP][PASSED] - if (debug): null

27-02-2025T17:41:20 - [TEST_STEP][PASSED] - if (myValue.length() >= 4): null

27-02-2025T17:41:20 - [TEST_STEP][PASSED] - if (myValue.substring(0, 4) == "(!) "): null

27-02-2025T17:41:20 - [TEST_STEP][PASSED] - myType = element.getAttribute("type"): null

27-02-2025T17:41:20 - [TEST_STEP][PASSED] - if (myValue in varParms[i]): null

27-02-2025T17:41:20 - [TEST_STEP][PASSED] - else: null

27-02-2025T17:41:20 - [TEST_STEP][PASSED] - inList = false: null

27-02-2025T17:41:20 - [TEST_STEP][PASSED] - if (myType == "checkbox"): null

27-02-2025T17:41:20 - [TEST_STEP][PASSED] - myStatus = element.isSelected(): null

27-02-2025T17:41:20 - [TEST_STEP][PASSED] - if (debug): null

27-02-2025T17:41:20 - [TEST_STEP][PASSED] - if (toggle && myStatus && inList): null

27-02-2025T17:41:20 - [TEST_STEP][PASSED] - if (!(myStatus) && inList || myStatus && !(inList)): null

27-02-2025T17:41:20 - [TEST_STEP][PASSED] - myValue = element.getAttribute("value"): null

27-02-2025T17:41:20 - [TEST_STEP][PASSED] - if (debug): null

27-02-2025T17:41:20 - [TEST_STEP][PASSED] - if (myValue.length() >= 4): null

27-02-2025T17:41:20 - [TEST_STEP][PASSED] - if (myValue.substring(0, 4) == "(!) "): null

27-02-2025T17:41:20 - [TEST_STEP][PASSED] - myType = element.getAttribute("type"): null

27-02-2025T17:41:20 - [TEST_STEP][PASSED] - if (myValue in varParms[i]): null

27-02-2025T17:41:20 - [TEST_STEP][PASSED] - else: null

27-02-2025T17:41:20 - [TEST_STEP][PASSED] - inList = false: null

27-02-2025T17:41:20 - [TEST_STEP][PASSED] - if (myType == "checkbox"): null

27-02-2025T17:41:20 - [TEST_STEP][PASSED] - myStatus = element.isSelected(): null

27-02-2025T17:41:20 - [TEST_STEP][PASSED] - if (debug): null

27-02-2025T17:41:20 - [TEST_STEP][PASSED] - if (toggle && myStatus && inList): null

27-02-2025T17:41:20 - [TEST_STEP][PASSED] - if (!(myStatus) && inList || myStatus && !(inList)): null

27-02-2025T17:41:20 - [TEST_STEP][PASSED] - myValue = element.getAttribute("value"): null

27-02-2025T17:41:20 - [TEST_STEP][PASSED] - if (debug): null

27-02-2025T17:41:20 - [TEST_STEP][PASSED] - if (myValue.length() >= 4): null

27-02-2025T17:41:20 - [TEST_STEP][PASSED] - if (myValue.substring(0, 4) == "(!) "): null

27-02-2025T17:41:20 - [TEST_STEP][PASSED] - myType = element.getAttribute("type"): null

27-02-2025T17:41:20 - [TEST_STEP][PASSED] - if (myValue in varParms[i]): null

27-02-2025T17:41:20 - [TEST_STEP][PASSED] - else: null

27-02-2025T17:41:20 - [TEST_STEP][PASSED] - inList = false: null

27-02-2025T17:41:20 - [TEST_STEP][PASSED] - if (myType == "checkbox"): null

27-02-2025T17:41:20 - [TEST_STEP][PASSED] - myStatus = element.isSelected(): null

27-02-2025T17:41:20 - [TEST_STEP][PASSED] - if (debug): null

27-02-2025T17:41:20 - [TEST_STEP][PASSED] - if (toggle && myStatus && inList): null

27-02-2025T17:41:20 - [TEST_STEP][PASSED] - if (!(myStatus) && inList || myStatus && !(inList)): null

27-02-2025T17:41:20 - [TEST_STEP][PASSED] - myValue = element.getAttribute("value"): null

27-02-2025T17:41:20 - [TEST_STEP][PASSED] - if (debug): null

27-02-2025T17:41:20 - [TEST_STEP][PASSED] - if (myValue.length() >= 4): null

27-02-2025T17:41:20 - [TEST_STEP][PASSED] - if (myValue.substring(0, 4) == "(!) "): null

27-02-2025T17:41:20 - [TEST_STEP][PASSED] - myType = element.getAttribute("type"): null

27-02-2025T17:41:20 - [TEST_STEP][PASSED] - if (myValue in varParms[i]): null

27-02-2025T17:41:20 - [TEST_STEP][PASSED] - else: null

27-02-2025T17:41:20 - [TEST_STEP][PASSED] - inList = false: null

27-02-2025T17:41:20 - [TEST_STEP][PASSED] - if (myType == "checkbox"): null

27-02-2025T17:41:20 - [TEST_STEP][PASSED] - myStatus = element.isSelected(): null

27-02-2025T17:41:20 - [TEST_STEP][PASSED] - if (debug): null

27-02-2025T17:41:20 - [TEST_STEP][PASSED] - if (toggle && myStatus && inList): null

27-02-2025T17:41:20 - [TEST_STEP][PASSED] - if (!(myStatus) && inList || myStatus && !(inList)): null

27-02-2025T17:41:20 - [TEST_STEP][PASSED] - myValue = element.getAttribute("value"): null

27-02-2025T17:41:20 - [TEST_STEP][PASSED] - if (debug): null

27-02-2025T17:41:20 - [TEST_STEP][PASSED] - if (myValue.length() >= 4): null

27-02-2025T17:41:20 - [TEST_STEP][PASSED] - if (myValue.substring(0, 4) == "(!) "): null

27-02-2025T17:41:20 - [TEST_STEP][PASSED] - myType = element.getAttribute("type"): null

27-02-2025T17:41:20 - [TEST_STEP][PASSED] - if (myValue in varParms[i]): null

27-02-2025T17:41:20 - [TEST_STEP][PASSED] - else: null

27-02-2025T17:41:20 - [TEST_STEP][PASSED] - inList = false: null

27-02-2025T17:41:20 - [TEST_STEP][PASSED] - if (myType == "checkbox"): null

27-02-2025T17:41:20 - [TEST_STEP][PASSED] - myStatus = element.isSelected(): null

27-02-2025T17:41:20 - [TEST_STEP][PASSED] - if (debug): null

27-02-2025T17:41:20 - [TEST_STEP][PASSED] - if (toggle && myStatus && inList): null

27-02-2025T17:41:20 - [TEST_STEP][PASSED] - if (!(myStatus) && inList || myStatus && !(inList)): null

27-02-2025T17:41:20 - [TEST_STEP][PASSED] - myValue = element.getAttribute("value"): null

27-02-2025T17:41:20 - [TEST_STEP][PASSED] - if (debug): null

27-02-2025T17:41:20 - [TEST_STEP][PASSED] - if (myValue.length() >= 4): null

27-02-2025T17:41:20 - [TEST_STEP][PASSED] - if (myValue.substring(0, 4) == "(!) "): null

27-02-2025T17:41:20 - [TEST_STEP][PASSED] - myType = element.getAttribute("type"): null

27-02-2025T17:41:20 - [TEST_STEP][PASSED] - if (myValue in varParms[i]): null

27-02-2025T17:41:20 - [TEST_STEP][PASSED] - else: null

27-02-2025T17:41:20 - [TEST_STEP][PASSED] - inList = false: null

27-02-2025T17:41:20 - [TEST_STEP][PASSED] - if (myType == "checkbox"): null

27-02-2025T17:41:20 - [TEST_STEP][PASSED] - myStatus = element.isSelected(): null

27-02-2025T17:41:20 - [TEST_STEP][PASSED] - if (debug): null

27-02-2025T17:41:20 - [TEST_STEP][PASSED] - if (toggle && myStatus && inList): null

27-02-2025T17:41:20 - [TEST_STEP][PASSED] - if (!(myStatus) && inList || myStatus && !(inList)): null

27-02-2025T17:41:20 - [TEST_STEP][PASSED] - myValue = element.getAttribute("value"): null

27-02-2025T17:41:20 - [TEST_STEP][PASSED] - if (debug): null

27-02-2025T17:41:20 - [TEST_STEP][PASSED] - if (myValue.length() >= 4): null

27-02-2025T17:41:20 - [TEST_STEP][PASSED] - if (myValue.substring(0, 4) == "(!) "): null

27-02-2025T17:41:20 - [TEST_STEP][PASSED] - myType = element.getAttribute("type"): null

27-02-2025T17:41:20 - [TEST_STEP][PASSED] - if (myValue in varParms[i]): null

27-02-2025T17:41:20 - [TEST_STEP][PASSED] - else: null

27-02-2025T17:41:20 - [TEST_STEP][PASSED] - inList = false: null

27-02-2025T17:41:20 - [TEST_STEP][PASSED] - if (myType == "checkbox"): null

27-02-2025T17:41:20 - [TEST_STEP][PASSED] - myStatus = element.isSelected(): null

27-02-2025T17:41:20 - [TEST_STEP][PASSED] - if (debug): null

27-02-2025T17:41:20 - [TEST_STEP][PASSED] - if (toggle && myStatus && inList): null

27-02-2025T17:41:20 - [TEST_STEP][PASSED] - if (!(myStatus) && inList || myStatus && !(inList)): null

27-02-2025T17:41:20 - [TEST_STEP][PASSED] - myValue = element.getAttribute("value"): null

27-02-2025T17:41:20 - [TEST_STEP][PASSED] - if (debug): null

27-02-2025T17:41:20 - [TEST_STEP][PASSED] - if (myValue.length() >= 4): null

27-02-2025T17:41:20 - [TEST_STEP][PASSED] - if (myValue.substring(0, 4) == "(!) "): null

27-02-2025T17:41:20 - [TEST_STEP][PASSED] - myType = element.getAttribute("type"): null

27-02-2025T17:41:20 - [TEST_STEP][PASSED] - if (myValue in varParms[i]): null

27-02-2025T17:41:20 - [TEST_STEP][PASSED] - else: null

27-02-2025T17:41:20 - [TEST_STEP][PASSED] - inList = false: null

27-02-2025T17:41:20 - [TEST_STEP][PASSED] - if (myType == "checkbox"): null

27-02-2025T17:41:20 - [TEST_STEP][PASSED] - myStatus = element.isSelected(): null

27-02-2025T17:41:20 - [TEST_STEP][PASSED] - if (debug): null

27-02-2025T17:41:20 - [TEST_STEP][PASSED] - if (toggle && myStatus && inList): null

27-02-2025T17:41:20 - [TEST_STEP][PASSED] - if (!(myStatus) && inList || myStatus && !(inList)): null

27-02-2025T17:41:20 - [TEST_STEP][PASSED] - myValue = element.getAttribute("value"): null

27-02-2025T17:41:20 - [TEST_STEP][PASSED] - if (debug): null

27-02-2025T17:41:20 - [TEST_STEP][PASSED] - if (myValue.length() >= 4): null

27-02-2025T17:41:20 - [TEST_STEP][PASSED] - if (myValue.substring(0, 4) == "(!) "): null

27-02-2025T17:41:20 - [TEST_STEP][PASSED] - myType = element.getAttribute("type"): null

27-02-2025T17:41:20 - [TEST_STEP][PASSED] - if (myValue in varParms[i]): null

27-02-2025T17:41:20 - [TEST_STEP][PASSED] - else: null

27-02-2025T17:41:20 - [TEST_STEP][PASSED] - inList = false: null

27-02-2025T17:41:20 - [TEST_STEP][PASSED] - if (myType == "checkbox"): null

27-02-2025T17:41:20 - [TEST_STEP][PASSED] - myStatus = element.isSelected(): null

27-02-2025T17:41:20 - [TEST_STEP][PASSED] - if (debug): null

27-02-2025T17:41:20 - [TEST_STEP][PASSED] - if (toggle && myStatus && inList): null

27-02-2025T17:41:20 - [TEST_STEP][PASSED] - if (!(myStatus) && inList || myStatus && !(inList)): null

27-02-2025T17:41:20 - [TEST_STEP][PASSED] - myValue = element.getAttribute("value"): null

27-02-2025T17:41:20 - [TEST_STEP][PASSED] - if (debug): null

27-02-2025T17:41:20 - [TEST_STEP][PASSED] - if (myValue.length() >= 4): null

27-02-2025T17:41:20 - [TEST_STEP][PASSED] - if (myValue.substring(0, 4) == "(!) "): null

27-02-2025T17:41:20 - [TEST_STEP][PASSED] - myType = element.getAttribute("type"): null

27-02-2025T17:41:20 - [TEST_STEP][PASSED] - if (myValue in varParms[i]): null

27-02-2025T17:41:20 - [TEST_STEP][PASSED] - else: null

27-02-2025T17:41:20 - [TEST_STEP][PASSED] - inList = false: null

27-02-2025T17:41:20 - [TEST_STEP][PASSED] - if (myType == "checkbox"): null

27-02-2025T17:41:20 - [TEST_STEP][PASSED] - myStatus = element.isSelected(): null

27-02-2025T17:41:20 - [TEST_STEP][PASSED] - if (debug): null

27-02-2025T17:41:20 - [TEST_STEP][PASSED] - if (toggle && myStatus && inList): null

27-02-2025T17:41:21 - [TEST_STEP][PASSED] - if (!(myStatus) && inList || myStatus && !(inList)): null

27-02-2025T17:41:21 - [TEST_STEP][PASSED] - myValue = element.getAttribute("value"): null

27-02-2025T17:41:21 - [TEST_STEP][PASSED] - if (debug): null

27-02-2025T17:41:21 - [TEST_STEP][PASSED] - if (myValue.length() >= 4): null

27-02-2025T17:41:21 - [TEST_STEP][PASSED] - if (myValue.substring(0, 4) == "(!) "): null

27-02-2025T17:41:21 - [TEST_STEP][PASSED] - myType = element.getAttribute("type"): null

27-02-2025T17:41:21 - [TEST_STEP][PASSED] - if (myValue in varParms[i]): null

27-02-2025T17:41:21 - [TEST_STEP][PASSED] - else: null

27-02-2025T17:41:21 - [TEST_STEP][PASSED] - inList = false: null

27-02-2025T17:41:21 - [TEST_STEP][PASSED] - if (myType == "checkbox"): null

27-02-2025T17:41:21 - [TEST_STEP][PASSED] - myStatus = element.isSelected(): null

27-02-2025T17:41:21 - [TEST_STEP][PASSED] - if (debug): null

27-02-2025T17:41:21 - [TEST_STEP][PASSED] - if (toggle && myStatus && inList): null

27-02-2025T17:41:21 - [TEST_STEP][PASSED] - if (!(myStatus) && inList || myStatus && !(inList)): null

27-02-2025T17:41:21 - [TEST_STEP][PASSED] - myValue = element.getAttribute("value"): null

27-02-2025T17:41:21 - [TEST_STEP][PASSED] - if (debug): null

27-02-2025T17:41:21 - [TEST_STEP][PASSED] - if (myValue.length() >= 4): null

27-02-2025T17:41:21 - [TEST_STEP][PASSED] - if (myValue.substring(0, 4) == "(!) "): null

27-02-2025T17:41:21 - [TEST_STEP][PASSED] - myType = element.getAttribute("type"): null

27-02-2025T17:41:21 - [TEST_STEP][PASSED] - if (myValue in varParms[i]): null

27-02-2025T17:41:21 - [TEST_STEP][PASSED] - else: null

27-02-2025T17:41:21 - [TEST_STEP][PASSED] - inList = false: null

27-02-2025T17:41:21 - [TEST_STEP][PASSED] - if (myType == "checkbox"): null

27-02-2025T17:41:21 - [TEST_STEP][PASSED] - myStatus = element.isSelected(): null

27-02-2025T17:41:21 - [TEST_STEP][PASSED] - if (debug): null

27-02-2025T17:41:21 - [TEST_STEP][PASSED] - if (toggle && myStatus && inList): null

27-02-2025T17:41:21 - [TEST_STEP][PASSED] - if (!(myStatus) && inList || myStatus && !(inList)): null

27-02-2025T17:41:21 - [TEST_STEP][PASSED] - myValue = element.getAttribute("value"): null

27-02-2025T17:41:21 - [TEST_STEP][PASSED] - if (debug): null

27-02-2025T17:41:21 - [TEST_STEP][PASSED] - if (myValue.length() >= 4): null

27-02-2025T17:41:21 - [TEST_STEP][PASSED] - if (myValue.substring(0, 4) == "(!) "): null

27-02-2025T17:41:21 - [TEST_STEP][PASSED] - myType = element.getAttribute("type"): null

27-02-2025T17:41:21 - [TEST_STEP][PASSED] - if (myValue in varParms[i]): null

27-02-2025T17:41:21 - [TEST_STEP][PASSED] - else: null

27-02-2025T17:41:21 - [TEST_STEP][PASSED] - inList = false: null

27-02-2025T17:41:21 - [TEST_STEP][PASSED] - if (myType == "checkbox"): null

27-02-2025T17:41:21 - [TEST_STEP][PASSED] - myStatus = element.isSelected(): null

27-02-2025T17:41:21 - [TEST_STEP][PASSED] - if (debug): null

27-02-2025T17:41:21 - [TEST_STEP][PASSED] - if (toggle && myStatus && inList): null

27-02-2025T17:41:21 - [TEST_STEP][PASSED] - if (!(myStatus) && inList || myStatus && !(inList)): null

27-02-2025T17:41:21 - [TEST_STEP][PASSED] - myValue = element.getAttribute("value"): null

27-02-2025T17:41:21 - [TEST_STEP][PASSED] - if (debug): null

27-02-2025T17:41:21 - [TEST_STEP][PASSED] - if (myValue.length() >= 4): null

27-02-2025T17:41:21 - [TEST_STEP][PASSED] - if (myValue.substring(0, 4) == "(!) "): null

27-02-2025T17:41:21 - [TEST_STEP][PASSED] - myType = element.getAttribute("type"): null

27-02-2025T17:41:21 - [TEST_STEP][PASSED] - if (myValue in varParms[i]): null

27-02-2025T17:41:21 - [TEST_STEP][PASSED] - else: null

27-02-2025T17:41:21 - [TEST_STEP][PASSED] - inList = false: null

27-02-2025T17:41:21 - [TEST_STEP][PASSED] - if (myType == "checkbox"): null

27-02-2025T17:41:21 - [TEST_STEP][PASSED] - myStatus = element.isSelected(): null

27-02-2025T17:41:21 - [TEST_STEP][PASSED] - if (debug): null

27-02-2025T17:41:21 - [TEST_STEP][PASSED] - if (toggle && myStatus && inList): null

27-02-2025T17:41:21 - [TEST_STEP][PASSED] - if (!(myStatus) && inList || myStatus && !(inList)): null

27-02-2025T17:41:21 - [TEST_STEP][PASSED] - myValue = element.getAttribute("value"): null

27-02-2025T17:41:21 - [TEST_STEP][PASSED] - if (debug): null

27-02-2025T17:41:21 - [TEST_STEP][PASSED] - if (myValue.length() >= 4): null

27-02-2025T17:41:21 - [TEST_STEP][PASSED] - if (myValue.substring(0, 4) == "(!) "): null

27-02-2025T17:41:21 - [TEST_STEP][PASSED] - myType = element.getAttribute("type"): null

27-02-2025T17:41:21 - [TEST_STEP][PASSED] - if (myValue in varParms[i]): null

27-02-2025T17:41:21 - [TEST_STEP][PASSED] - else: null

27-02-2025T17:41:21 - [TEST_STEP][PASSED] - inList = false: null

27-02-2025T17:41:21 - [TEST_STEP][PASSED] - if (myType == "checkbox"): null

27-02-2025T17:41:21 - [TEST_STEP][PASSED] - myStatus = element.isSelected(): null

27-02-2025T17:41:21 - [TEST_STEP][PASSED] - if (debug): null

27-02-2025T17:41:21 - [TEST_STEP][PASSED] - if (toggle && myStatus && inList): null

27-02-2025T17:41:21 - [TEST_STEP][PASSED] - if (!(myStatus) && inList || myStatus && !(inList)): null

27-02-2025T17:41:21 - [TEST_STEP][PASSED] - myValue = element.getAttribute("value"): null

27-02-2025T17:41:21 - [TEST_STEP][PASSED] - if (debug): null

27-02-2025T17:41:21 - [TEST_STEP][PASSED] - if (myValue.length() >= 4): null

27-02-2025T17:41:21 - [TEST_STEP][PASSED] - if (myValue.substring(0, 4) == "(!) "): null

27-02-2025T17:41:21 - [TEST_STEP][PASSED] - myType = element.getAttribute("type"): null

27-02-2025T17:41:21 - [TEST_STEP][PASSED] - if (myValue in varParms[i]): null

27-02-2025T17:41:21 - [TEST_STEP][PASSED] - else: null

27-02-2025T17:41:21 - [TEST_STEP][PASSED] - inList = false: null

27-02-2025T17:41:21 - [TEST_STEP][PASSED] - if (myType == "checkbox"): null

27-02-2025T17:41:21 - [TEST_STEP][PASSED] - myStatus = element.isSelected(): null

27-02-2025T17:41:21 - [TEST_STEP][PASSED] - if (debug): null

27-02-2025T17:41:21 - [TEST_STEP][PASSED] - if (toggle && myStatus && inList): null

27-02-2025T17:41:21 - [TEST_STEP][PASSED] - if (!(myStatus) && inList || myStatus && !(inList)): null

27-02-2025T17:41:21 - [TEST_STEP][PASSED] - myValue = element.getAttribute("value"): null

27-02-2025T17:41:21 - [TEST_STEP][PASSED] - if (debug): null

27-02-2025T17:41:21 - [TEST_STEP][PASSED] - if (myValue.length() >= 4): null

27-02-2025T17:41:21 - [TEST_STEP][PASSED] - if (myValue.substring(0, 4) == "(!) "): null

27-02-2025T17:41:21 - [TEST_STEP][PASSED] - myType = element.getAttribute("type"): null

27-02-2025T17:41:21 - [TEST_STEP][PASSED] - if (myValue in varParms[i]): null

27-02-2025T17:41:21 - [TEST_STEP][PASSED] - else: null

27-02-2025T17:41:21 - [TEST_STEP][PASSED] - inList = false: null

27-02-2025T17:41:21 - [TEST_STEP][PASSED] - if (myType == "checkbox"): null

27-02-2025T17:41:21 - [TEST_STEP][PASSED] - myStatus = element.isSelected(): null

27-02-2025T17:41:21 - [TEST_STEP][PASSED] - if (debug): null

27-02-2025T17:41:21 - [TEST_STEP][PASSED] - if (toggle && myStatus && inList): null

27-02-2025T17:41:21 - [TEST_STEP][PASSED] - if (!(myStatus) && inList || myStatus && !(inList)): null

27-02-2025T17:41:21 - [TEST_STEP][PASSED] - myValue = element.getAttribute("value"): null

27-02-2025T17:41:21 - [TEST_STEP][PASSED] - if (debug): null

27-02-2025T17:41:21 - [TEST_STEP][PASSED] - if (myValue.length() >= 4): null

27-02-2025T17:41:21 - [TEST_STEP][PASSED] - if (myValue.substring(0, 4) == "(!) "): null

27-02-2025T17:41:21 - [TEST_STEP][PASSED] - myType = element.getAttribute("type"): null

27-02-2025T17:41:21 - [TEST_STEP][PASSED] - if (myValue in varParms[i]): null

27-02-2025T17:41:21 - [TEST_STEP][PASSED] - else: null

27-02-2025T17:41:21 - [TEST_STEP][PASSED] - inList = false: null

27-02-2025T17:41:21 - [TEST_STEP][PASSED] - if (myType == "checkbox"): null

27-02-2025T17:41:21 - [TEST_STEP][PASSED] - myStatus = element.isSelected(): null

27-02-2025T17:41:21 - [TEST_STEP][PASSED] - if (debug): null

27-02-2025T17:41:21 - [TEST_STEP][PASSED] - if (toggle && myStatus && inList): null

27-02-2025T17:41:21 - [TEST_STEP][PASSED] - if (!(myStatus) && inList || myStatus && !(inList)): null

27-02-2025T17:41:21 - [TEST_STEP][PASSED] - myValue = element.getAttribute("value"): null

27-02-2025T17:41:21 - [TEST_STEP][PASSED] - if (debug): null

27-02-2025T17:41:21 - [TEST_STEP][PASSED] - if (myValue.length() >= 4): null

27-02-2025T17:41:21 - [TEST_STEP][PASSED] - if (myValue.substring(0, 4) == "(!) "): null

27-02-2025T17:41:21 - [TEST_STEP][PASSED] - myType = element.getAttribute("type"): null

27-02-2025T17:41:21 - [TEST_STEP][PASSED] - if (myValue in varParms[i]): null

27-02-2025T17:41:21 - [TEST_STEP][PASSED] - else: null

27-02-2025T17:41:21 - [TEST_STEP][PASSED] - inList = false: null

27-02-2025T17:41:21 - [TEST_STEP][PASSED] - if (myType == "checkbox"): null

27-02-2025T17:41:21 - [TEST_STEP][PASSED] - myStatus = element.isSelected(): null

27-02-2025T17:41:21 - [TEST_STEP][PASSED] - if (debug): null

27-02-2025T17:41:21 - [TEST_STEP][PASSED] - if (toggle && myStatus && inList): null

27-02-2025T17:41:21 - [TEST_STEP][PASSED] - if (!(myStatus) && inList || myStatus && !(inList)): null

27-02-2025T17:41:21 - [TEST_STEP][PASSED] - myValue = element.getAttribute("value"): null

27-02-2025T17:41:21 - [TEST_STEP][PASSED] - if (debug): null

27-02-2025T17:41:21 - [TEST_STEP][PASSED] - if (myValue.length() >= 4): null

27-02-2025T17:41:21 - [TEST_STEP][PASSED] - if (myValue.substring(0, 4) == "(!) "): null

27-02-2025T17:41:21 - [TEST_STEP][PASSED] - myType = element.getAttribute("type"): null

27-02-2025T17:41:21 - [TEST_STEP][PASSED] - if (myValue in varParms[i]): null

27-02-2025T17:41:21 - [TEST_STEP][PASSED] - inList = true: null

27-02-2025T17:41:21 - [TEST_STEP][PASSED] - if (myType == "checkbox"): null

27-02-2025T17:41:21 - [TEST_STEP][PASSED] - myStatus = element.isSelected(): null

27-02-2025T17:41:21 - [TEST_STEP][PASSED] - if (debug): null

27-02-2025T17:41:21 - [TEST_STEP][PASSED] - if (toggle && myStatus && inList): null

27-02-2025T17:41:21 - [TEST_STEP][PASSED] - if (!(myStatus) && inList || myStatus && !(inList)): null

27-02-2025T17:41:21 - [TEST_STEP][PASSED] - if (debug): null

27-02-2025T17:41:21 - [TEST_STEP][PASSED] - println("Clicking " + myValue): null

27-02-2025T17:41:21 - [TEST_STEP][PASSED] - click(element): null

27-02-2025T17:41:21 - [TEST_STEP][PASSED] - scrollToObject(elem): null

27-02-2025T17:41:21 - [TEST_STEP][PASSED] - loc = element.getLocation(): null

27-02-2025T17:41:21 - [TEST_STEP][PASSED] - if (debug): null

27-02-2025T17:41:21 - [TEST_STEP][PASSED] - y = loc.getY(): null

27-02-2025T17:41:21 - [TEST_STEP][PASSED] - println("Y location is " + y): null

27-02-2025T17:41:21 - [TEST_STEP][PASSED] - top = getViewportTopPosition(): Current viewport's top (y) position is 305

27-02-2025T17:41:21 - [MESSAGE][PASSED] - Current viewport's top (y) position is 305

27-02-2025T17:41:21 - [TEST_STEP][PASSED] - println("Viewport top is " + top): null

27-02-2025T17:41:21 - [TEST_STEP][PASSED] - bottom = top + 600: null

27-02-2025T17:41:21 - [TEST_STEP][PASSED] - if (y - top < 150 || bottom - y < 10): null

27-02-2025T17:41:21 - [TEST_STEP][PASSED] - elem.click(): null

27-02-2025T17:41:21 - [TEST_STEP][PASSED] - myValue = element.getAttribute("value"): null

27-02-2025T17:41:21 - [TEST_STEP][PASSED] - if (debug): null

27-02-2025T17:41:21 - [TEST_STEP][PASSED] - if (myValue.length() >= 4): null

27-02-2025T17:41:21 - [TEST_STEP][PASSED] - if (myValue.substring(0, 4) == "(!) "): null

27-02-2025T17:41:21 - [TEST_STEP][PASSED] - myType = element.getAttribute("type"): null

27-02-2025T17:41:21 - [TEST_STEP][PASSED] - if (myValue in varParms[i]): null

27-02-2025T17:41:21 - [TEST_STEP][PASSED] - inList = true: null

27-02-2025T17:41:21 - [TEST_STEP][PASSED] - if (myType == "checkbox"): null

27-02-2025T17:41:21 - [TEST_STEP][PASSED] - myStatus = element.isSelected(): null

27-02-2025T17:41:21 - [TEST_STEP][PASSED] - if (debug): null

27-02-2025T17:41:21 - [TEST_STEP][PASSED] - if (toggle && myStatus && inList): null

27-02-2025T17:41:21 - [TEST_STEP][PASSED] - if (!(myStatus) && inList || myStatus && !(inList)): null

27-02-2025T17:41:21 - [TEST_STEP][PASSED] - if (debug): null

27-02-2025T17:41:21 - [TEST_STEP][PASSED] - println("Clicking " + myValue): null

27-02-2025T17:41:21 - [TEST_STEP][PASSED] - click(element): null

27-02-2025T17:41:21 - [TEST_STEP][PASSED] - scrollToObject(elem): null

27-02-2025T17:41:21 - [TEST_STEP][PASSED] - loc = element.getLocation(): null

27-02-2025T17:41:21 - [TEST_STEP][PASSED] - if (debug): null

27-02-2025T17:41:21 - [TEST_STEP][PASSED] - y = loc.getY(): null

27-02-2025T17:41:21 - [TEST_STEP][PASSED] - println("Y location is " + y): null

27-02-2025T17:41:21 - [TEST_STEP][PASSED] - top = getViewportTopPosition(): Current viewport's top (y) position is 305

27-02-2025T17:41:21 - [MESSAGE][PASSED] - Current viewport's top (y) position is 305

27-02-2025T17:41:21 - [TEST_STEP][PASSED] - println("Viewport top is " + top): null

27-02-2025T17:41:21 - [TEST_STEP][PASSED] - bottom = top + 600: null

27-02-2025T17:41:21 - [TEST_STEP][PASSED] - if (y - top < 150 || bottom - y < 10): null

27-02-2025T17:41:21 - [TEST_STEP][PASSED] - elem.click(): null

27-02-2025T17:41:21 - [TEST_STEP][PASSED] - myValue = element.getAttribute("value"): null

27-02-2025T17:41:21 - [TEST_STEP][PASSED] - if (debug): null

27-02-2025T17:41:21 - [TEST_STEP][PASSED] - if (myValue.length() >= 4): null

27-02-2025T17:41:21 - [TEST_STEP][PASSED] - if (myValue.substring(0, 4) == "(!) "): null

27-02-2025T17:41:21 - [TEST_STEP][PASSED] - myType = element.getAttribute("type"): null

27-02-2025T17:41:21 - [TEST_STEP][PASSED] - if (myValue in varParms[i]): null

27-02-2025T17:41:21 - [TEST_STEP][PASSED] - else: null

27-02-2025T17:41:21 - [TEST_STEP][PASSED] - inList = false: null

27-02-2025T17:41:21 - [TEST_STEP][PASSED] - if (myType == "checkbox"): null

27-02-2025T17:41:21 - [TEST_STEP][PASSED] - myStatus = element.isSelected(): null

27-02-2025T17:41:21 - [TEST_STEP][PASSED] - if (debug): null

27-02-2025T17:41:21 - [TEST_STEP][PASSED] - if (toggle && myStatus && inList): null

27-02-2025T17:41:21 - [TEST_STEP][PASSED] - if (!(myStatus) && inList || myStatus && !(inList)): null

27-02-2025T17:41:21 - [TEST_STEP][PASSED] - myValue = element.getAttribute("value"): null

27-02-2025T17:41:21 - [TEST_STEP][PASSED] - if (debug): null

27-02-2025T17:41:21 - [TEST_STEP][PASSED] - if (myValue.length() >= 4): null

27-02-2025T17:41:21 - [TEST_STEP][PASSED] - if (myValue.substring(0, 4) == "(!) "): null

27-02-2025T17:41:21 - [TEST_STEP][PASSED] - myType = element.getAttribute("type"): null

27-02-2025T17:41:21 - [TEST_STEP][PASSED] - if (myValue in varParms[i]): null

27-02-2025T17:41:21 - [TEST_STEP][PASSED] - else: null

27-02-2025T17:41:21 - [TEST_STEP][PASSED] - inList = false: null

27-02-2025T17:41:21 - [TEST_STEP][PASSED] - if (myType == "checkbox"): null

27-02-2025T17:41:21 - [TEST_STEP][PASSED] - myStatus = element.isSelected(): null

27-02-2025T17:41:21 - [TEST_STEP][PASSED] - if (debug): null

27-02-2025T17:41:21 - [TEST_STEP][PASSED] - if (toggle && myStatus && inList): null

27-02-2025T17:41:21 - [TEST_STEP][PASSED] - if (!(myStatus) && inList || myStatus && !(inList)): null

27-02-2025T17:41:21 - [TEST_STEP][PASSED] - myValue = element.getAttribute("value"): null

27-02-2025T17:41:21 - [TEST_STEP][PASSED] - if (debug): null

27-02-2025T17:41:21 - [TEST_STEP][PASSED] - if (myValue.length() >= 4): null

27-02-2025T17:41:21 - [TEST_STEP][PASSED] - if (myValue.substring(0, 4) == "(!) "): null

27-02-2025T17:41:21 - [TEST_STEP][PASSED] - myType = element.getAttribute("type"): null

27-02-2025T17:41:21 - [TEST_STEP][PASSED] - if (myValue in varParms[i]): null

27-02-2025T17:41:21 - [TEST_STEP][PASSED] - else: null

27-02-2025T17:41:21 - [TEST_STEP][PASSED] - inList = false: null

27-02-2025T17:41:21 - [TEST_STEP][PASSED] - if (myType == "checkbox"): null

27-02-2025T17:41:21 - [TEST_STEP][PASSED] - myStatus = element.isSelected(): null

27-02-2025T17:41:21 - [TEST_STEP][PASSED] - if (debug): null

27-02-2025T17:41:21 - [TEST_STEP][PASSED] - if (toggle && myStatus && inList): null

27-02-2025T17:41:21 - [TEST_STEP][PASSED] - if (!(myStatus) && inList || myStatus && !(inList)): null

27-02-2025T17:41:21 - [TEST_STEP][PASSED] - myValue = element.getAttribute("value"): null

27-02-2025T17:41:21 - [TEST_STEP][PASSED] - if (debug): null

27-02-2025T17:41:21 - [TEST_STEP][PASSED] - if (myValue.length() >= 4): null

27-02-2025T17:41:21 - [TEST_STEP][PASSED] - if (myValue.substring(0, 4) == "(!) "): null

27-02-2025T17:41:21 - [TEST_STEP][PASSED] - myType = element.getAttribute("type"): null

27-02-2025T17:41:21 - [TEST_STEP][PASSED] - if (myValue in varParms[i]): null

27-02-2025T17:41:21 - [TEST_STEP][PASSED] - else: null

27-02-2025T17:41:21 - [TEST_STEP][PASSED] - inList = false: null

27-02-2025T17:41:21 - [TEST_STEP][PASSED] - if (myType == "checkbox"): null

27-02-2025T17:41:21 - [TEST_STEP][PASSED] - myStatus = element.isSelected(): null

27-02-2025T17:41:21 - [TEST_STEP][PASSED] - if (debug): null

27-02-2025T17:41:21 - [TEST_STEP][PASSED] - if (toggle && myStatus && inList): null

27-02-2025T17:41:21 - [TEST_STEP][PASSED] - if (!(myStatus) && inList || myStatus && !(inList)): null

27-02-2025T17:41:21 - [TEST_STEP][PASSED] - myValue = element.getAttribute("value"): null

27-02-2025T17:41:21 - [TEST_STEP][PASSED] - if (debug): null

27-02-2025T17:41:21 - [TEST_STEP][PASSED] - if (myValue.length() >= 4): null

27-02-2025T17:41:21 - [TEST_STEP][PASSED] - if (myValue.substring(0, 4) == "(!) "): null

27-02-2025T17:41:21 - [TEST_STEP][PASSED] - myType = element.getAttribute("type"): null

27-02-2025T17:41:21 - [TEST_STEP][PASSED] - if (myValue in varParms[i]): null

27-02-2025T17:41:21 - [TEST_STEP][PASSED] - else: null

27-02-2025T17:41:21 - [TEST_STEP][PASSED] - inList = false: null

27-02-2025T17:41:21 - [TEST_STEP][PASSED] - if (myType == "checkbox"): null

27-02-2025T17:41:21 - [TEST_STEP][PASSED] - myStatus = element.isSelected(): null

27-02-2025T17:41:21 - [TEST_STEP][PASSED] - if (debug): null

27-02-2025T17:41:21 - [TEST_STEP][PASSED] - if (toggle && myStatus && inList): null

27-02-2025T17:41:21 - [TEST_STEP][PASSED] - if (!(myStatus) && inList || myStatus && !(inList)): null

27-02-2025T17:41:21 - [TEST_STEP][PASSED] - myValue = element.getAttribute("value"): null

27-02-2025T17:41:21 - [TEST_STEP][PASSED] - if (debug): null

27-02-2025T17:41:21 - [TEST_STEP][PASSED] - if (myValue.length() >= 4): null

27-02-2025T17:41:21 - [TEST_STEP][PASSED] - if (myValue.substring(0, 4) == "(!) "): null

27-02-2025T17:41:21 - [TEST_STEP][PASSED] - myType = element.getAttribute("type"): null

27-02-2025T17:41:21 - [TEST_STEP][PASSED] - if (myValue in varParms[i]): null

27-02-2025T17:41:21 - [TEST_STEP][PASSED] - else: null

27-02-2025T17:41:21 - [TEST_STEP][PASSED] - inList = false: null

27-02-2025T17:41:21 - [TEST_STEP][PASSED] - if (myType == "checkbox"): null

27-02-2025T17:41:21 - [TEST_STEP][PASSED] - myStatus = element.isSelected(): null

27-02-2025T17:41:21 - [TEST_STEP][PASSED] - if (debug): null

27-02-2025T17:41:21 - [TEST_STEP][PASSED] - if (toggle && myStatus && inList): null

27-02-2025T17:41:21 - [TEST_STEP][PASSED] - if (!(myStatus) && inList || myStatus && !(inList)): null

27-02-2025T17:41:21 - [TEST_STEP][PASSED] - myValue = element.getAttribute("value"): null

27-02-2025T17:41:21 - [TEST_STEP][PASSED] - if (debug): null

27-02-2025T17:41:21 - [TEST_STEP][PASSED] - if (myValue.length() >= 4): null

27-02-2025T17:41:21 - [TEST_STEP][PASSED] - if (myValue.substring(0, 4) == "(!) "): null

27-02-2025T17:41:21 - [TEST_STEP][PASSED] - myType = element.getAttribute("type"): null

27-02-2025T17:41:21 - [TEST_STEP][PASSED] - if (myValue in varParms[i]): null

27-02-2025T17:41:21 - [TEST_STEP][PASSED] - else: null

27-02-2025T17:41:21 - [TEST_STEP][PASSED] - inList = false: null

27-02-2025T17:41:21 - [TEST_STEP][PASSED] - if (myType == "checkbox"): null

27-02-2025T17:41:21 - [TEST_STEP][PASSED] - myStatus = element.isSelected(): null

27-02-2025T17:41:21 - [TEST_STEP][PASSED] - if (debug): null

27-02-2025T17:41:21 - [TEST_STEP][PASSED] - if (toggle && myStatus && inList): null

27-02-2025T17:41:21 - [TEST_STEP][PASSED] - if (!(myStatus) && inList || myStatus && !(inList)): null

27-02-2025T17:41:21 - [TEST_STEP][PASSED] - myValue = element.getAttribute("value"): null

27-02-2025T17:41:21 - [TEST_STEP][PASSED] - if (debug): null

27-02-2025T17:41:21 - [TEST_STEP][PASSED] - if (myValue.length() >= 4): null

27-02-2025T17:41:21 - [TEST_STEP][PASSED] - if (myValue.substring(0, 4) == "(!) "): null

27-02-2025T17:41:21 - [TEST_STEP][PASSED] - myType = element.getAttribute("type"): null

27-02-2025T17:41:21 - [TEST_STEP][PASSED] - if (myValue in varParms[i]): null

27-02-2025T17:41:21 - [TEST_STEP][PASSED] - else: null

27-02-2025T17:41:21 - [TEST_STEP][PASSED] - inList = false: null

27-02-2025T17:41:21 - [TEST_STEP][PASSED] - if (myType == "checkbox"): null

27-02-2025T17:41:21 - [TEST_STEP][PASSED] - myStatus = element.isSelected(): null

27-02-2025T17:41:21 - [TEST_STEP][PASSED] - if (debug): null

27-02-2025T17:41:21 - [TEST_STEP][PASSED] - if (toggle && myStatus && inList): null

27-02-2025T17:41:21 - [TEST_STEP][PASSED] - if (!(myStatus) && inList || myStatus && !(inList)): null

27-02-2025T17:41:21 - [TEST_STEP][PASSED] - myValue = element.getAttribute("value"): null

27-02-2025T17:41:21 - [TEST_STEP][PASSED] - if (debug): null

27-02-2025T17:41:21 - [TEST_STEP][PASSED] - if (myValue.length() >= 4): null

27-02-2025T17:41:21 - [TEST_STEP][PASSED] - if (myValue.substring(0, 4) == "(!) "): null

27-02-2025T17:41:21 - [TEST_STEP][PASSED] - myType = element.getAttribute("type"): null

27-02-2025T17:41:21 - [TEST_STEP][PASSED] - if (myValue in varParms[i]): null

27-02-2025T17:41:21 - [TEST_STEP][PASSED] - else: null

27-02-2025T17:41:21 - [TEST_STEP][PASSED] - inList = false: null

27-02-2025T17:41:21 - [TEST_STEP][PASSED] - if (myType == "checkbox"): null

27-02-2025T17:41:21 - [TEST_STEP][PASSED] - myStatus = element.isSelected(): null

27-02-2025T17:41:21 - [TEST_STEP][PASSED] - if (debug): null

27-02-2025T17:41:21 - [TEST_STEP][PASSED] - if (toggle && myStatus && inList): null

27-02-2025T17:41:21 - [TEST_STEP][PASSED] - if (!(myStatus) && inList || myStatus && !(inList)): null

27-02-2025T17:41:21 - [TEST_STEP][PASSED] - myValue = element.getAttribute("value"): null

27-02-2025T17:41:21 - [TEST_STEP][PASSED] - if (debug): null

27-02-2025T17:41:21 - [TEST_STEP][PASSED] - if (myValue.length() >= 4): null

27-02-2025T17:41:21 - [TEST_STEP][PASSED] - if (myValue.substring(0, 4) == "(!) "): null

27-02-2025T17:41:21 - [TEST_STEP][PASSED] - myType = element.getAttribute("type"): null

27-02-2025T17:41:21 - [TEST_STEP][PASSED] - if (myValue in varParms[i]): null

27-02-2025T17:41:21 - [TEST_STEP][PASSED] - else: null

27-02-2025T17:41:21 - [TEST_STEP][PASSED] - inList = false: null

27-02-2025T17:41:21 - [TEST_STEP][PASSED] - if (myType == "checkbox"): null

27-02-2025T17:41:21 - [TEST_STEP][PASSED] - myStatus = element.isSelected(): null

27-02-2025T17:41:21 - [TEST_STEP][PASSED] - if (debug): null

27-02-2025T17:41:21 - [TEST_STEP][PASSED] - if (toggle && myStatus && inList): null

27-02-2025T17:41:21 - [TEST_STEP][PASSED] - if (!(myStatus) && inList || myStatus && !(inList)): null

27-02-2025T17:41:21 - [TEST_STEP][PASSED] - myValue = element.getAttribute("value"): null

27-02-2025T17:41:21 - [TEST_STEP][PASSED] - if (debug): null

27-02-2025T17:41:21 - [TEST_STEP][PASSED] - if (myValue.length() >= 4): null

27-02-2025T17:41:21 - [TEST_STEP][PASSED] - if (myValue.substring(0, 4) == "(!) "): null

27-02-2025T17:41:21 - [TEST_STEP][PASSED] - myType = element.getAttribute("type"): null

27-02-2025T17:41:21 - [TEST_STEP][PASSED] - if (myValue in varParms[i]): null

27-02-2025T17:41:21 - [TEST_STEP][PASSED] - else: null

27-02-2025T17:41:21 - [TEST_STEP][PASSED] - inList = false: null

27-02-2025T17:41:21 - [TEST_STEP][PASSED] - if (myType == "checkbox"): null

27-02-2025T17:41:21 - [TEST_STEP][PASSED] - myStatus = element.isSelected(): null

27-02-2025T17:41:21 - [TEST_STEP][PASSED] - if (debug): null

27-02-2025T17:41:21 - [TEST_STEP][PASSED] - if (toggle && myStatus && inList): null

27-02-2025T17:41:21 - [TEST_STEP][PASSED] - if (!(myStatus) && inList || myStatus && !(inList)): null

27-02-2025T17:41:21 - [TEST_STEP][PASSED] - myValue = element.getAttribute("value"): null

27-02-2025T17:41:21 - [TEST_STEP][PASSED] - if (debug): null

27-02-2025T17:41:21 - [TEST_STEP][PASSED] - if (myValue.length() >= 4): null

27-02-2025T17:41:21 - [TEST_STEP][PASSED] - if (myValue.substring(0, 4) == "(!) "): null

27-02-2025T17:41:21 - [TEST_STEP][PASSED] - myType = element.getAttribute("type"): null

27-02-2025T17:41:21 - [TEST_STEP][PASSED] - if (myValue in varParms[i]): null

27-02-2025T17:41:21 - [TEST_STEP][PASSED] - inList = true: null

27-02-2025T17:41:21 - [TEST_STEP][PASSED] - if (myType == "checkbox"): null

27-02-2025T17:41:21 - [TEST_STEP][PASSED] - myStatus = element.isSelected(): null

27-02-2025T17:41:21 - [TEST_STEP][PASSED] - if (debug): null

27-02-2025T17:41:21 - [TEST_STEP][PASSED] - if (toggle && myStatus && inList): null

27-02-2025T17:41:21 - [TEST_STEP][PASSED] - if (!(myStatus) && inList || myStatus && !(inList)): null

27-02-2025T17:41:21 - [TEST_STEP][PASSED] - if (debug): null

27-02-2025T17:41:21 - [TEST_STEP][PASSED] - println("Clicking " + myValue): null

27-02-2025T17:41:21 - [TEST_STEP][PASSED] - click(element): null

27-02-2025T17:41:21 - [TEST_STEP][PASSED] - scrollToObject(elem): null

27-02-2025T17:41:21 - [TEST_STEP][PASSED] - loc = element.getLocation(): null

27-02-2025T17:41:21 - [TEST_STEP][PASSED] - if (debug): null

27-02-2025T17:41:21 - [TEST_STEP][PASSED] - y = loc.getY(): null

27-02-2025T17:41:21 - [TEST_STEP][PASSED] - println("Y location is " + y): null

27-02-2025T17:41:21 - [TEST_STEP][PASSED] - top = getViewportTopPosition(): Current viewport's top (y) position is 305

27-02-2025T17:41:21 - [MESSAGE][PASSED] - Current viewport's top (y) position is 305

27-02-2025T17:41:21 - [TEST_STEP][PASSED] - println("Viewport top is " + top): null

27-02-2025T17:41:21 - [TEST_STEP][PASSED] - bottom = top + 600: null

27-02-2025T17:41:21 - [TEST_STEP][PASSED] - if (y - top < 150 || bottom - y < 10): Delayed 1 second(s)

27-02-2025T17:41:21 - [TEST_STEP][PASSED] - scrollToPosition(0, y - 150): Browser is scrolled to position x = 0, y = 889

27-02-2025T17:41:21 - [MESSAGE][PASSED] - Browser is scrolled to position x = 0, y = 889

27-02-2025T17:41:21 - [TEST_STEP][PASSED] - delay(1): Delayed 1 second(s)

27-02-2025T17:41:22 - [MESSAGE][PASSED] - Delayed 1 second(s)

27-02-2025T17:41:22 - [TEST_STEP][PASSED] - elem.click(): null

27-02-2025T17:41:22 - [TEST_STEP][PASSED] - myValue = element.getAttribute("value"): null

27-02-2025T17:41:22 - [TEST_STEP][PASSED] - if (debug): null

27-02-2025T17:41:22 - [TEST_STEP][PASSED] - if (myValue.length() >= 4): null

27-02-2025T17:41:22 - [TEST_STEP][PASSED] - if (myValue.substring(0, 4) == "(!) "): null

27-02-2025T17:41:22 - [TEST_STEP][PASSED] - myType = element.getAttribute("type"): null

27-02-2025T17:41:22 - [TEST_STEP][PASSED] - if (myValue in varParms[i]): null

27-02-2025T17:41:22 - [TEST_STEP][PASSED] - else: null

27-02-2025T17:41:22 - [TEST_STEP][PASSED] - inList = false: null

27-02-2025T17:41:22 - [TEST_STEP][PASSED] - if (myType == "checkbox"): null

27-02-2025T17:41:22 - [TEST_STEP][PASSED] - myStatus = element.isSelected(): null

27-02-2025T17:41:22 - [TEST_STEP][PASSED] - if (debug): null

27-02-2025T17:41:22 - [TEST_STEP][PASSED] - if (toggle && myStatus && inList): null

27-02-2025T17:41:22 - [TEST_STEP][PASSED] - if (!(myStatus) && inList || myStatus && !(inList)): null

27-02-2025T17:41:22 - [TEST_STEP][PASSED] - myValue = element.getAttribute("value"): null

27-02-2025T17:41:22 - [TEST_STEP][PASSED] - if (debug): null

27-02-2025T17:41:22 - [TEST_STEP][PASSED] - if (myValue.length() >= 4): null

27-02-2025T17:41:22 - [TEST_STEP][PASSED] - if (myValue.substring(0, 4) == "(!) "): null

27-02-2025T17:41:22 - [TEST_STEP][PASSED] - myType = element.getAttribute("type"): null

27-02-2025T17:41:22 - [TEST_STEP][PASSED] - if (myValue in varParms[i]): null

27-02-2025T17:41:22 - [TEST_STEP][PASSED] - inList = true: null

27-02-2025T17:41:22 - [TEST_STEP][PASSED] - if (myType == "checkbox"): null

27-02-2025T17:41:22 - [TEST_STEP][PASSED] - myStatus = element.isSelected(): null

27-02-2025T17:41:22 - [TEST_STEP][PASSED] - if (debug): null

27-02-2025T17:41:22 - [TEST_STEP][PASSED] - if (toggle && myStatus && inList): null

27-02-2025T17:41:22 - [TEST_STEP][PASSED] - if (!(myStatus) && inList || myStatus && !(inList)): null

27-02-2025T17:41:22 - [TEST_STEP][PASSED] - if (debug): null

27-02-2025T17:41:22 - [TEST_STEP][PASSED] - println("Clicking " + myValue): null

27-02-2025T17:41:22 - [TEST_STEP][PASSED] - click(element): null

27-02-2025T17:41:22 - [TEST_STEP][PASSED] - scrollToObject(elem): null

27-02-2025T17:41:22 - [TEST_STEP][PASSED] - loc = element.getLocation(): null

27-02-2025T17:41:22 - [TEST_STEP][PASSED] - if (debug): null

27-02-2025T17:41:22 - [TEST_STEP][PASSED] - y = loc.getY(): null

27-02-2025T17:41:22 - [TEST_STEP][PASSED] - println("Y location is " + y): null

27-02-2025T17:41:22 - [TEST_STEP][PASSED] - top = getViewportTopPosition(): Current viewport's top (y) position is 889

27-02-2025T17:41:22 - [MESSAGE][PASSED] - Current viewport's top (y) position is 889

27-02-2025T17:41:22 - [TEST_STEP][PASSED] - println("Viewport top is " + top): null

27-02-2025T17:41:22 - [TEST_STEP][PASSED] - bottom = top + 600: null

27-02-2025T17:41:22 - [TEST_STEP][PASSED] - if (y - top < 150 || bottom - y < 10): Delayed 1 second(s)

27-02-2025T17:41:22 - [TEST_STEP][PASSED] - scrollToPosition(0, y - 150): Browser is scrolled to position x = 0, y = 858

27-02-2025T17:41:22 - [MESSAGE][PASSED] - Browser is scrolled to position x = 0, y = 858

27-02-2025T17:41:22 - [TEST_STEP][PASSED] - delay(1): Delayed 1 second(s)

27-02-2025T17:41:23 - [MESSAGE][PASSED] - Delayed 1 second(s)

27-02-2025T17:41:23 - [TEST_STEP][PASSED] - elem.click(): null

27-02-2025T17:41:23 - [TEST_STEP][PASSED] - myValue = element.getAttribute("value"): null

27-02-2025T17:41:23 - [TEST_STEP][PASSED] - if (debug): null

27-02-2025T17:41:23 - [TEST_STEP][PASSED] - if (myValue.length() >= 4): null

27-02-2025T17:41:23 - [TEST_STEP][PASSED] - if (myValue.substring(0, 4) == "(!) "): null

27-02-2025T17:41:23 - [TEST_STEP][PASSED] - myType = element.getAttribute("type"): null

27-02-2025T17:41:23 - [TEST_STEP][PASSED] - if (myValue in varParms[i]): null

27-02-2025T17:41:23 - [TEST_STEP][PASSED] - inList = true: null

27-02-2025T17:41:23 - [TEST_STEP][PASSED] - if (myType == "checkbox"): null

27-02-2025T17:41:23 - [TEST_STEP][PASSED] - myStatus = element.isSelected(): null

27-02-2025T17:41:23 - [TEST_STEP][PASSED] - if (debug): null

27-02-2025T17:41:23 - [TEST_STEP][PASSED] - if (toggle && myStatus && inList): null

27-02-2025T17:41:23 - [TEST_STEP][PASSED] - if (!(myStatus) && inList || myStatus && !(inList)): null

27-02-2025T17:41:23 - [TEST_STEP][PASSED] - if (debug): null

27-02-2025T17:41:23 - [TEST_STEP][PASSED] - println("Clicking " + myValue): null

27-02-2025T17:41:23 - [TEST_STEP][PASSED] - click(element): null

27-02-2025T17:41:23 - [TEST_STEP][PASSED] - scrollToObject(elem): null

27-02-2025T17:41:23 - [TEST_STEP][PASSED] - loc = element.getLocation(): null

27-02-2025T17:41:23 - [TEST_STEP][PASSED] - if (debug): null

27-02-2025T17:41:23 - [TEST_STEP][PASSED] - y = loc.getY(): null

27-02-2025T17:41:23 - [TEST_STEP][PASSED] - println("Y location is " + y): null

27-02-2025T17:41:23 - [TEST_STEP][PASSED] - top = getViewportTopPosition(): Current viewport's top (y) position is 858

27-02-2025T17:41:23 - [MESSAGE][PASSED] - Current viewport's top (y) position is 858

27-02-2025T17:41:23 - [TEST_STEP][PASSED] - println("Viewport top is " + top): null

27-02-2025T17:41:23 - [TEST_STEP][PASSED] - bottom = top + 600: null

27-02-2025T17:41:23 - [TEST_STEP][PASSED] - if (y - top < 150 || bottom - y < 10): null

27-02-2025T17:41:23 - [TEST_STEP][PASSED] - elem.click(): null

27-02-2025T17:41:23 - [TEST_STEP][PASSED] - myValue = element.getAttribute("value"): null

27-02-2025T17:41:23 - [TEST_STEP][PASSED] - if (debug): null

27-02-2025T17:41:23 - [TEST_STEP][PASSED] - if (myValue.length() >= 4): null

27-02-2025T17:41:23 - [TEST_STEP][PASSED] - if (myValue.substring(0, 4) == "(!) "): null

27-02-2025T17:41:23 - [TEST_STEP][PASSED] - myType = element.getAttribute("type"): null

27-02-2025T17:41:23 - [TEST_STEP][PASSED] - if (myValue in varParms[i]): null

27-02-2025T17:41:23 - [TEST_STEP][PASSED] - else: null

27-02-2025T17:41:23 - [TEST_STEP][PASSED] - inList = false: null

27-02-2025T17:41:23 - [TEST_STEP][PASSED] - if (myType == "checkbox"): null

27-02-2025T17:41:23 - [TEST_STEP][PASSED] - myStatus = element.isSelected(): null

27-02-2025T17:41:23 - [TEST_STEP][PASSED] - if (debug): null

27-02-2025T17:41:23 - [TEST_STEP][PASSED] - if (toggle && myStatus && inList): null

27-02-2025T17:41:23 - [TEST_STEP][PASSED] - if (!(myStatus) && inList || myStatus && !(inList)): null

27-02-2025T17:41:23 - [TEST_STEP][PASSED] - myValue = element.getAttribute("value"): null

27-02-2025T17:41:23 - [TEST_STEP][PASSED] - if (debug): null

27-02-2025T17:41:23 - [TEST_STEP][PASSED] - if (myValue.length() >= 4): null

27-02-2025T17:41:23 - [TEST_STEP][PASSED] - if (myValue.substring(0, 4) == "(!) "): null

27-02-2025T17:41:23 - [TEST_STEP][PASSED] - myType = element.getAttribute("type"): null

27-02-2025T17:41:23 - [TEST_STEP][PASSED] - if (myValue in varParms[i]): null

27-02-2025T17:41:23 - [TEST_STEP][PASSED] - inList = true: null

27-02-2025T17:41:23 - [TEST_STEP][PASSED] - if (myType == "checkbox"): null

27-02-2025T17:41:23 - [TEST_STEP][PASSED] - myStatus = element.isSelected(): null

27-02-2025T17:41:23 - [TEST_STEP][PASSED] - if (debug): null

27-02-2025T17:41:23 - [TEST_STEP][PASSED] - if (toggle && myStatus && inList): null

27-02-2025T17:41:23 - [TEST_STEP][PASSED] - if (!(myStatus) && inList || myStatus && !(inList)): null

27-02-2025T17:41:23 - [TEST_STEP][PASSED] - if (debug): null

27-02-2025T17:41:23 - [TEST_STEP][PASSED] - println("Clicking " + myValue): null

27-02-2025T17:41:23 - [TEST_STEP][PASSED] - click(element): null

27-02-2025T17:41:23 - [TEST_STEP][PASSED] - scrollToObject(elem): null

27-02-2025T17:41:23 - [TEST_STEP][PASSED] - loc = element.getLocation(): null

27-02-2025T17:41:23 - [TEST_STEP][PASSED] - if (debug): null

27-02-2025T17:41:23 - [TEST_STEP][PASSED] - y = loc.getY(): null

27-02-2025T17:41:23 - [TEST_STEP][PASSED] - println("Y location is " + y): null

27-02-2025T17:41:23 - [TEST_STEP][PASSED] - top = getViewportTopPosition(): Current viewport's top (y) position is 858

27-02-2025T17:41:23 - [MESSAGE][PASSED] - Current viewport's top (y) position is 858

27-02-2025T17:41:23 - [TEST_STEP][PASSED] - println("Viewport top is " + top): null

27-02-2025T17:41:23 - [TEST_STEP][PASSED] - bottom = top + 600: null

27-02-2025T17:41:23 - [TEST_STEP][PASSED] - if (y - top < 150 || bottom - y < 10): null

27-02-2025T17:41:23 - [TEST_STEP][PASSED] - elem.click(): null

27-02-2025T17:41:23 - [TEST_STEP][PASSED] - myValue = element.getAttribute("value"): null

27-02-2025T17:41:23 - [TEST_STEP][PASSED] - if (debug): null

27-02-2025T17:41:23 - [TEST_STEP][PASSED] - if (myValue.length() >= 4): null

27-02-2025T17:41:23 - [TEST_STEP][PASSED] - if (myValue.substring(0, 4) == "(!) "): null

27-02-2025T17:41:23 - [TEST_STEP][PASSED] - myType = element.getAttribute("type"): null

27-02-2025T17:41:23 - [TEST_STEP][PASSED] - if (myValue in varParms[i]): null

27-02-2025T17:41:23 - [TEST_STEP][PASSED] - else: null

27-02-2025T17:41:23 - [TEST_STEP][PASSED] - inList = false: null

27-02-2025T17:41:23 - [TEST_STEP][PASSED] - if (myType == "checkbox"): null

27-02-2025T17:41:23 - [TEST_STEP][PASSED] - myStatus = element.isSelected(): null

27-02-2025T17:41:23 - [TEST_STEP][PASSED] - if (debug): null

27-02-2025T17:41:23 - [TEST_STEP][PASSED] - if (toggle && myStatus && inList): null

27-02-2025T17:41:23 - [TEST_STEP][PASSED] - if (!(myStatus) && inList || myStatus && !(inList)): null

27-02-2025T17:41:23 - [TEST_STEP][PASSED] - myValue = element.getAttribute("value"): null

27-02-2025T17:41:23 - [TEST_STEP][PASSED] - if (debug): null

27-02-2025T17:41:23 - [TEST_STEP][PASSED] - if (myValue.length() >= 4): null

27-02-2025T17:41:23 - [TEST_STEP][PASSED] - if (myValue.substring(0, 4) == "(!) "): null

27-02-2025T17:41:23 - [TEST_STEP][PASSED] - myType = element.getAttribute("type"): null

27-02-2025T17:41:23 - [TEST_STEP][PASSED] - if (myValue in varParms[i]): null

27-02-2025T17:41:23 - [TEST_STEP][PASSED] - else: null

27-02-2025T17:41:23 - [TEST_STEP][PASSED] - inList = false: null

27-02-2025T17:41:23 - [TEST_STEP][PASSED] - if (myType == "checkbox"): null

27-02-2025T17:41:23 - [TEST_STEP][PASSED] - myStatus = element.isSelected(): null

27-02-2025T17:41:23 - [TEST_STEP][PASSED] - if (debug): null

27-02-2025T17:41:23 - [TEST_STEP][PASSED] - if (toggle && myStatus && inList): null

27-02-2025T17:41:23 - [TEST_STEP][PASSED] - if (!(myStatus) && inList || myStatus && !(inList)): null

27-02-2025T17:41:23 - [TEST_STEP][PASSED] - myValue = element.getAttribute("value"): null

27-02-2025T17:41:23 - [TEST_STEP][PASSED] - if (debug): null

27-02-2025T17:41:23 - [TEST_STEP][PASSED] - if (myValue.length() >= 4): null

27-02-2025T17:41:23 - [TEST_STEP][PASSED] - if (myValue.substring(0, 4) == "(!) "): null

27-02-2025T17:41:23 - [TEST_STEP][PASSED] - myType = element.getAttribute("type"): null

27-02-2025T17:41:23 - [TEST_STEP][PASSED] - if (myValue in varParms[i]): null

27-02-2025T17:41:23 - [TEST_STEP][PASSED] - else: null

27-02-2025T17:41:23 - [TEST_STEP][PASSED] - inList = false: null

27-02-2025T17:41:23 - [TEST_STEP][PASSED] - if (myType == "checkbox"): null

27-02-2025T17:41:23 - [TEST_STEP][PASSED] - myStatus = element.isSelected(): null

27-02-2025T17:41:23 - [TEST_STEP][PASSED] - if (debug): null

27-02-2025T17:41:23 - [TEST_STEP][PASSED] - if (toggle && myStatus && inList): null

27-02-2025T17:41:23 - [TEST_STEP][PASSED] - if (!(myStatus) && inList || myStatus && !(inList)): null

27-02-2025T17:41:23 - [TEST_STEP][PASSED] - myValue = element.getAttribute("value"): null

27-02-2025T17:41:23 - [TEST_STEP][PASSED] - if (debug): null

27-02-2025T17:41:23 - [TEST_STEP][PASSED] - if (myValue.length() >= 4): null

27-02-2025T17:41:23 - [TEST_STEP][PASSED] - if (myValue.substring(0, 4) == "(!) "): null

27-02-2025T17:41:23 - [TEST_STEP][PASSED] - myType = element.getAttribute("type"): null

27-02-2025T17:41:23 - [TEST_STEP][PASSED] - if (myValue in varParms[i]): null

27-02-2025T17:41:23 - [TEST_STEP][PASSED] - else: null

27-02-2025T17:41:23 - [TEST_STEP][PASSED] - inList = false: null

27-02-2025T17:41:23 - [TEST_STEP][PASSED] - if (myType == "checkbox"): null

27-02-2025T17:41:23 - [TEST_STEP][PASSED] - myStatus = element.isSelected(): null

27-02-2025T17:41:23 - [TEST_STEP][PASSED] - if (debug): null

27-02-2025T17:41:23 - [TEST_STEP][PASSED] - if (toggle && myStatus && inList): null

27-02-2025T17:41:23 - [TEST_STEP][PASSED] - if (!(myStatus) && inList || myStatus && !(inList)): null

27-02-2025T17:41:23 - [TEST_STEP][PASSED] - myValue = element.getAttribute("value"): null

27-02-2025T17:41:23 - [TEST_STEP][PASSED] - if (debug): null

27-02-2025T17:41:23 - [TEST_STEP][PASSED] - if (myValue.length() >= 4): null

27-02-2025T17:41:23 - [TEST_STEP][PASSED] - if (myValue.substring(0, 4) == "(!) "): null

27-02-2025T17:41:23 - [TEST_STEP][PASSED] - myType = element.getAttribute("type"): null

27-02-2025T17:41:23 - [TEST_STEP][PASSED] - if (myValue in varParms[i]): null

27-02-2025T17:41:23 - [TEST_STEP][PASSED] - else: null

27-02-2025T17:41:23 - [TEST_STEP][PASSED] - inList = false: null

27-02-2025T17:41:23 - [TEST_STEP][PASSED] - if (myType == "checkbox"): null

27-02-2025T17:41:23 - [TEST_STEP][PASSED] - myStatus = element.isSelected(): null

27-02-2025T17:41:23 - [TEST_STEP][PASSED] - if (debug): null

27-02-2025T17:41:23 - [TEST_STEP][PASSED] - if (toggle && myStatus && inList): null

27-02-2025T17:41:23 - [TEST_STEP][PASSED] - if (!(myStatus) && inList || myStatus && !(inList)): null

27-02-2025T17:41:23 - [TEST_STEP][PASSED] - myValue = element.getAttribute("value"): null

27-02-2025T17:41:23 - [TEST_STEP][PASSED] - if (debug): null

27-02-2025T17:41:23 - [TEST_STEP][PASSED] - if (myValue.length() >= 4): null

27-02-2025T17:41:23 - [TEST_STEP][PASSED] - if (myValue.substring(0, 4) == "(!) "): null

27-02-2025T17:41:23 - [TEST_STEP][PASSED] - myType = element.getAttribute("type"): null

27-02-2025T17:41:23 - [TEST_STEP][PASSED] - if (myValue in varParms[i]): null

27-02-2025T17:41:23 - [TEST_STEP][PASSED] - else: null

27-02-2025T17:41:23 - [TEST_STEP][PASSED] - inList = false: null

27-02-2025T17:41:23 - [TEST_STEP][PASSED] - if (myType == "checkbox"): null

27-02-2025T17:41:23 - [TEST_STEP][PASSED] - myStatus = element.isSelected(): null

27-02-2025T17:41:23 - [TEST_STEP][PASSED] - if (debug): null

27-02-2025T17:41:23 - [TEST_STEP][PASSED] - if (toggle && myStatus && inList): null

27-02-2025T17:41:23 - [TEST_STEP][PASSED] - if (!(myStatus) && inList || myStatus && !(inList)): null

27-02-2025T17:41:23 - [TEST_STEP][PASSED] - myValue = element.getAttribute("value"): null

27-02-2025T17:41:23 - [TEST_STEP][PASSED] - if (debug): null

27-02-2025T17:41:23 - [TEST_STEP][PASSED] - if (myValue.length() >= 4): null

27-02-2025T17:41:23 - [TEST_STEP][PASSED] - if (myValue.substring(0, 4) == "(!) "): null

27-02-2025T17:41:23 - [TEST_STEP][PASSED] - myType = element.getAttribute("type"): null

27-02-2025T17:41:23 - [TEST_STEP][PASSED] - if (myValue in varParms[i]): null

27-02-2025T17:41:23 - [TEST_STEP][PASSED] - else: null

27-02-2025T17:41:23 - [TEST_STEP][PASSED] - inList = false: null

27-02-2025T17:41:23 - [TEST_STEP][PASSED] - if (myType == "checkbox"): null

27-02-2025T17:41:23 - [TEST_STEP][PASSED] - myStatus = element.isSelected(): null

27-02-2025T17:41:23 - [TEST_STEP][PASSED] - if (debug): null

27-02-2025T17:41:23 - [TEST_STEP][PASSED] - if (toggle && myStatus && inList): null

27-02-2025T17:41:23 - [TEST_STEP][PASSED] - if (!(myStatus) && inList || myStatus && !(inList)): null

27-02-2025T17:41:23 - [TEST_STEP][PASSED] - myValue = element.getAttribute("value"): null

27-02-2025T17:41:23 - [TEST_STEP][PASSED] - if (debug): null

27-02-2025T17:41:23 - [TEST_STEP][PASSED] - if (myValue.length() >= 4): null

27-02-2025T17:41:23 - [TEST_STEP][PASSED] - if (myValue.substring(0, 4) == "(!) "): null

27-02-2025T17:41:23 - [TEST_STEP][PASSED] - myType = element.getAttribute("type"): null

27-02-2025T17:41:23 - [TEST_STEP][PASSED] - if (myValue in varParms[i]): null

27-02-2025T17:41:23 - [TEST_STEP][PASSED] - else: null

27-02-2025T17:41:23 - [TEST_STEP][PASSED] - inList = false: null

27-02-2025T17:41:23 - [TEST_STEP][PASSED] - if (myType == "checkbox"): null

27-02-2025T17:41:23 - [TEST_STEP][PASSED] - myStatus = element.isSelected(): null

27-02-2025T17:41:23 - [TEST_STEP][PASSED] - if (debug): null

27-02-2025T17:41:23 - [TEST_STEP][PASSED] - if (toggle && myStatus && inList): null

27-02-2025T17:41:23 - [TEST_STEP][PASSED] - if (!(myStatus) && inList || myStatus && !(inList)): null

27-02-2025T17:41:23 - [TEST_STEP][PASSED] - myValue = element.getAttribute("value"): null

27-02-2025T17:41:23 - [TEST_STEP][PASSED] - if (debug): null

27-02-2025T17:41:23 - [TEST_STEP][PASSED] - if (myValue.length() >= 4): null

27-02-2025T17:41:23 - [TEST_STEP][PASSED] - if (myValue.substring(0, 4) == "(!) "): null

27-02-2025T17:41:23 - [TEST_STEP][PASSED] - myType = element.getAttribute("type"): null

27-02-2025T17:41:23 - [TEST_STEP][PASSED] - if (myValue in varParms[i]): null

27-02-2025T17:41:23 - [TEST_STEP][PASSED] - else: null

27-02-2025T17:41:23 - [TEST_STEP][PASSED] - inList = false: null

27-02-2025T17:41:23 - [TEST_STEP][PASSED] - if (myType == "checkbox"): null

27-02-2025T17:41:23 - [TEST_STEP][PASSED] - myStatus = element.isSelected(): null

27-02-2025T17:41:23 - [TEST_STEP][PASSED] - if (debug): null

27-02-2025T17:41:23 - [TEST_STEP][PASSED] - if (toggle && myStatus && inList): null

27-02-2025T17:41:23 - [TEST_STEP][PASSED] - if (!(myStatus) && inList || myStatus && !(inList)): null

27-02-2025T17:41:23 - [TEST_STEP][PASSED] - myValue = element.getAttribute("value"): null

27-02-2025T17:41:23 - [TEST_STEP][PASSED] - if (debug): null

27-02-2025T17:41:23 - [TEST_STEP][PASSED] - if (myValue.length() >= 4): null

27-02-2025T17:41:23 - [TEST_STEP][PASSED] - if (myValue.substring(0, 4) == "(!) "): null

27-02-2025T17:41:23 - [TEST_STEP][PASSED] - myType = element.getAttribute("type"): null

27-02-2025T17:41:23 - [TEST_STEP][PASSED] - if (myValue in varParms[i]): null

27-02-2025T17:41:23 - [TEST_STEP][PASSED] - else: null

27-02-2025T17:41:23 - [TEST_STEP][PASSED] - inList = false: null

27-02-2025T17:41:23 - [TEST_STEP][PASSED] - if (myType == "checkbox"): null

27-02-2025T17:41:23 - [TEST_STEP][PASSED] - myStatus = element.isSelected(): null

27-02-2025T17:41:23 - [TEST_STEP][PASSED] - if (debug): null

27-02-2025T17:41:23 - [TEST_STEP][PASSED] - if (toggle && myStatus && inList): null

27-02-2025T17:41:23 - [TEST_STEP][PASSED] - if (!(myStatus) && inList || myStatus && !(inList)): null

27-02-2025T17:41:23 - [TEST_STEP][PASSED] - myValue = element.getAttribute("value"): null

27-02-2025T17:41:23 - [TEST_STEP][PASSED] - if (debug): null

27-02-2025T17:41:23 - [TEST_STEP][PASSED] - if (myValue.length() >= 4): null

27-02-2025T17:41:23 - [TEST_STEP][PASSED] - if (myValue.substring(0, 4) == "(!) "): null

27-02-2025T17:41:23 - [TEST_STEP][PASSED] - myType = element.getAttribute("type"): null

27-02-2025T17:41:23 - [TEST_STEP][PASSED] - if (myValue in varParms[i]): null

27-02-2025T17:41:23 - [TEST_STEP][PASSED] - else: null

27-02-2025T17:41:23 - [TEST_STEP][PASSED] - inList = false: null

27-02-2025T17:41:23 - [TEST_STEP][PASSED] - if (myType == "checkbox"): null

27-02-2025T17:41:23 - [TEST_STEP][PASSED] - myStatus = element.isSelected(): null

27-02-2025T17:41:23 - [TEST_STEP][PASSED] - if (debug): null

27-02-2025T17:41:23 - [TEST_STEP][PASSED] - if (toggle && myStatus && inList): null

27-02-2025T17:41:23 - [TEST_STEP][PASSED] - if (!(myStatus) && inList || myStatus && !(inList)): null

27-02-2025T17:41:23 - [TEST_STEP][PASSED] - myValue = element.getAttribute("value"): null

27-02-2025T17:41:23 - [TEST_STEP][PASSED] - if (debug): null

27-02-2025T17:41:23 - [TEST_STEP][PASSED] - if (myValue.length() >= 4): null

27-02-2025T17:41:23 - [TEST_STEP][PASSED] - if (myValue.substring(0, 4) == "(!) "): null

27-02-2025T17:41:23 - [TEST_STEP][PASSED] - myType = element.getAttribute("type"): null

27-02-2025T17:41:23 - [TEST_STEP][PASSED] - if (myValue in varParms[i]): null

27-02-2025T17:41:23 - [TEST_STEP][PASSED] - else: null

27-02-2025T17:41:23 - [TEST_STEP][PASSED] - inList = false: null

27-02-2025T17:41:23 - [TEST_STEP][PASSED] - if (myType == "checkbox"): null

27-02-2025T17:41:23 - [TEST_STEP][PASSED] - myStatus = element.isSelected(): null

27-02-2025T17:41:23 - [TEST_STEP][PASSED] - if (debug): null

27-02-2025T17:41:23 - [TEST_STEP][PASSED] - if (toggle && myStatus && inList): null

27-02-2025T17:41:23 - [TEST_STEP][PASSED] - if (!(myStatus) && inList || myStatus && !(inList)): null

27-02-2025T17:41:23 - [TEST_STEP][PASSED] - myValue = element.getAttribute("value"): null

27-02-2025T17:41:23 - [TEST_STEP][PASSED] - if (debug): null

27-02-2025T17:41:23 - [TEST_STEP][PASSED] - if (myValue.length() >= 4): null

27-02-2025T17:41:23 - [TEST_STEP][PASSED] - if (myValue.substring(0, 4) == "(!) "): null

27-02-2025T17:41:23 - [TEST_STEP][PASSED] - myType = element.getAttribute("type"): null

27-02-2025T17:41:23 - [TEST_STEP][PASSED] - if (myValue in varParms[i]): null

27-02-2025T17:41:23 - [TEST_STEP][PASSED] - else: null

27-02-2025T17:41:23 - [TEST_STEP][PASSED] - inList = false: null

27-02-2025T17:41:23 - [TEST_STEP][PASSED] - if (myType == "checkbox"): null

27-02-2025T17:41:23 - [TEST_STEP][PASSED] - myStatus = element.isSelected(): null

27-02-2025T17:41:23 - [TEST_STEP][PASSED] - if (debug): null

27-02-2025T17:41:23 - [TEST_STEP][PASSED] - if (toggle && myStatus && inList): null

27-02-2025T17:41:23 - [TEST_STEP][PASSED] - if (!(myStatus) && inList || myStatus && !(inList)): null

27-02-2025T17:41:23 - [TEST_STEP][PASSED] - myValue = element.getAttribute("value"): null

27-02-2025T17:41:23 - [TEST_STEP][PASSED] - if (debug): null

27-02-2025T17:41:23 - [TEST_STEP][PASSED] - if (myValue.length() >= 4): null

27-02-2025T17:41:23 - [TEST_STEP][PASSED] - if (myValue.substring(0, 4) == "(!) "): null

27-02-2025T17:41:23 - [TEST_STEP][PASSED] - myType = element.getAttribute("type"): null

27-02-2025T17:41:23 - [TEST_STEP][PASSED] - if (myValue in varParms[i]): null

27-02-2025T17:41:23 - [TEST_STEP][PASSED] - else: null

27-02-2025T17:41:23 - [TEST_STEP][PASSED] - inList = false: null

27-02-2025T17:41:23 - [TEST_STEP][PASSED] - if (myType == "checkbox"): null

27-02-2025T17:41:23 - [TEST_STEP][PASSED] - myStatus = element.isSelected(): null

27-02-2025T17:41:23 - [TEST_STEP][PASSED] - if (debug): null

27-02-2025T17:41:23 - [TEST_STEP][PASSED] - if (toggle && myStatus && inList): null

27-02-2025T17:41:23 - [TEST_STEP][PASSED] - if (!(myStatus) && inList || myStatus && !(inList)): null

27-02-2025T17:41:23 - [TEST_STEP][PASSED] - myValue = element.getAttribute("value"): null

27-02-2025T17:41:23 - [TEST_STEP][PASSED] - if (debug): null

27-02-2025T17:41:23 - [TEST_STEP][PASSED] - if (myValue.length() >= 4): null

27-02-2025T17:41:23 - [TEST_STEP][PASSED] - if (myValue.substring(0, 4) == "(!) "): null

27-02-2025T17:41:23 - [TEST_STEP][PASSED] - myType = element.getAttribute("type"): null

27-02-2025T17:41:23 - [TEST_STEP][PASSED] - if (myValue in varParms[i]): null

27-02-2025T17:41:23 - [TEST_STEP][PASSED] - else: null

27-02-2025T17:41:23 - [TEST_STEP][PASSED] - inList = false: null

27-02-2025T17:41:23 - [TEST_STEP][PASSED] - if (myType == "checkbox"): null

27-02-2025T17:41:23 - [TEST_STEP][PASSED] - myStatus = element.isSelected(): null

27-02-2025T17:41:23 - [TEST_STEP][PASSED] - if (debug): null

27-02-2025T17:41:23 - [TEST_STEP][PASSED] - if (toggle && myStatus && inList): null

27-02-2025T17:41:23 - [TEST_STEP][PASSED] - if (!(myStatus) && inList || myStatus && !(inList)): null

27-02-2025T17:41:23 - [TEST_STEP][PASSED] - myValue = element.getAttribute("value"): null

27-02-2025T17:41:23 - [TEST_STEP][PASSED] - if (debug): null

27-02-2025T17:41:23 - [TEST_STEP][PASSED] - if (myValue.length() >= 4): null

27-02-2025T17:41:23 - [TEST_STEP][PASSED] - if (myValue.substring(0, 4) == "(!) "): null

27-02-2025T17:41:23 - [TEST_STEP][PASSED] - myType = element.getAttribute("type"): null

27-02-2025T17:41:23 - [TEST_STEP][PASSED] - if (myValue in varParms[i]): null

27-02-2025T17:41:23 - [TEST_STEP][PASSED] - else: null

27-02-2025T17:41:23 - [TEST_STEP][PASSED] - inList = false: null

27-02-2025T17:41:23 - [TEST_STEP][PASSED] - if (myType == "checkbox"): null

27-02-2025T17:41:23 - [TEST_STEP][PASSED] - myStatus = element.isSelected(): null

27-02-2025T17:41:23 - [TEST_STEP][PASSED] - if (debug): null

27-02-2025T17:41:23 - [TEST_STEP][PASSED] - if (toggle && myStatus && inList): null

27-02-2025T17:41:23 - [TEST_STEP][PASSED] - if (!(myStatus) && inList || myStatus && !(inList)): null

27-02-2025T17:41:23 - [TEST_STEP][PASSED] - myValue = element.getAttribute("value"): null

27-02-2025T17:41:23 - [TEST_STEP][PASSED] - if (debug): null

27-02-2025T17:41:23 - [TEST_STEP][PASSED] - if (myValue.length() >= 4): null

27-02-2025T17:41:23 - [TEST_STEP][PASSED] - if (myValue.substring(0, 4) == "(!) "): null

27-02-2025T17:41:23 - [TEST_STEP][PASSED] - myType = element.getAttribute("type"): null

27-02-2025T17:41:23 - [TEST_STEP][PASSED] - if (myValue in varParms[i]): null

27-02-2025T17:41:23 - [TEST_STEP][PASSED] - else: null

27-02-2025T17:41:23 - [TEST_STEP][PASSED] - inList = false: null

27-02-2025T17:41:23 - [TEST_STEP][PASSED] - if (myType == "checkbox"): null

27-02-2025T17:41:23 - [TEST_STEP][PASSED] - myStatus = element.isSelected(): null

27-02-2025T17:41:23 - [TEST_STEP][PASSED] - if (debug): null

27-02-2025T17:41:23 - [TEST_STEP][PASSED] - if (toggle && myStatus && inList): null

27-02-2025T17:41:23 - [TEST_STEP][PASSED] - if (!(myStatus) && inList || myStatus && !(inList)): null

27-02-2025T17:41:23 - [TEST_STEP][PASSED] - if (debug): null

27-02-2025T17:41:23 - [TEST_STEP][PASSED] - if (varParms[i].indexOf("Europe") >= 0): null

27-02-2025T17:41:23 - [TEST_STEP][PASSED] - elements = driver.findElements(By.xpath(varXpaths[i])): null

27-02-2025T17:41:23 - [TEST_STEP][PASSED] - element_count = elements.size(): null

27-02-2025T17:41:23 - [TEST_STEP][PASSED] - for (def element : elements): null

27-02-2025T17:41:23 - [TEST_STEP][PASSED] - myValue = element.getAttribute("value"): null

27-02-2025T17:41:23 - [TEST_STEP][PASSED] - if (debug): null

27-02-2025T17:41:23 - [TEST_STEP][PASSED] - if (myValue.length() >= 4): null

27-02-2025T17:41:23 - [TEST_STEP][PASSED] - if (myValue.substring(0, 4) == "(!) "): null

27-02-2025T17:41:23 - [TEST_STEP][PASSED] - myType = element.getAttribute("type"): null

27-02-2025T17:41:23 - [TEST_STEP][PASSED] - if (myValue in varParms[i]): null

27-02-2025T17:41:23 - [TEST_STEP][PASSED] - else: null

27-02-2025T17:41:23 - [TEST_STEP][PASSED] - inList = false: null

27-02-2025T17:41:23 - [TEST_STEP][PASSED] - if (myType == "checkbox"): null

27-02-2025T17:41:23 - [TEST_STEP][PASSED] - myStatus = element.isSelected(): null

27-02-2025T17:41:23 - [TEST_STEP][PASSED] - if (debug): null

27-02-2025T17:41:23 - [TEST_STEP][PASSED] - if (toggle && myStatus && inList): null

27-02-2025T17:41:23 - [TEST_STEP][PASSED] - if (!(myStatus) && inList || myStatus && !(inList)): null

27-02-2025T17:41:23 - [TEST_STEP][PASSED] - myValue = element.getAttribute("value"): null

27-02-2025T17:41:23 - [TEST_STEP][PASSED] - if (debug): null

27-02-2025T17:41:23 - [TEST_STEP][PASSED] - if (myValue.length() >= 4): null

27-02-2025T17:41:23 - [TEST_STEP][PASSED] - myType = element.getAttribute("type"): null

27-02-2025T17:41:23 - [TEST_STEP][PASSED] - if (myValue in varParms[i]): null

27-02-2025T17:41:23 - [TEST_STEP][PASSED] - else: null

27-02-2025T17:41:23 - [TEST_STEP][PASSED] - inList = false: null

27-02-2025T17:41:23 - [TEST_STEP][PASSED] - if (myType == "checkbox"): null

27-02-2025T17:41:23 - [TEST_STEP][PASSED] - myStatus = element.isSelected(): null

27-02-2025T17:41:23 - [TEST_STEP][PASSED] - if (debug): null

27-02-2025T17:41:23 - [TEST_STEP][PASSED] - if (toggle && myStatus && inList): null

27-02-2025T17:41:23 - [TEST_STEP][PASSED] - if (!(myStatus) && inList || myStatus && !(inList)): null

27-02-2025T17:41:23 - [TEST_STEP][PASSED] - myValue = element.getAttribute("value"): null

27-02-2025T17:41:23 - [TEST_STEP][PASSED] - if (debug): null

27-02-2025T17:41:23 - [TEST_STEP][PASSED] - if (myValue.length() >= 4): null

27-02-2025T17:41:23 - [TEST_STEP][PASSED] - myType = element.getAttribute("type"): null

27-02-2025T17:41:23 - [TEST_STEP][PASSED] - if (myValue in varParms[i]): null

27-02-2025T17:41:23 - [TEST_STEP][PASSED] - inList = true: null

27-02-2025T17:41:23 - [TEST_STEP][PASSED] - if (myType == "checkbox"): null

27-02-2025T17:41:23 - [TEST_STEP][PASSED] - myStatus = element.isSelected(): null

27-02-2025T17:41:23 - [TEST_STEP][PASSED] - if (debug): null

27-02-2025T17:41:23 - [TEST_STEP][PASSED] - if (toggle && myStatus && inList): null

27-02-2025T17:41:23 - [TEST_STEP][PASSED] - if (!(myStatus) && inList || myStatus && !(inList)): null

27-02-2025T17:41:23 - [TEST_STEP][PASSED] - if (debug): null

27-02-2025T17:41:23 - [TEST_STEP][PASSED] - println("Clicking " + myValue): null

27-02-2025T17:41:23 - [TEST_STEP][PASSED] - click(element): null

27-02-2025T17:41:23 - [TEST_STEP][PASSED] - scrollToObject(elem): null

27-02-2025T17:41:23 - [TEST_STEP][PASSED] - loc = element.getLocation(): null

27-02-2025T17:41:23 - [TEST_STEP][PASSED] - if (debug): null

27-02-2025T17:41:23 - [TEST_STEP][PASSED] - y = loc.getY(): null

27-02-2025T17:41:23 - [TEST_STEP][PASSED] - println("Y location is " + y): null

27-02-2025T17:41:23 - [TEST_STEP][PASSED] - top = getViewportTopPosition(): Current viewport's top (y) position is 858

27-02-2025T17:41:23 - [MESSAGE][PASSED] - Current viewport's top (y) position is 858

27-02-2025T17:41:23 - [TEST_STEP][PASSED] - println("Viewport top is " + top): null

27-02-2025T17:41:23 - [TEST_STEP][PASSED] - bottom = top + 600: null

27-02-2025T17:41:23 - [TEST_STEP][PASSED] - if (y - top < 150 || bottom - y < 10): null

27-02-2025T17:41:23 - [TEST_STEP][PASSED] - elem.click(): null

27-02-2025T17:41:23 - [TEST_STEP][PASSED] - myValue = element.getAttribute("value"): null

27-02-2025T17:41:23 - [TEST_STEP][PASSED] - if (debug): null

27-02-2025T17:41:23 - [TEST_STEP][PASSED] - if (myValue.length() >= 4): null

27-02-2025T17:41:23 - [TEST_STEP][PASSED] - myType = element.getAttribute("type"): null

27-02-2025T17:41:23 - [TEST_STEP][PASSED] - if (myValue in varParms[i]): null

27-02-2025T17:41:23 - [TEST_STEP][PASSED] - inList = true: null

27-02-2025T17:41:23 - [TEST_STEP][PASSED] - if (myType == "checkbox"): null

27-02-2025T17:41:23 - [TEST_STEP][PASSED] - myStatus = element.isSelected(): null

27-02-2025T17:41:23 - [TEST_STEP][PASSED] - if (debug): null

27-02-2025T17:41:23 - [TEST_STEP][PASSED] - if (toggle && myStatus && inList): null

27-02-2025T17:41:23 - [TEST_STEP][PASSED] - if (!(myStatus) && inList || myStatus && !(inList)): null

27-02-2025T17:41:23 - [TEST_STEP][PASSED] - if (debug): null

27-02-2025T17:41:23 - [TEST_STEP][PASSED] - println("Clicking " + myValue): null

27-02-2025T17:41:23 - [TEST_STEP][PASSED] - click(element): null

27-02-2025T17:41:23 - [TEST_STEP][PASSED] - scrollToObject(elem): null

27-02-2025T17:41:23 - [TEST_STEP][PASSED] - loc = element.getLocation(): null

27-02-2025T17:41:23 - [TEST_STEP][PASSED] - if (debug): null

27-02-2025T17:41:23 - [TEST_STEP][PASSED] - y = loc.getY(): null

27-02-2025T17:41:23 - [TEST_STEP][PASSED] - println("Y location is " + y): null

27-02-2025T17:41:23 - [TEST_STEP][PASSED] - top = getViewportTopPosition(): Current viewport's top (y) position is 858

27-02-2025T17:41:23 - [MESSAGE][PASSED] - Current viewport's top (y) position is 858

27-02-2025T17:41:23 - [TEST_STEP][PASSED] - println("Viewport top is " + top): null

27-02-2025T17:41:23 - [TEST_STEP][PASSED] - bottom = top + 600: null

27-02-2025T17:41:23 - [TEST_STEP][PASSED] - if (y - top < 150 || bottom - y < 10): null

27-02-2025T17:41:23 - [TEST_STEP][PASSED] - elem.click(): null

27-02-2025T17:41:23 - [TEST_STEP][PASSED] - myValue = element.getAttribute("value"): null

27-02-2025T17:41:23 - [TEST_STEP][PASSED] - if (debug): null

27-02-2025T17:41:23 - [TEST_STEP][PASSED] - if (myValue.length() >= 4): null

27-02-2025T17:41:23 - [TEST_STEP][PASSED] - myType = element.getAttribute("type"): null

27-02-2025T17:41:23 - [TEST_STEP][PASSED] - if (myValue in varParms[i]): null

27-02-2025T17:41:23 - [TEST_STEP][PASSED] - else: null

27-02-2025T17:41:23 - [TEST_STEP][PASSED] - inList = false: null

27-02-2025T17:41:23 - [TEST_STEP][PASSED] - if (myType == "checkbox"): null

27-02-2025T17:41:23 - [TEST_STEP][PASSED] - myStatus = element.isSelected(): null

27-02-2025T17:41:23 - [TEST_STEP][PASSED] - if (debug): null

27-02-2025T17:41:23 - [TEST_STEP][PASSED] - if (toggle && myStatus && inList): null

27-02-2025T17:41:23 - [TEST_STEP][PASSED] - if (!(myStatus) && inList || myStatus && !(inList)): null

27-02-2025T17:41:23 - [TEST_STEP][PASSED] - myValue = element.getAttribute("value"): null

27-02-2025T17:41:23 - [TEST_STEP][PASSED] - if (debug): null

27-02-2025T17:41:23 - [TEST_STEP][PASSED] - if (myValue.length() >= 4): null

27-02-2025T17:41:23 - [TEST_STEP][PASSED] - if (myValue.substring(0, 4) == "(!) "): null

27-02-2025T17:41:23 - [TEST_STEP][PASSED] - myType = element.getAttribute("type"): null

27-02-2025T17:41:23 - [TEST_STEP][PASSED] - if (myValue in varParms[i]): null

27-02-2025T17:41:23 - [TEST_STEP][PASSED] - else: null

27-02-2025T17:41:23 - [TEST_STEP][PASSED] - inList = false: null

27-02-2025T17:41:23 - [TEST_STEP][PASSED] - if (myType == "checkbox"): null

27-02-2025T17:41:23 - [TEST_STEP][PASSED] - myStatus = element.isSelected(): null

27-02-2025T17:41:23 - [TEST_STEP][PASSED] - if (debug): null

27-02-2025T17:41:23 - [TEST_STEP][PASSED] - if (toggle && myStatus && inList): null

27-02-2025T17:41:23 - [TEST_STEP][PASSED] - if (!(myStatus) && inList || myStatus && !(inList)): null

27-02-2025T17:41:23 - [TEST_STEP][PASSED] - myValue = element.getAttribute("value"): null

27-02-2025T17:41:23 - [TEST_STEP][PASSED] - if (debug): null

27-02-2025T17:41:23 - [TEST_STEP][PASSED] - if (myValue.length() >= 4): null

27-02-2025T17:41:23 - [TEST_STEP][PASSED] - myType = element.getAttribute("type"): null

27-02-2025T17:41:23 - [TEST_STEP][PASSED] - if (myValue in varParms[i]): null

27-02-2025T17:41:23 - [TEST_STEP][PASSED] - else: null

27-02-2025T17:41:23 - [TEST_STEP][PASSED] - inList = false: null

27-02-2025T17:41:23 - [TEST_STEP][PASSED] - if (myType == "checkbox"): null

27-02-2025T17:41:23 - [TEST_STEP][PASSED] - myStatus = element.isSelected(): null

27-02-2025T17:41:23 - [TEST_STEP][PASSED] - if (debug): null

27-02-2025T17:41:23 - [TEST_STEP][PASSED] - if (toggle && myStatus && inList): null

27-02-2025T17:41:23 - [TEST_STEP][PASSED] - if (!(myStatus) && inList || myStatus && !(inList)): null

27-02-2025T17:41:23 - [TEST_STEP][PASSED] - myValue = element.getAttribute("value"): null

27-02-2025T17:41:23 - [TEST_STEP][PASSED] - if (debug): null

27-02-2025T17:41:23 - [TEST_STEP][PASSED] - if (myValue.length() >= 4): null

27-02-2025T17:41:23 - [TEST_STEP][PASSED] - if (myValue.substring(0, 4) == "(!) "): null

27-02-2025T17:41:23 - [TEST_STEP][PASSED] - myType = element.getAttribute("type"): null

27-02-2025T17:41:23 - [TEST_STEP][PASSED] - if (myValue in varParms[i]): null

27-02-2025T17:41:23 - [TEST_STEP][PASSED] - else: null

27-02-2025T17:41:23 - [TEST_STEP][PASSED] - inList = false: null

27-02-2025T17:41:23 - [TEST_STEP][PASSED] - if (myType == "checkbox"): null

27-02-2025T17:41:23 - [TEST_STEP][PASSED] - myStatus = element.isSelected(): null

27-02-2025T17:41:23 - [TEST_STEP][PASSED] - if (debug): null

27-02-2025T17:41:23 - [TEST_STEP][PASSED] - if (toggle && myStatus && inList): null

27-02-2025T17:41:23 - [TEST_STEP][PASSED] - if (!(myStatus) && inList || myStatus && !(inList)): null

27-02-2025T17:41:23 - [TEST_STEP][PASSED] - myValue = element.getAttribute("value"): null

27-02-2025T17:41:23 - [TEST_STEP][PASSED] - if (debug): null

27-02-2025T17:41:23 - [TEST_STEP][PASSED] - if (myValue.length() >= 4): null

27-02-2025T17:41:23 - [TEST_STEP][PASSED] - if (myValue.substring(0, 4) == "(!) "): null

27-02-2025T17:41:23 - [TEST_STEP][PASSED] - myType = element.getAttribute("type"): null

27-02-2025T17:41:23 - [TEST_STEP][PASSED] - if (myValue in varParms[i]): null

27-02-2025T17:41:23 - [TEST_STEP][PASSED] - else: null

27-02-2025T17:41:23 - [TEST_STEP][PASSED] - inList = false: null

27-02-2025T17:41:23 - [TEST_STEP][PASSED] - if (myType == "checkbox"): null

27-02-2025T17:41:23 - [TEST_STEP][PASSED] - myStatus = element.isSelected(): null

27-02-2025T17:41:23 - [TEST_STEP][PASSED] - if (debug): null

27-02-2025T17:41:23 - [TEST_STEP][PASSED] - if (toggle && myStatus && inList): null

27-02-2025T17:41:23 - [TEST_STEP][PASSED] - if (!(myStatus) && inList || myStatus && !(inList)): null

27-02-2025T17:41:23 - [TEST_STEP][PASSED] - myValue = element.getAttribute("value"): null

27-02-2025T17:41:23 - [TEST_STEP][PASSED] - if (debug): null

27-02-2025T17:41:23 - [TEST_STEP][PASSED] - if (myValue.length() >= 4): null

27-02-2025T17:41:23 - [TEST_STEP][PASSED] - if (myValue.substring(0, 4) == "(!) "): null

27-02-2025T17:41:23 - [TEST_STEP][PASSED] - myType = element.getAttribute("type"): null

27-02-2025T17:41:23 - [TEST_STEP][PASSED] - if (myValue in varParms[i]): null

27-02-2025T17:41:23 - [TEST_STEP][PASSED] - inList = true: null

27-02-2025T17:41:23 - [TEST_STEP][PASSED] - if (myType == "checkbox"): null

27-02-2025T17:41:23 - [TEST_STEP][PASSED] - myStatus = element.isSelected(): null

27-02-2025T17:41:23 - [TEST_STEP][PASSED] - if (debug): null

27-02-2025T17:41:23 - [TEST_STEP][PASSED] - if (toggle && myStatus && inList): null

27-02-2025T17:41:23 - [TEST_STEP][PASSED] - if (!(myStatus) && inList || myStatus && !(inList)): null

27-02-2025T17:41:23 - [TEST_STEP][PASSED] - if (debug): null

27-02-2025T17:41:23 - [TEST_STEP][PASSED] - println("Clicking " + myValue): null

27-02-2025T17:41:23 - [TEST_STEP][PASSED] - click(element): null

27-02-2025T17:41:23 - [TEST_STEP][PASSED] - scrollToObject(elem): null

27-02-2025T17:41:23 - [TEST_STEP][PASSED] - loc = element.getLocation(): null

27-02-2025T17:41:23 - [TEST_STEP][PASSED] - if (debug): null

27-02-2025T17:41:23 - [TEST_STEP][PASSED] - y = loc.getY(): null

27-02-2025T17:41:23 - [TEST_STEP][PASSED] - println("Y location is " + y): null

27-02-2025T17:41:23 - [TEST_STEP][PASSED] - top = getViewportTopPosition(): Current viewport's top (y) position is 858

27-02-2025T17:41:23 - [MESSAGE][PASSED] - Current viewport's top (y) position is 858

27-02-2025T17:41:23 - [TEST_STEP][PASSED] - println("Viewport top is " + top): null

27-02-2025T17:41:23 - [TEST_STEP][PASSED] - bottom = top + 600: null

27-02-2025T17:41:23 - [TEST_STEP][PASSED] - if (y - top < 150 || bottom - y < 10): null

27-02-2025T17:41:23 - [TEST_STEP][PASSED] - elem.click(): null

27-02-2025T17:41:23 - [TEST_STEP][PASSED] - myValue = element.getAttribute("value"): null

27-02-2025T17:41:23 - [TEST_STEP][PASSED] - if (debug): null

27-02-2025T17:41:23 - [TEST_STEP][PASSED] - if (myValue.length() >= 4): null

27-02-2025T17:41:23 - [TEST_STEP][PASSED] - if (myValue.substring(0, 4) == "(!) "): null

27-02-2025T17:41:23 - [TEST_STEP][PASSED] - myType = element.getAttribute("type"): null

27-02-2025T17:41:23 - [TEST_STEP][PASSED] - if (myValue in varParms[i]): null

27-02-2025T17:41:23 - [TEST_STEP][PASSED] - inList = true: null

27-02-2025T17:41:23 - [TEST_STEP][PASSED] - if (myType == "checkbox"): null

27-02-2025T17:41:23 - [TEST_STEP][PASSED] - myStatus = element.isSelected(): null

27-02-2025T17:41:23 - [TEST_STEP][PASSED] - if (debug): null

27-02-2025T17:41:23 - [TEST_STEP][PASSED] - if (toggle && myStatus && inList): null

27-02-2025T17:41:23 - [TEST_STEP][PASSED] - if (!(myStatus) && inList || myStatus && !(inList)): null

27-02-2025T17:41:23 - [TEST_STEP][PASSED] - if (debug): null

27-02-2025T17:41:23 - [TEST_STEP][PASSED] - println("Clicking " + myValue): null

27-02-2025T17:41:23 - [TEST_STEP][PASSED] - click(element): null

27-02-2025T17:41:23 - [TEST_STEP][PASSED] - scrollToObject(elem): null

27-02-2025T17:41:23 - [TEST_STEP][PASSED] - loc = element.getLocation(): null

27-02-2025T17:41:23 - [TEST_STEP][PASSED] - if (debug): null

27-02-2025T17:41:23 - [TEST_STEP][PASSED] - y = loc.getY(): null

27-02-2025T17:41:23 - [TEST_STEP][PASSED] - println("Y location is " + y): null

27-02-2025T17:41:23 - [TEST_STEP][PASSED] - top = getViewportTopPosition(): Current viewport's top (y) position is 858

27-02-2025T17:41:23 - [MESSAGE][PASSED] - Current viewport's top (y) position is 858

27-02-2025T17:41:23 - [TEST_STEP][PASSED] - println("Viewport top is " + top): null

27-02-2025T17:41:23 - [TEST_STEP][PASSED] - bottom = top + 600: null

27-02-2025T17:41:23 - [TEST_STEP][PASSED] - if (y - top < 150 || bottom - y < 10): null

27-02-2025T17:41:23 - [TEST_STEP][PASSED] - elem.click(): null

27-02-2025T17:41:23 - [TEST_STEP][PASSED] - myValue = element.getAttribute("value"): null

27-02-2025T17:41:23 - [TEST_STEP][PASSED] - if (debug): null

27-02-2025T17:41:23 - [TEST_STEP][PASSED] - if (myValue.length() >= 4): null

27-02-2025T17:41:23 - [TEST_STEP][PASSED] - if (myValue.substring(0, 4) == "(!) "): null

27-02-2025T17:41:23 - [TEST_STEP][PASSED] - myType = element.getAttribute("type"): null

27-02-2025T17:41:23 - [TEST_STEP][PASSED] - if (myValue in varParms[i]): null

27-02-2025T17:41:23 - [TEST_STEP][PASSED] - else: null

27-02-2025T17:41:23 - [TEST_STEP][PASSED] - inList = false: null

27-02-2025T17:41:23 - [TEST_STEP][PASSED] - if (myType == "checkbox"): null

27-02-2025T17:41:23 - [TEST_STEP][PASSED] - myStatus = element.isSelected(): null

27-02-2025T17:41:23 - [TEST_STEP][PASSED] - if (debug): null

27-02-2025T17:41:23 - [TEST_STEP][PASSED] - if (toggle && myStatus && inList): null

27-02-2025T17:41:23 - [TEST_STEP][PASSED] - if (!(myStatus) && inList || myStatus && !(inList)): null

27-02-2025T17:41:23 - [TEST_STEP][PASSED] - myValue = element.getAttribute("value"): null

27-02-2025T17:41:23 - [TEST_STEP][PASSED] - if (debug): null

27-02-2025T17:41:23 - [TEST_STEP][PASSED] - if (myValue.length() >= 4): null

27-02-2025T17:41:23 - [TEST_STEP][PASSED] - if (myValue.substring(0, 4) == "(!) "): null

27-02-2025T17:41:23 - [TEST_STEP][PASSED] - myType = element.getAttribute("type"): null

27-02-2025T17:41:23 - [TEST_STEP][PASSED] - if (myValue in varParms[i]): null

27-02-2025T17:41:23 - [TEST_STEP][PASSED] - else: null

27-02-2025T17:41:23 - [TEST_STEP][PASSED] - inList = false: null

27-02-2025T17:41:23 - [TEST_STEP][PASSED] - if (myType == "checkbox"): null

27-02-2025T17:41:23 - [TEST_STEP][PASSED] - myStatus = element.isSelected(): null

27-02-2025T17:41:23 - [TEST_STEP][PASSED] - if (debug): null

27-02-2025T17:41:23 - [TEST_STEP][PASSED] - if (toggle && myStatus && inList): null

27-02-2025T17:41:23 - [TEST_STEP][PASSED] - if (!(myStatus) && inList || myStatus && !(inList)): null

27-02-2025T17:41:23 - [TEST_STEP][PASSED] - myValue = element.getAttribute("value"): null

27-02-2025T17:41:23 - [TEST_STEP][PASSED] - if (debug): null

27-02-2025T17:41:23 - [TEST_STEP][PASSED] - if (myValue.length() >= 4): null

27-02-2025T17:41:23 - [TEST_STEP][PASSED] - if (myValue.substring(0, 4) == "(!) "): null

27-02-2025T17:41:23 - [TEST_STEP][PASSED] - myType = element.getAttribute("type"): null

27-02-2025T17:41:23 - [TEST_STEP][PASSED] - if (myValue in varParms[i]): null

27-02-2025T17:41:23 - [TEST_STEP][PASSED] - else: null

27-02-2025T17:41:23 - [TEST_STEP][PASSED] - inList = false: null

27-02-2025T17:41:23 - [TEST_STEP][PASSED] - if (myType == "checkbox"): null

27-02-2025T17:41:23 - [TEST_STEP][PASSED] - myStatus = element.isSelected(): null

27-02-2025T17:41:23 - [TEST_STEP][PASSED] - if (debug): null

27-02-2025T17:41:23 - [TEST_STEP][PASSED] - if (toggle && myStatus && inList): null

27-02-2025T17:41:23 - [TEST_STEP][PASSED] - if (!(myStatus) && inList || myStatus && !(inList)): null

27-02-2025T17:41:23 - [TEST_STEP][PASSED] - myValue = element.getAttribute("value"): null

27-02-2025T17:41:23 - [TEST_STEP][PASSED] - if (debug): null

27-02-2025T17:41:23 - [TEST_STEP][PASSED] - if (myValue.length() >= 4): null

27-02-2025T17:41:23 - [TEST_STEP][PASSED] - myType = element.getAttribute("type"): null

27-02-2025T17:41:23 - [TEST_STEP][PASSED] - if (myValue in varParms[i]): null

27-02-2025T17:41:23 - [TEST_STEP][PASSED] - else: null

27-02-2025T17:41:23 - [TEST_STEP][PASSED] - inList = false: null

27-02-2025T17:41:23 - [TEST_STEP][PASSED] - if (myType == "checkbox"): null

27-02-2025T17:41:23 - [TEST_STEP][PASSED] - myStatus = element.isSelected(): null

27-02-2025T17:41:23 - [TEST_STEP][PASSED] - if (debug): null

27-02-2025T17:41:23 - [TEST_STEP][PASSED] - if (toggle && myStatus && inList): null

27-02-2025T17:41:23 - [TEST_STEP][PASSED] - if (!(myStatus) && inList || myStatus && !(inList)): null

27-02-2025T17:41:23 - [TEST_STEP][PASSED] - myValue = element.getAttribute("value"): null

27-02-2025T17:41:23 - [TEST_STEP][PASSED] - if (debug): null

27-02-2025T17:41:23 - [TEST_STEP][PASSED] - if (myValue.length() >= 4): null

27-02-2025T17:41:23 - [TEST_STEP][PASSED] - if (myValue.substring(0, 4) == "(!) "): null

27-02-2025T17:41:23 - [TEST_STEP][PASSED] - myType = element.getAttribute("type"): null

27-02-2025T17:41:23 - [TEST_STEP][PASSED] - if (myValue in varParms[i]): null

27-02-2025T17:41:23 - [TEST_STEP][PASSED] - inList = true: null

27-02-2025T17:41:23 - [TEST_STEP][PASSED] - if (myType == "checkbox"): null

27-02-2025T17:41:23 - [TEST_STEP][PASSED] - myStatus = element.isSelected(): null

27-02-2025T17:41:23 - [TEST_STEP][PASSED] - if (debug): null

27-02-2025T17:41:23 - [TEST_STEP][PASSED] - if (toggle && myStatus && inList): null

27-02-2025T17:41:23 - [TEST_STEP][PASSED] - if (!(myStatus) && inList || myStatus && !(inList)): null

27-02-2025T17:41:23 - [TEST_STEP][PASSED] - if (debug): null

27-02-2025T17:41:23 - [TEST_STEP][PASSED] - println("Clicking " + myValue): null

27-02-2025T17:41:23 - [TEST_STEP][PASSED] - click(element): null

27-02-2025T17:41:23 - [TEST_STEP][PASSED] - scrollToObject(elem): null

27-02-2025T17:41:23 - [TEST_STEP][PASSED] - loc = element.getLocation(): null

27-02-2025T17:41:23 - [TEST_STEP][PASSED] - if (debug): null

27-02-2025T17:41:23 - [TEST_STEP][PASSED] - y = loc.getY(): null

27-02-2025T17:41:23 - [TEST_STEP][PASSED] - println("Y location is " + y): null

27-02-2025T17:41:23 - [TEST_STEP][PASSED] - top = getViewportTopPosition(): Current viewport's top (y) position is 858

27-02-2025T17:41:23 - [MESSAGE][PASSED] - Current viewport's top (y) position is 858

27-02-2025T17:41:23 - [TEST_STEP][PASSED] - println("Viewport top is " + top): null

27-02-2025T17:41:23 - [TEST_STEP][PASSED] - bottom = top + 600: null

27-02-2025T17:41:23 - [TEST_STEP][PASSED] - if (y - top < 150 || bottom - y < 10): null

27-02-2025T17:41:23 - [TEST_STEP][PASSED] - elem.click(): null

27-02-2025T17:41:23 - [TEST_STEP][PASSED] - myValue = element.getAttribute("value"): null

27-02-2025T17:41:23 - [TEST_STEP][PASSED] - if (debug): null

27-02-2025T17:41:23 - [TEST_STEP][PASSED] - if (myValue.length() >= 4): null

27-02-2025T17:41:23 - [TEST_STEP][PASSED] - if (myValue.substring(0, 4) == "(!) "): null

27-02-2025T17:41:23 - [TEST_STEP][PASSED] - myType = element.getAttribute("type"): null

27-02-2025T17:41:23 - [TEST_STEP][PASSED] - if (myValue in varParms[i]): null

27-02-2025T17:41:23 - [TEST_STEP][PASSED] - inList = true: null

27-02-2025T17:41:23 - [TEST_STEP][PASSED] - if (myType == "checkbox"): null

27-02-2025T17:41:23 - [TEST_STEP][PASSED] - myStatus = element.isSelected(): null

27-02-2025T17:41:23 - [TEST_STEP][PASSED] - if (debug): null

27-02-2025T17:41:23 - [TEST_STEP][PASSED] - if (toggle && myStatus && inList): null

27-02-2025T17:41:23 - [TEST_STEP][PASSED] - if (!(myStatus) && inList || myStatus && !(inList)): null

27-02-2025T17:41:23 - [TEST_STEP][PASSED] - if (debug): null

27-02-2025T17:41:23 - [TEST_STEP][PASSED] - println("Clicking " + myValue): null

27-02-2025T17:41:23 - [TEST_STEP][PASSED] - click(element): null

27-02-2025T17:41:23 - [TEST_STEP][PASSED] - scrollToObject(elem): null

27-02-2025T17:41:23 - [TEST_STEP][PASSED] - loc = element.getLocation(): null

27-02-2025T17:41:23 - [TEST_STEP][PASSED] - if (debug): null

27-02-2025T17:41:23 - [TEST_STEP][PASSED] - y = loc.getY(): null

27-02-2025T17:41:23 - [TEST_STEP][PASSED] - println("Y location is " + y): null

27-02-2025T17:41:23 - [TEST_STEP][PASSED] - top = getViewportTopPosition(): Current viewport's top (y) position is 858

27-02-2025T17:41:23 - [MESSAGE][PASSED] - Current viewport's top (y) position is 858

27-02-2025T17:41:23 - [TEST_STEP][PASSED] - println("Viewport top is " + top): null

27-02-2025T17:41:23 - [TEST_STEP][PASSED] - bottom = top + 600: null

27-02-2025T17:41:23 - [TEST_STEP][PASSED] - if (y - top < 150 || bottom - y < 10): null

27-02-2025T17:41:23 - [TEST_STEP][PASSED] - elem.click(): null

27-02-2025T17:41:23 - [TEST_STEP][PASSED] - myValue = element.getAttribute("value"): null

27-02-2025T17:41:23 - [TEST_STEP][PASSED] - if (debug): null

27-02-2025T17:41:23 - [TEST_STEP][PASSED] - if (myValue.length() >= 4): null

27-02-2025T17:41:23 - [TEST_STEP][PASSED] - myType = element.getAttribute("type"): null

27-02-2025T17:41:23 - [TEST_STEP][PASSED] - if (myValue in varParms[i]): null

27-02-2025T17:41:23 - [TEST_STEP][PASSED] - else: null

27-02-2025T17:41:23 - [TEST_STEP][PASSED] - inList = false: null

27-02-2025T17:41:23 - [TEST_STEP][PASSED] - if (myType == "checkbox"): null

27-02-2025T17:41:23 - [TEST_STEP][PASSED] - myStatus = element.isSelected(): null

27-02-2025T17:41:23 - [TEST_STEP][PASSED] - if (debug): null

27-02-2025T17:41:23 - [TEST_STEP][PASSED] - if (toggle && myStatus && inList): null

27-02-2025T17:41:23 - [TEST_STEP][PASSED] - if (!(myStatus) && inList || myStatus && !(inList)): null

27-02-2025T17:41:23 - [TEST_STEP][PASSED] - myValue = element.getAttribute("value"): null

27-02-2025T17:41:23 - [TEST_STEP][PASSED] - if (debug): null

27-02-2025T17:41:23 - [TEST_STEP][PASSED] - if (myValue.length() >= 4): null

27-02-2025T17:41:23 - [TEST_STEP][PASSED] - if (myValue.substring(0, 4) == "(!) "): null

27-02-2025T17:41:23 - [TEST_STEP][PASSED] - myType = element.getAttribute("type"): null

27-02-2025T17:41:23 - [TEST_STEP][PASSED] - if (myValue in varParms[i]): null

27-02-2025T17:41:23 - [TEST_STEP][PASSED] - else: null

27-02-2025T17:41:23 - [TEST_STEP][PASSED] - inList = false: null

27-02-2025T17:41:23 - [TEST_STEP][PASSED] - if (myType == "checkbox"): null

27-02-2025T17:41:23 - [TEST_STEP][PASSED] - myStatus = element.isSelected(): null

27-02-2025T17:41:23 - [TEST_STEP][PASSED] - if (debug): null

27-02-2025T17:41:23 - [TEST_STEP][PASSED] - if (toggle && myStatus && inList): null

27-02-2025T17:41:23 - [TEST_STEP][PASSED] - if (!(myStatus) && inList || myStatus && !(inList)): null

27-02-2025T17:41:23 - [TEST_STEP][PASSED] - myValue = element.getAttribute("value"): null

27-02-2025T17:41:23 - [TEST_STEP][PASSED] - if (debug): null

27-02-2025T17:41:23 - [TEST_STEP][PASSED] - if (myValue.length() >= 4): null

27-02-2025T17:41:23 - [TEST_STEP][PASSED] - if (myValue.substring(0, 4) == "(!) "): null

27-02-2025T17:41:23 - [TEST_STEP][PASSED] - myType = element.getAttribute("type"): null

27-02-2025T17:41:23 - [TEST_STEP][PASSED] - if (myValue in varParms[i]): null

27-02-2025T17:41:23 - [TEST_STEP][PASSED] - else: null

27-02-2025T17:41:23 - [TEST_STEP][PASSED] - inList = false: null

27-02-2025T17:41:23 - [TEST_STEP][PASSED] - if (myType == "checkbox"): null

27-02-2025T17:41:23 - [TEST_STEP][PASSED] - myStatus = element.isSelected(): null

27-02-2025T17:41:23 - [TEST_STEP][PASSED] - if (debug): null

27-02-2025T17:41:23 - [TEST_STEP][PASSED] - if (toggle && myStatus && inList): null

27-02-2025T17:41:23 - [TEST_STEP][PASSED] - if (!(myStatus) && inList || myStatus && !(inList)): null

27-02-2025T17:41:23 - [TEST_STEP][PASSED] - myValue = element.getAttribute("value"): null

27-02-2025T17:41:23 - [TEST_STEP][PASSED] - if (debug): null

27-02-2025T17:41:23 - [TEST_STEP][PASSED] - if (myValue.length() >= 4): null

27-02-2025T17:41:23 - [TEST_STEP][PASSED] - if (myValue.substring(0, 4) == "(!) "): null

27-02-2025T17:41:23 - [TEST_STEP][PASSED] - myType = element.getAttribute("type"): null

27-02-2025T17:41:23 - [TEST_STEP][PASSED] - if (myValue in varParms[i]): null

27-02-2025T17:41:23 - [TEST_STEP][PASSED] - else: null

27-02-2025T17:41:23 - [TEST_STEP][PASSED] - inList = false: null

27-02-2025T17:41:23 - [TEST_STEP][PASSED] - if (myType == "checkbox"): null

27-02-2025T17:41:23 - [TEST_STEP][PASSED] - myStatus = element.isSelected(): null

27-02-2025T17:41:23 - [TEST_STEP][PASSED] - if (debug): null

27-02-2025T17:41:23 - [TEST_STEP][PASSED] - if (toggle && myStatus && inList): null

27-02-2025T17:41:23 - [TEST_STEP][PASSED] - if (!(myStatus) && inList || myStatus && !(inList)): null

27-02-2025T17:41:23 - [TEST_STEP][PASSED] - myValue = element.getAttribute("value"): null

27-02-2025T17:41:23 - [TEST_STEP][PASSED] - if (debug): null

27-02-2025T17:41:23 - [TEST_STEP][PASSED] - if (myValue.length() >= 4): null

27-02-2025T17:41:23 - [TEST_STEP][PASSED] - if (myValue.substring(0, 4) == "(!) "): null

27-02-2025T17:41:23 - [TEST_STEP][PASSED] - myType = element.getAttribute("type"): null

27-02-2025T17:41:23 - [TEST_STEP][PASSED] - if (myValue in varParms[i]): null

27-02-2025T17:41:23 - [TEST_STEP][PASSED] - else: null

27-02-2025T17:41:23 - [TEST_STEP][PASSED] - inList = false: null

27-02-2025T17:41:23 - [TEST_STEP][PASSED] - if (myType == "checkbox"): null

27-02-2025T17:41:23 - [TEST_STEP][PASSED] - myStatus = element.isSelected(): null

27-02-2025T17:41:23 - [TEST_STEP][PASSED] - if (debug): null

27-02-2025T17:41:23 - [TEST_STEP][PASSED] - if (toggle && myStatus && inList): null

27-02-2025T17:41:23 - [TEST_STEP][PASSED] - if (!(myStatus) && inList || myStatus && !(inList)): null

27-02-2025T17:41:23 - [TEST_STEP][PASSED] - myValue = element.getAttribute("value"): null

27-02-2025T17:41:23 - [TEST_STEP][PASSED] - if (debug): null

27-02-2025T17:41:23 - [TEST_STEP][PASSED] - if (myValue.length() >= 4): null

27-02-2025T17:41:23 - [TEST_STEP][PASSED] - if (myValue.substring(0, 4) == "(!) "): null

27-02-2025T17:41:23 - [TEST_STEP][PASSED] - myType = element.getAttribute("type"): null

27-02-2025T17:41:23 - [TEST_STEP][PASSED] - if (myValue in varParms[i]): null

27-02-2025T17:41:23 - [TEST_STEP][PASSED] - inList = true: null

27-02-2025T17:41:23 - [TEST_STEP][PASSED] - if (myType == "checkbox"): null

27-02-2025T17:41:23 - [TEST_STEP][PASSED] - myStatus = element.isSelected(): null

27-02-2025T17:41:23 - [TEST_STEP][PASSED] - if (debug): null

27-02-2025T17:41:23 - [TEST_STEP][PASSED] - if (toggle && myStatus && inList): null

27-02-2025T17:41:23 - [TEST_STEP][PASSED] - if (!(myStatus) && inList || myStatus && !(inList)): null

27-02-2025T17:41:23 - [TEST_STEP][PASSED] - if (debug): null

27-02-2025T17:41:23 - [TEST_STEP][PASSED] - println("Clicking " + myValue): null

27-02-2025T17:41:23 - [TEST_STEP][PASSED] - click(element): null

27-02-2025T17:41:23 - [TEST_STEP][PASSED] - scrollToObject(elem): null

27-02-2025T17:41:23 - [TEST_STEP][PASSED] - loc = element.getLocation(): null

27-02-2025T17:41:23 - [TEST_STEP][PASSED] - if (debug): null

27-02-2025T17:41:23 - [TEST_STEP][PASSED] - y = loc.getY(): null

27-02-2025T17:41:23 - [TEST_STEP][PASSED] - println("Y location is " + y): null

27-02-2025T17:41:23 - [TEST_STEP][PASSED] - top = getViewportTopPosition(): Current viewport's top (y) position is 858

27-02-2025T17:41:23 - [MESSAGE][PASSED] - Current viewport's top (y) position is 858

27-02-2025T17:41:23 - [TEST_STEP][PASSED] - println("Viewport top is " + top): null

27-02-2025T17:41:23 - [TEST_STEP][PASSED] - bottom = top + 600: null

27-02-2025T17:41:23 - [TEST_STEP][PASSED] - if (y - top < 150 || bottom - y < 10): null

27-02-2025T17:41:23 - [TEST_STEP][PASSED] - elem.click(): null

27-02-2025T17:41:23 - [TEST_STEP][PASSED] - myValue = element.getAttribute("value"): null

27-02-2025T17:41:23 - [TEST_STEP][PASSED] - if (debug): null

27-02-2025T17:41:23 - [TEST_STEP][PASSED] - if (myValue.length() >= 4): null

27-02-2025T17:41:23 - [TEST_STEP][PASSED] - if (myValue.substring(0, 4) == "(!) "): null

27-02-2025T17:41:23 - [TEST_STEP][PASSED] - myType = element.getAttribute("type"): null

27-02-2025T17:41:23 - [TEST_STEP][PASSED] - if (myValue in varParms[i]): null

27-02-2025T17:41:23 - [TEST_STEP][PASSED] - else: null

27-02-2025T17:41:23 - [TEST_STEP][PASSED] - inList = false: null

27-02-2025T17:41:23 - [TEST_STEP][PASSED] - if (myType == "checkbox"): null

27-02-2025T17:41:23 - [TEST_STEP][PASSED] - myStatus = element.isSelected(): null

27-02-2025T17:41:23 - [TEST_STEP][PASSED] - if (debug): null

27-02-2025T17:41:23 - [TEST_STEP][PASSED] - if (toggle && myStatus && inList): null

27-02-2025T17:41:23 - [TEST_STEP][PASSED] - if (!(myStatus) && inList || myStatus && !(inList)): null

27-02-2025T17:41:23 - [TEST_STEP][PASSED] - myValue = element.getAttribute("value"): null

27-02-2025T17:41:23 - [TEST_STEP][PASSED] - if (debug): null

27-02-2025T17:41:23 - [TEST_STEP][PASSED] - if (myValue.length() >= 4): null

27-02-2025T17:41:23 - [TEST_STEP][PASSED] - if (myValue.substring(0, 4) == "(!) "): null

27-02-2025T17:41:23 - [TEST_STEP][PASSED] - myType = element.getAttribute("type"): null

27-02-2025T17:41:23 - [TEST_STEP][PASSED] - if (myValue in varParms[i]): null

27-02-2025T17:41:23 - [TEST_STEP][PASSED] - else: null

27-02-2025T17:41:23 - [TEST_STEP][PASSED] - inList = false: null

27-02-2025T17:41:23 - [TEST_STEP][PASSED] - if (myType == "checkbox"): null

27-02-2025T17:41:23 - [TEST_STEP][PASSED] - myStatus = element.isSelected(): null

27-02-2025T17:41:23 - [TEST_STEP][PASSED] - if (debug): null

27-02-2025T17:41:23 - [TEST_STEP][PASSED] - if (toggle && myStatus && inList): null

27-02-2025T17:41:23 - [TEST_STEP][PASSED] - if (!(myStatus) && inList || myStatus && !(inList)): null

27-02-2025T17:41:23 - [TEST_STEP][PASSED] - frame.dispose(): null

27-02-2025T17:41:23 - [MESSAGE][PASSED] - Call Test Case 'Test Cases/_Functions/Click on Group Elements' successfully

27-02-2025T17:41:23 - [TEST_STEP][PASSED] - object = "Object Repository/Journey Partner Profile/Tabs//btn_Complete Submit": null

27-02-2025T17:41:23 - [TEST_STEP][PASSED] - callTestCase(findTestCase("_Functions/Perform Action"), ["varAction":"click", "varObject":object], STOP_ON_FAILURE): Call Test Case 'Test Cases/_Functions/Perform Action' successfully

27-02-2025T17:41:23 - [TEST_CASE][PASSED] - Test Cases/_Functions/Perform Action: Test Cases/_Functions/Perform Action

27-02-2025T17:41:23 - [TEST_STEP][PASSED] - action = varAction: null

27-02-2025T17:41:23 - [TEST_STEP][PASSED] - println(action): null

27-02-2025T17:41:23 - [TEST_STEP][PASSED] - testObject = varObject: null

27-02-2025T17:41:23 - [TEST_STEP][PASSED] - println(testObject): null

27-02-2025T17:41:23 - [TEST_STEP][PASSED] - parm1 = varParm1: null

27-02-2025T17:41:23 - [TEST_STEP][PASSED] - println(parm1): null

27-02-2025T17:41:23 - [TEST_STEP][PASSED] - println("Converting " + testObject + " to web element"): null

27-02-2025T17:41:23 - [TEST_STEP][PASSED] - element = findWebElement(findTestObject(testObject), 1): null

27-02-2025T17:41:23 - [TEST_STEP][PASSED] - loc = element.getLocation(): null

27-02-2025T17:41:23 - [TEST_STEP][PASSED] - y = loc.getY(): null

27-02-2025T17:41:23 - [TEST_STEP][PASSED] - println("Y location is " + y): null

27-02-2025T17:41:23 - [TEST_STEP][PASSED] - top = getViewportTopPosition(): Current viewport's top (y) position is 858

27-02-2025T17:41:23 - [MESSAGE][PASSED] - Current viewport's top (y) position is 858

27-02-2025T17:41:23 - [TEST_STEP][PASSED] - println("Viewport top is " + top): null

27-02-2025T17:41:23 - [TEST_STEP][PASSED] - bottom = top + 600: null

27-02-2025T17:41:23 - [TEST_STEP][PASSED] - if (y - top < 150 || bottom - y < 10): null

27-02-2025T17:41:23 - [TEST_STEP][PASSED] - if (action == "click"): Object: 'Object Repository/Journey Partner Profile/Tabs//btn_Complete Submit' is clicked on

27-02-2025T17:41:23 - [TEST_STEP][PASSED] - println("clicking"): null

27-02-2025T17:41:23 - [TEST_STEP][PASSED] - click(findTestObject(testObject)): Object: 'Object Repository/Journey Partner Profile/Tabs//btn_Complete Submit' is clicked on

27-02-2025T17:41:26 - [MESSAGE][PASSED] - Object: 'Object Repository/Journey Partner Profile/Tabs//btn_Complete Submit' is clicked on

27-02-2025T17:41:26 - [MESSAGE][PASSED] - Call Test Case 'Test Cases/_Functions/Perform Action' successfully

27-02-2025T17:41:26 - [MESSAGE][PASSED] - Call Test Case 'Test Cases/Journey Partner Profile/Tabs/Set IT Positions' successfully

27-02-2025T17:41:26 - [TEST_STEP][PASSED] - if (pages.size() == 0 || "All" in pages || "Match Filters" in pages): Call Test Case 'Test Cases/Journey Partner Profile/Tabs/Set Match Filters' successfully

27-02-2025T17:41:26 - [TEST_STEP][PASSED] - affiliated_with_a_church = "Yes": null

27-02-2025T17:41:26 - [TEST_STEP][PASSED] - paid_volunteer_positions = ["Position requires raising some support", "A salary provided; enough to live locally", "A salary, enough to live locally + debt assistance"]: null

27-02-2025T17:41:26 - [TEST_STEP][PASSED] - match_percent_rate = "60": null

27-02-2025T17:41:26 - [TEST_STEP][PASSED] - profile_years = ["2023", "2024", "2025"]: null

27-02-2025T17:41:26 - [TEST_STEP][PASSED] - callTestCase(findTestCase("Journey Partner Profile/Tabs/Set Match Filters"), ["varAffiliated_with_a_church":affiliated_with_a_church, "varPaid_volunteer_positions":paid_volunteer_positions, "varMatch_percent_rate":match_percent_rate, ... ], STOP_ON_FAILURE): Call Test Case 'Test Cases/Journey Partner Profile/Tabs/Set Match Filters' successfully

27-02-2025T17:41:26 - [TEST_CASE][PASSED] - Test Cases/Journey Partner Profile/Tabs/Set Match Filters: Test Cases/Journey Partner Profile/Tabs/Set Match Filters

27-02-2025T17:41:26 - [TEST_STEP][PASSED] - username = username: null

27-02-2025T17:41:26 - [TEST_STEP][PASSED] - if (username != "cktest07jp" && username != "cktest02jp"): null

27-02-2025T17:41:26 - [TEST_STEP][PASSED] - testName = "Journey Partner Match Filters Tab": null

27-02-2025T17:41:26 - [TEST_STEP][PASSED] - outFile = callTestCase(findTestCase("_Functions/Set Output File"), ["varTestName":testName], STOP_ON_FAILURE): Call Test Case 'Test Cases/_Functions/Set Output File' successfully

27-02-2025T17:41:26 - [TEST_CASE][PASSED] - Test Cases/_Functions/Set Output File: Test Cases/_Functions/Set Output File

27-02-2025T17:41:26 - [TEST_STEP][PASSED] - testName = varTestName: null

27-02-2025T17:41:26 - [TEST_STEP][PASSED] - domain = domain: null

27-02-2025T17:41:26 - [TEST_STEP][PASSED] - writeFile = false: null

27-02-2025T17:41:26 - [TEST_STEP][PASSED] - if (outFile != ""): null

27-02-2025T17:41:26 - [TEST_STEP][PASSED] - myFile = outFile: null

27-02-2025T17:41:26 - [TEST_STEP][PASSED] - println(myFile): null

27-02-2025T17:41:26 - [TEST_STEP][PASSED] - outFile = new java.io.File(myFile): null

27-02-2025T17:41:26 - [TEST_STEP][PASSED] - writeFile = true: null

27-02-2025T17:41:26 - [TEST_STEP][PASSED] - if (!(writeFile)): null

27-02-2025T17:41:26 - [TEST_STEP][PASSED] - else: null

27-02-2025T17:41:26 - [TEST_STEP][PASSED] - outFile.append("
Testing " + testName + " on " + domain + ".
"): null

27-02-2025T17:41:26 - [TEST_STEP][PASSED] - return outFile: null

27-02-2025T17:41:26 - [MESSAGE][PASSED] - Call Test Case 'Test Cases/_Functions/Set Output File' successfully

27-02-2025T17:41:26 - [TEST_STEP][PASSED] - lastY = -100: null

27-02-2025T17:41:26 - [TEST_STEP][PASSED] - parms = [varPaid_volunteer_positions, varProfile_years]: null

27-02-2025T17:41:26 - [TEST_STEP][PASSED] - paid_volunteer_position = "//input[@id='profile_group-1446521957.744_financial_support']": null

27-02-2025T17:41:26 - [TEST_STEP][PASSED] - profile_years = "//input[@id='profile_group-1446521957.744_profile_years']": null

27-02-2025T17:41:26 - [TEST_STEP][PASSED] - xpaths = [paid_volunteer_position, profile_years]: null

27-02-2025T17:41:26 - [TEST_STEP][PASSED] - tooltipImagePath = "/Users/cckozie/git/MissionNext-Katalon-Koz/images/Journey Partner/": null

27-02-2025T17:41:26 - [TEST_STEP][PASSED] - testObjectFolder = "Journey Partner Profile/Tabs/Match Filters/": null

27-02-2025T17:41:26 - [TEST_STEP][PASSED] - tooltips = ["dummy":"dummy", "Affiliated with a Church":"img_Affiliated with a Church_field-tooltip", "Match Percent Rate":"img_Match Percent Rate_field-tooltip", ... ]: null

27-02-2025T17:41:26 - [TEST_STEP][PASSED] - tooltipText = ["Affiliated with a Church":"Select 'Yes' for candidates who indicate they are affiliated with a church and could get a church staff reference.", "Paid & Volunteer Positions":"Select all that apply to your typical assignments.  'No Preference' will not filter out profiles based on a person's financial preference for a position.", ... ]: null

27-02-2025T17:41:26 - [TEST_STEP][PASSED] - requiredFieldMsgs = ["Paid & Volunteer Positions":"The financial support field is required."]: null

27-02-2025T17:41:26 - [TEST_STEP][PASSED] - url = getUrl(OPTIONAL): Current window's url is: 'https://journey.missionnext.org/profile?requestUri=/dashboard'

27-02-2025T17:41:26 - [MESSAGE][PASSED] - Current window's url is: 'https://journey.missionnext.org/profile?requestUri=/dashboard'

27-02-2025T17:41:26 - [TEST_STEP][PASSED] - if (!(url) == "https://education." + domain + "/profile?requestUri=/dashboard"): null

27-02-2025T17:41:26 - [TEST_STEP][PASSED] - click(findTestObject("Object Repository/Journey Partner Profile/Tabs/a_Match Filters")): Object: 'Object Repository/Journey Partner Profile/Tabs/a_Match Filters' is clicked on

27-02-2025T17:41:26 - [MESSAGE][PASSED] - Object: 'Object Repository/Journey Partner Profile/Tabs/a_Match Filters' is clicked on

27-02-2025T17:41:26 - [TEST_STEP][PASSED] - tooltipTextMap = callTestCase(findTestCase("_Functions/Get Screenshot and Tooltip Text"), ["varExtension":testName], STOP_ON_FAILURE): Call Test Case 'Test Cases/_Functions/Get Screenshot and Tooltip Text' successfully

27-02-2025T17:41:26 - [TEST_CASE][PASSED] - Test Cases/_Functions/Get Screenshot and Tooltip Text: Test Cases/_Functions/Get Screenshot and Tooltip Text

27-02-2025T17:41:26 - [TEST_STEP][PASSED] - if (fastPath): null

27-02-2025T17:41:26 - [TEST_STEP][PASSED] - frame = new javax.swing.JFrame(): null

27-02-2025T17:41:26 - [TEST_STEP][PASSED] - p = new javax.swing.JPanel(): null

27-02-2025T17:41:26 - [TEST_STEP][PASSED] - l = new javax.swing.JLabel(Getting screenshot and tooltip text..., javax.swing.SwingConstants.CENTER): null

27-02-2025T17:41:26 - [TEST_STEP][PASSED] - frame.add(l): null

27-02-2025T17:41:26 - [TEST_STEP][PASSED] - frame.setSize(300, 100): null

27-02-2025T17:41:26 - [TEST_STEP][PASSED] - frame.setLocation(600, 0): null

27-02-2025T17:41:26 - [TEST_STEP][PASSED] - frame.setAlwaysOnTop(true): null

27-02-2025T17:41:26 - [TEST_STEP][PASSED] - frame.show(): null

27-02-2025T17:41:26 - [TEST_STEP][PASSED] - driver = getWebDriver(): null

27-02-2025T17:41:26 - [TEST_STEP][PASSED] - path = "/Users/cckozie/Documents/MissionNext/Screenshots and Tooltip Text/": null

27-02-2025T17:41:26 - [TEST_STEP][PASSED] - if (binding.hasVariable("varExtension")): null

27-02-2025T17:41:26 - [TEST_STEP][PASSED] - extension = varExtension: null

27-02-2025T17:41:26 - [TEST_STEP][PASSED] - println("Extension is " + extension): null

27-02-2025T17:41:26 - [TEST_STEP][PASSED] - fileBase = path + extension: null

27-02-2025T17:41:26 - [TEST_STEP][PASSED] - fileImage = fileBase + "_Screenshot.png": null

27-02-2025T17:41:26 - [TEST_STEP][PASSED] - waitForPageLoad(30): Wait for page load successfully

27-02-2025T17:41:26 - [MESSAGE][PASSED] - Wait for page load successfully

27-02-2025T17:41:26 - [TEST_STEP][PASSED] - spinner = driver.findElement(By.xpath("/html/body/div[1]/div/div[2]")): null

27-02-2025T17:41:26 - [TEST_STEP][PASSED] - executor = driver: null

27-02-2025T17:41:26 - [TEST_STEP][PASSED] - elementAttributes = executor.executeScript("var items = {}; for (index = 0; index < arguments[0].attributes.length; ++index) { items[arguments[0].attributes[index].name] = arguments[0].attributes[index].value }; return items;", spinner): null

27-02-2025T17:41:26 - [TEST_STEP][PASSED] - attrs = elementAttributes.toString(): null

27-02-2025T17:41:26 - [TEST_STEP][PASSED] - waits = 0: null

27-02-2025T17:41:26 - [TEST_STEP][PASSED] - while (attrs.indexOf("display: none") < 0 && waits < 2): null

27-02-2025T17:41:26 - [TEST_STEP][PASSED] - delay(1): Delayed 1 second(s)

27-02-2025T17:41:27 - [MESSAGE][PASSED] - Delayed 1 second(s)

27-02-2025T17:41:27 - [TEST_STEP][PASSED] - attrs = elementAttributes.toString(): null

27-02-2025T17:41:27 - [TEST_STEP][PASSED] - (waits++): null

27-02-2025T17:41:27 - [TEST_STEP][PASSED] - delay(1): Delayed 1 second(s)

27-02-2025T17:41:28 - [MESSAGE][PASSED] - Delayed 1 second(s)

27-02-2025T17:41:28 - [TEST_STEP][PASSED] - attrs = elementAttributes.toString(): null

27-02-2025T17:41:28 - [TEST_STEP][PASSED] - (waits++): null

27-02-2025T17:41:28 - [TEST_STEP][PASSED] - tooltipMap = callTestCase(findTestCase("_Functions/Get Tooltip Text"), [:], STOP_ON_FAILURE): Call Test Case 'Test Cases/_Functions/Get Tooltip Text' successfully

27-02-2025T17:41:28 - [TEST_CASE][PASSED] - Test Cases/_Functions/Get Tooltip Text: Test Cases/_Functions/Get Tooltip Text

27-02-2025T17:41:28 - [TEST_STEP][PASSED] - fieldTooltips = [:]: null

27-02-2025T17:41:28 - [TEST_STEP][PASSED] - tooltipMap = [:]: null

27-02-2025T17:41:28 - [TEST_STEP][PASSED] - driver = getWebDriver(): null

27-02-2025T17:41:28 - [TEST_STEP][PASSED] - tooltips = driver.findElements(By.className("field-tooltip")): null

27-02-2025T17:41:28 - [TEST_STEP][PASSED] - for (def it : tooltips): null

27-02-2025T17:41:28 - [TEST_STEP][PASSED] - if (it.isDisplayed()): null

27-02-2025T17:41:28 - [TEST_STEP][PASSED] - if (it.isDisplayed()): null

27-02-2025T17:41:28 - [TEST_STEP][PASSED] - if (it.isDisplayed()): null

27-02-2025T17:41:28 - [TEST_STEP][PASSED] - if (it.isDisplayed()): null

27-02-2025T17:41:28 - [TEST_STEP][PASSED] - if (it.isDisplayed()): null

27-02-2025T17:41:28 - [TEST_STEP][PASSED] - if (it.isDisplayed()): null

27-02-2025T17:41:28 - [TEST_STEP][PASSED] - if (it.isDisplayed()): null

27-02-2025T17:41:28 - [TEST_STEP][PASSED] - if (it.isDisplayed()): null

27-02-2025T17:41:28 - [TEST_STEP][PASSED] - if (it.isDisplayed()): null

27-02-2025T17:41:28 - [TEST_STEP][PASSED] - if (it.isDisplayed()): null

27-02-2025T17:41:28 - [TEST_STEP][PASSED] - if (it.isDisplayed()): null

27-02-2025T17:41:28 - [TEST_STEP][PASSED] - if (it.isDisplayed()): null

27-02-2025T17:41:28 - [TEST_STEP][PASSED] - if (it.isDisplayed()): null

27-02-2025T17:41:28 - [TEST_STEP][PASSED] - if (it.isDisplayed()): null

27-02-2025T17:41:28 - [TEST_STEP][PASSED] - if (it.isDisplayed()): null

27-02-2025T17:41:28 - [TEST_STEP][PASSED] - if (it.isDisplayed()): null

27-02-2025T17:41:28 - [TEST_STEP][PASSED] - if (it.isDisplayed()): null

27-02-2025T17:41:28 - [TEST_STEP][PASSED] - if (it.isDisplayed()): null

27-02-2025T17:41:28 - [TEST_STEP][PASSED] - if (it.isDisplayed()): null

27-02-2025T17:41:28 - [TEST_STEP][PASSED] - if (it.isDisplayed()): null

27-02-2025T17:41:28 - [TEST_STEP][PASSED] - if (it.isDisplayed()): null

27-02-2025T17:41:28 - [TEST_STEP][PASSED] - if (it.isDisplayed()): null

27-02-2025T17:41:28 - [TEST_STEP][PASSED] - if (it.isDisplayed()): null

27-02-2025T17:41:28 - [TEST_STEP][PASSED] - if (it.isDisplayed()): null

27-02-2025T17:41:28 - [TEST_STEP][PASSED] - if (it.isDisplayed()): null

27-02-2025T17:41:28 - [TEST_STEP][PASSED] - if (it.isDisplayed()): null

27-02-2025T17:41:28 - [TEST_STEP][PASSED] - if (it.isDisplayed()): null

27-02-2025T17:41:28 - [TEST_STEP][PASSED] - if (it.isDisplayed()): null

27-02-2025T17:41:28 - [TEST_STEP][PASSED] - if (it.isDisplayed()): null

27-02-2025T17:41:28 - [TEST_STEP][PASSED] - if (it.isDisplayed()): null

27-02-2025T17:41:28 - [TEST_STEP][PASSED] - if (it.isDisplayed()): null

27-02-2025T17:41:28 - [TEST_STEP][PASSED] - if (it.isDisplayed()): null

27-02-2025T17:41:28 - [TEST_STEP][PASSED] - if (it.isDisplayed()): null

27-02-2025T17:41:28 - [TEST_STEP][PASSED] - if (it.isDisplayed()): null

27-02-2025T17:41:28 - [TEST_STEP][PASSED] - ttText = it.getAttribute("data-original-title"): null

27-02-2025T17:41:28 - [TEST_STEP][PASSED] - ttLocation = it.getLocation(): null

27-02-2025T17:41:28 - [TEST_STEP][PASSED] - yLocation = ttLocation.getY(): null

27-02-2025T17:41:28 - [TEST_STEP][PASSED] - xLocation = ttLocation.getX(): null

27-02-2025T17:41:28 - [TEST_STEP][PASSED] - fieldTooltips.put(ttText, yLocation): null

27-02-2025T17:41:28 - [TEST_STEP][PASSED] - if (it.isDisplayed()): null

27-02-2025T17:41:28 - [TEST_STEP][PASSED] - ttText = it.getAttribute("data-original-title"): null

27-02-2025T17:41:28 - [TEST_STEP][PASSED] - ttLocation = it.getLocation(): null

27-02-2025T17:41:28 - [TEST_STEP][PASSED] - yLocation = ttLocation.getY(): null

27-02-2025T17:41:28 - [TEST_STEP][PASSED] - xLocation = ttLocation.getX(): null

27-02-2025T17:41:28 - [TEST_STEP][PASSED] - fieldTooltips.put(ttText, yLocation): null

27-02-2025T17:41:28 - [TEST_STEP][PASSED] - if (it.isDisplayed()): null

27-02-2025T17:41:28 - [TEST_STEP][PASSED] - ttText = it.getAttribute("data-original-title"): null

27-02-2025T17:41:28 - [TEST_STEP][PASSED] - ttLocation = it.getLocation(): null

27-02-2025T17:41:28 - [TEST_STEP][PASSED] - yLocation = ttLocation.getY(): null

27-02-2025T17:41:28 - [TEST_STEP][PASSED] - xLocation = ttLocation.getX(): null

27-02-2025T17:41:28 - [TEST_STEP][PASSED] - fieldTooltips.put(ttText, yLocation): null

27-02-2025T17:41:28 - [TEST_STEP][PASSED] - if (it.isDisplayed()): null

27-02-2025T17:41:28 - [TEST_STEP][PASSED] - if (fieldTooltips.size() > 0): null

27-02-2025T17:41:28 - [TEST_STEP][PASSED] - rightBorder = xLocation: null

27-02-2025T17:41:28 - [TEST_STEP][PASSED] - fieldLabels = [:]: null

27-02-2025T17:41:28 - [TEST_STEP][PASSED] - labels = driver.findElements(By.xpath("//label")): null

27-02-2025T17:41:28 - [TEST_STEP][PASSED] - labels.each({ -> ... }): null

27-02-2025T17:41:31 - [TEST_STEP][PASSED] - for (def label : fieldLabels): null

27-02-2025T17:41:31 - [TEST_STEP][PASSED] - y = value: null

27-02-2025T17:41:31 - [TEST_STEP][PASSED] - for (def tooltip : fieldTooltips): null

27-02-2025T17:41:31 - [TEST_STEP][PASSED] - if (value == y || value == y + 1 || value == y - 1): null

27-02-2025T17:41:31 - [TEST_STEP][PASSED] - if (value == y || value == y + 1 || value == y - 1): null

27-02-2025T17:41:31 - [TEST_STEP][PASSED] - if (value == y || value == y + 1 || value == y - 1): null

27-02-2025T17:41:31 - [TEST_STEP][PASSED] - y = value: null

27-02-2025T17:41:31 - [TEST_STEP][PASSED] - for (def tooltip : fieldTooltips): null

27-02-2025T17:41:31 - [TEST_STEP][PASSED] - if (value == y || value == y + 1 || value == y - 1): null

27-02-2025T17:41:31 - [TEST_STEP][PASSED] - tooltipMap.put(key, key): null

27-02-2025T17:41:31 - [TEST_STEP][PASSED] - break: null

27-02-2025T17:41:31 - [TEST_STEP][PASSED] - y = value: null

27-02-2025T17:41:31 - [TEST_STEP][PASSED] - for (def tooltip : fieldTooltips): null

27-02-2025T17:41:31 - [TEST_STEP][PASSED] - if (value == y || value == y + 1 || value == y - 1): null

27-02-2025T17:41:31 - [TEST_STEP][PASSED] - if (value == y || value == y + 1 || value == y - 1): null

27-02-2025T17:41:31 - [TEST_STEP][PASSED] - tooltipMap.put(key, key): null

27-02-2025T17:41:31 - [TEST_STEP][PASSED] - break: null

27-02-2025T17:41:31 - [TEST_STEP][PASSED] - y = value: null

27-02-2025T17:41:31 - [TEST_STEP][PASSED] - for (def tooltip : fieldTooltips): null

27-02-2025T17:41:31 - [TEST_STEP][PASSED] - if (value == y || value == y + 1 || value == y - 1): null

27-02-2025T17:41:31 - [TEST_STEP][PASSED] - if (value == y || value == y + 1 || value == y - 1): null

27-02-2025T17:41:31 - [TEST_STEP][PASSED] - if (value == y || value == y + 1 || value == y - 1): null

27-02-2025T17:41:31 - [TEST_STEP][PASSED] - tooltipMap.put(key, key): null

27-02-2025T17:41:31 - [TEST_STEP][PASSED] - break: null

27-02-2025T17:41:31 - [TEST_STEP][PASSED] - y = value: null

27-02-2025T17:41:31 - [TEST_STEP][PASSED] - for (def tooltip : fieldTooltips): null

27-02-2025T17:41:31 - [TEST_STEP][PASSED] - if (value == y || value == y + 1 || value == y - 1): null

27-02-2025T17:41:31 - [TEST_STEP][PASSED] - if (value == y || value == y + 1 || value == y - 1): null

27-02-2025T17:41:31 - [TEST_STEP][PASSED] - if (value == y || value == y + 1 || value == y - 1): null

27-02-2025T17:41:31 - [TEST_STEP][PASSED] - return tooltipMap: null

27-02-2025T17:41:31 - [MESSAGE][PASSED] - Call Test Case 'Test Cases/_Functions/Get Tooltip Text' successfully

27-02-2025T17:41:31 - [TEST_STEP][PASSED] - if (tooltipMap.size() > 0): null

27-02-2025T17:41:31 - [TEST_STEP][PASSED] - file = fileBase + "_Tooltips.csv": null

27-02-2025T17:41:31 - [TEST_STEP][PASSED] - outText = "FIELD LABEL" + "," + "TOOLTIP TEXT" + "

": null

27-02-2025T17:41:31 - [TEST_STEP][PASSED] - for (def it : tooltipMap): null

27-02-2025T17:41:31 - [TEST_STEP][PASSED] - name = key: null

27-02-2025T17:41:31 - [TEST_STEP][PASSED] - value = value.replace("
", ""): null

27-02-2025T17:41:31 - [TEST_STEP][PASSED] - value = value.trim(): null

27-02-2025T17:41:31 - [TEST_STEP][PASSED] - value = """ + value + """: null

27-02-2025T17:41:31 - [TEST_STEP][PASSED] - outText = outText + name + "," + value: null

27-02-2025T17:41:31 - [TEST_STEP][PASSED] - outText = outText + "
": null

27-02-2025T17:41:31 - [TEST_STEP][PASSED] - println(outText): null

27-02-2025T17:41:31 - [TEST_STEP][PASSED] - name = key: null

27-02-2025T17:41:31 - [TEST_STEP][PASSED] - value = value.replace("
", ""): null

27-02-2025T17:41:31 - [TEST_STEP][PASSED] - value = value.trim(): null

27-02-2025T17:41:31 - [TEST_STEP][PASSED] - value = """ + value + """: null

27-02-2025T17:41:31 - [TEST_STEP][PASSED] - outText = outText + name + "," + value: null

27-02-2025T17:41:31 - [TEST_STEP][PASSED] - outText = outText + "
": null

27-02-2025T17:41:31 - [TEST_STEP][PASSED] - println(outText): null

27-02-2025T17:41:31 - [TEST_STEP][PASSED] - name = key: null

27-02-2025T17:41:31 - [TEST_STEP][PASSED] - value = value.replace("
", ""): null

27-02-2025T17:41:31 - [TEST_STEP][PASSED] - value = value.trim(): null

27-02-2025T17:41:31 - [TEST_STEP][PASSED] - value = """ + value + """: null

27-02-2025T17:41:31 - [TEST_STEP][PASSED] - outText = outText + name + "," + value: null

27-02-2025T17:41:31 - [TEST_STEP][PASSED] - outText = outText + "
": null

27-02-2025T17:41:31 - [TEST_STEP][PASSED] - println(outText): null

27-02-2025T17:41:31 - [TEST_STEP][PASSED] - outFile = new java.io.File(file): null

27-02-2025T17:41:31 - [TEST_STEP][PASSED] - println(outText): null

27-02-2025T17:41:31 - [TEST_STEP][PASSED] - outFile.write(outText): null

27-02-2025T17:41:31 - [TEST_STEP][PASSED] - takeFullPageScreenshot(fileImage): Taking screenshot successfully

27-02-2025T17:41:32 - [MESSAGE][INFO] - 0 hidden object(s)

27-02-2025T17:41:32 - [MESSAGE][PASSED] - Taking screenshot successfully
[[ATTACHMENT|/Users/cckozie/Documents/MissionNext/Screenshots and Tooltip Text/Journey Partner Match Filters Tab_Screenshot.png]]

27-02-2025T17:41:32 - [TEST_STEP][PASSED] - frame.dispose(): null

27-02-2025T17:41:32 - [TEST_STEP][PASSED] - return tooltipMap: null

27-02-2025T17:41:32 - [MESSAGE][PASSED] - Call Test Case 'Test Cases/_Functions/Get Screenshot and Tooltip Text' successfully

27-02-2025T17:41:32 - [TEST_STEP][PASSED] - callTestCase(findTestCase("_Functions/Test Tooltips"), ["varTooltipImagePath":tooltipImagePath, "varTooltips":tooltips, "varTooltipText":tooltipText, "varTestObjectFolder":testObjectFolder, ... ], OPTIONAL): Call Test Case 'Test Cases/_Functions/Test Tooltips' successfully

27-02-2025T17:41:32 - [TEST_CASE][PASSED] - Test Cases/_Functions/Test Tooltips: Test Cases/_Functions/Test Tooltips

27-02-2025T17:41:32 - [TEST_STEP][PASSED] - if (fastPath): null

27-02-2025T17:41:32 - [TEST_STEP][PASSED] - tooltipImagePath = varTooltipImagePath: null

27-02-2025T17:41:32 - [TEST_STEP][PASSED] - tooltips = varTooltips: null

27-02-2025T17:41:32 - [TEST_STEP][PASSED] - tooltipText = varTooltipText: null

27-02-2025T17:41:32 - [TEST_STEP][PASSED] - testObjectFolder = varTestObjectFolder: null

27-02-2025T17:41:32 - [TEST_STEP][PASSED] - tooltipTextMap = varTooltipTextMap: null

27-02-2025T17:41:32 - [TEST_STEP][PASSED] - writeFile = false: null

27-02-2025T17:41:32 - [TEST_STEP][PASSED] - if (outFile != ""): null

27-02-2025T17:41:32 - [TEST_STEP][PASSED] - myFile = outFile: null

27-02-2025T17:41:32 - [TEST_STEP][PASSED] - println(myFile): null

27-02-2025T17:41:32 - [TEST_STEP][PASSED] - outFile = new java.io.File(myFile): null

27-02-2025T17:41:32 - [TEST_STEP][PASSED] - writeFile = true: null

27-02-2025T17:41:32 - [TEST_STEP][PASSED] - driver = getWebDriver(): null

27-02-2025T17:41:32 - [TEST_STEP][PASSED] - action = new org.openqa.selenium.interactions.Actions(driver): null

27-02-2025T17:41:32 - [TEST_STEP][PASSED] - s = new org.sikuli.script.Screen(): null

27-02-2025T17:41:32 - [TEST_STEP][PASSED] - outText = "Verifying the tooltips can be displayed.
": null

27-02-2025T17:41:32 - [TEST_STEP][PASSED] - outFile.append(outText): null

27-02-2025T17:41:32 - [TEST_STEP][PASSED] - first = true: null

27-02-2025T17:41:32 - [TEST_STEP][PASSED] - for (def it : tooltips): null

27-02-2025T17:41:32 - [TEST_STEP][PASSED] - myKey = key: null

27-02-2025T17:41:32 - [TEST_STEP][PASSED] - myValue = value: null

27-02-2025T17:41:32 - [TEST_STEP][PASSED] - println("myKey is " + myKey): null

27-02-2025T17:41:32 - [TEST_STEP][PASSED] - println("myValue is " + myValue): null

27-02-2025T17:41:32 - [TEST_STEP][PASSED] - if (myKey != "dummy"): null

27-02-2025T17:41:32 - [TEST_STEP][PASSED] - else: null

27-02-2025T17:41:32 - [TEST_STEP][PASSED] - myImage = "/Users/cckozie/git/MissionNext-Katalon-Koz/images/dummy.png": null

27-02-2025T17:41:32 - [TEST_STEP][PASSED] - f = new java.io.File(myImage): null

27-02-2025T17:41:32 - [TEST_STEP][PASSED] - if (f.exists()): null

27-02-2025T17:41:32 - [TEST_STEP][PASSED] - println("Looking for " + myImage): null

27-02-2025T17:41:32 - [TEST_STEP][PASSED] - icn = Pattern(myImage).similar(0.10): null

27-02-2025T17:41:32 - [TEST_STEP][PASSED] - found = s.exists(icn): null

27-02-2025T17:41:32 - [TEST_STEP][PASSED] - println(found): null

27-02-2025T17:41:32 - [TEST_STEP][PASSED] - if (found != null): null

27-02-2025T17:41:32 - [TEST_STEP][PASSED] - foundStr = found.toString(): null

27-02-2025T17:41:32 - [TEST_STEP][PASSED] - matchP = foundStr.indexOf("%"): null

27-02-2025T17:41:32 - [TEST_STEP][PASSED] - if (matchP >= 0): null

27-02-2025T17:41:32 - [TEST_STEP][PASSED] - println(matchP): null

27-02-2025T17:41:32 - [TEST_STEP][PASSED] - pct = foundStr.substring(matchP + 1, matchP + 6): null

27-02-2025T17:41:32 - [TEST_STEP][PASSED] - pctF = pct.toFloat(): null

27-02-2025T17:41:32 - [TEST_STEP][PASSED] - outText = "+++ Tooltip match value for " + myKey + " is " + pctF + "%": null

27-02-2025T17:41:32 - [TEST_STEP][PASSED] - min = 80: null

27-02-2025T17:41:32 - [TEST_STEP][PASSED] - if (pctF.toFloat() < min.toFloat()): null

27-02-2025T17:41:32 - [TEST_STEP][PASSED] - outText = ">>>>> " + outText + " <<<<<": null

27-02-2025T17:41:32 - [TEST_STEP][PASSED] - if (myKey != "dummy"): null

27-02-2025T17:41:32 - [TEST_STEP][PASSED] - myKey = key: null

27-02-2025T17:41:32 - [TEST_STEP][PASSED] - myValue = value: null

27-02-2025T17:41:32 - [TEST_STEP][PASSED] - println("myKey is " + myKey): null

27-02-2025T17:41:32 - [TEST_STEP][PASSED] - println("myValue is " + myValue): null

27-02-2025T17:41:32 - [TEST_STEP][PASSED] - if (myKey != "dummy"): null

27-02-2025T17:41:32 - [TEST_STEP][PASSED] - tObj = testObjectFolder + myValue: null

27-02-2025T17:41:32 - [TEST_STEP][PASSED] - click(tObj): null

27-02-2025T17:41:32 - [TEST_STEP][PASSED] - scrollToObject(object): null

27-02-2025T17:41:32 - [TEST_STEP][PASSED] - println("Converting " + object + " to web element"): null

27-02-2025T17:41:32 - [TEST_STEP][PASSED] - element = findWebElement(findTestObject(object), 1): null

27-02-2025T17:41:32 - [TEST_STEP][PASSED] - loc = element.getLocation(): null

27-02-2025T17:41:32 - [TEST_STEP][PASSED] - x = loc.getX(): null

27-02-2025T17:41:32 - [TEST_STEP][PASSED] - if (x >= 560): null

27-02-2025T17:41:32 - [TEST_STEP][PASSED] - y = loc.getY(): null

27-02-2025T17:41:32 - [TEST_STEP][PASSED] - println("Y location is " + y): null

27-02-2025T17:41:32 - [TEST_STEP][PASSED] - top = getViewportTopPosition(): Current viewport's top (y) position is 0

27-02-2025T17:41:32 - [MESSAGE][PASSED] - Current viewport's top (y) position is 0

27-02-2025T17:41:32 - [TEST_STEP][PASSED] - println("Viewport top is " + top): null

27-02-2025T17:41:32 - [TEST_STEP][PASSED] - bottom = top + 600: null

27-02-2025T17:41:32 - [TEST_STEP][PASSED] - if (y - top < 150 || bottom - y < 10): null

27-02-2025T17:41:32 - [TEST_STEP][PASSED] - click(findTestObject(object)): null

27-02-2025T17:41:32 - [MESSAGE][PASSED] - Object: 'Object Repository/Journey Partner Profile/Tabs/Match Filters/img_Affiliated with a Church_field-tooltip' is clicked on

27-02-2025T17:41:32 - [TEST_STEP][PASSED] - delay(1): Delayed 1 second(s)

27-02-2025T17:41:33 - [MESSAGE][PASSED] - Delayed 1 second(s)

27-02-2025T17:41:33 - [TEST_STEP][PASSED] - myImage = tooltipImagePath + myKey + ".png": null

27-02-2025T17:41:33 - [TEST_STEP][PASSED] - f = new java.io.File(myImage): null

27-02-2025T17:41:33 - [TEST_STEP][PASSED] - if (f.exists()): null

27-02-2025T17:41:33 - [TEST_STEP][PASSED] - println("Looking for " + myImage): null

27-02-2025T17:41:33 - [TEST_STEP][PASSED] - icn = Pattern(myImage).similar(0.10): null

27-02-2025T17:41:33 - [TEST_STEP][PASSED] - found = s.exists(icn): null

27-02-2025T17:41:33 - [TEST_STEP][PASSED] - println(found): null

27-02-2025T17:41:33 - [TEST_STEP][PASSED] - if (found != null): null

27-02-2025T17:41:33 - [TEST_STEP][PASSED] - foundStr = found.toString(): null

27-02-2025T17:41:33 - [TEST_STEP][PASSED] - matchP = foundStr.indexOf("%"): null

27-02-2025T17:41:33 - [TEST_STEP][PASSED] - if (matchP >= 0): null

27-02-2025T17:41:33 - [TEST_STEP][PASSED] - println(matchP): null

27-02-2025T17:41:33 - [TEST_STEP][PASSED] - pct = foundStr.substring(matchP + 1, matchP + 6): null

27-02-2025T17:41:33 - [TEST_STEP][PASSED] - pctF = pct.toFloat(): null

27-02-2025T17:41:33 - [TEST_STEP][PASSED] - outText = "+++ Tooltip match value for " + myKey + " is " + pctF + "%": null

27-02-2025T17:41:33 - [TEST_STEP][PASSED] - min = 80: null

27-02-2025T17:41:33 - [TEST_STEP][PASSED] - if (pctF.toFloat() < min.toFloat()): null

27-02-2025T17:41:33 - [TEST_STEP][PASSED] - if (myKey != "dummy"): null

27-02-2025T17:41:33 - [TEST_STEP][PASSED] - println(outText): null

27-02-2025T17:41:33 - [TEST_STEP][PASSED] - outFile.append(outText + "
"): null

27-02-2025T17:41:33 - [TEST_STEP][PASSED] - myKey = key: null

27-02-2025T17:41:33 - [TEST_STEP][PASSED] - myValue = value: null

27-02-2025T17:41:33 - [TEST_STEP][PASSED] - println("myKey is " + myKey): null

27-02-2025T17:41:33 - [TEST_STEP][PASSED] - println("myValue is " + myValue): null

27-02-2025T17:41:33 - [TEST_STEP][PASSED] - if (myKey != "dummy"): null

27-02-2025T17:41:33 - [TEST_STEP][PASSED] - tObj = testObjectFolder + myValue: null

27-02-2025T17:41:33 - [TEST_STEP][PASSED] - click(tObj): null

27-02-2025T17:41:33 - [TEST_STEP][PASSED] - scrollToObject(object): null

27-02-2025T17:41:33 - [TEST_STEP][PASSED] - println("Converting " + object + " to web element"): null

27-02-2025T17:41:33 - [TEST_STEP][PASSED] - element = findWebElement(findTestObject(object), 1): null

27-02-2025T17:41:33 - [TEST_STEP][PASSED] - loc = element.getLocation(): null

27-02-2025T17:41:33 - [TEST_STEP][PASSED] - x = loc.getX(): null

27-02-2025T17:41:33 - [TEST_STEP][PASSED] - if (x >= 560): null

27-02-2025T17:41:33 - [TEST_STEP][PASSED] - y = loc.getY(): null

27-02-2025T17:41:33 - [TEST_STEP][PASSED] - println("Y location is " + y): null

27-02-2025T17:41:33 - [TEST_STEP][PASSED] - top = getViewportTopPosition(): Current viewport's top (y) position is 0

27-02-2025T17:41:33 - [MESSAGE][PASSED] - Current viewport's top (y) position is 0

27-02-2025T17:41:33 - [TEST_STEP][PASSED] - println("Viewport top is " + top): null

27-02-2025T17:41:33 - [TEST_STEP][PASSED] - bottom = top + 600: null

27-02-2025T17:41:33 - [TEST_STEP][PASSED] - if (y - top < 150 || bottom - y < 10): null

27-02-2025T17:41:33 - [TEST_STEP][PASSED] - click(findTestObject(object)): null

27-02-2025T17:41:33 - [MESSAGE][PASSED] - Object: 'Object Repository/Journey Partner Profile/Tabs/Match Filters/img_Match Percent Rate_field-tooltip' is clicked on

27-02-2025T17:41:33 - [TEST_STEP][PASSED] - delay(1): Delayed 1 second(s)

27-02-2025T17:41:34 - [MESSAGE][PASSED] - Delayed 1 second(s)

27-02-2025T17:41:34 - [TEST_STEP][PASSED] - myImage = tooltipImagePath + myKey + ".png": null

27-02-2025T17:41:34 - [TEST_STEP][PASSED] - f = new java.io.File(myImage): null

27-02-2025T17:41:34 - [TEST_STEP][PASSED] - if (f.exists()): null

27-02-2025T17:41:34 - [TEST_STEP][PASSED] - println("Looking for " + myImage): null

27-02-2025T17:41:34 - [TEST_STEP][PASSED] - icn = Pattern(myImage).similar(0.10): null

27-02-2025T17:41:34 - [TEST_STEP][PASSED] - found = s.exists(icn): null

27-02-2025T17:41:34 - [TEST_STEP][PASSED] - println(found): null

27-02-2025T17:41:34 - [TEST_STEP][PASSED] - if (found != null): null

27-02-2025T17:41:34 - [TEST_STEP][PASSED] - foundStr = found.toString(): null

27-02-2025T17:41:34 - [TEST_STEP][PASSED] - matchP = foundStr.indexOf("%"): null

27-02-2025T17:41:34 - [TEST_STEP][PASSED] - if (matchP >= 0): null

27-02-2025T17:41:34 - [TEST_STEP][PASSED] - println(matchP): null

27-02-2025T17:41:34 - [TEST_STEP][PASSED] - pct = foundStr.substring(matchP + 1, matchP + 6): null

27-02-2025T17:41:34 - [TEST_STEP][PASSED] - pctF = pct.toFloat(): null

27-02-2025T17:41:34 - [TEST_STEP][PASSED] - outText = "+++ Tooltip match value for " + myKey + " is " + pctF + "%": null

27-02-2025T17:41:34 - [TEST_STEP][PASSED] - min = 80: null

27-02-2025T17:41:34 - [TEST_STEP][PASSED] - if (pctF.toFloat() < min.toFloat()): null

27-02-2025T17:41:34 - [TEST_STEP][PASSED] - if (myKey != "dummy"): null

27-02-2025T17:41:34 - [TEST_STEP][PASSED] - println(outText): null

27-02-2025T17:41:34 - [TEST_STEP][PASSED] - outFile.append(outText + "
"): null

27-02-2025T17:41:34 - [TEST_STEP][PASSED] - myKey = key: null

27-02-2025T17:41:34 - [TEST_STEP][PASSED] - myValue = value: null

27-02-2025T17:41:34 - [TEST_STEP][PASSED] - println("myKey is " + myKey): null

27-02-2025T17:41:34 - [TEST_STEP][PASSED] - println("myValue is " + myValue): null

27-02-2025T17:41:34 - [TEST_STEP][PASSED] - if (myKey != "dummy"): null

27-02-2025T17:41:34 - [TEST_STEP][PASSED] - tObj = testObjectFolder + myValue: null

27-02-2025T17:41:34 - [TEST_STEP][PASSED] - click(tObj): null

27-02-2025T17:41:34 - [TEST_STEP][PASSED] - scrollToObject(object): null

27-02-2025T17:41:34 - [TEST_STEP][PASSED] - println("Converting " + object + " to web element"): null

27-02-2025T17:41:34 - [TEST_STEP][PASSED] - element = findWebElement(findTestObject(object), 1): null

27-02-2025T17:41:34 - [TEST_STEP][PASSED] - loc = element.getLocation(): null

27-02-2025T17:41:34 - [TEST_STEP][PASSED] - x = loc.getX(): null

27-02-2025T17:41:34 - [TEST_STEP][PASSED] - if (x >= 560): null

27-02-2025T17:41:34 - [TEST_STEP][PASSED] - y = loc.getY(): null

27-02-2025T17:41:34 - [TEST_STEP][PASSED] - println("Y location is " + y): null

27-02-2025T17:41:34 - [TEST_STEP][PASSED] - top = getViewportTopPosition(): Current viewport's top (y) position is 0

27-02-2025T17:41:34 - [MESSAGE][PASSED] - Current viewport's top (y) position is 0

27-02-2025T17:41:34 - [TEST_STEP][PASSED] - println("Viewport top is " + top): null

27-02-2025T17:41:34 - [TEST_STEP][PASSED] - bottom = top + 600: null

27-02-2025T17:41:34 - [TEST_STEP][PASSED] - if (y - top < 150 || bottom - y < 10): null

27-02-2025T17:41:34 - [TEST_STEP][PASSED] - click(findTestObject(object)): null

27-02-2025T17:41:34 - [MESSAGE][PASSED] - Object: 'Object Repository/Journey Partner Profile/Tabs/Match Filters/img_Paid  Volunteer Positions_field-tooltip' is clicked on

27-02-2025T17:41:34 - [TEST_STEP][PASSED] - delay(1): Delayed 1 second(s)

27-02-2025T17:41:36 - [MESSAGE][PASSED] - Delayed 1 second(s)

27-02-2025T17:41:36 - [TEST_STEP][PASSED] - myImage = tooltipImagePath + myKey + ".png": null

27-02-2025T17:41:36 - [TEST_STEP][PASSED] - f = new java.io.File(myImage): null

27-02-2025T17:41:36 - [TEST_STEP][PASSED] - if (f.exists()): null

27-02-2025T17:41:36 - [TEST_STEP][PASSED] - println("Looking for " + myImage): null

27-02-2025T17:41:36 - [TEST_STEP][PASSED] - icn = Pattern(myImage).similar(0.10): null

27-02-2025T17:41:36 - [TEST_STEP][PASSED] - found = s.exists(icn): null

27-02-2025T17:41:36 - [TEST_STEP][PASSED] - println(found): null

27-02-2025T17:41:36 - [TEST_STEP][PASSED] - if (found != null): null

27-02-2025T17:41:36 - [TEST_STEP][PASSED] - foundStr = found.toString(): null

27-02-2025T17:41:36 - [TEST_STEP][PASSED] - matchP = foundStr.indexOf("%"): null

27-02-2025T17:41:36 - [TEST_STEP][PASSED] - if (matchP >= 0): null

27-02-2025T17:41:36 - [TEST_STEP][PASSED] - println(matchP): null

27-02-2025T17:41:36 - [TEST_STEP][PASSED] - pct = foundStr.substring(matchP + 1, matchP + 6): null

27-02-2025T17:41:36 - [TEST_STEP][PASSED] - pctF = pct.toFloat(): null

27-02-2025T17:41:36 - [TEST_STEP][PASSED] - outText = "+++ Tooltip match value for " + myKey + " is " + pctF + "%": null

27-02-2025T17:41:36 - [TEST_STEP][PASSED] - min = 80: null

27-02-2025T17:41:36 - [TEST_STEP][PASSED] - if (pctF.toFloat() < min.toFloat()): null

27-02-2025T17:41:36 - [TEST_STEP][PASSED] - if (myKey != "dummy"): null

27-02-2025T17:41:36 - [TEST_STEP][PASSED] - println(outText): null

27-02-2025T17:41:36 - [TEST_STEP][PASSED] - outFile.append(outText + "
"): null

27-02-2025T17:41:36 - [TEST_STEP][PASSED] - outText = "Verifying the tooltip text on the page is what was expected.
": null

27-02-2025T17:41:36 - [TEST_STEP][PASSED] - println(tooltipTextMap): null

27-02-2025T17:41:36 - [TEST_STEP][PASSED] - outFile.append(outText): null

27-02-2025T17:41:36 - [TEST_STEP][PASSED] - for (def it : tooltipText): null

27-02-2025T17:41:36 - [TEST_STEP][PASSED] - println(it): null

27-02-2025T17:41:36 - [TEST_STEP][PASSED] - myKey = key: null

27-02-2025T17:41:36 - [TEST_STEP][PASSED] - myText = value.replace(""", ""): null

27-02-2025T17:41:36 - [TEST_STEP][PASSED] - myText = myText.trim(): null

27-02-2025T17:41:36 - [TEST_STEP][PASSED] - println(myKey): null

27-02-2025T17:41:36 - [TEST_STEP][PASSED] - println(myText): null

27-02-2025T17:41:36 - [TEST_STEP][PASSED] - println(tooltipTextMap.get(myKey)): null

27-02-2025T17:41:36 - [TEST_STEP][PASSED] - actualText = get(myKey).replace(""", ""): null

27-02-2025T17:41:36 - [TEST_STEP][PASSED] - actualText = actualText.trim(): null

27-02-2025T17:41:36 - [TEST_STEP][PASSED] - println(myKey + ":" + actualText): null

27-02-2025T17:41:36 - [TEST_STEP][PASSED] - if (actualText != myText): null

27-02-2025T17:41:36 - [TEST_STEP][PASSED] - println(it): null

27-02-2025T17:41:36 - [TEST_STEP][PASSED] - myKey = key: null

27-02-2025T17:41:36 - [TEST_STEP][PASSED] - myText = value.replace(""", ""): null

27-02-2025T17:41:36 - [TEST_STEP][PASSED] - myText = myText.trim(): null

27-02-2025T17:41:36 - [TEST_STEP][PASSED] - println(myKey): null

27-02-2025T17:41:36 - [TEST_STEP][PASSED] - println(myText): null

27-02-2025T17:41:36 - [TEST_STEP][PASSED] - println(tooltipTextMap.get(myKey)): null

27-02-2025T17:41:36 - [TEST_STEP][PASSED] - actualText = get(myKey).replace(""", ""): null

27-02-2025T17:41:36 - [TEST_STEP][PASSED] - actualText = actualText.trim(): null

27-02-2025T17:41:36 - [TEST_STEP][PASSED] - println(myKey + ":" + actualText): null

27-02-2025T17:41:36 - [TEST_STEP][PASSED] - if (actualText != myText): null

27-02-2025T17:41:36 - [TEST_STEP][PASSED] - println(it): null

27-02-2025T17:41:36 - [TEST_STEP][PASSED] - myKey = key: null

27-02-2025T17:41:36 - [TEST_STEP][PASSED] - myText = value.replace(""", ""): null

27-02-2025T17:41:36 - [TEST_STEP][PASSED] - myText = myText.trim(): null

27-02-2025T17:41:36 - [TEST_STEP][PASSED] - println(myKey): null

27-02-2025T17:41:36 - [TEST_STEP][PASSED] - println(myText): null

27-02-2025T17:41:36 - [TEST_STEP][PASSED] - println(tooltipTextMap.get(myKey)): null

27-02-2025T17:41:36 - [TEST_STEP][PASSED] - actualText = get(myKey).replace(""", ""): null

27-02-2025T17:41:36 - [TEST_STEP][PASSED] - actualText = actualText.trim(): null

27-02-2025T17:41:36 - [TEST_STEP][PASSED] - println(myKey + ":" + actualText): null

27-02-2025T17:41:36 - [TEST_STEP][PASSED] - if (actualText != myText): null

27-02-2025T17:41:36 - [MESSAGE][PASSED] - Call Test Case 'Test Cases/_Functions/Test Tooltips' successfully

27-02-2025T17:41:36 - [TEST_STEP][PASSED] - outText = "Verifying the required field messages.
": null

27-02-2025T17:41:36 - [TEST_STEP][PASSED] - outFile.append(outText): null

27-02-2025T17:41:36 - [TEST_STEP][PASSED] - fieldList = []: null

27-02-2025T17:41:36 - [TEST_STEP][PASSED] - requiredFieldMsgs.each({ -> ... }): null

27-02-2025T17:41:36 - [TEST_STEP][PASSED] - callTestCase(findTestCase("_Functions/Test Field Error Messages"), ["varFieldList":fieldList, "varRequiredFieldMsgs":requiredFieldMsgs], STOP_ON_FAILURE): Call Test Case 'Test Cases/_Functions/Test Field Error Messages' successfully

27-02-2025T17:41:36 - [TEST_CASE][PASSED] - Test Cases/_Functions/Test Field Error Messages: Test Cases/_Functions/Test Field Error Messages

27-02-2025T17:41:36 - [TEST_STEP][PASSED] - count = callTestCase(findTestCase("_Functions/Find error messages"), ["varFunction":"count"], STOP_ON_FAILURE): Call Test Case 'Test Cases/_Functions/Find error messages' successfully

27-02-2025T17:41:36 - [TEST_CASE][PASSED] - Test Cases/_Functions/Find error messages: Test Cases/_Functions/Find error messages

27-02-2025T17:41:36 - [TEST_STEP][PASSED] - function = "count": null

27-02-2025T17:41:36 - [TEST_STEP][PASSED] - if (binding.hasVariable("varFunction")): null

27-02-2025T17:41:36 - [TEST_STEP][PASSED] - function = varFunction: null

27-02-2025T17:41:36 - [TEST_STEP][PASSED] - title = getWindowTitle(): Current window's title is: 'Journey'

27-02-2025T17:41:36 - [MESSAGE][PASSED] - Current window's title is: 'Journey'

27-02-2025T17:41:36 - [TEST_STEP][PASSED] - println("Page title is " + title): null

27-02-2025T17:41:36 - [TEST_STEP][PASSED] - driver = getWebDriver(): null

27-02-2025T17:41:36 - [TEST_STEP][PASSED] - elements = driver.findElements(By.xpath("//div[@class='col-sm-offset-3 col-sm-9 text-danger']")): null

27-02-2025T17:41:36 - [TEST_STEP][PASSED] - if (function == "count"): null

27-02-2025T17:41:36 - [TEST_STEP][PASSED] - return elements.size(): null

27-02-2025T17:41:36 - [MESSAGE][PASSED] - Call Test Case 'Test Cases/_Functions/Find error messages' successfully

27-02-2025T17:41:36 - [TEST_STEP][PASSED] - outFile = outFile: null

27-02-2025T17:41:36 - [TEST_STEP][PASSED] - if (count == 0): null

27-02-2025T17:41:36 - [TEST_STEP][PASSED] - else: Delayed 0 second(s)

27-02-2025T17:41:36 - [TEST_STEP][PASSED] - fieldList = varFieldList: null

27-02-2025T17:41:36 - [TEST_STEP][PASSED] - requiredFieldMsgs = varRequiredFieldMsgs: null

27-02-2025T17:41:36 - [TEST_STEP][PASSED] - outText = "Verifying error messages for fields " + fieldList: null

27-02-2025T17:41:36 - [TEST_STEP][PASSED] - for (def field : fieldList): null

27-02-2025T17:41:36 - [TEST_STEP][PASSED] - errorMsg = requiredFieldMsgs.get(field): null

27-02-2025T17:41:36 - [TEST_STEP][PASSED] - msg = verifyTextPresent(errorMsg, false, OPTIONAL): Text 'The financial support field is required.' is present on page 

27-02-2025T17:41:36 - [MESSAGE][PASSED] - Text 'The financial support field is required.' is present on page 

27-02-2025T17:41:36 - [TEST_STEP][PASSED] - println(field + ":" + msg): null

27-02-2025T17:41:36 - [TEST_STEP][PASSED] - if (!(msg)): null

27-02-2025T17:41:36 - [TEST_STEP][PASSED] - delay(fieldTestDelay): Delayed 0 second(s)

27-02-2025T17:41:36 - [MESSAGE][PASSED] - Delayed 0 second(s)

27-02-2025T17:41:36 - [MESSAGE][PASSED] - Call Test Case 'Test Cases/_Functions/Test Field Error Messages' successfully

27-02-2025T17:41:36 - [TEST_STEP][PASSED] - callTestCase(findTestCase("_Functions/Click on Group Elements"), ["varXpaths":xpaths, "varParms":parms], STOP_ON_FAILURE): Call Test Case 'Test Cases/_Functions/Click on Group Elements' successfully

27-02-2025T17:41:36 - [TEST_CASE][PASSED] - Test Cases/_Functions/Click on Group Elements: Test Cases/_Functions/Click on Group Elements

27-02-2025T17:41:36 - [TEST_STEP][PASSED] - debug = false: null

27-02-2025T17:41:36 - [TEST_STEP][PASSED] - toggle = true: null

27-02-2025T17:41:36 - [TEST_STEP][PASSED] - frame = new javax.swing.JFrame(): null

27-02-2025T17:41:36 - [TEST_STEP][PASSED] - p = new javax.swing.JPanel(): null

27-02-2025T17:41:36 - [TEST_STEP][PASSED] - l = new javax.swing.JLabel(Making user selections..., javax.swing.SwingConstants.CENTER): null

27-02-2025T17:41:36 - [TEST_STEP][PASSED] - frame.add(l): null

27-02-2025T17:41:36 - [TEST_STEP][PASSED] - frame.setSize(300, 100): null

27-02-2025T17:41:36 - [TEST_STEP][PASSED] - frame.setLocation(600, 0): null

27-02-2025T17:41:36 - [TEST_STEP][PASSED] - frame.setAlwaysOnTop(true): null

27-02-2025T17:41:36 - [TEST_STEP][PASSED] - frame.show(): null

27-02-2025T17:41:36 - [TEST_STEP][PASSED] - driver = getWebDriver(): null

27-02-2025T17:41:36 - [TEST_STEP][PASSED] - println(varParms): null

27-02-2025T17:41:36 - [TEST_STEP][PASSED] - for ([i = 0, i < varXpaths.size(), (i++)]): null

27-02-2025T17:41:36 - [TEST_STEP][PASSED] - if (debug): null

27-02-2025T17:41:36 - [TEST_STEP][PASSED] - if (varParms[i].indexOf("Europe") >= 0): null

27-02-2025T17:41:36 - [TEST_STEP][PASSED] - elements = driver.findElements(By.xpath(varXpaths[i])): null

27-02-2025T17:41:36 - [TEST_STEP][PASSED] - element_count = elements.size(): null

27-02-2025T17:41:36 - [TEST_STEP][PASSED] - for (def element : elements): null

27-02-2025T17:41:36 - [TEST_STEP][PASSED] - myValue = element.getAttribute("value"): null

27-02-2025T17:41:36 - [TEST_STEP][PASSED] - if (debug): null

27-02-2025T17:41:36 - [TEST_STEP][PASSED] - if (myValue.length() >= 4): null

27-02-2025T17:41:36 - [TEST_STEP][PASSED] - if (myValue.substring(0, 4) == "(!) "): null

27-02-2025T17:41:36 - [TEST_STEP][PASSED] - myType = element.getAttribute("type"): null

27-02-2025T17:41:36 - [TEST_STEP][PASSED] - if (myValue in varParms[i]): null

27-02-2025T17:41:36 - [TEST_STEP][PASSED] - else: null

27-02-2025T17:41:36 - [TEST_STEP][PASSED] - inList = false: null

27-02-2025T17:41:36 - [TEST_STEP][PASSED] - if (myType == "checkbox"): null

27-02-2025T17:41:36 - [TEST_STEP][PASSED] - myStatus = element.isSelected(): null

27-02-2025T17:41:36 - [TEST_STEP][PASSED] - if (debug): null

27-02-2025T17:41:36 - [TEST_STEP][PASSED] - if (toggle && myStatus && inList): null

27-02-2025T17:41:36 - [TEST_STEP][PASSED] - if (!(myStatus) && inList || myStatus && !(inList)): null

27-02-2025T17:41:36 - [TEST_STEP][PASSED] - myValue = element.getAttribute("value"): null

27-02-2025T17:41:36 - [TEST_STEP][PASSED] - if (debug): null

27-02-2025T17:41:36 - [TEST_STEP][PASSED] - if (myValue.length() >= 4): null

27-02-2025T17:41:36 - [TEST_STEP][PASSED] - if (myValue.substring(0, 4) == "(!) "): null

27-02-2025T17:41:36 - [TEST_STEP][PASSED] - myType = element.getAttribute("type"): null

27-02-2025T17:41:36 - [TEST_STEP][PASSED] - if (myValue in varParms[i]): null

27-02-2025T17:41:36 - [TEST_STEP][PASSED] - else: null

27-02-2025T17:41:36 - [TEST_STEP][PASSED] - inList = false: null

27-02-2025T17:41:36 - [TEST_STEP][PASSED] - if (myType == "checkbox"): null

27-02-2025T17:41:36 - [TEST_STEP][PASSED] - myStatus = element.isSelected(): null

27-02-2025T17:41:36 - [TEST_STEP][PASSED] - if (debug): null

27-02-2025T17:41:36 - [TEST_STEP][PASSED] - if (toggle && myStatus && inList): null

27-02-2025T17:41:36 - [TEST_STEP][PASSED] - if (!(myStatus) && inList || myStatus && !(inList)): null

27-02-2025T17:41:36 - [TEST_STEP][PASSED] - myValue = element.getAttribute("value"): null

27-02-2025T17:41:36 - [TEST_STEP][PASSED] - if (debug): null

27-02-2025T17:41:36 - [TEST_STEP][PASSED] - if (myValue.length() >= 4): null

27-02-2025T17:41:36 - [TEST_STEP][PASSED] - if (myValue.substring(0, 4) == "(!) "): null

27-02-2025T17:41:36 - [TEST_STEP][PASSED] - myType = element.getAttribute("type"): null

27-02-2025T17:41:36 - [TEST_STEP][PASSED] - if (myValue in varParms[i]): null

27-02-2025T17:41:36 - [TEST_STEP][PASSED] - else: null

27-02-2025T17:41:36 - [TEST_STEP][PASSED] - inList = false: null

27-02-2025T17:41:36 - [TEST_STEP][PASSED] - if (myType == "checkbox"): null

27-02-2025T17:41:36 - [TEST_STEP][PASSED] - myStatus = element.isSelected(): null

27-02-2025T17:41:36 - [TEST_STEP][PASSED] - if (debug): null

27-02-2025T17:41:36 - [TEST_STEP][PASSED] - if (toggle && myStatus && inList): null

27-02-2025T17:41:36 - [TEST_STEP][PASSED] - if (!(myStatus) && inList || myStatus && !(inList)): null

27-02-2025T17:41:36 - [TEST_STEP][PASSED] - myValue = element.getAttribute("value"): null

27-02-2025T17:41:36 - [TEST_STEP][PASSED] - if (debug): null

27-02-2025T17:41:36 - [TEST_STEP][PASSED] - if (myValue.length() >= 4): null

27-02-2025T17:41:36 - [TEST_STEP][PASSED] - if (myValue.substring(0, 4) == "(!) "): null

27-02-2025T17:41:36 - [TEST_STEP][PASSED] - myType = element.getAttribute("type"): null

27-02-2025T17:41:36 - [TEST_STEP][PASSED] - if (myValue in varParms[i]): null

27-02-2025T17:41:36 - [TEST_STEP][PASSED] - inList = true: null

27-02-2025T17:41:36 - [TEST_STEP][PASSED] - if (myType == "checkbox"): null

27-02-2025T17:41:36 - [TEST_STEP][PASSED] - myStatus = element.isSelected(): null

27-02-2025T17:41:36 - [TEST_STEP][PASSED] - if (debug): null

27-02-2025T17:41:36 - [TEST_STEP][PASSED] - if (toggle && myStatus && inList): null

27-02-2025T17:41:36 - [TEST_STEP][PASSED] - if (!(myStatus) && inList || myStatus && !(inList)): null

27-02-2025T17:41:36 - [TEST_STEP][PASSED] - if (debug): null

27-02-2025T17:41:36 - [TEST_STEP][PASSED] - println("Clicking " + myValue): null

27-02-2025T17:41:36 - [TEST_STEP][PASSED] - click(element): null

27-02-2025T17:41:36 - [TEST_STEP][PASSED] - scrollToObject(elem): null

27-02-2025T17:41:36 - [TEST_STEP][PASSED] - loc = element.getLocation(): null

27-02-2025T17:41:36 - [TEST_STEP][PASSED] - if (debug): null

27-02-2025T17:41:36 - [TEST_STEP][PASSED] - y = loc.getY(): null

27-02-2025T17:41:36 - [TEST_STEP][PASSED] - println("Y location is " + y): null

27-02-2025T17:41:36 - [TEST_STEP][PASSED] - top = getViewportTopPosition(): Current viewport's top (y) position is 0

27-02-2025T17:41:36 - [MESSAGE][PASSED] - Current viewport's top (y) position is 0

27-02-2025T17:41:36 - [TEST_STEP][PASSED] - println("Viewport top is " + top): null

27-02-2025T17:41:36 - [TEST_STEP][PASSED] - bottom = top + 600: null

27-02-2025T17:41:36 - [TEST_STEP][PASSED] - if (y - top < 150 || bottom - y < 10): null

27-02-2025T17:41:36 - [TEST_STEP][PASSED] - elem.click(): null

27-02-2025T17:41:36 - [TEST_STEP][PASSED] - myValue = element.getAttribute("value"): null

27-02-2025T17:41:36 - [TEST_STEP][PASSED] - if (debug): null

27-02-2025T17:41:36 - [TEST_STEP][PASSED] - if (myValue.length() >= 4): null

27-02-2025T17:41:36 - [TEST_STEP][PASSED] - if (myValue.substring(0, 4) == "(!) "): null

27-02-2025T17:41:36 - [TEST_STEP][PASSED] - myType = element.getAttribute("type"): null

27-02-2025T17:41:36 - [TEST_STEP][PASSED] - if (myValue in varParms[i]): null

27-02-2025T17:41:36 - [TEST_STEP][PASSED] - inList = true: null

27-02-2025T17:41:36 - [TEST_STEP][PASSED] - if (myType == "checkbox"): null

27-02-2025T17:41:36 - [TEST_STEP][PASSED] - myStatus = element.isSelected(): null

27-02-2025T17:41:36 - [TEST_STEP][PASSED] - if (debug): null

27-02-2025T17:41:36 - [TEST_STEP][PASSED] - if (toggle && myStatus && inList): null

27-02-2025T17:41:36 - [TEST_STEP][PASSED] - if (!(myStatus) && inList || myStatus && !(inList)): null

27-02-2025T17:41:36 - [TEST_STEP][PASSED] - if (debug): null

27-02-2025T17:41:36 - [TEST_STEP][PASSED] - println("Clicking " + myValue): null

27-02-2025T17:41:36 - [TEST_STEP][PASSED] - click(element): null

27-02-2025T17:41:36 - [TEST_STEP][PASSED] - scrollToObject(elem): null

27-02-2025T17:41:36 - [TEST_STEP][PASSED] - loc = element.getLocation(): null

27-02-2025T17:41:36 - [TEST_STEP][PASSED] - if (debug): null

27-02-2025T17:41:36 - [TEST_STEP][PASSED] - y = loc.getY(): null

27-02-2025T17:41:36 - [TEST_STEP][PASSED] - println("Y location is " + y): null

27-02-2025T17:41:36 - [TEST_STEP][PASSED] - top = getViewportTopPosition(): Current viewport's top (y) position is 0

27-02-2025T17:41:36 - [MESSAGE][PASSED] - Current viewport's top (y) position is 0

27-02-2025T17:41:36 - [TEST_STEP][PASSED] - println("Viewport top is " + top): null

27-02-2025T17:41:36 - [TEST_STEP][PASSED] - bottom = top + 600: null

27-02-2025T17:41:36 - [TEST_STEP][PASSED] - if (y - top < 150 || bottom - y < 10): null

27-02-2025T17:41:36 - [TEST_STEP][PASSED] - elem.click(): null

27-02-2025T17:41:36 - [TEST_STEP][PASSED] - myValue = element.getAttribute("value"): null

27-02-2025T17:41:36 - [TEST_STEP][PASSED] - if (debug): null

27-02-2025T17:41:36 - [TEST_STEP][PASSED] - if (myValue.length() >= 4): null

27-02-2025T17:41:36 - [TEST_STEP][PASSED] - if (myValue.substring(0, 4) == "(!) "): null

27-02-2025T17:41:36 - [TEST_STEP][PASSED] - myType = element.getAttribute("type"): null

27-02-2025T17:41:36 - [TEST_STEP][PASSED] - if (myValue in varParms[i]): null

27-02-2025T17:41:36 - [TEST_STEP][PASSED] - else: null

27-02-2025T17:41:36 - [TEST_STEP][PASSED] - inList = false: null

27-02-2025T17:41:36 - [TEST_STEP][PASSED] - if (myType == "checkbox"): null

27-02-2025T17:41:36 - [TEST_STEP][PASSED] - myStatus = element.isSelected(): null

27-02-2025T17:41:36 - [TEST_STEP][PASSED] - if (debug): null

27-02-2025T17:41:36 - [TEST_STEP][PASSED] - if (toggle && myStatus && inList): null

27-02-2025T17:41:36 - [TEST_STEP][PASSED] - if (!(myStatus) && inList || myStatus && !(inList)): null

27-02-2025T17:41:36 - [TEST_STEP][PASSED] - myValue = element.getAttribute("value"): null

27-02-2025T17:41:36 - [TEST_STEP][PASSED] - if (debug): null

27-02-2025T17:41:36 - [TEST_STEP][PASSED] - if (myValue.length() >= 4): null

27-02-2025T17:41:36 - [TEST_STEP][PASSED] - if (myValue.substring(0, 4) == "(!) "): null

27-02-2025T17:41:36 - [TEST_STEP][PASSED] - myValue = myValue.substring(4): null

27-02-2025T17:41:36 - [TEST_STEP][PASSED] - if (debug): null

27-02-2025T17:41:36 - [TEST_STEP][PASSED] - myType = element.getAttribute("type"): null

27-02-2025T17:41:36 - [TEST_STEP][PASSED] - if (myValue in varParms[i]): null

27-02-2025T17:41:36 - [TEST_STEP][PASSED] - else: null

27-02-2025T17:41:36 - [TEST_STEP][PASSED] - inList = false: null

27-02-2025T17:41:36 - [TEST_STEP][PASSED] - if (myType == "checkbox"): null

27-02-2025T17:41:36 - [TEST_STEP][PASSED] - myStatus = element.isSelected(): null

27-02-2025T17:41:36 - [TEST_STEP][PASSED] - if (debug): null

27-02-2025T17:41:36 - [TEST_STEP][PASSED] - if (toggle && myStatus && inList): null

27-02-2025T17:41:36 - [TEST_STEP][PASSED] - if (!(myStatus) && inList || myStatus && !(inList)): null

27-02-2025T17:41:36 - [TEST_STEP][PASSED] - if (debug): null

27-02-2025T17:41:36 - [TEST_STEP][PASSED] - if (varParms[i].indexOf("Europe") >= 0): null

27-02-2025T17:41:36 - [TEST_STEP][PASSED] - elements = driver.findElements(By.xpath(varXpaths[i])): null

27-02-2025T17:41:36 - [TEST_STEP][PASSED] - element_count = elements.size(): null

27-02-2025T17:41:36 - [TEST_STEP][PASSED] - for (def element : elements): null

27-02-2025T17:41:36 - [TEST_STEP][PASSED] - myValue = element.getAttribute("value"): null

27-02-2025T17:41:36 - [TEST_STEP][PASSED] - if (debug): null

27-02-2025T17:41:36 - [TEST_STEP][PASSED] - if (myValue.length() >= 4): null

27-02-2025T17:41:36 - [TEST_STEP][PASSED] - if (myValue.substring(0, 4) == "(!) "): null

27-02-2025T17:41:36 - [TEST_STEP][PASSED] - myValue = myValue.substring(4): null

27-02-2025T17:41:36 - [TEST_STEP][PASSED] - if (debug): null

27-02-2025T17:41:36 - [TEST_STEP][PASSED] - myType = element.getAttribute("type"): null

27-02-2025T17:41:36 - [TEST_STEP][PASSED] - if (myValue in varParms[i]): null

27-02-2025T17:41:36 - [TEST_STEP][PASSED] - else: null

27-02-2025T17:41:36 - [TEST_STEP][PASSED] - inList = false: null

27-02-2025T17:41:36 - [TEST_STEP][PASSED] - if (myType == "checkbox"): null

27-02-2025T17:41:36 - [TEST_STEP][PASSED] - myStatus = element.isSelected(): null

27-02-2025T17:41:36 - [TEST_STEP][PASSED] - if (debug): null

27-02-2025T17:41:36 - [TEST_STEP][PASSED] - if (toggle && myStatus && inList): null

27-02-2025T17:41:36 - [TEST_STEP][PASSED] - if (!(myStatus) && inList || myStatus && !(inList)): null

27-02-2025T17:41:36 - [TEST_STEP][PASSED] - myValue = element.getAttribute("value"): null

27-02-2025T17:41:36 - [TEST_STEP][PASSED] - if (debug): null

27-02-2025T17:41:36 - [TEST_STEP][PASSED] - if (myValue.length() >= 4): null

27-02-2025T17:41:36 - [TEST_STEP][PASSED] - if (myValue.substring(0, 4) == "(!) "): null

27-02-2025T17:41:36 - [TEST_STEP][PASSED] - myType = element.getAttribute("type"): null

27-02-2025T17:41:36 - [TEST_STEP][PASSED] - if (myValue in varParms[i]): null

27-02-2025T17:41:36 - [TEST_STEP][PASSED] - else: null

27-02-2025T17:41:36 - [TEST_STEP][PASSED] - inList = false: null

27-02-2025T17:41:36 - [TEST_STEP][PASSED] - if (myType == "checkbox"): null

27-02-2025T17:41:36 - [TEST_STEP][PASSED] - myStatus = element.isSelected(): null

27-02-2025T17:41:36 - [TEST_STEP][PASSED] - if (debug): null

27-02-2025T17:41:36 - [TEST_STEP][PASSED] - if (toggle && myStatus && inList): null

27-02-2025T17:41:36 - [TEST_STEP][PASSED] - if (!(myStatus) && inList || myStatus && !(inList)): null

27-02-2025T17:41:36 - [TEST_STEP][PASSED] - myValue = element.getAttribute("value"): null

27-02-2025T17:41:36 - [TEST_STEP][PASSED] - if (debug): null

27-02-2025T17:41:36 - [TEST_STEP][PASSED] - if (myValue.length() >= 4): null

27-02-2025T17:41:36 - [TEST_STEP][PASSED] - if (myValue.substring(0, 4) == "(!) "): null

27-02-2025T17:41:36 - [TEST_STEP][PASSED] - myType = element.getAttribute("type"): null

27-02-2025T17:41:36 - [TEST_STEP][PASSED] - if (myValue in varParms[i]): null

27-02-2025T17:41:36 - [TEST_STEP][PASSED] - else: null

27-02-2025T17:41:36 - [TEST_STEP][PASSED] - inList = false: null

27-02-2025T17:41:36 - [TEST_STEP][PASSED] - if (myType == "checkbox"): null

27-02-2025T17:41:36 - [TEST_STEP][PASSED] - myStatus = element.isSelected(): null

27-02-2025T17:41:36 - [TEST_STEP][PASSED] - if (debug): null

27-02-2025T17:41:36 - [TEST_STEP][PASSED] - if (toggle && myStatus && inList): null

27-02-2025T17:41:36 - [TEST_STEP][PASSED] - if (!(myStatus) && inList || myStatus && !(inList)): null

27-02-2025T17:41:36 - [TEST_STEP][PASSED] - myValue = element.getAttribute("value"): null

27-02-2025T17:41:36 - [TEST_STEP][PASSED] - if (debug): null

27-02-2025T17:41:36 - [TEST_STEP][PASSED] - if (myValue.length() >= 4): null

27-02-2025T17:41:36 - [TEST_STEP][PASSED] - if (myValue.substring(0, 4) == "(!) "): null

27-02-2025T17:41:36 - [TEST_STEP][PASSED] - myType = element.getAttribute("type"): null

27-02-2025T17:41:36 - [TEST_STEP][PASSED] - if (myValue in varParms[i]): null

27-02-2025T17:41:36 - [TEST_STEP][PASSED] - else: null

27-02-2025T17:41:36 - [TEST_STEP][PASSED] - inList = false: null

27-02-2025T17:41:36 - [TEST_STEP][PASSED] - if (myType == "checkbox"): null

27-02-2025T17:41:36 - [TEST_STEP][PASSED] - myStatus = element.isSelected(): null

27-02-2025T17:41:36 - [TEST_STEP][PASSED] - if (debug): null

27-02-2025T17:41:36 - [TEST_STEP][PASSED] - if (toggle && myStatus && inList): null

27-02-2025T17:41:36 - [TEST_STEP][PASSED] - if (!(myStatus) && inList || myStatus && !(inList)): null

27-02-2025T17:41:36 - [TEST_STEP][PASSED] - myValue = element.getAttribute("value"): null

27-02-2025T17:41:36 - [TEST_STEP][PASSED] - if (debug): null

27-02-2025T17:41:36 - [TEST_STEP][PASSED] - if (myValue.length() >= 4): null

27-02-2025T17:41:36 - [TEST_STEP][PASSED] - if (myValue.substring(0, 4) == "(!) "): null

27-02-2025T17:41:36 - [TEST_STEP][PASSED] - myType = element.getAttribute("type"): null

27-02-2025T17:41:36 - [TEST_STEP][PASSED] - if (myValue in varParms[i]): null

27-02-2025T17:41:36 - [TEST_STEP][PASSED] - else: null

27-02-2025T17:41:36 - [TEST_STEP][PASSED] - inList = false: null

27-02-2025T17:41:36 - [TEST_STEP][PASSED] - if (myType == "checkbox"): null

27-02-2025T17:41:36 - [TEST_STEP][PASSED] - myStatus = element.isSelected(): null

27-02-2025T17:41:36 - [TEST_STEP][PASSED] - if (debug): null

27-02-2025T17:41:36 - [TEST_STEP][PASSED] - if (toggle && myStatus && inList): null

27-02-2025T17:41:36 - [TEST_STEP][PASSED] - if (!(myStatus) && inList || myStatus && !(inList)): null

27-02-2025T17:41:36 - [TEST_STEP][PASSED] - myValue = element.getAttribute("value"): null

27-02-2025T17:41:36 - [TEST_STEP][PASSED] - if (debug): null

27-02-2025T17:41:36 - [TEST_STEP][PASSED] - if (myValue.length() >= 4): null

27-02-2025T17:41:36 - [TEST_STEP][PASSED] - if (myValue.substring(0, 4) == "(!) "): null

27-02-2025T17:41:36 - [TEST_STEP][PASSED] - myType = element.getAttribute("type"): null

27-02-2025T17:41:36 - [TEST_STEP][PASSED] - if (myValue in varParms[i]): null

27-02-2025T17:41:36 - [TEST_STEP][PASSED] - else: null

27-02-2025T17:41:36 - [TEST_STEP][PASSED] - inList = false: null

27-02-2025T17:41:36 - [TEST_STEP][PASSED] - if (myType == "checkbox"): null

27-02-2025T17:41:36 - [TEST_STEP][PASSED] - myStatus = element.isSelected(): null

27-02-2025T17:41:36 - [TEST_STEP][PASSED] - if (debug): null

27-02-2025T17:41:36 - [TEST_STEP][PASSED] - if (toggle && myStatus && inList): null

27-02-2025T17:41:36 - [TEST_STEP][PASSED] - if (!(myStatus) && inList || myStatus && !(inList)): null

27-02-2025T17:41:36 - [TEST_STEP][PASSED] - myValue = element.getAttribute("value"): null

27-02-2025T17:41:36 - [TEST_STEP][PASSED] - if (debug): null

27-02-2025T17:41:36 - [TEST_STEP][PASSED] - if (myValue.length() >= 4): null

27-02-2025T17:41:36 - [TEST_STEP][PASSED] - if (myValue.substring(0, 4) == "(!) "): null

27-02-2025T17:41:36 - [TEST_STEP][PASSED] - myType = element.getAttribute("type"): null

27-02-2025T17:41:36 - [TEST_STEP][PASSED] - if (myValue in varParms[i]): null

27-02-2025T17:41:36 - [TEST_STEP][PASSED] - else: null

27-02-2025T17:41:36 - [TEST_STEP][PASSED] - inList = false: null

27-02-2025T17:41:36 - [TEST_STEP][PASSED] - if (myType == "checkbox"): null

27-02-2025T17:41:36 - [TEST_STEP][PASSED] - myStatus = element.isSelected(): null

27-02-2025T17:41:36 - [TEST_STEP][PASSED] - if (debug): null

27-02-2025T17:41:36 - [TEST_STEP][PASSED] - if (toggle && myStatus && inList): null

27-02-2025T17:41:36 - [TEST_STEP][PASSED] - if (!(myStatus) && inList || myStatus && !(inList)): null

27-02-2025T17:41:36 - [TEST_STEP][PASSED] - myValue = element.getAttribute("value"): null

27-02-2025T17:41:36 - [TEST_STEP][PASSED] - if (debug): null

27-02-2025T17:41:36 - [TEST_STEP][PASSED] - if (myValue.length() >= 4): null

27-02-2025T17:41:36 - [TEST_STEP][PASSED] - if (myValue.substring(0, 4) == "(!) "): null

27-02-2025T17:41:36 - [TEST_STEP][PASSED] - myType = element.getAttribute("type"): null

27-02-2025T17:41:36 - [TEST_STEP][PASSED] - if (myValue in varParms[i]): null

27-02-2025T17:41:36 - [TEST_STEP][PASSED] - inList = true: null

27-02-2025T17:41:36 - [TEST_STEP][PASSED] - if (myType == "checkbox"): null

27-02-2025T17:41:36 - [TEST_STEP][PASSED] - myStatus = element.isSelected(): null

27-02-2025T17:41:36 - [TEST_STEP][PASSED] - if (debug): null

27-02-2025T17:41:36 - [TEST_STEP][PASSED] - if (toggle && myStatus && inList): null

27-02-2025T17:41:36 - [TEST_STEP][PASSED] - if (!(myStatus) && inList || myStatus && !(inList)): null

27-02-2025T17:41:36 - [TEST_STEP][PASSED] - if (debug): null

27-02-2025T17:41:36 - [TEST_STEP][PASSED] - println("Clicking " + myValue): null

27-02-2025T17:41:36 - [TEST_STEP][PASSED] - click(element): null

27-02-2025T17:41:36 - [TEST_STEP][PASSED] - scrollToObject(elem): null

27-02-2025T17:41:36 - [TEST_STEP][PASSED] - loc = element.getLocation(): null

27-02-2025T17:41:36 - [TEST_STEP][PASSED] - if (debug): null

27-02-2025T17:41:36 - [TEST_STEP][PASSED] - y = loc.getY(): null

27-02-2025T17:41:36 - [TEST_STEP][PASSED] - println("Y location is " + y): null

27-02-2025T17:41:36 - [TEST_STEP][PASSED] - top = getViewportTopPosition(): Current viewport's top (y) position is 0

27-02-2025T17:41:36 - [MESSAGE][PASSED] - Current viewport's top (y) position is 0

27-02-2025T17:41:36 - [TEST_STEP][PASSED] - println("Viewport top is " + top): null

27-02-2025T17:41:36 - [TEST_STEP][PASSED] - bottom = top + 600: null

27-02-2025T17:41:36 - [TEST_STEP][PASSED] - if (y - top < 150 || bottom - y < 10): Delayed 1 second(s)

27-02-2025T17:41:36 - [TEST_STEP][PASSED] - scrollToPosition(0, y - 150): Browser is scrolled to position x = 0, y = 496

27-02-2025T17:41:36 - [MESSAGE][PASSED] - Browser is scrolled to position x = 0, y = 496

27-02-2025T17:41:36 - [TEST_STEP][PASSED] - delay(1): Delayed 1 second(s)

27-02-2025T17:41:37 - [MESSAGE][PASSED] - Delayed 1 second(s)

27-02-2025T17:41:37 - [TEST_STEP][PASSED] - elem.click(): null

27-02-2025T17:41:37 - [TEST_STEP][PASSED] - myValue = element.getAttribute("value"): null

27-02-2025T17:41:37 - [TEST_STEP][PASSED] - if (debug): null

27-02-2025T17:41:37 - [TEST_STEP][PASSED] - if (myValue.length() >= 4): null

27-02-2025T17:41:37 - [TEST_STEP][PASSED] - if (myValue.substring(0, 4) == "(!) "): null

27-02-2025T17:41:37 - [TEST_STEP][PASSED] - myType = element.getAttribute("type"): null

27-02-2025T17:41:37 - [TEST_STEP][PASSED] - if (myValue in varParms[i]): null

27-02-2025T17:41:37 - [TEST_STEP][PASSED] - inList = true: null

27-02-2025T17:41:37 - [TEST_STEP][PASSED] - if (myType == "checkbox"): null

27-02-2025T17:41:37 - [TEST_STEP][PASSED] - myStatus = element.isSelected(): null

27-02-2025T17:41:37 - [TEST_STEP][PASSED] - if (debug): null

27-02-2025T17:41:37 - [TEST_STEP][PASSED] - if (toggle && myStatus && inList): null

27-02-2025T17:41:37 - [TEST_STEP][PASSED] - if (!(myStatus) && inList || myStatus && !(inList)): null

27-02-2025T17:41:37 - [TEST_STEP][PASSED] - if (debug): null

27-02-2025T17:41:37 - [TEST_STEP][PASSED] - println("Clicking " + myValue): null

27-02-2025T17:41:37 - [TEST_STEP][PASSED] - click(element): null

27-02-2025T17:41:37 - [TEST_STEP][PASSED] - scrollToObject(elem): null

27-02-2025T17:41:37 - [TEST_STEP][PASSED] - loc = element.getLocation(): null

27-02-2025T17:41:37 - [TEST_STEP][PASSED] - if (debug): null

27-02-2025T17:41:37 - [TEST_STEP][PASSED] - y = loc.getY(): null

27-02-2025T17:41:37 - [TEST_STEP][PASSED] - println("Y location is " + y): null

27-02-2025T17:41:37 - [TEST_STEP][PASSED] - top = getViewportTopPosition(): Current viewport's top (y) position is 320

27-02-2025T17:41:37 - [MESSAGE][PASSED] - Current viewport's top (y) position is 320

27-02-2025T17:41:37 - [TEST_STEP][PASSED] - println("Viewport top is " + top): null

27-02-2025T17:41:37 - [TEST_STEP][PASSED] - bottom = top + 600: null

27-02-2025T17:41:37 - [TEST_STEP][PASSED] - if (y - top < 150 || bottom - y < 10): null

27-02-2025T17:41:37 - [TEST_STEP][PASSED] - elem.click(): null

27-02-2025T17:41:37 - [TEST_STEP][PASSED] - myValue = element.getAttribute("value"): null

27-02-2025T17:41:37 - [TEST_STEP][PASSED] - if (debug): null

27-02-2025T17:41:37 - [TEST_STEP][PASSED] - if (myValue.length() >= 4): null

27-02-2025T17:41:37 - [TEST_STEP][PASSED] - if (myValue.substring(0, 4) == "(!) "): null

27-02-2025T17:41:37 - [TEST_STEP][PASSED] - myType = element.getAttribute("type"): null

27-02-2025T17:41:37 - [TEST_STEP][PASSED] - if (myValue in varParms[i]): null

27-02-2025T17:41:37 - [TEST_STEP][PASSED] - inList = true: null

27-02-2025T17:41:37 - [TEST_STEP][PASSED] - if (myType == "checkbox"): null

27-02-2025T17:41:37 - [TEST_STEP][PASSED] - myStatus = element.isSelected(): null

27-02-2025T17:41:37 - [TEST_STEP][PASSED] - if (debug): null

27-02-2025T17:41:37 - [TEST_STEP][PASSED] - if (toggle && myStatus && inList): null

27-02-2025T17:41:37 - [TEST_STEP][PASSED] - if (!(myStatus) && inList || myStatus && !(inList)): null

27-02-2025T17:41:37 - [TEST_STEP][PASSED] - if (debug): null

27-02-2025T17:41:37 - [TEST_STEP][PASSED] - println("Clicking " + myValue): null

27-02-2025T17:41:37 - [TEST_STEP][PASSED] - click(element): null

27-02-2025T17:41:37 - [TEST_STEP][PASSED] - scrollToObject(elem): null

27-02-2025T17:41:37 - [TEST_STEP][PASSED] - loc = element.getLocation(): null

27-02-2025T17:41:37 - [TEST_STEP][PASSED] - if (debug): null

27-02-2025T17:41:37 - [TEST_STEP][PASSED] - y = loc.getY(): null

27-02-2025T17:41:37 - [TEST_STEP][PASSED] - println("Y location is " + y): null

27-02-2025T17:41:37 - [TEST_STEP][PASSED] - top = getViewportTopPosition(): Current viewport's top (y) position is 320

27-02-2025T17:41:37 - [MESSAGE][PASSED] - Current viewport's top (y) position is 320

27-02-2025T17:41:37 - [TEST_STEP][PASSED] - println("Viewport top is " + top): null

27-02-2025T17:41:37 - [TEST_STEP][PASSED] - bottom = top + 600: null

27-02-2025T17:41:37 - [TEST_STEP][PASSED] - if (y - top < 150 || bottom - y < 10): null

27-02-2025T17:41:37 - [TEST_STEP][PASSED] - elem.click(): null

27-02-2025T17:41:37 - [TEST_STEP][PASSED] - myValue = element.getAttribute("value"): null

27-02-2025T17:41:37 - [TEST_STEP][PASSED] - if (debug): null

27-02-2025T17:41:37 - [TEST_STEP][PASSED] - if (myValue.length() >= 4): null

27-02-2025T17:41:37 - [TEST_STEP][PASSED] - if (myValue.substring(0, 4) == "(!) "): null

27-02-2025T17:41:37 - [TEST_STEP][PASSED] - myType = element.getAttribute("type"): null

27-02-2025T17:41:37 - [TEST_STEP][PASSED] - if (myValue in varParms[i]): null

27-02-2025T17:41:37 - [TEST_STEP][PASSED] - else: null

27-02-2025T17:41:37 - [TEST_STEP][PASSED] - inList = false: null

27-02-2025T17:41:37 - [TEST_STEP][PASSED] - if (myType == "checkbox"): null

27-02-2025T17:41:37 - [TEST_STEP][PASSED] - myStatus = element.isSelected(): null

27-02-2025T17:41:37 - [TEST_STEP][PASSED] - if (debug): null

27-02-2025T17:41:37 - [TEST_STEP][PASSED] - if (toggle && myStatus && inList): null

27-02-2025T17:41:37 - [TEST_STEP][PASSED] - if (!(myStatus) && inList || myStatus && !(inList)): null

27-02-2025T17:41:37 - [TEST_STEP][PASSED] - frame.dispose(): null

27-02-2025T17:41:37 - [MESSAGE][PASSED] - Call Test Case 'Test Cases/_Functions/Click on Group Elements' successfully

27-02-2025T17:41:37 - [TEST_STEP][PASSED] - if (varAffiliated_with_a_church != null): Call Test Case 'Test Cases/_Functions/Perform Action' successfully

27-02-2025T17:41:37 - [TEST_STEP][PASSED] - object = "Object Repository/Journey Partner Profile/Tabs/Match Filters/select_Affiliated with a Church": null

27-02-2025T17:41:37 - [TEST_STEP][PASSED] - callTestCase(findTestCase("_Functions/Perform Action"), ["varAction":"selectOptionByValue", "varObject":object, "varParm1":varAffiliated_with_a_church], STOP_ON_FAILURE): Call Test Case 'Test Cases/_Functions/Perform Action' successfully

27-02-2025T17:41:37 - [TEST_CASE][PASSED] - Test Cases/_Functions/Perform Action: Test Cases/_Functions/Perform Action

27-02-2025T17:41:37 - [TEST_STEP][PASSED] - action = varAction: null

27-02-2025T17:41:37 - [TEST_STEP][PASSED] - println(action): null

27-02-2025T17:41:37 - [TEST_STEP][PASSED] - testObject = varObject: null

27-02-2025T17:41:37 - [TEST_STEP][PASSED] - println(testObject): null

27-02-2025T17:41:37 - [TEST_STEP][PASSED] - parm1 = varParm1: null

27-02-2025T17:41:37 - [TEST_STEP][PASSED] - println(parm1): null

27-02-2025T17:41:37 - [TEST_STEP][PASSED] - println("Converting " + testObject + " to web element"): null

27-02-2025T17:41:37 - [TEST_STEP][PASSED] - element = findWebElement(findTestObject(testObject), 1): null

27-02-2025T17:41:37 - [TEST_STEP][PASSED] - loc = element.getLocation(): null

27-02-2025T17:41:37 - [TEST_STEP][PASSED] - y = loc.getY(): null

27-02-2025T17:41:37 - [TEST_STEP][PASSED] - println("Y location is " + y): null

27-02-2025T17:41:37 - [TEST_STEP][PASSED] - top = getViewportTopPosition(): Current viewport's top (y) position is 320

27-02-2025T17:41:37 - [MESSAGE][PASSED] - Current viewport's top (y) position is 320

27-02-2025T17:41:37 - [TEST_STEP][PASSED] - println("Viewport top is " + top): null

27-02-2025T17:41:37 - [TEST_STEP][PASSED] - bottom = top + 600: null

27-02-2025T17:41:37 - [TEST_STEP][PASSED] - if (y - top < 150 || bottom - y < 10): Delayed 1 second(s)

27-02-2025T17:41:37 - [TEST_STEP][PASSED] - scrollToPosition(0, y - 150): Browser is scrolled to position x = 0, y = 253

27-02-2025T17:41:37 - [MESSAGE][PASSED] - Browser is scrolled to position x = 0, y = 253

27-02-2025T17:41:37 - [TEST_STEP][PASSED] - delay(1): Delayed 1 second(s)

27-02-2025T17:41:38 - [MESSAGE][PASSED] - Delayed 1 second(s)

27-02-2025T17:41:38 - [TEST_STEP][PASSED] - if (action == "click"): null

27-02-2025T17:41:38 - [TEST_STEP][PASSED] - else if (action == "selectOptionByValue"): All options with value 'Yes' are selected in object 'Object Repository/Journey Partner Profile/Tabs/Match Filters/select_Affiliated with a Church' 

27-02-2025T17:41:38 - [TEST_STEP][PASSED] - println("Selecting " + parm1): null

27-02-2025T17:41:38 - [TEST_STEP][PASSED] - selectOptionByValue(findTestObject(testObject), parm1, false): All options with value 'Yes' are selected in object 'Object Repository/Journey Partner Profile/Tabs/Match Filters/select_Affiliated with a Church' 

27-02-2025T17:41:38 - [MESSAGE][PASSED] - All options with value 'Yes' are selected in object 'Object Repository/Journey Partner Profile/Tabs/Match Filters/select_Affiliated with a Church' 

27-02-2025T17:41:38 - [MESSAGE][PASSED] - Call Test Case 'Test Cases/_Functions/Perform Action' successfully

27-02-2025T17:41:38 - [TEST_STEP][PASSED] - if (varMatch_percent_rate != null): Call Test Case 'Test Cases/_Functions/Perform Action' successfully

27-02-2025T17:41:38 - [TEST_STEP][PASSED] - object = "Object Repository/Journey Partner Profile/Tabs/Match Filters/select_Match Percent Rate": null

27-02-2025T17:41:38 - [TEST_STEP][PASSED] - callTestCase(findTestCase("_Functions/Perform Action"), ["varAction":"selectOptionByValue", "varObject":object, "varParm1":varMatch_percent_rate], STOP_ON_FAILURE): Call Test Case 'Test Cases/_Functions/Perform Action' successfully

27-02-2025T17:41:38 - [TEST_CASE][PASSED] - Test Cases/_Functions/Perform Action: Test Cases/_Functions/Perform Action

27-02-2025T17:41:38 - [TEST_STEP][PASSED] - action = varAction: null

27-02-2025T17:41:38 - [TEST_STEP][PASSED] - println(action): null

27-02-2025T17:41:38 - [TEST_STEP][PASSED] - testObject = varObject: null

27-02-2025T17:41:38 - [TEST_STEP][PASSED] - println(testObject): null

27-02-2025T17:41:38 - [TEST_STEP][PASSED] - parm1 = varParm1: null

27-02-2025T17:41:38 - [TEST_STEP][PASSED] - println(parm1): null

27-02-2025T17:41:38 - [TEST_STEP][PASSED] - println("Converting " + testObject + " to web element"): null

27-02-2025T17:41:38 - [TEST_STEP][PASSED] - element = findWebElement(findTestObject(testObject), 1): null

27-02-2025T17:41:39 - [TEST_STEP][PASSED] - loc = element.getLocation(): null

27-02-2025T17:41:39 - [TEST_STEP][PASSED] - y = loc.getY(): null

27-02-2025T17:41:39 - [TEST_STEP][PASSED] - println("Y location is " + y): null

27-02-2025T17:41:39 - [TEST_STEP][PASSED] - top = getViewportTopPosition(): Current viewport's top (y) position is 253

27-02-2025T17:41:39 - [MESSAGE][PASSED] - Current viewport's top (y) position is 253

27-02-2025T17:41:39 - [TEST_STEP][PASSED] - println("Viewport top is " + top): null

27-02-2025T17:41:39 - [TEST_STEP][PASSED] - bottom = top + 600: null

27-02-2025T17:41:39 - [TEST_STEP][PASSED] - if (y - top < 150 || bottom - y < 10): null

27-02-2025T17:41:39 - [TEST_STEP][PASSED] - if (action == "click"): null

27-02-2025T17:41:39 - [TEST_STEP][PASSED] - else if (action == "selectOptionByValue"): All options with value '60' are selected in object 'Object Repository/Journey Partner Profile/Tabs/Match Filters/select_Match Percent Rate' 

27-02-2025T17:41:39 - [TEST_STEP][PASSED] - println("Selecting " + parm1): null

27-02-2025T17:41:39 - [TEST_STEP][PASSED] - selectOptionByValue(findTestObject(testObject), parm1, false): All options with value '60' are selected in object 'Object Repository/Journey Partner Profile/Tabs/Match Filters/select_Match Percent Rate' 

27-02-2025T17:41:39 - [MESSAGE][PASSED] - All options with value '60' are selected in object 'Object Repository/Journey Partner Profile/Tabs/Match Filters/select_Match Percent Rate' 

27-02-2025T17:41:39 - [MESSAGE][PASSED] - Call Test Case 'Test Cases/_Functions/Perform Action' successfully

27-02-2025T17:41:39 - [TEST_STEP][PASSED] - object = "Journey Partner Profile/Tabs/btn_Complete Submit": null

27-02-2025T17:41:39 - [TEST_STEP][PASSED] - callTestCase(findTestCase("_Functions/Perform Action"), ["varAction":"click", "varObject":object], STOP_ON_FAILURE): Call Test Case 'Test Cases/_Functions/Perform Action' successfully

27-02-2025T17:41:39 - [TEST_CASE][PASSED] - Test Cases/_Functions/Perform Action: Test Cases/_Functions/Perform Action

27-02-2025T17:41:39 - [TEST_STEP][PASSED] - action = varAction: null

27-02-2025T17:41:39 - [TEST_STEP][PASSED] - println(action): null

27-02-2025T17:41:39 - [TEST_STEP][PASSED] - testObject = varObject: null

27-02-2025T17:41:39 - [TEST_STEP][PASSED] - println(testObject): null

27-02-2025T17:41:39 - [TEST_STEP][PASSED] - parm1 = varParm1: null

27-02-2025T17:41:39 - [TEST_STEP][PASSED] - println(parm1): null

27-02-2025T17:41:39 - [TEST_STEP][PASSED] - println("Converting " + testObject + " to web element"): null

27-02-2025T17:41:39 - [TEST_STEP][PASSED] - element = findWebElement(findTestObject(testObject), 1): null

27-02-2025T17:41:39 - [TEST_STEP][PASSED] - loc = element.getLocation(): null

27-02-2025T17:41:39 - [TEST_STEP][PASSED] - y = loc.getY(): null

27-02-2025T17:41:39 - [TEST_STEP][PASSED] - println("Y location is " + y): null

27-02-2025T17:41:39 - [TEST_STEP][PASSED] - top = getViewportTopPosition(): Current viewport's top (y) position is 253

27-02-2025T17:41:39 - [MESSAGE][PASSED] - Current viewport's top (y) position is 253

27-02-2025T17:41:39 - [TEST_STEP][PASSED] - println("Viewport top is " + top): null

27-02-2025T17:41:39 - [TEST_STEP][PASSED] - bottom = top + 600: null

27-02-2025T17:41:39 - [TEST_STEP][PASSED] - if (y - top < 150 || bottom - y < 10): null

27-02-2025T17:41:39 - [TEST_STEP][PASSED] - if (action == "click"): Object: 'Object Repository/Journey Partner Profile/Tabs/btn_Complete Submit' is clicked on

27-02-2025T17:41:39 - [TEST_STEP][PASSED] - println("clicking"): null

27-02-2025T17:41:39 - [TEST_STEP][PASSED] - click(findTestObject(testObject)): Object: 'Object Repository/Journey Partner Profile/Tabs/btn_Complete Submit' is clicked on

27-02-2025T17:41:43 - [MESSAGE][PASSED] - Object: 'Object Repository/Journey Partner Profile/Tabs/btn_Complete Submit' is clicked on

27-02-2025T17:41:43 - [MESSAGE][PASSED] - Call Test Case 'Test Cases/_Functions/Perform Action' successfully

27-02-2025T17:41:43 - [MESSAGE][PASSED] - Call Test Case 'Test Cases/Journey Partner Profile/Tabs/Set Match Filters' successfully

27-02-2025T17:41:43 - [TEST_STEP][PASSED] - if (pages.size() == 0 || "All" in pages || "Recruiting Countries" in pages): Call Test Case 'Test Cases/Journey Partner Profile/Tabs/Set Recruiting Countries' successfully

27-02-2025T17:41:43 - [TEST_STEP][PASSED] - if (!(fastPath)): Call Test Case 'Test Cases/_Functions/Get Selections from CSV File' successfully

27-02-2025T17:41:43 - [TEST_STEP][PASSED] - click(findTestObject("Object Repository/Journey Partner Profile/Tabs/a_Recruiting Countries")): Object: 'Object Repository/Journey Partner Profile/Tabs/a_Recruiting Countries' is clicked on

27-02-2025T17:41:43 - [MESSAGE][PASSED] - Object: 'Object Repository/Journey Partner Profile/Tabs/a_Recruiting Countries' is clicked on

27-02-2025T17:41:43 - [TEST_STEP][PASSED] - countries = callTestCase(findTestCase("_Functions/Get Selections from CSV File"), ["varFileName":"Journey Partner Forms/Recruiting Countries.csv", "varSelections":"Recruit From Countries"], STOP_ON_FAILURE): Call Test Case 'Test Cases/_Functions/Get Selections from CSV File' successfully

27-02-2025T17:41:43 - [TEST_CASE][PASSED] - Test Cases/_Functions/Get Selections from CSV File: Test Cases/_Functions/Get Selections from CSV File

27-02-2025T17:41:43 - [TEST_STEP][PASSED] - if (fastPath): null

27-02-2025T17:41:43 - [TEST_STEP][PASSED] - reader = <not implemented yet for class: org.codehaus.groovy.ast.expr.EmptyExpression>: null

27-02-2025T17:41:43 - [TEST_STEP][PASSED] - checked = []: null

27-02-2025T17:41:43 - [TEST_STEP][PASSED] - reader = new java.io.BufferedReader(new java.io.FileReader((/Users/cckozie/git/MissionNext-Katalon-Koz/Data Files/ + varFileName))): null

27-02-2025T17:41:43 - [TEST_STEP][PASSED] - line = reader.readLine(): null

27-02-2025T17:41:43 - [TEST_STEP][PASSED] - include = false: null

27-02-2025T17:41:43 - [TEST_STEP][PASSED] - frame = new javax.swing.JFrame(): null

27-02-2025T17:41:43 - [TEST_STEP][PASSED] - p = new javax.swing.JPanel(): null

27-02-2025T17:41:43 - [TEST_STEP][PASSED] - l = new javax.swing.JLabel(Loading selections from file..., javax.swing.SwingConstants.CENTER): null

27-02-2025T17:41:43 - [TEST_STEP][PASSED] - frame.add(l): null

27-02-2025T17:41:43 - [TEST_STEP][PASSED] - frame.setSize(300, 100): null

27-02-2025T17:41:43 - [TEST_STEP][PASSED] - frame.setLocation(600, 0): null

27-02-2025T17:41:43 - [TEST_STEP][PASSED] - frame.setAlwaysOnTop(true): null

27-02-2025T17:41:43 - [TEST_STEP][PASSED] - frame.show(): null

27-02-2025T17:41:43 - [TEST_STEP][PASSED] - while (line != null): null

27-02-2025T17:41:43 - [TEST_STEP][PASSED] - println(line): null

27-02-2025T17:41:43 - [TEST_STEP][PASSED] - group = line.indexOf("<Group>"): null

27-02-2025T17:41:43 - [TEST_STEP][PASSED] - println(group): null

27-02-2025T17:41:43 - [TEST_STEP][PASSED] - if (group >= 0): null

27-02-2025T17:41:43 - [TEST_STEP][PASSED] - selections = line.substring(group + 7, line.length() - 1): null

27-02-2025T17:41:43 - [TEST_STEP][PASSED] - println(selections): null

27-02-2025T17:41:43 - [TEST_STEP][PASSED] - if (selections == varSelections): null

27-02-2025T17:41:43 - [TEST_STEP][PASSED] - include = true: null

27-02-2025T17:41:43 - [TEST_STEP][PASSED] - line = reader.readLine(): null

27-02-2025T17:41:43 - [TEST_STEP][PASSED] - println(line): null

27-02-2025T17:41:43 - [TEST_STEP][PASSED] - group = line.indexOf("<Group>"): null

27-02-2025T17:41:43 - [TEST_STEP][PASSED] - println(group): null

27-02-2025T17:41:43 - [TEST_STEP][PASSED] - if (group >= 0): null

27-02-2025T17:41:43 - [TEST_STEP][PASSED] - else: null

27-02-2025T17:41:43 - [TEST_STEP][PASSED] - if (include): null

27-02-2025T17:41:43 - [TEST_STEP][PASSED] - println(line): null

27-02-2025T17:41:43 - [TEST_STEP][PASSED] - comma = line.indexOf(",y"): null

27-02-2025T17:41:43 - [TEST_STEP][PASSED] - if (comma > 0): null

27-02-2025T17:41:43 - [TEST_STEP][PASSED] - line = reader.readLine(): null

27-02-2025T17:41:43 - [TEST_STEP][PASSED] - println(line): null

27-02-2025T17:41:43 - [TEST_STEP][PASSED] - group = line.indexOf("<Group>"): null

27-02-2025T17:41:43 - [TEST_STEP][PASSED] - println(group): null

27-02-2025T17:41:43 - [TEST_STEP][PASSED] - if (group >= 0): null

27-02-2025T17:41:43 - [TEST_STEP][PASSED] - else: null

27-02-2025T17:41:43 - [TEST_STEP][PASSED] - if (include): null

27-02-2025T17:41:43 - [TEST_STEP][PASSED] - println(line): null

27-02-2025T17:41:43 - [TEST_STEP][PASSED] - comma = line.indexOf(",y"): null

27-02-2025T17:41:43 - [TEST_STEP][PASSED] - if (comma > 0): null

27-02-2025T17:41:43 - [TEST_STEP][PASSED] - line = reader.readLine(): null

27-02-2025T17:41:43 - [TEST_STEP][PASSED] - println(line): null

27-02-2025T17:41:43 - [TEST_STEP][PASSED] - group = line.indexOf("<Group>"): null

27-02-2025T17:41:43 - [TEST_STEP][PASSED] - println(group): null

27-02-2025T17:41:43 - [TEST_STEP][PASSED] - if (group >= 0): null

27-02-2025T17:41:43 - [TEST_STEP][PASSED] - else: null

27-02-2025T17:41:43 - [TEST_STEP][PASSED] - if (include): null

27-02-2025T17:41:43 - [TEST_STEP][PASSED] - println(line): null

27-02-2025T17:41:43 - [TEST_STEP][PASSED] - comma = line.indexOf(",y"): null

27-02-2025T17:41:43 - [TEST_STEP][PASSED] - if (comma > 0): null

27-02-2025T17:41:43 - [TEST_STEP][PASSED] - commaCount = StringUtils.countMatches(line, ","): null

27-02-2025T17:41:43 - [TEST_STEP][PASSED] - if (commaCount > 1): null

27-02-2025T17:41:43 - [TEST_STEP][PASSED] - else: null

27-02-2025T17:41:43 - [TEST_STEP][PASSED] - label = line.substring(1, comma): null

27-02-2025T17:41:43 - [TEST_STEP][PASSED] - println(label): null

27-02-2025T17:41:43 - [TEST_STEP][PASSED] - checked.add(label): null

27-02-2025T17:41:43 - [TEST_STEP][PASSED] - line = reader.readLine(): null

27-02-2025T17:41:43 - [TEST_STEP][PASSED] - println(line): null

27-02-2025T17:41:43 - [TEST_STEP][PASSED] - group = line.indexOf("<Group>"): null

27-02-2025T17:41:43 - [TEST_STEP][PASSED] - println(group): null

27-02-2025T17:41:43 - [TEST_STEP][PASSED] - if (group >= 0): null

27-02-2025T17:41:43 - [TEST_STEP][PASSED] - else: null

27-02-2025T17:41:43 - [TEST_STEP][PASSED] - if (include): null

27-02-2025T17:41:43 - [TEST_STEP][PASSED] - println(line): null

27-02-2025T17:41:43 - [TEST_STEP][PASSED] - comma = line.indexOf(",y"): null

27-02-2025T17:41:43 - [TEST_STEP][PASSED] - if (comma > 0): null

27-02-2025T17:41:43 - [TEST_STEP][PASSED] - line = reader.readLine(): null

27-02-2025T17:41:43 - [TEST_STEP][PASSED] - println(line): null

27-02-2025T17:41:43 - [TEST_STEP][PASSED] - group = line.indexOf("<Group>"): null

27-02-2025T17:41:43 - [TEST_STEP][PASSED] - println(group): null

27-02-2025T17:41:43 - [TEST_STEP][PASSED] - if (group >= 0): null

27-02-2025T17:41:43 - [TEST_STEP][PASSED] - else: null

27-02-2025T17:41:43 - [TEST_STEP][PASSED] - if (include): null

27-02-2025T17:41:43 - [TEST_STEP][PASSED] - println(line): null

27-02-2025T17:41:43 - [TEST_STEP][PASSED] - comma = line.indexOf(",y"): null

27-02-2025T17:41:43 - [TEST_STEP][PASSED] - if (comma > 0): null

27-02-2025T17:41:43 - [TEST_STEP][PASSED] - commaCount = StringUtils.countMatches(line, ","): null

27-02-2025T17:41:43 - [TEST_STEP][PASSED] - if (commaCount > 1): null

27-02-2025T17:41:43 - [TEST_STEP][PASSED] - else: null

27-02-2025T17:41:43 - [TEST_STEP][PASSED] - label = line.substring(1, comma): null

27-02-2025T17:41:43 - [TEST_STEP][PASSED] - println(label): null

27-02-2025T17:41:43 - [TEST_STEP][PASSED] - checked.add(label): null

27-02-2025T17:41:43 - [TEST_STEP][PASSED] - line = reader.readLine(): null

27-02-2025T17:41:43 - [TEST_STEP][PASSED] - println(line): null

27-02-2025T17:41:43 - [TEST_STEP][PASSED] - group = line.indexOf("<Group>"): null

27-02-2025T17:41:43 - [TEST_STEP][PASSED] - println(group): null

27-02-2025T17:41:43 - [TEST_STEP][PASSED] - if (group >= 0): null

27-02-2025T17:41:43 - [TEST_STEP][PASSED] - else: null

27-02-2025T17:41:43 - [TEST_STEP][PASSED] - if (include): null

27-02-2025T17:41:43 - [TEST_STEP][PASSED] - println(line): null

27-02-2025T17:41:43 - [TEST_STEP][PASSED] - comma = line.indexOf(",y"): null

27-02-2025T17:41:43 - [TEST_STEP][PASSED] - if (comma > 0): null

27-02-2025T17:41:43 - [TEST_STEP][PASSED] - line = reader.readLine(): null

27-02-2025T17:41:43 - [TEST_STEP][PASSED] - println(line): null

27-02-2025T17:41:43 - [TEST_STEP][PASSED] - group = line.indexOf("<Group>"): null

27-02-2025T17:41:43 - [TEST_STEP][PASSED] - println(group): null

27-02-2025T17:41:43 - [TEST_STEP][PASSED] - if (group >= 0): null

27-02-2025T17:41:43 - [TEST_STEP][PASSED] - else: null

27-02-2025T17:41:43 - [TEST_STEP][PASSED] - if (include): null

27-02-2025T17:41:43 - [TEST_STEP][PASSED] - println(line): null

27-02-2025T17:41:43 - [TEST_STEP][PASSED] - comma = line.indexOf(",y"): null

27-02-2025T17:41:43 - [TEST_STEP][PASSED] - if (comma > 0): null

27-02-2025T17:41:43 - [TEST_STEP][PASSED] - line = reader.readLine(): null

27-02-2025T17:41:43 - [TEST_STEP][PASSED] - println(line): null

27-02-2025T17:41:43 - [TEST_STEP][PASSED] - group = line.indexOf("<Group>"): null

27-02-2025T17:41:43 - [TEST_STEP][PASSED] - println(group): null

27-02-2025T17:41:43 - [TEST_STEP][PASSED] - if (group >= 0): null

27-02-2025T17:41:43 - [TEST_STEP][PASSED] - else: null

27-02-2025T17:41:43 - [TEST_STEP][PASSED] - if (include): null

27-02-2025T17:41:43 - [TEST_STEP][PASSED] - println(line): null

27-02-2025T17:41:43 - [TEST_STEP][PASSED] - comma = line.indexOf(",y"): null

27-02-2025T17:41:43 - [TEST_STEP][PASSED] - if (comma > 0): null

27-02-2025T17:41:43 - [TEST_STEP][PASSED] - line = reader.readLine(): null

27-02-2025T17:41:43 - [TEST_STEP][PASSED] - println(line): null

27-02-2025T17:41:43 - [TEST_STEP][PASSED] - group = line.indexOf("<Group>"): null

27-02-2025T17:41:43 - [TEST_STEP][PASSED] - println(group): null

27-02-2025T17:41:43 - [TEST_STEP][PASSED] - if (group >= 0): null

27-02-2025T17:41:43 - [TEST_STEP][PASSED] - else: null

27-02-2025T17:41:43 - [TEST_STEP][PASSED] - if (include): null

27-02-2025T17:41:43 - [TEST_STEP][PASSED] - println(line): null

27-02-2025T17:41:43 - [TEST_STEP][PASSED] - comma = line.indexOf(",y"): null

27-02-2025T17:41:43 - [TEST_STEP][PASSED] - if (comma > 0): null

27-02-2025T17:41:43 - [TEST_STEP][PASSED] - line = reader.readLine(): null

27-02-2025T17:41:43 - [TEST_STEP][PASSED] - println(line): null

27-02-2025T17:41:43 - [TEST_STEP][PASSED] - group = line.indexOf("<Group>"): null

27-02-2025T17:41:43 - [TEST_STEP][PASSED] - println(group): null

27-02-2025T17:41:43 - [TEST_STEP][PASSED] - if (group >= 0): null

27-02-2025T17:41:43 - [TEST_STEP][PASSED] - else: null

27-02-2025T17:41:43 - [TEST_STEP][PASSED] - if (include): null

27-02-2025T17:41:43 - [TEST_STEP][PASSED] - println(line): null

27-02-2025T17:41:43 - [TEST_STEP][PASSED] - comma = line.indexOf(",y"): null

27-02-2025T17:41:43 - [TEST_STEP][PASSED] - if (comma > 0): null

27-02-2025T17:41:43 - [TEST_STEP][PASSED] - line = reader.readLine(): null

27-02-2025T17:41:43 - [TEST_STEP][PASSED] - println(line): null

27-02-2025T17:41:43 - [TEST_STEP][PASSED] - group = line.indexOf("<Group>"): null

27-02-2025T17:41:43 - [TEST_STEP][PASSED] - println(group): null

27-02-2025T17:41:43 - [TEST_STEP][PASSED] - if (group >= 0): null

27-02-2025T17:41:43 - [TEST_STEP][PASSED] - else: null

27-02-2025T17:41:43 - [TEST_STEP][PASSED] - if (include): null

27-02-2025T17:41:43 - [TEST_STEP][PASSED] - println(line): null

27-02-2025T17:41:43 - [TEST_STEP][PASSED] - comma = line.indexOf(",y"): null

27-02-2025T17:41:43 - [TEST_STEP][PASSED] - if (comma > 0): null

27-02-2025T17:41:43 - [TEST_STEP][PASSED] - line = reader.readLine(): null

27-02-2025T17:41:43 - [TEST_STEP][PASSED] - println(line): null

27-02-2025T17:41:43 - [TEST_STEP][PASSED] - group = line.indexOf("<Group>"): null

27-02-2025T17:41:43 - [TEST_STEP][PASSED] - println(group): null

27-02-2025T17:41:43 - [TEST_STEP][PASSED] - if (group >= 0): null

27-02-2025T17:41:43 - [TEST_STEP][PASSED] - else: null

27-02-2025T17:41:43 - [TEST_STEP][PASSED] - if (include): null

27-02-2025T17:41:43 - [TEST_STEP][PASSED] - println(line): null

27-02-2025T17:41:43 - [TEST_STEP][PASSED] - comma = line.indexOf(",y"): null

27-02-2025T17:41:43 - [TEST_STEP][PASSED] - if (comma > 0): null

27-02-2025T17:41:43 - [TEST_STEP][PASSED] - line = reader.readLine(): null

27-02-2025T17:41:43 - [TEST_STEP][PASSED] - println(line): null

27-02-2025T17:41:43 - [TEST_STEP][PASSED] - group = line.indexOf("<Group>"): null

27-02-2025T17:41:43 - [TEST_STEP][PASSED] - println(group): null

27-02-2025T17:41:43 - [TEST_STEP][PASSED] - if (group >= 0): null

27-02-2025T17:41:43 - [TEST_STEP][PASSED] - else: null

27-02-2025T17:41:43 - [TEST_STEP][PASSED] - if (include): null

27-02-2025T17:41:43 - [TEST_STEP][PASSED] - println(line): null

27-02-2025T17:41:43 - [TEST_STEP][PASSED] - comma = line.indexOf(",y"): null

27-02-2025T17:41:43 - [TEST_STEP][PASSED] - if (comma > 0): null

27-02-2025T17:41:43 - [TEST_STEP][PASSED] - line = reader.readLine(): null

27-02-2025T17:41:43 - [TEST_STEP][PASSED] - println(line): null

27-02-2025T17:41:43 - [TEST_STEP][PASSED] - group = line.indexOf("<Group>"): null

27-02-2025T17:41:43 - [TEST_STEP][PASSED] - println(group): null

27-02-2025T17:41:43 - [TEST_STEP][PASSED] - if (group >= 0): null

27-02-2025T17:41:43 - [TEST_STEP][PASSED] - else: null

27-02-2025T17:41:43 - [TEST_STEP][PASSED] - if (include): null

27-02-2025T17:41:43 - [TEST_STEP][PASSED] - println(line): null

27-02-2025T17:41:43 - [TEST_STEP][PASSED] - comma = line.indexOf(",y"): null

27-02-2025T17:41:43 - [TEST_STEP][PASSED] - if (comma > 0): null

27-02-2025T17:41:43 - [TEST_STEP][PASSED] - line = reader.readLine(): null

27-02-2025T17:41:43 - [TEST_STEP][PASSED] - println(line): null

27-02-2025T17:41:43 - [TEST_STEP][PASSED] - group = line.indexOf("<Group>"): null

27-02-2025T17:41:43 - [TEST_STEP][PASSED] - println(group): null

27-02-2025T17:41:43 - [TEST_STEP][PASSED] - if (group >= 0): null

27-02-2025T17:41:43 - [TEST_STEP][PASSED] - else: null

27-02-2025T17:41:43 - [TEST_STEP][PASSED] - if (include): null

27-02-2025T17:41:43 - [TEST_STEP][PASSED] - println(line): null

27-02-2025T17:41:43 - [TEST_STEP][PASSED] - comma = line.indexOf(",y"): null

27-02-2025T17:41:43 - [TEST_STEP][PASSED] - if (comma > 0): null

27-02-2025T17:41:43 - [TEST_STEP][PASSED] - commaCount = StringUtils.countMatches(line, ","): null

27-02-2025T17:41:43 - [TEST_STEP][PASSED] - if (commaCount > 1): null

27-02-2025T17:41:43 - [TEST_STEP][PASSED] - else: null

27-02-2025T17:41:43 - [TEST_STEP][PASSED] - label = line.substring(1, comma): null

27-02-2025T17:41:43 - [TEST_STEP][PASSED] - println(label): null

27-02-2025T17:41:43 - [TEST_STEP][PASSED] - checked.add(label): null

27-02-2025T17:41:43 - [TEST_STEP][PASSED] - line = reader.readLine(): null

27-02-2025T17:41:43 - [TEST_STEP][PASSED] - println(line): null

27-02-2025T17:41:43 - [TEST_STEP][PASSED] - group = line.indexOf("<Group>"): null

27-02-2025T17:41:43 - [TEST_STEP][PASSED] - println(group): null

27-02-2025T17:41:43 - [TEST_STEP][PASSED] - if (group >= 0): null

27-02-2025T17:41:43 - [TEST_STEP][PASSED] - else: null

27-02-2025T17:41:43 - [TEST_STEP][PASSED] - if (include): null

27-02-2025T17:41:43 - [TEST_STEP][PASSED] - println(line): null

27-02-2025T17:41:43 - [TEST_STEP][PASSED] - comma = line.indexOf(",y"): null

27-02-2025T17:41:43 - [TEST_STEP][PASSED] - if (comma > 0): null

27-02-2025T17:41:43 - [TEST_STEP][PASSED] - line = reader.readLine(): null

27-02-2025T17:41:43 - [TEST_STEP][PASSED] - println(line): null

27-02-2025T17:41:43 - [TEST_STEP][PASSED] - group = line.indexOf("<Group>"): null

27-02-2025T17:41:43 - [TEST_STEP][PASSED] - println(group): null

27-02-2025T17:41:43 - [TEST_STEP][PASSED] - if (group >= 0): null

27-02-2025T17:41:43 - [TEST_STEP][PASSED] - else: null

27-02-2025T17:41:43 - [TEST_STEP][PASSED] - if (include): null

27-02-2025T17:41:43 - [TEST_STEP][PASSED] - println(line): null

27-02-2025T17:41:43 - [TEST_STEP][PASSED] - comma = line.indexOf(",y"): null

27-02-2025T17:41:43 - [TEST_STEP][PASSED] - if (comma > 0): null

27-02-2025T17:41:43 - [TEST_STEP][PASSED] - line = reader.readLine(): null

27-02-2025T17:41:43 - [TEST_STEP][PASSED] - println(line): null

27-02-2025T17:41:43 - [TEST_STEP][PASSED] - group = line.indexOf("<Group>"): null

27-02-2025T17:41:43 - [TEST_STEP][PASSED] - println(group): null

27-02-2025T17:41:43 - [TEST_STEP][PASSED] - if (group >= 0): null

27-02-2025T17:41:43 - [TEST_STEP][PASSED] - else: null

27-02-2025T17:41:43 - [TEST_STEP][PASSED] - if (include): null

27-02-2025T17:41:43 - [TEST_STEP][PASSED] - println(line): null

27-02-2025T17:41:43 - [TEST_STEP][PASSED] - comma = line.indexOf(",y"): null

27-02-2025T17:41:43 - [TEST_STEP][PASSED] - if (comma > 0): null

27-02-2025T17:41:43 - [TEST_STEP][PASSED] - line = reader.readLine(): null

27-02-2025T17:41:43 - [TEST_STEP][PASSED] - println(line): null

27-02-2025T17:41:43 - [TEST_STEP][PASSED] - group = line.indexOf("<Group>"): null

27-02-2025T17:41:43 - [TEST_STEP][PASSED] - println(group): null

27-02-2025T17:41:43 - [TEST_STEP][PASSED] - if (group >= 0): null

27-02-2025T17:41:43 - [TEST_STEP][PASSED] - else: null

27-02-2025T17:41:43 - [TEST_STEP][PASSED] - if (include): null

27-02-2025T17:41:43 - [TEST_STEP][PASSED] - println(line): null

27-02-2025T17:41:43 - [TEST_STEP][PASSED] - comma = line.indexOf(",y"): null

27-02-2025T17:41:43 - [TEST_STEP][PASSED] - if (comma > 0): null

27-02-2025T17:41:43 - [TEST_STEP][PASSED] - line = reader.readLine(): null

27-02-2025T17:41:43 - [TEST_STEP][PASSED] - println(line): null

27-02-2025T17:41:43 - [TEST_STEP][PASSED] - group = line.indexOf("<Group>"): null

27-02-2025T17:41:43 - [TEST_STEP][PASSED] - println(group): null

27-02-2025T17:41:43 - [TEST_STEP][PASSED] - if (group >= 0): null

27-02-2025T17:41:43 - [TEST_STEP][PASSED] - else: null

27-02-2025T17:41:43 - [TEST_STEP][PASSED] - if (include): null

27-02-2025T17:41:43 - [TEST_STEP][PASSED] - println(line): null

27-02-2025T17:41:43 - [TEST_STEP][PASSED] - comma = line.indexOf(",y"): null

27-02-2025T17:41:43 - [TEST_STEP][PASSED] - if (comma > 0): null

27-02-2025T17:41:43 - [TEST_STEP][PASSED] - line = reader.readLine(): null

27-02-2025T17:41:43 - [TEST_STEP][PASSED] - println(line): null

27-02-2025T17:41:43 - [TEST_STEP][PASSED] - group = line.indexOf("<Group>"): null

27-02-2025T17:41:43 - [TEST_STEP][PASSED] - println(group): null

27-02-2025T17:41:43 - [TEST_STEP][PASSED] - if (group >= 0): null

27-02-2025T17:41:43 - [TEST_STEP][PASSED] - else: null

27-02-2025T17:41:43 - [TEST_STEP][PASSED] - if (include): null

27-02-2025T17:41:43 - [TEST_STEP][PASSED] - println(line): null

27-02-2025T17:41:43 - [TEST_STEP][PASSED] - comma = line.indexOf(",y"): null

27-02-2025T17:41:43 - [TEST_STEP][PASSED] - if (comma > 0): null

27-02-2025T17:41:43 - [TEST_STEP][PASSED] - line = reader.readLine(): null

27-02-2025T17:41:43 - [TEST_STEP][PASSED] - println(line): null

27-02-2025T17:41:43 - [TEST_STEP][PASSED] - group = line.indexOf("<Group>"): null

27-02-2025T17:41:43 - [TEST_STEP][PASSED] - println(group): null

27-02-2025T17:41:43 - [TEST_STEP][PASSED] - if (group >= 0): null

27-02-2025T17:41:43 - [TEST_STEP][PASSED] - else: null

27-02-2025T17:41:43 - [TEST_STEP][PASSED] - if (include): null

27-02-2025T17:41:43 - [TEST_STEP][PASSED] - println(line): null

27-02-2025T17:41:43 - [TEST_STEP][PASSED] - comma = line.indexOf(",y"): null

27-02-2025T17:41:43 - [TEST_STEP][PASSED] - if (comma > 0): null

27-02-2025T17:41:43 - [TEST_STEP][PASSED] - line = reader.readLine(): null

27-02-2025T17:41:43 - [TEST_STEP][PASSED] - println(line): null

27-02-2025T17:41:43 - [TEST_STEP][PASSED] - group = line.indexOf("<Group>"): null

27-02-2025T17:41:43 - [TEST_STEP][PASSED] - println(group): null

27-02-2025T17:41:43 - [TEST_STEP][PASSED] - if (group >= 0): null

27-02-2025T17:41:43 - [TEST_STEP][PASSED] - else: null

27-02-2025T17:41:43 - [TEST_STEP][PASSED] - if (include): null

27-02-2025T17:41:43 - [TEST_STEP][PASSED] - println(line): null

27-02-2025T17:41:43 - [TEST_STEP][PASSED] - comma = line.indexOf(",y"): null

27-02-2025T17:41:43 - [TEST_STEP][PASSED] - if (comma > 0): null

27-02-2025T17:41:43 - [TEST_STEP][PASSED] - line = reader.readLine(): null

27-02-2025T17:41:43 - [TEST_STEP][PASSED] - println(line): null

27-02-2025T17:41:43 - [TEST_STEP][PASSED] - group = line.indexOf("<Group>"): null

27-02-2025T17:41:43 - [TEST_STEP][PASSED] - println(group): null

27-02-2025T17:41:43 - [TEST_STEP][PASSED] - if (group >= 0): null

27-02-2025T17:41:43 - [TEST_STEP][PASSED] - else: null

27-02-2025T17:41:43 - [TEST_STEP][PASSED] - if (include): null

27-02-2025T17:41:43 - [TEST_STEP][PASSED] - println(line): null

27-02-2025T17:41:43 - [TEST_STEP][PASSED] - comma = line.indexOf(",y"): null

27-02-2025T17:41:43 - [TEST_STEP][PASSED] - if (comma > 0): null

27-02-2025T17:41:43 - [TEST_STEP][PASSED] - line = reader.readLine(): null

27-02-2025T17:41:43 - [TEST_STEP][PASSED] - println(line): null

27-02-2025T17:41:43 - [TEST_STEP][PASSED] - group = line.indexOf("<Group>"): null

27-02-2025T17:41:43 - [TEST_STEP][PASSED] - println(group): null

27-02-2025T17:41:43 - [TEST_STEP][PASSED] - if (group >= 0): null

27-02-2025T17:41:43 - [TEST_STEP][PASSED] - else: null

27-02-2025T17:41:43 - [TEST_STEP][PASSED] - if (include): null

27-02-2025T17:41:43 - [TEST_STEP][PASSED] - println(line): null

27-02-2025T17:41:43 - [TEST_STEP][PASSED] - comma = line.indexOf(",y"): null

27-02-2025T17:41:43 - [TEST_STEP][PASSED] - if (comma > 0): null

27-02-2025T17:41:43 - [TEST_STEP][PASSED] - line = reader.readLine(): null

27-02-2025T17:41:43 - [TEST_STEP][PASSED] - println(line): null

27-02-2025T17:41:43 - [TEST_STEP][PASSED] - group = line.indexOf("<Group>"): null

27-02-2025T17:41:43 - [TEST_STEP][PASSED] - println(group): null

27-02-2025T17:41:43 - [TEST_STEP][PASSED] - if (group >= 0): null

27-02-2025T17:41:43 - [TEST_STEP][PASSED] - else: null

27-02-2025T17:41:43 - [TEST_STEP][PASSED] - if (include): null

27-02-2025T17:41:43 - [TEST_STEP][PASSED] - println(line): null

27-02-2025T17:41:43 - [TEST_STEP][PASSED] - comma = line.indexOf(",y"): null

27-02-2025T17:41:43 - [TEST_STEP][PASSED] - if (comma > 0): null

27-02-2025T17:41:43 - [TEST_STEP][PASSED] - commaCount = StringUtils.countMatches(line, ","): null

27-02-2025T17:41:43 - [TEST_STEP][PASSED] - if (commaCount > 1): null

27-02-2025T17:41:43 - [TEST_STEP][PASSED] - else: null

27-02-2025T17:41:43 - [TEST_STEP][PASSED] - label = line.substring(1, comma): null

27-02-2025T17:41:43 - [TEST_STEP][PASSED] - println(label): null

27-02-2025T17:41:43 - [TEST_STEP][PASSED] - checked.add(label): null

27-02-2025T17:41:43 - [TEST_STEP][PASSED] - line = reader.readLine(): null

27-02-2025T17:41:43 - [TEST_STEP][PASSED] - println(line): null

27-02-2025T17:41:43 - [TEST_STEP][PASSED] - group = line.indexOf("<Group>"): null

27-02-2025T17:41:43 - [TEST_STEP][PASSED] - println(group): null

27-02-2025T17:41:43 - [TEST_STEP][PASSED] - if (group >= 0): null

27-02-2025T17:41:43 - [TEST_STEP][PASSED] - else: null

27-02-2025T17:41:43 - [TEST_STEP][PASSED] - if (include): null

27-02-2025T17:41:43 - [TEST_STEP][PASSED] - println(line): null

27-02-2025T17:41:43 - [TEST_STEP][PASSED] - comma = line.indexOf(",y"): null

27-02-2025T17:41:43 - [TEST_STEP][PASSED] - if (comma > 0): null

27-02-2025T17:41:43 - [TEST_STEP][PASSED] - line = reader.readLine(): null

27-02-2025T17:41:43 - [TEST_STEP][PASSED] - println(line): null

27-02-2025T17:41:43 - [TEST_STEP][PASSED] - group = line.indexOf("<Group>"): null

27-02-2025T17:41:43 - [TEST_STEP][PASSED] - println(group): null

27-02-2025T17:41:43 - [TEST_STEP][PASSED] - if (group >= 0): null

27-02-2025T17:41:43 - [TEST_STEP][PASSED] - else: null

27-02-2025T17:41:43 - [TEST_STEP][PASSED] - if (include): null

27-02-2025T17:41:43 - [TEST_STEP][PASSED] - println(line): null

27-02-2025T17:41:43 - [TEST_STEP][PASSED] - comma = line.indexOf(",y"): null

27-02-2025T17:41:43 - [TEST_STEP][PASSED] - if (comma > 0): null

27-02-2025T17:41:43 - [TEST_STEP][PASSED] - line = reader.readLine(): null

27-02-2025T17:41:43 - [TEST_STEP][PASSED] - println(line): null

27-02-2025T17:41:43 - [TEST_STEP][PASSED] - group = line.indexOf("<Group>"): null

27-02-2025T17:41:43 - [TEST_STEP][PASSED] - println(group): null

27-02-2025T17:41:43 - [TEST_STEP][PASSED] - if (group >= 0): null

27-02-2025T17:41:43 - [TEST_STEP][PASSED] - else: null

27-02-2025T17:41:43 - [TEST_STEP][PASSED] - if (include): null

27-02-2025T17:41:43 - [TEST_STEP][PASSED] - println(line): null

27-02-2025T17:41:43 - [TEST_STEP][PASSED] - comma = line.indexOf(",y"): null

27-02-2025T17:41:43 - [TEST_STEP][PASSED] - if (comma > 0): null

27-02-2025T17:41:43 - [TEST_STEP][PASSED] - line = reader.readLine(): null

27-02-2025T17:41:43 - [TEST_STEP][PASSED] - println(line): null

27-02-2025T17:41:43 - [TEST_STEP][PASSED] - group = line.indexOf("<Group>"): null

27-02-2025T17:41:43 - [TEST_STEP][PASSED] - println(group): null

27-02-2025T17:41:43 - [TEST_STEP][PASSED] - if (group >= 0): null

27-02-2025T17:41:43 - [TEST_STEP][PASSED] - else: null

27-02-2025T17:41:43 - [TEST_STEP][PASSED] - if (include): null

27-02-2025T17:41:43 - [TEST_STEP][PASSED] - println(line): null

27-02-2025T17:41:43 - [TEST_STEP][PASSED] - comma = line.indexOf(",y"): null

27-02-2025T17:41:43 - [TEST_STEP][PASSED] - if (comma > 0): null

27-02-2025T17:41:43 - [TEST_STEP][PASSED] - line = reader.readLine(): null

27-02-2025T17:41:43 - [TEST_STEP][PASSED] - println(line): null

27-02-2025T17:41:43 - [TEST_STEP][PASSED] - group = line.indexOf("<Group>"): null

27-02-2025T17:41:43 - [TEST_STEP][PASSED] - println(group): null

27-02-2025T17:41:43 - [TEST_STEP][PASSED] - if (group >= 0): null

27-02-2025T17:41:43 - [TEST_STEP][PASSED] - else: null

27-02-2025T17:41:43 - [TEST_STEP][PASSED] - if (include): null

27-02-2025T17:41:43 - [TEST_STEP][PASSED] - println(line): null

27-02-2025T17:41:43 - [TEST_STEP][PASSED] - comma = line.indexOf(",y"): null

27-02-2025T17:41:43 - [TEST_STEP][PASSED] - if (comma > 0): null

27-02-2025T17:41:43 - [TEST_STEP][PASSED] - line = reader.readLine(): null

27-02-2025T17:41:43 - [TEST_STEP][PASSED] - println(line): null

27-02-2025T17:41:43 - [TEST_STEP][PASSED] - group = line.indexOf("<Group>"): null

27-02-2025T17:41:43 - [TEST_STEP][PASSED] - println(group): null

27-02-2025T17:41:43 - [TEST_STEP][PASSED] - if (group >= 0): null

27-02-2025T17:41:43 - [TEST_STEP][PASSED] - else: null

27-02-2025T17:41:43 - [TEST_STEP][PASSED] - if (include): null

27-02-2025T17:41:43 - [TEST_STEP][PASSED] - println(line): null

27-02-2025T17:41:43 - [TEST_STEP][PASSED] - comma = line.indexOf(",y"): null

27-02-2025T17:41:43 - [TEST_STEP][PASSED] - if (comma > 0): null

27-02-2025T17:41:43 - [TEST_STEP][PASSED] - line = reader.readLine(): null

27-02-2025T17:41:43 - [TEST_STEP][PASSED] - println(line): null

27-02-2025T17:41:43 - [TEST_STEP][PASSED] - group = line.indexOf("<Group>"): null

27-02-2025T17:41:43 - [TEST_STEP][PASSED] - println(group): null

27-02-2025T17:41:43 - [TEST_STEP][PASSED] - if (group >= 0): null

27-02-2025T17:41:43 - [TEST_STEP][PASSED] - else: null

27-02-2025T17:41:43 - [TEST_STEP][PASSED] - if (include): null

27-02-2025T17:41:43 - [TEST_STEP][PASSED] - println(line): null

27-02-2025T17:41:43 - [TEST_STEP][PASSED] - comma = line.indexOf(",y"): null

27-02-2025T17:41:43 - [TEST_STEP][PASSED] - if (comma > 0): null

27-02-2025T17:41:43 - [TEST_STEP][PASSED] - line = reader.readLine(): null

27-02-2025T17:41:43 - [TEST_STEP][PASSED] - println(line): null

27-02-2025T17:41:43 - [TEST_STEP][PASSED] - group = line.indexOf("<Group>"): null

27-02-2025T17:41:43 - [TEST_STEP][PASSED] - println(group): null

27-02-2025T17:41:43 - [TEST_STEP][PASSED] - if (group >= 0): null

27-02-2025T17:41:43 - [TEST_STEP][PASSED] - else: null

27-02-2025T17:41:43 - [TEST_STEP][PASSED] - if (include): null

27-02-2025T17:41:43 - [TEST_STEP][PASSED] - println(line): null

27-02-2025T17:41:43 - [TEST_STEP][PASSED] - comma = line.indexOf(",y"): null

27-02-2025T17:41:43 - [TEST_STEP][PASSED] - if (comma > 0): null

27-02-2025T17:41:43 - [TEST_STEP][PASSED] - line = reader.readLine(): null

27-02-2025T17:41:43 - [TEST_STEP][PASSED] - println(line): null

27-02-2025T17:41:43 - [TEST_STEP][PASSED] - group = line.indexOf("<Group>"): null

27-02-2025T17:41:43 - [TEST_STEP][PASSED] - println(group): null

27-02-2025T17:41:43 - [TEST_STEP][PASSED] - if (group >= 0): null

27-02-2025T17:41:43 - [TEST_STEP][PASSED] - else: null

27-02-2025T17:41:43 - [TEST_STEP][PASSED] - if (include): null

27-02-2025T17:41:43 - [TEST_STEP][PASSED] - println(line): null

27-02-2025T17:41:43 - [TEST_STEP][PASSED] - comma = line.indexOf(",y"): null

27-02-2025T17:41:43 - [TEST_STEP][PASSED] - if (comma > 0): null

27-02-2025T17:41:43 - [TEST_STEP][PASSED] - line = reader.readLine(): null

27-02-2025T17:41:43 - [TEST_STEP][PASSED] - println(line): null

27-02-2025T17:41:43 - [TEST_STEP][PASSED] - group = line.indexOf("<Group>"): null

27-02-2025T17:41:43 - [TEST_STEP][PASSED] - println(group): null

27-02-2025T17:41:43 - [TEST_STEP][PASSED] - if (group >= 0): null

27-02-2025T17:41:43 - [TEST_STEP][PASSED] - else: null

27-02-2025T17:41:43 - [TEST_STEP][PASSED] - if (include): null

27-02-2025T17:41:43 - [TEST_STEP][PASSED] - println(line): null

27-02-2025T17:41:43 - [TEST_STEP][PASSED] - comma = line.indexOf(",y"): null

27-02-2025T17:41:43 - [TEST_STEP][PASSED] - if (comma > 0): null

27-02-2025T17:41:43 - [TEST_STEP][PASSED] - line = reader.readLine(): null

27-02-2025T17:41:43 - [TEST_STEP][PASSED] - println(line): null

27-02-2025T17:41:43 - [TEST_STEP][PASSED] - group = line.indexOf("<Group>"): null

27-02-2025T17:41:43 - [TEST_STEP][PASSED] - println(group): null

27-02-2025T17:41:43 - [TEST_STEP][PASSED] - if (group >= 0): null

27-02-2025T17:41:43 - [TEST_STEP][PASSED] - else: null

27-02-2025T17:41:43 - [TEST_STEP][PASSED] - if (include): null

27-02-2025T17:41:43 - [TEST_STEP][PASSED] - println(line): null

27-02-2025T17:41:43 - [TEST_STEP][PASSED] - comma = line.indexOf(",y"): null

27-02-2025T17:41:43 - [TEST_STEP][PASSED] - if (comma > 0): null

27-02-2025T17:41:43 - [TEST_STEP][PASSED] - line = reader.readLine(): null

27-02-2025T17:41:43 - [TEST_STEP][PASSED] - println(line): null

27-02-2025T17:41:43 - [TEST_STEP][PASSED] - group = line.indexOf("<Group>"): null

27-02-2025T17:41:43 - [TEST_STEP][PASSED] - println(group): null

27-02-2025T17:41:43 - [TEST_STEP][PASSED] - if (group >= 0): null

27-02-2025T17:41:43 - [TEST_STEP][PASSED] - else: null

27-02-2025T17:41:43 - [TEST_STEP][PASSED] - if (include): null

27-02-2025T17:41:43 - [TEST_STEP][PASSED] - println(line): null

27-02-2025T17:41:43 - [TEST_STEP][PASSED] - comma = line.indexOf(",y"): null

27-02-2025T17:41:43 - [TEST_STEP][PASSED] - if (comma > 0): null

27-02-2025T17:41:43 - [TEST_STEP][PASSED] - line = reader.readLine(): null

27-02-2025T17:41:43 - [TEST_STEP][PASSED] - println(line): null

27-02-2025T17:41:43 - [TEST_STEP][PASSED] - group = line.indexOf("<Group>"): null

27-02-2025T17:41:43 - [TEST_STEP][PASSED] - println(group): null

27-02-2025T17:41:43 - [TEST_STEP][PASSED] - if (group >= 0): null

27-02-2025T17:41:43 - [TEST_STEP][PASSED] - else: null

27-02-2025T17:41:43 - [TEST_STEP][PASSED] - if (include): null

27-02-2025T17:41:43 - [TEST_STEP][PASSED] - println(line): null

27-02-2025T17:41:43 - [TEST_STEP][PASSED] - comma = line.indexOf(",y"): null

27-02-2025T17:41:43 - [TEST_STEP][PASSED] - if (comma > 0): null

27-02-2025T17:41:43 - [TEST_STEP][PASSED] - line = reader.readLine(): null

27-02-2025T17:41:43 - [TEST_STEP][PASSED] - println(line): null

27-02-2025T17:41:43 - [TEST_STEP][PASSED] - group = line.indexOf("<Group>"): null

27-02-2025T17:41:43 - [TEST_STEP][PASSED] - println(group): null

27-02-2025T17:41:43 - [TEST_STEP][PASSED] - if (group >= 0): null

27-02-2025T17:41:43 - [TEST_STEP][PASSED] - else: null

27-02-2025T17:41:43 - [TEST_STEP][PASSED] - if (include): null

27-02-2025T17:41:43 - [TEST_STEP][PASSED] - println(line): null

27-02-2025T17:41:43 - [TEST_STEP][PASSED] - comma = line.indexOf(",y"): null

27-02-2025T17:41:43 - [TEST_STEP][PASSED] - if (comma > 0): null

27-02-2025T17:41:43 - [TEST_STEP][PASSED] - line = reader.readLine(): null

27-02-2025T17:41:43 - [TEST_STEP][PASSED] - println(line): null

27-02-2025T17:41:43 - [TEST_STEP][PASSED] - group = line.indexOf("<Group>"): null

27-02-2025T17:41:43 - [TEST_STEP][PASSED] - println(group): null

27-02-2025T17:41:43 - [TEST_STEP][PASSED] - if (group >= 0): null

27-02-2025T17:41:43 - [TEST_STEP][PASSED] - else: null

27-02-2025T17:41:43 - [TEST_STEP][PASSED] - if (include): null

27-02-2025T17:41:43 - [TEST_STEP][PASSED] - println(line): null

27-02-2025T17:41:43 - [TEST_STEP][PASSED] - comma = line.indexOf(",y"): null

27-02-2025T17:41:43 - [TEST_STEP][PASSED] - if (comma > 0): null

27-02-2025T17:41:43 - [TEST_STEP][PASSED] - line = reader.readLine(): null

27-02-2025T17:41:43 - [TEST_STEP][PASSED] - println(line): null

27-02-2025T17:41:43 - [TEST_STEP][PASSED] - group = line.indexOf("<Group>"): null

27-02-2025T17:41:43 - [TEST_STEP][PASSED] - println(group): null

27-02-2025T17:41:43 - [TEST_STEP][PASSED] - if (group >= 0): null

27-02-2025T17:41:43 - [TEST_STEP][PASSED] - else: null

27-02-2025T17:41:43 - [TEST_STEP][PASSED] - if (include): null

27-02-2025T17:41:43 - [TEST_STEP][PASSED] - println(line): null

27-02-2025T17:41:43 - [TEST_STEP][PASSED] - comma = line.indexOf(",y"): null

27-02-2025T17:41:43 - [TEST_STEP][PASSED] - if (comma > 0): null

27-02-2025T17:41:43 - [TEST_STEP][PASSED] - line = reader.readLine(): null

27-02-2025T17:41:43 - [TEST_STEP][PASSED] - println(line): null

27-02-2025T17:41:43 - [TEST_STEP][PASSED] - group = line.indexOf("<Group>"): null

27-02-2025T17:41:43 - [TEST_STEP][PASSED] - println(group): null

27-02-2025T17:41:43 - [TEST_STEP][PASSED] - if (group >= 0): null

27-02-2025T17:41:43 - [TEST_STEP][PASSED] - else: null

27-02-2025T17:41:43 - [TEST_STEP][PASSED] - if (include): null

27-02-2025T17:41:43 - [TEST_STEP][PASSED] - println(line): null

27-02-2025T17:41:43 - [TEST_STEP][PASSED] - comma = line.indexOf(",y"): null

27-02-2025T17:41:43 - [TEST_STEP][PASSED] - if (comma > 0): null

27-02-2025T17:41:43 - [TEST_STEP][PASSED] - line = reader.readLine(): null

27-02-2025T17:41:43 - [TEST_STEP][PASSED] - println(line): null

27-02-2025T17:41:43 - [TEST_STEP][PASSED] - group = line.indexOf("<Group>"): null

27-02-2025T17:41:43 - [TEST_STEP][PASSED] - println(group): null

27-02-2025T17:41:43 - [TEST_STEP][PASSED] - if (group >= 0): null

27-02-2025T17:41:43 - [TEST_STEP][PASSED] - else: null

27-02-2025T17:41:43 - [TEST_STEP][PASSED] - if (include): null

27-02-2025T17:41:43 - [TEST_STEP][PASSED] - println(line): null

27-02-2025T17:41:43 - [TEST_STEP][PASSED] - comma = line.indexOf(",y"): null

27-02-2025T17:41:43 - [TEST_STEP][PASSED] - if (comma > 0): null

27-02-2025T17:41:43 - [TEST_STEP][PASSED] - line = reader.readLine(): null

27-02-2025T17:41:43 - [TEST_STEP][PASSED] - println(line): null

27-02-2025T17:41:43 - [TEST_STEP][PASSED] - group = line.indexOf("<Group>"): null

27-02-2025T17:41:43 - [TEST_STEP][PASSED] - println(group): null

27-02-2025T17:41:43 - [TEST_STEP][PASSED] - if (group >= 0): null

27-02-2025T17:41:43 - [TEST_STEP][PASSED] - else: null

27-02-2025T17:41:43 - [TEST_STEP][PASSED] - if (include): null

27-02-2025T17:41:43 - [TEST_STEP][PASSED] - println(line): null

27-02-2025T17:41:43 - [TEST_STEP][PASSED] - comma = line.indexOf(",y"): null

27-02-2025T17:41:43 - [TEST_STEP][PASSED] - if (comma > 0): null

27-02-2025T17:41:43 - [TEST_STEP][PASSED] - line = reader.readLine(): null

27-02-2025T17:41:43 - [TEST_STEP][PASSED] - println(line): null

27-02-2025T17:41:43 - [TEST_STEP][PASSED] - group = line.indexOf("<Group>"): null

27-02-2025T17:41:43 - [TEST_STEP][PASSED] - println(group): null

27-02-2025T17:41:43 - [TEST_STEP][PASSED] - if (group >= 0): null

27-02-2025T17:41:43 - [TEST_STEP][PASSED] - else: null

27-02-2025T17:41:43 - [TEST_STEP][PASSED] - if (include): null

27-02-2025T17:41:43 - [TEST_STEP][PASSED] - println(line): null

27-02-2025T17:41:43 - [TEST_STEP][PASSED] - comma = line.indexOf(",y"): null

27-02-2025T17:41:43 - [TEST_STEP][PASSED] - if (comma > 0): null

27-02-2025T17:41:43 - [TEST_STEP][PASSED] - line = reader.readLine(): null

27-02-2025T17:41:43 - [TEST_STEP][PASSED] - println(line): null

27-02-2025T17:41:43 - [TEST_STEP][PASSED] - group = line.indexOf("<Group>"): null

27-02-2025T17:41:43 - [TEST_STEP][PASSED] - println(group): null

27-02-2025T17:41:43 - [TEST_STEP][PASSED] - if (group >= 0): null

27-02-2025T17:41:43 - [TEST_STEP][PASSED] - else: null

27-02-2025T17:41:43 - [TEST_STEP][PASSED] - if (include): null

27-02-2025T17:41:43 - [TEST_STEP][PASSED] - println(line): null

27-02-2025T17:41:43 - [TEST_STEP][PASSED] - comma = line.indexOf(",y"): null

27-02-2025T17:41:43 - [TEST_STEP][PASSED] - if (comma > 0): null

27-02-2025T17:41:43 - [TEST_STEP][PASSED] - line = reader.readLine(): null

27-02-2025T17:41:43 - [TEST_STEP][PASSED] - println(line): null

27-02-2025T17:41:43 - [TEST_STEP][PASSED] - group = line.indexOf("<Group>"): null

27-02-2025T17:41:43 - [TEST_STEP][PASSED] - println(group): null

27-02-2025T17:41:43 - [TEST_STEP][PASSED] - if (group >= 0): null

27-02-2025T17:41:43 - [TEST_STEP][PASSED] - else: null

27-02-2025T17:41:43 - [TEST_STEP][PASSED] - if (include): null

27-02-2025T17:41:43 - [TEST_STEP][PASSED] - println(line): null

27-02-2025T17:41:43 - [TEST_STEP][PASSED] - comma = line.indexOf(",y"): null

27-02-2025T17:41:43 - [TEST_STEP][PASSED] - if (comma > 0): null

27-02-2025T17:41:43 - [TEST_STEP][PASSED] - line = reader.readLine(): null

27-02-2025T17:41:43 - [TEST_STEP][PASSED] - println(line): null

27-02-2025T17:41:43 - [TEST_STEP][PASSED] - group = line.indexOf("<Group>"): null

27-02-2025T17:41:43 - [TEST_STEP][PASSED] - println(group): null

27-02-2025T17:41:43 - [TEST_STEP][PASSED] - if (group >= 0): null

27-02-2025T17:41:43 - [TEST_STEP][PASSED] - else: null

27-02-2025T17:41:43 - [TEST_STEP][PASSED] - if (include): null

27-02-2025T17:41:43 - [TEST_STEP][PASSED] - println(line): null

27-02-2025T17:41:43 - [TEST_STEP][PASSED] - comma = line.indexOf(",y"): null

27-02-2025T17:41:43 - [TEST_STEP][PASSED] - if (comma > 0): null

27-02-2025T17:41:43 - [TEST_STEP][PASSED] - line = reader.readLine(): null

27-02-2025T17:41:43 - [TEST_STEP][PASSED] - println(line): null

27-02-2025T17:41:43 - [TEST_STEP][PASSED] - group = line.indexOf("<Group>"): null

27-02-2025T17:41:43 - [TEST_STEP][PASSED] - println(group): null

27-02-2025T17:41:43 - [TEST_STEP][PASSED] - if (group >= 0): null

27-02-2025T17:41:43 - [TEST_STEP][PASSED] - else: null

27-02-2025T17:41:43 - [TEST_STEP][PASSED] - if (include): null

27-02-2025T17:41:43 - [TEST_STEP][PASSED] - println(line): null

27-02-2025T17:41:43 - [TEST_STEP][PASSED] - comma = line.indexOf(",y"): null

27-02-2025T17:41:43 - [TEST_STEP][PASSED] - if (comma > 0): null

27-02-2025T17:41:43 - [TEST_STEP][PASSED] - line = reader.readLine(): null

27-02-2025T17:41:43 - [TEST_STEP][PASSED] - println(line): null

27-02-2025T17:41:43 - [TEST_STEP][PASSED] - group = line.indexOf("<Group>"): null

27-02-2025T17:41:43 - [TEST_STEP][PASSED] - println(group): null

27-02-2025T17:41:43 - [TEST_STEP][PASSED] - if (group >= 0): null

27-02-2025T17:41:43 - [TEST_STEP][PASSED] - else: null

27-02-2025T17:41:43 - [TEST_STEP][PASSED] - if (include): null

27-02-2025T17:41:43 - [TEST_STEP][PASSED] - println(line): null

27-02-2025T17:41:43 - [TEST_STEP][PASSED] - comma = line.indexOf(",y"): null

27-02-2025T17:41:43 - [TEST_STEP][PASSED] - if (comma > 0): null

27-02-2025T17:41:43 - [TEST_STEP][PASSED] - line = reader.readLine(): null

27-02-2025T17:41:43 - [TEST_STEP][PASSED] - println(line): null

27-02-2025T17:41:43 - [TEST_STEP][PASSED] - group = line.indexOf("<Group>"): null

27-02-2025T17:41:43 - [TEST_STEP][PASSED] - println(group): null

27-02-2025T17:41:43 - [TEST_STEP][PASSED] - if (group >= 0): null

27-02-2025T17:41:43 - [TEST_STEP][PASSED] - else: null

27-02-2025T17:41:43 - [TEST_STEP][PASSED] - if (include): null

27-02-2025T17:41:43 - [TEST_STEP][PASSED] - println(line): null

27-02-2025T17:41:43 - [TEST_STEP][PASSED] - comma = line.indexOf(",y"): null

27-02-2025T17:41:43 - [TEST_STEP][PASSED] - if (comma > 0): null

27-02-2025T17:41:43 - [TEST_STEP][PASSED] - commaCount = StringUtils.countMatches(line, ","): null

27-02-2025T17:41:43 - [TEST_STEP][PASSED] - if (commaCount > 1): null

27-02-2025T17:41:43 - [TEST_STEP][PASSED] - else: null

27-02-2025T17:41:43 - [TEST_STEP][PASSED] - label = line.substring(1, comma): null

27-02-2025T17:41:43 - [TEST_STEP][PASSED] - println(label): null

27-02-2025T17:41:43 - [TEST_STEP][PASSED] - checked.add(label): null

27-02-2025T17:41:43 - [TEST_STEP][PASSED] - line = reader.readLine(): null

27-02-2025T17:41:43 - [TEST_STEP][PASSED] - println(line): null

27-02-2025T17:41:43 - [TEST_STEP][PASSED] - group = line.indexOf("<Group>"): null

27-02-2025T17:41:43 - [TEST_STEP][PASSED] - println(group): null

27-02-2025T17:41:43 - [TEST_STEP][PASSED] - if (group >= 0): null

27-02-2025T17:41:43 - [TEST_STEP][PASSED] - else: null

27-02-2025T17:41:43 - [TEST_STEP][PASSED] - if (include): null

27-02-2025T17:41:43 - [TEST_STEP][PASSED] - println(line): null

27-02-2025T17:41:43 - [TEST_STEP][PASSED] - comma = line.indexOf(",y"): null

27-02-2025T17:41:43 - [TEST_STEP][PASSED] - if (comma > 0): null

27-02-2025T17:41:43 - [TEST_STEP][PASSED] - line = reader.readLine(): null

27-02-2025T17:41:43 - [TEST_STEP][PASSED] - println(line): null

27-02-2025T17:41:43 - [TEST_STEP][PASSED] - group = line.indexOf("<Group>"): null

27-02-2025T17:41:43 - [TEST_STEP][PASSED] - println(group): null

27-02-2025T17:41:43 - [TEST_STEP][PASSED] - if (group >= 0): null

27-02-2025T17:41:43 - [TEST_STEP][PASSED] - else: null

27-02-2025T17:41:43 - [TEST_STEP][PASSED] - if (include): null

27-02-2025T17:41:43 - [TEST_STEP][PASSED] - println(line): null

27-02-2025T17:41:43 - [TEST_STEP][PASSED] - comma = line.indexOf(",y"): null

27-02-2025T17:41:43 - [TEST_STEP][PASSED] - if (comma > 0): null

27-02-2025T17:41:43 - [TEST_STEP][PASSED] - line = reader.readLine(): null

27-02-2025T17:41:43 - [TEST_STEP][PASSED] - println(line): null

27-02-2025T17:41:43 - [TEST_STEP][PASSED] - group = line.indexOf("<Group>"): null

27-02-2025T17:41:43 - [TEST_STEP][PASSED] - println(group): null

27-02-2025T17:41:43 - [TEST_STEP][PASSED] - if (group >= 0): null

27-02-2025T17:41:43 - [TEST_STEP][PASSED] - else: null

27-02-2025T17:41:43 - [TEST_STEP][PASSED] - if (include): null

27-02-2025T17:41:43 - [TEST_STEP][PASSED] - println(line): null

27-02-2025T17:41:43 - [TEST_STEP][PASSED] - comma = line.indexOf(",y"): null

27-02-2025T17:41:43 - [TEST_STEP][PASSED] - if (comma > 0): null

27-02-2025T17:41:43 - [TEST_STEP][PASSED] - line = reader.readLine(): null

27-02-2025T17:41:43 - [TEST_STEP][PASSED] - println(line): null

27-02-2025T17:41:43 - [TEST_STEP][PASSED] - group = line.indexOf("<Group>"): null

27-02-2025T17:41:43 - [TEST_STEP][PASSED] - println(group): null

27-02-2025T17:41:43 - [TEST_STEP][PASSED] - if (group >= 0): null

27-02-2025T17:41:43 - [TEST_STEP][PASSED] - else: null

27-02-2025T17:41:43 - [TEST_STEP][PASSED] - if (include): null

27-02-2025T17:41:43 - [TEST_STEP][PASSED] - println(line): null

27-02-2025T17:41:43 - [TEST_STEP][PASSED] - comma = line.indexOf(",y"): null

27-02-2025T17:41:43 - [TEST_STEP][PASSED] - if (comma > 0): null

27-02-2025T17:41:43 - [TEST_STEP][PASSED] - line = reader.readLine(): null

27-02-2025T17:41:43 - [TEST_STEP][PASSED] - println(line): null

27-02-2025T17:41:43 - [TEST_STEP][PASSED] - group = line.indexOf("<Group>"): null

27-02-2025T17:41:43 - [TEST_STEP][PASSED] - println(group): null

27-02-2025T17:41:43 - [TEST_STEP][PASSED] - if (group >= 0): null

27-02-2025T17:41:43 - [TEST_STEP][PASSED] - else: null

27-02-2025T17:41:43 - [TEST_STEP][PASSED] - if (include): null

27-02-2025T17:41:43 - [TEST_STEP][PASSED] - println(line): null

27-02-2025T17:41:43 - [TEST_STEP][PASSED] - comma = line.indexOf(",y"): null

27-02-2025T17:41:43 - [TEST_STEP][PASSED] - if (comma > 0): null

27-02-2025T17:41:43 - [TEST_STEP][PASSED] - line = reader.readLine(): null

27-02-2025T17:41:43 - [TEST_STEP][PASSED] - println(line): null

27-02-2025T17:41:43 - [TEST_STEP][PASSED] - group = line.indexOf("<Group>"): null

27-02-2025T17:41:43 - [TEST_STEP][PASSED] - println(group): null

27-02-2025T17:41:43 - [TEST_STEP][PASSED] - if (group >= 0): null

27-02-2025T17:41:43 - [TEST_STEP][PASSED] - else: null

27-02-2025T17:41:43 - [TEST_STEP][PASSED] - if (include): null

27-02-2025T17:41:43 - [TEST_STEP][PASSED] - println(line): null

27-02-2025T17:41:43 - [TEST_STEP][PASSED] - comma = line.indexOf(",y"): null

27-02-2025T17:41:43 - [TEST_STEP][PASSED] - if (comma > 0): null

27-02-2025T17:41:43 - [TEST_STEP][PASSED] - line = reader.readLine(): null

27-02-2025T17:41:43 - [TEST_STEP][PASSED] - println(line): null

27-02-2025T17:41:43 - [TEST_STEP][PASSED] - group = line.indexOf("<Group>"): null

27-02-2025T17:41:43 - [TEST_STEP][PASSED] - println(group): null

27-02-2025T17:41:43 - [TEST_STEP][PASSED] - if (group >= 0): null

27-02-2025T17:41:43 - [TEST_STEP][PASSED] - else: null

27-02-2025T17:41:43 - [TEST_STEP][PASSED] - if (include): null

27-02-2025T17:41:43 - [TEST_STEP][PASSED] - println(line): null

27-02-2025T17:41:43 - [TEST_STEP][PASSED] - comma = line.indexOf(",y"): null

27-02-2025T17:41:43 - [TEST_STEP][PASSED] - if (comma > 0): null

27-02-2025T17:41:43 - [TEST_STEP][PASSED] - line = reader.readLine(): null

27-02-2025T17:41:43 - [TEST_STEP][PASSED] - println(line): null

27-02-2025T17:41:43 - [TEST_STEP][PASSED] - group = line.indexOf("<Group>"): null

27-02-2025T17:41:43 - [TEST_STEP][PASSED] - println(group): null

27-02-2025T17:41:43 - [TEST_STEP][PASSED] - if (group >= 0): null

27-02-2025T17:41:43 - [TEST_STEP][PASSED] - else: null

27-02-2025T17:41:43 - [TEST_STEP][PASSED] - if (include): null

27-02-2025T17:41:43 - [TEST_STEP][PASSED] - println(line): null

27-02-2025T17:41:43 - [TEST_STEP][PASSED] - comma = line.indexOf(",y"): null

27-02-2025T17:41:43 - [TEST_STEP][PASSED] - if (comma > 0): null

27-02-2025T17:41:43 - [TEST_STEP][PASSED] - line = reader.readLine(): null

27-02-2025T17:41:43 - [TEST_STEP][PASSED] - println(line): null

27-02-2025T17:41:43 - [TEST_STEP][PASSED] - group = line.indexOf("<Group>"): null

27-02-2025T17:41:43 - [TEST_STEP][PASSED] - println(group): null

27-02-2025T17:41:43 - [TEST_STEP][PASSED] - if (group >= 0): null

27-02-2025T17:41:43 - [TEST_STEP][PASSED] - else: null

27-02-2025T17:41:43 - [TEST_STEP][PASSED] - if (include): null

27-02-2025T17:41:43 - [TEST_STEP][PASSED] - println(line): null

27-02-2025T17:41:43 - [TEST_STEP][PASSED] - comma = line.indexOf(",y"): null

27-02-2025T17:41:43 - [TEST_STEP][PASSED] - if (comma > 0): null

27-02-2025T17:41:43 - [TEST_STEP][PASSED] - commaCount = StringUtils.countMatches(line, ","): null

27-02-2025T17:41:43 - [TEST_STEP][PASSED] - if (commaCount > 1): null

27-02-2025T17:41:43 - [TEST_STEP][PASSED] - else: null

27-02-2025T17:41:43 - [TEST_STEP][PASSED] - label = line.substring(1, comma): null

27-02-2025T17:41:43 - [TEST_STEP][PASSED] - println(label): null

27-02-2025T17:41:43 - [TEST_STEP][PASSED] - checked.add(label): null

27-02-2025T17:41:43 - [TEST_STEP][PASSED] - line = reader.readLine(): null

27-02-2025T17:41:43 - [TEST_STEP][PASSED] - println(line): null

27-02-2025T17:41:43 - [TEST_STEP][PASSED] - group = line.indexOf("<Group>"): null

27-02-2025T17:41:43 - [TEST_STEP][PASSED] - println(group): null

27-02-2025T17:41:43 - [TEST_STEP][PASSED] - if (group >= 0): null

27-02-2025T17:41:43 - [TEST_STEP][PASSED] - else: null

27-02-2025T17:41:43 - [TEST_STEP][PASSED] - if (include): null

27-02-2025T17:41:43 - [TEST_STEP][PASSED] - println(line): null

27-02-2025T17:41:43 - [TEST_STEP][PASSED] - comma = line.indexOf(",y"): null

27-02-2025T17:41:43 - [TEST_STEP][PASSED] - if (comma > 0): null

27-02-2025T17:41:43 - [TEST_STEP][PASSED] - line = reader.readLine(): null

27-02-2025T17:41:43 - [TEST_STEP][PASSED] - println(line): null

27-02-2025T17:41:43 - [TEST_STEP][PASSED] - group = line.indexOf("<Group>"): null

27-02-2025T17:41:43 - [TEST_STEP][PASSED] - println(group): null

27-02-2025T17:41:43 - [TEST_STEP][PASSED] - if (group >= 0): null

27-02-2025T17:41:43 - [TEST_STEP][PASSED] - else: null

27-02-2025T17:41:43 - [TEST_STEP][PASSED] - if (include): null

27-02-2025T17:41:43 - [TEST_STEP][PASSED] - println(line): null

27-02-2025T17:41:43 - [TEST_STEP][PASSED] - comma = line.indexOf(",y"): null

27-02-2025T17:41:43 - [TEST_STEP][PASSED] - if (comma > 0): null

27-02-2025T17:41:43 - [TEST_STEP][PASSED] - line = reader.readLine(): null

27-02-2025T17:41:43 - [TEST_STEP][PASSED] - println(line): null

27-02-2025T17:41:43 - [TEST_STEP][PASSED] - group = line.indexOf("<Group>"): null

27-02-2025T17:41:43 - [TEST_STEP][PASSED] - println(group): null

27-02-2025T17:41:43 - [TEST_STEP][PASSED] - if (group >= 0): null

27-02-2025T17:41:43 - [TEST_STEP][PASSED] - else: null

27-02-2025T17:41:43 - [TEST_STEP][PASSED] - if (include): null

27-02-2025T17:41:43 - [TEST_STEP][PASSED] - println(line): null

27-02-2025T17:41:43 - [TEST_STEP][PASSED] - comma = line.indexOf(",y"): null

27-02-2025T17:41:43 - [TEST_STEP][PASSED] - if (comma > 0): null

27-02-2025T17:41:43 - [TEST_STEP][PASSED] - line = reader.readLine(): null

27-02-2025T17:41:43 - [TEST_STEP][PASSED] - println(line): null

27-02-2025T17:41:43 - [TEST_STEP][PASSED] - group = line.indexOf("<Group>"): null

27-02-2025T17:41:43 - [TEST_STEP][PASSED] - println(group): null

27-02-2025T17:41:43 - [TEST_STEP][PASSED] - if (group >= 0): null

27-02-2025T17:41:43 - [TEST_STEP][PASSED] - else: null

27-02-2025T17:41:43 - [TEST_STEP][PASSED] - if (include): null

27-02-2025T17:41:43 - [TEST_STEP][PASSED] - println(line): null

27-02-2025T17:41:43 - [TEST_STEP][PASSED] - comma = line.indexOf(",y"): null

27-02-2025T17:41:43 - [TEST_STEP][PASSED] - if (comma > 0): null

27-02-2025T17:41:43 - [TEST_STEP][PASSED] - commaCount = StringUtils.countMatches(line, ","): null

27-02-2025T17:41:43 - [TEST_STEP][PASSED] - if (commaCount > 1): null

27-02-2025T17:41:43 - [TEST_STEP][PASSED] - else: null

27-02-2025T17:41:43 - [TEST_STEP][PASSED] - label = line.substring(1, comma): null

27-02-2025T17:41:43 - [TEST_STEP][PASSED] - println(label): null

27-02-2025T17:41:43 - [TEST_STEP][PASSED] - checked.add(label): null

27-02-2025T17:41:43 - [TEST_STEP][PASSED] - line = reader.readLine(): null

27-02-2025T17:41:43 - [TEST_STEP][PASSED] - println(line): null

27-02-2025T17:41:43 - [TEST_STEP][PASSED] - group = line.indexOf("<Group>"): null

27-02-2025T17:41:43 - [TEST_STEP][PASSED] - println(group): null

27-02-2025T17:41:43 - [TEST_STEP][PASSED] - if (group >= 0): null

27-02-2025T17:41:43 - [TEST_STEP][PASSED] - else: null

27-02-2025T17:41:43 - [TEST_STEP][PASSED] - if (include): null

27-02-2025T17:41:43 - [TEST_STEP][PASSED] - println(line): null

27-02-2025T17:41:43 - [TEST_STEP][PASSED] - comma = line.indexOf(",y"): null

27-02-2025T17:41:43 - [TEST_STEP][PASSED] - if (comma > 0): null

27-02-2025T17:41:43 - [TEST_STEP][PASSED] - line = reader.readLine(): null

27-02-2025T17:41:43 - [TEST_STEP][PASSED] - println(line): null

27-02-2025T17:41:43 - [TEST_STEP][PASSED] - group = line.indexOf("<Group>"): null

27-02-2025T17:41:43 - [TEST_STEP][PASSED] - println(group): null

27-02-2025T17:41:43 - [TEST_STEP][PASSED] - if (group >= 0): null

27-02-2025T17:41:43 - [TEST_STEP][PASSED] - else: null

27-02-2025T17:41:43 - [TEST_STEP][PASSED] - if (include): null

27-02-2025T17:41:43 - [TEST_STEP][PASSED] - println(line): null

27-02-2025T17:41:43 - [TEST_STEP][PASSED] - comma = line.indexOf(",y"): null

27-02-2025T17:41:43 - [TEST_STEP][PASSED] - if (comma > 0): null

27-02-2025T17:41:43 - [TEST_STEP][PASSED] - line = reader.readLine(): null

27-02-2025T17:41:43 - [TEST_STEP][PASSED] - println(line): null

27-02-2025T17:41:43 - [TEST_STEP][PASSED] - group = line.indexOf("<Group>"): null

27-02-2025T17:41:43 - [TEST_STEP][PASSED] - println(group): null

27-02-2025T17:41:43 - [TEST_STEP][PASSED] - if (group >= 0): null

27-02-2025T17:41:43 - [TEST_STEP][PASSED] - else: null

27-02-2025T17:41:43 - [TEST_STEP][PASSED] - if (include): null

27-02-2025T17:41:43 - [TEST_STEP][PASSED] - println(line): null

27-02-2025T17:41:43 - [TEST_STEP][PASSED] - comma = line.indexOf(",y"): null

27-02-2025T17:41:43 - [TEST_STEP][PASSED] - if (comma > 0): null

27-02-2025T17:41:43 - [TEST_STEP][PASSED] - commaCount = StringUtils.countMatches(line, ","): null

27-02-2025T17:41:43 - [TEST_STEP][PASSED] - if (commaCount > 1): null

27-02-2025T17:41:43 - [TEST_STEP][PASSED] - else: null

27-02-2025T17:41:43 - [TEST_STEP][PASSED] - label = line.substring(1, comma): null

27-02-2025T17:41:43 - [TEST_STEP][PASSED] - println(label): null

27-02-2025T17:41:43 - [TEST_STEP][PASSED] - checked.add(label): null

27-02-2025T17:41:43 - [TEST_STEP][PASSED] - line = reader.readLine(): null

27-02-2025T17:41:43 - [TEST_STEP][PASSED] - println(line): null

27-02-2025T17:41:43 - [TEST_STEP][PASSED] - group = line.indexOf("<Group>"): null

27-02-2025T17:41:43 - [TEST_STEP][PASSED] - println(group): null

27-02-2025T17:41:43 - [TEST_STEP][PASSED] - if (group >= 0): null

27-02-2025T17:41:43 - [TEST_STEP][PASSED] - else: null

27-02-2025T17:41:43 - [TEST_STEP][PASSED] - if (include): null

27-02-2025T17:41:43 - [TEST_STEP][PASSED] - println(line): null

27-02-2025T17:41:43 - [TEST_STEP][PASSED] - comma = line.indexOf(",y"): null

27-02-2025T17:41:43 - [TEST_STEP][PASSED] - if (comma > 0): null

27-02-2025T17:41:43 - [TEST_STEP][PASSED] - line = reader.readLine(): null

27-02-2025T17:41:43 - [TEST_STEP][PASSED] - println(line): null

27-02-2025T17:41:43 - [TEST_STEP][PASSED] - group = line.indexOf("<Group>"): null

27-02-2025T17:41:43 - [TEST_STEP][PASSED] - println(group): null

27-02-2025T17:41:43 - [TEST_STEP][PASSED] - if (group >= 0): null

27-02-2025T17:41:43 - [TEST_STEP][PASSED] - else: null

27-02-2025T17:41:43 - [TEST_STEP][PASSED] - if (include): null

27-02-2025T17:41:43 - [TEST_STEP][PASSED] - println(line): null

27-02-2025T17:41:43 - [TEST_STEP][PASSED] - comma = line.indexOf(",y"): null

27-02-2025T17:41:43 - [TEST_STEP][PASSED] - if (comma > 0): null

27-02-2025T17:41:43 - [TEST_STEP][PASSED] - line = reader.readLine(): null

27-02-2025T17:41:43 - [TEST_STEP][PASSED] - println(line): null

27-02-2025T17:41:43 - [TEST_STEP][PASSED] - group = line.indexOf("<Group>"): null

27-02-2025T17:41:43 - [TEST_STEP][PASSED] - println(group): null

27-02-2025T17:41:43 - [TEST_STEP][PASSED] - if (group >= 0): null

27-02-2025T17:41:43 - [TEST_STEP][PASSED] - else: null

27-02-2025T17:41:43 - [TEST_STEP][PASSED] - if (include): null

27-02-2025T17:41:43 - [TEST_STEP][PASSED] - println(line): null

27-02-2025T17:41:43 - [TEST_STEP][PASSED] - comma = line.indexOf(",y"): null

27-02-2025T17:41:43 - [TEST_STEP][PASSED] - if (comma > 0): null

27-02-2025T17:41:43 - [TEST_STEP][PASSED] - line = reader.readLine(): null

27-02-2025T17:41:43 - [TEST_STEP][PASSED] - println(line): null

27-02-2025T17:41:43 - [TEST_STEP][PASSED] - group = line.indexOf("<Group>"): null

27-02-2025T17:41:43 - [TEST_STEP][PASSED] - println(group): null

27-02-2025T17:41:43 - [TEST_STEP][PASSED] - if (group >= 0): null

27-02-2025T17:41:43 - [TEST_STEP][PASSED] - else: null

27-02-2025T17:41:43 - [TEST_STEP][PASSED] - if (include): null

27-02-2025T17:41:43 - [TEST_STEP][PASSED] - println(line): null

27-02-2025T17:41:43 - [TEST_STEP][PASSED] - comma = line.indexOf(",y"): null

27-02-2025T17:41:43 - [TEST_STEP][PASSED] - if (comma > 0): null

27-02-2025T17:41:43 - [TEST_STEP][PASSED] - line = reader.readLine(): null

27-02-2025T17:41:43 - [TEST_STEP][PASSED] - println(line): null

27-02-2025T17:41:43 - [TEST_STEP][PASSED] - group = line.indexOf("<Group>"): null

27-02-2025T17:41:43 - [TEST_STEP][PASSED] - println(group): null

27-02-2025T17:41:43 - [TEST_STEP][PASSED] - if (group >= 0): null

27-02-2025T17:41:43 - [TEST_STEP][PASSED] - else: null

27-02-2025T17:41:43 - [TEST_STEP][PASSED] - if (include): null

27-02-2025T17:41:43 - [TEST_STEP][PASSED] - println(line): null

27-02-2025T17:41:43 - [TEST_STEP][PASSED] - comma = line.indexOf(",y"): null

27-02-2025T17:41:43 - [TEST_STEP][PASSED] - if (comma > 0): null

27-02-2025T17:41:43 - [TEST_STEP][PASSED] - line = reader.readLine(): null

27-02-2025T17:41:43 - [TEST_STEP][PASSED] - println(line): null

27-02-2025T17:41:43 - [TEST_STEP][PASSED] - group = line.indexOf("<Group>"): null

27-02-2025T17:41:43 - [TEST_STEP][PASSED] - println(group): null

27-02-2025T17:41:43 - [TEST_STEP][PASSED] - if (group >= 0): null

27-02-2025T17:41:43 - [TEST_STEP][PASSED] - else: null

27-02-2025T17:41:43 - [TEST_STEP][PASSED] - if (include): null

27-02-2025T17:41:43 - [TEST_STEP][PASSED] - println(line): null

27-02-2025T17:41:43 - [TEST_STEP][PASSED] - comma = line.indexOf(",y"): null

27-02-2025T17:41:43 - [TEST_STEP][PASSED] - if (comma > 0): null

27-02-2025T17:41:43 - [TEST_STEP][PASSED] - line = reader.readLine(): null

27-02-2025T17:41:43 - [TEST_STEP][PASSED] - println(line): null

27-02-2025T17:41:43 - [TEST_STEP][PASSED] - group = line.indexOf("<Group>"): null

27-02-2025T17:41:43 - [TEST_STEP][PASSED] - println(group): null

27-02-2025T17:41:43 - [TEST_STEP][PASSED] - if (group >= 0): null

27-02-2025T17:41:43 - [TEST_STEP][PASSED] - else: null

27-02-2025T17:41:43 - [TEST_STEP][PASSED] - if (include): null

27-02-2025T17:41:43 - [TEST_STEP][PASSED] - println(line): null

27-02-2025T17:41:43 - [TEST_STEP][PASSED] - comma = line.indexOf(",y"): null

27-02-2025T17:41:43 - [TEST_STEP][PASSED] - if (comma > 0): null

27-02-2025T17:41:43 - [TEST_STEP][PASSED] - line = reader.readLine(): null

27-02-2025T17:41:43 - [TEST_STEP][PASSED] - println(line): null

27-02-2025T17:41:43 - [TEST_STEP][PASSED] - group = line.indexOf("<Group>"): null

27-02-2025T17:41:43 - [TEST_STEP][PASSED] - println(group): null

27-02-2025T17:41:43 - [TEST_STEP][PASSED] - if (group >= 0): null

27-02-2025T17:41:43 - [TEST_STEP][PASSED] - else: null

27-02-2025T17:41:43 - [TEST_STEP][PASSED] - if (include): null

27-02-2025T17:41:43 - [TEST_STEP][PASSED] - println(line): null

27-02-2025T17:41:43 - [TEST_STEP][PASSED] - comma = line.indexOf(",y"): null

27-02-2025T17:41:43 - [TEST_STEP][PASSED] - if (comma > 0): null

27-02-2025T17:41:43 - [TEST_STEP][PASSED] - line = reader.readLine(): null

27-02-2025T17:41:43 - [TEST_STEP][PASSED] - println(line): null

27-02-2025T17:41:43 - [TEST_STEP][PASSED] - group = line.indexOf("<Group>"): null

27-02-2025T17:41:43 - [TEST_STEP][PASSED] - println(group): null

27-02-2025T17:41:43 - [TEST_STEP][PASSED] - if (group >= 0): null

27-02-2025T17:41:43 - [TEST_STEP][PASSED] - else: null

27-02-2025T17:41:43 - [TEST_STEP][PASSED] - if (include): null

27-02-2025T17:41:43 - [TEST_STEP][PASSED] - println(line): null

27-02-2025T17:41:43 - [TEST_STEP][PASSED] - comma = line.indexOf(",y"): null

27-02-2025T17:41:43 - [TEST_STEP][PASSED] - if (comma > 0): null

27-02-2025T17:41:43 - [TEST_STEP][PASSED] - line = reader.readLine(): null

27-02-2025T17:41:43 - [TEST_STEP][PASSED] - println(line): null

27-02-2025T17:41:43 - [TEST_STEP][PASSED] - group = line.indexOf("<Group>"): null

27-02-2025T17:41:43 - [TEST_STEP][PASSED] - println(group): null

27-02-2025T17:41:43 - [TEST_STEP][PASSED] - if (group >= 0): null

27-02-2025T17:41:43 - [TEST_STEP][PASSED] - else: null

27-02-2025T17:41:43 - [TEST_STEP][PASSED] - if (include): null

27-02-2025T17:41:43 - [TEST_STEP][PASSED] - println(line): null

27-02-2025T17:41:43 - [TEST_STEP][PASSED] - comma = line.indexOf(",y"): null

27-02-2025T17:41:43 - [TEST_STEP][PASSED] - if (comma > 0): null

27-02-2025T17:41:43 - [TEST_STEP][PASSED] - line = reader.readLine(): null

27-02-2025T17:41:43 - [TEST_STEP][PASSED] - println(line): null

27-02-2025T17:41:43 - [TEST_STEP][PASSED] - group = line.indexOf("<Group>"): null

27-02-2025T17:41:43 - [TEST_STEP][PASSED] - println(group): null

27-02-2025T17:41:43 - [TEST_STEP][PASSED] - if (group >= 0): null

27-02-2025T17:41:43 - [TEST_STEP][PASSED] - else: null

27-02-2025T17:41:43 - [TEST_STEP][PASSED] - if (include): null

27-02-2025T17:41:43 - [TEST_STEP][PASSED] - println(line): null

27-02-2025T17:41:43 - [TEST_STEP][PASSED] - comma = line.indexOf(",y"): null

27-02-2025T17:41:43 - [TEST_STEP][PASSED] - if (comma > 0): null

27-02-2025T17:41:43 - [TEST_STEP][PASSED] - line = reader.readLine(): null

27-02-2025T17:41:43 - [TEST_STEP][PASSED] - println(line): null

27-02-2025T17:41:43 - [TEST_STEP][PASSED] - group = line.indexOf("<Group>"): null

27-02-2025T17:41:43 - [TEST_STEP][PASSED] - println(group): null

27-02-2025T17:41:43 - [TEST_STEP][PASSED] - if (group >= 0): null

27-02-2025T17:41:43 - [TEST_STEP][PASSED] - else: null

27-02-2025T17:41:43 - [TEST_STEP][PASSED] - if (include): null

27-02-2025T17:41:43 - [TEST_STEP][PASSED] - println(line): null

27-02-2025T17:41:43 - [TEST_STEP][PASSED] - comma = line.indexOf(",y"): null

27-02-2025T17:41:43 - [TEST_STEP][PASSED] - if (comma > 0): null

27-02-2025T17:41:43 - [TEST_STEP][PASSED] - line = reader.readLine(): null

27-02-2025T17:41:43 - [TEST_STEP][PASSED] - println(line): null

27-02-2025T17:41:43 - [TEST_STEP][PASSED] - group = line.indexOf("<Group>"): null

27-02-2025T17:41:43 - [TEST_STEP][PASSED] - println(group): null

27-02-2025T17:41:43 - [TEST_STEP][PASSED] - if (group >= 0): null

27-02-2025T17:41:43 - [TEST_STEP][PASSED] - else: null

27-02-2025T17:41:43 - [TEST_STEP][PASSED] - if (include): null

27-02-2025T17:41:43 - [TEST_STEP][PASSED] - println(line): null

27-02-2025T17:41:43 - [TEST_STEP][PASSED] - comma = line.indexOf(",y"): null

27-02-2025T17:41:43 - [TEST_STEP][PASSED] - if (comma > 0): null

27-02-2025T17:41:43 - [TEST_STEP][PASSED] - line = reader.readLine(): null

27-02-2025T17:41:43 - [TEST_STEP][PASSED] - println(line): null

27-02-2025T17:41:43 - [TEST_STEP][PASSED] - group = line.indexOf("<Group>"): null

27-02-2025T17:41:43 - [TEST_STEP][PASSED] - println(group): null

27-02-2025T17:41:43 - [TEST_STEP][PASSED] - if (group >= 0): null

27-02-2025T17:41:43 - [TEST_STEP][PASSED] - else: null

27-02-2025T17:41:43 - [TEST_STEP][PASSED] - if (include): null

27-02-2025T17:41:43 - [TEST_STEP][PASSED] - println(line): null

27-02-2025T17:41:43 - [TEST_STEP][PASSED] - comma = line.indexOf(",y"): null

27-02-2025T17:41:43 - [TEST_STEP][PASSED] - if (comma > 0): null

27-02-2025T17:41:43 - [TEST_STEP][PASSED] - line = reader.readLine(): null

27-02-2025T17:41:43 - [TEST_STEP][PASSED] - println(line): null

27-02-2025T17:41:43 - [TEST_STEP][PASSED] - group = line.indexOf("<Group>"): null

27-02-2025T17:41:43 - [TEST_STEP][PASSED] - println(group): null

27-02-2025T17:41:43 - [TEST_STEP][PASSED] - if (group >= 0): null

27-02-2025T17:41:43 - [TEST_STEP][PASSED] - else: null

27-02-2025T17:41:43 - [TEST_STEP][PASSED] - if (include): null

27-02-2025T17:41:43 - [TEST_STEP][PASSED] - println(line): null

27-02-2025T17:41:43 - [TEST_STEP][PASSED] - comma = line.indexOf(",y"): null

27-02-2025T17:41:43 - [TEST_STEP][PASSED] - if (comma > 0): null

27-02-2025T17:41:43 - [TEST_STEP][PASSED] - line = reader.readLine(): null

27-02-2025T17:41:43 - [TEST_STEP][PASSED] - println(line): null

27-02-2025T17:41:43 - [TEST_STEP][PASSED] - group = line.indexOf("<Group>"): null

27-02-2025T17:41:43 - [TEST_STEP][PASSED] - println(group): null

27-02-2025T17:41:43 - [TEST_STEP][PASSED] - if (group >= 0): null

27-02-2025T17:41:43 - [TEST_STEP][PASSED] - else: null

27-02-2025T17:41:43 - [TEST_STEP][PASSED] - if (include): null

27-02-2025T17:41:43 - [TEST_STEP][PASSED] - println(line): null

27-02-2025T17:41:43 - [TEST_STEP][PASSED] - comma = line.indexOf(",y"): null

27-02-2025T17:41:43 - [TEST_STEP][PASSED] - if (comma > 0): null

27-02-2025T17:41:43 - [TEST_STEP][PASSED] - line = reader.readLine(): null

27-02-2025T17:41:43 - [TEST_STEP][PASSED] - println(line): null

27-02-2025T17:41:43 - [TEST_STEP][PASSED] - group = line.indexOf("<Group>"): null

27-02-2025T17:41:43 - [TEST_STEP][PASSED] - println(group): null

27-02-2025T17:41:43 - [TEST_STEP][PASSED] - if (group >= 0): null

27-02-2025T17:41:43 - [TEST_STEP][PASSED] - else: null

27-02-2025T17:41:43 - [TEST_STEP][PASSED] - if (include): null

27-02-2025T17:41:43 - [TEST_STEP][PASSED] - println(line): null

27-02-2025T17:41:43 - [TEST_STEP][PASSED] - comma = line.indexOf(",y"): null

27-02-2025T17:41:43 - [TEST_STEP][PASSED] - if (comma > 0): null

27-02-2025T17:41:43 - [TEST_STEP][PASSED] - line = reader.readLine(): null

27-02-2025T17:41:43 - [TEST_STEP][PASSED] - println(line): null

27-02-2025T17:41:43 - [TEST_STEP][PASSED] - group = line.indexOf("<Group>"): null

27-02-2025T17:41:43 - [TEST_STEP][PASSED] - println(group): null

27-02-2025T17:41:43 - [TEST_STEP][PASSED] - if (group >= 0): null

27-02-2025T17:41:43 - [TEST_STEP][PASSED] - else: null

27-02-2025T17:41:43 - [TEST_STEP][PASSED] - if (include): null

27-02-2025T17:41:43 - [TEST_STEP][PASSED] - println(line): null

27-02-2025T17:41:43 - [TEST_STEP][PASSED] - comma = line.indexOf(",y"): null

27-02-2025T17:41:43 - [TEST_STEP][PASSED] - if (comma > 0): null

27-02-2025T17:41:43 - [TEST_STEP][PASSED] - line = reader.readLine(): null

27-02-2025T17:41:43 - [TEST_STEP][PASSED] - println(line): null

27-02-2025T17:41:43 - [TEST_STEP][PASSED] - group = line.indexOf("<Group>"): null

27-02-2025T17:41:43 - [TEST_STEP][PASSED] - println(group): null

27-02-2025T17:41:43 - [TEST_STEP][PASSED] - if (group >= 0): null

27-02-2025T17:41:43 - [TEST_STEP][PASSED] - else: null

27-02-2025T17:41:43 - [TEST_STEP][PASSED] - if (include): null

27-02-2025T17:41:43 - [TEST_STEP][PASSED] - println(line): null

27-02-2025T17:41:43 - [TEST_STEP][PASSED] - comma = line.indexOf(",y"): null

27-02-2025T17:41:43 - [TEST_STEP][PASSED] - if (comma > 0): null

27-02-2025T17:41:43 - [TEST_STEP][PASSED] - line = reader.readLine(): null

27-02-2025T17:41:43 - [TEST_STEP][PASSED] - println(line): null

27-02-2025T17:41:43 - [TEST_STEP][PASSED] - group = line.indexOf("<Group>"): null

27-02-2025T17:41:43 - [TEST_STEP][PASSED] - println(group): null

27-02-2025T17:41:43 - [TEST_STEP][PASSED] - if (group >= 0): null

27-02-2025T17:41:43 - [TEST_STEP][PASSED] - else: null

27-02-2025T17:41:43 - [TEST_STEP][PASSED] - if (include): null

27-02-2025T17:41:43 - [TEST_STEP][PASSED] - println(line): null

27-02-2025T17:41:43 - [TEST_STEP][PASSED] - comma = line.indexOf(",y"): null

27-02-2025T17:41:43 - [TEST_STEP][PASSED] - if (comma > 0): null

27-02-2025T17:41:43 - [TEST_STEP][PASSED] - line = reader.readLine(): null

27-02-2025T17:41:43 - [TEST_STEP][PASSED] - println(line): null

27-02-2025T17:41:43 - [TEST_STEP][PASSED] - group = line.indexOf("<Group>"): null

27-02-2025T17:41:43 - [TEST_STEP][PASSED] - println(group): null

27-02-2025T17:41:43 - [TEST_STEP][PASSED] - if (group >= 0): null

27-02-2025T17:41:43 - [TEST_STEP][PASSED] - else: null

27-02-2025T17:41:43 - [TEST_STEP][PASSED] - if (include): null

27-02-2025T17:41:43 - [TEST_STEP][PASSED] - println(line): null

27-02-2025T17:41:43 - [TEST_STEP][PASSED] - comma = line.indexOf(",y"): null

27-02-2025T17:41:43 - [TEST_STEP][PASSED] - if (comma > 0): null

27-02-2025T17:41:43 - [TEST_STEP][PASSED] - line = reader.readLine(): null

27-02-2025T17:41:43 - [TEST_STEP][PASSED] - println(line): null

27-02-2025T17:41:43 - [TEST_STEP][PASSED] - group = line.indexOf("<Group>"): null

27-02-2025T17:41:43 - [TEST_STEP][PASSED] - println(group): null

27-02-2025T17:41:43 - [TEST_STEP][PASSED] - if (group >= 0): null

27-02-2025T17:41:43 - [TEST_STEP][PASSED] - else: null

27-02-2025T17:41:43 - [TEST_STEP][PASSED] - if (include): null

27-02-2025T17:41:43 - [TEST_STEP][PASSED] - println(line): null

27-02-2025T17:41:43 - [TEST_STEP][PASSED] - comma = line.indexOf(",y"): null

27-02-2025T17:41:43 - [TEST_STEP][PASSED] - if (comma > 0): null

27-02-2025T17:41:43 - [TEST_STEP][PASSED] - line = reader.readLine(): null

27-02-2025T17:41:43 - [TEST_STEP][PASSED] - println(line): null

27-02-2025T17:41:43 - [TEST_STEP][PASSED] - group = line.indexOf("<Group>"): null

27-02-2025T17:41:43 - [TEST_STEP][PASSED] - println(group): null

27-02-2025T17:41:43 - [TEST_STEP][PASSED] - if (group >= 0): null

27-02-2025T17:41:43 - [TEST_STEP][PASSED] - else: null

27-02-2025T17:41:43 - [TEST_STEP][PASSED] - if (include): null

27-02-2025T17:41:43 - [TEST_STEP][PASSED] - println(line): null

27-02-2025T17:41:43 - [TEST_STEP][PASSED] - comma = line.indexOf(",y"): null

27-02-2025T17:41:43 - [TEST_STEP][PASSED] - if (comma > 0): null

27-02-2025T17:41:43 - [TEST_STEP][PASSED] - line = reader.readLine(): null

27-02-2025T17:41:43 - [TEST_STEP][PASSED] - println(line): null

27-02-2025T17:41:43 - [TEST_STEP][PASSED] - group = line.indexOf("<Group>"): null

27-02-2025T17:41:43 - [TEST_STEP][PASSED] - println(group): null

27-02-2025T17:41:43 - [TEST_STEP][PASSED] - if (group >= 0): null

27-02-2025T17:41:43 - [TEST_STEP][PASSED] - else: null

27-02-2025T17:41:43 - [TEST_STEP][PASSED] - if (include): null

27-02-2025T17:41:43 - [TEST_STEP][PASSED] - println(line): null

27-02-2025T17:41:43 - [TEST_STEP][PASSED] - comma = line.indexOf(",y"): null

27-02-2025T17:41:43 - [TEST_STEP][PASSED] - if (comma > 0): null

27-02-2025T17:41:43 - [TEST_STEP][PASSED] - line = reader.readLine(): null

27-02-2025T17:41:43 - [TEST_STEP][PASSED] - println(line): null

27-02-2025T17:41:43 - [TEST_STEP][PASSED] - group = line.indexOf("<Group>"): null

27-02-2025T17:41:43 - [TEST_STEP][PASSED] - println(group): null

27-02-2025T17:41:43 - [TEST_STEP][PASSED] - if (group >= 0): null

27-02-2025T17:41:43 - [TEST_STEP][PASSED] - else: null

27-02-2025T17:41:43 - [TEST_STEP][PASSED] - if (include): null

27-02-2025T17:41:43 - [TEST_STEP][PASSED] - println(line): null

27-02-2025T17:41:43 - [TEST_STEP][PASSED] - comma = line.indexOf(",y"): null

27-02-2025T17:41:43 - [TEST_STEP][PASSED] - if (comma > 0): null

27-02-2025T17:41:43 - [TEST_STEP][PASSED] - line = reader.readLine(): null

27-02-2025T17:41:43 - [TEST_STEP][PASSED] - println(line): null

27-02-2025T17:41:43 - [TEST_STEP][PASSED] - group = line.indexOf("<Group>"): null

27-02-2025T17:41:43 - [TEST_STEP][PASSED] - println(group): null

27-02-2025T17:41:43 - [TEST_STEP][PASSED] - if (group >= 0): null

27-02-2025T17:41:43 - [TEST_STEP][PASSED] - else: null

27-02-2025T17:41:43 - [TEST_STEP][PASSED] - if (include): null

27-02-2025T17:41:43 - [TEST_STEP][PASSED] - println(line): null

27-02-2025T17:41:43 - [TEST_STEP][PASSED] - comma = line.indexOf(",y"): null

27-02-2025T17:41:43 - [TEST_STEP][PASSED] - if (comma > 0): null

27-02-2025T17:41:43 - [TEST_STEP][PASSED] - line = reader.readLine(): null

27-02-2025T17:41:43 - [TEST_STEP][PASSED] - println(line): null

27-02-2025T17:41:43 - [TEST_STEP][PASSED] - group = line.indexOf("<Group>"): null

27-02-2025T17:41:43 - [TEST_STEP][PASSED] - println(group): null

27-02-2025T17:41:43 - [TEST_STEP][PASSED] - if (group >= 0): null

27-02-2025T17:41:43 - [TEST_STEP][PASSED] - else: null

27-02-2025T17:41:43 - [TEST_STEP][PASSED] - if (include): null

27-02-2025T17:41:43 - [TEST_STEP][PASSED] - println(line): null

27-02-2025T17:41:43 - [TEST_STEP][PASSED] - comma = line.indexOf(",y"): null

27-02-2025T17:41:43 - [TEST_STEP][PASSED] - if (comma > 0): null

27-02-2025T17:41:43 - [TEST_STEP][PASSED] - line = reader.readLine(): null

27-02-2025T17:41:43 - [TEST_STEP][PASSED] - println(line): null

27-02-2025T17:41:43 - [TEST_STEP][PASSED] - group = line.indexOf("<Group>"): null

27-02-2025T17:41:43 - [TEST_STEP][PASSED] - println(group): null

27-02-2025T17:41:43 - [TEST_STEP][PASSED] - if (group >= 0): null

27-02-2025T17:41:43 - [TEST_STEP][PASSED] - else: null

27-02-2025T17:41:43 - [TEST_STEP][PASSED] - if (include): null

27-02-2025T17:41:43 - [TEST_STEP][PASSED] - println(line): null

27-02-2025T17:41:43 - [TEST_STEP][PASSED] - comma = line.indexOf(",y"): null

27-02-2025T17:41:43 - [TEST_STEP][PASSED] - if (comma > 0): null

27-02-2025T17:41:43 - [TEST_STEP][PASSED] - line = reader.readLine(): null

27-02-2025T17:41:43 - [TEST_STEP][PASSED] - println(line): null

27-02-2025T17:41:43 - [TEST_STEP][PASSED] - group = line.indexOf("<Group>"): null

27-02-2025T17:41:43 - [TEST_STEP][PASSED] - println(group): null

27-02-2025T17:41:43 - [TEST_STEP][PASSED] - if (group >= 0): null

27-02-2025T17:41:43 - [TEST_STEP][PASSED] - else: null

27-02-2025T17:41:43 - [TEST_STEP][PASSED] - if (include): null

27-02-2025T17:41:43 - [TEST_STEP][PASSED] - println(line): null

27-02-2025T17:41:43 - [TEST_STEP][PASSED] - comma = line.indexOf(",y"): null

27-02-2025T17:41:43 - [TEST_STEP][PASSED] - if (comma > 0): null

27-02-2025T17:41:43 - [TEST_STEP][PASSED] - line = reader.readLine(): null

27-02-2025T17:41:43 - [TEST_STEP][PASSED] - println(line): null

27-02-2025T17:41:43 - [TEST_STEP][PASSED] - group = line.indexOf("<Group>"): null

27-02-2025T17:41:43 - [TEST_STEP][PASSED] - println(group): null

27-02-2025T17:41:43 - [TEST_STEP][PASSED] - if (group >= 0): null

27-02-2025T17:41:43 - [TEST_STEP][PASSED] - else: null

27-02-2025T17:41:43 - [TEST_STEP][PASSED] - if (include): null

27-02-2025T17:41:43 - [TEST_STEP][PASSED] - println(line): null

27-02-2025T17:41:43 - [TEST_STEP][PASSED] - comma = line.indexOf(",y"): null

27-02-2025T17:41:43 - [TEST_STEP][PASSED] - if (comma > 0): null

27-02-2025T17:41:43 - [TEST_STEP][PASSED] - line = reader.readLine(): null

27-02-2025T17:41:43 - [TEST_STEP][PASSED] - println(line): null

27-02-2025T17:41:43 - [TEST_STEP][PASSED] - group = line.indexOf("<Group>"): null

27-02-2025T17:41:43 - [TEST_STEP][PASSED] - println(group): null

27-02-2025T17:41:43 - [TEST_STEP][PASSED] - if (group >= 0): null

27-02-2025T17:41:43 - [TEST_STEP][PASSED] - else: null

27-02-2025T17:41:43 - [TEST_STEP][PASSED] - if (include): null

27-02-2025T17:41:43 - [TEST_STEP][PASSED] - println(line): null

27-02-2025T17:41:43 - [TEST_STEP][PASSED] - comma = line.indexOf(",y"): null

27-02-2025T17:41:43 - [TEST_STEP][PASSED] - if (comma > 0): null

27-02-2025T17:41:43 - [TEST_STEP][PASSED] - line = reader.readLine(): null

27-02-2025T17:41:43 - [TEST_STEP][PASSED] - println(line): null

27-02-2025T17:41:43 - [TEST_STEP][PASSED] - group = line.indexOf("<Group>"): null

27-02-2025T17:41:43 - [TEST_STEP][PASSED] - println(group): null

27-02-2025T17:41:43 - [TEST_STEP][PASSED] - if (group >= 0): null

27-02-2025T17:41:43 - [TEST_STEP][PASSED] - else: null

27-02-2025T17:41:43 - [TEST_STEP][PASSED] - if (include): null

27-02-2025T17:41:43 - [TEST_STEP][PASSED] - println(line): null

27-02-2025T17:41:43 - [TEST_STEP][PASSED] - comma = line.indexOf(",y"): null

27-02-2025T17:41:43 - [TEST_STEP][PASSED] - if (comma > 0): null

27-02-2025T17:41:43 - [TEST_STEP][PASSED] - line = reader.readLine(): null

27-02-2025T17:41:43 - [TEST_STEP][PASSED] - println(line): null

27-02-2025T17:41:43 - [TEST_STEP][PASSED] - group = line.indexOf("<Group>"): null

27-02-2025T17:41:43 - [TEST_STEP][PASSED] - println(group): null

27-02-2025T17:41:43 - [TEST_STEP][PASSED] - if (group >= 0): null

27-02-2025T17:41:43 - [TEST_STEP][PASSED] - else: null

27-02-2025T17:41:43 - [TEST_STEP][PASSED] - if (include): null

27-02-2025T17:41:43 - [TEST_STEP][PASSED] - println(line): null

27-02-2025T17:41:43 - [TEST_STEP][PASSED] - comma = line.indexOf(",y"): null

27-02-2025T17:41:43 - [TEST_STEP][PASSED] - if (comma > 0): null

27-02-2025T17:41:43 - [TEST_STEP][PASSED] - line = reader.readLine(): null

27-02-2025T17:41:43 - [TEST_STEP][PASSED] - println(line): null

27-02-2025T17:41:43 - [TEST_STEP][PASSED] - group = line.indexOf("<Group>"): null

27-02-2025T17:41:43 - [TEST_STEP][PASSED] - println(group): null

27-02-2025T17:41:43 - [TEST_STEP][PASSED] - if (group >= 0): null

27-02-2025T17:41:43 - [TEST_STEP][PASSED] - else: null

27-02-2025T17:41:43 - [TEST_STEP][PASSED] - if (include): null

27-02-2025T17:41:43 - [TEST_STEP][PASSED] - println(line): null

27-02-2025T17:41:43 - [TEST_STEP][PASSED] - comma = line.indexOf(",y"): null

27-02-2025T17:41:43 - [TEST_STEP][PASSED] - if (comma > 0): null

27-02-2025T17:41:43 - [TEST_STEP][PASSED] - line = reader.readLine(): null

27-02-2025T17:41:43 - [TEST_STEP][PASSED] - println(line): null

27-02-2025T17:41:43 - [TEST_STEP][PASSED] - group = line.indexOf("<Group>"): null

27-02-2025T17:41:43 - [TEST_STEP][PASSED] - println(group): null

27-02-2025T17:41:43 - [TEST_STEP][PASSED] - if (group >= 0): null

27-02-2025T17:41:43 - [TEST_STEP][PASSED] - else: null

27-02-2025T17:41:43 - [TEST_STEP][PASSED] - if (include): null

27-02-2025T17:41:43 - [TEST_STEP][PASSED] - println(line): null

27-02-2025T17:41:43 - [TEST_STEP][PASSED] - comma = line.indexOf(",y"): null

27-02-2025T17:41:43 - [TEST_STEP][PASSED] - if (comma > 0): null

27-02-2025T17:41:43 - [TEST_STEP][PASSED] - line = reader.readLine(): null

27-02-2025T17:41:43 - [TEST_STEP][PASSED] - println(line): null

27-02-2025T17:41:43 - [TEST_STEP][PASSED] - group = line.indexOf("<Group>"): null

27-02-2025T17:41:43 - [TEST_STEP][PASSED] - println(group): null

27-02-2025T17:41:43 - [TEST_STEP][PASSED] - if (group >= 0): null

27-02-2025T17:41:43 - [TEST_STEP][PASSED] - else: null

27-02-2025T17:41:43 - [TEST_STEP][PASSED] - if (include): null

27-02-2025T17:41:43 - [TEST_STEP][PASSED] - println(line): null

27-02-2025T17:41:43 - [TEST_STEP][PASSED] - comma = line.indexOf(",y"): null

27-02-2025T17:41:43 - [TEST_STEP][PASSED] - if (comma > 0): null

27-02-2025T17:41:43 - [TEST_STEP][PASSED] - line = reader.readLine(): null

27-02-2025T17:41:43 - [TEST_STEP][PASSED] - println(line): null

27-02-2025T17:41:43 - [TEST_STEP][PASSED] - group = line.indexOf("<Group>"): null

27-02-2025T17:41:43 - [TEST_STEP][PASSED] - println(group): null

27-02-2025T17:41:43 - [TEST_STEP][PASSED] - if (group >= 0): null

27-02-2025T17:41:43 - [TEST_STEP][PASSED] - else: null

27-02-2025T17:41:43 - [TEST_STEP][PASSED] - if (include): null

27-02-2025T17:41:43 - [TEST_STEP][PASSED] - println(line): null

27-02-2025T17:41:43 - [TEST_STEP][PASSED] - comma = line.indexOf(",y"): null

27-02-2025T17:41:43 - [TEST_STEP][PASSED] - if (comma > 0): null

27-02-2025T17:41:43 - [TEST_STEP][PASSED] - line = reader.readLine(): null

27-02-2025T17:41:43 - [TEST_STEP][PASSED] - println(line): null

27-02-2025T17:41:43 - [TEST_STEP][PASSED] - group = line.indexOf("<Group>"): null

27-02-2025T17:41:43 - [TEST_STEP][PASSED] - println(group): null

27-02-2025T17:41:43 - [TEST_STEP][PASSED] - if (group >= 0): null

27-02-2025T17:41:43 - [TEST_STEP][PASSED] - else: null

27-02-2025T17:41:43 - [TEST_STEP][PASSED] - if (include): null

27-02-2025T17:41:43 - [TEST_STEP][PASSED] - println(line): null

27-02-2025T17:41:43 - [TEST_STEP][PASSED] - comma = line.indexOf(",y"): null

27-02-2025T17:41:43 - [TEST_STEP][PASSED] - if (comma > 0): null

27-02-2025T17:41:43 - [TEST_STEP][PASSED] - line = reader.readLine(): null

27-02-2025T17:41:43 - [TEST_STEP][PASSED] - println(line): null

27-02-2025T17:41:43 - [TEST_STEP][PASSED] - group = line.indexOf("<Group>"): null

27-02-2025T17:41:43 - [TEST_STEP][PASSED] - println(group): null

27-02-2025T17:41:43 - [TEST_STEP][PASSED] - if (group >= 0): null

27-02-2025T17:41:43 - [TEST_STEP][PASSED] - else: null

27-02-2025T17:41:43 - [TEST_STEP][PASSED] - if (include): null

27-02-2025T17:41:43 - [TEST_STEP][PASSED] - println(line): null

27-02-2025T17:41:43 - [TEST_STEP][PASSED] - comma = line.indexOf(",y"): null

27-02-2025T17:41:43 - [TEST_STEP][PASSED] - if (comma > 0): null

27-02-2025T17:41:43 - [TEST_STEP][PASSED] - commaCount = StringUtils.countMatches(line, ","): null

27-02-2025T17:41:43 - [TEST_STEP][PASSED] - if (commaCount > 1): null

27-02-2025T17:41:43 - [TEST_STEP][PASSED] - else: null

27-02-2025T17:41:43 - [TEST_STEP][PASSED] - label = line.substring(1, comma): null

27-02-2025T17:41:43 - [TEST_STEP][PASSED] - println(label): null

27-02-2025T17:41:43 - [TEST_STEP][PASSED] - checked.add(label): null

27-02-2025T17:41:43 - [TEST_STEP][PASSED] - line = reader.readLine(): null

27-02-2025T17:41:43 - [TEST_STEP][PASSED] - println(line): null

27-02-2025T17:41:43 - [TEST_STEP][PASSED] - group = line.indexOf("<Group>"): null

27-02-2025T17:41:43 - [TEST_STEP][PASSED] - println(group): null

27-02-2025T17:41:43 - [TEST_STEP][PASSED] - if (group >= 0): null

27-02-2025T17:41:43 - [TEST_STEP][PASSED] - else: null

27-02-2025T17:41:43 - [TEST_STEP][PASSED] - if (include): null

27-02-2025T17:41:43 - [TEST_STEP][PASSED] - println(line): null

27-02-2025T17:41:43 - [TEST_STEP][PASSED] - comma = line.indexOf(",y"): null

27-02-2025T17:41:43 - [TEST_STEP][PASSED] - if (comma > 0): null

27-02-2025T17:41:43 - [TEST_STEP][PASSED] - line = reader.readLine(): null

27-02-2025T17:41:43 - [TEST_STEP][PASSED] - println(line): null

27-02-2025T17:41:43 - [TEST_STEP][PASSED] - group = line.indexOf("<Group>"): null

27-02-2025T17:41:43 - [TEST_STEP][PASSED] - println(group): null

27-02-2025T17:41:43 - [TEST_STEP][PASSED] - if (group >= 0): null

27-02-2025T17:41:43 - [TEST_STEP][PASSED] - else: null

27-02-2025T17:41:43 - [TEST_STEP][PASSED] - if (include): null

27-02-2025T17:41:43 - [TEST_STEP][PASSED] - println(line): null

27-02-2025T17:41:43 - [TEST_STEP][PASSED] - comma = line.indexOf(",y"): null

27-02-2025T17:41:43 - [TEST_STEP][PASSED] - if (comma > 0): null

27-02-2025T17:41:43 - [TEST_STEP][PASSED] - line = reader.readLine(): null

27-02-2025T17:41:43 - [TEST_STEP][PASSED] - println(line): null

27-02-2025T17:41:43 - [TEST_STEP][PASSED] - group = line.indexOf("<Group>"): null

27-02-2025T17:41:43 - [TEST_STEP][PASSED] - println(group): null

27-02-2025T17:41:43 - [TEST_STEP][PASSED] - if (group >= 0): null

27-02-2025T17:41:43 - [TEST_STEP][PASSED] - else: null

27-02-2025T17:41:43 - [TEST_STEP][PASSED] - if (include): null

27-02-2025T17:41:43 - [TEST_STEP][PASSED] - println(line): null

27-02-2025T17:41:43 - [TEST_STEP][PASSED] - comma = line.indexOf(",y"): null

27-02-2025T17:41:43 - [TEST_STEP][PASSED] - if (comma > 0): null

27-02-2025T17:41:43 - [TEST_STEP][PASSED] - line = reader.readLine(): null

27-02-2025T17:41:43 - [TEST_STEP][PASSED] - println(line): null

27-02-2025T17:41:43 - [TEST_STEP][PASSED] - group = line.indexOf("<Group>"): null

27-02-2025T17:41:43 - [TEST_STEP][PASSED] - println(group): null

27-02-2025T17:41:43 - [TEST_STEP][PASSED] - if (group >= 0): null

27-02-2025T17:41:43 - [TEST_STEP][PASSED] - else: null

27-02-2025T17:41:43 - [TEST_STEP][PASSED] - if (include): null

27-02-2025T17:41:43 - [TEST_STEP][PASSED] - println(line): null

27-02-2025T17:41:43 - [TEST_STEP][PASSED] - comma = line.indexOf(",y"): null

27-02-2025T17:41:43 - [TEST_STEP][PASSED] - if (comma > 0): null

27-02-2025T17:41:43 - [TEST_STEP][PASSED] - line = reader.readLine(): null

27-02-2025T17:41:43 - [TEST_STEP][PASSED] - println(line): null

27-02-2025T17:41:43 - [TEST_STEP][PASSED] - group = line.indexOf("<Group>"): null

27-02-2025T17:41:43 - [TEST_STEP][PASSED] - println(group): null

27-02-2025T17:41:43 - [TEST_STEP][PASSED] - if (group >= 0): null

27-02-2025T17:41:43 - [TEST_STEP][PASSED] - else: null

27-02-2025T17:41:43 - [TEST_STEP][PASSED] - if (include): null

27-02-2025T17:41:43 - [TEST_STEP][PASSED] - println(line): null

27-02-2025T17:41:43 - [TEST_STEP][PASSED] - comma = line.indexOf(",y"): null

27-02-2025T17:41:43 - [TEST_STEP][PASSED] - if (comma > 0): null

27-02-2025T17:41:43 - [TEST_STEP][PASSED] - line = reader.readLine(): null

27-02-2025T17:41:43 - [TEST_STEP][PASSED] - println(line): null

27-02-2025T17:41:43 - [TEST_STEP][PASSED] - group = line.indexOf("<Group>"): null

27-02-2025T17:41:43 - [TEST_STEP][PASSED] - println(group): null

27-02-2025T17:41:43 - [TEST_STEP][PASSED] - if (group >= 0): null

27-02-2025T17:41:43 - [TEST_STEP][PASSED] - else: null

27-02-2025T17:41:43 - [TEST_STEP][PASSED] - if (include): null

27-02-2025T17:41:43 - [TEST_STEP][PASSED] - println(line): null

27-02-2025T17:41:43 - [TEST_STEP][PASSED] - comma = line.indexOf(",y"): null

27-02-2025T17:41:43 - [TEST_STEP][PASSED] - if (comma > 0): null

27-02-2025T17:41:43 - [TEST_STEP][PASSED] - line = reader.readLine(): null

27-02-2025T17:41:43 - [TEST_STEP][PASSED] - println(line): null

27-02-2025T17:41:43 - [TEST_STEP][PASSED] - group = line.indexOf("<Group>"): null

27-02-2025T17:41:43 - [TEST_STEP][PASSED] - println(group): null

27-02-2025T17:41:43 - [TEST_STEP][PASSED] - if (group >= 0): null

27-02-2025T17:41:43 - [TEST_STEP][PASSED] - else: null

27-02-2025T17:41:43 - [TEST_STEP][PASSED] - if (include): null

27-02-2025T17:41:43 - [TEST_STEP][PASSED] - println(line): null

27-02-2025T17:41:43 - [TEST_STEP][PASSED] - comma = line.indexOf(",y"): null

27-02-2025T17:41:43 - [TEST_STEP][PASSED] - if (comma > 0): null

27-02-2025T17:41:43 - [TEST_STEP][PASSED] - line = reader.readLine(): null

27-02-2025T17:41:43 - [TEST_STEP][PASSED] - println(line): null

27-02-2025T17:41:43 - [TEST_STEP][PASSED] - group = line.indexOf("<Group>"): null

27-02-2025T17:41:43 - [TEST_STEP][PASSED] - println(group): null

27-02-2025T17:41:43 - [TEST_STEP][PASSED] - if (group >= 0): null

27-02-2025T17:41:43 - [TEST_STEP][PASSED] - else: null

27-02-2025T17:41:43 - [TEST_STEP][PASSED] - if (include): null

27-02-2025T17:41:43 - [TEST_STEP][PASSED] - println(line): null

27-02-2025T17:41:43 - [TEST_STEP][PASSED] - comma = line.indexOf(",y"): null

27-02-2025T17:41:43 - [TEST_STEP][PASSED] - if (comma > 0): null

27-02-2025T17:41:43 - [TEST_STEP][PASSED] - line = reader.readLine(): null

27-02-2025T17:41:43 - [TEST_STEP][PASSED] - println(line): null

27-02-2025T17:41:43 - [TEST_STEP][PASSED] - group = line.indexOf("<Group>"): null

27-02-2025T17:41:43 - [TEST_STEP][PASSED] - println(group): null

27-02-2025T17:41:43 - [TEST_STEP][PASSED] - if (group >= 0): null

27-02-2025T17:41:43 - [TEST_STEP][PASSED] - else: null

27-02-2025T17:41:43 - [TEST_STEP][PASSED] - if (include): null

27-02-2025T17:41:43 - [TEST_STEP][PASSED] - println(line): null

27-02-2025T17:41:43 - [TEST_STEP][PASSED] - comma = line.indexOf(",y"): null

27-02-2025T17:41:43 - [TEST_STEP][PASSED] - if (comma > 0): null

27-02-2025T17:41:43 - [TEST_STEP][PASSED] - line = reader.readLine(): null

27-02-2025T17:41:43 - [TEST_STEP][PASSED] - println(line): null

27-02-2025T17:41:43 - [TEST_STEP][PASSED] - group = line.indexOf("<Group>"): null

27-02-2025T17:41:43 - [TEST_STEP][PASSED] - println(group): null

27-02-2025T17:41:43 - [TEST_STEP][PASSED] - if (group >= 0): null

27-02-2025T17:41:43 - [TEST_STEP][PASSED] - else: null

27-02-2025T17:41:43 - [TEST_STEP][PASSED] - if (include): null

27-02-2025T17:41:43 - [TEST_STEP][PASSED] - println(line): null

27-02-2025T17:41:43 - [TEST_STEP][PASSED] - comma = line.indexOf(",y"): null

27-02-2025T17:41:43 - [TEST_STEP][PASSED] - if (comma > 0): null

27-02-2025T17:41:43 - [TEST_STEP][PASSED] - line = reader.readLine(): null

27-02-2025T17:41:43 - [TEST_STEP][PASSED] - println(line): null

27-02-2025T17:41:43 - [TEST_STEP][PASSED] - group = line.indexOf("<Group>"): null

27-02-2025T17:41:43 - [TEST_STEP][PASSED] - println(group): null

27-02-2025T17:41:43 - [TEST_STEP][PASSED] - if (group >= 0): null

27-02-2025T17:41:43 - [TEST_STEP][PASSED] - else: null

27-02-2025T17:41:43 - [TEST_STEP][PASSED] - if (include): null

27-02-2025T17:41:43 - [TEST_STEP][PASSED] - println(line): null

27-02-2025T17:41:43 - [TEST_STEP][PASSED] - comma = line.indexOf(",y"): null

27-02-2025T17:41:43 - [TEST_STEP][PASSED] - if (comma > 0): null

27-02-2025T17:41:43 - [TEST_STEP][PASSED] - line = reader.readLine(): null

27-02-2025T17:41:43 - [TEST_STEP][PASSED] - println(line): null

27-02-2025T17:41:43 - [TEST_STEP][PASSED] - group = line.indexOf("<Group>"): null

27-02-2025T17:41:43 - [TEST_STEP][PASSED] - println(group): null

27-02-2025T17:41:43 - [TEST_STEP][PASSED] - if (group >= 0): null

27-02-2025T17:41:43 - [TEST_STEP][PASSED] - else: null

27-02-2025T17:41:43 - [TEST_STEP][PASSED] - if (include): null

27-02-2025T17:41:43 - [TEST_STEP][PASSED] - println(line): null

27-02-2025T17:41:43 - [TEST_STEP][PASSED] - comma = line.indexOf(",y"): null

27-02-2025T17:41:43 - [TEST_STEP][PASSED] - if (comma > 0): null

27-02-2025T17:41:43 - [TEST_STEP][PASSED] - line = reader.readLine(): null

27-02-2025T17:41:43 - [TEST_STEP][PASSED] - println(line): null

27-02-2025T17:41:43 - [TEST_STEP][PASSED] - group = line.indexOf("<Group>"): null

27-02-2025T17:41:43 - [TEST_STEP][PASSED] - println(group): null

27-02-2025T17:41:43 - [TEST_STEP][PASSED] - if (group >= 0): null

27-02-2025T17:41:43 - [TEST_STEP][PASSED] - else: null

27-02-2025T17:41:43 - [TEST_STEP][PASSED] - if (include): null

27-02-2025T17:41:43 - [TEST_STEP][PASSED] - println(line): null

27-02-2025T17:41:43 - [TEST_STEP][PASSED] - comma = line.indexOf(",y"): null

27-02-2025T17:41:43 - [TEST_STEP][PASSED] - if (comma > 0): null

27-02-2025T17:41:43 - [TEST_STEP][PASSED] - commaCount = StringUtils.countMatches(line, ","): null

27-02-2025T17:41:43 - [TEST_STEP][PASSED] - if (commaCount > 1): null

27-02-2025T17:41:43 - [TEST_STEP][PASSED] - else: null

27-02-2025T17:41:43 - [TEST_STEP][PASSED] - label = line.substring(1, comma): null

27-02-2025T17:41:43 - [TEST_STEP][PASSED] - println(label): null

27-02-2025T17:41:43 - [TEST_STEP][PASSED] - checked.add(label): null

27-02-2025T17:41:43 - [TEST_STEP][PASSED] - line = reader.readLine(): null

27-02-2025T17:41:43 - [TEST_STEP][PASSED] - println(line): null

27-02-2025T17:41:43 - [TEST_STEP][PASSED] - group = line.indexOf("<Group>"): null

27-02-2025T17:41:43 - [TEST_STEP][PASSED] - println(group): null

27-02-2025T17:41:43 - [TEST_STEP][PASSED] - if (group >= 0): null

27-02-2025T17:41:43 - [TEST_STEP][PASSED] - else: null

27-02-2025T17:41:43 - [TEST_STEP][PASSED] - if (include): null

27-02-2025T17:41:43 - [TEST_STEP][PASSED] - println(line): null

27-02-2025T17:41:43 - [TEST_STEP][PASSED] - comma = line.indexOf(",y"): null

27-02-2025T17:41:43 - [TEST_STEP][PASSED] - if (comma > 0): null

27-02-2025T17:41:43 - [TEST_STEP][PASSED] - commaCount = StringUtils.countMatches(line, ","): null

27-02-2025T17:41:43 - [TEST_STEP][PASSED] - if (commaCount > 1): null

27-02-2025T17:41:43 - [TEST_STEP][PASSED] - else: null

27-02-2025T17:41:43 - [TEST_STEP][PASSED] - label = line.substring(1, comma): null

27-02-2025T17:41:43 - [TEST_STEP][PASSED] - println(label): null

27-02-2025T17:41:43 - [TEST_STEP][PASSED] - checked.add(label): null

27-02-2025T17:41:43 - [TEST_STEP][PASSED] - line = reader.readLine(): null

27-02-2025T17:41:43 - [TEST_STEP][PASSED] - println(line): null

27-02-2025T17:41:43 - [TEST_STEP][PASSED] - group = line.indexOf("<Group>"): null

27-02-2025T17:41:43 - [TEST_STEP][PASSED] - println(group): null

27-02-2025T17:41:43 - [TEST_STEP][PASSED] - if (group >= 0): null

27-02-2025T17:41:43 - [TEST_STEP][PASSED] - else: null

27-02-2025T17:41:43 - [TEST_STEP][PASSED] - if (include): null

27-02-2025T17:41:43 - [TEST_STEP][PASSED] - println(line): null

27-02-2025T17:41:43 - [TEST_STEP][PASSED] - comma = line.indexOf(",y"): null

27-02-2025T17:41:43 - [TEST_STEP][PASSED] - if (comma > 0): null

27-02-2025T17:41:43 - [TEST_STEP][PASSED] - commaCount = StringUtils.countMatches(line, ","): null

27-02-2025T17:41:43 - [TEST_STEP][PASSED] - if (commaCount > 1): null

27-02-2025T17:41:43 - [TEST_STEP][PASSED] - else: null

27-02-2025T17:41:43 - [TEST_STEP][PASSED] - label = line.substring(1, comma): null

27-02-2025T17:41:43 - [TEST_STEP][PASSED] - println(label): null

27-02-2025T17:41:43 - [TEST_STEP][PASSED] - checked.add(label): null

27-02-2025T17:41:43 - [TEST_STEP][PASSED] - line = reader.readLine(): null

27-02-2025T17:41:43 - [TEST_STEP][PASSED] - println(line): null

27-02-2025T17:41:43 - [TEST_STEP][PASSED] - group = line.indexOf("<Group>"): null

27-02-2025T17:41:43 - [TEST_STEP][PASSED] - println(group): null

27-02-2025T17:41:43 - [TEST_STEP][PASSED] - if (group >= 0): null

27-02-2025T17:41:43 - [TEST_STEP][PASSED] - else: null

27-02-2025T17:41:43 - [TEST_STEP][PASSED] - if (include): null

27-02-2025T17:41:43 - [TEST_STEP][PASSED] - println(line): null

27-02-2025T17:41:43 - [TEST_STEP][PASSED] - comma = line.indexOf(",y"): null

27-02-2025T17:41:43 - [TEST_STEP][PASSED] - if (comma > 0): null

27-02-2025T17:41:43 - [TEST_STEP][PASSED] - line = reader.readLine(): null

27-02-2025T17:41:43 - [TEST_STEP][PASSED] - println(line): null

27-02-2025T17:41:43 - [TEST_STEP][PASSED] - group = line.indexOf("<Group>"): null

27-02-2025T17:41:43 - [TEST_STEP][PASSED] - println(group): null

27-02-2025T17:41:43 - [TEST_STEP][PASSED] - if (group >= 0): null

27-02-2025T17:41:43 - [TEST_STEP][PASSED] - else: null

27-02-2025T17:41:43 - [TEST_STEP][PASSED] - if (include): null

27-02-2025T17:41:43 - [TEST_STEP][PASSED] - println(line): null

27-02-2025T17:41:43 - [TEST_STEP][PASSED] - comma = line.indexOf(",y"): null

27-02-2025T17:41:43 - [TEST_STEP][PASSED] - if (comma > 0): null

27-02-2025T17:41:43 - [TEST_STEP][PASSED] - line = reader.readLine(): null

27-02-2025T17:41:43 - [TEST_STEP][PASSED] - println(line): null

27-02-2025T17:41:43 - [TEST_STEP][PASSED] - group = line.indexOf("<Group>"): null

27-02-2025T17:41:43 - [TEST_STEP][PASSED] - println(group): null

27-02-2025T17:41:43 - [TEST_STEP][PASSED] - if (group >= 0): null

27-02-2025T17:41:43 - [TEST_STEP][PASSED] - else: null

27-02-2025T17:41:43 - [TEST_STEP][PASSED] - if (include): null

27-02-2025T17:41:43 - [TEST_STEP][PASSED] - println(line): null

27-02-2025T17:41:43 - [TEST_STEP][PASSED] - comma = line.indexOf(",y"): null

27-02-2025T17:41:43 - [TEST_STEP][PASSED] - if (comma > 0): null

27-02-2025T17:41:43 - [TEST_STEP][PASSED] - line = reader.readLine(): null

27-02-2025T17:41:43 - [TEST_STEP][PASSED] - println(line): null

27-02-2025T17:41:43 - [TEST_STEP][PASSED] - group = line.indexOf("<Group>"): null

27-02-2025T17:41:43 - [TEST_STEP][PASSED] - println(group): null

27-02-2025T17:41:43 - [TEST_STEP][PASSED] - if (group >= 0): null

27-02-2025T17:41:43 - [TEST_STEP][PASSED] - else: null

27-02-2025T17:41:43 - [TEST_STEP][PASSED] - if (include): null

27-02-2025T17:41:43 - [TEST_STEP][PASSED] - println(line): null

27-02-2025T17:41:43 - [TEST_STEP][PASSED] - comma = line.indexOf(",y"): null

27-02-2025T17:41:43 - [TEST_STEP][PASSED] - if (comma > 0): null

27-02-2025T17:41:43 - [TEST_STEP][PASSED] - commaCount = StringUtils.countMatches(line, ","): null

27-02-2025T17:41:43 - [TEST_STEP][PASSED] - if (commaCount > 1): null

27-02-2025T17:41:43 - [TEST_STEP][PASSED] - else: null

27-02-2025T17:41:43 - [TEST_STEP][PASSED] - label = line.substring(1, comma): null

27-02-2025T17:41:43 - [TEST_STEP][PASSED] - println(label): null

27-02-2025T17:41:43 - [TEST_STEP][PASSED] - checked.add(label): null

27-02-2025T17:41:43 - [TEST_STEP][PASSED] - line = reader.readLine(): null

27-02-2025T17:41:43 - [TEST_STEP][PASSED] - println(line): null

27-02-2025T17:41:43 - [TEST_STEP][PASSED] - group = line.indexOf("<Group>"): null

27-02-2025T17:41:43 - [TEST_STEP][PASSED] - println(group): null

27-02-2025T17:41:43 - [TEST_STEP][PASSED] - if (group >= 0): null

27-02-2025T17:41:43 - [TEST_STEP][PASSED] - else: null

27-02-2025T17:41:43 - [TEST_STEP][PASSED] - if (include): null

27-02-2025T17:41:43 - [TEST_STEP][PASSED] - println(line): null

27-02-2025T17:41:43 - [TEST_STEP][PASSED] - comma = line.indexOf(",y"): null

27-02-2025T17:41:43 - [TEST_STEP][PASSED] - if (comma > 0): null

27-02-2025T17:41:43 - [TEST_STEP][PASSED] - commaCount = StringUtils.countMatches(line, ","): null

27-02-2025T17:41:43 - [TEST_STEP][PASSED] - if (commaCount > 1): null

27-02-2025T17:41:43 - [TEST_STEP][PASSED] - else: null

27-02-2025T17:41:43 - [TEST_STEP][PASSED] - label = line.substring(1, comma): null

27-02-2025T17:41:43 - [TEST_STEP][PASSED] - println(label): null

27-02-2025T17:41:43 - [TEST_STEP][PASSED] - checked.add(label): null

27-02-2025T17:41:43 - [TEST_STEP][PASSED] - line = reader.readLine(): null

27-02-2025T17:41:43 - [TEST_STEP][PASSED] - println(line): null

27-02-2025T17:41:43 - [TEST_STEP][PASSED] - group = line.indexOf("<Group>"): null

27-02-2025T17:41:43 - [TEST_STEP][PASSED] - println(group): null

27-02-2025T17:41:43 - [TEST_STEP][PASSED] - if (group >= 0): null

27-02-2025T17:41:43 - [TEST_STEP][PASSED] - else: null

27-02-2025T17:41:43 - [TEST_STEP][PASSED] - if (include): null

27-02-2025T17:41:43 - [TEST_STEP][PASSED] - println(line): null

27-02-2025T17:41:43 - [TEST_STEP][PASSED] - comma = line.indexOf(",y"): null

27-02-2025T17:41:43 - [TEST_STEP][PASSED] - if (comma > 0): null

27-02-2025T17:41:43 - [TEST_STEP][PASSED] - line = reader.readLine(): null

27-02-2025T17:41:43 - [TEST_STEP][PASSED] - println(line): null

27-02-2025T17:41:43 - [TEST_STEP][PASSED] - group = line.indexOf("<Group>"): null

27-02-2025T17:41:43 - [TEST_STEP][PASSED] - println(group): null

27-02-2025T17:41:43 - [TEST_STEP][PASSED] - if (group >= 0): null

27-02-2025T17:41:43 - [TEST_STEP][PASSED] - else: null

27-02-2025T17:41:43 - [TEST_STEP][PASSED] - if (include): null

27-02-2025T17:41:43 - [TEST_STEP][PASSED] - println(line): null

27-02-2025T17:41:43 - [TEST_STEP][PASSED] - comma = line.indexOf(",y"): null

27-02-2025T17:41:43 - [TEST_STEP][PASSED] - if (comma > 0): null

27-02-2025T17:41:43 - [TEST_STEP][PASSED] - line = reader.readLine(): null

27-02-2025T17:41:43 - [TEST_STEP][PASSED] - println(line): null

27-02-2025T17:41:43 - [TEST_STEP][PASSED] - group = line.indexOf("<Group>"): null

27-02-2025T17:41:43 - [TEST_STEP][PASSED] - println(group): null

27-02-2025T17:41:43 - [TEST_STEP][PASSED] - if (group >= 0): null

27-02-2025T17:41:43 - [TEST_STEP][PASSED] - else: null

27-02-2025T17:41:43 - [TEST_STEP][PASSED] - if (include): null

27-02-2025T17:41:43 - [TEST_STEP][PASSED] - println(line): null

27-02-2025T17:41:43 - [TEST_STEP][PASSED] - comma = line.indexOf(",y"): null

27-02-2025T17:41:43 - [TEST_STEP][PASSED] - if (comma > 0): null

27-02-2025T17:41:43 - [TEST_STEP][PASSED] - line = reader.readLine(): null

27-02-2025T17:41:43 - [TEST_STEP][PASSED] - println(line): null

27-02-2025T17:41:43 - [TEST_STEP][PASSED] - group = line.indexOf("<Group>"): null

27-02-2025T17:41:43 - [TEST_STEP][PASSED] - println(group): null

27-02-2025T17:41:43 - [TEST_STEP][PASSED] - if (group >= 0): null

27-02-2025T17:41:43 - [TEST_STEP][PASSED] - else: null

27-02-2025T17:41:43 - [TEST_STEP][PASSED] - if (include): null

27-02-2025T17:41:43 - [TEST_STEP][PASSED] - println(line): null

27-02-2025T17:41:43 - [TEST_STEP][PASSED] - comma = line.indexOf(",y"): null

27-02-2025T17:41:43 - [TEST_STEP][PASSED] - if (comma > 0): null

27-02-2025T17:41:43 - [TEST_STEP][PASSED] - line = reader.readLine(): null

27-02-2025T17:41:43 - [TEST_STEP][PASSED] - println(line): null

27-02-2025T17:41:43 - [TEST_STEP][PASSED] - group = line.indexOf("<Group>"): null

27-02-2025T17:41:43 - [TEST_STEP][PASSED] - println(group): null

27-02-2025T17:41:43 - [TEST_STEP][PASSED] - if (group >= 0): null

27-02-2025T17:41:43 - [TEST_STEP][PASSED] - else: null

27-02-2025T17:41:43 - [TEST_STEP][PASSED] - if (include): null

27-02-2025T17:41:43 - [TEST_STEP][PASSED] - println(line): null

27-02-2025T17:41:43 - [TEST_STEP][PASSED] - comma = line.indexOf(",y"): null

27-02-2025T17:41:43 - [TEST_STEP][PASSED] - if (comma > 0): null

27-02-2025T17:41:43 - [TEST_STEP][PASSED] - line = reader.readLine(): null

27-02-2025T17:41:43 - [TEST_STEP][PASSED] - println(line): null

27-02-2025T17:41:43 - [TEST_STEP][PASSED] - group = line.indexOf("<Group>"): null

27-02-2025T17:41:43 - [TEST_STEP][PASSED] - println(group): null

27-02-2025T17:41:43 - [TEST_STEP][PASSED] - if (group >= 0): null

27-02-2025T17:41:43 - [TEST_STEP][PASSED] - else: null

27-02-2025T17:41:43 - [TEST_STEP][PASSED] - if (include): null

27-02-2025T17:41:43 - [TEST_STEP][PASSED] - println(line): null

27-02-2025T17:41:43 - [TEST_STEP][PASSED] - comma = line.indexOf(",y"): null

27-02-2025T17:41:43 - [TEST_STEP][PASSED] - if (comma > 0): null

27-02-2025T17:41:43 - [TEST_STEP][PASSED] - commaCount = StringUtils.countMatches(line, ","): null

27-02-2025T17:41:43 - [TEST_STEP][PASSED] - if (commaCount > 1): null

27-02-2025T17:41:43 - [TEST_STEP][PASSED] - else: null

27-02-2025T17:41:43 - [TEST_STEP][PASSED] - label = line.substring(1, comma): null

27-02-2025T17:41:43 - [TEST_STEP][PASSED] - println(label): null

27-02-2025T17:41:43 - [TEST_STEP][PASSED] - checked.add(label): null

27-02-2025T17:41:43 - [TEST_STEP][PASSED] - line = reader.readLine(): null

27-02-2025T17:41:43 - [TEST_STEP][PASSED] - println(line): null

27-02-2025T17:41:43 - [TEST_STEP][PASSED] - group = line.indexOf("<Group>"): null

27-02-2025T17:41:43 - [TEST_STEP][PASSED] - println(group): null

27-02-2025T17:41:43 - [TEST_STEP][PASSED] - if (group >= 0): null

27-02-2025T17:41:43 - [TEST_STEP][PASSED] - else: null

27-02-2025T17:41:43 - [TEST_STEP][PASSED] - if (include): null

27-02-2025T17:41:43 - [TEST_STEP][PASSED] - println(line): null

27-02-2025T17:41:43 - [TEST_STEP][PASSED] - comma = line.indexOf(",y"): null

27-02-2025T17:41:43 - [TEST_STEP][PASSED] - if (comma > 0): null

27-02-2025T17:41:43 - [TEST_STEP][PASSED] - commaCount = StringUtils.countMatches(line, ","): null

27-02-2025T17:41:43 - [TEST_STEP][PASSED] - if (commaCount > 1): null

27-02-2025T17:41:43 - [TEST_STEP][PASSED] - else: null

27-02-2025T17:41:43 - [TEST_STEP][PASSED] - label = line.substring(1, comma): null

27-02-2025T17:41:43 - [TEST_STEP][PASSED] - println(label): null

27-02-2025T17:41:43 - [TEST_STEP][PASSED] - checked.add(label): null

27-02-2025T17:41:43 - [TEST_STEP][PASSED] - line = reader.readLine(): null

27-02-2025T17:41:43 - [TEST_STEP][PASSED] - println(line): null

27-02-2025T17:41:43 - [TEST_STEP][PASSED] - group = line.indexOf("<Group>"): null

27-02-2025T17:41:43 - [TEST_STEP][PASSED] - println(group): null

27-02-2025T17:41:43 - [TEST_STEP][PASSED] - if (group >= 0): null

27-02-2025T17:41:43 - [TEST_STEP][PASSED] - else: null

27-02-2025T17:41:43 - [TEST_STEP][PASSED] - if (include): null

27-02-2025T17:41:43 - [TEST_STEP][PASSED] - println(line): null

27-02-2025T17:41:43 - [TEST_STEP][PASSED] - comma = line.indexOf(",y"): null

27-02-2025T17:41:43 - [TEST_STEP][PASSED] - if (comma > 0): null

27-02-2025T17:41:43 - [TEST_STEP][PASSED] - line = reader.readLine(): null

27-02-2025T17:41:43 - [TEST_STEP][PASSED] - println(line): null

27-02-2025T17:41:43 - [TEST_STEP][PASSED] - group = line.indexOf("<Group>"): null

27-02-2025T17:41:43 - [TEST_STEP][PASSED] - println(group): null

27-02-2025T17:41:43 - [TEST_STEP][PASSED] - if (group >= 0): null

27-02-2025T17:41:43 - [TEST_STEP][PASSED] - else: null

27-02-2025T17:41:43 - [TEST_STEP][PASSED] - if (include): null

27-02-2025T17:41:43 - [TEST_STEP][PASSED] - println(line): null

27-02-2025T17:41:43 - [TEST_STEP][PASSED] - comma = line.indexOf(",y"): null

27-02-2025T17:41:43 - [TEST_STEP][PASSED] - if (comma > 0): null

27-02-2025T17:41:43 - [TEST_STEP][PASSED] - line = reader.readLine(): null

27-02-2025T17:41:43 - [TEST_STEP][PASSED] - println(line): null

27-02-2025T17:41:43 - [TEST_STEP][PASSED] - group = line.indexOf("<Group>"): null

27-02-2025T17:41:43 - [TEST_STEP][PASSED] - println(group): null

27-02-2025T17:41:43 - [TEST_STEP][PASSED] - if (group >= 0): null

27-02-2025T17:41:43 - [TEST_STEP][PASSED] - else: null

27-02-2025T17:41:43 - [TEST_STEP][PASSED] - if (include): null

27-02-2025T17:41:43 - [TEST_STEP][PASSED] - println(line): null

27-02-2025T17:41:43 - [TEST_STEP][PASSED] - comma = line.indexOf(",y"): null

27-02-2025T17:41:43 - [TEST_STEP][PASSED] - if (comma > 0): null

27-02-2025T17:41:43 - [TEST_STEP][PASSED] - line = reader.readLine(): null

27-02-2025T17:41:43 - [TEST_STEP][PASSED] - println(line): null

27-02-2025T17:41:43 - [TEST_STEP][PASSED] - group = line.indexOf("<Group>"): null

27-02-2025T17:41:43 - [TEST_STEP][PASSED] - println(group): null

27-02-2025T17:41:43 - [TEST_STEP][PASSED] - if (group >= 0): null

27-02-2025T17:41:43 - [TEST_STEP][PASSED] - else: null

27-02-2025T17:41:43 - [TEST_STEP][PASSED] - if (include): null

27-02-2025T17:41:43 - [TEST_STEP][PASSED] - println(line): null

27-02-2025T17:41:43 - [TEST_STEP][PASSED] - comma = line.indexOf(",y"): null

27-02-2025T17:41:43 - [TEST_STEP][PASSED] - if (comma > 0): null

27-02-2025T17:41:43 - [TEST_STEP][PASSED] - line = reader.readLine(): null

27-02-2025T17:41:43 - [TEST_STEP][PASSED] - println(line): null

27-02-2025T17:41:43 - [TEST_STEP][PASSED] - group = line.indexOf("<Group>"): null

27-02-2025T17:41:43 - [TEST_STEP][PASSED] - println(group): null

27-02-2025T17:41:43 - [TEST_STEP][PASSED] - if (group >= 0): null

27-02-2025T17:41:43 - [TEST_STEP][PASSED] - else: null

27-02-2025T17:41:43 - [TEST_STEP][PASSED] - if (include): null

27-02-2025T17:41:43 - [TEST_STEP][PASSED] - println(line): null

27-02-2025T17:41:43 - [TEST_STEP][PASSED] - comma = line.indexOf(",y"): null

27-02-2025T17:41:43 - [TEST_STEP][PASSED] - if (comma > 0): null

27-02-2025T17:41:43 - [TEST_STEP][PASSED] - line = reader.readLine(): null

27-02-2025T17:41:43 - [TEST_STEP][PASSED] - println(line): null

27-02-2025T17:41:43 - [TEST_STEP][PASSED] - group = line.indexOf("<Group>"): null

27-02-2025T17:41:43 - [TEST_STEP][PASSED] - println(group): null

27-02-2025T17:41:43 - [TEST_STEP][PASSED] - if (group >= 0): null

27-02-2025T17:41:43 - [TEST_STEP][PASSED] - else: null

27-02-2025T17:41:43 - [TEST_STEP][PASSED] - if (include): null

27-02-2025T17:41:43 - [TEST_STEP][PASSED] - println(line): null

27-02-2025T17:41:43 - [TEST_STEP][PASSED] - comma = line.indexOf(",y"): null

27-02-2025T17:41:43 - [TEST_STEP][PASSED] - if (comma > 0): null

27-02-2025T17:41:43 - [TEST_STEP][PASSED] - line = reader.readLine(): null

27-02-2025T17:41:43 - [TEST_STEP][PASSED] - println(line): null

27-02-2025T17:41:43 - [TEST_STEP][PASSED] - group = line.indexOf("<Group>"): null

27-02-2025T17:41:43 - [TEST_STEP][PASSED] - println(group): null

27-02-2025T17:41:43 - [TEST_STEP][PASSED] - if (group >= 0): null

27-02-2025T17:41:43 - [TEST_STEP][PASSED] - else: null

27-02-2025T17:41:43 - [TEST_STEP][PASSED] - if (include): null

27-02-2025T17:41:43 - [TEST_STEP][PASSED] - println(line): null

27-02-2025T17:41:43 - [TEST_STEP][PASSED] - comma = line.indexOf(",y"): null

27-02-2025T17:41:43 - [TEST_STEP][PASSED] - if (comma > 0): null

27-02-2025T17:41:43 - [TEST_STEP][PASSED] - line = reader.readLine(): null

27-02-2025T17:41:43 - [TEST_STEP][PASSED] - println(line): null

27-02-2025T17:41:43 - [TEST_STEP][PASSED] - group = line.indexOf("<Group>"): null

27-02-2025T17:41:43 - [TEST_STEP][PASSED] - println(group): null

27-02-2025T17:41:43 - [TEST_STEP][PASSED] - if (group >= 0): null

27-02-2025T17:41:43 - [TEST_STEP][PASSED] - else: null

27-02-2025T17:41:43 - [TEST_STEP][PASSED] - if (include): null

27-02-2025T17:41:43 - [TEST_STEP][PASSED] - println(line): null

27-02-2025T17:41:43 - [TEST_STEP][PASSED] - comma = line.indexOf(",y"): null

27-02-2025T17:41:43 - [TEST_STEP][PASSED] - if (comma > 0): null

27-02-2025T17:41:43 - [TEST_STEP][PASSED] - line = reader.readLine(): null

27-02-2025T17:41:43 - [TEST_STEP][PASSED] - println(line): null

27-02-2025T17:41:43 - [TEST_STEP][PASSED] - group = line.indexOf("<Group>"): null

27-02-2025T17:41:43 - [TEST_STEP][PASSED] - println(group): null

27-02-2025T17:41:43 - [TEST_STEP][PASSED] - if (group >= 0): null

27-02-2025T17:41:43 - [TEST_STEP][PASSED] - else: null

27-02-2025T17:41:43 - [TEST_STEP][PASSED] - if (include): null

27-02-2025T17:41:43 - [TEST_STEP][PASSED] - println(line): null

27-02-2025T17:41:43 - [TEST_STEP][PASSED] - comma = line.indexOf(",y"): null

27-02-2025T17:41:43 - [TEST_STEP][PASSED] - if (comma > 0): null

27-02-2025T17:41:43 - [TEST_STEP][PASSED] - commaCount = StringUtils.countMatches(line, ","): null

27-02-2025T17:41:43 - [TEST_STEP][PASSED] - if (commaCount > 1): null

27-02-2025T17:41:43 - [TEST_STEP][PASSED] - else: null

27-02-2025T17:41:43 - [TEST_STEP][PASSED] - label = line.substring(1, comma): null

27-02-2025T17:41:43 - [TEST_STEP][PASSED] - println(label): null

27-02-2025T17:41:43 - [TEST_STEP][PASSED] - checked.add(label): null

27-02-2025T17:41:43 - [TEST_STEP][PASSED] - line = reader.readLine(): null

27-02-2025T17:41:43 - [TEST_STEP][PASSED] - println(line): null

27-02-2025T17:41:43 - [TEST_STEP][PASSED] - group = line.indexOf("<Group>"): null

27-02-2025T17:41:43 - [TEST_STEP][PASSED] - println(group): null

27-02-2025T17:41:43 - [TEST_STEP][PASSED] - if (group >= 0): null

27-02-2025T17:41:43 - [TEST_STEP][PASSED] - else: null

27-02-2025T17:41:43 - [TEST_STEP][PASSED] - if (include): null

27-02-2025T17:41:43 - [TEST_STEP][PASSED] - println(line): null

27-02-2025T17:41:43 - [TEST_STEP][PASSED] - comma = line.indexOf(",y"): null

27-02-2025T17:41:43 - [TEST_STEP][PASSED] - if (comma > 0): null

27-02-2025T17:41:43 - [TEST_STEP][PASSED] - line = reader.readLine(): null

27-02-2025T17:41:43 - [TEST_STEP][PASSED] - println(line): null

27-02-2025T17:41:43 - [TEST_STEP][PASSED] - group = line.indexOf("<Group>"): null

27-02-2025T17:41:43 - [TEST_STEP][PASSED] - println(group): null

27-02-2025T17:41:43 - [TEST_STEP][PASSED] - if (group >= 0): null

27-02-2025T17:41:43 - [TEST_STEP][PASSED] - else: null

27-02-2025T17:41:43 - [TEST_STEP][PASSED] - if (include): null

27-02-2025T17:41:43 - [TEST_STEP][PASSED] - println(line): null

27-02-2025T17:41:43 - [TEST_STEP][PASSED] - comma = line.indexOf(",y"): null

27-02-2025T17:41:43 - [TEST_STEP][PASSED] - if (comma > 0): null

27-02-2025T17:41:43 - [TEST_STEP][PASSED] - line = reader.readLine(): null

27-02-2025T17:41:43 - [TEST_STEP][PASSED] - println(line): null

27-02-2025T17:41:43 - [TEST_STEP][PASSED] - group = line.indexOf("<Group>"): null

27-02-2025T17:41:43 - [TEST_STEP][PASSED] - println(group): null

27-02-2025T17:41:43 - [TEST_STEP][PASSED] - if (group >= 0): null

27-02-2025T17:41:43 - [TEST_STEP][PASSED] - else: null

27-02-2025T17:41:43 - [TEST_STEP][PASSED] - if (include): null

27-02-2025T17:41:43 - [TEST_STEP][PASSED] - println(line): null

27-02-2025T17:41:43 - [TEST_STEP][PASSED] - comma = line.indexOf(",y"): null

27-02-2025T17:41:43 - [TEST_STEP][PASSED] - if (comma > 0): null

27-02-2025T17:41:43 - [TEST_STEP][PASSED] - line = reader.readLine(): null

27-02-2025T17:41:43 - [TEST_STEP][PASSED] - println(line): null

27-02-2025T17:41:43 - [TEST_STEP][PASSED] - group = line.indexOf("<Group>"): null

27-02-2025T17:41:43 - [TEST_STEP][PASSED] - println(group): null

27-02-2025T17:41:43 - [TEST_STEP][PASSED] - if (group >= 0): null

27-02-2025T17:41:43 - [TEST_STEP][PASSED] - else: null

27-02-2025T17:41:43 - [TEST_STEP][PASSED] - if (include): null

27-02-2025T17:41:43 - [TEST_STEP][PASSED] - println(line): null

27-02-2025T17:41:43 - [TEST_STEP][PASSED] - comma = line.indexOf(",y"): null

27-02-2025T17:41:43 - [TEST_STEP][PASSED] - if (comma > 0): null

27-02-2025T17:41:43 - [TEST_STEP][PASSED] - line = reader.readLine(): null

27-02-2025T17:41:43 - [TEST_STEP][PASSED] - println(line): null

27-02-2025T17:41:43 - [TEST_STEP][PASSED] - group = line.indexOf("<Group>"): null

27-02-2025T17:41:43 - [TEST_STEP][PASSED] - println(group): null

27-02-2025T17:41:43 - [TEST_STEP][PASSED] - if (group >= 0): null

27-02-2025T17:41:43 - [TEST_STEP][PASSED] - else: null

27-02-2025T17:41:43 - [TEST_STEP][PASSED] - if (include): null

27-02-2025T17:41:43 - [TEST_STEP][PASSED] - println(line): null

27-02-2025T17:41:43 - [TEST_STEP][PASSED] - comma = line.indexOf(",y"): null

27-02-2025T17:41:43 - [TEST_STEP][PASSED] - if (comma > 0): null

27-02-2025T17:41:43 - [TEST_STEP][PASSED] - commaCount = StringUtils.countMatches(line, ","): null

27-02-2025T17:41:43 - [TEST_STEP][PASSED] - if (commaCount > 1): null

27-02-2025T17:41:43 - [TEST_STEP][PASSED] - else: null

27-02-2025T17:41:43 - [TEST_STEP][PASSED] - label = line.substring(1, comma): null

27-02-2025T17:41:43 - [TEST_STEP][PASSED] - println(label): null

27-02-2025T17:41:43 - [TEST_STEP][PASSED] - checked.add(label): null

27-02-2025T17:41:43 - [TEST_STEP][PASSED] - line = reader.readLine(): null

27-02-2025T17:41:43 - [TEST_STEP][PASSED] - println(line): null

27-02-2025T17:41:43 - [TEST_STEP][PASSED] - group = line.indexOf("<Group>"): null

27-02-2025T17:41:43 - [TEST_STEP][PASSED] - println(group): null

27-02-2025T17:41:43 - [TEST_STEP][PASSED] - if (group >= 0): null

27-02-2025T17:41:43 - [TEST_STEP][PASSED] - else: null

27-02-2025T17:41:43 - [TEST_STEP][PASSED] - if (include): null

27-02-2025T17:41:43 - [TEST_STEP][PASSED] - println(line): null

27-02-2025T17:41:43 - [TEST_STEP][PASSED] - comma = line.indexOf(",y"): null

27-02-2025T17:41:43 - [TEST_STEP][PASSED] - if (comma > 0): null

27-02-2025T17:41:43 - [TEST_STEP][PASSED] - line = reader.readLine(): null

27-02-2025T17:41:43 - [TEST_STEP][PASSED] - println(line): null

27-02-2025T17:41:43 - [TEST_STEP][PASSED] - group = line.indexOf("<Group>"): null

27-02-2025T17:41:43 - [TEST_STEP][PASSED] - println(group): null

27-02-2025T17:41:43 - [TEST_STEP][PASSED] - if (group >= 0): null

27-02-2025T17:41:43 - [TEST_STEP][PASSED] - else: null

27-02-2025T17:41:43 - [TEST_STEP][PASSED] - if (include): null

27-02-2025T17:41:43 - [TEST_STEP][PASSED] - println(line): null

27-02-2025T17:41:43 - [TEST_STEP][PASSED] - comma = line.indexOf(",y"): null

27-02-2025T17:41:43 - [TEST_STEP][PASSED] - if (comma > 0): null

27-02-2025T17:41:43 - [TEST_STEP][PASSED] - line = reader.readLine(): null

27-02-2025T17:41:43 - [TEST_STEP][PASSED] - println(line): null

27-02-2025T17:41:43 - [TEST_STEP][PASSED] - group = line.indexOf("<Group>"): null

27-02-2025T17:41:43 - [TEST_STEP][PASSED] - println(group): null

27-02-2025T17:41:43 - [TEST_STEP][PASSED] - if (group >= 0): null

27-02-2025T17:41:43 - [TEST_STEP][PASSED] - else: null

27-02-2025T17:41:43 - [TEST_STEP][PASSED] - if (include): null

27-02-2025T17:41:43 - [TEST_STEP][PASSED] - println(line): null

27-02-2025T17:41:43 - [TEST_STEP][PASSED] - comma = line.indexOf(",y"): null

27-02-2025T17:41:43 - [TEST_STEP][PASSED] - if (comma > 0): null

27-02-2025T17:41:43 - [TEST_STEP][PASSED] - line = reader.readLine(): null

27-02-2025T17:41:43 - [TEST_STEP][PASSED] - println(line): null

27-02-2025T17:41:43 - [TEST_STEP][PASSED] - group = line.indexOf("<Group>"): null

27-02-2025T17:41:43 - [TEST_STEP][PASSED] - println(group): null

27-02-2025T17:41:43 - [TEST_STEP][PASSED] - if (group >= 0): null

27-02-2025T17:41:43 - [TEST_STEP][PASSED] - else: null

27-02-2025T17:41:43 - [TEST_STEP][PASSED] - if (include): null

27-02-2025T17:41:43 - [TEST_STEP][PASSED] - println(line): null

27-02-2025T17:41:43 - [TEST_STEP][PASSED] - comma = line.indexOf(",y"): null

27-02-2025T17:41:43 - [TEST_STEP][PASSED] - if (comma > 0): null

27-02-2025T17:41:43 - [TEST_STEP][PASSED] - line = reader.readLine(): null

27-02-2025T17:41:43 - [TEST_STEP][PASSED] - println(line): null

27-02-2025T17:41:43 - [TEST_STEP][PASSED] - group = line.indexOf("<Group>"): null

27-02-2025T17:41:43 - [TEST_STEP][PASSED] - println(group): null

27-02-2025T17:41:43 - [TEST_STEP][PASSED] - if (group >= 0): null

27-02-2025T17:41:43 - [TEST_STEP][PASSED] - else: null

27-02-2025T17:41:43 - [TEST_STEP][PASSED] - if (include): null

27-02-2025T17:41:43 - [TEST_STEP][PASSED] - println(line): null

27-02-2025T17:41:43 - [TEST_STEP][PASSED] - comma = line.indexOf(",y"): null

27-02-2025T17:41:43 - [TEST_STEP][PASSED] - if (comma > 0): null

27-02-2025T17:41:43 - [TEST_STEP][PASSED] - line = reader.readLine(): null

27-02-2025T17:41:43 - [TEST_STEP][PASSED] - println(line): null

27-02-2025T17:41:43 - [TEST_STEP][PASSED] - group = line.indexOf("<Group>"): null

27-02-2025T17:41:43 - [TEST_STEP][PASSED] - println(group): null

27-02-2025T17:41:43 - [TEST_STEP][PASSED] - if (group >= 0): null

27-02-2025T17:41:43 - [TEST_STEP][PASSED] - else: null

27-02-2025T17:41:43 - [TEST_STEP][PASSED] - if (include): null

27-02-2025T17:41:43 - [TEST_STEP][PASSED] - println(line): null

27-02-2025T17:41:43 - [TEST_STEP][PASSED] - comma = line.indexOf(",y"): null

27-02-2025T17:41:43 - [TEST_STEP][PASSED] - if (comma > 0): null

27-02-2025T17:41:43 - [TEST_STEP][PASSED] - commaCount = StringUtils.countMatches(line, ","): null

27-02-2025T17:41:43 - [TEST_STEP][PASSED] - if (commaCount > 1): null

27-02-2025T17:41:43 - [TEST_STEP][PASSED] - else: null

27-02-2025T17:41:43 - [TEST_STEP][PASSED] - label = line.substring(1, comma): null

27-02-2025T17:41:43 - [TEST_STEP][PASSED] - println(label): null

27-02-2025T17:41:43 - [TEST_STEP][PASSED] - checked.add(label): null

27-02-2025T17:41:43 - [TEST_STEP][PASSED] - line = reader.readLine(): null

27-02-2025T17:41:43 - [TEST_STEP][PASSED] - println(line): null

27-02-2025T17:41:43 - [TEST_STEP][PASSED] - group = line.indexOf("<Group>"): null

27-02-2025T17:41:43 - [TEST_STEP][PASSED] - println(group): null

27-02-2025T17:41:43 - [TEST_STEP][PASSED] - if (group >= 0): null

27-02-2025T17:41:43 - [TEST_STEP][PASSED] - else: null

27-02-2025T17:41:43 - [TEST_STEP][PASSED] - if (include): null

27-02-2025T17:41:43 - [TEST_STEP][PASSED] - println(line): null

27-02-2025T17:41:43 - [TEST_STEP][PASSED] - comma = line.indexOf(",y"): null

27-02-2025T17:41:43 - [TEST_STEP][PASSED] - if (comma > 0): null

27-02-2025T17:41:43 - [TEST_STEP][PASSED] - line = reader.readLine(): null

27-02-2025T17:41:43 - [TEST_STEP][PASSED] - println(line): null

27-02-2025T17:41:43 - [TEST_STEP][PASSED] - group = line.indexOf("<Group>"): null

27-02-2025T17:41:43 - [TEST_STEP][PASSED] - println(group): null

27-02-2025T17:41:43 - [TEST_STEP][PASSED] - if (group >= 0): null

27-02-2025T17:41:43 - [TEST_STEP][PASSED] - else: null

27-02-2025T17:41:43 - [TEST_STEP][PASSED] - if (include): null

27-02-2025T17:41:43 - [TEST_STEP][PASSED] - println(line): null

27-02-2025T17:41:43 - [TEST_STEP][PASSED] - comma = line.indexOf(",y"): null

27-02-2025T17:41:43 - [TEST_STEP][PASSED] - if (comma > 0): null

27-02-2025T17:41:43 - [TEST_STEP][PASSED] - line = reader.readLine(): null

27-02-2025T17:41:43 - [TEST_STEP][PASSED] - println(line): null

27-02-2025T17:41:43 - [TEST_STEP][PASSED] - group = line.indexOf("<Group>"): null

27-02-2025T17:41:43 - [TEST_STEP][PASSED] - println(group): null

27-02-2025T17:41:43 - [TEST_STEP][PASSED] - if (group >= 0): null

27-02-2025T17:41:43 - [TEST_STEP][PASSED] - else: null

27-02-2025T17:41:43 - [TEST_STEP][PASSED] - if (include): null

27-02-2025T17:41:43 - [TEST_STEP][PASSED] - println(line): null

27-02-2025T17:41:43 - [TEST_STEP][PASSED] - comma = line.indexOf(",y"): null

27-02-2025T17:41:43 - [TEST_STEP][PASSED] - if (comma > 0): null

27-02-2025T17:41:43 - [TEST_STEP][PASSED] - commaCount = StringUtils.countMatches(line, ","): null

27-02-2025T17:41:43 - [TEST_STEP][PASSED] - if (commaCount > 1): null

27-02-2025T17:41:43 - [TEST_STEP][PASSED] - else: null

27-02-2025T17:41:43 - [TEST_STEP][PASSED] - label = line.substring(1, comma): null

27-02-2025T17:41:43 - [TEST_STEP][PASSED] - println(label): null

27-02-2025T17:41:43 - [TEST_STEP][PASSED] - checked.add(label): null

27-02-2025T17:41:43 - [TEST_STEP][PASSED] - line = reader.readLine(): null

27-02-2025T17:41:43 - [TEST_STEP][PASSED] - println(line): null

27-02-2025T17:41:43 - [TEST_STEP][PASSED] - group = line.indexOf("<Group>"): null

27-02-2025T17:41:43 - [TEST_STEP][PASSED] - println(group): null

27-02-2025T17:41:43 - [TEST_STEP][PASSED] - if (group >= 0): null

27-02-2025T17:41:43 - [TEST_STEP][PASSED] - else: null

27-02-2025T17:41:43 - [TEST_STEP][PASSED] - if (include): null

27-02-2025T17:41:43 - [TEST_STEP][PASSED] - println(line): null

27-02-2025T17:41:43 - [TEST_STEP][PASSED] - comma = line.indexOf(",y"): null

27-02-2025T17:41:43 - [TEST_STEP][PASSED] - if (comma > 0): null

27-02-2025T17:41:43 - [TEST_STEP][PASSED] - commaCount = StringUtils.countMatches(line, ","): null

27-02-2025T17:41:43 - [TEST_STEP][PASSED] - if (commaCount > 1): null

27-02-2025T17:41:43 - [TEST_STEP][PASSED] - else: null

27-02-2025T17:41:43 - [TEST_STEP][PASSED] - label = line.substring(1, comma): null

27-02-2025T17:41:43 - [TEST_STEP][PASSED] - println(label): null

27-02-2025T17:41:43 - [TEST_STEP][PASSED] - checked.add(label): null

27-02-2025T17:41:43 - [TEST_STEP][PASSED] - line = reader.readLine(): null

27-02-2025T17:41:43 - [TEST_STEP][PASSED] - println(line): null

27-02-2025T17:41:43 - [TEST_STEP][PASSED] - group = line.indexOf("<Group>"): null

27-02-2025T17:41:43 - [TEST_STEP][PASSED] - println(group): null

27-02-2025T17:41:43 - [TEST_STEP][PASSED] - if (group >= 0): null

27-02-2025T17:41:43 - [TEST_STEP][PASSED] - else: null

27-02-2025T17:41:43 - [TEST_STEP][PASSED] - if (include): null

27-02-2025T17:41:43 - [TEST_STEP][PASSED] - println(line): null

27-02-2025T17:41:43 - [TEST_STEP][PASSED] - comma = line.indexOf(",y"): null

27-02-2025T17:41:43 - [TEST_STEP][PASSED] - if (comma > 0): null

27-02-2025T17:41:43 - [TEST_STEP][PASSED] - commaCount = StringUtils.countMatches(line, ","): null

27-02-2025T17:41:43 - [TEST_STEP][PASSED] - if (commaCount > 1): null

27-02-2025T17:41:43 - [TEST_STEP][PASSED] - else: null

27-02-2025T17:41:43 - [TEST_STEP][PASSED] - label = line.substring(1, comma): null

27-02-2025T17:41:43 - [TEST_STEP][PASSED] - println(label): null

27-02-2025T17:41:43 - [TEST_STEP][PASSED] - checked.add(label): null

27-02-2025T17:41:43 - [TEST_STEP][PASSED] - line = reader.readLine(): null

27-02-2025T17:41:43 - [TEST_STEP][PASSED] - println(line): null

27-02-2025T17:41:43 - [TEST_STEP][PASSED] - group = line.indexOf("<Group>"): null

27-02-2025T17:41:43 - [TEST_STEP][PASSED] - println(group): null

27-02-2025T17:41:43 - [TEST_STEP][PASSED] - if (group >= 0): null

27-02-2025T17:41:43 - [TEST_STEP][PASSED] - else: null

27-02-2025T17:41:43 - [TEST_STEP][PASSED] - if (include): null

27-02-2025T17:41:43 - [TEST_STEP][PASSED] - println(line): null

27-02-2025T17:41:43 - [TEST_STEP][PASSED] - comma = line.indexOf(",y"): null

27-02-2025T17:41:43 - [TEST_STEP][PASSED] - if (comma > 0): null

27-02-2025T17:41:43 - [TEST_STEP][PASSED] - line = reader.readLine(): null

27-02-2025T17:41:43 - [TEST_STEP][PASSED] - println(line): null

27-02-2025T17:41:43 - [TEST_STEP][PASSED] - group = line.indexOf("<Group>"): null

27-02-2025T17:41:43 - [TEST_STEP][PASSED] - println(group): null

27-02-2025T17:41:43 - [TEST_STEP][PASSED] - if (group >= 0): null

27-02-2025T17:41:43 - [TEST_STEP][PASSED] - else: null

27-02-2025T17:41:43 - [TEST_STEP][PASSED] - if (include): null

27-02-2025T17:41:43 - [TEST_STEP][PASSED] - println(line): null

27-02-2025T17:41:43 - [TEST_STEP][PASSED] - comma = line.indexOf(",y"): null

27-02-2025T17:41:43 - [TEST_STEP][PASSED] - if (comma > 0): null

27-02-2025T17:41:43 - [TEST_STEP][PASSED] - line = reader.readLine(): null

27-02-2025T17:41:43 - [TEST_STEP][PASSED] - println(line): null

27-02-2025T17:41:43 - [TEST_STEP][PASSED] - group = line.indexOf("<Group>"): null

27-02-2025T17:41:43 - [TEST_STEP][PASSED] - println(group): null

27-02-2025T17:41:43 - [TEST_STEP][PASSED] - if (group >= 0): null

27-02-2025T17:41:43 - [TEST_STEP][PASSED] - else: null

27-02-2025T17:41:43 - [TEST_STEP][PASSED] - if (include): null

27-02-2025T17:41:43 - [TEST_STEP][PASSED] - println(line): null

27-02-2025T17:41:43 - [TEST_STEP][PASSED] - comma = line.indexOf(",y"): null

27-02-2025T17:41:43 - [TEST_STEP][PASSED] - if (comma > 0): null

27-02-2025T17:41:43 - [TEST_STEP][PASSED] - commaCount = StringUtils.countMatches(line, ","): null

27-02-2025T17:41:43 - [TEST_STEP][PASSED] - if (commaCount > 1): null

27-02-2025T17:41:43 - [TEST_STEP][PASSED] - else: null

27-02-2025T17:41:43 - [TEST_STEP][PASSED] - label = line.substring(1, comma): null

27-02-2025T17:41:43 - [TEST_STEP][PASSED] - println(label): null

27-02-2025T17:41:43 - [TEST_STEP][PASSED] - checked.add(label): null

27-02-2025T17:41:43 - [TEST_STEP][PASSED] - line = reader.readLine(): null

27-02-2025T17:41:43 - [TEST_STEP][PASSED] - println(line): null

27-02-2025T17:41:43 - [TEST_STEP][PASSED] - group = line.indexOf("<Group>"): null

27-02-2025T17:41:43 - [TEST_STEP][PASSED] - println(group): null

27-02-2025T17:41:43 - [TEST_STEP][PASSED] - if (group >= 0): null

27-02-2025T17:41:43 - [TEST_STEP][PASSED] - else: null

27-02-2025T17:41:43 - [TEST_STEP][PASSED] - if (include): null

27-02-2025T17:41:43 - [TEST_STEP][PASSED] - println(line): null

27-02-2025T17:41:43 - [TEST_STEP][PASSED] - comma = line.indexOf(",y"): null

27-02-2025T17:41:43 - [TEST_STEP][PASSED] - if (comma > 0): null

27-02-2025T17:41:43 - [TEST_STEP][PASSED] - commaCount = StringUtils.countMatches(line, ","): null

27-02-2025T17:41:43 - [TEST_STEP][PASSED] - if (commaCount > 1): null

27-02-2025T17:41:43 - [TEST_STEP][PASSED] - else: null

27-02-2025T17:41:43 - [TEST_STEP][PASSED] - label = line.substring(1, comma): null

27-02-2025T17:41:43 - [TEST_STEP][PASSED] - println(label): null

27-02-2025T17:41:43 - [TEST_STEP][PASSED] - checked.add(label): null

27-02-2025T17:41:43 - [TEST_STEP][PASSED] - line = reader.readLine(): null

27-02-2025T17:41:43 - [TEST_STEP][PASSED] - println(line): null

27-02-2025T17:41:43 - [TEST_STEP][PASSED] - group = line.indexOf("<Group>"): null

27-02-2025T17:41:43 - [TEST_STEP][PASSED] - println(group): null

27-02-2025T17:41:43 - [TEST_STEP][PASSED] - if (group >= 0): null

27-02-2025T17:41:43 - [TEST_STEP][PASSED] - else: null

27-02-2025T17:41:43 - [TEST_STEP][PASSED] - if (include): null

27-02-2025T17:41:43 - [TEST_STEP][PASSED] - println(line): null

27-02-2025T17:41:43 - [TEST_STEP][PASSED] - comma = line.indexOf(",y"): null

27-02-2025T17:41:43 - [TEST_STEP][PASSED] - if (comma > 0): null

27-02-2025T17:41:43 - [TEST_STEP][PASSED] - commaCount = StringUtils.countMatches(line, ","): null

27-02-2025T17:41:43 - [TEST_STEP][PASSED] - if (commaCount > 1): null

27-02-2025T17:41:43 - [TEST_STEP][PASSED] - else: null

27-02-2025T17:41:43 - [TEST_STEP][PASSED] - label = line.substring(1, comma): null

27-02-2025T17:41:43 - [TEST_STEP][PASSED] - println(label): null

27-02-2025T17:41:43 - [TEST_STEP][PASSED] - checked.add(label): null

27-02-2025T17:41:43 - [TEST_STEP][PASSED] - line = reader.readLine(): null

27-02-2025T17:41:43 - [TEST_STEP][PASSED] - println(line): null

27-02-2025T17:41:43 - [TEST_STEP][PASSED] - group = line.indexOf("<Group>"): null

27-02-2025T17:41:43 - [TEST_STEP][PASSED] - println(group): null

27-02-2025T17:41:43 - [TEST_STEP][PASSED] - if (group >= 0): null

27-02-2025T17:41:43 - [TEST_STEP][PASSED] - else: null

27-02-2025T17:41:43 - [TEST_STEP][PASSED] - if (include): null

27-02-2025T17:41:43 - [TEST_STEP][PASSED] - println(line): null

27-02-2025T17:41:43 - [TEST_STEP][PASSED] - comma = line.indexOf(",y"): null

27-02-2025T17:41:43 - [TEST_STEP][PASSED] - if (comma > 0): null

27-02-2025T17:41:43 - [TEST_STEP][PASSED] - line = reader.readLine(): null

27-02-2025T17:41:43 - [TEST_STEP][PASSED] - println(line): null

27-02-2025T17:41:43 - [TEST_STEP][PASSED] - group = line.indexOf("<Group>"): null

27-02-2025T17:41:43 - [TEST_STEP][PASSED] - println(group): null

27-02-2025T17:41:43 - [TEST_STEP][PASSED] - if (group >= 0): null

27-02-2025T17:41:43 - [TEST_STEP][PASSED] - else: null

27-02-2025T17:41:43 - [TEST_STEP][PASSED] - if (include): null

27-02-2025T17:41:43 - [TEST_STEP][PASSED] - println(line): null

27-02-2025T17:41:43 - [TEST_STEP][PASSED] - comma = line.indexOf(",y"): null

27-02-2025T17:41:43 - [TEST_STEP][PASSED] - if (comma > 0): null

27-02-2025T17:41:43 - [TEST_STEP][PASSED] - commaCount = StringUtils.countMatches(line, ","): null

27-02-2025T17:41:43 - [TEST_STEP][PASSED] - if (commaCount > 1): null

27-02-2025T17:41:43 - [TEST_STEP][PASSED] - else: null

27-02-2025T17:41:43 - [TEST_STEP][PASSED] - label = line.substring(1, comma): null

27-02-2025T17:41:43 - [TEST_STEP][PASSED] - println(label): null

27-02-2025T17:41:43 - [TEST_STEP][PASSED] - checked.add(label): null

27-02-2025T17:41:43 - [TEST_STEP][PASSED] - line = reader.readLine(): null

27-02-2025T17:41:43 - [TEST_STEP][PASSED] - println(line): null

27-02-2025T17:41:43 - [TEST_STEP][PASSED] - group = line.indexOf("<Group>"): null

27-02-2025T17:41:43 - [TEST_STEP][PASSED] - println(group): null

27-02-2025T17:41:43 - [TEST_STEP][PASSED] - if (group >= 0): null

27-02-2025T17:41:43 - [TEST_STEP][PASSED] - else: null

27-02-2025T17:41:43 - [TEST_STEP][PASSED] - if (include): null

27-02-2025T17:41:43 - [TEST_STEP][PASSED] - println(line): null

27-02-2025T17:41:43 - [TEST_STEP][PASSED] - comma = line.indexOf(",y"): null

27-02-2025T17:41:43 - [TEST_STEP][PASSED] - if (comma > 0): null

27-02-2025T17:41:43 - [TEST_STEP][PASSED] - line = reader.readLine(): null

27-02-2025T17:41:43 - [TEST_STEP][PASSED] - println(line): null

27-02-2025T17:41:43 - [TEST_STEP][PASSED] - group = line.indexOf("<Group>"): null

27-02-2025T17:41:43 - [TEST_STEP][PASSED] - println(group): null

27-02-2025T17:41:43 - [TEST_STEP][PASSED] - if (group >= 0): null

27-02-2025T17:41:43 - [TEST_STEP][PASSED] - else: null

27-02-2025T17:41:43 - [TEST_STEP][PASSED] - if (include): null

27-02-2025T17:41:43 - [TEST_STEP][PASSED] - println(line): null

27-02-2025T17:41:43 - [TEST_STEP][PASSED] - comma = line.indexOf(",y"): null

27-02-2025T17:41:43 - [TEST_STEP][PASSED] - if (comma > 0): null

27-02-2025T17:41:43 - [TEST_STEP][PASSED] - line = reader.readLine(): null

27-02-2025T17:41:43 - [TEST_STEP][PASSED] - println(line): null

27-02-2025T17:41:43 - [TEST_STEP][PASSED] - group = line.indexOf("<Group>"): null

27-02-2025T17:41:43 - [TEST_STEP][PASSED] - println(group): null

27-02-2025T17:41:43 - [TEST_STEP][PASSED] - if (group >= 0): null

27-02-2025T17:41:43 - [TEST_STEP][PASSED] - else: null

27-02-2025T17:41:43 - [TEST_STEP][PASSED] - if (include): null

27-02-2025T17:41:43 - [TEST_STEP][PASSED] - println(line): null

27-02-2025T17:41:43 - [TEST_STEP][PASSED] - comma = line.indexOf(",y"): null

27-02-2025T17:41:43 - [TEST_STEP][PASSED] - if (comma > 0): null

27-02-2025T17:41:43 - [TEST_STEP][PASSED] - line = reader.readLine(): null

27-02-2025T17:41:43 - [TEST_STEP][PASSED] - println(line): null

27-02-2025T17:41:43 - [TEST_STEP][PASSED] - group = line.indexOf("<Group>"): null

27-02-2025T17:41:43 - [TEST_STEP][PASSED] - println(group): null

27-02-2025T17:41:43 - [TEST_STEP][PASSED] - if (group >= 0): null

27-02-2025T17:41:43 - [TEST_STEP][PASSED] - else: null

27-02-2025T17:41:43 - [TEST_STEP][PASSED] - if (include): null

27-02-2025T17:41:43 - [TEST_STEP][PASSED] - println(line): null

27-02-2025T17:41:43 - [TEST_STEP][PASSED] - comma = line.indexOf(",y"): null

27-02-2025T17:41:43 - [TEST_STEP][PASSED] - if (comma > 0): null

27-02-2025T17:41:43 - [TEST_STEP][PASSED] - commaCount = StringUtils.countMatches(line, ","): null

27-02-2025T17:41:43 - [TEST_STEP][PASSED] - if (commaCount > 1): null

27-02-2025T17:41:43 - [TEST_STEP][PASSED] - else: null

27-02-2025T17:41:43 - [TEST_STEP][PASSED] - label = line.substring(1, comma): null

27-02-2025T17:41:43 - [TEST_STEP][PASSED] - println(label): null

27-02-2025T17:41:43 - [TEST_STEP][PASSED] - checked.add(label): null

27-02-2025T17:41:43 - [TEST_STEP][PASSED] - line = reader.readLine(): null

27-02-2025T17:41:43 - [TEST_STEP][PASSED] - println(line): null

27-02-2025T17:41:43 - [TEST_STEP][PASSED] - group = line.indexOf("<Group>"): null

27-02-2025T17:41:43 - [TEST_STEP][PASSED] - println(group): null

27-02-2025T17:41:43 - [TEST_STEP][PASSED] - if (group >= 0): null

27-02-2025T17:41:43 - [TEST_STEP][PASSED] - else: null

27-02-2025T17:41:43 - [TEST_STEP][PASSED] - if (include): null

27-02-2025T17:41:43 - [TEST_STEP][PASSED] - println(line): null

27-02-2025T17:41:43 - [TEST_STEP][PASSED] - comma = line.indexOf(",y"): null

27-02-2025T17:41:43 - [TEST_STEP][PASSED] - if (comma > 0): null

27-02-2025T17:41:43 - [TEST_STEP][PASSED] - line = reader.readLine(): null

27-02-2025T17:41:43 - [TEST_STEP][PASSED] - println(line): null

27-02-2025T17:41:43 - [TEST_STEP][PASSED] - group = line.indexOf("<Group>"): null

27-02-2025T17:41:43 - [TEST_STEP][PASSED] - println(group): null

27-02-2025T17:41:43 - [TEST_STEP][PASSED] - if (group >= 0): null

27-02-2025T17:41:43 - [TEST_STEP][PASSED] - else: null

27-02-2025T17:41:43 - [TEST_STEP][PASSED] - if (include): null

27-02-2025T17:41:43 - [TEST_STEP][PASSED] - println(line): null

27-02-2025T17:41:43 - [TEST_STEP][PASSED] - comma = line.indexOf(",y"): null

27-02-2025T17:41:43 - [TEST_STEP][PASSED] - if (comma > 0): null

27-02-2025T17:41:43 - [TEST_STEP][PASSED] - line = reader.readLine(): null

27-02-2025T17:41:43 - [TEST_STEP][PASSED] - println(line): null

27-02-2025T17:41:43 - [TEST_STEP][PASSED] - group = line.indexOf("<Group>"): null

27-02-2025T17:41:43 - [TEST_STEP][PASSED] - println(group): null

27-02-2025T17:41:43 - [TEST_STEP][PASSED] - if (group >= 0): null

27-02-2025T17:41:43 - [TEST_STEP][PASSED] - else: null

27-02-2025T17:41:43 - [TEST_STEP][PASSED] - if (include): null

27-02-2025T17:41:43 - [TEST_STEP][PASSED] - println(line): null

27-02-2025T17:41:43 - [TEST_STEP][PASSED] - comma = line.indexOf(",y"): null

27-02-2025T17:41:43 - [TEST_STEP][PASSED] - if (comma > 0): null

27-02-2025T17:41:43 - [TEST_STEP][PASSED] - commaCount = StringUtils.countMatches(line, ","): null

27-02-2025T17:41:43 - [TEST_STEP][PASSED] - if (commaCount > 1): null

27-02-2025T17:41:43 - [TEST_STEP][PASSED] - else: null

27-02-2025T17:41:43 - [TEST_STEP][PASSED] - label = line.substring(1, comma): null

27-02-2025T17:41:43 - [TEST_STEP][PASSED] - println(label): null

27-02-2025T17:41:43 - [TEST_STEP][PASSED] - checked.add(label): null

27-02-2025T17:41:43 - [TEST_STEP][PASSED] - line = reader.readLine(): null

27-02-2025T17:41:43 - [TEST_STEP][PASSED] - println(line): null

27-02-2025T17:41:43 - [TEST_STEP][PASSED] - group = line.indexOf("<Group>"): null

27-02-2025T17:41:43 - [TEST_STEP][PASSED] - println(group): null

27-02-2025T17:41:43 - [TEST_STEP][PASSED] - if (group >= 0): null

27-02-2025T17:41:43 - [TEST_STEP][PASSED] - else: null

27-02-2025T17:41:43 - [TEST_STEP][PASSED] - if (include): null

27-02-2025T17:41:43 - [TEST_STEP][PASSED] - println(line): null

27-02-2025T17:41:43 - [TEST_STEP][PASSED] - comma = line.indexOf(",y"): null

27-02-2025T17:41:43 - [TEST_STEP][PASSED] - if (comma > 0): null

27-02-2025T17:41:43 - [TEST_STEP][PASSED] - line = reader.readLine(): null

27-02-2025T17:41:43 - [TEST_STEP][PASSED] - println(line): null

27-02-2025T17:41:43 - [TEST_STEP][PASSED] - group = line.indexOf("<Group>"): null

27-02-2025T17:41:43 - [TEST_STEP][PASSED] - println(group): null

27-02-2025T17:41:43 - [TEST_STEP][PASSED] - if (group >= 0): null

27-02-2025T17:41:43 - [TEST_STEP][PASSED] - else: null

27-02-2025T17:41:43 - [TEST_STEP][PASSED] - if (include): null

27-02-2025T17:41:43 - [TEST_STEP][PASSED] - println(line): null

27-02-2025T17:41:43 - [TEST_STEP][PASSED] - comma = line.indexOf(",y"): null

27-02-2025T17:41:43 - [TEST_STEP][PASSED] - if (comma > 0): null

27-02-2025T17:41:43 - [TEST_STEP][PASSED] - commaCount = StringUtils.countMatches(line, ","): null

27-02-2025T17:41:43 - [TEST_STEP][PASSED] - if (commaCount > 1): null

27-02-2025T17:41:43 - [TEST_STEP][PASSED] - else: null

27-02-2025T17:41:43 - [TEST_STEP][PASSED] - label = line.substring(1, comma): null

27-02-2025T17:41:43 - [TEST_STEP][PASSED] - println(label): null

27-02-2025T17:41:43 - [TEST_STEP][PASSED] - checked.add(label): null

27-02-2025T17:41:43 - [TEST_STEP][PASSED] - line = reader.readLine(): null

27-02-2025T17:41:43 - [TEST_STEP][PASSED] - println(line): null

27-02-2025T17:41:43 - [TEST_STEP][PASSED] - group = line.indexOf("<Group>"): null

27-02-2025T17:41:43 - [TEST_STEP][PASSED] - println(group): null

27-02-2025T17:41:43 - [TEST_STEP][PASSED] - if (group >= 0): null

27-02-2025T17:41:43 - [TEST_STEP][PASSED] - else: null

27-02-2025T17:41:43 - [TEST_STEP][PASSED] - if (include): null

27-02-2025T17:41:43 - [TEST_STEP][PASSED] - println(line): null

27-02-2025T17:41:43 - [TEST_STEP][PASSED] - comma = line.indexOf(",y"): null

27-02-2025T17:41:43 - [TEST_STEP][PASSED] - if (comma > 0): null

27-02-2025T17:41:43 - [TEST_STEP][PASSED] - commaCount = StringUtils.countMatches(line, ","): null

27-02-2025T17:41:43 - [TEST_STEP][PASSED] - if (commaCount > 1): null

27-02-2025T17:41:43 - [TEST_STEP][PASSED] - else: null

27-02-2025T17:41:43 - [TEST_STEP][PASSED] - label = line.substring(1, comma): null

27-02-2025T17:41:43 - [TEST_STEP][PASSED] - println(label): null

27-02-2025T17:41:43 - [TEST_STEP][PASSED] - checked.add(label): null

27-02-2025T17:41:43 - [TEST_STEP][PASSED] - line = reader.readLine(): null

27-02-2025T17:41:43 - [TEST_STEP][PASSED] - println(line): null

27-02-2025T17:41:43 - [TEST_STEP][PASSED] - group = line.indexOf("<Group>"): null

27-02-2025T17:41:43 - [TEST_STEP][PASSED] - println(group): null

27-02-2025T17:41:43 - [TEST_STEP][PASSED] - if (group >= 0): null

27-02-2025T17:41:43 - [TEST_STEP][PASSED] - else: null

27-02-2025T17:41:43 - [TEST_STEP][PASSED] - if (include): null

27-02-2025T17:41:43 - [TEST_STEP][PASSED] - println(line): null

27-02-2025T17:41:43 - [TEST_STEP][PASSED] - comma = line.indexOf(",y"): null

27-02-2025T17:41:43 - [TEST_STEP][PASSED] - if (comma > 0): null

27-02-2025T17:41:43 - [TEST_STEP][PASSED] - commaCount = StringUtils.countMatches(line, ","): null

27-02-2025T17:41:43 - [TEST_STEP][PASSED] - if (commaCount > 1): null

27-02-2025T17:41:43 - [TEST_STEP][PASSED] - else: null

27-02-2025T17:41:43 - [TEST_STEP][PASSED] - label = line.substring(1, comma): null

27-02-2025T17:41:43 - [TEST_STEP][PASSED] - println(label): null

27-02-2025T17:41:43 - [TEST_STEP][PASSED] - checked.add(label): null

27-02-2025T17:41:43 - [TEST_STEP][PASSED] - line = reader.readLine(): null

27-02-2025T17:41:43 - [TEST_STEP][PASSED] - println(line): null

27-02-2025T17:41:43 - [TEST_STEP][PASSED] - group = line.indexOf("<Group>"): null

27-02-2025T17:41:43 - [TEST_STEP][PASSED] - println(group): null

27-02-2025T17:41:43 - [TEST_STEP][PASSED] - if (group >= 0): null

27-02-2025T17:41:43 - [TEST_STEP][PASSED] - else: null

27-02-2025T17:41:43 - [TEST_STEP][PASSED] - if (include): null

27-02-2025T17:41:43 - [TEST_STEP][PASSED] - println(line): null

27-02-2025T17:41:43 - [TEST_STEP][PASSED] - comma = line.indexOf(",y"): null

27-02-2025T17:41:43 - [TEST_STEP][PASSED] - if (comma > 0): null

27-02-2025T17:41:43 - [TEST_STEP][PASSED] - commaCount = StringUtils.countMatches(line, ","): null

27-02-2025T17:41:43 - [TEST_STEP][PASSED] - if (commaCount > 1): null

27-02-2025T17:41:43 - [TEST_STEP][PASSED] - else: null

27-02-2025T17:41:43 - [TEST_STEP][PASSED] - label = line.substring(1, comma): null

27-02-2025T17:41:43 - [TEST_STEP][PASSED] - println(label): null

27-02-2025T17:41:43 - [TEST_STEP][PASSED] - checked.add(label): null

27-02-2025T17:41:43 - [TEST_STEP][PASSED] - line = reader.readLine(): null

27-02-2025T17:41:43 - [TEST_STEP][PASSED] - println(line): null

27-02-2025T17:41:43 - [TEST_STEP][PASSED] - group = line.indexOf("<Group>"): null

27-02-2025T17:41:43 - [TEST_STEP][PASSED] - println(group): null

27-02-2025T17:41:43 - [TEST_STEP][PASSED] - if (group >= 0): null

27-02-2025T17:41:43 - [TEST_STEP][PASSED] - else: null

27-02-2025T17:41:43 - [TEST_STEP][PASSED] - if (include): null

27-02-2025T17:41:43 - [TEST_STEP][PASSED] - println(line): null

27-02-2025T17:41:43 - [TEST_STEP][PASSED] - comma = line.indexOf(",y"): null

27-02-2025T17:41:43 - [TEST_STEP][PASSED] - if (comma > 0): null

27-02-2025T17:41:43 - [TEST_STEP][PASSED] - commaCount = StringUtils.countMatches(line, ","): null

27-02-2025T17:41:43 - [TEST_STEP][PASSED] - if (commaCount > 1): null

27-02-2025T17:41:43 - [TEST_STEP][PASSED] - else: null

27-02-2025T17:41:43 - [TEST_STEP][PASSED] - label = line.substring(1, comma): null

27-02-2025T17:41:43 - [TEST_STEP][PASSED] - println(label): null

27-02-2025T17:41:43 - [TEST_STEP][PASSED] - checked.add(label): null

27-02-2025T17:41:43 - [TEST_STEP][PASSED] - line = reader.readLine(): null

27-02-2025T17:41:43 - [TEST_STEP][PASSED] - println(line): null

27-02-2025T17:41:43 - [TEST_STEP][PASSED] - group = line.indexOf("<Group>"): null

27-02-2025T17:41:43 - [TEST_STEP][PASSED] - println(group): null

27-02-2025T17:41:43 - [TEST_STEP][PASSED] - if (group >= 0): null

27-02-2025T17:41:43 - [TEST_STEP][PASSED] - else: null

27-02-2025T17:41:43 - [TEST_STEP][PASSED] - if (include): null

27-02-2025T17:41:43 - [TEST_STEP][PASSED] - println(line): null

27-02-2025T17:41:43 - [TEST_STEP][PASSED] - comma = line.indexOf(",y"): null

27-02-2025T17:41:43 - [TEST_STEP][PASSED] - if (comma > 0): null

27-02-2025T17:41:43 - [TEST_STEP][PASSED] - commaCount = StringUtils.countMatches(line, ","): null

27-02-2025T17:41:43 - [TEST_STEP][PASSED] - if (commaCount > 1): null

27-02-2025T17:41:43 - [TEST_STEP][PASSED] - else: null

27-02-2025T17:41:43 - [TEST_STEP][PASSED] - label = line.substring(1, comma): null

27-02-2025T17:41:43 - [TEST_STEP][PASSED] - println(label): null

27-02-2025T17:41:43 - [TEST_STEP][PASSED] - checked.add(label): null

27-02-2025T17:41:43 - [TEST_STEP][PASSED] - line = reader.readLine(): null

27-02-2025T17:41:43 - [TEST_STEP][PASSED] - println(line): null

27-02-2025T17:41:43 - [TEST_STEP][PASSED] - group = line.indexOf("<Group>"): null

27-02-2025T17:41:43 - [TEST_STEP][PASSED] - println(group): null

27-02-2025T17:41:43 - [TEST_STEP][PASSED] - if (group >= 0): null

27-02-2025T17:41:43 - [TEST_STEP][PASSED] - else: null

27-02-2025T17:41:43 - [TEST_STEP][PASSED] - if (include): null

27-02-2025T17:41:43 - [TEST_STEP][PASSED] - println(line): null

27-02-2025T17:41:43 - [TEST_STEP][PASSED] - comma = line.indexOf(",y"): null

27-02-2025T17:41:43 - [TEST_STEP][PASSED] - if (comma > 0): null

27-02-2025T17:41:43 - [TEST_STEP][PASSED] - line = reader.readLine(): null

27-02-2025T17:41:43 - [TEST_STEP][PASSED] - println(line): null

27-02-2025T17:41:43 - [TEST_STEP][PASSED] - group = line.indexOf("<Group>"): null

27-02-2025T17:41:43 - [TEST_STEP][PASSED] - println(group): null

27-02-2025T17:41:43 - [TEST_STEP][PASSED] - if (group >= 0): null

27-02-2025T17:41:43 - [TEST_STEP][PASSED] - else: null

27-02-2025T17:41:43 - [TEST_STEP][PASSED] - if (include): null

27-02-2025T17:41:43 - [TEST_STEP][PASSED] - println(line): null

27-02-2025T17:41:43 - [TEST_STEP][PASSED] - comma = line.indexOf(",y"): null

27-02-2025T17:41:43 - [TEST_STEP][PASSED] - if (comma > 0): null

27-02-2025T17:41:43 - [TEST_STEP][PASSED] - commaCount = StringUtils.countMatches(line, ","): null

27-02-2025T17:41:43 - [TEST_STEP][PASSED] - if (commaCount > 1): null

27-02-2025T17:41:43 - [TEST_STEP][PASSED] - else: null

27-02-2025T17:41:43 - [TEST_STEP][PASSED] - label = line.substring(1, comma): null

27-02-2025T17:41:43 - [TEST_STEP][PASSED] - println(label): null

27-02-2025T17:41:43 - [TEST_STEP][PASSED] - checked.add(label): null

27-02-2025T17:41:43 - [TEST_STEP][PASSED] - line = reader.readLine(): null

27-02-2025T17:41:43 - [TEST_STEP][PASSED] - println(line): null

27-02-2025T17:41:43 - [TEST_STEP][PASSED] - group = line.indexOf("<Group>"): null

27-02-2025T17:41:43 - [TEST_STEP][PASSED] - println(group): null

27-02-2025T17:41:43 - [TEST_STEP][PASSED] - if (group >= 0): null

27-02-2025T17:41:43 - [TEST_STEP][PASSED] - else: null

27-02-2025T17:41:43 - [TEST_STEP][PASSED] - if (include): null

27-02-2025T17:41:43 - [TEST_STEP][PASSED] - println(line): null

27-02-2025T17:41:43 - [TEST_STEP][PASSED] - comma = line.indexOf(",y"): null

27-02-2025T17:41:43 - [TEST_STEP][PASSED] - if (comma > 0): null

27-02-2025T17:41:43 - [TEST_STEP][PASSED] - commaCount = StringUtils.countMatches(line, ","): null

27-02-2025T17:41:43 - [TEST_STEP][PASSED] - if (commaCount > 1): null

27-02-2025T17:41:43 - [TEST_STEP][PASSED] - else: null

27-02-2025T17:41:43 - [TEST_STEP][PASSED] - label = line.substring(1, comma): null

27-02-2025T17:41:43 - [TEST_STEP][PASSED] - println(label): null

27-02-2025T17:41:43 - [TEST_STEP][PASSED] - checked.add(label): null

27-02-2025T17:41:43 - [TEST_STEP][PASSED] - line = reader.readLine(): null

27-02-2025T17:41:43 - [TEST_STEP][PASSED] - println(line): null

27-02-2025T17:41:43 - [TEST_STEP][PASSED] - group = line.indexOf("<Group>"): null

27-02-2025T17:41:43 - [TEST_STEP][PASSED] - println(group): null

27-02-2025T17:41:43 - [TEST_STEP][PASSED] - if (group >= 0): null

27-02-2025T17:41:43 - [TEST_STEP][PASSED] - else: null

27-02-2025T17:41:43 - [TEST_STEP][PASSED] - if (include): null

27-02-2025T17:41:43 - [TEST_STEP][PASSED] - println(line): null

27-02-2025T17:41:43 - [TEST_STEP][PASSED] - comma = line.indexOf(",y"): null

27-02-2025T17:41:43 - [TEST_STEP][PASSED] - if (comma > 0): null

27-02-2025T17:41:43 - [TEST_STEP][PASSED] - line = reader.readLine(): null

27-02-2025T17:41:43 - [TEST_STEP][PASSED] - println(line): null

27-02-2025T17:41:43 - [TEST_STEP][PASSED] - group = line.indexOf("<Group>"): null

27-02-2025T17:41:43 - [TEST_STEP][PASSED] - println(group): null

27-02-2025T17:41:43 - [TEST_STEP][PASSED] - if (group >= 0): null

27-02-2025T17:41:43 - [TEST_STEP][PASSED] - else: null

27-02-2025T17:41:43 - [TEST_STEP][PASSED] - if (include): null

27-02-2025T17:41:43 - [TEST_STEP][PASSED] - println(line): null

27-02-2025T17:41:43 - [TEST_STEP][PASSED] - comma = line.indexOf(",y"): null

27-02-2025T17:41:43 - [TEST_STEP][PASSED] - if (comma > 0): null

27-02-2025T17:41:43 - [TEST_STEP][PASSED] - line = reader.readLine(): null

27-02-2025T17:41:43 - [TEST_STEP][PASSED] - println(line): null

27-02-2025T17:41:43 - [TEST_STEP][PASSED] - group = line.indexOf("<Group>"): null

27-02-2025T17:41:43 - [TEST_STEP][PASSED] - println(group): null

27-02-2025T17:41:43 - [TEST_STEP][PASSED] - if (group >= 0): null

27-02-2025T17:41:43 - [TEST_STEP][PASSED] - else: null

27-02-2025T17:41:43 - [TEST_STEP][PASSED] - if (include): null

27-02-2025T17:41:43 - [TEST_STEP][PASSED] - println(line): null

27-02-2025T17:41:43 - [TEST_STEP][PASSED] - comma = line.indexOf(",y"): null

27-02-2025T17:41:43 - [TEST_STEP][PASSED] - if (comma > 0): null

27-02-2025T17:41:43 - [TEST_STEP][PASSED] - line = reader.readLine(): null

27-02-2025T17:41:43 - [TEST_STEP][PASSED] - println(line): null

27-02-2025T17:41:43 - [TEST_STEP][PASSED] - group = line.indexOf("<Group>"): null

27-02-2025T17:41:43 - [TEST_STEP][PASSED] - println(group): null

27-02-2025T17:41:43 - [TEST_STEP][PASSED] - if (group >= 0): null

27-02-2025T17:41:43 - [TEST_STEP][PASSED] - else: null

27-02-2025T17:41:43 - [TEST_STEP][PASSED] - if (include): null

27-02-2025T17:41:43 - [TEST_STEP][PASSED] - println(line): null

27-02-2025T17:41:43 - [TEST_STEP][PASSED] - comma = line.indexOf(",y"): null

27-02-2025T17:41:43 - [TEST_STEP][PASSED] - if (comma > 0): null

27-02-2025T17:41:43 - [TEST_STEP][PASSED] - line = reader.readLine(): null

27-02-2025T17:41:43 - [TEST_STEP][PASSED] - println(line): null

27-02-2025T17:41:43 - [TEST_STEP][PASSED] - group = line.indexOf("<Group>"): null

27-02-2025T17:41:43 - [TEST_STEP][PASSED] - println(group): null

27-02-2025T17:41:43 - [TEST_STEP][PASSED] - if (group >= 0): null

27-02-2025T17:41:43 - [TEST_STEP][PASSED] - else: null

27-02-2025T17:41:43 - [TEST_STEP][PASSED] - if (include): null

27-02-2025T17:41:43 - [TEST_STEP][PASSED] - println(line): null

27-02-2025T17:41:43 - [TEST_STEP][PASSED] - comma = line.indexOf(",y"): null

27-02-2025T17:41:43 - [TEST_STEP][PASSED] - if (comma > 0): null

27-02-2025T17:41:43 - [TEST_STEP][PASSED] - commaCount = StringUtils.countMatches(line, ","): null

27-02-2025T17:41:43 - [TEST_STEP][PASSED] - if (commaCount > 1): null

27-02-2025T17:41:43 - [TEST_STEP][PASSED] - else: null

27-02-2025T17:41:43 - [TEST_STEP][PASSED] - label = line.substring(1, comma): null

27-02-2025T17:41:43 - [TEST_STEP][PASSED] - println(label): null

27-02-2025T17:41:43 - [TEST_STEP][PASSED] - checked.add(label): null

27-02-2025T17:41:43 - [TEST_STEP][PASSED] - line = reader.readLine(): null

27-02-2025T17:41:43 - [TEST_STEP][PASSED] - println(line): null

27-02-2025T17:41:43 - [TEST_STEP][PASSED] - group = line.indexOf("<Group>"): null

27-02-2025T17:41:43 - [TEST_STEP][PASSED] - println(group): null

27-02-2025T17:41:43 - [TEST_STEP][PASSED] - if (group >= 0): null

27-02-2025T17:41:43 - [TEST_STEP][PASSED] - else: null

27-02-2025T17:41:43 - [TEST_STEP][PASSED] - if (include): null

27-02-2025T17:41:43 - [TEST_STEP][PASSED] - println(line): null

27-02-2025T17:41:43 - [TEST_STEP][PASSED] - comma = line.indexOf(",y"): null

27-02-2025T17:41:43 - [TEST_STEP][PASSED] - if (comma > 0): null

27-02-2025T17:41:43 - [TEST_STEP][PASSED] - commaCount = StringUtils.countMatches(line, ","): null

27-02-2025T17:41:43 - [TEST_STEP][PASSED] - if (commaCount > 1): null

27-02-2025T17:41:43 - [TEST_STEP][PASSED] - else: null

27-02-2025T17:41:43 - [TEST_STEP][PASSED] - label = line.substring(1, comma): null

27-02-2025T17:41:43 - [TEST_STEP][PASSED] - println(label): null

27-02-2025T17:41:43 - [TEST_STEP][PASSED] - checked.add(label): null

27-02-2025T17:41:43 - [TEST_STEP][PASSED] - line = reader.readLine(): null

27-02-2025T17:41:43 - [TEST_STEP][PASSED] - println(line): null

27-02-2025T17:41:43 - [TEST_STEP][PASSED] - group = line.indexOf("<Group>"): null

27-02-2025T17:41:43 - [TEST_STEP][PASSED] - println(group): null

27-02-2025T17:41:43 - [TEST_STEP][PASSED] - if (group >= 0): null

27-02-2025T17:41:43 - [TEST_STEP][PASSED] - else: null

27-02-2025T17:41:43 - [TEST_STEP][PASSED] - if (include): null

27-02-2025T17:41:43 - [TEST_STEP][PASSED] - println(line): null

27-02-2025T17:41:43 - [TEST_STEP][PASSED] - comma = line.indexOf(",y"): null

27-02-2025T17:41:43 - [TEST_STEP][PASSED] - if (comma > 0): null

27-02-2025T17:41:43 - [TEST_STEP][PASSED] - line = reader.readLine(): null

27-02-2025T17:41:43 - [TEST_STEP][PASSED] - println(line): null

27-02-2025T17:41:43 - [TEST_STEP][PASSED] - group = line.indexOf("<Group>"): null

27-02-2025T17:41:43 - [TEST_STEP][PASSED] - println(group): null

27-02-2025T17:41:43 - [TEST_STEP][PASSED] - if (group >= 0): null

27-02-2025T17:41:43 - [TEST_STEP][PASSED] - else: null

27-02-2025T17:41:43 - [TEST_STEP][PASSED] - if (include): null

27-02-2025T17:41:43 - [TEST_STEP][PASSED] - println(line): null

27-02-2025T17:41:43 - [TEST_STEP][PASSED] - comma = line.indexOf(",y"): null

27-02-2025T17:41:43 - [TEST_STEP][PASSED] - if (comma > 0): null

27-02-2025T17:41:43 - [TEST_STEP][PASSED] - commaCount = StringUtils.countMatches(line, ","): null

27-02-2025T17:41:43 - [TEST_STEP][PASSED] - if (commaCount > 1): null

27-02-2025T17:41:43 - [TEST_STEP][PASSED] - else: null

27-02-2025T17:41:43 - [TEST_STEP][PASSED] - label = line.substring(1, comma): null

27-02-2025T17:41:43 - [TEST_STEP][PASSED] - println(label): null

27-02-2025T17:41:43 - [TEST_STEP][PASSED] - checked.add(label): null

27-02-2025T17:41:43 - [TEST_STEP][PASSED] - line = reader.readLine(): null

27-02-2025T17:41:43 - [TEST_STEP][PASSED] - println(line): null

27-02-2025T17:41:43 - [TEST_STEP][PASSED] - group = line.indexOf("<Group>"): null

27-02-2025T17:41:43 - [TEST_STEP][PASSED] - println(group): null

27-02-2025T17:41:43 - [TEST_STEP][PASSED] - if (group >= 0): null

27-02-2025T17:41:43 - [TEST_STEP][PASSED] - else: null

27-02-2025T17:41:43 - [TEST_STEP][PASSED] - if (include): null

27-02-2025T17:41:43 - [TEST_STEP][PASSED] - println(line): null

27-02-2025T17:41:43 - [TEST_STEP][PASSED] - comma = line.indexOf(",y"): null

27-02-2025T17:41:43 - [TEST_STEP][PASSED] - if (comma > 0): null

27-02-2025T17:41:43 - [TEST_STEP][PASSED] - line = reader.readLine(): null

27-02-2025T17:41:43 - [TEST_STEP][PASSED] - println(line): null

27-02-2025T17:41:43 - [TEST_STEP][PASSED] - group = line.indexOf("<Group>"): null

27-02-2025T17:41:43 - [TEST_STEP][PASSED] - println(group): null

27-02-2025T17:41:43 - [TEST_STEP][PASSED] - if (group >= 0): null

27-02-2025T17:41:43 - [TEST_STEP][PASSED] - else: null

27-02-2025T17:41:43 - [TEST_STEP][PASSED] - if (include): null

27-02-2025T17:41:43 - [TEST_STEP][PASSED] - println(line): null

27-02-2025T17:41:43 - [TEST_STEP][PASSED] - comma = line.indexOf(",y"): null

27-02-2025T17:41:43 - [TEST_STEP][PASSED] - if (comma > 0): null

27-02-2025T17:41:43 - [TEST_STEP][PASSED] - line = reader.readLine(): null

27-02-2025T17:41:43 - [TEST_STEP][PASSED] - println(line): null

27-02-2025T17:41:43 - [TEST_STEP][PASSED] - group = line.indexOf("<Group>"): null

27-02-2025T17:41:43 - [TEST_STEP][PASSED] - println(group): null

27-02-2025T17:41:43 - [TEST_STEP][PASSED] - if (group >= 0): null

27-02-2025T17:41:43 - [TEST_STEP][PASSED] - else: null

27-02-2025T17:41:43 - [TEST_STEP][PASSED] - if (include): null

27-02-2025T17:41:43 - [TEST_STEP][PASSED] - println(line): null

27-02-2025T17:41:43 - [TEST_STEP][PASSED] - comma = line.indexOf(",y"): null

27-02-2025T17:41:43 - [TEST_STEP][PASSED] - if (comma > 0): null

27-02-2025T17:41:43 - [TEST_STEP][PASSED] - line = reader.readLine(): null

27-02-2025T17:41:43 - [TEST_STEP][PASSED] - println(line): null

27-02-2025T17:41:43 - [TEST_STEP][PASSED] - group = line.indexOf("<Group>"): null

27-02-2025T17:41:43 - [TEST_STEP][PASSED] - println(group): null

27-02-2025T17:41:43 - [TEST_STEP][PASSED] - if (group >= 0): null

27-02-2025T17:41:43 - [TEST_STEP][PASSED] - else: null

27-02-2025T17:41:43 - [TEST_STEP][PASSED] - if (include): null

27-02-2025T17:41:43 - [TEST_STEP][PASSED] - println(line): null

27-02-2025T17:41:43 - [TEST_STEP][PASSED] - comma = line.indexOf(",y"): null

27-02-2025T17:41:43 - [TEST_STEP][PASSED] - if (comma > 0): null

27-02-2025T17:41:43 - [TEST_STEP][PASSED] - line = reader.readLine(): null

27-02-2025T17:41:43 - [TEST_STEP][PASSED] - println(line): null

27-02-2025T17:41:43 - [TEST_STEP][PASSED] - group = line.indexOf("<Group>"): null

27-02-2025T17:41:43 - [TEST_STEP][PASSED] - println(group): null

27-02-2025T17:41:43 - [TEST_STEP][PASSED] - if (group >= 0): null

27-02-2025T17:41:43 - [TEST_STEP][PASSED] - else: null

27-02-2025T17:41:43 - [TEST_STEP][PASSED] - if (include): null

27-02-2025T17:41:43 - [TEST_STEP][PASSED] - println(line): null

27-02-2025T17:41:43 - [TEST_STEP][PASSED] - comma = line.indexOf(",y"): null

27-02-2025T17:41:43 - [TEST_STEP][PASSED] - if (comma > 0): null

27-02-2025T17:41:43 - [TEST_STEP][PASSED] - line = reader.readLine(): null

27-02-2025T17:41:43 - [TEST_STEP][PASSED] - println(line): null

27-02-2025T17:41:43 - [TEST_STEP][PASSED] - group = line.indexOf("<Group>"): null

27-02-2025T17:41:43 - [TEST_STEP][PASSED] - println(group): null

27-02-2025T17:41:43 - [TEST_STEP][PASSED] - if (group >= 0): null

27-02-2025T17:41:43 - [TEST_STEP][PASSED] - else: null

27-02-2025T17:41:43 - [TEST_STEP][PASSED] - if (include): null

27-02-2025T17:41:43 - [TEST_STEP][PASSED] - println(line): null

27-02-2025T17:41:43 - [TEST_STEP][PASSED] - comma = line.indexOf(",y"): null

27-02-2025T17:41:43 - [TEST_STEP][PASSED] - if (comma > 0): null

27-02-2025T17:41:43 - [TEST_STEP][PASSED] - line = reader.readLine(): null

27-02-2025T17:41:43 - [TEST_STEP][PASSED] - println(line): null

27-02-2025T17:41:43 - [TEST_STEP][PASSED] - group = line.indexOf("<Group>"): null

27-02-2025T17:41:43 - [TEST_STEP][PASSED] - println(group): null

27-02-2025T17:41:43 - [TEST_STEP][PASSED] - if (group >= 0): null

27-02-2025T17:41:43 - [TEST_STEP][PASSED] - else: null

27-02-2025T17:41:43 - [TEST_STEP][PASSED] - if (include): null

27-02-2025T17:41:43 - [TEST_STEP][PASSED] - println(line): null

27-02-2025T17:41:43 - [TEST_STEP][PASSED] - comma = line.indexOf(",y"): null

27-02-2025T17:41:43 - [TEST_STEP][PASSED] - if (comma > 0): null

27-02-2025T17:41:43 - [TEST_STEP][PASSED] - line = reader.readLine(): null

27-02-2025T17:41:43 - [TEST_STEP][PASSED] - println(line): null

27-02-2025T17:41:43 - [TEST_STEP][PASSED] - group = line.indexOf("<Group>"): null

27-02-2025T17:41:43 - [TEST_STEP][PASSED] - println(group): null

27-02-2025T17:41:43 - [TEST_STEP][PASSED] - if (group >= 0): null

27-02-2025T17:41:43 - [TEST_STEP][PASSED] - else: null

27-02-2025T17:41:43 - [TEST_STEP][PASSED] - if (include): null

27-02-2025T17:41:43 - [TEST_STEP][PASSED] - println(line): null

27-02-2025T17:41:43 - [TEST_STEP][PASSED] - comma = line.indexOf(",y"): null

27-02-2025T17:41:43 - [TEST_STEP][PASSED] - if (comma > 0): null

27-02-2025T17:41:43 - [TEST_STEP][PASSED] - line = reader.readLine(): null

27-02-2025T17:41:43 - [TEST_STEP][PASSED] - println(line): null

27-02-2025T17:41:43 - [TEST_STEP][PASSED] - group = line.indexOf("<Group>"): null

27-02-2025T17:41:43 - [TEST_STEP][PASSED] - println(group): null

27-02-2025T17:41:43 - [TEST_STEP][PASSED] - if (group >= 0): null

27-02-2025T17:41:43 - [TEST_STEP][PASSED] - else: null

27-02-2025T17:41:43 - [TEST_STEP][PASSED] - if (include): null

27-02-2025T17:41:43 - [TEST_STEP][PASSED] - println(line): null

27-02-2025T17:41:43 - [TEST_STEP][PASSED] - comma = line.indexOf(",y"): null

27-02-2025T17:41:43 - [TEST_STEP][PASSED] - if (comma > 0): null

27-02-2025T17:41:43 - [TEST_STEP][PASSED] - line = reader.readLine(): null

27-02-2025T17:41:43 - [TEST_STEP][PASSED] - println(line): null

27-02-2025T17:41:43 - [TEST_STEP][PASSED] - group = line.indexOf("<Group>"): null

27-02-2025T17:41:43 - [TEST_STEP][PASSED] - println(group): null

27-02-2025T17:41:43 - [TEST_STEP][PASSED] - if (group >= 0): null

27-02-2025T17:41:43 - [TEST_STEP][PASSED] - else: null

27-02-2025T17:41:43 - [TEST_STEP][PASSED] - if (include): null

27-02-2025T17:41:43 - [TEST_STEP][PASSED] - println(line): null

27-02-2025T17:41:43 - [TEST_STEP][PASSED] - comma = line.indexOf(",y"): null

27-02-2025T17:41:43 - [TEST_STEP][PASSED] - if (comma > 0): null

27-02-2025T17:41:43 - [TEST_STEP][PASSED] - line = reader.readLine(): null

27-02-2025T17:41:43 - [TEST_STEP][PASSED] - println(line): null

27-02-2025T17:41:43 - [TEST_STEP][PASSED] - group = line.indexOf("<Group>"): null

27-02-2025T17:41:43 - [TEST_STEP][PASSED] - println(group): null

27-02-2025T17:41:43 - [TEST_STEP][PASSED] - if (group >= 0): null

27-02-2025T17:41:43 - [TEST_STEP][PASSED] - else: null

27-02-2025T17:41:43 - [TEST_STEP][PASSED] - if (include): null

27-02-2025T17:41:43 - [TEST_STEP][PASSED] - println(line): null

27-02-2025T17:41:43 - [TEST_STEP][PASSED] - comma = line.indexOf(",y"): null

27-02-2025T17:41:43 - [TEST_STEP][PASSED] - if (comma > 0): null

27-02-2025T17:41:43 - [TEST_STEP][PASSED] - line = reader.readLine(): null

27-02-2025T17:41:43 - [TEST_STEP][PASSED] - println(line): null

27-02-2025T17:41:43 - [TEST_STEP][PASSED] - group = line.indexOf("<Group>"): null

27-02-2025T17:41:43 - [TEST_STEP][PASSED] - println(group): null

27-02-2025T17:41:43 - [TEST_STEP][PASSED] - if (group >= 0): null

27-02-2025T17:41:43 - [TEST_STEP][PASSED] - else: null

27-02-2025T17:41:43 - [TEST_STEP][PASSED] - if (include): null

27-02-2025T17:41:43 - [TEST_STEP][PASSED] - println(line): null

27-02-2025T17:41:43 - [TEST_STEP][PASSED] - comma = line.indexOf(",y"): null

27-02-2025T17:41:43 - [TEST_STEP][PASSED] - if (comma > 0): null

27-02-2025T17:41:43 - [TEST_STEP][PASSED] - line = reader.readLine(): null

27-02-2025T17:41:43 - [TEST_STEP][PASSED] - println(line): null

27-02-2025T17:41:43 - [TEST_STEP][PASSED] - group = line.indexOf("<Group>"): null

27-02-2025T17:41:43 - [TEST_STEP][PASSED] - println(group): null

27-02-2025T17:41:43 - [TEST_STEP][PASSED] - if (group >= 0): null

27-02-2025T17:41:43 - [TEST_STEP][PASSED] - else: null

27-02-2025T17:41:43 - [TEST_STEP][PASSED] - if (include): null

27-02-2025T17:41:43 - [TEST_STEP][PASSED] - println(line): null

27-02-2025T17:41:43 - [TEST_STEP][PASSED] - comma = line.indexOf(",y"): null

27-02-2025T17:41:43 - [TEST_STEP][PASSED] - if (comma > 0): null

27-02-2025T17:41:43 - [TEST_STEP][PASSED] - line = reader.readLine(): null

27-02-2025T17:41:43 - [TEST_STEP][PASSED] - println(line): null

27-02-2025T17:41:43 - [TEST_STEP][PASSED] - group = line.indexOf("<Group>"): null

27-02-2025T17:41:43 - [TEST_STEP][PASSED] - println(group): null

27-02-2025T17:41:43 - [TEST_STEP][PASSED] - if (group >= 0): null

27-02-2025T17:41:43 - [TEST_STEP][PASSED] - else: null

27-02-2025T17:41:43 - [TEST_STEP][PASSED] - if (include): null

27-02-2025T17:41:43 - [TEST_STEP][PASSED] - println(line): null

27-02-2025T17:41:43 - [TEST_STEP][PASSED] - comma = line.indexOf(",y"): null

27-02-2025T17:41:43 - [TEST_STEP][PASSED] - if (comma > 0): null

27-02-2025T17:41:43 - [TEST_STEP][PASSED] - line = reader.readLine(): null

27-02-2025T17:41:43 - [TEST_STEP][PASSED] - println(line): null

27-02-2025T17:41:43 - [TEST_STEP][PASSED] - group = line.indexOf("<Group>"): null

27-02-2025T17:41:43 - [TEST_STEP][PASSED] - println(group): null

27-02-2025T17:41:43 - [TEST_STEP][PASSED] - if (group >= 0): null

27-02-2025T17:41:43 - [TEST_STEP][PASSED] - else: null

27-02-2025T17:41:43 - [TEST_STEP][PASSED] - if (include): null

27-02-2025T17:41:43 - [TEST_STEP][PASSED] - println(line): null

27-02-2025T17:41:43 - [TEST_STEP][PASSED] - comma = line.indexOf(",y"): null

27-02-2025T17:41:43 - [TEST_STEP][PASSED] - if (comma > 0): null

27-02-2025T17:41:43 - [TEST_STEP][PASSED] - commaCount = StringUtils.countMatches(line, ","): null

27-02-2025T17:41:43 - [TEST_STEP][PASSED] - if (commaCount > 1): null

27-02-2025T17:41:43 - [TEST_STEP][PASSED] - else: null

27-02-2025T17:41:43 - [TEST_STEP][PASSED] - label = line.substring(1, comma): null

27-02-2025T17:41:43 - [TEST_STEP][PASSED] - println(label): null

27-02-2025T17:41:43 - [TEST_STEP][PASSED] - checked.add(label): null

27-02-2025T17:41:43 - [TEST_STEP][PASSED] - line = reader.readLine(): null

27-02-2025T17:41:43 - [TEST_STEP][PASSED] - println(line): null

27-02-2025T17:41:43 - [TEST_STEP][PASSED] - group = line.indexOf("<Group>"): null

27-02-2025T17:41:43 - [TEST_STEP][PASSED] - println(group): null

27-02-2025T17:41:43 - [TEST_STEP][PASSED] - if (group >= 0): null

27-02-2025T17:41:43 - [TEST_STEP][PASSED] - else: null

27-02-2025T17:41:43 - [TEST_STEP][PASSED] - if (include): null

27-02-2025T17:41:43 - [TEST_STEP][PASSED] - println(line): null

27-02-2025T17:41:43 - [TEST_STEP][PASSED] - comma = line.indexOf(",y"): null

27-02-2025T17:41:43 - [TEST_STEP][PASSED] - if (comma > 0): null

27-02-2025T17:41:43 - [TEST_STEP][PASSED] - line = reader.readLine(): null

27-02-2025T17:41:43 - [TEST_STEP][PASSED] - println(line): null

27-02-2025T17:41:43 - [TEST_STEP][PASSED] - group = line.indexOf("<Group>"): null

27-02-2025T17:41:43 - [TEST_STEP][PASSED] - println(group): null

27-02-2025T17:41:43 - [TEST_STEP][PASSED] - if (group >= 0): null

27-02-2025T17:41:43 - [TEST_STEP][PASSED] - else: null

27-02-2025T17:41:43 - [TEST_STEP][PASSED] - if (include): null

27-02-2025T17:41:43 - [TEST_STEP][PASSED] - println(line): null

27-02-2025T17:41:43 - [TEST_STEP][PASSED] - comma = line.indexOf(",y"): null

27-02-2025T17:41:43 - [TEST_STEP][PASSED] - if (comma > 0): null

27-02-2025T17:41:43 - [TEST_STEP][PASSED] - line = reader.readLine(): null

27-02-2025T17:41:43 - [TEST_STEP][PASSED] - println(line): null

27-02-2025T17:41:43 - [TEST_STEP][PASSED] - group = line.indexOf("<Group>"): null

27-02-2025T17:41:43 - [TEST_STEP][PASSED] - println(group): null

27-02-2025T17:41:43 - [TEST_STEP][PASSED] - if (group >= 0): null

27-02-2025T17:41:43 - [TEST_STEP][PASSED] - else: null

27-02-2025T17:41:43 - [TEST_STEP][PASSED] - if (include): null

27-02-2025T17:41:43 - [TEST_STEP][PASSED] - println(line): null

27-02-2025T17:41:43 - [TEST_STEP][PASSED] - comma = line.indexOf(",y"): null

27-02-2025T17:41:43 - [TEST_STEP][PASSED] - if (comma > 0): null

27-02-2025T17:41:43 - [TEST_STEP][PASSED] - line = reader.readLine(): null

27-02-2025T17:41:43 - [TEST_STEP][PASSED] - println(line): null

27-02-2025T17:41:43 - [TEST_STEP][PASSED] - group = line.indexOf("<Group>"): null

27-02-2025T17:41:43 - [TEST_STEP][PASSED] - println(group): null

27-02-2025T17:41:43 - [TEST_STEP][PASSED] - if (group >= 0): null

27-02-2025T17:41:43 - [TEST_STEP][PASSED] - else: null

27-02-2025T17:41:43 - [TEST_STEP][PASSED] - if (include): null

27-02-2025T17:41:43 - [TEST_STEP][PASSED] - println(line): null

27-02-2025T17:41:43 - [TEST_STEP][PASSED] - comma = line.indexOf(",y"): null

27-02-2025T17:41:43 - [TEST_STEP][PASSED] - if (comma > 0): null

27-02-2025T17:41:43 - [TEST_STEP][PASSED] - line = reader.readLine(): null

27-02-2025T17:41:43 - [TEST_STEP][PASSED] - println(line): null

27-02-2025T17:41:43 - [TEST_STEP][PASSED] - group = line.indexOf("<Group>"): null

27-02-2025T17:41:43 - [TEST_STEP][PASSED] - println(group): null

27-02-2025T17:41:43 - [TEST_STEP][PASSED] - if (group >= 0): null

27-02-2025T17:41:43 - [TEST_STEP][PASSED] - else: null

27-02-2025T17:41:43 - [TEST_STEP][PASSED] - if (include): null

27-02-2025T17:41:43 - [TEST_STEP][PASSED] - println(line): null

27-02-2025T17:41:43 - [TEST_STEP][PASSED] - comma = line.indexOf(",y"): null

27-02-2025T17:41:43 - [TEST_STEP][PASSED] - if (comma > 0): null

27-02-2025T17:41:43 - [TEST_STEP][PASSED] - commaCount = StringUtils.countMatches(line, ","): null

27-02-2025T17:41:43 - [TEST_STEP][PASSED] - if (commaCount > 1): null

27-02-2025T17:41:43 - [TEST_STEP][PASSED] - else: null

27-02-2025T17:41:43 - [TEST_STEP][PASSED] - label = line.substring(1, comma): null

27-02-2025T17:41:43 - [TEST_STEP][PASSED] - println(label): null

27-02-2025T17:41:43 - [TEST_STEP][PASSED] - checked.add(label): null

27-02-2025T17:41:43 - [TEST_STEP][PASSED] - line = reader.readLine(): null

27-02-2025T17:41:43 - [TEST_STEP][PASSED] - println(line): null

27-02-2025T17:41:43 - [TEST_STEP][PASSED] - group = line.indexOf("<Group>"): null

27-02-2025T17:41:43 - [TEST_STEP][PASSED] - println(group): null

27-02-2025T17:41:43 - [TEST_STEP][PASSED] - if (group >= 0): null

27-02-2025T17:41:43 - [TEST_STEP][PASSED] - else: null

27-02-2025T17:41:43 - [TEST_STEP][PASSED] - if (include): null

27-02-2025T17:41:43 - [TEST_STEP][PASSED] - println(line): null

27-02-2025T17:41:43 - [TEST_STEP][PASSED] - comma = line.indexOf(",y"): null

27-02-2025T17:41:43 - [TEST_STEP][PASSED] - if (comma > 0): null

27-02-2025T17:41:43 - [TEST_STEP][PASSED] - commaCount = StringUtils.countMatches(line, ","): null

27-02-2025T17:41:43 - [TEST_STEP][PASSED] - if (commaCount > 1): null

27-02-2025T17:41:43 - [TEST_STEP][PASSED] - else: null

27-02-2025T17:41:43 - [TEST_STEP][PASSED] - label = line.substring(1, comma): null

27-02-2025T17:41:43 - [TEST_STEP][PASSED] - println(label): null

27-02-2025T17:41:43 - [TEST_STEP][PASSED] - checked.add(label): null

27-02-2025T17:41:43 - [TEST_STEP][PASSED] - line = reader.readLine(): null

27-02-2025T17:41:43 - [TEST_STEP][PASSED] - println(line): null

27-02-2025T17:41:43 - [TEST_STEP][PASSED] - group = line.indexOf("<Group>"): null

27-02-2025T17:41:43 - [TEST_STEP][PASSED] - println(group): null

27-02-2025T17:41:43 - [TEST_STEP][PASSED] - if (group >= 0): null

27-02-2025T17:41:43 - [TEST_STEP][PASSED] - else: null

27-02-2025T17:41:43 - [TEST_STEP][PASSED] - if (include): null

27-02-2025T17:41:43 - [TEST_STEP][PASSED] - println(line): null

27-02-2025T17:41:43 - [TEST_STEP][PASSED] - comma = line.indexOf(",y"): null

27-02-2025T17:41:43 - [TEST_STEP][PASSED] - if (comma > 0): null

27-02-2025T17:41:43 - [TEST_STEP][PASSED] - line = reader.readLine(): null

27-02-2025T17:41:43 - [TEST_STEP][PASSED] - println(line): null

27-02-2025T17:41:43 - [TEST_STEP][PASSED] - group = line.indexOf("<Group>"): null

27-02-2025T17:41:43 - [TEST_STEP][PASSED] - println(group): null

27-02-2025T17:41:43 - [TEST_STEP][PASSED] - if (group >= 0): null

27-02-2025T17:41:43 - [TEST_STEP][PASSED] - else: null

27-02-2025T17:41:43 - [TEST_STEP][PASSED] - if (include): null

27-02-2025T17:41:43 - [TEST_STEP][PASSED] - println(line): null

27-02-2025T17:41:43 - [TEST_STEP][PASSED] - comma = line.indexOf(",y"): null

27-02-2025T17:41:43 - [TEST_STEP][PASSED] - if (comma > 0): null

27-02-2025T17:41:43 - [TEST_STEP][PASSED] - line = reader.readLine(): null

27-02-2025T17:41:43 - [TEST_STEP][PASSED] - println(line): null

27-02-2025T17:41:43 - [TEST_STEP][PASSED] - group = line.indexOf("<Group>"): null

27-02-2025T17:41:43 - [TEST_STEP][PASSED] - println(group): null

27-02-2025T17:41:43 - [TEST_STEP][PASSED] - if (group >= 0): null

27-02-2025T17:41:43 - [TEST_STEP][PASSED] - else: null

27-02-2025T17:41:43 - [TEST_STEP][PASSED] - if (include): null

27-02-2025T17:41:43 - [TEST_STEP][PASSED] - println(line): null

27-02-2025T17:41:43 - [TEST_STEP][PASSED] - comma = line.indexOf(",y"): null

27-02-2025T17:41:43 - [TEST_STEP][PASSED] - if (comma > 0): null

27-02-2025T17:41:43 - [TEST_STEP][PASSED] - line = reader.readLine(): null

27-02-2025T17:41:43 - [TEST_STEP][PASSED] - println(line): null

27-02-2025T17:41:43 - [TEST_STEP][PASSED] - group = line.indexOf("<Group>"): null

27-02-2025T17:41:43 - [TEST_STEP][PASSED] - println(group): null

27-02-2025T17:41:43 - [TEST_STEP][PASSED] - if (group >= 0): null

27-02-2025T17:41:43 - [TEST_STEP][PASSED] - else: null

27-02-2025T17:41:43 - [TEST_STEP][PASSED] - if (include): null

27-02-2025T17:41:43 - [TEST_STEP][PASSED] - println(line): null

27-02-2025T17:41:43 - [TEST_STEP][PASSED] - comma = line.indexOf(",y"): null

27-02-2025T17:41:43 - [TEST_STEP][PASSED] - if (comma > 0): null

27-02-2025T17:41:43 - [TEST_STEP][PASSED] - commaCount = StringUtils.countMatches(line, ","): null

27-02-2025T17:41:43 - [TEST_STEP][PASSED] - if (commaCount > 1): null

27-02-2025T17:41:43 - [TEST_STEP][PASSED] - else: null

27-02-2025T17:41:43 - [TEST_STEP][PASSED] - label = line.substring(1, comma): null

27-02-2025T17:41:43 - [TEST_STEP][PASSED] - println(label): null

27-02-2025T17:41:43 - [TEST_STEP][PASSED] - checked.add(label): null

27-02-2025T17:41:43 - [TEST_STEP][PASSED] - line = reader.readLine(): null

27-02-2025T17:41:43 - [TEST_STEP][PASSED] - println(line): null

27-02-2025T17:41:43 - [TEST_STEP][PASSED] - group = line.indexOf("<Group>"): null

27-02-2025T17:41:43 - [TEST_STEP][PASSED] - println(group): null

27-02-2025T17:41:43 - [TEST_STEP][PASSED] - if (group >= 0): null

27-02-2025T17:41:43 - [TEST_STEP][PASSED] - else: null

27-02-2025T17:41:43 - [TEST_STEP][PASSED] - if (include): null

27-02-2025T17:41:43 - [TEST_STEP][PASSED] - println(line): null

27-02-2025T17:41:43 - [TEST_STEP][PASSED] - comma = line.indexOf(",y"): null

27-02-2025T17:41:43 - [TEST_STEP][PASSED] - if (comma > 0): null

27-02-2025T17:41:43 - [TEST_STEP][PASSED] - line = reader.readLine(): null

27-02-2025T17:41:43 - [TEST_STEP][PASSED] - println(line): null

27-02-2025T17:41:43 - [TEST_STEP][PASSED] - group = line.indexOf("<Group>"): null

27-02-2025T17:41:43 - [TEST_STEP][PASSED] - println(group): null

27-02-2025T17:41:43 - [TEST_STEP][PASSED] - if (group >= 0): null

27-02-2025T17:41:43 - [TEST_STEP][PASSED] - else: null

27-02-2025T17:41:43 - [TEST_STEP][PASSED] - if (include): null

27-02-2025T17:41:43 - [TEST_STEP][PASSED] - println(line): null

27-02-2025T17:41:43 - [TEST_STEP][PASSED] - comma = line.indexOf(",y"): null

27-02-2025T17:41:43 - [TEST_STEP][PASSED] - if (comma > 0): null

27-02-2025T17:41:43 - [TEST_STEP][PASSED] - line = reader.readLine(): null

27-02-2025T17:41:43 - [TEST_STEP][PASSED] - println(line): null

27-02-2025T17:41:43 - [TEST_STEP][PASSED] - group = line.indexOf("<Group>"): null

27-02-2025T17:41:43 - [TEST_STEP][PASSED] - println(group): null

27-02-2025T17:41:43 - [TEST_STEP][PASSED] - if (group >= 0): null

27-02-2025T17:41:43 - [TEST_STEP][PASSED] - else: null

27-02-2025T17:41:43 - [TEST_STEP][PASSED] - if (include): null

27-02-2025T17:41:43 - [TEST_STEP][PASSED] - println(line): null

27-02-2025T17:41:43 - [TEST_STEP][PASSED] - comma = line.indexOf(",y"): null

27-02-2025T17:41:43 - [TEST_STEP][PASSED] - if (comma > 0): null

27-02-2025T17:41:43 - [TEST_STEP][PASSED] - line = reader.readLine(): null

27-02-2025T17:41:43 - [TEST_STEP][PASSED] - println(line): null

27-02-2025T17:41:43 - [TEST_STEP][PASSED] - group = line.indexOf("<Group>"): null

27-02-2025T17:41:43 - [TEST_STEP][PASSED] - println(group): null

27-02-2025T17:41:43 - [TEST_STEP][PASSED] - if (group >= 0): null

27-02-2025T17:41:43 - [TEST_STEP][PASSED] - else: null

27-02-2025T17:41:43 - [TEST_STEP][PASSED] - if (include): null

27-02-2025T17:41:43 - [TEST_STEP][PASSED] - println(line): null

27-02-2025T17:41:43 - [TEST_STEP][PASSED] - comma = line.indexOf(",y"): null

27-02-2025T17:41:43 - [TEST_STEP][PASSED] - if (comma > 0): null

27-02-2025T17:41:43 - [TEST_STEP][PASSED] - line = reader.readLine(): null

27-02-2025T17:41:43 - [TEST_STEP][PASSED] - println(line): null

27-02-2025T17:41:43 - [TEST_STEP][PASSED] - group = line.indexOf("<Group>"): null

27-02-2025T17:41:43 - [TEST_STEP][PASSED] - println(group): null

27-02-2025T17:41:43 - [TEST_STEP][PASSED] - if (group >= 0): null

27-02-2025T17:41:43 - [TEST_STEP][PASSED] - else: null

27-02-2025T17:41:43 - [TEST_STEP][PASSED] - if (include): null

27-02-2025T17:41:43 - [TEST_STEP][PASSED] - println(line): null

27-02-2025T17:41:43 - [TEST_STEP][PASSED] - comma = line.indexOf(",y"): null

27-02-2025T17:41:43 - [TEST_STEP][PASSED] - if (comma > 0): null

27-02-2025T17:41:43 - [TEST_STEP][PASSED] - line = reader.readLine(): null

27-02-2025T17:41:43 - [TEST_STEP][PASSED] - println(line): null

27-02-2025T17:41:43 - [TEST_STEP][PASSED] - group = line.indexOf("<Group>"): null

27-02-2025T17:41:43 - [TEST_STEP][PASSED] - println(group): null

27-02-2025T17:41:43 - [TEST_STEP][PASSED] - if (group >= 0): null

27-02-2025T17:41:43 - [TEST_STEP][PASSED] - else: null

27-02-2025T17:41:43 - [TEST_STEP][PASSED] - if (include): null

27-02-2025T17:41:43 - [TEST_STEP][PASSED] - println(line): null

27-02-2025T17:41:43 - [TEST_STEP][PASSED] - comma = line.indexOf(",y"): null

27-02-2025T17:41:43 - [TEST_STEP][PASSED] - if (comma > 0): null

27-02-2025T17:41:43 - [TEST_STEP][PASSED] - commaCount = StringUtils.countMatches(line, ","): null

27-02-2025T17:41:43 - [TEST_STEP][PASSED] - if (commaCount > 1): null

27-02-2025T17:41:43 - [TEST_STEP][PASSED] - else: null

27-02-2025T17:41:43 - [TEST_STEP][PASSED] - label = line.substring(1, comma): null

27-02-2025T17:41:43 - [TEST_STEP][PASSED] - println(label): null

27-02-2025T17:41:43 - [TEST_STEP][PASSED] - checked.add(label): null

27-02-2025T17:41:43 - [TEST_STEP][PASSED] - line = reader.readLine(): null

27-02-2025T17:41:43 - [TEST_STEP][PASSED] - println(line): null

27-02-2025T17:41:43 - [TEST_STEP][PASSED] - group = line.indexOf("<Group>"): null

27-02-2025T17:41:43 - [TEST_STEP][PASSED] - println(group): null

27-02-2025T17:41:43 - [TEST_STEP][PASSED] - if (group >= 0): null

27-02-2025T17:41:43 - [TEST_STEP][PASSED] - else: null

27-02-2025T17:41:43 - [TEST_STEP][PASSED] - if (include): null

27-02-2025T17:41:43 - [TEST_STEP][PASSED] - println(line): null

27-02-2025T17:41:43 - [TEST_STEP][PASSED] - comma = line.indexOf(",y"): null

27-02-2025T17:41:43 - [TEST_STEP][PASSED] - if (comma > 0): null

27-02-2025T17:41:43 - [TEST_STEP][PASSED] - line = reader.readLine(): null

27-02-2025T17:41:43 - [TEST_STEP][PASSED] - println(line): null

27-02-2025T17:41:43 - [TEST_STEP][PASSED] - group = line.indexOf("<Group>"): null

27-02-2025T17:41:43 - [TEST_STEP][PASSED] - println(group): null

27-02-2025T17:41:43 - [TEST_STEP][PASSED] - if (group >= 0): null

27-02-2025T17:41:43 - [TEST_STEP][PASSED] - else: null

27-02-2025T17:41:43 - [TEST_STEP][PASSED] - if (include): null

27-02-2025T17:41:43 - [TEST_STEP][PASSED] - println(line): null

27-02-2025T17:41:43 - [TEST_STEP][PASSED] - comma = line.indexOf(",y"): null

27-02-2025T17:41:43 - [TEST_STEP][PASSED] - if (comma > 0): null

27-02-2025T17:41:43 - [TEST_STEP][PASSED] - line = reader.readLine(): null

27-02-2025T17:41:43 - [TEST_STEP][PASSED] - println(line): null

27-02-2025T17:41:43 - [TEST_STEP][PASSED] - group = line.indexOf("<Group>"): null

27-02-2025T17:41:43 - [TEST_STEP][PASSED] - println(group): null

27-02-2025T17:41:43 - [TEST_STEP][PASSED] - if (group >= 0): null

27-02-2025T17:41:43 - [TEST_STEP][PASSED] - else: null

27-02-2025T17:41:43 - [TEST_STEP][PASSED] - if (include): null

27-02-2025T17:41:43 - [TEST_STEP][PASSED] - println(line): null

27-02-2025T17:41:43 - [TEST_STEP][PASSED] - comma = line.indexOf(",y"): null

27-02-2025T17:41:43 - [TEST_STEP][PASSED] - if (comma > 0): null

27-02-2025T17:41:43 - [TEST_STEP][PASSED] - line = reader.readLine(): null

27-02-2025T17:41:43 - [TEST_STEP][PASSED] - println(line): null

27-02-2025T17:41:43 - [TEST_STEP][PASSED] - group = line.indexOf("<Group>"): null

27-02-2025T17:41:43 - [TEST_STEP][PASSED] - println(group): null

27-02-2025T17:41:43 - [TEST_STEP][PASSED] - if (group >= 0): null

27-02-2025T17:41:43 - [TEST_STEP][PASSED] - else: null

27-02-2025T17:41:43 - [TEST_STEP][PASSED] - if (include): null

27-02-2025T17:41:43 - [TEST_STEP][PASSED] - println(line): null

27-02-2025T17:41:43 - [TEST_STEP][PASSED] - comma = line.indexOf(",y"): null

27-02-2025T17:41:43 - [TEST_STEP][PASSED] - if (comma > 0): null

27-02-2025T17:41:43 - [TEST_STEP][PASSED] - line = reader.readLine(): null

27-02-2025T17:41:43 - [TEST_STEP][PASSED] - println(line): null

27-02-2025T17:41:43 - [TEST_STEP][PASSED] - group = line.indexOf("<Group>"): null

27-02-2025T17:41:43 - [TEST_STEP][PASSED] - println(group): null

27-02-2025T17:41:43 - [TEST_STEP][PASSED] - if (group >= 0): null

27-02-2025T17:41:43 - [TEST_STEP][PASSED] - else: null

27-02-2025T17:41:43 - [TEST_STEP][PASSED] - if (include): null

27-02-2025T17:41:43 - [TEST_STEP][PASSED] - println(line): null

27-02-2025T17:41:43 - [TEST_STEP][PASSED] - comma = line.indexOf(",y"): null

27-02-2025T17:41:43 - [TEST_STEP][PASSED] - if (comma > 0): null

27-02-2025T17:41:43 - [TEST_STEP][PASSED] - line = reader.readLine(): null

27-02-2025T17:41:43 - [TEST_STEP][PASSED] - println(line): null

27-02-2025T17:41:43 - [TEST_STEP][PASSED] - group = line.indexOf("<Group>"): null

27-02-2025T17:41:43 - [TEST_STEP][PASSED] - println(group): null

27-02-2025T17:41:43 - [TEST_STEP][PASSED] - if (group >= 0): null

27-02-2025T17:41:43 - [TEST_STEP][PASSED] - else: null

27-02-2025T17:41:43 - [TEST_STEP][PASSED] - if (include): null

27-02-2025T17:41:43 - [TEST_STEP][PASSED] - println(line): null

27-02-2025T17:41:43 - [TEST_STEP][PASSED] - comma = line.indexOf(",y"): null

27-02-2025T17:41:43 - [TEST_STEP][PASSED] - if (comma > 0): null

27-02-2025T17:41:43 - [TEST_STEP][PASSED] - line = reader.readLine(): null

27-02-2025T17:41:43 - [TEST_STEP][PASSED] - println(line): null

27-02-2025T17:41:43 - [TEST_STEP][PASSED] - group = line.indexOf("<Group>"): null

27-02-2025T17:41:43 - [TEST_STEP][PASSED] - println(group): null

27-02-2025T17:41:43 - [TEST_STEP][PASSED] - if (group >= 0): null

27-02-2025T17:41:43 - [TEST_STEP][PASSED] - else: null

27-02-2025T17:41:43 - [TEST_STEP][PASSED] - if (include): null

27-02-2025T17:41:43 - [TEST_STEP][PASSED] - println(line): null

27-02-2025T17:41:43 - [TEST_STEP][PASSED] - comma = line.indexOf(",y"): null

27-02-2025T17:41:43 - [TEST_STEP][PASSED] - if (comma > 0): null

27-02-2025T17:41:43 - [TEST_STEP][PASSED] - line = reader.readLine(): null

27-02-2025T17:41:43 - [TEST_STEP][PASSED] - println(line): null

27-02-2025T17:41:43 - [TEST_STEP][PASSED] - group = line.indexOf("<Group>"): null

27-02-2025T17:41:43 - [TEST_STEP][PASSED] - println(group): null

27-02-2025T17:41:43 - [TEST_STEP][PASSED] - if (group >= 0): null

27-02-2025T17:41:43 - [TEST_STEP][PASSED] - else: null

27-02-2025T17:41:43 - [TEST_STEP][PASSED] - if (include): null

27-02-2025T17:41:43 - [TEST_STEP][PASSED] - println(line): null

27-02-2025T17:41:43 - [TEST_STEP][PASSED] - comma = line.indexOf(",y"): null

27-02-2025T17:41:43 - [TEST_STEP][PASSED] - if (comma > 0): null

27-02-2025T17:41:43 - [TEST_STEP][PASSED] - line = reader.readLine(): null

27-02-2025T17:41:43 - [TEST_STEP][PASSED] - println(line): null

27-02-2025T17:41:43 - [TEST_STEP][PASSED] - group = line.indexOf("<Group>"): null

27-02-2025T17:41:43 - [TEST_STEP][PASSED] - println(group): null

27-02-2025T17:41:43 - [TEST_STEP][PASSED] - if (group >= 0): null

27-02-2025T17:41:43 - [TEST_STEP][PASSED] - else: null

27-02-2025T17:41:43 - [TEST_STEP][PASSED] - if (include): null

27-02-2025T17:41:43 - [TEST_STEP][PASSED] - println(line): null

27-02-2025T17:41:43 - [TEST_STEP][PASSED] - comma = line.indexOf(",y"): null

27-02-2025T17:41:43 - [TEST_STEP][PASSED] - if (comma > 0): null

27-02-2025T17:41:43 - [TEST_STEP][PASSED] - line = reader.readLine(): null

27-02-2025T17:41:43 - [TEST_STEP][PASSED] - println(line): null

27-02-2025T17:41:43 - [TEST_STEP][PASSED] - group = line.indexOf("<Group>"): null

27-02-2025T17:41:43 - [TEST_STEP][PASSED] - println(group): null

27-02-2025T17:41:43 - [TEST_STEP][PASSED] - if (group >= 0): null

27-02-2025T17:41:43 - [TEST_STEP][PASSED] - else: null

27-02-2025T17:41:43 - [TEST_STEP][PASSED] - if (include): null

27-02-2025T17:41:43 - [TEST_STEP][PASSED] - println(line): null

27-02-2025T17:41:43 - [TEST_STEP][PASSED] - comma = line.indexOf(",y"): null

27-02-2025T17:41:43 - [TEST_STEP][PASSED] - if (comma > 0): null

27-02-2025T17:41:43 - [TEST_STEP][PASSED] - line = reader.readLine(): null

27-02-2025T17:41:43 - [TEST_STEP][PASSED] - println(line): null

27-02-2025T17:41:43 - [TEST_STEP][PASSED] - group = line.indexOf("<Group>"): null

27-02-2025T17:41:43 - [TEST_STEP][PASSED] - println(group): null

27-02-2025T17:41:43 - [TEST_STEP][PASSED] - if (group >= 0): null

27-02-2025T17:41:43 - [TEST_STEP][PASSED] - else: null

27-02-2025T17:41:43 - [TEST_STEP][PASSED] - if (include): null

27-02-2025T17:41:43 - [TEST_STEP][PASSED] - println(line): null

27-02-2025T17:41:43 - [TEST_STEP][PASSED] - comma = line.indexOf(",y"): null

27-02-2025T17:41:43 - [TEST_STEP][PASSED] - if (comma > 0): null

27-02-2025T17:41:43 - [TEST_STEP][PASSED] - line = reader.readLine(): null

27-02-2025T17:41:43 - [TEST_STEP][PASSED] - println(line): null

27-02-2025T17:41:43 - [TEST_STEP][PASSED] - group = line.indexOf("<Group>"): null

27-02-2025T17:41:43 - [TEST_STEP][PASSED] - println(group): null

27-02-2025T17:41:43 - [TEST_STEP][PASSED] - if (group >= 0): null

27-02-2025T17:41:43 - [TEST_STEP][PASSED] - else: null

27-02-2025T17:41:43 - [TEST_STEP][PASSED] - if (include): null

27-02-2025T17:41:43 - [TEST_STEP][PASSED] - println(line): null

27-02-2025T17:41:43 - [TEST_STEP][PASSED] - comma = line.indexOf(",y"): null

27-02-2025T17:41:43 - [TEST_STEP][PASSED] - if (comma > 0): null

27-02-2025T17:41:43 - [TEST_STEP][PASSED] - line = reader.readLine(): null

27-02-2025T17:41:43 - [TEST_STEP][PASSED] - println(line): null

27-02-2025T17:41:43 - [TEST_STEP][PASSED] - group = line.indexOf("<Group>"): null

27-02-2025T17:41:43 - [TEST_STEP][PASSED] - println(group): null

27-02-2025T17:41:43 - [TEST_STEP][PASSED] - if (group >= 0): null

27-02-2025T17:41:43 - [TEST_STEP][PASSED] - else: null

27-02-2025T17:41:43 - [TEST_STEP][PASSED] - if (include): null

27-02-2025T17:41:43 - [TEST_STEP][PASSED] - println(line): null

27-02-2025T17:41:43 - [TEST_STEP][PASSED] - comma = line.indexOf(",y"): null

27-02-2025T17:41:43 - [TEST_STEP][PASSED] - if (comma > 0): null

27-02-2025T17:41:43 - [TEST_STEP][PASSED] - commaCount = StringUtils.countMatches(line, ","): null

27-02-2025T17:41:43 - [TEST_STEP][PASSED] - if (commaCount > 1): null

27-02-2025T17:41:43 - [TEST_STEP][PASSED] - else: null

27-02-2025T17:41:43 - [TEST_STEP][PASSED] - label = line.substring(1, comma): null

27-02-2025T17:41:43 - [TEST_STEP][PASSED] - println(label): null

27-02-2025T17:41:43 - [TEST_STEP][PASSED] - checked.add(label): null

27-02-2025T17:41:43 - [TEST_STEP][PASSED] - line = reader.readLine(): null

27-02-2025T17:41:43 - [TEST_STEP][PASSED] - println(line): null

27-02-2025T17:41:43 - [TEST_STEP][PASSED] - group = line.indexOf("<Group>"): null

27-02-2025T17:41:43 - [TEST_STEP][PASSED] - println(group): null

27-02-2025T17:41:43 - [TEST_STEP][PASSED] - if (group >= 0): null

27-02-2025T17:41:43 - [TEST_STEP][PASSED] - else: null

27-02-2025T17:41:43 - [TEST_STEP][PASSED] - if (include): null

27-02-2025T17:41:43 - [TEST_STEP][PASSED] - println(line): null

27-02-2025T17:41:43 - [TEST_STEP][PASSED] - comma = line.indexOf(",y"): null

27-02-2025T17:41:43 - [TEST_STEP][PASSED] - if (comma > 0): null

27-02-2025T17:41:43 - [TEST_STEP][PASSED] - line = reader.readLine(): null

27-02-2025T17:41:43 - [TEST_STEP][PASSED] - println(line): null

27-02-2025T17:41:43 - [TEST_STEP][PASSED] - group = line.indexOf("<Group>"): null

27-02-2025T17:41:43 - [TEST_STEP][PASSED] - println(group): null

27-02-2025T17:41:43 - [TEST_STEP][PASSED] - if (group >= 0): null

27-02-2025T17:41:43 - [TEST_STEP][PASSED] - else: null

27-02-2025T17:41:43 - [TEST_STEP][PASSED] - if (include): null

27-02-2025T17:41:43 - [TEST_STEP][PASSED] - println(line): null

27-02-2025T17:41:43 - [TEST_STEP][PASSED] - comma = line.indexOf(",y"): null

27-02-2025T17:41:43 - [TEST_STEP][PASSED] - if (comma > 0): null

27-02-2025T17:41:43 - [TEST_STEP][PASSED] - line = reader.readLine(): null

27-02-2025T17:41:43 - [TEST_STEP][PASSED] - println(line): null

27-02-2025T17:41:43 - [TEST_STEP][PASSED] - group = line.indexOf("<Group>"): null

27-02-2025T17:41:43 - [TEST_STEP][PASSED] - println(group): null

27-02-2025T17:41:43 - [TEST_STEP][PASSED] - if (group >= 0): null

27-02-2025T17:41:43 - [TEST_STEP][PASSED] - else: null

27-02-2025T17:41:43 - [TEST_STEP][PASSED] - if (include): null

27-02-2025T17:41:43 - [TEST_STEP][PASSED] - println(line): null

27-02-2025T17:41:43 - [TEST_STEP][PASSED] - comma = line.indexOf(",y"): null

27-02-2025T17:41:43 - [TEST_STEP][PASSED] - if (comma > 0): null

27-02-2025T17:41:43 - [TEST_STEP][PASSED] - line = reader.readLine(): null

27-02-2025T17:41:43 - [TEST_STEP][PASSED] - println(line): null

27-02-2025T17:41:43 - [TEST_STEP][PASSED] - group = line.indexOf("<Group>"): null

27-02-2025T17:41:43 - [TEST_STEP][PASSED] - println(group): null

27-02-2025T17:41:43 - [TEST_STEP][PASSED] - if (group >= 0): null

27-02-2025T17:41:43 - [TEST_STEP][PASSED] - else: null

27-02-2025T17:41:43 - [TEST_STEP][PASSED] - if (include): null

27-02-2025T17:41:43 - [TEST_STEP][PASSED] - println(line): null

27-02-2025T17:41:43 - [TEST_STEP][PASSED] - comma = line.indexOf(",y"): null

27-02-2025T17:41:43 - [TEST_STEP][PASSED] - if (comma > 0): null

27-02-2025T17:41:43 - [TEST_STEP][PASSED] - line = reader.readLine(): null

27-02-2025T17:41:43 - [TEST_STEP][PASSED] - println(line): null

27-02-2025T17:41:43 - [TEST_STEP][PASSED] - group = line.indexOf("<Group>"): null

27-02-2025T17:41:43 - [TEST_STEP][PASSED] - println(group): null

27-02-2025T17:41:43 - [TEST_STEP][PASSED] - if (group >= 0): null

27-02-2025T17:41:43 - [TEST_STEP][PASSED] - else: null

27-02-2025T17:41:43 - [TEST_STEP][PASSED] - if (include): null

27-02-2025T17:41:43 - [TEST_STEP][PASSED] - println(line): null

27-02-2025T17:41:43 - [TEST_STEP][PASSED] - comma = line.indexOf(",y"): null

27-02-2025T17:41:43 - [TEST_STEP][PASSED] - if (comma > 0): null

27-02-2025T17:41:43 - [TEST_STEP][PASSED] - line = reader.readLine(): null

27-02-2025T17:41:43 - [TEST_STEP][PASSED] - println(line): null

27-02-2025T17:41:43 - [TEST_STEP][PASSED] - group = line.indexOf("<Group>"): null

27-02-2025T17:41:43 - [TEST_STEP][PASSED] - println(group): null

27-02-2025T17:41:43 - [TEST_STEP][PASSED] - if (group >= 0): null

27-02-2025T17:41:43 - [TEST_STEP][PASSED] - else: null

27-02-2025T17:41:43 - [TEST_STEP][PASSED] - if (include): null

27-02-2025T17:41:43 - [TEST_STEP][PASSED] - println(line): null

27-02-2025T17:41:43 - [TEST_STEP][PASSED] - comma = line.indexOf(",y"): null

27-02-2025T17:41:43 - [TEST_STEP][PASSED] - if (comma > 0): null

27-02-2025T17:41:43 - [TEST_STEP][PASSED] - line = reader.readLine(): null

27-02-2025T17:41:43 - [TEST_STEP][PASSED] - println(line): null

27-02-2025T17:41:43 - [TEST_STEP][PASSED] - group = line.indexOf("<Group>"): null

27-02-2025T17:41:43 - [TEST_STEP][PASSED] - println(group): null

27-02-2025T17:41:43 - [TEST_STEP][PASSED] - if (group >= 0): null

27-02-2025T17:41:43 - [TEST_STEP][PASSED] - else: null

27-02-2025T17:41:43 - [TEST_STEP][PASSED] - if (include): null

27-02-2025T17:41:43 - [TEST_STEP][PASSED] - println(line): null

27-02-2025T17:41:43 - [TEST_STEP][PASSED] - comma = line.indexOf(",y"): null

27-02-2025T17:41:43 - [TEST_STEP][PASSED] - if (comma > 0): null

27-02-2025T17:41:43 - [TEST_STEP][PASSED] - line = reader.readLine(): null

27-02-2025T17:41:43 - [TEST_STEP][PASSED] - println(line): null

27-02-2025T17:41:43 - [TEST_STEP][PASSED] - group = line.indexOf("<Group>"): null

27-02-2025T17:41:43 - [TEST_STEP][PASSED] - println(group): null

27-02-2025T17:41:43 - [TEST_STEP][PASSED] - if (group >= 0): null

27-02-2025T17:41:43 - [TEST_STEP][PASSED] - else: null

27-02-2025T17:41:43 - [TEST_STEP][PASSED] - if (include): null

27-02-2025T17:41:43 - [TEST_STEP][PASSED] - println(line): null

27-02-2025T17:41:43 - [TEST_STEP][PASSED] - comma = line.indexOf(",y"): null

27-02-2025T17:41:43 - [TEST_STEP][PASSED] - if (comma > 0): null

27-02-2025T17:41:43 - [TEST_STEP][PASSED] - commaCount = StringUtils.countMatches(line, ","): null

27-02-2025T17:41:43 - [TEST_STEP][PASSED] - if (commaCount > 1): null

27-02-2025T17:41:43 - [TEST_STEP][PASSED] - else: null

27-02-2025T17:41:43 - [TEST_STEP][PASSED] - label = line.substring(1, comma): null

27-02-2025T17:41:43 - [TEST_STEP][PASSED] - println(label): null

27-02-2025T17:41:43 - [TEST_STEP][PASSED] - checked.add(label): null

27-02-2025T17:41:43 - [TEST_STEP][PASSED] - line = reader.readLine(): null

27-02-2025T17:41:43 - [TEST_STEP][PASSED] - println(line): null

27-02-2025T17:41:43 - [TEST_STEP][PASSED] - group = line.indexOf("<Group>"): null

27-02-2025T17:41:43 - [TEST_STEP][PASSED] - println(group): null

27-02-2025T17:41:43 - [TEST_STEP][PASSED] - if (group >= 0): null

27-02-2025T17:41:43 - [TEST_STEP][PASSED] - else: null

27-02-2025T17:41:43 - [TEST_STEP][PASSED] - if (include): null

27-02-2025T17:41:43 - [TEST_STEP][PASSED] - println(line): null

27-02-2025T17:41:43 - [TEST_STEP][PASSED] - comma = line.indexOf(",y"): null

27-02-2025T17:41:43 - [TEST_STEP][PASSED] - if (comma > 0): null

27-02-2025T17:41:43 - [TEST_STEP][PASSED] - line = reader.readLine(): null

27-02-2025T17:41:43 - [TEST_STEP][PASSED] - println(line): null

27-02-2025T17:41:43 - [TEST_STEP][PASSED] - group = line.indexOf("<Group>"): null

27-02-2025T17:41:43 - [TEST_STEP][PASSED] - println(group): null

27-02-2025T17:41:43 - [TEST_STEP][PASSED] - if (group >= 0): null

27-02-2025T17:41:43 - [TEST_STEP][PASSED] - else: null

27-02-2025T17:41:43 - [TEST_STEP][PASSED] - if (include): null

27-02-2025T17:41:43 - [TEST_STEP][PASSED] - println(line): null

27-02-2025T17:41:43 - [TEST_STEP][PASSED] - comma = line.indexOf(",y"): null

27-02-2025T17:41:43 - [TEST_STEP][PASSED] - if (comma > 0): null

27-02-2025T17:41:43 - [TEST_STEP][PASSED] - commaCount = StringUtils.countMatches(line, ","): null

27-02-2025T17:41:43 - [TEST_STEP][PASSED] - if (commaCount > 1): null

27-02-2025T17:41:43 - [TEST_STEP][PASSED] - else: null

27-02-2025T17:41:43 - [TEST_STEP][PASSED] - label = line.substring(1, comma): null

27-02-2025T17:41:43 - [TEST_STEP][PASSED] - println(label): null

27-02-2025T17:41:43 - [TEST_STEP][PASSED] - checked.add(label): null

27-02-2025T17:41:43 - [TEST_STEP][PASSED] - line = reader.readLine(): null

27-02-2025T17:41:43 - [TEST_STEP][PASSED] - println(line): null

27-02-2025T17:41:43 - [TEST_STEP][PASSED] - group = line.indexOf("<Group>"): null

27-02-2025T17:41:43 - [TEST_STEP][PASSED] - println(group): null

27-02-2025T17:41:43 - [TEST_STEP][PASSED] - if (group >= 0): null

27-02-2025T17:41:43 - [TEST_STEP][PASSED] - else: null

27-02-2025T17:41:43 - [TEST_STEP][PASSED] - if (include): null

27-02-2025T17:41:43 - [TEST_STEP][PASSED] - println(line): null

27-02-2025T17:41:43 - [TEST_STEP][PASSED] - comma = line.indexOf(",y"): null

27-02-2025T17:41:43 - [TEST_STEP][PASSED] - if (comma > 0): null

27-02-2025T17:41:43 - [TEST_STEP][PASSED] - line = reader.readLine(): null

27-02-2025T17:41:43 - [TEST_STEP][PASSED] - frame.dispose(): null

27-02-2025T17:41:43 - [TEST_STEP][PASSED] - reader.close(): null

27-02-2025T17:41:43 - [TEST_STEP][PASSED] - println(checked): null

27-02-2025T17:41:43 - [TEST_STEP][PASSED] - return checked: null

27-02-2025T17:41:43 - [MESSAGE][PASSED] - Call Test Case 'Test Cases/_Functions/Get Selections from CSV File' successfully

27-02-2025T17:41:43 - [TEST_STEP][PASSED] - callTestCase(findTestCase("Journey Partner Profile/Tabs/Set Recruiting Countries"), ["varRecruit_from_countries":countries], STOP_ON_FAILURE): Call Test Case 'Test Cases/Journey Partner Profile/Tabs/Set Recruiting Countries' successfully

27-02-2025T17:41:43 - [TEST_CASE][PASSED] - Test Cases/Journey Partner Profile/Tabs/Set Recruiting Countries: Test Cases/Journey Partner Profile/Tabs/Set Recruiting Countries

27-02-2025T17:41:43 - [TEST_STEP][PASSED] - username = username: null

27-02-2025T17:41:43 - [TEST_STEP][PASSED] - if (username != "cktest07jp" && username != "cktest02jp"): null

27-02-2025T17:41:43 - [TEST_STEP][PASSED] - domain = domain: null

27-02-2025T17:41:43 - [TEST_STEP][PASSED] - writeFile = false: null

27-02-2025T17:41:43 - [TEST_STEP][PASSED] - testName = "Journey Partner Recruiting Countries Tab": null

27-02-2025T17:41:43 - [TEST_STEP][PASSED] - outFile = callTestCase(findTestCase("_Functions/Set Output File"), ["varTestName":testName], STOP_ON_FAILURE): Call Test Case 'Test Cases/_Functions/Set Output File' successfully

27-02-2025T17:41:43 - [TEST_CASE][PASSED] - Test Cases/_Functions/Set Output File: Test Cases/_Functions/Set Output File

27-02-2025T17:41:43 - [TEST_STEP][PASSED] - testName = varTestName: null

27-02-2025T17:41:43 - [TEST_STEP][PASSED] - domain = domain: null

27-02-2025T17:41:43 - [TEST_STEP][PASSED] - writeFile = false: null

27-02-2025T17:41:43 - [TEST_STEP][PASSED] - if (outFile != ""): null

27-02-2025T17:41:43 - [TEST_STEP][PASSED] - myFile = outFile: null

27-02-2025T17:41:43 - [TEST_STEP][PASSED] - println(myFile): null

27-02-2025T17:41:43 - [TEST_STEP][PASSED] - outFile = new java.io.File(myFile): null

27-02-2025T17:41:43 - [TEST_STEP][PASSED] - writeFile = true: null

27-02-2025T17:41:43 - [TEST_STEP][PASSED] - if (!(writeFile)): null

27-02-2025T17:41:43 - [TEST_STEP][PASSED] - else: null

27-02-2025T17:41:43 - [TEST_STEP][PASSED] - outFile.append("
Testing " + testName + " on " + domain + ".
"): null

27-02-2025T17:41:43 - [TEST_STEP][PASSED] - return outFile: null

27-02-2025T17:41:43 - [MESSAGE][PASSED] - Call Test Case 'Test Cases/_Functions/Set Output File' successfully

27-02-2025T17:41:43 - [TEST_STEP][PASSED] - parms = [varRecruit_from_countries]: null

27-02-2025T17:41:43 - [TEST_STEP][PASSED] - recruit_from_countries = "//input[@id='profile_group-1448248787.895_recruit_countries']": null

27-02-2025T17:41:43 - [TEST_STEP][PASSED] - xpaths = [recruit_from_countries]: null

27-02-2025T17:41:43 - [TEST_STEP][PASSED] - tooltipImagePath = "/Users/cckozie/git/MissionNext-Katalon-Koz/images/journey partner/": null

27-02-2025T17:41:43 - [TEST_STEP][PASSED] - testObjectFolder = "Journey Partner Profile/Tabs/Recruiting Countries/": null

27-02-2025T17:41:43 - [TEST_STEP][PASSED] - tooltips = ["dummy":"dummy", "Recruit From Countries":"img_Recruit From Countries_field-tooltip"]: null

27-02-2025T17:41:43 - [TEST_STEP][PASSED] - tooltipText = ["Recruit From Countries":"Select countries from which your organization can recruit. The matching scheme will require a 'match' with the candidate's country of citizenship."]: null

27-02-2025T17:41:43 - [TEST_STEP][PASSED] - requiredFieldMsgs = ["Recruit From Countries":"The recruit countries field is required."]: null

27-02-2025T17:41:43 - [TEST_STEP][PASSED] - url = getUrl(OPTIONAL): Current window's url is: 'https://journey.missionnext.org/profile?requestUri=/dashboard'

27-02-2025T17:41:43 - [MESSAGE][PASSED] - Current window's url is: 'https://journey.missionnext.org/profile?requestUri=/dashboard'

27-02-2025T17:41:43 - [TEST_STEP][PASSED] - if (!(url) == "https://education." + domain + "/profile?requestUri=/dashboard"): null

27-02-2025T17:41:43 - [TEST_STEP][PASSED] - click(findTestObject("Object Repository/Journey Partner Profile/Tabs/a_Recruiting Countries")): Object: 'Object Repository/Journey Partner Profile/Tabs/a_Recruiting Countries' is clicked on

27-02-2025T17:41:43 - [MESSAGE][PASSED] - Object: 'Object Repository/Journey Partner Profile/Tabs/a_Recruiting Countries' is clicked on

27-02-2025T17:41:43 - [TEST_STEP][PASSED] - tooltipTextMap = callTestCase(findTestCase("_Functions/Get Screenshot and Tooltip Text"), ["varExtension":testName], STOP_ON_FAILURE): Call Test Case 'Test Cases/_Functions/Get Screenshot and Tooltip Text' successfully

27-02-2025T17:41:43 - [TEST_CASE][PASSED] - Test Cases/_Functions/Get Screenshot and Tooltip Text: Test Cases/_Functions/Get Screenshot and Tooltip Text

27-02-2025T17:41:43 - [TEST_STEP][PASSED] - if (fastPath): null

27-02-2025T17:41:43 - [TEST_STEP][PASSED] - frame = new javax.swing.JFrame(): null

27-02-2025T17:41:43 - [TEST_STEP][PASSED] - p = new javax.swing.JPanel(): null

27-02-2025T17:41:43 - [TEST_STEP][PASSED] - l = new javax.swing.JLabel(Getting screenshot and tooltip text..., javax.swing.SwingConstants.CENTER): null

27-02-2025T17:41:43 - [TEST_STEP][PASSED] - frame.add(l): null

27-02-2025T17:41:43 - [TEST_STEP][PASSED] - frame.setSize(300, 100): null

27-02-2025T17:41:43 - [TEST_STEP][PASSED] - frame.setLocation(600, 0): null

27-02-2025T17:41:43 - [TEST_STEP][PASSED] - frame.setAlwaysOnTop(true): null

27-02-2025T17:41:43 - [TEST_STEP][PASSED] - frame.show(): null

27-02-2025T17:41:43 - [TEST_STEP][PASSED] - driver = getWebDriver(): null

27-02-2025T17:41:43 - [TEST_STEP][PASSED] - path = "/Users/cckozie/Documents/MissionNext/Screenshots and Tooltip Text/": null

27-02-2025T17:41:43 - [TEST_STEP][PASSED] - if (binding.hasVariable("varExtension")): null

27-02-2025T17:41:43 - [TEST_STEP][PASSED] - extension = varExtension: null

27-02-2025T17:41:43 - [TEST_STEP][PASSED] - println("Extension is " + extension): null

27-02-2025T17:41:43 - [TEST_STEP][PASSED] - fileBase = path + extension: null

27-02-2025T17:41:43 - [TEST_STEP][PASSED] - fileImage = fileBase + "_Screenshot.png": null

27-02-2025T17:41:43 - [TEST_STEP][PASSED] - waitForPageLoad(30): Wait for page load successfully

27-02-2025T17:41:43 - [MESSAGE][PASSED] - Wait for page load successfully

27-02-2025T17:41:43 - [TEST_STEP][PASSED] - spinner = driver.findElement(By.xpath("/html/body/div[1]/div/div[2]")): null

27-02-2025T17:41:43 - [TEST_STEP][PASSED] - executor = driver: null

27-02-2025T17:41:43 - [TEST_STEP][PASSED] - elementAttributes = executor.executeScript("var items = {}; for (index = 0; index < arguments[0].attributes.length; ++index) { items[arguments[0].attributes[index].name] = arguments[0].attributes[index].value }; return items;", spinner): null

27-02-2025T17:41:43 - [TEST_STEP][PASSED] - attrs = elementAttributes.toString(): null

27-02-2025T17:41:43 - [TEST_STEP][PASSED] - waits = 0: null

27-02-2025T17:41:43 - [TEST_STEP][PASSED] - while (attrs.indexOf("display: none") < 0 && waits < 2): null

27-02-2025T17:41:43 - [TEST_STEP][PASSED] - delay(1): Delayed 1 second(s)

27-02-2025T17:41:44 - [MESSAGE][PASSED] - Delayed 1 second(s)

27-02-2025T17:41:44 - [TEST_STEP][PASSED] - attrs = elementAttributes.toString(): null

27-02-2025T17:41:44 - [TEST_STEP][PASSED] - (waits++): null

27-02-2025T17:41:44 - [TEST_STEP][PASSED] - delay(1): Delayed 1 second(s)

27-02-2025T17:41:45 - [MESSAGE][PASSED] - Delayed 1 second(s)

27-02-2025T17:41:45 - [TEST_STEP][PASSED] - attrs = elementAttributes.toString(): null

27-02-2025T17:41:45 - [TEST_STEP][PASSED] - (waits++): null

27-02-2025T17:41:45 - [TEST_STEP][PASSED] - tooltipMap = callTestCase(findTestCase("_Functions/Get Tooltip Text"), [:], STOP_ON_FAILURE): Call Test Case 'Test Cases/_Functions/Get Tooltip Text' successfully

27-02-2025T17:41:45 - [TEST_CASE][PASSED] - Test Cases/_Functions/Get Tooltip Text: Test Cases/_Functions/Get Tooltip Text

27-02-2025T17:41:45 - [TEST_STEP][PASSED] - fieldTooltips = [:]: null

27-02-2025T17:41:45 - [TEST_STEP][PASSED] - tooltipMap = [:]: null

27-02-2025T17:41:45 - [TEST_STEP][PASSED] - driver = getWebDriver(): null

27-02-2025T17:41:45 - [TEST_STEP][PASSED] - tooltips = driver.findElements(By.className("field-tooltip")): null

27-02-2025T17:41:45 - [TEST_STEP][PASSED] - for (def it : tooltips): null

27-02-2025T17:41:45 - [TEST_STEP][PASSED] - if (it.isDisplayed()): null

27-02-2025T17:41:45 - [TEST_STEP][PASSED] - if (it.isDisplayed()): null

27-02-2025T17:41:45 - [TEST_STEP][PASSED] - if (it.isDisplayed()): null

27-02-2025T17:41:45 - [TEST_STEP][PASSED] - if (it.isDisplayed()): null

27-02-2025T17:41:45 - [TEST_STEP][PASSED] - if (it.isDisplayed()): null

27-02-2025T17:41:45 - [TEST_STEP][PASSED] - if (it.isDisplayed()): null

27-02-2025T17:41:45 - [TEST_STEP][PASSED] - if (it.isDisplayed()): null

27-02-2025T17:41:45 - [TEST_STEP][PASSED] - if (it.isDisplayed()): null

27-02-2025T17:41:45 - [TEST_STEP][PASSED] - if (it.isDisplayed()): null

27-02-2025T17:41:45 - [TEST_STEP][PASSED] - if (it.isDisplayed()): null

27-02-2025T17:41:45 - [TEST_STEP][PASSED] - if (it.isDisplayed()): null

27-02-2025T17:41:45 - [TEST_STEP][PASSED] - if (it.isDisplayed()): null

27-02-2025T17:41:45 - [TEST_STEP][PASSED] - if (it.isDisplayed()): null

27-02-2025T17:41:45 - [TEST_STEP][PASSED] - if (it.isDisplayed()): null

27-02-2025T17:41:45 - [TEST_STEP][PASSED] - if (it.isDisplayed()): null

27-02-2025T17:41:45 - [TEST_STEP][PASSED] - if (it.isDisplayed()): null

27-02-2025T17:41:45 - [TEST_STEP][PASSED] - if (it.isDisplayed()): null

27-02-2025T17:41:45 - [TEST_STEP][PASSED] - if (it.isDisplayed()): null

27-02-2025T17:41:45 - [TEST_STEP][PASSED] - if (it.isDisplayed()): null

27-02-2025T17:41:45 - [TEST_STEP][PASSED] - if (it.isDisplayed()): null

27-02-2025T17:41:45 - [TEST_STEP][PASSED] - if (it.isDisplayed()): null

27-02-2025T17:41:45 - [TEST_STEP][PASSED] - if (it.isDisplayed()): null

27-02-2025T17:41:45 - [TEST_STEP][PASSED] - if (it.isDisplayed()): null

27-02-2025T17:41:45 - [TEST_STEP][PASSED] - if (it.isDisplayed()): null

27-02-2025T17:41:45 - [TEST_STEP][PASSED] - if (it.isDisplayed()): null

27-02-2025T17:41:45 - [TEST_STEP][PASSED] - if (it.isDisplayed()): null

27-02-2025T17:41:45 - [TEST_STEP][PASSED] - if (it.isDisplayed()): null

27-02-2025T17:41:45 - [TEST_STEP][PASSED] - if (it.isDisplayed()): null

27-02-2025T17:41:45 - [TEST_STEP][PASSED] - if (it.isDisplayed()): null

27-02-2025T17:41:45 - [TEST_STEP][PASSED] - if (it.isDisplayed()): null

27-02-2025T17:41:45 - [TEST_STEP][PASSED] - if (it.isDisplayed()): null

27-02-2025T17:41:45 - [TEST_STEP][PASSED] - if (it.isDisplayed()): null

27-02-2025T17:41:45 - [TEST_STEP][PASSED] - if (it.isDisplayed()): null

27-02-2025T17:41:45 - [TEST_STEP][PASSED] - if (it.isDisplayed()): null

27-02-2025T17:41:45 - [TEST_STEP][PASSED] - if (it.isDisplayed()): null

27-02-2025T17:41:45 - [TEST_STEP][PASSED] - if (it.isDisplayed()): null

27-02-2025T17:41:45 - [TEST_STEP][PASSED] - if (it.isDisplayed()): null

27-02-2025T17:41:45 - [TEST_STEP][PASSED] - ttText = it.getAttribute("data-original-title"): null

27-02-2025T17:41:45 - [TEST_STEP][PASSED] - ttLocation = it.getLocation(): null

27-02-2025T17:41:45 - [TEST_STEP][PASSED] - yLocation = ttLocation.getY(): null

27-02-2025T17:41:45 - [TEST_STEP][PASSED] - xLocation = ttLocation.getX(): null

27-02-2025T17:41:45 - [TEST_STEP][PASSED] - fieldTooltips.put(ttText, yLocation): null

27-02-2025T17:41:45 - [TEST_STEP][PASSED] - if (fieldTooltips.size() > 0): null

27-02-2025T17:41:45 - [TEST_STEP][PASSED] - rightBorder = xLocation: null

27-02-2025T17:41:45 - [TEST_STEP][PASSED] - fieldLabels = [:]: null

27-02-2025T17:41:45 - [TEST_STEP][PASSED] - labels = driver.findElements(By.xpath("//label")): null

27-02-2025T17:41:45 - [TEST_STEP][PASSED] - labels.each({ -> ... }): null

27-02-2025T17:41:48 - [TEST_STEP][PASSED] - for (def label : fieldLabels): null

27-02-2025T17:41:48 - [TEST_STEP][PASSED] - y = value: null

27-02-2025T17:41:48 - [TEST_STEP][PASSED] - for (def tooltip : fieldTooltips): null

27-02-2025T17:41:48 - [TEST_STEP][PASSED] - if (value == y || value == y + 1 || value == y - 1): null

27-02-2025T17:41:48 - [TEST_STEP][PASSED] - y = value: null

27-02-2025T17:41:48 - [TEST_STEP][PASSED] - for (def tooltip : fieldTooltips): null

27-02-2025T17:41:48 - [TEST_STEP][PASSED] - if (value == y || value == y + 1 || value == y - 1): null

27-02-2025T17:41:48 - [TEST_STEP][PASSED] - tooltipMap.put(key, key): null

27-02-2025T17:41:48 - [TEST_STEP][PASSED] - break: null

27-02-2025T17:41:48 - [TEST_STEP][PASSED] - return tooltipMap: null

27-02-2025T17:41:48 - [MESSAGE][PASSED] - Call Test Case 'Test Cases/_Functions/Get Tooltip Text' successfully

27-02-2025T17:41:48 - [TEST_STEP][PASSED] - if (tooltipMap.size() > 0): null

27-02-2025T17:41:48 - [TEST_STEP][PASSED] - file = fileBase + "_Tooltips.csv": null

27-02-2025T17:41:48 - [TEST_STEP][PASSED] - outText = "FIELD LABEL" + "," + "TOOLTIP TEXT" + "

": null

27-02-2025T17:41:48 - [TEST_STEP][PASSED] - for (def it : tooltipMap): null

27-02-2025T17:41:48 - [TEST_STEP][PASSED] - name = key: null

27-02-2025T17:41:48 - [TEST_STEP][PASSED] - value = value.replace("
", ""): null

27-02-2025T17:41:48 - [TEST_STEP][PASSED] - value = value.trim(): null

27-02-2025T17:41:48 - [TEST_STEP][PASSED] - value = """ + value + """: null

27-02-2025T17:41:48 - [TEST_STEP][PASSED] - outText = outText + name + "," + value: null

27-02-2025T17:41:48 - [TEST_STEP][PASSED] - outText = outText + "
": null

27-02-2025T17:41:48 - [TEST_STEP][PASSED] - println(outText): null

27-02-2025T17:41:48 - [TEST_STEP][PASSED] - outFile = new java.io.File(file): null

27-02-2025T17:41:48 - [TEST_STEP][PASSED] - println(outText): null

27-02-2025T17:41:48 - [TEST_STEP][PASSED] - outFile.write(outText): null

27-02-2025T17:41:48 - [TEST_STEP][PASSED] - takeFullPageScreenshot(fileImage): Taking screenshot successfully

27-02-2025T17:41:50 - [MESSAGE][INFO] - 0 hidden object(s)

27-02-2025T17:41:50 - [MESSAGE][PASSED] - Taking screenshot successfully
[[ATTACHMENT|/Users/cckozie/Documents/MissionNext/Screenshots and Tooltip Text/Journey Partner Recruiting Countries Tab_Screenshot.png]]

27-02-2025T17:41:50 - [TEST_STEP][PASSED] - frame.dispose(): null

27-02-2025T17:41:50 - [TEST_STEP][PASSED] - return tooltipMap: null

27-02-2025T17:41:50 - [MESSAGE][PASSED] - Call Test Case 'Test Cases/_Functions/Get Screenshot and Tooltip Text' successfully

27-02-2025T17:41:50 - [TEST_STEP][PASSED] - callTestCase(findTestCase("_Functions/Test Tooltips"), ["varTooltipImagePath":tooltipImagePath, "varTooltips":tooltips, "varTooltipText":tooltipText, "varTestObjectFolder":testObjectFolder, ... ], OPTIONAL): Call Test Case 'Test Cases/_Functions/Test Tooltips' successfully

27-02-2025T17:41:50 - [TEST_CASE][PASSED] - Test Cases/_Functions/Test Tooltips: Test Cases/_Functions/Test Tooltips

27-02-2025T17:41:50 - [TEST_STEP][PASSED] - if (fastPath): null

27-02-2025T17:41:50 - [TEST_STEP][PASSED] - tooltipImagePath = varTooltipImagePath: null

27-02-2025T17:41:50 - [TEST_STEP][PASSED] - tooltips = varTooltips: null

27-02-2025T17:41:50 - [TEST_STEP][PASSED] - tooltipText = varTooltipText: null

27-02-2025T17:41:50 - [TEST_STEP][PASSED] - testObjectFolder = varTestObjectFolder: null

27-02-2025T17:41:50 - [TEST_STEP][PASSED] - tooltipTextMap = varTooltipTextMap: null

27-02-2025T17:41:50 - [TEST_STEP][PASSED] - writeFile = false: null

27-02-2025T17:41:50 - [TEST_STEP][PASSED] - if (outFile != ""): null

27-02-2025T17:41:50 - [TEST_STEP][PASSED] - myFile = outFile: null

27-02-2025T17:41:50 - [TEST_STEP][PASSED] - println(myFile): null

27-02-2025T17:41:50 - [TEST_STEP][PASSED] - outFile = new java.io.File(myFile): null

27-02-2025T17:41:50 - [TEST_STEP][PASSED] - writeFile = true: null

27-02-2025T17:41:50 - [TEST_STEP][PASSED] - driver = getWebDriver(): null

27-02-2025T17:41:50 - [TEST_STEP][PASSED] - action = new org.openqa.selenium.interactions.Actions(driver): null

27-02-2025T17:41:50 - [TEST_STEP][PASSED] - s = new org.sikuli.script.Screen(): null

27-02-2025T17:41:50 - [TEST_STEP][PASSED] - outText = "Verifying the tooltips can be displayed.
": null

27-02-2025T17:41:50 - [TEST_STEP][PASSED] - outFile.append(outText): null

27-02-2025T17:41:50 - [TEST_STEP][PASSED] - first = true: null

27-02-2025T17:41:50 - [TEST_STEP][PASSED] - for (def it : tooltips): null

27-02-2025T17:41:50 - [TEST_STEP][PASSED] - myKey = key: null

27-02-2025T17:41:50 - [TEST_STEP][PASSED] - myValue = value: null

27-02-2025T17:41:50 - [TEST_STEP][PASSED] - println("myKey is " + myKey): null

27-02-2025T17:41:50 - [TEST_STEP][PASSED] - println("myValue is " + myValue): null

27-02-2025T17:41:50 - [TEST_STEP][PASSED] - if (myKey != "dummy"): null

27-02-2025T17:41:50 - [TEST_STEP][PASSED] - else: null

27-02-2025T17:41:50 - [TEST_STEP][PASSED] - myImage = "/Users/cckozie/git/MissionNext-Katalon-Koz/images/dummy.png": null

27-02-2025T17:41:50 - [TEST_STEP][PASSED] - f = new java.io.File(myImage): null

27-02-2025T17:41:50 - [TEST_STEP][PASSED] - if (f.exists()): null

27-02-2025T17:41:50 - [TEST_STEP][PASSED] - println("Looking for " + myImage): null

27-02-2025T17:41:50 - [TEST_STEP][PASSED] - icn = Pattern(myImage).similar(0.10): null

27-02-2025T17:41:50 - [TEST_STEP][PASSED] - found = s.exists(icn): null

27-02-2025T17:41:54 - [TEST_STEP][PASSED] - println(found): null

27-02-2025T17:41:54 - [TEST_STEP][PASSED] - if (found != null): null

27-02-2025T17:41:54 - [TEST_STEP][PASSED] - else: null

27-02-2025T17:41:54 - [TEST_STEP][PASSED] - if (myKey != "dummy"): null

27-02-2025T17:41:54 - [TEST_STEP][PASSED] - myKey = key: null

27-02-2025T17:41:54 - [TEST_STEP][PASSED] - myValue = value: null

27-02-2025T17:41:54 - [TEST_STEP][PASSED] - println("myKey is " + myKey): null

27-02-2025T17:41:54 - [TEST_STEP][PASSED] - println("myValue is " + myValue): null

27-02-2025T17:41:54 - [TEST_STEP][PASSED] - if (myKey != "dummy"): null

27-02-2025T17:41:54 - [TEST_STEP][PASSED] - tObj = testObjectFolder + myValue: null

27-02-2025T17:41:54 - [TEST_STEP][PASSED] - click(tObj): null

27-02-2025T17:41:54 - [TEST_STEP][PASSED] - scrollToObject(object): null

27-02-2025T17:41:54 - [TEST_STEP][PASSED] - println("Converting " + object + " to web element"): null

27-02-2025T17:41:54 - [TEST_STEP][PASSED] - element = findWebElement(findTestObject(object), 1): null

27-02-2025T17:41:54 - [TEST_STEP][PASSED] - loc = element.getLocation(): null

27-02-2025T17:41:54 - [TEST_STEP][PASSED] - x = loc.getX(): null

27-02-2025T17:41:54 - [TEST_STEP][PASSED] - if (x >= 560): null

27-02-2025T17:41:54 - [TEST_STEP][PASSED] - y = loc.getY(): null

27-02-2025T17:41:54 - [TEST_STEP][PASSED] - println("Y location is " + y): null

27-02-2025T17:41:54 - [TEST_STEP][PASSED] - top = getViewportTopPosition(): Current viewport's top (y) position is 0

27-02-2025T17:41:54 - [MESSAGE][PASSED] - Current viewport's top (y) position is 0

27-02-2025T17:41:54 - [TEST_STEP][PASSED] - println("Viewport top is " + top): null

27-02-2025T17:41:54 - [TEST_STEP][PASSED] - bottom = top + 600: null

27-02-2025T17:41:54 - [TEST_STEP][PASSED] - if (y - top < 150 || bottom - y < 10): null

27-02-2025T17:41:54 - [TEST_STEP][PASSED] - click(findTestObject(object)): null

27-02-2025T17:41:54 - [MESSAGE][PASSED] - Object: 'Object Repository/Journey Partner Profile/Tabs/Recruiting Countries/img_Recruit From Countries_field-tooltip' is clicked on

27-02-2025T17:41:54 - [TEST_STEP][PASSED] - delay(1): Delayed 1 second(s)

27-02-2025T17:41:55 - [MESSAGE][PASSED] - Delayed 1 second(s)

27-02-2025T17:41:55 - [TEST_STEP][PASSED] - myImage = tooltipImagePath + myKey + ".png": null

27-02-2025T17:41:55 - [TEST_STEP][PASSED] - f = new java.io.File(myImage): null

27-02-2025T17:41:55 - [TEST_STEP][PASSED] - if (f.exists()): null

27-02-2025T17:41:55 - [TEST_STEP][PASSED] - println("Looking for " + myImage): null

27-02-2025T17:41:55 - [TEST_STEP][PASSED] - icn = Pattern(myImage).similar(0.10): null

27-02-2025T17:41:55 - [TEST_STEP][PASSED] - found = s.exists(icn): null

27-02-2025T17:41:55 - [TEST_STEP][PASSED] - println(found): null

27-02-2025T17:41:55 - [TEST_STEP][PASSED] - if (found != null): null

27-02-2025T17:41:55 - [TEST_STEP][PASSED] - foundStr = found.toString(): null

27-02-2025T17:41:55 - [TEST_STEP][PASSED] - matchP = foundStr.indexOf("%"): null

27-02-2025T17:41:55 - [TEST_STEP][PASSED] - if (matchP >= 0): null

27-02-2025T17:41:55 - [TEST_STEP][PASSED] - println(matchP): null

27-02-2025T17:41:55 - [TEST_STEP][PASSED] - pct = foundStr.substring(matchP + 1, matchP + 6): null

27-02-2025T17:41:55 - [TEST_STEP][PASSED] - pctF = pct.toFloat(): null

27-02-2025T17:41:55 - [TEST_STEP][PASSED] - outText = "+++ Tooltip match value for " + myKey + " is " + pctF + "%": null

27-02-2025T17:41:55 - [TEST_STEP][PASSED] - min = 80: null

27-02-2025T17:41:55 - [TEST_STEP][PASSED] - if (pctF.toFloat() < min.toFloat()): null

27-02-2025T17:41:55 - [TEST_STEP][PASSED] - if (myKey != "dummy"): null

27-02-2025T17:41:55 - [TEST_STEP][PASSED] - println(outText): null

27-02-2025T17:41:55 - [TEST_STEP][PASSED] - outFile.append(outText + "
"): null

27-02-2025T17:41:55 - [TEST_STEP][PASSED] - outText = "Verifying the tooltip text on the page is what was expected.
": null

27-02-2025T17:41:55 - [TEST_STEP][PASSED] - println(tooltipTextMap): null

27-02-2025T17:41:55 - [TEST_STEP][PASSED] - outFile.append(outText): null

27-02-2025T17:41:55 - [TEST_STEP][PASSED] - for (def it : tooltipText): null

27-02-2025T17:41:55 - [TEST_STEP][PASSED] - println(it): null

27-02-2025T17:41:55 - [TEST_STEP][PASSED] - myKey = key: null

27-02-2025T17:41:55 - [TEST_STEP][PASSED] - myText = value.replace(""", ""): null

27-02-2025T17:41:55 - [TEST_STEP][PASSED] - myText = myText.trim(): null

27-02-2025T17:41:55 - [TEST_STEP][PASSED] - println(myKey): null

27-02-2025T17:41:55 - [TEST_STEP][PASSED] - println(myText): null

27-02-2025T17:41:55 - [TEST_STEP][PASSED] - println(tooltipTextMap.get(myKey)): null

27-02-2025T17:41:55 - [TEST_STEP][PASSED] - actualText = get(myKey).replace(""", ""): null

27-02-2025T17:41:55 - [TEST_STEP][PASSED] - actualText = actualText.trim(): null

27-02-2025T17:41:55 - [TEST_STEP][PASSED] - println(myKey + ":" + actualText): null

27-02-2025T17:41:55 - [TEST_STEP][PASSED] - if (actualText != myText): null

27-02-2025T17:41:55 - [MESSAGE][PASSED] - Call Test Case 'Test Cases/_Functions/Test Tooltips' successfully

27-02-2025T17:41:55 - [TEST_STEP][PASSED] - outText = "Verifying the required field messages.
": null

27-02-2025T17:41:55 - [TEST_STEP][PASSED] - outFile.append(outText): null

27-02-2025T17:41:55 - [TEST_STEP][PASSED] - fieldList = []: null

27-02-2025T17:41:55 - [TEST_STEP][PASSED] - requiredFieldMsgs.each({ -> ... }): null

27-02-2025T17:41:55 - [TEST_STEP][PASSED] - callTestCase(findTestCase("_Functions/Test Field Error Messages"), ["varFieldList":fieldList, "varRequiredFieldMsgs":requiredFieldMsgs], STOP_ON_FAILURE): Call Test Case 'Test Cases/_Functions/Test Field Error Messages' successfully

27-02-2025T17:41:55 - [TEST_CASE][PASSED] - Test Cases/_Functions/Test Field Error Messages: Test Cases/_Functions/Test Field Error Messages

27-02-2025T17:41:55 - [TEST_STEP][PASSED] - count = callTestCase(findTestCase("_Functions/Find error messages"), ["varFunction":"count"], STOP_ON_FAILURE): Call Test Case 'Test Cases/_Functions/Find error messages' successfully

27-02-2025T17:41:55 - [TEST_CASE][PASSED] - Test Cases/_Functions/Find error messages: Test Cases/_Functions/Find error messages

27-02-2025T17:41:55 - [TEST_STEP][PASSED] - function = "count": null

27-02-2025T17:41:55 - [TEST_STEP][PASSED] - if (binding.hasVariable("varFunction")): null

27-02-2025T17:41:55 - [TEST_STEP][PASSED] - function = varFunction: null

27-02-2025T17:41:55 - [TEST_STEP][PASSED] - title = getWindowTitle(): Current window's title is: 'Journey'

27-02-2025T17:41:55 - [MESSAGE][PASSED] - Current window's title is: 'Journey'

27-02-2025T17:41:55 - [TEST_STEP][PASSED] - println("Page title is " + title): null

27-02-2025T17:41:55 - [TEST_STEP][PASSED] - driver = getWebDriver(): null

27-02-2025T17:41:55 - [TEST_STEP][PASSED] - elements = driver.findElements(By.xpath("//div[@class='col-sm-offset-3 col-sm-9 text-danger']")): null

27-02-2025T17:41:55 - [TEST_STEP][PASSED] - if (function == "count"): null

27-02-2025T17:41:55 - [TEST_STEP][PASSED] - return elements.size(): null

27-02-2025T17:41:55 - [MESSAGE][PASSED] - Call Test Case 'Test Cases/_Functions/Find error messages' successfully

27-02-2025T17:41:55 - [TEST_STEP][PASSED] - outFile = outFile: null

27-02-2025T17:41:55 - [TEST_STEP][PASSED] - if (count == 0): null

27-02-2025T17:41:55 - [TEST_STEP][PASSED] - else: Delayed 0 second(s)

27-02-2025T17:41:55 - [TEST_STEP][PASSED] - fieldList = varFieldList: null

27-02-2025T17:41:55 - [TEST_STEP][PASSED] - requiredFieldMsgs = varRequiredFieldMsgs: null

27-02-2025T17:41:55 - [TEST_STEP][PASSED] - outText = "Verifying error messages for fields " + fieldList: null

27-02-2025T17:41:55 - [TEST_STEP][PASSED] - for (def field : fieldList): null

27-02-2025T17:41:55 - [TEST_STEP][PASSED] - errorMsg = requiredFieldMsgs.get(field): null

27-02-2025T17:41:55 - [TEST_STEP][PASSED] - msg = verifyTextPresent(errorMsg, false, OPTIONAL): Text 'The recruit countries field is required.' is present on page 

27-02-2025T17:41:55 - [MESSAGE][PASSED] - Text 'The recruit countries field is required.' is present on page 

27-02-2025T17:41:55 - [TEST_STEP][PASSED] - println(field + ":" + msg): null

27-02-2025T17:41:55 - [TEST_STEP][PASSED] - if (!(msg)): null

27-02-2025T17:41:55 - [TEST_STEP][PASSED] - delay(fieldTestDelay): Delayed 0 second(s)

27-02-2025T17:41:55 - [MESSAGE][PASSED] - Delayed 0 second(s)

27-02-2025T17:41:55 - [MESSAGE][PASSED] - Call Test Case 'Test Cases/_Functions/Test Field Error Messages' successfully

27-02-2025T17:41:55 - [TEST_STEP][PASSED] - if (!(fastPath)): Call Test Case 'Test Cases/_Functions/Click on Group Elements' successfully

27-02-2025T17:41:55 - [TEST_STEP][PASSED] - callTestCase(findTestCase("_Functions/Click on Group Elements"), ["varXpaths":xpaths, "varParms":parms], STOP_ON_FAILURE): Call Test Case 'Test Cases/_Functions/Click on Group Elements' successfully

27-02-2025T17:41:55 - [TEST_CASE][PASSED] - Test Cases/_Functions/Click on Group Elements: Test Cases/_Functions/Click on Group Elements

27-02-2025T17:41:55 - [TEST_STEP][PASSED] - debug = false: null

27-02-2025T17:41:55 - [TEST_STEP][PASSED] - toggle = true: null

27-02-2025T17:41:55 - [TEST_STEP][PASSED] - frame = new javax.swing.JFrame(): null

27-02-2025T17:41:55 - [TEST_STEP][PASSED] - p = new javax.swing.JPanel(): null

27-02-2025T17:41:55 - [TEST_STEP][PASSED] - l = new javax.swing.JLabel(Making user selections..., javax.swing.SwingConstants.CENTER): null

27-02-2025T17:41:55 - [TEST_STEP][PASSED] - frame.add(l): null

27-02-2025T17:41:55 - [TEST_STEP][PASSED] - frame.setSize(300, 100): null

27-02-2025T17:41:55 - [TEST_STEP][PASSED] - frame.setLocation(600, 0): null

27-02-2025T17:41:55 - [TEST_STEP][PASSED] - frame.setAlwaysOnTop(true): null

27-02-2025T17:41:55 - [TEST_STEP][PASSED] - frame.show(): null

27-02-2025T17:41:55 - [TEST_STEP][PASSED] - driver = getWebDriver(): null

27-02-2025T17:41:55 - [TEST_STEP][PASSED] - println(varParms): null

27-02-2025T17:41:55 - [TEST_STEP][PASSED] - for ([i = 0, i < varXpaths.size(), (i++)]): null

27-02-2025T17:41:55 - [TEST_STEP][PASSED] - if (debug): null

27-02-2025T17:41:55 - [TEST_STEP][PASSED] - if (varParms[i].indexOf("Europe") >= 0): null

27-02-2025T17:41:55 - [TEST_STEP][PASSED] - elements = driver.findElements(By.xpath(varXpaths[i])): null

27-02-2025T17:41:55 - [TEST_STEP][PASSED] - element_count = elements.size(): null

27-02-2025T17:41:55 - [TEST_STEP][PASSED] - for (def element : elements): null

27-02-2025T17:41:55 - [TEST_STEP][PASSED] - myValue = element.getAttribute("value"): null

27-02-2025T17:41:55 - [TEST_STEP][PASSED] - if (debug): null

27-02-2025T17:41:55 - [TEST_STEP][PASSED] - if (myValue.length() >= 4): null

27-02-2025T17:41:55 - [TEST_STEP][PASSED] - if (myValue.substring(0, 4) == "(!) "): null

27-02-2025T17:41:55 - [TEST_STEP][PASSED] - myType = element.getAttribute("type"): null

27-02-2025T17:41:55 - [TEST_STEP][PASSED] - if (myValue in varParms[i]): null

27-02-2025T17:41:55 - [TEST_STEP][PASSED] - else: null

27-02-2025T17:41:55 - [TEST_STEP][PASSED] - inList = false: null

27-02-2025T17:41:55 - [TEST_STEP][PASSED] - if (myType == "checkbox"): null

27-02-2025T17:41:55 - [TEST_STEP][PASSED] - myStatus = element.isSelected(): null

27-02-2025T17:41:55 - [TEST_STEP][PASSED] - if (debug): null

27-02-2025T17:41:55 - [TEST_STEP][PASSED] - if (toggle && myStatus && inList): null

27-02-2025T17:41:55 - [TEST_STEP][PASSED] - if (!(myStatus) && inList || myStatus && !(inList)): null

27-02-2025T17:41:55 - [TEST_STEP][PASSED] - myValue = element.getAttribute("value"): null

27-02-2025T17:41:55 - [TEST_STEP][PASSED] - if (debug): null

27-02-2025T17:41:55 - [TEST_STEP][PASSED] - if (myValue.length() >= 4): null

27-02-2025T17:41:55 - [TEST_STEP][PASSED] - if (myValue.substring(0, 4) == "(!) "): null

27-02-2025T17:41:55 - [TEST_STEP][PASSED] - myType = element.getAttribute("type"): null

27-02-2025T17:41:55 - [TEST_STEP][PASSED] - if (myValue in varParms[i]): null

27-02-2025T17:41:55 - [TEST_STEP][PASSED] - inList = true: null

27-02-2025T17:41:55 - [TEST_STEP][PASSED] - if (myType == "checkbox"): null

27-02-2025T17:41:55 - [TEST_STEP][PASSED] - myStatus = element.isSelected(): null

27-02-2025T17:41:55 - [TEST_STEP][PASSED] - if (debug): null

27-02-2025T17:41:55 - [TEST_STEP][PASSED] - if (toggle && myStatus && inList): null

27-02-2025T17:41:55 - [TEST_STEP][PASSED] - if (!(myStatus) && inList || myStatus && !(inList)): null

27-02-2025T17:41:55 - [TEST_STEP][PASSED] - if (debug): null

27-02-2025T17:41:55 - [TEST_STEP][PASSED] - println("Clicking " + myValue): null

27-02-2025T17:41:55 - [TEST_STEP][PASSED] - click(element): null

27-02-2025T17:41:55 - [TEST_STEP][PASSED] - scrollToObject(elem): null

27-02-2025T17:41:55 - [TEST_STEP][PASSED] - loc = element.getLocation(): null

27-02-2025T17:41:55 - [TEST_STEP][PASSED] - if (debug): null

27-02-2025T17:41:55 - [TEST_STEP][PASSED] - y = loc.getY(): null

27-02-2025T17:41:55 - [TEST_STEP][PASSED] - println("Y location is " + y): null

27-02-2025T17:41:55 - [TEST_STEP][PASSED] - top = getViewportTopPosition(): Current viewport's top (y) position is 0

27-02-2025T17:41:55 - [MESSAGE][PASSED] - Current viewport's top (y) position is 0

27-02-2025T17:41:55 - [TEST_STEP][PASSED] - println("Viewport top is " + top): null

27-02-2025T17:41:55 - [TEST_STEP][PASSED] - bottom = top + 600: null

27-02-2025T17:41:55 - [TEST_STEP][PASSED] - if (y - top < 150 || bottom - y < 10): null

27-02-2025T17:41:55 - [TEST_STEP][PASSED] - elem.click(): null

27-02-2025T17:41:55 - [TEST_STEP][PASSED] - myValue = element.getAttribute("value"): null

27-02-2025T17:41:55 - [TEST_STEP][PASSED] - if (debug): null

27-02-2025T17:41:55 - [TEST_STEP][PASSED] - if (myValue.length() >= 4): null

27-02-2025T17:41:55 - [TEST_STEP][PASSED] - if (myValue.substring(0, 4) == "(!) "): null

27-02-2025T17:41:55 - [TEST_STEP][PASSED] - myType = element.getAttribute("type"): null

27-02-2025T17:41:55 - [TEST_STEP][PASSED] - if (myValue in varParms[i]): null

27-02-2025T17:41:55 - [TEST_STEP][PASSED] - else: null

27-02-2025T17:41:55 - [TEST_STEP][PASSED] - inList = false: null

27-02-2025T17:41:55 - [TEST_STEP][PASSED] - if (myType == "checkbox"): null

27-02-2025T17:41:55 - [TEST_STEP][PASSED] - myStatus = element.isSelected(): null

27-02-2025T17:41:55 - [TEST_STEP][PASSED] - if (debug): null

27-02-2025T17:41:55 - [TEST_STEP][PASSED] - if (toggle && myStatus && inList): null

27-02-2025T17:41:55 - [TEST_STEP][PASSED] - if (!(myStatus) && inList || myStatus && !(inList)): null

27-02-2025T17:41:55 - [TEST_STEP][PASSED] - myValue = element.getAttribute("value"): null

27-02-2025T17:41:55 - [TEST_STEP][PASSED] - if (debug): null

27-02-2025T17:41:55 - [TEST_STEP][PASSED] - if (myValue.length() >= 4): null

27-02-2025T17:41:55 - [TEST_STEP][PASSED] - if (myValue.substring(0, 4) == "(!) "): null

27-02-2025T17:41:55 - [TEST_STEP][PASSED] - myType = element.getAttribute("type"): null

27-02-2025T17:41:55 - [TEST_STEP][PASSED] - if (myValue in varParms[i]): null

27-02-2025T17:41:55 - [TEST_STEP][PASSED] - inList = true: null

27-02-2025T17:41:55 - [TEST_STEP][PASSED] - if (myType == "checkbox"): null

27-02-2025T17:41:55 - [TEST_STEP][PASSED] - myStatus = element.isSelected(): null

27-02-2025T17:41:55 - [TEST_STEP][PASSED] - if (debug): null

27-02-2025T17:41:55 - [TEST_STEP][PASSED] - if (toggle && myStatus && inList): null

27-02-2025T17:41:55 - [TEST_STEP][PASSED] - if (!(myStatus) && inList || myStatus && !(inList)): null

27-02-2025T17:41:55 - [TEST_STEP][PASSED] - if (debug): null

27-02-2025T17:41:55 - [TEST_STEP][PASSED] - println("Clicking " + myValue): null

27-02-2025T17:41:55 - [TEST_STEP][PASSED] - click(element): null

27-02-2025T17:41:55 - [TEST_STEP][PASSED] - scrollToObject(elem): null

27-02-2025T17:41:55 - [TEST_STEP][PASSED] - loc = element.getLocation(): null

27-02-2025T17:41:55 - [TEST_STEP][PASSED] - if (debug): null

27-02-2025T17:41:55 - [TEST_STEP][PASSED] - y = loc.getY(): null

27-02-2025T17:41:55 - [TEST_STEP][PASSED] - println("Y location is " + y): null

27-02-2025T17:41:55 - [TEST_STEP][PASSED] - top = getViewportTopPosition(): Current viewport's top (y) position is 0

27-02-2025T17:41:55 - [MESSAGE][PASSED] - Current viewport's top (y) position is 0

27-02-2025T17:41:55 - [TEST_STEP][PASSED] - println("Viewport top is " + top): null

27-02-2025T17:41:55 - [TEST_STEP][PASSED] - bottom = top + 600: null

27-02-2025T17:41:55 - [TEST_STEP][PASSED] - if (y - top < 150 || bottom - y < 10): null

27-02-2025T17:41:55 - [TEST_STEP][PASSED] - elem.click(): null

27-02-2025T17:41:55 - [TEST_STEP][PASSED] - myValue = element.getAttribute("value"): null

27-02-2025T17:41:55 - [TEST_STEP][PASSED] - if (debug): null

27-02-2025T17:41:55 - [TEST_STEP][PASSED] - if (myValue.length() >= 4): null

27-02-2025T17:41:55 - [TEST_STEP][PASSED] - if (myValue.substring(0, 4) == "(!) "): null

27-02-2025T17:41:55 - [TEST_STEP][PASSED] - myType = element.getAttribute("type"): null

27-02-2025T17:41:55 - [TEST_STEP][PASSED] - if (myValue in varParms[i]): null

27-02-2025T17:41:55 - [TEST_STEP][PASSED] - else: null

27-02-2025T17:41:55 - [TEST_STEP][PASSED] - inList = false: null

27-02-2025T17:41:55 - [TEST_STEP][PASSED] - if (myType == "checkbox"): null

27-02-2025T17:41:55 - [TEST_STEP][PASSED] - myStatus = element.isSelected(): null

27-02-2025T17:41:55 - [TEST_STEP][PASSED] - if (debug): null

27-02-2025T17:41:55 - [TEST_STEP][PASSED] - if (toggle && myStatus && inList): null

27-02-2025T17:41:55 - [TEST_STEP][PASSED] - if (!(myStatus) && inList || myStatus && !(inList)): null

27-02-2025T17:41:55 - [TEST_STEP][PASSED] - myValue = element.getAttribute("value"): null

27-02-2025T17:41:55 - [TEST_STEP][PASSED] - if (debug): null

27-02-2025T17:41:55 - [TEST_STEP][PASSED] - if (myValue.length() >= 4): null

27-02-2025T17:41:55 - [TEST_STEP][PASSED] - if (myValue.substring(0, 4) == "(!) "): null

27-02-2025T17:41:55 - [TEST_STEP][PASSED] - myType = element.getAttribute("type"): null

27-02-2025T17:41:55 - [TEST_STEP][PASSED] - if (myValue in varParms[i]): null

27-02-2025T17:41:55 - [TEST_STEP][PASSED] - else: null

27-02-2025T17:41:55 - [TEST_STEP][PASSED] - inList = false: null

27-02-2025T17:41:55 - [TEST_STEP][PASSED] - if (myType == "checkbox"): null

27-02-2025T17:41:55 - [TEST_STEP][PASSED] - myStatus = element.isSelected(): null

27-02-2025T17:41:55 - [TEST_STEP][PASSED] - if (debug): null

27-02-2025T17:41:55 - [TEST_STEP][PASSED] - if (toggle && myStatus && inList): null

27-02-2025T17:41:55 - [TEST_STEP][PASSED] - if (!(myStatus) && inList || myStatus && !(inList)): null

27-02-2025T17:41:55 - [TEST_STEP][PASSED] - myValue = element.getAttribute("value"): null

27-02-2025T17:41:55 - [TEST_STEP][PASSED] - if (debug): null

27-02-2025T17:41:55 - [TEST_STEP][PASSED] - if (myValue.length() >= 4): null

27-02-2025T17:41:55 - [TEST_STEP][PASSED] - if (myValue.substring(0, 4) == "(!) "): null

27-02-2025T17:41:55 - [TEST_STEP][PASSED] - myType = element.getAttribute("type"): null

27-02-2025T17:41:55 - [TEST_STEP][PASSED] - if (myValue in varParms[i]): null

27-02-2025T17:41:55 - [TEST_STEP][PASSED] - else: null

27-02-2025T17:41:55 - [TEST_STEP][PASSED] - inList = false: null

27-02-2025T17:41:55 - [TEST_STEP][PASSED] - if (myType == "checkbox"): null

27-02-2025T17:41:55 - [TEST_STEP][PASSED] - myStatus = element.isSelected(): null

27-02-2025T17:41:55 - [TEST_STEP][PASSED] - if (debug): null

27-02-2025T17:41:55 - [TEST_STEP][PASSED] - if (toggle && myStatus && inList): null

27-02-2025T17:41:55 - [TEST_STEP][PASSED] - if (!(myStatus) && inList || myStatus && !(inList)): null

27-02-2025T17:41:55 - [TEST_STEP][PASSED] - myValue = element.getAttribute("value"): null

27-02-2025T17:41:55 - [TEST_STEP][PASSED] - if (debug): null

27-02-2025T17:41:55 - [TEST_STEP][PASSED] - if (myValue.length() >= 4): null

27-02-2025T17:41:55 - [TEST_STEP][PASSED] - if (myValue.substring(0, 4) == "(!) "): null

27-02-2025T17:41:55 - [TEST_STEP][PASSED] - myType = element.getAttribute("type"): null

27-02-2025T17:41:55 - [TEST_STEP][PASSED] - if (myValue in varParms[i]): null

27-02-2025T17:41:55 - [TEST_STEP][PASSED] - else: null

27-02-2025T17:41:55 - [TEST_STEP][PASSED] - inList = false: null

27-02-2025T17:41:55 - [TEST_STEP][PASSED] - if (myType == "checkbox"): null

27-02-2025T17:41:55 - [TEST_STEP][PASSED] - myStatus = element.isSelected(): null

27-02-2025T17:41:55 - [TEST_STEP][PASSED] - if (debug): null

27-02-2025T17:41:55 - [TEST_STEP][PASSED] - if (toggle && myStatus && inList): null

27-02-2025T17:41:55 - [TEST_STEP][PASSED] - if (!(myStatus) && inList || myStatus && !(inList)): null

27-02-2025T17:41:55 - [TEST_STEP][PASSED] - myValue = element.getAttribute("value"): null

27-02-2025T17:41:55 - [TEST_STEP][PASSED] - if (debug): null

27-02-2025T17:41:55 - [TEST_STEP][PASSED] - if (myValue.length() >= 4): null

27-02-2025T17:41:55 - [TEST_STEP][PASSED] - if (myValue.substring(0, 4) == "(!) "): null

27-02-2025T17:41:55 - [TEST_STEP][PASSED] - myType = element.getAttribute("type"): null

27-02-2025T17:41:55 - [TEST_STEP][PASSED] - if (myValue in varParms[i]): null

27-02-2025T17:41:55 - [TEST_STEP][PASSED] - else: null

27-02-2025T17:41:55 - [TEST_STEP][PASSED] - inList = false: null

27-02-2025T17:41:55 - [TEST_STEP][PASSED] - if (myType == "checkbox"): null

27-02-2025T17:41:55 - [TEST_STEP][PASSED] - myStatus = element.isSelected(): null

27-02-2025T17:41:55 - [TEST_STEP][PASSED] - if (debug): null

27-02-2025T17:41:55 - [TEST_STEP][PASSED] - if (toggle && myStatus && inList): null

27-02-2025T17:41:55 - [TEST_STEP][PASSED] - if (!(myStatus) && inList || myStatus && !(inList)): null

27-02-2025T17:41:55 - [TEST_STEP][PASSED] - myValue = element.getAttribute("value"): null

27-02-2025T17:41:55 - [TEST_STEP][PASSED] - if (debug): null

27-02-2025T17:41:55 - [TEST_STEP][PASSED] - if (myValue.length() >= 4): null

27-02-2025T17:41:55 - [TEST_STEP][PASSED] - if (myValue.substring(0, 4) == "(!) "): null

27-02-2025T17:41:55 - [TEST_STEP][PASSED] - myType = element.getAttribute("type"): null

27-02-2025T17:41:55 - [TEST_STEP][PASSED] - if (myValue in varParms[i]): null

27-02-2025T17:41:55 - [TEST_STEP][PASSED] - else: null

27-02-2025T17:41:55 - [TEST_STEP][PASSED] - inList = false: null

27-02-2025T17:41:55 - [TEST_STEP][PASSED] - if (myType == "checkbox"): null

27-02-2025T17:41:55 - [TEST_STEP][PASSED] - myStatus = element.isSelected(): null

27-02-2025T17:41:55 - [TEST_STEP][PASSED] - if (debug): null

27-02-2025T17:41:55 - [TEST_STEP][PASSED] - if (toggle && myStatus && inList): null

27-02-2025T17:41:55 - [TEST_STEP][PASSED] - if (!(myStatus) && inList || myStatus && !(inList)): null

27-02-2025T17:41:55 - [TEST_STEP][PASSED] - myValue = element.getAttribute("value"): null

27-02-2025T17:41:55 - [TEST_STEP][PASSED] - if (debug): null

27-02-2025T17:41:55 - [TEST_STEP][PASSED] - if (myValue.length() >= 4): null

27-02-2025T17:41:55 - [TEST_STEP][PASSED] - if (myValue.substring(0, 4) == "(!) "): null

27-02-2025T17:41:55 - [TEST_STEP][PASSED] - myType = element.getAttribute("type"): null

27-02-2025T17:41:55 - [TEST_STEP][PASSED] - if (myValue in varParms[i]): null

27-02-2025T17:41:55 - [TEST_STEP][PASSED] - else: null

27-02-2025T17:41:55 - [TEST_STEP][PASSED] - inList = false: null

27-02-2025T17:41:55 - [TEST_STEP][PASSED] - if (myType == "checkbox"): null

27-02-2025T17:41:55 - [TEST_STEP][PASSED] - myStatus = element.isSelected(): null

27-02-2025T17:41:55 - [TEST_STEP][PASSED] - if (debug): null

27-02-2025T17:41:55 - [TEST_STEP][PASSED] - if (toggle && myStatus && inList): null

27-02-2025T17:41:55 - [TEST_STEP][PASSED] - if (!(myStatus) && inList || myStatus && !(inList)): null

27-02-2025T17:41:55 - [TEST_STEP][PASSED] - myValue = element.getAttribute("value"): null

27-02-2025T17:41:55 - [TEST_STEP][PASSED] - if (debug): null

27-02-2025T17:41:55 - [TEST_STEP][PASSED] - if (myValue.length() >= 4): null

27-02-2025T17:41:55 - [TEST_STEP][PASSED] - if (myValue.substring(0, 4) == "(!) "): null

27-02-2025T17:41:55 - [TEST_STEP][PASSED] - myType = element.getAttribute("type"): null

27-02-2025T17:41:55 - [TEST_STEP][PASSED] - if (myValue in varParms[i]): null

27-02-2025T17:41:55 - [TEST_STEP][PASSED] - inList = true: null

27-02-2025T17:41:55 - [TEST_STEP][PASSED] - if (myType == "checkbox"): null

27-02-2025T17:41:55 - [TEST_STEP][PASSED] - myStatus = element.isSelected(): null

27-02-2025T17:41:55 - [TEST_STEP][PASSED] - if (debug): null

27-02-2025T17:41:55 - [TEST_STEP][PASSED] - if (toggle && myStatus && inList): null

27-02-2025T17:41:55 - [TEST_STEP][PASSED] - if (!(myStatus) && inList || myStatus && !(inList)): null

27-02-2025T17:41:55 - [TEST_STEP][PASSED] - if (debug): null

27-02-2025T17:41:55 - [TEST_STEP][PASSED] - println("Clicking " + myValue): null

27-02-2025T17:41:55 - [TEST_STEP][PASSED] - click(element): null

27-02-2025T17:41:55 - [TEST_STEP][PASSED] - scrollToObject(elem): null

27-02-2025T17:41:55 - [TEST_STEP][PASSED] - loc = element.getLocation(): null

27-02-2025T17:41:55 - [TEST_STEP][PASSED] - if (debug): null

27-02-2025T17:41:55 - [TEST_STEP][PASSED] - y = loc.getY(): null

27-02-2025T17:41:55 - [TEST_STEP][PASSED] - println("Y location is " + y): null

27-02-2025T17:41:55 - [TEST_STEP][PASSED] - top = getViewportTopPosition(): Current viewport's top (y) position is 0

27-02-2025T17:41:55 - [MESSAGE][PASSED] - Current viewport's top (y) position is 0

27-02-2025T17:41:55 - [TEST_STEP][PASSED] - println("Viewport top is " + top): null

27-02-2025T17:41:55 - [TEST_STEP][PASSED] - bottom = top + 600: null

27-02-2025T17:41:55 - [TEST_STEP][PASSED] - if (y - top < 150 || bottom - y < 10): Delayed 1 second(s)

27-02-2025T17:41:55 - [TEST_STEP][PASSED] - scrollToPosition(0, y - 150): Browser is scrolled to position x = 0, y = 497

27-02-2025T17:41:55 - [MESSAGE][PASSED] - Browser is scrolled to position x = 0, y = 497

27-02-2025T17:41:55 - [TEST_STEP][PASSED] - delay(1): Delayed 1 second(s)

27-02-2025T17:41:56 - [MESSAGE][PASSED] - Delayed 1 second(s)

27-02-2025T17:41:56 - [TEST_STEP][PASSED] - elem.click(): null

27-02-2025T17:41:56 - [TEST_STEP][PASSED] - myValue = element.getAttribute("value"): null

27-02-2025T17:41:56 - [TEST_STEP][PASSED] - if (debug): null

27-02-2025T17:41:56 - [TEST_STEP][PASSED] - if (myValue.length() >= 4): null

27-02-2025T17:41:56 - [TEST_STEP][PASSED] - if (myValue.substring(0, 4) == "(!) "): null

27-02-2025T17:41:56 - [TEST_STEP][PASSED] - myType = element.getAttribute("type"): null

27-02-2025T17:41:56 - [TEST_STEP][PASSED] - if (myValue in varParms[i]): null

27-02-2025T17:41:56 - [TEST_STEP][PASSED] - else: null

27-02-2025T17:41:56 - [TEST_STEP][PASSED] - inList = false: null

27-02-2025T17:41:56 - [TEST_STEP][PASSED] - if (myType == "checkbox"): null

27-02-2025T17:41:56 - [TEST_STEP][PASSED] - myStatus = element.isSelected(): null

27-02-2025T17:41:56 - [TEST_STEP][PASSED] - if (debug): null

27-02-2025T17:41:56 - [TEST_STEP][PASSED] - if (toggle && myStatus && inList): null

27-02-2025T17:41:56 - [TEST_STEP][PASSED] - if (!(myStatus) && inList || myStatus && !(inList)): null

27-02-2025T17:41:56 - [TEST_STEP][PASSED] - myValue = element.getAttribute("value"): null

27-02-2025T17:41:56 - [TEST_STEP][PASSED] - if (debug): null

27-02-2025T17:41:56 - [TEST_STEP][PASSED] - if (myValue.length() >= 4): null

27-02-2025T17:41:56 - [TEST_STEP][PASSED] - if (myValue.substring(0, 4) == "(!) "): null

27-02-2025T17:41:56 - [TEST_STEP][PASSED] - myType = element.getAttribute("type"): null

27-02-2025T17:41:56 - [TEST_STEP][PASSED] - if (myValue in varParms[i]): null

27-02-2025T17:41:56 - [TEST_STEP][PASSED] - else: null

27-02-2025T17:41:56 - [TEST_STEP][PASSED] - inList = false: null

27-02-2025T17:41:56 - [TEST_STEP][PASSED] - if (myType == "checkbox"): null

27-02-2025T17:41:56 - [TEST_STEP][PASSED] - myStatus = element.isSelected(): null

27-02-2025T17:41:56 - [TEST_STEP][PASSED] - if (debug): null

27-02-2025T17:41:56 - [TEST_STEP][PASSED] - if (toggle && myStatus && inList): null

27-02-2025T17:41:56 - [TEST_STEP][PASSED] - if (!(myStatus) && inList || myStatus && !(inList)): null

27-02-2025T17:41:56 - [TEST_STEP][PASSED] - myValue = element.getAttribute("value"): null

27-02-2025T17:41:56 - [TEST_STEP][PASSED] - if (debug): null

27-02-2025T17:41:56 - [TEST_STEP][PASSED] - if (myValue.length() >= 4): null

27-02-2025T17:41:56 - [TEST_STEP][PASSED] - if (myValue.substring(0, 4) == "(!) "): null

27-02-2025T17:41:56 - [TEST_STEP][PASSED] - myType = element.getAttribute("type"): null

27-02-2025T17:41:56 - [TEST_STEP][PASSED] - if (myValue in varParms[i]): null

27-02-2025T17:41:56 - [TEST_STEP][PASSED] - else: null

27-02-2025T17:41:56 - [TEST_STEP][PASSED] - inList = false: null

27-02-2025T17:41:56 - [TEST_STEP][PASSED] - if (myType == "checkbox"): null

27-02-2025T17:41:56 - [TEST_STEP][PASSED] - myStatus = element.isSelected(): null

27-02-2025T17:41:56 - [TEST_STEP][PASSED] - if (debug): null

27-02-2025T17:41:56 - [TEST_STEP][PASSED] - if (toggle && myStatus && inList): null

27-02-2025T17:41:56 - [TEST_STEP][PASSED] - if (!(myStatus) && inList || myStatus && !(inList)): null

27-02-2025T17:41:56 - [TEST_STEP][PASSED] - myValue = element.getAttribute("value"): null

27-02-2025T17:41:56 - [TEST_STEP][PASSED] - if (debug): null

27-02-2025T17:41:56 - [TEST_STEP][PASSED] - if (myValue.length() >= 4): null

27-02-2025T17:41:56 - [TEST_STEP][PASSED] - if (myValue.substring(0, 4) == "(!) "): null

27-02-2025T17:41:56 - [TEST_STEP][PASSED] - myType = element.getAttribute("type"): null

27-02-2025T17:41:56 - [TEST_STEP][PASSED] - if (myValue in varParms[i]): null

27-02-2025T17:41:56 - [TEST_STEP][PASSED] - else: null

27-02-2025T17:41:56 - [TEST_STEP][PASSED] - inList = false: null

27-02-2025T17:41:56 - [TEST_STEP][PASSED] - if (myType == "checkbox"): null

27-02-2025T17:41:56 - [TEST_STEP][PASSED] - myStatus = element.isSelected(): null

27-02-2025T17:41:56 - [TEST_STEP][PASSED] - if (debug): null

27-02-2025T17:41:56 - [TEST_STEP][PASSED] - if (toggle && myStatus && inList): null

27-02-2025T17:41:56 - [TEST_STEP][PASSED] - if (!(myStatus) && inList || myStatus && !(inList)): null

27-02-2025T17:41:56 - [TEST_STEP][PASSED] - myValue = element.getAttribute("value"): null

27-02-2025T17:41:56 - [TEST_STEP][PASSED] - if (debug): null

27-02-2025T17:41:56 - [TEST_STEP][PASSED] - if (myValue.length() >= 4): null

27-02-2025T17:41:56 - [TEST_STEP][PASSED] - if (myValue.substring(0, 4) == "(!) "): null

27-02-2025T17:41:56 - [TEST_STEP][PASSED] - myType = element.getAttribute("type"): null

27-02-2025T17:41:56 - [TEST_STEP][PASSED] - if (myValue in varParms[i]): null

27-02-2025T17:41:56 - [TEST_STEP][PASSED] - else: null

27-02-2025T17:41:56 - [TEST_STEP][PASSED] - inList = false: null

27-02-2025T17:41:56 - [TEST_STEP][PASSED] - if (myType == "checkbox"): null

27-02-2025T17:41:56 - [TEST_STEP][PASSED] - myStatus = element.isSelected(): null

27-02-2025T17:41:56 - [TEST_STEP][PASSED] - if (debug): null

27-02-2025T17:41:56 - [TEST_STEP][PASSED] - if (toggle && myStatus && inList): null

27-02-2025T17:41:56 - [TEST_STEP][PASSED] - if (!(myStatus) && inList || myStatus && !(inList)): null

27-02-2025T17:41:56 - [TEST_STEP][PASSED] - myValue = element.getAttribute("value"): null

27-02-2025T17:41:56 - [TEST_STEP][PASSED] - if (debug): null

27-02-2025T17:41:56 - [TEST_STEP][PASSED] - if (myValue.length() >= 4): null

27-02-2025T17:41:56 - [TEST_STEP][PASSED] - if (myValue.substring(0, 4) == "(!) "): null

27-02-2025T17:41:56 - [TEST_STEP][PASSED] - myType = element.getAttribute("type"): null

27-02-2025T17:41:56 - [TEST_STEP][PASSED] - if (myValue in varParms[i]): null

27-02-2025T17:41:56 - [TEST_STEP][PASSED] - else: null

27-02-2025T17:41:56 - [TEST_STEP][PASSED] - inList = false: null

27-02-2025T17:41:56 - [TEST_STEP][PASSED] - if (myType == "checkbox"): null

27-02-2025T17:41:56 - [TEST_STEP][PASSED] - myStatus = element.isSelected(): null

27-02-2025T17:41:56 - [TEST_STEP][PASSED] - if (debug): null

27-02-2025T17:41:56 - [TEST_STEP][PASSED] - if (toggle && myStatus && inList): null

27-02-2025T17:41:56 - [TEST_STEP][PASSED] - if (!(myStatus) && inList || myStatus && !(inList)): null

27-02-2025T17:41:56 - [TEST_STEP][PASSED] - myValue = element.getAttribute("value"): null

27-02-2025T17:41:56 - [TEST_STEP][PASSED] - if (debug): null

27-02-2025T17:41:56 - [TEST_STEP][PASSED] - if (myValue.length() >= 4): null

27-02-2025T17:41:56 - [TEST_STEP][PASSED] - if (myValue.substring(0, 4) == "(!) "): null

27-02-2025T17:41:56 - [TEST_STEP][PASSED] - myType = element.getAttribute("type"): null

27-02-2025T17:41:56 - [TEST_STEP][PASSED] - if (myValue in varParms[i]): null

27-02-2025T17:41:56 - [TEST_STEP][PASSED] - else: null

27-02-2025T17:41:56 - [TEST_STEP][PASSED] - inList = false: null

27-02-2025T17:41:56 - [TEST_STEP][PASSED] - if (myType == "checkbox"): null

27-02-2025T17:41:56 - [TEST_STEP][PASSED] - myStatus = element.isSelected(): null

27-02-2025T17:41:56 - [TEST_STEP][PASSED] - if (debug): null

27-02-2025T17:41:56 - [TEST_STEP][PASSED] - if (toggle && myStatus && inList): null

27-02-2025T17:41:56 - [TEST_STEP][PASSED] - if (!(myStatus) && inList || myStatus && !(inList)): null

27-02-2025T17:41:56 - [TEST_STEP][PASSED] - myValue = element.getAttribute("value"): null

27-02-2025T17:41:56 - [TEST_STEP][PASSED] - if (debug): null

27-02-2025T17:41:56 - [TEST_STEP][PASSED] - if (myValue.length() >= 4): null

27-02-2025T17:41:56 - [TEST_STEP][PASSED] - if (myValue.substring(0, 4) == "(!) "): null

27-02-2025T17:41:56 - [TEST_STEP][PASSED] - myType = element.getAttribute("type"): null

27-02-2025T17:41:56 - [TEST_STEP][PASSED] - if (myValue in varParms[i]): null

27-02-2025T17:41:56 - [TEST_STEP][PASSED] - else: null

27-02-2025T17:41:56 - [TEST_STEP][PASSED] - inList = false: null

27-02-2025T17:41:56 - [TEST_STEP][PASSED] - if (myType == "checkbox"): null

27-02-2025T17:41:56 - [TEST_STEP][PASSED] - myStatus = element.isSelected(): null

27-02-2025T17:41:56 - [TEST_STEP][PASSED] - if (debug): null

27-02-2025T17:41:56 - [TEST_STEP][PASSED] - if (toggle && myStatus && inList): null

27-02-2025T17:41:56 - [TEST_STEP][PASSED] - if (!(myStatus) && inList || myStatus && !(inList)): null

27-02-2025T17:41:56 - [TEST_STEP][PASSED] - myValue = element.getAttribute("value"): null

27-02-2025T17:41:56 - [TEST_STEP][PASSED] - if (debug): null

27-02-2025T17:41:56 - [TEST_STEP][PASSED] - if (myValue.length() >= 4): null

27-02-2025T17:41:56 - [TEST_STEP][PASSED] - if (myValue.substring(0, 4) == "(!) "): null

27-02-2025T17:41:56 - [TEST_STEP][PASSED] - myType = element.getAttribute("type"): null

27-02-2025T17:41:56 - [TEST_STEP][PASSED] - if (myValue in varParms[i]): null

27-02-2025T17:41:56 - [TEST_STEP][PASSED] - else: null

27-02-2025T17:41:56 - [TEST_STEP][PASSED] - inList = false: null

27-02-2025T17:41:56 - [TEST_STEP][PASSED] - if (myType == "checkbox"): null

27-02-2025T17:41:56 - [TEST_STEP][PASSED] - myStatus = element.isSelected(): null

27-02-2025T17:41:56 - [TEST_STEP][PASSED] - if (debug): null

27-02-2025T17:41:56 - [TEST_STEP][PASSED] - if (toggle && myStatus && inList): null

27-02-2025T17:41:56 - [TEST_STEP][PASSED] - if (!(myStatus) && inList || myStatus && !(inList)): null

27-02-2025T17:41:56 - [TEST_STEP][PASSED] - myValue = element.getAttribute("value"): null

27-02-2025T17:41:56 - [TEST_STEP][PASSED] - if (debug): null

27-02-2025T17:41:56 - [TEST_STEP][PASSED] - if (myValue.length() >= 4): null

27-02-2025T17:41:56 - [TEST_STEP][PASSED] - if (myValue.substring(0, 4) == "(!) "): null

27-02-2025T17:41:56 - [TEST_STEP][PASSED] - myType = element.getAttribute("type"): null

27-02-2025T17:41:56 - [TEST_STEP][PASSED] - if (myValue in varParms[i]): null

27-02-2025T17:41:56 - [TEST_STEP][PASSED] - else: null

27-02-2025T17:41:56 - [TEST_STEP][PASSED] - inList = false: null

27-02-2025T17:41:56 - [TEST_STEP][PASSED] - if (myType == "checkbox"): null

27-02-2025T17:41:56 - [TEST_STEP][PASSED] - myStatus = element.isSelected(): null

27-02-2025T17:41:56 - [TEST_STEP][PASSED] - if (debug): null

27-02-2025T17:41:56 - [TEST_STEP][PASSED] - if (toggle && myStatus && inList): null

27-02-2025T17:41:56 - [TEST_STEP][PASSED] - if (!(myStatus) && inList || myStatus && !(inList)): null

27-02-2025T17:41:56 - [TEST_STEP][PASSED] - myValue = element.getAttribute("value"): null

27-02-2025T17:41:56 - [TEST_STEP][PASSED] - if (debug): null

27-02-2025T17:41:56 - [TEST_STEP][PASSED] - if (myValue.length() >= 4): null

27-02-2025T17:41:56 - [TEST_STEP][PASSED] - if (myValue.substring(0, 4) == "(!) "): null

27-02-2025T17:41:56 - [TEST_STEP][PASSED] - myType = element.getAttribute("type"): null

27-02-2025T17:41:56 - [TEST_STEP][PASSED] - if (myValue in varParms[i]): null

27-02-2025T17:41:56 - [TEST_STEP][PASSED] - inList = true: null

27-02-2025T17:41:56 - [TEST_STEP][PASSED] - if (myType == "checkbox"): null

27-02-2025T17:41:56 - [TEST_STEP][PASSED] - myStatus = element.isSelected(): null

27-02-2025T17:41:56 - [TEST_STEP][PASSED] - if (debug): null

27-02-2025T17:41:56 - [TEST_STEP][PASSED] - if (toggle && myStatus && inList): null

27-02-2025T17:41:56 - [TEST_STEP][PASSED] - if (!(myStatus) && inList || myStatus && !(inList)): null

27-02-2025T17:41:56 - [TEST_STEP][PASSED] - if (debug): null

27-02-2025T17:41:56 - [TEST_STEP][PASSED] - println("Clicking " + myValue): null

27-02-2025T17:41:56 - [TEST_STEP][PASSED] - click(element): null

27-02-2025T17:41:56 - [TEST_STEP][PASSED] - scrollToObject(elem): null

27-02-2025T17:41:56 - [TEST_STEP][PASSED] - loc = element.getLocation(): null

27-02-2025T17:41:56 - [TEST_STEP][PASSED] - if (debug): null

27-02-2025T17:41:56 - [TEST_STEP][PASSED] - y = loc.getY(): null

27-02-2025T17:41:56 - [TEST_STEP][PASSED] - println("Y location is " + y): null

27-02-2025T17:41:56 - [TEST_STEP][PASSED] - top = getViewportTopPosition(): Current viewport's top (y) position is 497

27-02-2025T17:41:56 - [MESSAGE][PASSED] - Current viewport's top (y) position is 497

27-02-2025T17:41:56 - [TEST_STEP][PASSED] - println("Viewport top is " + top): null

27-02-2025T17:41:56 - [TEST_STEP][PASSED] - bottom = top + 600: null

27-02-2025T17:41:56 - [TEST_STEP][PASSED] - if (y - top < 150 || bottom - y < 10): Delayed 1 second(s)

27-02-2025T17:41:56 - [TEST_STEP][PASSED] - scrollToPosition(0, y - 150): Browser is scrolled to position x = 0, y = 481

27-02-2025T17:41:56 - [MESSAGE][PASSED] - Browser is scrolled to position x = 0, y = 481

27-02-2025T17:41:56 - [TEST_STEP][PASSED] - delay(1): Delayed 1 second(s)

27-02-2025T17:41:57 - [MESSAGE][PASSED] - Delayed 1 second(s)

27-02-2025T17:41:57 - [TEST_STEP][PASSED] - elem.click(): null

27-02-2025T17:41:57 - [TEST_STEP][PASSED] - myValue = element.getAttribute("value"): null

27-02-2025T17:41:57 - [TEST_STEP][PASSED] - if (debug): null

27-02-2025T17:41:57 - [TEST_STEP][PASSED] - if (myValue.length() >= 4): null

27-02-2025T17:41:57 - [TEST_STEP][PASSED] - if (myValue.substring(0, 4) == "(!) "): null

27-02-2025T17:41:57 - [TEST_STEP][PASSED] - myType = element.getAttribute("type"): null

27-02-2025T17:41:57 - [TEST_STEP][PASSED] - if (myValue in varParms[i]): null

27-02-2025T17:41:57 - [TEST_STEP][PASSED] - else: null

27-02-2025T17:41:57 - [TEST_STEP][PASSED] - inList = false: null

27-02-2025T17:41:57 - [TEST_STEP][PASSED] - if (myType == "checkbox"): null

27-02-2025T17:41:57 - [TEST_STEP][PASSED] - myStatus = element.isSelected(): null

27-02-2025T17:41:57 - [TEST_STEP][PASSED] - if (debug): null

27-02-2025T17:41:57 - [TEST_STEP][PASSED] - if (toggle && myStatus && inList): null

27-02-2025T17:41:57 - [TEST_STEP][PASSED] - if (!(myStatus) && inList || myStatus && !(inList)): null

27-02-2025T17:41:57 - [TEST_STEP][PASSED] - myValue = element.getAttribute("value"): null

27-02-2025T17:41:57 - [TEST_STEP][PASSED] - if (debug): null

27-02-2025T17:41:57 - [TEST_STEP][PASSED] - if (myValue.length() >= 4): null

27-02-2025T17:41:57 - [TEST_STEP][PASSED] - if (myValue.substring(0, 4) == "(!) "): null

27-02-2025T17:41:57 - [TEST_STEP][PASSED] - myType = element.getAttribute("type"): null

27-02-2025T17:41:57 - [TEST_STEP][PASSED] - if (myValue in varParms[i]): null

27-02-2025T17:41:57 - [TEST_STEP][PASSED] - else: null

27-02-2025T17:41:57 - [TEST_STEP][PASSED] - inList = false: null

27-02-2025T17:41:57 - [TEST_STEP][PASSED] - if (myType == "checkbox"): null

27-02-2025T17:41:57 - [TEST_STEP][PASSED] - myStatus = element.isSelected(): null

27-02-2025T17:41:57 - [TEST_STEP][PASSED] - if (debug): null

27-02-2025T17:41:57 - [TEST_STEP][PASSED] - if (toggle && myStatus && inList): null

27-02-2025T17:41:57 - [TEST_STEP][PASSED] - if (!(myStatus) && inList || myStatus && !(inList)): null

27-02-2025T17:41:57 - [TEST_STEP][PASSED] - myValue = element.getAttribute("value"): null

27-02-2025T17:41:57 - [TEST_STEP][PASSED] - if (debug): null

27-02-2025T17:41:57 - [TEST_STEP][PASSED] - if (myValue.length() >= 4): null

27-02-2025T17:41:57 - [TEST_STEP][PASSED] - if (myValue.substring(0, 4) == "(!) "): null

27-02-2025T17:41:57 - [TEST_STEP][PASSED] - myType = element.getAttribute("type"): null

27-02-2025T17:41:57 - [TEST_STEP][PASSED] - if (myValue in varParms[i]): null

27-02-2025T17:41:57 - [TEST_STEP][PASSED] - else: null

27-02-2025T17:41:57 - [TEST_STEP][PASSED] - inList = false: null

27-02-2025T17:41:57 - [TEST_STEP][PASSED] - if (myType == "checkbox"): null

27-02-2025T17:41:57 - [TEST_STEP][PASSED] - myStatus = element.isSelected(): null

27-02-2025T17:41:57 - [TEST_STEP][PASSED] - if (debug): null

27-02-2025T17:41:57 - [TEST_STEP][PASSED] - if (toggle && myStatus && inList): null

27-02-2025T17:41:57 - [TEST_STEP][PASSED] - if (!(myStatus) && inList || myStatus && !(inList)): null

27-02-2025T17:41:57 - [TEST_STEP][PASSED] - myValue = element.getAttribute("value"): null

27-02-2025T17:41:57 - [TEST_STEP][PASSED] - if (debug): null

27-02-2025T17:41:57 - [TEST_STEP][PASSED] - if (myValue.length() >= 4): null

27-02-2025T17:41:57 - [TEST_STEP][PASSED] - if (myValue.substring(0, 4) == "(!) "): null

27-02-2025T17:41:57 - [TEST_STEP][PASSED] - myType = element.getAttribute("type"): null

27-02-2025T17:41:57 - [TEST_STEP][PASSED] - if (myValue in varParms[i]): null

27-02-2025T17:41:57 - [TEST_STEP][PASSED] - else: null

27-02-2025T17:41:57 - [TEST_STEP][PASSED] - inList = false: null

27-02-2025T17:41:57 - [TEST_STEP][PASSED] - if (myType == "checkbox"): null

27-02-2025T17:41:57 - [TEST_STEP][PASSED] - myStatus = element.isSelected(): null

27-02-2025T17:41:57 - [TEST_STEP][PASSED] - if (debug): null

27-02-2025T17:41:57 - [TEST_STEP][PASSED] - if (toggle && myStatus && inList): null

27-02-2025T17:41:57 - [TEST_STEP][PASSED] - if (!(myStatus) && inList || myStatus && !(inList)): null

27-02-2025T17:41:57 - [TEST_STEP][PASSED] - myValue = element.getAttribute("value"): null

27-02-2025T17:41:57 - [TEST_STEP][PASSED] - if (debug): null

27-02-2025T17:41:57 - [TEST_STEP][PASSED] - if (myValue.length() >= 4): null

27-02-2025T17:41:57 - [TEST_STEP][PASSED] - if (myValue.substring(0, 4) == "(!) "): null

27-02-2025T17:41:57 - [TEST_STEP][PASSED] - myType = element.getAttribute("type"): null

27-02-2025T17:41:57 - [TEST_STEP][PASSED] - if (myValue in varParms[i]): null

27-02-2025T17:41:57 - [TEST_STEP][PASSED] - else: null

27-02-2025T17:41:57 - [TEST_STEP][PASSED] - inList = false: null

27-02-2025T17:41:57 - [TEST_STEP][PASSED] - if (myType == "checkbox"): null

27-02-2025T17:41:57 - [TEST_STEP][PASSED] - myStatus = element.isSelected(): null

27-02-2025T17:41:57 - [TEST_STEP][PASSED] - if (debug): null

27-02-2025T17:41:57 - [TEST_STEP][PASSED] - if (toggle && myStatus && inList): null

27-02-2025T17:41:57 - [TEST_STEP][PASSED] - if (!(myStatus) && inList || myStatus && !(inList)): null

27-02-2025T17:41:57 - [TEST_STEP][PASSED] - myValue = element.getAttribute("value"): null

27-02-2025T17:41:57 - [TEST_STEP][PASSED] - if (debug): null

27-02-2025T17:41:57 - [TEST_STEP][PASSED] - if (myValue.length() >= 4): null

27-02-2025T17:41:57 - [TEST_STEP][PASSED] - if (myValue.substring(0, 4) == "(!) "): null

27-02-2025T17:41:57 - [TEST_STEP][PASSED] - myType = element.getAttribute("type"): null

27-02-2025T17:41:57 - [TEST_STEP][PASSED] - if (myValue in varParms[i]): null

27-02-2025T17:41:57 - [TEST_STEP][PASSED] - else: null

27-02-2025T17:41:57 - [TEST_STEP][PASSED] - inList = false: null

27-02-2025T17:41:57 - [TEST_STEP][PASSED] - if (myType == "checkbox"): null

27-02-2025T17:41:57 - [TEST_STEP][PASSED] - myStatus = element.isSelected(): null

27-02-2025T17:41:57 - [TEST_STEP][PASSED] - if (debug): null

27-02-2025T17:41:57 - [TEST_STEP][PASSED] - if (toggle && myStatus && inList): null

27-02-2025T17:41:57 - [TEST_STEP][PASSED] - if (!(myStatus) && inList || myStatus && !(inList)): null

27-02-2025T17:41:57 - [TEST_STEP][PASSED] - myValue = element.getAttribute("value"): null

27-02-2025T17:41:57 - [TEST_STEP][PASSED] - if (debug): null

27-02-2025T17:41:57 - [TEST_STEP][PASSED] - if (myValue.length() >= 4): null

27-02-2025T17:41:57 - [TEST_STEP][PASSED] - if (myValue.substring(0, 4) == "(!) "): null

27-02-2025T17:41:57 - [TEST_STEP][PASSED] - myType = element.getAttribute("type"): null

27-02-2025T17:41:57 - [TEST_STEP][PASSED] - if (myValue in varParms[i]): null

27-02-2025T17:41:57 - [TEST_STEP][PASSED] - else: null

27-02-2025T17:41:57 - [TEST_STEP][PASSED] - inList = false: null

27-02-2025T17:41:57 - [TEST_STEP][PASSED] - if (myType == "checkbox"): null

27-02-2025T17:41:57 - [TEST_STEP][PASSED] - myStatus = element.isSelected(): null

27-02-2025T17:41:57 - [TEST_STEP][PASSED] - if (debug): null

27-02-2025T17:41:57 - [TEST_STEP][PASSED] - if (toggle && myStatus && inList): null

27-02-2025T17:41:57 - [TEST_STEP][PASSED] - if (!(myStatus) && inList || myStatus && !(inList)): null

27-02-2025T17:41:57 - [TEST_STEP][PASSED] - myValue = element.getAttribute("value"): null

27-02-2025T17:41:57 - [TEST_STEP][PASSED] - if (debug): null

27-02-2025T17:41:57 - [TEST_STEP][PASSED] - if (myValue.length() >= 4): null

27-02-2025T17:41:57 - [TEST_STEP][PASSED] - if (myValue.substring(0, 4) == "(!) "): null

27-02-2025T17:41:57 - [TEST_STEP][PASSED] - myType = element.getAttribute("type"): null

27-02-2025T17:41:57 - [TEST_STEP][PASSED] - if (myValue in varParms[i]): null

27-02-2025T17:41:57 - [TEST_STEP][PASSED] - else: null

27-02-2025T17:41:57 - [TEST_STEP][PASSED] - inList = false: null

27-02-2025T17:41:57 - [TEST_STEP][PASSED] - if (myType == "checkbox"): null

27-02-2025T17:41:57 - [TEST_STEP][PASSED] - myStatus = element.isSelected(): null

27-02-2025T17:41:57 - [TEST_STEP][PASSED] - if (debug): null

27-02-2025T17:41:57 - [TEST_STEP][PASSED] - if (toggle && myStatus && inList): null

27-02-2025T17:41:57 - [TEST_STEP][PASSED] - if (!(myStatus) && inList || myStatus && !(inList)): null

27-02-2025T17:41:57 - [TEST_STEP][PASSED] - myValue = element.getAttribute("value"): null

27-02-2025T17:41:57 - [TEST_STEP][PASSED] - if (debug): null

27-02-2025T17:41:57 - [TEST_STEP][PASSED] - if (myValue.length() >= 4): null

27-02-2025T17:41:57 - [TEST_STEP][PASSED] - if (myValue.substring(0, 4) == "(!) "): null

27-02-2025T17:41:57 - [TEST_STEP][PASSED] - myType = element.getAttribute("type"): null

27-02-2025T17:41:57 - [TEST_STEP][PASSED] - if (myValue in varParms[i]): null

27-02-2025T17:41:57 - [TEST_STEP][PASSED] - else: null

27-02-2025T17:41:57 - [TEST_STEP][PASSED] - inList = false: null

27-02-2025T17:41:57 - [TEST_STEP][PASSED] - if (myType == "checkbox"): null

27-02-2025T17:41:57 - [TEST_STEP][PASSED] - myStatus = element.isSelected(): null

27-02-2025T17:41:57 - [TEST_STEP][PASSED] - if (debug): null

27-02-2025T17:41:57 - [TEST_STEP][PASSED] - if (toggle && myStatus && inList): null

27-02-2025T17:41:57 - [TEST_STEP][PASSED] - if (!(myStatus) && inList || myStatus && !(inList)): null

27-02-2025T17:41:57 - [TEST_STEP][PASSED] - myValue = element.getAttribute("value"): null

27-02-2025T17:41:57 - [TEST_STEP][PASSED] - if (debug): null

27-02-2025T17:41:57 - [TEST_STEP][PASSED] - if (myValue.length() >= 4): null

27-02-2025T17:41:57 - [TEST_STEP][PASSED] - if (myValue.substring(0, 4) == "(!) "): null

27-02-2025T17:41:57 - [TEST_STEP][PASSED] - myType = element.getAttribute("type"): null

27-02-2025T17:41:57 - [TEST_STEP][PASSED] - if (myValue in varParms[i]): null

27-02-2025T17:41:57 - [TEST_STEP][PASSED] - else: null

27-02-2025T17:41:57 - [TEST_STEP][PASSED] - inList = false: null

27-02-2025T17:41:57 - [TEST_STEP][PASSED] - if (myType == "checkbox"): null

27-02-2025T17:41:57 - [TEST_STEP][PASSED] - myStatus = element.isSelected(): null

27-02-2025T17:41:57 - [TEST_STEP][PASSED] - if (debug): null

27-02-2025T17:41:57 - [TEST_STEP][PASSED] - if (toggle && myStatus && inList): null

27-02-2025T17:41:57 - [TEST_STEP][PASSED] - if (!(myStatus) && inList || myStatus && !(inList)): null

27-02-2025T17:41:57 - [TEST_STEP][PASSED] - myValue = element.getAttribute("value"): null

27-02-2025T17:41:57 - [TEST_STEP][PASSED] - if (debug): null

27-02-2025T17:41:57 - [TEST_STEP][PASSED] - if (myValue.length() >= 4): null

27-02-2025T17:41:57 - [TEST_STEP][PASSED] - if (myValue.substring(0, 4) == "(!) "): null

27-02-2025T17:41:57 - [TEST_STEP][PASSED] - myType = element.getAttribute("type"): null

27-02-2025T17:41:57 - [TEST_STEP][PASSED] - if (myValue in varParms[i]): null

27-02-2025T17:41:57 - [TEST_STEP][PASSED] - else: null

27-02-2025T17:41:57 - [TEST_STEP][PASSED] - inList = false: null

27-02-2025T17:41:57 - [TEST_STEP][PASSED] - if (myType == "checkbox"): null

27-02-2025T17:41:57 - [TEST_STEP][PASSED] - myStatus = element.isSelected(): null

27-02-2025T17:41:57 - [TEST_STEP][PASSED] - if (debug): null

27-02-2025T17:41:57 - [TEST_STEP][PASSED] - if (toggle && myStatus && inList): null

27-02-2025T17:41:57 - [TEST_STEP][PASSED] - if (!(myStatus) && inList || myStatus && !(inList)): null

27-02-2025T17:41:57 - [TEST_STEP][PASSED] - myValue = element.getAttribute("value"): null

27-02-2025T17:41:57 - [TEST_STEP][PASSED] - if (debug): null

27-02-2025T17:41:57 - [TEST_STEP][PASSED] - if (myValue.length() >= 4): null

27-02-2025T17:41:57 - [TEST_STEP][PASSED] - if (myValue.substring(0, 4) == "(!) "): null

27-02-2025T17:41:57 - [TEST_STEP][PASSED] - myType = element.getAttribute("type"): null

27-02-2025T17:41:57 - [TEST_STEP][PASSED] - if (myValue in varParms[i]): null

27-02-2025T17:41:57 - [TEST_STEP][PASSED] - else: null

27-02-2025T17:41:57 - [TEST_STEP][PASSED] - inList = false: null

27-02-2025T17:41:57 - [TEST_STEP][PASSED] - if (myType == "checkbox"): null

27-02-2025T17:41:57 - [TEST_STEP][PASSED] - myStatus = element.isSelected(): null

27-02-2025T17:41:57 - [TEST_STEP][PASSED] - if (debug): null

27-02-2025T17:41:57 - [TEST_STEP][PASSED] - if (toggle && myStatus && inList): null

27-02-2025T17:41:57 - [TEST_STEP][PASSED] - if (!(myStatus) && inList || myStatus && !(inList)): null

27-02-2025T17:41:57 - [TEST_STEP][PASSED] - myValue = element.getAttribute("value"): null

27-02-2025T17:41:57 - [TEST_STEP][PASSED] - if (debug): null

27-02-2025T17:41:57 - [TEST_STEP][PASSED] - if (myValue.length() >= 4): null

27-02-2025T17:41:57 - [TEST_STEP][PASSED] - if (myValue.substring(0, 4) == "(!) "): null

27-02-2025T17:41:57 - [TEST_STEP][PASSED] - myType = element.getAttribute("type"): null

27-02-2025T17:41:57 - [TEST_STEP][PASSED] - if (myValue in varParms[i]): null

27-02-2025T17:41:57 - [TEST_STEP][PASSED] - else: null

27-02-2025T17:41:57 - [TEST_STEP][PASSED] - inList = false: null

27-02-2025T17:41:57 - [TEST_STEP][PASSED] - if (myType == "checkbox"): null

27-02-2025T17:41:57 - [TEST_STEP][PASSED] - myStatus = element.isSelected(): null

27-02-2025T17:41:57 - [TEST_STEP][PASSED] - if (debug): null

27-02-2025T17:41:57 - [TEST_STEP][PASSED] - if (toggle && myStatus && inList): null

27-02-2025T17:41:57 - [TEST_STEP][PASSED] - if (!(myStatus) && inList || myStatus && !(inList)): null

27-02-2025T17:41:57 - [TEST_STEP][PASSED] - myValue = element.getAttribute("value"): null

27-02-2025T17:41:57 - [TEST_STEP][PASSED] - if (debug): null

27-02-2025T17:41:57 - [TEST_STEP][PASSED] - if (myValue.length() >= 4): null

27-02-2025T17:41:57 - [TEST_STEP][PASSED] - if (myValue.substring(0, 4) == "(!) "): null

27-02-2025T17:41:57 - [TEST_STEP][PASSED] - myType = element.getAttribute("type"): null

27-02-2025T17:41:57 - [TEST_STEP][PASSED] - if (myValue in varParms[i]): null

27-02-2025T17:41:57 - [TEST_STEP][PASSED] - else: null

27-02-2025T17:41:57 - [TEST_STEP][PASSED] - inList = false: null

27-02-2025T17:41:57 - [TEST_STEP][PASSED] - if (myType == "checkbox"): null

27-02-2025T17:41:57 - [TEST_STEP][PASSED] - myStatus = element.isSelected(): null

27-02-2025T17:41:57 - [TEST_STEP][PASSED] - if (debug): null

27-02-2025T17:41:57 - [TEST_STEP][PASSED] - if (toggle && myStatus && inList): null

27-02-2025T17:41:57 - [TEST_STEP][PASSED] - if (!(myStatus) && inList || myStatus && !(inList)): null

27-02-2025T17:41:57 - [TEST_STEP][PASSED] - myValue = element.getAttribute("value"): null

27-02-2025T17:41:57 - [TEST_STEP][PASSED] - if (debug): null

27-02-2025T17:41:57 - [TEST_STEP][PASSED] - if (myValue.length() >= 4): null

27-02-2025T17:41:57 - [TEST_STEP][PASSED] - if (myValue.substring(0, 4) == "(!) "): null

27-02-2025T17:41:57 - [TEST_STEP][PASSED] - myType = element.getAttribute("type"): null

27-02-2025T17:41:58 - [TEST_STEP][PASSED] - if (myValue in varParms[i]): null

27-02-2025T17:41:58 - [TEST_STEP][PASSED] - else: null

27-02-2025T17:41:58 - [TEST_STEP][PASSED] - inList = false: null

27-02-2025T17:41:58 - [TEST_STEP][PASSED] - if (myType == "checkbox"): null

27-02-2025T17:41:58 - [TEST_STEP][PASSED] - myStatus = element.isSelected(): null

27-02-2025T17:41:58 - [TEST_STEP][PASSED] - if (debug): null

27-02-2025T17:41:58 - [TEST_STEP][PASSED] - if (toggle && myStatus && inList): null

27-02-2025T17:41:58 - [TEST_STEP][PASSED] - if (!(myStatus) && inList || myStatus && !(inList)): null

27-02-2025T17:41:58 - [TEST_STEP][PASSED] - myValue = element.getAttribute("value"): null

27-02-2025T17:41:58 - [TEST_STEP][PASSED] - if (debug): null

27-02-2025T17:41:58 - [TEST_STEP][PASSED] - if (myValue.length() >= 4): null

27-02-2025T17:41:58 - [TEST_STEP][PASSED] - if (myValue.substring(0, 4) == "(!) "): null

27-02-2025T17:41:58 - [TEST_STEP][PASSED] - myType = element.getAttribute("type"): null

27-02-2025T17:41:58 - [TEST_STEP][PASSED] - if (myValue in varParms[i]): null

27-02-2025T17:41:58 - [TEST_STEP][PASSED] - else: null

27-02-2025T17:41:58 - [TEST_STEP][PASSED] - inList = false: null

27-02-2025T17:41:58 - [TEST_STEP][PASSED] - if (myType == "checkbox"): null

27-02-2025T17:41:58 - [TEST_STEP][PASSED] - myStatus = element.isSelected(): null

27-02-2025T17:41:58 - [TEST_STEP][PASSED] - if (debug): null

27-02-2025T17:41:58 - [TEST_STEP][PASSED] - if (toggle && myStatus && inList): null

27-02-2025T17:41:58 - [TEST_STEP][PASSED] - if (!(myStatus) && inList || myStatus && !(inList)): null

27-02-2025T17:41:58 - [TEST_STEP][PASSED] - myValue = element.getAttribute("value"): null

27-02-2025T17:41:58 - [TEST_STEP][PASSED] - if (debug): null

27-02-2025T17:41:58 - [TEST_STEP][PASSED] - if (myValue.length() >= 4): null

27-02-2025T17:41:58 - [TEST_STEP][PASSED] - if (myValue.substring(0, 4) == "(!) "): null

27-02-2025T17:41:58 - [TEST_STEP][PASSED] - myType = element.getAttribute("type"): null

27-02-2025T17:41:58 - [TEST_STEP][PASSED] - if (myValue in varParms[i]): null

27-02-2025T17:41:58 - [TEST_STEP][PASSED] - else: null

27-02-2025T17:41:58 - [TEST_STEP][PASSED] - inList = false: null

27-02-2025T17:41:58 - [TEST_STEP][PASSED] - if (myType == "checkbox"): null

27-02-2025T17:41:58 - [TEST_STEP][PASSED] - myStatus = element.isSelected(): null

27-02-2025T17:41:58 - [TEST_STEP][PASSED] - if (debug): null

27-02-2025T17:41:58 - [TEST_STEP][PASSED] - if (toggle && myStatus && inList): null

27-02-2025T17:41:58 - [TEST_STEP][PASSED] - if (!(myStatus) && inList || myStatus && !(inList)): null

27-02-2025T17:41:58 - [TEST_STEP][PASSED] - myValue = element.getAttribute("value"): null

27-02-2025T17:41:58 - [TEST_STEP][PASSED] - if (debug): null

27-02-2025T17:41:58 - [TEST_STEP][PASSED] - if (myValue.length() >= 4): null

27-02-2025T17:41:58 - [TEST_STEP][PASSED] - if (myValue.substring(0, 4) == "(!) "): null

27-02-2025T17:41:58 - [TEST_STEP][PASSED] - myType = element.getAttribute("type"): null

27-02-2025T17:41:58 - [TEST_STEP][PASSED] - if (myValue in varParms[i]): null

27-02-2025T17:41:58 - [TEST_STEP][PASSED] - else: null

27-02-2025T17:41:58 - [TEST_STEP][PASSED] - inList = false: null

27-02-2025T17:41:58 - [TEST_STEP][PASSED] - if (myType == "checkbox"): null

27-02-2025T17:41:58 - [TEST_STEP][PASSED] - myStatus = element.isSelected(): null

27-02-2025T17:41:58 - [TEST_STEP][PASSED] - if (debug): null

27-02-2025T17:41:58 - [TEST_STEP][PASSED] - if (toggle && myStatus && inList): null

27-02-2025T17:41:58 - [TEST_STEP][PASSED] - if (!(myStatus) && inList || myStatus && !(inList)): null

27-02-2025T17:41:58 - [TEST_STEP][PASSED] - myValue = element.getAttribute("value"): null

27-02-2025T17:41:58 - [TEST_STEP][PASSED] - if (debug): null

27-02-2025T17:41:58 - [TEST_STEP][PASSED] - if (myValue.length() >= 4): null

27-02-2025T17:41:58 - [TEST_STEP][PASSED] - if (myValue.substring(0, 4) == "(!) "): null

27-02-2025T17:41:58 - [TEST_STEP][PASSED] - myType = element.getAttribute("type"): null

27-02-2025T17:41:58 - [TEST_STEP][PASSED] - if (myValue in varParms[i]): null

27-02-2025T17:41:58 - [TEST_STEP][PASSED] - else: null

27-02-2025T17:41:58 - [TEST_STEP][PASSED] - inList = false: null

27-02-2025T17:41:58 - [TEST_STEP][PASSED] - if (myType == "checkbox"): null

27-02-2025T17:41:58 - [TEST_STEP][PASSED] - myStatus = element.isSelected(): null

27-02-2025T17:41:58 - [TEST_STEP][PASSED] - if (debug): null

27-02-2025T17:41:58 - [TEST_STEP][PASSED] - if (toggle && myStatus && inList): null

27-02-2025T17:41:58 - [TEST_STEP][PASSED] - if (!(myStatus) && inList || myStatus && !(inList)): null

27-02-2025T17:41:58 - [TEST_STEP][PASSED] - myValue = element.getAttribute("value"): null

27-02-2025T17:41:58 - [TEST_STEP][PASSED] - if (debug): null

27-02-2025T17:41:58 - [TEST_STEP][PASSED] - if (myValue.length() >= 4): null

27-02-2025T17:41:58 - [TEST_STEP][PASSED] - if (myValue.substring(0, 4) == "(!) "): null

27-02-2025T17:41:58 - [TEST_STEP][PASSED] - myType = element.getAttribute("type"): null

27-02-2025T17:41:58 - [TEST_STEP][PASSED] - if (myValue in varParms[i]): null

27-02-2025T17:41:58 - [TEST_STEP][PASSED] - else: null

27-02-2025T17:41:58 - [TEST_STEP][PASSED] - inList = false: null

27-02-2025T17:41:58 - [TEST_STEP][PASSED] - if (myType == "checkbox"): null

27-02-2025T17:41:58 - [TEST_STEP][PASSED] - myStatus = element.isSelected(): null

27-02-2025T17:41:58 - [TEST_STEP][PASSED] - if (debug): null

27-02-2025T17:41:58 - [TEST_STEP][PASSED] - if (toggle && myStatus && inList): null

27-02-2025T17:41:58 - [TEST_STEP][PASSED] - if (!(myStatus) && inList || myStatus && !(inList)): null

27-02-2025T17:41:58 - [TEST_STEP][PASSED] - myValue = element.getAttribute("value"): null

27-02-2025T17:41:58 - [TEST_STEP][PASSED] - if (debug): null

27-02-2025T17:41:58 - [TEST_STEP][PASSED] - if (myValue.length() >= 4): null

27-02-2025T17:41:58 - [TEST_STEP][PASSED] - if (myValue.substring(0, 4) == "(!) "): null

27-02-2025T17:41:58 - [TEST_STEP][PASSED] - myType = element.getAttribute("type"): null

27-02-2025T17:41:58 - [TEST_STEP][PASSED] - if (myValue in varParms[i]): null

27-02-2025T17:41:58 - [TEST_STEP][PASSED] - else: null

27-02-2025T17:41:58 - [TEST_STEP][PASSED] - inList = false: null

27-02-2025T17:41:58 - [TEST_STEP][PASSED] - if (myType == "checkbox"): null

27-02-2025T17:41:58 - [TEST_STEP][PASSED] - myStatus = element.isSelected(): null

27-02-2025T17:41:58 - [TEST_STEP][PASSED] - if (debug): null

27-02-2025T17:41:58 - [TEST_STEP][PASSED] - if (toggle && myStatus && inList): null

27-02-2025T17:41:58 - [TEST_STEP][PASSED] - if (!(myStatus) && inList || myStatus && !(inList)): null

27-02-2025T17:41:58 - [TEST_STEP][PASSED] - myValue = element.getAttribute("value"): null

27-02-2025T17:41:58 - [TEST_STEP][PASSED] - if (debug): null

27-02-2025T17:41:58 - [TEST_STEP][PASSED] - if (myValue.length() >= 4): null

27-02-2025T17:41:58 - [TEST_STEP][PASSED] - if (myValue.substring(0, 4) == "(!) "): null

27-02-2025T17:41:58 - [TEST_STEP][PASSED] - myType = element.getAttribute("type"): null

27-02-2025T17:41:58 - [TEST_STEP][PASSED] - if (myValue in varParms[i]): null

27-02-2025T17:41:58 - [TEST_STEP][PASSED] - else: null

27-02-2025T17:41:58 - [TEST_STEP][PASSED] - inList = false: null

27-02-2025T17:41:58 - [TEST_STEP][PASSED] - if (myType == "checkbox"): null

27-02-2025T17:41:58 - [TEST_STEP][PASSED] - myStatus = element.isSelected(): null

27-02-2025T17:41:58 - [TEST_STEP][PASSED] - if (debug): null

27-02-2025T17:41:58 - [TEST_STEP][PASSED] - if (toggle && myStatus && inList): null

27-02-2025T17:41:58 - [TEST_STEP][PASSED] - if (!(myStatus) && inList || myStatus && !(inList)): null

27-02-2025T17:41:58 - [TEST_STEP][PASSED] - myValue = element.getAttribute("value"): null

27-02-2025T17:41:58 - [TEST_STEP][PASSED] - if (debug): null

27-02-2025T17:41:58 - [TEST_STEP][PASSED] - if (myValue.length() >= 4): null

27-02-2025T17:41:58 - [TEST_STEP][PASSED] - if (myValue.substring(0, 4) == "(!) "): null

27-02-2025T17:41:58 - [TEST_STEP][PASSED] - myType = element.getAttribute("type"): null

27-02-2025T17:41:58 - [TEST_STEP][PASSED] - if (myValue in varParms[i]): null

27-02-2025T17:41:58 - [TEST_STEP][PASSED] - else: null

27-02-2025T17:41:58 - [TEST_STEP][PASSED] - inList = false: null

27-02-2025T17:41:58 - [TEST_STEP][PASSED] - if (myType == "checkbox"): null

27-02-2025T17:41:58 - [TEST_STEP][PASSED] - myStatus = element.isSelected(): null

27-02-2025T17:41:58 - [TEST_STEP][PASSED] - if (debug): null

27-02-2025T17:41:58 - [TEST_STEP][PASSED] - if (toggle && myStatus && inList): null

27-02-2025T17:41:58 - [TEST_STEP][PASSED] - if (!(myStatus) && inList || myStatus && !(inList)): null

27-02-2025T17:41:58 - [TEST_STEP][PASSED] - myValue = element.getAttribute("value"): null

27-02-2025T17:41:58 - [TEST_STEP][PASSED] - if (debug): null

27-02-2025T17:41:58 - [TEST_STEP][PASSED] - if (myValue.length() >= 4): null

27-02-2025T17:41:58 - [TEST_STEP][PASSED] - if (myValue.substring(0, 4) == "(!) "): null

27-02-2025T17:41:58 - [TEST_STEP][PASSED] - myType = element.getAttribute("type"): null

27-02-2025T17:41:58 - [TEST_STEP][PASSED] - if (myValue in varParms[i]): null

27-02-2025T17:41:58 - [TEST_STEP][PASSED] - inList = true: null

27-02-2025T17:41:58 - [TEST_STEP][PASSED] - if (myType == "checkbox"): null

27-02-2025T17:41:58 - [TEST_STEP][PASSED] - myStatus = element.isSelected(): null

27-02-2025T17:41:58 - [TEST_STEP][PASSED] - if (debug): null

27-02-2025T17:41:58 - [TEST_STEP][PASSED] - if (toggle && myStatus && inList): null

27-02-2025T17:41:58 - [TEST_STEP][PASSED] - if (!(myStatus) && inList || myStatus && !(inList)): null

27-02-2025T17:41:58 - [TEST_STEP][PASSED] - if (debug): null

27-02-2025T17:41:58 - [TEST_STEP][PASSED] - println("Clicking " + myValue): null

27-02-2025T17:41:58 - [TEST_STEP][PASSED] - click(element): null

27-02-2025T17:41:58 - [TEST_STEP][PASSED] - scrollToObject(elem): null

27-02-2025T17:41:58 - [TEST_STEP][PASSED] - loc = element.getLocation(): null

27-02-2025T17:41:58 - [TEST_STEP][PASSED] - if (debug): null

27-02-2025T17:41:58 - [TEST_STEP][PASSED] - y = loc.getY(): null

27-02-2025T17:41:58 - [TEST_STEP][PASSED] - println("Y location is " + y): null

27-02-2025T17:41:58 - [TEST_STEP][PASSED] - top = getViewportTopPosition(): Current viewport's top (y) position is 481

27-02-2025T17:41:58 - [MESSAGE][PASSED] - Current viewport's top (y) position is 481

27-02-2025T17:41:58 - [TEST_STEP][PASSED] - println("Viewport top is " + top): null

27-02-2025T17:41:58 - [TEST_STEP][PASSED] - bottom = top + 600: null

27-02-2025T17:41:58 - [TEST_STEP][PASSED] - if (y - top < 150 || bottom - y < 10): null

27-02-2025T17:41:58 - [TEST_STEP][PASSED] - elem.click(): null

27-02-2025T17:41:58 - [TEST_STEP][PASSED] - myValue = element.getAttribute("value"): null

27-02-2025T17:41:58 - [TEST_STEP][PASSED] - if (debug): null

27-02-2025T17:41:58 - [TEST_STEP][PASSED] - if (myValue.length() >= 4): null

27-02-2025T17:41:58 - [TEST_STEP][PASSED] - if (myValue.substring(0, 4) == "(!) "): null

27-02-2025T17:41:58 - [TEST_STEP][PASSED] - myType = element.getAttribute("type"): null

27-02-2025T17:41:58 - [TEST_STEP][PASSED] - if (myValue in varParms[i]): null

27-02-2025T17:41:58 - [TEST_STEP][PASSED] - else: null

27-02-2025T17:41:58 - [TEST_STEP][PASSED] - inList = false: null

27-02-2025T17:41:58 - [TEST_STEP][PASSED] - if (myType == "checkbox"): null

27-02-2025T17:41:58 - [TEST_STEP][PASSED] - myStatus = element.isSelected(): null

27-02-2025T17:41:58 - [TEST_STEP][PASSED] - if (debug): null

27-02-2025T17:41:58 - [TEST_STEP][PASSED] - if (toggle && myStatus && inList): null

27-02-2025T17:41:58 - [TEST_STEP][PASSED] - if (!(myStatus) && inList || myStatus && !(inList)): null

27-02-2025T17:41:58 - [TEST_STEP][PASSED] - myValue = element.getAttribute("value"): null

27-02-2025T17:41:58 - [TEST_STEP][PASSED] - if (debug): null

27-02-2025T17:41:58 - [TEST_STEP][PASSED] - if (myValue.length() >= 4): null

27-02-2025T17:41:58 - [TEST_STEP][PASSED] - if (myValue.substring(0, 4) == "(!) "): null

27-02-2025T17:41:58 - [TEST_STEP][PASSED] - myType = element.getAttribute("type"): null

27-02-2025T17:41:58 - [TEST_STEP][PASSED] - if (myValue in varParms[i]): null

27-02-2025T17:41:58 - [TEST_STEP][PASSED] - else: null

27-02-2025T17:41:58 - [TEST_STEP][PASSED] - inList = false: null

27-02-2025T17:41:58 - [TEST_STEP][PASSED] - if (myType == "checkbox"): null

27-02-2025T17:41:58 - [TEST_STEP][PASSED] - myStatus = element.isSelected(): null

27-02-2025T17:41:58 - [TEST_STEP][PASSED] - if (debug): null

27-02-2025T17:41:58 - [TEST_STEP][PASSED] - if (toggle && myStatus && inList): null

27-02-2025T17:41:58 - [TEST_STEP][PASSED] - if (!(myStatus) && inList || myStatus && !(inList)): null

27-02-2025T17:41:58 - [TEST_STEP][PASSED] - myValue = element.getAttribute("value"): null

27-02-2025T17:41:58 - [TEST_STEP][PASSED] - if (debug): null

27-02-2025T17:41:58 - [TEST_STEP][PASSED] - if (myValue.length() >= 4): null

27-02-2025T17:41:58 - [TEST_STEP][PASSED] - if (myValue.substring(0, 4) == "(!) "): null

27-02-2025T17:41:58 - [TEST_STEP][PASSED] - myType = element.getAttribute("type"): null

27-02-2025T17:41:58 - [TEST_STEP][PASSED] - if (myValue in varParms[i]): null

27-02-2025T17:41:58 - [TEST_STEP][PASSED] - else: null

27-02-2025T17:41:58 - [TEST_STEP][PASSED] - inList = false: null

27-02-2025T17:41:58 - [TEST_STEP][PASSED] - if (myType == "checkbox"): null

27-02-2025T17:41:58 - [TEST_STEP][PASSED] - myStatus = element.isSelected(): null

27-02-2025T17:41:58 - [TEST_STEP][PASSED] - if (debug): null

27-02-2025T17:41:58 - [TEST_STEP][PASSED] - if (toggle && myStatus && inList): null

27-02-2025T17:41:58 - [TEST_STEP][PASSED] - if (!(myStatus) && inList || myStatus && !(inList)): null

27-02-2025T17:41:58 - [TEST_STEP][PASSED] - myValue = element.getAttribute("value"): null

27-02-2025T17:41:58 - [TEST_STEP][PASSED] - if (debug): null

27-02-2025T17:41:58 - [TEST_STEP][PASSED] - if (myValue.length() >= 4): null

27-02-2025T17:41:58 - [TEST_STEP][PASSED] - if (myValue.substring(0, 4) == "(!) "): null

27-02-2025T17:41:58 - [TEST_STEP][PASSED] - myType = element.getAttribute("type"): null

27-02-2025T17:41:58 - [TEST_STEP][PASSED] - if (myValue in varParms[i]): null

27-02-2025T17:41:58 - [TEST_STEP][PASSED] - else: null

27-02-2025T17:41:58 - [TEST_STEP][PASSED] - inList = false: null

27-02-2025T17:41:58 - [TEST_STEP][PASSED] - if (myType == "checkbox"): null

27-02-2025T17:41:58 - [TEST_STEP][PASSED] - myStatus = element.isSelected(): null

27-02-2025T17:41:58 - [TEST_STEP][PASSED] - if (debug): null

27-02-2025T17:41:58 - [TEST_STEP][PASSED] - if (toggle && myStatus && inList): null

27-02-2025T17:41:58 - [TEST_STEP][PASSED] - if (!(myStatus) && inList || myStatus && !(inList)): null

27-02-2025T17:41:58 - [TEST_STEP][PASSED] - myValue = element.getAttribute("value"): null

27-02-2025T17:41:58 - [TEST_STEP][PASSED] - if (debug): null

27-02-2025T17:41:58 - [TEST_STEP][PASSED] - if (myValue.length() >= 4): null

27-02-2025T17:41:58 - [TEST_STEP][PASSED] - if (myValue.substring(0, 4) == "(!) "): null

27-02-2025T17:41:58 - [TEST_STEP][PASSED] - myType = element.getAttribute("type"): null

27-02-2025T17:41:58 - [TEST_STEP][PASSED] - if (myValue in varParms[i]): null

27-02-2025T17:41:58 - [TEST_STEP][PASSED] - else: null

27-02-2025T17:41:58 - [TEST_STEP][PASSED] - inList = false: null

27-02-2025T17:41:58 - [TEST_STEP][PASSED] - if (myType == "checkbox"): null

27-02-2025T17:41:58 - [TEST_STEP][PASSED] - myStatus = element.isSelected(): null

27-02-2025T17:41:58 - [TEST_STEP][PASSED] - if (debug): null

27-02-2025T17:41:58 - [TEST_STEP][PASSED] - if (toggle && myStatus && inList): null

27-02-2025T17:41:58 - [TEST_STEP][PASSED] - if (!(myStatus) && inList || myStatus && !(inList)): null

27-02-2025T17:41:58 - [TEST_STEP][PASSED] - myValue = element.getAttribute("value"): null

27-02-2025T17:41:58 - [TEST_STEP][PASSED] - if (debug): null

27-02-2025T17:41:58 - [TEST_STEP][PASSED] - if (myValue.length() >= 4): null

27-02-2025T17:41:58 - [TEST_STEP][PASSED] - if (myValue.substring(0, 4) == "(!) "): null

27-02-2025T17:41:58 - [TEST_STEP][PASSED] - myType = element.getAttribute("type"): null

27-02-2025T17:41:58 - [TEST_STEP][PASSED] - if (myValue in varParms[i]): null

27-02-2025T17:41:58 - [TEST_STEP][PASSED] - else: null

27-02-2025T17:41:58 - [TEST_STEP][PASSED] - inList = false: null

27-02-2025T17:41:58 - [TEST_STEP][PASSED] - if (myType == "checkbox"): null

27-02-2025T17:41:58 - [TEST_STEP][PASSED] - myStatus = element.isSelected(): null

27-02-2025T17:41:58 - [TEST_STEP][PASSED] - if (debug): null

27-02-2025T17:41:58 - [TEST_STEP][PASSED] - if (toggle && myStatus && inList): null

27-02-2025T17:41:58 - [TEST_STEP][PASSED] - if (!(myStatus) && inList || myStatus && !(inList)): null

27-02-2025T17:41:58 - [TEST_STEP][PASSED] - myValue = element.getAttribute("value"): null

27-02-2025T17:41:58 - [TEST_STEP][PASSED] - if (debug): null

27-02-2025T17:41:58 - [TEST_STEP][PASSED] - if (myValue.length() >= 4): null

27-02-2025T17:41:58 - [TEST_STEP][PASSED] - if (myValue.substring(0, 4) == "(!) "): null

27-02-2025T17:41:58 - [TEST_STEP][PASSED] - myType = element.getAttribute("type"): null

27-02-2025T17:41:58 - [TEST_STEP][PASSED] - if (myValue in varParms[i]): null

27-02-2025T17:41:58 - [TEST_STEP][PASSED] - else: null

27-02-2025T17:41:58 - [TEST_STEP][PASSED] - inList = false: null

27-02-2025T17:41:58 - [TEST_STEP][PASSED] - if (myType == "checkbox"): null

27-02-2025T17:41:58 - [TEST_STEP][PASSED] - myStatus = element.isSelected(): null

27-02-2025T17:41:58 - [TEST_STEP][PASSED] - if (debug): null

27-02-2025T17:41:58 - [TEST_STEP][PASSED] - if (toggle && myStatus && inList): null

27-02-2025T17:41:58 - [TEST_STEP][PASSED] - if (!(myStatus) && inList || myStatus && !(inList)): null

27-02-2025T17:41:58 - [TEST_STEP][PASSED] - myValue = element.getAttribute("value"): null

27-02-2025T17:41:58 - [TEST_STEP][PASSED] - if (debug): null

27-02-2025T17:41:58 - [TEST_STEP][PASSED] - if (myValue.length() >= 4): null

27-02-2025T17:41:58 - [TEST_STEP][PASSED] - if (myValue.substring(0, 4) == "(!) "): null

27-02-2025T17:41:58 - [TEST_STEP][PASSED] - myType = element.getAttribute("type"): null

27-02-2025T17:41:58 - [TEST_STEP][PASSED] - if (myValue in varParms[i]): null

27-02-2025T17:41:58 - [TEST_STEP][PASSED] - inList = true: null

27-02-2025T17:41:58 - [TEST_STEP][PASSED] - if (myType == "checkbox"): null

27-02-2025T17:41:58 - [TEST_STEP][PASSED] - myStatus = element.isSelected(): null

27-02-2025T17:41:58 - [TEST_STEP][PASSED] - if (debug): null

27-02-2025T17:41:58 - [TEST_STEP][PASSED] - if (toggle && myStatus && inList): null

27-02-2025T17:41:58 - [TEST_STEP][PASSED] - if (!(myStatus) && inList || myStatus && !(inList)): null

27-02-2025T17:41:58 - [TEST_STEP][PASSED] - if (debug): null

27-02-2025T17:41:58 - [TEST_STEP][PASSED] - println("Clicking " + myValue): null

27-02-2025T17:41:58 - [TEST_STEP][PASSED] - click(element): null

27-02-2025T17:41:58 - [TEST_STEP][PASSED] - scrollToObject(elem): null

27-02-2025T17:41:58 - [TEST_STEP][PASSED] - loc = element.getLocation(): null

27-02-2025T17:41:58 - [TEST_STEP][PASSED] - if (debug): null

27-02-2025T17:41:58 - [TEST_STEP][PASSED] - y = loc.getY(): null

27-02-2025T17:41:58 - [TEST_STEP][PASSED] - println("Y location is " + y): null

27-02-2025T17:41:58 - [TEST_STEP][PASSED] - top = getViewportTopPosition(): Current viewport's top (y) position is 481

27-02-2025T17:41:58 - [MESSAGE][PASSED] - Current viewport's top (y) position is 481

27-02-2025T17:41:58 - [TEST_STEP][PASSED] - println("Viewport top is " + top): null

27-02-2025T17:41:58 - [TEST_STEP][PASSED] - bottom = top + 600: null

27-02-2025T17:41:58 - [TEST_STEP][PASSED] - if (y - top < 150 || bottom - y < 10): null

27-02-2025T17:41:58 - [TEST_STEP][PASSED] - elem.click(): null

27-02-2025T17:41:58 - [TEST_STEP][PASSED] - myValue = element.getAttribute("value"): null

27-02-2025T17:41:58 - [TEST_STEP][PASSED] - if (debug): null

27-02-2025T17:41:58 - [TEST_STEP][PASSED] - if (myValue.length() >= 4): null

27-02-2025T17:41:58 - [TEST_STEP][PASSED] - if (myValue.substring(0, 4) == "(!) "): null

27-02-2025T17:41:58 - [TEST_STEP][PASSED] - myType = element.getAttribute("type"): null

27-02-2025T17:41:58 - [TEST_STEP][PASSED] - if (myValue in varParms[i]): null

27-02-2025T17:41:58 - [TEST_STEP][PASSED] - else: null

27-02-2025T17:41:58 - [TEST_STEP][PASSED] - inList = false: null

27-02-2025T17:41:58 - [TEST_STEP][PASSED] - if (myType == "checkbox"): null

27-02-2025T17:41:58 - [TEST_STEP][PASSED] - myStatus = element.isSelected(): null

27-02-2025T17:41:58 - [TEST_STEP][PASSED] - if (debug): null

27-02-2025T17:41:58 - [TEST_STEP][PASSED] - if (toggle && myStatus && inList): null

27-02-2025T17:41:58 - [TEST_STEP][PASSED] - if (!(myStatus) && inList || myStatus && !(inList)): null

27-02-2025T17:41:58 - [TEST_STEP][PASSED] - myValue = element.getAttribute("value"): null

27-02-2025T17:41:58 - [TEST_STEP][PASSED] - if (debug): null

27-02-2025T17:41:58 - [TEST_STEP][PASSED] - if (myValue.length() >= 4): null

27-02-2025T17:41:58 - [TEST_STEP][PASSED] - if (myValue.substring(0, 4) == "(!) "): null

27-02-2025T17:41:58 - [TEST_STEP][PASSED] - myType = element.getAttribute("type"): null

27-02-2025T17:41:58 - [TEST_STEP][PASSED] - if (myValue in varParms[i]): null

27-02-2025T17:41:58 - [TEST_STEP][PASSED] - else: null

27-02-2025T17:41:58 - [TEST_STEP][PASSED] - inList = false: null

27-02-2025T17:41:58 - [TEST_STEP][PASSED] - if (myType == "checkbox"): null

27-02-2025T17:41:58 - [TEST_STEP][PASSED] - myStatus = element.isSelected(): null

27-02-2025T17:41:58 - [TEST_STEP][PASSED] - if (debug): null

27-02-2025T17:41:58 - [TEST_STEP][PASSED] - if (toggle && myStatus && inList): null

27-02-2025T17:41:58 - [TEST_STEP][PASSED] - if (!(myStatus) && inList || myStatus && !(inList)): null

27-02-2025T17:41:58 - [TEST_STEP][PASSED] - myValue = element.getAttribute("value"): null

27-02-2025T17:41:58 - [TEST_STEP][PASSED] - if (debug): null

27-02-2025T17:41:58 - [TEST_STEP][PASSED] - if (myValue.length() >= 4): null

27-02-2025T17:41:58 - [TEST_STEP][PASSED] - if (myValue.substring(0, 4) == "(!) "): null

27-02-2025T17:41:58 - [TEST_STEP][PASSED] - myType = element.getAttribute("type"): null

27-02-2025T17:41:58 - [TEST_STEP][PASSED] - if (myValue in varParms[i]): null

27-02-2025T17:41:58 - [TEST_STEP][PASSED] - inList = true: null

27-02-2025T17:41:58 - [TEST_STEP][PASSED] - if (myType == "checkbox"): null

27-02-2025T17:41:58 - [TEST_STEP][PASSED] - myStatus = element.isSelected(): null

27-02-2025T17:41:58 - [TEST_STEP][PASSED] - if (debug): null

27-02-2025T17:41:58 - [TEST_STEP][PASSED] - if (toggle && myStatus && inList): null

27-02-2025T17:41:58 - [TEST_STEP][PASSED] - if (!(myStatus) && inList || myStatus && !(inList)): null

27-02-2025T17:41:58 - [TEST_STEP][PASSED] - if (debug): null

27-02-2025T17:41:58 - [TEST_STEP][PASSED] - println("Clicking " + myValue): null

27-02-2025T17:41:58 - [TEST_STEP][PASSED] - click(element): null

27-02-2025T17:41:58 - [TEST_STEP][PASSED] - scrollToObject(elem): null

27-02-2025T17:41:58 - [TEST_STEP][PASSED] - loc = element.getLocation(): null

27-02-2025T17:41:58 - [TEST_STEP][PASSED] - if (debug): null

27-02-2025T17:41:58 - [TEST_STEP][PASSED] - y = loc.getY(): null

27-02-2025T17:41:58 - [TEST_STEP][PASSED] - println("Y location is " + y): null

27-02-2025T17:41:58 - [TEST_STEP][PASSED] - top = getViewportTopPosition(): Current viewport's top (y) position is 481

27-02-2025T17:41:58 - [MESSAGE][PASSED] - Current viewport's top (y) position is 481

27-02-2025T17:41:58 - [TEST_STEP][PASSED] - println("Viewport top is " + top): null

27-02-2025T17:41:58 - [TEST_STEP][PASSED] - bottom = top + 600: null

27-02-2025T17:41:58 - [TEST_STEP][PASSED] - if (y - top < 150 || bottom - y < 10): null

27-02-2025T17:41:58 - [TEST_STEP][PASSED] - elem.click(): null

27-02-2025T17:41:58 - [TEST_STEP][PASSED] - myValue = element.getAttribute("value"): null

27-02-2025T17:41:58 - [TEST_STEP][PASSED] - if (debug): null

27-02-2025T17:41:58 - [TEST_STEP][PASSED] - if (myValue.length() >= 4): null

27-02-2025T17:41:58 - [TEST_STEP][PASSED] - if (myValue.substring(0, 4) == "(!) "): null

27-02-2025T17:41:58 - [TEST_STEP][PASSED] - myType = element.getAttribute("type"): null

27-02-2025T17:41:58 - [TEST_STEP][PASSED] - if (myValue in varParms[i]): null

27-02-2025T17:41:58 - [TEST_STEP][PASSED] - else: null

27-02-2025T17:41:58 - [TEST_STEP][PASSED] - inList = false: null

27-02-2025T17:41:58 - [TEST_STEP][PASSED] - if (myType == "checkbox"): null

27-02-2025T17:41:58 - [TEST_STEP][PASSED] - myStatus = element.isSelected(): null

27-02-2025T17:41:58 - [TEST_STEP][PASSED] - if (debug): null

27-02-2025T17:41:58 - [TEST_STEP][PASSED] - if (toggle && myStatus && inList): null

27-02-2025T17:41:58 - [TEST_STEP][PASSED] - if (!(myStatus) && inList || myStatus && !(inList)): null

27-02-2025T17:41:58 - [TEST_STEP][PASSED] - myValue = element.getAttribute("value"): null

27-02-2025T17:41:58 - [TEST_STEP][PASSED] - if (debug): null

27-02-2025T17:41:58 - [TEST_STEP][PASSED] - if (myValue.length() >= 4): null

27-02-2025T17:41:58 - [TEST_STEP][PASSED] - if (myValue.substring(0, 4) == "(!) "): null

27-02-2025T17:41:58 - [TEST_STEP][PASSED] - myType = element.getAttribute("type"): null

27-02-2025T17:41:58 - [TEST_STEP][PASSED] - if (myValue in varParms[i]): null

27-02-2025T17:41:58 - [TEST_STEP][PASSED] - else: null

27-02-2025T17:41:58 - [TEST_STEP][PASSED] - inList = false: null

27-02-2025T17:41:58 - [TEST_STEP][PASSED] - if (myType == "checkbox"): null

27-02-2025T17:41:58 - [TEST_STEP][PASSED] - myStatus = element.isSelected(): null

27-02-2025T17:41:58 - [TEST_STEP][PASSED] - if (debug): null

27-02-2025T17:41:58 - [TEST_STEP][PASSED] - if (toggle && myStatus && inList): null

27-02-2025T17:41:58 - [TEST_STEP][PASSED] - if (!(myStatus) && inList || myStatus && !(inList)): null

27-02-2025T17:41:58 - [TEST_STEP][PASSED] - myValue = element.getAttribute("value"): null

27-02-2025T17:41:58 - [TEST_STEP][PASSED] - if (debug): null

27-02-2025T17:41:58 - [TEST_STEP][PASSED] - if (myValue.length() >= 4): null

27-02-2025T17:41:58 - [TEST_STEP][PASSED] - if (myValue.substring(0, 4) == "(!) "): null

27-02-2025T17:41:58 - [TEST_STEP][PASSED] - myType = element.getAttribute("type"): null

27-02-2025T17:41:58 - [TEST_STEP][PASSED] - if (myValue in varParms[i]): null

27-02-2025T17:41:58 - [TEST_STEP][PASSED] - inList = true: null

27-02-2025T17:41:58 - [TEST_STEP][PASSED] - if (myType == "checkbox"): null

27-02-2025T17:41:58 - [TEST_STEP][PASSED] - myStatus = element.isSelected(): null

27-02-2025T17:41:58 - [TEST_STEP][PASSED] - if (debug): null

27-02-2025T17:41:58 - [TEST_STEP][PASSED] - if (toggle && myStatus && inList): null

27-02-2025T17:41:58 - [TEST_STEP][PASSED] - if (!(myStatus) && inList || myStatus && !(inList)): null

27-02-2025T17:41:58 - [TEST_STEP][PASSED] - if (debug): null

27-02-2025T17:41:58 - [TEST_STEP][PASSED] - println("Clicking " + myValue): null

27-02-2025T17:41:58 - [TEST_STEP][PASSED] - click(element): null

27-02-2025T17:41:58 - [TEST_STEP][PASSED] - scrollToObject(elem): null

27-02-2025T17:41:58 - [TEST_STEP][PASSED] - loc = element.getLocation(): null

27-02-2025T17:41:58 - [TEST_STEP][PASSED] - if (debug): null

27-02-2025T17:41:58 - [TEST_STEP][PASSED] - y = loc.getY(): null

27-02-2025T17:41:58 - [TEST_STEP][PASSED] - println("Y location is " + y): null

27-02-2025T17:41:58 - [TEST_STEP][PASSED] - top = getViewportTopPosition(): Current viewport's top (y) position is 481

27-02-2025T17:41:58 - [MESSAGE][PASSED] - Current viewport's top (y) position is 481

27-02-2025T17:41:58 - [TEST_STEP][PASSED] - println("Viewport top is " + top): null

27-02-2025T17:41:58 - [TEST_STEP][PASSED] - bottom = top + 600: null

27-02-2025T17:41:58 - [TEST_STEP][PASSED] - if (y - top < 150 || bottom - y < 10): null

27-02-2025T17:41:58 - [TEST_STEP][PASSED] - elem.click(): null

27-02-2025T17:41:58 - [TEST_STEP][PASSED] - myValue = element.getAttribute("value"): null

27-02-2025T17:41:58 - [TEST_STEP][PASSED] - if (debug): null

27-02-2025T17:41:58 - [TEST_STEP][PASSED] - if (myValue.length() >= 4): null

27-02-2025T17:41:58 - [TEST_STEP][PASSED] - if (myValue.substring(0, 4) == "(!) "): null

27-02-2025T17:41:58 - [TEST_STEP][PASSED] - myType = element.getAttribute("type"): null

27-02-2025T17:41:58 - [TEST_STEP][PASSED] - if (myValue in varParms[i]): null

27-02-2025T17:41:58 - [TEST_STEP][PASSED] - else: null

27-02-2025T17:41:58 - [TEST_STEP][PASSED] - inList = false: null

27-02-2025T17:41:58 - [TEST_STEP][PASSED] - if (myType == "checkbox"): null

27-02-2025T17:41:58 - [TEST_STEP][PASSED] - myStatus = element.isSelected(): null

27-02-2025T17:41:58 - [TEST_STEP][PASSED] - if (debug): null

27-02-2025T17:41:58 - [TEST_STEP][PASSED] - if (toggle && myStatus && inList): null

27-02-2025T17:41:58 - [TEST_STEP][PASSED] - if (!(myStatus) && inList || myStatus && !(inList)): null

27-02-2025T17:41:58 - [TEST_STEP][PASSED] - myValue = element.getAttribute("value"): null

27-02-2025T17:41:58 - [TEST_STEP][PASSED] - if (debug): null

27-02-2025T17:41:58 - [TEST_STEP][PASSED] - if (myValue.length() >= 4): null

27-02-2025T17:41:58 - [TEST_STEP][PASSED] - if (myValue.substring(0, 4) == "(!) "): null

27-02-2025T17:41:58 - [TEST_STEP][PASSED] - myType = element.getAttribute("type"): null

27-02-2025T17:41:58 - [TEST_STEP][PASSED] - if (myValue in varParms[i]): null

27-02-2025T17:41:58 - [TEST_STEP][PASSED] - else: null

27-02-2025T17:41:58 - [TEST_STEP][PASSED] - inList = false: null

27-02-2025T17:41:58 - [TEST_STEP][PASSED] - if (myType == "checkbox"): null

27-02-2025T17:41:58 - [TEST_STEP][PASSED] - myStatus = element.isSelected(): null

27-02-2025T17:41:58 - [TEST_STEP][PASSED] - if (debug): null

27-02-2025T17:41:58 - [TEST_STEP][PASSED] - if (toggle && myStatus && inList): null

27-02-2025T17:41:58 - [TEST_STEP][PASSED] - if (!(myStatus) && inList || myStatus && !(inList)): null

27-02-2025T17:41:58 - [TEST_STEP][PASSED] - myValue = element.getAttribute("value"): null

27-02-2025T17:41:58 - [TEST_STEP][PASSED] - if (debug): null

27-02-2025T17:41:58 - [TEST_STEP][PASSED] - if (myValue.length() >= 4): null

27-02-2025T17:41:58 - [TEST_STEP][PASSED] - if (myValue.substring(0, 4) == "(!) "): null

27-02-2025T17:41:58 - [TEST_STEP][PASSED] - myType = element.getAttribute("type"): null

27-02-2025T17:41:58 - [TEST_STEP][PASSED] - if (myValue in varParms[i]): null

27-02-2025T17:41:58 - [TEST_STEP][PASSED] - else: null

27-02-2025T17:41:58 - [TEST_STEP][PASSED] - inList = false: null

27-02-2025T17:41:58 - [TEST_STEP][PASSED] - if (myType == "checkbox"): null

27-02-2025T17:41:58 - [TEST_STEP][PASSED] - myStatus = element.isSelected(): null

27-02-2025T17:41:58 - [TEST_STEP][PASSED] - if (debug): null

27-02-2025T17:41:58 - [TEST_STEP][PASSED] - if (toggle && myStatus && inList): null

27-02-2025T17:41:58 - [TEST_STEP][PASSED] - if (!(myStatus) && inList || myStatus && !(inList)): null

27-02-2025T17:41:58 - [TEST_STEP][PASSED] - myValue = element.getAttribute("value"): null

27-02-2025T17:41:58 - [TEST_STEP][PASSED] - if (debug): null

27-02-2025T17:41:58 - [TEST_STEP][PASSED] - if (myValue.length() >= 4): null

27-02-2025T17:41:58 - [TEST_STEP][PASSED] - if (myValue.substring(0, 4) == "(!) "): null

27-02-2025T17:41:58 - [TEST_STEP][PASSED] - myType = element.getAttribute("type"): null

27-02-2025T17:41:58 - [TEST_STEP][PASSED] - if (myValue in varParms[i]): null

27-02-2025T17:41:58 - [TEST_STEP][PASSED] - else: null

27-02-2025T17:41:58 - [TEST_STEP][PASSED] - inList = false: null

27-02-2025T17:41:58 - [TEST_STEP][PASSED] - if (myType == "checkbox"): null

27-02-2025T17:41:58 - [TEST_STEP][PASSED] - myStatus = element.isSelected(): null

27-02-2025T17:41:58 - [TEST_STEP][PASSED] - if (debug): null

27-02-2025T17:41:58 - [TEST_STEP][PASSED] - if (toggle && myStatus && inList): null

27-02-2025T17:41:58 - [TEST_STEP][PASSED] - if (!(myStatus) && inList || myStatus && !(inList)): null

27-02-2025T17:41:58 - [TEST_STEP][PASSED] - myValue = element.getAttribute("value"): null

27-02-2025T17:41:58 - [TEST_STEP][PASSED] - if (debug): null

27-02-2025T17:41:58 - [TEST_STEP][PASSED] - if (myValue.length() >= 4): null

27-02-2025T17:41:58 - [TEST_STEP][PASSED] - if (myValue.substring(0, 4) == "(!) "): null

27-02-2025T17:41:58 - [TEST_STEP][PASSED] - myType = element.getAttribute("type"): null

27-02-2025T17:41:58 - [TEST_STEP][PASSED] - if (myValue in varParms[i]): null

27-02-2025T17:41:58 - [TEST_STEP][PASSED] - else: null

27-02-2025T17:41:58 - [TEST_STEP][PASSED] - inList = false: null

27-02-2025T17:41:58 - [TEST_STEP][PASSED] - if (myType == "checkbox"): null

27-02-2025T17:41:58 - [TEST_STEP][PASSED] - myStatus = element.isSelected(): null

27-02-2025T17:41:58 - [TEST_STEP][PASSED] - if (debug): null

27-02-2025T17:41:58 - [TEST_STEP][PASSED] - if (toggle && myStatus && inList): null

27-02-2025T17:41:58 - [TEST_STEP][PASSED] - if (!(myStatus) && inList || myStatus && !(inList)): null

27-02-2025T17:41:58 - [TEST_STEP][PASSED] - myValue = element.getAttribute("value"): null

27-02-2025T17:41:58 - [TEST_STEP][PASSED] - if (debug): null

27-02-2025T17:41:58 - [TEST_STEP][PASSED] - if (myValue.length() >= 4): null

27-02-2025T17:41:58 - [TEST_STEP][PASSED] - if (myValue.substring(0, 4) == "(!) "): null

27-02-2025T17:41:58 - [TEST_STEP][PASSED] - myType = element.getAttribute("type"): null

27-02-2025T17:41:58 - [TEST_STEP][PASSED] - if (myValue in varParms[i]): null

27-02-2025T17:41:58 - [TEST_STEP][PASSED] - else: null

27-02-2025T17:41:58 - [TEST_STEP][PASSED] - inList = false: null

27-02-2025T17:41:58 - [TEST_STEP][PASSED] - if (myType == "checkbox"): null

27-02-2025T17:41:58 - [TEST_STEP][PASSED] - myStatus = element.isSelected(): null

27-02-2025T17:41:58 - [TEST_STEP][PASSED] - if (debug): null

27-02-2025T17:41:58 - [TEST_STEP][PASSED] - if (toggle && myStatus && inList): null

27-02-2025T17:41:58 - [TEST_STEP][PASSED] - if (!(myStatus) && inList || myStatus && !(inList)): null

27-02-2025T17:41:58 - [TEST_STEP][PASSED] - myValue = element.getAttribute("value"): null

27-02-2025T17:41:58 - [TEST_STEP][PASSED] - if (debug): null

27-02-2025T17:41:58 - [TEST_STEP][PASSED] - if (myValue.length() >= 4): null

27-02-2025T17:41:58 - [TEST_STEP][PASSED] - if (myValue.substring(0, 4) == "(!) "): null

27-02-2025T17:41:58 - [TEST_STEP][PASSED] - myType = element.getAttribute("type"): null

27-02-2025T17:41:58 - [TEST_STEP][PASSED] - if (myValue in varParms[i]): null

27-02-2025T17:41:58 - [TEST_STEP][PASSED] - else: null

27-02-2025T17:41:58 - [TEST_STEP][PASSED] - inList = false: null

27-02-2025T17:41:58 - [TEST_STEP][PASSED] - if (myType == "checkbox"): null

27-02-2025T17:41:58 - [TEST_STEP][PASSED] - myStatus = element.isSelected(): null

27-02-2025T17:41:58 - [TEST_STEP][PASSED] - if (debug): null

27-02-2025T17:41:58 - [TEST_STEP][PASSED] - if (toggle && myStatus && inList): null

27-02-2025T17:41:58 - [TEST_STEP][PASSED] - if (!(myStatus) && inList || myStatus && !(inList)): null

27-02-2025T17:41:58 - [TEST_STEP][PASSED] - myValue = element.getAttribute("value"): null

27-02-2025T17:41:58 - [TEST_STEP][PASSED] - if (debug): null

27-02-2025T17:41:58 - [TEST_STEP][PASSED] - if (myValue.length() >= 4): null

27-02-2025T17:41:58 - [TEST_STEP][PASSED] - if (myValue.substring(0, 4) == "(!) "): null

27-02-2025T17:41:58 - [TEST_STEP][PASSED] - myType = element.getAttribute("type"): null

27-02-2025T17:41:58 - [TEST_STEP][PASSED] - if (myValue in varParms[i]): null

27-02-2025T17:41:58 - [TEST_STEP][PASSED] - else: null

27-02-2025T17:41:58 - [TEST_STEP][PASSED] - inList = false: null

27-02-2025T17:41:58 - [TEST_STEP][PASSED] - if (myType == "checkbox"): null

27-02-2025T17:41:58 - [TEST_STEP][PASSED] - myStatus = element.isSelected(): null

27-02-2025T17:41:58 - [TEST_STEP][PASSED] - if (debug): null

27-02-2025T17:41:58 - [TEST_STEP][PASSED] - if (toggle && myStatus && inList): null

27-02-2025T17:41:58 - [TEST_STEP][PASSED] - if (!(myStatus) && inList || myStatus && !(inList)): null

27-02-2025T17:41:58 - [TEST_STEP][PASSED] - myValue = element.getAttribute("value"): null

27-02-2025T17:41:58 - [TEST_STEP][PASSED] - if (debug): null

27-02-2025T17:41:58 - [TEST_STEP][PASSED] - if (myValue.length() >= 4): null

27-02-2025T17:41:58 - [TEST_STEP][PASSED] - if (myValue.substring(0, 4) == "(!) "): null

27-02-2025T17:41:58 - [TEST_STEP][PASSED] - myType = element.getAttribute("type"): null

27-02-2025T17:41:58 - [TEST_STEP][PASSED] - if (myValue in varParms[i]): null

27-02-2025T17:41:58 - [TEST_STEP][PASSED] - else: null

27-02-2025T17:41:58 - [TEST_STEP][PASSED] - inList = false: null

27-02-2025T17:41:58 - [TEST_STEP][PASSED] - if (myType == "checkbox"): null

27-02-2025T17:41:58 - [TEST_STEP][PASSED] - myStatus = element.isSelected(): null

27-02-2025T17:41:58 - [TEST_STEP][PASSED] - if (debug): null

27-02-2025T17:41:58 - [TEST_STEP][PASSED] - if (toggle && myStatus && inList): null

27-02-2025T17:41:58 - [TEST_STEP][PASSED] - if (!(myStatus) && inList || myStatus && !(inList)): null

27-02-2025T17:41:58 - [TEST_STEP][PASSED] - myValue = element.getAttribute("value"): null

27-02-2025T17:41:58 - [TEST_STEP][PASSED] - if (debug): null

27-02-2025T17:41:58 - [TEST_STEP][PASSED] - if (myValue.length() >= 4): null

27-02-2025T17:41:58 - [TEST_STEP][PASSED] - if (myValue.substring(0, 4) == "(!) "): null

27-02-2025T17:41:58 - [TEST_STEP][PASSED] - myType = element.getAttribute("type"): null

27-02-2025T17:41:58 - [TEST_STEP][PASSED] - if (myValue in varParms[i]): null

27-02-2025T17:41:58 - [TEST_STEP][PASSED] - else: null

27-02-2025T17:41:58 - [TEST_STEP][PASSED] - inList = false: null

27-02-2025T17:41:58 - [TEST_STEP][PASSED] - if (myType == "checkbox"): null

27-02-2025T17:41:58 - [TEST_STEP][PASSED] - myStatus = element.isSelected(): null

27-02-2025T17:41:58 - [TEST_STEP][PASSED] - if (debug): null

27-02-2025T17:41:58 - [TEST_STEP][PASSED] - if (toggle && myStatus && inList): null

27-02-2025T17:41:58 - [TEST_STEP][PASSED] - if (!(myStatus) && inList || myStatus && !(inList)): null

27-02-2025T17:41:58 - [TEST_STEP][PASSED] - myValue = element.getAttribute("value"): null

27-02-2025T17:41:58 - [TEST_STEP][PASSED] - if (debug): null

27-02-2025T17:41:58 - [TEST_STEP][PASSED] - if (myValue.length() >= 4): null

27-02-2025T17:41:58 - [TEST_STEP][PASSED] - if (myValue.substring(0, 4) == "(!) "): null

27-02-2025T17:41:58 - [TEST_STEP][PASSED] - myType = element.getAttribute("type"): null

27-02-2025T17:41:58 - [TEST_STEP][PASSED] - if (myValue in varParms[i]): null

27-02-2025T17:41:58 - [TEST_STEP][PASSED] - else: null

27-02-2025T17:41:58 - [TEST_STEP][PASSED] - inList = false: null

27-02-2025T17:41:58 - [TEST_STEP][PASSED] - if (myType == "checkbox"): null

27-02-2025T17:41:58 - [TEST_STEP][PASSED] - myStatus = element.isSelected(): null

27-02-2025T17:41:58 - [TEST_STEP][PASSED] - if (debug): null

27-02-2025T17:41:58 - [TEST_STEP][PASSED] - if (toggle && myStatus && inList): null

27-02-2025T17:41:58 - [TEST_STEP][PASSED] - if (!(myStatus) && inList || myStatus && !(inList)): null

27-02-2025T17:41:58 - [TEST_STEP][PASSED] - myValue = element.getAttribute("value"): null

27-02-2025T17:41:58 - [TEST_STEP][PASSED] - if (debug): null

27-02-2025T17:41:58 - [TEST_STEP][PASSED] - if (myValue.length() >= 4): null

27-02-2025T17:41:58 - [TEST_STEP][PASSED] - if (myValue.substring(0, 4) == "(!) "): null

27-02-2025T17:41:58 - [TEST_STEP][PASSED] - myType = element.getAttribute("type"): null

27-02-2025T17:41:58 - [TEST_STEP][PASSED] - if (myValue in varParms[i]): null

27-02-2025T17:41:58 - [TEST_STEP][PASSED] - else: null

27-02-2025T17:41:58 - [TEST_STEP][PASSED] - inList = false: null

27-02-2025T17:41:58 - [TEST_STEP][PASSED] - if (myType == "checkbox"): null

27-02-2025T17:41:58 - [TEST_STEP][PASSED] - myStatus = element.isSelected(): null

27-02-2025T17:41:58 - [TEST_STEP][PASSED] - if (debug): null

27-02-2025T17:41:58 - [TEST_STEP][PASSED] - if (toggle && myStatus && inList): null

27-02-2025T17:41:58 - [TEST_STEP][PASSED] - if (!(myStatus) && inList || myStatus && !(inList)): null

27-02-2025T17:41:58 - [TEST_STEP][PASSED] - myValue = element.getAttribute("value"): null

27-02-2025T17:41:58 - [TEST_STEP][PASSED] - if (debug): null

27-02-2025T17:41:58 - [TEST_STEP][PASSED] - if (myValue.length() >= 4): null

27-02-2025T17:41:58 - [TEST_STEP][PASSED] - if (myValue.substring(0, 4) == "(!) "): null

27-02-2025T17:41:58 - [TEST_STEP][PASSED] - myType = element.getAttribute("type"): null

27-02-2025T17:41:58 - [TEST_STEP][PASSED] - if (myValue in varParms[i]): null

27-02-2025T17:41:58 - [TEST_STEP][PASSED] - else: null

27-02-2025T17:41:58 - [TEST_STEP][PASSED] - inList = false: null

27-02-2025T17:41:58 - [TEST_STEP][PASSED] - if (myType == "checkbox"): null

27-02-2025T17:41:58 - [TEST_STEP][PASSED] - myStatus = element.isSelected(): null

27-02-2025T17:41:58 - [TEST_STEP][PASSED] - if (debug): null

27-02-2025T17:41:58 - [TEST_STEP][PASSED] - if (toggle && myStatus && inList): null

27-02-2025T17:41:58 - [TEST_STEP][PASSED] - if (!(myStatus) && inList || myStatus && !(inList)): null

27-02-2025T17:41:58 - [TEST_STEP][PASSED] - myValue = element.getAttribute("value"): null

27-02-2025T17:41:58 - [TEST_STEP][PASSED] - if (debug): null

27-02-2025T17:41:58 - [TEST_STEP][PASSED] - if (myValue.length() >= 4): null

27-02-2025T17:41:58 - [TEST_STEP][PASSED] - if (myValue.substring(0, 4) == "(!) "): null

27-02-2025T17:41:58 - [TEST_STEP][PASSED] - myType = element.getAttribute("type"): null

27-02-2025T17:41:58 - [TEST_STEP][PASSED] - if (myValue in varParms[i]): null

27-02-2025T17:41:58 - [TEST_STEP][PASSED] - else: null

27-02-2025T17:41:58 - [TEST_STEP][PASSED] - inList = false: null

27-02-2025T17:41:58 - [TEST_STEP][PASSED] - if (myType == "checkbox"): null

27-02-2025T17:41:58 - [TEST_STEP][PASSED] - myStatus = element.isSelected(): null

27-02-2025T17:41:58 - [TEST_STEP][PASSED] - if (debug): null

27-02-2025T17:41:58 - [TEST_STEP][PASSED] - if (toggle && myStatus && inList): null

27-02-2025T17:41:58 - [TEST_STEP][PASSED] - if (!(myStatus) && inList || myStatus && !(inList)): null

27-02-2025T17:41:58 - [TEST_STEP][PASSED] - myValue = element.getAttribute("value"): null

27-02-2025T17:41:58 - [TEST_STEP][PASSED] - if (debug): null

27-02-2025T17:41:58 - [TEST_STEP][PASSED] - if (myValue.length() >= 4): null

27-02-2025T17:41:58 - [TEST_STEP][PASSED] - if (myValue.substring(0, 4) == "(!) "): null

27-02-2025T17:41:58 - [TEST_STEP][PASSED] - myType = element.getAttribute("type"): null

27-02-2025T17:41:58 - [TEST_STEP][PASSED] - if (myValue in varParms[i]): null

27-02-2025T17:41:58 - [TEST_STEP][PASSED] - else: null

27-02-2025T17:41:58 - [TEST_STEP][PASSED] - inList = false: null

27-02-2025T17:41:58 - [TEST_STEP][PASSED] - if (myType == "checkbox"): null

27-02-2025T17:41:58 - [TEST_STEP][PASSED] - myStatus = element.isSelected(): null

27-02-2025T17:41:58 - [TEST_STEP][PASSED] - if (debug): null

27-02-2025T17:41:58 - [TEST_STEP][PASSED] - if (toggle && myStatus && inList): null

27-02-2025T17:41:58 - [TEST_STEP][PASSED] - if (!(myStatus) && inList || myStatus && !(inList)): null

27-02-2025T17:41:58 - [TEST_STEP][PASSED] - myValue = element.getAttribute("value"): null

27-02-2025T17:41:58 - [TEST_STEP][PASSED] - if (debug): null

27-02-2025T17:41:58 - [TEST_STEP][PASSED] - if (myValue.length() >= 4): null

27-02-2025T17:41:58 - [TEST_STEP][PASSED] - if (myValue.substring(0, 4) == "(!) "): null

27-02-2025T17:41:58 - [TEST_STEP][PASSED] - myType = element.getAttribute("type"): null

27-02-2025T17:41:58 - [TEST_STEP][PASSED] - if (myValue in varParms[i]): null

27-02-2025T17:41:58 - [TEST_STEP][PASSED] - else: null

27-02-2025T17:41:58 - [TEST_STEP][PASSED] - inList = false: null

27-02-2025T17:41:58 - [TEST_STEP][PASSED] - if (myType == "checkbox"): null

27-02-2025T17:41:58 - [TEST_STEP][PASSED] - myStatus = element.isSelected(): null

27-02-2025T17:41:58 - [TEST_STEP][PASSED] - if (debug): null

27-02-2025T17:41:58 - [TEST_STEP][PASSED] - if (toggle && myStatus && inList): null

27-02-2025T17:41:58 - [TEST_STEP][PASSED] - if (!(myStatus) && inList || myStatus && !(inList)): null

27-02-2025T17:41:58 - [TEST_STEP][PASSED] - myValue = element.getAttribute("value"): null

27-02-2025T17:41:58 - [TEST_STEP][PASSED] - if (debug): null

27-02-2025T17:41:58 - [TEST_STEP][PASSED] - if (myValue.length() >= 4): null

27-02-2025T17:41:58 - [TEST_STEP][PASSED] - if (myValue.substring(0, 4) == "(!) "): null

27-02-2025T17:41:58 - [TEST_STEP][PASSED] - myType = element.getAttribute("type"): null

27-02-2025T17:41:58 - [TEST_STEP][PASSED] - if (myValue in varParms[i]): null

27-02-2025T17:41:58 - [TEST_STEP][PASSED] - else: null

27-02-2025T17:41:58 - [TEST_STEP][PASSED] - inList = false: null

27-02-2025T17:41:58 - [TEST_STEP][PASSED] - if (myType == "checkbox"): null

27-02-2025T17:41:58 - [TEST_STEP][PASSED] - myStatus = element.isSelected(): null

27-02-2025T17:41:58 - [TEST_STEP][PASSED] - if (debug): null

27-02-2025T17:41:58 - [TEST_STEP][PASSED] - if (toggle && myStatus && inList): null

27-02-2025T17:41:58 - [TEST_STEP][PASSED] - if (!(myStatus) && inList || myStatus && !(inList)): null

27-02-2025T17:41:58 - [TEST_STEP][PASSED] - myValue = element.getAttribute("value"): null

27-02-2025T17:41:58 - [TEST_STEP][PASSED] - if (debug): null

27-02-2025T17:41:58 - [TEST_STEP][PASSED] - if (myValue.length() >= 4): null

27-02-2025T17:41:58 - [TEST_STEP][PASSED] - if (myValue.substring(0, 4) == "(!) "): null

27-02-2025T17:41:58 - [TEST_STEP][PASSED] - myType = element.getAttribute("type"): null

27-02-2025T17:41:58 - [TEST_STEP][PASSED] - if (myValue in varParms[i]): null

27-02-2025T17:41:58 - [TEST_STEP][PASSED] - else: null

27-02-2025T17:41:58 - [TEST_STEP][PASSED] - inList = false: null

27-02-2025T17:41:58 - [TEST_STEP][PASSED] - if (myType == "checkbox"): null

27-02-2025T17:41:58 - [TEST_STEP][PASSED] - myStatus = element.isSelected(): null

27-02-2025T17:41:58 - [TEST_STEP][PASSED] - if (debug): null

27-02-2025T17:41:58 - [TEST_STEP][PASSED] - if (toggle && myStatus && inList): null

27-02-2025T17:41:58 - [TEST_STEP][PASSED] - if (!(myStatus) && inList || myStatus && !(inList)): null

27-02-2025T17:41:58 - [TEST_STEP][PASSED] - myValue = element.getAttribute("value"): null

27-02-2025T17:41:58 - [TEST_STEP][PASSED] - if (debug): null

27-02-2025T17:41:58 - [TEST_STEP][PASSED] - if (myValue.length() >= 4): null

27-02-2025T17:41:58 - [TEST_STEP][PASSED] - if (myValue.substring(0, 4) == "(!) "): null

27-02-2025T17:41:58 - [TEST_STEP][PASSED] - myType = element.getAttribute("type"): null

27-02-2025T17:41:58 - [TEST_STEP][PASSED] - if (myValue in varParms[i]): null

27-02-2025T17:41:58 - [TEST_STEP][PASSED] - else: null

27-02-2025T17:41:58 - [TEST_STEP][PASSED] - inList = false: null

27-02-2025T17:41:58 - [TEST_STEP][PASSED] - if (myType == "checkbox"): null

27-02-2025T17:41:58 - [TEST_STEP][PASSED] - myStatus = element.isSelected(): null

27-02-2025T17:41:58 - [TEST_STEP][PASSED] - if (debug): null

27-02-2025T17:41:58 - [TEST_STEP][PASSED] - if (toggle && myStatus && inList): null

27-02-2025T17:41:58 - [TEST_STEP][PASSED] - if (!(myStatus) && inList || myStatus && !(inList)): null

27-02-2025T17:41:58 - [TEST_STEP][PASSED] - myValue = element.getAttribute("value"): null

27-02-2025T17:41:58 - [TEST_STEP][PASSED] - if (debug): null

27-02-2025T17:41:58 - [TEST_STEP][PASSED] - if (myValue.length() >= 4): null

27-02-2025T17:41:58 - [TEST_STEP][PASSED] - if (myValue.substring(0, 4) == "(!) "): null

27-02-2025T17:41:58 - [TEST_STEP][PASSED] - myType = element.getAttribute("type"): null

27-02-2025T17:41:58 - [TEST_STEP][PASSED] - if (myValue in varParms[i]): null

27-02-2025T17:41:58 - [TEST_STEP][PASSED] - else: null

27-02-2025T17:41:58 - [TEST_STEP][PASSED] - inList = false: null

27-02-2025T17:41:58 - [TEST_STEP][PASSED] - if (myType == "checkbox"): null

27-02-2025T17:41:58 - [TEST_STEP][PASSED] - myStatus = element.isSelected(): null

27-02-2025T17:41:58 - [TEST_STEP][PASSED] - if (debug): null

27-02-2025T17:41:58 - [TEST_STEP][PASSED] - if (toggle && myStatus && inList): null

27-02-2025T17:41:58 - [TEST_STEP][PASSED] - if (!(myStatus) && inList || myStatus && !(inList)): null

27-02-2025T17:41:58 - [TEST_STEP][PASSED] - myValue = element.getAttribute("value"): null

27-02-2025T17:41:58 - [TEST_STEP][PASSED] - if (debug): null

27-02-2025T17:41:58 - [TEST_STEP][PASSED] - if (myValue.length() >= 4): null

27-02-2025T17:41:58 - [TEST_STEP][PASSED] - if (myValue.substring(0, 4) == "(!) "): null

27-02-2025T17:41:58 - [TEST_STEP][PASSED] - myType = element.getAttribute("type"): null

27-02-2025T17:41:58 - [TEST_STEP][PASSED] - if (myValue in varParms[i]): null

27-02-2025T17:41:58 - [TEST_STEP][PASSED] - else: null

27-02-2025T17:41:58 - [TEST_STEP][PASSED] - inList = false: null

27-02-2025T17:41:58 - [TEST_STEP][PASSED] - if (myType == "checkbox"): null

27-02-2025T17:41:58 - [TEST_STEP][PASSED] - myStatus = element.isSelected(): null

27-02-2025T17:41:58 - [TEST_STEP][PASSED] - if (debug): null

27-02-2025T17:41:58 - [TEST_STEP][PASSED] - if (toggle && myStatus && inList): null

27-02-2025T17:41:58 - [TEST_STEP][PASSED] - if (!(myStatus) && inList || myStatus && !(inList)): null

27-02-2025T17:41:58 - [TEST_STEP][PASSED] - myValue = element.getAttribute("value"): null

27-02-2025T17:41:58 - [TEST_STEP][PASSED] - if (debug): null

27-02-2025T17:41:58 - [TEST_STEP][PASSED] - if (myValue.length() >= 4): null

27-02-2025T17:41:58 - [TEST_STEP][PASSED] - if (myValue.substring(0, 4) == "(!) "): null

27-02-2025T17:41:58 - [TEST_STEP][PASSED] - myType = element.getAttribute("type"): null

27-02-2025T17:41:58 - [TEST_STEP][PASSED] - if (myValue in varParms[i]): null

27-02-2025T17:41:58 - [TEST_STEP][PASSED] - else: null

27-02-2025T17:41:58 - [TEST_STEP][PASSED] - inList = false: null

27-02-2025T17:41:58 - [TEST_STEP][PASSED] - if (myType == "checkbox"): null

27-02-2025T17:41:58 - [TEST_STEP][PASSED] - myStatus = element.isSelected(): null

27-02-2025T17:41:58 - [TEST_STEP][PASSED] - if (debug): null

27-02-2025T17:41:58 - [TEST_STEP][PASSED] - if (toggle && myStatus && inList): null

27-02-2025T17:41:58 - [TEST_STEP][PASSED] - if (!(myStatus) && inList || myStatus && !(inList)): null

27-02-2025T17:41:58 - [TEST_STEP][PASSED] - myValue = element.getAttribute("value"): null

27-02-2025T17:41:58 - [TEST_STEP][PASSED] - if (debug): null

27-02-2025T17:41:58 - [TEST_STEP][PASSED] - if (myValue.length() >= 4): null

27-02-2025T17:41:58 - [TEST_STEP][PASSED] - if (myValue.substring(0, 4) == "(!) "): null

27-02-2025T17:41:58 - [TEST_STEP][PASSED] - myType = element.getAttribute("type"): null

27-02-2025T17:41:58 - [TEST_STEP][PASSED] - if (myValue in varParms[i]): null

27-02-2025T17:41:58 - [TEST_STEP][PASSED] - else: null

27-02-2025T17:41:58 - [TEST_STEP][PASSED] - inList = false: null

27-02-2025T17:41:58 - [TEST_STEP][PASSED] - if (myType == "checkbox"): null

27-02-2025T17:41:58 - [TEST_STEP][PASSED] - myStatus = element.isSelected(): null

27-02-2025T17:41:58 - [TEST_STEP][PASSED] - if (debug): null

27-02-2025T17:41:58 - [TEST_STEP][PASSED] - if (toggle && myStatus && inList): null

27-02-2025T17:41:58 - [TEST_STEP][PASSED] - if (!(myStatus) && inList || myStatus && !(inList)): null

27-02-2025T17:41:58 - [TEST_STEP][PASSED] - myValue = element.getAttribute("value"): null

27-02-2025T17:41:58 - [TEST_STEP][PASSED] - if (debug): null

27-02-2025T17:41:58 - [TEST_STEP][PASSED] - if (myValue.length() >= 4): null

27-02-2025T17:41:58 - [TEST_STEP][PASSED] - if (myValue.substring(0, 4) == "(!) "): null

27-02-2025T17:41:58 - [TEST_STEP][PASSED] - myType = element.getAttribute("type"): null

27-02-2025T17:41:58 - [TEST_STEP][PASSED] - if (myValue in varParms[i]): null

27-02-2025T17:41:58 - [TEST_STEP][PASSED] - else: null

27-02-2025T17:41:58 - [TEST_STEP][PASSED] - inList = false: null

27-02-2025T17:41:58 - [TEST_STEP][PASSED] - if (myType == "checkbox"): null

27-02-2025T17:41:58 - [TEST_STEP][PASSED] - myStatus = element.isSelected(): null

27-02-2025T17:41:58 - [TEST_STEP][PASSED] - if (debug): null

27-02-2025T17:41:58 - [TEST_STEP][PASSED] - if (toggle && myStatus && inList): null

27-02-2025T17:41:58 - [TEST_STEP][PASSED] - if (!(myStatus) && inList || myStatus && !(inList)): null

27-02-2025T17:41:58 - [TEST_STEP][PASSED] - myValue = element.getAttribute("value"): null

27-02-2025T17:41:58 - [TEST_STEP][PASSED] - if (debug): null

27-02-2025T17:41:58 - [TEST_STEP][PASSED] - if (myValue.length() >= 4): null

27-02-2025T17:41:58 - [TEST_STEP][PASSED] - if (myValue.substring(0, 4) == "(!) "): null

27-02-2025T17:41:58 - [TEST_STEP][PASSED] - myType = element.getAttribute("type"): null

27-02-2025T17:41:58 - [TEST_STEP][PASSED] - if (myValue in varParms[i]): null

27-02-2025T17:41:58 - [TEST_STEP][PASSED] - else: null

27-02-2025T17:41:58 - [TEST_STEP][PASSED] - inList = false: null

27-02-2025T17:41:58 - [TEST_STEP][PASSED] - if (myType == "checkbox"): null

27-02-2025T17:41:58 - [TEST_STEP][PASSED] - myStatus = element.isSelected(): null

27-02-2025T17:41:58 - [TEST_STEP][PASSED] - if (debug): null

27-02-2025T17:41:58 - [TEST_STEP][PASSED] - if (toggle && myStatus && inList): null

27-02-2025T17:41:58 - [TEST_STEP][PASSED] - if (!(myStatus) && inList || myStatus && !(inList)): null

27-02-2025T17:41:58 - [TEST_STEP][PASSED] - myValue = element.getAttribute("value"): null

27-02-2025T17:41:58 - [TEST_STEP][PASSED] - if (debug): null

27-02-2025T17:41:58 - [TEST_STEP][PASSED] - if (myValue.length() >= 4): null

27-02-2025T17:41:58 - [TEST_STEP][PASSED] - if (myValue.substring(0, 4) == "(!) "): null

27-02-2025T17:41:58 - [TEST_STEP][PASSED] - myType = element.getAttribute("type"): null

27-02-2025T17:41:58 - [TEST_STEP][PASSED] - if (myValue in varParms[i]): null

27-02-2025T17:41:58 - [TEST_STEP][PASSED] - else: null

27-02-2025T17:41:58 - [TEST_STEP][PASSED] - inList = false: null

27-02-2025T17:41:58 - [TEST_STEP][PASSED] - if (myType == "checkbox"): null

27-02-2025T17:41:58 - [TEST_STEP][PASSED] - myStatus = element.isSelected(): null

27-02-2025T17:41:58 - [TEST_STEP][PASSED] - if (debug): null

27-02-2025T17:41:58 - [TEST_STEP][PASSED] - if (toggle && myStatus && inList): null

27-02-2025T17:41:58 - [TEST_STEP][PASSED] - if (!(myStatus) && inList || myStatus && !(inList)): null

27-02-2025T17:41:58 - [TEST_STEP][PASSED] - myValue = element.getAttribute("value"): null

27-02-2025T17:41:58 - [TEST_STEP][PASSED] - if (debug): null

27-02-2025T17:41:58 - [TEST_STEP][PASSED] - if (myValue.length() >= 4): null

27-02-2025T17:41:58 - [TEST_STEP][PASSED] - if (myValue.substring(0, 4) == "(!) "): null

27-02-2025T17:41:58 - [TEST_STEP][PASSED] - myType = element.getAttribute("type"): null

27-02-2025T17:41:58 - [TEST_STEP][PASSED] - if (myValue in varParms[i]): null

27-02-2025T17:41:58 - [TEST_STEP][PASSED] - else: null

27-02-2025T17:41:58 - [TEST_STEP][PASSED] - inList = false: null

27-02-2025T17:41:58 - [TEST_STEP][PASSED] - if (myType == "checkbox"): null

27-02-2025T17:41:58 - [TEST_STEP][PASSED] - myStatus = element.isSelected(): null

27-02-2025T17:41:58 - [TEST_STEP][PASSED] - if (debug): null

27-02-2025T17:41:58 - [TEST_STEP][PASSED] - if (toggle && myStatus && inList): null

27-02-2025T17:41:58 - [TEST_STEP][PASSED] - if (!(myStatus) && inList || myStatus && !(inList)): null

27-02-2025T17:41:58 - [TEST_STEP][PASSED] - myValue = element.getAttribute("value"): null

27-02-2025T17:41:58 - [TEST_STEP][PASSED] - if (debug): null

27-02-2025T17:41:58 - [TEST_STEP][PASSED] - if (myValue.length() >= 4): null

27-02-2025T17:41:58 - [TEST_STEP][PASSED] - if (myValue.substring(0, 4) == "(!) "): null

27-02-2025T17:41:58 - [TEST_STEP][PASSED] - myType = element.getAttribute("type"): null

27-02-2025T17:41:58 - [TEST_STEP][PASSED] - if (myValue in varParms[i]): null

27-02-2025T17:41:58 - [TEST_STEP][PASSED] - else: null

27-02-2025T17:41:58 - [TEST_STEP][PASSED] - inList = false: null

27-02-2025T17:41:58 - [TEST_STEP][PASSED] - if (myType == "checkbox"): null

27-02-2025T17:41:58 - [TEST_STEP][PASSED] - myStatus = element.isSelected(): null

27-02-2025T17:41:58 - [TEST_STEP][PASSED] - if (debug): null

27-02-2025T17:41:58 - [TEST_STEP][PASSED] - if (toggle && myStatus && inList): null

27-02-2025T17:41:58 - [TEST_STEP][PASSED] - if (!(myStatus) && inList || myStatus && !(inList)): null

27-02-2025T17:41:58 - [TEST_STEP][PASSED] - myValue = element.getAttribute("value"): null

27-02-2025T17:41:58 - [TEST_STEP][PASSED] - if (debug): null

27-02-2025T17:41:58 - [TEST_STEP][PASSED] - if (myValue.length() >= 4): null

27-02-2025T17:41:58 - [TEST_STEP][PASSED] - if (myValue.substring(0, 4) == "(!) "): null

27-02-2025T17:41:58 - [TEST_STEP][PASSED] - myType = element.getAttribute("type"): null

27-02-2025T17:41:58 - [TEST_STEP][PASSED] - if (myValue in varParms[i]): null

27-02-2025T17:41:58 - [TEST_STEP][PASSED] - else: null

27-02-2025T17:41:58 - [TEST_STEP][PASSED] - inList = false: null

27-02-2025T17:41:58 - [TEST_STEP][PASSED] - if (myType == "checkbox"): null

27-02-2025T17:41:58 - [TEST_STEP][PASSED] - myStatus = element.isSelected(): null

27-02-2025T17:41:58 - [TEST_STEP][PASSED] - if (debug): null

27-02-2025T17:41:58 - [TEST_STEP][PASSED] - if (toggle && myStatus && inList): null

27-02-2025T17:41:58 - [TEST_STEP][PASSED] - if (!(myStatus) && inList || myStatus && !(inList)): null

27-02-2025T17:41:58 - [TEST_STEP][PASSED] - myValue = element.getAttribute("value"): null

27-02-2025T17:41:58 - [TEST_STEP][PASSED] - if (debug): null

27-02-2025T17:41:58 - [TEST_STEP][PASSED] - if (myValue.length() >= 4): null

27-02-2025T17:41:58 - [TEST_STEP][PASSED] - if (myValue.substring(0, 4) == "(!) "): null

27-02-2025T17:41:58 - [TEST_STEP][PASSED] - myType = element.getAttribute("type"): null

27-02-2025T17:41:58 - [TEST_STEP][PASSED] - if (myValue in varParms[i]): null

27-02-2025T17:41:58 - [TEST_STEP][PASSED] - else: null

27-02-2025T17:41:58 - [TEST_STEP][PASSED] - inList = false: null

27-02-2025T17:41:58 - [TEST_STEP][PASSED] - if (myType == "checkbox"): null

27-02-2025T17:41:58 - [TEST_STEP][PASSED] - myStatus = element.isSelected(): null

27-02-2025T17:41:58 - [TEST_STEP][PASSED] - if (debug): null

27-02-2025T17:41:58 - [TEST_STEP][PASSED] - if (toggle && myStatus && inList): null

27-02-2025T17:41:58 - [TEST_STEP][PASSED] - if (!(myStatus) && inList || myStatus && !(inList)): null

27-02-2025T17:41:58 - [TEST_STEP][PASSED] - myValue = element.getAttribute("value"): null

27-02-2025T17:41:58 - [TEST_STEP][PASSED] - if (debug): null

27-02-2025T17:41:58 - [TEST_STEP][PASSED] - if (myValue.length() >= 4): null

27-02-2025T17:41:58 - [TEST_STEP][PASSED] - if (myValue.substring(0, 4) == "(!) "): null

27-02-2025T17:41:58 - [TEST_STEP][PASSED] - myType = element.getAttribute("type"): null

27-02-2025T17:41:58 - [TEST_STEP][PASSED] - if (myValue in varParms[i]): null

27-02-2025T17:41:58 - [TEST_STEP][PASSED] - else: null

27-02-2025T17:41:58 - [TEST_STEP][PASSED] - inList = false: null

27-02-2025T17:41:58 - [TEST_STEP][PASSED] - if (myType == "checkbox"): null

27-02-2025T17:41:58 - [TEST_STEP][PASSED] - myStatus = element.isSelected(): null

27-02-2025T17:41:58 - [TEST_STEP][PASSED] - if (debug): null

27-02-2025T17:41:58 - [TEST_STEP][PASSED] - if (toggle && myStatus && inList): null

27-02-2025T17:41:58 - [TEST_STEP][PASSED] - if (!(myStatus) && inList || myStatus && !(inList)): null

27-02-2025T17:41:58 - [TEST_STEP][PASSED] - myValue = element.getAttribute("value"): null

27-02-2025T17:41:58 - [TEST_STEP][PASSED] - if (debug): null

27-02-2025T17:41:58 - [TEST_STEP][PASSED] - if (myValue.length() >= 4): null

27-02-2025T17:41:58 - [TEST_STEP][PASSED] - if (myValue.substring(0, 4) == "(!) "): null

27-02-2025T17:41:58 - [TEST_STEP][PASSED] - myType = element.getAttribute("type"): null

27-02-2025T17:41:58 - [TEST_STEP][PASSED] - if (myValue in varParms[i]): null

27-02-2025T17:41:58 - [TEST_STEP][PASSED] - else: null

27-02-2025T17:41:58 - [TEST_STEP][PASSED] - inList = false: null

27-02-2025T17:41:58 - [TEST_STEP][PASSED] - if (myType == "checkbox"): null

27-02-2025T17:41:58 - [TEST_STEP][PASSED] - myStatus = element.isSelected(): null

27-02-2025T17:41:58 - [TEST_STEP][PASSED] - if (debug): null

27-02-2025T17:41:58 - [TEST_STEP][PASSED] - if (toggle && myStatus && inList): null

27-02-2025T17:41:58 - [TEST_STEP][PASSED] - if (!(myStatus) && inList || myStatus && !(inList)): null

27-02-2025T17:41:58 - [TEST_STEP][PASSED] - myValue = element.getAttribute("value"): null

27-02-2025T17:41:58 - [TEST_STEP][PASSED] - if (debug): null

27-02-2025T17:41:58 - [TEST_STEP][PASSED] - if (myValue.length() >= 4): null

27-02-2025T17:41:58 - [TEST_STEP][PASSED] - if (myValue.substring(0, 4) == "(!) "): null

27-02-2025T17:41:58 - [TEST_STEP][PASSED] - myType = element.getAttribute("type"): null

27-02-2025T17:41:58 - [TEST_STEP][PASSED] - if (myValue in varParms[i]): null

27-02-2025T17:41:58 - [TEST_STEP][PASSED] - else: null

27-02-2025T17:41:58 - [TEST_STEP][PASSED] - inList = false: null

27-02-2025T17:41:58 - [TEST_STEP][PASSED] - if (myType == "checkbox"): null

27-02-2025T17:41:58 - [TEST_STEP][PASSED] - myStatus = element.isSelected(): null

27-02-2025T17:41:58 - [TEST_STEP][PASSED] - if (debug): null

27-02-2025T17:41:58 - [TEST_STEP][PASSED] - if (toggle && myStatus && inList): null

27-02-2025T17:41:58 - [TEST_STEP][PASSED] - if (!(myStatus) && inList || myStatus && !(inList)): null

27-02-2025T17:41:58 - [TEST_STEP][PASSED] - myValue = element.getAttribute("value"): null

27-02-2025T17:41:58 - [TEST_STEP][PASSED] - if (debug): null

27-02-2025T17:41:58 - [TEST_STEP][PASSED] - if (myValue.length() >= 4): null

27-02-2025T17:41:58 - [TEST_STEP][PASSED] - if (myValue.substring(0, 4) == "(!) "): null

27-02-2025T17:41:58 - [TEST_STEP][PASSED] - myType = element.getAttribute("type"): null

27-02-2025T17:41:58 - [TEST_STEP][PASSED] - if (myValue in varParms[i]): null

27-02-2025T17:41:58 - [TEST_STEP][PASSED] - else: null

27-02-2025T17:41:58 - [TEST_STEP][PASSED] - inList = false: null

27-02-2025T17:41:58 - [TEST_STEP][PASSED] - if (myType == "checkbox"): null

27-02-2025T17:41:58 - [TEST_STEP][PASSED] - myStatus = element.isSelected(): null

27-02-2025T17:41:58 - [TEST_STEP][PASSED] - if (debug): null

27-02-2025T17:41:58 - [TEST_STEP][PASSED] - if (toggle && myStatus && inList): null

27-02-2025T17:41:58 - [TEST_STEP][PASSED] - if (!(myStatus) && inList || myStatus && !(inList)): null

27-02-2025T17:41:58 - [TEST_STEP][PASSED] - myValue = element.getAttribute("value"): null

27-02-2025T17:41:58 - [TEST_STEP][PASSED] - if (debug): null

27-02-2025T17:41:58 - [TEST_STEP][PASSED] - if (myValue.length() >= 4): null

27-02-2025T17:41:58 - [TEST_STEP][PASSED] - if (myValue.substring(0, 4) == "(!) "): null

27-02-2025T17:41:58 - [TEST_STEP][PASSED] - myType = element.getAttribute("type"): null

27-02-2025T17:41:58 - [TEST_STEP][PASSED] - if (myValue in varParms[i]): null

27-02-2025T17:41:58 - [TEST_STEP][PASSED] - else: null

27-02-2025T17:41:58 - [TEST_STEP][PASSED] - inList = false: null

27-02-2025T17:41:58 - [TEST_STEP][PASSED] - if (myType == "checkbox"): null

27-02-2025T17:41:58 - [TEST_STEP][PASSED] - myStatus = element.isSelected(): null

27-02-2025T17:41:58 - [TEST_STEP][PASSED] - if (debug): null

27-02-2025T17:41:58 - [TEST_STEP][PASSED] - if (toggle && myStatus && inList): null

27-02-2025T17:41:58 - [TEST_STEP][PASSED] - if (!(myStatus) && inList || myStatus && !(inList)): null

27-02-2025T17:41:58 - [TEST_STEP][PASSED] - myValue = element.getAttribute("value"): null

27-02-2025T17:41:58 - [TEST_STEP][PASSED] - if (debug): null

27-02-2025T17:41:58 - [TEST_STEP][PASSED] - if (myValue.length() >= 4): null

27-02-2025T17:41:58 - [TEST_STEP][PASSED] - if (myValue.substring(0, 4) == "(!) "): null

27-02-2025T17:41:58 - [TEST_STEP][PASSED] - myType = element.getAttribute("type"): null

27-02-2025T17:41:58 - [TEST_STEP][PASSED] - if (myValue in varParms[i]): null

27-02-2025T17:41:58 - [TEST_STEP][PASSED] - inList = true: null

27-02-2025T17:41:58 - [TEST_STEP][PASSED] - if (myType == "checkbox"): null

27-02-2025T17:41:58 - [TEST_STEP][PASSED] - myStatus = element.isSelected(): null

27-02-2025T17:41:58 - [TEST_STEP][PASSED] - if (debug): null

27-02-2025T17:41:58 - [TEST_STEP][PASSED] - if (toggle && myStatus && inList): null

27-02-2025T17:41:58 - [TEST_STEP][PASSED] - if (!(myStatus) && inList || myStatus && !(inList)): null

27-02-2025T17:41:58 - [TEST_STEP][PASSED] - if (debug): null

27-02-2025T17:41:58 - [TEST_STEP][PASSED] - println("Clicking " + myValue): null

27-02-2025T17:41:58 - [TEST_STEP][PASSED] - click(element): null

27-02-2025T17:41:58 - [TEST_STEP][PASSED] - scrollToObject(elem): null

27-02-2025T17:41:58 - [TEST_STEP][PASSED] - loc = element.getLocation(): null

27-02-2025T17:41:58 - [TEST_STEP][PASSED] - if (debug): null

27-02-2025T17:41:58 - [TEST_STEP][PASSED] - y = loc.getY(): null

27-02-2025T17:41:58 - [TEST_STEP][PASSED] - println("Y location is " + y): null

27-02-2025T17:41:58 - [TEST_STEP][PASSED] - top = getViewportTopPosition(): Current viewport's top (y) position is 481

27-02-2025T17:41:58 - [MESSAGE][PASSED] - Current viewport's top (y) position is 481

27-02-2025T17:41:58 - [TEST_STEP][PASSED] - println("Viewport top is " + top): null

27-02-2025T17:41:58 - [TEST_STEP][PASSED] - bottom = top + 600: null

27-02-2025T17:41:58 - [TEST_STEP][PASSED] - if (y - top < 150 || bottom - y < 10): Delayed 1 second(s)

27-02-2025T17:41:58 - [TEST_STEP][PASSED] - scrollToPosition(0, y - 150): Browser is scrolled to position x = 0, y = 1128

27-02-2025T17:41:58 - [MESSAGE][PASSED] - Browser is scrolled to position x = 0, y = 1128

27-02-2025T17:41:58 - [TEST_STEP][PASSED] - delay(1): Delayed 1 second(s)

27-02-2025T17:41:59 - [MESSAGE][PASSED] - Delayed 1 second(s)

27-02-2025T17:41:59 - [TEST_STEP][PASSED] - elem.click(): null

27-02-2025T17:41:59 - [TEST_STEP][PASSED] - myValue = element.getAttribute("value"): null

27-02-2025T17:41:59 - [TEST_STEP][PASSED] - if (debug): null

27-02-2025T17:41:59 - [TEST_STEP][PASSED] - if (myValue.length() >= 4): null

27-02-2025T17:41:59 - [TEST_STEP][PASSED] - if (myValue.substring(0, 4) == "(!) "): null

27-02-2025T17:41:59 - [TEST_STEP][PASSED] - myType = element.getAttribute("type"): null

27-02-2025T17:41:59 - [TEST_STEP][PASSED] - if (myValue in varParms[i]): null

27-02-2025T17:41:59 - [TEST_STEP][PASSED] - else: null

27-02-2025T17:41:59 - [TEST_STEP][PASSED] - inList = false: null

27-02-2025T17:41:59 - [TEST_STEP][PASSED] - if (myType == "checkbox"): null

27-02-2025T17:41:59 - [TEST_STEP][PASSED] - myStatus = element.isSelected(): null

27-02-2025T17:41:59 - [TEST_STEP][PASSED] - if (debug): null

27-02-2025T17:41:59 - [TEST_STEP][PASSED] - if (toggle && myStatus && inList): null

27-02-2025T17:41:59 - [TEST_STEP][PASSED] - if (!(myStatus) && inList || myStatus && !(inList)): null

27-02-2025T17:41:59 - [TEST_STEP][PASSED] - myValue = element.getAttribute("value"): null

27-02-2025T17:41:59 - [TEST_STEP][PASSED] - if (debug): null

27-02-2025T17:41:59 - [TEST_STEP][PASSED] - if (myValue.length() >= 4): null

27-02-2025T17:41:59 - [TEST_STEP][PASSED] - if (myValue.substring(0, 4) == "(!) "): null

27-02-2025T17:41:59 - [TEST_STEP][PASSED] - myType = element.getAttribute("type"): null

27-02-2025T17:41:59 - [TEST_STEP][PASSED] - if (myValue in varParms[i]): null

27-02-2025T17:41:59 - [TEST_STEP][PASSED] - else: null

27-02-2025T17:41:59 - [TEST_STEP][PASSED] - inList = false: null

27-02-2025T17:41:59 - [TEST_STEP][PASSED] - if (myType == "checkbox"): null

27-02-2025T17:41:59 - [TEST_STEP][PASSED] - myStatus = element.isSelected(): null

27-02-2025T17:41:59 - [TEST_STEP][PASSED] - if (debug): null

27-02-2025T17:41:59 - [TEST_STEP][PASSED] - if (toggle && myStatus && inList): null

27-02-2025T17:41:59 - [TEST_STEP][PASSED] - if (!(myStatus) && inList || myStatus && !(inList)): null

27-02-2025T17:41:59 - [TEST_STEP][PASSED] - myValue = element.getAttribute("value"): null

27-02-2025T17:41:59 - [TEST_STEP][PASSED] - if (debug): null

27-02-2025T17:41:59 - [TEST_STEP][PASSED] - if (myValue.length() >= 4): null

27-02-2025T17:41:59 - [TEST_STEP][PASSED] - if (myValue.substring(0, 4) == "(!) "): null

27-02-2025T17:41:59 - [TEST_STEP][PASSED] - myType = element.getAttribute("type"): null

27-02-2025T17:41:59 - [TEST_STEP][PASSED] - if (myValue in varParms[i]): null

27-02-2025T17:41:59 - [TEST_STEP][PASSED] - else: null

27-02-2025T17:41:59 - [TEST_STEP][PASSED] - inList = false: null

27-02-2025T17:41:59 - [TEST_STEP][PASSED] - if (myType == "checkbox"): null

27-02-2025T17:41:59 - [TEST_STEP][PASSED] - myStatus = element.isSelected(): null

27-02-2025T17:41:59 - [TEST_STEP][PASSED] - if (debug): null

27-02-2025T17:41:59 - [TEST_STEP][PASSED] - if (toggle && myStatus && inList): null

27-02-2025T17:41:59 - [TEST_STEP][PASSED] - if (!(myStatus) && inList || myStatus && !(inList)): null

27-02-2025T17:41:59 - [TEST_STEP][PASSED] - myValue = element.getAttribute("value"): null

27-02-2025T17:41:59 - [TEST_STEP][PASSED] - if (debug): null

27-02-2025T17:41:59 - [TEST_STEP][PASSED] - if (myValue.length() >= 4): null

27-02-2025T17:41:59 - [TEST_STEP][PASSED] - if (myValue.substring(0, 4) == "(!) "): null

27-02-2025T17:41:59 - [TEST_STEP][PASSED] - myType = element.getAttribute("type"): null

27-02-2025T17:41:59 - [TEST_STEP][PASSED] - if (myValue in varParms[i]): null

27-02-2025T17:41:59 - [TEST_STEP][PASSED] - else: null

27-02-2025T17:41:59 - [TEST_STEP][PASSED] - inList = false: null

27-02-2025T17:41:59 - [TEST_STEP][PASSED] - if (myType == "checkbox"): null

27-02-2025T17:41:59 - [TEST_STEP][PASSED] - myStatus = element.isSelected(): null

27-02-2025T17:41:59 - [TEST_STEP][PASSED] - if (debug): null

27-02-2025T17:41:59 - [TEST_STEP][PASSED] - if (toggle && myStatus && inList): null

27-02-2025T17:41:59 - [TEST_STEP][PASSED] - if (!(myStatus) && inList || myStatus && !(inList)): null

27-02-2025T17:41:59 - [TEST_STEP][PASSED] - myValue = element.getAttribute("value"): null

27-02-2025T17:41:59 - [TEST_STEP][PASSED] - if (debug): null

27-02-2025T17:41:59 - [TEST_STEP][PASSED] - if (myValue.length() >= 4): null

27-02-2025T17:41:59 - [TEST_STEP][PASSED] - if (myValue.substring(0, 4) == "(!) "): null

27-02-2025T17:41:59 - [TEST_STEP][PASSED] - myType = element.getAttribute("type"): null

27-02-2025T17:41:59 - [TEST_STEP][PASSED] - if (myValue in varParms[i]): null

27-02-2025T17:41:59 - [TEST_STEP][PASSED] - else: null

27-02-2025T17:41:59 - [TEST_STEP][PASSED] - inList = false: null

27-02-2025T17:41:59 - [TEST_STEP][PASSED] - if (myType == "checkbox"): null

27-02-2025T17:41:59 - [TEST_STEP][PASSED] - myStatus = element.isSelected(): null

27-02-2025T17:41:59 - [TEST_STEP][PASSED] - if (debug): null

27-02-2025T17:41:59 - [TEST_STEP][PASSED] - if (toggle && myStatus && inList): null

27-02-2025T17:41:59 - [TEST_STEP][PASSED] - if (!(myStatus) && inList || myStatus && !(inList)): null

27-02-2025T17:41:59 - [TEST_STEP][PASSED] - myValue = element.getAttribute("value"): null

27-02-2025T17:41:59 - [TEST_STEP][PASSED] - if (debug): null

27-02-2025T17:41:59 - [TEST_STEP][PASSED] - if (myValue.length() >= 4): null

27-02-2025T17:41:59 - [TEST_STEP][PASSED] - if (myValue.substring(0, 4) == "(!) "): null

27-02-2025T17:41:59 - [TEST_STEP][PASSED] - myType = element.getAttribute("type"): null

27-02-2025T17:41:59 - [TEST_STEP][PASSED] - if (myValue in varParms[i]): null

27-02-2025T17:41:59 - [TEST_STEP][PASSED] - else: null

27-02-2025T17:41:59 - [TEST_STEP][PASSED] - inList = false: null

27-02-2025T17:41:59 - [TEST_STEP][PASSED] - if (myType == "checkbox"): null

27-02-2025T17:41:59 - [TEST_STEP][PASSED] - myStatus = element.isSelected(): null

27-02-2025T17:41:59 - [TEST_STEP][PASSED] - if (debug): null

27-02-2025T17:41:59 - [TEST_STEP][PASSED] - if (toggle && myStatus && inList): null

27-02-2025T17:41:59 - [TEST_STEP][PASSED] - if (!(myStatus) && inList || myStatus && !(inList)): null

27-02-2025T17:41:59 - [TEST_STEP][PASSED] - myValue = element.getAttribute("value"): null

27-02-2025T17:41:59 - [TEST_STEP][PASSED] - if (debug): null

27-02-2025T17:41:59 - [TEST_STEP][PASSED] - if (myValue.length() >= 4): null

27-02-2025T17:41:59 - [TEST_STEP][PASSED] - if (myValue.substring(0, 4) == "(!) "): null

27-02-2025T17:41:59 - [TEST_STEP][PASSED] - myType = element.getAttribute("type"): null

27-02-2025T17:41:59 - [TEST_STEP][PASSED] - if (myValue in varParms[i]): null

27-02-2025T17:41:59 - [TEST_STEP][PASSED] - else: null

27-02-2025T17:41:59 - [TEST_STEP][PASSED] - inList = false: null

27-02-2025T17:41:59 - [TEST_STEP][PASSED] - if (myType == "checkbox"): null

27-02-2025T17:41:59 - [TEST_STEP][PASSED] - myStatus = element.isSelected(): null

27-02-2025T17:41:59 - [TEST_STEP][PASSED] - if (debug): null

27-02-2025T17:41:59 - [TEST_STEP][PASSED] - if (toggle && myStatus && inList): null

27-02-2025T17:41:59 - [TEST_STEP][PASSED] - if (!(myStatus) && inList || myStatus && !(inList)): null

27-02-2025T17:41:59 - [TEST_STEP][PASSED] - myValue = element.getAttribute("value"): null

27-02-2025T17:41:59 - [TEST_STEP][PASSED] - if (debug): null

27-02-2025T17:41:59 - [TEST_STEP][PASSED] - if (myValue.length() >= 4): null

27-02-2025T17:41:59 - [TEST_STEP][PASSED] - if (myValue.substring(0, 4) == "(!) "): null

27-02-2025T17:41:59 - [TEST_STEP][PASSED] - myType = element.getAttribute("type"): null

27-02-2025T17:41:59 - [TEST_STEP][PASSED] - if (myValue in varParms[i]): null

27-02-2025T17:41:59 - [TEST_STEP][PASSED] - else: null

27-02-2025T17:41:59 - [TEST_STEP][PASSED] - inList = false: null

27-02-2025T17:41:59 - [TEST_STEP][PASSED] - if (myType == "checkbox"): null

27-02-2025T17:41:59 - [TEST_STEP][PASSED] - myStatus = element.isSelected(): null

27-02-2025T17:41:59 - [TEST_STEP][PASSED] - if (debug): null

27-02-2025T17:41:59 - [TEST_STEP][PASSED] - if (toggle && myStatus && inList): null

27-02-2025T17:41:59 - [TEST_STEP][PASSED] - if (!(myStatus) && inList || myStatus && !(inList)): null

27-02-2025T17:41:59 - [TEST_STEP][PASSED] - myValue = element.getAttribute("value"): null

27-02-2025T17:41:59 - [TEST_STEP][PASSED] - if (debug): null

27-02-2025T17:41:59 - [TEST_STEP][PASSED] - if (myValue.length() >= 4): null

27-02-2025T17:41:59 - [TEST_STEP][PASSED] - if (myValue.substring(0, 4) == "(!) "): null

27-02-2025T17:41:59 - [TEST_STEP][PASSED] - myType = element.getAttribute("type"): null

27-02-2025T17:41:59 - [TEST_STEP][PASSED] - if (myValue in varParms[i]): null

27-02-2025T17:41:59 - [TEST_STEP][PASSED] - else: null

27-02-2025T17:41:59 - [TEST_STEP][PASSED] - inList = false: null

27-02-2025T17:41:59 - [TEST_STEP][PASSED] - if (myType == "checkbox"): null

27-02-2025T17:41:59 - [TEST_STEP][PASSED] - myStatus = element.isSelected(): null

27-02-2025T17:41:59 - [TEST_STEP][PASSED] - if (debug): null

27-02-2025T17:41:59 - [TEST_STEP][PASSED] - if (toggle && myStatus && inList): null

27-02-2025T17:41:59 - [TEST_STEP][PASSED] - if (!(myStatus) && inList || myStatus && !(inList)): null

27-02-2025T17:41:59 - [TEST_STEP][PASSED] - myValue = element.getAttribute("value"): null

27-02-2025T17:41:59 - [TEST_STEP][PASSED] - if (debug): null

27-02-2025T17:41:59 - [TEST_STEP][PASSED] - if (myValue.length() >= 4): null

27-02-2025T17:41:59 - [TEST_STEP][PASSED] - if (myValue.substring(0, 4) == "(!) "): null

27-02-2025T17:41:59 - [TEST_STEP][PASSED] - myType = element.getAttribute("type"): null

27-02-2025T17:41:59 - [TEST_STEP][PASSED] - if (myValue in varParms[i]): null

27-02-2025T17:41:59 - [TEST_STEP][PASSED] - else: null

27-02-2025T17:41:59 - [TEST_STEP][PASSED] - inList = false: null

27-02-2025T17:41:59 - [TEST_STEP][PASSED] - if (myType == "checkbox"): null

27-02-2025T17:41:59 - [TEST_STEP][PASSED] - myStatus = element.isSelected(): null

27-02-2025T17:41:59 - [TEST_STEP][PASSED] - if (debug): null

27-02-2025T17:41:59 - [TEST_STEP][PASSED] - if (toggle && myStatus && inList): null

27-02-2025T17:41:59 - [TEST_STEP][PASSED] - if (!(myStatus) && inList || myStatus && !(inList)): null

27-02-2025T17:41:59 - [TEST_STEP][PASSED] - myValue = element.getAttribute("value"): null

27-02-2025T17:41:59 - [TEST_STEP][PASSED] - if (debug): null

27-02-2025T17:41:59 - [TEST_STEP][PASSED] - if (myValue.length() >= 4): null

27-02-2025T17:41:59 - [TEST_STEP][PASSED] - if (myValue.substring(0, 4) == "(!) "): null

27-02-2025T17:41:59 - [TEST_STEP][PASSED] - myType = element.getAttribute("type"): null

27-02-2025T17:41:59 - [TEST_STEP][PASSED] - if (myValue in varParms[i]): null

27-02-2025T17:41:59 - [TEST_STEP][PASSED] - else: null

27-02-2025T17:41:59 - [TEST_STEP][PASSED] - inList = false: null

27-02-2025T17:41:59 - [TEST_STEP][PASSED] - if (myType == "checkbox"): null

27-02-2025T17:41:59 - [TEST_STEP][PASSED] - myStatus = element.isSelected(): null

27-02-2025T17:41:59 - [TEST_STEP][PASSED] - if (debug): null

27-02-2025T17:41:59 - [TEST_STEP][PASSED] - if (toggle && myStatus && inList): null

27-02-2025T17:41:59 - [TEST_STEP][PASSED] - if (!(myStatus) && inList || myStatus && !(inList)): null

27-02-2025T17:41:59 - [TEST_STEP][PASSED] - myValue = element.getAttribute("value"): null

27-02-2025T17:41:59 - [TEST_STEP][PASSED] - if (debug): null

27-02-2025T17:41:59 - [TEST_STEP][PASSED] - if (myValue.length() >= 4): null

27-02-2025T17:41:59 - [TEST_STEP][PASSED] - if (myValue.substring(0, 4) == "(!) "): null

27-02-2025T17:41:59 - [TEST_STEP][PASSED] - myType = element.getAttribute("type"): null

27-02-2025T17:41:59 - [TEST_STEP][PASSED] - if (myValue in varParms[i]): null

27-02-2025T17:41:59 - [TEST_STEP][PASSED] - inList = true: null

27-02-2025T17:41:59 - [TEST_STEP][PASSED] - if (myType == "checkbox"): null

27-02-2025T17:41:59 - [TEST_STEP][PASSED] - myStatus = element.isSelected(): null

27-02-2025T17:41:59 - [TEST_STEP][PASSED] - if (debug): null

27-02-2025T17:41:59 - [TEST_STEP][PASSED] - if (toggle && myStatus && inList): null

27-02-2025T17:41:59 - [TEST_STEP][PASSED] - if (!(myStatus) && inList || myStatus && !(inList)): null

27-02-2025T17:41:59 - [TEST_STEP][PASSED] - if (debug): null

27-02-2025T17:41:59 - [TEST_STEP][PASSED] - println("Clicking " + myValue): null

27-02-2025T17:41:59 - [TEST_STEP][PASSED] - click(element): null

27-02-2025T17:41:59 - [TEST_STEP][PASSED] - scrollToObject(elem): null

27-02-2025T17:41:59 - [TEST_STEP][PASSED] - loc = element.getLocation(): null

27-02-2025T17:41:59 - [TEST_STEP][PASSED] - if (debug): null

27-02-2025T17:41:59 - [TEST_STEP][PASSED] - y = loc.getY(): null

27-02-2025T17:41:59 - [TEST_STEP][PASSED] - println("Y location is " + y): null

27-02-2025T17:41:59 - [TEST_STEP][PASSED] - top = getViewportTopPosition(): Current viewport's top (y) position is 1128

27-02-2025T17:41:59 - [MESSAGE][PASSED] - Current viewport's top (y) position is 1128

27-02-2025T17:41:59 - [TEST_STEP][PASSED] - println("Viewport top is " + top): null

27-02-2025T17:41:59 - [TEST_STEP][PASSED] - bottom = top + 600: null

27-02-2025T17:41:59 - [TEST_STEP][PASSED] - if (y - top < 150 || bottom - y < 10): null

27-02-2025T17:41:59 - [TEST_STEP][PASSED] - elem.click(): null

27-02-2025T17:41:59 - [TEST_STEP][PASSED] - myValue = element.getAttribute("value"): null

27-02-2025T17:41:59 - [TEST_STEP][PASSED] - if (debug): null

27-02-2025T17:41:59 - [TEST_STEP][PASSED] - if (myValue.length() >= 4): null

27-02-2025T17:41:59 - [TEST_STEP][PASSED] - if (myValue.substring(0, 4) == "(!) "): null

27-02-2025T17:41:59 - [TEST_STEP][PASSED] - myType = element.getAttribute("type"): null

27-02-2025T17:41:59 - [TEST_STEP][PASSED] - if (myValue in varParms[i]): null

27-02-2025T17:41:59 - [TEST_STEP][PASSED] - inList = true: null

27-02-2025T17:41:59 - [TEST_STEP][PASSED] - if (myType == "checkbox"): null

27-02-2025T17:41:59 - [TEST_STEP][PASSED] - myStatus = element.isSelected(): null

27-02-2025T17:41:59 - [TEST_STEP][PASSED] - if (debug): null

27-02-2025T17:41:59 - [TEST_STEP][PASSED] - if (toggle && myStatus && inList): null

27-02-2025T17:41:59 - [TEST_STEP][PASSED] - if (!(myStatus) && inList || myStatus && !(inList)): null

27-02-2025T17:41:59 - [TEST_STEP][PASSED] - if (debug): null

27-02-2025T17:41:59 - [TEST_STEP][PASSED] - println("Clicking " + myValue): null

27-02-2025T17:41:59 - [TEST_STEP][PASSED] - click(element): null

27-02-2025T17:41:59 - [TEST_STEP][PASSED] - scrollToObject(elem): null

27-02-2025T17:41:59 - [TEST_STEP][PASSED] - loc = element.getLocation(): null

27-02-2025T17:41:59 - [TEST_STEP][PASSED] - if (debug): null

27-02-2025T17:41:59 - [TEST_STEP][PASSED] - y = loc.getY(): null

27-02-2025T17:41:59 - [TEST_STEP][PASSED] - println("Y location is " + y): null

27-02-2025T17:41:59 - [TEST_STEP][PASSED] - top = getViewportTopPosition(): Current viewport's top (y) position is 1128

27-02-2025T17:41:59 - [MESSAGE][PASSED] - Current viewport's top (y) position is 1128

27-02-2025T17:41:59 - [TEST_STEP][PASSED] - println("Viewport top is " + top): null

27-02-2025T17:41:59 - [TEST_STEP][PASSED] - bottom = top + 600: null

27-02-2025T17:41:59 - [TEST_STEP][PASSED] - if (y - top < 150 || bottom - y < 10): null

27-02-2025T17:41:59 - [TEST_STEP][PASSED] - elem.click(): null

27-02-2025T17:41:59 - [TEST_STEP][PASSED] - myValue = element.getAttribute("value"): null

27-02-2025T17:41:59 - [TEST_STEP][PASSED] - if (debug): null

27-02-2025T17:41:59 - [TEST_STEP][PASSED] - if (myValue.length() >= 4): null

27-02-2025T17:41:59 - [TEST_STEP][PASSED] - if (myValue.substring(0, 4) == "(!) "): null

27-02-2025T17:41:59 - [TEST_STEP][PASSED] - myType = element.getAttribute("type"): null

27-02-2025T17:41:59 - [TEST_STEP][PASSED] - if (myValue in varParms[i]): null

27-02-2025T17:41:59 - [TEST_STEP][PASSED] - inList = true: null

27-02-2025T17:41:59 - [TEST_STEP][PASSED] - if (myType == "checkbox"): null

27-02-2025T17:41:59 - [TEST_STEP][PASSED] - myStatus = element.isSelected(): null

27-02-2025T17:41:59 - [TEST_STEP][PASSED] - if (debug): null

27-02-2025T17:41:59 - [TEST_STEP][PASSED] - if (toggle && myStatus && inList): null

27-02-2025T17:41:59 - [TEST_STEP][PASSED] - if (!(myStatus) && inList || myStatus && !(inList)): null

27-02-2025T17:41:59 - [TEST_STEP][PASSED] - if (debug): null

27-02-2025T17:41:59 - [TEST_STEP][PASSED] - println("Clicking " + myValue): null

27-02-2025T17:41:59 - [TEST_STEP][PASSED] - click(element): null

27-02-2025T17:41:59 - [TEST_STEP][PASSED] - scrollToObject(elem): null

27-02-2025T17:41:59 - [TEST_STEP][PASSED] - loc = element.getLocation(): null

27-02-2025T17:41:59 - [TEST_STEP][PASSED] - if (debug): null

27-02-2025T17:41:59 - [TEST_STEP][PASSED] - y = loc.getY(): null

27-02-2025T17:41:59 - [TEST_STEP][PASSED] - println("Y location is " + y): null

27-02-2025T17:41:59 - [TEST_STEP][PASSED] - top = getViewportTopPosition(): Current viewport's top (y) position is 1128

27-02-2025T17:41:59 - [MESSAGE][PASSED] - Current viewport's top (y) position is 1128

27-02-2025T17:41:59 - [TEST_STEP][PASSED] - println("Viewport top is " + top): null

27-02-2025T17:41:59 - [TEST_STEP][PASSED] - bottom = top + 600: null

27-02-2025T17:41:59 - [TEST_STEP][PASSED] - if (y - top < 150 || bottom - y < 10): null

27-02-2025T17:41:59 - [TEST_STEP][PASSED] - elem.click(): null

27-02-2025T17:41:59 - [TEST_STEP][PASSED] - myValue = element.getAttribute("value"): null

27-02-2025T17:41:59 - [TEST_STEP][PASSED] - if (debug): null

27-02-2025T17:41:59 - [TEST_STEP][PASSED] - if (myValue.length() >= 4): null

27-02-2025T17:41:59 - [TEST_STEP][PASSED] - if (myValue.substring(0, 4) == "(!) "): null

27-02-2025T17:41:59 - [TEST_STEP][PASSED] - myType = element.getAttribute("type"): null

27-02-2025T17:41:59 - [TEST_STEP][PASSED] - if (myValue in varParms[i]): null

27-02-2025T17:41:59 - [TEST_STEP][PASSED] - else: null

27-02-2025T17:41:59 - [TEST_STEP][PASSED] - inList = false: null

27-02-2025T17:41:59 - [TEST_STEP][PASSED] - if (myType == "checkbox"): null

27-02-2025T17:41:59 - [TEST_STEP][PASSED] - myStatus = element.isSelected(): null

27-02-2025T17:41:59 - [TEST_STEP][PASSED] - if (debug): null

27-02-2025T17:41:59 - [TEST_STEP][PASSED] - if (toggle && myStatus && inList): null

27-02-2025T17:41:59 - [TEST_STEP][PASSED] - if (!(myStatus) && inList || myStatus && !(inList)): null

27-02-2025T17:41:59 - [TEST_STEP][PASSED] - myValue = element.getAttribute("value"): null

27-02-2025T17:41:59 - [TEST_STEP][PASSED] - if (debug): null

27-02-2025T17:41:59 - [TEST_STEP][PASSED] - if (myValue.length() >= 4): null

27-02-2025T17:41:59 - [TEST_STEP][PASSED] - if (myValue.substring(0, 4) == "(!) "): null

27-02-2025T17:41:59 - [TEST_STEP][PASSED] - myType = element.getAttribute("type"): null

27-02-2025T17:41:59 - [TEST_STEP][PASSED] - if (myValue in varParms[i]): null

27-02-2025T17:41:59 - [TEST_STEP][PASSED] - else: null

27-02-2025T17:41:59 - [TEST_STEP][PASSED] - inList = false: null

27-02-2025T17:41:59 - [TEST_STEP][PASSED] - if (myType == "checkbox"): null

27-02-2025T17:41:59 - [TEST_STEP][PASSED] - myStatus = element.isSelected(): null

27-02-2025T17:41:59 - [TEST_STEP][PASSED] - if (debug): null

27-02-2025T17:41:59 - [TEST_STEP][PASSED] - if (toggle && myStatus && inList): null

27-02-2025T17:41:59 - [TEST_STEP][PASSED] - if (!(myStatus) && inList || myStatus && !(inList)): null

27-02-2025T17:41:59 - [TEST_STEP][PASSED] - myValue = element.getAttribute("value"): null

27-02-2025T17:41:59 - [TEST_STEP][PASSED] - if (debug): null

27-02-2025T17:41:59 - [TEST_STEP][PASSED] - if (myValue.length() >= 4): null

27-02-2025T17:41:59 - [TEST_STEP][PASSED] - if (myValue.substring(0, 4) == "(!) "): null

27-02-2025T17:41:59 - [TEST_STEP][PASSED] - myType = element.getAttribute("type"): null

27-02-2025T17:41:59 - [TEST_STEP][PASSED] - if (myValue in varParms[i]): null

27-02-2025T17:41:59 - [TEST_STEP][PASSED] - else: null

27-02-2025T17:41:59 - [TEST_STEP][PASSED] - inList = false: null

27-02-2025T17:41:59 - [TEST_STEP][PASSED] - if (myType == "checkbox"): null

27-02-2025T17:41:59 - [TEST_STEP][PASSED] - myStatus = element.isSelected(): null

27-02-2025T17:41:59 - [TEST_STEP][PASSED] - if (debug): null

27-02-2025T17:41:59 - [TEST_STEP][PASSED] - if (toggle && myStatus && inList): null

27-02-2025T17:41:59 - [TEST_STEP][PASSED] - if (!(myStatus) && inList || myStatus && !(inList)): null

27-02-2025T17:41:59 - [TEST_STEP][PASSED] - myValue = element.getAttribute("value"): null

27-02-2025T17:41:59 - [TEST_STEP][PASSED] - if (debug): null

27-02-2025T17:41:59 - [TEST_STEP][PASSED] - if (myValue.length() >= 4): null

27-02-2025T17:41:59 - [TEST_STEP][PASSED] - if (myValue.substring(0, 4) == "(!) "): null

27-02-2025T17:41:59 - [TEST_STEP][PASSED] - myType = element.getAttribute("type"): null

27-02-2025T17:41:59 - [TEST_STEP][PASSED] - if (myValue in varParms[i]): null

27-02-2025T17:41:59 - [TEST_STEP][PASSED] - inList = true: null

27-02-2025T17:41:59 - [TEST_STEP][PASSED] - if (myType == "checkbox"): null

27-02-2025T17:41:59 - [TEST_STEP][PASSED] - myStatus = element.isSelected(): null

27-02-2025T17:41:59 - [TEST_STEP][PASSED] - if (debug): null

27-02-2025T17:41:59 - [TEST_STEP][PASSED] - if (toggle && myStatus && inList): null

27-02-2025T17:41:59 - [TEST_STEP][PASSED] - if (!(myStatus) && inList || myStatus && !(inList)): null

27-02-2025T17:41:59 - [TEST_STEP][PASSED] - if (debug): null

27-02-2025T17:41:59 - [TEST_STEP][PASSED] - println("Clicking " + myValue): null

27-02-2025T17:41:59 - [TEST_STEP][PASSED] - click(element): null

27-02-2025T17:41:59 - [TEST_STEP][PASSED] - scrollToObject(elem): null

27-02-2025T17:41:59 - [TEST_STEP][PASSED] - loc = element.getLocation(): null

27-02-2025T17:41:59 - [TEST_STEP][PASSED] - if (debug): null

27-02-2025T17:41:59 - [TEST_STEP][PASSED] - y = loc.getY(): null

27-02-2025T17:41:59 - [TEST_STEP][PASSED] - println("Y location is " + y): null

27-02-2025T17:41:59 - [TEST_STEP][PASSED] - top = getViewportTopPosition(): Current viewport's top (y) position is 1128

27-02-2025T17:41:59 - [MESSAGE][PASSED] - Current viewport's top (y) position is 1128

27-02-2025T17:41:59 - [TEST_STEP][PASSED] - println("Viewport top is " + top): null

27-02-2025T17:41:59 - [TEST_STEP][PASSED] - bottom = top + 600: null

27-02-2025T17:41:59 - [TEST_STEP][PASSED] - if (y - top < 150 || bottom - y < 10): null

27-02-2025T17:41:59 - [TEST_STEP][PASSED] - elem.click(): null

27-02-2025T17:41:59 - [TEST_STEP][PASSED] - myValue = element.getAttribute("value"): null

27-02-2025T17:41:59 - [TEST_STEP][PASSED] - if (debug): null

27-02-2025T17:41:59 - [TEST_STEP][PASSED] - if (myValue.length() >= 4): null

27-02-2025T17:41:59 - [TEST_STEP][PASSED] - if (myValue.substring(0, 4) == "(!) "): null

27-02-2025T17:41:59 - [TEST_STEP][PASSED] - myType = element.getAttribute("type"): null

27-02-2025T17:41:59 - [TEST_STEP][PASSED] - if (myValue in varParms[i]): null

27-02-2025T17:41:59 - [TEST_STEP][PASSED] - inList = true: null

27-02-2025T17:41:59 - [TEST_STEP][PASSED] - if (myType == "checkbox"): null

27-02-2025T17:41:59 - [TEST_STEP][PASSED] - myStatus = element.isSelected(): null

27-02-2025T17:41:59 - [TEST_STEP][PASSED] - if (debug): null

27-02-2025T17:41:59 - [TEST_STEP][PASSED] - if (toggle && myStatus && inList): null

27-02-2025T17:41:59 - [TEST_STEP][PASSED] - if (!(myStatus) && inList || myStatus && !(inList)): null

27-02-2025T17:41:59 - [TEST_STEP][PASSED] - if (debug): null

27-02-2025T17:41:59 - [TEST_STEP][PASSED] - println("Clicking " + myValue): null

27-02-2025T17:41:59 - [TEST_STEP][PASSED] - click(element): null

27-02-2025T17:41:59 - [TEST_STEP][PASSED] - scrollToObject(elem): null

27-02-2025T17:41:59 - [TEST_STEP][PASSED] - loc = element.getLocation(): null

27-02-2025T17:41:59 - [TEST_STEP][PASSED] - if (debug): null

27-02-2025T17:41:59 - [TEST_STEP][PASSED] - y = loc.getY(): null

27-02-2025T17:41:59 - [TEST_STEP][PASSED] - println("Y location is " + y): null

27-02-2025T17:41:59 - [TEST_STEP][PASSED] - top = getViewportTopPosition(): Current viewport's top (y) position is 1128

27-02-2025T17:41:59 - [MESSAGE][PASSED] - Current viewport's top (y) position is 1128

27-02-2025T17:41:59 - [TEST_STEP][PASSED] - println("Viewport top is " + top): null

27-02-2025T17:41:59 - [TEST_STEP][PASSED] - bottom = top + 600: null

27-02-2025T17:41:59 - [TEST_STEP][PASSED] - if (y - top < 150 || bottom - y < 10): null

27-02-2025T17:41:59 - [TEST_STEP][PASSED] - elem.click(): null

27-02-2025T17:41:59 - [TEST_STEP][PASSED] - myValue = element.getAttribute("value"): null

27-02-2025T17:41:59 - [TEST_STEP][PASSED] - if (debug): null

27-02-2025T17:41:59 - [TEST_STEP][PASSED] - if (myValue.length() >= 4): null

27-02-2025T17:41:59 - [TEST_STEP][PASSED] - if (myValue.substring(0, 4) == "(!) "): null

27-02-2025T17:41:59 - [TEST_STEP][PASSED] - myType = element.getAttribute("type"): null

27-02-2025T17:41:59 - [TEST_STEP][PASSED] - if (myValue in varParms[i]): null

27-02-2025T17:41:59 - [TEST_STEP][PASSED] - else: null

27-02-2025T17:41:59 - [TEST_STEP][PASSED] - inList = false: null

27-02-2025T17:41:59 - [TEST_STEP][PASSED] - if (myType == "checkbox"): null

27-02-2025T17:41:59 - [TEST_STEP][PASSED] - myStatus = element.isSelected(): null

27-02-2025T17:41:59 - [TEST_STEP][PASSED] - if (debug): null

27-02-2025T17:41:59 - [TEST_STEP][PASSED] - if (toggle && myStatus && inList): null

27-02-2025T17:41:59 - [TEST_STEP][PASSED] - if (!(myStatus) && inList || myStatus && !(inList)): null

27-02-2025T17:41:59 - [TEST_STEP][PASSED] - myValue = element.getAttribute("value"): null

27-02-2025T17:41:59 - [TEST_STEP][PASSED] - if (debug): null

27-02-2025T17:41:59 - [TEST_STEP][PASSED] - if (myValue.length() >= 4): null

27-02-2025T17:41:59 - [TEST_STEP][PASSED] - if (myValue.substring(0, 4) == "(!) "): null

27-02-2025T17:41:59 - [TEST_STEP][PASSED] - myType = element.getAttribute("type"): null

27-02-2025T17:41:59 - [TEST_STEP][PASSED] - if (myValue in varParms[i]): null

27-02-2025T17:41:59 - [TEST_STEP][PASSED] - else: null

27-02-2025T17:41:59 - [TEST_STEP][PASSED] - inList = false: null

27-02-2025T17:41:59 - [TEST_STEP][PASSED] - if (myType == "checkbox"): null

27-02-2025T17:41:59 - [TEST_STEP][PASSED] - myStatus = element.isSelected(): null

27-02-2025T17:41:59 - [TEST_STEP][PASSED] - if (debug): null

27-02-2025T17:41:59 - [TEST_STEP][PASSED] - if (toggle && myStatus && inList): null

27-02-2025T17:41:59 - [TEST_STEP][PASSED] - if (!(myStatus) && inList || myStatus && !(inList)): null

27-02-2025T17:41:59 - [TEST_STEP][PASSED] - myValue = element.getAttribute("value"): null

27-02-2025T17:41:59 - [TEST_STEP][PASSED] - if (debug): null

27-02-2025T17:41:59 - [TEST_STEP][PASSED] - if (myValue.length() >= 4): null

27-02-2025T17:41:59 - [TEST_STEP][PASSED] - if (myValue.substring(0, 4) == "(!) "): null

27-02-2025T17:41:59 - [TEST_STEP][PASSED] - myType = element.getAttribute("type"): null

27-02-2025T17:41:59 - [TEST_STEP][PASSED] - if (myValue in varParms[i]): null

27-02-2025T17:41:59 - [TEST_STEP][PASSED] - else: null

27-02-2025T17:41:59 - [TEST_STEP][PASSED] - inList = false: null

27-02-2025T17:41:59 - [TEST_STEP][PASSED] - if (myType == "checkbox"): null

27-02-2025T17:41:59 - [TEST_STEP][PASSED] - myStatus = element.isSelected(): null

27-02-2025T17:41:59 - [TEST_STEP][PASSED] - if (debug): null

27-02-2025T17:41:59 - [TEST_STEP][PASSED] - if (toggle && myStatus && inList): null

27-02-2025T17:41:59 - [TEST_STEP][PASSED] - if (!(myStatus) && inList || myStatus && !(inList)): null

27-02-2025T17:41:59 - [TEST_STEP][PASSED] - myValue = element.getAttribute("value"): null

27-02-2025T17:41:59 - [TEST_STEP][PASSED] - if (debug): null

27-02-2025T17:41:59 - [TEST_STEP][PASSED] - if (myValue.length() >= 4): null

27-02-2025T17:41:59 - [TEST_STEP][PASSED] - if (myValue.substring(0, 4) == "(!) "): null

27-02-2025T17:41:59 - [TEST_STEP][PASSED] - myType = element.getAttribute("type"): null

27-02-2025T17:41:59 - [TEST_STEP][PASSED] - if (myValue in varParms[i]): null

27-02-2025T17:41:59 - [TEST_STEP][PASSED] - else: null

27-02-2025T17:41:59 - [TEST_STEP][PASSED] - inList = false: null

27-02-2025T17:41:59 - [TEST_STEP][PASSED] - if (myType == "checkbox"): null

27-02-2025T17:41:59 - [TEST_STEP][PASSED] - myStatus = element.isSelected(): null

27-02-2025T17:41:59 - [TEST_STEP][PASSED] - if (debug): null

27-02-2025T17:41:59 - [TEST_STEP][PASSED] - if (toggle && myStatus && inList): null

27-02-2025T17:41:59 - [TEST_STEP][PASSED] - if (!(myStatus) && inList || myStatus && !(inList)): null

27-02-2025T17:41:59 - [TEST_STEP][PASSED] - myValue = element.getAttribute("value"): null

27-02-2025T17:41:59 - [TEST_STEP][PASSED] - if (debug): null

27-02-2025T17:41:59 - [TEST_STEP][PASSED] - if (myValue.length() >= 4): null

27-02-2025T17:41:59 - [TEST_STEP][PASSED] - if (myValue.substring(0, 4) == "(!) "): null

27-02-2025T17:41:59 - [TEST_STEP][PASSED] - myType = element.getAttribute("type"): null

27-02-2025T17:41:59 - [TEST_STEP][PASSED] - if (myValue in varParms[i]): null

27-02-2025T17:41:59 - [TEST_STEP][PASSED] - else: null

27-02-2025T17:41:59 - [TEST_STEP][PASSED] - inList = false: null

27-02-2025T17:41:59 - [TEST_STEP][PASSED] - if (myType == "checkbox"): null

27-02-2025T17:41:59 - [TEST_STEP][PASSED] - myStatus = element.isSelected(): null

27-02-2025T17:41:59 - [TEST_STEP][PASSED] - if (debug): null

27-02-2025T17:41:59 - [TEST_STEP][PASSED] - if (toggle && myStatus && inList): null

27-02-2025T17:41:59 - [TEST_STEP][PASSED] - if (!(myStatus) && inList || myStatus && !(inList)): null

27-02-2025T17:41:59 - [TEST_STEP][PASSED] - myValue = element.getAttribute("value"): null

27-02-2025T17:41:59 - [TEST_STEP][PASSED] - if (debug): null

27-02-2025T17:41:59 - [TEST_STEP][PASSED] - if (myValue.length() >= 4): null

27-02-2025T17:41:59 - [TEST_STEP][PASSED] - if (myValue.substring(0, 4) == "(!) "): null

27-02-2025T17:41:59 - [TEST_STEP][PASSED] - myType = element.getAttribute("type"): null

27-02-2025T17:41:59 - [TEST_STEP][PASSED] - if (myValue in varParms[i]): null

27-02-2025T17:41:59 - [TEST_STEP][PASSED] - inList = true: null

27-02-2025T17:41:59 - [TEST_STEP][PASSED] - if (myType == "checkbox"): null

27-02-2025T17:41:59 - [TEST_STEP][PASSED] - myStatus = element.isSelected(): null

27-02-2025T17:41:59 - [TEST_STEP][PASSED] - if (debug): null

27-02-2025T17:41:59 - [TEST_STEP][PASSED] - if (toggle && myStatus && inList): null

27-02-2025T17:41:59 - [TEST_STEP][PASSED] - if (!(myStatus) && inList || myStatus && !(inList)): null

27-02-2025T17:41:59 - [TEST_STEP][PASSED] - if (debug): null

27-02-2025T17:41:59 - [TEST_STEP][PASSED] - println("Clicking " + myValue): null

27-02-2025T17:41:59 - [TEST_STEP][PASSED] - click(element): null

27-02-2025T17:41:59 - [TEST_STEP][PASSED] - scrollToObject(elem): null

27-02-2025T17:41:59 - [TEST_STEP][PASSED] - loc = element.getLocation(): null

27-02-2025T17:41:59 - [TEST_STEP][PASSED] - if (debug): null

27-02-2025T17:41:59 - [TEST_STEP][PASSED] - y = loc.getY(): null

27-02-2025T17:41:59 - [TEST_STEP][PASSED] - println("Y location is " + y): null

27-02-2025T17:41:59 - [TEST_STEP][PASSED] - top = getViewportTopPosition(): Current viewport's top (y) position is 1128

27-02-2025T17:41:59 - [MESSAGE][PASSED] - Current viewport's top (y) position is 1128

27-02-2025T17:41:59 - [TEST_STEP][PASSED] - println("Viewport top is " + top): null

27-02-2025T17:41:59 - [TEST_STEP][PASSED] - bottom = top + 600: null

27-02-2025T17:41:59 - [TEST_STEP][PASSED] - if (y - top < 150 || bottom - y < 10): null

27-02-2025T17:41:59 - [TEST_STEP][PASSED] - elem.click(): null

27-02-2025T17:41:59 - [TEST_STEP][PASSED] - myValue = element.getAttribute("value"): null

27-02-2025T17:41:59 - [TEST_STEP][PASSED] - if (debug): null

27-02-2025T17:41:59 - [TEST_STEP][PASSED] - if (myValue.length() >= 4): null

27-02-2025T17:41:59 - [TEST_STEP][PASSED] - if (myValue.substring(0, 4) == "(!) "): null

27-02-2025T17:41:59 - [TEST_STEP][PASSED] - myType = element.getAttribute("type"): null

27-02-2025T17:41:59 - [TEST_STEP][PASSED] - if (myValue in varParms[i]): null

27-02-2025T17:41:59 - [TEST_STEP][PASSED] - inList = true: null

27-02-2025T17:41:59 - [TEST_STEP][PASSED] - if (myType == "checkbox"): null

27-02-2025T17:41:59 - [TEST_STEP][PASSED] - myStatus = element.isSelected(): null

27-02-2025T17:41:59 - [TEST_STEP][PASSED] - if (debug): null

27-02-2025T17:41:59 - [TEST_STEP][PASSED] - if (toggle && myStatus && inList): null

27-02-2025T17:41:59 - [TEST_STEP][PASSED] - if (!(myStatus) && inList || myStatus && !(inList)): null

27-02-2025T17:41:59 - [TEST_STEP][PASSED] - if (debug): null

27-02-2025T17:41:59 - [TEST_STEP][PASSED] - println("Clicking " + myValue): null

27-02-2025T17:41:59 - [TEST_STEP][PASSED] - click(element): null

27-02-2025T17:41:59 - [TEST_STEP][PASSED] - scrollToObject(elem): null

27-02-2025T17:41:59 - [TEST_STEP][PASSED] - loc = element.getLocation(): null

27-02-2025T17:41:59 - [TEST_STEP][PASSED] - if (debug): null

27-02-2025T17:41:59 - [TEST_STEP][PASSED] - y = loc.getY(): null

27-02-2025T17:41:59 - [TEST_STEP][PASSED] - println("Y location is " + y): null

27-02-2025T17:41:59 - [TEST_STEP][PASSED] - top = getViewportTopPosition(): Current viewport's top (y) position is 1128

27-02-2025T17:41:59 - [MESSAGE][PASSED] - Current viewport's top (y) position is 1128

27-02-2025T17:41:59 - [TEST_STEP][PASSED] - println("Viewport top is " + top): null

27-02-2025T17:41:59 - [TEST_STEP][PASSED] - bottom = top + 600: null

27-02-2025T17:41:59 - [TEST_STEP][PASSED] - if (y - top < 150 || bottom - y < 10): null

27-02-2025T17:41:59 - [TEST_STEP][PASSED] - elem.click(): null

27-02-2025T17:41:59 - [TEST_STEP][PASSED] - myValue = element.getAttribute("value"): null

27-02-2025T17:41:59 - [TEST_STEP][PASSED] - if (debug): null

27-02-2025T17:41:59 - [TEST_STEP][PASSED] - if (myValue.length() >= 4): null

27-02-2025T17:41:59 - [TEST_STEP][PASSED] - if (myValue.substring(0, 4) == "(!) "): null

27-02-2025T17:41:59 - [TEST_STEP][PASSED] - myType = element.getAttribute("type"): null

27-02-2025T17:41:59 - [TEST_STEP][PASSED] - if (myValue in varParms[i]): null

27-02-2025T17:41:59 - [TEST_STEP][PASSED] - else: null

27-02-2025T17:41:59 - [TEST_STEP][PASSED] - inList = false: null

27-02-2025T17:41:59 - [TEST_STEP][PASSED] - if (myType == "checkbox"): null

27-02-2025T17:41:59 - [TEST_STEP][PASSED] - myStatus = element.isSelected(): null

27-02-2025T17:41:59 - [TEST_STEP][PASSED] - if (debug): null

27-02-2025T17:41:59 - [TEST_STEP][PASSED] - if (toggle && myStatus && inList): null

27-02-2025T17:41:59 - [TEST_STEP][PASSED] - if (!(myStatus) && inList || myStatus && !(inList)): null

27-02-2025T17:41:59 - [TEST_STEP][PASSED] - myValue = element.getAttribute("value"): null

27-02-2025T17:41:59 - [TEST_STEP][PASSED] - if (debug): null

27-02-2025T17:41:59 - [TEST_STEP][PASSED] - if (myValue.length() >= 4): null

27-02-2025T17:41:59 - [TEST_STEP][PASSED] - if (myValue.substring(0, 4) == "(!) "): null

27-02-2025T17:41:59 - [TEST_STEP][PASSED] - myType = element.getAttribute("type"): null

27-02-2025T17:41:59 - [TEST_STEP][PASSED] - if (myValue in varParms[i]): null

27-02-2025T17:41:59 - [TEST_STEP][PASSED] - else: null

27-02-2025T17:41:59 - [TEST_STEP][PASSED] - inList = false: null

27-02-2025T17:41:59 - [TEST_STEP][PASSED] - if (myType == "checkbox"): null

27-02-2025T17:41:59 - [TEST_STEP][PASSED] - myStatus = element.isSelected(): null

27-02-2025T17:41:59 - [TEST_STEP][PASSED] - if (debug): null

27-02-2025T17:41:59 - [TEST_STEP][PASSED] - if (toggle && myStatus && inList): null

27-02-2025T17:41:59 - [TEST_STEP][PASSED] - if (!(myStatus) && inList || myStatus && !(inList)): null

27-02-2025T17:41:59 - [TEST_STEP][PASSED] - myValue = element.getAttribute("value"): null

27-02-2025T17:41:59 - [TEST_STEP][PASSED] - if (debug): null

27-02-2025T17:41:59 - [TEST_STEP][PASSED] - if (myValue.length() >= 4): null

27-02-2025T17:41:59 - [TEST_STEP][PASSED] - if (myValue.substring(0, 4) == "(!) "): null

27-02-2025T17:41:59 - [TEST_STEP][PASSED] - myType = element.getAttribute("type"): null

27-02-2025T17:41:59 - [TEST_STEP][PASSED] - if (myValue in varParms[i]): null

27-02-2025T17:41:59 - [TEST_STEP][PASSED] - else: null

27-02-2025T17:41:59 - [TEST_STEP][PASSED] - inList = false: null

27-02-2025T17:41:59 - [TEST_STEP][PASSED] - if (myType == "checkbox"): null

27-02-2025T17:41:59 - [TEST_STEP][PASSED] - myStatus = element.isSelected(): null

27-02-2025T17:41:59 - [TEST_STEP][PASSED] - if (debug): null

27-02-2025T17:41:59 - [TEST_STEP][PASSED] - if (toggle && myStatus && inList): null

27-02-2025T17:41:59 - [TEST_STEP][PASSED] - if (!(myStatus) && inList || myStatus && !(inList)): null

27-02-2025T17:41:59 - [TEST_STEP][PASSED] - myValue = element.getAttribute("value"): null

27-02-2025T17:41:59 - [TEST_STEP][PASSED] - if (debug): null

27-02-2025T17:41:59 - [TEST_STEP][PASSED] - if (myValue.length() >= 4): null

27-02-2025T17:41:59 - [TEST_STEP][PASSED] - if (myValue.substring(0, 4) == "(!) "): null

27-02-2025T17:41:59 - [TEST_STEP][PASSED] - myType = element.getAttribute("type"): null

27-02-2025T17:41:59 - [TEST_STEP][PASSED] - if (myValue in varParms[i]): null

27-02-2025T17:41:59 - [TEST_STEP][PASSED] - else: null

27-02-2025T17:41:59 - [TEST_STEP][PASSED] - inList = false: null

27-02-2025T17:41:59 - [TEST_STEP][PASSED] - if (myType == "checkbox"): null

27-02-2025T17:41:59 - [TEST_STEP][PASSED] - myStatus = element.isSelected(): null

27-02-2025T17:41:59 - [TEST_STEP][PASSED] - if (debug): null

27-02-2025T17:41:59 - [TEST_STEP][PASSED] - if (toggle && myStatus && inList): null

27-02-2025T17:41:59 - [TEST_STEP][PASSED] - if (!(myStatus) && inList || myStatus && !(inList)): null

27-02-2025T17:41:59 - [TEST_STEP][PASSED] - myValue = element.getAttribute("value"): null

27-02-2025T17:41:59 - [TEST_STEP][PASSED] - if (debug): null

27-02-2025T17:41:59 - [TEST_STEP][PASSED] - if (myValue.length() >= 4): null

27-02-2025T17:41:59 - [TEST_STEP][PASSED] - if (myValue.substring(0, 4) == "(!) "): null

27-02-2025T17:41:59 - [TEST_STEP][PASSED] - myType = element.getAttribute("type"): null

27-02-2025T17:41:59 - [TEST_STEP][PASSED] - if (myValue in varParms[i]): null

27-02-2025T17:41:59 - [TEST_STEP][PASSED] - else: null

27-02-2025T17:41:59 - [TEST_STEP][PASSED] - inList = false: null

27-02-2025T17:41:59 - [TEST_STEP][PASSED] - if (myType == "checkbox"): null

27-02-2025T17:41:59 - [TEST_STEP][PASSED] - myStatus = element.isSelected(): null

27-02-2025T17:41:59 - [TEST_STEP][PASSED] - if (debug): null

27-02-2025T17:41:59 - [TEST_STEP][PASSED] - if (toggle && myStatus && inList): null

27-02-2025T17:41:59 - [TEST_STEP][PASSED] - if (!(myStatus) && inList || myStatus && !(inList)): null

27-02-2025T17:41:59 - [TEST_STEP][PASSED] - myValue = element.getAttribute("value"): null

27-02-2025T17:41:59 - [TEST_STEP][PASSED] - if (debug): null

27-02-2025T17:41:59 - [TEST_STEP][PASSED] - if (myValue.length() >= 4): null

27-02-2025T17:41:59 - [TEST_STEP][PASSED] - if (myValue.substring(0, 4) == "(!) "): null

27-02-2025T17:41:59 - [TEST_STEP][PASSED] - myType = element.getAttribute("type"): null

27-02-2025T17:41:59 - [TEST_STEP][PASSED] - if (myValue in varParms[i]): null

27-02-2025T17:41:59 - [TEST_STEP][PASSED] - else: null

27-02-2025T17:41:59 - [TEST_STEP][PASSED] - inList = false: null

27-02-2025T17:41:59 - [TEST_STEP][PASSED] - if (myType == "checkbox"): null

27-02-2025T17:41:59 - [TEST_STEP][PASSED] - myStatus = element.isSelected(): null

27-02-2025T17:41:59 - [TEST_STEP][PASSED] - if (debug): null

27-02-2025T17:41:59 - [TEST_STEP][PASSED] - if (toggle && myStatus && inList): null

27-02-2025T17:41:59 - [TEST_STEP][PASSED] - if (!(myStatus) && inList || myStatus && !(inList)): null

27-02-2025T17:41:59 - [TEST_STEP][PASSED] - myValue = element.getAttribute("value"): null

27-02-2025T17:41:59 - [TEST_STEP][PASSED] - if (debug): null

27-02-2025T17:41:59 - [TEST_STEP][PASSED] - if (myValue.length() >= 4): null

27-02-2025T17:41:59 - [TEST_STEP][PASSED] - if (myValue.substring(0, 4) == "(!) "): null

27-02-2025T17:41:59 - [TEST_STEP][PASSED] - myType = element.getAttribute("type"): null

27-02-2025T17:41:59 - [TEST_STEP][PASSED] - if (myValue in varParms[i]): null

27-02-2025T17:41:59 - [TEST_STEP][PASSED] - else: null

27-02-2025T17:41:59 - [TEST_STEP][PASSED] - inList = false: null

27-02-2025T17:41:59 - [TEST_STEP][PASSED] - if (myType == "checkbox"): null

27-02-2025T17:41:59 - [TEST_STEP][PASSED] - myStatus = element.isSelected(): null

27-02-2025T17:41:59 - [TEST_STEP][PASSED] - if (debug): null

27-02-2025T17:41:59 - [TEST_STEP][PASSED] - if (toggle && myStatus && inList): null

27-02-2025T17:41:59 - [TEST_STEP][PASSED] - if (!(myStatus) && inList || myStatus && !(inList)): null

27-02-2025T17:41:59 - [TEST_STEP][PASSED] - myValue = element.getAttribute("value"): null

27-02-2025T17:41:59 - [TEST_STEP][PASSED] - if (debug): null

27-02-2025T17:41:59 - [TEST_STEP][PASSED] - if (myValue.length() >= 4): null

27-02-2025T17:41:59 - [TEST_STEP][PASSED] - if (myValue.substring(0, 4) == "(!) "): null

27-02-2025T17:41:59 - [TEST_STEP][PASSED] - myType = element.getAttribute("type"): null

27-02-2025T17:41:59 - [TEST_STEP][PASSED] - if (myValue in varParms[i]): null

27-02-2025T17:41:59 - [TEST_STEP][PASSED] - inList = true: null

27-02-2025T17:41:59 - [TEST_STEP][PASSED] - if (myType == "checkbox"): null

27-02-2025T17:41:59 - [TEST_STEP][PASSED] - myStatus = element.isSelected(): null

27-02-2025T17:41:59 - [TEST_STEP][PASSED] - if (debug): null

27-02-2025T17:41:59 - [TEST_STEP][PASSED] - if (toggle && myStatus && inList): null

27-02-2025T17:41:59 - [TEST_STEP][PASSED] - if (!(myStatus) && inList || myStatus && !(inList)): null

27-02-2025T17:41:59 - [TEST_STEP][PASSED] - if (debug): null

27-02-2025T17:41:59 - [TEST_STEP][PASSED] - println("Clicking " + myValue): null

27-02-2025T17:41:59 - [TEST_STEP][PASSED] - click(element): null

27-02-2025T17:41:59 - [TEST_STEP][PASSED] - scrollToObject(elem): null

27-02-2025T17:41:59 - [TEST_STEP][PASSED] - loc = element.getLocation(): null

27-02-2025T17:41:59 - [TEST_STEP][PASSED] - if (debug): null

27-02-2025T17:41:59 - [TEST_STEP][PASSED] - y = loc.getY(): null

27-02-2025T17:41:59 - [TEST_STEP][PASSED] - println("Y location is " + y): null

27-02-2025T17:41:59 - [TEST_STEP][PASSED] - top = getViewportTopPosition(): Current viewport's top (y) position is 1128

27-02-2025T17:41:59 - [MESSAGE][PASSED] - Current viewport's top (y) position is 1128

27-02-2025T17:41:59 - [TEST_STEP][PASSED] - println("Viewport top is " + top): null

27-02-2025T17:41:59 - [TEST_STEP][PASSED] - bottom = top + 600: null

27-02-2025T17:41:59 - [TEST_STEP][PASSED] - if (y - top < 150 || bottom - y < 10): null

27-02-2025T17:41:59 - [TEST_STEP][PASSED] - elem.click(): null

27-02-2025T17:41:59 - [TEST_STEP][PASSED] - myValue = element.getAttribute("value"): null

27-02-2025T17:41:59 - [TEST_STEP][PASSED] - if (debug): null

27-02-2025T17:41:59 - [TEST_STEP][PASSED] - if (myValue.length() >= 4): null

27-02-2025T17:41:59 - [TEST_STEP][PASSED] - if (myValue.substring(0, 4) == "(!) "): null

27-02-2025T17:41:59 - [TEST_STEP][PASSED] - myType = element.getAttribute("type"): null

27-02-2025T17:41:59 - [TEST_STEP][PASSED] - if (myValue in varParms[i]): null

27-02-2025T17:41:59 - [TEST_STEP][PASSED] - else: null

27-02-2025T17:41:59 - [TEST_STEP][PASSED] - inList = false: null

27-02-2025T17:41:59 - [TEST_STEP][PASSED] - if (myType == "checkbox"): null

27-02-2025T17:41:59 - [TEST_STEP][PASSED] - myStatus = element.isSelected(): null

27-02-2025T17:42:00 - [TEST_STEP][PASSED] - if (debug): null

27-02-2025T17:42:00 - [TEST_STEP][PASSED] - if (toggle && myStatus && inList): null

27-02-2025T17:42:00 - [TEST_STEP][PASSED] - if (!(myStatus) && inList || myStatus && !(inList)): null

27-02-2025T17:42:00 - [TEST_STEP][PASSED] - myValue = element.getAttribute("value"): null

27-02-2025T17:42:00 - [TEST_STEP][PASSED] - if (debug): null

27-02-2025T17:42:00 - [TEST_STEP][PASSED] - if (myValue.length() >= 4): null

27-02-2025T17:42:00 - [TEST_STEP][PASSED] - if (myValue.substring(0, 4) == "(!) "): null

27-02-2025T17:42:00 - [TEST_STEP][PASSED] - myType = element.getAttribute("type"): null

27-02-2025T17:42:00 - [TEST_STEP][PASSED] - if (myValue in varParms[i]): null

27-02-2025T17:42:00 - [TEST_STEP][PASSED] - else: null

27-02-2025T17:42:00 - [TEST_STEP][PASSED] - inList = false: null

27-02-2025T17:42:00 - [TEST_STEP][PASSED] - if (myType == "checkbox"): null

27-02-2025T17:42:00 - [TEST_STEP][PASSED] - myStatus = element.isSelected(): null

27-02-2025T17:42:00 - [TEST_STEP][PASSED] - if (debug): null

27-02-2025T17:42:00 - [TEST_STEP][PASSED] - if (toggle && myStatus && inList): null

27-02-2025T17:42:00 - [TEST_STEP][PASSED] - if (!(myStatus) && inList || myStatus && !(inList)): null

27-02-2025T17:42:00 - [TEST_STEP][PASSED] - myValue = element.getAttribute("value"): null

27-02-2025T17:42:00 - [TEST_STEP][PASSED] - if (debug): null

27-02-2025T17:42:00 - [TEST_STEP][PASSED] - if (myValue.length() >= 4): null

27-02-2025T17:42:00 - [TEST_STEP][PASSED] - if (myValue.substring(0, 4) == "(!) "): null

27-02-2025T17:42:00 - [TEST_STEP][PASSED] - myType = element.getAttribute("type"): null

27-02-2025T17:42:00 - [TEST_STEP][PASSED] - if (myValue in varParms[i]): null

27-02-2025T17:42:00 - [TEST_STEP][PASSED] - else: null

27-02-2025T17:42:00 - [TEST_STEP][PASSED] - inList = false: null

27-02-2025T17:42:00 - [TEST_STEP][PASSED] - if (myType == "checkbox"): null

27-02-2025T17:42:00 - [TEST_STEP][PASSED] - myStatus = element.isSelected(): null

27-02-2025T17:42:00 - [TEST_STEP][PASSED] - if (debug): null

27-02-2025T17:42:00 - [TEST_STEP][PASSED] - if (toggle && myStatus && inList): null

27-02-2025T17:42:00 - [TEST_STEP][PASSED] - if (!(myStatus) && inList || myStatus && !(inList)): null

27-02-2025T17:42:00 - [TEST_STEP][PASSED] - myValue = element.getAttribute("value"): null

27-02-2025T17:42:00 - [TEST_STEP][PASSED] - if (debug): null

27-02-2025T17:42:00 - [TEST_STEP][PASSED] - if (myValue.length() >= 4): null

27-02-2025T17:42:00 - [TEST_STEP][PASSED] - if (myValue.substring(0, 4) == "(!) "): null

27-02-2025T17:42:00 - [TEST_STEP][PASSED] - myType = element.getAttribute("type"): null

27-02-2025T17:42:00 - [TEST_STEP][PASSED] - if (myValue in varParms[i]): null

27-02-2025T17:42:00 - [TEST_STEP][PASSED] - else: null

27-02-2025T17:42:00 - [TEST_STEP][PASSED] - inList = false: null

27-02-2025T17:42:00 - [TEST_STEP][PASSED] - if (myType == "checkbox"): null

27-02-2025T17:42:00 - [TEST_STEP][PASSED] - myStatus = element.isSelected(): null

27-02-2025T17:42:00 - [TEST_STEP][PASSED] - if (debug): null

27-02-2025T17:42:00 - [TEST_STEP][PASSED] - if (toggle && myStatus && inList): null

27-02-2025T17:42:00 - [TEST_STEP][PASSED] - if (!(myStatus) && inList || myStatus && !(inList)): null

27-02-2025T17:42:00 - [TEST_STEP][PASSED] - myValue = element.getAttribute("value"): null

27-02-2025T17:42:00 - [TEST_STEP][PASSED] - if (debug): null

27-02-2025T17:42:00 - [TEST_STEP][PASSED] - if (myValue.length() >= 4): null

27-02-2025T17:42:00 - [TEST_STEP][PASSED] - if (myValue.substring(0, 4) == "(!) "): null

27-02-2025T17:42:00 - [TEST_STEP][PASSED] - myType = element.getAttribute("type"): null

27-02-2025T17:42:00 - [TEST_STEP][PASSED] - if (myValue in varParms[i]): null

27-02-2025T17:42:00 - [TEST_STEP][PASSED] - inList = true: null

27-02-2025T17:42:00 - [TEST_STEP][PASSED] - if (myType == "checkbox"): null

27-02-2025T17:42:00 - [TEST_STEP][PASSED] - myStatus = element.isSelected(): null

27-02-2025T17:42:00 - [TEST_STEP][PASSED] - if (debug): null

27-02-2025T17:42:00 - [TEST_STEP][PASSED] - if (toggle && myStatus && inList): null

27-02-2025T17:42:00 - [TEST_STEP][PASSED] - if (!(myStatus) && inList || myStatus && !(inList)): null

27-02-2025T17:42:00 - [TEST_STEP][PASSED] - if (debug): null

27-02-2025T17:42:00 - [TEST_STEP][PASSED] - println("Clicking " + myValue): null

27-02-2025T17:42:00 - [TEST_STEP][PASSED] - click(element): null

27-02-2025T17:42:00 - [TEST_STEP][PASSED] - scrollToObject(elem): null

27-02-2025T17:42:00 - [TEST_STEP][PASSED] - loc = element.getLocation(): null

27-02-2025T17:42:00 - [TEST_STEP][PASSED] - if (debug): null

27-02-2025T17:42:00 - [TEST_STEP][PASSED] - y = loc.getY(): null

27-02-2025T17:42:00 - [TEST_STEP][PASSED] - println("Y location is " + y): null

27-02-2025T17:42:00 - [TEST_STEP][PASSED] - top = getViewportTopPosition(): Current viewport's top (y) position is 1128

27-02-2025T17:42:00 - [MESSAGE][PASSED] - Current viewport's top (y) position is 1128

27-02-2025T17:42:00 - [TEST_STEP][PASSED] - println("Viewport top is " + top): null

27-02-2025T17:42:00 - [TEST_STEP][PASSED] - bottom = top + 600: null

27-02-2025T17:42:00 - [TEST_STEP][PASSED] - if (y - top < 150 || bottom - y < 10): null

27-02-2025T17:42:00 - [TEST_STEP][PASSED] - elem.click(): null

27-02-2025T17:42:00 - [TEST_STEP][PASSED] - myValue = element.getAttribute("value"): null

27-02-2025T17:42:00 - [TEST_STEP][PASSED] - if (debug): null

27-02-2025T17:42:00 - [TEST_STEP][PASSED] - if (myValue.length() >= 4): null

27-02-2025T17:42:00 - [TEST_STEP][PASSED] - if (myValue.substring(0, 4) == "(!) "): null

27-02-2025T17:42:00 - [TEST_STEP][PASSED] - myType = element.getAttribute("type"): null

27-02-2025T17:42:00 - [TEST_STEP][PASSED] - if (myValue in varParms[i]): null

27-02-2025T17:42:00 - [TEST_STEP][PASSED] - else: null

27-02-2025T17:42:00 - [TEST_STEP][PASSED] - inList = false: null

27-02-2025T17:42:00 - [TEST_STEP][PASSED] - if (myType == "checkbox"): null

27-02-2025T17:42:00 - [TEST_STEP][PASSED] - myStatus = element.isSelected(): null

27-02-2025T17:42:00 - [TEST_STEP][PASSED] - if (debug): null

27-02-2025T17:42:00 - [TEST_STEP][PASSED] - if (toggle && myStatus && inList): null

27-02-2025T17:42:00 - [TEST_STEP][PASSED] - if (!(myStatus) && inList || myStatus && !(inList)): null

27-02-2025T17:42:00 - [TEST_STEP][PASSED] - myValue = element.getAttribute("value"): null

27-02-2025T17:42:00 - [TEST_STEP][PASSED] - if (debug): null

27-02-2025T17:42:00 - [TEST_STEP][PASSED] - if (myValue.length() >= 4): null

27-02-2025T17:42:00 - [TEST_STEP][PASSED] - if (myValue.substring(0, 4) == "(!) "): null

27-02-2025T17:42:00 - [TEST_STEP][PASSED] - myType = element.getAttribute("type"): null

27-02-2025T17:42:00 - [TEST_STEP][PASSED] - if (myValue in varParms[i]): null

27-02-2025T17:42:00 - [TEST_STEP][PASSED] - else: null

27-02-2025T17:42:00 - [TEST_STEP][PASSED] - inList = false: null

27-02-2025T17:42:00 - [TEST_STEP][PASSED] - if (myType == "checkbox"): null

27-02-2025T17:42:00 - [TEST_STEP][PASSED] - myStatus = element.isSelected(): null

27-02-2025T17:42:00 - [TEST_STEP][PASSED] - if (debug): null

27-02-2025T17:42:00 - [TEST_STEP][PASSED] - if (toggle && myStatus && inList): null

27-02-2025T17:42:00 - [TEST_STEP][PASSED] - if (!(myStatus) && inList || myStatus && !(inList)): null

27-02-2025T17:42:00 - [TEST_STEP][PASSED] - myValue = element.getAttribute("value"): null

27-02-2025T17:42:00 - [TEST_STEP][PASSED] - if (debug): null

27-02-2025T17:42:00 - [TEST_STEP][PASSED] - if (myValue.length() >= 4): null

27-02-2025T17:42:00 - [TEST_STEP][PASSED] - if (myValue.substring(0, 4) == "(!) "): null

27-02-2025T17:42:00 - [TEST_STEP][PASSED] - myType = element.getAttribute("type"): null

27-02-2025T17:42:00 - [TEST_STEP][PASSED] - if (myValue in varParms[i]): null

27-02-2025T17:42:00 - [TEST_STEP][PASSED] - else: null

27-02-2025T17:42:00 - [TEST_STEP][PASSED] - inList = false: null

27-02-2025T17:42:00 - [TEST_STEP][PASSED] - if (myType == "checkbox"): null

27-02-2025T17:42:00 - [TEST_STEP][PASSED] - myStatus = element.isSelected(): null

27-02-2025T17:42:00 - [TEST_STEP][PASSED] - if (debug): null

27-02-2025T17:42:00 - [TEST_STEP][PASSED] - if (toggle && myStatus && inList): null

27-02-2025T17:42:00 - [TEST_STEP][PASSED] - if (!(myStatus) && inList || myStatus && !(inList)): null

27-02-2025T17:42:00 - [TEST_STEP][PASSED] - myValue = element.getAttribute("value"): null

27-02-2025T17:42:00 - [TEST_STEP][PASSED] - if (debug): null

27-02-2025T17:42:00 - [TEST_STEP][PASSED] - if (myValue.length() >= 4): null

27-02-2025T17:42:00 - [TEST_STEP][PASSED] - if (myValue.substring(0, 4) == "(!) "): null

27-02-2025T17:42:00 - [TEST_STEP][PASSED] - myType = element.getAttribute("type"): null

27-02-2025T17:42:00 - [TEST_STEP][PASSED] - if (myValue in varParms[i]): null

27-02-2025T17:42:00 - [TEST_STEP][PASSED] - else: null

27-02-2025T17:42:00 - [TEST_STEP][PASSED] - inList = false: null

27-02-2025T17:42:00 - [TEST_STEP][PASSED] - if (myType == "checkbox"): null

27-02-2025T17:42:00 - [TEST_STEP][PASSED] - myStatus = element.isSelected(): null

27-02-2025T17:42:00 - [TEST_STEP][PASSED] - if (debug): null

27-02-2025T17:42:00 - [TEST_STEP][PASSED] - if (toggle && myStatus && inList): null

27-02-2025T17:42:00 - [TEST_STEP][PASSED] - if (!(myStatus) && inList || myStatus && !(inList)): null

27-02-2025T17:42:00 - [TEST_STEP][PASSED] - myValue = element.getAttribute("value"): null

27-02-2025T17:42:00 - [TEST_STEP][PASSED] - if (debug): null

27-02-2025T17:42:00 - [TEST_STEP][PASSED] - if (myValue.length() >= 4): null

27-02-2025T17:42:00 - [TEST_STEP][PASSED] - if (myValue.substring(0, 4) == "(!) "): null

27-02-2025T17:42:00 - [TEST_STEP][PASSED] - myType = element.getAttribute("type"): null

27-02-2025T17:42:00 - [TEST_STEP][PASSED] - if (myValue in varParms[i]): null

27-02-2025T17:42:00 - [TEST_STEP][PASSED] - inList = true: null

27-02-2025T17:42:00 - [TEST_STEP][PASSED] - if (myType == "checkbox"): null

27-02-2025T17:42:00 - [TEST_STEP][PASSED] - myStatus = element.isSelected(): null

27-02-2025T17:42:00 - [TEST_STEP][PASSED] - if (debug): null

27-02-2025T17:42:00 - [TEST_STEP][PASSED] - if (toggle && myStatus && inList): null

27-02-2025T17:42:00 - [TEST_STEP][PASSED] - if (!(myStatus) && inList || myStatus && !(inList)): null

27-02-2025T17:42:00 - [TEST_STEP][PASSED] - if (debug): null

27-02-2025T17:42:00 - [TEST_STEP][PASSED] - println("Clicking " + myValue): null

27-02-2025T17:42:00 - [TEST_STEP][PASSED] - click(element): null

27-02-2025T17:42:00 - [TEST_STEP][PASSED] - scrollToObject(elem): null

27-02-2025T17:42:00 - [TEST_STEP][PASSED] - loc = element.getLocation(): null

27-02-2025T17:42:00 - [TEST_STEP][PASSED] - if (debug): null

27-02-2025T17:42:00 - [TEST_STEP][PASSED] - y = loc.getY(): null

27-02-2025T17:42:00 - [TEST_STEP][PASSED] - println("Y location is " + y): null

27-02-2025T17:42:00 - [TEST_STEP][PASSED] - top = getViewportTopPosition(): Current viewport's top (y) position is 1128

27-02-2025T17:42:00 - [MESSAGE][PASSED] - Current viewport's top (y) position is 1128

27-02-2025T17:42:00 - [TEST_STEP][PASSED] - println("Viewport top is " + top): null

27-02-2025T17:42:00 - [TEST_STEP][PASSED] - bottom = top + 600: null

27-02-2025T17:42:00 - [TEST_STEP][PASSED] - if (y - top < 150 || bottom - y < 10): null

27-02-2025T17:42:00 - [TEST_STEP][PASSED] - elem.click(): null

27-02-2025T17:42:00 - [TEST_STEP][PASSED] - myValue = element.getAttribute("value"): null

27-02-2025T17:42:00 - [TEST_STEP][PASSED] - if (debug): null

27-02-2025T17:42:00 - [TEST_STEP][PASSED] - if (myValue.length() >= 4): null

27-02-2025T17:42:00 - [TEST_STEP][PASSED] - if (myValue.substring(0, 4) == "(!) "): null

27-02-2025T17:42:00 - [TEST_STEP][PASSED] - myType = element.getAttribute("type"): null

27-02-2025T17:42:00 - [TEST_STEP][PASSED] - if (myValue in varParms[i]): null

27-02-2025T17:42:00 - [TEST_STEP][PASSED] - else: null

27-02-2025T17:42:00 - [TEST_STEP][PASSED] - inList = false: null

27-02-2025T17:42:00 - [TEST_STEP][PASSED] - if (myType == "checkbox"): null

27-02-2025T17:42:00 - [TEST_STEP][PASSED] - myStatus = element.isSelected(): null

27-02-2025T17:42:00 - [TEST_STEP][PASSED] - if (debug): null

27-02-2025T17:42:00 - [TEST_STEP][PASSED] - if (toggle && myStatus && inList): null

27-02-2025T17:42:00 - [TEST_STEP][PASSED] - if (!(myStatus) && inList || myStatus && !(inList)): null

27-02-2025T17:42:00 - [TEST_STEP][PASSED] - myValue = element.getAttribute("value"): null

27-02-2025T17:42:00 - [TEST_STEP][PASSED] - if (debug): null

27-02-2025T17:42:00 - [TEST_STEP][PASSED] - if (myValue.length() >= 4): null

27-02-2025T17:42:00 - [TEST_STEP][PASSED] - if (myValue.substring(0, 4) == "(!) "): null

27-02-2025T17:42:00 - [TEST_STEP][PASSED] - myType = element.getAttribute("type"): null

27-02-2025T17:42:00 - [TEST_STEP][PASSED] - if (myValue in varParms[i]): null

27-02-2025T17:42:00 - [TEST_STEP][PASSED] - else: null

27-02-2025T17:42:00 - [TEST_STEP][PASSED] - inList = false: null

27-02-2025T17:42:00 - [TEST_STEP][PASSED] - if (myType == "checkbox"): null

27-02-2025T17:42:00 - [TEST_STEP][PASSED] - myStatus = element.isSelected(): null

27-02-2025T17:42:00 - [TEST_STEP][PASSED] - if (debug): null

27-02-2025T17:42:00 - [TEST_STEP][PASSED] - if (toggle && myStatus && inList): null

27-02-2025T17:42:00 - [TEST_STEP][PASSED] - if (!(myStatus) && inList || myStatus && !(inList)): null

27-02-2025T17:42:00 - [TEST_STEP][PASSED] - myValue = element.getAttribute("value"): null

27-02-2025T17:42:00 - [TEST_STEP][PASSED] - if (debug): null

27-02-2025T17:42:00 - [TEST_STEP][PASSED] - if (myValue.length() >= 4): null

27-02-2025T17:42:00 - [TEST_STEP][PASSED] - if (myValue.substring(0, 4) == "(!) "): null

27-02-2025T17:42:00 - [TEST_STEP][PASSED] - myType = element.getAttribute("type"): null

27-02-2025T17:42:00 - [TEST_STEP][PASSED] - if (myValue in varParms[i]): null

27-02-2025T17:42:00 - [TEST_STEP][PASSED] - inList = true: null

27-02-2025T17:42:00 - [TEST_STEP][PASSED] - if (myType == "checkbox"): null

27-02-2025T17:42:00 - [TEST_STEP][PASSED] - myStatus = element.isSelected(): null

27-02-2025T17:42:00 - [TEST_STEP][PASSED] - if (debug): null

27-02-2025T17:42:00 - [TEST_STEP][PASSED] - if (toggle && myStatus && inList): null

27-02-2025T17:42:00 - [TEST_STEP][PASSED] - if (!(myStatus) && inList || myStatus && !(inList)): null

27-02-2025T17:42:00 - [TEST_STEP][PASSED] - if (debug): null

27-02-2025T17:42:00 - [TEST_STEP][PASSED] - println("Clicking " + myValue): null

27-02-2025T17:42:00 - [TEST_STEP][PASSED] - click(element): null

27-02-2025T17:42:00 - [TEST_STEP][PASSED] - scrollToObject(elem): null

27-02-2025T17:42:00 - [TEST_STEP][PASSED] - loc = element.getLocation(): null

27-02-2025T17:42:00 - [TEST_STEP][PASSED] - if (debug): null

27-02-2025T17:42:00 - [TEST_STEP][PASSED] - y = loc.getY(): null

27-02-2025T17:42:00 - [TEST_STEP][PASSED] - println("Y location is " + y): null

27-02-2025T17:42:00 - [TEST_STEP][PASSED] - top = getViewportTopPosition(): Current viewport's top (y) position is 1128

27-02-2025T17:42:00 - [MESSAGE][PASSED] - Current viewport's top (y) position is 1128

27-02-2025T17:42:00 - [TEST_STEP][PASSED] - println("Viewport top is " + top): null

27-02-2025T17:42:00 - [TEST_STEP][PASSED] - bottom = top + 600: null

27-02-2025T17:42:00 - [TEST_STEP][PASSED] - if (y - top < 150 || bottom - y < 10): null

27-02-2025T17:42:00 - [TEST_STEP][PASSED] - elem.click(): null

27-02-2025T17:42:00 - [TEST_STEP][PASSED] - myValue = element.getAttribute("value"): null

27-02-2025T17:42:00 - [TEST_STEP][PASSED] - if (debug): null

27-02-2025T17:42:00 - [TEST_STEP][PASSED] - if (myValue.length() >= 4): null

27-02-2025T17:42:00 - [TEST_STEP][PASSED] - if (myValue.substring(0, 4) == "(!) "): null

27-02-2025T17:42:00 - [TEST_STEP][PASSED] - myType = element.getAttribute("type"): null

27-02-2025T17:42:00 - [TEST_STEP][PASSED] - if (myValue in varParms[i]): null

27-02-2025T17:42:00 - [TEST_STEP][PASSED] - inList = true: null

27-02-2025T17:42:00 - [TEST_STEP][PASSED] - if (myType == "checkbox"): null

27-02-2025T17:42:00 - [TEST_STEP][PASSED] - myStatus = element.isSelected(): null

27-02-2025T17:42:00 - [TEST_STEP][PASSED] - if (debug): null

27-02-2025T17:42:00 - [TEST_STEP][PASSED] - if (toggle && myStatus && inList): null

27-02-2025T17:42:00 - [TEST_STEP][PASSED] - if (!(myStatus) && inList || myStatus && !(inList)): null

27-02-2025T17:42:00 - [TEST_STEP][PASSED] - if (debug): null

27-02-2025T17:42:00 - [TEST_STEP][PASSED] - println("Clicking " + myValue): null

27-02-2025T17:42:00 - [TEST_STEP][PASSED] - click(element): null

27-02-2025T17:42:00 - [TEST_STEP][PASSED] - scrollToObject(elem): null

27-02-2025T17:42:00 - [TEST_STEP][PASSED] - loc = element.getLocation(): null

27-02-2025T17:42:00 - [TEST_STEP][PASSED] - if (debug): null

27-02-2025T17:42:00 - [TEST_STEP][PASSED] - y = loc.getY(): null

27-02-2025T17:42:00 - [TEST_STEP][PASSED] - println("Y location is " + y): null

27-02-2025T17:42:00 - [TEST_STEP][PASSED] - top = getViewportTopPosition(): Current viewport's top (y) position is 1128

27-02-2025T17:42:00 - [MESSAGE][PASSED] - Current viewport's top (y) position is 1128

27-02-2025T17:42:00 - [TEST_STEP][PASSED] - println("Viewport top is " + top): null

27-02-2025T17:42:00 - [TEST_STEP][PASSED] - bottom = top + 600: null

27-02-2025T17:42:00 - [TEST_STEP][PASSED] - if (y - top < 150 || bottom - y < 10): null

27-02-2025T17:42:00 - [TEST_STEP][PASSED] - elem.click(): null

27-02-2025T17:42:00 - [TEST_STEP][PASSED] - myValue = element.getAttribute("value"): null

27-02-2025T17:42:00 - [TEST_STEP][PASSED] - if (debug): null

27-02-2025T17:42:00 - [TEST_STEP][PASSED] - if (myValue.length() >= 4): null

27-02-2025T17:42:00 - [TEST_STEP][PASSED] - if (myValue.substring(0, 4) == "(!) "): null

27-02-2025T17:42:00 - [TEST_STEP][PASSED] - myType = element.getAttribute("type"): null

27-02-2025T17:42:00 - [TEST_STEP][PASSED] - if (myValue in varParms[i]): null

27-02-2025T17:42:00 - [TEST_STEP][PASSED] - inList = true: null

27-02-2025T17:42:00 - [TEST_STEP][PASSED] - if (myType == "checkbox"): null

27-02-2025T17:42:00 - [TEST_STEP][PASSED] - myStatus = element.isSelected(): null

27-02-2025T17:42:00 - [TEST_STEP][PASSED] - if (debug): null

27-02-2025T17:42:00 - [TEST_STEP][PASSED] - if (toggle && myStatus && inList): null

27-02-2025T17:42:00 - [TEST_STEP][PASSED] - if (!(myStatus) && inList || myStatus && !(inList)): null

27-02-2025T17:42:00 - [TEST_STEP][PASSED] - if (debug): null

27-02-2025T17:42:00 - [TEST_STEP][PASSED] - println("Clicking " + myValue): null

27-02-2025T17:42:00 - [TEST_STEP][PASSED] - click(element): null

27-02-2025T17:42:00 - [TEST_STEP][PASSED] - scrollToObject(elem): null

27-02-2025T17:42:00 - [TEST_STEP][PASSED] - loc = element.getLocation(): null

27-02-2025T17:42:00 - [TEST_STEP][PASSED] - if (debug): null

27-02-2025T17:42:00 - [TEST_STEP][PASSED] - y = loc.getY(): null

27-02-2025T17:42:00 - [TEST_STEP][PASSED] - println("Y location is " + y): null

27-02-2025T17:42:00 - [TEST_STEP][PASSED] - top = getViewportTopPosition(): Current viewport's top (y) position is 1128

27-02-2025T17:42:00 - [MESSAGE][PASSED] - Current viewport's top (y) position is 1128

27-02-2025T17:42:00 - [TEST_STEP][PASSED] - println("Viewport top is " + top): null

27-02-2025T17:42:00 - [TEST_STEP][PASSED] - bottom = top + 600: null

27-02-2025T17:42:00 - [TEST_STEP][PASSED] - if (y - top < 150 || bottom - y < 10): null

27-02-2025T17:42:00 - [TEST_STEP][PASSED] - elem.click(): null

27-02-2025T17:42:00 - [TEST_STEP][PASSED] - myValue = element.getAttribute("value"): null

27-02-2025T17:42:00 - [TEST_STEP][PASSED] - if (debug): null

27-02-2025T17:42:00 - [TEST_STEP][PASSED] - if (myValue.length() >= 4): null

27-02-2025T17:42:00 - [TEST_STEP][PASSED] - if (myValue.substring(0, 4) == "(!) "): null

27-02-2025T17:42:00 - [TEST_STEP][PASSED] - myType = element.getAttribute("type"): null

27-02-2025T17:42:00 - [TEST_STEP][PASSED] - if (myValue in varParms[i]): null

27-02-2025T17:42:00 - [TEST_STEP][PASSED] - else: null

27-02-2025T17:42:00 - [TEST_STEP][PASSED] - inList = false: null

27-02-2025T17:42:00 - [TEST_STEP][PASSED] - if (myType == "checkbox"): null

27-02-2025T17:42:00 - [TEST_STEP][PASSED] - myStatus = element.isSelected(): null

27-02-2025T17:42:00 - [TEST_STEP][PASSED] - if (debug): null

27-02-2025T17:42:00 - [TEST_STEP][PASSED] - if (toggle && myStatus && inList): null

27-02-2025T17:42:00 - [TEST_STEP][PASSED] - if (!(myStatus) && inList || myStatus && !(inList)): null

27-02-2025T17:42:00 - [TEST_STEP][PASSED] - myValue = element.getAttribute("value"): null

27-02-2025T17:42:00 - [TEST_STEP][PASSED] - if (debug): null

27-02-2025T17:42:00 - [TEST_STEP][PASSED] - if (myValue.length() >= 4): null

27-02-2025T17:42:00 - [TEST_STEP][PASSED] - if (myValue.substring(0, 4) == "(!) "): null

27-02-2025T17:42:00 - [TEST_STEP][PASSED] - myType = element.getAttribute("type"): null

27-02-2025T17:42:00 - [TEST_STEP][PASSED] - if (myValue in varParms[i]): null

27-02-2025T17:42:00 - [TEST_STEP][PASSED] - else: null

27-02-2025T17:42:00 - [TEST_STEP][PASSED] - inList = false: null

27-02-2025T17:42:00 - [TEST_STEP][PASSED] - if (myType == "checkbox"): null

27-02-2025T17:42:00 - [TEST_STEP][PASSED] - myStatus = element.isSelected(): null

27-02-2025T17:42:00 - [TEST_STEP][PASSED] - if (debug): null

27-02-2025T17:42:00 - [TEST_STEP][PASSED] - if (toggle && myStatus && inList): null

27-02-2025T17:42:00 - [TEST_STEP][PASSED] - if (!(myStatus) && inList || myStatus && !(inList)): null

27-02-2025T17:42:00 - [TEST_STEP][PASSED] - myValue = element.getAttribute("value"): null

27-02-2025T17:42:00 - [TEST_STEP][PASSED] - if (debug): null

27-02-2025T17:42:00 - [TEST_STEP][PASSED] - if (myValue.length() >= 4): null

27-02-2025T17:42:00 - [TEST_STEP][PASSED] - if (myValue.substring(0, 4) == "(!) "): null

27-02-2025T17:42:00 - [TEST_STEP][PASSED] - myType = element.getAttribute("type"): null

27-02-2025T17:42:00 - [TEST_STEP][PASSED] - if (myValue in varParms[i]): null

27-02-2025T17:42:00 - [TEST_STEP][PASSED] - inList = true: null

27-02-2025T17:42:00 - [TEST_STEP][PASSED] - if (myType == "checkbox"): null

27-02-2025T17:42:00 - [TEST_STEP][PASSED] - myStatus = element.isSelected(): null

27-02-2025T17:42:00 - [TEST_STEP][PASSED] - if (debug): null

27-02-2025T17:42:00 - [TEST_STEP][PASSED] - if (toggle && myStatus && inList): null

27-02-2025T17:42:00 - [TEST_STEP][PASSED] - if (!(myStatus) && inList || myStatus && !(inList)): null

27-02-2025T17:42:00 - [TEST_STEP][PASSED] - if (debug): null

27-02-2025T17:42:00 - [TEST_STEP][PASSED] - println("Clicking " + myValue): null

27-02-2025T17:42:00 - [TEST_STEP][PASSED] - click(element): null

27-02-2025T17:42:00 - [TEST_STEP][PASSED] - scrollToObject(elem): null

27-02-2025T17:42:00 - [TEST_STEP][PASSED] - loc = element.getLocation(): null

27-02-2025T17:42:00 - [TEST_STEP][PASSED] - if (debug): null

27-02-2025T17:42:00 - [TEST_STEP][PASSED] - y = loc.getY(): null

27-02-2025T17:42:00 - [TEST_STEP][PASSED] - println("Y location is " + y): null

27-02-2025T17:42:00 - [TEST_STEP][PASSED] - top = getViewportTopPosition(): Current viewport's top (y) position is 1128

27-02-2025T17:42:00 - [MESSAGE][PASSED] - Current viewport's top (y) position is 1128

27-02-2025T17:42:00 - [TEST_STEP][PASSED] - println("Viewport top is " + top): null

27-02-2025T17:42:00 - [TEST_STEP][PASSED] - bottom = top + 600: null

27-02-2025T17:42:00 - [TEST_STEP][PASSED] - if (y - top < 150 || bottom - y < 10): null

27-02-2025T17:42:00 - [TEST_STEP][PASSED] - elem.click(): null

27-02-2025T17:42:00 - [TEST_STEP][PASSED] - myValue = element.getAttribute("value"): null

27-02-2025T17:42:00 - [TEST_STEP][PASSED] - if (debug): null

27-02-2025T17:42:00 - [TEST_STEP][PASSED] - if (myValue.length() >= 4): null

27-02-2025T17:42:00 - [TEST_STEP][PASSED] - if (myValue.substring(0, 4) == "(!) "): null

27-02-2025T17:42:00 - [TEST_STEP][PASSED] - myType = element.getAttribute("type"): null

27-02-2025T17:42:00 - [TEST_STEP][PASSED] - if (myValue in varParms[i]): null

27-02-2025T17:42:00 - [TEST_STEP][PASSED] - inList = true: null

27-02-2025T17:42:00 - [TEST_STEP][PASSED] - if (myType == "checkbox"): null

27-02-2025T17:42:00 - [TEST_STEP][PASSED] - myStatus = element.isSelected(): null

27-02-2025T17:42:00 - [TEST_STEP][PASSED] - if (debug): null

27-02-2025T17:42:00 - [TEST_STEP][PASSED] - if (toggle && myStatus && inList): null

27-02-2025T17:42:00 - [TEST_STEP][PASSED] - if (!(myStatus) && inList || myStatus && !(inList)): null

27-02-2025T17:42:00 - [TEST_STEP][PASSED] - if (debug): null

27-02-2025T17:42:00 - [TEST_STEP][PASSED] - println("Clicking " + myValue): null

27-02-2025T17:42:00 - [TEST_STEP][PASSED] - click(element): null

27-02-2025T17:42:00 - [TEST_STEP][PASSED] - scrollToObject(elem): null

27-02-2025T17:42:00 - [TEST_STEP][PASSED] - loc = element.getLocation(): null

27-02-2025T17:42:00 - [TEST_STEP][PASSED] - if (debug): null

27-02-2025T17:42:00 - [TEST_STEP][PASSED] - y = loc.getY(): null

27-02-2025T17:42:00 - [TEST_STEP][PASSED] - println("Y location is " + y): null

27-02-2025T17:42:00 - [TEST_STEP][PASSED] - top = getViewportTopPosition(): Current viewport's top (y) position is 1128

27-02-2025T17:42:00 - [MESSAGE][PASSED] - Current viewport's top (y) position is 1128

27-02-2025T17:42:00 - [TEST_STEP][PASSED] - println("Viewport top is " + top): null

27-02-2025T17:42:00 - [TEST_STEP][PASSED] - bottom = top + 600: null

27-02-2025T17:42:00 - [TEST_STEP][PASSED] - if (y - top < 150 || bottom - y < 10): null

27-02-2025T17:42:00 - [TEST_STEP][PASSED] - elem.click(): null

27-02-2025T17:42:00 - [TEST_STEP][PASSED] - myValue = element.getAttribute("value"): null

27-02-2025T17:42:00 - [TEST_STEP][PASSED] - if (debug): null

27-02-2025T17:42:00 - [TEST_STEP][PASSED] - if (myValue.length() >= 4): null

27-02-2025T17:42:00 - [TEST_STEP][PASSED] - if (myValue.substring(0, 4) == "(!) "): null

27-02-2025T17:42:00 - [TEST_STEP][PASSED] - myType = element.getAttribute("type"): null

27-02-2025T17:42:00 - [TEST_STEP][PASSED] - if (myValue in varParms[i]): null

27-02-2025T17:42:00 - [TEST_STEP][PASSED] - inList = true: null

27-02-2025T17:42:00 - [TEST_STEP][PASSED] - if (myType == "checkbox"): null

27-02-2025T17:42:00 - [TEST_STEP][PASSED] - myStatus = element.isSelected(): null

27-02-2025T17:42:00 - [TEST_STEP][PASSED] - if (debug): null

27-02-2025T17:42:00 - [TEST_STEP][PASSED] - if (toggle && myStatus && inList): null

27-02-2025T17:42:00 - [TEST_STEP][PASSED] - if (!(myStatus) && inList || myStatus && !(inList)): null

27-02-2025T17:42:00 - [TEST_STEP][PASSED] - if (debug): null

27-02-2025T17:42:00 - [TEST_STEP][PASSED] - println("Clicking " + myValue): null

27-02-2025T17:42:00 - [TEST_STEP][PASSED] - click(element): null

27-02-2025T17:42:00 - [TEST_STEP][PASSED] - scrollToObject(elem): null

27-02-2025T17:42:00 - [TEST_STEP][PASSED] - loc = element.getLocation(): null

27-02-2025T17:42:00 - [TEST_STEP][PASSED] - if (debug): null

27-02-2025T17:42:00 - [TEST_STEP][PASSED] - y = loc.getY(): null

27-02-2025T17:42:00 - [TEST_STEP][PASSED] - println("Y location is " + y): null

27-02-2025T17:42:00 - [TEST_STEP][PASSED] - top = getViewportTopPosition(): Current viewport's top (y) position is 1128

27-02-2025T17:42:00 - [MESSAGE][PASSED] - Current viewport's top (y) position is 1128

27-02-2025T17:42:00 - [TEST_STEP][PASSED] - println("Viewport top is " + top): null

27-02-2025T17:42:00 - [TEST_STEP][PASSED] - bottom = top + 600: null

27-02-2025T17:42:00 - [TEST_STEP][PASSED] - if (y - top < 150 || bottom - y < 10): null

27-02-2025T17:42:00 - [TEST_STEP][PASSED] - elem.click(): null

27-02-2025T17:42:00 - [TEST_STEP][PASSED] - myValue = element.getAttribute("value"): null

27-02-2025T17:42:00 - [TEST_STEP][PASSED] - if (debug): null

27-02-2025T17:42:00 - [TEST_STEP][PASSED] - if (myValue.length() >= 4): null

27-02-2025T17:42:00 - [TEST_STEP][PASSED] - if (myValue.substring(0, 4) == "(!) "): null

27-02-2025T17:42:00 - [TEST_STEP][PASSED] - myType = element.getAttribute("type"): null

27-02-2025T17:42:00 - [TEST_STEP][PASSED] - if (myValue in varParms[i]): null

27-02-2025T17:42:00 - [TEST_STEP][PASSED] - inList = true: null

27-02-2025T17:42:00 - [TEST_STEP][PASSED] - if (myType == "checkbox"): null

27-02-2025T17:42:00 - [TEST_STEP][PASSED] - myStatus = element.isSelected(): null

27-02-2025T17:42:00 - [TEST_STEP][PASSED] - if (debug): null

27-02-2025T17:42:00 - [TEST_STEP][PASSED] - if (toggle && myStatus && inList): null

27-02-2025T17:42:00 - [TEST_STEP][PASSED] - if (!(myStatus) && inList || myStatus && !(inList)): null

27-02-2025T17:42:00 - [TEST_STEP][PASSED] - if (debug): null

27-02-2025T17:42:00 - [TEST_STEP][PASSED] - println("Clicking " + myValue): null

27-02-2025T17:42:00 - [TEST_STEP][PASSED] - click(element): null

27-02-2025T17:42:00 - [TEST_STEP][PASSED] - scrollToObject(elem): null

27-02-2025T17:42:00 - [TEST_STEP][PASSED] - loc = element.getLocation(): null

27-02-2025T17:42:00 - [TEST_STEP][PASSED] - if (debug): null

27-02-2025T17:42:00 - [TEST_STEP][PASSED] - y = loc.getY(): null

27-02-2025T17:42:00 - [TEST_STEP][PASSED] - println("Y location is " + y): null

27-02-2025T17:42:00 - [TEST_STEP][PASSED] - top = getViewportTopPosition(): Current viewport's top (y) position is 1128

27-02-2025T17:42:00 - [MESSAGE][PASSED] - Current viewport's top (y) position is 1128

27-02-2025T17:42:00 - [TEST_STEP][PASSED] - println("Viewport top is " + top): null

27-02-2025T17:42:00 - [TEST_STEP][PASSED] - bottom = top + 600: null

27-02-2025T17:42:00 - [TEST_STEP][PASSED] - if (y - top < 150 || bottom - y < 10): Delayed 1 second(s)

27-02-2025T17:42:00 - [TEST_STEP][PASSED] - scrollToPosition(0, y - 150): Browser is scrolled to position x = 0, y = 1586

27-02-2025T17:42:00 - [MESSAGE][PASSED] - Browser is scrolled to position x = 0, y = 1586

27-02-2025T17:42:00 - [TEST_STEP][PASSED] - delay(1): Delayed 1 second(s)

27-02-2025T17:42:01 - [MESSAGE][PASSED] - Delayed 1 second(s)

27-02-2025T17:42:01 - [TEST_STEP][PASSED] - elem.click(): null

27-02-2025T17:42:01 - [TEST_STEP][PASSED] - myValue = element.getAttribute("value"): null

27-02-2025T17:42:01 - [TEST_STEP][PASSED] - if (debug): null

27-02-2025T17:42:01 - [TEST_STEP][PASSED] - if (myValue.length() >= 4): null

27-02-2025T17:42:01 - [TEST_STEP][PASSED] - if (myValue.substring(0, 4) == "(!) "): null

27-02-2025T17:42:01 - [TEST_STEP][PASSED] - myType = element.getAttribute("type"): null

27-02-2025T17:42:01 - [TEST_STEP][PASSED] - if (myValue in varParms[i]): null

27-02-2025T17:42:01 - [TEST_STEP][PASSED] - else: null

27-02-2025T17:42:01 - [TEST_STEP][PASSED] - inList = false: null

27-02-2025T17:42:01 - [TEST_STEP][PASSED] - if (myType == "checkbox"): null

27-02-2025T17:42:01 - [TEST_STEP][PASSED] - myStatus = element.isSelected(): null

27-02-2025T17:42:01 - [TEST_STEP][PASSED] - if (debug): null

27-02-2025T17:42:01 - [TEST_STEP][PASSED] - if (toggle && myStatus && inList): null

27-02-2025T17:42:01 - [TEST_STEP][PASSED] - if (!(myStatus) && inList || myStatus && !(inList)): null

27-02-2025T17:42:01 - [TEST_STEP][PASSED] - myValue = element.getAttribute("value"): null

27-02-2025T17:42:01 - [TEST_STEP][PASSED] - if (debug): null

27-02-2025T17:42:01 - [TEST_STEP][PASSED] - if (myValue.length() >= 4): null

27-02-2025T17:42:01 - [TEST_STEP][PASSED] - if (myValue.substring(0, 4) == "(!) "): null

27-02-2025T17:42:01 - [TEST_STEP][PASSED] - myType = element.getAttribute("type"): null

27-02-2025T17:42:01 - [TEST_STEP][PASSED] - if (myValue in varParms[i]): null

27-02-2025T17:42:01 - [TEST_STEP][PASSED] - else: null

27-02-2025T17:42:01 - [TEST_STEP][PASSED] - inList = false: null

27-02-2025T17:42:01 - [TEST_STEP][PASSED] - if (myType == "checkbox"): null

27-02-2025T17:42:01 - [TEST_STEP][PASSED] - myStatus = element.isSelected(): null

27-02-2025T17:42:01 - [TEST_STEP][PASSED] - if (debug): null

27-02-2025T17:42:01 - [TEST_STEP][PASSED] - if (toggle && myStatus && inList): null

27-02-2025T17:42:01 - [TEST_STEP][PASSED] - if (!(myStatus) && inList || myStatus && !(inList)): null

27-02-2025T17:42:01 - [TEST_STEP][PASSED] - myValue = element.getAttribute("value"): null

27-02-2025T17:42:01 - [TEST_STEP][PASSED] - if (debug): null

27-02-2025T17:42:01 - [TEST_STEP][PASSED] - if (myValue.length() >= 4): null

27-02-2025T17:42:01 - [TEST_STEP][PASSED] - if (myValue.substring(0, 4) == "(!) "): null

27-02-2025T17:42:01 - [TEST_STEP][PASSED] - myType = element.getAttribute("type"): null

27-02-2025T17:42:01 - [TEST_STEP][PASSED] - if (myValue in varParms[i]): null

27-02-2025T17:42:01 - [TEST_STEP][PASSED] - else: null

27-02-2025T17:42:01 - [TEST_STEP][PASSED] - inList = false: null

27-02-2025T17:42:01 - [TEST_STEP][PASSED] - if (myType == "checkbox"): null

27-02-2025T17:42:01 - [TEST_STEP][PASSED] - myStatus = element.isSelected(): null

27-02-2025T17:42:01 - [TEST_STEP][PASSED] - if (debug): null

27-02-2025T17:42:01 - [TEST_STEP][PASSED] - if (toggle && myStatus && inList): null

27-02-2025T17:42:01 - [TEST_STEP][PASSED] - if (!(myStatus) && inList || myStatus && !(inList)): null

27-02-2025T17:42:01 - [TEST_STEP][PASSED] - myValue = element.getAttribute("value"): null

27-02-2025T17:42:01 - [TEST_STEP][PASSED] - if (debug): null

27-02-2025T17:42:01 - [TEST_STEP][PASSED] - if (myValue.length() >= 4): null

27-02-2025T17:42:01 - [TEST_STEP][PASSED] - if (myValue.substring(0, 4) == "(!) "): null

27-02-2025T17:42:01 - [TEST_STEP][PASSED] - myType = element.getAttribute("type"): null

27-02-2025T17:42:01 - [TEST_STEP][PASSED] - if (myValue in varParms[i]): null

27-02-2025T17:42:01 - [TEST_STEP][PASSED] - inList = true: null

27-02-2025T17:42:01 - [TEST_STEP][PASSED] - if (myType == "checkbox"): null

27-02-2025T17:42:01 - [TEST_STEP][PASSED] - myStatus = element.isSelected(): null

27-02-2025T17:42:01 - [TEST_STEP][PASSED] - if (debug): null

27-02-2025T17:42:01 - [TEST_STEP][PASSED] - if (toggle && myStatus && inList): null

27-02-2025T17:42:01 - [TEST_STEP][PASSED] - if (!(myStatus) && inList || myStatus && !(inList)): null

27-02-2025T17:42:01 - [TEST_STEP][PASSED] - if (debug): null

27-02-2025T17:42:01 - [TEST_STEP][PASSED] - println("Clicking " + myValue): null

27-02-2025T17:42:01 - [TEST_STEP][PASSED] - click(element): null

27-02-2025T17:42:01 - [TEST_STEP][PASSED] - scrollToObject(elem): null

27-02-2025T17:42:01 - [TEST_STEP][PASSED] - loc = element.getLocation(): null

27-02-2025T17:42:01 - [TEST_STEP][PASSED] - if (debug): null

27-02-2025T17:42:01 - [TEST_STEP][PASSED] - y = loc.getY(): null

27-02-2025T17:42:01 - [TEST_STEP][PASSED] - println("Y location is " + y): null

27-02-2025T17:42:01 - [TEST_STEP][PASSED] - top = getViewportTopPosition(): Current viewport's top (y) position is 1586

27-02-2025T17:42:01 - [MESSAGE][PASSED] - Current viewport's top (y) position is 1586

27-02-2025T17:42:01 - [TEST_STEP][PASSED] - println("Viewport top is " + top): null

27-02-2025T17:42:01 - [TEST_STEP][PASSED] - bottom = top + 600: null

27-02-2025T17:42:01 - [TEST_STEP][PASSED] - if (y - top < 150 || bottom - y < 10): null

27-02-2025T17:42:01 - [TEST_STEP][PASSED] - elem.click(): null

27-02-2025T17:42:01 - [TEST_STEP][PASSED] - myValue = element.getAttribute("value"): null

27-02-2025T17:42:01 - [TEST_STEP][PASSED] - if (debug): null

27-02-2025T17:42:01 - [TEST_STEP][PASSED] - if (myValue.length() >= 4): null

27-02-2025T17:42:01 - [TEST_STEP][PASSED] - if (myValue.substring(0, 4) == "(!) "): null

27-02-2025T17:42:01 - [TEST_STEP][PASSED] - myType = element.getAttribute("type"): null

27-02-2025T17:42:01 - [TEST_STEP][PASSED] - if (myValue in varParms[i]): null

27-02-2025T17:42:01 - [TEST_STEP][PASSED] - else: null

27-02-2025T17:42:01 - [TEST_STEP][PASSED] - inList = false: null

27-02-2025T17:42:01 - [TEST_STEP][PASSED] - if (myType == "checkbox"): null

27-02-2025T17:42:01 - [TEST_STEP][PASSED] - myStatus = element.isSelected(): null

27-02-2025T17:42:01 - [TEST_STEP][PASSED] - if (debug): null

27-02-2025T17:42:01 - [TEST_STEP][PASSED] - if (toggle && myStatus && inList): null

27-02-2025T17:42:01 - [TEST_STEP][PASSED] - if (!(myStatus) && inList || myStatus && !(inList)): null

27-02-2025T17:42:01 - [TEST_STEP][PASSED] - myValue = element.getAttribute("value"): null

27-02-2025T17:42:01 - [TEST_STEP][PASSED] - if (debug): null

27-02-2025T17:42:01 - [TEST_STEP][PASSED] - if (myValue.length() >= 4): null

27-02-2025T17:42:01 - [TEST_STEP][PASSED] - if (myValue.substring(0, 4) == "(!) "): null

27-02-2025T17:42:01 - [TEST_STEP][PASSED] - myType = element.getAttribute("type"): null

27-02-2025T17:42:01 - [TEST_STEP][PASSED] - if (myValue in varParms[i]): null

27-02-2025T17:42:01 - [TEST_STEP][PASSED] - else: null

27-02-2025T17:42:01 - [TEST_STEP][PASSED] - inList = false: null

27-02-2025T17:42:01 - [TEST_STEP][PASSED] - if (myType == "checkbox"): null

27-02-2025T17:42:01 - [TEST_STEP][PASSED] - myStatus = element.isSelected(): null

27-02-2025T17:42:01 - [TEST_STEP][PASSED] - if (debug): null

27-02-2025T17:42:01 - [TEST_STEP][PASSED] - if (toggle && myStatus && inList): null

27-02-2025T17:42:01 - [TEST_STEP][PASSED] - if (!(myStatus) && inList || myStatus && !(inList)): null

27-02-2025T17:42:01 - [TEST_STEP][PASSED] - myValue = element.getAttribute("value"): null

27-02-2025T17:42:01 - [TEST_STEP][PASSED] - if (debug): null

27-02-2025T17:42:01 - [TEST_STEP][PASSED] - if (myValue.length() >= 4): null

27-02-2025T17:42:01 - [TEST_STEP][PASSED] - if (myValue.substring(0, 4) == "(!) "): null

27-02-2025T17:42:01 - [TEST_STEP][PASSED] - myType = element.getAttribute("type"): null

27-02-2025T17:42:01 - [TEST_STEP][PASSED] - if (myValue in varParms[i]): null

27-02-2025T17:42:01 - [TEST_STEP][PASSED] - inList = true: null

27-02-2025T17:42:01 - [TEST_STEP][PASSED] - if (myType == "checkbox"): null

27-02-2025T17:42:01 - [TEST_STEP][PASSED] - myStatus = element.isSelected(): null

27-02-2025T17:42:01 - [TEST_STEP][PASSED] - if (debug): null

27-02-2025T17:42:01 - [TEST_STEP][PASSED] - if (toggle && myStatus && inList): null

27-02-2025T17:42:01 - [TEST_STEP][PASSED] - if (!(myStatus) && inList || myStatus && !(inList)): null

27-02-2025T17:42:01 - [TEST_STEP][PASSED] - if (debug): null

27-02-2025T17:42:01 - [TEST_STEP][PASSED] - println("Clicking " + myValue): null

27-02-2025T17:42:01 - [TEST_STEP][PASSED] - click(element): null

27-02-2025T17:42:01 - [TEST_STEP][PASSED] - scrollToObject(elem): null

27-02-2025T17:42:01 - [TEST_STEP][PASSED] - loc = element.getLocation(): null

27-02-2025T17:42:01 - [TEST_STEP][PASSED] - if (debug): null

27-02-2025T17:42:01 - [TEST_STEP][PASSED] - y = loc.getY(): null

27-02-2025T17:42:01 - [TEST_STEP][PASSED] - println("Y location is " + y): null

27-02-2025T17:42:01 - [TEST_STEP][PASSED] - top = getViewportTopPosition(): Current viewport's top (y) position is 1586

27-02-2025T17:42:01 - [MESSAGE][PASSED] - Current viewport's top (y) position is 1586

27-02-2025T17:42:01 - [TEST_STEP][PASSED] - println("Viewport top is " + top): null

27-02-2025T17:42:01 - [TEST_STEP][PASSED] - bottom = top + 600: null

27-02-2025T17:42:01 - [TEST_STEP][PASSED] - if (y - top < 150 || bottom - y < 10): null

27-02-2025T17:42:01 - [TEST_STEP][PASSED] - elem.click(): null

27-02-2025T17:42:01 - [TEST_STEP][PASSED] - myValue = element.getAttribute("value"): null

27-02-2025T17:42:01 - [TEST_STEP][PASSED] - if (debug): null

27-02-2025T17:42:01 - [TEST_STEP][PASSED] - if (myValue.length() >= 4): null

27-02-2025T17:42:01 - [TEST_STEP][PASSED] - if (myValue.substring(0, 4) == "(!) "): null

27-02-2025T17:42:01 - [TEST_STEP][PASSED] - myType = element.getAttribute("type"): null

27-02-2025T17:42:01 - [TEST_STEP][PASSED] - if (myValue in varParms[i]): null

27-02-2025T17:42:01 - [TEST_STEP][PASSED] - inList = true: null

27-02-2025T17:42:01 - [TEST_STEP][PASSED] - if (myType == "checkbox"): null

27-02-2025T17:42:01 - [TEST_STEP][PASSED] - myStatus = element.isSelected(): null

27-02-2025T17:42:01 - [TEST_STEP][PASSED] - if (debug): null

27-02-2025T17:42:01 - [TEST_STEP][PASSED] - if (toggle && myStatus && inList): null

27-02-2025T17:42:01 - [TEST_STEP][PASSED] - if (!(myStatus) && inList || myStatus && !(inList)): null

27-02-2025T17:42:01 - [TEST_STEP][PASSED] - if (debug): null

27-02-2025T17:42:01 - [TEST_STEP][PASSED] - println("Clicking " + myValue): null

27-02-2025T17:42:01 - [TEST_STEP][PASSED] - click(element): null

27-02-2025T17:42:01 - [TEST_STEP][PASSED] - scrollToObject(elem): null

27-02-2025T17:42:01 - [TEST_STEP][PASSED] - loc = element.getLocation(): null

27-02-2025T17:42:01 - [TEST_STEP][PASSED] - if (debug): null

27-02-2025T17:42:01 - [TEST_STEP][PASSED] - y = loc.getY(): null

27-02-2025T17:42:01 - [TEST_STEP][PASSED] - println("Y location is " + y): null

27-02-2025T17:42:01 - [TEST_STEP][PASSED] - top = getViewportTopPosition(): Current viewport's top (y) position is 1586

27-02-2025T17:42:01 - [MESSAGE][PASSED] - Current viewport's top (y) position is 1586

27-02-2025T17:42:01 - [TEST_STEP][PASSED] - println("Viewport top is " + top): null

27-02-2025T17:42:01 - [TEST_STEP][PASSED] - bottom = top + 600: null

27-02-2025T17:42:01 - [TEST_STEP][PASSED] - if (y - top < 150 || bottom - y < 10): null

27-02-2025T17:42:01 - [TEST_STEP][PASSED] - elem.click(): null

27-02-2025T17:42:01 - [TEST_STEP][PASSED] - myValue = element.getAttribute("value"): null

27-02-2025T17:42:01 - [TEST_STEP][PASSED] - if (debug): null

27-02-2025T17:42:01 - [TEST_STEP][PASSED] - if (myValue.length() >= 4): null

27-02-2025T17:42:01 - [TEST_STEP][PASSED] - if (myValue.substring(0, 4) == "(!) "): null

27-02-2025T17:42:01 - [TEST_STEP][PASSED] - myType = element.getAttribute("type"): null

27-02-2025T17:42:01 - [TEST_STEP][PASSED] - if (myValue in varParms[i]): null

27-02-2025T17:42:01 - [TEST_STEP][PASSED] - inList = true: null

27-02-2025T17:42:01 - [TEST_STEP][PASSED] - if (myType == "checkbox"): null

27-02-2025T17:42:01 - [TEST_STEP][PASSED] - myStatus = element.isSelected(): null

27-02-2025T17:42:01 - [TEST_STEP][PASSED] - if (debug): null

27-02-2025T17:42:01 - [TEST_STEP][PASSED] - if (toggle && myStatus && inList): null

27-02-2025T17:42:01 - [TEST_STEP][PASSED] - if (!(myStatus) && inList || myStatus && !(inList)): null

27-02-2025T17:42:01 - [TEST_STEP][PASSED] - if (debug): null

27-02-2025T17:42:01 - [TEST_STEP][PASSED] - println("Clicking " + myValue): null

27-02-2025T17:42:01 - [TEST_STEP][PASSED] - click(element): null

27-02-2025T17:42:01 - [TEST_STEP][PASSED] - scrollToObject(elem): null

27-02-2025T17:42:01 - [TEST_STEP][PASSED] - loc = element.getLocation(): null

27-02-2025T17:42:01 - [TEST_STEP][PASSED] - if (debug): null

27-02-2025T17:42:01 - [TEST_STEP][PASSED] - y = loc.getY(): null

27-02-2025T17:42:01 - [TEST_STEP][PASSED] - println("Y location is " + y): null

27-02-2025T17:42:01 - [TEST_STEP][PASSED] - top = getViewportTopPosition(): Current viewport's top (y) position is 1586

27-02-2025T17:42:01 - [MESSAGE][PASSED] - Current viewport's top (y) position is 1586

27-02-2025T17:42:01 - [TEST_STEP][PASSED] - println("Viewport top is " + top): null

27-02-2025T17:42:01 - [TEST_STEP][PASSED] - bottom = top + 600: null

27-02-2025T17:42:01 - [TEST_STEP][PASSED] - if (y - top < 150 || bottom - y < 10): null

27-02-2025T17:42:01 - [TEST_STEP][PASSED] - elem.click(): null

27-02-2025T17:42:01 - [TEST_STEP][PASSED] - myValue = element.getAttribute("value"): null

27-02-2025T17:42:01 - [TEST_STEP][PASSED] - if (debug): null

27-02-2025T17:42:01 - [TEST_STEP][PASSED] - if (myValue.length() >= 4): null

27-02-2025T17:42:01 - [TEST_STEP][PASSED] - if (myValue.substring(0, 4) == "(!) "): null

27-02-2025T17:42:01 - [TEST_STEP][PASSED] - myType = element.getAttribute("type"): null

27-02-2025T17:42:01 - [TEST_STEP][PASSED] - if (myValue in varParms[i]): null

27-02-2025T17:42:01 - [TEST_STEP][PASSED] - inList = true: null

27-02-2025T17:42:01 - [TEST_STEP][PASSED] - if (myType == "checkbox"): null

27-02-2025T17:42:01 - [TEST_STEP][PASSED] - myStatus = element.isSelected(): null

27-02-2025T17:42:01 - [TEST_STEP][PASSED] - if (debug): null

27-02-2025T17:42:01 - [TEST_STEP][PASSED] - if (toggle && myStatus && inList): null

27-02-2025T17:42:01 - [TEST_STEP][PASSED] - if (!(myStatus) && inList || myStatus && !(inList)): null

27-02-2025T17:42:01 - [TEST_STEP][PASSED] - if (debug): null

27-02-2025T17:42:01 - [TEST_STEP][PASSED] - println("Clicking " + myValue): null

27-02-2025T17:42:01 - [TEST_STEP][PASSED] - click(element): null

27-02-2025T17:42:01 - [TEST_STEP][PASSED] - scrollToObject(elem): null

27-02-2025T17:42:01 - [TEST_STEP][PASSED] - loc = element.getLocation(): null

27-02-2025T17:42:01 - [TEST_STEP][PASSED] - if (debug): null

27-02-2025T17:42:01 - [TEST_STEP][PASSED] - y = loc.getY(): null

27-02-2025T17:42:01 - [TEST_STEP][PASSED] - println("Y location is " + y): null

27-02-2025T17:42:01 - [TEST_STEP][PASSED] - top = getViewportTopPosition(): Current viewport's top (y) position is 1586

27-02-2025T17:42:01 - [MESSAGE][PASSED] - Current viewport's top (y) position is 1586

27-02-2025T17:42:01 - [TEST_STEP][PASSED] - println("Viewport top is " + top): null

27-02-2025T17:42:01 - [TEST_STEP][PASSED] - bottom = top + 600: null

27-02-2025T17:42:01 - [TEST_STEP][PASSED] - if (y - top < 150 || bottom - y < 10): null

27-02-2025T17:42:01 - [TEST_STEP][PASSED] - elem.click(): null

27-02-2025T17:42:01 - [TEST_STEP][PASSED] - myValue = element.getAttribute("value"): null

27-02-2025T17:42:01 - [TEST_STEP][PASSED] - if (debug): null

27-02-2025T17:42:01 - [TEST_STEP][PASSED] - if (myValue.length() >= 4): null

27-02-2025T17:42:01 - [TEST_STEP][PASSED] - if (myValue.substring(0, 4) == "(!) "): null

27-02-2025T17:42:01 - [TEST_STEP][PASSED] - myType = element.getAttribute("type"): null

27-02-2025T17:42:01 - [TEST_STEP][PASSED] - if (myValue in varParms[i]): null

27-02-2025T17:42:01 - [TEST_STEP][PASSED] - inList = true: null

27-02-2025T17:42:01 - [TEST_STEP][PASSED] - if (myType == "checkbox"): null

27-02-2025T17:42:01 - [TEST_STEP][PASSED] - myStatus = element.isSelected(): null

27-02-2025T17:42:01 - [TEST_STEP][PASSED] - if (debug): null

27-02-2025T17:42:01 - [TEST_STEP][PASSED] - if (toggle && myStatus && inList): null

27-02-2025T17:42:01 - [TEST_STEP][PASSED] - if (!(myStatus) && inList || myStatus && !(inList)): null

27-02-2025T17:42:01 - [TEST_STEP][PASSED] - if (debug): null

27-02-2025T17:42:01 - [TEST_STEP][PASSED] - println("Clicking " + myValue): null

27-02-2025T17:42:01 - [TEST_STEP][PASSED] - click(element): null

27-02-2025T17:42:01 - [TEST_STEP][PASSED] - scrollToObject(elem): null

27-02-2025T17:42:01 - [TEST_STEP][PASSED] - loc = element.getLocation(): null

27-02-2025T17:42:01 - [TEST_STEP][PASSED] - if (debug): null

27-02-2025T17:42:01 - [TEST_STEP][PASSED] - y = loc.getY(): null

27-02-2025T17:42:01 - [TEST_STEP][PASSED] - println("Y location is " + y): null

27-02-2025T17:42:01 - [TEST_STEP][PASSED] - top = getViewportTopPosition(): Current viewport's top (y) position is 1586

27-02-2025T17:42:01 - [MESSAGE][PASSED] - Current viewport's top (y) position is 1586

27-02-2025T17:42:01 - [TEST_STEP][PASSED] - println("Viewport top is " + top): null

27-02-2025T17:42:01 - [TEST_STEP][PASSED] - bottom = top + 600: null

27-02-2025T17:42:01 - [TEST_STEP][PASSED] - if (y - top < 150 || bottom - y < 10): null

27-02-2025T17:42:01 - [TEST_STEP][PASSED] - elem.click(): null

27-02-2025T17:42:01 - [TEST_STEP][PASSED] - myValue = element.getAttribute("value"): null

27-02-2025T17:42:01 - [TEST_STEP][PASSED] - if (debug): null

27-02-2025T17:42:01 - [TEST_STEP][PASSED] - if (myValue.length() >= 4): null

27-02-2025T17:42:01 - [TEST_STEP][PASSED] - if (myValue.substring(0, 4) == "(!) "): null

27-02-2025T17:42:01 - [TEST_STEP][PASSED] - myType = element.getAttribute("type"): null

27-02-2025T17:42:01 - [TEST_STEP][PASSED] - if (myValue in varParms[i]): null

27-02-2025T17:42:01 - [TEST_STEP][PASSED] - inList = true: null

27-02-2025T17:42:01 - [TEST_STEP][PASSED] - if (myType == "checkbox"): null

27-02-2025T17:42:01 - [TEST_STEP][PASSED] - myStatus = element.isSelected(): null

27-02-2025T17:42:01 - [TEST_STEP][PASSED] - if (debug): null

27-02-2025T17:42:01 - [TEST_STEP][PASSED] - if (toggle && myStatus && inList): null

27-02-2025T17:42:01 - [TEST_STEP][PASSED] - if (!(myStatus) && inList || myStatus && !(inList)): null

27-02-2025T17:42:01 - [TEST_STEP][PASSED] - if (debug): null

27-02-2025T17:42:01 - [TEST_STEP][PASSED] - println("Clicking " + myValue): null

27-02-2025T17:42:01 - [TEST_STEP][PASSED] - click(element): null

27-02-2025T17:42:01 - [TEST_STEP][PASSED] - scrollToObject(elem): null

27-02-2025T17:42:01 - [TEST_STEP][PASSED] - loc = element.getLocation(): null

27-02-2025T17:42:01 - [TEST_STEP][PASSED] - if (debug): null

27-02-2025T17:42:01 - [TEST_STEP][PASSED] - y = loc.getY(): null

27-02-2025T17:42:01 - [TEST_STEP][PASSED] - println("Y location is " + y): null

27-02-2025T17:42:01 - [TEST_STEP][PASSED] - top = getViewportTopPosition(): Current viewport's top (y) position is 1586

27-02-2025T17:42:01 - [MESSAGE][PASSED] - Current viewport's top (y) position is 1586

27-02-2025T17:42:01 - [TEST_STEP][PASSED] - println("Viewport top is " + top): null

27-02-2025T17:42:01 - [TEST_STEP][PASSED] - bottom = top + 600: null

27-02-2025T17:42:01 - [TEST_STEP][PASSED] - if (y - top < 150 || bottom - y < 10): null

27-02-2025T17:42:01 - [TEST_STEP][PASSED] - elem.click(): null

27-02-2025T17:42:01 - [TEST_STEP][PASSED] - myValue = element.getAttribute("value"): null

27-02-2025T17:42:01 - [TEST_STEP][PASSED] - if (debug): null

27-02-2025T17:42:01 - [TEST_STEP][PASSED] - if (myValue.length() >= 4): null

27-02-2025T17:42:01 - [TEST_STEP][PASSED] - if (myValue.substring(0, 4) == "(!) "): null

27-02-2025T17:42:01 - [TEST_STEP][PASSED] - myType = element.getAttribute("type"): null

27-02-2025T17:42:01 - [TEST_STEP][PASSED] - if (myValue in varParms[i]): null

27-02-2025T17:42:01 - [TEST_STEP][PASSED] - inList = true: null

27-02-2025T17:42:01 - [TEST_STEP][PASSED] - if (myType == "checkbox"): null

27-02-2025T17:42:01 - [TEST_STEP][PASSED] - myStatus = element.isSelected(): null

27-02-2025T17:42:01 - [TEST_STEP][PASSED] - if (debug): null

27-02-2025T17:42:01 - [TEST_STEP][PASSED] - if (toggle && myStatus && inList): null

27-02-2025T17:42:01 - [TEST_STEP][PASSED] - if (!(myStatus) && inList || myStatus && !(inList)): null

27-02-2025T17:42:01 - [TEST_STEP][PASSED] - if (debug): null

27-02-2025T17:42:01 - [TEST_STEP][PASSED] - println("Clicking " + myValue): null

27-02-2025T17:42:01 - [TEST_STEP][PASSED] - click(element): null

27-02-2025T17:42:01 - [TEST_STEP][PASSED] - scrollToObject(elem): null

27-02-2025T17:42:01 - [TEST_STEP][PASSED] - loc = element.getLocation(): null

27-02-2025T17:42:01 - [TEST_STEP][PASSED] - if (debug): null

27-02-2025T17:42:01 - [TEST_STEP][PASSED] - y = loc.getY(): null

27-02-2025T17:42:01 - [TEST_STEP][PASSED] - println("Y location is " + y): null

27-02-2025T17:42:01 - [TEST_STEP][PASSED] - top = getViewportTopPosition(): Current viewport's top (y) position is 1586

27-02-2025T17:42:01 - [MESSAGE][PASSED] - Current viewport's top (y) position is 1586

27-02-2025T17:42:01 - [TEST_STEP][PASSED] - println("Viewport top is " + top): null

27-02-2025T17:42:01 - [TEST_STEP][PASSED] - bottom = top + 600: null

27-02-2025T17:42:01 - [TEST_STEP][PASSED] - if (y - top < 150 || bottom - y < 10): null

27-02-2025T17:42:01 - [TEST_STEP][PASSED] - elem.click(): null

27-02-2025T17:42:01 - [TEST_STEP][PASSED] - myValue = element.getAttribute("value"): null

27-02-2025T17:42:01 - [TEST_STEP][PASSED] - if (debug): null

27-02-2025T17:42:01 - [TEST_STEP][PASSED] - if (myValue.length() >= 4): null

27-02-2025T17:42:01 - [TEST_STEP][PASSED] - if (myValue.substring(0, 4) == "(!) "): null

27-02-2025T17:42:01 - [TEST_STEP][PASSED] - myType = element.getAttribute("type"): null

27-02-2025T17:42:01 - [TEST_STEP][PASSED] - if (myValue in varParms[i]): null

27-02-2025T17:42:01 - [TEST_STEP][PASSED] - else: null

27-02-2025T17:42:01 - [TEST_STEP][PASSED] - inList = false: null

27-02-2025T17:42:01 - [TEST_STEP][PASSED] - if (myType == "checkbox"): null

27-02-2025T17:42:01 - [TEST_STEP][PASSED] - myStatus = element.isSelected(): null

27-02-2025T17:42:01 - [TEST_STEP][PASSED] - if (debug): null

27-02-2025T17:42:01 - [TEST_STEP][PASSED] - if (toggle && myStatus && inList): null

27-02-2025T17:42:01 - [TEST_STEP][PASSED] - if (!(myStatus) && inList || myStatus && !(inList)): null

27-02-2025T17:42:01 - [TEST_STEP][PASSED] - myValue = element.getAttribute("value"): null

27-02-2025T17:42:01 - [TEST_STEP][PASSED] - if (debug): null

27-02-2025T17:42:01 - [TEST_STEP][PASSED] - if (myValue.length() >= 4): null

27-02-2025T17:42:01 - [TEST_STEP][PASSED] - if (myValue.substring(0, 4) == "(!) "): null

27-02-2025T17:42:01 - [TEST_STEP][PASSED] - myType = element.getAttribute("type"): null

27-02-2025T17:42:01 - [TEST_STEP][PASSED] - if (myValue in varParms[i]): null

27-02-2025T17:42:01 - [TEST_STEP][PASSED] - inList = true: null

27-02-2025T17:42:01 - [TEST_STEP][PASSED] - if (myType == "checkbox"): null

27-02-2025T17:42:01 - [TEST_STEP][PASSED] - myStatus = element.isSelected(): null

27-02-2025T17:42:01 - [TEST_STEP][PASSED] - if (debug): null

27-02-2025T17:42:01 - [TEST_STEP][PASSED] - if (toggle && myStatus && inList): null

27-02-2025T17:42:01 - [TEST_STEP][PASSED] - if (!(myStatus) && inList || myStatus && !(inList)): null

27-02-2025T17:42:01 - [TEST_STEP][PASSED] - if (debug): null

27-02-2025T17:42:01 - [TEST_STEP][PASSED] - println("Clicking " + myValue): null

27-02-2025T17:42:01 - [TEST_STEP][PASSED] - click(element): null

27-02-2025T17:42:01 - [TEST_STEP][PASSED] - scrollToObject(elem): null

27-02-2025T17:42:01 - [TEST_STEP][PASSED] - loc = element.getLocation(): null

27-02-2025T17:42:01 - [TEST_STEP][PASSED] - if (debug): null

27-02-2025T17:42:01 - [TEST_STEP][PASSED] - y = loc.getY(): null

27-02-2025T17:42:01 - [TEST_STEP][PASSED] - println("Y location is " + y): null

27-02-2025T17:42:01 - [TEST_STEP][PASSED] - top = getViewportTopPosition(): Current viewport's top (y) position is 1586

27-02-2025T17:42:01 - [MESSAGE][PASSED] - Current viewport's top (y) position is 1586

27-02-2025T17:42:01 - [TEST_STEP][PASSED] - println("Viewport top is " + top): null

27-02-2025T17:42:01 - [TEST_STEP][PASSED] - bottom = top + 600: null

27-02-2025T17:42:01 - [TEST_STEP][PASSED] - if (y - top < 150 || bottom - y < 10): null

27-02-2025T17:42:01 - [TEST_STEP][PASSED] - elem.click(): null

27-02-2025T17:42:01 - [TEST_STEP][PASSED] - myValue = element.getAttribute("value"): null

27-02-2025T17:42:01 - [TEST_STEP][PASSED] - if (debug): null

27-02-2025T17:42:01 - [TEST_STEP][PASSED] - if (myValue.length() >= 4): null

27-02-2025T17:42:01 - [TEST_STEP][PASSED] - if (myValue.substring(0, 4) == "(!) "): null

27-02-2025T17:42:01 - [TEST_STEP][PASSED] - myType = element.getAttribute("type"): null

27-02-2025T17:42:01 - [TEST_STEP][PASSED] - if (myValue in varParms[i]): null

27-02-2025T17:42:01 - [TEST_STEP][PASSED] - inList = true: null

27-02-2025T17:42:01 - [TEST_STEP][PASSED] - if (myType == "checkbox"): null

27-02-2025T17:42:01 - [TEST_STEP][PASSED] - myStatus = element.isSelected(): null

27-02-2025T17:42:01 - [TEST_STEP][PASSED] - if (debug): null

27-02-2025T17:42:01 - [TEST_STEP][PASSED] - if (toggle && myStatus && inList): null

27-02-2025T17:42:01 - [TEST_STEP][PASSED] - if (!(myStatus) && inList || myStatus && !(inList)): null

27-02-2025T17:42:01 - [TEST_STEP][PASSED] - if (debug): null

27-02-2025T17:42:01 - [TEST_STEP][PASSED] - println("Clicking " + myValue): null

27-02-2025T17:42:01 - [TEST_STEP][PASSED] - click(element): null

27-02-2025T17:42:01 - [TEST_STEP][PASSED] - scrollToObject(elem): null

27-02-2025T17:42:01 - [TEST_STEP][PASSED] - loc = element.getLocation(): null

27-02-2025T17:42:01 - [TEST_STEP][PASSED] - if (debug): null

27-02-2025T17:42:01 - [TEST_STEP][PASSED] - y = loc.getY(): null

27-02-2025T17:42:01 - [TEST_STEP][PASSED] - println("Y location is " + y): null

27-02-2025T17:42:01 - [TEST_STEP][PASSED] - top = getViewportTopPosition(): Current viewport's top (y) position is 1586

27-02-2025T17:42:01 - [MESSAGE][PASSED] - Current viewport's top (y) position is 1586

27-02-2025T17:42:01 - [TEST_STEP][PASSED] - println("Viewport top is " + top): null

27-02-2025T17:42:01 - [TEST_STEP][PASSED] - bottom = top + 600: null

27-02-2025T17:42:01 - [TEST_STEP][PASSED] - if (y - top < 150 || bottom - y < 10): null

27-02-2025T17:42:01 - [TEST_STEP][PASSED] - elem.click(): null

27-02-2025T17:42:01 - [TEST_STEP][PASSED] - myValue = element.getAttribute("value"): null

27-02-2025T17:42:01 - [TEST_STEP][PASSED] - if (debug): null

27-02-2025T17:42:01 - [TEST_STEP][PASSED] - if (myValue.length() >= 4): null

27-02-2025T17:42:01 - [TEST_STEP][PASSED] - if (myValue.substring(0, 4) == "(!) "): null

27-02-2025T17:42:01 - [TEST_STEP][PASSED] - myType = element.getAttribute("type"): null

27-02-2025T17:42:01 - [TEST_STEP][PASSED] - if (myValue in varParms[i]): null

27-02-2025T17:42:01 - [TEST_STEP][PASSED] - else: null

27-02-2025T17:42:01 - [TEST_STEP][PASSED] - inList = false: null

27-02-2025T17:42:01 - [TEST_STEP][PASSED] - if (myType == "checkbox"): null

27-02-2025T17:42:01 - [TEST_STEP][PASSED] - myStatus = element.isSelected(): null

27-02-2025T17:42:01 - [TEST_STEP][PASSED] - if (debug): null

27-02-2025T17:42:01 - [TEST_STEP][PASSED] - if (toggle && myStatus && inList): null

27-02-2025T17:42:01 - [TEST_STEP][PASSED] - if (!(myStatus) && inList || myStatus && !(inList)): null

27-02-2025T17:42:01 - [TEST_STEP][PASSED] - myValue = element.getAttribute("value"): null

27-02-2025T17:42:01 - [TEST_STEP][PASSED] - if (debug): null

27-02-2025T17:42:01 - [TEST_STEP][PASSED] - if (myValue.length() >= 4): null

27-02-2025T17:42:01 - [TEST_STEP][PASSED] - if (myValue.substring(0, 4) == "(!) "): null

27-02-2025T17:42:01 - [TEST_STEP][PASSED] - myType = element.getAttribute("type"): null

27-02-2025T17:42:01 - [TEST_STEP][PASSED] - if (myValue in varParms[i]): null

27-02-2025T17:42:01 - [TEST_STEP][PASSED] - else: null

27-02-2025T17:42:01 - [TEST_STEP][PASSED] - inList = false: null

27-02-2025T17:42:01 - [TEST_STEP][PASSED] - if (myType == "checkbox"): null

27-02-2025T17:42:01 - [TEST_STEP][PASSED] - myStatus = element.isSelected(): null

27-02-2025T17:42:01 - [TEST_STEP][PASSED] - if (debug): null

27-02-2025T17:42:01 - [TEST_STEP][PASSED] - if (toggle && myStatus && inList): null

27-02-2025T17:42:01 - [TEST_STEP][PASSED] - if (!(myStatus) && inList || myStatus && !(inList)): null

27-02-2025T17:42:01 - [TEST_STEP][PASSED] - myValue = element.getAttribute("value"): null

27-02-2025T17:42:01 - [TEST_STEP][PASSED] - if (debug): null

27-02-2025T17:42:01 - [TEST_STEP][PASSED] - if (myValue.length() >= 4): null

27-02-2025T17:42:01 - [TEST_STEP][PASSED] - if (myValue.substring(0, 4) == "(!) "): null

27-02-2025T17:42:01 - [TEST_STEP][PASSED] - myType = element.getAttribute("type"): null

27-02-2025T17:42:01 - [TEST_STEP][PASSED] - if (myValue in varParms[i]): null

27-02-2025T17:42:01 - [TEST_STEP][PASSED] - else: null

27-02-2025T17:42:01 - [TEST_STEP][PASSED] - inList = false: null

27-02-2025T17:42:01 - [TEST_STEP][PASSED] - if (myType == "checkbox"): null

27-02-2025T17:42:01 - [TEST_STEP][PASSED] - myStatus = element.isSelected(): null

27-02-2025T17:42:01 - [TEST_STEP][PASSED] - if (debug): null

27-02-2025T17:42:01 - [TEST_STEP][PASSED] - if (toggle && myStatus && inList): null

27-02-2025T17:42:01 - [TEST_STEP][PASSED] - if (!(myStatus) && inList || myStatus && !(inList)): null

27-02-2025T17:42:01 - [TEST_STEP][PASSED] - myValue = element.getAttribute("value"): null

27-02-2025T17:42:01 - [TEST_STEP][PASSED] - if (debug): null

27-02-2025T17:42:01 - [TEST_STEP][PASSED] - if (myValue.length() >= 4): null

27-02-2025T17:42:01 - [TEST_STEP][PASSED] - if (myValue.substring(0, 4) == "(!) "): null

27-02-2025T17:42:01 - [TEST_STEP][PASSED] - myType = element.getAttribute("type"): null

27-02-2025T17:42:01 - [TEST_STEP][PASSED] - if (myValue in varParms[i]): null

27-02-2025T17:42:01 - [TEST_STEP][PASSED] - inList = true: null

27-02-2025T17:42:01 - [TEST_STEP][PASSED] - if (myType == "checkbox"): null

27-02-2025T17:42:01 - [TEST_STEP][PASSED] - myStatus = element.isSelected(): null

27-02-2025T17:42:01 - [TEST_STEP][PASSED] - if (debug): null

27-02-2025T17:42:01 - [TEST_STEP][PASSED] - if (toggle && myStatus && inList): null

27-02-2025T17:42:01 - [TEST_STEP][PASSED] - if (!(myStatus) && inList || myStatus && !(inList)): null

27-02-2025T17:42:01 - [TEST_STEP][PASSED] - if (debug): null

27-02-2025T17:42:01 - [TEST_STEP][PASSED] - println("Clicking " + myValue): null

27-02-2025T17:42:01 - [TEST_STEP][PASSED] - click(element): null

27-02-2025T17:42:01 - [TEST_STEP][PASSED] - scrollToObject(elem): null

27-02-2025T17:42:01 - [TEST_STEP][PASSED] - loc = element.getLocation(): null

27-02-2025T17:42:01 - [TEST_STEP][PASSED] - if (debug): null

27-02-2025T17:42:01 - [TEST_STEP][PASSED] - y = loc.getY(): null

27-02-2025T17:42:01 - [TEST_STEP][PASSED] - println("Y location is " + y): null

27-02-2025T17:42:01 - [TEST_STEP][PASSED] - top = getViewportTopPosition(): Current viewport's top (y) position is 1586

27-02-2025T17:42:01 - [MESSAGE][PASSED] - Current viewport's top (y) position is 1586

27-02-2025T17:42:01 - [TEST_STEP][PASSED] - println("Viewport top is " + top): null

27-02-2025T17:42:01 - [TEST_STEP][PASSED] - bottom = top + 600: null

27-02-2025T17:42:01 - [TEST_STEP][PASSED] - if (y - top < 150 || bottom - y < 10): null

27-02-2025T17:42:01 - [TEST_STEP][PASSED] - elem.click(): null

27-02-2025T17:42:01 - [TEST_STEP][PASSED] - myValue = element.getAttribute("value"): null

27-02-2025T17:42:01 - [TEST_STEP][PASSED] - if (debug): null

27-02-2025T17:42:01 - [TEST_STEP][PASSED] - if (myValue.length() >= 4): null

27-02-2025T17:42:01 - [TEST_STEP][PASSED] - if (myValue.substring(0, 4) == "(!) "): null

27-02-2025T17:42:01 - [TEST_STEP][PASSED] - myType = element.getAttribute("type"): null

27-02-2025T17:42:01 - [TEST_STEP][PASSED] - if (myValue in varParms[i]): null

27-02-2025T17:42:01 - [TEST_STEP][PASSED] - inList = true: null

27-02-2025T17:42:01 - [TEST_STEP][PASSED] - if (myType == "checkbox"): null

27-02-2025T17:42:01 - [TEST_STEP][PASSED] - myStatus = element.isSelected(): null

27-02-2025T17:42:01 - [TEST_STEP][PASSED] - if (debug): null

27-02-2025T17:42:01 - [TEST_STEP][PASSED] - if (toggle && myStatus && inList): null

27-02-2025T17:42:01 - [TEST_STEP][PASSED] - if (!(myStatus) && inList || myStatus && !(inList)): null

27-02-2025T17:42:01 - [TEST_STEP][PASSED] - if (debug): null

27-02-2025T17:42:01 - [TEST_STEP][PASSED] - println("Clicking " + myValue): null

27-02-2025T17:42:01 - [TEST_STEP][PASSED] - click(element): null

27-02-2025T17:42:01 - [TEST_STEP][PASSED] - scrollToObject(elem): null

27-02-2025T17:42:01 - [TEST_STEP][PASSED] - loc = element.getLocation(): null

27-02-2025T17:42:01 - [TEST_STEP][PASSED] - if (debug): null

27-02-2025T17:42:01 - [TEST_STEP][PASSED] - y = loc.getY(): null

27-02-2025T17:42:01 - [TEST_STEP][PASSED] - println("Y location is " + y): null

27-02-2025T17:42:01 - [TEST_STEP][PASSED] - top = getViewportTopPosition(): Current viewport's top (y) position is 1586

27-02-2025T17:42:01 - [MESSAGE][PASSED] - Current viewport's top (y) position is 1586

27-02-2025T17:42:01 - [TEST_STEP][PASSED] - println("Viewport top is " + top): null

27-02-2025T17:42:01 - [TEST_STEP][PASSED] - bottom = top + 600: null

27-02-2025T17:42:01 - [TEST_STEP][PASSED] - if (y - top < 150 || bottom - y < 10): null

27-02-2025T17:42:01 - [TEST_STEP][PASSED] - elem.click(): null

27-02-2025T17:42:01 - [TEST_STEP][PASSED] - myValue = element.getAttribute("value"): null

27-02-2025T17:42:01 - [TEST_STEP][PASSED] - if (debug): null

27-02-2025T17:42:01 - [TEST_STEP][PASSED] - if (myValue.length() >= 4): null

27-02-2025T17:42:01 - [TEST_STEP][PASSED] - if (myValue.substring(0, 4) == "(!) "): null

27-02-2025T17:42:01 - [TEST_STEP][PASSED] - myType = element.getAttribute("type"): null

27-02-2025T17:42:01 - [TEST_STEP][PASSED] - if (myValue in varParms[i]): null

27-02-2025T17:42:01 - [TEST_STEP][PASSED] - else: null

27-02-2025T17:42:01 - [TEST_STEP][PASSED] - inList = false: null

27-02-2025T17:42:01 - [TEST_STEP][PASSED] - if (myType == "checkbox"): null

27-02-2025T17:42:01 - [TEST_STEP][PASSED] - myStatus = element.isSelected(): null

27-02-2025T17:42:01 - [TEST_STEP][PASSED] - if (debug): null

27-02-2025T17:42:01 - [TEST_STEP][PASSED] - if (toggle && myStatus && inList): null

27-02-2025T17:42:01 - [TEST_STEP][PASSED] - if (!(myStatus) && inList || myStatus && !(inList)): null

27-02-2025T17:42:01 - [TEST_STEP][PASSED] - myValue = element.getAttribute("value"): null

27-02-2025T17:42:01 - [TEST_STEP][PASSED] - if (debug): null

27-02-2025T17:42:01 - [TEST_STEP][PASSED] - if (myValue.length() >= 4): null

27-02-2025T17:42:01 - [TEST_STEP][PASSED] - if (myValue.substring(0, 4) == "(!) "): null

27-02-2025T17:42:01 - [TEST_STEP][PASSED] - myType = element.getAttribute("type"): null

27-02-2025T17:42:01 - [TEST_STEP][PASSED] - if (myValue in varParms[i]): null

27-02-2025T17:42:01 - [TEST_STEP][PASSED] - inList = true: null

27-02-2025T17:42:01 - [TEST_STEP][PASSED] - if (myType == "checkbox"): null

27-02-2025T17:42:01 - [TEST_STEP][PASSED] - myStatus = element.isSelected(): null

27-02-2025T17:42:01 - [TEST_STEP][PASSED] - if (debug): null

27-02-2025T17:42:01 - [TEST_STEP][PASSED] - if (toggle && myStatus && inList): null

27-02-2025T17:42:01 - [TEST_STEP][PASSED] - if (!(myStatus) && inList || myStatus && !(inList)): null

27-02-2025T17:42:01 - [TEST_STEP][PASSED] - if (debug): null

27-02-2025T17:42:01 - [TEST_STEP][PASSED] - println("Clicking " + myValue): null

27-02-2025T17:42:01 - [TEST_STEP][PASSED] - click(element): null

27-02-2025T17:42:01 - [TEST_STEP][PASSED] - scrollToObject(elem): null

27-02-2025T17:42:01 - [TEST_STEP][PASSED] - loc = element.getLocation(): null

27-02-2025T17:42:01 - [TEST_STEP][PASSED] - if (debug): null

27-02-2025T17:42:01 - [TEST_STEP][PASSED] - y = loc.getY(): null

27-02-2025T17:42:01 - [TEST_STEP][PASSED] - println("Y location is " + y): null

27-02-2025T17:42:01 - [TEST_STEP][PASSED] - top = getViewportTopPosition(): Current viewport's top (y) position is 1586

27-02-2025T17:42:01 - [MESSAGE][PASSED] - Current viewport's top (y) position is 1586

27-02-2025T17:42:01 - [TEST_STEP][PASSED] - println("Viewport top is " + top): null

27-02-2025T17:42:01 - [TEST_STEP][PASSED] - bottom = top + 600: null

27-02-2025T17:42:01 - [TEST_STEP][PASSED] - if (y - top < 150 || bottom - y < 10): null

27-02-2025T17:42:01 - [TEST_STEP][PASSED] - elem.click(): null

27-02-2025T17:42:01 - [TEST_STEP][PASSED] - myValue = element.getAttribute("value"): null

27-02-2025T17:42:01 - [TEST_STEP][PASSED] - if (debug): null

27-02-2025T17:42:01 - [TEST_STEP][PASSED] - if (myValue.length() >= 4): null

27-02-2025T17:42:01 - [TEST_STEP][PASSED] - if (myValue.substring(0, 4) == "(!) "): null

27-02-2025T17:42:01 - [TEST_STEP][PASSED] - myType = element.getAttribute("type"): null

27-02-2025T17:42:01 - [TEST_STEP][PASSED] - if (myValue in varParms[i]): null

27-02-2025T17:42:01 - [TEST_STEP][PASSED] - else: null

27-02-2025T17:42:01 - [TEST_STEP][PASSED] - inList = false: null

27-02-2025T17:42:01 - [TEST_STEP][PASSED] - if (myType == "checkbox"): null

27-02-2025T17:42:01 - [TEST_STEP][PASSED] - myStatus = element.isSelected(): null

27-02-2025T17:42:01 - [TEST_STEP][PASSED] - if (debug): null

27-02-2025T17:42:01 - [TEST_STEP][PASSED] - if (toggle && myStatus && inList): null

27-02-2025T17:42:01 - [TEST_STEP][PASSED] - if (!(myStatus) && inList || myStatus && !(inList)): null

27-02-2025T17:42:01 - [TEST_STEP][PASSED] - myValue = element.getAttribute("value"): null

27-02-2025T17:42:01 - [TEST_STEP][PASSED] - if (debug): null

27-02-2025T17:42:01 - [TEST_STEP][PASSED] - if (myValue.length() >= 4): null

27-02-2025T17:42:01 - [TEST_STEP][PASSED] - if (myValue.substring(0, 4) == "(!) "): null

27-02-2025T17:42:01 - [TEST_STEP][PASSED] - myType = element.getAttribute("type"): null

27-02-2025T17:42:01 - [TEST_STEP][PASSED] - if (myValue in varParms[i]): null

27-02-2025T17:42:01 - [TEST_STEP][PASSED] - else: null

27-02-2025T17:42:01 - [TEST_STEP][PASSED] - inList = false: null

27-02-2025T17:42:01 - [TEST_STEP][PASSED] - if (myType == "checkbox"): null

27-02-2025T17:42:01 - [TEST_STEP][PASSED] - myStatus = element.isSelected(): null

27-02-2025T17:42:01 - [TEST_STEP][PASSED] - if (debug): null

27-02-2025T17:42:01 - [TEST_STEP][PASSED] - if (toggle && myStatus && inList): null

27-02-2025T17:42:01 - [TEST_STEP][PASSED] - if (!(myStatus) && inList || myStatus && !(inList)): null

27-02-2025T17:42:01 - [TEST_STEP][PASSED] - myValue = element.getAttribute("value"): null

27-02-2025T17:42:01 - [TEST_STEP][PASSED] - if (debug): null

27-02-2025T17:42:01 - [TEST_STEP][PASSED] - if (myValue.length() >= 4): null

27-02-2025T17:42:01 - [TEST_STEP][PASSED] - if (myValue.substring(0, 4) == "(!) "): null

27-02-2025T17:42:01 - [TEST_STEP][PASSED] - myType = element.getAttribute("type"): null

27-02-2025T17:42:01 - [TEST_STEP][PASSED] - if (myValue in varParms[i]): null

27-02-2025T17:42:01 - [TEST_STEP][PASSED] - else: null

27-02-2025T17:42:01 - [TEST_STEP][PASSED] - inList = false: null

27-02-2025T17:42:01 - [TEST_STEP][PASSED] - if (myType == "checkbox"): null

27-02-2025T17:42:01 - [TEST_STEP][PASSED] - myStatus = element.isSelected(): null

27-02-2025T17:42:01 - [TEST_STEP][PASSED] - if (debug): null

27-02-2025T17:42:01 - [TEST_STEP][PASSED] - if (toggle && myStatus && inList): null

27-02-2025T17:42:01 - [TEST_STEP][PASSED] - if (!(myStatus) && inList || myStatus && !(inList)): null

27-02-2025T17:42:01 - [TEST_STEP][PASSED] - myValue = element.getAttribute("value"): null

27-02-2025T17:42:01 - [TEST_STEP][PASSED] - if (debug): null

27-02-2025T17:42:01 - [TEST_STEP][PASSED] - if (myValue.length() >= 4): null

27-02-2025T17:42:01 - [TEST_STEP][PASSED] - if (myValue.substring(0, 4) == "(!) "): null

27-02-2025T17:42:01 - [TEST_STEP][PASSED] - myType = element.getAttribute("type"): null

27-02-2025T17:42:01 - [TEST_STEP][PASSED] - if (myValue in varParms[i]): null

27-02-2025T17:42:01 - [TEST_STEP][PASSED] - else: null

27-02-2025T17:42:01 - [TEST_STEP][PASSED] - inList = false: null

27-02-2025T17:42:01 - [TEST_STEP][PASSED] - if (myType == "checkbox"): null

27-02-2025T17:42:01 - [TEST_STEP][PASSED] - myStatus = element.isSelected(): null

27-02-2025T17:42:01 - [TEST_STEP][PASSED] - if (debug): null

27-02-2025T17:42:01 - [TEST_STEP][PASSED] - if (toggle && myStatus && inList): null

27-02-2025T17:42:01 - [TEST_STEP][PASSED] - if (!(myStatus) && inList || myStatus && !(inList)): null

27-02-2025T17:42:01 - [TEST_STEP][PASSED] - myValue = element.getAttribute("value"): null

27-02-2025T17:42:01 - [TEST_STEP][PASSED] - if (debug): null

27-02-2025T17:42:01 - [TEST_STEP][PASSED] - if (myValue.length() >= 4): null

27-02-2025T17:42:01 - [TEST_STEP][PASSED] - if (myValue.substring(0, 4) == "(!) "): null

27-02-2025T17:42:01 - [TEST_STEP][PASSED] - myType = element.getAttribute("type"): null

27-02-2025T17:42:01 - [TEST_STEP][PASSED] - if (myValue in varParms[i]): null

27-02-2025T17:42:01 - [TEST_STEP][PASSED] - else: null

27-02-2025T17:42:01 - [TEST_STEP][PASSED] - inList = false: null

27-02-2025T17:42:01 - [TEST_STEP][PASSED] - if (myType == "checkbox"): null

27-02-2025T17:42:01 - [TEST_STEP][PASSED] - myStatus = element.isSelected(): null

27-02-2025T17:42:01 - [TEST_STEP][PASSED] - if (debug): null

27-02-2025T17:42:01 - [TEST_STEP][PASSED] - if (toggle && myStatus && inList): null

27-02-2025T17:42:01 - [TEST_STEP][PASSED] - if (!(myStatus) && inList || myStatus && !(inList)): null

27-02-2025T17:42:01 - [TEST_STEP][PASSED] - myValue = element.getAttribute("value"): null

27-02-2025T17:42:01 - [TEST_STEP][PASSED] - if (debug): null

27-02-2025T17:42:01 - [TEST_STEP][PASSED] - if (myValue.length() >= 4): null

27-02-2025T17:42:01 - [TEST_STEP][PASSED] - if (myValue.substring(0, 4) == "(!) "): null

27-02-2025T17:42:01 - [TEST_STEP][PASSED] - myType = element.getAttribute("type"): null

27-02-2025T17:42:01 - [TEST_STEP][PASSED] - if (myValue in varParms[i]): null

27-02-2025T17:42:01 - [TEST_STEP][PASSED] - else: null

27-02-2025T17:42:01 - [TEST_STEP][PASSED] - inList = false: null

27-02-2025T17:42:01 - [TEST_STEP][PASSED] - if (myType == "checkbox"): null

27-02-2025T17:42:01 - [TEST_STEP][PASSED] - myStatus = element.isSelected(): null

27-02-2025T17:42:01 - [TEST_STEP][PASSED] - if (debug): null

27-02-2025T17:42:01 - [TEST_STEP][PASSED] - if (toggle && myStatus && inList): null

27-02-2025T17:42:01 - [TEST_STEP][PASSED] - if (!(myStatus) && inList || myStatus && !(inList)): null

27-02-2025T17:42:01 - [TEST_STEP][PASSED] - myValue = element.getAttribute("value"): null

27-02-2025T17:42:01 - [TEST_STEP][PASSED] - if (debug): null

27-02-2025T17:42:01 - [TEST_STEP][PASSED] - if (myValue.length() >= 4): null

27-02-2025T17:42:01 - [TEST_STEP][PASSED] - if (myValue.substring(0, 4) == "(!) "): null

27-02-2025T17:42:01 - [TEST_STEP][PASSED] - myType = element.getAttribute("type"): null

27-02-2025T17:42:01 - [TEST_STEP][PASSED] - if (myValue in varParms[i]): null

27-02-2025T17:42:01 - [TEST_STEP][PASSED] - else: null

27-02-2025T17:42:01 - [TEST_STEP][PASSED] - inList = false: null

27-02-2025T17:42:01 - [TEST_STEP][PASSED] - if (myType == "checkbox"): null

27-02-2025T17:42:01 - [TEST_STEP][PASSED] - myStatus = element.isSelected(): null

27-02-2025T17:42:01 - [TEST_STEP][PASSED] - if (debug): null

27-02-2025T17:42:01 - [TEST_STEP][PASSED] - if (toggle && myStatus && inList): null

27-02-2025T17:42:01 - [TEST_STEP][PASSED] - if (!(myStatus) && inList || myStatus && !(inList)): null

27-02-2025T17:42:01 - [TEST_STEP][PASSED] - myValue = element.getAttribute("value"): null

27-02-2025T17:42:01 - [TEST_STEP][PASSED] - if (debug): null

27-02-2025T17:42:01 - [TEST_STEP][PASSED] - if (myValue.length() >= 4): null

27-02-2025T17:42:01 - [TEST_STEP][PASSED] - if (myValue.substring(0, 4) == "(!) "): null

27-02-2025T17:42:01 - [TEST_STEP][PASSED] - myType = element.getAttribute("type"): null

27-02-2025T17:42:01 - [TEST_STEP][PASSED] - if (myValue in varParms[i]): null

27-02-2025T17:42:01 - [TEST_STEP][PASSED] - else: null

27-02-2025T17:42:01 - [TEST_STEP][PASSED] - inList = false: null

27-02-2025T17:42:01 - [TEST_STEP][PASSED] - if (myType == "checkbox"): null

27-02-2025T17:42:01 - [TEST_STEP][PASSED] - myStatus = element.isSelected(): null

27-02-2025T17:42:01 - [TEST_STEP][PASSED] - if (debug): null

27-02-2025T17:42:01 - [TEST_STEP][PASSED] - if (toggle && myStatus && inList): null

27-02-2025T17:42:01 - [TEST_STEP][PASSED] - if (!(myStatus) && inList || myStatus && !(inList)): null

27-02-2025T17:42:01 - [TEST_STEP][PASSED] - myValue = element.getAttribute("value"): null

27-02-2025T17:42:01 - [TEST_STEP][PASSED] - if (debug): null

27-02-2025T17:42:01 - [TEST_STEP][PASSED] - if (myValue.length() >= 4): null

27-02-2025T17:42:01 - [TEST_STEP][PASSED] - if (myValue.substring(0, 4) == "(!) "): null

27-02-2025T17:42:01 - [TEST_STEP][PASSED] - myType = element.getAttribute("type"): null

27-02-2025T17:42:01 - [TEST_STEP][PASSED] - if (myValue in varParms[i]): null

27-02-2025T17:42:01 - [TEST_STEP][PASSED] - else: null

27-02-2025T17:42:01 - [TEST_STEP][PASSED] - inList = false: null

27-02-2025T17:42:01 - [TEST_STEP][PASSED] - if (myType == "checkbox"): null

27-02-2025T17:42:01 - [TEST_STEP][PASSED] - myStatus = element.isSelected(): null

27-02-2025T17:42:01 - [TEST_STEP][PASSED] - if (debug): null

27-02-2025T17:42:01 - [TEST_STEP][PASSED] - if (toggle && myStatus && inList): null

27-02-2025T17:42:01 - [TEST_STEP][PASSED] - if (!(myStatus) && inList || myStatus && !(inList)): null

27-02-2025T17:42:01 - [TEST_STEP][PASSED] - myValue = element.getAttribute("value"): null

27-02-2025T17:42:01 - [TEST_STEP][PASSED] - if (debug): null

27-02-2025T17:42:01 - [TEST_STEP][PASSED] - if (myValue.length() >= 4): null

27-02-2025T17:42:01 - [TEST_STEP][PASSED] - if (myValue.substring(0, 4) == "(!) "): null

27-02-2025T17:42:01 - [TEST_STEP][PASSED] - myType = element.getAttribute("type"): null

27-02-2025T17:42:01 - [TEST_STEP][PASSED] - if (myValue in varParms[i]): null

27-02-2025T17:42:01 - [TEST_STEP][PASSED] - else: null

27-02-2025T17:42:01 - [TEST_STEP][PASSED] - inList = false: null

27-02-2025T17:42:01 - [TEST_STEP][PASSED] - if (myType == "checkbox"): null

27-02-2025T17:42:01 - [TEST_STEP][PASSED] - myStatus = element.isSelected(): null

27-02-2025T17:42:01 - [TEST_STEP][PASSED] - if (debug): null

27-02-2025T17:42:01 - [TEST_STEP][PASSED] - if (toggle && myStatus && inList): null

27-02-2025T17:42:01 - [TEST_STEP][PASSED] - if (!(myStatus) && inList || myStatus && !(inList)): null

27-02-2025T17:42:01 - [TEST_STEP][PASSED] - myValue = element.getAttribute("value"): null

27-02-2025T17:42:01 - [TEST_STEP][PASSED] - if (debug): null

27-02-2025T17:42:01 - [TEST_STEP][PASSED] - if (myValue.length() >= 4): null

27-02-2025T17:42:01 - [TEST_STEP][PASSED] - if (myValue.substring(0, 4) == "(!) "): null

27-02-2025T17:42:01 - [TEST_STEP][PASSED] - myType = element.getAttribute("type"): null

27-02-2025T17:42:01 - [TEST_STEP][PASSED] - if (myValue in varParms[i]): null

27-02-2025T17:42:01 - [TEST_STEP][PASSED] - else: null

27-02-2025T17:42:01 - [TEST_STEP][PASSED] - inList = false: null

27-02-2025T17:42:01 - [TEST_STEP][PASSED] - if (myType == "checkbox"): null

27-02-2025T17:42:01 - [TEST_STEP][PASSED] - myStatus = element.isSelected(): null

27-02-2025T17:42:01 - [TEST_STEP][PASSED] - if (debug): null

27-02-2025T17:42:01 - [TEST_STEP][PASSED] - if (toggle && myStatus && inList): null

27-02-2025T17:42:01 - [TEST_STEP][PASSED] - if (!(myStatus) && inList || myStatus && !(inList)): null

27-02-2025T17:42:01 - [TEST_STEP][PASSED] - myValue = element.getAttribute("value"): null

27-02-2025T17:42:01 - [TEST_STEP][PASSED] - if (debug): null

27-02-2025T17:42:01 - [TEST_STEP][PASSED] - if (myValue.length() >= 4): null

27-02-2025T17:42:01 - [TEST_STEP][PASSED] - if (myValue.substring(0, 4) == "(!) "): null

27-02-2025T17:42:01 - [TEST_STEP][PASSED] - myType = element.getAttribute("type"): null

27-02-2025T17:42:01 - [TEST_STEP][PASSED] - if (myValue in varParms[i]): null

27-02-2025T17:42:01 - [TEST_STEP][PASSED] - else: null

27-02-2025T17:42:01 - [TEST_STEP][PASSED] - inList = false: null

27-02-2025T17:42:01 - [TEST_STEP][PASSED] - if (myType == "checkbox"): null

27-02-2025T17:42:01 - [TEST_STEP][PASSED] - myStatus = element.isSelected(): null

27-02-2025T17:42:01 - [TEST_STEP][PASSED] - if (debug): null

27-02-2025T17:42:01 - [TEST_STEP][PASSED] - if (toggle && myStatus && inList): null

27-02-2025T17:42:01 - [TEST_STEP][PASSED] - if (!(myStatus) && inList || myStatus && !(inList)): null

27-02-2025T17:42:01 - [TEST_STEP][PASSED] - myValue = element.getAttribute("value"): null

27-02-2025T17:42:01 - [TEST_STEP][PASSED] - if (debug): null

27-02-2025T17:42:01 - [TEST_STEP][PASSED] - if (myValue.length() >= 4): null

27-02-2025T17:42:01 - [TEST_STEP][PASSED] - if (myValue.substring(0, 4) == "(!) "): null

27-02-2025T17:42:01 - [TEST_STEP][PASSED] - myType = element.getAttribute("type"): null

27-02-2025T17:42:01 - [TEST_STEP][PASSED] - if (myValue in varParms[i]): null

27-02-2025T17:42:01 - [TEST_STEP][PASSED] - else: null

27-02-2025T17:42:01 - [TEST_STEP][PASSED] - inList = false: null

27-02-2025T17:42:01 - [TEST_STEP][PASSED] - if (myType == "checkbox"): null

27-02-2025T17:42:01 - [TEST_STEP][PASSED] - myStatus = element.isSelected(): null

27-02-2025T17:42:01 - [TEST_STEP][PASSED] - if (debug): null

27-02-2025T17:42:01 - [TEST_STEP][PASSED] - if (toggle && myStatus && inList): null

27-02-2025T17:42:01 - [TEST_STEP][PASSED] - if (!(myStatus) && inList || myStatus && !(inList)): null

27-02-2025T17:42:01 - [TEST_STEP][PASSED] - myValue = element.getAttribute("value"): null

27-02-2025T17:42:01 - [TEST_STEP][PASSED] - if (debug): null

27-02-2025T17:42:01 - [TEST_STEP][PASSED] - if (myValue.length() >= 4): null

27-02-2025T17:42:01 - [TEST_STEP][PASSED] - if (myValue.substring(0, 4) == "(!) "): null

27-02-2025T17:42:01 - [TEST_STEP][PASSED] - myType = element.getAttribute("type"): null

27-02-2025T17:42:01 - [TEST_STEP][PASSED] - if (myValue in varParms[i]): null

27-02-2025T17:42:01 - [TEST_STEP][PASSED] - inList = true: null

27-02-2025T17:42:01 - [TEST_STEP][PASSED] - if (myType == "checkbox"): null

27-02-2025T17:42:01 - [TEST_STEP][PASSED] - myStatus = element.isSelected(): null

27-02-2025T17:42:01 - [TEST_STEP][PASSED] - if (debug): null

27-02-2025T17:42:01 - [TEST_STEP][PASSED] - if (toggle && myStatus && inList): null

27-02-2025T17:42:01 - [TEST_STEP][PASSED] - if (!(myStatus) && inList || myStatus && !(inList)): null

27-02-2025T17:42:01 - [TEST_STEP][PASSED] - if (debug): null

27-02-2025T17:42:01 - [TEST_STEP][PASSED] - println("Clicking " + myValue): null

27-02-2025T17:42:01 - [TEST_STEP][PASSED] - click(element): null

27-02-2025T17:42:01 - [TEST_STEP][PASSED] - scrollToObject(elem): null

27-02-2025T17:42:01 - [TEST_STEP][PASSED] - loc = element.getLocation(): null

27-02-2025T17:42:01 - [TEST_STEP][PASSED] - if (debug): null

27-02-2025T17:42:01 - [TEST_STEP][PASSED] - y = loc.getY(): null

27-02-2025T17:42:01 - [TEST_STEP][PASSED] - println("Y location is " + y): null

27-02-2025T17:42:01 - [TEST_STEP][PASSED] - top = getViewportTopPosition(): Current viewport's top (y) position is 1586

27-02-2025T17:42:01 - [MESSAGE][PASSED] - Current viewport's top (y) position is 1586

27-02-2025T17:42:01 - [TEST_STEP][PASSED] - println("Viewport top is " + top): null

27-02-2025T17:42:01 - [TEST_STEP][PASSED] - bottom = top + 600: null

27-02-2025T17:42:01 - [TEST_STEP][PASSED] - if (y - top < 150 || bottom - y < 10): null

27-02-2025T17:42:01 - [TEST_STEP][PASSED] - elem.click(): null

27-02-2025T17:42:01 - [TEST_STEP][PASSED] - myValue = element.getAttribute("value"): null

27-02-2025T17:42:01 - [TEST_STEP][PASSED] - if (debug): null

27-02-2025T17:42:01 - [TEST_STEP][PASSED] - if (myValue.length() >= 4): null

27-02-2025T17:42:01 - [TEST_STEP][PASSED] - if (myValue.substring(0, 4) == "(!) "): null

27-02-2025T17:42:01 - [TEST_STEP][PASSED] - myType = element.getAttribute("type"): null

27-02-2025T17:42:01 - [TEST_STEP][PASSED] - if (myValue in varParms[i]): null

27-02-2025T17:42:01 - [TEST_STEP][PASSED] - else: null

27-02-2025T17:42:01 - [TEST_STEP][PASSED] - inList = false: null

27-02-2025T17:42:01 - [TEST_STEP][PASSED] - if (myType == "checkbox"): null

27-02-2025T17:42:01 - [TEST_STEP][PASSED] - myStatus = element.isSelected(): null

27-02-2025T17:42:01 - [TEST_STEP][PASSED] - if (debug): null

27-02-2025T17:42:01 - [TEST_STEP][PASSED] - if (toggle && myStatus && inList): null

27-02-2025T17:42:01 - [TEST_STEP][PASSED] - if (!(myStatus) && inList || myStatus && !(inList)): null

27-02-2025T17:42:01 - [TEST_STEP][PASSED] - myValue = element.getAttribute("value"): null

27-02-2025T17:42:01 - [TEST_STEP][PASSED] - if (debug): null

27-02-2025T17:42:01 - [TEST_STEP][PASSED] - if (myValue.length() >= 4): null

27-02-2025T17:42:01 - [TEST_STEP][PASSED] - if (myValue.substring(0, 4) == "(!) "): null

27-02-2025T17:42:01 - [TEST_STEP][PASSED] - myType = element.getAttribute("type"): null

27-02-2025T17:42:01 - [TEST_STEP][PASSED] - if (myValue in varParms[i]): null

27-02-2025T17:42:01 - [TEST_STEP][PASSED] - else: null

27-02-2025T17:42:01 - [TEST_STEP][PASSED] - inList = false: null

27-02-2025T17:42:01 - [TEST_STEP][PASSED] - if (myType == "checkbox"): null

27-02-2025T17:42:01 - [TEST_STEP][PASSED] - myStatus = element.isSelected(): null

27-02-2025T17:42:01 - [TEST_STEP][PASSED] - if (debug): null

27-02-2025T17:42:01 - [TEST_STEP][PASSED] - if (toggle && myStatus && inList): null

27-02-2025T17:42:01 - [TEST_STEP][PASSED] - if (!(myStatus) && inList || myStatus && !(inList)): null

27-02-2025T17:42:01 - [TEST_STEP][PASSED] - myValue = element.getAttribute("value"): null

27-02-2025T17:42:02 - [TEST_STEP][PASSED] - if (debug): null

27-02-2025T17:42:02 - [TEST_STEP][PASSED] - if (myValue.length() >= 4): null

27-02-2025T17:42:02 - [TEST_STEP][PASSED] - if (myValue.substring(0, 4) == "(!) "): null

27-02-2025T17:42:02 - [TEST_STEP][PASSED] - myType = element.getAttribute("type"): null

27-02-2025T17:42:02 - [TEST_STEP][PASSED] - if (myValue in varParms[i]): null

27-02-2025T17:42:02 - [TEST_STEP][PASSED] - else: null

27-02-2025T17:42:02 - [TEST_STEP][PASSED] - inList = false: null

27-02-2025T17:42:02 - [TEST_STEP][PASSED] - if (myType == "checkbox"): null

27-02-2025T17:42:02 - [TEST_STEP][PASSED] - myStatus = element.isSelected(): null

27-02-2025T17:42:02 - [TEST_STEP][PASSED] - if (debug): null

27-02-2025T17:42:02 - [TEST_STEP][PASSED] - if (toggle && myStatus && inList): null

27-02-2025T17:42:02 - [TEST_STEP][PASSED] - if (!(myStatus) && inList || myStatus && !(inList)): null

27-02-2025T17:42:02 - [TEST_STEP][PASSED] - myValue = element.getAttribute("value"): null

27-02-2025T17:42:02 - [TEST_STEP][PASSED] - if (debug): null

27-02-2025T17:42:02 - [TEST_STEP][PASSED] - if (myValue.length() >= 4): null

27-02-2025T17:42:02 - [TEST_STEP][PASSED] - if (myValue.substring(0, 4) == "(!) "): null

27-02-2025T17:42:02 - [TEST_STEP][PASSED] - myType = element.getAttribute("type"): null

27-02-2025T17:42:02 - [TEST_STEP][PASSED] - if (myValue in varParms[i]): null

27-02-2025T17:42:02 - [TEST_STEP][PASSED] - inList = true: null

27-02-2025T17:42:02 - [TEST_STEP][PASSED] - if (myType == "checkbox"): null

27-02-2025T17:42:02 - [TEST_STEP][PASSED] - myStatus = element.isSelected(): null

27-02-2025T17:42:02 - [TEST_STEP][PASSED] - if (debug): null

27-02-2025T17:42:02 - [TEST_STEP][PASSED] - if (toggle && myStatus && inList): null

27-02-2025T17:42:02 - [TEST_STEP][PASSED] - if (!(myStatus) && inList || myStatus && !(inList)): null

27-02-2025T17:42:02 - [TEST_STEP][PASSED] - if (debug): null

27-02-2025T17:42:02 - [TEST_STEP][PASSED] - println("Clicking " + myValue): null

27-02-2025T17:42:02 - [TEST_STEP][PASSED] - click(element): null

27-02-2025T17:42:02 - [TEST_STEP][PASSED] - scrollToObject(elem): null

27-02-2025T17:42:02 - [TEST_STEP][PASSED] - loc = element.getLocation(): null

27-02-2025T17:42:02 - [TEST_STEP][PASSED] - if (debug): null

27-02-2025T17:42:02 - [TEST_STEP][PASSED] - y = loc.getY(): null

27-02-2025T17:42:02 - [TEST_STEP][PASSED] - println("Y location is " + y): null

27-02-2025T17:42:02 - [TEST_STEP][PASSED] - top = getViewportTopPosition(): Current viewport's top (y) position is 1586

27-02-2025T17:42:02 - [MESSAGE][PASSED] - Current viewport's top (y) position is 1586

27-02-2025T17:42:02 - [TEST_STEP][PASSED] - println("Viewport top is " + top): null

27-02-2025T17:42:02 - [TEST_STEP][PASSED] - bottom = top + 600: null

27-02-2025T17:42:02 - [TEST_STEP][PASSED] - if (y - top < 150 || bottom - y < 10): null

27-02-2025T17:42:02 - [TEST_STEP][PASSED] - elem.click(): null

27-02-2025T17:42:02 - [TEST_STEP][PASSED] - myValue = element.getAttribute("value"): null

27-02-2025T17:42:02 - [TEST_STEP][PASSED] - if (debug): null

27-02-2025T17:42:02 - [TEST_STEP][PASSED] - if (myValue.length() >= 4): null

27-02-2025T17:42:02 - [TEST_STEP][PASSED] - if (myValue.substring(0, 4) == "(!) "): null

27-02-2025T17:42:02 - [TEST_STEP][PASSED] - myType = element.getAttribute("type"): null

27-02-2025T17:42:02 - [TEST_STEP][PASSED] - if (myValue in varParms[i]): null

27-02-2025T17:42:02 - [TEST_STEP][PASSED] - inList = true: null

27-02-2025T17:42:02 - [TEST_STEP][PASSED] - if (myType == "checkbox"): null

27-02-2025T17:42:02 - [TEST_STEP][PASSED] - myStatus = element.isSelected(): null

27-02-2025T17:42:02 - [TEST_STEP][PASSED] - if (debug): null

27-02-2025T17:42:02 - [TEST_STEP][PASSED] - if (toggle && myStatus && inList): null

27-02-2025T17:42:02 - [TEST_STEP][PASSED] - if (!(myStatus) && inList || myStatus && !(inList)): null

27-02-2025T17:42:02 - [TEST_STEP][PASSED] - if (debug): null

27-02-2025T17:42:02 - [TEST_STEP][PASSED] - println("Clicking " + myValue): null

27-02-2025T17:42:02 - [TEST_STEP][PASSED] - click(element): null

27-02-2025T17:42:02 - [TEST_STEP][PASSED] - scrollToObject(elem): null

27-02-2025T17:42:02 - [TEST_STEP][PASSED] - loc = element.getLocation(): null

27-02-2025T17:42:02 - [TEST_STEP][PASSED] - if (debug): null

27-02-2025T17:42:02 - [TEST_STEP][PASSED] - y = loc.getY(): null

27-02-2025T17:42:02 - [TEST_STEP][PASSED] - println("Y location is " + y): null

27-02-2025T17:42:02 - [TEST_STEP][PASSED] - top = getViewportTopPosition(): Current viewport's top (y) position is 1586

27-02-2025T17:42:02 - [MESSAGE][PASSED] - Current viewport's top (y) position is 1586

27-02-2025T17:42:02 - [TEST_STEP][PASSED] - println("Viewport top is " + top): null

27-02-2025T17:42:02 - [TEST_STEP][PASSED] - bottom = top + 600: null

27-02-2025T17:42:02 - [TEST_STEP][PASSED] - if (y - top < 150 || bottom - y < 10): null

27-02-2025T17:42:02 - [TEST_STEP][PASSED] - elem.click(): null

27-02-2025T17:42:02 - [TEST_STEP][PASSED] - myValue = element.getAttribute("value"): null

27-02-2025T17:42:02 - [TEST_STEP][PASSED] - if (debug): null

27-02-2025T17:42:02 - [TEST_STEP][PASSED] - if (myValue.length() >= 4): null

27-02-2025T17:42:02 - [TEST_STEP][PASSED] - if (myValue.substring(0, 4) == "(!) "): null

27-02-2025T17:42:02 - [TEST_STEP][PASSED] - myType = element.getAttribute("type"): null

27-02-2025T17:42:02 - [TEST_STEP][PASSED] - if (myValue in varParms[i]): null

27-02-2025T17:42:02 - [TEST_STEP][PASSED] - else: null

27-02-2025T17:42:02 - [TEST_STEP][PASSED] - inList = false: null

27-02-2025T17:42:02 - [TEST_STEP][PASSED] - if (myType == "checkbox"): null

27-02-2025T17:42:02 - [TEST_STEP][PASSED] - myStatus = element.isSelected(): null

27-02-2025T17:42:02 - [TEST_STEP][PASSED] - if (debug): null

27-02-2025T17:42:02 - [TEST_STEP][PASSED] - if (toggle && myStatus && inList): null

27-02-2025T17:42:02 - [TEST_STEP][PASSED] - if (!(myStatus) && inList || myStatus && !(inList)): null

27-02-2025T17:42:02 - [TEST_STEP][PASSED] - myValue = element.getAttribute("value"): null

27-02-2025T17:42:02 - [TEST_STEP][PASSED] - if (debug): null

27-02-2025T17:42:02 - [TEST_STEP][PASSED] - if (myValue.length() >= 4): null

27-02-2025T17:42:02 - [TEST_STEP][PASSED] - if (myValue.substring(0, 4) == "(!) "): null

27-02-2025T17:42:02 - [TEST_STEP][PASSED] - myType = element.getAttribute("type"): null

27-02-2025T17:42:02 - [TEST_STEP][PASSED] - if (myValue in varParms[i]): null

27-02-2025T17:42:02 - [TEST_STEP][PASSED] - else: null

27-02-2025T17:42:02 - [TEST_STEP][PASSED] - inList = false: null

27-02-2025T17:42:02 - [TEST_STEP][PASSED] - if (myType == "checkbox"): null

27-02-2025T17:42:02 - [TEST_STEP][PASSED] - myStatus = element.isSelected(): null

27-02-2025T17:42:02 - [TEST_STEP][PASSED] - if (debug): null

27-02-2025T17:42:02 - [TEST_STEP][PASSED] - if (toggle && myStatus && inList): null

27-02-2025T17:42:02 - [TEST_STEP][PASSED] - if (!(myStatus) && inList || myStatus && !(inList)): null

27-02-2025T17:42:02 - [TEST_STEP][PASSED] - myValue = element.getAttribute("value"): null

27-02-2025T17:42:02 - [TEST_STEP][PASSED] - if (debug): null

27-02-2025T17:42:02 - [TEST_STEP][PASSED] - if (myValue.length() >= 4): null

27-02-2025T17:42:02 - [TEST_STEP][PASSED] - if (myValue.substring(0, 4) == "(!) "): null

27-02-2025T17:42:02 - [TEST_STEP][PASSED] - myType = element.getAttribute("type"): null

27-02-2025T17:42:02 - [TEST_STEP][PASSED] - if (myValue in varParms[i]): null

27-02-2025T17:42:02 - [TEST_STEP][PASSED] - else: null

27-02-2025T17:42:02 - [TEST_STEP][PASSED] - inList = false: null

27-02-2025T17:42:02 - [TEST_STEP][PASSED] - if (myType == "checkbox"): null

27-02-2025T17:42:02 - [TEST_STEP][PASSED] - myStatus = element.isSelected(): null

27-02-2025T17:42:02 - [TEST_STEP][PASSED] - if (debug): null

27-02-2025T17:42:02 - [TEST_STEP][PASSED] - if (toggle && myStatus && inList): null

27-02-2025T17:42:02 - [TEST_STEP][PASSED] - if (!(myStatus) && inList || myStatus && !(inList)): null

27-02-2025T17:42:02 - [TEST_STEP][PASSED] - myValue = element.getAttribute("value"): null

27-02-2025T17:42:02 - [TEST_STEP][PASSED] - if (debug): null

27-02-2025T17:42:02 - [TEST_STEP][PASSED] - if (myValue.length() >= 4): null

27-02-2025T17:42:02 - [TEST_STEP][PASSED] - if (myValue.substring(0, 4) == "(!) "): null

27-02-2025T17:42:02 - [TEST_STEP][PASSED] - myType = element.getAttribute("type"): null

27-02-2025T17:42:02 - [TEST_STEP][PASSED] - if (myValue in varParms[i]): null

27-02-2025T17:42:02 - [TEST_STEP][PASSED] - inList = true: null

27-02-2025T17:42:02 - [TEST_STEP][PASSED] - if (myType == "checkbox"): null

27-02-2025T17:42:02 - [TEST_STEP][PASSED] - myStatus = element.isSelected(): null

27-02-2025T17:42:02 - [TEST_STEP][PASSED] - if (debug): null

27-02-2025T17:42:02 - [TEST_STEP][PASSED] - if (toggle && myStatus && inList): null

27-02-2025T17:42:02 - [TEST_STEP][PASSED] - if (!(myStatus) && inList || myStatus && !(inList)): null

27-02-2025T17:42:02 - [TEST_STEP][PASSED] - if (debug): null

27-02-2025T17:42:02 - [TEST_STEP][PASSED] - println("Clicking " + myValue): null

27-02-2025T17:42:02 - [TEST_STEP][PASSED] - click(element): null

27-02-2025T17:42:02 - [TEST_STEP][PASSED] - scrollToObject(elem): null

27-02-2025T17:42:02 - [TEST_STEP][PASSED] - loc = element.getLocation(): null

27-02-2025T17:42:02 - [TEST_STEP][PASSED] - if (debug): null

27-02-2025T17:42:02 - [TEST_STEP][PASSED] - y = loc.getY(): null

27-02-2025T17:42:02 - [TEST_STEP][PASSED] - println("Y location is " + y): null

27-02-2025T17:42:02 - [TEST_STEP][PASSED] - top = getViewportTopPosition(): Current viewport's top (y) position is 1586

27-02-2025T17:42:02 - [MESSAGE][PASSED] - Current viewport's top (y) position is 1586

27-02-2025T17:42:02 - [TEST_STEP][PASSED] - println("Viewport top is " + top): null

27-02-2025T17:42:02 - [TEST_STEP][PASSED] - bottom = top + 600: null

27-02-2025T17:42:02 - [TEST_STEP][PASSED] - if (y - top < 150 || bottom - y < 10): Delayed 1 second(s)

27-02-2025T17:42:02 - [TEST_STEP][PASSED] - scrollToPosition(0, y - 150): Browser is scrolled to position x = 0, y = 2028

27-02-2025T17:42:02 - [MESSAGE][PASSED] - Browser is scrolled to position x = 0, y = 2028

27-02-2025T17:42:02 - [TEST_STEP][PASSED] - delay(1): Delayed 1 second(s)

27-02-2025T17:42:03 - [MESSAGE][PASSED] - Delayed 1 second(s)

27-02-2025T17:42:03 - [TEST_STEP][PASSED] - elem.click(): null

27-02-2025T17:42:03 - [TEST_STEP][PASSED] - myValue = element.getAttribute("value"): null

27-02-2025T17:42:03 - [TEST_STEP][PASSED] - if (debug): null

27-02-2025T17:42:03 - [TEST_STEP][PASSED] - if (myValue.length() >= 4): null

27-02-2025T17:42:03 - [TEST_STEP][PASSED] - if (myValue.substring(0, 4) == "(!) "): null

27-02-2025T17:42:03 - [TEST_STEP][PASSED] - myType = element.getAttribute("type"): null

27-02-2025T17:42:03 - [TEST_STEP][PASSED] - if (myValue in varParms[i]): null

27-02-2025T17:42:03 - [TEST_STEP][PASSED] - else: null

27-02-2025T17:42:03 - [TEST_STEP][PASSED] - inList = false: null

27-02-2025T17:42:03 - [TEST_STEP][PASSED] - if (myType == "checkbox"): null

27-02-2025T17:42:03 - [TEST_STEP][PASSED] - myStatus = element.isSelected(): null

27-02-2025T17:42:03 - [TEST_STEP][PASSED] - if (debug): null

27-02-2025T17:42:03 - [TEST_STEP][PASSED] - if (toggle && myStatus && inList): null

27-02-2025T17:42:03 - [TEST_STEP][PASSED] - if (!(myStatus) && inList || myStatus && !(inList)): null

27-02-2025T17:42:03 - [TEST_STEP][PASSED] - myValue = element.getAttribute("value"): null

27-02-2025T17:42:03 - [TEST_STEP][PASSED] - if (debug): null

27-02-2025T17:42:03 - [TEST_STEP][PASSED] - if (myValue.length() >= 4): null

27-02-2025T17:42:03 - [TEST_STEP][PASSED] - if (myValue.substring(0, 4) == "(!) "): null

27-02-2025T17:42:03 - [TEST_STEP][PASSED] - myType = element.getAttribute("type"): null

27-02-2025T17:42:03 - [TEST_STEP][PASSED] - if (myValue in varParms[i]): null

27-02-2025T17:42:03 - [TEST_STEP][PASSED] - else: null

27-02-2025T17:42:03 - [TEST_STEP][PASSED] - inList = false: null

27-02-2025T17:42:03 - [TEST_STEP][PASSED] - if (myType == "checkbox"): null

27-02-2025T17:42:03 - [TEST_STEP][PASSED] - myStatus = element.isSelected(): null

27-02-2025T17:42:03 - [TEST_STEP][PASSED] - if (debug): null

27-02-2025T17:42:03 - [TEST_STEP][PASSED] - if (toggle && myStatus && inList): null

27-02-2025T17:42:03 - [TEST_STEP][PASSED] - if (!(myStatus) && inList || myStatus && !(inList)): null

27-02-2025T17:42:03 - [TEST_STEP][PASSED] - myValue = element.getAttribute("value"): null

27-02-2025T17:42:03 - [TEST_STEP][PASSED] - if (debug): null

27-02-2025T17:42:03 - [TEST_STEP][PASSED] - if (myValue.length() >= 4): null

27-02-2025T17:42:03 - [TEST_STEP][PASSED] - if (myValue.substring(0, 4) == "(!) "): null

27-02-2025T17:42:03 - [TEST_STEP][PASSED] - myType = element.getAttribute("type"): null

27-02-2025T17:42:03 - [TEST_STEP][PASSED] - if (myValue in varParms[i]): null

27-02-2025T17:42:03 - [TEST_STEP][PASSED] - else: null

27-02-2025T17:42:03 - [TEST_STEP][PASSED] - inList = false: null

27-02-2025T17:42:03 - [TEST_STEP][PASSED] - if (myType == "checkbox"): null

27-02-2025T17:42:03 - [TEST_STEP][PASSED] - myStatus = element.isSelected(): null

27-02-2025T17:42:03 - [TEST_STEP][PASSED] - if (debug): null

27-02-2025T17:42:03 - [TEST_STEP][PASSED] - if (toggle && myStatus && inList): null

27-02-2025T17:42:03 - [TEST_STEP][PASSED] - if (!(myStatus) && inList || myStatus && !(inList)): null

27-02-2025T17:42:03 - [TEST_STEP][PASSED] - myValue = element.getAttribute("value"): null

27-02-2025T17:42:03 - [TEST_STEP][PASSED] - if (debug): null

27-02-2025T17:42:03 - [TEST_STEP][PASSED] - if (myValue.length() >= 4): null

27-02-2025T17:42:03 - [TEST_STEP][PASSED] - if (myValue.substring(0, 4) == "(!) "): null

27-02-2025T17:42:03 - [TEST_STEP][PASSED] - myType = element.getAttribute("type"): null

27-02-2025T17:42:03 - [TEST_STEP][PASSED] - if (myValue in varParms[i]): null

27-02-2025T17:42:03 - [TEST_STEP][PASSED] - else: null

27-02-2025T17:42:03 - [TEST_STEP][PASSED] - inList = false: null

27-02-2025T17:42:03 - [TEST_STEP][PASSED] - if (myType == "checkbox"): null

27-02-2025T17:42:03 - [TEST_STEP][PASSED] - myStatus = element.isSelected(): null

27-02-2025T17:42:03 - [TEST_STEP][PASSED] - if (debug): null

27-02-2025T17:42:03 - [TEST_STEP][PASSED] - if (toggle && myStatus && inList): null

27-02-2025T17:42:03 - [TEST_STEP][PASSED] - if (!(myStatus) && inList || myStatus && !(inList)): null

27-02-2025T17:42:03 - [TEST_STEP][PASSED] - myValue = element.getAttribute("value"): null

27-02-2025T17:42:03 - [TEST_STEP][PASSED] - if (debug): null

27-02-2025T17:42:03 - [TEST_STEP][PASSED] - if (myValue.length() >= 4): null

27-02-2025T17:42:03 - [TEST_STEP][PASSED] - if (myValue.substring(0, 4) == "(!) "): null

27-02-2025T17:42:03 - [TEST_STEP][PASSED] - myType = element.getAttribute("type"): null

27-02-2025T17:42:03 - [TEST_STEP][PASSED] - if (myValue in varParms[i]): null

27-02-2025T17:42:03 - [TEST_STEP][PASSED] - else: null

27-02-2025T17:42:03 - [TEST_STEP][PASSED] - inList = false: null

27-02-2025T17:42:03 - [TEST_STEP][PASSED] - if (myType == "checkbox"): null

27-02-2025T17:42:03 - [TEST_STEP][PASSED] - myStatus = element.isSelected(): null

27-02-2025T17:42:03 - [TEST_STEP][PASSED] - if (debug): null

27-02-2025T17:42:03 - [TEST_STEP][PASSED] - if (toggle && myStatus && inList): null

27-02-2025T17:42:03 - [TEST_STEP][PASSED] - if (!(myStatus) && inList || myStatus && !(inList)): null

27-02-2025T17:42:03 - [TEST_STEP][PASSED] - myValue = element.getAttribute("value"): null

27-02-2025T17:42:03 - [TEST_STEP][PASSED] - if (debug): null

27-02-2025T17:42:03 - [TEST_STEP][PASSED] - if (myValue.length() >= 4): null

27-02-2025T17:42:03 - [TEST_STEP][PASSED] - if (myValue.substring(0, 4) == "(!) "): null

27-02-2025T17:42:03 - [TEST_STEP][PASSED] - myType = element.getAttribute("type"): null

27-02-2025T17:42:03 - [TEST_STEP][PASSED] - if (myValue in varParms[i]): null

27-02-2025T17:42:03 - [TEST_STEP][PASSED] - inList = true: null

27-02-2025T17:42:03 - [TEST_STEP][PASSED] - if (myType == "checkbox"): null

27-02-2025T17:42:03 - [TEST_STEP][PASSED] - myStatus = element.isSelected(): null

27-02-2025T17:42:03 - [TEST_STEP][PASSED] - if (debug): null

27-02-2025T17:42:03 - [TEST_STEP][PASSED] - if (toggle && myStatus && inList): null

27-02-2025T17:42:03 - [TEST_STEP][PASSED] - if (!(myStatus) && inList || myStatus && !(inList)): null

27-02-2025T17:42:03 - [TEST_STEP][PASSED] - if (debug): null

27-02-2025T17:42:03 - [TEST_STEP][PASSED] - println("Clicking " + myValue): null

27-02-2025T17:42:03 - [TEST_STEP][PASSED] - click(element): null

27-02-2025T17:42:03 - [TEST_STEP][PASSED] - scrollToObject(elem): null

27-02-2025T17:42:03 - [TEST_STEP][PASSED] - loc = element.getLocation(): null

27-02-2025T17:42:03 - [TEST_STEP][PASSED] - if (debug): null

27-02-2025T17:42:03 - [TEST_STEP][PASSED] - y = loc.getY(): null

27-02-2025T17:42:03 - [TEST_STEP][PASSED] - println("Y location is " + y): null

27-02-2025T17:42:03 - [TEST_STEP][PASSED] - top = getViewportTopPosition(): Current viewport's top (y) position is 2000

27-02-2025T17:42:03 - [MESSAGE][PASSED] - Current viewport's top (y) position is 2000

27-02-2025T17:42:03 - [TEST_STEP][PASSED] - println("Viewport top is " + top): null

27-02-2025T17:42:03 - [TEST_STEP][PASSED] - bottom = top + 600: null

27-02-2025T17:42:03 - [TEST_STEP][PASSED] - if (y - top < 150 || bottom - y < 10): null

27-02-2025T17:42:03 - [TEST_STEP][PASSED] - elem.click(): null

27-02-2025T17:42:03 - [TEST_STEP][PASSED] - myValue = element.getAttribute("value"): null

27-02-2025T17:42:03 - [TEST_STEP][PASSED] - if (debug): null

27-02-2025T17:42:03 - [TEST_STEP][PASSED] - if (myValue.length() >= 4): null

27-02-2025T17:42:03 - [TEST_STEP][PASSED] - if (myValue.substring(0, 4) == "(!) "): null

27-02-2025T17:42:03 - [TEST_STEP][PASSED] - myType = element.getAttribute("type"): null

27-02-2025T17:42:03 - [TEST_STEP][PASSED] - if (myValue in varParms[i]): null

27-02-2025T17:42:03 - [TEST_STEP][PASSED] - else: null

27-02-2025T17:42:03 - [TEST_STEP][PASSED] - inList = false: null

27-02-2025T17:42:03 - [TEST_STEP][PASSED] - if (myType == "checkbox"): null

27-02-2025T17:42:03 - [TEST_STEP][PASSED] - myStatus = element.isSelected(): null

27-02-2025T17:42:03 - [TEST_STEP][PASSED] - if (debug): null

27-02-2025T17:42:03 - [TEST_STEP][PASSED] - if (toggle && myStatus && inList): null

27-02-2025T17:42:03 - [TEST_STEP][PASSED] - if (!(myStatus) && inList || myStatus && !(inList)): null

27-02-2025T17:42:03 - [TEST_STEP][PASSED] - myValue = element.getAttribute("value"): null

27-02-2025T17:42:03 - [TEST_STEP][PASSED] - if (debug): null

27-02-2025T17:42:03 - [TEST_STEP][PASSED] - if (myValue.length() >= 4): null

27-02-2025T17:42:03 - [TEST_STEP][PASSED] - if (myValue.substring(0, 4) == "(!) "): null

27-02-2025T17:42:03 - [TEST_STEP][PASSED] - myType = element.getAttribute("type"): null

27-02-2025T17:42:03 - [TEST_STEP][PASSED] - if (myValue in varParms[i]): null

27-02-2025T17:42:03 - [TEST_STEP][PASSED] - else: null

27-02-2025T17:42:03 - [TEST_STEP][PASSED] - inList = false: null

27-02-2025T17:42:03 - [TEST_STEP][PASSED] - if (myType == "checkbox"): null

27-02-2025T17:42:03 - [TEST_STEP][PASSED] - myStatus = element.isSelected(): null

27-02-2025T17:42:03 - [TEST_STEP][PASSED] - if (debug): null

27-02-2025T17:42:03 - [TEST_STEP][PASSED] - if (toggle && myStatus && inList): null

27-02-2025T17:42:03 - [TEST_STEP][PASSED] - if (!(myStatus) && inList || myStatus && !(inList)): null

27-02-2025T17:42:03 - [TEST_STEP][PASSED] - myValue = element.getAttribute("value"): null

27-02-2025T17:42:03 - [TEST_STEP][PASSED] - if (debug): null

27-02-2025T17:42:03 - [TEST_STEP][PASSED] - if (myValue.length() >= 4): null

27-02-2025T17:42:03 - [TEST_STEP][PASSED] - if (myValue.substring(0, 4) == "(!) "): null

27-02-2025T17:42:03 - [TEST_STEP][PASSED] - myType = element.getAttribute("type"): null

27-02-2025T17:42:03 - [TEST_STEP][PASSED] - if (myValue in varParms[i]): null

27-02-2025T17:42:03 - [TEST_STEP][PASSED] - else: null

27-02-2025T17:42:03 - [TEST_STEP][PASSED] - inList = false: null

27-02-2025T17:42:03 - [TEST_STEP][PASSED] - if (myType == "checkbox"): null

27-02-2025T17:42:03 - [TEST_STEP][PASSED] - myStatus = element.isSelected(): null

27-02-2025T17:42:03 - [TEST_STEP][PASSED] - if (debug): null

27-02-2025T17:42:03 - [TEST_STEP][PASSED] - if (toggle && myStatus && inList): null

27-02-2025T17:42:03 - [TEST_STEP][PASSED] - if (!(myStatus) && inList || myStatus && !(inList)): null

27-02-2025T17:42:03 - [TEST_STEP][PASSED] - myValue = element.getAttribute("value"): null

27-02-2025T17:42:03 - [TEST_STEP][PASSED] - if (debug): null

27-02-2025T17:42:03 - [TEST_STEP][PASSED] - if (myValue.length() >= 4): null

27-02-2025T17:42:03 - [TEST_STEP][PASSED] - if (myValue.substring(0, 4) == "(!) "): null

27-02-2025T17:42:03 - [TEST_STEP][PASSED] - myType = element.getAttribute("type"): null

27-02-2025T17:42:03 - [TEST_STEP][PASSED] - if (myValue in varParms[i]): null

27-02-2025T17:42:03 - [TEST_STEP][PASSED] - else: null

27-02-2025T17:42:03 - [TEST_STEP][PASSED] - inList = false: null

27-02-2025T17:42:03 - [TEST_STEP][PASSED] - if (myType == "checkbox"): null

27-02-2025T17:42:03 - [TEST_STEP][PASSED] - myStatus = element.isSelected(): null

27-02-2025T17:42:03 - [TEST_STEP][PASSED] - if (debug): null

27-02-2025T17:42:03 - [TEST_STEP][PASSED] - if (toggle && myStatus && inList): null

27-02-2025T17:42:03 - [TEST_STEP][PASSED] - if (!(myStatus) && inList || myStatus && !(inList)): null

27-02-2025T17:42:03 - [TEST_STEP][PASSED] - myValue = element.getAttribute("value"): null

27-02-2025T17:42:03 - [TEST_STEP][PASSED] - if (debug): null

27-02-2025T17:42:03 - [TEST_STEP][PASSED] - if (myValue.length() >= 4): null

27-02-2025T17:42:03 - [TEST_STEP][PASSED] - if (myValue.substring(0, 4) == "(!) "): null

27-02-2025T17:42:03 - [TEST_STEP][PASSED] - myType = element.getAttribute("type"): null

27-02-2025T17:42:03 - [TEST_STEP][PASSED] - if (myValue in varParms[i]): null

27-02-2025T17:42:03 - [TEST_STEP][PASSED] - else: null

27-02-2025T17:42:03 - [TEST_STEP][PASSED] - inList = false: null

27-02-2025T17:42:03 - [TEST_STEP][PASSED] - if (myType == "checkbox"): null

27-02-2025T17:42:03 - [TEST_STEP][PASSED] - myStatus = element.isSelected(): null

27-02-2025T17:42:03 - [TEST_STEP][PASSED] - if (debug): null

27-02-2025T17:42:03 - [TEST_STEP][PASSED] - if (toggle && myStatus && inList): null

27-02-2025T17:42:03 - [TEST_STEP][PASSED] - if (!(myStatus) && inList || myStatus && !(inList)): null

27-02-2025T17:42:03 - [TEST_STEP][PASSED] - myValue = element.getAttribute("value"): null

27-02-2025T17:42:03 - [TEST_STEP][PASSED] - if (debug): null

27-02-2025T17:42:03 - [TEST_STEP][PASSED] - if (myValue.length() >= 4): null

27-02-2025T17:42:03 - [TEST_STEP][PASSED] - if (myValue.substring(0, 4) == "(!) "): null

27-02-2025T17:42:03 - [TEST_STEP][PASSED] - myType = element.getAttribute("type"): null

27-02-2025T17:42:03 - [TEST_STEP][PASSED] - if (myValue in varParms[i]): null

27-02-2025T17:42:03 - [TEST_STEP][PASSED] - else: null

27-02-2025T17:42:03 - [TEST_STEP][PASSED] - inList = false: null

27-02-2025T17:42:03 - [TEST_STEP][PASSED] - if (myType == "checkbox"): null

27-02-2025T17:42:03 - [TEST_STEP][PASSED] - myStatus = element.isSelected(): null

27-02-2025T17:42:03 - [TEST_STEP][PASSED] - if (debug): null

27-02-2025T17:42:03 - [TEST_STEP][PASSED] - if (toggle && myStatus && inList): null

27-02-2025T17:42:03 - [TEST_STEP][PASSED] - if (!(myStatus) && inList || myStatus && !(inList)): null

27-02-2025T17:42:03 - [TEST_STEP][PASSED] - myValue = element.getAttribute("value"): null

27-02-2025T17:42:03 - [TEST_STEP][PASSED] - if (debug): null

27-02-2025T17:42:03 - [TEST_STEP][PASSED] - if (myValue.length() >= 4): null

27-02-2025T17:42:03 - [TEST_STEP][PASSED] - if (myValue.substring(0, 4) == "(!) "): null

27-02-2025T17:42:03 - [TEST_STEP][PASSED] - myType = element.getAttribute("type"): null

27-02-2025T17:42:03 - [TEST_STEP][PASSED] - if (myValue in varParms[i]): null

27-02-2025T17:42:03 - [TEST_STEP][PASSED] - else: null

27-02-2025T17:42:03 - [TEST_STEP][PASSED] - inList = false: null

27-02-2025T17:42:03 - [TEST_STEP][PASSED] - if (myType == "checkbox"): null

27-02-2025T17:42:03 - [TEST_STEP][PASSED] - myStatus = element.isSelected(): null

27-02-2025T17:42:03 - [TEST_STEP][PASSED] - if (debug): null

27-02-2025T17:42:03 - [TEST_STEP][PASSED] - if (toggle && myStatus && inList): null

27-02-2025T17:42:03 - [TEST_STEP][PASSED] - if (!(myStatus) && inList || myStatus && !(inList)): null

27-02-2025T17:42:03 - [TEST_STEP][PASSED] - myValue = element.getAttribute("value"): null

27-02-2025T17:42:03 - [TEST_STEP][PASSED] - if (debug): null

27-02-2025T17:42:03 - [TEST_STEP][PASSED] - if (myValue.length() >= 4): null

27-02-2025T17:42:03 - [TEST_STEP][PASSED] - if (myValue.substring(0, 4) == "(!) "): null

27-02-2025T17:42:03 - [TEST_STEP][PASSED] - myType = element.getAttribute("type"): null

27-02-2025T17:42:03 - [TEST_STEP][PASSED] - if (myValue in varParms[i]): null

27-02-2025T17:42:03 - [TEST_STEP][PASSED] - else: null

27-02-2025T17:42:03 - [TEST_STEP][PASSED] - inList = false: null

27-02-2025T17:42:03 - [TEST_STEP][PASSED] - if (myType == "checkbox"): null

27-02-2025T17:42:03 - [TEST_STEP][PASSED] - myStatus = element.isSelected(): null

27-02-2025T17:42:03 - [TEST_STEP][PASSED] - if (debug): null

27-02-2025T17:42:03 - [TEST_STEP][PASSED] - if (toggle && myStatus && inList): null

27-02-2025T17:42:03 - [TEST_STEP][PASSED] - if (!(myStatus) && inList || myStatus && !(inList)): null

27-02-2025T17:42:03 - [TEST_STEP][PASSED] - myValue = element.getAttribute("value"): null

27-02-2025T17:42:03 - [TEST_STEP][PASSED] - if (debug): null

27-02-2025T17:42:03 - [TEST_STEP][PASSED] - if (myValue.length() >= 4): null

27-02-2025T17:42:03 - [TEST_STEP][PASSED] - if (myValue.substring(0, 4) == "(!) "): null

27-02-2025T17:42:03 - [TEST_STEP][PASSED] - myType = element.getAttribute("type"): null

27-02-2025T17:42:03 - [TEST_STEP][PASSED] - if (myValue in varParms[i]): null

27-02-2025T17:42:03 - [TEST_STEP][PASSED] - else: null

27-02-2025T17:42:03 - [TEST_STEP][PASSED] - inList = false: null

27-02-2025T17:42:03 - [TEST_STEP][PASSED] - if (myType == "checkbox"): null

27-02-2025T17:42:03 - [TEST_STEP][PASSED] - myStatus = element.isSelected(): null

27-02-2025T17:42:03 - [TEST_STEP][PASSED] - if (debug): null

27-02-2025T17:42:03 - [TEST_STEP][PASSED] - if (toggle && myStatus && inList): null

27-02-2025T17:42:03 - [TEST_STEP][PASSED] - if (!(myStatus) && inList || myStatus && !(inList)): null

27-02-2025T17:42:03 - [TEST_STEP][PASSED] - myValue = element.getAttribute("value"): null

27-02-2025T17:42:03 - [TEST_STEP][PASSED] - if (debug): null

27-02-2025T17:42:03 - [TEST_STEP][PASSED] - if (myValue.length() >= 4): null

27-02-2025T17:42:03 - [TEST_STEP][PASSED] - if (myValue.substring(0, 4) == "(!) "): null

27-02-2025T17:42:03 - [TEST_STEP][PASSED] - myType = element.getAttribute("type"): null

27-02-2025T17:42:03 - [TEST_STEP][PASSED] - if (myValue in varParms[i]): null

27-02-2025T17:42:03 - [TEST_STEP][PASSED] - else: null

27-02-2025T17:42:03 - [TEST_STEP][PASSED] - inList = false: null

27-02-2025T17:42:03 - [TEST_STEP][PASSED] - if (myType == "checkbox"): null

27-02-2025T17:42:03 - [TEST_STEP][PASSED] - myStatus = element.isSelected(): null

27-02-2025T17:42:03 - [TEST_STEP][PASSED] - if (debug): null

27-02-2025T17:42:03 - [TEST_STEP][PASSED] - if (toggle && myStatus && inList): null

27-02-2025T17:42:03 - [TEST_STEP][PASSED] - if (!(myStatus) && inList || myStatus && !(inList)): null

27-02-2025T17:42:03 - [TEST_STEP][PASSED] - myValue = element.getAttribute("value"): null

27-02-2025T17:42:03 - [TEST_STEP][PASSED] - if (debug): null

27-02-2025T17:42:03 - [TEST_STEP][PASSED] - if (myValue.length() >= 4): null

27-02-2025T17:42:03 - [TEST_STEP][PASSED] - if (myValue.substring(0, 4) == "(!) "): null

27-02-2025T17:42:03 - [TEST_STEP][PASSED] - myType = element.getAttribute("type"): null

27-02-2025T17:42:03 - [TEST_STEP][PASSED] - if (myValue in varParms[i]): null

27-02-2025T17:42:03 - [TEST_STEP][PASSED] - else: null

27-02-2025T17:42:03 - [TEST_STEP][PASSED] - inList = false: null

27-02-2025T17:42:03 - [TEST_STEP][PASSED] - if (myType == "checkbox"): null

27-02-2025T17:42:03 - [TEST_STEP][PASSED] - myStatus = element.isSelected(): null

27-02-2025T17:42:03 - [TEST_STEP][PASSED] - if (debug): null

27-02-2025T17:42:03 - [TEST_STEP][PASSED] - if (toggle && myStatus && inList): null

27-02-2025T17:42:03 - [TEST_STEP][PASSED] - if (!(myStatus) && inList || myStatus && !(inList)): null

27-02-2025T17:42:03 - [TEST_STEP][PASSED] - myValue = element.getAttribute("value"): null

27-02-2025T17:42:03 - [TEST_STEP][PASSED] - if (debug): null

27-02-2025T17:42:03 - [TEST_STEP][PASSED] - if (myValue.length() >= 4): null

27-02-2025T17:42:03 - [TEST_STEP][PASSED] - if (myValue.substring(0, 4) == "(!) "): null

27-02-2025T17:42:03 - [TEST_STEP][PASSED] - myType = element.getAttribute("type"): null

27-02-2025T17:42:03 - [TEST_STEP][PASSED] - if (myValue in varParms[i]): null

27-02-2025T17:42:03 - [TEST_STEP][PASSED] - inList = true: null

27-02-2025T17:42:03 - [TEST_STEP][PASSED] - if (myType == "checkbox"): null

27-02-2025T17:42:03 - [TEST_STEP][PASSED] - myStatus = element.isSelected(): null

27-02-2025T17:42:03 - [TEST_STEP][PASSED] - if (debug): null

27-02-2025T17:42:03 - [TEST_STEP][PASSED] - if (toggle && myStatus && inList): null

27-02-2025T17:42:03 - [TEST_STEP][PASSED] - if (!(myStatus) && inList || myStatus && !(inList)): null

27-02-2025T17:42:03 - [TEST_STEP][PASSED] - if (debug): null

27-02-2025T17:42:03 - [TEST_STEP][PASSED] - println("Clicking " + myValue): null

27-02-2025T17:42:03 - [TEST_STEP][PASSED] - click(element): null

27-02-2025T17:42:03 - [TEST_STEP][PASSED] - scrollToObject(elem): null

27-02-2025T17:42:03 - [TEST_STEP][PASSED] - loc = element.getLocation(): null

27-02-2025T17:42:03 - [TEST_STEP][PASSED] - if (debug): null

27-02-2025T17:42:03 - [TEST_STEP][PASSED] - y = loc.getY(): null

27-02-2025T17:42:03 - [TEST_STEP][PASSED] - println("Y location is " + y): null

27-02-2025T17:42:03 - [TEST_STEP][PASSED] - top = getViewportTopPosition(): Current viewport's top (y) position is 2000

27-02-2025T17:42:03 - [MESSAGE][PASSED] - Current viewport's top (y) position is 2000

27-02-2025T17:42:03 - [TEST_STEP][PASSED] - println("Viewport top is " + top): null

27-02-2025T17:42:03 - [TEST_STEP][PASSED] - bottom = top + 600: null

27-02-2025T17:42:03 - [TEST_STEP][PASSED] - if (y - top < 150 || bottom - y < 10): null

27-02-2025T17:42:03 - [TEST_STEP][PASSED] - elem.click(): null

27-02-2025T17:42:03 - [TEST_STEP][PASSED] - myValue = element.getAttribute("value"): null

27-02-2025T17:42:03 - [TEST_STEP][PASSED] - if (debug): null

27-02-2025T17:42:03 - [TEST_STEP][PASSED] - if (myValue.length() >= 4): null

27-02-2025T17:42:03 - [TEST_STEP][PASSED] - if (myValue.substring(0, 4) == "(!) "): null

27-02-2025T17:42:03 - [TEST_STEP][PASSED] - myType = element.getAttribute("type"): null

27-02-2025T17:42:03 - [TEST_STEP][PASSED] - if (myValue in varParms[i]): null

27-02-2025T17:42:03 - [TEST_STEP][PASSED] - else: null

27-02-2025T17:42:03 - [TEST_STEP][PASSED] - inList = false: null

27-02-2025T17:42:03 - [TEST_STEP][PASSED] - if (myType == "checkbox"): null

27-02-2025T17:42:03 - [TEST_STEP][PASSED] - myStatus = element.isSelected(): null

27-02-2025T17:42:03 - [TEST_STEP][PASSED] - if (debug): null

27-02-2025T17:42:03 - [TEST_STEP][PASSED] - if (toggle && myStatus && inList): null

27-02-2025T17:42:03 - [TEST_STEP][PASSED] - if (!(myStatus) && inList || myStatus && !(inList)): null

27-02-2025T17:42:03 - [TEST_STEP][PASSED] - myValue = element.getAttribute("value"): null

27-02-2025T17:42:03 - [TEST_STEP][PASSED] - if (debug): null

27-02-2025T17:42:03 - [TEST_STEP][PASSED] - if (myValue.length() >= 4): null

27-02-2025T17:42:03 - [TEST_STEP][PASSED] - if (myValue.substring(0, 4) == "(!) "): null

27-02-2025T17:42:03 - [TEST_STEP][PASSED] - myType = element.getAttribute("type"): null

27-02-2025T17:42:03 - [TEST_STEP][PASSED] - if (myValue in varParms[i]): null

27-02-2025T17:42:03 - [TEST_STEP][PASSED] - else: null

27-02-2025T17:42:03 - [TEST_STEP][PASSED] - inList = false: null

27-02-2025T17:42:03 - [TEST_STEP][PASSED] - if (myType == "checkbox"): null

27-02-2025T17:42:03 - [TEST_STEP][PASSED] - myStatus = element.isSelected(): null

27-02-2025T17:42:03 - [TEST_STEP][PASSED] - if (debug): null

27-02-2025T17:42:03 - [TEST_STEP][PASSED] - if (toggle && myStatus && inList): null

27-02-2025T17:42:03 - [TEST_STEP][PASSED] - if (!(myStatus) && inList || myStatus && !(inList)): null

27-02-2025T17:42:03 - [TEST_STEP][PASSED] - myValue = element.getAttribute("value"): null

27-02-2025T17:42:03 - [TEST_STEP][PASSED] - if (debug): null

27-02-2025T17:42:03 - [TEST_STEP][PASSED] - if (myValue.length() >= 4): null

27-02-2025T17:42:03 - [TEST_STEP][PASSED] - if (myValue.substring(0, 4) == "(!) "): null

27-02-2025T17:42:03 - [TEST_STEP][PASSED] - myType = element.getAttribute("type"): null

27-02-2025T17:42:03 - [TEST_STEP][PASSED] - if (myValue in varParms[i]): null

27-02-2025T17:42:03 - [TEST_STEP][PASSED] - else: null

27-02-2025T17:42:03 - [TEST_STEP][PASSED] - inList = false: null

27-02-2025T17:42:03 - [TEST_STEP][PASSED] - if (myType == "checkbox"): null

27-02-2025T17:42:03 - [TEST_STEP][PASSED] - myStatus = element.isSelected(): null

27-02-2025T17:42:03 - [TEST_STEP][PASSED] - if (debug): null

27-02-2025T17:42:03 - [TEST_STEP][PASSED] - if (toggle && myStatus && inList): null

27-02-2025T17:42:03 - [TEST_STEP][PASSED] - if (!(myStatus) && inList || myStatus && !(inList)): null

27-02-2025T17:42:03 - [TEST_STEP][PASSED] - myValue = element.getAttribute("value"): null

27-02-2025T17:42:03 - [TEST_STEP][PASSED] - if (debug): null

27-02-2025T17:42:03 - [TEST_STEP][PASSED] - if (myValue.length() >= 4): null

27-02-2025T17:42:03 - [TEST_STEP][PASSED] - if (myValue.substring(0, 4) == "(!) "): null

27-02-2025T17:42:03 - [TEST_STEP][PASSED] - myType = element.getAttribute("type"): null

27-02-2025T17:42:03 - [TEST_STEP][PASSED] - if (myValue in varParms[i]): null

27-02-2025T17:42:03 - [TEST_STEP][PASSED] - else: null

27-02-2025T17:42:03 - [TEST_STEP][PASSED] - inList = false: null

27-02-2025T17:42:03 - [TEST_STEP][PASSED] - if (myType == "checkbox"): null

27-02-2025T17:42:03 - [TEST_STEP][PASSED] - myStatus = element.isSelected(): null

27-02-2025T17:42:03 - [TEST_STEP][PASSED] - if (debug): null

27-02-2025T17:42:03 - [TEST_STEP][PASSED] - if (toggle && myStatus && inList): null

27-02-2025T17:42:03 - [TEST_STEP][PASSED] - if (!(myStatus) && inList || myStatus && !(inList)): null

27-02-2025T17:42:03 - [TEST_STEP][PASSED] - myValue = element.getAttribute("value"): null

27-02-2025T17:42:03 - [TEST_STEP][PASSED] - if (debug): null

27-02-2025T17:42:03 - [TEST_STEP][PASSED] - if (myValue.length() >= 4): null

27-02-2025T17:42:03 - [TEST_STEP][PASSED] - if (myValue.substring(0, 4) == "(!) "): null

27-02-2025T17:42:03 - [TEST_STEP][PASSED] - myType = element.getAttribute("type"): null

27-02-2025T17:42:03 - [TEST_STEP][PASSED] - if (myValue in varParms[i]): null

27-02-2025T17:42:03 - [TEST_STEP][PASSED] - else: null

27-02-2025T17:42:03 - [TEST_STEP][PASSED] - inList = false: null

27-02-2025T17:42:03 - [TEST_STEP][PASSED] - if (myType == "checkbox"): null

27-02-2025T17:42:03 - [TEST_STEP][PASSED] - myStatus = element.isSelected(): null

27-02-2025T17:42:03 - [TEST_STEP][PASSED] - if (debug): null

27-02-2025T17:42:03 - [TEST_STEP][PASSED] - if (toggle && myStatus && inList): null

27-02-2025T17:42:03 - [TEST_STEP][PASSED] - if (!(myStatus) && inList || myStatus && !(inList)): null

27-02-2025T17:42:03 - [TEST_STEP][PASSED] - myValue = element.getAttribute("value"): null

27-02-2025T17:42:03 - [TEST_STEP][PASSED] - if (debug): null

27-02-2025T17:42:03 - [TEST_STEP][PASSED] - if (myValue.length() >= 4): null

27-02-2025T17:42:03 - [TEST_STEP][PASSED] - if (myValue.substring(0, 4) == "(!) "): null

27-02-2025T17:42:03 - [TEST_STEP][PASSED] - myType = element.getAttribute("type"): null

27-02-2025T17:42:03 - [TEST_STEP][PASSED] - if (myValue in varParms[i]): null

27-02-2025T17:42:03 - [TEST_STEP][PASSED] - else: null

27-02-2025T17:42:03 - [TEST_STEP][PASSED] - inList = false: null

27-02-2025T17:42:03 - [TEST_STEP][PASSED] - if (myType == "checkbox"): null

27-02-2025T17:42:03 - [TEST_STEP][PASSED] - myStatus = element.isSelected(): null

27-02-2025T17:42:03 - [TEST_STEP][PASSED] - if (debug): null

27-02-2025T17:42:03 - [TEST_STEP][PASSED] - if (toggle && myStatus && inList): null

27-02-2025T17:42:03 - [TEST_STEP][PASSED] - if (!(myStatus) && inList || myStatus && !(inList)): null

27-02-2025T17:42:03 - [TEST_STEP][PASSED] - myValue = element.getAttribute("value"): null

27-02-2025T17:42:03 - [TEST_STEP][PASSED] - if (debug): null

27-02-2025T17:42:03 - [TEST_STEP][PASSED] - if (myValue.length() >= 4): null

27-02-2025T17:42:03 - [TEST_STEP][PASSED] - if (myValue.substring(0, 4) == "(!) "): null

27-02-2025T17:42:03 - [TEST_STEP][PASSED] - myType = element.getAttribute("type"): null

27-02-2025T17:42:03 - [TEST_STEP][PASSED] - if (myValue in varParms[i]): null

27-02-2025T17:42:03 - [TEST_STEP][PASSED] - else: null

27-02-2025T17:42:03 - [TEST_STEP][PASSED] - inList = false: null

27-02-2025T17:42:03 - [TEST_STEP][PASSED] - if (myType == "checkbox"): null

27-02-2025T17:42:03 - [TEST_STEP][PASSED] - myStatus = element.isSelected(): null

27-02-2025T17:42:03 - [TEST_STEP][PASSED] - if (debug): null

27-02-2025T17:42:03 - [TEST_STEP][PASSED] - if (toggle && myStatus && inList): null

27-02-2025T17:42:03 - [TEST_STEP][PASSED] - if (!(myStatus) && inList || myStatus && !(inList)): null

27-02-2025T17:42:03 - [TEST_STEP][PASSED] - myValue = element.getAttribute("value"): null

27-02-2025T17:42:03 - [TEST_STEP][PASSED] - if (debug): null

27-02-2025T17:42:03 - [TEST_STEP][PASSED] - if (myValue.length() >= 4): null

27-02-2025T17:42:03 - [TEST_STEP][PASSED] - if (myValue.substring(0, 4) == "(!) "): null

27-02-2025T17:42:03 - [TEST_STEP][PASSED] - myType = element.getAttribute("type"): null

27-02-2025T17:42:03 - [TEST_STEP][PASSED] - if (myValue in varParms[i]): null

27-02-2025T17:42:03 - [TEST_STEP][PASSED] - inList = true: null

27-02-2025T17:42:03 - [TEST_STEP][PASSED] - if (myType == "checkbox"): null

27-02-2025T17:42:03 - [TEST_STEP][PASSED] - myStatus = element.isSelected(): null

27-02-2025T17:42:03 - [TEST_STEP][PASSED] - if (debug): null

27-02-2025T17:42:03 - [TEST_STEP][PASSED] - if (toggle && myStatus && inList): null

27-02-2025T17:42:03 - [TEST_STEP][PASSED] - if (!(myStatus) && inList || myStatus && !(inList)): null

27-02-2025T17:42:03 - [TEST_STEP][PASSED] - if (debug): null

27-02-2025T17:42:03 - [TEST_STEP][PASSED] - println("Clicking " + myValue): null

27-02-2025T17:42:03 - [TEST_STEP][PASSED] - click(element): null

27-02-2025T17:42:03 - [TEST_STEP][PASSED] - scrollToObject(elem): null

27-02-2025T17:42:03 - [TEST_STEP][PASSED] - loc = element.getLocation(): null

27-02-2025T17:42:03 - [TEST_STEP][PASSED] - if (debug): null

27-02-2025T17:42:03 - [TEST_STEP][PASSED] - y = loc.getY(): null

27-02-2025T17:42:03 - [TEST_STEP][PASSED] - println("Y location is " + y): null

27-02-2025T17:42:03 - [TEST_STEP][PASSED] - top = getViewportTopPosition(): Current viewport's top (y) position is 2000

27-02-2025T17:42:03 - [MESSAGE][PASSED] - Current viewport's top (y) position is 2000

27-02-2025T17:42:03 - [TEST_STEP][PASSED] - println("Viewport top is " + top): null

27-02-2025T17:42:03 - [TEST_STEP][PASSED] - bottom = top + 600: null

27-02-2025T17:42:03 - [TEST_STEP][PASSED] - if (y - top < 150 || bottom - y < 10): null

27-02-2025T17:42:03 - [TEST_STEP][PASSED] - elem.click(): null

27-02-2025T17:42:03 - [TEST_STEP][PASSED] - myValue = element.getAttribute("value"): null

27-02-2025T17:42:03 - [TEST_STEP][PASSED] - if (debug): null

27-02-2025T17:42:03 - [TEST_STEP][PASSED] - if (myValue.length() >= 4): null

27-02-2025T17:42:03 - [TEST_STEP][PASSED] - if (myValue.substring(0, 4) == "(!) "): null

27-02-2025T17:42:03 - [TEST_STEP][PASSED] - myType = element.getAttribute("type"): null

27-02-2025T17:42:03 - [TEST_STEP][PASSED] - if (myValue in varParms[i]): null

27-02-2025T17:42:03 - [TEST_STEP][PASSED] - else: null

27-02-2025T17:42:03 - [TEST_STEP][PASSED] - inList = false: null

27-02-2025T17:42:03 - [TEST_STEP][PASSED] - if (myType == "checkbox"): null

27-02-2025T17:42:03 - [TEST_STEP][PASSED] - myStatus = element.isSelected(): null

27-02-2025T17:42:03 - [TEST_STEP][PASSED] - if (debug): null

27-02-2025T17:42:03 - [TEST_STEP][PASSED] - if (toggle && myStatus && inList): null

27-02-2025T17:42:03 - [TEST_STEP][PASSED] - if (!(myStatus) && inList || myStatus && !(inList)): null

27-02-2025T17:42:03 - [TEST_STEP][PASSED] - myValue = element.getAttribute("value"): null

27-02-2025T17:42:03 - [TEST_STEP][PASSED] - if (debug): null

27-02-2025T17:42:03 - [TEST_STEP][PASSED] - if (myValue.length() >= 4): null

27-02-2025T17:42:03 - [TEST_STEP][PASSED] - if (myValue.substring(0, 4) == "(!) "): null

27-02-2025T17:42:03 - [TEST_STEP][PASSED] - myType = element.getAttribute("type"): null

27-02-2025T17:42:03 - [TEST_STEP][PASSED] - if (myValue in varParms[i]): null

27-02-2025T17:42:03 - [TEST_STEP][PASSED] - inList = true: null

27-02-2025T17:42:03 - [TEST_STEP][PASSED] - if (myType == "checkbox"): null

27-02-2025T17:42:03 - [TEST_STEP][PASSED] - myStatus = element.isSelected(): null

27-02-2025T17:42:03 - [TEST_STEP][PASSED] - if (debug): null

27-02-2025T17:42:03 - [TEST_STEP][PASSED] - if (toggle && myStatus && inList): null

27-02-2025T17:42:03 - [TEST_STEP][PASSED] - if (!(myStatus) && inList || myStatus && !(inList)): null

27-02-2025T17:42:03 - [TEST_STEP][PASSED] - if (debug): null

27-02-2025T17:42:03 - [TEST_STEP][PASSED] - println("Clicking " + myValue): null

27-02-2025T17:42:03 - [TEST_STEP][PASSED] - click(element): null

27-02-2025T17:42:03 - [TEST_STEP][PASSED] - scrollToObject(elem): null

27-02-2025T17:42:03 - [TEST_STEP][PASSED] - loc = element.getLocation(): null

27-02-2025T17:42:03 - [TEST_STEP][PASSED] - if (debug): null

27-02-2025T17:42:03 - [TEST_STEP][PASSED] - y = loc.getY(): null

27-02-2025T17:42:03 - [TEST_STEP][PASSED] - println("Y location is " + y): null

27-02-2025T17:42:03 - [TEST_STEP][PASSED] - top = getViewportTopPosition(): Current viewport's top (y) position is 2000

27-02-2025T17:42:03 - [MESSAGE][PASSED] - Current viewport's top (y) position is 2000

27-02-2025T17:42:03 - [TEST_STEP][PASSED] - println("Viewport top is " + top): null

27-02-2025T17:42:03 - [TEST_STEP][PASSED] - bottom = top + 600: null

27-02-2025T17:42:03 - [TEST_STEP][PASSED] - if (y - top < 150 || bottom - y < 10): null

27-02-2025T17:42:03 - [TEST_STEP][PASSED] - elem.click(): null

27-02-2025T17:42:03 - [TEST_STEP][PASSED] - myValue = element.getAttribute("value"): null

27-02-2025T17:42:03 - [TEST_STEP][PASSED] - if (debug): null

27-02-2025T17:42:03 - [TEST_STEP][PASSED] - if (myValue.length() >= 4): null

27-02-2025T17:42:03 - [TEST_STEP][PASSED] - if (myValue.substring(0, 4) == "(!) "): null

27-02-2025T17:42:03 - [TEST_STEP][PASSED] - myType = element.getAttribute("type"): null

27-02-2025T17:42:03 - [TEST_STEP][PASSED] - if (myValue in varParms[i]): null

27-02-2025T17:42:03 - [TEST_STEP][PASSED] - else: null

27-02-2025T17:42:03 - [TEST_STEP][PASSED] - inList = false: null

27-02-2025T17:42:03 - [TEST_STEP][PASSED] - if (myType == "checkbox"): null

27-02-2025T17:42:03 - [TEST_STEP][PASSED] - myStatus = element.isSelected(): null

27-02-2025T17:42:03 - [TEST_STEP][PASSED] - if (debug): null

27-02-2025T17:42:03 - [TEST_STEP][PASSED] - if (toggle && myStatus && inList): null

27-02-2025T17:42:03 - [TEST_STEP][PASSED] - if (!(myStatus) && inList || myStatus && !(inList)): null

27-02-2025T17:42:03 - [TEST_STEP][PASSED] - frame.dispose(): null

27-02-2025T17:42:03 - [MESSAGE][PASSED] - Call Test Case 'Test Cases/_Functions/Click on Group Elements' successfully

27-02-2025T17:42:03 - [TEST_STEP][PASSED] - object = "Object Repository/Journey Partner Profile/Tabs//btn_Complete Submit": null

27-02-2025T17:42:03 - [TEST_STEP][PASSED] - callTestCase(findTestCase("_Functions/Perform Action"), ["varAction":"click", "varObject":object], STOP_ON_FAILURE): Call Test Case 'Test Cases/_Functions/Perform Action' successfully

27-02-2025T17:42:03 - [TEST_CASE][PASSED] - Test Cases/_Functions/Perform Action: Test Cases/_Functions/Perform Action

27-02-2025T17:42:03 - [TEST_STEP][PASSED] - action = varAction: null

27-02-2025T17:42:03 - [TEST_STEP][PASSED] - println(action): null

27-02-2025T17:42:03 - [TEST_STEP][PASSED] - testObject = varObject: null

27-02-2025T17:42:03 - [TEST_STEP][PASSED] - println(testObject): null

27-02-2025T17:42:03 - [TEST_STEP][PASSED] - parm1 = varParm1: null

27-02-2025T17:42:03 - [TEST_STEP][PASSED] - println(parm1): null

27-02-2025T17:42:03 - [TEST_STEP][PASSED] - println("Converting " + testObject + " to web element"): null

27-02-2025T17:42:03 - [TEST_STEP][PASSED] - element = findWebElement(findTestObject(testObject), 1): null

27-02-2025T17:42:03 - [TEST_STEP][PASSED] - loc = element.getLocation(): null

27-02-2025T17:42:03 - [TEST_STEP][PASSED] - y = loc.getY(): null

27-02-2025T17:42:03 - [TEST_STEP][PASSED] - println("Y location is " + y): null

27-02-2025T17:42:03 - [TEST_STEP][PASSED] - top = getViewportTopPosition(): Current viewport's top (y) position is 2000

27-02-2025T17:42:03 - [MESSAGE][PASSED] - Current viewport's top (y) position is 2000

27-02-2025T17:42:03 - [TEST_STEP][PASSED] - println("Viewport top is " + top): null

27-02-2025T17:42:03 - [TEST_STEP][PASSED] - bottom = top + 600: null

27-02-2025T17:42:03 - [TEST_STEP][PASSED] - if (y - top < 150 || bottom - y < 10): null

27-02-2025T17:42:03 - [TEST_STEP][PASSED] - if (action == "click"): Object: 'Object Repository/Journey Partner Profile/Tabs//btn_Complete Submit' is clicked on

27-02-2025T17:42:03 - [TEST_STEP][PASSED] - println("clicking"): null

27-02-2025T17:42:03 - [TEST_STEP][PASSED] - click(findTestObject(testObject)): Object: 'Object Repository/Journey Partner Profile/Tabs//btn_Complete Submit' is clicked on

27-02-2025T17:42:10 - [MESSAGE][PASSED] - Object: 'Object Repository/Journey Partner Profile/Tabs//btn_Complete Submit' is clicked on

27-02-2025T17:42:10 - [MESSAGE][PASSED] - Call Test Case 'Test Cases/_Functions/Perform Action' successfully

27-02-2025T17:42:10 - [MESSAGE][PASSED] - Call Test Case 'Test Cases/Journey Partner Profile/Tabs/Set Recruiting Countries' successfully

27-02-2025T17:42:10 - [MESSAGE][PASSED] - Call Test Case 'Test Cases/Journey Partner Profile/Complete Journey Partner Profile' successfully

27-02-2025T17:42:10 - [TEST_STEP][PASSED] - outText = "
Journey Partner registration was successful.
": null

27-02-2025T17:42:10 - [TEST_STEP][PASSED] - println(outText): null

27-02-2025T17:42:10 - [TEST_STEP][PASSED] - outFile.append(outText): null

27-02-2025T17:42:10 - [TEST_STEP][PASSED] - callTestCase(findTestCase("_Functions/Journey Partner Login"), [:], STOP_ON_FAILURE): Call Test Case 'Test Cases/_Functions/Journey Partner Login' successfully

27-02-2025T17:42:10 - [TEST_CASE][PASSED] - Test Cases/_Functions/Journey Partner Login: Test Cases/_Functions/Journey Partner Login

27-02-2025T17:42:10 - [TEST_STEP][PASSED] - username = username: null

27-02-2025T17:42:10 - [TEST_STEP][PASSED] - if (username != "cktest07jp" && username != "cktest02jp"): null

27-02-2025T17:42:10 - [TEST_STEP][PASSED] - openBrowser(""): Browser is opened with url: ''

27-02-2025T17:42:10 - [MESSAGE][WARNING] - A browser is already opened. Closing browser and opening a new one

27-02-2025T17:42:10 - [MESSAGE][INFO] - Starting 'Chrome' driver

27-02-2025T17:42:10 - [MESSAGE][INFO] - Action delay is set to 0 milliseconds

27-02-2025T17:42:10 - [MESSAGE][PASSED] - Browser is opened with url: ''

27-02-2025T17:42:10 - [TEST_STEP][PASSED] - maximizeWindow(): Current window maximized

27-02-2025T17:42:11 - [MESSAGE][PASSED] - Current window maximized

27-02-2025T17:42:11 - [TEST_STEP][PASSED] - navigateToUrl("https://journey." + domain + "/journey-home/login-here/"): Navigate to 'https://journey.missionnext.org/journey-home/login-here/' successfully

27-02-2025T17:42:13 - [MESSAGE][PASSED] - Navigate to 'https://journey.missionnext.org/journey-home/login-here/' successfully

27-02-2025T17:42:13 - [TEST_STEP][PASSED] - setText(findTestObject("Object Repository/Journey Partner Profile/Login/input_Username"), username): Text 'cktest07jp' is set on object 'Object Repository/Journey Partner Profile/Login/input_Username'

27-02-2025T17:42:13 - [MESSAGE][PASSED] - Text 'cktest07jp' is set on object 'Object Repository/Journey Partner Profile/Login/input_Username'

27-02-2025T17:42:13 - [TEST_STEP][PASSED] - setEncryptedText(findTestObject("Object Repository/Journey Partner Profile/Login/input_Password"), password): Text ****** has been set on object 'Object Repository/Journey Partner Profile/Login/input_Password'

27-02-2025T17:42:13 - [MESSAGE][PASSED] - Text ****** has been set on object 'Object Repository/Journey Partner Profile/Login/input_Password'

27-02-2025T17:42:13 - [TEST_STEP][PASSED] - click(findTestObject("Object Repository/Journey Partner Profile/Login/button_Log In")): Object: 'Object Repository/Journey Partner Profile/Login/button_Log In' is clicked on

27-02-2025T17:42:16 - [MESSAGE][PASSED] - Object: 'Object Repository/Journey Partner Profile/Login/button_Log In' is clicked on

27-02-2025T17:42:16 - [MESSAGE][PASSED] - Call Test Case 'Test Cases/_Functions/Journey Partner Login' successfully

27-02-2025T17:42:16 - [TEST_STEP][PASSED] - expectedText = verifyTextPresent("HELLO, THE CCK TEST JOURNEY PARTNER", false): Text 'HELLO, THE CCK TEST JOURNEY PARTNER' is present on page 

27-02-2025T17:42:16 - [MESSAGE][PASSED] - Text 'HELLO, THE CCK TEST JOURNEY PARTNER' is present on page 

27-02-2025T17:42:16 - [TEST_STEP][PASSED] - if (expectedText): null

27-02-2025T17:42:16 - [TEST_STEP][PASSED] - outText = "+++ Journey partner login after profile creation was successful.
": null

27-02-2025T17:42:16 - [TEST_STEP][PASSED] - outFile.append(outText): null]]></system-out>
         <system-err><![CDATA[]]></system-err>
      </testcase>
      <system-out><![CDATA[27-02-2025T17:36:07 - [TEST_SUITE][PASSED] - Journey Partner Profile Test Suite: Test Cases/Journey Partner Profile/Register Journey Partner]]></system-out>
      <system-err><![CDATA[]]></system-err>
   </testsuite>
</testsuites>
