<?xml version="1.0" encoding="UTF-8"?>
<testsuites name="Education Candidate Test Suite" time="414.088" tests="1" failures="0" errors="0">
   <testsuite name="Education Candidate Test Suite" tests="1" failures="0" errors="0" time="414.088" skipped="0" timestamp="27-02-2025T17:18:18" hostname="cckozie - 192.168.4.43" id="Test Suites/Education Candidate Test Suite">
      <properties>
         <property name="deviceName" value=""/>
         <property name="devicePlatform"/>
         <property name="logFolder" value="/Users/cckozie/git/MissionNext-Katalon-Koz/Reports/20250227_171809/Education Candidate Test Suite/20250227_171810"/>
         <property name="logFiles" value="/Users/cckozie/git/MissionNext-Katalon-Koz/Reports/20250227_171809/Education Candidate Test Suite/20250227_171810/execution0.log, /Users/cckozie/git/MissionNext-Katalon-Koz/Reports/20250227_171809/Education Candidate Test Suite/20250227_171810/execution1.log"/>
         <property name="attachments" value="/Users/cckozie/Documents/MissionNext/Screenshots and Tooltip Text/Register_Screenshot.png, /Users/cckozie/git/MissionNext-Katalon-Koz/Reports/20250227_171809/Education Candidate Test Suite/20250227_171810/1740698370559.png, /Users/cckozie/Documents/MissionNext/Screenshots and Tooltip Text/Education Candidate Contact Info Tab_Screenshot.png, /Users/cckozie/Documents/MissionNext/Screenshots and Tooltip Text/Education Candidate Experience Tab_Screenshot.png, /Users/cckozie/Documents/MissionNext/Screenshots and Tooltip Text/Education Candidate Education Tab_Screenshot.png, /Users/cckozie/Documents/MissionNext/Screenshots and Tooltip Text/Education Candidate Situation Tab_Screenshot.png, /Users/cckozie/Documents/MissionNext/Screenshots and Tooltip Text/Education Candidate Availability Tab_Screenshot.png, /Users/cckozie/Documents/MissionNext/Screenshots and Tooltip Text/Education Candidate Preferences Tab_Screenshot.png, /Users/cckozie/Documents/MissionNext/Screenshots and Tooltip Text/Education Candidate Options-Comment Tab_Screenshot.png, /Users/cckozie/Documents/MissionNext/Screenshots and Tooltip Text/Education Candidate Spouse Info Tab_Screenshot.png, /Users/cckozie/Documents/MissionNext/Screenshots and Tooltip Text/Education Candidate Spouse Experience Tab_Screenshot.png, /Users/cckozie/Documents/MissionNext/Screenshots and Tooltip Text/Education Candidate Spouse Service Prefs Tab_Screenshot.png, /Users/cckozie/Documents/MissionNext/Screenshots and Tooltip Text/Education Candidate Spouse Teaching Prefs Tab_Screenshot.png, /Users/cckozie/Documents/MissionNext/Screenshots and Tooltip Text/Education Candidate Spouse Education Tab_Screenshot.png, /Users/cckozie/git/MissionNext-Katalon-Koz/Reports/20250227_171809/Education Candidate Test Suite/20250227_171810/1740698712109.png"/>
         <property name="hostName" value="cckozie - 192.168.4.43"/>
         <property name="os" value="Mac OS X 64bit"/>
         <property name="katalonVersion" value="9.7.3.223"/>
         <property name="browser" value="Chrome 133.0.0.0"/>
         <property name="hostAddress" value="192.168.4.43"/>
         <property name="sessionId" value="b18d443974f38f1286eb171da0ea2bef"/>
         <property name="seleniumVersion" value="3.141.59"/>
         <property name="proxyInformation" value="ProxyInformation { proxyOption=NO_PROXY, proxyServerType=HTTP, username=, password=********, proxyServerAddress=, proxyServerPort=0, executionList=&quot;&quot;, isApplyToDesiredCapabilities=true }"/>
         <property name="platform" value="Mac OS X"/>
      </properties>
      <testcase name="Test Cases/Education Candidate Profile/Register Education Candidate" time="414.037" classname="Test Cases/Education Candidate Profile/Register Education Candidate" status="PASSED">
         <system-out><![CDATA[27-02-2025T17:18:18 - [TEST_CASE][PASSED] - Test Cases/Education Candidate Profile/Register Education Candidate: Test Cases/Education Candidate Profile/Register Education Candidate

27-02-2025T17:18:18 - [TEST_STEP][PASSED] - username = username: null

27-02-2025T17:18:18 - [TEST_STEP][PASSED] - if (username != "cktest04ec"): null

27-02-2025T17:18:18 - [TEST_STEP][PASSED] - registerOnly = false: null

27-02-2025T17:18:18 - [TEST_STEP][PASSED] - domain = domain: null

27-02-2025T17:18:18 - [TEST_STEP][PASSED] - username = username: null

27-02-2025T17:18:18 - [TEST_STEP][PASSED] - url = "https://education." + domain + "/signup/candidate": null

27-02-2025T17:18:18 - [TEST_STEP][PASSED] - outFile = new java.io.File(((/Users/cckozie/Documents/MissionNext/Test Reports/Test Register Education Candidate on  + domain) + .txt)): null

27-02-2025T17:18:18 - [TEST_STEP][PASSED] - outFile = outFile: null

27-02-2025T17:18:18 - [TEST_STEP][PASSED] - outFile.write("Testing Register Education Candidate on " + domain + ".
"): null

27-02-2025T17:18:18 - [TEST_STEP][PASSED] - callTestCase(findTestCase("Admin/Delete User"), ["varUsername":username], STOP_ON_FAILURE): Call Test Case 'Test Cases/Admin/Delete User' successfully

27-02-2025T17:18:18 - [TEST_CASE][PASSED] - Test Cases/Admin/Delete User: Test Cases/Admin/Delete User

27-02-2025T17:18:18 - [TEST_STEP][PASSED] - if (binding.hasVariable("varUsername")): null

27-02-2025T17:18:18 - [TEST_STEP][PASSED] - username = varUsername: null

27-02-2025T17:18:18 - [TEST_STEP][PASSED] - writeFile = false: null

27-02-2025T17:18:18 - [TEST_STEP][PASSED] - println("outFile is " + outFile): null

27-02-2025T17:18:18 - [TEST_STEP][PASSED] - if (outFile != ""): null

27-02-2025T17:18:18 - [TEST_STEP][PASSED] - myFile = outFile: null

27-02-2025T17:18:18 - [TEST_STEP][PASSED] - println(myFile): null

27-02-2025T17:18:18 - [TEST_STEP][PASSED] - outFile = new java.io.File(myFile): null

27-02-2025T17:18:18 - [TEST_STEP][PASSED] - writeFile = true: null

27-02-2025T17:18:18 - [TEST_STEP][PASSED] - domain = domain: null

27-02-2025T17:18:18 - [TEST_STEP][PASSED] - url = "https://ad." + domain: null

27-02-2025T17:18:18 - [TEST_STEP][PASSED] - openBrowser(""): Browser is opened with url: ''

27-02-2025T17:18:18 - [MESSAGE][INFO] - Starting 'Chrome' driver

27-02-2025T17:18:18 - [MESSAGE][INFO] - Action delay is set to 0 milliseconds

27-02-2025T17:18:19 - [MESSAGE][PASSED] - Browser is opened with url: ''

27-02-2025T17:18:19 - [TEST_STEP][PASSED] - navigateToUrl(url): Navigate to 'https://ad.missionnext.org' successfully

27-02-2025T17:18:20 - [MESSAGE][PASSED] - Navigate to 'https://ad.missionnext.org' successfully

27-02-2025T17:18:20 - [TEST_STEP][PASSED] - setText(findTestObject("Admin/Ad Login/input_Username"), "chriskosieracki"): Text 'chriskosieracki' is set on object 'Object Repository/Admin/Ad Login/input_Username'

27-02-2025T17:18:20 - [MESSAGE][PASSED] - Text 'chriskosieracki' is set on object 'Object Repository/Admin/Ad Login/input_Username'

27-02-2025T17:18:20 - [TEST_STEP][PASSED] - setEncryptedText(findTestObject("Admin/Ad Login/input_Password"), "fAJOXt1JExHva3VUYg96Og=="): Text ****** has been set on object 'Object Repository/Admin/Ad Login/input_Password'

27-02-2025T17:18:20 - [MESSAGE][PASSED] - Text ****** has been set on object 'Object Repository/Admin/Ad Login/input_Password'

27-02-2025T17:18:20 - [TEST_STEP][PASSED] - click(findTestObject("Admin/Ad Login/btn_Submit")): Object: 'Object Repository/Admin/Ad Login/btn_Submit' is clicked on

27-02-2025T17:18:20 - [MESSAGE][PASSED] - Object: 'Object Repository/Admin/Ad Login/btn_Submit' is clicked on

27-02-2025T17:18:20 - [TEST_STEP][PASSED] - click(findTestObject("Admin/Ad Main/a_User Information  Administration")): Object: 'Object Repository/Admin/Ad Main/a_User Information  Administration' is clicked on

27-02-2025T17:18:22 - [MESSAGE][PASSED] - Object: 'Object Repository/Admin/Ad Main/a_User Information  Administration' is clicked on

27-02-2025T17:18:22 - [TEST_STEP][PASSED] - setText(findTestObject("Admin/Ad User Viewer Utility/input_Find account by Username"), username): Text 'cktest04ec' is set on object 'Object Repository/Admin/Ad User Viewer Utility/input_Find account by Username'

27-02-2025T17:18:22 - [MESSAGE][PASSED] - Text 'cktest04ec' is set on object 'Object Repository/Admin/Ad User Viewer Utility/input_Find account by Username'

27-02-2025T17:18:22 - [TEST_STEP][PASSED] - delay(1): Delayed 1 second(s)

27-02-2025T17:18:23 - [MESSAGE][PASSED] - Delayed 1 second(s)

27-02-2025T17:18:23 - [TEST_STEP][PASSED] - click(findTestObject("Admin/Ad User Viewer Utility/input_Find account by Username_beginning")): Object: 'Object Repository/Admin/Ad User Viewer Utility/input_Find account by Username_beginning' is clicked on

27-02-2025T17:18:23 - [MESSAGE][PASSED] - Object: 'Object Repository/Admin/Ad User Viewer Utility/input_Find account by Username_beginning' is clicked on

27-02-2025T17:18:23 - [TEST_STEP][PASSED] - delay(1): Delayed 1 second(s)

27-02-2025T17:18:24 - [MESSAGE][PASSED] - Delayed 1 second(s)

27-02-2025T17:18:24 - [TEST_STEP][PASSED] - driver = getWebDriver(): null

27-02-2025T17:18:24 - [TEST_STEP][PASSED] - Table = driver.findElement(By.xpath("//table[2]")): null

27-02-2025T17:18:24 - [TEST_STEP][PASSED] - Rows = Table.findElements(By.tagName("tr")): null

27-02-2025T17:18:24 - [TEST_STEP][PASSED] - row_count = Rows.size(): null

27-02-2025T17:18:24 - [TEST_STEP][PASSED] - found = false: null

27-02-2025T17:18:24 - [TEST_STEP][PASSED] - if (row_count > 0): null

27-02-2025T17:18:24 - [TEST_STEP][PASSED] - for ([row = 1, row < row_count, (row++)]): null

27-02-2025T17:18:24 - [TEST_STEP][PASSED] - Columns = get(row).findElements(By.tagName("td")): null

27-02-2025T17:18:24 - [TEST_STEP][PASSED] - user = get(2).getText(): null

27-02-2025T17:18:24 - [TEST_STEP][PASSED] - if (user.indexOf(username) >= 0): null

27-02-2025T17:18:24 - [TEST_STEP][PASSED] - found = true: null

27-02-2025T17:18:24 - [TEST_STEP][PASSED] - outText = "User " + username + " was found. Attempting to delete.": null

27-02-2025T17:18:24 - [TEST_STEP][PASSED] - println("=====> " + outText): null

27-02-2025T17:18:24 - [TEST_STEP][PASSED] - if (writeFile): null

27-02-2025T17:18:24 - [TEST_STEP][PASSED] - outFile.append(outText + "
"): null

27-02-2025T17:18:24 - [TEST_STEP][PASSED] - link = get(0).findElement(By.tagName("a")): null

27-02-2025T17:18:24 - [TEST_STEP][PASSED] - link.click(): null

27-02-2025T17:18:25 - [TEST_STEP][PASSED] - delay(2): Delayed 2 second(s)

27-02-2025T17:18:27 - [MESSAGE][PASSED] - Delayed 2 second(s)

27-02-2025T17:18:27 - [TEST_STEP][PASSED] - break: null

27-02-2025T17:18:27 - [TEST_STEP][PASSED] - if (found): null

27-02-2025T17:18:27 - [TEST_STEP][PASSED] - delay(1): Delayed 1 second(s)

27-02-2025T17:18:28 - [MESSAGE][PASSED] - Delayed 1 second(s)

27-02-2025T17:18:28 - [TEST_STEP][PASSED] - waitForPageLoad(10): Wait for page load successfully

27-02-2025T17:18:28 - [MESSAGE][PASSED] - Wait for page load successfully

27-02-2025T17:18:28 - [TEST_STEP][PASSED] - deletedUser = getText(findTestObject("Object Repository/Admin/Ad User Viewer Utility/p_The missionnext Candidate account username")): Text of object 'Object Repository/Admin/Ad User Viewer Utility/p_The missionnext Candidate account username' is: 'The missionnext Candidate account username is cktest04ec'

27-02-2025T17:18:28 - [MESSAGE][PASSED] - Text of object 'Object Repository/Admin/Ad User Viewer Utility/p_The missionnext Candidate account username' is: 'The missionnext Candidate account username is cktest04ec'

27-02-2025T17:18:28 - [TEST_STEP][PASSED] - if (deletedUser.indexOf(username) >= 0): null

27-02-2025T17:18:28 - [TEST_STEP][PASSED] - outText = "User " + username + " was successfully deleted.": null

27-02-2025T17:18:28 - [TEST_STEP][PASSED] - println(outText): null

27-02-2025T17:18:28 - [TEST_STEP][PASSED] - outFile.append(outText + "
"): null

27-02-2025T17:18:28 - [TEST_STEP][PASSED] - closeBrowser(): Browser is closed

27-02-2025T17:18:29 - [MESSAGE][PASSED] - Browser is closed

27-02-2025T17:18:29 - [MESSAGE][PASSED] - Call Test Case 'Test Cases/Admin/Delete User' successfully

27-02-2025T17:18:29 - [TEST_STEP][PASSED] - tooltipImagePath = "/Users/cckozie/git/MissionNext-Katalon-Koz/images/education candidate/": null

27-02-2025T17:18:29 - [TEST_STEP][PASSED] - testObjectFolder = "Education Candidate Profile/Register/": null

27-02-2025T17:18:29 - [TEST_STEP][PASSED] - tooltips = ["dummy":"dummy", "Username":"img_Username_field-tooltip", "Email":"img_Email_field-tooltip", "Password":"img_Password_field-tooltip", ... ]: null

27-02-2025T17:18:29 - [TEST_STEP][PASSED] - tooltipText = ["Username":"Must be unique; at least 6 characters; contain only lowercase letters; allowable characters: numbers, @, dash, underscore or period, and can be an email address.", "Email":"Your primary email address and must be unique in our database.", ... ]: null

27-02-2025T17:18:29 - [TEST_STEP][PASSED] - pageLinks = ["Privacy Policy":"Privacy Policy", "Terms and Conditions":"Terms and Conditions"]: null

27-02-2025T17:18:29 - [TEST_STEP][PASSED] - requiredFieldMsgs = ["Username":"Username must be unique; at least 6 characters; contain only lowercase letters; allowable characters: numbers, @, dash, underscore or period, and can be an email address.", "Password":"The password should be at least twelve characters long; should include numbers, letters, capitals; may have special characters (@, #, *, spaces, etc.) and may include a passphrase.", ... ]: null

27-02-2025T17:18:29 - [TEST_STEP][PASSED] - openBrowser(""): Browser is opened with url: ''

27-02-2025T17:18:29 - [MESSAGE][INFO] - Starting 'Chrome' driver

27-02-2025T17:18:29 - [MESSAGE][INFO] - Action delay is set to 0 milliseconds

27-02-2025T17:18:29 - [MESSAGE][PASSED] - Browser is opened with url: ''

27-02-2025T17:18:29 - [TEST_STEP][PASSED] - maximizeWindow(): Current window maximized

27-02-2025T17:18:29 - [MESSAGE][PASSED] - Current window maximized

27-02-2025T17:18:29 - [TEST_STEP][PASSED] - navigateToUrl(url): Navigate to 'https://education.missionnext.org/signup/candidate' successfully

27-02-2025T17:18:37 - [MESSAGE][PASSED] - Navigate to 'https://education.missionnext.org/signup/candidate' successfully

27-02-2025T17:18:37 - [TEST_STEP][PASSED] - waitForPageLoad(10): Wait for page load successfully

27-02-2025T17:18:37 - [MESSAGE][PASSED] - Wait for page load successfully

27-02-2025T17:18:37 - [TEST_STEP][PASSED] - tooltipTextMap = callTestCase(findTestCase("_Functions/Get Screenshot and Tooltip Text"), ["varExtension":"Register"], STOP_ON_FAILURE): Call Test Case 'Test Cases/_Functions/Get Screenshot and Tooltip Text' successfully

27-02-2025T17:18:37 - [TEST_CASE][PASSED] - Test Cases/_Functions/Get Screenshot and Tooltip Text: Test Cases/_Functions/Get Screenshot and Tooltip Text

27-02-2025T17:18:38 - [TEST_STEP][PASSED] - if (fastPath): null

27-02-2025T17:18:38 - [TEST_STEP][PASSED] - frame = new javax.swing.JFrame(): null

27-02-2025T17:18:38 - [TEST_STEP][PASSED] - p = new javax.swing.JPanel(): null

27-02-2025T17:18:38 - [TEST_STEP][PASSED] - l = new javax.swing.JLabel(Getting screenshot and tooltip text..., javax.swing.SwingConstants.CENTER): null

27-02-2025T17:18:38 - [TEST_STEP][PASSED] - frame.add(l): null

27-02-2025T17:18:38 - [TEST_STEP][PASSED] - frame.setSize(300, 100): null

27-02-2025T17:18:38 - [TEST_STEP][PASSED] - frame.setLocation(600, 0): null

27-02-2025T17:18:38 - [TEST_STEP][PASSED] - frame.setAlwaysOnTop(true): null

27-02-2025T17:18:38 - [TEST_STEP][PASSED] - frame.show(): null

27-02-2025T17:18:38 - [TEST_STEP][PASSED] - driver = getWebDriver(): null

27-02-2025T17:18:38 - [TEST_STEP][PASSED] - path = "/Users/cckozie/Documents/MissionNext/Screenshots and Tooltip Text/": null

27-02-2025T17:18:38 - [TEST_STEP][PASSED] - if (binding.hasVariable("varExtension")): null

27-02-2025T17:18:38 - [TEST_STEP][PASSED] - extension = varExtension: null

27-02-2025T17:18:38 - [TEST_STEP][PASSED] - println("Extension is " + extension): null

27-02-2025T17:18:38 - [TEST_STEP][PASSED] - fileBase = path + extension: null

27-02-2025T17:18:38 - [TEST_STEP][PASSED] - fileImage = fileBase + "_Screenshot.png": null

27-02-2025T17:18:38 - [TEST_STEP][PASSED] - waitForPageLoad(30): Wait for page load successfully

27-02-2025T17:18:38 - [MESSAGE][PASSED] - Wait for page load successfully

27-02-2025T17:18:38 - [TEST_STEP][PASSED] - spinner = driver.findElement(By.xpath("/html/body/div[1]/div/div[2]")): null

27-02-2025T17:18:38 - [TEST_STEP][PASSED] - executor = driver: null

27-02-2025T17:18:38 - [TEST_STEP][PASSED] - elementAttributes = executor.executeScript("var items = {}; for (index = 0; index < arguments[0].attributes.length; ++index) { items[arguments[0].attributes[index].name] = arguments[0].attributes[index].value }; return items;", spinner): null

27-02-2025T17:18:38 - [TEST_STEP][PASSED] - attrs = elementAttributes.toString(): null

27-02-2025T17:18:38 - [TEST_STEP][PASSED] - waits = 0: null

27-02-2025T17:18:38 - [TEST_STEP][PASSED] - while (attrs.indexOf("display: none") < 0 && waits < 2): null

27-02-2025T17:18:38 - [TEST_STEP][PASSED] - tooltipMap = callTestCase(findTestCase("_Functions/Get Tooltip Text"), [:], STOP_ON_FAILURE): Call Test Case 'Test Cases/_Functions/Get Tooltip Text' successfully

27-02-2025T17:18:38 - [TEST_CASE][PASSED] - Test Cases/_Functions/Get Tooltip Text: Test Cases/_Functions/Get Tooltip Text

27-02-2025T17:18:38 - [TEST_STEP][PASSED] - fieldTooltips = [:]: null

27-02-2025T17:18:38 - [TEST_STEP][PASSED] - tooltipMap = [:]: null

27-02-2025T17:18:38 - [TEST_STEP][PASSED] - driver = getWebDriver(): null

27-02-2025T17:18:38 - [TEST_STEP][PASSED] - tooltips = driver.findElements(By.className("field-tooltip")): null

27-02-2025T17:18:38 - [TEST_STEP][PASSED] - for (def it : tooltips): null

27-02-2025T17:18:38 - [TEST_STEP][PASSED] - if (it.isDisplayed()): null

27-02-2025T17:18:38 - [TEST_STEP][PASSED] - ttText = it.getAttribute("data-original-title"): null

27-02-2025T17:18:38 - [TEST_STEP][PASSED] - ttLocation = it.getLocation(): null

27-02-2025T17:18:38 - [TEST_STEP][PASSED] - yLocation = ttLocation.getY(): null

27-02-2025T17:18:38 - [TEST_STEP][PASSED] - xLocation = ttLocation.getX(): null

27-02-2025T17:18:38 - [TEST_STEP][PASSED] - fieldTooltips.put(ttText, yLocation): null

27-02-2025T17:18:38 - [TEST_STEP][PASSED] - if (it.isDisplayed()): null

27-02-2025T17:18:38 - [TEST_STEP][PASSED] - ttText = it.getAttribute("data-original-title"): null

27-02-2025T17:18:38 - [TEST_STEP][PASSED] - ttLocation = it.getLocation(): null

27-02-2025T17:18:38 - [TEST_STEP][PASSED] - yLocation = ttLocation.getY(): null

27-02-2025T17:18:38 - [TEST_STEP][PASSED] - xLocation = ttLocation.getX(): null

27-02-2025T17:18:38 - [TEST_STEP][PASSED] - fieldTooltips.put(ttText, yLocation): null

27-02-2025T17:18:38 - [TEST_STEP][PASSED] - if (it.isDisplayed()): null

27-02-2025T17:18:38 - [TEST_STEP][PASSED] - ttText = it.getAttribute("data-original-title"): null

27-02-2025T17:18:38 - [TEST_STEP][PASSED] - ttLocation = it.getLocation(): null

27-02-2025T17:18:38 - [TEST_STEP][PASSED] - yLocation = ttLocation.getY(): null

27-02-2025T17:18:38 - [TEST_STEP][PASSED] - xLocation = ttLocation.getX(): null

27-02-2025T17:18:38 - [TEST_STEP][PASSED] - fieldTooltips.put(ttText, yLocation): null

27-02-2025T17:18:38 - [TEST_STEP][PASSED] - if (it.isDisplayed()): null

27-02-2025T17:18:38 - [TEST_STEP][PASSED] - ttText = it.getAttribute("data-original-title"): null

27-02-2025T17:18:38 - [TEST_STEP][PASSED] - ttLocation = it.getLocation(): null

27-02-2025T17:18:38 - [TEST_STEP][PASSED] - yLocation = ttLocation.getY(): null

27-02-2025T17:18:38 - [TEST_STEP][PASSED] - xLocation = ttLocation.getX(): null

27-02-2025T17:18:38 - [TEST_STEP][PASSED] - fieldTooltips.put(ttText, yLocation): null

27-02-2025T17:18:38 - [TEST_STEP][PASSED] - if (it.isDisplayed()): null

27-02-2025T17:18:38 - [TEST_STEP][PASSED] - ttText = it.getAttribute("data-original-title"): null

27-02-2025T17:18:38 - [TEST_STEP][PASSED] - ttLocation = it.getLocation(): null

27-02-2025T17:18:38 - [TEST_STEP][PASSED] - yLocation = ttLocation.getY(): null

27-02-2025T17:18:38 - [TEST_STEP][PASSED] - xLocation = ttLocation.getX(): null

27-02-2025T17:18:38 - [TEST_STEP][PASSED] - fieldTooltips.put(ttText, yLocation): null

27-02-2025T17:18:38 - [TEST_STEP][PASSED] - if (it.isDisplayed()): null

27-02-2025T17:18:38 - [TEST_STEP][PASSED] - ttText = it.getAttribute("data-original-title"): null

27-02-2025T17:18:38 - [TEST_STEP][PASSED] - ttLocation = it.getLocation(): null

27-02-2025T17:18:38 - [TEST_STEP][PASSED] - yLocation = ttLocation.getY(): null

27-02-2025T17:18:38 - [TEST_STEP][PASSED] - xLocation = ttLocation.getX(): null

27-02-2025T17:18:38 - [TEST_STEP][PASSED] - fieldTooltips.put(ttText, yLocation): null

27-02-2025T17:18:38 - [TEST_STEP][PASSED] - if (it.isDisplayed()): null

27-02-2025T17:18:38 - [TEST_STEP][PASSED] - ttText = it.getAttribute("data-original-title"): null

27-02-2025T17:18:38 - [TEST_STEP][PASSED] - ttLocation = it.getLocation(): null

27-02-2025T17:18:38 - [TEST_STEP][PASSED] - yLocation = ttLocation.getY(): null

27-02-2025T17:18:38 - [TEST_STEP][PASSED] - xLocation = ttLocation.getX(): null

27-02-2025T17:18:38 - [TEST_STEP][PASSED] - fieldTooltips.put(ttText, yLocation): null

27-02-2025T17:18:38 - [TEST_STEP][PASSED] - if (fieldTooltips.size() > 0): null

27-02-2025T17:18:38 - [TEST_STEP][PASSED] - rightBorder = xLocation: null

27-02-2025T17:18:38 - [TEST_STEP][PASSED] - fieldLabels = [:]: null

27-02-2025T17:18:38 - [TEST_STEP][PASSED] - labels = driver.findElements(By.xpath("//label")): null

27-02-2025T17:18:38 - [TEST_STEP][PASSED] - labels.each({ -> ... }): null

27-02-2025T17:18:38 - [TEST_STEP][PASSED] - for (def label : fieldLabels): null

27-02-2025T17:18:38 - [TEST_STEP][PASSED] - y = value: null

27-02-2025T17:18:38 - [TEST_STEP][PASSED] - for (def tooltip : fieldTooltips): null

27-02-2025T17:18:38 - [TEST_STEP][PASSED] - if (value == y || value == y + 1 || value == y - 1): null

27-02-2025T17:18:38 - [TEST_STEP][PASSED] - tooltipMap.put(key, key): null

27-02-2025T17:18:38 - [TEST_STEP][PASSED] - break: null

27-02-2025T17:18:38 - [TEST_STEP][PASSED] - y = value: null

27-02-2025T17:18:38 - [TEST_STEP][PASSED] - for (def tooltip : fieldTooltips): null

27-02-2025T17:18:38 - [TEST_STEP][PASSED] - if (value == y || value == y + 1 || value == y - 1): null

27-02-2025T17:18:38 - [TEST_STEP][PASSED] - if (value == y || value == y + 1 || value == y - 1): null

27-02-2025T17:18:38 - [TEST_STEP][PASSED] - tooltipMap.put(key, key): null

27-02-2025T17:18:38 - [TEST_STEP][PASSED] - break: null

27-02-2025T17:18:38 - [TEST_STEP][PASSED] - y = value: null

27-02-2025T17:18:38 - [TEST_STEP][PASSED] - for (def tooltip : fieldTooltips): null

27-02-2025T17:18:38 - [TEST_STEP][PASSED] - if (value == y || value == y + 1 || value == y - 1): null

27-02-2025T17:18:38 - [TEST_STEP][PASSED] - if (value == y || value == y + 1 || value == y - 1): null

27-02-2025T17:18:38 - [TEST_STEP][PASSED] - if (value == y || value == y + 1 || value == y - 1): null

27-02-2025T17:18:38 - [TEST_STEP][PASSED] - tooltipMap.put(key, key): null

27-02-2025T17:18:38 - [TEST_STEP][PASSED] - break: null

27-02-2025T17:18:38 - [TEST_STEP][PASSED] - y = value: null

27-02-2025T17:18:38 - [TEST_STEP][PASSED] - for (def tooltip : fieldTooltips): null

27-02-2025T17:18:38 - [TEST_STEP][PASSED] - if (value == y || value == y + 1 || value == y - 1): null

27-02-2025T17:18:38 - [TEST_STEP][PASSED] - if (value == y || value == y + 1 || value == y - 1): null

27-02-2025T17:18:38 - [TEST_STEP][PASSED] - if (value == y || value == y + 1 || value == y - 1): null

27-02-2025T17:18:38 - [TEST_STEP][PASSED] - if (value == y || value == y + 1 || value == y - 1): null

27-02-2025T17:18:38 - [TEST_STEP][PASSED] - tooltipMap.put(key, key): null

27-02-2025T17:18:38 - [TEST_STEP][PASSED] - break: null

27-02-2025T17:18:38 - [TEST_STEP][PASSED] - y = value: null

27-02-2025T17:18:38 - [TEST_STEP][PASSED] - for (def tooltip : fieldTooltips): null

27-02-2025T17:18:38 - [TEST_STEP][PASSED] - if (value == y || value == y + 1 || value == y - 1): null

27-02-2025T17:18:38 - [TEST_STEP][PASSED] - if (value == y || value == y + 1 || value == y - 1): null

27-02-2025T17:18:38 - [TEST_STEP][PASSED] - if (value == y || value == y + 1 || value == y - 1): null

27-02-2025T17:18:38 - [TEST_STEP][PASSED] - if (value == y || value == y + 1 || value == y - 1): null

27-02-2025T17:18:38 - [TEST_STEP][PASSED] - if (value == y || value == y + 1 || value == y - 1): null

27-02-2025T17:18:38 - [TEST_STEP][PASSED] - tooltipMap.put(key, key): null

27-02-2025T17:18:38 - [TEST_STEP][PASSED] - break: null

27-02-2025T17:18:38 - [TEST_STEP][PASSED] - y = value: null

27-02-2025T17:18:38 - [TEST_STEP][PASSED] - for (def tooltip : fieldTooltips): null

27-02-2025T17:18:38 - [TEST_STEP][PASSED] - if (value == y || value == y + 1 || value == y - 1): null

27-02-2025T17:18:38 - [TEST_STEP][PASSED] - if (value == y || value == y + 1 || value == y - 1): null

27-02-2025T17:18:38 - [TEST_STEP][PASSED] - if (value == y || value == y + 1 || value == y - 1): null

27-02-2025T17:18:38 - [TEST_STEP][PASSED] - if (value == y || value == y + 1 || value == y - 1): null

27-02-2025T17:18:38 - [TEST_STEP][PASSED] - if (value == y || value == y + 1 || value == y - 1): null

27-02-2025T17:18:38 - [TEST_STEP][PASSED] - if (value == y || value == y + 1 || value == y - 1): null

27-02-2025T17:18:38 - [TEST_STEP][PASSED] - if (value == y || value == y + 1 || value == y - 1): null

27-02-2025T17:18:38 - [TEST_STEP][PASSED] - y = value: null

27-02-2025T17:18:38 - [TEST_STEP][PASSED] - for (def tooltip : fieldTooltips): null

27-02-2025T17:18:38 - [TEST_STEP][PASSED] - if (value == y || value == y + 1 || value == y - 1): null

27-02-2025T17:18:38 - [TEST_STEP][PASSED] - if (value == y || value == y + 1 || value == y - 1): null

27-02-2025T17:18:38 - [TEST_STEP][PASSED] - if (value == y || value == y + 1 || value == y - 1): null

27-02-2025T17:18:38 - [TEST_STEP][PASSED] - if (value == y || value == y + 1 || value == y - 1): null

27-02-2025T17:18:38 - [TEST_STEP][PASSED] - if (value == y || value == y + 1 || value == y - 1): null

27-02-2025T17:18:38 - [TEST_STEP][PASSED] - if (value == y || value == y + 1 || value == y - 1): null

27-02-2025T17:18:38 - [TEST_STEP][PASSED] - if (value == y || value == y + 1 || value == y - 1): null

27-02-2025T17:18:38 - [TEST_STEP][PASSED] - y = value: null

27-02-2025T17:18:38 - [TEST_STEP][PASSED] - for (def tooltip : fieldTooltips): null

27-02-2025T17:18:38 - [TEST_STEP][PASSED] - if (value == y || value == y + 1 || value == y - 1): null

27-02-2025T17:18:38 - [TEST_STEP][PASSED] - if (value == y || value == y + 1 || value == y - 1): null

27-02-2025T17:18:38 - [TEST_STEP][PASSED] - if (value == y || value == y + 1 || value == y - 1): null

27-02-2025T17:18:38 - [TEST_STEP][PASSED] - if (value == y || value == y + 1 || value == y - 1): null

27-02-2025T17:18:38 - [TEST_STEP][PASSED] - if (value == y || value == y + 1 || value == y - 1): null

27-02-2025T17:18:38 - [TEST_STEP][PASSED] - if (value == y || value == y + 1 || value == y - 1): null

27-02-2025T17:18:38 - [TEST_STEP][PASSED] - if (value == y || value == y + 1 || value == y - 1): null

27-02-2025T17:18:38 - [TEST_STEP][PASSED] - y = value: null

27-02-2025T17:18:38 - [TEST_STEP][PASSED] - for (def tooltip : fieldTooltips): null

27-02-2025T17:18:38 - [TEST_STEP][PASSED] - if (value == y || value == y + 1 || value == y - 1): null

27-02-2025T17:18:38 - [TEST_STEP][PASSED] - if (value == y || value == y + 1 || value == y - 1): null

27-02-2025T17:18:38 - [TEST_STEP][PASSED] - if (value == y || value == y + 1 || value == y - 1): null

27-02-2025T17:18:38 - [TEST_STEP][PASSED] - if (value == y || value == y + 1 || value == y - 1): null

27-02-2025T17:18:38 - [TEST_STEP][PASSED] - if (value == y || value == y + 1 || value == y - 1): null

27-02-2025T17:18:38 - [TEST_STEP][PASSED] - if (value == y || value == y + 1 || value == y - 1): null

27-02-2025T17:18:38 - [TEST_STEP][PASSED] - tooltipMap.put(key, key): null

27-02-2025T17:18:38 - [TEST_STEP][PASSED] - break: null

27-02-2025T17:18:38 - [TEST_STEP][PASSED] - y = value: null

27-02-2025T17:18:38 - [TEST_STEP][PASSED] - for (def tooltip : fieldTooltips): null

27-02-2025T17:18:38 - [TEST_STEP][PASSED] - if (value == y || value == y + 1 || value == y - 1): null

27-02-2025T17:18:38 - [TEST_STEP][PASSED] - if (value == y || value == y + 1 || value == y - 1): null

27-02-2025T17:18:38 - [TEST_STEP][PASSED] - if (value == y || value == y + 1 || value == y - 1): null

27-02-2025T17:18:38 - [TEST_STEP][PASSED] - if (value == y || value == y + 1 || value == y - 1): null

27-02-2025T17:18:38 - [TEST_STEP][PASSED] - if (value == y || value == y + 1 || value == y - 1): null

27-02-2025T17:18:38 - [TEST_STEP][PASSED] - if (value == y || value == y + 1 || value == y - 1): null

27-02-2025T17:18:38 - [TEST_STEP][PASSED] - if (value == y || value == y + 1 || value == y - 1): null

27-02-2025T17:18:38 - [TEST_STEP][PASSED] - y = value: null

27-02-2025T17:18:38 - [TEST_STEP][PASSED] - for (def tooltip : fieldTooltips): null

27-02-2025T17:18:38 - [TEST_STEP][PASSED] - if (value == y || value == y + 1 || value == y - 1): null

27-02-2025T17:18:38 - [TEST_STEP][PASSED] - if (value == y || value == y + 1 || value == y - 1): null

27-02-2025T17:18:38 - [TEST_STEP][PASSED] - if (value == y || value == y + 1 || value == y - 1): null

27-02-2025T17:18:38 - [TEST_STEP][PASSED] - if (value == y || value == y + 1 || value == y - 1): null

27-02-2025T17:18:38 - [TEST_STEP][PASSED] - if (value == y || value == y + 1 || value == y - 1): null

27-02-2025T17:18:38 - [TEST_STEP][PASSED] - if (value == y || value == y + 1 || value == y - 1): null

27-02-2025T17:18:38 - [TEST_STEP][PASSED] - if (value == y || value == y + 1 || value == y - 1): null

27-02-2025T17:18:38 - [TEST_STEP][PASSED] - tooltipMap.put(key, key): null

27-02-2025T17:18:38 - [TEST_STEP][PASSED] - break: null

27-02-2025T17:18:38 - [TEST_STEP][PASSED] - return tooltipMap: null

27-02-2025T17:18:38 - [MESSAGE][PASSED] - Call Test Case 'Test Cases/_Functions/Get Tooltip Text' successfully

27-02-2025T17:18:38 - [TEST_STEP][PASSED] - if (tooltipMap.size() > 0): null

27-02-2025T17:18:38 - [TEST_STEP][PASSED] - file = fileBase + "_Tooltips.csv": null

27-02-2025T17:18:38 - [TEST_STEP][PASSED] - outText = "FIELD LABEL" + "," + "TOOLTIP TEXT" + "

": null

27-02-2025T17:18:38 - [TEST_STEP][PASSED] - for (def it : tooltipMap): null

27-02-2025T17:18:38 - [TEST_STEP][PASSED] - name = key: null

27-02-2025T17:18:38 - [TEST_STEP][PASSED] - value = value.replace("
", ""): null

27-02-2025T17:18:38 - [TEST_STEP][PASSED] - value = value.trim(): null

27-02-2025T17:18:38 - [TEST_STEP][PASSED] - value = """ + value + """: null

27-02-2025T17:18:38 - [TEST_STEP][PASSED] - outText = outText + name + "," + value: null

27-02-2025T17:18:38 - [TEST_STEP][PASSED] - outText = outText + "
": null

27-02-2025T17:18:38 - [TEST_STEP][PASSED] - println(outText): null

27-02-2025T17:18:38 - [TEST_STEP][PASSED] - name = key: null

27-02-2025T17:18:38 - [TEST_STEP][PASSED] - value = value.replace("
", ""): null

27-02-2025T17:18:38 - [TEST_STEP][PASSED] - value = value.trim(): null

27-02-2025T17:18:38 - [TEST_STEP][PASSED] - value = """ + value + """: null

27-02-2025T17:18:38 - [TEST_STEP][PASSED] - outText = outText + name + "," + value: null

27-02-2025T17:18:38 - [TEST_STEP][PASSED] - outText = outText + "
": null

27-02-2025T17:18:38 - [TEST_STEP][PASSED] - println(outText): null

27-02-2025T17:18:38 - [TEST_STEP][PASSED] - name = key: null

27-02-2025T17:18:38 - [TEST_STEP][PASSED] - value = value.replace("
", ""): null

27-02-2025T17:18:38 - [TEST_STEP][PASSED] - value = value.trim(): null

27-02-2025T17:18:38 - [TEST_STEP][PASSED] - value = """ + value + """: null

27-02-2025T17:18:38 - [TEST_STEP][PASSED] - outText = outText + name + "," + value: null

27-02-2025T17:18:38 - [TEST_STEP][PASSED] - outText = outText + "
": null

27-02-2025T17:18:38 - [TEST_STEP][PASSED] - println(outText): null

27-02-2025T17:18:38 - [TEST_STEP][PASSED] - name = key: null

27-02-2025T17:18:38 - [TEST_STEP][PASSED] - value = value.replace("
", ""): null

27-02-2025T17:18:38 - [TEST_STEP][PASSED] - value = value.trim(): null

27-02-2025T17:18:38 - [TEST_STEP][PASSED] - value = """ + value + """: null

27-02-2025T17:18:38 - [TEST_STEP][PASSED] - outText = outText + name + "," + value: null

27-02-2025T17:18:38 - [TEST_STEP][PASSED] - outText = outText + "
": null

27-02-2025T17:18:38 - [TEST_STEP][PASSED] - println(outText): null

27-02-2025T17:18:38 - [TEST_STEP][PASSED] - name = key: null

27-02-2025T17:18:38 - [TEST_STEP][PASSED] - value = value.replace("
", ""): null

27-02-2025T17:18:38 - [TEST_STEP][PASSED] - value = value.trim(): null

27-02-2025T17:18:38 - [TEST_STEP][PASSED] - value = """ + value + """: null

27-02-2025T17:18:38 - [TEST_STEP][PASSED] - outText = outText + name + "," + value: null

27-02-2025T17:18:38 - [TEST_STEP][PASSED] - outText = outText + "
": null

27-02-2025T17:18:38 - [TEST_STEP][PASSED] - println(outText): null

27-02-2025T17:18:38 - [TEST_STEP][PASSED] - name = key: null

27-02-2025T17:18:38 - [TEST_STEP][PASSED] - value = value.replace("
", ""): null

27-02-2025T17:18:38 - [TEST_STEP][PASSED] - value = value.trim(): null

27-02-2025T17:18:38 - [TEST_STEP][PASSED] - value = """ + value + """: null

27-02-2025T17:18:38 - [TEST_STEP][PASSED] - outText = outText + name + "," + value: null

27-02-2025T17:18:38 - [TEST_STEP][PASSED] - outText = outText + "
": null

27-02-2025T17:18:38 - [TEST_STEP][PASSED] - println(outText): null

27-02-2025T17:18:38 - [TEST_STEP][PASSED] - name = key: null

27-02-2025T17:18:38 - [TEST_STEP][PASSED] - value = value.replace("
", ""): null

27-02-2025T17:18:38 - [TEST_STEP][PASSED] - value = value.trim(): null

27-02-2025T17:18:38 - [TEST_STEP][PASSED] - value = """ + value + """: null

27-02-2025T17:18:38 - [TEST_STEP][PASSED] - outText = outText + name + "," + value: null

27-02-2025T17:18:38 - [TEST_STEP][PASSED] - outText = outText + "
": null

27-02-2025T17:18:38 - [TEST_STEP][PASSED] - println(outText): null

27-02-2025T17:18:38 - [TEST_STEP][PASSED] - outFile = new java.io.File(file): null

27-02-2025T17:18:38 - [TEST_STEP][PASSED] - println(outText): null

27-02-2025T17:18:38 - [TEST_STEP][PASSED] - outFile.write(outText): null

27-02-2025T17:18:38 - [TEST_STEP][PASSED] - takeFullPageScreenshot(fileImage): Taking screenshot successfully

27-02-2025T17:18:39 - [MESSAGE][INFO] - 0 hidden object(s)

27-02-2025T17:18:39 - [MESSAGE][PASSED] - Taking screenshot successfully
[[ATTACHMENT|/Users/cckozie/Documents/MissionNext/Screenshots and Tooltip Text/Register_Screenshot.png]]

27-02-2025T17:18:39 - [TEST_STEP][PASSED] - frame.dispose(): null

27-02-2025T17:18:39 - [TEST_STEP][PASSED] - return tooltipMap: null

27-02-2025T17:18:39 - [MESSAGE][PASSED] - Call Test Case 'Test Cases/_Functions/Get Screenshot and Tooltip Text' successfully

27-02-2025T17:18:39 - [TEST_STEP][PASSED] - driver = getWebDriver(): null

27-02-2025T17:18:39 - [TEST_STEP][PASSED] - action = new org.openqa.selenium.interactions.Actions(driver): null

27-02-2025T17:18:39 - [TEST_STEP][PASSED] - callTestCase(findTestCase("_Functions/Test Tooltips"), ["varTooltipImagePath":tooltipImagePath, "varTooltips":tooltips, "varTooltipText":tooltipText, "varTestObjectFolder":testObjectFolder, ... ], STOP_ON_FAILURE): Call Test Case 'Test Cases/_Functions/Test Tooltips' successfully

27-02-2025T17:18:39 - [TEST_CASE][PASSED] - Test Cases/_Functions/Test Tooltips: Test Cases/_Functions/Test Tooltips

27-02-2025T17:18:39 - [TEST_STEP][PASSED] - if (fastPath): null

27-02-2025T17:18:39 - [TEST_STEP][PASSED] - tooltipImagePath = varTooltipImagePath: null

27-02-2025T17:18:39 - [TEST_STEP][PASSED] - tooltips = varTooltips: null

27-02-2025T17:18:39 - [TEST_STEP][PASSED] - tooltipText = varTooltipText: null

27-02-2025T17:18:39 - [TEST_STEP][PASSED] - testObjectFolder = varTestObjectFolder: null

27-02-2025T17:18:39 - [TEST_STEP][PASSED] - tooltipTextMap = varTooltipTextMap: null

27-02-2025T17:18:39 - [TEST_STEP][PASSED] - writeFile = false: null

27-02-2025T17:18:39 - [TEST_STEP][PASSED] - if (outFile != ""): null

27-02-2025T17:18:39 - [TEST_STEP][PASSED] - myFile = outFile: null

27-02-2025T17:18:39 - [TEST_STEP][PASSED] - println(myFile): null

27-02-2025T17:18:39 - [TEST_STEP][PASSED] - outFile = new java.io.File(myFile): null

27-02-2025T17:18:39 - [TEST_STEP][PASSED] - writeFile = true: null

27-02-2025T17:18:39 - [TEST_STEP][PASSED] - driver = getWebDriver(): null

27-02-2025T17:18:39 - [TEST_STEP][PASSED] - action = new org.openqa.selenium.interactions.Actions(driver): null

27-02-2025T17:18:39 - [TEST_STEP][PASSED] - s = new org.sikuli.script.Screen(): null

27-02-2025T17:18:39 - [TEST_STEP][PASSED] - outText = "Verifying the tooltips can be displayed.
": null

27-02-2025T17:18:39 - [TEST_STEP][PASSED] - outFile.append(outText): null

27-02-2025T17:18:39 - [TEST_STEP][PASSED] - first = true: null

27-02-2025T17:18:39 - [TEST_STEP][PASSED] - for (def it : tooltips): null

27-02-2025T17:18:39 - [TEST_STEP][PASSED] - myKey = key: null

27-02-2025T17:18:39 - [TEST_STEP][PASSED] - myValue = value: null

27-02-2025T17:18:39 - [TEST_STEP][PASSED] - println("myKey is " + myKey): null

27-02-2025T17:18:39 - [TEST_STEP][PASSED] - println("myValue is " + myValue): null

27-02-2025T17:18:39 - [TEST_STEP][PASSED] - if (myKey != "dummy"): null

27-02-2025T17:18:39 - [TEST_STEP][PASSED] - else: null

27-02-2025T17:18:39 - [TEST_STEP][PASSED] - myImage = "/Users/cckozie/git/MissionNext-Katalon-Koz/images/dummy.png": null

27-02-2025T17:18:39 - [TEST_STEP][PASSED] - f = new java.io.File(myImage): null

27-02-2025T17:18:39 - [TEST_STEP][PASSED] - if (f.exists()): null

27-02-2025T17:18:39 - [TEST_STEP][PASSED] - println("Looking for " + myImage): null

27-02-2025T17:18:39 - [TEST_STEP][PASSED] - icn = Pattern(myImage).similar(0.10): null

27-02-2025T17:18:39 - [TEST_STEP][PASSED] - found = s.exists(icn): null

27-02-2025T17:18:40 - [TEST_STEP][PASSED] - println(found): null

27-02-2025T17:18:40 - [TEST_STEP][PASSED] - if (found != null): null

27-02-2025T17:18:40 - [TEST_STEP][PASSED] - foundStr = found.toString(): null

27-02-2025T17:18:40 - [TEST_STEP][PASSED] - matchP = foundStr.indexOf("%"): null

27-02-2025T17:18:40 - [TEST_STEP][PASSED] - if (matchP >= 0): null

27-02-2025T17:18:40 - [TEST_STEP][PASSED] - println(matchP): null

27-02-2025T17:18:40 - [TEST_STEP][PASSED] - pct = foundStr.substring(matchP + 1, matchP + 6): null

27-02-2025T17:18:40 - [TEST_STEP][PASSED] - pctF = pct.toFloat(): null

27-02-2025T17:18:40 - [TEST_STEP][PASSED] - outText = "+++ Tooltip match value for " + myKey + " is " + pctF + "%": null

27-02-2025T17:18:40 - [TEST_STEP][PASSED] - min = 80: null

27-02-2025T17:18:40 - [TEST_STEP][PASSED] - if (pctF.toFloat() < min.toFloat()): null

27-02-2025T17:18:40 - [TEST_STEP][PASSED] - outText = ">>>>> " + outText + " <<<<<": null

27-02-2025T17:18:40 - [TEST_STEP][PASSED] - if (myKey != "dummy"): null

27-02-2025T17:18:40 - [TEST_STEP][PASSED] - myKey = key: null

27-02-2025T17:18:40 - [TEST_STEP][PASSED] - myValue = value: null

27-02-2025T17:18:40 - [TEST_STEP][PASSED] - println("myKey is " + myKey): null

27-02-2025T17:18:40 - [TEST_STEP][PASSED] - println("myValue is " + myValue): null

27-02-2025T17:18:40 - [TEST_STEP][PASSED] - if (myKey != "dummy"): null

27-02-2025T17:18:40 - [TEST_STEP][PASSED] - tObj = testObjectFolder + myValue: null

27-02-2025T17:18:40 - [TEST_STEP][PASSED] - click(tObj): null

27-02-2025T17:18:40 - [TEST_STEP][PASSED] - scrollToObject(object): null

27-02-2025T17:18:40 - [TEST_STEP][PASSED] - println("Converting " + object + " to web element"): null

27-02-2025T17:18:40 - [TEST_STEP][PASSED] - element = findWebElement(findTestObject(object), 1): null

27-02-2025T17:18:40 - [TEST_STEP][PASSED] - loc = element.getLocation(): null

27-02-2025T17:18:40 - [TEST_STEP][PASSED] - x = loc.getX(): null

27-02-2025T17:18:40 - [TEST_STEP][PASSED] - if (x >= 560): null

27-02-2025T17:18:40 - [TEST_STEP][PASSED] - y = loc.getY(): null

27-02-2025T17:18:40 - [TEST_STEP][PASSED] - println("Y location is " + y): null

27-02-2025T17:18:40 - [TEST_STEP][PASSED] - top = getViewportTopPosition(): Current viewport's top (y) position is 595

27-02-2025T17:18:40 - [MESSAGE][PASSED] - Current viewport's top (y) position is 595

27-02-2025T17:18:40 - [TEST_STEP][PASSED] - println("Viewport top is " + top): null

27-02-2025T17:18:40 - [TEST_STEP][PASSED] - bottom = top + 600: null

27-02-2025T17:18:40 - [TEST_STEP][PASSED] - if (y - top < 150 || bottom - y < 10): Delayed 1 second(s)

27-02-2025T17:18:40 - [TEST_STEP][PASSED] - scrollToPosition(0, y - 170): Browser is scrolled to position x = 0, y = 247

27-02-2025T17:18:40 - [MESSAGE][PASSED] - Browser is scrolled to position x = 0, y = 247

27-02-2025T17:18:40 - [TEST_STEP][PASSED] - delay(1): Delayed 1 second(s)

27-02-2025T17:18:41 - [MESSAGE][PASSED] - Delayed 1 second(s)

27-02-2025T17:18:41 - [TEST_STEP][PASSED] - click(findTestObject(object)): null

27-02-2025T17:18:41 - [MESSAGE][PASSED] - Object: 'Object Repository/Education Candidate Profile/Register/img_Username_field-tooltip' is clicked on

27-02-2025T17:18:41 - [TEST_STEP][PASSED] - delay(1): Delayed 1 second(s)

27-02-2025T17:18:42 - [MESSAGE][PASSED] - Delayed 1 second(s)

27-02-2025T17:18:42 - [TEST_STEP][PASSED] - myImage = tooltipImagePath + myKey + ".png": null

27-02-2025T17:18:42 - [TEST_STEP][PASSED] - f = new java.io.File(myImage): null

27-02-2025T17:18:42 - [TEST_STEP][PASSED] - if (f.exists()): null

27-02-2025T17:18:42 - [TEST_STEP][PASSED] - println("Looking for " + myImage): null

27-02-2025T17:18:42 - [TEST_STEP][PASSED] - icn = Pattern(myImage).similar(0.10): null

27-02-2025T17:18:42 - [TEST_STEP][PASSED] - found = s.exists(icn): null

27-02-2025T17:18:42 - [TEST_STEP][PASSED] - println(found): null

27-02-2025T17:18:42 - [TEST_STEP][PASSED] - if (found != null): null

27-02-2025T17:18:42 - [TEST_STEP][PASSED] - foundStr = found.toString(): null

27-02-2025T17:18:42 - [TEST_STEP][PASSED] - matchP = foundStr.indexOf("%"): null

27-02-2025T17:18:42 - [TEST_STEP][PASSED] - if (matchP >= 0): null

27-02-2025T17:18:42 - [TEST_STEP][PASSED] - println(matchP): null

27-02-2025T17:18:42 - [TEST_STEP][PASSED] - pct = foundStr.substring(matchP + 1, matchP + 6): null

27-02-2025T17:18:42 - [TEST_STEP][PASSED] - pctF = pct.toFloat(): null

27-02-2025T17:18:42 - [TEST_STEP][PASSED] - outText = "+++ Tooltip match value for " + myKey + " is " + pctF + "%": null

27-02-2025T17:18:42 - [TEST_STEP][PASSED] - min = 80: null

27-02-2025T17:18:42 - [TEST_STEP][PASSED] - if (pctF.toFloat() < min.toFloat()): null

27-02-2025T17:18:42 - [TEST_STEP][PASSED] - if (myKey != "dummy"): null

27-02-2025T17:18:42 - [TEST_STEP][PASSED] - println(outText): null

27-02-2025T17:18:42 - [TEST_STEP][PASSED] - outFile.append(outText + "
"): null

27-02-2025T17:18:42 - [TEST_STEP][PASSED] - myKey = key: null

27-02-2025T17:18:42 - [TEST_STEP][PASSED] - myValue = value: null

27-02-2025T17:18:42 - [TEST_STEP][PASSED] - println("myKey is " + myKey): null

27-02-2025T17:18:42 - [TEST_STEP][PASSED] - println("myValue is " + myValue): null

27-02-2025T17:18:42 - [TEST_STEP][PASSED] - if (myKey != "dummy"): null

27-02-2025T17:18:42 - [TEST_STEP][PASSED] - tObj = testObjectFolder + myValue: null

27-02-2025T17:18:42 - [TEST_STEP][PASSED] - click(tObj): null

27-02-2025T17:18:42 - [TEST_STEP][PASSED] - scrollToObject(object): null

27-02-2025T17:18:42 - [TEST_STEP][PASSED] - println("Converting " + object + " to web element"): null

27-02-2025T17:18:42 - [TEST_STEP][PASSED] - element = findWebElement(findTestObject(object), 1): null

27-02-2025T17:18:42 - [TEST_STEP][PASSED] - loc = element.getLocation(): null

27-02-2025T17:18:42 - [TEST_STEP][PASSED] - x = loc.getX(): null

27-02-2025T17:18:42 - [TEST_STEP][PASSED] - if (x >= 560): null

27-02-2025T17:18:42 - [TEST_STEP][PASSED] - y = loc.getY(): null

27-02-2025T17:18:42 - [TEST_STEP][PASSED] - println("Y location is " + y): null

27-02-2025T17:18:42 - [TEST_STEP][PASSED] - top = getViewportTopPosition(): Current viewport's top (y) position is 247

27-02-2025T17:18:42 - [MESSAGE][PASSED] - Current viewport's top (y) position is 247

27-02-2025T17:18:42 - [TEST_STEP][PASSED] - println("Viewport top is " + top): null

27-02-2025T17:18:42 - [TEST_STEP][PASSED] - bottom = top + 600: null

27-02-2025T17:18:42 - [TEST_STEP][PASSED] - if (y - top < 150 || bottom - y < 10): null

27-02-2025T17:18:42 - [TEST_STEP][PASSED] - click(findTestObject(object)): null

27-02-2025T17:18:42 - [MESSAGE][PASSED] - Object: 'Object Repository/Education Candidate Profile/Register/img_Email_field-tooltip' is clicked on

27-02-2025T17:18:42 - [TEST_STEP][PASSED] - delay(1): Delayed 1 second(s)

27-02-2025T17:18:43 - [MESSAGE][PASSED] - Delayed 1 second(s)

27-02-2025T17:18:43 - [TEST_STEP][PASSED] - myImage = tooltipImagePath + myKey + ".png": null

27-02-2025T17:18:43 - [TEST_STEP][PASSED] - f = new java.io.File(myImage): null

27-02-2025T17:18:43 - [TEST_STEP][PASSED] - if (f.exists()): null

27-02-2025T17:18:43 - [TEST_STEP][PASSED] - println("Looking for " + myImage): null

27-02-2025T17:18:43 - [TEST_STEP][PASSED] - icn = Pattern(myImage).similar(0.10): null

27-02-2025T17:18:43 - [TEST_STEP][PASSED] - found = s.exists(icn): null

27-02-2025T17:18:43 - [TEST_STEP][PASSED] - println(found): null

27-02-2025T17:18:43 - [TEST_STEP][PASSED] - if (found != null): null

27-02-2025T17:18:43 - [TEST_STEP][PASSED] - foundStr = found.toString(): null

27-02-2025T17:18:43 - [TEST_STEP][PASSED] - matchP = foundStr.indexOf("%"): null

27-02-2025T17:18:43 - [TEST_STEP][PASSED] - if (matchP >= 0): null

27-02-2025T17:18:43 - [TEST_STEP][PASSED] - println(matchP): null

27-02-2025T17:18:43 - [TEST_STEP][PASSED] - pct = foundStr.substring(matchP + 1, matchP + 6): null

27-02-2025T17:18:43 - [TEST_STEP][PASSED] - pctF = pct.toFloat(): null

27-02-2025T17:18:43 - [TEST_STEP][PASSED] - outText = "+++ Tooltip match value for " + myKey + " is " + pctF + "%": null

27-02-2025T17:18:43 - [TEST_STEP][PASSED] - min = 80: null

27-02-2025T17:18:43 - [TEST_STEP][PASSED] - if (pctF.toFloat() < min.toFloat()): null

27-02-2025T17:18:43 - [TEST_STEP][PASSED] - if (myKey != "dummy"): null

27-02-2025T17:18:43 - [TEST_STEP][PASSED] - println(outText): null

27-02-2025T17:18:43 - [TEST_STEP][PASSED] - outFile.append(outText + "
"): null

27-02-2025T17:18:43 - [TEST_STEP][PASSED] - myKey = key: null

27-02-2025T17:18:43 - [TEST_STEP][PASSED] - myValue = value: null

27-02-2025T17:18:43 - [TEST_STEP][PASSED] - println("myKey is " + myKey): null

27-02-2025T17:18:43 - [TEST_STEP][PASSED] - println("myValue is " + myValue): null

27-02-2025T17:18:43 - [TEST_STEP][PASSED] - if (myKey != "dummy"): null

27-02-2025T17:18:43 - [TEST_STEP][PASSED] - tObj = testObjectFolder + myValue: null

27-02-2025T17:18:43 - [TEST_STEP][PASSED] - click(tObj): null

27-02-2025T17:18:43 - [TEST_STEP][PASSED] - scrollToObject(object): null

27-02-2025T17:18:43 - [TEST_STEP][PASSED] - println("Converting " + object + " to web element"): null

27-02-2025T17:18:43 - [TEST_STEP][PASSED] - element = findWebElement(findTestObject(object), 1): null

27-02-2025T17:18:43 - [TEST_STEP][PASSED] - loc = element.getLocation(): null

27-02-2025T17:18:43 - [TEST_STEP][PASSED] - x = loc.getX(): null

27-02-2025T17:18:43 - [TEST_STEP][PASSED] - if (x >= 560): null

27-02-2025T17:18:43 - [TEST_STEP][PASSED] - y = loc.getY(): null

27-02-2025T17:18:43 - [TEST_STEP][PASSED] - println("Y location is " + y): null

27-02-2025T17:18:43 - [TEST_STEP][PASSED] - top = getViewportTopPosition(): Current viewport's top (y) position is 247

27-02-2025T17:18:43 - [MESSAGE][PASSED] - Current viewport's top (y) position is 247

27-02-2025T17:18:43 - [TEST_STEP][PASSED] - println("Viewport top is " + top): null

27-02-2025T17:18:43 - [TEST_STEP][PASSED] - bottom = top + 600: null

27-02-2025T17:18:43 - [TEST_STEP][PASSED] - if (y - top < 150 || bottom - y < 10): null

27-02-2025T17:18:43 - [TEST_STEP][PASSED] - click(findTestObject(object)): null

27-02-2025T17:18:43 - [MESSAGE][PASSED] - Object: 'Object Repository/Education Candidate Profile/Register/img_Password_field-tooltip' is clicked on

27-02-2025T17:18:43 - [TEST_STEP][PASSED] - delay(1): Delayed 1 second(s)

27-02-2025T17:18:44 - [MESSAGE][PASSED] - Delayed 1 second(s)

27-02-2025T17:18:44 - [TEST_STEP][PASSED] - myImage = tooltipImagePath + myKey + ".png": null

27-02-2025T17:18:44 - [TEST_STEP][PASSED] - f = new java.io.File(myImage): null

27-02-2025T17:18:44 - [TEST_STEP][PASSED] - if (f.exists()): null

27-02-2025T17:18:44 - [TEST_STEP][PASSED] - println("Looking for " + myImage): null

27-02-2025T17:18:44 - [TEST_STEP][PASSED] - icn = Pattern(myImage).similar(0.10): null

27-02-2025T17:18:44 - [TEST_STEP][PASSED] - found = s.exists(icn): null

27-02-2025T17:18:45 - [TEST_STEP][PASSED] - println(found): null

27-02-2025T17:18:45 - [TEST_STEP][PASSED] - if (found != null): null

27-02-2025T17:18:45 - [TEST_STEP][PASSED] - foundStr = found.toString(): null

27-02-2025T17:18:45 - [TEST_STEP][PASSED] - matchP = foundStr.indexOf("%"): null

27-02-2025T17:18:45 - [TEST_STEP][PASSED] - if (matchP >= 0): null

27-02-2025T17:18:45 - [TEST_STEP][PASSED] - println(matchP): null

27-02-2025T17:18:45 - [TEST_STEP][PASSED] - pct = foundStr.substring(matchP + 1, matchP + 6): null

27-02-2025T17:18:45 - [TEST_STEP][PASSED] - pctF = pct.toFloat(): null

27-02-2025T17:18:45 - [TEST_STEP][PASSED] - outText = "+++ Tooltip match value for " + myKey + " is " + pctF + "%": null

27-02-2025T17:18:45 - [TEST_STEP][PASSED] - min = 80: null

27-02-2025T17:18:45 - [TEST_STEP][PASSED] - if (pctF.toFloat() < min.toFloat()): null

27-02-2025T17:18:45 - [TEST_STEP][PASSED] - if (myKey != "dummy"): null

27-02-2025T17:18:45 - [TEST_STEP][PASSED] - println(outText): null

27-02-2025T17:18:45 - [TEST_STEP][PASSED] - outFile.append(outText + "
"): null

27-02-2025T17:18:45 - [TEST_STEP][PASSED] - myKey = key: null

27-02-2025T17:18:45 - [TEST_STEP][PASSED] - myValue = value: null

27-02-2025T17:18:45 - [TEST_STEP][PASSED] - println("myKey is " + myKey): null

27-02-2025T17:18:45 - [TEST_STEP][PASSED] - println("myValue is " + myValue): null

27-02-2025T17:18:45 - [TEST_STEP][PASSED] - if (myKey != "dummy"): null

27-02-2025T17:18:45 - [TEST_STEP][PASSED] - tObj = testObjectFolder + myValue: null

27-02-2025T17:18:45 - [TEST_STEP][PASSED] - click(tObj): null

27-02-2025T17:18:45 - [TEST_STEP][PASSED] - scrollToObject(object): null

27-02-2025T17:18:45 - [TEST_STEP][PASSED] - println("Converting " + object + " to web element"): null

27-02-2025T17:18:45 - [TEST_STEP][PASSED] - element = findWebElement(findTestObject(object), 1): null

27-02-2025T17:18:45 - [TEST_STEP][PASSED] - loc = element.getLocation(): null

27-02-2025T17:18:45 - [TEST_STEP][PASSED] - x = loc.getX(): null

27-02-2025T17:18:45 - [TEST_STEP][PASSED] - if (x >= 560): null

27-02-2025T17:18:45 - [TEST_STEP][PASSED] - y = loc.getY(): null

27-02-2025T17:18:45 - [TEST_STEP][PASSED] - println("Y location is " + y): null

27-02-2025T17:18:45 - [TEST_STEP][PASSED] - top = getViewportTopPosition(): Current viewport's top (y) position is 247

27-02-2025T17:18:45 - [MESSAGE][PASSED] - Current viewport's top (y) position is 247

27-02-2025T17:18:45 - [TEST_STEP][PASSED] - println("Viewport top is " + top): null

27-02-2025T17:18:45 - [TEST_STEP][PASSED] - bottom = top + 600: null

27-02-2025T17:18:45 - [TEST_STEP][PASSED] - if (y - top < 150 || bottom - y < 10): null

27-02-2025T17:18:45 - [TEST_STEP][PASSED] - click(findTestObject(object)): null

27-02-2025T17:18:45 - [MESSAGE][PASSED] - Object: 'Object Repository/Education Candidate Profile/Register/img_First Name_field-tooltip' is clicked on

27-02-2025T17:18:45 - [TEST_STEP][PASSED] - delay(1): Delayed 1 second(s)

27-02-2025T17:18:46 - [MESSAGE][PASSED] - Delayed 1 second(s)

27-02-2025T17:18:46 - [TEST_STEP][PASSED] - myImage = tooltipImagePath + myKey + ".png": null

27-02-2025T17:18:46 - [TEST_STEP][PASSED] - f = new java.io.File(myImage): null

27-02-2025T17:18:46 - [TEST_STEP][PASSED] - if (f.exists()): null

27-02-2025T17:18:46 - [TEST_STEP][PASSED] - println("Looking for " + myImage): null

27-02-2025T17:18:46 - [TEST_STEP][PASSED] - icn = Pattern(myImage).similar(0.10): null

27-02-2025T17:18:46 - [TEST_STEP][PASSED] - found = s.exists(icn): null

27-02-2025T17:18:46 - [TEST_STEP][PASSED] - println(found): null

27-02-2025T17:18:46 - [TEST_STEP][PASSED] - if (found != null): null

27-02-2025T17:18:46 - [TEST_STEP][PASSED] - foundStr = found.toString(): null

27-02-2025T17:18:46 - [TEST_STEP][PASSED] - matchP = foundStr.indexOf("%"): null

27-02-2025T17:18:46 - [TEST_STEP][PASSED] - if (matchP >= 0): null

27-02-2025T17:18:46 - [TEST_STEP][PASSED] - println(matchP): null

27-02-2025T17:18:46 - [TEST_STEP][PASSED] - pct = foundStr.substring(matchP + 1, matchP + 6): null

27-02-2025T17:18:46 - [TEST_STEP][PASSED] - pctF = pct.toFloat(): null

27-02-2025T17:18:46 - [TEST_STEP][PASSED] - outText = "+++ Tooltip match value for " + myKey + " is " + pctF + "%": null

27-02-2025T17:18:46 - [TEST_STEP][PASSED] - min = 80: null

27-02-2025T17:18:46 - [TEST_STEP][PASSED] - if (pctF.toFloat() < min.toFloat()): null

27-02-2025T17:18:46 - [TEST_STEP][PASSED] - if (myKey != "dummy"): null

27-02-2025T17:18:46 - [TEST_STEP][PASSED] - println(outText): null

27-02-2025T17:18:46 - [TEST_STEP][PASSED] - outFile.append(outText + "
"): null

27-02-2025T17:18:46 - [TEST_STEP][PASSED] - myKey = key: null

27-02-2025T17:18:46 - [TEST_STEP][PASSED] - myValue = value: null

27-02-2025T17:18:46 - [TEST_STEP][PASSED] - println("myKey is " + myKey): null

27-02-2025T17:18:46 - [TEST_STEP][PASSED] - println("myValue is " + myValue): null

27-02-2025T17:18:46 - [TEST_STEP][PASSED] - if (myKey != "dummy"): null

27-02-2025T17:18:46 - [TEST_STEP][PASSED] - tObj = testObjectFolder + myValue: null

27-02-2025T17:18:46 - [TEST_STEP][PASSED] - click(tObj): null

27-02-2025T17:18:46 - [TEST_STEP][PASSED] - scrollToObject(object): null

27-02-2025T17:18:46 - [TEST_STEP][PASSED] - println("Converting " + object + " to web element"): null

27-02-2025T17:18:46 - [TEST_STEP][PASSED] - element = findWebElement(findTestObject(object), 1): null

27-02-2025T17:18:46 - [TEST_STEP][PASSED] - loc = element.getLocation(): null

27-02-2025T17:18:46 - [TEST_STEP][PASSED] - x = loc.getX(): null

27-02-2025T17:18:46 - [TEST_STEP][PASSED] - if (x >= 560): null

27-02-2025T17:18:46 - [TEST_STEP][PASSED] - y = loc.getY(): null

27-02-2025T17:18:46 - [TEST_STEP][PASSED] - println("Y location is " + y): null

27-02-2025T17:18:46 - [TEST_STEP][PASSED] - top = getViewportTopPosition(): Current viewport's top (y) position is 247

27-02-2025T17:18:46 - [MESSAGE][PASSED] - Current viewport's top (y) position is 247

27-02-2025T17:18:46 - [TEST_STEP][PASSED] - println("Viewport top is " + top): null

27-02-2025T17:18:46 - [TEST_STEP][PASSED] - bottom = top + 600: null

27-02-2025T17:18:46 - [TEST_STEP][PASSED] - if (y - top < 150 || bottom - y < 10): null

27-02-2025T17:18:46 - [TEST_STEP][PASSED] - click(findTestObject(object)): null

27-02-2025T17:18:46 - [MESSAGE][PASSED] - Object: 'Object Repository/Education Candidate Profile/Register/img_Last Name_field-tooltip' is clicked on

27-02-2025T17:18:46 - [TEST_STEP][PASSED] - delay(1): Delayed 1 second(s)

27-02-2025T17:18:47 - [MESSAGE][PASSED] - Delayed 1 second(s)

27-02-2025T17:18:47 - [TEST_STEP][PASSED] - myImage = tooltipImagePath + myKey + ".png": null

27-02-2025T17:18:47 - [TEST_STEP][PASSED] - f = new java.io.File(myImage): null

27-02-2025T17:18:47 - [TEST_STEP][PASSED] - if (f.exists()): null

27-02-2025T17:18:47 - [TEST_STEP][PASSED] - println("Looking for " + myImage): null

27-02-2025T17:18:47 - [TEST_STEP][PASSED] - icn = Pattern(myImage).similar(0.10): null

27-02-2025T17:18:47 - [TEST_STEP][PASSED] - found = s.exists(icn): null

27-02-2025T17:18:47 - [TEST_STEP][PASSED] - println(found): null

27-02-2025T17:18:47 - [TEST_STEP][PASSED] - if (found != null): null

27-02-2025T17:18:47 - [TEST_STEP][PASSED] - foundStr = found.toString(): null

27-02-2025T17:18:47 - [TEST_STEP][PASSED] - matchP = foundStr.indexOf("%"): null

27-02-2025T17:18:47 - [TEST_STEP][PASSED] - if (matchP >= 0): null

27-02-2025T17:18:47 - [TEST_STEP][PASSED] - println(matchP): null

27-02-2025T17:18:47 - [TEST_STEP][PASSED] - pct = foundStr.substring(matchP + 1, matchP + 6): null

27-02-2025T17:18:47 - [TEST_STEP][PASSED] - pctF = pct.toFloat(): null

27-02-2025T17:18:47 - [TEST_STEP][PASSED] - outText = "+++ Tooltip match value for " + myKey + " is " + pctF + "%": null

27-02-2025T17:18:47 - [TEST_STEP][PASSED] - min = 80: null

27-02-2025T17:18:47 - [TEST_STEP][PASSED] - if (pctF.toFloat() < min.toFloat()): null

27-02-2025T17:18:47 - [TEST_STEP][PASSED] - if (myKey != "dummy"): null

27-02-2025T17:18:47 - [TEST_STEP][PASSED] - println(outText): null

27-02-2025T17:18:47 - [TEST_STEP][PASSED] - outFile.append(outText + "
"): null

27-02-2025T17:18:47 - [TEST_STEP][PASSED] - myKey = key: null

27-02-2025T17:18:47 - [TEST_STEP][PASSED] - myValue = value: null

27-02-2025T17:18:47 - [TEST_STEP][PASSED] - println("myKey is " + myKey): null

27-02-2025T17:18:47 - [TEST_STEP][PASSED] - println("myValue is " + myValue): null

27-02-2025T17:18:47 - [TEST_STEP][PASSED] - if (myKey != "dummy"): null

27-02-2025T17:18:47 - [TEST_STEP][PASSED] - tObj = testObjectFolder + myValue: null

27-02-2025T17:18:47 - [TEST_STEP][PASSED] - click(tObj): null

27-02-2025T17:18:47 - [TEST_STEP][PASSED] - scrollToObject(object): null

27-02-2025T17:18:47 - [TEST_STEP][PASSED] - println("Converting " + object + " to web element"): null

27-02-2025T17:18:47 - [TEST_STEP][PASSED] - element = findWebElement(findTestObject(object), 1): null

27-02-2025T17:18:47 - [TEST_STEP][PASSED] - loc = element.getLocation(): null

27-02-2025T17:18:47 - [TEST_STEP][PASSED] - x = loc.getX(): null

27-02-2025T17:18:47 - [TEST_STEP][PASSED] - if (x >= 560): null

27-02-2025T17:18:47 - [TEST_STEP][PASSED] - y = loc.getY(): null

27-02-2025T17:18:47 - [TEST_STEP][PASSED] - println("Y location is " + y): null

27-02-2025T17:18:47 - [TEST_STEP][PASSED] - top = getViewportTopPosition(): Current viewport's top (y) position is 247

27-02-2025T17:18:47 - [MESSAGE][PASSED] - Current viewport's top (y) position is 247

27-02-2025T17:18:47 - [TEST_STEP][PASSED] - println("Viewport top is " + top): null

27-02-2025T17:18:47 - [TEST_STEP][PASSED] - bottom = top + 600: null

27-02-2025T17:18:47 - [TEST_STEP][PASSED] - if (y - top < 150 || bottom - y < 10): null

27-02-2025T17:18:47 - [TEST_STEP][PASSED] - click(findTestObject(object)): null

27-02-2025T17:18:47 - [MESSAGE][PASSED] - Object: 'Object Repository/Education Candidate Profile/Register/img_Learn About Us_field-tooltip' is clicked on

27-02-2025T17:18:47 - [TEST_STEP][PASSED] - delay(1): Delayed 1 second(s)

27-02-2025T17:18:48 - [MESSAGE][PASSED] - Delayed 1 second(s)

27-02-2025T17:18:48 - [TEST_STEP][PASSED] - myImage = tooltipImagePath + myKey + ".png": null

27-02-2025T17:18:48 - [TEST_STEP][PASSED] - f = new java.io.File(myImage): null

27-02-2025T17:18:48 - [TEST_STEP][PASSED] - if (f.exists()): null

27-02-2025T17:18:48 - [TEST_STEP][PASSED] - println("Looking for " + myImage): null

27-02-2025T17:18:48 - [TEST_STEP][PASSED] - icn = Pattern(myImage).similar(0.10): null

27-02-2025T17:18:48 - [TEST_STEP][PASSED] - found = s.exists(icn): null

27-02-2025T17:18:48 - [TEST_STEP][PASSED] - println(found): null

27-02-2025T17:18:48 - [TEST_STEP][PASSED] - if (found != null): null

27-02-2025T17:18:48 - [TEST_STEP][PASSED] - foundStr = found.toString(): null

27-02-2025T17:18:48 - [TEST_STEP][PASSED] - matchP = foundStr.indexOf("%"): null

27-02-2025T17:18:48 - [TEST_STEP][PASSED] - if (matchP >= 0): null

27-02-2025T17:18:48 - [TEST_STEP][PASSED] - println(matchP): null

27-02-2025T17:18:48 - [TEST_STEP][PASSED] - pct = foundStr.substring(matchP + 1, matchP + 6): null

27-02-2025T17:18:48 - [TEST_STEP][PASSED] - pctF = pct.toFloat(): null

27-02-2025T17:18:48 - [TEST_STEP][PASSED] - outText = "+++ Tooltip match value for " + myKey + " is " + pctF + "%": null

27-02-2025T17:18:48 - [TEST_STEP][PASSED] - min = 80: null

27-02-2025T17:18:48 - [TEST_STEP][PASSED] - if (pctF.toFloat() < min.toFloat()): null

27-02-2025T17:18:48 - [TEST_STEP][PASSED] - if (myKey != "dummy"): null

27-02-2025T17:18:48 - [TEST_STEP][PASSED] - println(outText): null

27-02-2025T17:18:48 - [TEST_STEP][PASSED] - outFile.append(outText + "
"): null

27-02-2025T17:18:48 - [TEST_STEP][PASSED] - myKey = key: null

27-02-2025T17:18:48 - [TEST_STEP][PASSED] - myValue = value: null

27-02-2025T17:18:48 - [TEST_STEP][PASSED] - println("myKey is " + myKey): null

27-02-2025T17:18:48 - [TEST_STEP][PASSED] - println("myValue is " + myValue): null

27-02-2025T17:18:48 - [TEST_STEP][PASSED] - if (myKey != "dummy"): null

27-02-2025T17:18:48 - [TEST_STEP][PASSED] - tObj = testObjectFolder + myValue: null

27-02-2025T17:18:48 - [TEST_STEP][PASSED] - click(tObj): null

27-02-2025T17:18:48 - [TEST_STEP][PASSED] - scrollToObject(object): null

27-02-2025T17:18:48 - [TEST_STEP][PASSED] - println("Converting " + object + " to web element"): null

27-02-2025T17:18:48 - [TEST_STEP][PASSED] - element = findWebElement(findTestObject(object), 1): null

27-02-2025T17:18:48 - [TEST_STEP][PASSED] - loc = element.getLocation(): null

27-02-2025T17:18:48 - [TEST_STEP][PASSED] - x = loc.getX(): null

27-02-2025T17:18:48 - [TEST_STEP][PASSED] - if (x >= 560): null

27-02-2025T17:18:48 - [TEST_STEP][PASSED] - y = loc.getY(): null

27-02-2025T17:18:48 - [TEST_STEP][PASSED] - println("Y location is " + y): null

27-02-2025T17:18:48 - [TEST_STEP][PASSED] - top = getViewportTopPosition(): Current viewport's top (y) position is 247

27-02-2025T17:18:48 - [MESSAGE][PASSED] - Current viewport's top (y) position is 247

27-02-2025T17:18:48 - [TEST_STEP][PASSED] - println("Viewport top is " + top): null

27-02-2025T17:18:48 - [TEST_STEP][PASSED] - bottom = top + 600: null

27-02-2025T17:18:48 - [TEST_STEP][PASSED] - if (y - top < 150 || bottom - y < 10): Delayed 1 second(s)

27-02-2025T17:18:48 - [TEST_STEP][PASSED] - scrollToPosition(0, y - 170): Browser is scrolled to position x = 0, y = 794

27-02-2025T17:18:48 - [MESSAGE][PASSED] - Browser is scrolled to position x = 0, y = 794

27-02-2025T17:18:48 - [TEST_STEP][PASSED] - delay(1): Delayed 1 second(s)

27-02-2025T17:18:49 - [MESSAGE][PASSED] - Delayed 1 second(s)

27-02-2025T17:18:49 - [TEST_STEP][PASSED] - click(findTestObject(object)): null

27-02-2025T17:18:49 - [MESSAGE][PASSED] - Object: 'Object Repository/Education Candidate Profile/Register/img_Terms and Conditions_field-tooltip' is clicked on

27-02-2025T17:18:49 - [TEST_STEP][PASSED] - delay(1): Delayed 1 second(s)

27-02-2025T17:18:50 - [MESSAGE][PASSED] - Delayed 1 second(s)

27-02-2025T17:18:50 - [TEST_STEP][PASSED] - myImage = tooltipImagePath + myKey + ".png": null

27-02-2025T17:18:50 - [TEST_STEP][PASSED] - f = new java.io.File(myImage): null

27-02-2025T17:18:50 - [TEST_STEP][PASSED] - if (f.exists()): null

27-02-2025T17:18:50 - [TEST_STEP][PASSED] - println("Looking for " + myImage): null

27-02-2025T17:18:50 - [TEST_STEP][PASSED] - icn = Pattern(myImage).similar(0.10): null

27-02-2025T17:18:50 - [TEST_STEP][PASSED] - found = s.exists(icn): null

27-02-2025T17:18:50 - [TEST_STEP][PASSED] - println(found): null

27-02-2025T17:18:50 - [TEST_STEP][PASSED] - if (found != null): null

27-02-2025T17:18:50 - [TEST_STEP][PASSED] - foundStr = found.toString(): null

27-02-2025T17:18:50 - [TEST_STEP][PASSED] - matchP = foundStr.indexOf("%"): null

27-02-2025T17:18:50 - [TEST_STEP][PASSED] - if (matchP >= 0): null

27-02-2025T17:18:50 - [TEST_STEP][PASSED] - println(matchP): null

27-02-2025T17:18:50 - [TEST_STEP][PASSED] - pct = foundStr.substring(matchP + 1, matchP + 6): null

27-02-2025T17:18:50 - [TEST_STEP][PASSED] - pctF = pct.toFloat(): null

27-02-2025T17:18:50 - [TEST_STEP][PASSED] - outText = "+++ Tooltip match value for " + myKey + " is " + pctF + "%": null

27-02-2025T17:18:50 - [TEST_STEP][PASSED] - min = 80: null

27-02-2025T17:18:50 - [TEST_STEP][PASSED] - if (pctF.toFloat() < min.toFloat()): null

27-02-2025T17:18:50 - [TEST_STEP][PASSED] - if (myKey != "dummy"): null

27-02-2025T17:18:50 - [TEST_STEP][PASSED] - println(outText): null

27-02-2025T17:18:50 - [TEST_STEP][PASSED] - outFile.append(outText + "
"): null

27-02-2025T17:18:50 - [TEST_STEP][PASSED] - outText = "Verifying the tooltip text on the page is what was expected.
": null

27-02-2025T17:18:50 - [TEST_STEP][PASSED] - println(tooltipTextMap): null

27-02-2025T17:18:50 - [TEST_STEP][PASSED] - outFile.append(outText): null

27-02-2025T17:18:50 - [TEST_STEP][PASSED] - for (def it : tooltipText): null

27-02-2025T17:18:50 - [TEST_STEP][PASSED] - println(it): null

27-02-2025T17:18:50 - [TEST_STEP][PASSED] - myKey = key: null

27-02-2025T17:18:50 - [TEST_STEP][PASSED] - myText = value.replace(""", ""): null

27-02-2025T17:18:50 - [TEST_STEP][PASSED] - myText = myText.trim(): null

27-02-2025T17:18:50 - [TEST_STEP][PASSED] - println(myKey): null

27-02-2025T17:18:50 - [TEST_STEP][PASSED] - println(myText): null

27-02-2025T17:18:50 - [TEST_STEP][PASSED] - println(tooltipTextMap.get(myKey)): null

27-02-2025T17:18:50 - [TEST_STEP][PASSED] - actualText = get(myKey).replace(""", ""): null

27-02-2025T17:18:50 - [TEST_STEP][PASSED] - actualText = actualText.trim(): null

27-02-2025T17:18:50 - [TEST_STEP][PASSED] - println(myKey + ":" + actualText): null

27-02-2025T17:18:50 - [TEST_STEP][PASSED] - if (actualText != myText): null

27-02-2025T17:18:50 - [TEST_STEP][PASSED] - println(it): null

27-02-2025T17:18:50 - [TEST_STEP][PASSED] - myKey = key: null

27-02-2025T17:18:50 - [TEST_STEP][PASSED] - myText = value.replace(""", ""): null

27-02-2025T17:18:50 - [TEST_STEP][PASSED] - myText = myText.trim(): null

27-02-2025T17:18:50 - [TEST_STEP][PASSED] - println(myKey): null

27-02-2025T17:18:50 - [TEST_STEP][PASSED] - println(myText): null

27-02-2025T17:18:50 - [TEST_STEP][PASSED] - println(tooltipTextMap.get(myKey)): null

27-02-2025T17:18:50 - [TEST_STEP][PASSED] - actualText = get(myKey).replace(""", ""): null

27-02-2025T17:18:50 - [TEST_STEP][PASSED] - actualText = actualText.trim(): null

27-02-2025T17:18:50 - [TEST_STEP][PASSED] - println(myKey + ":" + actualText): null

27-02-2025T17:18:50 - [TEST_STEP][PASSED] - if (actualText != myText): null

27-02-2025T17:18:50 - [TEST_STEP][PASSED] - println(it): null

27-02-2025T17:18:50 - [TEST_STEP][PASSED] - myKey = key: null

27-02-2025T17:18:50 - [TEST_STEP][PASSED] - myText = value.replace(""", ""): null

27-02-2025T17:18:50 - [TEST_STEP][PASSED] - myText = myText.trim(): null

27-02-2025T17:18:50 - [TEST_STEP][PASSED] - println(myKey): null

27-02-2025T17:18:50 - [TEST_STEP][PASSED] - println(myText): null

27-02-2025T17:18:50 - [TEST_STEP][PASSED] - println(tooltipTextMap.get(myKey)): null

27-02-2025T17:18:50 - [TEST_STEP][PASSED] - actualText = get(myKey).replace(""", ""): null

27-02-2025T17:18:50 - [TEST_STEP][PASSED] - actualText = actualText.trim(): null

27-02-2025T17:18:50 - [TEST_STEP][PASSED] - println(myKey + ":" + actualText): null

27-02-2025T17:18:50 - [TEST_STEP][PASSED] - if (actualText != myText): null

27-02-2025T17:18:50 - [TEST_STEP][PASSED] - println(it): null

27-02-2025T17:18:50 - [TEST_STEP][PASSED] - myKey = key: null

27-02-2025T17:18:50 - [TEST_STEP][PASSED] - myText = value.replace(""", ""): null

27-02-2025T17:18:50 - [TEST_STEP][PASSED] - myText = myText.trim(): null

27-02-2025T17:18:50 - [TEST_STEP][PASSED] - println(myKey): null

27-02-2025T17:18:50 - [TEST_STEP][PASSED] - println(myText): null

27-02-2025T17:18:50 - [TEST_STEP][PASSED] - println(tooltipTextMap.get(myKey)): null

27-02-2025T17:18:50 - [TEST_STEP][PASSED] - actualText = get(myKey).replace(""", ""): null

27-02-2025T17:18:50 - [TEST_STEP][PASSED] - actualText = actualText.trim(): null

27-02-2025T17:18:50 - [TEST_STEP][PASSED] - println(myKey + ":" + actualText): null

27-02-2025T17:18:50 - [TEST_STEP][PASSED] - if (actualText != myText): null

27-02-2025T17:18:50 - [TEST_STEP][PASSED] - println(it): null

27-02-2025T17:18:50 - [TEST_STEP][PASSED] - myKey = key: null

27-02-2025T17:18:50 - [TEST_STEP][PASSED] - myText = value.replace(""", ""): null

27-02-2025T17:18:50 - [TEST_STEP][PASSED] - myText = myText.trim(): null

27-02-2025T17:18:50 - [TEST_STEP][PASSED] - println(myKey): null

27-02-2025T17:18:50 - [TEST_STEP][PASSED] - println(myText): null

27-02-2025T17:18:50 - [TEST_STEP][PASSED] - println(tooltipTextMap.get(myKey)): null

27-02-2025T17:18:50 - [TEST_STEP][PASSED] - actualText = get(myKey).replace(""", ""): null

27-02-2025T17:18:50 - [TEST_STEP][PASSED] - actualText = actualText.trim(): null

27-02-2025T17:18:50 - [TEST_STEP][PASSED] - println(myKey + ":" + actualText): null

27-02-2025T17:18:50 - [TEST_STEP][PASSED] - if (actualText != myText): null

27-02-2025T17:18:50 - [TEST_STEP][PASSED] - println(it): null

27-02-2025T17:18:50 - [TEST_STEP][PASSED] - myKey = key: null

27-02-2025T17:18:50 - [TEST_STEP][PASSED] - myText = value.replace(""", ""): null

27-02-2025T17:18:50 - [TEST_STEP][PASSED] - myText = myText.trim(): null

27-02-2025T17:18:50 - [TEST_STEP][PASSED] - println(myKey): null

27-02-2025T17:18:50 - [TEST_STEP][PASSED] - println(myText): null

27-02-2025T17:18:50 - [TEST_STEP][PASSED] - println(tooltipTextMap.get(myKey)): null

27-02-2025T17:18:50 - [TEST_STEP][PASSED] - actualText = get(myKey).replace(""", ""): null

27-02-2025T17:18:50 - [TEST_STEP][PASSED] - actualText = actualText.trim(): null

27-02-2025T17:18:50 - [TEST_STEP][PASSED] - println(myKey + ":" + actualText): null

27-02-2025T17:18:50 - [TEST_STEP][PASSED] - if (actualText != myText): null

27-02-2025T17:18:50 - [TEST_STEP][PASSED] - println(it): null

27-02-2025T17:18:50 - [TEST_STEP][PASSED] - myKey = key: null

27-02-2025T17:18:50 - [TEST_STEP][PASSED] - myText = value.replace(""", ""): null

27-02-2025T17:18:50 - [TEST_STEP][PASSED] - myText = myText.trim(): null

27-02-2025T17:18:50 - [TEST_STEP][PASSED] - println(myKey): null

27-02-2025T17:18:50 - [TEST_STEP][PASSED] - println(myText): null

27-02-2025T17:18:50 - [TEST_STEP][PASSED] - println(tooltipTextMap.get(myKey)): null

27-02-2025T17:18:50 - [TEST_STEP][PASSED] - actualText = get(myKey).replace(""", ""): null

27-02-2025T17:18:50 - [TEST_STEP][PASSED] - actualText = actualText.trim(): null

27-02-2025T17:18:50 - [TEST_STEP][PASSED] - println(myKey + ":" + actualText): null

27-02-2025T17:18:50 - [TEST_STEP][PASSED] - if (actualText != myText): null

27-02-2025T17:18:50 - [MESSAGE][PASSED] - Call Test Case 'Test Cases/_Functions/Test Tooltips' successfully

27-02-2025T17:18:50 - [TEST_STEP][PASSED] - object = "Education Candidate Profile/Register/button_Sign up": null

27-02-2025T17:18:50 - [TEST_STEP][PASSED] - callTestCase(findTestCase("_Functions/Perform Action"), ["varAction":"click", "varObject":object], STOP_ON_FAILURE): Call Test Case 'Test Cases/_Functions/Perform Action' successfully

27-02-2025T17:18:50 - [TEST_CASE][PASSED] - Test Cases/_Functions/Perform Action: Test Cases/_Functions/Perform Action

27-02-2025T17:18:51 - [TEST_STEP][PASSED] - action = varAction: null

27-02-2025T17:18:51 - [TEST_STEP][PASSED] - println(action): null

27-02-2025T17:18:51 - [TEST_STEP][PASSED] - testObject = varObject: null

27-02-2025T17:18:51 - [TEST_STEP][PASSED] - println(testObject): null

27-02-2025T17:18:51 - [TEST_STEP][PASSED] - parm1 = varParm1: null

27-02-2025T17:18:51 - [TEST_STEP][PASSED] - println(parm1): null

27-02-2025T17:18:51 - [TEST_STEP][PASSED] - println("Converting " + testObject + " to web element"): null

27-02-2025T17:18:51 - [TEST_STEP][PASSED] - element = findWebElement(findTestObject(testObject), 1): null

27-02-2025T17:18:51 - [TEST_STEP][PASSED] - loc = element.getLocation(): null

27-02-2025T17:18:51 - [TEST_STEP][PASSED] - y = loc.getY(): null

27-02-2025T17:18:51 - [TEST_STEP][PASSED] - println("Y location is " + y): null

27-02-2025T17:18:51 - [TEST_STEP][PASSED] - top = getViewportTopPosition(): Current viewport's top (y) position is 595

27-02-2025T17:18:51 - [MESSAGE][PASSED] - Current viewport's top (y) position is 595

27-02-2025T17:18:51 - [TEST_STEP][PASSED] - println("Viewport top is " + top): null

27-02-2025T17:18:51 - [TEST_STEP][PASSED] - bottom = top + 600: null

27-02-2025T17:18:51 - [TEST_STEP][PASSED] - if (y - top < 150 || bottom - y < 10): null

27-02-2025T17:18:51 - [TEST_STEP][PASSED] - if (action == "click"): Object: 'Object Repository/Education Candidate Profile/Register/button_Sign up' is clicked on

27-02-2025T17:18:51 - [TEST_STEP][PASSED] - println("clicking"): null

27-02-2025T17:18:51 - [TEST_STEP][PASSED] - click(findTestObject(testObject)): Object: 'Object Repository/Education Candidate Profile/Register/button_Sign up' is clicked on

27-02-2025T17:18:52 - [MESSAGE][PASSED] - Object: 'Object Repository/Education Candidate Profile/Register/button_Sign up' is clicked on

27-02-2025T17:18:52 - [MESSAGE][PASSED] - Call Test Case 'Test Cases/_Functions/Perform Action' successfully

27-02-2025T17:18:52 - [TEST_STEP][PASSED] - outText = "Verifying the required field messages.
": null

27-02-2025T17:18:52 - [TEST_STEP][PASSED] - outFile.append(outText): null

27-02-2025T17:18:52 - [TEST_STEP][PASSED] - fieldList = ["Username", "Email", "Password"]: null

27-02-2025T17:18:52 - [TEST_STEP][PASSED] - callTestCase(findTestCase("_Functions/Test Field Error Messages"), ["varFieldList":fieldList, "varRequiredFieldMsgs":requiredFieldMsgs], STOP_ON_FAILURE): Call Test Case 'Test Cases/_Functions/Test Field Error Messages' successfully

27-02-2025T17:18:52 - [TEST_CASE][PASSED] - Test Cases/_Functions/Test Field Error Messages: Test Cases/_Functions/Test Field Error Messages

27-02-2025T17:18:52 - [TEST_STEP][PASSED] - count = callTestCase(findTestCase("_Functions/Find error messages"), ["varFunction":"count"], STOP_ON_FAILURE): Call Test Case 'Test Cases/_Functions/Find error messages' successfully

27-02-2025T17:18:52 - [TEST_CASE][PASSED] - Test Cases/_Functions/Find error messages: Test Cases/_Functions/Find error messages

27-02-2025T17:18:52 - [TEST_STEP][PASSED] - function = "count": null

27-02-2025T17:18:52 - [TEST_STEP][PASSED] - if (binding.hasVariable("varFunction")): null

27-02-2025T17:18:52 - [TEST_STEP][PASSED] - function = varFunction: null

27-02-2025T17:18:52 - [TEST_STEP][PASSED] - title = getWindowTitle(): Current window's title is: 'Education'

27-02-2025T17:18:52 - [MESSAGE][PASSED] - Current window's title is: 'Education'

27-02-2025T17:18:52 - [TEST_STEP][PASSED] - println("Page title is " + title): null

27-02-2025T17:18:52 - [TEST_STEP][PASSED] - driver = getWebDriver(): null

27-02-2025T17:18:52 - [TEST_STEP][PASSED] - elements = driver.findElements(By.xpath("//div[@class='col-sm-offset-3 col-sm-9 text-danger']")): null

27-02-2025T17:18:52 - [TEST_STEP][PASSED] - if (function == "count"): null

27-02-2025T17:18:52 - [TEST_STEP][PASSED] - return elements.size(): null

27-02-2025T17:18:52 - [MESSAGE][PASSED] - Call Test Case 'Test Cases/_Functions/Find error messages' successfully

27-02-2025T17:18:52 - [TEST_STEP][PASSED] - outFile = outFile: null

27-02-2025T17:18:52 - [TEST_STEP][PASSED] - if (count == 0): null

27-02-2025T17:18:52 - [TEST_STEP][PASSED] - else: Delayed 0 second(s)

27-02-2025T17:18:52 - [TEST_STEP][PASSED] - fieldList = varFieldList: null

27-02-2025T17:18:52 - [TEST_STEP][PASSED] - requiredFieldMsgs = varRequiredFieldMsgs: null

27-02-2025T17:18:52 - [TEST_STEP][PASSED] - outText = "Verifying error messages for fields " + fieldList: null

27-02-2025T17:18:52 - [TEST_STEP][PASSED] - for (def field : fieldList): null

27-02-2025T17:18:52 - [TEST_STEP][PASSED] - errorMsg = requiredFieldMsgs.get(field): null

27-02-2025T17:18:52 - [TEST_STEP][PASSED] - msg = verifyTextPresent(errorMsg, false, OPTIONAL): Text 'Username must be unique; at least 6 characters; contain only lowercase letters; allowable characters: numbers, @, dash, underscore or period, and can be an email address.' is present on page 

27-02-2025T17:18:52 - [MESSAGE][PASSED] - Text 'Username must be unique; at least 6 characters; contain only lowercase letters; allowable characters: numbers, @, dash, underscore or period, and can be an email address.' is present on page 

27-02-2025T17:18:52 - [TEST_STEP][PASSED] - println(field + ":" + msg): null

27-02-2025T17:18:52 - [TEST_STEP][PASSED] - if (!(msg)): null

27-02-2025T17:18:52 - [TEST_STEP][PASSED] - errorMsg = requiredFieldMsgs.get(field): null

27-02-2025T17:18:52 - [TEST_STEP][PASSED] - msg = verifyTextPresent(errorMsg, false, OPTIONAL): Text 'Please enter a valid email address.' is present on page 

27-02-2025T17:18:52 - [MESSAGE][PASSED] - Text 'Please enter a valid email address.' is present on page 

27-02-2025T17:18:52 - [TEST_STEP][PASSED] - println(field + ":" + msg): null

27-02-2025T17:18:52 - [TEST_STEP][PASSED] - if (!(msg)): null

27-02-2025T17:18:52 - [TEST_STEP][PASSED] - errorMsg = requiredFieldMsgs.get(field): null

27-02-2025T17:18:52 - [TEST_STEP][PASSED] - msg = verifyTextPresent(errorMsg, false, OPTIONAL): Text 'The password should be at least twelve characters long; should include numbers, letters, capitals; may have special characters (@, #, *, spaces, etc.) and may include a passphrase.' is present on page 

27-02-2025T17:18:52 - [MESSAGE][PASSED] - Text 'The password should be at least twelve characters long; should include numbers, letters, capitals; may have special characters (@, #, *, spaces, etc.) and may include a passphrase.' is present on page 

27-02-2025T17:18:52 - [TEST_STEP][PASSED] - println(field + ":" + msg): null

27-02-2025T17:18:52 - [TEST_STEP][PASSED] - if (!(msg)): null

27-02-2025T17:18:52 - [TEST_STEP][PASSED] - delay(fieldTestDelay): Delayed 0 second(s)

27-02-2025T17:18:52 - [MESSAGE][PASSED] - Delayed 0 second(s)

27-02-2025T17:18:52 - [MESSAGE][PASSED] - Call Test Case 'Test Cases/_Functions/Test Field Error Messages' successfully

27-02-2025T17:18:52 - [TEST_STEP][PASSED] - object = "Education Candidate Profile/Register/input_Username": null

27-02-2025T17:18:52 - [TEST_STEP][PASSED] - callTestCase(findTestCase("_Functions/Perform Action"), ["varAction":"setText", "varObject":object, "varParm1":username], STOP_ON_FAILURE): Call Test Case 'Test Cases/_Functions/Perform Action' successfully

27-02-2025T17:18:52 - [TEST_CASE][PASSED] - Test Cases/_Functions/Perform Action: Test Cases/_Functions/Perform Action

27-02-2025T17:18:52 - [TEST_STEP][PASSED] - action = varAction: null

27-02-2025T17:18:52 - [TEST_STEP][PASSED] - println(action): null

27-02-2025T17:18:52 - [TEST_STEP][PASSED] - testObject = varObject: null

27-02-2025T17:18:52 - [TEST_STEP][PASSED] - println(testObject): null

27-02-2025T17:18:52 - [TEST_STEP][PASSED] - parm1 = varParm1: null

27-02-2025T17:18:52 - [TEST_STEP][PASSED] - println(parm1): null

27-02-2025T17:18:52 - [TEST_STEP][PASSED] - println("Converting " + testObject + " to web element"): null

27-02-2025T17:18:52 - [TEST_STEP][PASSED] - element = findWebElement(findTestObject(testObject), 1): null

27-02-2025T17:18:52 - [TEST_STEP][PASSED] - loc = element.getLocation(): null

27-02-2025T17:18:52 - [TEST_STEP][PASSED] - y = loc.getY(): null

27-02-2025T17:18:52 - [TEST_STEP][PASSED] - println("Y location is " + y): null

27-02-2025T17:18:52 - [TEST_STEP][PASSED] - top = getViewportTopPosition(): Current viewport's top (y) position is 0

27-02-2025T17:18:52 - [MESSAGE][PASSED] - Current viewport's top (y) position is 0

27-02-2025T17:18:52 - [TEST_STEP][PASSED] - println("Viewport top is " + top): null

27-02-2025T17:18:52 - [TEST_STEP][PASSED] - bottom = top + 600: null

27-02-2025T17:18:52 - [TEST_STEP][PASSED] - if (y - top < 150 || bottom - y < 10): null

27-02-2025T17:18:52 - [TEST_STEP][PASSED] - if (action == "click"): null

27-02-2025T17:18:52 - [TEST_STEP][PASSED] - else if (action == "selectOptionByValue"): null

27-02-2025T17:18:52 - [TEST_STEP][PASSED] - else if (action == "setText"): Text 'cktest04ec' is set on object 'Object Repository/Education Candidate Profile/Register/input_Username'

27-02-2025T17:18:52 - [TEST_STEP][PASSED] - println("Setting text " + parm1): null

27-02-2025T17:18:52 - [TEST_STEP][PASSED] - setText(findTestObject(testObject), parm1): Text 'cktest04ec' is set on object 'Object Repository/Education Candidate Profile/Register/input_Username'

27-02-2025T17:18:52 - [MESSAGE][PASSED] - Text 'cktest04ec' is set on object 'Object Repository/Education Candidate Profile/Register/input_Username'

27-02-2025T17:18:52 - [MESSAGE][PASSED] - Call Test Case 'Test Cases/_Functions/Perform Action' successfully

27-02-2025T17:18:52 - [TEST_STEP][PASSED] - object = "Education Candidate Profile/Register/input_Email": null

27-02-2025T17:18:52 - [TEST_STEP][PASSED] - callTestCase(findTestCase("_Functions/Perform Action"), ["varAction":"setText", "varObject":object, "varParm1":email], STOP_ON_FAILURE): Call Test Case 'Test Cases/_Functions/Perform Action' successfully

27-02-2025T17:18:52 - [TEST_CASE][PASSED] - Test Cases/_Functions/Perform Action: Test Cases/_Functions/Perform Action

27-02-2025T17:18:52 - [TEST_STEP][PASSED] - action = varAction: null

27-02-2025T17:18:52 - [TEST_STEP][PASSED] - println(action): null

27-02-2025T17:18:52 - [TEST_STEP][PASSED] - testObject = varObject: null

27-02-2025T17:18:52 - [TEST_STEP][PASSED] - println(testObject): null

27-02-2025T17:18:52 - [TEST_STEP][PASSED] - parm1 = varParm1: null

27-02-2025T17:18:52 - [TEST_STEP][PASSED] - println(parm1): null

27-02-2025T17:18:52 - [TEST_STEP][PASSED] - println("Converting " + testObject + " to web element"): null

27-02-2025T17:18:52 - [TEST_STEP][PASSED] - element = findWebElement(findTestObject(testObject), 1): null

27-02-2025T17:18:52 - [TEST_STEP][PASSED] - loc = element.getLocation(): null

27-02-2025T17:18:53 - [TEST_STEP][PASSED] - y = loc.getY(): null

27-02-2025T17:18:53 - [TEST_STEP][PASSED] - println("Y location is " + y): null

27-02-2025T17:18:53 - [TEST_STEP][PASSED] - top = getViewportTopPosition(): Current viewport's top (y) position is 0

27-02-2025T17:18:53 - [MESSAGE][PASSED] - Current viewport's top (y) position is 0

27-02-2025T17:18:53 - [TEST_STEP][PASSED] - println("Viewport top is " + top): null

27-02-2025T17:18:53 - [TEST_STEP][PASSED] - bottom = top + 600: null

27-02-2025T17:18:53 - [TEST_STEP][PASSED] - if (y - top < 150 || bottom - y < 10): null

27-02-2025T17:18:53 - [TEST_STEP][PASSED] - if (action == "click"): null

27-02-2025T17:18:53 - [TEST_STEP][PASSED] - else if (action == "selectOptionByValue"): null

27-02-2025T17:18:53 - [TEST_STEP][PASSED] - else if (action == "setText"): Text 'cktest04@missionnext.org' is set on object 'Object Repository/Education Candidate Profile/Register/input_Email'

27-02-2025T17:18:53 - [TEST_STEP][PASSED] - println("Setting text " + parm1): null

27-02-2025T17:18:53 - [TEST_STEP][PASSED] - setText(findTestObject(testObject), parm1): Text 'cktest04@missionnext.org' is set on object 'Object Repository/Education Candidate Profile/Register/input_Email'

27-02-2025T17:18:53 - [MESSAGE][PASSED] - Text 'cktest04@missionnext.org' is set on object 'Object Repository/Education Candidate Profile/Register/input_Email'

27-02-2025T17:18:53 - [MESSAGE][PASSED] - Call Test Case 'Test Cases/_Functions/Perform Action' successfully

27-02-2025T17:18:53 - [TEST_STEP][PASSED] - object = "Education Candidate Profile/Register/input_Password": null

27-02-2025T17:18:53 - [TEST_STEP][PASSED] - callTestCase(findTestCase("_Functions/Perform Action"), ["varAction":"setEncryptedText", "varObject":object, "varParm1":password], STOP_ON_FAILURE): Call Test Case 'Test Cases/_Functions/Perform Action' successfully

27-02-2025T17:18:53 - [TEST_CASE][PASSED] - Test Cases/_Functions/Perform Action: Test Cases/_Functions/Perform Action

27-02-2025T17:18:53 - [TEST_STEP][PASSED] - action = varAction: null

27-02-2025T17:18:53 - [TEST_STEP][PASSED] - println(action): null

27-02-2025T17:18:53 - [TEST_STEP][PASSED] - testObject = varObject: null

27-02-2025T17:18:53 - [TEST_STEP][PASSED] - println(testObject): null

27-02-2025T17:18:53 - [TEST_STEP][PASSED] - parm1 = varParm1: null

27-02-2025T17:18:53 - [TEST_STEP][PASSED] - println(parm1): null

27-02-2025T17:18:53 - [TEST_STEP][PASSED] - println("Converting " + testObject + " to web element"): null

27-02-2025T17:18:53 - [TEST_STEP][PASSED] - element = findWebElement(findTestObject(testObject), 1): null

27-02-2025T17:18:53 - [TEST_STEP][PASSED] - loc = element.getLocation(): null

27-02-2025T17:18:53 - [TEST_STEP][PASSED] - y = loc.getY(): null

27-02-2025T17:18:53 - [TEST_STEP][PASSED] - println("Y location is " + y): null

27-02-2025T17:18:53 - [TEST_STEP][PASSED] - top = getViewportTopPosition(): Current viewport's top (y) position is 0

27-02-2025T17:18:53 - [MESSAGE][PASSED] - Current viewport's top (y) position is 0

27-02-2025T17:18:53 - [TEST_STEP][PASSED] - println("Viewport top is " + top): null

27-02-2025T17:18:53 - [TEST_STEP][PASSED] - bottom = top + 600: null

27-02-2025T17:18:53 - [TEST_STEP][PASSED] - if (y - top < 150 || bottom - y < 10): null

27-02-2025T17:18:53 - [TEST_STEP][PASSED] - if (action == "click"): null

27-02-2025T17:18:53 - [TEST_STEP][PASSED] - else if (action == "selectOptionByValue"): null

27-02-2025T17:18:53 - [TEST_STEP][PASSED] - else if (action == "setText"): null

27-02-2025T17:18:53 - [TEST_STEP][PASSED] - else if (action == "setEncryptedText"): Text ****** has been set on object 'Object Repository/Education Candidate Profile/Register/input_Password'

27-02-2025T17:18:53 - [TEST_STEP][PASSED] - println("Setting encrypted text " + parm1): null

27-02-2025T17:18:53 - [TEST_STEP][PASSED] - setEncryptedText(findTestObject(testObject), parm1): Text ****** has been set on object 'Object Repository/Education Candidate Profile/Register/input_Password'

27-02-2025T17:18:53 - [MESSAGE][PASSED] - Text ****** has been set on object 'Object Repository/Education Candidate Profile/Register/input_Password'

27-02-2025T17:18:53 - [MESSAGE][PASSED] - Call Test Case 'Test Cases/_Functions/Perform Action' successfully

27-02-2025T17:18:53 - [TEST_STEP][PASSED] - object = "Education Candidate Profile/Register/button_Sign up": null

27-02-2025T17:18:53 - [TEST_STEP][PASSED] - callTestCase(findTestCase("_Functions/Perform Action"), ["varAction":"click", "varObject":object], STOP_ON_FAILURE): Call Test Case 'Test Cases/_Functions/Perform Action' successfully

27-02-2025T17:18:53 - [TEST_CASE][PASSED] - Test Cases/_Functions/Perform Action: Test Cases/_Functions/Perform Action

27-02-2025T17:18:53 - [TEST_STEP][PASSED] - action = varAction: null

27-02-2025T17:18:53 - [TEST_STEP][PASSED] - println(action): null

27-02-2025T17:18:53 - [TEST_STEP][PASSED] - testObject = varObject: null

27-02-2025T17:18:53 - [TEST_STEP][PASSED] - println(testObject): null

27-02-2025T17:18:53 - [TEST_STEP][PASSED] - parm1 = varParm1: null

27-02-2025T17:18:53 - [TEST_STEP][PASSED] - println(parm1): null

27-02-2025T17:18:53 - [TEST_STEP][PASSED] - println("Converting " + testObject + " to web element"): null

27-02-2025T17:18:53 - [TEST_STEP][PASSED] - element = findWebElement(findTestObject(testObject), 1): null

27-02-2025T17:18:53 - [TEST_STEP][PASSED] - loc = element.getLocation(): null

27-02-2025T17:18:53 - [TEST_STEP][PASSED] - y = loc.getY(): null

27-02-2025T17:18:53 - [TEST_STEP][PASSED] - println("Y location is " + y): null

27-02-2025T17:18:53 - [TEST_STEP][PASSED] - top = getViewportTopPosition(): Current viewport's top (y) position is 0

27-02-2025T17:18:53 - [MESSAGE][PASSED] - Current viewport's top (y) position is 0

27-02-2025T17:18:53 - [TEST_STEP][PASSED] - println("Viewport top is " + top): null

27-02-2025T17:18:53 - [TEST_STEP][PASSED] - bottom = top + 600: null

27-02-2025T17:18:53 - [TEST_STEP][PASSED] - if (y - top < 150 || bottom - y < 10): Delayed 1 second(s)

27-02-2025T17:18:53 - [TEST_STEP][PASSED] - scrollToPosition(0, y - 150): Browser is scrolled to position x = 0, y = 987

27-02-2025T17:18:53 - [MESSAGE][PASSED] - Browser is scrolled to position x = 0, y = 987

27-02-2025T17:18:53 - [TEST_STEP][PASSED] - delay(1): Delayed 1 second(s)

27-02-2025T17:18:54 - [MESSAGE][PASSED] - Delayed 1 second(s)

27-02-2025T17:18:54 - [TEST_STEP][PASSED] - if (action == "click"): Object: 'Object Repository/Education Candidate Profile/Register/button_Sign up' is clicked on

27-02-2025T17:18:54 - [TEST_STEP][PASSED] - println("clicking"): null

27-02-2025T17:18:54 - [TEST_STEP][PASSED] - click(findTestObject(testObject)): Object: 'Object Repository/Education Candidate Profile/Register/button_Sign up' is clicked on

27-02-2025T17:18:56 - [MESSAGE][PASSED] - Object: 'Object Repository/Education Candidate Profile/Register/button_Sign up' is clicked on

27-02-2025T17:18:56 - [MESSAGE][PASSED] - Call Test Case 'Test Cases/_Functions/Perform Action' successfully

27-02-2025T17:18:56 - [TEST_STEP][PASSED] - fieldList = ["First Name", "Last Name", "Country", "Phone Number", "Terms and Conditions"]: null

27-02-2025T17:18:56 - [TEST_STEP][PASSED] - callTestCase(findTestCase("_Functions/Test Field Error Messages"), ["varFieldList":fieldList, "varRequiredFieldMsgs":requiredFieldMsgs], STOP_ON_FAILURE): Call Test Case 'Test Cases/_Functions/Test Field Error Messages' successfully

27-02-2025T17:18:56 - [TEST_CASE][PASSED] - Test Cases/_Functions/Test Field Error Messages: Test Cases/_Functions/Test Field Error Messages

27-02-2025T17:18:56 - [TEST_STEP][PASSED] - count = callTestCase(findTestCase("_Functions/Find error messages"), ["varFunction":"count"], STOP_ON_FAILURE): Call Test Case 'Test Cases/_Functions/Find error messages' successfully

27-02-2025T17:18:56 - [TEST_CASE][PASSED] - Test Cases/_Functions/Find error messages: Test Cases/_Functions/Find error messages

27-02-2025T17:18:56 - [TEST_STEP][PASSED] - function = "count": null

27-02-2025T17:18:56 - [TEST_STEP][PASSED] - if (binding.hasVariable("varFunction")): null

27-02-2025T17:18:56 - [TEST_STEP][PASSED] - function = varFunction: null

27-02-2025T17:18:56 - [TEST_STEP][PASSED] - title = getWindowTitle(): Current window's title is: 'Education'

27-02-2025T17:18:56 - [MESSAGE][PASSED] - Current window's title is: 'Education'

27-02-2025T17:18:56 - [TEST_STEP][PASSED] - println("Page title is " + title): null

27-02-2025T17:18:56 - [TEST_STEP][PASSED] - driver = getWebDriver(): null

27-02-2025T17:18:56 - [TEST_STEP][PASSED] - elements = driver.findElements(By.xpath("//div[@class='col-sm-offset-3 col-sm-9 text-danger']")): null

27-02-2025T17:18:56 - [TEST_STEP][PASSED] - if (function == "count"): null

27-02-2025T17:18:56 - [TEST_STEP][PASSED] - return elements.size(): null

27-02-2025T17:18:56 - [MESSAGE][PASSED] - Call Test Case 'Test Cases/_Functions/Find error messages' successfully

27-02-2025T17:18:56 - [TEST_STEP][PASSED] - outFile = outFile: null

27-02-2025T17:18:56 - [TEST_STEP][PASSED] - if (count == 0): null

27-02-2025T17:18:56 - [TEST_STEP][PASSED] - else: Delayed 0 second(s)

27-02-2025T17:18:56 - [TEST_STEP][PASSED] - fieldList = varFieldList: null

27-02-2025T17:18:56 - [TEST_STEP][PASSED] - requiredFieldMsgs = varRequiredFieldMsgs: null

27-02-2025T17:18:56 - [TEST_STEP][PASSED] - outText = "Verifying error messages for fields " + fieldList: null

27-02-2025T17:18:56 - [TEST_STEP][PASSED] - for (def field : fieldList): null

27-02-2025T17:18:56 - [TEST_STEP][PASSED] - errorMsg = requiredFieldMsgs.get(field): null

27-02-2025T17:18:56 - [TEST_STEP][PASSED] - msg = verifyTextPresent(errorMsg, false, OPTIONAL): Text 'The First Name field is required.' is present on page 

27-02-2025T17:18:56 - [MESSAGE][PASSED] - Text 'The First Name field is required.' is present on page 

27-02-2025T17:18:56 - [TEST_STEP][PASSED] - println(field + ":" + msg): null

27-02-2025T17:18:56 - [TEST_STEP][PASSED] - if (!(msg)): null

27-02-2025T17:18:56 - [TEST_STEP][PASSED] - errorMsg = requiredFieldMsgs.get(field): null

27-02-2025T17:18:56 - [TEST_STEP][PASSED] - msg = verifyTextPresent(errorMsg, false, OPTIONAL): Text 'The last name field is required.' is present on page 

27-02-2025T17:18:56 - [MESSAGE][PASSED] - Text 'The last name field is required.' is present on page 

27-02-2025T17:18:56 - [TEST_STEP][PASSED] - println(field + ":" + msg): null

27-02-2025T17:18:56 - [TEST_STEP][PASSED] - if (!(msg)): null

27-02-2025T17:18:56 - [TEST_STEP][PASSED] - errorMsg = requiredFieldMsgs.get(field): null

27-02-2025T17:18:56 - [TEST_STEP][PASSED] - msg = verifyTextPresent(errorMsg, false, OPTIONAL): Text 'The country field is required.' is present on page 

27-02-2025T17:18:56 - [MESSAGE][PASSED] - Text 'The country field is required.' is present on page 

27-02-2025T17:18:56 - [TEST_STEP][PASSED] - println(field + ":" + msg): null

27-02-2025T17:18:56 - [TEST_STEP][PASSED] - if (!(msg)): null

27-02-2025T17:18:56 - [TEST_STEP][PASSED] - errorMsg = requiredFieldMsgs.get(field): null

27-02-2025T17:18:56 - [TEST_STEP][PASSED] - msg = verifyTextPresent(errorMsg, false, OPTIONAL): Text 'The phone number field is required.' is not present on page  (Root cause: com.kms.katalon.core.exception.StepFailedException: Text 'The phone number field is required.' is not present on page 
	at com.kms.katalon.core.webui.keyword.internal.WebUIKeywordMain.stepFailed(WebUIKeywordMain.groovy:117)
	at com.kms.katalon.core.webui.keyword.builtin.VerifyTextPresentKeyword$_verifyTextPresent_closure1.doCall(VerifyTextPresentKeyword.groovy:79)
	at com.kms.katalon.core.webui.keyword.builtin.VerifyTextPresentKeyword$_verifyTextPresent_closure1.call(VerifyTextPresentKeyword.groovy)
	at com.kms.katalon.core.webui.keyword.internal.WebUIKeywordMain.runKeyword(WebUIKeywordMain.groovy:35)
	at com.kms.katalon.core.webui.keyword.builtin.VerifyTextPresentKeyword.verifyTextPresent(VerifyTextPresentKeyword.groovy:83)
	at com.kms.katalon.core.webui.keyword.builtin.VerifyTextPresentKeyword.execute(VerifyTextPresentKeyword.groovy:68)
	at com.kms.katalon.core.keyword.internal.KeywordExecutor.executeKeywordForPlatform(KeywordExecutor.groovy:74)
	at com.kms.katalon.core.webui.keyword.WebUiBuiltInKeywords.verifyTextPresent(WebUiBuiltInKeywords.groovy:1746)
	at Test Field Error Messages.run(Test Field Error Messages:40)
	at com.kms.katalon.core.main.ScriptEngine.run(ScriptEngine.java:194)
	at com.kms.katalon.core.main.ScriptEngine.runScriptAsRawText(ScriptEngine.java:119)
	at com.kms.katalon.core.main.TestCaseExecutor.runScript(TestCaseExecutor.java:448)
	at com.kms.katalon.core.main.TestCaseExecutor.doExecute(TestCaseExecutor.java:439)
	at com.kms.katalon.core.main.TestCaseExecutor.processExecutionPhase(TestCaseExecutor.java:418)
	at com.kms.katalon.core.main.TestCaseExecutor.accessMainPhase(TestCaseExecutor.java:410)
	at com.kms.katalon.core.main.TestCaseExecutor.execute(TestCaseExecutor.java:285)
	at com.kms.katalon.core.main.TestCaseMain.runTestCase(TestCaseMain.java:137)
	at com.kms.katalon.core.keyword.builtin.CallTestCaseKeyword$_callTestCase_closure1.doCall(CallTestCaseKeyword.groovy:59)
	at com.kms.katalon.core.keyword.builtin.CallTestCaseKeyword$_callTestCase_closure1.call(CallTestCaseKeyword.groovy)
	at com.kms.katalon.core.keyword.internal.KeywordMain.runKeyword(KeywordMain.groovy:75)
	at com.kms.katalon.core.keyword.builtin.CallTestCaseKeyword.callTestCase(CallTestCaseKeyword.groovy:81)
	at com.kms.katalon.core.keyword.builtin.CallTestCaseKeyword.execute(CallTestCaseKeyword.groovy:44)
	at com.kms.katalon.core.keyword.internal.KeywordExecutor.executeKeywordForPlatform(KeywordExecutor.groovy:74)
	at com.kms.katalon.core.keyword.BuiltinKeywords.callTestCase(BuiltinKeywords.groovy:310)
	at java.base/jdk.internal.reflect.NativeMethodAccessorImpl.invoke0(Native Method)
	at java.base/jdk.internal.reflect.NativeMethodAccessorImpl.invoke(NativeMethodAccessorImpl.java:77)
	at java.base/jdk.internal.reflect.DelegatingMethodAccessorImpl.invoke(DelegatingMethodAccessorImpl.java:43)
	at Register Education Candidate.run(Register Education Candidate:150)
	at com.kms.katalon.core.main.ScriptEngine.run(ScriptEngine.java:194)
	at com.kms.katalon.core.main.ScriptEngine.runScriptAsRawText(ScriptEngine.java:119)
	at com.kms.katalon.core.main.TestCaseExecutor.runScript(TestCaseExecutor.java:448)
	at com.kms.katalon.core.main.TestCaseExecutor.doExecute(TestCaseExecutor.java:439)
	at com.kms.katalon.core.main.TestCaseExecutor.processExecutionPhase(TestCaseExecutor.java:418)
	at com.kms.katalon.core.main.TestCaseExecutor.accessMainPhase(TestCaseExecutor.java:410)
	at com.kms.katalon.core.main.TestCaseExecutor.execute(TestCaseExecutor.java:285)
	at com.kms.katalon.core.common.CommonExecutor.accessTestCaseMainPhase(CommonExecutor.java:65)
	at com.kms.katalon.core.main.TestSuiteExecutor.accessTestSuiteMainPhase(TestSuiteExecutor.java:150)
	at com.kms.katalon.core.main.TestSuiteExecutor.execute(TestSuiteExecutor.java:106)
	at com.kms.katalon.core.main.TestCaseMain.startTestSuite(TestCaseMain.java:180)
	at TempTestSuite1740698290489.run(TempTestSuite1740698290489.groovy:35)
	at java.base/jdk.internal.reflect.NativeMethodAccessorImpl.invoke0(Native Method)
	at java.base/jdk.internal.reflect.NativeMethodAccessorImpl.invoke(NativeMethodAccessorImpl.java:77)
	at java.base/jdk.internal.reflect.DelegatingMethodAccessorImpl.invoke(DelegatingMethodAccessorImpl.java:43)
)

27-02-2025T17:18:56 - [MESSAGE][WARNING] - Text 'The phone number field is required.' is not present on page  (Root cause: com.kms.katalon.core.exception.StepFailedException: Text 'The phone number field is required.' is not present on page 
	at com.kms.katalon.core.webui.keyword.internal.WebUIKeywordMain.stepFailed(WebUIKeywordMain.groovy:117)
	at com.kms.katalon.core.webui.keyword.builtin.VerifyTextPresentKeyword$_verifyTextPresent_closure1.doCall(VerifyTextPresentKeyword.groovy:79)
	at com.kms.katalon.core.webui.keyword.builtin.VerifyTextPresentKeyword$_verifyTextPresent_closure1.call(VerifyTextPresentKeyword.groovy)
	at com.kms.katalon.core.webui.keyword.internal.WebUIKeywordMain.runKeyword(WebUIKeywordMain.groovy:35)
	at com.kms.katalon.core.webui.keyword.builtin.VerifyTextPresentKeyword.verifyTextPresent(VerifyTextPresentKeyword.groovy:83)
	at com.kms.katalon.core.webui.keyword.builtin.VerifyTextPresentKeyword.execute(VerifyTextPresentKeyword.groovy:68)
	at com.kms.katalon.core.keyword.internal.KeywordExecutor.executeKeywordForPlatform(KeywordExecutor.groovy:74)
	at com.kms.katalon.core.webui.keyword.WebUiBuiltInKeywords.verifyTextPresent(WebUiBuiltInKeywords.groovy:1746)
	at Test Field Error Messages.run(Test Field Error Messages:40)
	at com.kms.katalon.core.main.ScriptEngine.run(ScriptEngine.java:194)
	at com.kms.katalon.core.main.ScriptEngine.runScriptAsRawText(ScriptEngine.java:119)
	at com.kms.katalon.core.main.TestCaseExecutor.runScript(TestCaseExecutor.java:448)
	at com.kms.katalon.core.main.TestCaseExecutor.doExecute(TestCaseExecutor.java:439)
	at com.kms.katalon.core.main.TestCaseExecutor.processExecutionPhase(TestCaseExecutor.java:418)
	at com.kms.katalon.core.main.TestCaseExecutor.accessMainPhase(TestCaseExecutor.java:410)
	at com.kms.katalon.core.main.TestCaseExecutor.execute(TestCaseExecutor.java:285)
	at com.kms.katalon.core.main.TestCaseMain.runTestCase(TestCaseMain.java:137)
	at com.kms.katalon.core.keyword.builtin.CallTestCaseKeyword$_callTestCase_closure1.doCall(CallTestCaseKeyword.groovy:59)
	at com.kms.katalon.core.keyword.builtin.CallTestCaseKeyword$_callTestCase_closure1.call(CallTestCaseKeyword.groovy)
	at com.kms.katalon.core.keyword.internal.KeywordMain.runKeyword(KeywordMain.groovy:75)
	at com.kms.katalon.core.keyword.builtin.CallTestCaseKeyword.callTestCase(CallTestCaseKeyword.groovy:81)
	at com.kms.katalon.core.keyword.builtin.CallTestCaseKeyword.execute(CallTestCaseKeyword.groovy:44)
	at com.kms.katalon.core.keyword.internal.KeywordExecutor.executeKeywordForPlatform(KeywordExecutor.groovy:74)
	at com.kms.katalon.core.keyword.BuiltinKeywords.callTestCase(BuiltinKeywords.groovy:310)
	at java.base/jdk.internal.reflect.NativeMethodAccessorImpl.invoke0(Native Method)
	at java.base/jdk.internal.reflect.NativeMethodAccessorImpl.invoke(NativeMethodAccessorImpl.java:77)
	at java.base/jdk.internal.reflect.DelegatingMethodAccessorImpl.invoke(DelegatingMethodAccessorImpl.java:43)
	at Register Education Candidate.run(Register Education Candidate:150)
	at com.kms.katalon.core.main.ScriptEngine.run(ScriptEngine.java:194)
	at com.kms.katalon.core.main.ScriptEngine.runScriptAsRawText(ScriptEngine.java:119)
	at com.kms.katalon.core.main.TestCaseExecutor.runScript(TestCaseExecutor.java:448)
	at com.kms.katalon.core.main.TestCaseExecutor.doExecute(TestCaseExecutor.java:439)
	at com.kms.katalon.core.main.TestCaseExecutor.processExecutionPhase(TestCaseExecutor.java:418)
	at com.kms.katalon.core.main.TestCaseExecutor.accessMainPhase(TestCaseExecutor.java:410)
	at com.kms.katalon.core.main.TestCaseExecutor.execute(TestCaseExecutor.java:285)
	at com.kms.katalon.core.common.CommonExecutor.accessTestCaseMainPhase(CommonExecutor.java:65)
	at com.kms.katalon.core.main.TestSuiteExecutor.accessTestSuiteMainPhase(TestSuiteExecutor.java:150)
	at com.kms.katalon.core.main.TestSuiteExecutor.execute(TestSuiteExecutor.java:106)
	at com.kms.katalon.core.main.TestCaseMain.startTestSuite(TestCaseMain.java:180)
	at TempTestSuite1740698290489.run(TempTestSuite1740698290489.groovy:35)
	at java.base/jdk.internal.reflect.NativeMethodAccessorImpl.invoke0(Native Method)
	at java.base/jdk.internal.reflect.NativeMethodAccessorImpl.invoke(NativeMethodAccessorImpl.java:77)
	at java.base/jdk.internal.reflect.DelegatingMethodAccessorImpl.invoke(DelegatingMethodAccessorImpl.java:43)
)

27-02-2025T17:18:56 - [TEST_STEP][PASSED] - println(field + ":" + msg): null

27-02-2025T17:18:56 - [TEST_STEP][PASSED] - if (!(msg)): null

27-02-2025T17:18:56 - [TEST_STEP][PASSED] - outText = "--- The expected error message "" + errorMsg + "" for field " + field + " was not found.": null

27-02-2025T17:18:56 - [TEST_STEP][PASSED] - println(outText): null

27-02-2025T17:18:56 - [TEST_STEP][PASSED] - outFile.append(outText + "
"): null

27-02-2025T17:18:56 - [TEST_STEP][PASSED] - errorMsg = requiredFieldMsgs.get(field): null

27-02-2025T17:18:56 - [TEST_STEP][PASSED] - msg = verifyTextPresent(errorMsg, false, OPTIONAL): Text 'The terms and conditions field is required.' is present on page 

27-02-2025T17:18:56 - [MESSAGE][PASSED] - Text 'The terms and conditions field is required.' is present on page 

27-02-2025T17:18:56 - [TEST_STEP][PASSED] - println(field + ":" + msg): null

27-02-2025T17:18:56 - [TEST_STEP][PASSED] - if (!(msg)): null

27-02-2025T17:18:56 - [TEST_STEP][PASSED] - delay(fieldTestDelay): Delayed 0 second(s)

27-02-2025T17:18:56 - [MESSAGE][PASSED] - Delayed 0 second(s)

27-02-2025T17:18:56 - [MESSAGE][PASSED] - Call Test Case 'Test Cases/_Functions/Test Field Error Messages' successfully

27-02-2025T17:18:56 - [TEST_STEP][PASSED] - object = "Education Candidate Profile/Register/input_Password": null

27-02-2025T17:18:56 - [TEST_STEP][PASSED] - callTestCase(findTestCase("_Functions/Perform Action"), ["varAction":"setEncryptedText", "varObject":object, "varParm1":password], STOP_ON_FAILURE): Call Test Case 'Test Cases/_Functions/Perform Action' successfully

27-02-2025T17:18:56 - [TEST_CASE][PASSED] - Test Cases/_Functions/Perform Action: Test Cases/_Functions/Perform Action

27-02-2025T17:18:56 - [TEST_STEP][PASSED] - action = varAction: null

27-02-2025T17:18:56 - [TEST_STEP][PASSED] - println(action): null

27-02-2025T17:18:56 - [TEST_STEP][PASSED] - testObject = varObject: null

27-02-2025T17:18:56 - [TEST_STEP][PASSED] - println(testObject): null

27-02-2025T17:18:56 - [TEST_STEP][PASSED] - parm1 = varParm1: null

27-02-2025T17:18:56 - [TEST_STEP][PASSED] - println(parm1): null

27-02-2025T17:18:56 - [TEST_STEP][PASSED] - println("Converting " + testObject + " to web element"): null

27-02-2025T17:18:56 - [TEST_STEP][PASSED] - element = findWebElement(findTestObject(testObject), 1): null

27-02-2025T17:18:56 - [TEST_STEP][PASSED] - loc = element.getLocation(): null

27-02-2025T17:18:56 - [TEST_STEP][PASSED] - y = loc.getY(): null

27-02-2025T17:18:56 - [TEST_STEP][PASSED] - println("Y location is " + y): null

27-02-2025T17:18:56 - [TEST_STEP][PASSED] - top = getViewportTopPosition(): Current viewport's top (y) position is 0

27-02-2025T17:18:56 - [MESSAGE][PASSED] - Current viewport's top (y) position is 0

27-02-2025T17:18:56 - [TEST_STEP][PASSED] - println("Viewport top is " + top): null

27-02-2025T17:18:56 - [TEST_STEP][PASSED] - bottom = top + 600: null

27-02-2025T17:18:56 - [TEST_STEP][PASSED] - if (y - top < 150 || bottom - y < 10): null

27-02-2025T17:18:56 - [TEST_STEP][PASSED] - if (action == "click"): null

27-02-2025T17:18:56 - [TEST_STEP][PASSED] - else if (action == "selectOptionByValue"): null

27-02-2025T17:18:56 - [TEST_STEP][PASSED] - else if (action == "setText"): null

27-02-2025T17:18:56 - [TEST_STEP][PASSED] - else if (action == "setEncryptedText"): Text ****** has been set on object 'Object Repository/Education Candidate Profile/Register/input_Password'

27-02-2025T17:18:56 - [TEST_STEP][PASSED] - println("Setting encrypted text " + parm1): null

27-02-2025T17:18:56 - [TEST_STEP][PASSED] - setEncryptedText(findTestObject(testObject), parm1): Text ****** has been set on object 'Object Repository/Education Candidate Profile/Register/input_Password'

27-02-2025T17:18:56 - [MESSAGE][PASSED] - Text ****** has been set on object 'Object Repository/Education Candidate Profile/Register/input_Password'

27-02-2025T17:18:56 - [MESSAGE][PASSED] - Call Test Case 'Test Cases/_Functions/Perform Action' successfully

27-02-2025T17:18:56 - [TEST_STEP][PASSED] - object = "Education Candidate Profile/Register/input_First Name": null

27-02-2025T17:18:56 - [TEST_STEP][PASSED] - callTestCase(findTestCase("_Functions/Perform Action"), ["varAction":"setText", "varObject":object, "varParm1":username], STOP_ON_FAILURE): Call Test Case 'Test Cases/_Functions/Perform Action' successfully

27-02-2025T17:18:56 - [TEST_CASE][PASSED] - Test Cases/_Functions/Perform Action: Test Cases/_Functions/Perform Action

27-02-2025T17:18:56 - [TEST_STEP][PASSED] - action = varAction: null

27-02-2025T17:18:56 - [TEST_STEP][PASSED] - println(action): null

27-02-2025T17:18:56 - [TEST_STEP][PASSED] - testObject = varObject: null

27-02-2025T17:18:56 - [TEST_STEP][PASSED] - println(testObject): null

27-02-2025T17:18:56 - [TEST_STEP][PASSED] - parm1 = varParm1: null

27-02-2025T17:18:56 - [TEST_STEP][PASSED] - println(parm1): null

27-02-2025T17:18:56 - [TEST_STEP][PASSED] - println("Converting " + testObject + " to web element"): null

27-02-2025T17:18:56 - [TEST_STEP][PASSED] - element = findWebElement(findTestObject(testObject), 1): null

27-02-2025T17:18:56 - [TEST_STEP][PASSED] - loc = element.getLocation(): null

27-02-2025T17:18:56 - [TEST_STEP][PASSED] - y = loc.getY(): null

27-02-2025T17:18:56 - [TEST_STEP][PASSED] - println("Y location is " + y): null

27-02-2025T17:18:56 - [TEST_STEP][PASSED] - top = getViewportTopPosition(): Current viewport's top (y) position is 0

27-02-2025T17:18:56 - [MESSAGE][PASSED] - Current viewport's top (y) position is 0

27-02-2025T17:18:56 - [TEST_STEP][PASSED] - println("Viewport top is " + top): null

27-02-2025T17:18:56 - [TEST_STEP][PASSED] - bottom = top + 600: null

27-02-2025T17:18:56 - [TEST_STEP][PASSED] - if (y - top < 150 || bottom - y < 10): Delayed 1 second(s)

27-02-2025T17:18:56 - [TEST_STEP][PASSED] - scrollToPosition(0, y - 150): Browser is scrolled to position x = 0, y = 469

27-02-2025T17:18:56 - [MESSAGE][PASSED] - Browser is scrolled to position x = 0, y = 469

27-02-2025T17:18:56 - [TEST_STEP][PASSED] - delay(1): Delayed 1 second(s)

27-02-2025T17:18:57 - [MESSAGE][PASSED] - Delayed 1 second(s)

27-02-2025T17:18:57 - [TEST_STEP][PASSED] - if (action == "click"): null

27-02-2025T17:18:57 - [TEST_STEP][PASSED] - else if (action == "selectOptionByValue"): null

27-02-2025T17:18:57 - [TEST_STEP][PASSED] - else if (action == "setText"): Text 'cktest04ec' is set on object 'Object Repository/Education Candidate Profile/Register/input_First Name'

27-02-2025T17:18:57 - [TEST_STEP][PASSED] - println("Setting text " + parm1): null

27-02-2025T17:18:57 - [TEST_STEP][PASSED] - setText(findTestObject(testObject), parm1): Text 'cktest04ec' is set on object 'Object Repository/Education Candidate Profile/Register/input_First Name'

27-02-2025T17:18:57 - [MESSAGE][PASSED] - Text 'cktest04ec' is set on object 'Object Repository/Education Candidate Profile/Register/input_First Name'

27-02-2025T17:18:57 - [MESSAGE][PASSED] - Call Test Case 'Test Cases/_Functions/Perform Action' successfully

27-02-2025T17:18:57 - [TEST_STEP][PASSED] - object = "Education Candidate Profile/Register/input_Last Name": null

27-02-2025T17:18:57 - [TEST_STEP][PASSED] - callTestCase(findTestCase("_Functions/Perform Action"), ["varAction":"setText", "varObject":object, "varParm1":last_name], STOP_ON_FAILURE): Call Test Case 'Test Cases/_Functions/Perform Action' successfully

27-02-2025T17:18:57 - [TEST_CASE][PASSED] - Test Cases/_Functions/Perform Action: Test Cases/_Functions/Perform Action

27-02-2025T17:18:57 - [TEST_STEP][PASSED] - action = varAction: null

27-02-2025T17:18:57 - [TEST_STEP][PASSED] - println(action): null

27-02-2025T17:18:57 - [TEST_STEP][PASSED] - testObject = varObject: null

27-02-2025T17:18:57 - [TEST_STEP][PASSED] - println(testObject): null

27-02-2025T17:18:57 - [TEST_STEP][PASSED] - parm1 = varParm1: null

27-02-2025T17:18:57 - [TEST_STEP][PASSED] - println(parm1): null

27-02-2025T17:18:57 - [TEST_STEP][PASSED] - println("Converting " + testObject + " to web element"): null

27-02-2025T17:18:57 - [TEST_STEP][PASSED] - element = findWebElement(findTestObject(testObject), 1): null

27-02-2025T17:18:57 - [TEST_STEP][PASSED] - loc = element.getLocation(): null

27-02-2025T17:18:57 - [TEST_STEP][PASSED] - y = loc.getY(): null

27-02-2025T17:18:57 - [TEST_STEP][PASSED] - println("Y location is " + y): null

27-02-2025T17:18:57 - [TEST_STEP][PASSED] - top = getViewportTopPosition(): Current viewport's top (y) position is 469

27-02-2025T17:18:57 - [MESSAGE][PASSED] - Current viewport's top (y) position is 469

27-02-2025T17:18:57 - [TEST_STEP][PASSED] - println("Viewport top is " + top): null

27-02-2025T17:18:57 - [TEST_STEP][PASSED] - bottom = top + 600: null

27-02-2025T17:18:57 - [TEST_STEP][PASSED] - if (y - top < 150 || bottom - y < 10): null

27-02-2025T17:18:57 - [TEST_STEP][PASSED] - if (action == "click"): null

27-02-2025T17:18:57 - [TEST_STEP][PASSED] - else if (action == "selectOptionByValue"): null

27-02-2025T17:18:57 - [TEST_STEP][PASSED] - else if (action == "setText"): Text 'Kosieracki' is set on object 'Object Repository/Education Candidate Profile/Register/input_Last Name'

27-02-2025T17:18:57 - [TEST_STEP][PASSED] - println("Setting text " + parm1): null

27-02-2025T17:18:57 - [TEST_STEP][PASSED] - setText(findTestObject(testObject), parm1): Text 'Kosieracki' is set on object 'Object Repository/Education Candidate Profile/Register/input_Last Name'

27-02-2025T17:18:57 - [MESSAGE][PASSED] - Text 'Kosieracki' is set on object 'Object Repository/Education Candidate Profile/Register/input_Last Name'

27-02-2025T17:18:57 - [MESSAGE][PASSED] - Call Test Case 'Test Cases/_Functions/Perform Action' successfully

27-02-2025T17:18:57 - [TEST_STEP][PASSED] - object = "Education Candidate Profile/Register/select_Country": null

27-02-2025T17:18:57 - [TEST_STEP][PASSED] - callTestCase(findTestCase("_Functions/Perform Action"), ["varAction":"selectOptionByValue", "varObject":object, "varParm1":country], STOP_ON_FAILURE): Call Test Case 'Test Cases/_Functions/Perform Action' successfully

27-02-2025T17:18:57 - [TEST_CASE][PASSED] - Test Cases/_Functions/Perform Action: Test Cases/_Functions/Perform Action

27-02-2025T17:18:57 - [TEST_STEP][PASSED] - action = varAction: null

27-02-2025T17:18:57 - [TEST_STEP][PASSED] - println(action): null

27-02-2025T17:18:57 - [TEST_STEP][PASSED] - testObject = varObject: null

27-02-2025T17:18:57 - [TEST_STEP][PASSED] - println(testObject): null

27-02-2025T17:18:57 - [TEST_STEP][PASSED] - parm1 = varParm1: null

27-02-2025T17:18:57 - [TEST_STEP][PASSED] - println(parm1): null

27-02-2025T17:18:57 - [TEST_STEP][PASSED] - println("Converting " + testObject + " to web element"): null

27-02-2025T17:18:57 - [TEST_STEP][PASSED] - element = findWebElement(findTestObject(testObject), 1): null

27-02-2025T17:18:57 - [TEST_STEP][PASSED] - loc = element.getLocation(): null

27-02-2025T17:18:57 - [TEST_STEP][PASSED] - y = loc.getY(): null

27-02-2025T17:18:57 - [TEST_STEP][PASSED] - println("Y location is " + y): null

27-02-2025T17:18:57 - [TEST_STEP][PASSED] - top = getViewportTopPosition(): Current viewport's top (y) position is 469

27-02-2025T17:18:57 - [MESSAGE][PASSED] - Current viewport's top (y) position is 469

27-02-2025T17:18:57 - [TEST_STEP][PASSED] - println("Viewport top is " + top): null

27-02-2025T17:18:57 - [TEST_STEP][PASSED] - bottom = top + 600: null

27-02-2025T17:18:57 - [TEST_STEP][PASSED] - if (y - top < 150 || bottom - y < 10): null

27-02-2025T17:18:57 - [TEST_STEP][PASSED] - if (action == "click"): null

27-02-2025T17:18:57 - [TEST_STEP][PASSED] - else if (action == "selectOptionByValue"): All options with value 'United States' are selected in object 'Object Repository/Education Candidate Profile/Register/select_Country' 

27-02-2025T17:18:57 - [TEST_STEP][PASSED] - println("Selecting " + parm1): null

27-02-2025T17:18:57 - [TEST_STEP][PASSED] - selectOptionByValue(findTestObject(testObject), parm1, false): All options with value 'United States' are selected in object 'Object Repository/Education Candidate Profile/Register/select_Country' 

27-02-2025T17:18:57 - [MESSAGE][PASSED] - All options with value 'United States' are selected in object 'Object Repository/Education Candidate Profile/Register/select_Country' 

27-02-2025T17:18:57 - [MESSAGE][PASSED] - Call Test Case 'Test Cases/_Functions/Perform Action' successfully

27-02-2025T17:18:57 - [TEST_STEP][PASSED] - object = "Education Candidate Profile/Register/input_Best Phone Number": null

27-02-2025T17:18:57 - [TEST_STEP][PASSED] - callTestCase(findTestCase("_Functions/Perform Action"), ["varAction":"setText", "varObject":object, "varParm1":phone_number], STOP_ON_FAILURE): Call Test Case 'Test Cases/_Functions/Perform Action' successfully

27-02-2025T17:18:57 - [TEST_CASE][PASSED] - Test Cases/_Functions/Perform Action: Test Cases/_Functions/Perform Action

27-02-2025T17:18:57 - [TEST_STEP][PASSED] - action = varAction: null

27-02-2025T17:18:57 - [TEST_STEP][PASSED] - println(action): null

27-02-2025T17:18:57 - [TEST_STEP][PASSED] - testObject = varObject: null

27-02-2025T17:18:57 - [TEST_STEP][PASSED] - println(testObject): null

27-02-2025T17:18:57 - [TEST_STEP][PASSED] - parm1 = varParm1: null

27-02-2025T17:18:57 - [TEST_STEP][PASSED] - println(parm1): null

27-02-2025T17:18:57 - [TEST_STEP][PASSED] - println("Converting " + testObject + " to web element"): null

27-02-2025T17:18:57 - [TEST_STEP][PASSED] - element = findWebElement(findTestObject(testObject), 1): null

27-02-2025T17:18:57 - [TEST_STEP][PASSED] - loc = element.getLocation(): null

27-02-2025T17:18:57 - [TEST_STEP][PASSED] - y = loc.getY(): null

27-02-2025T17:18:57 - [TEST_STEP][PASSED] - println("Y location is " + y): null

27-02-2025T17:18:57 - [TEST_STEP][PASSED] - top = getViewportTopPosition(): Current viewport's top (y) position is 469

27-02-2025T17:18:57 - [MESSAGE][PASSED] - Current viewport's top (y) position is 469

27-02-2025T17:18:57 - [TEST_STEP][PASSED] - println("Viewport top is " + top): null

27-02-2025T17:18:57 - [TEST_STEP][PASSED] - bottom = top + 600: null

27-02-2025T17:18:57 - [TEST_STEP][PASSED] - if (y - top < 150 || bottom - y < 10): null

27-02-2025T17:18:57 - [TEST_STEP][PASSED] - if (action == "click"): null

27-02-2025T17:18:57 - [TEST_STEP][PASSED] - else if (action == "selectOptionByValue"): null

27-02-2025T17:18:57 - [TEST_STEP][PASSED] - else if (action == "setText"): Text '952-442-1703' is set on object 'Object Repository/Education Candidate Profile/Register/input_Best Phone Number'

27-02-2025T17:18:57 - [TEST_STEP][PASSED] - println("Setting text " + parm1): null

27-02-2025T17:18:57 - [TEST_STEP][PASSED] - setText(findTestObject(testObject), parm1): Text '952-442-1703' is set on object 'Object Repository/Education Candidate Profile/Register/input_Best Phone Number'

27-02-2025T17:18:57 - [MESSAGE][PASSED] - Text '952-442-1703' is set on object 'Object Repository/Education Candidate Profile/Register/input_Best Phone Number'

27-02-2025T17:18:57 - [MESSAGE][PASSED] - Call Test Case 'Test Cases/_Functions/Perform Action' successfully

27-02-2025T17:18:57 - [TEST_STEP][PASSED] - if (prefer_text): Call Test Case 'Test Cases/_Functions/Perform Action' successfully

27-02-2025T17:18:57 - [TEST_STEP][PASSED] - object = "Education Candidate Profile/Register/checkbox_Prefer Text Message": null

27-02-2025T17:18:57 - [TEST_STEP][PASSED] - callTestCase(findTestCase("_Functions/Perform Action"), ["varAction":"click", "varObject":object], STOP_ON_FAILURE): Call Test Case 'Test Cases/_Functions/Perform Action' successfully

27-02-2025T17:18:57 - [TEST_CASE][PASSED] - Test Cases/_Functions/Perform Action: Test Cases/_Functions/Perform Action

27-02-2025T17:18:57 - [TEST_STEP][PASSED] - action = varAction: null

27-02-2025T17:18:57 - [TEST_STEP][PASSED] - println(action): null

27-02-2025T17:18:57 - [TEST_STEP][PASSED] - testObject = varObject: null

27-02-2025T17:18:57 - [TEST_STEP][PASSED] - println(testObject): null

27-02-2025T17:18:57 - [TEST_STEP][PASSED] - parm1 = varParm1: null

27-02-2025T17:18:57 - [TEST_STEP][PASSED] - println(parm1): null

27-02-2025T17:18:57 - [TEST_STEP][PASSED] - println("Converting " + testObject + " to web element"): null

27-02-2025T17:18:57 - [TEST_STEP][PASSED] - element = findWebElement(findTestObject(testObject), 1): null

27-02-2025T17:18:57 - [TEST_STEP][PASSED] - loc = element.getLocation(): null

27-02-2025T17:18:57 - [TEST_STEP][PASSED] - y = loc.getY(): null

27-02-2025T17:18:57 - [TEST_STEP][PASSED] - println("Y location is " + y): null

27-02-2025T17:18:57 - [TEST_STEP][PASSED] - top = getViewportTopPosition(): Current viewport's top (y) position is 469

27-02-2025T17:18:58 - [MESSAGE][PASSED] - Current viewport's top (y) position is 469

27-02-2025T17:18:58 - [TEST_STEP][PASSED] - println("Viewport top is " + top): null

27-02-2025T17:18:58 - [TEST_STEP][PASSED] - bottom = top + 600: null

27-02-2025T17:18:58 - [TEST_STEP][PASSED] - if (y - top < 150 || bottom - y < 10): null

27-02-2025T17:18:58 - [TEST_STEP][PASSED] - if (action == "click"): Object: 'Object Repository/Education Candidate Profile/Register/checkbox_Prefer Text Message' is clicked on

27-02-2025T17:18:58 - [TEST_STEP][PASSED] - println("clicking"): null

27-02-2025T17:18:58 - [TEST_STEP][PASSED] - click(findTestObject(testObject)): Object: 'Object Repository/Education Candidate Profile/Register/checkbox_Prefer Text Message' is clicked on

27-02-2025T17:18:58 - [MESSAGE][PASSED] - Object: 'Object Repository/Education Candidate Profile/Register/checkbox_Prefer Text Message' is clicked on

27-02-2025T17:18:58 - [MESSAGE][PASSED] - Call Test Case 'Test Cases/_Functions/Perform Action' successfully

27-02-2025T17:18:58 - [TEST_STEP][PASSED] - object = "Education Candidate Profile/Register/select_Learn About Us": null

27-02-2025T17:18:58 - [TEST_STEP][PASSED] - callTestCase(findTestCase("_Functions/Perform Action"), ["varAction":"selectOptionByValue", "varObject":object, "varParm1":learn_about], STOP_ON_FAILURE): Call Test Case 'Test Cases/_Functions/Perform Action' successfully

27-02-2025T17:18:58 - [TEST_CASE][PASSED] - Test Cases/_Functions/Perform Action: Test Cases/_Functions/Perform Action

27-02-2025T17:18:58 - [TEST_STEP][PASSED] - action = varAction: null

27-02-2025T17:18:58 - [TEST_STEP][PASSED] - println(action): null

27-02-2025T17:18:58 - [TEST_STEP][PASSED] - testObject = varObject: null

27-02-2025T17:18:58 - [TEST_STEP][PASSED] - println(testObject): null

27-02-2025T17:18:58 - [TEST_STEP][PASSED] - parm1 = varParm1: null

27-02-2025T17:18:58 - [TEST_STEP][PASSED] - println(parm1): null

27-02-2025T17:18:58 - [TEST_STEP][PASSED] - println("Converting " + testObject + " to web element"): null

27-02-2025T17:18:58 - [TEST_STEP][PASSED] - element = findWebElement(findTestObject(testObject), 1): null

27-02-2025T17:18:58 - [TEST_STEP][PASSED] - loc = element.getLocation(): null

27-02-2025T17:18:58 - [TEST_STEP][PASSED] - y = loc.getY(): null

27-02-2025T17:18:58 - [TEST_STEP][PASSED] - println("Y location is " + y): null

27-02-2025T17:18:58 - [TEST_STEP][PASSED] - top = getViewportTopPosition(): Current viewport's top (y) position is 469

27-02-2025T17:18:58 - [MESSAGE][PASSED] - Current viewport's top (y) position is 469

27-02-2025T17:18:58 - [TEST_STEP][PASSED] - println("Viewport top is " + top): null

27-02-2025T17:18:58 - [TEST_STEP][PASSED] - bottom = top + 600: null

27-02-2025T17:18:58 - [TEST_STEP][PASSED] - if (y - top < 150 || bottom - y < 10): null

27-02-2025T17:18:58 - [TEST_STEP][PASSED] - if (action == "click"): null

27-02-2025T17:18:58 - [TEST_STEP][PASSED] - else if (action == "selectOptionByValue"): All options with value 'Not sure' are selected in object 'Object Repository/Education Candidate Profile/Register/select_Learn About Us' 

27-02-2025T17:18:58 - [TEST_STEP][PASSED] - println("Selecting " + parm1): null

27-02-2025T17:18:58 - [TEST_STEP][PASSED] - selectOptionByValue(findTestObject(testObject), parm1, false): All options with value 'Not sure' are selected in object 'Object Repository/Education Candidate Profile/Register/select_Learn About Us' 

27-02-2025T17:18:58 - [MESSAGE][PASSED] - All options with value 'Not sure' are selected in object 'Object Repository/Education Candidate Profile/Register/select_Learn About Us' 

27-02-2025T17:18:58 - [MESSAGE][PASSED] - Call Test Case 'Test Cases/_Functions/Perform Action' successfully

27-02-2025T17:18:58 - [TEST_STEP][PASSED] - object = "Education Candidate Profile/Register/textarea_Other Comment": null

27-02-2025T17:18:58 - [TEST_STEP][PASSED] - callTestCase(findTestCase("_Functions/Perform Action"), ["varAction":"setText", "varObject":object, "varParm1":other_comment], STOP_ON_FAILURE): Call Test Case 'Test Cases/_Functions/Perform Action' successfully

27-02-2025T17:18:58 - [TEST_CASE][PASSED] - Test Cases/_Functions/Perform Action: Test Cases/_Functions/Perform Action

27-02-2025T17:18:58 - [TEST_STEP][PASSED] - action = varAction: null

27-02-2025T17:18:58 - [TEST_STEP][PASSED] - println(action): null

27-02-2025T17:18:58 - [TEST_STEP][PASSED] - testObject = varObject: null

27-02-2025T17:18:58 - [TEST_STEP][PASSED] - println(testObject): null

27-02-2025T17:18:58 - [TEST_STEP][PASSED] - parm1 = varParm1: null

27-02-2025T17:18:58 - [TEST_STEP][PASSED] - println(parm1): null

27-02-2025T17:18:58 - [TEST_STEP][PASSED] - println("Converting " + testObject + " to web element"): null

27-02-2025T17:18:58 - [TEST_STEP][PASSED] - element = findWebElement(findTestObject(testObject), 1): null

27-02-2025T17:18:58 - [TEST_STEP][PASSED] - loc = element.getLocation(): null

27-02-2025T17:18:58 - [TEST_STEP][PASSED] - y = loc.getY(): null

27-02-2025T17:18:58 - [TEST_STEP][PASSED] - println("Y location is " + y): null

27-02-2025T17:18:58 - [TEST_STEP][PASSED] - top = getViewportTopPosition(): Current viewport's top (y) position is 469

27-02-2025T17:18:58 - [MESSAGE][PASSED] - Current viewport's top (y) position is 469

27-02-2025T17:18:58 - [TEST_STEP][PASSED] - println("Viewport top is " + top): null

27-02-2025T17:18:58 - [TEST_STEP][PASSED] - bottom = top + 600: null

27-02-2025T17:18:58 - [TEST_STEP][PASSED] - if (y - top < 150 || bottom - y < 10): null

27-02-2025T17:18:58 - [TEST_STEP][PASSED] - if (action == "click"): null

27-02-2025T17:18:58 - [TEST_STEP][PASSED] - else if (action == "selectOptionByValue"): null

27-02-2025T17:18:58 - [TEST_STEP][PASSED] - else if (action == "setText"): Text 'I am excited to be able to find a missions opportunity' is set on object 'Object Repository/Education Candidate Profile/Register/textarea_Other Comment'

27-02-2025T17:18:58 - [TEST_STEP][PASSED] - println("Setting text " + parm1): null

27-02-2025T17:18:58 - [TEST_STEP][PASSED] - setText(findTestObject(testObject), parm1): Text 'I am excited to be able to find a missions opportunity' is set on object 'Object Repository/Education Candidate Profile/Register/textarea_Other Comment'

27-02-2025T17:18:58 - [MESSAGE][PASSED] - Text 'I am excited to be able to find a missions opportunity' is set on object 'Object Repository/Education Candidate Profile/Register/textarea_Other Comment'

27-02-2025T17:18:58 - [MESSAGE][PASSED] - Call Test Case 'Test Cases/_Functions/Perform Action' successfully

27-02-2025T17:18:58 - [TEST_STEP][PASSED] - object = "Education Candidate Profile/Register/button_Sign up": null

27-02-2025T17:18:58 - [TEST_STEP][PASSED] - callTestCase(findTestCase("_Functions/Perform Action"), ["varAction":"click", "varObject":object], STOP_ON_FAILURE): Call Test Case 'Test Cases/_Functions/Perform Action' successfully

27-02-2025T17:18:58 - [TEST_CASE][PASSED] - Test Cases/_Functions/Perform Action: Test Cases/_Functions/Perform Action

27-02-2025T17:18:58 - [TEST_STEP][PASSED] - action = varAction: null

27-02-2025T17:18:58 - [TEST_STEP][PASSED] - println(action): null

27-02-2025T17:18:58 - [TEST_STEP][PASSED] - testObject = varObject: null

27-02-2025T17:18:58 - [TEST_STEP][PASSED] - println(testObject): null

27-02-2025T17:18:58 - [TEST_STEP][PASSED] - parm1 = varParm1: null

27-02-2025T17:18:58 - [TEST_STEP][PASSED] - println(parm1): null

27-02-2025T17:18:58 - [TEST_STEP][PASSED] - println("Converting " + testObject + " to web element"): null

27-02-2025T17:18:58 - [TEST_STEP][PASSED] - element = findWebElement(findTestObject(testObject), 1): null

27-02-2025T17:18:58 - [TEST_STEP][PASSED] - loc = element.getLocation(): null

27-02-2025T17:18:58 - [TEST_STEP][PASSED] - y = loc.getY(): null

27-02-2025T17:18:58 - [TEST_STEP][PASSED] - println("Y location is " + y): null

27-02-2025T17:18:58 - [TEST_STEP][PASSED] - top = getViewportTopPosition(): Current viewport's top (y) position is 469

27-02-2025T17:18:58 - [MESSAGE][PASSED] - Current viewport's top (y) position is 469

27-02-2025T17:18:58 - [TEST_STEP][PASSED] - println("Viewport top is " + top): null

27-02-2025T17:18:58 - [TEST_STEP][PASSED] - bottom = top + 600: null

27-02-2025T17:18:58 - [TEST_STEP][PASSED] - if (y - top < 150 || bottom - y < 10): Delayed 1 second(s)

27-02-2025T17:18:58 - [TEST_STEP][PASSED] - scrollToPosition(0, y - 150): Browser is scrolled to position x = 0, y = 987

27-02-2025T17:18:58 - [MESSAGE][PASSED] - Browser is scrolled to position x = 0, y = 987

27-02-2025T17:18:58 - [TEST_STEP][PASSED] - delay(1): Delayed 1 second(s)

27-02-2025T17:18:59 - [MESSAGE][PASSED] - Delayed 1 second(s)

27-02-2025T17:18:59 - [TEST_STEP][PASSED] - if (action == "click"): Object: 'Object Repository/Education Candidate Profile/Register/button_Sign up' is clicked on

27-02-2025T17:18:59 - [TEST_STEP][PASSED] - println("clicking"): null

27-02-2025T17:18:59 - [TEST_STEP][PASSED] - click(findTestObject(testObject)): Object: 'Object Repository/Education Candidate Profile/Register/button_Sign up' is clicked on

27-02-2025T17:19:00 - [MESSAGE][PASSED] - Object: 'Object Repository/Education Candidate Profile/Register/button_Sign up' is clicked on

27-02-2025T17:19:00 - [MESSAGE][PASSED] - Call Test Case 'Test Cases/_Functions/Perform Action' successfully

27-02-2025T17:19:00 - [TEST_STEP][PASSED] - fieldList = ["Terms and Conditions"]: null

27-02-2025T17:19:00 - [TEST_STEP][PASSED] - callTestCase(findTestCase("_Functions/Test Field Error Messages"), ["varFieldList":fieldList, "varRequiredFieldMsgs":requiredFieldMsgs], STOP_ON_FAILURE): Call Test Case 'Test Cases/_Functions/Test Field Error Messages' successfully

27-02-2025T17:19:00 - [TEST_CASE][PASSED] - Test Cases/_Functions/Test Field Error Messages: Test Cases/_Functions/Test Field Error Messages

27-02-2025T17:19:00 - [TEST_STEP][PASSED] - count = callTestCase(findTestCase("_Functions/Find error messages"), ["varFunction":"count"], STOP_ON_FAILURE): Call Test Case 'Test Cases/_Functions/Find error messages' successfully

27-02-2025T17:19:01 - [TEST_CASE][PASSED] - Test Cases/_Functions/Find error messages: Test Cases/_Functions/Find error messages

27-02-2025T17:19:01 - [TEST_STEP][PASSED] - function = "count": null

27-02-2025T17:19:01 - [TEST_STEP][PASSED] - if (binding.hasVariable("varFunction")): null

27-02-2025T17:19:01 - [TEST_STEP][PASSED] - function = varFunction: null

27-02-2025T17:19:01 - [TEST_STEP][PASSED] - title = getWindowTitle(): Current window's title is: 'Education'

27-02-2025T17:19:01 - [MESSAGE][PASSED] - Current window's title is: 'Education'

27-02-2025T17:19:01 - [TEST_STEP][PASSED] - println("Page title is " + title): null

27-02-2025T17:19:01 - [TEST_STEP][PASSED] - driver = getWebDriver(): null

27-02-2025T17:19:01 - [TEST_STEP][PASSED] - elements = driver.findElements(By.xpath("//div[@class='col-sm-offset-3 col-sm-9 text-danger']")): null

27-02-2025T17:19:01 - [TEST_STEP][PASSED] - if (function == "count"): null

27-02-2025T17:19:01 - [TEST_STEP][PASSED] - return elements.size(): null

27-02-2025T17:19:01 - [MESSAGE][PASSED] - Call Test Case 'Test Cases/_Functions/Find error messages' successfully

27-02-2025T17:19:01 - [TEST_STEP][PASSED] - outFile = outFile: null

27-02-2025T17:19:01 - [TEST_STEP][PASSED] - if (count == 0): null

27-02-2025T17:19:01 - [TEST_STEP][PASSED] - else: Delayed 0 second(s)

27-02-2025T17:19:01 - [TEST_STEP][PASSED] - fieldList = varFieldList: null

27-02-2025T17:19:01 - [TEST_STEP][PASSED] - requiredFieldMsgs = varRequiredFieldMsgs: null

27-02-2025T17:19:01 - [TEST_STEP][PASSED] - outText = "Verifying error messages for fields " + fieldList: null

27-02-2025T17:19:01 - [TEST_STEP][PASSED] - for (def field : fieldList): null

27-02-2025T17:19:01 - [TEST_STEP][PASSED] - errorMsg = requiredFieldMsgs.get(field): null

27-02-2025T17:19:01 - [TEST_STEP][PASSED] - msg = verifyTextPresent(errorMsg, false, OPTIONAL): Text 'The terms and conditions field is required.' is present on page 

27-02-2025T17:19:01 - [MESSAGE][PASSED] - Text 'The terms and conditions field is required.' is present on page 

27-02-2025T17:19:01 - [TEST_STEP][PASSED] - println(field + ":" + msg): null

27-02-2025T17:19:01 - [TEST_STEP][PASSED] - if (!(msg)): null

27-02-2025T17:19:01 - [TEST_STEP][PASSED] - delay(fieldTestDelay): Delayed 0 second(s)

27-02-2025T17:19:01 - [MESSAGE][PASSED] - Delayed 0 second(s)

27-02-2025T17:19:01 - [MESSAGE][PASSED] - Call Test Case 'Test Cases/_Functions/Test Field Error Messages' successfully

27-02-2025T17:19:01 - [TEST_STEP][PASSED] - outText = "Verifying the links to other pages.
": null

27-02-2025T17:19:01 - [TEST_STEP][PASSED] - outFile.append(outText): null

27-02-2025T17:19:01 - [TEST_STEP][PASSED] - callTestCase(findTestCase("_Functions/Test External Links"), ["varPageLinks":pageLinks, "varObjectPath":"Object Repository/Education Partner Profile/Register/"], STOP_ON_FAILURE): Call Test Case 'Test Cases/_Functions/Test External Links' successfully

27-02-2025T17:19:01 - [TEST_CASE][PASSED] - Test Cases/_Functions/Test External Links: Test Cases/_Functions/Test External Links

27-02-2025T17:19:01 - [TEST_STEP][PASSED] - if (fastPath): null

27-02-2025T17:19:01 - [TEST_STEP][PASSED] - outFile = outFile: null

27-02-2025T17:19:01 - [TEST_STEP][PASSED] - pageLinks = varPageLinks: null

27-02-2025T17:19:01 - [TEST_STEP][PASSED] - println(pageLinks): null

27-02-2025T17:19:01 - [TEST_STEP][PASSED] - objectPath = varObjectPath: null

27-02-2025T17:19:01 - [TEST_STEP][PASSED] - println(objectPath): null

27-02-2025T17:19:01 - [TEST_STEP][PASSED] - callingTab = varCallingTab: null

27-02-2025T17:19:01 - [TEST_STEP][PASSED] - println(callingTab): null

27-02-2025T17:19:01 - [TEST_STEP][PASSED] - driver = getWebDriver(): null

27-02-2025T17:19:01 - [TEST_STEP][PASSED] - for (def it : pageLinks): Delayed 1 second(s)

27-02-2025T17:19:01 - [TEST_STEP][PASSED] - myElement = "a_" + key: null

27-02-2025T17:19:01 - [TEST_STEP][PASSED] - myText = value: null

27-02-2025T17:19:01 - [TEST_STEP][PASSED] - object = objectPath + myElement: null

27-02-2025T17:19:01 - [TEST_STEP][PASSED] - println(object): null

27-02-2025T17:19:01 - [TEST_STEP][PASSED] - fromURL = getUrl(): Current window's url is: 'https://education.missionnext.org/signup/candidate?doing_wp_cron=1740698312.7012770175933837890625'

27-02-2025T17:19:01 - [MESSAGE][PASSED] - Current window's url is: 'https://education.missionnext.org/signup/candidate?doing_wp_cron=1740698312.7012770175933837890625'

27-02-2025T17:19:01 - [TEST_STEP][PASSED] - callTestCase(findTestCase("_Functions/Perform Action"), ["varAction":"click", "varObject":object], OPTIONAL): Call Test Case 'Test Cases/_Functions/Perform Action' successfully

27-02-2025T17:19:01 - [TEST_CASE][PASSED] - Test Cases/_Functions/Perform Action: Test Cases/_Functions/Perform Action

27-02-2025T17:19:01 - [TEST_STEP][PASSED] - action = varAction: null

27-02-2025T17:19:01 - [TEST_STEP][PASSED] - println(action): null

27-02-2025T17:19:01 - [TEST_STEP][PASSED] - testObject = varObject: null

27-02-2025T17:19:01 - [TEST_STEP][PASSED] - println(testObject): null

27-02-2025T17:19:01 - [TEST_STEP][PASSED] - parm1 = varParm1: null

27-02-2025T17:19:01 - [TEST_STEP][PASSED] - println(parm1): null

27-02-2025T17:19:01 - [TEST_STEP][PASSED] - println("Converting " + testObject + " to web element"): null

27-02-2025T17:19:01 - [TEST_STEP][PASSED] - element = findWebElement(findTestObject(testObject), 1): null

27-02-2025T17:19:01 - [TEST_STEP][PASSED] - loc = element.getLocation(): null

27-02-2025T17:19:01 - [TEST_STEP][PASSED] - y = loc.getY(): null

27-02-2025T17:19:01 - [TEST_STEP][PASSED] - println("Y location is " + y): null

27-02-2025T17:19:01 - [TEST_STEP][PASSED] - top = getViewportTopPosition(): Current viewport's top (y) position is 0

27-02-2025T17:19:01 - [MESSAGE][PASSED] - Current viewport's top (y) position is 0

27-02-2025T17:19:01 - [TEST_STEP][PASSED] - println("Viewport top is " + top): null

27-02-2025T17:19:01 - [TEST_STEP][PASSED] - bottom = top + 600: null

27-02-2025T17:19:01 - [TEST_STEP][PASSED] - if (y - top < 150 || bottom - y < 10): Delayed 1 second(s)

27-02-2025T17:19:01 - [TEST_STEP][PASSED] - scrollToPosition(0, y - 150): Browser is scrolled to position x = 0, y = 851

27-02-2025T17:19:01 - [MESSAGE][PASSED] - Browser is scrolled to position x = 0, y = 851

27-02-2025T17:19:01 - [TEST_STEP][PASSED] - delay(1): Delayed 1 second(s)

27-02-2025T17:19:02 - [MESSAGE][PASSED] - Delayed 1 second(s)

27-02-2025T17:19:02 - [TEST_STEP][PASSED] - if (action == "click"): Object: 'Object Repository/Education Partner Profile/Register/a_Privacy Policy' is clicked on

27-02-2025T17:19:02 - [TEST_STEP][PASSED] - println("clicking"): null

27-02-2025T17:19:02 - [TEST_STEP][PASSED] - click(findTestObject(testObject)): Object: 'Object Repository/Education Partner Profile/Register/a_Privacy Policy' is clicked on

27-02-2025T17:19:02 - [MESSAGE][PASSED] - Object: 'Object Repository/Education Partner Profile/Register/a_Privacy Policy' is clicked on

27-02-2025T17:19:02 - [MESSAGE][PASSED] - Call Test Case 'Test Cases/_Functions/Perform Action' successfully

27-02-2025T17:19:02 - [TEST_STEP][PASSED] - toURL = getUrl(): Current window's url is: 'https://education.missionnext.org/signup/candidate?doing_wp_cron=1740698312.7012770175933837890625'

27-02-2025T17:19:02 - [MESSAGE][PASSED] - Current window's url is: 'https://education.missionnext.org/signup/candidate?doing_wp_cron=1740698312.7012770175933837890625'

27-02-2025T17:19:02 - [TEST_STEP][PASSED] - windowHandles = getWindowHandles().toArray(): null

27-02-2025T17:19:02 - [TEST_STEP][PASSED] - windowCount = windowHandles.size(): null

27-02-2025T17:19:02 - [TEST_STEP][PASSED] - if (windowCount == 2): Switched to window with index: '1'

27-02-2025T17:19:02 - [TEST_STEP][PASSED] - switchToWindowIndex(1): Switched to window with index: '1'

27-02-2025T17:19:02 - [MESSAGE][PASSED] - Switched to window with index: '1'

27-02-2025T17:19:02 - [TEST_STEP][PASSED] - if (windowCount == 1 && toURL == fromURL): null

27-02-2025T17:19:02 - [TEST_STEP][PASSED] - else: Text 'Privacy Policy' is present on page 

27-02-2025T17:19:02 - [TEST_STEP][PASSED] - waitForPageLoad(10): Wait for page load successfully

27-02-2025T17:19:05 - [MESSAGE][PASSED] - Wait for page load successfully

27-02-2025T17:19:05 - [TEST_STEP][PASSED] - delay(2): Delayed 2 second(s)

27-02-2025T17:19:07 - [MESSAGE][PASSED] - Delayed 2 second(s)

27-02-2025T17:19:07 - [TEST_STEP][PASSED] - textFound = verifyTextPresent(myText, false, OPTIONAL): Text 'Privacy Policy' is present on page 

27-02-2025T17:19:07 - [MESSAGE][PASSED] - Text 'Privacy Policy' is present on page 

27-02-2025T17:19:07 - [TEST_STEP][PASSED] - if (textFound): null

27-02-2025T17:19:07 - [TEST_STEP][PASSED] - outText = "+++++ The text "" + myText + "" was found after clicking on the " + key + " link": null

27-02-2025T17:19:07 - [TEST_STEP][PASSED] - println(outText): null

27-02-2025T17:19:07 - [TEST_STEP][PASSED] - outFile.append(outText + "
"): null

27-02-2025T17:19:07 - [TEST_STEP][PASSED] - if (windowCount == 2): Delayed 1 second(s)

27-02-2025T17:19:07 - [TEST_STEP][PASSED] - closeWindowIndex(1): Window with index 1 is closed

27-02-2025T17:19:07 - [MESSAGE][PASSED] - Window with index 1 is closed

27-02-2025T17:19:07 - [TEST_STEP][PASSED] - delay(1): Delayed 1 second(s)

27-02-2025T17:19:08 - [MESSAGE][PASSED] - Delayed 1 second(s)

27-02-2025T17:19:08 - [TEST_STEP][PASSED] - switchToWindowIndex(0): Switched to window with index: '0'

27-02-2025T17:19:08 - [MESSAGE][PASSED] - Switched to window with index: '0'

27-02-2025T17:19:08 - [TEST_STEP][PASSED] - delay(1): Delayed 1 second(s)

27-02-2025T17:19:09 - [MESSAGE][PASSED] - Delayed 1 second(s)

27-02-2025T17:19:09 - [TEST_STEP][PASSED] - myElement = "a_" + key: null

27-02-2025T17:19:09 - [TEST_STEP][PASSED] - myText = value: null

27-02-2025T17:19:09 - [TEST_STEP][PASSED] - object = objectPath + myElement: null

27-02-2025T17:19:09 - [TEST_STEP][PASSED] - println(object): null

27-02-2025T17:19:09 - [TEST_STEP][PASSED] - fromURL = getUrl(): Current window's url is: 'https://education.missionnext.org/signup/candidate?doing_wp_cron=1740698312.7012770175933837890625'

27-02-2025T17:19:09 - [MESSAGE][PASSED] - Current window's url is: 'https://education.missionnext.org/signup/candidate?doing_wp_cron=1740698312.7012770175933837890625'

27-02-2025T17:19:09 - [TEST_STEP][PASSED] - callTestCase(findTestCase("_Functions/Perform Action"), ["varAction":"click", "varObject":object], OPTIONAL): Call Test Case 'Test Cases/_Functions/Perform Action' successfully

27-02-2025T17:19:09 - [TEST_CASE][PASSED] - Test Cases/_Functions/Perform Action: Test Cases/_Functions/Perform Action

27-02-2025T17:19:09 - [TEST_STEP][PASSED] - action = varAction: null

27-02-2025T17:19:09 - [TEST_STEP][PASSED] - println(action): null

27-02-2025T17:19:09 - [TEST_STEP][PASSED] - testObject = varObject: null

27-02-2025T17:19:09 - [TEST_STEP][PASSED] - println(testObject): null

27-02-2025T17:19:09 - [TEST_STEP][PASSED] - parm1 = varParm1: null

27-02-2025T17:19:09 - [TEST_STEP][PASSED] - println(parm1): null

27-02-2025T17:19:09 - [TEST_STEP][PASSED] - println("Converting " + testObject + " to web element"): null

27-02-2025T17:19:09 - [TEST_STEP][PASSED] - element = findWebElement(findTestObject(testObject), 1): null

27-02-2025T17:19:09 - [TEST_STEP][PASSED] - loc = element.getLocation(): null

27-02-2025T17:19:09 - [TEST_STEP][PASSED] - y = loc.getY(): null

27-02-2025T17:19:09 - [TEST_STEP][PASSED] - println("Y location is " + y): null

27-02-2025T17:19:09 - [TEST_STEP][PASSED] - top = getViewportTopPosition(): Current viewport's top (y) position is 613

27-02-2025T17:19:09 - [MESSAGE][PASSED] - Current viewport's top (y) position is 613

27-02-2025T17:19:09 - [TEST_STEP][PASSED] - println("Viewport top is " + top): null

27-02-2025T17:19:09 - [TEST_STEP][PASSED] - bottom = top + 600: null

27-02-2025T17:19:09 - [TEST_STEP][PASSED] - if (y - top < 150 || bottom - y < 10): null

27-02-2025T17:19:09 - [TEST_STEP][PASSED] - if (action == "click"): Object: 'Object Repository/Education Partner Profile/Register/a_Terms and Conditions' is clicked on

27-02-2025T17:19:09 - [TEST_STEP][PASSED] - println("clicking"): null

27-02-2025T17:19:09 - [TEST_STEP][PASSED] - click(findTestObject(testObject)): Object: 'Object Repository/Education Partner Profile/Register/a_Terms and Conditions' is clicked on

27-02-2025T17:19:09 - [MESSAGE][PASSED] - Object: 'Object Repository/Education Partner Profile/Register/a_Terms and Conditions' is clicked on

27-02-2025T17:19:09 - [MESSAGE][PASSED] - Call Test Case 'Test Cases/_Functions/Perform Action' successfully

27-02-2025T17:19:09 - [TEST_STEP][PASSED] - toURL = getUrl(): Current window's url is: 'https://education.missionnext.org/signup/candidate?doing_wp_cron=1740698312.7012770175933837890625'

27-02-2025T17:19:09 - [MESSAGE][PASSED] - Current window's url is: 'https://education.missionnext.org/signup/candidate?doing_wp_cron=1740698312.7012770175933837890625'

27-02-2025T17:19:09 - [TEST_STEP][PASSED] - windowHandles = getWindowHandles().toArray(): null

27-02-2025T17:19:09 - [TEST_STEP][PASSED] - windowCount = windowHandles.size(): null

27-02-2025T17:19:09 - [TEST_STEP][PASSED] - if (windowCount == 2): Switched to window with index: '1'

27-02-2025T17:19:09 - [TEST_STEP][PASSED] - switchToWindowIndex(1): Switched to window with index: '1'

27-02-2025T17:19:09 - [MESSAGE][PASSED] - Switched to window with index: '1'

27-02-2025T17:19:09 - [TEST_STEP][PASSED] - if (windowCount == 1 && toURL == fromURL): null

27-02-2025T17:19:09 - [TEST_STEP][PASSED] - else: Text 'Terms and Conditions' is present on page 

27-02-2025T17:19:09 - [TEST_STEP][PASSED] - waitForPageLoad(10): Wait for page load successfully

27-02-2025T17:19:12 - [MESSAGE][PASSED] - Wait for page load successfully

27-02-2025T17:19:12 - [TEST_STEP][PASSED] - delay(2): Delayed 2 second(s)

27-02-2025T17:19:14 - [MESSAGE][PASSED] - Delayed 2 second(s)

27-02-2025T17:19:14 - [TEST_STEP][PASSED] - textFound = verifyTextPresent(myText, false, OPTIONAL): Text 'Terms and Conditions' is present on page 

27-02-2025T17:19:14 - [MESSAGE][PASSED] - Text 'Terms and Conditions' is present on page 

27-02-2025T17:19:14 - [TEST_STEP][PASSED] - if (textFound): null

27-02-2025T17:19:14 - [TEST_STEP][PASSED] - outText = "+++++ The text "" + myText + "" was found after clicking on the " + key + " link": null

27-02-2025T17:19:14 - [TEST_STEP][PASSED] - println(outText): null

27-02-2025T17:19:14 - [TEST_STEP][PASSED] - outFile.append(outText + "
"): null

27-02-2025T17:19:14 - [TEST_STEP][PASSED] - if (windowCount == 2): Delayed 1 second(s)

27-02-2025T17:19:14 - [TEST_STEP][PASSED] - closeWindowIndex(1): Window with index 1 is closed

27-02-2025T17:19:14 - [MESSAGE][PASSED] - Window with index 1 is closed

27-02-2025T17:19:14 - [TEST_STEP][PASSED] - delay(1): Delayed 1 second(s)

27-02-2025T17:19:15 - [MESSAGE][PASSED] - Delayed 1 second(s)

27-02-2025T17:19:15 - [TEST_STEP][PASSED] - switchToWindowIndex(0): Switched to window with index: '0'

27-02-2025T17:19:15 - [MESSAGE][PASSED] - Switched to window with index: '0'

27-02-2025T17:19:15 - [TEST_STEP][PASSED] - delay(1): Delayed 1 second(s)

27-02-2025T17:19:16 - [MESSAGE][PASSED] - Delayed 1 second(s)

27-02-2025T17:19:16 - [MESSAGE][PASSED] - Call Test Case 'Test Cases/_Functions/Test External Links' successfully

27-02-2025T17:19:16 - [TEST_STEP][PASSED] - outText = "Submitting the finished page.
": null

27-02-2025T17:19:16 - [TEST_STEP][PASSED] - outFile.append(outText): null

27-02-2025T17:19:16 - [TEST_STEP][PASSED] - object = "Education Candidate Profile/Register/input_Password": null

27-02-2025T17:19:16 - [TEST_STEP][PASSED] - callTestCase(findTestCase("_Functions/Perform Action"), ["varAction":"setEncryptedText", "varObject":object, "varParm1":password], STOP_ON_FAILURE): Call Test Case 'Test Cases/_Functions/Perform Action' successfully

27-02-2025T17:19:16 - [TEST_CASE][PASSED] - Test Cases/_Functions/Perform Action: Test Cases/_Functions/Perform Action

27-02-2025T17:19:16 - [TEST_STEP][PASSED] - action = varAction: null

27-02-2025T17:19:16 - [TEST_STEP][PASSED] - println(action): null

27-02-2025T17:19:16 - [TEST_STEP][PASSED] - testObject = varObject: null

27-02-2025T17:19:16 - [TEST_STEP][PASSED] - println(testObject): null

27-02-2025T17:19:16 - [TEST_STEP][PASSED] - parm1 = varParm1: null

27-02-2025T17:19:16 - [TEST_STEP][PASSED] - println(parm1): null

27-02-2025T17:19:16 - [TEST_STEP][PASSED] - println("Converting " + testObject + " to web element"): null

27-02-2025T17:19:16 - [TEST_STEP][PASSED] - element = findWebElement(findTestObject(testObject), 1): null

27-02-2025T17:19:16 - [TEST_STEP][PASSED] - loc = element.getLocation(): null

27-02-2025T17:19:16 - [TEST_STEP][PASSED] - y = loc.getY(): null

27-02-2025T17:19:16 - [TEST_STEP][PASSED] - println("Y location is " + y): null

27-02-2025T17:19:16 - [TEST_STEP][PASSED] - top = getViewportTopPosition(): Current viewport's top (y) position is 613

27-02-2025T17:19:16 - [MESSAGE][PASSED] - Current viewport's top (y) position is 613

27-02-2025T17:19:16 - [TEST_STEP][PASSED] - println("Viewport top is " + top): null

27-02-2025T17:19:16 - [TEST_STEP][PASSED] - bottom = top + 600: null

27-02-2025T17:19:16 - [TEST_STEP][PASSED] - if (y - top < 150 || bottom - y < 10): Delayed 1 second(s)

27-02-2025T17:19:16 - [TEST_STEP][PASSED] - scrollToPosition(0, y - 150): Browser is scrolled to position x = 0, y = 345

27-02-2025T17:19:16 - [MESSAGE][PASSED] - Browser is scrolled to position x = 0, y = 345

27-02-2025T17:19:16 - [TEST_STEP][PASSED] - delay(1): Delayed 1 second(s)

27-02-2025T17:19:17 - [MESSAGE][PASSED] - Delayed 1 second(s)

27-02-2025T17:19:17 - [TEST_STEP][PASSED] - if (action == "click"): null

27-02-2025T17:19:17 - [TEST_STEP][PASSED] - else if (action == "selectOptionByValue"): null

27-02-2025T17:19:17 - [TEST_STEP][PASSED] - else if (action == "setText"): null

27-02-2025T17:19:17 - [TEST_STEP][PASSED] - else if (action == "setEncryptedText"): Text ****** has been set on object 'Object Repository/Education Candidate Profile/Register/input_Password'

27-02-2025T17:19:17 - [TEST_STEP][PASSED] - println("Setting encrypted text " + parm1): null

27-02-2025T17:19:17 - [TEST_STEP][PASSED] - setEncryptedText(findTestObject(testObject), parm1): Text ****** has been set on object 'Object Repository/Education Candidate Profile/Register/input_Password'

27-02-2025T17:19:17 - [MESSAGE][PASSED] - Text ****** has been set on object 'Object Repository/Education Candidate Profile/Register/input_Password'

27-02-2025T17:19:17 - [MESSAGE][PASSED] - Call Test Case 'Test Cases/_Functions/Perform Action' successfully

27-02-2025T17:19:17 - [TEST_STEP][PASSED] - object = "Object Repository/Education Candidate Profile/Register/checkbox_Terms and Conditions": null

27-02-2025T17:19:17 - [TEST_STEP][PASSED] - callTestCase(findTestCase("_Functions/Perform Action"), ["varAction":"click", "varObject":object], STOP_ON_FAILURE): Call Test Case 'Test Cases/_Functions/Perform Action' successfully

27-02-2025T17:19:17 - [TEST_CASE][PASSED] - Test Cases/_Functions/Perform Action: Test Cases/_Functions/Perform Action

27-02-2025T17:19:17 - [TEST_STEP][PASSED] - action = varAction: null

27-02-2025T17:19:17 - [TEST_STEP][PASSED] - println(action): null

27-02-2025T17:19:17 - [TEST_STEP][PASSED] - testObject = varObject: null

27-02-2025T17:19:17 - [TEST_STEP][PASSED] - println(testObject): null

27-02-2025T17:19:17 - [TEST_STEP][PASSED] - parm1 = varParm1: null

27-02-2025T17:19:17 - [TEST_STEP][PASSED] - println(parm1): null

27-02-2025T17:19:17 - [TEST_STEP][PASSED] - println("Converting " + testObject + " to web element"): null

27-02-2025T17:19:17 - [TEST_STEP][PASSED] - element = findWebElement(findTestObject(testObject), 1): null

27-02-2025T17:19:17 - [TEST_STEP][PASSED] - loc = element.getLocation(): null

27-02-2025T17:19:17 - [TEST_STEP][PASSED] - y = loc.getY(): null

27-02-2025T17:19:17 - [TEST_STEP][PASSED] - println("Y location is " + y): null

27-02-2025T17:19:17 - [TEST_STEP][PASSED] - top = getViewportTopPosition(): Current viewport's top (y) position is 345

27-02-2025T17:19:17 - [MESSAGE][PASSED] - Current viewport's top (y) position is 345

27-02-2025T17:19:17 - [TEST_STEP][PASSED] - println("Viewport top is " + top): null

27-02-2025T17:19:17 - [TEST_STEP][PASSED] - bottom = top + 600: null

27-02-2025T17:19:17 - [TEST_STEP][PASSED] - if (y - top < 150 || bottom - y < 10): Delayed 1 second(s)

27-02-2025T17:19:17 - [TEST_STEP][PASSED] - scrollToPosition(0, y - 150): Browser is scrolled to position x = 0, y = 836

27-02-2025T17:19:17 - [MESSAGE][PASSED] - Browser is scrolled to position x = 0, y = 836

27-02-2025T17:19:17 - [TEST_STEP][PASSED] - delay(1): Delayed 1 second(s)

27-02-2025T17:19:18 - [MESSAGE][PASSED] - Delayed 1 second(s)

27-02-2025T17:19:18 - [TEST_STEP][PASSED] - if (action == "click"): Object: 'Object Repository/Education Candidate Profile/Register/checkbox_Terms and Conditions' is clicked on

27-02-2025T17:19:18 - [TEST_STEP][PASSED] - println("clicking"): null

27-02-2025T17:19:18 - [TEST_STEP][PASSED] - click(findTestObject(testObject)): Object: 'Object Repository/Education Candidate Profile/Register/checkbox_Terms and Conditions' is clicked on

27-02-2025T17:19:18 - [MESSAGE][PASSED] - Object: 'Object Repository/Education Candidate Profile/Register/checkbox_Terms and Conditions' is clicked on

27-02-2025T17:19:18 - [MESSAGE][PASSED] - Call Test Case 'Test Cases/_Functions/Perform Action' successfully

27-02-2025T17:19:18 - [TEST_STEP][PASSED] - object = "Object Repository/Education Candidate Profile/Register/button_Sign up": null

27-02-2025T17:19:18 - [TEST_STEP][PASSED] - callTestCase(findTestCase("_Functions/Perform Action"), ["varAction":"click", "varObject":object], STOP_ON_FAILURE): Call Test Case 'Test Cases/_Functions/Perform Action' successfully

27-02-2025T17:19:18 - [TEST_CASE][PASSED] - Test Cases/_Functions/Perform Action: Test Cases/_Functions/Perform Action

27-02-2025T17:19:18 - [TEST_STEP][PASSED] - action = varAction: null

27-02-2025T17:19:18 - [TEST_STEP][PASSED] - println(action): null

27-02-2025T17:19:18 - [TEST_STEP][PASSED] - testObject = varObject: null

27-02-2025T17:19:18 - [TEST_STEP][PASSED] - println(testObject): null

27-02-2025T17:19:18 - [TEST_STEP][PASSED] - parm1 = varParm1: null

27-02-2025T17:19:18 - [TEST_STEP][PASSED] - println(parm1): null

27-02-2025T17:19:18 - [TEST_STEP][PASSED] - println("Converting " + testObject + " to web element"): null

27-02-2025T17:19:18 - [TEST_STEP][PASSED] - element = findWebElement(findTestObject(testObject), 1): null

27-02-2025T17:19:18 - [TEST_STEP][PASSED] - loc = element.getLocation(): null

27-02-2025T17:19:18 - [TEST_STEP][PASSED] - y = loc.getY(): null

27-02-2025T17:19:18 - [TEST_STEP][PASSED] - println("Y location is " + y): null

27-02-2025T17:19:18 - [TEST_STEP][PASSED] - top = getViewportTopPosition(): Current viewport's top (y) position is 613

27-02-2025T17:19:18 - [MESSAGE][PASSED] - Current viewport's top (y) position is 613

27-02-2025T17:19:18 - [TEST_STEP][PASSED] - println("Viewport top is " + top): null

27-02-2025T17:19:18 - [TEST_STEP][PASSED] - bottom = top + 600: null

27-02-2025T17:19:18 - [TEST_STEP][PASSED] - if (y - top < 150 || bottom - y < 10): null

27-02-2025T17:19:18 - [TEST_STEP][PASSED] - if (action == "click"): Object: 'Object Repository/Education Candidate Profile/Register/button_Sign up' is clicked on

27-02-2025T17:19:18 - [TEST_STEP][PASSED] - println("clicking"): null

27-02-2025T17:19:18 - [TEST_STEP][PASSED] - click(findTestObject(testObject)): Object: 'Object Repository/Education Candidate Profile/Register/button_Sign up' is clicked on

27-02-2025T17:19:27 - [MESSAGE][PASSED] - Object: 'Object Repository/Education Candidate Profile/Register/button_Sign up' is clicked on

27-02-2025T17:19:27 - [MESSAGE][PASSED] - Call Test Case 'Test Cases/_Functions/Perform Action' successfully

27-02-2025T17:19:27 - [TEST_STEP][PASSED] - if (!(registerOnly)): null

27-02-2025T17:19:27 - [TEST_STEP][PASSED] - pages = callTestCase(findTestCase("Education Candidate Profile/Complete Education Candidate Profile"), ["varCalled":true], STOP_ON_FAILURE): Call Test Case 'Test Cases/Education Candidate Profile/Complete Education Candidate Profile' successfully

27-02-2025T17:19:27 - [TEST_CASE][PASSED] - Test Cases/Education Candidate Profile/Complete Education Candidate Profile: Test Cases/Education Candidate Profile/Complete Education Candidate Profile

27-02-2025T17:19:27 - [TEST_STEP][PASSED] - pages = []: null

27-02-2025T17:19:27 - [TEST_STEP][PASSED] - username = username: null

27-02-2025T17:19:27 - [TEST_STEP][PASSED] - if (username != "cktest04ec"): null

27-02-2025T17:19:27 - [TEST_STEP][PASSED] - domain = domain: null

27-02-2025T17:19:27 - [TEST_STEP][PASSED] - called = false: null

27-02-2025T17:19:27 - [TEST_STEP][PASSED] - if (binding.hasVariable("varCalled")): null

27-02-2025T17:19:27 - [TEST_STEP][PASSED] - called = varCalled: null

27-02-2025T17:19:27 - [TEST_STEP][PASSED] - writeFile = false: null

27-02-2025T17:19:27 - [TEST_STEP][PASSED] - if (outFile != ""): null

27-02-2025T17:19:27 - [TEST_STEP][PASSED] - myFile = outFile: null

27-02-2025T17:19:27 - [TEST_STEP][PASSED] - println(myFile): null

27-02-2025T17:19:27 - [TEST_STEP][PASSED] - outFile = new java.io.File(myFile): null

27-02-2025T17:19:27 - [TEST_STEP][PASSED] - writeFile = true: null

27-02-2025T17:19:27 - [TEST_STEP][PASSED] - if (!(writeFile)): null

27-02-2025T17:19:27 - [TEST_STEP][PASSED] - else: null

27-02-2025T17:19:27 - [TEST_STEP][PASSED] - outFile.append("
Testing Complete Education Candidate Profile on " + domain + "
"): null

27-02-2025T17:19:27 - [TEST_STEP][PASSED] - url = getUrl(OPTIONAL): Current window's url is: 'https://education.missionnext.org/profile?requestUri=/dashboard'

27-02-2025T17:19:27 - [MESSAGE][PASSED] - Current window's url is: 'https://education.missionnext.org/profile?requestUri=/dashboard'

27-02-2025T17:19:27 - [TEST_STEP][PASSED] - if (url == null): null

27-02-2025T17:19:27 - [TEST_STEP][PASSED] - dashboard = verifyElementPresent(findTestObject("Education Candidate Profile/Dashboard/a_My Profile"), 2, OPTIONAL): com.kms.katalon.core.webui.exception.WebElementNotFoundException: Web element with id: 'Object Repository/Education Candidate Profile/Dashboard/a_My Profile' located by '//div[@id='main']/div/div/div/div/div/div[2]/a[2]' not found (Root cause: com.kms.katalon.core.exception.StepFailedException: com.kms.katalon.core.webui.exception.WebElementNotFoundException: Web element with id: 'Object Repository/Education Candidate Profile/Dashboard/a_My Profile' located by '//div[@id='main']/div/div/div/div/div/div[2]/a[2]' not found
	at com.kms.katalon.core.webui.keyword.internal.WebUIKeywordMain.stepFailed(WebUIKeywordMain.groovy:117)
	at com.kms.katalon.core.webui.keyword.builtin.VerifyElementPresentKeyword$_verifyElementPresent_closure1.doCall(VerifyElementPresentKeyword.groovy:85)
	at com.kms.katalon.core.webui.keyword.builtin.VerifyElementPresentKeyword$_verifyElementPresent_closure1.call(VerifyElementPresentKeyword.groovy)
	at com.kms.katalon.core.webui.keyword.internal.WebUIKeywordMain.runKeyword(WebUIKeywordMain.groovy:35)
	at com.kms.katalon.core.webui.keyword.builtin.VerifyElementPresentKeyword.verifyElementPresent(VerifyElementPresentKeyword.groovy:92)
	at com.kms.katalon.core.webui.keyword.builtin.VerifyElementPresentKeyword.execute(VerifyElementPresentKeyword.groovy:68)
	at com.kms.katalon.core.keyword.internal.KeywordExecutor.executeKeywordForPlatform(KeywordExecutor.groovy:74)
	at com.kms.katalon.core.webui.keyword.WebUiBuiltInKeywords.verifyElementPresent(WebUiBuiltInKeywords.groovy:1487)
	at Complete Education Candidate Profile.run(Complete Education Candidate Profile:71)
	at com.kms.katalon.core.main.ScriptEngine.run(ScriptEngine.java:194)
	at com.kms.katalon.core.main.ScriptEngine.runScriptAsRawText(ScriptEngine.java:119)
	at com.kms.katalon.core.main.TestCaseExecutor.runScript(TestCaseExecutor.java:448)
	at com.kms.katalon.core.main.TestCaseExecutor.doExecute(TestCaseExecutor.java:439)
	at com.kms.katalon.core.main.TestCaseExecutor.processExecutionPhase(TestCaseExecutor.java:418)
	at com.kms.katalon.core.main.TestCaseExecutor.accessMainPhase(TestCaseExecutor.java:410)
	at com.kms.katalon.core.main.TestCaseExecutor.execute(TestCaseExecutor.java:285)
	at com.kms.katalon.core.main.TestCaseMain.runTestCase(TestCaseMain.java:137)
	at com.kms.katalon.core.keyword.builtin.CallTestCaseKeyword$_callTestCase_closure1.doCall(CallTestCaseKeyword.groovy:59)
	at com.kms.katalon.core.keyword.builtin.CallTestCaseKeyword$_callTestCase_closure1.call(CallTestCaseKeyword.groovy)
	at com.kms.katalon.core.keyword.internal.KeywordMain.runKeyword(KeywordMain.groovy:75)
	at com.kms.katalon.core.keyword.builtin.CallTestCaseKeyword.callTestCase(CallTestCaseKeyword.groovy:81)
	at com.kms.katalon.core.keyword.builtin.CallTestCaseKeyword.execute(CallTestCaseKeyword.groovy:44)
	at com.kms.katalon.core.keyword.internal.KeywordExecutor.executeKeywordForPlatform(KeywordExecutor.groovy:74)
	at com.kms.katalon.core.keyword.BuiltinKeywords.callTestCase(BuiltinKeywords.groovy:310)
	at jdk.internal.reflect.GeneratedMethodAccessor23.invoke(Unknown Source)
	at java.base/jdk.internal.reflect.DelegatingMethodAccessorImpl.invoke(DelegatingMethodAccessorImpl.java:43)
	at Register Education Candidate.run(Register Education Candidate:222)
	at com.kms.katalon.core.main.ScriptEngine.run(ScriptEngine.java:194)
	at com.kms.katalon.core.main.ScriptEngine.runScriptAsRawText(ScriptEngine.java:119)
	at com.kms.katalon.core.main.TestCaseExecutor.runScript(TestCaseExecutor.java:448)
	at com.kms.katalon.core.main.TestCaseExecutor.doExecute(TestCaseExecutor.java:439)
	at com.kms.katalon.core.main.TestCaseExecutor.processExecutionPhase(TestCaseExecutor.java:418)
	at com.kms.katalon.core.main.TestCaseExecutor.accessMainPhase(TestCaseExecutor.java:410)
	at com.kms.katalon.core.main.TestCaseExecutor.execute(TestCaseExecutor.java:285)
	at com.kms.katalon.core.common.CommonExecutor.accessTestCaseMainPhase(CommonExecutor.java:65)
	at com.kms.katalon.core.main.TestSuiteExecutor.accessTestSuiteMainPhase(TestSuiteExecutor.java:150)
	at com.kms.katalon.core.main.TestSuiteExecutor.execute(TestSuiteExecutor.java:106)
	at com.kms.katalon.core.main.TestCaseMain.startTestSuite(TestCaseMain.java:180)
	at TempTestSuite1740698290489.run(TempTestSuite1740698290489.groovy:35)
	at java.base/jdk.internal.reflect.NativeMethodAccessorImpl.invoke0(Native Method)
	at java.base/jdk.internal.reflect.NativeMethodAccessorImpl.invoke(NativeMethodAccessorImpl.java:77)
	at java.base/jdk.internal.reflect.DelegatingMethodAccessorImpl.invoke(DelegatingMethodAccessorImpl.java:43)
)

27-02-2025T17:19:30 - [MESSAGE][INFO] - Unable to find the element located by 'By.xpath: //div[@id='main']/div/div/div/div/div/div[2]/a[2]'. Please recheck the objects properties to make sure the desired element is located. 

27-02-2025T17:19:30 - [MESSAGE][WARNING] - com.kms.katalon.core.webui.exception.WebElementNotFoundException: Web element with id: 'Object Repository/Education Candidate Profile/Dashboard/a_My Profile' located by '//div[@id='main']/div/div/div/div/div/div[2]/a[2]' not found (Root cause: com.kms.katalon.core.exception.StepFailedException: com.kms.katalon.core.webui.exception.WebElementNotFoundException: Web element with id: 'Object Repository/Education Candidate Profile/Dashboard/a_My Profile' located by '//div[@id='main']/div/div/div/div/div/div[2]/a[2]' not found
	at com.kms.katalon.core.webui.keyword.internal.WebUIKeywordMain.stepFailed(WebUIKeywordMain.groovy:117)
	at com.kms.katalon.core.webui.keyword.builtin.VerifyElementPresentKeyword$_verifyElementPresent_closure1.doCall(VerifyElementPresentKeyword.groovy:85)
	at com.kms.katalon.core.webui.keyword.builtin.VerifyElementPresentKeyword$_verifyElementPresent_closure1.call(VerifyElementPresentKeyword.groovy)
	at com.kms.katalon.core.webui.keyword.internal.WebUIKeywordMain.runKeyword(WebUIKeywordMain.groovy:35)
	at com.kms.katalon.core.webui.keyword.builtin.VerifyElementPresentKeyword.verifyElementPresent(VerifyElementPresentKeyword.groovy:92)
	at com.kms.katalon.core.webui.keyword.builtin.VerifyElementPresentKeyword.execute(VerifyElementPresentKeyword.groovy:68)
	at com.kms.katalon.core.keyword.internal.KeywordExecutor.executeKeywordForPlatform(KeywordExecutor.groovy:74)
	at com.kms.katalon.core.webui.keyword.WebUiBuiltInKeywords.verifyElementPresent(WebUiBuiltInKeywords.groovy:1487)
	at Complete Education Candidate Profile.run(Complete Education Candidate Profile:71)
	at com.kms.katalon.core.main.ScriptEngine.run(ScriptEngine.java:194)
	at com.kms.katalon.core.main.ScriptEngine.runScriptAsRawText(ScriptEngine.java:119)
	at com.kms.katalon.core.main.TestCaseExecutor.runScript(TestCaseExecutor.java:448)
	at com.kms.katalon.core.main.TestCaseExecutor.doExecute(TestCaseExecutor.java:439)
	at com.kms.katalon.core.main.TestCaseExecutor.processExecutionPhase(TestCaseExecutor.java:418)
	at com.kms.katalon.core.main.TestCaseExecutor.accessMainPhase(TestCaseExecutor.java:410)
	at com.kms.katalon.core.main.TestCaseExecutor.execute(TestCaseExecutor.java:285)
	at com.kms.katalon.core.main.TestCaseMain.runTestCase(TestCaseMain.java:137)
	at com.kms.katalon.core.keyword.builtin.CallTestCaseKeyword$_callTestCase_closure1.doCall(CallTestCaseKeyword.groovy:59)
	at com.kms.katalon.core.keyword.builtin.CallTestCaseKeyword$_callTestCase_closure1.call(CallTestCaseKeyword.groovy)
	at com.kms.katalon.core.keyword.internal.KeywordMain.runKeyword(KeywordMain.groovy:75)
	at com.kms.katalon.core.keyword.builtin.CallTestCaseKeyword.callTestCase(CallTestCaseKeyword.groovy:81)
	at com.kms.katalon.core.keyword.builtin.CallTestCaseKeyword.execute(CallTestCaseKeyword.groovy:44)
	at com.kms.katalon.core.keyword.internal.KeywordExecutor.executeKeywordForPlatform(KeywordExecutor.groovy:74)
	at com.kms.katalon.core.keyword.BuiltinKeywords.callTestCase(BuiltinKeywords.groovy:310)
	at jdk.internal.reflect.GeneratedMethodAccessor23.invoke(Unknown Source)
	at java.base/jdk.internal.reflect.DelegatingMethodAccessorImpl.invoke(DelegatingMethodAccessorImpl.java:43)
	at Register Education Candidate.run(Register Education Candidate:222)
	at com.kms.katalon.core.main.ScriptEngine.run(ScriptEngine.java:194)
	at com.kms.katalon.core.main.ScriptEngine.runScriptAsRawText(ScriptEngine.java:119)
	at com.kms.katalon.core.main.TestCaseExecutor.runScript(TestCaseExecutor.java:448)
	at com.kms.katalon.core.main.TestCaseExecutor.doExecute(TestCaseExecutor.java:439)
	at com.kms.katalon.core.main.TestCaseExecutor.processExecutionPhase(TestCaseExecutor.java:418)
	at com.kms.katalon.core.main.TestCaseExecutor.accessMainPhase(TestCaseExecutor.java:410)
	at com.kms.katalon.core.main.TestCaseExecutor.execute(TestCaseExecutor.java:285)
	at com.kms.katalon.core.common.CommonExecutor.accessTestCaseMainPhase(CommonExecutor.java:65)
	at com.kms.katalon.core.main.TestSuiteExecutor.accessTestSuiteMainPhase(TestSuiteExecutor.java:150)
	at com.kms.katalon.core.main.TestSuiteExecutor.execute(TestSuiteExecutor.java:106)
	at com.kms.katalon.core.main.TestCaseMain.startTestSuite(TestCaseMain.java:180)
	at TempTestSuite1740698290489.run(TempTestSuite1740698290489.groovy:35)
	at java.base/jdk.internal.reflect.NativeMethodAccessorImpl.invoke0(Native Method)
	at java.base/jdk.internal.reflect.NativeMethodAccessorImpl.invoke(NativeMethodAccessorImpl.java:77)
	at java.base/jdk.internal.reflect.DelegatingMethodAccessorImpl.invoke(DelegatingMethodAccessorImpl.java:43)
)
[[ATTACHMENT|/Users/cckozie/git/MissionNext-Katalon-Koz/Reports/20250227_171809/Education Candidate Test Suite/20250227_171810/1740698370559.png]]

27-02-2025T17:19:30 - [TEST_STEP][PASSED] - if (dashboard): null

27-02-2025T17:19:30 - [TEST_STEP][PASSED] - if (pages.size() == 0 || "All" in pages || "Contact Info" in pages || "Spouse Info" in pages): Call Test Case 'Test Cases/Education Candidate Profile/Tabs/Set Contact Info' successfully

27-02-2025T17:19:30 - [TEST_STEP][PASSED] - gender = "Male": null

27-02-2025T17:19:30 - [TEST_STEP][PASSED] - country = "United States": null

27-02-2025T17:19:30 - [TEST_STEP][PASSED] - country_of_citizenship = "United States": null

27-02-2025T17:19:30 - [TEST_STEP][PASSED] - birth_year = "1949": null

27-02-2025T17:19:30 - [TEST_STEP][PASSED] - marital_status = "Married": null

27-02-2025T17:19:30 - [TEST_STEP][PASSED] - callTestCase(findTestCase("Education Candidate Profile/Tabs/Set Contact Info"), ["varGender":gender, "varCountry":country, "varCountry_of_Citizenship":country_of_citizenship, "varBirth_year":birth_year, ... ], STOP_ON_FAILURE): Call Test Case 'Test Cases/Education Candidate Profile/Tabs/Set Contact Info' successfully

27-02-2025T17:19:30 - [TEST_CASE][PASSED] - Test Cases/Education Candidate Profile/Tabs/Set Contact Info: Test Cases/Education Candidate Profile/Tabs/Set Contact Info

27-02-2025T17:19:30 - [TEST_STEP][PASSED] - username = username: null

27-02-2025T17:19:30 - [TEST_STEP][PASSED] - if (username != "cktest04ec"): null

27-02-2025T17:19:30 - [TEST_STEP][PASSED] - domain = domain: null

27-02-2025T17:19:30 - [TEST_STEP][PASSED] - writeFile = false: null

27-02-2025T17:19:30 - [TEST_STEP][PASSED] - testName = "Education Candidate Contact Info Tab": null

27-02-2025T17:19:30 - [TEST_STEP][PASSED] - outFile = callTestCase(findTestCase("_Functions/Set Output File"), ["varTestName":testName], STOP_ON_FAILURE): Call Test Case 'Test Cases/_Functions/Set Output File' successfully

27-02-2025T17:19:30 - [TEST_CASE][PASSED] - Test Cases/_Functions/Set Output File: Test Cases/_Functions/Set Output File

27-02-2025T17:19:30 - [TEST_STEP][PASSED] - testName = varTestName: null

27-02-2025T17:19:30 - [TEST_STEP][PASSED] - domain = domain: null

27-02-2025T17:19:30 - [TEST_STEP][PASSED] - writeFile = false: null

27-02-2025T17:19:30 - [TEST_STEP][PASSED] - if (outFile != ""): null

27-02-2025T17:19:30 - [TEST_STEP][PASSED] - myFile = outFile: null

27-02-2025T17:19:30 - [TEST_STEP][PASSED] - println(myFile): null

27-02-2025T17:19:30 - [TEST_STEP][PASSED] - outFile = new java.io.File(myFile): null

27-02-2025T17:19:30 - [TEST_STEP][PASSED] - writeFile = true: null

27-02-2025T17:19:30 - [TEST_STEP][PASSED] - if (!(writeFile)): null

27-02-2025T17:19:30 - [TEST_STEP][PASSED] - else: null

27-02-2025T17:19:30 - [TEST_STEP][PASSED] - outFile.append("
Testing " + testName + " on " + domain + ".
"): null

27-02-2025T17:19:30 - [TEST_STEP][PASSED] - return outFile: null

27-02-2025T17:19:30 - [MESSAGE][PASSED] - Call Test Case 'Test Cases/_Functions/Set Output File' successfully

27-02-2025T17:19:30 - [TEST_STEP][PASSED] - tooltipImagePath = "/Users/cckozie/git/MissionNext-Katalon-Koz/images/education candidate/tabs/contact info/": null

27-02-2025T17:19:30 - [TEST_STEP][PASSED] - testObjectFolder = "Education Candidate Profile/Tabs/Contact Info/": null

27-02-2025T17:19:30 - [TEST_STEP][PASSED] - tooltips = ["dummy":"dummy", "First Name":"img_First Name_field-tooltip", "Last Name":"img_Last Name_field-tooltip", "Your Email":"img_Your Email_field-tooltip", ... ]: null

27-02-2025T17:19:30 - [TEST_STEP][PASSED] - tooltipText = ["First Name":"May include your middle initial; enter last name below.", "Last Name":"Family Name", "Your Email":"Your primary email address", ... ]: null

27-02-2025T17:19:30 - [TEST_STEP][PASSED] - requiredFieldMsgs = ["Gender":"The gender field is required.", "Country of Citizenship":"The citizenship country field is required.", "Birth Year":"The birth year field is required."]: null

27-02-2025T17:19:30 - [TEST_STEP][PASSED] - pageLinks = ["Terms and Conditions":"Terms and Conditions"]: null

27-02-2025T17:19:30 - [TEST_STEP][PASSED] - click(findTestObject("Education Candidate Profile/Tabs/a_Contact Info")): Object: 'Object Repository/Education Candidate Profile/Tabs/a_Contact Info' is clicked on

27-02-2025T17:19:31 - [MESSAGE][PASSED] - Object: 'Object Repository/Education Candidate Profile/Tabs/a_Contact Info' is clicked on

27-02-2025T17:19:31 - [TEST_STEP][PASSED] - if (!(fastPath)): Call Test Case 'Test Cases/_Functions/Test Field Error Messages' successfully

27-02-2025T17:19:31 - [TEST_STEP][PASSED] - tooltipTextMap = callTestCase(findTestCase("_Functions/Get Screenshot and Tooltip Text"), ["varExtension":testName], STOP_ON_FAILURE): Call Test Case 'Test Cases/_Functions/Get Screenshot and Tooltip Text' successfully

27-02-2025T17:19:31 - [TEST_CASE][PASSED] - Test Cases/_Functions/Get Screenshot and Tooltip Text: Test Cases/_Functions/Get Screenshot and Tooltip Text

27-02-2025T17:19:31 - [TEST_STEP][PASSED] - if (fastPath): null

27-02-2025T17:19:31 - [TEST_STEP][PASSED] - frame = new javax.swing.JFrame(): null

27-02-2025T17:19:31 - [TEST_STEP][PASSED] - p = new javax.swing.JPanel(): null

27-02-2025T17:19:31 - [TEST_STEP][PASSED] - l = new javax.swing.JLabel(Getting screenshot and tooltip text..., javax.swing.SwingConstants.CENTER): null

27-02-2025T17:19:31 - [TEST_STEP][PASSED] - frame.add(l): null

27-02-2025T17:19:31 - [TEST_STEP][PASSED] - frame.setSize(300, 100): null

27-02-2025T17:19:31 - [TEST_STEP][PASSED] - frame.setLocation(600, 0): null

27-02-2025T17:19:31 - [TEST_STEP][PASSED] - frame.setAlwaysOnTop(true): null

27-02-2025T17:19:31 - [TEST_STEP][PASSED] - frame.show(): null

27-02-2025T17:19:31 - [TEST_STEP][PASSED] - driver = getWebDriver(): null

27-02-2025T17:19:31 - [TEST_STEP][PASSED] - path = "/Users/cckozie/Documents/MissionNext/Screenshots and Tooltip Text/": null

27-02-2025T17:19:31 - [TEST_STEP][PASSED] - if (binding.hasVariable("varExtension")): null

27-02-2025T17:19:31 - [TEST_STEP][PASSED] - extension = varExtension: null

27-02-2025T17:19:31 - [TEST_STEP][PASSED] - println("Extension is " + extension): null

27-02-2025T17:19:31 - [TEST_STEP][PASSED] - fileBase = path + extension: null

27-02-2025T17:19:31 - [TEST_STEP][PASSED] - fileImage = fileBase + "_Screenshot.png": null

27-02-2025T17:19:31 - [TEST_STEP][PASSED] - waitForPageLoad(30): Wait for page load successfully

27-02-2025T17:19:31 - [MESSAGE][PASSED] - Wait for page load successfully

27-02-2025T17:19:31 - [TEST_STEP][PASSED] - spinner = driver.findElement(By.xpath("/html/body/div[1]/div/div[2]")): null

27-02-2025T17:19:31 - [TEST_STEP][PASSED] - executor = driver: null

27-02-2025T17:19:31 - [TEST_STEP][PASSED] - elementAttributes = executor.executeScript("var items = {}; for (index = 0; index < arguments[0].attributes.length; ++index) { items[arguments[0].attributes[index].name] = arguments[0].attributes[index].value }; return items;", spinner): null

27-02-2025T17:19:31 - [TEST_STEP][PASSED] - attrs = elementAttributes.toString(): null

27-02-2025T17:19:31 - [TEST_STEP][PASSED] - waits = 0: null

27-02-2025T17:19:31 - [TEST_STEP][PASSED] - while (attrs.indexOf("display: none") < 0 && waits < 2): null

27-02-2025T17:19:31 - [TEST_STEP][PASSED] - tooltipMap = callTestCase(findTestCase("_Functions/Get Tooltip Text"), [:], STOP_ON_FAILURE): Call Test Case 'Test Cases/_Functions/Get Tooltip Text' successfully

27-02-2025T17:19:31 - [TEST_CASE][PASSED] - Test Cases/_Functions/Get Tooltip Text: Test Cases/_Functions/Get Tooltip Text

27-02-2025T17:19:31 - [TEST_STEP][PASSED] - fieldTooltips = [:]: null

27-02-2025T17:19:31 - [TEST_STEP][PASSED] - tooltipMap = [:]: null

27-02-2025T17:19:31 - [TEST_STEP][PASSED] - driver = getWebDriver(): null

27-02-2025T17:19:31 - [TEST_STEP][PASSED] - tooltips = driver.findElements(By.className("field-tooltip")): null

27-02-2025T17:19:31 - [TEST_STEP][PASSED] - for (def it : tooltips): null

27-02-2025T17:19:31 - [TEST_STEP][PASSED] - if (it.isDisplayed()): null

27-02-2025T17:19:31 - [TEST_STEP][PASSED] - ttText = it.getAttribute("data-original-title"): null

27-02-2025T17:19:31 - [TEST_STEP][PASSED] - ttLocation = it.getLocation(): null

27-02-2025T17:19:31 - [TEST_STEP][PASSED] - yLocation = ttLocation.getY(): null

27-02-2025T17:19:31 - [TEST_STEP][PASSED] - xLocation = ttLocation.getX(): null

27-02-2025T17:19:31 - [TEST_STEP][PASSED] - fieldTooltips.put(ttText, yLocation): null

27-02-2025T17:19:31 - [TEST_STEP][PASSED] - if (it.isDisplayed()): null

27-02-2025T17:19:31 - [TEST_STEP][PASSED] - ttText = it.getAttribute("data-original-title"): null

27-02-2025T17:19:31 - [TEST_STEP][PASSED] - ttLocation = it.getLocation(): null

27-02-2025T17:19:31 - [TEST_STEP][PASSED] - yLocation = ttLocation.getY(): null

27-02-2025T17:19:31 - [TEST_STEP][PASSED] - xLocation = ttLocation.getX(): null

27-02-2025T17:19:31 - [TEST_STEP][PASSED] - fieldTooltips.put(ttText, yLocation): null

27-02-2025T17:19:31 - [TEST_STEP][PASSED] - if (it.isDisplayed()): null

27-02-2025T17:19:31 - [TEST_STEP][PASSED] - ttText = it.getAttribute("data-original-title"): null

27-02-2025T17:19:31 - [TEST_STEP][PASSED] - ttLocation = it.getLocation(): null

27-02-2025T17:19:31 - [TEST_STEP][PASSED] - yLocation = ttLocation.getY(): null

27-02-2025T17:19:31 - [TEST_STEP][PASSED] - xLocation = ttLocation.getX(): null

27-02-2025T17:19:31 - [TEST_STEP][PASSED] - fieldTooltips.put(ttText, yLocation): null

27-02-2025T17:19:31 - [TEST_STEP][PASSED] - if (it.isDisplayed()): null

27-02-2025T17:19:31 - [TEST_STEP][PASSED] - ttText = it.getAttribute("data-original-title"): null

27-02-2025T17:19:31 - [TEST_STEP][PASSED] - ttLocation = it.getLocation(): null

27-02-2025T17:19:31 - [TEST_STEP][PASSED] - yLocation = ttLocation.getY(): null

27-02-2025T17:19:31 - [TEST_STEP][PASSED] - xLocation = ttLocation.getX(): null

27-02-2025T17:19:31 - [TEST_STEP][PASSED] - fieldTooltips.put(ttText, yLocation): null

27-02-2025T17:19:31 - [TEST_STEP][PASSED] - if (it.isDisplayed()): null

27-02-2025T17:19:31 - [TEST_STEP][PASSED] - ttText = it.getAttribute("data-original-title"): null

27-02-2025T17:19:31 - [TEST_STEP][PASSED] - ttLocation = it.getLocation(): null

27-02-2025T17:19:31 - [TEST_STEP][PASSED] - yLocation = ttLocation.getY(): null

27-02-2025T17:19:31 - [TEST_STEP][PASSED] - xLocation = ttLocation.getX(): null

27-02-2025T17:19:31 - [TEST_STEP][PASSED] - fieldTooltips.put(ttText, yLocation): null

27-02-2025T17:19:31 - [TEST_STEP][PASSED] - if (it.isDisplayed()): null

27-02-2025T17:19:31 - [TEST_STEP][PASSED] - ttText = it.getAttribute("data-original-title"): null

27-02-2025T17:19:31 - [TEST_STEP][PASSED] - ttLocation = it.getLocation(): null

27-02-2025T17:19:31 - [TEST_STEP][PASSED] - yLocation = ttLocation.getY(): null

27-02-2025T17:19:31 - [TEST_STEP][PASSED] - xLocation = ttLocation.getX(): null

27-02-2025T17:19:31 - [TEST_STEP][PASSED] - fieldTooltips.put(ttText, yLocation): null

27-02-2025T17:19:31 - [TEST_STEP][PASSED] - if (it.isDisplayed()): null

27-02-2025T17:19:31 - [TEST_STEP][PASSED] - ttText = it.getAttribute("data-original-title"): null

27-02-2025T17:19:31 - [TEST_STEP][PASSED] - ttLocation = it.getLocation(): null

27-02-2025T17:19:31 - [TEST_STEP][PASSED] - yLocation = ttLocation.getY(): null

27-02-2025T17:19:31 - [TEST_STEP][PASSED] - xLocation = ttLocation.getX(): null

27-02-2025T17:19:31 - [TEST_STEP][PASSED] - fieldTooltips.put(ttText, yLocation): null

27-02-2025T17:19:31 - [TEST_STEP][PASSED] - if (it.isDisplayed()): null

27-02-2025T17:19:31 - [TEST_STEP][PASSED] - if (it.isDisplayed()): null

27-02-2025T17:19:31 - [TEST_STEP][PASSED] - if (it.isDisplayed()): null

27-02-2025T17:19:31 - [TEST_STEP][PASSED] - if (it.isDisplayed()): null

27-02-2025T17:19:31 - [TEST_STEP][PASSED] - if (it.isDisplayed()): null

27-02-2025T17:19:31 - [TEST_STEP][PASSED] - if (it.isDisplayed()): null

27-02-2025T17:19:31 - [TEST_STEP][PASSED] - if (it.isDisplayed()): null

27-02-2025T17:19:31 - [TEST_STEP][PASSED] - if (it.isDisplayed()): null

27-02-2025T17:19:31 - [TEST_STEP][PASSED] - if (it.isDisplayed()): null

27-02-2025T17:19:31 - [TEST_STEP][PASSED] - if (it.isDisplayed()): null

27-02-2025T17:19:31 - [TEST_STEP][PASSED] - if (it.isDisplayed()): null

27-02-2025T17:19:31 - [TEST_STEP][PASSED] - if (it.isDisplayed()): null

27-02-2025T17:19:31 - [TEST_STEP][PASSED] - if (it.isDisplayed()): null

27-02-2025T17:19:31 - [TEST_STEP][PASSED] - if (fieldTooltips.size() > 0): null

27-02-2025T17:19:31 - [TEST_STEP][PASSED] - rightBorder = xLocation: null

27-02-2025T17:19:31 - [TEST_STEP][PASSED] - fieldLabels = [:]: null

27-02-2025T17:19:31 - [TEST_STEP][PASSED] - labels = driver.findElements(By.xpath("//label")): null

27-02-2025T17:19:31 - [TEST_STEP][PASSED] - labels.each({ -> ... }): null

27-02-2025T17:19:33 - [TEST_STEP][PASSED] - for (def label : fieldLabels): null

27-02-2025T17:19:33 - [TEST_STEP][PASSED] - y = value: null

27-02-2025T17:19:33 - [TEST_STEP][PASSED] - for (def tooltip : fieldTooltips): null

27-02-2025T17:19:33 - [TEST_STEP][PASSED] - if (value == y || value == y + 1 || value == y - 1): null

27-02-2025T17:19:33 - [TEST_STEP][PASSED] - tooltipMap.put(key, key): null

27-02-2025T17:19:33 - [TEST_STEP][PASSED] - break: null

27-02-2025T17:19:33 - [TEST_STEP][PASSED] - y = value: null

27-02-2025T17:19:33 - [TEST_STEP][PASSED] - for (def tooltip : fieldTooltips): null

27-02-2025T17:19:33 - [TEST_STEP][PASSED] - if (value == y || value == y + 1 || value == y - 1): null

27-02-2025T17:19:33 - [TEST_STEP][PASSED] - if (value == y || value == y + 1 || value == y - 1): null

27-02-2025T17:19:33 - [TEST_STEP][PASSED] - tooltipMap.put(key, key): null

27-02-2025T17:19:33 - [TEST_STEP][PASSED] - break: null

27-02-2025T17:19:33 - [TEST_STEP][PASSED] - y = value: null

27-02-2025T17:19:33 - [TEST_STEP][PASSED] - for (def tooltip : fieldTooltips): null

27-02-2025T17:19:33 - [TEST_STEP][PASSED] - if (value == y || value == y + 1 || value == y - 1): null

27-02-2025T17:19:33 - [TEST_STEP][PASSED] - if (value == y || value == y + 1 || value == y - 1): null

27-02-2025T17:19:33 - [TEST_STEP][PASSED] - if (value == y || value == y + 1 || value == y - 1): null

27-02-2025T17:19:33 - [TEST_STEP][PASSED] - if (value == y || value == y + 1 || value == y - 1): null

27-02-2025T17:19:33 - [TEST_STEP][PASSED] - if (value == y || value == y + 1 || value == y - 1): null

27-02-2025T17:19:33 - [TEST_STEP][PASSED] - if (value == y || value == y + 1 || value == y - 1): null

27-02-2025T17:19:33 - [TEST_STEP][PASSED] - if (value == y || value == y + 1 || value == y - 1): null

27-02-2025T17:19:33 - [TEST_STEP][PASSED] - y = value: null

27-02-2025T17:19:33 - [TEST_STEP][PASSED] - for (def tooltip : fieldTooltips): null

27-02-2025T17:19:33 - [TEST_STEP][PASSED] - if (value == y || value == y + 1 || value == y - 1): null

27-02-2025T17:19:33 - [TEST_STEP][PASSED] - if (value == y || value == y + 1 || value == y - 1): null

27-02-2025T17:19:33 - [TEST_STEP][PASSED] - if (value == y || value == y + 1 || value == y - 1): null

27-02-2025T17:19:33 - [TEST_STEP][PASSED] - tooltipMap.put(key, key): null

27-02-2025T17:19:33 - [TEST_STEP][PASSED] - break: null

27-02-2025T17:19:33 - [TEST_STEP][PASSED] - y = value: null

27-02-2025T17:19:33 - [TEST_STEP][PASSED] - for (def tooltip : fieldTooltips): null

27-02-2025T17:19:33 - [TEST_STEP][PASSED] - if (value == y || value == y + 1 || value == y - 1): null

27-02-2025T17:19:33 - [TEST_STEP][PASSED] - if (value == y || value == y + 1 || value == y - 1): null

27-02-2025T17:19:33 - [TEST_STEP][PASSED] - if (value == y || value == y + 1 || value == y - 1): null

27-02-2025T17:19:33 - [TEST_STEP][PASSED] - if (value == y || value == y + 1 || value == y - 1): null

27-02-2025T17:19:33 - [TEST_STEP][PASSED] - if (value == y || value == y + 1 || value == y - 1): null

27-02-2025T17:19:33 - [TEST_STEP][PASSED] - if (value == y || value == y + 1 || value == y - 1): null

27-02-2025T17:19:33 - [TEST_STEP][PASSED] - if (value == y || value == y + 1 || value == y - 1): null

27-02-2025T17:19:33 - [TEST_STEP][PASSED] - y = value: null

27-02-2025T17:19:33 - [TEST_STEP][PASSED] - for (def tooltip : fieldTooltips): null

27-02-2025T17:19:33 - [TEST_STEP][PASSED] - if (value == y || value == y + 1 || value == y - 1): null

27-02-2025T17:19:33 - [TEST_STEP][PASSED] - if (value == y || value == y + 1 || value == y - 1): null

27-02-2025T17:19:33 - [TEST_STEP][PASSED] - if (value == y || value == y + 1 || value == y - 1): null

27-02-2025T17:19:33 - [TEST_STEP][PASSED] - if (value == y || value == y + 1 || value == y - 1): null

27-02-2025T17:19:33 - [TEST_STEP][PASSED] - if (value == y || value == y + 1 || value == y - 1): null

27-02-2025T17:19:33 - [TEST_STEP][PASSED] - if (value == y || value == y + 1 || value == y - 1): null

27-02-2025T17:19:33 - [TEST_STEP][PASSED] - if (value == y || value == y + 1 || value == y - 1): null

27-02-2025T17:19:33 - [TEST_STEP][PASSED] - y = value: null

27-02-2025T17:19:33 - [TEST_STEP][PASSED] - for (def tooltip : fieldTooltips): null

27-02-2025T17:19:33 - [TEST_STEP][PASSED] - if (value == y || value == y + 1 || value == y - 1): null

27-02-2025T17:19:33 - [TEST_STEP][PASSED] - if (value == y || value == y + 1 || value == y - 1): null

27-02-2025T17:19:33 - [TEST_STEP][PASSED] - if (value == y || value == y + 1 || value == y - 1): null

27-02-2025T17:19:33 - [TEST_STEP][PASSED] - if (value == y || value == y + 1 || value == y - 1): null

27-02-2025T17:19:33 - [TEST_STEP][PASSED] - tooltipMap.put(key, key): null

27-02-2025T17:19:33 - [TEST_STEP][PASSED] - break: null

27-02-2025T17:19:33 - [TEST_STEP][PASSED] - y = value: null

27-02-2025T17:19:33 - [TEST_STEP][PASSED] - for (def tooltip : fieldTooltips): null

27-02-2025T17:19:33 - [TEST_STEP][PASSED] - if (value == y || value == y + 1 || value == y - 1): null

27-02-2025T17:19:33 - [TEST_STEP][PASSED] - if (value == y || value == y + 1 || value == y - 1): null

27-02-2025T17:19:33 - [TEST_STEP][PASSED] - if (value == y || value == y + 1 || value == y - 1): null

27-02-2025T17:19:33 - [TEST_STEP][PASSED] - if (value == y || value == y + 1 || value == y - 1): null

27-02-2025T17:19:33 - [TEST_STEP][PASSED] - if (value == y || value == y + 1 || value == y - 1): null

27-02-2025T17:19:33 - [TEST_STEP][PASSED] - if (value == y || value == y + 1 || value == y - 1): null

27-02-2025T17:19:33 - [TEST_STEP][PASSED] - if (value == y || value == y + 1 || value == y - 1): null

27-02-2025T17:19:33 - [TEST_STEP][PASSED] - y = value: null

27-02-2025T17:19:33 - [TEST_STEP][PASSED] - for (def tooltip : fieldTooltips): null

27-02-2025T17:19:33 - [TEST_STEP][PASSED] - if (value == y || value == y + 1 || value == y - 1): null

27-02-2025T17:19:33 - [TEST_STEP][PASSED] - if (value == y || value == y + 1 || value == y - 1): null

27-02-2025T17:19:33 - [TEST_STEP][PASSED] - if (value == y || value == y + 1 || value == y - 1): null

27-02-2025T17:19:33 - [TEST_STEP][PASSED] - if (value == y || value == y + 1 || value == y - 1): null

27-02-2025T17:19:33 - [TEST_STEP][PASSED] - if (value == y || value == y + 1 || value == y - 1): null

27-02-2025T17:19:33 - [TEST_STEP][PASSED] - if (value == y || value == y + 1 || value == y - 1): null

27-02-2025T17:19:33 - [TEST_STEP][PASSED] - if (value == y || value == y + 1 || value == y - 1): null

27-02-2025T17:19:33 - [TEST_STEP][PASSED] - y = value: null

27-02-2025T17:19:33 - [TEST_STEP][PASSED] - for (def tooltip : fieldTooltips): null

27-02-2025T17:19:33 - [TEST_STEP][PASSED] - if (value == y || value == y + 1 || value == y - 1): null

27-02-2025T17:19:33 - [TEST_STEP][PASSED] - if (value == y || value == y + 1 || value == y - 1): null

27-02-2025T17:19:33 - [TEST_STEP][PASSED] - if (value == y || value == y + 1 || value == y - 1): null

27-02-2025T17:19:33 - [TEST_STEP][PASSED] - if (value == y || value == y + 1 || value == y - 1): null

27-02-2025T17:19:33 - [TEST_STEP][PASSED] - if (value == y || value == y + 1 || value == y - 1): null

27-02-2025T17:19:33 - [TEST_STEP][PASSED] - if (value == y || value == y + 1 || value == y - 1): null

27-02-2025T17:19:33 - [TEST_STEP][PASSED] - if (value == y || value == y + 1 || value == y - 1): null

27-02-2025T17:19:33 - [TEST_STEP][PASSED] - y = value: null

27-02-2025T17:19:33 - [TEST_STEP][PASSED] - for (def tooltip : fieldTooltips): null

27-02-2025T17:19:33 - [TEST_STEP][PASSED] - if (value == y || value == y + 1 || value == y - 1): null

27-02-2025T17:19:33 - [TEST_STEP][PASSED] - if (value == y || value == y + 1 || value == y - 1): null

27-02-2025T17:19:33 - [TEST_STEP][PASSED] - if (value == y || value == y + 1 || value == y - 1): null

27-02-2025T17:19:33 - [TEST_STEP][PASSED] - if (value == y || value == y + 1 || value == y - 1): null

27-02-2025T17:19:33 - [TEST_STEP][PASSED] - if (value == y || value == y + 1 || value == y - 1): null

27-02-2025T17:19:33 - [TEST_STEP][PASSED] - tooltipMap.put(key, key): null

27-02-2025T17:19:33 - [TEST_STEP][PASSED] - break: null

27-02-2025T17:19:33 - [TEST_STEP][PASSED] - y = value: null

27-02-2025T17:19:33 - [TEST_STEP][PASSED] - for (def tooltip : fieldTooltips): null

27-02-2025T17:19:33 - [TEST_STEP][PASSED] - if (value == y || value == y + 1 || value == y - 1): null

27-02-2025T17:19:33 - [TEST_STEP][PASSED] - if (value == y || value == y + 1 || value == y - 1): null

27-02-2025T17:19:33 - [TEST_STEP][PASSED] - if (value == y || value == y + 1 || value == y - 1): null

27-02-2025T17:19:33 - [TEST_STEP][PASSED] - if (value == y || value == y + 1 || value == y - 1): null

27-02-2025T17:19:33 - [TEST_STEP][PASSED] - if (value == y || value == y + 1 || value == y - 1): null

27-02-2025T17:19:33 - [TEST_STEP][PASSED] - if (value == y || value == y + 1 || value == y - 1): null

27-02-2025T17:19:33 - [TEST_STEP][PASSED] - if (value == y || value == y + 1 || value == y - 1): null

27-02-2025T17:19:33 - [TEST_STEP][PASSED] - y = value: null

27-02-2025T17:19:33 - [TEST_STEP][PASSED] - for (def tooltip : fieldTooltips): null

27-02-2025T17:19:33 - [TEST_STEP][PASSED] - if (value == y || value == y + 1 || value == y - 1): null

27-02-2025T17:19:33 - [TEST_STEP][PASSED] - if (value == y || value == y + 1 || value == y - 1): null

27-02-2025T17:19:33 - [TEST_STEP][PASSED] - if (value == y || value == y + 1 || value == y - 1): null

27-02-2025T17:19:33 - [TEST_STEP][PASSED] - if (value == y || value == y + 1 || value == y - 1): null

27-02-2025T17:19:33 - [TEST_STEP][PASSED] - if (value == y || value == y + 1 || value == y - 1): null

27-02-2025T17:19:33 - [TEST_STEP][PASSED] - if (value == y || value == y + 1 || value == y - 1): null

27-02-2025T17:19:33 - [TEST_STEP][PASSED] - if (value == y || value == y + 1 || value == y - 1): null

27-02-2025T17:19:33 - [TEST_STEP][PASSED] - y = value: null

27-02-2025T17:19:33 - [TEST_STEP][PASSED] - for (def tooltip : fieldTooltips): null

27-02-2025T17:19:33 - [TEST_STEP][PASSED] - if (value == y || value == y + 1 || value == y - 1): null

27-02-2025T17:19:33 - [TEST_STEP][PASSED] - if (value == y || value == y + 1 || value == y - 1): null

27-02-2025T17:19:33 - [TEST_STEP][PASSED] - if (value == y || value == y + 1 || value == y - 1): null

27-02-2025T17:19:33 - [TEST_STEP][PASSED] - if (value == y || value == y + 1 || value == y - 1): null

27-02-2025T17:19:33 - [TEST_STEP][PASSED] - if (value == y || value == y + 1 || value == y - 1): null

27-02-2025T17:19:33 - [TEST_STEP][PASSED] - if (value == y || value == y + 1 || value == y - 1): null

27-02-2025T17:19:33 - [TEST_STEP][PASSED] - tooltipMap.put(key, key): null

27-02-2025T17:19:33 - [TEST_STEP][PASSED] - break: null

27-02-2025T17:19:33 - [TEST_STEP][PASSED] - y = value: null

27-02-2025T17:19:33 - [TEST_STEP][PASSED] - for (def tooltip : fieldTooltips): null

27-02-2025T17:19:33 - [TEST_STEP][PASSED] - if (value == y || value == y + 1 || value == y - 1): null

27-02-2025T17:19:33 - [TEST_STEP][PASSED] - if (value == y || value == y + 1 || value == y - 1): null

27-02-2025T17:19:33 - [TEST_STEP][PASSED] - if (value == y || value == y + 1 || value == y - 1): null

27-02-2025T17:19:33 - [TEST_STEP][PASSED] - if (value == y || value == y + 1 || value == y - 1): null

27-02-2025T17:19:33 - [TEST_STEP][PASSED] - if (value == y || value == y + 1 || value == y - 1): null

27-02-2025T17:19:33 - [TEST_STEP][PASSED] - if (value == y || value == y + 1 || value == y - 1): null

27-02-2025T17:19:33 - [TEST_STEP][PASSED] - if (value == y || value == y + 1 || value == y - 1): null

27-02-2025T17:19:33 - [TEST_STEP][PASSED] - y = value: null

27-02-2025T17:19:33 - [TEST_STEP][PASSED] - for (def tooltip : fieldTooltips): null

27-02-2025T17:19:33 - [TEST_STEP][PASSED] - if (value == y || value == y + 1 || value == y - 1): null

27-02-2025T17:19:33 - [TEST_STEP][PASSED] - if (value == y || value == y + 1 || value == y - 1): null

27-02-2025T17:19:33 - [TEST_STEP][PASSED] - if (value == y || value == y + 1 || value == y - 1): null

27-02-2025T17:19:33 - [TEST_STEP][PASSED] - if (value == y || value == y + 1 || value == y - 1): null

27-02-2025T17:19:33 - [TEST_STEP][PASSED] - if (value == y || value == y + 1 || value == y - 1): null

27-02-2025T17:19:33 - [TEST_STEP][PASSED] - if (value == y || value == y + 1 || value == y - 1): null

27-02-2025T17:19:33 - [TEST_STEP][PASSED] - if (value == y || value == y + 1 || value == y - 1): null

27-02-2025T17:19:33 - [TEST_STEP][PASSED] - tooltipMap.put(key, key): null

27-02-2025T17:19:33 - [TEST_STEP][PASSED] - break: null

27-02-2025T17:19:33 - [TEST_STEP][PASSED] - return tooltipMap: null

27-02-2025T17:19:33 - [MESSAGE][PASSED] - Call Test Case 'Test Cases/_Functions/Get Tooltip Text' successfully

27-02-2025T17:19:33 - [TEST_STEP][PASSED] - if (tooltipMap.size() > 0): null

27-02-2025T17:19:33 - [TEST_STEP][PASSED] - file = fileBase + "_Tooltips.csv": null

27-02-2025T17:19:33 - [TEST_STEP][PASSED] - outText = "FIELD LABEL" + "," + "TOOLTIP TEXT" + "

": null

27-02-2025T17:19:33 - [TEST_STEP][PASSED] - for (def it : tooltipMap): null

27-02-2025T17:19:33 - [TEST_STEP][PASSED] - name = key: null

27-02-2025T17:19:33 - [TEST_STEP][PASSED] - value = value.replace("
", ""): null

27-02-2025T17:19:33 - [TEST_STEP][PASSED] - value = value.trim(): null

27-02-2025T17:19:33 - [TEST_STEP][PASSED] - value = """ + value + """: null

27-02-2025T17:19:33 - [TEST_STEP][PASSED] - outText = outText + name + "," + value: null

27-02-2025T17:19:33 - [TEST_STEP][PASSED] - outText = outText + "
": null

27-02-2025T17:19:33 - [TEST_STEP][PASSED] - println(outText): null

27-02-2025T17:19:33 - [TEST_STEP][PASSED] - name = key: null

27-02-2025T17:19:33 - [TEST_STEP][PASSED] - value = value.replace("
", ""): null

27-02-2025T17:19:33 - [TEST_STEP][PASSED] - value = value.trim(): null

27-02-2025T17:19:33 - [TEST_STEP][PASSED] - value = """ + value + """: null

27-02-2025T17:19:33 - [TEST_STEP][PASSED] - outText = outText + name + "," + value: null

27-02-2025T17:19:33 - [TEST_STEP][PASSED] - outText = outText + "
": null

27-02-2025T17:19:33 - [TEST_STEP][PASSED] - println(outText): null

27-02-2025T17:19:33 - [TEST_STEP][PASSED] - name = key: null

27-02-2025T17:19:33 - [TEST_STEP][PASSED] - value = value.replace("
", ""): null

27-02-2025T17:19:33 - [TEST_STEP][PASSED] - value = value.trim(): null

27-02-2025T17:19:33 - [TEST_STEP][PASSED] - value = """ + value + """: null

27-02-2025T17:19:33 - [TEST_STEP][PASSED] - outText = outText + name + "," + value: null

27-02-2025T17:19:33 - [TEST_STEP][PASSED] - outText = outText + "
": null

27-02-2025T17:19:33 - [TEST_STEP][PASSED] - println(outText): null

27-02-2025T17:19:33 - [TEST_STEP][PASSED] - name = key: null

27-02-2025T17:19:33 - [TEST_STEP][PASSED] - value = value.replace("
", ""): null

27-02-2025T17:19:33 - [TEST_STEP][PASSED] - value = value.trim(): null

27-02-2025T17:19:33 - [TEST_STEP][PASSED] - value = """ + value + """: null

27-02-2025T17:19:33 - [TEST_STEP][PASSED] - outText = outText + name + "," + value: null

27-02-2025T17:19:33 - [TEST_STEP][PASSED] - outText = outText + "
": null

27-02-2025T17:19:33 - [TEST_STEP][PASSED] - println(outText): null

27-02-2025T17:19:33 - [TEST_STEP][PASSED] - name = key: null

27-02-2025T17:19:33 - [TEST_STEP][PASSED] - value = value.replace("
", ""): null

27-02-2025T17:19:33 - [TEST_STEP][PASSED] - value = value.trim(): null

27-02-2025T17:19:33 - [TEST_STEP][PASSED] - value = """ + value + """: null

27-02-2025T17:19:33 - [TEST_STEP][PASSED] - outText = outText + name + "," + value: null

27-02-2025T17:19:33 - [TEST_STEP][PASSED] - outText = outText + "
": null

27-02-2025T17:19:33 - [TEST_STEP][PASSED] - println(outText): null

27-02-2025T17:19:33 - [TEST_STEP][PASSED] - name = key: null

27-02-2025T17:19:33 - [TEST_STEP][PASSED] - value = value.replace("
", ""): null

27-02-2025T17:19:33 - [TEST_STEP][PASSED] - value = value.trim(): null

27-02-2025T17:19:33 - [TEST_STEP][PASSED] - value = """ + value + """: null

27-02-2025T17:19:33 - [TEST_STEP][PASSED] - outText = outText + name + "," + value: null

27-02-2025T17:19:33 - [TEST_STEP][PASSED] - outText = outText + "
": null

27-02-2025T17:19:33 - [TEST_STEP][PASSED] - println(outText): null

27-02-2025T17:19:33 - [TEST_STEP][PASSED] - name = key: null

27-02-2025T17:19:33 - [TEST_STEP][PASSED] - value = value.replace("
", ""): null

27-02-2025T17:19:33 - [TEST_STEP][PASSED] - value = value.trim(): null

27-02-2025T17:19:33 - [TEST_STEP][PASSED] - value = """ + value + """: null

27-02-2025T17:19:33 - [TEST_STEP][PASSED] - outText = outText + name + "," + value: null

27-02-2025T17:19:33 - [TEST_STEP][PASSED] - outText = outText + "
": null

27-02-2025T17:19:33 - [TEST_STEP][PASSED] - println(outText): null

27-02-2025T17:19:33 - [TEST_STEP][PASSED] - outFile = new java.io.File(file): null

27-02-2025T17:19:33 - [TEST_STEP][PASSED] - println(outText): null

27-02-2025T17:19:33 - [TEST_STEP][PASSED] - outFile.write(outText): null

27-02-2025T17:19:33 - [TEST_STEP][PASSED] - takeFullPageScreenshot(fileImage): Taking screenshot successfully

27-02-2025T17:19:34 - [MESSAGE][INFO] - 0 hidden object(s)

27-02-2025T17:19:35 - [MESSAGE][PASSED] - Taking screenshot successfully
[[ATTACHMENT|/Users/cckozie/Documents/MissionNext/Screenshots and Tooltip Text/Education Candidate Contact Info Tab_Screenshot.png]]

27-02-2025T17:19:35 - [TEST_STEP][PASSED] - frame.dispose(): null

27-02-2025T17:19:35 - [TEST_STEP][PASSED] - return tooltipMap: null

27-02-2025T17:19:35 - [MESSAGE][PASSED] - Call Test Case 'Test Cases/_Functions/Get Screenshot and Tooltip Text' successfully

27-02-2025T17:19:35 - [TEST_STEP][PASSED] - callTestCase(findTestCase("_Functions/Test Tooltips"), ["varTooltipImagePath":tooltipImagePath, "varTooltips":tooltips, "varTooltipText":tooltipText, "varTestObjectFolder":testObjectFolder, ... ], STOP_ON_FAILURE): Call Test Case 'Test Cases/_Functions/Test Tooltips' successfully

27-02-2025T17:19:35 - [TEST_CASE][PASSED] - Test Cases/_Functions/Test Tooltips: Test Cases/_Functions/Test Tooltips

27-02-2025T17:19:35 - [TEST_STEP][PASSED] - if (fastPath): null

27-02-2025T17:19:35 - [TEST_STEP][PASSED] - tooltipImagePath = varTooltipImagePath: null

27-02-2025T17:19:35 - [TEST_STEP][PASSED] - tooltips = varTooltips: null

27-02-2025T17:19:35 - [TEST_STEP][PASSED] - tooltipText = varTooltipText: null

27-02-2025T17:19:35 - [TEST_STEP][PASSED] - testObjectFolder = varTestObjectFolder: null

27-02-2025T17:19:35 - [TEST_STEP][PASSED] - tooltipTextMap = varTooltipTextMap: null

27-02-2025T17:19:35 - [TEST_STEP][PASSED] - writeFile = false: null

27-02-2025T17:19:35 - [TEST_STEP][PASSED] - if (outFile != ""): null

27-02-2025T17:19:35 - [TEST_STEP][PASSED] - myFile = outFile: null

27-02-2025T17:19:35 - [TEST_STEP][PASSED] - println(myFile): null

27-02-2025T17:19:35 - [TEST_STEP][PASSED] - outFile = new java.io.File(myFile): null

27-02-2025T17:19:35 - [TEST_STEP][PASSED] - writeFile = true: null

27-02-2025T17:19:35 - [TEST_STEP][PASSED] - driver = getWebDriver(): null

27-02-2025T17:19:35 - [TEST_STEP][PASSED] - action = new org.openqa.selenium.interactions.Actions(driver): null

27-02-2025T17:19:35 - [TEST_STEP][PASSED] - s = new org.sikuli.script.Screen(): null

27-02-2025T17:19:35 - [TEST_STEP][PASSED] - outText = "Verifying the tooltips can be displayed.
": null

27-02-2025T17:19:35 - [TEST_STEP][PASSED] - outFile.append(outText): null

27-02-2025T17:19:35 - [TEST_STEP][PASSED] - first = true: null

27-02-2025T17:19:35 - [TEST_STEP][PASSED] - for (def it : tooltips): null

27-02-2025T17:19:35 - [TEST_STEP][PASSED] - myKey = key: null

27-02-2025T17:19:35 - [TEST_STEP][PASSED] - myValue = value: null

27-02-2025T17:19:35 - [TEST_STEP][PASSED] - println("myKey is " + myKey): null

27-02-2025T17:19:35 - [TEST_STEP][PASSED] - println("myValue is " + myValue): null

27-02-2025T17:19:35 - [TEST_STEP][PASSED] - if (myKey != "dummy"): null

27-02-2025T17:19:35 - [TEST_STEP][PASSED] - else: null

27-02-2025T17:19:35 - [TEST_STEP][PASSED] - myImage = "/Users/cckozie/git/MissionNext-Katalon-Koz/images/dummy.png": null

27-02-2025T17:19:35 - [TEST_STEP][PASSED] - f = new java.io.File(myImage): null

27-02-2025T17:19:35 - [TEST_STEP][PASSED] - if (f.exists()): null

27-02-2025T17:19:35 - [TEST_STEP][PASSED] - println("Looking for " + myImage): null

27-02-2025T17:19:35 - [TEST_STEP][PASSED] - icn = Pattern(myImage).similar(0.10): null

27-02-2025T17:19:35 - [TEST_STEP][PASSED] - found = s.exists(icn): null

27-02-2025T17:19:35 - [TEST_STEP][PASSED] - println(found): null

27-02-2025T17:19:35 - [TEST_STEP][PASSED] - if (found != null): null

27-02-2025T17:19:35 - [TEST_STEP][PASSED] - foundStr = found.toString(): null

27-02-2025T17:19:35 - [TEST_STEP][PASSED] - matchP = foundStr.indexOf("%"): null

27-02-2025T17:19:35 - [TEST_STEP][PASSED] - if (matchP >= 0): null

27-02-2025T17:19:35 - [TEST_STEP][PASSED] - println(matchP): null

27-02-2025T17:19:35 - [TEST_STEP][PASSED] - pct = foundStr.substring(matchP + 1, matchP + 6): null

27-02-2025T17:19:35 - [TEST_STEP][PASSED] - pctF = pct.toFloat(): null

27-02-2025T17:19:35 - [TEST_STEP][PASSED] - outText = "+++ Tooltip match value for " + myKey + " is " + pctF + "%": null

27-02-2025T17:19:35 - [TEST_STEP][PASSED] - min = 80: null

27-02-2025T17:19:35 - [TEST_STEP][PASSED] - if (pctF.toFloat() < min.toFloat()): null

27-02-2025T17:19:35 - [TEST_STEP][PASSED] - outText = ">>>>> " + outText + " <<<<<": null

27-02-2025T17:19:35 - [TEST_STEP][PASSED] - if (myKey != "dummy"): null

27-02-2025T17:19:35 - [TEST_STEP][PASSED] - myKey = key: null

27-02-2025T17:19:35 - [TEST_STEP][PASSED] - myValue = value: null

27-02-2025T17:19:35 - [TEST_STEP][PASSED] - println("myKey is " + myKey): null

27-02-2025T17:19:35 - [TEST_STEP][PASSED] - println("myValue is " + myValue): null

27-02-2025T17:19:35 - [TEST_STEP][PASSED] - if (myKey != "dummy"): null

27-02-2025T17:19:35 - [TEST_STEP][PASSED] - tObj = testObjectFolder + myValue: null

27-02-2025T17:19:35 - [TEST_STEP][PASSED] - click(tObj): null

27-02-2025T17:19:35 - [TEST_STEP][PASSED] - scrollToObject(object): null

27-02-2025T17:19:35 - [TEST_STEP][PASSED] - println("Converting " + object + " to web element"): null

27-02-2025T17:19:35 - [TEST_STEP][PASSED] - element = findWebElement(findTestObject(object), 1): null

27-02-2025T17:19:35 - [TEST_STEP][PASSED] - loc = element.getLocation(): null

27-02-2025T17:19:35 - [TEST_STEP][PASSED] - x = loc.getX(): null

27-02-2025T17:19:35 - [TEST_STEP][PASSED] - if (x >= 560): null

27-02-2025T17:19:35 - [TEST_STEP][PASSED] - y = loc.getY(): null

27-02-2025T17:19:35 - [TEST_STEP][PASSED] - println("Y location is " + y): null

27-02-2025T17:19:35 - [TEST_STEP][PASSED] - top = getViewportTopPosition(): Current viewport's top (y) position is 0

27-02-2025T17:19:35 - [MESSAGE][PASSED] - Current viewport's top (y) position is 0

27-02-2025T17:19:35 - [TEST_STEP][PASSED] - println("Viewport top is " + top): null

27-02-2025T17:19:35 - [TEST_STEP][PASSED] - bottom = top + 600: null

27-02-2025T17:19:35 - [TEST_STEP][PASSED] - if (y - top < 150 || bottom - y < 10): null

27-02-2025T17:19:35 - [TEST_STEP][PASSED] - click(findTestObject(object)): null

27-02-2025T17:19:35 - [MESSAGE][PASSED] - Object: 'Object Repository/Education Candidate Profile/Tabs/Contact Info/img_First Name_field-tooltip' is clicked on

27-02-2025T17:19:35 - [TEST_STEP][PASSED] - delay(1): Delayed 1 second(s)

27-02-2025T17:19:36 - [MESSAGE][PASSED] - Delayed 1 second(s)

27-02-2025T17:19:36 - [TEST_STEP][PASSED] - myImage = tooltipImagePath + myKey + ".png": null

27-02-2025T17:19:36 - [TEST_STEP][PASSED] - f = new java.io.File(myImage): null

27-02-2025T17:19:36 - [TEST_STEP][PASSED] - if (f.exists()): null

27-02-2025T17:19:36 - [TEST_STEP][PASSED] - println("Looking for " + myImage): null

27-02-2025T17:19:36 - [TEST_STEP][PASSED] - icn = Pattern(myImage).similar(0.10): null

27-02-2025T17:19:36 - [TEST_STEP][PASSED] - found = s.exists(icn): null

27-02-2025T17:19:36 - [TEST_STEP][PASSED] - println(found): null

27-02-2025T17:19:36 - [TEST_STEP][PASSED] - if (found != null): null

27-02-2025T17:19:36 - [TEST_STEP][PASSED] - foundStr = found.toString(): null

27-02-2025T17:19:36 - [TEST_STEP][PASSED] - matchP = foundStr.indexOf("%"): null

27-02-2025T17:19:36 - [TEST_STEP][PASSED] - if (matchP >= 0): null

27-02-2025T17:19:36 - [TEST_STEP][PASSED] - println(matchP): null

27-02-2025T17:19:36 - [TEST_STEP][PASSED] - pct = foundStr.substring(matchP + 1, matchP + 6): null

27-02-2025T17:19:36 - [TEST_STEP][PASSED] - pctF = pct.toFloat(): null

27-02-2025T17:19:36 - [TEST_STEP][PASSED] - outText = "+++ Tooltip match value for " + myKey + " is " + pctF + "%": null

27-02-2025T17:19:36 - [TEST_STEP][PASSED] - min = 80: null

27-02-2025T17:19:36 - [TEST_STEP][PASSED] - if (pctF.toFloat() < min.toFloat()): null

27-02-2025T17:19:36 - [TEST_STEP][PASSED] - if (myKey != "dummy"): null

27-02-2025T17:19:36 - [TEST_STEP][PASSED] - println(outText): null

27-02-2025T17:19:36 - [TEST_STEP][PASSED] - outFile.append(outText + "
"): null

27-02-2025T17:19:36 - [TEST_STEP][PASSED] - myKey = key: null

27-02-2025T17:19:36 - [TEST_STEP][PASSED] - myValue = value: null

27-02-2025T17:19:36 - [TEST_STEP][PASSED] - println("myKey is " + myKey): null

27-02-2025T17:19:36 - [TEST_STEP][PASSED] - println("myValue is " + myValue): null

27-02-2025T17:19:36 - [TEST_STEP][PASSED] - if (myKey != "dummy"): null

27-02-2025T17:19:36 - [TEST_STEP][PASSED] - tObj = testObjectFolder + myValue: null

27-02-2025T17:19:36 - [TEST_STEP][PASSED] - click(tObj): null

27-02-2025T17:19:36 - [TEST_STEP][PASSED] - scrollToObject(object): null

27-02-2025T17:19:36 - [TEST_STEP][PASSED] - println("Converting " + object + " to web element"): null

27-02-2025T17:19:36 - [TEST_STEP][PASSED] - element = findWebElement(findTestObject(object), 1): null

27-02-2025T17:19:36 - [TEST_STEP][PASSED] - loc = element.getLocation(): null

27-02-2025T17:19:36 - [TEST_STEP][PASSED] - x = loc.getX(): null

27-02-2025T17:19:36 - [TEST_STEP][PASSED] - if (x >= 560): null

27-02-2025T17:19:36 - [TEST_STEP][PASSED] - y = loc.getY(): null

27-02-2025T17:19:36 - [TEST_STEP][PASSED] - println("Y location is " + y): null

27-02-2025T17:19:36 - [TEST_STEP][PASSED] - top = getViewportTopPosition(): Current viewport's top (y) position is 0

27-02-2025T17:19:36 - [MESSAGE][PASSED] - Current viewport's top (y) position is 0

27-02-2025T17:19:36 - [TEST_STEP][PASSED] - println("Viewport top is " + top): null

27-02-2025T17:19:36 - [TEST_STEP][PASSED] - bottom = top + 600: null

27-02-2025T17:19:36 - [TEST_STEP][PASSED] - if (y - top < 150 || bottom - y < 10): Delayed 1 second(s)

27-02-2025T17:19:36 - [TEST_STEP][PASSED] - scrollToPosition(0, y - 170): Browser is scrolled to position x = 0, y = 456

27-02-2025T17:19:36 - [MESSAGE][PASSED] - Browser is scrolled to position x = 0, y = 456

27-02-2025T17:19:36 - [TEST_STEP][PASSED] - delay(1): Delayed 1 second(s)

27-02-2025T17:19:37 - [MESSAGE][PASSED] - Delayed 1 second(s)

27-02-2025T17:19:37 - [TEST_STEP][PASSED] - click(findTestObject(object)): null

27-02-2025T17:19:37 - [MESSAGE][PASSED] - Object: 'Object Repository/Education Candidate Profile/Tabs/Contact Info/img_Last Name_field-tooltip' is clicked on

27-02-2025T17:19:37 - [TEST_STEP][PASSED] - delay(1): Delayed 1 second(s)

27-02-2025T17:19:38 - [MESSAGE][PASSED] - Delayed 1 second(s)

27-02-2025T17:19:38 - [TEST_STEP][PASSED] - myImage = tooltipImagePath + myKey + ".png": null

27-02-2025T17:19:38 - [TEST_STEP][PASSED] - f = new java.io.File(myImage): null

27-02-2025T17:19:38 - [TEST_STEP][PASSED] - if (f.exists()): null

27-02-2025T17:19:38 - [TEST_STEP][PASSED] - println("Looking for " + myImage): null

27-02-2025T17:19:38 - [TEST_STEP][PASSED] - icn = Pattern(myImage).similar(0.10): null

27-02-2025T17:19:38 - [TEST_STEP][PASSED] - found = s.exists(icn): null

27-02-2025T17:19:38 - [TEST_STEP][PASSED] - println(found): null

27-02-2025T17:19:38 - [TEST_STEP][PASSED] - if (found != null): null

27-02-2025T17:19:38 - [TEST_STEP][PASSED] - foundStr = found.toString(): null

27-02-2025T17:19:38 - [TEST_STEP][PASSED] - matchP = foundStr.indexOf("%"): null

27-02-2025T17:19:38 - [TEST_STEP][PASSED] - if (matchP >= 0): null

27-02-2025T17:19:38 - [TEST_STEP][PASSED] - println(matchP): null

27-02-2025T17:19:38 - [TEST_STEP][PASSED] - pct = foundStr.substring(matchP + 1, matchP + 6): null

27-02-2025T17:19:38 - [TEST_STEP][PASSED] - pctF = pct.toFloat(): null

27-02-2025T17:19:38 - [TEST_STEP][PASSED] - outText = "+++ Tooltip match value for " + myKey + " is " + pctF + "%": null

27-02-2025T17:19:38 - [TEST_STEP][PASSED] - min = 80: null

27-02-2025T17:19:38 - [TEST_STEP][PASSED] - if (pctF.toFloat() < min.toFloat()): null

27-02-2025T17:19:38 - [TEST_STEP][PASSED] - if (myKey != "dummy"): null

27-02-2025T17:19:38 - [TEST_STEP][PASSED] - println(outText): null

27-02-2025T17:19:38 - [TEST_STEP][PASSED] - outFile.append(outText + "
"): null

27-02-2025T17:19:38 - [TEST_STEP][PASSED] - myKey = key: null

27-02-2025T17:19:38 - [TEST_STEP][PASSED] - myValue = value: null

27-02-2025T17:19:38 - [TEST_STEP][PASSED] - println("myKey is " + myKey): null

27-02-2025T17:19:38 - [TEST_STEP][PASSED] - println("myValue is " + myValue): null

27-02-2025T17:19:38 - [TEST_STEP][PASSED] - if (myKey != "dummy"): null

27-02-2025T17:19:38 - [TEST_STEP][PASSED] - tObj = testObjectFolder + myValue: null

27-02-2025T17:19:38 - [TEST_STEP][PASSED] - click(tObj): null

27-02-2025T17:19:38 - [TEST_STEP][PASSED] - scrollToObject(object): null

27-02-2025T17:19:38 - [TEST_STEP][PASSED] - println("Converting " + object + " to web element"): null

27-02-2025T17:19:38 - [TEST_STEP][PASSED] - element = findWebElement(findTestObject(object), 1): null

27-02-2025T17:19:38 - [TEST_STEP][PASSED] - loc = element.getLocation(): null

27-02-2025T17:19:38 - [TEST_STEP][PASSED] - x = loc.getX(): null

27-02-2025T17:19:38 - [TEST_STEP][PASSED] - if (x >= 560): null

27-02-2025T17:19:38 - [TEST_STEP][PASSED] - y = loc.getY(): null

27-02-2025T17:19:38 - [TEST_STEP][PASSED] - println("Y location is " + y): null

27-02-2025T17:19:38 - [TEST_STEP][PASSED] - top = getViewportTopPosition(): Current viewport's top (y) position is 456

27-02-2025T17:19:38 - [MESSAGE][PASSED] - Current viewport's top (y) position is 456

27-02-2025T17:19:38 - [TEST_STEP][PASSED] - println("Viewport top is " + top): null

27-02-2025T17:19:38 - [TEST_STEP][PASSED] - bottom = top + 600: null

27-02-2025T17:19:38 - [TEST_STEP][PASSED] - if (y - top < 150 || bottom - y < 10): null

27-02-2025T17:19:38 - [TEST_STEP][PASSED] - click(findTestObject(object)): null

27-02-2025T17:19:38 - [MESSAGE][PASSED] - Object: 'Object Repository/Education Candidate Profile/Tabs/Contact Info/img_Your Email_field-tooltip' is clicked on

27-02-2025T17:19:38 - [TEST_STEP][PASSED] - delay(1): Delayed 1 second(s)

27-02-2025T17:19:39 - [MESSAGE][PASSED] - Delayed 1 second(s)

27-02-2025T17:19:39 - [TEST_STEP][PASSED] - myImage = tooltipImagePath + myKey + ".png": null

27-02-2025T17:19:39 - [TEST_STEP][PASSED] - f = new java.io.File(myImage): null

27-02-2025T17:19:39 - [TEST_STEP][PASSED] - if (f.exists()): null

27-02-2025T17:19:39 - [TEST_STEP][PASSED] - println("Looking for " + myImage): null

27-02-2025T17:19:39 - [TEST_STEP][PASSED] - icn = Pattern(myImage).similar(0.10): null

27-02-2025T17:19:39 - [TEST_STEP][PASSED] - found = s.exists(icn): null

27-02-2025T17:19:39 - [TEST_STEP][PASSED] - println(found): null

27-02-2025T17:19:39 - [TEST_STEP][PASSED] - if (found != null): null

27-02-2025T17:19:39 - [TEST_STEP][PASSED] - foundStr = found.toString(): null

27-02-2025T17:19:39 - [TEST_STEP][PASSED] - matchP = foundStr.indexOf("%"): null

27-02-2025T17:19:39 - [TEST_STEP][PASSED] - if (matchP >= 0): null

27-02-2025T17:19:39 - [TEST_STEP][PASSED] - println(matchP): null

27-02-2025T17:19:39 - [TEST_STEP][PASSED] - pct = foundStr.substring(matchP + 1, matchP + 6): null

27-02-2025T17:19:39 - [TEST_STEP][PASSED] - pctF = pct.toFloat(): null

27-02-2025T17:19:39 - [TEST_STEP][PASSED] - outText = "+++ Tooltip match value for " + myKey + " is " + pctF + "%": null

27-02-2025T17:19:39 - [TEST_STEP][PASSED] - min = 80: null

27-02-2025T17:19:39 - [TEST_STEP][PASSED] - if (pctF.toFloat() < min.toFloat()): null

27-02-2025T17:19:39 - [TEST_STEP][PASSED] - if (myKey != "dummy"): null

27-02-2025T17:19:39 - [TEST_STEP][PASSED] - println(outText): null

27-02-2025T17:19:39 - [TEST_STEP][PASSED] - outFile.append(outText + "
"): null

27-02-2025T17:19:39 - [TEST_STEP][PASSED] - myKey = key: null

27-02-2025T17:19:39 - [TEST_STEP][PASSED] - myValue = value: null

27-02-2025T17:19:39 - [TEST_STEP][PASSED] - println("myKey is " + myKey): null

27-02-2025T17:19:39 - [TEST_STEP][PASSED] - println("myValue is " + myValue): null

27-02-2025T17:19:39 - [TEST_STEP][PASSED] - if (myKey != "dummy"): null

27-02-2025T17:19:39 - [TEST_STEP][PASSED] - tObj = testObjectFolder + myValue: null

27-02-2025T17:19:39 - [TEST_STEP][PASSED] - click(tObj): null

27-02-2025T17:19:39 - [TEST_STEP][PASSED] - scrollToObject(object): null

27-02-2025T17:19:39 - [TEST_STEP][PASSED] - println("Converting " + object + " to web element"): null

27-02-2025T17:19:39 - [TEST_STEP][PASSED] - element = findWebElement(findTestObject(object), 1): null

27-02-2025T17:19:39 - [TEST_STEP][PASSED] - loc = element.getLocation(): null

27-02-2025T17:19:39 - [TEST_STEP][PASSED] - x = loc.getX(): null

27-02-2025T17:19:39 - [TEST_STEP][PASSED] - if (x >= 560): null

27-02-2025T17:19:39 - [TEST_STEP][PASSED] - y = loc.getY(): null

27-02-2025T17:19:39 - [TEST_STEP][PASSED] - println("Y location is " + y): null

27-02-2025T17:19:39 - [TEST_STEP][PASSED] - top = getViewportTopPosition(): Current viewport's top (y) position is 456

27-02-2025T17:19:39 - [MESSAGE][PASSED] - Current viewport's top (y) position is 456

27-02-2025T17:19:39 - [TEST_STEP][PASSED] - println("Viewport top is " + top): null

27-02-2025T17:19:39 - [TEST_STEP][PASSED] - bottom = top + 600: null

27-02-2025T17:19:39 - [TEST_STEP][PASSED] - if (y - top < 150 || bottom - y < 10): null

27-02-2025T17:19:39 - [TEST_STEP][PASSED] - click(findTestObject(object)): null

27-02-2025T17:19:39 - [MESSAGE][PASSED] - Object: 'Object Repository/Education Candidate Profile/Tabs/Contact Info/img_State_field-tooltip' is clicked on

27-02-2025T17:19:39 - [TEST_STEP][PASSED] - delay(1): Delayed 1 second(s)

27-02-2025T17:19:40 - [MESSAGE][PASSED] - Delayed 1 second(s)

27-02-2025T17:19:40 - [TEST_STEP][PASSED] - myImage = tooltipImagePath + myKey + ".png": null

27-02-2025T17:19:40 - [TEST_STEP][PASSED] - f = new java.io.File(myImage): null

27-02-2025T17:19:40 - [TEST_STEP][PASSED] - if (f.exists()): null

27-02-2025T17:19:40 - [TEST_STEP][PASSED] - println("Looking for " + myImage): null

27-02-2025T17:19:40 - [TEST_STEP][PASSED] - icn = Pattern(myImage).similar(0.10): null

27-02-2025T17:19:40 - [TEST_STEP][PASSED] - found = s.exists(icn): null

27-02-2025T17:19:41 - [TEST_STEP][PASSED] - println(found): null

27-02-2025T17:19:41 - [TEST_STEP][PASSED] - if (found != null): null

27-02-2025T17:19:41 - [TEST_STEP][PASSED] - foundStr = found.toString(): null

27-02-2025T17:19:41 - [TEST_STEP][PASSED] - matchP = foundStr.indexOf("%"): null

27-02-2025T17:19:41 - [TEST_STEP][PASSED] - if (matchP >= 0): null

27-02-2025T17:19:41 - [TEST_STEP][PASSED] - println(matchP): null

27-02-2025T17:19:41 - [TEST_STEP][PASSED] - pct = foundStr.substring(matchP + 1, matchP + 6): null

27-02-2025T17:19:41 - [TEST_STEP][PASSED] - pctF = pct.toFloat(): null

27-02-2025T17:19:41 - [TEST_STEP][PASSED] - outText = "+++ Tooltip match value for " + myKey + " is " + pctF + "%": null

27-02-2025T17:19:41 - [TEST_STEP][PASSED] - min = 80: null

27-02-2025T17:19:41 - [TEST_STEP][PASSED] - if (pctF.toFloat() < min.toFloat()): null

27-02-2025T17:19:41 - [TEST_STEP][PASSED] - if (myKey != "dummy"): null

27-02-2025T17:19:41 - [TEST_STEP][PASSED] - println(outText): null

27-02-2025T17:19:41 - [TEST_STEP][PASSED] - outFile.append(outText + "
"): null

27-02-2025T17:19:41 - [TEST_STEP][PASSED] - myKey = key: null

27-02-2025T17:19:41 - [TEST_STEP][PASSED] - myValue = value: null

27-02-2025T17:19:41 - [TEST_STEP][PASSED] - println("myKey is " + myKey): null

27-02-2025T17:19:41 - [TEST_STEP][PASSED] - println("myValue is " + myValue): null

27-02-2025T17:19:41 - [TEST_STEP][PASSED] - if (myKey != "dummy"): null

27-02-2025T17:19:41 - [TEST_STEP][PASSED] - tObj = testObjectFolder + myValue: null

27-02-2025T17:19:41 - [TEST_STEP][PASSED] - click(tObj): null

27-02-2025T17:19:41 - [TEST_STEP][PASSED] - scrollToObject(object): null

27-02-2025T17:19:41 - [TEST_STEP][PASSED] - println("Converting " + object + " to web element"): null

27-02-2025T17:19:41 - [TEST_STEP][PASSED] - element = findWebElement(findTestObject(object), 1): null

27-02-2025T17:19:41 - [TEST_STEP][PASSED] - loc = element.getLocation(): null

27-02-2025T17:19:41 - [TEST_STEP][PASSED] - x = loc.getX(): null

27-02-2025T17:19:41 - [TEST_STEP][PASSED] - if (x >= 560): null

27-02-2025T17:19:41 - [TEST_STEP][PASSED] - y = loc.getY(): null

27-02-2025T17:19:41 - [TEST_STEP][PASSED] - println("Y location is " + y): null

27-02-2025T17:19:41 - [TEST_STEP][PASSED] - top = getViewportTopPosition(): Current viewport's top (y) position is 456

27-02-2025T17:19:41 - [MESSAGE][PASSED] - Current viewport's top (y) position is 456

27-02-2025T17:19:41 - [TEST_STEP][PASSED] - println("Viewport top is " + top): null

27-02-2025T17:19:41 - [TEST_STEP][PASSED] - bottom = top + 600: null

27-02-2025T17:19:41 - [TEST_STEP][PASSED] - if (y - top < 150 || bottom - y < 10): Delayed 1 second(s)

27-02-2025T17:19:41 - [TEST_STEP][PASSED] - scrollToPosition(0, y - 170): Browser is scrolled to position x = 0, y = 887

27-02-2025T17:19:41 - [MESSAGE][PASSED] - Browser is scrolled to position x = 0, y = 887

27-02-2025T17:19:41 - [TEST_STEP][PASSED] - delay(1): Delayed 1 second(s)

27-02-2025T17:19:42 - [MESSAGE][PASSED] - Delayed 1 second(s)

27-02-2025T17:19:42 - [TEST_STEP][PASSED] - click(findTestObject(object)): null

27-02-2025T17:19:42 - [MESSAGE][PASSED] - Object: 'Object Repository/Education Candidate Profile/Tabs/Contact Info/img_Your Country of Citizenship_field-tooltip' is clicked on

27-02-2025T17:19:42 - [TEST_STEP][PASSED] - delay(1): Delayed 1 second(s)

27-02-2025T17:19:43 - [MESSAGE][PASSED] - Delayed 1 second(s)

27-02-2025T17:19:43 - [TEST_STEP][PASSED] - myImage = tooltipImagePath + myKey + ".png": null

27-02-2025T17:19:43 - [TEST_STEP][PASSED] - f = new java.io.File(myImage): null

27-02-2025T17:19:43 - [TEST_STEP][PASSED] - if (f.exists()): null

27-02-2025T17:19:43 - [TEST_STEP][PASSED] - println("Looking for " + myImage): null

27-02-2025T17:19:43 - [TEST_STEP][PASSED] - icn = Pattern(myImage).similar(0.10): null

27-02-2025T17:19:43 - [TEST_STEP][PASSED] - found = s.exists(icn): null

27-02-2025T17:19:43 - [TEST_STEP][PASSED] - println(found): null

27-02-2025T17:19:43 - [TEST_STEP][PASSED] - if (found != null): null

27-02-2025T17:19:43 - [TEST_STEP][PASSED] - foundStr = found.toString(): null

27-02-2025T17:19:43 - [TEST_STEP][PASSED] - matchP = foundStr.indexOf("%"): null

27-02-2025T17:19:43 - [TEST_STEP][PASSED] - if (matchP >= 0): null

27-02-2025T17:19:43 - [TEST_STEP][PASSED] - println(matchP): null

27-02-2025T17:19:43 - [TEST_STEP][PASSED] - pct = foundStr.substring(matchP + 1, matchP + 6): null

27-02-2025T17:19:43 - [TEST_STEP][PASSED] - pctF = pct.toFloat(): null

27-02-2025T17:19:43 - [TEST_STEP][PASSED] - outText = "+++ Tooltip match value for " + myKey + " is " + pctF + "%": null

27-02-2025T17:19:43 - [TEST_STEP][PASSED] - min = 80: null

27-02-2025T17:19:43 - [TEST_STEP][PASSED] - if (pctF.toFloat() < min.toFloat()): null

27-02-2025T17:19:43 - [TEST_STEP][PASSED] - if (myKey != "dummy"): null

27-02-2025T17:19:43 - [TEST_STEP][PASSED] - println(outText): null

27-02-2025T17:19:43 - [TEST_STEP][PASSED] - outFile.append(outText + "
"): null

27-02-2025T17:19:43 - [TEST_STEP][PASSED] - myKey = key: null

27-02-2025T17:19:43 - [TEST_STEP][PASSED] - myValue = value: null

27-02-2025T17:19:43 - [TEST_STEP][PASSED] - println("myKey is " + myKey): null

27-02-2025T17:19:43 - [TEST_STEP][PASSED] - println("myValue is " + myValue): null

27-02-2025T17:19:43 - [TEST_STEP][PASSED] - if (myKey != "dummy"): null

27-02-2025T17:19:43 - [TEST_STEP][PASSED] - tObj = testObjectFolder + myValue: null

27-02-2025T17:19:43 - [TEST_STEP][PASSED] - click(tObj): null

27-02-2025T17:19:43 - [TEST_STEP][PASSED] - scrollToObject(object): null

27-02-2025T17:19:43 - [TEST_STEP][PASSED] - println("Converting " + object + " to web element"): null

27-02-2025T17:19:43 - [TEST_STEP][PASSED] - element = findWebElement(findTestObject(object), 1): null

27-02-2025T17:19:43 - [TEST_STEP][PASSED] - loc = element.getLocation(): null

27-02-2025T17:19:43 - [TEST_STEP][PASSED] - x = loc.getX(): null

27-02-2025T17:19:43 - [TEST_STEP][PASSED] - if (x >= 560): null

27-02-2025T17:19:43 - [TEST_STEP][PASSED] - y = loc.getY(): null

27-02-2025T17:19:43 - [TEST_STEP][PASSED] - println("Y location is " + y): null

27-02-2025T17:19:43 - [TEST_STEP][PASSED] - top = getViewportTopPosition(): Current viewport's top (y) position is 887

27-02-2025T17:19:43 - [MESSAGE][PASSED] - Current viewport's top (y) position is 887

27-02-2025T17:19:43 - [TEST_STEP][PASSED] - println("Viewport top is " + top): null

27-02-2025T17:19:43 - [TEST_STEP][PASSED] - bottom = top + 600: null

27-02-2025T17:19:43 - [TEST_STEP][PASSED] - if (y - top < 150 || bottom - y < 10): null

27-02-2025T17:19:43 - [TEST_STEP][PASSED] - click(findTestObject(object)): null

27-02-2025T17:19:43 - [MESSAGE][PASSED] - Object: 'Object Repository/Education Candidate Profile/Tabs/Contact Info/img_Birth Year_field-tooltip' is clicked on

27-02-2025T17:19:43 - [TEST_STEP][PASSED] - delay(1): Delayed 1 second(s)

27-02-2025T17:19:44 - [MESSAGE][PASSED] - Delayed 1 second(s)

27-02-2025T17:19:44 - [TEST_STEP][PASSED] - myImage = tooltipImagePath + myKey + ".png": null

27-02-2025T17:19:44 - [TEST_STEP][PASSED] - f = new java.io.File(myImage): null

27-02-2025T17:19:44 - [TEST_STEP][PASSED] - if (f.exists()): null

27-02-2025T17:19:44 - [TEST_STEP][PASSED] - println("Looking for " + myImage): null

27-02-2025T17:19:44 - [TEST_STEP][PASSED] - icn = Pattern(myImage).similar(0.10): null

27-02-2025T17:19:44 - [TEST_STEP][PASSED] - found = s.exists(icn): null

27-02-2025T17:19:44 - [TEST_STEP][PASSED] - println(found): null

27-02-2025T17:19:44 - [TEST_STEP][PASSED] - if (found != null): null

27-02-2025T17:19:44 - [TEST_STEP][PASSED] - foundStr = found.toString(): null

27-02-2025T17:19:44 - [TEST_STEP][PASSED] - matchP = foundStr.indexOf("%"): null

27-02-2025T17:19:44 - [TEST_STEP][PASSED] - if (matchP >= 0): null

27-02-2025T17:19:44 - [TEST_STEP][PASSED] - println(matchP): null

27-02-2025T17:19:44 - [TEST_STEP][PASSED] - pct = foundStr.substring(matchP + 1, matchP + 6): null

27-02-2025T17:19:44 - [TEST_STEP][PASSED] - pctF = pct.toFloat(): null

27-02-2025T17:19:44 - [TEST_STEP][PASSED] - outText = "+++ Tooltip match value for " + myKey + " is " + pctF + "%": null

27-02-2025T17:19:44 - [TEST_STEP][PASSED] - min = 80: null

27-02-2025T17:19:44 - [TEST_STEP][PASSED] - if (pctF.toFloat() < min.toFloat()): null

27-02-2025T17:19:44 - [TEST_STEP][PASSED] - if (myKey != "dummy"): null

27-02-2025T17:19:44 - [TEST_STEP][PASSED] - println(outText): null

27-02-2025T17:19:44 - [TEST_STEP][PASSED] - outFile.append(outText + "
"): null

27-02-2025T17:19:44 - [TEST_STEP][PASSED] - myKey = key: null

27-02-2025T17:19:44 - [TEST_STEP][PASSED] - myValue = value: null

27-02-2025T17:19:44 - [TEST_STEP][PASSED] - println("myKey is " + myKey): null

27-02-2025T17:19:44 - [TEST_STEP][PASSED] - println("myValue is " + myValue): null

27-02-2025T17:19:44 - [TEST_STEP][PASSED] - if (myKey != "dummy"): null

27-02-2025T17:19:44 - [TEST_STEP][PASSED] - tObj = testObjectFolder + myValue: null

27-02-2025T17:19:44 - [TEST_STEP][PASSED] - click(tObj): null

27-02-2025T17:19:44 - [TEST_STEP][PASSED] - scrollToObject(object): null

27-02-2025T17:19:44 - [TEST_STEP][PASSED] - println("Converting " + object + " to web element"): null

27-02-2025T17:19:44 - [TEST_STEP][PASSED] - element = findWebElement(findTestObject(object), 1): null

27-02-2025T17:19:44 - [TEST_STEP][PASSED] - loc = element.getLocation(): null

27-02-2025T17:19:44 - [TEST_STEP][PASSED] - x = loc.getX(): null

27-02-2025T17:19:44 - [TEST_STEP][PASSED] - if (x >= 560): null

27-02-2025T17:19:44 - [TEST_STEP][PASSED] - y = loc.getY(): null

27-02-2025T17:19:44 - [TEST_STEP][PASSED] - println("Y location is " + y): null

27-02-2025T17:19:44 - [TEST_STEP][PASSED] - top = getViewportTopPosition(): Current viewport's top (y) position is 887

27-02-2025T17:19:44 - [MESSAGE][PASSED] - Current viewport's top (y) position is 887

27-02-2025T17:19:44 - [TEST_STEP][PASSED] - println("Viewport top is " + top): null

27-02-2025T17:19:44 - [TEST_STEP][PASSED] - bottom = top + 600: null

27-02-2025T17:19:44 - [TEST_STEP][PASSED] - if (y - top < 150 || bottom - y < 10): null

27-02-2025T17:19:44 - [TEST_STEP][PASSED] - click(findTestObject(object)): null

27-02-2025T17:19:44 - [MESSAGE][PASSED] - Object: 'Object Repository/Education Candidate Profile/Tabs/Contact Info/img_Terms and Conditions_field-tooltip' is clicked on

27-02-2025T17:19:44 - [TEST_STEP][PASSED] - delay(1): Delayed 1 second(s)

27-02-2025T17:19:45 - [MESSAGE][PASSED] - Delayed 1 second(s)

27-02-2025T17:19:45 - [TEST_STEP][PASSED] - myImage = tooltipImagePath + myKey + ".png": null

27-02-2025T17:19:45 - [TEST_STEP][PASSED] - f = new java.io.File(myImage): null

27-02-2025T17:19:45 - [TEST_STEP][PASSED] - if (f.exists()): null

27-02-2025T17:19:45 - [TEST_STEP][PASSED] - println("Looking for " + myImage): null

27-02-2025T17:19:45 - [TEST_STEP][PASSED] - icn = Pattern(myImage).similar(0.10): null

27-02-2025T17:19:45 - [TEST_STEP][PASSED] - found = s.exists(icn): null

27-02-2025T17:19:45 - [TEST_STEP][PASSED] - println(found): null

27-02-2025T17:19:45 - [TEST_STEP][PASSED] - if (found != null): null

27-02-2025T17:19:45 - [TEST_STEP][PASSED] - foundStr = found.toString(): null

27-02-2025T17:19:45 - [TEST_STEP][PASSED] - matchP = foundStr.indexOf("%"): null

27-02-2025T17:19:45 - [TEST_STEP][PASSED] - if (matchP >= 0): null

27-02-2025T17:19:45 - [TEST_STEP][PASSED] - println(matchP): null

27-02-2025T17:19:45 - [TEST_STEP][PASSED] - pct = foundStr.substring(matchP + 1, matchP + 6): null

27-02-2025T17:19:45 - [TEST_STEP][PASSED] - pctF = pct.toFloat(): null

27-02-2025T17:19:45 - [TEST_STEP][PASSED] - outText = "+++ Tooltip match value for " + myKey + " is " + pctF + "%": null

27-02-2025T17:19:45 - [TEST_STEP][PASSED] - min = 80: null

27-02-2025T17:19:45 - [TEST_STEP][PASSED] - if (pctF.toFloat() < min.toFloat()): null

27-02-2025T17:19:45 - [TEST_STEP][PASSED] - if (myKey != "dummy"): null

27-02-2025T17:19:45 - [TEST_STEP][PASSED] - println(outText): null

27-02-2025T17:19:45 - [TEST_STEP][PASSED] - outFile.append(outText + "
"): null

27-02-2025T17:19:45 - [TEST_STEP][PASSED] - outText = "Verifying the tooltip text on the page is what was expected.
": null

27-02-2025T17:19:45 - [TEST_STEP][PASSED] - println(tooltipTextMap): null

27-02-2025T17:19:45 - [TEST_STEP][PASSED] - outFile.append(outText): null

27-02-2025T17:19:45 - [TEST_STEP][PASSED] - for (def it : tooltipText): null

27-02-2025T17:19:45 - [TEST_STEP][PASSED] - println(it): null

27-02-2025T17:19:45 - [TEST_STEP][PASSED] - myKey = key: null

27-02-2025T17:19:45 - [TEST_STEP][PASSED] - myText = value.replace(""", ""): null

27-02-2025T17:19:45 - [TEST_STEP][PASSED] - myText = myText.trim(): null

27-02-2025T17:19:45 - [TEST_STEP][PASSED] - println(myKey): null

27-02-2025T17:19:45 - [TEST_STEP][PASSED] - println(myText): null

27-02-2025T17:19:45 - [TEST_STEP][PASSED] - println(tooltipTextMap.get(myKey)): null

27-02-2025T17:19:45 - [TEST_STEP][PASSED] - actualText = get(myKey).replace(""", ""): null

27-02-2025T17:19:45 - [TEST_STEP][PASSED] - actualText = actualText.trim(): null

27-02-2025T17:19:45 - [TEST_STEP][PASSED] - println(myKey + ":" + actualText): null

27-02-2025T17:19:45 - [TEST_STEP][PASSED] - if (actualText != myText): null

27-02-2025T17:19:45 - [TEST_STEP][PASSED] - println(it): null

27-02-2025T17:19:45 - [TEST_STEP][PASSED] - myKey = key: null

27-02-2025T17:19:45 - [TEST_STEP][PASSED] - myText = value.replace(""", ""): null

27-02-2025T17:19:45 - [TEST_STEP][PASSED] - myText = myText.trim(): null

27-02-2025T17:19:45 - [TEST_STEP][PASSED] - println(myKey): null

27-02-2025T17:19:45 - [TEST_STEP][PASSED] - println(myText): null

27-02-2025T17:19:45 - [TEST_STEP][PASSED] - println(tooltipTextMap.get(myKey)): null

27-02-2025T17:19:45 - [TEST_STEP][PASSED] - actualText = get(myKey).replace(""", ""): null

27-02-2025T17:19:45 - [TEST_STEP][PASSED] - actualText = actualText.trim(): null

27-02-2025T17:19:45 - [TEST_STEP][PASSED] - println(myKey + ":" + actualText): null

27-02-2025T17:19:45 - [TEST_STEP][PASSED] - if (actualText != myText): null

27-02-2025T17:19:45 - [TEST_STEP][PASSED] - println(it): null

27-02-2025T17:19:45 - [TEST_STEP][PASSED] - myKey = key: null

27-02-2025T17:19:45 - [TEST_STEP][PASSED] - myText = value.replace(""", ""): null

27-02-2025T17:19:45 - [TEST_STEP][PASSED] - myText = myText.trim(): null

27-02-2025T17:19:45 - [TEST_STEP][PASSED] - println(myKey): null

27-02-2025T17:19:45 - [TEST_STEP][PASSED] - println(myText): null

27-02-2025T17:19:45 - [TEST_STEP][PASSED] - println(tooltipTextMap.get(myKey)): null

27-02-2025T17:19:45 - [TEST_STEP][PASSED] - actualText = get(myKey).replace(""", ""): null

27-02-2025T17:19:45 - [TEST_STEP][PASSED] - actualText = actualText.trim(): null

27-02-2025T17:19:45 - [TEST_STEP][PASSED] - println(myKey + ":" + actualText): null

27-02-2025T17:19:45 - [TEST_STEP][PASSED] - if (actualText != myText): null

27-02-2025T17:19:45 - [TEST_STEP][PASSED] - println(it): null

27-02-2025T17:19:45 - [TEST_STEP][PASSED] - myKey = key: null

27-02-2025T17:19:45 - [TEST_STEP][PASSED] - myText = value.replace(""", ""): null

27-02-2025T17:19:45 - [TEST_STEP][PASSED] - myText = myText.trim(): null

27-02-2025T17:19:45 - [TEST_STEP][PASSED] - println(myKey): null

27-02-2025T17:19:45 - [TEST_STEP][PASSED] - println(myText): null

27-02-2025T17:19:45 - [TEST_STEP][PASSED] - println(tooltipTextMap.get(myKey)): null

27-02-2025T17:19:45 - [TEST_STEP][PASSED] - actualText = get(myKey).replace(""", ""): null

27-02-2025T17:19:45 - [TEST_STEP][PASSED] - actualText = actualText.trim(): null

27-02-2025T17:19:45 - [TEST_STEP][PASSED] - println(myKey + ":" + actualText): null

27-02-2025T17:19:45 - [TEST_STEP][PASSED] - if (actualText != myText): null

27-02-2025T17:19:45 - [TEST_STEP][PASSED] - println(it): null

27-02-2025T17:19:45 - [TEST_STEP][PASSED] - myKey = key: null

27-02-2025T17:19:45 - [TEST_STEP][PASSED] - myText = value.replace(""", ""): null

27-02-2025T17:19:45 - [TEST_STEP][PASSED] - myText = myText.trim(): null

27-02-2025T17:19:45 - [TEST_STEP][PASSED] - println(myKey): null

27-02-2025T17:19:45 - [TEST_STEP][PASSED] - println(myText): null

27-02-2025T17:19:45 - [TEST_STEP][PASSED] - println(tooltipTextMap.get(myKey)): null

27-02-2025T17:19:45 - [TEST_STEP][PASSED] - actualText = get(myKey).replace(""", ""): null

27-02-2025T17:19:45 - [TEST_STEP][PASSED] - actualText = actualText.trim(): null

27-02-2025T17:19:45 - [TEST_STEP][PASSED] - println(myKey + ":" + actualText): null

27-02-2025T17:19:45 - [TEST_STEP][PASSED] - if (actualText != myText): null

27-02-2025T17:19:45 - [TEST_STEP][PASSED] - println(it): null

27-02-2025T17:19:45 - [TEST_STEP][PASSED] - myKey = key: null

27-02-2025T17:19:45 - [TEST_STEP][PASSED] - myText = value.replace(""", ""): null

27-02-2025T17:19:45 - [TEST_STEP][PASSED] - myText = myText.trim(): null

27-02-2025T17:19:45 - [TEST_STEP][PASSED] - println(myKey): null

27-02-2025T17:19:45 - [TEST_STEP][PASSED] - println(myText): null

27-02-2025T17:19:45 - [TEST_STEP][PASSED] - println(tooltipTextMap.get(myKey)): null

27-02-2025T17:19:45 - [TEST_STEP][PASSED] - actualText = get(myKey).replace(""", ""): null

27-02-2025T17:19:45 - [TEST_STEP][PASSED] - actualText = actualText.trim(): null

27-02-2025T17:19:45 - [TEST_STEP][PASSED] - println(myKey + ":" + actualText): null

27-02-2025T17:19:45 - [TEST_STEP][PASSED] - if (actualText != myText): null

27-02-2025T17:19:45 - [TEST_STEP][PASSED] - println(it): null

27-02-2025T17:19:45 - [TEST_STEP][PASSED] - myKey = key: null

27-02-2025T17:19:45 - [TEST_STEP][PASSED] - myText = value.replace(""", ""): null

27-02-2025T17:19:45 - [TEST_STEP][PASSED] - myText = myText.trim(): null

27-02-2025T17:19:45 - [TEST_STEP][PASSED] - println(myKey): null

27-02-2025T17:19:45 - [TEST_STEP][PASSED] - println(myText): null

27-02-2025T17:19:45 - [TEST_STEP][PASSED] - println(tooltipTextMap.get(myKey)): null

27-02-2025T17:19:45 - [TEST_STEP][PASSED] - actualText = get(myKey).replace(""", ""): null

27-02-2025T17:19:45 - [TEST_STEP][PASSED] - actualText = actualText.trim(): null

27-02-2025T17:19:45 - [TEST_STEP][PASSED] - println(myKey + ":" + actualText): null

27-02-2025T17:19:45 - [TEST_STEP][PASSED] - if (actualText != myText): null

27-02-2025T17:19:45 - [MESSAGE][PASSED] - Call Test Case 'Test Cases/_Functions/Test Tooltips' successfully

27-02-2025T17:19:45 - [TEST_STEP][PASSED] - outText = "Verifying the required field messages.
": null

27-02-2025T17:19:45 - [TEST_STEP][PASSED] - outFile.append(outText): null

27-02-2025T17:19:45 - [TEST_STEP][PASSED] - fieldList = []: null

27-02-2025T17:19:45 - [TEST_STEP][PASSED] - requiredFieldMsgs.each({ -> ... }): null

27-02-2025T17:19:45 - [TEST_STEP][PASSED] - callTestCase(findTestCase("_Functions/Test Field Error Messages"), ["varFieldList":fieldList, "varRequiredFieldMsgs":requiredFieldMsgs], STOP_ON_FAILURE): Call Test Case 'Test Cases/_Functions/Test Field Error Messages' successfully

27-02-2025T17:19:45 - [TEST_CASE][PASSED] - Test Cases/_Functions/Test Field Error Messages: Test Cases/_Functions/Test Field Error Messages

27-02-2025T17:19:45 - [TEST_STEP][PASSED] - count = callTestCase(findTestCase("_Functions/Find error messages"), ["varFunction":"count"], STOP_ON_FAILURE): Call Test Case 'Test Cases/_Functions/Find error messages' successfully

27-02-2025T17:19:45 - [TEST_CASE][PASSED] - Test Cases/_Functions/Find error messages: Test Cases/_Functions/Find error messages

27-02-2025T17:19:45 - [TEST_STEP][PASSED] - function = "count": null

27-02-2025T17:19:45 - [TEST_STEP][PASSED] - if (binding.hasVariable("varFunction")): null

27-02-2025T17:19:45 - [TEST_STEP][PASSED] - function = varFunction: null

27-02-2025T17:19:45 - [TEST_STEP][PASSED] - title = getWindowTitle(): Current window's title is: 'Education'

27-02-2025T17:19:45 - [MESSAGE][PASSED] - Current window's title is: 'Education'

27-02-2025T17:19:45 - [TEST_STEP][PASSED] - println("Page title is " + title): null

27-02-2025T17:19:45 - [TEST_STEP][PASSED] - driver = getWebDriver(): null

27-02-2025T17:19:45 - [TEST_STEP][PASSED] - elements = driver.findElements(By.xpath("//div[@class='col-sm-offset-3 col-sm-9 text-danger']")): null

27-02-2025T17:19:45 - [TEST_STEP][PASSED] - if (function == "count"): null

27-02-2025T17:19:45 - [TEST_STEP][PASSED] - return elements.size(): null

27-02-2025T17:19:45 - [MESSAGE][PASSED] - Call Test Case 'Test Cases/_Functions/Find error messages' successfully

27-02-2025T17:19:45 - [TEST_STEP][PASSED] - outFile = outFile: null

27-02-2025T17:19:45 - [TEST_STEP][PASSED] - if (count == 0): null

27-02-2025T17:19:45 - [TEST_STEP][PASSED] - else: Delayed 0 second(s)

27-02-2025T17:19:45 - [TEST_STEP][PASSED] - fieldList = varFieldList: null

27-02-2025T17:19:45 - [TEST_STEP][PASSED] - requiredFieldMsgs = varRequiredFieldMsgs: null

27-02-2025T17:19:45 - [TEST_STEP][PASSED] - outText = "Verifying error messages for fields " + fieldList: null

27-02-2025T17:19:45 - [TEST_STEP][PASSED] - for (def field : fieldList): null

27-02-2025T17:19:45 - [TEST_STEP][PASSED] - errorMsg = requiredFieldMsgs.get(field): null

27-02-2025T17:19:45 - [TEST_STEP][PASSED] - msg = verifyTextPresent(errorMsg, false, OPTIONAL): Text 'The gender field is required.' is present on page 

27-02-2025T17:19:45 - [MESSAGE][PASSED] - Text 'The gender field is required.' is present on page 

27-02-2025T17:19:45 - [TEST_STEP][PASSED] - println(field + ":" + msg): null

27-02-2025T17:19:45 - [TEST_STEP][PASSED] - if (!(msg)): null

27-02-2025T17:19:45 - [TEST_STEP][PASSED] - errorMsg = requiredFieldMsgs.get(field): null

27-02-2025T17:19:45 - [TEST_STEP][PASSED] - msg = verifyTextPresent(errorMsg, false, OPTIONAL): Text 'The citizenship country field is required.' is present on page 

27-02-2025T17:19:45 - [MESSAGE][PASSED] - Text 'The citizenship country field is required.' is present on page 

27-02-2025T17:19:45 - [TEST_STEP][PASSED] - println(field + ":" + msg): null

27-02-2025T17:19:45 - [TEST_STEP][PASSED] - if (!(msg)): null

27-02-2025T17:19:45 - [TEST_STEP][PASSED] - errorMsg = requiredFieldMsgs.get(field): null

27-02-2025T17:19:45 - [TEST_STEP][PASSED] - msg = verifyTextPresent(errorMsg, false, OPTIONAL): Text 'The birth year field is required.' is present on page 

27-02-2025T17:19:46 - [MESSAGE][PASSED] - Text 'The birth year field is required.' is present on page 

27-02-2025T17:19:46 - [TEST_STEP][PASSED] - println(field + ":" + msg): null

27-02-2025T17:19:46 - [TEST_STEP][PASSED] - if (!(msg)): null

27-02-2025T17:19:46 - [TEST_STEP][PASSED] - delay(fieldTestDelay): Delayed 0 second(s)

27-02-2025T17:19:46 - [MESSAGE][PASSED] - Delayed 0 second(s)

27-02-2025T17:19:46 - [MESSAGE][PASSED] - Call Test Case 'Test Cases/_Functions/Test Field Error Messages' successfully

27-02-2025T17:19:46 - [TEST_STEP][PASSED] - if (varGender == "Male"): null

27-02-2025T17:19:46 - [TEST_STEP][PASSED] - object = "Object Repository/Education Candidate Profile/Tabs/Contact Info/radio_Male": null

27-02-2025T17:19:46 - [TEST_STEP][PASSED] - callTestCase(findTestCase("_Functions/Perform Action"), ["varAction":"click", "varObject":object], STOP_ON_FAILURE): Call Test Case 'Test Cases/_Functions/Perform Action' successfully

27-02-2025T17:19:46 - [TEST_CASE][PASSED] - Test Cases/_Functions/Perform Action: Test Cases/_Functions/Perform Action

27-02-2025T17:19:46 - [TEST_STEP][PASSED] - action = varAction: null

27-02-2025T17:19:46 - [TEST_STEP][PASSED] - println(action): null

27-02-2025T17:19:46 - [TEST_STEP][PASSED] - testObject = varObject: null

27-02-2025T17:19:46 - [TEST_STEP][PASSED] - println(testObject): null

27-02-2025T17:19:46 - [TEST_STEP][PASSED] - parm1 = varParm1: null

27-02-2025T17:19:46 - [TEST_STEP][PASSED] - println(parm1): null

27-02-2025T17:19:46 - [TEST_STEP][PASSED] - println("Converting " + testObject + " to web element"): null

27-02-2025T17:19:46 - [TEST_STEP][PASSED] - element = findWebElement(findTestObject(testObject), 1): null

27-02-2025T17:19:46 - [TEST_STEP][PASSED] - loc = element.getLocation(): null

27-02-2025T17:19:46 - [TEST_STEP][PASSED] - y = loc.getY(): null

27-02-2025T17:19:46 - [TEST_STEP][PASSED] - println("Y location is " + y): null

27-02-2025T17:19:46 - [TEST_STEP][PASSED] - top = getViewportTopPosition(): Current viewport's top (y) position is 887

27-02-2025T17:19:46 - [MESSAGE][PASSED] - Current viewport's top (y) position is 887

27-02-2025T17:19:46 - [TEST_STEP][PASSED] - println("Viewport top is " + top): null

27-02-2025T17:19:46 - [TEST_STEP][PASSED] - bottom = top + 600: null

27-02-2025T17:19:46 - [TEST_STEP][PASSED] - if (y - top < 150 || bottom - y < 10): Delayed 1 second(s)

27-02-2025T17:19:46 - [TEST_STEP][PASSED] - scrollToPosition(0, y - 150): Browser is scrolled to position x = 0, y = 539

27-02-2025T17:19:46 - [MESSAGE][PASSED] - Browser is scrolled to position x = 0, y = 539

27-02-2025T17:19:46 - [TEST_STEP][PASSED] - delay(1): Delayed 1 second(s)

27-02-2025T17:19:47 - [MESSAGE][PASSED] - Delayed 1 second(s)

27-02-2025T17:19:47 - [TEST_STEP][PASSED] - if (action == "click"): Object: 'Object Repository/Education Candidate Profile/Tabs/Contact Info/radio_Male' is clicked on

27-02-2025T17:19:47 - [TEST_STEP][PASSED] - println("clicking"): null

27-02-2025T17:19:47 - [TEST_STEP][PASSED] - click(findTestObject(testObject)): Object: 'Object Repository/Education Candidate Profile/Tabs/Contact Info/radio_Male' is clicked on

27-02-2025T17:19:47 - [MESSAGE][PASSED] - Object: 'Object Repository/Education Candidate Profile/Tabs/Contact Info/radio_Male' is clicked on

27-02-2025T17:19:47 - [MESSAGE][PASSED] - Call Test Case 'Test Cases/_Functions/Perform Action' successfully

27-02-2025T17:19:47 - [TEST_STEP][PASSED] - if (varCountry != null): Call Test Case 'Test Cases/_Functions/Perform Action' successfully

27-02-2025T17:19:47 - [TEST_STEP][PASSED] - object = "Object Repository/Education Candidate Profile/Tabs/Contact Info/select_Country": null

27-02-2025T17:19:47 - [TEST_STEP][PASSED] - callTestCase(findTestCase("_Functions/Perform Action"), ["varAction":"selectOptionByValue", "varObject":object, "varParm1":varCountry], STOP_ON_FAILURE): Call Test Case 'Test Cases/_Functions/Perform Action' successfully

27-02-2025T17:19:47 - [TEST_CASE][PASSED] - Test Cases/_Functions/Perform Action: Test Cases/_Functions/Perform Action

27-02-2025T17:19:47 - [TEST_STEP][PASSED] - action = varAction: null

27-02-2025T17:19:47 - [TEST_STEP][PASSED] - println(action): null

27-02-2025T17:19:47 - [TEST_STEP][PASSED] - testObject = varObject: null

27-02-2025T17:19:47 - [TEST_STEP][PASSED] - println(testObject): null

27-02-2025T17:19:47 - [TEST_STEP][PASSED] - parm1 = varParm1: null

27-02-2025T17:19:47 - [TEST_STEP][PASSED] - println(parm1): null

27-02-2025T17:19:47 - [TEST_STEP][PASSED] - println("Converting " + testObject + " to web element"): null

27-02-2025T17:19:47 - [TEST_STEP][PASSED] - element = findWebElement(findTestObject(testObject), 1): null

27-02-2025T17:19:47 - [TEST_STEP][PASSED] - loc = element.getLocation(): null

27-02-2025T17:19:47 - [TEST_STEP][PASSED] - y = loc.getY(): null

27-02-2025T17:19:47 - [TEST_STEP][PASSED] - println("Y location is " + y): null

27-02-2025T17:19:47 - [TEST_STEP][PASSED] - top = getViewportTopPosition(): Current viewport's top (y) position is 539

27-02-2025T17:19:47 - [MESSAGE][PASSED] - Current viewport's top (y) position is 539

27-02-2025T17:19:47 - [TEST_STEP][PASSED] - println("Viewport top is " + top): null

27-02-2025T17:19:47 - [TEST_STEP][PASSED] - bottom = top + 600: null

27-02-2025T17:19:47 - [TEST_STEP][PASSED] - if (y - top < 150 || bottom - y < 10): null

27-02-2025T17:19:47 - [TEST_STEP][PASSED] - if (action == "click"): null

27-02-2025T17:19:47 - [TEST_STEP][PASSED] - else if (action == "selectOptionByValue"): All options with value 'United States' are selected in object 'Object Repository/Education Candidate Profile/Tabs/Contact Info/select_Country' 

27-02-2025T17:19:47 - [TEST_STEP][PASSED] - println("Selecting " + parm1): null

27-02-2025T17:19:47 - [TEST_STEP][PASSED] - selectOptionByValue(findTestObject(testObject), parm1, false): All options with value 'United States' are selected in object 'Object Repository/Education Candidate Profile/Tabs/Contact Info/select_Country' 

27-02-2025T17:19:47 - [MESSAGE][PASSED] - All options with value 'United States' are selected in object 'Object Repository/Education Candidate Profile/Tabs/Contact Info/select_Country' 

27-02-2025T17:19:47 - [MESSAGE][PASSED] - Call Test Case 'Test Cases/_Functions/Perform Action' successfully

27-02-2025T17:19:47 - [TEST_STEP][PASSED] - if (varCountry_of_Citizenship != null): Call Test Case 'Test Cases/_Functions/Perform Action' successfully

27-02-2025T17:19:47 - [TEST_STEP][PASSED] - object = "Object Repository/Education Candidate Profile/Tabs/Contact Info/select_Country_of_Citizenship": null

27-02-2025T17:19:47 - [TEST_STEP][PASSED] - callTestCase(findTestCase("_Functions/Perform Action"), ["varAction":"selectOptionByValue", "varObject":object, "varParm1":varCountry_of_Citizenship], STOP_ON_FAILURE): Call Test Case 'Test Cases/_Functions/Perform Action' successfully

27-02-2025T17:19:47 - [TEST_CASE][PASSED] - Test Cases/_Functions/Perform Action: Test Cases/_Functions/Perform Action

27-02-2025T17:19:47 - [TEST_STEP][PASSED] - action = varAction: null

27-02-2025T17:19:47 - [TEST_STEP][PASSED] - println(action): null

27-02-2025T17:19:47 - [TEST_STEP][PASSED] - testObject = varObject: null

27-02-2025T17:19:47 - [TEST_STEP][PASSED] - println(testObject): null

27-02-2025T17:19:47 - [TEST_STEP][PASSED] - parm1 = varParm1: null

27-02-2025T17:19:47 - [TEST_STEP][PASSED] - println(parm1): null

27-02-2025T17:19:47 - [TEST_STEP][PASSED] - println("Converting " + testObject + " to web element"): null

27-02-2025T17:19:47 - [TEST_STEP][PASSED] - element = findWebElement(findTestObject(testObject), 1): null

27-02-2025T17:19:47 - [TEST_STEP][PASSED] - loc = element.getLocation(): null

27-02-2025T17:19:47 - [TEST_STEP][PASSED] - y = loc.getY(): null

27-02-2025T17:19:47 - [TEST_STEP][PASSED] - println("Y location is " + y): null

27-02-2025T17:19:47 - [TEST_STEP][PASSED] - top = getViewportTopPosition(): Current viewport's top (y) position is 539

27-02-2025T17:19:47 - [MESSAGE][PASSED] - Current viewport's top (y) position is 539

27-02-2025T17:19:47 - [TEST_STEP][PASSED] - println("Viewport top is " + top): null

27-02-2025T17:19:47 - [TEST_STEP][PASSED] - bottom = top + 600: null

27-02-2025T17:19:47 - [TEST_STEP][PASSED] - if (y - top < 150 || bottom - y < 10): null

27-02-2025T17:19:47 - [TEST_STEP][PASSED] - if (action == "click"): null

27-02-2025T17:19:47 - [TEST_STEP][PASSED] - else if (action == "selectOptionByValue"): All options with value 'United States' are selected in object 'Object Repository/Education Candidate Profile/Tabs/Contact Info/select_Country_of_Citizenship' 

27-02-2025T17:19:47 - [TEST_STEP][PASSED] - println("Selecting " + parm1): null

27-02-2025T17:19:47 - [TEST_STEP][PASSED] - selectOptionByValue(findTestObject(testObject), parm1, false): All options with value 'United States' are selected in object 'Object Repository/Education Candidate Profile/Tabs/Contact Info/select_Country_of_Citizenship' 

27-02-2025T17:19:47 - [MESSAGE][PASSED] - All options with value 'United States' are selected in object 'Object Repository/Education Candidate Profile/Tabs/Contact Info/select_Country_of_Citizenship' 

27-02-2025T17:19:47 - [MESSAGE][PASSED] - Call Test Case 'Test Cases/_Functions/Perform Action' successfully

27-02-2025T17:19:47 - [TEST_STEP][PASSED] - if (varBirth_year != null): Call Test Case 'Test Cases/_Functions/Perform Action' successfully

27-02-2025T17:19:47 - [TEST_STEP][PASSED] - object = "Object Repository/Education Candidate Profile/Tabs/Contact Info/input_Birth Year": null

27-02-2025T17:19:47 - [TEST_STEP][PASSED] - callTestCase(findTestCase("_Functions/Perform Action"), ["varAction":"setText", "varObject":object, "varParm1":varBirth_year], STOP_ON_FAILURE): Call Test Case 'Test Cases/_Functions/Perform Action' successfully

27-02-2025T17:19:47 - [TEST_CASE][PASSED] - Test Cases/_Functions/Perform Action: Test Cases/_Functions/Perform Action

27-02-2025T17:19:47 - [TEST_STEP][PASSED] - action = varAction: null

27-02-2025T17:19:47 - [TEST_STEP][PASSED] - println(action): null

27-02-2025T17:19:47 - [TEST_STEP][PASSED] - testObject = varObject: null

27-02-2025T17:19:47 - [TEST_STEP][PASSED] - println(testObject): null

27-02-2025T17:19:47 - [TEST_STEP][PASSED] - parm1 = varParm1: null

27-02-2025T17:19:47 - [TEST_STEP][PASSED] - println(parm1): null

27-02-2025T17:19:47 - [TEST_STEP][PASSED] - println("Converting " + testObject + " to web element"): null

27-02-2025T17:19:47 - [TEST_STEP][PASSED] - element = findWebElement(findTestObject(testObject), 1): null

27-02-2025T17:19:47 - [TEST_STEP][PASSED] - loc = element.getLocation(): null

27-02-2025T17:19:47 - [TEST_STEP][PASSED] - y = loc.getY(): null

27-02-2025T17:19:47 - [TEST_STEP][PASSED] - println("Y location is " + y): null

27-02-2025T17:19:47 - [TEST_STEP][PASSED] - top = getViewportTopPosition(): Current viewport's top (y) position is 539

27-02-2025T17:19:47 - [MESSAGE][PASSED] - Current viewport's top (y) position is 539

27-02-2025T17:19:47 - [TEST_STEP][PASSED] - println("Viewport top is " + top): null

27-02-2025T17:19:47 - [TEST_STEP][PASSED] - bottom = top + 600: null

27-02-2025T17:19:47 - [TEST_STEP][PASSED] - if (y - top < 150 || bottom - y < 10): Delayed 1 second(s)

27-02-2025T17:19:47 - [TEST_STEP][PASSED] - scrollToPosition(0, y - 150): Browser is scrolled to position x = 0, y = 1022

27-02-2025T17:19:47 - [MESSAGE][PASSED] - Browser is scrolled to position x = 0, y = 1022

27-02-2025T17:19:47 - [TEST_STEP][PASSED] - delay(1): Delayed 1 second(s)

27-02-2025T17:19:48 - [MESSAGE][PASSED] - Delayed 1 second(s)

27-02-2025T17:19:48 - [TEST_STEP][PASSED] - if (action == "click"): null

27-02-2025T17:19:48 - [TEST_STEP][PASSED] - else if (action == "selectOptionByValue"): null

27-02-2025T17:19:48 - [TEST_STEP][PASSED] - else if (action == "setText"): Text '1949' is set on object 'Object Repository/Education Candidate Profile/Tabs/Contact Info/input_Birth Year'

27-02-2025T17:19:48 - [TEST_STEP][PASSED] - println("Setting text " + parm1): null

27-02-2025T17:19:48 - [TEST_STEP][PASSED] - setText(findTestObject(testObject), parm1): Text '1949' is set on object 'Object Repository/Education Candidate Profile/Tabs/Contact Info/input_Birth Year'

27-02-2025T17:19:48 - [MESSAGE][PASSED] - Text '1949' is set on object 'Object Repository/Education Candidate Profile/Tabs/Contact Info/input_Birth Year'

27-02-2025T17:19:48 - [MESSAGE][PASSED] - Call Test Case 'Test Cases/_Functions/Perform Action' successfully

27-02-2025T17:19:48 - [TEST_STEP][PASSED] - if (varMarital_status != null): Call Test Case 'Test Cases/_Functions/Perform Action' successfully

27-02-2025T17:19:48 - [TEST_STEP][PASSED] - object = "Object Repository/Education Candidate Profile/Tabs/Contact Info/select_Marital Status": null

27-02-2025T17:19:48 - [TEST_STEP][PASSED] - callTestCase(findTestCase("_Functions/Perform Action"), ["varAction":"selectOptionByValue", "varObject":object, "varParm1":varMarital_status], STOP_ON_FAILURE): Call Test Case 'Test Cases/_Functions/Perform Action' successfully

27-02-2025T17:19:48 - [TEST_CASE][PASSED] - Test Cases/_Functions/Perform Action: Test Cases/_Functions/Perform Action

27-02-2025T17:19:48 - [TEST_STEP][PASSED] - action = varAction: null

27-02-2025T17:19:48 - [TEST_STEP][PASSED] - println(action): null

27-02-2025T17:19:48 - [TEST_STEP][PASSED] - testObject = varObject: null

27-02-2025T17:19:48 - [TEST_STEP][PASSED] - println(testObject): null

27-02-2025T17:19:48 - [TEST_STEP][PASSED] - parm1 = varParm1: null

27-02-2025T17:19:48 - [TEST_STEP][PASSED] - println(parm1): null

27-02-2025T17:19:48 - [TEST_STEP][PASSED] - println("Converting " + testObject + " to web element"): null

27-02-2025T17:19:48 - [TEST_STEP][PASSED] - element = findWebElement(findTestObject(testObject), 1): null

27-02-2025T17:19:48 - [TEST_STEP][PASSED] - loc = element.getLocation(): null

27-02-2025T17:19:48 - [TEST_STEP][PASSED] - y = loc.getY(): null

27-02-2025T17:19:48 - [TEST_STEP][PASSED] - println("Y location is " + y): null

27-02-2025T17:19:48 - [TEST_STEP][PASSED] - top = getViewportTopPosition(): Current viewport's top (y) position is 957

27-02-2025T17:19:48 - [MESSAGE][PASSED] - Current viewport's top (y) position is 957

27-02-2025T17:19:48 - [TEST_STEP][PASSED] - println("Viewport top is " + top): null

27-02-2025T17:19:48 - [TEST_STEP][PASSED] - bottom = top + 600: null

27-02-2025T17:19:48 - [TEST_STEP][PASSED] - if (y - top < 150 || bottom - y < 10): null

27-02-2025T17:19:48 - [TEST_STEP][PASSED] - if (action == "click"): null

27-02-2025T17:19:48 - [TEST_STEP][PASSED] - else if (action == "selectOptionByValue"): All options with value 'Married' are selected in object 'Object Repository/Education Candidate Profile/Tabs/Contact Info/select_Marital Status' 

27-02-2025T17:19:48 - [TEST_STEP][PASSED] - println("Selecting " + parm1): null

27-02-2025T17:19:48 - [TEST_STEP][PASSED] - selectOptionByValue(findTestObject(testObject), parm1, false): All options with value 'Married' are selected in object 'Object Repository/Education Candidate Profile/Tabs/Contact Info/select_Marital Status' 

27-02-2025T17:19:48 - [MESSAGE][PASSED] - All options with value 'Married' are selected in object 'Object Repository/Education Candidate Profile/Tabs/Contact Info/select_Marital Status' 

27-02-2025T17:19:48 - [MESSAGE][PASSED] - Call Test Case 'Test Cases/_Functions/Perform Action' successfully

27-02-2025T17:19:48 - [TEST_STEP][PASSED] - if (!(fastPath)): Call Test Case 'Test Cases/_Functions/Test External Links' successfully

27-02-2025T17:19:48 - [TEST_STEP][PASSED] - callTestCase(findTestCase("_Functions/Test External Links"), ["varPageLinks":pageLinks, "varObjectPath":"Object Repository/Education Candidate Profile/Tabs/Contact Info/"], OPTIONAL): Call Test Case 'Test Cases/_Functions/Test External Links' successfully

27-02-2025T17:19:48 - [TEST_CASE][PASSED] - Test Cases/_Functions/Test External Links: Test Cases/_Functions/Test External Links

27-02-2025T17:19:48 - [TEST_STEP][PASSED] - if (fastPath): null

27-02-2025T17:19:48 - [TEST_STEP][PASSED] - outFile = outFile: null

27-02-2025T17:19:48 - [TEST_STEP][PASSED] - pageLinks = varPageLinks: null

27-02-2025T17:19:48 - [TEST_STEP][PASSED] - println(pageLinks): null

27-02-2025T17:19:48 - [TEST_STEP][PASSED] - objectPath = varObjectPath: null

27-02-2025T17:19:48 - [TEST_STEP][PASSED] - println(objectPath): null

27-02-2025T17:19:48 - [TEST_STEP][PASSED] - callingTab = varCallingTab: null

27-02-2025T17:19:48 - [TEST_STEP][PASSED] - println(callingTab): null

27-02-2025T17:19:48 - [TEST_STEP][PASSED] - driver = getWebDriver(): null

27-02-2025T17:19:48 - [TEST_STEP][PASSED] - for (def it : pageLinks): Delayed 1 second(s)

27-02-2025T17:19:48 - [TEST_STEP][PASSED] - myElement = "a_" + key: null

27-02-2025T17:19:48 - [TEST_STEP][PASSED] - myText = value: null

27-02-2025T17:19:48 - [TEST_STEP][PASSED] - object = objectPath + myElement: null

27-02-2025T17:19:48 - [TEST_STEP][PASSED] - println(object): null

27-02-2025T17:19:48 - [TEST_STEP][PASSED] - fromURL = getUrl(): Current window's url is: 'https://education.missionnext.org/profile?requestUri=/dashboard'

27-02-2025T17:19:48 - [MESSAGE][PASSED] - Current window's url is: 'https://education.missionnext.org/profile?requestUri=/dashboard'

27-02-2025T17:19:48 - [TEST_STEP][PASSED] - callTestCase(findTestCase("_Functions/Perform Action"), ["varAction":"click", "varObject":object], OPTIONAL): Call Test Case 'Test Cases/_Functions/Perform Action' successfully

27-02-2025T17:19:48 - [TEST_CASE][PASSED] - Test Cases/_Functions/Perform Action: Test Cases/_Functions/Perform Action

27-02-2025T17:19:48 - [TEST_STEP][PASSED] - action = varAction: null

27-02-2025T17:19:48 - [TEST_STEP][PASSED] - println(action): null

27-02-2025T17:19:48 - [TEST_STEP][PASSED] - testObject = varObject: null

27-02-2025T17:19:48 - [TEST_STEP][PASSED] - println(testObject): null

27-02-2025T17:19:48 - [TEST_STEP][PASSED] - parm1 = varParm1: null

27-02-2025T17:19:48 - [TEST_STEP][PASSED] - println(parm1): null

27-02-2025T17:19:48 - [TEST_STEP][PASSED] - println("Converting " + testObject + " to web element"): null

27-02-2025T17:19:48 - [TEST_STEP][PASSED] - element = findWebElement(findTestObject(testObject), 1): null

27-02-2025T17:19:48 - [TEST_STEP][PASSED] - loc = element.getLocation(): null

27-02-2025T17:19:48 - [TEST_STEP][PASSED] - y = loc.getY(): null

27-02-2025T17:19:48 - [TEST_STEP][PASSED] - println("Y location is " + y): null

27-02-2025T17:19:48 - [TEST_STEP][PASSED] - top = getViewportTopPosition(): Current viewport's top (y) position is 957

27-02-2025T17:19:48 - [MESSAGE][PASSED] - Current viewport's top (y) position is 957

27-02-2025T17:19:48 - [TEST_STEP][PASSED] - println("Viewport top is " + top): null

27-02-2025T17:19:48 - [TEST_STEP][PASSED] - bottom = top + 600: null

27-02-2025T17:19:48 - [TEST_STEP][PASSED] - if (y - top < 150 || bottom - y < 10): null

27-02-2025T17:19:48 - [TEST_STEP][PASSED] - if (action == "click"): Object: 'Object Repository/Education Candidate Profile/Tabs/Contact Info/a_Terms and Conditions' is clicked on

27-02-2025T17:19:48 - [TEST_STEP][PASSED] - println("clicking"): null

27-02-2025T17:19:48 - [TEST_STEP][PASSED] - click(findTestObject(testObject)): Object: 'Object Repository/Education Candidate Profile/Tabs/Contact Info/a_Terms and Conditions' is clicked on

27-02-2025T17:19:48 - [MESSAGE][PASSED] - Object: 'Object Repository/Education Candidate Profile/Tabs/Contact Info/a_Terms and Conditions' is clicked on

27-02-2025T17:19:48 - [MESSAGE][PASSED] - Call Test Case 'Test Cases/_Functions/Perform Action' successfully

27-02-2025T17:19:48 - [TEST_STEP][PASSED] - toURL = getUrl(): Current window's url is: 'https://education.missionnext.org/profile?requestUri=/dashboard'

27-02-2025T17:19:48 - [MESSAGE][PASSED] - Current window's url is: 'https://education.missionnext.org/profile?requestUri=/dashboard'

27-02-2025T17:19:48 - [TEST_STEP][PASSED] - windowHandles = getWindowHandles().toArray(): null

27-02-2025T17:19:48 - [TEST_STEP][PASSED] - windowCount = windowHandles.size(): null

27-02-2025T17:19:48 - [TEST_STEP][PASSED] - if (windowCount == 2): Switched to window with index: '1'

27-02-2025T17:19:48 - [TEST_STEP][PASSED] - switchToWindowIndex(1): Switched to window with index: '1'

27-02-2025T17:19:48 - [MESSAGE][PASSED] - Switched to window with index: '1'

27-02-2025T17:19:48 - [TEST_STEP][PASSED] - if (windowCount == 1 && toURL == fromURL): null

27-02-2025T17:19:48 - [TEST_STEP][PASSED] - else: Text 'Terms and Conditions' is present on page 

27-02-2025T17:19:48 - [TEST_STEP][PASSED] - waitForPageLoad(10): Wait for page load successfully

27-02-2025T17:19:51 - [MESSAGE][PASSED] - Wait for page load successfully

27-02-2025T17:19:51 - [TEST_STEP][PASSED] - delay(2): Delayed 2 second(s)

27-02-2025T17:19:53 - [MESSAGE][PASSED] - Delayed 2 second(s)

27-02-2025T17:19:53 - [TEST_STEP][PASSED] - textFound = verifyTextPresent(myText, false, OPTIONAL): Text 'Terms and Conditions' is present on page 

27-02-2025T17:19:53 - [MESSAGE][PASSED] - Text 'Terms and Conditions' is present on page 

27-02-2025T17:19:53 - [TEST_STEP][PASSED] - if (textFound): null

27-02-2025T17:19:53 - [TEST_STEP][PASSED] - outText = "+++++ The text "" + myText + "" was found after clicking on the " + key + " link": null

27-02-2025T17:19:53 - [TEST_STEP][PASSED] - println(outText): null

27-02-2025T17:19:53 - [TEST_STEP][PASSED] - outFile.append(outText + "
"): null

27-02-2025T17:19:53 - [TEST_STEP][PASSED] - if (windowCount == 2): Delayed 1 second(s)

27-02-2025T17:19:53 - [TEST_STEP][PASSED] - closeWindowIndex(1): Window with index 1 is closed

27-02-2025T17:19:53 - [MESSAGE][PASSED] - Window with index 1 is closed

27-02-2025T17:19:53 - [TEST_STEP][PASSED] - delay(1): Delayed 1 second(s)

27-02-2025T17:19:54 - [MESSAGE][PASSED] - Delayed 1 second(s)

27-02-2025T17:19:54 - [TEST_STEP][PASSED] - switchToWindowIndex(0): Switched to window with index: '0'

27-02-2025T17:19:54 - [MESSAGE][PASSED] - Switched to window with index: '0'

27-02-2025T17:19:54 - [TEST_STEP][PASSED] - delay(1): Delayed 1 second(s)

27-02-2025T17:19:55 - [MESSAGE][PASSED] - Delayed 1 second(s)

27-02-2025T17:19:55 - [MESSAGE][PASSED] - Call Test Case 'Test Cases/_Functions/Test External Links' successfully

27-02-2025T17:19:55 - [TEST_STEP][PASSED] - object = "Education Candidate Profile/Tabs/btn_Submit": null

27-02-2025T17:19:55 - [TEST_STEP][PASSED] - callTestCase(findTestCase("_Functions/Perform Action"), ["varAction":"click", "varObject":object], STOP_ON_FAILURE): Call Test Case 'Test Cases/_Functions/Perform Action' successfully

27-02-2025T17:19:55 - [TEST_CASE][PASSED] - Test Cases/_Functions/Perform Action: Test Cases/_Functions/Perform Action

27-02-2025T17:19:55 - [TEST_STEP][PASSED] - action = varAction: null

27-02-2025T17:19:55 - [TEST_STEP][PASSED] - println(action): null

27-02-2025T17:19:55 - [TEST_STEP][PASSED] - testObject = varObject: null

27-02-2025T17:19:55 - [TEST_STEP][PASSED] - println(testObject): null

27-02-2025T17:19:55 - [TEST_STEP][PASSED] - parm1 = varParm1: null

27-02-2025T17:19:55 - [TEST_STEP][PASSED] - println(parm1): null

27-02-2025T17:19:55 - [TEST_STEP][PASSED] - println("Converting " + testObject + " to web element"): null

27-02-2025T17:19:55 - [TEST_STEP][PASSED] - element = findWebElement(findTestObject(testObject), 1): null

27-02-2025T17:19:55 - [TEST_STEP][PASSED] - loc = element.getLocation(): null

27-02-2025T17:19:55 - [TEST_STEP][PASSED] - y = loc.getY(): null

27-02-2025T17:19:55 - [TEST_STEP][PASSED] - println("Y location is " + y): null

27-02-2025T17:19:55 - [TEST_STEP][PASSED] - top = getViewportTopPosition(): Current viewport's top (y) position is 957

27-02-2025T17:19:55 - [MESSAGE][PASSED] - Current viewport's top (y) position is 957

27-02-2025T17:19:55 - [TEST_STEP][PASSED] - println("Viewport top is " + top): null

27-02-2025T17:19:55 - [TEST_STEP][PASSED] - bottom = top + 600: null

27-02-2025T17:19:55 - [TEST_STEP][PASSED] - if (y - top < 150 || bottom - y < 10): null

27-02-2025T17:19:55 - [TEST_STEP][PASSED] - if (action == "click"): Object: 'Object Repository/Education Candidate Profile/Tabs/btn_Submit' is clicked on

27-02-2025T17:19:55 - [TEST_STEP][PASSED] - println("clicking"): null

27-02-2025T17:19:55 - [TEST_STEP][PASSED] - click(findTestObject(testObject)): Object: 'Object Repository/Education Candidate Profile/Tabs/btn_Submit' is clicked on

27-02-2025T17:19:57 - [MESSAGE][PASSED] - Object: 'Object Repository/Education Candidate Profile/Tabs/btn_Submit' is clicked on

27-02-2025T17:19:57 - [MESSAGE][PASSED] - Call Test Case 'Test Cases/_Functions/Perform Action' successfully

27-02-2025T17:19:57 - [MESSAGE][PASSED] - Call Test Case 'Test Cases/Education Candidate Profile/Tabs/Set Contact Info' successfully

27-02-2025T17:19:57 - [TEST_STEP][PASSED] - if (pages.size() == 0 || "All" in pages || "Experience" in pages): Call Test Case 'Test Cases/Education Candidate Profile/Tabs/Set Experience' successfully

27-02-2025T17:19:57 - [TEST_STEP][PASSED] - highest_degree = "Bachelor of Science (BS)": null

27-02-2025T17:19:57 - [TEST_STEP][PASSED] - degree_field = "Physical Science": null

27-02-2025T17:19:57 - [TEST_STEP][PASSED] - classroom_experience = "Yes": null

27-02-2025T17:19:57 - [TEST_STEP][PASSED] - occupation = "Middle School Teacher": null

27-02-2025T17:19:57 - [TEST_STEP][PASSED] - cross_cultural = "Occasionally served in cultures other than my own": null

27-02-2025T17:19:57 - [TEST_STEP][PASSED] - missions_experience = "I have taken a short-term missions trip": null

27-02-2025T17:19:57 - [TEST_STEP][PASSED] - life_experience = "I've been a believer for 23 years. I went on a mission trip to train Vietnamese in Bible translation": null

27-02-2025T17:19:57 - [TEST_STEP][PASSED] - callTestCase(findTestCase("Education Candidate Profile/Tabs/Set Experience"), ["varHighest_degree":highest_degree, "varDegree_field":degree_field, "varClassroom_experience":classroom_experience, "varOccupation":occupation, ... ], STOP_ON_FAILURE): Call Test Case 'Test Cases/Education Candidate Profile/Tabs/Set Experience' successfully

27-02-2025T17:19:57 - [TEST_CASE][PASSED] - Test Cases/Education Candidate Profile/Tabs/Set Experience: Test Cases/Education Candidate Profile/Tabs/Set Experience

27-02-2025T17:19:57 - [TEST_STEP][PASSED] - username = username: null

27-02-2025T17:19:57 - [TEST_STEP][PASSED] - if (username != "cktest04ec"): null

27-02-2025T17:19:57 - [TEST_STEP][PASSED] - testName = "Education Candidate Experience Tab": null

27-02-2025T17:19:57 - [TEST_STEP][PASSED] - outFile = callTestCase(findTestCase("_Functions/Set Output File"), ["varTestName":testName], STOP_ON_FAILURE): Call Test Case 'Test Cases/_Functions/Set Output File' successfully

27-02-2025T17:19:57 - [TEST_CASE][PASSED] - Test Cases/_Functions/Set Output File: Test Cases/_Functions/Set Output File

27-02-2025T17:19:57 - [TEST_STEP][PASSED] - testName = varTestName: null

27-02-2025T17:19:57 - [TEST_STEP][PASSED] - domain = domain: null

27-02-2025T17:19:57 - [TEST_STEP][PASSED] - writeFile = false: null

27-02-2025T17:19:57 - [TEST_STEP][PASSED] - if (outFile != ""): null

27-02-2025T17:19:57 - [TEST_STEP][PASSED] - myFile = outFile: null

27-02-2025T17:19:57 - [TEST_STEP][PASSED] - println(myFile): null

27-02-2025T17:19:57 - [TEST_STEP][PASSED] - outFile = new java.io.File(myFile): null

27-02-2025T17:19:57 - [TEST_STEP][PASSED] - writeFile = true: null

27-02-2025T17:19:57 - [TEST_STEP][PASSED] - if (!(writeFile)): null

27-02-2025T17:19:57 - [TEST_STEP][PASSED] - else: null

27-02-2025T17:19:57 - [TEST_STEP][PASSED] - outFile.append("
Testing " + testName + " on " + domain + ".
"): null

27-02-2025T17:19:57 - [TEST_STEP][PASSED] - return outFile: null

27-02-2025T17:19:57 - [MESSAGE][PASSED] - Call Test Case 'Test Cases/_Functions/Set Output File' successfully

27-02-2025T17:19:57 - [TEST_STEP][PASSED] - tooltipImagePath = "/Users/cckozie/git/MissionNext-Katalon-Koz/images/education candidate/": null

27-02-2025T17:19:57 - [TEST_STEP][PASSED] - testObjectFolder = "Education Candidate Profile/Tabs/Experience/": null

27-02-2025T17:19:57 - [TEST_STEP][PASSED] - parms = [varMissions_experience]: null

27-02-2025T17:19:57 - [TEST_STEP][PASSED] - missions_experience = "//input[@id='profile_group-1443650427.743_missions_exposure']": null

27-02-2025T17:19:57 - [TEST_STEP][PASSED] - xpaths = [missions_experience]: null

27-02-2025T17:19:57 - [TEST_STEP][PASSED] - tooltips = ["dummy":"dummy", "Life Experience":"img_Life Experience_field-tooltip"]: null

27-02-2025T17:19:57 - [TEST_STEP][PASSED] - tooltipText = ["Life Experience":"May include your testimony or other experience you wish to share."]: null

27-02-2025T17:19:57 - [TEST_STEP][PASSED] - requiredFieldMsgs = ["Life Experience":"The missions exposure field is required."]: null

27-02-2025T17:19:57 - [TEST_STEP][PASSED] - click(findTestObject("Object Repository/Education Candidate Profile/Tabs/a_Experience")): Object: 'Object Repository/Education Candidate Profile/Tabs/a_Experience' is clicked on

27-02-2025T17:19:57 - [MESSAGE][PASSED] - Object: 'Object Repository/Education Candidate Profile/Tabs/a_Experience' is clicked on

27-02-2025T17:19:57 - [TEST_STEP][PASSED] - tooltipTextMap = callTestCase(findTestCase("_Functions/Get Screenshot and Tooltip Text"), ["varExtension":testName], STOP_ON_FAILURE): Call Test Case 'Test Cases/_Functions/Get Screenshot and Tooltip Text' successfully

27-02-2025T17:19:57 - [TEST_CASE][PASSED] - Test Cases/_Functions/Get Screenshot and Tooltip Text: Test Cases/_Functions/Get Screenshot and Tooltip Text

27-02-2025T17:19:57 - [TEST_STEP][PASSED] - if (fastPath): null

27-02-2025T17:19:57 - [TEST_STEP][PASSED] - frame = new javax.swing.JFrame(): null

27-02-2025T17:19:57 - [TEST_STEP][PASSED] - p = new javax.swing.JPanel(): null

27-02-2025T17:19:57 - [TEST_STEP][PASSED] - l = new javax.swing.JLabel(Getting screenshot and tooltip text..., javax.swing.SwingConstants.CENTER): null

27-02-2025T17:19:57 - [TEST_STEP][PASSED] - frame.add(l): null

27-02-2025T17:19:57 - [TEST_STEP][PASSED] - frame.setSize(300, 100): null

27-02-2025T17:19:57 - [TEST_STEP][PASSED] - frame.setLocation(600, 0): null

27-02-2025T17:19:57 - [TEST_STEP][PASSED] - frame.setAlwaysOnTop(true): null

27-02-2025T17:19:57 - [TEST_STEP][PASSED] - frame.show(): null

27-02-2025T17:19:57 - [TEST_STEP][PASSED] - driver = getWebDriver(): null

27-02-2025T17:19:57 - [TEST_STEP][PASSED] - path = "/Users/cckozie/Documents/MissionNext/Screenshots and Tooltip Text/": null

27-02-2025T17:19:57 - [TEST_STEP][PASSED] - if (binding.hasVariable("varExtension")): null

27-02-2025T17:19:57 - [TEST_STEP][PASSED] - extension = varExtension: null

27-02-2025T17:19:57 - [TEST_STEP][PASSED] - println("Extension is " + extension): null

27-02-2025T17:19:57 - [TEST_STEP][PASSED] - fileBase = path + extension: null

27-02-2025T17:19:57 - [TEST_STEP][PASSED] - fileImage = fileBase + "_Screenshot.png": null

27-02-2025T17:19:57 - [TEST_STEP][PASSED] - waitForPageLoad(30): Wait for page load successfully

27-02-2025T17:19:57 - [MESSAGE][PASSED] - Wait for page load successfully

27-02-2025T17:19:57 - [TEST_STEP][PASSED] - spinner = driver.findElement(By.xpath("/html/body/div[1]/div/div[2]")): null

27-02-2025T17:19:57 - [TEST_STEP][PASSED] - executor = driver: null

27-02-2025T17:19:57 - [TEST_STEP][PASSED] - elementAttributes = executor.executeScript("var items = {}; for (index = 0; index < arguments[0].attributes.length; ++index) { items[arguments[0].attributes[index].name] = arguments[0].attributes[index].value }; return items;", spinner): null

27-02-2025T17:19:57 - [TEST_STEP][PASSED] - attrs = elementAttributes.toString(): null

27-02-2025T17:19:57 - [TEST_STEP][PASSED] - waits = 0: null

27-02-2025T17:19:57 - [TEST_STEP][PASSED] - while (attrs.indexOf("display: none") < 0 && waits < 2): null

27-02-2025T17:19:57 - [TEST_STEP][PASSED] - delay(1): Delayed 1 second(s)

27-02-2025T17:19:58 - [MESSAGE][PASSED] - Delayed 1 second(s)

27-02-2025T17:19:58 - [TEST_STEP][PASSED] - attrs = elementAttributes.toString(): null

27-02-2025T17:19:58 - [TEST_STEP][PASSED] - (waits++): null

27-02-2025T17:19:58 - [TEST_STEP][PASSED] - delay(1): Delayed 1 second(s)

27-02-2025T17:19:59 - [MESSAGE][PASSED] - Delayed 1 second(s)

27-02-2025T17:19:59 - [TEST_STEP][PASSED] - attrs = elementAttributes.toString(): null

27-02-2025T17:19:59 - [TEST_STEP][PASSED] - (waits++): null

27-02-2025T17:19:59 - [TEST_STEP][PASSED] - tooltipMap = callTestCase(findTestCase("_Functions/Get Tooltip Text"), [:], STOP_ON_FAILURE): Call Test Case 'Test Cases/_Functions/Get Tooltip Text' successfully

27-02-2025T17:19:59 - [TEST_CASE][PASSED] - Test Cases/_Functions/Get Tooltip Text: Test Cases/_Functions/Get Tooltip Text

27-02-2025T17:19:59 - [TEST_STEP][PASSED] - fieldTooltips = [:]: null

27-02-2025T17:19:59 - [TEST_STEP][PASSED] - tooltipMap = [:]: null

27-02-2025T17:19:59 - [TEST_STEP][PASSED] - driver = getWebDriver(): null

27-02-2025T17:19:59 - [TEST_STEP][PASSED] - tooltips = driver.findElements(By.className("field-tooltip")): null

27-02-2025T17:19:59 - [TEST_STEP][PASSED] - for (def it : tooltips): null

27-02-2025T17:19:59 - [TEST_STEP][PASSED] - if (it.isDisplayed()): null

27-02-2025T17:20:00 - [TEST_STEP][PASSED] - if (it.isDisplayed()): null

27-02-2025T17:20:00 - [TEST_STEP][PASSED] - if (it.isDisplayed()): null

27-02-2025T17:20:00 - [TEST_STEP][PASSED] - if (it.isDisplayed()): null

27-02-2025T17:20:00 - [TEST_STEP][PASSED] - if (it.isDisplayed()): null

27-02-2025T17:20:00 - [TEST_STEP][PASSED] - if (it.isDisplayed()): null

27-02-2025T17:20:00 - [TEST_STEP][PASSED] - if (it.isDisplayed()): null

27-02-2025T17:20:00 - [TEST_STEP][PASSED] - if (it.isDisplayed()): null

27-02-2025T17:20:00 - [TEST_STEP][PASSED] - ttText = it.getAttribute("data-original-title"): null

27-02-2025T17:20:00 - [TEST_STEP][PASSED] - ttLocation = it.getLocation(): null

27-02-2025T17:20:00 - [TEST_STEP][PASSED] - yLocation = ttLocation.getY(): null

27-02-2025T17:20:00 - [TEST_STEP][PASSED] - xLocation = ttLocation.getX(): null

27-02-2025T17:20:00 - [TEST_STEP][PASSED] - fieldTooltips.put(ttText, yLocation): null

27-02-2025T17:20:00 - [TEST_STEP][PASSED] - if (it.isDisplayed()): null

27-02-2025T17:20:00 - [TEST_STEP][PASSED] - if (it.isDisplayed()): null

27-02-2025T17:20:00 - [TEST_STEP][PASSED] - if (it.isDisplayed()): null

27-02-2025T17:20:00 - [TEST_STEP][PASSED] - if (it.isDisplayed()): null

27-02-2025T17:20:00 - [TEST_STEP][PASSED] - if (it.isDisplayed()): null

27-02-2025T17:20:00 - [TEST_STEP][PASSED] - if (it.isDisplayed()): null

27-02-2025T17:20:00 - [TEST_STEP][PASSED] - if (it.isDisplayed()): null

27-02-2025T17:20:00 - [TEST_STEP][PASSED] - if (it.isDisplayed()): null

27-02-2025T17:20:00 - [TEST_STEP][PASSED] - if (it.isDisplayed()): null

27-02-2025T17:20:00 - [TEST_STEP][PASSED] - if (it.isDisplayed()): null

27-02-2025T17:20:00 - [TEST_STEP][PASSED] - if (it.isDisplayed()): null

27-02-2025T17:20:00 - [TEST_STEP][PASSED] - if (it.isDisplayed()): null

27-02-2025T17:20:00 - [TEST_STEP][PASSED] - if (fieldTooltips.size() > 0): null

27-02-2025T17:20:00 - [TEST_STEP][PASSED] - rightBorder = xLocation: null

27-02-2025T17:20:00 - [TEST_STEP][PASSED] - fieldLabels = [:]: null

27-02-2025T17:20:00 - [TEST_STEP][PASSED] - labels = driver.findElements(By.xpath("//label")): null

27-02-2025T17:20:00 - [TEST_STEP][PASSED] - labels.each({ -> ... }): null

27-02-2025T17:20:02 - [TEST_STEP][PASSED] - for (def label : fieldLabels): null

27-02-2025T17:20:02 - [TEST_STEP][PASSED] - y = value: null

27-02-2025T17:20:02 - [TEST_STEP][PASSED] - for (def tooltip : fieldTooltips): null

27-02-2025T17:20:02 - [TEST_STEP][PASSED] - if (value == y || value == y + 1 || value == y - 1): null

27-02-2025T17:20:02 - [TEST_STEP][PASSED] - y = value: null

27-02-2025T17:20:02 - [TEST_STEP][PASSED] - for (def tooltip : fieldTooltips): null

27-02-2025T17:20:02 - [TEST_STEP][PASSED] - if (value == y || value == y + 1 || value == y - 1): null

27-02-2025T17:20:02 - [TEST_STEP][PASSED] - y = value: null

27-02-2025T17:20:02 - [TEST_STEP][PASSED] - for (def tooltip : fieldTooltips): null

27-02-2025T17:20:02 - [TEST_STEP][PASSED] - if (value == y || value == y + 1 || value == y - 1): null

27-02-2025T17:20:02 - [TEST_STEP][PASSED] - y = value: null

27-02-2025T17:20:02 - [TEST_STEP][PASSED] - for (def tooltip : fieldTooltips): null

27-02-2025T17:20:02 - [TEST_STEP][PASSED] - if (value == y || value == y + 1 || value == y - 1): null

27-02-2025T17:20:02 - [TEST_STEP][PASSED] - y = value: null

27-02-2025T17:20:02 - [TEST_STEP][PASSED] - for (def tooltip : fieldTooltips): null

27-02-2025T17:20:02 - [TEST_STEP][PASSED] - if (value == y || value == y + 1 || value == y - 1): null

27-02-2025T17:20:02 - [TEST_STEP][PASSED] - y = value: null

27-02-2025T17:20:02 - [TEST_STEP][PASSED] - for (def tooltip : fieldTooltips): null

27-02-2025T17:20:02 - [TEST_STEP][PASSED] - if (value == y || value == y + 1 || value == y - 1): null

27-02-2025T17:20:02 - [TEST_STEP][PASSED] - y = value: null

27-02-2025T17:20:02 - [TEST_STEP][PASSED] - for (def tooltip : fieldTooltips): null

27-02-2025T17:20:02 - [TEST_STEP][PASSED] - if (value == y || value == y + 1 || value == y - 1): null

27-02-2025T17:20:02 - [TEST_STEP][PASSED] - y = value: null

27-02-2025T17:20:02 - [TEST_STEP][PASSED] - for (def tooltip : fieldTooltips): null

27-02-2025T17:20:02 - [TEST_STEP][PASSED] - if (value == y || value == y + 1 || value == y - 1): null

27-02-2025T17:20:02 - [TEST_STEP][PASSED] - tooltipMap.put(key, key): null

27-02-2025T17:20:02 - [TEST_STEP][PASSED] - break: null

27-02-2025T17:20:02 - [TEST_STEP][PASSED] - y = value: null

27-02-2025T17:20:02 - [TEST_STEP][PASSED] - for (def tooltip : fieldTooltips): null

27-02-2025T17:20:02 - [TEST_STEP][PASSED] - if (value == y || value == y + 1 || value == y - 1): null

27-02-2025T17:20:02 - [TEST_STEP][PASSED] - return tooltipMap: null

27-02-2025T17:20:02 - [MESSAGE][PASSED] - Call Test Case 'Test Cases/_Functions/Get Tooltip Text' successfully

27-02-2025T17:20:02 - [TEST_STEP][PASSED] - if (tooltipMap.size() > 0): null

27-02-2025T17:20:02 - [TEST_STEP][PASSED] - file = fileBase + "_Tooltips.csv": null

27-02-2025T17:20:02 - [TEST_STEP][PASSED] - outText = "FIELD LABEL" + "," + "TOOLTIP TEXT" + "

": null

27-02-2025T17:20:02 - [TEST_STEP][PASSED] - for (def it : tooltipMap): null

27-02-2025T17:20:02 - [TEST_STEP][PASSED] - name = key: null

27-02-2025T17:20:02 - [TEST_STEP][PASSED] - value = value.replace("
", ""): null

27-02-2025T17:20:02 - [TEST_STEP][PASSED] - value = value.trim(): null

27-02-2025T17:20:02 - [TEST_STEP][PASSED] - value = """ + value + """: null

27-02-2025T17:20:02 - [TEST_STEP][PASSED] - outText = outText + name + "," + value: null

27-02-2025T17:20:02 - [TEST_STEP][PASSED] - outText = outText + "
": null

27-02-2025T17:20:02 - [TEST_STEP][PASSED] - println(outText): null

27-02-2025T17:20:02 - [TEST_STEP][PASSED] - outFile = new java.io.File(file): null

27-02-2025T17:20:02 - [TEST_STEP][PASSED] - println(outText): null

27-02-2025T17:20:02 - [TEST_STEP][PASSED] - outFile.write(outText): null

27-02-2025T17:20:02 - [TEST_STEP][PASSED] - takeFullPageScreenshot(fileImage): Taking screenshot successfully

27-02-2025T17:20:03 - [MESSAGE][INFO] - 0 hidden object(s)

27-02-2025T17:20:03 - [MESSAGE][PASSED] - Taking screenshot successfully
[[ATTACHMENT|/Users/cckozie/Documents/MissionNext/Screenshots and Tooltip Text/Education Candidate Experience Tab_Screenshot.png]]

27-02-2025T17:20:03 - [TEST_STEP][PASSED] - frame.dispose(): null

27-02-2025T17:20:03 - [TEST_STEP][PASSED] - return tooltipMap: null

27-02-2025T17:20:03 - [MESSAGE][PASSED] - Call Test Case 'Test Cases/_Functions/Get Screenshot and Tooltip Text' successfully

27-02-2025T17:20:03 - [TEST_STEP][PASSED] - callTestCase(findTestCase("_Functions/Test Tooltips"), ["varTooltipImagePath":tooltipImagePath, "varTooltips":tooltips, "varTooltipText":tooltipText, "varTestObjectFolder":testObjectFolder, ... ], STOP_ON_FAILURE): Call Test Case 'Test Cases/_Functions/Test Tooltips' successfully

27-02-2025T17:20:03 - [TEST_CASE][PASSED] - Test Cases/_Functions/Test Tooltips: Test Cases/_Functions/Test Tooltips

27-02-2025T17:20:03 - [TEST_STEP][PASSED] - if (fastPath): null

27-02-2025T17:20:03 - [TEST_STEP][PASSED] - tooltipImagePath = varTooltipImagePath: null

27-02-2025T17:20:03 - [TEST_STEP][PASSED] - tooltips = varTooltips: null

27-02-2025T17:20:03 - [TEST_STEP][PASSED] - tooltipText = varTooltipText: null

27-02-2025T17:20:03 - [TEST_STEP][PASSED] - testObjectFolder = varTestObjectFolder: null

27-02-2025T17:20:03 - [TEST_STEP][PASSED] - tooltipTextMap = varTooltipTextMap: null

27-02-2025T17:20:03 - [TEST_STEP][PASSED] - writeFile = false: null

27-02-2025T17:20:03 - [TEST_STEP][PASSED] - if (outFile != ""): null

27-02-2025T17:20:03 - [TEST_STEP][PASSED] - myFile = outFile: null

27-02-2025T17:20:03 - [TEST_STEP][PASSED] - println(myFile): null

27-02-2025T17:20:03 - [TEST_STEP][PASSED] - outFile = new java.io.File(myFile): null

27-02-2025T17:20:03 - [TEST_STEP][PASSED] - writeFile = true: null

27-02-2025T17:20:03 - [TEST_STEP][PASSED] - driver = getWebDriver(): null

27-02-2025T17:20:03 - [TEST_STEP][PASSED] - action = new org.openqa.selenium.interactions.Actions(driver): null

27-02-2025T17:20:03 - [TEST_STEP][PASSED] - s = new org.sikuli.script.Screen(): null

27-02-2025T17:20:03 - [TEST_STEP][PASSED] - outText = "Verifying the tooltips can be displayed.
": null

27-02-2025T17:20:03 - [TEST_STEP][PASSED] - outFile.append(outText): null

27-02-2025T17:20:03 - [TEST_STEP][PASSED] - first = true: null

27-02-2025T17:20:03 - [TEST_STEP][PASSED] - for (def it : tooltips): null

27-02-2025T17:20:03 - [TEST_STEP][PASSED] - myKey = key: null

27-02-2025T17:20:03 - [TEST_STEP][PASSED] - myValue = value: null

27-02-2025T17:20:03 - [TEST_STEP][PASSED] - println("myKey is " + myKey): null

27-02-2025T17:20:03 - [TEST_STEP][PASSED] - println("myValue is " + myValue): null

27-02-2025T17:20:03 - [TEST_STEP][PASSED] - if (myKey != "dummy"): null

27-02-2025T17:20:03 - [TEST_STEP][PASSED] - else: null

27-02-2025T17:20:03 - [TEST_STEP][PASSED] - myImage = "/Users/cckozie/git/MissionNext-Katalon-Koz/images/dummy.png": null

27-02-2025T17:20:03 - [TEST_STEP][PASSED] - f = new java.io.File(myImage): null

27-02-2025T17:20:03 - [TEST_STEP][PASSED] - if (f.exists()): null

27-02-2025T17:20:03 - [TEST_STEP][PASSED] - println("Looking for " + myImage): null

27-02-2025T17:20:03 - [TEST_STEP][PASSED] - icn = Pattern(myImage).similar(0.10): null

27-02-2025T17:20:03 - [TEST_STEP][PASSED] - found = s.exists(icn): null

27-02-2025T17:20:03 - [TEST_STEP][PASSED] - println(found): null

27-02-2025T17:20:03 - [TEST_STEP][PASSED] - if (found != null): null

27-02-2025T17:20:03 - [TEST_STEP][PASSED] - foundStr = found.toString(): null

27-02-2025T17:20:03 - [TEST_STEP][PASSED] - matchP = foundStr.indexOf("%"): null

27-02-2025T17:20:03 - [TEST_STEP][PASSED] - if (matchP >= 0): null

27-02-2025T17:20:03 - [TEST_STEP][PASSED] - println(matchP): null

27-02-2025T17:20:03 - [TEST_STEP][PASSED] - pct = foundStr.substring(matchP + 1, matchP + 6): null

27-02-2025T17:20:03 - [TEST_STEP][PASSED] - pctF = pct.toFloat(): null

27-02-2025T17:20:03 - [TEST_STEP][PASSED] - outText = "+++ Tooltip match value for " + myKey + " is " + pctF + "%": null

27-02-2025T17:20:03 - [TEST_STEP][PASSED] - min = 80: null

27-02-2025T17:20:03 - [TEST_STEP][PASSED] - if (pctF.toFloat() < min.toFloat()): null

27-02-2025T17:20:03 - [TEST_STEP][PASSED] - outText = ">>>>> " + outText + " <<<<<": null

27-02-2025T17:20:03 - [TEST_STEP][PASSED] - if (myKey != "dummy"): null

27-02-2025T17:20:03 - [TEST_STEP][PASSED] - myKey = key: null

27-02-2025T17:20:03 - [TEST_STEP][PASSED] - myValue = value: null

27-02-2025T17:20:03 - [TEST_STEP][PASSED] - println("myKey is " + myKey): null

27-02-2025T17:20:03 - [TEST_STEP][PASSED] - println("myValue is " + myValue): null

27-02-2025T17:20:03 - [TEST_STEP][PASSED] - if (myKey != "dummy"): null

27-02-2025T17:20:03 - [TEST_STEP][PASSED] - tObj = testObjectFolder + myValue: null

27-02-2025T17:20:03 - [TEST_STEP][PASSED] - click(tObj): null

27-02-2025T17:20:03 - [TEST_STEP][PASSED] - scrollToObject(object): null

27-02-2025T17:20:03 - [TEST_STEP][PASSED] - println("Converting " + object + " to web element"): null

27-02-2025T17:20:03 - [TEST_STEP][PASSED] - element = findWebElement(findTestObject(object), 1): null

27-02-2025T17:20:03 - [TEST_STEP][PASSED] - loc = element.getLocation(): null

27-02-2025T17:20:03 - [TEST_STEP][PASSED] - x = loc.getX(): null

27-02-2025T17:20:03 - [TEST_STEP][PASSED] - if (x >= 560): null

27-02-2025T17:20:03 - [TEST_STEP][PASSED] - y = loc.getY(): null

27-02-2025T17:20:03 - [TEST_STEP][PASSED] - println("Y location is " + y): null

27-02-2025T17:20:03 - [TEST_STEP][PASSED] - top = getViewportTopPosition(): Current viewport's top (y) position is 0

27-02-2025T17:20:03 - [MESSAGE][PASSED] - Current viewport's top (y) position is 0

27-02-2025T17:20:03 - [TEST_STEP][PASSED] - println("Viewport top is " + top): null

27-02-2025T17:20:03 - [TEST_STEP][PASSED] - bottom = top + 600: null

27-02-2025T17:20:03 - [TEST_STEP][PASSED] - if (y - top < 150 || bottom - y < 10): Delayed 1 second(s)

27-02-2025T17:20:03 - [TEST_STEP][PASSED] - scrollToPosition(0, y - 170): Browser is scrolled to position x = 0, y = 581

27-02-2025T17:20:03 - [MESSAGE][PASSED] - Browser is scrolled to position x = 0, y = 581

27-02-2025T17:20:03 - [TEST_STEP][PASSED] - delay(1): Delayed 1 second(s)

27-02-2025T17:20:04 - [MESSAGE][PASSED] - Delayed 1 second(s)

27-02-2025T17:20:04 - [TEST_STEP][PASSED] - click(findTestObject(object)): null

27-02-2025T17:20:04 - [MESSAGE][PASSED] - Object: 'Object Repository/Education Candidate Profile/Tabs/Experience/img_Life Experience_field-tooltip' is clicked on

27-02-2025T17:20:04 - [TEST_STEP][PASSED] - delay(1): Delayed 1 second(s)

27-02-2025T17:20:05 - [MESSAGE][PASSED] - Delayed 1 second(s)

27-02-2025T17:20:05 - [TEST_STEP][PASSED] - myImage = tooltipImagePath + myKey + ".png": null

27-02-2025T17:20:05 - [TEST_STEP][PASSED] - f = new java.io.File(myImage): null

27-02-2025T17:20:05 - [TEST_STEP][PASSED] - if (f.exists()): null

27-02-2025T17:20:05 - [TEST_STEP][PASSED] - println("Looking for " + myImage): null

27-02-2025T17:20:05 - [TEST_STEP][PASSED] - icn = Pattern(myImage).similar(0.10): null

27-02-2025T17:20:05 - [TEST_STEP][PASSED] - found = s.exists(icn): null

27-02-2025T17:20:05 - [TEST_STEP][PASSED] - println(found): null

27-02-2025T17:20:05 - [TEST_STEP][PASSED] - if (found != null): null

27-02-2025T17:20:05 - [TEST_STEP][PASSED] - foundStr = found.toString(): null

27-02-2025T17:20:05 - [TEST_STEP][PASSED] - matchP = foundStr.indexOf("%"): null

27-02-2025T17:20:05 - [TEST_STEP][PASSED] - if (matchP >= 0): null

27-02-2025T17:20:05 - [TEST_STEP][PASSED] - println(matchP): null

27-02-2025T17:20:05 - [TEST_STEP][PASSED] - pct = foundStr.substring(matchP + 1, matchP + 6): null

27-02-2025T17:20:05 - [TEST_STEP][PASSED] - pctF = pct.toFloat(): null

27-02-2025T17:20:05 - [TEST_STEP][PASSED] - outText = "+++ Tooltip match value for " + myKey + " is " + pctF + "%": null

27-02-2025T17:20:05 - [TEST_STEP][PASSED] - min = 80: null

27-02-2025T17:20:05 - [TEST_STEP][PASSED] - if (pctF.toFloat() < min.toFloat()): null

27-02-2025T17:20:05 - [TEST_STEP][PASSED] - if (myKey != "dummy"): null

27-02-2025T17:20:05 - [TEST_STEP][PASSED] - println(outText): null

27-02-2025T17:20:05 - [TEST_STEP][PASSED] - outFile.append(outText + "
"): null

27-02-2025T17:20:05 - [TEST_STEP][PASSED] - outText = "Verifying the tooltip text on the page is what was expected.
": null

27-02-2025T17:20:05 - [TEST_STEP][PASSED] - println(tooltipTextMap): null

27-02-2025T17:20:05 - [TEST_STEP][PASSED] - outFile.append(outText): null

27-02-2025T17:20:05 - [TEST_STEP][PASSED] - for (def it : tooltipText): null

27-02-2025T17:20:05 - [TEST_STEP][PASSED] - println(it): null

27-02-2025T17:20:05 - [TEST_STEP][PASSED] - myKey = key: null

27-02-2025T17:20:05 - [TEST_STEP][PASSED] - myText = value.replace(""", ""): null

27-02-2025T17:20:05 - [TEST_STEP][PASSED] - myText = myText.trim(): null

27-02-2025T17:20:05 - [TEST_STEP][PASSED] - println(myKey): null

27-02-2025T17:20:05 - [TEST_STEP][PASSED] - println(myText): null

27-02-2025T17:20:05 - [TEST_STEP][PASSED] - println(tooltipTextMap.get(myKey)): null

27-02-2025T17:20:05 - [TEST_STEP][PASSED] - actualText = get(myKey).replace(""", ""): null

27-02-2025T17:20:05 - [TEST_STEP][PASSED] - actualText = actualText.trim(): null

27-02-2025T17:20:05 - [TEST_STEP][PASSED] - println(myKey + ":" + actualText): null

27-02-2025T17:20:05 - [TEST_STEP][PASSED] - if (actualText != myText): null

27-02-2025T17:20:05 - [MESSAGE][PASSED] - Call Test Case 'Test Cases/_Functions/Test Tooltips' successfully

27-02-2025T17:20:05 - [TEST_STEP][PASSED] - outText = "Verifying the required field messages.
": null

27-02-2025T17:20:05 - [TEST_STEP][PASSED] - outFile.append(outText): null

27-02-2025T17:20:05 - [TEST_STEP][PASSED] - fieldList = []: null

27-02-2025T17:20:05 - [TEST_STEP][PASSED] - requiredFieldMsgs.each({ -> ... }): null

27-02-2025T17:20:05 - [TEST_STEP][PASSED] - callTestCase(findTestCase("_Functions/Test Field Error Messages"), ["varFieldList":fieldList, "varRequiredFieldMsgs":requiredFieldMsgs], STOP_ON_FAILURE): Call Test Case 'Test Cases/_Functions/Test Field Error Messages' successfully

27-02-2025T17:20:05 - [TEST_CASE][PASSED] - Test Cases/_Functions/Test Field Error Messages: Test Cases/_Functions/Test Field Error Messages

27-02-2025T17:20:05 - [TEST_STEP][PASSED] - count = callTestCase(findTestCase("_Functions/Find error messages"), ["varFunction":"count"], STOP_ON_FAILURE): Call Test Case 'Test Cases/_Functions/Find error messages' successfully

27-02-2025T17:20:05 - [TEST_CASE][PASSED] - Test Cases/_Functions/Find error messages: Test Cases/_Functions/Find error messages

27-02-2025T17:20:05 - [TEST_STEP][PASSED] - function = "count": null

27-02-2025T17:20:05 - [TEST_STEP][PASSED] - if (binding.hasVariable("varFunction")): null

27-02-2025T17:20:05 - [TEST_STEP][PASSED] - function = varFunction: null

27-02-2025T17:20:05 - [TEST_STEP][PASSED] - title = getWindowTitle(): Current window's title is: 'Education'

27-02-2025T17:20:05 - [MESSAGE][PASSED] - Current window's title is: 'Education'

27-02-2025T17:20:05 - [TEST_STEP][PASSED] - println("Page title is " + title): null

27-02-2025T17:20:05 - [TEST_STEP][PASSED] - driver = getWebDriver(): null

27-02-2025T17:20:05 - [TEST_STEP][PASSED] - elements = driver.findElements(By.xpath("//div[@class='col-sm-offset-3 col-sm-9 text-danger']")): null

27-02-2025T17:20:05 - [TEST_STEP][PASSED] - if (function == "count"): null

27-02-2025T17:20:05 - [TEST_STEP][PASSED] - return elements.size(): null

27-02-2025T17:20:05 - [MESSAGE][PASSED] - Call Test Case 'Test Cases/_Functions/Find error messages' successfully

27-02-2025T17:20:05 - [TEST_STEP][PASSED] - outFile = outFile: null

27-02-2025T17:20:05 - [TEST_STEP][PASSED] - if (count == 0): null

27-02-2025T17:20:05 - [TEST_STEP][PASSED] - else: Delayed 0 second(s)

27-02-2025T17:20:05 - [TEST_STEP][PASSED] - fieldList = varFieldList: null

27-02-2025T17:20:05 - [TEST_STEP][PASSED] - requiredFieldMsgs = varRequiredFieldMsgs: null

27-02-2025T17:20:05 - [TEST_STEP][PASSED] - outText = "Verifying error messages for fields " + fieldList: null

27-02-2025T17:20:05 - [TEST_STEP][PASSED] - for (def field : fieldList): null

27-02-2025T17:20:05 - [TEST_STEP][PASSED] - errorMsg = requiredFieldMsgs.get(field): null

27-02-2025T17:20:05 - [TEST_STEP][PASSED] - msg = verifyTextPresent(errorMsg, false, OPTIONAL): Text 'The missions exposure field is required.' is present on page 

27-02-2025T17:20:05 - [MESSAGE][PASSED] - Text 'The missions exposure field is required.' is present on page 

27-02-2025T17:20:05 - [TEST_STEP][PASSED] - println(field + ":" + msg): null

27-02-2025T17:20:05 - [TEST_STEP][PASSED] - if (!(msg)): null

27-02-2025T17:20:05 - [TEST_STEP][PASSED] - delay(fieldTestDelay): Delayed 0 second(s)

27-02-2025T17:20:05 - [MESSAGE][PASSED] - Delayed 0 second(s)

27-02-2025T17:20:05 - [MESSAGE][PASSED] - Call Test Case 'Test Cases/_Functions/Test Field Error Messages' successfully

27-02-2025T17:20:05 - [TEST_STEP][PASSED] - if (varHighest_degree != null): Call Test Case 'Test Cases/_Functions/Perform Action' successfully

27-02-2025T17:20:05 - [TEST_STEP][PASSED] - object = "Object Repository/Education Candidate Profile/Tabs/Experience/select_High Earned Degree": null

27-02-2025T17:20:05 - [TEST_STEP][PASSED] - callTestCase(findTestCase("_Functions/Perform Action"), ["varAction":"selectOptionByValue", "varObject":object, "varParm1":varHighest_degree], STOP_ON_FAILURE): Call Test Case 'Test Cases/_Functions/Perform Action' successfully

27-02-2025T17:20:05 - [TEST_CASE][PASSED] - Test Cases/_Functions/Perform Action: Test Cases/_Functions/Perform Action

27-02-2025T17:20:05 - [TEST_STEP][PASSED] - action = varAction: null

27-02-2025T17:20:05 - [TEST_STEP][PASSED] - println(action): null

27-02-2025T17:20:05 - [TEST_STEP][PASSED] - testObject = varObject: null

27-02-2025T17:20:05 - [TEST_STEP][PASSED] - println(testObject): null

27-02-2025T17:20:05 - [TEST_STEP][PASSED] - parm1 = varParm1: null

27-02-2025T17:20:05 - [TEST_STEP][PASSED] - println(parm1): null

27-02-2025T17:20:05 - [TEST_STEP][PASSED] - println("Converting " + testObject + " to web element"): null

27-02-2025T17:20:05 - [TEST_STEP][PASSED] - element = findWebElement(findTestObject(testObject), 1): null

27-02-2025T17:20:05 - [TEST_STEP][PASSED] - loc = element.getLocation(): null

27-02-2025T17:20:05 - [TEST_STEP][PASSED] - y = loc.getY(): null

27-02-2025T17:20:05 - [TEST_STEP][PASSED] - println("Y location is " + y): null

27-02-2025T17:20:05 - [TEST_STEP][PASSED] - top = getViewportTopPosition(): Current viewport's top (y) position is 558

27-02-2025T17:20:05 - [MESSAGE][PASSED] - Current viewport's top (y) position is 558

27-02-2025T17:20:05 - [TEST_STEP][PASSED] - println("Viewport top is " + top): null

27-02-2025T17:20:05 - [TEST_STEP][PASSED] - bottom = top + 600: null

27-02-2025T17:20:05 - [TEST_STEP][PASSED] - if (y - top < 150 || bottom - y < 10): Delayed 1 second(s)

27-02-2025T17:20:05 - [TEST_STEP][PASSED] - scrollToPosition(0, y - 150): Browser is scrolled to position x = 0, y = 253

27-02-2025T17:20:05 - [MESSAGE][PASSED] - Browser is scrolled to position x = 0, y = 253

27-02-2025T17:20:05 - [TEST_STEP][PASSED] - delay(1): Delayed 1 second(s)

27-02-2025T17:20:06 - [MESSAGE][PASSED] - Delayed 1 second(s)

27-02-2025T17:20:06 - [TEST_STEP][PASSED] - if (action == "click"): null

27-02-2025T17:20:06 - [TEST_STEP][PASSED] - else if (action == "selectOptionByValue"): All options with value 'Bachelor of Science (BS)' are selected in object 'Object Repository/Education Candidate Profile/Tabs/Experience/select_High Earned Degree' 

27-02-2025T17:20:06 - [TEST_STEP][PASSED] - println("Selecting " + parm1): null

27-02-2025T17:20:06 - [TEST_STEP][PASSED] - selectOptionByValue(findTestObject(testObject), parm1, false): All options with value 'Bachelor of Science (BS)' are selected in object 'Object Repository/Education Candidate Profile/Tabs/Experience/select_High Earned Degree' 

27-02-2025T17:20:07 - [MESSAGE][PASSED] - All options with value 'Bachelor of Science (BS)' are selected in object 'Object Repository/Education Candidate Profile/Tabs/Experience/select_High Earned Degree' 

27-02-2025T17:20:07 - [MESSAGE][PASSED] - Call Test Case 'Test Cases/_Functions/Perform Action' successfully

27-02-2025T17:20:07 - [TEST_STEP][PASSED] - if (varDegree_field != null): Call Test Case 'Test Cases/_Functions/Perform Action' successfully

27-02-2025T17:20:07 - [TEST_STEP][PASSED] - object = "Object Repository/Education Candidate Profile/Tabs/Experience/input_Degree Field": null

27-02-2025T17:20:07 - [TEST_STEP][PASSED] - callTestCase(findTestCase("_Functions/Perform Action"), ["varAction":"setText", "varObject":object, "varParm1":varDegree_field], STOP_ON_FAILURE): Call Test Case 'Test Cases/_Functions/Perform Action' successfully

27-02-2025T17:20:07 - [TEST_CASE][PASSED] - Test Cases/_Functions/Perform Action: Test Cases/_Functions/Perform Action

27-02-2025T17:20:07 - [TEST_STEP][PASSED] - action = varAction: null

27-02-2025T17:20:07 - [TEST_STEP][PASSED] - println(action): null

27-02-2025T17:20:07 - [TEST_STEP][PASSED] - testObject = varObject: null

27-02-2025T17:20:07 - [TEST_STEP][PASSED] - println(testObject): null

27-02-2025T17:20:07 - [TEST_STEP][PASSED] - parm1 = varParm1: null

27-02-2025T17:20:07 - [TEST_STEP][PASSED] - println(parm1): null

27-02-2025T17:20:07 - [TEST_STEP][PASSED] - println("Converting " + testObject + " to web element"): null

27-02-2025T17:20:07 - [TEST_STEP][PASSED] - element = findWebElement(findTestObject(testObject), 1): null

27-02-2025T17:20:07 - [TEST_STEP][PASSED] - loc = element.getLocation(): null

27-02-2025T17:20:07 - [TEST_STEP][PASSED] - y = loc.getY(): null

27-02-2025T17:20:07 - [TEST_STEP][PASSED] - println("Y location is " + y): null

27-02-2025T17:20:07 - [TEST_STEP][PASSED] - top = getViewportTopPosition(): Current viewport's top (y) position is 253

27-02-2025T17:20:07 - [MESSAGE][PASSED] - Current viewport's top (y) position is 253

27-02-2025T17:20:07 - [TEST_STEP][PASSED] - println("Viewport top is " + top): null

27-02-2025T17:20:07 - [TEST_STEP][PASSED] - bottom = top + 600: null

27-02-2025T17:20:07 - [TEST_STEP][PASSED] - if (y - top < 150 || bottom - y < 10): null

27-02-2025T17:20:07 - [TEST_STEP][PASSED] - if (action == "click"): null

27-02-2025T17:20:07 - [TEST_STEP][PASSED] - else if (action == "selectOptionByValue"): null

27-02-2025T17:20:07 - [TEST_STEP][PASSED] - else if (action == "setText"): Text 'Physical Science' is set on object 'Object Repository/Education Candidate Profile/Tabs/Experience/input_Degree Field'

27-02-2025T17:20:07 - [TEST_STEP][PASSED] - println("Setting text " + parm1): null

27-02-2025T17:20:07 - [TEST_STEP][PASSED] - setText(findTestObject(testObject), parm1): Text 'Physical Science' is set on object 'Object Repository/Education Candidate Profile/Tabs/Experience/input_Degree Field'

27-02-2025T17:20:07 - [MESSAGE][PASSED] - Text 'Physical Science' is set on object 'Object Repository/Education Candidate Profile/Tabs/Experience/input_Degree Field'

27-02-2025T17:20:07 - [MESSAGE][PASSED] - Call Test Case 'Test Cases/_Functions/Perform Action' successfully

27-02-2025T17:20:07 - [TEST_STEP][PASSED] - if (varClassroom_experience != null): Call Test Case 'Test Cases/_Functions/Perform Action' successfully

27-02-2025T17:20:07 - [TEST_STEP][PASSED] - object = "Object Repository/Education Candidate Profile/Tabs/Experience/select_Classroom Experience": null

27-02-2025T17:20:07 - [TEST_STEP][PASSED] - callTestCase(findTestCase("_Functions/Perform Action"), ["varAction":"selectOptionByValue", "varObject":object, "varParm1":varClassroom_experience], STOP_ON_FAILURE): Call Test Case 'Test Cases/_Functions/Perform Action' successfully

27-02-2025T17:20:07 - [TEST_CASE][PASSED] - Test Cases/_Functions/Perform Action: Test Cases/_Functions/Perform Action

27-02-2025T17:20:07 - [TEST_STEP][PASSED] - action = varAction: null

27-02-2025T17:20:07 - [TEST_STEP][PASSED] - println(action): null

27-02-2025T17:20:07 - [TEST_STEP][PASSED] - testObject = varObject: null

27-02-2025T17:20:07 - [TEST_STEP][PASSED] - println(testObject): null

27-02-2025T17:20:07 - [TEST_STEP][PASSED] - parm1 = varParm1: null

27-02-2025T17:20:07 - [TEST_STEP][PASSED] - println(parm1): null

27-02-2025T17:20:07 - [TEST_STEP][PASSED] - println("Converting " + testObject + " to web element"): null

27-02-2025T17:20:07 - [TEST_STEP][PASSED] - element = findWebElement(findTestObject(testObject), 1): null

27-02-2025T17:20:07 - [TEST_STEP][PASSED] - loc = element.getLocation(): null

27-02-2025T17:20:07 - [TEST_STEP][PASSED] - y = loc.getY(): null

27-02-2025T17:20:07 - [TEST_STEP][PASSED] - println("Y location is " + y): null

27-02-2025T17:20:07 - [TEST_STEP][PASSED] - top = getViewportTopPosition(): Current viewport's top (y) position is 253

27-02-2025T17:20:07 - [MESSAGE][PASSED] - Current viewport's top (y) position is 253

27-02-2025T17:20:07 - [TEST_STEP][PASSED] - println("Viewport top is " + top): null

27-02-2025T17:20:07 - [TEST_STEP][PASSED] - bottom = top + 600: null

27-02-2025T17:20:07 - [TEST_STEP][PASSED] - if (y - top < 150 || bottom - y < 10): null

27-02-2025T17:20:07 - [TEST_STEP][PASSED] - if (action == "click"): null

27-02-2025T17:20:07 - [TEST_STEP][PASSED] - else if (action == "selectOptionByValue"): All options with value 'Yes' are selected in object 'Object Repository/Education Candidate Profile/Tabs/Experience/select_Classroom Experience' 

27-02-2025T17:20:07 - [TEST_STEP][PASSED] - println("Selecting " + parm1): null

27-02-2025T17:20:07 - [TEST_STEP][PASSED] - selectOptionByValue(findTestObject(testObject), parm1, false): All options with value 'Yes' are selected in object 'Object Repository/Education Candidate Profile/Tabs/Experience/select_Classroom Experience' 

27-02-2025T17:20:07 - [MESSAGE][PASSED] - All options with value 'Yes' are selected in object 'Object Repository/Education Candidate Profile/Tabs/Experience/select_Classroom Experience' 

27-02-2025T17:20:07 - [MESSAGE][PASSED] - Call Test Case 'Test Cases/_Functions/Perform Action' successfully

27-02-2025T17:20:07 - [TEST_STEP][PASSED] - if (varOccupation != null): Call Test Case 'Test Cases/_Functions/Perform Action' successfully

27-02-2025T17:20:07 - [TEST_STEP][PASSED] - object = "Object Repository/Education Candidate Profile/Tabs/Experience/textarea_Occupation": null

27-02-2025T17:20:07 - [TEST_STEP][PASSED] - callTestCase(findTestCase("_Functions/Perform Action"), ["varAction":"setText", "varObject":object, "varParm1":varOccupation], STOP_ON_FAILURE): Call Test Case 'Test Cases/_Functions/Perform Action' successfully

27-02-2025T17:20:07 - [TEST_CASE][PASSED] - Test Cases/_Functions/Perform Action: Test Cases/_Functions/Perform Action

27-02-2025T17:20:07 - [TEST_STEP][PASSED] - action = varAction: null

27-02-2025T17:20:07 - [TEST_STEP][PASSED] - println(action): null

27-02-2025T17:20:07 - [TEST_STEP][PASSED] - testObject = varObject: null

27-02-2025T17:20:07 - [TEST_STEP][PASSED] - println(testObject): null

27-02-2025T17:20:07 - [TEST_STEP][PASSED] - parm1 = varParm1: null

27-02-2025T17:20:07 - [TEST_STEP][PASSED] - println(parm1): null

27-02-2025T17:20:07 - [TEST_STEP][PASSED] - println("Converting " + testObject + " to web element"): null

27-02-2025T17:20:07 - [TEST_STEP][PASSED] - element = findWebElement(findTestObject(testObject), 1): null

27-02-2025T17:20:07 - [TEST_STEP][PASSED] - loc = element.getLocation(): null

27-02-2025T17:20:07 - [TEST_STEP][PASSED] - y = loc.getY(): null

27-02-2025T17:20:07 - [TEST_STEP][PASSED] - println("Y location is " + y): null

27-02-2025T17:20:07 - [TEST_STEP][PASSED] - top = getViewportTopPosition(): Current viewport's top (y) position is 253

27-02-2025T17:20:07 - [MESSAGE][PASSED] - Current viewport's top (y) position is 253

27-02-2025T17:20:07 - [TEST_STEP][PASSED] - println("Viewport top is " + top): null

27-02-2025T17:20:07 - [TEST_STEP][PASSED] - bottom = top + 600: null

27-02-2025T17:20:07 - [TEST_STEP][PASSED] - if (y - top < 150 || bottom - y < 10): null

27-02-2025T17:20:07 - [TEST_STEP][PASSED] - if (action == "click"): null

27-02-2025T17:20:07 - [TEST_STEP][PASSED] - else if (action == "selectOptionByValue"): null

27-02-2025T17:20:07 - [TEST_STEP][PASSED] - else if (action == "setText"): Text 'Middle School Teacher' is set on object 'Object Repository/Education Candidate Profile/Tabs/Experience/textarea_Occupation'

27-02-2025T17:20:07 - [TEST_STEP][PASSED] - println("Setting text " + parm1): null

27-02-2025T17:20:07 - [TEST_STEP][PASSED] - setText(findTestObject(testObject), parm1): Text 'Middle School Teacher' is set on object 'Object Repository/Education Candidate Profile/Tabs/Experience/textarea_Occupation'

27-02-2025T17:20:07 - [MESSAGE][PASSED] - Text 'Middle School Teacher' is set on object 'Object Repository/Education Candidate Profile/Tabs/Experience/textarea_Occupation'

27-02-2025T17:20:07 - [MESSAGE][PASSED] - Call Test Case 'Test Cases/_Functions/Perform Action' successfully

27-02-2025T17:20:07 - [TEST_STEP][PASSED] - if (varCross_cultural != null): Call Test Case 'Test Cases/_Functions/Perform Action' successfully

27-02-2025T17:20:07 - [TEST_STEP][PASSED] - object = "Object Repository/Education Candidate Profile/Tabs/Experience/select_Cross-Cultural Experience": null

27-02-2025T17:20:07 - [TEST_STEP][PASSED] - callTestCase(findTestCase("_Functions/Perform Action"), ["varAction":"selectOptionByValue", "varObject":object, "varParm1":varCross_cultural], STOP_ON_FAILURE): Call Test Case 'Test Cases/_Functions/Perform Action' successfully

27-02-2025T17:20:07 - [TEST_CASE][PASSED] - Test Cases/_Functions/Perform Action: Test Cases/_Functions/Perform Action

27-02-2025T17:20:07 - [TEST_STEP][PASSED] - action = varAction: null

27-02-2025T17:20:07 - [TEST_STEP][PASSED] - println(action): null

27-02-2025T17:20:07 - [TEST_STEP][PASSED] - testObject = varObject: null

27-02-2025T17:20:07 - [TEST_STEP][PASSED] - println(testObject): null

27-02-2025T17:20:07 - [TEST_STEP][PASSED] - parm1 = varParm1: null

27-02-2025T17:20:07 - [TEST_STEP][PASSED] - println(parm1): null

27-02-2025T17:20:07 - [TEST_STEP][PASSED] - println("Converting " + testObject + " to web element"): null

27-02-2025T17:20:07 - [TEST_STEP][PASSED] - element = findWebElement(findTestObject(testObject), 1): null

27-02-2025T17:20:07 - [TEST_STEP][PASSED] - loc = element.getLocation(): null

27-02-2025T17:20:07 - [TEST_STEP][PASSED] - y = loc.getY(): null

27-02-2025T17:20:07 - [TEST_STEP][PASSED] - println("Y location is " + y): null

27-02-2025T17:20:07 - [TEST_STEP][PASSED] - top = getViewportTopPosition(): Current viewport's top (y) position is 253

27-02-2025T17:20:07 - [MESSAGE][PASSED] - Current viewport's top (y) position is 253

27-02-2025T17:20:07 - [TEST_STEP][PASSED] - println("Viewport top is " + top): null

27-02-2025T17:20:07 - [TEST_STEP][PASSED] - bottom = top + 600: null

27-02-2025T17:20:07 - [TEST_STEP][PASSED] - if (y - top < 150 || bottom - y < 10): null

27-02-2025T17:20:07 - [TEST_STEP][PASSED] - if (action == "click"): null

27-02-2025T17:20:07 - [TEST_STEP][PASSED] - else if (action == "selectOptionByValue"): All options with value 'Occasionally served in cultures other than my own' are selected in object 'Object Repository/Education Candidate Profile/Tabs/Experience/select_Cross-Cultural Experience' 

27-02-2025T17:20:07 - [TEST_STEP][PASSED] - println("Selecting " + parm1): null

27-02-2025T17:20:07 - [TEST_STEP][PASSED] - selectOptionByValue(findTestObject(testObject), parm1, false): All options with value 'Occasionally served in cultures other than my own' are selected in object 'Object Repository/Education Candidate Profile/Tabs/Experience/select_Cross-Cultural Experience' 

27-02-2025T17:20:07 - [MESSAGE][PASSED] - All options with value 'Occasionally served in cultures other than my own' are selected in object 'Object Repository/Education Candidate Profile/Tabs/Experience/select_Cross-Cultural Experience' 

27-02-2025T17:20:07 - [MESSAGE][PASSED] - Call Test Case 'Test Cases/_Functions/Perform Action' successfully

27-02-2025T17:20:07 - [TEST_STEP][PASSED] - if (varLife_experience != null): Call Test Case 'Test Cases/_Functions/Perform Action' successfully

27-02-2025T17:20:07 - [TEST_STEP][PASSED] - object = "Object Repository/Education Candidate Profile/Tabs/Experience/textarea_Life Experience": null

27-02-2025T17:20:07 - [TEST_STEP][PASSED] - callTestCase(findTestCase("_Functions/Perform Action"), ["varAction":"setText", "varObject":object, "varParm1":varLife_experience], STOP_ON_FAILURE): Call Test Case 'Test Cases/_Functions/Perform Action' successfully

27-02-2025T17:20:07 - [TEST_CASE][PASSED] - Test Cases/_Functions/Perform Action: Test Cases/_Functions/Perform Action

27-02-2025T17:20:07 - [TEST_STEP][PASSED] - action = varAction: null

27-02-2025T17:20:07 - [TEST_STEP][PASSED] - println(action): null

27-02-2025T17:20:07 - [TEST_STEP][PASSED] - testObject = varObject: null

27-02-2025T17:20:07 - [TEST_STEP][PASSED] - println(testObject): null

27-02-2025T17:20:07 - [TEST_STEP][PASSED] - parm1 = varParm1: null

27-02-2025T17:20:07 - [TEST_STEP][PASSED] - println(parm1): null

27-02-2025T17:20:07 - [TEST_STEP][PASSED] - println("Converting " + testObject + " to web element"): null

27-02-2025T17:20:07 - [TEST_STEP][PASSED] - element = findWebElement(findTestObject(testObject), 1): null

27-02-2025T17:20:07 - [TEST_STEP][PASSED] - loc = element.getLocation(): null

27-02-2025T17:20:07 - [TEST_STEP][PASSED] - y = loc.getY(): null

27-02-2025T17:20:07 - [TEST_STEP][PASSED] - println("Y location is " + y): null

27-02-2025T17:20:07 - [TEST_STEP][PASSED] - top = getViewportTopPosition(): Current viewport's top (y) position is 253

27-02-2025T17:20:07 - [MESSAGE][PASSED] - Current viewport's top (y) position is 253

27-02-2025T17:20:07 - [TEST_STEP][PASSED] - println("Viewport top is " + top): null

27-02-2025T17:20:07 - [TEST_STEP][PASSED] - bottom = top + 600: null

27-02-2025T17:20:07 - [TEST_STEP][PASSED] - if (y - top < 150 || bottom - y < 10): null

27-02-2025T17:20:07 - [TEST_STEP][PASSED] - if (action == "click"): null

27-02-2025T17:20:07 - [TEST_STEP][PASSED] - else if (action == "selectOptionByValue"): null

27-02-2025T17:20:07 - [TEST_STEP][PASSED] - else if (action == "setText"): Text 'I've been a believer for 23 years. I went on a mission trip to train Vietnamese in Bible translation' is set on object 'Object Repository/Education Candidate Profile/Tabs/Experience/textarea_Life Experience'

27-02-2025T17:20:07 - [TEST_STEP][PASSED] - println("Setting text " + parm1): null

27-02-2025T17:20:07 - [TEST_STEP][PASSED] - setText(findTestObject(testObject), parm1): Text 'I've been a believer for 23 years. I went on a mission trip to train Vietnamese in Bible translation' is set on object 'Object Repository/Education Candidate Profile/Tabs/Experience/textarea_Life Experience'

27-02-2025T17:20:07 - [MESSAGE][PASSED] - Text 'I've been a believer for 23 years. I went on a mission trip to train Vietnamese in Bible translation' is set on object 'Object Repository/Education Candidate Profile/Tabs/Experience/textarea_Life Experience'

27-02-2025T17:20:07 - [MESSAGE][PASSED] - Call Test Case 'Test Cases/_Functions/Perform Action' successfully

27-02-2025T17:20:07 - [TEST_STEP][PASSED] - callTestCase(findTestCase("_Functions/Click on Group Elements"), ["varXpaths":xpaths, "varParms":parms], STOP_ON_FAILURE): Call Test Case 'Test Cases/_Functions/Click on Group Elements' successfully

27-02-2025T17:20:07 - [TEST_CASE][PASSED] - Test Cases/_Functions/Click on Group Elements: Test Cases/_Functions/Click on Group Elements

27-02-2025T17:20:07 - [TEST_STEP][PASSED] - debug = false: null

27-02-2025T17:20:07 - [TEST_STEP][PASSED] - toggle = true: null

27-02-2025T17:20:07 - [TEST_STEP][PASSED] - frame = new javax.swing.JFrame(): null

27-02-2025T17:20:07 - [TEST_STEP][PASSED] - p = new javax.swing.JPanel(): null

27-02-2025T17:20:07 - [TEST_STEP][PASSED] - l = new javax.swing.JLabel(Making user selections..., javax.swing.SwingConstants.CENTER): null

27-02-2025T17:20:07 - [TEST_STEP][PASSED] - frame.add(l): null

27-02-2025T17:20:07 - [TEST_STEP][PASSED] - frame.setSize(300, 100): null

27-02-2025T17:20:07 - [TEST_STEP][PASSED] - frame.setLocation(600, 0): null

27-02-2025T17:20:07 - [TEST_STEP][PASSED] - frame.setAlwaysOnTop(true): null

27-02-2025T17:20:07 - [TEST_STEP][PASSED] - frame.show(): null

27-02-2025T17:20:07 - [TEST_STEP][PASSED] - driver = getWebDriver(): null

27-02-2025T17:20:07 - [TEST_STEP][PASSED] - println(varParms): null

27-02-2025T17:20:07 - [TEST_STEP][PASSED] - for ([i = 0, i < varXpaths.size(), (i++)]): null

27-02-2025T17:20:07 - [TEST_STEP][PASSED] - if (debug): null

27-02-2025T17:20:07 - [TEST_STEP][PASSED] - if (varParms[i].indexOf("Europe") >= 0): null

27-02-2025T17:20:07 - [TEST_STEP][PASSED] - elements = driver.findElements(By.xpath(varXpaths[i])): null

27-02-2025T17:20:07 - [TEST_STEP][PASSED] - element_count = elements.size(): null

27-02-2025T17:20:07 - [TEST_STEP][PASSED] - for (def element : elements): null

27-02-2025T17:20:07 - [TEST_STEP][PASSED] - myValue = element.getAttribute("value"): null

27-02-2025T17:20:07 - [TEST_STEP][PASSED] - if (debug): null

27-02-2025T17:20:07 - [TEST_STEP][PASSED] - if (myValue.length() >= 4): null

27-02-2025T17:20:07 - [TEST_STEP][PASSED] - if (myValue.substring(0, 4) == "(!) "): null

27-02-2025T17:20:07 - [TEST_STEP][PASSED] - myType = element.getAttribute("type"): null

27-02-2025T17:20:07 - [TEST_STEP][PASSED] - if (myValue in varParms[i]): null

27-02-2025T17:20:07 - [TEST_STEP][PASSED] - else: null

27-02-2025T17:20:07 - [TEST_STEP][PASSED] - inList = false: null

27-02-2025T17:20:07 - [TEST_STEP][PASSED] - if (myType == "checkbox"): null

27-02-2025T17:20:07 - [TEST_STEP][PASSED] - myStatus = element.isSelected(): null

27-02-2025T17:20:07 - [TEST_STEP][PASSED] - if (debug): null

27-02-2025T17:20:07 - [TEST_STEP][PASSED] - if (toggle && myStatus && inList): null

27-02-2025T17:20:07 - [TEST_STEP][PASSED] - if (!(myStatus) && inList || myStatus && !(inList)): null

27-02-2025T17:20:07 - [TEST_STEP][PASSED] - myValue = element.getAttribute("value"): null

27-02-2025T17:20:07 - [TEST_STEP][PASSED] - if (debug): null

27-02-2025T17:20:07 - [TEST_STEP][PASSED] - if (myValue.length() >= 4): null

27-02-2025T17:20:07 - [TEST_STEP][PASSED] - if (myValue.substring(0, 4) == "(!) "): null

27-02-2025T17:20:07 - [TEST_STEP][PASSED] - myType = element.getAttribute("type"): null

27-02-2025T17:20:07 - [TEST_STEP][PASSED] - if (myValue in varParms[i]): null

27-02-2025T17:20:07 - [TEST_STEP][PASSED] - inList = true: null

27-02-2025T17:20:07 - [TEST_STEP][PASSED] - if (myType == "checkbox"): null

27-02-2025T17:20:07 - [TEST_STEP][PASSED] - myStatus = element.isSelected(): null

27-02-2025T17:20:07 - [TEST_STEP][PASSED] - if (debug): null

27-02-2025T17:20:07 - [TEST_STEP][PASSED] - if (toggle && myStatus && inList): null

27-02-2025T17:20:07 - [TEST_STEP][PASSED] - if (!(myStatus) && inList || myStatus && !(inList)): null

27-02-2025T17:20:07 - [TEST_STEP][PASSED] - if (debug): null

27-02-2025T17:20:07 - [TEST_STEP][PASSED] - println("Clicking " + myValue): null

27-02-2025T17:20:07 - [TEST_STEP][PASSED] - click(element): null

27-02-2025T17:20:07 - [TEST_STEP][PASSED] - scrollToObject(elem): null

27-02-2025T17:20:07 - [TEST_STEP][PASSED] - loc = element.getLocation(): null

27-02-2025T17:20:07 - [TEST_STEP][PASSED] - if (debug): null

27-02-2025T17:20:07 - [TEST_STEP][PASSED] - y = loc.getY(): null

27-02-2025T17:20:07 - [TEST_STEP][PASSED] - println("Y location is " + y): null

27-02-2025T17:20:07 - [TEST_STEP][PASSED] - top = getViewportTopPosition(): Current viewport's top (y) position is 253

27-02-2025T17:20:07 - [MESSAGE][PASSED] - Current viewport's top (y) position is 253

27-02-2025T17:20:07 - [TEST_STEP][PASSED] - println("Viewport top is " + top): null

27-02-2025T17:20:07 - [TEST_STEP][PASSED] - bottom = top + 600: null

27-02-2025T17:20:07 - [TEST_STEP][PASSED] - if (y - top < 150 || bottom - y < 10): null

27-02-2025T17:20:07 - [TEST_STEP][PASSED] - elem.click(): null

27-02-2025T17:20:07 - [TEST_STEP][PASSED] - myValue = element.getAttribute("value"): null

27-02-2025T17:20:07 - [TEST_STEP][PASSED] - if (debug): null

27-02-2025T17:20:07 - [TEST_STEP][PASSED] - if (myValue.length() >= 4): null

27-02-2025T17:20:07 - [TEST_STEP][PASSED] - if (myValue.substring(0, 4) == "(!) "): null

27-02-2025T17:20:07 - [TEST_STEP][PASSED] - myType = element.getAttribute("type"): null

27-02-2025T17:20:07 - [TEST_STEP][PASSED] - if (myValue in varParms[i]): null

27-02-2025T17:20:07 - [TEST_STEP][PASSED] - else: null

27-02-2025T17:20:07 - [TEST_STEP][PASSED] - inList = false: null

27-02-2025T17:20:07 - [TEST_STEP][PASSED] - if (myType == "checkbox"): null

27-02-2025T17:20:07 - [TEST_STEP][PASSED] - myStatus = element.isSelected(): null

27-02-2025T17:20:07 - [TEST_STEP][PASSED] - if (debug): null

27-02-2025T17:20:07 - [TEST_STEP][PASSED] - if (toggle && myStatus && inList): null

27-02-2025T17:20:07 - [TEST_STEP][PASSED] - if (!(myStatus) && inList || myStatus && !(inList)): null

27-02-2025T17:20:07 - [TEST_STEP][PASSED] - myValue = element.getAttribute("value"): null

27-02-2025T17:20:07 - [TEST_STEP][PASSED] - if (debug): null

27-02-2025T17:20:07 - [TEST_STEP][PASSED] - if (myValue.length() >= 4): null

27-02-2025T17:20:07 - [TEST_STEP][PASSED] - if (myValue.substring(0, 4) == "(!) "): null

27-02-2025T17:20:07 - [TEST_STEP][PASSED] - myType = element.getAttribute("type"): null

27-02-2025T17:20:07 - [TEST_STEP][PASSED] - if (myValue in varParms[i]): null

27-02-2025T17:20:07 - [TEST_STEP][PASSED] - else: null

27-02-2025T17:20:07 - [TEST_STEP][PASSED] - inList = false: null

27-02-2025T17:20:07 - [TEST_STEP][PASSED] - if (myType == "checkbox"): null

27-02-2025T17:20:07 - [TEST_STEP][PASSED] - myStatus = element.isSelected(): null

27-02-2025T17:20:07 - [TEST_STEP][PASSED] - if (debug): null

27-02-2025T17:20:07 - [TEST_STEP][PASSED] - if (toggle && myStatus && inList): null

27-02-2025T17:20:07 - [TEST_STEP][PASSED] - if (!(myStatus) && inList || myStatus && !(inList)): null

27-02-2025T17:20:07 - [TEST_STEP][PASSED] - frame.dispose(): null

27-02-2025T17:20:07 - [MESSAGE][PASSED] - Call Test Case 'Test Cases/_Functions/Click on Group Elements' successfully

27-02-2025T17:20:07 - [TEST_STEP][PASSED] - object = "Education Candidate Profile/Tabs/Experience/btn_Submit": null

27-02-2025T17:20:07 - [TEST_STEP][PASSED] - callTestCase(findTestCase("_Functions/Perform Action"), ["varAction":"click", "varObject":object], STOP_ON_FAILURE): Call Test Case 'Test Cases/_Functions/Perform Action' successfully

27-02-2025T17:20:07 - [TEST_CASE][PASSED] - Test Cases/_Functions/Perform Action: Test Cases/_Functions/Perform Action

27-02-2025T17:20:07 - [TEST_STEP][PASSED] - action = varAction: null

27-02-2025T17:20:07 - [TEST_STEP][PASSED] - println(action): null

27-02-2025T17:20:07 - [TEST_STEP][PASSED] - testObject = varObject: null

27-02-2025T17:20:07 - [TEST_STEP][PASSED] - println(testObject): null

27-02-2025T17:20:07 - [TEST_STEP][PASSED] - parm1 = varParm1: null

27-02-2025T17:20:07 - [TEST_STEP][PASSED] - println(parm1): null

27-02-2025T17:20:07 - [TEST_STEP][PASSED] - println("Converting " + testObject + " to web element"): null

27-02-2025T17:20:07 - [TEST_STEP][PASSED] - element = findWebElement(findTestObject(testObject), 1): null

27-02-2025T17:20:07 - [TEST_STEP][PASSED] - loc = element.getLocation(): null

27-02-2025T17:20:07 - [TEST_STEP][PASSED] - y = loc.getY(): null

27-02-2025T17:20:07 - [TEST_STEP][PASSED] - println("Y location is " + y): null

27-02-2025T17:20:07 - [TEST_STEP][PASSED] - top = getViewportTopPosition(): Current viewport's top (y) position is 253

27-02-2025T17:20:07 - [MESSAGE][PASSED] - Current viewport's top (y) position is 253

27-02-2025T17:20:07 - [TEST_STEP][PASSED] - println("Viewport top is " + top): null

27-02-2025T17:20:07 - [TEST_STEP][PASSED] - bottom = top + 600: null

27-02-2025T17:20:07 - [TEST_STEP][PASSED] - if (y - top < 150 || bottom - y < 10): Delayed 1 second(s)

27-02-2025T17:20:07 - [TEST_STEP][PASSED] - scrollToPosition(0, y - 150): Browser is scrolled to position x = 0, y = 833

27-02-2025T17:20:07 - [MESSAGE][PASSED] - Browser is scrolled to position x = 0, y = 833

27-02-2025T17:20:07 - [TEST_STEP][PASSED] - delay(1): Delayed 1 second(s)

27-02-2025T17:20:08 - [MESSAGE][PASSED] - Delayed 1 second(s)

27-02-2025T17:20:08 - [TEST_STEP][PASSED] - if (action == "click"): Object: 'Object Repository/Education Candidate Profile/Tabs/Experience/btn_Submit' is clicked on

27-02-2025T17:20:08 - [TEST_STEP][PASSED] - println("clicking"): null

27-02-2025T17:20:08 - [TEST_STEP][PASSED] - click(findTestObject(testObject)): Object: 'Object Repository/Education Candidate Profile/Tabs/Experience/btn_Submit' is clicked on

27-02-2025T17:20:13 - [MESSAGE][PASSED] - Object: 'Object Repository/Education Candidate Profile/Tabs/Experience/btn_Submit' is clicked on

27-02-2025T17:20:13 - [MESSAGE][PASSED] - Call Test Case 'Test Cases/_Functions/Perform Action' successfully

27-02-2025T17:20:13 - [MESSAGE][PASSED] - Call Test Case 'Test Cases/Education Candidate Profile/Tabs/Set Experience' successfully

27-02-2025T17:20:13 - [TEST_STEP][PASSED] - if (pages.size() == 0 || "All" in pages || "Education" in pages): Call Test Case 'Test Cases/Education Candidate Profile/Tabs/Set Education' successfully

27-02-2025T17:20:13 - [TEST_STEP][PASSED] - formal_degree = "Yes": null

27-02-2025T17:20:13 - [TEST_STEP][PASSED] - teaching_credentials = "Pending": null

27-02-2025T17:20:13 - [TEST_STEP][PASSED] - credential_authority = "TBD": null

27-02-2025T17:20:13 - [TEST_STEP][PASSED] - previous_experience = ["Business Education", " Computer Science", " ESL", "Industrial Arts", "Physical Education", "Technology", "Sciences - Physical Science/Physics", "Substitute Teacher"]: null

27-02-2025T17:20:13 - [TEST_STEP][PASSED] - other_experience = "Middle school football coach": null

27-02-2025T17:20:13 - [TEST_STEP][PASSED] - english_proficiency = "Advanced": null

27-02-2025T17:20:13 - [TEST_STEP][PASSED] - additional_languages = "French": null

27-02-2025T17:20:13 - [TEST_STEP][PASSED] - proficiency = "Rudimentary": null

27-02-2025T17:20:13 - [TEST_STEP][PASSED] - callTestCase(findTestCase("Education Candidate Profile/Tabs/Set Education"), ["varFormal_degree":formal_degree, "varTeaching_credentials":teaching_credentials, "varCredential_authority":credential_authority, ... ], STOP_ON_FAILURE): Call Test Case 'Test Cases/Education Candidate Profile/Tabs/Set Education' successfully

27-02-2025T17:20:13 - [TEST_CASE][PASSED] - Test Cases/Education Candidate Profile/Tabs/Set Education: Test Cases/Education Candidate Profile/Tabs/Set Education

27-02-2025T17:20:13 - [TEST_STEP][PASSED] - username = username: null

27-02-2025T17:20:13 - [TEST_STEP][PASSED] - if (username != "cktest04ec"): null

27-02-2025T17:20:13 - [TEST_STEP][PASSED] - testName = "Education Candidate Education Tab": null

27-02-2025T17:20:13 - [TEST_STEP][PASSED] - outFile = callTestCase(findTestCase("_Functions/Set Output File"), ["varTestName":testName], STOP_ON_FAILURE): Call Test Case 'Test Cases/_Functions/Set Output File' successfully

27-02-2025T17:20:13 - [TEST_CASE][PASSED] - Test Cases/_Functions/Set Output File: Test Cases/_Functions/Set Output File

27-02-2025T17:20:13 - [TEST_STEP][PASSED] - testName = varTestName: null

27-02-2025T17:20:13 - [TEST_STEP][PASSED] - domain = domain: null

27-02-2025T17:20:13 - [TEST_STEP][PASSED] - writeFile = false: null

27-02-2025T17:20:13 - [TEST_STEP][PASSED] - if (outFile != ""): null

27-02-2025T17:20:13 - [TEST_STEP][PASSED] - myFile = outFile: null

27-02-2025T17:20:13 - [TEST_STEP][PASSED] - println(myFile): null

27-02-2025T17:20:13 - [TEST_STEP][PASSED] - outFile = new java.io.File(myFile): null

27-02-2025T17:20:13 - [TEST_STEP][PASSED] - writeFile = true: null

27-02-2025T17:20:13 - [TEST_STEP][PASSED] - if (!(writeFile)): null

27-02-2025T17:20:13 - [TEST_STEP][PASSED] - else: null

27-02-2025T17:20:13 - [TEST_STEP][PASSED] - outFile.append("
Testing " + testName + " on " + domain + ".
"): null

27-02-2025T17:20:13 - [TEST_STEP][PASSED] - return outFile: null

27-02-2025T17:20:13 - [MESSAGE][PASSED] - Call Test Case 'Test Cases/_Functions/Set Output File' successfully

27-02-2025T17:20:13 - [TEST_STEP][PASSED] - parms = [varPrevious_experience]: null

27-02-2025T17:20:13 - [TEST_STEP][PASSED] - previous_experience = "//input[@id='profile_group-1449793011.346_teaching_experience']": null

27-02-2025T17:20:13 - [TEST_STEP][PASSED] - xpaths = [previous_experience]: null

27-02-2025T17:20:13 - [TEST_STEP][PASSED] - tooltipImagePath = "/Users/cckozie/git/MissionNext-Katalon-Koz/images/education candidate/": null

27-02-2025T17:20:13 - [TEST_STEP][PASSED] - testObjectFolder = "Education Candidate Profile/Tabs/Education/": null

27-02-2025T17:20:13 - [TEST_STEP][PASSED] - tooltips = ["dummy":"dummy", "Credential Authority":"img_Credential Authority_field-tooltip", "Additional Language(s)":"img_Additional Language(s)_field-tooltip"]: null

27-02-2025T17:20:13 - [TEST_STEP][PASSED] - tooltipText = ["Credential Authority":"Enter the organization where you received your credentials", "Additional Language(s)":"Other language in which you have some level of fluency:"]: null

27-02-2025T17:20:13 - [TEST_STEP][PASSED] - requiredFieldMsgs = ["Previous Experience":"The teaching experience field is required.", "English Proficiency":"The english skill field is required."]: null

27-02-2025T17:20:13 - [TEST_STEP][PASSED] - click(findTestObject("Object Repository/Education Candidate Profile/Tabs/a_Education")): Object: 'Object Repository/Education Candidate Profile/Tabs/a_Education' is clicked on

27-02-2025T17:20:13 - [MESSAGE][PASSED] - Object: 'Object Repository/Education Candidate Profile/Tabs/a_Education' is clicked on

27-02-2025T17:20:13 - [TEST_STEP][PASSED] - tooltipTextMap = callTestCase(findTestCase("_Functions/Get Screenshot and Tooltip Text"), ["varExtension":testName], STOP_ON_FAILURE): Call Test Case 'Test Cases/_Functions/Get Screenshot and Tooltip Text' successfully

27-02-2025T17:20:13 - [TEST_CASE][PASSED] - Test Cases/_Functions/Get Screenshot and Tooltip Text: Test Cases/_Functions/Get Screenshot and Tooltip Text

27-02-2025T17:20:13 - [TEST_STEP][PASSED] - if (fastPath): null

27-02-2025T17:20:13 - [TEST_STEP][PASSED] - frame = new javax.swing.JFrame(): null

27-02-2025T17:20:13 - [TEST_STEP][PASSED] - p = new javax.swing.JPanel(): null

27-02-2025T17:20:13 - [TEST_STEP][PASSED] - l = new javax.swing.JLabel(Getting screenshot and tooltip text..., javax.swing.SwingConstants.CENTER): null

27-02-2025T17:20:13 - [TEST_STEP][PASSED] - frame.add(l): null

27-02-2025T17:20:13 - [TEST_STEP][PASSED] - frame.setSize(300, 100): null

27-02-2025T17:20:13 - [TEST_STEP][PASSED] - frame.setLocation(600, 0): null

27-02-2025T17:20:13 - [TEST_STEP][PASSED] - frame.setAlwaysOnTop(true): null

27-02-2025T17:20:13 - [TEST_STEP][PASSED] - frame.show(): null

27-02-2025T17:20:13 - [TEST_STEP][PASSED] - driver = getWebDriver(): null

27-02-2025T17:20:13 - [TEST_STEP][PASSED] - path = "/Users/cckozie/Documents/MissionNext/Screenshots and Tooltip Text/": null

27-02-2025T17:20:13 - [TEST_STEP][PASSED] - if (binding.hasVariable("varExtension")): null

27-02-2025T17:20:13 - [TEST_STEP][PASSED] - extension = varExtension: null

27-02-2025T17:20:13 - [TEST_STEP][PASSED] - println("Extension is " + extension): null

27-02-2025T17:20:13 - [TEST_STEP][PASSED] - fileBase = path + extension: null

27-02-2025T17:20:13 - [TEST_STEP][PASSED] - fileImage = fileBase + "_Screenshot.png": null

27-02-2025T17:20:13 - [TEST_STEP][PASSED] - waitForPageLoad(30): Wait for page load successfully

27-02-2025T17:20:13 - [MESSAGE][PASSED] - Wait for page load successfully

27-02-2025T17:20:13 - [TEST_STEP][PASSED] - spinner = driver.findElement(By.xpath("/html/body/div[1]/div/div[2]")): null

27-02-2025T17:20:13 - [TEST_STEP][PASSED] - executor = driver: null

27-02-2025T17:20:13 - [TEST_STEP][PASSED] - elementAttributes = executor.executeScript("var items = {}; for (index = 0; index < arguments[0].attributes.length; ++index) { items[arguments[0].attributes[index].name] = arguments[0].attributes[index].value }; return items;", spinner): null

27-02-2025T17:20:13 - [TEST_STEP][PASSED] - attrs = elementAttributes.toString(): null

27-02-2025T17:20:13 - [TEST_STEP][PASSED] - waits = 0: null

27-02-2025T17:20:13 - [TEST_STEP][PASSED] - while (attrs.indexOf("display: none") < 0 && waits < 2): null

27-02-2025T17:20:13 - [TEST_STEP][PASSED] - delay(1): Delayed 1 second(s)

27-02-2025T17:20:14 - [MESSAGE][PASSED] - Delayed 1 second(s)

27-02-2025T17:20:14 - [TEST_STEP][PASSED] - attrs = elementAttributes.toString(): null

27-02-2025T17:20:14 - [TEST_STEP][PASSED] - (waits++): null

27-02-2025T17:20:14 - [TEST_STEP][PASSED] - delay(1): Delayed 1 second(s)

27-02-2025T17:20:15 - [MESSAGE][PASSED] - Delayed 1 second(s)

27-02-2025T17:20:15 - [TEST_STEP][PASSED] - attrs = elementAttributes.toString(): null

27-02-2025T17:20:15 - [TEST_STEP][PASSED] - (waits++): null

27-02-2025T17:20:15 - [TEST_STEP][PASSED] - tooltipMap = callTestCase(findTestCase("_Functions/Get Tooltip Text"), [:], STOP_ON_FAILURE): Call Test Case 'Test Cases/_Functions/Get Tooltip Text' successfully

27-02-2025T17:20:15 - [TEST_CASE][PASSED] - Test Cases/_Functions/Get Tooltip Text: Test Cases/_Functions/Get Tooltip Text

27-02-2025T17:20:15 - [TEST_STEP][PASSED] - fieldTooltips = [:]: null

27-02-2025T17:20:15 - [TEST_STEP][PASSED] - tooltipMap = [:]: null

27-02-2025T17:20:15 - [TEST_STEP][PASSED] - driver = getWebDriver(): null

27-02-2025T17:20:15 - [TEST_STEP][PASSED] - tooltips = driver.findElements(By.className("field-tooltip")): null

27-02-2025T17:20:15 - [TEST_STEP][PASSED] - for (def it : tooltips): null

27-02-2025T17:20:15 - [TEST_STEP][PASSED] - if (it.isDisplayed()): null

27-02-2025T17:20:15 - [TEST_STEP][PASSED] - if (it.isDisplayed()): null

27-02-2025T17:20:15 - [TEST_STEP][PASSED] - if (it.isDisplayed()): null

27-02-2025T17:20:15 - [TEST_STEP][PASSED] - if (it.isDisplayed()): null

27-02-2025T17:20:15 - [TEST_STEP][PASSED] - if (it.isDisplayed()): null

27-02-2025T17:20:15 - [TEST_STEP][PASSED] - if (it.isDisplayed()): null

27-02-2025T17:20:15 - [TEST_STEP][PASSED] - if (it.isDisplayed()): null

27-02-2025T17:20:15 - [TEST_STEP][PASSED] - if (it.isDisplayed()): null

27-02-2025T17:20:15 - [TEST_STEP][PASSED] - if (it.isDisplayed()): null

27-02-2025T17:20:15 - [TEST_STEP][PASSED] - ttText = it.getAttribute("data-original-title"): null

27-02-2025T17:20:15 - [TEST_STEP][PASSED] - ttLocation = it.getLocation(): null

27-02-2025T17:20:15 - [TEST_STEP][PASSED] - yLocation = ttLocation.getY(): null

27-02-2025T17:20:15 - [TEST_STEP][PASSED] - xLocation = ttLocation.getX(): null

27-02-2025T17:20:15 - [TEST_STEP][PASSED] - fieldTooltips.put(ttText, yLocation): null

27-02-2025T17:20:15 - [TEST_STEP][PASSED] - if (it.isDisplayed()): null

27-02-2025T17:20:15 - [TEST_STEP][PASSED] - ttText = it.getAttribute("data-original-title"): null

27-02-2025T17:20:15 - [TEST_STEP][PASSED] - ttLocation = it.getLocation(): null

27-02-2025T17:20:15 - [TEST_STEP][PASSED] - yLocation = ttLocation.getY(): null

27-02-2025T17:20:15 - [TEST_STEP][PASSED] - xLocation = ttLocation.getX(): null

27-02-2025T17:20:15 - [TEST_STEP][PASSED] - fieldTooltips.put(ttText, yLocation): null

27-02-2025T17:20:15 - [TEST_STEP][PASSED] - if (it.isDisplayed()): null

27-02-2025T17:20:15 - [TEST_STEP][PASSED] - if (it.isDisplayed()): null

27-02-2025T17:20:15 - [TEST_STEP][PASSED] - if (it.isDisplayed()): null

27-02-2025T17:20:15 - [TEST_STEP][PASSED] - if (it.isDisplayed()): null

27-02-2025T17:20:15 - [TEST_STEP][PASSED] - if (it.isDisplayed()): null

27-02-2025T17:20:15 - [TEST_STEP][PASSED] - if (it.isDisplayed()): null

27-02-2025T17:20:15 - [TEST_STEP][PASSED] - if (it.isDisplayed()): null

27-02-2025T17:20:15 - [TEST_STEP][PASSED] - if (it.isDisplayed()): null

27-02-2025T17:20:15 - [TEST_STEP][PASSED] - if (it.isDisplayed()): null

27-02-2025T17:20:15 - [TEST_STEP][PASSED] - if (it.isDisplayed()): null

27-02-2025T17:20:15 - [TEST_STEP][PASSED] - if (fieldTooltips.size() > 0): null

27-02-2025T17:20:15 - [TEST_STEP][PASSED] - rightBorder = xLocation: null

27-02-2025T17:20:15 - [TEST_STEP][PASSED] - fieldLabels = [:]: null

27-02-2025T17:20:15 - [TEST_STEP][PASSED] - labels = driver.findElements(By.xpath("//label")): null

27-02-2025T17:20:15 - [TEST_STEP][PASSED] - labels.each({ -> ... }): null

27-02-2025T17:20:17 - [TEST_STEP][PASSED] - for (def label : fieldLabels): null

27-02-2025T17:20:17 - [TEST_STEP][PASSED] - y = value: null

27-02-2025T17:20:17 - [TEST_STEP][PASSED] - for (def tooltip : fieldTooltips): null

27-02-2025T17:20:17 - [TEST_STEP][PASSED] - if (value == y || value == y + 1 || value == y - 1): null

27-02-2025T17:20:17 - [TEST_STEP][PASSED] - if (value == y || value == y + 1 || value == y - 1): null

27-02-2025T17:20:17 - [TEST_STEP][PASSED] - y = value: null

27-02-2025T17:20:17 - [TEST_STEP][PASSED] - for (def tooltip : fieldTooltips): null

27-02-2025T17:20:17 - [TEST_STEP][PASSED] - if (value == y || value == y + 1 || value == y - 1): null

27-02-2025T17:20:17 - [TEST_STEP][PASSED] - if (value == y || value == y + 1 || value == y - 1): null

27-02-2025T17:20:17 - [TEST_STEP][PASSED] - y = value: null

27-02-2025T17:20:17 - [TEST_STEP][PASSED] - for (def tooltip : fieldTooltips): null

27-02-2025T17:20:17 - [TEST_STEP][PASSED] - if (value == y || value == y + 1 || value == y - 1): null

27-02-2025T17:20:17 - [TEST_STEP][PASSED] - if (value == y || value == y + 1 || value == y - 1): null

27-02-2025T17:20:17 - [TEST_STEP][PASSED] - y = value: null

27-02-2025T17:20:17 - [TEST_STEP][PASSED] - for (def tooltip : fieldTooltips): null

27-02-2025T17:20:17 - [TEST_STEP][PASSED] - if (value == y || value == y + 1 || value == y - 1): null

27-02-2025T17:20:17 - [TEST_STEP][PASSED] - tooltipMap.put(key, key): null

27-02-2025T17:20:17 - [TEST_STEP][PASSED] - break: null

27-02-2025T17:20:17 - [TEST_STEP][PASSED] - y = value: null

27-02-2025T17:20:17 - [TEST_STEP][PASSED] - for (def tooltip : fieldTooltips): null

27-02-2025T17:20:17 - [TEST_STEP][PASSED] - if (value == y || value == y + 1 || value == y - 1): null

27-02-2025T17:20:17 - [TEST_STEP][PASSED] - if (value == y || value == y + 1 || value == y - 1): null

27-02-2025T17:20:17 - [TEST_STEP][PASSED] - y = value: null

27-02-2025T17:20:17 - [TEST_STEP][PASSED] - for (def tooltip : fieldTooltips): null

27-02-2025T17:20:17 - [TEST_STEP][PASSED] - if (value == y || value == y + 1 || value == y - 1): null

27-02-2025T17:20:17 - [TEST_STEP][PASSED] - if (value == y || value == y + 1 || value == y - 1): null

27-02-2025T17:20:17 - [TEST_STEP][PASSED] - y = value: null

27-02-2025T17:20:17 - [TEST_STEP][PASSED] - for (def tooltip : fieldTooltips): null

27-02-2025T17:20:17 - [TEST_STEP][PASSED] - if (value == y || value == y + 1 || value == y - 1): null

27-02-2025T17:20:17 - [TEST_STEP][PASSED] - if (value == y || value == y + 1 || value == y - 1): null

27-02-2025T17:20:17 - [TEST_STEP][PASSED] - y = value: null

27-02-2025T17:20:17 - [TEST_STEP][PASSED] - for (def tooltip : fieldTooltips): null

27-02-2025T17:20:17 - [TEST_STEP][PASSED] - if (value == y || value == y + 1 || value == y - 1): null

27-02-2025T17:20:17 - [TEST_STEP][PASSED] - if (value == y || value == y + 1 || value == y - 1): null

27-02-2025T17:20:17 - [TEST_STEP][PASSED] - tooltipMap.put(key, key): null

27-02-2025T17:20:17 - [TEST_STEP][PASSED] - break: null

27-02-2025T17:20:17 - [TEST_STEP][PASSED] - return tooltipMap: null

27-02-2025T17:20:17 - [MESSAGE][PASSED] - Call Test Case 'Test Cases/_Functions/Get Tooltip Text' successfully

27-02-2025T17:20:17 - [TEST_STEP][PASSED] - if (tooltipMap.size() > 0): null

27-02-2025T17:20:17 - [TEST_STEP][PASSED] - file = fileBase + "_Tooltips.csv": null

27-02-2025T17:20:17 - [TEST_STEP][PASSED] - outText = "FIELD LABEL" + "," + "TOOLTIP TEXT" + "

": null

27-02-2025T17:20:17 - [TEST_STEP][PASSED] - for (def it : tooltipMap): null

27-02-2025T17:20:17 - [TEST_STEP][PASSED] - name = key: null

27-02-2025T17:20:17 - [TEST_STEP][PASSED] - value = value.replace("
", ""): null

27-02-2025T17:20:17 - [TEST_STEP][PASSED] - value = value.trim(): null

27-02-2025T17:20:17 - [TEST_STEP][PASSED] - value = """ + value + """: null

27-02-2025T17:20:17 - [TEST_STEP][PASSED] - outText = outText + name + "," + value: null

27-02-2025T17:20:17 - [TEST_STEP][PASSED] - outText = outText + "
": null

27-02-2025T17:20:17 - [TEST_STEP][PASSED] - println(outText): null

27-02-2025T17:20:17 - [TEST_STEP][PASSED] - name = key: null

27-02-2025T17:20:17 - [TEST_STEP][PASSED] - value = value.replace("
", ""): null

27-02-2025T17:20:17 - [TEST_STEP][PASSED] - value = value.trim(): null

27-02-2025T17:20:17 - [TEST_STEP][PASSED] - value = """ + value + """: null

27-02-2025T17:20:17 - [TEST_STEP][PASSED] - outText = outText + name + "," + value: null

27-02-2025T17:20:17 - [TEST_STEP][PASSED] - outText = outText + "
": null

27-02-2025T17:20:17 - [TEST_STEP][PASSED] - println(outText): null

27-02-2025T17:20:17 - [TEST_STEP][PASSED] - outFile = new java.io.File(file): null

27-02-2025T17:20:17 - [TEST_STEP][PASSED] - println(outText): null

27-02-2025T17:20:17 - [TEST_STEP][PASSED] - outFile.write(outText): null

27-02-2025T17:20:17 - [TEST_STEP][PASSED] - takeFullPageScreenshot(fileImage): Taking screenshot successfully

27-02-2025T17:20:18 - [MESSAGE][INFO] - 0 hidden object(s)

27-02-2025T17:20:18 - [MESSAGE][PASSED] - Taking screenshot successfully
[[ATTACHMENT|/Users/cckozie/Documents/MissionNext/Screenshots and Tooltip Text/Education Candidate Education Tab_Screenshot.png]]

27-02-2025T17:20:18 - [TEST_STEP][PASSED] - frame.dispose(): null

27-02-2025T17:20:18 - [TEST_STEP][PASSED] - return tooltipMap: null

27-02-2025T17:20:18 - [MESSAGE][PASSED] - Call Test Case 'Test Cases/_Functions/Get Screenshot and Tooltip Text' successfully

27-02-2025T17:20:18 - [TEST_STEP][PASSED] - callTestCase(findTestCase("_Functions/Test Tooltips"), ["varTooltipImagePath":tooltipImagePath, "varTooltips":tooltips, "varTooltipText":tooltipText, "varTestObjectFolder":testObjectFolder, ... ], STOP_ON_FAILURE): Call Test Case 'Test Cases/_Functions/Test Tooltips' successfully

27-02-2025T17:20:18 - [TEST_CASE][PASSED] - Test Cases/_Functions/Test Tooltips: Test Cases/_Functions/Test Tooltips

27-02-2025T17:20:18 - [TEST_STEP][PASSED] - if (fastPath): null

27-02-2025T17:20:18 - [TEST_STEP][PASSED] - tooltipImagePath = varTooltipImagePath: null

27-02-2025T17:20:18 - [TEST_STEP][PASSED] - tooltips = varTooltips: null

27-02-2025T17:20:18 - [TEST_STEP][PASSED] - tooltipText = varTooltipText: null

27-02-2025T17:20:18 - [TEST_STEP][PASSED] - testObjectFolder = varTestObjectFolder: null

27-02-2025T17:20:18 - [TEST_STEP][PASSED] - tooltipTextMap = varTooltipTextMap: null

27-02-2025T17:20:18 - [TEST_STEP][PASSED] - writeFile = false: null

27-02-2025T17:20:18 - [TEST_STEP][PASSED] - if (outFile != ""): null

27-02-2025T17:20:18 - [TEST_STEP][PASSED] - myFile = outFile: null

27-02-2025T17:20:18 - [TEST_STEP][PASSED] - println(myFile): null

27-02-2025T17:20:18 - [TEST_STEP][PASSED] - outFile = new java.io.File(myFile): null

27-02-2025T17:20:18 - [TEST_STEP][PASSED] - writeFile = true: null

27-02-2025T17:20:18 - [TEST_STEP][PASSED] - driver = getWebDriver(): null

27-02-2025T17:20:18 - [TEST_STEP][PASSED] - action = new org.openqa.selenium.interactions.Actions(driver): null

27-02-2025T17:20:18 - [TEST_STEP][PASSED] - s = new org.sikuli.script.Screen(): null

27-02-2025T17:20:18 - [TEST_STEP][PASSED] - outText = "Verifying the tooltips can be displayed.
": null

27-02-2025T17:20:18 - [TEST_STEP][PASSED] - outFile.append(outText): null

27-02-2025T17:20:18 - [TEST_STEP][PASSED] - first = true: null

27-02-2025T17:20:18 - [TEST_STEP][PASSED] - for (def it : tooltips): null

27-02-2025T17:20:18 - [TEST_STEP][PASSED] - myKey = key: null

27-02-2025T17:20:18 - [TEST_STEP][PASSED] - myValue = value: null

27-02-2025T17:20:18 - [TEST_STEP][PASSED] - println("myKey is " + myKey): null

27-02-2025T17:20:18 - [TEST_STEP][PASSED] - println("myValue is " + myValue): null

27-02-2025T17:20:18 - [TEST_STEP][PASSED] - if (myKey != "dummy"): null

27-02-2025T17:20:18 - [TEST_STEP][PASSED] - else: null

27-02-2025T17:20:18 - [TEST_STEP][PASSED] - myImage = "/Users/cckozie/git/MissionNext-Katalon-Koz/images/dummy.png": null

27-02-2025T17:20:18 - [TEST_STEP][PASSED] - f = new java.io.File(myImage): null

27-02-2025T17:20:18 - [TEST_STEP][PASSED] - if (f.exists()): null

27-02-2025T17:20:18 - [TEST_STEP][PASSED] - println("Looking for " + myImage): null

27-02-2025T17:20:18 - [TEST_STEP][PASSED] - icn = Pattern(myImage).similar(0.10): null

27-02-2025T17:20:18 - [TEST_STEP][PASSED] - found = s.exists(icn): null

27-02-2025T17:20:18 - [TEST_STEP][PASSED] - println(found): null

27-02-2025T17:20:18 - [TEST_STEP][PASSED] - if (found != null): null

27-02-2025T17:20:18 - [TEST_STEP][PASSED] - foundStr = found.toString(): null

27-02-2025T17:20:18 - [TEST_STEP][PASSED] - matchP = foundStr.indexOf("%"): null

27-02-2025T17:20:18 - [TEST_STEP][PASSED] - if (matchP >= 0): null

27-02-2025T17:20:18 - [TEST_STEP][PASSED] - println(matchP): null

27-02-2025T17:20:18 - [TEST_STEP][PASSED] - pct = foundStr.substring(matchP + 1, matchP + 6): null

27-02-2025T17:20:18 - [TEST_STEP][PASSED] - pctF = pct.toFloat(): null

27-02-2025T17:20:18 - [TEST_STEP][PASSED] - outText = "+++ Tooltip match value for " + myKey + " is " + pctF + "%": null

27-02-2025T17:20:18 - [TEST_STEP][PASSED] - min = 80: null

27-02-2025T17:20:18 - [TEST_STEP][PASSED] - if (pctF.toFloat() < min.toFloat()): null

27-02-2025T17:20:18 - [TEST_STEP][PASSED] - outText = ">>>>> " + outText + " <<<<<": null

27-02-2025T17:20:18 - [TEST_STEP][PASSED] - if (myKey != "dummy"): null

27-02-2025T17:20:18 - [TEST_STEP][PASSED] - myKey = key: null

27-02-2025T17:20:18 - [TEST_STEP][PASSED] - myValue = value: null

27-02-2025T17:20:18 - [TEST_STEP][PASSED] - println("myKey is " + myKey): null

27-02-2025T17:20:18 - [TEST_STEP][PASSED] - println("myValue is " + myValue): null

27-02-2025T17:20:18 - [TEST_STEP][PASSED] - if (myKey != "dummy"): null

27-02-2025T17:20:18 - [TEST_STEP][PASSED] - tObj = testObjectFolder + myValue: null

27-02-2025T17:20:18 - [TEST_STEP][PASSED] - click(tObj): null

27-02-2025T17:20:18 - [TEST_STEP][PASSED] - scrollToObject(object): null

27-02-2025T17:20:18 - [TEST_STEP][PASSED] - println("Converting " + object + " to web element"): null

27-02-2025T17:20:18 - [TEST_STEP][PASSED] - element = findWebElement(findTestObject(object), 1): null

27-02-2025T17:20:18 - [TEST_STEP][PASSED] - loc = element.getLocation(): null

27-02-2025T17:20:18 - [TEST_STEP][PASSED] - x = loc.getX(): null

27-02-2025T17:20:18 - [TEST_STEP][PASSED] - if (x >= 560): null

27-02-2025T17:20:18 - [TEST_STEP][PASSED] - y = loc.getY(): null

27-02-2025T17:20:18 - [TEST_STEP][PASSED] - println("Y location is " + y): null

27-02-2025T17:20:18 - [TEST_STEP][PASSED] - top = getViewportTopPosition(): Current viewport's top (y) position is 0

27-02-2025T17:20:18 - [MESSAGE][PASSED] - Current viewport's top (y) position is 0

27-02-2025T17:20:18 - [TEST_STEP][PASSED] - println("Viewport top is " + top): null

27-02-2025T17:20:18 - [TEST_STEP][PASSED] - bottom = top + 600: null

27-02-2025T17:20:18 - [TEST_STEP][PASSED] - if (y - top < 150 || bottom - y < 10): null

27-02-2025T17:20:18 - [TEST_STEP][PASSED] - click(findTestObject(object)): null

27-02-2025T17:20:18 - [MESSAGE][PASSED] - Object: 'Object Repository/Education Candidate Profile/Tabs/Education/img_Credential Authority_field-tooltip' is clicked on

27-02-2025T17:20:18 - [TEST_STEP][PASSED] - delay(1): Delayed 1 second(s)

27-02-2025T17:20:19 - [MESSAGE][PASSED] - Delayed 1 second(s)

27-02-2025T17:20:19 - [TEST_STEP][PASSED] - myImage = tooltipImagePath + myKey + ".png": null

27-02-2025T17:20:19 - [TEST_STEP][PASSED] - f = new java.io.File(myImage): null

27-02-2025T17:20:19 - [TEST_STEP][PASSED] - if (f.exists()): null

27-02-2025T17:20:19 - [TEST_STEP][PASSED] - println("Looking for " + myImage): null

27-02-2025T17:20:19 - [TEST_STEP][PASSED] - icn = Pattern(myImage).similar(0.10): null

27-02-2025T17:20:19 - [TEST_STEP][PASSED] - found = s.exists(icn): null

27-02-2025T17:20:20 - [TEST_STEP][PASSED] - println(found): null

27-02-2025T17:20:20 - [TEST_STEP][PASSED] - if (found != null): null

27-02-2025T17:20:20 - [TEST_STEP][PASSED] - foundStr = found.toString(): null

27-02-2025T17:20:20 - [TEST_STEP][PASSED] - matchP = foundStr.indexOf("%"): null

27-02-2025T17:20:20 - [TEST_STEP][PASSED] - if (matchP >= 0): null

27-02-2025T17:20:20 - [TEST_STEP][PASSED] - println(matchP): null

27-02-2025T17:20:20 - [TEST_STEP][PASSED] - pct = foundStr.substring(matchP + 1, matchP + 6): null

27-02-2025T17:20:20 - [TEST_STEP][PASSED] - pctF = pct.toFloat(): null

27-02-2025T17:20:20 - [TEST_STEP][PASSED] - outText = "+++ Tooltip match value for " + myKey + " is " + pctF + "%": null

27-02-2025T17:20:20 - [TEST_STEP][PASSED] - min = 80: null

27-02-2025T17:20:20 - [TEST_STEP][PASSED] - if (pctF.toFloat() < min.toFloat()): null

27-02-2025T17:20:20 - [TEST_STEP][PASSED] - if (myKey != "dummy"): null

27-02-2025T17:20:20 - [TEST_STEP][PASSED] - println(outText): null

27-02-2025T17:20:20 - [TEST_STEP][PASSED] - outFile.append(outText + "
"): null

27-02-2025T17:20:20 - [TEST_STEP][PASSED] - myKey = key: null

27-02-2025T17:20:20 - [TEST_STEP][PASSED] - myValue = value: null

27-02-2025T17:20:20 - [TEST_STEP][PASSED] - println("myKey is " + myKey): null

27-02-2025T17:20:20 - [TEST_STEP][PASSED] - println("myValue is " + myValue): null

27-02-2025T17:20:20 - [TEST_STEP][PASSED] - if (myKey != "dummy"): null

27-02-2025T17:20:20 - [TEST_STEP][PASSED] - tObj = testObjectFolder + myValue: null

27-02-2025T17:20:20 - [TEST_STEP][PASSED] - click(tObj): null

27-02-2025T17:20:20 - [TEST_STEP][PASSED] - scrollToObject(object): null

27-02-2025T17:20:20 - [TEST_STEP][PASSED] - println("Converting " + object + " to web element"): null

27-02-2025T17:20:20 - [TEST_STEP][PASSED] - element = findWebElement(findTestObject(object), 1): null

27-02-2025T17:20:20 - [TEST_STEP][PASSED] - loc = element.getLocation(): null

27-02-2025T17:20:20 - [TEST_STEP][PASSED] - x = loc.getX(): null

27-02-2025T17:20:20 - [TEST_STEP][PASSED] - if (x >= 560): null

27-02-2025T17:20:20 - [TEST_STEP][PASSED] - y = loc.getY(): null

27-02-2025T17:20:20 - [TEST_STEP][PASSED] - println("Y location is " + y): null

27-02-2025T17:20:20 - [TEST_STEP][PASSED] - top = getViewportTopPosition(): Current viewport's top (y) position is 0

27-02-2025T17:20:20 - [MESSAGE][PASSED] - Current viewport's top (y) position is 0

27-02-2025T17:20:20 - [TEST_STEP][PASSED] - println("Viewport top is " + top): null

27-02-2025T17:20:20 - [TEST_STEP][PASSED] - bottom = top + 600: null

27-02-2025T17:20:20 - [TEST_STEP][PASSED] - if (y - top < 150 || bottom - y < 10): Delayed 1 second(s)

27-02-2025T17:20:20 - [TEST_STEP][PASSED] - scrollToPosition(0, y - 170): Browser is scrolled to position x = 0, y = 787

27-02-2025T17:20:20 - [MESSAGE][PASSED] - Browser is scrolled to position x = 0, y = 787

27-02-2025T17:20:20 - [TEST_STEP][PASSED] - delay(1): Delayed 1 second(s)

27-02-2025T17:20:21 - [MESSAGE][PASSED] - Delayed 1 second(s)

27-02-2025T17:20:21 - [TEST_STEP][PASSED] - click(findTestObject(object)): null

27-02-2025T17:20:21 - [MESSAGE][PASSED] - Object: 'Object Repository/Education Candidate Profile/Tabs/Education/img_Additional Language(s)_field-tooltip' is clicked on

27-02-2025T17:20:21 - [TEST_STEP][PASSED] - delay(1): Delayed 1 second(s)

27-02-2025T17:20:22 - [MESSAGE][PASSED] - Delayed 1 second(s)

27-02-2025T17:20:22 - [TEST_STEP][PASSED] - myImage = tooltipImagePath + myKey + ".png": null

27-02-2025T17:20:22 - [TEST_STEP][PASSED] - f = new java.io.File(myImage): null

27-02-2025T17:20:22 - [TEST_STEP][PASSED] - if (f.exists()): null

27-02-2025T17:20:22 - [TEST_STEP][PASSED] - println("Looking for " + myImage): null

27-02-2025T17:20:22 - [TEST_STEP][PASSED] - icn = Pattern(myImage).similar(0.10): null

27-02-2025T17:20:22 - [TEST_STEP][PASSED] - found = s.exists(icn): null

27-02-2025T17:20:22 - [TEST_STEP][PASSED] - println(found): null

27-02-2025T17:20:22 - [TEST_STEP][PASSED] - if (found != null): null

27-02-2025T17:20:22 - [TEST_STEP][PASSED] - foundStr = found.toString(): null

27-02-2025T17:20:22 - [TEST_STEP][PASSED] - matchP = foundStr.indexOf("%"): null

27-02-2025T17:20:22 - [TEST_STEP][PASSED] - if (matchP >= 0): null

27-02-2025T17:20:22 - [TEST_STEP][PASSED] - println(matchP): null

27-02-2025T17:20:22 - [TEST_STEP][PASSED] - pct = foundStr.substring(matchP + 1, matchP + 6): null

27-02-2025T17:20:22 - [TEST_STEP][PASSED] - pctF = pct.toFloat(): null

27-02-2025T17:20:22 - [TEST_STEP][PASSED] - outText = "+++ Tooltip match value for " + myKey + " is " + pctF + "%": null

27-02-2025T17:20:22 - [TEST_STEP][PASSED] - min = 80: null

27-02-2025T17:20:22 - [TEST_STEP][PASSED] - if (pctF.toFloat() < min.toFloat()): null

27-02-2025T17:20:22 - [TEST_STEP][PASSED] - if (myKey != "dummy"): null

27-02-2025T17:20:22 - [TEST_STEP][PASSED] - println(outText): null

27-02-2025T17:20:22 - [TEST_STEP][PASSED] - outFile.append(outText + "
"): null

27-02-2025T17:20:22 - [TEST_STEP][PASSED] - outText = "Verifying the tooltip text on the page is what was expected.
": null

27-02-2025T17:20:22 - [TEST_STEP][PASSED] - println(tooltipTextMap): null

27-02-2025T17:20:22 - [TEST_STEP][PASSED] - outFile.append(outText): null

27-02-2025T17:20:22 - [TEST_STEP][PASSED] - for (def it : tooltipText): null

27-02-2025T17:20:22 - [TEST_STEP][PASSED] - println(it): null

27-02-2025T17:20:22 - [TEST_STEP][PASSED] - myKey = key: null

27-02-2025T17:20:22 - [TEST_STEP][PASSED] - myText = value.replace(""", ""): null

27-02-2025T17:20:22 - [TEST_STEP][PASSED] - myText = myText.trim(): null

27-02-2025T17:20:22 - [TEST_STEP][PASSED] - println(myKey): null

27-02-2025T17:20:22 - [TEST_STEP][PASSED] - println(myText): null

27-02-2025T17:20:22 - [TEST_STEP][PASSED] - println(tooltipTextMap.get(myKey)): null

27-02-2025T17:20:22 - [TEST_STEP][PASSED] - actualText = get(myKey).replace(""", ""): null

27-02-2025T17:20:22 - [TEST_STEP][PASSED] - actualText = actualText.trim(): null

27-02-2025T17:20:22 - [TEST_STEP][PASSED] - println(myKey + ":" + actualText): null

27-02-2025T17:20:22 - [TEST_STEP][PASSED] - if (actualText != myText): null

27-02-2025T17:20:22 - [TEST_STEP][PASSED] - println(it): null

27-02-2025T17:20:22 - [TEST_STEP][PASSED] - myKey = key: null

27-02-2025T17:20:22 - [TEST_STEP][PASSED] - myText = value.replace(""", ""): null

27-02-2025T17:20:22 - [TEST_STEP][PASSED] - myText = myText.trim(): null

27-02-2025T17:20:22 - [TEST_STEP][PASSED] - println(myKey): null

27-02-2025T17:20:22 - [TEST_STEP][PASSED] - println(myText): null

27-02-2025T17:20:22 - [TEST_STEP][PASSED] - println(tooltipTextMap.get(myKey)): null

27-02-2025T17:20:22 - [TEST_STEP][PASSED] - actualText = get(myKey).replace(""", ""): null

27-02-2025T17:20:22 - [TEST_STEP][PASSED] - actualText = actualText.trim(): null

27-02-2025T17:20:22 - [TEST_STEP][PASSED] - println(myKey + ":" + actualText): null

27-02-2025T17:20:22 - [TEST_STEP][PASSED] - if (actualText != myText): null

27-02-2025T17:20:22 - [MESSAGE][PASSED] - Call Test Case 'Test Cases/_Functions/Test Tooltips' successfully

27-02-2025T17:20:22 - [TEST_STEP][PASSED] - outText = "Verifying the required field messages.
": null

27-02-2025T17:20:22 - [TEST_STEP][PASSED] - outFile.append(outText): null

27-02-2025T17:20:22 - [TEST_STEP][PASSED] - fieldList = []: null

27-02-2025T17:20:22 - [TEST_STEP][PASSED] - requiredFieldMsgs.each({ -> ... }): null

27-02-2025T17:20:22 - [TEST_STEP][PASSED] - callTestCase(findTestCase("_Functions/Test Field Error Messages"), ["varFieldList":fieldList, "varRequiredFieldMsgs":requiredFieldMsgs], STOP_ON_FAILURE): Call Test Case 'Test Cases/_Functions/Test Field Error Messages' successfully

27-02-2025T17:20:22 - [TEST_CASE][PASSED] - Test Cases/_Functions/Test Field Error Messages: Test Cases/_Functions/Test Field Error Messages

27-02-2025T17:20:22 - [TEST_STEP][PASSED] - count = callTestCase(findTestCase("_Functions/Find error messages"), ["varFunction":"count"], STOP_ON_FAILURE): Call Test Case 'Test Cases/_Functions/Find error messages' successfully

27-02-2025T17:20:22 - [TEST_CASE][PASSED] - Test Cases/_Functions/Find error messages: Test Cases/_Functions/Find error messages

27-02-2025T17:20:22 - [TEST_STEP][PASSED] - function = "count": null

27-02-2025T17:20:22 - [TEST_STEP][PASSED] - if (binding.hasVariable("varFunction")): null

27-02-2025T17:20:22 - [TEST_STEP][PASSED] - function = varFunction: null

27-02-2025T17:20:22 - [TEST_STEP][PASSED] - title = getWindowTitle(): Current window's title is: 'Education'

27-02-2025T17:20:22 - [MESSAGE][PASSED] - Current window's title is: 'Education'

27-02-2025T17:20:22 - [TEST_STEP][PASSED] - println("Page title is " + title): null

27-02-2025T17:20:22 - [TEST_STEP][PASSED] - driver = getWebDriver(): null

27-02-2025T17:20:22 - [TEST_STEP][PASSED] - elements = driver.findElements(By.xpath("//div[@class='col-sm-offset-3 col-sm-9 text-danger']")): null

27-02-2025T17:20:22 - [TEST_STEP][PASSED] - if (function == "count"): null

27-02-2025T17:20:22 - [TEST_STEP][PASSED] - return elements.size(): null

27-02-2025T17:20:22 - [MESSAGE][PASSED] - Call Test Case 'Test Cases/_Functions/Find error messages' successfully

27-02-2025T17:20:22 - [TEST_STEP][PASSED] - outFile = outFile: null

27-02-2025T17:20:22 - [TEST_STEP][PASSED] - if (count == 0): null

27-02-2025T17:20:22 - [TEST_STEP][PASSED] - else: Delayed 0 second(s)

27-02-2025T17:20:22 - [TEST_STEP][PASSED] - fieldList = varFieldList: null

27-02-2025T17:20:22 - [TEST_STEP][PASSED] - requiredFieldMsgs = varRequiredFieldMsgs: null

27-02-2025T17:20:22 - [TEST_STEP][PASSED] - outText = "Verifying error messages for fields " + fieldList: null

27-02-2025T17:20:22 - [TEST_STEP][PASSED] - for (def field : fieldList): null

27-02-2025T17:20:22 - [TEST_STEP][PASSED] - errorMsg = requiredFieldMsgs.get(field): null

27-02-2025T17:20:22 - [TEST_STEP][PASSED] - msg = verifyTextPresent(errorMsg, false, OPTIONAL): Text 'The teaching experience field is required.' is present on page 

27-02-2025T17:20:22 - [MESSAGE][PASSED] - Text 'The teaching experience field is required.' is present on page 

27-02-2025T17:20:22 - [TEST_STEP][PASSED] - println(field + ":" + msg): null

27-02-2025T17:20:22 - [TEST_STEP][PASSED] - if (!(msg)): null

27-02-2025T17:20:22 - [TEST_STEP][PASSED] - errorMsg = requiredFieldMsgs.get(field): null

27-02-2025T17:20:22 - [TEST_STEP][PASSED] - msg = verifyTextPresent(errorMsg, false, OPTIONAL): Text 'The english skill field is required.' is present on page 

27-02-2025T17:20:22 - [MESSAGE][PASSED] - Text 'The english skill field is required.' is present on page 

27-02-2025T17:20:22 - [TEST_STEP][PASSED] - println(field + ":" + msg): null

27-02-2025T17:20:22 - [TEST_STEP][PASSED] - if (!(msg)): null

27-02-2025T17:20:22 - [TEST_STEP][PASSED] - delay(fieldTestDelay): Delayed 0 second(s)

27-02-2025T17:20:22 - [MESSAGE][PASSED] - Delayed 0 second(s)

27-02-2025T17:20:22 - [MESSAGE][PASSED] - Call Test Case 'Test Cases/_Functions/Test Field Error Messages' successfully

27-02-2025T17:20:22 - [TEST_STEP][PASSED] - if (varFormal_degree != null): Call Test Case 'Test Cases/_Functions/Perform Action' successfully

27-02-2025T17:20:22 - [TEST_STEP][PASSED] - object = "Object Repository/Education Candidate Profile/Tabs/Education/select_Formal Degree": null

27-02-2025T17:20:22 - [TEST_STEP][PASSED] - callTestCase(findTestCase("_Functions/Perform Action"), ["varAction":"selectOptionByValue", "varObject":object, "varParm1":varFormal_degree], STOP_ON_FAILURE): Call Test Case 'Test Cases/_Functions/Perform Action' successfully

27-02-2025T17:20:22 - [TEST_CASE][PASSED] - Test Cases/_Functions/Perform Action: Test Cases/_Functions/Perform Action

27-02-2025T17:20:22 - [TEST_STEP][PASSED] - action = varAction: null

27-02-2025T17:20:22 - [TEST_STEP][PASSED] - println(action): null

27-02-2025T17:20:22 - [TEST_STEP][PASSED] - testObject = varObject: null

27-02-2025T17:20:22 - [TEST_STEP][PASSED] - println(testObject): null

27-02-2025T17:20:22 - [TEST_STEP][PASSED] - parm1 = varParm1: null

27-02-2025T17:20:22 - [TEST_STEP][PASSED] - println(parm1): null

27-02-2025T17:20:22 - [TEST_STEP][PASSED] - println("Converting " + testObject + " to web element"): null

27-02-2025T17:20:22 - [TEST_STEP][PASSED] - element = findWebElement(findTestObject(testObject), 1): null

27-02-2025T17:20:22 - [TEST_STEP][PASSED] - loc = element.getLocation(): null

27-02-2025T17:20:22 - [TEST_STEP][PASSED] - y = loc.getY(): null

27-02-2025T17:20:22 - [TEST_STEP][PASSED] - println("Y location is " + y): null

27-02-2025T17:20:22 - [TEST_STEP][PASSED] - top = getViewportTopPosition(): Current viewport's top (y) position is 608

27-02-2025T17:20:22 - [MESSAGE][PASSED] - Current viewport's top (y) position is 608

27-02-2025T17:20:22 - [TEST_STEP][PASSED] - println("Viewport top is " + top): null

27-02-2025T17:20:22 - [TEST_STEP][PASSED] - bottom = top + 600: null

27-02-2025T17:20:22 - [TEST_STEP][PASSED] - if (y - top < 150 || bottom - y < 10): Delayed 1 second(s)

27-02-2025T17:20:22 - [TEST_STEP][PASSED] - scrollToPosition(0, y - 150): Browser is scrolled to position x = 0, y = 253

27-02-2025T17:20:22 - [MESSAGE][PASSED] - Browser is scrolled to position x = 0, y = 253

27-02-2025T17:20:22 - [TEST_STEP][PASSED] - delay(1): Delayed 1 second(s)

27-02-2025T17:20:23 - [MESSAGE][PASSED] - Delayed 1 second(s)

27-02-2025T17:20:23 - [TEST_STEP][PASSED] - if (action == "click"): null

27-02-2025T17:20:23 - [TEST_STEP][PASSED] - else if (action == "selectOptionByValue"): All options with value 'Yes' are selected in object 'Object Repository/Education Candidate Profile/Tabs/Education/select_Formal Degree' 

27-02-2025T17:20:23 - [TEST_STEP][PASSED] - println("Selecting " + parm1): null

27-02-2025T17:20:23 - [TEST_STEP][PASSED] - selectOptionByValue(findTestObject(testObject), parm1, false): All options with value 'Yes' are selected in object 'Object Repository/Education Candidate Profile/Tabs/Education/select_Formal Degree' 

27-02-2025T17:20:23 - [MESSAGE][PASSED] - All options with value 'Yes' are selected in object 'Object Repository/Education Candidate Profile/Tabs/Education/select_Formal Degree' 

27-02-2025T17:20:23 - [MESSAGE][PASSED] - Call Test Case 'Test Cases/_Functions/Perform Action' successfully

27-02-2025T17:20:23 - [TEST_STEP][PASSED] - if (varTeaching_credentials != null): Call Test Case 'Test Cases/_Functions/Perform Action' successfully

27-02-2025T17:20:23 - [TEST_STEP][PASSED] - object = "Object Repository/Education Candidate Profile/Tabs/Education/select_Teaching Credentials": null

27-02-2025T17:20:23 - [TEST_STEP][PASSED] - callTestCase(findTestCase("_Functions/Perform Action"), ["varAction":"selectOptionByValue", "varObject":object, "varParm1":varTeaching_credentials], STOP_ON_FAILURE): Call Test Case 'Test Cases/_Functions/Perform Action' successfully

27-02-2025T17:20:23 - [TEST_CASE][PASSED] - Test Cases/_Functions/Perform Action: Test Cases/_Functions/Perform Action

27-02-2025T17:20:23 - [TEST_STEP][PASSED] - action = varAction: null

27-02-2025T17:20:23 - [TEST_STEP][PASSED] - println(action): null

27-02-2025T17:20:23 - [TEST_STEP][PASSED] - testObject = varObject: null

27-02-2025T17:20:23 - [TEST_STEP][PASSED] - println(testObject): null

27-02-2025T17:20:23 - [TEST_STEP][PASSED] - parm1 = varParm1: null

27-02-2025T17:20:23 - [TEST_STEP][PASSED] - println(parm1): null

27-02-2025T17:20:23 - [TEST_STEP][PASSED] - println("Converting " + testObject + " to web element"): null

27-02-2025T17:20:23 - [TEST_STEP][PASSED] - element = findWebElement(findTestObject(testObject), 1): null

27-02-2025T17:20:23 - [TEST_STEP][PASSED] - loc = element.getLocation(): null

27-02-2025T17:20:23 - [TEST_STEP][PASSED] - y = loc.getY(): null

27-02-2025T17:20:23 - [TEST_STEP][PASSED] - println("Y location is " + y): null

27-02-2025T17:20:23 - [TEST_STEP][PASSED] - top = getViewportTopPosition(): Current viewport's top (y) position is 253

27-02-2025T17:20:23 - [MESSAGE][PASSED] - Current viewport's top (y) position is 253

27-02-2025T17:20:23 - [TEST_STEP][PASSED] - println("Viewport top is " + top): null

27-02-2025T17:20:23 - [TEST_STEP][PASSED] - bottom = top + 600: null

27-02-2025T17:20:23 - [TEST_STEP][PASSED] - if (y - top < 150 || bottom - y < 10): null

27-02-2025T17:20:23 - [TEST_STEP][PASSED] - if (action == "click"): null

27-02-2025T17:20:23 - [TEST_STEP][PASSED] - else if (action == "selectOptionByValue"): All options with value 'Pending' are selected in object 'Object Repository/Education Candidate Profile/Tabs/Education/select_Teaching Credentials' 

27-02-2025T17:20:23 - [TEST_STEP][PASSED] - println("Selecting " + parm1): null

27-02-2025T17:20:23 - [TEST_STEP][PASSED] - selectOptionByValue(findTestObject(testObject), parm1, false): All options with value 'Pending' are selected in object 'Object Repository/Education Candidate Profile/Tabs/Education/select_Teaching Credentials' 

27-02-2025T17:20:23 - [MESSAGE][PASSED] - All options with value 'Pending' are selected in object 'Object Repository/Education Candidate Profile/Tabs/Education/select_Teaching Credentials' 

27-02-2025T17:20:23 - [MESSAGE][PASSED] - Call Test Case 'Test Cases/_Functions/Perform Action' successfully

27-02-2025T17:20:23 - [TEST_STEP][PASSED] - callTestCase(findTestCase("_Functions/Click on Group Elements"), ["varXpaths":xpaths, "varParms":parms], STOP_ON_FAILURE): Call Test Case 'Test Cases/_Functions/Click on Group Elements' successfully

27-02-2025T17:20:23 - [TEST_CASE][PASSED] - Test Cases/_Functions/Click on Group Elements: Test Cases/_Functions/Click on Group Elements

27-02-2025T17:20:23 - [TEST_STEP][PASSED] - debug = false: null

27-02-2025T17:20:23 - [TEST_STEP][PASSED] - toggle = true: null

27-02-2025T17:20:23 - [TEST_STEP][PASSED] - frame = new javax.swing.JFrame(): null

27-02-2025T17:20:23 - [TEST_STEP][PASSED] - p = new javax.swing.JPanel(): null

27-02-2025T17:20:23 - [TEST_STEP][PASSED] - l = new javax.swing.JLabel(Making user selections..., javax.swing.SwingConstants.CENTER): null

27-02-2025T17:20:23 - [TEST_STEP][PASSED] - frame.add(l): null

27-02-2025T17:20:23 - [TEST_STEP][PASSED] - frame.setSize(300, 100): null

27-02-2025T17:20:23 - [TEST_STEP][PASSED] - frame.setLocation(600, 0): null

27-02-2025T17:20:23 - [TEST_STEP][PASSED] - frame.setAlwaysOnTop(true): null

27-02-2025T17:20:23 - [TEST_STEP][PASSED] - frame.show(): null

27-02-2025T17:20:23 - [TEST_STEP][PASSED] - driver = getWebDriver(): null

27-02-2025T17:20:23 - [TEST_STEP][PASSED] - println(varParms): null

27-02-2025T17:20:23 - [TEST_STEP][PASSED] - for ([i = 0, i < varXpaths.size(), (i++)]): null

27-02-2025T17:20:23 - [TEST_STEP][PASSED] - if (debug): null

27-02-2025T17:20:23 - [TEST_STEP][PASSED] - if (varParms[i].indexOf("Europe") >= 0): null

27-02-2025T17:20:23 - [TEST_STEP][PASSED] - elements = driver.findElements(By.xpath(varXpaths[i])): null

27-02-2025T17:20:23 - [TEST_STEP][PASSED] - element_count = elements.size(): null

27-02-2025T17:20:23 - [TEST_STEP][PASSED] - for (def element : elements): null

27-02-2025T17:20:23 - [TEST_STEP][PASSED] - myValue = element.getAttribute("value"): null

27-02-2025T17:20:23 - [TEST_STEP][PASSED] - if (debug): null

27-02-2025T17:20:23 - [TEST_STEP][PASSED] - if (myValue.length() >= 4): null

27-02-2025T17:20:23 - [TEST_STEP][PASSED] - if (myValue.substring(0, 4) == "(!) "): null

27-02-2025T17:20:23 - [TEST_STEP][PASSED] - myType = element.getAttribute("type"): null

27-02-2025T17:20:23 - [TEST_STEP][PASSED] - if (myValue in varParms[i]): null

27-02-2025T17:20:23 - [TEST_STEP][PASSED] - else: null

27-02-2025T17:20:23 - [TEST_STEP][PASSED] - inList = false: null

27-02-2025T17:20:23 - [TEST_STEP][PASSED] - if (myType == "checkbox"): null

27-02-2025T17:20:23 - [TEST_STEP][PASSED] - myStatus = element.isSelected(): null

27-02-2025T17:20:23 - [TEST_STEP][PASSED] - if (debug): null

27-02-2025T17:20:23 - [TEST_STEP][PASSED] - if (toggle && myStatus && inList): null

27-02-2025T17:20:23 - [TEST_STEP][PASSED] - if (!(myStatus) && inList || myStatus && !(inList)): null

27-02-2025T17:20:23 - [TEST_STEP][PASSED] - myValue = element.getAttribute("value"): null

27-02-2025T17:20:23 - [TEST_STEP][PASSED] - if (debug): null

27-02-2025T17:20:23 - [TEST_STEP][PASSED] - if (myValue.length() >= 4): null

27-02-2025T17:20:23 - [TEST_STEP][PASSED] - if (myValue.substring(0, 4) == "(!) "): null

27-02-2025T17:20:23 - [TEST_STEP][PASSED] - myType = element.getAttribute("type"): null

27-02-2025T17:20:23 - [TEST_STEP][PASSED] - if (myValue in varParms[i]): null

27-02-2025T17:20:23 - [TEST_STEP][PASSED] - else: null

27-02-2025T17:20:23 - [TEST_STEP][PASSED] - inList = false: null

27-02-2025T17:20:23 - [TEST_STEP][PASSED] - if (myType == "checkbox"): null

27-02-2025T17:20:23 - [TEST_STEP][PASSED] - myStatus = element.isSelected(): null

27-02-2025T17:20:23 - [TEST_STEP][PASSED] - if (debug): null

27-02-2025T17:20:23 - [TEST_STEP][PASSED] - if (toggle && myStatus && inList): null

27-02-2025T17:20:23 - [TEST_STEP][PASSED] - if (!(myStatus) && inList || myStatus && !(inList)): null

27-02-2025T17:20:23 - [TEST_STEP][PASSED] - myValue = element.getAttribute("value"): null

27-02-2025T17:20:23 - [TEST_STEP][PASSED] - if (debug): null

27-02-2025T17:20:23 - [TEST_STEP][PASSED] - if (myValue.length() >= 4): null

27-02-2025T17:20:23 - [TEST_STEP][PASSED] - if (myValue.substring(0, 4) == "(!) "): null

27-02-2025T17:20:23 - [TEST_STEP][PASSED] - myType = element.getAttribute("type"): null

27-02-2025T17:20:23 - [TEST_STEP][PASSED] - if (myValue in varParms[i]): null

27-02-2025T17:20:23 - [TEST_STEP][PASSED] - else: null

27-02-2025T17:20:23 - [TEST_STEP][PASSED] - inList = false: null

27-02-2025T17:20:23 - [TEST_STEP][PASSED] - if (myType == "checkbox"): null

27-02-2025T17:20:23 - [TEST_STEP][PASSED] - myStatus = element.isSelected(): null

27-02-2025T17:20:23 - [TEST_STEP][PASSED] - if (debug): null

27-02-2025T17:20:23 - [TEST_STEP][PASSED] - if (toggle && myStatus && inList): null

27-02-2025T17:20:23 - [TEST_STEP][PASSED] - if (!(myStatus) && inList || myStatus && !(inList)): null

27-02-2025T17:20:23 - [TEST_STEP][PASSED] - myValue = element.getAttribute("value"): null

27-02-2025T17:20:23 - [TEST_STEP][PASSED] - if (debug): null

27-02-2025T17:20:23 - [TEST_STEP][PASSED] - if (myValue.length() >= 4): null

27-02-2025T17:20:23 - [TEST_STEP][PASSED] - if (myValue.substring(0, 4) == "(!) "): null

27-02-2025T17:20:23 - [TEST_STEP][PASSED] - myType = element.getAttribute("type"): null

27-02-2025T17:20:23 - [TEST_STEP][PASSED] - if (myValue in varParms[i]): null

27-02-2025T17:20:23 - [TEST_STEP][PASSED] - else: null

27-02-2025T17:20:23 - [TEST_STEP][PASSED] - inList = false: null

27-02-2025T17:20:23 - [TEST_STEP][PASSED] - if (myType == "checkbox"): null

27-02-2025T17:20:23 - [TEST_STEP][PASSED] - myStatus = element.isSelected(): null

27-02-2025T17:20:23 - [TEST_STEP][PASSED] - if (debug): null

27-02-2025T17:20:23 - [TEST_STEP][PASSED] - if (toggle && myStatus && inList): null

27-02-2025T17:20:23 - [TEST_STEP][PASSED] - if (!(myStatus) && inList || myStatus && !(inList)): null

27-02-2025T17:20:23 - [TEST_STEP][PASSED] - myValue = element.getAttribute("value"): null

27-02-2025T17:20:24 - [TEST_STEP][PASSED] - if (debug): null

27-02-2025T17:20:24 - [TEST_STEP][PASSED] - if (myValue.length() >= 4): null

27-02-2025T17:20:24 - [TEST_STEP][PASSED] - if (myValue.substring(0, 4) == "(!) "): null

27-02-2025T17:20:24 - [TEST_STEP][PASSED] - myType = element.getAttribute("type"): null

27-02-2025T17:20:24 - [TEST_STEP][PASSED] - if (myValue in varParms[i]): null

27-02-2025T17:20:24 - [TEST_STEP][PASSED] - inList = true: null

27-02-2025T17:20:24 - [TEST_STEP][PASSED] - if (myType == "checkbox"): null

27-02-2025T17:20:24 - [TEST_STEP][PASSED] - myStatus = element.isSelected(): null

27-02-2025T17:20:24 - [TEST_STEP][PASSED] - if (debug): null

27-02-2025T17:20:24 - [TEST_STEP][PASSED] - if (toggle && myStatus && inList): null

27-02-2025T17:20:24 - [TEST_STEP][PASSED] - if (!(myStatus) && inList || myStatus && !(inList)): null

27-02-2025T17:20:24 - [TEST_STEP][PASSED] - if (debug): null

27-02-2025T17:20:24 - [TEST_STEP][PASSED] - println("Clicking " + myValue): null

27-02-2025T17:20:24 - [TEST_STEP][PASSED] - click(element): null

27-02-2025T17:20:24 - [TEST_STEP][PASSED] - scrollToObject(elem): null

27-02-2025T17:20:24 - [TEST_STEP][PASSED] - loc = element.getLocation(): null

27-02-2025T17:20:24 - [TEST_STEP][PASSED] - if (debug): null

27-02-2025T17:20:24 - [TEST_STEP][PASSED] - y = loc.getY(): null

27-02-2025T17:20:24 - [TEST_STEP][PASSED] - println("Y location is " + y): null

27-02-2025T17:20:24 - [TEST_STEP][PASSED] - top = getViewportTopPosition(): Current viewport's top (y) position is 253

27-02-2025T17:20:24 - [MESSAGE][PASSED] - Current viewport's top (y) position is 253

27-02-2025T17:20:24 - [TEST_STEP][PASSED] - println("Viewport top is " + top): null

27-02-2025T17:20:24 - [TEST_STEP][PASSED] - bottom = top + 600: null

27-02-2025T17:20:24 - [TEST_STEP][PASSED] - if (y - top < 150 || bottom - y < 10): null

27-02-2025T17:20:24 - [TEST_STEP][PASSED] - elem.click(): null

27-02-2025T17:20:24 - [TEST_STEP][PASSED] - myValue = element.getAttribute("value"): null

27-02-2025T17:20:24 - [TEST_STEP][PASSED] - if (debug): null

27-02-2025T17:20:24 - [TEST_STEP][PASSED] - if (myValue.length() >= 4): null

27-02-2025T17:20:24 - [TEST_STEP][PASSED] - if (myValue.substring(0, 4) == "(!) "): null

27-02-2025T17:20:24 - [TEST_STEP][PASSED] - myType = element.getAttribute("type"): null

27-02-2025T17:20:24 - [TEST_STEP][PASSED] - if (myValue in varParms[i]): null

27-02-2025T17:20:24 - [TEST_STEP][PASSED] - else: null

27-02-2025T17:20:24 - [TEST_STEP][PASSED] - inList = false: null

27-02-2025T17:20:24 - [TEST_STEP][PASSED] - if (myType == "checkbox"): null

27-02-2025T17:20:24 - [TEST_STEP][PASSED] - myStatus = element.isSelected(): null

27-02-2025T17:20:24 - [TEST_STEP][PASSED] - if (debug): null

27-02-2025T17:20:24 - [TEST_STEP][PASSED] - if (toggle && myStatus && inList): null

27-02-2025T17:20:24 - [TEST_STEP][PASSED] - if (!(myStatus) && inList || myStatus && !(inList)): null

27-02-2025T17:20:24 - [TEST_STEP][PASSED] - myValue = element.getAttribute("value"): null

27-02-2025T17:20:24 - [TEST_STEP][PASSED] - if (debug): null

27-02-2025T17:20:24 - [TEST_STEP][PASSED] - if (myValue.length() >= 4): null

27-02-2025T17:20:24 - [TEST_STEP][PASSED] - if (myValue.substring(0, 4) == "(!) "): null

27-02-2025T17:20:24 - [TEST_STEP][PASSED] - myType = element.getAttribute("type"): null

27-02-2025T17:20:24 - [TEST_STEP][PASSED] - if (myValue in varParms[i]): null

27-02-2025T17:20:24 - [TEST_STEP][PASSED] - else: null

27-02-2025T17:20:24 - [TEST_STEP][PASSED] - inList = false: null

27-02-2025T17:20:24 - [TEST_STEP][PASSED] - if (myType == "checkbox"): null

27-02-2025T17:20:24 - [TEST_STEP][PASSED] - myStatus = element.isSelected(): null

27-02-2025T17:20:24 - [TEST_STEP][PASSED] - if (debug): null

27-02-2025T17:20:24 - [TEST_STEP][PASSED] - if (toggle && myStatus && inList): null

27-02-2025T17:20:24 - [TEST_STEP][PASSED] - if (!(myStatus) && inList || myStatus && !(inList)): null

27-02-2025T17:20:24 - [TEST_STEP][PASSED] - myValue = element.getAttribute("value"): null

27-02-2025T17:20:24 - [TEST_STEP][PASSED] - if (debug): null

27-02-2025T17:20:24 - [TEST_STEP][PASSED] - if (myValue.length() >= 4): null

27-02-2025T17:20:24 - [TEST_STEP][PASSED] - if (myValue.substring(0, 4) == "(!) "): null

27-02-2025T17:20:24 - [TEST_STEP][PASSED] - myType = element.getAttribute("type"): null

27-02-2025T17:20:24 - [TEST_STEP][PASSED] - if (myValue in varParms[i]): null

27-02-2025T17:20:24 - [TEST_STEP][PASSED] - else: null

27-02-2025T17:20:24 - [TEST_STEP][PASSED] - inList = false: null

27-02-2025T17:20:24 - [TEST_STEP][PASSED] - if (myType == "checkbox"): null

27-02-2025T17:20:24 - [TEST_STEP][PASSED] - myStatus = element.isSelected(): null

27-02-2025T17:20:24 - [TEST_STEP][PASSED] - if (debug): null

27-02-2025T17:20:24 - [TEST_STEP][PASSED] - if (toggle && myStatus && inList): null

27-02-2025T17:20:24 - [TEST_STEP][PASSED] - if (!(myStatus) && inList || myStatus && !(inList)): null

27-02-2025T17:20:24 - [TEST_STEP][PASSED] - myValue = element.getAttribute("value"): null

27-02-2025T17:20:24 - [TEST_STEP][PASSED] - if (debug): null

27-02-2025T17:20:24 - [TEST_STEP][PASSED] - if (myValue.length() >= 4): null

27-02-2025T17:20:24 - [TEST_STEP][PASSED] - if (myValue.substring(0, 4) == "(!) "): null

27-02-2025T17:20:24 - [TEST_STEP][PASSED] - myType = element.getAttribute("type"): null

27-02-2025T17:20:24 - [TEST_STEP][PASSED] - if (myValue in varParms[i]): null

27-02-2025T17:20:24 - [TEST_STEP][PASSED] - else: null

27-02-2025T17:20:24 - [TEST_STEP][PASSED] - inList = false: null

27-02-2025T17:20:24 - [TEST_STEP][PASSED] - if (myType == "checkbox"): null

27-02-2025T17:20:24 - [TEST_STEP][PASSED] - myStatus = element.isSelected(): null

27-02-2025T17:20:24 - [TEST_STEP][PASSED] - if (debug): null

27-02-2025T17:20:24 - [TEST_STEP][PASSED] - if (toggle && myStatus && inList): null

27-02-2025T17:20:24 - [TEST_STEP][PASSED] - if (!(myStatus) && inList || myStatus && !(inList)): null

27-02-2025T17:20:24 - [TEST_STEP][PASSED] - myValue = element.getAttribute("value"): null

27-02-2025T17:20:24 - [TEST_STEP][PASSED] - if (debug): null

27-02-2025T17:20:24 - [TEST_STEP][PASSED] - if (myValue.length() >= 4): null

27-02-2025T17:20:24 - [TEST_STEP][PASSED] - myType = element.getAttribute("type"): null

27-02-2025T17:20:24 - [TEST_STEP][PASSED] - if (myValue in varParms[i]): null

27-02-2025T17:20:24 - [TEST_STEP][PASSED] - else: null

27-02-2025T17:20:24 - [TEST_STEP][PASSED] - inList = false: null

27-02-2025T17:20:24 - [TEST_STEP][PASSED] - if (myType == "checkbox"): null

27-02-2025T17:20:24 - [TEST_STEP][PASSED] - myStatus = element.isSelected(): null

27-02-2025T17:20:24 - [TEST_STEP][PASSED] - if (debug): null

27-02-2025T17:20:24 - [TEST_STEP][PASSED] - if (toggle && myStatus && inList): null

27-02-2025T17:20:24 - [TEST_STEP][PASSED] - if (!(myStatus) && inList || myStatus && !(inList)): null

27-02-2025T17:20:24 - [TEST_STEP][PASSED] - myValue = element.getAttribute("value"): null

27-02-2025T17:20:24 - [TEST_STEP][PASSED] - if (debug): null

27-02-2025T17:20:24 - [TEST_STEP][PASSED] - if (myValue.length() >= 4): null

27-02-2025T17:20:24 - [TEST_STEP][PASSED] - if (myValue.substring(0, 4) == "(!) "): null

27-02-2025T17:20:24 - [TEST_STEP][PASSED] - myType = element.getAttribute("type"): null

27-02-2025T17:20:24 - [TEST_STEP][PASSED] - if (myValue in varParms[i]): null

27-02-2025T17:20:24 - [TEST_STEP][PASSED] - else: null

27-02-2025T17:20:24 - [TEST_STEP][PASSED] - inList = false: null

27-02-2025T17:20:24 - [TEST_STEP][PASSED] - if (myType == "checkbox"): null

27-02-2025T17:20:24 - [TEST_STEP][PASSED] - myStatus = element.isSelected(): null

27-02-2025T17:20:24 - [TEST_STEP][PASSED] - if (debug): null

27-02-2025T17:20:24 - [TEST_STEP][PASSED] - if (toggle && myStatus && inList): null

27-02-2025T17:20:24 - [TEST_STEP][PASSED] - if (!(myStatus) && inList || myStatus && !(inList)): null

27-02-2025T17:20:24 - [TEST_STEP][PASSED] - myValue = element.getAttribute("value"): null

27-02-2025T17:20:24 - [TEST_STEP][PASSED] - if (debug): null

27-02-2025T17:20:24 - [TEST_STEP][PASSED] - if (myValue.length() >= 4): null

27-02-2025T17:20:24 - [TEST_STEP][PASSED] - if (myValue.substring(0, 4) == "(!) "): null

27-02-2025T17:20:24 - [TEST_STEP][PASSED] - myType = element.getAttribute("type"): null

27-02-2025T17:20:24 - [TEST_STEP][PASSED] - if (myValue in varParms[i]): null

27-02-2025T17:20:24 - [TEST_STEP][PASSED] - else: null

27-02-2025T17:20:24 - [TEST_STEP][PASSED] - inList = false: null

27-02-2025T17:20:24 - [TEST_STEP][PASSED] - if (myType == "checkbox"): null

27-02-2025T17:20:24 - [TEST_STEP][PASSED] - myStatus = element.isSelected(): null

27-02-2025T17:20:24 - [TEST_STEP][PASSED] - if (debug): null

27-02-2025T17:20:24 - [TEST_STEP][PASSED] - if (toggle && myStatus && inList): null

27-02-2025T17:20:24 - [TEST_STEP][PASSED] - if (!(myStatus) && inList || myStatus && !(inList)): null

27-02-2025T17:20:24 - [TEST_STEP][PASSED] - myValue = element.getAttribute("value"): null

27-02-2025T17:20:24 - [TEST_STEP][PASSED] - if (debug): null

27-02-2025T17:20:24 - [TEST_STEP][PASSED] - if (myValue.length() >= 4): null

27-02-2025T17:20:24 - [TEST_STEP][PASSED] - if (myValue.substring(0, 4) == "(!) "): null

27-02-2025T17:20:24 - [TEST_STEP][PASSED] - myType = element.getAttribute("type"): null

27-02-2025T17:20:24 - [TEST_STEP][PASSED] - if (myValue in varParms[i]): null

27-02-2025T17:20:24 - [TEST_STEP][PASSED] - else: null

27-02-2025T17:20:24 - [TEST_STEP][PASSED] - inList = false: null

27-02-2025T17:20:24 - [TEST_STEP][PASSED] - if (myType == "checkbox"): null

27-02-2025T17:20:24 - [TEST_STEP][PASSED] - myStatus = element.isSelected(): null

27-02-2025T17:20:24 - [TEST_STEP][PASSED] - if (debug): null

27-02-2025T17:20:24 - [TEST_STEP][PASSED] - if (toggle && myStatus && inList): null

27-02-2025T17:20:24 - [TEST_STEP][PASSED] - if (!(myStatus) && inList || myStatus && !(inList)): null

27-02-2025T17:20:24 - [TEST_STEP][PASSED] - myValue = element.getAttribute("value"): null

27-02-2025T17:20:24 - [TEST_STEP][PASSED] - if (debug): null

27-02-2025T17:20:24 - [TEST_STEP][PASSED] - if (myValue.length() >= 4): null

27-02-2025T17:20:24 - [TEST_STEP][PASSED] - if (myValue.substring(0, 4) == "(!) "): null

27-02-2025T17:20:24 - [TEST_STEP][PASSED] - myType = element.getAttribute("type"): null

27-02-2025T17:20:24 - [TEST_STEP][PASSED] - if (myValue in varParms[i]): null

27-02-2025T17:20:24 - [TEST_STEP][PASSED] - else: null

27-02-2025T17:20:24 - [TEST_STEP][PASSED] - inList = false: null

27-02-2025T17:20:24 - [TEST_STEP][PASSED] - if (myType == "checkbox"): null

27-02-2025T17:20:24 - [TEST_STEP][PASSED] - myStatus = element.isSelected(): null

27-02-2025T17:20:24 - [TEST_STEP][PASSED] - if (debug): null

27-02-2025T17:20:24 - [TEST_STEP][PASSED] - if (toggle && myStatus && inList): null

27-02-2025T17:20:24 - [TEST_STEP][PASSED] - if (!(myStatus) && inList || myStatus && !(inList)): null

27-02-2025T17:20:24 - [TEST_STEP][PASSED] - myValue = element.getAttribute("value"): null

27-02-2025T17:20:24 - [TEST_STEP][PASSED] - if (debug): null

27-02-2025T17:20:24 - [TEST_STEP][PASSED] - if (myValue.length() >= 4): null

27-02-2025T17:20:24 - [TEST_STEP][PASSED] - if (myValue.substring(0, 4) == "(!) "): null

27-02-2025T17:20:24 - [TEST_STEP][PASSED] - myType = element.getAttribute("type"): null

27-02-2025T17:20:24 - [TEST_STEP][PASSED] - if (myValue in varParms[i]): null

27-02-2025T17:20:24 - [TEST_STEP][PASSED] - else: null

27-02-2025T17:20:24 - [TEST_STEP][PASSED] - inList = false: null

27-02-2025T17:20:24 - [TEST_STEP][PASSED] - if (myType == "checkbox"): null

27-02-2025T17:20:24 - [TEST_STEP][PASSED] - myStatus = element.isSelected(): null

27-02-2025T17:20:24 - [TEST_STEP][PASSED] - if (debug): null

27-02-2025T17:20:24 - [TEST_STEP][PASSED] - if (toggle && myStatus && inList): null

27-02-2025T17:20:24 - [TEST_STEP][PASSED] - if (!(myStatus) && inList || myStatus && !(inList)): null

27-02-2025T17:20:24 - [TEST_STEP][PASSED] - myValue = element.getAttribute("value"): null

27-02-2025T17:20:24 - [TEST_STEP][PASSED] - if (debug): null

27-02-2025T17:20:24 - [TEST_STEP][PASSED] - if (myValue.length() >= 4): null

27-02-2025T17:20:24 - [TEST_STEP][PASSED] - if (myValue.substring(0, 4) == "(!) "): null

27-02-2025T17:20:24 - [TEST_STEP][PASSED] - myType = element.getAttribute("type"): null

27-02-2025T17:20:24 - [TEST_STEP][PASSED] - if (myValue in varParms[i]): null

27-02-2025T17:20:24 - [TEST_STEP][PASSED] - else: null

27-02-2025T17:20:24 - [TEST_STEP][PASSED] - inList = false: null

27-02-2025T17:20:24 - [TEST_STEP][PASSED] - if (myType == "checkbox"): null

27-02-2025T17:20:24 - [TEST_STEP][PASSED] - myStatus = element.isSelected(): null

27-02-2025T17:20:24 - [TEST_STEP][PASSED] - if (debug): null

27-02-2025T17:20:24 - [TEST_STEP][PASSED] - if (toggle && myStatus && inList): null

27-02-2025T17:20:24 - [TEST_STEP][PASSED] - if (!(myStatus) && inList || myStatus && !(inList)): null

27-02-2025T17:20:24 - [TEST_STEP][PASSED] - myValue = element.getAttribute("value"): null

27-02-2025T17:20:24 - [TEST_STEP][PASSED] - if (debug): null

27-02-2025T17:20:24 - [TEST_STEP][PASSED] - if (myValue.length() >= 4): null

27-02-2025T17:20:24 - [TEST_STEP][PASSED] - if (myValue.substring(0, 4) == "(!) "): null

27-02-2025T17:20:24 - [TEST_STEP][PASSED] - myType = element.getAttribute("type"): null

27-02-2025T17:20:24 - [TEST_STEP][PASSED] - if (myValue in varParms[i]): null

27-02-2025T17:20:24 - [TEST_STEP][PASSED] - inList = true: null

27-02-2025T17:20:24 - [TEST_STEP][PASSED] - if (myType == "checkbox"): null

27-02-2025T17:20:24 - [TEST_STEP][PASSED] - myStatus = element.isSelected(): null

27-02-2025T17:20:24 - [TEST_STEP][PASSED] - if (debug): null

27-02-2025T17:20:24 - [TEST_STEP][PASSED] - if (toggle && myStatus && inList): null

27-02-2025T17:20:24 - [TEST_STEP][PASSED] - if (!(myStatus) && inList || myStatus && !(inList)): null

27-02-2025T17:20:24 - [TEST_STEP][PASSED] - if (debug): null

27-02-2025T17:20:24 - [TEST_STEP][PASSED] - println("Clicking " + myValue): null

27-02-2025T17:20:24 - [TEST_STEP][PASSED] - click(element): null

27-02-2025T17:20:24 - [TEST_STEP][PASSED] - scrollToObject(elem): null

27-02-2025T17:20:24 - [TEST_STEP][PASSED] - loc = element.getLocation(): null

27-02-2025T17:20:24 - [TEST_STEP][PASSED] - if (debug): null

27-02-2025T17:20:24 - [TEST_STEP][PASSED] - y = loc.getY(): null

27-02-2025T17:20:24 - [TEST_STEP][PASSED] - println("Y location is " + y): null

27-02-2025T17:20:24 - [TEST_STEP][PASSED] - top = getViewportTopPosition(): Current viewport's top (y) position is 253

27-02-2025T17:20:24 - [MESSAGE][PASSED] - Current viewport's top (y) position is 253

27-02-2025T17:20:24 - [TEST_STEP][PASSED] - println("Viewport top is " + top): null

27-02-2025T17:20:24 - [TEST_STEP][PASSED] - bottom = top + 600: null

27-02-2025T17:20:24 - [TEST_STEP][PASSED] - if (y - top < 150 || bottom - y < 10): null

27-02-2025T17:20:24 - [TEST_STEP][PASSED] - elem.click(): null

27-02-2025T17:20:24 - [TEST_STEP][PASSED] - myValue = element.getAttribute("value"): null

27-02-2025T17:20:24 - [TEST_STEP][PASSED] - if (debug): null

27-02-2025T17:20:24 - [TEST_STEP][PASSED] - if (myValue.length() >= 4): null

27-02-2025T17:20:24 - [TEST_STEP][PASSED] - if (myValue.substring(0, 4) == "(!) "): null

27-02-2025T17:20:24 - [TEST_STEP][PASSED] - myType = element.getAttribute("type"): null

27-02-2025T17:20:24 - [TEST_STEP][PASSED] - if (myValue in varParms[i]): null

27-02-2025T17:20:24 - [TEST_STEP][PASSED] - else: null

27-02-2025T17:20:24 - [TEST_STEP][PASSED] - inList = false: null

27-02-2025T17:20:24 - [TEST_STEP][PASSED] - if (myType == "checkbox"): null

27-02-2025T17:20:24 - [TEST_STEP][PASSED] - myStatus = element.isSelected(): null

27-02-2025T17:20:24 - [TEST_STEP][PASSED] - if (debug): null

27-02-2025T17:20:24 - [TEST_STEP][PASSED] - if (toggle && myStatus && inList): null

27-02-2025T17:20:24 - [TEST_STEP][PASSED] - if (!(myStatus) && inList || myStatus && !(inList)): null

27-02-2025T17:20:24 - [TEST_STEP][PASSED] - myValue = element.getAttribute("value"): null

27-02-2025T17:20:24 - [TEST_STEP][PASSED] - if (debug): null

27-02-2025T17:20:24 - [TEST_STEP][PASSED] - if (myValue.length() >= 4): null

27-02-2025T17:20:24 - [TEST_STEP][PASSED] - if (myValue.substring(0, 4) == "(!) "): null

27-02-2025T17:20:24 - [TEST_STEP][PASSED] - myType = element.getAttribute("type"): null

27-02-2025T17:20:24 - [TEST_STEP][PASSED] - if (myValue in varParms[i]): null

27-02-2025T17:20:24 - [TEST_STEP][PASSED] - else: null

27-02-2025T17:20:24 - [TEST_STEP][PASSED] - inList = false: null

27-02-2025T17:20:24 - [TEST_STEP][PASSED] - if (myType == "checkbox"): null

27-02-2025T17:20:24 - [TEST_STEP][PASSED] - myStatus = element.isSelected(): null

27-02-2025T17:20:24 - [TEST_STEP][PASSED] - if (debug): null

27-02-2025T17:20:24 - [TEST_STEP][PASSED] - if (toggle && myStatus && inList): null

27-02-2025T17:20:24 - [TEST_STEP][PASSED] - if (!(myStatus) && inList || myStatus && !(inList)): null

27-02-2025T17:20:24 - [TEST_STEP][PASSED] - myValue = element.getAttribute("value"): null

27-02-2025T17:20:24 - [TEST_STEP][PASSED] - if (debug): null

27-02-2025T17:20:24 - [TEST_STEP][PASSED] - if (myValue.length() >= 4): null

27-02-2025T17:20:24 - [TEST_STEP][PASSED] - if (myValue.substring(0, 4) == "(!) "): null

27-02-2025T17:20:24 - [TEST_STEP][PASSED] - myType = element.getAttribute("type"): null

27-02-2025T17:20:24 - [TEST_STEP][PASSED] - if (myValue in varParms[i]): null

27-02-2025T17:20:24 - [TEST_STEP][PASSED] - else: null

27-02-2025T17:20:24 - [TEST_STEP][PASSED] - inList = false: null

27-02-2025T17:20:24 - [TEST_STEP][PASSED] - if (myType == "checkbox"): null

27-02-2025T17:20:24 - [TEST_STEP][PASSED] - myStatus = element.isSelected(): null

27-02-2025T17:20:24 - [TEST_STEP][PASSED] - if (debug): null

27-02-2025T17:20:24 - [TEST_STEP][PASSED] - if (toggle && myStatus && inList): null

27-02-2025T17:20:24 - [TEST_STEP][PASSED] - if (!(myStatus) && inList || myStatus && !(inList)): null

27-02-2025T17:20:24 - [TEST_STEP][PASSED] - myValue = element.getAttribute("value"): null

27-02-2025T17:20:24 - [TEST_STEP][PASSED] - if (debug): null

27-02-2025T17:20:24 - [TEST_STEP][PASSED] - if (myValue.length() >= 4): null

27-02-2025T17:20:24 - [TEST_STEP][PASSED] - if (myValue.substring(0, 4) == "(!) "): null

27-02-2025T17:20:24 - [TEST_STEP][PASSED] - myType = element.getAttribute("type"): null

27-02-2025T17:20:24 - [TEST_STEP][PASSED] - if (myValue in varParms[i]): null

27-02-2025T17:20:24 - [TEST_STEP][PASSED] - else: null

27-02-2025T17:20:24 - [TEST_STEP][PASSED] - inList = false: null

27-02-2025T17:20:24 - [TEST_STEP][PASSED] - if (myType == "checkbox"): null

27-02-2025T17:20:24 - [TEST_STEP][PASSED] - myStatus = element.isSelected(): null

27-02-2025T17:20:24 - [TEST_STEP][PASSED] - if (debug): null

27-02-2025T17:20:24 - [TEST_STEP][PASSED] - if (toggle && myStatus && inList): null

27-02-2025T17:20:24 - [TEST_STEP][PASSED] - if (!(myStatus) && inList || myStatus && !(inList)): null

27-02-2025T17:20:24 - [TEST_STEP][PASSED] - myValue = element.getAttribute("value"): null

27-02-2025T17:20:24 - [TEST_STEP][PASSED] - if (debug): null

27-02-2025T17:20:24 - [TEST_STEP][PASSED] - if (myValue.length() >= 4): null

27-02-2025T17:20:24 - [TEST_STEP][PASSED] - if (myValue.substring(0, 4) == "(!) "): null

27-02-2025T17:20:24 - [TEST_STEP][PASSED] - myType = element.getAttribute("type"): null

27-02-2025T17:20:24 - [TEST_STEP][PASSED] - if (myValue in varParms[i]): null

27-02-2025T17:20:24 - [TEST_STEP][PASSED] - else: null

27-02-2025T17:20:24 - [TEST_STEP][PASSED] - inList = false: null

27-02-2025T17:20:24 - [TEST_STEP][PASSED] - if (myType == "checkbox"): null

27-02-2025T17:20:24 - [TEST_STEP][PASSED] - myStatus = element.isSelected(): null

27-02-2025T17:20:24 - [TEST_STEP][PASSED] - if (debug): null

27-02-2025T17:20:24 - [TEST_STEP][PASSED] - if (toggle && myStatus && inList): null

27-02-2025T17:20:24 - [TEST_STEP][PASSED] - if (!(myStatus) && inList || myStatus && !(inList)): null

27-02-2025T17:20:24 - [TEST_STEP][PASSED] - myValue = element.getAttribute("value"): null

27-02-2025T17:20:24 - [TEST_STEP][PASSED] - if (debug): null

27-02-2025T17:20:24 - [TEST_STEP][PASSED] - if (myValue.length() >= 4): null

27-02-2025T17:20:24 - [TEST_STEP][PASSED] - if (myValue.substring(0, 4) == "(!) "): null

27-02-2025T17:20:24 - [TEST_STEP][PASSED] - myType = element.getAttribute("type"): null

27-02-2025T17:20:24 - [TEST_STEP][PASSED] - if (myValue in varParms[i]): null

27-02-2025T17:20:24 - [TEST_STEP][PASSED] - else: null

27-02-2025T17:20:24 - [TEST_STEP][PASSED] - inList = false: null

27-02-2025T17:20:24 - [TEST_STEP][PASSED] - if (myType == "checkbox"): null

27-02-2025T17:20:24 - [TEST_STEP][PASSED] - myStatus = element.isSelected(): null

27-02-2025T17:20:24 - [TEST_STEP][PASSED] - if (debug): null

27-02-2025T17:20:24 - [TEST_STEP][PASSED] - if (toggle && myStatus && inList): null

27-02-2025T17:20:24 - [TEST_STEP][PASSED] - if (!(myStatus) && inList || myStatus && !(inList)): null

27-02-2025T17:20:24 - [TEST_STEP][PASSED] - myValue = element.getAttribute("value"): null

27-02-2025T17:20:24 - [TEST_STEP][PASSED] - if (debug): null

27-02-2025T17:20:24 - [TEST_STEP][PASSED] - if (myValue.length() >= 4): null

27-02-2025T17:20:24 - [TEST_STEP][PASSED] - if (myValue.substring(0, 4) == "(!) "): null

27-02-2025T17:20:24 - [TEST_STEP][PASSED] - myType = element.getAttribute("type"): null

27-02-2025T17:20:24 - [TEST_STEP][PASSED] - if (myValue in varParms[i]): null

27-02-2025T17:20:24 - [TEST_STEP][PASSED] - else: null

27-02-2025T17:20:24 - [TEST_STEP][PASSED] - inList = false: null

27-02-2025T17:20:24 - [TEST_STEP][PASSED] - if (myType == "checkbox"): null

27-02-2025T17:20:24 - [TEST_STEP][PASSED] - myStatus = element.isSelected(): null

27-02-2025T17:20:24 - [TEST_STEP][PASSED] - if (debug): null

27-02-2025T17:20:24 - [TEST_STEP][PASSED] - if (toggle && myStatus && inList): null

27-02-2025T17:20:24 - [TEST_STEP][PASSED] - if (!(myStatus) && inList || myStatus && !(inList)): null

27-02-2025T17:20:24 - [TEST_STEP][PASSED] - myValue = element.getAttribute("value"): null

27-02-2025T17:20:24 - [TEST_STEP][PASSED] - if (debug): null

27-02-2025T17:20:24 - [TEST_STEP][PASSED] - if (myValue.length() >= 4): null

27-02-2025T17:20:24 - [TEST_STEP][PASSED] - if (myValue.substring(0, 4) == "(!) "): null

27-02-2025T17:20:24 - [TEST_STEP][PASSED] - myType = element.getAttribute("type"): null

27-02-2025T17:20:24 - [TEST_STEP][PASSED] - if (myValue in varParms[i]): null

27-02-2025T17:20:24 - [TEST_STEP][PASSED] - inList = true: null

27-02-2025T17:20:24 - [TEST_STEP][PASSED] - if (myType == "checkbox"): null

27-02-2025T17:20:24 - [TEST_STEP][PASSED] - myStatus = element.isSelected(): null

27-02-2025T17:20:24 - [TEST_STEP][PASSED] - if (debug): null

27-02-2025T17:20:24 - [TEST_STEP][PASSED] - if (toggle && myStatus && inList): null

27-02-2025T17:20:24 - [TEST_STEP][PASSED] - if (!(myStatus) && inList || myStatus && !(inList)): null

27-02-2025T17:20:24 - [TEST_STEP][PASSED] - if (debug): null

27-02-2025T17:20:24 - [TEST_STEP][PASSED] - println("Clicking " + myValue): null

27-02-2025T17:20:24 - [TEST_STEP][PASSED] - click(element): null

27-02-2025T17:20:24 - [TEST_STEP][PASSED] - scrollToObject(elem): null

27-02-2025T17:20:24 - [TEST_STEP][PASSED] - loc = element.getLocation(): null

27-02-2025T17:20:24 - [TEST_STEP][PASSED] - if (debug): null

27-02-2025T17:20:24 - [TEST_STEP][PASSED] - y = loc.getY(): null

27-02-2025T17:20:24 - [TEST_STEP][PASSED] - println("Y location is " + y): null

27-02-2025T17:20:24 - [TEST_STEP][PASSED] - top = getViewportTopPosition(): Current viewport's top (y) position is 253

27-02-2025T17:20:24 - [MESSAGE][PASSED] - Current viewport's top (y) position is 253

27-02-2025T17:20:24 - [TEST_STEP][PASSED] - println("Viewport top is " + top): null

27-02-2025T17:20:24 - [TEST_STEP][PASSED] - bottom = top + 600: null

27-02-2025T17:20:24 - [TEST_STEP][PASSED] - if (y - top < 150 || bottom - y < 10): null

27-02-2025T17:20:24 - [TEST_STEP][PASSED] - elem.click(): null

27-02-2025T17:20:24 - [TEST_STEP][PASSED] - myValue = element.getAttribute("value"): null

27-02-2025T17:20:24 - [TEST_STEP][PASSED] - if (debug): null

27-02-2025T17:20:24 - [TEST_STEP][PASSED] - if (myValue.length() >= 4): null

27-02-2025T17:20:24 - [TEST_STEP][PASSED] - if (myValue.substring(0, 4) == "(!) "): null

27-02-2025T17:20:24 - [TEST_STEP][PASSED] - myType = element.getAttribute("type"): null

27-02-2025T17:20:24 - [TEST_STEP][PASSED] - if (myValue in varParms[i]): null

27-02-2025T17:20:24 - [TEST_STEP][PASSED] - else: null

27-02-2025T17:20:24 - [TEST_STEP][PASSED] - inList = false: null

27-02-2025T17:20:24 - [TEST_STEP][PASSED] - if (myType == "checkbox"): null

27-02-2025T17:20:24 - [TEST_STEP][PASSED] - myStatus = element.isSelected(): null

27-02-2025T17:20:24 - [TEST_STEP][PASSED] - if (debug): null

27-02-2025T17:20:24 - [TEST_STEP][PASSED] - if (toggle && myStatus && inList): null

27-02-2025T17:20:24 - [TEST_STEP][PASSED] - if (!(myStatus) && inList || myStatus && !(inList)): null

27-02-2025T17:20:24 - [TEST_STEP][PASSED] - myValue = element.getAttribute("value"): null

27-02-2025T17:20:24 - [TEST_STEP][PASSED] - if (debug): null

27-02-2025T17:20:24 - [TEST_STEP][PASSED] - if (myValue.length() >= 4): null

27-02-2025T17:20:24 - [TEST_STEP][PASSED] - if (myValue.substring(0, 4) == "(!) "): null

27-02-2025T17:20:24 - [TEST_STEP][PASSED] - myType = element.getAttribute("type"): null

27-02-2025T17:20:24 - [TEST_STEP][PASSED] - if (myValue in varParms[i]): null

27-02-2025T17:20:24 - [TEST_STEP][PASSED] - else: null

27-02-2025T17:20:24 - [TEST_STEP][PASSED] - inList = false: null

27-02-2025T17:20:24 - [TEST_STEP][PASSED] - if (myType == "checkbox"): null

27-02-2025T17:20:24 - [TEST_STEP][PASSED] - myStatus = element.isSelected(): null

27-02-2025T17:20:24 - [TEST_STEP][PASSED] - if (debug): null

27-02-2025T17:20:24 - [TEST_STEP][PASSED] - if (toggle && myStatus && inList): null

27-02-2025T17:20:24 - [TEST_STEP][PASSED] - if (!(myStatus) && inList || myStatus && !(inList)): null

27-02-2025T17:20:24 - [TEST_STEP][PASSED] - myValue = element.getAttribute("value"): null

27-02-2025T17:20:24 - [TEST_STEP][PASSED] - if (debug): null

27-02-2025T17:20:24 - [TEST_STEP][PASSED] - if (myValue.length() >= 4): null

27-02-2025T17:20:24 - [TEST_STEP][PASSED] - if (myValue.substring(0, 4) == "(!) "): null

27-02-2025T17:20:24 - [TEST_STEP][PASSED] - myType = element.getAttribute("type"): null

27-02-2025T17:20:24 - [TEST_STEP][PASSED] - if (myValue in varParms[i]): null

27-02-2025T17:20:24 - [TEST_STEP][PASSED] - else: null

27-02-2025T17:20:24 - [TEST_STEP][PASSED] - inList = false: null

27-02-2025T17:20:24 - [TEST_STEP][PASSED] - if (myType == "checkbox"): null

27-02-2025T17:20:24 - [TEST_STEP][PASSED] - myStatus = element.isSelected(): null

27-02-2025T17:20:24 - [TEST_STEP][PASSED] - if (debug): null

27-02-2025T17:20:24 - [TEST_STEP][PASSED] - if (toggle && myStatus && inList): null

27-02-2025T17:20:24 - [TEST_STEP][PASSED] - if (!(myStatus) && inList || myStatus && !(inList)): null

27-02-2025T17:20:24 - [TEST_STEP][PASSED] - myValue = element.getAttribute("value"): null

27-02-2025T17:20:24 - [TEST_STEP][PASSED] - if (debug): null

27-02-2025T17:20:24 - [TEST_STEP][PASSED] - if (myValue.length() >= 4): null

27-02-2025T17:20:24 - [TEST_STEP][PASSED] - if (myValue.substring(0, 4) == "(!) "): null

27-02-2025T17:20:24 - [TEST_STEP][PASSED] - myType = element.getAttribute("type"): null

27-02-2025T17:20:24 - [TEST_STEP][PASSED] - if (myValue in varParms[i]): null

27-02-2025T17:20:24 - [TEST_STEP][PASSED] - else: null

27-02-2025T17:20:24 - [TEST_STEP][PASSED] - inList = false: null

27-02-2025T17:20:24 - [TEST_STEP][PASSED] - if (myType == "checkbox"): null

27-02-2025T17:20:24 - [TEST_STEP][PASSED] - myStatus = element.isSelected(): null

27-02-2025T17:20:24 - [TEST_STEP][PASSED] - if (debug): null

27-02-2025T17:20:24 - [TEST_STEP][PASSED] - if (toggle && myStatus && inList): null

27-02-2025T17:20:24 - [TEST_STEP][PASSED] - if (!(myStatus) && inList || myStatus && !(inList)): null

27-02-2025T17:20:24 - [TEST_STEP][PASSED] - myValue = element.getAttribute("value"): null

27-02-2025T17:20:24 - [TEST_STEP][PASSED] - if (debug): null

27-02-2025T17:20:24 - [TEST_STEP][PASSED] - if (myValue.length() >= 4): null

27-02-2025T17:20:24 - [TEST_STEP][PASSED] - if (myValue.substring(0, 4) == "(!) "): null

27-02-2025T17:20:24 - [TEST_STEP][PASSED] - myType = element.getAttribute("type"): null

27-02-2025T17:20:24 - [TEST_STEP][PASSED] - if (myValue in varParms[i]): null

27-02-2025T17:20:24 - [TEST_STEP][PASSED] - else: null

27-02-2025T17:20:24 - [TEST_STEP][PASSED] - inList = false: null

27-02-2025T17:20:24 - [TEST_STEP][PASSED] - if (myType == "checkbox"): null

27-02-2025T17:20:24 - [TEST_STEP][PASSED] - myStatus = element.isSelected(): null

27-02-2025T17:20:24 - [TEST_STEP][PASSED] - if (debug): null

27-02-2025T17:20:24 - [TEST_STEP][PASSED] - if (toggle && myStatus && inList): null

27-02-2025T17:20:24 - [TEST_STEP][PASSED] - if (!(myStatus) && inList || myStatus && !(inList)): null

27-02-2025T17:20:24 - [TEST_STEP][PASSED] - myValue = element.getAttribute("value"): null

27-02-2025T17:20:24 - [TEST_STEP][PASSED] - if (debug): null

27-02-2025T17:20:24 - [TEST_STEP][PASSED] - if (myValue.length() >= 4): null

27-02-2025T17:20:24 - [TEST_STEP][PASSED] - if (myValue.substring(0, 4) == "(!) "): null

27-02-2025T17:20:24 - [TEST_STEP][PASSED] - myType = element.getAttribute("type"): null

27-02-2025T17:20:24 - [TEST_STEP][PASSED] - if (myValue in varParms[i]): null

27-02-2025T17:20:24 - [TEST_STEP][PASSED] - else: null

27-02-2025T17:20:24 - [TEST_STEP][PASSED] - inList = false: null

27-02-2025T17:20:24 - [TEST_STEP][PASSED] - if (myType == "checkbox"): null

27-02-2025T17:20:24 - [TEST_STEP][PASSED] - myStatus = element.isSelected(): null

27-02-2025T17:20:24 - [TEST_STEP][PASSED] - if (debug): null

27-02-2025T17:20:24 - [TEST_STEP][PASSED] - if (toggle && myStatus && inList): null

27-02-2025T17:20:24 - [TEST_STEP][PASSED] - if (!(myStatus) && inList || myStatus && !(inList)): null

27-02-2025T17:20:24 - [TEST_STEP][PASSED] - myValue = element.getAttribute("value"): null

27-02-2025T17:20:24 - [TEST_STEP][PASSED] - if (debug): null

27-02-2025T17:20:24 - [TEST_STEP][PASSED] - if (myValue.length() >= 4): null

27-02-2025T17:20:24 - [TEST_STEP][PASSED] - if (myValue.substring(0, 4) == "(!) "): null

27-02-2025T17:20:24 - [TEST_STEP][PASSED] - myType = element.getAttribute("type"): null

27-02-2025T17:20:24 - [TEST_STEP][PASSED] - if (myValue in varParms[i]): null

27-02-2025T17:20:24 - [TEST_STEP][PASSED] - else: null

27-02-2025T17:20:24 - [TEST_STEP][PASSED] - inList = false: null

27-02-2025T17:20:24 - [TEST_STEP][PASSED] - if (myType == "checkbox"): null

27-02-2025T17:20:24 - [TEST_STEP][PASSED] - myStatus = element.isSelected(): null

27-02-2025T17:20:24 - [TEST_STEP][PASSED] - if (debug): null

27-02-2025T17:20:24 - [TEST_STEP][PASSED] - if (toggle && myStatus && inList): null

27-02-2025T17:20:24 - [TEST_STEP][PASSED] - if (!(myStatus) && inList || myStatus && !(inList)): null

27-02-2025T17:20:24 - [TEST_STEP][PASSED] - myValue = element.getAttribute("value"): null

27-02-2025T17:20:24 - [TEST_STEP][PASSED] - if (debug): null

27-02-2025T17:20:24 - [TEST_STEP][PASSED] - if (myValue.length() >= 4): null

27-02-2025T17:20:24 - [TEST_STEP][PASSED] - if (myValue.substring(0, 4) == "(!) "): null

27-02-2025T17:20:24 - [TEST_STEP][PASSED] - myType = element.getAttribute("type"): null

27-02-2025T17:20:24 - [TEST_STEP][PASSED] - if (myValue in varParms[i]): null

27-02-2025T17:20:24 - [TEST_STEP][PASSED] - else: null

27-02-2025T17:20:24 - [TEST_STEP][PASSED] - inList = false: null

27-02-2025T17:20:24 - [TEST_STEP][PASSED] - if (myType == "checkbox"): null

27-02-2025T17:20:24 - [TEST_STEP][PASSED] - myStatus = element.isSelected(): null

27-02-2025T17:20:24 - [TEST_STEP][PASSED] - if (debug): null

27-02-2025T17:20:24 - [TEST_STEP][PASSED] - if (toggle && myStatus && inList): null

27-02-2025T17:20:24 - [TEST_STEP][PASSED] - if (!(myStatus) && inList || myStatus && !(inList)): null

27-02-2025T17:20:24 - [TEST_STEP][PASSED] - myValue = element.getAttribute("value"): null

27-02-2025T17:20:24 - [TEST_STEP][PASSED] - if (debug): null

27-02-2025T17:20:24 - [TEST_STEP][PASSED] - if (myValue.length() >= 4): null

27-02-2025T17:20:24 - [TEST_STEP][PASSED] - if (myValue.substring(0, 4) == "(!) "): null

27-02-2025T17:20:24 - [TEST_STEP][PASSED] - myType = element.getAttribute("type"): null

27-02-2025T17:20:24 - [TEST_STEP][PASSED] - if (myValue in varParms[i]): null

27-02-2025T17:20:24 - [TEST_STEP][PASSED] - inList = true: null

27-02-2025T17:20:24 - [TEST_STEP][PASSED] - if (myType == "checkbox"): null

27-02-2025T17:20:24 - [TEST_STEP][PASSED] - myStatus = element.isSelected(): null

27-02-2025T17:20:24 - [TEST_STEP][PASSED] - if (debug): null

27-02-2025T17:20:24 - [TEST_STEP][PASSED] - if (toggle && myStatus && inList): null

27-02-2025T17:20:24 - [TEST_STEP][PASSED] - if (!(myStatus) && inList || myStatus && !(inList)): null

27-02-2025T17:20:24 - [TEST_STEP][PASSED] - if (debug): null

27-02-2025T17:20:24 - [TEST_STEP][PASSED] - println("Clicking " + myValue): null

27-02-2025T17:20:24 - [TEST_STEP][PASSED] - click(element): null

27-02-2025T17:20:24 - [TEST_STEP][PASSED] - scrollToObject(elem): null

27-02-2025T17:20:24 - [TEST_STEP][PASSED] - loc = element.getLocation(): null

27-02-2025T17:20:24 - [TEST_STEP][PASSED] - if (debug): null

27-02-2025T17:20:24 - [TEST_STEP][PASSED] - y = loc.getY(): null

27-02-2025T17:20:24 - [TEST_STEP][PASSED] - println("Y location is " + y): null

27-02-2025T17:20:24 - [TEST_STEP][PASSED] - top = getViewportTopPosition(): Current viewport's top (y) position is 253

27-02-2025T17:20:24 - [MESSAGE][PASSED] - Current viewport's top (y) position is 253

27-02-2025T17:20:24 - [TEST_STEP][PASSED] - println("Viewport top is " + top): null

27-02-2025T17:20:24 - [TEST_STEP][PASSED] - bottom = top + 600: null

27-02-2025T17:20:24 - [TEST_STEP][PASSED] - if (y - top < 150 || bottom - y < 10): null

27-02-2025T17:20:24 - [TEST_STEP][PASSED] - elem.click(): null

27-02-2025T17:20:24 - [TEST_STEP][PASSED] - myValue = element.getAttribute("value"): null

27-02-2025T17:20:24 - [TEST_STEP][PASSED] - if (debug): null

27-02-2025T17:20:24 - [TEST_STEP][PASSED] - if (myValue.length() >= 4): null

27-02-2025T17:20:24 - [TEST_STEP][PASSED] - if (myValue.substring(0, 4) == "(!) "): null

27-02-2025T17:20:24 - [TEST_STEP][PASSED] - myType = element.getAttribute("type"): null

27-02-2025T17:20:24 - [TEST_STEP][PASSED] - if (myValue in varParms[i]): null

27-02-2025T17:20:24 - [TEST_STEP][PASSED] - else: null

27-02-2025T17:20:24 - [TEST_STEP][PASSED] - inList = false: null

27-02-2025T17:20:24 - [TEST_STEP][PASSED] - if (myType == "checkbox"): null

27-02-2025T17:20:24 - [TEST_STEP][PASSED] - myStatus = element.isSelected(): null

27-02-2025T17:20:24 - [TEST_STEP][PASSED] - if (debug): null

27-02-2025T17:20:24 - [TEST_STEP][PASSED] - if (toggle && myStatus && inList): null

27-02-2025T17:20:24 - [TEST_STEP][PASSED] - if (!(myStatus) && inList || myStatus && !(inList)): null

27-02-2025T17:20:24 - [TEST_STEP][PASSED] - myValue = element.getAttribute("value"): null

27-02-2025T17:20:24 - [TEST_STEP][PASSED] - if (debug): null

27-02-2025T17:20:24 - [TEST_STEP][PASSED] - if (myValue.length() >= 4): null

27-02-2025T17:20:24 - [TEST_STEP][PASSED] - if (myValue.substring(0, 4) == "(!) "): null

27-02-2025T17:20:24 - [TEST_STEP][PASSED] - myType = element.getAttribute("type"): null

27-02-2025T17:20:24 - [TEST_STEP][PASSED] - if (myValue in varParms[i]): null

27-02-2025T17:20:24 - [TEST_STEP][PASSED] - else: null

27-02-2025T17:20:24 - [TEST_STEP][PASSED] - inList = false: null

27-02-2025T17:20:24 - [TEST_STEP][PASSED] - if (myType == "checkbox"): null

27-02-2025T17:20:24 - [TEST_STEP][PASSED] - myStatus = element.isSelected(): null

27-02-2025T17:20:24 - [TEST_STEP][PASSED] - if (debug): null

27-02-2025T17:20:24 - [TEST_STEP][PASSED] - if (toggle && myStatus && inList): null

27-02-2025T17:20:24 - [TEST_STEP][PASSED] - if (!(myStatus) && inList || myStatus && !(inList)): null

27-02-2025T17:20:24 - [TEST_STEP][PASSED] - myValue = element.getAttribute("value"): null

27-02-2025T17:20:24 - [TEST_STEP][PASSED] - if (debug): null

27-02-2025T17:20:24 - [TEST_STEP][PASSED] - if (myValue.length() >= 4): null

27-02-2025T17:20:24 - [TEST_STEP][PASSED] - if (myValue.substring(0, 4) == "(!) "): null

27-02-2025T17:20:24 - [TEST_STEP][PASSED] - myType = element.getAttribute("type"): null

27-02-2025T17:20:24 - [TEST_STEP][PASSED] - if (myValue in varParms[i]): null

27-02-2025T17:20:24 - [TEST_STEP][PASSED] - else: null

27-02-2025T17:20:24 - [TEST_STEP][PASSED] - inList = false: null

27-02-2025T17:20:24 - [TEST_STEP][PASSED] - if (myType == "checkbox"): null

27-02-2025T17:20:24 - [TEST_STEP][PASSED] - myStatus = element.isSelected(): null

27-02-2025T17:20:24 - [TEST_STEP][PASSED] - if (debug): null

27-02-2025T17:20:24 - [TEST_STEP][PASSED] - if (toggle && myStatus && inList): null

27-02-2025T17:20:24 - [TEST_STEP][PASSED] - if (!(myStatus) && inList || myStatus && !(inList)): null

27-02-2025T17:20:24 - [TEST_STEP][PASSED] - myValue = element.getAttribute("value"): null

27-02-2025T17:20:24 - [TEST_STEP][PASSED] - if (debug): null

27-02-2025T17:20:24 - [TEST_STEP][PASSED] - if (myValue.length() >= 4): null

27-02-2025T17:20:24 - [TEST_STEP][PASSED] - if (myValue.substring(0, 4) == "(!) "): null

27-02-2025T17:20:24 - [TEST_STEP][PASSED] - myType = element.getAttribute("type"): null

27-02-2025T17:20:24 - [TEST_STEP][PASSED] - if (myValue in varParms[i]): null

27-02-2025T17:20:24 - [TEST_STEP][PASSED] - inList = true: null

27-02-2025T17:20:24 - [TEST_STEP][PASSED] - if (myType == "checkbox"): null

27-02-2025T17:20:24 - [TEST_STEP][PASSED] - myStatus = element.isSelected(): null

27-02-2025T17:20:24 - [TEST_STEP][PASSED] - if (debug): null

27-02-2025T17:20:24 - [TEST_STEP][PASSED] - if (toggle && myStatus && inList): null

27-02-2025T17:20:24 - [TEST_STEP][PASSED] - if (!(myStatus) && inList || myStatus && !(inList)): null

27-02-2025T17:20:24 - [TEST_STEP][PASSED] - if (debug): null

27-02-2025T17:20:24 - [TEST_STEP][PASSED] - println("Clicking " + myValue): null

27-02-2025T17:20:24 - [TEST_STEP][PASSED] - click(element): null

27-02-2025T17:20:24 - [TEST_STEP][PASSED] - scrollToObject(elem): null

27-02-2025T17:20:24 - [TEST_STEP][PASSED] - loc = element.getLocation(): null

27-02-2025T17:20:24 - [TEST_STEP][PASSED] - if (debug): null

27-02-2025T17:20:24 - [TEST_STEP][PASSED] - y = loc.getY(): null

27-02-2025T17:20:24 - [TEST_STEP][PASSED] - println("Y location is " + y): null

27-02-2025T17:20:24 - [TEST_STEP][PASSED] - top = getViewportTopPosition(): Current viewport's top (y) position is 253

27-02-2025T17:20:24 - [MESSAGE][PASSED] - Current viewport's top (y) position is 253

27-02-2025T17:20:24 - [TEST_STEP][PASSED] - println("Viewport top is " + top): null

27-02-2025T17:20:24 - [TEST_STEP][PASSED] - bottom = top + 600: null

27-02-2025T17:20:24 - [TEST_STEP][PASSED] - if (y - top < 150 || bottom - y < 10): null

27-02-2025T17:20:24 - [TEST_STEP][PASSED] - elem.click(): null

27-02-2025T17:20:24 - [TEST_STEP][PASSED] - myValue = element.getAttribute("value"): null

27-02-2025T17:20:24 - [TEST_STEP][PASSED] - if (debug): null

27-02-2025T17:20:24 - [TEST_STEP][PASSED] - if (myValue.length() >= 4): null

27-02-2025T17:20:24 - [TEST_STEP][PASSED] - if (myValue.substring(0, 4) == "(!) "): null

27-02-2025T17:20:24 - [TEST_STEP][PASSED] - myType = element.getAttribute("type"): null

27-02-2025T17:20:24 - [TEST_STEP][PASSED] - if (myValue in varParms[i]): null

27-02-2025T17:20:24 - [TEST_STEP][PASSED] - else: null

27-02-2025T17:20:24 - [TEST_STEP][PASSED] - inList = false: null

27-02-2025T17:20:24 - [TEST_STEP][PASSED] - if (myType == "checkbox"): null

27-02-2025T17:20:24 - [TEST_STEP][PASSED] - myStatus = element.isSelected(): null

27-02-2025T17:20:24 - [TEST_STEP][PASSED] - if (debug): null

27-02-2025T17:20:24 - [TEST_STEP][PASSED] - if (toggle && myStatus && inList): null

27-02-2025T17:20:24 - [TEST_STEP][PASSED] - if (!(myStatus) && inList || myStatus && !(inList)): null

27-02-2025T17:20:24 - [TEST_STEP][PASSED] - myValue = element.getAttribute("value"): null

27-02-2025T17:20:24 - [TEST_STEP][PASSED] - if (debug): null

27-02-2025T17:20:24 - [TEST_STEP][PASSED] - if (myValue.length() >= 4): null

27-02-2025T17:20:24 - [TEST_STEP][PASSED] - if (myValue.substring(0, 4) == "(!) "): null

27-02-2025T17:20:24 - [TEST_STEP][PASSED] - myType = element.getAttribute("type"): null

27-02-2025T17:20:24 - [TEST_STEP][PASSED] - if (myValue in varParms[i]): null

27-02-2025T17:20:24 - [TEST_STEP][PASSED] - else: null

27-02-2025T17:20:24 - [TEST_STEP][PASSED] - inList = false: null

27-02-2025T17:20:24 - [TEST_STEP][PASSED] - if (myType == "checkbox"): null

27-02-2025T17:20:24 - [TEST_STEP][PASSED] - myStatus = element.isSelected(): null

27-02-2025T17:20:24 - [TEST_STEP][PASSED] - if (debug): null

27-02-2025T17:20:24 - [TEST_STEP][PASSED] - if (toggle && myStatus && inList): null

27-02-2025T17:20:24 - [TEST_STEP][PASSED] - if (!(myStatus) && inList || myStatus && !(inList)): null

27-02-2025T17:20:24 - [TEST_STEP][PASSED] - myValue = element.getAttribute("value"): null

27-02-2025T17:20:24 - [TEST_STEP][PASSED] - if (debug): null

27-02-2025T17:20:24 - [TEST_STEP][PASSED] - if (myValue.length() >= 4): null

27-02-2025T17:20:24 - [TEST_STEP][PASSED] - if (myValue.substring(0, 4) == "(!) "): null

27-02-2025T17:20:24 - [TEST_STEP][PASSED] - myType = element.getAttribute("type"): null

27-02-2025T17:20:24 - [TEST_STEP][PASSED] - if (myValue in varParms[i]): null

27-02-2025T17:20:24 - [TEST_STEP][PASSED] - inList = true: null

27-02-2025T17:20:24 - [TEST_STEP][PASSED] - if (myType == "checkbox"): null

27-02-2025T17:20:24 - [TEST_STEP][PASSED] - myStatus = element.isSelected(): null

27-02-2025T17:20:24 - [TEST_STEP][PASSED] - if (debug): null

27-02-2025T17:20:24 - [TEST_STEP][PASSED] - if (toggle && myStatus && inList): null

27-02-2025T17:20:24 - [TEST_STEP][PASSED] - if (!(myStatus) && inList || myStatus && !(inList)): null

27-02-2025T17:20:24 - [TEST_STEP][PASSED] - if (debug): null

27-02-2025T17:20:24 - [TEST_STEP][PASSED] - println("Clicking " + myValue): null

27-02-2025T17:20:24 - [TEST_STEP][PASSED] - click(element): null

27-02-2025T17:20:24 - [TEST_STEP][PASSED] - scrollToObject(elem): null

27-02-2025T17:20:24 - [TEST_STEP][PASSED] - loc = element.getLocation(): null

27-02-2025T17:20:24 - [TEST_STEP][PASSED] - if (debug): null

27-02-2025T17:20:24 - [TEST_STEP][PASSED] - y = loc.getY(): null

27-02-2025T17:20:24 - [TEST_STEP][PASSED] - println("Y location is " + y): null

27-02-2025T17:20:24 - [TEST_STEP][PASSED] - top = getViewportTopPosition(): Current viewport's top (y) position is 253

27-02-2025T17:20:24 - [MESSAGE][PASSED] - Current viewport's top (y) position is 253

27-02-2025T17:20:24 - [TEST_STEP][PASSED] - println("Viewport top is " + top): null

27-02-2025T17:20:24 - [TEST_STEP][PASSED] - bottom = top + 600: null

27-02-2025T17:20:24 - [TEST_STEP][PASSED] - if (y - top < 150 || bottom - y < 10): null

27-02-2025T17:20:24 - [TEST_STEP][PASSED] - elem.click(): null

27-02-2025T17:20:24 - [TEST_STEP][PASSED] - myValue = element.getAttribute("value"): null

27-02-2025T17:20:24 - [TEST_STEP][PASSED] - if (debug): null

27-02-2025T17:20:24 - [TEST_STEP][PASSED] - if (myValue.length() >= 4): null

27-02-2025T17:20:24 - [TEST_STEP][PASSED] - if (myValue.substring(0, 4) == "(!) "): null

27-02-2025T17:20:24 - [TEST_STEP][PASSED] - myType = element.getAttribute("type"): null

27-02-2025T17:20:24 - [TEST_STEP][PASSED] - if (myValue in varParms[i]): null

27-02-2025T17:20:24 - [TEST_STEP][PASSED] - else: null

27-02-2025T17:20:24 - [TEST_STEP][PASSED] - inList = false: null

27-02-2025T17:20:24 - [TEST_STEP][PASSED] - if (myType == "checkbox"): null

27-02-2025T17:20:24 - [TEST_STEP][PASSED] - myStatus = element.isSelected(): null

27-02-2025T17:20:24 - [TEST_STEP][PASSED] - if (debug): null

27-02-2025T17:20:24 - [TEST_STEP][PASSED] - if (toggle && myStatus && inList): null

27-02-2025T17:20:24 - [TEST_STEP][PASSED] - if (!(myStatus) && inList || myStatus && !(inList)): null

27-02-2025T17:20:24 - [TEST_STEP][PASSED] - myValue = element.getAttribute("value"): null

27-02-2025T17:20:24 - [TEST_STEP][PASSED] - if (debug): null

27-02-2025T17:20:24 - [TEST_STEP][PASSED] - if (myValue.length() >= 4): null

27-02-2025T17:20:24 - [TEST_STEP][PASSED] - if (myValue.substring(0, 4) == "(!) "): null

27-02-2025T17:20:24 - [TEST_STEP][PASSED] - myType = element.getAttribute("type"): null

27-02-2025T17:20:24 - [TEST_STEP][PASSED] - if (myValue in varParms[i]): null

27-02-2025T17:20:24 - [TEST_STEP][PASSED] - else: null

27-02-2025T17:20:24 - [TEST_STEP][PASSED] - inList = false: null

27-02-2025T17:20:24 - [TEST_STEP][PASSED] - if (myType == "checkbox"): null

27-02-2025T17:20:24 - [TEST_STEP][PASSED] - myStatus = element.isSelected(): null

27-02-2025T17:20:24 - [TEST_STEP][PASSED] - if (debug): null

27-02-2025T17:20:24 - [TEST_STEP][PASSED] - if (toggle && myStatus && inList): null

27-02-2025T17:20:24 - [TEST_STEP][PASSED] - if (!(myStatus) && inList || myStatus && !(inList)): null

27-02-2025T17:20:24 - [TEST_STEP][PASSED] - frame.dispose(): null

27-02-2025T17:20:24 - [MESSAGE][PASSED] - Call Test Case 'Test Cases/_Functions/Click on Group Elements' successfully

27-02-2025T17:20:24 - [TEST_STEP][PASSED] - if (varCredential_authority != null): Call Test Case 'Test Cases/_Functions/Perform Action' successfully

27-02-2025T17:20:24 - [TEST_STEP][PASSED] - object = "Object Repository/Education Candidate Profile/Tabs/Education/textarea_Credential Authority": null

27-02-2025T17:20:24 - [TEST_STEP][PASSED] - callTestCase(findTestCase("_Functions/Perform Action"), ["varAction":"setText", "varObject":object, "varParm1":varCredential_authority], STOP_ON_FAILURE): Call Test Case 'Test Cases/_Functions/Perform Action' successfully

27-02-2025T17:20:24 - [TEST_CASE][PASSED] - Test Cases/_Functions/Perform Action: Test Cases/_Functions/Perform Action

27-02-2025T17:20:24 - [TEST_STEP][PASSED] - action = varAction: null

27-02-2025T17:20:24 - [TEST_STEP][PASSED] - println(action): null

27-02-2025T17:20:24 - [TEST_STEP][PASSED] - testObject = varObject: null

27-02-2025T17:20:24 - [TEST_STEP][PASSED] - println(testObject): null

27-02-2025T17:20:24 - [TEST_STEP][PASSED] - parm1 = varParm1: null

27-02-2025T17:20:24 - [TEST_STEP][PASSED] - println(parm1): null

27-02-2025T17:20:24 - [TEST_STEP][PASSED] - println("Converting " + testObject + " to web element"): null

27-02-2025T17:20:24 - [TEST_STEP][PASSED] - element = findWebElement(findTestObject(testObject), 1): null

27-02-2025T17:20:24 - [TEST_STEP][PASSED] - loc = element.getLocation(): null

27-02-2025T17:20:24 - [TEST_STEP][PASSED] - y = loc.getY(): null

27-02-2025T17:20:24 - [TEST_STEP][PASSED] - println("Y location is " + y): null

27-02-2025T17:20:24 - [TEST_STEP][PASSED] - top = getViewportTopPosition(): Current viewport's top (y) position is 253

27-02-2025T17:20:24 - [MESSAGE][PASSED] - Current viewport's top (y) position is 253

27-02-2025T17:20:24 - [TEST_STEP][PASSED] - println("Viewport top is " + top): null

27-02-2025T17:20:24 - [TEST_STEP][PASSED] - bottom = top + 600: null

27-02-2025T17:20:24 - [TEST_STEP][PASSED] - if (y - top < 150 || bottom - y < 10): null

27-02-2025T17:20:24 - [TEST_STEP][PASSED] - if (action == "click"): null

27-02-2025T17:20:24 - [TEST_STEP][PASSED] - else if (action == "selectOptionByValue"): null

27-02-2025T17:20:24 - [TEST_STEP][PASSED] - else if (action == "setText"): Text 'TBD' is set on object 'Object Repository/Education Candidate Profile/Tabs/Education/textarea_Credential Authority'

27-02-2025T17:20:24 - [TEST_STEP][PASSED] - println("Setting text " + parm1): null

27-02-2025T17:20:24 - [TEST_STEP][PASSED] - setText(findTestObject(testObject), parm1): Text 'TBD' is set on object 'Object Repository/Education Candidate Profile/Tabs/Education/textarea_Credential Authority'

27-02-2025T17:20:24 - [MESSAGE][PASSED] - Text 'TBD' is set on object 'Object Repository/Education Candidate Profile/Tabs/Education/textarea_Credential Authority'

27-02-2025T17:20:24 - [MESSAGE][PASSED] - Call Test Case 'Test Cases/_Functions/Perform Action' successfully

27-02-2025T17:20:24 - [TEST_STEP][PASSED] - if (varOther_experience != null): Call Test Case 'Test Cases/_Functions/Perform Action' successfully

27-02-2025T17:20:24 - [TEST_STEP][PASSED] - object = "Object Repository/Education Candidate Profile/Tabs/Education/textarea_Other Experience": null

27-02-2025T17:20:24 - [TEST_STEP][PASSED] - callTestCase(findTestCase("_Functions/Perform Action"), ["varAction":"setText", "varObject":object, "varParm1":varOther_experience], STOP_ON_FAILURE): Call Test Case 'Test Cases/_Functions/Perform Action' successfully

27-02-2025T17:20:24 - [TEST_CASE][PASSED] - Test Cases/_Functions/Perform Action: Test Cases/_Functions/Perform Action

27-02-2025T17:20:24 - [TEST_STEP][PASSED] - action = varAction: null

27-02-2025T17:20:24 - [TEST_STEP][PASSED] - println(action): null

27-02-2025T17:20:24 - [TEST_STEP][PASSED] - testObject = varObject: null

27-02-2025T17:20:24 - [TEST_STEP][PASSED] - println(testObject): null

27-02-2025T17:20:24 - [TEST_STEP][PASSED] - parm1 = varParm1: null

27-02-2025T17:20:24 - [TEST_STEP][PASSED] - println(parm1): null

27-02-2025T17:20:24 - [TEST_STEP][PASSED] - println("Converting " + testObject + " to web element"): null

27-02-2025T17:20:24 - [TEST_STEP][PASSED] - element = findWebElement(findTestObject(testObject), 1): null

27-02-2025T17:20:24 - [TEST_STEP][PASSED] - loc = element.getLocation(): null

27-02-2025T17:20:24 - [TEST_STEP][PASSED] - y = loc.getY(): null

27-02-2025T17:20:24 - [TEST_STEP][PASSED] - println("Y location is " + y): null

27-02-2025T17:20:24 - [TEST_STEP][PASSED] - top = getViewportTopPosition(): Current viewport's top (y) position is 253

27-02-2025T17:20:24 - [MESSAGE][PASSED] - Current viewport's top (y) position is 253

27-02-2025T17:20:24 - [TEST_STEP][PASSED] - println("Viewport top is " + top): null

27-02-2025T17:20:24 - [TEST_STEP][PASSED] - bottom = top + 600: null

27-02-2025T17:20:24 - [TEST_STEP][PASSED] - if (y - top < 150 || bottom - y < 10): null

27-02-2025T17:20:24 - [TEST_STEP][PASSED] - if (action == "click"): null

27-02-2025T17:20:24 - [TEST_STEP][PASSED] - else if (action == "selectOptionByValue"): null

27-02-2025T17:20:24 - [TEST_STEP][PASSED] - else if (action == "setText"): Text 'Middle school football coach' is set on object 'Object Repository/Education Candidate Profile/Tabs/Education/textarea_Other Experience'

27-02-2025T17:20:24 - [TEST_STEP][PASSED] - println("Setting text " + parm1): null

27-02-2025T17:20:24 - [TEST_STEP][PASSED] - setText(findTestObject(testObject), parm1): Text 'Middle school football coach' is set on object 'Object Repository/Education Candidate Profile/Tabs/Education/textarea_Other Experience'

27-02-2025T17:20:24 - [MESSAGE][PASSED] - Text 'Middle school football coach' is set on object 'Object Repository/Education Candidate Profile/Tabs/Education/textarea_Other Experience'

27-02-2025T17:20:24 - [MESSAGE][PASSED] - Call Test Case 'Test Cases/_Functions/Perform Action' successfully

27-02-2025T17:20:24 - [TEST_STEP][PASSED] - if (varEnglish_proficiency != null): Call Test Case 'Test Cases/_Functions/Perform Action' successfully

27-02-2025T17:20:24 - [TEST_STEP][PASSED] - object = "Object Repository/Education Candidate Profile/Tabs/Education/select_English Proficiency": null

27-02-2025T17:20:24 - [TEST_STEP][PASSED] - callTestCase(findTestCase("_Functions/Perform Action"), ["varAction":"selectOptionByValue", "varObject":object, "varParm1":varEnglish_proficiency], STOP_ON_FAILURE): Call Test Case 'Test Cases/_Functions/Perform Action' successfully

27-02-2025T17:20:24 - [TEST_CASE][PASSED] - Test Cases/_Functions/Perform Action: Test Cases/_Functions/Perform Action

27-02-2025T17:20:24 - [TEST_STEP][PASSED] - action = varAction: null

27-02-2025T17:20:24 - [TEST_STEP][PASSED] - println(action): null

27-02-2025T17:20:24 - [TEST_STEP][PASSED] - testObject = varObject: null

27-02-2025T17:20:24 - [TEST_STEP][PASSED] - println(testObject): null

27-02-2025T17:20:24 - [TEST_STEP][PASSED] - parm1 = varParm1: null

27-02-2025T17:20:24 - [TEST_STEP][PASSED] - println(parm1): null

27-02-2025T17:20:24 - [TEST_STEP][PASSED] - println("Converting " + testObject + " to web element"): null

27-02-2025T17:20:24 - [TEST_STEP][PASSED] - element = findWebElement(findTestObject(testObject), 1): null

27-02-2025T17:20:24 - [TEST_STEP][PASSED] - loc = element.getLocation(): null

27-02-2025T17:20:24 - [TEST_STEP][PASSED] - y = loc.getY(): null

27-02-2025T17:20:24 - [TEST_STEP][PASSED] - println("Y location is " + y): null

27-02-2025T17:20:24 - [TEST_STEP][PASSED] - top = getViewportTopPosition(): Current viewport's top (y) position is 253

27-02-2025T17:20:24 - [MESSAGE][PASSED] - Current viewport's top (y) position is 253

27-02-2025T17:20:24 - [TEST_STEP][PASSED] - println("Viewport top is " + top): null

27-02-2025T17:20:24 - [TEST_STEP][PASSED] - bottom = top + 600: null

27-02-2025T17:20:24 - [TEST_STEP][PASSED] - if (y - top < 150 || bottom - y < 10): Delayed 1 second(s)

27-02-2025T17:20:24 - [TEST_STEP][PASSED] - scrollToPosition(0, y - 150): Browser is scrolled to position x = 0, y = 741

27-02-2025T17:20:24 - [MESSAGE][PASSED] - Browser is scrolled to position x = 0, y = 741

27-02-2025T17:20:24 - [TEST_STEP][PASSED] - delay(1): Delayed 1 second(s)

27-02-2025T17:20:25 - [MESSAGE][PASSED] - Delayed 1 second(s)

27-02-2025T17:20:25 - [TEST_STEP][PASSED] - if (action == "click"): null

27-02-2025T17:20:25 - [TEST_STEP][PASSED] - else if (action == "selectOptionByValue"): All options with value 'Advanced' are selected in object 'Object Repository/Education Candidate Profile/Tabs/Education/select_English Proficiency' 

27-02-2025T17:20:25 - [TEST_STEP][PASSED] - println("Selecting " + parm1): null

27-02-2025T17:20:25 - [TEST_STEP][PASSED] - selectOptionByValue(findTestObject(testObject), parm1, false): All options with value 'Advanced' are selected in object 'Object Repository/Education Candidate Profile/Tabs/Education/select_English Proficiency' 

27-02-2025T17:20:25 - [MESSAGE][PASSED] - All options with value 'Advanced' are selected in object 'Object Repository/Education Candidate Profile/Tabs/Education/select_English Proficiency' 

27-02-2025T17:20:25 - [MESSAGE][PASSED] - Call Test Case 'Test Cases/_Functions/Perform Action' successfully

27-02-2025T17:20:25 - [TEST_STEP][PASSED] - if (varAdditional_languages != null): Object: 'Object Repository/Education Candidate Profile/Tabs/Education/textarea_Other Experience' is clicked on

27-02-2025T17:20:25 - [TEST_STEP][PASSED] - object = "Object Repository/Education Candidate Profile/Tabs/Education/input_Additional Language(s)": null

27-02-2025T17:20:25 - [TEST_STEP][PASSED] - callTestCase(findTestCase("_Functions/Perform Action"), ["varAction":"setText", "varObject":object, "varParm1":varAdditional_languages], STOP_ON_FAILURE): Call Test Case 'Test Cases/_Functions/Perform Action' successfully

27-02-2025T17:20:25 - [TEST_CASE][PASSED] - Test Cases/_Functions/Perform Action: Test Cases/_Functions/Perform Action

27-02-2025T17:20:25 - [TEST_STEP][PASSED] - action = varAction: null

27-02-2025T17:20:25 - [TEST_STEP][PASSED] - println(action): null

27-02-2025T17:20:25 - [TEST_STEP][PASSED] - testObject = varObject: null

27-02-2025T17:20:25 - [TEST_STEP][PASSED] - println(testObject): null

27-02-2025T17:20:25 - [TEST_STEP][PASSED] - parm1 = varParm1: null

27-02-2025T17:20:25 - [TEST_STEP][PASSED] - println(parm1): null

27-02-2025T17:20:25 - [TEST_STEP][PASSED] - println("Converting " + testObject + " to web element"): null

27-02-2025T17:20:25 - [TEST_STEP][PASSED] - element = findWebElement(findTestObject(testObject), 1): null

27-02-2025T17:20:25 - [TEST_STEP][PASSED] - loc = element.getLocation(): null

27-02-2025T17:20:25 - [TEST_STEP][PASSED] - y = loc.getY(): null

27-02-2025T17:20:25 - [TEST_STEP][PASSED] - println("Y location is " + y): null

27-02-2025T17:20:25 - [TEST_STEP][PASSED] - top = getViewportTopPosition(): Current viewport's top (y) position is 608

27-02-2025T17:20:25 - [MESSAGE][PASSED] - Current viewport's top (y) position is 608

27-02-2025T17:20:25 - [TEST_STEP][PASSED] - println("Viewport top is " + top): null

27-02-2025T17:20:25 - [TEST_STEP][PASSED] - bottom = top + 600: null

27-02-2025T17:20:25 - [TEST_STEP][PASSED] - if (y - top < 150 || bottom - y < 10): null

27-02-2025T17:20:25 - [TEST_STEP][PASSED] - if (action == "click"): null

27-02-2025T17:20:25 - [TEST_STEP][PASSED] - else if (action == "selectOptionByValue"): null

27-02-2025T17:20:25 - [TEST_STEP][PASSED] - else if (action == "setText"): Text 'French' is set on object 'Object Repository/Education Candidate Profile/Tabs/Education/input_Additional Language(s)'

27-02-2025T17:20:25 - [TEST_STEP][PASSED] - println("Setting text " + parm1): null

27-02-2025T17:20:25 - [TEST_STEP][PASSED] - setText(findTestObject(testObject), parm1): Text 'French' is set on object 'Object Repository/Education Candidate Profile/Tabs/Education/input_Additional Language(s)'

27-02-2025T17:20:25 - [MESSAGE][PASSED] - Text 'French' is set on object 'Object Repository/Education Candidate Profile/Tabs/Education/input_Additional Language(s)'

27-02-2025T17:20:25 - [MESSAGE][PASSED] - Call Test Case 'Test Cases/_Functions/Perform Action' successfully

27-02-2025T17:20:25 - [TEST_STEP][PASSED] - click(findTestObject("Object Repository/Education Candidate Profile/Tabs/Education/textarea_Other Experience")): Object: 'Object Repository/Education Candidate Profile/Tabs/Education/textarea_Other Experience' is clicked on

27-02-2025T17:20:26 - [MESSAGE][PASSED] - Object: 'Object Repository/Education Candidate Profile/Tabs/Education/textarea_Other Experience' is clicked on

27-02-2025T17:20:26 - [TEST_STEP][PASSED] - if (varAdditional_languages != null && varProficiency != null): Call Test Case 'Test Cases/_Functions/Perform Action' successfully

27-02-2025T17:20:26 - [TEST_STEP][PASSED] - object = "Object Repository/Education Candidate Profile/Tabs/Education/select_Additional Language Proficiency": null

27-02-2025T17:20:26 - [TEST_STEP][PASSED] - callTestCase(findTestCase("_Functions/Perform Action"), ["varAction":"selectOptionByValue", "varObject":object, "varParm1":varProficiency], STOP_ON_FAILURE): Call Test Case 'Test Cases/_Functions/Perform Action' successfully

27-02-2025T17:20:26 - [TEST_CASE][PASSED] - Test Cases/_Functions/Perform Action: Test Cases/_Functions/Perform Action

27-02-2025T17:20:26 - [TEST_STEP][PASSED] - action = varAction: null

27-02-2025T17:20:26 - [TEST_STEP][PASSED] - println(action): null

27-02-2025T17:20:26 - [TEST_STEP][PASSED] - testObject = varObject: null

27-02-2025T17:20:26 - [TEST_STEP][PASSED] - println(testObject): null

27-02-2025T17:20:26 - [TEST_STEP][PASSED] - parm1 = varParm1: null

27-02-2025T17:20:26 - [TEST_STEP][PASSED] - println(parm1): null

27-02-2025T17:20:26 - [TEST_STEP][PASSED] - println("Converting " + testObject + " to web element"): null

27-02-2025T17:20:26 - [TEST_STEP][PASSED] - element = findWebElement(findTestObject(testObject), 1): null

27-02-2025T17:20:26 - [TEST_STEP][PASSED] - loc = element.getLocation(): null

27-02-2025T17:20:26 - [TEST_STEP][PASSED] - y = loc.getY(): null

27-02-2025T17:20:26 - [TEST_STEP][PASSED] - println("Y location is " + y): null

27-02-2025T17:20:26 - [TEST_STEP][PASSED] - top = getViewportTopPosition(): Current viewport's top (y) position is 608

27-02-2025T17:20:26 - [MESSAGE][PASSED] - Current viewport's top (y) position is 608

27-02-2025T17:20:26 - [TEST_STEP][PASSED] - println("Viewport top is " + top): null

27-02-2025T17:20:26 - [TEST_STEP][PASSED] - bottom = top + 600: null

27-02-2025T17:20:26 - [TEST_STEP][PASSED] - if (y - top < 150 || bottom - y < 10): null

27-02-2025T17:20:26 - [TEST_STEP][PASSED] - if (action == "click"): null

27-02-2025T17:20:26 - [TEST_STEP][PASSED] - else if (action == "selectOptionByValue"): All options with value 'Rudimentary' are selected in object 'Object Repository/Education Candidate Profile/Tabs/Education/select_Additional Language Proficiency' 

27-02-2025T17:20:26 - [TEST_STEP][PASSED] - println("Selecting " + parm1): null

27-02-2025T17:20:26 - [TEST_STEP][PASSED] - selectOptionByValue(findTestObject(testObject), parm1, false): All options with value 'Rudimentary' are selected in object 'Object Repository/Education Candidate Profile/Tabs/Education/select_Additional Language Proficiency' 

27-02-2025T17:20:26 - [MESSAGE][PASSED] - All options with value 'Rudimentary' are selected in object 'Object Repository/Education Candidate Profile/Tabs/Education/select_Additional Language Proficiency' 

27-02-2025T17:20:26 - [MESSAGE][PASSED] - Call Test Case 'Test Cases/_Functions/Perform Action' successfully

27-02-2025T17:20:26 - [TEST_STEP][PASSED] - object = "Education Candidate Profile/Tabs/Experience/btn_Submit": null

27-02-2025T17:20:26 - [TEST_STEP][PASSED] - callTestCase(findTestCase("_Functions/Perform Action"), ["varAction":"click", "varObject":object], STOP_ON_FAILURE): Call Test Case 'Test Cases/_Functions/Perform Action' successfully

27-02-2025T17:20:26 - [TEST_CASE][PASSED] - Test Cases/_Functions/Perform Action: Test Cases/_Functions/Perform Action

27-02-2025T17:20:26 - [TEST_STEP][PASSED] - action = varAction: null

27-02-2025T17:20:26 - [TEST_STEP][PASSED] - println(action): null

27-02-2025T17:20:26 - [TEST_STEP][PASSED] - testObject = varObject: null

27-02-2025T17:20:26 - [TEST_STEP][PASSED] - println(testObject): null

27-02-2025T17:20:26 - [TEST_STEP][PASSED] - parm1 = varParm1: null

27-02-2025T17:20:26 - [TEST_STEP][PASSED] - println(parm1): null

27-02-2025T17:20:26 - [TEST_STEP][PASSED] - println("Converting " + testObject + " to web element"): null

27-02-2025T17:20:26 - [TEST_STEP][PASSED] - element = findWebElement(findTestObject(testObject), 1): null

27-02-2025T17:20:26 - [TEST_STEP][PASSED] - loc = element.getLocation(): null

27-02-2025T17:20:26 - [TEST_STEP][PASSED] - y = loc.getY(): null

27-02-2025T17:20:26 - [TEST_STEP][PASSED] - println("Y location is " + y): null

27-02-2025T17:20:26 - [TEST_STEP][PASSED] - top = getViewportTopPosition(): Current viewport's top (y) position is 608

27-02-2025T17:20:26 - [MESSAGE][PASSED] - Current viewport's top (y) position is 608

27-02-2025T17:20:26 - [TEST_STEP][PASSED] - println("Viewport top is " + top): null

27-02-2025T17:20:26 - [TEST_STEP][PASSED] - bottom = top + 600: null

27-02-2025T17:20:26 - [TEST_STEP][PASSED] - if (y - top < 150 || bottom - y < 10): null

27-02-2025T17:20:26 - [TEST_STEP][PASSED] - if (action == "click"): Object: 'Object Repository/Education Candidate Profile/Tabs/Experience/btn_Submit' is clicked on

27-02-2025T17:20:26 - [TEST_STEP][PASSED] - println("clicking"): null

27-02-2025T17:20:26 - [TEST_STEP][PASSED] - click(findTestObject(testObject)): Object: 'Object Repository/Education Candidate Profile/Tabs/Experience/btn_Submit' is clicked on

27-02-2025T17:20:28 - [MESSAGE][PASSED] - Object: 'Object Repository/Education Candidate Profile/Tabs/Experience/btn_Submit' is clicked on

27-02-2025T17:20:28 - [MESSAGE][PASSED] - Call Test Case 'Test Cases/_Functions/Perform Action' successfully

27-02-2025T17:20:28 - [MESSAGE][PASSED] - Call Test Case 'Test Cases/Education Candidate Profile/Tabs/Set Education' successfully

27-02-2025T17:20:28 - [TEST_STEP][PASSED] - if (pages.size() == 0 || "All" in pages || "Situation" in pages): Call Test Case 'Test Cases/Education Candidate Profile/Tabs/Set Situation' successfully

27-02-2025T17:20:28 - [TEST_STEP][PASSED] - process_stage = "I am actively investigating missions": null

27-02-2025T17:20:28 - [TEST_STEP][PASSED] - bible_training = "Some Bible school classes": null

27-02-2025T17:20:28 - [TEST_STEP][PASSED] - church_affiliated = "Yes": null

27-02-2025T17:20:28 - [TEST_STEP][PASSED] - journey_guide = "Maybe at a later time": null

27-02-2025T17:20:28 - [TEST_STEP][PASSED] - perspectives = "I am planning to take the Perspectives Course": null

27-02-2025T17:20:28 - [TEST_STEP][PASSED] - describe_training = "I audited some classes at Crown College": null

27-02-2025T17:20:28 - [TEST_STEP][PASSED] - church_name = "Parkside Church of the C&MA": null

27-02-2025T17:20:28 - [TEST_STEP][PASSED] - church_involvement = "I am serving in my local church": null

27-02-2025T17:20:28 - [TEST_STEP][PASSED] - callTestCase(findTestCase("Education Candidate Profile/Tabs/Set Situation"), ["varProcess_stage":process_stage, "varBible_training":bible_training, "varChurch_affiliated":church_affiliated, "varJourney_guide":journey_guide, ... ], STOP_ON_FAILURE): Call Test Case 'Test Cases/Education Candidate Profile/Tabs/Set Situation' successfully

27-02-2025T17:20:28 - [TEST_CASE][PASSED] - Test Cases/Education Candidate Profile/Tabs/Set Situation: Test Cases/Education Candidate Profile/Tabs/Set Situation

27-02-2025T17:20:28 - [TEST_STEP][PASSED] - username = username: null

27-02-2025T17:20:28 - [TEST_STEP][PASSED] - if (username != "cktest04ec"): null

27-02-2025T17:20:28 - [TEST_STEP][PASSED] - testName = "Education Candidate Situation Tab": null

27-02-2025T17:20:28 - [TEST_STEP][PASSED] - outFile = callTestCase(findTestCase("_Functions/Set Output File"), ["varTestName":testName], STOP_ON_FAILURE): Call Test Case 'Test Cases/_Functions/Set Output File' successfully

27-02-2025T17:20:28 - [TEST_CASE][PASSED] - Test Cases/_Functions/Set Output File: Test Cases/_Functions/Set Output File

27-02-2025T17:20:28 - [TEST_STEP][PASSED] - testName = varTestName: null

27-02-2025T17:20:28 - [TEST_STEP][PASSED] - domain = domain: null

27-02-2025T17:20:28 - [TEST_STEP][PASSED] - writeFile = false: null

27-02-2025T17:20:28 - [TEST_STEP][PASSED] - if (outFile != ""): null

27-02-2025T17:20:28 - [TEST_STEP][PASSED] - myFile = outFile: null

27-02-2025T17:20:28 - [TEST_STEP][PASSED] - println(myFile): null

27-02-2025T17:20:28 - [TEST_STEP][PASSED] - outFile = new java.io.File(myFile): null

27-02-2025T17:20:28 - [TEST_STEP][PASSED] - writeFile = true: null

27-02-2025T17:20:28 - [TEST_STEP][PASSED] - if (!(writeFile)): null

27-02-2025T17:20:28 - [TEST_STEP][PASSED] - else: null

27-02-2025T17:20:28 - [TEST_STEP][PASSED] - outFile.append("
Testing " + testName + " on " + domain + ".
"): null

27-02-2025T17:20:28 - [TEST_STEP][PASSED] - return outFile: null

27-02-2025T17:20:28 - [MESSAGE][PASSED] - Call Test Case 'Test Cases/_Functions/Set Output File' successfully

27-02-2025T17:20:28 - [TEST_STEP][PASSED] - parms = [varProcess_stage, varBible_training, varChurch_affiliated, varJourney_guide]: null

27-02-2025T17:20:28 - [TEST_STEP][PASSED] - process_stage = "//input[@name='profile[group-1449794128.145][process_stage]']": null

27-02-2025T17:20:28 - [TEST_STEP][PASSED] - bible_training = "//input[@name='profile[group-1449794128.145][bible_training]']": null

27-02-2025T17:20:28 - [TEST_STEP][PASSED] - church_affiliated = "//input[@name='profile[group-1449794128.145][affiliated_with_church]']": null

27-02-2025T17:20:28 - [TEST_STEP][PASSED] - journey_guide = "//input[@name='profile[group-1449794128.145][journey_guide_option]']": null

27-02-2025T17:20:28 - [TEST_STEP][PASSED] - url = getUrl(OPTIONAL): Current window's url is: 'https://education.missionnext.org/profile?requestUri=/dashboard'

27-02-2025T17:20:28 - [MESSAGE][PASSED] - Current window's url is: 'https://education.missionnext.org/profile?requestUri=/dashboard'

27-02-2025T17:20:28 - [TEST_STEP][PASSED] - if (!(url) == "https://education." + domain + "/profile?requestUri=/dashboard"): null

27-02-2025T17:20:28 - [TEST_STEP][PASSED] - xpaths = [process_stage, bible_training, church_affiliated, journey_guide]: null

27-02-2025T17:20:28 - [TEST_STEP][PASSED] - tooltipImagePath = "/Users/cckozie/git/MissionNext-Katalon-Koz/images/education candidate/": null

27-02-2025T17:20:28 - [TEST_STEP][PASSED] - testObjectFolder = "Education Candidate Profile/Tabs/Situation/": null

27-02-2025T17:20:28 - [TEST_STEP][PASSED] - tooltips = ["dummy":"dummy", "Bible Training":"img_Bible Training_field-tooltip", "Affiliated with a church":"img_Affiliated with a church_field-tooltip"]: null

27-02-2025T17:20:28 - [TEST_STEP][PASSED] - tooltipText = ["Bible Training":"If you have attended Sunday School classes for years, select Informal Training. If you have attended or taught Bible classes, select Some Bible School Classes.If your preferred assignments do not require Bible training, you can select Not Applicable.", "Affiliated with a church":"This would be a church with a staff member that can provide a reference, if requested."]: null

27-02-2025T17:20:28 - [TEST_STEP][PASSED] - requiredFieldMsgs = []: null

27-02-2025T17:20:28 - [TEST_STEP][PASSED] - click(findTestObject("Object Repository/Education Candidate Profile/Tabs/a_Situation")): Object: 'Object Repository/Education Candidate Profile/Tabs/a_Situation' is clicked on

27-02-2025T17:20:28 - [MESSAGE][PASSED] - Object: 'Object Repository/Education Candidate Profile/Tabs/a_Situation' is clicked on

27-02-2025T17:20:28 - [TEST_STEP][PASSED] - tooltipTextMap = callTestCase(findTestCase("_Functions/Get Screenshot and Tooltip Text"), ["varExtension":testName], STOP_ON_FAILURE): Call Test Case 'Test Cases/_Functions/Get Screenshot and Tooltip Text' successfully

27-02-2025T17:20:28 - [TEST_CASE][PASSED] - Test Cases/_Functions/Get Screenshot and Tooltip Text: Test Cases/_Functions/Get Screenshot and Tooltip Text

27-02-2025T17:20:28 - [TEST_STEP][PASSED] - if (fastPath): null

27-02-2025T17:20:28 - [TEST_STEP][PASSED] - frame = new javax.swing.JFrame(): null

27-02-2025T17:20:28 - [TEST_STEP][PASSED] - p = new javax.swing.JPanel(): null

27-02-2025T17:20:28 - [TEST_STEP][PASSED] - l = new javax.swing.JLabel(Getting screenshot and tooltip text..., javax.swing.SwingConstants.CENTER): null

27-02-2025T17:20:28 - [TEST_STEP][PASSED] - frame.add(l): null

27-02-2025T17:20:28 - [TEST_STEP][PASSED] - frame.setSize(300, 100): null

27-02-2025T17:20:28 - [TEST_STEP][PASSED] - frame.setLocation(600, 0): null

27-02-2025T17:20:28 - [TEST_STEP][PASSED] - frame.setAlwaysOnTop(true): null

27-02-2025T17:20:28 - [TEST_STEP][PASSED] - frame.show(): null

27-02-2025T17:20:28 - [TEST_STEP][PASSED] - driver = getWebDriver(): null

27-02-2025T17:20:28 - [TEST_STEP][PASSED] - path = "/Users/cckozie/Documents/MissionNext/Screenshots and Tooltip Text/": null

27-02-2025T17:20:28 - [TEST_STEP][PASSED] - if (binding.hasVariable("varExtension")): null

27-02-2025T17:20:28 - [TEST_STEP][PASSED] - extension = varExtension: null

27-02-2025T17:20:28 - [TEST_STEP][PASSED] - println("Extension is " + extension): null

27-02-2025T17:20:28 - [TEST_STEP][PASSED] - fileBase = path + extension: null

27-02-2025T17:20:28 - [TEST_STEP][PASSED] - fileImage = fileBase + "_Screenshot.png": null

27-02-2025T17:20:28 - [TEST_STEP][PASSED] - waitForPageLoad(30): Wait for page load successfully

27-02-2025T17:20:28 - [MESSAGE][PASSED] - Wait for page load successfully

27-02-2025T17:20:28 - [TEST_STEP][PASSED] - spinner = driver.findElement(By.xpath("/html/body/div[1]/div/div[2]")): null

27-02-2025T17:20:28 - [TEST_STEP][PASSED] - executor = driver: null

27-02-2025T17:20:28 - [TEST_STEP][PASSED] - elementAttributes = executor.executeScript("var items = {}; for (index = 0; index < arguments[0].attributes.length; ++index) { items[arguments[0].attributes[index].name] = arguments[0].attributes[index].value }; return items;", spinner): null

27-02-2025T17:20:28 - [TEST_STEP][PASSED] - attrs = elementAttributes.toString(): null

27-02-2025T17:20:28 - [TEST_STEP][PASSED] - waits = 0: null

27-02-2025T17:20:28 - [TEST_STEP][PASSED] - while (attrs.indexOf("display: none") < 0 && waits < 2): null

27-02-2025T17:20:28 - [TEST_STEP][PASSED] - delay(1): Delayed 1 second(s)

27-02-2025T17:20:29 - [MESSAGE][PASSED] - Delayed 1 second(s)

27-02-2025T17:20:29 - [TEST_STEP][PASSED] - attrs = elementAttributes.toString(): null

27-02-2025T17:20:29 - [TEST_STEP][PASSED] - (waits++): null

27-02-2025T17:20:29 - [TEST_STEP][PASSED] - delay(1): Delayed 1 second(s)

27-02-2025T17:20:30 - [MESSAGE][PASSED] - Delayed 1 second(s)

27-02-2025T17:20:30 - [TEST_STEP][PASSED] - attrs = elementAttributes.toString(): null

27-02-2025T17:20:30 - [TEST_STEP][PASSED] - (waits++): null

27-02-2025T17:20:30 - [TEST_STEP][PASSED] - tooltipMap = callTestCase(findTestCase("_Functions/Get Tooltip Text"), [:], STOP_ON_FAILURE): Call Test Case 'Test Cases/_Functions/Get Tooltip Text' successfully

27-02-2025T17:20:30 - [TEST_CASE][PASSED] - Test Cases/_Functions/Get Tooltip Text: Test Cases/_Functions/Get Tooltip Text

27-02-2025T17:20:30 - [TEST_STEP][PASSED] - fieldTooltips = [:]: null

27-02-2025T17:20:30 - [TEST_STEP][PASSED] - tooltipMap = [:]: null

27-02-2025T17:20:30 - [TEST_STEP][PASSED] - driver = getWebDriver(): null

27-02-2025T17:20:30 - [TEST_STEP][PASSED] - tooltips = driver.findElements(By.className("field-tooltip")): null

27-02-2025T17:20:30 - [TEST_STEP][PASSED] - for (def it : tooltips): null

27-02-2025T17:20:30 - [TEST_STEP][PASSED] - if (it.isDisplayed()): null

27-02-2025T17:20:30 - [TEST_STEP][PASSED] - if (it.isDisplayed()): null

27-02-2025T17:20:30 - [TEST_STEP][PASSED] - if (it.isDisplayed()): null

27-02-2025T17:20:30 - [TEST_STEP][PASSED] - if (it.isDisplayed()): null

27-02-2025T17:20:30 - [TEST_STEP][PASSED] - if (it.isDisplayed()): null

27-02-2025T17:20:30 - [TEST_STEP][PASSED] - if (it.isDisplayed()): null

27-02-2025T17:20:30 - [TEST_STEP][PASSED] - if (it.isDisplayed()): null

27-02-2025T17:20:30 - [TEST_STEP][PASSED] - if (it.isDisplayed()): null

27-02-2025T17:20:30 - [TEST_STEP][PASSED] - if (it.isDisplayed()): null

27-02-2025T17:20:30 - [TEST_STEP][PASSED] - if (it.isDisplayed()): null

27-02-2025T17:20:30 - [TEST_STEP][PASSED] - if (it.isDisplayed()): null

27-02-2025T17:20:30 - [TEST_STEP][PASSED] - ttText = it.getAttribute("data-original-title"): null

27-02-2025T17:20:30 - [TEST_STEP][PASSED] - ttLocation = it.getLocation(): null

27-02-2025T17:20:30 - [TEST_STEP][PASSED] - yLocation = ttLocation.getY(): null

27-02-2025T17:20:30 - [TEST_STEP][PASSED] - xLocation = ttLocation.getX(): null

27-02-2025T17:20:30 - [TEST_STEP][PASSED] - fieldTooltips.put(ttText, yLocation): null

27-02-2025T17:20:30 - [TEST_STEP][PASSED] - if (it.isDisplayed()): null

27-02-2025T17:20:30 - [TEST_STEP][PASSED] - ttText = it.getAttribute("data-original-title"): null

27-02-2025T17:20:30 - [TEST_STEP][PASSED] - ttLocation = it.getLocation(): null

27-02-2025T17:20:30 - [TEST_STEP][PASSED] - yLocation = ttLocation.getY(): null

27-02-2025T17:20:30 - [TEST_STEP][PASSED] - xLocation = ttLocation.getX(): null

27-02-2025T17:20:30 - [TEST_STEP][PASSED] - fieldTooltips.put(ttText, yLocation): null

27-02-2025T17:20:30 - [TEST_STEP][PASSED] - if (it.isDisplayed()): null

27-02-2025T17:20:30 - [TEST_STEP][PASSED] - if (it.isDisplayed()): null

27-02-2025T17:20:30 - [TEST_STEP][PASSED] - if (it.isDisplayed()): null

27-02-2025T17:20:30 - [TEST_STEP][PASSED] - if (it.isDisplayed()): null

27-02-2025T17:20:30 - [TEST_STEP][PASSED] - if (it.isDisplayed()): null

27-02-2025T17:20:30 - [TEST_STEP][PASSED] - if (it.isDisplayed()): null

27-02-2025T17:20:30 - [TEST_STEP][PASSED] - if (it.isDisplayed()): null

27-02-2025T17:20:30 - [TEST_STEP][PASSED] - if (it.isDisplayed()): null

27-02-2025T17:20:30 - [TEST_STEP][PASSED] - if (fieldTooltips.size() > 0): null

27-02-2025T17:20:30 - [TEST_STEP][PASSED] - rightBorder = xLocation: null

27-02-2025T17:20:30 - [TEST_STEP][PASSED] - fieldLabels = [:]: null

27-02-2025T17:20:30 - [TEST_STEP][PASSED] - labels = driver.findElements(By.xpath("//label")): null

27-02-2025T17:20:30 - [TEST_STEP][PASSED] - labels.each({ -> ... }): null

27-02-2025T17:20:33 - [TEST_STEP][PASSED] - for (def label : fieldLabels): null

27-02-2025T17:20:33 - [TEST_STEP][PASSED] - y = value: null

27-02-2025T17:20:33 - [TEST_STEP][PASSED] - for (def tooltip : fieldTooltips): null

27-02-2025T17:20:33 - [TEST_STEP][PASSED] - if (value == y || value == y + 1 || value == y - 1): null

27-02-2025T17:20:33 - [TEST_STEP][PASSED] - if (value == y || value == y + 1 || value == y - 1): null

27-02-2025T17:20:33 - [TEST_STEP][PASSED] - y = value: null

27-02-2025T17:20:33 - [TEST_STEP][PASSED] - for (def tooltip : fieldTooltips): null

27-02-2025T17:20:33 - [TEST_STEP][PASSED] - if (value == y || value == y + 1 || value == y - 1): null

27-02-2025T17:20:33 - [TEST_STEP][PASSED] - if (value == y || value == y + 1 || value == y - 1): null

27-02-2025T17:20:33 - [TEST_STEP][PASSED] - y = value: null

27-02-2025T17:20:33 - [TEST_STEP][PASSED] - for (def tooltip : fieldTooltips): null

27-02-2025T17:20:33 - [TEST_STEP][PASSED] - if (value == y || value == y + 1 || value == y - 1): null

27-02-2025T17:20:33 - [TEST_STEP][PASSED] - if (value == y || value == y + 1 || value == y - 1): null

27-02-2025T17:20:33 - [TEST_STEP][PASSED] - y = value: null

27-02-2025T17:20:33 - [TEST_STEP][PASSED] - for (def tooltip : fieldTooltips): null

27-02-2025T17:20:33 - [TEST_STEP][PASSED] - if (value == y || value == y + 1 || value == y - 1): null

27-02-2025T17:20:33 - [TEST_STEP][PASSED] - tooltipMap.put(key, key): null

27-02-2025T17:20:33 - [TEST_STEP][PASSED] - break: null

27-02-2025T17:20:33 - [TEST_STEP][PASSED] - y = value: null

27-02-2025T17:20:33 - [TEST_STEP][PASSED] - for (def tooltip : fieldTooltips): null

27-02-2025T17:20:33 - [TEST_STEP][PASSED] - if (value == y || value == y + 1 || value == y - 1): null

27-02-2025T17:20:33 - [TEST_STEP][PASSED] - if (value == y || value == y + 1 || value == y - 1): null

27-02-2025T17:20:33 - [TEST_STEP][PASSED] - y = value: null

27-02-2025T17:20:33 - [TEST_STEP][PASSED] - for (def tooltip : fieldTooltips): null

27-02-2025T17:20:33 - [TEST_STEP][PASSED] - if (value == y || value == y + 1 || value == y - 1): null

27-02-2025T17:20:33 - [TEST_STEP][PASSED] - if (value == y || value == y + 1 || value == y - 1): null

27-02-2025T17:20:33 - [TEST_STEP][PASSED] - tooltipMap.put(key, key): null

27-02-2025T17:20:33 - [TEST_STEP][PASSED] - break: null

27-02-2025T17:20:33 - [TEST_STEP][PASSED] - y = value: null

27-02-2025T17:20:33 - [TEST_STEP][PASSED] - for (def tooltip : fieldTooltips): null

27-02-2025T17:20:33 - [TEST_STEP][PASSED] - if (value == y || value == y + 1 || value == y - 1): null

27-02-2025T17:20:33 - [TEST_STEP][PASSED] - if (value == y || value == y + 1 || value == y - 1): null

27-02-2025T17:20:33 - [TEST_STEP][PASSED] - y = value: null

27-02-2025T17:20:33 - [TEST_STEP][PASSED] - for (def tooltip : fieldTooltips): null

27-02-2025T17:20:33 - [TEST_STEP][PASSED] - if (value == y || value == y + 1 || value == y - 1): null

27-02-2025T17:20:33 - [TEST_STEP][PASSED] - if (value == y || value == y + 1 || value == y - 1): null

27-02-2025T17:20:33 - [TEST_STEP][PASSED] - y = value: null

27-02-2025T17:20:33 - [TEST_STEP][PASSED] - for (def tooltip : fieldTooltips): null

27-02-2025T17:20:33 - [TEST_STEP][PASSED] - if (value == y || value == y + 1 || value == y - 1): null

27-02-2025T17:20:33 - [TEST_STEP][PASSED] - if (value == y || value == y + 1 || value == y - 1): null

27-02-2025T17:20:33 - [TEST_STEP][PASSED] - return tooltipMap: null

27-02-2025T17:20:33 - [MESSAGE][PASSED] - Call Test Case 'Test Cases/_Functions/Get Tooltip Text' successfully

27-02-2025T17:20:33 - [TEST_STEP][PASSED] - if (tooltipMap.size() > 0): null

27-02-2025T17:20:33 - [TEST_STEP][PASSED] - file = fileBase + "_Tooltips.csv": null

27-02-2025T17:20:33 - [TEST_STEP][PASSED] - outText = "FIELD LABEL" + "," + "TOOLTIP TEXT" + "

": null

27-02-2025T17:20:33 - [TEST_STEP][PASSED] - for (def it : tooltipMap): null

27-02-2025T17:20:33 - [TEST_STEP][PASSED] - name = key: null

27-02-2025T17:20:33 - [TEST_STEP][PASSED] - value = value.replace("
", ""): null

27-02-2025T17:20:33 - [TEST_STEP][PASSED] - value = value.trim(): null

27-02-2025T17:20:33 - [TEST_STEP][PASSED] - value = """ + value + """: null

27-02-2025T17:20:33 - [TEST_STEP][PASSED] - outText = outText + name + "," + value: null

27-02-2025T17:20:33 - [TEST_STEP][PASSED] - outText = outText + "
": null

27-02-2025T17:20:33 - [TEST_STEP][PASSED] - println(outText): null

27-02-2025T17:20:33 - [TEST_STEP][PASSED] - name = key: null

27-02-2025T17:20:33 - [TEST_STEP][PASSED] - value = value.replace("
", ""): null

27-02-2025T17:20:33 - [TEST_STEP][PASSED] - value = value.trim(): null

27-02-2025T17:20:33 - [TEST_STEP][PASSED] - value = """ + value + """: null

27-02-2025T17:20:33 - [TEST_STEP][PASSED] - outText = outText + name + "," + value: null

27-02-2025T17:20:33 - [TEST_STEP][PASSED] - outText = outText + "
": null

27-02-2025T17:20:33 - [TEST_STEP][PASSED] - println(outText): null

27-02-2025T17:20:33 - [TEST_STEP][PASSED] - outFile = new java.io.File(file): null

27-02-2025T17:20:33 - [TEST_STEP][PASSED] - println(outText): null

27-02-2025T17:20:33 - [TEST_STEP][PASSED] - outFile.write(outText): null

27-02-2025T17:20:33 - [TEST_STEP][PASSED] - takeFullPageScreenshot(fileImage): Taking screenshot successfully

27-02-2025T17:20:33 - [MESSAGE][INFO] - 0 hidden object(s)

27-02-2025T17:20:34 - [MESSAGE][PASSED] - Taking screenshot successfully
[[ATTACHMENT|/Users/cckozie/Documents/MissionNext/Screenshots and Tooltip Text/Education Candidate Situation Tab_Screenshot.png]]

27-02-2025T17:20:34 - [TEST_STEP][PASSED] - frame.dispose(): null

27-02-2025T17:20:34 - [TEST_STEP][PASSED] - return tooltipMap: null

27-02-2025T17:20:34 - [MESSAGE][PASSED] - Call Test Case 'Test Cases/_Functions/Get Screenshot and Tooltip Text' successfully

27-02-2025T17:20:34 - [TEST_STEP][PASSED] - callTestCase(findTestCase("_Functions/Test Tooltips"), ["varTooltipImagePath":tooltipImagePath, "varTooltips":tooltips, "varTooltipText":tooltipText, "varTestObjectFolder":testObjectFolder, ... ], STOP_ON_FAILURE): Call Test Case 'Test Cases/_Functions/Test Tooltips' successfully

27-02-2025T17:20:34 - [TEST_CASE][PASSED] - Test Cases/_Functions/Test Tooltips: Test Cases/_Functions/Test Tooltips

27-02-2025T17:20:34 - [TEST_STEP][PASSED] - if (fastPath): null

27-02-2025T17:20:34 - [TEST_STEP][PASSED] - tooltipImagePath = varTooltipImagePath: null

27-02-2025T17:20:34 - [TEST_STEP][PASSED] - tooltips = varTooltips: null

27-02-2025T17:20:34 - [TEST_STEP][PASSED] - tooltipText = varTooltipText: null

27-02-2025T17:20:34 - [TEST_STEP][PASSED] - testObjectFolder = varTestObjectFolder: null

27-02-2025T17:20:34 - [TEST_STEP][PASSED] - tooltipTextMap = varTooltipTextMap: null

27-02-2025T17:20:34 - [TEST_STEP][PASSED] - writeFile = false: null

27-02-2025T17:20:34 - [TEST_STEP][PASSED] - if (outFile != ""): null

27-02-2025T17:20:34 - [TEST_STEP][PASSED] - myFile = outFile: null

27-02-2025T17:20:34 - [TEST_STEP][PASSED] - println(myFile): null

27-02-2025T17:20:34 - [TEST_STEP][PASSED] - outFile = new java.io.File(myFile): null

27-02-2025T17:20:34 - [TEST_STEP][PASSED] - writeFile = true: null

27-02-2025T17:20:34 - [TEST_STEP][PASSED] - driver = getWebDriver(): null

27-02-2025T17:20:34 - [TEST_STEP][PASSED] - action = new org.openqa.selenium.interactions.Actions(driver): null

27-02-2025T17:20:34 - [TEST_STEP][PASSED] - s = new org.sikuli.script.Screen(): null

27-02-2025T17:20:34 - [TEST_STEP][PASSED] - outText = "Verifying the tooltips can be displayed.
": null

27-02-2025T17:20:34 - [TEST_STEP][PASSED] - outFile.append(outText): null

27-02-2025T17:20:34 - [TEST_STEP][PASSED] - first = true: null

27-02-2025T17:20:34 - [TEST_STEP][PASSED] - for (def it : tooltips): null

27-02-2025T17:20:34 - [TEST_STEP][PASSED] - myKey = key: null

27-02-2025T17:20:34 - [TEST_STEP][PASSED] - myValue = value: null

27-02-2025T17:20:34 - [TEST_STEP][PASSED] - println("myKey is " + myKey): null

27-02-2025T17:20:34 - [TEST_STEP][PASSED] - println("myValue is " + myValue): null

27-02-2025T17:20:34 - [TEST_STEP][PASSED] - if (myKey != "dummy"): null

27-02-2025T17:20:34 - [TEST_STEP][PASSED] - else: null

27-02-2025T17:20:34 - [TEST_STEP][PASSED] - myImage = "/Users/cckozie/git/MissionNext-Katalon-Koz/images/dummy.png": null

27-02-2025T17:20:34 - [TEST_STEP][PASSED] - f = new java.io.File(myImage): null

27-02-2025T17:20:34 - [TEST_STEP][PASSED] - if (f.exists()): null

27-02-2025T17:20:34 - [TEST_STEP][PASSED] - println("Looking for " + myImage): null

27-02-2025T17:20:34 - [TEST_STEP][PASSED] - icn = Pattern(myImage).similar(0.10): null

27-02-2025T17:20:34 - [TEST_STEP][PASSED] - found = s.exists(icn): null

27-02-2025T17:20:37 - [TEST_STEP][PASSED] - println(found): null

27-02-2025T17:20:37 - [TEST_STEP][PASSED] - if (found != null): null

27-02-2025T17:20:37 - [TEST_STEP][PASSED] - else: null

27-02-2025T17:20:37 - [TEST_STEP][PASSED] - if (myKey != "dummy"): null

27-02-2025T17:20:37 - [TEST_STEP][PASSED] - myKey = key: null

27-02-2025T17:20:37 - [TEST_STEP][PASSED] - myValue = value: null

27-02-2025T17:20:37 - [TEST_STEP][PASSED] - println("myKey is " + myKey): null

27-02-2025T17:20:37 - [TEST_STEP][PASSED] - println("myValue is " + myValue): null

27-02-2025T17:20:37 - [TEST_STEP][PASSED] - if (myKey != "dummy"): null

27-02-2025T17:20:37 - [TEST_STEP][PASSED] - tObj = testObjectFolder + myValue: null

27-02-2025T17:20:37 - [TEST_STEP][PASSED] - click(tObj): null

27-02-2025T17:20:37 - [TEST_STEP][PASSED] - scrollToObject(object): null

27-02-2025T17:20:37 - [TEST_STEP][PASSED] - println("Converting " + object + " to web element"): null

27-02-2025T17:20:37 - [TEST_STEP][PASSED] - element = findWebElement(findTestObject(object), 1): null

27-02-2025T17:20:37 - [TEST_STEP][PASSED] - loc = element.getLocation(): null

27-02-2025T17:20:37 - [TEST_STEP][PASSED] - x = loc.getX(): null

27-02-2025T17:20:37 - [TEST_STEP][PASSED] - if (x >= 560): null

27-02-2025T17:20:37 - [TEST_STEP][PASSED] - y = loc.getY(): null

27-02-2025T17:20:37 - [TEST_STEP][PASSED] - println("Y location is " + y): null

27-02-2025T17:20:37 - [TEST_STEP][PASSED] - top = getViewportTopPosition(): Current viewport's top (y) position is 49

27-02-2025T17:20:37 - [MESSAGE][PASSED] - Current viewport's top (y) position is 49

27-02-2025T17:20:37 - [TEST_STEP][PASSED] - println("Viewport top is " + top): null

27-02-2025T17:20:37 - [TEST_STEP][PASSED] - bottom = top + 600: null

27-02-2025T17:20:37 - [TEST_STEP][PASSED] - if (y - top < 150 || bottom - y < 10): null

27-02-2025T17:20:37 - [TEST_STEP][PASSED] - click(findTestObject(object)): null

27-02-2025T17:20:37 - [MESSAGE][PASSED] - Object: 'Object Repository/Education Candidate Profile/Tabs/Situation/img_Bible Training_field-tooltip' is clicked on

27-02-2025T17:20:37 - [TEST_STEP][PASSED] - delay(1): Delayed 1 second(s)

27-02-2025T17:20:38 - [MESSAGE][PASSED] - Delayed 1 second(s)

27-02-2025T17:20:38 - [TEST_STEP][PASSED] - myImage = tooltipImagePath + myKey + ".png": null

27-02-2025T17:20:38 - [TEST_STEP][PASSED] - f = new java.io.File(myImage): null

27-02-2025T17:20:38 - [TEST_STEP][PASSED] - if (f.exists()): null

27-02-2025T17:20:38 - [TEST_STEP][PASSED] - println("Looking for " + myImage): null

27-02-2025T17:20:38 - [TEST_STEP][PASSED] - icn = Pattern(myImage).similar(0.10): null

27-02-2025T17:20:38 - [TEST_STEP][PASSED] - found = s.exists(icn): null

27-02-2025T17:20:38 - [TEST_STEP][PASSED] - println(found): null

27-02-2025T17:20:38 - [TEST_STEP][PASSED] - if (found != null): null

27-02-2025T17:20:38 - [TEST_STEP][PASSED] - foundStr = found.toString(): null

27-02-2025T17:20:38 - [TEST_STEP][PASSED] - matchP = foundStr.indexOf("%"): null

27-02-2025T17:20:38 - [TEST_STEP][PASSED] - if (matchP >= 0): null

27-02-2025T17:20:38 - [TEST_STEP][PASSED] - println(matchP): null

27-02-2025T17:20:38 - [TEST_STEP][PASSED] - pct = foundStr.substring(matchP + 1, matchP + 6): null

27-02-2025T17:20:38 - [TEST_STEP][PASSED] - pctF = pct.toFloat(): null

27-02-2025T17:20:38 - [TEST_STEP][PASSED] - outText = "+++ Tooltip match value for " + myKey + " is " + pctF + "%": null

27-02-2025T17:20:38 - [TEST_STEP][PASSED] - min = 80: null

27-02-2025T17:20:38 - [TEST_STEP][PASSED] - if (pctF.toFloat() < min.toFloat()): null

27-02-2025T17:20:38 - [TEST_STEP][PASSED] - if (myKey != "dummy"): null

27-02-2025T17:20:38 - [TEST_STEP][PASSED] - println(outText): null

27-02-2025T17:20:38 - [TEST_STEP][PASSED] - outFile.append(outText + "
"): null

27-02-2025T17:20:38 - [TEST_STEP][PASSED] - myKey = key: null

27-02-2025T17:20:38 - [TEST_STEP][PASSED] - myValue = value: null

27-02-2025T17:20:38 - [TEST_STEP][PASSED] - println("myKey is " + myKey): null

27-02-2025T17:20:38 - [TEST_STEP][PASSED] - println("myValue is " + myValue): null

27-02-2025T17:20:38 - [TEST_STEP][PASSED] - if (myKey != "dummy"): null

27-02-2025T17:20:38 - [TEST_STEP][PASSED] - tObj = testObjectFolder + myValue: null

27-02-2025T17:20:38 - [TEST_STEP][PASSED] - click(tObj): null

27-02-2025T17:20:38 - [TEST_STEP][PASSED] - scrollToObject(object): null

27-02-2025T17:20:38 - [TEST_STEP][PASSED] - println("Converting " + object + " to web element"): null

27-02-2025T17:20:38 - [TEST_STEP][PASSED] - element = findWebElement(findTestObject(object), 1): null

27-02-2025T17:20:38 - [TEST_STEP][PASSED] - loc = element.getLocation(): null

27-02-2025T17:20:38 - [TEST_STEP][PASSED] - x = loc.getX(): null

27-02-2025T17:20:38 - [TEST_STEP][PASSED] - if (x >= 560): null

27-02-2025T17:20:38 - [TEST_STEP][PASSED] - y = loc.getY(): null

27-02-2025T17:20:38 - [TEST_STEP][PASSED] - println("Y location is " + y): null

27-02-2025T17:20:38 - [TEST_STEP][PASSED] - top = getViewportTopPosition(): Current viewport's top (y) position is 49

27-02-2025T17:20:38 - [MESSAGE][PASSED] - Current viewport's top (y) position is 49

27-02-2025T17:20:38 - [TEST_STEP][PASSED] - println("Viewport top is " + top): null

27-02-2025T17:20:38 - [TEST_STEP][PASSED] - bottom = top + 600: null

27-02-2025T17:20:38 - [TEST_STEP][PASSED] - if (y - top < 150 || bottom - y < 10): Delayed 1 second(s)

27-02-2025T17:20:38 - [TEST_STEP][PASSED] - scrollToPosition(0, y - 170): Browser is scrolled to position x = 0, y = 549

27-02-2025T17:20:38 - [MESSAGE][PASSED] - Browser is scrolled to position x = 0, y = 549

27-02-2025T17:20:38 - [TEST_STEP][PASSED] - delay(1): Delayed 1 second(s)

27-02-2025T17:20:39 - [MESSAGE][PASSED] - Delayed 1 second(s)

27-02-2025T17:20:39 - [TEST_STEP][PASSED] - click(findTestObject(object)): null

27-02-2025T17:20:39 - [MESSAGE][PASSED] - Object: 'Object Repository/Education Candidate Profile/Tabs/Situation/img_Affiliated with a church_field-tooltip' is clicked on

27-02-2025T17:20:39 - [TEST_STEP][PASSED] - delay(1): Delayed 1 second(s)

27-02-2025T17:20:40 - [MESSAGE][PASSED] - Delayed 1 second(s)

27-02-2025T17:20:40 - [TEST_STEP][PASSED] - myImage = tooltipImagePath + myKey + ".png": null

27-02-2025T17:20:40 - [TEST_STEP][PASSED] - f = new java.io.File(myImage): null

27-02-2025T17:20:40 - [TEST_STEP][PASSED] - if (f.exists()): null

27-02-2025T17:20:40 - [TEST_STEP][PASSED] - println("Looking for " + myImage): null

27-02-2025T17:20:40 - [TEST_STEP][PASSED] - icn = Pattern(myImage).similar(0.10): null

27-02-2025T17:20:40 - [TEST_STEP][PASSED] - found = s.exists(icn): null

27-02-2025T17:20:40 - [TEST_STEP][PASSED] - println(found): null

27-02-2025T17:20:40 - [TEST_STEP][PASSED] - if (found != null): null

27-02-2025T17:20:40 - [TEST_STEP][PASSED] - foundStr = found.toString(): null

27-02-2025T17:20:40 - [TEST_STEP][PASSED] - matchP = foundStr.indexOf("%"): null

27-02-2025T17:20:40 - [TEST_STEP][PASSED] - if (matchP >= 0): null

27-02-2025T17:20:40 - [TEST_STEP][PASSED] - println(matchP): null

27-02-2025T17:20:40 - [TEST_STEP][PASSED] - pct = foundStr.substring(matchP + 1, matchP + 6): null

27-02-2025T17:20:40 - [TEST_STEP][PASSED] - pctF = pct.toFloat(): null

27-02-2025T17:20:40 - [TEST_STEP][PASSED] - outText = "+++ Tooltip match value for " + myKey + " is " + pctF + "%": null

27-02-2025T17:20:40 - [TEST_STEP][PASSED] - min = 80: null

27-02-2025T17:20:40 - [TEST_STEP][PASSED] - if (pctF.toFloat() < min.toFloat()): null

27-02-2025T17:20:40 - [TEST_STEP][PASSED] - if (myKey != "dummy"): null

27-02-2025T17:20:40 - [TEST_STEP][PASSED] - println(outText): null

27-02-2025T17:20:40 - [TEST_STEP][PASSED] - outFile.append(outText + "
"): null

27-02-2025T17:20:40 - [TEST_STEP][PASSED] - outText = "Verifying the tooltip text on the page is what was expected.
": null

27-02-2025T17:20:40 - [TEST_STEP][PASSED] - println(tooltipTextMap): null

27-02-2025T17:20:40 - [TEST_STEP][PASSED] - outFile.append(outText): null

27-02-2025T17:20:40 - [TEST_STEP][PASSED] - for (def it : tooltipText): null

27-02-2025T17:20:40 - [TEST_STEP][PASSED] - println(it): null

27-02-2025T17:20:40 - [TEST_STEP][PASSED] - myKey = key: null

27-02-2025T17:20:40 - [TEST_STEP][PASSED] - myText = value.replace(""", ""): null

27-02-2025T17:20:40 - [TEST_STEP][PASSED] - myText = myText.trim(): null

27-02-2025T17:20:40 - [TEST_STEP][PASSED] - println(myKey): null

27-02-2025T17:20:40 - [TEST_STEP][PASSED] - println(myText): null

27-02-2025T17:20:40 - [TEST_STEP][PASSED] - println(tooltipTextMap.get(myKey)): null

27-02-2025T17:20:40 - [TEST_STEP][PASSED] - actualText = get(myKey).replace(""", ""): null

27-02-2025T17:20:40 - [TEST_STEP][PASSED] - actualText = actualText.trim(): null

27-02-2025T17:20:40 - [TEST_STEP][PASSED] - println(myKey + ":" + actualText): null

27-02-2025T17:20:40 - [TEST_STEP][PASSED] - if (actualText != myText): null

27-02-2025T17:20:40 - [TEST_STEP][PASSED] - println(it): null

27-02-2025T17:20:40 - [TEST_STEP][PASSED] - myKey = key: null

27-02-2025T17:20:40 - [TEST_STEP][PASSED] - myText = value.replace(""", ""): null

27-02-2025T17:20:40 - [TEST_STEP][PASSED] - myText = myText.trim(): null

27-02-2025T17:20:40 - [TEST_STEP][PASSED] - println(myKey): null

27-02-2025T17:20:40 - [TEST_STEP][PASSED] - println(myText): null

27-02-2025T17:20:40 - [TEST_STEP][PASSED] - println(tooltipTextMap.get(myKey)): null

27-02-2025T17:20:40 - [TEST_STEP][PASSED] - actualText = get(myKey).replace(""", ""): null

27-02-2025T17:20:40 - [TEST_STEP][PASSED] - actualText = actualText.trim(): null

27-02-2025T17:20:40 - [TEST_STEP][PASSED] - println(myKey + ":" + actualText): null

27-02-2025T17:20:40 - [TEST_STEP][PASSED] - if (actualText != myText): null

27-02-2025T17:20:40 - [MESSAGE][PASSED] - Call Test Case 'Test Cases/_Functions/Test Tooltips' successfully

27-02-2025T17:20:40 - [TEST_STEP][PASSED] - outText = "Verifying the required field messages.
": null

27-02-2025T17:20:40 - [TEST_STEP][PASSED] - outFile.append(outText): null

27-02-2025T17:20:40 - [TEST_STEP][PASSED] - fieldList = []: null

27-02-2025T17:20:40 - [TEST_STEP][PASSED] - requiredFieldMsgs.each({ -> ... }): null

27-02-2025T17:20:40 - [TEST_STEP][PASSED] - callTestCase(findTestCase("_Functions/Test Field Error Messages"), ["varFieldList":fieldList, "varRequiredFieldMsgs":requiredFieldMsgs], STOP_ON_FAILURE): Call Test Case 'Test Cases/_Functions/Test Field Error Messages' successfully

27-02-2025T17:20:40 - [TEST_CASE][PASSED] - Test Cases/_Functions/Test Field Error Messages: Test Cases/_Functions/Test Field Error Messages

27-02-2025T17:20:40 - [TEST_STEP][PASSED] - count = callTestCase(findTestCase("_Functions/Find error messages"), ["varFunction":"count"], STOP_ON_FAILURE): Call Test Case 'Test Cases/_Functions/Find error messages' successfully

27-02-2025T17:20:40 - [TEST_CASE][PASSED] - Test Cases/_Functions/Find error messages: Test Cases/_Functions/Find error messages

27-02-2025T17:20:40 - [TEST_STEP][PASSED] - function = "count": null

27-02-2025T17:20:40 - [TEST_STEP][PASSED] - if (binding.hasVariable("varFunction")): null

27-02-2025T17:20:40 - [TEST_STEP][PASSED] - function = varFunction: null

27-02-2025T17:20:40 - [TEST_STEP][PASSED] - title = getWindowTitle(): Current window's title is: 'Education'

27-02-2025T17:20:40 - [MESSAGE][PASSED] - Current window's title is: 'Education'

27-02-2025T17:20:40 - [TEST_STEP][PASSED] - println("Page title is " + title): null

27-02-2025T17:20:40 - [TEST_STEP][PASSED] - driver = getWebDriver(): null

27-02-2025T17:20:40 - [TEST_STEP][PASSED] - elements = driver.findElements(By.xpath("//div[@class='col-sm-offset-3 col-sm-9 text-danger']")): null

27-02-2025T17:20:40 - [TEST_STEP][PASSED] - if (function == "count"): null

27-02-2025T17:20:40 - [TEST_STEP][PASSED] - return elements.size(): null

27-02-2025T17:20:40 - [MESSAGE][PASSED] - Call Test Case 'Test Cases/_Functions/Find error messages' successfully

27-02-2025T17:20:40 - [TEST_STEP][PASSED] - outFile = outFile: null

27-02-2025T17:20:40 - [TEST_STEP][PASSED] - if (count == 0): null

27-02-2025T17:20:40 - [TEST_STEP][PASSED] - else: Delayed 0 second(s)

27-02-2025T17:20:40 - [TEST_STEP][PASSED] - fieldList = varFieldList: null

27-02-2025T17:20:40 - [TEST_STEP][PASSED] - requiredFieldMsgs = varRequiredFieldMsgs: null

27-02-2025T17:20:40 - [TEST_STEP][PASSED] - outText = "Verifying error messages for fields " + fieldList: null

27-02-2025T17:20:40 - [TEST_STEP][PASSED] - for (def field : fieldList): null

27-02-2025T17:20:40 - [TEST_STEP][PASSED] - delay(fieldTestDelay): Delayed 0 second(s)

27-02-2025T17:20:40 - [MESSAGE][PASSED] - Delayed 0 second(s)

27-02-2025T17:20:40 - [MESSAGE][PASSED] - Call Test Case 'Test Cases/_Functions/Test Field Error Messages' successfully

27-02-2025T17:20:40 - [TEST_STEP][PASSED] - if (varPerspectives != null): Call Test Case 'Test Cases/_Functions/Perform Action' successfully

27-02-2025T17:20:40 - [TEST_STEP][PASSED] - object = "Object Repository/Education Candidate Profile/Tabs/Situation/select_Perspectives": null

27-02-2025T17:20:40 - [TEST_STEP][PASSED] - callTestCase(findTestCase("_Functions/Perform Action"), ["varAction":"selectOptionByValue", "varObject":object, "varParm1":varPerspectives], STOP_ON_FAILURE): Call Test Case 'Test Cases/_Functions/Perform Action' successfully

27-02-2025T17:20:41 - [TEST_CASE][PASSED] - Test Cases/_Functions/Perform Action: Test Cases/_Functions/Perform Action

27-02-2025T17:20:41 - [TEST_STEP][PASSED] - action = varAction: null

27-02-2025T17:20:41 - [TEST_STEP][PASSED] - println(action): null

27-02-2025T17:20:41 - [TEST_STEP][PASSED] - testObject = varObject: null

27-02-2025T17:20:41 - [TEST_STEP][PASSED] - println(testObject): null

27-02-2025T17:20:41 - [TEST_STEP][PASSED] - parm1 = varParm1: null

27-02-2025T17:20:41 - [TEST_STEP][PASSED] - println(parm1): null

27-02-2025T17:20:41 - [TEST_STEP][PASSED] - println("Converting " + testObject + " to web element"): null

27-02-2025T17:20:41 - [TEST_STEP][PASSED] - element = findWebElement(findTestObject(testObject), 1): null

27-02-2025T17:20:41 - [TEST_STEP][PASSED] - loc = element.getLocation(): null

27-02-2025T17:20:41 - [TEST_STEP][PASSED] - y = loc.getY(): null

27-02-2025T17:20:41 - [TEST_STEP][PASSED] - println("Y location is " + y): null

27-02-2025T17:20:41 - [TEST_STEP][PASSED] - top = getViewportTopPosition(): Current viewport's top (y) position is 549

27-02-2025T17:20:41 - [MESSAGE][PASSED] - Current viewport's top (y) position is 549

27-02-2025T17:20:41 - [TEST_STEP][PASSED] - println("Viewport top is " + top): null

27-02-2025T17:20:41 - [TEST_STEP][PASSED] - bottom = top + 600: null

27-02-2025T17:20:41 - [TEST_STEP][PASSED] - if (y - top < 150 || bottom - y < 10): Delayed 1 second(s)

27-02-2025T17:20:41 - [TEST_STEP][PASSED] - scrollToPosition(0, y - 150): Browser is scrolled to position x = 0, y = 346

27-02-2025T17:20:41 - [MESSAGE][PASSED] - Browser is scrolled to position x = 0, y = 346

27-02-2025T17:20:41 - [TEST_STEP][PASSED] - delay(1): Delayed 1 second(s)

27-02-2025T17:20:42 - [MESSAGE][PASSED] - Delayed 1 second(s)

27-02-2025T17:20:42 - [TEST_STEP][PASSED] - if (action == "click"): null

27-02-2025T17:20:42 - [TEST_STEP][PASSED] - else if (action == "selectOptionByValue"): All options with value 'I am planning to take the Perspectives Course' are selected in object 'Object Repository/Education Candidate Profile/Tabs/Situation/select_Perspectives' 

27-02-2025T17:20:42 - [TEST_STEP][PASSED] - println("Selecting " + parm1): null

27-02-2025T17:20:42 - [TEST_STEP][PASSED] - selectOptionByValue(findTestObject(testObject), parm1, false): All options with value 'I am planning to take the Perspectives Course' are selected in object 'Object Repository/Education Candidate Profile/Tabs/Situation/select_Perspectives' 

27-02-2025T17:20:42 - [MESSAGE][PASSED] - All options with value 'I am planning to take the Perspectives Course' are selected in object 'Object Repository/Education Candidate Profile/Tabs/Situation/select_Perspectives' 

27-02-2025T17:20:42 - [MESSAGE][PASSED] - Call Test Case 'Test Cases/_Functions/Perform Action' successfully

27-02-2025T17:20:42 - [TEST_STEP][PASSED] - if (varDescribe_training != null): Call Test Case 'Test Cases/_Functions/Perform Action' successfully

27-02-2025T17:20:42 - [TEST_STEP][PASSED] - object = "Object Repository/Education Candidate Profile/Tabs/Situation/textarea_Describe Bible Training": null

27-02-2025T17:20:42 - [TEST_STEP][PASSED] - callTestCase(findTestCase("_Functions/Perform Action"), ["varAction":"setText", "varObject":object, "varParm1":varDescribe_training], STOP_ON_FAILURE): Call Test Case 'Test Cases/_Functions/Perform Action' successfully

27-02-2025T17:20:42 - [TEST_CASE][PASSED] - Test Cases/_Functions/Perform Action: Test Cases/_Functions/Perform Action

27-02-2025T17:20:42 - [TEST_STEP][PASSED] - action = varAction: null

27-02-2025T17:20:42 - [TEST_STEP][PASSED] - println(action): null

27-02-2025T17:20:42 - [TEST_STEP][PASSED] - testObject = varObject: null

27-02-2025T17:20:42 - [TEST_STEP][PASSED] - println(testObject): null

27-02-2025T17:20:42 - [TEST_STEP][PASSED] - parm1 = varParm1: null

27-02-2025T17:20:42 - [TEST_STEP][PASSED] - println(parm1): null

27-02-2025T17:20:42 - [TEST_STEP][PASSED] - println("Converting " + testObject + " to web element"): null

27-02-2025T17:20:42 - [TEST_STEP][PASSED] - element = findWebElement(findTestObject(testObject), 1): null

27-02-2025T17:20:42 - [TEST_STEP][PASSED] - loc = element.getLocation(): null

27-02-2025T17:20:42 - [TEST_STEP][PASSED] - y = loc.getY(): null

27-02-2025T17:20:42 - [TEST_STEP][PASSED] - println("Y location is " + y): null

27-02-2025T17:20:42 - [TEST_STEP][PASSED] - top = getViewportTopPosition(): Current viewport's top (y) position is 346

27-02-2025T17:20:42 - [MESSAGE][PASSED] - Current viewport's top (y) position is 346

27-02-2025T17:20:42 - [TEST_STEP][PASSED] - println("Viewport top is " + top): null

27-02-2025T17:20:42 - [TEST_STEP][PASSED] - bottom = top + 600: null

27-02-2025T17:20:42 - [TEST_STEP][PASSED] - if (y - top < 150 || bottom - y < 10): null

27-02-2025T17:20:42 - [TEST_STEP][PASSED] - if (action == "click"): null

27-02-2025T17:20:42 - [TEST_STEP][PASSED] - else if (action == "selectOptionByValue"): null

27-02-2025T17:20:42 - [TEST_STEP][PASSED] - else if (action == "setText"): Text 'I audited some classes at Crown College' is set on object 'Object Repository/Education Candidate Profile/Tabs/Situation/textarea_Describe Bible Training'

27-02-2025T17:20:42 - [TEST_STEP][PASSED] - println("Setting text " + parm1): null

27-02-2025T17:20:42 - [TEST_STEP][PASSED] - setText(findTestObject(testObject), parm1): Text 'I audited some classes at Crown College' is set on object 'Object Repository/Education Candidate Profile/Tabs/Situation/textarea_Describe Bible Training'

27-02-2025T17:20:42 - [MESSAGE][PASSED] - Text 'I audited some classes at Crown College' is set on object 'Object Repository/Education Candidate Profile/Tabs/Situation/textarea_Describe Bible Training'

27-02-2025T17:20:42 - [MESSAGE][PASSED] - Call Test Case 'Test Cases/_Functions/Perform Action' successfully

27-02-2025T17:20:42 - [TEST_STEP][PASSED] - if (varChurch_name != null): Call Test Case 'Test Cases/_Functions/Perform Action' successfully

27-02-2025T17:20:42 - [TEST_STEP][PASSED] - object = "Object Repository/Education Candidate Profile/Tabs/Situation/input_Church Name": null

27-02-2025T17:20:42 - [TEST_STEP][PASSED] - callTestCase(findTestCase("_Functions/Perform Action"), ["varAction":"setText", "varObject":object, "varParm1":varChurch_name], STOP_ON_FAILURE): Call Test Case 'Test Cases/_Functions/Perform Action' successfully

27-02-2025T17:20:42 - [TEST_CASE][PASSED] - Test Cases/_Functions/Perform Action: Test Cases/_Functions/Perform Action

27-02-2025T17:20:42 - [TEST_STEP][PASSED] - action = varAction: null

27-02-2025T17:20:42 - [TEST_STEP][PASSED] - println(action): null

27-02-2025T17:20:42 - [TEST_STEP][PASSED] - testObject = varObject: null

27-02-2025T17:20:42 - [TEST_STEP][PASSED] - println(testObject): null

27-02-2025T17:20:42 - [TEST_STEP][PASSED] - parm1 = varParm1: null

27-02-2025T17:20:42 - [TEST_STEP][PASSED] - println(parm1): null

27-02-2025T17:20:42 - [TEST_STEP][PASSED] - println("Converting " + testObject + " to web element"): null

27-02-2025T17:20:42 - [TEST_STEP][PASSED] - element = findWebElement(findTestObject(testObject), 1): null

27-02-2025T17:20:42 - [TEST_STEP][PASSED] - loc = element.getLocation(): null

27-02-2025T17:20:42 - [TEST_STEP][PASSED] - y = loc.getY(): null

27-02-2025T17:20:42 - [TEST_STEP][PASSED] - println("Y location is " + y): null

27-02-2025T17:20:42 - [TEST_STEP][PASSED] - top = getViewportTopPosition(): Current viewport's top (y) position is 346

27-02-2025T17:20:42 - [MESSAGE][PASSED] - Current viewport's top (y) position is 346

27-02-2025T17:20:42 - [TEST_STEP][PASSED] - println("Viewport top is " + top): null

27-02-2025T17:20:42 - [TEST_STEP][PASSED] - bottom = top + 600: null

27-02-2025T17:20:42 - [TEST_STEP][PASSED] - if (y - top < 150 || bottom - y < 10): null

27-02-2025T17:20:42 - [TEST_STEP][PASSED] - if (action == "click"): null

27-02-2025T17:20:42 - [TEST_STEP][PASSED] - else if (action == "selectOptionByValue"): null

27-02-2025T17:20:42 - [TEST_STEP][PASSED] - else if (action == "setText"): Text 'Parkside Church of the C&MA' is set on object 'Object Repository/Education Candidate Profile/Tabs/Situation/input_Church Name'

27-02-2025T17:20:42 - [TEST_STEP][PASSED] - println("Setting text " + parm1): null

27-02-2025T17:20:42 - [TEST_STEP][PASSED] - setText(findTestObject(testObject), parm1): Text 'Parkside Church of the C&MA' is set on object 'Object Repository/Education Candidate Profile/Tabs/Situation/input_Church Name'

27-02-2025T17:20:42 - [MESSAGE][PASSED] - Text 'Parkside Church of the C&MA' is set on object 'Object Repository/Education Candidate Profile/Tabs/Situation/input_Church Name'

27-02-2025T17:20:42 - [MESSAGE][PASSED] - Call Test Case 'Test Cases/_Functions/Perform Action' successfully

27-02-2025T17:20:42 - [TEST_STEP][PASSED] - if (varChurch_involvement != null): Call Test Case 'Test Cases/_Functions/Perform Action' successfully

27-02-2025T17:20:42 - [TEST_STEP][PASSED] - object = "Object Repository/Education Candidate Profile/Tabs/Situation/select_Church Involvement": null

27-02-2025T17:20:42 - [TEST_STEP][PASSED] - callTestCase(findTestCase("_Functions/Perform Action"), ["varAction":"selectOptionByValue", "varObject":object, "varParm1":varChurch_involvement], STOP_ON_FAILURE): Call Test Case 'Test Cases/_Functions/Perform Action' successfully

27-02-2025T17:20:42 - [TEST_CASE][PASSED] - Test Cases/_Functions/Perform Action: Test Cases/_Functions/Perform Action

27-02-2025T17:20:42 - [TEST_STEP][PASSED] - action = varAction: null

27-02-2025T17:20:42 - [TEST_STEP][PASSED] - println(action): null

27-02-2025T17:20:42 - [TEST_STEP][PASSED] - testObject = varObject: null

27-02-2025T17:20:42 - [TEST_STEP][PASSED] - println(testObject): null

27-02-2025T17:20:42 - [TEST_STEP][PASSED] - parm1 = varParm1: null

27-02-2025T17:20:42 - [TEST_STEP][PASSED] - println(parm1): null

27-02-2025T17:20:42 - [TEST_STEP][PASSED] - println("Converting " + testObject + " to web element"): null

27-02-2025T17:20:42 - [TEST_STEP][PASSED] - element = findWebElement(findTestObject(testObject), 1): null

27-02-2025T17:20:42 - [TEST_STEP][PASSED] - loc = element.getLocation(): null

27-02-2025T17:20:42 - [TEST_STEP][PASSED] - y = loc.getY(): null

27-02-2025T17:20:42 - [TEST_STEP][PASSED] - println("Y location is " + y): null

27-02-2025T17:20:42 - [TEST_STEP][PASSED] - top = getViewportTopPosition(): Current viewport's top (y) position is 346

27-02-2025T17:20:42 - [MESSAGE][PASSED] - Current viewport's top (y) position is 346

27-02-2025T17:20:42 - [TEST_STEP][PASSED] - println("Viewport top is " + top): null

27-02-2025T17:20:42 - [TEST_STEP][PASSED] - bottom = top + 600: null

27-02-2025T17:20:42 - [TEST_STEP][PASSED] - if (y - top < 150 || bottom - y < 10): null

27-02-2025T17:20:42 - [TEST_STEP][PASSED] - if (action == "click"): null

27-02-2025T17:20:42 - [TEST_STEP][PASSED] - else if (action == "selectOptionByValue"): All options with value 'I am serving in my local church' are selected in object 'Object Repository/Education Candidate Profile/Tabs/Situation/select_Church Involvement' 

27-02-2025T17:20:42 - [TEST_STEP][PASSED] - println("Selecting " + parm1): null

27-02-2025T17:20:42 - [TEST_STEP][PASSED] - selectOptionByValue(findTestObject(testObject), parm1, false): All options with value 'I am serving in my local church' are selected in object 'Object Repository/Education Candidate Profile/Tabs/Situation/select_Church Involvement' 

27-02-2025T17:20:42 - [MESSAGE][PASSED] - All options with value 'I am serving in my local church' are selected in object 'Object Repository/Education Candidate Profile/Tabs/Situation/select_Church Involvement' 

27-02-2025T17:20:42 - [MESSAGE][PASSED] - Call Test Case 'Test Cases/_Functions/Perform Action' successfully

27-02-2025T17:20:42 - [TEST_STEP][PASSED] - callTestCase(findTestCase("_Functions/Click on Group Elements"), ["varXpaths":xpaths, "varParms":parms], STOP_ON_FAILURE): Call Test Case 'Test Cases/_Functions/Click on Group Elements' successfully

27-02-2025T17:20:42 - [TEST_CASE][PASSED] - Test Cases/_Functions/Click on Group Elements: Test Cases/_Functions/Click on Group Elements

27-02-2025T17:20:42 - [TEST_STEP][PASSED] - debug = false: null

27-02-2025T17:20:42 - [TEST_STEP][PASSED] - toggle = true: null

27-02-2025T17:20:42 - [TEST_STEP][PASSED] - frame = new javax.swing.JFrame(): null

27-02-2025T17:20:42 - [TEST_STEP][PASSED] - p = new javax.swing.JPanel(): null

27-02-2025T17:20:42 - [TEST_STEP][PASSED] - l = new javax.swing.JLabel(Making user selections..., javax.swing.SwingConstants.CENTER): null

27-02-2025T17:20:42 - [TEST_STEP][PASSED] - frame.add(l): null

27-02-2025T17:20:42 - [TEST_STEP][PASSED] - frame.setSize(300, 100): null

27-02-2025T17:20:42 - [TEST_STEP][PASSED] - frame.setLocation(600, 0): null

27-02-2025T17:20:42 - [TEST_STEP][PASSED] - frame.setAlwaysOnTop(true): null

27-02-2025T17:20:42 - [TEST_STEP][PASSED] - frame.show(): null

27-02-2025T17:20:42 - [TEST_STEP][PASSED] - driver = getWebDriver(): null

27-02-2025T17:20:42 - [TEST_STEP][PASSED] - println(varParms): null

27-02-2025T17:20:42 - [TEST_STEP][PASSED] - for ([i = 0, i < varXpaths.size(), (i++)]): null

27-02-2025T17:20:42 - [TEST_STEP][PASSED] - if (debug): null

27-02-2025T17:20:42 - [TEST_STEP][PASSED] - if (varParms[i].indexOf("Europe") >= 0): null

27-02-2025T17:20:42 - [TEST_STEP][PASSED] - elements = driver.findElements(By.xpath(varXpaths[i])): null

27-02-2025T17:20:42 - [TEST_STEP][PASSED] - element_count = elements.size(): null

27-02-2025T17:20:42 - [TEST_STEP][PASSED] - for (def element : elements): null

27-02-2025T17:20:42 - [TEST_STEP][PASSED] - myValue = element.getAttribute("value"): null

27-02-2025T17:20:42 - [TEST_STEP][PASSED] - if (debug): null

27-02-2025T17:20:42 - [TEST_STEP][PASSED] - if (myValue.length() >= 4): null

27-02-2025T17:20:42 - [TEST_STEP][PASSED] - if (myValue.substring(0, 4) == "(!) "): null

27-02-2025T17:20:42 - [TEST_STEP][PASSED] - myType = element.getAttribute("type"): null

27-02-2025T17:20:42 - [TEST_STEP][PASSED] - if (myValue in varParms[i]): null

27-02-2025T17:20:42 - [TEST_STEP][PASSED] - else: null

27-02-2025T17:20:42 - [TEST_STEP][PASSED] - inList = false: null

27-02-2025T17:20:42 - [TEST_STEP][PASSED] - if (myType == "checkbox"): null

27-02-2025T17:20:42 - [TEST_STEP][PASSED] - else: null

27-02-2025T17:20:42 - [TEST_STEP][PASSED] - if (inList): null

27-02-2025T17:20:42 - [TEST_STEP][PASSED] - myValue = element.getAttribute("value"): null

27-02-2025T17:20:42 - [TEST_STEP][PASSED] - if (debug): null

27-02-2025T17:20:42 - [TEST_STEP][PASSED] - if (myValue.length() >= 4): null

27-02-2025T17:20:42 - [TEST_STEP][PASSED] - if (myValue.substring(0, 4) == "(!) "): null

27-02-2025T17:20:42 - [TEST_STEP][PASSED] - myType = element.getAttribute("type"): null

27-02-2025T17:20:42 - [TEST_STEP][PASSED] - if (myValue in varParms[i]): null

27-02-2025T17:20:42 - [TEST_STEP][PASSED] - inList = true: null

27-02-2025T17:20:42 - [TEST_STEP][PASSED] - if (myType == "checkbox"): null

27-02-2025T17:20:42 - [TEST_STEP][PASSED] - else: null

27-02-2025T17:20:42 - [TEST_STEP][PASSED] - if (inList): null

27-02-2025T17:20:42 - [TEST_STEP][PASSED] - click(element): null

27-02-2025T17:20:42 - [TEST_STEP][PASSED] - scrollToObject(elem): null

27-02-2025T17:20:42 - [TEST_STEP][PASSED] - loc = element.getLocation(): null

27-02-2025T17:20:42 - [TEST_STEP][PASSED] - if (debug): null

27-02-2025T17:20:42 - [TEST_STEP][PASSED] - y = loc.getY(): null

27-02-2025T17:20:42 - [TEST_STEP][PASSED] - println("Y location is " + y): null

27-02-2025T17:20:42 - [TEST_STEP][PASSED] - top = getViewportTopPosition(): Current viewport's top (y) position is 346

27-02-2025T17:20:42 - [MESSAGE][PASSED] - Current viewport's top (y) position is 346

27-02-2025T17:20:42 - [TEST_STEP][PASSED] - println("Viewport top is " + top): null

27-02-2025T17:20:42 - [TEST_STEP][PASSED] - bottom = top + 600: null

27-02-2025T17:20:42 - [TEST_STEP][PASSED] - if (y - top < 150 || bottom - y < 10): Delayed 1 second(s)

27-02-2025T17:20:42 - [TEST_STEP][PASSED] - scrollToPosition(0, y - 150): Browser is scrolled to position x = 0, y = 299

27-02-2025T17:20:42 - [MESSAGE][PASSED] - Browser is scrolled to position x = 0, y = 299

27-02-2025T17:20:42 - [TEST_STEP][PASSED] - delay(1): Delayed 1 second(s)

27-02-2025T17:20:43 - [MESSAGE][PASSED] - Delayed 1 second(s)

27-02-2025T17:20:43 - [TEST_STEP][PASSED] - elem.click(): null

27-02-2025T17:20:43 - [TEST_STEP][PASSED] - myValue = element.getAttribute("value"): null

27-02-2025T17:20:43 - [TEST_STEP][PASSED] - if (debug): null

27-02-2025T17:20:43 - [TEST_STEP][PASSED] - if (myValue.length() >= 4): null

27-02-2025T17:20:43 - [TEST_STEP][PASSED] - if (myValue.substring(0, 4) == "(!) "): null

27-02-2025T17:20:43 - [TEST_STEP][PASSED] - myType = element.getAttribute("type"): null

27-02-2025T17:20:43 - [TEST_STEP][PASSED] - if (myValue in varParms[i]): null

27-02-2025T17:20:43 - [TEST_STEP][PASSED] - else: null

27-02-2025T17:20:43 - [TEST_STEP][PASSED] - inList = false: null

27-02-2025T17:20:43 - [TEST_STEP][PASSED] - if (myType == "checkbox"): null

27-02-2025T17:20:43 - [TEST_STEP][PASSED] - else: null

27-02-2025T17:20:43 - [TEST_STEP][PASSED] - if (inList): null

27-02-2025T17:20:43 - [TEST_STEP][PASSED] - if (debug): null

27-02-2025T17:20:43 - [TEST_STEP][PASSED] - if (varParms[i].indexOf("Europe") >= 0): null

27-02-2025T17:20:43 - [TEST_STEP][PASSED] - elements = driver.findElements(By.xpath(varXpaths[i])): null

27-02-2025T17:20:43 - [TEST_STEP][PASSED] - element_count = elements.size(): null

27-02-2025T17:20:43 - [TEST_STEP][PASSED] - for (def element : elements): null

27-02-2025T17:20:43 - [TEST_STEP][PASSED] - myValue = element.getAttribute("value"): null

27-02-2025T17:20:43 - [TEST_STEP][PASSED] - if (debug): null

27-02-2025T17:20:43 - [TEST_STEP][PASSED] - if (myValue.length() >= 4): null

27-02-2025T17:20:43 - [TEST_STEP][PASSED] - if (myValue.substring(0, 4) == "(!) "): null

27-02-2025T17:20:43 - [TEST_STEP][PASSED] - myType = element.getAttribute("type"): null

27-02-2025T17:20:43 - [TEST_STEP][PASSED] - if (myValue in varParms[i]): null

27-02-2025T17:20:43 - [TEST_STEP][PASSED] - else: null

27-02-2025T17:20:43 - [TEST_STEP][PASSED] - inList = false: null

27-02-2025T17:20:43 - [TEST_STEP][PASSED] - if (myType == "checkbox"): null

27-02-2025T17:20:43 - [TEST_STEP][PASSED] - else: null

27-02-2025T17:20:43 - [TEST_STEP][PASSED] - if (inList): null

27-02-2025T17:20:43 - [TEST_STEP][PASSED] - myValue = element.getAttribute("value"): null

27-02-2025T17:20:43 - [TEST_STEP][PASSED] - if (debug): null

27-02-2025T17:20:43 - [TEST_STEP][PASSED] - if (myValue.length() >= 4): null

27-02-2025T17:20:43 - [TEST_STEP][PASSED] - if (myValue.substring(0, 4) == "(!) "): null

27-02-2025T17:20:43 - [TEST_STEP][PASSED] - myType = element.getAttribute("type"): null

27-02-2025T17:20:43 - [TEST_STEP][PASSED] - if (myValue in varParms[i]): null

27-02-2025T17:20:43 - [TEST_STEP][PASSED] - else: null

27-02-2025T17:20:43 - [TEST_STEP][PASSED] - inList = false: null

27-02-2025T17:20:43 - [TEST_STEP][PASSED] - if (myType == "checkbox"): null

27-02-2025T17:20:43 - [TEST_STEP][PASSED] - else: null

27-02-2025T17:20:43 - [TEST_STEP][PASSED] - if (inList): null

27-02-2025T17:20:43 - [TEST_STEP][PASSED] - myValue = element.getAttribute("value"): null

27-02-2025T17:20:43 - [TEST_STEP][PASSED] - if (debug): null

27-02-2025T17:20:43 - [TEST_STEP][PASSED] - if (myValue.length() >= 4): null

27-02-2025T17:20:43 - [TEST_STEP][PASSED] - if (myValue.substring(0, 4) == "(!) "): null

27-02-2025T17:20:43 - [TEST_STEP][PASSED] - myType = element.getAttribute("type"): null

27-02-2025T17:20:43 - [TEST_STEP][PASSED] - if (myValue in varParms[i]): null

27-02-2025T17:20:43 - [TEST_STEP][PASSED] - inList = true: null

27-02-2025T17:20:43 - [TEST_STEP][PASSED] - if (myType == "checkbox"): null

27-02-2025T17:20:43 - [TEST_STEP][PASSED] - else: null

27-02-2025T17:20:43 - [TEST_STEP][PASSED] - if (inList): null

27-02-2025T17:20:43 - [TEST_STEP][PASSED] - click(element): null

27-02-2025T17:20:43 - [TEST_STEP][PASSED] - scrollToObject(elem): null

27-02-2025T17:20:43 - [TEST_STEP][PASSED] - loc = element.getLocation(): null

27-02-2025T17:20:43 - [TEST_STEP][PASSED] - if (debug): null

27-02-2025T17:20:43 - [TEST_STEP][PASSED] - y = loc.getY(): null

27-02-2025T17:20:43 - [TEST_STEP][PASSED] - println("Y location is " + y): null

27-02-2025T17:20:43 - [TEST_STEP][PASSED] - top = getViewportTopPosition(): Current viewport's top (y) position is 299

27-02-2025T17:20:43 - [MESSAGE][PASSED] - Current viewport's top (y) position is 299

27-02-2025T17:20:43 - [TEST_STEP][PASSED] - println("Viewport top is " + top): null

27-02-2025T17:20:43 - [TEST_STEP][PASSED] - bottom = top + 600: null

27-02-2025T17:20:43 - [TEST_STEP][PASSED] - if (y - top < 150 || bottom - y < 10): null

27-02-2025T17:20:43 - [TEST_STEP][PASSED] - elem.click(): null

27-02-2025T17:20:43 - [TEST_STEP][PASSED] - myValue = element.getAttribute("value"): null

27-02-2025T17:20:43 - [TEST_STEP][PASSED] - if (debug): null

27-02-2025T17:20:43 - [TEST_STEP][PASSED] - if (myValue.length() >= 4): null

27-02-2025T17:20:43 - [TEST_STEP][PASSED] - if (myValue.substring(0, 4) == "(!) "): null

27-02-2025T17:20:43 - [TEST_STEP][PASSED] - myType = element.getAttribute("type"): null

27-02-2025T17:20:43 - [TEST_STEP][PASSED] - if (myValue in varParms[i]): null

27-02-2025T17:20:43 - [TEST_STEP][PASSED] - else: null

27-02-2025T17:20:43 - [TEST_STEP][PASSED] - inList = false: null

27-02-2025T17:20:43 - [TEST_STEP][PASSED] - if (myType == "checkbox"): null

27-02-2025T17:20:43 - [TEST_STEP][PASSED] - else: null

27-02-2025T17:20:43 - [TEST_STEP][PASSED] - if (inList): null

27-02-2025T17:20:43 - [TEST_STEP][PASSED] - myValue = element.getAttribute("value"): null

27-02-2025T17:20:43 - [TEST_STEP][PASSED] - if (debug): null

27-02-2025T17:20:43 - [TEST_STEP][PASSED] - if (myValue.length() >= 4): null

27-02-2025T17:20:43 - [TEST_STEP][PASSED] - if (myValue.substring(0, 4) == "(!) "): null

27-02-2025T17:20:43 - [TEST_STEP][PASSED] - myType = element.getAttribute("type"): null

27-02-2025T17:20:43 - [TEST_STEP][PASSED] - if (myValue in varParms[i]): null

27-02-2025T17:20:43 - [TEST_STEP][PASSED] - else: null

27-02-2025T17:20:43 - [TEST_STEP][PASSED] - inList = false: null

27-02-2025T17:20:43 - [TEST_STEP][PASSED] - if (myType == "checkbox"): null

27-02-2025T17:20:43 - [TEST_STEP][PASSED] - else: null

27-02-2025T17:20:43 - [TEST_STEP][PASSED] - if (inList): null

27-02-2025T17:20:43 - [TEST_STEP][PASSED] - if (debug): null

27-02-2025T17:20:43 - [TEST_STEP][PASSED] - if (varParms[i].indexOf("Europe") >= 0): null

27-02-2025T17:20:43 - [TEST_STEP][PASSED] - elements = driver.findElements(By.xpath(varXpaths[i])): null

27-02-2025T17:20:43 - [TEST_STEP][PASSED] - element_count = elements.size(): null

27-02-2025T17:20:43 - [TEST_STEP][PASSED] - for (def element : elements): null

27-02-2025T17:20:43 - [TEST_STEP][PASSED] - myValue = element.getAttribute("value"): null

27-02-2025T17:20:43 - [TEST_STEP][PASSED] - if (debug): null

27-02-2025T17:20:43 - [TEST_STEP][PASSED] - if (myValue.length() >= 4): null

27-02-2025T17:20:43 - [TEST_STEP][PASSED] - myType = element.getAttribute("type"): null

27-02-2025T17:20:43 - [TEST_STEP][PASSED] - if (myValue in varParms[i]): null

27-02-2025T17:20:43 - [TEST_STEP][PASSED] - inList = true: null

27-02-2025T17:20:43 - [TEST_STEP][PASSED] - if (myType == "checkbox"): null

27-02-2025T17:20:43 - [TEST_STEP][PASSED] - else: null

27-02-2025T17:20:43 - [TEST_STEP][PASSED] - if (inList): null

27-02-2025T17:20:43 - [TEST_STEP][PASSED] - click(element): null

27-02-2025T17:20:43 - [TEST_STEP][PASSED] - scrollToObject(elem): null

27-02-2025T17:20:43 - [TEST_STEP][PASSED] - loc = element.getLocation(): null

27-02-2025T17:20:43 - [TEST_STEP][PASSED] - if (debug): null

27-02-2025T17:20:43 - [TEST_STEP][PASSED] - y = loc.getY(): null

27-02-2025T17:20:43 - [TEST_STEP][PASSED] - println("Y location is " + y): null

27-02-2025T17:20:43 - [TEST_STEP][PASSED] - top = getViewportTopPosition(): Current viewport's top (y) position is 299

27-02-2025T17:20:43 - [MESSAGE][PASSED] - Current viewport's top (y) position is 299

27-02-2025T17:20:43 - [TEST_STEP][PASSED] - println("Viewport top is " + top): null

27-02-2025T17:20:43 - [TEST_STEP][PASSED] - bottom = top + 600: null

27-02-2025T17:20:43 - [TEST_STEP][PASSED] - if (y - top < 150 || bottom - y < 10): null

27-02-2025T17:20:43 - [TEST_STEP][PASSED] - elem.click(): null

27-02-2025T17:20:43 - [TEST_STEP][PASSED] - myValue = element.getAttribute("value"): null

27-02-2025T17:20:43 - [TEST_STEP][PASSED] - if (debug): null

27-02-2025T17:20:43 - [TEST_STEP][PASSED] - if (myValue.length() >= 4): null

27-02-2025T17:20:43 - [TEST_STEP][PASSED] - myType = element.getAttribute("type"): null

27-02-2025T17:20:43 - [TEST_STEP][PASSED] - if (myValue in varParms[i]): null

27-02-2025T17:20:43 - [TEST_STEP][PASSED] - else: null

27-02-2025T17:20:43 - [TEST_STEP][PASSED] - inList = false: null

27-02-2025T17:20:43 - [TEST_STEP][PASSED] - if (myType == "checkbox"): null

27-02-2025T17:20:43 - [TEST_STEP][PASSED] - else: null

27-02-2025T17:20:43 - [TEST_STEP][PASSED] - if (inList): null

27-02-2025T17:20:43 - [TEST_STEP][PASSED] - if (debug): null

27-02-2025T17:20:43 - [TEST_STEP][PASSED] - if (varParms[i].indexOf("Europe") >= 0): null

27-02-2025T17:20:43 - [TEST_STEP][PASSED] - elements = driver.findElements(By.xpath(varXpaths[i])): null

27-02-2025T17:20:43 - [TEST_STEP][PASSED] - element_count = elements.size(): null

27-02-2025T17:20:43 - [TEST_STEP][PASSED] - for (def element : elements): null

27-02-2025T17:20:43 - [TEST_STEP][PASSED] - myValue = element.getAttribute("value"): null

27-02-2025T17:20:43 - [TEST_STEP][PASSED] - if (debug): null

27-02-2025T17:20:43 - [TEST_STEP][PASSED] - if (myValue.length() >= 4): null

27-02-2025T17:20:43 - [TEST_STEP][PASSED] - if (myValue.substring(0, 4) == "(!) "): null

27-02-2025T17:20:43 - [TEST_STEP][PASSED] - myType = element.getAttribute("type"): null

27-02-2025T17:20:43 - [TEST_STEP][PASSED] - if (myValue in varParms[i]): null

27-02-2025T17:20:43 - [TEST_STEP][PASSED] - else: null

27-02-2025T17:20:43 - [TEST_STEP][PASSED] - inList = false: null

27-02-2025T17:20:43 - [TEST_STEP][PASSED] - if (myType == "checkbox"): null

27-02-2025T17:20:43 - [TEST_STEP][PASSED] - else: null

27-02-2025T17:20:43 - [TEST_STEP][PASSED] - if (inList): null

27-02-2025T17:20:43 - [TEST_STEP][PASSED] - myValue = element.getAttribute("value"): null

27-02-2025T17:20:43 - [TEST_STEP][PASSED] - if (debug): null

27-02-2025T17:20:43 - [TEST_STEP][PASSED] - if (myValue.length() >= 4): null

27-02-2025T17:20:43 - [TEST_STEP][PASSED] - if (myValue.substring(0, 4) == "(!) "): null

27-02-2025T17:20:43 - [TEST_STEP][PASSED] - myType = element.getAttribute("type"): null

27-02-2025T17:20:43 - [TEST_STEP][PASSED] - if (myValue in varParms[i]): null

27-02-2025T17:20:43 - [TEST_STEP][PASSED] - inList = true: null

27-02-2025T17:20:43 - [TEST_STEP][PASSED] - if (myType == "checkbox"): null

27-02-2025T17:20:43 - [TEST_STEP][PASSED] - else: null

27-02-2025T17:20:43 - [TEST_STEP][PASSED] - if (inList): null

27-02-2025T17:20:43 - [TEST_STEP][PASSED] - click(element): null

27-02-2025T17:20:43 - [TEST_STEP][PASSED] - scrollToObject(elem): null

27-02-2025T17:20:43 - [TEST_STEP][PASSED] - loc = element.getLocation(): null

27-02-2025T17:20:43 - [TEST_STEP][PASSED] - if (debug): null

27-02-2025T17:20:43 - [TEST_STEP][PASSED] - y = loc.getY(): null

27-02-2025T17:20:43 - [TEST_STEP][PASSED] - println("Y location is " + y): null

27-02-2025T17:20:43 - [TEST_STEP][PASSED] - top = getViewportTopPosition(): Current viewport's top (y) position is 299

27-02-2025T17:20:43 - [MESSAGE][PASSED] - Current viewport's top (y) position is 299

27-02-2025T17:20:43 - [TEST_STEP][PASSED] - println("Viewport top is " + top): null

27-02-2025T17:20:43 - [TEST_STEP][PASSED] - bottom = top + 600: null

27-02-2025T17:20:43 - [TEST_STEP][PASSED] - if (y - top < 150 || bottom - y < 10): Delayed 1 second(s)

27-02-2025T17:20:43 - [TEST_STEP][PASSED] - scrollToPosition(0, y - 150): Browser is scrolled to position x = 0, y = 743

27-02-2025T17:20:43 - [MESSAGE][PASSED] - Browser is scrolled to position x = 0, y = 743

27-02-2025T17:20:43 - [TEST_STEP][PASSED] - delay(1): Delayed 1 second(s)

27-02-2025T17:20:44 - [MESSAGE][PASSED] - Delayed 1 second(s)

27-02-2025T17:20:44 - [TEST_STEP][PASSED] - elem.click(): null

27-02-2025T17:20:44 - [TEST_STEP][PASSED] - myValue = element.getAttribute("value"): null

27-02-2025T17:20:44 - [TEST_STEP][PASSED] - if (debug): null

27-02-2025T17:20:44 - [TEST_STEP][PASSED] - if (myValue.length() >= 4): null

27-02-2025T17:20:44 - [TEST_STEP][PASSED] - if (myValue.substring(0, 4) == "(!) "): null

27-02-2025T17:20:44 - [TEST_STEP][PASSED] - myType = element.getAttribute("type"): null

27-02-2025T17:20:44 - [TEST_STEP][PASSED] - if (myValue in varParms[i]): null

27-02-2025T17:20:44 - [TEST_STEP][PASSED] - else: null

27-02-2025T17:20:44 - [TEST_STEP][PASSED] - inList = false: null

27-02-2025T17:20:44 - [TEST_STEP][PASSED] - if (myType == "checkbox"): null

27-02-2025T17:20:44 - [TEST_STEP][PASSED] - else: null

27-02-2025T17:20:44 - [TEST_STEP][PASSED] - if (inList): null

27-02-2025T17:20:44 - [TEST_STEP][PASSED] - frame.dispose(): null

27-02-2025T17:20:44 - [MESSAGE][PASSED] - Call Test Case 'Test Cases/_Functions/Click on Group Elements' successfully

27-02-2025T17:20:44 - [TEST_STEP][PASSED] - object = "Education Candidate Profile/Tabs/Situation/btn_Complete Submit": null

27-02-2025T17:20:44 - [TEST_STEP][PASSED] - callTestCase(findTestCase("_Functions/Perform Action"), ["varAction":"click", "varObject":object], STOP_ON_FAILURE): Call Test Case 'Test Cases/_Functions/Perform Action' successfully

27-02-2025T17:20:44 - [TEST_CASE][PASSED] - Test Cases/_Functions/Perform Action: Test Cases/_Functions/Perform Action

27-02-2025T17:20:44 - [TEST_STEP][PASSED] - action = varAction: null

27-02-2025T17:20:44 - [TEST_STEP][PASSED] - println(action): null

27-02-2025T17:20:44 - [TEST_STEP][PASSED] - testObject = varObject: null

27-02-2025T17:20:44 - [TEST_STEP][PASSED] - println(testObject): null

27-02-2025T17:20:44 - [TEST_STEP][PASSED] - parm1 = varParm1: null

27-02-2025T17:20:44 - [TEST_STEP][PASSED] - println(parm1): null

27-02-2025T17:20:44 - [TEST_STEP][PASSED] - println("Converting " + testObject + " to web element"): null

27-02-2025T17:20:44 - [TEST_STEP][PASSED] - element = findWebElement(findTestObject(testObject), 1): null

27-02-2025T17:20:44 - [TEST_STEP][PASSED] - loc = element.getLocation(): null

27-02-2025T17:20:44 - [TEST_STEP][PASSED] - y = loc.getY(): null

27-02-2025T17:20:44 - [TEST_STEP][PASSED] - println("Y location is " + y): null

27-02-2025T17:20:44 - [TEST_STEP][PASSED] - top = getViewportTopPosition(): Current viewport's top (y) position is 610

27-02-2025T17:20:44 - [MESSAGE][PASSED] - Current viewport's top (y) position is 610

27-02-2025T17:20:44 - [TEST_STEP][PASSED] - println("Viewport top is " + top): null

27-02-2025T17:20:44 - [TEST_STEP][PASSED] - bottom = top + 600: null

27-02-2025T17:20:44 - [TEST_STEP][PASSED] - if (y - top < 150 || bottom - y < 10): null

27-02-2025T17:20:44 - [TEST_STEP][PASSED] - if (action == "click"): Object: 'Object Repository/Education Candidate Profile/Tabs/Situation/btn_Complete Submit' is clicked on

27-02-2025T17:20:44 - [TEST_STEP][PASSED] - println("clicking"): null

27-02-2025T17:20:44 - [TEST_STEP][PASSED] - click(findTestObject(testObject)): Object: 'Object Repository/Education Candidate Profile/Tabs/Situation/btn_Complete Submit' is clicked on

27-02-2025T17:20:47 - [MESSAGE][PASSED] - Object: 'Object Repository/Education Candidate Profile/Tabs/Situation/btn_Complete Submit' is clicked on

27-02-2025T17:20:47 - [MESSAGE][PASSED] - Call Test Case 'Test Cases/_Functions/Perform Action' successfully

27-02-2025T17:20:47 - [MESSAGE][PASSED] - Call Test Case 'Test Cases/Education Candidate Profile/Tabs/Set Situation' successfully

27-02-2025T17:20:47 - [TEST_STEP][PASSED] - if (pages.size() == 0 || "All" in pages || "Availability" in pages): Call Test Case 'Test Cases/Education Candidate Profile/Tabs/Set Availability' successfully

27-02-2025T17:20:47 - [TEST_STEP][PASSED] - when_available = "In one to two years": null

27-02-2025T17:20:47 - [TEST_STEP][PASSED] - term_available = ["Spring Semester", "Fall Semester"]: null

27-02-2025T17:20:47 - [TEST_STEP][PASSED] - time_commitments = ["One year to two years", "Long Term"]: null

27-02-2025T17:20:47 - [TEST_STEP][PASSED] - relocation_options = "(!) Not sure": null

27-02-2025T17:20:47 - [TEST_STEP][PASSED] - callTestCase(findTestCase("Education Candidate Profile/Tabs/Set Availability"), ["varWhen_available":when_available, "varTerm_available":term_available, "varTime_commitments":time_commitments, "varRelocation_options":relocation_options], STOP_ON_FAILURE): Call Test Case 'Test Cases/Education Candidate Profile/Tabs/Set Availability' successfully

27-02-2025T17:20:47 - [TEST_CASE][PASSED] - Test Cases/Education Candidate Profile/Tabs/Set Availability: Test Cases/Education Candidate Profile/Tabs/Set Availability

27-02-2025T17:20:47 - [TEST_STEP][PASSED] - username = username: null

27-02-2025T17:20:47 - [TEST_STEP][PASSED] - if (username != "cktest04ec"): null

27-02-2025T17:20:47 - [TEST_STEP][PASSED] - testName = "Education Candidate Availability Tab": null

27-02-2025T17:20:47 - [TEST_STEP][PASSED] - outFile = callTestCase(findTestCase("_Functions/Set Output File"), ["varTestName":testName], STOP_ON_FAILURE): Call Test Case 'Test Cases/_Functions/Set Output File' successfully

27-02-2025T17:20:47 - [TEST_CASE][PASSED] - Test Cases/_Functions/Set Output File: Test Cases/_Functions/Set Output File

27-02-2025T17:20:47 - [TEST_STEP][PASSED] - testName = varTestName: null

27-02-2025T17:20:47 - [TEST_STEP][PASSED] - domain = domain: null

27-02-2025T17:20:47 - [TEST_STEP][PASSED] - writeFile = false: null

27-02-2025T17:20:47 - [TEST_STEP][PASSED] - if (outFile != ""): null

27-02-2025T17:20:47 - [TEST_STEP][PASSED] - myFile = outFile: null

27-02-2025T17:20:47 - [TEST_STEP][PASSED] - println(myFile): null

27-02-2025T17:20:47 - [TEST_STEP][PASSED] - outFile = new java.io.File(myFile): null

27-02-2025T17:20:47 - [TEST_STEP][PASSED] - writeFile = true: null

27-02-2025T17:20:47 - [TEST_STEP][PASSED] - if (!(writeFile)): null

27-02-2025T17:20:47 - [TEST_STEP][PASSED] - else: null

27-02-2025T17:20:47 - [TEST_STEP][PASSED] - outFile.append("
Testing " + testName + " on " + domain + ".
"): null

27-02-2025T17:20:47 - [TEST_STEP][PASSED] - return outFile: null

27-02-2025T17:20:47 - [MESSAGE][PASSED] - Call Test Case 'Test Cases/_Functions/Set Output File' successfully

27-02-2025T17:20:47 - [TEST_STEP][PASSED] - lastY = -100: null

27-02-2025T17:20:47 - [TEST_STEP][PASSED] - parms = [varTerm_available, varTime_commitments]: null

27-02-2025T17:20:47 - [TEST_STEP][PASSED] - term_available = "//input[@id='profile_group-1449971279.254_school_term_available']": null

27-02-2025T17:20:47 - [TEST_STEP][PASSED] - time_commitments = "//input[@id='profile_group-1449971279.254_time_commitment']": null

27-02-2025T17:20:47 - [TEST_STEP][PASSED] - xpaths = [term_available, time_commitments]: null

27-02-2025T17:20:47 - [TEST_STEP][PASSED] - tooltipImagePath = "/Users/cckozie/git/MissionNext-Katalon-Koz/images/education candidate/": null

27-02-2025T17:20:47 - [TEST_STEP][PASSED] - testObjectFolder = "Education Candidate Profile/Tabs/Availability/": null

27-02-2025T17:20:47 - [TEST_STEP][PASSED] - tooltips = ["dummy":"dummy", "Time Commitment(s)":"img_Time Commitment(s)_field-tooltip", "Relocation Option(s)":"img_Relocation Option(s)_field-tooltip"]: null

27-02-2025T17:20:47 - [TEST_STEP][PASSED] - tooltipText = ["Time Commitment(s)":"Check commitments you would consider.", "Relocation Option(s)":"This choice indicates to mission agencies your availability and flexibility."]: null

27-02-2025T17:20:47 - [TEST_STEP][PASSED] - requiredFieldMsgs = ["Time Commitment(s)":"The time commitment field is required."]: null

27-02-2025T17:20:47 - [TEST_STEP][PASSED] - click(findTestObject("Object Repository/Education Candidate Profile/Tabs/a_Availability")): Object: 'Object Repository/Education Candidate Profile/Tabs/a_Availability' is clicked on

27-02-2025T17:20:47 - [MESSAGE][PASSED] - Object: 'Object Repository/Education Candidate Profile/Tabs/a_Availability' is clicked on

27-02-2025T17:20:47 - [TEST_STEP][PASSED] - tooltipTextMap = callTestCase(findTestCase("_Functions/Get Screenshot and Tooltip Text"), ["varExtension":testName], STOP_ON_FAILURE): Call Test Case 'Test Cases/_Functions/Get Screenshot and Tooltip Text' successfully

27-02-2025T17:20:47 - [TEST_CASE][PASSED] - Test Cases/_Functions/Get Screenshot and Tooltip Text: Test Cases/_Functions/Get Screenshot and Tooltip Text

27-02-2025T17:20:47 - [TEST_STEP][PASSED] - if (fastPath): null

27-02-2025T17:20:47 - [TEST_STEP][PASSED] - frame = new javax.swing.JFrame(): null

27-02-2025T17:20:47 - [TEST_STEP][PASSED] - p = new javax.swing.JPanel(): null

27-02-2025T17:20:47 - [TEST_STEP][PASSED] - l = new javax.swing.JLabel(Getting screenshot and tooltip text..., javax.swing.SwingConstants.CENTER): null

27-02-2025T17:20:47 - [TEST_STEP][PASSED] - frame.add(l): null

27-02-2025T17:20:47 - [TEST_STEP][PASSED] - frame.setSize(300, 100): null

27-02-2025T17:20:47 - [TEST_STEP][PASSED] - frame.setLocation(600, 0): null

27-02-2025T17:20:47 - [TEST_STEP][PASSED] - frame.setAlwaysOnTop(true): null

27-02-2025T17:20:47 - [TEST_STEP][PASSED] - frame.show(): null

27-02-2025T17:20:47 - [TEST_STEP][PASSED] - driver = getWebDriver(): null

27-02-2025T17:20:47 - [TEST_STEP][PASSED] - path = "/Users/cckozie/Documents/MissionNext/Screenshots and Tooltip Text/": null

27-02-2025T17:20:47 - [TEST_STEP][PASSED] - if (binding.hasVariable("varExtension")): null

27-02-2025T17:20:47 - [TEST_STEP][PASSED] - extension = varExtension: null

27-02-2025T17:20:47 - [TEST_STEP][PASSED] - println("Extension is " + extension): null

27-02-2025T17:20:47 - [TEST_STEP][PASSED] - fileBase = path + extension: null

27-02-2025T17:20:47 - [TEST_STEP][PASSED] - fileImage = fileBase + "_Screenshot.png": null

27-02-2025T17:20:47 - [TEST_STEP][PASSED] - waitForPageLoad(30): Wait for page load successfully

27-02-2025T17:20:47 - [MESSAGE][PASSED] - Wait for page load successfully

27-02-2025T17:20:47 - [TEST_STEP][PASSED] - spinner = driver.findElement(By.xpath("/html/body/div[1]/div/div[2]")): null

27-02-2025T17:20:47 - [TEST_STEP][PASSED] - executor = driver: null

27-02-2025T17:20:47 - [TEST_STEP][PASSED] - elementAttributes = executor.executeScript("var items = {}; for (index = 0; index < arguments[0].attributes.length; ++index) { items[arguments[0].attributes[index].name] = arguments[0].attributes[index].value }; return items;", spinner): null

27-02-2025T17:20:47 - [TEST_STEP][PASSED] - attrs = elementAttributes.toString(): null

27-02-2025T17:20:47 - [TEST_STEP][PASSED] - waits = 0: null

27-02-2025T17:20:47 - [TEST_STEP][PASSED] - while (attrs.indexOf("display: none") < 0 && waits < 2): null

27-02-2025T17:20:47 - [TEST_STEP][PASSED] - tooltipMap = callTestCase(findTestCase("_Functions/Get Tooltip Text"), [:], STOP_ON_FAILURE): Call Test Case 'Test Cases/_Functions/Get Tooltip Text' successfully

27-02-2025T17:20:47 - [TEST_CASE][PASSED] - Test Cases/_Functions/Get Tooltip Text: Test Cases/_Functions/Get Tooltip Text

27-02-2025T17:20:47 - [TEST_STEP][PASSED] - fieldTooltips = [:]: null

27-02-2025T17:20:47 - [TEST_STEP][PASSED] - tooltipMap = [:]: null

27-02-2025T17:20:47 - [TEST_STEP][PASSED] - driver = getWebDriver(): null

27-02-2025T17:20:47 - [TEST_STEP][PASSED] - tooltips = driver.findElements(By.className("field-tooltip")): null

27-02-2025T17:20:47 - [TEST_STEP][PASSED] - for (def it : tooltips): null

27-02-2025T17:20:47 - [TEST_STEP][PASSED] - if (it.isDisplayed()): null

27-02-2025T17:20:47 - [TEST_STEP][PASSED] - if (it.isDisplayed()): null

27-02-2025T17:20:47 - [TEST_STEP][PASSED] - if (it.isDisplayed()): null

27-02-2025T17:20:47 - [TEST_STEP][PASSED] - if (it.isDisplayed()): null

27-02-2025T17:20:47 - [TEST_STEP][PASSED] - if (it.isDisplayed()): null

27-02-2025T17:20:47 - [TEST_STEP][PASSED] - if (it.isDisplayed()): null

27-02-2025T17:20:47 - [TEST_STEP][PASSED] - if (it.isDisplayed()): null

27-02-2025T17:20:47 - [TEST_STEP][PASSED] - if (it.isDisplayed()): null

27-02-2025T17:20:47 - [TEST_STEP][PASSED] - if (it.isDisplayed()): null

27-02-2025T17:20:47 - [TEST_STEP][PASSED] - if (it.isDisplayed()): null

27-02-2025T17:20:47 - [TEST_STEP][PASSED] - if (it.isDisplayed()): null

27-02-2025T17:20:47 - [TEST_STEP][PASSED] - if (it.isDisplayed()): null

27-02-2025T17:20:47 - [TEST_STEP][PASSED] - if (it.isDisplayed()): null

27-02-2025T17:20:47 - [TEST_STEP][PASSED] - ttText = it.getAttribute("data-original-title"): null

27-02-2025T17:20:47 - [TEST_STEP][PASSED] - ttLocation = it.getLocation(): null

27-02-2025T17:20:47 - [TEST_STEP][PASSED] - yLocation = ttLocation.getY(): null

27-02-2025T17:20:47 - [TEST_STEP][PASSED] - xLocation = ttLocation.getX(): null

27-02-2025T17:20:47 - [TEST_STEP][PASSED] - fieldTooltips.put(ttText, yLocation): null

27-02-2025T17:20:47 - [TEST_STEP][PASSED] - if (it.isDisplayed()): null

27-02-2025T17:20:47 - [TEST_STEP][PASSED] - ttText = it.getAttribute("data-original-title"): null

27-02-2025T17:20:47 - [TEST_STEP][PASSED] - ttLocation = it.getLocation(): null

27-02-2025T17:20:47 - [TEST_STEP][PASSED] - yLocation = ttLocation.getY(): null

27-02-2025T17:20:47 - [TEST_STEP][PASSED] - xLocation = ttLocation.getX(): null

27-02-2025T17:20:47 - [TEST_STEP][PASSED] - fieldTooltips.put(ttText, yLocation): null

27-02-2025T17:20:47 - [TEST_STEP][PASSED] - if (it.isDisplayed()): null

27-02-2025T17:20:47 - [TEST_STEP][PASSED] - if (it.isDisplayed()): null

27-02-2025T17:20:47 - [TEST_STEP][PASSED] - if (it.isDisplayed()): null

27-02-2025T17:20:47 - [TEST_STEP][PASSED] - if (it.isDisplayed()): null

27-02-2025T17:20:47 - [TEST_STEP][PASSED] - if (it.isDisplayed()): null

27-02-2025T17:20:47 - [TEST_STEP][PASSED] - if (it.isDisplayed()): null

27-02-2025T17:20:47 - [TEST_STEP][PASSED] - if (fieldTooltips.size() > 0): null

27-02-2025T17:20:47 - [TEST_STEP][PASSED] - rightBorder = xLocation: null

27-02-2025T17:20:47 - [TEST_STEP][PASSED] - fieldLabels = [:]: null

27-02-2025T17:20:47 - [TEST_STEP][PASSED] - labels = driver.findElements(By.xpath("//label")): null

27-02-2025T17:20:47 - [TEST_STEP][PASSED] - labels.each({ -> ... }): null

27-02-2025T17:20:50 - [TEST_STEP][PASSED] - for (def label : fieldLabels): null

27-02-2025T17:20:50 - [TEST_STEP][PASSED] - y = value: null

27-02-2025T17:20:50 - [TEST_STEP][PASSED] - for (def tooltip : fieldTooltips): null

27-02-2025T17:20:50 - [TEST_STEP][PASSED] - if (value == y || value == y + 1 || value == y - 1): null

27-02-2025T17:20:50 - [TEST_STEP][PASSED] - if (value == y || value == y + 1 || value == y - 1): null

27-02-2025T17:20:50 - [TEST_STEP][PASSED] - y = value: null

27-02-2025T17:20:50 - [TEST_STEP][PASSED] - for (def tooltip : fieldTooltips): null

27-02-2025T17:20:50 - [TEST_STEP][PASSED] - if (value == y || value == y + 1 || value == y - 1): null

27-02-2025T17:20:50 - [TEST_STEP][PASSED] - if (value == y || value == y + 1 || value == y - 1): null

27-02-2025T17:20:50 - [TEST_STEP][PASSED] - y = value: null

27-02-2025T17:20:50 - [TEST_STEP][PASSED] - for (def tooltip : fieldTooltips): null

27-02-2025T17:20:50 - [TEST_STEP][PASSED] - if (value == y || value == y + 1 || value == y - 1): null

27-02-2025T17:20:50 - [TEST_STEP][PASSED] - if (value == y || value == y + 1 || value == y - 1): null

27-02-2025T17:20:50 - [TEST_STEP][PASSED] - y = value: null

27-02-2025T17:20:50 - [TEST_STEP][PASSED] - for (def tooltip : fieldTooltips): null

27-02-2025T17:20:50 - [TEST_STEP][PASSED] - if (value == y || value == y + 1 || value == y - 1): null

27-02-2025T17:20:50 - [TEST_STEP][PASSED] - tooltipMap.put(key, key): null

27-02-2025T17:20:50 - [TEST_STEP][PASSED] - break: null

27-02-2025T17:20:50 - [TEST_STEP][PASSED] - y = value: null

27-02-2025T17:20:50 - [TEST_STEP][PASSED] - for (def tooltip : fieldTooltips): null

27-02-2025T17:20:50 - [TEST_STEP][PASSED] - if (value == y || value == y + 1 || value == y - 1): null

27-02-2025T17:20:50 - [TEST_STEP][PASSED] - if (value == y || value == y + 1 || value == y - 1): null

27-02-2025T17:20:50 - [TEST_STEP][PASSED] - tooltipMap.put(key, key): null

27-02-2025T17:20:50 - [TEST_STEP][PASSED] - break: null

27-02-2025T17:20:50 - [TEST_STEP][PASSED] - return tooltipMap: null

27-02-2025T17:20:50 - [MESSAGE][PASSED] - Call Test Case 'Test Cases/_Functions/Get Tooltip Text' successfully

27-02-2025T17:20:50 - [TEST_STEP][PASSED] - if (tooltipMap.size() > 0): null

27-02-2025T17:20:50 - [TEST_STEP][PASSED] - file = fileBase + "_Tooltips.csv": null

27-02-2025T17:20:50 - [TEST_STEP][PASSED] - outText = "FIELD LABEL" + "," + "TOOLTIP TEXT" + "

": null

27-02-2025T17:20:50 - [TEST_STEP][PASSED] - for (def it : tooltipMap): null

27-02-2025T17:20:50 - [TEST_STEP][PASSED] - name = key: null

27-02-2025T17:20:50 - [TEST_STEP][PASSED] - value = value.replace("
", ""): null

27-02-2025T17:20:50 - [TEST_STEP][PASSED] - value = value.trim(): null

27-02-2025T17:20:50 - [TEST_STEP][PASSED] - value = """ + value + """: null

27-02-2025T17:20:50 - [TEST_STEP][PASSED] - outText = outText + name + "," + value: null

27-02-2025T17:20:50 - [TEST_STEP][PASSED] - outText = outText + "
": null

27-02-2025T17:20:50 - [TEST_STEP][PASSED] - println(outText): null

27-02-2025T17:20:50 - [TEST_STEP][PASSED] - name = key: null

27-02-2025T17:20:50 - [TEST_STEP][PASSED] - value = value.replace("
", ""): null

27-02-2025T17:20:50 - [TEST_STEP][PASSED] - value = value.trim(): null

27-02-2025T17:20:50 - [TEST_STEP][PASSED] - value = """ + value + """: null

27-02-2025T17:20:50 - [TEST_STEP][PASSED] - outText = outText + name + "," + value: null

27-02-2025T17:20:50 - [TEST_STEP][PASSED] - outText = outText + "
": null

27-02-2025T17:20:50 - [TEST_STEP][PASSED] - println(outText): null

27-02-2025T17:20:50 - [TEST_STEP][PASSED] - outFile = new java.io.File(file): null

27-02-2025T17:20:50 - [TEST_STEP][PASSED] - println(outText): null

27-02-2025T17:20:50 - [TEST_STEP][PASSED] - outFile.write(outText): null

27-02-2025T17:20:50 - [TEST_STEP][PASSED] - takeFullPageScreenshot(fileImage): Taking screenshot successfully

27-02-2025T17:20:50 - [MESSAGE][INFO] - 0 hidden object(s)

27-02-2025T17:20:51 - [MESSAGE][PASSED] - Taking screenshot successfully
[[ATTACHMENT|/Users/cckozie/Documents/MissionNext/Screenshots and Tooltip Text/Education Candidate Availability Tab_Screenshot.png]]

27-02-2025T17:20:51 - [TEST_STEP][PASSED] - frame.dispose(): null

27-02-2025T17:20:51 - [TEST_STEP][PASSED] - return tooltipMap: null

27-02-2025T17:20:51 - [MESSAGE][PASSED] - Call Test Case 'Test Cases/_Functions/Get Screenshot and Tooltip Text' successfully

27-02-2025T17:20:51 - [TEST_STEP][PASSED] - callTestCase(findTestCase("_Functions/Test Tooltips"), ["varTooltipImagePath":tooltipImagePath, "varTooltips":tooltips, "varTooltipText":tooltipText, "varTestObjectFolder":testObjectFolder, ... ], STOP_ON_FAILURE): Call Test Case 'Test Cases/_Functions/Test Tooltips' successfully

27-02-2025T17:20:51 - [TEST_CASE][PASSED] - Test Cases/_Functions/Test Tooltips: Test Cases/_Functions/Test Tooltips

27-02-2025T17:20:51 - [TEST_STEP][PASSED] - if (fastPath): null

27-02-2025T17:20:51 - [TEST_STEP][PASSED] - tooltipImagePath = varTooltipImagePath: null

27-02-2025T17:20:51 - [TEST_STEP][PASSED] - tooltips = varTooltips: null

27-02-2025T17:20:51 - [TEST_STEP][PASSED] - tooltipText = varTooltipText: null

27-02-2025T17:20:51 - [TEST_STEP][PASSED] - testObjectFolder = varTestObjectFolder: null

27-02-2025T17:20:51 - [TEST_STEP][PASSED] - tooltipTextMap = varTooltipTextMap: null

27-02-2025T17:20:51 - [TEST_STEP][PASSED] - writeFile = false: null

27-02-2025T17:20:51 - [TEST_STEP][PASSED] - if (outFile != ""): null

27-02-2025T17:20:51 - [TEST_STEP][PASSED] - myFile = outFile: null

27-02-2025T17:20:51 - [TEST_STEP][PASSED] - println(myFile): null

27-02-2025T17:20:51 - [TEST_STEP][PASSED] - outFile = new java.io.File(myFile): null

27-02-2025T17:20:51 - [TEST_STEP][PASSED] - writeFile = true: null

27-02-2025T17:20:51 - [TEST_STEP][PASSED] - driver = getWebDriver(): null

27-02-2025T17:20:51 - [TEST_STEP][PASSED] - action = new org.openqa.selenium.interactions.Actions(driver): null

27-02-2025T17:20:51 - [TEST_STEP][PASSED] - s = new org.sikuli.script.Screen(): null

27-02-2025T17:20:51 - [TEST_STEP][PASSED] - outText = "Verifying the tooltips can be displayed.
": null

27-02-2025T17:20:51 - [TEST_STEP][PASSED] - outFile.append(outText): null

27-02-2025T17:20:51 - [TEST_STEP][PASSED] - first = true: null

27-02-2025T17:20:51 - [TEST_STEP][PASSED] - for (def it : tooltips): null

27-02-2025T17:20:51 - [TEST_STEP][PASSED] - myKey = key: null

27-02-2025T17:20:51 - [TEST_STEP][PASSED] - myValue = value: null

27-02-2025T17:20:51 - [TEST_STEP][PASSED] - println("myKey is " + myKey): null

27-02-2025T17:20:51 - [TEST_STEP][PASSED] - println("myValue is " + myValue): null

27-02-2025T17:20:51 - [TEST_STEP][PASSED] - if (myKey != "dummy"): null

27-02-2025T17:20:51 - [TEST_STEP][PASSED] - else: null

27-02-2025T17:20:51 - [TEST_STEP][PASSED] - myImage = "/Users/cckozie/git/MissionNext-Katalon-Koz/images/dummy.png": null

27-02-2025T17:20:51 - [TEST_STEP][PASSED] - f = new java.io.File(myImage): null

27-02-2025T17:20:51 - [TEST_STEP][PASSED] - if (f.exists()): null

27-02-2025T17:20:51 - [TEST_STEP][PASSED] - println("Looking for " + myImage): null

27-02-2025T17:20:51 - [TEST_STEP][PASSED] - icn = Pattern(myImage).similar(0.10): null

27-02-2025T17:20:51 - [TEST_STEP][PASSED] - found = s.exists(icn): null

27-02-2025T17:20:54 - [TEST_STEP][PASSED] - println(found): null

27-02-2025T17:20:54 - [TEST_STEP][PASSED] - if (found != null): null

27-02-2025T17:20:54 - [TEST_STEP][PASSED] - else: null

27-02-2025T17:20:54 - [TEST_STEP][PASSED] - if (myKey != "dummy"): null

27-02-2025T17:20:54 - [TEST_STEP][PASSED] - myKey = key: null

27-02-2025T17:20:54 - [TEST_STEP][PASSED] - myValue = value: null

27-02-2025T17:20:54 - [TEST_STEP][PASSED] - println("myKey is " + myKey): null

27-02-2025T17:20:54 - [TEST_STEP][PASSED] - println("myValue is " + myValue): null

27-02-2025T17:20:54 - [TEST_STEP][PASSED] - if (myKey != "dummy"): null

27-02-2025T17:20:54 - [TEST_STEP][PASSED] - tObj = testObjectFolder + myValue: null

27-02-2025T17:20:54 - [TEST_STEP][PASSED] - click(tObj): null

27-02-2025T17:20:54 - [TEST_STEP][PASSED] - scrollToObject(object): null

27-02-2025T17:20:54 - [TEST_STEP][PASSED] - println("Converting " + object + " to web element"): null

27-02-2025T17:20:54 - [TEST_STEP][PASSED] - element = findWebElement(findTestObject(object), 1): null

27-02-2025T17:20:54 - [TEST_STEP][PASSED] - loc = element.getLocation(): null

27-02-2025T17:20:54 - [TEST_STEP][PASSED] - x = loc.getX(): null

27-02-2025T17:20:54 - [TEST_STEP][PASSED] - if (x >= 560): null

27-02-2025T17:20:54 - [TEST_STEP][PASSED] - y = loc.getY(): null

27-02-2025T17:20:54 - [TEST_STEP][PASSED] - println("Y location is " + y): null

27-02-2025T17:20:54 - [TEST_STEP][PASSED] - top = getViewportTopPosition(): Current viewport's top (y) position is 43

27-02-2025T17:20:54 - [MESSAGE][PASSED] - Current viewport's top (y) position is 43

27-02-2025T17:20:54 - [TEST_STEP][PASSED] - println("Viewport top is " + top): null

27-02-2025T17:20:54 - [TEST_STEP][PASSED] - bottom = top + 600: null

27-02-2025T17:20:54 - [TEST_STEP][PASSED] - if (y - top < 150 || bottom - y < 10): null

27-02-2025T17:20:54 - [TEST_STEP][PASSED] - click(findTestObject(object)): null

27-02-2025T17:20:54 - [MESSAGE][PASSED] - Object: 'Object Repository/Education Candidate Profile/Tabs/Availability/img_Time Commitment(s)_field-tooltip' is clicked on

27-02-2025T17:20:54 - [TEST_STEP][PASSED] - delay(1): Delayed 1 second(s)

27-02-2025T17:20:55 - [MESSAGE][PASSED] - Delayed 1 second(s)

27-02-2025T17:20:55 - [TEST_STEP][PASSED] - myImage = tooltipImagePath + myKey + ".png": null

27-02-2025T17:20:55 - [TEST_STEP][PASSED] - f = new java.io.File(myImage): null

27-02-2025T17:20:55 - [TEST_STEP][PASSED] - if (f.exists()): null

27-02-2025T17:20:55 - [TEST_STEP][PASSED] - println("Looking for " + myImage): null

27-02-2025T17:20:55 - [TEST_STEP][PASSED] - icn = Pattern(myImage).similar(0.10): null

27-02-2025T17:20:55 - [TEST_STEP][PASSED] - found = s.exists(icn): null

27-02-2025T17:20:55 - [TEST_STEP][PASSED] - println(found): null

27-02-2025T17:20:55 - [TEST_STEP][PASSED] - if (found != null): null

27-02-2025T17:20:55 - [TEST_STEP][PASSED] - foundStr = found.toString(): null

27-02-2025T17:20:55 - [TEST_STEP][PASSED] - matchP = foundStr.indexOf("%"): null

27-02-2025T17:20:55 - [TEST_STEP][PASSED] - if (matchP >= 0): null

27-02-2025T17:20:55 - [TEST_STEP][PASSED] - println(matchP): null

27-02-2025T17:20:55 - [TEST_STEP][PASSED] - pct = foundStr.substring(matchP + 1, matchP + 6): null

27-02-2025T17:20:55 - [TEST_STEP][PASSED] - pctF = pct.toFloat(): null

27-02-2025T17:20:55 - [TEST_STEP][PASSED] - outText = "+++ Tooltip match value for " + myKey + " is " + pctF + "%": null

27-02-2025T17:20:55 - [TEST_STEP][PASSED] - min = 80: null

27-02-2025T17:20:55 - [TEST_STEP][PASSED] - if (pctF.toFloat() < min.toFloat()): null

27-02-2025T17:20:55 - [TEST_STEP][PASSED] - if (myKey != "dummy"): null

27-02-2025T17:20:55 - [TEST_STEP][PASSED] - println(outText): null

27-02-2025T17:20:55 - [TEST_STEP][PASSED] - outFile.append(outText + "
"): null

27-02-2025T17:20:55 - [TEST_STEP][PASSED] - myKey = key: null

27-02-2025T17:20:55 - [TEST_STEP][PASSED] - myValue = value: null

27-02-2025T17:20:55 - [TEST_STEP][PASSED] - println("myKey is " + myKey): null

27-02-2025T17:20:55 - [TEST_STEP][PASSED] - println("myValue is " + myValue): null

27-02-2025T17:20:55 - [TEST_STEP][PASSED] - if (myKey != "dummy"): null

27-02-2025T17:20:55 - [TEST_STEP][PASSED] - tObj = testObjectFolder + myValue: null

27-02-2025T17:20:55 - [TEST_STEP][PASSED] - click(tObj): null

27-02-2025T17:20:55 - [TEST_STEP][PASSED] - scrollToObject(object): null

27-02-2025T17:20:55 - [TEST_STEP][PASSED] - println("Converting " + object + " to web element"): null

27-02-2025T17:20:55 - [TEST_STEP][PASSED] - element = findWebElement(findTestObject(object), 1): null

27-02-2025T17:20:55 - [TEST_STEP][PASSED] - loc = element.getLocation(): null

27-02-2025T17:20:55 - [TEST_STEP][PASSED] - x = loc.getX(): null

27-02-2025T17:20:55 - [TEST_STEP][PASSED] - if (x >= 560): null

27-02-2025T17:20:55 - [TEST_STEP][PASSED] - y = loc.getY(): null

27-02-2025T17:20:55 - [TEST_STEP][PASSED] - println("Y location is " + y): null

27-02-2025T17:20:55 - [TEST_STEP][PASSED] - top = getViewportTopPosition(): Current viewport's top (y) position is 43

27-02-2025T17:20:55 - [MESSAGE][PASSED] - Current viewport's top (y) position is 43

27-02-2025T17:20:55 - [TEST_STEP][PASSED] - println("Viewport top is " + top): null

27-02-2025T17:20:55 - [TEST_STEP][PASSED] - bottom = top + 600: null

27-02-2025T17:20:55 - [TEST_STEP][PASSED] - if (y - top < 150 || bottom - y < 10): Delayed 1 second(s)

27-02-2025T17:20:55 - [TEST_STEP][PASSED] - scrollToPosition(0, y - 170): Browser is scrolled to position x = 0, y = 558

27-02-2025T17:20:55 - [MESSAGE][PASSED] - Browser is scrolled to position x = 0, y = 558

27-02-2025T17:20:55 - [TEST_STEP][PASSED] - delay(1): Delayed 1 second(s)

27-02-2025T17:20:56 - [MESSAGE][PASSED] - Delayed 1 second(s)

27-02-2025T17:20:56 - [TEST_STEP][PASSED] - click(findTestObject(object)): null

27-02-2025T17:20:56 - [MESSAGE][PASSED] - Object: 'Object Repository/Education Candidate Profile/Tabs/Availability/img_Relocation Option(s)_field-tooltip' is clicked on

27-02-2025T17:20:56 - [TEST_STEP][PASSED] - delay(1): Delayed 1 second(s)

27-02-2025T17:20:57 - [MESSAGE][PASSED] - Delayed 1 second(s)

27-02-2025T17:20:57 - [TEST_STEP][PASSED] - myImage = tooltipImagePath + myKey + ".png": null

27-02-2025T17:20:57 - [TEST_STEP][PASSED] - f = new java.io.File(myImage): null

27-02-2025T17:20:57 - [TEST_STEP][PASSED] - if (f.exists()): null

27-02-2025T17:20:57 - [TEST_STEP][PASSED] - println("Looking for " + myImage): null

27-02-2025T17:20:57 - [TEST_STEP][PASSED] - icn = Pattern(myImage).similar(0.10): null

27-02-2025T17:20:57 - [TEST_STEP][PASSED] - found = s.exists(icn): null

27-02-2025T17:20:57 - [TEST_STEP][PASSED] - println(found): null

27-02-2025T17:20:57 - [TEST_STEP][PASSED] - if (found != null): null

27-02-2025T17:20:57 - [TEST_STEP][PASSED] - foundStr = found.toString(): null

27-02-2025T17:20:57 - [TEST_STEP][PASSED] - matchP = foundStr.indexOf("%"): null

27-02-2025T17:20:57 - [TEST_STEP][PASSED] - if (matchP >= 0): null

27-02-2025T17:20:57 - [TEST_STEP][PASSED] - println(matchP): null

27-02-2025T17:20:57 - [TEST_STEP][PASSED] - pct = foundStr.substring(matchP + 1, matchP + 6): null

27-02-2025T17:20:57 - [TEST_STEP][PASSED] - pctF = pct.toFloat(): null

27-02-2025T17:20:57 - [TEST_STEP][PASSED] - outText = "+++ Tooltip match value for " + myKey + " is " + pctF + "%": null

27-02-2025T17:20:57 - [TEST_STEP][PASSED] - min = 80: null

27-02-2025T17:20:57 - [TEST_STEP][PASSED] - if (pctF.toFloat() < min.toFloat()): null

27-02-2025T17:20:57 - [TEST_STEP][PASSED] - if (myKey != "dummy"): null

27-02-2025T17:20:57 - [TEST_STEP][PASSED] - println(outText): null

27-02-2025T17:20:57 - [TEST_STEP][PASSED] - outFile.append(outText + "
"): null

27-02-2025T17:20:57 - [TEST_STEP][PASSED] - outText = "Verifying the tooltip text on the page is what was expected.
": null

27-02-2025T17:20:57 - [TEST_STEP][PASSED] - println(tooltipTextMap): null

27-02-2025T17:20:57 - [TEST_STEP][PASSED] - outFile.append(outText): null

27-02-2025T17:20:57 - [TEST_STEP][PASSED] - for (def it : tooltipText): null

27-02-2025T17:20:57 - [TEST_STEP][PASSED] - println(it): null

27-02-2025T17:20:57 - [TEST_STEP][PASSED] - myKey = key: null

27-02-2025T17:20:57 - [TEST_STEP][PASSED] - myText = value.replace(""", ""): null

27-02-2025T17:20:57 - [TEST_STEP][PASSED] - myText = myText.trim(): null

27-02-2025T17:20:57 - [TEST_STEP][PASSED] - println(myKey): null

27-02-2025T17:20:57 - [TEST_STEP][PASSED] - println(myText): null

27-02-2025T17:20:57 - [TEST_STEP][PASSED] - println(tooltipTextMap.get(myKey)): null

27-02-2025T17:20:57 - [TEST_STEP][PASSED] - actualText = get(myKey).replace(""", ""): null

27-02-2025T17:20:57 - [TEST_STEP][PASSED] - actualText = actualText.trim(): null

27-02-2025T17:20:57 - [TEST_STEP][PASSED] - println(myKey + ":" + actualText): null

27-02-2025T17:20:57 - [TEST_STEP][PASSED] - if (actualText != myText): null

27-02-2025T17:20:57 - [TEST_STEP][PASSED] - println(it): null

27-02-2025T17:20:57 - [TEST_STEP][PASSED] - myKey = key: null

27-02-2025T17:20:57 - [TEST_STEP][PASSED] - myText = value.replace(""", ""): null

27-02-2025T17:20:57 - [TEST_STEP][PASSED] - myText = myText.trim(): null

27-02-2025T17:20:57 - [TEST_STEP][PASSED] - println(myKey): null

27-02-2025T17:20:57 - [TEST_STEP][PASSED] - println(myText): null

27-02-2025T17:20:57 - [TEST_STEP][PASSED] - println(tooltipTextMap.get(myKey)): null

27-02-2025T17:20:57 - [TEST_STEP][PASSED] - actualText = get(myKey).replace(""", ""): null

27-02-2025T17:20:57 - [TEST_STEP][PASSED] - actualText = actualText.trim(): null

27-02-2025T17:20:57 - [TEST_STEP][PASSED] - println(myKey + ":" + actualText): null

27-02-2025T17:20:57 - [TEST_STEP][PASSED] - if (actualText != myText): null

27-02-2025T17:20:57 - [MESSAGE][PASSED] - Call Test Case 'Test Cases/_Functions/Test Tooltips' successfully

27-02-2025T17:20:57 - [TEST_STEP][PASSED] - outText = "Verifying the required field messages.
": null

27-02-2025T17:20:57 - [TEST_STEP][PASSED] - outFile.append(outText): null

27-02-2025T17:20:57 - [TEST_STEP][PASSED] - fieldList = []: null

27-02-2025T17:20:57 - [TEST_STEP][PASSED] - requiredFieldMsgs.each({ -> ... }): null

27-02-2025T17:20:57 - [TEST_STEP][PASSED] - callTestCase(findTestCase("_Functions/Test Field Error Messages"), ["varFieldList":fieldList, "varRequiredFieldMsgs":requiredFieldMsgs], STOP_ON_FAILURE): Call Test Case 'Test Cases/_Functions/Test Field Error Messages' successfully

27-02-2025T17:20:57 - [TEST_CASE][PASSED] - Test Cases/_Functions/Test Field Error Messages: Test Cases/_Functions/Test Field Error Messages

27-02-2025T17:20:57 - [TEST_STEP][PASSED] - count = callTestCase(findTestCase("_Functions/Find error messages"), ["varFunction":"count"], STOP_ON_FAILURE): Call Test Case 'Test Cases/_Functions/Find error messages' successfully

27-02-2025T17:20:57 - [TEST_CASE][PASSED] - Test Cases/_Functions/Find error messages: Test Cases/_Functions/Find error messages

27-02-2025T17:20:57 - [TEST_STEP][PASSED] - function = "count": null

27-02-2025T17:20:57 - [TEST_STEP][PASSED] - if (binding.hasVariable("varFunction")): null

27-02-2025T17:20:57 - [TEST_STEP][PASSED] - function = varFunction: null

27-02-2025T17:20:57 - [TEST_STEP][PASSED] - title = getWindowTitle(): Current window's title is: 'Education'

27-02-2025T17:20:57 - [MESSAGE][PASSED] - Current window's title is: 'Education'

27-02-2025T17:20:57 - [TEST_STEP][PASSED] - println("Page title is " + title): null

27-02-2025T17:20:57 - [TEST_STEP][PASSED] - driver = getWebDriver(): null

27-02-2025T17:20:57 - [TEST_STEP][PASSED] - elements = driver.findElements(By.xpath("//div[@class='col-sm-offset-3 col-sm-9 text-danger']")): null

27-02-2025T17:20:57 - [TEST_STEP][PASSED] - if (function == "count"): null

27-02-2025T17:20:57 - [TEST_STEP][PASSED] - return elements.size(): null

27-02-2025T17:20:57 - [MESSAGE][PASSED] - Call Test Case 'Test Cases/_Functions/Find error messages' successfully

27-02-2025T17:20:57 - [TEST_STEP][PASSED] - outFile = outFile: null

27-02-2025T17:20:57 - [TEST_STEP][PASSED] - if (count == 0): null

27-02-2025T17:20:57 - [TEST_STEP][PASSED] - else: Delayed 0 second(s)

27-02-2025T17:20:57 - [TEST_STEP][PASSED] - fieldList = varFieldList: null

27-02-2025T17:20:57 - [TEST_STEP][PASSED] - requiredFieldMsgs = varRequiredFieldMsgs: null

27-02-2025T17:20:57 - [TEST_STEP][PASSED] - outText = "Verifying error messages for fields " + fieldList: null

27-02-2025T17:20:57 - [TEST_STEP][PASSED] - for (def field : fieldList): null

27-02-2025T17:20:57 - [TEST_STEP][PASSED] - errorMsg = requiredFieldMsgs.get(field): null

27-02-2025T17:20:57 - [TEST_STEP][PASSED] - msg = verifyTextPresent(errorMsg, false, OPTIONAL): Text 'The time commitment field is required.' is present on page 

27-02-2025T17:20:57 - [MESSAGE][PASSED] - Text 'The time commitment field is required.' is present on page 

27-02-2025T17:20:57 - [TEST_STEP][PASSED] - println(field + ":" + msg): null

27-02-2025T17:20:57 - [TEST_STEP][PASSED] - if (!(msg)): null

27-02-2025T17:20:57 - [TEST_STEP][PASSED] - delay(fieldTestDelay): Delayed 0 second(s)

27-02-2025T17:20:57 - [MESSAGE][PASSED] - Delayed 0 second(s)

27-02-2025T17:20:57 - [MESSAGE][PASSED] - Call Test Case 'Test Cases/_Functions/Test Field Error Messages' successfully

27-02-2025T17:20:57 - [TEST_STEP][PASSED] - callTestCase(findTestCase("_Functions/Click on Group Elements"), ["varXpaths":xpaths, "varParms":parms], STOP_ON_FAILURE): Call Test Case 'Test Cases/_Functions/Click on Group Elements' successfully

27-02-2025T17:20:57 - [TEST_CASE][PASSED] - Test Cases/_Functions/Click on Group Elements: Test Cases/_Functions/Click on Group Elements

27-02-2025T17:20:58 - [TEST_STEP][PASSED] - debug = false: null

27-02-2025T17:20:58 - [TEST_STEP][PASSED] - toggle = true: null

27-02-2025T17:20:58 - [TEST_STEP][PASSED] - frame = new javax.swing.JFrame(): null

27-02-2025T17:20:58 - [TEST_STEP][PASSED] - p = new javax.swing.JPanel(): null

27-02-2025T17:20:58 - [TEST_STEP][PASSED] - l = new javax.swing.JLabel(Making user selections..., javax.swing.SwingConstants.CENTER): null

27-02-2025T17:20:58 - [TEST_STEP][PASSED] - frame.add(l): null

27-02-2025T17:20:58 - [TEST_STEP][PASSED] - frame.setSize(300, 100): null

27-02-2025T17:20:58 - [TEST_STEP][PASSED] - frame.setLocation(600, 0): null

27-02-2025T17:20:58 - [TEST_STEP][PASSED] - frame.setAlwaysOnTop(true): null

27-02-2025T17:20:58 - [TEST_STEP][PASSED] - frame.show(): null

27-02-2025T17:20:58 - [TEST_STEP][PASSED] - driver = getWebDriver(): null

27-02-2025T17:20:58 - [TEST_STEP][PASSED] - println(varParms): null

27-02-2025T17:20:58 - [TEST_STEP][PASSED] - for ([i = 0, i < varXpaths.size(), (i++)]): null

27-02-2025T17:20:58 - [TEST_STEP][PASSED] - if (debug): null

27-02-2025T17:20:58 - [TEST_STEP][PASSED] - if (varParms[i].indexOf("Europe") >= 0): null

27-02-2025T17:20:58 - [TEST_STEP][PASSED] - elements = driver.findElements(By.xpath(varXpaths[i])): null

27-02-2025T17:20:58 - [TEST_STEP][PASSED] - element_count = elements.size(): null

27-02-2025T17:20:58 - [TEST_STEP][PASSED] - for (def element : elements): null

27-02-2025T17:20:58 - [TEST_STEP][PASSED] - myValue = element.getAttribute("value"): null

27-02-2025T17:20:58 - [TEST_STEP][PASSED] - if (debug): null

27-02-2025T17:20:58 - [TEST_STEP][PASSED] - if (myValue.length() >= 4): null

27-02-2025T17:20:58 - [TEST_STEP][PASSED] - if (myValue.substring(0, 4) == "(!) "): null

27-02-2025T17:20:58 - [TEST_STEP][PASSED] - myType = element.getAttribute("type"): null

27-02-2025T17:20:58 - [TEST_STEP][PASSED] - if (myValue in varParms[i]): null

27-02-2025T17:20:58 - [TEST_STEP][PASSED] - else: null

27-02-2025T17:20:58 - [TEST_STEP][PASSED] - inList = false: null

27-02-2025T17:20:58 - [TEST_STEP][PASSED] - if (myType == "checkbox"): null

27-02-2025T17:20:58 - [TEST_STEP][PASSED] - myStatus = element.isSelected(): null

27-02-2025T17:20:58 - [TEST_STEP][PASSED] - if (debug): null

27-02-2025T17:20:58 - [TEST_STEP][PASSED] - if (toggle && myStatus && inList): null

27-02-2025T17:20:58 - [TEST_STEP][PASSED] - if (!(myStatus) && inList || myStatus && !(inList)): null

27-02-2025T17:20:58 - [TEST_STEP][PASSED] - myValue = element.getAttribute("value"): null

27-02-2025T17:20:58 - [TEST_STEP][PASSED] - if (debug): null

27-02-2025T17:20:58 - [TEST_STEP][PASSED] - if (myValue.length() >= 4): null

27-02-2025T17:20:58 - [TEST_STEP][PASSED] - if (myValue.substring(0, 4) == "(!) "): null

27-02-2025T17:20:58 - [TEST_STEP][PASSED] - myType = element.getAttribute("type"): null

27-02-2025T17:20:58 - [TEST_STEP][PASSED] - if (myValue in varParms[i]): null

27-02-2025T17:20:58 - [TEST_STEP][PASSED] - inList = true: null

27-02-2025T17:20:58 - [TEST_STEP][PASSED] - if (myType == "checkbox"): null

27-02-2025T17:20:58 - [TEST_STEP][PASSED] - myStatus = element.isSelected(): null

27-02-2025T17:20:58 - [TEST_STEP][PASSED] - if (debug): null

27-02-2025T17:20:58 - [TEST_STEP][PASSED] - if (toggle && myStatus && inList): null

27-02-2025T17:20:58 - [TEST_STEP][PASSED] - if (!(myStatus) && inList || myStatus && !(inList)): null

27-02-2025T17:20:58 - [TEST_STEP][PASSED] - if (debug): null

27-02-2025T17:20:58 - [TEST_STEP][PASSED] - println("Clicking " + myValue): null

27-02-2025T17:20:58 - [TEST_STEP][PASSED] - click(element): null

27-02-2025T17:20:58 - [TEST_STEP][PASSED] - scrollToObject(elem): null

27-02-2025T17:20:58 - [TEST_STEP][PASSED] - loc = element.getLocation(): null

27-02-2025T17:20:58 - [TEST_STEP][PASSED] - if (debug): null

27-02-2025T17:20:58 - [TEST_STEP][PASSED] - y = loc.getY(): null

27-02-2025T17:20:58 - [TEST_STEP][PASSED] - println("Y location is " + y): null

27-02-2025T17:20:58 - [TEST_STEP][PASSED] - top = getViewportTopPosition(): Current viewport's top (y) position is 379

27-02-2025T17:20:58 - [MESSAGE][PASSED] - Current viewport's top (y) position is 379

27-02-2025T17:20:58 - [TEST_STEP][PASSED] - println("Viewport top is " + top): null

27-02-2025T17:20:58 - [TEST_STEP][PASSED] - bottom = top + 600: null

27-02-2025T17:20:58 - [TEST_STEP][PASSED] - if (y - top < 150 || bottom - y < 10): null

27-02-2025T17:20:58 - [TEST_STEP][PASSED] - elem.click(): null

27-02-2025T17:20:58 - [TEST_STEP][PASSED] - myValue = element.getAttribute("value"): null

27-02-2025T17:20:58 - [TEST_STEP][PASSED] - if (debug): null

27-02-2025T17:20:58 - [TEST_STEP][PASSED] - if (myValue.length() >= 4): null

27-02-2025T17:20:58 - [TEST_STEP][PASSED] - if (myValue.substring(0, 4) == "(!) "): null

27-02-2025T17:20:58 - [TEST_STEP][PASSED] - myType = element.getAttribute("type"): null

27-02-2025T17:20:58 - [TEST_STEP][PASSED] - if (myValue in varParms[i]): null

27-02-2025T17:20:58 - [TEST_STEP][PASSED] - inList = true: null

27-02-2025T17:20:58 - [TEST_STEP][PASSED] - if (myType == "checkbox"): null

27-02-2025T17:20:58 - [TEST_STEP][PASSED] - myStatus = element.isSelected(): null

27-02-2025T17:20:58 - [TEST_STEP][PASSED] - if (debug): null

27-02-2025T17:20:58 - [TEST_STEP][PASSED] - if (toggle && myStatus && inList): null

27-02-2025T17:20:58 - [TEST_STEP][PASSED] - if (!(myStatus) && inList || myStatus && !(inList)): null

27-02-2025T17:20:58 - [TEST_STEP][PASSED] - if (debug): null

27-02-2025T17:20:58 - [TEST_STEP][PASSED] - println("Clicking " + myValue): null

27-02-2025T17:20:58 - [TEST_STEP][PASSED] - click(element): null

27-02-2025T17:20:58 - [TEST_STEP][PASSED] - scrollToObject(elem): null

27-02-2025T17:20:58 - [TEST_STEP][PASSED] - loc = element.getLocation(): null

27-02-2025T17:20:58 - [TEST_STEP][PASSED] - if (debug): null

27-02-2025T17:20:58 - [TEST_STEP][PASSED] - y = loc.getY(): null

27-02-2025T17:20:58 - [TEST_STEP][PASSED] - println("Y location is " + y): null

27-02-2025T17:20:58 - [TEST_STEP][PASSED] - top = getViewportTopPosition(): Current viewport's top (y) position is 379

27-02-2025T17:20:58 - [MESSAGE][PASSED] - Current viewport's top (y) position is 379

27-02-2025T17:20:58 - [TEST_STEP][PASSED] - println("Viewport top is " + top): null

27-02-2025T17:20:58 - [TEST_STEP][PASSED] - bottom = top + 600: null

27-02-2025T17:20:58 - [TEST_STEP][PASSED] - if (y - top < 150 || bottom - y < 10): null

27-02-2025T17:20:58 - [TEST_STEP][PASSED] - elem.click(): null

27-02-2025T17:20:58 - [TEST_STEP][PASSED] - myValue = element.getAttribute("value"): null

27-02-2025T17:20:58 - [TEST_STEP][PASSED] - if (debug): null

27-02-2025T17:20:58 - [TEST_STEP][PASSED] - if (myValue.length() >= 4): null

27-02-2025T17:20:58 - [TEST_STEP][PASSED] - if (myValue.substring(0, 4) == "(!) "): null

27-02-2025T17:20:58 - [TEST_STEP][PASSED] - myType = element.getAttribute("type"): null

27-02-2025T17:20:58 - [TEST_STEP][PASSED] - if (myValue in varParms[i]): null

27-02-2025T17:20:58 - [TEST_STEP][PASSED] - else: null

27-02-2025T17:20:58 - [TEST_STEP][PASSED] - inList = false: null

27-02-2025T17:20:58 - [TEST_STEP][PASSED] - if (myType == "checkbox"): null

27-02-2025T17:20:58 - [TEST_STEP][PASSED] - myStatus = element.isSelected(): null

27-02-2025T17:20:58 - [TEST_STEP][PASSED] - if (debug): null

27-02-2025T17:20:58 - [TEST_STEP][PASSED] - if (toggle && myStatus && inList): null

27-02-2025T17:20:58 - [TEST_STEP][PASSED] - if (!(myStatus) && inList || myStatus && !(inList)): null

27-02-2025T17:20:58 - [TEST_STEP][PASSED] - myValue = element.getAttribute("value"): null

27-02-2025T17:20:58 - [TEST_STEP][PASSED] - if (debug): null

27-02-2025T17:20:58 - [TEST_STEP][PASSED] - if (myValue.length() >= 4): null

27-02-2025T17:20:58 - [TEST_STEP][PASSED] - if (myValue.substring(0, 4) == "(!) "): null

27-02-2025T17:20:58 - [TEST_STEP][PASSED] - myType = element.getAttribute("type"): null

27-02-2025T17:20:58 - [TEST_STEP][PASSED] - if (myValue in varParms[i]): null

27-02-2025T17:20:58 - [TEST_STEP][PASSED] - else: null

27-02-2025T17:20:58 - [TEST_STEP][PASSED] - inList = false: null

27-02-2025T17:20:58 - [TEST_STEP][PASSED] - if (myType == "checkbox"): null

27-02-2025T17:20:58 - [TEST_STEP][PASSED] - myStatus = element.isSelected(): null

27-02-2025T17:20:58 - [TEST_STEP][PASSED] - if (debug): null

27-02-2025T17:20:58 - [TEST_STEP][PASSED] - if (toggle && myStatus && inList): null

27-02-2025T17:20:58 - [TEST_STEP][PASSED] - if (!(myStatus) && inList || myStatus && !(inList)): null

27-02-2025T17:20:58 - [TEST_STEP][PASSED] - if (debug): null

27-02-2025T17:20:58 - [TEST_STEP][PASSED] - if (varParms[i].indexOf("Europe") >= 0): null

27-02-2025T17:20:58 - [TEST_STEP][PASSED] - elements = driver.findElements(By.xpath(varXpaths[i])): null

27-02-2025T17:20:58 - [TEST_STEP][PASSED] - element_count = elements.size(): null

27-02-2025T17:20:58 - [TEST_STEP][PASSED] - for (def element : elements): null

27-02-2025T17:20:58 - [TEST_STEP][PASSED] - myValue = element.getAttribute("value"): null

27-02-2025T17:20:58 - [TEST_STEP][PASSED] - if (debug): null

27-02-2025T17:20:58 - [TEST_STEP][PASSED] - if (myValue.length() >= 4): null

27-02-2025T17:20:58 - [TEST_STEP][PASSED] - if (myValue.substring(0, 4) == "(!) "): null

27-02-2025T17:20:58 - [TEST_STEP][PASSED] - myType = element.getAttribute("type"): null

27-02-2025T17:20:58 - [TEST_STEP][PASSED] - if (myValue in varParms[i]): null

27-02-2025T17:20:58 - [TEST_STEP][PASSED] - else: null

27-02-2025T17:20:58 - [TEST_STEP][PASSED] - inList = false: null

27-02-2025T17:20:58 - [TEST_STEP][PASSED] - if (myType == "checkbox"): null

27-02-2025T17:20:58 - [TEST_STEP][PASSED] - myStatus = element.isSelected(): null

27-02-2025T17:20:58 - [TEST_STEP][PASSED] - if (debug): null

27-02-2025T17:20:58 - [TEST_STEP][PASSED] - if (toggle && myStatus && inList): null

27-02-2025T17:20:58 - [TEST_STEP][PASSED] - if (!(myStatus) && inList || myStatus && !(inList)): null

27-02-2025T17:20:58 - [TEST_STEP][PASSED] - myValue = element.getAttribute("value"): null

27-02-2025T17:20:58 - [TEST_STEP][PASSED] - if (debug): null

27-02-2025T17:20:58 - [TEST_STEP][PASSED] - if (myValue.length() >= 4): null

27-02-2025T17:20:58 - [TEST_STEP][PASSED] - if (myValue.substring(0, 4) == "(!) "): null

27-02-2025T17:20:58 - [TEST_STEP][PASSED] - myType = element.getAttribute("type"): null

27-02-2025T17:20:58 - [TEST_STEP][PASSED] - if (myValue in varParms[i]): null

27-02-2025T17:20:58 - [TEST_STEP][PASSED] - else: null

27-02-2025T17:20:58 - [TEST_STEP][PASSED] - inList = false: null

27-02-2025T17:20:58 - [TEST_STEP][PASSED] - if (myType == "checkbox"): null

27-02-2025T17:20:58 - [TEST_STEP][PASSED] - myStatus = element.isSelected(): null

27-02-2025T17:20:58 - [TEST_STEP][PASSED] - if (debug): null

27-02-2025T17:20:58 - [TEST_STEP][PASSED] - if (toggle && myStatus && inList): null

27-02-2025T17:20:58 - [TEST_STEP][PASSED] - if (!(myStatus) && inList || myStatus && !(inList)): null

27-02-2025T17:20:58 - [TEST_STEP][PASSED] - myValue = element.getAttribute("value"): null

27-02-2025T17:20:58 - [TEST_STEP][PASSED] - if (debug): null

27-02-2025T17:20:58 - [TEST_STEP][PASSED] - if (myValue.length() >= 4): null

27-02-2025T17:20:58 - [TEST_STEP][PASSED] - if (myValue.substring(0, 4) == "(!) "): null

27-02-2025T17:20:58 - [TEST_STEP][PASSED] - myType = element.getAttribute("type"): null

27-02-2025T17:20:58 - [TEST_STEP][PASSED] - if (myValue in varParms[i]): null

27-02-2025T17:20:58 - [TEST_STEP][PASSED] - inList = true: null

27-02-2025T17:20:58 - [TEST_STEP][PASSED] - if (myType == "checkbox"): null

27-02-2025T17:20:58 - [TEST_STEP][PASSED] - myStatus = element.isSelected(): null

27-02-2025T17:20:58 - [TEST_STEP][PASSED] - if (debug): null

27-02-2025T17:20:58 - [TEST_STEP][PASSED] - if (toggle && myStatus && inList): null

27-02-2025T17:20:58 - [TEST_STEP][PASSED] - if (!(myStatus) && inList || myStatus && !(inList)): null

27-02-2025T17:20:58 - [TEST_STEP][PASSED] - if (debug): null

27-02-2025T17:20:58 - [TEST_STEP][PASSED] - println("Clicking " + myValue): null

27-02-2025T17:20:58 - [TEST_STEP][PASSED] - click(element): null

27-02-2025T17:20:58 - [TEST_STEP][PASSED] - scrollToObject(elem): null

27-02-2025T17:20:58 - [TEST_STEP][PASSED] - loc = element.getLocation(): null

27-02-2025T17:20:58 - [TEST_STEP][PASSED] - if (debug): null

27-02-2025T17:20:58 - [TEST_STEP][PASSED] - y = loc.getY(): null

27-02-2025T17:20:58 - [TEST_STEP][PASSED] - println("Y location is " + y): null

27-02-2025T17:20:58 - [TEST_STEP][PASSED] - top = getViewportTopPosition(): Current viewport's top (y) position is 379

27-02-2025T17:20:58 - [MESSAGE][PASSED] - Current viewport's top (y) position is 379

27-02-2025T17:20:58 - [TEST_STEP][PASSED] - println("Viewport top is " + top): null

27-02-2025T17:20:58 - [TEST_STEP][PASSED] - bottom = top + 600: null

27-02-2025T17:20:58 - [TEST_STEP][PASSED] - if (y - top < 150 || bottom - y < 10): null

27-02-2025T17:20:58 - [TEST_STEP][PASSED] - elem.click(): null

27-02-2025T17:20:58 - [TEST_STEP][PASSED] - myValue = element.getAttribute("value"): null

27-02-2025T17:20:58 - [TEST_STEP][PASSED] - if (debug): null

27-02-2025T17:20:58 - [TEST_STEP][PASSED] - if (myValue.length() >= 4): null

27-02-2025T17:20:58 - [TEST_STEP][PASSED] - if (myValue.substring(0, 4) == "(!) "): null

27-02-2025T17:20:58 - [TEST_STEP][PASSED] - myType = element.getAttribute("type"): null

27-02-2025T17:20:58 - [TEST_STEP][PASSED] - if (myValue in varParms[i]): null

27-02-2025T17:20:58 - [TEST_STEP][PASSED] - inList = true: null

27-02-2025T17:20:58 - [TEST_STEP][PASSED] - if (myType == "checkbox"): null

27-02-2025T17:20:58 - [TEST_STEP][PASSED] - myStatus = element.isSelected(): null

27-02-2025T17:20:58 - [TEST_STEP][PASSED] - if (debug): null

27-02-2025T17:20:58 - [TEST_STEP][PASSED] - if (toggle && myStatus && inList): null

27-02-2025T17:20:58 - [TEST_STEP][PASSED] - if (!(myStatus) && inList || myStatus && !(inList)): null

27-02-2025T17:20:58 - [TEST_STEP][PASSED] - if (debug): null

27-02-2025T17:20:58 - [TEST_STEP][PASSED] - println("Clicking " + myValue): null

27-02-2025T17:20:58 - [TEST_STEP][PASSED] - click(element): null

27-02-2025T17:20:58 - [TEST_STEP][PASSED] - scrollToObject(elem): null

27-02-2025T17:20:58 - [TEST_STEP][PASSED] - loc = element.getLocation(): null

27-02-2025T17:20:58 - [TEST_STEP][PASSED] - if (debug): null

27-02-2025T17:20:58 - [TEST_STEP][PASSED] - y = loc.getY(): null

27-02-2025T17:20:58 - [TEST_STEP][PASSED] - println("Y location is " + y): null

27-02-2025T17:20:58 - [TEST_STEP][PASSED] - top = getViewportTopPosition(): Current viewport's top (y) position is 379

27-02-2025T17:20:58 - [MESSAGE][PASSED] - Current viewport's top (y) position is 379

27-02-2025T17:20:58 - [TEST_STEP][PASSED] - println("Viewport top is " + top): null

27-02-2025T17:20:58 - [TEST_STEP][PASSED] - bottom = top + 600: null

27-02-2025T17:20:58 - [TEST_STEP][PASSED] - if (y - top < 150 || bottom - y < 10): null

27-02-2025T17:20:58 - [TEST_STEP][PASSED] - elem.click(): null

27-02-2025T17:20:58 - [TEST_STEP][PASSED] - myValue = element.getAttribute("value"): null

27-02-2025T17:20:58 - [TEST_STEP][PASSED] - if (debug): null

27-02-2025T17:20:58 - [TEST_STEP][PASSED] - if (myValue.length() >= 4): null

27-02-2025T17:20:58 - [TEST_STEP][PASSED] - if (myValue.substring(0, 4) == "(!) "): null

27-02-2025T17:20:58 - [TEST_STEP][PASSED] - myType = element.getAttribute("type"): null

27-02-2025T17:20:58 - [TEST_STEP][PASSED] - if (myValue in varParms[i]): null

27-02-2025T17:20:58 - [TEST_STEP][PASSED] - else: null

27-02-2025T17:20:58 - [TEST_STEP][PASSED] - inList = false: null

27-02-2025T17:20:58 - [TEST_STEP][PASSED] - if (myType == "checkbox"): null

27-02-2025T17:20:58 - [TEST_STEP][PASSED] - myStatus = element.isSelected(): null

27-02-2025T17:20:58 - [TEST_STEP][PASSED] - if (debug): null

27-02-2025T17:20:58 - [TEST_STEP][PASSED] - if (toggle && myStatus && inList): null

27-02-2025T17:20:58 - [TEST_STEP][PASSED] - if (!(myStatus) && inList || myStatus && !(inList)): null

27-02-2025T17:20:58 - [TEST_STEP][PASSED] - myValue = element.getAttribute("value"): null

27-02-2025T17:20:58 - [TEST_STEP][PASSED] - if (debug): null

27-02-2025T17:20:58 - [TEST_STEP][PASSED] - if (myValue.length() >= 4): null

27-02-2025T17:20:58 - [TEST_STEP][PASSED] - if (myValue.substring(0, 4) == "(!) "): null

27-02-2025T17:20:58 - [TEST_STEP][PASSED] - myValue = myValue.substring(4): null

27-02-2025T17:20:58 - [TEST_STEP][PASSED] - if (debug): null

27-02-2025T17:20:58 - [TEST_STEP][PASSED] - myType = element.getAttribute("type"): null

27-02-2025T17:20:58 - [TEST_STEP][PASSED] - if (myValue in varParms[i]): null

27-02-2025T17:20:58 - [TEST_STEP][PASSED] - else: null

27-02-2025T17:20:58 - [TEST_STEP][PASSED] - inList = false: null

27-02-2025T17:20:58 - [TEST_STEP][PASSED] - if (myType == "checkbox"): null

27-02-2025T17:20:58 - [TEST_STEP][PASSED] - myStatus = element.isSelected(): null

27-02-2025T17:20:58 - [TEST_STEP][PASSED] - if (debug): null

27-02-2025T17:20:58 - [TEST_STEP][PASSED] - if (toggle && myStatus && inList): null

27-02-2025T17:20:58 - [TEST_STEP][PASSED] - if (!(myStatus) && inList || myStatus && !(inList)): null

27-02-2025T17:20:58 - [TEST_STEP][PASSED] - frame.dispose(): null

27-02-2025T17:20:58 - [MESSAGE][PASSED] - Call Test Case 'Test Cases/_Functions/Click on Group Elements' successfully

27-02-2025T17:20:58 - [TEST_STEP][PASSED] - if (varWhen_available != null): Call Test Case 'Test Cases/_Functions/Perform Action' successfully

27-02-2025T17:20:58 - [TEST_STEP][PASSED] - object = "Object Repository/Education Candidate Profile/Tabs/Availability/select_When Available": null

27-02-2025T17:20:58 - [TEST_STEP][PASSED] - parm1 = varWhen_available: null

27-02-2025T17:20:58 - [TEST_STEP][PASSED] - callTestCase(findTestCase("_Functions/Perform Action"), ["varAction":"selectOptionByValue", "varObject":object, "varParm1":parm1], STOP_ON_FAILURE): Call Test Case 'Test Cases/_Functions/Perform Action' successfully

27-02-2025T17:20:58 - [TEST_CASE][PASSED] - Test Cases/_Functions/Perform Action: Test Cases/_Functions/Perform Action

27-02-2025T17:20:58 - [TEST_STEP][PASSED] - action = varAction: null

27-02-2025T17:20:58 - [TEST_STEP][PASSED] - println(action): null

27-02-2025T17:20:58 - [TEST_STEP][PASSED] - testObject = varObject: null

27-02-2025T17:20:58 - [TEST_STEP][PASSED] - println(testObject): null

27-02-2025T17:20:58 - [TEST_STEP][PASSED] - parm1 = varParm1: null

27-02-2025T17:20:58 - [TEST_STEP][PASSED] - println(parm1): null

27-02-2025T17:20:58 - [TEST_STEP][PASSED] - println("Converting " + testObject + " to web element"): null

27-02-2025T17:20:58 - [TEST_STEP][PASSED] - element = findWebElement(findTestObject(testObject), 1): null

27-02-2025T17:20:58 - [TEST_STEP][PASSED] - loc = element.getLocation(): null

27-02-2025T17:20:58 - [TEST_STEP][PASSED] - y = loc.getY(): null

27-02-2025T17:20:58 - [TEST_STEP][PASSED] - println("Y location is " + y): null

27-02-2025T17:20:58 - [TEST_STEP][PASSED] - top = getViewportTopPosition(): Current viewport's top (y) position is 379

27-02-2025T17:20:58 - [MESSAGE][PASSED] - Current viewport's top (y) position is 379

27-02-2025T17:20:58 - [TEST_STEP][PASSED] - println("Viewport top is " + top): null

27-02-2025T17:20:58 - [TEST_STEP][PASSED] - bottom = top + 600: null

27-02-2025T17:20:58 - [TEST_STEP][PASSED] - if (y - top < 150 || bottom - y < 10): Delayed 1 second(s)

27-02-2025T17:20:58 - [TEST_STEP][PASSED] - scrollToPosition(0, y - 150): Browser is scrolled to position x = 0, y = 325

27-02-2025T17:20:58 - [MESSAGE][PASSED] - Browser is scrolled to position x = 0, y = 325

27-02-2025T17:20:58 - [TEST_STEP][PASSED] - delay(1): Delayed 1 second(s)

27-02-2025T17:20:59 - [MESSAGE][PASSED] - Delayed 1 second(s)

27-02-2025T17:20:59 - [TEST_STEP][PASSED] - if (action == "click"): null

27-02-2025T17:20:59 - [TEST_STEP][PASSED] - else if (action == "selectOptionByValue"): All options with value 'In one to two years' are selected in object 'Object Repository/Education Candidate Profile/Tabs/Availability/select_When Available' 

27-02-2025T17:20:59 - [TEST_STEP][PASSED] - println("Selecting " + parm1): null

27-02-2025T17:20:59 - [TEST_STEP][PASSED] - selectOptionByValue(findTestObject(testObject), parm1, false): All options with value 'In one to two years' are selected in object 'Object Repository/Education Candidate Profile/Tabs/Availability/select_When Available' 

27-02-2025T17:20:59 - [MESSAGE][PASSED] - All options with value 'In one to two years' are selected in object 'Object Repository/Education Candidate Profile/Tabs/Availability/select_When Available' 

27-02-2025T17:20:59 - [MESSAGE][PASSED] - Call Test Case 'Test Cases/_Functions/Perform Action' successfully

27-02-2025T17:20:59 - [TEST_STEP][PASSED] - if (varRelocation_options != null): Call Test Case 'Test Cases/_Functions/Perform Action' successfully

27-02-2025T17:20:59 - [TEST_STEP][PASSED] - object = "Object Repository/Education Candidate Profile/Tabs/Availability/select_Relocation Option(s)": null

27-02-2025T17:20:59 - [TEST_STEP][PASSED] - parm1 = varRelocation_options: null

27-02-2025T17:20:59 - [TEST_STEP][PASSED] - callTestCase(findTestCase("_Functions/Perform Action"), ["varAction":"selectOptionByValue", "varObject":object, "varParm1":parm1], STOP_ON_FAILURE): Call Test Case 'Test Cases/_Functions/Perform Action' successfully

27-02-2025T17:20:59 - [TEST_CASE][PASSED] - Test Cases/_Functions/Perform Action: Test Cases/_Functions/Perform Action

27-02-2025T17:20:59 - [TEST_STEP][PASSED] - action = varAction: null

27-02-2025T17:20:59 - [TEST_STEP][PASSED] - println(action): null

27-02-2025T17:20:59 - [TEST_STEP][PASSED] - testObject = varObject: null

27-02-2025T17:20:59 - [TEST_STEP][PASSED] - println(testObject): null

27-02-2025T17:20:59 - [TEST_STEP][PASSED] - parm1 = varParm1: null

27-02-2025T17:20:59 - [TEST_STEP][PASSED] - println(parm1): null

27-02-2025T17:20:59 - [TEST_STEP][PASSED] - println("Converting " + testObject + " to web element"): null

27-02-2025T17:20:59 - [TEST_STEP][PASSED] - element = findWebElement(findTestObject(testObject), 1): null

27-02-2025T17:20:59 - [TEST_STEP][PASSED] - loc = element.getLocation(): null

27-02-2025T17:20:59 - [TEST_STEP][PASSED] - y = loc.getY(): null

27-02-2025T17:20:59 - [TEST_STEP][PASSED] - println("Y location is " + y): null

27-02-2025T17:20:59 - [TEST_STEP][PASSED] - top = getViewportTopPosition(): Current viewport's top (y) position is 325

27-02-2025T17:20:59 - [MESSAGE][PASSED] - Current viewport's top (y) position is 325

27-02-2025T17:20:59 - [TEST_STEP][PASSED] - println("Viewport top is " + top): null

27-02-2025T17:20:59 - [TEST_STEP][PASSED] - bottom = top + 600: null

27-02-2025T17:20:59 - [TEST_STEP][PASSED] - if (y - top < 150 || bottom - y < 10): null

27-02-2025T17:20:59 - [TEST_STEP][PASSED] - if (action == "click"): null

27-02-2025T17:20:59 - [TEST_STEP][PASSED] - else if (action == "selectOptionByValue"): All options with value '(!) Not sure' are selected in object 'Object Repository/Education Candidate Profile/Tabs/Availability/select_Relocation Option(s)' 

27-02-2025T17:20:59 - [TEST_STEP][PASSED] - println("Selecting " + parm1): null

27-02-2025T17:20:59 - [TEST_STEP][PASSED] - selectOptionByValue(findTestObject(testObject), parm1, false): All options with value '(!) Not sure' are selected in object 'Object Repository/Education Candidate Profile/Tabs/Availability/select_Relocation Option(s)' 

27-02-2025T17:20:59 - [MESSAGE][PASSED] - All options with value '(!) Not sure' are selected in object 'Object Repository/Education Candidate Profile/Tabs/Availability/select_Relocation Option(s)' 

27-02-2025T17:20:59 - [MESSAGE][PASSED] - Call Test Case 'Test Cases/_Functions/Perform Action' successfully

27-02-2025T17:20:59 - [TEST_STEP][PASSED] - object = "Education Candidate Profile/Tabs/Availability/btn_Submit": null

27-02-2025T17:20:59 - [TEST_STEP][PASSED] - callTestCase(findTestCase("_Functions/Perform Action"), ["varAction":"click", "varObject":object], STOP_ON_FAILURE): Call Test Case 'Test Cases/_Functions/Perform Action' successfully

27-02-2025T17:20:59 - [TEST_CASE][PASSED] - Test Cases/_Functions/Perform Action: Test Cases/_Functions/Perform Action

27-02-2025T17:20:59 - [TEST_STEP][PASSED] - action = varAction: null

27-02-2025T17:20:59 - [TEST_STEP][PASSED] - println(action): null

27-02-2025T17:20:59 - [TEST_STEP][PASSED] - testObject = varObject: null

27-02-2025T17:20:59 - [TEST_STEP][PASSED] - println(testObject): null

27-02-2025T17:20:59 - [TEST_STEP][PASSED] - parm1 = varParm1: null

27-02-2025T17:20:59 - [TEST_STEP][PASSED] - println(parm1): null

27-02-2025T17:20:59 - [TEST_STEP][PASSED] - println("Converting " + testObject + " to web element"): null

27-02-2025T17:20:59 - [TEST_STEP][PASSED] - element = findWebElement(findTestObject(testObject), 1): null

27-02-2025T17:20:59 - [TEST_STEP][PASSED] - loc = element.getLocation(): null

27-02-2025T17:20:59 - [TEST_STEP][PASSED] - y = loc.getY(): null

27-02-2025T17:20:59 - [TEST_STEP][PASSED] - println("Y location is " + y): null

27-02-2025T17:20:59 - [TEST_STEP][PASSED] - top = getViewportTopPosition(): Current viewport's top (y) position is 325

27-02-2025T17:20:59 - [MESSAGE][PASSED] - Current viewport's top (y) position is 325

27-02-2025T17:20:59 - [TEST_STEP][PASSED] - println("Viewport top is " + top): null

27-02-2025T17:20:59 - [TEST_STEP][PASSED] - bottom = top + 600: null

27-02-2025T17:20:59 - [TEST_STEP][PASSED] - if (y - top < 150 || bottom - y < 10): null

27-02-2025T17:20:59 - [TEST_STEP][PASSED] - if (action == "click"): Object: 'Object Repository/Education Candidate Profile/Tabs/Availability/btn_Submit' is clicked on

27-02-2025T17:20:59 - [TEST_STEP][PASSED] - println("clicking"): null

27-02-2025T17:20:59 - [TEST_STEP][PASSED] - click(findTestObject(testObject)): Object: 'Object Repository/Education Candidate Profile/Tabs/Availability/btn_Submit' is clicked on

27-02-2025T17:21:04 - [MESSAGE][PASSED] - Object: 'Object Repository/Education Candidate Profile/Tabs/Availability/btn_Submit' is clicked on

27-02-2025T17:21:04 - [MESSAGE][PASSED] - Call Test Case 'Test Cases/_Functions/Perform Action' successfully

27-02-2025T17:21:04 - [MESSAGE][PASSED] - Call Test Case 'Test Cases/Education Candidate Profile/Tabs/Set Availability' successfully

27-02-2025T17:21:04 - [TEST_STEP][PASSED] - if (pages.size() == 0 || "All" in pages || "Preferences" in pages): Call Test Case 'Test Cases/Education Candidate Profile/Tabs/Set Preferences' successfully

27-02-2025T17:21:04 - [TEST_STEP][PASSED] - if (!(fastPath)): Call Test Case 'Test Cases/_Functions/Get Selections from CSV File' successfully

27-02-2025T17:21:04 - [TEST_STEP][PASSED] - click(findTestObject("Object Repository/Education Candidate Profile/Tabs/a_Preferences")): Object: 'Object Repository/Education Candidate Profile/Tabs/a_Preferences' is clicked on

27-02-2025T17:21:05 - [MESSAGE][PASSED] - Object: 'Object Repository/Education Candidate Profile/Tabs/a_Preferences' is clicked on

27-02-2025T17:21:05 - [TEST_STEP][PASSED] - positions = callTestCase(findTestCase("_Functions/Get Selections from CSV File"), ["varFileName":"Education Candidate Forms/preferred positions.csv", "varSelections":"positions"], STOP_ON_FAILURE): Call Test Case 'Test Cases/_Functions/Get Selections from CSV File' successfully

27-02-2025T17:21:05 - [TEST_CASE][PASSED] - Test Cases/_Functions/Get Selections from CSV File: Test Cases/_Functions/Get Selections from CSV File

27-02-2025T17:21:05 - [TEST_STEP][PASSED] - if (fastPath): null

27-02-2025T17:21:05 - [TEST_STEP][PASSED] - reader = <not implemented yet for class: org.codehaus.groovy.ast.expr.EmptyExpression>: null

27-02-2025T17:21:05 - [TEST_STEP][PASSED] - checked = []: null

27-02-2025T17:21:05 - [TEST_STEP][PASSED] - reader = new java.io.BufferedReader(new java.io.FileReader((/Users/cckozie/git/MissionNext-Katalon-Koz/Data Files/ + varFileName))): null

27-02-2025T17:21:05 - [TEST_STEP][PASSED] - line = reader.readLine(): null

27-02-2025T17:21:05 - [TEST_STEP][PASSED] - include = false: null

27-02-2025T17:21:05 - [TEST_STEP][PASSED] - frame = new javax.swing.JFrame(): null

27-02-2025T17:21:05 - [TEST_STEP][PASSED] - p = new javax.swing.JPanel(): null

27-02-2025T17:21:05 - [TEST_STEP][PASSED] - l = new javax.swing.JLabel(Loading selections from file..., javax.swing.SwingConstants.CENTER): null

27-02-2025T17:21:05 - [TEST_STEP][PASSED] - frame.add(l): null

27-02-2025T17:21:05 - [TEST_STEP][PASSED] - frame.setSize(300, 100): null

27-02-2025T17:21:05 - [TEST_STEP][PASSED] - frame.setLocation(600, 0): null

27-02-2025T17:21:05 - [TEST_STEP][PASSED] - frame.setAlwaysOnTop(true): null

27-02-2025T17:21:05 - [TEST_STEP][PASSED] - frame.show(): null

27-02-2025T17:21:05 - [TEST_STEP][PASSED] - while (line != null): null

27-02-2025T17:21:05 - [TEST_STEP][PASSED] - println(line): null

27-02-2025T17:21:05 - [TEST_STEP][PASSED] - group = line.indexOf("<Group>"): null

27-02-2025T17:21:05 - [TEST_STEP][PASSED] - println(group): null

27-02-2025T17:21:05 - [TEST_STEP][PASSED] - if (group >= 0): null

27-02-2025T17:21:05 - [TEST_STEP][PASSED] - selections = line.substring(group + 7, line.length() - 1): null

27-02-2025T17:21:05 - [TEST_STEP][PASSED] - println(selections): null

27-02-2025T17:21:05 - [TEST_STEP][PASSED] - if (selections == varSelections): null

27-02-2025T17:21:05 - [TEST_STEP][PASSED] - include = true: null

27-02-2025T17:21:05 - [TEST_STEP][PASSED] - line = reader.readLine(): null

27-02-2025T17:21:05 - [TEST_STEP][PASSED] - println(line): null

27-02-2025T17:21:05 - [TEST_STEP][PASSED] - group = line.indexOf("<Group>"): null

27-02-2025T17:21:05 - [TEST_STEP][PASSED] - println(group): null

27-02-2025T17:21:05 - [TEST_STEP][PASSED] - if (group >= 0): null

27-02-2025T17:21:05 - [TEST_STEP][PASSED] - else: null

27-02-2025T17:21:05 - [TEST_STEP][PASSED] - if (include): null

27-02-2025T17:21:05 - [TEST_STEP][PASSED] - println(line): null

27-02-2025T17:21:05 - [TEST_STEP][PASSED] - comma = line.indexOf(",y"): null

27-02-2025T17:21:05 - [TEST_STEP][PASSED] - if (comma > 0): null

27-02-2025T17:21:05 - [TEST_STEP][PASSED] - line = reader.readLine(): null

27-02-2025T17:21:05 - [TEST_STEP][PASSED] - println(line): null

27-02-2025T17:21:05 - [TEST_STEP][PASSED] - group = line.indexOf("<Group>"): null

27-02-2025T17:21:05 - [TEST_STEP][PASSED] - println(group): null

27-02-2025T17:21:05 - [TEST_STEP][PASSED] - if (group >= 0): null

27-02-2025T17:21:05 - [TEST_STEP][PASSED] - else: null

27-02-2025T17:21:05 - [TEST_STEP][PASSED] - if (include): null

27-02-2025T17:21:05 - [TEST_STEP][PASSED] - println(line): null

27-02-2025T17:21:05 - [TEST_STEP][PASSED] - comma = line.indexOf(",y"): null

27-02-2025T17:21:05 - [TEST_STEP][PASSED] - if (comma > 0): null

27-02-2025T17:21:05 - [TEST_STEP][PASSED] - line = reader.readLine(): null

27-02-2025T17:21:05 - [TEST_STEP][PASSED] - println(line): null

27-02-2025T17:21:05 - [TEST_STEP][PASSED] - group = line.indexOf("<Group>"): null

27-02-2025T17:21:05 - [TEST_STEP][PASSED] - println(group): null

27-02-2025T17:21:05 - [TEST_STEP][PASSED] - if (group >= 0): null

27-02-2025T17:21:05 - [TEST_STEP][PASSED] - else: null

27-02-2025T17:21:05 - [TEST_STEP][PASSED] - if (include): null

27-02-2025T17:21:05 - [TEST_STEP][PASSED] - println(line): null

27-02-2025T17:21:05 - [TEST_STEP][PASSED] - comma = line.indexOf(",y"): null

27-02-2025T17:21:05 - [TEST_STEP][PASSED] - if (comma > 0): null

27-02-2025T17:21:05 - [TEST_STEP][PASSED] - commaCount = StringUtils.countMatches(line, ","): null

27-02-2025T17:21:05 - [TEST_STEP][PASSED] - if (commaCount > 1): null

27-02-2025T17:21:05 - [TEST_STEP][PASSED] - else: null

27-02-2025T17:21:05 - [TEST_STEP][PASSED] - label = line.substring(1, comma): null

27-02-2025T17:21:05 - [TEST_STEP][PASSED] - println(label): null

27-02-2025T17:21:05 - [TEST_STEP][PASSED] - checked.add(label): null

27-02-2025T17:21:05 - [TEST_STEP][PASSED] - line = reader.readLine(): null

27-02-2025T17:21:05 - [TEST_STEP][PASSED] - println(line): null

27-02-2025T17:21:05 - [TEST_STEP][PASSED] - group = line.indexOf("<Group>"): null

27-02-2025T17:21:05 - [TEST_STEP][PASSED] - println(group): null

27-02-2025T17:21:05 - [TEST_STEP][PASSED] - if (group >= 0): null

27-02-2025T17:21:05 - [TEST_STEP][PASSED] - else: null

27-02-2025T17:21:05 - [TEST_STEP][PASSED] - if (include): null

27-02-2025T17:21:05 - [TEST_STEP][PASSED] - println(line): null

27-02-2025T17:21:05 - [TEST_STEP][PASSED] - comma = line.indexOf(",y"): null

27-02-2025T17:21:05 - [TEST_STEP][PASSED] - if (comma > 0): null

27-02-2025T17:21:05 - [TEST_STEP][PASSED] - line = reader.readLine(): null

27-02-2025T17:21:05 - [TEST_STEP][PASSED] - println(line): null

27-02-2025T17:21:05 - [TEST_STEP][PASSED] - group = line.indexOf("<Group>"): null

27-02-2025T17:21:05 - [TEST_STEP][PASSED] - println(group): null

27-02-2025T17:21:05 - [TEST_STEP][PASSED] - if (group >= 0): null

27-02-2025T17:21:05 - [TEST_STEP][PASSED] - else: null

27-02-2025T17:21:05 - [TEST_STEP][PASSED] - if (include): null

27-02-2025T17:21:05 - [TEST_STEP][PASSED] - println(line): null

27-02-2025T17:21:05 - [TEST_STEP][PASSED] - comma = line.indexOf(",y"): null

27-02-2025T17:21:05 - [TEST_STEP][PASSED] - if (comma > 0): null

27-02-2025T17:21:05 - [TEST_STEP][PASSED] - line = reader.readLine(): null

27-02-2025T17:21:05 - [TEST_STEP][PASSED] - println(line): null

27-02-2025T17:21:05 - [TEST_STEP][PASSED] - group = line.indexOf("<Group>"): null

27-02-2025T17:21:05 - [TEST_STEP][PASSED] - println(group): null

27-02-2025T17:21:05 - [TEST_STEP][PASSED] - if (group >= 0): null

27-02-2025T17:21:05 - [TEST_STEP][PASSED] - else: null

27-02-2025T17:21:05 - [TEST_STEP][PASSED] - if (include): null

27-02-2025T17:21:05 - [TEST_STEP][PASSED] - println(line): null

27-02-2025T17:21:05 - [TEST_STEP][PASSED] - comma = line.indexOf(",y"): null

27-02-2025T17:21:05 - [TEST_STEP][PASSED] - if (comma > 0): null

27-02-2025T17:21:05 - [TEST_STEP][PASSED] - line = reader.readLine(): null

27-02-2025T17:21:05 - [TEST_STEP][PASSED] - println(line): null

27-02-2025T17:21:05 - [TEST_STEP][PASSED] - group = line.indexOf("<Group>"): null

27-02-2025T17:21:05 - [TEST_STEP][PASSED] - println(group): null

27-02-2025T17:21:05 - [TEST_STEP][PASSED] - if (group >= 0): null

27-02-2025T17:21:05 - [TEST_STEP][PASSED] - else: null

27-02-2025T17:21:05 - [TEST_STEP][PASSED] - if (include): null

27-02-2025T17:21:05 - [TEST_STEP][PASSED] - println(line): null

27-02-2025T17:21:05 - [TEST_STEP][PASSED] - comma = line.indexOf(",y"): null

27-02-2025T17:21:05 - [TEST_STEP][PASSED] - if (comma > 0): null

27-02-2025T17:21:05 - [TEST_STEP][PASSED] - line = reader.readLine(): null

27-02-2025T17:21:05 - [TEST_STEP][PASSED] - println(line): null

27-02-2025T17:21:05 - [TEST_STEP][PASSED] - group = line.indexOf("<Group>"): null

27-02-2025T17:21:05 - [TEST_STEP][PASSED] - println(group): null

27-02-2025T17:21:05 - [TEST_STEP][PASSED] - if (group >= 0): null

27-02-2025T17:21:05 - [TEST_STEP][PASSED] - else: null

27-02-2025T17:21:05 - [TEST_STEP][PASSED] - if (include): null

27-02-2025T17:21:05 - [TEST_STEP][PASSED] - println(line): null

27-02-2025T17:21:05 - [TEST_STEP][PASSED] - comma = line.indexOf(",y"): null

27-02-2025T17:21:05 - [TEST_STEP][PASSED] - if (comma > 0): null

27-02-2025T17:21:05 - [TEST_STEP][PASSED] - commaCount = StringUtils.countMatches(line, ","): null

27-02-2025T17:21:05 - [TEST_STEP][PASSED] - if (commaCount > 1): null

27-02-2025T17:21:05 - [TEST_STEP][PASSED] - else: null

27-02-2025T17:21:05 - [TEST_STEP][PASSED] - label = line.substring(1, comma): null

27-02-2025T17:21:05 - [TEST_STEP][PASSED] - println(label): null

27-02-2025T17:21:05 - [TEST_STEP][PASSED] - checked.add(label): null

27-02-2025T17:21:05 - [TEST_STEP][PASSED] - line = reader.readLine(): null

27-02-2025T17:21:05 - [TEST_STEP][PASSED] - println(line): null

27-02-2025T17:21:05 - [TEST_STEP][PASSED] - group = line.indexOf("<Group>"): null

27-02-2025T17:21:05 - [TEST_STEP][PASSED] - println(group): null

27-02-2025T17:21:05 - [TEST_STEP][PASSED] - if (group >= 0): null

27-02-2025T17:21:05 - [TEST_STEP][PASSED] - else: null

27-02-2025T17:21:05 - [TEST_STEP][PASSED] - if (include): null

27-02-2025T17:21:05 - [TEST_STEP][PASSED] - println(line): null

27-02-2025T17:21:05 - [TEST_STEP][PASSED] - comma = line.indexOf(",y"): null

27-02-2025T17:21:05 - [TEST_STEP][PASSED] - if (comma > 0): null

27-02-2025T17:21:05 - [TEST_STEP][PASSED] - line = reader.readLine(): null

27-02-2025T17:21:05 - [TEST_STEP][PASSED] - println(line): null

27-02-2025T17:21:05 - [TEST_STEP][PASSED] - group = line.indexOf("<Group>"): null

27-02-2025T17:21:05 - [TEST_STEP][PASSED] - println(group): null

27-02-2025T17:21:05 - [TEST_STEP][PASSED] - if (group >= 0): null

27-02-2025T17:21:05 - [TEST_STEP][PASSED] - else: null

27-02-2025T17:21:05 - [TEST_STEP][PASSED] - if (include): null

27-02-2025T17:21:05 - [TEST_STEP][PASSED] - println(line): null

27-02-2025T17:21:05 - [TEST_STEP][PASSED] - comma = line.indexOf(",y"): null

27-02-2025T17:21:05 - [TEST_STEP][PASSED] - if (comma > 0): null

27-02-2025T17:21:05 - [TEST_STEP][PASSED] - line = reader.readLine(): null

27-02-2025T17:21:05 - [TEST_STEP][PASSED] - println(line): null

27-02-2025T17:21:05 - [TEST_STEP][PASSED] - group = line.indexOf("<Group>"): null

27-02-2025T17:21:05 - [TEST_STEP][PASSED] - println(group): null

27-02-2025T17:21:05 - [TEST_STEP][PASSED] - if (group >= 0): null

27-02-2025T17:21:05 - [TEST_STEP][PASSED] - else: null

27-02-2025T17:21:05 - [TEST_STEP][PASSED] - if (include): null

27-02-2025T17:21:05 - [TEST_STEP][PASSED] - println(line): null

27-02-2025T17:21:05 - [TEST_STEP][PASSED] - comma = line.indexOf(",y"): null

27-02-2025T17:21:05 - [TEST_STEP][PASSED] - if (comma > 0): null

27-02-2025T17:21:05 - [TEST_STEP][PASSED] - line = reader.readLine(): null

27-02-2025T17:21:05 - [TEST_STEP][PASSED] - println(line): null

27-02-2025T17:21:05 - [TEST_STEP][PASSED] - group = line.indexOf("<Group>"): null

27-02-2025T17:21:05 - [TEST_STEP][PASSED] - println(group): null

27-02-2025T17:21:05 - [TEST_STEP][PASSED] - if (group >= 0): null

27-02-2025T17:21:05 - [TEST_STEP][PASSED] - else: null

27-02-2025T17:21:05 - [TEST_STEP][PASSED] - if (include): null

27-02-2025T17:21:05 - [TEST_STEP][PASSED] - println(line): null

27-02-2025T17:21:05 - [TEST_STEP][PASSED] - comma = line.indexOf(",y"): null

27-02-2025T17:21:05 - [TEST_STEP][PASSED] - if (comma > 0): null

27-02-2025T17:21:05 - [TEST_STEP][PASSED] - line = reader.readLine(): null

27-02-2025T17:21:05 - [TEST_STEP][PASSED] - println(line): null

27-02-2025T17:21:05 - [TEST_STEP][PASSED] - group = line.indexOf("<Group>"): null

27-02-2025T17:21:05 - [TEST_STEP][PASSED] - println(group): null

27-02-2025T17:21:05 - [TEST_STEP][PASSED] - if (group >= 0): null

27-02-2025T17:21:05 - [TEST_STEP][PASSED] - else: null

27-02-2025T17:21:05 - [TEST_STEP][PASSED] - if (include): null

27-02-2025T17:21:05 - [TEST_STEP][PASSED] - println(line): null

27-02-2025T17:21:05 - [TEST_STEP][PASSED] - comma = line.indexOf(",y"): null

27-02-2025T17:21:05 - [TEST_STEP][PASSED] - if (comma > 0): null

27-02-2025T17:21:05 - [TEST_STEP][PASSED] - line = reader.readLine(): null

27-02-2025T17:21:05 - [TEST_STEP][PASSED] - println(line): null

27-02-2025T17:21:05 - [TEST_STEP][PASSED] - group = line.indexOf("<Group>"): null

27-02-2025T17:21:05 - [TEST_STEP][PASSED] - println(group): null

27-02-2025T17:21:05 - [TEST_STEP][PASSED] - if (group >= 0): null

27-02-2025T17:21:05 - [TEST_STEP][PASSED] - else: null

27-02-2025T17:21:05 - [TEST_STEP][PASSED] - if (include): null

27-02-2025T17:21:05 - [TEST_STEP][PASSED] - println(line): null

27-02-2025T17:21:05 - [TEST_STEP][PASSED] - comma = line.indexOf(",y"): null

27-02-2025T17:21:05 - [TEST_STEP][PASSED] - if (comma > 0): null

27-02-2025T17:21:05 - [TEST_STEP][PASSED] - line = reader.readLine(): null

27-02-2025T17:21:05 - [TEST_STEP][PASSED] - println(line): null

27-02-2025T17:21:05 - [TEST_STEP][PASSED] - group = line.indexOf("<Group>"): null

27-02-2025T17:21:05 - [TEST_STEP][PASSED] - println(group): null

27-02-2025T17:21:05 - [TEST_STEP][PASSED] - if (group >= 0): null

27-02-2025T17:21:05 - [TEST_STEP][PASSED] - else: null

27-02-2025T17:21:05 - [TEST_STEP][PASSED] - if (include): null

27-02-2025T17:21:05 - [TEST_STEP][PASSED] - println(line): null

27-02-2025T17:21:05 - [TEST_STEP][PASSED] - comma = line.indexOf(",y"): null

27-02-2025T17:21:05 - [TEST_STEP][PASSED] - if (comma > 0): null

27-02-2025T17:21:05 - [TEST_STEP][PASSED] - line = reader.readLine(): null

27-02-2025T17:21:05 - [TEST_STEP][PASSED] - println(line): null

27-02-2025T17:21:05 - [TEST_STEP][PASSED] - group = line.indexOf("<Group>"): null

27-02-2025T17:21:05 - [TEST_STEP][PASSED] - println(group): null

27-02-2025T17:21:05 - [TEST_STEP][PASSED] - if (group >= 0): null

27-02-2025T17:21:05 - [TEST_STEP][PASSED] - else: null

27-02-2025T17:21:05 - [TEST_STEP][PASSED] - if (include): null

27-02-2025T17:21:05 - [TEST_STEP][PASSED] - println(line): null

27-02-2025T17:21:05 - [TEST_STEP][PASSED] - comma = line.indexOf(",y"): null

27-02-2025T17:21:05 - [TEST_STEP][PASSED] - if (comma > 0): null

27-02-2025T17:21:05 - [TEST_STEP][PASSED] - line = reader.readLine(): null

27-02-2025T17:21:05 - [TEST_STEP][PASSED] - println(line): null

27-02-2025T17:21:05 - [TEST_STEP][PASSED] - group = line.indexOf("<Group>"): null

27-02-2025T17:21:05 - [TEST_STEP][PASSED] - println(group): null

27-02-2025T17:21:05 - [TEST_STEP][PASSED] - if (group >= 0): null

27-02-2025T17:21:05 - [TEST_STEP][PASSED] - else: null

27-02-2025T17:21:05 - [TEST_STEP][PASSED] - if (include): null

27-02-2025T17:21:05 - [TEST_STEP][PASSED] - println(line): null

27-02-2025T17:21:05 - [TEST_STEP][PASSED] - comma = line.indexOf(",y"): null

27-02-2025T17:21:05 - [TEST_STEP][PASSED] - if (comma > 0): null

27-02-2025T17:21:05 - [TEST_STEP][PASSED] - line = reader.readLine(): null

27-02-2025T17:21:05 - [TEST_STEP][PASSED] - println(line): null

27-02-2025T17:21:05 - [TEST_STEP][PASSED] - group = line.indexOf("<Group>"): null

27-02-2025T17:21:05 - [TEST_STEP][PASSED] - println(group): null

27-02-2025T17:21:05 - [TEST_STEP][PASSED] - if (group >= 0): null

27-02-2025T17:21:05 - [TEST_STEP][PASSED] - else: null

27-02-2025T17:21:05 - [TEST_STEP][PASSED] - if (include): null

27-02-2025T17:21:05 - [TEST_STEP][PASSED] - println(line): null

27-02-2025T17:21:05 - [TEST_STEP][PASSED] - comma = line.indexOf(",y"): null

27-02-2025T17:21:05 - [TEST_STEP][PASSED] - if (comma > 0): null

27-02-2025T17:21:05 - [TEST_STEP][PASSED] - commaCount = StringUtils.countMatches(line, ","): null

27-02-2025T17:21:05 - [TEST_STEP][PASSED] - if (commaCount > 1): null

27-02-2025T17:21:05 - [TEST_STEP][PASSED] - else: null

27-02-2025T17:21:05 - [TEST_STEP][PASSED] - label = line.substring(1, comma): null

27-02-2025T17:21:05 - [TEST_STEP][PASSED] - println(label): null

27-02-2025T17:21:05 - [TEST_STEP][PASSED] - checked.add(label): null

27-02-2025T17:21:05 - [TEST_STEP][PASSED] - line = reader.readLine(): null

27-02-2025T17:21:05 - [TEST_STEP][PASSED] - println(line): null

27-02-2025T17:21:05 - [TEST_STEP][PASSED] - group = line.indexOf("<Group>"): null

27-02-2025T17:21:05 - [TEST_STEP][PASSED] - println(group): null

27-02-2025T17:21:05 - [TEST_STEP][PASSED] - if (group >= 0): null

27-02-2025T17:21:05 - [TEST_STEP][PASSED] - else: null

27-02-2025T17:21:05 - [TEST_STEP][PASSED] - if (include): null

27-02-2025T17:21:05 - [TEST_STEP][PASSED] - println(line): null

27-02-2025T17:21:05 - [TEST_STEP][PASSED] - comma = line.indexOf(",y"): null

27-02-2025T17:21:05 - [TEST_STEP][PASSED] - if (comma > 0): null

27-02-2025T17:21:05 - [TEST_STEP][PASSED] - line = reader.readLine(): null

27-02-2025T17:21:05 - [TEST_STEP][PASSED] - println(line): null

27-02-2025T17:21:05 - [TEST_STEP][PASSED] - group = line.indexOf("<Group>"): null

27-02-2025T17:21:05 - [TEST_STEP][PASSED] - println(group): null

27-02-2025T17:21:05 - [TEST_STEP][PASSED] - if (group >= 0): null

27-02-2025T17:21:05 - [TEST_STEP][PASSED] - else: null

27-02-2025T17:21:05 - [TEST_STEP][PASSED] - if (include): null

27-02-2025T17:21:05 - [TEST_STEP][PASSED] - println(line): null

27-02-2025T17:21:05 - [TEST_STEP][PASSED] - comma = line.indexOf(",y"): null

27-02-2025T17:21:05 - [TEST_STEP][PASSED] - if (comma > 0): null

27-02-2025T17:21:05 - [TEST_STEP][PASSED] - line = reader.readLine(): null

27-02-2025T17:21:05 - [TEST_STEP][PASSED] - println(line): null

27-02-2025T17:21:05 - [TEST_STEP][PASSED] - group = line.indexOf("<Group>"): null

27-02-2025T17:21:05 - [TEST_STEP][PASSED] - println(group): null

27-02-2025T17:21:05 - [TEST_STEP][PASSED] - if (group >= 0): null

27-02-2025T17:21:05 - [TEST_STEP][PASSED] - else: null

27-02-2025T17:21:05 - [TEST_STEP][PASSED] - if (include): null

27-02-2025T17:21:05 - [TEST_STEP][PASSED] - println(line): null

27-02-2025T17:21:05 - [TEST_STEP][PASSED] - comma = line.indexOf(",y"): null

27-02-2025T17:21:05 - [TEST_STEP][PASSED] - if (comma > 0): null

27-02-2025T17:21:05 - [TEST_STEP][PASSED] - line = reader.readLine(): null

27-02-2025T17:21:05 - [TEST_STEP][PASSED] - println(line): null

27-02-2025T17:21:05 - [TEST_STEP][PASSED] - group = line.indexOf("<Group>"): null

27-02-2025T17:21:05 - [TEST_STEP][PASSED] - println(group): null

27-02-2025T17:21:05 - [TEST_STEP][PASSED] - if (group >= 0): null

27-02-2025T17:21:05 - [TEST_STEP][PASSED] - else: null

27-02-2025T17:21:05 - [TEST_STEP][PASSED] - if (include): null

27-02-2025T17:21:05 - [TEST_STEP][PASSED] - println(line): null

27-02-2025T17:21:05 - [TEST_STEP][PASSED] - comma = line.indexOf(",y"): null

27-02-2025T17:21:05 - [TEST_STEP][PASSED] - if (comma > 0): null

27-02-2025T17:21:05 - [TEST_STEP][PASSED] - line = reader.readLine(): null

27-02-2025T17:21:05 - [TEST_STEP][PASSED] - println(line): null

27-02-2025T17:21:05 - [TEST_STEP][PASSED] - group = line.indexOf("<Group>"): null

27-02-2025T17:21:05 - [TEST_STEP][PASSED] - println(group): null

27-02-2025T17:21:05 - [TEST_STEP][PASSED] - if (group >= 0): null

27-02-2025T17:21:05 - [TEST_STEP][PASSED] - else: null

27-02-2025T17:21:05 - [TEST_STEP][PASSED] - if (include): null

27-02-2025T17:21:05 - [TEST_STEP][PASSED] - println(line): null

27-02-2025T17:21:05 - [TEST_STEP][PASSED] - comma = line.indexOf(",y"): null

27-02-2025T17:21:05 - [TEST_STEP][PASSED] - if (comma > 0): null

27-02-2025T17:21:05 - [TEST_STEP][PASSED] - line = reader.readLine(): null

27-02-2025T17:21:05 - [TEST_STEP][PASSED] - println(line): null

27-02-2025T17:21:05 - [TEST_STEP][PASSED] - group = line.indexOf("<Group>"): null

27-02-2025T17:21:05 - [TEST_STEP][PASSED] - println(group): null

27-02-2025T17:21:05 - [TEST_STEP][PASSED] - if (group >= 0): null

27-02-2025T17:21:05 - [TEST_STEP][PASSED] - else: null

27-02-2025T17:21:05 - [TEST_STEP][PASSED] - if (include): null

27-02-2025T17:21:05 - [TEST_STEP][PASSED] - println(line): null

27-02-2025T17:21:05 - [TEST_STEP][PASSED] - comma = line.indexOf(",y"): null

27-02-2025T17:21:05 - [TEST_STEP][PASSED] - if (comma > 0): null

27-02-2025T17:21:05 - [TEST_STEP][PASSED] - line = reader.readLine(): null

27-02-2025T17:21:05 - [TEST_STEP][PASSED] - println(line): null

27-02-2025T17:21:05 - [TEST_STEP][PASSED] - group = line.indexOf("<Group>"): null

27-02-2025T17:21:05 - [TEST_STEP][PASSED] - println(group): null

27-02-2025T17:21:05 - [TEST_STEP][PASSED] - if (group >= 0): null

27-02-2025T17:21:05 - [TEST_STEP][PASSED] - else: null

27-02-2025T17:21:05 - [TEST_STEP][PASSED] - if (include): null

27-02-2025T17:21:05 - [TEST_STEP][PASSED] - println(line): null

27-02-2025T17:21:05 - [TEST_STEP][PASSED] - comma = line.indexOf(",y"): null

27-02-2025T17:21:05 - [TEST_STEP][PASSED] - if (comma > 0): null

27-02-2025T17:21:05 - [TEST_STEP][PASSED] - line = reader.readLine(): null

27-02-2025T17:21:05 - [TEST_STEP][PASSED] - println(line): null

27-02-2025T17:21:05 - [TEST_STEP][PASSED] - group = line.indexOf("<Group>"): null

27-02-2025T17:21:05 - [TEST_STEP][PASSED] - println(group): null

27-02-2025T17:21:05 - [TEST_STEP][PASSED] - if (group >= 0): null

27-02-2025T17:21:05 - [TEST_STEP][PASSED] - else: null

27-02-2025T17:21:05 - [TEST_STEP][PASSED] - if (include): null

27-02-2025T17:21:05 - [TEST_STEP][PASSED] - println(line): null

27-02-2025T17:21:05 - [TEST_STEP][PASSED] - comma = line.indexOf(",y"): null

27-02-2025T17:21:05 - [TEST_STEP][PASSED] - if (comma > 0): null

27-02-2025T17:21:05 - [TEST_STEP][PASSED] - line = reader.readLine(): null

27-02-2025T17:21:05 - [TEST_STEP][PASSED] - println(line): null

27-02-2025T17:21:05 - [TEST_STEP][PASSED] - group = line.indexOf("<Group>"): null

27-02-2025T17:21:05 - [TEST_STEP][PASSED] - println(group): null

27-02-2025T17:21:05 - [TEST_STEP][PASSED] - if (group >= 0): null

27-02-2025T17:21:05 - [TEST_STEP][PASSED] - else: null

27-02-2025T17:21:05 - [TEST_STEP][PASSED] - if (include): null

27-02-2025T17:21:05 - [TEST_STEP][PASSED] - println(line): null

27-02-2025T17:21:05 - [TEST_STEP][PASSED] - comma = line.indexOf(",y"): null

27-02-2025T17:21:05 - [TEST_STEP][PASSED] - if (comma > 0): null

27-02-2025T17:21:05 - [TEST_STEP][PASSED] - line = reader.readLine(): null

27-02-2025T17:21:05 - [TEST_STEP][PASSED] - println(line): null

27-02-2025T17:21:05 - [TEST_STEP][PASSED] - group = line.indexOf("<Group>"): null

27-02-2025T17:21:05 - [TEST_STEP][PASSED] - println(group): null

27-02-2025T17:21:05 - [TEST_STEP][PASSED] - if (group >= 0): null

27-02-2025T17:21:05 - [TEST_STEP][PASSED] - else: null

27-02-2025T17:21:05 - [TEST_STEP][PASSED] - if (include): null

27-02-2025T17:21:05 - [TEST_STEP][PASSED] - println(line): null

27-02-2025T17:21:05 - [TEST_STEP][PASSED] - comma = line.indexOf(",y"): null

27-02-2025T17:21:05 - [TEST_STEP][PASSED] - if (comma > 0): null

27-02-2025T17:21:05 - [TEST_STEP][PASSED] - commaCount = StringUtils.countMatches(line, ","): null

27-02-2025T17:21:05 - [TEST_STEP][PASSED] - if (commaCount > 1): null

27-02-2025T17:21:05 - [TEST_STEP][PASSED] - else: null

27-02-2025T17:21:05 - [TEST_STEP][PASSED] - label = line.substring(1, comma): null

27-02-2025T17:21:05 - [TEST_STEP][PASSED] - println(label): null

27-02-2025T17:21:05 - [TEST_STEP][PASSED] - checked.add(label): null

27-02-2025T17:21:05 - [TEST_STEP][PASSED] - line = reader.readLine(): null

27-02-2025T17:21:05 - [TEST_STEP][PASSED] - println(line): null

27-02-2025T17:21:05 - [TEST_STEP][PASSED] - group = line.indexOf("<Group>"): null

27-02-2025T17:21:05 - [TEST_STEP][PASSED] - println(group): null

27-02-2025T17:21:05 - [TEST_STEP][PASSED] - if (group >= 0): null

27-02-2025T17:21:05 - [TEST_STEP][PASSED] - else: null

27-02-2025T17:21:05 - [TEST_STEP][PASSED] - if (include): null

27-02-2025T17:21:05 - [TEST_STEP][PASSED] - println(line): null

27-02-2025T17:21:05 - [TEST_STEP][PASSED] - comma = line.indexOf(",y"): null

27-02-2025T17:21:05 - [TEST_STEP][PASSED] - if (comma > 0): null

27-02-2025T17:21:05 - [TEST_STEP][PASSED] - line = reader.readLine(): null

27-02-2025T17:21:05 - [TEST_STEP][PASSED] - println(line): null

27-02-2025T17:21:05 - [TEST_STEP][PASSED] - group = line.indexOf("<Group>"): null

27-02-2025T17:21:05 - [TEST_STEP][PASSED] - println(group): null

27-02-2025T17:21:05 - [TEST_STEP][PASSED] - if (group >= 0): null

27-02-2025T17:21:05 - [TEST_STEP][PASSED] - else: null

27-02-2025T17:21:05 - [TEST_STEP][PASSED] - if (include): null

27-02-2025T17:21:05 - [TEST_STEP][PASSED] - println(line): null

27-02-2025T17:21:05 - [TEST_STEP][PASSED] - comma = line.indexOf(",y"): null

27-02-2025T17:21:05 - [TEST_STEP][PASSED] - if (comma > 0): null

27-02-2025T17:21:05 - [TEST_STEP][PASSED] - line = reader.readLine(): null

27-02-2025T17:21:05 - [TEST_STEP][PASSED] - println(line): null

27-02-2025T17:21:05 - [TEST_STEP][PASSED] - group = line.indexOf("<Group>"): null

27-02-2025T17:21:05 - [TEST_STEP][PASSED] - println(group): null

27-02-2025T17:21:05 - [TEST_STEP][PASSED] - if (group >= 0): null

27-02-2025T17:21:05 - [TEST_STEP][PASSED] - else: null

27-02-2025T17:21:05 - [TEST_STEP][PASSED] - if (include): null

27-02-2025T17:21:05 - [TEST_STEP][PASSED] - println(line): null

27-02-2025T17:21:05 - [TEST_STEP][PASSED] - comma = line.indexOf(",y"): null

27-02-2025T17:21:05 - [TEST_STEP][PASSED] - if (comma > 0): null

27-02-2025T17:21:05 - [TEST_STEP][PASSED] - line = reader.readLine(): null

27-02-2025T17:21:05 - [TEST_STEP][PASSED] - println(line): null

27-02-2025T17:21:05 - [TEST_STEP][PASSED] - group = line.indexOf("<Group>"): null

27-02-2025T17:21:05 - [TEST_STEP][PASSED] - println(group): null

27-02-2025T17:21:05 - [TEST_STEP][PASSED] - if (group >= 0): null

27-02-2025T17:21:05 - [TEST_STEP][PASSED] - else: null

27-02-2025T17:21:05 - [TEST_STEP][PASSED] - if (include): null

27-02-2025T17:21:05 - [TEST_STEP][PASSED] - println(line): null

27-02-2025T17:21:05 - [TEST_STEP][PASSED] - comma = line.indexOf(",y"): null

27-02-2025T17:21:05 - [TEST_STEP][PASSED] - if (comma > 0): null

27-02-2025T17:21:05 - [TEST_STEP][PASSED] - line = reader.readLine(): null

27-02-2025T17:21:05 - [TEST_STEP][PASSED] - println(line): null

27-02-2025T17:21:05 - [TEST_STEP][PASSED] - group = line.indexOf("<Group>"): null

27-02-2025T17:21:05 - [TEST_STEP][PASSED] - println(group): null

27-02-2025T17:21:05 - [TEST_STEP][PASSED] - if (group >= 0): null

27-02-2025T17:21:05 - [TEST_STEP][PASSED] - else: null

27-02-2025T17:21:05 - [TEST_STEP][PASSED] - if (include): null

27-02-2025T17:21:05 - [TEST_STEP][PASSED] - println(line): null

27-02-2025T17:21:05 - [TEST_STEP][PASSED] - comma = line.indexOf(",y"): null

27-02-2025T17:21:05 - [TEST_STEP][PASSED] - if (comma > 0): null

27-02-2025T17:21:05 - [TEST_STEP][PASSED] - commaCount = StringUtils.countMatches(line, ","): null

27-02-2025T17:21:05 - [TEST_STEP][PASSED] - if (commaCount > 1): null

27-02-2025T17:21:05 - [TEST_STEP][PASSED] - else: null

27-02-2025T17:21:05 - [TEST_STEP][PASSED] - label = line.substring(1, comma): null

27-02-2025T17:21:05 - [TEST_STEP][PASSED] - println(label): null

27-02-2025T17:21:05 - [TEST_STEP][PASSED] - checked.add(label): null

27-02-2025T17:21:05 - [TEST_STEP][PASSED] - line = reader.readLine(): null

27-02-2025T17:21:05 - [TEST_STEP][PASSED] - println(line): null

27-02-2025T17:21:05 - [TEST_STEP][PASSED] - group = line.indexOf("<Group>"): null

27-02-2025T17:21:05 - [TEST_STEP][PASSED] - println(group): null

27-02-2025T17:21:05 - [TEST_STEP][PASSED] - if (group >= 0): null

27-02-2025T17:21:05 - [TEST_STEP][PASSED] - else: null

27-02-2025T17:21:05 - [TEST_STEP][PASSED] - if (include): null

27-02-2025T17:21:05 - [TEST_STEP][PASSED] - println(line): null

27-02-2025T17:21:05 - [TEST_STEP][PASSED] - comma = line.indexOf(",y"): null

27-02-2025T17:21:05 - [TEST_STEP][PASSED] - if (comma > 0): null

27-02-2025T17:21:05 - [TEST_STEP][PASSED] - line = reader.readLine(): null

27-02-2025T17:21:05 - [TEST_STEP][PASSED] - println(line): null

27-02-2025T17:21:05 - [TEST_STEP][PASSED] - group = line.indexOf("<Group>"): null

27-02-2025T17:21:05 - [TEST_STEP][PASSED] - println(group): null

27-02-2025T17:21:05 - [TEST_STEP][PASSED] - if (group >= 0): null

27-02-2025T17:21:05 - [TEST_STEP][PASSED] - else: null

27-02-2025T17:21:05 - [TEST_STEP][PASSED] - if (include): null

27-02-2025T17:21:05 - [TEST_STEP][PASSED] - println(line): null

27-02-2025T17:21:05 - [TEST_STEP][PASSED] - comma = line.indexOf(",y"): null

27-02-2025T17:21:05 - [TEST_STEP][PASSED] - if (comma > 0): null

27-02-2025T17:21:05 - [TEST_STEP][PASSED] - line = reader.readLine(): null

27-02-2025T17:21:05 - [TEST_STEP][PASSED] - println(line): null

27-02-2025T17:21:05 - [TEST_STEP][PASSED] - group = line.indexOf("<Group>"): null

27-02-2025T17:21:05 - [TEST_STEP][PASSED] - println(group): null

27-02-2025T17:21:05 - [TEST_STEP][PASSED] - if (group >= 0): null

27-02-2025T17:21:05 - [TEST_STEP][PASSED] - else: null

27-02-2025T17:21:05 - [TEST_STEP][PASSED] - if (include): null

27-02-2025T17:21:05 - [TEST_STEP][PASSED] - println(line): null

27-02-2025T17:21:05 - [TEST_STEP][PASSED] - comma = line.indexOf(",y"): null

27-02-2025T17:21:05 - [TEST_STEP][PASSED] - if (comma > 0): null

27-02-2025T17:21:05 - [TEST_STEP][PASSED] - line = reader.readLine(): null

27-02-2025T17:21:05 - [TEST_STEP][PASSED] - println(line): null

27-02-2025T17:21:05 - [TEST_STEP][PASSED] - group = line.indexOf("<Group>"): null

27-02-2025T17:21:05 - [TEST_STEP][PASSED] - println(group): null

27-02-2025T17:21:05 - [TEST_STEP][PASSED] - if (group >= 0): null

27-02-2025T17:21:05 - [TEST_STEP][PASSED] - else: null

27-02-2025T17:21:05 - [TEST_STEP][PASSED] - if (include): null

27-02-2025T17:21:05 - [TEST_STEP][PASSED] - println(line): null

27-02-2025T17:21:05 - [TEST_STEP][PASSED] - comma = line.indexOf(",y"): null

27-02-2025T17:21:05 - [TEST_STEP][PASSED] - if (comma > 0): null

27-02-2025T17:21:05 - [TEST_STEP][PASSED] - commaCount = StringUtils.countMatches(line, ","): null

27-02-2025T17:21:05 - [TEST_STEP][PASSED] - if (commaCount > 1): null

27-02-2025T17:21:05 - [TEST_STEP][PASSED] - else: null

27-02-2025T17:21:05 - [TEST_STEP][PASSED] - label = line.substring(1, comma): null

27-02-2025T17:21:05 - [TEST_STEP][PASSED] - println(label): null

27-02-2025T17:21:05 - [TEST_STEP][PASSED] - checked.add(label): null

27-02-2025T17:21:05 - [TEST_STEP][PASSED] - line = reader.readLine(): null

27-02-2025T17:21:05 - [TEST_STEP][PASSED] - println(line): null

27-02-2025T17:21:05 - [TEST_STEP][PASSED] - group = line.indexOf("<Group>"): null

27-02-2025T17:21:05 - [TEST_STEP][PASSED] - println(group): null

27-02-2025T17:21:05 - [TEST_STEP][PASSED] - if (group >= 0): null

27-02-2025T17:21:05 - [TEST_STEP][PASSED] - else: null

27-02-2025T17:21:05 - [TEST_STEP][PASSED] - if (include): null

27-02-2025T17:21:05 - [TEST_STEP][PASSED] - println(line): null

27-02-2025T17:21:05 - [TEST_STEP][PASSED] - comma = line.indexOf(",y"): null

27-02-2025T17:21:05 - [TEST_STEP][PASSED] - if (comma > 0): null

27-02-2025T17:21:05 - [TEST_STEP][PASSED] - line = reader.readLine(): null

27-02-2025T17:21:05 - [TEST_STEP][PASSED] - println(line): null

27-02-2025T17:21:05 - [TEST_STEP][PASSED] - group = line.indexOf("<Group>"): null

27-02-2025T17:21:05 - [TEST_STEP][PASSED] - println(group): null

27-02-2025T17:21:05 - [TEST_STEP][PASSED] - if (group >= 0): null

27-02-2025T17:21:05 - [TEST_STEP][PASSED] - else: null

27-02-2025T17:21:05 - [TEST_STEP][PASSED] - if (include): null

27-02-2025T17:21:05 - [TEST_STEP][PASSED] - println(line): null

27-02-2025T17:21:05 - [TEST_STEP][PASSED] - comma = line.indexOf(",y"): null

27-02-2025T17:21:05 - [TEST_STEP][PASSED] - if (comma > 0): null

27-02-2025T17:21:05 - [TEST_STEP][PASSED] - line = reader.readLine(): null

27-02-2025T17:21:05 - [TEST_STEP][PASSED] - println(line): null

27-02-2025T17:21:05 - [TEST_STEP][PASSED] - group = line.indexOf("<Group>"): null

27-02-2025T17:21:05 - [TEST_STEP][PASSED] - println(group): null

27-02-2025T17:21:05 - [TEST_STEP][PASSED] - if (group >= 0): null

27-02-2025T17:21:05 - [TEST_STEP][PASSED] - else: null

27-02-2025T17:21:05 - [TEST_STEP][PASSED] - if (include): null

27-02-2025T17:21:05 - [TEST_STEP][PASSED] - println(line): null

27-02-2025T17:21:05 - [TEST_STEP][PASSED] - comma = line.indexOf(",y"): null

27-02-2025T17:21:05 - [TEST_STEP][PASSED] - if (comma > 0): null

27-02-2025T17:21:05 - [TEST_STEP][PASSED] - line = reader.readLine(): null

27-02-2025T17:21:05 - [TEST_STEP][PASSED] - println(line): null

27-02-2025T17:21:05 - [TEST_STEP][PASSED] - group = line.indexOf("<Group>"): null

27-02-2025T17:21:05 - [TEST_STEP][PASSED] - println(group): null

27-02-2025T17:21:05 - [TEST_STEP][PASSED] - if (group >= 0): null

27-02-2025T17:21:05 - [TEST_STEP][PASSED] - else: null

27-02-2025T17:21:05 - [TEST_STEP][PASSED] - if (include): null

27-02-2025T17:21:05 - [TEST_STEP][PASSED] - println(line): null

27-02-2025T17:21:05 - [TEST_STEP][PASSED] - comma = line.indexOf(",y"): null

27-02-2025T17:21:05 - [TEST_STEP][PASSED] - if (comma > 0): null

27-02-2025T17:21:05 - [TEST_STEP][PASSED] - commaCount = StringUtils.countMatches(line, ","): null

27-02-2025T17:21:05 - [TEST_STEP][PASSED] - if (commaCount > 1): null

27-02-2025T17:21:05 - [TEST_STEP][PASSED] - else: null

27-02-2025T17:21:05 - [TEST_STEP][PASSED] - label = line.substring(1, comma): null

27-02-2025T17:21:05 - [TEST_STEP][PASSED] - println(label): null

27-02-2025T17:21:05 - [TEST_STEP][PASSED] - checked.add(label): null

27-02-2025T17:21:05 - [TEST_STEP][PASSED] - line = reader.readLine(): null

27-02-2025T17:21:05 - [TEST_STEP][PASSED] - println(line): null

27-02-2025T17:21:05 - [TEST_STEP][PASSED] - group = line.indexOf("<Group>"): null

27-02-2025T17:21:05 - [TEST_STEP][PASSED] - println(group): null

27-02-2025T17:21:05 - [TEST_STEP][PASSED] - if (group >= 0): null

27-02-2025T17:21:05 - [TEST_STEP][PASSED] - else: null

27-02-2025T17:21:05 - [TEST_STEP][PASSED] - if (include): null

27-02-2025T17:21:05 - [TEST_STEP][PASSED] - println(line): null

27-02-2025T17:21:05 - [TEST_STEP][PASSED] - comma = line.indexOf(",y"): null

27-02-2025T17:21:05 - [TEST_STEP][PASSED] - if (comma > 0): null

27-02-2025T17:21:05 - [TEST_STEP][PASSED] - line = reader.readLine(): null

27-02-2025T17:21:05 - [TEST_STEP][PASSED] - println(line): null

27-02-2025T17:21:05 - [TEST_STEP][PASSED] - group = line.indexOf("<Group>"): null

27-02-2025T17:21:05 - [TEST_STEP][PASSED] - println(group): null

27-02-2025T17:21:05 - [TEST_STEP][PASSED] - if (group >= 0): null

27-02-2025T17:21:05 - [TEST_STEP][PASSED] - else: null

27-02-2025T17:21:05 - [TEST_STEP][PASSED] - if (include): null

27-02-2025T17:21:05 - [TEST_STEP][PASSED] - println(line): null

27-02-2025T17:21:05 - [TEST_STEP][PASSED] - comma = line.indexOf(",y"): null

27-02-2025T17:21:05 - [TEST_STEP][PASSED] - if (comma > 0): null

27-02-2025T17:21:05 - [TEST_STEP][PASSED] - line = reader.readLine(): null

27-02-2025T17:21:05 - [TEST_STEP][PASSED] - println(line): null

27-02-2025T17:21:05 - [TEST_STEP][PASSED] - group = line.indexOf("<Group>"): null

27-02-2025T17:21:05 - [TEST_STEP][PASSED] - println(group): null

27-02-2025T17:21:05 - [TEST_STEP][PASSED] - if (group >= 0): null

27-02-2025T17:21:05 - [TEST_STEP][PASSED] - else: null

27-02-2025T17:21:05 - [TEST_STEP][PASSED] - if (include): null

27-02-2025T17:21:05 - [TEST_STEP][PASSED] - println(line): null

27-02-2025T17:21:05 - [TEST_STEP][PASSED] - comma = line.indexOf(",y"): null

27-02-2025T17:21:05 - [TEST_STEP][PASSED] - if (comma > 0): null

27-02-2025T17:21:05 - [TEST_STEP][PASSED] - commaCount = StringUtils.countMatches(line, ","): null

27-02-2025T17:21:05 - [TEST_STEP][PASSED] - if (commaCount > 1): null

27-02-2025T17:21:05 - [TEST_STEP][PASSED] - else: null

27-02-2025T17:21:05 - [TEST_STEP][PASSED] - label = line.substring(1, comma): null

27-02-2025T17:21:05 - [TEST_STEP][PASSED] - println(label): null

27-02-2025T17:21:05 - [TEST_STEP][PASSED] - checked.add(label): null

27-02-2025T17:21:05 - [TEST_STEP][PASSED] - line = reader.readLine(): null

27-02-2025T17:21:05 - [TEST_STEP][PASSED] - println(line): null

27-02-2025T17:21:05 - [TEST_STEP][PASSED] - group = line.indexOf("<Group>"): null

27-02-2025T17:21:05 - [TEST_STEP][PASSED] - println(group): null

27-02-2025T17:21:05 - [TEST_STEP][PASSED] - if (group >= 0): null

27-02-2025T17:21:05 - [TEST_STEP][PASSED] - else: null

27-02-2025T17:21:05 - [TEST_STEP][PASSED] - if (include): null

27-02-2025T17:21:05 - [TEST_STEP][PASSED] - println(line): null

27-02-2025T17:21:05 - [TEST_STEP][PASSED] - comma = line.indexOf(",y"): null

27-02-2025T17:21:05 - [TEST_STEP][PASSED] - if (comma > 0): null

27-02-2025T17:21:05 - [TEST_STEP][PASSED] - commaCount = StringUtils.countMatches(line, ","): null

27-02-2025T17:21:05 - [TEST_STEP][PASSED] - if (commaCount > 1): null

27-02-2025T17:21:05 - [TEST_STEP][PASSED] - else: null

27-02-2025T17:21:05 - [TEST_STEP][PASSED] - label = line.substring(1, comma): null

27-02-2025T17:21:05 - [TEST_STEP][PASSED] - println(label): null

27-02-2025T17:21:05 - [TEST_STEP][PASSED] - checked.add(label): null

27-02-2025T17:21:05 - [TEST_STEP][PASSED] - line = reader.readLine(): null

27-02-2025T17:21:05 - [TEST_STEP][PASSED] - println(line): null

27-02-2025T17:21:05 - [TEST_STEP][PASSED] - group = line.indexOf("<Group>"): null

27-02-2025T17:21:05 - [TEST_STEP][PASSED] - println(group): null

27-02-2025T17:21:05 - [TEST_STEP][PASSED] - if (group >= 0): null

27-02-2025T17:21:05 - [TEST_STEP][PASSED] - else: null

27-02-2025T17:21:05 - [TEST_STEP][PASSED] - if (include): null

27-02-2025T17:21:05 - [TEST_STEP][PASSED] - println(line): null

27-02-2025T17:21:05 - [TEST_STEP][PASSED] - comma = line.indexOf(",y"): null

27-02-2025T17:21:05 - [TEST_STEP][PASSED] - if (comma > 0): null

27-02-2025T17:21:05 - [TEST_STEP][PASSED] - commaCount = StringUtils.countMatches(line, ","): null

27-02-2025T17:21:05 - [TEST_STEP][PASSED] - if (commaCount > 1): null

27-02-2025T17:21:05 - [TEST_STEP][PASSED] - else: null

27-02-2025T17:21:05 - [TEST_STEP][PASSED] - label = line.substring(1, comma): null

27-02-2025T17:21:05 - [TEST_STEP][PASSED] - println(label): null

27-02-2025T17:21:05 - [TEST_STEP][PASSED] - checked.add(label): null

27-02-2025T17:21:05 - [TEST_STEP][PASSED] - line = reader.readLine(): null

27-02-2025T17:21:05 - [TEST_STEP][PASSED] - println(line): null

27-02-2025T17:21:05 - [TEST_STEP][PASSED] - group = line.indexOf("<Group>"): null

27-02-2025T17:21:05 - [TEST_STEP][PASSED] - println(group): null

27-02-2025T17:21:05 - [TEST_STEP][PASSED] - if (group >= 0): null

27-02-2025T17:21:05 - [TEST_STEP][PASSED] - else: null

27-02-2025T17:21:05 - [TEST_STEP][PASSED] - if (include): null

27-02-2025T17:21:05 - [TEST_STEP][PASSED] - println(line): null

27-02-2025T17:21:05 - [TEST_STEP][PASSED] - comma = line.indexOf(",y"): null

27-02-2025T17:21:05 - [TEST_STEP][PASSED] - if (comma > 0): null

27-02-2025T17:21:05 - [TEST_STEP][PASSED] - line = reader.readLine(): null

27-02-2025T17:21:05 - [TEST_STEP][PASSED] - println(line): null

27-02-2025T17:21:05 - [TEST_STEP][PASSED] - group = line.indexOf("<Group>"): null

27-02-2025T17:21:05 - [TEST_STEP][PASSED] - println(group): null

27-02-2025T17:21:05 - [TEST_STEP][PASSED] - if (group >= 0): null

27-02-2025T17:21:05 - [TEST_STEP][PASSED] - else: null

27-02-2025T17:21:05 - [TEST_STEP][PASSED] - if (include): null

27-02-2025T17:21:05 - [TEST_STEP][PASSED] - println(line): null

27-02-2025T17:21:05 - [TEST_STEP][PASSED] - comma = line.indexOf(",y"): null

27-02-2025T17:21:05 - [TEST_STEP][PASSED] - if (comma > 0): null

27-02-2025T17:21:05 - [TEST_STEP][PASSED] - line = reader.readLine(): null

27-02-2025T17:21:05 - [TEST_STEP][PASSED] - println(line): null

27-02-2025T17:21:05 - [TEST_STEP][PASSED] - group = line.indexOf("<Group>"): null

27-02-2025T17:21:05 - [TEST_STEP][PASSED] - println(group): null

27-02-2025T17:21:05 - [TEST_STEP][PASSED] - if (group >= 0): null

27-02-2025T17:21:05 - [TEST_STEP][PASSED] - else: null

27-02-2025T17:21:05 - [TEST_STEP][PASSED] - if (include): null

27-02-2025T17:21:05 - [TEST_STEP][PASSED] - println(line): null

27-02-2025T17:21:05 - [TEST_STEP][PASSED] - comma = line.indexOf(",y"): null

27-02-2025T17:21:05 - [TEST_STEP][PASSED] - if (comma > 0): null

27-02-2025T17:21:05 - [TEST_STEP][PASSED] - commaCount = StringUtils.countMatches(line, ","): null

27-02-2025T17:21:05 - [TEST_STEP][PASSED] - if (commaCount > 1): null

27-02-2025T17:21:05 - [TEST_STEP][PASSED] - else: null

27-02-2025T17:21:05 - [TEST_STEP][PASSED] - label = line.substring(1, comma): null

27-02-2025T17:21:05 - [TEST_STEP][PASSED] - println(label): null

27-02-2025T17:21:05 - [TEST_STEP][PASSED] - checked.add(label): null

27-02-2025T17:21:05 - [TEST_STEP][PASSED] - line = reader.readLine(): null

27-02-2025T17:21:05 - [TEST_STEP][PASSED] - println(line): null

27-02-2025T17:21:05 - [TEST_STEP][PASSED] - group = line.indexOf("<Group>"): null

27-02-2025T17:21:05 - [TEST_STEP][PASSED] - println(group): null

27-02-2025T17:21:05 - [TEST_STEP][PASSED] - if (group >= 0): null

27-02-2025T17:21:05 - [TEST_STEP][PASSED] - else: null

27-02-2025T17:21:05 - [TEST_STEP][PASSED] - if (include): null

27-02-2025T17:21:05 - [TEST_STEP][PASSED] - println(line): null

27-02-2025T17:21:05 - [TEST_STEP][PASSED] - comma = line.indexOf(",y"): null

27-02-2025T17:21:05 - [TEST_STEP][PASSED] - if (comma > 0): null

27-02-2025T17:21:05 - [TEST_STEP][PASSED] - line = reader.readLine(): null

27-02-2025T17:21:05 - [TEST_STEP][PASSED] - println(line): null

27-02-2025T17:21:05 - [TEST_STEP][PASSED] - group = line.indexOf("<Group>"): null

27-02-2025T17:21:05 - [TEST_STEP][PASSED] - println(group): null

27-02-2025T17:21:05 - [TEST_STEP][PASSED] - if (group >= 0): null

27-02-2025T17:21:05 - [TEST_STEP][PASSED] - else: null

27-02-2025T17:21:05 - [TEST_STEP][PASSED] - if (include): null

27-02-2025T17:21:05 - [TEST_STEP][PASSED] - println(line): null

27-02-2025T17:21:05 - [TEST_STEP][PASSED] - comma = line.indexOf(",y"): null

27-02-2025T17:21:05 - [TEST_STEP][PASSED] - if (comma > 0): null

27-02-2025T17:21:05 - [TEST_STEP][PASSED] - line = reader.readLine(): null

27-02-2025T17:21:05 - [TEST_STEP][PASSED] - println(line): null

27-02-2025T17:21:05 - [TEST_STEP][PASSED] - group = line.indexOf("<Group>"): null

27-02-2025T17:21:05 - [TEST_STEP][PASSED] - println(group): null

27-02-2025T17:21:05 - [TEST_STEP][PASSED] - if (group >= 0): null

27-02-2025T17:21:05 - [TEST_STEP][PASSED] - else: null

27-02-2025T17:21:05 - [TEST_STEP][PASSED] - if (include): null

27-02-2025T17:21:05 - [TEST_STEP][PASSED] - println(line): null

27-02-2025T17:21:05 - [TEST_STEP][PASSED] - comma = line.indexOf(",y"): null

27-02-2025T17:21:05 - [TEST_STEP][PASSED] - if (comma > 0): null

27-02-2025T17:21:05 - [TEST_STEP][PASSED] - line = reader.readLine(): null

27-02-2025T17:21:05 - [TEST_STEP][PASSED] - println(line): null

27-02-2025T17:21:05 - [TEST_STEP][PASSED] - group = line.indexOf("<Group>"): null

27-02-2025T17:21:05 - [TEST_STEP][PASSED] - println(group): null

27-02-2025T17:21:05 - [TEST_STEP][PASSED] - if (group >= 0): null

27-02-2025T17:21:05 - [TEST_STEP][PASSED] - else: null

27-02-2025T17:21:05 - [TEST_STEP][PASSED] - if (include): null

27-02-2025T17:21:05 - [TEST_STEP][PASSED] - println(line): null

27-02-2025T17:21:05 - [TEST_STEP][PASSED] - comma = line.indexOf(",y"): null

27-02-2025T17:21:05 - [TEST_STEP][PASSED] - if (comma > 0): null

27-02-2025T17:21:05 - [TEST_STEP][PASSED] - line = reader.readLine(): null

27-02-2025T17:21:05 - [TEST_STEP][PASSED] - println(line): null

27-02-2025T17:21:05 - [TEST_STEP][PASSED] - group = line.indexOf("<Group>"): null

27-02-2025T17:21:05 - [TEST_STEP][PASSED] - println(group): null

27-02-2025T17:21:05 - [TEST_STEP][PASSED] - if (group >= 0): null

27-02-2025T17:21:05 - [TEST_STEP][PASSED] - else: null

27-02-2025T17:21:05 - [TEST_STEP][PASSED] - if (include): null

27-02-2025T17:21:05 - [TEST_STEP][PASSED] - println(line): null

27-02-2025T17:21:05 - [TEST_STEP][PASSED] - comma = line.indexOf(",y"): null

27-02-2025T17:21:05 - [TEST_STEP][PASSED] - if (comma > 0): null

27-02-2025T17:21:05 - [TEST_STEP][PASSED] - line = reader.readLine(): null

27-02-2025T17:21:05 - [TEST_STEP][PASSED] - println(line): null

27-02-2025T17:21:05 - [TEST_STEP][PASSED] - group = line.indexOf("<Group>"): null

27-02-2025T17:21:05 - [TEST_STEP][PASSED] - println(group): null

27-02-2025T17:21:05 - [TEST_STEP][PASSED] - if (group >= 0): null

27-02-2025T17:21:05 - [TEST_STEP][PASSED] - else: null

27-02-2025T17:21:05 - [TEST_STEP][PASSED] - if (include): null

27-02-2025T17:21:05 - [TEST_STEP][PASSED] - println(line): null

27-02-2025T17:21:05 - [TEST_STEP][PASSED] - comma = line.indexOf(",y"): null

27-02-2025T17:21:05 - [TEST_STEP][PASSED] - if (comma > 0): null

27-02-2025T17:21:05 - [TEST_STEP][PASSED] - commaCount = StringUtils.countMatches(line, ","): null

27-02-2025T17:21:05 - [TEST_STEP][PASSED] - if (commaCount > 1): null

27-02-2025T17:21:05 - [TEST_STEP][PASSED] - else: null

27-02-2025T17:21:05 - [TEST_STEP][PASSED] - label = line.substring(1, comma): null

27-02-2025T17:21:05 - [TEST_STEP][PASSED] - println(label): null

27-02-2025T17:21:05 - [TEST_STEP][PASSED] - checked.add(label): null

27-02-2025T17:21:05 - [TEST_STEP][PASSED] - line = reader.readLine(): null

27-02-2025T17:21:05 - [TEST_STEP][PASSED] - println(line): null

27-02-2025T17:21:05 - [TEST_STEP][PASSED] - group = line.indexOf("<Group>"): null

27-02-2025T17:21:05 - [TEST_STEP][PASSED] - println(group): null

27-02-2025T17:21:05 - [TEST_STEP][PASSED] - if (group >= 0): null

27-02-2025T17:21:05 - [TEST_STEP][PASSED] - else: null

27-02-2025T17:21:05 - [TEST_STEP][PASSED] - if (include): null

27-02-2025T17:21:05 - [TEST_STEP][PASSED] - println(line): null

27-02-2025T17:21:05 - [TEST_STEP][PASSED] - comma = line.indexOf(",y"): null

27-02-2025T17:21:05 - [TEST_STEP][PASSED] - if (comma > 0): null

27-02-2025T17:21:05 - [TEST_STEP][PASSED] - line = reader.readLine(): null

27-02-2025T17:21:05 - [TEST_STEP][PASSED] - println(line): null

27-02-2025T17:21:05 - [TEST_STEP][PASSED] - group = line.indexOf("<Group>"): null

27-02-2025T17:21:05 - [TEST_STEP][PASSED] - println(group): null

27-02-2025T17:21:05 - [TEST_STEP][PASSED] - if (group >= 0): null

27-02-2025T17:21:05 - [TEST_STEP][PASSED] - else: null

27-02-2025T17:21:05 - [TEST_STEP][PASSED] - if (include): null

27-02-2025T17:21:05 - [TEST_STEP][PASSED] - println(line): null

27-02-2025T17:21:05 - [TEST_STEP][PASSED] - comma = line.indexOf(",y"): null

27-02-2025T17:21:05 - [TEST_STEP][PASSED] - if (comma > 0): null

27-02-2025T17:21:05 - [TEST_STEP][PASSED] - line = reader.readLine(): null

27-02-2025T17:21:05 - [TEST_STEP][PASSED] - println(line): null

27-02-2025T17:21:05 - [TEST_STEP][PASSED] - group = line.indexOf("<Group>"): null

27-02-2025T17:21:05 - [TEST_STEP][PASSED] - println(group): null

27-02-2025T17:21:05 - [TEST_STEP][PASSED] - if (group >= 0): null

27-02-2025T17:21:05 - [TEST_STEP][PASSED] - else: null

27-02-2025T17:21:05 - [TEST_STEP][PASSED] - if (include): null

27-02-2025T17:21:05 - [TEST_STEP][PASSED] - println(line): null

27-02-2025T17:21:05 - [TEST_STEP][PASSED] - comma = line.indexOf(",y"): null

27-02-2025T17:21:05 - [TEST_STEP][PASSED] - if (comma > 0): null

27-02-2025T17:21:05 - [TEST_STEP][PASSED] - line = reader.readLine(): null

27-02-2025T17:21:05 - [TEST_STEP][PASSED] - println(line): null

27-02-2025T17:21:05 - [TEST_STEP][PASSED] - group = line.indexOf("<Group>"): null

27-02-2025T17:21:05 - [TEST_STEP][PASSED] - println(group): null

27-02-2025T17:21:05 - [TEST_STEP][PASSED] - if (group >= 0): null

27-02-2025T17:21:05 - [TEST_STEP][PASSED] - else: null

27-02-2025T17:21:05 - [TEST_STEP][PASSED] - if (include): null

27-02-2025T17:21:05 - [TEST_STEP][PASSED] - println(line): null

27-02-2025T17:21:05 - [TEST_STEP][PASSED] - comma = line.indexOf(",y"): null

27-02-2025T17:21:05 - [TEST_STEP][PASSED] - if (comma > 0): null

27-02-2025T17:21:05 - [TEST_STEP][PASSED] - commaCount = StringUtils.countMatches(line, ","): null

27-02-2025T17:21:05 - [TEST_STEP][PASSED] - if (commaCount > 1): null

27-02-2025T17:21:05 - [TEST_STEP][PASSED] - else: null

27-02-2025T17:21:05 - [TEST_STEP][PASSED] - label = line.substring(1, comma): null

27-02-2025T17:21:05 - [TEST_STEP][PASSED] - println(label): null

27-02-2025T17:21:05 - [TEST_STEP][PASSED] - checked.add(label): null

27-02-2025T17:21:05 - [TEST_STEP][PASSED] - line = reader.readLine(): null

27-02-2025T17:21:05 - [TEST_STEP][PASSED] - println(line): null

27-02-2025T17:21:05 - [TEST_STEP][PASSED] - group = line.indexOf("<Group>"): null

27-02-2025T17:21:05 - [TEST_STEP][PASSED] - println(group): null

27-02-2025T17:21:05 - [TEST_STEP][PASSED] - if (group >= 0): null

27-02-2025T17:21:05 - [TEST_STEP][PASSED] - else: null

27-02-2025T17:21:05 - [TEST_STEP][PASSED] - if (include): null

27-02-2025T17:21:05 - [TEST_STEP][PASSED] - println(line): null

27-02-2025T17:21:05 - [TEST_STEP][PASSED] - comma = line.indexOf(",y"): null

27-02-2025T17:21:05 - [TEST_STEP][PASSED] - if (comma > 0): null

27-02-2025T17:21:05 - [TEST_STEP][PASSED] - commaCount = StringUtils.countMatches(line, ","): null

27-02-2025T17:21:05 - [TEST_STEP][PASSED] - if (commaCount > 1): null

27-02-2025T17:21:05 - [TEST_STEP][PASSED] - else: null

27-02-2025T17:21:05 - [TEST_STEP][PASSED] - label = line.substring(1, comma): null

27-02-2025T17:21:05 - [TEST_STEP][PASSED] - println(label): null

27-02-2025T17:21:05 - [TEST_STEP][PASSED] - checked.add(label): null

27-02-2025T17:21:05 - [TEST_STEP][PASSED] - line = reader.readLine(): null

27-02-2025T17:21:05 - [TEST_STEP][PASSED] - println(line): null

27-02-2025T17:21:05 - [TEST_STEP][PASSED] - group = line.indexOf("<Group>"): null

27-02-2025T17:21:05 - [TEST_STEP][PASSED] - println(group): null

27-02-2025T17:21:05 - [TEST_STEP][PASSED] - if (group >= 0): null

27-02-2025T17:21:05 - [TEST_STEP][PASSED] - else: null

27-02-2025T17:21:05 - [TEST_STEP][PASSED] - if (include): null

27-02-2025T17:21:05 - [TEST_STEP][PASSED] - println(line): null

27-02-2025T17:21:05 - [TEST_STEP][PASSED] - comma = line.indexOf(",y"): null

27-02-2025T17:21:05 - [TEST_STEP][PASSED] - if (comma > 0): null

27-02-2025T17:21:05 - [TEST_STEP][PASSED] - line = reader.readLine(): null

27-02-2025T17:21:05 - [TEST_STEP][PASSED] - println(line): null

27-02-2025T17:21:05 - [TEST_STEP][PASSED] - group = line.indexOf("<Group>"): null

27-02-2025T17:21:05 - [TEST_STEP][PASSED] - println(group): null

27-02-2025T17:21:05 - [TEST_STEP][PASSED] - if (group >= 0): null

27-02-2025T17:21:05 - [TEST_STEP][PASSED] - else: null

27-02-2025T17:21:05 - [TEST_STEP][PASSED] - if (include): null

27-02-2025T17:21:05 - [TEST_STEP][PASSED] - println(line): null

27-02-2025T17:21:05 - [TEST_STEP][PASSED] - comma = line.indexOf(",y"): null

27-02-2025T17:21:05 - [TEST_STEP][PASSED] - if (comma > 0): null

27-02-2025T17:21:05 - [TEST_STEP][PASSED] - line = reader.readLine(): null

27-02-2025T17:21:05 - [TEST_STEP][PASSED] - println(line): null

27-02-2025T17:21:05 - [TEST_STEP][PASSED] - group = line.indexOf("<Group>"): null

27-02-2025T17:21:05 - [TEST_STEP][PASSED] - println(group): null

27-02-2025T17:21:05 - [TEST_STEP][PASSED] - if (group >= 0): null

27-02-2025T17:21:05 - [TEST_STEP][PASSED] - else: null

27-02-2025T17:21:05 - [TEST_STEP][PASSED] - if (include): null

27-02-2025T17:21:05 - [TEST_STEP][PASSED] - println(line): null

27-02-2025T17:21:05 - [TEST_STEP][PASSED] - comma = line.indexOf(",y"): null

27-02-2025T17:21:05 - [TEST_STEP][PASSED] - if (comma > 0): null

27-02-2025T17:21:05 - [TEST_STEP][PASSED] - line = reader.readLine(): null

27-02-2025T17:21:05 - [TEST_STEP][PASSED] - println(line): null

27-02-2025T17:21:05 - [TEST_STEP][PASSED] - group = line.indexOf("<Group>"): null

27-02-2025T17:21:05 - [TEST_STEP][PASSED] - println(group): null

27-02-2025T17:21:05 - [TEST_STEP][PASSED] - if (group >= 0): null

27-02-2025T17:21:05 - [TEST_STEP][PASSED] - else: null

27-02-2025T17:21:05 - [TEST_STEP][PASSED] - if (include): null

27-02-2025T17:21:05 - [TEST_STEP][PASSED] - println(line): null

27-02-2025T17:21:05 - [TEST_STEP][PASSED] - comma = line.indexOf(",y"): null

27-02-2025T17:21:05 - [TEST_STEP][PASSED] - if (comma > 0): null

27-02-2025T17:21:05 - [TEST_STEP][PASSED] - line = reader.readLine(): null

27-02-2025T17:21:05 - [TEST_STEP][PASSED] - println(line): null

27-02-2025T17:21:05 - [TEST_STEP][PASSED] - group = line.indexOf("<Group>"): null

27-02-2025T17:21:05 - [TEST_STEP][PASSED] - println(group): null

27-02-2025T17:21:05 - [TEST_STEP][PASSED] - if (group >= 0): null

27-02-2025T17:21:05 - [TEST_STEP][PASSED] - else: null

27-02-2025T17:21:05 - [TEST_STEP][PASSED] - if (include): null

27-02-2025T17:21:05 - [TEST_STEP][PASSED] - println(line): null

27-02-2025T17:21:05 - [TEST_STEP][PASSED] - comma = line.indexOf(",y"): null

27-02-2025T17:21:05 - [TEST_STEP][PASSED] - if (comma > 0): null

27-02-2025T17:21:05 - [TEST_STEP][PASSED] - line = reader.readLine(): null

27-02-2025T17:21:05 - [TEST_STEP][PASSED] - println(line): null

27-02-2025T17:21:05 - [TEST_STEP][PASSED] - group = line.indexOf("<Group>"): null

27-02-2025T17:21:05 - [TEST_STEP][PASSED] - println(group): null

27-02-2025T17:21:05 - [TEST_STEP][PASSED] - if (group >= 0): null

27-02-2025T17:21:05 - [TEST_STEP][PASSED] - else: null

27-02-2025T17:21:05 - [TEST_STEP][PASSED] - if (include): null

27-02-2025T17:21:05 - [TEST_STEP][PASSED] - println(line): null

27-02-2025T17:21:05 - [TEST_STEP][PASSED] - comma = line.indexOf(",y"): null

27-02-2025T17:21:05 - [TEST_STEP][PASSED] - if (comma > 0): null

27-02-2025T17:21:05 - [TEST_STEP][PASSED] - commaCount = StringUtils.countMatches(line, ","): null

27-02-2025T17:21:05 - [TEST_STEP][PASSED] - if (commaCount > 1): null

27-02-2025T17:21:05 - [TEST_STEP][PASSED] - else: null

27-02-2025T17:21:05 - [TEST_STEP][PASSED] - label = line.substring(1, comma): null

27-02-2025T17:21:05 - [TEST_STEP][PASSED] - println(label): null

27-02-2025T17:21:05 - [TEST_STEP][PASSED] - checked.add(label): null

27-02-2025T17:21:05 - [TEST_STEP][PASSED] - line = reader.readLine(): null

27-02-2025T17:21:05 - [TEST_STEP][PASSED] - println(line): null

27-02-2025T17:21:05 - [TEST_STEP][PASSED] - group = line.indexOf("<Group>"): null

27-02-2025T17:21:05 - [TEST_STEP][PASSED] - println(group): null

27-02-2025T17:21:05 - [TEST_STEP][PASSED] - if (group >= 0): null

27-02-2025T17:21:05 - [TEST_STEP][PASSED] - else: null

27-02-2025T17:21:05 - [TEST_STEP][PASSED] - if (include): null

27-02-2025T17:21:05 - [TEST_STEP][PASSED] - println(line): null

27-02-2025T17:21:05 - [TEST_STEP][PASSED] - comma = line.indexOf(",y"): null

27-02-2025T17:21:05 - [TEST_STEP][PASSED] - if (comma > 0): null

27-02-2025T17:21:05 - [TEST_STEP][PASSED] - commaCount = StringUtils.countMatches(line, ","): null

27-02-2025T17:21:05 - [TEST_STEP][PASSED] - if (commaCount > 1): null

27-02-2025T17:21:05 - [TEST_STEP][PASSED] - else: null

27-02-2025T17:21:05 - [TEST_STEP][PASSED] - label = line.substring(1, comma): null

27-02-2025T17:21:05 - [TEST_STEP][PASSED] - println(label): null

27-02-2025T17:21:05 - [TEST_STEP][PASSED] - checked.add(label): null

27-02-2025T17:21:05 - [TEST_STEP][PASSED] - line = reader.readLine(): null

27-02-2025T17:21:05 - [TEST_STEP][PASSED] - println(line): null

27-02-2025T17:21:05 - [TEST_STEP][PASSED] - group = line.indexOf("<Group>"): null

27-02-2025T17:21:05 - [TEST_STEP][PASSED] - println(group): null

27-02-2025T17:21:05 - [TEST_STEP][PASSED] - if (group >= 0): null

27-02-2025T17:21:05 - [TEST_STEP][PASSED] - else: null

27-02-2025T17:21:05 - [TEST_STEP][PASSED] - if (include): null

27-02-2025T17:21:05 - [TEST_STEP][PASSED] - println(line): null

27-02-2025T17:21:05 - [TEST_STEP][PASSED] - comma = line.indexOf(",y"): null

27-02-2025T17:21:05 - [TEST_STEP][PASSED] - if (comma > 0): null

27-02-2025T17:21:05 - [TEST_STEP][PASSED] - line = reader.readLine(): null

27-02-2025T17:21:05 - [TEST_STEP][PASSED] - println(line): null

27-02-2025T17:21:05 - [TEST_STEP][PASSED] - group = line.indexOf("<Group>"): null

27-02-2025T17:21:05 - [TEST_STEP][PASSED] - println(group): null

27-02-2025T17:21:05 - [TEST_STEP][PASSED] - if (group >= 0): null

27-02-2025T17:21:05 - [TEST_STEP][PASSED] - else: null

27-02-2025T17:21:05 - [TEST_STEP][PASSED] - if (include): null

27-02-2025T17:21:05 - [TEST_STEP][PASSED] - println(line): null

27-02-2025T17:21:05 - [TEST_STEP][PASSED] - comma = line.indexOf(",y"): null

27-02-2025T17:21:05 - [TEST_STEP][PASSED] - if (comma > 0): null

27-02-2025T17:21:05 - [TEST_STEP][PASSED] - line = reader.readLine(): null

27-02-2025T17:21:05 - [TEST_STEP][PASSED] - println(line): null

27-02-2025T17:21:05 - [TEST_STEP][PASSED] - group = line.indexOf("<Group>"): null

27-02-2025T17:21:05 - [TEST_STEP][PASSED] - println(group): null

27-02-2025T17:21:05 - [TEST_STEP][PASSED] - if (group >= 0): null

27-02-2025T17:21:05 - [TEST_STEP][PASSED] - else: null

27-02-2025T17:21:05 - [TEST_STEP][PASSED] - if (include): null

27-02-2025T17:21:05 - [TEST_STEP][PASSED] - println(line): null

27-02-2025T17:21:05 - [TEST_STEP][PASSED] - comma = line.indexOf(",y"): null

27-02-2025T17:21:05 - [TEST_STEP][PASSED] - if (comma > 0): null

27-02-2025T17:21:05 - [TEST_STEP][PASSED] - line = reader.readLine(): null

27-02-2025T17:21:05 - [TEST_STEP][PASSED] - println(line): null

27-02-2025T17:21:05 - [TEST_STEP][PASSED] - group = line.indexOf("<Group>"): null

27-02-2025T17:21:05 - [TEST_STEP][PASSED] - println(group): null

27-02-2025T17:21:05 - [TEST_STEP][PASSED] - if (group >= 0): null

27-02-2025T17:21:05 - [TEST_STEP][PASSED] - else: null

27-02-2025T17:21:05 - [TEST_STEP][PASSED] - if (include): null

27-02-2025T17:21:05 - [TEST_STEP][PASSED] - println(line): null

27-02-2025T17:21:05 - [TEST_STEP][PASSED] - comma = line.indexOf(",y"): null

27-02-2025T17:21:05 - [TEST_STEP][PASSED] - if (comma > 0): null

27-02-2025T17:21:05 - [TEST_STEP][PASSED] - line = reader.readLine(): null

27-02-2025T17:21:05 - [TEST_STEP][PASSED] - println(line): null

27-02-2025T17:21:05 - [TEST_STEP][PASSED] - group = line.indexOf("<Group>"): null

27-02-2025T17:21:05 - [TEST_STEP][PASSED] - println(group): null

27-02-2025T17:21:05 - [TEST_STEP][PASSED] - if (group >= 0): null

27-02-2025T17:21:05 - [TEST_STEP][PASSED] - else: null

27-02-2025T17:21:05 - [TEST_STEP][PASSED] - if (include): null

27-02-2025T17:21:05 - [TEST_STEP][PASSED] - println(line): null

27-02-2025T17:21:05 - [TEST_STEP][PASSED] - comma = line.indexOf(",y"): null

27-02-2025T17:21:05 - [TEST_STEP][PASSED] - if (comma > 0): null

27-02-2025T17:21:05 - [TEST_STEP][PASSED] - line = reader.readLine(): null

27-02-2025T17:21:05 - [TEST_STEP][PASSED] - println(line): null

27-02-2025T17:21:05 - [TEST_STEP][PASSED] - group = line.indexOf("<Group>"): null

27-02-2025T17:21:05 - [TEST_STEP][PASSED] - println(group): null

27-02-2025T17:21:05 - [TEST_STEP][PASSED] - if (group >= 0): null

27-02-2025T17:21:05 - [TEST_STEP][PASSED] - else: null

27-02-2025T17:21:05 - [TEST_STEP][PASSED] - if (include): null

27-02-2025T17:21:05 - [TEST_STEP][PASSED] - println(line): null

27-02-2025T17:21:05 - [TEST_STEP][PASSED] - comma = line.indexOf(",y"): null

27-02-2025T17:21:05 - [TEST_STEP][PASSED] - if (comma > 0): null

27-02-2025T17:21:05 - [TEST_STEP][PASSED] - line = reader.readLine(): null

27-02-2025T17:21:05 - [TEST_STEP][PASSED] - println(line): null

27-02-2025T17:21:05 - [TEST_STEP][PASSED] - group = line.indexOf("<Group>"): null

27-02-2025T17:21:05 - [TEST_STEP][PASSED] - println(group): null

27-02-2025T17:21:05 - [TEST_STEP][PASSED] - if (group >= 0): null

27-02-2025T17:21:05 - [TEST_STEP][PASSED] - else: null

27-02-2025T17:21:05 - [TEST_STEP][PASSED] - if (include): null

27-02-2025T17:21:05 - [TEST_STEP][PASSED] - println(line): null

27-02-2025T17:21:05 - [TEST_STEP][PASSED] - comma = line.indexOf(",y"): null

27-02-2025T17:21:05 - [TEST_STEP][PASSED] - if (comma > 0): null

27-02-2025T17:21:05 - [TEST_STEP][PASSED] - commaCount = StringUtils.countMatches(line, ","): null

27-02-2025T17:21:05 - [TEST_STEP][PASSED] - if (commaCount > 1): null

27-02-2025T17:21:05 - [TEST_STEP][PASSED] - println("Mulitple Commas : " + line): null

27-02-2025T17:21:05 - [TEST_STEP][PASSED] - line = line.replace(""", ""): null

27-02-2025T17:21:05 - [TEST_STEP][PASSED] - label = line.substring(1, line.length() - 2): null

27-02-2025T17:21:05 - [TEST_STEP][PASSED] - println(label): null

27-02-2025T17:21:05 - [TEST_STEP][PASSED] - checked.add(label): null

27-02-2025T17:21:05 - [TEST_STEP][PASSED] - line = reader.readLine(): null

27-02-2025T17:21:05 - [TEST_STEP][PASSED] - println(line): null

27-02-2025T17:21:05 - [TEST_STEP][PASSED] - group = line.indexOf("<Group>"): null

27-02-2025T17:21:05 - [TEST_STEP][PASSED] - println(group): null

27-02-2025T17:21:05 - [TEST_STEP][PASSED] - if (group >= 0): null

27-02-2025T17:21:05 - [TEST_STEP][PASSED] - else: null

27-02-2025T17:21:05 - [TEST_STEP][PASSED] - if (include): null

27-02-2025T17:21:05 - [TEST_STEP][PASSED] - println(line): null

27-02-2025T17:21:05 - [TEST_STEP][PASSED] - comma = line.indexOf(",y"): null

27-02-2025T17:21:05 - [TEST_STEP][PASSED] - if (comma > 0): null

27-02-2025T17:21:05 - [TEST_STEP][PASSED] - commaCount = StringUtils.countMatches(line, ","): null

27-02-2025T17:21:05 - [TEST_STEP][PASSED] - if (commaCount > 1): null

27-02-2025T17:21:05 - [TEST_STEP][PASSED] - else: null

27-02-2025T17:21:05 - [TEST_STEP][PASSED] - label = line.substring(1, comma): null

27-02-2025T17:21:05 - [TEST_STEP][PASSED] - println(label): null

27-02-2025T17:21:05 - [TEST_STEP][PASSED] - checked.add(label): null

27-02-2025T17:21:05 - [TEST_STEP][PASSED] - line = reader.readLine(): null

27-02-2025T17:21:05 - [TEST_STEP][PASSED] - println(line): null

27-02-2025T17:21:05 - [TEST_STEP][PASSED] - group = line.indexOf("<Group>"): null

27-02-2025T17:21:05 - [TEST_STEP][PASSED] - println(group): null

27-02-2025T17:21:05 - [TEST_STEP][PASSED] - if (group >= 0): null

27-02-2025T17:21:05 - [TEST_STEP][PASSED] - else: null

27-02-2025T17:21:05 - [TEST_STEP][PASSED] - if (include): null

27-02-2025T17:21:05 - [TEST_STEP][PASSED] - println(line): null

27-02-2025T17:21:05 - [TEST_STEP][PASSED] - comma = line.indexOf(",y"): null

27-02-2025T17:21:05 - [TEST_STEP][PASSED] - if (comma > 0): null

27-02-2025T17:21:05 - [TEST_STEP][PASSED] - line = reader.readLine(): null

27-02-2025T17:21:05 - [TEST_STEP][PASSED] - println(line): null

27-02-2025T17:21:05 - [TEST_STEP][PASSED] - group = line.indexOf("<Group>"): null

27-02-2025T17:21:05 - [TEST_STEP][PASSED] - println(group): null

27-02-2025T17:21:05 - [TEST_STEP][PASSED] - if (group >= 0): null

27-02-2025T17:21:05 - [TEST_STEP][PASSED] - else: null

27-02-2025T17:21:05 - [TEST_STEP][PASSED] - if (include): null

27-02-2025T17:21:05 - [TEST_STEP][PASSED] - println(line): null

27-02-2025T17:21:05 - [TEST_STEP][PASSED] - comma = line.indexOf(",y"): null

27-02-2025T17:21:05 - [TEST_STEP][PASSED] - if (comma > 0): null

27-02-2025T17:21:05 - [TEST_STEP][PASSED] - line = reader.readLine(): null

27-02-2025T17:21:05 - [TEST_STEP][PASSED] - println(line): null

27-02-2025T17:21:05 - [TEST_STEP][PASSED] - group = line.indexOf("<Group>"): null

27-02-2025T17:21:05 - [TEST_STEP][PASSED] - println(group): null

27-02-2025T17:21:05 - [TEST_STEP][PASSED] - if (group >= 0): null

27-02-2025T17:21:05 - [TEST_STEP][PASSED] - else: null

27-02-2025T17:21:05 - [TEST_STEP][PASSED] - if (include): null

27-02-2025T17:21:05 - [TEST_STEP][PASSED] - println(line): null

27-02-2025T17:21:05 - [TEST_STEP][PASSED] - comma = line.indexOf(",y"): null

27-02-2025T17:21:05 - [TEST_STEP][PASSED] - if (comma > 0): null

27-02-2025T17:21:05 - [TEST_STEP][PASSED] - line = reader.readLine(): null

27-02-2025T17:21:05 - [TEST_STEP][PASSED] - println(line): null

27-02-2025T17:21:05 - [TEST_STEP][PASSED] - group = line.indexOf("<Group>"): null

27-02-2025T17:21:05 - [TEST_STEP][PASSED] - println(group): null

27-02-2025T17:21:05 - [TEST_STEP][PASSED] - if (group >= 0): null

27-02-2025T17:21:05 - [TEST_STEP][PASSED] - else: null

27-02-2025T17:21:05 - [TEST_STEP][PASSED] - if (include): null

27-02-2025T17:21:05 - [TEST_STEP][PASSED] - println(line): null

27-02-2025T17:21:05 - [TEST_STEP][PASSED] - comma = line.indexOf(",y"): null

27-02-2025T17:21:05 - [TEST_STEP][PASSED] - if (comma > 0): null

27-02-2025T17:21:05 - [TEST_STEP][PASSED] - line = reader.readLine(): null

27-02-2025T17:21:05 - [TEST_STEP][PASSED] - println(line): null

27-02-2025T17:21:05 - [TEST_STEP][PASSED] - group = line.indexOf("<Group>"): null

27-02-2025T17:21:05 - [TEST_STEP][PASSED] - println(group): null

27-02-2025T17:21:05 - [TEST_STEP][PASSED] - if (group >= 0): null

27-02-2025T17:21:05 - [TEST_STEP][PASSED] - selections = line.substring(group + 7, line.length() - 1): null

27-02-2025T17:21:05 - [TEST_STEP][PASSED] - println(selections): null

27-02-2025T17:21:05 - [TEST_STEP][PASSED] - if (selections == varSelections): null

27-02-2025T17:21:05 - [TEST_STEP][PASSED] - else: null

27-02-2025T17:21:05 - [TEST_STEP][PASSED] - include = false: null

27-02-2025T17:21:05 - [TEST_STEP][PASSED] - line = reader.readLine(): null

27-02-2025T17:21:05 - [TEST_STEP][PASSED] - println(line): null

27-02-2025T17:21:05 - [TEST_STEP][PASSED] - group = line.indexOf("<Group>"): null

27-02-2025T17:21:05 - [TEST_STEP][PASSED] - println(group): null

27-02-2025T17:21:05 - [TEST_STEP][PASSED] - if (group >= 0): null

27-02-2025T17:21:05 - [TEST_STEP][PASSED] - else: null

27-02-2025T17:21:05 - [TEST_STEP][PASSED] - if (include): null

27-02-2025T17:21:05 - [TEST_STEP][PASSED] - line = reader.readLine(): null

27-02-2025T17:21:05 - [TEST_STEP][PASSED] - println(line): null

27-02-2025T17:21:05 - [TEST_STEP][PASSED] - group = line.indexOf("<Group>"): null

27-02-2025T17:21:05 - [TEST_STEP][PASSED] - println(group): null

27-02-2025T17:21:05 - [TEST_STEP][PASSED] - if (group >= 0): null

27-02-2025T17:21:05 - [TEST_STEP][PASSED] - else: null

27-02-2025T17:21:05 - [TEST_STEP][PASSED] - if (include): null

27-02-2025T17:21:05 - [TEST_STEP][PASSED] - line = reader.readLine(): null

27-02-2025T17:21:05 - [TEST_STEP][PASSED] - println(line): null

27-02-2025T17:21:05 - [TEST_STEP][PASSED] - group = line.indexOf("<Group>"): null

27-02-2025T17:21:05 - [TEST_STEP][PASSED] - println(group): null

27-02-2025T17:21:05 - [TEST_STEP][PASSED] - if (group >= 0): null

27-02-2025T17:21:05 - [TEST_STEP][PASSED] - else: null

27-02-2025T17:21:05 - [TEST_STEP][PASSED] - if (include): null

27-02-2025T17:21:05 - [TEST_STEP][PASSED] - line = reader.readLine(): null

27-02-2025T17:21:05 - [TEST_STEP][PASSED] - println(line): null

27-02-2025T17:21:05 - [TEST_STEP][PASSED] - group = line.indexOf("<Group>"): null

27-02-2025T17:21:05 - [TEST_STEP][PASSED] - println(group): null

27-02-2025T17:21:05 - [TEST_STEP][PASSED] - if (group >= 0): null

27-02-2025T17:21:05 - [TEST_STEP][PASSED] - else: null

27-02-2025T17:21:05 - [TEST_STEP][PASSED] - if (include): null

27-02-2025T17:21:05 - [TEST_STEP][PASSED] - line = reader.readLine(): null

27-02-2025T17:21:05 - [TEST_STEP][PASSED] - println(line): null

27-02-2025T17:21:05 - [TEST_STEP][PASSED] - group = line.indexOf("<Group>"): null

27-02-2025T17:21:05 - [TEST_STEP][PASSED] - println(group): null

27-02-2025T17:21:05 - [TEST_STEP][PASSED] - if (group >= 0): null

27-02-2025T17:21:05 - [TEST_STEP][PASSED] - else: null

27-02-2025T17:21:05 - [TEST_STEP][PASSED] - if (include): null

27-02-2025T17:21:05 - [TEST_STEP][PASSED] - line = reader.readLine(): null

27-02-2025T17:21:05 - [TEST_STEP][PASSED] - println(line): null

27-02-2025T17:21:05 - [TEST_STEP][PASSED] - group = line.indexOf("<Group>"): null

27-02-2025T17:21:05 - [TEST_STEP][PASSED] - println(group): null

27-02-2025T17:21:05 - [TEST_STEP][PASSED] - if (group >= 0): null

27-02-2025T17:21:08 - [TEST_STEP][PASSED] - else: null

27-02-2025T17:21:08 - [TEST_STEP][PASSED] - if (include): null

27-02-2025T17:21:08 - [TEST_STEP][PASSED] - line = reader.readLine(): null

27-02-2025T17:21:08 - [TEST_STEP][PASSED] - println(line): null

27-02-2025T17:21:08 - [TEST_STEP][PASSED] - group = line.indexOf("<Group>"): null

27-02-2025T17:21:08 - [TEST_STEP][PASSED] - println(group): null

27-02-2025T17:21:08 - [TEST_STEP][PASSED] - if (group >= 0): null

27-02-2025T17:21:08 - [TEST_STEP][PASSED] - else: null

27-02-2025T17:21:08 - [TEST_STEP][PASSED] - if (include): null

27-02-2025T17:21:08 - [TEST_STEP][PASSED] - line = reader.readLine(): null

27-02-2025T17:21:08 - [TEST_STEP][PASSED] - println(line): null

27-02-2025T17:21:08 - [TEST_STEP][PASSED] - group = line.indexOf("<Group>"): null

27-02-2025T17:21:08 - [TEST_STEP][PASSED] - println(group): null

27-02-2025T17:21:08 - [TEST_STEP][PASSED] - if (group >= 0): null

27-02-2025T17:21:08 - [TEST_STEP][PASSED] - else: null

27-02-2025T17:21:08 - [TEST_STEP][PASSED] - if (include): null

27-02-2025T17:21:08 - [TEST_STEP][PASSED] - line = reader.readLine(): null

27-02-2025T17:21:08 - [TEST_STEP][PASSED] - println(line): null

27-02-2025T17:21:08 - [TEST_STEP][PASSED] - group = line.indexOf("<Group>"): null

27-02-2025T17:21:08 - [TEST_STEP][PASSED] - println(group): null

27-02-2025T17:21:08 - [TEST_STEP][PASSED] - if (group >= 0): null

27-02-2025T17:21:08 - [TEST_STEP][PASSED] - else: null

27-02-2025T17:21:08 - [TEST_STEP][PASSED] - if (include): null

27-02-2025T17:21:08 - [TEST_STEP][PASSED] - line = reader.readLine(): null

27-02-2025T17:21:08 - [TEST_STEP][PASSED] - println(line): null

27-02-2025T17:21:08 - [TEST_STEP][PASSED] - group = line.indexOf("<Group>"): null

27-02-2025T17:21:08 - [TEST_STEP][PASSED] - println(group): null

27-02-2025T17:21:08 - [TEST_STEP][PASSED] - if (group >= 0): null

27-02-2025T17:21:08 - [TEST_STEP][PASSED] - else: null

27-02-2025T17:21:08 - [TEST_STEP][PASSED] - if (include): null

27-02-2025T17:21:08 - [TEST_STEP][PASSED] - line = reader.readLine(): null

27-02-2025T17:21:08 - [TEST_STEP][PASSED] - println(line): null

27-02-2025T17:21:08 - [TEST_STEP][PASSED] - group = line.indexOf("<Group>"): null

27-02-2025T17:21:08 - [TEST_STEP][PASSED] - println(group): null

27-02-2025T17:21:08 - [TEST_STEP][PASSED] - if (group >= 0): null

27-02-2025T17:21:08 - [TEST_STEP][PASSED] - else: null

27-02-2025T17:21:08 - [TEST_STEP][PASSED] - if (include): null

27-02-2025T17:21:08 - [TEST_STEP][PASSED] - line = reader.readLine(): null

27-02-2025T17:21:08 - [TEST_STEP][PASSED] - println(line): null

27-02-2025T17:21:08 - [TEST_STEP][PASSED] - group = line.indexOf("<Group>"): null

27-02-2025T17:21:08 - [TEST_STEP][PASSED] - println(group): null

27-02-2025T17:21:08 - [TEST_STEP][PASSED] - if (group >= 0): null

27-02-2025T17:21:08 - [TEST_STEP][PASSED] - else: null

27-02-2025T17:21:08 - [TEST_STEP][PASSED] - if (include): null

27-02-2025T17:21:08 - [TEST_STEP][PASSED] - line = reader.readLine(): null

27-02-2025T17:21:08 - [TEST_STEP][PASSED] - println(line): null

27-02-2025T17:21:08 - [TEST_STEP][PASSED] - group = line.indexOf("<Group>"): null

27-02-2025T17:21:08 - [TEST_STEP][PASSED] - println(group): null

27-02-2025T17:21:08 - [TEST_STEP][PASSED] - if (group >= 0): null

27-02-2025T17:21:08 - [TEST_STEP][PASSED] - else: null

27-02-2025T17:21:08 - [TEST_STEP][PASSED] - if (include): null

27-02-2025T17:21:08 - [TEST_STEP][PASSED] - line = reader.readLine(): null

27-02-2025T17:21:08 - [TEST_STEP][PASSED] - println(line): null

27-02-2025T17:21:08 - [TEST_STEP][PASSED] - group = line.indexOf("<Group>"): null

27-02-2025T17:21:08 - [TEST_STEP][PASSED] - println(group): null

27-02-2025T17:21:08 - [TEST_STEP][PASSED] - if (group >= 0): null

27-02-2025T17:21:08 - [TEST_STEP][PASSED] - else: null

27-02-2025T17:21:08 - [TEST_STEP][PASSED] - if (include): null

27-02-2025T17:21:08 - [TEST_STEP][PASSED] - line = reader.readLine(): null

27-02-2025T17:21:08 - [TEST_STEP][PASSED] - frame.dispose(): null

27-02-2025T17:21:08 - [TEST_STEP][PASSED] - reader.close(): null

27-02-2025T17:21:08 - [TEST_STEP][PASSED] - println(checked): null

27-02-2025T17:21:08 - [TEST_STEP][PASSED] - return checked: null

27-02-2025T17:21:08 - [MESSAGE][PASSED] - Call Test Case 'Test Cases/_Functions/Get Selections from CSV File' successfully

27-02-2025T17:21:08 - [TEST_STEP][PASSED] - regions = callTestCase(findTestCase("_Functions/Get Selections from CSV File"), ["varFileName":"Education Candidate Forms/preferred positions.csv", "varSelections":"regions"], STOP_ON_FAILURE): Call Test Case 'Test Cases/_Functions/Get Selections from CSV File' successfully

27-02-2025T17:21:08 - [TEST_CASE][PASSED] - Test Cases/_Functions/Get Selections from CSV File: Test Cases/_Functions/Get Selections from CSV File

27-02-2025T17:21:08 - [TEST_STEP][PASSED] - if (fastPath): null

27-02-2025T17:21:08 - [TEST_STEP][PASSED] - reader = <not implemented yet for class: org.codehaus.groovy.ast.expr.EmptyExpression>: null

27-02-2025T17:21:08 - [TEST_STEP][PASSED] - checked = []: null

27-02-2025T17:21:08 - [TEST_STEP][PASSED] - reader = new java.io.BufferedReader(new java.io.FileReader((/Users/cckozie/git/MissionNext-Katalon-Koz/Data Files/ + varFileName))): null

27-02-2025T17:21:08 - [TEST_STEP][PASSED] - line = reader.readLine(): null

27-02-2025T17:21:08 - [TEST_STEP][PASSED] - include = false: null

27-02-2025T17:21:08 - [TEST_STEP][PASSED] - frame = new javax.swing.JFrame(): null

27-02-2025T17:21:08 - [TEST_STEP][PASSED] - p = new javax.swing.JPanel(): null

27-02-2025T17:21:08 - [TEST_STEP][PASSED] - l = new javax.swing.JLabel(Loading selections from file..., javax.swing.SwingConstants.CENTER): null

27-02-2025T17:21:08 - [TEST_STEP][PASSED] - frame.add(l): null

27-02-2025T17:21:08 - [TEST_STEP][PASSED] - frame.setSize(300, 100): null

27-02-2025T17:21:08 - [TEST_STEP][PASSED] - frame.setLocation(600, 0): null

27-02-2025T17:21:08 - [TEST_STEP][PASSED] - frame.setAlwaysOnTop(true): null

27-02-2025T17:21:08 - [TEST_STEP][PASSED] - frame.show(): null

27-02-2025T17:21:08 - [TEST_STEP][PASSED] - while (line != null): null

27-02-2025T17:21:08 - [TEST_STEP][PASSED] - println(line): null

27-02-2025T17:21:08 - [TEST_STEP][PASSED] - group = line.indexOf("<Group>"): null

27-02-2025T17:21:08 - [TEST_STEP][PASSED] - println(group): null

27-02-2025T17:21:08 - [TEST_STEP][PASSED] - if (group >= 0): null

27-02-2025T17:21:08 - [TEST_STEP][PASSED] - selections = line.substring(group + 7, line.length() - 1): null

27-02-2025T17:21:08 - [TEST_STEP][PASSED] - println(selections): null

27-02-2025T17:21:08 - [TEST_STEP][PASSED] - if (selections == varSelections): null

27-02-2025T17:21:08 - [TEST_STEP][PASSED] - else: null

27-02-2025T17:21:08 - [TEST_STEP][PASSED] - include = false: null

27-02-2025T17:21:08 - [TEST_STEP][PASSED] - line = reader.readLine(): null

27-02-2025T17:21:08 - [TEST_STEP][PASSED] - println(line): null

27-02-2025T17:21:08 - [TEST_STEP][PASSED] - group = line.indexOf("<Group>"): null

27-02-2025T17:21:08 - [TEST_STEP][PASSED] - println(group): null

27-02-2025T17:21:08 - [TEST_STEP][PASSED] - if (group >= 0): null

27-02-2025T17:21:08 - [TEST_STEP][PASSED] - else: null

27-02-2025T17:21:08 - [TEST_STEP][PASSED] - if (include): null

27-02-2025T17:21:08 - [TEST_STEP][PASSED] - line = reader.readLine(): null

27-02-2025T17:21:08 - [TEST_STEP][PASSED] - println(line): null

27-02-2025T17:21:08 - [TEST_STEP][PASSED] - group = line.indexOf("<Group>"): null

27-02-2025T17:21:08 - [TEST_STEP][PASSED] - println(group): null

27-02-2025T17:21:08 - [TEST_STEP][PASSED] - if (group >= 0): null

27-02-2025T17:21:08 - [TEST_STEP][PASSED] - else: null

27-02-2025T17:21:08 - [TEST_STEP][PASSED] - if (include): null

27-02-2025T17:21:08 - [TEST_STEP][PASSED] - line = reader.readLine(): null

27-02-2025T17:21:08 - [TEST_STEP][PASSED] - println(line): null

27-02-2025T17:21:08 - [TEST_STEP][PASSED] - group = line.indexOf("<Group>"): null

27-02-2025T17:21:08 - [TEST_STEP][PASSED] - println(group): null

27-02-2025T17:21:08 - [TEST_STEP][PASSED] - if (group >= 0): null

27-02-2025T17:21:08 - [TEST_STEP][PASSED] - else: null

27-02-2025T17:21:08 - [TEST_STEP][PASSED] - if (include): null

27-02-2025T17:21:08 - [TEST_STEP][PASSED] - line = reader.readLine(): null

27-02-2025T17:21:08 - [TEST_STEP][PASSED] - println(line): null

27-02-2025T17:21:08 - [TEST_STEP][PASSED] - group = line.indexOf("<Group>"): null

27-02-2025T17:21:08 - [TEST_STEP][PASSED] - println(group): null

27-02-2025T17:21:08 - [TEST_STEP][PASSED] - if (group >= 0): null

27-02-2025T17:21:08 - [TEST_STEP][PASSED] - else: null

27-02-2025T17:21:08 - [TEST_STEP][PASSED] - if (include): null

27-02-2025T17:21:08 - [TEST_STEP][PASSED] - line = reader.readLine(): null

27-02-2025T17:21:08 - [TEST_STEP][PASSED] - println(line): null

27-02-2025T17:21:08 - [TEST_STEP][PASSED] - group = line.indexOf("<Group>"): null

27-02-2025T17:21:08 - [TEST_STEP][PASSED] - println(group): null

27-02-2025T17:21:08 - [TEST_STEP][PASSED] - if (group >= 0): null

27-02-2025T17:21:08 - [TEST_STEP][PASSED] - else: null

27-02-2025T17:21:08 - [TEST_STEP][PASSED] - if (include): null

27-02-2025T17:21:08 - [TEST_STEP][PASSED] - line = reader.readLine(): null

27-02-2025T17:21:08 - [TEST_STEP][PASSED] - println(line): null

27-02-2025T17:21:08 - [TEST_STEP][PASSED] - group = line.indexOf("<Group>"): null

27-02-2025T17:21:08 - [TEST_STEP][PASSED] - println(group): null

27-02-2025T17:21:08 - [TEST_STEP][PASSED] - if (group >= 0): null

27-02-2025T17:21:08 - [TEST_STEP][PASSED] - else: null

27-02-2025T17:21:08 - [TEST_STEP][PASSED] - if (include): null

27-02-2025T17:21:08 - [TEST_STEP][PASSED] - line = reader.readLine(): null

27-02-2025T17:21:08 - [TEST_STEP][PASSED] - println(line): null

27-02-2025T17:21:08 - [TEST_STEP][PASSED] - group = line.indexOf("<Group>"): null

27-02-2025T17:21:08 - [TEST_STEP][PASSED] - println(group): null

27-02-2025T17:21:08 - [TEST_STEP][PASSED] - if (group >= 0): null

27-02-2025T17:21:08 - [TEST_STEP][PASSED] - else: null

27-02-2025T17:21:08 - [TEST_STEP][PASSED] - if (include): null

27-02-2025T17:21:08 - [TEST_STEP][PASSED] - line = reader.readLine(): null

27-02-2025T17:21:08 - [TEST_STEP][PASSED] - println(line): null

27-02-2025T17:21:08 - [TEST_STEP][PASSED] - group = line.indexOf("<Group>"): null

27-02-2025T17:21:08 - [TEST_STEP][PASSED] - println(group): null

27-02-2025T17:21:08 - [TEST_STEP][PASSED] - if (group >= 0): null

27-02-2025T17:21:08 - [TEST_STEP][PASSED] - else: null

27-02-2025T17:21:08 - [TEST_STEP][PASSED] - if (include): null

27-02-2025T17:21:08 - [TEST_STEP][PASSED] - line = reader.readLine(): null

27-02-2025T17:21:08 - [TEST_STEP][PASSED] - println(line): null

27-02-2025T17:21:08 - [TEST_STEP][PASSED] - group = line.indexOf("<Group>"): null

27-02-2025T17:21:08 - [TEST_STEP][PASSED] - println(group): null

27-02-2025T17:21:08 - [TEST_STEP][PASSED] - if (group >= 0): null

27-02-2025T17:21:08 - [TEST_STEP][PASSED] - else: null

27-02-2025T17:21:08 - [TEST_STEP][PASSED] - if (include): null

27-02-2025T17:21:08 - [TEST_STEP][PASSED] - line = reader.readLine(): null

27-02-2025T17:21:08 - [TEST_STEP][PASSED] - println(line): null

27-02-2025T17:21:08 - [TEST_STEP][PASSED] - group = line.indexOf("<Group>"): null

27-02-2025T17:21:08 - [TEST_STEP][PASSED] - println(group): null

27-02-2025T17:21:08 - [TEST_STEP][PASSED] - if (group >= 0): null

27-02-2025T17:21:08 - [TEST_STEP][PASSED] - else: null

27-02-2025T17:21:08 - [TEST_STEP][PASSED] - if (include): null

27-02-2025T17:21:08 - [TEST_STEP][PASSED] - line = reader.readLine(): null

27-02-2025T17:21:08 - [TEST_STEP][PASSED] - println(line): null

27-02-2025T17:21:08 - [TEST_STEP][PASSED] - group = line.indexOf("<Group>"): null

27-02-2025T17:21:08 - [TEST_STEP][PASSED] - println(group): null

27-02-2025T17:21:08 - [TEST_STEP][PASSED] - if (group >= 0): null

27-02-2025T17:21:08 - [TEST_STEP][PASSED] - else: null

27-02-2025T17:21:08 - [TEST_STEP][PASSED] - if (include): null

27-02-2025T17:21:08 - [TEST_STEP][PASSED] - line = reader.readLine(): null

27-02-2025T17:21:08 - [TEST_STEP][PASSED] - println(line): null

27-02-2025T17:21:08 - [TEST_STEP][PASSED] - group = line.indexOf("<Group>"): null

27-02-2025T17:21:08 - [TEST_STEP][PASSED] - println(group): null

27-02-2025T17:21:08 - [TEST_STEP][PASSED] - if (group >= 0): null

27-02-2025T17:21:08 - [TEST_STEP][PASSED] - else: null

27-02-2025T17:21:08 - [TEST_STEP][PASSED] - if (include): null

27-02-2025T17:21:08 - [TEST_STEP][PASSED] - line = reader.readLine(): null

27-02-2025T17:21:08 - [TEST_STEP][PASSED] - println(line): null

27-02-2025T17:21:08 - [TEST_STEP][PASSED] - group = line.indexOf("<Group>"): null

27-02-2025T17:21:08 - [TEST_STEP][PASSED] - println(group): null

27-02-2025T17:21:08 - [TEST_STEP][PASSED] - if (group >= 0): null

27-02-2025T17:21:08 - [TEST_STEP][PASSED] - else: null

27-02-2025T17:21:08 - [TEST_STEP][PASSED] - if (include): null

27-02-2025T17:21:08 - [TEST_STEP][PASSED] - line = reader.readLine(): null

27-02-2025T17:21:08 - [TEST_STEP][PASSED] - println(line): null

27-02-2025T17:21:08 - [TEST_STEP][PASSED] - group = line.indexOf("<Group>"): null

27-02-2025T17:21:08 - [TEST_STEP][PASSED] - println(group): null

27-02-2025T17:21:08 - [TEST_STEP][PASSED] - if (group >= 0): null

27-02-2025T17:21:08 - [TEST_STEP][PASSED] - else: null

27-02-2025T17:21:08 - [TEST_STEP][PASSED] - if (include): null

27-02-2025T17:21:08 - [TEST_STEP][PASSED] - line = reader.readLine(): null

27-02-2025T17:21:08 - [TEST_STEP][PASSED] - println(line): null

27-02-2025T17:21:08 - [TEST_STEP][PASSED] - group = line.indexOf("<Group>"): null

27-02-2025T17:21:08 - [TEST_STEP][PASSED] - println(group): null

27-02-2025T17:21:08 - [TEST_STEP][PASSED] - if (group >= 0): null

27-02-2025T17:21:08 - [TEST_STEP][PASSED] - else: null

27-02-2025T17:21:08 - [TEST_STEP][PASSED] - if (include): null

27-02-2025T17:21:08 - [TEST_STEP][PASSED] - line = reader.readLine(): null

27-02-2025T17:21:08 - [TEST_STEP][PASSED] - println(line): null

27-02-2025T17:21:08 - [TEST_STEP][PASSED] - group = line.indexOf("<Group>"): null

27-02-2025T17:21:08 - [TEST_STEP][PASSED] - println(group): null

27-02-2025T17:21:08 - [TEST_STEP][PASSED] - if (group >= 0): null

27-02-2025T17:21:08 - [TEST_STEP][PASSED] - else: null

27-02-2025T17:21:08 - [TEST_STEP][PASSED] - if (include): null

27-02-2025T17:21:08 - [TEST_STEP][PASSED] - line = reader.readLine(): null

27-02-2025T17:21:08 - [TEST_STEP][PASSED] - println(line): null

27-02-2025T17:21:08 - [TEST_STEP][PASSED] - group = line.indexOf("<Group>"): null

27-02-2025T17:21:08 - [TEST_STEP][PASSED] - println(group): null

27-02-2025T17:21:08 - [TEST_STEP][PASSED] - if (group >= 0): null

27-02-2025T17:21:08 - [TEST_STEP][PASSED] - else: null

27-02-2025T17:21:08 - [TEST_STEP][PASSED] - if (include): null

27-02-2025T17:21:08 - [TEST_STEP][PASSED] - line = reader.readLine(): null

27-02-2025T17:21:08 - [TEST_STEP][PASSED] - println(line): null

27-02-2025T17:21:08 - [TEST_STEP][PASSED] - group = line.indexOf("<Group>"): null

27-02-2025T17:21:08 - [TEST_STEP][PASSED] - println(group): null

27-02-2025T17:21:08 - [TEST_STEP][PASSED] - if (group >= 0): null

27-02-2025T17:21:08 - [TEST_STEP][PASSED] - else: null

27-02-2025T17:21:08 - [TEST_STEP][PASSED] - if (include): null

27-02-2025T17:21:08 - [TEST_STEP][PASSED] - line = reader.readLine(): null

27-02-2025T17:21:08 - [TEST_STEP][PASSED] - println(line): null

27-02-2025T17:21:08 - [TEST_STEP][PASSED] - group = line.indexOf("<Group>"): null

27-02-2025T17:21:08 - [TEST_STEP][PASSED] - println(group): null

27-02-2025T17:21:08 - [TEST_STEP][PASSED] - if (group >= 0): null

27-02-2025T17:21:08 - [TEST_STEP][PASSED] - else: null

27-02-2025T17:21:08 - [TEST_STEP][PASSED] - if (include): null

27-02-2025T17:21:08 - [TEST_STEP][PASSED] - line = reader.readLine(): null

27-02-2025T17:21:08 - [TEST_STEP][PASSED] - println(line): null

27-02-2025T17:21:08 - [TEST_STEP][PASSED] - group = line.indexOf("<Group>"): null

27-02-2025T17:21:08 - [TEST_STEP][PASSED] - println(group): null

27-02-2025T17:21:08 - [TEST_STEP][PASSED] - if (group >= 0): null

27-02-2025T17:21:08 - [TEST_STEP][PASSED] - else: null

27-02-2025T17:21:08 - [TEST_STEP][PASSED] - if (include): null

27-02-2025T17:21:08 - [TEST_STEP][PASSED] - line = reader.readLine(): null

27-02-2025T17:21:08 - [TEST_STEP][PASSED] - println(line): null

27-02-2025T17:21:08 - [TEST_STEP][PASSED] - group = line.indexOf("<Group>"): null

27-02-2025T17:21:08 - [TEST_STEP][PASSED] - println(group): null

27-02-2025T17:21:08 - [TEST_STEP][PASSED] - if (group >= 0): null

27-02-2025T17:21:08 - [TEST_STEP][PASSED] - else: null

27-02-2025T17:21:08 - [TEST_STEP][PASSED] - if (include): null

27-02-2025T17:21:08 - [TEST_STEP][PASSED] - line = reader.readLine(): null

27-02-2025T17:21:08 - [TEST_STEP][PASSED] - println(line): null

27-02-2025T17:21:08 - [TEST_STEP][PASSED] - group = line.indexOf("<Group>"): null

27-02-2025T17:21:08 - [TEST_STEP][PASSED] - println(group): null

27-02-2025T17:21:08 - [TEST_STEP][PASSED] - if (group >= 0): null

27-02-2025T17:21:08 - [TEST_STEP][PASSED] - else: null

27-02-2025T17:21:08 - [TEST_STEP][PASSED] - if (include): null

27-02-2025T17:21:08 - [TEST_STEP][PASSED] - line = reader.readLine(): null

27-02-2025T17:21:08 - [TEST_STEP][PASSED] - println(line): null

27-02-2025T17:21:08 - [TEST_STEP][PASSED] - group = line.indexOf("<Group>"): null

27-02-2025T17:21:08 - [TEST_STEP][PASSED] - println(group): null

27-02-2025T17:21:08 - [TEST_STEP][PASSED] - if (group >= 0): null

27-02-2025T17:21:08 - [TEST_STEP][PASSED] - else: null

27-02-2025T17:21:08 - [TEST_STEP][PASSED] - if (include): null

27-02-2025T17:21:08 - [TEST_STEP][PASSED] - line = reader.readLine(): null

27-02-2025T17:21:08 - [TEST_STEP][PASSED] - println(line): null

27-02-2025T17:21:08 - [TEST_STEP][PASSED] - group = line.indexOf("<Group>"): null

27-02-2025T17:21:08 - [TEST_STEP][PASSED] - println(group): null

27-02-2025T17:21:08 - [TEST_STEP][PASSED] - if (group >= 0): null

27-02-2025T17:21:08 - [TEST_STEP][PASSED] - else: null

27-02-2025T17:21:08 - [TEST_STEP][PASSED] - if (include): null

27-02-2025T17:21:08 - [TEST_STEP][PASSED] - line = reader.readLine(): null

27-02-2025T17:21:08 - [TEST_STEP][PASSED] - println(line): null

27-02-2025T17:21:08 - [TEST_STEP][PASSED] - group = line.indexOf("<Group>"): null

27-02-2025T17:21:08 - [TEST_STEP][PASSED] - println(group): null

27-02-2025T17:21:08 - [TEST_STEP][PASSED] - if (group >= 0): null

27-02-2025T17:21:08 - [TEST_STEP][PASSED] - else: null

27-02-2025T17:21:08 - [TEST_STEP][PASSED] - if (include): null

27-02-2025T17:21:08 - [TEST_STEP][PASSED] - line = reader.readLine(): null

27-02-2025T17:21:08 - [TEST_STEP][PASSED] - println(line): null

27-02-2025T17:21:08 - [TEST_STEP][PASSED] - group = line.indexOf("<Group>"): null

27-02-2025T17:21:08 - [TEST_STEP][PASSED] - println(group): null

27-02-2025T17:21:08 - [TEST_STEP][PASSED] - if (group >= 0): null

27-02-2025T17:21:08 - [TEST_STEP][PASSED] - else: null

27-02-2025T17:21:08 - [TEST_STEP][PASSED] - if (include): null

27-02-2025T17:21:08 - [TEST_STEP][PASSED] - line = reader.readLine(): null

27-02-2025T17:21:08 - [TEST_STEP][PASSED] - println(line): null

27-02-2025T17:21:08 - [TEST_STEP][PASSED] - group = line.indexOf("<Group>"): null

27-02-2025T17:21:08 - [TEST_STEP][PASSED] - println(group): null

27-02-2025T17:21:08 - [TEST_STEP][PASSED] - if (group >= 0): null

27-02-2025T17:21:08 - [TEST_STEP][PASSED] - else: null

27-02-2025T17:21:08 - [TEST_STEP][PASSED] - if (include): null

27-02-2025T17:21:08 - [TEST_STEP][PASSED] - line = reader.readLine(): null

27-02-2025T17:21:08 - [TEST_STEP][PASSED] - println(line): null

27-02-2025T17:21:08 - [TEST_STEP][PASSED] - group = line.indexOf("<Group>"): null

27-02-2025T17:21:08 - [TEST_STEP][PASSED] - println(group): null

27-02-2025T17:21:08 - [TEST_STEP][PASSED] - if (group >= 0): null

27-02-2025T17:21:08 - [TEST_STEP][PASSED] - else: null

27-02-2025T17:21:08 - [TEST_STEP][PASSED] - if (include): null

27-02-2025T17:21:08 - [TEST_STEP][PASSED] - line = reader.readLine(): null

27-02-2025T17:21:08 - [TEST_STEP][PASSED] - println(line): null

27-02-2025T17:21:08 - [TEST_STEP][PASSED] - group = line.indexOf("<Group>"): null

27-02-2025T17:21:08 - [TEST_STEP][PASSED] - println(group): null

27-02-2025T17:21:08 - [TEST_STEP][PASSED] - if (group >= 0): null

27-02-2025T17:21:08 - [TEST_STEP][PASSED] - else: null

27-02-2025T17:21:08 - [TEST_STEP][PASSED] - if (include): null

27-02-2025T17:21:08 - [TEST_STEP][PASSED] - line = reader.readLine(): null

27-02-2025T17:21:08 - [TEST_STEP][PASSED] - println(line): null

27-02-2025T17:21:08 - [TEST_STEP][PASSED] - group = line.indexOf("<Group>"): null

27-02-2025T17:21:08 - [TEST_STEP][PASSED] - println(group): null

27-02-2025T17:21:08 - [TEST_STEP][PASSED] - if (group >= 0): null

27-02-2025T17:21:08 - [TEST_STEP][PASSED] - else: null

27-02-2025T17:21:08 - [TEST_STEP][PASSED] - if (include): null

27-02-2025T17:21:08 - [TEST_STEP][PASSED] - line = reader.readLine(): null

27-02-2025T17:21:08 - [TEST_STEP][PASSED] - println(line): null

27-02-2025T17:21:08 - [TEST_STEP][PASSED] - group = line.indexOf("<Group>"): null

27-02-2025T17:21:08 - [TEST_STEP][PASSED] - println(group): null

27-02-2025T17:21:08 - [TEST_STEP][PASSED] - if (group >= 0): null

27-02-2025T17:21:08 - [TEST_STEP][PASSED] - else: null

27-02-2025T17:21:08 - [TEST_STEP][PASSED] - if (include): null

27-02-2025T17:21:08 - [TEST_STEP][PASSED] - line = reader.readLine(): null

27-02-2025T17:21:08 - [TEST_STEP][PASSED] - println(line): null

27-02-2025T17:21:08 - [TEST_STEP][PASSED] - group = line.indexOf("<Group>"): null

27-02-2025T17:21:08 - [TEST_STEP][PASSED] - println(group): null

27-02-2025T17:21:08 - [TEST_STEP][PASSED] - if (group >= 0): null

27-02-2025T17:21:08 - [TEST_STEP][PASSED] - else: null

27-02-2025T17:21:08 - [TEST_STEP][PASSED] - if (include): null

27-02-2025T17:21:08 - [TEST_STEP][PASSED] - line = reader.readLine(): null

27-02-2025T17:21:08 - [TEST_STEP][PASSED] - println(line): null

27-02-2025T17:21:08 - [TEST_STEP][PASSED] - group = line.indexOf("<Group>"): null

27-02-2025T17:21:08 - [TEST_STEP][PASSED] - println(group): null

27-02-2025T17:21:08 - [TEST_STEP][PASSED] - if (group >= 0): null

27-02-2025T17:21:08 - [TEST_STEP][PASSED] - else: null

27-02-2025T17:21:08 - [TEST_STEP][PASSED] - if (include): null

27-02-2025T17:21:08 - [TEST_STEP][PASSED] - line = reader.readLine(): null

27-02-2025T17:21:08 - [TEST_STEP][PASSED] - println(line): null

27-02-2025T17:21:08 - [TEST_STEP][PASSED] - group = line.indexOf("<Group>"): null

27-02-2025T17:21:08 - [TEST_STEP][PASSED] - println(group): null

27-02-2025T17:21:08 - [TEST_STEP][PASSED] - if (group >= 0): null

27-02-2025T17:21:08 - [TEST_STEP][PASSED] - else: null

27-02-2025T17:21:08 - [TEST_STEP][PASSED] - if (include): null

27-02-2025T17:21:11 - [TEST_STEP][PASSED] - line = reader.readLine(): null

27-02-2025T17:21:11 - [TEST_STEP][PASSED] - println(line): null

27-02-2025T17:21:11 - [TEST_STEP][PASSED] - group = line.indexOf("<Group>"): null

27-02-2025T17:21:11 - [TEST_STEP][PASSED] - println(group): null

27-02-2025T17:21:11 - [TEST_STEP][PASSED] - if (group >= 0): null

27-02-2025T17:21:11 - [TEST_STEP][PASSED] - else: null

27-02-2025T17:21:11 - [TEST_STEP][PASSED] - if (include): null

27-02-2025T17:21:11 - [TEST_STEP][PASSED] - line = reader.readLine(): null

27-02-2025T17:21:11 - [TEST_STEP][PASSED] - println(line): null

27-02-2025T17:21:11 - [TEST_STEP][PASSED] - group = line.indexOf("<Group>"): null

27-02-2025T17:21:11 - [TEST_STEP][PASSED] - println(group): null

27-02-2025T17:21:11 - [TEST_STEP][PASSED] - if (group >= 0): null

27-02-2025T17:21:11 - [TEST_STEP][PASSED] - else: null

27-02-2025T17:21:11 - [TEST_STEP][PASSED] - if (include): null

27-02-2025T17:21:11 - [TEST_STEP][PASSED] - line = reader.readLine(): null

27-02-2025T17:21:11 - [TEST_STEP][PASSED] - println(line): null

27-02-2025T17:21:11 - [TEST_STEP][PASSED] - group = line.indexOf("<Group>"): null

27-02-2025T17:21:11 - [TEST_STEP][PASSED] - println(group): null

27-02-2025T17:21:11 - [TEST_STEP][PASSED] - if (group >= 0): null

27-02-2025T17:21:11 - [TEST_STEP][PASSED] - else: null

27-02-2025T17:21:11 - [TEST_STEP][PASSED] - if (include): null

27-02-2025T17:21:11 - [TEST_STEP][PASSED] - line = reader.readLine(): null

27-02-2025T17:21:11 - [TEST_STEP][PASSED] - println(line): null

27-02-2025T17:21:11 - [TEST_STEP][PASSED] - group = line.indexOf("<Group>"): null

27-02-2025T17:21:11 - [TEST_STEP][PASSED] - println(group): null

27-02-2025T17:21:11 - [TEST_STEP][PASSED] - if (group >= 0): null

27-02-2025T17:21:11 - [TEST_STEP][PASSED] - else: null

27-02-2025T17:21:11 - [TEST_STEP][PASSED] - if (include): null

27-02-2025T17:21:11 - [TEST_STEP][PASSED] - line = reader.readLine(): null

27-02-2025T17:21:11 - [TEST_STEP][PASSED] - println(line): null

27-02-2025T17:21:11 - [TEST_STEP][PASSED] - group = line.indexOf("<Group>"): null

27-02-2025T17:21:11 - [TEST_STEP][PASSED] - println(group): null

27-02-2025T17:21:11 - [TEST_STEP][PASSED] - if (group >= 0): null

27-02-2025T17:21:11 - [TEST_STEP][PASSED] - else: null

27-02-2025T17:21:11 - [TEST_STEP][PASSED] - if (include): null

27-02-2025T17:21:11 - [TEST_STEP][PASSED] - line = reader.readLine(): null

27-02-2025T17:21:11 - [TEST_STEP][PASSED] - println(line): null

27-02-2025T17:21:11 - [TEST_STEP][PASSED] - group = line.indexOf("<Group>"): null

27-02-2025T17:21:11 - [TEST_STEP][PASSED] - println(group): null

27-02-2025T17:21:11 - [TEST_STEP][PASSED] - if (group >= 0): null

27-02-2025T17:21:11 - [TEST_STEP][PASSED] - else: null

27-02-2025T17:21:11 - [TEST_STEP][PASSED] - if (include): null

27-02-2025T17:21:11 - [TEST_STEP][PASSED] - line = reader.readLine(): null

27-02-2025T17:21:11 - [TEST_STEP][PASSED] - println(line): null

27-02-2025T17:21:11 - [TEST_STEP][PASSED] - group = line.indexOf("<Group>"): null

27-02-2025T17:21:11 - [TEST_STEP][PASSED] - println(group): null

27-02-2025T17:21:11 - [TEST_STEP][PASSED] - if (group >= 0): null

27-02-2025T17:21:11 - [TEST_STEP][PASSED] - else: null

27-02-2025T17:21:11 - [TEST_STEP][PASSED] - if (include): null

27-02-2025T17:21:11 - [TEST_STEP][PASSED] - line = reader.readLine(): null

27-02-2025T17:21:11 - [TEST_STEP][PASSED] - println(line): null

27-02-2025T17:21:11 - [TEST_STEP][PASSED] - group = line.indexOf("<Group>"): null

27-02-2025T17:21:11 - [TEST_STEP][PASSED] - println(group): null

27-02-2025T17:21:11 - [TEST_STEP][PASSED] - if (group >= 0): null

27-02-2025T17:21:11 - [TEST_STEP][PASSED] - else: null

27-02-2025T17:21:11 - [TEST_STEP][PASSED] - if (include): null

27-02-2025T17:21:11 - [TEST_STEP][PASSED] - line = reader.readLine(): null

27-02-2025T17:21:11 - [TEST_STEP][PASSED] - println(line): null

27-02-2025T17:21:11 - [TEST_STEP][PASSED] - group = line.indexOf("<Group>"): null

27-02-2025T17:21:11 - [TEST_STEP][PASSED] - println(group): null

27-02-2025T17:21:11 - [TEST_STEP][PASSED] - if (group >= 0): null

27-02-2025T17:21:11 - [TEST_STEP][PASSED] - else: null

27-02-2025T17:21:11 - [TEST_STEP][PASSED] - if (include): null

27-02-2025T17:21:11 - [TEST_STEP][PASSED] - line = reader.readLine(): null

27-02-2025T17:21:11 - [TEST_STEP][PASSED] - println(line): null

27-02-2025T17:21:11 - [TEST_STEP][PASSED] - group = line.indexOf("<Group>"): null

27-02-2025T17:21:11 - [TEST_STEP][PASSED] - println(group): null

27-02-2025T17:21:11 - [TEST_STEP][PASSED] - if (group >= 0): null

27-02-2025T17:21:11 - [TEST_STEP][PASSED] - else: null

27-02-2025T17:21:11 - [TEST_STEP][PASSED] - if (include): null

27-02-2025T17:21:11 - [TEST_STEP][PASSED] - line = reader.readLine(): null

27-02-2025T17:21:11 - [TEST_STEP][PASSED] - println(line): null

27-02-2025T17:21:11 - [TEST_STEP][PASSED] - group = line.indexOf("<Group>"): null

27-02-2025T17:21:11 - [TEST_STEP][PASSED] - println(group): null

27-02-2025T17:21:11 - [TEST_STEP][PASSED] - if (group >= 0): null

27-02-2025T17:21:11 - [TEST_STEP][PASSED] - else: null

27-02-2025T17:21:11 - [TEST_STEP][PASSED] - if (include): null

27-02-2025T17:21:11 - [TEST_STEP][PASSED] - line = reader.readLine(): null

27-02-2025T17:21:11 - [TEST_STEP][PASSED] - println(line): null

27-02-2025T17:21:11 - [TEST_STEP][PASSED] - group = line.indexOf("<Group>"): null

27-02-2025T17:21:11 - [TEST_STEP][PASSED] - println(group): null

27-02-2025T17:21:11 - [TEST_STEP][PASSED] - if (group >= 0): null

27-02-2025T17:21:11 - [TEST_STEP][PASSED] - else: null

27-02-2025T17:21:11 - [TEST_STEP][PASSED] - if (include): null

27-02-2025T17:21:11 - [TEST_STEP][PASSED] - line = reader.readLine(): null

27-02-2025T17:21:11 - [TEST_STEP][PASSED] - println(line): null

27-02-2025T17:21:11 - [TEST_STEP][PASSED] - group = line.indexOf("<Group>"): null

27-02-2025T17:21:11 - [TEST_STEP][PASSED] - println(group): null

27-02-2025T17:21:11 - [TEST_STEP][PASSED] - if (group >= 0): null

27-02-2025T17:21:11 - [TEST_STEP][PASSED] - else: null

27-02-2025T17:21:11 - [TEST_STEP][PASSED] - if (include): null

27-02-2025T17:21:11 - [TEST_STEP][PASSED] - line = reader.readLine(): null

27-02-2025T17:21:11 - [TEST_STEP][PASSED] - println(line): null

27-02-2025T17:21:11 - [TEST_STEP][PASSED] - group = line.indexOf("<Group>"): null

27-02-2025T17:21:11 - [TEST_STEP][PASSED] - println(group): null

27-02-2025T17:21:11 - [TEST_STEP][PASSED] - if (group >= 0): null

27-02-2025T17:21:11 - [TEST_STEP][PASSED] - else: null

27-02-2025T17:21:11 - [TEST_STEP][PASSED] - if (include): null

27-02-2025T17:21:11 - [TEST_STEP][PASSED] - line = reader.readLine(): null

27-02-2025T17:21:11 - [TEST_STEP][PASSED] - println(line): null

27-02-2025T17:21:11 - [TEST_STEP][PASSED] - group = line.indexOf("<Group>"): null

27-02-2025T17:21:11 - [TEST_STEP][PASSED] - println(group): null

27-02-2025T17:21:11 - [TEST_STEP][PASSED] - if (group >= 0): null

27-02-2025T17:21:11 - [TEST_STEP][PASSED] - else: null

27-02-2025T17:21:11 - [TEST_STEP][PASSED] - if (include): null

27-02-2025T17:21:11 - [TEST_STEP][PASSED] - line = reader.readLine(): null

27-02-2025T17:21:11 - [TEST_STEP][PASSED] - println(line): null

27-02-2025T17:21:11 - [TEST_STEP][PASSED] - group = line.indexOf("<Group>"): null

27-02-2025T17:21:11 - [TEST_STEP][PASSED] - println(group): null

27-02-2025T17:21:11 - [TEST_STEP][PASSED] - if (group >= 0): null

27-02-2025T17:21:11 - [TEST_STEP][PASSED] - else: null

27-02-2025T17:21:11 - [TEST_STEP][PASSED] - if (include): null

27-02-2025T17:21:11 - [TEST_STEP][PASSED] - line = reader.readLine(): null

27-02-2025T17:21:11 - [TEST_STEP][PASSED] - println(line): null

27-02-2025T17:21:11 - [TEST_STEP][PASSED] - group = line.indexOf("<Group>"): null

27-02-2025T17:21:11 - [TEST_STEP][PASSED] - println(group): null

27-02-2025T17:21:11 - [TEST_STEP][PASSED] - if (group >= 0): null

27-02-2025T17:21:11 - [TEST_STEP][PASSED] - else: null

27-02-2025T17:21:11 - [TEST_STEP][PASSED] - if (include): null

27-02-2025T17:21:11 - [TEST_STEP][PASSED] - line = reader.readLine(): null

27-02-2025T17:21:11 - [TEST_STEP][PASSED] - println(line): null

27-02-2025T17:21:11 - [TEST_STEP][PASSED] - group = line.indexOf("<Group>"): null

27-02-2025T17:21:11 - [TEST_STEP][PASSED] - println(group): null

27-02-2025T17:21:11 - [TEST_STEP][PASSED] - if (group >= 0): null

27-02-2025T17:21:11 - [TEST_STEP][PASSED] - else: null

27-02-2025T17:21:11 - [TEST_STEP][PASSED] - if (include): null

27-02-2025T17:21:11 - [TEST_STEP][PASSED] - line = reader.readLine(): null

27-02-2025T17:21:11 - [TEST_STEP][PASSED] - println(line): null

27-02-2025T17:21:11 - [TEST_STEP][PASSED] - group = line.indexOf("<Group>"): null

27-02-2025T17:21:11 - [TEST_STEP][PASSED] - println(group): null

27-02-2025T17:21:11 - [TEST_STEP][PASSED] - if (group >= 0): null

27-02-2025T17:21:11 - [TEST_STEP][PASSED] - else: null

27-02-2025T17:21:11 - [TEST_STEP][PASSED] - if (include): null

27-02-2025T17:21:11 - [TEST_STEP][PASSED] - line = reader.readLine(): null

27-02-2025T17:21:11 - [TEST_STEP][PASSED] - println(line): null

27-02-2025T17:21:11 - [TEST_STEP][PASSED] - group = line.indexOf("<Group>"): null

27-02-2025T17:21:11 - [TEST_STEP][PASSED] - println(group): null

27-02-2025T17:21:11 - [TEST_STEP][PASSED] - if (group >= 0): null

27-02-2025T17:21:11 - [TEST_STEP][PASSED] - else: null

27-02-2025T17:21:11 - [TEST_STEP][PASSED] - if (include): null

27-02-2025T17:21:11 - [TEST_STEP][PASSED] - line = reader.readLine(): null

27-02-2025T17:21:11 - [TEST_STEP][PASSED] - println(line): null

27-02-2025T17:21:11 - [TEST_STEP][PASSED] - group = line.indexOf("<Group>"): null

27-02-2025T17:21:11 - [TEST_STEP][PASSED] - println(group): null

27-02-2025T17:21:11 - [TEST_STEP][PASSED] - if (group >= 0): null

27-02-2025T17:21:11 - [TEST_STEP][PASSED] - else: null

27-02-2025T17:21:11 - [TEST_STEP][PASSED] - if (include): null

27-02-2025T17:21:11 - [TEST_STEP][PASSED] - line = reader.readLine(): null

27-02-2025T17:21:11 - [TEST_STEP][PASSED] - println(line): null

27-02-2025T17:21:11 - [TEST_STEP][PASSED] - group = line.indexOf("<Group>"): null

27-02-2025T17:21:11 - [TEST_STEP][PASSED] - println(group): null

27-02-2025T17:21:11 - [TEST_STEP][PASSED] - if (group >= 0): null

27-02-2025T17:21:11 - [TEST_STEP][PASSED] - else: null

27-02-2025T17:21:11 - [TEST_STEP][PASSED] - if (include): null

27-02-2025T17:21:11 - [TEST_STEP][PASSED] - line = reader.readLine(): null

27-02-2025T17:21:11 - [TEST_STEP][PASSED] - println(line): null

27-02-2025T17:21:11 - [TEST_STEP][PASSED] - group = line.indexOf("<Group>"): null

27-02-2025T17:21:11 - [TEST_STEP][PASSED] - println(group): null

27-02-2025T17:21:11 - [TEST_STEP][PASSED] - if (group >= 0): null

27-02-2025T17:21:11 - [TEST_STEP][PASSED] - else: null

27-02-2025T17:21:11 - [TEST_STEP][PASSED] - if (include): null

27-02-2025T17:21:11 - [TEST_STEP][PASSED] - line = reader.readLine(): null

27-02-2025T17:21:11 - [TEST_STEP][PASSED] - println(line): null

27-02-2025T17:21:11 - [TEST_STEP][PASSED] - group = line.indexOf("<Group>"): null

27-02-2025T17:21:11 - [TEST_STEP][PASSED] - println(group): null

27-02-2025T17:21:11 - [TEST_STEP][PASSED] - if (group >= 0): null

27-02-2025T17:21:11 - [TEST_STEP][PASSED] - else: null

27-02-2025T17:21:11 - [TEST_STEP][PASSED] - if (include): null

27-02-2025T17:21:11 - [TEST_STEP][PASSED] - line = reader.readLine(): null

27-02-2025T17:21:11 - [TEST_STEP][PASSED] - println(line): null

27-02-2025T17:21:11 - [TEST_STEP][PASSED] - group = line.indexOf("<Group>"): null

27-02-2025T17:21:11 - [TEST_STEP][PASSED] - println(group): null

27-02-2025T17:21:11 - [TEST_STEP][PASSED] - if (group >= 0): null

27-02-2025T17:21:11 - [TEST_STEP][PASSED] - else: null

27-02-2025T17:21:11 - [TEST_STEP][PASSED] - if (include): null

27-02-2025T17:21:11 - [TEST_STEP][PASSED] - line = reader.readLine(): null

27-02-2025T17:21:11 - [TEST_STEP][PASSED] - println(line): null

27-02-2025T17:21:11 - [TEST_STEP][PASSED] - group = line.indexOf("<Group>"): null

27-02-2025T17:21:11 - [TEST_STEP][PASSED] - println(group): null

27-02-2025T17:21:11 - [TEST_STEP][PASSED] - if (group >= 0): null

27-02-2025T17:21:11 - [TEST_STEP][PASSED] - else: null

27-02-2025T17:21:11 - [TEST_STEP][PASSED] - if (include): null

27-02-2025T17:21:11 - [TEST_STEP][PASSED] - line = reader.readLine(): null

27-02-2025T17:21:11 - [TEST_STEP][PASSED] - println(line): null

27-02-2025T17:21:11 - [TEST_STEP][PASSED] - group = line.indexOf("<Group>"): null

27-02-2025T17:21:11 - [TEST_STEP][PASSED] - println(group): null

27-02-2025T17:21:11 - [TEST_STEP][PASSED] - if (group >= 0): null

27-02-2025T17:21:11 - [TEST_STEP][PASSED] - else: null

27-02-2025T17:21:11 - [TEST_STEP][PASSED] - if (include): null

27-02-2025T17:21:11 - [TEST_STEP][PASSED] - line = reader.readLine(): null

27-02-2025T17:21:11 - [TEST_STEP][PASSED] - println(line): null

27-02-2025T17:21:11 - [TEST_STEP][PASSED] - group = line.indexOf("<Group>"): null

27-02-2025T17:21:11 - [TEST_STEP][PASSED] - println(group): null

27-02-2025T17:21:11 - [TEST_STEP][PASSED] - if (group >= 0): null

27-02-2025T17:21:11 - [TEST_STEP][PASSED] - else: null

27-02-2025T17:21:11 - [TEST_STEP][PASSED] - if (include): null

27-02-2025T17:21:11 - [TEST_STEP][PASSED] - line = reader.readLine(): null

27-02-2025T17:21:11 - [TEST_STEP][PASSED] - println(line): null

27-02-2025T17:21:11 - [TEST_STEP][PASSED] - group = line.indexOf("<Group>"): null

27-02-2025T17:21:11 - [TEST_STEP][PASSED] - println(group): null

27-02-2025T17:21:11 - [TEST_STEP][PASSED] - if (group >= 0): null

27-02-2025T17:21:11 - [TEST_STEP][PASSED] - else: null

27-02-2025T17:21:11 - [TEST_STEP][PASSED] - if (include): null

27-02-2025T17:21:11 - [TEST_STEP][PASSED] - line = reader.readLine(): null

27-02-2025T17:21:11 - [TEST_STEP][PASSED] - println(line): null

27-02-2025T17:21:11 - [TEST_STEP][PASSED] - group = line.indexOf("<Group>"): null

27-02-2025T17:21:11 - [TEST_STEP][PASSED] - println(group): null

27-02-2025T17:21:11 - [TEST_STEP][PASSED] - if (group >= 0): null

27-02-2025T17:21:11 - [TEST_STEP][PASSED] - else: null

27-02-2025T17:21:11 - [TEST_STEP][PASSED] - if (include): null

27-02-2025T17:21:11 - [TEST_STEP][PASSED] - line = reader.readLine(): null

27-02-2025T17:21:11 - [TEST_STEP][PASSED] - println(line): null

27-02-2025T17:21:11 - [TEST_STEP][PASSED] - group = line.indexOf("<Group>"): null

27-02-2025T17:21:11 - [TEST_STEP][PASSED] - println(group): null

27-02-2025T17:21:11 - [TEST_STEP][PASSED] - if (group >= 0): null

27-02-2025T17:21:11 - [TEST_STEP][PASSED] - else: null

27-02-2025T17:21:11 - [TEST_STEP][PASSED] - if (include): null

27-02-2025T17:21:11 - [TEST_STEP][PASSED] - line = reader.readLine(): null

27-02-2025T17:21:11 - [TEST_STEP][PASSED] - println(line): null

27-02-2025T17:21:11 - [TEST_STEP][PASSED] - group = line.indexOf("<Group>"): null

27-02-2025T17:21:11 - [TEST_STEP][PASSED] - println(group): null

27-02-2025T17:21:11 - [TEST_STEP][PASSED] - if (group >= 0): null

27-02-2025T17:21:11 - [TEST_STEP][PASSED] - else: null

27-02-2025T17:21:11 - [TEST_STEP][PASSED] - if (include): null

27-02-2025T17:21:11 - [TEST_STEP][PASSED] - line = reader.readLine(): null

27-02-2025T17:21:11 - [TEST_STEP][PASSED] - println(line): null

27-02-2025T17:21:11 - [TEST_STEP][PASSED] - group = line.indexOf("<Group>"): null

27-02-2025T17:21:11 - [TEST_STEP][PASSED] - println(group): null

27-02-2025T17:21:11 - [TEST_STEP][PASSED] - if (group >= 0): null

27-02-2025T17:21:11 - [TEST_STEP][PASSED] - else: null

27-02-2025T17:21:11 - [TEST_STEP][PASSED] - if (include): null

27-02-2025T17:21:11 - [TEST_STEP][PASSED] - line = reader.readLine(): null

27-02-2025T17:21:11 - [TEST_STEP][PASSED] - println(line): null

27-02-2025T17:21:11 - [TEST_STEP][PASSED] - group = line.indexOf("<Group>"): null

27-02-2025T17:21:11 - [TEST_STEP][PASSED] - println(group): null

27-02-2025T17:21:11 - [TEST_STEP][PASSED] - if (group >= 0): null

27-02-2025T17:21:11 - [TEST_STEP][PASSED] - else: null

27-02-2025T17:21:11 - [TEST_STEP][PASSED] - if (include): null

27-02-2025T17:21:11 - [TEST_STEP][PASSED] - line = reader.readLine(): null

27-02-2025T17:21:11 - [TEST_STEP][PASSED] - println(line): null

27-02-2025T17:21:11 - [TEST_STEP][PASSED] - group = line.indexOf("<Group>"): null

27-02-2025T17:21:11 - [TEST_STEP][PASSED] - println(group): null

27-02-2025T17:21:11 - [TEST_STEP][PASSED] - if (group >= 0): null

27-02-2025T17:21:11 - [TEST_STEP][PASSED] - else: null

27-02-2025T17:21:11 - [TEST_STEP][PASSED] - if (include): null

27-02-2025T17:21:11 - [TEST_STEP][PASSED] - line = reader.readLine(): null

27-02-2025T17:21:11 - [TEST_STEP][PASSED] - println(line): null

27-02-2025T17:21:11 - [TEST_STEP][PASSED] - group = line.indexOf("<Group>"): null

27-02-2025T17:21:11 - [TEST_STEP][PASSED] - println(group): null

27-02-2025T17:21:11 - [TEST_STEP][PASSED] - if (group >= 0): null

27-02-2025T17:21:11 - [TEST_STEP][PASSED] - else: null

27-02-2025T17:21:11 - [TEST_STEP][PASSED] - if (include): null

27-02-2025T17:21:11 - [TEST_STEP][PASSED] - line = reader.readLine(): null

27-02-2025T17:21:11 - [TEST_STEP][PASSED] - println(line): null

27-02-2025T17:21:11 - [TEST_STEP][PASSED] - group = line.indexOf("<Group>"): null

27-02-2025T17:21:11 - [TEST_STEP][PASSED] - println(group): null

27-02-2025T17:21:11 - [TEST_STEP][PASSED] - if (group >= 0): null

27-02-2025T17:21:11 - [TEST_STEP][PASSED] - else: null

27-02-2025T17:21:11 - [TEST_STEP][PASSED] - if (include): null

27-02-2025T17:21:11 - [TEST_STEP][PASSED] - line = reader.readLine(): null

27-02-2025T17:21:11 - [TEST_STEP][PASSED] - println(line): null

27-02-2025T17:21:11 - [TEST_STEP][PASSED] - group = line.indexOf("<Group>"): null

27-02-2025T17:21:11 - [TEST_STEP][PASSED] - println(group): null

27-02-2025T17:21:11 - [TEST_STEP][PASSED] - if (group >= 0): null

27-02-2025T17:21:11 - [TEST_STEP][PASSED] - else: null

27-02-2025T17:21:11 - [TEST_STEP][PASSED] - if (include): null

27-02-2025T17:21:11 - [TEST_STEP][PASSED] - line = reader.readLine(): null

27-02-2025T17:21:11 - [TEST_STEP][PASSED] - println(line): null

27-02-2025T17:21:11 - [TEST_STEP][PASSED] - group = line.indexOf("<Group>"): null

27-02-2025T17:21:11 - [TEST_STEP][PASSED] - println(group): null

27-02-2025T17:21:11 - [TEST_STEP][PASSED] - if (group >= 0): null

27-02-2025T17:21:11 - [TEST_STEP][PASSED] - else: null

27-02-2025T17:21:11 - [TEST_STEP][PASSED] - if (include): null

27-02-2025T17:21:11 - [TEST_STEP][PASSED] - line = reader.readLine(): null

27-02-2025T17:21:11 - [TEST_STEP][PASSED] - println(line): null

27-02-2025T17:21:11 - [TEST_STEP][PASSED] - group = line.indexOf("<Group>"): null

27-02-2025T17:21:11 - [TEST_STEP][PASSED] - println(group): null

27-02-2025T17:21:11 - [TEST_STEP][PASSED] - if (group >= 0): null

27-02-2025T17:21:11 - [TEST_STEP][PASSED] - else: null

27-02-2025T17:21:11 - [TEST_STEP][PASSED] - if (include): null

27-02-2025T17:21:11 - [TEST_STEP][PASSED] - line = reader.readLine(): null

27-02-2025T17:21:11 - [TEST_STEP][PASSED] - println(line): null

27-02-2025T17:21:11 - [TEST_STEP][PASSED] - group = line.indexOf("<Group>"): null

27-02-2025T17:21:11 - [TEST_STEP][PASSED] - println(group): null

27-02-2025T17:21:11 - [TEST_STEP][PASSED] - if (group >= 0): null

27-02-2025T17:21:11 - [TEST_STEP][PASSED] - else: null

27-02-2025T17:21:11 - [TEST_STEP][PASSED] - if (include): null

27-02-2025T17:21:11 - [TEST_STEP][PASSED] - line = reader.readLine(): null

27-02-2025T17:21:11 - [TEST_STEP][PASSED] - println(line): null

27-02-2025T17:21:11 - [TEST_STEP][PASSED] - group = line.indexOf("<Group>"): null

27-02-2025T17:21:11 - [TEST_STEP][PASSED] - println(group): null

27-02-2025T17:21:11 - [TEST_STEP][PASSED] - if (group >= 0): null

27-02-2025T17:21:11 - [TEST_STEP][PASSED] - else: null

27-02-2025T17:21:11 - [TEST_STEP][PASSED] - if (include): null

27-02-2025T17:21:11 - [TEST_STEP][PASSED] - line = reader.readLine(): null

27-02-2025T17:21:11 - [TEST_STEP][PASSED] - println(line): null

27-02-2025T17:21:11 - [TEST_STEP][PASSED] - group = line.indexOf("<Group>"): null

27-02-2025T17:21:11 - [TEST_STEP][PASSED] - println(group): null

27-02-2025T17:21:11 - [TEST_STEP][PASSED] - if (group >= 0): null

27-02-2025T17:21:11 - [TEST_STEP][PASSED] - else: null

27-02-2025T17:21:11 - [TEST_STEP][PASSED] - if (include): null

27-02-2025T17:21:11 - [TEST_STEP][PASSED] - line = reader.readLine(): null

27-02-2025T17:21:11 - [TEST_STEP][PASSED] - println(line): null

27-02-2025T17:21:11 - [TEST_STEP][PASSED] - group = line.indexOf("<Group>"): null

27-02-2025T17:21:11 - [TEST_STEP][PASSED] - println(group): null

27-02-2025T17:21:11 - [TEST_STEP][PASSED] - if (group >= 0): null

27-02-2025T17:21:11 - [TEST_STEP][PASSED] - else: null

27-02-2025T17:21:11 - [TEST_STEP][PASSED] - if (include): null

27-02-2025T17:21:11 - [TEST_STEP][PASSED] - line = reader.readLine(): null

27-02-2025T17:21:11 - [TEST_STEP][PASSED] - println(line): null

27-02-2025T17:21:11 - [TEST_STEP][PASSED] - group = line.indexOf("<Group>"): null

27-02-2025T17:21:11 - [TEST_STEP][PASSED] - println(group): null

27-02-2025T17:21:11 - [TEST_STEP][PASSED] - if (group >= 0): null

27-02-2025T17:21:11 - [TEST_STEP][PASSED] - else: null

27-02-2025T17:21:11 - [TEST_STEP][PASSED] - if (include): null

27-02-2025T17:21:11 - [TEST_STEP][PASSED] - line = reader.readLine(): null

27-02-2025T17:21:11 - [TEST_STEP][PASSED] - println(line): null

27-02-2025T17:21:11 - [TEST_STEP][PASSED] - group = line.indexOf("<Group>"): null

27-02-2025T17:21:11 - [TEST_STEP][PASSED] - println(group): null

27-02-2025T17:21:11 - [TEST_STEP][PASSED] - if (group >= 0): null

27-02-2025T17:21:11 - [TEST_STEP][PASSED] - selections = line.substring(group + 7, line.length() - 1): null

27-02-2025T17:21:11 - [TEST_STEP][PASSED] - println(selections): null

27-02-2025T17:21:11 - [TEST_STEP][PASSED] - if (selections == varSelections): null

27-02-2025T17:21:11 - [TEST_STEP][PASSED] - include = true: null

27-02-2025T17:21:11 - [TEST_STEP][PASSED] - line = reader.readLine(): null

27-02-2025T17:21:11 - [TEST_STEP][PASSED] - println(line): null

27-02-2025T17:21:11 - [TEST_STEP][PASSED] - group = line.indexOf("<Group>"): null

27-02-2025T17:21:11 - [TEST_STEP][PASSED] - println(group): null

27-02-2025T17:21:15 - [TEST_STEP][PASSED] - if (group >= 0): null

27-02-2025T17:21:15 - [TEST_STEP][PASSED] - else: null

27-02-2025T17:21:15 - [TEST_STEP][PASSED] - if (include): null

27-02-2025T17:21:15 - [TEST_STEP][PASSED] - println(line): null

27-02-2025T17:21:15 - [TEST_STEP][PASSED] - comma = line.indexOf(",y"): null

27-02-2025T17:21:15 - [TEST_STEP][PASSED] - if (comma > 0): null

27-02-2025T17:21:15 - [TEST_STEP][PASSED] - line = reader.readLine(): null

27-02-2025T17:21:15 - [TEST_STEP][PASSED] - println(line): null

27-02-2025T17:21:15 - [TEST_STEP][PASSED] - group = line.indexOf("<Group>"): null

27-02-2025T17:21:15 - [TEST_STEP][PASSED] - println(group): null

27-02-2025T17:21:15 - [TEST_STEP][PASSED] - if (group >= 0): null

27-02-2025T17:21:15 - [TEST_STEP][PASSED] - else: null

27-02-2025T17:21:15 - [TEST_STEP][PASSED] - if (include): null

27-02-2025T17:21:15 - [TEST_STEP][PASSED] - println(line): null

27-02-2025T17:21:15 - [TEST_STEP][PASSED] - comma = line.indexOf(",y"): null

27-02-2025T17:21:15 - [TEST_STEP][PASSED] - if (comma > 0): null

27-02-2025T17:21:15 - [TEST_STEP][PASSED] - line = reader.readLine(): null

27-02-2025T17:21:15 - [TEST_STEP][PASSED] - println(line): null

27-02-2025T17:21:15 - [TEST_STEP][PASSED] - group = line.indexOf("<Group>"): null

27-02-2025T17:21:15 - [TEST_STEP][PASSED] - println(group): null

27-02-2025T17:21:15 - [TEST_STEP][PASSED] - if (group >= 0): null

27-02-2025T17:21:15 - [TEST_STEP][PASSED] - else: null

27-02-2025T17:21:15 - [TEST_STEP][PASSED] - if (include): null

27-02-2025T17:21:15 - [TEST_STEP][PASSED] - println(line): null

27-02-2025T17:21:15 - [TEST_STEP][PASSED] - comma = line.indexOf(",y"): null

27-02-2025T17:21:15 - [TEST_STEP][PASSED] - if (comma > 0): null

27-02-2025T17:21:15 - [TEST_STEP][PASSED] - line = reader.readLine(): null

27-02-2025T17:21:15 - [TEST_STEP][PASSED] - println(line): null

27-02-2025T17:21:15 - [TEST_STEP][PASSED] - group = line.indexOf("<Group>"): null

27-02-2025T17:21:15 - [TEST_STEP][PASSED] - println(group): null

27-02-2025T17:21:15 - [TEST_STEP][PASSED] - if (group >= 0): null

27-02-2025T17:21:15 - [TEST_STEP][PASSED] - else: null

27-02-2025T17:21:15 - [TEST_STEP][PASSED] - if (include): null

27-02-2025T17:21:15 - [TEST_STEP][PASSED] - println(line): null

27-02-2025T17:21:15 - [TEST_STEP][PASSED] - comma = line.indexOf(",y"): null

27-02-2025T17:21:15 - [TEST_STEP][PASSED] - if (comma > 0): null

27-02-2025T17:21:15 - [TEST_STEP][PASSED] - line = reader.readLine(): null

27-02-2025T17:21:15 - [TEST_STEP][PASSED] - println(line): null

27-02-2025T17:21:15 - [TEST_STEP][PASSED] - group = line.indexOf("<Group>"): null

27-02-2025T17:21:15 - [TEST_STEP][PASSED] - println(group): null

27-02-2025T17:21:15 - [TEST_STEP][PASSED] - if (group >= 0): null

27-02-2025T17:21:15 - [TEST_STEP][PASSED] - else: null

27-02-2025T17:21:15 - [TEST_STEP][PASSED] - if (include): null

27-02-2025T17:21:15 - [TEST_STEP][PASSED] - println(line): null

27-02-2025T17:21:15 - [TEST_STEP][PASSED] - comma = line.indexOf(",y"): null

27-02-2025T17:21:15 - [TEST_STEP][PASSED] - if (comma > 0): null

27-02-2025T17:21:15 - [TEST_STEP][PASSED] - commaCount = StringUtils.countMatches(line, ","): null

27-02-2025T17:21:15 - [TEST_STEP][PASSED] - if (commaCount > 1): null

27-02-2025T17:21:15 - [TEST_STEP][PASSED] - else: null

27-02-2025T17:21:15 - [TEST_STEP][PASSED] - label = line.substring(1, comma): null

27-02-2025T17:21:15 - [TEST_STEP][PASSED] - println(label): null

27-02-2025T17:21:15 - [TEST_STEP][PASSED] - checked.add(label): null

27-02-2025T17:21:15 - [TEST_STEP][PASSED] - line = reader.readLine(): null

27-02-2025T17:21:15 - [TEST_STEP][PASSED] - println(line): null

27-02-2025T17:21:15 - [TEST_STEP][PASSED] - group = line.indexOf("<Group>"): null

27-02-2025T17:21:15 - [TEST_STEP][PASSED] - println(group): null

27-02-2025T17:21:15 - [TEST_STEP][PASSED] - if (group >= 0): null

27-02-2025T17:21:15 - [TEST_STEP][PASSED] - else: null

27-02-2025T17:21:15 - [TEST_STEP][PASSED] - if (include): null

27-02-2025T17:21:15 - [TEST_STEP][PASSED] - println(line): null

27-02-2025T17:21:15 - [TEST_STEP][PASSED] - comma = line.indexOf(",y"): null

27-02-2025T17:21:15 - [TEST_STEP][PASSED] - if (comma > 0): null

27-02-2025T17:21:15 - [TEST_STEP][PASSED] - line = reader.readLine(): null

27-02-2025T17:21:15 - [TEST_STEP][PASSED] - println(line): null

27-02-2025T17:21:15 - [TEST_STEP][PASSED] - group = line.indexOf("<Group>"): null

27-02-2025T17:21:15 - [TEST_STEP][PASSED] - println(group): null

27-02-2025T17:21:15 - [TEST_STEP][PASSED] - if (group >= 0): null

27-02-2025T17:21:15 - [TEST_STEP][PASSED] - else: null

27-02-2025T17:21:15 - [TEST_STEP][PASSED] - if (include): null

27-02-2025T17:21:15 - [TEST_STEP][PASSED] - println(line): null

27-02-2025T17:21:15 - [TEST_STEP][PASSED] - comma = line.indexOf(",y"): null

27-02-2025T17:21:15 - [TEST_STEP][PASSED] - if (comma > 0): null

27-02-2025T17:21:15 - [TEST_STEP][PASSED] - line = reader.readLine(): null

27-02-2025T17:21:15 - [TEST_STEP][PASSED] - println(line): null

27-02-2025T17:21:15 - [TEST_STEP][PASSED] - group = line.indexOf("<Group>"): null

27-02-2025T17:21:15 - [TEST_STEP][PASSED] - println(group): null

27-02-2025T17:21:15 - [TEST_STEP][PASSED] - if (group >= 0): null

27-02-2025T17:21:15 - [TEST_STEP][PASSED] - else: null

27-02-2025T17:21:15 - [TEST_STEP][PASSED] - if (include): null

27-02-2025T17:21:15 - [TEST_STEP][PASSED] - println(line): null

27-02-2025T17:21:15 - [TEST_STEP][PASSED] - comma = line.indexOf(",y"): null

27-02-2025T17:21:15 - [TEST_STEP][PASSED] - if (comma > 0): null

27-02-2025T17:21:15 - [TEST_STEP][PASSED] - line = reader.readLine(): null

27-02-2025T17:21:15 - [TEST_STEP][PASSED] - println(line): null

27-02-2025T17:21:15 - [TEST_STEP][PASSED] - group = line.indexOf("<Group>"): null

27-02-2025T17:21:15 - [TEST_STEP][PASSED] - println(group): null

27-02-2025T17:21:15 - [TEST_STEP][PASSED] - if (group >= 0): null

27-02-2025T17:21:15 - [TEST_STEP][PASSED] - else: null

27-02-2025T17:21:15 - [TEST_STEP][PASSED] - if (include): null

27-02-2025T17:21:15 - [TEST_STEP][PASSED] - println(line): null

27-02-2025T17:21:15 - [TEST_STEP][PASSED] - comma = line.indexOf(",y"): null

27-02-2025T17:21:15 - [TEST_STEP][PASSED] - if (comma > 0): null

27-02-2025T17:21:15 - [TEST_STEP][PASSED] - line = reader.readLine(): null

27-02-2025T17:21:15 - [TEST_STEP][PASSED] - println(line): null

27-02-2025T17:21:15 - [TEST_STEP][PASSED] - group = line.indexOf("<Group>"): null

27-02-2025T17:21:15 - [TEST_STEP][PASSED] - println(group): null

27-02-2025T17:21:15 - [TEST_STEP][PASSED] - if (group >= 0): null

27-02-2025T17:21:15 - [TEST_STEP][PASSED] - else: null

27-02-2025T17:21:15 - [TEST_STEP][PASSED] - if (include): null

27-02-2025T17:21:15 - [TEST_STEP][PASSED] - println(line): null

27-02-2025T17:21:15 - [TEST_STEP][PASSED] - comma = line.indexOf(",y"): null

27-02-2025T17:21:15 - [TEST_STEP][PASSED] - if (comma > 0): null

27-02-2025T17:21:15 - [TEST_STEP][PASSED] - commaCount = StringUtils.countMatches(line, ","): null

27-02-2025T17:21:15 - [TEST_STEP][PASSED] - if (commaCount > 1): null

27-02-2025T17:21:15 - [TEST_STEP][PASSED] - else: null

27-02-2025T17:21:15 - [TEST_STEP][PASSED] - label = line.substring(1, comma): null

27-02-2025T17:21:15 - [TEST_STEP][PASSED] - println(label): null

27-02-2025T17:21:15 - [TEST_STEP][PASSED] - checked.add(label): null

27-02-2025T17:21:15 - [TEST_STEP][PASSED] - line = reader.readLine(): null

27-02-2025T17:21:15 - [TEST_STEP][PASSED] - println(line): null

27-02-2025T17:21:15 - [TEST_STEP][PASSED] - group = line.indexOf("<Group>"): null

27-02-2025T17:21:15 - [TEST_STEP][PASSED] - println(group): null

27-02-2025T17:21:15 - [TEST_STEP][PASSED] - if (group >= 0): null

27-02-2025T17:21:15 - [TEST_STEP][PASSED] - else: null

27-02-2025T17:21:15 - [TEST_STEP][PASSED] - if (include): null

27-02-2025T17:21:15 - [TEST_STEP][PASSED] - println(line): null

27-02-2025T17:21:15 - [TEST_STEP][PASSED] - comma = line.indexOf(",y"): null

27-02-2025T17:21:15 - [TEST_STEP][PASSED] - if (comma > 0): null

27-02-2025T17:21:15 - [TEST_STEP][PASSED] - commaCount = StringUtils.countMatches(line, ","): null

27-02-2025T17:21:15 - [TEST_STEP][PASSED] - if (commaCount > 1): null

27-02-2025T17:21:15 - [TEST_STEP][PASSED] - else: null

27-02-2025T17:21:15 - [TEST_STEP][PASSED] - label = line.substring(1, comma): null

27-02-2025T17:21:15 - [TEST_STEP][PASSED] - println(label): null

27-02-2025T17:21:15 - [TEST_STEP][PASSED] - checked.add(label): null

27-02-2025T17:21:15 - [TEST_STEP][PASSED] - line = reader.readLine(): null

27-02-2025T17:21:15 - [TEST_STEP][PASSED] - println(line): null

27-02-2025T17:21:15 - [TEST_STEP][PASSED] - group = line.indexOf("<Group>"): null

27-02-2025T17:21:15 - [TEST_STEP][PASSED] - println(group): null

27-02-2025T17:21:15 - [TEST_STEP][PASSED] - if (group >= 0): null

27-02-2025T17:21:15 - [TEST_STEP][PASSED] - else: null

27-02-2025T17:21:15 - [TEST_STEP][PASSED] - if (include): null

27-02-2025T17:21:15 - [TEST_STEP][PASSED] - println(line): null

27-02-2025T17:21:15 - [TEST_STEP][PASSED] - comma = line.indexOf(",y"): null

27-02-2025T17:21:15 - [TEST_STEP][PASSED] - if (comma > 0): null

27-02-2025T17:21:15 - [TEST_STEP][PASSED] - line = reader.readLine(): null

27-02-2025T17:21:15 - [TEST_STEP][PASSED] - println(line): null

27-02-2025T17:21:15 - [TEST_STEP][PASSED] - group = line.indexOf("<Group>"): null

27-02-2025T17:21:15 - [TEST_STEP][PASSED] - println(group): null

27-02-2025T17:21:15 - [TEST_STEP][PASSED] - if (group >= 0): null

27-02-2025T17:21:15 - [TEST_STEP][PASSED] - else: null

27-02-2025T17:21:15 - [TEST_STEP][PASSED] - if (include): null

27-02-2025T17:21:15 - [TEST_STEP][PASSED] - println(line): null

27-02-2025T17:21:15 - [TEST_STEP][PASSED] - comma = line.indexOf(",y"): null

27-02-2025T17:21:15 - [TEST_STEP][PASSED] - if (comma > 0): null

27-02-2025T17:21:15 - [TEST_STEP][PASSED] - commaCount = StringUtils.countMatches(line, ","): null

27-02-2025T17:21:15 - [TEST_STEP][PASSED] - if (commaCount > 1): null

27-02-2025T17:21:15 - [TEST_STEP][PASSED] - println("Mulitple Commas : " + line): null

27-02-2025T17:21:15 - [TEST_STEP][PASSED] - line = line.replace(""", ""): null

27-02-2025T17:21:15 - [TEST_STEP][PASSED] - label = line.substring(1, line.length() - 2): null

27-02-2025T17:21:15 - [TEST_STEP][PASSED] - println(label): null

27-02-2025T17:21:15 - [TEST_STEP][PASSED] - checked.add(label): null

27-02-2025T17:21:15 - [TEST_STEP][PASSED] - line = reader.readLine(): null

27-02-2025T17:21:15 - [TEST_STEP][PASSED] - println(line): null

27-02-2025T17:21:15 - [TEST_STEP][PASSED] - group = line.indexOf("<Group>"): null

27-02-2025T17:21:15 - [TEST_STEP][PASSED] - println(group): null

27-02-2025T17:21:15 - [TEST_STEP][PASSED] - if (group >= 0): null

27-02-2025T17:21:15 - [TEST_STEP][PASSED] - else: null

27-02-2025T17:21:15 - [TEST_STEP][PASSED] - if (include): null

27-02-2025T17:21:15 - [TEST_STEP][PASSED] - println(line): null

27-02-2025T17:21:15 - [TEST_STEP][PASSED] - comma = line.indexOf(",y"): null

27-02-2025T17:21:15 - [TEST_STEP][PASSED] - if (comma > 0): null

27-02-2025T17:21:15 - [TEST_STEP][PASSED] - line = reader.readLine(): null

27-02-2025T17:21:15 - [TEST_STEP][PASSED] - frame.dispose(): null

27-02-2025T17:21:15 - [TEST_STEP][PASSED] - reader.close(): null

27-02-2025T17:21:15 - [TEST_STEP][PASSED] - println(checked): null

27-02-2025T17:21:15 - [TEST_STEP][PASSED] - return checked: null

27-02-2025T17:21:15 - [MESSAGE][PASSED] - Call Test Case 'Test Cases/_Functions/Get Selections from CSV File' successfully

27-02-2025T17:21:15 - [TEST_STEP][PASSED] - callTestCase(findTestCase("Education Candidate Profile/Tabs/Set Preferences"), ["varPositions":positions, "varRegions":regions], STOP_ON_FAILURE): Call Test Case 'Test Cases/Education Candidate Profile/Tabs/Set Preferences' successfully

27-02-2025T17:21:15 - [TEST_CASE][PASSED] - Test Cases/Education Candidate Profile/Tabs/Set Preferences: Test Cases/Education Candidate Profile/Tabs/Set Preferences

27-02-2025T17:21:15 - [TEST_STEP][PASSED] - username = username: null

27-02-2025T17:21:15 - [TEST_STEP][PASSED] - if (username != "cktest04ec"): null

27-02-2025T17:21:15 - [TEST_STEP][PASSED] - testName = "Education Candidate Preferences Tab": null

27-02-2025T17:21:15 - [TEST_STEP][PASSED] - outFile = callTestCase(findTestCase("_Functions/Set Output File"), ["varTestName":testName], STOP_ON_FAILURE): Call Test Case 'Test Cases/_Functions/Set Output File' successfully

27-02-2025T17:21:15 - [TEST_CASE][PASSED] - Test Cases/_Functions/Set Output File: Test Cases/_Functions/Set Output File

27-02-2025T17:21:15 - [TEST_STEP][PASSED] - testName = varTestName: null

27-02-2025T17:21:15 - [TEST_STEP][PASSED] - domain = domain: null

27-02-2025T17:21:15 - [TEST_STEP][PASSED] - writeFile = false: null

27-02-2025T17:21:15 - [TEST_STEP][PASSED] - if (outFile != ""): null

27-02-2025T17:21:15 - [TEST_STEP][PASSED] - myFile = outFile: null

27-02-2025T17:21:15 - [TEST_STEP][PASSED] - println(myFile): null

27-02-2025T17:21:15 - [TEST_STEP][PASSED] - outFile = new java.io.File(myFile): null

27-02-2025T17:21:15 - [TEST_STEP][PASSED] - writeFile = true: null

27-02-2025T17:21:15 - [TEST_STEP][PASSED] - if (!(writeFile)): null

27-02-2025T17:21:15 - [TEST_STEP][PASSED] - else: null

27-02-2025T17:21:15 - [TEST_STEP][PASSED] - outFile.append("
Testing " + testName + " on " + domain + ".
"): null

27-02-2025T17:21:15 - [TEST_STEP][PASSED] - return outFile: null

27-02-2025T17:21:15 - [MESSAGE][PASSED] - Call Test Case 'Test Cases/_Functions/Set Output File' successfully

27-02-2025T17:21:15 - [TEST_STEP][PASSED] - parms = [varPositions, varRegions]: null

27-02-2025T17:21:15 - [TEST_STEP][PASSED] - positions = "//input[@id='profile_group-1449972047.293_preferred_education_positions']": null

27-02-2025T17:21:15 - [TEST_STEP][PASSED] - regions = "//input[@id='profile_group-1449972047.293_world_region_preferences']": null

27-02-2025T17:21:15 - [TEST_STEP][PASSED] - xpaths = [positions, regions]: null

27-02-2025T17:21:15 - [TEST_STEP][PASSED] - tooltipImagePath = "/Users/cckozie/git/MissionNext-Katalon-Koz/images/education candidate/": null

27-02-2025T17:21:15 - [TEST_STEP][PASSED] - testObjectFolder = "Education Candidate Profile/Tabs/Preferences/": null

27-02-2025T17:21:15 - [TEST_STEP][PASSED] - tooltips = ["dummy":"dummy"]: null

27-02-2025T17:21:15 - [TEST_STEP][PASSED] - tooltipText = []: null

27-02-2025T17:21:15 - [TEST_STEP][PASSED] - requiredFieldMsgs = ["Preferred School Positions":"The preferred education positions field is required.", "Preferred Region(s)":"The world region preferences field is required."]: null

27-02-2025T17:21:15 - [TEST_STEP][PASSED] - pageLinks = ["countries by region":"Countries by Region"]: null

27-02-2025T17:21:15 - [TEST_STEP][PASSED] - click(findTestObject("Object Repository/Education Candidate Profile/Tabs/a_Preferences")): Object: 'Object Repository/Education Candidate Profile/Tabs/a_Preferences' is clicked on

27-02-2025T17:21:15 - [MESSAGE][PASSED] - Object: 'Object Repository/Education Candidate Profile/Tabs/a_Preferences' is clicked on

27-02-2025T17:21:15 - [TEST_STEP][PASSED] - tooltipTextMap = callTestCase(findTestCase("_Functions/Get Screenshot and Tooltip Text"), ["varExtension":testName], STOP_ON_FAILURE): Call Test Case 'Test Cases/_Functions/Get Screenshot and Tooltip Text' successfully

27-02-2025T17:21:15 - [TEST_CASE][PASSED] - Test Cases/_Functions/Get Screenshot and Tooltip Text: Test Cases/_Functions/Get Screenshot and Tooltip Text

27-02-2025T17:21:15 - [TEST_STEP][PASSED] - if (fastPath): null

27-02-2025T17:21:15 - [TEST_STEP][PASSED] - frame = new javax.swing.JFrame(): null

27-02-2025T17:21:15 - [TEST_STEP][PASSED] - p = new javax.swing.JPanel(): null

27-02-2025T17:21:15 - [TEST_STEP][PASSED] - l = new javax.swing.JLabel(Getting screenshot and tooltip text..., javax.swing.SwingConstants.CENTER): null

27-02-2025T17:21:15 - [TEST_STEP][PASSED] - frame.add(l): null

27-02-2025T17:21:15 - [TEST_STEP][PASSED] - frame.setSize(300, 100): null

27-02-2025T17:21:15 - [TEST_STEP][PASSED] - frame.setLocation(600, 0): null

27-02-2025T17:21:15 - [TEST_STEP][PASSED] - frame.setAlwaysOnTop(true): null

27-02-2025T17:21:15 - [TEST_STEP][PASSED] - frame.show(): null

27-02-2025T17:21:15 - [TEST_STEP][PASSED] - driver = getWebDriver(): null

27-02-2025T17:21:15 - [TEST_STEP][PASSED] - path = "/Users/cckozie/Documents/MissionNext/Screenshots and Tooltip Text/": null

27-02-2025T17:21:15 - [TEST_STEP][PASSED] - if (binding.hasVariable("varExtension")): null

27-02-2025T17:21:15 - [TEST_STEP][PASSED] - extension = varExtension: null

27-02-2025T17:21:15 - [TEST_STEP][PASSED] - println("Extension is " + extension): null

27-02-2025T17:21:15 - [TEST_STEP][PASSED] - fileBase = path + extension: null

27-02-2025T17:21:15 - [TEST_STEP][PASSED] - fileImage = fileBase + "_Screenshot.png": null

27-02-2025T17:21:15 - [TEST_STEP][PASSED] - waitForPageLoad(30): Wait for page load successfully

27-02-2025T17:21:15 - [MESSAGE][PASSED] - Wait for page load successfully

27-02-2025T17:21:15 - [TEST_STEP][PASSED] - spinner = driver.findElement(By.xpath("/html/body/div[1]/div/div[2]")): null

27-02-2025T17:21:15 - [TEST_STEP][PASSED] - executor = driver: null

27-02-2025T17:21:15 - [TEST_STEP][PASSED] - elementAttributes = executor.executeScript("var items = {}; for (index = 0; index < arguments[0].attributes.length; ++index) { items[arguments[0].attributes[index].name] = arguments[0].attributes[index].value }; return items;", spinner): null

27-02-2025T17:21:15 - [TEST_STEP][PASSED] - attrs = elementAttributes.toString(): null

27-02-2025T17:21:15 - [TEST_STEP][PASSED] - waits = 0: null

27-02-2025T17:21:15 - [TEST_STEP][PASSED] - while (attrs.indexOf("display: none") < 0 && waits < 2): null

27-02-2025T17:21:15 - [TEST_STEP][PASSED] - tooltipMap = callTestCase(findTestCase("_Functions/Get Tooltip Text"), [:], STOP_ON_FAILURE): Call Test Case 'Test Cases/_Functions/Get Tooltip Text' successfully

27-02-2025T17:21:15 - [TEST_CASE][PASSED] - Test Cases/_Functions/Get Tooltip Text: Test Cases/_Functions/Get Tooltip Text

27-02-2025T17:21:15 - [TEST_STEP][PASSED] - fieldTooltips = [:]: null

27-02-2025T17:21:15 - [TEST_STEP][PASSED] - tooltipMap = [:]: null

27-02-2025T17:21:15 - [TEST_STEP][PASSED] - driver = getWebDriver(): null

27-02-2025T17:21:15 - [TEST_STEP][PASSED] - tooltips = driver.findElements(By.className("field-tooltip")): null

27-02-2025T17:21:15 - [TEST_STEP][PASSED] - for (def it : tooltips): null

27-02-2025T17:21:15 - [TEST_STEP][PASSED] - if (it.isDisplayed()): null

27-02-2025T17:21:15 - [TEST_STEP][PASSED] - if (it.isDisplayed()): null

27-02-2025T17:21:15 - [TEST_STEP][PASSED] - if (it.isDisplayed()): null

27-02-2025T17:21:15 - [TEST_STEP][PASSED] - if (it.isDisplayed()): null

27-02-2025T17:21:15 - [TEST_STEP][PASSED] - if (it.isDisplayed()): null

27-02-2025T17:21:15 - [TEST_STEP][PASSED] - if (it.isDisplayed()): null

27-02-2025T17:21:15 - [TEST_STEP][PASSED] - if (it.isDisplayed()): null

27-02-2025T17:21:15 - [TEST_STEP][PASSED] - if (it.isDisplayed()): null

27-02-2025T17:21:15 - [TEST_STEP][PASSED] - if (it.isDisplayed()): null

27-02-2025T17:21:15 - [TEST_STEP][PASSED] - if (it.isDisplayed()): null

27-02-2025T17:21:15 - [TEST_STEP][PASSED] - if (it.isDisplayed()): null

27-02-2025T17:21:15 - [TEST_STEP][PASSED] - if (it.isDisplayed()): null

27-02-2025T17:21:15 - [TEST_STEP][PASSED] - if (it.isDisplayed()): null

27-02-2025T17:21:16 - [TEST_STEP][PASSED] - if (it.isDisplayed()): null

27-02-2025T17:21:16 - [TEST_STEP][PASSED] - if (it.isDisplayed()): null

27-02-2025T17:21:16 - [TEST_STEP][PASSED] - if (it.isDisplayed()): null

27-02-2025T17:21:16 - [TEST_STEP][PASSED] - if (it.isDisplayed()): null

27-02-2025T17:21:16 - [TEST_STEP][PASSED] - if (it.isDisplayed()): null

27-02-2025T17:21:16 - [TEST_STEP][PASSED] - if (it.isDisplayed()): null

27-02-2025T17:21:16 - [TEST_STEP][PASSED] - if (it.isDisplayed()): null

27-02-2025T17:21:16 - [TEST_STEP][PASSED] - if (fieldTooltips.size() > 0): null

27-02-2025T17:21:16 - [TEST_STEP][PASSED] - return tooltipMap: null

27-02-2025T17:21:16 - [MESSAGE][PASSED] - Call Test Case 'Test Cases/_Functions/Get Tooltip Text' successfully

27-02-2025T17:21:16 - [TEST_STEP][PASSED] - if (tooltipMap.size() > 0): null

27-02-2025T17:21:16 - [TEST_STEP][PASSED] - takeFullPageScreenshot(fileImage): Taking screenshot successfully

27-02-2025T17:21:17 - [MESSAGE][INFO] - 0 hidden object(s)

27-02-2025T17:21:17 - [MESSAGE][PASSED] - Taking screenshot successfully
[[ATTACHMENT|/Users/cckozie/Documents/MissionNext/Screenshots and Tooltip Text/Education Candidate Preferences Tab_Screenshot.png]]

27-02-2025T17:21:17 - [TEST_STEP][PASSED] - frame.dispose(): null

27-02-2025T17:21:17 - [TEST_STEP][PASSED] - return tooltipMap: null

27-02-2025T17:21:17 - [MESSAGE][PASSED] - Call Test Case 'Test Cases/_Functions/Get Screenshot and Tooltip Text' successfully

27-02-2025T17:21:17 - [TEST_STEP][PASSED] - callTestCase(findTestCase("_Functions/Test Tooltips"), ["varTooltipImagePath":tooltipImagePath, "varTooltips":tooltips, "varTooltipText":tooltipText, "varTestObjectFolder":testObjectFolder, ... ], STOP_ON_FAILURE): Call Test Case 'Test Cases/_Functions/Test Tooltips' successfully

27-02-2025T17:21:17 - [TEST_CASE][PASSED] - Test Cases/_Functions/Test Tooltips: Test Cases/_Functions/Test Tooltips

27-02-2025T17:21:17 - [TEST_STEP][PASSED] - if (fastPath): null

27-02-2025T17:21:17 - [TEST_STEP][PASSED] - tooltipImagePath = varTooltipImagePath: null

27-02-2025T17:21:17 - [TEST_STEP][PASSED] - tooltips = varTooltips: null

27-02-2025T17:21:17 - [TEST_STEP][PASSED] - tooltipText = varTooltipText: null

27-02-2025T17:21:17 - [TEST_STEP][PASSED] - testObjectFolder = varTestObjectFolder: null

27-02-2025T17:21:17 - [TEST_STEP][PASSED] - tooltipTextMap = varTooltipTextMap: null

27-02-2025T17:21:17 - [TEST_STEP][PASSED] - writeFile = false: null

27-02-2025T17:21:17 - [TEST_STEP][PASSED] - if (outFile != ""): null

27-02-2025T17:21:17 - [TEST_STEP][PASSED] - myFile = outFile: null

27-02-2025T17:21:17 - [TEST_STEP][PASSED] - println(myFile): null

27-02-2025T17:21:17 - [TEST_STEP][PASSED] - outFile = new java.io.File(myFile): null

27-02-2025T17:21:17 - [TEST_STEP][PASSED] - writeFile = true: null

27-02-2025T17:21:17 - [TEST_STEP][PASSED] - driver = getWebDriver(): null

27-02-2025T17:21:17 - [TEST_STEP][PASSED] - action = new org.openqa.selenium.interactions.Actions(driver): null

27-02-2025T17:21:17 - [TEST_STEP][PASSED] - s = new org.sikuli.script.Screen(): null

27-02-2025T17:21:17 - [TEST_STEP][PASSED] - outText = "Verifying the tooltips can be displayed.
": null

27-02-2025T17:21:17 - [TEST_STEP][PASSED] - outFile.append(outText): null

27-02-2025T17:21:17 - [TEST_STEP][PASSED] - first = true: null

27-02-2025T17:21:17 - [TEST_STEP][PASSED] - for (def it : tooltips): null

27-02-2025T17:21:17 - [TEST_STEP][PASSED] - myKey = key: null

27-02-2025T17:21:17 - [TEST_STEP][PASSED] - myValue = value: null

27-02-2025T17:21:17 - [TEST_STEP][PASSED] - println("myKey is " + myKey): null

27-02-2025T17:21:17 - [TEST_STEP][PASSED] - println("myValue is " + myValue): null

27-02-2025T17:21:17 - [TEST_STEP][PASSED] - if (myKey != "dummy"): null

27-02-2025T17:21:17 - [TEST_STEP][PASSED] - else: null

27-02-2025T17:21:17 - [TEST_STEP][PASSED] - myImage = "/Users/cckozie/git/MissionNext-Katalon-Koz/images/dummy.png": null

27-02-2025T17:21:17 - [TEST_STEP][PASSED] - f = new java.io.File(myImage): null

27-02-2025T17:21:17 - [TEST_STEP][PASSED] - if (f.exists()): null

27-02-2025T17:21:17 - [TEST_STEP][PASSED] - println("Looking for " + myImage): null

27-02-2025T17:21:17 - [TEST_STEP][PASSED] - icn = Pattern(myImage).similar(0.10): null

27-02-2025T17:21:17 - [TEST_STEP][PASSED] - found = s.exists(icn): null

27-02-2025T17:21:17 - [TEST_STEP][PASSED] - println(found): null

27-02-2025T17:21:17 - [TEST_STEP][PASSED] - if (found != null): null

27-02-2025T17:21:17 - [TEST_STEP][PASSED] - foundStr = found.toString(): null

27-02-2025T17:21:17 - [TEST_STEP][PASSED] - matchP = foundStr.indexOf("%"): null

27-02-2025T17:21:17 - [TEST_STEP][PASSED] - if (matchP >= 0): null

27-02-2025T17:21:17 - [TEST_STEP][PASSED] - println(matchP): null

27-02-2025T17:21:17 - [TEST_STEP][PASSED] - pct = foundStr.substring(matchP + 1, matchP + 6): null

27-02-2025T17:21:17 - [TEST_STEP][PASSED] - pctF = pct.toFloat(): null

27-02-2025T17:21:17 - [TEST_STEP][PASSED] - outText = "+++ Tooltip match value for " + myKey + " is " + pctF + "%": null

27-02-2025T17:21:17 - [TEST_STEP][PASSED] - min = 80: null

27-02-2025T17:21:17 - [TEST_STEP][PASSED] - if (pctF.toFloat() < min.toFloat()): null

27-02-2025T17:21:17 - [TEST_STEP][PASSED] - outText = ">>>>> " + outText + " <<<<<": null

27-02-2025T17:21:17 - [TEST_STEP][PASSED] - if (myKey != "dummy"): null

27-02-2025T17:21:17 - [TEST_STEP][PASSED] - outText = "Verifying the tooltip text on the page is what was expected.
": null

27-02-2025T17:21:17 - [TEST_STEP][PASSED] - println(tooltipTextMap): null

27-02-2025T17:21:17 - [TEST_STEP][PASSED] - outFile.append(outText): null

27-02-2025T17:21:17 - [TEST_STEP][PASSED] - for (def it : tooltipText): null

27-02-2025T17:21:17 - [MESSAGE][PASSED] - Call Test Case 'Test Cases/_Functions/Test Tooltips' successfully

27-02-2025T17:21:17 - [TEST_STEP][PASSED] - outText = "Verifying the required field messages.
": null

27-02-2025T17:21:17 - [TEST_STEP][PASSED] - outFile.append(outText): null

27-02-2025T17:21:17 - [TEST_STEP][PASSED] - fieldList = []: null

27-02-2025T17:21:17 - [TEST_STEP][PASSED] - requiredFieldMsgs.each({ -> ... }): null

27-02-2025T17:21:17 - [TEST_STEP][PASSED] - callTestCase(findTestCase("_Functions/Test Field Error Messages"), ["varFieldList":fieldList, "varRequiredFieldMsgs":requiredFieldMsgs], STOP_ON_FAILURE): Call Test Case 'Test Cases/_Functions/Test Field Error Messages' successfully

27-02-2025T17:21:17 - [TEST_CASE][PASSED] - Test Cases/_Functions/Test Field Error Messages: Test Cases/_Functions/Test Field Error Messages

27-02-2025T17:21:17 - [TEST_STEP][PASSED] - count = callTestCase(findTestCase("_Functions/Find error messages"), ["varFunction":"count"], STOP_ON_FAILURE): Call Test Case 'Test Cases/_Functions/Find error messages' successfully

27-02-2025T17:21:17 - [TEST_CASE][PASSED] - Test Cases/_Functions/Find error messages: Test Cases/_Functions/Find error messages

27-02-2025T17:21:17 - [TEST_STEP][PASSED] - function = "count": null

27-02-2025T17:21:19 - [TEST_STEP][PASSED] - if (binding.hasVariable("varFunction")): null

27-02-2025T17:21:19 - [TEST_STEP][PASSED] - function = varFunction: null

27-02-2025T17:21:19 - [TEST_STEP][PASSED] - title = getWindowTitle(): Current window's title is: 'Education'

27-02-2025T17:21:19 - [MESSAGE][PASSED] - Current window's title is: 'Education'

27-02-2025T17:21:19 - [TEST_STEP][PASSED] - println("Page title is " + title): null

27-02-2025T17:21:19 - [TEST_STEP][PASSED] - driver = getWebDriver(): null

27-02-2025T17:21:19 - [TEST_STEP][PASSED] - elements = driver.findElements(By.xpath("//div[@class='col-sm-offset-3 col-sm-9 text-danger']")): null

27-02-2025T17:21:19 - [TEST_STEP][PASSED] - if (function == "count"): null

27-02-2025T17:21:19 - [TEST_STEP][PASSED] - return elements.size(): null

27-02-2025T17:21:19 - [MESSAGE][PASSED] - Call Test Case 'Test Cases/_Functions/Find error messages' successfully

27-02-2025T17:21:19 - [TEST_STEP][PASSED] - outFile = outFile: null

27-02-2025T17:21:19 - [TEST_STEP][PASSED] - if (count == 0): null

27-02-2025T17:21:19 - [TEST_STEP][PASSED] - else: Delayed 0 second(s)

27-02-2025T17:21:19 - [TEST_STEP][PASSED] - fieldList = varFieldList: null

27-02-2025T17:21:19 - [TEST_STEP][PASSED] - requiredFieldMsgs = varRequiredFieldMsgs: null

27-02-2025T17:21:19 - [TEST_STEP][PASSED] - outText = "Verifying error messages for fields " + fieldList: null

27-02-2025T17:21:19 - [TEST_STEP][PASSED] - for (def field : fieldList): null

27-02-2025T17:21:19 - [TEST_STEP][PASSED] - errorMsg = requiredFieldMsgs.get(field): null

27-02-2025T17:21:19 - [TEST_STEP][PASSED] - msg = verifyTextPresent(errorMsg, false, OPTIONAL): Text 'The preferred education positions field is required.' is present on page 

27-02-2025T17:21:19 - [MESSAGE][PASSED] - Text 'The preferred education positions field is required.' is present on page 

27-02-2025T17:21:19 - [TEST_STEP][PASSED] - println(field + ":" + msg): null

27-02-2025T17:21:19 - [TEST_STEP][PASSED] - if (!(msg)): null

27-02-2025T17:21:19 - [TEST_STEP][PASSED] - errorMsg = requiredFieldMsgs.get(field): null

27-02-2025T17:21:19 - [TEST_STEP][PASSED] - msg = verifyTextPresent(errorMsg, false, OPTIONAL): Text 'The world region preferences field is required.' is present on page 

27-02-2025T17:21:19 - [MESSAGE][PASSED] - Text 'The world region preferences field is required.' is present on page 

27-02-2025T17:21:19 - [TEST_STEP][PASSED] - println(field + ":" + msg): null

27-02-2025T17:21:19 - [TEST_STEP][PASSED] - if (!(msg)): null

27-02-2025T17:21:19 - [TEST_STEP][PASSED] - delay(fieldTestDelay): Delayed 0 second(s)

27-02-2025T17:21:19 - [MESSAGE][PASSED] - Delayed 0 second(s)

27-02-2025T17:21:19 - [MESSAGE][PASSED] - Call Test Case 'Test Cases/_Functions/Test Field Error Messages' successfully

27-02-2025T17:21:19 - [TEST_STEP][PASSED] - if (!(fastPath)): Call Test Case 'Test Cases/_Functions/Click on Group Elements' successfully

27-02-2025T17:21:19 - [TEST_STEP][PASSED] - callTestCase(findTestCase("_Functions/Click on Group Elements"), ["varXpaths":xpaths, "varParms":parms], STOP_ON_FAILURE): Call Test Case 'Test Cases/_Functions/Click on Group Elements' successfully

27-02-2025T17:21:19 - [TEST_CASE][PASSED] - Test Cases/_Functions/Click on Group Elements: Test Cases/_Functions/Click on Group Elements

27-02-2025T17:21:19 - [TEST_STEP][PASSED] - debug = false: null

27-02-2025T17:21:19 - [TEST_STEP][PASSED] - toggle = true: null

27-02-2025T17:21:19 - [TEST_STEP][PASSED] - frame = new javax.swing.JFrame(): null

27-02-2025T17:21:19 - [TEST_STEP][PASSED] - p = new javax.swing.JPanel(): null

27-02-2025T17:21:19 - [TEST_STEP][PASSED] - l = new javax.swing.JLabel(Making user selections..., javax.swing.SwingConstants.CENTER): null

27-02-2025T17:21:19 - [TEST_STEP][PASSED] - frame.add(l): null

27-02-2025T17:21:19 - [TEST_STEP][PASSED] - frame.setSize(300, 100): null

27-02-2025T17:21:19 - [TEST_STEP][PASSED] - frame.setLocation(600, 0): null

27-02-2025T17:21:19 - [TEST_STEP][PASSED] - frame.setAlwaysOnTop(true): null

27-02-2025T17:21:19 - [TEST_STEP][PASSED] - frame.show(): null

27-02-2025T17:21:19 - [TEST_STEP][PASSED] - driver = getWebDriver(): null

27-02-2025T17:21:19 - [TEST_STEP][PASSED] - println(varParms): null

27-02-2025T17:21:19 - [TEST_STEP][PASSED] - for ([i = 0, i < varXpaths.size(), (i++)]): null

27-02-2025T17:21:19 - [TEST_STEP][PASSED] - if (debug): null

27-02-2025T17:21:19 - [TEST_STEP][PASSED] - if (varParms[i].indexOf("Europe") >= 0): null

27-02-2025T17:21:19 - [TEST_STEP][PASSED] - elements = driver.findElements(By.xpath(varXpaths[i])): null

27-02-2025T17:21:19 - [TEST_STEP][PASSED] - element_count = elements.size(): null

27-02-2025T17:21:19 - [TEST_STEP][PASSED] - for (def element : elements): null

27-02-2025T17:21:19 - [TEST_STEP][PASSED] - myValue = element.getAttribute("value"): null

27-02-2025T17:21:19 - [TEST_STEP][PASSED] - if (debug): null

27-02-2025T17:21:19 - [TEST_STEP][PASSED] - if (myValue.length() >= 4): null

27-02-2025T17:21:19 - [TEST_STEP][PASSED] - if (myValue.substring(0, 4) == "(!) "): null

27-02-2025T17:21:19 - [TEST_STEP][PASSED] - myType = element.getAttribute("type"): null

27-02-2025T17:21:19 - [TEST_STEP][PASSED] - if (myValue in varParms[i]): null

27-02-2025T17:21:19 - [TEST_STEP][PASSED] - else: null

27-02-2025T17:21:19 - [TEST_STEP][PASSED] - inList = false: null

27-02-2025T17:21:19 - [TEST_STEP][PASSED] - if (myType == "checkbox"): null

27-02-2025T17:21:19 - [TEST_STEP][PASSED] - myStatus = element.isSelected(): null

27-02-2025T17:21:19 - [TEST_STEP][PASSED] - if (debug): null

27-02-2025T17:21:19 - [TEST_STEP][PASSED] - if (toggle && myStatus && inList): null

27-02-2025T17:21:19 - [TEST_STEP][PASSED] - if (!(myStatus) && inList || myStatus && !(inList)): null

27-02-2025T17:21:19 - [TEST_STEP][PASSED] - myValue = element.getAttribute("value"): null

27-02-2025T17:21:19 - [TEST_STEP][PASSED] - if (debug): null

27-02-2025T17:21:19 - [TEST_STEP][PASSED] - if (myValue.length() >= 4): null

27-02-2025T17:21:19 - [TEST_STEP][PASSED] - if (myValue.substring(0, 4) == "(!) "): null

27-02-2025T17:21:19 - [TEST_STEP][PASSED] - myType = element.getAttribute("type"): null

27-02-2025T17:21:19 - [TEST_STEP][PASSED] - if (myValue in varParms[i]): null

27-02-2025T17:21:19 - [TEST_STEP][PASSED] - inList = true: null

27-02-2025T17:21:19 - [TEST_STEP][PASSED] - if (myType == "checkbox"): null

27-02-2025T17:21:19 - [TEST_STEP][PASSED] - myStatus = element.isSelected(): null

27-02-2025T17:21:19 - [TEST_STEP][PASSED] - if (debug): null

27-02-2025T17:21:19 - [TEST_STEP][PASSED] - if (toggle && myStatus && inList): null

27-02-2025T17:21:19 - [TEST_STEP][PASSED] - if (!(myStatus) && inList || myStatus && !(inList)): null

27-02-2025T17:21:19 - [TEST_STEP][PASSED] - if (debug): null

27-02-2025T17:21:19 - [TEST_STEP][PASSED] - println("Clicking " + myValue): null

27-02-2025T17:21:19 - [TEST_STEP][PASSED] - click(element): null

27-02-2025T17:21:19 - [TEST_STEP][PASSED] - scrollToObject(elem): null

27-02-2025T17:21:19 - [TEST_STEP][PASSED] - loc = element.getLocation(): null

27-02-2025T17:21:19 - [TEST_STEP][PASSED] - if (debug): null

27-02-2025T17:21:19 - [TEST_STEP][PASSED] - y = loc.getY(): null

27-02-2025T17:21:19 - [TEST_STEP][PASSED] - println("Y location is " + y): null

27-02-2025T17:21:19 - [TEST_STEP][PASSED] - top = getViewportTopPosition(): Current viewport's top (y) position is 85

27-02-2025T17:21:19 - [MESSAGE][PASSED] - Current viewport's top (y) position is 85

27-02-2025T17:21:19 - [TEST_STEP][PASSED] - println("Viewport top is " + top): null

27-02-2025T17:21:19 - [TEST_STEP][PASSED] - bottom = top + 600: null

27-02-2025T17:21:19 - [TEST_STEP][PASSED] - if (y - top < 150 || bottom - y < 10): null

27-02-2025T17:21:19 - [TEST_STEP][PASSED] - elem.click(): null

27-02-2025T17:21:19 - [TEST_STEP][PASSED] - myValue = element.getAttribute("value"): null

27-02-2025T17:21:19 - [TEST_STEP][PASSED] - if (debug): null

27-02-2025T17:21:19 - [TEST_STEP][PASSED] - if (myValue.length() >= 4): null

27-02-2025T17:21:19 - [TEST_STEP][PASSED] - if (myValue.substring(0, 4) == "(!) "): null

27-02-2025T17:21:19 - [TEST_STEP][PASSED] - myType = element.getAttribute("type"): null

27-02-2025T17:21:19 - [TEST_STEP][PASSED] - if (myValue in varParms[i]): null

27-02-2025T17:21:19 - [TEST_STEP][PASSED] - else: null

27-02-2025T17:21:19 - [TEST_STEP][PASSED] - inList = false: null

27-02-2025T17:21:19 - [TEST_STEP][PASSED] - if (myType == "checkbox"): null

27-02-2025T17:21:19 - [TEST_STEP][PASSED] - myStatus = element.isSelected(): null

27-02-2025T17:21:19 - [TEST_STEP][PASSED] - if (debug): null

27-02-2025T17:21:19 - [TEST_STEP][PASSED] - if (toggle && myStatus && inList): null

27-02-2025T17:21:19 - [TEST_STEP][PASSED] - if (!(myStatus) && inList || myStatus && !(inList)): null

27-02-2025T17:21:19 - [TEST_STEP][PASSED] - myValue = element.getAttribute("value"): null

27-02-2025T17:21:19 - [TEST_STEP][PASSED] - if (debug): null

27-02-2025T17:21:19 - [TEST_STEP][PASSED] - if (myValue.length() >= 4): null

27-02-2025T17:21:19 - [TEST_STEP][PASSED] - if (myValue.substring(0, 4) == "(!) "): null

27-02-2025T17:21:19 - [TEST_STEP][PASSED] - myType = element.getAttribute("type"): null

27-02-2025T17:21:19 - [TEST_STEP][PASSED] - if (myValue in varParms[i]): null

27-02-2025T17:21:19 - [TEST_STEP][PASSED] - else: null

27-02-2025T17:21:19 - [TEST_STEP][PASSED] - inList = false: null

27-02-2025T17:21:19 - [TEST_STEP][PASSED] - if (myType == "checkbox"): null

27-02-2025T17:21:19 - [TEST_STEP][PASSED] - myStatus = element.isSelected(): null

27-02-2025T17:21:19 - [TEST_STEP][PASSED] - if (debug): null

27-02-2025T17:21:19 - [TEST_STEP][PASSED] - if (toggle && myStatus && inList): null

27-02-2025T17:21:19 - [TEST_STEP][PASSED] - if (!(myStatus) && inList || myStatus && !(inList)): null

27-02-2025T17:21:19 - [TEST_STEP][PASSED] - myValue = element.getAttribute("value"): null

27-02-2025T17:21:19 - [TEST_STEP][PASSED] - if (debug): null

27-02-2025T17:21:19 - [TEST_STEP][PASSED] - if (myValue.length() >= 4): null

27-02-2025T17:21:19 - [TEST_STEP][PASSED] - if (myValue.substring(0, 4) == "(!) "): null

27-02-2025T17:21:19 - [TEST_STEP][PASSED] - myType = element.getAttribute("type"): null

27-02-2025T17:21:19 - [TEST_STEP][PASSED] - if (myValue in varParms[i]): null

27-02-2025T17:21:19 - [TEST_STEP][PASSED] - else: null

27-02-2025T17:21:19 - [TEST_STEP][PASSED] - inList = false: null

27-02-2025T17:21:19 - [TEST_STEP][PASSED] - if (myType == "checkbox"): null

27-02-2025T17:21:19 - [TEST_STEP][PASSED] - myStatus = element.isSelected(): null

27-02-2025T17:21:19 - [TEST_STEP][PASSED] - if (debug): null

27-02-2025T17:21:19 - [TEST_STEP][PASSED] - if (toggle && myStatus && inList): null

27-02-2025T17:21:19 - [TEST_STEP][PASSED] - if (!(myStatus) && inList || myStatus && !(inList)): null

27-02-2025T17:21:19 - [TEST_STEP][PASSED] - myValue = element.getAttribute("value"): null

27-02-2025T17:21:19 - [TEST_STEP][PASSED] - if (debug): null

27-02-2025T17:21:19 - [TEST_STEP][PASSED] - if (myValue.length() >= 4): null

27-02-2025T17:21:19 - [TEST_STEP][PASSED] - if (myValue.substring(0, 4) == "(!) "): null

27-02-2025T17:21:19 - [TEST_STEP][PASSED] - myType = element.getAttribute("type"): null

27-02-2025T17:21:19 - [TEST_STEP][PASSED] - if (myValue in varParms[i]): null

27-02-2025T17:21:19 - [TEST_STEP][PASSED] - else: null

27-02-2025T17:21:19 - [TEST_STEP][PASSED] - inList = false: null

27-02-2025T17:21:19 - [TEST_STEP][PASSED] - if (myType == "checkbox"): null

27-02-2025T17:21:19 - [TEST_STEP][PASSED] - myStatus = element.isSelected(): null

27-02-2025T17:21:19 - [TEST_STEP][PASSED] - if (debug): null

27-02-2025T17:21:19 - [TEST_STEP][PASSED] - if (toggle && myStatus && inList): null

27-02-2025T17:21:19 - [TEST_STEP][PASSED] - if (!(myStatus) && inList || myStatus && !(inList)): null

27-02-2025T17:21:19 - [TEST_STEP][PASSED] - myValue = element.getAttribute("value"): null

27-02-2025T17:21:19 - [TEST_STEP][PASSED] - if (debug): null

27-02-2025T17:21:19 - [TEST_STEP][PASSED] - if (myValue.length() >= 4): null

27-02-2025T17:21:19 - [TEST_STEP][PASSED] - if (myValue.substring(0, 4) == "(!) "): null

27-02-2025T17:21:19 - [TEST_STEP][PASSED] - myType = element.getAttribute("type"): null

27-02-2025T17:21:19 - [TEST_STEP][PASSED] - if (myValue in varParms[i]): null

27-02-2025T17:21:19 - [TEST_STEP][PASSED] - inList = true: null

27-02-2025T17:21:19 - [TEST_STEP][PASSED] - if (myType == "checkbox"): null

27-02-2025T17:21:19 - [TEST_STEP][PASSED] - myStatus = element.isSelected(): null

27-02-2025T17:21:19 - [TEST_STEP][PASSED] - if (debug): null

27-02-2025T17:21:19 - [TEST_STEP][PASSED] - if (toggle && myStatus && inList): null

27-02-2025T17:21:19 - [TEST_STEP][PASSED] - if (!(myStatus) && inList || myStatus && !(inList)): null

27-02-2025T17:21:19 - [TEST_STEP][PASSED] - if (debug): null

27-02-2025T17:21:19 - [TEST_STEP][PASSED] - println("Clicking " + myValue): null

27-02-2025T17:21:19 - [TEST_STEP][PASSED] - click(element): null

27-02-2025T17:21:19 - [TEST_STEP][PASSED] - scrollToObject(elem): null

27-02-2025T17:21:19 - [TEST_STEP][PASSED] - loc = element.getLocation(): null

27-02-2025T17:21:19 - [TEST_STEP][PASSED] - if (debug): null

27-02-2025T17:21:19 - [TEST_STEP][PASSED] - y = loc.getY(): null

27-02-2025T17:21:19 - [TEST_STEP][PASSED] - println("Y location is " + y): null

27-02-2025T17:21:19 - [TEST_STEP][PASSED] - top = getViewportTopPosition(): Current viewport's top (y) position is 85

27-02-2025T17:21:19 - [MESSAGE][PASSED] - Current viewport's top (y) position is 85

27-02-2025T17:21:19 - [TEST_STEP][PASSED] - println("Viewport top is " + top): null

27-02-2025T17:21:19 - [TEST_STEP][PASSED] - bottom = top + 600: null

27-02-2025T17:21:19 - [TEST_STEP][PASSED] - if (y - top < 150 || bottom - y < 10): null

27-02-2025T17:21:19 - [TEST_STEP][PASSED] - elem.click(): null

27-02-2025T17:21:19 - [TEST_STEP][PASSED] - myValue = element.getAttribute("value"): null

27-02-2025T17:21:19 - [TEST_STEP][PASSED] - if (debug): null

27-02-2025T17:21:19 - [TEST_STEP][PASSED] - if (myValue.length() >= 4): null

27-02-2025T17:21:19 - [TEST_STEP][PASSED] - if (myValue.substring(0, 4) == "(!) "): null

27-02-2025T17:21:19 - [TEST_STEP][PASSED] - myType = element.getAttribute("type"): null

27-02-2025T17:21:19 - [TEST_STEP][PASSED] - if (myValue in varParms[i]): null

27-02-2025T17:21:19 - [TEST_STEP][PASSED] - else: null

27-02-2025T17:21:19 - [TEST_STEP][PASSED] - inList = false: null

27-02-2025T17:21:19 - [TEST_STEP][PASSED] - if (myType == "checkbox"): null

27-02-2025T17:21:19 - [TEST_STEP][PASSED] - myStatus = element.isSelected(): null

27-02-2025T17:21:19 - [TEST_STEP][PASSED] - if (debug): null

27-02-2025T17:21:19 - [TEST_STEP][PASSED] - if (toggle && myStatus && inList): null

27-02-2025T17:21:19 - [TEST_STEP][PASSED] - if (!(myStatus) && inList || myStatus && !(inList)): null

27-02-2025T17:21:19 - [TEST_STEP][PASSED] - myValue = element.getAttribute("value"): null

27-02-2025T17:21:19 - [TEST_STEP][PASSED] - if (debug): null

27-02-2025T17:21:19 - [TEST_STEP][PASSED] - if (myValue.length() >= 4): null

27-02-2025T17:21:19 - [TEST_STEP][PASSED] - if (myValue.substring(0, 4) == "(!) "): null

27-02-2025T17:21:19 - [TEST_STEP][PASSED] - myType = element.getAttribute("type"): null

27-02-2025T17:21:19 - [TEST_STEP][PASSED] - if (myValue in varParms[i]): null

27-02-2025T17:21:19 - [TEST_STEP][PASSED] - else: null

27-02-2025T17:21:19 - [TEST_STEP][PASSED] - inList = false: null

27-02-2025T17:21:19 - [TEST_STEP][PASSED] - if (myType == "checkbox"): null

27-02-2025T17:21:19 - [TEST_STEP][PASSED] - myStatus = element.isSelected(): null

27-02-2025T17:21:19 - [TEST_STEP][PASSED] - if (debug): null

27-02-2025T17:21:19 - [TEST_STEP][PASSED] - if (toggle && myStatus && inList): null

27-02-2025T17:21:19 - [TEST_STEP][PASSED] - if (!(myStatus) && inList || myStatus && !(inList)): null

27-02-2025T17:21:19 - [TEST_STEP][PASSED] - myValue = element.getAttribute("value"): null

27-02-2025T17:21:19 - [TEST_STEP][PASSED] - if (debug): null

27-02-2025T17:21:19 - [TEST_STEP][PASSED] - if (myValue.length() >= 4): null

27-02-2025T17:21:19 - [TEST_STEP][PASSED] - if (myValue.substring(0, 4) == "(!) "): null

27-02-2025T17:21:19 - [TEST_STEP][PASSED] - myType = element.getAttribute("type"): null

27-02-2025T17:21:19 - [TEST_STEP][PASSED] - if (myValue in varParms[i]): null

27-02-2025T17:21:19 - [TEST_STEP][PASSED] - else: null

27-02-2025T17:21:19 - [TEST_STEP][PASSED] - inList = false: null

27-02-2025T17:21:19 - [TEST_STEP][PASSED] - if (myType == "checkbox"): null

27-02-2025T17:21:19 - [TEST_STEP][PASSED] - myStatus = element.isSelected(): null

27-02-2025T17:21:19 - [TEST_STEP][PASSED] - if (debug): null

27-02-2025T17:21:19 - [TEST_STEP][PASSED] - if (toggle && myStatus && inList): null

27-02-2025T17:21:19 - [TEST_STEP][PASSED] - if (!(myStatus) && inList || myStatus && !(inList)): null

27-02-2025T17:21:19 - [TEST_STEP][PASSED] - myValue = element.getAttribute("value"): null

27-02-2025T17:21:19 - [TEST_STEP][PASSED] - if (debug): null

27-02-2025T17:21:19 - [TEST_STEP][PASSED] - if (myValue.length() >= 4): null

27-02-2025T17:21:19 - [TEST_STEP][PASSED] - if (myValue.substring(0, 4) == "(!) "): null

27-02-2025T17:21:19 - [TEST_STEP][PASSED] - myType = element.getAttribute("type"): null

27-02-2025T17:21:19 - [TEST_STEP][PASSED] - if (myValue in varParms[i]): null

27-02-2025T17:21:19 - [TEST_STEP][PASSED] - else: null

27-02-2025T17:21:19 - [TEST_STEP][PASSED] - inList = false: null

27-02-2025T17:21:19 - [TEST_STEP][PASSED] - if (myType == "checkbox"): null

27-02-2025T17:21:19 - [TEST_STEP][PASSED] - myStatus = element.isSelected(): null

27-02-2025T17:21:19 - [TEST_STEP][PASSED] - if (debug): null

27-02-2025T17:21:19 - [TEST_STEP][PASSED] - if (toggle && myStatus && inList): null

27-02-2025T17:21:19 - [TEST_STEP][PASSED] - if (!(myStatus) && inList || myStatus && !(inList)): null

27-02-2025T17:21:19 - [TEST_STEP][PASSED] - myValue = element.getAttribute("value"): null

27-02-2025T17:21:19 - [TEST_STEP][PASSED] - if (debug): null

27-02-2025T17:21:19 - [TEST_STEP][PASSED] - if (myValue.length() >= 4): null

27-02-2025T17:21:19 - [TEST_STEP][PASSED] - if (myValue.substring(0, 4) == "(!) "): null

27-02-2025T17:21:19 - [TEST_STEP][PASSED] - myType = element.getAttribute("type"): null

27-02-2025T17:21:19 - [TEST_STEP][PASSED] - if (myValue in varParms[i]): null

27-02-2025T17:21:19 - [TEST_STEP][PASSED] - else: null

27-02-2025T17:21:19 - [TEST_STEP][PASSED] - inList = false: null

27-02-2025T17:21:19 - [TEST_STEP][PASSED] - if (myType == "checkbox"): null

27-02-2025T17:21:19 - [TEST_STEP][PASSED] - myStatus = element.isSelected(): null

27-02-2025T17:21:19 - [TEST_STEP][PASSED] - if (debug): null

27-02-2025T17:21:19 - [TEST_STEP][PASSED] - if (toggle && myStatus && inList): null

27-02-2025T17:21:19 - [TEST_STEP][PASSED] - if (!(myStatus) && inList || myStatus && !(inList)): null

27-02-2025T17:21:19 - [TEST_STEP][PASSED] - myValue = element.getAttribute("value"): null

27-02-2025T17:21:19 - [TEST_STEP][PASSED] - if (debug): null

27-02-2025T17:21:19 - [TEST_STEP][PASSED] - if (myValue.length() >= 4): null

27-02-2025T17:21:19 - [TEST_STEP][PASSED] - if (myValue.substring(0, 4) == "(!) "): null

27-02-2025T17:21:19 - [TEST_STEP][PASSED] - myType = element.getAttribute("type"): null

27-02-2025T17:21:19 - [TEST_STEP][PASSED] - if (myValue in varParms[i]): null

27-02-2025T17:21:19 - [TEST_STEP][PASSED] - else: null

27-02-2025T17:21:19 - [TEST_STEP][PASSED] - inList = false: null

27-02-2025T17:21:19 - [TEST_STEP][PASSED] - if (myType == "checkbox"): null

27-02-2025T17:21:19 - [TEST_STEP][PASSED] - myStatus = element.isSelected(): null

27-02-2025T17:21:19 - [TEST_STEP][PASSED] - if (debug): null

27-02-2025T17:21:19 - [TEST_STEP][PASSED] - if (toggle && myStatus && inList): null

27-02-2025T17:21:19 - [TEST_STEP][PASSED] - if (!(myStatus) && inList || myStatus && !(inList)): null

27-02-2025T17:21:19 - [TEST_STEP][PASSED] - myValue = element.getAttribute("value"): null

27-02-2025T17:21:19 - [TEST_STEP][PASSED] - if (debug): null

27-02-2025T17:21:19 - [TEST_STEP][PASSED] - if (myValue.length() >= 4): null

27-02-2025T17:21:19 - [TEST_STEP][PASSED] - if (myValue.substring(0, 4) == "(!) "): null

27-02-2025T17:21:19 - [TEST_STEP][PASSED] - myType = element.getAttribute("type"): null

27-02-2025T17:21:19 - [TEST_STEP][PASSED] - if (myValue in varParms[i]): null

27-02-2025T17:21:19 - [TEST_STEP][PASSED] - else: null

27-02-2025T17:21:19 - [TEST_STEP][PASSED] - inList = false: null

27-02-2025T17:21:19 - [TEST_STEP][PASSED] - if (myType == "checkbox"): null

27-02-2025T17:21:19 - [TEST_STEP][PASSED] - myStatus = element.isSelected(): null

27-02-2025T17:21:19 - [TEST_STEP][PASSED] - if (debug): null

27-02-2025T17:21:19 - [TEST_STEP][PASSED] - if (toggle && myStatus && inList): null

27-02-2025T17:21:19 - [TEST_STEP][PASSED] - if (!(myStatus) && inList || myStatus && !(inList)): null

27-02-2025T17:21:19 - [TEST_STEP][PASSED] - myValue = element.getAttribute("value"): null

27-02-2025T17:21:19 - [TEST_STEP][PASSED] - if (debug): null

27-02-2025T17:21:19 - [TEST_STEP][PASSED] - if (myValue.length() >= 4): null

27-02-2025T17:21:19 - [TEST_STEP][PASSED] - if (myValue.substring(0, 4) == "(!) "): null

27-02-2025T17:21:19 - [TEST_STEP][PASSED] - myType = element.getAttribute("type"): null

27-02-2025T17:21:19 - [TEST_STEP][PASSED] - if (myValue in varParms[i]): null

27-02-2025T17:21:19 - [TEST_STEP][PASSED] - else: null

27-02-2025T17:21:19 - [TEST_STEP][PASSED] - inList = false: null

27-02-2025T17:21:19 - [TEST_STEP][PASSED] - if (myType == "checkbox"): null

27-02-2025T17:21:19 - [TEST_STEP][PASSED] - myStatus = element.isSelected(): null

27-02-2025T17:21:19 - [TEST_STEP][PASSED] - if (debug): null

27-02-2025T17:21:19 - [TEST_STEP][PASSED] - if (toggle && myStatus && inList): null

27-02-2025T17:21:19 - [TEST_STEP][PASSED] - if (!(myStatus) && inList || myStatus && !(inList)): null

27-02-2025T17:21:19 - [TEST_STEP][PASSED] - myValue = element.getAttribute("value"): null

27-02-2025T17:21:19 - [TEST_STEP][PASSED] - if (debug): null

27-02-2025T17:21:19 - [TEST_STEP][PASSED] - if (myValue.length() >= 4): null

27-02-2025T17:21:19 - [TEST_STEP][PASSED] - if (myValue.substring(0, 4) == "(!) "): null

27-02-2025T17:21:19 - [TEST_STEP][PASSED] - myType = element.getAttribute("type"): null

27-02-2025T17:21:19 - [TEST_STEP][PASSED] - if (myValue in varParms[i]): null

27-02-2025T17:21:19 - [TEST_STEP][PASSED] - inList = true: null

27-02-2025T17:21:19 - [TEST_STEP][PASSED] - if (myType == "checkbox"): null

27-02-2025T17:21:19 - [TEST_STEP][PASSED] - myStatus = element.isSelected(): null

27-02-2025T17:21:19 - [TEST_STEP][PASSED] - if (debug): null

27-02-2025T17:21:19 - [TEST_STEP][PASSED] - if (toggle && myStatus && inList): null

27-02-2025T17:21:19 - [TEST_STEP][PASSED] - if (!(myStatus) && inList || myStatus && !(inList)): null

27-02-2025T17:21:19 - [TEST_STEP][PASSED] - if (debug): null

27-02-2025T17:21:19 - [TEST_STEP][PASSED] - println("Clicking " + myValue): null

27-02-2025T17:21:19 - [TEST_STEP][PASSED] - click(element): null

27-02-2025T17:21:19 - [TEST_STEP][PASSED] - scrollToObject(elem): null

27-02-2025T17:21:19 - [TEST_STEP][PASSED] - loc = element.getLocation(): null

27-02-2025T17:21:19 - [TEST_STEP][PASSED] - if (debug): null

27-02-2025T17:21:19 - [TEST_STEP][PASSED] - y = loc.getY(): null

27-02-2025T17:21:19 - [TEST_STEP][PASSED] - println("Y location is " + y): null

27-02-2025T17:21:19 - [TEST_STEP][PASSED] - top = getViewportTopPosition(): Current viewport's top (y) position is 85

27-02-2025T17:21:19 - [MESSAGE][PASSED] - Current viewport's top (y) position is 85

27-02-2025T17:21:19 - [TEST_STEP][PASSED] - println("Viewport top is " + top): null

27-02-2025T17:21:19 - [TEST_STEP][PASSED] - bottom = top + 600: null

27-02-2025T17:21:19 - [TEST_STEP][PASSED] - if (y - top < 150 || bottom - y < 10): null

27-02-2025T17:21:19 - [TEST_STEP][PASSED] - elem.click(): null

27-02-2025T17:21:19 - [TEST_STEP][PASSED] - myValue = element.getAttribute("value"): null

27-02-2025T17:21:19 - [TEST_STEP][PASSED] - if (debug): null

27-02-2025T17:21:19 - [TEST_STEP][PASSED] - if (myValue.length() >= 4): null

27-02-2025T17:21:19 - [TEST_STEP][PASSED] - if (myValue.substring(0, 4) == "(!) "): null

27-02-2025T17:21:19 - [TEST_STEP][PASSED] - myType = element.getAttribute("type"): null

27-02-2025T17:21:19 - [TEST_STEP][PASSED] - if (myValue in varParms[i]): null

27-02-2025T17:21:19 - [TEST_STEP][PASSED] - else: null

27-02-2025T17:21:19 - [TEST_STEP][PASSED] - inList = false: null

27-02-2025T17:21:19 - [TEST_STEP][PASSED] - if (myType == "checkbox"): null

27-02-2025T17:21:19 - [TEST_STEP][PASSED] - myStatus = element.isSelected(): null

27-02-2025T17:21:19 - [TEST_STEP][PASSED] - if (debug): null

27-02-2025T17:21:19 - [TEST_STEP][PASSED] - if (toggle && myStatus && inList): null

27-02-2025T17:21:19 - [TEST_STEP][PASSED] - if (!(myStatus) && inList || myStatus && !(inList)): null

27-02-2025T17:21:19 - [TEST_STEP][PASSED] - myValue = element.getAttribute("value"): null

27-02-2025T17:21:19 - [TEST_STEP][PASSED] - if (debug): null

27-02-2025T17:21:19 - [TEST_STEP][PASSED] - if (myValue.length() >= 4): null

27-02-2025T17:21:19 - [TEST_STEP][PASSED] - if (myValue.substring(0, 4) == "(!) "): null

27-02-2025T17:21:19 - [TEST_STEP][PASSED] - myType = element.getAttribute("type"): null

27-02-2025T17:21:19 - [TEST_STEP][PASSED] - if (myValue in varParms[i]): null

27-02-2025T17:21:19 - [TEST_STEP][PASSED] - else: null

27-02-2025T17:21:19 - [TEST_STEP][PASSED] - inList = false: null

27-02-2025T17:21:19 - [TEST_STEP][PASSED] - if (myType == "checkbox"): null

27-02-2025T17:21:19 - [TEST_STEP][PASSED] - myStatus = element.isSelected(): null

27-02-2025T17:21:19 - [TEST_STEP][PASSED] - if (debug): null

27-02-2025T17:21:19 - [TEST_STEP][PASSED] - if (toggle && myStatus && inList): null

27-02-2025T17:21:19 - [TEST_STEP][PASSED] - if (!(myStatus) && inList || myStatus && !(inList)): null

27-02-2025T17:21:19 - [TEST_STEP][PASSED] - myValue = element.getAttribute("value"): null

27-02-2025T17:21:19 - [TEST_STEP][PASSED] - if (debug): null

27-02-2025T17:21:22 - [TEST_STEP][PASSED] - if (myValue.length() >= 4): null

27-02-2025T17:21:22 - [TEST_STEP][PASSED] - if (myValue.substring(0, 4) == "(!) "): null

27-02-2025T17:21:22 - [TEST_STEP][PASSED] - myType = element.getAttribute("type"): null

27-02-2025T17:21:22 - [TEST_STEP][PASSED] - if (myValue in varParms[i]): null

27-02-2025T17:21:22 - [TEST_STEP][PASSED] - else: null

27-02-2025T17:21:22 - [TEST_STEP][PASSED] - inList = false: null

27-02-2025T17:21:22 - [TEST_STEP][PASSED] - if (myType == "checkbox"): null

27-02-2025T17:21:22 - [TEST_STEP][PASSED] - myStatus = element.isSelected(): null

27-02-2025T17:21:22 - [TEST_STEP][PASSED] - if (debug): null

27-02-2025T17:21:22 - [TEST_STEP][PASSED] - if (toggle && myStatus && inList): null

27-02-2025T17:21:22 - [TEST_STEP][PASSED] - if (!(myStatus) && inList || myStatus && !(inList)): null

27-02-2025T17:21:22 - [TEST_STEP][PASSED] - myValue = element.getAttribute("value"): null

27-02-2025T17:21:22 - [TEST_STEP][PASSED] - if (debug): null

27-02-2025T17:21:22 - [TEST_STEP][PASSED] - if (myValue.length() >= 4): null

27-02-2025T17:21:22 - [TEST_STEP][PASSED] - if (myValue.substring(0, 4) == "(!) "): null

27-02-2025T17:21:22 - [TEST_STEP][PASSED] - myType = element.getAttribute("type"): null

27-02-2025T17:21:22 - [TEST_STEP][PASSED] - if (myValue in varParms[i]): null

27-02-2025T17:21:22 - [TEST_STEP][PASSED] - else: null

27-02-2025T17:21:22 - [TEST_STEP][PASSED] - inList = false: null

27-02-2025T17:21:22 - [TEST_STEP][PASSED] - if (myType == "checkbox"): null

27-02-2025T17:21:22 - [TEST_STEP][PASSED] - myStatus = element.isSelected(): null

27-02-2025T17:21:22 - [TEST_STEP][PASSED] - if (debug): null

27-02-2025T17:21:22 - [TEST_STEP][PASSED] - if (toggle && myStatus && inList): null

27-02-2025T17:21:22 - [TEST_STEP][PASSED] - if (!(myStatus) && inList || myStatus && !(inList)): null

27-02-2025T17:21:22 - [TEST_STEP][PASSED] - myValue = element.getAttribute("value"): null

27-02-2025T17:21:22 - [TEST_STEP][PASSED] - if (debug): null

27-02-2025T17:21:22 - [TEST_STEP][PASSED] - if (myValue.length() >= 4): null

27-02-2025T17:21:22 - [TEST_STEP][PASSED] - if (myValue.substring(0, 4) == "(!) "): null

27-02-2025T17:21:22 - [TEST_STEP][PASSED] - myType = element.getAttribute("type"): null

27-02-2025T17:21:22 - [TEST_STEP][PASSED] - if (myValue in varParms[i]): null

27-02-2025T17:21:22 - [TEST_STEP][PASSED] - else: null

27-02-2025T17:21:22 - [TEST_STEP][PASSED] - inList = false: null

27-02-2025T17:21:22 - [TEST_STEP][PASSED] - if (myType == "checkbox"): null

27-02-2025T17:21:22 - [TEST_STEP][PASSED] - myStatus = element.isSelected(): null

27-02-2025T17:21:22 - [TEST_STEP][PASSED] - if (debug): null

27-02-2025T17:21:22 - [TEST_STEP][PASSED] - if (toggle && myStatus && inList): null

27-02-2025T17:21:22 - [TEST_STEP][PASSED] - if (!(myStatus) && inList || myStatus && !(inList)): null

27-02-2025T17:21:22 - [TEST_STEP][PASSED] - myValue = element.getAttribute("value"): null

27-02-2025T17:21:22 - [TEST_STEP][PASSED] - if (debug): null

27-02-2025T17:21:22 - [TEST_STEP][PASSED] - if (myValue.length() >= 4): null

27-02-2025T17:21:22 - [TEST_STEP][PASSED] - if (myValue.substring(0, 4) == "(!) "): null

27-02-2025T17:21:22 - [TEST_STEP][PASSED] - myType = element.getAttribute("type"): null

27-02-2025T17:21:22 - [TEST_STEP][PASSED] - if (myValue in varParms[i]): null

27-02-2025T17:21:22 - [TEST_STEP][PASSED] - else: null

27-02-2025T17:21:22 - [TEST_STEP][PASSED] - inList = false: null

27-02-2025T17:21:22 - [TEST_STEP][PASSED] - if (myType == "checkbox"): null

27-02-2025T17:21:22 - [TEST_STEP][PASSED] - myStatus = element.isSelected(): null

27-02-2025T17:21:22 - [TEST_STEP][PASSED] - if (debug): null

27-02-2025T17:21:22 - [TEST_STEP][PASSED] - if (toggle && myStatus && inList): null

27-02-2025T17:21:22 - [TEST_STEP][PASSED] - if (!(myStatus) && inList || myStatus && !(inList)): null

27-02-2025T17:21:22 - [TEST_STEP][PASSED] - myValue = element.getAttribute("value"): null

27-02-2025T17:21:22 - [TEST_STEP][PASSED] - if (debug): null

27-02-2025T17:21:22 - [TEST_STEP][PASSED] - if (myValue.length() >= 4): null

27-02-2025T17:21:22 - [TEST_STEP][PASSED] - if (myValue.substring(0, 4) == "(!) "): null

27-02-2025T17:21:22 - [TEST_STEP][PASSED] - myType = element.getAttribute("type"): null

27-02-2025T17:21:22 - [TEST_STEP][PASSED] - if (myValue in varParms[i]): null

27-02-2025T17:21:22 - [TEST_STEP][PASSED] - else: null

27-02-2025T17:21:22 - [TEST_STEP][PASSED] - inList = false: null

27-02-2025T17:21:22 - [TEST_STEP][PASSED] - if (myType == "checkbox"): null

27-02-2025T17:21:22 - [TEST_STEP][PASSED] - myStatus = element.isSelected(): null

27-02-2025T17:21:22 - [TEST_STEP][PASSED] - if (debug): null

27-02-2025T17:21:22 - [TEST_STEP][PASSED] - if (toggle && myStatus && inList): null

27-02-2025T17:21:22 - [TEST_STEP][PASSED] - if (!(myStatus) && inList || myStatus && !(inList)): null

27-02-2025T17:21:22 - [TEST_STEP][PASSED] - myValue = element.getAttribute("value"): null

27-02-2025T17:21:22 - [TEST_STEP][PASSED] - if (debug): null

27-02-2025T17:21:22 - [TEST_STEP][PASSED] - if (myValue.length() >= 4): null

27-02-2025T17:21:22 - [TEST_STEP][PASSED] - if (myValue.substring(0, 4) == "(!) "): null

27-02-2025T17:21:22 - [TEST_STEP][PASSED] - myType = element.getAttribute("type"): null

27-02-2025T17:21:22 - [TEST_STEP][PASSED] - if (myValue in varParms[i]): null

27-02-2025T17:21:22 - [TEST_STEP][PASSED] - else: null

27-02-2025T17:21:22 - [TEST_STEP][PASSED] - inList = false: null

27-02-2025T17:21:22 - [TEST_STEP][PASSED] - if (myType == "checkbox"): null

27-02-2025T17:21:22 - [TEST_STEP][PASSED] - myStatus = element.isSelected(): null

27-02-2025T17:21:22 - [TEST_STEP][PASSED] - if (debug): null

27-02-2025T17:21:22 - [TEST_STEP][PASSED] - if (toggle && myStatus && inList): null

27-02-2025T17:21:22 - [TEST_STEP][PASSED] - if (!(myStatus) && inList || myStatus && !(inList)): null

27-02-2025T17:21:22 - [TEST_STEP][PASSED] - myValue = element.getAttribute("value"): null

27-02-2025T17:21:22 - [TEST_STEP][PASSED] - if (debug): null

27-02-2025T17:21:22 - [TEST_STEP][PASSED] - if (myValue.length() >= 4): null

27-02-2025T17:21:22 - [TEST_STEP][PASSED] - if (myValue.substring(0, 4) == "(!) "): null

27-02-2025T17:21:22 - [TEST_STEP][PASSED] - myType = element.getAttribute("type"): null

27-02-2025T17:21:22 - [TEST_STEP][PASSED] - if (myValue in varParms[i]): null

27-02-2025T17:21:22 - [TEST_STEP][PASSED] - else: null

27-02-2025T17:21:22 - [TEST_STEP][PASSED] - inList = false: null

27-02-2025T17:21:22 - [TEST_STEP][PASSED] - if (myType == "checkbox"): null

27-02-2025T17:21:22 - [TEST_STEP][PASSED] - myStatus = element.isSelected(): null

27-02-2025T17:21:22 - [TEST_STEP][PASSED] - if (debug): null

27-02-2025T17:21:22 - [TEST_STEP][PASSED] - if (toggle && myStatus && inList): null

27-02-2025T17:21:22 - [TEST_STEP][PASSED] - if (!(myStatus) && inList || myStatus && !(inList)): null

27-02-2025T17:21:22 - [TEST_STEP][PASSED] - myValue = element.getAttribute("value"): null

27-02-2025T17:21:23 - [TEST_STEP][PASSED] - if (debug): null

27-02-2025T17:21:23 - [TEST_STEP][PASSED] - if (myValue.length() >= 4): null

27-02-2025T17:21:23 - [TEST_STEP][PASSED] - if (myValue.substring(0, 4) == "(!) "): null

27-02-2025T17:21:23 - [TEST_STEP][PASSED] - myType = element.getAttribute("type"): null

27-02-2025T17:21:23 - [TEST_STEP][PASSED] - if (myValue in varParms[i]): null

27-02-2025T17:21:23 - [TEST_STEP][PASSED] - inList = true: null

27-02-2025T17:21:23 - [TEST_STEP][PASSED] - if (myType == "checkbox"): null

27-02-2025T17:21:23 - [TEST_STEP][PASSED] - myStatus = element.isSelected(): null

27-02-2025T17:21:23 - [TEST_STEP][PASSED] - if (debug): null

27-02-2025T17:21:23 - [TEST_STEP][PASSED] - if (toggle && myStatus && inList): null

27-02-2025T17:21:23 - [TEST_STEP][PASSED] - if (!(myStatus) && inList || myStatus && !(inList)): null

27-02-2025T17:21:23 - [TEST_STEP][PASSED] - if (debug): null

27-02-2025T17:21:23 - [TEST_STEP][PASSED] - println("Clicking " + myValue): null

27-02-2025T17:21:23 - [TEST_STEP][PASSED] - click(element): null

27-02-2025T17:21:23 - [TEST_STEP][PASSED] - scrollToObject(elem): null

27-02-2025T17:21:23 - [TEST_STEP][PASSED] - loc = element.getLocation(): null

27-02-2025T17:21:23 - [TEST_STEP][PASSED] - if (debug): null

27-02-2025T17:21:23 - [TEST_STEP][PASSED] - y = loc.getY(): null

27-02-2025T17:21:23 - [TEST_STEP][PASSED] - println("Y location is " + y): null

27-02-2025T17:21:23 - [TEST_STEP][PASSED] - top = getViewportTopPosition(): Current viewport's top (y) position is 85

27-02-2025T17:21:23 - [MESSAGE][PASSED] - Current viewport's top (y) position is 85

27-02-2025T17:21:23 - [TEST_STEP][PASSED] - println("Viewport top is " + top): null

27-02-2025T17:21:23 - [TEST_STEP][PASSED] - bottom = top + 600: null

27-02-2025T17:21:23 - [TEST_STEP][PASSED] - if (y - top < 150 || bottom - y < 10): null

27-02-2025T17:21:23 - [TEST_STEP][PASSED] - elem.click(): null

27-02-2025T17:21:23 - [TEST_STEP][PASSED] - myValue = element.getAttribute("value"): null

27-02-2025T17:21:23 - [TEST_STEP][PASSED] - if (debug): null

27-02-2025T17:21:23 - [TEST_STEP][PASSED] - if (myValue.length() >= 4): null

27-02-2025T17:21:23 - [TEST_STEP][PASSED] - if (myValue.substring(0, 4) == "(!) "): null

27-02-2025T17:21:23 - [TEST_STEP][PASSED] - myType = element.getAttribute("type"): null

27-02-2025T17:21:23 - [TEST_STEP][PASSED] - if (myValue in varParms[i]): null

27-02-2025T17:21:23 - [TEST_STEP][PASSED] - else: null

27-02-2025T17:21:23 - [TEST_STEP][PASSED] - inList = false: null

27-02-2025T17:21:23 - [TEST_STEP][PASSED] - if (myType == "checkbox"): null

27-02-2025T17:21:23 - [TEST_STEP][PASSED] - myStatus = element.isSelected(): null

27-02-2025T17:21:23 - [TEST_STEP][PASSED] - if (debug): null

27-02-2025T17:21:23 - [TEST_STEP][PASSED] - if (toggle && myStatus && inList): null

27-02-2025T17:21:23 - [TEST_STEP][PASSED] - if (!(myStatus) && inList || myStatus && !(inList)): null

27-02-2025T17:21:23 - [TEST_STEP][PASSED] - myValue = element.getAttribute("value"): null

27-02-2025T17:21:23 - [TEST_STEP][PASSED] - if (debug): null

27-02-2025T17:21:23 - [TEST_STEP][PASSED] - if (myValue.length() >= 4): null

27-02-2025T17:21:23 - [TEST_STEP][PASSED] - if (myValue.substring(0, 4) == "(!) "): null

27-02-2025T17:21:23 - [TEST_STEP][PASSED] - myType = element.getAttribute("type"): null

27-02-2025T17:21:23 - [TEST_STEP][PASSED] - if (myValue in varParms[i]): null

27-02-2025T17:21:23 - [TEST_STEP][PASSED] - else: null

27-02-2025T17:21:23 - [TEST_STEP][PASSED] - inList = false: null

27-02-2025T17:21:23 - [TEST_STEP][PASSED] - if (myType == "checkbox"): null

27-02-2025T17:21:23 - [TEST_STEP][PASSED] - myStatus = element.isSelected(): null

27-02-2025T17:21:23 - [TEST_STEP][PASSED] - if (debug): null

27-02-2025T17:21:23 - [TEST_STEP][PASSED] - if (toggle && myStatus && inList): null

27-02-2025T17:21:23 - [TEST_STEP][PASSED] - if (!(myStatus) && inList || myStatus && !(inList)): null

27-02-2025T17:21:23 - [TEST_STEP][PASSED] - myValue = element.getAttribute("value"): null

27-02-2025T17:21:23 - [TEST_STEP][PASSED] - if (debug): null

27-02-2025T17:21:23 - [TEST_STEP][PASSED] - if (myValue.length() >= 4): null

27-02-2025T17:21:23 - [TEST_STEP][PASSED] - if (myValue.substring(0, 4) == "(!) "): null

27-02-2025T17:21:23 - [TEST_STEP][PASSED] - myType = element.getAttribute("type"): null

27-02-2025T17:21:23 - [TEST_STEP][PASSED] - if (myValue in varParms[i]): null

27-02-2025T17:21:23 - [TEST_STEP][PASSED] - else: null

27-02-2025T17:21:23 - [TEST_STEP][PASSED] - inList = false: null

27-02-2025T17:21:23 - [TEST_STEP][PASSED] - if (myType == "checkbox"): null

27-02-2025T17:21:23 - [TEST_STEP][PASSED] - myStatus = element.isSelected(): null

27-02-2025T17:21:23 - [TEST_STEP][PASSED] - if (debug): null

27-02-2025T17:21:23 - [TEST_STEP][PASSED] - if (toggle && myStatus && inList): null

27-02-2025T17:21:23 - [TEST_STEP][PASSED] - if (!(myStatus) && inList || myStatus && !(inList)): null

27-02-2025T17:21:23 - [TEST_STEP][PASSED] - myValue = element.getAttribute("value"): null

27-02-2025T17:21:23 - [TEST_STEP][PASSED] - if (debug): null

27-02-2025T17:21:23 - [TEST_STEP][PASSED] - if (myValue.length() >= 4): null

27-02-2025T17:21:23 - [TEST_STEP][PASSED] - if (myValue.substring(0, 4) == "(!) "): null

27-02-2025T17:21:23 - [TEST_STEP][PASSED] - myType = element.getAttribute("type"): null

27-02-2025T17:21:23 - [TEST_STEP][PASSED] - if (myValue in varParms[i]): null

27-02-2025T17:21:23 - [TEST_STEP][PASSED] - else: null

27-02-2025T17:21:23 - [TEST_STEP][PASSED] - inList = false: null

27-02-2025T17:21:23 - [TEST_STEP][PASSED] - if (myType == "checkbox"): null

27-02-2025T17:21:23 - [TEST_STEP][PASSED] - myStatus = element.isSelected(): null

27-02-2025T17:21:23 - [TEST_STEP][PASSED] - if (debug): null

27-02-2025T17:21:23 - [TEST_STEP][PASSED] - if (toggle && myStatus && inList): null

27-02-2025T17:21:23 - [TEST_STEP][PASSED] - if (!(myStatus) && inList || myStatus && !(inList)): null

27-02-2025T17:21:23 - [TEST_STEP][PASSED] - myValue = element.getAttribute("value"): null

27-02-2025T17:21:23 - [TEST_STEP][PASSED] - if (debug): null

27-02-2025T17:21:23 - [TEST_STEP][PASSED] - if (myValue.length() >= 4): null

27-02-2025T17:21:23 - [TEST_STEP][PASSED] - if (myValue.substring(0, 4) == "(!) "): null

27-02-2025T17:21:23 - [TEST_STEP][PASSED] - myType = element.getAttribute("type"): null

27-02-2025T17:21:23 - [TEST_STEP][PASSED] - if (myValue in varParms[i]): null

27-02-2025T17:21:23 - [TEST_STEP][PASSED] - inList = true: null

27-02-2025T17:21:23 - [TEST_STEP][PASSED] - if (myType == "checkbox"): null

27-02-2025T17:21:23 - [TEST_STEP][PASSED] - myStatus = element.isSelected(): null

27-02-2025T17:21:23 - [TEST_STEP][PASSED] - if (debug): null

27-02-2025T17:21:23 - [TEST_STEP][PASSED] - if (toggle && myStatus && inList): null

27-02-2025T17:21:23 - [TEST_STEP][PASSED] - if (!(myStatus) && inList || myStatus && !(inList)): null

27-02-2025T17:21:23 - [TEST_STEP][PASSED] - if (debug): null

27-02-2025T17:21:23 - [TEST_STEP][PASSED] - println("Clicking " + myValue): null

27-02-2025T17:21:23 - [TEST_STEP][PASSED] - click(element): null

27-02-2025T17:21:23 - [TEST_STEP][PASSED] - scrollToObject(elem): null

27-02-2025T17:21:23 - [TEST_STEP][PASSED] - loc = element.getLocation(): null

27-02-2025T17:21:23 - [TEST_STEP][PASSED] - if (debug): null

27-02-2025T17:21:23 - [TEST_STEP][PASSED] - y = loc.getY(): null

27-02-2025T17:21:23 - [TEST_STEP][PASSED] - println("Y location is " + y): null

27-02-2025T17:21:23 - [TEST_STEP][PASSED] - top = getViewportTopPosition(): Current viewport's top (y) position is 85

27-02-2025T17:21:23 - [MESSAGE][PASSED] - Current viewport's top (y) position is 85

27-02-2025T17:21:23 - [TEST_STEP][PASSED] - println("Viewport top is " + top): null

27-02-2025T17:21:23 - [TEST_STEP][PASSED] - bottom = top + 600: null

27-02-2025T17:21:23 - [TEST_STEP][PASSED] - if (y - top < 150 || bottom - y < 10): null

27-02-2025T17:21:23 - [TEST_STEP][PASSED] - elem.click(): null

27-02-2025T17:21:23 - [TEST_STEP][PASSED] - myValue = element.getAttribute("value"): null

27-02-2025T17:21:23 - [TEST_STEP][PASSED] - if (debug): null

27-02-2025T17:21:23 - [TEST_STEP][PASSED] - if (myValue.length() >= 4): null

27-02-2025T17:21:23 - [TEST_STEP][PASSED] - if (myValue.substring(0, 4) == "(!) "): null

27-02-2025T17:21:23 - [TEST_STEP][PASSED] - myType = element.getAttribute("type"): null

27-02-2025T17:21:23 - [TEST_STEP][PASSED] - if (myValue in varParms[i]): null

27-02-2025T17:21:23 - [TEST_STEP][PASSED] - else: null

27-02-2025T17:21:23 - [TEST_STEP][PASSED] - inList = false: null

27-02-2025T17:21:23 - [TEST_STEP][PASSED] - if (myType == "checkbox"): null

27-02-2025T17:21:23 - [TEST_STEP][PASSED] - myStatus = element.isSelected(): null

27-02-2025T17:21:23 - [TEST_STEP][PASSED] - if (debug): null

27-02-2025T17:21:23 - [TEST_STEP][PASSED] - if (toggle && myStatus && inList): null

27-02-2025T17:21:23 - [TEST_STEP][PASSED] - if (!(myStatus) && inList || myStatus && !(inList)): null

27-02-2025T17:21:23 - [TEST_STEP][PASSED] - myValue = element.getAttribute("value"): null

27-02-2025T17:21:23 - [TEST_STEP][PASSED] - if (debug): null

27-02-2025T17:21:23 - [TEST_STEP][PASSED] - if (myValue.length() >= 4): null

27-02-2025T17:21:23 - [TEST_STEP][PASSED] - if (myValue.substring(0, 4) == "(!) "): null

27-02-2025T17:21:23 - [TEST_STEP][PASSED] - myType = element.getAttribute("type"): null

27-02-2025T17:21:23 - [TEST_STEP][PASSED] - if (myValue in varParms[i]): null

27-02-2025T17:21:23 - [TEST_STEP][PASSED] - else: null

27-02-2025T17:21:23 - [TEST_STEP][PASSED] - inList = false: null

27-02-2025T17:21:23 - [TEST_STEP][PASSED] - if (myType == "checkbox"): null

27-02-2025T17:21:23 - [TEST_STEP][PASSED] - myStatus = element.isSelected(): null

27-02-2025T17:21:23 - [TEST_STEP][PASSED] - if (debug): null

27-02-2025T17:21:23 - [TEST_STEP][PASSED] - if (toggle && myStatus && inList): null

27-02-2025T17:21:23 - [TEST_STEP][PASSED] - if (!(myStatus) && inList || myStatus && !(inList)): null

27-02-2025T17:21:23 - [TEST_STEP][PASSED] - myValue = element.getAttribute("value"): null

27-02-2025T17:21:23 - [TEST_STEP][PASSED] - if (debug): null

27-02-2025T17:21:23 - [TEST_STEP][PASSED] - if (myValue.length() >= 4): null

27-02-2025T17:21:23 - [TEST_STEP][PASSED] - if (myValue.substring(0, 4) == "(!) "): null

27-02-2025T17:21:23 - [TEST_STEP][PASSED] - myType = element.getAttribute("type"): null

27-02-2025T17:21:23 - [TEST_STEP][PASSED] - if (myValue in varParms[i]): null

27-02-2025T17:21:23 - [TEST_STEP][PASSED] - inList = true: null

27-02-2025T17:21:23 - [TEST_STEP][PASSED] - if (myType == "checkbox"): null

27-02-2025T17:21:23 - [TEST_STEP][PASSED] - myStatus = element.isSelected(): null

27-02-2025T17:21:23 - [TEST_STEP][PASSED] - if (debug): null

27-02-2025T17:21:23 - [TEST_STEP][PASSED] - if (toggle && myStatus && inList): null

27-02-2025T17:21:23 - [TEST_STEP][PASSED] - if (!(myStatus) && inList || myStatus && !(inList)): null

27-02-2025T17:21:23 - [TEST_STEP][PASSED] - if (debug): null

27-02-2025T17:21:23 - [TEST_STEP][PASSED] - println("Clicking " + myValue): null

27-02-2025T17:21:23 - [TEST_STEP][PASSED] - click(element): null

27-02-2025T17:21:23 - [TEST_STEP][PASSED] - scrollToObject(elem): null

27-02-2025T17:21:23 - [TEST_STEP][PASSED] - loc = element.getLocation(): null

27-02-2025T17:21:23 - [TEST_STEP][PASSED] - if (debug): null

27-02-2025T17:21:23 - [TEST_STEP][PASSED] - y = loc.getY(): null

27-02-2025T17:21:23 - [TEST_STEP][PASSED] - println("Y location is " + y): null

27-02-2025T17:21:23 - [TEST_STEP][PASSED] - top = getViewportTopPosition(): Current viewport's top (y) position is 85

27-02-2025T17:21:23 - [MESSAGE][PASSED] - Current viewport's top (y) position is 85

27-02-2025T17:21:23 - [TEST_STEP][PASSED] - println("Viewport top is " + top): null

27-02-2025T17:21:23 - [TEST_STEP][PASSED] - bottom = top + 600: null

27-02-2025T17:21:23 - [TEST_STEP][PASSED] - if (y - top < 150 || bottom - y < 10): Delayed 1 second(s)

27-02-2025T17:21:23 - [TEST_STEP][PASSED] - scrollToPosition(0, y - 150): Browser is scrolled to position x = 0, y = 540

27-02-2025T17:21:23 - [MESSAGE][PASSED] - Browser is scrolled to position x = 0, y = 540

27-02-2025T17:21:23 - [TEST_STEP][PASSED] - delay(1): Delayed 1 second(s)

27-02-2025T17:21:24 - [MESSAGE][PASSED] - Delayed 1 second(s)

27-02-2025T17:21:24 - [TEST_STEP][PASSED] - elem.click(): null

27-02-2025T17:21:24 - [TEST_STEP][PASSED] - myValue = element.getAttribute("value"): null

27-02-2025T17:21:24 - [TEST_STEP][PASSED] - if (debug): null

27-02-2025T17:21:24 - [TEST_STEP][PASSED] - if (myValue.length() >= 4): null

27-02-2025T17:21:24 - [TEST_STEP][PASSED] - if (myValue.substring(0, 4) == "(!) "): null

27-02-2025T17:21:24 - [TEST_STEP][PASSED] - myType = element.getAttribute("type"): null

27-02-2025T17:21:24 - [TEST_STEP][PASSED] - if (myValue in varParms[i]): null

27-02-2025T17:21:24 - [TEST_STEP][PASSED] - else: null

27-02-2025T17:21:24 - [TEST_STEP][PASSED] - inList = false: null

27-02-2025T17:21:24 - [TEST_STEP][PASSED] - if (myType == "checkbox"): null

27-02-2025T17:21:24 - [TEST_STEP][PASSED] - myStatus = element.isSelected(): null

27-02-2025T17:21:24 - [TEST_STEP][PASSED] - if (debug): null

27-02-2025T17:21:24 - [TEST_STEP][PASSED] - if (toggle && myStatus && inList): null

27-02-2025T17:21:24 - [TEST_STEP][PASSED] - if (!(myStatus) && inList || myStatus && !(inList)): null

27-02-2025T17:21:24 - [TEST_STEP][PASSED] - myValue = element.getAttribute("value"): null

27-02-2025T17:21:24 - [TEST_STEP][PASSED] - if (debug): null

27-02-2025T17:21:24 - [TEST_STEP][PASSED] - if (myValue.length() >= 4): null

27-02-2025T17:21:24 - [TEST_STEP][PASSED] - if (myValue.substring(0, 4) == "(!) "): null

27-02-2025T17:21:24 - [TEST_STEP][PASSED] - myType = element.getAttribute("type"): null

27-02-2025T17:21:24 - [TEST_STEP][PASSED] - if (myValue in varParms[i]): null

27-02-2025T17:21:24 - [TEST_STEP][PASSED] - else: null

27-02-2025T17:21:24 - [TEST_STEP][PASSED] - inList = false: null

27-02-2025T17:21:24 - [TEST_STEP][PASSED] - if (myType == "checkbox"): null

27-02-2025T17:21:24 - [TEST_STEP][PASSED] - myStatus = element.isSelected(): null

27-02-2025T17:21:24 - [TEST_STEP][PASSED] - if (debug): null

27-02-2025T17:21:24 - [TEST_STEP][PASSED] - if (toggle && myStatus && inList): null

27-02-2025T17:21:24 - [TEST_STEP][PASSED] - if (!(myStatus) && inList || myStatus && !(inList)): null

27-02-2025T17:21:24 - [TEST_STEP][PASSED] - myValue = element.getAttribute("value"): null

27-02-2025T17:21:24 - [TEST_STEP][PASSED] - if (debug): null

27-02-2025T17:21:24 - [TEST_STEP][PASSED] - if (myValue.length() >= 4): null

27-02-2025T17:21:24 - [TEST_STEP][PASSED] - if (myValue.substring(0, 4) == "(!) "): null

27-02-2025T17:21:24 - [TEST_STEP][PASSED] - myType = element.getAttribute("type"): null

27-02-2025T17:21:24 - [TEST_STEP][PASSED] - if (myValue in varParms[i]): null

27-02-2025T17:21:24 - [TEST_STEP][PASSED] - else: null

27-02-2025T17:21:27 - [TEST_STEP][PASSED] - inList = false: null

27-02-2025T17:21:27 - [TEST_STEP][PASSED] - if (myType == "checkbox"): null

27-02-2025T17:21:27 - [TEST_STEP][PASSED] - myStatus = element.isSelected(): null

27-02-2025T17:21:27 - [TEST_STEP][PASSED] - if (debug): null

27-02-2025T17:21:27 - [TEST_STEP][PASSED] - if (toggle && myStatus && inList): null

27-02-2025T17:21:27 - [TEST_STEP][PASSED] - if (!(myStatus) && inList || myStatus && !(inList)): null

27-02-2025T17:21:27 - [TEST_STEP][PASSED] - myValue = element.getAttribute("value"): null

27-02-2025T17:21:27 - [TEST_STEP][PASSED] - if (debug): null

27-02-2025T17:21:27 - [TEST_STEP][PASSED] - if (myValue.length() >= 4): null

27-02-2025T17:21:27 - [TEST_STEP][PASSED] - if (myValue.substring(0, 4) == "(!) "): null

27-02-2025T17:21:27 - [TEST_STEP][PASSED] - myType = element.getAttribute("type"): null

27-02-2025T17:21:27 - [TEST_STEP][PASSED] - if (myValue in varParms[i]): null

27-02-2025T17:21:27 - [TEST_STEP][PASSED] - inList = true: null

27-02-2025T17:21:27 - [TEST_STEP][PASSED] - if (myType == "checkbox"): null

27-02-2025T17:21:27 - [TEST_STEP][PASSED] - myStatus = element.isSelected(): null

27-02-2025T17:21:27 - [TEST_STEP][PASSED] - if (debug): null

27-02-2025T17:21:27 - [TEST_STEP][PASSED] - if (toggle && myStatus && inList): null

27-02-2025T17:21:27 - [TEST_STEP][PASSED] - if (!(myStatus) && inList || myStatus && !(inList)): null

27-02-2025T17:21:27 - [TEST_STEP][PASSED] - if (debug): null

27-02-2025T17:21:27 - [TEST_STEP][PASSED] - println("Clicking " + myValue): null

27-02-2025T17:21:27 - [TEST_STEP][PASSED] - click(element): null

27-02-2025T17:21:27 - [TEST_STEP][PASSED] - scrollToObject(elem): null

27-02-2025T17:21:27 - [TEST_STEP][PASSED] - loc = element.getLocation(): null

27-02-2025T17:21:27 - [TEST_STEP][PASSED] - if (debug): null

27-02-2025T17:21:27 - [TEST_STEP][PASSED] - y = loc.getY(): null

27-02-2025T17:21:27 - [TEST_STEP][PASSED] - println("Y location is " + y): null

27-02-2025T17:21:27 - [TEST_STEP][PASSED] - top = getViewportTopPosition(): Current viewport's top (y) position is 540

27-02-2025T17:21:27 - [MESSAGE][PASSED] - Current viewport's top (y) position is 540

27-02-2025T17:21:27 - [TEST_STEP][PASSED] - println("Viewport top is " + top): null

27-02-2025T17:21:27 - [TEST_STEP][PASSED] - bottom = top + 600: null

27-02-2025T17:21:27 - [TEST_STEP][PASSED] - if (y - top < 150 || bottom - y < 10): null

27-02-2025T17:21:27 - [TEST_STEP][PASSED] - elem.click(): null

27-02-2025T17:21:27 - [TEST_STEP][PASSED] - myValue = element.getAttribute("value"): null

27-02-2025T17:21:27 - [TEST_STEP][PASSED] - if (debug): null

27-02-2025T17:21:27 - [TEST_STEP][PASSED] - if (myValue.length() >= 4): null

27-02-2025T17:21:27 - [TEST_STEP][PASSED] - if (myValue.substring(0, 4) == "(!) "): null

27-02-2025T17:21:27 - [TEST_STEP][PASSED] - myType = element.getAttribute("type"): null

27-02-2025T17:21:27 - [TEST_STEP][PASSED] - if (myValue in varParms[i]): null

27-02-2025T17:21:27 - [TEST_STEP][PASSED] - else: null

27-02-2025T17:21:27 - [TEST_STEP][PASSED] - inList = false: null

27-02-2025T17:21:27 - [TEST_STEP][PASSED] - if (myType == "checkbox"): null

27-02-2025T17:21:27 - [TEST_STEP][PASSED] - myStatus = element.isSelected(): null

27-02-2025T17:21:27 - [TEST_STEP][PASSED] - if (debug): null

27-02-2025T17:21:27 - [TEST_STEP][PASSED] - if (toggle && myStatus && inList): null

27-02-2025T17:21:27 - [TEST_STEP][PASSED] - if (!(myStatus) && inList || myStatus && !(inList)): null

27-02-2025T17:21:27 - [TEST_STEP][PASSED] - myValue = element.getAttribute("value"): null

27-02-2025T17:21:27 - [TEST_STEP][PASSED] - if (debug): null

27-02-2025T17:21:27 - [TEST_STEP][PASSED] - if (myValue.length() >= 4): null

27-02-2025T17:21:27 - [TEST_STEP][PASSED] - if (myValue.substring(0, 4) == "(!) "): null

27-02-2025T17:21:27 - [TEST_STEP][PASSED] - myType = element.getAttribute("type"): null

27-02-2025T17:21:27 - [TEST_STEP][PASSED] - if (myValue in varParms[i]): null

27-02-2025T17:21:27 - [TEST_STEP][PASSED] - else: null

27-02-2025T17:21:27 - [TEST_STEP][PASSED] - inList = false: null

27-02-2025T17:21:27 - [TEST_STEP][PASSED] - if (myType == "checkbox"): null

27-02-2025T17:21:27 - [TEST_STEP][PASSED] - myStatus = element.isSelected(): null

27-02-2025T17:21:27 - [TEST_STEP][PASSED] - if (debug): null

27-02-2025T17:21:27 - [TEST_STEP][PASSED] - if (toggle && myStatus && inList): null

27-02-2025T17:21:27 - [TEST_STEP][PASSED] - if (!(myStatus) && inList || myStatus && !(inList)): null

27-02-2025T17:21:27 - [TEST_STEP][PASSED] - myValue = element.getAttribute("value"): null

27-02-2025T17:21:27 - [TEST_STEP][PASSED] - if (debug): null

27-02-2025T17:21:27 - [TEST_STEP][PASSED] - if (myValue.length() >= 4): null

27-02-2025T17:21:27 - [TEST_STEP][PASSED] - if (myValue.substring(0, 4) == "(!) "): null

27-02-2025T17:21:27 - [TEST_STEP][PASSED] - myType = element.getAttribute("type"): null

27-02-2025T17:21:27 - [TEST_STEP][PASSED] - if (myValue in varParms[i]): null

27-02-2025T17:21:27 - [TEST_STEP][PASSED] - inList = true: null

27-02-2025T17:21:27 - [TEST_STEP][PASSED] - if (myType == "checkbox"): null

27-02-2025T17:21:27 - [TEST_STEP][PASSED] - myStatus = element.isSelected(): null

27-02-2025T17:21:27 - [TEST_STEP][PASSED] - if (debug): null

27-02-2025T17:21:27 - [TEST_STEP][PASSED] - if (toggle && myStatus && inList): null

27-02-2025T17:21:27 - [TEST_STEP][PASSED] - if (!(myStatus) && inList || myStatus && !(inList)): null

27-02-2025T17:21:27 - [TEST_STEP][PASSED] - if (debug): null

27-02-2025T17:21:27 - [TEST_STEP][PASSED] - println("Clicking " + myValue): null

27-02-2025T17:21:27 - [TEST_STEP][PASSED] - click(element): null

27-02-2025T17:21:27 - [TEST_STEP][PASSED] - scrollToObject(elem): null

27-02-2025T17:21:27 - [TEST_STEP][PASSED] - loc = element.getLocation(): null

27-02-2025T17:21:27 - [TEST_STEP][PASSED] - if (debug): null

27-02-2025T17:21:27 - [TEST_STEP][PASSED] - y = loc.getY(): null

27-02-2025T17:21:27 - [TEST_STEP][PASSED] - println("Y location is " + y): null

27-02-2025T17:21:27 - [TEST_STEP][PASSED] - top = getViewportTopPosition(): Current viewport's top (y) position is 540

27-02-2025T17:21:27 - [MESSAGE][PASSED] - Current viewport's top (y) position is 540

27-02-2025T17:21:27 - [TEST_STEP][PASSED] - println("Viewport top is " + top): null

27-02-2025T17:21:27 - [TEST_STEP][PASSED] - bottom = top + 600: null

27-02-2025T17:21:27 - [TEST_STEP][PASSED] - if (y - top < 150 || bottom - y < 10): null

27-02-2025T17:21:27 - [TEST_STEP][PASSED] - elem.click(): null

27-02-2025T17:21:27 - [TEST_STEP][PASSED] - myValue = element.getAttribute("value"): null

27-02-2025T17:21:27 - [TEST_STEP][PASSED] - if (debug): null

27-02-2025T17:21:27 - [TEST_STEP][PASSED] - if (myValue.length() >= 4): null

27-02-2025T17:21:27 - [TEST_STEP][PASSED] - if (myValue.substring(0, 4) == "(!) "): null

27-02-2025T17:21:27 - [TEST_STEP][PASSED] - myType = element.getAttribute("type"): null

27-02-2025T17:21:27 - [TEST_STEP][PASSED] - if (myValue in varParms[i]): null

27-02-2025T17:21:27 - [TEST_STEP][PASSED] - inList = true: null

27-02-2025T17:21:27 - [TEST_STEP][PASSED] - if (myType == "checkbox"): null

27-02-2025T17:21:27 - [TEST_STEP][PASSED] - myStatus = element.isSelected(): null

27-02-2025T17:21:27 - [TEST_STEP][PASSED] - if (debug): null

27-02-2025T17:21:27 - [TEST_STEP][PASSED] - if (toggle && myStatus && inList): null

27-02-2025T17:21:27 - [TEST_STEP][PASSED] - if (!(myStatus) && inList || myStatus && !(inList)): null

27-02-2025T17:21:27 - [TEST_STEP][PASSED] - if (debug): null

27-02-2025T17:21:27 - [TEST_STEP][PASSED] - println("Clicking " + myValue): null

27-02-2025T17:21:27 - [TEST_STEP][PASSED] - click(element): null

27-02-2025T17:21:27 - [TEST_STEP][PASSED] - scrollToObject(elem): null

27-02-2025T17:21:27 - [TEST_STEP][PASSED] - loc = element.getLocation(): null

27-02-2025T17:21:27 - [TEST_STEP][PASSED] - if (debug): null

27-02-2025T17:21:27 - [TEST_STEP][PASSED] - y = loc.getY(): null

27-02-2025T17:21:27 - [TEST_STEP][PASSED] - println("Y location is " + y): null

27-02-2025T17:21:27 - [TEST_STEP][PASSED] - top = getViewportTopPosition(): Current viewport's top (y) position is 540

27-02-2025T17:21:27 - [MESSAGE][PASSED] - Current viewport's top (y) position is 540

27-02-2025T17:21:27 - [TEST_STEP][PASSED] - println("Viewport top is " + top): null

27-02-2025T17:21:27 - [TEST_STEP][PASSED] - bottom = top + 600: null

27-02-2025T17:21:27 - [TEST_STEP][PASSED] - if (y - top < 150 || bottom - y < 10): null

27-02-2025T17:21:27 - [TEST_STEP][PASSED] - elem.click(): null

27-02-2025T17:21:27 - [TEST_STEP][PASSED] - myValue = element.getAttribute("value"): null

27-02-2025T17:21:27 - [TEST_STEP][PASSED] - if (debug): null

27-02-2025T17:21:27 - [TEST_STEP][PASSED] - if (myValue.length() >= 4): null

27-02-2025T17:21:27 - [TEST_STEP][PASSED] - if (myValue.substring(0, 4) == "(!) "): null

27-02-2025T17:21:27 - [TEST_STEP][PASSED] - myType = element.getAttribute("type"): null

27-02-2025T17:21:27 - [TEST_STEP][PASSED] - if (myValue in varParms[i]): null

27-02-2025T17:21:27 - [TEST_STEP][PASSED] - inList = true: null

27-02-2025T17:21:27 - [TEST_STEP][PASSED] - if (myType == "checkbox"): null

27-02-2025T17:21:27 - [TEST_STEP][PASSED] - myStatus = element.isSelected(): null

27-02-2025T17:21:27 - [TEST_STEP][PASSED] - if (debug): null

27-02-2025T17:21:27 - [TEST_STEP][PASSED] - if (toggle && myStatus && inList): null

27-02-2025T17:21:27 - [TEST_STEP][PASSED] - if (!(myStatus) && inList || myStatus && !(inList)): null

27-02-2025T17:21:27 - [TEST_STEP][PASSED] - if (debug): null

27-02-2025T17:21:27 - [TEST_STEP][PASSED] - println("Clicking " + myValue): null

27-02-2025T17:21:27 - [TEST_STEP][PASSED] - click(element): null

27-02-2025T17:21:27 - [TEST_STEP][PASSED] - scrollToObject(elem): null

27-02-2025T17:21:27 - [TEST_STEP][PASSED] - loc = element.getLocation(): null

27-02-2025T17:21:27 - [TEST_STEP][PASSED] - if (debug): null

27-02-2025T17:21:27 - [TEST_STEP][PASSED] - y = loc.getY(): null

27-02-2025T17:21:27 - [TEST_STEP][PASSED] - println("Y location is " + y): null

27-02-2025T17:21:27 - [TEST_STEP][PASSED] - top = getViewportTopPosition(): Current viewport's top (y) position is 540

27-02-2025T17:21:27 - [MESSAGE][PASSED] - Current viewport's top (y) position is 540

27-02-2025T17:21:27 - [TEST_STEP][PASSED] - println("Viewport top is " + top): null

27-02-2025T17:21:27 - [TEST_STEP][PASSED] - bottom = top + 600: null

27-02-2025T17:21:27 - [TEST_STEP][PASSED] - if (y - top < 150 || bottom - y < 10): null

27-02-2025T17:21:27 - [TEST_STEP][PASSED] - elem.click(): null

27-02-2025T17:21:27 - [TEST_STEP][PASSED] - myValue = element.getAttribute("value"): null

27-02-2025T17:21:27 - [TEST_STEP][PASSED] - if (debug): null

27-02-2025T17:21:27 - [TEST_STEP][PASSED] - if (myValue.length() >= 4): null

27-02-2025T17:21:27 - [TEST_STEP][PASSED] - if (myValue.substring(0, 4) == "(!) "): null

27-02-2025T17:21:27 - [TEST_STEP][PASSED] - myType = element.getAttribute("type"): null

27-02-2025T17:21:27 - [TEST_STEP][PASSED] - if (myValue in varParms[i]): null

27-02-2025T17:21:27 - [TEST_STEP][PASSED] - else: null

27-02-2025T17:21:27 - [TEST_STEP][PASSED] - inList = false: null

27-02-2025T17:21:27 - [TEST_STEP][PASSED] - if (myType == "checkbox"): null

27-02-2025T17:21:27 - [TEST_STEP][PASSED] - myStatus = element.isSelected(): null

27-02-2025T17:21:27 - [TEST_STEP][PASSED] - if (debug): null

27-02-2025T17:21:27 - [TEST_STEP][PASSED] - if (toggle && myStatus && inList): null

27-02-2025T17:21:27 - [TEST_STEP][PASSED] - if (!(myStatus) && inList || myStatus && !(inList)): null

27-02-2025T17:21:27 - [TEST_STEP][PASSED] - myValue = element.getAttribute("value"): null

27-02-2025T17:21:27 - [TEST_STEP][PASSED] - if (debug): null

27-02-2025T17:21:27 - [TEST_STEP][PASSED] - if (myValue.length() >= 4): null

27-02-2025T17:21:27 - [TEST_STEP][PASSED] - if (myValue.substring(0, 4) == "(!) "): null

27-02-2025T17:21:27 - [TEST_STEP][PASSED] - myType = element.getAttribute("type"): null

27-02-2025T17:21:27 - [TEST_STEP][PASSED] - if (myValue in varParms[i]): null

27-02-2025T17:21:27 - [TEST_STEP][PASSED] - inList = true: null

27-02-2025T17:21:27 - [TEST_STEP][PASSED] - if (myType == "checkbox"): null

27-02-2025T17:21:27 - [TEST_STEP][PASSED] - myStatus = element.isSelected(): null

27-02-2025T17:21:27 - [TEST_STEP][PASSED] - if (debug): null

27-02-2025T17:21:27 - [TEST_STEP][PASSED] - if (toggle && myStatus && inList): null

27-02-2025T17:21:27 - [TEST_STEP][PASSED] - if (!(myStatus) && inList || myStatus && !(inList)): null

27-02-2025T17:21:27 - [TEST_STEP][PASSED] - if (debug): null

27-02-2025T17:21:27 - [TEST_STEP][PASSED] - println("Clicking " + myValue): null

27-02-2025T17:21:27 - [TEST_STEP][PASSED] - click(element): null

27-02-2025T17:21:27 - [TEST_STEP][PASSED] - scrollToObject(elem): null

27-02-2025T17:21:27 - [TEST_STEP][PASSED] - loc = element.getLocation(): null

27-02-2025T17:21:27 - [TEST_STEP][PASSED] - if (debug): null

27-02-2025T17:21:27 - [TEST_STEP][PASSED] - y = loc.getY(): null

27-02-2025T17:21:27 - [TEST_STEP][PASSED] - println("Y location is " + y): null

27-02-2025T17:21:27 - [TEST_STEP][PASSED] - top = getViewportTopPosition(): Current viewport's top (y) position is 540

27-02-2025T17:21:27 - [MESSAGE][PASSED] - Current viewport's top (y) position is 540

27-02-2025T17:21:27 - [TEST_STEP][PASSED] - println("Viewport top is " + top): null

27-02-2025T17:21:27 - [TEST_STEP][PASSED] - bottom = top + 600: null

27-02-2025T17:21:27 - [TEST_STEP][PASSED] - if (y - top < 150 || bottom - y < 10): null

27-02-2025T17:21:27 - [TEST_STEP][PASSED] - elem.click(): null

27-02-2025T17:21:27 - [TEST_STEP][PASSED] - myValue = element.getAttribute("value"): null

27-02-2025T17:21:27 - [TEST_STEP][PASSED] - if (debug): null

27-02-2025T17:21:27 - [TEST_STEP][PASSED] - if (myValue.length() >= 4): null

27-02-2025T17:21:27 - [TEST_STEP][PASSED] - if (myValue.substring(0, 4) == "(!) "): null

27-02-2025T17:21:27 - [TEST_STEP][PASSED] - myType = element.getAttribute("type"): null

27-02-2025T17:21:27 - [TEST_STEP][PASSED] - if (myValue in varParms[i]): null

27-02-2025T17:21:27 - [TEST_STEP][PASSED] - else: null

27-02-2025T17:21:27 - [TEST_STEP][PASSED] - inList = false: null

27-02-2025T17:21:27 - [TEST_STEP][PASSED] - if (myType == "checkbox"): null

27-02-2025T17:21:27 - [TEST_STEP][PASSED] - myStatus = element.isSelected(): null

27-02-2025T17:21:27 - [TEST_STEP][PASSED] - if (debug): null

27-02-2025T17:21:27 - [TEST_STEP][PASSED] - if (toggle && myStatus && inList): null

27-02-2025T17:21:27 - [TEST_STEP][PASSED] - if (!(myStatus) && inList || myStatus && !(inList)): null

27-02-2025T17:21:27 - [TEST_STEP][PASSED] - myValue = element.getAttribute("value"): null

27-02-2025T17:21:27 - [TEST_STEP][PASSED] - if (debug): null

27-02-2025T17:21:27 - [TEST_STEP][PASSED] - if (myValue.length() >= 4): null

27-02-2025T17:21:27 - [TEST_STEP][PASSED] - if (myValue.substring(0, 4) == "(!) "): null

27-02-2025T17:21:27 - [TEST_STEP][PASSED] - myType = element.getAttribute("type"): null

27-02-2025T17:21:27 - [TEST_STEP][PASSED] - if (myValue in varParms[i]): null

27-02-2025T17:21:27 - [TEST_STEP][PASSED] - else: null

27-02-2025T17:21:27 - [TEST_STEP][PASSED] - inList = false: null

27-02-2025T17:21:27 - [TEST_STEP][PASSED] - if (myType == "checkbox"): null

27-02-2025T17:21:27 - [TEST_STEP][PASSED] - myStatus = element.isSelected(): null

27-02-2025T17:21:27 - [TEST_STEP][PASSED] - if (debug): null

27-02-2025T17:21:27 - [TEST_STEP][PASSED] - if (toggle && myStatus && inList): null

27-02-2025T17:21:27 - [TEST_STEP][PASSED] - if (!(myStatus) && inList || myStatus && !(inList)): null

27-02-2025T17:21:27 - [TEST_STEP][PASSED] - myValue = element.getAttribute("value"): null

27-02-2025T17:21:27 - [TEST_STEP][PASSED] - if (debug): null

27-02-2025T17:21:27 - [TEST_STEP][PASSED] - if (myValue.length() >= 4): null

27-02-2025T17:21:27 - [TEST_STEP][PASSED] - if (myValue.substring(0, 4) == "(!) "): null

27-02-2025T17:21:27 - [TEST_STEP][PASSED] - myType = element.getAttribute("type"): null

27-02-2025T17:21:27 - [TEST_STEP][PASSED] - if (myValue in varParms[i]): null

27-02-2025T17:21:27 - [TEST_STEP][PASSED] - else: null

27-02-2025T17:21:27 - [TEST_STEP][PASSED] - inList = false: null

27-02-2025T17:21:27 - [TEST_STEP][PASSED] - if (myType == "checkbox"): null

27-02-2025T17:21:27 - [TEST_STEP][PASSED] - myStatus = element.isSelected(): null

27-02-2025T17:21:27 - [TEST_STEP][PASSED] - if (debug): null

27-02-2025T17:21:27 - [TEST_STEP][PASSED] - if (toggle && myStatus && inList): null

27-02-2025T17:21:27 - [TEST_STEP][PASSED] - if (!(myStatus) && inList || myStatus && !(inList)): null

27-02-2025T17:21:27 - [TEST_STEP][PASSED] - myValue = element.getAttribute("value"): null

27-02-2025T17:21:27 - [TEST_STEP][PASSED] - if (debug): null

27-02-2025T17:21:27 - [TEST_STEP][PASSED] - if (myValue.length() >= 4): null

27-02-2025T17:21:27 - [TEST_STEP][PASSED] - if (myValue.substring(0, 4) == "(!) "): null

27-02-2025T17:21:27 - [TEST_STEP][PASSED] - myType = element.getAttribute("type"): null

27-02-2025T17:21:27 - [TEST_STEP][PASSED] - if (myValue in varParms[i]): null

27-02-2025T17:21:27 - [TEST_STEP][PASSED] - else: null

27-02-2025T17:21:27 - [TEST_STEP][PASSED] - inList = false: null

27-02-2025T17:21:27 - [TEST_STEP][PASSED] - if (myType == "checkbox"): null

27-02-2025T17:21:27 - [TEST_STEP][PASSED] - myStatus = element.isSelected(): null

27-02-2025T17:21:27 - [TEST_STEP][PASSED] - if (debug): null

27-02-2025T17:21:27 - [TEST_STEP][PASSED] - if (toggle && myStatus && inList): null

27-02-2025T17:21:27 - [TEST_STEP][PASSED] - if (!(myStatus) && inList || myStatus && !(inList)): null

27-02-2025T17:21:27 - [TEST_STEP][PASSED] - myValue = element.getAttribute("value"): null

27-02-2025T17:21:27 - [TEST_STEP][PASSED] - if (debug): null

27-02-2025T17:21:27 - [TEST_STEP][PASSED] - if (myValue.length() >= 4): null

27-02-2025T17:21:27 - [TEST_STEP][PASSED] - if (myValue.substring(0, 4) == "(!) "): null

27-02-2025T17:21:27 - [TEST_STEP][PASSED] - myType = element.getAttribute("type"): null

27-02-2025T17:21:27 - [TEST_STEP][PASSED] - if (myValue in varParms[i]): null

27-02-2025T17:21:27 - [TEST_STEP][PASSED] - inList = true: null

27-02-2025T17:21:27 - [TEST_STEP][PASSED] - if (myType == "checkbox"): null

27-02-2025T17:21:27 - [TEST_STEP][PASSED] - myStatus = element.isSelected(): null

27-02-2025T17:21:27 - [TEST_STEP][PASSED] - if (debug): null

27-02-2025T17:21:27 - [TEST_STEP][PASSED] - if (toggle && myStatus && inList): null

27-02-2025T17:21:27 - [TEST_STEP][PASSED] - if (!(myStatus) && inList || myStatus && !(inList)): null

27-02-2025T17:21:27 - [TEST_STEP][PASSED] - if (debug): null

27-02-2025T17:21:27 - [TEST_STEP][PASSED] - println("Clicking " + myValue): null

27-02-2025T17:21:27 - [TEST_STEP][PASSED] - click(element): null

27-02-2025T17:21:27 - [TEST_STEP][PASSED] - scrollToObject(elem): null

27-02-2025T17:21:27 - [TEST_STEP][PASSED] - loc = element.getLocation(): null

27-02-2025T17:21:27 - [TEST_STEP][PASSED] - if (debug): null

27-02-2025T17:21:27 - [TEST_STEP][PASSED] - y = loc.getY(): null

27-02-2025T17:21:27 - [TEST_STEP][PASSED] - println("Y location is " + y): null

27-02-2025T17:21:27 - [TEST_STEP][PASSED] - top = getViewportTopPosition(): Current viewport's top (y) position is 540

27-02-2025T17:21:27 - [MESSAGE][PASSED] - Current viewport's top (y) position is 540

27-02-2025T17:21:27 - [TEST_STEP][PASSED] - println("Viewport top is " + top): null

27-02-2025T17:21:27 - [TEST_STEP][PASSED] - bottom = top + 600: null

27-02-2025T17:21:27 - [TEST_STEP][PASSED] - if (y - top < 150 || bottom - y < 10): null

27-02-2025T17:21:27 - [TEST_STEP][PASSED] - elem.click(): null

27-02-2025T17:21:27 - [TEST_STEP][PASSED] - myValue = element.getAttribute("value"): null

27-02-2025T17:21:27 - [TEST_STEP][PASSED] - if (debug): null

27-02-2025T17:21:27 - [TEST_STEP][PASSED] - if (myValue.length() >= 4): null

27-02-2025T17:21:27 - [TEST_STEP][PASSED] - if (myValue.substring(0, 4) == "(!) "): null

27-02-2025T17:21:27 - [TEST_STEP][PASSED] - myType = element.getAttribute("type"): null

27-02-2025T17:21:27 - [TEST_STEP][PASSED] - if (myValue in varParms[i]): null

27-02-2025T17:21:27 - [TEST_STEP][PASSED] - else: null

27-02-2025T17:21:27 - [TEST_STEP][PASSED] - inList = false: null

27-02-2025T17:21:27 - [TEST_STEP][PASSED] - if (myType == "checkbox"): null

27-02-2025T17:21:27 - [TEST_STEP][PASSED] - myStatus = element.isSelected(): null

27-02-2025T17:21:27 - [TEST_STEP][PASSED] - if (debug): null

27-02-2025T17:21:27 - [TEST_STEP][PASSED] - if (toggle && myStatus && inList): null

27-02-2025T17:21:27 - [TEST_STEP][PASSED] - if (!(myStatus) && inList || myStatus && !(inList)): null

27-02-2025T17:21:27 - [TEST_STEP][PASSED] - myValue = element.getAttribute("value"): null

27-02-2025T17:21:27 - [TEST_STEP][PASSED] - if (debug): null

27-02-2025T17:21:27 - [TEST_STEP][PASSED] - if (myValue.length() >= 4): null

27-02-2025T17:21:27 - [TEST_STEP][PASSED] - if (myValue.substring(0, 4) == "(!) "): null

27-02-2025T17:21:27 - [TEST_STEP][PASSED] - myType = element.getAttribute("type"): null

27-02-2025T17:21:27 - [TEST_STEP][PASSED] - if (myValue in varParms[i]): null

27-02-2025T17:21:27 - [TEST_STEP][PASSED] - else: null

27-02-2025T17:21:27 - [TEST_STEP][PASSED] - inList = false: null

27-02-2025T17:21:27 - [TEST_STEP][PASSED] - if (myType == "checkbox"): null

27-02-2025T17:21:27 - [TEST_STEP][PASSED] - myStatus = element.isSelected(): null

27-02-2025T17:21:27 - [TEST_STEP][PASSED] - if (debug): null

27-02-2025T17:21:27 - [TEST_STEP][PASSED] - if (toggle && myStatus && inList): null

27-02-2025T17:21:27 - [TEST_STEP][PASSED] - if (!(myStatus) && inList || myStatus && !(inList)): null

27-02-2025T17:21:27 - [TEST_STEP][PASSED] - myValue = element.getAttribute("value"): null

27-02-2025T17:21:27 - [TEST_STEP][PASSED] - if (debug): null

27-02-2025T17:21:27 - [TEST_STEP][PASSED] - if (myValue.length() >= 4): null

27-02-2025T17:21:27 - [TEST_STEP][PASSED] - if (myValue.substring(0, 4) == "(!) "): null

27-02-2025T17:21:30 - [TEST_STEP][PASSED] - myType = element.getAttribute("type"): null

27-02-2025T17:21:30 - [TEST_STEP][PASSED] - if (myValue in varParms[i]): null

27-02-2025T17:21:30 - [TEST_STEP][PASSED] - else: null

27-02-2025T17:21:30 - [TEST_STEP][PASSED] - inList = false: null

27-02-2025T17:21:30 - [TEST_STEP][PASSED] - if (myType == "checkbox"): null

27-02-2025T17:21:30 - [TEST_STEP][PASSED] - myStatus = element.isSelected(): null

27-02-2025T17:21:30 - [TEST_STEP][PASSED] - if (debug): null

27-02-2025T17:21:30 - [TEST_STEP][PASSED] - if (toggle && myStatus && inList): null

27-02-2025T17:21:30 - [TEST_STEP][PASSED] - if (!(myStatus) && inList || myStatus && !(inList)): null

27-02-2025T17:21:30 - [TEST_STEP][PASSED] - myValue = element.getAttribute("value"): null

27-02-2025T17:21:30 - [TEST_STEP][PASSED] - if (debug): null

27-02-2025T17:21:30 - [TEST_STEP][PASSED] - if (myValue.length() >= 4): null

27-02-2025T17:21:30 - [TEST_STEP][PASSED] - if (myValue.substring(0, 4) == "(!) "): null

27-02-2025T17:21:30 - [TEST_STEP][PASSED] - myType = element.getAttribute("type"): null

27-02-2025T17:21:30 - [TEST_STEP][PASSED] - if (myValue in varParms[i]): null

27-02-2025T17:21:30 - [TEST_STEP][PASSED] - inList = true: null

27-02-2025T17:21:30 - [TEST_STEP][PASSED] - if (myType == "checkbox"): null

27-02-2025T17:21:30 - [TEST_STEP][PASSED] - myStatus = element.isSelected(): null

27-02-2025T17:21:30 - [TEST_STEP][PASSED] - if (debug): null

27-02-2025T17:21:30 - [TEST_STEP][PASSED] - if (toggle && myStatus && inList): null

27-02-2025T17:21:30 - [TEST_STEP][PASSED] - if (!(myStatus) && inList || myStatus && !(inList)): null

27-02-2025T17:21:30 - [TEST_STEP][PASSED] - if (debug): null

27-02-2025T17:21:30 - [TEST_STEP][PASSED] - println("Clicking " + myValue): null

27-02-2025T17:21:30 - [TEST_STEP][PASSED] - click(element): null

27-02-2025T17:21:30 - [TEST_STEP][PASSED] - scrollToObject(elem): null

27-02-2025T17:21:30 - [TEST_STEP][PASSED] - loc = element.getLocation(): null

27-02-2025T17:21:30 - [TEST_STEP][PASSED] - if (debug): null

27-02-2025T17:21:30 - [TEST_STEP][PASSED] - y = loc.getY(): null

27-02-2025T17:21:30 - [TEST_STEP][PASSED] - println("Y location is " + y): null

27-02-2025T17:21:30 - [TEST_STEP][PASSED] - top = getViewportTopPosition(): Current viewport's top (y) position is 540

27-02-2025T17:21:30 - [MESSAGE][PASSED] - Current viewport's top (y) position is 540

27-02-2025T17:21:30 - [TEST_STEP][PASSED] - println("Viewport top is " + top): null

27-02-2025T17:21:30 - [TEST_STEP][PASSED] - bottom = top + 600: null

27-02-2025T17:21:30 - [TEST_STEP][PASSED] - if (y - top < 150 || bottom - y < 10): null

27-02-2025T17:21:30 - [TEST_STEP][PASSED] - elem.click(): null

27-02-2025T17:21:30 - [TEST_STEP][PASSED] - myValue = element.getAttribute("value"): null

27-02-2025T17:21:30 - [TEST_STEP][PASSED] - if (debug): null

27-02-2025T17:21:30 - [TEST_STEP][PASSED] - if (myValue.length() >= 4): null

27-02-2025T17:21:30 - [TEST_STEP][PASSED] - if (myValue.substring(0, 4) == "(!) "): null

27-02-2025T17:21:30 - [TEST_STEP][PASSED] - myType = element.getAttribute("type"): null

27-02-2025T17:21:30 - [TEST_STEP][PASSED] - if (myValue in varParms[i]): null

27-02-2025T17:21:30 - [TEST_STEP][PASSED] - inList = true: null

27-02-2025T17:21:30 - [TEST_STEP][PASSED] - if (myType == "checkbox"): null

27-02-2025T17:21:30 - [TEST_STEP][PASSED] - myStatus = element.isSelected(): null

27-02-2025T17:21:30 - [TEST_STEP][PASSED] - if (debug): null

27-02-2025T17:21:30 - [TEST_STEP][PASSED] - if (toggle && myStatus && inList): null

27-02-2025T17:21:30 - [TEST_STEP][PASSED] - if (!(myStatus) && inList || myStatus && !(inList)): null

27-02-2025T17:21:30 - [TEST_STEP][PASSED] - if (debug): null

27-02-2025T17:21:30 - [TEST_STEP][PASSED] - println("Clicking " + myValue): null

27-02-2025T17:21:30 - [TEST_STEP][PASSED] - click(element): null

27-02-2025T17:21:30 - [TEST_STEP][PASSED] - scrollToObject(elem): null

27-02-2025T17:21:30 - [TEST_STEP][PASSED] - loc = element.getLocation(): null

27-02-2025T17:21:30 - [TEST_STEP][PASSED] - if (debug): null

27-02-2025T17:21:30 - [TEST_STEP][PASSED] - y = loc.getY(): null

27-02-2025T17:21:30 - [TEST_STEP][PASSED] - println("Y location is " + y): null

27-02-2025T17:21:30 - [TEST_STEP][PASSED] - top = getViewportTopPosition(): Current viewport's top (y) position is 540

27-02-2025T17:21:30 - [MESSAGE][PASSED] - Current viewport's top (y) position is 540

27-02-2025T17:21:30 - [TEST_STEP][PASSED] - println("Viewport top is " + top): null

27-02-2025T17:21:30 - [TEST_STEP][PASSED] - bottom = top + 600: null

27-02-2025T17:21:30 - [TEST_STEP][PASSED] - if (y - top < 150 || bottom - y < 10): null

27-02-2025T17:21:30 - [TEST_STEP][PASSED] - elem.click(): null

27-02-2025T17:21:30 - [TEST_STEP][PASSED] - myValue = element.getAttribute("value"): null

27-02-2025T17:21:30 - [TEST_STEP][PASSED] - if (debug): null

27-02-2025T17:21:30 - [TEST_STEP][PASSED] - if (myValue.length() >= 4): null

27-02-2025T17:21:30 - [TEST_STEP][PASSED] - if (myValue.substring(0, 4) == "(!) "): null

27-02-2025T17:21:30 - [TEST_STEP][PASSED] - myType = element.getAttribute("type"): null

27-02-2025T17:21:30 - [TEST_STEP][PASSED] - if (myValue in varParms[i]): null

27-02-2025T17:21:30 - [TEST_STEP][PASSED] - else: null

27-02-2025T17:21:30 - [TEST_STEP][PASSED] - inList = false: null

27-02-2025T17:21:30 - [TEST_STEP][PASSED] - if (myType == "checkbox"): null

27-02-2025T17:21:30 - [TEST_STEP][PASSED] - myStatus = element.isSelected(): null

27-02-2025T17:21:30 - [TEST_STEP][PASSED] - if (debug): null

27-02-2025T17:21:30 - [TEST_STEP][PASSED] - if (toggle && myStatus && inList): null

27-02-2025T17:21:30 - [TEST_STEP][PASSED] - if (!(myStatus) && inList || myStatus && !(inList)): null

27-02-2025T17:21:30 - [TEST_STEP][PASSED] - myValue = element.getAttribute("value"): null

27-02-2025T17:21:30 - [TEST_STEP][PASSED] - if (debug): null

27-02-2025T17:21:30 - [TEST_STEP][PASSED] - if (myValue.length() >= 4): null

27-02-2025T17:21:30 - [TEST_STEP][PASSED] - if (myValue.substring(0, 4) == "(!) "): null

27-02-2025T17:21:30 - [TEST_STEP][PASSED] - myType = element.getAttribute("type"): null

27-02-2025T17:21:30 - [TEST_STEP][PASSED] - if (myValue in varParms[i]): null

27-02-2025T17:21:30 - [TEST_STEP][PASSED] - else: null

27-02-2025T17:21:30 - [TEST_STEP][PASSED] - inList = false: null

27-02-2025T17:21:30 - [TEST_STEP][PASSED] - if (myType == "checkbox"): null

27-02-2025T17:21:30 - [TEST_STEP][PASSED] - myStatus = element.isSelected(): null

27-02-2025T17:21:30 - [TEST_STEP][PASSED] - if (debug): null

27-02-2025T17:21:30 - [TEST_STEP][PASSED] - if (toggle && myStatus && inList): null

27-02-2025T17:21:30 - [TEST_STEP][PASSED] - if (!(myStatus) && inList || myStatus && !(inList)): null

27-02-2025T17:21:30 - [TEST_STEP][PASSED] - myValue = element.getAttribute("value"): null

27-02-2025T17:21:30 - [TEST_STEP][PASSED] - if (debug): null

27-02-2025T17:21:30 - [TEST_STEP][PASSED] - if (myValue.length() >= 4): null

27-02-2025T17:21:30 - [TEST_STEP][PASSED] - if (myValue.substring(0, 4) == "(!) "): null

27-02-2025T17:21:30 - [TEST_STEP][PASSED] - myType = element.getAttribute("type"): null

27-02-2025T17:21:30 - [TEST_STEP][PASSED] - if (myValue in varParms[i]): null

27-02-2025T17:21:30 - [TEST_STEP][PASSED] - else: null

27-02-2025T17:21:30 - [TEST_STEP][PASSED] - inList = false: null

27-02-2025T17:21:30 - [TEST_STEP][PASSED] - if (myType == "checkbox"): null

27-02-2025T17:21:30 - [TEST_STEP][PASSED] - myStatus = element.isSelected(): null

27-02-2025T17:21:30 - [TEST_STEP][PASSED] - if (debug): null

27-02-2025T17:21:30 - [TEST_STEP][PASSED] - if (toggle && myStatus && inList): null

27-02-2025T17:21:30 - [TEST_STEP][PASSED] - if (!(myStatus) && inList || myStatus && !(inList)): null

27-02-2025T17:21:30 - [TEST_STEP][PASSED] - myValue = element.getAttribute("value"): null

27-02-2025T17:21:30 - [TEST_STEP][PASSED] - if (debug): null

27-02-2025T17:21:30 - [TEST_STEP][PASSED] - if (myValue.length() >= 4): null

27-02-2025T17:21:30 - [TEST_STEP][PASSED] - if (myValue.substring(0, 4) == "(!) "): null

27-02-2025T17:21:30 - [TEST_STEP][PASSED] - myType = element.getAttribute("type"): null

27-02-2025T17:21:30 - [TEST_STEP][PASSED] - if (myValue in varParms[i]): null

27-02-2025T17:21:30 - [TEST_STEP][PASSED] - else: null

27-02-2025T17:21:30 - [TEST_STEP][PASSED] - inList = false: null

27-02-2025T17:21:30 - [TEST_STEP][PASSED] - if (myType == "checkbox"): null

27-02-2025T17:21:30 - [TEST_STEP][PASSED] - myStatus = element.isSelected(): null

27-02-2025T17:21:30 - [TEST_STEP][PASSED] - if (debug): null

27-02-2025T17:21:30 - [TEST_STEP][PASSED] - if (toggle && myStatus && inList): null

27-02-2025T17:21:30 - [TEST_STEP][PASSED] - if (!(myStatus) && inList || myStatus && !(inList)): null

27-02-2025T17:21:30 - [TEST_STEP][PASSED] - myValue = element.getAttribute("value"): null

27-02-2025T17:21:30 - [TEST_STEP][PASSED] - if (debug): null

27-02-2025T17:21:30 - [TEST_STEP][PASSED] - if (myValue.length() >= 4): null

27-02-2025T17:21:30 - [TEST_STEP][PASSED] - if (myValue.substring(0, 4) == "(!) "): null

27-02-2025T17:21:30 - [TEST_STEP][PASSED] - myType = element.getAttribute("type"): null

27-02-2025T17:21:30 - [TEST_STEP][PASSED] - if (myValue in varParms[i]): null

27-02-2025T17:21:30 - [TEST_STEP][PASSED] - else: null

27-02-2025T17:21:30 - [TEST_STEP][PASSED] - inList = false: null

27-02-2025T17:21:30 - [TEST_STEP][PASSED] - if (myType == "checkbox"): null

27-02-2025T17:21:30 - [TEST_STEP][PASSED] - myStatus = element.isSelected(): null

27-02-2025T17:21:30 - [TEST_STEP][PASSED] - if (debug): null

27-02-2025T17:21:30 - [TEST_STEP][PASSED] - if (toggle && myStatus && inList): null

27-02-2025T17:21:30 - [TEST_STEP][PASSED] - if (!(myStatus) && inList || myStatus && !(inList)): null

27-02-2025T17:21:30 - [TEST_STEP][PASSED] - myValue = element.getAttribute("value"): null

27-02-2025T17:21:30 - [TEST_STEP][PASSED] - if (debug): null

27-02-2025T17:21:30 - [TEST_STEP][PASSED] - if (myValue.length() >= 4): null

27-02-2025T17:21:30 - [TEST_STEP][PASSED] - if (myValue.substring(0, 4) == "(!) "): null

27-02-2025T17:21:30 - [TEST_STEP][PASSED] - myType = element.getAttribute("type"): null

27-02-2025T17:21:30 - [TEST_STEP][PASSED] - if (myValue in varParms[i]): null

27-02-2025T17:21:30 - [TEST_STEP][PASSED] - inList = true: null

27-02-2025T17:21:30 - [TEST_STEP][PASSED] - if (myType == "checkbox"): null

27-02-2025T17:21:30 - [TEST_STEP][PASSED] - myStatus = element.isSelected(): null

27-02-2025T17:21:30 - [TEST_STEP][PASSED] - if (debug): null

27-02-2025T17:21:30 - [TEST_STEP][PASSED] - if (toggle && myStatus && inList): null

27-02-2025T17:21:30 - [TEST_STEP][PASSED] - if (!(myStatus) && inList || myStatus && !(inList)): null

27-02-2025T17:21:30 - [TEST_STEP][PASSED] - if (debug): null

27-02-2025T17:21:30 - [TEST_STEP][PASSED] - println("Clicking " + myValue): null

27-02-2025T17:21:30 - [TEST_STEP][PASSED] - click(element): null

27-02-2025T17:21:30 - [TEST_STEP][PASSED] - scrollToObject(elem): null

27-02-2025T17:21:30 - [TEST_STEP][PASSED] - loc = element.getLocation(): null

27-02-2025T17:21:30 - [TEST_STEP][PASSED] - if (debug): null

27-02-2025T17:21:30 - [TEST_STEP][PASSED] - y = loc.getY(): null

27-02-2025T17:21:30 - [TEST_STEP][PASSED] - println("Y location is " + y): null

27-02-2025T17:21:30 - [TEST_STEP][PASSED] - top = getViewportTopPosition(): Current viewport's top (y) position is 540

27-02-2025T17:21:30 - [MESSAGE][PASSED] - Current viewport's top (y) position is 540

27-02-2025T17:21:30 - [TEST_STEP][PASSED] - println("Viewport top is " + top): null

27-02-2025T17:21:30 - [TEST_STEP][PASSED] - bottom = top + 600: null

27-02-2025T17:21:30 - [TEST_STEP][PASSED] - if (y - top < 150 || bottom - y < 10): null

27-02-2025T17:21:30 - [TEST_STEP][PASSED] - elem.click(): null

27-02-2025T17:21:30 - [TEST_STEP][PASSED] - myValue = element.getAttribute("value"): null

27-02-2025T17:21:30 - [TEST_STEP][PASSED] - if (debug): null

27-02-2025T17:21:30 - [TEST_STEP][PASSED] - if (myValue.length() >= 4): null

27-02-2025T17:21:30 - [TEST_STEP][PASSED] - if (myValue.substring(0, 4) == "(!) "): null

27-02-2025T17:21:30 - [TEST_STEP][PASSED] - myType = element.getAttribute("type"): null

27-02-2025T17:21:30 - [TEST_STEP][PASSED] - if (myValue in varParms[i]): null

27-02-2025T17:21:30 - [TEST_STEP][PASSED] - inList = true: null

27-02-2025T17:21:30 - [TEST_STEP][PASSED] - if (myType == "checkbox"): null

27-02-2025T17:21:30 - [TEST_STEP][PASSED] - myStatus = element.isSelected(): null

27-02-2025T17:21:30 - [TEST_STEP][PASSED] - if (debug): null

27-02-2025T17:21:30 - [TEST_STEP][PASSED] - if (toggle && myStatus && inList): null

27-02-2025T17:21:30 - [TEST_STEP][PASSED] - if (!(myStatus) && inList || myStatus && !(inList)): null

27-02-2025T17:21:30 - [TEST_STEP][PASSED] - if (debug): null

27-02-2025T17:21:30 - [TEST_STEP][PASSED] - println("Clicking " + myValue): null

27-02-2025T17:21:30 - [TEST_STEP][PASSED] - click(element): null

27-02-2025T17:21:30 - [TEST_STEP][PASSED] - scrollToObject(elem): null

27-02-2025T17:21:30 - [TEST_STEP][PASSED] - loc = element.getLocation(): null

27-02-2025T17:21:30 - [TEST_STEP][PASSED] - if (debug): null

27-02-2025T17:21:30 - [TEST_STEP][PASSED] - y = loc.getY(): null

27-02-2025T17:21:30 - [TEST_STEP][PASSED] - println("Y location is " + y): null

27-02-2025T17:21:30 - [TEST_STEP][PASSED] - top = getViewportTopPosition(): Current viewport's top (y) position is 540

27-02-2025T17:21:30 - [MESSAGE][PASSED] - Current viewport's top (y) position is 540

27-02-2025T17:21:30 - [TEST_STEP][PASSED] - println("Viewport top is " + top): null

27-02-2025T17:21:30 - [TEST_STEP][PASSED] - bottom = top + 600: null

27-02-2025T17:21:30 - [TEST_STEP][PASSED] - if (y - top < 150 || bottom - y < 10): null

27-02-2025T17:21:30 - [TEST_STEP][PASSED] - elem.click(): null

27-02-2025T17:21:30 - [TEST_STEP][PASSED] - myValue = element.getAttribute("value"): null

27-02-2025T17:21:30 - [TEST_STEP][PASSED] - if (debug): null

27-02-2025T17:21:30 - [TEST_STEP][PASSED] - if (myValue.length() >= 4): null

27-02-2025T17:21:30 - [TEST_STEP][PASSED] - if (myValue.substring(0, 4) == "(!) "): null

27-02-2025T17:21:30 - [TEST_STEP][PASSED] - myType = element.getAttribute("type"): null

27-02-2025T17:21:30 - [TEST_STEP][PASSED] - if (myValue in varParms[i]): null

27-02-2025T17:21:30 - [TEST_STEP][PASSED] - else: null

27-02-2025T17:21:30 - [TEST_STEP][PASSED] - inList = false: null

27-02-2025T17:21:30 - [TEST_STEP][PASSED] - if (myType == "checkbox"): null

27-02-2025T17:21:30 - [TEST_STEP][PASSED] - myStatus = element.isSelected(): null

27-02-2025T17:21:30 - [TEST_STEP][PASSED] - if (debug): null

27-02-2025T17:21:30 - [TEST_STEP][PASSED] - if (toggle && myStatus && inList): null

27-02-2025T17:21:30 - [TEST_STEP][PASSED] - if (!(myStatus) && inList || myStatus && !(inList)): null

27-02-2025T17:21:30 - [TEST_STEP][PASSED] - myValue = element.getAttribute("value"): null

27-02-2025T17:21:30 - [TEST_STEP][PASSED] - if (debug): null

27-02-2025T17:21:30 - [TEST_STEP][PASSED] - if (myValue.length() >= 4): null

27-02-2025T17:21:30 - [TEST_STEP][PASSED] - if (myValue.substring(0, 4) == "(!) "): null

27-02-2025T17:21:30 - [TEST_STEP][PASSED] - myType = element.getAttribute("type"): null

27-02-2025T17:21:30 - [TEST_STEP][PASSED] - if (myValue in varParms[i]): null

27-02-2025T17:21:30 - [TEST_STEP][PASSED] - else: null

27-02-2025T17:21:30 - [TEST_STEP][PASSED] - inList = false: null

27-02-2025T17:21:30 - [TEST_STEP][PASSED] - if (myType == "checkbox"): null

27-02-2025T17:21:30 - [TEST_STEP][PASSED] - myStatus = element.isSelected(): null

27-02-2025T17:21:30 - [TEST_STEP][PASSED] - if (debug): null

27-02-2025T17:21:30 - [TEST_STEP][PASSED] - if (toggle && myStatus && inList): null

27-02-2025T17:21:30 - [TEST_STEP][PASSED] - if (!(myStatus) && inList || myStatus && !(inList)): null

27-02-2025T17:21:30 - [TEST_STEP][PASSED] - myValue = element.getAttribute("value"): null

27-02-2025T17:21:30 - [TEST_STEP][PASSED] - if (debug): null

27-02-2025T17:21:30 - [TEST_STEP][PASSED] - if (myValue.length() >= 4): null

27-02-2025T17:21:30 - [TEST_STEP][PASSED] - if (myValue.substring(0, 4) == "(!) "): null

27-02-2025T17:21:30 - [TEST_STEP][PASSED] - myType = element.getAttribute("type"): null

27-02-2025T17:21:30 - [TEST_STEP][PASSED] - if (myValue in varParms[i]): null

27-02-2025T17:21:30 - [TEST_STEP][PASSED] - else: null

27-02-2025T17:21:30 - [TEST_STEP][PASSED] - inList = false: null

27-02-2025T17:21:30 - [TEST_STEP][PASSED] - if (myType == "checkbox"): null

27-02-2025T17:21:30 - [TEST_STEP][PASSED] - myStatus = element.isSelected(): null

27-02-2025T17:21:30 - [TEST_STEP][PASSED] - if (debug): null

27-02-2025T17:21:30 - [TEST_STEP][PASSED] - if (toggle && myStatus && inList): null

27-02-2025T17:21:30 - [TEST_STEP][PASSED] - if (!(myStatus) && inList || myStatus && !(inList)): null

27-02-2025T17:21:30 - [TEST_STEP][PASSED] - myValue = element.getAttribute("value"): null

27-02-2025T17:21:30 - [TEST_STEP][PASSED] - if (debug): null

27-02-2025T17:21:30 - [TEST_STEP][PASSED] - if (myValue.length() >= 4): null

27-02-2025T17:21:30 - [TEST_STEP][PASSED] - if (myValue.substring(0, 4) == "(!) "): null

27-02-2025T17:21:30 - [TEST_STEP][PASSED] - myType = element.getAttribute("type"): null

27-02-2025T17:21:30 - [TEST_STEP][PASSED] - if (myValue in varParms[i]): null

27-02-2025T17:21:30 - [TEST_STEP][PASSED] - else: null

27-02-2025T17:21:30 - [TEST_STEP][PASSED] - inList = false: null

27-02-2025T17:21:30 - [TEST_STEP][PASSED] - if (myType == "checkbox"): null

27-02-2025T17:21:30 - [TEST_STEP][PASSED] - myStatus = element.isSelected(): null

27-02-2025T17:21:30 - [TEST_STEP][PASSED] - if (debug): null

27-02-2025T17:21:30 - [TEST_STEP][PASSED] - if (toggle && myStatus && inList): null

27-02-2025T17:21:30 - [TEST_STEP][PASSED] - if (!(myStatus) && inList || myStatus && !(inList)): null

27-02-2025T17:21:30 - [TEST_STEP][PASSED] - myValue = element.getAttribute("value"): null

27-02-2025T17:21:30 - [TEST_STEP][PASSED] - if (debug): null

27-02-2025T17:21:30 - [TEST_STEP][PASSED] - if (myValue.length() >= 4): null

27-02-2025T17:21:30 - [TEST_STEP][PASSED] - if (myValue.substring(0, 4) == "(!) "): null

27-02-2025T17:21:30 - [TEST_STEP][PASSED] - myType = element.getAttribute("type"): null

27-02-2025T17:21:30 - [TEST_STEP][PASSED] - if (myValue in varParms[i]): null

27-02-2025T17:21:30 - [TEST_STEP][PASSED] - else: null

27-02-2025T17:21:30 - [TEST_STEP][PASSED] - inList = false: null

27-02-2025T17:21:30 - [TEST_STEP][PASSED] - if (myType == "checkbox"): null

27-02-2025T17:21:30 - [TEST_STEP][PASSED] - myStatus = element.isSelected(): null

27-02-2025T17:21:30 - [TEST_STEP][PASSED] - if (debug): null

27-02-2025T17:21:30 - [TEST_STEP][PASSED] - if (toggle && myStatus && inList): null

27-02-2025T17:21:30 - [TEST_STEP][PASSED] - if (!(myStatus) && inList || myStatus && !(inList)): null

27-02-2025T17:21:30 - [TEST_STEP][PASSED] - myValue = element.getAttribute("value"): null

27-02-2025T17:21:30 - [TEST_STEP][PASSED] - if (debug): null

27-02-2025T17:21:30 - [TEST_STEP][PASSED] - if (myValue.length() >= 4): null

27-02-2025T17:21:30 - [TEST_STEP][PASSED] - if (myValue.substring(0, 4) == "(!) "): null

27-02-2025T17:21:30 - [TEST_STEP][PASSED] - myType = element.getAttribute("type"): null

27-02-2025T17:21:30 - [TEST_STEP][PASSED] - if (myValue in varParms[i]): null

27-02-2025T17:21:30 - [TEST_STEP][PASSED] - else: null

27-02-2025T17:21:30 - [TEST_STEP][PASSED] - inList = false: null

27-02-2025T17:21:30 - [TEST_STEP][PASSED] - if (myType == "checkbox"): null

27-02-2025T17:21:30 - [TEST_STEP][PASSED] - myStatus = element.isSelected(): null

27-02-2025T17:21:30 - [TEST_STEP][PASSED] - if (debug): null

27-02-2025T17:21:30 - [TEST_STEP][PASSED] - if (toggle && myStatus && inList): null

27-02-2025T17:21:30 - [TEST_STEP][PASSED] - if (!(myStatus) && inList || myStatus && !(inList)): null

27-02-2025T17:21:30 - [TEST_STEP][PASSED] - myValue = element.getAttribute("value"): null

27-02-2025T17:21:30 - [TEST_STEP][PASSED] - if (debug): null

27-02-2025T17:21:30 - [TEST_STEP][PASSED] - if (myValue.length() >= 4): null

27-02-2025T17:21:30 - [TEST_STEP][PASSED] - if (myValue.substring(0, 4) == "(!) "): null

27-02-2025T17:21:30 - [TEST_STEP][PASSED] - myType = element.getAttribute("type"): null

27-02-2025T17:21:30 - [TEST_STEP][PASSED] - if (myValue in varParms[i]): null

27-02-2025T17:21:30 - [TEST_STEP][PASSED] - inList = true: null

27-02-2025T17:21:30 - [TEST_STEP][PASSED] - if (myType == "checkbox"): null

27-02-2025T17:21:30 - [TEST_STEP][PASSED] - myStatus = element.isSelected(): null

27-02-2025T17:21:30 - [TEST_STEP][PASSED] - if (debug): null

27-02-2025T17:21:30 - [TEST_STEP][PASSED] - if (toggle && myStatus && inList): null

27-02-2025T17:21:30 - [TEST_STEP][PASSED] - if (!(myStatus) && inList || myStatus && !(inList)): null

27-02-2025T17:21:30 - [TEST_STEP][PASSED] - if (debug): null

27-02-2025T17:21:30 - [TEST_STEP][PASSED] - println("Clicking " + myValue): null

27-02-2025T17:21:30 - [TEST_STEP][PASSED] - click(element): null

27-02-2025T17:21:30 - [TEST_STEP][PASSED] - scrollToObject(elem): null

27-02-2025T17:21:30 - [TEST_STEP][PASSED] - loc = element.getLocation(): null

27-02-2025T17:21:30 - [TEST_STEP][PASSED] - if (debug): null

27-02-2025T17:21:30 - [TEST_STEP][PASSED] - y = loc.getY(): null

27-02-2025T17:21:30 - [TEST_STEP][PASSED] - println("Y location is " + y): null

27-02-2025T17:21:30 - [TEST_STEP][PASSED] - top = getViewportTopPosition(): Current viewport's top (y) position is 540

27-02-2025T17:21:30 - [MESSAGE][PASSED] - Current viewport's top (y) position is 540

27-02-2025T17:21:30 - [TEST_STEP][PASSED] - println("Viewport top is " + top): null

27-02-2025T17:21:30 - [TEST_STEP][PASSED] - bottom = top + 600: null

27-02-2025T17:21:30 - [TEST_STEP][PASSED] - if (y - top < 150 || bottom - y < 10): null

27-02-2025T17:21:30 - [TEST_STEP][PASSED] - elem.click(): null

27-02-2025T17:21:33 - [TEST_STEP][PASSED] - myValue = element.getAttribute("value"): null

27-02-2025T17:21:33 - [TEST_STEP][PASSED] - if (debug): null

27-02-2025T17:21:33 - [TEST_STEP][PASSED] - if (myValue.length() >= 4): null

27-02-2025T17:21:33 - [TEST_STEP][PASSED] - if (myValue.substring(0, 4) == "(!) "): null

27-02-2025T17:21:33 - [TEST_STEP][PASSED] - myType = element.getAttribute("type"): null

27-02-2025T17:21:33 - [TEST_STEP][PASSED] - if (myValue in varParms[i]): null

27-02-2025T17:21:33 - [TEST_STEP][PASSED] - inList = true: null

27-02-2025T17:21:33 - [TEST_STEP][PASSED] - if (myType == "checkbox"): null

27-02-2025T17:21:33 - [TEST_STEP][PASSED] - myStatus = element.isSelected(): null

27-02-2025T17:21:33 - [TEST_STEP][PASSED] - if (debug): null

27-02-2025T17:21:33 - [TEST_STEP][PASSED] - if (toggle && myStatus && inList): null

27-02-2025T17:21:33 - [TEST_STEP][PASSED] - if (!(myStatus) && inList || myStatus && !(inList)): null

27-02-2025T17:21:33 - [TEST_STEP][PASSED] - if (debug): null

27-02-2025T17:21:33 - [TEST_STEP][PASSED] - println("Clicking " + myValue): null

27-02-2025T17:21:33 - [TEST_STEP][PASSED] - click(element): null

27-02-2025T17:21:33 - [TEST_STEP][PASSED] - scrollToObject(elem): null

27-02-2025T17:21:33 - [TEST_STEP][PASSED] - loc = element.getLocation(): null

27-02-2025T17:21:33 - [TEST_STEP][PASSED] - if (debug): null

27-02-2025T17:21:33 - [TEST_STEP][PASSED] - y = loc.getY(): null

27-02-2025T17:21:33 - [TEST_STEP][PASSED] - println("Y location is " + y): null

27-02-2025T17:21:33 - [TEST_STEP][PASSED] - top = getViewportTopPosition(): Current viewport's top (y) position is 540

27-02-2025T17:21:33 - [MESSAGE][PASSED] - Current viewport's top (y) position is 540

27-02-2025T17:21:33 - [TEST_STEP][PASSED] - println("Viewport top is " + top): null

27-02-2025T17:21:33 - [TEST_STEP][PASSED] - bottom = top + 600: null

27-02-2025T17:21:33 - [TEST_STEP][PASSED] - if (y - top < 150 || bottom - y < 10): null

27-02-2025T17:21:33 - [TEST_STEP][PASSED] - elem.click(): null

27-02-2025T17:21:33 - [TEST_STEP][PASSED] - myValue = element.getAttribute("value"): null

27-02-2025T17:21:33 - [TEST_STEP][PASSED] - if (debug): null

27-02-2025T17:21:33 - [TEST_STEP][PASSED] - if (myValue.length() >= 4): null

27-02-2025T17:21:33 - [TEST_STEP][PASSED] - if (myValue.substring(0, 4) == "(!) "): null

27-02-2025T17:21:33 - [TEST_STEP][PASSED] - myType = element.getAttribute("type"): null

27-02-2025T17:21:33 - [TEST_STEP][PASSED] - if (myValue in varParms[i]): null

27-02-2025T17:21:33 - [TEST_STEP][PASSED] - else: null

27-02-2025T17:21:33 - [TEST_STEP][PASSED] - inList = false: null

27-02-2025T17:21:33 - [TEST_STEP][PASSED] - if (myType == "checkbox"): null

27-02-2025T17:21:33 - [TEST_STEP][PASSED] - myStatus = element.isSelected(): null

27-02-2025T17:21:33 - [TEST_STEP][PASSED] - if (debug): null

27-02-2025T17:21:33 - [TEST_STEP][PASSED] - if (toggle && myStatus && inList): null

27-02-2025T17:21:33 - [TEST_STEP][PASSED] - if (!(myStatus) && inList || myStatus && !(inList)): null

27-02-2025T17:21:33 - [TEST_STEP][PASSED] - myValue = element.getAttribute("value"): null

27-02-2025T17:21:33 - [TEST_STEP][PASSED] - if (debug): null

27-02-2025T17:21:33 - [TEST_STEP][PASSED] - if (myValue.length() >= 4): null

27-02-2025T17:21:33 - [TEST_STEP][PASSED] - if (myValue.substring(0, 4) == "(!) "): null

27-02-2025T17:21:33 - [TEST_STEP][PASSED] - myType = element.getAttribute("type"): null

27-02-2025T17:21:33 - [TEST_STEP][PASSED] - if (myValue in varParms[i]): null

27-02-2025T17:21:33 - [TEST_STEP][PASSED] - else: null

27-02-2025T17:21:33 - [TEST_STEP][PASSED] - inList = false: null

27-02-2025T17:21:33 - [TEST_STEP][PASSED] - if (myType == "checkbox"): null

27-02-2025T17:21:33 - [TEST_STEP][PASSED] - myStatus = element.isSelected(): null

27-02-2025T17:21:33 - [TEST_STEP][PASSED] - if (debug): null

27-02-2025T17:21:33 - [TEST_STEP][PASSED] - if (toggle && myStatus && inList): null

27-02-2025T17:21:33 - [TEST_STEP][PASSED] - if (!(myStatus) && inList || myStatus && !(inList)): null

27-02-2025T17:21:33 - [TEST_STEP][PASSED] - myValue = element.getAttribute("value"): null

27-02-2025T17:21:33 - [TEST_STEP][PASSED] - if (debug): null

27-02-2025T17:21:33 - [TEST_STEP][PASSED] - if (myValue.length() >= 4): null

27-02-2025T17:21:33 - [TEST_STEP][PASSED] - if (myValue.substring(0, 4) == "(!) "): null

27-02-2025T17:21:33 - [TEST_STEP][PASSED] - myType = element.getAttribute("type"): null

27-02-2025T17:21:33 - [TEST_STEP][PASSED] - if (myValue in varParms[i]): null

27-02-2025T17:21:33 - [TEST_STEP][PASSED] - else: null

27-02-2025T17:21:33 - [TEST_STEP][PASSED] - inList = false: null

27-02-2025T17:21:33 - [TEST_STEP][PASSED] - if (myType == "checkbox"): null

27-02-2025T17:21:33 - [TEST_STEP][PASSED] - myStatus = element.isSelected(): null

27-02-2025T17:21:33 - [TEST_STEP][PASSED] - if (debug): null

27-02-2025T17:21:33 - [TEST_STEP][PASSED] - if (toggle && myStatus && inList): null

27-02-2025T17:21:33 - [TEST_STEP][PASSED] - if (!(myStatus) && inList || myStatus && !(inList)): null

27-02-2025T17:21:33 - [TEST_STEP][PASSED] - if (debug): null

27-02-2025T17:21:33 - [TEST_STEP][PASSED] - if (varParms[i].indexOf("Europe") >= 0): null

27-02-2025T17:21:33 - [TEST_STEP][PASSED] - elements = driver.findElements(By.xpath(varXpaths[i])): null

27-02-2025T17:21:33 - [TEST_STEP][PASSED] - element_count = elements.size(): null

27-02-2025T17:21:33 - [TEST_STEP][PASSED] - for (def element : elements): null

27-02-2025T17:21:33 - [TEST_STEP][PASSED] - myValue = element.getAttribute("value"): null

27-02-2025T17:21:33 - [TEST_STEP][PASSED] - if (debug): null

27-02-2025T17:21:33 - [TEST_STEP][PASSED] - if (myValue.length() >= 4): null

27-02-2025T17:21:33 - [TEST_STEP][PASSED] - if (myValue.substring(0, 4) == "(!) "): null

27-02-2025T17:21:33 - [TEST_STEP][PASSED] - myType = element.getAttribute("type"): null

27-02-2025T17:21:33 - [TEST_STEP][PASSED] - if (myValue in varParms[i]): null

27-02-2025T17:21:33 - [TEST_STEP][PASSED] - else: null

27-02-2025T17:21:33 - [TEST_STEP][PASSED] - inList = false: null

27-02-2025T17:21:33 - [TEST_STEP][PASSED] - if (myType == "checkbox"): null

27-02-2025T17:21:33 - [TEST_STEP][PASSED] - myStatus = element.isSelected(): null

27-02-2025T17:21:33 - [TEST_STEP][PASSED] - if (debug): null

27-02-2025T17:21:33 - [TEST_STEP][PASSED] - if (toggle && myStatus && inList): null

27-02-2025T17:21:33 - [TEST_STEP][PASSED] - if (!(myStatus) && inList || myStatus && !(inList)): null

27-02-2025T17:21:33 - [TEST_STEP][PASSED] - myValue = element.getAttribute("value"): null

27-02-2025T17:21:33 - [TEST_STEP][PASSED] - if (debug): null

27-02-2025T17:21:33 - [TEST_STEP][PASSED] - if (myValue.length() >= 4): null

27-02-2025T17:21:33 - [TEST_STEP][PASSED] - if (myValue.substring(0, 4) == "(!) "): null

27-02-2025T17:21:33 - [TEST_STEP][PASSED] - myType = element.getAttribute("type"): null

27-02-2025T17:21:33 - [TEST_STEP][PASSED] - if (myValue in varParms[i]): null

27-02-2025T17:21:33 - [TEST_STEP][PASSED] - else: null

27-02-2025T17:21:33 - [TEST_STEP][PASSED] - inList = false: null

27-02-2025T17:21:33 - [TEST_STEP][PASSED] - if (myType == "checkbox"): null

27-02-2025T17:21:33 - [TEST_STEP][PASSED] - myStatus = element.isSelected(): null

27-02-2025T17:21:33 - [TEST_STEP][PASSED] - if (debug): null

27-02-2025T17:21:33 - [TEST_STEP][PASSED] - if (toggle && myStatus && inList): null

27-02-2025T17:21:33 - [TEST_STEP][PASSED] - if (!(myStatus) && inList || myStatus && !(inList)): null

27-02-2025T17:21:33 - [TEST_STEP][PASSED] - myValue = element.getAttribute("value"): null

27-02-2025T17:21:33 - [TEST_STEP][PASSED] - if (debug): null

27-02-2025T17:21:33 - [TEST_STEP][PASSED] - if (myValue.length() >= 4): null

27-02-2025T17:21:33 - [TEST_STEP][PASSED] - if (myValue.substring(0, 4) == "(!) "): null

27-02-2025T17:21:33 - [TEST_STEP][PASSED] - myType = element.getAttribute("type"): null

27-02-2025T17:21:33 - [TEST_STEP][PASSED] - if (myValue in varParms[i]): null

27-02-2025T17:21:33 - [TEST_STEP][PASSED] - else: null

27-02-2025T17:21:33 - [TEST_STEP][PASSED] - inList = false: null

27-02-2025T17:21:33 - [TEST_STEP][PASSED] - if (myType == "checkbox"): null

27-02-2025T17:21:33 - [TEST_STEP][PASSED] - myStatus = element.isSelected(): null

27-02-2025T17:21:33 - [TEST_STEP][PASSED] - if (debug): null

27-02-2025T17:21:33 - [TEST_STEP][PASSED] - if (toggle && myStatus && inList): null

27-02-2025T17:21:33 - [TEST_STEP][PASSED] - if (!(myStatus) && inList || myStatus && !(inList)): null

27-02-2025T17:21:33 - [TEST_STEP][PASSED] - myValue = element.getAttribute("value"): null

27-02-2025T17:21:33 - [TEST_STEP][PASSED] - if (debug): null

27-02-2025T17:21:33 - [TEST_STEP][PASSED] - if (myValue.length() >= 4): null

27-02-2025T17:21:33 - [TEST_STEP][PASSED] - if (myValue.substring(0, 4) == "(!) "): null

27-02-2025T17:21:33 - [TEST_STEP][PASSED] - myType = element.getAttribute("type"): null

27-02-2025T17:21:33 - [TEST_STEP][PASSED] - if (myValue in varParms[i]): null

27-02-2025T17:21:33 - [TEST_STEP][PASSED] - else: null

27-02-2025T17:21:33 - [TEST_STEP][PASSED] - inList = false: null

27-02-2025T17:21:33 - [TEST_STEP][PASSED] - if (myType == "checkbox"): null

27-02-2025T17:21:33 - [TEST_STEP][PASSED] - myStatus = element.isSelected(): null

27-02-2025T17:21:33 - [TEST_STEP][PASSED] - if (debug): null

27-02-2025T17:21:33 - [TEST_STEP][PASSED] - if (toggle && myStatus && inList): null

27-02-2025T17:21:33 - [TEST_STEP][PASSED] - if (!(myStatus) && inList || myStatus && !(inList)): null

27-02-2025T17:21:33 - [TEST_STEP][PASSED] - myValue = element.getAttribute("value"): null

27-02-2025T17:21:33 - [TEST_STEP][PASSED] - if (debug): null

27-02-2025T17:21:33 - [TEST_STEP][PASSED] - if (myValue.length() >= 4): null

27-02-2025T17:21:33 - [TEST_STEP][PASSED] - if (myValue.substring(0, 4) == "(!) "): null

27-02-2025T17:21:33 - [TEST_STEP][PASSED] - myType = element.getAttribute("type"): null

27-02-2025T17:21:33 - [TEST_STEP][PASSED] - if (myValue in varParms[i]): null

27-02-2025T17:21:33 - [TEST_STEP][PASSED] - inList = true: null

27-02-2025T17:21:33 - [TEST_STEP][PASSED] - if (myType == "checkbox"): null

27-02-2025T17:21:33 - [TEST_STEP][PASSED] - myStatus = element.isSelected(): null

27-02-2025T17:21:33 - [TEST_STEP][PASSED] - if (debug): null

27-02-2025T17:21:33 - [TEST_STEP][PASSED] - if (toggle && myStatus && inList): null

27-02-2025T17:21:33 - [TEST_STEP][PASSED] - if (!(myStatus) && inList || myStatus && !(inList)): null

27-02-2025T17:21:33 - [TEST_STEP][PASSED] - if (debug): null

27-02-2025T17:21:33 - [TEST_STEP][PASSED] - println("Clicking " + myValue): null

27-02-2025T17:21:33 - [TEST_STEP][PASSED] - click(element): null

27-02-2025T17:21:33 - [TEST_STEP][PASSED] - scrollToObject(elem): null

27-02-2025T17:21:33 - [TEST_STEP][PASSED] - loc = element.getLocation(): null

27-02-2025T17:21:33 - [TEST_STEP][PASSED] - if (debug): null

27-02-2025T17:21:33 - [TEST_STEP][PASSED] - y = loc.getY(): null

27-02-2025T17:21:33 - [TEST_STEP][PASSED] - println("Y location is " + y): null

27-02-2025T17:21:33 - [TEST_STEP][PASSED] - top = getViewportTopPosition(): Current viewport's top (y) position is 540

27-02-2025T17:21:33 - [MESSAGE][PASSED] - Current viewport's top (y) position is 540

27-02-2025T17:21:33 - [TEST_STEP][PASSED] - println("Viewport top is " + top): null

27-02-2025T17:21:33 - [TEST_STEP][PASSED] - bottom = top + 600: null

27-02-2025T17:21:33 - [TEST_STEP][PASSED] - if (y - top < 150 || bottom - y < 10): null

27-02-2025T17:21:33 - [TEST_STEP][PASSED] - elem.click(): null

27-02-2025T17:21:33 - [TEST_STEP][PASSED] - myValue = element.getAttribute("value"): null

27-02-2025T17:21:33 - [TEST_STEP][PASSED] - if (debug): null

27-02-2025T17:21:33 - [TEST_STEP][PASSED] - if (myValue.length() >= 4): null

27-02-2025T17:21:33 - [TEST_STEP][PASSED] - if (myValue.substring(0, 4) == "(!) "): null

27-02-2025T17:21:33 - [TEST_STEP][PASSED] - myType = element.getAttribute("type"): null

27-02-2025T17:21:33 - [TEST_STEP][PASSED] - if (myValue in varParms[i]): null

27-02-2025T17:21:33 - [TEST_STEP][PASSED] - else: null

27-02-2025T17:21:33 - [TEST_STEP][PASSED] - inList = false: null

27-02-2025T17:21:33 - [TEST_STEP][PASSED] - if (myType == "checkbox"): null

27-02-2025T17:21:33 - [TEST_STEP][PASSED] - myStatus = element.isSelected(): null

27-02-2025T17:21:33 - [TEST_STEP][PASSED] - if (debug): null

27-02-2025T17:21:33 - [TEST_STEP][PASSED] - if (toggle && myStatus && inList): null

27-02-2025T17:21:33 - [TEST_STEP][PASSED] - if (!(myStatus) && inList || myStatus && !(inList)): null

27-02-2025T17:21:33 - [TEST_STEP][PASSED] - myValue = element.getAttribute("value"): null

27-02-2025T17:21:33 - [TEST_STEP][PASSED] - if (debug): null

27-02-2025T17:21:33 - [TEST_STEP][PASSED] - if (myValue.length() >= 4): null

27-02-2025T17:21:33 - [TEST_STEP][PASSED] - if (myValue.substring(0, 4) == "(!) "): null

27-02-2025T17:21:33 - [TEST_STEP][PASSED] - myType = element.getAttribute("type"): null

27-02-2025T17:21:33 - [TEST_STEP][PASSED] - if (myValue in varParms[i]): null

27-02-2025T17:21:33 - [TEST_STEP][PASSED] - else: null

27-02-2025T17:21:33 - [TEST_STEP][PASSED] - inList = false: null

27-02-2025T17:21:33 - [TEST_STEP][PASSED] - if (myType == "checkbox"): null

27-02-2025T17:21:33 - [TEST_STEP][PASSED] - myStatus = element.isSelected(): null

27-02-2025T17:21:33 - [TEST_STEP][PASSED] - if (debug): null

27-02-2025T17:21:33 - [TEST_STEP][PASSED] - if (toggle && myStatus && inList): null

27-02-2025T17:21:33 - [TEST_STEP][PASSED] - if (!(myStatus) && inList || myStatus && !(inList)): null

27-02-2025T17:21:33 - [TEST_STEP][PASSED] - myValue = element.getAttribute("value"): null

27-02-2025T17:21:33 - [TEST_STEP][PASSED] - if (debug): null

27-02-2025T17:21:33 - [TEST_STEP][PASSED] - if (myValue.length() >= 4): null

27-02-2025T17:21:33 - [TEST_STEP][PASSED] - if (myValue.substring(0, 4) == "(!) "): null

27-02-2025T17:21:33 - [TEST_STEP][PASSED] - myType = element.getAttribute("type"): null

27-02-2025T17:21:33 - [TEST_STEP][PASSED] - if (myValue in varParms[i]): null

27-02-2025T17:21:33 - [TEST_STEP][PASSED] - else: null

27-02-2025T17:21:33 - [TEST_STEP][PASSED] - inList = false: null

27-02-2025T17:21:33 - [TEST_STEP][PASSED] - if (myType == "checkbox"): null

27-02-2025T17:21:33 - [TEST_STEP][PASSED] - myStatus = element.isSelected(): null

27-02-2025T17:21:33 - [TEST_STEP][PASSED] - if (debug): null

27-02-2025T17:21:33 - [TEST_STEP][PASSED] - if (toggle && myStatus && inList): null

27-02-2025T17:21:33 - [TEST_STEP][PASSED] - if (!(myStatus) && inList || myStatus && !(inList)): null

27-02-2025T17:21:33 - [TEST_STEP][PASSED] - myValue = element.getAttribute("value"): null

27-02-2025T17:21:33 - [TEST_STEP][PASSED] - if (debug): null

27-02-2025T17:21:33 - [TEST_STEP][PASSED] - if (myValue.length() >= 4): null

27-02-2025T17:21:33 - [TEST_STEP][PASSED] - if (myValue.substring(0, 4) == "(!) "): null

27-02-2025T17:21:33 - [TEST_STEP][PASSED] - myType = element.getAttribute("type"): null

27-02-2025T17:21:33 - [TEST_STEP][PASSED] - if (myValue in varParms[i]): null

27-02-2025T17:21:33 - [TEST_STEP][PASSED] - else: null

27-02-2025T17:21:33 - [TEST_STEP][PASSED] - inList = false: null

27-02-2025T17:21:33 - [TEST_STEP][PASSED] - if (myType == "checkbox"): null

27-02-2025T17:21:33 - [TEST_STEP][PASSED] - myStatus = element.isSelected(): null

27-02-2025T17:21:33 - [TEST_STEP][PASSED] - if (debug): null

27-02-2025T17:21:33 - [TEST_STEP][PASSED] - if (toggle && myStatus && inList): null

27-02-2025T17:21:33 - [TEST_STEP][PASSED] - if (!(myStatus) && inList || myStatus && !(inList)): null

27-02-2025T17:21:33 - [TEST_STEP][PASSED] - myValue = element.getAttribute("value"): null

27-02-2025T17:21:33 - [TEST_STEP][PASSED] - if (debug): null

27-02-2025T17:21:33 - [TEST_STEP][PASSED] - if (myValue.length() >= 4): null

27-02-2025T17:21:33 - [TEST_STEP][PASSED] - if (myValue.substring(0, 4) == "(!) "): null

27-02-2025T17:21:33 - [TEST_STEP][PASSED] - myType = element.getAttribute("type"): null

27-02-2025T17:21:33 - [TEST_STEP][PASSED] - if (myValue in varParms[i]): null

27-02-2025T17:21:33 - [TEST_STEP][PASSED] - inList = true: null

27-02-2025T17:21:33 - [TEST_STEP][PASSED] - if (myType == "checkbox"): null

27-02-2025T17:21:33 - [TEST_STEP][PASSED] - myStatus = element.isSelected(): null

27-02-2025T17:21:33 - [TEST_STEP][PASSED] - if (debug): null

27-02-2025T17:21:33 - [TEST_STEP][PASSED] - if (toggle && myStatus && inList): null

27-02-2025T17:21:33 - [TEST_STEP][PASSED] - if (!(myStatus) && inList || myStatus && !(inList)): null

27-02-2025T17:21:33 - [TEST_STEP][PASSED] - if (debug): null

27-02-2025T17:21:33 - [TEST_STEP][PASSED] - println("Clicking " + myValue): null

27-02-2025T17:21:33 - [TEST_STEP][PASSED] - click(element): null

27-02-2025T17:21:33 - [TEST_STEP][PASSED] - scrollToObject(elem): null

27-02-2025T17:21:33 - [TEST_STEP][PASSED] - loc = element.getLocation(): null

27-02-2025T17:21:33 - [TEST_STEP][PASSED] - if (debug): null

27-02-2025T17:21:33 - [TEST_STEP][PASSED] - y = loc.getY(): null

27-02-2025T17:21:33 - [TEST_STEP][PASSED] - println("Y location is " + y): null

27-02-2025T17:21:33 - [TEST_STEP][PASSED] - top = getViewportTopPosition(): Current viewport's top (y) position is 540

27-02-2025T17:21:33 - [MESSAGE][PASSED] - Current viewport's top (y) position is 540

27-02-2025T17:21:33 - [TEST_STEP][PASSED] - println("Viewport top is " + top): null

27-02-2025T17:21:33 - [TEST_STEP][PASSED] - bottom = top + 600: null

27-02-2025T17:21:33 - [TEST_STEP][PASSED] - if (y - top < 150 || bottom - y < 10): null

27-02-2025T17:21:33 - [TEST_STEP][PASSED] - elem.click(): null

27-02-2025T17:21:33 - [TEST_STEP][PASSED] - myValue = element.getAttribute("value"): null

27-02-2025T17:21:33 - [TEST_STEP][PASSED] - if (debug): null

27-02-2025T17:21:33 - [TEST_STEP][PASSED] - if (myValue.length() >= 4): null

27-02-2025T17:21:33 - [TEST_STEP][PASSED] - if (myValue.substring(0, 4) == "(!) "): null

27-02-2025T17:21:33 - [TEST_STEP][PASSED] - myType = element.getAttribute("type"): null

27-02-2025T17:21:33 - [TEST_STEP][PASSED] - if (myValue in varParms[i]): null

27-02-2025T17:21:33 - [TEST_STEP][PASSED] - inList = true: null

27-02-2025T17:21:33 - [TEST_STEP][PASSED] - if (myType == "checkbox"): null

27-02-2025T17:21:33 - [TEST_STEP][PASSED] - myStatus = element.isSelected(): null

27-02-2025T17:21:33 - [TEST_STEP][PASSED] - if (debug): null

27-02-2025T17:21:33 - [TEST_STEP][PASSED] - if (toggle && myStatus && inList): null

27-02-2025T17:21:33 - [TEST_STEP][PASSED] - if (!(myStatus) && inList || myStatus && !(inList)): null

27-02-2025T17:21:33 - [TEST_STEP][PASSED] - if (debug): null

27-02-2025T17:21:33 - [TEST_STEP][PASSED] - println("Clicking " + myValue): null

27-02-2025T17:21:33 - [TEST_STEP][PASSED] - click(element): null

27-02-2025T17:21:33 - [TEST_STEP][PASSED] - scrollToObject(elem): null

27-02-2025T17:21:33 - [TEST_STEP][PASSED] - loc = element.getLocation(): null

27-02-2025T17:21:33 - [TEST_STEP][PASSED] - if (debug): null

27-02-2025T17:21:33 - [TEST_STEP][PASSED] - y = loc.getY(): null

27-02-2025T17:21:33 - [TEST_STEP][PASSED] - println("Y location is " + y): null

27-02-2025T17:21:33 - [TEST_STEP][PASSED] - top = getViewportTopPosition(): Current viewport's top (y) position is 540

27-02-2025T17:21:33 - [MESSAGE][PASSED] - Current viewport's top (y) position is 540

27-02-2025T17:21:33 - [TEST_STEP][PASSED] - println("Viewport top is " + top): null

27-02-2025T17:21:33 - [TEST_STEP][PASSED] - bottom = top + 600: null

27-02-2025T17:21:33 - [TEST_STEP][PASSED] - if (y - top < 150 || bottom - y < 10): null

27-02-2025T17:21:33 - [TEST_STEP][PASSED] - elem.click(): null

27-02-2025T17:21:33 - [TEST_STEP][PASSED] - myValue = element.getAttribute("value"): null

27-02-2025T17:21:33 - [TEST_STEP][PASSED] - if (debug): null

27-02-2025T17:21:33 - [TEST_STEP][PASSED] - if (myValue.length() >= 4): null

27-02-2025T17:21:33 - [TEST_STEP][PASSED] - if (myValue.substring(0, 4) == "(!) "): null

27-02-2025T17:21:33 - [TEST_STEP][PASSED] - myType = element.getAttribute("type"): null

27-02-2025T17:21:33 - [TEST_STEP][PASSED] - if (myValue in varParms[i]): null

27-02-2025T17:21:33 - [TEST_STEP][PASSED] - else: null

27-02-2025T17:21:33 - [TEST_STEP][PASSED] - inList = false: null

27-02-2025T17:21:33 - [TEST_STEP][PASSED] - if (myType == "checkbox"): null

27-02-2025T17:21:33 - [TEST_STEP][PASSED] - myStatus = element.isSelected(): null

27-02-2025T17:21:33 - [TEST_STEP][PASSED] - if (debug): null

27-02-2025T17:21:33 - [TEST_STEP][PASSED] - if (toggle && myStatus && inList): null

27-02-2025T17:21:33 - [TEST_STEP][PASSED] - if (!(myStatus) && inList || myStatus && !(inList)): null

27-02-2025T17:21:33 - [TEST_STEP][PASSED] - myValue = element.getAttribute("value"): null

27-02-2025T17:21:33 - [TEST_STEP][PASSED] - if (debug): null

27-02-2025T17:21:33 - [TEST_STEP][PASSED] - if (myValue.length() >= 4): null

27-02-2025T17:21:33 - [TEST_STEP][PASSED] - if (myValue.substring(0, 4) == "(!) "): null

27-02-2025T17:21:33 - [TEST_STEP][PASSED] - myType = element.getAttribute("type"): null

27-02-2025T17:21:33 - [TEST_STEP][PASSED] - if (myValue in varParms[i]): null

27-02-2025T17:21:33 - [TEST_STEP][PASSED] - inList = true: null

27-02-2025T17:21:33 - [TEST_STEP][PASSED] - if (myType == "checkbox"): null

27-02-2025T17:21:33 - [TEST_STEP][PASSED] - myStatus = element.isSelected(): null

27-02-2025T17:21:33 - [TEST_STEP][PASSED] - if (debug): null

27-02-2025T17:21:33 - [TEST_STEP][PASSED] - if (toggle && myStatus && inList): null

27-02-2025T17:21:33 - [TEST_STEP][PASSED] - if (!(myStatus) && inList || myStatus && !(inList)): null

27-02-2025T17:21:33 - [TEST_STEP][PASSED] - if (debug): null

27-02-2025T17:21:33 - [TEST_STEP][PASSED] - println("Clicking " + myValue): null

27-02-2025T17:21:33 - [TEST_STEP][PASSED] - click(element): null

27-02-2025T17:21:33 - [TEST_STEP][PASSED] - scrollToObject(elem): null

27-02-2025T17:21:33 - [TEST_STEP][PASSED] - loc = element.getLocation(): null

27-02-2025T17:21:35 - [TEST_STEP][PASSED] - if (debug): null

27-02-2025T17:21:35 - [TEST_STEP][PASSED] - y = loc.getY(): null

27-02-2025T17:21:35 - [TEST_STEP][PASSED] - println("Y location is " + y): null

27-02-2025T17:21:35 - [TEST_STEP][PASSED] - top = getViewportTopPosition(): Current viewport's top (y) position is 540

27-02-2025T17:21:35 - [MESSAGE][PASSED] - Current viewport's top (y) position is 540

27-02-2025T17:21:35 - [TEST_STEP][PASSED] - println("Viewport top is " + top): null

27-02-2025T17:21:35 - [TEST_STEP][PASSED] - bottom = top + 600: null

27-02-2025T17:21:35 - [TEST_STEP][PASSED] - if (y - top < 150 || bottom - y < 10): null

27-02-2025T17:21:35 - [TEST_STEP][PASSED] - elem.click(): null

27-02-2025T17:21:36 - [TEST_STEP][PASSED] - myValue = element.getAttribute("value"): null

27-02-2025T17:21:36 - [TEST_STEP][PASSED] - if (debug): null

27-02-2025T17:21:36 - [TEST_STEP][PASSED] - if (myValue.length() >= 4): null

27-02-2025T17:21:36 - [TEST_STEP][PASSED] - if (myValue.substring(0, 4) == "(!) "): null

27-02-2025T17:21:36 - [TEST_STEP][PASSED] - myValue = myValue.substring(4): null

27-02-2025T17:21:36 - [TEST_STEP][PASSED] - if (debug): null

27-02-2025T17:21:36 - [TEST_STEP][PASSED] - myType = element.getAttribute("type"): null

27-02-2025T17:21:36 - [TEST_STEP][PASSED] - if (myValue in varParms[i]): null

27-02-2025T17:21:36 - [TEST_STEP][PASSED] - else: null

27-02-2025T17:21:36 - [TEST_STEP][PASSED] - inList = false: null

27-02-2025T17:21:36 - [TEST_STEP][PASSED] - if (myType == "checkbox"): null

27-02-2025T17:21:36 - [TEST_STEP][PASSED] - myStatus = element.isSelected(): null

27-02-2025T17:21:36 - [TEST_STEP][PASSED] - if (debug): null

27-02-2025T17:21:36 - [TEST_STEP][PASSED] - if (toggle && myStatus && inList): null

27-02-2025T17:21:36 - [TEST_STEP][PASSED] - if (!(myStatus) && inList || myStatus && !(inList)): null

27-02-2025T17:21:36 - [TEST_STEP][PASSED] - frame.dispose(): null

27-02-2025T17:21:36 - [MESSAGE][PASSED] - Call Test Case 'Test Cases/_Functions/Click on Group Elements' successfully

27-02-2025T17:21:36 - [TEST_STEP][PASSED] - callTestCase(findTestCase("_Functions/Test External Links"), ["varPageLinks":pageLinks, "varObjectPath":"Object Repository/Education Candidate Profile/Tabs/Preferences/"], OPTIONAL): Call Test Case 'Test Cases/_Functions/Test External Links' successfully

27-02-2025T17:21:36 - [TEST_CASE][PASSED] - Test Cases/_Functions/Test External Links: Test Cases/_Functions/Test External Links

27-02-2025T17:21:36 - [TEST_STEP][PASSED] - if (fastPath): null

27-02-2025T17:21:36 - [TEST_STEP][PASSED] - outFile = outFile: null

27-02-2025T17:21:36 - [TEST_STEP][PASSED] - pageLinks = varPageLinks: null

27-02-2025T17:21:36 - [TEST_STEP][PASSED] - println(pageLinks): null

27-02-2025T17:21:36 - [TEST_STEP][PASSED] - objectPath = varObjectPath: null

27-02-2025T17:21:36 - [TEST_STEP][PASSED] - println(objectPath): null

27-02-2025T17:21:36 - [TEST_STEP][PASSED] - callingTab = varCallingTab: null

27-02-2025T17:21:36 - [TEST_STEP][PASSED] - println(callingTab): null

27-02-2025T17:21:36 - [TEST_STEP][PASSED] - driver = getWebDriver(): null

27-02-2025T17:21:36 - [TEST_STEP][PASSED] - for (def it : pageLinks): Delayed 1 second(s)

27-02-2025T17:21:36 - [TEST_STEP][PASSED] - myElement = "a_" + key: null

27-02-2025T17:21:36 - [TEST_STEP][PASSED] - myText = value: null

27-02-2025T17:21:36 - [TEST_STEP][PASSED] - object = objectPath + myElement: null

27-02-2025T17:21:36 - [TEST_STEP][PASSED] - println(object): null

27-02-2025T17:21:36 - [TEST_STEP][PASSED] - fromURL = getUrl(): Current window's url is: 'https://education.missionnext.org/profile?requestUri=/dashboard'

27-02-2025T17:21:36 - [MESSAGE][PASSED] - Current window's url is: 'https://education.missionnext.org/profile?requestUri=/dashboard'

27-02-2025T17:21:36 - [TEST_STEP][PASSED] - callTestCase(findTestCase("_Functions/Perform Action"), ["varAction":"click", "varObject":object], OPTIONAL): Call Test Case 'Test Cases/_Functions/Perform Action' successfully

27-02-2025T17:21:36 - [TEST_CASE][PASSED] - Test Cases/_Functions/Perform Action: Test Cases/_Functions/Perform Action

27-02-2025T17:21:36 - [TEST_STEP][PASSED] - action = varAction: null

27-02-2025T17:21:36 - [TEST_STEP][PASSED] - println(action): null

27-02-2025T17:21:36 - [TEST_STEP][PASSED] - testObject = varObject: null

27-02-2025T17:21:36 - [TEST_STEP][PASSED] - println(testObject): null

27-02-2025T17:21:36 - [TEST_STEP][PASSED] - parm1 = varParm1: null

27-02-2025T17:21:36 - [TEST_STEP][PASSED] - println(parm1): null

27-02-2025T17:21:36 - [TEST_STEP][PASSED] - println("Converting " + testObject + " to web element"): null

27-02-2025T17:21:36 - [TEST_STEP][PASSED] - element = findWebElement(findTestObject(testObject), 1): null

27-02-2025T17:21:36 - [TEST_STEP][PASSED] - loc = element.getLocation(): null

27-02-2025T17:21:36 - [TEST_STEP][PASSED] - y = loc.getY(): null

27-02-2025T17:21:36 - [TEST_STEP][PASSED] - println("Y location is " + y): null

27-02-2025T17:21:36 - [TEST_STEP][PASSED] - top = getViewportTopPosition(): Current viewport's top (y) position is 540

27-02-2025T17:21:36 - [MESSAGE][PASSED] - Current viewport's top (y) position is 540

27-02-2025T17:21:36 - [TEST_STEP][PASSED] - println("Viewport top is " + top): null

27-02-2025T17:21:36 - [TEST_STEP][PASSED] - bottom = top + 600: null

27-02-2025T17:21:36 - [TEST_STEP][PASSED] - if (y - top < 150 || bottom - y < 10): null

27-02-2025T17:21:36 - [TEST_STEP][PASSED] - if (action == "click"): Object: 'Object Repository/Education Candidate Profile/Tabs/Preferences/a_countries by region' is clicked on

27-02-2025T17:21:36 - [TEST_STEP][PASSED] - println("clicking"): null

27-02-2025T17:21:36 - [TEST_STEP][PASSED] - click(findTestObject(testObject)): Object: 'Object Repository/Education Candidate Profile/Tabs/Preferences/a_countries by region' is clicked on

27-02-2025T17:21:36 - [MESSAGE][PASSED] - Object: 'Object Repository/Education Candidate Profile/Tabs/Preferences/a_countries by region' is clicked on

27-02-2025T17:21:36 - [MESSAGE][PASSED] - Call Test Case 'Test Cases/_Functions/Perform Action' successfully

27-02-2025T17:21:36 - [TEST_STEP][PASSED] - toURL = getUrl(): Current window's url is: 'https://education.missionnext.org/profile?requestUri=/dashboard'

27-02-2025T17:21:36 - [MESSAGE][PASSED] - Current window's url is: 'https://education.missionnext.org/profile?requestUri=/dashboard'

27-02-2025T17:21:36 - [TEST_STEP][PASSED] - windowHandles = getWindowHandles().toArray(): null

27-02-2025T17:21:36 - [TEST_STEP][PASSED] - windowCount = windowHandles.size(): null

27-02-2025T17:21:36 - [TEST_STEP][PASSED] - if (windowCount == 2): Switched to window with index: '1'

27-02-2025T17:21:36 - [TEST_STEP][PASSED] - switchToWindowIndex(1): Switched to window with index: '1'

27-02-2025T17:21:36 - [MESSAGE][PASSED] - Switched to window with index: '1'

27-02-2025T17:21:36 - [TEST_STEP][PASSED] - if (windowCount == 1 && toURL == fromURL): null

27-02-2025T17:21:36 - [TEST_STEP][PASSED] - else: Text 'Countries by Region' is present on page 

27-02-2025T17:21:36 - [TEST_STEP][PASSED] - waitForPageLoad(10): Wait for page load successfully

27-02-2025T17:21:37 - [MESSAGE][PASSED] - Wait for page load successfully

27-02-2025T17:21:37 - [TEST_STEP][PASSED] - delay(2): Delayed 2 second(s)

27-02-2025T17:21:39 - [MESSAGE][PASSED] - Delayed 2 second(s)

27-02-2025T17:21:39 - [TEST_STEP][PASSED] - textFound = verifyTextPresent(myText, false, OPTIONAL): Text 'Countries by Region' is present on page 

27-02-2025T17:21:39 - [MESSAGE][PASSED] - Text 'Countries by Region' is present on page 

27-02-2025T17:21:39 - [TEST_STEP][PASSED] - if (textFound): null

27-02-2025T17:21:39 - [TEST_STEP][PASSED] - outText = "+++++ The text "" + myText + "" was found after clicking on the " + key + " link": null

27-02-2025T17:21:39 - [TEST_STEP][PASSED] - println(outText): null

27-02-2025T17:21:39 - [TEST_STEP][PASSED] - outFile.append(outText + "
"): null

27-02-2025T17:21:39 - [TEST_STEP][PASSED] - if (windowCount == 2): Delayed 1 second(s)

27-02-2025T17:21:39 - [TEST_STEP][PASSED] - closeWindowIndex(1): Window with index 1 is closed

27-02-2025T17:21:39 - [MESSAGE][PASSED] - Window with index 1 is closed

27-02-2025T17:21:39 - [TEST_STEP][PASSED] - delay(1): Delayed 1 second(s)

27-02-2025T17:21:40 - [MESSAGE][PASSED] - Delayed 1 second(s)

27-02-2025T17:21:40 - [TEST_STEP][PASSED] - switchToWindowIndex(0): Switched to window with index: '0'

27-02-2025T17:21:40 - [MESSAGE][PASSED] - Switched to window with index: '0'

27-02-2025T17:21:40 - [TEST_STEP][PASSED] - delay(1): Delayed 1 second(s)

27-02-2025T17:21:41 - [MESSAGE][PASSED] - Delayed 1 second(s)

27-02-2025T17:21:41 - [MESSAGE][PASSED] - Call Test Case 'Test Cases/_Functions/Test External Links' successfully

27-02-2025T17:21:41 - [TEST_STEP][PASSED] - object = "Education Candidate Profile/Tabs/Preferences/input_Submit": null

27-02-2025T17:21:41 - [TEST_STEP][PASSED] - callTestCase(findTestCase("_Functions/Perform Action"), ["varAction":"click", "varObject":object], STOP_ON_FAILURE): Call Test Case 'Test Cases/_Functions/Perform Action' successfully

27-02-2025T17:21:41 - [TEST_CASE][PASSED] - Test Cases/_Functions/Perform Action: Test Cases/_Functions/Perform Action

27-02-2025T17:21:41 - [TEST_STEP][PASSED] - action = varAction: null

27-02-2025T17:21:41 - [TEST_STEP][PASSED] - println(action): null

27-02-2025T17:21:41 - [TEST_STEP][PASSED] - testObject = varObject: null

27-02-2025T17:21:41 - [TEST_STEP][PASSED] - println(testObject): null

27-02-2025T17:21:41 - [TEST_STEP][PASSED] - parm1 = varParm1: null

27-02-2025T17:21:41 - [TEST_STEP][PASSED] - println(parm1): null

27-02-2025T17:21:41 - [TEST_STEP][PASSED] - println("Converting " + testObject + " to web element"): null

27-02-2025T17:21:41 - [TEST_STEP][PASSED] - element = findWebElement(findTestObject(testObject), 1): null

27-02-2025T17:21:41 - [TEST_STEP][PASSED] - loc = element.getLocation(): null

27-02-2025T17:21:41 - [TEST_STEP][PASSED] - y = loc.getY(): null

27-02-2025T17:21:41 - [TEST_STEP][PASSED] - println("Y location is " + y): null

27-02-2025T17:21:41 - [TEST_STEP][PASSED] - top = getViewportTopPosition(): Current viewport's top (y) position is 540

27-02-2025T17:21:41 - [MESSAGE][PASSED] - Current viewport's top (y) position is 540

27-02-2025T17:21:41 - [TEST_STEP][PASSED] - println("Viewport top is " + top): null

27-02-2025T17:21:41 - [TEST_STEP][PASSED] - bottom = top + 600: null

27-02-2025T17:21:41 - [TEST_STEP][PASSED] - if (y - top < 150 || bottom - y < 10): Delayed 1 second(s)

27-02-2025T17:21:41 - [TEST_STEP][PASSED] - scrollToPosition(0, y - 150): Browser is scrolled to position x = 0, y = 1040

27-02-2025T17:21:41 - [MESSAGE][PASSED] - Browser is scrolled to position x = 0, y = 1040

27-02-2025T17:21:41 - [TEST_STEP][PASSED] - delay(1): Delayed 1 second(s)

27-02-2025T17:21:42 - [MESSAGE][PASSED] - Delayed 1 second(s)

27-02-2025T17:21:42 - [TEST_STEP][PASSED] - if (action == "click"): Object: 'Object Repository/Education Candidate Profile/Tabs/Preferences/input_Submit' is clicked on

27-02-2025T17:21:42 - [TEST_STEP][PASSED] - println("clicking"): null

27-02-2025T17:21:42 - [TEST_STEP][PASSED] - click(findTestObject(testObject)): Object: 'Object Repository/Education Candidate Profile/Tabs/Preferences/input_Submit' is clicked on

27-02-2025T17:21:46 - [MESSAGE][PASSED] - Object: 'Object Repository/Education Candidate Profile/Tabs/Preferences/input_Submit' is clicked on

27-02-2025T17:21:46 - [MESSAGE][PASSED] - Call Test Case 'Test Cases/_Functions/Perform Action' successfully

27-02-2025T17:21:46 - [MESSAGE][PASSED] - Call Test Case 'Test Cases/Education Candidate Profile/Tabs/Set Preferences' successfully

27-02-2025T17:21:46 - [TEST_STEP][PASSED] - if (pages.size() == 0 || "All" in pages || "Options/Comment" in pages): Call Test Case 'Test Cases/Education Candidate Profile/Tabs/Set Options-Comment' successfully

27-02-2025T17:21:46 - [TEST_STEP][PASSED] - paid_volunteer = ["Position requires raising some support", "A salary provided; enough to live locally"]: null

27-02-2025T17:21:46 - [TEST_STEP][PASSED] - travel_options = ["Travel funding negotiated", "Some travel funds available", "Travel funds provided"]: null

27-02-2025T17:21:46 - [TEST_STEP][PASSED] - comments = "I really hope I can get a partially paid position": null

27-02-2025T17:21:46 - [TEST_STEP][PASSED] - callTestCase(findTestCase("Education Candidate Profile/Tabs/Set Options-Comment"), ["varPaid_volunteer":paid_volunteer, "varTravel_options":travel_options, "varComments":comments], STOP_ON_FAILURE): Call Test Case 'Test Cases/Education Candidate Profile/Tabs/Set Options-Comment' successfully

27-02-2025T17:21:46 - [TEST_CASE][PASSED] - Test Cases/Education Candidate Profile/Tabs/Set Options-Comment: Test Cases/Education Candidate Profile/Tabs/Set Options-Comment

27-02-2025T17:21:46 - [TEST_STEP][PASSED] - username = username: null

27-02-2025T17:21:46 - [TEST_STEP][PASSED] - if (username != "cktest04ec"): null

27-02-2025T17:21:46 - [TEST_STEP][PASSED] - testName = "Education Candidate Options-Comment Tab": null

27-02-2025T17:21:46 - [TEST_STEP][PASSED] - outFile = callTestCase(findTestCase("_Functions/Set Output File"), ["varTestName":testName], STOP_ON_FAILURE): Call Test Case 'Test Cases/_Functions/Set Output File' successfully

27-02-2025T17:21:46 - [TEST_CASE][PASSED] - Test Cases/_Functions/Set Output File: Test Cases/_Functions/Set Output File

27-02-2025T17:21:46 - [TEST_STEP][PASSED] - testName = varTestName: null

27-02-2025T17:21:46 - [TEST_STEP][PASSED] - domain = domain: null

27-02-2025T17:21:46 - [TEST_STEP][PASSED] - writeFile = false: null

27-02-2025T17:21:46 - [TEST_STEP][PASSED] - if (outFile != ""): null

27-02-2025T17:21:46 - [TEST_STEP][PASSED] - myFile = outFile: null

27-02-2025T17:21:46 - [TEST_STEP][PASSED] - println(myFile): null

27-02-2025T17:21:46 - [TEST_STEP][PASSED] - outFile = new java.io.File(myFile): null

27-02-2025T17:21:46 - [TEST_STEP][PASSED] - writeFile = true: null

27-02-2025T17:21:46 - [TEST_STEP][PASSED] - if (!(writeFile)): null

27-02-2025T17:21:46 - [TEST_STEP][PASSED] - else: null

27-02-2025T17:21:46 - [TEST_STEP][PASSED] - outFile.append("
Testing " + testName + " on " + domain + ".
"): null

27-02-2025T17:21:46 - [TEST_STEP][PASSED] - return outFile: null

27-02-2025T17:21:46 - [MESSAGE][PASSED] - Call Test Case 'Test Cases/_Functions/Set Output File' successfully

27-02-2025T17:21:46 - [TEST_STEP][PASSED] - parms = [varPaid_volunteer, varTravel_options]: null

27-02-2025T17:21:46 - [TEST_STEP][PASSED] - paid_volunteer = "//input[@id='profile_group-1450049204.702_financial_support']": null

27-02-2025T17:21:46 - [TEST_STEP][PASSED] - travel_option = "//input[@id='profile_group-1450049204.702_travel_support']": null

27-02-2025T17:21:46 - [TEST_STEP][PASSED] - xpaths = [paid_volunteer, travel_option]: null

27-02-2025T17:21:46 - [TEST_STEP][PASSED] - tooltipImagePath = "/Users/cckozie/git/MissionNext-Katalon-Koz/images/education candidate/": null

27-02-2025T17:21:46 - [TEST_STEP][PASSED] - testObjectFolder = "Education Candidate Profile/Tabs/Options-Comment/": null

27-02-2025T17:21:46 - [TEST_STEP][PASSED] - tooltips = ["dummy":"dummy", "Paid & Volunteer Positions":"img_Paid  Volunteer Positions_field-tooltip"]: null

27-02-2025T17:21:46 - [TEST_STEP][PASSED] - tooltipText = ["Paid & Volunteer Positions":"Check all situations you are willing to consider. (The self-support categories will display the most options.)"]: null

27-02-2025T17:21:46 - [TEST_STEP][PASSED] - requiredFieldMsgs = ["Paid & Volunteer Positions":"The financial support field is required.", "Travel Options":"The travel support field is required."]: null

27-02-2025T17:21:46 - [TEST_STEP][PASSED] - click(findTestObject("Object Repository/Education Candidate Profile/Tabs/a_Options-Comment")): Object: 'Object Repository/Education Candidate Profile/Tabs/a_Options-Comment' is clicked on

27-02-2025T17:21:46 - [MESSAGE][PASSED] - Object: 'Object Repository/Education Candidate Profile/Tabs/a_Options-Comment' is clicked on

27-02-2025T17:21:46 - [TEST_STEP][PASSED] - tooltipTextMap = callTestCase(findTestCase("_Functions/Get Screenshot and Tooltip Text"), ["varExtension":testName], STOP_ON_FAILURE): Call Test Case 'Test Cases/_Functions/Get Screenshot and Tooltip Text' successfully

27-02-2025T17:21:46 - [TEST_CASE][PASSED] - Test Cases/_Functions/Get Screenshot and Tooltip Text: Test Cases/_Functions/Get Screenshot and Tooltip Text

27-02-2025T17:21:46 - [TEST_STEP][PASSED] - if (fastPath): null

27-02-2025T17:21:46 - [TEST_STEP][PASSED] - frame = new javax.swing.JFrame(): null

27-02-2025T17:21:46 - [TEST_STEP][PASSED] - p = new javax.swing.JPanel(): null

27-02-2025T17:21:46 - [TEST_STEP][PASSED] - l = new javax.swing.JLabel(Getting screenshot and tooltip text..., javax.swing.SwingConstants.CENTER): null

27-02-2025T17:21:46 - [TEST_STEP][PASSED] - frame.add(l): null

27-02-2025T17:21:46 - [TEST_STEP][PASSED] - frame.setSize(300, 100): null

27-02-2025T17:21:46 - [TEST_STEP][PASSED] - frame.setLocation(600, 0): null

27-02-2025T17:21:46 - [TEST_STEP][PASSED] - frame.setAlwaysOnTop(true): null

27-02-2025T17:21:46 - [TEST_STEP][PASSED] - frame.show(): null

27-02-2025T17:21:46 - [TEST_STEP][PASSED] - driver = getWebDriver(): null

27-02-2025T17:21:46 - [TEST_STEP][PASSED] - path = "/Users/cckozie/Documents/MissionNext/Screenshots and Tooltip Text/": null

27-02-2025T17:21:46 - [TEST_STEP][PASSED] - if (binding.hasVariable("varExtension")): null

27-02-2025T17:21:46 - [TEST_STEP][PASSED] - extension = varExtension: null

27-02-2025T17:21:46 - [TEST_STEP][PASSED] - println("Extension is " + extension): null

27-02-2025T17:21:46 - [TEST_STEP][PASSED] - fileBase = path + extension: null

27-02-2025T17:21:46 - [TEST_STEP][PASSED] - fileImage = fileBase + "_Screenshot.png": null

27-02-2025T17:21:46 - [TEST_STEP][PASSED] - waitForPageLoad(30): Wait for page load successfully

27-02-2025T17:21:46 - [MESSAGE][PASSED] - Wait for page load successfully

27-02-2025T17:21:46 - [TEST_STEP][PASSED] - spinner = driver.findElement(By.xpath("/html/body/div[1]/div/div[2]")): null

27-02-2025T17:21:46 - [TEST_STEP][PASSED] - executor = driver: null

27-02-2025T17:21:46 - [TEST_STEP][PASSED] - elementAttributes = executor.executeScript("var items = {}; for (index = 0; index < arguments[0].attributes.length; ++index) { items[arguments[0].attributes[index].name] = arguments[0].attributes[index].value }; return items;", spinner): null

27-02-2025T17:21:46 - [TEST_STEP][PASSED] - attrs = elementAttributes.toString(): null

27-02-2025T17:21:46 - [TEST_STEP][PASSED] - waits = 0: null

27-02-2025T17:21:46 - [TEST_STEP][PASSED] - while (attrs.indexOf("display: none") < 0 && waits < 2): null

27-02-2025T17:21:46 - [TEST_STEP][PASSED] - delay(1): Delayed 1 second(s)

27-02-2025T17:21:47 - [MESSAGE][PASSED] - Delayed 1 second(s)

27-02-2025T17:21:47 - [TEST_STEP][PASSED] - attrs = elementAttributes.toString(): null

27-02-2025T17:21:47 - [TEST_STEP][PASSED] - (waits++): null

27-02-2025T17:21:47 - [TEST_STEP][PASSED] - delay(1): Delayed 1 second(s)

27-02-2025T17:21:48 - [MESSAGE][PASSED] - Delayed 1 second(s)

27-02-2025T17:21:48 - [TEST_STEP][PASSED] - attrs = elementAttributes.toString(): null

27-02-2025T17:21:48 - [TEST_STEP][PASSED] - (waits++): null

27-02-2025T17:21:48 - [TEST_STEP][PASSED] - tooltipMap = callTestCase(findTestCase("_Functions/Get Tooltip Text"), [:], STOP_ON_FAILURE): Call Test Case 'Test Cases/_Functions/Get Tooltip Text' successfully

27-02-2025T17:21:48 - [TEST_CASE][PASSED] - Test Cases/_Functions/Get Tooltip Text: Test Cases/_Functions/Get Tooltip Text

27-02-2025T17:21:48 - [TEST_STEP][PASSED] - fieldTooltips = [:]: null

27-02-2025T17:21:48 - [TEST_STEP][PASSED] - tooltipMap = [:]: null

27-02-2025T17:21:48 - [TEST_STEP][PASSED] - driver = getWebDriver(): null

27-02-2025T17:21:48 - [TEST_STEP][PASSED] - tooltips = driver.findElements(By.className("field-tooltip")): null

27-02-2025T17:21:48 - [TEST_STEP][PASSED] - for (def it : tooltips): null

27-02-2025T17:21:48 - [TEST_STEP][PASSED] - if (it.isDisplayed()): null

27-02-2025T17:21:48 - [TEST_STEP][PASSED] - if (it.isDisplayed()): null

27-02-2025T17:21:48 - [TEST_STEP][PASSED] - if (it.isDisplayed()): null

27-02-2025T17:21:48 - [TEST_STEP][PASSED] - if (it.isDisplayed()): null

27-02-2025T17:21:48 - [TEST_STEP][PASSED] - if (it.isDisplayed()): null

27-02-2025T17:21:48 - [TEST_STEP][PASSED] - if (it.isDisplayed()): null

27-02-2025T17:21:48 - [TEST_STEP][PASSED] - if (it.isDisplayed()): null

27-02-2025T17:21:48 - [TEST_STEP][PASSED] - if (it.isDisplayed()): null

27-02-2025T17:21:48 - [TEST_STEP][PASSED] - if (it.isDisplayed()): null

27-02-2025T17:21:48 - [TEST_STEP][PASSED] - if (it.isDisplayed()): null

27-02-2025T17:21:48 - [TEST_STEP][PASSED] - if (it.isDisplayed()): null

27-02-2025T17:21:48 - [TEST_STEP][PASSED] - if (it.isDisplayed()): null

27-02-2025T17:21:48 - [TEST_STEP][PASSED] - if (it.isDisplayed()): null

27-02-2025T17:21:48 - [TEST_STEP][PASSED] - if (it.isDisplayed()): null

27-02-2025T17:21:48 - [TEST_STEP][PASSED] - if (it.isDisplayed()): null

27-02-2025T17:21:48 - [TEST_STEP][PASSED] - ttText = it.getAttribute("data-original-title"): null

27-02-2025T17:21:48 - [TEST_STEP][PASSED] - ttLocation = it.getLocation(): null

27-02-2025T17:21:48 - [TEST_STEP][PASSED] - yLocation = ttLocation.getY(): null

27-02-2025T17:21:48 - [TEST_STEP][PASSED] - xLocation = ttLocation.getX(): null

27-02-2025T17:21:48 - [TEST_STEP][PASSED] - fieldTooltips.put(ttText, yLocation): null

27-02-2025T17:21:48 - [TEST_STEP][PASSED] - if (it.isDisplayed()): null

27-02-2025T17:21:48 - [TEST_STEP][PASSED] - if (it.isDisplayed()): null

27-02-2025T17:21:48 - [TEST_STEP][PASSED] - if (it.isDisplayed()): null

27-02-2025T17:21:48 - [TEST_STEP][PASSED] - if (it.isDisplayed()): null

27-02-2025T17:21:48 - [TEST_STEP][PASSED] - if (it.isDisplayed()): null

27-02-2025T17:21:48 - [TEST_STEP][PASSED] - if (fieldTooltips.size() > 0): null

27-02-2025T17:21:48 - [TEST_STEP][PASSED] - rightBorder = xLocation: null

27-02-2025T17:21:48 - [TEST_STEP][PASSED] - fieldLabels = [:]: null

27-02-2025T17:21:48 - [TEST_STEP][PASSED] - labels = driver.findElements(By.xpath("//label")): null

27-02-2025T17:21:48 - [TEST_STEP][PASSED] - labels.each({ -> ... }): null

27-02-2025T17:21:51 - [TEST_STEP][PASSED] - for (def label : fieldLabels): null

27-02-2025T17:21:51 - [TEST_STEP][PASSED] - y = value: null

27-02-2025T17:21:51 - [TEST_STEP][PASSED] - for (def tooltip : fieldTooltips): null

27-02-2025T17:21:51 - [TEST_STEP][PASSED] - if (value == y || value == y + 1 || value == y - 1): null

27-02-2025T17:21:51 - [TEST_STEP][PASSED] - y = value: null

27-02-2025T17:21:51 - [TEST_STEP][PASSED] - for (def tooltip : fieldTooltips): null

27-02-2025T17:21:51 - [TEST_STEP][PASSED] - if (value == y || value == y + 1 || value == y - 1): null

27-02-2025T17:21:51 - [TEST_STEP][PASSED] - tooltipMap.put(key, key): null

27-02-2025T17:21:51 - [TEST_STEP][PASSED] - break: null

27-02-2025T17:21:51 - [TEST_STEP][PASSED] - y = value: null

27-02-2025T17:21:51 - [TEST_STEP][PASSED] - for (def tooltip : fieldTooltips): null

27-02-2025T17:21:51 - [TEST_STEP][PASSED] - if (value == y || value == y + 1 || value == y - 1): null

27-02-2025T17:21:51 - [TEST_STEP][PASSED] - y = value: null

27-02-2025T17:21:51 - [TEST_STEP][PASSED] - for (def tooltip : fieldTooltips): null

27-02-2025T17:21:51 - [TEST_STEP][PASSED] - if (value == y || value == y + 1 || value == y - 1): null

27-02-2025T17:21:51 - [TEST_STEP][PASSED] - return tooltipMap: null

27-02-2025T17:21:51 - [MESSAGE][PASSED] - Call Test Case 'Test Cases/_Functions/Get Tooltip Text' successfully

27-02-2025T17:21:51 - [TEST_STEP][PASSED] - if (tooltipMap.size() > 0): null

27-02-2025T17:21:51 - [TEST_STEP][PASSED] - file = fileBase + "_Tooltips.csv": null

27-02-2025T17:21:51 - [TEST_STEP][PASSED] - outText = "FIELD LABEL" + "," + "TOOLTIP TEXT" + "

": null

27-02-2025T17:21:51 - [TEST_STEP][PASSED] - for (def it : tooltipMap): null

27-02-2025T17:21:51 - [TEST_STEP][PASSED] - name = key: null

27-02-2025T17:21:51 - [TEST_STEP][PASSED] - value = value.replace("
", ""): null

27-02-2025T17:21:51 - [TEST_STEP][PASSED] - value = value.trim(): null

27-02-2025T17:21:51 - [TEST_STEP][PASSED] - value = """ + value + """: null

27-02-2025T17:21:51 - [TEST_STEP][PASSED] - outText = outText + name + "," + value: null

27-02-2025T17:21:51 - [TEST_STEP][PASSED] - outText = outText + "
": null

27-02-2025T17:21:51 - [TEST_STEP][PASSED] - println(outText): null

27-02-2025T17:21:51 - [TEST_STEP][PASSED] - outFile = new java.io.File(file): null

27-02-2025T17:21:51 - [TEST_STEP][PASSED] - println(outText): null

27-02-2025T17:21:51 - [TEST_STEP][PASSED] - outFile.write(outText): null

27-02-2025T17:21:51 - [TEST_STEP][PASSED] - takeFullPageScreenshot(fileImage): Taking screenshot successfully

27-02-2025T17:21:51 - [MESSAGE][INFO] - 0 hidden object(s)

27-02-2025T17:21:51 - [MESSAGE][PASSED] - Taking screenshot successfully
[[ATTACHMENT|/Users/cckozie/Documents/MissionNext/Screenshots and Tooltip Text/Education Candidate Options-Comment Tab_Screenshot.png]]

27-02-2025T17:21:51 - [TEST_STEP][PASSED] - frame.dispose(): null

27-02-2025T17:21:51 - [TEST_STEP][PASSED] - return tooltipMap: null

27-02-2025T17:21:51 - [MESSAGE][PASSED] - Call Test Case 'Test Cases/_Functions/Get Screenshot and Tooltip Text' successfully

27-02-2025T17:21:51 - [TEST_STEP][PASSED] - callTestCase(findTestCase("_Functions/Test Tooltips"), ["varTooltipImagePath":tooltipImagePath, "varTooltips":tooltips, "varTooltipText":tooltipText, "varTestObjectFolder":testObjectFolder, ... ], STOP_ON_FAILURE): Call Test Case 'Test Cases/_Functions/Test Tooltips' successfully

27-02-2025T17:21:52 - [TEST_CASE][PASSED] - Test Cases/_Functions/Test Tooltips: Test Cases/_Functions/Test Tooltips

27-02-2025T17:21:52 - [TEST_STEP][PASSED] - if (fastPath): null

27-02-2025T17:21:52 - [TEST_STEP][PASSED] - tooltipImagePath = varTooltipImagePath: null

27-02-2025T17:21:52 - [TEST_STEP][PASSED] - tooltips = varTooltips: null

27-02-2025T17:21:52 - [TEST_STEP][PASSED] - tooltipText = varTooltipText: null

27-02-2025T17:21:52 - [TEST_STEP][PASSED] - testObjectFolder = varTestObjectFolder: null

27-02-2025T17:21:52 - [TEST_STEP][PASSED] - tooltipTextMap = varTooltipTextMap: null

27-02-2025T17:21:52 - [TEST_STEP][PASSED] - writeFile = false: null

27-02-2025T17:21:52 - [TEST_STEP][PASSED] - if (outFile != ""): null

27-02-2025T17:21:52 - [TEST_STEP][PASSED] - myFile = outFile: null

27-02-2025T17:21:52 - [TEST_STEP][PASSED] - println(myFile): null

27-02-2025T17:21:52 - [TEST_STEP][PASSED] - outFile = new java.io.File(myFile): null

27-02-2025T17:21:52 - [TEST_STEP][PASSED] - writeFile = true: null

27-02-2025T17:21:52 - [TEST_STEP][PASSED] - driver = getWebDriver(): null

27-02-2025T17:21:52 - [TEST_STEP][PASSED] - action = new org.openqa.selenium.interactions.Actions(driver): null

27-02-2025T17:21:52 - [TEST_STEP][PASSED] - s = new org.sikuli.script.Screen(): null

27-02-2025T17:21:52 - [TEST_STEP][PASSED] - outText = "Verifying the tooltips can be displayed.
": null

27-02-2025T17:21:52 - [TEST_STEP][PASSED] - outFile.append(outText): null

27-02-2025T17:21:52 - [TEST_STEP][PASSED] - first = true: null

27-02-2025T17:21:52 - [TEST_STEP][PASSED] - for (def it : tooltips): null

27-02-2025T17:21:52 - [TEST_STEP][PASSED] - myKey = key: null

27-02-2025T17:21:52 - [TEST_STEP][PASSED] - myValue = value: null

27-02-2025T17:21:52 - [TEST_STEP][PASSED] - println("myKey is " + myKey): null

27-02-2025T17:21:52 - [TEST_STEP][PASSED] - println("myValue is " + myValue): null

27-02-2025T17:21:52 - [TEST_STEP][PASSED] - if (myKey != "dummy"): null

27-02-2025T17:21:52 - [TEST_STEP][PASSED] - else: null

27-02-2025T17:21:52 - [TEST_STEP][PASSED] - myImage = "/Users/cckozie/git/MissionNext-Katalon-Koz/images/dummy.png": null

27-02-2025T17:21:52 - [TEST_STEP][PASSED] - f = new java.io.File(myImage): null

27-02-2025T17:21:52 - [TEST_STEP][PASSED] - if (f.exists()): null

27-02-2025T17:21:52 - [TEST_STEP][PASSED] - println("Looking for " + myImage): null

27-02-2025T17:21:52 - [TEST_STEP][PASSED] - icn = Pattern(myImage).similar(0.10): null

27-02-2025T17:21:52 - [TEST_STEP][PASSED] - found = s.exists(icn): null

27-02-2025T17:21:55 - [TEST_STEP][PASSED] - println(found): null

27-02-2025T17:21:55 - [TEST_STEP][PASSED] - if (found != null): null

27-02-2025T17:21:55 - [TEST_STEP][PASSED] - else: null

27-02-2025T17:21:55 - [TEST_STEP][PASSED] - if (myKey != "dummy"): null

27-02-2025T17:21:55 - [TEST_STEP][PASSED] - myKey = key: null

27-02-2025T17:21:55 - [TEST_STEP][PASSED] - myValue = value: null

27-02-2025T17:21:55 - [TEST_STEP][PASSED] - println("myKey is " + myKey): null

27-02-2025T17:21:55 - [TEST_STEP][PASSED] - println("myValue is " + myValue): null

27-02-2025T17:21:55 - [TEST_STEP][PASSED] - if (myKey != "dummy"): null

27-02-2025T17:21:55 - [TEST_STEP][PASSED] - tObj = testObjectFolder + myValue: null

27-02-2025T17:21:55 - [TEST_STEP][PASSED] - click(tObj): null

27-02-2025T17:21:55 - [TEST_STEP][PASSED] - scrollToObject(object): null

27-02-2025T17:21:55 - [TEST_STEP][PASSED] - println("Converting " + object + " to web element"): null

27-02-2025T17:21:55 - [TEST_STEP][PASSED] - element = findWebElement(findTestObject(object), 1): null

27-02-2025T17:21:55 - [TEST_STEP][PASSED] - loc = element.getLocation(): null

27-02-2025T17:21:55 - [TEST_STEP][PASSED] - x = loc.getX(): null

27-02-2025T17:21:55 - [TEST_STEP][PASSED] - if (x >= 560): null

27-02-2025T17:21:55 - [TEST_STEP][PASSED] - y = loc.getY(): null

27-02-2025T17:21:55 - [TEST_STEP][PASSED] - println("Y location is " + y): null

27-02-2025T17:21:55 - [TEST_STEP][PASSED] - top = getViewportTopPosition(): Current viewport's top (y) position is 44

27-02-2025T17:21:55 - [MESSAGE][PASSED] - Current viewport's top (y) position is 44

27-02-2025T17:21:55 - [TEST_STEP][PASSED] - println("Viewport top is " + top): null

27-02-2025T17:21:55 - [TEST_STEP][PASSED] - bottom = top + 600: null

27-02-2025T17:21:55 - [TEST_STEP][PASSED] - if (y - top < 150 || bottom - y < 10): null

27-02-2025T17:21:55 - [TEST_STEP][PASSED] - click(findTestObject(object)): null

27-02-2025T17:21:55 - [MESSAGE][PASSED] - Object: 'Object Repository/Education Candidate Profile/Tabs/Options-Comment/img_Paid  Volunteer Positions_field-tooltip' is clicked on

27-02-2025T17:21:55 - [TEST_STEP][PASSED] - delay(1): Delayed 1 second(s)

27-02-2025T17:21:56 - [MESSAGE][PASSED] - Delayed 1 second(s)

27-02-2025T17:21:56 - [TEST_STEP][PASSED] - myImage = tooltipImagePath + myKey + ".png": null

27-02-2025T17:21:56 - [TEST_STEP][PASSED] - f = new java.io.File(myImage): null

27-02-2025T17:21:56 - [TEST_STEP][PASSED] - if (f.exists()): null

27-02-2025T17:21:56 - [TEST_STEP][PASSED] - println("Looking for " + myImage): null

27-02-2025T17:21:56 - [TEST_STEP][PASSED] - icn = Pattern(myImage).similar(0.10): null

27-02-2025T17:21:56 - [TEST_STEP][PASSED] - found = s.exists(icn): null

27-02-2025T17:21:56 - [TEST_STEP][PASSED] - println(found): null

27-02-2025T17:21:56 - [TEST_STEP][PASSED] - if (found != null): null

27-02-2025T17:21:56 - [TEST_STEP][PASSED] - foundStr = found.toString(): null

27-02-2025T17:21:56 - [TEST_STEP][PASSED] - matchP = foundStr.indexOf("%"): null

27-02-2025T17:21:56 - [TEST_STEP][PASSED] - if (matchP >= 0): null

27-02-2025T17:21:56 - [TEST_STEP][PASSED] - println(matchP): null

27-02-2025T17:21:56 - [TEST_STEP][PASSED] - pct = foundStr.substring(matchP + 1, matchP + 6): null

27-02-2025T17:21:56 - [TEST_STEP][PASSED] - pctF = pct.toFloat(): null

27-02-2025T17:21:56 - [TEST_STEP][PASSED] - outText = "+++ Tooltip match value for " + myKey + " is " + pctF + "%": null

27-02-2025T17:21:56 - [TEST_STEP][PASSED] - min = 80: null

27-02-2025T17:21:56 - [TEST_STEP][PASSED] - if (pctF.toFloat() < min.toFloat()): null

27-02-2025T17:21:56 - [TEST_STEP][PASSED] - if (myKey != "dummy"): null

27-02-2025T17:21:56 - [TEST_STEP][PASSED] - println(outText): null

27-02-2025T17:21:56 - [TEST_STEP][PASSED] - outFile.append(outText + "
"): null

27-02-2025T17:21:56 - [TEST_STEP][PASSED] - outText = "Verifying the tooltip text on the page is what was expected.
": null

27-02-2025T17:21:56 - [TEST_STEP][PASSED] - println(tooltipTextMap): null

27-02-2025T17:21:56 - [TEST_STEP][PASSED] - outFile.append(outText): null

27-02-2025T17:21:56 - [TEST_STEP][PASSED] - for (def it : tooltipText): null

27-02-2025T17:21:56 - [TEST_STEP][PASSED] - println(it): null

27-02-2025T17:21:56 - [TEST_STEP][PASSED] - myKey = key: null

27-02-2025T17:21:56 - [TEST_STEP][PASSED] - myText = value.replace(""", ""): null

27-02-2025T17:21:56 - [TEST_STEP][PASSED] - myText = myText.trim(): null

27-02-2025T17:21:56 - [TEST_STEP][PASSED] - println(myKey): null

27-02-2025T17:21:56 - [TEST_STEP][PASSED] - println(myText): null

27-02-2025T17:21:56 - [TEST_STEP][PASSED] - println(tooltipTextMap.get(myKey)): null

27-02-2025T17:21:56 - [TEST_STEP][PASSED] - actualText = get(myKey).replace(""", ""): null

27-02-2025T17:21:56 - [TEST_STEP][PASSED] - actualText = actualText.trim(): null

27-02-2025T17:21:56 - [TEST_STEP][PASSED] - println(myKey + ":" + actualText): null

27-02-2025T17:21:56 - [TEST_STEP][PASSED] - if (actualText != myText): null

27-02-2025T17:21:56 - [MESSAGE][PASSED] - Call Test Case 'Test Cases/_Functions/Test Tooltips' successfully

27-02-2025T17:21:56 - [TEST_STEP][PASSED] - outText = "Verifying the required field messages.
": null

27-02-2025T17:21:56 - [TEST_STEP][PASSED] - outFile.append(outText): null

27-02-2025T17:21:56 - [TEST_STEP][PASSED] - fieldList = []: null

27-02-2025T17:21:56 - [TEST_STEP][PASSED] - requiredFieldMsgs.each({ -> ... }): null

27-02-2025T17:21:56 - [TEST_STEP][PASSED] - callTestCase(findTestCase("_Functions/Test Field Error Messages"), ["varFieldList":fieldList, "varRequiredFieldMsgs":requiredFieldMsgs], STOP_ON_FAILURE): Call Test Case 'Test Cases/_Functions/Test Field Error Messages' successfully

27-02-2025T17:21:56 - [TEST_CASE][PASSED] - Test Cases/_Functions/Test Field Error Messages: Test Cases/_Functions/Test Field Error Messages

27-02-2025T17:21:56 - [TEST_STEP][PASSED] - count = callTestCase(findTestCase("_Functions/Find error messages"), ["varFunction":"count"], STOP_ON_FAILURE): Call Test Case 'Test Cases/_Functions/Find error messages' successfully

27-02-2025T17:21:56 - [TEST_CASE][PASSED] - Test Cases/_Functions/Find error messages: Test Cases/_Functions/Find error messages

27-02-2025T17:21:56 - [TEST_STEP][PASSED] - function = "count": null

27-02-2025T17:21:56 - [TEST_STEP][PASSED] - if (binding.hasVariable("varFunction")): null

27-02-2025T17:21:56 - [TEST_STEP][PASSED] - function = varFunction: null

27-02-2025T17:21:56 - [TEST_STEP][PASSED] - title = getWindowTitle(): Current window's title is: 'Education'

27-02-2025T17:21:56 - [MESSAGE][PASSED] - Current window's title is: 'Education'

27-02-2025T17:21:56 - [TEST_STEP][PASSED] - println("Page title is " + title): null

27-02-2025T17:21:56 - [TEST_STEP][PASSED] - driver = getWebDriver(): null

27-02-2025T17:21:56 - [TEST_STEP][PASSED] - elements = driver.findElements(By.xpath("//div[@class='col-sm-offset-3 col-sm-9 text-danger']")): null

27-02-2025T17:21:56 - [TEST_STEP][PASSED] - if (function == "count"): null

27-02-2025T17:21:56 - [TEST_STEP][PASSED] - return elements.size(): null

27-02-2025T17:21:56 - [MESSAGE][PASSED] - Call Test Case 'Test Cases/_Functions/Find error messages' successfully

27-02-2025T17:21:56 - [TEST_STEP][PASSED] - outFile = outFile: null

27-02-2025T17:21:56 - [TEST_STEP][PASSED] - if (count == 0): null

27-02-2025T17:21:56 - [TEST_STEP][PASSED] - else: Delayed 0 second(s)

27-02-2025T17:21:56 - [TEST_STEP][PASSED] - fieldList = varFieldList: null

27-02-2025T17:21:56 - [TEST_STEP][PASSED] - requiredFieldMsgs = varRequiredFieldMsgs: null

27-02-2025T17:21:56 - [TEST_STEP][PASSED] - outText = "Verifying error messages for fields " + fieldList: null

27-02-2025T17:21:56 - [TEST_STEP][PASSED] - for (def field : fieldList): null

27-02-2025T17:21:56 - [TEST_STEP][PASSED] - errorMsg = requiredFieldMsgs.get(field): null

27-02-2025T17:21:56 - [TEST_STEP][PASSED] - msg = verifyTextPresent(errorMsg, false, OPTIONAL): Text 'The financial support field is required.' is present on page 

27-02-2025T17:21:56 - [MESSAGE][PASSED] - Text 'The financial support field is required.' is present on page 

27-02-2025T17:21:56 - [TEST_STEP][PASSED] - println(field + ":" + msg): null

27-02-2025T17:21:56 - [TEST_STEP][PASSED] - if (!(msg)): null

27-02-2025T17:21:56 - [TEST_STEP][PASSED] - errorMsg = requiredFieldMsgs.get(field): null

27-02-2025T17:21:56 - [TEST_STEP][PASSED] - msg = verifyTextPresent(errorMsg, false, OPTIONAL): Text 'The travel support field is required.' is present on page 

27-02-2025T17:21:56 - [MESSAGE][PASSED] - Text 'The travel support field is required.' is present on page 

27-02-2025T17:21:56 - [TEST_STEP][PASSED] - println(field + ":" + msg): null

27-02-2025T17:21:56 - [TEST_STEP][PASSED] - if (!(msg)): null

27-02-2025T17:21:56 - [TEST_STEP][PASSED] - delay(fieldTestDelay): Delayed 0 second(s)

27-02-2025T17:21:56 - [MESSAGE][PASSED] - Delayed 0 second(s)

27-02-2025T17:21:56 - [MESSAGE][PASSED] - Call Test Case 'Test Cases/_Functions/Test Field Error Messages' successfully

27-02-2025T17:21:56 - [TEST_STEP][PASSED] - if (varComments != null): Call Test Case 'Test Cases/_Functions/Perform Action' successfully

27-02-2025T17:21:56 - [TEST_STEP][PASSED] - object = "Object Repository/Education Candidate Profile/Tabs/Options-Comment/textarea_Educator Comments": null

27-02-2025T17:21:56 - [TEST_STEP][PASSED] - callTestCase(findTestCase("_Functions/Perform Action"), ["varAction":"setText", "varObject":object, "varParm1":varComments], STOP_ON_FAILURE): Call Test Case 'Test Cases/_Functions/Perform Action' successfully

27-02-2025T17:21:56 - [TEST_CASE][PASSED] - Test Cases/_Functions/Perform Action: Test Cases/_Functions/Perform Action

27-02-2025T17:21:56 - [TEST_STEP][PASSED] - action = varAction: null

27-02-2025T17:21:56 - [TEST_STEP][PASSED] - println(action): null

27-02-2025T17:21:56 - [TEST_STEP][PASSED] - testObject = varObject: null

27-02-2025T17:21:56 - [TEST_STEP][PASSED] - println(testObject): null

27-02-2025T17:21:56 - [TEST_STEP][PASSED] - parm1 = varParm1: null

27-02-2025T17:21:56 - [TEST_STEP][PASSED] - println(parm1): null

27-02-2025T17:21:56 - [TEST_STEP][PASSED] - println("Converting " + testObject + " to web element"): null

27-02-2025T17:21:56 - [TEST_STEP][PASSED] - element = findWebElement(findTestObject(testObject), 1): null

27-02-2025T17:21:56 - [TEST_STEP][PASSED] - loc = element.getLocation(): null

27-02-2025T17:21:56 - [TEST_STEP][PASSED] - y = loc.getY(): null

27-02-2025T17:21:56 - [TEST_STEP][PASSED] - println("Y location is " + y): null

27-02-2025T17:21:56 - [TEST_STEP][PASSED] - top = getViewportTopPosition(): Current viewport's top (y) position is 44

27-02-2025T17:21:56 - [MESSAGE][PASSED] - Current viewport's top (y) position is 44

27-02-2025T17:21:56 - [TEST_STEP][PASSED] - println("Viewport top is " + top): null

27-02-2025T17:21:56 - [TEST_STEP][PASSED] - bottom = top + 600: null

27-02-2025T17:21:56 - [TEST_STEP][PASSED] - if (y - top < 150 || bottom - y < 10): Delayed 1 second(s)

27-02-2025T17:21:56 - [TEST_STEP][PASSED] - scrollToPosition(0, y - 150): Browser is scrolled to position x = 0, y = 507

27-02-2025T17:21:56 - [MESSAGE][PASSED] - Browser is scrolled to position x = 0, y = 507

27-02-2025T17:21:56 - [TEST_STEP][PASSED] - delay(1): Delayed 1 second(s)

27-02-2025T17:21:57 - [MESSAGE][PASSED] - Delayed 1 second(s)

27-02-2025T17:21:57 - [TEST_STEP][PASSED] - if (action == "click"): null

27-02-2025T17:21:57 - [TEST_STEP][PASSED] - else if (action == "selectOptionByValue"): null

27-02-2025T17:21:57 - [TEST_STEP][PASSED] - else if (action == "setText"): Text 'I really hope I can get a partially paid position' is set on object 'Object Repository/Education Candidate Profile/Tabs/Options-Comment/textarea_Educator Comments'

27-02-2025T17:21:57 - [TEST_STEP][PASSED] - println("Setting text " + parm1): null

27-02-2025T17:21:57 - [TEST_STEP][PASSED] - setText(findTestObject(testObject), parm1): Text 'I really hope I can get a partially paid position' is set on object 'Object Repository/Education Candidate Profile/Tabs/Options-Comment/textarea_Educator Comments'

27-02-2025T17:21:57 - [MESSAGE][PASSED] - Text 'I really hope I can get a partially paid position' is set on object 'Object Repository/Education Candidate Profile/Tabs/Options-Comment/textarea_Educator Comments'

27-02-2025T17:21:57 - [MESSAGE][PASSED] - Call Test Case 'Test Cases/_Functions/Perform Action' successfully

27-02-2025T17:21:57 - [TEST_STEP][PASSED] - callTestCase(findTestCase("_Functions/Click on Group Elements"), ["varXpaths":xpaths, "varParms":parms], STOP_ON_FAILURE): Call Test Case 'Test Cases/_Functions/Click on Group Elements' successfully

27-02-2025T17:21:57 - [TEST_CASE][PASSED] - Test Cases/_Functions/Click on Group Elements: Test Cases/_Functions/Click on Group Elements

27-02-2025T17:21:57 - [TEST_STEP][PASSED] - debug = false: null

27-02-2025T17:21:57 - [TEST_STEP][PASSED] - toggle = true: null

27-02-2025T17:21:57 - [TEST_STEP][PASSED] - frame = new javax.swing.JFrame(): null

27-02-2025T17:21:57 - [TEST_STEP][PASSED] - p = new javax.swing.JPanel(): null

27-02-2025T17:21:57 - [TEST_STEP][PASSED] - l = new javax.swing.JLabel(Making user selections..., javax.swing.SwingConstants.CENTER): null

27-02-2025T17:21:57 - [TEST_STEP][PASSED] - frame.add(l): null

27-02-2025T17:21:57 - [TEST_STEP][PASSED] - frame.setSize(300, 100): null

27-02-2025T17:21:57 - [TEST_STEP][PASSED] - frame.setLocation(600, 0): null

27-02-2025T17:21:57 - [TEST_STEP][PASSED] - frame.setAlwaysOnTop(true): null

27-02-2025T17:21:57 - [TEST_STEP][PASSED] - frame.show(): null

27-02-2025T17:21:57 - [TEST_STEP][PASSED] - driver = getWebDriver(): null

27-02-2025T17:21:57 - [TEST_STEP][PASSED] - println(varParms): null

27-02-2025T17:21:57 - [TEST_STEP][PASSED] - for ([i = 0, i < varXpaths.size(), (i++)]): null

27-02-2025T17:21:57 - [TEST_STEP][PASSED] - if (debug): null

27-02-2025T17:21:57 - [TEST_STEP][PASSED] - if (varParms[i].indexOf("Europe") >= 0): null

27-02-2025T17:21:57 - [TEST_STEP][PASSED] - elements = driver.findElements(By.xpath(varXpaths[i])): null

27-02-2025T17:21:57 - [TEST_STEP][PASSED] - element_count = elements.size(): null

27-02-2025T17:21:57 - [TEST_STEP][PASSED] - for (def element : elements): null

27-02-2025T17:21:57 - [TEST_STEP][PASSED] - myValue = element.getAttribute("value"): null

27-02-2025T17:21:57 - [TEST_STEP][PASSED] - if (debug): null

27-02-2025T17:21:57 - [TEST_STEP][PASSED] - if (myValue.length() >= 4): null

27-02-2025T17:21:57 - [TEST_STEP][PASSED] - if (myValue.substring(0, 4) == "(!) "): null

27-02-2025T17:21:57 - [TEST_STEP][PASSED] - myValue = myValue.substring(4): null

27-02-2025T17:21:57 - [TEST_STEP][PASSED] - if (debug): null

27-02-2025T17:21:57 - [TEST_STEP][PASSED] - myType = element.getAttribute("type"): null

27-02-2025T17:21:57 - [TEST_STEP][PASSED] - if (myValue in varParms[i]): null

27-02-2025T17:21:57 - [TEST_STEP][PASSED] - else: null

27-02-2025T17:21:57 - [TEST_STEP][PASSED] - inList = false: null

27-02-2025T17:21:57 - [TEST_STEP][PASSED] - if (myType == "checkbox"): null

27-02-2025T17:21:57 - [TEST_STEP][PASSED] - myStatus = element.isSelected(): null

27-02-2025T17:21:57 - [TEST_STEP][PASSED] - if (debug): null

27-02-2025T17:21:57 - [TEST_STEP][PASSED] - if (toggle && myStatus && inList): null

27-02-2025T17:21:57 - [TEST_STEP][PASSED] - if (!(myStatus) && inList || myStatus && !(inList)): null

27-02-2025T17:21:57 - [TEST_STEP][PASSED] - myValue = element.getAttribute("value"): null

27-02-2025T17:21:57 - [TEST_STEP][PASSED] - if (debug): null

27-02-2025T17:21:57 - [TEST_STEP][PASSED] - if (myValue.length() >= 4): null

27-02-2025T17:21:57 - [TEST_STEP][PASSED] - if (myValue.substring(0, 4) == "(!) "): null

27-02-2025T17:21:57 - [TEST_STEP][PASSED] - myType = element.getAttribute("type"): null

27-02-2025T17:21:57 - [TEST_STEP][PASSED] - if (myValue in varParms[i]): null

27-02-2025T17:21:57 - [TEST_STEP][PASSED] - else: null

27-02-2025T17:21:57 - [TEST_STEP][PASSED] - inList = false: null

27-02-2025T17:21:57 - [TEST_STEP][PASSED] - if (myType == "checkbox"): null

27-02-2025T17:21:57 - [TEST_STEP][PASSED] - myStatus = element.isSelected(): null

27-02-2025T17:21:57 - [TEST_STEP][PASSED] - if (debug): null

27-02-2025T17:21:57 - [TEST_STEP][PASSED] - if (toggle && myStatus && inList): null

27-02-2025T17:21:57 - [TEST_STEP][PASSED] - if (!(myStatus) && inList || myStatus && !(inList)): null

27-02-2025T17:21:57 - [TEST_STEP][PASSED] - myValue = element.getAttribute("value"): null

27-02-2025T17:21:57 - [TEST_STEP][PASSED] - if (debug): null

27-02-2025T17:21:57 - [TEST_STEP][PASSED] - if (myValue.length() >= 4): null

27-02-2025T17:21:57 - [TEST_STEP][PASSED] - if (myValue.substring(0, 4) == "(!) "): null

27-02-2025T17:21:57 - [TEST_STEP][PASSED] - myType = element.getAttribute("type"): null

27-02-2025T17:21:57 - [TEST_STEP][PASSED] - if (myValue in varParms[i]): null

27-02-2025T17:21:57 - [TEST_STEP][PASSED] - else: null

27-02-2025T17:21:57 - [TEST_STEP][PASSED] - inList = false: null

27-02-2025T17:21:57 - [TEST_STEP][PASSED] - if (myType == "checkbox"): null

27-02-2025T17:21:57 - [TEST_STEP][PASSED] - myStatus = element.isSelected(): null

27-02-2025T17:21:57 - [TEST_STEP][PASSED] - if (debug): null

27-02-2025T17:21:57 - [TEST_STEP][PASSED] - if (toggle && myStatus && inList): null

27-02-2025T17:21:57 - [TEST_STEP][PASSED] - if (!(myStatus) && inList || myStatus && !(inList)): null

27-02-2025T17:21:57 - [TEST_STEP][PASSED] - myValue = element.getAttribute("value"): null

27-02-2025T17:21:57 - [TEST_STEP][PASSED] - if (debug): null

27-02-2025T17:21:57 - [TEST_STEP][PASSED] - if (myValue.length() >= 4): null

27-02-2025T17:21:57 - [TEST_STEP][PASSED] - if (myValue.substring(0, 4) == "(!) "): null

27-02-2025T17:21:57 - [TEST_STEP][PASSED] - myType = element.getAttribute("type"): null

27-02-2025T17:21:57 - [TEST_STEP][PASSED] - if (myValue in varParms[i]): null

27-02-2025T17:21:57 - [TEST_STEP][PASSED] - inList = true: null

27-02-2025T17:21:57 - [TEST_STEP][PASSED] - if (myType == "checkbox"): null

27-02-2025T17:21:57 - [TEST_STEP][PASSED] - myStatus = element.isSelected(): null

27-02-2025T17:21:57 - [TEST_STEP][PASSED] - if (debug): null

27-02-2025T17:21:57 - [TEST_STEP][PASSED] - if (toggle && myStatus && inList): null

27-02-2025T17:21:57 - [TEST_STEP][PASSED] - if (!(myStatus) && inList || myStatus && !(inList)): null

27-02-2025T17:21:57 - [TEST_STEP][PASSED] - if (debug): null

27-02-2025T17:21:57 - [TEST_STEP][PASSED] - println("Clicking " + myValue): null

27-02-2025T17:21:57 - [TEST_STEP][PASSED] - click(element): null

27-02-2025T17:21:57 - [TEST_STEP][PASSED] - scrollToObject(elem): null

27-02-2025T17:21:57 - [TEST_STEP][PASSED] - loc = element.getLocation(): null

27-02-2025T17:21:57 - [TEST_STEP][PASSED] - if (debug): null

27-02-2025T17:21:57 - [TEST_STEP][PASSED] - y = loc.getY(): null

27-02-2025T17:21:57 - [TEST_STEP][PASSED] - println("Y location is " + y): null

27-02-2025T17:21:57 - [TEST_STEP][PASSED] - top = getViewportTopPosition(): Current viewport's top (y) position is 438

27-02-2025T17:21:57 - [MESSAGE][PASSED] - Current viewport's top (y) position is 438

27-02-2025T17:21:57 - [TEST_STEP][PASSED] - println("Viewport top is " + top): null

27-02-2025T17:21:57 - [TEST_STEP][PASSED] - bottom = top + 600: null

27-02-2025T17:21:57 - [TEST_STEP][PASSED] - if (y - top < 150 || bottom - y < 10): Delayed 1 second(s)

27-02-2025T17:21:57 - [TEST_STEP][PASSED] - scrollToPosition(0, y - 150): Browser is scrolled to position x = 0, y = 321

27-02-2025T17:21:57 - [MESSAGE][PASSED] - Browser is scrolled to position x = 0, y = 321

27-02-2025T17:21:57 - [TEST_STEP][PASSED] - delay(1): Delayed 1 second(s)

27-02-2025T17:21:58 - [MESSAGE][PASSED] - Delayed 1 second(s)

27-02-2025T17:21:58 - [TEST_STEP][PASSED] - elem.click(): null

27-02-2025T17:21:58 - [TEST_STEP][PASSED] - myValue = element.getAttribute("value"): null

27-02-2025T17:21:58 - [TEST_STEP][PASSED] - if (debug): null

27-02-2025T17:21:58 - [TEST_STEP][PASSED] - if (myValue.length() >= 4): null

27-02-2025T17:21:58 - [TEST_STEP][PASSED] - if (myValue.substring(0, 4) == "(!) "): null

27-02-2025T17:21:58 - [TEST_STEP][PASSED] - myType = element.getAttribute("type"): null

27-02-2025T17:21:58 - [TEST_STEP][PASSED] - if (myValue in varParms[i]): null

27-02-2025T17:21:58 - [TEST_STEP][PASSED] - inList = true: null

27-02-2025T17:21:58 - [TEST_STEP][PASSED] - if (myType == "checkbox"): null

27-02-2025T17:21:58 - [TEST_STEP][PASSED] - myStatus = element.isSelected(): null

27-02-2025T17:21:58 - [TEST_STEP][PASSED] - if (debug): null

27-02-2025T17:21:58 - [TEST_STEP][PASSED] - if (toggle && myStatus && inList): null

27-02-2025T17:21:58 - [TEST_STEP][PASSED] - if (!(myStatus) && inList || myStatus && !(inList)): null

27-02-2025T17:21:58 - [TEST_STEP][PASSED] - if (debug): null

27-02-2025T17:21:58 - [TEST_STEP][PASSED] - println("Clicking " + myValue): null

27-02-2025T17:21:58 - [TEST_STEP][PASSED] - click(element): null

27-02-2025T17:21:58 - [TEST_STEP][PASSED] - scrollToObject(elem): null

27-02-2025T17:21:58 - [TEST_STEP][PASSED] - loc = element.getLocation(): null

27-02-2025T17:21:58 - [TEST_STEP][PASSED] - if (debug): null

27-02-2025T17:21:58 - [TEST_STEP][PASSED] - y = loc.getY(): null

27-02-2025T17:21:58 - [TEST_STEP][PASSED] - println("Y location is " + y): null

27-02-2025T17:21:58 - [TEST_STEP][PASSED] - top = getViewportTopPosition(): Current viewport's top (y) position is 321

27-02-2025T17:21:58 - [MESSAGE][PASSED] - Current viewport's top (y) position is 321

27-02-2025T17:21:58 - [TEST_STEP][PASSED] - println("Viewport top is " + top): null

27-02-2025T17:21:58 - [TEST_STEP][PASSED] - bottom = top + 600: null

27-02-2025T17:21:58 - [TEST_STEP][PASSED] - if (y - top < 150 || bottom - y < 10): Delayed 1 second(s)

27-02-2025T17:21:58 - [TEST_STEP][PASSED] - scrollToPosition(0, y - 150): Browser is scrolled to position x = 0, y = 273

27-02-2025T17:21:58 - [MESSAGE][PASSED] - Browser is scrolled to position x = 0, y = 273

27-02-2025T17:21:58 - [TEST_STEP][PASSED] - delay(1): Delayed 1 second(s)

27-02-2025T17:21:59 - [MESSAGE][PASSED] - Delayed 1 second(s)

27-02-2025T17:21:59 - [TEST_STEP][PASSED] - elem.click(): null

27-02-2025T17:21:59 - [TEST_STEP][PASSED] - myValue = element.getAttribute("value"): null

27-02-2025T17:21:59 - [TEST_STEP][PASSED] - if (debug): null

27-02-2025T17:21:59 - [TEST_STEP][PASSED] - if (myValue.length() >= 4): null

27-02-2025T17:21:59 - [TEST_STEP][PASSED] - if (myValue.substring(0, 4) == "(!) "): null

27-02-2025T17:21:59 - [TEST_STEP][PASSED] - myType = element.getAttribute("type"): null

27-02-2025T17:21:59 - [TEST_STEP][PASSED] - if (myValue in varParms[i]): null

27-02-2025T17:21:59 - [TEST_STEP][PASSED] - else: null

27-02-2025T17:21:59 - [TEST_STEP][PASSED] - inList = false: null

27-02-2025T17:21:59 - [TEST_STEP][PASSED] - if (myType == "checkbox"): null

27-02-2025T17:21:59 - [TEST_STEP][PASSED] - myStatus = element.isSelected(): null

27-02-2025T17:21:59 - [TEST_STEP][PASSED] - if (debug): null

27-02-2025T17:21:59 - [TEST_STEP][PASSED] - if (toggle && myStatus && inList): null

27-02-2025T17:21:59 - [TEST_STEP][PASSED] - if (!(myStatus) && inList || myStatus && !(inList)): null

27-02-2025T17:21:59 - [TEST_STEP][PASSED] - myValue = element.getAttribute("value"): null

27-02-2025T17:22:00 - [TEST_STEP][PASSED] - if (debug): null

27-02-2025T17:22:00 - [TEST_STEP][PASSED] - if (myValue.length() >= 4): null

27-02-2025T17:22:00 - [TEST_STEP][PASSED] - if (myValue.substring(0, 4) == "(!) "): null

27-02-2025T17:22:00 - [TEST_STEP][PASSED] - myValue = myValue.substring(4): null

27-02-2025T17:22:00 - [TEST_STEP][PASSED] - if (debug): null

27-02-2025T17:22:00 - [TEST_STEP][PASSED] - myType = element.getAttribute("type"): null

27-02-2025T17:22:00 - [TEST_STEP][PASSED] - if (myValue in varParms[i]): null

27-02-2025T17:22:00 - [TEST_STEP][PASSED] - else: null

27-02-2025T17:22:00 - [TEST_STEP][PASSED] - inList = false: null

27-02-2025T17:22:00 - [TEST_STEP][PASSED] - if (myType == "checkbox"): null

27-02-2025T17:22:00 - [TEST_STEP][PASSED] - myStatus = element.isSelected(): null

27-02-2025T17:22:00 - [TEST_STEP][PASSED] - if (debug): null

27-02-2025T17:22:00 - [TEST_STEP][PASSED] - if (toggle && myStatus && inList): null

27-02-2025T17:22:00 - [TEST_STEP][PASSED] - if (!(myStatus) && inList || myStatus && !(inList)): null

27-02-2025T17:22:00 - [TEST_STEP][PASSED] - if (debug): null

27-02-2025T17:22:00 - [TEST_STEP][PASSED] - if (varParms[i].indexOf("Europe") >= 0): null

27-02-2025T17:22:00 - [TEST_STEP][PASSED] - elements = driver.findElements(By.xpath(varXpaths[i])): null

27-02-2025T17:22:00 - [TEST_STEP][PASSED] - element_count = elements.size(): null

27-02-2025T17:22:00 - [TEST_STEP][PASSED] - for (def element : elements): null

27-02-2025T17:22:00 - [TEST_STEP][PASSED] - myValue = element.getAttribute("value"): null

27-02-2025T17:22:00 - [TEST_STEP][PASSED] - if (debug): null

27-02-2025T17:22:00 - [TEST_STEP][PASSED] - if (myValue.length() >= 4): null

27-02-2025T17:22:00 - [TEST_STEP][PASSED] - if (myValue.substring(0, 4) == "(!) "): null

27-02-2025T17:22:00 - [TEST_STEP][PASSED] - myValue = myValue.substring(4): null

27-02-2025T17:22:00 - [TEST_STEP][PASSED] - if (debug): null

27-02-2025T17:22:00 - [TEST_STEP][PASSED] - myType = element.getAttribute("type"): null

27-02-2025T17:22:00 - [TEST_STEP][PASSED] - if (myValue in varParms[i]): null

27-02-2025T17:22:00 - [TEST_STEP][PASSED] - else: null

27-02-2025T17:22:00 - [TEST_STEP][PASSED] - inList = false: null

27-02-2025T17:22:00 - [TEST_STEP][PASSED] - if (myType == "checkbox"): null

27-02-2025T17:22:00 - [TEST_STEP][PASSED] - myStatus = element.isSelected(): null

27-02-2025T17:22:00 - [TEST_STEP][PASSED] - if (debug): null

27-02-2025T17:22:00 - [TEST_STEP][PASSED] - if (toggle && myStatus && inList): null

27-02-2025T17:22:00 - [TEST_STEP][PASSED] - if (!(myStatus) && inList || myStatus && !(inList)): null

27-02-2025T17:22:00 - [TEST_STEP][PASSED] - myValue = element.getAttribute("value"): null

27-02-2025T17:22:00 - [TEST_STEP][PASSED] - if (debug): null

27-02-2025T17:22:00 - [TEST_STEP][PASSED] - if (myValue.length() >= 4): null

27-02-2025T17:22:00 - [TEST_STEP][PASSED] - if (myValue.substring(0, 4) == "(!) "): null

27-02-2025T17:22:00 - [TEST_STEP][PASSED] - myType = element.getAttribute("type"): null

27-02-2025T17:22:00 - [TEST_STEP][PASSED] - if (myValue in varParms[i]): null

27-02-2025T17:22:00 - [TEST_STEP][PASSED] - inList = true: null

27-02-2025T17:22:00 - [TEST_STEP][PASSED] - if (myType == "checkbox"): null

27-02-2025T17:22:00 - [TEST_STEP][PASSED] - myStatus = element.isSelected(): null

27-02-2025T17:22:00 - [TEST_STEP][PASSED] - if (debug): null

27-02-2025T17:22:00 - [TEST_STEP][PASSED] - if (toggle && myStatus && inList): null

27-02-2025T17:22:00 - [TEST_STEP][PASSED] - if (!(myStatus) && inList || myStatus && !(inList)): null

27-02-2025T17:22:00 - [TEST_STEP][PASSED] - if (debug): null

27-02-2025T17:22:00 - [TEST_STEP][PASSED] - println("Clicking " + myValue): null

27-02-2025T17:22:00 - [TEST_STEP][PASSED] - click(element): null

27-02-2025T17:22:00 - [TEST_STEP][PASSED] - scrollToObject(elem): null

27-02-2025T17:22:00 - [TEST_STEP][PASSED] - loc = element.getLocation(): null

27-02-2025T17:22:00 - [TEST_STEP][PASSED] - if (debug): null

27-02-2025T17:22:00 - [TEST_STEP][PASSED] - y = loc.getY(): null

27-02-2025T17:22:00 - [TEST_STEP][PASSED] - println("Y location is " + y): null

27-02-2025T17:22:00 - [TEST_STEP][PASSED] - top = getViewportTopPosition(): Current viewport's top (y) position is 273

27-02-2025T17:22:00 - [MESSAGE][PASSED] - Current viewport's top (y) position is 273

27-02-2025T17:22:00 - [TEST_STEP][PASSED] - println("Viewport top is " + top): null

27-02-2025T17:22:00 - [TEST_STEP][PASSED] - bottom = top + 600: null

27-02-2025T17:22:00 - [TEST_STEP][PASSED] - if (y - top < 150 || bottom - y < 10): null

27-02-2025T17:22:00 - [TEST_STEP][PASSED] - elem.click(): null

27-02-2025T17:22:00 - [TEST_STEP][PASSED] - myValue = element.getAttribute("value"): null

27-02-2025T17:22:00 - [TEST_STEP][PASSED] - if (debug): null

27-02-2025T17:22:00 - [TEST_STEP][PASSED] - if (myValue.length() >= 4): null

27-02-2025T17:22:00 - [TEST_STEP][PASSED] - if (myValue.substring(0, 4) == "(!) "): null

27-02-2025T17:22:00 - [TEST_STEP][PASSED] - myType = element.getAttribute("type"): null

27-02-2025T17:22:00 - [TEST_STEP][PASSED] - if (myValue in varParms[i]): null

27-02-2025T17:22:00 - [TEST_STEP][PASSED] - inList = true: null

27-02-2025T17:22:00 - [TEST_STEP][PASSED] - if (myType == "checkbox"): null

27-02-2025T17:22:00 - [TEST_STEP][PASSED] - myStatus = element.isSelected(): null

27-02-2025T17:22:00 - [TEST_STEP][PASSED] - if (debug): null

27-02-2025T17:22:00 - [TEST_STEP][PASSED] - if (toggle && myStatus && inList): null

27-02-2025T17:22:00 - [TEST_STEP][PASSED] - if (!(myStatus) && inList || myStatus && !(inList)): null

27-02-2025T17:22:00 - [TEST_STEP][PASSED] - if (debug): null

27-02-2025T17:22:00 - [TEST_STEP][PASSED] - println("Clicking " + myValue): null

27-02-2025T17:22:00 - [TEST_STEP][PASSED] - click(element): null

27-02-2025T17:22:00 - [TEST_STEP][PASSED] - scrollToObject(elem): null

27-02-2025T17:22:00 - [TEST_STEP][PASSED] - loc = element.getLocation(): null

27-02-2025T17:22:00 - [TEST_STEP][PASSED] - if (debug): null

27-02-2025T17:22:00 - [TEST_STEP][PASSED] - y = loc.getY(): null

27-02-2025T17:22:00 - [TEST_STEP][PASSED] - println("Y location is " + y): null

27-02-2025T17:22:00 - [TEST_STEP][PASSED] - top = getViewportTopPosition(): Current viewport's top (y) position is 273

27-02-2025T17:22:00 - [MESSAGE][PASSED] - Current viewport's top (y) position is 273

27-02-2025T17:22:00 - [TEST_STEP][PASSED] - println("Viewport top is " + top): null

27-02-2025T17:22:00 - [TEST_STEP][PASSED] - bottom = top + 600: null

27-02-2025T17:22:00 - [TEST_STEP][PASSED] - if (y - top < 150 || bottom - y < 10): null

27-02-2025T17:22:00 - [TEST_STEP][PASSED] - elem.click(): null

27-02-2025T17:22:00 - [TEST_STEP][PASSED] - myValue = element.getAttribute("value"): null

27-02-2025T17:22:00 - [TEST_STEP][PASSED] - if (debug): null

27-02-2025T17:22:00 - [TEST_STEP][PASSED] - if (myValue.length() >= 4): null

27-02-2025T17:22:00 - [TEST_STEP][PASSED] - if (myValue.substring(0, 4) == "(!) "): null

27-02-2025T17:22:00 - [TEST_STEP][PASSED] - myType = element.getAttribute("type"): null

27-02-2025T17:22:00 - [TEST_STEP][PASSED] - if (myValue in varParms[i]): null

27-02-2025T17:22:00 - [TEST_STEP][PASSED] - inList = true: null

27-02-2025T17:22:00 - [TEST_STEP][PASSED] - if (myType == "checkbox"): null

27-02-2025T17:22:00 - [TEST_STEP][PASSED] - myStatus = element.isSelected(): null

27-02-2025T17:22:00 - [TEST_STEP][PASSED] - if (debug): null

27-02-2025T17:22:00 - [TEST_STEP][PASSED] - if (toggle && myStatus && inList): null

27-02-2025T17:22:00 - [TEST_STEP][PASSED] - if (!(myStatus) && inList || myStatus && !(inList)): null

27-02-2025T17:22:00 - [TEST_STEP][PASSED] - if (debug): null

27-02-2025T17:22:00 - [TEST_STEP][PASSED] - println("Clicking " + myValue): null

27-02-2025T17:22:00 - [TEST_STEP][PASSED] - click(element): null

27-02-2025T17:22:00 - [TEST_STEP][PASSED] - scrollToObject(elem): null

27-02-2025T17:22:00 - [TEST_STEP][PASSED] - loc = element.getLocation(): null

27-02-2025T17:22:00 - [TEST_STEP][PASSED] - if (debug): null

27-02-2025T17:22:00 - [TEST_STEP][PASSED] - y = loc.getY(): null

27-02-2025T17:22:00 - [TEST_STEP][PASSED] - println("Y location is " + y): null

27-02-2025T17:22:00 - [TEST_STEP][PASSED] - top = getViewportTopPosition(): Current viewport's top (y) position is 273

27-02-2025T17:22:00 - [MESSAGE][PASSED] - Current viewport's top (y) position is 273

27-02-2025T17:22:00 - [TEST_STEP][PASSED] - println("Viewport top is " + top): null

27-02-2025T17:22:00 - [TEST_STEP][PASSED] - bottom = top + 600: null

27-02-2025T17:22:00 - [TEST_STEP][PASSED] - if (y - top < 150 || bottom - y < 10): null

27-02-2025T17:22:00 - [TEST_STEP][PASSED] - elem.click(): null

27-02-2025T17:22:00 - [TEST_STEP][PASSED] - frame.dispose(): null

27-02-2025T17:22:00 - [MESSAGE][PASSED] - Call Test Case 'Test Cases/_Functions/Click on Group Elements' successfully

27-02-2025T17:22:00 - [TEST_STEP][PASSED] - object = "Education Candidate Profile/Tabs/Options-Comment/btn_Submit": null

27-02-2025T17:22:00 - [TEST_STEP][PASSED] - callTestCase(findTestCase("_Functions/Perform Action"), ["varAction":"click", "varObject":object], STOP_ON_FAILURE): Call Test Case 'Test Cases/_Functions/Perform Action' successfully

27-02-2025T17:22:00 - [TEST_CASE][PASSED] - Test Cases/_Functions/Perform Action: Test Cases/_Functions/Perform Action

27-02-2025T17:22:00 - [TEST_STEP][PASSED] - action = varAction: null

27-02-2025T17:22:00 - [TEST_STEP][PASSED] - println(action): null

27-02-2025T17:22:00 - [TEST_STEP][PASSED] - testObject = varObject: null

27-02-2025T17:22:00 - [TEST_STEP][PASSED] - println(testObject): null

27-02-2025T17:22:00 - [TEST_STEP][PASSED] - parm1 = varParm1: null

27-02-2025T17:22:00 - [TEST_STEP][PASSED] - println(parm1): null

27-02-2025T17:22:00 - [TEST_STEP][PASSED] - println("Converting " + testObject + " to web element"): null

27-02-2025T17:22:00 - [TEST_STEP][PASSED] - element = findWebElement(findTestObject(testObject), 1): null

27-02-2025T17:22:00 - [TEST_STEP][PASSED] - loc = element.getLocation(): null

27-02-2025T17:22:00 - [TEST_STEP][PASSED] - y = loc.getY(): null

27-02-2025T17:22:00 - [TEST_STEP][PASSED] - println("Y location is " + y): null

27-02-2025T17:22:00 - [TEST_STEP][PASSED] - top = getViewportTopPosition(): Current viewport's top (y) position is 273

27-02-2025T17:22:00 - [MESSAGE][PASSED] - Current viewport's top (y) position is 273

27-02-2025T17:22:00 - [TEST_STEP][PASSED] - println("Viewport top is " + top): null

27-02-2025T17:22:00 - [TEST_STEP][PASSED] - bottom = top + 600: null

27-02-2025T17:22:00 - [TEST_STEP][PASSED] - if (y - top < 150 || bottom - y < 10): Delayed 1 second(s)

27-02-2025T17:22:00 - [TEST_STEP][PASSED] - scrollToPosition(0, y - 150): Browser is scrolled to position x = 0, y = 714

27-02-2025T17:22:00 - [MESSAGE][PASSED] - Browser is scrolled to position x = 0, y = 714

27-02-2025T17:22:00 - [TEST_STEP][PASSED] - delay(1): Delayed 1 second(s)

27-02-2025T17:22:01 - [MESSAGE][PASSED] - Delayed 1 second(s)

27-02-2025T17:22:01 - [TEST_STEP][PASSED] - if (action == "click"): Object: 'Object Repository/Education Candidate Profile/Tabs/Options-Comment/btn_Submit' is clicked on

27-02-2025T17:22:01 - [TEST_STEP][PASSED] - println("clicking"): null

27-02-2025T17:22:01 - [TEST_STEP][PASSED] - click(findTestObject(testObject)): Object: 'Object Repository/Education Candidate Profile/Tabs/Options-Comment/btn_Submit' is clicked on

27-02-2025T17:22:03 - [MESSAGE][PASSED] - Object: 'Object Repository/Education Candidate Profile/Tabs/Options-Comment/btn_Submit' is clicked on

27-02-2025T17:22:03 - [MESSAGE][PASSED] - Call Test Case 'Test Cases/_Functions/Perform Action' successfully

27-02-2025T17:22:03 - [MESSAGE][PASSED] - Call Test Case 'Test Cases/Education Candidate Profile/Tabs/Set Options-Comment' successfully

27-02-2025T17:22:03 - [TEST_STEP][PASSED] - if (pages.size() == 0 || "All" in pages || "Spouse Info" in pages): Call Test Case 'Test Cases/Education Candidate Profile/Tabs/Set Spouse Info' successfully

27-02-2025T17:22:03 - [TEST_STEP][PASSED] - spouse_first_name = "Jennifer": null

27-02-2025T17:22:03 - [TEST_STEP][PASSED] - spouse_last_name = "Kosieracki": null

27-02-2025T17:22:03 - [TEST_STEP][PASSED] - spouse_birth_year = "1951": null

27-02-2025T17:22:03 - [TEST_STEP][PASSED] - spouse_citizenship_country = "United States": null

27-02-2025T17:22:03 - [TEST_STEP][PASSED] - spouse_ethnicity = "WHITE/CAUCASIAN": null

27-02-2025T17:22:03 - [TEST_STEP][PASSED] - spouse_serving_with_you = "Yes": null

27-02-2025T17:22:03 - [TEST_STEP][PASSED] - callTestCase(findTestCase("Education Candidate Profile/Tabs/Set Spouse Info"), ["varSpouse_first_name":spouse_first_name, "varSpouse_last_name":spouse_last_name, "varSpouse_birth_year":spouse_birth_year, ... ], STOP_ON_FAILURE): Call Test Case 'Test Cases/Education Candidate Profile/Tabs/Set Spouse Info' successfully

27-02-2025T17:22:03 - [TEST_CASE][PASSED] - Test Cases/Education Candidate Profile/Tabs/Set Spouse Info: Test Cases/Education Candidate Profile/Tabs/Set Spouse Info

27-02-2025T17:22:03 - [TEST_STEP][PASSED] - username = username: null

27-02-2025T17:22:03 - [TEST_STEP][PASSED] - if (username != "cktest04ec"): null

27-02-2025T17:22:03 - [TEST_STEP][PASSED] - domain = domain: null

27-02-2025T17:22:03 - [TEST_STEP][PASSED] - writeFile = false: null

27-02-2025T17:22:03 - [TEST_STEP][PASSED] - testName = "Education Candidate Spouse Info Tab": null

27-02-2025T17:22:03 - [TEST_STEP][PASSED] - outFile = callTestCase(findTestCase("_Functions/Set Output File"), ["varTestName":testName], STOP_ON_FAILURE): Call Test Case 'Test Cases/_Functions/Set Output File' successfully

27-02-2025T17:22:03 - [TEST_CASE][PASSED] - Test Cases/_Functions/Set Output File: Test Cases/_Functions/Set Output File

27-02-2025T17:22:03 - [TEST_STEP][PASSED] - testName = varTestName: null

27-02-2025T17:22:03 - [TEST_STEP][PASSED] - domain = domain: null

27-02-2025T17:22:03 - [TEST_STEP][PASSED] - writeFile = false: null

27-02-2025T17:22:03 - [TEST_STEP][PASSED] - if (outFile != ""): null

27-02-2025T17:22:03 - [TEST_STEP][PASSED] - myFile = outFile: null

27-02-2025T17:22:03 - [TEST_STEP][PASSED] - println(myFile): null

27-02-2025T17:22:03 - [TEST_STEP][PASSED] - outFile = new java.io.File(myFile): null

27-02-2025T17:22:03 - [TEST_STEP][PASSED] - writeFile = true: null

27-02-2025T17:22:03 - [TEST_STEP][PASSED] - if (!(writeFile)): null

27-02-2025T17:22:03 - [TEST_STEP][PASSED] - else: null

27-02-2025T17:22:03 - [TEST_STEP][PASSED] - outFile.append("
Testing " + testName + " on " + domain + ".
"): null

27-02-2025T17:22:03 - [TEST_STEP][PASSED] - return outFile: null

27-02-2025T17:22:03 - [MESSAGE][PASSED] - Call Test Case 'Test Cases/_Functions/Set Output File' successfully

27-02-2025T17:22:03 - [TEST_STEP][PASSED] - tooltipImagePath = "/Users/cckozie/git/MissionNext-Katalon-Koz/images/education candidate/": null

27-02-2025T17:22:03 - [TEST_STEP][PASSED] - testObjectFolder = "Education Candidate Profile/Tabs/Spouse Info/": null

27-02-2025T17:22:03 - [TEST_STEP][PASSED] - tooltips = ["dummy":"dummy", "Spouse Birth Year":"img_Spouse Birth Year_field-tooltip", "Spouse Citizenship Country":"img_Spouse Citizenship Country_field-tooltip", ... ]: null

27-02-2025T17:22:03 - [TEST_STEP][PASSED] - tooltipText = ["Spouse Birth Year":"Four Digit Year", "Spouse Citizenship Country":"If you have dual citizenship, select the country where you normally reside.", ... ]: null

27-02-2025T17:22:03 - [TEST_STEP][PASSED] - requiredFieldMsgs = ["Spouse First Name":"The spouse first name: field is required.", "Spouse Birth Year":"The spouse birth year field is required."]: null

27-02-2025T17:22:03 - [TEST_STEP][PASSED] - pageLinks = ["Terms and Conditions":"Terms and Conditions"]: null

27-02-2025T17:22:03 - [TEST_STEP][PASSED] - click(findTestObject("Education Candidate Profile/Tabs/a_Spouse Info")): Object: 'Object Repository/Education Candidate Profile/Tabs/a_Spouse Info' is clicked on

27-02-2025T17:22:04 - [MESSAGE][PASSED] - Object: 'Object Repository/Education Candidate Profile/Tabs/a_Spouse Info' is clicked on

27-02-2025T17:22:04 - [TEST_STEP][PASSED] - tooltipTextMap = callTestCase(findTestCase("_Functions/Get Screenshot and Tooltip Text"), ["varExtension":testName], STOP_ON_FAILURE): Call Test Case 'Test Cases/_Functions/Get Screenshot and Tooltip Text' successfully

27-02-2025T17:22:04 - [TEST_CASE][PASSED] - Test Cases/_Functions/Get Screenshot and Tooltip Text: Test Cases/_Functions/Get Screenshot and Tooltip Text

27-02-2025T17:22:04 - [TEST_STEP][PASSED] - if (fastPath): null

27-02-2025T17:22:04 - [TEST_STEP][PASSED] - frame = new javax.swing.JFrame(): null

27-02-2025T17:22:04 - [TEST_STEP][PASSED] - p = new javax.swing.JPanel(): null

27-02-2025T17:22:04 - [TEST_STEP][PASSED] - l = new javax.swing.JLabel(Getting screenshot and tooltip text..., javax.swing.SwingConstants.CENTER): null

27-02-2025T17:22:04 - [TEST_STEP][PASSED] - frame.add(l): null

27-02-2025T17:22:04 - [TEST_STEP][PASSED] - frame.setSize(300, 100): null

27-02-2025T17:22:04 - [TEST_STEP][PASSED] - frame.setLocation(600, 0): null

27-02-2025T17:22:04 - [TEST_STEP][PASSED] - frame.setAlwaysOnTop(true): null

27-02-2025T17:22:04 - [TEST_STEP][PASSED] - frame.show(): null

27-02-2025T17:22:04 - [TEST_STEP][PASSED] - driver = getWebDriver(): null

27-02-2025T17:22:04 - [TEST_STEP][PASSED] - path = "/Users/cckozie/Documents/MissionNext/Screenshots and Tooltip Text/": null

27-02-2025T17:22:04 - [TEST_STEP][PASSED] - if (binding.hasVariable("varExtension")): null

27-02-2025T17:22:04 - [TEST_STEP][PASSED] - extension = varExtension: null

27-02-2025T17:22:04 - [TEST_STEP][PASSED] - println("Extension is " + extension): null

27-02-2025T17:22:04 - [TEST_STEP][PASSED] - fileBase = path + extension: null

27-02-2025T17:22:04 - [TEST_STEP][PASSED] - fileImage = fileBase + "_Screenshot.png": null

27-02-2025T17:22:04 - [TEST_STEP][PASSED] - waitForPageLoad(30): Wait for page load successfully

27-02-2025T17:22:04 - [MESSAGE][PASSED] - Wait for page load successfully

27-02-2025T17:22:04 - [TEST_STEP][PASSED] - spinner = driver.findElement(By.xpath("/html/body/div[1]/div/div[2]")): null

27-02-2025T17:22:04 - [TEST_STEP][PASSED] - executor = driver: null

27-02-2025T17:22:04 - [TEST_STEP][PASSED] - elementAttributes = executor.executeScript("var items = {}; for (index = 0; index < arguments[0].attributes.length; ++index) { items[arguments[0].attributes[index].name] = arguments[0].attributes[index].value }; return items;", spinner): null

27-02-2025T17:22:04 - [TEST_STEP][PASSED] - attrs = elementAttributes.toString(): null

27-02-2025T17:22:04 - [TEST_STEP][PASSED] - waits = 0: null

27-02-2025T17:22:04 - [TEST_STEP][PASSED] - while (attrs.indexOf("display: none") < 0 && waits < 2): null

27-02-2025T17:22:04 - [TEST_STEP][PASSED] - delay(1): Delayed 1 second(s)

27-02-2025T17:22:05 - [MESSAGE][PASSED] - Delayed 1 second(s)

27-02-2025T17:22:05 - [TEST_STEP][PASSED] - attrs = elementAttributes.toString(): null

27-02-2025T17:22:05 - [TEST_STEP][PASSED] - (waits++): null

27-02-2025T17:22:05 - [TEST_STEP][PASSED] - delay(1): Delayed 1 second(s)

27-02-2025T17:22:06 - [MESSAGE][PASSED] - Delayed 1 second(s)

27-02-2025T17:22:06 - [TEST_STEP][PASSED] - attrs = elementAttributes.toString(): null

27-02-2025T17:22:06 - [TEST_STEP][PASSED] - (waits++): null

27-02-2025T17:22:06 - [TEST_STEP][PASSED] - tooltipMap = callTestCase(findTestCase("_Functions/Get Tooltip Text"), [:], STOP_ON_FAILURE): Call Test Case 'Test Cases/_Functions/Get Tooltip Text' successfully

27-02-2025T17:22:06 - [TEST_CASE][PASSED] - Test Cases/_Functions/Get Tooltip Text: Test Cases/_Functions/Get Tooltip Text

27-02-2025T17:22:06 - [TEST_STEP][PASSED] - fieldTooltips = [:]: null

27-02-2025T17:22:06 - [TEST_STEP][PASSED] - tooltipMap = [:]: null

27-02-2025T17:22:06 - [TEST_STEP][PASSED] - driver = getWebDriver(): null

27-02-2025T17:22:06 - [TEST_STEP][PASSED] - tooltips = driver.findElements(By.className("field-tooltip")): null

27-02-2025T17:22:06 - [TEST_STEP][PASSED] - for (def it : tooltips): null

27-02-2025T17:22:06 - [TEST_STEP][PASSED] - if (it.isDisplayed()): null

27-02-2025T17:22:06 - [TEST_STEP][PASSED] - if (it.isDisplayed()): null

27-02-2025T17:22:06 - [TEST_STEP][PASSED] - if (it.isDisplayed()): null

27-02-2025T17:22:06 - [TEST_STEP][PASSED] - if (it.isDisplayed()): null

27-02-2025T17:22:06 - [TEST_STEP][PASSED] - if (it.isDisplayed()): null

27-02-2025T17:22:06 - [TEST_STEP][PASSED] - if (it.isDisplayed()): null

27-02-2025T17:22:06 - [TEST_STEP][PASSED] - if (it.isDisplayed()): null

27-02-2025T17:22:06 - [TEST_STEP][PASSED] - if (it.isDisplayed()): null

27-02-2025T17:22:06 - [TEST_STEP][PASSED] - if (it.isDisplayed()): null

27-02-2025T17:22:06 - [TEST_STEP][PASSED] - if (it.isDisplayed()): null

27-02-2025T17:22:06 - [TEST_STEP][PASSED] - if (it.isDisplayed()): null

27-02-2025T17:22:06 - [TEST_STEP][PASSED] - if (it.isDisplayed()): null

27-02-2025T17:22:06 - [TEST_STEP][PASSED] - if (it.isDisplayed()): null

27-02-2025T17:22:06 - [TEST_STEP][PASSED] - if (it.isDisplayed()): null

27-02-2025T17:22:06 - [TEST_STEP][PASSED] - if (it.isDisplayed()): null

27-02-2025T17:22:06 - [TEST_STEP][PASSED] - if (it.isDisplayed()): null

27-02-2025T17:22:06 - [TEST_STEP][PASSED] - ttText = it.getAttribute("data-original-title"): null

27-02-2025T17:22:06 - [TEST_STEP][PASSED] - ttLocation = it.getLocation(): null

27-02-2025T17:22:06 - [TEST_STEP][PASSED] - yLocation = ttLocation.getY(): null

27-02-2025T17:22:06 - [TEST_STEP][PASSED] - xLocation = ttLocation.getX(): null

27-02-2025T17:22:06 - [TEST_STEP][PASSED] - fieldTooltips.put(ttText, yLocation): null

27-02-2025T17:22:06 - [TEST_STEP][PASSED] - if (it.isDisplayed()): null

27-02-2025T17:22:06 - [TEST_STEP][PASSED] - ttText = it.getAttribute("data-original-title"): null

27-02-2025T17:22:06 - [TEST_STEP][PASSED] - ttLocation = it.getLocation(): null

27-02-2025T17:22:06 - [TEST_STEP][PASSED] - yLocation = ttLocation.getY(): null

27-02-2025T17:22:06 - [TEST_STEP][PASSED] - xLocation = ttLocation.getX(): null

27-02-2025T17:22:06 - [TEST_STEP][PASSED] - fieldTooltips.put(ttText, yLocation): null

27-02-2025T17:22:06 - [TEST_STEP][PASSED] - if (it.isDisplayed()): null

27-02-2025T17:22:06 - [TEST_STEP][PASSED] - ttText = it.getAttribute("data-original-title"): null

27-02-2025T17:22:06 - [TEST_STEP][PASSED] - ttLocation = it.getLocation(): null

27-02-2025T17:22:06 - [TEST_STEP][PASSED] - yLocation = ttLocation.getY(): null

27-02-2025T17:22:06 - [TEST_STEP][PASSED] - xLocation = ttLocation.getX(): null

27-02-2025T17:22:06 - [TEST_STEP][PASSED] - fieldTooltips.put(ttText, yLocation): null

27-02-2025T17:22:06 - [TEST_STEP][PASSED] - if (it.isDisplayed()): null

27-02-2025T17:22:06 - [TEST_STEP][PASSED] - if (it.isDisplayed()): null

27-02-2025T17:22:06 - [TEST_STEP][PASSED] - if (fieldTooltips.size() > 0): null

27-02-2025T17:22:06 - [TEST_STEP][PASSED] - rightBorder = xLocation: null

27-02-2025T17:22:06 - [TEST_STEP][PASSED] - fieldLabels = [:]: null

27-02-2025T17:22:06 - [TEST_STEP][PASSED] - labels = driver.findElements(By.xpath("//label")): null

27-02-2025T17:22:06 - [TEST_STEP][PASSED] - labels.each({ -> ... }): null

27-02-2025T17:22:08 - [TEST_STEP][PASSED] - for (def label : fieldLabels): null

27-02-2025T17:22:08 - [TEST_STEP][PASSED] - y = value: null

27-02-2025T17:22:08 - [TEST_STEP][PASSED] - for (def tooltip : fieldTooltips): null

27-02-2025T17:22:08 - [TEST_STEP][PASSED] - if (value == y || value == y + 1 || value == y - 1): null

27-02-2025T17:22:08 - [TEST_STEP][PASSED] - if (value == y || value == y + 1 || value == y - 1): null

27-02-2025T17:22:08 - [TEST_STEP][PASSED] - if (value == y || value == y + 1 || value == y - 1): null

27-02-2025T17:22:08 - [TEST_STEP][PASSED] - y = value: null

27-02-2025T17:22:08 - [TEST_STEP][PASSED] - for (def tooltip : fieldTooltips): null

27-02-2025T17:22:08 - [TEST_STEP][PASSED] - if (value == y || value == y + 1 || value == y - 1): null

27-02-2025T17:22:08 - [TEST_STEP][PASSED] - if (value == y || value == y + 1 || value == y - 1): null

27-02-2025T17:22:08 - [TEST_STEP][PASSED] - if (value == y || value == y + 1 || value == y - 1): null

27-02-2025T17:22:08 - [TEST_STEP][PASSED] - y = value: null

27-02-2025T17:22:08 - [TEST_STEP][PASSED] - for (def tooltip : fieldTooltips): null

27-02-2025T17:22:08 - [TEST_STEP][PASSED] - if (value == y || value == y + 1 || value == y - 1): null

27-02-2025T17:22:08 - [TEST_STEP][PASSED] - if (value == y || value == y + 1 || value == y - 1): null

27-02-2025T17:22:08 - [TEST_STEP][PASSED] - if (value == y || value == y + 1 || value == y - 1): null

27-02-2025T17:22:08 - [TEST_STEP][PASSED] - y = value: null

27-02-2025T17:22:08 - [TEST_STEP][PASSED] - for (def tooltip : fieldTooltips): null

27-02-2025T17:22:08 - [TEST_STEP][PASSED] - if (value == y || value == y + 1 || value == y - 1): null

27-02-2025T17:22:08 - [TEST_STEP][PASSED] - tooltipMap.put(key, key): null

27-02-2025T17:22:08 - [TEST_STEP][PASSED] - break: null

27-02-2025T17:22:08 - [TEST_STEP][PASSED] - y = value: null

27-02-2025T17:22:08 - [TEST_STEP][PASSED] - for (def tooltip : fieldTooltips): null

27-02-2025T17:22:08 - [TEST_STEP][PASSED] - if (value == y || value == y + 1 || value == y - 1): null

27-02-2025T17:22:08 - [TEST_STEP][PASSED] - if (value == y || value == y + 1 || value == y - 1): null

27-02-2025T17:22:08 - [TEST_STEP][PASSED] - tooltipMap.put(key, key): null

27-02-2025T17:22:08 - [TEST_STEP][PASSED] - break: null

27-02-2025T17:22:08 - [TEST_STEP][PASSED] - y = value: null

27-02-2025T17:22:08 - [TEST_STEP][PASSED] - for (def tooltip : fieldTooltips): null

27-02-2025T17:22:08 - [TEST_STEP][PASSED] - if (value == y || value == y + 1 || value == y - 1): null

27-02-2025T17:22:08 - [TEST_STEP][PASSED] - if (value == y || value == y + 1 || value == y - 1): null

27-02-2025T17:22:08 - [TEST_STEP][PASSED] - if (value == y || value == y + 1 || value == y - 1): null

27-02-2025T17:22:08 - [TEST_STEP][PASSED] - y = value: null

27-02-2025T17:22:08 - [TEST_STEP][PASSED] - for (def tooltip : fieldTooltips): null

27-02-2025T17:22:08 - [TEST_STEP][PASSED] - if (value == y || value == y + 1 || value == y - 1): null

27-02-2025T17:22:08 - [TEST_STEP][PASSED] - if (value == y || value == y + 1 || value == y - 1): null

27-02-2025T17:22:08 - [TEST_STEP][PASSED] - if (value == y || value == y + 1 || value == y - 1): null

27-02-2025T17:22:08 - [TEST_STEP][PASSED] - tooltipMap.put(key, key): null

27-02-2025T17:22:08 - [TEST_STEP][PASSED] - break: null

27-02-2025T17:22:08 - [TEST_STEP][PASSED] - return tooltipMap: null

27-02-2025T17:22:08 - [MESSAGE][PASSED] - Call Test Case 'Test Cases/_Functions/Get Tooltip Text' successfully

27-02-2025T17:22:08 - [TEST_STEP][PASSED] - if (tooltipMap.size() > 0): null

27-02-2025T17:22:08 - [TEST_STEP][PASSED] - file = fileBase + "_Tooltips.csv": null

27-02-2025T17:22:08 - [TEST_STEP][PASSED] - outText = "FIELD LABEL" + "," + "TOOLTIP TEXT" + "

": null

27-02-2025T17:22:08 - [TEST_STEP][PASSED] - for (def it : tooltipMap): null

27-02-2025T17:22:08 - [TEST_STEP][PASSED] - name = key: null

27-02-2025T17:22:08 - [TEST_STEP][PASSED] - value = value.replace("
", ""): null

27-02-2025T17:22:08 - [TEST_STEP][PASSED] - value = value.trim(): null

27-02-2025T17:22:08 - [TEST_STEP][PASSED] - value = """ + value + """: null

27-02-2025T17:22:08 - [TEST_STEP][PASSED] - outText = outText + name + "," + value: null

27-02-2025T17:22:08 - [TEST_STEP][PASSED] - outText = outText + "
": null

27-02-2025T17:22:08 - [TEST_STEP][PASSED] - println(outText): null

27-02-2025T17:22:08 - [TEST_STEP][PASSED] - name = key: null

27-02-2025T17:22:08 - [TEST_STEP][PASSED] - value = value.replace("
", ""): null

27-02-2025T17:22:08 - [TEST_STEP][PASSED] - value = value.trim(): null

27-02-2025T17:22:08 - [TEST_STEP][PASSED] - value = """ + value + """: null

27-02-2025T17:22:08 - [TEST_STEP][PASSED] - outText = outText + name + "," + value: null

27-02-2025T17:22:08 - [TEST_STEP][PASSED] - outText = outText + "
": null

27-02-2025T17:22:08 - [TEST_STEP][PASSED] - println(outText): null

27-02-2025T17:22:08 - [TEST_STEP][PASSED] - name = key: null

27-02-2025T17:22:08 - [TEST_STEP][PASSED] - value = value.replace("
", ""): null

27-02-2025T17:22:08 - [TEST_STEP][PASSED] - value = value.trim(): null

27-02-2025T17:22:08 - [TEST_STEP][PASSED] - value = """ + value + """: null

27-02-2025T17:22:08 - [TEST_STEP][PASSED] - outText = outText + name + "," + value: null

27-02-2025T17:22:08 - [TEST_STEP][PASSED] - outText = outText + "
": null

27-02-2025T17:22:08 - [TEST_STEP][PASSED] - println(outText): null

27-02-2025T17:22:08 - [TEST_STEP][PASSED] - outFile = new java.io.File(file): null

27-02-2025T17:22:08 - [TEST_STEP][PASSED] - println(outText): null

27-02-2025T17:22:08 - [TEST_STEP][PASSED] - outFile.write(outText): null

27-02-2025T17:22:08 - [TEST_STEP][PASSED] - takeFullPageScreenshot(fileImage): Taking screenshot successfully

27-02-2025T17:22:09 - [MESSAGE][INFO] - 0 hidden object(s)

27-02-2025T17:22:09 - [MESSAGE][PASSED] - Taking screenshot successfully
[[ATTACHMENT|/Users/cckozie/Documents/MissionNext/Screenshots and Tooltip Text/Education Candidate Spouse Info Tab_Screenshot.png]]

27-02-2025T17:22:09 - [TEST_STEP][PASSED] - frame.dispose(): null

27-02-2025T17:22:09 - [TEST_STEP][PASSED] - return tooltipMap: null

27-02-2025T17:22:09 - [MESSAGE][PASSED] - Call Test Case 'Test Cases/_Functions/Get Screenshot and Tooltip Text' successfully

27-02-2025T17:22:09 - [TEST_STEP][PASSED] - callTestCase(findTestCase("_Functions/Test Tooltips"), ["varTooltipImagePath":tooltipImagePath, "varTooltips":tooltips, "varTooltipText":tooltipText, "varTestObjectFolder":testObjectFolder, ... ], STOP_ON_FAILURE): Call Test Case 'Test Cases/_Functions/Test Tooltips' successfully

27-02-2025T17:22:09 - [TEST_CASE][PASSED] - Test Cases/_Functions/Test Tooltips: Test Cases/_Functions/Test Tooltips

27-02-2025T17:22:09 - [TEST_STEP][PASSED] - if (fastPath): null

27-02-2025T17:22:09 - [TEST_STEP][PASSED] - tooltipImagePath = varTooltipImagePath: null

27-02-2025T17:22:09 - [TEST_STEP][PASSED] - tooltips = varTooltips: null

27-02-2025T17:22:09 - [TEST_STEP][PASSED] - tooltipText = varTooltipText: null

27-02-2025T17:22:09 - [TEST_STEP][PASSED] - testObjectFolder = varTestObjectFolder: null

27-02-2025T17:22:09 - [TEST_STEP][PASSED] - tooltipTextMap = varTooltipTextMap: null

27-02-2025T17:22:09 - [TEST_STEP][PASSED] - writeFile = false: null

27-02-2025T17:22:09 - [TEST_STEP][PASSED] - if (outFile != ""): null

27-02-2025T17:22:09 - [TEST_STEP][PASSED] - myFile = outFile: null

27-02-2025T17:22:09 - [TEST_STEP][PASSED] - println(myFile): null

27-02-2025T17:22:09 - [TEST_STEP][PASSED] - outFile = new java.io.File(myFile): null

27-02-2025T17:22:09 - [TEST_STEP][PASSED] - writeFile = true: null

27-02-2025T17:22:09 - [TEST_STEP][PASSED] - driver = getWebDriver(): null

27-02-2025T17:22:09 - [TEST_STEP][PASSED] - action = new org.openqa.selenium.interactions.Actions(driver): null

27-02-2025T17:22:09 - [TEST_STEP][PASSED] - s = new org.sikuli.script.Screen(): null

27-02-2025T17:22:09 - [TEST_STEP][PASSED] - outText = "Verifying the tooltips can be displayed.
": null

27-02-2025T17:22:09 - [TEST_STEP][PASSED] - outFile.append(outText): null

27-02-2025T17:22:09 - [TEST_STEP][PASSED] - first = true: null

27-02-2025T17:22:09 - [TEST_STEP][PASSED] - for (def it : tooltips): null

27-02-2025T17:22:09 - [TEST_STEP][PASSED] - myKey = key: null

27-02-2025T17:22:09 - [TEST_STEP][PASSED] - myValue = value: null

27-02-2025T17:22:09 - [TEST_STEP][PASSED] - println("myKey is " + myKey): null

27-02-2025T17:22:09 - [TEST_STEP][PASSED] - println("myValue is " + myValue): null

27-02-2025T17:22:09 - [TEST_STEP][PASSED] - if (myKey != "dummy"): null

27-02-2025T17:22:09 - [TEST_STEP][PASSED] - else: null

27-02-2025T17:22:09 - [TEST_STEP][PASSED] - myImage = "/Users/cckozie/git/MissionNext-Katalon-Koz/images/dummy.png": null

27-02-2025T17:22:09 - [TEST_STEP][PASSED] - f = new java.io.File(myImage): null

27-02-2025T17:22:09 - [TEST_STEP][PASSED] - if (f.exists()): null

27-02-2025T17:22:09 - [TEST_STEP][PASSED] - println("Looking for " + myImage): null

27-02-2025T17:22:09 - [TEST_STEP][PASSED] - icn = Pattern(myImage).similar(0.10): null

27-02-2025T17:22:09 - [TEST_STEP][PASSED] - found = s.exists(icn): null

27-02-2025T17:22:12 - [TEST_STEP][PASSED] - println(found): null

27-02-2025T17:22:12 - [TEST_STEP][PASSED] - if (found != null): null

27-02-2025T17:22:12 - [TEST_STEP][PASSED] - else: null

27-02-2025T17:22:12 - [TEST_STEP][PASSED] - if (myKey != "dummy"): null

27-02-2025T17:22:12 - [TEST_STEP][PASSED] - myKey = key: null

27-02-2025T17:22:12 - [TEST_STEP][PASSED] - myValue = value: null

27-02-2025T17:22:12 - [TEST_STEP][PASSED] - println("myKey is " + myKey): null

27-02-2025T17:22:12 - [TEST_STEP][PASSED] - println("myValue is " + myValue): null

27-02-2025T17:22:12 - [TEST_STEP][PASSED] - if (myKey != "dummy"): null

27-02-2025T17:22:12 - [TEST_STEP][PASSED] - tObj = testObjectFolder + myValue: null

27-02-2025T17:22:12 - [TEST_STEP][PASSED] - click(tObj): null

27-02-2025T17:22:12 - [TEST_STEP][PASSED] - scrollToObject(object): null

27-02-2025T17:22:12 - [TEST_STEP][PASSED] - println("Converting " + object + " to web element"): null

27-02-2025T17:22:12 - [TEST_STEP][PASSED] - element = findWebElement(findTestObject(object), 1): null

27-02-2025T17:22:12 - [TEST_STEP][PASSED] - loc = element.getLocation(): null

27-02-2025T17:22:12 - [TEST_STEP][PASSED] - x = loc.getX(): null

27-02-2025T17:22:12 - [TEST_STEP][PASSED] - if (x >= 560): null

27-02-2025T17:22:12 - [TEST_STEP][PASSED] - y = loc.getY(): null

27-02-2025T17:22:12 - [TEST_STEP][PASSED] - println("Y location is " + y): null

27-02-2025T17:22:12 - [TEST_STEP][PASSED] - top = getViewportTopPosition(): Current viewport's top (y) position is 0

27-02-2025T17:22:12 - [MESSAGE][PASSED] - Current viewport's top (y) position is 0

27-02-2025T17:22:12 - [TEST_STEP][PASSED] - println("Viewport top is " + top): null

27-02-2025T17:22:12 - [TEST_STEP][PASSED] - bottom = top + 600: null

27-02-2025T17:22:12 - [TEST_STEP][PASSED] - if (y - top < 150 || bottom - y < 10): null

27-02-2025T17:22:12 - [TEST_STEP][PASSED] - click(findTestObject(object)): null

27-02-2025T17:22:12 - [MESSAGE][PASSED] - Object: 'Object Repository/Education Candidate Profile/Tabs/Spouse Info/img_Spouse Birth Year_field-tooltip' is clicked on

27-02-2025T17:22:12 - [TEST_STEP][PASSED] - delay(1): Delayed 1 second(s)

27-02-2025T17:22:13 - [MESSAGE][PASSED] - Delayed 1 second(s)

27-02-2025T17:22:13 - [TEST_STEP][PASSED] - myImage = tooltipImagePath + myKey + ".png": null

27-02-2025T17:22:13 - [TEST_STEP][PASSED] - f = new java.io.File(myImage): null

27-02-2025T17:22:13 - [TEST_STEP][PASSED] - if (f.exists()): null

27-02-2025T17:22:13 - [TEST_STEP][PASSED] - println("Looking for " + myImage): null

27-02-2025T17:22:13 - [TEST_STEP][PASSED] - icn = Pattern(myImage).similar(0.10): null

27-02-2025T17:22:13 - [TEST_STEP][PASSED] - found = s.exists(icn): null

27-02-2025T17:22:13 - [TEST_STEP][PASSED] - println(found): null

27-02-2025T17:22:13 - [TEST_STEP][PASSED] - if (found != null): null

27-02-2025T17:22:13 - [TEST_STEP][PASSED] - foundStr = found.toString(): null

27-02-2025T17:22:13 - [TEST_STEP][PASSED] - matchP = foundStr.indexOf("%"): null

27-02-2025T17:22:13 - [TEST_STEP][PASSED] - if (matchP >= 0): null

27-02-2025T17:22:13 - [TEST_STEP][PASSED] - println(matchP): null

27-02-2025T17:22:13 - [TEST_STEP][PASSED] - pct = foundStr.substring(matchP + 1, matchP + 6): null

27-02-2025T17:22:13 - [TEST_STEP][PASSED] - pctF = pct.toFloat(): null

27-02-2025T17:22:13 - [TEST_STEP][PASSED] - outText = "+++ Tooltip match value for " + myKey + " is " + pctF + "%": null

27-02-2025T17:22:13 - [TEST_STEP][PASSED] - min = 80: null

27-02-2025T17:22:13 - [TEST_STEP][PASSED] - if (pctF.toFloat() < min.toFloat()): null

27-02-2025T17:22:13 - [TEST_STEP][PASSED] - if (myKey != "dummy"): null

27-02-2025T17:22:13 - [TEST_STEP][PASSED] - println(outText): null

27-02-2025T17:22:13 - [TEST_STEP][PASSED] - outFile.append(outText + "
"): null

27-02-2025T17:22:13 - [TEST_STEP][PASSED] - myKey = key: null

27-02-2025T17:22:13 - [TEST_STEP][PASSED] - myValue = value: null

27-02-2025T17:22:13 - [TEST_STEP][PASSED] - println("myKey is " + myKey): null

27-02-2025T17:22:13 - [TEST_STEP][PASSED] - println("myValue is " + myValue): null

27-02-2025T17:22:13 - [TEST_STEP][PASSED] - if (myKey != "dummy"): null

27-02-2025T17:22:13 - [TEST_STEP][PASSED] - tObj = testObjectFolder + myValue: null

27-02-2025T17:22:13 - [TEST_STEP][PASSED] - click(tObj): null

27-02-2025T17:22:13 - [TEST_STEP][PASSED] - scrollToObject(object): null

27-02-2025T17:22:13 - [TEST_STEP][PASSED] - println("Converting " + object + " to web element"): null

27-02-2025T17:22:13 - [TEST_STEP][PASSED] - element = findWebElement(findTestObject(object), 1): null

27-02-2025T17:22:13 - [TEST_STEP][PASSED] - loc = element.getLocation(): null

27-02-2025T17:22:13 - [TEST_STEP][PASSED] - x = loc.getX(): null

27-02-2025T17:22:13 - [TEST_STEP][PASSED] - if (x >= 560): null

27-02-2025T17:22:13 - [TEST_STEP][PASSED] - y = loc.getY(): null

27-02-2025T17:22:13 - [TEST_STEP][PASSED] - println("Y location is " + y): null

27-02-2025T17:22:13 - [TEST_STEP][PASSED] - top = getViewportTopPosition(): Current viewport's top (y) position is 0

27-02-2025T17:22:13 - [MESSAGE][PASSED] - Current viewport's top (y) position is 0

27-02-2025T17:22:13 - [TEST_STEP][PASSED] - println("Viewport top is " + top): null

27-02-2025T17:22:13 - [TEST_STEP][PASSED] - bottom = top + 600: null

27-02-2025T17:22:13 - [TEST_STEP][PASSED] - if (y - top < 150 || bottom - y < 10): null

27-02-2025T17:22:13 - [TEST_STEP][PASSED] - click(findTestObject(object)): null

27-02-2025T17:22:13 - [MESSAGE][PASSED] - Object: 'Object Repository/Education Candidate Profile/Tabs/Spouse Info/img_Spouse Citizenship Country_field-tooltip' is clicked on

27-02-2025T17:22:13 - [TEST_STEP][PASSED] - delay(1): Delayed 1 second(s)

27-02-2025T17:22:14 - [MESSAGE][PASSED] - Delayed 1 second(s)

27-02-2025T17:22:14 - [TEST_STEP][PASSED] - myImage = tooltipImagePath + myKey + ".png": null

27-02-2025T17:22:14 - [TEST_STEP][PASSED] - f = new java.io.File(myImage): null

27-02-2025T17:22:14 - [TEST_STEP][PASSED] - if (f.exists()): null

27-02-2025T17:22:14 - [TEST_STEP][PASSED] - println("Looking for " + myImage): null

27-02-2025T17:22:14 - [TEST_STEP][PASSED] - icn = Pattern(myImage).similar(0.10): null

27-02-2025T17:22:14 - [TEST_STEP][PASSED] - found = s.exists(icn): null

27-02-2025T17:22:14 - [TEST_STEP][PASSED] - println(found): null

27-02-2025T17:22:14 - [TEST_STEP][PASSED] - if (found != null): null

27-02-2025T17:22:14 - [TEST_STEP][PASSED] - foundStr = found.toString(): null

27-02-2025T17:22:14 - [TEST_STEP][PASSED] - matchP = foundStr.indexOf("%"): null

27-02-2025T17:22:14 - [TEST_STEP][PASSED] - if (matchP >= 0): null

27-02-2025T17:22:14 - [TEST_STEP][PASSED] - println(matchP): null

27-02-2025T17:22:14 - [TEST_STEP][PASSED] - pct = foundStr.substring(matchP + 1, matchP + 6): null

27-02-2025T17:22:14 - [TEST_STEP][PASSED] - pctF = pct.toFloat(): null

27-02-2025T17:22:14 - [TEST_STEP][PASSED] - outText = "+++ Tooltip match value for " + myKey + " is " + pctF + "%": null

27-02-2025T17:22:14 - [TEST_STEP][PASSED] - min = 80: null

27-02-2025T17:22:14 - [TEST_STEP][PASSED] - if (pctF.toFloat() < min.toFloat()): null

27-02-2025T17:22:14 - [TEST_STEP][PASSED] - if (myKey != "dummy"): null

27-02-2025T17:22:14 - [TEST_STEP][PASSED] - println(outText): null

27-02-2025T17:22:14 - [TEST_STEP][PASSED] - outFile.append(outText + "
"): null

27-02-2025T17:22:14 - [TEST_STEP][PASSED] - myKey = key: null

27-02-2025T17:22:14 - [TEST_STEP][PASSED] - myValue = value: null

27-02-2025T17:22:14 - [TEST_STEP][PASSED] - println("myKey is " + myKey): null

27-02-2025T17:22:14 - [TEST_STEP][PASSED] - println("myValue is " + myValue): null

27-02-2025T17:22:14 - [TEST_STEP][PASSED] - if (myKey != "dummy"): null

27-02-2025T17:22:14 - [TEST_STEP][PASSED] - tObj = testObjectFolder + myValue: null

27-02-2025T17:22:14 - [TEST_STEP][PASSED] - click(tObj): null

27-02-2025T17:22:14 - [TEST_STEP][PASSED] - scrollToObject(object): null

27-02-2025T17:22:14 - [TEST_STEP][PASSED] - println("Converting " + object + " to web element"): null

27-02-2025T17:22:14 - [TEST_STEP][PASSED] - element = findWebElement(findTestObject(object), 1): null

27-02-2025T17:22:14 - [TEST_STEP][PASSED] - loc = element.getLocation(): null

27-02-2025T17:22:14 - [TEST_STEP][PASSED] - x = loc.getX(): null

27-02-2025T17:22:14 - [TEST_STEP][PASSED] - if (x >= 560): null

27-02-2025T17:22:14 - [TEST_STEP][PASSED] - y = loc.getY(): null

27-02-2025T17:22:14 - [TEST_STEP][PASSED] - println("Y location is " + y): null

27-02-2025T17:22:14 - [TEST_STEP][PASSED] - top = getViewportTopPosition(): Current viewport's top (y) position is 0

27-02-2025T17:22:14 - [MESSAGE][PASSED] - Current viewport's top (y) position is 0

27-02-2025T17:22:14 - [TEST_STEP][PASSED] - println("Viewport top is " + top): null

27-02-2025T17:22:14 - [TEST_STEP][PASSED] - bottom = top + 600: null

27-02-2025T17:22:14 - [TEST_STEP][PASSED] - if (y - top < 150 || bottom - y < 10): Delayed 1 second(s)

27-02-2025T17:22:14 - [TEST_STEP][PASSED] - scrollToPosition(0, y - 170): Browser is scrolled to position x = 0, y = 485

27-02-2025T17:22:14 - [MESSAGE][PASSED] - Browser is scrolled to position x = 0, y = 485

27-02-2025T17:22:14 - [TEST_STEP][PASSED] - delay(1): Delayed 1 second(s)

27-02-2025T17:22:15 - [MESSAGE][PASSED] - Delayed 1 second(s)

27-02-2025T17:22:15 - [TEST_STEP][PASSED] - click(findTestObject(object)): null

27-02-2025T17:22:15 - [MESSAGE][PASSED] - Object: 'Object Repository/Education Candidate Profile/Tabs/Spouse Info/img_Spouse Serving with You_field-tooltip' is clicked on

27-02-2025T17:22:15 - [TEST_STEP][PASSED] - delay(1): Delayed 1 second(s)

27-02-2025T17:22:16 - [MESSAGE][PASSED] - Delayed 1 second(s)

27-02-2025T17:22:16 - [TEST_STEP][PASSED] - myImage = tooltipImagePath + myKey + ".png": null

27-02-2025T17:22:16 - [TEST_STEP][PASSED] - f = new java.io.File(myImage): null

27-02-2025T17:22:16 - [TEST_STEP][PASSED] - if (f.exists()): null

27-02-2025T17:22:16 - [TEST_STEP][PASSED] - println("Looking for " + myImage): null

27-02-2025T17:22:16 - [TEST_STEP][PASSED] - icn = Pattern(myImage).similar(0.10): null

27-02-2025T17:22:17 - [TEST_STEP][PASSED] - found = s.exists(icn): null

27-02-2025T17:22:17 - [TEST_STEP][PASSED] - println(found): null

27-02-2025T17:22:17 - [TEST_STEP][PASSED] - if (found != null): null

27-02-2025T17:22:17 - [TEST_STEP][PASSED] - foundStr = found.toString(): null

27-02-2025T17:22:17 - [TEST_STEP][PASSED] - matchP = foundStr.indexOf("%"): null

27-02-2025T17:22:17 - [TEST_STEP][PASSED] - if (matchP >= 0): null

27-02-2025T17:22:17 - [TEST_STEP][PASSED] - println(matchP): null

27-02-2025T17:22:17 - [TEST_STEP][PASSED] - pct = foundStr.substring(matchP + 1, matchP + 6): null

27-02-2025T17:22:17 - [TEST_STEP][PASSED] - pctF = pct.toFloat(): null

27-02-2025T17:22:17 - [TEST_STEP][PASSED] - outText = "+++ Tooltip match value for " + myKey + " is " + pctF + "%": null

27-02-2025T17:22:17 - [TEST_STEP][PASSED] - min = 80: null

27-02-2025T17:22:17 - [TEST_STEP][PASSED] - if (pctF.toFloat() < min.toFloat()): null

27-02-2025T17:22:17 - [TEST_STEP][PASSED] - if (myKey != "dummy"): null

27-02-2025T17:22:17 - [TEST_STEP][PASSED] - println(outText): null

27-02-2025T17:22:17 - [TEST_STEP][PASSED] - outFile.append(outText + "
"): null

27-02-2025T17:22:17 - [TEST_STEP][PASSED] - outText = "Verifying the tooltip text on the page is what was expected.
": null

27-02-2025T17:22:17 - [TEST_STEP][PASSED] - println(tooltipTextMap): null

27-02-2025T17:22:17 - [TEST_STEP][PASSED] - outFile.append(outText): null

27-02-2025T17:22:17 - [TEST_STEP][PASSED] - for (def it : tooltipText): null

27-02-2025T17:22:17 - [TEST_STEP][PASSED] - println(it): null

27-02-2025T17:22:17 - [TEST_STEP][PASSED] - myKey = key: null

27-02-2025T17:22:17 - [TEST_STEP][PASSED] - myText = value.replace(""", ""): null

27-02-2025T17:22:17 - [TEST_STEP][PASSED] - myText = myText.trim(): null

27-02-2025T17:22:17 - [TEST_STEP][PASSED] - println(myKey): null

27-02-2025T17:22:17 - [TEST_STEP][PASSED] - println(myText): null

27-02-2025T17:22:17 - [TEST_STEP][PASSED] - println(tooltipTextMap.get(myKey)): null

27-02-2025T17:22:17 - [TEST_STEP][PASSED] - actualText = get(myKey).replace(""", ""): null

27-02-2025T17:22:17 - [TEST_STEP][PASSED] - actualText = actualText.trim(): null

27-02-2025T17:22:17 - [TEST_STEP][PASSED] - println(myKey + ":" + actualText): null

27-02-2025T17:22:17 - [TEST_STEP][PASSED] - if (actualText != myText): null

27-02-2025T17:22:17 - [TEST_STEP][PASSED] - println(it): null

27-02-2025T17:22:17 - [TEST_STEP][PASSED] - myKey = key: null

27-02-2025T17:22:17 - [TEST_STEP][PASSED] - myText = value.replace(""", ""): null

27-02-2025T17:22:17 - [TEST_STEP][PASSED] - myText = myText.trim(): null

27-02-2025T17:22:17 - [TEST_STEP][PASSED] - println(myKey): null

27-02-2025T17:22:17 - [TEST_STEP][PASSED] - println(myText): null

27-02-2025T17:22:17 - [TEST_STEP][PASSED] - println(tooltipTextMap.get(myKey)): null

27-02-2025T17:22:17 - [TEST_STEP][PASSED] - actualText = get(myKey).replace(""", ""): null

27-02-2025T17:22:17 - [TEST_STEP][PASSED] - actualText = actualText.trim(): null

27-02-2025T17:22:17 - [TEST_STEP][PASSED] - println(myKey + ":" + actualText): null

27-02-2025T17:22:17 - [TEST_STEP][PASSED] - if (actualText != myText): null

27-02-2025T17:22:17 - [TEST_STEP][PASSED] - println(it): null

27-02-2025T17:22:17 - [TEST_STEP][PASSED] - myKey = key: null

27-02-2025T17:22:17 - [TEST_STEP][PASSED] - myText = value.replace(""", ""): null

27-02-2025T17:22:17 - [TEST_STEP][PASSED] - myText = myText.trim(): null

27-02-2025T17:22:17 - [TEST_STEP][PASSED] - println(myKey): null

27-02-2025T17:22:17 - [TEST_STEP][PASSED] - println(myText): null

27-02-2025T17:22:17 - [TEST_STEP][PASSED] - println(tooltipTextMap.get(myKey)): null

27-02-2025T17:22:17 - [TEST_STEP][PASSED] - actualText = get(myKey).replace(""", ""): null

27-02-2025T17:22:17 - [TEST_STEP][PASSED] - actualText = actualText.trim(): null

27-02-2025T17:22:17 - [TEST_STEP][PASSED] - println(myKey + ":" + actualText): null

27-02-2025T17:22:17 - [TEST_STEP][PASSED] - if (actualText != myText): null

27-02-2025T17:22:17 - [MESSAGE][PASSED] - Call Test Case 'Test Cases/_Functions/Test Tooltips' successfully

27-02-2025T17:22:17 - [TEST_STEP][PASSED] - outText = "Verifying the required field messages.
": null

27-02-2025T17:22:17 - [TEST_STEP][PASSED] - outFile.append(outText): null

27-02-2025T17:22:17 - [TEST_STEP][PASSED] - fieldList = []: null

27-02-2025T17:22:17 - [TEST_STEP][PASSED] - requiredFieldMsgs.each({ -> ... }): null

27-02-2025T17:22:17 - [TEST_STEP][PASSED] - callTestCase(findTestCase("_Functions/Test Field Error Messages"), ["varFieldList":fieldList, "varRequiredFieldMsgs":requiredFieldMsgs], STOP_ON_FAILURE): Call Test Case 'Test Cases/_Functions/Test Field Error Messages' successfully

27-02-2025T17:22:17 - [TEST_CASE][PASSED] - Test Cases/_Functions/Test Field Error Messages: Test Cases/_Functions/Test Field Error Messages

27-02-2025T17:22:17 - [TEST_STEP][PASSED] - count = callTestCase(findTestCase("_Functions/Find error messages"), ["varFunction":"count"], STOP_ON_FAILURE): Call Test Case 'Test Cases/_Functions/Find error messages' successfully

27-02-2025T17:22:17 - [TEST_CASE][PASSED] - Test Cases/_Functions/Find error messages: Test Cases/_Functions/Find error messages

27-02-2025T17:22:17 - [TEST_STEP][PASSED] - function = "count": null

27-02-2025T17:22:17 - [TEST_STEP][PASSED] - if (binding.hasVariable("varFunction")): null

27-02-2025T17:22:17 - [TEST_STEP][PASSED] - function = varFunction: null

27-02-2025T17:22:17 - [TEST_STEP][PASSED] - title = getWindowTitle(): Current window's title is: 'Education'

27-02-2025T17:22:17 - [MESSAGE][PASSED] - Current window's title is: 'Education'

27-02-2025T17:22:17 - [TEST_STEP][PASSED] - println("Page title is " + title): null

27-02-2025T17:22:17 - [TEST_STEP][PASSED] - driver = getWebDriver(): null

27-02-2025T17:22:17 - [TEST_STEP][PASSED] - elements = driver.findElements(By.xpath("//div[@class='col-sm-offset-3 col-sm-9 text-danger']")): null

27-02-2025T17:22:17 - [TEST_STEP][PASSED] - if (function == "count"): null

27-02-2025T17:22:17 - [TEST_STEP][PASSED] - return elements.size(): null

27-02-2025T17:22:17 - [MESSAGE][PASSED] - Call Test Case 'Test Cases/_Functions/Find error messages' successfully

27-02-2025T17:22:17 - [TEST_STEP][PASSED] - outFile = outFile: null

27-02-2025T17:22:17 - [TEST_STEP][PASSED] - if (count == 0): null

27-02-2025T17:22:17 - [TEST_STEP][PASSED] - else: Delayed 0 second(s)

27-02-2025T17:22:17 - [TEST_STEP][PASSED] - fieldList = varFieldList: null

27-02-2025T17:22:17 - [TEST_STEP][PASSED] - requiredFieldMsgs = varRequiredFieldMsgs: null

27-02-2025T17:22:17 - [TEST_STEP][PASSED] - outText = "Verifying error messages for fields " + fieldList: null

27-02-2025T17:22:17 - [TEST_STEP][PASSED] - for (def field : fieldList): null

27-02-2025T17:22:17 - [TEST_STEP][PASSED] - errorMsg = requiredFieldMsgs.get(field): null

27-02-2025T17:22:17 - [TEST_STEP][PASSED] - msg = verifyTextPresent(errorMsg, false, OPTIONAL): Text 'The spouse first name: field is required.' is present on page 

27-02-2025T17:22:17 - [MESSAGE][PASSED] - Text 'The spouse first name: field is required.' is present on page 

27-02-2025T17:22:17 - [TEST_STEP][PASSED] - println(field + ":" + msg): null

27-02-2025T17:22:17 - [TEST_STEP][PASSED] - if (!(msg)): null

27-02-2025T17:22:17 - [TEST_STEP][PASSED] - errorMsg = requiredFieldMsgs.get(field): null

27-02-2025T17:22:17 - [TEST_STEP][PASSED] - msg = verifyTextPresent(errorMsg, false, OPTIONAL): Text 'The spouse birth year field is required.' is present on page 

27-02-2025T17:22:17 - [MESSAGE][PASSED] - Text 'The spouse birth year field is required.' is present on page 

27-02-2025T17:22:17 - [TEST_STEP][PASSED] - println(field + ":" + msg): null

27-02-2025T17:22:17 - [TEST_STEP][PASSED] - if (!(msg)): null

27-02-2025T17:22:17 - [TEST_STEP][PASSED] - delay(fieldTestDelay): Delayed 0 second(s)

27-02-2025T17:22:17 - [MESSAGE][PASSED] - Delayed 0 second(s)

27-02-2025T17:22:17 - [MESSAGE][PASSED] - Call Test Case 'Test Cases/_Functions/Test Field Error Messages' successfully

27-02-2025T17:22:17 - [TEST_STEP][PASSED] - if (varSpouse_first_name != null): Call Test Case 'Test Cases/_Functions/Perform Action' successfully

27-02-2025T17:22:17 - [TEST_STEP][PASSED] - object = "Object Repository/Education Candidate Profile/Tabs/Spouse Info/input_Spouse First Name": null

27-02-2025T17:22:17 - [TEST_STEP][PASSED] - callTestCase(findTestCase("_Functions/Perform Action"), ["varAction":"setText", "varObject":object, "varParm1":varSpouse_first_name], STOP_ON_FAILURE): Call Test Case 'Test Cases/_Functions/Perform Action' successfully

27-02-2025T17:22:17 - [TEST_CASE][PASSED] - Test Cases/_Functions/Perform Action: Test Cases/_Functions/Perform Action

27-02-2025T17:22:17 - [TEST_STEP][PASSED] - action = varAction: null

27-02-2025T17:22:17 - [TEST_STEP][PASSED] - println(action): null

27-02-2025T17:22:17 - [TEST_STEP][PASSED] - testObject = varObject: null

27-02-2025T17:22:17 - [TEST_STEP][PASSED] - println(testObject): null

27-02-2025T17:22:17 - [TEST_STEP][PASSED] - parm1 = varParm1: null

27-02-2025T17:22:17 - [TEST_STEP][PASSED] - println(parm1): null

27-02-2025T17:22:17 - [TEST_STEP][PASSED] - println("Converting " + testObject + " to web element"): null

27-02-2025T17:22:17 - [TEST_STEP][PASSED] - element = findWebElement(findTestObject(testObject), 1): null

27-02-2025T17:22:17 - [TEST_STEP][PASSED] - loc = element.getLocation(): null

27-02-2025T17:22:17 - [TEST_STEP][PASSED] - y = loc.getY(): null

27-02-2025T17:22:17 - [TEST_STEP][PASSED] - println("Y location is " + y): null

27-02-2025T17:22:17 - [TEST_STEP][PASSED] - top = getViewportTopPosition(): Current viewport's top (y) position is 298

27-02-2025T17:22:17 - [MESSAGE][PASSED] - Current viewport's top (y) position is 298

27-02-2025T17:22:17 - [TEST_STEP][PASSED] - println("Viewport top is " + top): null

27-02-2025T17:22:17 - [TEST_STEP][PASSED] - bottom = top + 600: null

27-02-2025T17:22:17 - [TEST_STEP][PASSED] - if (y - top < 150 || bottom - y < 10): Delayed 1 second(s)

27-02-2025T17:22:17 - [TEST_STEP][PASSED] - scrollToPosition(0, y - 150): Browser is scrolled to position x = 0, y = 253

27-02-2025T17:22:17 - [MESSAGE][PASSED] - Browser is scrolled to position x = 0, y = 253

27-02-2025T17:22:17 - [TEST_STEP][PASSED] - delay(1): Delayed 1 second(s)

27-02-2025T17:22:18 - [MESSAGE][PASSED] - Delayed 1 second(s)

27-02-2025T17:22:18 - [TEST_STEP][PASSED] - if (action == "click"): null

27-02-2025T17:22:18 - [TEST_STEP][PASSED] - else if (action == "selectOptionByValue"): null

27-02-2025T17:22:18 - [TEST_STEP][PASSED] - else if (action == "setText"): Text 'Jennifer' is set on object 'Object Repository/Education Candidate Profile/Tabs/Spouse Info/input_Spouse First Name'

27-02-2025T17:22:18 - [TEST_STEP][PASSED] - println("Setting text " + parm1): null

27-02-2025T17:22:18 - [TEST_STEP][PASSED] - setText(findTestObject(testObject), parm1): Text 'Jennifer' is set on object 'Object Repository/Education Candidate Profile/Tabs/Spouse Info/input_Spouse First Name'

27-02-2025T17:22:18 - [MESSAGE][PASSED] - Text 'Jennifer' is set on object 'Object Repository/Education Candidate Profile/Tabs/Spouse Info/input_Spouse First Name'

27-02-2025T17:22:18 - [MESSAGE][PASSED] - Call Test Case 'Test Cases/_Functions/Perform Action' successfully

27-02-2025T17:22:18 - [TEST_STEP][PASSED] - if (varSpouse_last_name != null): Call Test Case 'Test Cases/_Functions/Perform Action' successfully

27-02-2025T17:22:18 - [TEST_STEP][PASSED] - object = "Object Repository/Education Candidate Profile/Tabs/Spouse Info/input_Spouse Last Name": null

27-02-2025T17:22:18 - [TEST_STEP][PASSED] - callTestCase(findTestCase("_Functions/Perform Action"), ["varAction":"setText", "varObject":object, "varParm1":varSpouse_last_name], STOP_ON_FAILURE): Call Test Case 'Test Cases/_Functions/Perform Action' successfully

27-02-2025T17:22:18 - [TEST_CASE][PASSED] - Test Cases/_Functions/Perform Action: Test Cases/_Functions/Perform Action

27-02-2025T17:22:18 - [TEST_STEP][PASSED] - action = varAction: null

27-02-2025T17:22:18 - [TEST_STEP][PASSED] - println(action): null

27-02-2025T17:22:18 - [TEST_STEP][PASSED] - testObject = varObject: null

27-02-2025T17:22:18 - [TEST_STEP][PASSED] - println(testObject): null

27-02-2025T17:22:18 - [TEST_STEP][PASSED] - parm1 = varParm1: null

27-02-2025T17:22:18 - [TEST_STEP][PASSED] - println(parm1): null

27-02-2025T17:22:18 - [TEST_STEP][PASSED] - println("Converting " + testObject + " to web element"): null

27-02-2025T17:22:18 - [TEST_STEP][PASSED] - element = findWebElement(findTestObject(testObject), 1): null

27-02-2025T17:22:18 - [TEST_STEP][PASSED] - loc = element.getLocation(): null

27-02-2025T17:22:18 - [TEST_STEP][PASSED] - y = loc.getY(): null

27-02-2025T17:22:18 - [TEST_STEP][PASSED] - println("Y location is " + y): null

27-02-2025T17:22:18 - [TEST_STEP][PASSED] - top = getViewportTopPosition(): Current viewport's top (y) position is 253

27-02-2025T17:22:18 - [MESSAGE][PASSED] - Current viewport's top (y) position is 253

27-02-2025T17:22:18 - [TEST_STEP][PASSED] - println("Viewport top is " + top): null

27-02-2025T17:22:18 - [TEST_STEP][PASSED] - bottom = top + 600: null

27-02-2025T17:22:18 - [TEST_STEP][PASSED] - if (y - top < 150 || bottom - y < 10): null

27-02-2025T17:22:18 - [TEST_STEP][PASSED] - if (action == "click"): null

27-02-2025T17:22:18 - [TEST_STEP][PASSED] - else if (action == "selectOptionByValue"): null

27-02-2025T17:22:18 - [TEST_STEP][PASSED] - else if (action == "setText"): Text 'Kosieracki' is set on object 'Object Repository/Education Candidate Profile/Tabs/Spouse Info/input_Spouse Last Name'

27-02-2025T17:22:18 - [TEST_STEP][PASSED] - println("Setting text " + parm1): null

27-02-2025T17:22:18 - [TEST_STEP][PASSED] - setText(findTestObject(testObject), parm1): Text 'Kosieracki' is set on object 'Object Repository/Education Candidate Profile/Tabs/Spouse Info/input_Spouse Last Name'

27-02-2025T17:22:18 - [MESSAGE][PASSED] - Text 'Kosieracki' is set on object 'Object Repository/Education Candidate Profile/Tabs/Spouse Info/input_Spouse Last Name'

27-02-2025T17:22:18 - [MESSAGE][PASSED] - Call Test Case 'Test Cases/_Functions/Perform Action' successfully

27-02-2025T17:22:18 - [TEST_STEP][PASSED] - if (varSpouse_birth_year != null): Call Test Case 'Test Cases/_Functions/Perform Action' successfully

27-02-2025T17:22:18 - [TEST_STEP][PASSED] - object = "Object Repository/Education Candidate Profile/Tabs/Spouse Info/input_Spouse Birth Year": null

27-02-2025T17:22:18 - [TEST_STEP][PASSED] - callTestCase(findTestCase("_Functions/Perform Action"), ["varAction":"setText", "varObject":object, "varParm1":varSpouse_birth_year], STOP_ON_FAILURE): Call Test Case 'Test Cases/_Functions/Perform Action' successfully

27-02-2025T17:22:18 - [TEST_CASE][PASSED] - Test Cases/_Functions/Perform Action: Test Cases/_Functions/Perform Action

27-02-2025T17:22:18 - [TEST_STEP][PASSED] - action = varAction: null

27-02-2025T17:22:18 - [TEST_STEP][PASSED] - println(action): null

27-02-2025T17:22:18 - [TEST_STEP][PASSED] - testObject = varObject: null

27-02-2025T17:22:18 - [TEST_STEP][PASSED] - println(testObject): null

27-02-2025T17:22:18 - [TEST_STEP][PASSED] - parm1 = varParm1: null

27-02-2025T17:22:18 - [TEST_STEP][PASSED] - println(parm1): null

27-02-2025T17:22:18 - [TEST_STEP][PASSED] - println("Converting " + testObject + " to web element"): null

27-02-2025T17:22:18 - [TEST_STEP][PASSED] - element = findWebElement(findTestObject(testObject), 1): null

27-02-2025T17:22:18 - [TEST_STEP][PASSED] - loc = element.getLocation(): null

27-02-2025T17:22:18 - [TEST_STEP][PASSED] - y = loc.getY(): null

27-02-2025T17:22:18 - [TEST_STEP][PASSED] - println("Y location is " + y): null

27-02-2025T17:22:18 - [TEST_STEP][PASSED] - top = getViewportTopPosition(): Current viewport's top (y) position is 253

27-02-2025T17:22:18 - [MESSAGE][PASSED] - Current viewport's top (y) position is 253

27-02-2025T17:22:18 - [TEST_STEP][PASSED] - println("Viewport top is " + top): null

27-02-2025T17:22:18 - [TEST_STEP][PASSED] - bottom = top + 600: null

27-02-2025T17:22:18 - [TEST_STEP][PASSED] - if (y - top < 150 || bottom - y < 10): null

27-02-2025T17:22:18 - [TEST_STEP][PASSED] - if (action == "click"): null

27-02-2025T17:22:18 - [TEST_STEP][PASSED] - else if (action == "selectOptionByValue"): null

27-02-2025T17:22:18 - [TEST_STEP][PASSED] - else if (action == "setText"): Text '1951' is set on object 'Object Repository/Education Candidate Profile/Tabs/Spouse Info/input_Spouse Birth Year'

27-02-2025T17:22:18 - [TEST_STEP][PASSED] - println("Setting text " + parm1): null

27-02-2025T17:22:18 - [TEST_STEP][PASSED] - setText(findTestObject(testObject), parm1): Text '1951' is set on object 'Object Repository/Education Candidate Profile/Tabs/Spouse Info/input_Spouse Birth Year'

27-02-2025T17:22:18 - [MESSAGE][PASSED] - Text '1951' is set on object 'Object Repository/Education Candidate Profile/Tabs/Spouse Info/input_Spouse Birth Year'

27-02-2025T17:22:18 - [MESSAGE][PASSED] - Call Test Case 'Test Cases/_Functions/Perform Action' successfully

27-02-2025T17:22:18 - [TEST_STEP][PASSED] - if (varSpouse_citizenship_country != null): Call Test Case 'Test Cases/_Functions/Perform Action' successfully

27-02-2025T17:22:18 - [TEST_STEP][PASSED] - object = "Object Repository/Education Candidate Profile/Tabs/Spouse Info/select_Spouse Citizenship Country": null

27-02-2025T17:22:18 - [TEST_STEP][PASSED] - callTestCase(findTestCase("_Functions/Perform Action"), ["varAction":"selectOptionByValue", "varObject":object, "varParm1":varSpouse_citizenship_country], STOP_ON_FAILURE): Call Test Case 'Test Cases/_Functions/Perform Action' successfully

27-02-2025T17:22:18 - [TEST_CASE][PASSED] - Test Cases/_Functions/Perform Action: Test Cases/_Functions/Perform Action

27-02-2025T17:22:18 - [TEST_STEP][PASSED] - action = varAction: null

27-02-2025T17:22:18 - [TEST_STEP][PASSED] - println(action): null

27-02-2025T17:22:18 - [TEST_STEP][PASSED] - testObject = varObject: null

27-02-2025T17:22:18 - [TEST_STEP][PASSED] - println(testObject): null

27-02-2025T17:22:18 - [TEST_STEP][PASSED] - parm1 = varParm1: null

27-02-2025T17:22:18 - [TEST_STEP][PASSED] - println(parm1): null

27-02-2025T17:22:18 - [TEST_STEP][PASSED] - println("Converting " + testObject + " to web element"): null

27-02-2025T17:22:18 - [TEST_STEP][PASSED] - element = findWebElement(findTestObject(testObject), 1): null

27-02-2025T17:22:18 - [TEST_STEP][PASSED] - loc = element.getLocation(): null

27-02-2025T17:22:18 - [TEST_STEP][PASSED] - y = loc.getY(): null

27-02-2025T17:22:18 - [TEST_STEP][PASSED] - println("Y location is " + y): null

27-02-2025T17:22:18 - [TEST_STEP][PASSED] - top = getViewportTopPosition(): Current viewport's top (y) position is 253

27-02-2025T17:22:18 - [MESSAGE][PASSED] - Current viewport's top (y) position is 253

27-02-2025T17:22:18 - [TEST_STEP][PASSED] - println("Viewport top is " + top): null

27-02-2025T17:22:18 - [TEST_STEP][PASSED] - bottom = top + 600: null

27-02-2025T17:22:18 - [TEST_STEP][PASSED] - if (y - top < 150 || bottom - y < 10): null

27-02-2025T17:22:18 - [TEST_STEP][PASSED] - if (action == "click"): null

27-02-2025T17:22:18 - [TEST_STEP][PASSED] - else if (action == "selectOptionByValue"): All options with value 'United States' are selected in object 'Object Repository/Education Candidate Profile/Tabs/Spouse Info/select_Spouse Citizenship Country' 

27-02-2025T17:22:18 - [TEST_STEP][PASSED] - println("Selecting " + parm1): null

27-02-2025T17:22:18 - [TEST_STEP][PASSED] - selectOptionByValue(findTestObject(testObject), parm1, false): All options with value 'United States' are selected in object 'Object Repository/Education Candidate Profile/Tabs/Spouse Info/select_Spouse Citizenship Country' 

27-02-2025T17:22:18 - [MESSAGE][PASSED] - All options with value 'United States' are selected in object 'Object Repository/Education Candidate Profile/Tabs/Spouse Info/select_Spouse Citizenship Country' 

27-02-2025T17:22:18 - [MESSAGE][PASSED] - Call Test Case 'Test Cases/_Functions/Perform Action' successfully

27-02-2025T17:22:18 - [TEST_STEP][PASSED] - if (varSpouse_ethnicity != null): Call Test Case 'Test Cases/_Functions/Perform Action' successfully

27-02-2025T17:22:18 - [TEST_STEP][PASSED] - object = "Object Repository/Education Candidate Profile/Tabs/Spouse Info/select_Spouse Ethnicity": null

27-02-2025T17:22:18 - [TEST_STEP][PASSED] - callTestCase(findTestCase("_Functions/Perform Action"), ["varAction":"selectOptionByValue", "varObject":object, "varParm1":varSpouse_ethnicity], STOP_ON_FAILURE): Call Test Case 'Test Cases/_Functions/Perform Action' successfully

27-02-2025T17:22:18 - [TEST_CASE][PASSED] - Test Cases/_Functions/Perform Action: Test Cases/_Functions/Perform Action

27-02-2025T17:22:18 - [TEST_STEP][PASSED] - action = varAction: null

27-02-2025T17:22:18 - [TEST_STEP][PASSED] - println(action): null

27-02-2025T17:22:18 - [TEST_STEP][PASSED] - testObject = varObject: null

27-02-2025T17:22:18 - [TEST_STEP][PASSED] - println(testObject): null

27-02-2025T17:22:18 - [TEST_STEP][PASSED] - parm1 = varParm1: null

27-02-2025T17:22:18 - [TEST_STEP][PASSED] - println(parm1): null

27-02-2025T17:22:18 - [TEST_STEP][PASSED] - println("Converting " + testObject + " to web element"): null

27-02-2025T17:22:18 - [TEST_STEP][PASSED] - element = findWebElement(findTestObject(testObject), 1): null

27-02-2025T17:22:18 - [TEST_STEP][PASSED] - loc = element.getLocation(): null

27-02-2025T17:22:18 - [TEST_STEP][PASSED] - y = loc.getY(): null

27-02-2025T17:22:18 - [TEST_STEP][PASSED] - println("Y location is " + y): null

27-02-2025T17:22:18 - [TEST_STEP][PASSED] - top = getViewportTopPosition(): Current viewport's top (y) position is 253

27-02-2025T17:22:18 - [MESSAGE][PASSED] - Current viewport's top (y) position is 253

27-02-2025T17:22:18 - [TEST_STEP][PASSED] - println("Viewport top is " + top): null

27-02-2025T17:22:18 - [TEST_STEP][PASSED] - bottom = top + 600: null

27-02-2025T17:22:18 - [TEST_STEP][PASSED] - if (y - top < 150 || bottom - y < 10): null

27-02-2025T17:22:18 - [TEST_STEP][PASSED] - if (action == "click"): null

27-02-2025T17:22:18 - [TEST_STEP][PASSED] - else if (action == "selectOptionByValue"): All options with value 'WHITE/CAUCASIAN' are selected in object 'Object Repository/Education Candidate Profile/Tabs/Spouse Info/select_Spouse Ethnicity' 

27-02-2025T17:22:18 - [TEST_STEP][PASSED] - println("Selecting " + parm1): null

27-02-2025T17:22:18 - [TEST_STEP][PASSED] - selectOptionByValue(findTestObject(testObject), parm1, false): All options with value 'WHITE/CAUCASIAN' are selected in object 'Object Repository/Education Candidate Profile/Tabs/Spouse Info/select_Spouse Ethnicity' 

27-02-2025T17:22:18 - [MESSAGE][PASSED] - All options with value 'WHITE/CAUCASIAN' are selected in object 'Object Repository/Education Candidate Profile/Tabs/Spouse Info/select_Spouse Ethnicity' 

27-02-2025T17:22:18 - [MESSAGE][PASSED] - Call Test Case 'Test Cases/_Functions/Perform Action' successfully

27-02-2025T17:22:18 - [TEST_STEP][PASSED] - if (varSpouse_serving_with_you == "Yes"): null

27-02-2025T17:22:18 - [TEST_STEP][PASSED] - object = "Object Repository/Education Candidate Profile/Tabs/Spouse Info/input_Spouse Serving with You Yes": null

27-02-2025T17:22:18 - [TEST_STEP][PASSED] - callTestCase(findTestCase("_Functions/Perform Action"), ["varAction":"click", "varObject":object], STOP_ON_FAILURE): Call Test Case 'Test Cases/_Functions/Perform Action' successfully

27-02-2025T17:22:19 - [TEST_CASE][PASSED] - Test Cases/_Functions/Perform Action: Test Cases/_Functions/Perform Action

27-02-2025T17:22:19 - [TEST_STEP][PASSED] - action = varAction: null

27-02-2025T17:22:19 - [TEST_STEP][PASSED] - println(action): null

27-02-2025T17:22:19 - [TEST_STEP][PASSED] - testObject = varObject: null

27-02-2025T17:22:19 - [TEST_STEP][PASSED] - println(testObject): null

27-02-2025T17:22:19 - [TEST_STEP][PASSED] - parm1 = varParm1: null

27-02-2025T17:22:19 - [TEST_STEP][PASSED] - println(parm1): null

27-02-2025T17:22:19 - [TEST_STEP][PASSED] - println("Converting " + testObject + " to web element"): null

27-02-2025T17:22:19 - [TEST_STEP][PASSED] - element = findWebElement(findTestObject(testObject), 1): null

27-02-2025T17:22:19 - [TEST_STEP][PASSED] - loc = element.getLocation(): null

27-02-2025T17:22:19 - [TEST_STEP][PASSED] - y = loc.getY(): null

27-02-2025T17:22:19 - [TEST_STEP][PASSED] - println("Y location is " + y): null

27-02-2025T17:22:19 - [TEST_STEP][PASSED] - top = getViewportTopPosition(): Current viewport's top (y) position is 253

27-02-2025T17:22:19 - [MESSAGE][PASSED] - Current viewport's top (y) position is 253

27-02-2025T17:22:19 - [TEST_STEP][PASSED] - println("Viewport top is " + top): null

27-02-2025T17:22:19 - [TEST_STEP][PASSED] - bottom = top + 600: null

27-02-2025T17:22:19 - [TEST_STEP][PASSED] - if (y - top < 150 || bottom - y < 10): null

27-02-2025T17:22:19 - [TEST_STEP][PASSED] - if (action == "click"): Object: 'Object Repository/Education Candidate Profile/Tabs/Spouse Info/input_Spouse Serving with You Yes' is clicked on

27-02-2025T17:22:19 - [TEST_STEP][PASSED] - println("clicking"): null

27-02-2025T17:22:19 - [TEST_STEP][PASSED] - click(findTestObject(testObject)): Object: 'Object Repository/Education Candidate Profile/Tabs/Spouse Info/input_Spouse Serving with You Yes' is clicked on

27-02-2025T17:22:19 - [MESSAGE][PASSED] - Object: 'Object Repository/Education Candidate Profile/Tabs/Spouse Info/input_Spouse Serving with You Yes' is clicked on

27-02-2025T17:22:19 - [MESSAGE][PASSED] - Call Test Case 'Test Cases/_Functions/Perform Action' successfully

27-02-2025T17:22:19 - [TEST_STEP][PASSED] - object = "Education Candidate Profile/Tabs/btn_Submit": null

27-02-2025T17:22:19 - [TEST_STEP][PASSED] - callTestCase(findTestCase("_Functions/Perform Action"), ["varAction":"click", "varObject":object], STOP_ON_FAILURE): Call Test Case 'Test Cases/_Functions/Perform Action' successfully

27-02-2025T17:22:19 - [TEST_CASE][PASSED] - Test Cases/_Functions/Perform Action: Test Cases/_Functions/Perform Action

27-02-2025T17:22:19 - [TEST_STEP][PASSED] - action = varAction: null

27-02-2025T17:22:19 - [TEST_STEP][PASSED] - println(action): null

27-02-2025T17:22:19 - [TEST_STEP][PASSED] - testObject = varObject: null

27-02-2025T17:22:19 - [TEST_STEP][PASSED] - println(testObject): null

27-02-2025T17:22:19 - [TEST_STEP][PASSED] - parm1 = varParm1: null

27-02-2025T17:22:19 - [TEST_STEP][PASSED] - println(parm1): null

27-02-2025T17:22:19 - [TEST_STEP][PASSED] - println("Converting " + testObject + " to web element"): null

27-02-2025T17:22:19 - [TEST_STEP][PASSED] - element = findWebElement(findTestObject(testObject), 1): null

27-02-2025T17:22:19 - [TEST_STEP][PASSED] - loc = element.getLocation(): null

27-02-2025T17:22:19 - [TEST_STEP][PASSED] - y = loc.getY(): null

27-02-2025T17:22:19 - [TEST_STEP][PASSED] - println("Y location is " + y): null

27-02-2025T17:22:19 - [TEST_STEP][PASSED] - top = getViewportTopPosition(): Current viewport's top (y) position is 253

27-02-2025T17:22:19 - [MESSAGE][PASSED] - Current viewport's top (y) position is 253

27-02-2025T17:22:19 - [TEST_STEP][PASSED] - println("Viewport top is " + top): null

27-02-2025T17:22:19 - [TEST_STEP][PASSED] - bottom = top + 600: null

27-02-2025T17:22:19 - [TEST_STEP][PASSED] - if (y - top < 150 || bottom - y < 10): null

27-02-2025T17:22:19 - [TEST_STEP][PASSED] - if (action == "click"): Object: 'Object Repository/Education Candidate Profile/Tabs/btn_Submit' is clicked on

27-02-2025T17:22:19 - [TEST_STEP][PASSED] - println("clicking"): null

27-02-2025T17:22:19 - [TEST_STEP][PASSED] - click(findTestObject(testObject)): Object: 'Object Repository/Education Candidate Profile/Tabs/btn_Submit' is clicked on

27-02-2025T17:22:21 - [MESSAGE][PASSED] - Object: 'Object Repository/Education Candidate Profile/Tabs/btn_Submit' is clicked on

27-02-2025T17:22:21 - [MESSAGE][PASSED] - Call Test Case 'Test Cases/_Functions/Perform Action' successfully

27-02-2025T17:22:21 - [MESSAGE][PASSED] - Call Test Case 'Test Cases/Education Candidate Profile/Tabs/Set Spouse Info' successfully

27-02-2025T17:22:21 - [TEST_STEP][PASSED] - if (pages.size() == 0 || "All" in pages || "Spouse Experience" in pages): Call Test Case 'Test Cases/Education Candidate Profile/Tabs/Set Spouse Experience' successfully

27-02-2025T17:22:21 - [TEST_STEP][PASSED] - spouse_highest_degree_earned = "Bachelor of Arts (BA)": null

27-02-2025T17:22:21 - [TEST_STEP][PASSED] - spouse_degree_field = "Music": null

27-02-2025T17:22:21 - [TEST_STEP][PASSED] - spouse_occupation = "Piano Teacher": null

27-02-2025T17:22:21 - [TEST_STEP][PASSED] - spouse_an_educator = "Yes": null

27-02-2025T17:22:21 - [TEST_STEP][PASSED] - callTestCase(findTestCase("Education Candidate Profile/Tabs/Set Spouse Experience"), ["varSpouse_highest_degree_earned":spouse_highest_degree_earned, "varSpouse_degree_field":spouse_degree_field, "varSpouse_occupation":spouse_occupation, ... ], STOP_ON_FAILURE): Call Test Case 'Test Cases/Education Candidate Profile/Tabs/Set Spouse Experience' successfully

27-02-2025T17:22:21 - [TEST_CASE][PASSED] - Test Cases/Education Candidate Profile/Tabs/Set Spouse Experience: Test Cases/Education Candidate Profile/Tabs/Set Spouse Experience

27-02-2025T17:22:21 - [TEST_STEP][PASSED] - username = username: null

27-02-2025T17:22:21 - [TEST_STEP][PASSED] - if (username != "cktest04ec"): null

27-02-2025T17:22:21 - [TEST_STEP][PASSED] - domain = domain: null

27-02-2025T17:22:21 - [TEST_STEP][PASSED] - writeFile = false: null

27-02-2025T17:22:21 - [TEST_STEP][PASSED] - testName = "Education Candidate Spouse Experience Tab": null

27-02-2025T17:22:21 - [TEST_STEP][PASSED] - outFile = callTestCase(findTestCase("_Functions/Set Output File"), ["varTestName":testName], STOP_ON_FAILURE): Call Test Case 'Test Cases/_Functions/Set Output File' successfully

27-02-2025T17:22:21 - [TEST_CASE][PASSED] - Test Cases/_Functions/Set Output File: Test Cases/_Functions/Set Output File

27-02-2025T17:22:21 - [TEST_STEP][PASSED] - testName = varTestName: null

27-02-2025T17:22:21 - [TEST_STEP][PASSED] - domain = domain: null

27-02-2025T17:22:21 - [TEST_STEP][PASSED] - writeFile = false: null

27-02-2025T17:22:21 - [TEST_STEP][PASSED] - if (outFile != ""): null

27-02-2025T17:22:21 - [TEST_STEP][PASSED] - myFile = outFile: null

27-02-2025T17:22:21 - [TEST_STEP][PASSED] - println(myFile): null

27-02-2025T17:22:21 - [TEST_STEP][PASSED] - outFile = new java.io.File(myFile): null

27-02-2025T17:22:21 - [TEST_STEP][PASSED] - writeFile = true: null

27-02-2025T17:22:21 - [TEST_STEP][PASSED] - if (!(writeFile)): null

27-02-2025T17:22:21 - [TEST_STEP][PASSED] - else: null

27-02-2025T17:22:21 - [TEST_STEP][PASSED] - outFile.append("
Testing " + testName + " on " + domain + ".
"): null

27-02-2025T17:22:21 - [TEST_STEP][PASSED] - return outFile: null

27-02-2025T17:22:21 - [MESSAGE][PASSED] - Call Test Case 'Test Cases/_Functions/Set Output File' successfully

27-02-2025T17:22:21 - [TEST_STEP][PASSED] - tooltipImagePath = "/Users/cckozie/git/MissionNext-Katalon-Koz/images/Education candidate/": null

27-02-2025T17:22:21 - [TEST_STEP][PASSED] - testObjectFolder = "Education Candidate Profile/Tabs/Spouse Experience/": null

27-02-2025T17:22:21 - [TEST_STEP][PASSED] - tooltips = ["dummy":"dummy", "Spouse Degree Field":"img_Spouse Degree Field_field-tooltip"]: null

27-02-2025T17:22:21 - [TEST_STEP][PASSED] - tooltipText = ["Spouse Degree Field":"Spouse Earned Degree Field"]: null

27-02-2025T17:22:21 - [TEST_STEP][PASSED] - requiredFieldMsgs = []: null

27-02-2025T17:22:21 - [TEST_STEP][PASSED] - pageLinks = ["Terms and Conditions":"Terms and Conditions"]: null

27-02-2025T17:22:21 - [TEST_STEP][PASSED] - click(findTestObject("Education Candidate Profile/Tabs/a_Spouse Experience")): Object: 'Object Repository/Education Candidate Profile/Tabs/a_Spouse Experience' is clicked on

27-02-2025T17:22:21 - [MESSAGE][PASSED] - Object: 'Object Repository/Education Candidate Profile/Tabs/a_Spouse Experience' is clicked on

27-02-2025T17:22:21 - [TEST_STEP][PASSED] - tooltipTextMap = callTestCase(findTestCase("_Functions/Get Screenshot and Tooltip Text"), ["varExtension":testName], STOP_ON_FAILURE): Call Test Case 'Test Cases/_Functions/Get Screenshot and Tooltip Text' successfully

27-02-2025T17:22:21 - [TEST_CASE][PASSED] - Test Cases/_Functions/Get Screenshot and Tooltip Text: Test Cases/_Functions/Get Screenshot and Tooltip Text

27-02-2025T17:22:21 - [TEST_STEP][PASSED] - if (fastPath): null

27-02-2025T17:22:21 - [TEST_STEP][PASSED] - frame = new javax.swing.JFrame(): null

27-02-2025T17:22:21 - [TEST_STEP][PASSED] - p = new javax.swing.JPanel(): null

27-02-2025T17:22:21 - [TEST_STEP][PASSED] - l = new javax.swing.JLabel(Getting screenshot and tooltip text..., javax.swing.SwingConstants.CENTER): null

27-02-2025T17:22:21 - [TEST_STEP][PASSED] - frame.add(l): null

27-02-2025T17:22:21 - [TEST_STEP][PASSED] - frame.setSize(300, 100): null

27-02-2025T17:22:21 - [TEST_STEP][PASSED] - frame.setLocation(600, 0): null

27-02-2025T17:22:21 - [TEST_STEP][PASSED] - frame.setAlwaysOnTop(true): null

27-02-2025T17:22:21 - [TEST_STEP][PASSED] - frame.show(): null

27-02-2025T17:22:21 - [TEST_STEP][PASSED] - driver = getWebDriver(): null

27-02-2025T17:22:21 - [TEST_STEP][PASSED] - path = "/Users/cckozie/Documents/MissionNext/Screenshots and Tooltip Text/": null

27-02-2025T17:22:21 - [TEST_STEP][PASSED] - if (binding.hasVariable("varExtension")): null

27-02-2025T17:22:21 - [TEST_STEP][PASSED] - extension = varExtension: null

27-02-2025T17:22:21 - [TEST_STEP][PASSED] - println("Extension is " + extension): null

27-02-2025T17:22:21 - [TEST_STEP][PASSED] - fileBase = path + extension: null

27-02-2025T17:22:21 - [TEST_STEP][PASSED] - fileImage = fileBase + "_Screenshot.png": null

27-02-2025T17:22:21 - [TEST_STEP][PASSED] - waitForPageLoad(30): Wait for page load successfully

27-02-2025T17:22:21 - [MESSAGE][PASSED] - Wait for page load successfully

27-02-2025T17:22:21 - [TEST_STEP][PASSED] - spinner = driver.findElement(By.xpath("/html/body/div[1]/div/div[2]")): null

27-02-2025T17:22:21 - [TEST_STEP][PASSED] - executor = driver: null

27-02-2025T17:22:21 - [TEST_STEP][PASSED] - elementAttributes = executor.executeScript("var items = {}; for (index = 0; index < arguments[0].attributes.length; ++index) { items[arguments[0].attributes[index].name] = arguments[0].attributes[index].value }; return items;", spinner): null

27-02-2025T17:22:21 - [TEST_STEP][PASSED] - attrs = elementAttributes.toString(): null

27-02-2025T17:22:21 - [TEST_STEP][PASSED] - waits = 0: null

27-02-2025T17:22:21 - [TEST_STEP][PASSED] - while (attrs.indexOf("display: none") < 0 && waits < 2): null

27-02-2025T17:22:21 - [TEST_STEP][PASSED] - delay(1): Delayed 1 second(s)

27-02-2025T17:22:22 - [MESSAGE][PASSED] - Delayed 1 second(s)

27-02-2025T17:22:22 - [TEST_STEP][PASSED] - attrs = elementAttributes.toString(): null

27-02-2025T17:22:22 - [TEST_STEP][PASSED] - (waits++): null

27-02-2025T17:22:22 - [TEST_STEP][PASSED] - delay(1): Delayed 1 second(s)

27-02-2025T17:22:23 - [MESSAGE][PASSED] - Delayed 1 second(s)

27-02-2025T17:22:23 - [TEST_STEP][PASSED] - attrs = elementAttributes.toString(): null

27-02-2025T17:22:23 - [TEST_STEP][PASSED] - (waits++): null

27-02-2025T17:22:23 - [TEST_STEP][PASSED] - tooltipMap = callTestCase(findTestCase("_Functions/Get Tooltip Text"), [:], STOP_ON_FAILURE): Call Test Case 'Test Cases/_Functions/Get Tooltip Text' successfully

27-02-2025T17:22:23 - [TEST_CASE][PASSED] - Test Cases/_Functions/Get Tooltip Text: Test Cases/_Functions/Get Tooltip Text

27-02-2025T17:22:23 - [TEST_STEP][PASSED] - fieldTooltips = [:]: null

27-02-2025T17:22:23 - [TEST_STEP][PASSED] - tooltipMap = [:]: null

27-02-2025T17:22:23 - [TEST_STEP][PASSED] - driver = getWebDriver(): null

27-02-2025T17:22:23 - [TEST_STEP][PASSED] - tooltips = driver.findElements(By.className("field-tooltip")): null

27-02-2025T17:22:23 - [TEST_STEP][PASSED] - for (def it : tooltips): null

27-02-2025T17:22:23 - [TEST_STEP][PASSED] - if (it.isDisplayed()): null

27-02-2025T17:22:23 - [TEST_STEP][PASSED] - if (it.isDisplayed()): null

27-02-2025T17:22:23 - [TEST_STEP][PASSED] - if (it.isDisplayed()): null

27-02-2025T17:22:23 - [TEST_STEP][PASSED] - if (it.isDisplayed()): null

27-02-2025T17:22:23 - [TEST_STEP][PASSED] - if (it.isDisplayed()): null

27-02-2025T17:22:23 - [TEST_STEP][PASSED] - if (it.isDisplayed()): null

27-02-2025T17:22:23 - [TEST_STEP][PASSED] - if (it.isDisplayed()): null

27-02-2025T17:22:23 - [TEST_STEP][PASSED] - if (it.isDisplayed()): null

27-02-2025T17:22:23 - [TEST_STEP][PASSED] - if (it.isDisplayed()): null

27-02-2025T17:22:23 - [TEST_STEP][PASSED] - if (it.isDisplayed()): null

27-02-2025T17:22:23 - [TEST_STEP][PASSED] - if (it.isDisplayed()): null

27-02-2025T17:22:23 - [TEST_STEP][PASSED] - if (it.isDisplayed()): null

27-02-2025T17:22:23 - [TEST_STEP][PASSED] - if (it.isDisplayed()): null

27-02-2025T17:22:23 - [TEST_STEP][PASSED] - if (it.isDisplayed()): null

27-02-2025T17:22:23 - [TEST_STEP][PASSED] - if (it.isDisplayed()): null

27-02-2025T17:22:23 - [TEST_STEP][PASSED] - if (it.isDisplayed()): null

27-02-2025T17:22:23 - [TEST_STEP][PASSED] - if (it.isDisplayed()): null

27-02-2025T17:22:23 - [TEST_STEP][PASSED] - if (it.isDisplayed()): null

27-02-2025T17:22:23 - [TEST_STEP][PASSED] - if (it.isDisplayed()): null

27-02-2025T17:22:23 - [TEST_STEP][PASSED] - ttText = it.getAttribute("data-original-title"): null

27-02-2025T17:22:23 - [TEST_STEP][PASSED] - ttLocation = it.getLocation(): null

27-02-2025T17:22:23 - [TEST_STEP][PASSED] - yLocation = ttLocation.getY(): null

27-02-2025T17:22:23 - [TEST_STEP][PASSED] - xLocation = ttLocation.getX(): null

27-02-2025T17:22:23 - [TEST_STEP][PASSED] - fieldTooltips.put(ttText, yLocation): null

27-02-2025T17:22:23 - [TEST_STEP][PASSED] - if (it.isDisplayed()): null

27-02-2025T17:22:23 - [TEST_STEP][PASSED] - if (fieldTooltips.size() > 0): null

27-02-2025T17:22:23 - [TEST_STEP][PASSED] - rightBorder = xLocation: null

27-02-2025T17:22:23 - [TEST_STEP][PASSED] - fieldLabels = [:]: null

27-02-2025T17:22:23 - [TEST_STEP][PASSED] - labels = driver.findElements(By.xpath("//label")): null

27-02-2025T17:22:23 - [TEST_STEP][PASSED] - labels.each({ -> ... }): null

27-02-2025T17:22:26 - [TEST_STEP][PASSED] - for (def label : fieldLabels): null

27-02-2025T17:22:26 - [TEST_STEP][PASSED] - y = value: null

27-02-2025T17:22:26 - [TEST_STEP][PASSED] - for (def tooltip : fieldTooltips): null

27-02-2025T17:22:26 - [TEST_STEP][PASSED] - if (value == y || value == y + 1 || value == y - 1): null

27-02-2025T17:22:26 - [TEST_STEP][PASSED] - y = value: null

27-02-2025T17:22:26 - [TEST_STEP][PASSED] - for (def tooltip : fieldTooltips): null

27-02-2025T17:22:26 - [TEST_STEP][PASSED] - if (value == y || value == y + 1 || value == y - 1): null

27-02-2025T17:22:26 - [TEST_STEP][PASSED] - y = value: null

27-02-2025T17:22:26 - [TEST_STEP][PASSED] - for (def tooltip : fieldTooltips): null

27-02-2025T17:22:26 - [TEST_STEP][PASSED] - if (value == y || value == y + 1 || value == y - 1): null

27-02-2025T17:22:26 - [TEST_STEP][PASSED] - tooltipMap.put(key, key): null

27-02-2025T17:22:26 - [TEST_STEP][PASSED] - break: null

27-02-2025T17:22:26 - [TEST_STEP][PASSED] - y = value: null

27-02-2025T17:22:26 - [TEST_STEP][PASSED] - for (def tooltip : fieldTooltips): null

27-02-2025T17:22:26 - [TEST_STEP][PASSED] - if (value == y || value == y + 1 || value == y - 1): null

27-02-2025T17:22:26 - [TEST_STEP][PASSED] - y = value: null

27-02-2025T17:22:26 - [TEST_STEP][PASSED] - for (def tooltip : fieldTooltips): null

27-02-2025T17:22:26 - [TEST_STEP][PASSED] - if (value == y || value == y + 1 || value == y - 1): null

27-02-2025T17:22:26 - [TEST_STEP][PASSED] - return tooltipMap: null

27-02-2025T17:22:26 - [MESSAGE][PASSED] - Call Test Case 'Test Cases/_Functions/Get Tooltip Text' successfully

27-02-2025T17:22:26 - [TEST_STEP][PASSED] - if (tooltipMap.size() > 0): null

27-02-2025T17:22:26 - [TEST_STEP][PASSED] - file = fileBase + "_Tooltips.csv": null

27-02-2025T17:22:26 - [TEST_STEP][PASSED] - outText = "FIELD LABEL" + "," + "TOOLTIP TEXT" + "

": null

27-02-2025T17:22:26 - [TEST_STEP][PASSED] - for (def it : tooltipMap): null

27-02-2025T17:22:26 - [TEST_STEP][PASSED] - name = key: null

27-02-2025T17:22:26 - [TEST_STEP][PASSED] - value = value.replace("
", ""): null

27-02-2025T17:22:26 - [TEST_STEP][PASSED] - value = value.trim(): null

27-02-2025T17:22:26 - [TEST_STEP][PASSED] - value = """ + value + """: null

27-02-2025T17:22:26 - [TEST_STEP][PASSED] - outText = outText + name + "," + value: null

27-02-2025T17:22:26 - [TEST_STEP][PASSED] - outText = outText + "
": null

27-02-2025T17:22:26 - [TEST_STEP][PASSED] - println(outText): null

27-02-2025T17:22:26 - [TEST_STEP][PASSED] - outFile = new java.io.File(file): null

27-02-2025T17:22:26 - [TEST_STEP][PASSED] - println(outText): null

27-02-2025T17:22:26 - [TEST_STEP][PASSED] - outFile.write(outText): null

27-02-2025T17:22:26 - [TEST_STEP][PASSED] - takeFullPageScreenshot(fileImage): Taking screenshot successfully

27-02-2025T17:22:26 - [MESSAGE][INFO] - 0 hidden object(s)

27-02-2025T17:22:26 - [MESSAGE][PASSED] - Taking screenshot successfully
[[ATTACHMENT|/Users/cckozie/Documents/MissionNext/Screenshots and Tooltip Text/Education Candidate Spouse Experience Tab_Screenshot.png]]

27-02-2025T17:22:26 - [TEST_STEP][PASSED] - frame.dispose(): null

27-02-2025T17:22:26 - [TEST_STEP][PASSED] - return tooltipMap: null

27-02-2025T17:22:26 - [MESSAGE][PASSED] - Call Test Case 'Test Cases/_Functions/Get Screenshot and Tooltip Text' successfully

27-02-2025T17:22:26 - [TEST_STEP][PASSED] - callTestCase(findTestCase("_Functions/Test Tooltips"), ["varTooltipImagePath":tooltipImagePath, "varTooltips":tooltips, "varTooltipText":tooltipText, "varTestObjectFolder":testObjectFolder, ... ], STOP_ON_FAILURE): Call Test Case 'Test Cases/_Functions/Test Tooltips' successfully

27-02-2025T17:22:26 - [TEST_CASE][PASSED] - Test Cases/_Functions/Test Tooltips: Test Cases/_Functions/Test Tooltips

27-02-2025T17:22:26 - [TEST_STEP][PASSED] - if (fastPath): null

27-02-2025T17:22:26 - [TEST_STEP][PASSED] - tooltipImagePath = varTooltipImagePath: null

27-02-2025T17:22:26 - [TEST_STEP][PASSED] - tooltips = varTooltips: null

27-02-2025T17:22:26 - [TEST_STEP][PASSED] - tooltipText = varTooltipText: null

27-02-2025T17:22:26 - [TEST_STEP][PASSED] - testObjectFolder = varTestObjectFolder: null

27-02-2025T17:22:26 - [TEST_STEP][PASSED] - tooltipTextMap = varTooltipTextMap: null

27-02-2025T17:22:26 - [TEST_STEP][PASSED] - writeFile = false: null

27-02-2025T17:22:26 - [TEST_STEP][PASSED] - if (outFile != ""): null

27-02-2025T17:22:26 - [TEST_STEP][PASSED] - myFile = outFile: null

27-02-2025T17:22:26 - [TEST_STEP][PASSED] - println(myFile): null

27-02-2025T17:22:26 - [TEST_STEP][PASSED] - outFile = new java.io.File(myFile): null

27-02-2025T17:22:26 - [TEST_STEP][PASSED] - writeFile = true: null

27-02-2025T17:22:26 - [TEST_STEP][PASSED] - driver = getWebDriver(): null

27-02-2025T17:22:26 - [TEST_STEP][PASSED] - action = new org.openqa.selenium.interactions.Actions(driver): null

27-02-2025T17:22:26 - [TEST_STEP][PASSED] - s = new org.sikuli.script.Screen(): null

27-02-2025T17:22:26 - [TEST_STEP][PASSED] - outText = "Verifying the tooltips can be displayed.
": null

27-02-2025T17:22:26 - [TEST_STEP][PASSED] - outFile.append(outText): null

27-02-2025T17:22:26 - [TEST_STEP][PASSED] - first = true: null

27-02-2025T17:22:26 - [TEST_STEP][PASSED] - for (def it : tooltips): null

27-02-2025T17:22:26 - [TEST_STEP][PASSED] - myKey = key: null

27-02-2025T17:22:26 - [TEST_STEP][PASSED] - myValue = value: null

27-02-2025T17:22:26 - [TEST_STEP][PASSED] - println("myKey is " + myKey): null

27-02-2025T17:22:26 - [TEST_STEP][PASSED] - println("myValue is " + myValue): null

27-02-2025T17:22:26 - [TEST_STEP][PASSED] - if (myKey != "dummy"): null

27-02-2025T17:22:26 - [TEST_STEP][PASSED] - else: null

27-02-2025T17:22:26 - [TEST_STEP][PASSED] - myImage = "/Users/cckozie/git/MissionNext-Katalon-Koz/images/dummy.png": null

27-02-2025T17:22:26 - [TEST_STEP][PASSED] - f = new java.io.File(myImage): null

27-02-2025T17:22:26 - [TEST_STEP][PASSED] - if (f.exists()): null

27-02-2025T17:22:26 - [TEST_STEP][PASSED] - println("Looking for " + myImage): null

27-02-2025T17:22:26 - [TEST_STEP][PASSED] - icn = Pattern(myImage).similar(0.10): null

27-02-2025T17:22:26 - [TEST_STEP][PASSED] - found = s.exists(icn): null

27-02-2025T17:22:30 - [TEST_STEP][PASSED] - println(found): null

27-02-2025T17:22:30 - [TEST_STEP][PASSED] - if (found != null): null

27-02-2025T17:22:30 - [TEST_STEP][PASSED] - else: null

27-02-2025T17:22:30 - [TEST_STEP][PASSED] - if (myKey != "dummy"): null

27-02-2025T17:22:30 - [TEST_STEP][PASSED] - myKey = key: null

27-02-2025T17:22:30 - [TEST_STEP][PASSED] - myValue = value: null

27-02-2025T17:22:30 - [TEST_STEP][PASSED] - println("myKey is " + myKey): null

27-02-2025T17:22:30 - [TEST_STEP][PASSED] - println("myValue is " + myValue): null

27-02-2025T17:22:30 - [TEST_STEP][PASSED] - if (myKey != "dummy"): null

27-02-2025T17:22:30 - [TEST_STEP][PASSED] - tObj = testObjectFolder + myValue: null

27-02-2025T17:22:30 - [TEST_STEP][PASSED] - click(tObj): null

27-02-2025T17:22:30 - [TEST_STEP][PASSED] - scrollToObject(object): null

27-02-2025T17:22:30 - [TEST_STEP][PASSED] - println("Converting " + object + " to web element"): null

27-02-2025T17:22:30 - [TEST_STEP][PASSED] - element = findWebElement(findTestObject(object), 1): null

27-02-2025T17:22:30 - [TEST_STEP][PASSED] - loc = element.getLocation(): null

27-02-2025T17:22:30 - [TEST_STEP][PASSED] - x = loc.getX(): null

27-02-2025T17:22:30 - [TEST_STEP][PASSED] - if (x >= 560): null

27-02-2025T17:22:30 - [TEST_STEP][PASSED] - y = loc.getY(): null

27-02-2025T17:22:30 - [TEST_STEP][PASSED] - println("Y location is " + y): null

27-02-2025T17:22:30 - [TEST_STEP][PASSED] - top = getViewportTopPosition(): Current viewport's top (y) position is 44

27-02-2025T17:22:30 - [MESSAGE][PASSED] - Current viewport's top (y) position is 44

27-02-2025T17:22:30 - [TEST_STEP][PASSED] - println("Viewport top is " + top): null

27-02-2025T17:22:30 - [TEST_STEP][PASSED] - bottom = top + 600: null

27-02-2025T17:22:30 - [TEST_STEP][PASSED] - if (y - top < 150 || bottom - y < 10): null

27-02-2025T17:22:30 - [TEST_STEP][PASSED] - click(findTestObject(object)): null

27-02-2025T17:22:30 - [MESSAGE][PASSED] - Object: 'Object Repository/Education Candidate Profile/Tabs/Spouse Experience/img_Spouse Degree Field_field-tooltip' is clicked on

27-02-2025T17:22:30 - [TEST_STEP][PASSED] - delay(1): Delayed 1 second(s)

27-02-2025T17:22:31 - [MESSAGE][PASSED] - Delayed 1 second(s)

27-02-2025T17:22:31 - [TEST_STEP][PASSED] - myImage = tooltipImagePath + myKey + ".png": null

27-02-2025T17:22:31 - [TEST_STEP][PASSED] - f = new java.io.File(myImage): null

27-02-2025T17:22:31 - [TEST_STEP][PASSED] - if (f.exists()): null

27-02-2025T17:22:31 - [TEST_STEP][PASSED] - println("Looking for " + myImage): null

27-02-2025T17:22:31 - [TEST_STEP][PASSED] - icn = Pattern(myImage).similar(0.10): null

27-02-2025T17:22:31 - [TEST_STEP][PASSED] - found = s.exists(icn): null

27-02-2025T17:22:31 - [TEST_STEP][PASSED] - println(found): null

27-02-2025T17:22:31 - [TEST_STEP][PASSED] - if (found != null): null

27-02-2025T17:22:31 - [TEST_STEP][PASSED] - foundStr = found.toString(): null

27-02-2025T17:22:31 - [TEST_STEP][PASSED] - matchP = foundStr.indexOf("%"): null

27-02-2025T17:22:31 - [TEST_STEP][PASSED] - if (matchP >= 0): null

27-02-2025T17:22:31 - [TEST_STEP][PASSED] - println(matchP): null

27-02-2025T17:22:31 - [TEST_STEP][PASSED] - pct = foundStr.substring(matchP + 1, matchP + 6): null

27-02-2025T17:22:31 - [TEST_STEP][PASSED] - pctF = pct.toFloat(): null

27-02-2025T17:22:31 - [TEST_STEP][PASSED] - outText = "+++ Tooltip match value for " + myKey + " is " + pctF + "%": null

27-02-2025T17:22:31 - [TEST_STEP][PASSED] - min = 80: null

27-02-2025T17:22:31 - [TEST_STEP][PASSED] - if (pctF.toFloat() < min.toFloat()): null

27-02-2025T17:22:31 - [TEST_STEP][PASSED] - if (myKey != "dummy"): null

27-02-2025T17:22:31 - [TEST_STEP][PASSED] - println(outText): null

27-02-2025T17:22:31 - [TEST_STEP][PASSED] - outFile.append(outText + "
"): null

27-02-2025T17:22:31 - [TEST_STEP][PASSED] - outText = "Verifying the tooltip text on the page is what was expected.
": null

27-02-2025T17:22:31 - [TEST_STEP][PASSED] - println(tooltipTextMap): null

27-02-2025T17:22:31 - [TEST_STEP][PASSED] - outFile.append(outText): null

27-02-2025T17:22:31 - [TEST_STEP][PASSED] - for (def it : tooltipText): null

27-02-2025T17:22:31 - [TEST_STEP][PASSED] - println(it): null

27-02-2025T17:22:31 - [TEST_STEP][PASSED] - myKey = key: null

27-02-2025T17:22:31 - [TEST_STEP][PASSED] - myText = value.replace(""", ""): null

27-02-2025T17:22:31 - [TEST_STEP][PASSED] - myText = myText.trim(): null

27-02-2025T17:22:31 - [TEST_STEP][PASSED] - println(myKey): null

27-02-2025T17:22:31 - [TEST_STEP][PASSED] - println(myText): null

27-02-2025T17:22:31 - [TEST_STEP][PASSED] - println(tooltipTextMap.get(myKey)): null

27-02-2025T17:22:31 - [TEST_STEP][PASSED] - actualText = get(myKey).replace(""", ""): null

27-02-2025T17:22:31 - [TEST_STEP][PASSED] - actualText = actualText.trim(): null

27-02-2025T17:22:31 - [TEST_STEP][PASSED] - println(myKey + ":" + actualText): null

27-02-2025T17:22:31 - [TEST_STEP][PASSED] - if (actualText != myText): null

27-02-2025T17:22:31 - [MESSAGE][PASSED] - Call Test Case 'Test Cases/_Functions/Test Tooltips' successfully

27-02-2025T17:22:31 - [TEST_STEP][PASSED] - outText = "Verifying the required field messages.
": null

27-02-2025T17:22:31 - [TEST_STEP][PASSED] - outFile.append(outText): null

27-02-2025T17:22:31 - [TEST_STEP][PASSED] - fieldList = []: null

27-02-2025T17:22:31 - [TEST_STEP][PASSED] - requiredFieldMsgs.each({ -> ... }): null

27-02-2025T17:22:31 - [TEST_STEP][PASSED] - callTestCase(findTestCase("_Functions/Test Field Error Messages"), ["varFieldList":fieldList, "varRequiredFieldMsgs":requiredFieldMsgs], STOP_ON_FAILURE): Call Test Case 'Test Cases/_Functions/Test Field Error Messages' successfully

27-02-2025T17:22:31 - [TEST_CASE][PASSED] - Test Cases/_Functions/Test Field Error Messages: Test Cases/_Functions/Test Field Error Messages

27-02-2025T17:22:31 - [TEST_STEP][PASSED] - count = callTestCase(findTestCase("_Functions/Find error messages"), ["varFunction":"count"], STOP_ON_FAILURE): Call Test Case 'Test Cases/_Functions/Find error messages' successfully

27-02-2025T17:22:31 - [TEST_CASE][PASSED] - Test Cases/_Functions/Find error messages: Test Cases/_Functions/Find error messages

27-02-2025T17:22:31 - [TEST_STEP][PASSED] - function = "count": null

27-02-2025T17:22:31 - [TEST_STEP][PASSED] - if (binding.hasVariable("varFunction")): null

27-02-2025T17:22:31 - [TEST_STEP][PASSED] - function = varFunction: null

27-02-2025T17:22:31 - [TEST_STEP][PASSED] - title = getWindowTitle(): Current window's title is: 'Education'

27-02-2025T17:22:31 - [MESSAGE][PASSED] - Current window's title is: 'Education'

27-02-2025T17:22:31 - [TEST_STEP][PASSED] - println("Page title is " + title): null

27-02-2025T17:22:31 - [TEST_STEP][PASSED] - driver = getWebDriver(): null

27-02-2025T17:22:31 - [TEST_STEP][PASSED] - elements = driver.findElements(By.xpath("//div[@class='col-sm-offset-3 col-sm-9 text-danger']")): null

27-02-2025T17:22:31 - [TEST_STEP][PASSED] - if (function == "count"): null

27-02-2025T17:22:31 - [TEST_STEP][PASSED] - return elements.size(): null

27-02-2025T17:22:31 - [MESSAGE][PASSED] - Call Test Case 'Test Cases/_Functions/Find error messages' successfully

27-02-2025T17:22:31 - [TEST_STEP][PASSED] - outFile = outFile: null

27-02-2025T17:22:31 - [TEST_STEP][PASSED] - if (count == 0): null

27-02-2025T17:22:31 - [TEST_STEP][PASSED] - else: Delayed 0 second(s)

27-02-2025T17:22:31 - [TEST_STEP][PASSED] - fieldList = varFieldList: null

27-02-2025T17:22:31 - [TEST_STEP][PASSED] - requiredFieldMsgs = varRequiredFieldMsgs: null

27-02-2025T17:22:31 - [TEST_STEP][PASSED] - outText = "Verifying error messages for fields " + fieldList: null

27-02-2025T17:22:31 - [TEST_STEP][PASSED] - for (def field : fieldList): null

27-02-2025T17:22:31 - [TEST_STEP][PASSED] - delay(fieldTestDelay): Delayed 0 second(s)

27-02-2025T17:22:31 - [MESSAGE][PASSED] - Delayed 0 second(s)

27-02-2025T17:22:31 - [MESSAGE][PASSED] - Call Test Case 'Test Cases/_Functions/Test Field Error Messages' successfully

27-02-2025T17:22:31 - [TEST_STEP][PASSED] - if (varSpouse_highest_degree_earned != null): Call Test Case 'Test Cases/_Functions/Perform Action' successfully

27-02-2025T17:22:31 - [TEST_STEP][PASSED] - object = "Object Repository/Education Candidate Profile/Tabs/Spouse Experience/select_Spouse Highest Degree Earned": null

27-02-2025T17:22:31 - [TEST_STEP][PASSED] - callTestCase(findTestCase("_Functions/Perform Action"), ["varAction":"selectByValue", "varObject":object, "varParm1":varSpouse_highest_degree_earned], STOP_ON_FAILURE): Call Test Case 'Test Cases/_Functions/Perform Action' successfully

27-02-2025T17:22:31 - [TEST_CASE][PASSED] - Test Cases/_Functions/Perform Action: Test Cases/_Functions/Perform Action

27-02-2025T17:22:31 - [TEST_STEP][PASSED] - action = varAction: null

27-02-2025T17:22:31 - [TEST_STEP][PASSED] - println(action): null

27-02-2025T17:22:31 - [TEST_STEP][PASSED] - testObject = varObject: null

27-02-2025T17:22:31 - [TEST_STEP][PASSED] - println(testObject): null

27-02-2025T17:22:31 - [TEST_STEP][PASSED] - parm1 = varParm1: null

27-02-2025T17:22:31 - [TEST_STEP][PASSED] - println(parm1): null

27-02-2025T17:22:31 - [TEST_STEP][PASSED] - println("Converting " + testObject + " to web element"): null

27-02-2025T17:22:31 - [TEST_STEP][PASSED] - element = findWebElement(findTestObject(testObject), 1): null

27-02-2025T17:22:31 - [TEST_STEP][PASSED] - loc = element.getLocation(): null

27-02-2025T17:22:31 - [TEST_STEP][PASSED] - y = loc.getY(): null

27-02-2025T17:22:31 - [TEST_STEP][PASSED] - println("Y location is " + y): null

27-02-2025T17:22:31 - [TEST_STEP][PASSED] - top = getViewportTopPosition(): Current viewport's top (y) position is 44

27-02-2025T17:22:31 - [MESSAGE][PASSED] - Current viewport's top (y) position is 44

27-02-2025T17:22:31 - [TEST_STEP][PASSED] - println("Viewport top is " + top): null

27-02-2025T17:22:31 - [TEST_STEP][PASSED] - bottom = top + 600: null

27-02-2025T17:22:31 - [TEST_STEP][PASSED] - if (y - top < 150 || bottom - y < 10): null

27-02-2025T17:22:31 - [TEST_STEP][PASSED] - if (action == "click"): null

27-02-2025T17:22:31 - [MESSAGE][PASSED] - Call Test Case 'Test Cases/_Functions/Perform Action' successfully

27-02-2025T17:22:31 - [TEST_STEP][PASSED] - if (varSpouse_degree_field != null): Call Test Case 'Test Cases/_Functions/Perform Action' successfully

27-02-2025T17:22:31 - [TEST_STEP][PASSED] - object = "Object Repository/Education Candidate Profile/Tabs/Spouse Experience/input_Spouse Degree Field": null

27-02-2025T17:22:31 - [TEST_STEP][PASSED] - callTestCase(findTestCase("_Functions/Perform Action"), ["varAction":"setText", "varObject":object, "varParm1":varSpouse_degree_field], STOP_ON_FAILURE): Call Test Case 'Test Cases/_Functions/Perform Action' successfully

27-02-2025T17:22:31 - [TEST_CASE][PASSED] - Test Cases/_Functions/Perform Action: Test Cases/_Functions/Perform Action

27-02-2025T17:22:31 - [TEST_STEP][PASSED] - action = varAction: null

27-02-2025T17:22:31 - [TEST_STEP][PASSED] - println(action): null

27-02-2025T17:22:31 - [TEST_STEP][PASSED] - testObject = varObject: null

27-02-2025T17:22:31 - [TEST_STEP][PASSED] - println(testObject): null

27-02-2025T17:22:31 - [TEST_STEP][PASSED] - parm1 = varParm1: null

27-02-2025T17:22:31 - [TEST_STEP][PASSED] - println(parm1): null

27-02-2025T17:22:31 - [TEST_STEP][PASSED] - println("Converting " + testObject + " to web element"): null

27-02-2025T17:22:31 - [TEST_STEP][PASSED] - element = findWebElement(findTestObject(testObject), 1): null

27-02-2025T17:22:31 - [TEST_STEP][PASSED] - loc = element.getLocation(): null

27-02-2025T17:22:31 - [TEST_STEP][PASSED] - y = loc.getY(): null

27-02-2025T17:22:31 - [TEST_STEP][PASSED] - println("Y location is " + y): null

27-02-2025T17:22:31 - [TEST_STEP][PASSED] - top = getViewportTopPosition(): Current viewport's top (y) position is 44

27-02-2025T17:22:31 - [MESSAGE][PASSED] - Current viewport's top (y) position is 44

27-02-2025T17:22:31 - [TEST_STEP][PASSED] - println("Viewport top is " + top): null

27-02-2025T17:22:31 - [TEST_STEP][PASSED] - bottom = top + 600: null

27-02-2025T17:22:31 - [TEST_STEP][PASSED] - if (y - top < 150 || bottom - y < 10): null

27-02-2025T17:22:31 - [TEST_STEP][PASSED] - if (action == "click"): null

27-02-2025T17:22:31 - [TEST_STEP][PASSED] - else if (action == "selectOptionByValue"): null

27-02-2025T17:22:31 - [TEST_STEP][PASSED] - else if (action == "setText"): Text 'Music' is set on object 'Object Repository/Education Candidate Profile/Tabs/Spouse Experience/input_Spouse Degree Field'

27-02-2025T17:22:31 - [TEST_STEP][PASSED] - println("Setting text " + parm1): null

27-02-2025T17:22:31 - [TEST_STEP][PASSED] - setText(findTestObject(testObject), parm1): Text 'Music' is set on object 'Object Repository/Education Candidate Profile/Tabs/Spouse Experience/input_Spouse Degree Field'

27-02-2025T17:22:31 - [MESSAGE][PASSED] - Text 'Music' is set on object 'Object Repository/Education Candidate Profile/Tabs/Spouse Experience/input_Spouse Degree Field'

27-02-2025T17:22:31 - [MESSAGE][PASSED] - Call Test Case 'Test Cases/_Functions/Perform Action' successfully

27-02-2025T17:22:31 - [TEST_STEP][PASSED] - if (varSpouse_occupation != null): Call Test Case 'Test Cases/_Functions/Perform Action' successfully

27-02-2025T17:22:31 - [TEST_STEP][PASSED] - object = "Object Repository/Education Candidate Profile/Tabs/Spouse Experience/textarea_Spouse Occupation": null

27-02-2025T17:22:31 - [TEST_STEP][PASSED] - callTestCase(findTestCase("_Functions/Perform Action"), ["varAction":"setText", "varObject":object, "varParm1":varSpouse_occupation], STOP_ON_FAILURE): Call Test Case 'Test Cases/_Functions/Perform Action' successfully

27-02-2025T17:22:31 - [TEST_CASE][PASSED] - Test Cases/_Functions/Perform Action: Test Cases/_Functions/Perform Action

27-02-2025T17:22:31 - [TEST_STEP][PASSED] - action = varAction: null

27-02-2025T17:22:31 - [TEST_STEP][PASSED] - println(action): null

27-02-2025T17:22:31 - [TEST_STEP][PASSED] - testObject = varObject: null

27-02-2025T17:22:31 - [TEST_STEP][PASSED] - println(testObject): null

27-02-2025T17:22:31 - [TEST_STEP][PASSED] - parm1 = varParm1: null

27-02-2025T17:22:31 - [TEST_STEP][PASSED] - println(parm1): null

27-02-2025T17:22:31 - [TEST_STEP][PASSED] - println("Converting " + testObject + " to web element"): null

27-02-2025T17:22:31 - [TEST_STEP][PASSED] - element = findWebElement(findTestObject(testObject), 1): null

27-02-2025T17:22:31 - [TEST_STEP][PASSED] - loc = element.getLocation(): null

27-02-2025T17:22:31 - [TEST_STEP][PASSED] - y = loc.getY(): null

27-02-2025T17:22:31 - [TEST_STEP][PASSED] - println("Y location is " + y): null

27-02-2025T17:22:31 - [TEST_STEP][PASSED] - top = getViewportTopPosition(): Current viewport's top (y) position is 44

27-02-2025T17:22:31 - [MESSAGE][PASSED] - Current viewport's top (y) position is 44

27-02-2025T17:22:31 - [TEST_STEP][PASSED] - println("Viewport top is " + top): null

27-02-2025T17:22:31 - [TEST_STEP][PASSED] - bottom = top + 600: null

27-02-2025T17:22:31 - [TEST_STEP][PASSED] - if (y - top < 150 || bottom - y < 10): null

27-02-2025T17:22:31 - [TEST_STEP][PASSED] - if (action == "click"): null

27-02-2025T17:22:31 - [TEST_STEP][PASSED] - else if (action == "selectOptionByValue"): null

27-02-2025T17:22:31 - [TEST_STEP][PASSED] - else if (action == "setText"): Text 'Piano Teacher' is set on object 'Object Repository/Education Candidate Profile/Tabs/Spouse Experience/textarea_Spouse Occupation'

27-02-2025T17:22:31 - [TEST_STEP][PASSED] - println("Setting text " + parm1): null

27-02-2025T17:22:31 - [TEST_STEP][PASSED] - setText(findTestObject(testObject), parm1): Text 'Piano Teacher' is set on object 'Object Repository/Education Candidate Profile/Tabs/Spouse Experience/textarea_Spouse Occupation'

27-02-2025T17:22:31 - [MESSAGE][PASSED] - Text 'Piano Teacher' is set on object 'Object Repository/Education Candidate Profile/Tabs/Spouse Experience/textarea_Spouse Occupation'

27-02-2025T17:22:31 - [MESSAGE][PASSED] - Call Test Case 'Test Cases/_Functions/Perform Action' successfully

27-02-2025T17:22:31 - [TEST_STEP][PASSED] - if (varSpouse_an_educator == "Yes"): Delayed 1 second(s)

27-02-2025T17:22:31 - [TEST_STEP][PASSED] - driver = getWebDriver(): null

27-02-2025T17:22:31 - [TEST_STEP][PASSED] - object = "Object Repository/Education Candidate Profile/Tabs/Spouse Experience/input_Spouse an Educator": null

27-02-2025T17:22:31 - [TEST_STEP][PASSED] - element = findWebElement(findTestObject(object), 1): null

27-02-2025T17:22:31 - [TEST_STEP][PASSED] - myStatus = element.isSelected(): null

27-02-2025T17:22:31 - [TEST_STEP][PASSED] - if (varSpouse_an_educator == "Yes" && !(myStatus) || varSpouse_an_educator == "No" && myStatus): Delayed 1 second(s)

27-02-2025T17:22:31 - [TEST_STEP][PASSED] - callTestCase(findTestCase("_Functions/Perform Action"), ["varAction":"click", "varObject":object, "varParm1":null], STOP_ON_FAILURE): Call Test Case 'Test Cases/_Functions/Perform Action' successfully

27-02-2025T17:22:31 - [TEST_CASE][PASSED] - Test Cases/_Functions/Perform Action: Test Cases/_Functions/Perform Action

27-02-2025T17:22:31 - [TEST_STEP][PASSED] - action = varAction: null

27-02-2025T17:22:31 - [TEST_STEP][PASSED] - println(action): null

27-02-2025T17:22:31 - [TEST_STEP][PASSED] - testObject = varObject: null

27-02-2025T17:22:31 - [TEST_STEP][PASSED] - println(testObject): null

27-02-2025T17:22:31 - [TEST_STEP][PASSED] - parm1 = varParm1: null

27-02-2025T17:22:31 - [TEST_STEP][PASSED] - println(parm1): null

27-02-2025T17:22:31 - [TEST_STEP][PASSED] - println("Converting " + testObject + " to web element"): null

27-02-2025T17:22:31 - [TEST_STEP][PASSED] - element = findWebElement(findTestObject(testObject), 1): null

27-02-2025T17:22:31 - [TEST_STEP][PASSED] - loc = element.getLocation(): null

27-02-2025T17:22:31 - [TEST_STEP][PASSED] - y = loc.getY(): null

27-02-2025T17:22:31 - [TEST_STEP][PASSED] - println("Y location is " + y): null

27-02-2025T17:22:31 - [TEST_STEP][PASSED] - top = getViewportTopPosition(): Current viewport's top (y) position is 44

27-02-2025T17:22:31 - [MESSAGE][PASSED] - Current viewport's top (y) position is 44

27-02-2025T17:22:31 - [TEST_STEP][PASSED] - println("Viewport top is " + top): null

27-02-2025T17:22:31 - [TEST_STEP][PASSED] - bottom = top + 600: null

27-02-2025T17:22:31 - [TEST_STEP][PASSED] - if (y - top < 150 || bottom - y < 10): Delayed 1 second(s)

27-02-2025T17:22:31 - [TEST_STEP][PASSED] - scrollToPosition(0, y - 150): Browser is scrolled to position x = 0, y = 497

27-02-2025T17:22:31 - [MESSAGE][PASSED] - Browser is scrolled to position x = 0, y = 497

27-02-2025T17:22:31 - [TEST_STEP][PASSED] - delay(1): Delayed 1 second(s)

27-02-2025T17:22:32 - [MESSAGE][PASSED] - Delayed 1 second(s)

27-02-2025T17:22:32 - [TEST_STEP][PASSED] - if (action == "click"): Object: 'Object Repository/Education Candidate Profile/Tabs/Spouse Experience/input_Spouse an Educator' is clicked on

27-02-2025T17:22:32 - [TEST_STEP][PASSED] - println("clicking"): null

27-02-2025T17:22:32 - [TEST_STEP][PASSED] - click(findTestObject(testObject)): Object: 'Object Repository/Education Candidate Profile/Tabs/Spouse Experience/input_Spouse an Educator' is clicked on

27-02-2025T17:22:32 - [MESSAGE][PASSED] - Object: 'Object Repository/Education Candidate Profile/Tabs/Spouse Experience/input_Spouse an Educator' is clicked on

27-02-2025T17:22:32 - [MESSAGE][PASSED] - Call Test Case 'Test Cases/_Functions/Perform Action' successfully

27-02-2025T17:22:32 - [TEST_STEP][PASSED] - delay(1): Delayed 1 second(s)

27-02-2025T17:22:33 - [MESSAGE][PASSED] - Delayed 1 second(s)

27-02-2025T17:22:33 - [TEST_STEP][PASSED] - object = "Education Candidate Profile/Tabs/btn_Submit": null

27-02-2025T17:22:33 - [TEST_STEP][PASSED] - callTestCase(findTestCase("_Functions/Perform Action"), ["varAction":"click", "varObject":object], STOP_ON_FAILURE): Call Test Case 'Test Cases/_Functions/Perform Action' successfully

27-02-2025T17:22:33 - [TEST_CASE][PASSED] - Test Cases/_Functions/Perform Action: Test Cases/_Functions/Perform Action

27-02-2025T17:22:33 - [TEST_STEP][PASSED] - action = varAction: null

27-02-2025T17:22:33 - [TEST_STEP][PASSED] - println(action): null

27-02-2025T17:22:33 - [TEST_STEP][PASSED] - testObject = varObject: null

27-02-2025T17:22:33 - [TEST_STEP][PASSED] - println(testObject): null

27-02-2025T17:22:33 - [TEST_STEP][PASSED] - parm1 = varParm1: null

27-02-2025T17:22:33 - [TEST_STEP][PASSED] - println(parm1): null

27-02-2025T17:22:33 - [TEST_STEP][PASSED] - println("Converting " + testObject + " to web element"): null

27-02-2025T17:22:33 - [TEST_STEP][PASSED] - element = findWebElement(findTestObject(testObject), 1): null

27-02-2025T17:22:33 - [TEST_STEP][PASSED] - loc = element.getLocation(): null

27-02-2025T17:22:33 - [TEST_STEP][PASSED] - y = loc.getY(): null

27-02-2025T17:22:33 - [TEST_STEP][PASSED] - println("Y location is " + y): null

27-02-2025T17:22:33 - [TEST_STEP][PASSED] - top = getViewportTopPosition(): Current viewport's top (y) position is 324

27-02-2025T17:22:33 - [MESSAGE][PASSED] - Current viewport's top (y) position is 324

27-02-2025T17:22:33 - [TEST_STEP][PASSED] - println("Viewport top is " + top): null

27-02-2025T17:22:33 - [TEST_STEP][PASSED] - bottom = top + 600: null

27-02-2025T17:22:33 - [TEST_STEP][PASSED] - if (y - top < 150 || bottom - y < 10): null

27-02-2025T17:22:33 - [TEST_STEP][PASSED] - if (action == "click"): Object: 'Object Repository/Education Candidate Profile/Tabs/btn_Submit' is clicked on

27-02-2025T17:22:33 - [TEST_STEP][PASSED] - println("clicking"): null

27-02-2025T17:22:33 - [TEST_STEP][PASSED] - click(findTestObject(testObject)): Object: 'Object Repository/Education Candidate Profile/Tabs/btn_Submit' is clicked on

27-02-2025T17:22:37 - [MESSAGE][PASSED] - Object: 'Object Repository/Education Candidate Profile/Tabs/btn_Submit' is clicked on

27-02-2025T17:22:37 - [MESSAGE][PASSED] - Call Test Case 'Test Cases/_Functions/Perform Action' successfully

27-02-2025T17:22:37 - [MESSAGE][PASSED] - Call Test Case 'Test Cases/Education Candidate Profile/Tabs/Set Spouse Experience' successfully

27-02-2025T17:22:37 - [TEST_STEP][PASSED] - if (pages.size() == 0 || "All" in pages || "Spouse Service Prefs" in pages): Call Test Case 'Test Cases/Education Candidate Profile/Tabs/Set Spouse Service Prefs' successfully

27-02-2025T17:22:37 - [TEST_STEP][PASSED] - if (!(fastPath)): Call Test Case 'Test Cases/_Functions/Get Selections from CSV File' successfully

27-02-2025T17:22:37 - [TEST_STEP][PASSED] - click(findTestObject("Object Repository/Education Candidate Profile/Tabs/a_Spouse Service Prefs")): Object: 'Object Repository/Education Candidate Profile/Tabs/a_Spouse Service Prefs' is clicked on

27-02-2025T17:22:37 - [MESSAGE][PASSED] - Object: 'Object Repository/Education Candidate Profile/Tabs/a_Spouse Service Prefs' is clicked on

27-02-2025T17:22:37 - [TEST_STEP][PASSED] - positions = callTestCase(findTestCase("_Functions/Get Selections from CSV File"), ["varFileName":"Education Candidate Forms/spouse service prefs.csv", "varSelections":"Spouse Preferred Position(s)"], STOP_ON_FAILURE): Call Test Case 'Test Cases/_Functions/Get Selections from CSV File' successfully

27-02-2025T17:22:37 - [TEST_CASE][PASSED] - Test Cases/_Functions/Get Selections from CSV File: Test Cases/_Functions/Get Selections from CSV File

27-02-2025T17:22:37 - [TEST_STEP][PASSED] - if (fastPath): null

27-02-2025T17:22:37 - [TEST_STEP][PASSED] - reader = <not implemented yet for class: org.codehaus.groovy.ast.expr.EmptyExpression>: null

27-02-2025T17:22:37 - [TEST_STEP][PASSED] - checked = []: null

27-02-2025T17:22:37 - [TEST_STEP][PASSED] - reader = new java.io.BufferedReader(new java.io.FileReader((/Users/cckozie/git/MissionNext-Katalon-Koz/Data Files/ + varFileName))): null

27-02-2025T17:22:37 - [TEST_STEP][PASSED] - line = reader.readLine(): null

27-02-2025T17:22:37 - [TEST_STEP][PASSED] - include = false: null

27-02-2025T17:22:37 - [TEST_STEP][PASSED] - frame = new javax.swing.JFrame(): null

27-02-2025T17:22:37 - [TEST_STEP][PASSED] - p = new javax.swing.JPanel(): null

27-02-2025T17:22:37 - [TEST_STEP][PASSED] - l = new javax.swing.JLabel(Loading selections from file..., javax.swing.SwingConstants.CENTER): null

27-02-2025T17:22:37 - [TEST_STEP][PASSED] - frame.add(l): null

27-02-2025T17:22:37 - [TEST_STEP][PASSED] - frame.setSize(300, 100): null

27-02-2025T17:22:37 - [TEST_STEP][PASSED] - frame.setLocation(600, 0): null

27-02-2025T17:22:37 - [TEST_STEP][PASSED] - frame.setAlwaysOnTop(true): null

27-02-2025T17:22:37 - [TEST_STEP][PASSED] - frame.show(): null

27-02-2025T17:22:37 - [TEST_STEP][PASSED] - while (line != null): null

27-02-2025T17:22:37 - [TEST_STEP][PASSED] - println(line): null

27-02-2025T17:22:37 - [TEST_STEP][PASSED] - group = line.indexOf("<Group>"): null

27-02-2025T17:22:37 - [TEST_STEP][PASSED] - println(group): null

27-02-2025T17:22:37 - [TEST_STEP][PASSED] - if (group >= 0): null

27-02-2025T17:22:37 - [TEST_STEP][PASSED] - selections = line.substring(group + 7, line.length() - 1): null

27-02-2025T17:22:37 - [TEST_STEP][PASSED] - println(selections): null

27-02-2025T17:22:37 - [TEST_STEP][PASSED] - if (selections == varSelections): null

27-02-2025T17:22:37 - [TEST_STEP][PASSED] - include = true: null

27-02-2025T17:22:37 - [TEST_STEP][PASSED] - line = reader.readLine(): null

27-02-2025T17:22:37 - [TEST_STEP][PASSED] - println(line): null

27-02-2025T17:22:37 - [TEST_STEP][PASSED] - group = line.indexOf("<Group>"): null

27-02-2025T17:22:37 - [TEST_STEP][PASSED] - println(group): null

27-02-2025T17:22:37 - [TEST_STEP][PASSED] - if (group >= 0): null

27-02-2025T17:22:37 - [TEST_STEP][PASSED] - else: null

27-02-2025T17:22:37 - [TEST_STEP][PASSED] - if (include): null

27-02-2025T17:22:37 - [TEST_STEP][PASSED] - println(line): null

27-02-2025T17:22:37 - [TEST_STEP][PASSED] - comma = line.indexOf(",y"): null

27-02-2025T17:22:37 - [TEST_STEP][PASSED] - if (comma > 0): null

27-02-2025T17:22:37 - [TEST_STEP][PASSED] - line = reader.readLine(): null

27-02-2025T17:22:37 - [TEST_STEP][PASSED] - println(line): null

27-02-2025T17:22:37 - [TEST_STEP][PASSED] - group = line.indexOf("<Group>"): null

27-02-2025T17:22:37 - [TEST_STEP][PASSED] - println(group): null

27-02-2025T17:22:37 - [TEST_STEP][PASSED] - if (group >= 0): null

27-02-2025T17:22:37 - [TEST_STEP][PASSED] - else: null

27-02-2025T17:22:37 - [TEST_STEP][PASSED] - if (include): null

27-02-2025T17:22:37 - [TEST_STEP][PASSED] - println(line): null

27-02-2025T17:22:37 - [TEST_STEP][PASSED] - comma = line.indexOf(",y"): null

27-02-2025T17:22:37 - [TEST_STEP][PASSED] - if (comma > 0): null

27-02-2025T17:22:37 - [TEST_STEP][PASSED] - line = reader.readLine(): null

27-02-2025T17:22:37 - [TEST_STEP][PASSED] - println(line): null

27-02-2025T17:22:37 - [TEST_STEP][PASSED] - group = line.indexOf("<Group>"): null

27-02-2025T17:22:37 - [TEST_STEP][PASSED] - println(group): null

27-02-2025T17:22:37 - [TEST_STEP][PASSED] - if (group >= 0): null

27-02-2025T17:22:37 - [TEST_STEP][PASSED] - else: null

27-02-2025T17:22:37 - [TEST_STEP][PASSED] - if (include): null

27-02-2025T17:22:37 - [TEST_STEP][PASSED] - println(line): null

27-02-2025T17:22:37 - [TEST_STEP][PASSED] - comma = line.indexOf(",y"): null

27-02-2025T17:22:37 - [TEST_STEP][PASSED] - if (comma > 0): null

27-02-2025T17:22:37 - [TEST_STEP][PASSED] - line = reader.readLine(): null

27-02-2025T17:22:37 - [TEST_STEP][PASSED] - println(line): null

27-02-2025T17:22:37 - [TEST_STEP][PASSED] - group = line.indexOf("<Group>"): null

27-02-2025T17:22:37 - [TEST_STEP][PASSED] - println(group): null

27-02-2025T17:22:37 - [TEST_STEP][PASSED] - if (group >= 0): null

27-02-2025T17:22:37 - [TEST_STEP][PASSED] - else: null

27-02-2025T17:22:37 - [TEST_STEP][PASSED] - if (include): null

27-02-2025T17:22:37 - [TEST_STEP][PASSED] - println(line): null

27-02-2025T17:22:37 - [TEST_STEP][PASSED] - comma = line.indexOf(",y"): null

27-02-2025T17:22:37 - [TEST_STEP][PASSED] - if (comma > 0): null

27-02-2025T17:22:37 - [TEST_STEP][PASSED] - line = reader.readLine(): null

27-02-2025T17:22:37 - [TEST_STEP][PASSED] - println(line): null

27-02-2025T17:22:37 - [TEST_STEP][PASSED] - group = line.indexOf("<Group>"): null

27-02-2025T17:22:37 - [TEST_STEP][PASSED] - println(group): null

27-02-2025T17:22:37 - [TEST_STEP][PASSED] - if (group >= 0): null

27-02-2025T17:22:37 - [TEST_STEP][PASSED] - else: null

27-02-2025T17:22:37 - [TEST_STEP][PASSED] - if (include): null

27-02-2025T17:22:37 - [TEST_STEP][PASSED] - println(line): null

27-02-2025T17:22:37 - [TEST_STEP][PASSED] - comma = line.indexOf(",y"): null

27-02-2025T17:22:37 - [TEST_STEP][PASSED] - if (comma > 0): null

27-02-2025T17:22:37 - [TEST_STEP][PASSED] - line = reader.readLine(): null

27-02-2025T17:22:37 - [TEST_STEP][PASSED] - println(line): null

27-02-2025T17:22:37 - [TEST_STEP][PASSED] - group = line.indexOf("<Group>"): null

27-02-2025T17:22:37 - [TEST_STEP][PASSED] - println(group): null

27-02-2025T17:22:37 - [TEST_STEP][PASSED] - if (group >= 0): null

27-02-2025T17:22:37 - [TEST_STEP][PASSED] - else: null

27-02-2025T17:22:37 - [TEST_STEP][PASSED] - if (include): null

27-02-2025T17:22:37 - [TEST_STEP][PASSED] - println(line): null

27-02-2025T17:22:37 - [TEST_STEP][PASSED] - comma = line.indexOf(",y"): null

27-02-2025T17:22:37 - [TEST_STEP][PASSED] - if (comma > 0): null

27-02-2025T17:22:37 - [TEST_STEP][PASSED] - line = reader.readLine(): null

27-02-2025T17:22:37 - [TEST_STEP][PASSED] - println(line): null

27-02-2025T17:22:37 - [TEST_STEP][PASSED] - group = line.indexOf("<Group>"): null

27-02-2025T17:22:37 - [TEST_STEP][PASSED] - println(group): null

27-02-2025T17:22:37 - [TEST_STEP][PASSED] - if (group >= 0): null

27-02-2025T17:22:37 - [TEST_STEP][PASSED] - else: null

27-02-2025T17:22:37 - [TEST_STEP][PASSED] - if (include): null

27-02-2025T17:22:37 - [TEST_STEP][PASSED] - println(line): null

27-02-2025T17:22:37 - [TEST_STEP][PASSED] - comma = line.indexOf(",y"): null

27-02-2025T17:22:37 - [TEST_STEP][PASSED] - if (comma > 0): null

27-02-2025T17:22:37 - [TEST_STEP][PASSED] - line = reader.readLine(): null

27-02-2025T17:22:37 - [TEST_STEP][PASSED] - println(line): null

27-02-2025T17:22:37 - [TEST_STEP][PASSED] - group = line.indexOf("<Group>"): null

27-02-2025T17:22:37 - [TEST_STEP][PASSED] - println(group): null

27-02-2025T17:22:37 - [TEST_STEP][PASSED] - if (group >= 0): null

27-02-2025T17:22:37 - [TEST_STEP][PASSED] - else: null

27-02-2025T17:22:37 - [TEST_STEP][PASSED] - if (include): null

27-02-2025T17:22:37 - [TEST_STEP][PASSED] - println(line): null

27-02-2025T17:22:37 - [TEST_STEP][PASSED] - comma = line.indexOf(",y"): null

27-02-2025T17:22:37 - [TEST_STEP][PASSED] - if (comma > 0): null

27-02-2025T17:22:37 - [TEST_STEP][PASSED] - line = reader.readLine(): null

27-02-2025T17:22:37 - [TEST_STEP][PASSED] - println(line): null

27-02-2025T17:22:37 - [TEST_STEP][PASSED] - group = line.indexOf("<Group>"): null

27-02-2025T17:22:37 - [TEST_STEP][PASSED] - println(group): null

27-02-2025T17:22:37 - [TEST_STEP][PASSED] - if (group >= 0): null

27-02-2025T17:22:37 - [TEST_STEP][PASSED] - else: null

27-02-2025T17:22:37 - [TEST_STEP][PASSED] - if (include): null

27-02-2025T17:22:37 - [TEST_STEP][PASSED] - println(line): null

27-02-2025T17:22:37 - [TEST_STEP][PASSED] - comma = line.indexOf(",y"): null

27-02-2025T17:22:37 - [TEST_STEP][PASSED] - if (comma > 0): null

27-02-2025T17:22:37 - [TEST_STEP][PASSED] - line = reader.readLine(): null

27-02-2025T17:22:37 - [TEST_STEP][PASSED] - println(line): null

27-02-2025T17:22:37 - [TEST_STEP][PASSED] - group = line.indexOf("<Group>"): null

27-02-2025T17:22:37 - [TEST_STEP][PASSED] - println(group): null

27-02-2025T17:22:37 - [TEST_STEP][PASSED] - if (group >= 0): null

27-02-2025T17:22:37 - [TEST_STEP][PASSED] - else: null

27-02-2025T17:22:37 - [TEST_STEP][PASSED] - if (include): null

27-02-2025T17:22:37 - [TEST_STEP][PASSED] - println(line): null

27-02-2025T17:22:37 - [TEST_STEP][PASSED] - comma = line.indexOf(",y"): null

27-02-2025T17:22:37 - [TEST_STEP][PASSED] - if (comma > 0): null

27-02-2025T17:22:37 - [TEST_STEP][PASSED] - line = reader.readLine(): null

27-02-2025T17:22:37 - [TEST_STEP][PASSED] - println(line): null

27-02-2025T17:22:37 - [TEST_STEP][PASSED] - group = line.indexOf("<Group>"): null

27-02-2025T17:22:37 - [TEST_STEP][PASSED] - println(group): null

27-02-2025T17:22:37 - [TEST_STEP][PASSED] - if (group >= 0): null

27-02-2025T17:22:37 - [TEST_STEP][PASSED] - else: null

27-02-2025T17:22:37 - [TEST_STEP][PASSED] - if (include): null

27-02-2025T17:22:37 - [TEST_STEP][PASSED] - println(line): null

27-02-2025T17:22:37 - [TEST_STEP][PASSED] - comma = line.indexOf(",y"): null

27-02-2025T17:22:37 - [TEST_STEP][PASSED] - if (comma > 0): null

27-02-2025T17:22:37 - [TEST_STEP][PASSED] - commaCount = StringUtils.countMatches(line, ","): null

27-02-2025T17:22:37 - [TEST_STEP][PASSED] - if (commaCount > 1): null

27-02-2025T17:22:37 - [TEST_STEP][PASSED] - else: null

27-02-2025T17:22:37 - [TEST_STEP][PASSED] - label = line.substring(1, comma): null

27-02-2025T17:22:37 - [TEST_STEP][PASSED] - println(label): null

27-02-2025T17:22:37 - [TEST_STEP][PASSED] - checked.add(label): null

27-02-2025T17:22:37 - [TEST_STEP][PASSED] - line = reader.readLine(): null

27-02-2025T17:22:37 - [TEST_STEP][PASSED] - println(line): null

27-02-2025T17:22:37 - [TEST_STEP][PASSED] - group = line.indexOf("<Group>"): null

27-02-2025T17:22:37 - [TEST_STEP][PASSED] - println(group): null

27-02-2025T17:22:37 - [TEST_STEP][PASSED] - if (group >= 0): null

27-02-2025T17:22:37 - [TEST_STEP][PASSED] - else: null

27-02-2025T17:22:37 - [TEST_STEP][PASSED] - if (include): null

27-02-2025T17:22:37 - [TEST_STEP][PASSED] - println(line): null

27-02-2025T17:22:37 - [TEST_STEP][PASSED] - comma = line.indexOf(",y"): null

27-02-2025T17:22:37 - [TEST_STEP][PASSED] - if (comma > 0): null

27-02-2025T17:22:37 - [TEST_STEP][PASSED] - line = reader.readLine(): null

27-02-2025T17:22:37 - [TEST_STEP][PASSED] - println(line): null

27-02-2025T17:22:37 - [TEST_STEP][PASSED] - group = line.indexOf("<Group>"): null

27-02-2025T17:22:37 - [TEST_STEP][PASSED] - println(group): null

27-02-2025T17:22:37 - [TEST_STEP][PASSED] - if (group >= 0): null

27-02-2025T17:22:37 - [TEST_STEP][PASSED] - else: null

27-02-2025T17:22:37 - [TEST_STEP][PASSED] - if (include): null

27-02-2025T17:22:37 - [TEST_STEP][PASSED] - println(line): null

27-02-2025T17:22:37 - [TEST_STEP][PASSED] - comma = line.indexOf(",y"): null

27-02-2025T17:22:37 - [TEST_STEP][PASSED] - if (comma > 0): null

27-02-2025T17:22:37 - [TEST_STEP][PASSED] - commaCount = StringUtils.countMatches(line, ","): null

27-02-2025T17:22:37 - [TEST_STEP][PASSED] - if (commaCount > 1): null

27-02-2025T17:22:37 - [TEST_STEP][PASSED] - else: null

27-02-2025T17:22:37 - [TEST_STEP][PASSED] - label = line.substring(1, comma): null

27-02-2025T17:22:37 - [TEST_STEP][PASSED] - println(label): null

27-02-2025T17:22:37 - [TEST_STEP][PASSED] - checked.add(label): null

27-02-2025T17:22:37 - [TEST_STEP][PASSED] - line = reader.readLine(): null

27-02-2025T17:22:37 - [TEST_STEP][PASSED] - println(line): null

27-02-2025T17:22:37 - [TEST_STEP][PASSED] - group = line.indexOf("<Group>"): null

27-02-2025T17:22:37 - [TEST_STEP][PASSED] - println(group): null

27-02-2025T17:22:37 - [TEST_STEP][PASSED] - if (group >= 0): null

27-02-2025T17:22:37 - [TEST_STEP][PASSED] - else: null

27-02-2025T17:22:37 - [TEST_STEP][PASSED] - if (include): null

27-02-2025T17:22:37 - [TEST_STEP][PASSED] - println(line): null

27-02-2025T17:22:37 - [TEST_STEP][PASSED] - comma = line.indexOf(",y"): null

27-02-2025T17:22:37 - [TEST_STEP][PASSED] - if (comma > 0): null

27-02-2025T17:22:37 - [TEST_STEP][PASSED] - line = reader.readLine(): null

27-02-2025T17:22:37 - [TEST_STEP][PASSED] - println(line): null

27-02-2025T17:22:37 - [TEST_STEP][PASSED] - group = line.indexOf("<Group>"): null

27-02-2025T17:22:37 - [TEST_STEP][PASSED] - println(group): null

27-02-2025T17:22:37 - [TEST_STEP][PASSED] - if (group >= 0): null

27-02-2025T17:22:37 - [TEST_STEP][PASSED] - else: null

27-02-2025T17:22:37 - [TEST_STEP][PASSED] - if (include): null

27-02-2025T17:22:37 - [TEST_STEP][PASSED] - println(line): null

27-02-2025T17:22:37 - [TEST_STEP][PASSED] - comma = line.indexOf(",y"): null

27-02-2025T17:22:37 - [TEST_STEP][PASSED] - if (comma > 0): null

27-02-2025T17:22:37 - [TEST_STEP][PASSED] - line = reader.readLine(): null

27-02-2025T17:22:37 - [TEST_STEP][PASSED] - println(line): null

27-02-2025T17:22:37 - [TEST_STEP][PASSED] - group = line.indexOf("<Group>"): null

27-02-2025T17:22:37 - [TEST_STEP][PASSED] - println(group): null

27-02-2025T17:22:37 - [TEST_STEP][PASSED] - if (group >= 0): null

27-02-2025T17:22:37 - [TEST_STEP][PASSED] - else: null

27-02-2025T17:22:37 - [TEST_STEP][PASSED] - if (include): null

27-02-2025T17:22:37 - [TEST_STEP][PASSED] - println(line): null

27-02-2025T17:22:37 - [TEST_STEP][PASSED] - comma = line.indexOf(",y"): null

27-02-2025T17:22:37 - [TEST_STEP][PASSED] - if (comma > 0): null

27-02-2025T17:22:37 - [TEST_STEP][PASSED] - line = reader.readLine(): null

27-02-2025T17:22:37 - [TEST_STEP][PASSED] - println(line): null

27-02-2025T17:22:37 - [TEST_STEP][PASSED] - group = line.indexOf("<Group>"): null

27-02-2025T17:22:37 - [TEST_STEP][PASSED] - println(group): null

27-02-2025T17:22:37 - [TEST_STEP][PASSED] - if (group >= 0): null

27-02-2025T17:22:37 - [TEST_STEP][PASSED] - else: null

27-02-2025T17:22:37 - [TEST_STEP][PASSED] - if (include): null

27-02-2025T17:22:37 - [TEST_STEP][PASSED] - println(line): null

27-02-2025T17:22:37 - [TEST_STEP][PASSED] - comma = line.indexOf(",y"): null

27-02-2025T17:22:37 - [TEST_STEP][PASSED] - if (comma > 0): null

27-02-2025T17:22:37 - [TEST_STEP][PASSED] - line = reader.readLine(): null

27-02-2025T17:22:37 - [TEST_STEP][PASSED] - println(line): null

27-02-2025T17:22:37 - [TEST_STEP][PASSED] - group = line.indexOf("<Group>"): null

27-02-2025T17:22:37 - [TEST_STEP][PASSED] - println(group): null

27-02-2025T17:22:37 - [TEST_STEP][PASSED] - if (group >= 0): null

27-02-2025T17:22:37 - [TEST_STEP][PASSED] - else: null

27-02-2025T17:22:37 - [TEST_STEP][PASSED] - if (include): null

27-02-2025T17:22:37 - [TEST_STEP][PASSED] - println(line): null

27-02-2025T17:22:37 - [TEST_STEP][PASSED] - comma = line.indexOf(",y"): null

27-02-2025T17:22:37 - [TEST_STEP][PASSED] - if (comma > 0): null

27-02-2025T17:22:37 - [TEST_STEP][PASSED] - line = reader.readLine(): null

27-02-2025T17:22:37 - [TEST_STEP][PASSED] - println(line): null

27-02-2025T17:22:37 - [TEST_STEP][PASSED] - group = line.indexOf("<Group>"): null

27-02-2025T17:22:37 - [TEST_STEP][PASSED] - println(group): null

27-02-2025T17:22:37 - [TEST_STEP][PASSED] - if (group >= 0): null

27-02-2025T17:22:37 - [TEST_STEP][PASSED] - else: null

27-02-2025T17:22:37 - [TEST_STEP][PASSED] - if (include): null

27-02-2025T17:22:37 - [TEST_STEP][PASSED] - println(line): null

27-02-2025T17:22:37 - [TEST_STEP][PASSED] - comma = line.indexOf(",y"): null

27-02-2025T17:22:37 - [TEST_STEP][PASSED] - if (comma > 0): null

27-02-2025T17:22:37 - [TEST_STEP][PASSED] - line = reader.readLine(): null

27-02-2025T17:22:37 - [TEST_STEP][PASSED] - println(line): null

27-02-2025T17:22:37 - [TEST_STEP][PASSED] - group = line.indexOf("<Group>"): null

27-02-2025T17:22:37 - [TEST_STEP][PASSED] - println(group): null

27-02-2025T17:22:37 - [TEST_STEP][PASSED] - if (group >= 0): null

27-02-2025T17:22:37 - [TEST_STEP][PASSED] - else: null

27-02-2025T17:22:37 - [TEST_STEP][PASSED] - if (include): null

27-02-2025T17:22:37 - [TEST_STEP][PASSED] - println(line): null

27-02-2025T17:22:37 - [TEST_STEP][PASSED] - comma = line.indexOf(",y"): null

27-02-2025T17:22:37 - [TEST_STEP][PASSED] - if (comma > 0): null

27-02-2025T17:22:37 - [TEST_STEP][PASSED] - commaCount = StringUtils.countMatches(line, ","): null

27-02-2025T17:22:37 - [TEST_STEP][PASSED] - if (commaCount > 1): null

27-02-2025T17:22:37 - [TEST_STEP][PASSED] - else: null

27-02-2025T17:22:37 - [TEST_STEP][PASSED] - label = line.substring(1, comma): null

27-02-2025T17:22:37 - [TEST_STEP][PASSED] - println(label): null

27-02-2025T17:22:37 - [TEST_STEP][PASSED] - checked.add(label): null

27-02-2025T17:22:37 - [TEST_STEP][PASSED] - line = reader.readLine(): null

27-02-2025T17:22:37 - [TEST_STEP][PASSED] - println(line): null

27-02-2025T17:22:37 - [TEST_STEP][PASSED] - group = line.indexOf("<Group>"): null

27-02-2025T17:22:37 - [TEST_STEP][PASSED] - println(group): null

27-02-2025T17:22:37 - [TEST_STEP][PASSED] - if (group >= 0): null

27-02-2025T17:22:37 - [TEST_STEP][PASSED] - else: null

27-02-2025T17:22:37 - [TEST_STEP][PASSED] - if (include): null

27-02-2025T17:22:37 - [TEST_STEP][PASSED] - println(line): null

27-02-2025T17:22:37 - [TEST_STEP][PASSED] - comma = line.indexOf(",y"): null

27-02-2025T17:22:37 - [TEST_STEP][PASSED] - if (comma > 0): null

27-02-2025T17:22:37 - [TEST_STEP][PASSED] - line = reader.readLine(): null

27-02-2025T17:22:37 - [TEST_STEP][PASSED] - println(line): null

27-02-2025T17:22:37 - [TEST_STEP][PASSED] - group = line.indexOf("<Group>"): null

27-02-2025T17:22:37 - [TEST_STEP][PASSED] - println(group): null

27-02-2025T17:22:37 - [TEST_STEP][PASSED] - if (group >= 0): null

27-02-2025T17:22:37 - [TEST_STEP][PASSED] - else: null

27-02-2025T17:22:37 - [TEST_STEP][PASSED] - if (include): null

27-02-2025T17:22:37 - [TEST_STEP][PASSED] - println(line): null

27-02-2025T17:22:37 - [TEST_STEP][PASSED] - comma = line.indexOf(",y"): null

27-02-2025T17:22:37 - [TEST_STEP][PASSED] - if (comma > 0): null

27-02-2025T17:22:37 - [TEST_STEP][PASSED] - line = reader.readLine(): null

27-02-2025T17:22:37 - [TEST_STEP][PASSED] - println(line): null

27-02-2025T17:22:37 - [TEST_STEP][PASSED] - group = line.indexOf("<Group>"): null

27-02-2025T17:22:37 - [TEST_STEP][PASSED] - println(group): null

27-02-2025T17:22:37 - [TEST_STEP][PASSED] - if (group >= 0): null

27-02-2025T17:22:37 - [TEST_STEP][PASSED] - else: null

27-02-2025T17:22:37 - [TEST_STEP][PASSED] - if (include): null

27-02-2025T17:22:37 - [TEST_STEP][PASSED] - println(line): null

27-02-2025T17:22:37 - [TEST_STEP][PASSED] - comma = line.indexOf(",y"): null

27-02-2025T17:22:37 - [TEST_STEP][PASSED] - if (comma > 0): null

27-02-2025T17:22:37 - [TEST_STEP][PASSED] - line = reader.readLine(): null

27-02-2025T17:22:37 - [TEST_STEP][PASSED] - println(line): null

27-02-2025T17:22:37 - [TEST_STEP][PASSED] - group = line.indexOf("<Group>"): null

27-02-2025T17:22:37 - [TEST_STEP][PASSED] - println(group): null

27-02-2025T17:22:37 - [TEST_STEP][PASSED] - if (group >= 0): null

27-02-2025T17:22:37 - [TEST_STEP][PASSED] - else: null

27-02-2025T17:22:37 - [TEST_STEP][PASSED] - if (include): null

27-02-2025T17:22:37 - [TEST_STEP][PASSED] - println(line): null

27-02-2025T17:22:37 - [TEST_STEP][PASSED] - comma = line.indexOf(",y"): null

27-02-2025T17:22:37 - [TEST_STEP][PASSED] - if (comma > 0): null

27-02-2025T17:22:37 - [TEST_STEP][PASSED] - line = reader.readLine(): null

27-02-2025T17:22:37 - [TEST_STEP][PASSED] - println(line): null

27-02-2025T17:22:37 - [TEST_STEP][PASSED] - group = line.indexOf("<Group>"): null

27-02-2025T17:22:37 - [TEST_STEP][PASSED] - println(group): null

27-02-2025T17:22:37 - [TEST_STEP][PASSED] - if (group >= 0): null

27-02-2025T17:22:37 - [TEST_STEP][PASSED] - else: null

27-02-2025T17:22:37 - [TEST_STEP][PASSED] - if (include): null

27-02-2025T17:22:37 - [TEST_STEP][PASSED] - println(line): null

27-02-2025T17:22:37 - [TEST_STEP][PASSED] - comma = line.indexOf(",y"): null

27-02-2025T17:22:37 - [TEST_STEP][PASSED] - if (comma > 0): null

27-02-2025T17:22:37 - [TEST_STEP][PASSED] - line = reader.readLine(): null

27-02-2025T17:22:37 - [TEST_STEP][PASSED] - println(line): null

27-02-2025T17:22:37 - [TEST_STEP][PASSED] - group = line.indexOf("<Group>"): null

27-02-2025T17:22:37 - [TEST_STEP][PASSED] - println(group): null

27-02-2025T17:22:37 - [TEST_STEP][PASSED] - if (group >= 0): null

27-02-2025T17:22:37 - [TEST_STEP][PASSED] - else: null

27-02-2025T17:22:37 - [TEST_STEP][PASSED] - if (include): null

27-02-2025T17:22:37 - [TEST_STEP][PASSED] - println(line): null

27-02-2025T17:22:37 - [TEST_STEP][PASSED] - comma = line.indexOf(",y"): null

27-02-2025T17:22:37 - [TEST_STEP][PASSED] - if (comma > 0): null

27-02-2025T17:22:37 - [TEST_STEP][PASSED] - line = reader.readLine(): null

27-02-2025T17:22:37 - [TEST_STEP][PASSED] - println(line): null

27-02-2025T17:22:37 - [TEST_STEP][PASSED] - group = line.indexOf("<Group>"): null

27-02-2025T17:22:37 - [TEST_STEP][PASSED] - println(group): null

27-02-2025T17:22:37 - [TEST_STEP][PASSED] - if (group >= 0): null

27-02-2025T17:22:37 - [TEST_STEP][PASSED] - else: null

27-02-2025T17:22:37 - [TEST_STEP][PASSED] - if (include): null

27-02-2025T17:22:37 - [TEST_STEP][PASSED] - println(line): null

27-02-2025T17:22:37 - [TEST_STEP][PASSED] - comma = line.indexOf(",y"): null

27-02-2025T17:22:37 - [TEST_STEP][PASSED] - if (comma > 0): null

27-02-2025T17:22:37 - [TEST_STEP][PASSED] - line = reader.readLine(): null

27-02-2025T17:22:37 - [TEST_STEP][PASSED] - println(line): null

27-02-2025T17:22:37 - [TEST_STEP][PASSED] - group = line.indexOf("<Group>"): null

27-02-2025T17:22:37 - [TEST_STEP][PASSED] - println(group): null

27-02-2025T17:22:37 - [TEST_STEP][PASSED] - if (group >= 0): null

27-02-2025T17:22:37 - [TEST_STEP][PASSED] - else: null

27-02-2025T17:22:37 - [TEST_STEP][PASSED] - if (include): null

27-02-2025T17:22:37 - [TEST_STEP][PASSED] - println(line): null

27-02-2025T17:22:37 - [TEST_STEP][PASSED] - comma = line.indexOf(",y"): null

27-02-2025T17:22:37 - [TEST_STEP][PASSED] - if (comma > 0): null

27-02-2025T17:22:37 - [TEST_STEP][PASSED] - line = reader.readLine(): null

27-02-2025T17:22:37 - [TEST_STEP][PASSED] - println(line): null

27-02-2025T17:22:37 - [TEST_STEP][PASSED] - group = line.indexOf("<Group>"): null

27-02-2025T17:22:37 - [TEST_STEP][PASSED] - println(group): null

27-02-2025T17:22:37 - [TEST_STEP][PASSED] - if (group >= 0): null

27-02-2025T17:22:37 - [TEST_STEP][PASSED] - else: null

27-02-2025T17:22:37 - [TEST_STEP][PASSED] - if (include): null

27-02-2025T17:22:37 - [TEST_STEP][PASSED] - println(line): null

27-02-2025T17:22:37 - [TEST_STEP][PASSED] - comma = line.indexOf(",y"): null

27-02-2025T17:22:37 - [TEST_STEP][PASSED] - if (comma > 0): null

27-02-2025T17:22:37 - [TEST_STEP][PASSED] - commaCount = StringUtils.countMatches(line, ","): null

27-02-2025T17:22:37 - [TEST_STEP][PASSED] - if (commaCount > 1): null

27-02-2025T17:22:37 - [TEST_STEP][PASSED] - else: null

27-02-2025T17:22:37 - [TEST_STEP][PASSED] - label = line.substring(1, comma): null

27-02-2025T17:22:37 - [TEST_STEP][PASSED] - println(label): null

27-02-2025T17:22:37 - [TEST_STEP][PASSED] - checked.add(label): null

27-02-2025T17:22:37 - [TEST_STEP][PASSED] - line = reader.readLine(): null

27-02-2025T17:22:37 - [TEST_STEP][PASSED] - println(line): null

27-02-2025T17:22:37 - [TEST_STEP][PASSED] - group = line.indexOf("<Group>"): null

27-02-2025T17:22:37 - [TEST_STEP][PASSED] - println(group): null

27-02-2025T17:22:37 - [TEST_STEP][PASSED] - if (group >= 0): null

27-02-2025T17:22:37 - [TEST_STEP][PASSED] - else: null

27-02-2025T17:22:37 - [TEST_STEP][PASSED] - if (include): null

27-02-2025T17:22:37 - [TEST_STEP][PASSED] - println(line): null

27-02-2025T17:22:37 - [TEST_STEP][PASSED] - comma = line.indexOf(",y"): null

27-02-2025T17:22:37 - [TEST_STEP][PASSED] - if (comma > 0): null

27-02-2025T17:22:37 - [TEST_STEP][PASSED] - line = reader.readLine(): null

27-02-2025T17:22:37 - [TEST_STEP][PASSED] - println(line): null

27-02-2025T17:22:37 - [TEST_STEP][PASSED] - group = line.indexOf("<Group>"): null

27-02-2025T17:22:37 - [TEST_STEP][PASSED] - println(group): null

27-02-2025T17:22:37 - [TEST_STEP][PASSED] - if (group >= 0): null

27-02-2025T17:22:37 - [TEST_STEP][PASSED] - else: null

27-02-2025T17:22:37 - [TEST_STEP][PASSED] - if (include): null

27-02-2025T17:22:37 - [TEST_STEP][PASSED] - println(line): null

27-02-2025T17:22:37 - [TEST_STEP][PASSED] - comma = line.indexOf(",y"): null

27-02-2025T17:22:37 - [TEST_STEP][PASSED] - if (comma > 0): null

27-02-2025T17:22:37 - [TEST_STEP][PASSED] - line = reader.readLine(): null

27-02-2025T17:22:37 - [TEST_STEP][PASSED] - println(line): null

27-02-2025T17:22:37 - [TEST_STEP][PASSED] - group = line.indexOf("<Group>"): null

27-02-2025T17:22:37 - [TEST_STEP][PASSED] - println(group): null

27-02-2025T17:22:37 - [TEST_STEP][PASSED] - if (group >= 0): null

27-02-2025T17:22:37 - [TEST_STEP][PASSED] - else: null

27-02-2025T17:22:37 - [TEST_STEP][PASSED] - if (include): null

27-02-2025T17:22:37 - [TEST_STEP][PASSED] - println(line): null

27-02-2025T17:22:37 - [TEST_STEP][PASSED] - comma = line.indexOf(",y"): null

27-02-2025T17:22:37 - [TEST_STEP][PASSED] - if (comma > 0): null

27-02-2025T17:22:37 - [TEST_STEP][PASSED] - line = reader.readLine(): null

27-02-2025T17:22:37 - [TEST_STEP][PASSED] - println(line): null

27-02-2025T17:22:37 - [TEST_STEP][PASSED] - group = line.indexOf("<Group>"): null

27-02-2025T17:22:37 - [TEST_STEP][PASSED] - println(group): null

27-02-2025T17:22:37 - [TEST_STEP][PASSED] - if (group >= 0): null

27-02-2025T17:22:37 - [TEST_STEP][PASSED] - else: null

27-02-2025T17:22:37 - [TEST_STEP][PASSED] - if (include): null

27-02-2025T17:22:37 - [TEST_STEP][PASSED] - println(line): null

27-02-2025T17:22:37 - [TEST_STEP][PASSED] - comma = line.indexOf(",y"): null

27-02-2025T17:22:37 - [TEST_STEP][PASSED] - if (comma > 0): null

27-02-2025T17:22:37 - [TEST_STEP][PASSED] - line = reader.readLine(): null

27-02-2025T17:22:37 - [TEST_STEP][PASSED] - println(line): null

27-02-2025T17:22:37 - [TEST_STEP][PASSED] - group = line.indexOf("<Group>"): null

27-02-2025T17:22:37 - [TEST_STEP][PASSED] - println(group): null

27-02-2025T17:22:37 - [TEST_STEP][PASSED] - if (group >= 0): null

27-02-2025T17:22:37 - [TEST_STEP][PASSED] - else: null

27-02-2025T17:22:37 - [TEST_STEP][PASSED] - if (include): null

27-02-2025T17:22:37 - [TEST_STEP][PASSED] - println(line): null

27-02-2025T17:22:37 - [TEST_STEP][PASSED] - comma = line.indexOf(",y"): null

27-02-2025T17:22:37 - [TEST_STEP][PASSED] - if (comma > 0): null

27-02-2025T17:22:37 - [TEST_STEP][PASSED] - line = reader.readLine(): null

27-02-2025T17:22:37 - [TEST_STEP][PASSED] - println(line): null

27-02-2025T17:22:37 - [TEST_STEP][PASSED] - group = line.indexOf("<Group>"): null

27-02-2025T17:22:37 - [TEST_STEP][PASSED] - println(group): null

27-02-2025T17:22:37 - [TEST_STEP][PASSED] - if (group >= 0): null

27-02-2025T17:22:37 - [TEST_STEP][PASSED] - else: null

27-02-2025T17:22:37 - [TEST_STEP][PASSED] - if (include): null

27-02-2025T17:22:37 - [TEST_STEP][PASSED] - println(line): null

27-02-2025T17:22:37 - [TEST_STEP][PASSED] - comma = line.indexOf(",y"): null

27-02-2025T17:22:37 - [TEST_STEP][PASSED] - if (comma > 0): null

27-02-2025T17:22:37 - [TEST_STEP][PASSED] - line = reader.readLine(): null

27-02-2025T17:22:37 - [TEST_STEP][PASSED] - println(line): null

27-02-2025T17:22:37 - [TEST_STEP][PASSED] - group = line.indexOf("<Group>"): null

27-02-2025T17:22:37 - [TEST_STEP][PASSED] - println(group): null

27-02-2025T17:22:37 - [TEST_STEP][PASSED] - if (group >= 0): null

27-02-2025T17:22:37 - [TEST_STEP][PASSED] - else: null

27-02-2025T17:22:37 - [TEST_STEP][PASSED] - if (include): null

27-02-2025T17:22:37 - [TEST_STEP][PASSED] - println(line): null

27-02-2025T17:22:37 - [TEST_STEP][PASSED] - comma = line.indexOf(",y"): null

27-02-2025T17:22:37 - [TEST_STEP][PASSED] - if (comma > 0): null

27-02-2025T17:22:37 - [TEST_STEP][PASSED] - line = reader.readLine(): null

27-02-2025T17:22:37 - [TEST_STEP][PASSED] - println(line): null

27-02-2025T17:22:37 - [TEST_STEP][PASSED] - group = line.indexOf("<Group>"): null

27-02-2025T17:22:37 - [TEST_STEP][PASSED] - println(group): null

27-02-2025T17:22:37 - [TEST_STEP][PASSED] - if (group >= 0): null

27-02-2025T17:22:37 - [TEST_STEP][PASSED] - else: null

27-02-2025T17:22:37 - [TEST_STEP][PASSED] - if (include): null

27-02-2025T17:22:37 - [TEST_STEP][PASSED] - println(line): null

27-02-2025T17:22:37 - [TEST_STEP][PASSED] - comma = line.indexOf(",y"): null

27-02-2025T17:22:37 - [TEST_STEP][PASSED] - if (comma > 0): null

27-02-2025T17:22:37 - [TEST_STEP][PASSED] - line = reader.readLine(): null

27-02-2025T17:22:37 - [TEST_STEP][PASSED] - println(line): null

27-02-2025T17:22:37 - [TEST_STEP][PASSED] - group = line.indexOf("<Group>"): null

27-02-2025T17:22:37 - [TEST_STEP][PASSED] - println(group): null

27-02-2025T17:22:37 - [TEST_STEP][PASSED] - if (group >= 0): null

27-02-2025T17:22:37 - [TEST_STEP][PASSED] - else: null

27-02-2025T17:22:37 - [TEST_STEP][PASSED] - if (include): null

27-02-2025T17:22:37 - [TEST_STEP][PASSED] - println(line): null

27-02-2025T17:22:37 - [TEST_STEP][PASSED] - comma = line.indexOf(",y"): null

27-02-2025T17:22:37 - [TEST_STEP][PASSED] - if (comma > 0): null

27-02-2025T17:22:37 - [TEST_STEP][PASSED] - line = reader.readLine(): null

27-02-2025T17:22:37 - [TEST_STEP][PASSED] - println(line): null

27-02-2025T17:22:37 - [TEST_STEP][PASSED] - group = line.indexOf("<Group>"): null

27-02-2025T17:22:37 - [TEST_STEP][PASSED] - println(group): null

27-02-2025T17:22:37 - [TEST_STEP][PASSED] - if (group >= 0): null

27-02-2025T17:22:37 - [TEST_STEP][PASSED] - else: null

27-02-2025T17:22:37 - [TEST_STEP][PASSED] - if (include): null

27-02-2025T17:22:37 - [TEST_STEP][PASSED] - println(line): null

27-02-2025T17:22:37 - [TEST_STEP][PASSED] - comma = line.indexOf(",y"): null

27-02-2025T17:22:37 - [TEST_STEP][PASSED] - if (comma > 0): null

27-02-2025T17:22:37 - [TEST_STEP][PASSED] - line = reader.readLine(): null

27-02-2025T17:22:37 - [TEST_STEP][PASSED] - println(line): null

27-02-2025T17:22:37 - [TEST_STEP][PASSED] - group = line.indexOf("<Group>"): null

27-02-2025T17:22:37 - [TEST_STEP][PASSED] - println(group): null

27-02-2025T17:22:37 - [TEST_STEP][PASSED] - if (group >= 0): null

27-02-2025T17:22:37 - [TEST_STEP][PASSED] - else: null

27-02-2025T17:22:37 - [TEST_STEP][PASSED] - if (include): null

27-02-2025T17:22:37 - [TEST_STEP][PASSED] - println(line): null

27-02-2025T17:22:37 - [TEST_STEP][PASSED] - comma = line.indexOf(",y"): null

27-02-2025T17:22:37 - [TEST_STEP][PASSED] - if (comma > 0): null

27-02-2025T17:22:37 - [TEST_STEP][PASSED] - line = reader.readLine(): null

27-02-2025T17:22:37 - [TEST_STEP][PASSED] - println(line): null

27-02-2025T17:22:37 - [TEST_STEP][PASSED] - group = line.indexOf("<Group>"): null

27-02-2025T17:22:37 - [TEST_STEP][PASSED] - println(group): null

27-02-2025T17:22:37 - [TEST_STEP][PASSED] - if (group >= 0): null

27-02-2025T17:22:37 - [TEST_STEP][PASSED] - else: null

27-02-2025T17:22:37 - [TEST_STEP][PASSED] - if (include): null

27-02-2025T17:22:37 - [TEST_STEP][PASSED] - println(line): null

27-02-2025T17:22:37 - [TEST_STEP][PASSED] - comma = line.indexOf(",y"): null

27-02-2025T17:22:37 - [TEST_STEP][PASSED] - if (comma > 0): null

27-02-2025T17:22:37 - [TEST_STEP][PASSED] - line = reader.readLine(): null

27-02-2025T17:22:37 - [TEST_STEP][PASSED] - println(line): null

27-02-2025T17:22:37 - [TEST_STEP][PASSED] - group = line.indexOf("<Group>"): null

27-02-2025T17:22:37 - [TEST_STEP][PASSED] - println(group): null

27-02-2025T17:22:37 - [TEST_STEP][PASSED] - if (group >= 0): null

27-02-2025T17:22:37 - [TEST_STEP][PASSED] - else: null

27-02-2025T17:22:37 - [TEST_STEP][PASSED] - if (include): null

27-02-2025T17:22:37 - [TEST_STEP][PASSED] - println(line): null

27-02-2025T17:22:37 - [TEST_STEP][PASSED] - comma = line.indexOf(",y"): null

27-02-2025T17:22:37 - [TEST_STEP][PASSED] - if (comma > 0): null

27-02-2025T17:22:37 - [TEST_STEP][PASSED] - line = reader.readLine(): null

27-02-2025T17:22:37 - [TEST_STEP][PASSED] - println(line): null

27-02-2025T17:22:37 - [TEST_STEP][PASSED] - group = line.indexOf("<Group>"): null

27-02-2025T17:22:37 - [TEST_STEP][PASSED] - println(group): null

27-02-2025T17:22:37 - [TEST_STEP][PASSED] - if (group >= 0): null

27-02-2025T17:22:37 - [TEST_STEP][PASSED] - else: null

27-02-2025T17:22:37 - [TEST_STEP][PASSED] - if (include): null

27-02-2025T17:22:37 - [TEST_STEP][PASSED] - println(line): null

27-02-2025T17:22:37 - [TEST_STEP][PASSED] - comma = line.indexOf(",y"): null

27-02-2025T17:22:37 - [TEST_STEP][PASSED] - if (comma > 0): null

27-02-2025T17:22:37 - [TEST_STEP][PASSED] - line = reader.readLine(): null

27-02-2025T17:22:37 - [TEST_STEP][PASSED] - println(line): null

27-02-2025T17:22:37 - [TEST_STEP][PASSED] - group = line.indexOf("<Group>"): null

27-02-2025T17:22:37 - [TEST_STEP][PASSED] - println(group): null

27-02-2025T17:22:37 - [TEST_STEP][PASSED] - if (group >= 0): null

27-02-2025T17:22:37 - [TEST_STEP][PASSED] - else: null

27-02-2025T17:22:37 - [TEST_STEP][PASSED] - if (include): null

27-02-2025T17:22:37 - [TEST_STEP][PASSED] - println(line): null

27-02-2025T17:22:37 - [TEST_STEP][PASSED] - comma = line.indexOf(",y"): null

27-02-2025T17:22:37 - [TEST_STEP][PASSED] - if (comma > 0): null

27-02-2025T17:22:37 - [TEST_STEP][PASSED] - line = reader.readLine(): null

27-02-2025T17:22:37 - [TEST_STEP][PASSED] - println(line): null

27-02-2025T17:22:37 - [TEST_STEP][PASSED] - group = line.indexOf("<Group>"): null

27-02-2025T17:22:37 - [TEST_STEP][PASSED] - println(group): null

27-02-2025T17:22:37 - [TEST_STEP][PASSED] - if (group >= 0): null

27-02-2025T17:22:37 - [TEST_STEP][PASSED] - else: null

27-02-2025T17:22:37 - [TEST_STEP][PASSED] - if (include): null

27-02-2025T17:22:37 - [TEST_STEP][PASSED] - println(line): null

27-02-2025T17:22:37 - [TEST_STEP][PASSED] - comma = line.indexOf(",y"): null

27-02-2025T17:22:37 - [TEST_STEP][PASSED] - if (comma > 0): null

27-02-2025T17:22:37 - [TEST_STEP][PASSED] - line = reader.readLine(): null

27-02-2025T17:22:37 - [TEST_STEP][PASSED] - println(line): null

27-02-2025T17:22:37 - [TEST_STEP][PASSED] - group = line.indexOf("<Group>"): null

27-02-2025T17:22:37 - [TEST_STEP][PASSED] - println(group): null

27-02-2025T17:22:37 - [TEST_STEP][PASSED] - if (group >= 0): null

27-02-2025T17:22:37 - [TEST_STEP][PASSED] - else: null

27-02-2025T17:22:37 - [TEST_STEP][PASSED] - if (include): null

27-02-2025T17:22:37 - [TEST_STEP][PASSED] - println(line): null

27-02-2025T17:22:37 - [TEST_STEP][PASSED] - comma = line.indexOf(",y"): null

27-02-2025T17:22:37 - [TEST_STEP][PASSED] - if (comma > 0): null

27-02-2025T17:22:37 - [TEST_STEP][PASSED] - line = reader.readLine(): null

27-02-2025T17:22:37 - [TEST_STEP][PASSED] - println(line): null

27-02-2025T17:22:37 - [TEST_STEP][PASSED] - group = line.indexOf("<Group>"): null

27-02-2025T17:22:37 - [TEST_STEP][PASSED] - println(group): null

27-02-2025T17:22:37 - [TEST_STEP][PASSED] - if (group >= 0): null

27-02-2025T17:22:37 - [TEST_STEP][PASSED] - else: null

27-02-2025T17:22:37 - [TEST_STEP][PASSED] - if (include): null

27-02-2025T17:22:37 - [TEST_STEP][PASSED] - println(line): null

27-02-2025T17:22:37 - [TEST_STEP][PASSED] - comma = line.indexOf(",y"): null

27-02-2025T17:22:37 - [TEST_STEP][PASSED] - if (comma > 0): null

27-02-2025T17:22:37 - [TEST_STEP][PASSED] - line = reader.readLine(): null

27-02-2025T17:22:37 - [TEST_STEP][PASSED] - println(line): null

27-02-2025T17:22:37 - [TEST_STEP][PASSED] - group = line.indexOf("<Group>"): null

27-02-2025T17:22:37 - [TEST_STEP][PASSED] - println(group): null

27-02-2025T17:22:37 - [TEST_STEP][PASSED] - if (group >= 0): null

27-02-2025T17:22:37 - [TEST_STEP][PASSED] - else: null

27-02-2025T17:22:37 - [TEST_STEP][PASSED] - if (include): null

27-02-2025T17:22:37 - [TEST_STEP][PASSED] - println(line): null

27-02-2025T17:22:37 - [TEST_STEP][PASSED] - comma = line.indexOf(",y"): null

27-02-2025T17:22:37 - [TEST_STEP][PASSED] - if (comma > 0): null

27-02-2025T17:22:37 - [TEST_STEP][PASSED] - line = reader.readLine(): null

27-02-2025T17:22:37 - [TEST_STEP][PASSED] - println(line): null

27-02-2025T17:22:37 - [TEST_STEP][PASSED] - group = line.indexOf("<Group>"): null

27-02-2025T17:22:37 - [TEST_STEP][PASSED] - println(group): null

27-02-2025T17:22:37 - [TEST_STEP][PASSED] - if (group >= 0): null

27-02-2025T17:22:37 - [TEST_STEP][PASSED] - else: null

27-02-2025T17:22:37 - [TEST_STEP][PASSED] - if (include): null

27-02-2025T17:22:37 - [TEST_STEP][PASSED] - println(line): null

27-02-2025T17:22:37 - [TEST_STEP][PASSED] - comma = line.indexOf(",y"): null

27-02-2025T17:22:37 - [TEST_STEP][PASSED] - if (comma > 0): null

27-02-2025T17:22:37 - [TEST_STEP][PASSED] - line = reader.readLine(): null

27-02-2025T17:22:37 - [TEST_STEP][PASSED] - println(line): null

27-02-2025T17:22:37 - [TEST_STEP][PASSED] - group = line.indexOf("<Group>"): null

27-02-2025T17:22:37 - [TEST_STEP][PASSED] - println(group): null

27-02-2025T17:22:37 - [TEST_STEP][PASSED] - if (group >= 0): null

27-02-2025T17:22:37 - [TEST_STEP][PASSED] - else: null

27-02-2025T17:22:37 - [TEST_STEP][PASSED] - if (include): null

27-02-2025T17:22:37 - [TEST_STEP][PASSED] - println(line): null

27-02-2025T17:22:37 - [TEST_STEP][PASSED] - comma = line.indexOf(",y"): null

27-02-2025T17:22:37 - [TEST_STEP][PASSED] - if (comma > 0): null

27-02-2025T17:22:37 - [TEST_STEP][PASSED] - line = reader.readLine(): null

27-02-2025T17:22:37 - [TEST_STEP][PASSED] - println(line): null

27-02-2025T17:22:37 - [TEST_STEP][PASSED] - group = line.indexOf("<Group>"): null

27-02-2025T17:22:37 - [TEST_STEP][PASSED] - println(group): null

27-02-2025T17:22:37 - [TEST_STEP][PASSED] - if (group >= 0): null

27-02-2025T17:22:37 - [TEST_STEP][PASSED] - else: null

27-02-2025T17:22:37 - [TEST_STEP][PASSED] - if (include): null

27-02-2025T17:22:37 - [TEST_STEP][PASSED] - println(line): null

27-02-2025T17:22:37 - [TEST_STEP][PASSED] - comma = line.indexOf(",y"): null

27-02-2025T17:22:37 - [TEST_STEP][PASSED] - if (comma > 0): null

27-02-2025T17:22:37 - [TEST_STEP][PASSED] - line = reader.readLine(): null

27-02-2025T17:22:37 - [TEST_STEP][PASSED] - println(line): null

27-02-2025T17:22:37 - [TEST_STEP][PASSED] - group = line.indexOf("<Group>"): null

27-02-2025T17:22:37 - [TEST_STEP][PASSED] - println(group): null

27-02-2025T17:22:37 - [TEST_STEP][PASSED] - if (group >= 0): null

27-02-2025T17:22:37 - [TEST_STEP][PASSED] - else: null

27-02-2025T17:22:37 - [TEST_STEP][PASSED] - if (include): null

27-02-2025T17:22:37 - [TEST_STEP][PASSED] - println(line): null

27-02-2025T17:22:37 - [TEST_STEP][PASSED] - comma = line.indexOf(",y"): null

27-02-2025T17:22:37 - [TEST_STEP][PASSED] - if (comma > 0): null

27-02-2025T17:22:37 - [TEST_STEP][PASSED] - line = reader.readLine(): null

27-02-2025T17:22:37 - [TEST_STEP][PASSED] - println(line): null

27-02-2025T17:22:37 - [TEST_STEP][PASSED] - group = line.indexOf("<Group>"): null

27-02-2025T17:22:37 - [TEST_STEP][PASSED] - println(group): null

27-02-2025T17:22:37 - [TEST_STEP][PASSED] - if (group >= 0): null

27-02-2025T17:22:37 - [TEST_STEP][PASSED] - else: null

27-02-2025T17:22:37 - [TEST_STEP][PASSED] - if (include): null

27-02-2025T17:22:37 - [TEST_STEP][PASSED] - println(line): null

27-02-2025T17:22:37 - [TEST_STEP][PASSED] - comma = line.indexOf(",y"): null

27-02-2025T17:22:37 - [TEST_STEP][PASSED] - if (comma > 0): null

27-02-2025T17:22:37 - [TEST_STEP][PASSED] - line = reader.readLine(): null

27-02-2025T17:22:37 - [TEST_STEP][PASSED] - println(line): null

27-02-2025T17:22:37 - [TEST_STEP][PASSED] - group = line.indexOf("<Group>"): null

27-02-2025T17:22:37 - [TEST_STEP][PASSED] - println(group): null

27-02-2025T17:22:37 - [TEST_STEP][PASSED] - if (group >= 0): null

27-02-2025T17:22:37 - [TEST_STEP][PASSED] - else: null

27-02-2025T17:22:37 - [TEST_STEP][PASSED] - if (include): null

27-02-2025T17:22:37 - [TEST_STEP][PASSED] - println(line): null

27-02-2025T17:22:37 - [TEST_STEP][PASSED] - comma = line.indexOf(",y"): null

27-02-2025T17:22:37 - [TEST_STEP][PASSED] - if (comma > 0): null

27-02-2025T17:22:37 - [TEST_STEP][PASSED] - line = reader.readLine(): null

27-02-2025T17:22:37 - [TEST_STEP][PASSED] - println(line): null

27-02-2025T17:22:37 - [TEST_STEP][PASSED] - group = line.indexOf("<Group>"): null

27-02-2025T17:22:37 - [TEST_STEP][PASSED] - println(group): null

27-02-2025T17:22:37 - [TEST_STEP][PASSED] - if (group >= 0): null

27-02-2025T17:22:37 - [TEST_STEP][PASSED] - else: null

27-02-2025T17:22:37 - [TEST_STEP][PASSED] - if (include): null

27-02-2025T17:22:37 - [TEST_STEP][PASSED] - println(line): null

27-02-2025T17:22:37 - [TEST_STEP][PASSED] - comma = line.indexOf(",y"): null

27-02-2025T17:22:37 - [TEST_STEP][PASSED] - if (comma > 0): null

27-02-2025T17:22:37 - [TEST_STEP][PASSED] - line = reader.readLine(): null

27-02-2025T17:22:37 - [TEST_STEP][PASSED] - println(line): null

27-02-2025T17:22:37 - [TEST_STEP][PASSED] - group = line.indexOf("<Group>"): null

27-02-2025T17:22:37 - [TEST_STEP][PASSED] - println(group): null

27-02-2025T17:22:37 - [TEST_STEP][PASSED] - if (group >= 0): null

27-02-2025T17:22:37 - [TEST_STEP][PASSED] - else: null

27-02-2025T17:22:37 - [TEST_STEP][PASSED] - if (include): null

27-02-2025T17:22:37 - [TEST_STEP][PASSED] - println(line): null

27-02-2025T17:22:37 - [TEST_STEP][PASSED] - comma = line.indexOf(",y"): null

27-02-2025T17:22:37 - [TEST_STEP][PASSED] - if (comma > 0): null

27-02-2025T17:22:37 - [TEST_STEP][PASSED] - line = reader.readLine(): null

27-02-2025T17:22:37 - [TEST_STEP][PASSED] - println(line): null

27-02-2025T17:22:37 - [TEST_STEP][PASSED] - group = line.indexOf("<Group>"): null

27-02-2025T17:22:37 - [TEST_STEP][PASSED] - println(group): null

27-02-2025T17:22:37 - [TEST_STEP][PASSED] - if (group >= 0): null

27-02-2025T17:22:37 - [TEST_STEP][PASSED] - else: null

27-02-2025T17:22:37 - [TEST_STEP][PASSED] - if (include): null

27-02-2025T17:22:37 - [TEST_STEP][PASSED] - println(line): null

27-02-2025T17:22:37 - [TEST_STEP][PASSED] - comma = line.indexOf(",y"): null

27-02-2025T17:22:37 - [TEST_STEP][PASSED] - if (comma > 0): null

27-02-2025T17:22:37 - [TEST_STEP][PASSED] - line = reader.readLine(): null

27-02-2025T17:22:37 - [TEST_STEP][PASSED] - println(line): null

27-02-2025T17:22:37 - [TEST_STEP][PASSED] - group = line.indexOf("<Group>"): null

27-02-2025T17:22:37 - [TEST_STEP][PASSED] - println(group): null

27-02-2025T17:22:37 - [TEST_STEP][PASSED] - if (group >= 0): null

27-02-2025T17:22:37 - [TEST_STEP][PASSED] - else: null

27-02-2025T17:22:37 - [TEST_STEP][PASSED] - if (include): null

27-02-2025T17:22:37 - [TEST_STEP][PASSED] - println(line): null

27-02-2025T17:22:37 - [TEST_STEP][PASSED] - comma = line.indexOf(",y"): null

27-02-2025T17:22:37 - [TEST_STEP][PASSED] - if (comma > 0): null

27-02-2025T17:22:37 - [TEST_STEP][PASSED] - line = reader.readLine(): null

27-02-2025T17:22:37 - [TEST_STEP][PASSED] - println(line): null

27-02-2025T17:22:37 - [TEST_STEP][PASSED] - group = line.indexOf("<Group>"): null

27-02-2025T17:22:37 - [TEST_STEP][PASSED] - println(group): null

27-02-2025T17:22:37 - [TEST_STEP][PASSED] - if (group >= 0): null

27-02-2025T17:22:37 - [TEST_STEP][PASSED] - else: null

27-02-2025T17:22:37 - [TEST_STEP][PASSED] - if (include): null

27-02-2025T17:22:37 - [TEST_STEP][PASSED] - println(line): null

27-02-2025T17:22:37 - [TEST_STEP][PASSED] - comma = line.indexOf(",y"): null

27-02-2025T17:22:37 - [TEST_STEP][PASSED] - if (comma > 0): null

27-02-2025T17:22:37 - [TEST_STEP][PASSED] - line = reader.readLine(): null

27-02-2025T17:22:37 - [TEST_STEP][PASSED] - println(line): null

27-02-2025T17:22:37 - [TEST_STEP][PASSED] - group = line.indexOf("<Group>"): null

27-02-2025T17:22:37 - [TEST_STEP][PASSED] - println(group): null

27-02-2025T17:22:37 - [TEST_STEP][PASSED] - if (group >= 0): null

27-02-2025T17:22:37 - [TEST_STEP][PASSED] - else: null

27-02-2025T17:22:37 - [TEST_STEP][PASSED] - if (include): null

27-02-2025T17:22:37 - [TEST_STEP][PASSED] - println(line): null

27-02-2025T17:22:37 - [TEST_STEP][PASSED] - comma = line.indexOf(",y"): null

27-02-2025T17:22:37 - [TEST_STEP][PASSED] - if (comma > 0): null

27-02-2025T17:22:37 - [TEST_STEP][PASSED] - line = reader.readLine(): null

27-02-2025T17:22:37 - [TEST_STEP][PASSED] - println(line): null

27-02-2025T17:22:37 - [TEST_STEP][PASSED] - group = line.indexOf("<Group>"): null

27-02-2025T17:22:37 - [TEST_STEP][PASSED] - println(group): null

27-02-2025T17:22:37 - [TEST_STEP][PASSED] - if (group >= 0): null

27-02-2025T17:22:37 - [TEST_STEP][PASSED] - else: null

27-02-2025T17:22:37 - [TEST_STEP][PASSED] - if (include): null

27-02-2025T17:22:37 - [TEST_STEP][PASSED] - println(line): null

27-02-2025T17:22:37 - [TEST_STEP][PASSED] - comma = line.indexOf(",y"): null

27-02-2025T17:22:37 - [TEST_STEP][PASSED] - if (comma > 0): null

27-02-2025T17:22:37 - [TEST_STEP][PASSED] - line = reader.readLine(): null

27-02-2025T17:22:37 - [TEST_STEP][PASSED] - println(line): null

27-02-2025T17:22:37 - [TEST_STEP][PASSED] - group = line.indexOf("<Group>"): null

27-02-2025T17:22:37 - [TEST_STEP][PASSED] - println(group): null

27-02-2025T17:22:37 - [TEST_STEP][PASSED] - if (group >= 0): null

27-02-2025T17:22:37 - [TEST_STEP][PASSED] - else: null

27-02-2025T17:22:37 - [TEST_STEP][PASSED] - if (include): null

27-02-2025T17:22:37 - [TEST_STEP][PASSED] - println(line): null

27-02-2025T17:22:37 - [TEST_STEP][PASSED] - comma = line.indexOf(",y"): null

27-02-2025T17:22:37 - [TEST_STEP][PASSED] - if (comma > 0): null

27-02-2025T17:22:37 - [TEST_STEP][PASSED] - line = reader.readLine(): null

27-02-2025T17:22:37 - [TEST_STEP][PASSED] - println(line): null

27-02-2025T17:22:37 - [TEST_STEP][PASSED] - group = line.indexOf("<Group>"): null

27-02-2025T17:22:37 - [TEST_STEP][PASSED] - println(group): null

27-02-2025T17:22:37 - [TEST_STEP][PASSED] - if (group >= 0): null

27-02-2025T17:22:37 - [TEST_STEP][PASSED] - else: null

27-02-2025T17:22:37 - [TEST_STEP][PASSED] - if (include): null

27-02-2025T17:22:37 - [TEST_STEP][PASSED] - println(line): null

27-02-2025T17:22:37 - [TEST_STEP][PASSED] - comma = line.indexOf(",y"): null

27-02-2025T17:22:37 - [TEST_STEP][PASSED] - if (comma > 0): null

27-02-2025T17:22:37 - [TEST_STEP][PASSED] - line = reader.readLine(): null

27-02-2025T17:22:37 - [TEST_STEP][PASSED] - println(line): null

27-02-2025T17:22:37 - [TEST_STEP][PASSED] - group = line.indexOf("<Group>"): null

27-02-2025T17:22:37 - [TEST_STEP][PASSED] - println(group): null

27-02-2025T17:22:37 - [TEST_STEP][PASSED] - if (group >= 0): null

27-02-2025T17:22:37 - [TEST_STEP][PASSED] - else: null

27-02-2025T17:22:37 - [TEST_STEP][PASSED] - if (include): null

27-02-2025T17:22:37 - [TEST_STEP][PASSED] - println(line): null

27-02-2025T17:22:37 - [TEST_STEP][PASSED] - comma = line.indexOf(",y"): null

27-02-2025T17:22:37 - [TEST_STEP][PASSED] - if (comma > 0): null

27-02-2025T17:22:37 - [TEST_STEP][PASSED] - line = reader.readLine(): null

27-02-2025T17:22:37 - [TEST_STEP][PASSED] - println(line): null

27-02-2025T17:22:37 - [TEST_STEP][PASSED] - group = line.indexOf("<Group>"): null

27-02-2025T17:22:37 - [TEST_STEP][PASSED] - println(group): null

27-02-2025T17:22:37 - [TEST_STEP][PASSED] - if (group >= 0): null

27-02-2025T17:22:37 - [TEST_STEP][PASSED] - else: null

27-02-2025T17:22:37 - [TEST_STEP][PASSED] - if (include): null

27-02-2025T17:22:37 - [TEST_STEP][PASSED] - println(line): null

27-02-2025T17:22:37 - [TEST_STEP][PASSED] - comma = line.indexOf(",y"): null

27-02-2025T17:22:37 - [TEST_STEP][PASSED] - if (comma > 0): null

27-02-2025T17:22:37 - [TEST_STEP][PASSED] - line = reader.readLine(): null

27-02-2025T17:22:37 - [TEST_STEP][PASSED] - println(line): null

27-02-2025T17:22:37 - [TEST_STEP][PASSED] - group = line.indexOf("<Group>"): null

27-02-2025T17:22:37 - [TEST_STEP][PASSED] - println(group): null

27-02-2025T17:22:37 - [TEST_STEP][PASSED] - if (group >= 0): null

27-02-2025T17:22:37 - [TEST_STEP][PASSED] - else: null

27-02-2025T17:22:37 - [TEST_STEP][PASSED] - if (include): null

27-02-2025T17:22:37 - [TEST_STEP][PASSED] - println(line): null

27-02-2025T17:22:37 - [TEST_STEP][PASSED] - comma = line.indexOf(",y"): null

27-02-2025T17:22:37 - [TEST_STEP][PASSED] - if (comma > 0): null

27-02-2025T17:22:37 - [TEST_STEP][PASSED] - line = reader.readLine(): null

27-02-2025T17:22:37 - [TEST_STEP][PASSED] - println(line): null

27-02-2025T17:22:37 - [TEST_STEP][PASSED] - group = line.indexOf("<Group>"): null

27-02-2025T17:22:37 - [TEST_STEP][PASSED] - println(group): null

27-02-2025T17:22:37 - [TEST_STEP][PASSED] - if (group >= 0): null

27-02-2025T17:22:37 - [TEST_STEP][PASSED] - else: null

27-02-2025T17:22:37 - [TEST_STEP][PASSED] - if (include): null

27-02-2025T17:22:37 - [TEST_STEP][PASSED] - println(line): null

27-02-2025T17:22:37 - [TEST_STEP][PASSED] - comma = line.indexOf(",y"): null

27-02-2025T17:22:37 - [TEST_STEP][PASSED] - if (comma > 0): null

27-02-2025T17:22:37 - [TEST_STEP][PASSED] - commaCount = StringUtils.countMatches(line, ","): null

27-02-2025T17:22:37 - [TEST_STEP][PASSED] - if (commaCount > 1): null

27-02-2025T17:22:37 - [TEST_STEP][PASSED] - else: null

27-02-2025T17:22:37 - [TEST_STEP][PASSED] - label = line.substring(1, comma): null

27-02-2025T17:22:37 - [TEST_STEP][PASSED] - println(label): null

27-02-2025T17:22:37 - [TEST_STEP][PASSED] - checked.add(label): null

27-02-2025T17:22:37 - [TEST_STEP][PASSED] - line = reader.readLine(): null

27-02-2025T17:22:37 - [TEST_STEP][PASSED] - println(line): null

27-02-2025T17:22:37 - [TEST_STEP][PASSED] - group = line.indexOf("<Group>"): null

27-02-2025T17:22:37 - [TEST_STEP][PASSED] - println(group): null

27-02-2025T17:22:37 - [TEST_STEP][PASSED] - if (group >= 0): null

27-02-2025T17:22:37 - [TEST_STEP][PASSED] - else: null

27-02-2025T17:22:37 - [TEST_STEP][PASSED] - if (include): null

27-02-2025T17:22:37 - [TEST_STEP][PASSED] - println(line): null

27-02-2025T17:22:37 - [TEST_STEP][PASSED] - comma = line.indexOf(",y"): null

27-02-2025T17:22:37 - [TEST_STEP][PASSED] - if (comma > 0): null

27-02-2025T17:22:37 - [TEST_STEP][PASSED] - line = reader.readLine(): null

27-02-2025T17:22:37 - [TEST_STEP][PASSED] - println(line): null

27-02-2025T17:22:37 - [TEST_STEP][PASSED] - group = line.indexOf("<Group>"): null

27-02-2025T17:22:37 - [TEST_STEP][PASSED] - println(group): null

27-02-2025T17:22:37 - [TEST_STEP][PASSED] - if (group >= 0): null

27-02-2025T17:22:37 - [TEST_STEP][PASSED] - else: null

27-02-2025T17:22:37 - [TEST_STEP][PASSED] - if (include): null

27-02-2025T17:22:37 - [TEST_STEP][PASSED] - println(line): null

27-02-2025T17:22:37 - [TEST_STEP][PASSED] - comma = line.indexOf(",y"): null

27-02-2025T17:22:37 - [TEST_STEP][PASSED] - if (comma > 0): null

27-02-2025T17:22:37 - [TEST_STEP][PASSED] - line = reader.readLine(): null

27-02-2025T17:22:37 - [TEST_STEP][PASSED] - println(line): null

27-02-2025T17:22:37 - [TEST_STEP][PASSED] - group = line.indexOf("<Group>"): null

27-02-2025T17:22:37 - [TEST_STEP][PASSED] - println(group): null

27-02-2025T17:22:37 - [TEST_STEP][PASSED] - if (group >= 0): null

27-02-2025T17:22:37 - [TEST_STEP][PASSED] - else: null

27-02-2025T17:22:37 - [TEST_STEP][PASSED] - if (include): null

27-02-2025T17:22:37 - [TEST_STEP][PASSED] - println(line): null

27-02-2025T17:22:37 - [TEST_STEP][PASSED] - comma = line.indexOf(",y"): null

27-02-2025T17:22:37 - [TEST_STEP][PASSED] - if (comma > 0): null

27-02-2025T17:22:37 - [TEST_STEP][PASSED] - commaCount = StringUtils.countMatches(line, ","): null

27-02-2025T17:22:37 - [TEST_STEP][PASSED] - if (commaCount > 1): null

27-02-2025T17:22:37 - [TEST_STEP][PASSED] - else: null

27-02-2025T17:22:37 - [TEST_STEP][PASSED] - label = line.substring(1, comma): null

27-02-2025T17:22:37 - [TEST_STEP][PASSED] - println(label): null

27-02-2025T17:22:37 - [TEST_STEP][PASSED] - checked.add(label): null

27-02-2025T17:22:37 - [TEST_STEP][PASSED] - line = reader.readLine(): null

27-02-2025T17:22:37 - [TEST_STEP][PASSED] - println(line): null

27-02-2025T17:22:37 - [TEST_STEP][PASSED] - group = line.indexOf("<Group>"): null

27-02-2025T17:22:37 - [TEST_STEP][PASSED] - println(group): null

27-02-2025T17:22:37 - [TEST_STEP][PASSED] - if (group >= 0): null

27-02-2025T17:22:37 - [TEST_STEP][PASSED] - else: null

27-02-2025T17:22:37 - [TEST_STEP][PASSED] - if (include): null

27-02-2025T17:22:37 - [TEST_STEP][PASSED] - println(line): null

27-02-2025T17:22:37 - [TEST_STEP][PASSED] - comma = line.indexOf(",y"): null

27-02-2025T17:22:37 - [TEST_STEP][PASSED] - if (comma > 0): null

27-02-2025T17:22:37 - [TEST_STEP][PASSED] - line = reader.readLine(): null

27-02-2025T17:22:37 - [TEST_STEP][PASSED] - println(line): null

27-02-2025T17:22:37 - [TEST_STEP][PASSED] - group = line.indexOf("<Group>"): null

27-02-2025T17:22:37 - [TEST_STEP][PASSED] - println(group): null

27-02-2025T17:22:37 - [TEST_STEP][PASSED] - if (group >= 0): null

27-02-2025T17:22:37 - [TEST_STEP][PASSED] - else: null

27-02-2025T17:22:37 - [TEST_STEP][PASSED] - if (include): null

27-02-2025T17:22:37 - [TEST_STEP][PASSED] - println(line): null

27-02-2025T17:22:37 - [TEST_STEP][PASSED] - comma = line.indexOf(",y"): null

27-02-2025T17:22:37 - [TEST_STEP][PASSED] - if (comma > 0): null

27-02-2025T17:22:37 - [TEST_STEP][PASSED] - line = reader.readLine(): null

27-02-2025T17:22:37 - [TEST_STEP][PASSED] - println(line): null

27-02-2025T17:22:37 - [TEST_STEP][PASSED] - group = line.indexOf("<Group>"): null

27-02-2025T17:22:37 - [TEST_STEP][PASSED] - println(group): null

27-02-2025T17:22:37 - [TEST_STEP][PASSED] - if (group >= 0): null

27-02-2025T17:22:37 - [TEST_STEP][PASSED] - else: null

27-02-2025T17:22:37 - [TEST_STEP][PASSED] - if (include): null

27-02-2025T17:22:37 - [TEST_STEP][PASSED] - println(line): null

27-02-2025T17:22:37 - [TEST_STEP][PASSED] - comma = line.indexOf(",y"): null

27-02-2025T17:22:37 - [TEST_STEP][PASSED] - if (comma > 0): null

27-02-2025T17:22:37 - [TEST_STEP][PASSED] - line = reader.readLine(): null

27-02-2025T17:22:37 - [TEST_STEP][PASSED] - println(line): null

27-02-2025T17:22:37 - [TEST_STEP][PASSED] - group = line.indexOf("<Group>"): null

27-02-2025T17:22:37 - [TEST_STEP][PASSED] - println(group): null

27-02-2025T17:22:37 - [TEST_STEP][PASSED] - if (group >= 0): null

27-02-2025T17:22:37 - [TEST_STEP][PASSED] - else: null

27-02-2025T17:22:37 - [TEST_STEP][PASSED] - if (include): null

27-02-2025T17:22:37 - [TEST_STEP][PASSED] - println(line): null

27-02-2025T17:22:37 - [TEST_STEP][PASSED] - comma = line.indexOf(",y"): null

27-02-2025T17:22:37 - [TEST_STEP][PASSED] - if (comma > 0): null

27-02-2025T17:22:37 - [TEST_STEP][PASSED] - line = reader.readLine(): null

27-02-2025T17:22:37 - [TEST_STEP][PASSED] - println(line): null

27-02-2025T17:22:37 - [TEST_STEP][PASSED] - group = line.indexOf("<Group>"): null

27-02-2025T17:22:37 - [TEST_STEP][PASSED] - println(group): null

27-02-2025T17:22:37 - [TEST_STEP][PASSED] - if (group >= 0): null

27-02-2025T17:22:37 - [TEST_STEP][PASSED] - else: null

27-02-2025T17:22:37 - [TEST_STEP][PASSED] - if (include): null

27-02-2025T17:22:37 - [TEST_STEP][PASSED] - println(line): null

27-02-2025T17:22:37 - [TEST_STEP][PASSED] - comma = line.indexOf(",y"): null

27-02-2025T17:22:37 - [TEST_STEP][PASSED] - if (comma > 0): null

27-02-2025T17:22:37 - [TEST_STEP][PASSED] - line = reader.readLine(): null

27-02-2025T17:22:37 - [TEST_STEP][PASSED] - println(line): null

27-02-2025T17:22:37 - [TEST_STEP][PASSED] - group = line.indexOf("<Group>"): null

27-02-2025T17:22:37 - [TEST_STEP][PASSED] - println(group): null

27-02-2025T17:22:37 - [TEST_STEP][PASSED] - if (group >= 0): null

27-02-2025T17:22:37 - [TEST_STEP][PASSED] - else: null

27-02-2025T17:22:37 - [TEST_STEP][PASSED] - if (include): null

27-02-2025T17:22:37 - [TEST_STEP][PASSED] - println(line): null

27-02-2025T17:22:37 - [TEST_STEP][PASSED] - comma = line.indexOf(",y"): null

27-02-2025T17:22:37 - [TEST_STEP][PASSED] - if (comma > 0): null

27-02-2025T17:22:37 - [TEST_STEP][PASSED] - line = reader.readLine(): null

27-02-2025T17:22:37 - [TEST_STEP][PASSED] - println(line): null

27-02-2025T17:22:37 - [TEST_STEP][PASSED] - group = line.indexOf("<Group>"): null

27-02-2025T17:22:37 - [TEST_STEP][PASSED] - println(group): null

27-02-2025T17:22:37 - [TEST_STEP][PASSED] - if (group >= 0): null

27-02-2025T17:22:37 - [TEST_STEP][PASSED] - else: null

27-02-2025T17:22:37 - [TEST_STEP][PASSED] - if (include): null

27-02-2025T17:22:37 - [TEST_STEP][PASSED] - println(line): null

27-02-2025T17:22:37 - [TEST_STEP][PASSED] - comma = line.indexOf(",y"): null

27-02-2025T17:22:37 - [TEST_STEP][PASSED] - if (comma > 0): null

27-02-2025T17:22:37 - [TEST_STEP][PASSED] - line = reader.readLine(): null

27-02-2025T17:22:37 - [TEST_STEP][PASSED] - println(line): null

27-02-2025T17:22:37 - [TEST_STEP][PASSED] - group = line.indexOf("<Group>"): null

27-02-2025T17:22:37 - [TEST_STEP][PASSED] - println(group): null

27-02-2025T17:22:37 - [TEST_STEP][PASSED] - if (group >= 0): null

27-02-2025T17:22:37 - [TEST_STEP][PASSED] - else: null

27-02-2025T17:22:37 - [TEST_STEP][PASSED] - if (include): null

27-02-2025T17:22:37 - [TEST_STEP][PASSED] - println(line): null

27-02-2025T17:22:37 - [TEST_STEP][PASSED] - comma = line.indexOf(",y"): null

27-02-2025T17:22:37 - [TEST_STEP][PASSED] - if (comma > 0): null

27-02-2025T17:22:37 - [TEST_STEP][PASSED] - commaCount = StringUtils.countMatches(line, ","): null

27-02-2025T17:22:37 - [TEST_STEP][PASSED] - if (commaCount > 1): null

27-02-2025T17:22:37 - [TEST_STEP][PASSED] - else: null

27-02-2025T17:22:37 - [TEST_STEP][PASSED] - label = line.substring(1, comma): null

27-02-2025T17:22:37 - [TEST_STEP][PASSED] - println(label): null

27-02-2025T17:22:37 - [TEST_STEP][PASSED] - checked.add(label): null

27-02-2025T17:22:37 - [TEST_STEP][PASSED] - line = reader.readLine(): null

27-02-2025T17:22:37 - [TEST_STEP][PASSED] - println(line): null

27-02-2025T17:22:37 - [TEST_STEP][PASSED] - group = line.indexOf("<Group>"): null

27-02-2025T17:22:37 - [TEST_STEP][PASSED] - println(group): null

27-02-2025T17:22:37 - [TEST_STEP][PASSED] - if (group >= 0): null

27-02-2025T17:22:37 - [TEST_STEP][PASSED] - else: null

27-02-2025T17:22:37 - [TEST_STEP][PASSED] - if (include): null

27-02-2025T17:22:37 - [TEST_STEP][PASSED] - println(line): null

27-02-2025T17:22:37 - [TEST_STEP][PASSED] - comma = line.indexOf(",y"): null

27-02-2025T17:22:37 - [TEST_STEP][PASSED] - if (comma > 0): null

27-02-2025T17:22:37 - [TEST_STEP][PASSED] - line = reader.readLine(): null

27-02-2025T17:22:37 - [TEST_STEP][PASSED] - println(line): null

27-02-2025T17:22:37 - [TEST_STEP][PASSED] - group = line.indexOf("<Group>"): null

27-02-2025T17:22:37 - [TEST_STEP][PASSED] - println(group): null

27-02-2025T17:22:37 - [TEST_STEP][PASSED] - if (group >= 0): null

27-02-2025T17:22:37 - [TEST_STEP][PASSED] - else: null

27-02-2025T17:22:37 - [TEST_STEP][PASSED] - if (include): null

27-02-2025T17:22:37 - [TEST_STEP][PASSED] - println(line): null

27-02-2025T17:22:37 - [TEST_STEP][PASSED] - comma = line.indexOf(",y"): null

27-02-2025T17:22:37 - [TEST_STEP][PASSED] - if (comma > 0): null

27-02-2025T17:22:37 - [TEST_STEP][PASSED] - line = reader.readLine(): null

27-02-2025T17:22:37 - [TEST_STEP][PASSED] - println(line): null

27-02-2025T17:22:37 - [TEST_STEP][PASSED] - group = line.indexOf("<Group>"): null

27-02-2025T17:22:37 - [TEST_STEP][PASSED] - println(group): null

27-02-2025T17:22:37 - [TEST_STEP][PASSED] - if (group >= 0): null

27-02-2025T17:22:37 - [TEST_STEP][PASSED] - else: null

27-02-2025T17:22:37 - [TEST_STEP][PASSED] - if (include): null

27-02-2025T17:22:37 - [TEST_STEP][PASSED] - println(line): null

27-02-2025T17:22:37 - [TEST_STEP][PASSED] - comma = line.indexOf(",y"): null

27-02-2025T17:22:37 - [TEST_STEP][PASSED] - if (comma > 0): null

27-02-2025T17:22:37 - [TEST_STEP][PASSED] - commaCount = StringUtils.countMatches(line, ","): null

27-02-2025T17:22:37 - [TEST_STEP][PASSED] - if (commaCount > 1): null

27-02-2025T17:22:37 - [TEST_STEP][PASSED] - else: null

27-02-2025T17:22:37 - [TEST_STEP][PASSED] - label = line.substring(1, comma): null

27-02-2025T17:22:37 - [TEST_STEP][PASSED] - println(label): null

27-02-2025T17:22:37 - [TEST_STEP][PASSED] - checked.add(label): null

27-02-2025T17:22:37 - [TEST_STEP][PASSED] - line = reader.readLine(): null

27-02-2025T17:22:37 - [TEST_STEP][PASSED] - println(line): null

27-02-2025T17:22:37 - [TEST_STEP][PASSED] - group = line.indexOf("<Group>"): null

27-02-2025T17:22:37 - [TEST_STEP][PASSED] - println(group): null

27-02-2025T17:22:37 - [TEST_STEP][PASSED] - if (group >= 0): null

27-02-2025T17:22:37 - [TEST_STEP][PASSED] - else: null

27-02-2025T17:22:37 - [TEST_STEP][PASSED] - if (include): null

27-02-2025T17:22:37 - [TEST_STEP][PASSED] - println(line): null

27-02-2025T17:22:37 - [TEST_STEP][PASSED] - comma = line.indexOf(",y"): null

27-02-2025T17:22:37 - [TEST_STEP][PASSED] - if (comma > 0): null

27-02-2025T17:22:37 - [TEST_STEP][PASSED] - line = reader.readLine(): null

27-02-2025T17:22:37 - [TEST_STEP][PASSED] - println(line): null

27-02-2025T17:22:37 - [TEST_STEP][PASSED] - group = line.indexOf("<Group>"): null

27-02-2025T17:22:37 - [TEST_STEP][PASSED] - println(group): null

27-02-2025T17:22:37 - [TEST_STEP][PASSED] - if (group >= 0): null

27-02-2025T17:22:37 - [TEST_STEP][PASSED] - else: null

27-02-2025T17:22:37 - [TEST_STEP][PASSED] - if (include): null

27-02-2025T17:22:37 - [TEST_STEP][PASSED] - println(line): null

27-02-2025T17:22:37 - [TEST_STEP][PASSED] - comma = line.indexOf(",y"): null

27-02-2025T17:22:37 - [TEST_STEP][PASSED] - if (comma > 0): null

27-02-2025T17:22:37 - [TEST_STEP][PASSED] - line = reader.readLine(): null

27-02-2025T17:22:37 - [TEST_STEP][PASSED] - println(line): null

27-02-2025T17:22:37 - [TEST_STEP][PASSED] - group = line.indexOf("<Group>"): null

27-02-2025T17:22:37 - [TEST_STEP][PASSED] - println(group): null

27-02-2025T17:22:37 - [TEST_STEP][PASSED] - if (group >= 0): null

27-02-2025T17:22:37 - [TEST_STEP][PASSED] - else: null

27-02-2025T17:22:37 - [TEST_STEP][PASSED] - if (include): null

27-02-2025T17:22:37 - [TEST_STEP][PASSED] - println(line): null

27-02-2025T17:22:37 - [TEST_STEP][PASSED] - comma = line.indexOf(",y"): null

27-02-2025T17:22:37 - [TEST_STEP][PASSED] - if (comma > 0): null

27-02-2025T17:22:37 - [TEST_STEP][PASSED] - line = reader.readLine(): null

27-02-2025T17:22:37 - [TEST_STEP][PASSED] - println(line): null

27-02-2025T17:22:37 - [TEST_STEP][PASSED] - group = line.indexOf("<Group>"): null

27-02-2025T17:22:37 - [TEST_STEP][PASSED] - println(group): null

27-02-2025T17:22:37 - [TEST_STEP][PASSED] - if (group >= 0): null

27-02-2025T17:22:37 - [TEST_STEP][PASSED] - else: null

27-02-2025T17:22:37 - [TEST_STEP][PASSED] - if (include): null

27-02-2025T17:22:37 - [TEST_STEP][PASSED] - println(line): null

27-02-2025T17:22:37 - [TEST_STEP][PASSED] - comma = line.indexOf(",y"): null

27-02-2025T17:22:37 - [TEST_STEP][PASSED] - if (comma > 0): null

27-02-2025T17:22:37 - [TEST_STEP][PASSED] - line = reader.readLine(): null

27-02-2025T17:22:37 - [TEST_STEP][PASSED] - println(line): null

27-02-2025T17:22:37 - [TEST_STEP][PASSED] - group = line.indexOf("<Group>"): null

27-02-2025T17:22:37 - [TEST_STEP][PASSED] - println(group): null

27-02-2025T17:22:37 - [TEST_STEP][PASSED] - if (group >= 0): null

27-02-2025T17:22:37 - [TEST_STEP][PASSED] - else: null

27-02-2025T17:22:37 - [TEST_STEP][PASSED] - if (include): null

27-02-2025T17:22:37 - [TEST_STEP][PASSED] - println(line): null

27-02-2025T17:22:37 - [TEST_STEP][PASSED] - comma = line.indexOf(",y"): null

27-02-2025T17:22:37 - [TEST_STEP][PASSED] - if (comma > 0): null

27-02-2025T17:22:37 - [TEST_STEP][PASSED] - line = reader.readLine(): null

27-02-2025T17:22:37 - [TEST_STEP][PASSED] - println(line): null

27-02-2025T17:22:37 - [TEST_STEP][PASSED] - group = line.indexOf("<Group>"): null

27-02-2025T17:22:37 - [TEST_STEP][PASSED] - println(group): null

27-02-2025T17:22:37 - [TEST_STEP][PASSED] - if (group >= 0): null

27-02-2025T17:22:37 - [TEST_STEP][PASSED] - else: null

27-02-2025T17:22:37 - [TEST_STEP][PASSED] - if (include): null

27-02-2025T17:22:37 - [TEST_STEP][PASSED] - println(line): null

27-02-2025T17:22:37 - [TEST_STEP][PASSED] - comma = line.indexOf(",y"): null

27-02-2025T17:22:37 - [TEST_STEP][PASSED] - if (comma > 0): null

27-02-2025T17:22:37 - [TEST_STEP][PASSED] - line = reader.readLine(): null

27-02-2025T17:22:37 - [TEST_STEP][PASSED] - println(line): null

27-02-2025T17:22:37 - [TEST_STEP][PASSED] - group = line.indexOf("<Group>"): null

27-02-2025T17:22:37 - [TEST_STEP][PASSED] - println(group): null

27-02-2025T17:22:37 - [TEST_STEP][PASSED] - if (group >= 0): null

27-02-2025T17:22:37 - [TEST_STEP][PASSED] - else: null

27-02-2025T17:22:37 - [TEST_STEP][PASSED] - if (include): null

27-02-2025T17:22:37 - [TEST_STEP][PASSED] - println(line): null

27-02-2025T17:22:37 - [TEST_STEP][PASSED] - comma = line.indexOf(",y"): null

27-02-2025T17:22:37 - [TEST_STEP][PASSED] - if (comma > 0): null

27-02-2025T17:22:37 - [TEST_STEP][PASSED] - line = reader.readLine(): null

27-02-2025T17:22:37 - [TEST_STEP][PASSED] - println(line): null

27-02-2025T17:22:37 - [TEST_STEP][PASSED] - group = line.indexOf("<Group>"): null

27-02-2025T17:22:37 - [TEST_STEP][PASSED] - println(group): null

27-02-2025T17:22:37 - [TEST_STEP][PASSED] - if (group >= 0): null

27-02-2025T17:22:37 - [TEST_STEP][PASSED] - else: null

27-02-2025T17:22:37 - [TEST_STEP][PASSED] - if (include): null

27-02-2025T17:22:37 - [TEST_STEP][PASSED] - println(line): null

27-02-2025T17:22:37 - [TEST_STEP][PASSED] - comma = line.indexOf(",y"): null

27-02-2025T17:22:37 - [TEST_STEP][PASSED] - if (comma > 0): null

27-02-2025T17:22:37 - [TEST_STEP][PASSED] - line = reader.readLine(): null

27-02-2025T17:22:37 - [TEST_STEP][PASSED] - println(line): null

27-02-2025T17:22:37 - [TEST_STEP][PASSED] - group = line.indexOf("<Group>"): null

27-02-2025T17:22:37 - [TEST_STEP][PASSED] - println(group): null

27-02-2025T17:22:37 - [TEST_STEP][PASSED] - if (group >= 0): null

27-02-2025T17:22:37 - [TEST_STEP][PASSED] - else: null

27-02-2025T17:22:37 - [TEST_STEP][PASSED] - if (include): null

27-02-2025T17:22:37 - [TEST_STEP][PASSED] - println(line): null

27-02-2025T17:22:37 - [TEST_STEP][PASSED] - comma = line.indexOf(",y"): null

27-02-2025T17:22:37 - [TEST_STEP][PASSED] - if (comma > 0): null

27-02-2025T17:22:37 - [TEST_STEP][PASSED] - line = reader.readLine(): null

27-02-2025T17:22:37 - [TEST_STEP][PASSED] - println(line): null

27-02-2025T17:22:37 - [TEST_STEP][PASSED] - group = line.indexOf("<Group>"): null

27-02-2025T17:22:37 - [TEST_STEP][PASSED] - println(group): null

27-02-2025T17:22:37 - [TEST_STEP][PASSED] - if (group >= 0): null

27-02-2025T17:22:37 - [TEST_STEP][PASSED] - else: null

27-02-2025T17:22:37 - [TEST_STEP][PASSED] - if (include): null

27-02-2025T17:22:37 - [TEST_STEP][PASSED] - println(line): null

27-02-2025T17:22:37 - [TEST_STEP][PASSED] - comma = line.indexOf(",y"): null

27-02-2025T17:22:37 - [TEST_STEP][PASSED] - if (comma > 0): null

27-02-2025T17:22:37 - [TEST_STEP][PASSED] - commaCount = StringUtils.countMatches(line, ","): null

27-02-2025T17:22:37 - [TEST_STEP][PASSED] - if (commaCount > 1): null

27-02-2025T17:22:37 - [TEST_STEP][PASSED] - else: null

27-02-2025T17:22:37 - [TEST_STEP][PASSED] - label = line.substring(1, comma): null

27-02-2025T17:22:37 - [TEST_STEP][PASSED] - println(label): null

27-02-2025T17:22:37 - [TEST_STEP][PASSED] - checked.add(label): null

27-02-2025T17:22:37 - [TEST_STEP][PASSED] - line = reader.readLine(): null

27-02-2025T17:22:37 - [TEST_STEP][PASSED] - println(line): null

27-02-2025T17:22:37 - [TEST_STEP][PASSED] - group = line.indexOf("<Group>"): null

27-02-2025T17:22:37 - [TEST_STEP][PASSED] - println(group): null

27-02-2025T17:22:37 - [TEST_STEP][PASSED] - if (group >= 0): null

27-02-2025T17:22:37 - [TEST_STEP][PASSED] - else: null

27-02-2025T17:22:37 - [TEST_STEP][PASSED] - if (include): null

27-02-2025T17:22:37 - [TEST_STEP][PASSED] - println(line): null

27-02-2025T17:22:37 - [TEST_STEP][PASSED] - comma = line.indexOf(",y"): null

27-02-2025T17:22:37 - [TEST_STEP][PASSED] - if (comma > 0): null

27-02-2025T17:22:37 - [TEST_STEP][PASSED] - line = reader.readLine(): null

27-02-2025T17:22:37 - [TEST_STEP][PASSED] - println(line): null

27-02-2025T17:22:37 - [TEST_STEP][PASSED] - group = line.indexOf("<Group>"): null

27-02-2025T17:22:37 - [TEST_STEP][PASSED] - println(group): null

27-02-2025T17:22:37 - [TEST_STEP][PASSED] - if (group >= 0): null

27-02-2025T17:22:37 - [TEST_STEP][PASSED] - else: null

27-02-2025T17:22:37 - [TEST_STEP][PASSED] - if (include): null

27-02-2025T17:22:37 - [TEST_STEP][PASSED] - println(line): null

27-02-2025T17:22:37 - [TEST_STEP][PASSED] - comma = line.indexOf(",y"): null

27-02-2025T17:22:37 - [TEST_STEP][PASSED] - if (comma > 0): null

27-02-2025T17:22:37 - [TEST_STEP][PASSED] - line = reader.readLine(): null

27-02-2025T17:22:37 - [TEST_STEP][PASSED] - println(line): null

27-02-2025T17:22:37 - [TEST_STEP][PASSED] - group = line.indexOf("<Group>"): null

27-02-2025T17:22:37 - [TEST_STEP][PASSED] - println(group): null

27-02-2025T17:22:37 - [TEST_STEP][PASSED] - if (group >= 0): null

27-02-2025T17:22:37 - [TEST_STEP][PASSED] - else: null

27-02-2025T17:22:37 - [TEST_STEP][PASSED] - if (include): null

27-02-2025T17:22:37 - [TEST_STEP][PASSED] - println(line): null

27-02-2025T17:22:37 - [TEST_STEP][PASSED] - comma = line.indexOf(",y"): null

27-02-2025T17:22:37 - [TEST_STEP][PASSED] - if (comma > 0): null

27-02-2025T17:22:37 - [TEST_STEP][PASSED] - line = reader.readLine(): null

27-02-2025T17:22:37 - [TEST_STEP][PASSED] - println(line): null

27-02-2025T17:22:37 - [TEST_STEP][PASSED] - group = line.indexOf("<Group>"): null

27-02-2025T17:22:37 - [TEST_STEP][PASSED] - println(group): null

27-02-2025T17:22:37 - [TEST_STEP][PASSED] - if (group >= 0): null

27-02-2025T17:22:37 - [TEST_STEP][PASSED] - else: null

27-02-2025T17:22:37 - [TEST_STEP][PASSED] - if (include): null

27-02-2025T17:22:37 - [TEST_STEP][PASSED] - println(line): null

27-02-2025T17:22:37 - [TEST_STEP][PASSED] - comma = line.indexOf(",y"): null

27-02-2025T17:22:37 - [TEST_STEP][PASSED] - if (comma > 0): null

27-02-2025T17:22:37 - [TEST_STEP][PASSED] - line = reader.readLine(): null

27-02-2025T17:22:37 - [TEST_STEP][PASSED] - println(line): null

27-02-2025T17:22:37 - [TEST_STEP][PASSED] - group = line.indexOf("<Group>"): null

27-02-2025T17:22:37 - [TEST_STEP][PASSED] - println(group): null

27-02-2025T17:22:37 - [TEST_STEP][PASSED] - if (group >= 0): null

27-02-2025T17:22:37 - [TEST_STEP][PASSED] - else: null

27-02-2025T17:22:37 - [TEST_STEP][PASSED] - if (include): null

27-02-2025T17:22:37 - [TEST_STEP][PASSED] - println(line): null

27-02-2025T17:22:37 - [TEST_STEP][PASSED] - comma = line.indexOf(",y"): null

27-02-2025T17:22:37 - [TEST_STEP][PASSED] - if (comma > 0): null

27-02-2025T17:22:37 - [TEST_STEP][PASSED] - line = reader.readLine(): null

27-02-2025T17:22:37 - [TEST_STEP][PASSED] - println(line): null

27-02-2025T17:22:37 - [TEST_STEP][PASSED] - group = line.indexOf("<Group>"): null

27-02-2025T17:22:37 - [TEST_STEP][PASSED] - println(group): null

27-02-2025T17:22:37 - [TEST_STEP][PASSED] - if (group >= 0): null

27-02-2025T17:22:37 - [TEST_STEP][PASSED] - else: null

27-02-2025T17:22:37 - [TEST_STEP][PASSED] - if (include): null

27-02-2025T17:22:37 - [TEST_STEP][PASSED] - println(line): null

27-02-2025T17:22:37 - [TEST_STEP][PASSED] - comma = line.indexOf(",y"): null

27-02-2025T17:22:37 - [TEST_STEP][PASSED] - if (comma > 0): null

27-02-2025T17:22:37 - [TEST_STEP][PASSED] - line = reader.readLine(): null

27-02-2025T17:22:37 - [TEST_STEP][PASSED] - println(line): null

27-02-2025T17:22:37 - [TEST_STEP][PASSED] - group = line.indexOf("<Group>"): null

27-02-2025T17:22:37 - [TEST_STEP][PASSED] - println(group): null

27-02-2025T17:22:37 - [TEST_STEP][PASSED] - if (group >= 0): null

27-02-2025T17:22:37 - [TEST_STEP][PASSED] - else: null

27-02-2025T17:22:37 - [TEST_STEP][PASSED] - if (include): null

27-02-2025T17:22:37 - [TEST_STEP][PASSED] - println(line): null

27-02-2025T17:22:37 - [TEST_STEP][PASSED] - comma = line.indexOf(",y"): null

27-02-2025T17:22:37 - [TEST_STEP][PASSED] - if (comma > 0): null

27-02-2025T17:22:40 - [TEST_STEP][PASSED] - line = reader.readLine(): null

27-02-2025T17:22:40 - [TEST_STEP][PASSED] - println(line): null

27-02-2025T17:22:40 - [TEST_STEP][PASSED] - group = line.indexOf("<Group>"): null

27-02-2025T17:22:40 - [TEST_STEP][PASSED] - println(group): null

27-02-2025T17:22:40 - [TEST_STEP][PASSED] - if (group >= 0): null

27-02-2025T17:22:40 - [TEST_STEP][PASSED] - else: null

27-02-2025T17:22:40 - [TEST_STEP][PASSED] - if (include): null

27-02-2025T17:22:40 - [TEST_STEP][PASSED] - println(line): null

27-02-2025T17:22:40 - [TEST_STEP][PASSED] - comma = line.indexOf(",y"): null

27-02-2025T17:22:40 - [TEST_STEP][PASSED] - if (comma > 0): null

27-02-2025T17:22:40 - [TEST_STEP][PASSED] - line = reader.readLine(): null

27-02-2025T17:22:40 - [TEST_STEP][PASSED] - println(line): null

27-02-2025T17:22:40 - [TEST_STEP][PASSED] - group = line.indexOf("<Group>"): null

27-02-2025T17:22:40 - [TEST_STEP][PASSED] - println(group): null

27-02-2025T17:22:40 - [TEST_STEP][PASSED] - if (group >= 0): null

27-02-2025T17:22:40 - [TEST_STEP][PASSED] - else: null

27-02-2025T17:22:40 - [TEST_STEP][PASSED] - if (include): null

27-02-2025T17:22:40 - [TEST_STEP][PASSED] - println(line): null

27-02-2025T17:22:40 - [TEST_STEP][PASSED] - comma = line.indexOf(",y"): null

27-02-2025T17:22:40 - [TEST_STEP][PASSED] - if (comma > 0): null

27-02-2025T17:22:40 - [TEST_STEP][PASSED] - line = reader.readLine(): null

27-02-2025T17:22:40 - [TEST_STEP][PASSED] - println(line): null

27-02-2025T17:22:40 - [TEST_STEP][PASSED] - group = line.indexOf("<Group>"): null

27-02-2025T17:22:40 - [TEST_STEP][PASSED] - println(group): null

27-02-2025T17:22:40 - [TEST_STEP][PASSED] - if (group >= 0): null

27-02-2025T17:22:40 - [TEST_STEP][PASSED] - else: null

27-02-2025T17:22:40 - [TEST_STEP][PASSED] - if (include): null

27-02-2025T17:22:40 - [TEST_STEP][PASSED] - println(line): null

27-02-2025T17:22:40 - [TEST_STEP][PASSED] - comma = line.indexOf(",y"): null

27-02-2025T17:22:40 - [TEST_STEP][PASSED] - if (comma > 0): null

27-02-2025T17:22:40 - [TEST_STEP][PASSED] - line = reader.readLine(): null

27-02-2025T17:22:40 - [TEST_STEP][PASSED] - println(line): null

27-02-2025T17:22:40 - [TEST_STEP][PASSED] - group = line.indexOf("<Group>"): null

27-02-2025T17:22:40 - [TEST_STEP][PASSED] - println(group): null

27-02-2025T17:22:40 - [TEST_STEP][PASSED] - if (group >= 0): null

27-02-2025T17:22:40 - [TEST_STEP][PASSED] - else: null

27-02-2025T17:22:40 - [TEST_STEP][PASSED] - if (include): null

27-02-2025T17:22:40 - [TEST_STEP][PASSED] - println(line): null

27-02-2025T17:22:40 - [TEST_STEP][PASSED] - comma = line.indexOf(",y"): null

27-02-2025T17:22:40 - [TEST_STEP][PASSED] - if (comma > 0): null

27-02-2025T17:22:40 - [TEST_STEP][PASSED] - line = reader.readLine(): null

27-02-2025T17:22:40 - [TEST_STEP][PASSED] - println(line): null

27-02-2025T17:22:40 - [TEST_STEP][PASSED] - group = line.indexOf("<Group>"): null

27-02-2025T17:22:40 - [TEST_STEP][PASSED] - println(group): null

27-02-2025T17:22:40 - [TEST_STEP][PASSED] - if (group >= 0): null

27-02-2025T17:22:40 - [TEST_STEP][PASSED] - else: null

27-02-2025T17:22:40 - [TEST_STEP][PASSED] - if (include): null

27-02-2025T17:22:40 - [TEST_STEP][PASSED] - println(line): null

27-02-2025T17:22:40 - [TEST_STEP][PASSED] - comma = line.indexOf(",y"): null

27-02-2025T17:22:40 - [TEST_STEP][PASSED] - if (comma > 0): null

27-02-2025T17:22:40 - [TEST_STEP][PASSED] - line = reader.readLine(): null

27-02-2025T17:22:40 - [TEST_STEP][PASSED] - println(line): null

27-02-2025T17:22:40 - [TEST_STEP][PASSED] - group = line.indexOf("<Group>"): null

27-02-2025T17:22:40 - [TEST_STEP][PASSED] - println(group): null

27-02-2025T17:22:40 - [TEST_STEP][PASSED] - if (group >= 0): null

27-02-2025T17:22:40 - [TEST_STEP][PASSED] - else: null

27-02-2025T17:22:40 - [TEST_STEP][PASSED] - if (include): null

27-02-2025T17:22:40 - [TEST_STEP][PASSED] - println(line): null

27-02-2025T17:22:40 - [TEST_STEP][PASSED] - comma = line.indexOf(",y"): null

27-02-2025T17:22:40 - [TEST_STEP][PASSED] - if (comma > 0): null

27-02-2025T17:22:40 - [TEST_STEP][PASSED] - line = reader.readLine(): null

27-02-2025T17:22:40 - [TEST_STEP][PASSED] - println(line): null

27-02-2025T17:22:40 - [TEST_STEP][PASSED] - group = line.indexOf("<Group>"): null

27-02-2025T17:22:40 - [TEST_STEP][PASSED] - println(group): null

27-02-2025T17:22:40 - [TEST_STEP][PASSED] - if (group >= 0): null

27-02-2025T17:22:40 - [TEST_STEP][PASSED] - else: null

27-02-2025T17:22:40 - [TEST_STEP][PASSED] - if (include): null

27-02-2025T17:22:40 - [TEST_STEP][PASSED] - println(line): null

27-02-2025T17:22:40 - [TEST_STEP][PASSED] - comma = line.indexOf(",y"): null

27-02-2025T17:22:40 - [TEST_STEP][PASSED] - if (comma > 0): null

27-02-2025T17:22:40 - [TEST_STEP][PASSED] - line = reader.readLine(): null

27-02-2025T17:22:40 - [TEST_STEP][PASSED] - println(line): null

27-02-2025T17:22:40 - [TEST_STEP][PASSED] - group = line.indexOf("<Group>"): null

27-02-2025T17:22:40 - [TEST_STEP][PASSED] - println(group): null

27-02-2025T17:22:40 - [TEST_STEP][PASSED] - if (group >= 0): null

27-02-2025T17:22:40 - [TEST_STEP][PASSED] - else: null

27-02-2025T17:22:40 - [TEST_STEP][PASSED] - if (include): null

27-02-2025T17:22:40 - [TEST_STEP][PASSED] - println(line): null

27-02-2025T17:22:40 - [TEST_STEP][PASSED] - comma = line.indexOf(",y"): null

27-02-2025T17:22:40 - [TEST_STEP][PASSED] - if (comma > 0): null

27-02-2025T17:22:40 - [TEST_STEP][PASSED] - line = reader.readLine(): null

27-02-2025T17:22:40 - [TEST_STEP][PASSED] - println(line): null

27-02-2025T17:22:40 - [TEST_STEP][PASSED] - group = line.indexOf("<Group>"): null

27-02-2025T17:22:40 - [TEST_STEP][PASSED] - println(group): null

27-02-2025T17:22:40 - [TEST_STEP][PASSED] - if (group >= 0): null

27-02-2025T17:22:40 - [TEST_STEP][PASSED] - else: null

27-02-2025T17:22:40 - [TEST_STEP][PASSED] - if (include): null

27-02-2025T17:22:40 - [TEST_STEP][PASSED] - println(line): null

27-02-2025T17:22:40 - [TEST_STEP][PASSED] - comma = line.indexOf(",y"): null

27-02-2025T17:22:40 - [TEST_STEP][PASSED] - if (comma > 0): null

27-02-2025T17:22:40 - [TEST_STEP][PASSED] - line = reader.readLine(): null

27-02-2025T17:22:40 - [TEST_STEP][PASSED] - println(line): null

27-02-2025T17:22:40 - [TEST_STEP][PASSED] - group = line.indexOf("<Group>"): null

27-02-2025T17:22:40 - [TEST_STEP][PASSED] - println(group): null

27-02-2025T17:22:40 - [TEST_STEP][PASSED] - if (group >= 0): null

27-02-2025T17:22:40 - [TEST_STEP][PASSED] - else: null

27-02-2025T17:22:40 - [TEST_STEP][PASSED] - if (include): null

27-02-2025T17:22:40 - [TEST_STEP][PASSED] - println(line): null

27-02-2025T17:22:40 - [TEST_STEP][PASSED] - comma = line.indexOf(",y"): null

27-02-2025T17:22:40 - [TEST_STEP][PASSED] - if (comma > 0): null

27-02-2025T17:22:40 - [TEST_STEP][PASSED] - line = reader.readLine(): null

27-02-2025T17:22:40 - [TEST_STEP][PASSED] - println(line): null

27-02-2025T17:22:40 - [TEST_STEP][PASSED] - group = line.indexOf("<Group>"): null

27-02-2025T17:22:40 - [TEST_STEP][PASSED] - println(group): null

27-02-2025T17:22:40 - [TEST_STEP][PASSED] - if (group >= 0): null

27-02-2025T17:22:40 - [TEST_STEP][PASSED] - else: null

27-02-2025T17:22:40 - [TEST_STEP][PASSED] - if (include): null

27-02-2025T17:22:40 - [TEST_STEP][PASSED] - println(line): null

27-02-2025T17:22:40 - [TEST_STEP][PASSED] - comma = line.indexOf(",y"): null

27-02-2025T17:22:40 - [TEST_STEP][PASSED] - if (comma > 0): null

27-02-2025T17:22:40 - [TEST_STEP][PASSED] - line = reader.readLine(): null

27-02-2025T17:22:40 - [TEST_STEP][PASSED] - println(line): null

27-02-2025T17:22:40 - [TEST_STEP][PASSED] - group = line.indexOf("<Group>"): null

27-02-2025T17:22:40 - [TEST_STEP][PASSED] - println(group): null

27-02-2025T17:22:40 - [TEST_STEP][PASSED] - if (group >= 0): null

27-02-2025T17:22:40 - [TEST_STEP][PASSED] - else: null

27-02-2025T17:22:40 - [TEST_STEP][PASSED] - if (include): null

27-02-2025T17:22:40 - [TEST_STEP][PASSED] - println(line): null

27-02-2025T17:22:40 - [TEST_STEP][PASSED] - comma = line.indexOf(",y"): null

27-02-2025T17:22:40 - [TEST_STEP][PASSED] - if (comma > 0): null

27-02-2025T17:22:40 - [TEST_STEP][PASSED] - line = reader.readLine(): null

27-02-2025T17:22:40 - [TEST_STEP][PASSED] - println(line): null

27-02-2025T17:22:40 - [TEST_STEP][PASSED] - group = line.indexOf("<Group>"): null

27-02-2025T17:22:40 - [TEST_STEP][PASSED] - println(group): null

27-02-2025T17:22:40 - [TEST_STEP][PASSED] - if (group >= 0): null

27-02-2025T17:22:40 - [TEST_STEP][PASSED] - else: null

27-02-2025T17:22:40 - [TEST_STEP][PASSED] - if (include): null

27-02-2025T17:22:40 - [TEST_STEP][PASSED] - println(line): null

27-02-2025T17:22:40 - [TEST_STEP][PASSED] - comma = line.indexOf(",y"): null

27-02-2025T17:22:40 - [TEST_STEP][PASSED] - if (comma > 0): null

27-02-2025T17:22:40 - [TEST_STEP][PASSED] - line = reader.readLine(): null

27-02-2025T17:22:40 - [TEST_STEP][PASSED] - println(line): null

27-02-2025T17:22:40 - [TEST_STEP][PASSED] - group = line.indexOf("<Group>"): null

27-02-2025T17:22:40 - [TEST_STEP][PASSED] - println(group): null

27-02-2025T17:22:40 - [TEST_STEP][PASSED] - if (group >= 0): null

27-02-2025T17:22:40 - [TEST_STEP][PASSED] - else: null

27-02-2025T17:22:40 - [TEST_STEP][PASSED] - if (include): null

27-02-2025T17:22:40 - [TEST_STEP][PASSED] - println(line): null

27-02-2025T17:22:40 - [TEST_STEP][PASSED] - comma = line.indexOf(",y"): null

27-02-2025T17:22:40 - [TEST_STEP][PASSED] - if (comma > 0): null

27-02-2025T17:22:40 - [TEST_STEP][PASSED] - line = reader.readLine(): null

27-02-2025T17:22:40 - [TEST_STEP][PASSED] - println(line): null

27-02-2025T17:22:40 - [TEST_STEP][PASSED] - group = line.indexOf("<Group>"): null

27-02-2025T17:22:40 - [TEST_STEP][PASSED] - println(group): null

27-02-2025T17:22:40 - [TEST_STEP][PASSED] - if (group >= 0): null

27-02-2025T17:22:40 - [TEST_STEP][PASSED] - else: null

27-02-2025T17:22:40 - [TEST_STEP][PASSED] - if (include): null

27-02-2025T17:22:40 - [TEST_STEP][PASSED] - println(line): null

27-02-2025T17:22:40 - [TEST_STEP][PASSED] - comma = line.indexOf(",y"): null

27-02-2025T17:22:40 - [TEST_STEP][PASSED] - if (comma > 0): null

27-02-2025T17:22:40 - [TEST_STEP][PASSED] - line = reader.readLine(): null

27-02-2025T17:22:40 - [TEST_STEP][PASSED] - println(line): null

27-02-2025T17:22:40 - [TEST_STEP][PASSED] - group = line.indexOf("<Group>"): null

27-02-2025T17:22:40 - [TEST_STEP][PASSED] - println(group): null

27-02-2025T17:22:40 - [TEST_STEP][PASSED] - if (group >= 0): null

27-02-2025T17:22:40 - [TEST_STEP][PASSED] - else: null

27-02-2025T17:22:40 - [TEST_STEP][PASSED] - if (include): null

27-02-2025T17:22:40 - [TEST_STEP][PASSED] - println(line): null

27-02-2025T17:22:40 - [TEST_STEP][PASSED] - comma = line.indexOf(",y"): null

27-02-2025T17:22:40 - [TEST_STEP][PASSED] - if (comma > 0): null

27-02-2025T17:22:40 - [TEST_STEP][PASSED] - line = reader.readLine(): null

27-02-2025T17:22:40 - [TEST_STEP][PASSED] - println(line): null

27-02-2025T17:22:40 - [TEST_STEP][PASSED] - group = line.indexOf("<Group>"): null

27-02-2025T17:22:40 - [TEST_STEP][PASSED] - println(group): null

27-02-2025T17:22:40 - [TEST_STEP][PASSED] - if (group >= 0): null

27-02-2025T17:22:40 - [TEST_STEP][PASSED] - else: null

27-02-2025T17:22:40 - [TEST_STEP][PASSED] - if (include): null

27-02-2025T17:22:40 - [TEST_STEP][PASSED] - println(line): null

27-02-2025T17:22:40 - [TEST_STEP][PASSED] - comma = line.indexOf(",y"): null

27-02-2025T17:22:40 - [TEST_STEP][PASSED] - if (comma > 0): null

27-02-2025T17:22:40 - [TEST_STEP][PASSED] - line = reader.readLine(): null

27-02-2025T17:22:40 - [TEST_STEP][PASSED] - println(line): null

27-02-2025T17:22:40 - [TEST_STEP][PASSED] - group = line.indexOf("<Group>"): null

27-02-2025T17:22:40 - [TEST_STEP][PASSED] - println(group): null

27-02-2025T17:22:40 - [TEST_STEP][PASSED] - if (group >= 0): null

27-02-2025T17:22:40 - [TEST_STEP][PASSED] - else: null

27-02-2025T17:22:40 - [TEST_STEP][PASSED] - if (include): null

27-02-2025T17:22:40 - [TEST_STEP][PASSED] - println(line): null

27-02-2025T17:22:40 - [TEST_STEP][PASSED] - comma = line.indexOf(",y"): null

27-02-2025T17:22:40 - [TEST_STEP][PASSED] - if (comma > 0): null

27-02-2025T17:22:40 - [TEST_STEP][PASSED] - line = reader.readLine(): null

27-02-2025T17:22:40 - [TEST_STEP][PASSED] - println(line): null

27-02-2025T17:22:40 - [TEST_STEP][PASSED] - group = line.indexOf("<Group>"): null

27-02-2025T17:22:40 - [TEST_STEP][PASSED] - println(group): null

27-02-2025T17:22:40 - [TEST_STEP][PASSED] - if (group >= 0): null

27-02-2025T17:22:40 - [TEST_STEP][PASSED] - else: null

27-02-2025T17:22:40 - [TEST_STEP][PASSED] - if (include): null

27-02-2025T17:22:40 - [TEST_STEP][PASSED] - println(line): null

27-02-2025T17:22:40 - [TEST_STEP][PASSED] - comma = line.indexOf(",y"): null

27-02-2025T17:22:40 - [TEST_STEP][PASSED] - if (comma > 0): null

27-02-2025T17:22:40 - [TEST_STEP][PASSED] - line = reader.readLine(): null

27-02-2025T17:22:40 - [TEST_STEP][PASSED] - println(line): null

27-02-2025T17:22:40 - [TEST_STEP][PASSED] - group = line.indexOf("<Group>"): null

27-02-2025T17:22:40 - [TEST_STEP][PASSED] - println(group): null

27-02-2025T17:22:40 - [TEST_STEP][PASSED] - if (group >= 0): null

27-02-2025T17:22:40 - [TEST_STEP][PASSED] - else: null

27-02-2025T17:22:40 - [TEST_STEP][PASSED] - if (include): null

27-02-2025T17:22:40 - [TEST_STEP][PASSED] - println(line): null

27-02-2025T17:22:40 - [TEST_STEP][PASSED] - comma = line.indexOf(",y"): null

27-02-2025T17:22:40 - [TEST_STEP][PASSED] - if (comma > 0): null

27-02-2025T17:22:40 - [TEST_STEP][PASSED] - commaCount = StringUtils.countMatches(line, ","): null

27-02-2025T17:22:40 - [TEST_STEP][PASSED] - if (commaCount > 1): null

27-02-2025T17:22:40 - [TEST_STEP][PASSED] - else: null

27-02-2025T17:22:40 - [TEST_STEP][PASSED] - label = line.substring(1, comma): null

27-02-2025T17:22:40 - [TEST_STEP][PASSED] - println(label): null

27-02-2025T17:22:40 - [TEST_STEP][PASSED] - checked.add(label): null

27-02-2025T17:22:40 - [TEST_STEP][PASSED] - line = reader.readLine(): null

27-02-2025T17:22:40 - [TEST_STEP][PASSED] - println(line): null

27-02-2025T17:22:40 - [TEST_STEP][PASSED] - group = line.indexOf("<Group>"): null

27-02-2025T17:22:40 - [TEST_STEP][PASSED] - println(group): null

27-02-2025T17:22:40 - [TEST_STEP][PASSED] - if (group >= 0): null

27-02-2025T17:22:40 - [TEST_STEP][PASSED] - else: null

27-02-2025T17:22:40 - [TEST_STEP][PASSED] - if (include): null

27-02-2025T17:22:40 - [TEST_STEP][PASSED] - println(line): null

27-02-2025T17:22:40 - [TEST_STEP][PASSED] - comma = line.indexOf(",y"): null

27-02-2025T17:22:40 - [TEST_STEP][PASSED] - if (comma > 0): null

27-02-2025T17:22:40 - [TEST_STEP][PASSED] - line = reader.readLine(): null

27-02-2025T17:22:40 - [TEST_STEP][PASSED] - println(line): null

27-02-2025T17:22:40 - [TEST_STEP][PASSED] - group = line.indexOf("<Group>"): null

27-02-2025T17:22:40 - [TEST_STEP][PASSED] - println(group): null

27-02-2025T17:22:40 - [TEST_STEP][PASSED] - if (group >= 0): null

27-02-2025T17:22:40 - [TEST_STEP][PASSED] - else: null

27-02-2025T17:22:40 - [TEST_STEP][PASSED] - if (include): null

27-02-2025T17:22:40 - [TEST_STEP][PASSED] - println(line): null

27-02-2025T17:22:40 - [TEST_STEP][PASSED] - comma = line.indexOf(",y"): null

27-02-2025T17:22:40 - [TEST_STEP][PASSED] - if (comma > 0): null

27-02-2025T17:22:40 - [TEST_STEP][PASSED] - commaCount = StringUtils.countMatches(line, ","): null

27-02-2025T17:22:40 - [TEST_STEP][PASSED] - if (commaCount > 1): null

27-02-2025T17:22:40 - [TEST_STEP][PASSED] - else: null

27-02-2025T17:22:40 - [TEST_STEP][PASSED] - label = line.substring(1, comma): null

27-02-2025T17:22:40 - [TEST_STEP][PASSED] - println(label): null

27-02-2025T17:22:40 - [TEST_STEP][PASSED] - checked.add(label): null

27-02-2025T17:22:40 - [TEST_STEP][PASSED] - line = reader.readLine(): null

27-02-2025T17:22:40 - [TEST_STEP][PASSED] - println(line): null

27-02-2025T17:22:40 - [TEST_STEP][PASSED] - group = line.indexOf("<Group>"): null

27-02-2025T17:22:40 - [TEST_STEP][PASSED] - println(group): null

27-02-2025T17:22:40 - [TEST_STEP][PASSED] - if (group >= 0): null

27-02-2025T17:22:40 - [TEST_STEP][PASSED] - else: null

27-02-2025T17:22:40 - [TEST_STEP][PASSED] - if (include): null

27-02-2025T17:22:40 - [TEST_STEP][PASSED] - println(line): null

27-02-2025T17:22:40 - [TEST_STEP][PASSED] - comma = line.indexOf(",y"): null

27-02-2025T17:22:40 - [TEST_STEP][PASSED] - if (comma > 0): null

27-02-2025T17:22:40 - [TEST_STEP][PASSED] - line = reader.readLine(): null

27-02-2025T17:22:40 - [TEST_STEP][PASSED] - println(line): null

27-02-2025T17:22:40 - [TEST_STEP][PASSED] - group = line.indexOf("<Group>"): null

27-02-2025T17:22:40 - [TEST_STEP][PASSED] - println(group): null

27-02-2025T17:22:40 - [TEST_STEP][PASSED] - if (group >= 0): null

27-02-2025T17:22:40 - [TEST_STEP][PASSED] - else: null

27-02-2025T17:22:40 - [TEST_STEP][PASSED] - if (include): null

27-02-2025T17:22:40 - [TEST_STEP][PASSED] - println(line): null

27-02-2025T17:22:40 - [TEST_STEP][PASSED] - comma = line.indexOf(",y"): null

27-02-2025T17:22:40 - [TEST_STEP][PASSED] - if (comma > 0): null

27-02-2025T17:22:40 - [TEST_STEP][PASSED] - line = reader.readLine(): null

27-02-2025T17:22:40 - [TEST_STEP][PASSED] - println(line): null

27-02-2025T17:22:40 - [TEST_STEP][PASSED] - group = line.indexOf("<Group>"): null

27-02-2025T17:22:40 - [TEST_STEP][PASSED] - println(group): null

27-02-2025T17:22:40 - [TEST_STEP][PASSED] - if (group >= 0): null

27-02-2025T17:22:40 - [TEST_STEP][PASSED] - else: null

27-02-2025T17:22:40 - [TEST_STEP][PASSED] - if (include): null

27-02-2025T17:22:40 - [TEST_STEP][PASSED] - println(line): null

27-02-2025T17:22:40 - [TEST_STEP][PASSED] - comma = line.indexOf(",y"): null

27-02-2025T17:22:40 - [TEST_STEP][PASSED] - if (comma > 0): null

27-02-2025T17:22:40 - [TEST_STEP][PASSED] - line = reader.readLine(): null

27-02-2025T17:22:40 - [TEST_STEP][PASSED] - println(line): null

27-02-2025T17:22:40 - [TEST_STEP][PASSED] - group = line.indexOf("<Group>"): null

27-02-2025T17:22:40 - [TEST_STEP][PASSED] - println(group): null

27-02-2025T17:22:40 - [TEST_STEP][PASSED] - if (group >= 0): null

27-02-2025T17:22:40 - [TEST_STEP][PASSED] - else: null

27-02-2025T17:22:40 - [TEST_STEP][PASSED] - if (include): null

27-02-2025T17:22:40 - [TEST_STEP][PASSED] - println(line): null

27-02-2025T17:22:40 - [TEST_STEP][PASSED] - comma = line.indexOf(",y"): null

27-02-2025T17:22:40 - [TEST_STEP][PASSED] - if (comma > 0): null

27-02-2025T17:22:40 - [TEST_STEP][PASSED] - line = reader.readLine(): null

27-02-2025T17:22:40 - [TEST_STEP][PASSED] - println(line): null

27-02-2025T17:22:40 - [TEST_STEP][PASSED] - group = line.indexOf("<Group>"): null

27-02-2025T17:22:40 - [TEST_STEP][PASSED] - println(group): null

27-02-2025T17:22:40 - [TEST_STEP][PASSED] - if (group >= 0): null

27-02-2025T17:22:40 - [TEST_STEP][PASSED] - else: null

27-02-2025T17:22:40 - [TEST_STEP][PASSED] - if (include): null

27-02-2025T17:22:40 - [TEST_STEP][PASSED] - println(line): null

27-02-2025T17:22:40 - [TEST_STEP][PASSED] - comma = line.indexOf(",y"): null

27-02-2025T17:22:40 - [TEST_STEP][PASSED] - if (comma > 0): null

27-02-2025T17:22:40 - [TEST_STEP][PASSED] - line = reader.readLine(): null

27-02-2025T17:22:40 - [TEST_STEP][PASSED] - println(line): null

27-02-2025T17:22:40 - [TEST_STEP][PASSED] - group = line.indexOf("<Group>"): null

27-02-2025T17:22:40 - [TEST_STEP][PASSED] - println(group): null

27-02-2025T17:22:40 - [TEST_STEP][PASSED] - if (group >= 0): null

27-02-2025T17:22:44 - [TEST_STEP][PASSED] - else: null

27-02-2025T17:22:44 - [TEST_STEP][PASSED] - if (include): null

27-02-2025T17:22:44 - [TEST_STEP][PASSED] - println(line): null

27-02-2025T17:22:44 - [TEST_STEP][PASSED] - comma = line.indexOf(",y"): null

27-02-2025T17:22:44 - [TEST_STEP][PASSED] - if (comma > 0): null

27-02-2025T17:22:44 - [TEST_STEP][PASSED] - line = reader.readLine(): null

27-02-2025T17:22:44 - [TEST_STEP][PASSED] - println(line): null

27-02-2025T17:22:44 - [TEST_STEP][PASSED] - group = line.indexOf("<Group>"): null

27-02-2025T17:22:44 - [TEST_STEP][PASSED] - println(group): null

27-02-2025T17:22:44 - [TEST_STEP][PASSED] - if (group >= 0): null

27-02-2025T17:22:44 - [TEST_STEP][PASSED] - else: null

27-02-2025T17:22:44 - [TEST_STEP][PASSED] - if (include): null

27-02-2025T17:22:44 - [TEST_STEP][PASSED] - println(line): null

27-02-2025T17:22:44 - [TEST_STEP][PASSED] - comma = line.indexOf(",y"): null

27-02-2025T17:22:44 - [TEST_STEP][PASSED] - if (comma > 0): null

27-02-2025T17:22:44 - [TEST_STEP][PASSED] - commaCount = StringUtils.countMatches(line, ","): null

27-02-2025T17:22:44 - [TEST_STEP][PASSED] - if (commaCount > 1): null

27-02-2025T17:22:44 - [TEST_STEP][PASSED] - else: null

27-02-2025T17:22:44 - [TEST_STEP][PASSED] - label = line.substring(1, comma): null

27-02-2025T17:22:44 - [TEST_STEP][PASSED] - println(label): null

27-02-2025T17:22:44 - [TEST_STEP][PASSED] - checked.add(label): null

27-02-2025T17:22:44 - [TEST_STEP][PASSED] - line = reader.readLine(): null

27-02-2025T17:22:44 - [TEST_STEP][PASSED] - println(line): null

27-02-2025T17:22:44 - [TEST_STEP][PASSED] - group = line.indexOf("<Group>"): null

27-02-2025T17:22:44 - [TEST_STEP][PASSED] - println(group): null

27-02-2025T17:22:44 - [TEST_STEP][PASSED] - if (group >= 0): null

27-02-2025T17:22:44 - [TEST_STEP][PASSED] - else: null

27-02-2025T17:22:44 - [TEST_STEP][PASSED] - if (include): null

27-02-2025T17:22:44 - [TEST_STEP][PASSED] - println(line): null

27-02-2025T17:22:44 - [TEST_STEP][PASSED] - comma = line.indexOf(",y"): null

27-02-2025T17:22:44 - [TEST_STEP][PASSED] - if (comma > 0): null

27-02-2025T17:22:44 - [TEST_STEP][PASSED] - line = reader.readLine(): null

27-02-2025T17:22:44 - [TEST_STEP][PASSED] - println(line): null

27-02-2025T17:22:44 - [TEST_STEP][PASSED] - group = line.indexOf("<Group>"): null

27-02-2025T17:22:44 - [TEST_STEP][PASSED] - println(group): null

27-02-2025T17:22:44 - [TEST_STEP][PASSED] - if (group >= 0): null

27-02-2025T17:22:44 - [TEST_STEP][PASSED] - else: null

27-02-2025T17:22:44 - [TEST_STEP][PASSED] - if (include): null

27-02-2025T17:22:44 - [TEST_STEP][PASSED] - println(line): null

27-02-2025T17:22:44 - [TEST_STEP][PASSED] - comma = line.indexOf(",y"): null

27-02-2025T17:22:44 - [TEST_STEP][PASSED] - if (comma > 0): null

27-02-2025T17:22:44 - [TEST_STEP][PASSED] - line = reader.readLine(): null

27-02-2025T17:22:44 - [TEST_STEP][PASSED] - println(line): null

27-02-2025T17:22:44 - [TEST_STEP][PASSED] - group = line.indexOf("<Group>"): null

27-02-2025T17:22:44 - [TEST_STEP][PASSED] - println(group): null

27-02-2025T17:22:44 - [TEST_STEP][PASSED] - if (group >= 0): null

27-02-2025T17:22:44 - [TEST_STEP][PASSED] - else: null

27-02-2025T17:22:44 - [TEST_STEP][PASSED] - if (include): null

27-02-2025T17:22:44 - [TEST_STEP][PASSED] - println(line): null

27-02-2025T17:22:44 - [TEST_STEP][PASSED] - comma = line.indexOf(",y"): null

27-02-2025T17:22:44 - [TEST_STEP][PASSED] - if (comma > 0): null

27-02-2025T17:22:44 - [TEST_STEP][PASSED] - line = reader.readLine(): null

27-02-2025T17:22:44 - [TEST_STEP][PASSED] - println(line): null

27-02-2025T17:22:44 - [TEST_STEP][PASSED] - group = line.indexOf("<Group>"): null

27-02-2025T17:22:44 - [TEST_STEP][PASSED] - println(group): null

27-02-2025T17:22:44 - [TEST_STEP][PASSED] - if (group >= 0): null

27-02-2025T17:22:44 - [TEST_STEP][PASSED] - else: null

27-02-2025T17:22:44 - [TEST_STEP][PASSED] - if (include): null

27-02-2025T17:22:44 - [TEST_STEP][PASSED] - println(line): null

27-02-2025T17:22:44 - [TEST_STEP][PASSED] - comma = line.indexOf(",y"): null

27-02-2025T17:22:44 - [TEST_STEP][PASSED] - if (comma > 0): null

27-02-2025T17:22:44 - [TEST_STEP][PASSED] - line = reader.readLine(): null

27-02-2025T17:22:44 - [TEST_STEP][PASSED] - println(line): null

27-02-2025T17:22:44 - [TEST_STEP][PASSED] - group = line.indexOf("<Group>"): null

27-02-2025T17:22:44 - [TEST_STEP][PASSED] - println(group): null

27-02-2025T17:22:44 - [TEST_STEP][PASSED] - if (group >= 0): null

27-02-2025T17:22:44 - [TEST_STEP][PASSED] - else: null

27-02-2025T17:22:44 - [TEST_STEP][PASSED] - if (include): null

27-02-2025T17:22:44 - [TEST_STEP][PASSED] - println(line): null

27-02-2025T17:22:44 - [TEST_STEP][PASSED] - comma = line.indexOf(",y"): null

27-02-2025T17:22:44 - [TEST_STEP][PASSED] - if (comma > 0): null

27-02-2025T17:22:44 - [TEST_STEP][PASSED] - line = reader.readLine(): null

27-02-2025T17:22:44 - [TEST_STEP][PASSED] - println(line): null

27-02-2025T17:22:44 - [TEST_STEP][PASSED] - group = line.indexOf("<Group>"): null

27-02-2025T17:22:44 - [TEST_STEP][PASSED] - println(group): null

27-02-2025T17:22:44 - [TEST_STEP][PASSED] - if (group >= 0): null

27-02-2025T17:22:44 - [TEST_STEP][PASSED] - else: null

27-02-2025T17:22:44 - [TEST_STEP][PASSED] - if (include): null

27-02-2025T17:22:44 - [TEST_STEP][PASSED] - println(line): null

27-02-2025T17:22:44 - [TEST_STEP][PASSED] - comma = line.indexOf(",y"): null

27-02-2025T17:22:44 - [TEST_STEP][PASSED] - if (comma > 0): null

27-02-2025T17:22:44 - [TEST_STEP][PASSED] - line = reader.readLine(): null

27-02-2025T17:22:44 - [TEST_STEP][PASSED] - println(line): null

27-02-2025T17:22:44 - [TEST_STEP][PASSED] - group = line.indexOf("<Group>"): null

27-02-2025T17:22:44 - [TEST_STEP][PASSED] - println(group): null

27-02-2025T17:22:44 - [TEST_STEP][PASSED] - if (group >= 0): null

27-02-2025T17:22:44 - [TEST_STEP][PASSED] - else: null

27-02-2025T17:22:44 - [TEST_STEP][PASSED] - if (include): null

27-02-2025T17:22:44 - [TEST_STEP][PASSED] - println(line): null

27-02-2025T17:22:44 - [TEST_STEP][PASSED] - comma = line.indexOf(",y"): null

27-02-2025T17:22:44 - [TEST_STEP][PASSED] - if (comma > 0): null

27-02-2025T17:22:44 - [TEST_STEP][PASSED] - line = reader.readLine(): null

27-02-2025T17:22:44 - [TEST_STEP][PASSED] - println(line): null

27-02-2025T17:22:44 - [TEST_STEP][PASSED] - group = line.indexOf("<Group>"): null

27-02-2025T17:22:44 - [TEST_STEP][PASSED] - println(group): null

27-02-2025T17:22:44 - [TEST_STEP][PASSED] - if (group >= 0): null

27-02-2025T17:22:44 - [TEST_STEP][PASSED] - else: null

27-02-2025T17:22:44 - [TEST_STEP][PASSED] - if (include): null

27-02-2025T17:22:44 - [TEST_STEP][PASSED] - println(line): null

27-02-2025T17:22:44 - [TEST_STEP][PASSED] - comma = line.indexOf(",y"): null

27-02-2025T17:22:44 - [TEST_STEP][PASSED] - if (comma > 0): null

27-02-2025T17:22:44 - [TEST_STEP][PASSED] - line = reader.readLine(): null

27-02-2025T17:22:44 - [TEST_STEP][PASSED] - println(line): null

27-02-2025T17:22:44 - [TEST_STEP][PASSED] - group = line.indexOf("<Group>"): null

27-02-2025T17:22:44 - [TEST_STEP][PASSED] - println(group): null

27-02-2025T17:22:44 - [TEST_STEP][PASSED] - if (group >= 0): null

27-02-2025T17:22:44 - [TEST_STEP][PASSED] - else: null

27-02-2025T17:22:44 - [TEST_STEP][PASSED] - if (include): null

27-02-2025T17:22:44 - [TEST_STEP][PASSED] - println(line): null

27-02-2025T17:22:44 - [TEST_STEP][PASSED] - comma = line.indexOf(",y"): null

27-02-2025T17:22:44 - [TEST_STEP][PASSED] - if (comma > 0): null

27-02-2025T17:22:44 - [TEST_STEP][PASSED] - line = reader.readLine(): null

27-02-2025T17:22:44 - [TEST_STEP][PASSED] - println(line): null

27-02-2025T17:22:44 - [TEST_STEP][PASSED] - group = line.indexOf("<Group>"): null

27-02-2025T17:22:44 - [TEST_STEP][PASSED] - println(group): null

27-02-2025T17:22:44 - [TEST_STEP][PASSED] - if (group >= 0): null

27-02-2025T17:22:44 - [TEST_STEP][PASSED] - else: null

27-02-2025T17:22:44 - [TEST_STEP][PASSED] - if (include): null

27-02-2025T17:22:44 - [TEST_STEP][PASSED] - println(line): null

27-02-2025T17:22:44 - [TEST_STEP][PASSED] - comma = line.indexOf(",y"): null

27-02-2025T17:22:44 - [TEST_STEP][PASSED] - if (comma > 0): null

27-02-2025T17:22:44 - [TEST_STEP][PASSED] - line = reader.readLine(): null

27-02-2025T17:22:44 - [TEST_STEP][PASSED] - println(line): null

27-02-2025T17:22:44 - [TEST_STEP][PASSED] - group = line.indexOf("<Group>"): null

27-02-2025T17:22:44 - [TEST_STEP][PASSED] - println(group): null

27-02-2025T17:22:44 - [TEST_STEP][PASSED] - if (group >= 0): null

27-02-2025T17:22:44 - [TEST_STEP][PASSED] - else: null

27-02-2025T17:22:44 - [TEST_STEP][PASSED] - if (include): null

27-02-2025T17:22:44 - [TEST_STEP][PASSED] - println(line): null

27-02-2025T17:22:44 - [TEST_STEP][PASSED] - comma = line.indexOf(",y"): null

27-02-2025T17:22:44 - [TEST_STEP][PASSED] - if (comma > 0): null

27-02-2025T17:22:44 - [TEST_STEP][PASSED] - line = reader.readLine(): null

27-02-2025T17:22:44 - [TEST_STEP][PASSED] - println(line): null

27-02-2025T17:22:44 - [TEST_STEP][PASSED] - group = line.indexOf("<Group>"): null

27-02-2025T17:22:44 - [TEST_STEP][PASSED] - println(group): null

27-02-2025T17:22:44 - [TEST_STEP][PASSED] - if (group >= 0): null

27-02-2025T17:22:44 - [TEST_STEP][PASSED] - else: null

27-02-2025T17:22:44 - [TEST_STEP][PASSED] - if (include): null

27-02-2025T17:22:44 - [TEST_STEP][PASSED] - println(line): null

27-02-2025T17:22:44 - [TEST_STEP][PASSED] - comma = line.indexOf(",y"): null

27-02-2025T17:22:44 - [TEST_STEP][PASSED] - if (comma > 0): null

27-02-2025T17:22:44 - [TEST_STEP][PASSED] - line = reader.readLine(): null

27-02-2025T17:22:44 - [TEST_STEP][PASSED] - println(line): null

27-02-2025T17:22:44 - [TEST_STEP][PASSED] - group = line.indexOf("<Group>"): null

27-02-2025T17:22:44 - [TEST_STEP][PASSED] - println(group): null

27-02-2025T17:22:44 - [TEST_STEP][PASSED] - if (group >= 0): null

27-02-2025T17:22:44 - [TEST_STEP][PASSED] - else: null

27-02-2025T17:22:44 - [TEST_STEP][PASSED] - if (include): null

27-02-2025T17:22:44 - [TEST_STEP][PASSED] - println(line): null

27-02-2025T17:22:44 - [TEST_STEP][PASSED] - comma = line.indexOf(",y"): null

27-02-2025T17:22:44 - [TEST_STEP][PASSED] - if (comma > 0): null

27-02-2025T17:22:44 - [TEST_STEP][PASSED] - line = reader.readLine(): null

27-02-2025T17:22:44 - [TEST_STEP][PASSED] - println(line): null

27-02-2025T17:22:44 - [TEST_STEP][PASSED] - group = line.indexOf("<Group>"): null

27-02-2025T17:22:44 - [TEST_STEP][PASSED] - println(group): null

27-02-2025T17:22:44 - [TEST_STEP][PASSED] - if (group >= 0): null

27-02-2025T17:22:44 - [TEST_STEP][PASSED] - else: null

27-02-2025T17:22:44 - [TEST_STEP][PASSED] - if (include): null

27-02-2025T17:22:44 - [TEST_STEP][PASSED] - println(line): null

27-02-2025T17:22:44 - [TEST_STEP][PASSED] - comma = line.indexOf(",y"): null

27-02-2025T17:22:44 - [TEST_STEP][PASSED] - if (comma > 0): null

27-02-2025T17:22:44 - [TEST_STEP][PASSED] - line = reader.readLine(): null

27-02-2025T17:22:44 - [TEST_STEP][PASSED] - println(line): null

27-02-2025T17:22:44 - [TEST_STEP][PASSED] - group = line.indexOf("<Group>"): null

27-02-2025T17:22:44 - [TEST_STEP][PASSED] - println(group): null

27-02-2025T17:22:44 - [TEST_STEP][PASSED] - if (group >= 0): null

27-02-2025T17:22:44 - [TEST_STEP][PASSED] - else: null

27-02-2025T17:22:44 - [TEST_STEP][PASSED] - if (include): null

27-02-2025T17:22:44 - [TEST_STEP][PASSED] - println(line): null

27-02-2025T17:22:44 - [TEST_STEP][PASSED] - comma = line.indexOf(",y"): null

27-02-2025T17:22:44 - [TEST_STEP][PASSED] - if (comma > 0): null

27-02-2025T17:22:44 - [TEST_STEP][PASSED] - line = reader.readLine(): null

27-02-2025T17:22:44 - [TEST_STEP][PASSED] - println(line): null

27-02-2025T17:22:44 - [TEST_STEP][PASSED] - group = line.indexOf("<Group>"): null

27-02-2025T17:22:44 - [TEST_STEP][PASSED] - println(group): null

27-02-2025T17:22:44 - [TEST_STEP][PASSED] - if (group >= 0): null

27-02-2025T17:22:44 - [TEST_STEP][PASSED] - else: null

27-02-2025T17:22:44 - [TEST_STEP][PASSED] - if (include): null

27-02-2025T17:22:44 - [TEST_STEP][PASSED] - println(line): null

27-02-2025T17:22:44 - [TEST_STEP][PASSED] - comma = line.indexOf(",y"): null

27-02-2025T17:22:44 - [TEST_STEP][PASSED] - if (comma > 0): null

27-02-2025T17:22:44 - [TEST_STEP][PASSED] - line = reader.readLine(): null

27-02-2025T17:22:44 - [TEST_STEP][PASSED] - println(line): null

27-02-2025T17:22:44 - [TEST_STEP][PASSED] - group = line.indexOf("<Group>"): null

27-02-2025T17:22:44 - [TEST_STEP][PASSED] - println(group): null

27-02-2025T17:22:44 - [TEST_STEP][PASSED] - if (group >= 0): null

27-02-2025T17:22:44 - [TEST_STEP][PASSED] - else: null

27-02-2025T17:22:44 - [TEST_STEP][PASSED] - if (include): null

27-02-2025T17:22:44 - [TEST_STEP][PASSED] - println(line): null

27-02-2025T17:22:44 - [TEST_STEP][PASSED] - comma = line.indexOf(",y"): null

27-02-2025T17:22:44 - [TEST_STEP][PASSED] - if (comma > 0): null

27-02-2025T17:22:44 - [TEST_STEP][PASSED] - line = reader.readLine(): null

27-02-2025T17:22:44 - [TEST_STEP][PASSED] - println(line): null

27-02-2025T17:22:44 - [TEST_STEP][PASSED] - group = line.indexOf("<Group>"): null

27-02-2025T17:22:44 - [TEST_STEP][PASSED] - println(group): null

27-02-2025T17:22:44 - [TEST_STEP][PASSED] - if (group >= 0): null

27-02-2025T17:22:44 - [TEST_STEP][PASSED] - else: null

27-02-2025T17:22:44 - [TEST_STEP][PASSED] - if (include): null

27-02-2025T17:22:44 - [TEST_STEP][PASSED] - println(line): null

27-02-2025T17:22:44 - [TEST_STEP][PASSED] - comma = line.indexOf(",y"): null

27-02-2025T17:22:44 - [TEST_STEP][PASSED] - if (comma > 0): null

27-02-2025T17:22:44 - [TEST_STEP][PASSED] - line = reader.readLine(): null

27-02-2025T17:22:44 - [TEST_STEP][PASSED] - println(line): null

27-02-2025T17:22:44 - [TEST_STEP][PASSED] - group = line.indexOf("<Group>"): null

27-02-2025T17:22:44 - [TEST_STEP][PASSED] - println(group): null

27-02-2025T17:22:44 - [TEST_STEP][PASSED] - if (group >= 0): null

27-02-2025T17:22:44 - [TEST_STEP][PASSED] - else: null

27-02-2025T17:22:44 - [TEST_STEP][PASSED] - if (include): null

27-02-2025T17:22:44 - [TEST_STEP][PASSED] - println(line): null

27-02-2025T17:22:44 - [TEST_STEP][PASSED] - comma = line.indexOf(",y"): null

27-02-2025T17:22:44 - [TEST_STEP][PASSED] - if (comma > 0): null

27-02-2025T17:22:44 - [TEST_STEP][PASSED] - line = reader.readLine(): null

27-02-2025T17:22:44 - [TEST_STEP][PASSED] - println(line): null

27-02-2025T17:22:44 - [TEST_STEP][PASSED] - group = line.indexOf("<Group>"): null

27-02-2025T17:22:44 - [TEST_STEP][PASSED] - println(group): null

27-02-2025T17:22:44 - [TEST_STEP][PASSED] - if (group >= 0): null

27-02-2025T17:22:44 - [TEST_STEP][PASSED] - else: null

27-02-2025T17:22:44 - [TEST_STEP][PASSED] - if (include): null

27-02-2025T17:22:44 - [TEST_STEP][PASSED] - println(line): null

27-02-2025T17:22:44 - [TEST_STEP][PASSED] - comma = line.indexOf(",y"): null

27-02-2025T17:22:44 - [TEST_STEP][PASSED] - if (comma > 0): null

27-02-2025T17:22:44 - [TEST_STEP][PASSED] - line = reader.readLine(): null

27-02-2025T17:22:44 - [TEST_STEP][PASSED] - println(line): null

27-02-2025T17:22:44 - [TEST_STEP][PASSED] - group = line.indexOf("<Group>"): null

27-02-2025T17:22:44 - [TEST_STEP][PASSED] - println(group): null

27-02-2025T17:22:44 - [TEST_STEP][PASSED] - if (group >= 0): null

27-02-2025T17:22:44 - [TEST_STEP][PASSED] - else: null

27-02-2025T17:22:44 - [TEST_STEP][PASSED] - if (include): null

27-02-2025T17:22:44 - [TEST_STEP][PASSED] - println(line): null

27-02-2025T17:22:44 - [TEST_STEP][PASSED] - comma = line.indexOf(",y"): null

27-02-2025T17:22:44 - [TEST_STEP][PASSED] - if (comma > 0): null

27-02-2025T17:22:44 - [TEST_STEP][PASSED] - line = reader.readLine(): null

27-02-2025T17:22:44 - [TEST_STEP][PASSED] - println(line): null

27-02-2025T17:22:44 - [TEST_STEP][PASSED] - group = line.indexOf("<Group>"): null

27-02-2025T17:22:44 - [TEST_STEP][PASSED] - println(group): null

27-02-2025T17:22:44 - [TEST_STEP][PASSED] - if (group >= 0): null

27-02-2025T17:22:44 - [TEST_STEP][PASSED] - else: null

27-02-2025T17:22:44 - [TEST_STEP][PASSED] - if (include): null

27-02-2025T17:22:44 - [TEST_STEP][PASSED] - println(line): null

27-02-2025T17:22:44 - [TEST_STEP][PASSED] - comma = line.indexOf(",y"): null

27-02-2025T17:22:44 - [TEST_STEP][PASSED] - if (comma > 0): null

27-02-2025T17:22:44 - [TEST_STEP][PASSED] - line = reader.readLine(): null

27-02-2025T17:22:44 - [TEST_STEP][PASSED] - println(line): null

27-02-2025T17:22:44 - [TEST_STEP][PASSED] - group = line.indexOf("<Group>"): null

27-02-2025T17:22:44 - [TEST_STEP][PASSED] - println(group): null

27-02-2025T17:22:44 - [TEST_STEP][PASSED] - if (group >= 0): null

27-02-2025T17:22:44 - [TEST_STEP][PASSED] - else: null

27-02-2025T17:22:44 - [TEST_STEP][PASSED] - if (include): null

27-02-2025T17:22:44 - [TEST_STEP][PASSED] - println(line): null

27-02-2025T17:22:44 - [TEST_STEP][PASSED] - comma = line.indexOf(",y"): null

27-02-2025T17:22:44 - [TEST_STEP][PASSED] - if (comma > 0): null

27-02-2025T17:22:44 - [TEST_STEP][PASSED] - line = reader.readLine(): null

27-02-2025T17:22:44 - [TEST_STEP][PASSED] - println(line): null

27-02-2025T17:22:44 - [TEST_STEP][PASSED] - group = line.indexOf("<Group>"): null

27-02-2025T17:22:44 - [TEST_STEP][PASSED] - println(group): null

27-02-2025T17:22:44 - [TEST_STEP][PASSED] - if (group >= 0): null

27-02-2025T17:22:44 - [TEST_STEP][PASSED] - else: null

27-02-2025T17:22:44 - [TEST_STEP][PASSED] - if (include): null

27-02-2025T17:22:44 - [TEST_STEP][PASSED] - println(line): null

27-02-2025T17:22:44 - [TEST_STEP][PASSED] - comma = line.indexOf(",y"): null

27-02-2025T17:22:44 - [TEST_STEP][PASSED] - if (comma > 0): null

27-02-2025T17:22:44 - [TEST_STEP][PASSED] - line = reader.readLine(): null

27-02-2025T17:22:44 - [TEST_STEP][PASSED] - println(line): null

27-02-2025T17:22:44 - [TEST_STEP][PASSED] - group = line.indexOf("<Group>"): null

27-02-2025T17:22:44 - [TEST_STEP][PASSED] - println(group): null

27-02-2025T17:22:44 - [TEST_STEP][PASSED] - if (group >= 0): null

27-02-2025T17:22:44 - [TEST_STEP][PASSED] - else: null

27-02-2025T17:22:44 - [TEST_STEP][PASSED] - if (include): null

27-02-2025T17:22:44 - [TEST_STEP][PASSED] - println(line): null

27-02-2025T17:22:44 - [TEST_STEP][PASSED] - comma = line.indexOf(",y"): null

27-02-2025T17:22:44 - [TEST_STEP][PASSED] - if (comma > 0): null

27-02-2025T17:22:44 - [TEST_STEP][PASSED] - line = reader.readLine(): null

27-02-2025T17:22:44 - [TEST_STEP][PASSED] - println(line): null

27-02-2025T17:22:44 - [TEST_STEP][PASSED] - group = line.indexOf("<Group>"): null

27-02-2025T17:22:44 - [TEST_STEP][PASSED] - println(group): null

27-02-2025T17:22:44 - [TEST_STEP][PASSED] - if (group >= 0): null

27-02-2025T17:22:44 - [TEST_STEP][PASSED] - else: null

27-02-2025T17:22:44 - [TEST_STEP][PASSED] - if (include): null

27-02-2025T17:22:44 - [TEST_STEP][PASSED] - println(line): null

27-02-2025T17:22:44 - [TEST_STEP][PASSED] - comma = line.indexOf(",y"): null

27-02-2025T17:22:44 - [TEST_STEP][PASSED] - if (comma > 0): null

27-02-2025T17:22:44 - [TEST_STEP][PASSED] - line = reader.readLine(): null

27-02-2025T17:22:44 - [TEST_STEP][PASSED] - println(line): null

27-02-2025T17:22:44 - [TEST_STEP][PASSED] - group = line.indexOf("<Group>"): null

27-02-2025T17:22:44 - [TEST_STEP][PASSED] - println(group): null

27-02-2025T17:22:44 - [TEST_STEP][PASSED] - if (group >= 0): null

27-02-2025T17:22:44 - [TEST_STEP][PASSED] - else: null

27-02-2025T17:22:44 - [TEST_STEP][PASSED] - if (include): null

27-02-2025T17:22:44 - [TEST_STEP][PASSED] - println(line): null

27-02-2025T17:22:44 - [TEST_STEP][PASSED] - comma = line.indexOf(",y"): null

27-02-2025T17:22:48 - [TEST_STEP][PASSED] - if (comma > 0): null

27-02-2025T17:22:48 - [TEST_STEP][PASSED] - line = reader.readLine(): null

27-02-2025T17:22:48 - [TEST_STEP][PASSED] - println(line): null

27-02-2025T17:22:48 - [TEST_STEP][PASSED] - group = line.indexOf("<Group>"): null

27-02-2025T17:22:48 - [TEST_STEP][PASSED] - println(group): null

27-02-2025T17:22:48 - [TEST_STEP][PASSED] - if (group >= 0): null

27-02-2025T17:22:48 - [TEST_STEP][PASSED] - else: null

27-02-2025T17:22:48 - [TEST_STEP][PASSED] - if (include): null

27-02-2025T17:22:48 - [TEST_STEP][PASSED] - println(line): null

27-02-2025T17:22:48 - [TEST_STEP][PASSED] - comma = line.indexOf(",y"): null

27-02-2025T17:22:48 - [TEST_STEP][PASSED] - if (comma > 0): null

27-02-2025T17:22:48 - [TEST_STEP][PASSED] - line = reader.readLine(): null

27-02-2025T17:22:48 - [TEST_STEP][PASSED] - println(line): null

27-02-2025T17:22:48 - [TEST_STEP][PASSED] - group = line.indexOf("<Group>"): null

27-02-2025T17:22:48 - [TEST_STEP][PASSED] - println(group): null

27-02-2025T17:22:48 - [TEST_STEP][PASSED] - if (group >= 0): null

27-02-2025T17:22:48 - [TEST_STEP][PASSED] - else: null

27-02-2025T17:22:48 - [TEST_STEP][PASSED] - if (include): null

27-02-2025T17:22:48 - [TEST_STEP][PASSED] - println(line): null

27-02-2025T17:22:48 - [TEST_STEP][PASSED] - comma = line.indexOf(",y"): null

27-02-2025T17:22:48 - [TEST_STEP][PASSED] - if (comma > 0): null

27-02-2025T17:22:48 - [TEST_STEP][PASSED] - line = reader.readLine(): null

27-02-2025T17:22:48 - [TEST_STEP][PASSED] - println(line): null

27-02-2025T17:22:48 - [TEST_STEP][PASSED] - group = line.indexOf("<Group>"): null

27-02-2025T17:22:48 - [TEST_STEP][PASSED] - println(group): null

27-02-2025T17:22:48 - [TEST_STEP][PASSED] - if (group >= 0): null

27-02-2025T17:22:48 - [TEST_STEP][PASSED] - else: null

27-02-2025T17:22:48 - [TEST_STEP][PASSED] - if (include): null

27-02-2025T17:22:48 - [TEST_STEP][PASSED] - println(line): null

27-02-2025T17:22:48 - [TEST_STEP][PASSED] - comma = line.indexOf(",y"): null

27-02-2025T17:22:48 - [TEST_STEP][PASSED] - if (comma > 0): null

27-02-2025T17:22:48 - [TEST_STEP][PASSED] - line = reader.readLine(): null

27-02-2025T17:22:48 - [TEST_STEP][PASSED] - println(line): null

27-02-2025T17:22:48 - [TEST_STEP][PASSED] - group = line.indexOf("<Group>"): null

27-02-2025T17:22:48 - [TEST_STEP][PASSED] - println(group): null

27-02-2025T17:22:48 - [TEST_STEP][PASSED] - if (group >= 0): null

27-02-2025T17:22:48 - [TEST_STEP][PASSED] - else: null

27-02-2025T17:22:48 - [TEST_STEP][PASSED] - if (include): null

27-02-2025T17:22:48 - [TEST_STEP][PASSED] - println(line): null

27-02-2025T17:22:48 - [TEST_STEP][PASSED] - comma = line.indexOf(",y"): null

27-02-2025T17:22:48 - [TEST_STEP][PASSED] - if (comma > 0): null

27-02-2025T17:22:48 - [TEST_STEP][PASSED] - line = reader.readLine(): null

27-02-2025T17:22:48 - [TEST_STEP][PASSED] - println(line): null

27-02-2025T17:22:48 - [TEST_STEP][PASSED] - group = line.indexOf("<Group>"): null

27-02-2025T17:22:48 - [TEST_STEP][PASSED] - println(group): null

27-02-2025T17:22:48 - [TEST_STEP][PASSED] - if (group >= 0): null

27-02-2025T17:22:48 - [TEST_STEP][PASSED] - else: null

27-02-2025T17:22:48 - [TEST_STEP][PASSED] - if (include): null

27-02-2025T17:22:48 - [TEST_STEP][PASSED] - println(line): null

27-02-2025T17:22:48 - [TEST_STEP][PASSED] - comma = line.indexOf(",y"): null

27-02-2025T17:22:48 - [TEST_STEP][PASSED] - if (comma > 0): null

27-02-2025T17:22:48 - [TEST_STEP][PASSED] - line = reader.readLine(): null

27-02-2025T17:22:48 - [TEST_STEP][PASSED] - println(line): null

27-02-2025T17:22:48 - [TEST_STEP][PASSED] - group = line.indexOf("<Group>"): null

27-02-2025T17:22:48 - [TEST_STEP][PASSED] - println(group): null

27-02-2025T17:22:48 - [TEST_STEP][PASSED] - if (group >= 0): null

27-02-2025T17:22:48 - [TEST_STEP][PASSED] - else: null

27-02-2025T17:22:48 - [TEST_STEP][PASSED] - if (include): null

27-02-2025T17:22:48 - [TEST_STEP][PASSED] - println(line): null

27-02-2025T17:22:48 - [TEST_STEP][PASSED] - comma = line.indexOf(",y"): null

27-02-2025T17:22:48 - [TEST_STEP][PASSED] - if (comma > 0): null

27-02-2025T17:22:48 - [TEST_STEP][PASSED] - line = reader.readLine(): null

27-02-2025T17:22:48 - [TEST_STEP][PASSED] - println(line): null

27-02-2025T17:22:48 - [TEST_STEP][PASSED] - group = line.indexOf("<Group>"): null

27-02-2025T17:22:48 - [TEST_STEP][PASSED] - println(group): null

27-02-2025T17:22:48 - [TEST_STEP][PASSED] - if (group >= 0): null

27-02-2025T17:22:48 - [TEST_STEP][PASSED] - else: null

27-02-2025T17:22:48 - [TEST_STEP][PASSED] - if (include): null

27-02-2025T17:22:48 - [TEST_STEP][PASSED] - println(line): null

27-02-2025T17:22:48 - [TEST_STEP][PASSED] - comma = line.indexOf(",y"): null

27-02-2025T17:22:48 - [TEST_STEP][PASSED] - if (comma > 0): null

27-02-2025T17:22:48 - [TEST_STEP][PASSED] - line = reader.readLine(): null

27-02-2025T17:22:48 - [TEST_STEP][PASSED] - println(line): null

27-02-2025T17:22:48 - [TEST_STEP][PASSED] - group = line.indexOf("<Group>"): null

27-02-2025T17:22:48 - [TEST_STEP][PASSED] - println(group): null

27-02-2025T17:22:48 - [TEST_STEP][PASSED] - if (group >= 0): null

27-02-2025T17:22:48 - [TEST_STEP][PASSED] - else: null

27-02-2025T17:22:48 - [TEST_STEP][PASSED] - if (include): null

27-02-2025T17:22:48 - [TEST_STEP][PASSED] - println(line): null

27-02-2025T17:22:48 - [TEST_STEP][PASSED] - comma = line.indexOf(",y"): null

27-02-2025T17:22:48 - [TEST_STEP][PASSED] - if (comma > 0): null

27-02-2025T17:22:48 - [TEST_STEP][PASSED] - line = reader.readLine(): null

27-02-2025T17:22:48 - [TEST_STEP][PASSED] - println(line): null

27-02-2025T17:22:48 - [TEST_STEP][PASSED] - group = line.indexOf("<Group>"): null

27-02-2025T17:22:48 - [TEST_STEP][PASSED] - println(group): null

27-02-2025T17:22:48 - [TEST_STEP][PASSED] - if (group >= 0): null

27-02-2025T17:22:48 - [TEST_STEP][PASSED] - else: null

27-02-2025T17:22:48 - [TEST_STEP][PASSED] - if (include): null

27-02-2025T17:22:48 - [TEST_STEP][PASSED] - println(line): null

27-02-2025T17:22:48 - [TEST_STEP][PASSED] - comma = line.indexOf(",y"): null

27-02-2025T17:22:48 - [TEST_STEP][PASSED] - if (comma > 0): null

27-02-2025T17:22:48 - [TEST_STEP][PASSED] - line = reader.readLine(): null

27-02-2025T17:22:48 - [TEST_STEP][PASSED] - println(line): null

27-02-2025T17:22:48 - [TEST_STEP][PASSED] - group = line.indexOf("<Group>"): null

27-02-2025T17:22:48 - [TEST_STEP][PASSED] - println(group): null

27-02-2025T17:22:48 - [TEST_STEP][PASSED] - if (group >= 0): null

27-02-2025T17:22:48 - [TEST_STEP][PASSED] - else: null

27-02-2025T17:22:48 - [TEST_STEP][PASSED] - if (include): null

27-02-2025T17:22:48 - [TEST_STEP][PASSED] - println(line): null

27-02-2025T17:22:48 - [TEST_STEP][PASSED] - comma = line.indexOf(",y"): null

27-02-2025T17:22:48 - [TEST_STEP][PASSED] - if (comma > 0): null

27-02-2025T17:22:48 - [TEST_STEP][PASSED] - line = reader.readLine(): null

27-02-2025T17:22:48 - [TEST_STEP][PASSED] - println(line): null

27-02-2025T17:22:48 - [TEST_STEP][PASSED] - group = line.indexOf("<Group>"): null

27-02-2025T17:22:48 - [TEST_STEP][PASSED] - println(group): null

27-02-2025T17:22:48 - [TEST_STEP][PASSED] - if (group >= 0): null

27-02-2025T17:22:48 - [TEST_STEP][PASSED] - else: null

27-02-2025T17:22:48 - [TEST_STEP][PASSED] - if (include): null

27-02-2025T17:22:48 - [TEST_STEP][PASSED] - println(line): null

27-02-2025T17:22:48 - [TEST_STEP][PASSED] - comma = line.indexOf(",y"): null

27-02-2025T17:22:48 - [TEST_STEP][PASSED] - if (comma > 0): null

27-02-2025T17:22:48 - [TEST_STEP][PASSED] - line = reader.readLine(): null

27-02-2025T17:22:48 - [TEST_STEP][PASSED] - println(line): null

27-02-2025T17:22:48 - [TEST_STEP][PASSED] - group = line.indexOf("<Group>"): null

27-02-2025T17:22:48 - [TEST_STEP][PASSED] - println(group): null

27-02-2025T17:22:48 - [TEST_STEP][PASSED] - if (group >= 0): null

27-02-2025T17:22:48 - [TEST_STEP][PASSED] - else: null

27-02-2025T17:22:48 - [TEST_STEP][PASSED] - if (include): null

27-02-2025T17:22:48 - [TEST_STEP][PASSED] - println(line): null

27-02-2025T17:22:48 - [TEST_STEP][PASSED] - comma = line.indexOf(",y"): null

27-02-2025T17:22:48 - [TEST_STEP][PASSED] - if (comma > 0): null

27-02-2025T17:22:48 - [TEST_STEP][PASSED] - line = reader.readLine(): null

27-02-2025T17:22:48 - [TEST_STEP][PASSED] - println(line): null

27-02-2025T17:22:48 - [TEST_STEP][PASSED] - group = line.indexOf("<Group>"): null

27-02-2025T17:22:48 - [TEST_STEP][PASSED] - println(group): null

27-02-2025T17:22:48 - [TEST_STEP][PASSED] - if (group >= 0): null

27-02-2025T17:22:48 - [TEST_STEP][PASSED] - else: null

27-02-2025T17:22:48 - [TEST_STEP][PASSED] - if (include): null

27-02-2025T17:22:48 - [TEST_STEP][PASSED] - println(line): null

27-02-2025T17:22:48 - [TEST_STEP][PASSED] - comma = line.indexOf(",y"): null

27-02-2025T17:22:48 - [TEST_STEP][PASSED] - if (comma > 0): null

27-02-2025T17:22:48 - [TEST_STEP][PASSED] - line = reader.readLine(): null

27-02-2025T17:22:48 - [TEST_STEP][PASSED] - println(line): null

27-02-2025T17:22:48 - [TEST_STEP][PASSED] - group = line.indexOf("<Group>"): null

27-02-2025T17:22:48 - [TEST_STEP][PASSED] - println(group): null

27-02-2025T17:22:48 - [TEST_STEP][PASSED] - if (group >= 0): null

27-02-2025T17:22:48 - [TEST_STEP][PASSED] - else: null

27-02-2025T17:22:48 - [TEST_STEP][PASSED] - if (include): null

27-02-2025T17:22:48 - [TEST_STEP][PASSED] - println(line): null

27-02-2025T17:22:48 - [TEST_STEP][PASSED] - comma = line.indexOf(",y"): null

27-02-2025T17:22:48 - [TEST_STEP][PASSED] - if (comma > 0): null

27-02-2025T17:22:48 - [TEST_STEP][PASSED] - line = reader.readLine(): null

27-02-2025T17:22:48 - [TEST_STEP][PASSED] - println(line): null

27-02-2025T17:22:48 - [TEST_STEP][PASSED] - group = line.indexOf("<Group>"): null

27-02-2025T17:22:48 - [TEST_STEP][PASSED] - println(group): null

27-02-2025T17:22:48 - [TEST_STEP][PASSED] - if (group >= 0): null

27-02-2025T17:22:48 - [TEST_STEP][PASSED] - else: null

27-02-2025T17:22:48 - [TEST_STEP][PASSED] - if (include): null

27-02-2025T17:22:48 - [TEST_STEP][PASSED] - println(line): null

27-02-2025T17:22:48 - [TEST_STEP][PASSED] - comma = line.indexOf(",y"): null

27-02-2025T17:22:48 - [TEST_STEP][PASSED] - if (comma > 0): null

27-02-2025T17:22:48 - [TEST_STEP][PASSED] - line = reader.readLine(): null

27-02-2025T17:22:48 - [TEST_STEP][PASSED] - println(line): null

27-02-2025T17:22:48 - [TEST_STEP][PASSED] - group = line.indexOf("<Group>"): null

27-02-2025T17:22:48 - [TEST_STEP][PASSED] - println(group): null

27-02-2025T17:22:48 - [TEST_STEP][PASSED] - if (group >= 0): null

27-02-2025T17:22:48 - [TEST_STEP][PASSED] - else: null

27-02-2025T17:22:48 - [TEST_STEP][PASSED] - if (include): null

27-02-2025T17:22:48 - [TEST_STEP][PASSED] - println(line): null

27-02-2025T17:22:48 - [TEST_STEP][PASSED] - comma = line.indexOf(",y"): null

27-02-2025T17:22:48 - [TEST_STEP][PASSED] - if (comma > 0): null

27-02-2025T17:22:48 - [TEST_STEP][PASSED] - line = reader.readLine(): null

27-02-2025T17:22:48 - [TEST_STEP][PASSED] - println(line): null

27-02-2025T17:22:48 - [TEST_STEP][PASSED] - group = line.indexOf("<Group>"): null

27-02-2025T17:22:48 - [TEST_STEP][PASSED] - println(group): null

27-02-2025T17:22:48 - [TEST_STEP][PASSED] - if (group >= 0): null

27-02-2025T17:22:48 - [TEST_STEP][PASSED] - else: null

27-02-2025T17:22:48 - [TEST_STEP][PASSED] - if (include): null

27-02-2025T17:22:48 - [TEST_STEP][PASSED] - println(line): null

27-02-2025T17:22:48 - [TEST_STEP][PASSED] - comma = line.indexOf(",y"): null

27-02-2025T17:22:48 - [TEST_STEP][PASSED] - if (comma > 0): null

27-02-2025T17:22:48 - [TEST_STEP][PASSED] - line = reader.readLine(): null

27-02-2025T17:22:48 - [TEST_STEP][PASSED] - println(line): null

27-02-2025T17:22:48 - [TEST_STEP][PASSED] - group = line.indexOf("<Group>"): null

27-02-2025T17:22:48 - [TEST_STEP][PASSED] - println(group): null

27-02-2025T17:22:48 - [TEST_STEP][PASSED] - if (group >= 0): null

27-02-2025T17:22:48 - [TEST_STEP][PASSED] - else: null

27-02-2025T17:22:48 - [TEST_STEP][PASSED] - if (include): null

27-02-2025T17:22:48 - [TEST_STEP][PASSED] - println(line): null

27-02-2025T17:22:48 - [TEST_STEP][PASSED] - comma = line.indexOf(",y"): null

27-02-2025T17:22:48 - [TEST_STEP][PASSED] - if (comma > 0): null

27-02-2025T17:22:48 - [TEST_STEP][PASSED] - line = reader.readLine(): null

27-02-2025T17:22:48 - [TEST_STEP][PASSED] - println(line): null

27-02-2025T17:22:48 - [TEST_STEP][PASSED] - group = line.indexOf("<Group>"): null

27-02-2025T17:22:48 - [TEST_STEP][PASSED] - println(group): null

27-02-2025T17:22:48 - [TEST_STEP][PASSED] - if (group >= 0): null

27-02-2025T17:22:48 - [TEST_STEP][PASSED] - else: null

27-02-2025T17:22:48 - [TEST_STEP][PASSED] - if (include): null

27-02-2025T17:22:48 - [TEST_STEP][PASSED] - println(line): null

27-02-2025T17:22:48 - [TEST_STEP][PASSED] - comma = line.indexOf(",y"): null

27-02-2025T17:22:48 - [TEST_STEP][PASSED] - if (comma > 0): null

27-02-2025T17:22:48 - [TEST_STEP][PASSED] - line = reader.readLine(): null

27-02-2025T17:22:48 - [TEST_STEP][PASSED] - println(line): null

27-02-2025T17:22:48 - [TEST_STEP][PASSED] - group = line.indexOf("<Group>"): null

27-02-2025T17:22:48 - [TEST_STEP][PASSED] - println(group): null

27-02-2025T17:22:48 - [TEST_STEP][PASSED] - if (group >= 0): null

27-02-2025T17:22:48 - [TEST_STEP][PASSED] - else: null

27-02-2025T17:22:48 - [TEST_STEP][PASSED] - if (include): null

27-02-2025T17:22:48 - [TEST_STEP][PASSED] - println(line): null

27-02-2025T17:22:48 - [TEST_STEP][PASSED] - comma = line.indexOf(",y"): null

27-02-2025T17:22:48 - [TEST_STEP][PASSED] - if (comma > 0): null

27-02-2025T17:22:48 - [TEST_STEP][PASSED] - line = reader.readLine(): null

27-02-2025T17:22:48 - [TEST_STEP][PASSED] - println(line): null

27-02-2025T17:22:48 - [TEST_STEP][PASSED] - group = line.indexOf("<Group>"): null

27-02-2025T17:22:48 - [TEST_STEP][PASSED] - println(group): null

27-02-2025T17:22:48 - [TEST_STEP][PASSED] - if (group >= 0): null

27-02-2025T17:22:48 - [TEST_STEP][PASSED] - else: null

27-02-2025T17:22:48 - [TEST_STEP][PASSED] - if (include): null

27-02-2025T17:22:48 - [TEST_STEP][PASSED] - println(line): null

27-02-2025T17:22:48 - [TEST_STEP][PASSED] - comma = line.indexOf(",y"): null

27-02-2025T17:22:48 - [TEST_STEP][PASSED] - if (comma > 0): null

27-02-2025T17:22:48 - [TEST_STEP][PASSED] - line = reader.readLine(): null

27-02-2025T17:22:48 - [TEST_STEP][PASSED] - println(line): null

27-02-2025T17:22:48 - [TEST_STEP][PASSED] - group = line.indexOf("<Group>"): null

27-02-2025T17:22:48 - [TEST_STEP][PASSED] - println(group): null

27-02-2025T17:22:48 - [TEST_STEP][PASSED] - if (group >= 0): null

27-02-2025T17:22:48 - [TEST_STEP][PASSED] - else: null

27-02-2025T17:22:48 - [TEST_STEP][PASSED] - if (include): null

27-02-2025T17:22:48 - [TEST_STEP][PASSED] - println(line): null

27-02-2025T17:22:48 - [TEST_STEP][PASSED] - comma = line.indexOf(",y"): null

27-02-2025T17:22:48 - [TEST_STEP][PASSED] - if (comma > 0): null

27-02-2025T17:22:48 - [TEST_STEP][PASSED] - line = reader.readLine(): null

27-02-2025T17:22:48 - [TEST_STEP][PASSED] - println(line): null

27-02-2025T17:22:48 - [TEST_STEP][PASSED] - group = line.indexOf("<Group>"): null

27-02-2025T17:22:48 - [TEST_STEP][PASSED] - println(group): null

27-02-2025T17:22:48 - [TEST_STEP][PASSED] - if (group >= 0): null

27-02-2025T17:22:48 - [TEST_STEP][PASSED] - else: null

27-02-2025T17:22:48 - [TEST_STEP][PASSED] - if (include): null

27-02-2025T17:22:48 - [TEST_STEP][PASSED] - println(line): null

27-02-2025T17:22:48 - [TEST_STEP][PASSED] - comma = line.indexOf(",y"): null

27-02-2025T17:22:48 - [TEST_STEP][PASSED] - if (comma > 0): null

27-02-2025T17:22:48 - [TEST_STEP][PASSED] - line = reader.readLine(): null

27-02-2025T17:22:48 - [TEST_STEP][PASSED] - println(line): null

27-02-2025T17:22:48 - [TEST_STEP][PASSED] - group = line.indexOf("<Group>"): null

27-02-2025T17:22:48 - [TEST_STEP][PASSED] - println(group): null

27-02-2025T17:22:48 - [TEST_STEP][PASSED] - if (group >= 0): null

27-02-2025T17:22:48 - [TEST_STEP][PASSED] - else: null

27-02-2025T17:22:48 - [TEST_STEP][PASSED] - if (include): null

27-02-2025T17:22:48 - [TEST_STEP][PASSED] - println(line): null

27-02-2025T17:22:48 - [TEST_STEP][PASSED] - comma = line.indexOf(",y"): null

27-02-2025T17:22:48 - [TEST_STEP][PASSED] - if (comma > 0): null

27-02-2025T17:22:48 - [TEST_STEP][PASSED] - line = reader.readLine(): null

27-02-2025T17:22:48 - [TEST_STEP][PASSED] - println(line): null

27-02-2025T17:22:48 - [TEST_STEP][PASSED] - group = line.indexOf("<Group>"): null

27-02-2025T17:22:48 - [TEST_STEP][PASSED] - println(group): null

27-02-2025T17:22:48 - [TEST_STEP][PASSED] - if (group >= 0): null

27-02-2025T17:22:48 - [TEST_STEP][PASSED] - else: null

27-02-2025T17:22:48 - [TEST_STEP][PASSED] - if (include): null

27-02-2025T17:22:48 - [TEST_STEP][PASSED] - println(line): null

27-02-2025T17:22:48 - [TEST_STEP][PASSED] - comma = line.indexOf(",y"): null

27-02-2025T17:22:48 - [TEST_STEP][PASSED] - if (comma > 0): null

27-02-2025T17:22:48 - [TEST_STEP][PASSED] - line = reader.readLine(): null

27-02-2025T17:22:48 - [TEST_STEP][PASSED] - println(line): null

27-02-2025T17:22:48 - [TEST_STEP][PASSED] - group = line.indexOf("<Group>"): null

27-02-2025T17:22:48 - [TEST_STEP][PASSED] - println(group): null

27-02-2025T17:22:48 - [TEST_STEP][PASSED] - if (group >= 0): null

27-02-2025T17:22:48 - [TEST_STEP][PASSED] - else: null

27-02-2025T17:22:48 - [TEST_STEP][PASSED] - if (include): null

27-02-2025T17:22:48 - [TEST_STEP][PASSED] - println(line): null

27-02-2025T17:22:48 - [TEST_STEP][PASSED] - comma = line.indexOf(",y"): null

27-02-2025T17:22:48 - [TEST_STEP][PASSED] - if (comma > 0): null

27-02-2025T17:22:48 - [TEST_STEP][PASSED] - line = reader.readLine(): null

27-02-2025T17:22:48 - [TEST_STEP][PASSED] - println(line): null

27-02-2025T17:22:48 - [TEST_STEP][PASSED] - group = line.indexOf("<Group>"): null

27-02-2025T17:22:48 - [TEST_STEP][PASSED] - println(group): null

27-02-2025T17:22:48 - [TEST_STEP][PASSED] - if (group >= 0): null

27-02-2025T17:22:48 - [TEST_STEP][PASSED] - else: null

27-02-2025T17:22:48 - [TEST_STEP][PASSED] - if (include): null

27-02-2025T17:22:48 - [TEST_STEP][PASSED] - println(line): null

27-02-2025T17:22:48 - [TEST_STEP][PASSED] - comma = line.indexOf(",y"): null

27-02-2025T17:22:48 - [TEST_STEP][PASSED] - if (comma > 0): null

27-02-2025T17:22:48 - [TEST_STEP][PASSED] - line = reader.readLine(): null

27-02-2025T17:22:48 - [TEST_STEP][PASSED] - println(line): null

27-02-2025T17:22:48 - [TEST_STEP][PASSED] - group = line.indexOf("<Group>"): null

27-02-2025T17:22:48 - [TEST_STEP][PASSED] - println(group): null

27-02-2025T17:22:48 - [TEST_STEP][PASSED] - if (group >= 0): null

27-02-2025T17:22:48 - [TEST_STEP][PASSED] - else: null

27-02-2025T17:22:48 - [TEST_STEP][PASSED] - if (include): null

27-02-2025T17:22:48 - [TEST_STEP][PASSED] - println(line): null

27-02-2025T17:22:48 - [TEST_STEP][PASSED] - comma = line.indexOf(",y"): null

27-02-2025T17:22:48 - [TEST_STEP][PASSED] - if (comma > 0): null

27-02-2025T17:22:48 - [TEST_STEP][PASSED] - line = reader.readLine(): null

27-02-2025T17:22:48 - [TEST_STEP][PASSED] - println(line): null

27-02-2025T17:22:48 - [TEST_STEP][PASSED] - group = line.indexOf("<Group>"): null

27-02-2025T17:22:48 - [TEST_STEP][PASSED] - println(group): null

27-02-2025T17:22:48 - [TEST_STEP][PASSED] - if (group >= 0): null

27-02-2025T17:22:48 - [TEST_STEP][PASSED] - else: null

27-02-2025T17:22:48 - [TEST_STEP][PASSED] - if (include): null

27-02-2025T17:22:48 - [TEST_STEP][PASSED] - println(line): null

27-02-2025T17:22:52 - [TEST_STEP][PASSED] - comma = line.indexOf(",y"): null

27-02-2025T17:22:52 - [TEST_STEP][PASSED] - if (comma > 0): null

27-02-2025T17:22:52 - [TEST_STEP][PASSED] - line = reader.readLine(): null

27-02-2025T17:22:52 - [TEST_STEP][PASSED] - println(line): null

27-02-2025T17:22:52 - [TEST_STEP][PASSED] - group = line.indexOf("<Group>"): null

27-02-2025T17:22:52 - [TEST_STEP][PASSED] - println(group): null

27-02-2025T17:22:52 - [TEST_STEP][PASSED] - if (group >= 0): null

27-02-2025T17:22:52 - [TEST_STEP][PASSED] - else: null

27-02-2025T17:22:52 - [TEST_STEP][PASSED] - if (include): null

27-02-2025T17:22:52 - [TEST_STEP][PASSED] - println(line): null

27-02-2025T17:22:52 - [TEST_STEP][PASSED] - comma = line.indexOf(",y"): null

27-02-2025T17:22:52 - [TEST_STEP][PASSED] - if (comma > 0): null

27-02-2025T17:22:52 - [TEST_STEP][PASSED] - line = reader.readLine(): null

27-02-2025T17:22:52 - [TEST_STEP][PASSED] - println(line): null

27-02-2025T17:22:52 - [TEST_STEP][PASSED] - group = line.indexOf("<Group>"): null

27-02-2025T17:22:52 - [TEST_STEP][PASSED] - println(group): null

27-02-2025T17:22:52 - [TEST_STEP][PASSED] - if (group >= 0): null

27-02-2025T17:22:52 - [TEST_STEP][PASSED] - else: null

27-02-2025T17:22:52 - [TEST_STEP][PASSED] - if (include): null

27-02-2025T17:22:52 - [TEST_STEP][PASSED] - println(line): null

27-02-2025T17:22:52 - [TEST_STEP][PASSED] - comma = line.indexOf(",y"): null

27-02-2025T17:22:52 - [TEST_STEP][PASSED] - if (comma > 0): null

27-02-2025T17:22:52 - [TEST_STEP][PASSED] - line = reader.readLine(): null

27-02-2025T17:22:52 - [TEST_STEP][PASSED] - println(line): null

27-02-2025T17:22:52 - [TEST_STEP][PASSED] - group = line.indexOf("<Group>"): null

27-02-2025T17:22:52 - [TEST_STEP][PASSED] - println(group): null

27-02-2025T17:22:52 - [TEST_STEP][PASSED] - if (group >= 0): null

27-02-2025T17:22:52 - [TEST_STEP][PASSED] - else: null

27-02-2025T17:22:52 - [TEST_STEP][PASSED] - if (include): null

27-02-2025T17:22:52 - [TEST_STEP][PASSED] - println(line): null

27-02-2025T17:22:52 - [TEST_STEP][PASSED] - comma = line.indexOf(",y"): null

27-02-2025T17:22:52 - [TEST_STEP][PASSED] - if (comma > 0): null

27-02-2025T17:22:52 - [TEST_STEP][PASSED] - line = reader.readLine(): null

27-02-2025T17:22:52 - [TEST_STEP][PASSED] - println(line): null

27-02-2025T17:22:52 - [TEST_STEP][PASSED] - group = line.indexOf("<Group>"): null

27-02-2025T17:22:52 - [TEST_STEP][PASSED] - println(group): null

27-02-2025T17:22:52 - [TEST_STEP][PASSED] - if (group >= 0): null

27-02-2025T17:22:52 - [TEST_STEP][PASSED] - else: null

27-02-2025T17:22:52 - [TEST_STEP][PASSED] - if (include): null

27-02-2025T17:22:52 - [TEST_STEP][PASSED] - println(line): null

27-02-2025T17:22:52 - [TEST_STEP][PASSED] - comma = line.indexOf(",y"): null

27-02-2025T17:22:52 - [TEST_STEP][PASSED] - if (comma > 0): null

27-02-2025T17:22:52 - [TEST_STEP][PASSED] - line = reader.readLine(): null

27-02-2025T17:22:52 - [TEST_STEP][PASSED] - println(line): null

27-02-2025T17:22:52 - [TEST_STEP][PASSED] - group = line.indexOf("<Group>"): null

27-02-2025T17:22:52 - [TEST_STEP][PASSED] - println(group): null

27-02-2025T17:22:52 - [TEST_STEP][PASSED] - if (group >= 0): null

27-02-2025T17:22:52 - [TEST_STEP][PASSED] - else: null

27-02-2025T17:22:52 - [TEST_STEP][PASSED] - if (include): null

27-02-2025T17:22:52 - [TEST_STEP][PASSED] - println(line): null

27-02-2025T17:22:52 - [TEST_STEP][PASSED] - comma = line.indexOf(",y"): null

27-02-2025T17:22:52 - [TEST_STEP][PASSED] - if (comma > 0): null

27-02-2025T17:22:52 - [TEST_STEP][PASSED] - line = reader.readLine(): null

27-02-2025T17:22:52 - [TEST_STEP][PASSED] - println(line): null

27-02-2025T17:22:52 - [TEST_STEP][PASSED] - group = line.indexOf("<Group>"): null

27-02-2025T17:22:52 - [TEST_STEP][PASSED] - println(group): null

27-02-2025T17:22:52 - [TEST_STEP][PASSED] - if (group >= 0): null

27-02-2025T17:22:52 - [TEST_STEP][PASSED] - else: null

27-02-2025T17:22:52 - [TEST_STEP][PASSED] - if (include): null

27-02-2025T17:22:52 - [TEST_STEP][PASSED] - println(line): null

27-02-2025T17:22:52 - [TEST_STEP][PASSED] - comma = line.indexOf(",y"): null

27-02-2025T17:22:52 - [TEST_STEP][PASSED] - if (comma > 0): null

27-02-2025T17:22:52 - [TEST_STEP][PASSED] - line = reader.readLine(): null

27-02-2025T17:22:52 - [TEST_STEP][PASSED] - println(line): null

27-02-2025T17:22:52 - [TEST_STEP][PASSED] - group = line.indexOf("<Group>"): null

27-02-2025T17:22:52 - [TEST_STEP][PASSED] - println(group): null

27-02-2025T17:22:52 - [TEST_STEP][PASSED] - if (group >= 0): null

27-02-2025T17:22:52 - [TEST_STEP][PASSED] - else: null

27-02-2025T17:22:52 - [TEST_STEP][PASSED] - if (include): null

27-02-2025T17:22:52 - [TEST_STEP][PASSED] - println(line): null

27-02-2025T17:22:52 - [TEST_STEP][PASSED] - comma = line.indexOf(",y"): null

27-02-2025T17:22:52 - [TEST_STEP][PASSED] - if (comma > 0): null

27-02-2025T17:22:52 - [TEST_STEP][PASSED] - line = reader.readLine(): null

27-02-2025T17:22:52 - [TEST_STEP][PASSED] - println(line): null

27-02-2025T17:22:52 - [TEST_STEP][PASSED] - group = line.indexOf("<Group>"): null

27-02-2025T17:22:52 - [TEST_STEP][PASSED] - println(group): null

27-02-2025T17:22:52 - [TEST_STEP][PASSED] - if (group >= 0): null

27-02-2025T17:22:52 - [TEST_STEP][PASSED] - else: null

27-02-2025T17:22:52 - [TEST_STEP][PASSED] - if (include): null

27-02-2025T17:22:52 - [TEST_STEP][PASSED] - println(line): null

27-02-2025T17:22:52 - [TEST_STEP][PASSED] - comma = line.indexOf(",y"): null

27-02-2025T17:22:52 - [TEST_STEP][PASSED] - if (comma > 0): null

27-02-2025T17:22:52 - [TEST_STEP][PASSED] - line = reader.readLine(): null

27-02-2025T17:22:52 - [TEST_STEP][PASSED] - println(line): null

27-02-2025T17:22:52 - [TEST_STEP][PASSED] - group = line.indexOf("<Group>"): null

27-02-2025T17:22:52 - [TEST_STEP][PASSED] - println(group): null

27-02-2025T17:22:52 - [TEST_STEP][PASSED] - if (group >= 0): null

27-02-2025T17:22:52 - [TEST_STEP][PASSED] - else: null

27-02-2025T17:22:52 - [TEST_STEP][PASSED] - if (include): null

27-02-2025T17:22:52 - [TEST_STEP][PASSED] - println(line): null

27-02-2025T17:22:52 - [TEST_STEP][PASSED] - comma = line.indexOf(",y"): null

27-02-2025T17:22:52 - [TEST_STEP][PASSED] - if (comma > 0): null

27-02-2025T17:22:52 - [TEST_STEP][PASSED] - line = reader.readLine(): null

27-02-2025T17:22:52 - [TEST_STEP][PASSED] - println(line): null

27-02-2025T17:22:52 - [TEST_STEP][PASSED] - group = line.indexOf("<Group>"): null

27-02-2025T17:22:52 - [TEST_STEP][PASSED] - println(group): null

27-02-2025T17:22:52 - [TEST_STEP][PASSED] - if (group >= 0): null

27-02-2025T17:22:52 - [TEST_STEP][PASSED] - else: null

27-02-2025T17:22:52 - [TEST_STEP][PASSED] - if (include): null

27-02-2025T17:22:52 - [TEST_STEP][PASSED] - println(line): null

27-02-2025T17:22:52 - [TEST_STEP][PASSED] - comma = line.indexOf(",y"): null

27-02-2025T17:22:52 - [TEST_STEP][PASSED] - if (comma > 0): null

27-02-2025T17:22:52 - [TEST_STEP][PASSED] - line = reader.readLine(): null

27-02-2025T17:22:52 - [TEST_STEP][PASSED] - println(line): null

27-02-2025T17:22:52 - [TEST_STEP][PASSED] - group = line.indexOf("<Group>"): null

27-02-2025T17:22:52 - [TEST_STEP][PASSED] - println(group): null

27-02-2025T17:22:52 - [TEST_STEP][PASSED] - if (group >= 0): null

27-02-2025T17:22:52 - [TEST_STEP][PASSED] - else: null

27-02-2025T17:22:52 - [TEST_STEP][PASSED] - if (include): null

27-02-2025T17:22:52 - [TEST_STEP][PASSED] - println(line): null

27-02-2025T17:22:52 - [TEST_STEP][PASSED] - comma = line.indexOf(",y"): null

27-02-2025T17:22:52 - [TEST_STEP][PASSED] - if (comma > 0): null

27-02-2025T17:22:52 - [TEST_STEP][PASSED] - line = reader.readLine(): null

27-02-2025T17:22:52 - [TEST_STEP][PASSED] - println(line): null

27-02-2025T17:22:52 - [TEST_STEP][PASSED] - group = line.indexOf("<Group>"): null

27-02-2025T17:22:52 - [TEST_STEP][PASSED] - println(group): null

27-02-2025T17:22:52 - [TEST_STEP][PASSED] - if (group >= 0): null

27-02-2025T17:22:52 - [TEST_STEP][PASSED] - else: null

27-02-2025T17:22:52 - [TEST_STEP][PASSED] - if (include): null

27-02-2025T17:22:52 - [TEST_STEP][PASSED] - println(line): null

27-02-2025T17:22:52 - [TEST_STEP][PASSED] - comma = line.indexOf(",y"): null

27-02-2025T17:22:52 - [TEST_STEP][PASSED] - if (comma > 0): null

27-02-2025T17:22:52 - [TEST_STEP][PASSED] - line = reader.readLine(): null

27-02-2025T17:22:52 - [TEST_STEP][PASSED] - println(line): null

27-02-2025T17:22:52 - [TEST_STEP][PASSED] - group = line.indexOf("<Group>"): null

27-02-2025T17:22:52 - [TEST_STEP][PASSED] - println(group): null

27-02-2025T17:22:52 - [TEST_STEP][PASSED] - if (group >= 0): null

27-02-2025T17:22:52 - [TEST_STEP][PASSED] - else: null

27-02-2025T17:22:52 - [TEST_STEP][PASSED] - if (include): null

27-02-2025T17:22:52 - [TEST_STEP][PASSED] - println(line): null

27-02-2025T17:22:52 - [TEST_STEP][PASSED] - comma = line.indexOf(",y"): null

27-02-2025T17:22:52 - [TEST_STEP][PASSED] - if (comma > 0): null

27-02-2025T17:22:52 - [TEST_STEP][PASSED] - line = reader.readLine(): null

27-02-2025T17:22:52 - [TEST_STEP][PASSED] - println(line): null

27-02-2025T17:22:52 - [TEST_STEP][PASSED] - group = line.indexOf("<Group>"): null

27-02-2025T17:22:52 - [TEST_STEP][PASSED] - println(group): null

27-02-2025T17:22:52 - [TEST_STEP][PASSED] - if (group >= 0): null

27-02-2025T17:22:52 - [TEST_STEP][PASSED] - else: null

27-02-2025T17:22:52 - [TEST_STEP][PASSED] - if (include): null

27-02-2025T17:22:52 - [TEST_STEP][PASSED] - println(line): null

27-02-2025T17:22:52 - [TEST_STEP][PASSED] - comma = line.indexOf(",y"): null

27-02-2025T17:22:52 - [TEST_STEP][PASSED] - if (comma > 0): null

27-02-2025T17:22:52 - [TEST_STEP][PASSED] - line = reader.readLine(): null

27-02-2025T17:22:52 - [TEST_STEP][PASSED] - println(line): null

27-02-2025T17:22:52 - [TEST_STEP][PASSED] - group = line.indexOf("<Group>"): null

27-02-2025T17:22:52 - [TEST_STEP][PASSED] - println(group): null

27-02-2025T17:22:52 - [TEST_STEP][PASSED] - if (group >= 0): null

27-02-2025T17:22:52 - [TEST_STEP][PASSED] - else: null

27-02-2025T17:22:52 - [TEST_STEP][PASSED] - if (include): null

27-02-2025T17:22:52 - [TEST_STEP][PASSED] - println(line): null

27-02-2025T17:22:52 - [TEST_STEP][PASSED] - comma = line.indexOf(",y"): null

27-02-2025T17:22:52 - [TEST_STEP][PASSED] - if (comma > 0): null

27-02-2025T17:22:52 - [TEST_STEP][PASSED] - line = reader.readLine(): null

27-02-2025T17:22:52 - [TEST_STEP][PASSED] - println(line): null

27-02-2025T17:22:52 - [TEST_STEP][PASSED] - group = line.indexOf("<Group>"): null

27-02-2025T17:22:52 - [TEST_STEP][PASSED] - println(group): null

27-02-2025T17:22:52 - [TEST_STEP][PASSED] - if (group >= 0): null

27-02-2025T17:22:52 - [TEST_STEP][PASSED] - else: null

27-02-2025T17:22:52 - [TEST_STEP][PASSED] - if (include): null

27-02-2025T17:22:52 - [TEST_STEP][PASSED] - println(line): null

27-02-2025T17:22:52 - [TEST_STEP][PASSED] - comma = line.indexOf(",y"): null

27-02-2025T17:22:52 - [TEST_STEP][PASSED] - if (comma > 0): null

27-02-2025T17:22:52 - [TEST_STEP][PASSED] - line = reader.readLine(): null

27-02-2025T17:22:52 - [TEST_STEP][PASSED] - println(line): null

27-02-2025T17:22:52 - [TEST_STEP][PASSED] - group = line.indexOf("<Group>"): null

27-02-2025T17:22:52 - [TEST_STEP][PASSED] - println(group): null

27-02-2025T17:22:52 - [TEST_STEP][PASSED] - if (group >= 0): null

27-02-2025T17:22:52 - [TEST_STEP][PASSED] - else: null

27-02-2025T17:22:52 - [TEST_STEP][PASSED] - if (include): null

27-02-2025T17:22:52 - [TEST_STEP][PASSED] - println(line): null

27-02-2025T17:22:52 - [TEST_STEP][PASSED] - comma = line.indexOf(",y"): null

27-02-2025T17:22:52 - [TEST_STEP][PASSED] - if (comma > 0): null

27-02-2025T17:22:52 - [TEST_STEP][PASSED] - line = reader.readLine(): null

27-02-2025T17:22:52 - [TEST_STEP][PASSED] - println(line): null

27-02-2025T17:22:52 - [TEST_STEP][PASSED] - group = line.indexOf("<Group>"): null

27-02-2025T17:22:52 - [TEST_STEP][PASSED] - println(group): null

27-02-2025T17:22:52 - [TEST_STEP][PASSED] - if (group >= 0): null

27-02-2025T17:22:52 - [TEST_STEP][PASSED] - else: null

27-02-2025T17:22:52 - [TEST_STEP][PASSED] - if (include): null

27-02-2025T17:22:52 - [TEST_STEP][PASSED] - println(line): null

27-02-2025T17:22:52 - [TEST_STEP][PASSED] - comma = line.indexOf(",y"): null

27-02-2025T17:22:52 - [TEST_STEP][PASSED] - if (comma > 0): null

27-02-2025T17:22:52 - [TEST_STEP][PASSED] - line = reader.readLine(): null

27-02-2025T17:22:52 - [TEST_STEP][PASSED] - println(line): null

27-02-2025T17:22:52 - [TEST_STEP][PASSED] - group = line.indexOf("<Group>"): null

27-02-2025T17:22:52 - [TEST_STEP][PASSED] - println(group): null

27-02-2025T17:22:52 - [TEST_STEP][PASSED] - if (group >= 0): null

27-02-2025T17:22:52 - [TEST_STEP][PASSED] - else: null

27-02-2025T17:22:52 - [TEST_STEP][PASSED] - if (include): null

27-02-2025T17:22:52 - [TEST_STEP][PASSED] - println(line): null

27-02-2025T17:22:52 - [TEST_STEP][PASSED] - comma = line.indexOf(",y"): null

27-02-2025T17:22:52 - [TEST_STEP][PASSED] - if (comma > 0): null

27-02-2025T17:22:52 - [TEST_STEP][PASSED] - line = reader.readLine(): null

27-02-2025T17:22:52 - [TEST_STEP][PASSED] - println(line): null

27-02-2025T17:22:52 - [TEST_STEP][PASSED] - group = line.indexOf("<Group>"): null

27-02-2025T17:22:52 - [TEST_STEP][PASSED] - println(group): null

27-02-2025T17:22:52 - [TEST_STEP][PASSED] - if (group >= 0): null

27-02-2025T17:22:52 - [TEST_STEP][PASSED] - else: null

27-02-2025T17:22:52 - [TEST_STEP][PASSED] - if (include): null

27-02-2025T17:22:52 - [TEST_STEP][PASSED] - println(line): null

27-02-2025T17:22:52 - [TEST_STEP][PASSED] - comma = line.indexOf(",y"): null

27-02-2025T17:22:52 - [TEST_STEP][PASSED] - if (comma > 0): null

27-02-2025T17:22:52 - [TEST_STEP][PASSED] - line = reader.readLine(): null

27-02-2025T17:22:52 - [TEST_STEP][PASSED] - println(line): null

27-02-2025T17:22:52 - [TEST_STEP][PASSED] - group = line.indexOf("<Group>"): null

27-02-2025T17:22:52 - [TEST_STEP][PASSED] - println(group): null

27-02-2025T17:22:52 - [TEST_STEP][PASSED] - if (group >= 0): null

27-02-2025T17:22:52 - [TEST_STEP][PASSED] - else: null

27-02-2025T17:22:52 - [TEST_STEP][PASSED] - if (include): null

27-02-2025T17:22:52 - [TEST_STEP][PASSED] - println(line): null

27-02-2025T17:22:52 - [TEST_STEP][PASSED] - comma = line.indexOf(",y"): null

27-02-2025T17:22:52 - [TEST_STEP][PASSED] - if (comma > 0): null

27-02-2025T17:22:52 - [TEST_STEP][PASSED] - line = reader.readLine(): null

27-02-2025T17:22:52 - [TEST_STEP][PASSED] - println(line): null

27-02-2025T17:22:52 - [TEST_STEP][PASSED] - group = line.indexOf("<Group>"): null

27-02-2025T17:22:52 - [TEST_STEP][PASSED] - println(group): null

27-02-2025T17:22:52 - [TEST_STEP][PASSED] - if (group >= 0): null

27-02-2025T17:22:52 - [TEST_STEP][PASSED] - else: null

27-02-2025T17:22:52 - [TEST_STEP][PASSED] - if (include): null

27-02-2025T17:22:52 - [TEST_STEP][PASSED] - println(line): null

27-02-2025T17:22:52 - [TEST_STEP][PASSED] - comma = line.indexOf(",y"): null

27-02-2025T17:22:52 - [TEST_STEP][PASSED] - if (comma > 0): null

27-02-2025T17:22:52 - [TEST_STEP][PASSED] - commaCount = StringUtils.countMatches(line, ","): null

27-02-2025T17:22:52 - [TEST_STEP][PASSED] - if (commaCount > 1): null

27-02-2025T17:22:52 - [TEST_STEP][PASSED] - else: null

27-02-2025T17:22:52 - [TEST_STEP][PASSED] - label = line.substring(1, comma): null

27-02-2025T17:22:52 - [TEST_STEP][PASSED] - println(label): null

27-02-2025T17:22:52 - [TEST_STEP][PASSED] - checked.add(label): null

27-02-2025T17:22:52 - [TEST_STEP][PASSED] - line = reader.readLine(): null

27-02-2025T17:22:52 - [TEST_STEP][PASSED] - println(line): null

27-02-2025T17:22:52 - [TEST_STEP][PASSED] - group = line.indexOf("<Group>"): null

27-02-2025T17:22:52 - [TEST_STEP][PASSED] - println(group): null

27-02-2025T17:22:52 - [TEST_STEP][PASSED] - if (group >= 0): null

27-02-2025T17:22:52 - [TEST_STEP][PASSED] - else: null

27-02-2025T17:22:52 - [TEST_STEP][PASSED] - if (include): null

27-02-2025T17:22:52 - [TEST_STEP][PASSED] - println(line): null

27-02-2025T17:22:52 - [TEST_STEP][PASSED] - comma = line.indexOf(",y"): null

27-02-2025T17:22:52 - [TEST_STEP][PASSED] - if (comma > 0): null

27-02-2025T17:22:52 - [TEST_STEP][PASSED] - line = reader.readLine(): null

27-02-2025T17:22:52 - [TEST_STEP][PASSED] - println(line): null

27-02-2025T17:22:52 - [TEST_STEP][PASSED] - group = line.indexOf("<Group>"): null

27-02-2025T17:22:52 - [TEST_STEP][PASSED] - println(group): null

27-02-2025T17:22:52 - [TEST_STEP][PASSED] - if (group >= 0): null

27-02-2025T17:22:52 - [TEST_STEP][PASSED] - else: null

27-02-2025T17:22:52 - [TEST_STEP][PASSED] - if (include): null

27-02-2025T17:22:52 - [TEST_STEP][PASSED] - println(line): null

27-02-2025T17:22:52 - [TEST_STEP][PASSED] - comma = line.indexOf(",y"): null

27-02-2025T17:22:52 - [TEST_STEP][PASSED] - if (comma > 0): null

27-02-2025T17:22:52 - [TEST_STEP][PASSED] - line = reader.readLine(): null

27-02-2025T17:22:52 - [TEST_STEP][PASSED] - println(line): null

27-02-2025T17:22:52 - [TEST_STEP][PASSED] - group = line.indexOf("<Group>"): null

27-02-2025T17:22:52 - [TEST_STEP][PASSED] - println(group): null

27-02-2025T17:22:52 - [TEST_STEP][PASSED] - if (group >= 0): null

27-02-2025T17:22:52 - [TEST_STEP][PASSED] - else: null

27-02-2025T17:22:52 - [TEST_STEP][PASSED] - if (include): null

27-02-2025T17:22:52 - [TEST_STEP][PASSED] - println(line): null

27-02-2025T17:22:52 - [TEST_STEP][PASSED] - comma = line.indexOf(",y"): null

27-02-2025T17:22:52 - [TEST_STEP][PASSED] - if (comma > 0): null

27-02-2025T17:22:52 - [TEST_STEP][PASSED] - line = reader.readLine(): null

27-02-2025T17:22:52 - [TEST_STEP][PASSED] - println(line): null

27-02-2025T17:22:52 - [TEST_STEP][PASSED] - group = line.indexOf("<Group>"): null

27-02-2025T17:22:52 - [TEST_STEP][PASSED] - println(group): null

27-02-2025T17:22:52 - [TEST_STEP][PASSED] - if (group >= 0): null

27-02-2025T17:22:52 - [TEST_STEP][PASSED] - else: null

27-02-2025T17:22:52 - [TEST_STEP][PASSED] - if (include): null

27-02-2025T17:22:52 - [TEST_STEP][PASSED] - println(line): null

27-02-2025T17:22:52 - [TEST_STEP][PASSED] - comma = line.indexOf(",y"): null

27-02-2025T17:22:52 - [TEST_STEP][PASSED] - if (comma > 0): null

27-02-2025T17:22:52 - [TEST_STEP][PASSED] - line = reader.readLine(): null

27-02-2025T17:22:52 - [TEST_STEP][PASSED] - println(line): null

27-02-2025T17:22:52 - [TEST_STEP][PASSED] - group = line.indexOf("<Group>"): null

27-02-2025T17:22:52 - [TEST_STEP][PASSED] - println(group): null

27-02-2025T17:22:52 - [TEST_STEP][PASSED] - if (group >= 0): null

27-02-2025T17:22:52 - [TEST_STEP][PASSED] - else: null

27-02-2025T17:22:52 - [TEST_STEP][PASSED] - if (include): null

27-02-2025T17:22:52 - [TEST_STEP][PASSED] - println(line): null

27-02-2025T17:22:52 - [TEST_STEP][PASSED] - comma = line.indexOf(",y"): null

27-02-2025T17:22:52 - [TEST_STEP][PASSED] - if (comma > 0): null

27-02-2025T17:22:52 - [TEST_STEP][PASSED] - line = reader.readLine(): null

27-02-2025T17:22:52 - [TEST_STEP][PASSED] - println(line): null

27-02-2025T17:22:52 - [TEST_STEP][PASSED] - group = line.indexOf("<Group>"): null

27-02-2025T17:22:52 - [TEST_STEP][PASSED] - println(group): null

27-02-2025T17:22:52 - [TEST_STEP][PASSED] - if (group >= 0): null

27-02-2025T17:22:52 - [TEST_STEP][PASSED] - else: null

27-02-2025T17:22:52 - [TEST_STEP][PASSED] - if (include): null

27-02-2025T17:22:52 - [TEST_STEP][PASSED] - println(line): null

27-02-2025T17:22:52 - [TEST_STEP][PASSED] - comma = line.indexOf(",y"): null

27-02-2025T17:22:52 - [TEST_STEP][PASSED] - if (comma > 0): null

27-02-2025T17:22:52 - [TEST_STEP][PASSED] - commaCount = StringUtils.countMatches(line, ","): null

27-02-2025T17:22:58 - [TEST_STEP][PASSED] - if (commaCount > 1): null

27-02-2025T17:22:58 - [TEST_STEP][PASSED] - else: null

27-02-2025T17:22:58 - [TEST_STEP][PASSED] - label = line.substring(1, comma): null

27-02-2025T17:22:58 - [TEST_STEP][PASSED] - println(label): null

27-02-2025T17:22:58 - [TEST_STEP][PASSED] - checked.add(label): null

27-02-2025T17:22:58 - [TEST_STEP][PASSED] - line = reader.readLine(): null

27-02-2025T17:22:58 - [TEST_STEP][PASSED] - println(line): null

27-02-2025T17:22:58 - [TEST_STEP][PASSED] - group = line.indexOf("<Group>"): null

27-02-2025T17:22:58 - [TEST_STEP][PASSED] - println(group): null

27-02-2025T17:22:58 - [TEST_STEP][PASSED] - if (group >= 0): null

27-02-2025T17:22:58 - [TEST_STEP][PASSED] - else: null

27-02-2025T17:22:58 - [TEST_STEP][PASSED] - if (include): null

27-02-2025T17:22:58 - [TEST_STEP][PASSED] - println(line): null

27-02-2025T17:22:58 - [TEST_STEP][PASSED] - comma = line.indexOf(",y"): null

27-02-2025T17:22:58 - [TEST_STEP][PASSED] - if (comma > 0): null

27-02-2025T17:22:58 - [TEST_STEP][PASSED] - line = reader.readLine(): null

27-02-2025T17:22:58 - [TEST_STEP][PASSED] - println(line): null

27-02-2025T17:22:58 - [TEST_STEP][PASSED] - group = line.indexOf("<Group>"): null

27-02-2025T17:22:58 - [TEST_STEP][PASSED] - println(group): null

27-02-2025T17:22:58 - [TEST_STEP][PASSED] - if (group >= 0): null

27-02-2025T17:22:58 - [TEST_STEP][PASSED] - else: null

27-02-2025T17:22:58 - [TEST_STEP][PASSED] - if (include): null

27-02-2025T17:22:58 - [TEST_STEP][PASSED] - println(line): null

27-02-2025T17:22:58 - [TEST_STEP][PASSED] - comma = line.indexOf(",y"): null

27-02-2025T17:22:58 - [TEST_STEP][PASSED] - if (comma > 0): null

27-02-2025T17:22:58 - [TEST_STEP][PASSED] - line = reader.readLine(): null

27-02-2025T17:22:58 - [TEST_STEP][PASSED] - println(line): null

27-02-2025T17:22:58 - [TEST_STEP][PASSED] - group = line.indexOf("<Group>"): null

27-02-2025T17:22:58 - [TEST_STEP][PASSED] - println(group): null

27-02-2025T17:22:58 - [TEST_STEP][PASSED] - if (group >= 0): null

27-02-2025T17:22:58 - [TEST_STEP][PASSED] - else: null

27-02-2025T17:22:58 - [TEST_STEP][PASSED] - if (include): null

27-02-2025T17:22:58 - [TEST_STEP][PASSED] - println(line): null

27-02-2025T17:22:58 - [TEST_STEP][PASSED] - comma = line.indexOf(",y"): null

27-02-2025T17:22:58 - [TEST_STEP][PASSED] - if (comma > 0): null

27-02-2025T17:22:58 - [TEST_STEP][PASSED] - line = reader.readLine(): null

27-02-2025T17:22:58 - [TEST_STEP][PASSED] - println(line): null

27-02-2025T17:22:58 - [TEST_STEP][PASSED] - group = line.indexOf("<Group>"): null

27-02-2025T17:22:58 - [TEST_STEP][PASSED] - println(group): null

27-02-2025T17:22:58 - [TEST_STEP][PASSED] - if (group >= 0): null

27-02-2025T17:22:58 - [TEST_STEP][PASSED] - else: null

27-02-2025T17:22:58 - [TEST_STEP][PASSED] - if (include): null

27-02-2025T17:22:58 - [TEST_STEP][PASSED] - println(line): null

27-02-2025T17:22:58 - [TEST_STEP][PASSED] - comma = line.indexOf(",y"): null

27-02-2025T17:22:58 - [TEST_STEP][PASSED] - if (comma > 0): null

27-02-2025T17:22:58 - [TEST_STEP][PASSED] - line = reader.readLine(): null

27-02-2025T17:22:58 - [TEST_STEP][PASSED] - println(line): null

27-02-2025T17:22:58 - [TEST_STEP][PASSED] - group = line.indexOf("<Group>"): null

27-02-2025T17:22:58 - [TEST_STEP][PASSED] - println(group): null

27-02-2025T17:22:58 - [TEST_STEP][PASSED] - if (group >= 0): null

27-02-2025T17:22:58 - [TEST_STEP][PASSED] - else: null

27-02-2025T17:22:58 - [TEST_STEP][PASSED] - if (include): null

27-02-2025T17:22:58 - [TEST_STEP][PASSED] - println(line): null

27-02-2025T17:22:58 - [TEST_STEP][PASSED] - comma = line.indexOf(",y"): null

27-02-2025T17:22:58 - [TEST_STEP][PASSED] - if (comma > 0): null

27-02-2025T17:22:58 - [TEST_STEP][PASSED] - line = reader.readLine(): null

27-02-2025T17:22:58 - [TEST_STEP][PASSED] - println(line): null

27-02-2025T17:22:58 - [TEST_STEP][PASSED] - group = line.indexOf("<Group>"): null

27-02-2025T17:22:58 - [TEST_STEP][PASSED] - println(group): null

27-02-2025T17:22:58 - [TEST_STEP][PASSED] - if (group >= 0): null

27-02-2025T17:22:58 - [TEST_STEP][PASSED] - else: null

27-02-2025T17:22:58 - [TEST_STEP][PASSED] - if (include): null

27-02-2025T17:22:58 - [TEST_STEP][PASSED] - println(line): null

27-02-2025T17:22:58 - [TEST_STEP][PASSED] - comma = line.indexOf(",y"): null

27-02-2025T17:22:58 - [TEST_STEP][PASSED] - if (comma > 0): null

27-02-2025T17:22:58 - [TEST_STEP][PASSED] - line = reader.readLine(): null

27-02-2025T17:22:58 - [TEST_STEP][PASSED] - println(line): null

27-02-2025T17:22:58 - [TEST_STEP][PASSED] - group = line.indexOf("<Group>"): null

27-02-2025T17:22:58 - [TEST_STEP][PASSED] - println(group): null

27-02-2025T17:22:58 - [TEST_STEP][PASSED] - if (group >= 0): null

27-02-2025T17:22:58 - [TEST_STEP][PASSED] - else: null

27-02-2025T17:22:58 - [TEST_STEP][PASSED] - if (include): null

27-02-2025T17:22:58 - [TEST_STEP][PASSED] - println(line): null

27-02-2025T17:22:58 - [TEST_STEP][PASSED] - comma = line.indexOf(",y"): null

27-02-2025T17:22:58 - [TEST_STEP][PASSED] - if (comma > 0): null

27-02-2025T17:22:58 - [TEST_STEP][PASSED] - line = reader.readLine(): null

27-02-2025T17:22:58 - [TEST_STEP][PASSED] - println(line): null

27-02-2025T17:22:58 - [TEST_STEP][PASSED] - group = line.indexOf("<Group>"): null

27-02-2025T17:22:58 - [TEST_STEP][PASSED] - println(group): null

27-02-2025T17:22:58 - [TEST_STEP][PASSED] - if (group >= 0): null

27-02-2025T17:22:58 - [TEST_STEP][PASSED] - else: null

27-02-2025T17:22:58 - [TEST_STEP][PASSED] - if (include): null

27-02-2025T17:22:58 - [TEST_STEP][PASSED] - println(line): null

27-02-2025T17:22:58 - [TEST_STEP][PASSED] - comma = line.indexOf(",y"): null

27-02-2025T17:22:58 - [TEST_STEP][PASSED] - if (comma > 0): null

27-02-2025T17:22:58 - [TEST_STEP][PASSED] - line = reader.readLine(): null

27-02-2025T17:22:58 - [TEST_STEP][PASSED] - println(line): null

27-02-2025T17:22:58 - [TEST_STEP][PASSED] - group = line.indexOf("<Group>"): null

27-02-2025T17:22:58 - [TEST_STEP][PASSED] - println(group): null

27-02-2025T17:22:58 - [TEST_STEP][PASSED] - if (group >= 0): null

27-02-2025T17:22:58 - [TEST_STEP][PASSED] - else: null

27-02-2025T17:22:58 - [TEST_STEP][PASSED] - if (include): null

27-02-2025T17:22:58 - [TEST_STEP][PASSED] - println(line): null

27-02-2025T17:22:58 - [TEST_STEP][PASSED] - comma = line.indexOf(",y"): null

27-02-2025T17:22:58 - [TEST_STEP][PASSED] - if (comma > 0): null

27-02-2025T17:22:58 - [TEST_STEP][PASSED] - line = reader.readLine(): null

27-02-2025T17:22:58 - [TEST_STEP][PASSED] - println(line): null

27-02-2025T17:22:58 - [TEST_STEP][PASSED] - group = line.indexOf("<Group>"): null

27-02-2025T17:22:58 - [TEST_STEP][PASSED] - println(group): null

27-02-2025T17:22:58 - [TEST_STEP][PASSED] - if (group >= 0): null

27-02-2025T17:22:58 - [TEST_STEP][PASSED] - else: null

27-02-2025T17:22:58 - [TEST_STEP][PASSED] - if (include): null

27-02-2025T17:22:58 - [TEST_STEP][PASSED] - println(line): null

27-02-2025T17:22:58 - [TEST_STEP][PASSED] - comma = line.indexOf(",y"): null

27-02-2025T17:22:58 - [TEST_STEP][PASSED] - if (comma > 0): null

27-02-2025T17:22:58 - [TEST_STEP][PASSED] - line = reader.readLine(): null

27-02-2025T17:22:58 - [TEST_STEP][PASSED] - println(line): null

27-02-2025T17:22:58 - [TEST_STEP][PASSED] - group = line.indexOf("<Group>"): null

27-02-2025T17:22:58 - [TEST_STEP][PASSED] - println(group): null

27-02-2025T17:22:58 - [TEST_STEP][PASSED] - if (group >= 0): null

27-02-2025T17:22:58 - [TEST_STEP][PASSED] - else: null

27-02-2025T17:22:58 - [TEST_STEP][PASSED] - if (include): null

27-02-2025T17:22:58 - [TEST_STEP][PASSED] - println(line): null

27-02-2025T17:22:58 - [TEST_STEP][PASSED] - comma = line.indexOf(",y"): null

27-02-2025T17:22:58 - [TEST_STEP][PASSED] - if (comma > 0): null

27-02-2025T17:22:58 - [TEST_STEP][PASSED] - line = reader.readLine(): null

27-02-2025T17:22:58 - [TEST_STEP][PASSED] - println(line): null

27-02-2025T17:22:58 - [TEST_STEP][PASSED] - group = line.indexOf("<Group>"): null

27-02-2025T17:22:58 - [TEST_STEP][PASSED] - println(group): null

27-02-2025T17:22:58 - [TEST_STEP][PASSED] - if (group >= 0): null

27-02-2025T17:22:58 - [TEST_STEP][PASSED] - else: null

27-02-2025T17:22:58 - [TEST_STEP][PASSED] - if (include): null

27-02-2025T17:22:58 - [TEST_STEP][PASSED] - println(line): null

27-02-2025T17:22:58 - [TEST_STEP][PASSED] - comma = line.indexOf(",y"): null

27-02-2025T17:22:58 - [TEST_STEP][PASSED] - if (comma > 0): null

27-02-2025T17:22:58 - [TEST_STEP][PASSED] - line = reader.readLine(): null

27-02-2025T17:22:58 - [TEST_STEP][PASSED] - println(line): null

27-02-2025T17:22:58 - [TEST_STEP][PASSED] - group = line.indexOf("<Group>"): null

27-02-2025T17:22:58 - [TEST_STEP][PASSED] - println(group): null

27-02-2025T17:22:58 - [TEST_STEP][PASSED] - if (group >= 0): null

27-02-2025T17:22:58 - [TEST_STEP][PASSED] - else: null

27-02-2025T17:22:58 - [TEST_STEP][PASSED] - if (include): null

27-02-2025T17:22:58 - [TEST_STEP][PASSED] - println(line): null

27-02-2025T17:22:58 - [TEST_STEP][PASSED] - comma = line.indexOf(",y"): null

27-02-2025T17:22:58 - [TEST_STEP][PASSED] - if (comma > 0): null

27-02-2025T17:22:58 - [TEST_STEP][PASSED] - line = reader.readLine(): null

27-02-2025T17:22:58 - [TEST_STEP][PASSED] - println(line): null

27-02-2025T17:22:58 - [TEST_STEP][PASSED] - group = line.indexOf("<Group>"): null

27-02-2025T17:22:58 - [TEST_STEP][PASSED] - println(group): null

27-02-2025T17:22:58 - [TEST_STEP][PASSED] - if (group >= 0): null

27-02-2025T17:22:58 - [TEST_STEP][PASSED] - else: null

27-02-2025T17:22:58 - [TEST_STEP][PASSED] - if (include): null

27-02-2025T17:22:58 - [TEST_STEP][PASSED] - println(line): null

27-02-2025T17:22:58 - [TEST_STEP][PASSED] - comma = line.indexOf(",y"): null

27-02-2025T17:22:58 - [TEST_STEP][PASSED] - if (comma > 0): null

27-02-2025T17:22:58 - [TEST_STEP][PASSED] - line = reader.readLine(): null

27-02-2025T17:22:58 - [TEST_STEP][PASSED] - println(line): null

27-02-2025T17:22:58 - [TEST_STEP][PASSED] - group = line.indexOf("<Group>"): null

27-02-2025T17:22:58 - [TEST_STEP][PASSED] - println(group): null

27-02-2025T17:22:58 - [TEST_STEP][PASSED] - if (group >= 0): null

27-02-2025T17:22:58 - [TEST_STEP][PASSED] - else: null

27-02-2025T17:22:58 - [TEST_STEP][PASSED] - if (include): null

27-02-2025T17:22:58 - [TEST_STEP][PASSED] - println(line): null

27-02-2025T17:22:58 - [TEST_STEP][PASSED] - comma = line.indexOf(",y"): null

27-02-2025T17:22:58 - [TEST_STEP][PASSED] - if (comma > 0): null

27-02-2025T17:22:58 - [TEST_STEP][PASSED] - line = reader.readLine(): null

27-02-2025T17:22:58 - [TEST_STEP][PASSED] - println(line): null

27-02-2025T17:22:58 - [TEST_STEP][PASSED] - group = line.indexOf("<Group>"): null

27-02-2025T17:22:58 - [TEST_STEP][PASSED] - println(group): null

27-02-2025T17:22:58 - [TEST_STEP][PASSED] - if (group >= 0): null

27-02-2025T17:22:58 - [TEST_STEP][PASSED] - else: null

27-02-2025T17:22:58 - [TEST_STEP][PASSED] - if (include): null

27-02-2025T17:22:58 - [TEST_STEP][PASSED] - println(line): null

27-02-2025T17:22:58 - [TEST_STEP][PASSED] - comma = line.indexOf(",y"): null

27-02-2025T17:22:58 - [TEST_STEP][PASSED] - if (comma > 0): null

27-02-2025T17:22:58 - [TEST_STEP][PASSED] - line = reader.readLine(): null

27-02-2025T17:22:58 - [TEST_STEP][PASSED] - println(line): null

27-02-2025T17:22:58 - [TEST_STEP][PASSED] - group = line.indexOf("<Group>"): null

27-02-2025T17:22:58 - [TEST_STEP][PASSED] - println(group): null

27-02-2025T17:22:58 - [TEST_STEP][PASSED] - if (group >= 0): null

27-02-2025T17:22:58 - [TEST_STEP][PASSED] - else: null

27-02-2025T17:22:58 - [TEST_STEP][PASSED] - if (include): null

27-02-2025T17:22:58 - [TEST_STEP][PASSED] - println(line): null

27-02-2025T17:22:58 - [TEST_STEP][PASSED] - comma = line.indexOf(",y"): null

27-02-2025T17:22:58 - [TEST_STEP][PASSED] - if (comma > 0): null

27-02-2025T17:22:58 - [TEST_STEP][PASSED] - line = reader.readLine(): null

27-02-2025T17:22:58 - [TEST_STEP][PASSED] - println(line): null

27-02-2025T17:22:58 - [TEST_STEP][PASSED] - group = line.indexOf("<Group>"): null

27-02-2025T17:22:58 - [TEST_STEP][PASSED] - println(group): null

27-02-2025T17:22:58 - [TEST_STEP][PASSED] - if (group >= 0): null

27-02-2025T17:22:58 - [TEST_STEP][PASSED] - else: null

27-02-2025T17:22:58 - [TEST_STEP][PASSED] - if (include): null

27-02-2025T17:22:58 - [TEST_STEP][PASSED] - println(line): null

27-02-2025T17:22:58 - [TEST_STEP][PASSED] - comma = line.indexOf(",y"): null

27-02-2025T17:22:58 - [TEST_STEP][PASSED] - if (comma > 0): null

27-02-2025T17:22:58 - [TEST_STEP][PASSED] - line = reader.readLine(): null

27-02-2025T17:22:58 - [TEST_STEP][PASSED] - println(line): null

27-02-2025T17:22:58 - [TEST_STEP][PASSED] - group = line.indexOf("<Group>"): null

27-02-2025T17:22:58 - [TEST_STEP][PASSED] - println(group): null

27-02-2025T17:22:58 - [TEST_STEP][PASSED] - if (group >= 0): null

27-02-2025T17:22:58 - [TEST_STEP][PASSED] - else: null

27-02-2025T17:22:58 - [TEST_STEP][PASSED] - if (include): null

27-02-2025T17:22:58 - [TEST_STEP][PASSED] - println(line): null

27-02-2025T17:22:58 - [TEST_STEP][PASSED] - comma = line.indexOf(",y"): null

27-02-2025T17:22:58 - [TEST_STEP][PASSED] - if (comma > 0): null

27-02-2025T17:22:58 - [TEST_STEP][PASSED] - line = reader.readLine(): null

27-02-2025T17:22:58 - [TEST_STEP][PASSED] - println(line): null

27-02-2025T17:22:58 - [TEST_STEP][PASSED] - group = line.indexOf("<Group>"): null

27-02-2025T17:22:58 - [TEST_STEP][PASSED] - println(group): null

27-02-2025T17:22:58 - [TEST_STEP][PASSED] - if (group >= 0): null

27-02-2025T17:22:58 - [TEST_STEP][PASSED] - else: null

27-02-2025T17:22:58 - [TEST_STEP][PASSED] - if (include): null

27-02-2025T17:22:58 - [TEST_STEP][PASSED] - println(line): null

27-02-2025T17:22:58 - [TEST_STEP][PASSED] - comma = line.indexOf(",y"): null

27-02-2025T17:22:58 - [TEST_STEP][PASSED] - if (comma > 0): null

27-02-2025T17:22:58 - [TEST_STEP][PASSED] - line = reader.readLine(): null

27-02-2025T17:22:58 - [TEST_STEP][PASSED] - println(line): null

27-02-2025T17:22:58 - [TEST_STEP][PASSED] - group = line.indexOf("<Group>"): null

27-02-2025T17:22:58 - [TEST_STEP][PASSED] - println(group): null

27-02-2025T17:22:58 - [TEST_STEP][PASSED] - if (group >= 0): null

27-02-2025T17:22:58 - [TEST_STEP][PASSED] - else: null

27-02-2025T17:22:58 - [TEST_STEP][PASSED] - if (include): null

27-02-2025T17:22:58 - [TEST_STEP][PASSED] - println(line): null

27-02-2025T17:22:58 - [TEST_STEP][PASSED] - comma = line.indexOf(",y"): null

27-02-2025T17:22:58 - [TEST_STEP][PASSED] - if (comma > 0): null

27-02-2025T17:22:58 - [TEST_STEP][PASSED] - line = reader.readLine(): null

27-02-2025T17:22:58 - [TEST_STEP][PASSED] - println(line): null

27-02-2025T17:22:58 - [TEST_STEP][PASSED] - group = line.indexOf("<Group>"): null

27-02-2025T17:22:58 - [TEST_STEP][PASSED] - println(group): null

27-02-2025T17:22:58 - [TEST_STEP][PASSED] - if (group >= 0): null

27-02-2025T17:22:58 - [TEST_STEP][PASSED] - else: null

27-02-2025T17:22:58 - [TEST_STEP][PASSED] - if (include): null

27-02-2025T17:22:58 - [TEST_STEP][PASSED] - println(line): null

27-02-2025T17:22:58 - [TEST_STEP][PASSED] - comma = line.indexOf(",y"): null

27-02-2025T17:22:58 - [TEST_STEP][PASSED] - if (comma > 0): null

27-02-2025T17:22:58 - [TEST_STEP][PASSED] - line = reader.readLine(): null

27-02-2025T17:22:58 - [TEST_STEP][PASSED] - println(line): null

27-02-2025T17:22:58 - [TEST_STEP][PASSED] - group = line.indexOf("<Group>"): null

27-02-2025T17:22:58 - [TEST_STEP][PASSED] - println(group): null

27-02-2025T17:22:58 - [TEST_STEP][PASSED] - if (group >= 0): null

27-02-2025T17:22:58 - [TEST_STEP][PASSED] - else: null

27-02-2025T17:22:58 - [TEST_STEP][PASSED] - if (include): null

27-02-2025T17:22:58 - [TEST_STEP][PASSED] - println(line): null

27-02-2025T17:22:58 - [TEST_STEP][PASSED] - comma = line.indexOf(",y"): null

27-02-2025T17:22:58 - [TEST_STEP][PASSED] - if (comma > 0): null

27-02-2025T17:22:58 - [TEST_STEP][PASSED] - line = reader.readLine(): null

27-02-2025T17:22:58 - [TEST_STEP][PASSED] - println(line): null

27-02-2025T17:22:58 - [TEST_STEP][PASSED] - group = line.indexOf("<Group>"): null

27-02-2025T17:22:58 - [TEST_STEP][PASSED] - println(group): null

27-02-2025T17:22:58 - [TEST_STEP][PASSED] - if (group >= 0): null

27-02-2025T17:22:58 - [TEST_STEP][PASSED] - else: null

27-02-2025T17:22:58 - [TEST_STEP][PASSED] - if (include): null

27-02-2025T17:22:58 - [TEST_STEP][PASSED] - println(line): null

27-02-2025T17:22:58 - [TEST_STEP][PASSED] - comma = line.indexOf(",y"): null

27-02-2025T17:22:58 - [TEST_STEP][PASSED] - if (comma > 0): null

27-02-2025T17:22:58 - [TEST_STEP][PASSED] - line = reader.readLine(): null

27-02-2025T17:22:58 - [TEST_STEP][PASSED] - println(line): null

27-02-2025T17:22:58 - [TEST_STEP][PASSED] - group = line.indexOf("<Group>"): null

27-02-2025T17:22:58 - [TEST_STEP][PASSED] - println(group): null

27-02-2025T17:22:58 - [TEST_STEP][PASSED] - if (group >= 0): null

27-02-2025T17:22:58 - [TEST_STEP][PASSED] - else: null

27-02-2025T17:22:58 - [TEST_STEP][PASSED] - if (include): null

27-02-2025T17:22:58 - [TEST_STEP][PASSED] - println(line): null

27-02-2025T17:22:58 - [TEST_STEP][PASSED] - comma = line.indexOf(",y"): null

27-02-2025T17:22:58 - [TEST_STEP][PASSED] - if (comma > 0): null

27-02-2025T17:22:58 - [TEST_STEP][PASSED] - line = reader.readLine(): null

27-02-2025T17:22:58 - [TEST_STEP][PASSED] - println(line): null

27-02-2025T17:22:58 - [TEST_STEP][PASSED] - group = line.indexOf("<Group>"): null

27-02-2025T17:22:58 - [TEST_STEP][PASSED] - println(group): null

27-02-2025T17:22:58 - [TEST_STEP][PASSED] - if (group >= 0): null

27-02-2025T17:22:58 - [TEST_STEP][PASSED] - else: null

27-02-2025T17:22:58 - [TEST_STEP][PASSED] - if (include): null

27-02-2025T17:22:58 - [TEST_STEP][PASSED] - println(line): null

27-02-2025T17:22:58 - [TEST_STEP][PASSED] - comma = line.indexOf(",y"): null

27-02-2025T17:22:58 - [TEST_STEP][PASSED] - if (comma > 0): null

27-02-2025T17:22:58 - [TEST_STEP][PASSED] - line = reader.readLine(): null

27-02-2025T17:22:58 - [TEST_STEP][PASSED] - println(line): null

27-02-2025T17:22:58 - [TEST_STEP][PASSED] - group = line.indexOf("<Group>"): null

27-02-2025T17:22:58 - [TEST_STEP][PASSED] - println(group): null

27-02-2025T17:22:58 - [TEST_STEP][PASSED] - if (group >= 0): null

27-02-2025T17:22:58 - [TEST_STEP][PASSED] - else: null

27-02-2025T17:22:58 - [TEST_STEP][PASSED] - if (include): null

27-02-2025T17:22:58 - [TEST_STEP][PASSED] - println(line): null

27-02-2025T17:22:58 - [TEST_STEP][PASSED] - comma = line.indexOf(",y"): null

27-02-2025T17:22:58 - [TEST_STEP][PASSED] - if (comma > 0): null

27-02-2025T17:22:58 - [TEST_STEP][PASSED] - line = reader.readLine(): null

27-02-2025T17:22:58 - [TEST_STEP][PASSED] - println(line): null

27-02-2025T17:22:58 - [TEST_STEP][PASSED] - group = line.indexOf("<Group>"): null

27-02-2025T17:22:58 - [TEST_STEP][PASSED] - println(group): null

27-02-2025T17:22:58 - [TEST_STEP][PASSED] - if (group >= 0): null

27-02-2025T17:22:58 - [TEST_STEP][PASSED] - else: null

27-02-2025T17:22:58 - [TEST_STEP][PASSED] - if (include): null

27-02-2025T17:22:58 - [TEST_STEP][PASSED] - println(line): null

27-02-2025T17:22:58 - [TEST_STEP][PASSED] - comma = line.indexOf(",y"): null

27-02-2025T17:22:58 - [TEST_STEP][PASSED] - if (comma > 0): null

27-02-2025T17:22:58 - [TEST_STEP][PASSED] - line = reader.readLine(): null

27-02-2025T17:22:58 - [TEST_STEP][PASSED] - println(line): null

27-02-2025T17:22:58 - [TEST_STEP][PASSED] - group = line.indexOf("<Group>"): null

27-02-2025T17:22:58 - [TEST_STEP][PASSED] - println(group): null

27-02-2025T17:22:58 - [TEST_STEP][PASSED] - if (group >= 0): null

27-02-2025T17:22:58 - [TEST_STEP][PASSED] - else: null

27-02-2025T17:22:58 - [TEST_STEP][PASSED] - if (include): null

27-02-2025T17:22:58 - [TEST_STEP][PASSED] - println(line): null

27-02-2025T17:22:58 - [TEST_STEP][PASSED] - comma = line.indexOf(",y"): null

27-02-2025T17:22:58 - [TEST_STEP][PASSED] - if (comma > 0): null

27-02-2025T17:22:58 - [TEST_STEP][PASSED] - line = reader.readLine(): null

27-02-2025T17:22:58 - [TEST_STEP][PASSED] - println(line): null

27-02-2025T17:23:03 - [TEST_STEP][PASSED] - group = line.indexOf("<Group>"): null

27-02-2025T17:23:03 - [TEST_STEP][PASSED] - println(group): null

27-02-2025T17:23:03 - [TEST_STEP][PASSED] - if (group >= 0): null

27-02-2025T17:23:03 - [TEST_STEP][PASSED] - else: null

27-02-2025T17:23:03 - [TEST_STEP][PASSED] - if (include): null

27-02-2025T17:23:03 - [TEST_STEP][PASSED] - println(line): null

27-02-2025T17:23:03 - [TEST_STEP][PASSED] - comma = line.indexOf(",y"): null

27-02-2025T17:23:03 - [TEST_STEP][PASSED] - if (comma > 0): null

27-02-2025T17:23:03 - [TEST_STEP][PASSED] - line = reader.readLine(): null

27-02-2025T17:23:05 - [TEST_STEP][PASSED] - println(line): null

27-02-2025T17:23:05 - [TEST_STEP][PASSED] - group = line.indexOf("<Group>"): null

27-02-2025T17:23:05 - [TEST_STEP][PASSED] - println(group): null

27-02-2025T17:23:05 - [TEST_STEP][PASSED] - if (group >= 0): null

27-02-2025T17:23:05 - [TEST_STEP][PASSED] - else: null

27-02-2025T17:23:05 - [TEST_STEP][PASSED] - if (include): null

27-02-2025T17:23:05 - [TEST_STEP][PASSED] - println(line): null

27-02-2025T17:23:05 - [TEST_STEP][PASSED] - comma = line.indexOf(",y"): null

27-02-2025T17:23:05 - [TEST_STEP][PASSED] - if (comma > 0): null

27-02-2025T17:23:05 - [TEST_STEP][PASSED] - line = reader.readLine(): null

27-02-2025T17:23:05 - [TEST_STEP][PASSED] - println(line): null

27-02-2025T17:23:05 - [TEST_STEP][PASSED] - group = line.indexOf("<Group>"): null

27-02-2025T17:23:05 - [TEST_STEP][PASSED] - println(group): null

27-02-2025T17:23:05 - [TEST_STEP][PASSED] - if (group >= 0): null

27-02-2025T17:23:05 - [TEST_STEP][PASSED] - else: null

27-02-2025T17:23:05 - [TEST_STEP][PASSED] - if (include): null

27-02-2025T17:23:05 - [TEST_STEP][PASSED] - println(line): null

27-02-2025T17:23:05 - [TEST_STEP][PASSED] - comma = line.indexOf(",y"): null

27-02-2025T17:23:05 - [TEST_STEP][PASSED] - if (comma > 0): null

27-02-2025T17:23:05 - [TEST_STEP][PASSED] - line = reader.readLine(): null

27-02-2025T17:23:05 - [TEST_STEP][PASSED] - println(line): null

27-02-2025T17:23:05 - [TEST_STEP][PASSED] - group = line.indexOf("<Group>"): null

27-02-2025T17:23:05 - [TEST_STEP][PASSED] - println(group): null

27-02-2025T17:23:05 - [TEST_STEP][PASSED] - if (group >= 0): null

27-02-2025T17:23:05 - [TEST_STEP][PASSED] - else: null

27-02-2025T17:23:05 - [TEST_STEP][PASSED] - if (include): null

27-02-2025T17:23:05 - [TEST_STEP][PASSED] - println(line): null

27-02-2025T17:23:05 - [TEST_STEP][PASSED] - comma = line.indexOf(",y"): null

27-02-2025T17:23:05 - [TEST_STEP][PASSED] - if (comma > 0): null

27-02-2025T17:23:05 - [TEST_STEP][PASSED] - line = reader.readLine(): null

27-02-2025T17:23:05 - [TEST_STEP][PASSED] - println(line): null

27-02-2025T17:23:05 - [TEST_STEP][PASSED] - group = line.indexOf("<Group>"): null

27-02-2025T17:23:05 - [TEST_STEP][PASSED] - println(group): null

27-02-2025T17:23:05 - [TEST_STEP][PASSED] - if (group >= 0): null

27-02-2025T17:23:05 - [TEST_STEP][PASSED] - else: null

27-02-2025T17:23:05 - [TEST_STEP][PASSED] - if (include): null

27-02-2025T17:23:05 - [TEST_STEP][PASSED] - println(line): null

27-02-2025T17:23:05 - [TEST_STEP][PASSED] - comma = line.indexOf(",y"): null

27-02-2025T17:23:05 - [TEST_STEP][PASSED] - if (comma > 0): null

27-02-2025T17:23:05 - [TEST_STEP][PASSED] - line = reader.readLine(): null

27-02-2025T17:23:05 - [TEST_STEP][PASSED] - println(line): null

27-02-2025T17:23:05 - [TEST_STEP][PASSED] - group = line.indexOf("<Group>"): null

27-02-2025T17:23:05 - [TEST_STEP][PASSED] - println(group): null

27-02-2025T17:23:05 - [TEST_STEP][PASSED] - if (group >= 0): null

27-02-2025T17:23:05 - [TEST_STEP][PASSED] - else: null

27-02-2025T17:23:05 - [TEST_STEP][PASSED] - if (include): null

27-02-2025T17:23:05 - [TEST_STEP][PASSED] - println(line): null

27-02-2025T17:23:05 - [TEST_STEP][PASSED] - comma = line.indexOf(",y"): null

27-02-2025T17:23:05 - [TEST_STEP][PASSED] - if (comma > 0): null

27-02-2025T17:23:05 - [TEST_STEP][PASSED] - line = reader.readLine(): null

27-02-2025T17:23:05 - [TEST_STEP][PASSED] - println(line): null

27-02-2025T17:23:05 - [TEST_STEP][PASSED] - group = line.indexOf("<Group>"): null

27-02-2025T17:23:05 - [TEST_STEP][PASSED] - println(group): null

27-02-2025T17:23:05 - [TEST_STEP][PASSED] - if (group >= 0): null

27-02-2025T17:23:05 - [TEST_STEP][PASSED] - else: null

27-02-2025T17:23:05 - [TEST_STEP][PASSED] - if (include): null

27-02-2025T17:23:05 - [TEST_STEP][PASSED] - println(line): null

27-02-2025T17:23:05 - [TEST_STEP][PASSED] - comma = line.indexOf(",y"): null

27-02-2025T17:23:05 - [TEST_STEP][PASSED] - if (comma > 0): null

27-02-2025T17:23:05 - [TEST_STEP][PASSED] - line = reader.readLine(): null

27-02-2025T17:23:05 - [TEST_STEP][PASSED] - println(line): null

27-02-2025T17:23:05 - [TEST_STEP][PASSED] - group = line.indexOf("<Group>"): null

27-02-2025T17:23:05 - [TEST_STEP][PASSED] - println(group): null

27-02-2025T17:23:05 - [TEST_STEP][PASSED] - if (group >= 0): null

27-02-2025T17:23:05 - [TEST_STEP][PASSED] - else: null

27-02-2025T17:23:05 - [TEST_STEP][PASSED] - if (include): null

27-02-2025T17:23:05 - [TEST_STEP][PASSED] - println(line): null

27-02-2025T17:23:05 - [TEST_STEP][PASSED] - comma = line.indexOf(",y"): null

27-02-2025T17:23:05 - [TEST_STEP][PASSED] - if (comma > 0): null

27-02-2025T17:23:05 - [TEST_STEP][PASSED] - line = reader.readLine(): null

27-02-2025T17:23:05 - [TEST_STEP][PASSED] - println(line): null

27-02-2025T17:23:05 - [TEST_STEP][PASSED] - group = line.indexOf("<Group>"): null

27-02-2025T17:23:05 - [TEST_STEP][PASSED] - println(group): null

27-02-2025T17:23:05 - [TEST_STEP][PASSED] - if (group >= 0): null

27-02-2025T17:23:05 - [TEST_STEP][PASSED] - else: null

27-02-2025T17:23:05 - [TEST_STEP][PASSED] - if (include): null

27-02-2025T17:23:05 - [TEST_STEP][PASSED] - println(line): null

27-02-2025T17:23:05 - [TEST_STEP][PASSED] - comma = line.indexOf(",y"): null

27-02-2025T17:23:05 - [TEST_STEP][PASSED] - if (comma > 0): null

27-02-2025T17:23:05 - [TEST_STEP][PASSED] - line = reader.readLine(): null

27-02-2025T17:23:05 - [TEST_STEP][PASSED] - println(line): null

27-02-2025T17:23:05 - [TEST_STEP][PASSED] - group = line.indexOf("<Group>"): null

27-02-2025T17:23:05 - [TEST_STEP][PASSED] - println(group): null

27-02-2025T17:23:05 - [TEST_STEP][PASSED] - if (group >= 0): null

27-02-2025T17:23:05 - [TEST_STEP][PASSED] - else: null

27-02-2025T17:23:05 - [TEST_STEP][PASSED] - if (include): null

27-02-2025T17:23:05 - [TEST_STEP][PASSED] - println(line): null

27-02-2025T17:23:05 - [TEST_STEP][PASSED] - comma = line.indexOf(",y"): null

27-02-2025T17:23:05 - [TEST_STEP][PASSED] - if (comma > 0): null

27-02-2025T17:23:05 - [TEST_STEP][PASSED] - line = reader.readLine(): null

27-02-2025T17:23:05 - [TEST_STEP][PASSED] - println(line): null

27-02-2025T17:23:05 - [TEST_STEP][PASSED] - group = line.indexOf("<Group>"): null

27-02-2025T17:23:05 - [TEST_STEP][PASSED] - println(group): null

27-02-2025T17:23:05 - [TEST_STEP][PASSED] - if (group >= 0): null

27-02-2025T17:23:05 - [TEST_STEP][PASSED] - else: null

27-02-2025T17:23:05 - [TEST_STEP][PASSED] - if (include): null

27-02-2025T17:23:05 - [TEST_STEP][PASSED] - println(line): null

27-02-2025T17:23:05 - [TEST_STEP][PASSED] - comma = line.indexOf(",y"): null

27-02-2025T17:23:05 - [TEST_STEP][PASSED] - if (comma > 0): null

27-02-2025T17:23:05 - [TEST_STEP][PASSED] - line = reader.readLine(): null

27-02-2025T17:23:05 - [TEST_STEP][PASSED] - println(line): null

27-02-2025T17:23:05 - [TEST_STEP][PASSED] - group = line.indexOf("<Group>"): null

27-02-2025T17:23:05 - [TEST_STEP][PASSED] - println(group): null

27-02-2025T17:23:05 - [TEST_STEP][PASSED] - if (group >= 0): null

27-02-2025T17:23:05 - [TEST_STEP][PASSED] - else: null

27-02-2025T17:23:05 - [TEST_STEP][PASSED] - if (include): null

27-02-2025T17:23:05 - [TEST_STEP][PASSED] - println(line): null

27-02-2025T17:23:05 - [TEST_STEP][PASSED] - comma = line.indexOf(",y"): null

27-02-2025T17:23:05 - [TEST_STEP][PASSED] - if (comma > 0): null

27-02-2025T17:23:05 - [TEST_STEP][PASSED] - line = reader.readLine(): null

27-02-2025T17:23:05 - [TEST_STEP][PASSED] - println(line): null

27-02-2025T17:23:05 - [TEST_STEP][PASSED] - group = line.indexOf("<Group>"): null

27-02-2025T17:23:05 - [TEST_STEP][PASSED] - println(group): null

27-02-2025T17:23:05 - [TEST_STEP][PASSED] - if (group >= 0): null

27-02-2025T17:23:05 - [TEST_STEP][PASSED] - else: null

27-02-2025T17:23:05 - [TEST_STEP][PASSED] - if (include): null

27-02-2025T17:23:05 - [TEST_STEP][PASSED] - println(line): null

27-02-2025T17:23:05 - [TEST_STEP][PASSED] - comma = line.indexOf(",y"): null

27-02-2025T17:23:05 - [TEST_STEP][PASSED] - if (comma > 0): null

27-02-2025T17:23:05 - [TEST_STEP][PASSED] - line = reader.readLine(): null

27-02-2025T17:23:05 - [TEST_STEP][PASSED] - println(line): null

27-02-2025T17:23:05 - [TEST_STEP][PASSED] - group = line.indexOf("<Group>"): null

27-02-2025T17:23:05 - [TEST_STEP][PASSED] - println(group): null

27-02-2025T17:23:05 - [TEST_STEP][PASSED] - if (group >= 0): null

27-02-2025T17:23:05 - [TEST_STEP][PASSED] - else: null

27-02-2025T17:23:05 - [TEST_STEP][PASSED] - if (include): null

27-02-2025T17:23:05 - [TEST_STEP][PASSED] - println(line): null

27-02-2025T17:23:05 - [TEST_STEP][PASSED] - comma = line.indexOf(",y"): null

27-02-2025T17:23:05 - [TEST_STEP][PASSED] - if (comma > 0): null

27-02-2025T17:23:05 - [TEST_STEP][PASSED] - line = reader.readLine(): null

27-02-2025T17:23:05 - [TEST_STEP][PASSED] - println(line): null

27-02-2025T17:23:05 - [TEST_STEP][PASSED] - group = line.indexOf("<Group>"): null

27-02-2025T17:23:05 - [TEST_STEP][PASSED] - println(group): null

27-02-2025T17:23:05 - [TEST_STEP][PASSED] - if (group >= 0): null

27-02-2025T17:23:05 - [TEST_STEP][PASSED] - else: null

27-02-2025T17:23:05 - [TEST_STEP][PASSED] - if (include): null

27-02-2025T17:23:05 - [TEST_STEP][PASSED] - println(line): null

27-02-2025T17:23:05 - [TEST_STEP][PASSED] - comma = line.indexOf(",y"): null

27-02-2025T17:23:05 - [TEST_STEP][PASSED] - if (comma > 0): null

27-02-2025T17:23:05 - [TEST_STEP][PASSED] - line = reader.readLine(): null

27-02-2025T17:23:05 - [TEST_STEP][PASSED] - println(line): null

27-02-2025T17:23:05 - [TEST_STEP][PASSED] - group = line.indexOf("<Group>"): null

27-02-2025T17:23:05 - [TEST_STEP][PASSED] - println(group): null

27-02-2025T17:23:05 - [TEST_STEP][PASSED] - if (group >= 0): null

27-02-2025T17:23:05 - [TEST_STEP][PASSED] - else: null

27-02-2025T17:23:05 - [TEST_STEP][PASSED] - if (include): null

27-02-2025T17:23:05 - [TEST_STEP][PASSED] - println(line): null

27-02-2025T17:23:05 - [TEST_STEP][PASSED] - comma = line.indexOf(",y"): null

27-02-2025T17:23:05 - [TEST_STEP][PASSED] - if (comma > 0): null

27-02-2025T17:23:05 - [TEST_STEP][PASSED] - line = reader.readLine(): null

27-02-2025T17:23:05 - [TEST_STEP][PASSED] - println(line): null

27-02-2025T17:23:05 - [TEST_STEP][PASSED] - group = line.indexOf("<Group>"): null

27-02-2025T17:23:05 - [TEST_STEP][PASSED] - println(group): null

27-02-2025T17:23:05 - [TEST_STEP][PASSED] - if (group >= 0): null

27-02-2025T17:23:05 - [TEST_STEP][PASSED] - else: null

27-02-2025T17:23:05 - [TEST_STEP][PASSED] - if (include): null

27-02-2025T17:23:05 - [TEST_STEP][PASSED] - println(line): null

27-02-2025T17:23:05 - [TEST_STEP][PASSED] - comma = line.indexOf(",y"): null

27-02-2025T17:23:05 - [TEST_STEP][PASSED] - if (comma > 0): null

27-02-2025T17:23:05 - [TEST_STEP][PASSED] - line = reader.readLine(): null

27-02-2025T17:23:05 - [TEST_STEP][PASSED] - println(line): null

27-02-2025T17:23:05 - [TEST_STEP][PASSED] - group = line.indexOf("<Group>"): null

27-02-2025T17:23:05 - [TEST_STEP][PASSED] - println(group): null

27-02-2025T17:23:05 - [TEST_STEP][PASSED] - if (group >= 0): null

27-02-2025T17:23:05 - [TEST_STEP][PASSED] - else: null

27-02-2025T17:23:05 - [TEST_STEP][PASSED] - if (include): null

27-02-2025T17:23:05 - [TEST_STEP][PASSED] - println(line): null

27-02-2025T17:23:05 - [TEST_STEP][PASSED] - comma = line.indexOf(",y"): null

27-02-2025T17:23:05 - [TEST_STEP][PASSED] - if (comma > 0): null

27-02-2025T17:23:05 - [TEST_STEP][PASSED] - line = reader.readLine(): null

27-02-2025T17:23:05 - [TEST_STEP][PASSED] - println(line): null

27-02-2025T17:23:05 - [TEST_STEP][PASSED] - group = line.indexOf("<Group>"): null

27-02-2025T17:23:05 - [TEST_STEP][PASSED] - println(group): null

27-02-2025T17:23:05 - [TEST_STEP][PASSED] - if (group >= 0): null

27-02-2025T17:23:05 - [TEST_STEP][PASSED] - else: null

27-02-2025T17:23:05 - [TEST_STEP][PASSED] - if (include): null

27-02-2025T17:23:05 - [TEST_STEP][PASSED] - println(line): null

27-02-2025T17:23:05 - [TEST_STEP][PASSED] - comma = line.indexOf(",y"): null

27-02-2025T17:23:05 - [TEST_STEP][PASSED] - if (comma > 0): null

27-02-2025T17:23:05 - [TEST_STEP][PASSED] - line = reader.readLine(): null

27-02-2025T17:23:05 - [TEST_STEP][PASSED] - println(line): null

27-02-2025T17:23:05 - [TEST_STEP][PASSED] - group = line.indexOf("<Group>"): null

27-02-2025T17:23:05 - [TEST_STEP][PASSED] - println(group): null

27-02-2025T17:23:05 - [TEST_STEP][PASSED] - if (group >= 0): null

27-02-2025T17:23:05 - [TEST_STEP][PASSED] - else: null

27-02-2025T17:23:05 - [TEST_STEP][PASSED] - if (include): null

27-02-2025T17:23:05 - [TEST_STEP][PASSED] - println(line): null

27-02-2025T17:23:05 - [TEST_STEP][PASSED] - comma = line.indexOf(",y"): null

27-02-2025T17:23:05 - [TEST_STEP][PASSED] - if (comma > 0): null

27-02-2025T17:23:05 - [TEST_STEP][PASSED] - line = reader.readLine(): null

27-02-2025T17:23:05 - [TEST_STEP][PASSED] - println(line): null

27-02-2025T17:23:05 - [TEST_STEP][PASSED] - group = line.indexOf("<Group>"): null

27-02-2025T17:23:05 - [TEST_STEP][PASSED] - println(group): null

27-02-2025T17:23:05 - [TEST_STEP][PASSED] - if (group >= 0): null

27-02-2025T17:23:05 - [TEST_STEP][PASSED] - else: null

27-02-2025T17:23:05 - [TEST_STEP][PASSED] - if (include): null

27-02-2025T17:23:05 - [TEST_STEP][PASSED] - println(line): null

27-02-2025T17:23:05 - [TEST_STEP][PASSED] - comma = line.indexOf(",y"): null

27-02-2025T17:23:05 - [TEST_STEP][PASSED] - if (comma > 0): null

27-02-2025T17:23:05 - [TEST_STEP][PASSED] - line = reader.readLine(): null

27-02-2025T17:23:05 - [TEST_STEP][PASSED] - println(line): null

27-02-2025T17:23:05 - [TEST_STEP][PASSED] - group = line.indexOf("<Group>"): null

27-02-2025T17:23:05 - [TEST_STEP][PASSED] - println(group): null

27-02-2025T17:23:05 - [TEST_STEP][PASSED] - if (group >= 0): null

27-02-2025T17:23:05 - [TEST_STEP][PASSED] - else: null

27-02-2025T17:23:05 - [TEST_STEP][PASSED] - if (include): null

27-02-2025T17:23:05 - [TEST_STEP][PASSED] - println(line): null

27-02-2025T17:23:05 - [TEST_STEP][PASSED] - comma = line.indexOf(",y"): null

27-02-2025T17:23:05 - [TEST_STEP][PASSED] - if (comma > 0): null

27-02-2025T17:23:05 - [TEST_STEP][PASSED] - line = reader.readLine(): null

27-02-2025T17:23:05 - [TEST_STEP][PASSED] - println(line): null

27-02-2025T17:23:05 - [TEST_STEP][PASSED] - group = line.indexOf("<Group>"): null

27-02-2025T17:23:05 - [TEST_STEP][PASSED] - println(group): null

27-02-2025T17:23:05 - [TEST_STEP][PASSED] - if (group >= 0): null

27-02-2025T17:23:05 - [TEST_STEP][PASSED] - else: null

27-02-2025T17:23:05 - [TEST_STEP][PASSED] - if (include): null

27-02-2025T17:23:05 - [TEST_STEP][PASSED] - println(line): null

27-02-2025T17:23:05 - [TEST_STEP][PASSED] - comma = line.indexOf(",y"): null

27-02-2025T17:23:05 - [TEST_STEP][PASSED] - if (comma > 0): null

27-02-2025T17:23:05 - [TEST_STEP][PASSED] - line = reader.readLine(): null

27-02-2025T17:23:05 - [TEST_STEP][PASSED] - println(line): null

27-02-2025T17:23:05 - [TEST_STEP][PASSED] - group = line.indexOf("<Group>"): null

27-02-2025T17:23:05 - [TEST_STEP][PASSED] - println(group): null

27-02-2025T17:23:05 - [TEST_STEP][PASSED] - if (group >= 0): null

27-02-2025T17:23:05 - [TEST_STEP][PASSED] - else: null

27-02-2025T17:23:05 - [TEST_STEP][PASSED] - if (include): null

27-02-2025T17:23:05 - [TEST_STEP][PASSED] - println(line): null

27-02-2025T17:23:05 - [TEST_STEP][PASSED] - comma = line.indexOf(",y"): null

27-02-2025T17:23:05 - [TEST_STEP][PASSED] - if (comma > 0): null

27-02-2025T17:23:05 - [TEST_STEP][PASSED] - line = reader.readLine(): null

27-02-2025T17:23:05 - [TEST_STEP][PASSED] - println(line): null

27-02-2025T17:23:05 - [TEST_STEP][PASSED] - group = line.indexOf("<Group>"): null

27-02-2025T17:23:05 - [TEST_STEP][PASSED] - println(group): null

27-02-2025T17:23:05 - [TEST_STEP][PASSED] - if (group >= 0): null

27-02-2025T17:23:05 - [TEST_STEP][PASSED] - else: null

27-02-2025T17:23:05 - [TEST_STEP][PASSED] - if (include): null

27-02-2025T17:23:05 - [TEST_STEP][PASSED] - println(line): null

27-02-2025T17:23:05 - [TEST_STEP][PASSED] - comma = line.indexOf(",y"): null

27-02-2025T17:23:05 - [TEST_STEP][PASSED] - if (comma > 0): null

27-02-2025T17:23:05 - [TEST_STEP][PASSED] - line = reader.readLine(): null

27-02-2025T17:23:05 - [TEST_STEP][PASSED] - println(line): null

27-02-2025T17:23:05 - [TEST_STEP][PASSED] - group = line.indexOf("<Group>"): null

27-02-2025T17:23:05 - [TEST_STEP][PASSED] - println(group): null

27-02-2025T17:23:05 - [TEST_STEP][PASSED] - if (group >= 0): null

27-02-2025T17:23:05 - [TEST_STEP][PASSED] - else: null

27-02-2025T17:23:05 - [TEST_STEP][PASSED] - if (include): null

27-02-2025T17:23:05 - [TEST_STEP][PASSED] - println(line): null

27-02-2025T17:23:05 - [TEST_STEP][PASSED] - comma = line.indexOf(",y"): null

27-02-2025T17:23:05 - [TEST_STEP][PASSED] - if (comma > 0): null

27-02-2025T17:23:05 - [TEST_STEP][PASSED] - line = reader.readLine(): null

27-02-2025T17:23:05 - [TEST_STEP][PASSED] - println(line): null

27-02-2025T17:23:05 - [TEST_STEP][PASSED] - group = line.indexOf("<Group>"): null

27-02-2025T17:23:05 - [TEST_STEP][PASSED] - println(group): null

27-02-2025T17:23:05 - [TEST_STEP][PASSED] - if (group >= 0): null

27-02-2025T17:23:05 - [TEST_STEP][PASSED] - else: null

27-02-2025T17:23:05 - [TEST_STEP][PASSED] - if (include): null

27-02-2025T17:23:05 - [TEST_STEP][PASSED] - println(line): null

27-02-2025T17:23:05 - [TEST_STEP][PASSED] - comma = line.indexOf(",y"): null

27-02-2025T17:23:05 - [TEST_STEP][PASSED] - if (comma > 0): null

27-02-2025T17:23:05 - [TEST_STEP][PASSED] - line = reader.readLine(): null

27-02-2025T17:23:05 - [TEST_STEP][PASSED] - println(line): null

27-02-2025T17:23:05 - [TEST_STEP][PASSED] - group = line.indexOf("<Group>"): null

27-02-2025T17:23:05 - [TEST_STEP][PASSED] - println(group): null

27-02-2025T17:23:05 - [TEST_STEP][PASSED] - if (group >= 0): null

27-02-2025T17:23:05 - [TEST_STEP][PASSED] - else: null

27-02-2025T17:23:05 - [TEST_STEP][PASSED] - if (include): null

27-02-2025T17:23:05 - [TEST_STEP][PASSED] - println(line): null

27-02-2025T17:23:05 - [TEST_STEP][PASSED] - comma = line.indexOf(",y"): null

27-02-2025T17:23:05 - [TEST_STEP][PASSED] - if (comma > 0): null

27-02-2025T17:23:05 - [TEST_STEP][PASSED] - line = reader.readLine(): null

27-02-2025T17:23:05 - [TEST_STEP][PASSED] - println(line): null

27-02-2025T17:23:05 - [TEST_STEP][PASSED] - group = line.indexOf("<Group>"): null

27-02-2025T17:23:05 - [TEST_STEP][PASSED] - println(group): null

27-02-2025T17:23:05 - [TEST_STEP][PASSED] - if (group >= 0): null

27-02-2025T17:23:05 - [TEST_STEP][PASSED] - else: null

27-02-2025T17:23:05 - [TEST_STEP][PASSED] - if (include): null

27-02-2025T17:23:05 - [TEST_STEP][PASSED] - println(line): null

27-02-2025T17:23:05 - [TEST_STEP][PASSED] - comma = line.indexOf(",y"): null

27-02-2025T17:23:05 - [TEST_STEP][PASSED] - if (comma > 0): null

27-02-2025T17:23:05 - [TEST_STEP][PASSED] - line = reader.readLine(): null

27-02-2025T17:23:05 - [TEST_STEP][PASSED] - println(line): null

27-02-2025T17:23:05 - [TEST_STEP][PASSED] - group = line.indexOf("<Group>"): null

27-02-2025T17:23:05 - [TEST_STEP][PASSED] - println(group): null

27-02-2025T17:23:05 - [TEST_STEP][PASSED] - if (group >= 0): null

27-02-2025T17:23:05 - [TEST_STEP][PASSED] - else: null

27-02-2025T17:23:05 - [TEST_STEP][PASSED] - if (include): null

27-02-2025T17:23:05 - [TEST_STEP][PASSED] - println(line): null

27-02-2025T17:23:05 - [TEST_STEP][PASSED] - comma = line.indexOf(",y"): null

27-02-2025T17:23:05 - [TEST_STEP][PASSED] - if (comma > 0): null

27-02-2025T17:23:10 - [TEST_STEP][PASSED] - line = reader.readLine(): null

27-02-2025T17:23:10 - [TEST_STEP][PASSED] - println(line): null

27-02-2025T17:23:10 - [TEST_STEP][PASSED] - group = line.indexOf("<Group>"): null

27-02-2025T17:23:10 - [TEST_STEP][PASSED] - println(group): null

27-02-2025T17:23:10 - [TEST_STEP][PASSED] - if (group >= 0): null

27-02-2025T17:23:10 - [TEST_STEP][PASSED] - else: null

27-02-2025T17:23:10 - [TEST_STEP][PASSED] - if (include): null

27-02-2025T17:23:10 - [TEST_STEP][PASSED] - println(line): null

27-02-2025T17:23:10 - [TEST_STEP][PASSED] - comma = line.indexOf(",y"): null

27-02-2025T17:23:10 - [TEST_STEP][PASSED] - if (comma > 0): null

27-02-2025T17:23:12 - [TEST_STEP][PASSED] - line = reader.readLine(): null

27-02-2025T17:23:12 - [TEST_STEP][PASSED] - println(line): null

27-02-2025T17:23:12 - [TEST_STEP][PASSED] - group = line.indexOf("<Group>"): null

27-02-2025T17:23:12 - [TEST_STEP][PASSED] - println(group): null

27-02-2025T17:23:12 - [TEST_STEP][PASSED] - if (group >= 0): null

27-02-2025T17:23:12 - [TEST_STEP][PASSED] - else: null

27-02-2025T17:23:12 - [TEST_STEP][PASSED] - if (include): null

27-02-2025T17:23:12 - [TEST_STEP][PASSED] - println(line): null

27-02-2025T17:23:12 - [TEST_STEP][PASSED] - comma = line.indexOf(",y"): null

27-02-2025T17:23:12 - [TEST_STEP][PASSED] - if (comma > 0): null

27-02-2025T17:23:12 - [TEST_STEP][PASSED] - line = reader.readLine(): null

27-02-2025T17:23:12 - [TEST_STEP][PASSED] - println(line): null

27-02-2025T17:23:12 - [TEST_STEP][PASSED] - group = line.indexOf("<Group>"): null

27-02-2025T17:23:12 - [TEST_STEP][PASSED] - println(group): null

27-02-2025T17:23:12 - [TEST_STEP][PASSED] - if (group >= 0): null

27-02-2025T17:23:12 - [TEST_STEP][PASSED] - else: null

27-02-2025T17:23:12 - [TEST_STEP][PASSED] - if (include): null

27-02-2025T17:23:12 - [TEST_STEP][PASSED] - println(line): null

27-02-2025T17:23:12 - [TEST_STEP][PASSED] - comma = line.indexOf(",y"): null

27-02-2025T17:23:12 - [TEST_STEP][PASSED] - if (comma > 0): null

27-02-2025T17:23:12 - [TEST_STEP][PASSED] - line = reader.readLine(): null

27-02-2025T17:23:12 - [TEST_STEP][PASSED] - println(line): null

27-02-2025T17:23:12 - [TEST_STEP][PASSED] - group = line.indexOf("<Group>"): null

27-02-2025T17:23:12 - [TEST_STEP][PASSED] - println(group): null

27-02-2025T17:23:12 - [TEST_STEP][PASSED] - if (group >= 0): null

27-02-2025T17:23:12 - [TEST_STEP][PASSED] - else: null

27-02-2025T17:23:12 - [TEST_STEP][PASSED] - if (include): null

27-02-2025T17:23:12 - [TEST_STEP][PASSED] - println(line): null

27-02-2025T17:23:12 - [TEST_STEP][PASSED] - comma = line.indexOf(",y"): null

27-02-2025T17:23:12 - [TEST_STEP][PASSED] - if (comma > 0): null

27-02-2025T17:23:12 - [TEST_STEP][PASSED] - line = reader.readLine(): null

27-02-2025T17:23:12 - [TEST_STEP][PASSED] - println(line): null

27-02-2025T17:23:12 - [TEST_STEP][PASSED] - group = line.indexOf("<Group>"): null

27-02-2025T17:23:12 - [TEST_STEP][PASSED] - println(group): null

27-02-2025T17:23:12 - [TEST_STEP][PASSED] - if (group >= 0): null

27-02-2025T17:23:12 - [TEST_STEP][PASSED] - else: null

27-02-2025T17:23:12 - [TEST_STEP][PASSED] - if (include): null

27-02-2025T17:23:12 - [TEST_STEP][PASSED] - println(line): null

27-02-2025T17:23:12 - [TEST_STEP][PASSED] - comma = line.indexOf(",y"): null

27-02-2025T17:23:12 - [TEST_STEP][PASSED] - if (comma > 0): null

27-02-2025T17:23:12 - [TEST_STEP][PASSED] - line = reader.readLine(): null

27-02-2025T17:23:12 - [TEST_STEP][PASSED] - println(line): null

27-02-2025T17:23:12 - [TEST_STEP][PASSED] - group = line.indexOf("<Group>"): null

27-02-2025T17:23:12 - [TEST_STEP][PASSED] - println(group): null

27-02-2025T17:23:12 - [TEST_STEP][PASSED] - if (group >= 0): null

27-02-2025T17:23:12 - [TEST_STEP][PASSED] - else: null

27-02-2025T17:23:12 - [TEST_STEP][PASSED] - if (include): null

27-02-2025T17:23:12 - [TEST_STEP][PASSED] - println(line): null

27-02-2025T17:23:12 - [TEST_STEP][PASSED] - comma = line.indexOf(",y"): null

27-02-2025T17:23:12 - [TEST_STEP][PASSED] - if (comma > 0): null

27-02-2025T17:23:12 - [TEST_STEP][PASSED] - line = reader.readLine(): null

27-02-2025T17:23:12 - [TEST_STEP][PASSED] - frame.dispose(): null

27-02-2025T17:23:12 - [TEST_STEP][PASSED] - reader.close(): null

27-02-2025T17:23:12 - [TEST_STEP][PASSED] - println(checked): null

27-02-2025T17:23:12 - [TEST_STEP][PASSED] - return checked: null

27-02-2025T17:23:12 - [MESSAGE][PASSED] - Call Test Case 'Test Cases/_Functions/Get Selections from CSV File' successfully

27-02-2025T17:23:12 - [TEST_STEP][PASSED] - spouse_preferences_comment = "Willing to consider other opportunities": null

27-02-2025T17:23:12 - [TEST_STEP][PASSED] - callTestCase(findTestCase("Education Candidate Profile/Tabs/Set Spouse Service Prefs"), ["varSpouse_preferred_prefs":positions, "varSpouse_preferences_comment":spouse_preferences_comment], STOP_ON_FAILURE): Call Test Case 'Test Cases/Education Candidate Profile/Tabs/Set Spouse Service Prefs' successfully

27-02-2025T17:23:12 - [TEST_CASE][PASSED] - Test Cases/Education Candidate Profile/Tabs/Set Spouse Service Prefs: Test Cases/Education Candidate Profile/Tabs/Set Spouse Service Prefs

27-02-2025T17:23:12 - [TEST_STEP][PASSED] - username = username: null

27-02-2025T17:23:12 - [TEST_STEP][PASSED] - if (username != "cktest04ec"): null

27-02-2025T17:23:12 - [TEST_STEP][PASSED] - testName = "Education Candidate Spouse Service Prefs Tab": null

27-02-2025T17:23:12 - [TEST_STEP][PASSED] - outFile = callTestCase(findTestCase("_Functions/Set Output File"), ["varTestName":testName], STOP_ON_FAILURE): Call Test Case 'Test Cases/_Functions/Set Output File' successfully

27-02-2025T17:23:12 - [TEST_CASE][PASSED] - Test Cases/_Functions/Set Output File: Test Cases/_Functions/Set Output File

27-02-2025T17:23:12 - [TEST_STEP][PASSED] - testName = varTestName: null

27-02-2025T17:23:12 - [TEST_STEP][PASSED] - domain = domain: null

27-02-2025T17:23:12 - [TEST_STEP][PASSED] - writeFile = false: null

27-02-2025T17:23:12 - [TEST_STEP][PASSED] - if (outFile != ""): null

27-02-2025T17:23:12 - [TEST_STEP][PASSED] - myFile = outFile: null

27-02-2025T17:23:12 - [TEST_STEP][PASSED] - println(myFile): null

27-02-2025T17:23:12 - [TEST_STEP][PASSED] - outFile = new java.io.File(myFile): null

27-02-2025T17:23:12 - [TEST_STEP][PASSED] - writeFile = true: null

27-02-2025T17:23:12 - [TEST_STEP][PASSED] - if (!(writeFile)): null

27-02-2025T17:23:12 - [TEST_STEP][PASSED] - else: null

27-02-2025T17:23:12 - [TEST_STEP][PASSED] - outFile.append("
Testing " + testName + " on " + domain + ".
"): null

27-02-2025T17:23:12 - [TEST_STEP][PASSED] - return outFile: null

27-02-2025T17:23:12 - [MESSAGE][PASSED] - Call Test Case 'Test Cases/_Functions/Set Output File' successfully

27-02-2025T17:23:12 - [TEST_STEP][PASSED] - parms = [varSpouse_preferred_prefs]: null

27-02-2025T17:23:12 - [TEST_STEP][PASSED] - positions = "//input[@id='profile_group-1631421470.837_spouse_ministry_preferences']": null

27-02-2025T17:23:12 - [TEST_STEP][PASSED] - xpaths = [positions]: null

27-02-2025T17:23:12 - [TEST_STEP][PASSED] - tooltipImagePath = "/Users/cckozie/git/MissionNext-Katalon-Koz/images/education candidate/": null

27-02-2025T17:23:12 - [TEST_STEP][PASSED] - tooltips = []: null

27-02-2025T17:23:12 - [TEST_STEP][PASSED] - tooltipText = []: null

27-02-2025T17:23:12 - [TEST_STEP][PASSED] - requiredFieldMsgs = ["Spouse Preferred Position(s)":"The spouse ministry preferences field is required."]: null

27-02-2025T17:23:12 - [TEST_STEP][PASSED] - click(findTestObject("Object Repository/Education Candidate Profile/Tabs/a_Spouse Service Prefs")): Object: 'Object Repository/Education Candidate Profile/Tabs/a_Spouse Service Prefs' is clicked on

27-02-2025T17:23:12 - [MESSAGE][PASSED] - Object: 'Object Repository/Education Candidate Profile/Tabs/a_Spouse Service Prefs' is clicked on

27-02-2025T17:23:12 - [TEST_STEP][PASSED] - tooltipTextMap = callTestCase(findTestCase("_Functions/Get Screenshot and Tooltip Text"), ["varExtension":testName], STOP_ON_FAILURE): Call Test Case 'Test Cases/_Functions/Get Screenshot and Tooltip Text' successfully

27-02-2025T17:23:12 - [TEST_CASE][PASSED] - Test Cases/_Functions/Get Screenshot and Tooltip Text: Test Cases/_Functions/Get Screenshot and Tooltip Text

27-02-2025T17:23:12 - [TEST_STEP][PASSED] - if (fastPath): null

27-02-2025T17:23:12 - [TEST_STEP][PASSED] - frame = new javax.swing.JFrame(): null

27-02-2025T17:23:12 - [TEST_STEP][PASSED] - p = new javax.swing.JPanel(): null

27-02-2025T17:23:12 - [TEST_STEP][PASSED] - l = new javax.swing.JLabel(Getting screenshot and tooltip text..., javax.swing.SwingConstants.CENTER): null

27-02-2025T17:23:12 - [TEST_STEP][PASSED] - frame.add(l): null

27-02-2025T17:23:12 - [TEST_STEP][PASSED] - frame.setSize(300, 100): null

27-02-2025T17:23:12 - [TEST_STEP][PASSED] - frame.setLocation(600, 0): null

27-02-2025T17:23:12 - [TEST_STEP][PASSED] - frame.setAlwaysOnTop(true): null

27-02-2025T17:23:12 - [TEST_STEP][PASSED] - frame.show(): null

27-02-2025T17:23:12 - [TEST_STEP][PASSED] - driver = getWebDriver(): null

27-02-2025T17:23:12 - [TEST_STEP][PASSED] - path = "/Users/cckozie/Documents/MissionNext/Screenshots and Tooltip Text/": null

27-02-2025T17:23:12 - [TEST_STEP][PASSED] - if (binding.hasVariable("varExtension")): null

27-02-2025T17:23:12 - [TEST_STEP][PASSED] - extension = varExtension: null

27-02-2025T17:23:12 - [TEST_STEP][PASSED] - println("Extension is " + extension): null

27-02-2025T17:23:12 - [TEST_STEP][PASSED] - fileBase = path + extension: null

27-02-2025T17:23:12 - [TEST_STEP][PASSED] - fileImage = fileBase + "_Screenshot.png": null

27-02-2025T17:23:12 - [TEST_STEP][PASSED] - waitForPageLoad(30): Wait for page load successfully

27-02-2025T17:23:12 - [MESSAGE][PASSED] - Wait for page load successfully

27-02-2025T17:23:12 - [TEST_STEP][PASSED] - spinner = driver.findElement(By.xpath("/html/body/div[1]/div/div[2]")): null

27-02-2025T17:23:12 - [TEST_STEP][PASSED] - executor = driver: null

27-02-2025T17:23:12 - [TEST_STEP][PASSED] - elementAttributes = executor.executeScript("var items = {}; for (index = 0; index < arguments[0].attributes.length; ++index) { items[arguments[0].attributes[index].name] = arguments[0].attributes[index].value }; return items;", spinner): null

27-02-2025T17:23:12 - [TEST_STEP][PASSED] - attrs = elementAttributes.toString(): null

27-02-2025T17:23:12 - [TEST_STEP][PASSED] - waits = 0: null

27-02-2025T17:23:12 - [TEST_STEP][PASSED] - while (attrs.indexOf("display: none") < 0 && waits < 2): null

27-02-2025T17:23:12 - [TEST_STEP][PASSED] - tooltipMap = callTestCase(findTestCase("_Functions/Get Tooltip Text"), [:], STOP_ON_FAILURE): Call Test Case 'Test Cases/_Functions/Get Tooltip Text' successfully

27-02-2025T17:23:12 - [TEST_CASE][PASSED] - Test Cases/_Functions/Get Tooltip Text: Test Cases/_Functions/Get Tooltip Text

27-02-2025T17:23:12 - [TEST_STEP][PASSED] - fieldTooltips = [:]: null

27-02-2025T17:23:12 - [TEST_STEP][PASSED] - tooltipMap = [:]: null

27-02-2025T17:23:12 - [TEST_STEP][PASSED] - driver = getWebDriver(): null

27-02-2025T17:23:12 - [TEST_STEP][PASSED] - tooltips = driver.findElements(By.className("field-tooltip")): null

27-02-2025T17:23:12 - [TEST_STEP][PASSED] - for (def it : tooltips): null

27-02-2025T17:23:12 - [TEST_STEP][PASSED] - if (it.isDisplayed()): null

27-02-2025T17:23:12 - [TEST_STEP][PASSED] - if (it.isDisplayed()): null

27-02-2025T17:23:12 - [TEST_STEP][PASSED] - if (it.isDisplayed()): null

27-02-2025T17:23:12 - [TEST_STEP][PASSED] - if (it.isDisplayed()): null

27-02-2025T17:23:12 - [TEST_STEP][PASSED] - if (it.isDisplayed()): null

27-02-2025T17:23:12 - [TEST_STEP][PASSED] - if (it.isDisplayed()): null

27-02-2025T17:23:12 - [TEST_STEP][PASSED] - if (it.isDisplayed()): null

27-02-2025T17:23:12 - [TEST_STEP][PASSED] - if (it.isDisplayed()): null

27-02-2025T17:23:12 - [TEST_STEP][PASSED] - if (it.isDisplayed()): null

27-02-2025T17:23:12 - [TEST_STEP][PASSED] - if (it.isDisplayed()): null

27-02-2025T17:23:12 - [TEST_STEP][PASSED] - if (it.isDisplayed()): null

27-02-2025T17:23:12 - [TEST_STEP][PASSED] - if (it.isDisplayed()): null

27-02-2025T17:23:12 - [TEST_STEP][PASSED] - if (it.isDisplayed()): null

27-02-2025T17:23:12 - [TEST_STEP][PASSED] - if (it.isDisplayed()): null

27-02-2025T17:23:12 - [TEST_STEP][PASSED] - if (it.isDisplayed()): null

27-02-2025T17:23:12 - [TEST_STEP][PASSED] - if (it.isDisplayed()): null

27-02-2025T17:23:12 - [TEST_STEP][PASSED] - if (it.isDisplayed()): null

27-02-2025T17:23:12 - [TEST_STEP][PASSED] - if (it.isDisplayed()): null

27-02-2025T17:23:12 - [TEST_STEP][PASSED] - if (it.isDisplayed()): null

27-02-2025T17:23:12 - [TEST_STEP][PASSED] - if (it.isDisplayed()): null

27-02-2025T17:23:12 - [TEST_STEP][PASSED] - if (fieldTooltips.size() > 0): null

27-02-2025T17:23:12 - [TEST_STEP][PASSED] - return tooltipMap: null

27-02-2025T17:23:12 - [MESSAGE][PASSED] - Call Test Case 'Test Cases/_Functions/Get Tooltip Text' successfully

27-02-2025T17:23:12 - [TEST_STEP][PASSED] - if (tooltipMap.size() > 0): null

27-02-2025T17:23:12 - [TEST_STEP][PASSED] - takeFullPageScreenshot(fileImage): Taking screenshot successfully

27-02-2025T17:23:14 - [MESSAGE][INFO] - 0 hidden object(s)

27-02-2025T17:23:15 - [MESSAGE][PASSED] - Taking screenshot successfully
[[ATTACHMENT|/Users/cckozie/Documents/MissionNext/Screenshots and Tooltip Text/Education Candidate Spouse Service Prefs Tab_Screenshot.png]]

27-02-2025T17:23:15 - [TEST_STEP][PASSED] - frame.dispose(): null

27-02-2025T17:23:15 - [TEST_STEP][PASSED] - return tooltipMap: null

27-02-2025T17:23:15 - [MESSAGE][PASSED] - Call Test Case 'Test Cases/_Functions/Get Screenshot and Tooltip Text' successfully

27-02-2025T17:23:15 - [TEST_STEP][PASSED] - if (tooltips.size() > 0): null

27-02-2025T17:23:15 - [TEST_STEP][PASSED] - outText = "Verifying the required field messages.
": null

27-02-2025T17:23:15 - [TEST_STEP][PASSED] - outFile.append(outText): null

27-02-2025T17:23:15 - [TEST_STEP][PASSED] - fieldList = []: null

27-02-2025T17:23:15 - [TEST_STEP][PASSED] - requiredFieldMsgs.each({ -> ... }): null

27-02-2025T17:23:15 - [TEST_STEP][PASSED] - callTestCase(findTestCase("_Functions/Test Field Error Messages"), ["varFieldList":fieldList, "varRequiredFieldMsgs":requiredFieldMsgs], STOP_ON_FAILURE): Call Test Case 'Test Cases/_Functions/Test Field Error Messages' successfully

27-02-2025T17:23:15 - [TEST_CASE][PASSED] - Test Cases/_Functions/Test Field Error Messages: Test Cases/_Functions/Test Field Error Messages

27-02-2025T17:23:15 - [TEST_STEP][PASSED] - count = callTestCase(findTestCase("_Functions/Find error messages"), ["varFunction":"count"], STOP_ON_FAILURE): Call Test Case 'Test Cases/_Functions/Find error messages' successfully

27-02-2025T17:23:15 - [TEST_CASE][PASSED] - Test Cases/_Functions/Find error messages: Test Cases/_Functions/Find error messages

27-02-2025T17:23:15 - [TEST_STEP][PASSED] - function = "count": null

27-02-2025T17:23:15 - [TEST_STEP][PASSED] - if (binding.hasVariable("varFunction")): null

27-02-2025T17:23:15 - [TEST_STEP][PASSED] - function = varFunction: null

27-02-2025T17:23:15 - [TEST_STEP][PASSED] - title = getWindowTitle(): Current window's title is: 'Education'

27-02-2025T17:23:15 - [MESSAGE][PASSED] - Current window's title is: 'Education'

27-02-2025T17:23:15 - [TEST_STEP][PASSED] - println("Page title is " + title): null

27-02-2025T17:23:15 - [TEST_STEP][PASSED] - driver = getWebDriver(): null

27-02-2025T17:23:15 - [TEST_STEP][PASSED] - elements = driver.findElements(By.xpath("//div[@class='col-sm-offset-3 col-sm-9 text-danger']")): null

27-02-2025T17:23:15 - [TEST_STEP][PASSED] - if (function == "count"): null

27-02-2025T17:23:15 - [TEST_STEP][PASSED] - return elements.size(): null

27-02-2025T17:23:15 - [MESSAGE][PASSED] - Call Test Case 'Test Cases/_Functions/Find error messages' successfully

27-02-2025T17:23:15 - [TEST_STEP][PASSED] - outFile = outFile: null

27-02-2025T17:23:15 - [TEST_STEP][PASSED] - if (count == 0): null

27-02-2025T17:23:15 - [TEST_STEP][PASSED] - else: Delayed 0 second(s)

27-02-2025T17:23:15 - [TEST_STEP][PASSED] - fieldList = varFieldList: null

27-02-2025T17:23:15 - [TEST_STEP][PASSED] - requiredFieldMsgs = varRequiredFieldMsgs: null

27-02-2025T17:23:15 - [TEST_STEP][PASSED] - outText = "Verifying error messages for fields " + fieldList: null

27-02-2025T17:23:15 - [TEST_STEP][PASSED] - for (def field : fieldList): null

27-02-2025T17:23:15 - [TEST_STEP][PASSED] - errorMsg = requiredFieldMsgs.get(field): null

27-02-2025T17:23:15 - [TEST_STEP][PASSED] - msg = verifyTextPresent(errorMsg, false, OPTIONAL): Text 'The spouse ministry preferences field is required.' is present on page 

27-02-2025T17:23:15 - [MESSAGE][PASSED] - Text 'The spouse ministry preferences field is required.' is present on page 

27-02-2025T17:23:15 - [TEST_STEP][PASSED] - println(field + ":" + msg): null

27-02-2025T17:23:15 - [TEST_STEP][PASSED] - if (!(msg)): null

27-02-2025T17:23:15 - [TEST_STEP][PASSED] - delay(fieldTestDelay): Delayed 0 second(s)

27-02-2025T17:23:15 - [MESSAGE][PASSED] - Delayed 0 second(s)

27-02-2025T17:23:15 - [MESSAGE][PASSED] - Call Test Case 'Test Cases/_Functions/Test Field Error Messages' successfully

27-02-2025T17:23:15 - [TEST_STEP][PASSED] - if (!(fastPath)): Call Test Case 'Test Cases/_Functions/Click on Group Elements' successfully

27-02-2025T17:23:15 - [TEST_STEP][PASSED] - callTestCase(findTestCase("_Functions/Click on Group Elements"), ["varXpaths":xpaths, "varParms":parms], STOP_ON_FAILURE): Call Test Case 'Test Cases/_Functions/Click on Group Elements' successfully

27-02-2025T17:23:15 - [TEST_CASE][PASSED] - Test Cases/_Functions/Click on Group Elements: Test Cases/_Functions/Click on Group Elements

27-02-2025T17:23:15 - [TEST_STEP][PASSED] - debug = false: null

27-02-2025T17:23:15 - [TEST_STEP][PASSED] - toggle = true: null

27-02-2025T17:23:15 - [TEST_STEP][PASSED] - frame = new javax.swing.JFrame(): null

27-02-2025T17:23:15 - [TEST_STEP][PASSED] - p = new javax.swing.JPanel(): null

27-02-2025T17:23:15 - [TEST_STEP][PASSED] - l = new javax.swing.JLabel(Making user selections..., javax.swing.SwingConstants.CENTER): null

27-02-2025T17:23:15 - [TEST_STEP][PASSED] - frame.add(l): null

27-02-2025T17:23:15 - [TEST_STEP][PASSED] - frame.setSize(300, 100): null

27-02-2025T17:23:15 - [TEST_STEP][PASSED] - frame.setLocation(600, 0): null

27-02-2025T17:23:15 - [TEST_STEP][PASSED] - frame.setAlwaysOnTop(true): null

27-02-2025T17:23:15 - [TEST_STEP][PASSED] - frame.show(): null

27-02-2025T17:23:15 - [TEST_STEP][PASSED] - driver = getWebDriver(): null

27-02-2025T17:23:15 - [TEST_STEP][PASSED] - println(varParms): null

27-02-2025T17:23:15 - [TEST_STEP][PASSED] - for ([i = 0, i < varXpaths.size(), (i++)]): null

27-02-2025T17:23:15 - [TEST_STEP][PASSED] - if (debug): null

27-02-2025T17:23:15 - [TEST_STEP][PASSED] - if (varParms[i].indexOf("Europe") >= 0): null

27-02-2025T17:23:15 - [TEST_STEP][PASSED] - elements = driver.findElements(By.xpath(varXpaths[i])): null

27-02-2025T17:23:15 - [TEST_STEP][PASSED] - element_count = elements.size(): null

27-02-2025T17:23:15 - [TEST_STEP][PASSED] - for (def element : elements): null

27-02-2025T17:23:15 - [TEST_STEP][PASSED] - myValue = element.getAttribute("value"): null

27-02-2025T17:23:15 - [TEST_STEP][PASSED] - if (debug): null

27-02-2025T17:23:15 - [TEST_STEP][PASSED] - if (myValue.length() >= 4): null

27-02-2025T17:23:15 - [TEST_STEP][PASSED] - if (myValue.substring(0, 4) == "(!) "): null

27-02-2025T17:23:15 - [TEST_STEP][PASSED] - myType = element.getAttribute("type"): null

27-02-2025T17:23:15 - [TEST_STEP][PASSED] - if (myValue in varParms[i]): null

27-02-2025T17:23:15 - [TEST_STEP][PASSED] - else: null

27-02-2025T17:23:15 - [TEST_STEP][PASSED] - inList = false: null

27-02-2025T17:23:15 - [TEST_STEP][PASSED] - if (myType == "checkbox"): null

27-02-2025T17:23:15 - [TEST_STEP][PASSED] - myStatus = element.isSelected(): null

27-02-2025T17:23:15 - [TEST_STEP][PASSED] - if (debug): null

27-02-2025T17:23:15 - [TEST_STEP][PASSED] - if (toggle && myStatus && inList): null

27-02-2025T17:23:15 - [TEST_STEP][PASSED] - if (!(myStatus) && inList || myStatus && !(inList)): null

27-02-2025T17:23:15 - [TEST_STEP][PASSED] - myValue = element.getAttribute("value"): null

27-02-2025T17:23:15 - [TEST_STEP][PASSED] - if (debug): null

27-02-2025T17:23:15 - [TEST_STEP][PASSED] - if (myValue.length() >= 4): null

27-02-2025T17:23:15 - [TEST_STEP][PASSED] - if (myValue.substring(0, 4) == "(!) "): null

27-02-2025T17:23:15 - [TEST_STEP][PASSED] - myType = element.getAttribute("type"): null

27-02-2025T17:23:15 - [TEST_STEP][PASSED] - if (myValue in varParms[i]): null

27-02-2025T17:23:15 - [TEST_STEP][PASSED] - else: null

27-02-2025T17:23:15 - [TEST_STEP][PASSED] - inList = false: null

27-02-2025T17:23:15 - [TEST_STEP][PASSED] - if (myType == "checkbox"): null

27-02-2025T17:23:15 - [TEST_STEP][PASSED] - myStatus = element.isSelected(): null

27-02-2025T17:23:15 - [TEST_STEP][PASSED] - if (debug): null

27-02-2025T17:23:15 - [TEST_STEP][PASSED] - if (toggle && myStatus && inList): null

27-02-2025T17:23:15 - [TEST_STEP][PASSED] - if (!(myStatus) && inList || myStatus && !(inList)): null

27-02-2025T17:23:15 - [TEST_STEP][PASSED] - myValue = element.getAttribute("value"): null

27-02-2025T17:23:15 - [TEST_STEP][PASSED] - if (debug): null

27-02-2025T17:23:15 - [TEST_STEP][PASSED] - if (myValue.length() >= 4): null

27-02-2025T17:23:15 - [TEST_STEP][PASSED] - if (myValue.substring(0, 4) == "(!) "): null

27-02-2025T17:23:15 - [TEST_STEP][PASSED] - myType = element.getAttribute("type"): null

27-02-2025T17:23:15 - [TEST_STEP][PASSED] - if (myValue in varParms[i]): null

27-02-2025T17:23:15 - [TEST_STEP][PASSED] - else: null

27-02-2025T17:23:15 - [TEST_STEP][PASSED] - inList = false: null

27-02-2025T17:23:15 - [TEST_STEP][PASSED] - if (myType == "checkbox"): null

27-02-2025T17:23:15 - [TEST_STEP][PASSED] - myStatus = element.isSelected(): null

27-02-2025T17:23:15 - [TEST_STEP][PASSED] - if (debug): null

27-02-2025T17:23:15 - [TEST_STEP][PASSED] - if (toggle && myStatus && inList): null

27-02-2025T17:23:15 - [TEST_STEP][PASSED] - if (!(myStatus) && inList || myStatus && !(inList)): null

27-02-2025T17:23:15 - [TEST_STEP][PASSED] - myValue = element.getAttribute("value"): null

27-02-2025T17:23:15 - [TEST_STEP][PASSED] - if (debug): null

27-02-2025T17:23:15 - [TEST_STEP][PASSED] - if (myValue.length() >= 4): null

27-02-2025T17:23:15 - [TEST_STEP][PASSED] - if (myValue.substring(0, 4) == "(!) "): null

27-02-2025T17:23:15 - [TEST_STEP][PASSED] - myType = element.getAttribute("type"): null

27-02-2025T17:23:15 - [TEST_STEP][PASSED] - if (myValue in varParms[i]): null

27-02-2025T17:23:15 - [TEST_STEP][PASSED] - else: null

27-02-2025T17:23:15 - [TEST_STEP][PASSED] - inList = false: null

27-02-2025T17:23:15 - [TEST_STEP][PASSED] - if (myType == "checkbox"): null

27-02-2025T17:23:15 - [TEST_STEP][PASSED] - myStatus = element.isSelected(): null

27-02-2025T17:23:15 - [TEST_STEP][PASSED] - if (debug): null

27-02-2025T17:23:15 - [TEST_STEP][PASSED] - if (toggle && myStatus && inList): null

27-02-2025T17:23:15 - [TEST_STEP][PASSED] - if (!(myStatus) && inList || myStatus && !(inList)): null

27-02-2025T17:23:15 - [TEST_STEP][PASSED] - myValue = element.getAttribute("value"): null

27-02-2025T17:23:15 - [TEST_STEP][PASSED] - if (debug): null

27-02-2025T17:23:15 - [TEST_STEP][PASSED] - if (myValue.length() >= 4): null

27-02-2025T17:23:15 - [TEST_STEP][PASSED] - if (myValue.substring(0, 4) == "(!) "): null

27-02-2025T17:23:15 - [TEST_STEP][PASSED] - myType = element.getAttribute("type"): null

27-02-2025T17:23:15 - [TEST_STEP][PASSED] - if (myValue in varParms[i]): null

27-02-2025T17:23:15 - [TEST_STEP][PASSED] - else: null

27-02-2025T17:23:15 - [TEST_STEP][PASSED] - inList = false: null

27-02-2025T17:23:15 - [TEST_STEP][PASSED] - if (myType == "checkbox"): null

27-02-2025T17:23:15 - [TEST_STEP][PASSED] - myStatus = element.isSelected(): null

27-02-2025T17:23:15 - [TEST_STEP][PASSED] - if (debug): null

27-02-2025T17:23:15 - [TEST_STEP][PASSED] - if (toggle && myStatus && inList): null

27-02-2025T17:23:15 - [TEST_STEP][PASSED] - if (!(myStatus) && inList || myStatus && !(inList)): null

27-02-2025T17:23:15 - [TEST_STEP][PASSED] - myValue = element.getAttribute("value"): null

27-02-2025T17:23:15 - [TEST_STEP][PASSED] - if (debug): null

27-02-2025T17:23:15 - [TEST_STEP][PASSED] - if (myValue.length() >= 4): null

27-02-2025T17:23:15 - [TEST_STEP][PASSED] - if (myValue.substring(0, 4) == "(!) "): null

27-02-2025T17:23:15 - [TEST_STEP][PASSED] - myType = element.getAttribute("type"): null

27-02-2025T17:23:15 - [TEST_STEP][PASSED] - if (myValue in varParms[i]): null

27-02-2025T17:23:15 - [TEST_STEP][PASSED] - else: null

27-02-2025T17:23:17 - [TEST_STEP][PASSED] - inList = false: null

27-02-2025T17:23:17 - [TEST_STEP][PASSED] - if (myType == "checkbox"): null

27-02-2025T17:23:17 - [TEST_STEP][PASSED] - myStatus = element.isSelected(): null

27-02-2025T17:23:17 - [TEST_STEP][PASSED] - if (debug): null

27-02-2025T17:23:17 - [TEST_STEP][PASSED] - if (toggle && myStatus && inList): null

27-02-2025T17:23:17 - [TEST_STEP][PASSED] - if (!(myStatus) && inList || myStatus && !(inList)): null

27-02-2025T17:23:17 - [TEST_STEP][PASSED] - myValue = element.getAttribute("value"): null

27-02-2025T17:23:17 - [TEST_STEP][PASSED] - if (debug): null

27-02-2025T17:23:20 - [TEST_STEP][PASSED] - if (myValue.length() >= 4): null

27-02-2025T17:23:20 - [TEST_STEP][PASSED] - if (myValue.substring(0, 4) == "(!) "): null

27-02-2025T17:23:20 - [TEST_STEP][PASSED] - myType = element.getAttribute("type"): null

27-02-2025T17:23:20 - [TEST_STEP][PASSED] - if (myValue in varParms[i]): null

27-02-2025T17:23:20 - [TEST_STEP][PASSED] - else: null

27-02-2025T17:23:20 - [TEST_STEP][PASSED] - inList = false: null

27-02-2025T17:23:20 - [TEST_STEP][PASSED] - if (myType == "checkbox"): null

27-02-2025T17:23:20 - [TEST_STEP][PASSED] - myStatus = element.isSelected(): null

27-02-2025T17:23:20 - [TEST_STEP][PASSED] - if (debug): null

27-02-2025T17:23:20 - [TEST_STEP][PASSED] - if (toggle && myStatus && inList): null

27-02-2025T17:23:20 - [TEST_STEP][PASSED] - if (!(myStatus) && inList || myStatus && !(inList)): null

27-02-2025T17:23:20 - [TEST_STEP][PASSED] - myValue = element.getAttribute("value"): null

27-02-2025T17:23:20 - [TEST_STEP][PASSED] - if (debug): null

27-02-2025T17:23:20 - [TEST_STEP][PASSED] - if (myValue.length() >= 4): null

27-02-2025T17:23:20 - [TEST_STEP][PASSED] - if (myValue.substring(0, 4) == "(!) "): null

27-02-2025T17:23:20 - [TEST_STEP][PASSED] - myType = element.getAttribute("type"): null

27-02-2025T17:23:20 - [TEST_STEP][PASSED] - if (myValue in varParms[i]): null

27-02-2025T17:23:20 - [TEST_STEP][PASSED] - else: null

27-02-2025T17:23:20 - [TEST_STEP][PASSED] - inList = false: null

27-02-2025T17:23:20 - [TEST_STEP][PASSED] - if (myType == "checkbox"): null

27-02-2025T17:23:20 - [TEST_STEP][PASSED] - myStatus = element.isSelected(): null

27-02-2025T17:23:20 - [TEST_STEP][PASSED] - if (debug): null

27-02-2025T17:23:20 - [TEST_STEP][PASSED] - if (toggle && myStatus && inList): null

27-02-2025T17:23:20 - [TEST_STEP][PASSED] - if (!(myStatus) && inList || myStatus && !(inList)): null

27-02-2025T17:23:20 - [TEST_STEP][PASSED] - myValue = element.getAttribute("value"): null

27-02-2025T17:23:20 - [TEST_STEP][PASSED] - if (debug): null

27-02-2025T17:23:20 - [TEST_STEP][PASSED] - if (myValue.length() >= 4): null

27-02-2025T17:23:20 - [TEST_STEP][PASSED] - if (myValue.substring(0, 4) == "(!) "): null

27-02-2025T17:23:20 - [TEST_STEP][PASSED] - myType = element.getAttribute("type"): null

27-02-2025T17:23:20 - [TEST_STEP][PASSED] - if (myValue in varParms[i]): null

27-02-2025T17:23:20 - [TEST_STEP][PASSED] - else: null

27-02-2025T17:23:20 - [TEST_STEP][PASSED] - inList = false: null

27-02-2025T17:23:20 - [TEST_STEP][PASSED] - if (myType == "checkbox"): null

27-02-2025T17:23:20 - [TEST_STEP][PASSED] - myStatus = element.isSelected(): null

27-02-2025T17:23:20 - [TEST_STEP][PASSED] - if (debug): null

27-02-2025T17:23:20 - [TEST_STEP][PASSED] - if (toggle && myStatus && inList): null

27-02-2025T17:23:20 - [TEST_STEP][PASSED] - if (!(myStatus) && inList || myStatus && !(inList)): null

27-02-2025T17:23:20 - [TEST_STEP][PASSED] - myValue = element.getAttribute("value"): null

27-02-2025T17:23:20 - [TEST_STEP][PASSED] - if (debug): null

27-02-2025T17:23:20 - [TEST_STEP][PASSED] - if (myValue.length() >= 4): null

27-02-2025T17:23:20 - [TEST_STEP][PASSED] - if (myValue.substring(0, 4) == "(!) "): null

27-02-2025T17:23:20 - [TEST_STEP][PASSED] - myType = element.getAttribute("type"): null

27-02-2025T17:23:20 - [TEST_STEP][PASSED] - if (myValue in varParms[i]): null

27-02-2025T17:23:20 - [TEST_STEP][PASSED] - else: null

27-02-2025T17:23:20 - [TEST_STEP][PASSED] - inList = false: null

27-02-2025T17:23:20 - [TEST_STEP][PASSED] - if (myType == "checkbox"): null

27-02-2025T17:23:20 - [TEST_STEP][PASSED] - myStatus = element.isSelected(): null

27-02-2025T17:23:20 - [TEST_STEP][PASSED] - if (debug): null

27-02-2025T17:23:20 - [TEST_STEP][PASSED] - if (toggle && myStatus && inList): null

27-02-2025T17:23:20 - [TEST_STEP][PASSED] - if (!(myStatus) && inList || myStatus && !(inList)): null

27-02-2025T17:23:20 - [TEST_STEP][PASSED] - myValue = element.getAttribute("value"): null

27-02-2025T17:23:20 - [TEST_STEP][PASSED] - if (debug): null

27-02-2025T17:23:20 - [TEST_STEP][PASSED] - if (myValue.length() >= 4): null

27-02-2025T17:23:20 - [TEST_STEP][PASSED] - if (myValue.substring(0, 4) == "(!) "): null

27-02-2025T17:23:20 - [TEST_STEP][PASSED] - myType = element.getAttribute("type"): null

27-02-2025T17:23:20 - [TEST_STEP][PASSED] - if (myValue in varParms[i]): null

27-02-2025T17:23:20 - [TEST_STEP][PASSED] - else: null

27-02-2025T17:23:20 - [TEST_STEP][PASSED] - inList = false: null

27-02-2025T17:23:20 - [TEST_STEP][PASSED] - if (myType == "checkbox"): null

27-02-2025T17:23:20 - [TEST_STEP][PASSED] - myStatus = element.isSelected(): null

27-02-2025T17:23:20 - [TEST_STEP][PASSED] - if (debug): null

27-02-2025T17:23:20 - [TEST_STEP][PASSED] - if (toggle && myStatus && inList): null

27-02-2025T17:23:20 - [TEST_STEP][PASSED] - if (!(myStatus) && inList || myStatus && !(inList)): null

27-02-2025T17:23:20 - [TEST_STEP][PASSED] - myValue = element.getAttribute("value"): null

27-02-2025T17:23:20 - [TEST_STEP][PASSED] - if (debug): null

27-02-2025T17:23:20 - [TEST_STEP][PASSED] - if (myValue.length() >= 4): null

27-02-2025T17:23:20 - [TEST_STEP][PASSED] - if (myValue.substring(0, 4) == "(!) "): null

27-02-2025T17:23:20 - [TEST_STEP][PASSED] - myType = element.getAttribute("type"): null

27-02-2025T17:23:20 - [TEST_STEP][PASSED] - if (myValue in varParms[i]): null

27-02-2025T17:23:20 - [TEST_STEP][PASSED] - else: null

27-02-2025T17:23:20 - [TEST_STEP][PASSED] - inList = false: null

27-02-2025T17:23:20 - [TEST_STEP][PASSED] - if (myType == "checkbox"): null

27-02-2025T17:23:20 - [TEST_STEP][PASSED] - myStatus = element.isSelected(): null

27-02-2025T17:23:20 - [TEST_STEP][PASSED] - if (debug): null

27-02-2025T17:23:20 - [TEST_STEP][PASSED] - if (toggle && myStatus && inList): null

27-02-2025T17:23:20 - [TEST_STEP][PASSED] - if (!(myStatus) && inList || myStatus && !(inList)): null

27-02-2025T17:23:20 - [TEST_STEP][PASSED] - myValue = element.getAttribute("value"): null

27-02-2025T17:23:20 - [TEST_STEP][PASSED] - if (debug): null

27-02-2025T17:23:20 - [TEST_STEP][PASSED] - if (myValue.length() >= 4): null

27-02-2025T17:23:20 - [TEST_STEP][PASSED] - if (myValue.substring(0, 4) == "(!) "): null

27-02-2025T17:23:20 - [TEST_STEP][PASSED] - myType = element.getAttribute("type"): null

27-02-2025T17:23:20 - [TEST_STEP][PASSED] - if (myValue in varParms[i]): null

27-02-2025T17:23:20 - [TEST_STEP][PASSED] - else: null

27-02-2025T17:23:20 - [TEST_STEP][PASSED] - inList = false: null

27-02-2025T17:23:20 - [TEST_STEP][PASSED] - if (myType == "checkbox"): null

27-02-2025T17:23:20 - [TEST_STEP][PASSED] - myStatus = element.isSelected(): null

27-02-2025T17:23:20 - [TEST_STEP][PASSED] - if (debug): null

27-02-2025T17:23:20 - [TEST_STEP][PASSED] - if (toggle && myStatus && inList): null

27-02-2025T17:23:20 - [TEST_STEP][PASSED] - if (!(myStatus) && inList || myStatus && !(inList)): null

27-02-2025T17:23:20 - [TEST_STEP][PASSED] - myValue = element.getAttribute("value"): null

27-02-2025T17:23:20 - [TEST_STEP][PASSED] - if (debug): null

27-02-2025T17:23:20 - [TEST_STEP][PASSED] - if (myValue.length() >= 4): null

27-02-2025T17:23:20 - [TEST_STEP][PASSED] - if (myValue.substring(0, 4) == "(!) "): null

27-02-2025T17:23:20 - [TEST_STEP][PASSED] - myType = element.getAttribute("type"): null

27-02-2025T17:23:20 - [TEST_STEP][PASSED] - if (myValue in varParms[i]): null

27-02-2025T17:23:20 - [TEST_STEP][PASSED] - else: null

27-02-2025T17:23:20 - [TEST_STEP][PASSED] - inList = false: null

27-02-2025T17:23:20 - [TEST_STEP][PASSED] - if (myType == "checkbox"): null

27-02-2025T17:23:20 - [TEST_STEP][PASSED] - myStatus = element.isSelected(): null

27-02-2025T17:23:20 - [TEST_STEP][PASSED] - if (debug): null

27-02-2025T17:23:20 - [TEST_STEP][PASSED] - if (toggle && myStatus && inList): null

27-02-2025T17:23:20 - [TEST_STEP][PASSED] - if (!(myStatus) && inList || myStatus && !(inList)): null

27-02-2025T17:23:20 - [TEST_STEP][PASSED] - myValue = element.getAttribute("value"): null

27-02-2025T17:23:20 - [TEST_STEP][PASSED] - if (debug): null

27-02-2025T17:23:20 - [TEST_STEP][PASSED] - if (myValue.length() >= 4): null

27-02-2025T17:23:20 - [TEST_STEP][PASSED] - if (myValue.substring(0, 4) == "(!) "): null

27-02-2025T17:23:20 - [TEST_STEP][PASSED] - myType = element.getAttribute("type"): null

27-02-2025T17:23:20 - [TEST_STEP][PASSED] - if (myValue in varParms[i]): null

27-02-2025T17:23:20 - [TEST_STEP][PASSED] - else: null

27-02-2025T17:23:20 - [TEST_STEP][PASSED] - inList = false: null

27-02-2025T17:23:20 - [TEST_STEP][PASSED] - if (myType == "checkbox"): null

27-02-2025T17:23:20 - [TEST_STEP][PASSED] - myStatus = element.isSelected(): null

27-02-2025T17:23:20 - [TEST_STEP][PASSED] - if (debug): null

27-02-2025T17:23:20 - [TEST_STEP][PASSED] - if (toggle && myStatus && inList): null

27-02-2025T17:23:20 - [TEST_STEP][PASSED] - if (!(myStatus) && inList || myStatus && !(inList)): null

27-02-2025T17:23:20 - [TEST_STEP][PASSED] - myValue = element.getAttribute("value"): null

27-02-2025T17:23:20 - [TEST_STEP][PASSED] - if (debug): null

27-02-2025T17:23:20 - [TEST_STEP][PASSED] - if (myValue.length() >= 4): null

27-02-2025T17:23:20 - [TEST_STEP][PASSED] - if (myValue.substring(0, 4) == "(!) "): null

27-02-2025T17:23:20 - [TEST_STEP][PASSED] - myType = element.getAttribute("type"): null

27-02-2025T17:23:20 - [TEST_STEP][PASSED] - if (myValue in varParms[i]): null

27-02-2025T17:23:20 - [TEST_STEP][PASSED] - else: null

27-02-2025T17:23:20 - [TEST_STEP][PASSED] - inList = false: null

27-02-2025T17:23:20 - [TEST_STEP][PASSED] - if (myType == "checkbox"): null

27-02-2025T17:23:20 - [TEST_STEP][PASSED] - myStatus = element.isSelected(): null

27-02-2025T17:23:20 - [TEST_STEP][PASSED] - if (debug): null

27-02-2025T17:23:20 - [TEST_STEP][PASSED] - if (toggle && myStatus && inList): null

27-02-2025T17:23:20 - [TEST_STEP][PASSED] - if (!(myStatus) && inList || myStatus && !(inList)): null

27-02-2025T17:23:20 - [TEST_STEP][PASSED] - myValue = element.getAttribute("value"): null

27-02-2025T17:23:20 - [TEST_STEP][PASSED] - if (debug): null

27-02-2025T17:23:20 - [TEST_STEP][PASSED] - if (myValue.length() >= 4): null

27-02-2025T17:23:20 - [TEST_STEP][PASSED] - if (myValue.substring(0, 4) == "(!) "): null

27-02-2025T17:23:20 - [TEST_STEP][PASSED] - myType = element.getAttribute("type"): null

27-02-2025T17:23:20 - [TEST_STEP][PASSED] - if (myValue in varParms[i]): null

27-02-2025T17:23:20 - [TEST_STEP][PASSED] - else: null

27-02-2025T17:23:20 - [TEST_STEP][PASSED] - inList = false: null

27-02-2025T17:23:20 - [TEST_STEP][PASSED] - if (myType == "checkbox"): null

27-02-2025T17:23:20 - [TEST_STEP][PASSED] - myStatus = element.isSelected(): null

27-02-2025T17:23:20 - [TEST_STEP][PASSED] - if (debug): null

27-02-2025T17:23:20 - [TEST_STEP][PASSED] - if (toggle && myStatus && inList): null

27-02-2025T17:23:20 - [TEST_STEP][PASSED] - if (!(myStatus) && inList || myStatus && !(inList)): null

27-02-2025T17:23:20 - [TEST_STEP][PASSED] - myValue = element.getAttribute("value"): null

27-02-2025T17:23:20 - [TEST_STEP][PASSED] - if (debug): null

27-02-2025T17:23:20 - [TEST_STEP][PASSED] - if (myValue.length() >= 4): null

27-02-2025T17:23:20 - [TEST_STEP][PASSED] - if (myValue.substring(0, 4) == "(!) "): null

27-02-2025T17:23:20 - [TEST_STEP][PASSED] - myType = element.getAttribute("type"): null

27-02-2025T17:23:20 - [TEST_STEP][PASSED] - if (myValue in varParms[i]): null

27-02-2025T17:23:20 - [TEST_STEP][PASSED] - else: null

27-02-2025T17:23:20 - [TEST_STEP][PASSED] - inList = false: null

27-02-2025T17:23:20 - [TEST_STEP][PASSED] - if (myType == "checkbox"): null

27-02-2025T17:23:20 - [TEST_STEP][PASSED] - myStatus = element.isSelected(): null

27-02-2025T17:23:20 - [TEST_STEP][PASSED] - if (debug): null

27-02-2025T17:23:20 - [TEST_STEP][PASSED] - if (toggle && myStatus && inList): null

27-02-2025T17:23:20 - [TEST_STEP][PASSED] - if (!(myStatus) && inList || myStatus && !(inList)): null

27-02-2025T17:23:20 - [TEST_STEP][PASSED] - myValue = element.getAttribute("value"): null

27-02-2025T17:23:20 - [TEST_STEP][PASSED] - if (debug): null

27-02-2025T17:23:20 - [TEST_STEP][PASSED] - if (myValue.length() >= 4): null

27-02-2025T17:23:20 - [TEST_STEP][PASSED] - if (myValue.substring(0, 4) == "(!) "): null

27-02-2025T17:23:20 - [TEST_STEP][PASSED] - myType = element.getAttribute("type"): null

27-02-2025T17:23:20 - [TEST_STEP][PASSED] - if (myValue in varParms[i]): null

27-02-2025T17:23:20 - [TEST_STEP][PASSED] - else: null

27-02-2025T17:23:20 - [TEST_STEP][PASSED] - inList = false: null

27-02-2025T17:23:20 - [TEST_STEP][PASSED] - if (myType == "checkbox"): null

27-02-2025T17:23:20 - [TEST_STEP][PASSED] - myStatus = element.isSelected(): null

27-02-2025T17:23:20 - [TEST_STEP][PASSED] - if (debug): null

27-02-2025T17:23:20 - [TEST_STEP][PASSED] - if (toggle && myStatus && inList): null

27-02-2025T17:23:20 - [TEST_STEP][PASSED] - if (!(myStatus) && inList || myStatus && !(inList)): null

27-02-2025T17:23:20 - [TEST_STEP][PASSED] - myValue = element.getAttribute("value"): null

27-02-2025T17:23:20 - [TEST_STEP][PASSED] - if (debug): null

27-02-2025T17:23:20 - [TEST_STEP][PASSED] - if (myValue.length() >= 4): null

27-02-2025T17:23:20 - [TEST_STEP][PASSED] - if (myValue.substring(0, 4) == "(!) "): null

27-02-2025T17:23:20 - [TEST_STEP][PASSED] - myType = element.getAttribute("type"): null

27-02-2025T17:23:20 - [TEST_STEP][PASSED] - if (myValue in varParms[i]): null

27-02-2025T17:23:20 - [TEST_STEP][PASSED] - else: null

27-02-2025T17:23:20 - [TEST_STEP][PASSED] - inList = false: null

27-02-2025T17:23:20 - [TEST_STEP][PASSED] - if (myType == "checkbox"): null

27-02-2025T17:23:20 - [TEST_STEP][PASSED] - myStatus = element.isSelected(): null

27-02-2025T17:23:20 - [TEST_STEP][PASSED] - if (debug): null

27-02-2025T17:23:20 - [TEST_STEP][PASSED] - if (toggle && myStatus && inList): null

27-02-2025T17:23:20 - [TEST_STEP][PASSED] - if (!(myStatus) && inList || myStatus && !(inList)): null

27-02-2025T17:23:20 - [TEST_STEP][PASSED] - myValue = element.getAttribute("value"): null

27-02-2025T17:23:20 - [TEST_STEP][PASSED] - if (debug): null

27-02-2025T17:23:20 - [TEST_STEP][PASSED] - if (myValue.length() >= 4): null

27-02-2025T17:23:20 - [TEST_STEP][PASSED] - if (myValue.substring(0, 4) == "(!) "): null

27-02-2025T17:23:20 - [TEST_STEP][PASSED] - myType = element.getAttribute("type"): null

27-02-2025T17:23:20 - [TEST_STEP][PASSED] - if (myValue in varParms[i]): null

27-02-2025T17:23:20 - [TEST_STEP][PASSED] - else: null

27-02-2025T17:23:20 - [TEST_STEP][PASSED] - inList = false: null

27-02-2025T17:23:20 - [TEST_STEP][PASSED] - if (myType == "checkbox"): null

27-02-2025T17:23:20 - [TEST_STEP][PASSED] - myStatus = element.isSelected(): null

27-02-2025T17:23:20 - [TEST_STEP][PASSED] - if (debug): null

27-02-2025T17:23:20 - [TEST_STEP][PASSED] - if (toggle && myStatus && inList): null

27-02-2025T17:23:20 - [TEST_STEP][PASSED] - if (!(myStatus) && inList || myStatus && !(inList)): null

27-02-2025T17:23:20 - [TEST_STEP][PASSED] - myValue = element.getAttribute("value"): null

27-02-2025T17:23:20 - [TEST_STEP][PASSED] - if (debug): null

27-02-2025T17:23:20 - [TEST_STEP][PASSED] - if (myValue.length() >= 4): null

27-02-2025T17:23:20 - [TEST_STEP][PASSED] - if (myValue.substring(0, 4) == "(!) "): null

27-02-2025T17:23:20 - [TEST_STEP][PASSED] - myType = element.getAttribute("type"): null

27-02-2025T17:23:20 - [TEST_STEP][PASSED] - if (myValue in varParms[i]): null

27-02-2025T17:23:20 - [TEST_STEP][PASSED] - else: null

27-02-2025T17:23:20 - [TEST_STEP][PASSED] - inList = false: null

27-02-2025T17:23:20 - [TEST_STEP][PASSED] - if (myType == "checkbox"): null

27-02-2025T17:23:20 - [TEST_STEP][PASSED] - myStatus = element.isSelected(): null

27-02-2025T17:23:20 - [TEST_STEP][PASSED] - if (debug): null

27-02-2025T17:23:20 - [TEST_STEP][PASSED] - if (toggle && myStatus && inList): null

27-02-2025T17:23:20 - [TEST_STEP][PASSED] - if (!(myStatus) && inList || myStatus && !(inList)): null

27-02-2025T17:23:20 - [TEST_STEP][PASSED] - myValue = element.getAttribute("value"): null

27-02-2025T17:23:20 - [TEST_STEP][PASSED] - if (debug): null

27-02-2025T17:23:20 - [TEST_STEP][PASSED] - if (myValue.length() >= 4): null

27-02-2025T17:23:20 - [TEST_STEP][PASSED] - if (myValue.substring(0, 4) == "(!) "): null

27-02-2025T17:23:20 - [TEST_STEP][PASSED] - myType = element.getAttribute("type"): null

27-02-2025T17:23:20 - [TEST_STEP][PASSED] - if (myValue in varParms[i]): null

27-02-2025T17:23:20 - [TEST_STEP][PASSED] - else: null

27-02-2025T17:23:20 - [TEST_STEP][PASSED] - inList = false: null

27-02-2025T17:23:20 - [TEST_STEP][PASSED] - if (myType == "checkbox"): null

27-02-2025T17:23:20 - [TEST_STEP][PASSED] - myStatus = element.isSelected(): null

27-02-2025T17:23:20 - [TEST_STEP][PASSED] - if (debug): null

27-02-2025T17:23:20 - [TEST_STEP][PASSED] - if (toggle && myStatus && inList): null

27-02-2025T17:23:20 - [TEST_STEP][PASSED] - if (!(myStatus) && inList || myStatus && !(inList)): null

27-02-2025T17:23:20 - [TEST_STEP][PASSED] - myValue = element.getAttribute("value"): null

27-02-2025T17:23:20 - [TEST_STEP][PASSED] - if (debug): null

27-02-2025T17:23:20 - [TEST_STEP][PASSED] - if (myValue.length() >= 4): null

27-02-2025T17:23:20 - [TEST_STEP][PASSED] - if (myValue.substring(0, 4) == "(!) "): null

27-02-2025T17:23:20 - [TEST_STEP][PASSED] - myType = element.getAttribute("type"): null

27-02-2025T17:23:20 - [TEST_STEP][PASSED] - if (myValue in varParms[i]): null

27-02-2025T17:23:20 - [TEST_STEP][PASSED] - inList = true: null

27-02-2025T17:23:20 - [TEST_STEP][PASSED] - if (myType == "checkbox"): null

27-02-2025T17:23:20 - [TEST_STEP][PASSED] - myStatus = element.isSelected(): null

27-02-2025T17:23:20 - [TEST_STEP][PASSED] - if (debug): null

27-02-2025T17:23:20 - [TEST_STEP][PASSED] - if (toggle && myStatus && inList): null

27-02-2025T17:23:20 - [TEST_STEP][PASSED] - if (!(myStatus) && inList || myStatus && !(inList)): null

27-02-2025T17:23:20 - [TEST_STEP][PASSED] - if (debug): null

27-02-2025T17:23:20 - [TEST_STEP][PASSED] - println("Clicking " + myValue): null

27-02-2025T17:23:20 - [TEST_STEP][PASSED] - click(element): null

27-02-2025T17:23:20 - [TEST_STEP][PASSED] - scrollToObject(elem): null

27-02-2025T17:23:20 - [TEST_STEP][PASSED] - loc = element.getLocation(): null

27-02-2025T17:23:20 - [TEST_STEP][PASSED] - if (debug): null

27-02-2025T17:23:20 - [TEST_STEP][PASSED] - y = loc.getY(): null

27-02-2025T17:23:20 - [TEST_STEP][PASSED] - println("Y location is " + y): null

27-02-2025T17:23:20 - [TEST_STEP][PASSED] - top = getViewportTopPosition(): Current viewport's top (y) position is 0

27-02-2025T17:23:20 - [MESSAGE][PASSED] - Current viewport's top (y) position is 0

27-02-2025T17:23:20 - [TEST_STEP][PASSED] - println("Viewport top is " + top): null

27-02-2025T17:23:20 - [TEST_STEP][PASSED] - bottom = top + 600: null

27-02-2025T17:23:20 - [TEST_STEP][PASSED] - if (y - top < 150 || bottom - y < 10): Delayed 1 second(s)

27-02-2025T17:23:20 - [TEST_STEP][PASSED] - scrollToPosition(0, y - 150): Browser is scrolled to position x = 0, y = 481

27-02-2025T17:23:20 - [MESSAGE][PASSED] - Browser is scrolled to position x = 0, y = 481

27-02-2025T17:23:20 - [TEST_STEP][PASSED] - delay(1): Delayed 1 second(s)

27-02-2025T17:23:21 - [MESSAGE][PASSED] - Delayed 1 second(s)

27-02-2025T17:23:21 - [TEST_STEP][PASSED] - elem.click(): null

27-02-2025T17:23:21 - [TEST_STEP][PASSED] - myValue = element.getAttribute("value"): null

27-02-2025T17:23:21 - [TEST_STEP][PASSED] - if (debug): null

27-02-2025T17:23:21 - [TEST_STEP][PASSED] - if (myValue.length() >= 4): null

27-02-2025T17:23:21 - [TEST_STEP][PASSED] - if (myValue.substring(0, 4) == "(!) "): null

27-02-2025T17:23:21 - [TEST_STEP][PASSED] - myType = element.getAttribute("type"): null

27-02-2025T17:23:21 - [TEST_STEP][PASSED] - if (myValue in varParms[i]): null

27-02-2025T17:23:21 - [TEST_STEP][PASSED] - inList = true: null

27-02-2025T17:23:21 - [TEST_STEP][PASSED] - if (myType == "checkbox"): null

27-02-2025T17:23:21 - [TEST_STEP][PASSED] - myStatus = element.isSelected(): null

27-02-2025T17:23:21 - [TEST_STEP][PASSED] - if (debug): null

27-02-2025T17:23:21 - [TEST_STEP][PASSED] - if (toggle && myStatus && inList): null

27-02-2025T17:23:21 - [TEST_STEP][PASSED] - if (!(myStatus) && inList || myStatus && !(inList)): null

27-02-2025T17:23:21 - [TEST_STEP][PASSED] - if (debug): null

27-02-2025T17:23:21 - [TEST_STEP][PASSED] - println("Clicking " + myValue): null

27-02-2025T17:23:21 - [TEST_STEP][PASSED] - click(element): null

27-02-2025T17:23:21 - [TEST_STEP][PASSED] - scrollToObject(elem): null

27-02-2025T17:23:21 - [TEST_STEP][PASSED] - loc = element.getLocation(): null

27-02-2025T17:23:21 - [TEST_STEP][PASSED] - if (debug): null

27-02-2025T17:23:21 - [TEST_STEP][PASSED] - y = loc.getY(): null

27-02-2025T17:23:21 - [TEST_STEP][PASSED] - println("Y location is " + y): null

27-02-2025T17:23:21 - [TEST_STEP][PASSED] - top = getViewportTopPosition(): Current viewport's top (y) position is 481

27-02-2025T17:23:21 - [MESSAGE][PASSED] - Current viewport's top (y) position is 481

27-02-2025T17:23:21 - [TEST_STEP][PASSED] - println("Viewport top is " + top): null

27-02-2025T17:23:21 - [TEST_STEP][PASSED] - bottom = top + 600: null

27-02-2025T17:23:21 - [TEST_STEP][PASSED] - if (y - top < 150 || bottom - y < 10): null

27-02-2025T17:23:21 - [TEST_STEP][PASSED] - elem.click(): null

27-02-2025T17:23:21 - [TEST_STEP][PASSED] - myValue = element.getAttribute("value"): null

27-02-2025T17:23:21 - [TEST_STEP][PASSED] - if (debug): null

27-02-2025T17:23:21 - [TEST_STEP][PASSED] - if (myValue.length() >= 4): null

27-02-2025T17:23:21 - [TEST_STEP][PASSED] - if (myValue.substring(0, 4) == "(!) "): null

27-02-2025T17:23:21 - [TEST_STEP][PASSED] - myType = element.getAttribute("type"): null

27-02-2025T17:23:21 - [TEST_STEP][PASSED] - if (myValue in varParms[i]): null

27-02-2025T17:23:21 - [TEST_STEP][PASSED] - else: null

27-02-2025T17:23:25 - [TEST_STEP][PASSED] - inList = false: null

27-02-2025T17:23:25 - [TEST_STEP][PASSED] - if (myType == "checkbox"): null

27-02-2025T17:23:25 - [TEST_STEP][PASSED] - myStatus = element.isSelected(): null

27-02-2025T17:23:25 - [TEST_STEP][PASSED] - if (debug): null

27-02-2025T17:23:25 - [TEST_STEP][PASSED] - if (toggle && myStatus && inList): null

27-02-2025T17:23:25 - [TEST_STEP][PASSED] - if (!(myStatus) && inList || myStatus && !(inList)): null

27-02-2025T17:23:25 - [TEST_STEP][PASSED] - myValue = element.getAttribute("value"): null

27-02-2025T17:23:25 - [TEST_STEP][PASSED] - if (debug): null

27-02-2025T17:23:29 - [TEST_STEP][PASSED] - if (myValue.length() >= 4): null

27-02-2025T17:23:29 - [TEST_STEP][PASSED] - if (myValue.substring(0, 4) == "(!) "): null

27-02-2025T17:23:29 - [TEST_STEP][PASSED] - myType = element.getAttribute("type"): null

27-02-2025T17:23:29 - [TEST_STEP][PASSED] - if (myValue in varParms[i]): null

27-02-2025T17:23:29 - [TEST_STEP][PASSED] - else: null

27-02-2025T17:23:29 - [TEST_STEP][PASSED] - inList = false: null

27-02-2025T17:23:29 - [TEST_STEP][PASSED] - if (myType == "checkbox"): null

27-02-2025T17:23:29 - [TEST_STEP][PASSED] - myStatus = element.isSelected(): null

27-02-2025T17:23:29 - [TEST_STEP][PASSED] - if (debug): null

27-02-2025T17:23:29 - [TEST_STEP][PASSED] - if (toggle && myStatus && inList): null

27-02-2025T17:23:29 - [TEST_STEP][PASSED] - if (!(myStatus) && inList || myStatus && !(inList)): null

27-02-2025T17:23:29 - [TEST_STEP][PASSED] - myValue = element.getAttribute("value"): null

27-02-2025T17:23:29 - [TEST_STEP][PASSED] - if (debug): null

27-02-2025T17:23:29 - [TEST_STEP][PASSED] - if (myValue.length() >= 4): null

27-02-2025T17:23:29 - [TEST_STEP][PASSED] - if (myValue.substring(0, 4) == "(!) "): null

27-02-2025T17:23:29 - [TEST_STEP][PASSED] - myType = element.getAttribute("type"): null

27-02-2025T17:23:29 - [TEST_STEP][PASSED] - if (myValue in varParms[i]): null

27-02-2025T17:23:29 - [TEST_STEP][PASSED] - else: null

27-02-2025T17:23:29 - [TEST_STEP][PASSED] - inList = false: null

27-02-2025T17:23:29 - [TEST_STEP][PASSED] - if (myType == "checkbox"): null

27-02-2025T17:23:29 - [TEST_STEP][PASSED] - myStatus = element.isSelected(): null

27-02-2025T17:23:29 - [TEST_STEP][PASSED] - if (debug): null

27-02-2025T17:23:29 - [TEST_STEP][PASSED] - if (toggle && myStatus && inList): null

27-02-2025T17:23:29 - [TEST_STEP][PASSED] - if (!(myStatus) && inList || myStatus && !(inList)): null

27-02-2025T17:23:29 - [TEST_STEP][PASSED] - myValue = element.getAttribute("value"): null

27-02-2025T17:23:29 - [TEST_STEP][PASSED] - if (debug): null

27-02-2025T17:23:29 - [TEST_STEP][PASSED] - if (myValue.length() >= 4): null

27-02-2025T17:23:29 - [TEST_STEP][PASSED] - if (myValue.substring(0, 4) == "(!) "): null

27-02-2025T17:23:29 - [TEST_STEP][PASSED] - myType = element.getAttribute("type"): null

27-02-2025T17:23:29 - [TEST_STEP][PASSED] - if (myValue in varParms[i]): null

27-02-2025T17:23:29 - [TEST_STEP][PASSED] - else: null

27-02-2025T17:23:29 - [TEST_STEP][PASSED] - inList = false: null

27-02-2025T17:23:29 - [TEST_STEP][PASSED] - if (myType == "checkbox"): null

27-02-2025T17:23:29 - [TEST_STEP][PASSED] - myStatus = element.isSelected(): null

27-02-2025T17:23:29 - [TEST_STEP][PASSED] - if (debug): null

27-02-2025T17:23:29 - [TEST_STEP][PASSED] - if (toggle && myStatus && inList): null

27-02-2025T17:23:29 - [TEST_STEP][PASSED] - if (!(myStatus) && inList || myStatus && !(inList)): null

27-02-2025T17:23:29 - [TEST_STEP][PASSED] - myValue = element.getAttribute("value"): null

27-02-2025T17:23:29 - [TEST_STEP][PASSED] - if (debug): null

27-02-2025T17:23:29 - [TEST_STEP][PASSED] - if (myValue.length() >= 4): null

27-02-2025T17:23:29 - [TEST_STEP][PASSED] - if (myValue.substring(0, 4) == "(!) "): null

27-02-2025T17:23:29 - [TEST_STEP][PASSED] - myType = element.getAttribute("type"): null

27-02-2025T17:23:29 - [TEST_STEP][PASSED] - if (myValue in varParms[i]): null

27-02-2025T17:23:29 - [TEST_STEP][PASSED] - else: null

27-02-2025T17:23:29 - [TEST_STEP][PASSED] - inList = false: null

27-02-2025T17:23:29 - [TEST_STEP][PASSED] - if (myType == "checkbox"): null

27-02-2025T17:23:29 - [TEST_STEP][PASSED] - myStatus = element.isSelected(): null

27-02-2025T17:23:29 - [TEST_STEP][PASSED] - if (debug): null

27-02-2025T17:23:29 - [TEST_STEP][PASSED] - if (toggle && myStatus && inList): null

27-02-2025T17:23:29 - [TEST_STEP][PASSED] - if (!(myStatus) && inList || myStatus && !(inList)): null

27-02-2025T17:23:29 - [TEST_STEP][PASSED] - myValue = element.getAttribute("value"): null

27-02-2025T17:23:29 - [TEST_STEP][PASSED] - if (debug): null

27-02-2025T17:23:29 - [TEST_STEP][PASSED] - if (myValue.length() >= 4): null

27-02-2025T17:23:29 - [TEST_STEP][PASSED] - if (myValue.substring(0, 4) == "(!) "): null

27-02-2025T17:23:29 - [TEST_STEP][PASSED] - myType = element.getAttribute("type"): null

27-02-2025T17:23:29 - [TEST_STEP][PASSED] - if (myValue in varParms[i]): null

27-02-2025T17:23:29 - [TEST_STEP][PASSED] - else: null

27-02-2025T17:23:29 - [TEST_STEP][PASSED] - inList = false: null

27-02-2025T17:23:29 - [TEST_STEP][PASSED] - if (myType == "checkbox"): null

27-02-2025T17:23:29 - [TEST_STEP][PASSED] - myStatus = element.isSelected(): null

27-02-2025T17:23:29 - [TEST_STEP][PASSED] - if (debug): null

27-02-2025T17:23:29 - [TEST_STEP][PASSED] - if (toggle && myStatus && inList): null

27-02-2025T17:23:29 - [TEST_STEP][PASSED] - if (!(myStatus) && inList || myStatus && !(inList)): null

27-02-2025T17:23:29 - [TEST_STEP][PASSED] - myValue = element.getAttribute("value"): null

27-02-2025T17:23:29 - [TEST_STEP][PASSED] - if (debug): null

27-02-2025T17:23:29 - [TEST_STEP][PASSED] - if (myValue.length() >= 4): null

27-02-2025T17:23:29 - [TEST_STEP][PASSED] - if (myValue.substring(0, 4) == "(!) "): null

27-02-2025T17:23:29 - [TEST_STEP][PASSED] - myType = element.getAttribute("type"): null

27-02-2025T17:23:29 - [TEST_STEP][PASSED] - if (myValue in varParms[i]): null

27-02-2025T17:23:29 - [TEST_STEP][PASSED] - inList = true: null

27-02-2025T17:23:29 - [TEST_STEP][PASSED] - if (myType == "checkbox"): null

27-02-2025T17:23:29 - [TEST_STEP][PASSED] - myStatus = element.isSelected(): null

27-02-2025T17:23:29 - [TEST_STEP][PASSED] - if (debug): null

27-02-2025T17:23:29 - [TEST_STEP][PASSED] - if (toggle && myStatus && inList): null

27-02-2025T17:23:29 - [TEST_STEP][PASSED] - if (!(myStatus) && inList || myStatus && !(inList)): null

27-02-2025T17:23:29 - [TEST_STEP][PASSED] - if (debug): null

27-02-2025T17:23:29 - [TEST_STEP][PASSED] - println("Clicking " + myValue): null

27-02-2025T17:23:29 - [TEST_STEP][PASSED] - click(element): null

27-02-2025T17:23:29 - [TEST_STEP][PASSED] - scrollToObject(elem): null

27-02-2025T17:23:29 - [TEST_STEP][PASSED] - loc = element.getLocation(): null

27-02-2025T17:23:29 - [TEST_STEP][PASSED] - if (debug): null

27-02-2025T17:23:29 - [TEST_STEP][PASSED] - y = loc.getY(): null

27-02-2025T17:23:29 - [TEST_STEP][PASSED] - println("Y location is " + y): null

27-02-2025T17:23:29 - [TEST_STEP][PASSED] - top = getViewportTopPosition(): Current viewport's top (y) position is 481

27-02-2025T17:23:29 - [MESSAGE][PASSED] - Current viewport's top (y) position is 481

27-02-2025T17:23:29 - [TEST_STEP][PASSED] - println("Viewport top is " + top): null

27-02-2025T17:23:29 - [TEST_STEP][PASSED] - bottom = top + 600: null

27-02-2025T17:23:29 - [TEST_STEP][PASSED] - if (y - top < 150 || bottom - y < 10): null

27-02-2025T17:23:29 - [TEST_STEP][PASSED] - elem.click(): null

27-02-2025T17:23:29 - [TEST_STEP][PASSED] - myValue = element.getAttribute("value"): null

27-02-2025T17:23:29 - [TEST_STEP][PASSED] - if (debug): null

27-02-2025T17:23:29 - [TEST_STEP][PASSED] - if (myValue.length() >= 4): null

27-02-2025T17:23:29 - [TEST_STEP][PASSED] - if (myValue.substring(0, 4) == "(!) "): null

27-02-2025T17:23:29 - [TEST_STEP][PASSED] - myType = element.getAttribute("type"): null

27-02-2025T17:23:29 - [TEST_STEP][PASSED] - if (myValue in varParms[i]): null

27-02-2025T17:23:29 - [TEST_STEP][PASSED] - else: null

27-02-2025T17:23:29 - [TEST_STEP][PASSED] - inList = false: null

27-02-2025T17:23:29 - [TEST_STEP][PASSED] - if (myType == "checkbox"): null

27-02-2025T17:23:29 - [TEST_STEP][PASSED] - myStatus = element.isSelected(): null

27-02-2025T17:23:29 - [TEST_STEP][PASSED] - if (debug): null

27-02-2025T17:23:29 - [TEST_STEP][PASSED] - if (toggle && myStatus && inList): null

27-02-2025T17:23:29 - [TEST_STEP][PASSED] - if (!(myStatus) && inList || myStatus && !(inList)): null

27-02-2025T17:23:29 - [TEST_STEP][PASSED] - myValue = element.getAttribute("value"): null

27-02-2025T17:23:29 - [TEST_STEP][PASSED] - if (debug): null

27-02-2025T17:23:29 - [TEST_STEP][PASSED] - if (myValue.length() >= 4): null

27-02-2025T17:23:29 - [TEST_STEP][PASSED] - if (myValue.substring(0, 4) == "(!) "): null

27-02-2025T17:23:29 - [TEST_STEP][PASSED] - myType = element.getAttribute("type"): null

27-02-2025T17:23:29 - [TEST_STEP][PASSED] - if (myValue in varParms[i]): null

27-02-2025T17:23:29 - [TEST_STEP][PASSED] - else: null

27-02-2025T17:23:29 - [TEST_STEP][PASSED] - inList = false: null

27-02-2025T17:23:29 - [TEST_STEP][PASSED] - if (myType == "checkbox"): null

27-02-2025T17:23:29 - [TEST_STEP][PASSED] - myStatus = element.isSelected(): null

27-02-2025T17:23:29 - [TEST_STEP][PASSED] - if (debug): null

27-02-2025T17:23:29 - [TEST_STEP][PASSED] - if (toggle && myStatus && inList): null

27-02-2025T17:23:29 - [TEST_STEP][PASSED] - if (!(myStatus) && inList || myStatus && !(inList)): null

27-02-2025T17:23:29 - [TEST_STEP][PASSED] - myValue = element.getAttribute("value"): null

27-02-2025T17:23:29 - [TEST_STEP][PASSED] - if (debug): null

27-02-2025T17:23:29 - [TEST_STEP][PASSED] - if (myValue.length() >= 4): null

27-02-2025T17:23:29 - [TEST_STEP][PASSED] - if (myValue.substring(0, 4) == "(!) "): null

27-02-2025T17:23:29 - [TEST_STEP][PASSED] - myType = element.getAttribute("type"): null

27-02-2025T17:23:29 - [TEST_STEP][PASSED] - if (myValue in varParms[i]): null

27-02-2025T17:23:29 - [TEST_STEP][PASSED] - else: null

27-02-2025T17:23:29 - [TEST_STEP][PASSED] - inList = false: null

27-02-2025T17:23:29 - [TEST_STEP][PASSED] - if (myType == "checkbox"): null

27-02-2025T17:23:29 - [TEST_STEP][PASSED] - myStatus = element.isSelected(): null

27-02-2025T17:23:29 - [TEST_STEP][PASSED] - if (debug): null

27-02-2025T17:23:29 - [TEST_STEP][PASSED] - if (toggle && myStatus && inList): null

27-02-2025T17:23:29 - [TEST_STEP][PASSED] - if (!(myStatus) && inList || myStatus && !(inList)): null

27-02-2025T17:23:29 - [TEST_STEP][PASSED] - myValue = element.getAttribute("value"): null

27-02-2025T17:23:29 - [TEST_STEP][PASSED] - if (debug): null

27-02-2025T17:23:29 - [TEST_STEP][PASSED] - if (myValue.length() >= 4): null

27-02-2025T17:23:29 - [TEST_STEP][PASSED] - if (myValue.substring(0, 4) == "(!) "): null

27-02-2025T17:23:29 - [TEST_STEP][PASSED] - myType = element.getAttribute("type"): null

27-02-2025T17:23:29 - [TEST_STEP][PASSED] - if (myValue in varParms[i]): null

27-02-2025T17:23:29 - [TEST_STEP][PASSED] - else: null

27-02-2025T17:23:29 - [TEST_STEP][PASSED] - inList = false: null

27-02-2025T17:23:29 - [TEST_STEP][PASSED] - if (myType == "checkbox"): null

27-02-2025T17:23:29 - [TEST_STEP][PASSED] - myStatus = element.isSelected(): null

27-02-2025T17:23:29 - [TEST_STEP][PASSED] - if (debug): null

27-02-2025T17:23:29 - [TEST_STEP][PASSED] - if (toggle && myStatus && inList): null

27-02-2025T17:23:29 - [TEST_STEP][PASSED] - if (!(myStatus) && inList || myStatus && !(inList)): null

27-02-2025T17:23:29 - [TEST_STEP][PASSED] - myValue = element.getAttribute("value"): null

27-02-2025T17:23:29 - [TEST_STEP][PASSED] - if (debug): null

27-02-2025T17:23:29 - [TEST_STEP][PASSED] - if (myValue.length() >= 4): null

27-02-2025T17:23:29 - [TEST_STEP][PASSED] - if (myValue.substring(0, 4) == "(!) "): null

27-02-2025T17:23:29 - [TEST_STEP][PASSED] - myType = element.getAttribute("type"): null

27-02-2025T17:23:29 - [TEST_STEP][PASSED] - if (myValue in varParms[i]): null

27-02-2025T17:23:29 - [TEST_STEP][PASSED] - else: null

27-02-2025T17:23:29 - [TEST_STEP][PASSED] - inList = false: null

27-02-2025T17:23:29 - [TEST_STEP][PASSED] - if (myType == "checkbox"): null

27-02-2025T17:23:29 - [TEST_STEP][PASSED] - myStatus = element.isSelected(): null

27-02-2025T17:23:29 - [TEST_STEP][PASSED] - if (debug): null

27-02-2025T17:23:29 - [TEST_STEP][PASSED] - if (toggle && myStatus && inList): null

27-02-2025T17:23:29 - [TEST_STEP][PASSED] - if (!(myStatus) && inList || myStatus && !(inList)): null

27-02-2025T17:23:29 - [TEST_STEP][PASSED] - myValue = element.getAttribute("value"): null

27-02-2025T17:23:29 - [TEST_STEP][PASSED] - if (debug): null

27-02-2025T17:23:29 - [TEST_STEP][PASSED] - if (myValue.length() >= 4): null

27-02-2025T17:23:29 - [TEST_STEP][PASSED] - if (myValue.substring(0, 4) == "(!) "): null

27-02-2025T17:23:29 - [TEST_STEP][PASSED] - myType = element.getAttribute("type"): null

27-02-2025T17:23:29 - [TEST_STEP][PASSED] - if (myValue in varParms[i]): null

27-02-2025T17:23:29 - [TEST_STEP][PASSED] - else: null

27-02-2025T17:23:29 - [TEST_STEP][PASSED] - inList = false: null

27-02-2025T17:23:29 - [TEST_STEP][PASSED] - if (myType == "checkbox"): null

27-02-2025T17:23:29 - [TEST_STEP][PASSED] - myStatus = element.isSelected(): null

27-02-2025T17:23:29 - [TEST_STEP][PASSED] - if (debug): null

27-02-2025T17:23:29 - [TEST_STEP][PASSED] - if (toggle && myStatus && inList): null

27-02-2025T17:23:29 - [TEST_STEP][PASSED] - if (!(myStatus) && inList || myStatus && !(inList)): null

27-02-2025T17:23:29 - [TEST_STEP][PASSED] - myValue = element.getAttribute("value"): null

27-02-2025T17:23:29 - [TEST_STEP][PASSED] - if (debug): null

27-02-2025T17:23:29 - [TEST_STEP][PASSED] - if (myValue.length() >= 4): null

27-02-2025T17:23:29 - [TEST_STEP][PASSED] - if (myValue.substring(0, 4) == "(!) "): null

27-02-2025T17:23:29 - [TEST_STEP][PASSED] - myType = element.getAttribute("type"): null

27-02-2025T17:23:29 - [TEST_STEP][PASSED] - if (myValue in varParms[i]): null

27-02-2025T17:23:29 - [TEST_STEP][PASSED] - else: null

27-02-2025T17:23:29 - [TEST_STEP][PASSED] - inList = false: null

27-02-2025T17:23:29 - [TEST_STEP][PASSED] - if (myType == "checkbox"): null

27-02-2025T17:23:29 - [TEST_STEP][PASSED] - myStatus = element.isSelected(): null

27-02-2025T17:23:29 - [TEST_STEP][PASSED] - if (debug): null

27-02-2025T17:23:29 - [TEST_STEP][PASSED] - if (toggle && myStatus && inList): null

27-02-2025T17:23:29 - [TEST_STEP][PASSED] - if (!(myStatus) && inList || myStatus && !(inList)): null

27-02-2025T17:23:29 - [TEST_STEP][PASSED] - myValue = element.getAttribute("value"): null

27-02-2025T17:23:29 - [TEST_STEP][PASSED] - if (debug): null

27-02-2025T17:23:29 - [TEST_STEP][PASSED] - if (myValue.length() >= 4): null

27-02-2025T17:23:29 - [TEST_STEP][PASSED] - if (myValue.substring(0, 4) == "(!) "): null

27-02-2025T17:23:29 - [TEST_STEP][PASSED] - myType = element.getAttribute("type"): null

27-02-2025T17:23:29 - [TEST_STEP][PASSED] - if (myValue in varParms[i]): null

27-02-2025T17:23:29 - [TEST_STEP][PASSED] - else: null

27-02-2025T17:23:29 - [TEST_STEP][PASSED] - inList = false: null

27-02-2025T17:23:29 - [TEST_STEP][PASSED] - if (myType == "checkbox"): null

27-02-2025T17:23:29 - [TEST_STEP][PASSED] - myStatus = element.isSelected(): null

27-02-2025T17:23:29 - [TEST_STEP][PASSED] - if (debug): null

27-02-2025T17:23:29 - [TEST_STEP][PASSED] - if (toggle && myStatus && inList): null

27-02-2025T17:23:29 - [TEST_STEP][PASSED] - if (!(myStatus) && inList || myStatus && !(inList)): null

27-02-2025T17:23:29 - [TEST_STEP][PASSED] - myValue = element.getAttribute("value"): null

27-02-2025T17:23:29 - [TEST_STEP][PASSED] - if (debug): null

27-02-2025T17:23:29 - [TEST_STEP][PASSED] - if (myValue.length() >= 4): null

27-02-2025T17:23:29 - [TEST_STEP][PASSED] - if (myValue.substring(0, 4) == "(!) "): null

27-02-2025T17:23:29 - [TEST_STEP][PASSED] - myType = element.getAttribute("type"): null

27-02-2025T17:23:29 - [TEST_STEP][PASSED] - if (myValue in varParms[i]): null

27-02-2025T17:23:29 - [TEST_STEP][PASSED] - inList = true: null

27-02-2025T17:23:29 - [TEST_STEP][PASSED] - if (myType == "checkbox"): null

27-02-2025T17:23:29 - [TEST_STEP][PASSED] - myStatus = element.isSelected(): null

27-02-2025T17:23:29 - [TEST_STEP][PASSED] - if (debug): null

27-02-2025T17:23:29 - [TEST_STEP][PASSED] - if (toggle && myStatus && inList): null

27-02-2025T17:23:29 - [TEST_STEP][PASSED] - if (!(myStatus) && inList || myStatus && !(inList)): null

27-02-2025T17:23:29 - [TEST_STEP][PASSED] - if (debug): null

27-02-2025T17:23:29 - [TEST_STEP][PASSED] - println("Clicking " + myValue): null

27-02-2025T17:23:29 - [TEST_STEP][PASSED] - click(element): null

27-02-2025T17:23:29 - [TEST_STEP][PASSED] - scrollToObject(elem): null

27-02-2025T17:23:29 - [TEST_STEP][PASSED] - loc = element.getLocation(): null

27-02-2025T17:23:29 - [TEST_STEP][PASSED] - if (debug): null

27-02-2025T17:23:29 - [TEST_STEP][PASSED] - y = loc.getY(): null

27-02-2025T17:23:29 - [TEST_STEP][PASSED] - println("Y location is " + y): null

27-02-2025T17:23:29 - [TEST_STEP][PASSED] - top = getViewportTopPosition(): Current viewport's top (y) position is 481

27-02-2025T17:23:29 - [MESSAGE][PASSED] - Current viewport's top (y) position is 481

27-02-2025T17:23:29 - [TEST_STEP][PASSED] - println("Viewport top is " + top): null

27-02-2025T17:23:29 - [TEST_STEP][PASSED] - bottom = top + 600: null

27-02-2025T17:23:29 - [TEST_STEP][PASSED] - if (y - top < 150 || bottom - y < 10): null

27-02-2025T17:23:29 - [TEST_STEP][PASSED] - elem.click(): null

27-02-2025T17:23:29 - [TEST_STEP][PASSED] - myValue = element.getAttribute("value"): null

27-02-2025T17:23:29 - [TEST_STEP][PASSED] - if (debug): null

27-02-2025T17:23:29 - [TEST_STEP][PASSED] - if (myValue.length() >= 4): null

27-02-2025T17:23:29 - [TEST_STEP][PASSED] - if (myValue.substring(0, 4) == "(!) "): null

27-02-2025T17:23:29 - [TEST_STEP][PASSED] - myType = element.getAttribute("type"): null

27-02-2025T17:23:29 - [TEST_STEP][PASSED] - if (myValue in varParms[i]): null

27-02-2025T17:23:29 - [TEST_STEP][PASSED] - else: null

27-02-2025T17:23:29 - [TEST_STEP][PASSED] - inList = false: null

27-02-2025T17:23:29 - [TEST_STEP][PASSED] - if (myType == "checkbox"): null

27-02-2025T17:23:29 - [TEST_STEP][PASSED] - myStatus = element.isSelected(): null

27-02-2025T17:23:29 - [TEST_STEP][PASSED] - if (debug): null

27-02-2025T17:23:29 - [TEST_STEP][PASSED] - if (toggle && myStatus && inList): null

27-02-2025T17:23:29 - [TEST_STEP][PASSED] - if (!(myStatus) && inList || myStatus && !(inList)): null

27-02-2025T17:23:29 - [TEST_STEP][PASSED] - myValue = element.getAttribute("value"): null

27-02-2025T17:23:29 - [TEST_STEP][PASSED] - if (debug): null

27-02-2025T17:23:29 - [TEST_STEP][PASSED] - if (myValue.length() >= 4): null

27-02-2025T17:23:29 - [TEST_STEP][PASSED] - if (myValue.substring(0, 4) == "(!) "): null

27-02-2025T17:23:29 - [TEST_STEP][PASSED] - myType = element.getAttribute("type"): null

27-02-2025T17:23:29 - [TEST_STEP][PASSED] - if (myValue in varParms[i]): null

27-02-2025T17:23:29 - [TEST_STEP][PASSED] - else: null

27-02-2025T17:23:29 - [TEST_STEP][PASSED] - inList = false: null

27-02-2025T17:23:29 - [TEST_STEP][PASSED] - if (myType == "checkbox"): null

27-02-2025T17:23:29 - [TEST_STEP][PASSED] - myStatus = element.isSelected(): null

27-02-2025T17:23:29 - [TEST_STEP][PASSED] - if (debug): null

27-02-2025T17:23:29 - [TEST_STEP][PASSED] - if (toggle && myStatus && inList): null

27-02-2025T17:23:29 - [TEST_STEP][PASSED] - if (!(myStatus) && inList || myStatus && !(inList)): null

27-02-2025T17:23:29 - [TEST_STEP][PASSED] - myValue = element.getAttribute("value"): null

27-02-2025T17:23:29 - [TEST_STEP][PASSED] - if (debug): null

27-02-2025T17:23:29 - [TEST_STEP][PASSED] - if (myValue.length() >= 4): null

27-02-2025T17:23:29 - [TEST_STEP][PASSED] - if (myValue.substring(0, 4) == "(!) "): null

27-02-2025T17:23:29 - [TEST_STEP][PASSED] - myType = element.getAttribute("type"): null

27-02-2025T17:23:29 - [TEST_STEP][PASSED] - if (myValue in varParms[i]): null

27-02-2025T17:23:29 - [TEST_STEP][PASSED] - else: null

27-02-2025T17:23:29 - [TEST_STEP][PASSED] - inList = false: null

27-02-2025T17:23:29 - [TEST_STEP][PASSED] - if (myType == "checkbox"): null

27-02-2025T17:23:29 - [TEST_STEP][PASSED] - myStatus = element.isSelected(): null

27-02-2025T17:23:29 - [TEST_STEP][PASSED] - if (debug): null

27-02-2025T17:23:29 - [TEST_STEP][PASSED] - if (toggle && myStatus && inList): null

27-02-2025T17:23:29 - [TEST_STEP][PASSED] - if (!(myStatus) && inList || myStatus && !(inList)): null

27-02-2025T17:23:29 - [TEST_STEP][PASSED] - myValue = element.getAttribute("value"): null

27-02-2025T17:23:29 - [TEST_STEP][PASSED] - if (debug): null

27-02-2025T17:23:29 - [TEST_STEP][PASSED] - if (myValue.length() >= 4): null

27-02-2025T17:23:29 - [TEST_STEP][PASSED] - if (myValue.substring(0, 4) == "(!) "): null

27-02-2025T17:23:29 - [TEST_STEP][PASSED] - myType = element.getAttribute("type"): null

27-02-2025T17:23:29 - [TEST_STEP][PASSED] - if (myValue in varParms[i]): null

27-02-2025T17:23:29 - [TEST_STEP][PASSED] - else: null

27-02-2025T17:23:29 - [TEST_STEP][PASSED] - inList = false: null

27-02-2025T17:23:29 - [TEST_STEP][PASSED] - if (myType == "checkbox"): null

27-02-2025T17:23:29 - [TEST_STEP][PASSED] - myStatus = element.isSelected(): null

27-02-2025T17:23:29 - [TEST_STEP][PASSED] - if (debug): null

27-02-2025T17:23:29 - [TEST_STEP][PASSED] - if (toggle && myStatus && inList): null

27-02-2025T17:23:29 - [TEST_STEP][PASSED] - if (!(myStatus) && inList || myStatus && !(inList)): null

27-02-2025T17:23:29 - [TEST_STEP][PASSED] - myValue = element.getAttribute("value"): null

27-02-2025T17:23:29 - [TEST_STEP][PASSED] - if (debug): null

27-02-2025T17:23:29 - [TEST_STEP][PASSED] - if (myValue.length() >= 4): null

27-02-2025T17:23:29 - [TEST_STEP][PASSED] - if (myValue.substring(0, 4) == "(!) "): null

27-02-2025T17:23:29 - [TEST_STEP][PASSED] - myType = element.getAttribute("type"): null

27-02-2025T17:23:29 - [TEST_STEP][PASSED] - if (myValue in varParms[i]): null

27-02-2025T17:23:29 - [TEST_STEP][PASSED] - else: null

27-02-2025T17:23:29 - [TEST_STEP][PASSED] - inList = false: null

27-02-2025T17:23:29 - [TEST_STEP][PASSED] - if (myType == "checkbox"): null

27-02-2025T17:23:29 - [TEST_STEP][PASSED] - myStatus = element.isSelected(): null

27-02-2025T17:23:29 - [TEST_STEP][PASSED] - if (debug): null

27-02-2025T17:23:34 - [TEST_STEP][PASSED] - if (toggle && myStatus && inList): null

27-02-2025T17:23:34 - [TEST_STEP][PASSED] - if (!(myStatus) && inList || myStatus && !(inList)): null

27-02-2025T17:23:34 - [TEST_STEP][PASSED] - myValue = element.getAttribute("value"): null

27-02-2025T17:23:34 - [TEST_STEP][PASSED] - if (debug): null

27-02-2025T17:23:34 - [TEST_STEP][PASSED] - if (myValue.length() >= 4): null

27-02-2025T17:23:34 - [TEST_STEP][PASSED] - if (myValue.substring(0, 4) == "(!) "): null

27-02-2025T17:23:34 - [TEST_STEP][PASSED] - myType = element.getAttribute("type"): null

27-02-2025T17:23:34 - [TEST_STEP][PASSED] - if (myValue in varParms[i]): null

27-02-2025T17:23:39 - [TEST_STEP][PASSED] - else: null

27-02-2025T17:23:39 - [TEST_STEP][PASSED] - inList = false: null

27-02-2025T17:23:39 - [TEST_STEP][PASSED] - if (myType == "checkbox"): null

27-02-2025T17:23:39 - [TEST_STEP][PASSED] - myStatus = element.isSelected(): null

27-02-2025T17:23:39 - [TEST_STEP][PASSED] - if (debug): null

27-02-2025T17:23:39 - [TEST_STEP][PASSED] - if (toggle && myStatus && inList): null

27-02-2025T17:23:39 - [TEST_STEP][PASSED] - if (!(myStatus) && inList || myStatus && !(inList)): null

27-02-2025T17:23:39 - [TEST_STEP][PASSED] - myValue = element.getAttribute("value"): null

27-02-2025T17:23:39 - [TEST_STEP][PASSED] - if (debug): null

27-02-2025T17:23:39 - [TEST_STEP][PASSED] - if (myValue.length() >= 4): null

27-02-2025T17:23:39 - [TEST_STEP][PASSED] - if (myValue.substring(0, 4) == "(!) "): null

27-02-2025T17:23:39 - [TEST_STEP][PASSED] - myType = element.getAttribute("type"): null

27-02-2025T17:23:39 - [TEST_STEP][PASSED] - if (myValue in varParms[i]): null

27-02-2025T17:23:39 - [TEST_STEP][PASSED] - else: null

27-02-2025T17:23:39 - [TEST_STEP][PASSED] - inList = false: null

27-02-2025T17:23:39 - [TEST_STEP][PASSED] - if (myType == "checkbox"): null

27-02-2025T17:23:39 - [TEST_STEP][PASSED] - myStatus = element.isSelected(): null

27-02-2025T17:23:39 - [TEST_STEP][PASSED] - if (debug): null

27-02-2025T17:23:39 - [TEST_STEP][PASSED] - if (toggle && myStatus && inList): null

27-02-2025T17:23:39 - [TEST_STEP][PASSED] - if (!(myStatus) && inList || myStatus && !(inList)): null

27-02-2025T17:23:39 - [TEST_STEP][PASSED] - myValue = element.getAttribute("value"): null

27-02-2025T17:23:39 - [TEST_STEP][PASSED] - if (debug): null

27-02-2025T17:23:39 - [TEST_STEP][PASSED] - if (myValue.length() >= 4): null

27-02-2025T17:23:39 - [TEST_STEP][PASSED] - if (myValue.substring(0, 4) == "(!) "): null

27-02-2025T17:23:39 - [TEST_STEP][PASSED] - myType = element.getAttribute("type"): null

27-02-2025T17:23:39 - [TEST_STEP][PASSED] - if (myValue in varParms[i]): null

27-02-2025T17:23:39 - [TEST_STEP][PASSED] - else: null

27-02-2025T17:23:39 - [TEST_STEP][PASSED] - inList = false: null

27-02-2025T17:23:39 - [TEST_STEP][PASSED] - if (myType == "checkbox"): null

27-02-2025T17:23:39 - [TEST_STEP][PASSED] - myStatus = element.isSelected(): null

27-02-2025T17:23:39 - [TEST_STEP][PASSED] - if (debug): null

27-02-2025T17:23:39 - [TEST_STEP][PASSED] - if (toggle && myStatus && inList): null

27-02-2025T17:23:39 - [TEST_STEP][PASSED] - if (!(myStatus) && inList || myStatus && !(inList)): null

27-02-2025T17:23:39 - [TEST_STEP][PASSED] - myValue = element.getAttribute("value"): null

27-02-2025T17:23:39 - [TEST_STEP][PASSED] - if (debug): null

27-02-2025T17:23:39 - [TEST_STEP][PASSED] - if (myValue.length() >= 4): null

27-02-2025T17:23:39 - [TEST_STEP][PASSED] - if (myValue.substring(0, 4) == "(!) "): null

27-02-2025T17:23:39 - [TEST_STEP][PASSED] - myType = element.getAttribute("type"): null

27-02-2025T17:23:39 - [TEST_STEP][PASSED] - if (myValue in varParms[i]): null

27-02-2025T17:23:39 - [TEST_STEP][PASSED] - else: null

27-02-2025T17:23:39 - [TEST_STEP][PASSED] - inList = false: null

27-02-2025T17:23:39 - [TEST_STEP][PASSED] - if (myType == "checkbox"): null

27-02-2025T17:23:39 - [TEST_STEP][PASSED] - myStatus = element.isSelected(): null

27-02-2025T17:23:39 - [TEST_STEP][PASSED] - if (debug): null

27-02-2025T17:23:39 - [TEST_STEP][PASSED] - if (toggle && myStatus && inList): null

27-02-2025T17:23:39 - [TEST_STEP][PASSED] - if (!(myStatus) && inList || myStatus && !(inList)): null

27-02-2025T17:23:39 - [TEST_STEP][PASSED] - myValue = element.getAttribute("value"): null

27-02-2025T17:23:39 - [TEST_STEP][PASSED] - if (debug): null

27-02-2025T17:23:39 - [TEST_STEP][PASSED] - if (myValue.length() >= 4): null

27-02-2025T17:23:39 - [TEST_STEP][PASSED] - if (myValue.substring(0, 4) == "(!) "): null

27-02-2025T17:23:39 - [TEST_STEP][PASSED] - myType = element.getAttribute("type"): null

27-02-2025T17:23:39 - [TEST_STEP][PASSED] - if (myValue in varParms[i]): null

27-02-2025T17:23:39 - [TEST_STEP][PASSED] - else: null

27-02-2025T17:23:39 - [TEST_STEP][PASSED] - inList = false: null

27-02-2025T17:23:39 - [TEST_STEP][PASSED] - if (myType == "checkbox"): null

27-02-2025T17:23:39 - [TEST_STEP][PASSED] - myStatus = element.isSelected(): null

27-02-2025T17:23:39 - [TEST_STEP][PASSED] - if (debug): null

27-02-2025T17:23:39 - [TEST_STEP][PASSED] - if (toggle && myStatus && inList): null

27-02-2025T17:23:39 - [TEST_STEP][PASSED] - if (!(myStatus) && inList || myStatus && !(inList)): null

27-02-2025T17:23:39 - [TEST_STEP][PASSED] - myValue = element.getAttribute("value"): null

27-02-2025T17:23:39 - [TEST_STEP][PASSED] - if (debug): null

27-02-2025T17:23:39 - [TEST_STEP][PASSED] - if (myValue.length() >= 4): null

27-02-2025T17:23:39 - [TEST_STEP][PASSED] - if (myValue.substring(0, 4) == "(!) "): null

27-02-2025T17:23:39 - [TEST_STEP][PASSED] - myType = element.getAttribute("type"): null

27-02-2025T17:23:39 - [TEST_STEP][PASSED] - if (myValue in varParms[i]): null

27-02-2025T17:23:39 - [TEST_STEP][PASSED] - else: null

27-02-2025T17:23:39 - [TEST_STEP][PASSED] - inList = false: null

27-02-2025T17:23:39 - [TEST_STEP][PASSED] - if (myType == "checkbox"): null

27-02-2025T17:23:39 - [TEST_STEP][PASSED] - myStatus = element.isSelected(): null

27-02-2025T17:23:39 - [TEST_STEP][PASSED] - if (debug): null

27-02-2025T17:23:39 - [TEST_STEP][PASSED] - if (toggle && myStatus && inList): null

27-02-2025T17:23:39 - [TEST_STEP][PASSED] - if (!(myStatus) && inList || myStatus && !(inList)): null

27-02-2025T17:23:39 - [TEST_STEP][PASSED] - myValue = element.getAttribute("value"): null

27-02-2025T17:23:39 - [TEST_STEP][PASSED] - if (debug): null

27-02-2025T17:23:39 - [TEST_STEP][PASSED] - if (myValue.length() >= 4): null

27-02-2025T17:23:39 - [TEST_STEP][PASSED] - if (myValue.substring(0, 4) == "(!) "): null

27-02-2025T17:23:39 - [TEST_STEP][PASSED] - myType = element.getAttribute("type"): null

27-02-2025T17:23:39 - [TEST_STEP][PASSED] - if (myValue in varParms[i]): null

27-02-2025T17:23:39 - [TEST_STEP][PASSED] - else: null

27-02-2025T17:23:39 - [TEST_STEP][PASSED] - inList = false: null

27-02-2025T17:23:39 - [TEST_STEP][PASSED] - if (myType == "checkbox"): null

27-02-2025T17:23:39 - [TEST_STEP][PASSED] - myStatus = element.isSelected(): null

27-02-2025T17:23:39 - [TEST_STEP][PASSED] - if (debug): null

27-02-2025T17:23:39 - [TEST_STEP][PASSED] - if (toggle && myStatus && inList): null

27-02-2025T17:23:39 - [TEST_STEP][PASSED] - if (!(myStatus) && inList || myStatus && !(inList)): null

27-02-2025T17:23:39 - [TEST_STEP][PASSED] - myValue = element.getAttribute("value"): null

27-02-2025T17:23:39 - [TEST_STEP][PASSED] - if (debug): null

27-02-2025T17:23:39 - [TEST_STEP][PASSED] - if (myValue.length() >= 4): null

27-02-2025T17:23:39 - [TEST_STEP][PASSED] - if (myValue.substring(0, 4) == "(!) "): null

27-02-2025T17:23:39 - [TEST_STEP][PASSED] - myType = element.getAttribute("type"): null

27-02-2025T17:23:39 - [TEST_STEP][PASSED] - if (myValue in varParms[i]): null

27-02-2025T17:23:39 - [TEST_STEP][PASSED] - else: null

27-02-2025T17:23:39 - [TEST_STEP][PASSED] - inList = false: null

27-02-2025T17:23:39 - [TEST_STEP][PASSED] - if (myType == "checkbox"): null

27-02-2025T17:23:39 - [TEST_STEP][PASSED] - myStatus = element.isSelected(): null

27-02-2025T17:23:39 - [TEST_STEP][PASSED] - if (debug): null

27-02-2025T17:23:39 - [TEST_STEP][PASSED] - if (toggle && myStatus && inList): null

27-02-2025T17:23:39 - [TEST_STEP][PASSED] - if (!(myStatus) && inList || myStatus && !(inList)): null

27-02-2025T17:23:39 - [TEST_STEP][PASSED] - myValue = element.getAttribute("value"): null

27-02-2025T17:23:39 - [TEST_STEP][PASSED] - if (debug): null

27-02-2025T17:23:39 - [TEST_STEP][PASSED] - if (myValue.length() >= 4): null

27-02-2025T17:23:39 - [TEST_STEP][PASSED] - if (myValue.substring(0, 4) == "(!) "): null

27-02-2025T17:23:39 - [TEST_STEP][PASSED] - myType = element.getAttribute("type"): null

27-02-2025T17:23:39 - [TEST_STEP][PASSED] - if (myValue in varParms[i]): null

27-02-2025T17:23:39 - [TEST_STEP][PASSED] - else: null

27-02-2025T17:23:39 - [TEST_STEP][PASSED] - inList = false: null

27-02-2025T17:23:39 - [TEST_STEP][PASSED] - if (myType == "checkbox"): null

27-02-2025T17:23:39 - [TEST_STEP][PASSED] - myStatus = element.isSelected(): null

27-02-2025T17:23:39 - [TEST_STEP][PASSED] - if (debug): null

27-02-2025T17:23:39 - [TEST_STEP][PASSED] - if (toggle && myStatus && inList): null

27-02-2025T17:23:39 - [TEST_STEP][PASSED] - if (!(myStatus) && inList || myStatus && !(inList)): null

27-02-2025T17:23:39 - [TEST_STEP][PASSED] - myValue = element.getAttribute("value"): null

27-02-2025T17:23:39 - [TEST_STEP][PASSED] - if (debug): null

27-02-2025T17:23:39 - [TEST_STEP][PASSED] - if (myValue.length() >= 4): null

27-02-2025T17:23:39 - [TEST_STEP][PASSED] - if (myValue.substring(0, 4) == "(!) "): null

27-02-2025T17:23:39 - [TEST_STEP][PASSED] - myType = element.getAttribute("type"): null

27-02-2025T17:23:39 - [TEST_STEP][PASSED] - if (myValue in varParms[i]): null

27-02-2025T17:23:39 - [TEST_STEP][PASSED] - else: null

27-02-2025T17:23:39 - [TEST_STEP][PASSED] - inList = false: null

27-02-2025T17:23:39 - [TEST_STEP][PASSED] - if (myType == "checkbox"): null

27-02-2025T17:23:39 - [TEST_STEP][PASSED] - myStatus = element.isSelected(): null

27-02-2025T17:23:39 - [TEST_STEP][PASSED] - if (debug): null

27-02-2025T17:23:39 - [TEST_STEP][PASSED] - if (toggle && myStatus && inList): null

27-02-2025T17:23:39 - [TEST_STEP][PASSED] - if (!(myStatus) && inList || myStatus && !(inList)): null

27-02-2025T17:23:39 - [TEST_STEP][PASSED] - myValue = element.getAttribute("value"): null

27-02-2025T17:23:39 - [TEST_STEP][PASSED] - if (debug): null

27-02-2025T17:23:39 - [TEST_STEP][PASSED] - if (myValue.length() >= 4): null

27-02-2025T17:23:39 - [TEST_STEP][PASSED] - if (myValue.substring(0, 4) == "(!) "): null

27-02-2025T17:23:39 - [TEST_STEP][PASSED] - myType = element.getAttribute("type"): null

27-02-2025T17:23:39 - [TEST_STEP][PASSED] - if (myValue in varParms[i]): null

27-02-2025T17:23:39 - [TEST_STEP][PASSED] - else: null

27-02-2025T17:23:39 - [TEST_STEP][PASSED] - inList = false: null

27-02-2025T17:23:39 - [TEST_STEP][PASSED] - if (myType == "checkbox"): null

27-02-2025T17:23:39 - [TEST_STEP][PASSED] - myStatus = element.isSelected(): null

27-02-2025T17:23:39 - [TEST_STEP][PASSED] - if (debug): null

27-02-2025T17:23:39 - [TEST_STEP][PASSED] - if (toggle && myStatus && inList): null

27-02-2025T17:23:39 - [TEST_STEP][PASSED] - if (!(myStatus) && inList || myStatus && !(inList)): null

27-02-2025T17:23:39 - [TEST_STEP][PASSED] - myValue = element.getAttribute("value"): null

27-02-2025T17:23:39 - [TEST_STEP][PASSED] - if (debug): null

27-02-2025T17:23:39 - [TEST_STEP][PASSED] - if (myValue.length() >= 4): null

27-02-2025T17:23:39 - [TEST_STEP][PASSED] - if (myValue.substring(0, 4) == "(!) "): null

27-02-2025T17:23:39 - [TEST_STEP][PASSED] - myType = element.getAttribute("type"): null

27-02-2025T17:23:39 - [TEST_STEP][PASSED] - if (myValue in varParms[i]): null

27-02-2025T17:23:39 - [TEST_STEP][PASSED] - else: null

27-02-2025T17:23:39 - [TEST_STEP][PASSED] - inList = false: null

27-02-2025T17:23:39 - [TEST_STEP][PASSED] - if (myType == "checkbox"): null

27-02-2025T17:23:39 - [TEST_STEP][PASSED] - myStatus = element.isSelected(): null

27-02-2025T17:23:39 - [TEST_STEP][PASSED] - if (debug): null

27-02-2025T17:23:39 - [TEST_STEP][PASSED] - if (toggle && myStatus && inList): null

27-02-2025T17:23:39 - [TEST_STEP][PASSED] - if (!(myStatus) && inList || myStatus && !(inList)): null

27-02-2025T17:23:39 - [TEST_STEP][PASSED] - myValue = element.getAttribute("value"): null

27-02-2025T17:23:39 - [TEST_STEP][PASSED] - if (debug): null

27-02-2025T17:23:39 - [TEST_STEP][PASSED] - if (myValue.length() >= 4): null

27-02-2025T17:23:39 - [TEST_STEP][PASSED] - if (myValue.substring(0, 4) == "(!) "): null

27-02-2025T17:23:39 - [TEST_STEP][PASSED] - myType = element.getAttribute("type"): null

27-02-2025T17:23:39 - [TEST_STEP][PASSED] - if (myValue in varParms[i]): null

27-02-2025T17:23:39 - [TEST_STEP][PASSED] - else: null

27-02-2025T17:23:39 - [TEST_STEP][PASSED] - inList = false: null

27-02-2025T17:23:39 - [TEST_STEP][PASSED] - if (myType == "checkbox"): null

27-02-2025T17:23:39 - [TEST_STEP][PASSED] - myStatus = element.isSelected(): null

27-02-2025T17:23:39 - [TEST_STEP][PASSED] - if (debug): null

27-02-2025T17:23:39 - [TEST_STEP][PASSED] - if (toggle && myStatus && inList): null

27-02-2025T17:23:39 - [TEST_STEP][PASSED] - if (!(myStatus) && inList || myStatus && !(inList)): null

27-02-2025T17:23:39 - [TEST_STEP][PASSED] - myValue = element.getAttribute("value"): null

27-02-2025T17:23:39 - [TEST_STEP][PASSED] - if (debug): null

27-02-2025T17:23:39 - [TEST_STEP][PASSED] - if (myValue.length() >= 4): null

27-02-2025T17:23:39 - [TEST_STEP][PASSED] - if (myValue.substring(0, 4) == "(!) "): null

27-02-2025T17:23:39 - [TEST_STEP][PASSED] - myType = element.getAttribute("type"): null

27-02-2025T17:23:39 - [TEST_STEP][PASSED] - if (myValue in varParms[i]): null

27-02-2025T17:23:39 - [TEST_STEP][PASSED] - else: null

27-02-2025T17:23:39 - [TEST_STEP][PASSED] - inList = false: null

27-02-2025T17:23:39 - [TEST_STEP][PASSED] - if (myType == "checkbox"): null

27-02-2025T17:23:39 - [TEST_STEP][PASSED] - myStatus = element.isSelected(): null

27-02-2025T17:23:39 - [TEST_STEP][PASSED] - if (debug): null

27-02-2025T17:23:39 - [TEST_STEP][PASSED] - if (toggle && myStatus && inList): null

27-02-2025T17:23:39 - [TEST_STEP][PASSED] - if (!(myStatus) && inList || myStatus && !(inList)): null

27-02-2025T17:23:39 - [TEST_STEP][PASSED] - myValue = element.getAttribute("value"): null

27-02-2025T17:23:39 - [TEST_STEP][PASSED] - if (debug): null

27-02-2025T17:23:39 - [TEST_STEP][PASSED] - if (myValue.length() >= 4): null

27-02-2025T17:23:39 - [TEST_STEP][PASSED] - if (myValue.substring(0, 4) == "(!) "): null

27-02-2025T17:23:39 - [TEST_STEP][PASSED] - myType = element.getAttribute("type"): null

27-02-2025T17:23:39 - [TEST_STEP][PASSED] - if (myValue in varParms[i]): null

27-02-2025T17:23:39 - [TEST_STEP][PASSED] - else: null

27-02-2025T17:23:39 - [TEST_STEP][PASSED] - inList = false: null

27-02-2025T17:23:39 - [TEST_STEP][PASSED] - if (myType == "checkbox"): null

27-02-2025T17:23:39 - [TEST_STEP][PASSED] - myStatus = element.isSelected(): null

27-02-2025T17:23:39 - [TEST_STEP][PASSED] - if (debug): null

27-02-2025T17:23:39 - [TEST_STEP][PASSED] - if (toggle && myStatus && inList): null

27-02-2025T17:23:39 - [TEST_STEP][PASSED] - if (!(myStatus) && inList || myStatus && !(inList)): null

27-02-2025T17:23:39 - [TEST_STEP][PASSED] - myValue = element.getAttribute("value"): null

27-02-2025T17:23:39 - [TEST_STEP][PASSED] - if (debug): null

27-02-2025T17:23:39 - [TEST_STEP][PASSED] - if (myValue.length() >= 4): null

27-02-2025T17:23:39 - [TEST_STEP][PASSED] - if (myValue.substring(0, 4) == "(!) "): null

27-02-2025T17:23:39 - [TEST_STEP][PASSED] - myType = element.getAttribute("type"): null

27-02-2025T17:23:39 - [TEST_STEP][PASSED] - if (myValue in varParms[i]): null

27-02-2025T17:23:39 - [TEST_STEP][PASSED] - else: null

27-02-2025T17:23:39 - [TEST_STEP][PASSED] - inList = false: null

27-02-2025T17:23:39 - [TEST_STEP][PASSED] - if (myType == "checkbox"): null

27-02-2025T17:23:39 - [TEST_STEP][PASSED] - myStatus = element.isSelected(): null

27-02-2025T17:23:39 - [TEST_STEP][PASSED] - if (debug): null

27-02-2025T17:23:39 - [TEST_STEP][PASSED] - if (toggle && myStatus && inList): null

27-02-2025T17:23:39 - [TEST_STEP][PASSED] - if (!(myStatus) && inList || myStatus && !(inList)): null

27-02-2025T17:23:39 - [TEST_STEP][PASSED] - myValue = element.getAttribute("value"): null

27-02-2025T17:23:39 - [TEST_STEP][PASSED] - if (debug): null

27-02-2025T17:23:39 - [TEST_STEP][PASSED] - if (myValue.length() >= 4): null

27-02-2025T17:23:39 - [TEST_STEP][PASSED] - if (myValue.substring(0, 4) == "(!) "): null

27-02-2025T17:23:39 - [TEST_STEP][PASSED] - myType = element.getAttribute("type"): null

27-02-2025T17:23:39 - [TEST_STEP][PASSED] - if (myValue in varParms[i]): null

27-02-2025T17:23:39 - [TEST_STEP][PASSED] - else: null

27-02-2025T17:23:39 - [TEST_STEP][PASSED] - inList = false: null

27-02-2025T17:23:39 - [TEST_STEP][PASSED] - if (myType == "checkbox"): null

27-02-2025T17:23:39 - [TEST_STEP][PASSED] - myStatus = element.isSelected(): null

27-02-2025T17:23:39 - [TEST_STEP][PASSED] - if (debug): null

27-02-2025T17:23:39 - [TEST_STEP][PASSED] - if (toggle && myStatus && inList): null

27-02-2025T17:23:39 - [TEST_STEP][PASSED] - if (!(myStatus) && inList || myStatus && !(inList)): null

27-02-2025T17:23:39 - [TEST_STEP][PASSED] - myValue = element.getAttribute("value"): null

27-02-2025T17:23:39 - [TEST_STEP][PASSED] - if (debug): null

27-02-2025T17:23:39 - [TEST_STEP][PASSED] - if (myValue.length() >= 4): null

27-02-2025T17:23:39 - [TEST_STEP][PASSED] - if (myValue.substring(0, 4) == "(!) "): null

27-02-2025T17:23:39 - [TEST_STEP][PASSED] - myType = element.getAttribute("type"): null

27-02-2025T17:23:39 - [TEST_STEP][PASSED] - if (myValue in varParms[i]): null

27-02-2025T17:23:39 - [TEST_STEP][PASSED] - else: null

27-02-2025T17:23:39 - [TEST_STEP][PASSED] - inList = false: null

27-02-2025T17:23:39 - [TEST_STEP][PASSED] - if (myType == "checkbox"): null

27-02-2025T17:23:39 - [TEST_STEP][PASSED] - myStatus = element.isSelected(): null

27-02-2025T17:23:39 - [TEST_STEP][PASSED] - if (debug): null

27-02-2025T17:23:39 - [TEST_STEP][PASSED] - if (toggle && myStatus && inList): null

27-02-2025T17:23:39 - [TEST_STEP][PASSED] - if (!(myStatus) && inList || myStatus && !(inList)): null

27-02-2025T17:23:39 - [TEST_STEP][PASSED] - myValue = element.getAttribute("value"): null

27-02-2025T17:23:39 - [TEST_STEP][PASSED] - if (debug): null

27-02-2025T17:23:39 - [TEST_STEP][PASSED] - if (myValue.length() >= 4): null

27-02-2025T17:23:39 - [TEST_STEP][PASSED] - if (myValue.substring(0, 4) == "(!) "): null

27-02-2025T17:23:39 - [TEST_STEP][PASSED] - myType = element.getAttribute("type"): null

27-02-2025T17:23:39 - [TEST_STEP][PASSED] - if (myValue in varParms[i]): null

27-02-2025T17:23:39 - [TEST_STEP][PASSED] - else: null

27-02-2025T17:23:39 - [TEST_STEP][PASSED] - inList = false: null

27-02-2025T17:23:39 - [TEST_STEP][PASSED] - if (myType == "checkbox"): null

27-02-2025T17:23:39 - [TEST_STEP][PASSED] - myStatus = element.isSelected(): null

27-02-2025T17:23:39 - [TEST_STEP][PASSED] - if (debug): null

27-02-2025T17:23:39 - [TEST_STEP][PASSED] - if (toggle && myStatus && inList): null

27-02-2025T17:23:39 - [TEST_STEP][PASSED] - if (!(myStatus) && inList || myStatus && !(inList)): null

27-02-2025T17:23:39 - [TEST_STEP][PASSED] - myValue = element.getAttribute("value"): null

27-02-2025T17:23:39 - [TEST_STEP][PASSED] - if (debug): null

27-02-2025T17:23:39 - [TEST_STEP][PASSED] - if (myValue.length() >= 4): null

27-02-2025T17:23:39 - [TEST_STEP][PASSED] - if (myValue.substring(0, 4) == "(!) "): null

27-02-2025T17:23:39 - [TEST_STEP][PASSED] - myType = element.getAttribute("type"): null

27-02-2025T17:23:39 - [TEST_STEP][PASSED] - if (myValue in varParms[i]): null

27-02-2025T17:23:39 - [TEST_STEP][PASSED] - else: null

27-02-2025T17:23:39 - [TEST_STEP][PASSED] - inList = false: null

27-02-2025T17:23:39 - [TEST_STEP][PASSED] - if (myType == "checkbox"): null

27-02-2025T17:23:39 - [TEST_STEP][PASSED] - myStatus = element.isSelected(): null

27-02-2025T17:23:39 - [TEST_STEP][PASSED] - if (debug): null

27-02-2025T17:23:39 - [TEST_STEP][PASSED] - if (toggle && myStatus && inList): null

27-02-2025T17:23:39 - [TEST_STEP][PASSED] - if (!(myStatus) && inList || myStatus && !(inList)): null

27-02-2025T17:23:39 - [TEST_STEP][PASSED] - myValue = element.getAttribute("value"): null

27-02-2025T17:23:39 - [TEST_STEP][PASSED] - if (debug): null

27-02-2025T17:23:39 - [TEST_STEP][PASSED] - if (myValue.length() >= 4): null

27-02-2025T17:23:39 - [TEST_STEP][PASSED] - if (myValue.substring(0, 4) == "(!) "): null

27-02-2025T17:23:39 - [TEST_STEP][PASSED] - myType = element.getAttribute("type"): null

27-02-2025T17:23:39 - [TEST_STEP][PASSED] - if (myValue in varParms[i]): null

27-02-2025T17:23:39 - [TEST_STEP][PASSED] - else: null

27-02-2025T17:23:39 - [TEST_STEP][PASSED] - inList = false: null

27-02-2025T17:23:39 - [TEST_STEP][PASSED] - if (myType == "checkbox"): null

27-02-2025T17:23:39 - [TEST_STEP][PASSED] - myStatus = element.isSelected(): null

27-02-2025T17:23:39 - [TEST_STEP][PASSED] - if (debug): null

27-02-2025T17:23:39 - [TEST_STEP][PASSED] - if (toggle && myStatus && inList): null

27-02-2025T17:23:39 - [TEST_STEP][PASSED] - if (!(myStatus) && inList || myStatus && !(inList)): null

27-02-2025T17:23:39 - [TEST_STEP][PASSED] - myValue = element.getAttribute("value"): null

27-02-2025T17:23:39 - [TEST_STEP][PASSED] - if (debug): null

27-02-2025T17:23:39 - [TEST_STEP][PASSED] - if (myValue.length() >= 4): null

27-02-2025T17:23:39 - [TEST_STEP][PASSED] - if (myValue.substring(0, 4) == "(!) "): null

27-02-2025T17:23:39 - [TEST_STEP][PASSED] - myType = element.getAttribute("type"): null

27-02-2025T17:23:39 - [TEST_STEP][PASSED] - if (myValue in varParms[i]): null

27-02-2025T17:23:39 - [TEST_STEP][PASSED] - else: null

27-02-2025T17:23:39 - [TEST_STEP][PASSED] - inList = false: null

27-02-2025T17:23:39 - [TEST_STEP][PASSED] - if (myType == "checkbox"): null

27-02-2025T17:23:39 - [TEST_STEP][PASSED] - myStatus = element.isSelected(): null

27-02-2025T17:23:39 - [TEST_STEP][PASSED] - if (debug): null

27-02-2025T17:23:39 - [TEST_STEP][PASSED] - if (toggle && myStatus && inList): null

27-02-2025T17:23:39 - [TEST_STEP][PASSED] - if (!(myStatus) && inList || myStatus && !(inList)): null

27-02-2025T17:23:41 - [TEST_STEP][PASSED] - myValue = element.getAttribute("value"): null

27-02-2025T17:23:41 - [TEST_STEP][PASSED] - if (debug): null

27-02-2025T17:23:41 - [TEST_STEP][PASSED] - if (myValue.length() >= 4): null

27-02-2025T17:23:41 - [TEST_STEP][PASSED] - if (myValue.substring(0, 4) == "(!) "): null

27-02-2025T17:23:41 - [TEST_STEP][PASSED] - myType = element.getAttribute("type"): null

27-02-2025T17:23:41 - [TEST_STEP][PASSED] - if (myValue in varParms[i]): null

27-02-2025T17:23:41 - [TEST_STEP][PASSED] - else: null

27-02-2025T17:23:41 - [TEST_STEP][PASSED] - inList = false: null

27-02-2025T17:23:41 - [TEST_STEP][PASSED] - if (myType == "checkbox"): null

27-02-2025T17:23:41 - [TEST_STEP][PASSED] - myStatus = element.isSelected(): null

27-02-2025T17:23:41 - [TEST_STEP][PASSED] - if (debug): null

27-02-2025T17:23:41 - [TEST_STEP][PASSED] - if (toggle && myStatus && inList): null

27-02-2025T17:23:41 - [TEST_STEP][PASSED] - if (!(myStatus) && inList || myStatus && !(inList)): null

27-02-2025T17:23:41 - [TEST_STEP][PASSED] - myValue = element.getAttribute("value"): null

27-02-2025T17:23:41 - [TEST_STEP][PASSED] - if (debug): null

27-02-2025T17:23:41 - [TEST_STEP][PASSED] - if (myValue.length() >= 4): null

27-02-2025T17:23:41 - [TEST_STEP][PASSED] - if (myValue.substring(0, 4) == "(!) "): null

27-02-2025T17:23:41 - [TEST_STEP][PASSED] - myType = element.getAttribute("type"): null

27-02-2025T17:23:41 - [TEST_STEP][PASSED] - if (myValue in varParms[i]): null

27-02-2025T17:23:41 - [TEST_STEP][PASSED] - else: null

27-02-2025T17:23:41 - [TEST_STEP][PASSED] - inList = false: null

27-02-2025T17:23:41 - [TEST_STEP][PASSED] - if (myType == "checkbox"): null

27-02-2025T17:23:41 - [TEST_STEP][PASSED] - myStatus = element.isSelected(): null

27-02-2025T17:23:41 - [TEST_STEP][PASSED] - if (debug): null

27-02-2025T17:23:41 - [TEST_STEP][PASSED] - if (toggle && myStatus && inList): null

27-02-2025T17:23:41 - [TEST_STEP][PASSED] - if (!(myStatus) && inList || myStatus && !(inList)): null

27-02-2025T17:23:41 - [TEST_STEP][PASSED] - myValue = element.getAttribute("value"): null

27-02-2025T17:23:41 - [TEST_STEP][PASSED] - if (debug): null

27-02-2025T17:23:41 - [TEST_STEP][PASSED] - if (myValue.length() >= 4): null

27-02-2025T17:23:41 - [TEST_STEP][PASSED] - if (myValue.substring(0, 4) == "(!) "): null

27-02-2025T17:23:41 - [TEST_STEP][PASSED] - myType = element.getAttribute("type"): null

27-02-2025T17:23:41 - [TEST_STEP][PASSED] - if (myValue in varParms[i]): null

27-02-2025T17:23:41 - [TEST_STEP][PASSED] - else: null

27-02-2025T17:23:41 - [TEST_STEP][PASSED] - inList = false: null

27-02-2025T17:23:41 - [TEST_STEP][PASSED] - if (myType == "checkbox"): null

27-02-2025T17:23:41 - [TEST_STEP][PASSED] - myStatus = element.isSelected(): null

27-02-2025T17:23:41 - [TEST_STEP][PASSED] - if (debug): null

27-02-2025T17:23:41 - [TEST_STEP][PASSED] - if (toggle && myStatus && inList): null

27-02-2025T17:23:41 - [TEST_STEP][PASSED] - if (!(myStatus) && inList || myStatus && !(inList)): null

27-02-2025T17:23:41 - [TEST_STEP][PASSED] - myValue = element.getAttribute("value"): null

27-02-2025T17:23:41 - [TEST_STEP][PASSED] - if (debug): null

27-02-2025T17:23:41 - [TEST_STEP][PASSED] - if (myValue.length() >= 4): null

27-02-2025T17:23:41 - [TEST_STEP][PASSED] - if (myValue.substring(0, 4) == "(!) "): null

27-02-2025T17:23:41 - [TEST_STEP][PASSED] - myType = element.getAttribute("type"): null

27-02-2025T17:23:41 - [TEST_STEP][PASSED] - if (myValue in varParms[i]): null

27-02-2025T17:23:41 - [TEST_STEP][PASSED] - else: null

27-02-2025T17:23:41 - [TEST_STEP][PASSED] - inList = false: null

27-02-2025T17:23:41 - [TEST_STEP][PASSED] - if (myType == "checkbox"): null

27-02-2025T17:23:41 - [TEST_STEP][PASSED] - myStatus = element.isSelected(): null

27-02-2025T17:23:41 - [TEST_STEP][PASSED] - if (debug): null

27-02-2025T17:23:41 - [TEST_STEP][PASSED] - if (toggle && myStatus && inList): null

27-02-2025T17:23:41 - [TEST_STEP][PASSED] - if (!(myStatus) && inList || myStatus && !(inList)): null

27-02-2025T17:23:41 - [TEST_STEP][PASSED] - myValue = element.getAttribute("value"): null

27-02-2025T17:23:41 - [TEST_STEP][PASSED] - if (debug): null

27-02-2025T17:23:41 - [TEST_STEP][PASSED] - if (myValue.length() >= 4): null

27-02-2025T17:23:41 - [TEST_STEP][PASSED] - if (myValue.substring(0, 4) == "(!) "): null

27-02-2025T17:23:41 - [TEST_STEP][PASSED] - myType = element.getAttribute("type"): null

27-02-2025T17:23:41 - [TEST_STEP][PASSED] - if (myValue in varParms[i]): null

27-02-2025T17:23:41 - [TEST_STEP][PASSED] - else: null

27-02-2025T17:23:41 - [TEST_STEP][PASSED] - inList = false: null

27-02-2025T17:23:41 - [TEST_STEP][PASSED] - if (myType == "checkbox"): null

27-02-2025T17:23:41 - [TEST_STEP][PASSED] - myStatus = element.isSelected(): null

27-02-2025T17:23:41 - [TEST_STEP][PASSED] - if (debug): null

27-02-2025T17:23:41 - [TEST_STEP][PASSED] - if (toggle && myStatus && inList): null

27-02-2025T17:23:41 - [TEST_STEP][PASSED] - if (!(myStatus) && inList || myStatus && !(inList)): null

27-02-2025T17:23:41 - [TEST_STEP][PASSED] - myValue = element.getAttribute("value"): null

27-02-2025T17:23:41 - [TEST_STEP][PASSED] - if (debug): null

27-02-2025T17:23:41 - [TEST_STEP][PASSED] - if (myValue.length() >= 4): null

27-02-2025T17:23:41 - [TEST_STEP][PASSED] - if (myValue.substring(0, 4) == "(!) "): null

27-02-2025T17:23:41 - [TEST_STEP][PASSED] - myType = element.getAttribute("type"): null

27-02-2025T17:23:41 - [TEST_STEP][PASSED] - if (myValue in varParms[i]): null

27-02-2025T17:23:41 - [TEST_STEP][PASSED] - else: null

27-02-2025T17:23:41 - [TEST_STEP][PASSED] - inList = false: null

27-02-2025T17:23:41 - [TEST_STEP][PASSED] - if (myType == "checkbox"): null

27-02-2025T17:23:41 - [TEST_STEP][PASSED] - myStatus = element.isSelected(): null

27-02-2025T17:23:41 - [TEST_STEP][PASSED] - if (debug): null

27-02-2025T17:23:41 - [TEST_STEP][PASSED] - if (toggle && myStatus && inList): null

27-02-2025T17:23:41 - [TEST_STEP][PASSED] - if (!(myStatus) && inList || myStatus && !(inList)): null

27-02-2025T17:23:41 - [TEST_STEP][PASSED] - myValue = element.getAttribute("value"): null

27-02-2025T17:23:41 - [TEST_STEP][PASSED] - if (debug): null

27-02-2025T17:23:41 - [TEST_STEP][PASSED] - if (myValue.length() >= 4): null

27-02-2025T17:23:41 - [TEST_STEP][PASSED] - if (myValue.substring(0, 4) == "(!) "): null

27-02-2025T17:23:41 - [TEST_STEP][PASSED] - myType = element.getAttribute("type"): null

27-02-2025T17:23:41 - [TEST_STEP][PASSED] - if (myValue in varParms[i]): null

27-02-2025T17:23:41 - [TEST_STEP][PASSED] - else: null

27-02-2025T17:23:41 - [TEST_STEP][PASSED] - inList = false: null

27-02-2025T17:23:41 - [TEST_STEP][PASSED] - if (myType == "checkbox"): null

27-02-2025T17:23:41 - [TEST_STEP][PASSED] - myStatus = element.isSelected(): null

27-02-2025T17:23:41 - [TEST_STEP][PASSED] - if (debug): null

27-02-2025T17:23:41 - [TEST_STEP][PASSED] - if (toggle && myStatus && inList): null

27-02-2025T17:23:41 - [TEST_STEP][PASSED] - if (!(myStatus) && inList || myStatus && !(inList)): null

27-02-2025T17:23:41 - [TEST_STEP][PASSED] - myValue = element.getAttribute("value"): null

27-02-2025T17:23:41 - [TEST_STEP][PASSED] - if (debug): null

27-02-2025T17:23:41 - [TEST_STEP][PASSED] - if (myValue.length() >= 4): null

27-02-2025T17:23:41 - [TEST_STEP][PASSED] - if (myValue.substring(0, 4) == "(!) "): null

27-02-2025T17:23:41 - [TEST_STEP][PASSED] - myType = element.getAttribute("type"): null

27-02-2025T17:23:41 - [TEST_STEP][PASSED] - if (myValue in varParms[i]): null

27-02-2025T17:23:41 - [TEST_STEP][PASSED] - inList = true: null

27-02-2025T17:23:41 - [TEST_STEP][PASSED] - if (myType == "checkbox"): null

27-02-2025T17:23:41 - [TEST_STEP][PASSED] - myStatus = element.isSelected(): null

27-02-2025T17:23:41 - [TEST_STEP][PASSED] - if (debug): null

27-02-2025T17:23:41 - [TEST_STEP][PASSED] - if (toggle && myStatus && inList): null

27-02-2025T17:23:41 - [TEST_STEP][PASSED] - if (!(myStatus) && inList || myStatus && !(inList)): null

27-02-2025T17:23:41 - [TEST_STEP][PASSED] - if (debug): null

27-02-2025T17:23:41 - [TEST_STEP][PASSED] - println("Clicking " + myValue): null

27-02-2025T17:23:41 - [TEST_STEP][PASSED] - click(element): null

27-02-2025T17:23:41 - [TEST_STEP][PASSED] - scrollToObject(elem): null

27-02-2025T17:23:41 - [TEST_STEP][PASSED] - loc = element.getLocation(): null

27-02-2025T17:23:41 - [TEST_STEP][PASSED] - if (debug): null

27-02-2025T17:23:41 - [TEST_STEP][PASSED] - y = loc.getY(): null

27-02-2025T17:23:41 - [TEST_STEP][PASSED] - println("Y location is " + y): null

27-02-2025T17:23:41 - [TEST_STEP][PASSED] - top = getViewportTopPosition(): Current viewport's top (y) position is 481

27-02-2025T17:23:41 - [MESSAGE][PASSED] - Current viewport's top (y) position is 481

27-02-2025T17:23:41 - [TEST_STEP][PASSED] - println("Viewport top is " + top): null

27-02-2025T17:23:41 - [TEST_STEP][PASSED] - bottom = top + 600: null

27-02-2025T17:23:41 - [TEST_STEP][PASSED] - if (y - top < 150 || bottom - y < 10): null

27-02-2025T17:23:41 - [TEST_STEP][PASSED] - elem.click(): null

27-02-2025T17:23:41 - [TEST_STEP][PASSED] - myValue = element.getAttribute("value"): null

27-02-2025T17:23:41 - [TEST_STEP][PASSED] - if (debug): null

27-02-2025T17:23:41 - [TEST_STEP][PASSED] - if (myValue.length() >= 4): null

27-02-2025T17:23:41 - [TEST_STEP][PASSED] - if (myValue.substring(0, 4) == "(!) "): null

27-02-2025T17:23:41 - [TEST_STEP][PASSED] - myType = element.getAttribute("type"): null

27-02-2025T17:23:41 - [TEST_STEP][PASSED] - if (myValue in varParms[i]): null

27-02-2025T17:23:41 - [TEST_STEP][PASSED] - else: null

27-02-2025T17:23:41 - [TEST_STEP][PASSED] - inList = false: null

27-02-2025T17:23:41 - [TEST_STEP][PASSED] - if (myType == "checkbox"): null

27-02-2025T17:23:41 - [TEST_STEP][PASSED] - myStatus = element.isSelected(): null

27-02-2025T17:23:41 - [TEST_STEP][PASSED] - if (debug): null

27-02-2025T17:23:41 - [TEST_STEP][PASSED] - if (toggle && myStatus && inList): null

27-02-2025T17:23:41 - [TEST_STEP][PASSED] - if (!(myStatus) && inList || myStatus && !(inList)): null

27-02-2025T17:23:41 - [TEST_STEP][PASSED] - myValue = element.getAttribute("value"): null

27-02-2025T17:23:41 - [TEST_STEP][PASSED] - if (debug): null

27-02-2025T17:23:41 - [TEST_STEP][PASSED] - if (myValue.length() >= 4): null

27-02-2025T17:23:41 - [TEST_STEP][PASSED] - if (myValue.substring(0, 4) == "(!) "): null

27-02-2025T17:23:41 - [TEST_STEP][PASSED] - myType = element.getAttribute("type"): null

27-02-2025T17:23:41 - [TEST_STEP][PASSED] - if (myValue in varParms[i]): null

27-02-2025T17:23:41 - [TEST_STEP][PASSED] - inList = true: null

27-02-2025T17:23:41 - [TEST_STEP][PASSED] - if (myType == "checkbox"): null

27-02-2025T17:23:41 - [TEST_STEP][PASSED] - myStatus = element.isSelected(): null

27-02-2025T17:23:41 - [TEST_STEP][PASSED] - if (debug): null

27-02-2025T17:23:41 - [TEST_STEP][PASSED] - if (toggle && myStatus && inList): null

27-02-2025T17:23:41 - [TEST_STEP][PASSED] - if (!(myStatus) && inList || myStatus && !(inList)): null

27-02-2025T17:23:41 - [TEST_STEP][PASSED] - if (debug): null

27-02-2025T17:23:41 - [TEST_STEP][PASSED] - println("Clicking " + myValue): null

27-02-2025T17:23:41 - [TEST_STEP][PASSED] - click(element): null

27-02-2025T17:23:41 - [TEST_STEP][PASSED] - scrollToObject(elem): null

27-02-2025T17:23:41 - [TEST_STEP][PASSED] - loc = element.getLocation(): null

27-02-2025T17:23:41 - [TEST_STEP][PASSED] - if (debug): null

27-02-2025T17:23:41 - [TEST_STEP][PASSED] - y = loc.getY(): null

27-02-2025T17:23:41 - [TEST_STEP][PASSED] - println("Y location is " + y): null

27-02-2025T17:23:41 - [TEST_STEP][PASSED] - top = getViewportTopPosition(): Current viewport's top (y) position is 481

27-02-2025T17:23:41 - [MESSAGE][PASSED] - Current viewport's top (y) position is 481

27-02-2025T17:23:41 - [TEST_STEP][PASSED] - println("Viewport top is " + top): null

27-02-2025T17:23:41 - [TEST_STEP][PASSED] - bottom = top + 600: null

27-02-2025T17:23:41 - [TEST_STEP][PASSED] - if (y - top < 150 || bottom - y < 10): Delayed 1 second(s)

27-02-2025T17:23:41 - [TEST_STEP][PASSED] - scrollToPosition(0, y - 150): Browser is scrolled to position x = 0, y = 971

27-02-2025T17:23:41 - [MESSAGE][PASSED] - Browser is scrolled to position x = 0, y = 971

27-02-2025T17:23:41 - [TEST_STEP][PASSED] - delay(1): Delayed 1 second(s)

27-02-2025T17:23:42 - [MESSAGE][PASSED] - Delayed 1 second(s)

27-02-2025T17:23:42 - [TEST_STEP][PASSED] - elem.click(): null

27-02-2025T17:23:42 - [TEST_STEP][PASSED] - myValue = element.getAttribute("value"): null

27-02-2025T17:23:42 - [TEST_STEP][PASSED] - if (debug): null

27-02-2025T17:23:42 - [TEST_STEP][PASSED] - if (myValue.length() >= 4): null

27-02-2025T17:23:42 - [TEST_STEP][PASSED] - if (myValue.substring(0, 4) == "(!) "): null

27-02-2025T17:23:42 - [TEST_STEP][PASSED] - myType = element.getAttribute("type"): null

27-02-2025T17:23:42 - [TEST_STEP][PASSED] - if (myValue in varParms[i]): null

27-02-2025T17:23:42 - [TEST_STEP][PASSED] - else: null

27-02-2025T17:23:42 - [TEST_STEP][PASSED] - inList = false: null

27-02-2025T17:23:42 - [TEST_STEP][PASSED] - if (myType == "checkbox"): null

27-02-2025T17:23:42 - [TEST_STEP][PASSED] - myStatus = element.isSelected(): null

27-02-2025T17:23:42 - [TEST_STEP][PASSED] - if (debug): null

27-02-2025T17:23:42 - [TEST_STEP][PASSED] - if (toggle && myStatus && inList): null

27-02-2025T17:23:42 - [TEST_STEP][PASSED] - if (!(myStatus) && inList || myStatus && !(inList)): null

27-02-2025T17:23:42 - [TEST_STEP][PASSED] - myValue = element.getAttribute("value"): null

27-02-2025T17:23:42 - [TEST_STEP][PASSED] - if (debug): null

27-02-2025T17:23:42 - [TEST_STEP][PASSED] - if (myValue.length() >= 4): null

27-02-2025T17:23:42 - [TEST_STEP][PASSED] - if (myValue.substring(0, 4) == "(!) "): null

27-02-2025T17:23:42 - [TEST_STEP][PASSED] - myType = element.getAttribute("type"): null

27-02-2025T17:23:42 - [TEST_STEP][PASSED] - if (myValue in varParms[i]): null

27-02-2025T17:23:42 - [TEST_STEP][PASSED] - else: null

27-02-2025T17:23:42 - [TEST_STEP][PASSED] - inList = false: null

27-02-2025T17:23:42 - [TEST_STEP][PASSED] - if (myType == "checkbox"): null

27-02-2025T17:23:42 - [TEST_STEP][PASSED] - myStatus = element.isSelected(): null

27-02-2025T17:23:42 - [TEST_STEP][PASSED] - if (debug): null

27-02-2025T17:23:42 - [TEST_STEP][PASSED] - if (toggle && myStatus && inList): null

27-02-2025T17:23:42 - [TEST_STEP][PASSED] - if (!(myStatus) && inList || myStatus && !(inList)): null

27-02-2025T17:23:42 - [TEST_STEP][PASSED] - myValue = element.getAttribute("value"): null

27-02-2025T17:23:42 - [TEST_STEP][PASSED] - if (debug): null

27-02-2025T17:23:42 - [TEST_STEP][PASSED] - if (myValue.length() >= 4): null

27-02-2025T17:23:42 - [TEST_STEP][PASSED] - if (myValue.substring(0, 4) == "(!) "): null

27-02-2025T17:23:42 - [TEST_STEP][PASSED] - myType = element.getAttribute("type"): null

27-02-2025T17:23:42 - [TEST_STEP][PASSED] - if (myValue in varParms[i]): null

27-02-2025T17:23:42 - [TEST_STEP][PASSED] - else: null

27-02-2025T17:23:42 - [TEST_STEP][PASSED] - inList = false: null

27-02-2025T17:23:42 - [TEST_STEP][PASSED] - if (myType == "checkbox"): null

27-02-2025T17:23:42 - [TEST_STEP][PASSED] - myStatus = element.isSelected(): null

27-02-2025T17:23:42 - [TEST_STEP][PASSED] - if (debug): null

27-02-2025T17:23:42 - [TEST_STEP][PASSED] - if (toggle && myStatus && inList): null

27-02-2025T17:23:42 - [TEST_STEP][PASSED] - if (!(myStatus) && inList || myStatus && !(inList)): null

27-02-2025T17:23:42 - [TEST_STEP][PASSED] - myValue = element.getAttribute("value"): null

27-02-2025T17:23:42 - [TEST_STEP][PASSED] - if (debug): null

27-02-2025T17:23:42 - [TEST_STEP][PASSED] - if (myValue.length() >= 4): null

27-02-2025T17:23:42 - [TEST_STEP][PASSED] - if (myValue.substring(0, 4) == "(!) "): null

27-02-2025T17:23:42 - [TEST_STEP][PASSED] - myType = element.getAttribute("type"): null

27-02-2025T17:23:42 - [TEST_STEP][PASSED] - if (myValue in varParms[i]): null

27-02-2025T17:23:42 - [TEST_STEP][PASSED] - else: null

27-02-2025T17:23:42 - [TEST_STEP][PASSED] - inList = false: null

27-02-2025T17:23:42 - [TEST_STEP][PASSED] - if (myType == "checkbox"): null

27-02-2025T17:23:42 - [TEST_STEP][PASSED] - myStatus = element.isSelected(): null

27-02-2025T17:23:42 - [TEST_STEP][PASSED] - if (debug): null

27-02-2025T17:23:42 - [TEST_STEP][PASSED] - if (toggle && myStatus && inList): null

27-02-2025T17:23:42 - [TEST_STEP][PASSED] - if (!(myStatus) && inList || myStatus && !(inList)): null

27-02-2025T17:23:42 - [TEST_STEP][PASSED] - myValue = element.getAttribute("value"): null

27-02-2025T17:23:42 - [TEST_STEP][PASSED] - if (debug): null

27-02-2025T17:23:42 - [TEST_STEP][PASSED] - if (myValue.length() >= 4): null

27-02-2025T17:23:42 - [TEST_STEP][PASSED] - if (myValue.substring(0, 4) == "(!) "): null

27-02-2025T17:23:42 - [TEST_STEP][PASSED] - myType = element.getAttribute("type"): null

27-02-2025T17:23:42 - [TEST_STEP][PASSED] - if (myValue in varParms[i]): null

27-02-2025T17:23:42 - [TEST_STEP][PASSED] - else: null

27-02-2025T17:23:42 - [TEST_STEP][PASSED] - inList = false: null

27-02-2025T17:23:42 - [TEST_STEP][PASSED] - if (myType == "checkbox"): null

27-02-2025T17:23:42 - [TEST_STEP][PASSED] - myStatus = element.isSelected(): null

27-02-2025T17:23:42 - [TEST_STEP][PASSED] - if (debug): null

27-02-2025T17:23:42 - [TEST_STEP][PASSED] - if (toggle && myStatus && inList): null

27-02-2025T17:23:42 - [TEST_STEP][PASSED] - if (!(myStatus) && inList || myStatus && !(inList)): null

27-02-2025T17:23:42 - [TEST_STEP][PASSED] - myValue = element.getAttribute("value"): null

27-02-2025T17:23:42 - [TEST_STEP][PASSED] - if (debug): null

27-02-2025T17:23:42 - [TEST_STEP][PASSED] - if (myValue.length() >= 4): null

27-02-2025T17:23:42 - [TEST_STEP][PASSED] - if (myValue.substring(0, 4) == "(!) "): null

27-02-2025T17:23:42 - [TEST_STEP][PASSED] - myType = element.getAttribute("type"): null

27-02-2025T17:23:42 - [TEST_STEP][PASSED] - if (myValue in varParms[i]): null

27-02-2025T17:23:42 - [TEST_STEP][PASSED] - else: null

27-02-2025T17:23:42 - [TEST_STEP][PASSED] - inList = false: null

27-02-2025T17:23:42 - [TEST_STEP][PASSED] - if (myType == "checkbox"): null

27-02-2025T17:23:42 - [TEST_STEP][PASSED] - myStatus = element.isSelected(): null

27-02-2025T17:23:42 - [TEST_STEP][PASSED] - if (debug): null

27-02-2025T17:23:42 - [TEST_STEP][PASSED] - if (toggle && myStatus && inList): null

27-02-2025T17:23:42 - [TEST_STEP][PASSED] - if (!(myStatus) && inList || myStatus && !(inList)): null

27-02-2025T17:23:42 - [TEST_STEP][PASSED] - myValue = element.getAttribute("value"): null

27-02-2025T17:23:42 - [TEST_STEP][PASSED] - if (debug): null

27-02-2025T17:23:42 - [TEST_STEP][PASSED] - if (myValue.length() >= 4): null

27-02-2025T17:23:42 - [TEST_STEP][PASSED] - if (myValue.substring(0, 4) == "(!) "): null

27-02-2025T17:23:42 - [TEST_STEP][PASSED] - myType = element.getAttribute("type"): null

27-02-2025T17:23:42 - [TEST_STEP][PASSED] - if (myValue in varParms[i]): null

27-02-2025T17:23:42 - [TEST_STEP][PASSED] - inList = true: null

27-02-2025T17:23:42 - [TEST_STEP][PASSED] - if (myType == "checkbox"): null

27-02-2025T17:23:42 - [TEST_STEP][PASSED] - myStatus = element.isSelected(): null

27-02-2025T17:23:42 - [TEST_STEP][PASSED] - if (debug): null

27-02-2025T17:23:42 - [TEST_STEP][PASSED] - if (toggle && myStatus && inList): null

27-02-2025T17:23:42 - [TEST_STEP][PASSED] - if (!(myStatus) && inList || myStatus && !(inList)): null

27-02-2025T17:23:42 - [TEST_STEP][PASSED] - if (debug): null

27-02-2025T17:23:42 - [TEST_STEP][PASSED] - println("Clicking " + myValue): null

27-02-2025T17:23:42 - [TEST_STEP][PASSED] - click(element): null

27-02-2025T17:23:42 - [TEST_STEP][PASSED] - scrollToObject(elem): null

27-02-2025T17:23:42 - [TEST_STEP][PASSED] - loc = element.getLocation(): null

27-02-2025T17:23:42 - [TEST_STEP][PASSED] - if (debug): null

27-02-2025T17:23:42 - [TEST_STEP][PASSED] - y = loc.getY(): null

27-02-2025T17:23:42 - [TEST_STEP][PASSED] - println("Y location is " + y): null

27-02-2025T17:23:42 - [TEST_STEP][PASSED] - top = getViewportTopPosition(): Current viewport's top (y) position is 971

27-02-2025T17:23:42 - [MESSAGE][PASSED] - Current viewport's top (y) position is 971

27-02-2025T17:23:42 - [TEST_STEP][PASSED] - println("Viewport top is " + top): null

27-02-2025T17:23:42 - [TEST_STEP][PASSED] - bottom = top + 600: null

27-02-2025T17:23:42 - [TEST_STEP][PASSED] - if (y - top < 150 || bottom - y < 10): null

27-02-2025T17:23:42 - [TEST_STEP][PASSED] - elem.click(): null

27-02-2025T17:23:42 - [TEST_STEP][PASSED] - myValue = element.getAttribute("value"): null

27-02-2025T17:23:42 - [TEST_STEP][PASSED] - if (debug): null

27-02-2025T17:23:42 - [TEST_STEP][PASSED] - if (myValue.length() >= 4): null

27-02-2025T17:23:42 - [TEST_STEP][PASSED] - if (myValue.substring(0, 4) == "(!) "): null

27-02-2025T17:23:42 - [TEST_STEP][PASSED] - myType = element.getAttribute("type"): null

27-02-2025T17:23:42 - [TEST_STEP][PASSED] - if (myValue in varParms[i]): null

27-02-2025T17:23:42 - [TEST_STEP][PASSED] - else: null

27-02-2025T17:23:42 - [TEST_STEP][PASSED] - inList = false: null

27-02-2025T17:23:42 - [TEST_STEP][PASSED] - if (myType == "checkbox"): null

27-02-2025T17:23:42 - [TEST_STEP][PASSED] - myStatus = element.isSelected(): null

27-02-2025T17:23:42 - [TEST_STEP][PASSED] - if (debug): null

27-02-2025T17:23:42 - [TEST_STEP][PASSED] - if (toggle && myStatus && inList): null

27-02-2025T17:23:42 - [TEST_STEP][PASSED] - if (!(myStatus) && inList || myStatus && !(inList)): null

27-02-2025T17:23:42 - [TEST_STEP][PASSED] - myValue = element.getAttribute("value"): null

27-02-2025T17:23:42 - [TEST_STEP][PASSED] - if (debug): null

27-02-2025T17:23:42 - [TEST_STEP][PASSED] - if (myValue.length() >= 4): null

27-02-2025T17:23:42 - [TEST_STEP][PASSED] - if (myValue.substring(0, 4) == "(!) "): null

27-02-2025T17:23:42 - [TEST_STEP][PASSED] - myType = element.getAttribute("type"): null

27-02-2025T17:23:44 - [TEST_STEP][PASSED] - if (myValue in varParms[i]): null

27-02-2025T17:23:44 - [TEST_STEP][PASSED] - else: null

27-02-2025T17:23:44 - [TEST_STEP][PASSED] - inList = false: null

27-02-2025T17:23:44 - [TEST_STEP][PASSED] - if (myType == "checkbox"): null

27-02-2025T17:23:44 - [TEST_STEP][PASSED] - myStatus = element.isSelected(): null

27-02-2025T17:23:44 - [TEST_STEP][PASSED] - if (debug): null

27-02-2025T17:23:44 - [TEST_STEP][PASSED] - if (toggle && myStatus && inList): null

27-02-2025T17:23:44 - [TEST_STEP][PASSED] - if (!(myStatus) && inList || myStatus && !(inList)): null

27-02-2025T17:23:44 - [TEST_STEP][PASSED] - myValue = element.getAttribute("value"): null

27-02-2025T17:23:44 - [TEST_STEP][PASSED] - if (debug): null

27-02-2025T17:23:44 - [TEST_STEP][PASSED] - if (myValue.length() >= 4): null

27-02-2025T17:23:44 - [TEST_STEP][PASSED] - if (myValue.substring(0, 4) == "(!) "): null

27-02-2025T17:23:44 - [TEST_STEP][PASSED] - myType = element.getAttribute("type"): null

27-02-2025T17:23:44 - [TEST_STEP][PASSED] - if (myValue in varParms[i]): null

27-02-2025T17:23:44 - [TEST_STEP][PASSED] - inList = true: null

27-02-2025T17:23:44 - [TEST_STEP][PASSED] - if (myType == "checkbox"): null

27-02-2025T17:23:44 - [TEST_STEP][PASSED] - myStatus = element.isSelected(): null

27-02-2025T17:23:44 - [TEST_STEP][PASSED] - if (debug): null

27-02-2025T17:23:44 - [TEST_STEP][PASSED] - if (toggle && myStatus && inList): null

27-02-2025T17:23:44 - [TEST_STEP][PASSED] - if (!(myStatus) && inList || myStatus && !(inList)): null

27-02-2025T17:23:44 - [TEST_STEP][PASSED] - if (debug): null

27-02-2025T17:23:44 - [TEST_STEP][PASSED] - println("Clicking " + myValue): null

27-02-2025T17:23:44 - [TEST_STEP][PASSED] - click(element): null

27-02-2025T17:23:44 - [TEST_STEP][PASSED] - scrollToObject(elem): null

27-02-2025T17:23:44 - [TEST_STEP][PASSED] - loc = element.getLocation(): null

27-02-2025T17:23:44 - [TEST_STEP][PASSED] - if (debug): null

27-02-2025T17:23:44 - [TEST_STEP][PASSED] - y = loc.getY(): null

27-02-2025T17:23:44 - [TEST_STEP][PASSED] - println("Y location is " + y): null

27-02-2025T17:23:44 - [TEST_STEP][PASSED] - top = getViewportTopPosition(): Current viewport's top (y) position is 971

27-02-2025T17:23:44 - [MESSAGE][PASSED] - Current viewport's top (y) position is 971

27-02-2025T17:23:44 - [TEST_STEP][PASSED] - println("Viewport top is " + top): null

27-02-2025T17:23:44 - [TEST_STEP][PASSED] - bottom = top + 600: null

27-02-2025T17:23:44 - [TEST_STEP][PASSED] - if (y - top < 150 || bottom - y < 10): null

27-02-2025T17:23:44 - [TEST_STEP][PASSED] - elem.click(): null

27-02-2025T17:23:44 - [TEST_STEP][PASSED] - myValue = element.getAttribute("value"): null

27-02-2025T17:23:44 - [TEST_STEP][PASSED] - if (debug): null

27-02-2025T17:23:44 - [TEST_STEP][PASSED] - if (myValue.length() >= 4): null

27-02-2025T17:23:44 - [TEST_STEP][PASSED] - if (myValue.substring(0, 4) == "(!) "): null

27-02-2025T17:23:44 - [TEST_STEP][PASSED] - myType = element.getAttribute("type"): null

27-02-2025T17:23:44 - [TEST_STEP][PASSED] - if (myValue in varParms[i]): null

27-02-2025T17:23:44 - [TEST_STEP][PASSED] - else: null

27-02-2025T17:23:44 - [TEST_STEP][PASSED] - inList = false: null

27-02-2025T17:23:44 - [TEST_STEP][PASSED] - if (myType == "checkbox"): null

27-02-2025T17:23:44 - [TEST_STEP][PASSED] - myStatus = element.isSelected(): null

27-02-2025T17:23:44 - [TEST_STEP][PASSED] - if (debug): null

27-02-2025T17:23:44 - [TEST_STEP][PASSED] - if (toggle && myStatus && inList): null

27-02-2025T17:23:44 - [TEST_STEP][PASSED] - if (!(myStatus) && inList || myStatus && !(inList)): null

27-02-2025T17:23:44 - [TEST_STEP][PASSED] - myValue = element.getAttribute("value"): null

27-02-2025T17:23:44 - [TEST_STEP][PASSED] - if (debug): null

27-02-2025T17:23:44 - [TEST_STEP][PASSED] - if (myValue.length() >= 4): null

27-02-2025T17:23:44 - [TEST_STEP][PASSED] - if (myValue.substring(0, 4) == "(!) "): null

27-02-2025T17:23:44 - [TEST_STEP][PASSED] - myType = element.getAttribute("type"): null

27-02-2025T17:23:44 - [TEST_STEP][PASSED] - if (myValue in varParms[i]): null

27-02-2025T17:23:44 - [TEST_STEP][PASSED] - else: null

27-02-2025T17:23:44 - [TEST_STEP][PASSED] - inList = false: null

27-02-2025T17:23:44 - [TEST_STEP][PASSED] - if (myType == "checkbox"): null

27-02-2025T17:23:44 - [TEST_STEP][PASSED] - myStatus = element.isSelected(): null

27-02-2025T17:23:44 - [TEST_STEP][PASSED] - if (debug): null

27-02-2025T17:23:44 - [TEST_STEP][PASSED] - if (toggle && myStatus && inList): null

27-02-2025T17:23:44 - [TEST_STEP][PASSED] - if (!(myStatus) && inList || myStatus && !(inList)): null

27-02-2025T17:23:44 - [TEST_STEP][PASSED] - myValue = element.getAttribute("value"): null

27-02-2025T17:23:44 - [TEST_STEP][PASSED] - if (debug): null

27-02-2025T17:23:44 - [TEST_STEP][PASSED] - if (myValue.length() >= 4): null

27-02-2025T17:23:44 - [TEST_STEP][PASSED] - if (myValue.substring(0, 4) == "(!) "): null

27-02-2025T17:23:44 - [TEST_STEP][PASSED] - myType = element.getAttribute("type"): null

27-02-2025T17:23:44 - [TEST_STEP][PASSED] - if (myValue in varParms[i]): null

27-02-2025T17:23:44 - [TEST_STEP][PASSED] - else: null

27-02-2025T17:23:44 - [TEST_STEP][PASSED] - inList = false: null

27-02-2025T17:23:44 - [TEST_STEP][PASSED] - if (myType == "checkbox"): null

27-02-2025T17:23:44 - [TEST_STEP][PASSED] - myStatus = element.isSelected(): null

27-02-2025T17:23:44 - [TEST_STEP][PASSED] - if (debug): null

27-02-2025T17:23:44 - [TEST_STEP][PASSED] - if (toggle && myStatus && inList): null

27-02-2025T17:23:44 - [TEST_STEP][PASSED] - if (!(myStatus) && inList || myStatus && !(inList)): null

27-02-2025T17:23:44 - [TEST_STEP][PASSED] - myValue = element.getAttribute("value"): null

27-02-2025T17:23:44 - [TEST_STEP][PASSED] - if (debug): null

27-02-2025T17:23:44 - [TEST_STEP][PASSED] - if (myValue.length() >= 4): null

27-02-2025T17:23:44 - [TEST_STEP][PASSED] - if (myValue.substring(0, 4) == "(!) "): null

27-02-2025T17:23:44 - [TEST_STEP][PASSED] - myType = element.getAttribute("type"): null

27-02-2025T17:23:44 - [TEST_STEP][PASSED] - if (myValue in varParms[i]): null

27-02-2025T17:23:44 - [TEST_STEP][PASSED] - else: null

27-02-2025T17:23:44 - [TEST_STEP][PASSED] - inList = false: null

27-02-2025T17:23:44 - [TEST_STEP][PASSED] - if (myType == "checkbox"): null

27-02-2025T17:23:44 - [TEST_STEP][PASSED] - myStatus = element.isSelected(): null

27-02-2025T17:23:44 - [TEST_STEP][PASSED] - if (debug): null

27-02-2025T17:23:44 - [TEST_STEP][PASSED] - if (toggle && myStatus && inList): null

27-02-2025T17:23:44 - [TEST_STEP][PASSED] - if (!(myStatus) && inList || myStatus && !(inList)): null

27-02-2025T17:23:44 - [TEST_STEP][PASSED] - myValue = element.getAttribute("value"): null

27-02-2025T17:23:44 - [TEST_STEP][PASSED] - if (debug): null

27-02-2025T17:23:44 - [TEST_STEP][PASSED] - if (myValue.length() >= 4): null

27-02-2025T17:23:44 - [TEST_STEP][PASSED] - if (myValue.substring(0, 4) == "(!) "): null

27-02-2025T17:23:44 - [TEST_STEP][PASSED] - myType = element.getAttribute("type"): null

27-02-2025T17:23:44 - [TEST_STEP][PASSED] - if (myValue in varParms[i]): null

27-02-2025T17:23:44 - [TEST_STEP][PASSED] - else: null

27-02-2025T17:23:44 - [TEST_STEP][PASSED] - inList = false: null

27-02-2025T17:23:44 - [TEST_STEP][PASSED] - if (myType == "checkbox"): null

27-02-2025T17:23:44 - [TEST_STEP][PASSED] - myStatus = element.isSelected(): null

27-02-2025T17:23:44 - [TEST_STEP][PASSED] - if (debug): null

27-02-2025T17:23:44 - [TEST_STEP][PASSED] - if (toggle && myStatus && inList): null

27-02-2025T17:23:44 - [TEST_STEP][PASSED] - if (!(myStatus) && inList || myStatus && !(inList)): null

27-02-2025T17:23:44 - [TEST_STEP][PASSED] - myValue = element.getAttribute("value"): null

27-02-2025T17:23:44 - [TEST_STEP][PASSED] - if (debug): null

27-02-2025T17:23:44 - [TEST_STEP][PASSED] - if (myValue.length() >= 4): null

27-02-2025T17:23:44 - [TEST_STEP][PASSED] - if (myValue.substring(0, 4) == "(!) "): null

27-02-2025T17:23:44 - [TEST_STEP][PASSED] - myType = element.getAttribute("type"): null

27-02-2025T17:23:44 - [TEST_STEP][PASSED] - if (myValue in varParms[i]): null

27-02-2025T17:23:44 - [TEST_STEP][PASSED] - else: null

27-02-2025T17:23:44 - [TEST_STEP][PASSED] - inList = false: null

27-02-2025T17:23:44 - [TEST_STEP][PASSED] - if (myType == "checkbox"): null

27-02-2025T17:23:44 - [TEST_STEP][PASSED] - myStatus = element.isSelected(): null

27-02-2025T17:23:44 - [TEST_STEP][PASSED] - if (debug): null

27-02-2025T17:23:44 - [TEST_STEP][PASSED] - if (toggle && myStatus && inList): null

27-02-2025T17:23:44 - [TEST_STEP][PASSED] - if (!(myStatus) && inList || myStatus && !(inList)): null

27-02-2025T17:23:44 - [TEST_STEP][PASSED] - myValue = element.getAttribute("value"): null

27-02-2025T17:23:44 - [TEST_STEP][PASSED] - if (debug): null

27-02-2025T17:23:44 - [TEST_STEP][PASSED] - if (myValue.length() >= 4): null

27-02-2025T17:23:44 - [TEST_STEP][PASSED] - if (myValue.substring(0, 4) == "(!) "): null

27-02-2025T17:23:44 - [TEST_STEP][PASSED] - myType = element.getAttribute("type"): null

27-02-2025T17:23:44 - [TEST_STEP][PASSED] - if (myValue in varParms[i]): null

27-02-2025T17:23:44 - [TEST_STEP][PASSED] - else: null

27-02-2025T17:23:44 - [TEST_STEP][PASSED] - inList = false: null

27-02-2025T17:23:44 - [TEST_STEP][PASSED] - if (myType == "checkbox"): null

27-02-2025T17:23:44 - [TEST_STEP][PASSED] - myStatus = element.isSelected(): null

27-02-2025T17:23:44 - [TEST_STEP][PASSED] - if (debug): null

27-02-2025T17:23:44 - [TEST_STEP][PASSED] - if (toggle && myStatus && inList): null

27-02-2025T17:23:44 - [TEST_STEP][PASSED] - if (!(myStatus) && inList || myStatus && !(inList)): null

27-02-2025T17:23:44 - [TEST_STEP][PASSED] - myValue = element.getAttribute("value"): null

27-02-2025T17:23:44 - [TEST_STEP][PASSED] - if (debug): null

27-02-2025T17:23:44 - [TEST_STEP][PASSED] - if (myValue.length() >= 4): null

27-02-2025T17:23:44 - [TEST_STEP][PASSED] - if (myValue.substring(0, 4) == "(!) "): null

27-02-2025T17:23:44 - [TEST_STEP][PASSED] - myType = element.getAttribute("type"): null

27-02-2025T17:23:44 - [TEST_STEP][PASSED] - if (myValue in varParms[i]): null

27-02-2025T17:23:44 - [TEST_STEP][PASSED] - else: null

27-02-2025T17:23:44 - [TEST_STEP][PASSED] - inList = false: null

27-02-2025T17:23:44 - [TEST_STEP][PASSED] - if (myType == "checkbox"): null

27-02-2025T17:23:44 - [TEST_STEP][PASSED] - myStatus = element.isSelected(): null

27-02-2025T17:23:44 - [TEST_STEP][PASSED] - if (debug): null

27-02-2025T17:23:44 - [TEST_STEP][PASSED] - if (toggle && myStatus && inList): null

27-02-2025T17:23:44 - [TEST_STEP][PASSED] - if (!(myStatus) && inList || myStatus && !(inList)): null

27-02-2025T17:23:44 - [TEST_STEP][PASSED] - myValue = element.getAttribute("value"): null

27-02-2025T17:23:44 - [TEST_STEP][PASSED] - if (debug): null

27-02-2025T17:23:44 - [TEST_STEP][PASSED] - if (myValue.length() >= 4): null

27-02-2025T17:23:44 - [TEST_STEP][PASSED] - if (myValue.substring(0, 4) == "(!) "): null

27-02-2025T17:23:44 - [TEST_STEP][PASSED] - myType = element.getAttribute("type"): null

27-02-2025T17:23:44 - [TEST_STEP][PASSED] - if (myValue in varParms[i]): null

27-02-2025T17:23:44 - [TEST_STEP][PASSED] - else: null

27-02-2025T17:23:44 - [TEST_STEP][PASSED] - inList = false: null

27-02-2025T17:23:44 - [TEST_STEP][PASSED] - if (myType == "checkbox"): null

27-02-2025T17:23:44 - [TEST_STEP][PASSED] - myStatus = element.isSelected(): null

27-02-2025T17:23:44 - [TEST_STEP][PASSED] - if (debug): null

27-02-2025T17:23:44 - [TEST_STEP][PASSED] - if (toggle && myStatus && inList): null

27-02-2025T17:23:44 - [TEST_STEP][PASSED] - if (!(myStatus) && inList || myStatus && !(inList)): null

27-02-2025T17:23:44 - [TEST_STEP][PASSED] - myValue = element.getAttribute("value"): null

27-02-2025T17:23:44 - [TEST_STEP][PASSED] - if (debug): null

27-02-2025T17:23:44 - [TEST_STEP][PASSED] - if (myValue.length() >= 4): null

27-02-2025T17:23:44 - [TEST_STEP][PASSED] - if (myValue.substring(0, 4) == "(!) "): null

27-02-2025T17:23:44 - [TEST_STEP][PASSED] - myType = element.getAttribute("type"): null

27-02-2025T17:23:44 - [TEST_STEP][PASSED] - if (myValue in varParms[i]): null

27-02-2025T17:23:44 - [TEST_STEP][PASSED] - inList = true: null

27-02-2025T17:23:44 - [TEST_STEP][PASSED] - if (myType == "checkbox"): null

27-02-2025T17:23:44 - [TEST_STEP][PASSED] - myStatus = element.isSelected(): null

27-02-2025T17:23:44 - [TEST_STEP][PASSED] - if (debug): null

27-02-2025T17:23:44 - [TEST_STEP][PASSED] - if (toggle && myStatus && inList): null

27-02-2025T17:23:44 - [TEST_STEP][PASSED] - if (!(myStatus) && inList || myStatus && !(inList)): null

27-02-2025T17:23:44 - [TEST_STEP][PASSED] - if (debug): null

27-02-2025T17:23:44 - [TEST_STEP][PASSED] - println("Clicking " + myValue): null

27-02-2025T17:23:44 - [TEST_STEP][PASSED] - click(element): null

27-02-2025T17:23:44 - [TEST_STEP][PASSED] - scrollToObject(elem): null

27-02-2025T17:23:44 - [TEST_STEP][PASSED] - loc = element.getLocation(): null

27-02-2025T17:23:44 - [TEST_STEP][PASSED] - if (debug): null

27-02-2025T17:23:44 - [TEST_STEP][PASSED] - y = loc.getY(): null

27-02-2025T17:23:44 - [TEST_STEP][PASSED] - println("Y location is " + y): null

27-02-2025T17:23:44 - [TEST_STEP][PASSED] - top = getViewportTopPosition(): Current viewport's top (y) position is 971

27-02-2025T17:23:44 - [MESSAGE][PASSED] - Current viewport's top (y) position is 971

27-02-2025T17:23:44 - [TEST_STEP][PASSED] - println("Viewport top is " + top): null

27-02-2025T17:23:44 - [TEST_STEP][PASSED] - bottom = top + 600: null

27-02-2025T17:23:44 - [TEST_STEP][PASSED] - if (y - top < 150 || bottom - y < 10): null

27-02-2025T17:23:44 - [TEST_STEP][PASSED] - elem.click(): null

27-02-2025T17:23:44 - [TEST_STEP][PASSED] - myValue = element.getAttribute("value"): null

27-02-2025T17:23:44 - [TEST_STEP][PASSED] - if (debug): null

27-02-2025T17:23:44 - [TEST_STEP][PASSED] - if (myValue.length() >= 4): null

27-02-2025T17:23:44 - [TEST_STEP][PASSED] - if (myValue.substring(0, 4) == "(!) "): null

27-02-2025T17:23:44 - [TEST_STEP][PASSED] - myType = element.getAttribute("type"): null

27-02-2025T17:23:44 - [TEST_STEP][PASSED] - if (myValue in varParms[i]): null

27-02-2025T17:23:44 - [TEST_STEP][PASSED] - else: null

27-02-2025T17:23:44 - [TEST_STEP][PASSED] - inList = false: null

27-02-2025T17:23:44 - [TEST_STEP][PASSED] - if (myType == "checkbox"): null

27-02-2025T17:23:44 - [TEST_STEP][PASSED] - myStatus = element.isSelected(): null

27-02-2025T17:23:44 - [TEST_STEP][PASSED] - if (debug): null

27-02-2025T17:23:44 - [TEST_STEP][PASSED] - if (toggle && myStatus && inList): null

27-02-2025T17:23:44 - [TEST_STEP][PASSED] - if (!(myStatus) && inList || myStatus && !(inList)): null

27-02-2025T17:23:44 - [TEST_STEP][PASSED] - myValue = element.getAttribute("value"): null

27-02-2025T17:23:44 - [TEST_STEP][PASSED] - if (debug): null

27-02-2025T17:23:44 - [TEST_STEP][PASSED] - if (myValue.length() >= 4): null

27-02-2025T17:23:44 - [TEST_STEP][PASSED] - if (myValue.substring(0, 4) == "(!) "): null

27-02-2025T17:23:44 - [TEST_STEP][PASSED] - myType = element.getAttribute("type"): null

27-02-2025T17:23:44 - [TEST_STEP][PASSED] - if (myValue in varParms[i]): null

27-02-2025T17:23:44 - [TEST_STEP][PASSED] - else: null

27-02-2025T17:23:44 - [TEST_STEP][PASSED] - inList = false: null

27-02-2025T17:23:44 - [TEST_STEP][PASSED] - if (myType == "checkbox"): null

27-02-2025T17:23:44 - [TEST_STEP][PASSED] - myStatus = element.isSelected(): null

27-02-2025T17:23:44 - [TEST_STEP][PASSED] - if (debug): null

27-02-2025T17:23:44 - [TEST_STEP][PASSED] - if (toggle && myStatus && inList): null

27-02-2025T17:23:44 - [TEST_STEP][PASSED] - if (!(myStatus) && inList || myStatus && !(inList)): null

27-02-2025T17:23:44 - [TEST_STEP][PASSED] - myValue = element.getAttribute("value"): null

27-02-2025T17:23:44 - [TEST_STEP][PASSED] - if (debug): null

27-02-2025T17:23:44 - [TEST_STEP][PASSED] - if (myValue.length() >= 4): null

27-02-2025T17:23:44 - [TEST_STEP][PASSED] - if (myValue.substring(0, 4) == "(!) "): null

27-02-2025T17:23:44 - [TEST_STEP][PASSED] - myType = element.getAttribute("type"): null

27-02-2025T17:23:44 - [TEST_STEP][PASSED] - if (myValue in varParms[i]): null

27-02-2025T17:23:44 - [TEST_STEP][PASSED] - else: null

27-02-2025T17:23:44 - [TEST_STEP][PASSED] - inList = false: null

27-02-2025T17:23:44 - [TEST_STEP][PASSED] - if (myType == "checkbox"): null

27-02-2025T17:23:44 - [TEST_STEP][PASSED] - myStatus = element.isSelected(): null

27-02-2025T17:23:44 - [TEST_STEP][PASSED] - if (debug): null

27-02-2025T17:23:44 - [TEST_STEP][PASSED] - if (toggle && myStatus && inList): null

27-02-2025T17:23:44 - [TEST_STEP][PASSED] - if (!(myStatus) && inList || myStatus && !(inList)): null

27-02-2025T17:23:44 - [TEST_STEP][PASSED] - myValue = element.getAttribute("value"): null

27-02-2025T17:23:44 - [TEST_STEP][PASSED] - if (debug): null

27-02-2025T17:23:44 - [TEST_STEP][PASSED] - if (myValue.length() >= 4): null

27-02-2025T17:23:44 - [TEST_STEP][PASSED] - if (myValue.substring(0, 4) == "(!) "): null

27-02-2025T17:23:44 - [TEST_STEP][PASSED] - myType = element.getAttribute("type"): null

27-02-2025T17:23:44 - [TEST_STEP][PASSED] - if (myValue in varParms[i]): null

27-02-2025T17:23:44 - [TEST_STEP][PASSED] - else: null

27-02-2025T17:23:44 - [TEST_STEP][PASSED] - inList = false: null

27-02-2025T17:23:44 - [TEST_STEP][PASSED] - if (myType == "checkbox"): null

27-02-2025T17:23:44 - [TEST_STEP][PASSED] - myStatus = element.isSelected(): null

27-02-2025T17:23:44 - [TEST_STEP][PASSED] - if (debug): null

27-02-2025T17:23:44 - [TEST_STEP][PASSED] - if (toggle && myStatus && inList): null

27-02-2025T17:23:44 - [TEST_STEP][PASSED] - if (!(myStatus) && inList || myStatus && !(inList)): null

27-02-2025T17:23:44 - [TEST_STEP][PASSED] - myValue = element.getAttribute("value"): null

27-02-2025T17:23:44 - [TEST_STEP][PASSED] - if (debug): null

27-02-2025T17:23:44 - [TEST_STEP][PASSED] - if (myValue.length() >= 4): null

27-02-2025T17:23:44 - [TEST_STEP][PASSED] - if (myValue.substring(0, 4) == "(!) "): null

27-02-2025T17:23:44 - [TEST_STEP][PASSED] - myType = element.getAttribute("type"): null

27-02-2025T17:23:44 - [TEST_STEP][PASSED] - if (myValue in varParms[i]): null

27-02-2025T17:23:44 - [TEST_STEP][PASSED] - else: null

27-02-2025T17:23:44 - [TEST_STEP][PASSED] - inList = false: null

27-02-2025T17:23:44 - [TEST_STEP][PASSED] - if (myType == "checkbox"): null

27-02-2025T17:23:44 - [TEST_STEP][PASSED] - myStatus = element.isSelected(): null

27-02-2025T17:23:44 - [TEST_STEP][PASSED] - if (debug): null

27-02-2025T17:23:44 - [TEST_STEP][PASSED] - if (toggle && myStatus && inList): null

27-02-2025T17:23:44 - [TEST_STEP][PASSED] - if (!(myStatus) && inList || myStatus && !(inList)): null

27-02-2025T17:23:44 - [TEST_STEP][PASSED] - myValue = element.getAttribute("value"): null

27-02-2025T17:23:44 - [TEST_STEP][PASSED] - if (debug): null

27-02-2025T17:23:44 - [TEST_STEP][PASSED] - if (myValue.length() >= 4): null

27-02-2025T17:23:44 - [TEST_STEP][PASSED] - if (myValue.substring(0, 4) == "(!) "): null

27-02-2025T17:23:44 - [TEST_STEP][PASSED] - myType = element.getAttribute("type"): null

27-02-2025T17:23:44 - [TEST_STEP][PASSED] - if (myValue in varParms[i]): null

27-02-2025T17:23:44 - [TEST_STEP][PASSED] - else: null

27-02-2025T17:23:44 - [TEST_STEP][PASSED] - inList = false: null

27-02-2025T17:23:44 - [TEST_STEP][PASSED] - if (myType == "checkbox"): null

27-02-2025T17:23:44 - [TEST_STEP][PASSED] - myStatus = element.isSelected(): null

27-02-2025T17:23:44 - [TEST_STEP][PASSED] - if (debug): null

27-02-2025T17:23:44 - [TEST_STEP][PASSED] - if (toggle && myStatus && inList): null

27-02-2025T17:23:44 - [TEST_STEP][PASSED] - if (!(myStatus) && inList || myStatus && !(inList)): null

27-02-2025T17:23:44 - [TEST_STEP][PASSED] - myValue = element.getAttribute("value"): null

27-02-2025T17:23:44 - [TEST_STEP][PASSED] - if (debug): null

27-02-2025T17:23:44 - [TEST_STEP][PASSED] - if (myValue.length() >= 4): null

27-02-2025T17:23:44 - [TEST_STEP][PASSED] - if (myValue.substring(0, 4) == "(!) "): null

27-02-2025T17:23:44 - [TEST_STEP][PASSED] - myType = element.getAttribute("type"): null

27-02-2025T17:23:44 - [TEST_STEP][PASSED] - if (myValue in varParms[i]): null

27-02-2025T17:23:44 - [TEST_STEP][PASSED] - else: null

27-02-2025T17:23:44 - [TEST_STEP][PASSED] - inList = false: null

27-02-2025T17:23:44 - [TEST_STEP][PASSED] - if (myType == "checkbox"): null

27-02-2025T17:23:44 - [TEST_STEP][PASSED] - myStatus = element.isSelected(): null

27-02-2025T17:23:44 - [TEST_STEP][PASSED] - if (debug): null

27-02-2025T17:23:44 - [TEST_STEP][PASSED] - if (toggle && myStatus && inList): null

27-02-2025T17:23:44 - [TEST_STEP][PASSED] - if (!(myStatus) && inList || myStatus && !(inList)): null

27-02-2025T17:23:44 - [TEST_STEP][PASSED] - myValue = element.getAttribute("value"): null

27-02-2025T17:23:44 - [TEST_STEP][PASSED] - if (debug): null

27-02-2025T17:23:44 - [TEST_STEP][PASSED] - if (myValue.length() >= 4): null

27-02-2025T17:23:44 - [TEST_STEP][PASSED] - if (myValue.substring(0, 4) == "(!) "): null

27-02-2025T17:23:44 - [TEST_STEP][PASSED] - myType = element.getAttribute("type"): null

27-02-2025T17:23:44 - [TEST_STEP][PASSED] - if (myValue in varParms[i]): null

27-02-2025T17:23:44 - [TEST_STEP][PASSED] - else: null

27-02-2025T17:23:44 - [TEST_STEP][PASSED] - inList = false: null

27-02-2025T17:23:44 - [TEST_STEP][PASSED] - if (myType == "checkbox"): null

27-02-2025T17:23:44 - [TEST_STEP][PASSED] - myStatus = element.isSelected(): null

27-02-2025T17:23:44 - [TEST_STEP][PASSED] - if (debug): null

27-02-2025T17:23:44 - [TEST_STEP][PASSED] - if (toggle && myStatus && inList): null

27-02-2025T17:23:44 - [TEST_STEP][PASSED] - if (!(myStatus) && inList || myStatus && !(inList)): null

27-02-2025T17:23:46 - [TEST_STEP][PASSED] - myValue = element.getAttribute("value"): null

27-02-2025T17:23:46 - [TEST_STEP][PASSED] - if (debug): null

27-02-2025T17:23:46 - [TEST_STEP][PASSED] - if (myValue.length() >= 4): null

27-02-2025T17:23:46 - [TEST_STEP][PASSED] - if (myValue.substring(0, 4) == "(!) "): null

27-02-2025T17:23:46 - [TEST_STEP][PASSED] - myType = element.getAttribute("type"): null

27-02-2025T17:23:46 - [TEST_STEP][PASSED] - if (myValue in varParms[i]): null

27-02-2025T17:23:46 - [TEST_STEP][PASSED] - else: null

27-02-2025T17:23:46 - [TEST_STEP][PASSED] - inList = false: null

27-02-2025T17:23:46 - [TEST_STEP][PASSED] - if (myType == "checkbox"): null

27-02-2025T17:23:46 - [TEST_STEP][PASSED] - myStatus = element.isSelected(): null

27-02-2025T17:23:46 - [TEST_STEP][PASSED] - if (debug): null

27-02-2025T17:23:46 - [TEST_STEP][PASSED] - if (toggle && myStatus && inList): null

27-02-2025T17:23:46 - [TEST_STEP][PASSED] - if (!(myStatus) && inList || myStatus && !(inList)): null

27-02-2025T17:23:46 - [TEST_STEP][PASSED] - myValue = element.getAttribute("value"): null

27-02-2025T17:23:46 - [TEST_STEP][PASSED] - if (debug): null

27-02-2025T17:23:46 - [TEST_STEP][PASSED] - if (myValue.length() >= 4): null

27-02-2025T17:23:46 - [TEST_STEP][PASSED] - if (myValue.substring(0, 4) == "(!) "): null

27-02-2025T17:23:46 - [TEST_STEP][PASSED] - myType = element.getAttribute("type"): null

27-02-2025T17:23:46 - [TEST_STEP][PASSED] - if (myValue in varParms[i]): null

27-02-2025T17:23:46 - [TEST_STEP][PASSED] - else: null

27-02-2025T17:23:46 - [TEST_STEP][PASSED] - inList = false: null

27-02-2025T17:23:46 - [TEST_STEP][PASSED] - if (myType == "checkbox"): null

27-02-2025T17:23:46 - [TEST_STEP][PASSED] - myStatus = element.isSelected(): null

27-02-2025T17:23:46 - [TEST_STEP][PASSED] - if (debug): null

27-02-2025T17:23:46 - [TEST_STEP][PASSED] - if (toggle && myStatus && inList): null

27-02-2025T17:23:46 - [TEST_STEP][PASSED] - if (!(myStatus) && inList || myStatus && !(inList)): null

27-02-2025T17:23:46 - [TEST_STEP][PASSED] - myValue = element.getAttribute("value"): null

27-02-2025T17:23:46 - [TEST_STEP][PASSED] - if (debug): null

27-02-2025T17:23:46 - [TEST_STEP][PASSED] - if (myValue.length() >= 4): null

27-02-2025T17:23:46 - [TEST_STEP][PASSED] - if (myValue.substring(0, 4) == "(!) "): null

27-02-2025T17:23:46 - [TEST_STEP][PASSED] - myType = element.getAttribute("type"): null

27-02-2025T17:23:46 - [TEST_STEP][PASSED] - if (myValue in varParms[i]): null

27-02-2025T17:23:46 - [TEST_STEP][PASSED] - else: null

27-02-2025T17:23:46 - [TEST_STEP][PASSED] - inList = false: null

27-02-2025T17:23:46 - [TEST_STEP][PASSED] - if (myType == "checkbox"): null

27-02-2025T17:23:46 - [TEST_STEP][PASSED] - myStatus = element.isSelected(): null

27-02-2025T17:23:46 - [TEST_STEP][PASSED] - if (debug): null

27-02-2025T17:23:46 - [TEST_STEP][PASSED] - if (toggle && myStatus && inList): null

27-02-2025T17:23:46 - [TEST_STEP][PASSED] - if (!(myStatus) && inList || myStatus && !(inList)): null

27-02-2025T17:23:46 - [TEST_STEP][PASSED] - myValue = element.getAttribute("value"): null

27-02-2025T17:23:46 - [TEST_STEP][PASSED] - if (debug): null

27-02-2025T17:23:46 - [TEST_STEP][PASSED] - if (myValue.length() >= 4): null

27-02-2025T17:23:46 - [TEST_STEP][PASSED] - if (myValue.substring(0, 4) == "(!) "): null

27-02-2025T17:23:46 - [TEST_STEP][PASSED] - myType = element.getAttribute("type"): null

27-02-2025T17:23:46 - [TEST_STEP][PASSED] - if (myValue in varParms[i]): null

27-02-2025T17:23:46 - [TEST_STEP][PASSED] - else: null

27-02-2025T17:23:46 - [TEST_STEP][PASSED] - inList = false: null

27-02-2025T17:23:46 - [TEST_STEP][PASSED] - if (myType == "checkbox"): null

27-02-2025T17:23:46 - [TEST_STEP][PASSED] - myStatus = element.isSelected(): null

27-02-2025T17:23:46 - [TEST_STEP][PASSED] - if (debug): null

27-02-2025T17:23:46 - [TEST_STEP][PASSED] - if (toggle && myStatus && inList): null

27-02-2025T17:23:46 - [TEST_STEP][PASSED] - if (!(myStatus) && inList || myStatus && !(inList)): null

27-02-2025T17:23:46 - [TEST_STEP][PASSED] - myValue = element.getAttribute("value"): null

27-02-2025T17:23:46 - [TEST_STEP][PASSED] - if (debug): null

27-02-2025T17:23:46 - [TEST_STEP][PASSED] - if (myValue.length() >= 4): null

27-02-2025T17:23:46 - [TEST_STEP][PASSED] - if (myValue.substring(0, 4) == "(!) "): null

27-02-2025T17:23:46 - [TEST_STEP][PASSED] - myType = element.getAttribute("type"): null

27-02-2025T17:23:46 - [TEST_STEP][PASSED] - if (myValue in varParms[i]): null

27-02-2025T17:23:46 - [TEST_STEP][PASSED] - else: null

27-02-2025T17:23:46 - [TEST_STEP][PASSED] - inList = false: null

27-02-2025T17:23:46 - [TEST_STEP][PASSED] - if (myType == "checkbox"): null

27-02-2025T17:23:46 - [TEST_STEP][PASSED] - myStatus = element.isSelected(): null

27-02-2025T17:23:46 - [TEST_STEP][PASSED] - if (debug): null

27-02-2025T17:23:46 - [TEST_STEP][PASSED] - if (toggle && myStatus && inList): null

27-02-2025T17:23:46 - [TEST_STEP][PASSED] - if (!(myStatus) && inList || myStatus && !(inList)): null

27-02-2025T17:23:46 - [TEST_STEP][PASSED] - myValue = element.getAttribute("value"): null

27-02-2025T17:23:46 - [TEST_STEP][PASSED] - if (debug): null

27-02-2025T17:23:46 - [TEST_STEP][PASSED] - if (myValue.length() >= 4): null

27-02-2025T17:23:46 - [TEST_STEP][PASSED] - if (myValue.substring(0, 4) == "(!) "): null

27-02-2025T17:23:46 - [TEST_STEP][PASSED] - myType = element.getAttribute("type"): null

27-02-2025T17:23:46 - [TEST_STEP][PASSED] - if (myValue in varParms[i]): null

27-02-2025T17:23:46 - [TEST_STEP][PASSED] - else: null

27-02-2025T17:23:46 - [TEST_STEP][PASSED] - inList = false: null

27-02-2025T17:23:46 - [TEST_STEP][PASSED] - if (myType == "checkbox"): null

27-02-2025T17:23:46 - [TEST_STEP][PASSED] - myStatus = element.isSelected(): null

27-02-2025T17:23:46 - [TEST_STEP][PASSED] - if (debug): null

27-02-2025T17:23:46 - [TEST_STEP][PASSED] - if (toggle && myStatus && inList): null

27-02-2025T17:23:46 - [TEST_STEP][PASSED] - if (!(myStatus) && inList || myStatus && !(inList)): null

27-02-2025T17:23:46 - [TEST_STEP][PASSED] - myValue = element.getAttribute("value"): null

27-02-2025T17:23:46 - [TEST_STEP][PASSED] - if (debug): null

27-02-2025T17:23:46 - [TEST_STEP][PASSED] - if (myValue.length() >= 4): null

27-02-2025T17:23:46 - [TEST_STEP][PASSED] - if (myValue.substring(0, 4) == "(!) "): null

27-02-2025T17:23:46 - [TEST_STEP][PASSED] - myType = element.getAttribute("type"): null

27-02-2025T17:23:46 - [TEST_STEP][PASSED] - if (myValue in varParms[i]): null

27-02-2025T17:23:46 - [TEST_STEP][PASSED] - else: null

27-02-2025T17:23:46 - [TEST_STEP][PASSED] - inList = false: null

27-02-2025T17:23:46 - [TEST_STEP][PASSED] - if (myType == "checkbox"): null

27-02-2025T17:23:46 - [TEST_STEP][PASSED] - myStatus = element.isSelected(): null

27-02-2025T17:23:46 - [TEST_STEP][PASSED] - if (debug): null

27-02-2025T17:23:46 - [TEST_STEP][PASSED] - if (toggle && myStatus && inList): null

27-02-2025T17:23:46 - [TEST_STEP][PASSED] - if (!(myStatus) && inList || myStatus && !(inList)): null

27-02-2025T17:23:46 - [TEST_STEP][PASSED] - myValue = element.getAttribute("value"): null

27-02-2025T17:23:46 - [TEST_STEP][PASSED] - if (debug): null

27-02-2025T17:23:46 - [TEST_STEP][PASSED] - if (myValue.length() >= 4): null

27-02-2025T17:23:46 - [TEST_STEP][PASSED] - if (myValue.substring(0, 4) == "(!) "): null

27-02-2025T17:23:46 - [TEST_STEP][PASSED] - myType = element.getAttribute("type"): null

27-02-2025T17:23:46 - [TEST_STEP][PASSED] - if (myValue in varParms[i]): null

27-02-2025T17:23:46 - [TEST_STEP][PASSED] - else: null

27-02-2025T17:23:46 - [TEST_STEP][PASSED] - inList = false: null

27-02-2025T17:23:46 - [TEST_STEP][PASSED] - if (myType == "checkbox"): null

27-02-2025T17:23:46 - [TEST_STEP][PASSED] - myStatus = element.isSelected(): null

27-02-2025T17:23:46 - [TEST_STEP][PASSED] - if (debug): null

27-02-2025T17:23:46 - [TEST_STEP][PASSED] - if (toggle && myStatus && inList): null

27-02-2025T17:23:46 - [TEST_STEP][PASSED] - if (!(myStatus) && inList || myStatus && !(inList)): null

27-02-2025T17:23:46 - [TEST_STEP][PASSED] - myValue = element.getAttribute("value"): null

27-02-2025T17:23:46 - [TEST_STEP][PASSED] - if (debug): null

27-02-2025T17:23:46 - [TEST_STEP][PASSED] - if (myValue.length() >= 4): null

27-02-2025T17:23:46 - [TEST_STEP][PASSED] - if (myValue.substring(0, 4) == "(!) "): null

27-02-2025T17:23:46 - [TEST_STEP][PASSED] - myType = element.getAttribute("type"): null

27-02-2025T17:23:46 - [TEST_STEP][PASSED] - if (myValue in varParms[i]): null

27-02-2025T17:23:46 - [TEST_STEP][PASSED] - else: null

27-02-2025T17:23:46 - [TEST_STEP][PASSED] - inList = false: null

27-02-2025T17:23:46 - [TEST_STEP][PASSED] - if (myType == "checkbox"): null

27-02-2025T17:23:46 - [TEST_STEP][PASSED] - myStatus = element.isSelected(): null

27-02-2025T17:23:46 - [TEST_STEP][PASSED] - if (debug): null

27-02-2025T17:23:46 - [TEST_STEP][PASSED] - if (toggle && myStatus && inList): null

27-02-2025T17:23:46 - [TEST_STEP][PASSED] - if (!(myStatus) && inList || myStatus && !(inList)): null

27-02-2025T17:23:46 - [TEST_STEP][PASSED] - myValue = element.getAttribute("value"): null

27-02-2025T17:23:46 - [TEST_STEP][PASSED] - if (debug): null

27-02-2025T17:23:46 - [TEST_STEP][PASSED] - if (myValue.length() >= 4): null

27-02-2025T17:23:46 - [TEST_STEP][PASSED] - if (myValue.substring(0, 4) == "(!) "): null

27-02-2025T17:23:46 - [TEST_STEP][PASSED] - myType = element.getAttribute("type"): null

27-02-2025T17:23:46 - [TEST_STEP][PASSED] - if (myValue in varParms[i]): null

27-02-2025T17:23:46 - [TEST_STEP][PASSED] - else: null

27-02-2025T17:23:46 - [TEST_STEP][PASSED] - inList = false: null

27-02-2025T17:23:46 - [TEST_STEP][PASSED] - if (myType == "checkbox"): null

27-02-2025T17:23:46 - [TEST_STEP][PASSED] - myStatus = element.isSelected(): null

27-02-2025T17:23:46 - [TEST_STEP][PASSED] - if (debug): null

27-02-2025T17:23:46 - [TEST_STEP][PASSED] - if (toggle && myStatus && inList): null

27-02-2025T17:23:46 - [TEST_STEP][PASSED] - if (!(myStatus) && inList || myStatus && !(inList)): null

27-02-2025T17:23:46 - [TEST_STEP][PASSED] - myValue = element.getAttribute("value"): null

27-02-2025T17:23:46 - [TEST_STEP][PASSED] - if (debug): null

27-02-2025T17:23:46 - [TEST_STEP][PASSED] - if (myValue.length() >= 4): null

27-02-2025T17:23:46 - [TEST_STEP][PASSED] - if (myValue.substring(0, 4) == "(!) "): null

27-02-2025T17:23:46 - [TEST_STEP][PASSED] - myType = element.getAttribute("type"): null

27-02-2025T17:23:46 - [TEST_STEP][PASSED] - if (myValue in varParms[i]): null

27-02-2025T17:23:46 - [TEST_STEP][PASSED] - else: null

27-02-2025T17:23:46 - [TEST_STEP][PASSED] - inList = false: null

27-02-2025T17:23:46 - [TEST_STEP][PASSED] - if (myType == "checkbox"): null

27-02-2025T17:23:46 - [TEST_STEP][PASSED] - myStatus = element.isSelected(): null

27-02-2025T17:23:46 - [TEST_STEP][PASSED] - if (debug): null

27-02-2025T17:23:46 - [TEST_STEP][PASSED] - if (toggle && myStatus && inList): null

27-02-2025T17:23:46 - [TEST_STEP][PASSED] - if (!(myStatus) && inList || myStatus && !(inList)): null

27-02-2025T17:23:46 - [TEST_STEP][PASSED] - myValue = element.getAttribute("value"): null

27-02-2025T17:23:46 - [TEST_STEP][PASSED] - if (debug): null

27-02-2025T17:23:46 - [TEST_STEP][PASSED] - if (myValue.length() >= 4): null

27-02-2025T17:23:46 - [TEST_STEP][PASSED] - if (myValue.substring(0, 4) == "(!) "): null

27-02-2025T17:23:46 - [TEST_STEP][PASSED] - myType = element.getAttribute("type"): null

27-02-2025T17:23:46 - [TEST_STEP][PASSED] - if (myValue in varParms[i]): null

27-02-2025T17:23:46 - [TEST_STEP][PASSED] - else: null

27-02-2025T17:23:46 - [TEST_STEP][PASSED] - inList = false: null

27-02-2025T17:23:46 - [TEST_STEP][PASSED] - if (myType == "checkbox"): null

27-02-2025T17:23:46 - [TEST_STEP][PASSED] - myStatus = element.isSelected(): null

27-02-2025T17:23:46 - [TEST_STEP][PASSED] - if (debug): null

27-02-2025T17:23:46 - [TEST_STEP][PASSED] - if (toggle && myStatus && inList): null

27-02-2025T17:23:46 - [TEST_STEP][PASSED] - if (!(myStatus) && inList || myStatus && !(inList)): null

27-02-2025T17:23:46 - [TEST_STEP][PASSED] - myValue = element.getAttribute("value"): null

27-02-2025T17:23:46 - [TEST_STEP][PASSED] - if (debug): null

27-02-2025T17:23:46 - [TEST_STEP][PASSED] - if (myValue.length() >= 4): null

27-02-2025T17:23:46 - [TEST_STEP][PASSED] - if (myValue.substring(0, 4) == "(!) "): null

27-02-2025T17:23:46 - [TEST_STEP][PASSED] - myType = element.getAttribute("type"): null

27-02-2025T17:23:46 - [TEST_STEP][PASSED] - if (myValue in varParms[i]): null

27-02-2025T17:23:46 - [TEST_STEP][PASSED] - else: null

27-02-2025T17:23:46 - [TEST_STEP][PASSED] - inList = false: null

27-02-2025T17:23:46 - [TEST_STEP][PASSED] - if (myType == "checkbox"): null

27-02-2025T17:23:46 - [TEST_STEP][PASSED] - myStatus = element.isSelected(): null

27-02-2025T17:23:46 - [TEST_STEP][PASSED] - if (debug): null

27-02-2025T17:23:46 - [TEST_STEP][PASSED] - if (toggle && myStatus && inList): null

27-02-2025T17:23:46 - [TEST_STEP][PASSED] - if (!(myStatus) && inList || myStatus && !(inList)): null

27-02-2025T17:23:46 - [TEST_STEP][PASSED] - myValue = element.getAttribute("value"): null

27-02-2025T17:23:46 - [TEST_STEP][PASSED] - if (debug): null

27-02-2025T17:23:46 - [TEST_STEP][PASSED] - if (myValue.length() >= 4): null

27-02-2025T17:23:46 - [TEST_STEP][PASSED] - if (myValue.substring(0, 4) == "(!) "): null

27-02-2025T17:23:46 - [TEST_STEP][PASSED] - myType = element.getAttribute("type"): null

27-02-2025T17:23:46 - [TEST_STEP][PASSED] - if (myValue in varParms[i]): null

27-02-2025T17:23:46 - [TEST_STEP][PASSED] - else: null

27-02-2025T17:23:46 - [TEST_STEP][PASSED] - inList = false: null

27-02-2025T17:23:46 - [TEST_STEP][PASSED] - if (myType == "checkbox"): null

27-02-2025T17:23:46 - [TEST_STEP][PASSED] - myStatus = element.isSelected(): null

27-02-2025T17:23:46 - [TEST_STEP][PASSED] - if (debug): null

27-02-2025T17:23:46 - [TEST_STEP][PASSED] - if (toggle && myStatus && inList): null

27-02-2025T17:23:46 - [TEST_STEP][PASSED] - if (!(myStatus) && inList || myStatus && !(inList)): null

27-02-2025T17:23:46 - [TEST_STEP][PASSED] - myValue = element.getAttribute("value"): null

27-02-2025T17:23:46 - [TEST_STEP][PASSED] - if (debug): null

27-02-2025T17:23:46 - [TEST_STEP][PASSED] - if (myValue.length() >= 4): null

27-02-2025T17:23:46 - [TEST_STEP][PASSED] - if (myValue.substring(0, 4) == "(!) "): null

27-02-2025T17:23:46 - [TEST_STEP][PASSED] - myType = element.getAttribute("type"): null

27-02-2025T17:23:46 - [TEST_STEP][PASSED] - if (myValue in varParms[i]): null

27-02-2025T17:23:46 - [TEST_STEP][PASSED] - else: null

27-02-2025T17:23:46 - [TEST_STEP][PASSED] - inList = false: null

27-02-2025T17:23:46 - [TEST_STEP][PASSED] - if (myType == "checkbox"): null

27-02-2025T17:23:46 - [TEST_STEP][PASSED] - myStatus = element.isSelected(): null

27-02-2025T17:23:46 - [TEST_STEP][PASSED] - if (debug): null

27-02-2025T17:23:46 - [TEST_STEP][PASSED] - if (toggle && myStatus && inList): null

27-02-2025T17:23:46 - [TEST_STEP][PASSED] - if (!(myStatus) && inList || myStatus && !(inList)): null

27-02-2025T17:23:46 - [TEST_STEP][PASSED] - myValue = element.getAttribute("value"): null

27-02-2025T17:23:46 - [TEST_STEP][PASSED] - if (debug): null

27-02-2025T17:23:46 - [TEST_STEP][PASSED] - if (myValue.length() >= 4): null

27-02-2025T17:23:46 - [TEST_STEP][PASSED] - if (myValue.substring(0, 4) == "(!) "): null

27-02-2025T17:23:46 - [TEST_STEP][PASSED] - myType = element.getAttribute("type"): null

27-02-2025T17:23:46 - [TEST_STEP][PASSED] - if (myValue in varParms[i]): null

27-02-2025T17:23:46 - [TEST_STEP][PASSED] - inList = true: null

27-02-2025T17:23:46 - [TEST_STEP][PASSED] - if (myType == "checkbox"): null

27-02-2025T17:23:46 - [TEST_STEP][PASSED] - myStatus = element.isSelected(): null

27-02-2025T17:23:46 - [TEST_STEP][PASSED] - if (debug): null

27-02-2025T17:23:46 - [TEST_STEP][PASSED] - if (toggle && myStatus && inList): null

27-02-2025T17:23:46 - [TEST_STEP][PASSED] - if (!(myStatus) && inList || myStatus && !(inList)): null

27-02-2025T17:23:46 - [TEST_STEP][PASSED] - if (debug): null

27-02-2025T17:23:46 - [TEST_STEP][PASSED] - println("Clicking " + myValue): null

27-02-2025T17:23:46 - [TEST_STEP][PASSED] - click(element): null

27-02-2025T17:23:46 - [TEST_STEP][PASSED] - scrollToObject(elem): null

27-02-2025T17:23:46 - [TEST_STEP][PASSED] - loc = element.getLocation(): null

27-02-2025T17:23:46 - [TEST_STEP][PASSED] - if (debug): null

27-02-2025T17:23:46 - [TEST_STEP][PASSED] - y = loc.getY(): null

27-02-2025T17:23:46 - [TEST_STEP][PASSED] - println("Y location is " + y): null

27-02-2025T17:23:46 - [TEST_STEP][PASSED] - top = getViewportTopPosition(): Current viewport's top (y) position is 971

27-02-2025T17:23:46 - [MESSAGE][PASSED] - Current viewport's top (y) position is 971

27-02-2025T17:23:46 - [TEST_STEP][PASSED] - println("Viewport top is " + top): null

27-02-2025T17:23:46 - [TEST_STEP][PASSED] - bottom = top + 600: null

27-02-2025T17:23:46 - [TEST_STEP][PASSED] - if (y - top < 150 || bottom - y < 10): null

27-02-2025T17:23:46 - [TEST_STEP][PASSED] - elem.click(): null

27-02-2025T17:23:46 - [TEST_STEP][PASSED] - myValue = element.getAttribute("value"): null

27-02-2025T17:23:46 - [TEST_STEP][PASSED] - if (debug): null

27-02-2025T17:23:46 - [TEST_STEP][PASSED] - if (myValue.length() >= 4): null

27-02-2025T17:23:46 - [TEST_STEP][PASSED] - if (myValue.substring(0, 4) == "(!) "): null

27-02-2025T17:23:46 - [TEST_STEP][PASSED] - myType = element.getAttribute("type"): null

27-02-2025T17:23:46 - [TEST_STEP][PASSED] - if (myValue in varParms[i]): null

27-02-2025T17:23:46 - [TEST_STEP][PASSED] - else: null

27-02-2025T17:23:46 - [TEST_STEP][PASSED] - inList = false: null

27-02-2025T17:23:46 - [TEST_STEP][PASSED] - if (myType == "checkbox"): null

27-02-2025T17:23:46 - [TEST_STEP][PASSED] - myStatus = element.isSelected(): null

27-02-2025T17:23:46 - [TEST_STEP][PASSED] - if (debug): null

27-02-2025T17:23:46 - [TEST_STEP][PASSED] - if (toggle && myStatus && inList): null

27-02-2025T17:23:46 - [TEST_STEP][PASSED] - if (!(myStatus) && inList || myStatus && !(inList)): null

27-02-2025T17:23:46 - [TEST_STEP][PASSED] - myValue = element.getAttribute("value"): null

27-02-2025T17:23:46 - [TEST_STEP][PASSED] - if (debug): null

27-02-2025T17:23:46 - [TEST_STEP][PASSED] - if (myValue.length() >= 4): null

27-02-2025T17:23:46 - [TEST_STEP][PASSED] - if (myValue.substring(0, 4) == "(!) "): null

27-02-2025T17:23:46 - [TEST_STEP][PASSED] - myType = element.getAttribute("type"): null

27-02-2025T17:23:46 - [TEST_STEP][PASSED] - if (myValue in varParms[i]): null

27-02-2025T17:23:46 - [TEST_STEP][PASSED] - inList = true: null

27-02-2025T17:23:46 - [TEST_STEP][PASSED] - if (myType == "checkbox"): null

27-02-2025T17:23:46 - [TEST_STEP][PASSED] - myStatus = element.isSelected(): null

27-02-2025T17:23:46 - [TEST_STEP][PASSED] - if (debug): null

27-02-2025T17:23:46 - [TEST_STEP][PASSED] - if (toggle && myStatus && inList): null

27-02-2025T17:23:46 - [TEST_STEP][PASSED] - if (!(myStatus) && inList || myStatus && !(inList)): null

27-02-2025T17:23:46 - [TEST_STEP][PASSED] - if (debug): null

27-02-2025T17:23:46 - [TEST_STEP][PASSED] - println("Clicking " + myValue): null

27-02-2025T17:23:46 - [TEST_STEP][PASSED] - click(element): null

27-02-2025T17:23:46 - [TEST_STEP][PASSED] - scrollToObject(elem): null

27-02-2025T17:23:46 - [TEST_STEP][PASSED] - loc = element.getLocation(): null

27-02-2025T17:23:46 - [TEST_STEP][PASSED] - if (debug): null

27-02-2025T17:23:46 - [TEST_STEP][PASSED] - y = loc.getY(): null

27-02-2025T17:23:46 - [TEST_STEP][PASSED] - println("Y location is " + y): null

27-02-2025T17:23:46 - [TEST_STEP][PASSED] - top = getViewportTopPosition(): Current viewport's top (y) position is 971

27-02-2025T17:23:46 - [MESSAGE][PASSED] - Current viewport's top (y) position is 971

27-02-2025T17:23:46 - [TEST_STEP][PASSED] - println("Viewport top is " + top): null

27-02-2025T17:23:46 - [TEST_STEP][PASSED] - bottom = top + 600: null

27-02-2025T17:23:46 - [TEST_STEP][PASSED] - if (y - top < 150 || bottom - y < 10): null

27-02-2025T17:23:46 - [TEST_STEP][PASSED] - elem.click(): null

27-02-2025T17:23:46 - [TEST_STEP][PASSED] - myValue = element.getAttribute("value"): null

27-02-2025T17:23:46 - [TEST_STEP][PASSED] - if (debug): null

27-02-2025T17:23:46 - [TEST_STEP][PASSED] - if (myValue.length() >= 4): null

27-02-2025T17:23:46 - [TEST_STEP][PASSED] - if (myValue.substring(0, 4) == "(!) "): null

27-02-2025T17:23:46 - [TEST_STEP][PASSED] - myType = element.getAttribute("type"): null

27-02-2025T17:23:46 - [TEST_STEP][PASSED] - if (myValue in varParms[i]): null

27-02-2025T17:23:46 - [TEST_STEP][PASSED] - else: null

27-02-2025T17:23:46 - [TEST_STEP][PASSED] - inList = false: null

27-02-2025T17:23:46 - [TEST_STEP][PASSED] - if (myType == "checkbox"): null

27-02-2025T17:23:46 - [TEST_STEP][PASSED] - myStatus = element.isSelected(): null

27-02-2025T17:23:46 - [TEST_STEP][PASSED] - if (debug): null

27-02-2025T17:23:46 - [TEST_STEP][PASSED] - if (toggle && myStatus && inList): null

27-02-2025T17:23:46 - [TEST_STEP][PASSED] - if (!(myStatus) && inList || myStatus && !(inList)): null

27-02-2025T17:23:46 - [TEST_STEP][PASSED] - myValue = element.getAttribute("value"): null

27-02-2025T17:23:46 - [TEST_STEP][PASSED] - if (debug): null

27-02-2025T17:23:46 - [TEST_STEP][PASSED] - if (myValue.length() >= 4): null

27-02-2025T17:23:46 - [TEST_STEP][PASSED] - if (myValue.substring(0, 4) == "(!) "): null

27-02-2025T17:23:46 - [TEST_STEP][PASSED] - myType = element.getAttribute("type"): null

27-02-2025T17:23:46 - [TEST_STEP][PASSED] - if (myValue in varParms[i]): null

27-02-2025T17:23:46 - [TEST_STEP][PASSED] - else: null

27-02-2025T17:23:46 - [TEST_STEP][PASSED] - inList = false: null

27-02-2025T17:23:49 - [TEST_STEP][PASSED] - if (myType == "checkbox"): null

27-02-2025T17:23:49 - [TEST_STEP][PASSED] - myStatus = element.isSelected(): null

27-02-2025T17:23:49 - [TEST_STEP][PASSED] - if (debug): null

27-02-2025T17:23:49 - [TEST_STEP][PASSED] - if (toggle && myStatus && inList): null

27-02-2025T17:23:49 - [TEST_STEP][PASSED] - if (!(myStatus) && inList || myStatus && !(inList)): null

27-02-2025T17:23:49 - [TEST_STEP][PASSED] - myValue = element.getAttribute("value"): null

27-02-2025T17:23:49 - [TEST_STEP][PASSED] - if (debug): null

27-02-2025T17:23:49 - [TEST_STEP][PASSED] - if (myValue.length() >= 4): null

27-02-2025T17:23:49 - [TEST_STEP][PASSED] - if (myValue.substring(0, 4) == "(!) "): null

27-02-2025T17:23:49 - [TEST_STEP][PASSED] - myType = element.getAttribute("type"): null

27-02-2025T17:23:49 - [TEST_STEP][PASSED] - if (myValue in varParms[i]): null

27-02-2025T17:23:49 - [TEST_STEP][PASSED] - else: null

27-02-2025T17:23:49 - [TEST_STEP][PASSED] - inList = false: null

27-02-2025T17:23:49 - [TEST_STEP][PASSED] - if (myType == "checkbox"): null

27-02-2025T17:23:49 - [TEST_STEP][PASSED] - myStatus = element.isSelected(): null

27-02-2025T17:23:49 - [TEST_STEP][PASSED] - if (debug): null

27-02-2025T17:23:49 - [TEST_STEP][PASSED] - if (toggle && myStatus && inList): null

27-02-2025T17:23:49 - [TEST_STEP][PASSED] - if (!(myStatus) && inList || myStatus && !(inList)): null

27-02-2025T17:23:49 - [TEST_STEP][PASSED] - myValue = element.getAttribute("value"): null

27-02-2025T17:23:49 - [TEST_STEP][PASSED] - if (debug): null

27-02-2025T17:23:49 - [TEST_STEP][PASSED] - if (myValue.length() >= 4): null

27-02-2025T17:23:49 - [TEST_STEP][PASSED] - if (myValue.substring(0, 4) == "(!) "): null

27-02-2025T17:23:49 - [TEST_STEP][PASSED] - myType = element.getAttribute("type"): null

27-02-2025T17:23:49 - [TEST_STEP][PASSED] - if (myValue in varParms[i]): null

27-02-2025T17:23:49 - [TEST_STEP][PASSED] - else: null

27-02-2025T17:23:49 - [TEST_STEP][PASSED] - inList = false: null

27-02-2025T17:23:49 - [TEST_STEP][PASSED] - if (myType == "checkbox"): null

27-02-2025T17:23:49 - [TEST_STEP][PASSED] - myStatus = element.isSelected(): null

27-02-2025T17:23:49 - [TEST_STEP][PASSED] - if (debug): null

27-02-2025T17:23:49 - [TEST_STEP][PASSED] - if (toggle && myStatus && inList): null

27-02-2025T17:23:49 - [TEST_STEP][PASSED] - if (!(myStatus) && inList || myStatus && !(inList)): null

27-02-2025T17:23:49 - [TEST_STEP][PASSED] - myValue = element.getAttribute("value"): null

27-02-2025T17:23:49 - [TEST_STEP][PASSED] - if (debug): null

27-02-2025T17:23:49 - [TEST_STEP][PASSED] - if (myValue.length() >= 4): null

27-02-2025T17:23:49 - [TEST_STEP][PASSED] - if (myValue.substring(0, 4) == "(!) "): null

27-02-2025T17:23:49 - [TEST_STEP][PASSED] - myType = element.getAttribute("type"): null

27-02-2025T17:23:49 - [TEST_STEP][PASSED] - if (myValue in varParms[i]): null

27-02-2025T17:23:49 - [TEST_STEP][PASSED] - else: null

27-02-2025T17:23:49 - [TEST_STEP][PASSED] - inList = false: null

27-02-2025T17:23:49 - [TEST_STEP][PASSED] - if (myType == "checkbox"): null

27-02-2025T17:23:49 - [TEST_STEP][PASSED] - myStatus = element.isSelected(): null

27-02-2025T17:23:49 - [TEST_STEP][PASSED] - if (debug): null

27-02-2025T17:23:49 - [TEST_STEP][PASSED] - if (toggle && myStatus && inList): null

27-02-2025T17:23:49 - [TEST_STEP][PASSED] - if (!(myStatus) && inList || myStatus && !(inList)): null

27-02-2025T17:23:49 - [TEST_STEP][PASSED] - myValue = element.getAttribute("value"): null

27-02-2025T17:23:49 - [TEST_STEP][PASSED] - if (debug): null

27-02-2025T17:23:49 - [TEST_STEP][PASSED] - if (myValue.length() >= 4): null

27-02-2025T17:23:49 - [TEST_STEP][PASSED] - if (myValue.substring(0, 4) == "(!) "): null

27-02-2025T17:23:49 - [TEST_STEP][PASSED] - myType = element.getAttribute("type"): null

27-02-2025T17:23:49 - [TEST_STEP][PASSED] - if (myValue in varParms[i]): null

27-02-2025T17:23:49 - [TEST_STEP][PASSED] - else: null

27-02-2025T17:23:49 - [TEST_STEP][PASSED] - inList = false: null

27-02-2025T17:23:49 - [TEST_STEP][PASSED] - if (myType == "checkbox"): null

27-02-2025T17:23:49 - [TEST_STEP][PASSED] - myStatus = element.isSelected(): null

27-02-2025T17:23:49 - [TEST_STEP][PASSED] - if (debug): null

27-02-2025T17:23:49 - [TEST_STEP][PASSED] - if (toggle && myStatus && inList): null

27-02-2025T17:23:49 - [TEST_STEP][PASSED] - if (!(myStatus) && inList || myStatus && !(inList)): null

27-02-2025T17:23:49 - [TEST_STEP][PASSED] - myValue = element.getAttribute("value"): null

27-02-2025T17:23:49 - [TEST_STEP][PASSED] - if (debug): null

27-02-2025T17:23:49 - [TEST_STEP][PASSED] - if (myValue.length() >= 4): null

27-02-2025T17:23:49 - [TEST_STEP][PASSED] - if (myValue.substring(0, 4) == "(!) "): null

27-02-2025T17:23:49 - [TEST_STEP][PASSED] - myType = element.getAttribute("type"): null

27-02-2025T17:23:49 - [TEST_STEP][PASSED] - if (myValue in varParms[i]): null

27-02-2025T17:23:49 - [TEST_STEP][PASSED] - inList = true: null

27-02-2025T17:23:49 - [TEST_STEP][PASSED] - if (myType == "checkbox"): null

27-02-2025T17:23:49 - [TEST_STEP][PASSED] - myStatus = element.isSelected(): null

27-02-2025T17:23:49 - [TEST_STEP][PASSED] - if (debug): null

27-02-2025T17:23:49 - [TEST_STEP][PASSED] - if (toggle && myStatus && inList): null

27-02-2025T17:23:49 - [TEST_STEP][PASSED] - if (!(myStatus) && inList || myStatus && !(inList)): null

27-02-2025T17:23:49 - [TEST_STEP][PASSED] - if (debug): null

27-02-2025T17:23:49 - [TEST_STEP][PASSED] - println("Clicking " + myValue): null

27-02-2025T17:23:49 - [TEST_STEP][PASSED] - click(element): null

27-02-2025T17:23:49 - [TEST_STEP][PASSED] - scrollToObject(elem): null

27-02-2025T17:23:49 - [TEST_STEP][PASSED] - loc = element.getLocation(): null

27-02-2025T17:23:49 - [TEST_STEP][PASSED] - if (debug): null

27-02-2025T17:23:49 - [TEST_STEP][PASSED] - y = loc.getY(): null

27-02-2025T17:23:49 - [TEST_STEP][PASSED] - println("Y location is " + y): null

27-02-2025T17:23:49 - [TEST_STEP][PASSED] - top = getViewportTopPosition(): Current viewport's top (y) position is 971

27-02-2025T17:23:49 - [MESSAGE][PASSED] - Current viewport's top (y) position is 971

27-02-2025T17:23:49 - [TEST_STEP][PASSED] - println("Viewport top is " + top): null

27-02-2025T17:23:49 - [TEST_STEP][PASSED] - bottom = top + 600: null

27-02-2025T17:23:49 - [TEST_STEP][PASSED] - if (y - top < 150 || bottom - y < 10): Delayed 1 second(s)

27-02-2025T17:23:49 - [TEST_STEP][PASSED] - scrollToPosition(0, y - 150): Browser is scrolled to position x = 0, y = 1444

27-02-2025T17:23:49 - [MESSAGE][PASSED] - Browser is scrolled to position x = 0, y = 1444

27-02-2025T17:23:49 - [TEST_STEP][PASSED] - delay(1): Delayed 1 second(s)

27-02-2025T17:23:50 - [MESSAGE][PASSED] - Delayed 1 second(s)

27-02-2025T17:23:50 - [TEST_STEP][PASSED] - elem.click(): null

27-02-2025T17:23:50 - [TEST_STEP][PASSED] - myValue = element.getAttribute("value"): null

27-02-2025T17:23:50 - [TEST_STEP][PASSED] - if (debug): null

27-02-2025T17:23:50 - [TEST_STEP][PASSED] - if (myValue.length() >= 4): null

27-02-2025T17:23:50 - [TEST_STEP][PASSED] - if (myValue.substring(0, 4) == "(!) "): null

27-02-2025T17:23:50 - [TEST_STEP][PASSED] - myType = element.getAttribute("type"): null

27-02-2025T17:23:50 - [TEST_STEP][PASSED] - if (myValue in varParms[i]): null

27-02-2025T17:23:50 - [TEST_STEP][PASSED] - else: null

27-02-2025T17:23:50 - [TEST_STEP][PASSED] - inList = false: null

27-02-2025T17:23:50 - [TEST_STEP][PASSED] - if (myType == "checkbox"): null

27-02-2025T17:23:50 - [TEST_STEP][PASSED] - myStatus = element.isSelected(): null

27-02-2025T17:23:50 - [TEST_STEP][PASSED] - if (debug): null

27-02-2025T17:23:50 - [TEST_STEP][PASSED] - if (toggle && myStatus && inList): null

27-02-2025T17:23:50 - [TEST_STEP][PASSED] - if (!(myStatus) && inList || myStatus && !(inList)): null

27-02-2025T17:23:50 - [TEST_STEP][PASSED] - myValue = element.getAttribute("value"): null

27-02-2025T17:23:50 - [TEST_STEP][PASSED] - if (debug): null

27-02-2025T17:23:50 - [TEST_STEP][PASSED] - if (myValue.length() >= 4): null

27-02-2025T17:23:50 - [TEST_STEP][PASSED] - if (myValue.substring(0, 4) == "(!) "): null

27-02-2025T17:23:50 - [TEST_STEP][PASSED] - myType = element.getAttribute("type"): null

27-02-2025T17:23:50 - [TEST_STEP][PASSED] - if (myValue in varParms[i]): null

27-02-2025T17:23:50 - [TEST_STEP][PASSED] - else: null

27-02-2025T17:23:50 - [TEST_STEP][PASSED] - inList = false: null

27-02-2025T17:23:50 - [TEST_STEP][PASSED] - if (myType == "checkbox"): null

27-02-2025T17:23:50 - [TEST_STEP][PASSED] - myStatus = element.isSelected(): null

27-02-2025T17:23:50 - [TEST_STEP][PASSED] - if (debug): null

27-02-2025T17:23:50 - [TEST_STEP][PASSED] - if (toggle && myStatus && inList): null

27-02-2025T17:23:50 - [TEST_STEP][PASSED] - if (!(myStatus) && inList || myStatus && !(inList)): null

27-02-2025T17:23:50 - [TEST_STEP][PASSED] - myValue = element.getAttribute("value"): null

27-02-2025T17:23:50 - [TEST_STEP][PASSED] - if (debug): null

27-02-2025T17:23:50 - [TEST_STEP][PASSED] - if (myValue.length() >= 4): null

27-02-2025T17:23:50 - [TEST_STEP][PASSED] - if (myValue.substring(0, 4) == "(!) "): null

27-02-2025T17:23:50 - [TEST_STEP][PASSED] - myType = element.getAttribute("type"): null

27-02-2025T17:23:50 - [TEST_STEP][PASSED] - if (myValue in varParms[i]): null

27-02-2025T17:23:50 - [TEST_STEP][PASSED] - else: null

27-02-2025T17:23:50 - [TEST_STEP][PASSED] - inList = false: null

27-02-2025T17:23:50 - [TEST_STEP][PASSED] - if (myType == "checkbox"): null

27-02-2025T17:23:50 - [TEST_STEP][PASSED] - myStatus = element.isSelected(): null

27-02-2025T17:23:50 - [TEST_STEP][PASSED] - if (debug): null

27-02-2025T17:23:50 - [TEST_STEP][PASSED] - if (toggle && myStatus && inList): null

27-02-2025T17:23:50 - [TEST_STEP][PASSED] - if (!(myStatus) && inList || myStatus && !(inList)): null

27-02-2025T17:23:50 - [TEST_STEP][PASSED] - myValue = element.getAttribute("value"): null

27-02-2025T17:23:50 - [TEST_STEP][PASSED] - if (debug): null

27-02-2025T17:23:50 - [TEST_STEP][PASSED] - if (myValue.length() >= 4): null

27-02-2025T17:23:50 - [TEST_STEP][PASSED] - if (myValue.substring(0, 4) == "(!) "): null

27-02-2025T17:23:50 - [TEST_STEP][PASSED] - myType = element.getAttribute("type"): null

27-02-2025T17:23:50 - [TEST_STEP][PASSED] - if (myValue in varParms[i]): null

27-02-2025T17:23:50 - [TEST_STEP][PASSED] - else: null

27-02-2025T17:23:50 - [TEST_STEP][PASSED] - inList = false: null

27-02-2025T17:23:50 - [TEST_STEP][PASSED] - if (myType == "checkbox"): null

27-02-2025T17:23:50 - [TEST_STEP][PASSED] - myStatus = element.isSelected(): null

27-02-2025T17:23:50 - [TEST_STEP][PASSED] - if (debug): null

27-02-2025T17:23:50 - [TEST_STEP][PASSED] - if (toggle && myStatus && inList): null

27-02-2025T17:23:50 - [TEST_STEP][PASSED] - if (!(myStatus) && inList || myStatus && !(inList)): null

27-02-2025T17:23:50 - [TEST_STEP][PASSED] - myValue = element.getAttribute("value"): null

27-02-2025T17:23:50 - [TEST_STEP][PASSED] - if (debug): null

27-02-2025T17:23:50 - [TEST_STEP][PASSED] - if (myValue.length() >= 4): null

27-02-2025T17:23:50 - [TEST_STEP][PASSED] - if (myValue.substring(0, 4) == "(!) "): null

27-02-2025T17:23:50 - [TEST_STEP][PASSED] - myType = element.getAttribute("type"): null

27-02-2025T17:23:50 - [TEST_STEP][PASSED] - if (myValue in varParms[i]): null

27-02-2025T17:23:50 - [TEST_STEP][PASSED] - else: null

27-02-2025T17:23:50 - [TEST_STEP][PASSED] - inList = false: null

27-02-2025T17:23:50 - [TEST_STEP][PASSED] - if (myType == "checkbox"): null

27-02-2025T17:23:50 - [TEST_STEP][PASSED] - myStatus = element.isSelected(): null

27-02-2025T17:23:50 - [TEST_STEP][PASSED] - if (debug): null

27-02-2025T17:23:50 - [TEST_STEP][PASSED] - if (toggle && myStatus && inList): null

27-02-2025T17:23:50 - [TEST_STEP][PASSED] - if (!(myStatus) && inList || myStatus && !(inList)): null

27-02-2025T17:23:50 - [TEST_STEP][PASSED] - myValue = element.getAttribute("value"): null

27-02-2025T17:23:50 - [TEST_STEP][PASSED] - if (debug): null

27-02-2025T17:23:50 - [TEST_STEP][PASSED] - if (myValue.length() >= 4): null

27-02-2025T17:23:50 - [TEST_STEP][PASSED] - if (myValue.substring(0, 4) == "(!) "): null

27-02-2025T17:23:50 - [TEST_STEP][PASSED] - myType = element.getAttribute("type"): null

27-02-2025T17:23:50 - [TEST_STEP][PASSED] - if (myValue in varParms[i]): null

27-02-2025T17:23:50 - [TEST_STEP][PASSED] - else: null

27-02-2025T17:23:50 - [TEST_STEP][PASSED] - inList = false: null

27-02-2025T17:23:50 - [TEST_STEP][PASSED] - if (myType == "checkbox"): null

27-02-2025T17:23:50 - [TEST_STEP][PASSED] - myStatus = element.isSelected(): null

27-02-2025T17:23:50 - [TEST_STEP][PASSED] - if (debug): null

27-02-2025T17:23:50 - [TEST_STEP][PASSED] - if (toggle && myStatus && inList): null

27-02-2025T17:23:50 - [TEST_STEP][PASSED] - if (!(myStatus) && inList || myStatus && !(inList)): null

27-02-2025T17:23:50 - [TEST_STEP][PASSED] - myValue = element.getAttribute("value"): null

27-02-2025T17:23:50 - [TEST_STEP][PASSED] - if (debug): null

27-02-2025T17:23:50 - [TEST_STEP][PASSED] - if (myValue.length() >= 4): null

27-02-2025T17:23:50 - [TEST_STEP][PASSED] - if (myValue.substring(0, 4) == "(!) "): null

27-02-2025T17:23:50 - [TEST_STEP][PASSED] - myType = element.getAttribute("type"): null

27-02-2025T17:23:50 - [TEST_STEP][PASSED] - if (myValue in varParms[i]): null

27-02-2025T17:23:50 - [TEST_STEP][PASSED] - else: null

27-02-2025T17:23:50 - [TEST_STEP][PASSED] - inList = false: null

27-02-2025T17:23:50 - [TEST_STEP][PASSED] - if (myType == "checkbox"): null

27-02-2025T17:23:50 - [TEST_STEP][PASSED] - myStatus = element.isSelected(): null

27-02-2025T17:23:50 - [TEST_STEP][PASSED] - if (debug): null

27-02-2025T17:23:50 - [TEST_STEP][PASSED] - if (toggle && myStatus && inList): null

27-02-2025T17:23:50 - [TEST_STEP][PASSED] - if (!(myStatus) && inList || myStatus && !(inList)): null

27-02-2025T17:23:50 - [TEST_STEP][PASSED] - myValue = element.getAttribute("value"): null

27-02-2025T17:23:50 - [TEST_STEP][PASSED] - if (debug): null

27-02-2025T17:23:50 - [TEST_STEP][PASSED] - if (myValue.length() >= 4): null

27-02-2025T17:23:50 - [TEST_STEP][PASSED] - if (myValue.substring(0, 4) == "(!) "): null

27-02-2025T17:23:50 - [TEST_STEP][PASSED] - myType = element.getAttribute("type"): null

27-02-2025T17:23:50 - [TEST_STEP][PASSED] - if (myValue in varParms[i]): null

27-02-2025T17:23:50 - [TEST_STEP][PASSED] - else: null

27-02-2025T17:23:50 - [TEST_STEP][PASSED] - inList = false: null

27-02-2025T17:23:50 - [TEST_STEP][PASSED] - if (myType == "checkbox"): null

27-02-2025T17:23:50 - [TEST_STEP][PASSED] - myStatus = element.isSelected(): null

27-02-2025T17:23:50 - [TEST_STEP][PASSED] - if (debug): null

27-02-2025T17:23:50 - [TEST_STEP][PASSED] - if (toggle && myStatus && inList): null

27-02-2025T17:23:50 - [TEST_STEP][PASSED] - if (!(myStatus) && inList || myStatus && !(inList)): null

27-02-2025T17:23:50 - [TEST_STEP][PASSED] - myValue = element.getAttribute("value"): null

27-02-2025T17:23:50 - [TEST_STEP][PASSED] - if (debug): null

27-02-2025T17:23:50 - [TEST_STEP][PASSED] - if (myValue.length() >= 4): null

27-02-2025T17:23:50 - [TEST_STEP][PASSED] - if (myValue.substring(0, 4) == "(!) "): null

27-02-2025T17:23:50 - [TEST_STEP][PASSED] - myType = element.getAttribute("type"): null

27-02-2025T17:23:50 - [TEST_STEP][PASSED] - if (myValue in varParms[i]): null

27-02-2025T17:23:50 - [TEST_STEP][PASSED] - else: null

27-02-2025T17:23:50 - [TEST_STEP][PASSED] - inList = false: null

27-02-2025T17:23:50 - [TEST_STEP][PASSED] - if (myType == "checkbox"): null

27-02-2025T17:23:50 - [TEST_STEP][PASSED] - myStatus = element.isSelected(): null

27-02-2025T17:23:50 - [TEST_STEP][PASSED] - if (debug): null

27-02-2025T17:23:50 - [TEST_STEP][PASSED] - if (toggle && myStatus && inList): null

27-02-2025T17:23:50 - [TEST_STEP][PASSED] - if (!(myStatus) && inList || myStatus && !(inList)): null

27-02-2025T17:23:50 - [TEST_STEP][PASSED] - myValue = element.getAttribute("value"): null

27-02-2025T17:23:50 - [TEST_STEP][PASSED] - if (debug): null

27-02-2025T17:23:50 - [TEST_STEP][PASSED] - if (myValue.length() >= 4): null

27-02-2025T17:23:50 - [TEST_STEP][PASSED] - if (myValue.substring(0, 4) == "(!) "): null

27-02-2025T17:23:50 - [TEST_STEP][PASSED] - myType = element.getAttribute("type"): null

27-02-2025T17:23:50 - [TEST_STEP][PASSED] - if (myValue in varParms[i]): null

27-02-2025T17:23:50 - [TEST_STEP][PASSED] - else: null

27-02-2025T17:23:50 - [TEST_STEP][PASSED] - inList = false: null

27-02-2025T17:23:50 - [TEST_STEP][PASSED] - if (myType == "checkbox"): null

27-02-2025T17:23:50 - [TEST_STEP][PASSED] - myStatus = element.isSelected(): null

27-02-2025T17:23:50 - [TEST_STEP][PASSED] - if (debug): null

27-02-2025T17:23:50 - [TEST_STEP][PASSED] - if (toggle && myStatus && inList): null

27-02-2025T17:23:50 - [TEST_STEP][PASSED] - if (!(myStatus) && inList || myStatus && !(inList)): null

27-02-2025T17:23:50 - [TEST_STEP][PASSED] - myValue = element.getAttribute("value"): null

27-02-2025T17:23:50 - [TEST_STEP][PASSED] - if (debug): null

27-02-2025T17:23:50 - [TEST_STEP][PASSED] - if (myValue.length() >= 4): null

27-02-2025T17:23:50 - [TEST_STEP][PASSED] - if (myValue.substring(0, 4) == "(!) "): null

27-02-2025T17:23:50 - [TEST_STEP][PASSED] - myType = element.getAttribute("type"): null

27-02-2025T17:23:50 - [TEST_STEP][PASSED] - if (myValue in varParms[i]): null

27-02-2025T17:23:50 - [TEST_STEP][PASSED] - else: null

27-02-2025T17:23:50 - [TEST_STEP][PASSED] - inList = false: null

27-02-2025T17:23:50 - [TEST_STEP][PASSED] - if (myType == "checkbox"): null

27-02-2025T17:23:50 - [TEST_STEP][PASSED] - myStatus = element.isSelected(): null

27-02-2025T17:23:50 - [TEST_STEP][PASSED] - if (debug): null

27-02-2025T17:23:50 - [TEST_STEP][PASSED] - if (toggle && myStatus && inList): null

27-02-2025T17:23:50 - [TEST_STEP][PASSED] - if (!(myStatus) && inList || myStatus && !(inList)): null

27-02-2025T17:23:50 - [TEST_STEP][PASSED] - myValue = element.getAttribute("value"): null

27-02-2025T17:23:50 - [TEST_STEP][PASSED] - if (debug): null

27-02-2025T17:23:50 - [TEST_STEP][PASSED] - if (myValue.length() >= 4): null

27-02-2025T17:23:50 - [TEST_STEP][PASSED] - if (myValue.substring(0, 4) == "(!) "): null

27-02-2025T17:23:50 - [TEST_STEP][PASSED] - myType = element.getAttribute("type"): null

27-02-2025T17:23:50 - [TEST_STEP][PASSED] - if (myValue in varParms[i]): null

27-02-2025T17:23:50 - [TEST_STEP][PASSED] - else: null

27-02-2025T17:23:50 - [TEST_STEP][PASSED] - inList = false: null

27-02-2025T17:23:50 - [TEST_STEP][PASSED] - if (myType == "checkbox"): null

27-02-2025T17:23:50 - [TEST_STEP][PASSED] - myStatus = element.isSelected(): null

27-02-2025T17:23:50 - [TEST_STEP][PASSED] - if (debug): null

27-02-2025T17:23:50 - [TEST_STEP][PASSED] - if (toggle && myStatus && inList): null

27-02-2025T17:23:50 - [TEST_STEP][PASSED] - if (!(myStatus) && inList || myStatus && !(inList)): null

27-02-2025T17:23:50 - [TEST_STEP][PASSED] - myValue = element.getAttribute("value"): null

27-02-2025T17:23:50 - [TEST_STEP][PASSED] - if (debug): null

27-02-2025T17:23:50 - [TEST_STEP][PASSED] - if (myValue.length() >= 4): null

27-02-2025T17:23:50 - [TEST_STEP][PASSED] - if (myValue.substring(0, 4) == "(!) "): null

27-02-2025T17:23:50 - [TEST_STEP][PASSED] - myType = element.getAttribute("type"): null

27-02-2025T17:23:50 - [TEST_STEP][PASSED] - if (myValue in varParms[i]): null

27-02-2025T17:23:50 - [TEST_STEP][PASSED] - else: null

27-02-2025T17:23:50 - [TEST_STEP][PASSED] - inList = false: null

27-02-2025T17:23:50 - [TEST_STEP][PASSED] - if (myType == "checkbox"): null

27-02-2025T17:23:50 - [TEST_STEP][PASSED] - myStatus = element.isSelected(): null

27-02-2025T17:23:50 - [TEST_STEP][PASSED] - if (debug): null

27-02-2025T17:23:50 - [TEST_STEP][PASSED] - if (toggle && myStatus && inList): null

27-02-2025T17:23:50 - [TEST_STEP][PASSED] - if (!(myStatus) && inList || myStatus && !(inList)): null

27-02-2025T17:23:50 - [TEST_STEP][PASSED] - myValue = element.getAttribute("value"): null

27-02-2025T17:23:50 - [TEST_STEP][PASSED] - if (debug): null

27-02-2025T17:23:50 - [TEST_STEP][PASSED] - if (myValue.length() >= 4): null

27-02-2025T17:23:50 - [TEST_STEP][PASSED] - if (myValue.substring(0, 4) == "(!) "): null

27-02-2025T17:23:50 - [TEST_STEP][PASSED] - myType = element.getAttribute("type"): null

27-02-2025T17:23:50 - [TEST_STEP][PASSED] - if (myValue in varParms[i]): null

27-02-2025T17:23:50 - [TEST_STEP][PASSED] - else: null

27-02-2025T17:23:50 - [TEST_STEP][PASSED] - inList = false: null

27-02-2025T17:23:50 - [TEST_STEP][PASSED] - if (myType == "checkbox"): null

27-02-2025T17:23:50 - [TEST_STEP][PASSED] - myStatus = element.isSelected(): null

27-02-2025T17:23:50 - [TEST_STEP][PASSED] - if (debug): null

27-02-2025T17:23:50 - [TEST_STEP][PASSED] - if (toggle && myStatus && inList): null

27-02-2025T17:23:50 - [TEST_STEP][PASSED] - if (!(myStatus) && inList || myStatus && !(inList)): null

27-02-2025T17:23:50 - [TEST_STEP][PASSED] - myValue = element.getAttribute("value"): null

27-02-2025T17:23:50 - [TEST_STEP][PASSED] - if (debug): null

27-02-2025T17:23:50 - [TEST_STEP][PASSED] - if (myValue.length() >= 4): null

27-02-2025T17:23:50 - [TEST_STEP][PASSED] - if (myValue.substring(0, 4) == "(!) "): null

27-02-2025T17:23:50 - [TEST_STEP][PASSED] - myType = element.getAttribute("type"): null

27-02-2025T17:23:50 - [TEST_STEP][PASSED] - if (myValue in varParms[i]): null

27-02-2025T17:23:50 - [TEST_STEP][PASSED] - else: null

27-02-2025T17:23:50 - [TEST_STEP][PASSED] - inList = false: null

27-02-2025T17:23:50 - [TEST_STEP][PASSED] - if (myType == "checkbox"): null

27-02-2025T17:23:50 - [TEST_STEP][PASSED] - myStatus = element.isSelected(): null

27-02-2025T17:23:50 - [TEST_STEP][PASSED] - if (debug): null

27-02-2025T17:23:50 - [TEST_STEP][PASSED] - if (toggle && myStatus && inList): null

27-02-2025T17:23:50 - [TEST_STEP][PASSED] - if (!(myStatus) && inList || myStatus && !(inList)): null

27-02-2025T17:23:51 - [TEST_STEP][PASSED] - myValue = element.getAttribute("value"): null

27-02-2025T17:23:51 - [TEST_STEP][PASSED] - if (debug): null

27-02-2025T17:23:51 - [TEST_STEP][PASSED] - if (myValue.length() >= 4): null

27-02-2025T17:23:51 - [TEST_STEP][PASSED] - if (myValue.substring(0, 4) == "(!) "): null

27-02-2025T17:23:51 - [TEST_STEP][PASSED] - myType = element.getAttribute("type"): null

27-02-2025T17:23:51 - [TEST_STEP][PASSED] - if (myValue in varParms[i]): null

27-02-2025T17:23:51 - [TEST_STEP][PASSED] - else: null

27-02-2025T17:23:51 - [TEST_STEP][PASSED] - inList = false: null

27-02-2025T17:23:51 - [TEST_STEP][PASSED] - if (myType == "checkbox"): null

27-02-2025T17:23:51 - [TEST_STEP][PASSED] - myStatus = element.isSelected(): null

27-02-2025T17:23:51 - [TEST_STEP][PASSED] - if (debug): null

27-02-2025T17:23:51 - [TEST_STEP][PASSED] - if (toggle && myStatus && inList): null

27-02-2025T17:23:51 - [TEST_STEP][PASSED] - if (!(myStatus) && inList || myStatus && !(inList)): null

27-02-2025T17:23:51 - [TEST_STEP][PASSED] - myValue = element.getAttribute("value"): null

27-02-2025T17:23:51 - [TEST_STEP][PASSED] - if (debug): null

27-02-2025T17:23:51 - [TEST_STEP][PASSED] - if (myValue.length() >= 4): null

27-02-2025T17:23:51 - [TEST_STEP][PASSED] - if (myValue.substring(0, 4) == "(!) "): null

27-02-2025T17:23:51 - [TEST_STEP][PASSED] - myType = element.getAttribute("type"): null

27-02-2025T17:23:51 - [TEST_STEP][PASSED] - if (myValue in varParms[i]): null

27-02-2025T17:23:51 - [TEST_STEP][PASSED] - else: null

27-02-2025T17:23:51 - [TEST_STEP][PASSED] - inList = false: null

27-02-2025T17:23:51 - [TEST_STEP][PASSED] - if (myType == "checkbox"): null

27-02-2025T17:23:51 - [TEST_STEP][PASSED] - myStatus = element.isSelected(): null

27-02-2025T17:23:51 - [TEST_STEP][PASSED] - if (debug): null

27-02-2025T17:23:51 - [TEST_STEP][PASSED] - if (toggle && myStatus && inList): null

27-02-2025T17:23:51 - [TEST_STEP][PASSED] - if (!(myStatus) && inList || myStatus && !(inList)): null

27-02-2025T17:23:51 - [TEST_STEP][PASSED] - myValue = element.getAttribute("value"): null

27-02-2025T17:23:51 - [TEST_STEP][PASSED] - if (debug): null

27-02-2025T17:23:51 - [TEST_STEP][PASSED] - if (myValue.length() >= 4): null

27-02-2025T17:23:51 - [TEST_STEP][PASSED] - if (myValue.substring(0, 4) == "(!) "): null

27-02-2025T17:23:51 - [TEST_STEP][PASSED] - myType = element.getAttribute("type"): null

27-02-2025T17:23:51 - [TEST_STEP][PASSED] - if (myValue in varParms[i]): null

27-02-2025T17:23:51 - [TEST_STEP][PASSED] - else: null

27-02-2025T17:23:51 - [TEST_STEP][PASSED] - inList = false: null

27-02-2025T17:23:51 - [TEST_STEP][PASSED] - if (myType == "checkbox"): null

27-02-2025T17:23:51 - [TEST_STEP][PASSED] - myStatus = element.isSelected(): null

27-02-2025T17:23:51 - [TEST_STEP][PASSED] - if (debug): null

27-02-2025T17:23:51 - [TEST_STEP][PASSED] - if (toggle && myStatus && inList): null

27-02-2025T17:23:51 - [TEST_STEP][PASSED] - if (!(myStatus) && inList || myStatus && !(inList)): null

27-02-2025T17:23:51 - [TEST_STEP][PASSED] - myValue = element.getAttribute("value"): null

27-02-2025T17:23:51 - [TEST_STEP][PASSED] - if (debug): null

27-02-2025T17:23:51 - [TEST_STEP][PASSED] - if (myValue.length() >= 4): null

27-02-2025T17:23:51 - [TEST_STEP][PASSED] - if (myValue.substring(0, 4) == "(!) "): null

27-02-2025T17:23:51 - [TEST_STEP][PASSED] - myType = element.getAttribute("type"): null

27-02-2025T17:23:51 - [TEST_STEP][PASSED] - if (myValue in varParms[i]): null

27-02-2025T17:23:51 - [TEST_STEP][PASSED] - else: null

27-02-2025T17:23:51 - [TEST_STEP][PASSED] - inList = false: null

27-02-2025T17:23:51 - [TEST_STEP][PASSED] - if (myType == "checkbox"): null

27-02-2025T17:23:51 - [TEST_STEP][PASSED] - myStatus = element.isSelected(): null

27-02-2025T17:23:51 - [TEST_STEP][PASSED] - if (debug): null

27-02-2025T17:23:51 - [TEST_STEP][PASSED] - if (toggle && myStatus && inList): null

27-02-2025T17:23:51 - [TEST_STEP][PASSED] - if (!(myStatus) && inList || myStatus && !(inList)): null

27-02-2025T17:23:51 - [TEST_STEP][PASSED] - myValue = element.getAttribute("value"): null

27-02-2025T17:23:51 - [TEST_STEP][PASSED] - if (debug): null

27-02-2025T17:23:51 - [TEST_STEP][PASSED] - if (myValue.length() >= 4): null

27-02-2025T17:23:51 - [TEST_STEP][PASSED] - if (myValue.substring(0, 4) == "(!) "): null

27-02-2025T17:23:51 - [TEST_STEP][PASSED] - myType = element.getAttribute("type"): null

27-02-2025T17:23:51 - [TEST_STEP][PASSED] - if (myValue in varParms[i]): null

27-02-2025T17:23:51 - [TEST_STEP][PASSED] - else: null

27-02-2025T17:23:51 - [TEST_STEP][PASSED] - inList = false: null

27-02-2025T17:23:51 - [TEST_STEP][PASSED] - if (myType == "checkbox"): null

27-02-2025T17:23:51 - [TEST_STEP][PASSED] - myStatus = element.isSelected(): null

27-02-2025T17:23:51 - [TEST_STEP][PASSED] - if (debug): null

27-02-2025T17:23:51 - [TEST_STEP][PASSED] - if (toggle && myStatus && inList): null

27-02-2025T17:23:51 - [TEST_STEP][PASSED] - if (!(myStatus) && inList || myStatus && !(inList)): null

27-02-2025T17:23:51 - [TEST_STEP][PASSED] - myValue = element.getAttribute("value"): null

27-02-2025T17:23:51 - [TEST_STEP][PASSED] - if (debug): null

27-02-2025T17:23:51 - [TEST_STEP][PASSED] - if (myValue.length() >= 4): null

27-02-2025T17:23:51 - [TEST_STEP][PASSED] - if (myValue.substring(0, 4) == "(!) "): null

27-02-2025T17:23:51 - [TEST_STEP][PASSED] - myType = element.getAttribute("type"): null

27-02-2025T17:23:51 - [TEST_STEP][PASSED] - if (myValue in varParms[i]): null

27-02-2025T17:23:51 - [TEST_STEP][PASSED] - else: null

27-02-2025T17:23:51 - [TEST_STEP][PASSED] - inList = false: null

27-02-2025T17:23:51 - [TEST_STEP][PASSED] - if (myType == "checkbox"): null

27-02-2025T17:23:51 - [TEST_STEP][PASSED] - myStatus = element.isSelected(): null

27-02-2025T17:23:51 - [TEST_STEP][PASSED] - if (debug): null

27-02-2025T17:23:51 - [TEST_STEP][PASSED] - if (toggle && myStatus && inList): null

27-02-2025T17:23:51 - [TEST_STEP][PASSED] - if (!(myStatus) && inList || myStatus && !(inList)): null

27-02-2025T17:23:51 - [TEST_STEP][PASSED] - myValue = element.getAttribute("value"): null

27-02-2025T17:23:51 - [TEST_STEP][PASSED] - if (debug): null

27-02-2025T17:23:51 - [TEST_STEP][PASSED] - if (myValue.length() >= 4): null

27-02-2025T17:23:51 - [TEST_STEP][PASSED] - if (myValue.substring(0, 4) == "(!) "): null

27-02-2025T17:23:51 - [TEST_STEP][PASSED] - myType = element.getAttribute("type"): null

27-02-2025T17:23:51 - [TEST_STEP][PASSED] - if (myValue in varParms[i]): null

27-02-2025T17:23:51 - [TEST_STEP][PASSED] - else: null

27-02-2025T17:23:51 - [TEST_STEP][PASSED] - inList = false: null

27-02-2025T17:23:51 - [TEST_STEP][PASSED] - if (myType == "checkbox"): null

27-02-2025T17:23:51 - [TEST_STEP][PASSED] - myStatus = element.isSelected(): null

27-02-2025T17:23:51 - [TEST_STEP][PASSED] - if (debug): null

27-02-2025T17:23:51 - [TEST_STEP][PASSED] - if (toggle && myStatus && inList): null

27-02-2025T17:23:51 - [TEST_STEP][PASSED] - if (!(myStatus) && inList || myStatus && !(inList)): null

27-02-2025T17:23:51 - [TEST_STEP][PASSED] - myValue = element.getAttribute("value"): null

27-02-2025T17:23:51 - [TEST_STEP][PASSED] - if (debug): null

27-02-2025T17:23:51 - [TEST_STEP][PASSED] - if (myValue.length() >= 4): null

27-02-2025T17:23:51 - [TEST_STEP][PASSED] - if (myValue.substring(0, 4) == "(!) "): null

27-02-2025T17:23:51 - [TEST_STEP][PASSED] - myType = element.getAttribute("type"): null

27-02-2025T17:23:51 - [TEST_STEP][PASSED] - if (myValue in varParms[i]): null

27-02-2025T17:23:51 - [TEST_STEP][PASSED] - else: null

27-02-2025T17:23:51 - [TEST_STEP][PASSED] - inList = false: null

27-02-2025T17:23:51 - [TEST_STEP][PASSED] - if (myType == "checkbox"): null

27-02-2025T17:23:51 - [TEST_STEP][PASSED] - myStatus = element.isSelected(): null

27-02-2025T17:23:51 - [TEST_STEP][PASSED] - if (debug): null

27-02-2025T17:23:51 - [TEST_STEP][PASSED] - if (toggle && myStatus && inList): null

27-02-2025T17:23:51 - [TEST_STEP][PASSED] - if (!(myStatus) && inList || myStatus && !(inList)): null

27-02-2025T17:23:51 - [TEST_STEP][PASSED] - myValue = element.getAttribute("value"): null

27-02-2025T17:23:51 - [TEST_STEP][PASSED] - if (debug): null

27-02-2025T17:23:51 - [TEST_STEP][PASSED] - if (myValue.length() >= 4): null

27-02-2025T17:23:51 - [TEST_STEP][PASSED] - if (myValue.substring(0, 4) == "(!) "): null

27-02-2025T17:23:51 - [TEST_STEP][PASSED] - myType = element.getAttribute("type"): null

27-02-2025T17:23:51 - [TEST_STEP][PASSED] - if (myValue in varParms[i]): null

27-02-2025T17:23:51 - [TEST_STEP][PASSED] - else: null

27-02-2025T17:23:51 - [TEST_STEP][PASSED] - inList = false: null

27-02-2025T17:23:51 - [TEST_STEP][PASSED] - if (myType == "checkbox"): null

27-02-2025T17:23:51 - [TEST_STEP][PASSED] - myStatus = element.isSelected(): null

27-02-2025T17:23:51 - [TEST_STEP][PASSED] - if (debug): null

27-02-2025T17:23:51 - [TEST_STEP][PASSED] - if (toggle && myStatus && inList): null

27-02-2025T17:23:51 - [TEST_STEP][PASSED] - if (!(myStatus) && inList || myStatus && !(inList)): null

27-02-2025T17:23:51 - [TEST_STEP][PASSED] - myValue = element.getAttribute("value"): null

27-02-2025T17:23:51 - [TEST_STEP][PASSED] - if (debug): null

27-02-2025T17:23:51 - [TEST_STEP][PASSED] - if (myValue.length() >= 4): null

27-02-2025T17:23:51 - [TEST_STEP][PASSED] - if (myValue.substring(0, 4) == "(!) "): null

27-02-2025T17:23:51 - [TEST_STEP][PASSED] - myType = element.getAttribute("type"): null

27-02-2025T17:23:51 - [TEST_STEP][PASSED] - if (myValue in varParms[i]): null

27-02-2025T17:23:51 - [TEST_STEP][PASSED] - else: null

27-02-2025T17:23:51 - [TEST_STEP][PASSED] - inList = false: null

27-02-2025T17:23:51 - [TEST_STEP][PASSED] - if (myType == "checkbox"): null

27-02-2025T17:23:51 - [TEST_STEP][PASSED] - myStatus = element.isSelected(): null

27-02-2025T17:23:51 - [TEST_STEP][PASSED] - if (debug): null

27-02-2025T17:23:51 - [TEST_STEP][PASSED] - if (toggle && myStatus && inList): null

27-02-2025T17:23:51 - [TEST_STEP][PASSED] - if (!(myStatus) && inList || myStatus && !(inList)): null

27-02-2025T17:23:51 - [TEST_STEP][PASSED] - myValue = element.getAttribute("value"): null

27-02-2025T17:23:51 - [TEST_STEP][PASSED] - if (debug): null

27-02-2025T17:23:51 - [TEST_STEP][PASSED] - if (myValue.length() >= 4): null

27-02-2025T17:23:51 - [TEST_STEP][PASSED] - if (myValue.substring(0, 4) == "(!) "): null

27-02-2025T17:23:51 - [TEST_STEP][PASSED] - myType = element.getAttribute("type"): null

27-02-2025T17:23:51 - [TEST_STEP][PASSED] - if (myValue in varParms[i]): null

27-02-2025T17:23:51 - [TEST_STEP][PASSED] - else: null

27-02-2025T17:23:51 - [TEST_STEP][PASSED] - inList = false: null

27-02-2025T17:23:51 - [TEST_STEP][PASSED] - if (myType == "checkbox"): null

27-02-2025T17:23:51 - [TEST_STEP][PASSED] - myStatus = element.isSelected(): null

27-02-2025T17:23:51 - [TEST_STEP][PASSED] - if (debug): null

27-02-2025T17:23:51 - [TEST_STEP][PASSED] - if (toggle && myStatus && inList): null

27-02-2025T17:23:51 - [TEST_STEP][PASSED] - if (!(myStatus) && inList || myStatus && !(inList)): null

27-02-2025T17:23:51 - [TEST_STEP][PASSED] - myValue = element.getAttribute("value"): null

27-02-2025T17:23:51 - [TEST_STEP][PASSED] - if (debug): null

27-02-2025T17:23:51 - [TEST_STEP][PASSED] - if (myValue.length() >= 4): null

27-02-2025T17:23:51 - [TEST_STEP][PASSED] - if (myValue.substring(0, 4) == "(!) "): null

27-02-2025T17:23:51 - [TEST_STEP][PASSED] - myType = element.getAttribute("type"): null

27-02-2025T17:23:51 - [TEST_STEP][PASSED] - if (myValue in varParms[i]): null

27-02-2025T17:23:51 - [TEST_STEP][PASSED] - else: null

27-02-2025T17:23:51 - [TEST_STEP][PASSED] - inList = false: null

27-02-2025T17:23:51 - [TEST_STEP][PASSED] - if (myType == "checkbox"): null

27-02-2025T17:23:51 - [TEST_STEP][PASSED] - myStatus = element.isSelected(): null

27-02-2025T17:23:51 - [TEST_STEP][PASSED] - if (debug): null

27-02-2025T17:23:51 - [TEST_STEP][PASSED] - if (toggle && myStatus && inList): null

27-02-2025T17:23:51 - [TEST_STEP][PASSED] - if (!(myStatus) && inList || myStatus && !(inList)): null

27-02-2025T17:23:51 - [TEST_STEP][PASSED] - myValue = element.getAttribute("value"): null

27-02-2025T17:23:51 - [TEST_STEP][PASSED] - if (debug): null

27-02-2025T17:23:51 - [TEST_STEP][PASSED] - if (myValue.length() >= 4): null

27-02-2025T17:23:51 - [TEST_STEP][PASSED] - if (myValue.substring(0, 4) == "(!) "): null

27-02-2025T17:23:51 - [TEST_STEP][PASSED] - myType = element.getAttribute("type"): null

27-02-2025T17:23:51 - [TEST_STEP][PASSED] - if (myValue in varParms[i]): null

27-02-2025T17:23:51 - [TEST_STEP][PASSED] - else: null

27-02-2025T17:23:51 - [TEST_STEP][PASSED] - inList = false: null

27-02-2025T17:23:51 - [TEST_STEP][PASSED] - if (myType == "checkbox"): null

27-02-2025T17:23:51 - [TEST_STEP][PASSED] - myStatus = element.isSelected(): null

27-02-2025T17:23:51 - [TEST_STEP][PASSED] - if (debug): null

27-02-2025T17:23:51 - [TEST_STEP][PASSED] - if (toggle && myStatus && inList): null

27-02-2025T17:23:51 - [TEST_STEP][PASSED] - if (!(myStatus) && inList || myStatus && !(inList)): null

27-02-2025T17:23:51 - [TEST_STEP][PASSED] - myValue = element.getAttribute("value"): null

27-02-2025T17:23:51 - [TEST_STEP][PASSED] - if (debug): null

27-02-2025T17:23:51 - [TEST_STEP][PASSED] - if (myValue.length() >= 4): null

27-02-2025T17:23:51 - [TEST_STEP][PASSED] - if (myValue.substring(0, 4) == "(!) "): null

27-02-2025T17:23:51 - [TEST_STEP][PASSED] - myType = element.getAttribute("type"): null

27-02-2025T17:23:51 - [TEST_STEP][PASSED] - if (myValue in varParms[i]): null

27-02-2025T17:23:51 - [TEST_STEP][PASSED] - else: null

27-02-2025T17:23:51 - [TEST_STEP][PASSED] - inList = false: null

27-02-2025T17:23:51 - [TEST_STEP][PASSED] - if (myType == "checkbox"): null

27-02-2025T17:23:51 - [TEST_STEP][PASSED] - myStatus = element.isSelected(): null

27-02-2025T17:23:51 - [TEST_STEP][PASSED] - if (debug): null

27-02-2025T17:23:51 - [TEST_STEP][PASSED] - if (toggle && myStatus && inList): null

27-02-2025T17:23:51 - [TEST_STEP][PASSED] - if (!(myStatus) && inList || myStatus && !(inList)): null

27-02-2025T17:23:51 - [TEST_STEP][PASSED] - myValue = element.getAttribute("value"): null

27-02-2025T17:23:51 - [TEST_STEP][PASSED] - if (debug): null

27-02-2025T17:23:51 - [TEST_STEP][PASSED] - if (myValue.length() >= 4): null

27-02-2025T17:23:51 - [TEST_STEP][PASSED] - if (myValue.substring(0, 4) == "(!) "): null

27-02-2025T17:23:51 - [TEST_STEP][PASSED] - myType = element.getAttribute("type"): null

27-02-2025T17:23:51 - [TEST_STEP][PASSED] - if (myValue in varParms[i]): null

27-02-2025T17:23:51 - [TEST_STEP][PASSED] - else: null

27-02-2025T17:23:51 - [TEST_STEP][PASSED] - inList = false: null

27-02-2025T17:23:51 - [TEST_STEP][PASSED] - if (myType == "checkbox"): null

27-02-2025T17:23:51 - [TEST_STEP][PASSED] - myStatus = element.isSelected(): null

27-02-2025T17:23:51 - [TEST_STEP][PASSED] - if (debug): null

27-02-2025T17:23:51 - [TEST_STEP][PASSED] - if (toggle && myStatus && inList): null

27-02-2025T17:23:51 - [TEST_STEP][PASSED] - if (!(myStatus) && inList || myStatus && !(inList)): null

27-02-2025T17:23:51 - [TEST_STEP][PASSED] - myValue = element.getAttribute("value"): null

27-02-2025T17:23:51 - [TEST_STEP][PASSED] - if (debug): null

27-02-2025T17:23:51 - [TEST_STEP][PASSED] - if (myValue.length() >= 4): null

27-02-2025T17:23:51 - [TEST_STEP][PASSED] - if (myValue.substring(0, 4) == "(!) "): null

27-02-2025T17:23:51 - [TEST_STEP][PASSED] - myType = element.getAttribute("type"): null

27-02-2025T17:23:51 - [TEST_STEP][PASSED] - if (myValue in varParms[i]): null

27-02-2025T17:23:51 - [TEST_STEP][PASSED] - else: null

27-02-2025T17:23:51 - [TEST_STEP][PASSED] - inList = false: null

27-02-2025T17:23:51 - [TEST_STEP][PASSED] - if (myType == "checkbox"): null

27-02-2025T17:23:51 - [TEST_STEP][PASSED] - myStatus = element.isSelected(): null

27-02-2025T17:23:51 - [TEST_STEP][PASSED] - if (debug): null

27-02-2025T17:23:51 - [TEST_STEP][PASSED] - if (toggle && myStatus && inList): null

27-02-2025T17:23:51 - [TEST_STEP][PASSED] - if (!(myStatus) && inList || myStatus && !(inList)): null

27-02-2025T17:23:51 - [TEST_STEP][PASSED] - myValue = element.getAttribute("value"): null

27-02-2025T17:23:51 - [TEST_STEP][PASSED] - if (debug): null

27-02-2025T17:23:51 - [TEST_STEP][PASSED] - if (myValue.length() >= 4): null

27-02-2025T17:23:51 - [TEST_STEP][PASSED] - if (myValue.substring(0, 4) == "(!) "): null

27-02-2025T17:23:51 - [TEST_STEP][PASSED] - myType = element.getAttribute("type"): null

27-02-2025T17:23:51 - [TEST_STEP][PASSED] - if (myValue in varParms[i]): null

27-02-2025T17:23:51 - [TEST_STEP][PASSED] - else: null

27-02-2025T17:23:51 - [TEST_STEP][PASSED] - inList = false: null

27-02-2025T17:23:51 - [TEST_STEP][PASSED] - if (myType == "checkbox"): null

27-02-2025T17:23:51 - [TEST_STEP][PASSED] - myStatus = element.isSelected(): null

27-02-2025T17:23:51 - [TEST_STEP][PASSED] - if (debug): null

27-02-2025T17:23:51 - [TEST_STEP][PASSED] - if (toggle && myStatus && inList): null

27-02-2025T17:23:51 - [TEST_STEP][PASSED] - if (!(myStatus) && inList || myStatus && !(inList)): null

27-02-2025T17:23:51 - [TEST_STEP][PASSED] - myValue = element.getAttribute("value"): null

27-02-2025T17:23:51 - [TEST_STEP][PASSED] - if (debug): null

27-02-2025T17:23:51 - [TEST_STEP][PASSED] - if (myValue.length() >= 4): null

27-02-2025T17:23:51 - [TEST_STEP][PASSED] - if (myValue.substring(0, 4) == "(!) "): null

27-02-2025T17:23:51 - [TEST_STEP][PASSED] - myType = element.getAttribute("type"): null

27-02-2025T17:23:51 - [TEST_STEP][PASSED] - if (myValue in varParms[i]): null

27-02-2025T17:23:51 - [TEST_STEP][PASSED] - else: null

27-02-2025T17:23:51 - [TEST_STEP][PASSED] - inList = false: null

27-02-2025T17:23:51 - [TEST_STEP][PASSED] - if (myType == "checkbox"): null

27-02-2025T17:23:51 - [TEST_STEP][PASSED] - myStatus = element.isSelected(): null

27-02-2025T17:23:51 - [TEST_STEP][PASSED] - if (debug): null

27-02-2025T17:23:51 - [TEST_STEP][PASSED] - if (toggle && myStatus && inList): null

27-02-2025T17:23:51 - [TEST_STEP][PASSED] - if (!(myStatus) && inList || myStatus && !(inList)): null

27-02-2025T17:23:51 - [TEST_STEP][PASSED] - myValue = element.getAttribute("value"): null

27-02-2025T17:23:51 - [TEST_STEP][PASSED] - if (debug): null

27-02-2025T17:23:51 - [TEST_STEP][PASSED] - if (myValue.length() >= 4): null

27-02-2025T17:23:51 - [TEST_STEP][PASSED] - if (myValue.substring(0, 4) == "(!) "): null

27-02-2025T17:23:51 - [TEST_STEP][PASSED] - myType = element.getAttribute("type"): null

27-02-2025T17:23:51 - [TEST_STEP][PASSED] - if (myValue in varParms[i]): null

27-02-2025T17:23:51 - [TEST_STEP][PASSED] - else: null

27-02-2025T17:23:51 - [TEST_STEP][PASSED] - inList = false: null

27-02-2025T17:23:51 - [TEST_STEP][PASSED] - if (myType == "checkbox"): null

27-02-2025T17:23:51 - [TEST_STEP][PASSED] - myStatus = element.isSelected(): null

27-02-2025T17:23:51 - [TEST_STEP][PASSED] - if (debug): null

27-02-2025T17:23:51 - [TEST_STEP][PASSED] - if (toggle && myStatus && inList): null

27-02-2025T17:23:51 - [TEST_STEP][PASSED] - if (!(myStatus) && inList || myStatus && !(inList)): null

27-02-2025T17:23:51 - [TEST_STEP][PASSED] - myValue = element.getAttribute("value"): null

27-02-2025T17:23:51 - [TEST_STEP][PASSED] - if (debug): null

27-02-2025T17:23:51 - [TEST_STEP][PASSED] - if (myValue.length() >= 4): null

27-02-2025T17:23:51 - [TEST_STEP][PASSED] - if (myValue.substring(0, 4) == "(!) "): null

27-02-2025T17:23:51 - [TEST_STEP][PASSED] - myType = element.getAttribute("type"): null

27-02-2025T17:23:51 - [TEST_STEP][PASSED] - if (myValue in varParms[i]): null

27-02-2025T17:23:51 - [TEST_STEP][PASSED] - else: null

27-02-2025T17:23:51 - [TEST_STEP][PASSED] - inList = false: null

27-02-2025T17:23:51 - [TEST_STEP][PASSED] - if (myType == "checkbox"): null

27-02-2025T17:23:51 - [TEST_STEP][PASSED] - myStatus = element.isSelected(): null

27-02-2025T17:23:51 - [TEST_STEP][PASSED] - if (debug): null

27-02-2025T17:23:51 - [TEST_STEP][PASSED] - if (toggle && myStatus && inList): null

27-02-2025T17:23:51 - [TEST_STEP][PASSED] - if (!(myStatus) && inList || myStatus && !(inList)): null

27-02-2025T17:23:51 - [TEST_STEP][PASSED] - myValue = element.getAttribute("value"): null

27-02-2025T17:23:51 - [TEST_STEP][PASSED] - if (debug): null

27-02-2025T17:23:51 - [TEST_STEP][PASSED] - if (myValue.length() >= 4): null

27-02-2025T17:23:51 - [TEST_STEP][PASSED] - if (myValue.substring(0, 4) == "(!) "): null

27-02-2025T17:23:51 - [TEST_STEP][PASSED] - myType = element.getAttribute("type"): null

27-02-2025T17:23:51 - [TEST_STEP][PASSED] - if (myValue in varParms[i]): null

27-02-2025T17:23:51 - [TEST_STEP][PASSED] - else: null

27-02-2025T17:23:51 - [TEST_STEP][PASSED] - inList = false: null

27-02-2025T17:23:51 - [TEST_STEP][PASSED] - if (myType == "checkbox"): null

27-02-2025T17:23:51 - [TEST_STEP][PASSED] - myStatus = element.isSelected(): null

27-02-2025T17:23:51 - [TEST_STEP][PASSED] - if (debug): null

27-02-2025T17:23:51 - [TEST_STEP][PASSED] - if (toggle && myStatus && inList): null

27-02-2025T17:23:51 - [TEST_STEP][PASSED] - if (!(myStatus) && inList || myStatus && !(inList)): null

27-02-2025T17:23:51 - [TEST_STEP][PASSED] - myValue = element.getAttribute("value"): null

27-02-2025T17:23:51 - [TEST_STEP][PASSED] - if (debug): null

27-02-2025T17:23:51 - [TEST_STEP][PASSED] - if (myValue.length() >= 4): null

27-02-2025T17:23:51 - [TEST_STEP][PASSED] - if (myValue.substring(0, 4) == "(!) "): null

27-02-2025T17:23:51 - [TEST_STEP][PASSED] - myType = element.getAttribute("type"): null

27-02-2025T17:23:51 - [TEST_STEP][PASSED] - if (myValue in varParms[i]): null

27-02-2025T17:23:54 - [TEST_STEP][PASSED] - else: null

27-02-2025T17:23:54 - [TEST_STEP][PASSED] - inList = false: null

27-02-2025T17:23:54 - [TEST_STEP][PASSED] - if (myType == "checkbox"): null

27-02-2025T17:23:54 - [TEST_STEP][PASSED] - myStatus = element.isSelected(): null

27-02-2025T17:23:54 - [TEST_STEP][PASSED] - if (debug): null

27-02-2025T17:23:54 - [TEST_STEP][PASSED] - if (toggle && myStatus && inList): null

27-02-2025T17:23:54 - [TEST_STEP][PASSED] - if (!(myStatus) && inList || myStatus && !(inList)): null

27-02-2025T17:23:54 - [TEST_STEP][PASSED] - myValue = element.getAttribute("value"): null

27-02-2025T17:23:54 - [TEST_STEP][PASSED] - if (debug): null

27-02-2025T17:23:54 - [TEST_STEP][PASSED] - if (myValue.length() >= 4): null

27-02-2025T17:23:54 - [TEST_STEP][PASSED] - if (myValue.substring(0, 4) == "(!) "): null

27-02-2025T17:23:54 - [TEST_STEP][PASSED] - myType = element.getAttribute("type"): null

27-02-2025T17:23:54 - [TEST_STEP][PASSED] - if (myValue in varParms[i]): null

27-02-2025T17:23:54 - [TEST_STEP][PASSED] - else: null

27-02-2025T17:23:54 - [TEST_STEP][PASSED] - inList = false: null

27-02-2025T17:23:54 - [TEST_STEP][PASSED] - if (myType == "checkbox"): null

27-02-2025T17:23:54 - [TEST_STEP][PASSED] - myStatus = element.isSelected(): null

27-02-2025T17:23:54 - [TEST_STEP][PASSED] - if (debug): null

27-02-2025T17:23:54 - [TEST_STEP][PASSED] - if (toggle && myStatus && inList): null

27-02-2025T17:23:54 - [TEST_STEP][PASSED] - if (!(myStatus) && inList || myStatus && !(inList)): null

27-02-2025T17:23:54 - [TEST_STEP][PASSED] - myValue = element.getAttribute("value"): null

27-02-2025T17:23:54 - [TEST_STEP][PASSED] - if (debug): null

27-02-2025T17:23:54 - [TEST_STEP][PASSED] - if (myValue.length() >= 4): null

27-02-2025T17:23:54 - [TEST_STEP][PASSED] - if (myValue.substring(0, 4) == "(!) "): null

27-02-2025T17:23:54 - [TEST_STEP][PASSED] - myType = element.getAttribute("type"): null

27-02-2025T17:23:54 - [TEST_STEP][PASSED] - if (myValue in varParms[i]): null

27-02-2025T17:23:54 - [TEST_STEP][PASSED] - else: null

27-02-2025T17:23:54 - [TEST_STEP][PASSED] - inList = false: null

27-02-2025T17:23:54 - [TEST_STEP][PASSED] - if (myType == "checkbox"): null

27-02-2025T17:23:54 - [TEST_STEP][PASSED] - myStatus = element.isSelected(): null

27-02-2025T17:23:54 - [TEST_STEP][PASSED] - if (debug): null

27-02-2025T17:23:54 - [TEST_STEP][PASSED] - if (toggle && myStatus && inList): null

27-02-2025T17:23:54 - [TEST_STEP][PASSED] - if (!(myStatus) && inList || myStatus && !(inList)): null

27-02-2025T17:23:54 - [TEST_STEP][PASSED] - myValue = element.getAttribute("value"): null

27-02-2025T17:23:54 - [TEST_STEP][PASSED] - if (debug): null

27-02-2025T17:23:54 - [TEST_STEP][PASSED] - if (myValue.length() >= 4): null

27-02-2025T17:23:54 - [TEST_STEP][PASSED] - if (myValue.substring(0, 4) == "(!) "): null

27-02-2025T17:23:54 - [TEST_STEP][PASSED] - myType = element.getAttribute("type"): null

27-02-2025T17:23:54 - [TEST_STEP][PASSED] - if (myValue in varParms[i]): null

27-02-2025T17:23:54 - [TEST_STEP][PASSED] - else: null

27-02-2025T17:23:54 - [TEST_STEP][PASSED] - inList = false: null

27-02-2025T17:23:54 - [TEST_STEP][PASSED] - if (myType == "checkbox"): null

27-02-2025T17:23:54 - [TEST_STEP][PASSED] - myStatus = element.isSelected(): null

27-02-2025T17:23:54 - [TEST_STEP][PASSED] - if (debug): null

27-02-2025T17:23:54 - [TEST_STEP][PASSED] - if (toggle && myStatus && inList): null

27-02-2025T17:23:54 - [TEST_STEP][PASSED] - if (!(myStatus) && inList || myStatus && !(inList)): null

27-02-2025T17:23:54 - [TEST_STEP][PASSED] - myValue = element.getAttribute("value"): null

27-02-2025T17:23:54 - [TEST_STEP][PASSED] - if (debug): null

27-02-2025T17:23:54 - [TEST_STEP][PASSED] - if (myValue.length() >= 4): null

27-02-2025T17:23:54 - [TEST_STEP][PASSED] - if (myValue.substring(0, 4) == "(!) "): null

27-02-2025T17:23:54 - [TEST_STEP][PASSED] - myType = element.getAttribute("type"): null

27-02-2025T17:23:54 - [TEST_STEP][PASSED] - if (myValue in varParms[i]): null

27-02-2025T17:23:54 - [TEST_STEP][PASSED] - else: null

27-02-2025T17:23:54 - [TEST_STEP][PASSED] - inList = false: null

27-02-2025T17:23:54 - [TEST_STEP][PASSED] - if (myType == "checkbox"): null

27-02-2025T17:23:54 - [TEST_STEP][PASSED] - myStatus = element.isSelected(): null

27-02-2025T17:23:54 - [TEST_STEP][PASSED] - if (debug): null

27-02-2025T17:23:54 - [TEST_STEP][PASSED] - if (toggle && myStatus && inList): null

27-02-2025T17:23:54 - [TEST_STEP][PASSED] - if (!(myStatus) && inList || myStatus && !(inList)): null

27-02-2025T17:23:54 - [TEST_STEP][PASSED] - myValue = element.getAttribute("value"): null

27-02-2025T17:23:54 - [TEST_STEP][PASSED] - if (debug): null

27-02-2025T17:23:54 - [TEST_STEP][PASSED] - if (myValue.length() >= 4): null

27-02-2025T17:23:54 - [TEST_STEP][PASSED] - if (myValue.substring(0, 4) == "(!) "): null

27-02-2025T17:23:54 - [TEST_STEP][PASSED] - myType = element.getAttribute("type"): null

27-02-2025T17:23:54 - [TEST_STEP][PASSED] - if (myValue in varParms[i]): null

27-02-2025T17:23:54 - [TEST_STEP][PASSED] - else: null

27-02-2025T17:23:54 - [TEST_STEP][PASSED] - inList = false: null

27-02-2025T17:23:54 - [TEST_STEP][PASSED] - if (myType == "checkbox"): null

27-02-2025T17:23:54 - [TEST_STEP][PASSED] - myStatus = element.isSelected(): null

27-02-2025T17:23:54 - [TEST_STEP][PASSED] - if (debug): null

27-02-2025T17:23:54 - [TEST_STEP][PASSED] - if (toggle && myStatus && inList): null

27-02-2025T17:23:54 - [TEST_STEP][PASSED] - if (!(myStatus) && inList || myStatus && !(inList)): null

27-02-2025T17:23:54 - [TEST_STEP][PASSED] - myValue = element.getAttribute("value"): null

27-02-2025T17:23:54 - [TEST_STEP][PASSED] - if (debug): null

27-02-2025T17:23:54 - [TEST_STEP][PASSED] - if (myValue.length() >= 4): null

27-02-2025T17:23:54 - [TEST_STEP][PASSED] - if (myValue.substring(0, 4) == "(!) "): null

27-02-2025T17:23:54 - [TEST_STEP][PASSED] - myType = element.getAttribute("type"): null

27-02-2025T17:23:54 - [TEST_STEP][PASSED] - if (myValue in varParms[i]): null

27-02-2025T17:23:54 - [TEST_STEP][PASSED] - else: null

27-02-2025T17:23:54 - [TEST_STEP][PASSED] - inList = false: null

27-02-2025T17:23:54 - [TEST_STEP][PASSED] - if (myType == "checkbox"): null

27-02-2025T17:23:54 - [TEST_STEP][PASSED] - myStatus = element.isSelected(): null

27-02-2025T17:23:54 - [TEST_STEP][PASSED] - if (debug): null

27-02-2025T17:23:54 - [TEST_STEP][PASSED] - if (toggle && myStatus && inList): null

27-02-2025T17:23:54 - [TEST_STEP][PASSED] - if (!(myStatus) && inList || myStatus && !(inList)): null

27-02-2025T17:23:54 - [TEST_STEP][PASSED] - myValue = element.getAttribute("value"): null

27-02-2025T17:23:54 - [TEST_STEP][PASSED] - if (debug): null

27-02-2025T17:23:54 - [TEST_STEP][PASSED] - if (myValue.length() >= 4): null

27-02-2025T17:23:54 - [TEST_STEP][PASSED] - if (myValue.substring(0, 4) == "(!) "): null

27-02-2025T17:23:54 - [TEST_STEP][PASSED] - myType = element.getAttribute("type"): null

27-02-2025T17:23:54 - [TEST_STEP][PASSED] - if (myValue in varParms[i]): null

27-02-2025T17:23:54 - [TEST_STEP][PASSED] - else: null

27-02-2025T17:23:54 - [TEST_STEP][PASSED] - inList = false: null

27-02-2025T17:23:54 - [TEST_STEP][PASSED] - if (myType == "checkbox"): null

27-02-2025T17:23:54 - [TEST_STEP][PASSED] - myStatus = element.isSelected(): null

27-02-2025T17:23:54 - [TEST_STEP][PASSED] - if (debug): null

27-02-2025T17:23:54 - [TEST_STEP][PASSED] - if (toggle && myStatus && inList): null

27-02-2025T17:23:54 - [TEST_STEP][PASSED] - if (!(myStatus) && inList || myStatus && !(inList)): null

27-02-2025T17:23:54 - [TEST_STEP][PASSED] - myValue = element.getAttribute("value"): null

27-02-2025T17:23:54 - [TEST_STEP][PASSED] - if (debug): null

27-02-2025T17:23:54 - [TEST_STEP][PASSED] - if (myValue.length() >= 4): null

27-02-2025T17:23:54 - [TEST_STEP][PASSED] - if (myValue.substring(0, 4) == "(!) "): null

27-02-2025T17:23:54 - [TEST_STEP][PASSED] - myType = element.getAttribute("type"): null

27-02-2025T17:23:54 - [TEST_STEP][PASSED] - if (myValue in varParms[i]): null

27-02-2025T17:23:54 - [TEST_STEP][PASSED] - else: null

27-02-2025T17:23:54 - [TEST_STEP][PASSED] - inList = false: null

27-02-2025T17:23:54 - [TEST_STEP][PASSED] - if (myType == "checkbox"): null

27-02-2025T17:23:54 - [TEST_STEP][PASSED] - myStatus = element.isSelected(): null

27-02-2025T17:23:54 - [TEST_STEP][PASSED] - if (debug): null

27-02-2025T17:23:54 - [TEST_STEP][PASSED] - if (toggle && myStatus && inList): null

27-02-2025T17:23:54 - [TEST_STEP][PASSED] - if (!(myStatus) && inList || myStatus && !(inList)): null

27-02-2025T17:23:54 - [TEST_STEP][PASSED] - myValue = element.getAttribute("value"): null

27-02-2025T17:23:54 - [TEST_STEP][PASSED] - if (debug): null

27-02-2025T17:23:54 - [TEST_STEP][PASSED] - if (myValue.length() >= 4): null

27-02-2025T17:23:54 - [TEST_STEP][PASSED] - if (myValue.substring(0, 4) == "(!) "): null

27-02-2025T17:23:54 - [TEST_STEP][PASSED] - myType = element.getAttribute("type"): null

27-02-2025T17:23:54 - [TEST_STEP][PASSED] - if (myValue in varParms[i]): null

27-02-2025T17:23:54 - [TEST_STEP][PASSED] - else: null

27-02-2025T17:23:54 - [TEST_STEP][PASSED] - inList = false: null

27-02-2025T17:23:54 - [TEST_STEP][PASSED] - if (myType == "checkbox"): null

27-02-2025T17:23:54 - [TEST_STEP][PASSED] - myStatus = element.isSelected(): null

27-02-2025T17:23:54 - [TEST_STEP][PASSED] - if (debug): null

27-02-2025T17:23:54 - [TEST_STEP][PASSED] - if (toggle && myStatus && inList): null

27-02-2025T17:23:54 - [TEST_STEP][PASSED] - if (!(myStatus) && inList || myStatus && !(inList)): null

27-02-2025T17:23:54 - [TEST_STEP][PASSED] - myValue = element.getAttribute("value"): null

27-02-2025T17:23:54 - [TEST_STEP][PASSED] - if (debug): null

27-02-2025T17:23:54 - [TEST_STEP][PASSED] - if (myValue.length() >= 4): null

27-02-2025T17:23:54 - [TEST_STEP][PASSED] - if (myValue.substring(0, 4) == "(!) "): null

27-02-2025T17:23:54 - [TEST_STEP][PASSED] - myType = element.getAttribute("type"): null

27-02-2025T17:23:54 - [TEST_STEP][PASSED] - if (myValue in varParms[i]): null

27-02-2025T17:23:54 - [TEST_STEP][PASSED] - else: null

27-02-2025T17:23:54 - [TEST_STEP][PASSED] - inList = false: null

27-02-2025T17:23:54 - [TEST_STEP][PASSED] - if (myType == "checkbox"): null

27-02-2025T17:23:54 - [TEST_STEP][PASSED] - myStatus = element.isSelected(): null

27-02-2025T17:23:54 - [TEST_STEP][PASSED] - if (debug): null

27-02-2025T17:23:54 - [TEST_STEP][PASSED] - if (toggle && myStatus && inList): null

27-02-2025T17:23:54 - [TEST_STEP][PASSED] - if (!(myStatus) && inList || myStatus && !(inList)): null

27-02-2025T17:23:54 - [TEST_STEP][PASSED] - myValue = element.getAttribute("value"): null

27-02-2025T17:23:54 - [TEST_STEP][PASSED] - if (debug): null

27-02-2025T17:23:54 - [TEST_STEP][PASSED] - if (myValue.length() >= 4): null

27-02-2025T17:23:54 - [TEST_STEP][PASSED] - if (myValue.substring(0, 4) == "(!) "): null

27-02-2025T17:23:54 - [TEST_STEP][PASSED] - myType = element.getAttribute("type"): null

27-02-2025T17:23:54 - [TEST_STEP][PASSED] - if (myValue in varParms[i]): null

27-02-2025T17:23:54 - [TEST_STEP][PASSED] - else: null

27-02-2025T17:23:54 - [TEST_STEP][PASSED] - inList = false: null

27-02-2025T17:23:54 - [TEST_STEP][PASSED] - if (myType == "checkbox"): null

27-02-2025T17:23:54 - [TEST_STEP][PASSED] - myStatus = element.isSelected(): null

27-02-2025T17:23:54 - [TEST_STEP][PASSED] - if (debug): null

27-02-2025T17:23:54 - [TEST_STEP][PASSED] - if (toggle && myStatus && inList): null

27-02-2025T17:23:54 - [TEST_STEP][PASSED] - if (!(myStatus) && inList || myStatus && !(inList)): null

27-02-2025T17:23:54 - [TEST_STEP][PASSED] - myValue = element.getAttribute("value"): null

27-02-2025T17:23:54 - [TEST_STEP][PASSED] - if (debug): null

27-02-2025T17:23:54 - [TEST_STEP][PASSED] - if (myValue.length() >= 4): null

27-02-2025T17:23:54 - [TEST_STEP][PASSED] - if (myValue.substring(0, 4) == "(!) "): null

27-02-2025T17:23:54 - [TEST_STEP][PASSED] - myType = element.getAttribute("type"): null

27-02-2025T17:23:54 - [TEST_STEP][PASSED] - if (myValue in varParms[i]): null

27-02-2025T17:23:54 - [TEST_STEP][PASSED] - else: null

27-02-2025T17:23:54 - [TEST_STEP][PASSED] - inList = false: null

27-02-2025T17:23:54 - [TEST_STEP][PASSED] - if (myType == "checkbox"): null

27-02-2025T17:23:54 - [TEST_STEP][PASSED] - myStatus = element.isSelected(): null

27-02-2025T17:23:54 - [TEST_STEP][PASSED] - if (debug): null

27-02-2025T17:23:54 - [TEST_STEP][PASSED] - if (toggle && myStatus && inList): null

27-02-2025T17:23:54 - [TEST_STEP][PASSED] - if (!(myStatus) && inList || myStatus && !(inList)): null

27-02-2025T17:23:54 - [TEST_STEP][PASSED] - myValue = element.getAttribute("value"): null

27-02-2025T17:23:54 - [TEST_STEP][PASSED] - if (debug): null

27-02-2025T17:23:54 - [TEST_STEP][PASSED] - if (myValue.length() >= 4): null

27-02-2025T17:23:54 - [TEST_STEP][PASSED] - if (myValue.substring(0, 4) == "(!) "): null

27-02-2025T17:23:54 - [TEST_STEP][PASSED] - myType = element.getAttribute("type"): null

27-02-2025T17:23:54 - [TEST_STEP][PASSED] - if (myValue in varParms[i]): null

27-02-2025T17:23:54 - [TEST_STEP][PASSED] - else: null

27-02-2025T17:23:54 - [TEST_STEP][PASSED] - inList = false: null

27-02-2025T17:23:54 - [TEST_STEP][PASSED] - if (myType == "checkbox"): null

27-02-2025T17:23:54 - [TEST_STEP][PASSED] - myStatus = element.isSelected(): null

27-02-2025T17:23:54 - [TEST_STEP][PASSED] - if (debug): null

27-02-2025T17:23:54 - [TEST_STEP][PASSED] - if (toggle && myStatus && inList): null

27-02-2025T17:23:54 - [TEST_STEP][PASSED] - if (!(myStatus) && inList || myStatus && !(inList)): null

27-02-2025T17:23:54 - [TEST_STEP][PASSED] - myValue = element.getAttribute("value"): null

27-02-2025T17:23:54 - [TEST_STEP][PASSED] - if (debug): null

27-02-2025T17:23:54 - [TEST_STEP][PASSED] - if (myValue.length() >= 4): null

27-02-2025T17:23:54 - [TEST_STEP][PASSED] - if (myValue.substring(0, 4) == "(!) "): null

27-02-2025T17:23:54 - [TEST_STEP][PASSED] - myType = element.getAttribute("type"): null

27-02-2025T17:23:54 - [TEST_STEP][PASSED] - if (myValue in varParms[i]): null

27-02-2025T17:23:54 - [TEST_STEP][PASSED] - else: null

27-02-2025T17:23:54 - [TEST_STEP][PASSED] - inList = false: null

27-02-2025T17:23:54 - [TEST_STEP][PASSED] - if (myType == "checkbox"): null

27-02-2025T17:23:54 - [TEST_STEP][PASSED] - myStatus = element.isSelected(): null

27-02-2025T17:23:54 - [TEST_STEP][PASSED] - if (debug): null

27-02-2025T17:23:54 - [TEST_STEP][PASSED] - if (toggle && myStatus && inList): null

27-02-2025T17:23:54 - [TEST_STEP][PASSED] - if (!(myStatus) && inList || myStatus && !(inList)): null

27-02-2025T17:23:54 - [TEST_STEP][PASSED] - myValue = element.getAttribute("value"): null

27-02-2025T17:23:54 - [TEST_STEP][PASSED] - if (debug): null

27-02-2025T17:23:54 - [TEST_STEP][PASSED] - if (myValue.length() >= 4): null

27-02-2025T17:23:54 - [TEST_STEP][PASSED] - if (myValue.substring(0, 4) == "(!) "): null

27-02-2025T17:23:54 - [TEST_STEP][PASSED] - myType = element.getAttribute("type"): null

27-02-2025T17:23:54 - [TEST_STEP][PASSED] - if (myValue in varParms[i]): null

27-02-2025T17:23:54 - [TEST_STEP][PASSED] - else: null

27-02-2025T17:23:54 - [TEST_STEP][PASSED] - inList = false: null

27-02-2025T17:23:54 - [TEST_STEP][PASSED] - if (myType == "checkbox"): null

27-02-2025T17:23:54 - [TEST_STEP][PASSED] - myStatus = element.isSelected(): null

27-02-2025T17:23:54 - [TEST_STEP][PASSED] - if (debug): null

27-02-2025T17:23:54 - [TEST_STEP][PASSED] - if (toggle && myStatus && inList): null

27-02-2025T17:23:54 - [TEST_STEP][PASSED] - if (!(myStatus) && inList || myStatus && !(inList)): null

27-02-2025T17:23:54 - [TEST_STEP][PASSED] - myValue = element.getAttribute("value"): null

27-02-2025T17:23:54 - [TEST_STEP][PASSED] - if (debug): null

27-02-2025T17:23:54 - [TEST_STEP][PASSED] - if (myValue.length() >= 4): null

27-02-2025T17:23:54 - [TEST_STEP][PASSED] - if (myValue.substring(0, 4) == "(!) "): null

27-02-2025T17:23:54 - [TEST_STEP][PASSED] - myType = element.getAttribute("type"): null

27-02-2025T17:23:54 - [TEST_STEP][PASSED] - if (myValue in varParms[i]): null

27-02-2025T17:23:54 - [TEST_STEP][PASSED] - else: null

27-02-2025T17:23:54 - [TEST_STEP][PASSED] - inList = false: null

27-02-2025T17:23:54 - [TEST_STEP][PASSED] - if (myType == "checkbox"): null

27-02-2025T17:23:54 - [TEST_STEP][PASSED] - myStatus = element.isSelected(): null

27-02-2025T17:23:54 - [TEST_STEP][PASSED] - if (debug): null

27-02-2025T17:23:54 - [TEST_STEP][PASSED] - if (toggle && myStatus && inList): null

27-02-2025T17:23:54 - [TEST_STEP][PASSED] - if (!(myStatus) && inList || myStatus && !(inList)): null

27-02-2025T17:23:54 - [TEST_STEP][PASSED] - myValue = element.getAttribute("value"): null

27-02-2025T17:23:54 - [TEST_STEP][PASSED] - if (debug): null

27-02-2025T17:23:54 - [TEST_STEP][PASSED] - if (myValue.length() >= 4): null

27-02-2025T17:23:54 - [TEST_STEP][PASSED] - if (myValue.substring(0, 4) == "(!) "): null

27-02-2025T17:23:54 - [TEST_STEP][PASSED] - myType = element.getAttribute("type"): null

27-02-2025T17:23:54 - [TEST_STEP][PASSED] - if (myValue in varParms[i]): null

27-02-2025T17:23:54 - [TEST_STEP][PASSED] - else: null

27-02-2025T17:23:54 - [TEST_STEP][PASSED] - inList = false: null

27-02-2025T17:23:54 - [TEST_STEP][PASSED] - if (myType == "checkbox"): null

27-02-2025T17:23:54 - [TEST_STEP][PASSED] - myStatus = element.isSelected(): null

27-02-2025T17:23:54 - [TEST_STEP][PASSED] - if (debug): null

27-02-2025T17:23:54 - [TEST_STEP][PASSED] - if (toggle && myStatus && inList): null

27-02-2025T17:23:54 - [TEST_STEP][PASSED] - if (!(myStatus) && inList || myStatus && !(inList)): null

27-02-2025T17:23:54 - [TEST_STEP][PASSED] - myValue = element.getAttribute("value"): null

27-02-2025T17:23:54 - [TEST_STEP][PASSED] - if (debug): null

27-02-2025T17:23:54 - [TEST_STEP][PASSED] - if (myValue.length() >= 4): null

27-02-2025T17:23:54 - [TEST_STEP][PASSED] - if (myValue.substring(0, 4) == "(!) "): null

27-02-2025T17:23:54 - [TEST_STEP][PASSED] - myType = element.getAttribute("type"): null

27-02-2025T17:23:54 - [TEST_STEP][PASSED] - if (myValue in varParms[i]): null

27-02-2025T17:23:54 - [TEST_STEP][PASSED] - else: null

27-02-2025T17:23:54 - [TEST_STEP][PASSED] - inList = false: null

27-02-2025T17:23:54 - [TEST_STEP][PASSED] - if (myType == "checkbox"): null

27-02-2025T17:23:54 - [TEST_STEP][PASSED] - myStatus = element.isSelected(): null

27-02-2025T17:23:54 - [TEST_STEP][PASSED] - if (debug): null

27-02-2025T17:23:54 - [TEST_STEP][PASSED] - if (toggle && myStatus && inList): null

27-02-2025T17:23:54 - [TEST_STEP][PASSED] - if (!(myStatus) && inList || myStatus && !(inList)): null

27-02-2025T17:23:54 - [TEST_STEP][PASSED] - myValue = element.getAttribute("value"): null

27-02-2025T17:23:54 - [TEST_STEP][PASSED] - if (debug): null

27-02-2025T17:23:54 - [TEST_STEP][PASSED] - if (myValue.length() >= 4): null

27-02-2025T17:23:54 - [TEST_STEP][PASSED] - if (myValue.substring(0, 4) == "(!) "): null

27-02-2025T17:23:54 - [TEST_STEP][PASSED] - myType = element.getAttribute("type"): null

27-02-2025T17:23:54 - [TEST_STEP][PASSED] - if (myValue in varParms[i]): null

27-02-2025T17:23:54 - [TEST_STEP][PASSED] - else: null

27-02-2025T17:23:54 - [TEST_STEP][PASSED] - inList = false: null

27-02-2025T17:23:54 - [TEST_STEP][PASSED] - if (myType == "checkbox"): null

27-02-2025T17:23:54 - [TEST_STEP][PASSED] - myStatus = element.isSelected(): null

27-02-2025T17:23:54 - [TEST_STEP][PASSED] - if (debug): null

27-02-2025T17:23:54 - [TEST_STEP][PASSED] - if (toggle && myStatus && inList): null

27-02-2025T17:23:54 - [TEST_STEP][PASSED] - if (!(myStatus) && inList || myStatus && !(inList)): null

27-02-2025T17:23:54 - [TEST_STEP][PASSED] - myValue = element.getAttribute("value"): null

27-02-2025T17:23:54 - [TEST_STEP][PASSED] - if (debug): null

27-02-2025T17:23:54 - [TEST_STEP][PASSED] - if (myValue.length() >= 4): null

27-02-2025T17:23:54 - [TEST_STEP][PASSED] - if (myValue.substring(0, 4) == "(!) "): null

27-02-2025T17:23:54 - [TEST_STEP][PASSED] - myType = element.getAttribute("type"): null

27-02-2025T17:23:54 - [TEST_STEP][PASSED] - if (myValue in varParms[i]): null

27-02-2025T17:23:54 - [TEST_STEP][PASSED] - else: null

27-02-2025T17:23:54 - [TEST_STEP][PASSED] - inList = false: null

27-02-2025T17:23:54 - [TEST_STEP][PASSED] - if (myType == "checkbox"): null

27-02-2025T17:23:54 - [TEST_STEP][PASSED] - myStatus = element.isSelected(): null

27-02-2025T17:23:54 - [TEST_STEP][PASSED] - if (debug): null

27-02-2025T17:23:54 - [TEST_STEP][PASSED] - if (toggle && myStatus && inList): null

27-02-2025T17:23:54 - [TEST_STEP][PASSED] - if (!(myStatus) && inList || myStatus && !(inList)): null

27-02-2025T17:23:54 - [TEST_STEP][PASSED] - myValue = element.getAttribute("value"): null

27-02-2025T17:23:54 - [TEST_STEP][PASSED] - if (debug): null

27-02-2025T17:23:54 - [TEST_STEP][PASSED] - if (myValue.length() >= 4): null

27-02-2025T17:23:54 - [TEST_STEP][PASSED] - if (myValue.substring(0, 4) == "(!) "): null

27-02-2025T17:23:54 - [TEST_STEP][PASSED] - myType = element.getAttribute("type"): null

27-02-2025T17:23:54 - [TEST_STEP][PASSED] - if (myValue in varParms[i]): null

27-02-2025T17:23:54 - [TEST_STEP][PASSED] - else: null

27-02-2025T17:23:54 - [TEST_STEP][PASSED] - inList = false: null

27-02-2025T17:23:54 - [TEST_STEP][PASSED] - if (myType == "checkbox"): null

27-02-2025T17:23:54 - [TEST_STEP][PASSED] - myStatus = element.isSelected(): null

27-02-2025T17:23:54 - [TEST_STEP][PASSED] - if (debug): null

27-02-2025T17:23:54 - [TEST_STEP][PASSED] - if (toggle && myStatus && inList): null

27-02-2025T17:23:54 - [TEST_STEP][PASSED] - if (!(myStatus) && inList || myStatus && !(inList)): null

27-02-2025T17:23:57 - [TEST_STEP][PASSED] - myValue = element.getAttribute("value"): null

27-02-2025T17:23:57 - [TEST_STEP][PASSED] - if (debug): null

27-02-2025T17:23:57 - [TEST_STEP][PASSED] - if (myValue.length() >= 4): null

27-02-2025T17:23:57 - [TEST_STEP][PASSED] - if (myValue.substring(0, 4) == "(!) "): null

27-02-2025T17:23:57 - [TEST_STEP][PASSED] - myType = element.getAttribute("type"): null

27-02-2025T17:23:57 - [TEST_STEP][PASSED] - if (myValue in varParms[i]): null

27-02-2025T17:23:57 - [TEST_STEP][PASSED] - else: null

27-02-2025T17:23:57 - [TEST_STEP][PASSED] - inList = false: null

27-02-2025T17:23:57 - [TEST_STEP][PASSED] - if (myType == "checkbox"): null

27-02-2025T17:23:57 - [TEST_STEP][PASSED] - myStatus = element.isSelected(): null

27-02-2025T17:23:57 - [TEST_STEP][PASSED] - if (debug): null

27-02-2025T17:23:57 - [TEST_STEP][PASSED] - if (toggle && myStatus && inList): null

27-02-2025T17:23:57 - [TEST_STEP][PASSED] - if (!(myStatus) && inList || myStatus && !(inList)): null

27-02-2025T17:23:57 - [TEST_STEP][PASSED] - myValue = element.getAttribute("value"): null

27-02-2025T17:23:57 - [TEST_STEP][PASSED] - if (debug): null

27-02-2025T17:23:57 - [TEST_STEP][PASSED] - if (myValue.length() >= 4): null

27-02-2025T17:23:57 - [TEST_STEP][PASSED] - if (myValue.substring(0, 4) == "(!) "): null

27-02-2025T17:23:57 - [TEST_STEP][PASSED] - myType = element.getAttribute("type"): null

27-02-2025T17:23:57 - [TEST_STEP][PASSED] - if (myValue in varParms[i]): null

27-02-2025T17:23:57 - [TEST_STEP][PASSED] - else: null

27-02-2025T17:23:57 - [TEST_STEP][PASSED] - inList = false: null

27-02-2025T17:23:57 - [TEST_STEP][PASSED] - if (myType == "checkbox"): null

27-02-2025T17:23:57 - [TEST_STEP][PASSED] - myStatus = element.isSelected(): null

27-02-2025T17:23:57 - [TEST_STEP][PASSED] - if (debug): null

27-02-2025T17:23:57 - [TEST_STEP][PASSED] - if (toggle && myStatus && inList): null

27-02-2025T17:23:57 - [TEST_STEP][PASSED] - if (!(myStatus) && inList || myStatus && !(inList)): null

27-02-2025T17:23:57 - [TEST_STEP][PASSED] - myValue = element.getAttribute("value"): null

27-02-2025T17:23:57 - [TEST_STEP][PASSED] - if (debug): null

27-02-2025T17:23:57 - [TEST_STEP][PASSED] - if (myValue.length() >= 4): null

27-02-2025T17:23:57 - [TEST_STEP][PASSED] - if (myValue.substring(0, 4) == "(!) "): null

27-02-2025T17:23:57 - [TEST_STEP][PASSED] - myType = element.getAttribute("type"): null

27-02-2025T17:23:57 - [TEST_STEP][PASSED] - if (myValue in varParms[i]): null

27-02-2025T17:23:57 - [TEST_STEP][PASSED] - else: null

27-02-2025T17:23:57 - [TEST_STEP][PASSED] - inList = false: null

27-02-2025T17:23:57 - [TEST_STEP][PASSED] - if (myType == "checkbox"): null

27-02-2025T17:23:57 - [TEST_STEP][PASSED] - myStatus = element.isSelected(): null

27-02-2025T17:23:57 - [TEST_STEP][PASSED] - if (debug): null

27-02-2025T17:23:57 - [TEST_STEP][PASSED] - if (toggle && myStatus && inList): null

27-02-2025T17:23:57 - [TEST_STEP][PASSED] - if (!(myStatus) && inList || myStatus && !(inList)): null

27-02-2025T17:23:57 - [TEST_STEP][PASSED] - myValue = element.getAttribute("value"): null

27-02-2025T17:23:57 - [TEST_STEP][PASSED] - if (debug): null

27-02-2025T17:23:57 - [TEST_STEP][PASSED] - if (myValue.length() >= 4): null

27-02-2025T17:23:57 - [TEST_STEP][PASSED] - if (myValue.substring(0, 4) == "(!) "): null

27-02-2025T17:23:57 - [TEST_STEP][PASSED] - myType = element.getAttribute("type"): null

27-02-2025T17:23:57 - [TEST_STEP][PASSED] - if (myValue in varParms[i]): null

27-02-2025T17:23:57 - [TEST_STEP][PASSED] - else: null

27-02-2025T17:23:57 - [TEST_STEP][PASSED] - inList = false: null

27-02-2025T17:23:57 - [TEST_STEP][PASSED] - if (myType == "checkbox"): null

27-02-2025T17:23:57 - [TEST_STEP][PASSED] - myStatus = element.isSelected(): null

27-02-2025T17:23:57 - [TEST_STEP][PASSED] - if (debug): null

27-02-2025T17:23:57 - [TEST_STEP][PASSED] - if (toggle && myStatus && inList): null

27-02-2025T17:23:57 - [TEST_STEP][PASSED] - if (!(myStatus) && inList || myStatus && !(inList)): null

27-02-2025T17:23:57 - [TEST_STEP][PASSED] - myValue = element.getAttribute("value"): null

27-02-2025T17:23:57 - [TEST_STEP][PASSED] - if (debug): null

27-02-2025T17:23:57 - [TEST_STEP][PASSED] - if (myValue.length() >= 4): null

27-02-2025T17:23:57 - [TEST_STEP][PASSED] - if (myValue.substring(0, 4) == "(!) "): null

27-02-2025T17:23:57 - [TEST_STEP][PASSED] - myType = element.getAttribute("type"): null

27-02-2025T17:23:57 - [TEST_STEP][PASSED] - if (myValue in varParms[i]): null

27-02-2025T17:23:57 - [TEST_STEP][PASSED] - else: null

27-02-2025T17:23:57 - [TEST_STEP][PASSED] - inList = false: null

27-02-2025T17:23:57 - [TEST_STEP][PASSED] - if (myType == "checkbox"): null

27-02-2025T17:23:57 - [TEST_STEP][PASSED] - myStatus = element.isSelected(): null

27-02-2025T17:23:57 - [TEST_STEP][PASSED] - if (debug): null

27-02-2025T17:23:57 - [TEST_STEP][PASSED] - if (toggle && myStatus && inList): null

27-02-2025T17:23:57 - [TEST_STEP][PASSED] - if (!(myStatus) && inList || myStatus && !(inList)): null

27-02-2025T17:23:57 - [TEST_STEP][PASSED] - myValue = element.getAttribute("value"): null

27-02-2025T17:23:57 - [TEST_STEP][PASSED] - if (debug): null

27-02-2025T17:23:57 - [TEST_STEP][PASSED] - if (myValue.length() >= 4): null

27-02-2025T17:23:57 - [TEST_STEP][PASSED] - if (myValue.substring(0, 4) == "(!) "): null

27-02-2025T17:23:57 - [TEST_STEP][PASSED] - myType = element.getAttribute("type"): null

27-02-2025T17:23:57 - [TEST_STEP][PASSED] - if (myValue in varParms[i]): null

27-02-2025T17:23:57 - [TEST_STEP][PASSED] - else: null

27-02-2025T17:23:57 - [TEST_STEP][PASSED] - inList = false: null

27-02-2025T17:23:57 - [TEST_STEP][PASSED] - if (myType == "checkbox"): null

27-02-2025T17:23:57 - [TEST_STEP][PASSED] - myStatus = element.isSelected(): null

27-02-2025T17:23:57 - [TEST_STEP][PASSED] - if (debug): null

27-02-2025T17:23:57 - [TEST_STEP][PASSED] - if (toggle && myStatus && inList): null

27-02-2025T17:23:57 - [TEST_STEP][PASSED] - if (!(myStatus) && inList || myStatus && !(inList)): null

27-02-2025T17:23:57 - [TEST_STEP][PASSED] - myValue = element.getAttribute("value"): null

27-02-2025T17:23:57 - [TEST_STEP][PASSED] - if (debug): null

27-02-2025T17:23:57 - [TEST_STEP][PASSED] - if (myValue.length() >= 4): null

27-02-2025T17:23:57 - [TEST_STEP][PASSED] - if (myValue.substring(0, 4) == "(!) "): null

27-02-2025T17:23:57 - [TEST_STEP][PASSED] - myType = element.getAttribute("type"): null

27-02-2025T17:23:57 - [TEST_STEP][PASSED] - if (myValue in varParms[i]): null

27-02-2025T17:23:57 - [TEST_STEP][PASSED] - else: null

27-02-2025T17:23:57 - [TEST_STEP][PASSED] - inList = false: null

27-02-2025T17:23:57 - [TEST_STEP][PASSED] - if (myType == "checkbox"): null

27-02-2025T17:23:57 - [TEST_STEP][PASSED] - myStatus = element.isSelected(): null

27-02-2025T17:23:57 - [TEST_STEP][PASSED] - if (debug): null

27-02-2025T17:23:57 - [TEST_STEP][PASSED] - if (toggle && myStatus && inList): null

27-02-2025T17:23:57 - [TEST_STEP][PASSED] - if (!(myStatus) && inList || myStatus && !(inList)): null

27-02-2025T17:23:57 - [TEST_STEP][PASSED] - myValue = element.getAttribute("value"): null

27-02-2025T17:23:57 - [TEST_STEP][PASSED] - if (debug): null

27-02-2025T17:23:57 - [TEST_STEP][PASSED] - if (myValue.length() >= 4): null

27-02-2025T17:23:57 - [TEST_STEP][PASSED] - if (myValue.substring(0, 4) == "(!) "): null

27-02-2025T17:23:57 - [TEST_STEP][PASSED] - myType = element.getAttribute("type"): null

27-02-2025T17:23:57 - [TEST_STEP][PASSED] - if (myValue in varParms[i]): null

27-02-2025T17:23:57 - [TEST_STEP][PASSED] - else: null

27-02-2025T17:23:57 - [TEST_STEP][PASSED] - inList = false: null

27-02-2025T17:23:57 - [TEST_STEP][PASSED] - if (myType == "checkbox"): null

27-02-2025T17:23:57 - [TEST_STEP][PASSED] - myStatus = element.isSelected(): null

27-02-2025T17:23:57 - [TEST_STEP][PASSED] - if (debug): null

27-02-2025T17:23:57 - [TEST_STEP][PASSED] - if (toggle && myStatus && inList): null

27-02-2025T17:23:57 - [TEST_STEP][PASSED] - if (!(myStatus) && inList || myStatus && !(inList)): null

27-02-2025T17:23:57 - [TEST_STEP][PASSED] - myValue = element.getAttribute("value"): null

27-02-2025T17:23:57 - [TEST_STEP][PASSED] - if (debug): null

27-02-2025T17:23:57 - [TEST_STEP][PASSED] - if (myValue.length() >= 4): null

27-02-2025T17:23:57 - [TEST_STEP][PASSED] - if (myValue.substring(0, 4) == "(!) "): null

27-02-2025T17:23:57 - [TEST_STEP][PASSED] - myType = element.getAttribute("type"): null

27-02-2025T17:23:57 - [TEST_STEP][PASSED] - if (myValue in varParms[i]): null

27-02-2025T17:23:57 - [TEST_STEP][PASSED] - else: null

27-02-2025T17:23:57 - [TEST_STEP][PASSED] - inList = false: null

27-02-2025T17:23:57 - [TEST_STEP][PASSED] - if (myType == "checkbox"): null

27-02-2025T17:23:57 - [TEST_STEP][PASSED] - myStatus = element.isSelected(): null

27-02-2025T17:23:57 - [TEST_STEP][PASSED] - if (debug): null

27-02-2025T17:23:57 - [TEST_STEP][PASSED] - if (toggle && myStatus && inList): null

27-02-2025T17:23:57 - [TEST_STEP][PASSED] - if (!(myStatus) && inList || myStatus && !(inList)): null

27-02-2025T17:23:57 - [TEST_STEP][PASSED] - myValue = element.getAttribute("value"): null

27-02-2025T17:23:57 - [TEST_STEP][PASSED] - if (debug): null

27-02-2025T17:23:57 - [TEST_STEP][PASSED] - if (myValue.length() >= 4): null

27-02-2025T17:23:57 - [TEST_STEP][PASSED] - if (myValue.substring(0, 4) == "(!) "): null

27-02-2025T17:23:57 - [TEST_STEP][PASSED] - myType = element.getAttribute("type"): null

27-02-2025T17:23:57 - [TEST_STEP][PASSED] - if (myValue in varParms[i]): null

27-02-2025T17:23:57 - [TEST_STEP][PASSED] - else: null

27-02-2025T17:23:57 - [TEST_STEP][PASSED] - inList = false: null

27-02-2025T17:23:57 - [TEST_STEP][PASSED] - if (myType == "checkbox"): null

27-02-2025T17:23:57 - [TEST_STEP][PASSED] - myStatus = element.isSelected(): null

27-02-2025T17:23:57 - [TEST_STEP][PASSED] - if (debug): null

27-02-2025T17:23:57 - [TEST_STEP][PASSED] - if (toggle && myStatus && inList): null

27-02-2025T17:23:57 - [TEST_STEP][PASSED] - if (!(myStatus) && inList || myStatus && !(inList)): null

27-02-2025T17:23:57 - [TEST_STEP][PASSED] - myValue = element.getAttribute("value"): null

27-02-2025T17:23:57 - [TEST_STEP][PASSED] - if (debug): null

27-02-2025T17:23:57 - [TEST_STEP][PASSED] - if (myValue.length() >= 4): null

27-02-2025T17:23:57 - [TEST_STEP][PASSED] - if (myValue.substring(0, 4) == "(!) "): null

27-02-2025T17:23:57 - [TEST_STEP][PASSED] - myType = element.getAttribute("type"): null

27-02-2025T17:23:57 - [TEST_STEP][PASSED] - if (myValue in varParms[i]): null

27-02-2025T17:23:57 - [TEST_STEP][PASSED] - else: null

27-02-2025T17:23:57 - [TEST_STEP][PASSED] - inList = false: null

27-02-2025T17:23:57 - [TEST_STEP][PASSED] - if (myType == "checkbox"): null

27-02-2025T17:23:57 - [TEST_STEP][PASSED] - myStatus = element.isSelected(): null

27-02-2025T17:23:57 - [TEST_STEP][PASSED] - if (debug): null

27-02-2025T17:23:57 - [TEST_STEP][PASSED] - if (toggle && myStatus && inList): null

27-02-2025T17:23:57 - [TEST_STEP][PASSED] - if (!(myStatus) && inList || myStatus && !(inList)): null

27-02-2025T17:23:57 - [TEST_STEP][PASSED] - myValue = element.getAttribute("value"): null

27-02-2025T17:23:57 - [TEST_STEP][PASSED] - if (debug): null

27-02-2025T17:23:57 - [TEST_STEP][PASSED] - if (myValue.length() >= 4): null

27-02-2025T17:23:57 - [TEST_STEP][PASSED] - if (myValue.substring(0, 4) == "(!) "): null

27-02-2025T17:23:57 - [TEST_STEP][PASSED] - myType = element.getAttribute("type"): null

27-02-2025T17:23:57 - [TEST_STEP][PASSED] - if (myValue in varParms[i]): null

27-02-2025T17:23:57 - [TEST_STEP][PASSED] - else: null

27-02-2025T17:23:57 - [TEST_STEP][PASSED] - inList = false: null

27-02-2025T17:23:57 - [TEST_STEP][PASSED] - if (myType == "checkbox"): null

27-02-2025T17:23:57 - [TEST_STEP][PASSED] - myStatus = element.isSelected(): null

27-02-2025T17:23:57 - [TEST_STEP][PASSED] - if (debug): null

27-02-2025T17:23:57 - [TEST_STEP][PASSED] - if (toggle && myStatus && inList): null

27-02-2025T17:23:57 - [TEST_STEP][PASSED] - if (!(myStatus) && inList || myStatus && !(inList)): null

27-02-2025T17:23:57 - [TEST_STEP][PASSED] - myValue = element.getAttribute("value"): null

27-02-2025T17:23:57 - [TEST_STEP][PASSED] - if (debug): null

27-02-2025T17:23:57 - [TEST_STEP][PASSED] - if (myValue.length() >= 4): null

27-02-2025T17:23:57 - [TEST_STEP][PASSED] - if (myValue.substring(0, 4) == "(!) "): null

27-02-2025T17:23:57 - [TEST_STEP][PASSED] - myType = element.getAttribute("type"): null

27-02-2025T17:23:57 - [TEST_STEP][PASSED] - if (myValue in varParms[i]): null

27-02-2025T17:23:57 - [TEST_STEP][PASSED] - else: null

27-02-2025T17:23:57 - [TEST_STEP][PASSED] - inList = false: null

27-02-2025T17:23:57 - [TEST_STEP][PASSED] - if (myType == "checkbox"): null

27-02-2025T17:23:57 - [TEST_STEP][PASSED] - myStatus = element.isSelected(): null

27-02-2025T17:23:57 - [TEST_STEP][PASSED] - if (debug): null

27-02-2025T17:23:57 - [TEST_STEP][PASSED] - if (toggle && myStatus && inList): null

27-02-2025T17:23:57 - [TEST_STEP][PASSED] - if (!(myStatus) && inList || myStatus && !(inList)): null

27-02-2025T17:23:57 - [TEST_STEP][PASSED] - myValue = element.getAttribute("value"): null

27-02-2025T17:23:57 - [TEST_STEP][PASSED] - if (debug): null

27-02-2025T17:23:57 - [TEST_STEP][PASSED] - if (myValue.length() >= 4): null

27-02-2025T17:23:57 - [TEST_STEP][PASSED] - if (myValue.substring(0, 4) == "(!) "): null

27-02-2025T17:23:57 - [TEST_STEP][PASSED] - myType = element.getAttribute("type"): null

27-02-2025T17:23:57 - [TEST_STEP][PASSED] - if (myValue in varParms[i]): null

27-02-2025T17:23:57 - [TEST_STEP][PASSED] - else: null

27-02-2025T17:23:57 - [TEST_STEP][PASSED] - inList = false: null

27-02-2025T17:23:57 - [TEST_STEP][PASSED] - if (myType == "checkbox"): null

27-02-2025T17:23:57 - [TEST_STEP][PASSED] - myStatus = element.isSelected(): null

27-02-2025T17:23:57 - [TEST_STEP][PASSED] - if (debug): null

27-02-2025T17:23:57 - [TEST_STEP][PASSED] - if (toggle && myStatus && inList): null

27-02-2025T17:23:57 - [TEST_STEP][PASSED] - if (!(myStatus) && inList || myStatus && !(inList)): null

27-02-2025T17:23:57 - [TEST_STEP][PASSED] - myValue = element.getAttribute("value"): null

27-02-2025T17:23:57 - [TEST_STEP][PASSED] - if (debug): null

27-02-2025T17:23:57 - [TEST_STEP][PASSED] - if (myValue.length() >= 4): null

27-02-2025T17:23:57 - [TEST_STEP][PASSED] - if (myValue.substring(0, 4) == "(!) "): null

27-02-2025T17:23:57 - [TEST_STEP][PASSED] - myType = element.getAttribute("type"): null

27-02-2025T17:23:57 - [TEST_STEP][PASSED] - if (myValue in varParms[i]): null

27-02-2025T17:23:57 - [TEST_STEP][PASSED] - else: null

27-02-2025T17:23:57 - [TEST_STEP][PASSED] - inList = false: null

27-02-2025T17:23:57 - [TEST_STEP][PASSED] - if (myType == "checkbox"): null

27-02-2025T17:23:57 - [TEST_STEP][PASSED] - myStatus = element.isSelected(): null

27-02-2025T17:23:57 - [TEST_STEP][PASSED] - if (debug): null

27-02-2025T17:23:57 - [TEST_STEP][PASSED] - if (toggle && myStatus && inList): null

27-02-2025T17:23:57 - [TEST_STEP][PASSED] - if (!(myStatus) && inList || myStatus && !(inList)): null

27-02-2025T17:23:57 - [TEST_STEP][PASSED] - myValue = element.getAttribute("value"): null

27-02-2025T17:23:57 - [TEST_STEP][PASSED] - if (debug): null

27-02-2025T17:23:57 - [TEST_STEP][PASSED] - if (myValue.length() >= 4): null

27-02-2025T17:23:57 - [TEST_STEP][PASSED] - if (myValue.substring(0, 4) == "(!) "): null

27-02-2025T17:23:57 - [TEST_STEP][PASSED] - myType = element.getAttribute("type"): null

27-02-2025T17:23:57 - [TEST_STEP][PASSED] - if (myValue in varParms[i]): null

27-02-2025T17:23:57 - [TEST_STEP][PASSED] - else: null

27-02-2025T17:23:57 - [TEST_STEP][PASSED] - inList = false: null

27-02-2025T17:23:57 - [TEST_STEP][PASSED] - if (myType == "checkbox"): null

27-02-2025T17:23:57 - [TEST_STEP][PASSED] - myStatus = element.isSelected(): null

27-02-2025T17:23:57 - [TEST_STEP][PASSED] - if (debug): null

27-02-2025T17:23:57 - [TEST_STEP][PASSED] - if (toggle && myStatus && inList): null

27-02-2025T17:23:57 - [TEST_STEP][PASSED] - if (!(myStatus) && inList || myStatus && !(inList)): null

27-02-2025T17:23:57 - [TEST_STEP][PASSED] - myValue = element.getAttribute("value"): null

27-02-2025T17:23:57 - [TEST_STEP][PASSED] - if (debug): null

27-02-2025T17:23:57 - [TEST_STEP][PASSED] - if (myValue.length() >= 4): null

27-02-2025T17:23:57 - [TEST_STEP][PASSED] - if (myValue.substring(0, 4) == "(!) "): null

27-02-2025T17:23:57 - [TEST_STEP][PASSED] - myType = element.getAttribute("type"): null

27-02-2025T17:23:57 - [TEST_STEP][PASSED] - if (myValue in varParms[i]): null

27-02-2025T17:23:57 - [TEST_STEP][PASSED] - else: null

27-02-2025T17:23:57 - [TEST_STEP][PASSED] - inList = false: null

27-02-2025T17:23:57 - [TEST_STEP][PASSED] - if (myType == "checkbox"): null

27-02-2025T17:23:57 - [TEST_STEP][PASSED] - myStatus = element.isSelected(): null

27-02-2025T17:23:57 - [TEST_STEP][PASSED] - if (debug): null

27-02-2025T17:23:57 - [TEST_STEP][PASSED] - if (toggle && myStatus && inList): null

27-02-2025T17:23:57 - [TEST_STEP][PASSED] - if (!(myStatus) && inList || myStatus && !(inList)): null

27-02-2025T17:23:57 - [TEST_STEP][PASSED] - myValue = element.getAttribute("value"): null

27-02-2025T17:23:57 - [TEST_STEP][PASSED] - if (debug): null

27-02-2025T17:23:57 - [TEST_STEP][PASSED] - if (myValue.length() >= 4): null

27-02-2025T17:23:57 - [TEST_STEP][PASSED] - if (myValue.substring(0, 4) == "(!) "): null

27-02-2025T17:23:57 - [TEST_STEP][PASSED] - myType = element.getAttribute("type"): null

27-02-2025T17:23:57 - [TEST_STEP][PASSED] - if (myValue in varParms[i]): null

27-02-2025T17:23:57 - [TEST_STEP][PASSED] - else: null

27-02-2025T17:23:57 - [TEST_STEP][PASSED] - inList = false: null

27-02-2025T17:23:57 - [TEST_STEP][PASSED] - if (myType == "checkbox"): null

27-02-2025T17:23:57 - [TEST_STEP][PASSED] - myStatus = element.isSelected(): null

27-02-2025T17:23:57 - [TEST_STEP][PASSED] - if (debug): null

27-02-2025T17:23:57 - [TEST_STEP][PASSED] - if (toggle && myStatus && inList): null

27-02-2025T17:23:57 - [TEST_STEP][PASSED] - if (!(myStatus) && inList || myStatus && !(inList)): null

27-02-2025T17:23:57 - [TEST_STEP][PASSED] - myValue = element.getAttribute("value"): null

27-02-2025T17:23:57 - [TEST_STEP][PASSED] - if (debug): null

27-02-2025T17:23:57 - [TEST_STEP][PASSED] - if (myValue.length() >= 4): null

27-02-2025T17:23:57 - [TEST_STEP][PASSED] - if (myValue.substring(0, 4) == "(!) "): null

27-02-2025T17:23:57 - [TEST_STEP][PASSED] - myType = element.getAttribute("type"): null

27-02-2025T17:23:57 - [TEST_STEP][PASSED] - if (myValue in varParms[i]): null

27-02-2025T17:23:57 - [TEST_STEP][PASSED] - else: null

27-02-2025T17:23:57 - [TEST_STEP][PASSED] - inList = false: null

27-02-2025T17:23:57 - [TEST_STEP][PASSED] - if (myType == "checkbox"): null

27-02-2025T17:23:57 - [TEST_STEP][PASSED] - myStatus = element.isSelected(): null

27-02-2025T17:23:57 - [TEST_STEP][PASSED] - if (debug): null

27-02-2025T17:23:57 - [TEST_STEP][PASSED] - if (toggle && myStatus && inList): null

27-02-2025T17:23:57 - [TEST_STEP][PASSED] - if (!(myStatus) && inList || myStatus && !(inList)): null

27-02-2025T17:23:57 - [TEST_STEP][PASSED] - myValue = element.getAttribute("value"): null

27-02-2025T17:23:57 - [TEST_STEP][PASSED] - if (debug): null

27-02-2025T17:23:57 - [TEST_STEP][PASSED] - if (myValue.length() >= 4): null

27-02-2025T17:23:57 - [TEST_STEP][PASSED] - if (myValue.substring(0, 4) == "(!) "): null

27-02-2025T17:23:57 - [TEST_STEP][PASSED] - myType = element.getAttribute("type"): null

27-02-2025T17:23:57 - [TEST_STEP][PASSED] - if (myValue in varParms[i]): null

27-02-2025T17:23:57 - [TEST_STEP][PASSED] - else: null

27-02-2025T17:23:57 - [TEST_STEP][PASSED] - inList = false: null

27-02-2025T17:23:57 - [TEST_STEP][PASSED] - if (myType == "checkbox"): null

27-02-2025T17:23:57 - [TEST_STEP][PASSED] - myStatus = element.isSelected(): null

27-02-2025T17:23:57 - [TEST_STEP][PASSED] - if (debug): null

27-02-2025T17:23:57 - [TEST_STEP][PASSED] - if (toggle && myStatus && inList): null

27-02-2025T17:23:57 - [TEST_STEP][PASSED] - if (!(myStatus) && inList || myStatus && !(inList)): null

27-02-2025T17:23:57 - [TEST_STEP][PASSED] - myValue = element.getAttribute("value"): null

27-02-2025T17:23:57 - [TEST_STEP][PASSED] - if (debug): null

27-02-2025T17:23:57 - [TEST_STEP][PASSED] - if (myValue.length() >= 4): null

27-02-2025T17:23:57 - [TEST_STEP][PASSED] - if (myValue.substring(0, 4) == "(!) "): null

27-02-2025T17:23:57 - [TEST_STEP][PASSED] - myType = element.getAttribute("type"): null

27-02-2025T17:23:57 - [TEST_STEP][PASSED] - if (myValue in varParms[i]): null

27-02-2025T17:23:57 - [TEST_STEP][PASSED] - else: null

27-02-2025T17:23:57 - [TEST_STEP][PASSED] - inList = false: null

27-02-2025T17:23:57 - [TEST_STEP][PASSED] - if (myType == "checkbox"): null

27-02-2025T17:23:57 - [TEST_STEP][PASSED] - myStatus = element.isSelected(): null

27-02-2025T17:23:57 - [TEST_STEP][PASSED] - if (debug): null

27-02-2025T17:23:57 - [TEST_STEP][PASSED] - if (toggle && myStatus && inList): null

27-02-2025T17:23:57 - [TEST_STEP][PASSED] - if (!(myStatus) && inList || myStatus && !(inList)): null

27-02-2025T17:23:57 - [TEST_STEP][PASSED] - myValue = element.getAttribute("value"): null

27-02-2025T17:23:57 - [TEST_STEP][PASSED] - if (debug): null

27-02-2025T17:23:57 - [TEST_STEP][PASSED] - if (myValue.length() >= 4): null

27-02-2025T17:23:57 - [TEST_STEP][PASSED] - if (myValue.substring(0, 4) == "(!) "): null

27-02-2025T17:23:57 - [TEST_STEP][PASSED] - myType = element.getAttribute("type"): null

27-02-2025T17:23:57 - [TEST_STEP][PASSED] - if (myValue in varParms[i]): null

27-02-2025T17:23:57 - [TEST_STEP][PASSED] - else: null

27-02-2025T17:23:59 - [TEST_STEP][PASSED] - inList = false: null

27-02-2025T17:23:59 - [TEST_STEP][PASSED] - if (myType == "checkbox"): null

27-02-2025T17:23:59 - [TEST_STEP][PASSED] - myStatus = element.isSelected(): null

27-02-2025T17:23:59 - [TEST_STEP][PASSED] - if (debug): null

27-02-2025T17:23:59 - [TEST_STEP][PASSED] - if (toggle && myStatus && inList): null

27-02-2025T17:23:59 - [TEST_STEP][PASSED] - if (!(myStatus) && inList || myStatus && !(inList)): null

27-02-2025T17:23:59 - [TEST_STEP][PASSED] - myValue = element.getAttribute("value"): null

27-02-2025T17:23:59 - [TEST_STEP][PASSED] - if (debug): null

27-02-2025T17:23:59 - [TEST_STEP][PASSED] - if (myValue.length() >= 4): null

27-02-2025T17:23:59 - [TEST_STEP][PASSED] - if (myValue.substring(0, 4) == "(!) "): null

27-02-2025T17:23:59 - [TEST_STEP][PASSED] - myType = element.getAttribute("type"): null

27-02-2025T17:23:59 - [TEST_STEP][PASSED] - if (myValue in varParms[i]): null

27-02-2025T17:23:59 - [TEST_STEP][PASSED] - else: null

27-02-2025T17:23:59 - [TEST_STEP][PASSED] - inList = false: null

27-02-2025T17:23:59 - [TEST_STEP][PASSED] - if (myType == "checkbox"): null

27-02-2025T17:23:59 - [TEST_STEP][PASSED] - myStatus = element.isSelected(): null

27-02-2025T17:23:59 - [TEST_STEP][PASSED] - if (debug): null

27-02-2025T17:23:59 - [TEST_STEP][PASSED] - if (toggle && myStatus && inList): null

27-02-2025T17:23:59 - [TEST_STEP][PASSED] - if (!(myStatus) && inList || myStatus && !(inList)): null

27-02-2025T17:23:59 - [TEST_STEP][PASSED] - myValue = element.getAttribute("value"): null

27-02-2025T17:23:59 - [TEST_STEP][PASSED] - if (debug): null

27-02-2025T17:23:59 - [TEST_STEP][PASSED] - if (myValue.length() >= 4): null

27-02-2025T17:23:59 - [TEST_STEP][PASSED] - if (myValue.substring(0, 4) == "(!) "): null

27-02-2025T17:23:59 - [TEST_STEP][PASSED] - myType = element.getAttribute("type"): null

27-02-2025T17:23:59 - [TEST_STEP][PASSED] - if (myValue in varParms[i]): null

27-02-2025T17:23:59 - [TEST_STEP][PASSED] - else: null

27-02-2025T17:23:59 - [TEST_STEP][PASSED] - inList = false: null

27-02-2025T17:23:59 - [TEST_STEP][PASSED] - if (myType == "checkbox"): null

27-02-2025T17:23:59 - [TEST_STEP][PASSED] - myStatus = element.isSelected(): null

27-02-2025T17:23:59 - [TEST_STEP][PASSED] - if (debug): null

27-02-2025T17:23:59 - [TEST_STEP][PASSED] - if (toggle && myStatus && inList): null

27-02-2025T17:23:59 - [TEST_STEP][PASSED] - if (!(myStatus) && inList || myStatus && !(inList)): null

27-02-2025T17:23:59 - [TEST_STEP][PASSED] - myValue = element.getAttribute("value"): null

27-02-2025T17:23:59 - [TEST_STEP][PASSED] - if (debug): null

27-02-2025T17:23:59 - [TEST_STEP][PASSED] - if (myValue.length() >= 4): null

27-02-2025T17:23:59 - [TEST_STEP][PASSED] - if (myValue.substring(0, 4) == "(!) "): null

27-02-2025T17:23:59 - [TEST_STEP][PASSED] - myType = element.getAttribute("type"): null

27-02-2025T17:23:59 - [TEST_STEP][PASSED] - if (myValue in varParms[i]): null

27-02-2025T17:23:59 - [TEST_STEP][PASSED] - else: null

27-02-2025T17:23:59 - [TEST_STEP][PASSED] - inList = false: null

27-02-2025T17:23:59 - [TEST_STEP][PASSED] - if (myType == "checkbox"): null

27-02-2025T17:23:59 - [TEST_STEP][PASSED] - myStatus = element.isSelected(): null

27-02-2025T17:23:59 - [TEST_STEP][PASSED] - if (debug): null

27-02-2025T17:23:59 - [TEST_STEP][PASSED] - if (toggle && myStatus && inList): null

27-02-2025T17:23:59 - [TEST_STEP][PASSED] - if (!(myStatus) && inList || myStatus && !(inList)): null

27-02-2025T17:23:59 - [TEST_STEP][PASSED] - myValue = element.getAttribute("value"): null

27-02-2025T17:23:59 - [TEST_STEP][PASSED] - if (debug): null

27-02-2025T17:23:59 - [TEST_STEP][PASSED] - if (myValue.length() >= 4): null

27-02-2025T17:23:59 - [TEST_STEP][PASSED] - if (myValue.substring(0, 4) == "(!) "): null

27-02-2025T17:23:59 - [TEST_STEP][PASSED] - myType = element.getAttribute("type"): null

27-02-2025T17:23:59 - [TEST_STEP][PASSED] - if (myValue in varParms[i]): null

27-02-2025T17:23:59 - [TEST_STEP][PASSED] - else: null

27-02-2025T17:23:59 - [TEST_STEP][PASSED] - inList = false: null

27-02-2025T17:23:59 - [TEST_STEP][PASSED] - if (myType == "checkbox"): null

27-02-2025T17:23:59 - [TEST_STEP][PASSED] - myStatus = element.isSelected(): null

27-02-2025T17:23:59 - [TEST_STEP][PASSED] - if (debug): null

27-02-2025T17:23:59 - [TEST_STEP][PASSED] - if (toggle && myStatus && inList): null

27-02-2025T17:23:59 - [TEST_STEP][PASSED] - if (!(myStatus) && inList || myStatus && !(inList)): null

27-02-2025T17:23:59 - [TEST_STEP][PASSED] - myValue = element.getAttribute("value"): null

27-02-2025T17:23:59 - [TEST_STEP][PASSED] - if (debug): null

27-02-2025T17:23:59 - [TEST_STEP][PASSED] - if (myValue.length() >= 4): null

27-02-2025T17:23:59 - [TEST_STEP][PASSED] - if (myValue.substring(0, 4) == "(!) "): null

27-02-2025T17:23:59 - [TEST_STEP][PASSED] - myType = element.getAttribute("type"): null

27-02-2025T17:23:59 - [TEST_STEP][PASSED] - if (myValue in varParms[i]): null

27-02-2025T17:23:59 - [TEST_STEP][PASSED] - else: null

27-02-2025T17:23:59 - [TEST_STEP][PASSED] - inList = false: null

27-02-2025T17:23:59 - [TEST_STEP][PASSED] - if (myType == "checkbox"): null

27-02-2025T17:23:59 - [TEST_STEP][PASSED] - myStatus = element.isSelected(): null

27-02-2025T17:23:59 - [TEST_STEP][PASSED] - if (debug): null

27-02-2025T17:23:59 - [TEST_STEP][PASSED] - if (toggle && myStatus && inList): null

27-02-2025T17:23:59 - [TEST_STEP][PASSED] - if (!(myStatus) && inList || myStatus && !(inList)): null

27-02-2025T17:23:59 - [TEST_STEP][PASSED] - myValue = element.getAttribute("value"): null

27-02-2025T17:23:59 - [TEST_STEP][PASSED] - if (debug): null

27-02-2025T17:23:59 - [TEST_STEP][PASSED] - if (myValue.length() >= 4): null

27-02-2025T17:23:59 - [TEST_STEP][PASSED] - if (myValue.substring(0, 4) == "(!) "): null

27-02-2025T17:23:59 - [TEST_STEP][PASSED] - myType = element.getAttribute("type"): null

27-02-2025T17:23:59 - [TEST_STEP][PASSED] - if (myValue in varParms[i]): null

27-02-2025T17:23:59 - [TEST_STEP][PASSED] - inList = true: null

27-02-2025T17:23:59 - [TEST_STEP][PASSED] - if (myType == "checkbox"): null

27-02-2025T17:23:59 - [TEST_STEP][PASSED] - myStatus = element.isSelected(): null

27-02-2025T17:23:59 - [TEST_STEP][PASSED] - if (debug): null

27-02-2025T17:23:59 - [TEST_STEP][PASSED] - if (toggle && myStatus && inList): null

27-02-2025T17:23:59 - [TEST_STEP][PASSED] - if (!(myStatus) && inList || myStatus && !(inList)): null

27-02-2025T17:23:59 - [TEST_STEP][PASSED] - if (debug): null

27-02-2025T17:23:59 - [TEST_STEP][PASSED] - println("Clicking " + myValue): null

27-02-2025T17:23:59 - [TEST_STEP][PASSED] - click(element): null

27-02-2025T17:23:59 - [TEST_STEP][PASSED] - scrollToObject(elem): null

27-02-2025T17:23:59 - [TEST_STEP][PASSED] - loc = element.getLocation(): null

27-02-2025T17:23:59 - [TEST_STEP][PASSED] - if (debug): null

27-02-2025T17:23:59 - [TEST_STEP][PASSED] - y = loc.getY(): null

27-02-2025T17:23:59 - [TEST_STEP][PASSED] - println("Y location is " + y): null

27-02-2025T17:23:59 - [TEST_STEP][PASSED] - top = getViewportTopPosition(): Current viewport's top (y) position is 1444

27-02-2025T17:23:59 - [MESSAGE][PASSED] - Current viewport's top (y) position is 1444

27-02-2025T17:23:59 - [TEST_STEP][PASSED] - println("Viewport top is " + top): null

27-02-2025T17:23:59 - [TEST_STEP][PASSED] - bottom = top + 600: null

27-02-2025T17:23:59 - [TEST_STEP][PASSED] - if (y - top < 150 || bottom - y < 10): Delayed 1 second(s)

27-02-2025T17:23:59 - [TEST_STEP][PASSED] - scrollToPosition(0, y - 150): Browser is scrolled to position x = 0, y = 2186

27-02-2025T17:23:59 - [MESSAGE][PASSED] - Browser is scrolled to position x = 0, y = 2186

27-02-2025T17:23:59 - [TEST_STEP][PASSED] - delay(1): Delayed 1 second(s)

27-02-2025T17:24:00 - [MESSAGE][PASSED] - Delayed 1 second(s)

27-02-2025T17:24:00 - [TEST_STEP][PASSED] - elem.click(): null

27-02-2025T17:24:01 - [TEST_STEP][PASSED] - myValue = element.getAttribute("value"): null

27-02-2025T17:24:01 - [TEST_STEP][PASSED] - if (debug): null

27-02-2025T17:24:01 - [TEST_STEP][PASSED] - if (myValue.length() >= 4): null

27-02-2025T17:24:01 - [TEST_STEP][PASSED] - if (myValue.substring(0, 4) == "(!) "): null

27-02-2025T17:24:01 - [TEST_STEP][PASSED] - myType = element.getAttribute("type"): null

27-02-2025T17:24:01 - [TEST_STEP][PASSED] - if (myValue in varParms[i]): null

27-02-2025T17:24:01 - [TEST_STEP][PASSED] - else: null

27-02-2025T17:24:01 - [TEST_STEP][PASSED] - inList = false: null

27-02-2025T17:24:01 - [TEST_STEP][PASSED] - if (myType == "checkbox"): null

27-02-2025T17:24:01 - [TEST_STEP][PASSED] - myStatus = element.isSelected(): null

27-02-2025T17:24:01 - [TEST_STEP][PASSED] - if (debug): null

27-02-2025T17:24:01 - [TEST_STEP][PASSED] - if (toggle && myStatus && inList): null

27-02-2025T17:24:01 - [TEST_STEP][PASSED] - if (!(myStatus) && inList || myStatus && !(inList)): null

27-02-2025T17:24:01 - [TEST_STEP][PASSED] - myValue = element.getAttribute("value"): null

27-02-2025T17:24:01 - [TEST_STEP][PASSED] - if (debug): null

27-02-2025T17:24:01 - [TEST_STEP][PASSED] - if (myValue.length() >= 4): null

27-02-2025T17:24:01 - [TEST_STEP][PASSED] - if (myValue.substring(0, 4) == "(!) "): null

27-02-2025T17:24:01 - [TEST_STEP][PASSED] - myType = element.getAttribute("type"): null

27-02-2025T17:24:01 - [TEST_STEP][PASSED] - if (myValue in varParms[i]): null

27-02-2025T17:24:01 - [TEST_STEP][PASSED] - else: null

27-02-2025T17:24:01 - [TEST_STEP][PASSED] - inList = false: null

27-02-2025T17:24:01 - [TEST_STEP][PASSED] - if (myType == "checkbox"): null

27-02-2025T17:24:01 - [TEST_STEP][PASSED] - myStatus = element.isSelected(): null

27-02-2025T17:24:01 - [TEST_STEP][PASSED] - if (debug): null

27-02-2025T17:24:01 - [TEST_STEP][PASSED] - if (toggle && myStatus && inList): null

27-02-2025T17:24:01 - [TEST_STEP][PASSED] - if (!(myStatus) && inList || myStatus && !(inList)): null

27-02-2025T17:24:01 - [TEST_STEP][PASSED] - myValue = element.getAttribute("value"): null

27-02-2025T17:24:01 - [TEST_STEP][PASSED] - if (debug): null

27-02-2025T17:24:01 - [TEST_STEP][PASSED] - if (myValue.length() >= 4): null

27-02-2025T17:24:01 - [TEST_STEP][PASSED] - if (myValue.substring(0, 4) == "(!) "): null

27-02-2025T17:24:01 - [TEST_STEP][PASSED] - myType = element.getAttribute("type"): null

27-02-2025T17:24:01 - [TEST_STEP][PASSED] - if (myValue in varParms[i]): null

27-02-2025T17:24:01 - [TEST_STEP][PASSED] - else: null

27-02-2025T17:24:01 - [TEST_STEP][PASSED] - inList = false: null

27-02-2025T17:24:01 - [TEST_STEP][PASSED] - if (myType == "checkbox"): null

27-02-2025T17:24:01 - [TEST_STEP][PASSED] - myStatus = element.isSelected(): null

27-02-2025T17:24:01 - [TEST_STEP][PASSED] - if (debug): null

27-02-2025T17:24:01 - [TEST_STEP][PASSED] - if (toggle && myStatus && inList): null

27-02-2025T17:24:01 - [TEST_STEP][PASSED] - if (!(myStatus) && inList || myStatus && !(inList)): null

27-02-2025T17:24:01 - [TEST_STEP][PASSED] - myValue = element.getAttribute("value"): null

27-02-2025T17:24:01 - [TEST_STEP][PASSED] - if (debug): null

27-02-2025T17:24:01 - [TEST_STEP][PASSED] - if (myValue.length() >= 4): null

27-02-2025T17:24:01 - [TEST_STEP][PASSED] - if (myValue.substring(0, 4) == "(!) "): null

27-02-2025T17:24:01 - [TEST_STEP][PASSED] - myType = element.getAttribute("type"): null

27-02-2025T17:24:01 - [TEST_STEP][PASSED] - if (myValue in varParms[i]): null

27-02-2025T17:24:01 - [TEST_STEP][PASSED] - else: null

27-02-2025T17:24:01 - [TEST_STEP][PASSED] - inList = false: null

27-02-2025T17:24:01 - [TEST_STEP][PASSED] - if (myType == "checkbox"): null

27-02-2025T17:24:01 - [TEST_STEP][PASSED] - myStatus = element.isSelected(): null

27-02-2025T17:24:01 - [TEST_STEP][PASSED] - if (debug): null

27-02-2025T17:24:01 - [TEST_STEP][PASSED] - if (toggle && myStatus && inList): null

27-02-2025T17:24:01 - [TEST_STEP][PASSED] - if (!(myStatus) && inList || myStatus && !(inList)): null

27-02-2025T17:24:01 - [TEST_STEP][PASSED] - myValue = element.getAttribute("value"): null

27-02-2025T17:24:01 - [TEST_STEP][PASSED] - if (debug): null

27-02-2025T17:24:01 - [TEST_STEP][PASSED] - if (myValue.length() >= 4): null

27-02-2025T17:24:01 - [TEST_STEP][PASSED] - if (myValue.substring(0, 4) == "(!) "): null

27-02-2025T17:24:01 - [TEST_STEP][PASSED] - myType = element.getAttribute("type"): null

27-02-2025T17:24:01 - [TEST_STEP][PASSED] - if (myValue in varParms[i]): null

27-02-2025T17:24:01 - [TEST_STEP][PASSED] - else: null

27-02-2025T17:24:01 - [TEST_STEP][PASSED] - inList = false: null

27-02-2025T17:24:01 - [TEST_STEP][PASSED] - if (myType == "checkbox"): null

27-02-2025T17:24:01 - [TEST_STEP][PASSED] - myStatus = element.isSelected(): null

27-02-2025T17:24:01 - [TEST_STEP][PASSED] - if (debug): null

27-02-2025T17:24:01 - [TEST_STEP][PASSED] - if (toggle && myStatus && inList): null

27-02-2025T17:24:01 - [TEST_STEP][PASSED] - if (!(myStatus) && inList || myStatus && !(inList)): null

27-02-2025T17:24:01 - [TEST_STEP][PASSED] - myValue = element.getAttribute("value"): null

27-02-2025T17:24:01 - [TEST_STEP][PASSED] - if (debug): null

27-02-2025T17:24:01 - [TEST_STEP][PASSED] - if (myValue.length() >= 4): null

27-02-2025T17:24:01 - [TEST_STEP][PASSED] - if (myValue.substring(0, 4) == "(!) "): null

27-02-2025T17:24:01 - [TEST_STEP][PASSED] - myType = element.getAttribute("type"): null

27-02-2025T17:24:01 - [TEST_STEP][PASSED] - if (myValue in varParms[i]): null

27-02-2025T17:24:01 - [TEST_STEP][PASSED] - inList = true: null

27-02-2025T17:24:01 - [TEST_STEP][PASSED] - if (myType == "checkbox"): null

27-02-2025T17:24:01 - [TEST_STEP][PASSED] - myStatus = element.isSelected(): null

27-02-2025T17:24:01 - [TEST_STEP][PASSED] - if (debug): null

27-02-2025T17:24:01 - [TEST_STEP][PASSED] - if (toggle && myStatus && inList): null

27-02-2025T17:24:01 - [TEST_STEP][PASSED] - if (!(myStatus) && inList || myStatus && !(inList)): null

27-02-2025T17:24:01 - [TEST_STEP][PASSED] - if (debug): null

27-02-2025T17:24:01 - [TEST_STEP][PASSED] - println("Clicking " + myValue): null

27-02-2025T17:24:01 - [TEST_STEP][PASSED] - click(element): null

27-02-2025T17:24:01 - [TEST_STEP][PASSED] - scrollToObject(elem): null

27-02-2025T17:24:01 - [TEST_STEP][PASSED] - loc = element.getLocation(): null

27-02-2025T17:24:01 - [TEST_STEP][PASSED] - if (debug): null

27-02-2025T17:24:01 - [TEST_STEP][PASSED] - y = loc.getY(): null

27-02-2025T17:24:01 - [TEST_STEP][PASSED] - println("Y location is " + y): null

27-02-2025T17:24:01 - [TEST_STEP][PASSED] - top = getViewportTopPosition(): Current viewport's top (y) position is 2186

27-02-2025T17:24:01 - [MESSAGE][PASSED] - Current viewport's top (y) position is 2186

27-02-2025T17:24:01 - [TEST_STEP][PASSED] - println("Viewport top is " + top): null

27-02-2025T17:24:01 - [TEST_STEP][PASSED] - bottom = top + 600: null

27-02-2025T17:24:01 - [TEST_STEP][PASSED] - if (y - top < 150 || bottom - y < 10): null

27-02-2025T17:24:01 - [TEST_STEP][PASSED] - elem.click(): null

27-02-2025T17:24:01 - [TEST_STEP][PASSED] - myValue = element.getAttribute("value"): null

27-02-2025T17:24:01 - [TEST_STEP][PASSED] - if (debug): null

27-02-2025T17:24:01 - [TEST_STEP][PASSED] - if (myValue.length() >= 4): null

27-02-2025T17:24:01 - [TEST_STEP][PASSED] - if (myValue.substring(0, 4) == "(!) "): null

27-02-2025T17:24:01 - [TEST_STEP][PASSED] - myType = element.getAttribute("type"): null

27-02-2025T17:24:01 - [TEST_STEP][PASSED] - if (myValue in varParms[i]): null

27-02-2025T17:24:01 - [TEST_STEP][PASSED] - else: null

27-02-2025T17:24:01 - [TEST_STEP][PASSED] - inList = false: null

27-02-2025T17:24:01 - [TEST_STEP][PASSED] - if (myType == "checkbox"): null

27-02-2025T17:24:01 - [TEST_STEP][PASSED] - myStatus = element.isSelected(): null

27-02-2025T17:24:01 - [TEST_STEP][PASSED] - if (debug): null

27-02-2025T17:24:01 - [TEST_STEP][PASSED] - if (toggle && myStatus && inList): null

27-02-2025T17:24:01 - [TEST_STEP][PASSED] - if (!(myStatus) && inList || myStatus && !(inList)): null

27-02-2025T17:24:01 - [TEST_STEP][PASSED] - myValue = element.getAttribute("value"): null

27-02-2025T17:24:01 - [TEST_STEP][PASSED] - if (debug): null

27-02-2025T17:24:01 - [TEST_STEP][PASSED] - if (myValue.length() >= 4): null

27-02-2025T17:24:01 - [TEST_STEP][PASSED] - if (myValue.substring(0, 4) == "(!) "): null

27-02-2025T17:24:01 - [TEST_STEP][PASSED] - myType = element.getAttribute("type"): null

27-02-2025T17:24:01 - [TEST_STEP][PASSED] - if (myValue in varParms[i]): null

27-02-2025T17:24:01 - [TEST_STEP][PASSED] - else: null

27-02-2025T17:24:01 - [TEST_STEP][PASSED] - inList = false: null

27-02-2025T17:24:01 - [TEST_STEP][PASSED] - if (myType == "checkbox"): null

27-02-2025T17:24:01 - [TEST_STEP][PASSED] - myStatus = element.isSelected(): null

27-02-2025T17:24:01 - [TEST_STEP][PASSED] - if (debug): null

27-02-2025T17:24:01 - [TEST_STEP][PASSED] - if (toggle && myStatus && inList): null

27-02-2025T17:24:01 - [TEST_STEP][PASSED] - if (!(myStatus) && inList || myStatus && !(inList)): null

27-02-2025T17:24:01 - [TEST_STEP][PASSED] - myValue = element.getAttribute("value"): null

27-02-2025T17:24:01 - [TEST_STEP][PASSED] - if (debug): null

27-02-2025T17:24:01 - [TEST_STEP][PASSED] - if (myValue.length() >= 4): null

27-02-2025T17:24:01 - [TEST_STEP][PASSED] - if (myValue.substring(0, 4) == "(!) "): null

27-02-2025T17:24:01 - [TEST_STEP][PASSED] - myType = element.getAttribute("type"): null

27-02-2025T17:24:01 - [TEST_STEP][PASSED] - if (myValue in varParms[i]): null

27-02-2025T17:24:01 - [TEST_STEP][PASSED] - else: null

27-02-2025T17:24:01 - [TEST_STEP][PASSED] - inList = false: null

27-02-2025T17:24:01 - [TEST_STEP][PASSED] - if (myType == "checkbox"): null

27-02-2025T17:24:01 - [TEST_STEP][PASSED] - myStatus = element.isSelected(): null

27-02-2025T17:24:01 - [TEST_STEP][PASSED] - if (debug): null

27-02-2025T17:24:01 - [TEST_STEP][PASSED] - if (toggle && myStatus && inList): null

27-02-2025T17:24:01 - [TEST_STEP][PASSED] - if (!(myStatus) && inList || myStatus && !(inList)): null

27-02-2025T17:24:01 - [TEST_STEP][PASSED] - myValue = element.getAttribute("value"): null

27-02-2025T17:24:01 - [TEST_STEP][PASSED] - if (debug): null

27-02-2025T17:24:01 - [TEST_STEP][PASSED] - if (myValue.length() >= 4): null

27-02-2025T17:24:01 - [TEST_STEP][PASSED] - if (myValue.substring(0, 4) == "(!) "): null

27-02-2025T17:24:01 - [TEST_STEP][PASSED] - myType = element.getAttribute("type"): null

27-02-2025T17:24:01 - [TEST_STEP][PASSED] - if (myValue in varParms[i]): null

27-02-2025T17:24:01 - [TEST_STEP][PASSED] - else: null

27-02-2025T17:24:01 - [TEST_STEP][PASSED] - inList = false: null

27-02-2025T17:24:01 - [TEST_STEP][PASSED] - if (myType == "checkbox"): null

27-02-2025T17:24:01 - [TEST_STEP][PASSED] - myStatus = element.isSelected(): null

27-02-2025T17:24:01 - [TEST_STEP][PASSED] - if (debug): null

27-02-2025T17:24:01 - [TEST_STEP][PASSED] - if (toggle && myStatus && inList): null

27-02-2025T17:24:01 - [TEST_STEP][PASSED] - if (!(myStatus) && inList || myStatus && !(inList)): null

27-02-2025T17:24:01 - [TEST_STEP][PASSED] - myValue = element.getAttribute("value"): null

27-02-2025T17:24:01 - [TEST_STEP][PASSED] - if (debug): null

27-02-2025T17:24:01 - [TEST_STEP][PASSED] - if (myValue.length() >= 4): null

27-02-2025T17:24:01 - [TEST_STEP][PASSED] - if (myValue.substring(0, 4) == "(!) "): null

27-02-2025T17:24:01 - [TEST_STEP][PASSED] - myType = element.getAttribute("type"): null

27-02-2025T17:24:01 - [TEST_STEP][PASSED] - if (myValue in varParms[i]): null

27-02-2025T17:24:01 - [TEST_STEP][PASSED] - else: null

27-02-2025T17:24:01 - [TEST_STEP][PASSED] - inList = false: null

27-02-2025T17:24:01 - [TEST_STEP][PASSED] - if (myType == "checkbox"): null

27-02-2025T17:24:01 - [TEST_STEP][PASSED] - myStatus = element.isSelected(): null

27-02-2025T17:24:01 - [TEST_STEP][PASSED] - if (debug): null

27-02-2025T17:24:01 - [TEST_STEP][PASSED] - if (toggle && myStatus && inList): null

27-02-2025T17:24:01 - [TEST_STEP][PASSED] - if (!(myStatus) && inList || myStatus && !(inList)): null

27-02-2025T17:24:01 - [TEST_STEP][PASSED] - myValue = element.getAttribute("value"): null

27-02-2025T17:24:01 - [TEST_STEP][PASSED] - if (debug): null

27-02-2025T17:24:01 - [TEST_STEP][PASSED] - if (myValue.length() >= 4): null

27-02-2025T17:24:01 - [TEST_STEP][PASSED] - if (myValue.substring(0, 4) == "(!) "): null

27-02-2025T17:24:01 - [TEST_STEP][PASSED] - myType = element.getAttribute("type"): null

27-02-2025T17:24:01 - [TEST_STEP][PASSED] - if (myValue in varParms[i]): null

27-02-2025T17:24:01 - [TEST_STEP][PASSED] - else: null

27-02-2025T17:24:01 - [TEST_STEP][PASSED] - inList = false: null

27-02-2025T17:24:01 - [TEST_STEP][PASSED] - if (myType == "checkbox"): null

27-02-2025T17:24:01 - [TEST_STEP][PASSED] - myStatus = element.isSelected(): null

27-02-2025T17:24:01 - [TEST_STEP][PASSED] - if (debug): null

27-02-2025T17:24:01 - [TEST_STEP][PASSED] - if (toggle && myStatus && inList): null

27-02-2025T17:24:01 - [TEST_STEP][PASSED] - if (!(myStatus) && inList || myStatus && !(inList)): null

27-02-2025T17:24:01 - [TEST_STEP][PASSED] - myValue = element.getAttribute("value"): null

27-02-2025T17:24:01 - [TEST_STEP][PASSED] - if (debug): null

27-02-2025T17:24:01 - [TEST_STEP][PASSED] - if (myValue.length() >= 4): null

27-02-2025T17:24:01 - [TEST_STEP][PASSED] - if (myValue.substring(0, 4) == "(!) "): null

27-02-2025T17:24:01 - [TEST_STEP][PASSED] - myType = element.getAttribute("type"): null

27-02-2025T17:24:01 - [TEST_STEP][PASSED] - if (myValue in varParms[i]): null

27-02-2025T17:24:01 - [TEST_STEP][PASSED] - else: null

27-02-2025T17:24:01 - [TEST_STEP][PASSED] - inList = false: null

27-02-2025T17:24:01 - [TEST_STEP][PASSED] - if (myType == "checkbox"): null

27-02-2025T17:24:01 - [TEST_STEP][PASSED] - myStatus = element.isSelected(): null

27-02-2025T17:24:01 - [TEST_STEP][PASSED] - if (debug): null

27-02-2025T17:24:01 - [TEST_STEP][PASSED] - if (toggle && myStatus && inList): null

27-02-2025T17:24:03 - [TEST_STEP][PASSED] - if (!(myStatus) && inList || myStatus && !(inList)): null

27-02-2025T17:24:03 - [TEST_STEP][PASSED] - myValue = element.getAttribute("value"): null

27-02-2025T17:24:03 - [TEST_STEP][PASSED] - if (debug): null

27-02-2025T17:24:03 - [TEST_STEP][PASSED] - if (myValue.length() >= 4): null

27-02-2025T17:24:03 - [TEST_STEP][PASSED] - if (myValue.substring(0, 4) == "(!) "): null

27-02-2025T17:24:03 - [TEST_STEP][PASSED] - myType = element.getAttribute("type"): null

27-02-2025T17:24:03 - [TEST_STEP][PASSED] - if (myValue in varParms[i]): null

27-02-2025T17:24:03 - [TEST_STEP][PASSED] - else: null

27-02-2025T17:24:03 - [TEST_STEP][PASSED] - inList = false: null

27-02-2025T17:24:03 - [TEST_STEP][PASSED] - if (myType == "checkbox"): null

27-02-2025T17:24:03 - [TEST_STEP][PASSED] - myStatus = element.isSelected(): null

27-02-2025T17:24:03 - [TEST_STEP][PASSED] - if (debug): null

27-02-2025T17:24:03 - [TEST_STEP][PASSED] - if (toggle && myStatus && inList): null

27-02-2025T17:24:03 - [TEST_STEP][PASSED] - if (!(myStatus) && inList || myStatus && !(inList)): null

27-02-2025T17:24:03 - [TEST_STEP][PASSED] - myValue = element.getAttribute("value"): null

27-02-2025T17:24:03 - [TEST_STEP][PASSED] - if (debug): null

27-02-2025T17:24:03 - [TEST_STEP][PASSED] - if (myValue.length() >= 4): null

27-02-2025T17:24:03 - [TEST_STEP][PASSED] - if (myValue.substring(0, 4) == "(!) "): null

27-02-2025T17:24:03 - [TEST_STEP][PASSED] - myType = element.getAttribute("type"): null

27-02-2025T17:24:03 - [TEST_STEP][PASSED] - if (myValue in varParms[i]): null

27-02-2025T17:24:03 - [TEST_STEP][PASSED] - else: null

27-02-2025T17:24:03 - [TEST_STEP][PASSED] - inList = false: null

27-02-2025T17:24:03 - [TEST_STEP][PASSED] - if (myType == "checkbox"): null

27-02-2025T17:24:03 - [TEST_STEP][PASSED] - myStatus = element.isSelected(): null

27-02-2025T17:24:03 - [TEST_STEP][PASSED] - if (debug): null

27-02-2025T17:24:03 - [TEST_STEP][PASSED] - if (toggle && myStatus && inList): null

27-02-2025T17:24:03 - [TEST_STEP][PASSED] - if (!(myStatus) && inList || myStatus && !(inList)): null

27-02-2025T17:24:03 - [TEST_STEP][PASSED] - myValue = element.getAttribute("value"): null

27-02-2025T17:24:03 - [TEST_STEP][PASSED] - if (debug): null

27-02-2025T17:24:03 - [TEST_STEP][PASSED] - if (myValue.length() >= 4): null

27-02-2025T17:24:03 - [TEST_STEP][PASSED] - if (myValue.substring(0, 4) == "(!) "): null

27-02-2025T17:24:03 - [TEST_STEP][PASSED] - myType = element.getAttribute("type"): null

27-02-2025T17:24:03 - [TEST_STEP][PASSED] - if (myValue in varParms[i]): null

27-02-2025T17:24:03 - [TEST_STEP][PASSED] - else: null

27-02-2025T17:24:03 - [TEST_STEP][PASSED] - inList = false: null

27-02-2025T17:24:03 - [TEST_STEP][PASSED] - if (myType == "checkbox"): null

27-02-2025T17:24:03 - [TEST_STEP][PASSED] - myStatus = element.isSelected(): null

27-02-2025T17:24:03 - [TEST_STEP][PASSED] - if (debug): null

27-02-2025T17:24:03 - [TEST_STEP][PASSED] - if (toggle && myStatus && inList): null

27-02-2025T17:24:03 - [TEST_STEP][PASSED] - if (!(myStatus) && inList || myStatus && !(inList)): null

27-02-2025T17:24:03 - [TEST_STEP][PASSED] - myValue = element.getAttribute("value"): null

27-02-2025T17:24:03 - [TEST_STEP][PASSED] - if (debug): null

27-02-2025T17:24:03 - [TEST_STEP][PASSED] - if (myValue.length() >= 4): null

27-02-2025T17:24:03 - [TEST_STEP][PASSED] - if (myValue.substring(0, 4) == "(!) "): null

27-02-2025T17:24:03 - [TEST_STEP][PASSED] - myType = element.getAttribute("type"): null

27-02-2025T17:24:03 - [TEST_STEP][PASSED] - if (myValue in varParms[i]): null

27-02-2025T17:24:03 - [TEST_STEP][PASSED] - else: null

27-02-2025T17:24:03 - [TEST_STEP][PASSED] - inList = false: null

27-02-2025T17:24:03 - [TEST_STEP][PASSED] - if (myType == "checkbox"): null

27-02-2025T17:24:03 - [TEST_STEP][PASSED] - myStatus = element.isSelected(): null

27-02-2025T17:24:03 - [TEST_STEP][PASSED] - if (debug): null

27-02-2025T17:24:03 - [TEST_STEP][PASSED] - if (toggle && myStatus && inList): null

27-02-2025T17:24:03 - [TEST_STEP][PASSED] - if (!(myStatus) && inList || myStatus && !(inList)): null

27-02-2025T17:24:03 - [TEST_STEP][PASSED] - myValue = element.getAttribute("value"): null

27-02-2025T17:24:03 - [TEST_STEP][PASSED] - if (debug): null

27-02-2025T17:24:03 - [TEST_STEP][PASSED] - if (myValue.length() >= 4): null

27-02-2025T17:24:03 - [TEST_STEP][PASSED] - myType = element.getAttribute("type"): null

27-02-2025T17:24:03 - [TEST_STEP][PASSED] - if (myValue in varParms[i]): null

27-02-2025T17:24:03 - [TEST_STEP][PASSED] - else: null

27-02-2025T17:24:03 - [TEST_STEP][PASSED] - inList = false: null

27-02-2025T17:24:03 - [TEST_STEP][PASSED] - if (myType == "checkbox"): null

27-02-2025T17:24:03 - [TEST_STEP][PASSED] - myStatus = element.isSelected(): null

27-02-2025T17:24:03 - [TEST_STEP][PASSED] - if (debug): null

27-02-2025T17:24:03 - [TEST_STEP][PASSED] - if (toggle && myStatus && inList): null

27-02-2025T17:24:03 - [TEST_STEP][PASSED] - if (!(myStatus) && inList || myStatus && !(inList)): null

27-02-2025T17:24:03 - [TEST_STEP][PASSED] - myValue = element.getAttribute("value"): null

27-02-2025T17:24:03 - [TEST_STEP][PASSED] - if (debug): null

27-02-2025T17:24:03 - [TEST_STEP][PASSED] - if (myValue.length() >= 4): null

27-02-2025T17:24:03 - [TEST_STEP][PASSED] - if (myValue.substring(0, 4) == "(!) "): null

27-02-2025T17:24:03 - [TEST_STEP][PASSED] - myType = element.getAttribute("type"): null

27-02-2025T17:24:03 - [TEST_STEP][PASSED] - if (myValue in varParms[i]): null

27-02-2025T17:24:03 - [TEST_STEP][PASSED] - else: null

27-02-2025T17:24:03 - [TEST_STEP][PASSED] - inList = false: null

27-02-2025T17:24:03 - [TEST_STEP][PASSED] - if (myType == "checkbox"): null

27-02-2025T17:24:03 - [TEST_STEP][PASSED] - myStatus = element.isSelected(): null

27-02-2025T17:24:03 - [TEST_STEP][PASSED] - if (debug): null

27-02-2025T17:24:03 - [TEST_STEP][PASSED] - if (toggle && myStatus && inList): null

27-02-2025T17:24:03 - [TEST_STEP][PASSED] - if (!(myStatus) && inList || myStatus && !(inList)): null

27-02-2025T17:24:03 - [TEST_STEP][PASSED] - myValue = element.getAttribute("value"): null

27-02-2025T17:24:03 - [TEST_STEP][PASSED] - if (debug): null

27-02-2025T17:24:03 - [TEST_STEP][PASSED] - if (myValue.length() >= 4): null

27-02-2025T17:24:03 - [TEST_STEP][PASSED] - if (myValue.substring(0, 4) == "(!) "): null

27-02-2025T17:24:03 - [TEST_STEP][PASSED] - myType = element.getAttribute("type"): null

27-02-2025T17:24:03 - [TEST_STEP][PASSED] - if (myValue in varParms[i]): null

27-02-2025T17:24:03 - [TEST_STEP][PASSED] - else: null

27-02-2025T17:24:03 - [TEST_STEP][PASSED] - inList = false: null

27-02-2025T17:24:03 - [TEST_STEP][PASSED] - if (myType == "checkbox"): null

27-02-2025T17:24:03 - [TEST_STEP][PASSED] - myStatus = element.isSelected(): null

27-02-2025T17:24:03 - [TEST_STEP][PASSED] - if (debug): null

27-02-2025T17:24:03 - [TEST_STEP][PASSED] - if (toggle && myStatus && inList): null

27-02-2025T17:24:03 - [TEST_STEP][PASSED] - if (!(myStatus) && inList || myStatus && !(inList)): null

27-02-2025T17:24:03 - [TEST_STEP][PASSED] - myValue = element.getAttribute("value"): null

27-02-2025T17:24:03 - [TEST_STEP][PASSED] - if (debug): null

27-02-2025T17:24:03 - [TEST_STEP][PASSED] - if (myValue.length() >= 4): null

27-02-2025T17:24:03 - [TEST_STEP][PASSED] - if (myValue.substring(0, 4) == "(!) "): null

27-02-2025T17:24:03 - [TEST_STEP][PASSED] - myType = element.getAttribute("type"): null

27-02-2025T17:24:03 - [TEST_STEP][PASSED] - if (myValue in varParms[i]): null

27-02-2025T17:24:03 - [TEST_STEP][PASSED] - else: null

27-02-2025T17:24:03 - [TEST_STEP][PASSED] - inList = false: null

27-02-2025T17:24:03 - [TEST_STEP][PASSED] - if (myType == "checkbox"): null

27-02-2025T17:24:03 - [TEST_STEP][PASSED] - myStatus = element.isSelected(): null

27-02-2025T17:24:03 - [TEST_STEP][PASSED] - if (debug): null

27-02-2025T17:24:03 - [TEST_STEP][PASSED] - if (toggle && myStatus && inList): null

27-02-2025T17:24:03 - [TEST_STEP][PASSED] - if (!(myStatus) && inList || myStatus && !(inList)): null

27-02-2025T17:24:03 - [TEST_STEP][PASSED] - myValue = element.getAttribute("value"): null

27-02-2025T17:24:03 - [TEST_STEP][PASSED] - if (debug): null

27-02-2025T17:24:03 - [TEST_STEP][PASSED] - if (myValue.length() >= 4): null

27-02-2025T17:24:03 - [TEST_STEP][PASSED] - if (myValue.substring(0, 4) == "(!) "): null

27-02-2025T17:24:03 - [TEST_STEP][PASSED] - myType = element.getAttribute("type"): null

27-02-2025T17:24:03 - [TEST_STEP][PASSED] - if (myValue in varParms[i]): null

27-02-2025T17:24:03 - [TEST_STEP][PASSED] - else: null

27-02-2025T17:24:03 - [TEST_STEP][PASSED] - inList = false: null

27-02-2025T17:24:03 - [TEST_STEP][PASSED] - if (myType == "checkbox"): null

27-02-2025T17:24:03 - [TEST_STEP][PASSED] - myStatus = element.isSelected(): null

27-02-2025T17:24:03 - [TEST_STEP][PASSED] - if (debug): null

27-02-2025T17:24:03 - [TEST_STEP][PASSED] - if (toggle && myStatus && inList): null

27-02-2025T17:24:03 - [TEST_STEP][PASSED] - if (!(myStatus) && inList || myStatus && !(inList)): null

27-02-2025T17:24:03 - [TEST_STEP][PASSED] - myValue = element.getAttribute("value"): null

27-02-2025T17:24:03 - [TEST_STEP][PASSED] - if (debug): null

27-02-2025T17:24:03 - [TEST_STEP][PASSED] - if (myValue.length() >= 4): null

27-02-2025T17:24:03 - [TEST_STEP][PASSED] - if (myValue.substring(0, 4) == "(!) "): null

27-02-2025T17:24:03 - [TEST_STEP][PASSED] - myType = element.getAttribute("type"): null

27-02-2025T17:24:03 - [TEST_STEP][PASSED] - if (myValue in varParms[i]): null

27-02-2025T17:24:03 - [TEST_STEP][PASSED] - else: null

27-02-2025T17:24:03 - [TEST_STEP][PASSED] - inList = false: null

27-02-2025T17:24:03 - [TEST_STEP][PASSED] - if (myType == "checkbox"): null

27-02-2025T17:24:03 - [TEST_STEP][PASSED] - myStatus = element.isSelected(): null

27-02-2025T17:24:03 - [TEST_STEP][PASSED] - if (debug): null

27-02-2025T17:24:03 - [TEST_STEP][PASSED] - if (toggle && myStatus && inList): null

27-02-2025T17:24:03 - [TEST_STEP][PASSED] - if (!(myStatus) && inList || myStatus && !(inList)): null

27-02-2025T17:24:03 - [TEST_STEP][PASSED] - myValue = element.getAttribute("value"): null

27-02-2025T17:24:03 - [TEST_STEP][PASSED] - if (debug): null

27-02-2025T17:24:03 - [TEST_STEP][PASSED] - if (myValue.length() >= 4): null

27-02-2025T17:24:03 - [TEST_STEP][PASSED] - if (myValue.substring(0, 4) == "(!) "): null

27-02-2025T17:24:03 - [TEST_STEP][PASSED] - myType = element.getAttribute("type"): null

27-02-2025T17:24:03 - [TEST_STEP][PASSED] - if (myValue in varParms[i]): null

27-02-2025T17:24:03 - [TEST_STEP][PASSED] - else: null

27-02-2025T17:24:03 - [TEST_STEP][PASSED] - inList = false: null

27-02-2025T17:24:03 - [TEST_STEP][PASSED] - if (myType == "checkbox"): null

27-02-2025T17:24:03 - [TEST_STEP][PASSED] - myStatus = element.isSelected(): null

27-02-2025T17:24:03 - [TEST_STEP][PASSED] - if (debug): null

27-02-2025T17:24:03 - [TEST_STEP][PASSED] - if (toggle && myStatus && inList): null

27-02-2025T17:24:03 - [TEST_STEP][PASSED] - if (!(myStatus) && inList || myStatus && !(inList)): null

27-02-2025T17:24:03 - [TEST_STEP][PASSED] - myValue = element.getAttribute("value"): null

27-02-2025T17:24:03 - [TEST_STEP][PASSED] - if (debug): null

27-02-2025T17:24:03 - [TEST_STEP][PASSED] - if (myValue.length() >= 4): null

27-02-2025T17:24:03 - [TEST_STEP][PASSED] - if (myValue.substring(0, 4) == "(!) "): null

27-02-2025T17:24:03 - [TEST_STEP][PASSED] - myType = element.getAttribute("type"): null

27-02-2025T17:24:03 - [TEST_STEP][PASSED] - if (myValue in varParms[i]): null

27-02-2025T17:24:03 - [TEST_STEP][PASSED] - else: null

27-02-2025T17:24:03 - [TEST_STEP][PASSED] - inList = false: null

27-02-2025T17:24:03 - [TEST_STEP][PASSED] - if (myType == "checkbox"): null

27-02-2025T17:24:03 - [TEST_STEP][PASSED] - myStatus = element.isSelected(): null

27-02-2025T17:24:03 - [TEST_STEP][PASSED] - if (debug): null

27-02-2025T17:24:03 - [TEST_STEP][PASSED] - if (toggle && myStatus && inList): null

27-02-2025T17:24:03 - [TEST_STEP][PASSED] - if (!(myStatus) && inList || myStatus && !(inList)): null

27-02-2025T17:24:03 - [TEST_STEP][PASSED] - myValue = element.getAttribute("value"): null

27-02-2025T17:24:03 - [TEST_STEP][PASSED] - if (debug): null

27-02-2025T17:24:03 - [TEST_STEP][PASSED] - if (myValue.length() >= 4): null

27-02-2025T17:24:03 - [TEST_STEP][PASSED] - if (myValue.substring(0, 4) == "(!) "): null

27-02-2025T17:24:03 - [TEST_STEP][PASSED] - myType = element.getAttribute("type"): null

27-02-2025T17:24:03 - [TEST_STEP][PASSED] - if (myValue in varParms[i]): null

27-02-2025T17:24:03 - [TEST_STEP][PASSED] - else: null

27-02-2025T17:24:03 - [TEST_STEP][PASSED] - inList = false: null

27-02-2025T17:24:03 - [TEST_STEP][PASSED] - if (myType == "checkbox"): null

27-02-2025T17:24:03 - [TEST_STEP][PASSED] - myStatus = element.isSelected(): null

27-02-2025T17:24:03 - [TEST_STEP][PASSED] - if (debug): null

27-02-2025T17:24:03 - [TEST_STEP][PASSED] - if (toggle && myStatus && inList): null

27-02-2025T17:24:03 - [TEST_STEP][PASSED] - if (!(myStatus) && inList || myStatus && !(inList)): null

27-02-2025T17:24:03 - [TEST_STEP][PASSED] - myValue = element.getAttribute("value"): null

27-02-2025T17:24:03 - [TEST_STEP][PASSED] - if (debug): null

27-02-2025T17:24:03 - [TEST_STEP][PASSED] - if (myValue.length() >= 4): null

27-02-2025T17:24:03 - [TEST_STEP][PASSED] - if (myValue.substring(0, 4) == "(!) "): null

27-02-2025T17:24:03 - [TEST_STEP][PASSED] - myType = element.getAttribute("type"): null

27-02-2025T17:24:03 - [TEST_STEP][PASSED] - if (myValue in varParms[i]): null

27-02-2025T17:24:03 - [TEST_STEP][PASSED] - else: null

27-02-2025T17:24:03 - [TEST_STEP][PASSED] - inList = false: null

27-02-2025T17:24:03 - [TEST_STEP][PASSED] - if (myType == "checkbox"): null

27-02-2025T17:24:03 - [TEST_STEP][PASSED] - myStatus = element.isSelected(): null

27-02-2025T17:24:03 - [TEST_STEP][PASSED] - if (debug): null

27-02-2025T17:24:03 - [TEST_STEP][PASSED] - if (toggle && myStatus && inList): null

27-02-2025T17:24:03 - [TEST_STEP][PASSED] - if (!(myStatus) && inList || myStatus && !(inList)): null

27-02-2025T17:24:03 - [TEST_STEP][PASSED] - myValue = element.getAttribute("value"): null

27-02-2025T17:24:03 - [TEST_STEP][PASSED] - if (debug): null

27-02-2025T17:24:03 - [TEST_STEP][PASSED] - if (myValue.length() >= 4): null

27-02-2025T17:24:03 - [TEST_STEP][PASSED] - if (myValue.substring(0, 4) == "(!) "): null

27-02-2025T17:24:03 - [TEST_STEP][PASSED] - myType = element.getAttribute("type"): null

27-02-2025T17:24:03 - [TEST_STEP][PASSED] - if (myValue in varParms[i]): null

27-02-2025T17:24:03 - [TEST_STEP][PASSED] - else: null

27-02-2025T17:24:03 - [TEST_STEP][PASSED] - inList = false: null

27-02-2025T17:24:03 - [TEST_STEP][PASSED] - if (myType == "checkbox"): null

27-02-2025T17:24:03 - [TEST_STEP][PASSED] - myStatus = element.isSelected(): null

27-02-2025T17:24:03 - [TEST_STEP][PASSED] - if (debug): null

27-02-2025T17:24:03 - [TEST_STEP][PASSED] - if (toggle && myStatus && inList): null

27-02-2025T17:24:03 - [TEST_STEP][PASSED] - if (!(myStatus) && inList || myStatus && !(inList)): null

27-02-2025T17:24:03 - [TEST_STEP][PASSED] - myValue = element.getAttribute("value"): null

27-02-2025T17:24:03 - [TEST_STEP][PASSED] - if (debug): null

27-02-2025T17:24:03 - [TEST_STEP][PASSED] - if (myValue.length() >= 4): null

27-02-2025T17:24:03 - [TEST_STEP][PASSED] - if (myValue.substring(0, 4) == "(!) "): null

27-02-2025T17:24:03 - [TEST_STEP][PASSED] - myType = element.getAttribute("type"): null

27-02-2025T17:24:03 - [TEST_STEP][PASSED] - if (myValue in varParms[i]): null

27-02-2025T17:24:03 - [TEST_STEP][PASSED] - else: null

27-02-2025T17:24:03 - [TEST_STEP][PASSED] - inList = false: null

27-02-2025T17:24:03 - [TEST_STEP][PASSED] - if (myType == "checkbox"): null

27-02-2025T17:24:03 - [TEST_STEP][PASSED] - myStatus = element.isSelected(): null

27-02-2025T17:24:03 - [TEST_STEP][PASSED] - if (debug): null

27-02-2025T17:24:03 - [TEST_STEP][PASSED] - if (toggle && myStatus && inList): null

27-02-2025T17:24:03 - [TEST_STEP][PASSED] - if (!(myStatus) && inList || myStatus && !(inList)): null

27-02-2025T17:24:03 - [TEST_STEP][PASSED] - myValue = element.getAttribute("value"): null

27-02-2025T17:24:03 - [TEST_STEP][PASSED] - if (debug): null

27-02-2025T17:24:03 - [TEST_STEP][PASSED] - if (myValue.length() >= 4): null

27-02-2025T17:24:03 - [TEST_STEP][PASSED] - if (myValue.substring(0, 4) == "(!) "): null

27-02-2025T17:24:03 - [TEST_STEP][PASSED] - myType = element.getAttribute("type"): null

27-02-2025T17:24:03 - [TEST_STEP][PASSED] - if (myValue in varParms[i]): null

27-02-2025T17:24:03 - [TEST_STEP][PASSED] - else: null

27-02-2025T17:24:03 - [TEST_STEP][PASSED] - inList = false: null

27-02-2025T17:24:03 - [TEST_STEP][PASSED] - if (myType == "checkbox"): null

27-02-2025T17:24:03 - [TEST_STEP][PASSED] - myStatus = element.isSelected(): null

27-02-2025T17:24:03 - [TEST_STEP][PASSED] - if (debug): null

27-02-2025T17:24:03 - [TEST_STEP][PASSED] - if (toggle && myStatus && inList): null

27-02-2025T17:24:03 - [TEST_STEP][PASSED] - if (!(myStatus) && inList || myStatus && !(inList)): null

27-02-2025T17:24:03 - [TEST_STEP][PASSED] - myValue = element.getAttribute("value"): null

27-02-2025T17:24:03 - [TEST_STEP][PASSED] - if (debug): null

27-02-2025T17:24:03 - [TEST_STEP][PASSED] - if (myValue.length() >= 4): null

27-02-2025T17:24:03 - [TEST_STEP][PASSED] - if (myValue.substring(0, 4) == "(!) "): null

27-02-2025T17:24:03 - [TEST_STEP][PASSED] - myType = element.getAttribute("type"): null

27-02-2025T17:24:03 - [TEST_STEP][PASSED] - if (myValue in varParms[i]): null

27-02-2025T17:24:03 - [TEST_STEP][PASSED] - else: null

27-02-2025T17:24:03 - [TEST_STEP][PASSED] - inList = false: null

27-02-2025T17:24:03 - [TEST_STEP][PASSED] - if (myType == "checkbox"): null

27-02-2025T17:24:03 - [TEST_STEP][PASSED] - myStatus = element.isSelected(): null

27-02-2025T17:24:03 - [TEST_STEP][PASSED] - if (debug): null

27-02-2025T17:24:03 - [TEST_STEP][PASSED] - if (toggle && myStatus && inList): null

27-02-2025T17:24:03 - [TEST_STEP][PASSED] - if (!(myStatus) && inList || myStatus && !(inList)): null

27-02-2025T17:24:03 - [TEST_STEP][PASSED] - myValue = element.getAttribute("value"): null

27-02-2025T17:24:03 - [TEST_STEP][PASSED] - if (debug): null

27-02-2025T17:24:03 - [TEST_STEP][PASSED] - if (myValue.length() >= 4): null

27-02-2025T17:24:03 - [TEST_STEP][PASSED] - if (myValue.substring(0, 4) == "(!) "): null

27-02-2025T17:24:03 - [TEST_STEP][PASSED] - myType = element.getAttribute("type"): null

27-02-2025T17:24:03 - [TEST_STEP][PASSED] - if (myValue in varParms[i]): null

27-02-2025T17:24:03 - [TEST_STEP][PASSED] - else: null

27-02-2025T17:24:03 - [TEST_STEP][PASSED] - inList = false: null

27-02-2025T17:24:03 - [TEST_STEP][PASSED] - if (myType == "checkbox"): null

27-02-2025T17:24:03 - [TEST_STEP][PASSED] - myStatus = element.isSelected(): null

27-02-2025T17:24:03 - [TEST_STEP][PASSED] - if (debug): null

27-02-2025T17:24:03 - [TEST_STEP][PASSED] - if (toggle && myStatus && inList): null

27-02-2025T17:24:03 - [TEST_STEP][PASSED] - if (!(myStatus) && inList || myStatus && !(inList)): null

27-02-2025T17:24:03 - [TEST_STEP][PASSED] - myValue = element.getAttribute("value"): null

27-02-2025T17:24:03 - [TEST_STEP][PASSED] - if (debug): null

27-02-2025T17:24:03 - [TEST_STEP][PASSED] - if (myValue.length() >= 4): null

27-02-2025T17:24:03 - [TEST_STEP][PASSED] - if (myValue.substring(0, 4) == "(!) "): null

27-02-2025T17:24:03 - [TEST_STEP][PASSED] - myType = element.getAttribute("type"): null

27-02-2025T17:24:03 - [TEST_STEP][PASSED] - if (myValue in varParms[i]): null

27-02-2025T17:24:03 - [TEST_STEP][PASSED] - else: null

27-02-2025T17:24:03 - [TEST_STEP][PASSED] - inList = false: null

27-02-2025T17:24:03 - [TEST_STEP][PASSED] - if (myType == "checkbox"): null

27-02-2025T17:24:03 - [TEST_STEP][PASSED] - myStatus = element.isSelected(): null

27-02-2025T17:24:03 - [TEST_STEP][PASSED] - if (debug): null

27-02-2025T17:24:03 - [TEST_STEP][PASSED] - if (toggle && myStatus && inList): null

27-02-2025T17:24:03 - [TEST_STEP][PASSED] - if (!(myStatus) && inList || myStatus && !(inList)): null

27-02-2025T17:24:03 - [TEST_STEP][PASSED] - myValue = element.getAttribute("value"): null

27-02-2025T17:24:03 - [TEST_STEP][PASSED] - if (debug): null

27-02-2025T17:24:03 - [TEST_STEP][PASSED] - if (myValue.length() >= 4): null

27-02-2025T17:24:03 - [TEST_STEP][PASSED] - if (myValue.substring(0, 4) == "(!) "): null

27-02-2025T17:24:03 - [TEST_STEP][PASSED] - myType = element.getAttribute("type"): null

27-02-2025T17:24:03 - [TEST_STEP][PASSED] - if (myValue in varParms[i]): null

27-02-2025T17:24:03 - [TEST_STEP][PASSED] - else: null

27-02-2025T17:24:03 - [TEST_STEP][PASSED] - inList = false: null

27-02-2025T17:24:03 - [TEST_STEP][PASSED] - if (myType == "checkbox"): null

27-02-2025T17:24:03 - [TEST_STEP][PASSED] - myStatus = element.isSelected(): null

27-02-2025T17:24:03 - [TEST_STEP][PASSED] - if (debug): null

27-02-2025T17:24:03 - [TEST_STEP][PASSED] - if (toggle && myStatus && inList): null

27-02-2025T17:24:03 - [TEST_STEP][PASSED] - if (!(myStatus) && inList || myStatus && !(inList)): null

27-02-2025T17:24:03 - [TEST_STEP][PASSED] - myValue = element.getAttribute("value"): null

27-02-2025T17:24:03 - [TEST_STEP][PASSED] - if (debug): null

27-02-2025T17:24:03 - [TEST_STEP][PASSED] - if (myValue.length() >= 4): null

27-02-2025T17:24:03 - [TEST_STEP][PASSED] - if (myValue.substring(0, 4) == "(!) "): null

27-02-2025T17:24:03 - [TEST_STEP][PASSED] - myType = element.getAttribute("type"): null

27-02-2025T17:24:03 - [TEST_STEP][PASSED] - if (myValue in varParms[i]): null

27-02-2025T17:24:06 - [TEST_STEP][PASSED] - else: null

27-02-2025T17:24:06 - [TEST_STEP][PASSED] - inList = false: null

27-02-2025T17:24:06 - [TEST_STEP][PASSED] - if (myType == "checkbox"): null

27-02-2025T17:24:06 - [TEST_STEP][PASSED] - myStatus = element.isSelected(): null

27-02-2025T17:24:06 - [TEST_STEP][PASSED] - if (debug): null

27-02-2025T17:24:06 - [TEST_STEP][PASSED] - if (toggle && myStatus && inList): null

27-02-2025T17:24:06 - [TEST_STEP][PASSED] - if (!(myStatus) && inList || myStatus && !(inList)): null

27-02-2025T17:24:06 - [TEST_STEP][PASSED] - myValue = element.getAttribute("value"): null

27-02-2025T17:24:06 - [TEST_STEP][PASSED] - if (debug): null

27-02-2025T17:24:06 - [TEST_STEP][PASSED] - if (myValue.length() >= 4): null

27-02-2025T17:24:06 - [TEST_STEP][PASSED] - if (myValue.substring(0, 4) == "(!) "): null

27-02-2025T17:24:06 - [TEST_STEP][PASSED] - myType = element.getAttribute("type"): null

27-02-2025T17:24:06 - [TEST_STEP][PASSED] - if (myValue in varParms[i]): null

27-02-2025T17:24:06 - [TEST_STEP][PASSED] - else: null

27-02-2025T17:24:06 - [TEST_STEP][PASSED] - inList = false: null

27-02-2025T17:24:06 - [TEST_STEP][PASSED] - if (myType == "checkbox"): null

27-02-2025T17:24:06 - [TEST_STEP][PASSED] - myStatus = element.isSelected(): null

27-02-2025T17:24:06 - [TEST_STEP][PASSED] - if (debug): null

27-02-2025T17:24:06 - [TEST_STEP][PASSED] - if (toggle && myStatus && inList): null

27-02-2025T17:24:06 - [TEST_STEP][PASSED] - if (!(myStatus) && inList || myStatus && !(inList)): null

27-02-2025T17:24:06 - [TEST_STEP][PASSED] - myValue = element.getAttribute("value"): null

27-02-2025T17:24:06 - [TEST_STEP][PASSED] - if (debug): null

27-02-2025T17:24:06 - [TEST_STEP][PASSED] - if (myValue.length() >= 4): null

27-02-2025T17:24:06 - [TEST_STEP][PASSED] - if (myValue.substring(0, 4) == "(!) "): null

27-02-2025T17:24:06 - [TEST_STEP][PASSED] - myType = element.getAttribute("type"): null

27-02-2025T17:24:06 - [TEST_STEP][PASSED] - if (myValue in varParms[i]): null

27-02-2025T17:24:06 - [TEST_STEP][PASSED] - else: null

27-02-2025T17:24:06 - [TEST_STEP][PASSED] - inList = false: null

27-02-2025T17:24:06 - [TEST_STEP][PASSED] - if (myType == "checkbox"): null

27-02-2025T17:24:06 - [TEST_STEP][PASSED] - myStatus = element.isSelected(): null

27-02-2025T17:24:06 - [TEST_STEP][PASSED] - if (debug): null

27-02-2025T17:24:06 - [TEST_STEP][PASSED] - if (toggle && myStatus && inList): null

27-02-2025T17:24:06 - [TEST_STEP][PASSED] - if (!(myStatus) && inList || myStatus && !(inList)): null

27-02-2025T17:24:06 - [TEST_STEP][PASSED] - myValue = element.getAttribute("value"): null

27-02-2025T17:24:06 - [TEST_STEP][PASSED] - if (debug): null

27-02-2025T17:24:06 - [TEST_STEP][PASSED] - if (myValue.length() >= 4): null

27-02-2025T17:24:06 - [TEST_STEP][PASSED] - if (myValue.substring(0, 4) == "(!) "): null

27-02-2025T17:24:06 - [TEST_STEP][PASSED] - myType = element.getAttribute("type"): null

27-02-2025T17:24:06 - [TEST_STEP][PASSED] - if (myValue in varParms[i]): null

27-02-2025T17:24:06 - [TEST_STEP][PASSED] - else: null

27-02-2025T17:24:06 - [TEST_STEP][PASSED] - inList = false: null

27-02-2025T17:24:06 - [TEST_STEP][PASSED] - if (myType == "checkbox"): null

27-02-2025T17:24:06 - [TEST_STEP][PASSED] - myStatus = element.isSelected(): null

27-02-2025T17:24:06 - [TEST_STEP][PASSED] - if (debug): null

27-02-2025T17:24:06 - [TEST_STEP][PASSED] - if (toggle && myStatus && inList): null

27-02-2025T17:24:06 - [TEST_STEP][PASSED] - if (!(myStatus) && inList || myStatus && !(inList)): null

27-02-2025T17:24:06 - [TEST_STEP][PASSED] - myValue = element.getAttribute("value"): null

27-02-2025T17:24:06 - [TEST_STEP][PASSED] - if (debug): null

27-02-2025T17:24:06 - [TEST_STEP][PASSED] - if (myValue.length() >= 4): null

27-02-2025T17:24:06 - [TEST_STEP][PASSED] - if (myValue.substring(0, 4) == "(!) "): null

27-02-2025T17:24:06 - [TEST_STEP][PASSED] - myType = element.getAttribute("type"): null

27-02-2025T17:24:06 - [TEST_STEP][PASSED] - if (myValue in varParms[i]): null

27-02-2025T17:24:06 - [TEST_STEP][PASSED] - else: null

27-02-2025T17:24:06 - [TEST_STEP][PASSED] - inList = false: null

27-02-2025T17:24:06 - [TEST_STEP][PASSED] - if (myType == "checkbox"): null

27-02-2025T17:24:06 - [TEST_STEP][PASSED] - myStatus = element.isSelected(): null

27-02-2025T17:24:06 - [TEST_STEP][PASSED] - if (debug): null

27-02-2025T17:24:06 - [TEST_STEP][PASSED] - if (toggle && myStatus && inList): null

27-02-2025T17:24:06 - [TEST_STEP][PASSED] - if (!(myStatus) && inList || myStatus && !(inList)): null

27-02-2025T17:24:06 - [TEST_STEP][PASSED] - frame.dispose(): null

27-02-2025T17:24:06 - [MESSAGE][PASSED] - Call Test Case 'Test Cases/_Functions/Click on Group Elements' successfully

27-02-2025T17:24:06 - [TEST_STEP][PASSED] - if (varSpouse_preferences_comment != null): Call Test Case 'Test Cases/_Functions/Perform Action' successfully

27-02-2025T17:24:06 - [TEST_STEP][PASSED] - object = "Object Repository/Education Candidate Profile/Tabs/Spouse Service Prefs/textarea_Spouse Preferences Comment": null

27-02-2025T17:24:06 - [TEST_STEP][PASSED] - callTestCase(findTestCase("_Functions/Perform Action"), ["varAction":"setText", "varObject":object, "varParm1":varSpouse_preferences_comment], STOP_ON_FAILURE): Call Test Case 'Test Cases/_Functions/Perform Action' successfully

27-02-2025T17:24:07 - [TEST_CASE][PASSED] - Test Cases/_Functions/Perform Action: Test Cases/_Functions/Perform Action

27-02-2025T17:24:07 - [TEST_STEP][PASSED] - action = varAction: null

27-02-2025T17:24:07 - [TEST_STEP][PASSED] - println(action): null

27-02-2025T17:24:07 - [TEST_STEP][PASSED] - testObject = varObject: null

27-02-2025T17:24:07 - [TEST_STEP][PASSED] - println(testObject): null

27-02-2025T17:24:07 - [TEST_STEP][PASSED] - parm1 = varParm1: null

27-02-2025T17:24:07 - [TEST_STEP][PASSED] - println(parm1): null

27-02-2025T17:24:07 - [TEST_STEP][PASSED] - println("Converting " + testObject + " to web element"): null

27-02-2025T17:24:07 - [TEST_STEP][PASSED] - element = findWebElement(findTestObject(testObject), 1): null

27-02-2025T17:24:07 - [TEST_STEP][PASSED] - loc = element.getLocation(): null

27-02-2025T17:24:07 - [TEST_STEP][PASSED] - y = loc.getY(): null

27-02-2025T17:24:07 - [TEST_STEP][PASSED] - println("Y location is " + y): null

27-02-2025T17:24:07 - [TEST_STEP][PASSED] - top = getViewportTopPosition(): Current viewport's top (y) position is 2186

27-02-2025T17:24:07 - [MESSAGE][PASSED] - Current viewport's top (y) position is 2186

27-02-2025T17:24:07 - [TEST_STEP][PASSED] - println("Viewport top is " + top): null

27-02-2025T17:24:07 - [TEST_STEP][PASSED] - bottom = top + 600: null

27-02-2025T17:24:07 - [TEST_STEP][PASSED] - if (y - top < 150 || bottom - y < 10): null

27-02-2025T17:24:07 - [TEST_STEP][PASSED] - if (action == "click"): null

27-02-2025T17:24:07 - [TEST_STEP][PASSED] - else if (action == "selectOptionByValue"): null

27-02-2025T17:24:07 - [TEST_STEP][PASSED] - else if (action == "setText"): Text 'Willing to consider other opportunities' is set on object 'Object Repository/Education Candidate Profile/Tabs/Spouse Service Prefs/textarea_Spouse Preferences Comment'

27-02-2025T17:24:07 - [TEST_STEP][PASSED] - println("Setting text " + parm1): null

27-02-2025T17:24:07 - [TEST_STEP][PASSED] - setText(findTestObject(testObject), parm1): Text 'Willing to consider other opportunities' is set on object 'Object Repository/Education Candidate Profile/Tabs/Spouse Service Prefs/textarea_Spouse Preferences Comment'

27-02-2025T17:24:07 - [MESSAGE][PASSED] - Text 'Willing to consider other opportunities' is set on object 'Object Repository/Education Candidate Profile/Tabs/Spouse Service Prefs/textarea_Spouse Preferences Comment'

27-02-2025T17:24:07 - [MESSAGE][PASSED] - Call Test Case 'Test Cases/_Functions/Perform Action' successfully

27-02-2025T17:24:07 - [TEST_STEP][PASSED] - object = "Education Candidate Profile/Tabs/btn_Submit": null

27-02-2025T17:24:07 - [TEST_STEP][PASSED] - callTestCase(findTestCase("_Functions/Perform Action"), ["varAction":"click", "varObject":object], STOP_ON_FAILURE): Call Test Case 'Test Cases/_Functions/Perform Action' successfully

27-02-2025T17:24:07 - [TEST_CASE][PASSED] - Test Cases/_Functions/Perform Action: Test Cases/_Functions/Perform Action

27-02-2025T17:24:07 - [TEST_STEP][PASSED] - action = varAction: null

27-02-2025T17:24:07 - [TEST_STEP][PASSED] - println(action): null

27-02-2025T17:24:07 - [TEST_STEP][PASSED] - testObject = varObject: null

27-02-2025T17:24:07 - [TEST_STEP][PASSED] - println(testObject): null

27-02-2025T17:24:07 - [TEST_STEP][PASSED] - parm1 = varParm1: null

27-02-2025T17:24:07 - [TEST_STEP][PASSED] - println(parm1): null

27-02-2025T17:24:07 - [TEST_STEP][PASSED] - println("Converting " + testObject + " to web element"): null

27-02-2025T17:24:07 - [TEST_STEP][PASSED] - element = findWebElement(findTestObject(testObject), 1): null

27-02-2025T17:24:07 - [TEST_STEP][PASSED] - loc = element.getLocation(): null

27-02-2025T17:24:07 - [TEST_STEP][PASSED] - y = loc.getY(): null

27-02-2025T17:24:07 - [TEST_STEP][PASSED] - println("Y location is " + y): null

27-02-2025T17:24:07 - [TEST_STEP][PASSED] - top = getViewportTopPosition(): Current viewport's top (y) position is 2186

27-02-2025T17:24:07 - [MESSAGE][PASSED] - Current viewport's top (y) position is 2186

27-02-2025T17:24:07 - [TEST_STEP][PASSED] - println("Viewport top is " + top): null

27-02-2025T17:24:07 - [TEST_STEP][PASSED] - bottom = top + 600: null

27-02-2025T17:24:07 - [TEST_STEP][PASSED] - if (y - top < 150 || bottom - y < 10): null

27-02-2025T17:24:07 - [TEST_STEP][PASSED] - if (action == "click"): Object: 'Object Repository/Education Candidate Profile/Tabs/btn_Submit' is clicked on

27-02-2025T17:24:07 - [TEST_STEP][PASSED] - println("clicking"): null

27-02-2025T17:24:07 - [TEST_STEP][PASSED] - click(findTestObject(testObject)): Object: 'Object Repository/Education Candidate Profile/Tabs/btn_Submit' is clicked on

27-02-2025T17:24:12 - [MESSAGE][PASSED] - Object: 'Object Repository/Education Candidate Profile/Tabs/btn_Submit' is clicked on

27-02-2025T17:24:12 - [MESSAGE][PASSED] - Call Test Case 'Test Cases/_Functions/Perform Action' successfully

27-02-2025T17:24:12 - [MESSAGE][PASSED] - Call Test Case 'Test Cases/Education Candidate Profile/Tabs/Set Spouse Service Prefs' successfully

27-02-2025T17:24:12 - [TEST_STEP][PASSED] - if (pages.size() == 0 || "All" in pages || "Spouse Teaching Prefs" in pages): Call Test Case 'Test Cases/Education Candidate Profile/Tabs/Set Spouse Teaching Prefs' successfully

27-02-2025T17:24:12 - [TEST_STEP][PASSED] - if (!(fastPath)): Call Test Case 'Test Cases/_Functions/Get Selections from CSV File' successfully

27-02-2025T17:24:12 - [TEST_STEP][PASSED] - click(findTestObject("Object Repository/Education Candidate Profile/Tabs/a_Spouse Teaching Prefs")): Object: 'Object Repository/Education Candidate Profile/Tabs/a_Spouse Teaching Prefs' is clicked on

27-02-2025T17:24:12 - [MESSAGE][PASSED] - Object: 'Object Repository/Education Candidate Profile/Tabs/a_Spouse Teaching Prefs' is clicked on

27-02-2025T17:24:12 - [TEST_STEP][PASSED] - positions = callTestCase(findTestCase("_Functions/Get Selections from CSV File"), ["varFileName":"Education Candidate Forms/spouse teaching prefs.csv", "varSelections":"Spouse Preferred Education Positions"], STOP_ON_FAILURE): Call Test Case 'Test Cases/_Functions/Get Selections from CSV File' successfully

27-02-2025T17:24:12 - [TEST_CASE][PASSED] - Test Cases/_Functions/Get Selections from CSV File: Test Cases/_Functions/Get Selections from CSV File

27-02-2025T17:24:12 - [TEST_STEP][PASSED] - if (fastPath): null

27-02-2025T17:24:12 - [TEST_STEP][PASSED] - reader = <not implemented yet for class: org.codehaus.groovy.ast.expr.EmptyExpression>: null

27-02-2025T17:24:12 - [TEST_STEP][PASSED] - checked = []: null

27-02-2025T17:24:12 - [TEST_STEP][PASSED] - reader = new java.io.BufferedReader(new java.io.FileReader((/Users/cckozie/git/MissionNext-Katalon-Koz/Data Files/ + varFileName))): null

27-02-2025T17:24:12 - [TEST_STEP][PASSED] - line = reader.readLine(): null

27-02-2025T17:24:12 - [TEST_STEP][PASSED] - include = false: null

27-02-2025T17:24:12 - [TEST_STEP][PASSED] - frame = new javax.swing.JFrame(): null

27-02-2025T17:24:12 - [TEST_STEP][PASSED] - p = new javax.swing.JPanel(): null

27-02-2025T17:24:12 - [TEST_STEP][PASSED] - l = new javax.swing.JLabel(Loading selections from file..., javax.swing.SwingConstants.CENTER): null

27-02-2025T17:24:12 - [TEST_STEP][PASSED] - frame.add(l): null

27-02-2025T17:24:12 - [TEST_STEP][PASSED] - frame.setSize(300, 100): null

27-02-2025T17:24:12 - [TEST_STEP][PASSED] - frame.setLocation(600, 0): null

27-02-2025T17:24:12 - [TEST_STEP][PASSED] - frame.setAlwaysOnTop(true): null

27-02-2025T17:24:12 - [TEST_STEP][PASSED] - frame.show(): null

27-02-2025T17:24:12 - [TEST_STEP][PASSED] - while (line != null): null

27-02-2025T17:24:12 - [TEST_STEP][PASSED] - println(line): null

27-02-2025T17:24:12 - [TEST_STEP][PASSED] - group = line.indexOf("<Group>"): null

27-02-2025T17:24:12 - [TEST_STEP][PASSED] - println(group): null

27-02-2025T17:24:12 - [TEST_STEP][PASSED] - if (group >= 0): null

27-02-2025T17:24:12 - [TEST_STEP][PASSED] - selections = line.substring(group + 7, line.length() - 1): null

27-02-2025T17:24:12 - [TEST_STEP][PASSED] - println(selections): null

27-02-2025T17:24:12 - [TEST_STEP][PASSED] - if (selections == varSelections): null

27-02-2025T17:24:12 - [TEST_STEP][PASSED] - include = true: null

27-02-2025T17:24:12 - [TEST_STEP][PASSED] - line = reader.readLine(): null

27-02-2025T17:24:12 - [TEST_STEP][PASSED] - println(line): null

27-02-2025T17:24:12 - [TEST_STEP][PASSED] - group = line.indexOf("<Group>"): null

27-02-2025T17:24:12 - [TEST_STEP][PASSED] - println(group): null

27-02-2025T17:24:12 - [TEST_STEP][PASSED] - if (group >= 0): null

27-02-2025T17:24:12 - [TEST_STEP][PASSED] - else: null

27-02-2025T17:24:12 - [TEST_STEP][PASSED] - if (include): null

27-02-2025T17:24:12 - [TEST_STEP][PASSED] - println(line): null

27-02-2025T17:24:12 - [TEST_STEP][PASSED] - comma = line.indexOf(",y"): null

27-02-2025T17:24:12 - [TEST_STEP][PASSED] - if (comma > 0): null

27-02-2025T17:24:12 - [TEST_STEP][PASSED] - line = reader.readLine(): null

27-02-2025T17:24:12 - [TEST_STEP][PASSED] - println(line): null

27-02-2025T17:24:12 - [TEST_STEP][PASSED] - group = line.indexOf("<Group>"): null

27-02-2025T17:24:12 - [TEST_STEP][PASSED] - println(group): null

27-02-2025T17:24:12 - [TEST_STEP][PASSED] - if (group >= 0): null

27-02-2025T17:24:12 - [TEST_STEP][PASSED] - else: null

27-02-2025T17:24:12 - [TEST_STEP][PASSED] - if (include): null

27-02-2025T17:24:12 - [TEST_STEP][PASSED] - println(line): null

27-02-2025T17:24:12 - [TEST_STEP][PASSED] - comma = line.indexOf(",y"): null

27-02-2025T17:24:12 - [TEST_STEP][PASSED] - if (comma > 0): null

27-02-2025T17:24:12 - [TEST_STEP][PASSED] - line = reader.readLine(): null

27-02-2025T17:24:12 - [TEST_STEP][PASSED] - println(line): null

27-02-2025T17:24:12 - [TEST_STEP][PASSED] - group = line.indexOf("<Group>"): null

27-02-2025T17:24:12 - [TEST_STEP][PASSED] - println(group): null

27-02-2025T17:24:12 - [TEST_STEP][PASSED] - if (group >= 0): null

27-02-2025T17:24:12 - [TEST_STEP][PASSED] - else: null

27-02-2025T17:24:12 - [TEST_STEP][PASSED] - if (include): null

27-02-2025T17:24:12 - [TEST_STEP][PASSED] - println(line): null

27-02-2025T17:24:12 - [TEST_STEP][PASSED] - comma = line.indexOf(",y"): null

27-02-2025T17:24:12 - [TEST_STEP][PASSED] - if (comma > 0): null

27-02-2025T17:24:12 - [TEST_STEP][PASSED] - line = reader.readLine(): null

27-02-2025T17:24:12 - [TEST_STEP][PASSED] - println(line): null

27-02-2025T17:24:12 - [TEST_STEP][PASSED] - group = line.indexOf("<Group>"): null

27-02-2025T17:24:12 - [TEST_STEP][PASSED] - println(group): null

27-02-2025T17:24:12 - [TEST_STEP][PASSED] - if (group >= 0): null

27-02-2025T17:24:12 - [TEST_STEP][PASSED] - else: null

27-02-2025T17:24:12 - [TEST_STEP][PASSED] - if (include): null

27-02-2025T17:24:12 - [TEST_STEP][PASSED] - println(line): null

27-02-2025T17:24:12 - [TEST_STEP][PASSED] - comma = line.indexOf(",y"): null

27-02-2025T17:24:12 - [TEST_STEP][PASSED] - if (comma > 0): null

27-02-2025T17:24:12 - [TEST_STEP][PASSED] - line = reader.readLine(): null

27-02-2025T17:24:12 - [TEST_STEP][PASSED] - println(line): null

27-02-2025T17:24:12 - [TEST_STEP][PASSED] - group = line.indexOf("<Group>"): null

27-02-2025T17:24:12 - [TEST_STEP][PASSED] - println(group): null

27-02-2025T17:24:12 - [TEST_STEP][PASSED] - if (group >= 0): null

27-02-2025T17:24:12 - [TEST_STEP][PASSED] - else: null

27-02-2025T17:24:12 - [TEST_STEP][PASSED] - if (include): null

27-02-2025T17:24:12 - [TEST_STEP][PASSED] - println(line): null

27-02-2025T17:24:12 - [TEST_STEP][PASSED] - comma = line.indexOf(",y"): null

27-02-2025T17:24:12 - [TEST_STEP][PASSED] - if (comma > 0): null

27-02-2025T17:24:12 - [TEST_STEP][PASSED] - line = reader.readLine(): null

27-02-2025T17:24:12 - [TEST_STEP][PASSED] - println(line): null

27-02-2025T17:24:12 - [TEST_STEP][PASSED] - group = line.indexOf("<Group>"): null

27-02-2025T17:24:12 - [TEST_STEP][PASSED] - println(group): null

27-02-2025T17:24:12 - [TEST_STEP][PASSED] - if (group >= 0): null

27-02-2025T17:24:12 - [TEST_STEP][PASSED] - else: null

27-02-2025T17:24:12 - [TEST_STEP][PASSED] - if (include): null

27-02-2025T17:24:12 - [TEST_STEP][PASSED] - println(line): null

27-02-2025T17:24:12 - [TEST_STEP][PASSED] - comma = line.indexOf(",y"): null

27-02-2025T17:24:12 - [TEST_STEP][PASSED] - if (comma > 0): null

27-02-2025T17:24:12 - [TEST_STEP][PASSED] - line = reader.readLine(): null

27-02-2025T17:24:12 - [TEST_STEP][PASSED] - println(line): null

27-02-2025T17:24:12 - [TEST_STEP][PASSED] - group = line.indexOf("<Group>"): null

27-02-2025T17:24:12 - [TEST_STEP][PASSED] - println(group): null

27-02-2025T17:24:12 - [TEST_STEP][PASSED] - if (group >= 0): null

27-02-2025T17:24:12 - [TEST_STEP][PASSED] - else: null

27-02-2025T17:24:12 - [TEST_STEP][PASSED] - if (include): null

27-02-2025T17:24:12 - [TEST_STEP][PASSED] - println(line): null

27-02-2025T17:24:12 - [TEST_STEP][PASSED] - comma = line.indexOf(",y"): null

27-02-2025T17:24:12 - [TEST_STEP][PASSED] - if (comma > 0): null

27-02-2025T17:24:12 - [TEST_STEP][PASSED] - line = reader.readLine(): null

27-02-2025T17:24:12 - [TEST_STEP][PASSED] - println(line): null

27-02-2025T17:24:12 - [TEST_STEP][PASSED] - group = line.indexOf("<Group>"): null

27-02-2025T17:24:12 - [TEST_STEP][PASSED] - println(group): null

27-02-2025T17:24:12 - [TEST_STEP][PASSED] - if (group >= 0): null

27-02-2025T17:24:12 - [TEST_STEP][PASSED] - else: null

27-02-2025T17:24:12 - [TEST_STEP][PASSED] - if (include): null

27-02-2025T17:24:12 - [TEST_STEP][PASSED] - println(line): null

27-02-2025T17:24:12 - [TEST_STEP][PASSED] - comma = line.indexOf(",y"): null

27-02-2025T17:24:12 - [TEST_STEP][PASSED] - if (comma > 0): null

27-02-2025T17:24:12 - [TEST_STEP][PASSED] - line = reader.readLine(): null

27-02-2025T17:24:12 - [TEST_STEP][PASSED] - println(line): null

27-02-2025T17:24:12 - [TEST_STEP][PASSED] - group = line.indexOf("<Group>"): null

27-02-2025T17:24:12 - [TEST_STEP][PASSED] - println(group): null

27-02-2025T17:24:12 - [TEST_STEP][PASSED] - if (group >= 0): null

27-02-2025T17:24:12 - [TEST_STEP][PASSED] - else: null

27-02-2025T17:24:12 - [TEST_STEP][PASSED] - if (include): null

27-02-2025T17:24:12 - [TEST_STEP][PASSED] - println(line): null

27-02-2025T17:24:12 - [TEST_STEP][PASSED] - comma = line.indexOf(",y"): null

27-02-2025T17:24:12 - [TEST_STEP][PASSED] - if (comma > 0): null

27-02-2025T17:24:12 - [TEST_STEP][PASSED] - line = reader.readLine(): null

27-02-2025T17:24:12 - [TEST_STEP][PASSED] - println(line): null

27-02-2025T17:24:12 - [TEST_STEP][PASSED] - group = line.indexOf("<Group>"): null

27-02-2025T17:24:12 - [TEST_STEP][PASSED] - println(group): null

27-02-2025T17:24:12 - [TEST_STEP][PASSED] - if (group >= 0): null

27-02-2025T17:24:12 - [TEST_STEP][PASSED] - else: null

27-02-2025T17:24:12 - [TEST_STEP][PASSED] - if (include): null

27-02-2025T17:24:12 - [TEST_STEP][PASSED] - println(line): null

27-02-2025T17:24:12 - [TEST_STEP][PASSED] - comma = line.indexOf(",y"): null

27-02-2025T17:24:12 - [TEST_STEP][PASSED] - if (comma > 0): null

27-02-2025T17:24:12 - [TEST_STEP][PASSED] - line = reader.readLine(): null

27-02-2025T17:24:12 - [TEST_STEP][PASSED] - println(line): null

27-02-2025T17:24:12 - [TEST_STEP][PASSED] - group = line.indexOf("<Group>"): null

27-02-2025T17:24:12 - [TEST_STEP][PASSED] - println(group): null

27-02-2025T17:24:12 - [TEST_STEP][PASSED] - if (group >= 0): null

27-02-2025T17:24:12 - [TEST_STEP][PASSED] - else: null

27-02-2025T17:24:12 - [TEST_STEP][PASSED] - if (include): null

27-02-2025T17:24:12 - [TEST_STEP][PASSED] - println(line): null

27-02-2025T17:24:12 - [TEST_STEP][PASSED] - comma = line.indexOf(",y"): null

27-02-2025T17:24:12 - [TEST_STEP][PASSED] - if (comma > 0): null

27-02-2025T17:24:12 - [TEST_STEP][PASSED] - line = reader.readLine(): null

27-02-2025T17:24:12 - [TEST_STEP][PASSED] - println(line): null

27-02-2025T17:24:12 - [TEST_STEP][PASSED] - group = line.indexOf("<Group>"): null

27-02-2025T17:24:12 - [TEST_STEP][PASSED] - println(group): null

27-02-2025T17:24:12 - [TEST_STEP][PASSED] - if (group >= 0): null

27-02-2025T17:24:12 - [TEST_STEP][PASSED] - else: null

27-02-2025T17:24:12 - [TEST_STEP][PASSED] - if (include): null

27-02-2025T17:24:12 - [TEST_STEP][PASSED] - println(line): null

27-02-2025T17:24:12 - [TEST_STEP][PASSED] - comma = line.indexOf(",y"): null

27-02-2025T17:24:12 - [TEST_STEP][PASSED] - if (comma > 0): null

27-02-2025T17:24:12 - [TEST_STEP][PASSED] - line = reader.readLine(): null

27-02-2025T17:24:12 - [TEST_STEP][PASSED] - println(line): null

27-02-2025T17:24:12 - [TEST_STEP][PASSED] - group = line.indexOf("<Group>"): null

27-02-2025T17:24:12 - [TEST_STEP][PASSED] - println(group): null

27-02-2025T17:24:12 - [TEST_STEP][PASSED] - if (group >= 0): null

27-02-2025T17:24:12 - [TEST_STEP][PASSED] - else: null

27-02-2025T17:24:12 - [TEST_STEP][PASSED] - if (include): null

27-02-2025T17:24:12 - [TEST_STEP][PASSED] - println(line): null

27-02-2025T17:24:12 - [TEST_STEP][PASSED] - comma = line.indexOf(",y"): null

27-02-2025T17:24:12 - [TEST_STEP][PASSED] - if (comma > 0): null

27-02-2025T17:24:12 - [TEST_STEP][PASSED] - line = reader.readLine(): null

27-02-2025T17:24:12 - [TEST_STEP][PASSED] - println(line): null

27-02-2025T17:24:12 - [TEST_STEP][PASSED] - group = line.indexOf("<Group>"): null

27-02-2025T17:24:12 - [TEST_STEP][PASSED] - println(group): null

27-02-2025T17:24:12 - [TEST_STEP][PASSED] - if (group >= 0): null

27-02-2025T17:24:12 - [TEST_STEP][PASSED] - else: null

27-02-2025T17:24:12 - [TEST_STEP][PASSED] - if (include): null

27-02-2025T17:24:12 - [TEST_STEP][PASSED] - println(line): null

27-02-2025T17:24:12 - [TEST_STEP][PASSED] - comma = line.indexOf(",y"): null

27-02-2025T17:24:12 - [TEST_STEP][PASSED] - if (comma > 0): null

27-02-2025T17:24:12 - [TEST_STEP][PASSED] - line = reader.readLine(): null

27-02-2025T17:24:12 - [TEST_STEP][PASSED] - println(line): null

27-02-2025T17:24:12 - [TEST_STEP][PASSED] - group = line.indexOf("<Group>"): null

27-02-2025T17:24:12 - [TEST_STEP][PASSED] - println(group): null

27-02-2025T17:24:12 - [TEST_STEP][PASSED] - if (group >= 0): null

27-02-2025T17:24:12 - [TEST_STEP][PASSED] - else: null

27-02-2025T17:24:12 - [TEST_STEP][PASSED] - if (include): null

27-02-2025T17:24:12 - [TEST_STEP][PASSED] - println(line): null

27-02-2025T17:24:12 - [TEST_STEP][PASSED] - comma = line.indexOf(",y"): null

27-02-2025T17:24:12 - [TEST_STEP][PASSED] - if (comma > 0): null

27-02-2025T17:24:12 - [TEST_STEP][PASSED] - line = reader.readLine(): null

27-02-2025T17:24:12 - [TEST_STEP][PASSED] - println(line): null

27-02-2025T17:24:12 - [TEST_STEP][PASSED] - group = line.indexOf("<Group>"): null

27-02-2025T17:24:12 - [TEST_STEP][PASSED] - println(group): null

27-02-2025T17:24:12 - [TEST_STEP][PASSED] - if (group >= 0): null

27-02-2025T17:24:12 - [TEST_STEP][PASSED] - else: null

27-02-2025T17:24:12 - [TEST_STEP][PASSED] - if (include): null

27-02-2025T17:24:12 - [TEST_STEP][PASSED] - println(line): null

27-02-2025T17:24:12 - [TEST_STEP][PASSED] - comma = line.indexOf(",y"): null

27-02-2025T17:24:12 - [TEST_STEP][PASSED] - if (comma > 0): null

27-02-2025T17:24:12 - [TEST_STEP][PASSED] - line = reader.readLine(): null

27-02-2025T17:24:12 - [TEST_STEP][PASSED] - println(line): null

27-02-2025T17:24:12 - [TEST_STEP][PASSED] - group = line.indexOf("<Group>"): null

27-02-2025T17:24:12 - [TEST_STEP][PASSED] - println(group): null

27-02-2025T17:24:12 - [TEST_STEP][PASSED] - if (group >= 0): null

27-02-2025T17:24:12 - [TEST_STEP][PASSED] - else: null

27-02-2025T17:24:12 - [TEST_STEP][PASSED] - if (include): null

27-02-2025T17:24:12 - [TEST_STEP][PASSED] - println(line): null

27-02-2025T17:24:12 - [TEST_STEP][PASSED] - comma = line.indexOf(",y"): null

27-02-2025T17:24:12 - [TEST_STEP][PASSED] - if (comma > 0): null

27-02-2025T17:24:12 - [TEST_STEP][PASSED] - line = reader.readLine(): null

27-02-2025T17:24:12 - [TEST_STEP][PASSED] - println(line): null

27-02-2025T17:24:12 - [TEST_STEP][PASSED] - group = line.indexOf("<Group>"): null

27-02-2025T17:24:12 - [TEST_STEP][PASSED] - println(group): null

27-02-2025T17:24:12 - [TEST_STEP][PASSED] - if (group >= 0): null

27-02-2025T17:24:12 - [TEST_STEP][PASSED] - else: null

27-02-2025T17:24:12 - [TEST_STEP][PASSED] - if (include): null

27-02-2025T17:24:12 - [TEST_STEP][PASSED] - println(line): null

27-02-2025T17:24:12 - [TEST_STEP][PASSED] - comma = line.indexOf(",y"): null

27-02-2025T17:24:12 - [TEST_STEP][PASSED] - if (comma > 0): null

27-02-2025T17:24:12 - [TEST_STEP][PASSED] - line = reader.readLine(): null

27-02-2025T17:24:12 - [TEST_STEP][PASSED] - println(line): null

27-02-2025T17:24:12 - [TEST_STEP][PASSED] - group = line.indexOf("<Group>"): null

27-02-2025T17:24:12 - [TEST_STEP][PASSED] - println(group): null

27-02-2025T17:24:12 - [TEST_STEP][PASSED] - if (group >= 0): null

27-02-2025T17:24:12 - [TEST_STEP][PASSED] - else: null

27-02-2025T17:24:12 - [TEST_STEP][PASSED] - if (include): null

27-02-2025T17:24:12 - [TEST_STEP][PASSED] - println(line): null

27-02-2025T17:24:12 - [TEST_STEP][PASSED] - comma = line.indexOf(",y"): null

27-02-2025T17:24:12 - [TEST_STEP][PASSED] - if (comma > 0): null

27-02-2025T17:24:12 - [TEST_STEP][PASSED] - line = reader.readLine(): null

27-02-2025T17:24:12 - [TEST_STEP][PASSED] - println(line): null

27-02-2025T17:24:12 - [TEST_STEP][PASSED] - group = line.indexOf("<Group>"): null

27-02-2025T17:24:12 - [TEST_STEP][PASSED] - println(group): null

27-02-2025T17:24:12 - [TEST_STEP][PASSED] - if (group >= 0): null

27-02-2025T17:24:12 - [TEST_STEP][PASSED] - else: null

27-02-2025T17:24:12 - [TEST_STEP][PASSED] - if (include): null

27-02-2025T17:24:12 - [TEST_STEP][PASSED] - println(line): null

27-02-2025T17:24:12 - [TEST_STEP][PASSED] - comma = line.indexOf(",y"): null

27-02-2025T17:24:12 - [TEST_STEP][PASSED] - if (comma > 0): null

27-02-2025T17:24:12 - [TEST_STEP][PASSED] - line = reader.readLine(): null

27-02-2025T17:24:12 - [TEST_STEP][PASSED] - println(line): null

27-02-2025T17:24:12 - [TEST_STEP][PASSED] - group = line.indexOf("<Group>"): null

27-02-2025T17:24:12 - [TEST_STEP][PASSED] - println(group): null

27-02-2025T17:24:12 - [TEST_STEP][PASSED] - if (group >= 0): null

27-02-2025T17:24:12 - [TEST_STEP][PASSED] - else: null

27-02-2025T17:24:12 - [TEST_STEP][PASSED] - if (include): null

27-02-2025T17:24:12 - [TEST_STEP][PASSED] - println(line): null

27-02-2025T17:24:12 - [TEST_STEP][PASSED] - comma = line.indexOf(",y"): null

27-02-2025T17:24:12 - [TEST_STEP][PASSED] - if (comma > 0): null

27-02-2025T17:24:12 - [TEST_STEP][PASSED] - line = reader.readLine(): null

27-02-2025T17:24:12 - [TEST_STEP][PASSED] - println(line): null

27-02-2025T17:24:12 - [TEST_STEP][PASSED] - group = line.indexOf("<Group>"): null

27-02-2025T17:24:12 - [TEST_STEP][PASSED] - println(group): null

27-02-2025T17:24:12 - [TEST_STEP][PASSED] - if (group >= 0): null

27-02-2025T17:24:12 - [TEST_STEP][PASSED] - else: null

27-02-2025T17:24:12 - [TEST_STEP][PASSED] - if (include): null

27-02-2025T17:24:12 - [TEST_STEP][PASSED] - println(line): null

27-02-2025T17:24:12 - [TEST_STEP][PASSED] - comma = line.indexOf(",y"): null

27-02-2025T17:24:12 - [TEST_STEP][PASSED] - if (comma > 0): null

27-02-2025T17:24:12 - [TEST_STEP][PASSED] - line = reader.readLine(): null

27-02-2025T17:24:12 - [TEST_STEP][PASSED] - println(line): null

27-02-2025T17:24:12 - [TEST_STEP][PASSED] - group = line.indexOf("<Group>"): null

27-02-2025T17:24:12 - [TEST_STEP][PASSED] - println(group): null

27-02-2025T17:24:12 - [TEST_STEP][PASSED] - if (group >= 0): null

27-02-2025T17:24:12 - [TEST_STEP][PASSED] - else: null

27-02-2025T17:24:12 - [TEST_STEP][PASSED] - if (include): null

27-02-2025T17:24:12 - [TEST_STEP][PASSED] - println(line): null

27-02-2025T17:24:12 - [TEST_STEP][PASSED] - comma = line.indexOf(",y"): null

27-02-2025T17:24:12 - [TEST_STEP][PASSED] - if (comma > 0): null

27-02-2025T17:24:12 - [TEST_STEP][PASSED] - line = reader.readLine(): null

27-02-2025T17:24:12 - [TEST_STEP][PASSED] - println(line): null

27-02-2025T17:24:12 - [TEST_STEP][PASSED] - group = line.indexOf("<Group>"): null

27-02-2025T17:24:12 - [TEST_STEP][PASSED] - println(group): null

27-02-2025T17:24:12 - [TEST_STEP][PASSED] - if (group >= 0): null

27-02-2025T17:24:12 - [TEST_STEP][PASSED] - else: null

27-02-2025T17:24:12 - [TEST_STEP][PASSED] - if (include): null

27-02-2025T17:24:12 - [TEST_STEP][PASSED] - println(line): null

27-02-2025T17:24:12 - [TEST_STEP][PASSED] - comma = line.indexOf(",y"): null

27-02-2025T17:24:12 - [TEST_STEP][PASSED] - if (comma > 0): null

27-02-2025T17:24:12 - [TEST_STEP][PASSED] - line = reader.readLine(): null

27-02-2025T17:24:12 - [TEST_STEP][PASSED] - println(line): null

27-02-2025T17:24:12 - [TEST_STEP][PASSED] - group = line.indexOf("<Group>"): null

27-02-2025T17:24:12 - [TEST_STEP][PASSED] - println(group): null

27-02-2025T17:24:12 - [TEST_STEP][PASSED] - if (group >= 0): null

27-02-2025T17:24:12 - [TEST_STEP][PASSED] - else: null

27-02-2025T17:24:12 - [TEST_STEP][PASSED] - if (include): null

27-02-2025T17:24:12 - [TEST_STEP][PASSED] - println(line): null

27-02-2025T17:24:12 - [TEST_STEP][PASSED] - comma = line.indexOf(",y"): null

27-02-2025T17:24:12 - [TEST_STEP][PASSED] - if (comma > 0): null

27-02-2025T17:24:12 - [TEST_STEP][PASSED] - line = reader.readLine(): null

27-02-2025T17:24:12 - [TEST_STEP][PASSED] - println(line): null

27-02-2025T17:24:12 - [TEST_STEP][PASSED] - group = line.indexOf("<Group>"): null

27-02-2025T17:24:12 - [TEST_STEP][PASSED] - println(group): null

27-02-2025T17:24:12 - [TEST_STEP][PASSED] - if (group >= 0): null

27-02-2025T17:24:12 - [TEST_STEP][PASSED] - else: null

27-02-2025T17:24:12 - [TEST_STEP][PASSED] - if (include): null

27-02-2025T17:24:12 - [TEST_STEP][PASSED] - println(line): null

27-02-2025T17:24:12 - [TEST_STEP][PASSED] - comma = line.indexOf(",y"): null

27-02-2025T17:24:12 - [TEST_STEP][PASSED] - if (comma > 0): null

27-02-2025T17:24:12 - [TEST_STEP][PASSED] - line = reader.readLine(): null

27-02-2025T17:24:12 - [TEST_STEP][PASSED] - println(line): null

27-02-2025T17:24:12 - [TEST_STEP][PASSED] - group = line.indexOf("<Group>"): null

27-02-2025T17:24:12 - [TEST_STEP][PASSED] - println(group): null

27-02-2025T17:24:12 - [TEST_STEP][PASSED] - if (group >= 0): null

27-02-2025T17:24:12 - [TEST_STEP][PASSED] - else: null

27-02-2025T17:24:12 - [TEST_STEP][PASSED] - if (include): null

27-02-2025T17:24:12 - [TEST_STEP][PASSED] - println(line): null

27-02-2025T17:24:12 - [TEST_STEP][PASSED] - comma = line.indexOf(",y"): null

27-02-2025T17:24:12 - [TEST_STEP][PASSED] - if (comma > 0): null

27-02-2025T17:24:12 - [TEST_STEP][PASSED] - line = reader.readLine(): null

27-02-2025T17:24:12 - [TEST_STEP][PASSED] - println(line): null

27-02-2025T17:24:12 - [TEST_STEP][PASSED] - group = line.indexOf("<Group>"): null

27-02-2025T17:24:12 - [TEST_STEP][PASSED] - println(group): null

27-02-2025T17:24:12 - [TEST_STEP][PASSED] - if (group >= 0): null

27-02-2025T17:24:12 - [TEST_STEP][PASSED] - else: null

27-02-2025T17:24:12 - [TEST_STEP][PASSED] - if (include): null

27-02-2025T17:24:12 - [TEST_STEP][PASSED] - println(line): null

27-02-2025T17:24:12 - [TEST_STEP][PASSED] - comma = line.indexOf(",y"): null

27-02-2025T17:24:12 - [TEST_STEP][PASSED] - if (comma > 0): null

27-02-2025T17:24:12 - [TEST_STEP][PASSED] - line = reader.readLine(): null

27-02-2025T17:24:12 - [TEST_STEP][PASSED] - println(line): null

27-02-2025T17:24:12 - [TEST_STEP][PASSED] - group = line.indexOf("<Group>"): null

27-02-2025T17:24:12 - [TEST_STEP][PASSED] - println(group): null

27-02-2025T17:24:12 - [TEST_STEP][PASSED] - if (group >= 0): null

27-02-2025T17:24:12 - [TEST_STEP][PASSED] - else: null

27-02-2025T17:24:12 - [TEST_STEP][PASSED] - if (include): null

27-02-2025T17:24:12 - [TEST_STEP][PASSED] - println(line): null

27-02-2025T17:24:12 - [TEST_STEP][PASSED] - comma = line.indexOf(",y"): null

27-02-2025T17:24:12 - [TEST_STEP][PASSED] - if (comma > 0): null

27-02-2025T17:24:12 - [TEST_STEP][PASSED] - line = reader.readLine(): null

27-02-2025T17:24:12 - [TEST_STEP][PASSED] - println(line): null

27-02-2025T17:24:12 - [TEST_STEP][PASSED] - group = line.indexOf("<Group>"): null

27-02-2025T17:24:12 - [TEST_STEP][PASSED] - println(group): null

27-02-2025T17:24:12 - [TEST_STEP][PASSED] - if (group >= 0): null

27-02-2025T17:24:12 - [TEST_STEP][PASSED] - else: null

27-02-2025T17:24:12 - [TEST_STEP][PASSED] - if (include): null

27-02-2025T17:24:12 - [TEST_STEP][PASSED] - println(line): null

27-02-2025T17:24:12 - [TEST_STEP][PASSED] - comma = line.indexOf(",y"): null

27-02-2025T17:24:12 - [TEST_STEP][PASSED] - if (comma > 0): null

27-02-2025T17:24:12 - [TEST_STEP][PASSED] - line = reader.readLine(): null

27-02-2025T17:24:12 - [TEST_STEP][PASSED] - println(line): null

27-02-2025T17:24:12 - [TEST_STEP][PASSED] - group = line.indexOf("<Group>"): null

27-02-2025T17:24:12 - [TEST_STEP][PASSED] - println(group): null

27-02-2025T17:24:12 - [TEST_STEP][PASSED] - if (group >= 0): null

27-02-2025T17:24:12 - [TEST_STEP][PASSED] - else: null

27-02-2025T17:24:12 - [TEST_STEP][PASSED] - if (include): null

27-02-2025T17:24:12 - [TEST_STEP][PASSED] - println(line): null

27-02-2025T17:24:12 - [TEST_STEP][PASSED] - comma = line.indexOf(",y"): null

27-02-2025T17:24:12 - [TEST_STEP][PASSED] - if (comma > 0): null

27-02-2025T17:24:12 - [TEST_STEP][PASSED] - line = reader.readLine(): null

27-02-2025T17:24:12 - [TEST_STEP][PASSED] - println(line): null

27-02-2025T17:24:12 - [TEST_STEP][PASSED] - group = line.indexOf("<Group>"): null

27-02-2025T17:24:12 - [TEST_STEP][PASSED] - println(group): null

27-02-2025T17:24:12 - [TEST_STEP][PASSED] - if (group >= 0): null

27-02-2025T17:24:12 - [TEST_STEP][PASSED] - else: null

27-02-2025T17:24:12 - [TEST_STEP][PASSED] - if (include): null

27-02-2025T17:24:12 - [TEST_STEP][PASSED] - println(line): null

27-02-2025T17:24:12 - [TEST_STEP][PASSED] - comma = line.indexOf(",y"): null

27-02-2025T17:24:12 - [TEST_STEP][PASSED] - if (comma > 0): null

27-02-2025T17:24:12 - [TEST_STEP][PASSED] - line = reader.readLine(): null

27-02-2025T17:24:12 - [TEST_STEP][PASSED] - println(line): null

27-02-2025T17:24:12 - [TEST_STEP][PASSED] - group = line.indexOf("<Group>"): null

27-02-2025T17:24:12 - [TEST_STEP][PASSED] - println(group): null

27-02-2025T17:24:12 - [TEST_STEP][PASSED] - if (group >= 0): null

27-02-2025T17:24:12 - [TEST_STEP][PASSED] - else: null

27-02-2025T17:24:12 - [TEST_STEP][PASSED] - if (include): null

27-02-2025T17:24:12 - [TEST_STEP][PASSED] - println(line): null

27-02-2025T17:24:12 - [TEST_STEP][PASSED] - comma = line.indexOf(",y"): null

27-02-2025T17:24:12 - [TEST_STEP][PASSED] - if (comma > 0): null

27-02-2025T17:24:12 - [TEST_STEP][PASSED] - line = reader.readLine(): null

27-02-2025T17:24:12 - [TEST_STEP][PASSED] - println(line): null

27-02-2025T17:24:12 - [TEST_STEP][PASSED] - group = line.indexOf("<Group>"): null

27-02-2025T17:24:12 - [TEST_STEP][PASSED] - println(group): null

27-02-2025T17:24:12 - [TEST_STEP][PASSED] - if (group >= 0): null

27-02-2025T17:24:12 - [TEST_STEP][PASSED] - else: null

27-02-2025T17:24:12 - [TEST_STEP][PASSED] - if (include): null

27-02-2025T17:24:12 - [TEST_STEP][PASSED] - println(line): null

27-02-2025T17:24:12 - [TEST_STEP][PASSED] - comma = line.indexOf(",y"): null

27-02-2025T17:24:12 - [TEST_STEP][PASSED] - if (comma > 0): null

27-02-2025T17:24:12 - [TEST_STEP][PASSED] - commaCount = StringUtils.countMatches(line, ","): null

27-02-2025T17:24:12 - [TEST_STEP][PASSED] - if (commaCount > 1): null

27-02-2025T17:24:12 - [TEST_STEP][PASSED] - else: null

27-02-2025T17:24:12 - [TEST_STEP][PASSED] - label = line.substring(1, comma): null

27-02-2025T17:24:12 - [TEST_STEP][PASSED] - println(label): null

27-02-2025T17:24:12 - [TEST_STEP][PASSED] - checked.add(label): null

27-02-2025T17:24:12 - [TEST_STEP][PASSED] - line = reader.readLine(): null

27-02-2025T17:24:12 - [TEST_STEP][PASSED] - println(line): null

27-02-2025T17:24:12 - [TEST_STEP][PASSED] - group = line.indexOf("<Group>"): null

27-02-2025T17:24:12 - [TEST_STEP][PASSED] - println(group): null

27-02-2025T17:24:12 - [TEST_STEP][PASSED] - if (group >= 0): null

27-02-2025T17:24:12 - [TEST_STEP][PASSED] - else: null

27-02-2025T17:24:12 - [TEST_STEP][PASSED] - if (include): null

27-02-2025T17:24:12 - [TEST_STEP][PASSED] - println(line): null

27-02-2025T17:24:12 - [TEST_STEP][PASSED] - comma = line.indexOf(",y"): null

27-02-2025T17:24:12 - [TEST_STEP][PASSED] - if (comma > 0): null

27-02-2025T17:24:12 - [TEST_STEP][PASSED] - line = reader.readLine(): null

27-02-2025T17:24:12 - [TEST_STEP][PASSED] - println(line): null

27-02-2025T17:24:12 - [TEST_STEP][PASSED] - group = line.indexOf("<Group>"): null

27-02-2025T17:24:12 - [TEST_STEP][PASSED] - println(group): null

27-02-2025T17:24:12 - [TEST_STEP][PASSED] - if (group >= 0): null

27-02-2025T17:24:12 - [TEST_STEP][PASSED] - else: null

27-02-2025T17:24:12 - [TEST_STEP][PASSED] - if (include): null

27-02-2025T17:24:12 - [TEST_STEP][PASSED] - println(line): null

27-02-2025T17:24:12 - [TEST_STEP][PASSED] - comma = line.indexOf(",y"): null

27-02-2025T17:24:12 - [TEST_STEP][PASSED] - if (comma > 0): null

27-02-2025T17:24:12 - [TEST_STEP][PASSED] - line = reader.readLine(): null

27-02-2025T17:24:12 - [TEST_STEP][PASSED] - println(line): null

27-02-2025T17:24:12 - [TEST_STEP][PASSED] - group = line.indexOf("<Group>"): null

27-02-2025T17:24:12 - [TEST_STEP][PASSED] - println(group): null

27-02-2025T17:24:12 - [TEST_STEP][PASSED] - if (group >= 0): null

27-02-2025T17:24:12 - [TEST_STEP][PASSED] - else: null

27-02-2025T17:24:12 - [TEST_STEP][PASSED] - if (include): null

27-02-2025T17:24:12 - [TEST_STEP][PASSED] - println(line): null

27-02-2025T17:24:12 - [TEST_STEP][PASSED] - comma = line.indexOf(",y"): null

27-02-2025T17:24:12 - [TEST_STEP][PASSED] - if (comma > 0): null

27-02-2025T17:24:12 - [TEST_STEP][PASSED] - line = reader.readLine(): null

27-02-2025T17:24:12 - [TEST_STEP][PASSED] - println(line): null

27-02-2025T17:24:12 - [TEST_STEP][PASSED] - group = line.indexOf("<Group>"): null

27-02-2025T17:24:12 - [TEST_STEP][PASSED] - println(group): null

27-02-2025T17:24:12 - [TEST_STEP][PASSED] - if (group >= 0): null

27-02-2025T17:24:12 - [TEST_STEP][PASSED] - else: null

27-02-2025T17:24:12 - [TEST_STEP][PASSED] - if (include): null

27-02-2025T17:24:12 - [TEST_STEP][PASSED] - println(line): null

27-02-2025T17:24:12 - [TEST_STEP][PASSED] - comma = line.indexOf(",y"): null

27-02-2025T17:24:12 - [TEST_STEP][PASSED] - if (comma > 0): null

27-02-2025T17:24:12 - [TEST_STEP][PASSED] - commaCount = StringUtils.countMatches(line, ","): null

27-02-2025T17:24:12 - [TEST_STEP][PASSED] - if (commaCount > 1): null

27-02-2025T17:24:12 - [TEST_STEP][PASSED] - else: null

27-02-2025T17:24:12 - [TEST_STEP][PASSED] - label = line.substring(1, comma): null

27-02-2025T17:24:12 - [TEST_STEP][PASSED] - println(label): null

27-02-2025T17:24:12 - [TEST_STEP][PASSED] - checked.add(label): null

27-02-2025T17:24:12 - [TEST_STEP][PASSED] - line = reader.readLine(): null

27-02-2025T17:24:12 - [TEST_STEP][PASSED] - println(line): null

27-02-2025T17:24:12 - [TEST_STEP][PASSED] - group = line.indexOf("<Group>"): null

27-02-2025T17:24:12 - [TEST_STEP][PASSED] - println(group): null

27-02-2025T17:24:12 - [TEST_STEP][PASSED] - if (group >= 0): null

27-02-2025T17:24:12 - [TEST_STEP][PASSED] - else: null

27-02-2025T17:24:12 - [TEST_STEP][PASSED] - if (include): null

27-02-2025T17:24:12 - [TEST_STEP][PASSED] - println(line): null

27-02-2025T17:24:12 - [TEST_STEP][PASSED] - comma = line.indexOf(",y"): null

27-02-2025T17:24:12 - [TEST_STEP][PASSED] - if (comma > 0): null

27-02-2025T17:24:12 - [TEST_STEP][PASSED] - line = reader.readLine(): null

27-02-2025T17:24:12 - [TEST_STEP][PASSED] - println(line): null

27-02-2025T17:24:12 - [TEST_STEP][PASSED] - group = line.indexOf("<Group>"): null

27-02-2025T17:24:12 - [TEST_STEP][PASSED] - println(group): null

27-02-2025T17:24:12 - [TEST_STEP][PASSED] - if (group >= 0): null

27-02-2025T17:24:12 - [TEST_STEP][PASSED] - else: null

27-02-2025T17:24:12 - [TEST_STEP][PASSED] - if (include): null

27-02-2025T17:24:12 - [TEST_STEP][PASSED] - println(line): null

27-02-2025T17:24:12 - [TEST_STEP][PASSED] - comma = line.indexOf(",y"): null

27-02-2025T17:24:12 - [TEST_STEP][PASSED] - if (comma > 0): null

27-02-2025T17:24:12 - [TEST_STEP][PASSED] - line = reader.readLine(): null

27-02-2025T17:24:12 - [TEST_STEP][PASSED] - println(line): null

27-02-2025T17:24:12 - [TEST_STEP][PASSED] - group = line.indexOf("<Group>"): null

27-02-2025T17:24:12 - [TEST_STEP][PASSED] - println(group): null

27-02-2025T17:24:12 - [TEST_STEP][PASSED] - if (group >= 0): null

27-02-2025T17:24:12 - [TEST_STEP][PASSED] - else: null

27-02-2025T17:24:12 - [TEST_STEP][PASSED] - if (include): null

27-02-2025T17:24:12 - [TEST_STEP][PASSED] - println(line): null

27-02-2025T17:24:14 - [TEST_STEP][PASSED] - comma = line.indexOf(",y"): null

27-02-2025T17:24:14 - [TEST_STEP][PASSED] - if (comma > 0): null

27-02-2025T17:24:14 - [TEST_STEP][PASSED] - commaCount = StringUtils.countMatches(line, ","): null

27-02-2025T17:24:14 - [TEST_STEP][PASSED] - if (commaCount > 1): null

27-02-2025T17:24:14 - [TEST_STEP][PASSED] - else: null

27-02-2025T17:24:14 - [TEST_STEP][PASSED] - label = line.substring(1, comma): null

27-02-2025T17:24:14 - [TEST_STEP][PASSED] - println(label): null

27-02-2025T17:24:14 - [TEST_STEP][PASSED] - checked.add(label): null

27-02-2025T17:24:14 - [TEST_STEP][PASSED] - line = reader.readLine(): null

27-02-2025T17:24:14 - [TEST_STEP][PASSED] - println(line): null

27-02-2025T17:24:14 - [TEST_STEP][PASSED] - group = line.indexOf("<Group>"): null

27-02-2025T17:24:14 - [TEST_STEP][PASSED] - println(group): null

27-02-2025T17:24:14 - [TEST_STEP][PASSED] - if (group >= 0): null

27-02-2025T17:24:14 - [TEST_STEP][PASSED] - else: null

27-02-2025T17:24:14 - [TEST_STEP][PASSED] - if (include): null

27-02-2025T17:24:14 - [TEST_STEP][PASSED] - println(line): null

27-02-2025T17:24:14 - [TEST_STEP][PASSED] - comma = line.indexOf(",y"): null

27-02-2025T17:24:14 - [TEST_STEP][PASSED] - if (comma > 0): null

27-02-2025T17:24:14 - [TEST_STEP][PASSED] - line = reader.readLine(): null

27-02-2025T17:24:14 - [TEST_STEP][PASSED] - println(line): null

27-02-2025T17:24:14 - [TEST_STEP][PASSED] - group = line.indexOf("<Group>"): null

27-02-2025T17:24:14 - [TEST_STEP][PASSED] - println(group): null

27-02-2025T17:24:14 - [TEST_STEP][PASSED] - if (group >= 0): null

27-02-2025T17:24:14 - [TEST_STEP][PASSED] - else: null

27-02-2025T17:24:14 - [TEST_STEP][PASSED] - if (include): null

27-02-2025T17:24:14 - [TEST_STEP][PASSED] - println(line): null

27-02-2025T17:24:14 - [TEST_STEP][PASSED] - comma = line.indexOf(",y"): null

27-02-2025T17:24:14 - [TEST_STEP][PASSED] - if (comma > 0): null

27-02-2025T17:24:14 - [TEST_STEP][PASSED] - line = reader.readLine(): null

27-02-2025T17:24:14 - [TEST_STEP][PASSED] - println(line): null

27-02-2025T17:24:14 - [TEST_STEP][PASSED] - group = line.indexOf("<Group>"): null

27-02-2025T17:24:14 - [TEST_STEP][PASSED] - println(group): null

27-02-2025T17:24:14 - [TEST_STEP][PASSED] - if (group >= 0): null

27-02-2025T17:24:14 - [TEST_STEP][PASSED] - else: null

27-02-2025T17:24:14 - [TEST_STEP][PASSED] - if (include): null

27-02-2025T17:24:14 - [TEST_STEP][PASSED] - println(line): null

27-02-2025T17:24:14 - [TEST_STEP][PASSED] - comma = line.indexOf(",y"): null

27-02-2025T17:24:14 - [TEST_STEP][PASSED] - if (comma > 0): null

27-02-2025T17:24:14 - [TEST_STEP][PASSED] - commaCount = StringUtils.countMatches(line, ","): null

27-02-2025T17:24:14 - [TEST_STEP][PASSED] - if (commaCount > 1): null

27-02-2025T17:24:14 - [TEST_STEP][PASSED] - else: null

27-02-2025T17:24:14 - [TEST_STEP][PASSED] - label = line.substring(1, comma): null

27-02-2025T17:24:14 - [TEST_STEP][PASSED] - println(label): null

27-02-2025T17:24:14 - [TEST_STEP][PASSED] - checked.add(label): null

27-02-2025T17:24:14 - [TEST_STEP][PASSED] - line = reader.readLine(): null

27-02-2025T17:24:14 - [TEST_STEP][PASSED] - println(line): null

27-02-2025T17:24:14 - [TEST_STEP][PASSED] - group = line.indexOf("<Group>"): null

27-02-2025T17:24:14 - [TEST_STEP][PASSED] - println(group): null

27-02-2025T17:24:14 - [TEST_STEP][PASSED] - if (group >= 0): null

27-02-2025T17:24:14 - [TEST_STEP][PASSED] - else: null

27-02-2025T17:24:14 - [TEST_STEP][PASSED] - if (include): null

27-02-2025T17:24:14 - [TEST_STEP][PASSED] - println(line): null

27-02-2025T17:24:14 - [TEST_STEP][PASSED] - comma = line.indexOf(",y"): null

27-02-2025T17:24:14 - [TEST_STEP][PASSED] - if (comma > 0): null

27-02-2025T17:24:14 - [TEST_STEP][PASSED] - line = reader.readLine(): null

27-02-2025T17:24:14 - [TEST_STEP][PASSED] - println(line): null

27-02-2025T17:24:14 - [TEST_STEP][PASSED] - group = line.indexOf("<Group>"): null

27-02-2025T17:24:14 - [TEST_STEP][PASSED] - println(group): null

27-02-2025T17:24:14 - [TEST_STEP][PASSED] - if (group >= 0): null

27-02-2025T17:24:14 - [TEST_STEP][PASSED] - else: null

27-02-2025T17:24:14 - [TEST_STEP][PASSED] - if (include): null

27-02-2025T17:24:14 - [TEST_STEP][PASSED] - println(line): null

27-02-2025T17:24:14 - [TEST_STEP][PASSED] - comma = line.indexOf(",y"): null

27-02-2025T17:24:14 - [TEST_STEP][PASSED] - if (comma > 0): null

27-02-2025T17:24:14 - [TEST_STEP][PASSED] - commaCount = StringUtils.countMatches(line, ","): null

27-02-2025T17:24:14 - [TEST_STEP][PASSED] - if (commaCount > 1): null

27-02-2025T17:24:14 - [TEST_STEP][PASSED] - else: null

27-02-2025T17:24:14 - [TEST_STEP][PASSED] - label = line.substring(1, comma): null

27-02-2025T17:24:14 - [TEST_STEP][PASSED] - println(label): null

27-02-2025T17:24:14 - [TEST_STEP][PASSED] - checked.add(label): null

27-02-2025T17:24:14 - [TEST_STEP][PASSED] - line = reader.readLine(): null

27-02-2025T17:24:14 - [TEST_STEP][PASSED] - println(line): null

27-02-2025T17:24:14 - [TEST_STEP][PASSED] - group = line.indexOf("<Group>"): null

27-02-2025T17:24:14 - [TEST_STEP][PASSED] - println(group): null

27-02-2025T17:24:14 - [TEST_STEP][PASSED] - if (group >= 0): null

27-02-2025T17:24:14 - [TEST_STEP][PASSED] - else: null

27-02-2025T17:24:14 - [TEST_STEP][PASSED] - if (include): null

27-02-2025T17:24:14 - [TEST_STEP][PASSED] - println(line): null

27-02-2025T17:24:14 - [TEST_STEP][PASSED] - comma = line.indexOf(",y"): null

27-02-2025T17:24:14 - [TEST_STEP][PASSED] - if (comma > 0): null

27-02-2025T17:24:14 - [TEST_STEP][PASSED] - line = reader.readLine(): null

27-02-2025T17:24:14 - [TEST_STEP][PASSED] - println(line): null

27-02-2025T17:24:14 - [TEST_STEP][PASSED] - group = line.indexOf("<Group>"): null

27-02-2025T17:24:14 - [TEST_STEP][PASSED] - println(group): null

27-02-2025T17:24:14 - [TEST_STEP][PASSED] - if (group >= 0): null

27-02-2025T17:24:14 - [TEST_STEP][PASSED] - else: null

27-02-2025T17:24:14 - [TEST_STEP][PASSED] - if (include): null

27-02-2025T17:24:14 - [TEST_STEP][PASSED] - println(line): null

27-02-2025T17:24:14 - [TEST_STEP][PASSED] - comma = line.indexOf(",y"): null

27-02-2025T17:24:14 - [TEST_STEP][PASSED] - if (comma > 0): null

27-02-2025T17:24:14 - [TEST_STEP][PASSED] - line = reader.readLine(): null

27-02-2025T17:24:14 - [TEST_STEP][PASSED] - println(line): null

27-02-2025T17:24:14 - [TEST_STEP][PASSED] - group = line.indexOf("<Group>"): null

27-02-2025T17:24:14 - [TEST_STEP][PASSED] - println(group): null

27-02-2025T17:24:14 - [TEST_STEP][PASSED] - if (group >= 0): null

27-02-2025T17:24:14 - [TEST_STEP][PASSED] - else: null

27-02-2025T17:24:14 - [TEST_STEP][PASSED] - if (include): null

27-02-2025T17:24:14 - [TEST_STEP][PASSED] - println(line): null

27-02-2025T17:24:14 - [TEST_STEP][PASSED] - comma = line.indexOf(",y"): null

27-02-2025T17:24:14 - [TEST_STEP][PASSED] - if (comma > 0): null

27-02-2025T17:24:14 - [TEST_STEP][PASSED] - line = reader.readLine(): null

27-02-2025T17:24:14 - [TEST_STEP][PASSED] - println(line): null

27-02-2025T17:24:14 - [TEST_STEP][PASSED] - group = line.indexOf("<Group>"): null

27-02-2025T17:24:14 - [TEST_STEP][PASSED] - println(group): null

27-02-2025T17:24:14 - [TEST_STEP][PASSED] - if (group >= 0): null

27-02-2025T17:24:14 - [TEST_STEP][PASSED] - else: null

27-02-2025T17:24:14 - [TEST_STEP][PASSED] - if (include): null

27-02-2025T17:24:14 - [TEST_STEP][PASSED] - println(line): null

27-02-2025T17:24:14 - [TEST_STEP][PASSED] - comma = line.indexOf(",y"): null

27-02-2025T17:24:14 - [TEST_STEP][PASSED] - if (comma > 0): null

27-02-2025T17:24:14 - [TEST_STEP][PASSED] - line = reader.readLine(): null

27-02-2025T17:24:14 - [TEST_STEP][PASSED] - println(line): null

27-02-2025T17:24:14 - [TEST_STEP][PASSED] - group = line.indexOf("<Group>"): null

27-02-2025T17:24:14 - [TEST_STEP][PASSED] - println(group): null

27-02-2025T17:24:14 - [TEST_STEP][PASSED] - if (group >= 0): null

27-02-2025T17:24:14 - [TEST_STEP][PASSED] - else: null

27-02-2025T17:24:14 - [TEST_STEP][PASSED] - if (include): null

27-02-2025T17:24:14 - [TEST_STEP][PASSED] - println(line): null

27-02-2025T17:24:14 - [TEST_STEP][PASSED] - comma = line.indexOf(",y"): null

27-02-2025T17:24:14 - [TEST_STEP][PASSED] - if (comma > 0): null

27-02-2025T17:24:14 - [TEST_STEP][PASSED] - line = reader.readLine(): null

27-02-2025T17:24:14 - [TEST_STEP][PASSED] - println(line): null

27-02-2025T17:24:14 - [TEST_STEP][PASSED] - group = line.indexOf("<Group>"): null

27-02-2025T17:24:14 - [TEST_STEP][PASSED] - println(group): null

27-02-2025T17:24:14 - [TEST_STEP][PASSED] - if (group >= 0): null

27-02-2025T17:24:14 - [TEST_STEP][PASSED] - else: null

27-02-2025T17:24:14 - [TEST_STEP][PASSED] - if (include): null

27-02-2025T17:24:14 - [TEST_STEP][PASSED] - println(line): null

27-02-2025T17:24:14 - [TEST_STEP][PASSED] - comma = line.indexOf(",y"): null

27-02-2025T17:24:14 - [TEST_STEP][PASSED] - if (comma > 0): null

27-02-2025T17:24:14 - [TEST_STEP][PASSED] - line = reader.readLine(): null

27-02-2025T17:24:14 - [TEST_STEP][PASSED] - println(line): null

27-02-2025T17:24:14 - [TEST_STEP][PASSED] - group = line.indexOf("<Group>"): null

27-02-2025T17:24:14 - [TEST_STEP][PASSED] - println(group): null

27-02-2025T17:24:14 - [TEST_STEP][PASSED] - if (group >= 0): null

27-02-2025T17:24:14 - [TEST_STEP][PASSED] - else: null

27-02-2025T17:24:14 - [TEST_STEP][PASSED] - if (include): null

27-02-2025T17:24:14 - [TEST_STEP][PASSED] - println(line): null

27-02-2025T17:24:14 - [TEST_STEP][PASSED] - comma = line.indexOf(",y"): null

27-02-2025T17:24:14 - [TEST_STEP][PASSED] - if (comma > 0): null

27-02-2025T17:24:14 - [TEST_STEP][PASSED] - line = reader.readLine(): null

27-02-2025T17:24:14 - [TEST_STEP][PASSED] - println(line): null

27-02-2025T17:24:14 - [TEST_STEP][PASSED] - group = line.indexOf("<Group>"): null

27-02-2025T17:24:14 - [TEST_STEP][PASSED] - println(group): null

27-02-2025T17:24:14 - [TEST_STEP][PASSED] - if (group >= 0): null

27-02-2025T17:24:14 - [TEST_STEP][PASSED] - else: null

27-02-2025T17:24:14 - [TEST_STEP][PASSED] - if (include): null

27-02-2025T17:24:14 - [TEST_STEP][PASSED] - println(line): null

27-02-2025T17:24:14 - [TEST_STEP][PASSED] - comma = line.indexOf(",y"): null

27-02-2025T17:24:14 - [TEST_STEP][PASSED] - if (comma > 0): null

27-02-2025T17:24:14 - [TEST_STEP][PASSED] - line = reader.readLine(): null

27-02-2025T17:24:14 - [TEST_STEP][PASSED] - println(line): null

27-02-2025T17:24:14 - [TEST_STEP][PASSED] - group = line.indexOf("<Group>"): null

27-02-2025T17:24:14 - [TEST_STEP][PASSED] - println(group): null

27-02-2025T17:24:14 - [TEST_STEP][PASSED] - if (group >= 0): null

27-02-2025T17:24:14 - [TEST_STEP][PASSED] - else: null

27-02-2025T17:24:14 - [TEST_STEP][PASSED] - if (include): null

27-02-2025T17:24:14 - [TEST_STEP][PASSED] - println(line): null

27-02-2025T17:24:14 - [TEST_STEP][PASSED] - comma = line.indexOf(",y"): null

27-02-2025T17:24:14 - [TEST_STEP][PASSED] - if (comma > 0): null

27-02-2025T17:24:14 - [TEST_STEP][PASSED] - commaCount = StringUtils.countMatches(line, ","): null

27-02-2025T17:24:14 - [TEST_STEP][PASSED] - if (commaCount > 1): null

27-02-2025T17:24:14 - [TEST_STEP][PASSED] - else: null

27-02-2025T17:24:14 - [TEST_STEP][PASSED] - label = line.substring(1, comma): null

27-02-2025T17:24:14 - [TEST_STEP][PASSED] - println(label): null

27-02-2025T17:24:14 - [TEST_STEP][PASSED] - checked.add(label): null

27-02-2025T17:24:14 - [TEST_STEP][PASSED] - line = reader.readLine(): null

27-02-2025T17:24:14 - [TEST_STEP][PASSED] - println(line): null

27-02-2025T17:24:14 - [TEST_STEP][PASSED] - group = line.indexOf("<Group>"): null

27-02-2025T17:24:14 - [TEST_STEP][PASSED] - println(group): null

27-02-2025T17:24:14 - [TEST_STEP][PASSED] - if (group >= 0): null

27-02-2025T17:24:14 - [TEST_STEP][PASSED] - else: null

27-02-2025T17:24:14 - [TEST_STEP][PASSED] - if (include): null

27-02-2025T17:24:14 - [TEST_STEP][PASSED] - println(line): null

27-02-2025T17:24:14 - [TEST_STEP][PASSED] - comma = line.indexOf(",y"): null

27-02-2025T17:24:14 - [TEST_STEP][PASSED] - if (comma > 0): null

27-02-2025T17:24:14 - [TEST_STEP][PASSED] - commaCount = StringUtils.countMatches(line, ","): null

27-02-2025T17:24:14 - [TEST_STEP][PASSED] - if (commaCount > 1): null

27-02-2025T17:24:14 - [TEST_STEP][PASSED] - else: null

27-02-2025T17:24:14 - [TEST_STEP][PASSED] - label = line.substring(1, comma): null

27-02-2025T17:24:14 - [TEST_STEP][PASSED] - println(label): null

27-02-2025T17:24:14 - [TEST_STEP][PASSED] - checked.add(label): null

27-02-2025T17:24:14 - [TEST_STEP][PASSED] - line = reader.readLine(): null

27-02-2025T17:24:14 - [TEST_STEP][PASSED] - println(line): null

27-02-2025T17:24:14 - [TEST_STEP][PASSED] - group = line.indexOf("<Group>"): null

27-02-2025T17:24:14 - [TEST_STEP][PASSED] - println(group): null

27-02-2025T17:24:14 - [TEST_STEP][PASSED] - if (group >= 0): null

27-02-2025T17:24:14 - [TEST_STEP][PASSED] - else: null

27-02-2025T17:24:14 - [TEST_STEP][PASSED] - if (include): null

27-02-2025T17:24:14 - [TEST_STEP][PASSED] - println(line): null

27-02-2025T17:24:14 - [TEST_STEP][PASSED] - comma = line.indexOf(",y"): null

27-02-2025T17:24:14 - [TEST_STEP][PASSED] - if (comma > 0): null

27-02-2025T17:24:14 - [TEST_STEP][PASSED] - line = reader.readLine(): null

27-02-2025T17:24:14 - [TEST_STEP][PASSED] - println(line): null

27-02-2025T17:24:14 - [TEST_STEP][PASSED] - group = line.indexOf("<Group>"): null

27-02-2025T17:24:14 - [TEST_STEP][PASSED] - println(group): null

27-02-2025T17:24:14 - [TEST_STEP][PASSED] - if (group >= 0): null

27-02-2025T17:24:14 - [TEST_STEP][PASSED] - else: null

27-02-2025T17:24:14 - [TEST_STEP][PASSED] - if (include): null

27-02-2025T17:24:14 - [TEST_STEP][PASSED] - println(line): null

27-02-2025T17:24:14 - [TEST_STEP][PASSED] - comma = line.indexOf(",y"): null

27-02-2025T17:24:14 - [TEST_STEP][PASSED] - if (comma > 0): null

27-02-2025T17:24:14 - [TEST_STEP][PASSED] - line = reader.readLine(): null

27-02-2025T17:24:14 - [TEST_STEP][PASSED] - println(line): null

27-02-2025T17:24:14 - [TEST_STEP][PASSED] - group = line.indexOf("<Group>"): null

27-02-2025T17:24:14 - [TEST_STEP][PASSED] - println(group): null

27-02-2025T17:24:14 - [TEST_STEP][PASSED] - if (group >= 0): null

27-02-2025T17:24:14 - [TEST_STEP][PASSED] - else: null

27-02-2025T17:24:14 - [TEST_STEP][PASSED] - if (include): null

27-02-2025T17:24:14 - [TEST_STEP][PASSED] - println(line): null

27-02-2025T17:24:14 - [TEST_STEP][PASSED] - comma = line.indexOf(",y"): null

27-02-2025T17:24:14 - [TEST_STEP][PASSED] - if (comma > 0): null

27-02-2025T17:24:14 - [TEST_STEP][PASSED] - line = reader.readLine(): null

27-02-2025T17:24:14 - [TEST_STEP][PASSED] - println(line): null

27-02-2025T17:24:14 - [TEST_STEP][PASSED] - group = line.indexOf("<Group>"): null

27-02-2025T17:24:14 - [TEST_STEP][PASSED] - println(group): null

27-02-2025T17:24:14 - [TEST_STEP][PASSED] - if (group >= 0): null

27-02-2025T17:24:14 - [TEST_STEP][PASSED] - else: null

27-02-2025T17:24:14 - [TEST_STEP][PASSED] - if (include): null

27-02-2025T17:24:14 - [TEST_STEP][PASSED] - println(line): null

27-02-2025T17:24:14 - [TEST_STEP][PASSED] - comma = line.indexOf(",y"): null

27-02-2025T17:24:14 - [TEST_STEP][PASSED] - if (comma > 0): null

27-02-2025T17:24:14 - [TEST_STEP][PASSED] - line = reader.readLine(): null

27-02-2025T17:24:14 - [TEST_STEP][PASSED] - println(line): null

27-02-2025T17:24:14 - [TEST_STEP][PASSED] - group = line.indexOf("<Group>"): null

27-02-2025T17:24:14 - [TEST_STEP][PASSED] - println(group): null

27-02-2025T17:24:14 - [TEST_STEP][PASSED] - if (group >= 0): null

27-02-2025T17:24:14 - [TEST_STEP][PASSED] - else: null

27-02-2025T17:24:14 - [TEST_STEP][PASSED] - if (include): null

27-02-2025T17:24:14 - [TEST_STEP][PASSED] - println(line): null

27-02-2025T17:24:14 - [TEST_STEP][PASSED] - comma = line.indexOf(",y"): null

27-02-2025T17:24:14 - [TEST_STEP][PASSED] - if (comma > 0): null

27-02-2025T17:24:14 - [TEST_STEP][PASSED] - commaCount = StringUtils.countMatches(line, ","): null

27-02-2025T17:24:14 - [TEST_STEP][PASSED] - if (commaCount > 1): null

27-02-2025T17:24:14 - [TEST_STEP][PASSED] - else: null

27-02-2025T17:24:14 - [TEST_STEP][PASSED] - label = line.substring(1, comma): null

27-02-2025T17:24:14 - [TEST_STEP][PASSED] - println(label): null

27-02-2025T17:24:14 - [TEST_STEP][PASSED] - checked.add(label): null

27-02-2025T17:24:14 - [TEST_STEP][PASSED] - line = reader.readLine(): null

27-02-2025T17:24:14 - [TEST_STEP][PASSED] - println(line): null

27-02-2025T17:24:14 - [TEST_STEP][PASSED] - group = line.indexOf("<Group>"): null

27-02-2025T17:24:14 - [TEST_STEP][PASSED] - println(group): null

27-02-2025T17:24:14 - [TEST_STEP][PASSED] - if (group >= 0): null

27-02-2025T17:24:14 - [TEST_STEP][PASSED] - else: null

27-02-2025T17:24:14 - [TEST_STEP][PASSED] - if (include): null

27-02-2025T17:24:14 - [TEST_STEP][PASSED] - println(line): null

27-02-2025T17:24:14 - [TEST_STEP][PASSED] - comma = line.indexOf(",y"): null

27-02-2025T17:24:14 - [TEST_STEP][PASSED] - if (comma > 0): null

27-02-2025T17:24:14 - [TEST_STEP][PASSED] - line = reader.readLine(): null

27-02-2025T17:24:14 - [TEST_STEP][PASSED] - println(line): null

27-02-2025T17:24:14 - [TEST_STEP][PASSED] - group = line.indexOf("<Group>"): null

27-02-2025T17:24:14 - [TEST_STEP][PASSED] - println(group): null

27-02-2025T17:24:14 - [TEST_STEP][PASSED] - if (group >= 0): null

27-02-2025T17:24:14 - [TEST_STEP][PASSED] - else: null

27-02-2025T17:24:14 - [TEST_STEP][PASSED] - if (include): null

27-02-2025T17:24:14 - [TEST_STEP][PASSED] - println(line): null

27-02-2025T17:24:14 - [TEST_STEP][PASSED] - comma = line.indexOf(",y"): null

27-02-2025T17:24:14 - [TEST_STEP][PASSED] - if (comma > 0): null

27-02-2025T17:24:14 - [TEST_STEP][PASSED] - line = reader.readLine(): null

27-02-2025T17:24:14 - [TEST_STEP][PASSED] - println(line): null

27-02-2025T17:24:14 - [TEST_STEP][PASSED] - group = line.indexOf("<Group>"): null

27-02-2025T17:24:14 - [TEST_STEP][PASSED] - println(group): null

27-02-2025T17:24:14 - [TEST_STEP][PASSED] - if (group >= 0): null

27-02-2025T17:24:14 - [TEST_STEP][PASSED] - else: null

27-02-2025T17:24:14 - [TEST_STEP][PASSED] - if (include): null

27-02-2025T17:24:14 - [TEST_STEP][PASSED] - println(line): null

27-02-2025T17:24:14 - [TEST_STEP][PASSED] - comma = line.indexOf(",y"): null

27-02-2025T17:24:14 - [TEST_STEP][PASSED] - if (comma > 0): null

27-02-2025T17:24:14 - [TEST_STEP][PASSED] - line = reader.readLine(): null

27-02-2025T17:24:14 - [TEST_STEP][PASSED] - println(line): null

27-02-2025T17:24:14 - [TEST_STEP][PASSED] - group = line.indexOf("<Group>"): null

27-02-2025T17:24:14 - [TEST_STEP][PASSED] - println(group): null

27-02-2025T17:24:14 - [TEST_STEP][PASSED] - if (group >= 0): null

27-02-2025T17:24:14 - [TEST_STEP][PASSED] - else: null

27-02-2025T17:24:14 - [TEST_STEP][PASSED] - if (include): null

27-02-2025T17:24:14 - [TEST_STEP][PASSED] - println(line): null

27-02-2025T17:24:14 - [TEST_STEP][PASSED] - comma = line.indexOf(",y"): null

27-02-2025T17:24:14 - [TEST_STEP][PASSED] - if (comma > 0): null

27-02-2025T17:24:14 - [TEST_STEP][PASSED] - line = reader.readLine(): null

27-02-2025T17:24:14 - [TEST_STEP][PASSED] - println(line): null

27-02-2025T17:24:14 - [TEST_STEP][PASSED] - group = line.indexOf("<Group>"): null

27-02-2025T17:24:14 - [TEST_STEP][PASSED] - println(group): null

27-02-2025T17:24:14 - [TEST_STEP][PASSED] - if (group >= 0): null

27-02-2025T17:24:14 - [TEST_STEP][PASSED] - else: null

27-02-2025T17:24:14 - [TEST_STEP][PASSED] - if (include): null

27-02-2025T17:24:14 - [TEST_STEP][PASSED] - println(line): null

27-02-2025T17:24:14 - [TEST_STEP][PASSED] - comma = line.indexOf(",y"): null

27-02-2025T17:24:14 - [TEST_STEP][PASSED] - if (comma > 0): null

27-02-2025T17:24:14 - [TEST_STEP][PASSED] - line = reader.readLine(): null

27-02-2025T17:24:14 - [TEST_STEP][PASSED] - println(line): null

27-02-2025T17:24:14 - [TEST_STEP][PASSED] - group = line.indexOf("<Group>"): null

27-02-2025T17:24:14 - [TEST_STEP][PASSED] - println(group): null

27-02-2025T17:24:14 - [TEST_STEP][PASSED] - if (group >= 0): null

27-02-2025T17:24:14 - [TEST_STEP][PASSED] - else: null

27-02-2025T17:24:14 - [TEST_STEP][PASSED] - if (include): null

27-02-2025T17:24:14 - [TEST_STEP][PASSED] - println(line): null

27-02-2025T17:24:14 - [TEST_STEP][PASSED] - comma = line.indexOf(",y"): null

27-02-2025T17:24:17 - [TEST_STEP][PASSED] - if (comma > 0): null

27-02-2025T17:24:17 - [TEST_STEP][PASSED] - line = reader.readLine(): null

27-02-2025T17:24:17 - [TEST_STEP][PASSED] - println(line): null

27-02-2025T17:24:17 - [TEST_STEP][PASSED] - group = line.indexOf("<Group>"): null

27-02-2025T17:24:17 - [TEST_STEP][PASSED] - println(group): null

27-02-2025T17:24:17 - [TEST_STEP][PASSED] - if (group >= 0): null

27-02-2025T17:24:17 - [TEST_STEP][PASSED] - else: null

27-02-2025T17:24:17 - [TEST_STEP][PASSED] - if (include): null

27-02-2025T17:24:17 - [TEST_STEP][PASSED] - println(line): null

27-02-2025T17:24:17 - [TEST_STEP][PASSED] - comma = line.indexOf(",y"): null

27-02-2025T17:24:17 - [TEST_STEP][PASSED] - if (comma > 0): null

27-02-2025T17:24:17 - [TEST_STEP][PASSED] - commaCount = StringUtils.countMatches(line, ","): null

27-02-2025T17:24:17 - [TEST_STEP][PASSED] - if (commaCount > 1): null

27-02-2025T17:24:17 - [TEST_STEP][PASSED] - else: null

27-02-2025T17:24:17 - [TEST_STEP][PASSED] - label = line.substring(1, comma): null

27-02-2025T17:24:17 - [TEST_STEP][PASSED] - println(label): null

27-02-2025T17:24:17 - [TEST_STEP][PASSED] - checked.add(label): null

27-02-2025T17:24:17 - [TEST_STEP][PASSED] - line = reader.readLine(): null

27-02-2025T17:24:17 - [TEST_STEP][PASSED] - println(line): null

27-02-2025T17:24:17 - [TEST_STEP][PASSED] - group = line.indexOf("<Group>"): null

27-02-2025T17:24:17 - [TEST_STEP][PASSED] - println(group): null

27-02-2025T17:24:17 - [TEST_STEP][PASSED] - if (group >= 0): null

27-02-2025T17:24:17 - [TEST_STEP][PASSED] - else: null

27-02-2025T17:24:17 - [TEST_STEP][PASSED] - if (include): null

27-02-2025T17:24:17 - [TEST_STEP][PASSED] - println(line): null

27-02-2025T17:24:17 - [TEST_STEP][PASSED] - comma = line.indexOf(",y"): null

27-02-2025T17:24:17 - [TEST_STEP][PASSED] - if (comma > 0): null

27-02-2025T17:24:17 - [TEST_STEP][PASSED] - line = reader.readLine(): null

27-02-2025T17:24:17 - [TEST_STEP][PASSED] - println(line): null

27-02-2025T17:24:17 - [TEST_STEP][PASSED] - group = line.indexOf("<Group>"): null

27-02-2025T17:24:17 - [TEST_STEP][PASSED] - println(group): null

27-02-2025T17:24:17 - [TEST_STEP][PASSED] - if (group >= 0): null

27-02-2025T17:24:17 - [TEST_STEP][PASSED] - else: null

27-02-2025T17:24:17 - [TEST_STEP][PASSED] - if (include): null

27-02-2025T17:24:17 - [TEST_STEP][PASSED] - println(line): null

27-02-2025T17:24:17 - [TEST_STEP][PASSED] - comma = line.indexOf(",y"): null

27-02-2025T17:24:17 - [TEST_STEP][PASSED] - if (comma > 0): null

27-02-2025T17:24:17 - [TEST_STEP][PASSED] - line = reader.readLine(): null

27-02-2025T17:24:17 - [TEST_STEP][PASSED] - println(line): null

27-02-2025T17:24:17 - [TEST_STEP][PASSED] - group = line.indexOf("<Group>"): null

27-02-2025T17:24:17 - [TEST_STEP][PASSED] - println(group): null

27-02-2025T17:24:17 - [TEST_STEP][PASSED] - if (group >= 0): null

27-02-2025T17:24:17 - [TEST_STEP][PASSED] - else: null

27-02-2025T17:24:17 - [TEST_STEP][PASSED] - if (include): null

27-02-2025T17:24:17 - [TEST_STEP][PASSED] - println(line): null

27-02-2025T17:24:17 - [TEST_STEP][PASSED] - comma = line.indexOf(",y"): null

27-02-2025T17:24:17 - [TEST_STEP][PASSED] - if (comma > 0): null

27-02-2025T17:24:17 - [TEST_STEP][PASSED] - line = reader.readLine(): null

27-02-2025T17:24:17 - [TEST_STEP][PASSED] - println(line): null

27-02-2025T17:24:17 - [TEST_STEP][PASSED] - group = line.indexOf("<Group>"): null

27-02-2025T17:24:17 - [TEST_STEP][PASSED] - println(group): null

27-02-2025T17:24:17 - [TEST_STEP][PASSED] - if (group >= 0): null

27-02-2025T17:24:17 - [TEST_STEP][PASSED] - else: null

27-02-2025T17:24:17 - [TEST_STEP][PASSED] - if (include): null

27-02-2025T17:24:17 - [TEST_STEP][PASSED] - println(line): null

27-02-2025T17:24:17 - [TEST_STEP][PASSED] - comma = line.indexOf(",y"): null

27-02-2025T17:24:17 - [TEST_STEP][PASSED] - if (comma > 0): null

27-02-2025T17:24:17 - [TEST_STEP][PASSED] - line = reader.readLine(): null

27-02-2025T17:24:17 - [TEST_STEP][PASSED] - println(line): null

27-02-2025T17:24:17 - [TEST_STEP][PASSED] - group = line.indexOf("<Group>"): null

27-02-2025T17:24:17 - [TEST_STEP][PASSED] - println(group): null

27-02-2025T17:24:17 - [TEST_STEP][PASSED] - if (group >= 0): null

27-02-2025T17:24:17 - [TEST_STEP][PASSED] - else: null

27-02-2025T17:24:17 - [TEST_STEP][PASSED] - if (include): null

27-02-2025T17:24:17 - [TEST_STEP][PASSED] - println(line): null

27-02-2025T17:24:17 - [TEST_STEP][PASSED] - comma = line.indexOf(",y"): null

27-02-2025T17:24:17 - [TEST_STEP][PASSED] - if (comma > 0): null

27-02-2025T17:24:17 - [TEST_STEP][PASSED] - line = reader.readLine(): null

27-02-2025T17:24:17 - [TEST_STEP][PASSED] - println(line): null

27-02-2025T17:24:17 - [TEST_STEP][PASSED] - group = line.indexOf("<Group>"): null

27-02-2025T17:24:17 - [TEST_STEP][PASSED] - println(group): null

27-02-2025T17:24:17 - [TEST_STEP][PASSED] - if (group >= 0): null

27-02-2025T17:24:17 - [TEST_STEP][PASSED] - else: null

27-02-2025T17:24:17 - [TEST_STEP][PASSED] - if (include): null

27-02-2025T17:24:17 - [TEST_STEP][PASSED] - println(line): null

27-02-2025T17:24:17 - [TEST_STEP][PASSED] - comma = line.indexOf(",y"): null

27-02-2025T17:24:17 - [TEST_STEP][PASSED] - if (comma > 0): null

27-02-2025T17:24:17 - [TEST_STEP][PASSED] - line = reader.readLine(): null

27-02-2025T17:24:17 - [TEST_STEP][PASSED] - println(line): null

27-02-2025T17:24:17 - [TEST_STEP][PASSED] - group = line.indexOf("<Group>"): null

27-02-2025T17:24:17 - [TEST_STEP][PASSED] - println(group): null

27-02-2025T17:24:17 - [TEST_STEP][PASSED] - if (group >= 0): null

27-02-2025T17:24:17 - [TEST_STEP][PASSED] - else: null

27-02-2025T17:24:17 - [TEST_STEP][PASSED] - if (include): null

27-02-2025T17:24:17 - [TEST_STEP][PASSED] - println(line): null

27-02-2025T17:24:17 - [TEST_STEP][PASSED] - comma = line.indexOf(",y"): null

27-02-2025T17:24:17 - [TEST_STEP][PASSED] - if (comma > 0): null

27-02-2025T17:24:17 - [TEST_STEP][PASSED] - line = reader.readLine(): null

27-02-2025T17:24:17 - [TEST_STEP][PASSED] - println(line): null

27-02-2025T17:24:17 - [TEST_STEP][PASSED] - group = line.indexOf("<Group>"): null

27-02-2025T17:24:17 - [TEST_STEP][PASSED] - println(group): null

27-02-2025T17:24:17 - [TEST_STEP][PASSED] - if (group >= 0): null

27-02-2025T17:24:17 - [TEST_STEP][PASSED] - else: null

27-02-2025T17:24:17 - [TEST_STEP][PASSED] - if (include): null

27-02-2025T17:24:17 - [TEST_STEP][PASSED] - println(line): null

27-02-2025T17:24:17 - [TEST_STEP][PASSED] - comma = line.indexOf(",y"): null

27-02-2025T17:24:17 - [TEST_STEP][PASSED] - if (comma > 0): null

27-02-2025T17:24:17 - [TEST_STEP][PASSED] - line = reader.readLine(): null

27-02-2025T17:24:17 - [TEST_STEP][PASSED] - println(line): null

27-02-2025T17:24:17 - [TEST_STEP][PASSED] - group = line.indexOf("<Group>"): null

27-02-2025T17:24:17 - [TEST_STEP][PASSED] - println(group): null

27-02-2025T17:24:17 - [TEST_STEP][PASSED] - if (group >= 0): null

27-02-2025T17:24:17 - [TEST_STEP][PASSED] - else: null

27-02-2025T17:24:17 - [TEST_STEP][PASSED] - if (include): null

27-02-2025T17:24:17 - [TEST_STEP][PASSED] - println(line): null

27-02-2025T17:24:17 - [TEST_STEP][PASSED] - comma = line.indexOf(",y"): null

27-02-2025T17:24:17 - [TEST_STEP][PASSED] - if (comma > 0): null

27-02-2025T17:24:17 - [TEST_STEP][PASSED] - line = reader.readLine(): null

27-02-2025T17:24:17 - [TEST_STEP][PASSED] - println(line): null

27-02-2025T17:24:17 - [TEST_STEP][PASSED] - group = line.indexOf("<Group>"): null

27-02-2025T17:24:17 - [TEST_STEP][PASSED] - println(group): null

27-02-2025T17:24:17 - [TEST_STEP][PASSED] - if (group >= 0): null

27-02-2025T17:24:17 - [TEST_STEP][PASSED] - else: null

27-02-2025T17:24:17 - [TEST_STEP][PASSED] - if (include): null

27-02-2025T17:24:17 - [TEST_STEP][PASSED] - println(line): null

27-02-2025T17:24:17 - [TEST_STEP][PASSED] - comma = line.indexOf(",y"): null

27-02-2025T17:24:17 - [TEST_STEP][PASSED] - if (comma > 0): null

27-02-2025T17:24:17 - [TEST_STEP][PASSED] - line = reader.readLine(): null

27-02-2025T17:24:17 - [TEST_STEP][PASSED] - frame.dispose(): null

27-02-2025T17:24:17 - [TEST_STEP][PASSED] - reader.close(): null

27-02-2025T17:24:17 - [TEST_STEP][PASSED] - println(checked): null

27-02-2025T17:24:17 - [TEST_STEP][PASSED] - return checked: null

27-02-2025T17:24:17 - [MESSAGE][PASSED] - Call Test Case 'Test Cases/_Functions/Get Selections from CSV File' successfully

27-02-2025T17:24:17 - [TEST_STEP][PASSED] - spouse_education_preferences_comment = "Willing to consider other positions.": null

27-02-2025T17:24:17 - [TEST_STEP][PASSED] - callTestCase(findTestCase("Education Candidate Profile/Tabs/Set Spouse Teaching Prefs"), ["varSpouse_preferred_education_positions":positions, "varSpouse_education_preferences_comment":spouse_education_preferences_comment], STOP_ON_FAILURE): Call Test Case 'Test Cases/Education Candidate Profile/Tabs/Set Spouse Teaching Prefs' successfully

27-02-2025T17:24:17 - [TEST_CASE][PASSED] - Test Cases/Education Candidate Profile/Tabs/Set Spouse Teaching Prefs: Test Cases/Education Candidate Profile/Tabs/Set Spouse Teaching Prefs

27-02-2025T17:24:17 - [TEST_STEP][PASSED] - username = username: null

27-02-2025T17:24:17 - [TEST_STEP][PASSED] - if (username != "cktest04ec"): null

27-02-2025T17:24:17 - [TEST_STEP][PASSED] - testName = "Education Candidate Spouse Teaching Prefs Tab": null

27-02-2025T17:24:17 - [TEST_STEP][PASSED] - outFile = callTestCase(findTestCase("_Functions/Set Output File"), ["varTestName":testName], STOP_ON_FAILURE): Call Test Case 'Test Cases/_Functions/Set Output File' successfully

27-02-2025T17:24:17 - [TEST_CASE][PASSED] - Test Cases/_Functions/Set Output File: Test Cases/_Functions/Set Output File

27-02-2025T17:24:17 - [TEST_STEP][PASSED] - testName = varTestName: null

27-02-2025T17:24:17 - [TEST_STEP][PASSED] - domain = domain: null

27-02-2025T17:24:17 - [TEST_STEP][PASSED] - writeFile = false: null

27-02-2025T17:24:17 - [TEST_STEP][PASSED] - if (outFile != ""): null

27-02-2025T17:24:17 - [TEST_STEP][PASSED] - myFile = outFile: null

27-02-2025T17:24:17 - [TEST_STEP][PASSED] - println(myFile): null

27-02-2025T17:24:17 - [TEST_STEP][PASSED] - outFile = new java.io.File(myFile): null

27-02-2025T17:24:17 - [TEST_STEP][PASSED] - writeFile = true: null

27-02-2025T17:24:17 - [TEST_STEP][PASSED] - if (!(writeFile)): null

27-02-2025T17:24:17 - [TEST_STEP][PASSED] - else: null

27-02-2025T17:24:17 - [TEST_STEP][PASSED] - outFile.append("
Testing " + testName + " on " + domain + ".
"): null

27-02-2025T17:24:17 - [TEST_STEP][PASSED] - return outFile: null

27-02-2025T17:24:17 - [MESSAGE][PASSED] - Call Test Case 'Test Cases/_Functions/Set Output File' successfully

27-02-2025T17:24:17 - [TEST_STEP][PASSED] - parms = [varSpouse_preferred_education_positions]: null

27-02-2025T17:24:17 - [TEST_STEP][PASSED] - positions = "//input[@id='profile_group-1631421746.766_spouse_preferred_education_positions']": null

27-02-2025T17:24:17 - [TEST_STEP][PASSED] - xpaths = [positions]: null

27-02-2025T17:24:17 - [TEST_STEP][PASSED] - tooltipImagePath = "/Users/cckozie/git/MissionNext-Katalon-Koz/images/education candidate/": null

27-02-2025T17:24:17 - [TEST_STEP][PASSED] - tooltips = []: null

27-02-2025T17:24:17 - [TEST_STEP][PASSED] - tooltipText = []: null

27-02-2025T17:24:17 - [TEST_STEP][PASSED] - requiredFieldMsgs = []: null

27-02-2025T17:24:17 - [TEST_STEP][PASSED] - click(findTestObject("Object Repository/Education Candidate Profile/Tabs/a_Spouse Teaching Prefs")): Object: 'Object Repository/Education Candidate Profile/Tabs/a_Spouse Teaching Prefs' is clicked on

27-02-2025T17:24:17 - [MESSAGE][PASSED] - Object: 'Object Repository/Education Candidate Profile/Tabs/a_Spouse Teaching Prefs' is clicked on

27-02-2025T17:24:17 - [TEST_STEP][PASSED] - tooltipTextMap = callTestCase(findTestCase("_Functions/Get Screenshot and Tooltip Text"), ["varExtension":testName], STOP_ON_FAILURE): Call Test Case 'Test Cases/_Functions/Get Screenshot and Tooltip Text' successfully

27-02-2025T17:24:17 - [TEST_CASE][PASSED] - Test Cases/_Functions/Get Screenshot and Tooltip Text: Test Cases/_Functions/Get Screenshot and Tooltip Text

27-02-2025T17:24:17 - [TEST_STEP][PASSED] - if (fastPath): null

27-02-2025T17:24:17 - [TEST_STEP][PASSED] - frame = new javax.swing.JFrame(): null

27-02-2025T17:24:17 - [TEST_STEP][PASSED] - p = new javax.swing.JPanel(): null

27-02-2025T17:24:17 - [TEST_STEP][PASSED] - l = new javax.swing.JLabel(Getting screenshot and tooltip text..., javax.swing.SwingConstants.CENTER): null

27-02-2025T17:24:17 - [TEST_STEP][PASSED] - frame.add(l): null

27-02-2025T17:24:17 - [TEST_STEP][PASSED] - frame.setSize(300, 100): null

27-02-2025T17:24:17 - [TEST_STEP][PASSED] - frame.setLocation(600, 0): null

27-02-2025T17:24:17 - [TEST_STEP][PASSED] - frame.setAlwaysOnTop(true): null

27-02-2025T17:24:17 - [TEST_STEP][PASSED] - frame.show(): null

27-02-2025T17:24:17 - [TEST_STEP][PASSED] - driver = getWebDriver(): null

27-02-2025T17:24:17 - [TEST_STEP][PASSED] - path = "/Users/cckozie/Documents/MissionNext/Screenshots and Tooltip Text/": null

27-02-2025T17:24:17 - [TEST_STEP][PASSED] - if (binding.hasVariable("varExtension")): null

27-02-2025T17:24:17 - [TEST_STEP][PASSED] - extension = varExtension: null

27-02-2025T17:24:17 - [TEST_STEP][PASSED] - println("Extension is " + extension): null

27-02-2025T17:24:17 - [TEST_STEP][PASSED] - fileBase = path + extension: null

27-02-2025T17:24:17 - [TEST_STEP][PASSED] - fileImage = fileBase + "_Screenshot.png": null

27-02-2025T17:24:17 - [TEST_STEP][PASSED] - waitForPageLoad(30): Wait for page load successfully

27-02-2025T17:24:17 - [MESSAGE][PASSED] - Wait for page load successfully

27-02-2025T17:24:17 - [TEST_STEP][PASSED] - spinner = driver.findElement(By.xpath("/html/body/div[1]/div/div[2]")): null

27-02-2025T17:24:17 - [TEST_STEP][PASSED] - executor = driver: null

27-02-2025T17:24:17 - [TEST_STEP][PASSED] - elementAttributes = executor.executeScript("var items = {}; for (index = 0; index < arguments[0].attributes.length; ++index) { items[arguments[0].attributes[index].name] = arguments[0].attributes[index].value }; return items;", spinner): null

27-02-2025T17:24:17 - [TEST_STEP][PASSED] - attrs = elementAttributes.toString(): null

27-02-2025T17:24:17 - [TEST_STEP][PASSED] - waits = 0: null

27-02-2025T17:24:17 - [TEST_STEP][PASSED] - while (attrs.indexOf("display: none") < 0 && waits < 2): null

27-02-2025T17:24:17 - [TEST_STEP][PASSED] - tooltipMap = callTestCase(findTestCase("_Functions/Get Tooltip Text"), [:], STOP_ON_FAILURE): Call Test Case 'Test Cases/_Functions/Get Tooltip Text' successfully

27-02-2025T17:24:17 - [TEST_CASE][PASSED] - Test Cases/_Functions/Get Tooltip Text: Test Cases/_Functions/Get Tooltip Text

27-02-2025T17:24:17 - [TEST_STEP][PASSED] - fieldTooltips = [:]: null

27-02-2025T17:24:17 - [TEST_STEP][PASSED] - tooltipMap = [:]: null

27-02-2025T17:24:17 - [TEST_STEP][PASSED] - driver = getWebDriver(): null

27-02-2025T17:24:17 - [TEST_STEP][PASSED] - tooltips = driver.findElements(By.className("field-tooltip")): null

27-02-2025T17:24:17 - [TEST_STEP][PASSED] - for (def it : tooltips): null

27-02-2025T17:24:17 - [TEST_STEP][PASSED] - if (it.isDisplayed()): null

27-02-2025T17:24:17 - [TEST_STEP][PASSED] - if (it.isDisplayed()): null

27-02-2025T17:24:17 - [TEST_STEP][PASSED] - if (it.isDisplayed()): null

27-02-2025T17:24:17 - [TEST_STEP][PASSED] - if (it.isDisplayed()): null

27-02-2025T17:24:17 - [TEST_STEP][PASSED] - if (it.isDisplayed()): null

27-02-2025T17:24:17 - [TEST_STEP][PASSED] - if (it.isDisplayed()): null

27-02-2025T17:24:17 - [TEST_STEP][PASSED] - if (it.isDisplayed()): null

27-02-2025T17:24:17 - [TEST_STEP][PASSED] - if (it.isDisplayed()): null

27-02-2025T17:24:17 - [TEST_STEP][PASSED] - if (it.isDisplayed()): null

27-02-2025T17:24:17 - [TEST_STEP][PASSED] - if (it.isDisplayed()): null

27-02-2025T17:24:17 - [TEST_STEP][PASSED] - if (it.isDisplayed()): null

27-02-2025T17:24:17 - [TEST_STEP][PASSED] - if (it.isDisplayed()): null

27-02-2025T17:24:17 - [TEST_STEP][PASSED] - if (it.isDisplayed()): null

27-02-2025T17:24:17 - [TEST_STEP][PASSED] - if (it.isDisplayed()): null

27-02-2025T17:24:17 - [TEST_STEP][PASSED] - if (it.isDisplayed()): null

27-02-2025T17:24:17 - [TEST_STEP][PASSED] - if (it.isDisplayed()): null

27-02-2025T17:24:17 - [TEST_STEP][PASSED] - if (it.isDisplayed()): null

27-02-2025T17:24:17 - [TEST_STEP][PASSED] - if (it.isDisplayed()): null

27-02-2025T17:24:17 - [TEST_STEP][PASSED] - if (it.isDisplayed()): null

27-02-2025T17:24:17 - [TEST_STEP][PASSED] - if (it.isDisplayed()): null

27-02-2025T17:24:17 - [TEST_STEP][PASSED] - if (fieldTooltips.size() > 0): null

27-02-2025T17:24:17 - [TEST_STEP][PASSED] - return tooltipMap: null

27-02-2025T17:24:17 - [MESSAGE][PASSED] - Call Test Case 'Test Cases/_Functions/Get Tooltip Text' successfully

27-02-2025T17:24:17 - [TEST_STEP][PASSED] - if (tooltipMap.size() > 0): null

27-02-2025T17:24:17 - [TEST_STEP][PASSED] - takeFullPageScreenshot(fileImage): Taking screenshot successfully

27-02-2025T17:24:18 - [MESSAGE][INFO] - 0 hidden object(s)

27-02-2025T17:24:19 - [MESSAGE][PASSED] - Taking screenshot successfully
[[ATTACHMENT|/Users/cckozie/Documents/MissionNext/Screenshots and Tooltip Text/Education Candidate Spouse Teaching Prefs Tab_Screenshot.png]]

27-02-2025T17:24:19 - [TEST_STEP][PASSED] - frame.dispose(): null

27-02-2025T17:24:19 - [TEST_STEP][PASSED] - return tooltipMap: null

27-02-2025T17:24:19 - [MESSAGE][PASSED] - Call Test Case 'Test Cases/_Functions/Get Screenshot and Tooltip Text' successfully

27-02-2025T17:24:19 - [TEST_STEP][PASSED] - if (tooltips.size() > 0): null

27-02-2025T17:24:19 - [TEST_STEP][PASSED] - outText = "Verifying the required field messages.
": null

27-02-2025T17:24:19 - [TEST_STEP][PASSED] - outFile.append(outText): null

27-02-2025T17:24:19 - [TEST_STEP][PASSED] - fieldList = []: null

27-02-2025T17:24:19 - [TEST_STEP][PASSED] - requiredFieldMsgs.each({ -> ... }): null

27-02-2025T17:24:19 - [TEST_STEP][PASSED] - callTestCase(findTestCase("_Functions/Test Field Error Messages"), ["varFieldList":fieldList, "varRequiredFieldMsgs":requiredFieldMsgs], STOP_ON_FAILURE): Call Test Case 'Test Cases/_Functions/Test Field Error Messages' successfully

27-02-2025T17:24:19 - [TEST_CASE][PASSED] - Test Cases/_Functions/Test Field Error Messages: Test Cases/_Functions/Test Field Error Messages

27-02-2025T17:24:19 - [TEST_STEP][PASSED] - count = callTestCase(findTestCase("_Functions/Find error messages"), ["varFunction":"count"], STOP_ON_FAILURE): Call Test Case 'Test Cases/_Functions/Find error messages' successfully

27-02-2025T17:24:19 - [TEST_CASE][PASSED] - Test Cases/_Functions/Find error messages: Test Cases/_Functions/Find error messages

27-02-2025T17:24:19 - [TEST_STEP][PASSED] - function = "count": null

27-02-2025T17:24:19 - [TEST_STEP][PASSED] - if (binding.hasVariable("varFunction")): null

27-02-2025T17:24:19 - [TEST_STEP][PASSED] - function = varFunction: null

27-02-2025T17:24:19 - [TEST_STEP][PASSED] - title = getWindowTitle(): Current window's title is: 'Education'

27-02-2025T17:24:19 - [MESSAGE][PASSED] - Current window's title is: 'Education'

27-02-2025T17:24:19 - [TEST_STEP][PASSED] - println("Page title is " + title): null

27-02-2025T17:24:19 - [TEST_STEP][PASSED] - driver = getWebDriver(): null

27-02-2025T17:24:19 - [TEST_STEP][PASSED] - elements = driver.findElements(By.xpath("//div[@class='col-sm-offset-3 col-sm-9 text-danger']")): null

27-02-2025T17:24:19 - [TEST_STEP][PASSED] - if (function == "count"): null

27-02-2025T17:24:19 - [TEST_STEP][PASSED] - return elements.size(): null

27-02-2025T17:24:19 - [MESSAGE][PASSED] - Call Test Case 'Test Cases/_Functions/Find error messages' successfully

27-02-2025T17:24:19 - [TEST_STEP][PASSED] - outFile = outFile: null

27-02-2025T17:24:19 - [TEST_STEP][PASSED] - if (count == 0): null

27-02-2025T17:24:19 - [TEST_STEP][PASSED] - else: Delayed 0 second(s)

27-02-2025T17:24:19 - [TEST_STEP][PASSED] - fieldList = varFieldList: null

27-02-2025T17:24:19 - [TEST_STEP][PASSED] - requiredFieldMsgs = varRequiredFieldMsgs: null

27-02-2025T17:24:19 - [TEST_STEP][PASSED] - outText = "Verifying error messages for fields " + fieldList: null

27-02-2025T17:24:19 - [TEST_STEP][PASSED] - for (def field : fieldList): null

27-02-2025T17:24:19 - [TEST_STEP][PASSED] - delay(fieldTestDelay): Delayed 0 second(s)

27-02-2025T17:24:19 - [MESSAGE][PASSED] - Delayed 0 second(s)

27-02-2025T17:24:19 - [MESSAGE][PASSED] - Call Test Case 'Test Cases/_Functions/Test Field Error Messages' successfully

27-02-2025T17:24:19 - [TEST_STEP][PASSED] - if (!(fastPath)): Call Test Case 'Test Cases/_Functions/Click on Group Elements' successfully

27-02-2025T17:24:19 - [TEST_STEP][PASSED] - callTestCase(findTestCase("_Functions/Click on Group Elements"), ["varXpaths":xpaths, "varParms":parms], STOP_ON_FAILURE): Call Test Case 'Test Cases/_Functions/Click on Group Elements' successfully

27-02-2025T17:24:19 - [TEST_CASE][PASSED] - Test Cases/_Functions/Click on Group Elements: Test Cases/_Functions/Click on Group Elements

27-02-2025T17:24:19 - [TEST_STEP][PASSED] - debug = false: null

27-02-2025T17:24:19 - [TEST_STEP][PASSED] - toggle = true: null

27-02-2025T17:24:19 - [TEST_STEP][PASSED] - frame = new javax.swing.JFrame(): null

27-02-2025T17:24:19 - [TEST_STEP][PASSED] - p = new javax.swing.JPanel(): null

27-02-2025T17:24:19 - [TEST_STEP][PASSED] - l = new javax.swing.JLabel(Making user selections..., javax.swing.SwingConstants.CENTER): null

27-02-2025T17:24:19 - [TEST_STEP][PASSED] - frame.add(l): null

27-02-2025T17:24:19 - [TEST_STEP][PASSED] - frame.setSize(300, 100): null

27-02-2025T17:24:19 - [TEST_STEP][PASSED] - frame.setLocation(600, 0): null

27-02-2025T17:24:19 - [TEST_STEP][PASSED] - frame.setAlwaysOnTop(true): null

27-02-2025T17:24:19 - [TEST_STEP][PASSED] - frame.show(): null

27-02-2025T17:24:19 - [TEST_STEP][PASSED] - driver = getWebDriver(): null

27-02-2025T17:24:19 - [TEST_STEP][PASSED] - println(varParms): null

27-02-2025T17:24:19 - [TEST_STEP][PASSED] - for ([i = 0, i < varXpaths.size(), (i++)]): null

27-02-2025T17:24:19 - [TEST_STEP][PASSED] - if (debug): null

27-02-2025T17:24:19 - [TEST_STEP][PASSED] - if (varParms[i].indexOf("Europe") >= 0): null

27-02-2025T17:24:19 - [TEST_STEP][PASSED] - elements = driver.findElements(By.xpath(varXpaths[i])): null

27-02-2025T17:24:19 - [TEST_STEP][PASSED] - element_count = elements.size(): null

27-02-2025T17:24:19 - [TEST_STEP][PASSED] - for (def element : elements): null

27-02-2025T17:24:19 - [TEST_STEP][PASSED] - myValue = element.getAttribute("value"): null

27-02-2025T17:24:19 - [TEST_STEP][PASSED] - if (debug): null

27-02-2025T17:24:19 - [TEST_STEP][PASSED] - if (myValue.length() >= 4): null

27-02-2025T17:24:19 - [TEST_STEP][PASSED] - if (myValue.substring(0, 4) == "(!) "): null

27-02-2025T17:24:19 - [TEST_STEP][PASSED] - myType = element.getAttribute("type"): null

27-02-2025T17:24:19 - [TEST_STEP][PASSED] - if (myValue in varParms[i]): null

27-02-2025T17:24:19 - [TEST_STEP][PASSED] - else: null

27-02-2025T17:24:19 - [TEST_STEP][PASSED] - inList = false: null

27-02-2025T17:24:19 - [TEST_STEP][PASSED] - if (myType == "checkbox"): null

27-02-2025T17:24:19 - [TEST_STEP][PASSED] - myStatus = element.isSelected(): null

27-02-2025T17:24:19 - [TEST_STEP][PASSED] - if (debug): null

27-02-2025T17:24:19 - [TEST_STEP][PASSED] - if (toggle && myStatus && inList): null

27-02-2025T17:24:20 - [TEST_STEP][PASSED] - if (!(myStatus) && inList || myStatus && !(inList)): null

27-02-2025T17:24:20 - [TEST_STEP][PASSED] - myValue = element.getAttribute("value"): null

27-02-2025T17:24:20 - [TEST_STEP][PASSED] - if (debug): null

27-02-2025T17:24:20 - [TEST_STEP][PASSED] - if (myValue.length() >= 4): null

27-02-2025T17:24:20 - [TEST_STEP][PASSED] - if (myValue.substring(0, 4) == "(!) "): null

27-02-2025T17:24:20 - [TEST_STEP][PASSED] - myType = element.getAttribute("type"): null

27-02-2025T17:24:20 - [TEST_STEP][PASSED] - if (myValue in varParms[i]): null

27-02-2025T17:24:20 - [TEST_STEP][PASSED] - else: null

27-02-2025T17:24:20 - [TEST_STEP][PASSED] - inList = false: null

27-02-2025T17:24:20 - [TEST_STEP][PASSED] - if (myType == "checkbox"): null

27-02-2025T17:24:20 - [TEST_STEP][PASSED] - myStatus = element.isSelected(): null

27-02-2025T17:24:20 - [TEST_STEP][PASSED] - if (debug): null

27-02-2025T17:24:20 - [TEST_STEP][PASSED] - if (toggle && myStatus && inList): null

27-02-2025T17:24:20 - [TEST_STEP][PASSED] - if (!(myStatus) && inList || myStatus && !(inList)): null

27-02-2025T17:24:20 - [TEST_STEP][PASSED] - myValue = element.getAttribute("value"): null

27-02-2025T17:24:20 - [TEST_STEP][PASSED] - if (debug): null

27-02-2025T17:24:20 - [TEST_STEP][PASSED] - if (myValue.length() >= 4): null

27-02-2025T17:24:20 - [TEST_STEP][PASSED] - if (myValue.substring(0, 4) == "(!) "): null

27-02-2025T17:24:20 - [TEST_STEP][PASSED] - myType = element.getAttribute("type"): null

27-02-2025T17:24:20 - [TEST_STEP][PASSED] - if (myValue in varParms[i]): null

27-02-2025T17:24:20 - [TEST_STEP][PASSED] - else: null

27-02-2025T17:24:20 - [TEST_STEP][PASSED] - inList = false: null

27-02-2025T17:24:20 - [TEST_STEP][PASSED] - if (myType == "checkbox"): null

27-02-2025T17:24:20 - [TEST_STEP][PASSED] - myStatus = element.isSelected(): null

27-02-2025T17:24:20 - [TEST_STEP][PASSED] - if (debug): null

27-02-2025T17:24:20 - [TEST_STEP][PASSED] - if (toggle && myStatus && inList): null

27-02-2025T17:24:20 - [TEST_STEP][PASSED] - if (!(myStatus) && inList || myStatus && !(inList)): null

27-02-2025T17:24:20 - [TEST_STEP][PASSED] - myValue = element.getAttribute("value"): null

27-02-2025T17:24:20 - [TEST_STEP][PASSED] - if (debug): null

27-02-2025T17:24:20 - [TEST_STEP][PASSED] - if (myValue.length() >= 4): null

27-02-2025T17:24:20 - [TEST_STEP][PASSED] - if (myValue.substring(0, 4) == "(!) "): null

27-02-2025T17:24:20 - [TEST_STEP][PASSED] - myType = element.getAttribute("type"): null

27-02-2025T17:24:20 - [TEST_STEP][PASSED] - if (myValue in varParms[i]): null

27-02-2025T17:24:20 - [TEST_STEP][PASSED] - else: null

27-02-2025T17:24:20 - [TEST_STEP][PASSED] - inList = false: null

27-02-2025T17:24:20 - [TEST_STEP][PASSED] - if (myType == "checkbox"): null

27-02-2025T17:24:20 - [TEST_STEP][PASSED] - myStatus = element.isSelected(): null

27-02-2025T17:24:20 - [TEST_STEP][PASSED] - if (debug): null

27-02-2025T17:24:20 - [TEST_STEP][PASSED] - if (toggle && myStatus && inList): null

27-02-2025T17:24:20 - [TEST_STEP][PASSED] - if (!(myStatus) && inList || myStatus && !(inList)): null

27-02-2025T17:24:20 - [TEST_STEP][PASSED] - myValue = element.getAttribute("value"): null

27-02-2025T17:24:20 - [TEST_STEP][PASSED] - if (debug): null

27-02-2025T17:24:20 - [TEST_STEP][PASSED] - if (myValue.length() >= 4): null

27-02-2025T17:24:20 - [TEST_STEP][PASSED] - if (myValue.substring(0, 4) == "(!) "): null

27-02-2025T17:24:20 - [TEST_STEP][PASSED] - myType = element.getAttribute("type"): null

27-02-2025T17:24:20 - [TEST_STEP][PASSED] - if (myValue in varParms[i]): null

27-02-2025T17:24:20 - [TEST_STEP][PASSED] - else: null

27-02-2025T17:24:20 - [TEST_STEP][PASSED] - inList = false: null

27-02-2025T17:24:20 - [TEST_STEP][PASSED] - if (myType == "checkbox"): null

27-02-2025T17:24:20 - [TEST_STEP][PASSED] - myStatus = element.isSelected(): null

27-02-2025T17:24:20 - [TEST_STEP][PASSED] - if (debug): null

27-02-2025T17:24:20 - [TEST_STEP][PASSED] - if (toggle && myStatus && inList): null

27-02-2025T17:24:20 - [TEST_STEP][PASSED] - if (!(myStatus) && inList || myStatus && !(inList)): null

27-02-2025T17:24:20 - [TEST_STEP][PASSED] - myValue = element.getAttribute("value"): null

27-02-2025T17:24:20 - [TEST_STEP][PASSED] - if (debug): null

27-02-2025T17:24:20 - [TEST_STEP][PASSED] - if (myValue.length() >= 4): null

27-02-2025T17:24:20 - [TEST_STEP][PASSED] - if (myValue.substring(0, 4) == "(!) "): null

27-02-2025T17:24:20 - [TEST_STEP][PASSED] - myType = element.getAttribute("type"): null

27-02-2025T17:24:20 - [TEST_STEP][PASSED] - if (myValue in varParms[i]): null

27-02-2025T17:24:20 - [TEST_STEP][PASSED] - else: null

27-02-2025T17:24:20 - [TEST_STEP][PASSED] - inList = false: null

27-02-2025T17:24:20 - [TEST_STEP][PASSED] - if (myType == "checkbox"): null

27-02-2025T17:24:20 - [TEST_STEP][PASSED] - myStatus = element.isSelected(): null

27-02-2025T17:24:20 - [TEST_STEP][PASSED] - if (debug): null

27-02-2025T17:24:20 - [TEST_STEP][PASSED] - if (toggle && myStatus && inList): null

27-02-2025T17:24:20 - [TEST_STEP][PASSED] - if (!(myStatus) && inList || myStatus && !(inList)): null

27-02-2025T17:24:20 - [TEST_STEP][PASSED] - myValue = element.getAttribute("value"): null

27-02-2025T17:24:20 - [TEST_STEP][PASSED] - if (debug): null

27-02-2025T17:24:20 - [TEST_STEP][PASSED] - if (myValue.length() >= 4): null

27-02-2025T17:24:20 - [TEST_STEP][PASSED] - if (myValue.substring(0, 4) == "(!) "): null

27-02-2025T17:24:20 - [TEST_STEP][PASSED] - myType = element.getAttribute("type"): null

27-02-2025T17:24:20 - [TEST_STEP][PASSED] - if (myValue in varParms[i]): null

27-02-2025T17:24:20 - [TEST_STEP][PASSED] - else: null

27-02-2025T17:24:20 - [TEST_STEP][PASSED] - inList = false: null

27-02-2025T17:24:20 - [TEST_STEP][PASSED] - if (myType == "checkbox"): null

27-02-2025T17:24:20 - [TEST_STEP][PASSED] - myStatus = element.isSelected(): null

27-02-2025T17:24:20 - [TEST_STEP][PASSED] - if (debug): null

27-02-2025T17:24:20 - [TEST_STEP][PASSED] - if (toggle && myStatus && inList): null

27-02-2025T17:24:20 - [TEST_STEP][PASSED] - if (!(myStatus) && inList || myStatus && !(inList)): null

27-02-2025T17:24:20 - [TEST_STEP][PASSED] - myValue = element.getAttribute("value"): null

27-02-2025T17:24:20 - [TEST_STEP][PASSED] - if (debug): null

27-02-2025T17:24:20 - [TEST_STEP][PASSED] - if (myValue.length() >= 4): null

27-02-2025T17:24:20 - [TEST_STEP][PASSED] - if (myValue.substring(0, 4) == "(!) "): null

27-02-2025T17:24:20 - [TEST_STEP][PASSED] - myType = element.getAttribute("type"): null

27-02-2025T17:24:20 - [TEST_STEP][PASSED] - if (myValue in varParms[i]): null

27-02-2025T17:24:20 - [TEST_STEP][PASSED] - else: null

27-02-2025T17:24:20 - [TEST_STEP][PASSED] - inList = false: null

27-02-2025T17:24:20 - [TEST_STEP][PASSED] - if (myType == "checkbox"): null

27-02-2025T17:24:20 - [TEST_STEP][PASSED] - myStatus = element.isSelected(): null

27-02-2025T17:24:20 - [TEST_STEP][PASSED] - if (debug): null

27-02-2025T17:24:20 - [TEST_STEP][PASSED] - if (toggle && myStatus && inList): null

27-02-2025T17:24:20 - [TEST_STEP][PASSED] - if (!(myStatus) && inList || myStatus && !(inList)): null

27-02-2025T17:24:20 - [TEST_STEP][PASSED] - myValue = element.getAttribute("value"): null

27-02-2025T17:24:20 - [TEST_STEP][PASSED] - if (debug): null

27-02-2025T17:24:20 - [TEST_STEP][PASSED] - if (myValue.length() >= 4): null

27-02-2025T17:24:20 - [TEST_STEP][PASSED] - if (myValue.substring(0, 4) == "(!) "): null

27-02-2025T17:24:20 - [TEST_STEP][PASSED] - myType = element.getAttribute("type"): null

27-02-2025T17:24:20 - [TEST_STEP][PASSED] - if (myValue in varParms[i]): null

27-02-2025T17:24:20 - [TEST_STEP][PASSED] - else: null

27-02-2025T17:24:20 - [TEST_STEP][PASSED] - inList = false: null

27-02-2025T17:24:20 - [TEST_STEP][PASSED] - if (myType == "checkbox"): null

27-02-2025T17:24:20 - [TEST_STEP][PASSED] - myStatus = element.isSelected(): null

27-02-2025T17:24:20 - [TEST_STEP][PASSED] - if (debug): null

27-02-2025T17:24:20 - [TEST_STEP][PASSED] - if (toggle && myStatus && inList): null

27-02-2025T17:24:20 - [TEST_STEP][PASSED] - if (!(myStatus) && inList || myStatus && !(inList)): null

27-02-2025T17:24:20 - [TEST_STEP][PASSED] - myValue = element.getAttribute("value"): null

27-02-2025T17:24:20 - [TEST_STEP][PASSED] - if (debug): null

27-02-2025T17:24:20 - [TEST_STEP][PASSED] - if (myValue.length() >= 4): null

27-02-2025T17:24:20 - [TEST_STEP][PASSED] - if (myValue.substring(0, 4) == "(!) "): null

27-02-2025T17:24:20 - [TEST_STEP][PASSED] - myType = element.getAttribute("type"): null

27-02-2025T17:24:20 - [TEST_STEP][PASSED] - if (myValue in varParms[i]): null

27-02-2025T17:24:20 - [TEST_STEP][PASSED] - else: null

27-02-2025T17:24:20 - [TEST_STEP][PASSED] - inList = false: null

27-02-2025T17:24:20 - [TEST_STEP][PASSED] - if (myType == "checkbox"): null

27-02-2025T17:24:20 - [TEST_STEP][PASSED] - myStatus = element.isSelected(): null

27-02-2025T17:24:20 - [TEST_STEP][PASSED] - if (debug): null

27-02-2025T17:24:20 - [TEST_STEP][PASSED] - if (toggle && myStatus && inList): null

27-02-2025T17:24:20 - [TEST_STEP][PASSED] - if (!(myStatus) && inList || myStatus && !(inList)): null

27-02-2025T17:24:20 - [TEST_STEP][PASSED] - myValue = element.getAttribute("value"): null

27-02-2025T17:24:20 - [TEST_STEP][PASSED] - if (debug): null

27-02-2025T17:24:20 - [TEST_STEP][PASSED] - if (myValue.length() >= 4): null

27-02-2025T17:24:20 - [TEST_STEP][PASSED] - if (myValue.substring(0, 4) == "(!) "): null

27-02-2025T17:24:20 - [TEST_STEP][PASSED] - myType = element.getAttribute("type"): null

27-02-2025T17:24:20 - [TEST_STEP][PASSED] - if (myValue in varParms[i]): null

27-02-2025T17:24:20 - [TEST_STEP][PASSED] - else: null

27-02-2025T17:24:20 - [TEST_STEP][PASSED] - inList = false: null

27-02-2025T17:24:20 - [TEST_STEP][PASSED] - if (myType == "checkbox"): null

27-02-2025T17:24:20 - [TEST_STEP][PASSED] - myStatus = element.isSelected(): null

27-02-2025T17:24:20 - [TEST_STEP][PASSED] - if (debug): null

27-02-2025T17:24:20 - [TEST_STEP][PASSED] - if (toggle && myStatus && inList): null

27-02-2025T17:24:20 - [TEST_STEP][PASSED] - if (!(myStatus) && inList || myStatus && !(inList)): null

27-02-2025T17:24:20 - [TEST_STEP][PASSED] - myValue = element.getAttribute("value"): null

27-02-2025T17:24:20 - [TEST_STEP][PASSED] - if (debug): null

27-02-2025T17:24:20 - [TEST_STEP][PASSED] - if (myValue.length() >= 4): null

27-02-2025T17:24:20 - [TEST_STEP][PASSED] - if (myValue.substring(0, 4) == "(!) "): null

27-02-2025T17:24:20 - [TEST_STEP][PASSED] - myType = element.getAttribute("type"): null

27-02-2025T17:24:20 - [TEST_STEP][PASSED] - if (myValue in varParms[i]): null

27-02-2025T17:24:20 - [TEST_STEP][PASSED] - else: null

27-02-2025T17:24:20 - [TEST_STEP][PASSED] - inList = false: null

27-02-2025T17:24:20 - [TEST_STEP][PASSED] - if (myType == "checkbox"): null

27-02-2025T17:24:20 - [TEST_STEP][PASSED] - myStatus = element.isSelected(): null

27-02-2025T17:24:20 - [TEST_STEP][PASSED] - if (debug): null

27-02-2025T17:24:20 - [TEST_STEP][PASSED] - if (toggle && myStatus && inList): null

27-02-2025T17:24:20 - [TEST_STEP][PASSED] - if (!(myStatus) && inList || myStatus && !(inList)): null

27-02-2025T17:24:20 - [TEST_STEP][PASSED] - myValue = element.getAttribute("value"): null

27-02-2025T17:24:20 - [TEST_STEP][PASSED] - if (debug): null

27-02-2025T17:24:20 - [TEST_STEP][PASSED] - if (myValue.length() >= 4): null

27-02-2025T17:24:20 - [TEST_STEP][PASSED] - if (myValue.substring(0, 4) == "(!) "): null

27-02-2025T17:24:20 - [TEST_STEP][PASSED] - myType = element.getAttribute("type"): null

27-02-2025T17:24:20 - [TEST_STEP][PASSED] - if (myValue in varParms[i]): null

27-02-2025T17:24:20 - [TEST_STEP][PASSED] - else: null

27-02-2025T17:24:20 - [TEST_STEP][PASSED] - inList = false: null

27-02-2025T17:24:20 - [TEST_STEP][PASSED] - if (myType == "checkbox"): null

27-02-2025T17:24:20 - [TEST_STEP][PASSED] - myStatus = element.isSelected(): null

27-02-2025T17:24:20 - [TEST_STEP][PASSED] - if (debug): null

27-02-2025T17:24:20 - [TEST_STEP][PASSED] - if (toggle && myStatus && inList): null

27-02-2025T17:24:20 - [TEST_STEP][PASSED] - if (!(myStatus) && inList || myStatus && !(inList)): null

27-02-2025T17:24:20 - [TEST_STEP][PASSED] - myValue = element.getAttribute("value"): null

27-02-2025T17:24:20 - [TEST_STEP][PASSED] - if (debug): null

27-02-2025T17:24:20 - [TEST_STEP][PASSED] - if (myValue.length() >= 4): null

27-02-2025T17:24:20 - [TEST_STEP][PASSED] - if (myValue.substring(0, 4) == "(!) "): null

27-02-2025T17:24:20 - [TEST_STEP][PASSED] - myType = element.getAttribute("type"): null

27-02-2025T17:24:20 - [TEST_STEP][PASSED] - if (myValue in varParms[i]): null

27-02-2025T17:24:20 - [TEST_STEP][PASSED] - else: null

27-02-2025T17:24:20 - [TEST_STEP][PASSED] - inList = false: null

27-02-2025T17:24:20 - [TEST_STEP][PASSED] - if (myType == "checkbox"): null

27-02-2025T17:24:20 - [TEST_STEP][PASSED] - myStatus = element.isSelected(): null

27-02-2025T17:24:20 - [TEST_STEP][PASSED] - if (debug): null

27-02-2025T17:24:20 - [TEST_STEP][PASSED] - if (toggle && myStatus && inList): null

27-02-2025T17:24:20 - [TEST_STEP][PASSED] - if (!(myStatus) && inList || myStatus && !(inList)): null

27-02-2025T17:24:20 - [TEST_STEP][PASSED] - myValue = element.getAttribute("value"): null

27-02-2025T17:24:20 - [TEST_STEP][PASSED] - if (debug): null

27-02-2025T17:24:20 - [TEST_STEP][PASSED] - if (myValue.length() >= 4): null

27-02-2025T17:24:20 - [TEST_STEP][PASSED] - if (myValue.substring(0, 4) == "(!) "): null

27-02-2025T17:24:20 - [TEST_STEP][PASSED] - myType = element.getAttribute("type"): null

27-02-2025T17:24:20 - [TEST_STEP][PASSED] - if (myValue in varParms[i]): null

27-02-2025T17:24:20 - [TEST_STEP][PASSED] - else: null

27-02-2025T17:24:20 - [TEST_STEP][PASSED] - inList = false: null

27-02-2025T17:24:20 - [TEST_STEP][PASSED] - if (myType == "checkbox"): null

27-02-2025T17:24:20 - [TEST_STEP][PASSED] - myStatus = element.isSelected(): null

27-02-2025T17:24:20 - [TEST_STEP][PASSED] - if (debug): null

27-02-2025T17:24:20 - [TEST_STEP][PASSED] - if (toggle && myStatus && inList): null

27-02-2025T17:24:20 - [TEST_STEP][PASSED] - if (!(myStatus) && inList || myStatus && !(inList)): null

27-02-2025T17:24:20 - [TEST_STEP][PASSED] - myValue = element.getAttribute("value"): null

27-02-2025T17:24:20 - [TEST_STEP][PASSED] - if (debug): null

27-02-2025T17:24:20 - [TEST_STEP][PASSED] - if (myValue.length() >= 4): null

27-02-2025T17:24:20 - [TEST_STEP][PASSED] - if (myValue.substring(0, 4) == "(!) "): null

27-02-2025T17:24:20 - [TEST_STEP][PASSED] - myType = element.getAttribute("type"): null

27-02-2025T17:24:20 - [TEST_STEP][PASSED] - if (myValue in varParms[i]): null

27-02-2025T17:24:20 - [TEST_STEP][PASSED] - else: null

27-02-2025T17:24:20 - [TEST_STEP][PASSED] - inList = false: null

27-02-2025T17:24:20 - [TEST_STEP][PASSED] - if (myType == "checkbox"): null

27-02-2025T17:24:20 - [TEST_STEP][PASSED] - myStatus = element.isSelected(): null

27-02-2025T17:24:20 - [TEST_STEP][PASSED] - if (debug): null

27-02-2025T17:24:20 - [TEST_STEP][PASSED] - if (toggle && myStatus && inList): null

27-02-2025T17:24:20 - [TEST_STEP][PASSED] - if (!(myStatus) && inList || myStatus && !(inList)): null

27-02-2025T17:24:20 - [TEST_STEP][PASSED] - myValue = element.getAttribute("value"): null

27-02-2025T17:24:20 - [TEST_STEP][PASSED] - if (debug): null

27-02-2025T17:24:20 - [TEST_STEP][PASSED] - if (myValue.length() >= 4): null

27-02-2025T17:24:20 - [TEST_STEP][PASSED] - if (myValue.substring(0, 4) == "(!) "): null

27-02-2025T17:24:20 - [TEST_STEP][PASSED] - myType = element.getAttribute("type"): null

27-02-2025T17:24:20 - [TEST_STEP][PASSED] - if (myValue in varParms[i]): null

27-02-2025T17:24:20 - [TEST_STEP][PASSED] - else: null

27-02-2025T17:24:20 - [TEST_STEP][PASSED] - inList = false: null

27-02-2025T17:24:20 - [TEST_STEP][PASSED] - if (myType == "checkbox"): null

27-02-2025T17:24:20 - [TEST_STEP][PASSED] - myStatus = element.isSelected(): null

27-02-2025T17:24:20 - [TEST_STEP][PASSED] - if (debug): null

27-02-2025T17:24:20 - [TEST_STEP][PASSED] - if (toggle && myStatus && inList): null

27-02-2025T17:24:20 - [TEST_STEP][PASSED] - if (!(myStatus) && inList || myStatus && !(inList)): null

27-02-2025T17:24:20 - [TEST_STEP][PASSED] - myValue = element.getAttribute("value"): null

27-02-2025T17:24:20 - [TEST_STEP][PASSED] - if (debug): null

27-02-2025T17:24:20 - [TEST_STEP][PASSED] - if (myValue.length() >= 4): null

27-02-2025T17:24:20 - [TEST_STEP][PASSED] - if (myValue.substring(0, 4) == "(!) "): null

27-02-2025T17:24:20 - [TEST_STEP][PASSED] - myType = element.getAttribute("type"): null

27-02-2025T17:24:20 - [TEST_STEP][PASSED] - if (myValue in varParms[i]): null

27-02-2025T17:24:20 - [TEST_STEP][PASSED] - else: null

27-02-2025T17:24:20 - [TEST_STEP][PASSED] - inList = false: null

27-02-2025T17:24:20 - [TEST_STEP][PASSED] - if (myType == "checkbox"): null

27-02-2025T17:24:20 - [TEST_STEP][PASSED] - myStatus = element.isSelected(): null

27-02-2025T17:24:20 - [TEST_STEP][PASSED] - if (debug): null

27-02-2025T17:24:20 - [TEST_STEP][PASSED] - if (toggle && myStatus && inList): null

27-02-2025T17:24:20 - [TEST_STEP][PASSED] - if (!(myStatus) && inList || myStatus && !(inList)): null

27-02-2025T17:24:20 - [TEST_STEP][PASSED] - myValue = element.getAttribute("value"): null

27-02-2025T17:24:20 - [TEST_STEP][PASSED] - if (debug): null

27-02-2025T17:24:20 - [TEST_STEP][PASSED] - if (myValue.length() >= 4): null

27-02-2025T17:24:20 - [TEST_STEP][PASSED] - if (myValue.substring(0, 4) == "(!) "): null

27-02-2025T17:24:20 - [TEST_STEP][PASSED] - myType = element.getAttribute("type"): null

27-02-2025T17:24:20 - [TEST_STEP][PASSED] - if (myValue in varParms[i]): null

27-02-2025T17:24:20 - [TEST_STEP][PASSED] - else: null

27-02-2025T17:24:20 - [TEST_STEP][PASSED] - inList = false: null

27-02-2025T17:24:20 - [TEST_STEP][PASSED] - if (myType == "checkbox"): null

27-02-2025T17:24:20 - [TEST_STEP][PASSED] - myStatus = element.isSelected(): null

27-02-2025T17:24:20 - [TEST_STEP][PASSED] - if (debug): null

27-02-2025T17:24:20 - [TEST_STEP][PASSED] - if (toggle && myStatus && inList): null

27-02-2025T17:24:20 - [TEST_STEP][PASSED] - if (!(myStatus) && inList || myStatus && !(inList)): null

27-02-2025T17:24:20 - [TEST_STEP][PASSED] - myValue = element.getAttribute("value"): null

27-02-2025T17:24:20 - [TEST_STEP][PASSED] - if (debug): null

27-02-2025T17:24:20 - [TEST_STEP][PASSED] - if (myValue.length() >= 4): null

27-02-2025T17:24:20 - [TEST_STEP][PASSED] - if (myValue.substring(0, 4) == "(!) "): null

27-02-2025T17:24:20 - [TEST_STEP][PASSED] - myType = element.getAttribute("type"): null

27-02-2025T17:24:20 - [TEST_STEP][PASSED] - if (myValue in varParms[i]): null

27-02-2025T17:24:20 - [TEST_STEP][PASSED] - else: null

27-02-2025T17:24:20 - [TEST_STEP][PASSED] - inList = false: null

27-02-2025T17:24:20 - [TEST_STEP][PASSED] - if (myType == "checkbox"): null

27-02-2025T17:24:20 - [TEST_STEP][PASSED] - myStatus = element.isSelected(): null

27-02-2025T17:24:20 - [TEST_STEP][PASSED] - if (debug): null

27-02-2025T17:24:20 - [TEST_STEP][PASSED] - if (toggle && myStatus && inList): null

27-02-2025T17:24:20 - [TEST_STEP][PASSED] - if (!(myStatus) && inList || myStatus && !(inList)): null

27-02-2025T17:24:20 - [TEST_STEP][PASSED] - myValue = element.getAttribute("value"): null

27-02-2025T17:24:20 - [TEST_STEP][PASSED] - if (debug): null

27-02-2025T17:24:20 - [TEST_STEP][PASSED] - if (myValue.length() >= 4): null

27-02-2025T17:24:20 - [TEST_STEP][PASSED] - if (myValue.substring(0, 4) == "(!) "): null

27-02-2025T17:24:20 - [TEST_STEP][PASSED] - myType = element.getAttribute("type"): null

27-02-2025T17:24:20 - [TEST_STEP][PASSED] - if (myValue in varParms[i]): null

27-02-2025T17:24:20 - [TEST_STEP][PASSED] - else: null

27-02-2025T17:24:20 - [TEST_STEP][PASSED] - inList = false: null

27-02-2025T17:24:20 - [TEST_STEP][PASSED] - if (myType == "checkbox"): null

27-02-2025T17:24:20 - [TEST_STEP][PASSED] - myStatus = element.isSelected(): null

27-02-2025T17:24:20 - [TEST_STEP][PASSED] - if (debug): null

27-02-2025T17:24:20 - [TEST_STEP][PASSED] - if (toggle && myStatus && inList): null

27-02-2025T17:24:20 - [TEST_STEP][PASSED] - if (!(myStatus) && inList || myStatus && !(inList)): null

27-02-2025T17:24:20 - [TEST_STEP][PASSED] - myValue = element.getAttribute("value"): null

27-02-2025T17:24:20 - [TEST_STEP][PASSED] - if (debug): null

27-02-2025T17:24:20 - [TEST_STEP][PASSED] - if (myValue.length() >= 4): null

27-02-2025T17:24:20 - [TEST_STEP][PASSED] - if (myValue.substring(0, 4) == "(!) "): null

27-02-2025T17:24:20 - [TEST_STEP][PASSED] - myType = element.getAttribute("type"): null

27-02-2025T17:24:20 - [TEST_STEP][PASSED] - if (myValue in varParms[i]): null

27-02-2025T17:24:20 - [TEST_STEP][PASSED] - else: null

27-02-2025T17:24:20 - [TEST_STEP][PASSED] - inList = false: null

27-02-2025T17:24:20 - [TEST_STEP][PASSED] - if (myType == "checkbox"): null

27-02-2025T17:24:20 - [TEST_STEP][PASSED] - myStatus = element.isSelected(): null

27-02-2025T17:24:20 - [TEST_STEP][PASSED] - if (debug): null

27-02-2025T17:24:20 - [TEST_STEP][PASSED] - if (toggle && myStatus && inList): null

27-02-2025T17:24:20 - [TEST_STEP][PASSED] - if (!(myStatus) && inList || myStatus && !(inList)): null

27-02-2025T17:24:20 - [TEST_STEP][PASSED] - myValue = element.getAttribute("value"): null

27-02-2025T17:24:20 - [TEST_STEP][PASSED] - if (debug): null

27-02-2025T17:24:20 - [TEST_STEP][PASSED] - if (myValue.length() >= 4): null

27-02-2025T17:24:20 - [TEST_STEP][PASSED] - if (myValue.substring(0, 4) == "(!) "): null

27-02-2025T17:24:20 - [TEST_STEP][PASSED] - myType = element.getAttribute("type"): null

27-02-2025T17:24:23 - [TEST_STEP][PASSED] - if (myValue in varParms[i]): null

27-02-2025T17:24:23 - [TEST_STEP][PASSED] - else: null

27-02-2025T17:24:23 - [TEST_STEP][PASSED] - inList = false: null

27-02-2025T17:24:23 - [TEST_STEP][PASSED] - if (myType == "checkbox"): null

27-02-2025T17:24:23 - [TEST_STEP][PASSED] - myStatus = element.isSelected(): null

27-02-2025T17:24:23 - [TEST_STEP][PASSED] - if (debug): null

27-02-2025T17:24:23 - [TEST_STEP][PASSED] - if (toggle && myStatus && inList): null

27-02-2025T17:24:23 - [TEST_STEP][PASSED] - if (!(myStatus) && inList || myStatus && !(inList)): null

27-02-2025T17:24:23 - [TEST_STEP][PASSED] - myValue = element.getAttribute("value"): null

27-02-2025T17:24:23 - [TEST_STEP][PASSED] - if (debug): null

27-02-2025T17:24:23 - [TEST_STEP][PASSED] - if (myValue.length() >= 4): null

27-02-2025T17:24:23 - [TEST_STEP][PASSED] - if (myValue.substring(0, 4) == "(!) "): null

27-02-2025T17:24:23 - [TEST_STEP][PASSED] - myType = element.getAttribute("type"): null

27-02-2025T17:24:23 - [TEST_STEP][PASSED] - if (myValue in varParms[i]): null

27-02-2025T17:24:23 - [TEST_STEP][PASSED] - else: null

27-02-2025T17:24:23 - [TEST_STEP][PASSED] - inList = false: null

27-02-2025T17:24:23 - [TEST_STEP][PASSED] - if (myType == "checkbox"): null

27-02-2025T17:24:23 - [TEST_STEP][PASSED] - myStatus = element.isSelected(): null

27-02-2025T17:24:23 - [TEST_STEP][PASSED] - if (debug): null

27-02-2025T17:24:23 - [TEST_STEP][PASSED] - if (toggle && myStatus && inList): null

27-02-2025T17:24:23 - [TEST_STEP][PASSED] - if (!(myStatus) && inList || myStatus && !(inList)): null

27-02-2025T17:24:23 - [TEST_STEP][PASSED] - myValue = element.getAttribute("value"): null

27-02-2025T17:24:23 - [TEST_STEP][PASSED] - if (debug): null

27-02-2025T17:24:23 - [TEST_STEP][PASSED] - if (myValue.length() >= 4): null

27-02-2025T17:24:23 - [TEST_STEP][PASSED] - if (myValue.substring(0, 4) == "(!) "): null

27-02-2025T17:24:23 - [TEST_STEP][PASSED] - myType = element.getAttribute("type"): null

27-02-2025T17:24:23 - [TEST_STEP][PASSED] - if (myValue in varParms[i]): null

27-02-2025T17:24:23 - [TEST_STEP][PASSED] - else: null

27-02-2025T17:24:23 - [TEST_STEP][PASSED] - inList = false: null

27-02-2025T17:24:23 - [TEST_STEP][PASSED] - if (myType == "checkbox"): null

27-02-2025T17:24:23 - [TEST_STEP][PASSED] - myStatus = element.isSelected(): null

27-02-2025T17:24:23 - [TEST_STEP][PASSED] - if (debug): null

27-02-2025T17:24:23 - [TEST_STEP][PASSED] - if (toggle && myStatus && inList): null

27-02-2025T17:24:23 - [TEST_STEP][PASSED] - if (!(myStatus) && inList || myStatus && !(inList)): null

27-02-2025T17:24:23 - [TEST_STEP][PASSED] - myValue = element.getAttribute("value"): null

27-02-2025T17:24:23 - [TEST_STEP][PASSED] - if (debug): null

27-02-2025T17:24:23 - [TEST_STEP][PASSED] - if (myValue.length() >= 4): null

27-02-2025T17:24:23 - [TEST_STEP][PASSED] - if (myValue.substring(0, 4) == "(!) "): null

27-02-2025T17:24:23 - [TEST_STEP][PASSED] - myType = element.getAttribute("type"): null

27-02-2025T17:24:23 - [TEST_STEP][PASSED] - if (myValue in varParms[i]): null

27-02-2025T17:24:23 - [TEST_STEP][PASSED] - else: null

27-02-2025T17:24:23 - [TEST_STEP][PASSED] - inList = false: null

27-02-2025T17:24:23 - [TEST_STEP][PASSED] - if (myType == "checkbox"): null

27-02-2025T17:24:23 - [TEST_STEP][PASSED] - myStatus = element.isSelected(): null

27-02-2025T17:24:23 - [TEST_STEP][PASSED] - if (debug): null

27-02-2025T17:24:23 - [TEST_STEP][PASSED] - if (toggle && myStatus && inList): null

27-02-2025T17:24:23 - [TEST_STEP][PASSED] - if (!(myStatus) && inList || myStatus && !(inList)): null

27-02-2025T17:24:23 - [TEST_STEP][PASSED] - myValue = element.getAttribute("value"): null

27-02-2025T17:24:23 - [TEST_STEP][PASSED] - if (debug): null

27-02-2025T17:24:23 - [TEST_STEP][PASSED] - if (myValue.length() >= 4): null

27-02-2025T17:24:23 - [TEST_STEP][PASSED] - if (myValue.substring(0, 4) == "(!) "): null

27-02-2025T17:24:23 - [TEST_STEP][PASSED] - myType = element.getAttribute("type"): null

27-02-2025T17:24:23 - [TEST_STEP][PASSED] - if (myValue in varParms[i]): null

27-02-2025T17:24:23 - [TEST_STEP][PASSED] - else: null

27-02-2025T17:24:23 - [TEST_STEP][PASSED] - inList = false: null

27-02-2025T17:24:23 - [TEST_STEP][PASSED] - if (myType == "checkbox"): null

27-02-2025T17:24:23 - [TEST_STEP][PASSED] - myStatus = element.isSelected(): null

27-02-2025T17:24:23 - [TEST_STEP][PASSED] - if (debug): null

27-02-2025T17:24:23 - [TEST_STEP][PASSED] - if (toggle && myStatus && inList): null

27-02-2025T17:24:23 - [TEST_STEP][PASSED] - if (!(myStatus) && inList || myStatus && !(inList)): null

27-02-2025T17:24:23 - [TEST_STEP][PASSED] - myValue = element.getAttribute("value"): null

27-02-2025T17:24:23 - [TEST_STEP][PASSED] - if (debug): null

27-02-2025T17:24:23 - [TEST_STEP][PASSED] - if (myValue.length() >= 4): null

27-02-2025T17:24:23 - [TEST_STEP][PASSED] - if (myValue.substring(0, 4) == "(!) "): null

27-02-2025T17:24:23 - [TEST_STEP][PASSED] - myType = element.getAttribute("type"): null

27-02-2025T17:24:23 - [TEST_STEP][PASSED] - if (myValue in varParms[i]): null

27-02-2025T17:24:23 - [TEST_STEP][PASSED] - else: null

27-02-2025T17:24:23 - [TEST_STEP][PASSED] - inList = false: null

27-02-2025T17:24:23 - [TEST_STEP][PASSED] - if (myType == "checkbox"): null

27-02-2025T17:24:23 - [TEST_STEP][PASSED] - myStatus = element.isSelected(): null

27-02-2025T17:24:23 - [TEST_STEP][PASSED] - if (debug): null

27-02-2025T17:24:23 - [TEST_STEP][PASSED] - if (toggle && myStatus && inList): null

27-02-2025T17:24:23 - [TEST_STEP][PASSED] - if (!(myStatus) && inList || myStatus && !(inList)): null

27-02-2025T17:24:23 - [TEST_STEP][PASSED] - myValue = element.getAttribute("value"): null

27-02-2025T17:24:23 - [TEST_STEP][PASSED] - if (debug): null

27-02-2025T17:24:23 - [TEST_STEP][PASSED] - if (myValue.length() >= 4): null

27-02-2025T17:24:23 - [TEST_STEP][PASSED] - if (myValue.substring(0, 4) == "(!) "): null

27-02-2025T17:24:23 - [TEST_STEP][PASSED] - myType = element.getAttribute("type"): null

27-02-2025T17:24:23 - [TEST_STEP][PASSED] - if (myValue in varParms[i]): null

27-02-2025T17:24:23 - [TEST_STEP][PASSED] - else: null

27-02-2025T17:24:23 - [TEST_STEP][PASSED] - inList = false: null

27-02-2025T17:24:23 - [TEST_STEP][PASSED] - if (myType == "checkbox"): null

27-02-2025T17:24:23 - [TEST_STEP][PASSED] - myStatus = element.isSelected(): null

27-02-2025T17:24:23 - [TEST_STEP][PASSED] - if (debug): null

27-02-2025T17:24:23 - [TEST_STEP][PASSED] - if (toggle && myStatus && inList): null

27-02-2025T17:24:23 - [TEST_STEP][PASSED] - if (!(myStatus) && inList || myStatus && !(inList)): null

27-02-2025T17:24:23 - [TEST_STEP][PASSED] - myValue = element.getAttribute("value"): null

27-02-2025T17:24:23 - [TEST_STEP][PASSED] - if (debug): null

27-02-2025T17:24:23 - [TEST_STEP][PASSED] - if (myValue.length() >= 4): null

27-02-2025T17:24:23 - [TEST_STEP][PASSED] - if (myValue.substring(0, 4) == "(!) "): null

27-02-2025T17:24:23 - [TEST_STEP][PASSED] - myType = element.getAttribute("type"): null

27-02-2025T17:24:23 - [TEST_STEP][PASSED] - if (myValue in varParms[i]): null

27-02-2025T17:24:23 - [TEST_STEP][PASSED] - else: null

27-02-2025T17:24:23 - [TEST_STEP][PASSED] - inList = false: null

27-02-2025T17:24:23 - [TEST_STEP][PASSED] - if (myType == "checkbox"): null

27-02-2025T17:24:23 - [TEST_STEP][PASSED] - myStatus = element.isSelected(): null

27-02-2025T17:24:23 - [TEST_STEP][PASSED] - if (debug): null

27-02-2025T17:24:23 - [TEST_STEP][PASSED] - if (toggle && myStatus && inList): null

27-02-2025T17:24:23 - [TEST_STEP][PASSED] - if (!(myStatus) && inList || myStatus && !(inList)): null

27-02-2025T17:24:23 - [TEST_STEP][PASSED] - myValue = element.getAttribute("value"): null

27-02-2025T17:24:23 - [TEST_STEP][PASSED] - if (debug): null

27-02-2025T17:24:23 - [TEST_STEP][PASSED] - if (myValue.length() >= 4): null

27-02-2025T17:24:23 - [TEST_STEP][PASSED] - if (myValue.substring(0, 4) == "(!) "): null

27-02-2025T17:24:23 - [TEST_STEP][PASSED] - myType = element.getAttribute("type"): null

27-02-2025T17:24:23 - [TEST_STEP][PASSED] - if (myValue in varParms[i]): null

27-02-2025T17:24:23 - [TEST_STEP][PASSED] - else: null

27-02-2025T17:24:23 - [TEST_STEP][PASSED] - inList = false: null

27-02-2025T17:24:23 - [TEST_STEP][PASSED] - if (myType == "checkbox"): null

27-02-2025T17:24:23 - [TEST_STEP][PASSED] - myStatus = element.isSelected(): null

27-02-2025T17:24:23 - [TEST_STEP][PASSED] - if (debug): null

27-02-2025T17:24:23 - [TEST_STEP][PASSED] - if (toggle && myStatus && inList): null

27-02-2025T17:24:23 - [TEST_STEP][PASSED] - if (!(myStatus) && inList || myStatus && !(inList)): null

27-02-2025T17:24:23 - [TEST_STEP][PASSED] - myValue = element.getAttribute("value"): null

27-02-2025T17:24:23 - [TEST_STEP][PASSED] - if (debug): null

27-02-2025T17:24:23 - [TEST_STEP][PASSED] - if (myValue.length() >= 4): null

27-02-2025T17:24:23 - [TEST_STEP][PASSED] - if (myValue.substring(0, 4) == "(!) "): null

27-02-2025T17:24:23 - [TEST_STEP][PASSED] - myType = element.getAttribute("type"): null

27-02-2025T17:24:23 - [TEST_STEP][PASSED] - if (myValue in varParms[i]): null

27-02-2025T17:24:23 - [TEST_STEP][PASSED] - inList = true: null

27-02-2025T17:24:23 - [TEST_STEP][PASSED] - if (myType == "checkbox"): null

27-02-2025T17:24:23 - [TEST_STEP][PASSED] - myStatus = element.isSelected(): null

27-02-2025T17:24:23 - [TEST_STEP][PASSED] - if (debug): null

27-02-2025T17:24:23 - [TEST_STEP][PASSED] - if (toggle && myStatus && inList): null

27-02-2025T17:24:23 - [TEST_STEP][PASSED] - if (!(myStatus) && inList || myStatus && !(inList)): null

27-02-2025T17:24:23 - [TEST_STEP][PASSED] - if (debug): null

27-02-2025T17:24:23 - [TEST_STEP][PASSED] - println("Clicking " + myValue): null

27-02-2025T17:24:23 - [TEST_STEP][PASSED] - click(element): null

27-02-2025T17:24:23 - [TEST_STEP][PASSED] - scrollToObject(elem): null

27-02-2025T17:24:23 - [TEST_STEP][PASSED] - loc = element.getLocation(): null

27-02-2025T17:24:23 - [TEST_STEP][PASSED] - if (debug): null

27-02-2025T17:24:23 - [TEST_STEP][PASSED] - y = loc.getY(): null

27-02-2025T17:24:23 - [TEST_STEP][PASSED] - println("Y location is " + y): null

27-02-2025T17:24:23 - [TEST_STEP][PASSED] - top = getViewportTopPosition(): Current viewport's top (y) position is 0

27-02-2025T17:24:23 - [MESSAGE][PASSED] - Current viewport's top (y) position is 0

27-02-2025T17:24:23 - [TEST_STEP][PASSED] - println("Viewport top is " + top): null

27-02-2025T17:24:23 - [TEST_STEP][PASSED] - bottom = top + 600: null

27-02-2025T17:24:23 - [TEST_STEP][PASSED] - if (y - top < 150 || bottom - y < 10): Delayed 1 second(s)

27-02-2025T17:24:23 - [TEST_STEP][PASSED] - scrollToPosition(0, y - 150): Browser is scrolled to position x = 0, y = 513

27-02-2025T17:24:23 - [MESSAGE][PASSED] - Browser is scrolled to position x = 0, y = 513

27-02-2025T17:24:23 - [TEST_STEP][PASSED] - delay(1): Delayed 1 second(s)

27-02-2025T17:24:24 - [MESSAGE][PASSED] - Delayed 1 second(s)

27-02-2025T17:24:24 - [TEST_STEP][PASSED] - elem.click(): null

27-02-2025T17:24:24 - [TEST_STEP][PASSED] - myValue = element.getAttribute("value"): null

27-02-2025T17:24:24 - [TEST_STEP][PASSED] - if (debug): null

27-02-2025T17:24:24 - [TEST_STEP][PASSED] - if (myValue.length() >= 4): null

27-02-2025T17:24:24 - [TEST_STEP][PASSED] - if (myValue.substring(0, 4) == "(!) "): null

27-02-2025T17:24:24 - [TEST_STEP][PASSED] - myType = element.getAttribute("type"): null

27-02-2025T17:24:24 - [TEST_STEP][PASSED] - if (myValue in varParms[i]): null

27-02-2025T17:24:24 - [TEST_STEP][PASSED] - else: null

27-02-2025T17:24:24 - [TEST_STEP][PASSED] - inList = false: null

27-02-2025T17:24:24 - [TEST_STEP][PASSED] - if (myType == "checkbox"): null

27-02-2025T17:24:24 - [TEST_STEP][PASSED] - myStatus = element.isSelected(): null

27-02-2025T17:24:24 - [TEST_STEP][PASSED] - if (debug): null

27-02-2025T17:24:24 - [TEST_STEP][PASSED] - if (toggle && myStatus && inList): null

27-02-2025T17:24:24 - [TEST_STEP][PASSED] - if (!(myStatus) && inList || myStatus && !(inList)): null

27-02-2025T17:24:24 - [TEST_STEP][PASSED] - myValue = element.getAttribute("value"): null

27-02-2025T17:24:24 - [TEST_STEP][PASSED] - if (debug): null

27-02-2025T17:24:24 - [TEST_STEP][PASSED] - if (myValue.length() >= 4): null

27-02-2025T17:24:24 - [TEST_STEP][PASSED] - if (myValue.substring(0, 4) == "(!) "): null

27-02-2025T17:24:24 - [TEST_STEP][PASSED] - myType = element.getAttribute("type"): null

27-02-2025T17:24:24 - [TEST_STEP][PASSED] - if (myValue in varParms[i]): null

27-02-2025T17:24:24 - [TEST_STEP][PASSED] - else: null

27-02-2025T17:24:24 - [TEST_STEP][PASSED] - inList = false: null

27-02-2025T17:24:24 - [TEST_STEP][PASSED] - if (myType == "checkbox"): null

27-02-2025T17:24:24 - [TEST_STEP][PASSED] - myStatus = element.isSelected(): null

27-02-2025T17:24:24 - [TEST_STEP][PASSED] - if (debug): null

27-02-2025T17:24:24 - [TEST_STEP][PASSED] - if (toggle && myStatus && inList): null

27-02-2025T17:24:24 - [TEST_STEP][PASSED] - if (!(myStatus) && inList || myStatus && !(inList)): null

27-02-2025T17:24:24 - [TEST_STEP][PASSED] - myValue = element.getAttribute("value"): null

27-02-2025T17:24:24 - [TEST_STEP][PASSED] - if (debug): null

27-02-2025T17:24:24 - [TEST_STEP][PASSED] - if (myValue.length() >= 4): null

27-02-2025T17:24:24 - [TEST_STEP][PASSED] - if (myValue.substring(0, 4) == "(!) "): null

27-02-2025T17:24:24 - [TEST_STEP][PASSED] - myType = element.getAttribute("type"): null

27-02-2025T17:24:24 - [TEST_STEP][PASSED] - if (myValue in varParms[i]): null

27-02-2025T17:24:24 - [TEST_STEP][PASSED] - inList = true: null

27-02-2025T17:24:24 - [TEST_STEP][PASSED] - if (myType == "checkbox"): null

27-02-2025T17:24:24 - [TEST_STEP][PASSED] - myStatus = element.isSelected(): null

27-02-2025T17:24:24 - [TEST_STEP][PASSED] - if (debug): null

27-02-2025T17:24:24 - [TEST_STEP][PASSED] - if (toggle && myStatus && inList): null

27-02-2025T17:24:24 - [TEST_STEP][PASSED] - if (!(myStatus) && inList || myStatus && !(inList)): null

27-02-2025T17:24:24 - [TEST_STEP][PASSED] - if (debug): null

27-02-2025T17:24:24 - [TEST_STEP][PASSED] - println("Clicking " + myValue): null

27-02-2025T17:24:24 - [TEST_STEP][PASSED] - click(element): null

27-02-2025T17:24:24 - [TEST_STEP][PASSED] - scrollToObject(elem): null

27-02-2025T17:24:24 - [TEST_STEP][PASSED] - loc = element.getLocation(): null

27-02-2025T17:24:24 - [TEST_STEP][PASSED] - if (debug): null

27-02-2025T17:24:24 - [TEST_STEP][PASSED] - y = loc.getY(): null

27-02-2025T17:24:24 - [TEST_STEP][PASSED] - println("Y location is " + y): null

27-02-2025T17:24:24 - [TEST_STEP][PASSED] - top = getViewportTopPosition(): Current viewport's top (y) position is 513

27-02-2025T17:24:24 - [MESSAGE][PASSED] - Current viewport's top (y) position is 513

27-02-2025T17:24:24 - [TEST_STEP][PASSED] - println("Viewport top is " + top): null

27-02-2025T17:24:24 - [TEST_STEP][PASSED] - bottom = top + 600: null

27-02-2025T17:24:24 - [TEST_STEP][PASSED] - if (y - top < 150 || bottom - y < 10): null

27-02-2025T17:24:24 - [TEST_STEP][PASSED] - elem.click(): null

27-02-2025T17:24:24 - [TEST_STEP][PASSED] - myValue = element.getAttribute("value"): null

27-02-2025T17:24:24 - [TEST_STEP][PASSED] - if (debug): null

27-02-2025T17:24:24 - [TEST_STEP][PASSED] - if (myValue.length() >= 4): null

27-02-2025T17:24:24 - [TEST_STEP][PASSED] - if (myValue.substring(0, 4) == "(!) "): null

27-02-2025T17:24:24 - [TEST_STEP][PASSED] - myType = element.getAttribute("type"): null

27-02-2025T17:24:24 - [TEST_STEP][PASSED] - if (myValue in varParms[i]): null

27-02-2025T17:24:24 - [TEST_STEP][PASSED] - else: null

27-02-2025T17:24:24 - [TEST_STEP][PASSED] - inList = false: null

27-02-2025T17:24:24 - [TEST_STEP][PASSED] - if (myType == "checkbox"): null

27-02-2025T17:24:24 - [TEST_STEP][PASSED] - myStatus = element.isSelected(): null

27-02-2025T17:24:24 - [TEST_STEP][PASSED] - if (debug): null

27-02-2025T17:24:24 - [TEST_STEP][PASSED] - if (toggle && myStatus && inList): null

27-02-2025T17:24:24 - [TEST_STEP][PASSED] - if (!(myStatus) && inList || myStatus && !(inList)): null

27-02-2025T17:24:24 - [TEST_STEP][PASSED] - myValue = element.getAttribute("value"): null

27-02-2025T17:24:24 - [TEST_STEP][PASSED] - if (debug): null

27-02-2025T17:24:24 - [TEST_STEP][PASSED] - if (myValue.length() >= 4): null

27-02-2025T17:24:24 - [TEST_STEP][PASSED] - if (myValue.substring(0, 4) == "(!) "): null

27-02-2025T17:24:24 - [TEST_STEP][PASSED] - myType = element.getAttribute("type"): null

27-02-2025T17:24:24 - [TEST_STEP][PASSED] - if (myValue in varParms[i]): null

27-02-2025T17:24:24 - [TEST_STEP][PASSED] - else: null

27-02-2025T17:24:24 - [TEST_STEP][PASSED] - inList = false: null

27-02-2025T17:24:24 - [TEST_STEP][PASSED] - if (myType == "checkbox"): null

27-02-2025T17:24:24 - [TEST_STEP][PASSED] - myStatus = element.isSelected(): null

27-02-2025T17:24:24 - [TEST_STEP][PASSED] - if (debug): null

27-02-2025T17:24:24 - [TEST_STEP][PASSED] - if (toggle && myStatus && inList): null

27-02-2025T17:24:24 - [TEST_STEP][PASSED] - if (!(myStatus) && inList || myStatus && !(inList)): null

27-02-2025T17:24:24 - [TEST_STEP][PASSED] - myValue = element.getAttribute("value"): null

27-02-2025T17:24:24 - [TEST_STEP][PASSED] - if (debug): null

27-02-2025T17:24:24 - [TEST_STEP][PASSED] - if (myValue.length() >= 4): null

27-02-2025T17:24:24 - [TEST_STEP][PASSED] - if (myValue.substring(0, 4) == "(!) "): null

27-02-2025T17:24:24 - [TEST_STEP][PASSED] - myType = element.getAttribute("type"): null

27-02-2025T17:24:24 - [TEST_STEP][PASSED] - if (myValue in varParms[i]): null

27-02-2025T17:24:24 - [TEST_STEP][PASSED] - inList = true: null

27-02-2025T17:24:24 - [TEST_STEP][PASSED] - if (myType == "checkbox"): null

27-02-2025T17:24:24 - [TEST_STEP][PASSED] - myStatus = element.isSelected(): null

27-02-2025T17:24:24 - [TEST_STEP][PASSED] - if (debug): null

27-02-2025T17:24:24 - [TEST_STEP][PASSED] - if (toggle && myStatus && inList): null

27-02-2025T17:24:24 - [TEST_STEP][PASSED] - if (!(myStatus) && inList || myStatus && !(inList)): null

27-02-2025T17:24:24 - [TEST_STEP][PASSED] - if (debug): null

27-02-2025T17:24:24 - [TEST_STEP][PASSED] - println("Clicking " + myValue): null

27-02-2025T17:24:24 - [TEST_STEP][PASSED] - click(element): null

27-02-2025T17:24:24 - [TEST_STEP][PASSED] - scrollToObject(elem): null

27-02-2025T17:24:24 - [TEST_STEP][PASSED] - loc = element.getLocation(): null

27-02-2025T17:24:24 - [TEST_STEP][PASSED] - if (debug): null

27-02-2025T17:24:24 - [TEST_STEP][PASSED] - y = loc.getY(): null

27-02-2025T17:24:24 - [TEST_STEP][PASSED] - println("Y location is " + y): null

27-02-2025T17:24:24 - [TEST_STEP][PASSED] - top = getViewportTopPosition(): Current viewport's top (y) position is 513

27-02-2025T17:24:24 - [MESSAGE][PASSED] - Current viewport's top (y) position is 513

27-02-2025T17:24:24 - [TEST_STEP][PASSED] - println("Viewport top is " + top): null

27-02-2025T17:24:24 - [TEST_STEP][PASSED] - bottom = top + 600: null

27-02-2025T17:24:24 - [TEST_STEP][PASSED] - if (y - top < 150 || bottom - y < 10): null

27-02-2025T17:24:24 - [TEST_STEP][PASSED] - elem.click(): null

27-02-2025T17:24:24 - [TEST_STEP][PASSED] - myValue = element.getAttribute("value"): null

27-02-2025T17:24:24 - [TEST_STEP][PASSED] - if (debug): null

27-02-2025T17:24:24 - [TEST_STEP][PASSED] - if (myValue.length() >= 4): null

27-02-2025T17:24:24 - [TEST_STEP][PASSED] - if (myValue.substring(0, 4) == "(!) "): null

27-02-2025T17:24:24 - [TEST_STEP][PASSED] - myType = element.getAttribute("type"): null

27-02-2025T17:24:24 - [TEST_STEP][PASSED] - if (myValue in varParms[i]): null

27-02-2025T17:24:24 - [TEST_STEP][PASSED] - else: null

27-02-2025T17:24:24 - [TEST_STEP][PASSED] - inList = false: null

27-02-2025T17:24:24 - [TEST_STEP][PASSED] - if (myType == "checkbox"): null

27-02-2025T17:24:24 - [TEST_STEP][PASSED] - myStatus = element.isSelected(): null

27-02-2025T17:24:24 - [TEST_STEP][PASSED] - if (debug): null

27-02-2025T17:24:24 - [TEST_STEP][PASSED] - if (toggle && myStatus && inList): null

27-02-2025T17:24:24 - [TEST_STEP][PASSED] - if (!(myStatus) && inList || myStatus && !(inList)): null

27-02-2025T17:24:24 - [TEST_STEP][PASSED] - myValue = element.getAttribute("value"): null

27-02-2025T17:24:24 - [TEST_STEP][PASSED] - if (debug): null

27-02-2025T17:24:24 - [TEST_STEP][PASSED] - if (myValue.length() >= 4): null

27-02-2025T17:24:24 - [TEST_STEP][PASSED] - if (myValue.substring(0, 4) == "(!) "): null

27-02-2025T17:24:24 - [TEST_STEP][PASSED] - myType = element.getAttribute("type"): null

27-02-2025T17:24:24 - [TEST_STEP][PASSED] - if (myValue in varParms[i]): null

27-02-2025T17:24:24 - [TEST_STEP][PASSED] - else: null

27-02-2025T17:24:24 - [TEST_STEP][PASSED] - inList = false: null

27-02-2025T17:24:24 - [TEST_STEP][PASSED] - if (myType == "checkbox"): null

27-02-2025T17:24:24 - [TEST_STEP][PASSED] - myStatus = element.isSelected(): null

27-02-2025T17:24:24 - [TEST_STEP][PASSED] - if (debug): null

27-02-2025T17:24:24 - [TEST_STEP][PASSED] - if (toggle && myStatus && inList): null

27-02-2025T17:24:24 - [TEST_STEP][PASSED] - if (!(myStatus) && inList || myStatus && !(inList)): null

27-02-2025T17:24:24 - [TEST_STEP][PASSED] - myValue = element.getAttribute("value"): null

27-02-2025T17:24:24 - [TEST_STEP][PASSED] - if (debug): null

27-02-2025T17:24:24 - [TEST_STEP][PASSED] - if (myValue.length() >= 4): null

27-02-2025T17:24:24 - [TEST_STEP][PASSED] - if (myValue.substring(0, 4) == "(!) "): null

27-02-2025T17:24:24 - [TEST_STEP][PASSED] - myType = element.getAttribute("type"): null

27-02-2025T17:24:24 - [TEST_STEP][PASSED] - if (myValue in varParms[i]): null

27-02-2025T17:24:24 - [TEST_STEP][PASSED] - inList = true: null

27-02-2025T17:24:24 - [TEST_STEP][PASSED] - if (myType == "checkbox"): null

27-02-2025T17:24:24 - [TEST_STEP][PASSED] - myStatus = element.isSelected(): null

27-02-2025T17:24:24 - [TEST_STEP][PASSED] - if (debug): null

27-02-2025T17:24:24 - [TEST_STEP][PASSED] - if (toggle && myStatus && inList): null

27-02-2025T17:24:26 - [TEST_STEP][PASSED] - if (!(myStatus) && inList || myStatus && !(inList)): null

27-02-2025T17:24:26 - [TEST_STEP][PASSED] - if (debug): null

27-02-2025T17:24:26 - [TEST_STEP][PASSED] - println("Clicking " + myValue): null

27-02-2025T17:24:26 - [TEST_STEP][PASSED] - click(element): null

27-02-2025T17:24:26 - [TEST_STEP][PASSED] - scrollToObject(elem): null

27-02-2025T17:24:26 - [TEST_STEP][PASSED] - loc = element.getLocation(): null

27-02-2025T17:24:26 - [TEST_STEP][PASSED] - if (debug): null

27-02-2025T17:24:26 - [TEST_STEP][PASSED] - y = loc.getY(): null

27-02-2025T17:24:26 - [TEST_STEP][PASSED] - println("Y location is " + y): null

27-02-2025T17:24:26 - [TEST_STEP][PASSED] - top = getViewportTopPosition(): Current viewport's top (y) position is 513

27-02-2025T17:24:26 - [MESSAGE][PASSED] - Current viewport's top (y) position is 513

27-02-2025T17:24:26 - [TEST_STEP][PASSED] - println("Viewport top is " + top): null

27-02-2025T17:24:26 - [TEST_STEP][PASSED] - bottom = top + 600: null

27-02-2025T17:24:26 - [TEST_STEP][PASSED] - if (y - top < 150 || bottom - y < 10): null

27-02-2025T17:24:26 - [TEST_STEP][PASSED] - elem.click(): null

27-02-2025T17:24:26 - [TEST_STEP][PASSED] - myValue = element.getAttribute("value"): null

27-02-2025T17:24:26 - [TEST_STEP][PASSED] - if (debug): null

27-02-2025T17:24:26 - [TEST_STEP][PASSED] - if (myValue.length() >= 4): null

27-02-2025T17:24:26 - [TEST_STEP][PASSED] - if (myValue.substring(0, 4) == "(!) "): null

27-02-2025T17:24:26 - [TEST_STEP][PASSED] - myType = element.getAttribute("type"): null

27-02-2025T17:24:26 - [TEST_STEP][PASSED] - if (myValue in varParms[i]): null

27-02-2025T17:24:26 - [TEST_STEP][PASSED] - else: null

27-02-2025T17:24:26 - [TEST_STEP][PASSED] - inList = false: null

27-02-2025T17:24:26 - [TEST_STEP][PASSED] - if (myType == "checkbox"): null

27-02-2025T17:24:26 - [TEST_STEP][PASSED] - myStatus = element.isSelected(): null

27-02-2025T17:24:26 - [TEST_STEP][PASSED] - if (debug): null

27-02-2025T17:24:26 - [TEST_STEP][PASSED] - if (toggle && myStatus && inList): null

27-02-2025T17:24:26 - [TEST_STEP][PASSED] - if (!(myStatus) && inList || myStatus && !(inList)): null

27-02-2025T17:24:26 - [TEST_STEP][PASSED] - myValue = element.getAttribute("value"): null

27-02-2025T17:24:26 - [TEST_STEP][PASSED] - if (debug): null

27-02-2025T17:24:26 - [TEST_STEP][PASSED] - if (myValue.length() >= 4): null

27-02-2025T17:24:26 - [TEST_STEP][PASSED] - if (myValue.substring(0, 4) == "(!) "): null

27-02-2025T17:24:26 - [TEST_STEP][PASSED] - myType = element.getAttribute("type"): null

27-02-2025T17:24:26 - [TEST_STEP][PASSED] - if (myValue in varParms[i]): null

27-02-2025T17:24:26 - [TEST_STEP][PASSED] - inList = true: null

27-02-2025T17:24:26 - [TEST_STEP][PASSED] - if (myType == "checkbox"): null

27-02-2025T17:24:26 - [TEST_STEP][PASSED] - myStatus = element.isSelected(): null

27-02-2025T17:24:26 - [TEST_STEP][PASSED] - if (debug): null

27-02-2025T17:24:26 - [TEST_STEP][PASSED] - if (toggle && myStatus && inList): null

27-02-2025T17:24:26 - [TEST_STEP][PASSED] - if (!(myStatus) && inList || myStatus && !(inList)): null

27-02-2025T17:24:26 - [TEST_STEP][PASSED] - if (debug): null

27-02-2025T17:24:26 - [TEST_STEP][PASSED] - println("Clicking " + myValue): null

27-02-2025T17:24:26 - [TEST_STEP][PASSED] - click(element): null

27-02-2025T17:24:26 - [TEST_STEP][PASSED] - scrollToObject(elem): null

27-02-2025T17:24:26 - [TEST_STEP][PASSED] - loc = element.getLocation(): null

27-02-2025T17:24:26 - [TEST_STEP][PASSED] - if (debug): null

27-02-2025T17:24:26 - [TEST_STEP][PASSED] - y = loc.getY(): null

27-02-2025T17:24:26 - [TEST_STEP][PASSED] - println("Y location is " + y): null

27-02-2025T17:24:26 - [TEST_STEP][PASSED] - top = getViewportTopPosition(): Current viewport's top (y) position is 513

27-02-2025T17:24:26 - [MESSAGE][PASSED] - Current viewport's top (y) position is 513

27-02-2025T17:24:26 - [TEST_STEP][PASSED] - println("Viewport top is " + top): null

27-02-2025T17:24:26 - [TEST_STEP][PASSED] - bottom = top + 600: null

27-02-2025T17:24:26 - [TEST_STEP][PASSED] - if (y - top < 150 || bottom - y < 10): null

27-02-2025T17:24:26 - [TEST_STEP][PASSED] - elem.click(): null

27-02-2025T17:24:26 - [TEST_STEP][PASSED] - myValue = element.getAttribute("value"): null

27-02-2025T17:24:26 - [TEST_STEP][PASSED] - if (debug): null

27-02-2025T17:24:26 - [TEST_STEP][PASSED] - if (myValue.length() >= 4): null

27-02-2025T17:24:26 - [TEST_STEP][PASSED] - if (myValue.substring(0, 4) == "(!) "): null

27-02-2025T17:24:26 - [TEST_STEP][PASSED] - myType = element.getAttribute("type"): null

27-02-2025T17:24:26 - [TEST_STEP][PASSED] - if (myValue in varParms[i]): null

27-02-2025T17:24:26 - [TEST_STEP][PASSED] - else: null

27-02-2025T17:24:26 - [TEST_STEP][PASSED] - inList = false: null

27-02-2025T17:24:26 - [TEST_STEP][PASSED] - if (myType == "checkbox"): null

27-02-2025T17:24:26 - [TEST_STEP][PASSED] - myStatus = element.isSelected(): null

27-02-2025T17:24:26 - [TEST_STEP][PASSED] - if (debug): null

27-02-2025T17:24:26 - [TEST_STEP][PASSED] - if (toggle && myStatus && inList): null

27-02-2025T17:24:26 - [TEST_STEP][PASSED] - if (!(myStatus) && inList || myStatus && !(inList)): null

27-02-2025T17:24:26 - [TEST_STEP][PASSED] - myValue = element.getAttribute("value"): null

27-02-2025T17:24:26 - [TEST_STEP][PASSED] - if (debug): null

27-02-2025T17:24:26 - [TEST_STEP][PASSED] - if (myValue.length() >= 4): null

27-02-2025T17:24:26 - [TEST_STEP][PASSED] - if (myValue.substring(0, 4) == "(!) "): null

27-02-2025T17:24:26 - [TEST_STEP][PASSED] - myType = element.getAttribute("type"): null

27-02-2025T17:24:26 - [TEST_STEP][PASSED] - if (myValue in varParms[i]): null

27-02-2025T17:24:26 - [TEST_STEP][PASSED] - else: null

27-02-2025T17:24:26 - [TEST_STEP][PASSED] - inList = false: null

27-02-2025T17:24:26 - [TEST_STEP][PASSED] - if (myType == "checkbox"): null

27-02-2025T17:24:26 - [TEST_STEP][PASSED] - myStatus = element.isSelected(): null

27-02-2025T17:24:26 - [TEST_STEP][PASSED] - if (debug): null

27-02-2025T17:24:26 - [TEST_STEP][PASSED] - if (toggle && myStatus && inList): null

27-02-2025T17:24:26 - [TEST_STEP][PASSED] - if (!(myStatus) && inList || myStatus && !(inList)): null

27-02-2025T17:24:26 - [TEST_STEP][PASSED] - myValue = element.getAttribute("value"): null

27-02-2025T17:24:26 - [TEST_STEP][PASSED] - if (debug): null

27-02-2025T17:24:26 - [TEST_STEP][PASSED] - if (myValue.length() >= 4): null

27-02-2025T17:24:26 - [TEST_STEP][PASSED] - if (myValue.substring(0, 4) == "(!) "): null

27-02-2025T17:24:26 - [TEST_STEP][PASSED] - myType = element.getAttribute("type"): null

27-02-2025T17:24:26 - [TEST_STEP][PASSED] - if (myValue in varParms[i]): null

27-02-2025T17:24:26 - [TEST_STEP][PASSED] - else: null

27-02-2025T17:24:26 - [TEST_STEP][PASSED] - inList = false: null

27-02-2025T17:24:26 - [TEST_STEP][PASSED] - if (myType == "checkbox"): null

27-02-2025T17:24:26 - [TEST_STEP][PASSED] - myStatus = element.isSelected(): null

27-02-2025T17:24:26 - [TEST_STEP][PASSED] - if (debug): null

27-02-2025T17:24:26 - [TEST_STEP][PASSED] - if (toggle && myStatus && inList): null

27-02-2025T17:24:26 - [TEST_STEP][PASSED] - if (!(myStatus) && inList || myStatus && !(inList)): null

27-02-2025T17:24:26 - [TEST_STEP][PASSED] - myValue = element.getAttribute("value"): null

27-02-2025T17:24:26 - [TEST_STEP][PASSED] - if (debug): null

27-02-2025T17:24:26 - [TEST_STEP][PASSED] - if (myValue.length() >= 4): null

27-02-2025T17:24:26 - [TEST_STEP][PASSED] - if (myValue.substring(0, 4) == "(!) "): null

27-02-2025T17:24:26 - [TEST_STEP][PASSED] - myType = element.getAttribute("type"): null

27-02-2025T17:24:26 - [TEST_STEP][PASSED] - if (myValue in varParms[i]): null

27-02-2025T17:24:26 - [TEST_STEP][PASSED] - else: null

27-02-2025T17:24:26 - [TEST_STEP][PASSED] - inList = false: null

27-02-2025T17:24:26 - [TEST_STEP][PASSED] - if (myType == "checkbox"): null

27-02-2025T17:24:26 - [TEST_STEP][PASSED] - myStatus = element.isSelected(): null

27-02-2025T17:24:26 - [TEST_STEP][PASSED] - if (debug): null

27-02-2025T17:24:26 - [TEST_STEP][PASSED] - if (toggle && myStatus && inList): null

27-02-2025T17:24:26 - [TEST_STEP][PASSED] - if (!(myStatus) && inList || myStatus && !(inList)): null

27-02-2025T17:24:26 - [TEST_STEP][PASSED] - myValue = element.getAttribute("value"): null

27-02-2025T17:24:26 - [TEST_STEP][PASSED] - if (debug): null

27-02-2025T17:24:26 - [TEST_STEP][PASSED] - if (myValue.length() >= 4): null

27-02-2025T17:24:26 - [TEST_STEP][PASSED] - if (myValue.substring(0, 4) == "(!) "): null

27-02-2025T17:24:26 - [TEST_STEP][PASSED] - myType = element.getAttribute("type"): null

27-02-2025T17:24:26 - [TEST_STEP][PASSED] - if (myValue in varParms[i]): null

27-02-2025T17:24:26 - [TEST_STEP][PASSED] - else: null

27-02-2025T17:24:26 - [TEST_STEP][PASSED] - inList = false: null

27-02-2025T17:24:26 - [TEST_STEP][PASSED] - if (myType == "checkbox"): null

27-02-2025T17:24:26 - [TEST_STEP][PASSED] - myStatus = element.isSelected(): null

27-02-2025T17:24:26 - [TEST_STEP][PASSED] - if (debug): null

27-02-2025T17:24:26 - [TEST_STEP][PASSED] - if (toggle && myStatus && inList): null

27-02-2025T17:24:26 - [TEST_STEP][PASSED] - if (!(myStatus) && inList || myStatus && !(inList)): null

27-02-2025T17:24:26 - [TEST_STEP][PASSED] - myValue = element.getAttribute("value"): null

27-02-2025T17:24:26 - [TEST_STEP][PASSED] - if (debug): null

27-02-2025T17:24:26 - [TEST_STEP][PASSED] - if (myValue.length() >= 4): null

27-02-2025T17:24:26 - [TEST_STEP][PASSED] - if (myValue.substring(0, 4) == "(!) "): null

27-02-2025T17:24:26 - [TEST_STEP][PASSED] - myType = element.getAttribute("type"): null

27-02-2025T17:24:26 - [TEST_STEP][PASSED] - if (myValue in varParms[i]): null

27-02-2025T17:24:26 - [TEST_STEP][PASSED] - else: null

27-02-2025T17:24:26 - [TEST_STEP][PASSED] - inList = false: null

27-02-2025T17:24:26 - [TEST_STEP][PASSED] - if (myType == "checkbox"): null

27-02-2025T17:24:26 - [TEST_STEP][PASSED] - myStatus = element.isSelected(): null

27-02-2025T17:24:26 - [TEST_STEP][PASSED] - if (debug): null

27-02-2025T17:24:26 - [TEST_STEP][PASSED] - if (toggle && myStatus && inList): null

27-02-2025T17:24:26 - [TEST_STEP][PASSED] - if (!(myStatus) && inList || myStatus && !(inList)): null

27-02-2025T17:24:26 - [TEST_STEP][PASSED] - myValue = element.getAttribute("value"): null

27-02-2025T17:24:26 - [TEST_STEP][PASSED] - if (debug): null

27-02-2025T17:24:26 - [TEST_STEP][PASSED] - if (myValue.length() >= 4): null

27-02-2025T17:24:26 - [TEST_STEP][PASSED] - if (myValue.substring(0, 4) == "(!) "): null

27-02-2025T17:24:26 - [TEST_STEP][PASSED] - myType = element.getAttribute("type"): null

27-02-2025T17:24:26 - [TEST_STEP][PASSED] - if (myValue in varParms[i]): null

27-02-2025T17:24:26 - [TEST_STEP][PASSED] - inList = true: null

27-02-2025T17:24:26 - [TEST_STEP][PASSED] - if (myType == "checkbox"): null

27-02-2025T17:24:26 - [TEST_STEP][PASSED] - myStatus = element.isSelected(): null

27-02-2025T17:24:26 - [TEST_STEP][PASSED] - if (debug): null

27-02-2025T17:24:26 - [TEST_STEP][PASSED] - if (toggle && myStatus && inList): null

27-02-2025T17:24:26 - [TEST_STEP][PASSED] - if (!(myStatus) && inList || myStatus && !(inList)): null

27-02-2025T17:24:26 - [TEST_STEP][PASSED] - if (debug): null

27-02-2025T17:24:26 - [TEST_STEP][PASSED] - println("Clicking " + myValue): null

27-02-2025T17:24:26 - [TEST_STEP][PASSED] - click(element): null

27-02-2025T17:24:26 - [TEST_STEP][PASSED] - scrollToObject(elem): null

27-02-2025T17:24:26 - [TEST_STEP][PASSED] - loc = element.getLocation(): null

27-02-2025T17:24:26 - [TEST_STEP][PASSED] - if (debug): null

27-02-2025T17:24:26 - [TEST_STEP][PASSED] - y = loc.getY(): null

27-02-2025T17:24:26 - [TEST_STEP][PASSED] - println("Y location is " + y): null

27-02-2025T17:24:26 - [TEST_STEP][PASSED] - top = getViewportTopPosition(): Current viewport's top (y) position is 513

27-02-2025T17:24:26 - [MESSAGE][PASSED] - Current viewport's top (y) position is 513

27-02-2025T17:24:26 - [TEST_STEP][PASSED] - println("Viewport top is " + top): null

27-02-2025T17:24:26 - [TEST_STEP][PASSED] - bottom = top + 600: null

27-02-2025T17:24:26 - [TEST_STEP][PASSED] - if (y - top < 150 || bottom - y < 10): null

27-02-2025T17:24:26 - [TEST_STEP][PASSED] - elem.click(): null

27-02-2025T17:24:26 - [TEST_STEP][PASSED] - myValue = element.getAttribute("value"): null

27-02-2025T17:24:26 - [TEST_STEP][PASSED] - if (debug): null

27-02-2025T17:24:26 - [TEST_STEP][PASSED] - if (myValue.length() >= 4): null

27-02-2025T17:24:26 - [TEST_STEP][PASSED] - if (myValue.substring(0, 4) == "(!) "): null

27-02-2025T17:24:26 - [TEST_STEP][PASSED] - myType = element.getAttribute("type"): null

27-02-2025T17:24:26 - [TEST_STEP][PASSED] - if (myValue in varParms[i]): null

27-02-2025T17:24:26 - [TEST_STEP][PASSED] - inList = true: null

27-02-2025T17:24:26 - [TEST_STEP][PASSED] - if (myType == "checkbox"): null

27-02-2025T17:24:26 - [TEST_STEP][PASSED] - myStatus = element.isSelected(): null

27-02-2025T17:24:26 - [TEST_STEP][PASSED] - if (debug): null

27-02-2025T17:24:26 - [TEST_STEP][PASSED] - if (toggle && myStatus && inList): null

27-02-2025T17:24:26 - [TEST_STEP][PASSED] - if (!(myStatus) && inList || myStatus && !(inList)): null

27-02-2025T17:24:26 - [TEST_STEP][PASSED] - if (debug): null

27-02-2025T17:24:26 - [TEST_STEP][PASSED] - println("Clicking " + myValue): null

27-02-2025T17:24:26 - [TEST_STEP][PASSED] - click(element): null

27-02-2025T17:24:26 - [TEST_STEP][PASSED] - scrollToObject(elem): null

27-02-2025T17:24:26 - [TEST_STEP][PASSED] - loc = element.getLocation(): null

27-02-2025T17:24:26 - [TEST_STEP][PASSED] - if (debug): null

27-02-2025T17:24:26 - [TEST_STEP][PASSED] - y = loc.getY(): null

27-02-2025T17:24:26 - [TEST_STEP][PASSED] - println("Y location is " + y): null

27-02-2025T17:24:26 - [TEST_STEP][PASSED] - top = getViewportTopPosition(): Current viewport's top (y) position is 513

27-02-2025T17:24:26 - [MESSAGE][PASSED] - Current viewport's top (y) position is 513

27-02-2025T17:24:26 - [TEST_STEP][PASSED] - println("Viewport top is " + top): null

27-02-2025T17:24:26 - [TEST_STEP][PASSED] - bottom = top + 600: null

27-02-2025T17:24:26 - [TEST_STEP][PASSED] - if (y - top < 150 || bottom - y < 10): null

27-02-2025T17:24:26 - [TEST_STEP][PASSED] - elem.click(): null

27-02-2025T17:24:26 - [TEST_STEP][PASSED] - myValue = element.getAttribute("value"): null

27-02-2025T17:24:26 - [TEST_STEP][PASSED] - if (debug): null

27-02-2025T17:24:26 - [TEST_STEP][PASSED] - if (myValue.length() >= 4): null

27-02-2025T17:24:26 - [TEST_STEP][PASSED] - if (myValue.substring(0, 4) == "(!) "): null

27-02-2025T17:24:26 - [TEST_STEP][PASSED] - myType = element.getAttribute("type"): null

27-02-2025T17:24:26 - [TEST_STEP][PASSED] - if (myValue in varParms[i]): null

27-02-2025T17:24:26 - [TEST_STEP][PASSED] - else: null

27-02-2025T17:24:26 - [TEST_STEP][PASSED] - inList = false: null

27-02-2025T17:24:26 - [TEST_STEP][PASSED] - if (myType == "checkbox"): null

27-02-2025T17:24:26 - [TEST_STEP][PASSED] - myStatus = element.isSelected(): null

27-02-2025T17:24:26 - [TEST_STEP][PASSED] - if (debug): null

27-02-2025T17:24:26 - [TEST_STEP][PASSED] - if (toggle && myStatus && inList): null

27-02-2025T17:24:26 - [TEST_STEP][PASSED] - if (!(myStatus) && inList || myStatus && !(inList)): null

27-02-2025T17:24:26 - [TEST_STEP][PASSED] - myValue = element.getAttribute("value"): null

27-02-2025T17:24:26 - [TEST_STEP][PASSED] - if (debug): null

27-02-2025T17:24:26 - [TEST_STEP][PASSED] - if (myValue.length() >= 4): null

27-02-2025T17:24:26 - [TEST_STEP][PASSED] - if (myValue.substring(0, 4) == "(!) "): null

27-02-2025T17:24:26 - [TEST_STEP][PASSED] - myType = element.getAttribute("type"): null

27-02-2025T17:24:26 - [TEST_STEP][PASSED] - if (myValue in varParms[i]): null

27-02-2025T17:24:26 - [TEST_STEP][PASSED] - else: null

27-02-2025T17:24:26 - [TEST_STEP][PASSED] - inList = false: null

27-02-2025T17:24:26 - [TEST_STEP][PASSED] - if (myType == "checkbox"): null

27-02-2025T17:24:26 - [TEST_STEP][PASSED] - myStatus = element.isSelected(): null

27-02-2025T17:24:26 - [TEST_STEP][PASSED] - if (debug): null

27-02-2025T17:24:26 - [TEST_STEP][PASSED] - if (toggle && myStatus && inList): null

27-02-2025T17:24:26 - [TEST_STEP][PASSED] - if (!(myStatus) && inList || myStatus && !(inList)): null

27-02-2025T17:24:26 - [TEST_STEP][PASSED] - myValue = element.getAttribute("value"): null

27-02-2025T17:24:26 - [TEST_STEP][PASSED] - if (debug): null

27-02-2025T17:24:26 - [TEST_STEP][PASSED] - if (myValue.length() >= 4): null

27-02-2025T17:24:26 - [TEST_STEP][PASSED] - if (myValue.substring(0, 4) == "(!) "): null

27-02-2025T17:24:26 - [TEST_STEP][PASSED] - myType = element.getAttribute("type"): null

27-02-2025T17:24:26 - [TEST_STEP][PASSED] - if (myValue in varParms[i]): null

27-02-2025T17:24:26 - [TEST_STEP][PASSED] - else: null

27-02-2025T17:24:26 - [TEST_STEP][PASSED] - inList = false: null

27-02-2025T17:24:26 - [TEST_STEP][PASSED] - if (myType == "checkbox"): null

27-02-2025T17:24:26 - [TEST_STEP][PASSED] - myStatus = element.isSelected(): null

27-02-2025T17:24:26 - [TEST_STEP][PASSED] - if (debug): null

27-02-2025T17:24:26 - [TEST_STEP][PASSED] - if (toggle && myStatus && inList): null

27-02-2025T17:24:26 - [TEST_STEP][PASSED] - if (!(myStatus) && inList || myStatus && !(inList)): null

27-02-2025T17:24:26 - [TEST_STEP][PASSED] - myValue = element.getAttribute("value"): null

27-02-2025T17:24:26 - [TEST_STEP][PASSED] - if (debug): null

27-02-2025T17:24:26 - [TEST_STEP][PASSED] - if (myValue.length() >= 4): null

27-02-2025T17:24:26 - [TEST_STEP][PASSED] - if (myValue.substring(0, 4) == "(!) "): null

27-02-2025T17:24:26 - [TEST_STEP][PASSED] - myType = element.getAttribute("type"): null

27-02-2025T17:24:26 - [TEST_STEP][PASSED] - if (myValue in varParms[i]): null

27-02-2025T17:24:26 - [TEST_STEP][PASSED] - else: null

27-02-2025T17:24:26 - [TEST_STEP][PASSED] - inList = false: null

27-02-2025T17:24:26 - [TEST_STEP][PASSED] - if (myType == "checkbox"): null

27-02-2025T17:24:26 - [TEST_STEP][PASSED] - myStatus = element.isSelected(): null

27-02-2025T17:24:26 - [TEST_STEP][PASSED] - if (debug): null

27-02-2025T17:24:26 - [TEST_STEP][PASSED] - if (toggle && myStatus && inList): null

27-02-2025T17:24:26 - [TEST_STEP][PASSED] - if (!(myStatus) && inList || myStatus && !(inList)): null

27-02-2025T17:24:26 - [TEST_STEP][PASSED] - myValue = element.getAttribute("value"): null

27-02-2025T17:24:26 - [TEST_STEP][PASSED] - if (debug): null

27-02-2025T17:24:26 - [TEST_STEP][PASSED] - if (myValue.length() >= 4): null

27-02-2025T17:24:26 - [TEST_STEP][PASSED] - if (myValue.substring(0, 4) == "(!) "): null

27-02-2025T17:24:26 - [TEST_STEP][PASSED] - myType = element.getAttribute("type"): null

27-02-2025T17:24:26 - [TEST_STEP][PASSED] - if (myValue in varParms[i]): null

27-02-2025T17:24:26 - [TEST_STEP][PASSED] - inList = true: null

27-02-2025T17:24:26 - [TEST_STEP][PASSED] - if (myType == "checkbox"): null

27-02-2025T17:24:26 - [TEST_STEP][PASSED] - myStatus = element.isSelected(): null

27-02-2025T17:24:26 - [TEST_STEP][PASSED] - if (debug): null

27-02-2025T17:24:26 - [TEST_STEP][PASSED] - if (toggle && myStatus && inList): null

27-02-2025T17:24:26 - [TEST_STEP][PASSED] - if (!(myStatus) && inList || myStatus && !(inList)): null

27-02-2025T17:24:26 - [TEST_STEP][PASSED] - if (debug): null

27-02-2025T17:24:26 - [TEST_STEP][PASSED] - println("Clicking " + myValue): null

27-02-2025T17:24:26 - [TEST_STEP][PASSED] - click(element): null

27-02-2025T17:24:26 - [TEST_STEP][PASSED] - scrollToObject(elem): null

27-02-2025T17:24:26 - [TEST_STEP][PASSED] - loc = element.getLocation(): null

27-02-2025T17:24:26 - [TEST_STEP][PASSED] - if (debug): null

27-02-2025T17:24:26 - [TEST_STEP][PASSED] - y = loc.getY(): null

27-02-2025T17:24:26 - [TEST_STEP][PASSED] - println("Y location is " + y): null

27-02-2025T17:24:26 - [TEST_STEP][PASSED] - top = getViewportTopPosition(): Current viewport's top (y) position is 513

27-02-2025T17:24:26 - [MESSAGE][PASSED] - Current viewport's top (y) position is 513

27-02-2025T17:24:26 - [TEST_STEP][PASSED] - println("Viewport top is " + top): null

27-02-2025T17:24:26 - [TEST_STEP][PASSED] - bottom = top + 600: null

27-02-2025T17:24:26 - [TEST_STEP][PASSED] - if (y - top < 150 || bottom - y < 10): null

27-02-2025T17:24:26 - [TEST_STEP][PASSED] - elem.click(): null

27-02-2025T17:24:27 - [TEST_STEP][PASSED] - myValue = element.getAttribute("value"): null

27-02-2025T17:24:27 - [TEST_STEP][PASSED] - if (debug): null

27-02-2025T17:24:27 - [TEST_STEP][PASSED] - if (myValue.length() >= 4): null

27-02-2025T17:24:27 - [TEST_STEP][PASSED] - if (myValue.substring(0, 4) == "(!) "): null

27-02-2025T17:24:27 - [TEST_STEP][PASSED] - myType = element.getAttribute("type"): null

27-02-2025T17:24:27 - [TEST_STEP][PASSED] - if (myValue in varParms[i]): null

27-02-2025T17:24:27 - [TEST_STEP][PASSED] - else: null

27-02-2025T17:24:27 - [TEST_STEP][PASSED] - inList = false: null

27-02-2025T17:24:27 - [TEST_STEP][PASSED] - if (myType == "checkbox"): null

27-02-2025T17:24:27 - [TEST_STEP][PASSED] - myStatus = element.isSelected(): null

27-02-2025T17:24:27 - [TEST_STEP][PASSED] - if (debug): null

27-02-2025T17:24:27 - [TEST_STEP][PASSED] - if (toggle && myStatus && inList): null

27-02-2025T17:24:27 - [TEST_STEP][PASSED] - if (!(myStatus) && inList || myStatus && !(inList)): null

27-02-2025T17:24:27 - [TEST_STEP][PASSED] - myValue = element.getAttribute("value"): null

27-02-2025T17:24:27 - [TEST_STEP][PASSED] - if (debug): null

27-02-2025T17:24:27 - [TEST_STEP][PASSED] - if (myValue.length() >= 4): null

27-02-2025T17:24:27 - [TEST_STEP][PASSED] - if (myValue.substring(0, 4) == "(!) "): null

27-02-2025T17:24:27 - [TEST_STEP][PASSED] - myType = element.getAttribute("type"): null

27-02-2025T17:24:27 - [TEST_STEP][PASSED] - if (myValue in varParms[i]): null

27-02-2025T17:24:27 - [TEST_STEP][PASSED] - else: null

27-02-2025T17:24:29 - [TEST_STEP][PASSED] - inList = false: null

27-02-2025T17:24:29 - [TEST_STEP][PASSED] - if (myType == "checkbox"): null

27-02-2025T17:24:29 - [TEST_STEP][PASSED] - myStatus = element.isSelected(): null

27-02-2025T17:24:29 - [TEST_STEP][PASSED] - if (debug): null

27-02-2025T17:24:29 - [TEST_STEP][PASSED] - if (toggle && myStatus && inList): null

27-02-2025T17:24:29 - [TEST_STEP][PASSED] - if (!(myStatus) && inList || myStatus && !(inList)): null

27-02-2025T17:24:29 - [TEST_STEP][PASSED] - myValue = element.getAttribute("value"): null

27-02-2025T17:24:29 - [TEST_STEP][PASSED] - if (debug): null

27-02-2025T17:24:29 - [TEST_STEP][PASSED] - if (myValue.length() >= 4): null

27-02-2025T17:24:29 - [TEST_STEP][PASSED] - if (myValue.substring(0, 4) == "(!) "): null

27-02-2025T17:24:29 - [TEST_STEP][PASSED] - myType = element.getAttribute("type"): null

27-02-2025T17:24:29 - [TEST_STEP][PASSED] - if (myValue in varParms[i]): null

27-02-2025T17:24:29 - [TEST_STEP][PASSED] - else: null

27-02-2025T17:24:29 - [TEST_STEP][PASSED] - inList = false: null

27-02-2025T17:24:29 - [TEST_STEP][PASSED] - if (myType == "checkbox"): null

27-02-2025T17:24:29 - [TEST_STEP][PASSED] - myStatus = element.isSelected(): null

27-02-2025T17:24:29 - [TEST_STEP][PASSED] - if (debug): null

27-02-2025T17:24:29 - [TEST_STEP][PASSED] - if (toggle && myStatus && inList): null

27-02-2025T17:24:29 - [TEST_STEP][PASSED] - if (!(myStatus) && inList || myStatus && !(inList)): null

27-02-2025T17:24:29 - [TEST_STEP][PASSED] - myValue = element.getAttribute("value"): null

27-02-2025T17:24:29 - [TEST_STEP][PASSED] - if (debug): null

27-02-2025T17:24:29 - [TEST_STEP][PASSED] - if (myValue.length() >= 4): null

27-02-2025T17:24:29 - [TEST_STEP][PASSED] - if (myValue.substring(0, 4) == "(!) "): null

27-02-2025T17:24:29 - [TEST_STEP][PASSED] - myType = element.getAttribute("type"): null

27-02-2025T17:24:29 - [TEST_STEP][PASSED] - if (myValue in varParms[i]): null

27-02-2025T17:24:29 - [TEST_STEP][PASSED] - else: null

27-02-2025T17:24:29 - [TEST_STEP][PASSED] - inList = false: null

27-02-2025T17:24:29 - [TEST_STEP][PASSED] - if (myType == "checkbox"): null

27-02-2025T17:24:29 - [TEST_STEP][PASSED] - myStatus = element.isSelected(): null

27-02-2025T17:24:29 - [TEST_STEP][PASSED] - if (debug): null

27-02-2025T17:24:29 - [TEST_STEP][PASSED] - if (toggle && myStatus && inList): null

27-02-2025T17:24:29 - [TEST_STEP][PASSED] - if (!(myStatus) && inList || myStatus && !(inList)): null

27-02-2025T17:24:29 - [TEST_STEP][PASSED] - myValue = element.getAttribute("value"): null

27-02-2025T17:24:29 - [TEST_STEP][PASSED] - if (debug): null

27-02-2025T17:24:29 - [TEST_STEP][PASSED] - if (myValue.length() >= 4): null

27-02-2025T17:24:29 - [TEST_STEP][PASSED] - if (myValue.substring(0, 4) == "(!) "): null

27-02-2025T17:24:29 - [TEST_STEP][PASSED] - myType = element.getAttribute("type"): null

27-02-2025T17:24:29 - [TEST_STEP][PASSED] - if (myValue in varParms[i]): null

27-02-2025T17:24:29 - [TEST_STEP][PASSED] - else: null

27-02-2025T17:24:29 - [TEST_STEP][PASSED] - inList = false: null

27-02-2025T17:24:29 - [TEST_STEP][PASSED] - if (myType == "checkbox"): null

27-02-2025T17:24:29 - [TEST_STEP][PASSED] - myStatus = element.isSelected(): null

27-02-2025T17:24:29 - [TEST_STEP][PASSED] - if (debug): null

27-02-2025T17:24:29 - [TEST_STEP][PASSED] - if (toggle && myStatus && inList): null

27-02-2025T17:24:29 - [TEST_STEP][PASSED] - if (!(myStatus) && inList || myStatus && !(inList)): null

27-02-2025T17:24:29 - [TEST_STEP][PASSED] - myValue = element.getAttribute("value"): null

27-02-2025T17:24:29 - [TEST_STEP][PASSED] - if (debug): null

27-02-2025T17:24:29 - [TEST_STEP][PASSED] - if (myValue.length() >= 4): null

27-02-2025T17:24:29 - [TEST_STEP][PASSED] - if (myValue.substring(0, 4) == "(!) "): null

27-02-2025T17:24:29 - [TEST_STEP][PASSED] - myType = element.getAttribute("type"): null

27-02-2025T17:24:29 - [TEST_STEP][PASSED] - if (myValue in varParms[i]): null

27-02-2025T17:24:29 - [TEST_STEP][PASSED] - else: null

27-02-2025T17:24:29 - [TEST_STEP][PASSED] - inList = false: null

27-02-2025T17:24:29 - [TEST_STEP][PASSED] - if (myType == "checkbox"): null

27-02-2025T17:24:29 - [TEST_STEP][PASSED] - myStatus = element.isSelected(): null

27-02-2025T17:24:29 - [TEST_STEP][PASSED] - if (debug): null

27-02-2025T17:24:29 - [TEST_STEP][PASSED] - if (toggle && myStatus && inList): null

27-02-2025T17:24:29 - [TEST_STEP][PASSED] - if (!(myStatus) && inList || myStatus && !(inList)): null

27-02-2025T17:24:29 - [TEST_STEP][PASSED] - myValue = element.getAttribute("value"): null

27-02-2025T17:24:29 - [TEST_STEP][PASSED] - if (debug): null

27-02-2025T17:24:29 - [TEST_STEP][PASSED] - if (myValue.length() >= 4): null

27-02-2025T17:24:29 - [TEST_STEP][PASSED] - if (myValue.substring(0, 4) == "(!) "): null

27-02-2025T17:24:29 - [TEST_STEP][PASSED] - myType = element.getAttribute("type"): null

27-02-2025T17:24:29 - [TEST_STEP][PASSED] - if (myValue in varParms[i]): null

27-02-2025T17:24:29 - [TEST_STEP][PASSED] - inList = true: null

27-02-2025T17:24:29 - [TEST_STEP][PASSED] - if (myType == "checkbox"): null

27-02-2025T17:24:29 - [TEST_STEP][PASSED] - myStatus = element.isSelected(): null

27-02-2025T17:24:29 - [TEST_STEP][PASSED] - if (debug): null

27-02-2025T17:24:29 - [TEST_STEP][PASSED] - if (toggle && myStatus && inList): null

27-02-2025T17:24:29 - [TEST_STEP][PASSED] - if (!(myStatus) && inList || myStatus && !(inList)): null

27-02-2025T17:24:29 - [TEST_STEP][PASSED] - if (debug): null

27-02-2025T17:24:29 - [TEST_STEP][PASSED] - println("Clicking " + myValue): null

27-02-2025T17:24:29 - [TEST_STEP][PASSED] - click(element): null

27-02-2025T17:24:29 - [TEST_STEP][PASSED] - scrollToObject(elem): null

27-02-2025T17:24:29 - [TEST_STEP][PASSED] - loc = element.getLocation(): null

27-02-2025T17:24:29 - [TEST_STEP][PASSED] - if (debug): null

27-02-2025T17:24:29 - [TEST_STEP][PASSED] - y = loc.getY(): null

27-02-2025T17:24:29 - [TEST_STEP][PASSED] - println("Y location is " + y): null

27-02-2025T17:24:29 - [TEST_STEP][PASSED] - top = getViewportTopPosition(): Current viewport's top (y) position is 513

27-02-2025T17:24:29 - [MESSAGE][PASSED] - Current viewport's top (y) position is 513

27-02-2025T17:24:29 - [TEST_STEP][PASSED] - println("Viewport top is " + top): null

27-02-2025T17:24:29 - [TEST_STEP][PASSED] - bottom = top + 600: null

27-02-2025T17:24:29 - [TEST_STEP][PASSED] - if (y - top < 150 || bottom - y < 10): null

27-02-2025T17:24:29 - [TEST_STEP][PASSED] - elem.click(): null

27-02-2025T17:24:29 - [TEST_STEP][PASSED] - myValue = element.getAttribute("value"): null

27-02-2025T17:24:29 - [TEST_STEP][PASSED] - if (debug): null

27-02-2025T17:24:29 - [TEST_STEP][PASSED] - if (myValue.length() >= 4): null

27-02-2025T17:24:29 - [TEST_STEP][PASSED] - if (myValue.substring(0, 4) == "(!) "): null

27-02-2025T17:24:29 - [TEST_STEP][PASSED] - myType = element.getAttribute("type"): null

27-02-2025T17:24:29 - [TEST_STEP][PASSED] - if (myValue in varParms[i]): null

27-02-2025T17:24:29 - [TEST_STEP][PASSED] - else: null

27-02-2025T17:24:29 - [TEST_STEP][PASSED] - inList = false: null

27-02-2025T17:24:29 - [TEST_STEP][PASSED] - if (myType == "checkbox"): null

27-02-2025T17:24:29 - [TEST_STEP][PASSED] - myStatus = element.isSelected(): null

27-02-2025T17:24:29 - [TEST_STEP][PASSED] - if (debug): null

27-02-2025T17:24:29 - [TEST_STEP][PASSED] - if (toggle && myStatus && inList): null

27-02-2025T17:24:29 - [TEST_STEP][PASSED] - if (!(myStatus) && inList || myStatus && !(inList)): null

27-02-2025T17:24:29 - [TEST_STEP][PASSED] - myValue = element.getAttribute("value"): null

27-02-2025T17:24:29 - [TEST_STEP][PASSED] - if (debug): null

27-02-2025T17:24:29 - [TEST_STEP][PASSED] - if (myValue.length() >= 4): null

27-02-2025T17:24:29 - [TEST_STEP][PASSED] - if (myValue.substring(0, 4) == "(!) "): null

27-02-2025T17:24:29 - [TEST_STEP][PASSED] - myType = element.getAttribute("type"): null

27-02-2025T17:24:29 - [TEST_STEP][PASSED] - if (myValue in varParms[i]): null

27-02-2025T17:24:29 - [TEST_STEP][PASSED] - else: null

27-02-2025T17:24:29 - [TEST_STEP][PASSED] - inList = false: null

27-02-2025T17:24:29 - [TEST_STEP][PASSED] - if (myType == "checkbox"): null

27-02-2025T17:24:29 - [TEST_STEP][PASSED] - myStatus = element.isSelected(): null

27-02-2025T17:24:29 - [TEST_STEP][PASSED] - if (debug): null

27-02-2025T17:24:29 - [TEST_STEP][PASSED] - if (toggle && myStatus && inList): null

27-02-2025T17:24:29 - [TEST_STEP][PASSED] - if (!(myStatus) && inList || myStatus && !(inList)): null

27-02-2025T17:24:29 - [TEST_STEP][PASSED] - myValue = element.getAttribute("value"): null

27-02-2025T17:24:29 - [TEST_STEP][PASSED] - if (debug): null

27-02-2025T17:24:29 - [TEST_STEP][PASSED] - if (myValue.length() >= 4): null

27-02-2025T17:24:29 - [TEST_STEP][PASSED] - if (myValue.substring(0, 4) == "(!) "): null

27-02-2025T17:24:29 - [TEST_STEP][PASSED] - myType = element.getAttribute("type"): null

27-02-2025T17:24:29 - [TEST_STEP][PASSED] - if (myValue in varParms[i]): null

27-02-2025T17:24:29 - [TEST_STEP][PASSED] - else: null

27-02-2025T17:24:29 - [TEST_STEP][PASSED] - inList = false: null

27-02-2025T17:24:29 - [TEST_STEP][PASSED] - if (myType == "checkbox"): null

27-02-2025T17:24:29 - [TEST_STEP][PASSED] - myStatus = element.isSelected(): null

27-02-2025T17:24:29 - [TEST_STEP][PASSED] - if (debug): null

27-02-2025T17:24:29 - [TEST_STEP][PASSED] - if (toggle && myStatus && inList): null

27-02-2025T17:24:29 - [TEST_STEP][PASSED] - if (!(myStatus) && inList || myStatus && !(inList)): null

27-02-2025T17:24:29 - [TEST_STEP][PASSED] - myValue = element.getAttribute("value"): null

27-02-2025T17:24:29 - [TEST_STEP][PASSED] - if (debug): null

27-02-2025T17:24:29 - [TEST_STEP][PASSED] - if (myValue.length() >= 4): null

27-02-2025T17:24:29 - [TEST_STEP][PASSED] - if (myValue.substring(0, 4) == "(!) "): null

27-02-2025T17:24:29 - [TEST_STEP][PASSED] - myType = element.getAttribute("type"): null

27-02-2025T17:24:29 - [TEST_STEP][PASSED] - if (myValue in varParms[i]): null

27-02-2025T17:24:29 - [TEST_STEP][PASSED] - else: null

27-02-2025T17:24:29 - [TEST_STEP][PASSED] - inList = false: null

27-02-2025T17:24:29 - [TEST_STEP][PASSED] - if (myType == "checkbox"): null

27-02-2025T17:24:29 - [TEST_STEP][PASSED] - myStatus = element.isSelected(): null

27-02-2025T17:24:29 - [TEST_STEP][PASSED] - if (debug): null

27-02-2025T17:24:29 - [TEST_STEP][PASSED] - if (toggle && myStatus && inList): null

27-02-2025T17:24:29 - [TEST_STEP][PASSED] - if (!(myStatus) && inList || myStatus && !(inList)): null

27-02-2025T17:24:29 - [TEST_STEP][PASSED] - myValue = element.getAttribute("value"): null

27-02-2025T17:24:29 - [TEST_STEP][PASSED] - if (debug): null

27-02-2025T17:24:29 - [TEST_STEP][PASSED] - if (myValue.length() >= 4): null

27-02-2025T17:24:29 - [TEST_STEP][PASSED] - if (myValue.substring(0, 4) == "(!) "): null

27-02-2025T17:24:29 - [TEST_STEP][PASSED] - myType = element.getAttribute("type"): null

27-02-2025T17:24:29 - [TEST_STEP][PASSED] - if (myValue in varParms[i]): null

27-02-2025T17:24:29 - [TEST_STEP][PASSED] - else: null

27-02-2025T17:24:29 - [TEST_STEP][PASSED] - inList = false: null

27-02-2025T17:24:29 - [TEST_STEP][PASSED] - if (myType == "checkbox"): null

27-02-2025T17:24:29 - [TEST_STEP][PASSED] - myStatus = element.isSelected(): null

27-02-2025T17:24:29 - [TEST_STEP][PASSED] - if (debug): null

27-02-2025T17:24:29 - [TEST_STEP][PASSED] - if (toggle && myStatus && inList): null

27-02-2025T17:24:29 - [TEST_STEP][PASSED] - if (!(myStatus) && inList || myStatus && !(inList)): null

27-02-2025T17:24:29 - [TEST_STEP][PASSED] - myValue = element.getAttribute("value"): null

27-02-2025T17:24:29 - [TEST_STEP][PASSED] - if (debug): null

27-02-2025T17:24:29 - [TEST_STEP][PASSED] - if (myValue.length() >= 4): null

27-02-2025T17:24:29 - [TEST_STEP][PASSED] - if (myValue.substring(0, 4) == "(!) "): null

27-02-2025T17:24:29 - [TEST_STEP][PASSED] - myType = element.getAttribute("type"): null

27-02-2025T17:24:29 - [TEST_STEP][PASSED] - if (myValue in varParms[i]): null

27-02-2025T17:24:29 - [TEST_STEP][PASSED] - else: null

27-02-2025T17:24:29 - [TEST_STEP][PASSED] - inList = false: null

27-02-2025T17:24:29 - [TEST_STEP][PASSED] - if (myType == "checkbox"): null

27-02-2025T17:24:29 - [TEST_STEP][PASSED] - myStatus = element.isSelected(): null

27-02-2025T17:24:29 - [TEST_STEP][PASSED] - if (debug): null

27-02-2025T17:24:29 - [TEST_STEP][PASSED] - if (toggle && myStatus && inList): null

27-02-2025T17:24:29 - [TEST_STEP][PASSED] - if (!(myStatus) && inList || myStatus && !(inList)): null

27-02-2025T17:24:29 - [TEST_STEP][PASSED] - myValue = element.getAttribute("value"): null

27-02-2025T17:24:29 - [TEST_STEP][PASSED] - if (debug): null

27-02-2025T17:24:29 - [TEST_STEP][PASSED] - if (myValue.length() >= 4): null

27-02-2025T17:24:29 - [TEST_STEP][PASSED] - if (myValue.substring(0, 4) == "(!) "): null

27-02-2025T17:24:29 - [TEST_STEP][PASSED] - myType = element.getAttribute("type"): null

27-02-2025T17:24:29 - [TEST_STEP][PASSED] - if (myValue in varParms[i]): null

27-02-2025T17:24:29 - [TEST_STEP][PASSED] - else: null

27-02-2025T17:24:29 - [TEST_STEP][PASSED] - inList = false: null

27-02-2025T17:24:29 - [TEST_STEP][PASSED] - if (myType == "checkbox"): null

27-02-2025T17:24:29 - [TEST_STEP][PASSED] - myStatus = element.isSelected(): null

27-02-2025T17:24:29 - [TEST_STEP][PASSED] - if (debug): null

27-02-2025T17:24:29 - [TEST_STEP][PASSED] - if (toggle && myStatus && inList): null

27-02-2025T17:24:29 - [TEST_STEP][PASSED] - if (!(myStatus) && inList || myStatus && !(inList)): null

27-02-2025T17:24:29 - [TEST_STEP][PASSED] - myValue = element.getAttribute("value"): null

27-02-2025T17:24:29 - [TEST_STEP][PASSED] - if (debug): null

27-02-2025T17:24:29 - [TEST_STEP][PASSED] - if (myValue.length() >= 4): null

27-02-2025T17:24:29 - [TEST_STEP][PASSED] - if (myValue.substring(0, 4) == "(!) "): null

27-02-2025T17:24:29 - [TEST_STEP][PASSED] - myType = element.getAttribute("type"): null

27-02-2025T17:24:29 - [TEST_STEP][PASSED] - if (myValue in varParms[i]): null

27-02-2025T17:24:29 - [TEST_STEP][PASSED] - else: null

27-02-2025T17:24:29 - [TEST_STEP][PASSED] - inList = false: null

27-02-2025T17:24:29 - [TEST_STEP][PASSED] - if (myType == "checkbox"): null

27-02-2025T17:24:29 - [TEST_STEP][PASSED] - myStatus = element.isSelected(): null

27-02-2025T17:24:29 - [TEST_STEP][PASSED] - if (debug): null

27-02-2025T17:24:29 - [TEST_STEP][PASSED] - if (toggle && myStatus && inList): null

27-02-2025T17:24:29 - [TEST_STEP][PASSED] - if (!(myStatus) && inList || myStatus && !(inList)): null

27-02-2025T17:24:29 - [TEST_STEP][PASSED] - myValue = element.getAttribute("value"): null

27-02-2025T17:24:29 - [TEST_STEP][PASSED] - if (debug): null

27-02-2025T17:24:29 - [TEST_STEP][PASSED] - if (myValue.length() >= 4): null

27-02-2025T17:24:29 - [TEST_STEP][PASSED] - if (myValue.substring(0, 4) == "(!) "): null

27-02-2025T17:24:29 - [TEST_STEP][PASSED] - myType = element.getAttribute("type"): null

27-02-2025T17:24:29 - [TEST_STEP][PASSED] - if (myValue in varParms[i]): null

27-02-2025T17:24:29 - [TEST_STEP][PASSED] - else: null

27-02-2025T17:24:29 - [TEST_STEP][PASSED] - inList = false: null

27-02-2025T17:24:29 - [TEST_STEP][PASSED] - if (myType == "checkbox"): null

27-02-2025T17:24:29 - [TEST_STEP][PASSED] - myStatus = element.isSelected(): null

27-02-2025T17:24:29 - [TEST_STEP][PASSED] - if (debug): null

27-02-2025T17:24:29 - [TEST_STEP][PASSED] - if (toggle && myStatus && inList): null

27-02-2025T17:24:29 - [TEST_STEP][PASSED] - if (!(myStatus) && inList || myStatus && !(inList)): null

27-02-2025T17:24:29 - [TEST_STEP][PASSED] - myValue = element.getAttribute("value"): null

27-02-2025T17:24:29 - [TEST_STEP][PASSED] - if (debug): null

27-02-2025T17:24:29 - [TEST_STEP][PASSED] - if (myValue.length() >= 4): null

27-02-2025T17:24:29 - [TEST_STEP][PASSED] - if (myValue.substring(0, 4) == "(!) "): null

27-02-2025T17:24:29 - [TEST_STEP][PASSED] - myType = element.getAttribute("type"): null

27-02-2025T17:24:29 - [TEST_STEP][PASSED] - if (myValue in varParms[i]): null

27-02-2025T17:24:29 - [TEST_STEP][PASSED] - else: null

27-02-2025T17:24:29 - [TEST_STEP][PASSED] - inList = false: null

27-02-2025T17:24:29 - [TEST_STEP][PASSED] - if (myType == "checkbox"): null

27-02-2025T17:24:29 - [TEST_STEP][PASSED] - myStatus = element.isSelected(): null

27-02-2025T17:24:29 - [TEST_STEP][PASSED] - if (debug): null

27-02-2025T17:24:29 - [TEST_STEP][PASSED] - if (toggle && myStatus && inList): null

27-02-2025T17:24:29 - [TEST_STEP][PASSED] - if (!(myStatus) && inList || myStatus && !(inList)): null

27-02-2025T17:24:29 - [TEST_STEP][PASSED] - frame.dispose(): null

27-02-2025T17:24:29 - [MESSAGE][PASSED] - Call Test Case 'Test Cases/_Functions/Click on Group Elements' successfully

27-02-2025T17:24:29 - [TEST_STEP][PASSED] - if (varSpouse_education_preferences_comment != null): Call Test Case 'Test Cases/_Functions/Perform Action' successfully

27-02-2025T17:24:29 - [TEST_STEP][PASSED] - object = "Object Repository/Education Candidate Profile/Tabs/Spouse Teaching Prefs/textarea_Spouse Education Preferences Comment": null

27-02-2025T17:24:29 - [TEST_STEP][PASSED] - callTestCase(findTestCase("_Functions/Perform Action"), ["varAction":"setText", "varObject":object, "varParm1":varSpouse_education_preferences_comment], STOP_ON_FAILURE): Call Test Case 'Test Cases/_Functions/Perform Action' successfully

27-02-2025T17:24:29 - [TEST_CASE][PASSED] - Test Cases/_Functions/Perform Action: Test Cases/_Functions/Perform Action

27-02-2025T17:24:29 - [TEST_STEP][PASSED] - action = varAction: null

27-02-2025T17:24:29 - [TEST_STEP][PASSED] - println(action): null

27-02-2025T17:24:29 - [TEST_STEP][PASSED] - testObject = varObject: null

27-02-2025T17:24:29 - [TEST_STEP][PASSED] - println(testObject): null

27-02-2025T17:24:29 - [TEST_STEP][PASSED] - parm1 = varParm1: null

27-02-2025T17:24:29 - [TEST_STEP][PASSED] - println(parm1): null

27-02-2025T17:24:29 - [TEST_STEP][PASSED] - println("Converting " + testObject + " to web element"): null

27-02-2025T17:24:29 - [TEST_STEP][PASSED] - element = findWebElement(findTestObject(testObject), 1): null

27-02-2025T17:24:29 - [TEST_STEP][PASSED] - loc = element.getLocation(): null

27-02-2025T17:24:29 - [TEST_STEP][PASSED] - y = loc.getY(): null

27-02-2025T17:24:29 - [TEST_STEP][PASSED] - println("Y location is " + y): null

27-02-2025T17:24:29 - [TEST_STEP][PASSED] - top = getViewportTopPosition(): Current viewport's top (y) position is 513

27-02-2025T17:24:29 - [MESSAGE][PASSED] - Current viewport's top (y) position is 513

27-02-2025T17:24:29 - [TEST_STEP][PASSED] - println("Viewport top is " + top): null

27-02-2025T17:24:29 - [TEST_STEP][PASSED] - bottom = top + 600: null

27-02-2025T17:24:29 - [TEST_STEP][PASSED] - if (y - top < 150 || bottom - y < 10): null

27-02-2025T17:24:29 - [TEST_STEP][PASSED] - if (action == "click"): null

27-02-2025T17:24:29 - [TEST_STEP][PASSED] - else if (action == "selectOptionByValue"): null

27-02-2025T17:24:29 - [TEST_STEP][PASSED] - else if (action == "setText"): Text 'Willing to consider other positions.' is set on object 'Object Repository/Education Candidate Profile/Tabs/Spouse Teaching Prefs/textarea_Spouse Education Preferences Comment'

27-02-2025T17:24:29 - [TEST_STEP][PASSED] - println("Setting text " + parm1): null

27-02-2025T17:24:29 - [TEST_STEP][PASSED] - setText(findTestObject(testObject), parm1): Text 'Willing to consider other positions.' is set on object 'Object Repository/Education Candidate Profile/Tabs/Spouse Teaching Prefs/textarea_Spouse Education Preferences Comment'

27-02-2025T17:24:29 - [MESSAGE][PASSED] - Text 'Willing to consider other positions.' is set on object 'Object Repository/Education Candidate Profile/Tabs/Spouse Teaching Prefs/textarea_Spouse Education Preferences Comment'

27-02-2025T17:24:29 - [MESSAGE][PASSED] - Call Test Case 'Test Cases/_Functions/Perform Action' successfully

27-02-2025T17:24:29 - [TEST_STEP][PASSED] - object = "Education Candidate Profile/Tabs/btn_Submit": null

27-02-2025T17:24:29 - [TEST_STEP][PASSED] - callTestCase(findTestCase("_Functions/Perform Action"), ["varAction":"click", "varObject":object], STOP_ON_FAILURE): Call Test Case 'Test Cases/_Functions/Perform Action' successfully

27-02-2025T17:24:29 - [TEST_CASE][PASSED] - Test Cases/_Functions/Perform Action: Test Cases/_Functions/Perform Action

27-02-2025T17:24:29 - [TEST_STEP][PASSED] - action = varAction: null

27-02-2025T17:24:29 - [TEST_STEP][PASSED] - println(action): null

27-02-2025T17:24:29 - [TEST_STEP][PASSED] - testObject = varObject: null

27-02-2025T17:24:29 - [TEST_STEP][PASSED] - println(testObject): null

27-02-2025T17:24:29 - [TEST_STEP][PASSED] - parm1 = varParm1: null

27-02-2025T17:24:29 - [TEST_STEP][PASSED] - println(parm1): null

27-02-2025T17:24:29 - [TEST_STEP][PASSED] - println("Converting " + testObject + " to web element"): null

27-02-2025T17:24:29 - [TEST_STEP][PASSED] - element = findWebElement(findTestObject(testObject), 1): null

27-02-2025T17:24:29 - [TEST_STEP][PASSED] - loc = element.getLocation(): null

27-02-2025T17:24:29 - [TEST_STEP][PASSED] - y = loc.getY(): null

27-02-2025T17:24:29 - [TEST_STEP][PASSED] - println("Y location is " + y): null

27-02-2025T17:24:29 - [TEST_STEP][PASSED] - top = getViewportTopPosition(): Current viewport's top (y) position is 513

27-02-2025T17:24:29 - [MESSAGE][PASSED] - Current viewport's top (y) position is 513

27-02-2025T17:24:29 - [TEST_STEP][PASSED] - println("Viewport top is " + top): null

27-02-2025T17:24:29 - [TEST_STEP][PASSED] - bottom = top + 600: null

27-02-2025T17:24:29 - [TEST_STEP][PASSED] - if (y - top < 150 || bottom - y < 10): Delayed 1 second(s)

27-02-2025T17:24:29 - [TEST_STEP][PASSED] - scrollToPosition(0, y - 150): Browser is scrolled to position x = 0, y = 1066

27-02-2025T17:24:29 - [MESSAGE][PASSED] - Browser is scrolled to position x = 0, y = 1066

27-02-2025T17:24:29 - [TEST_STEP][PASSED] - delay(1): Delayed 1 second(s)

27-02-2025T17:24:30 - [MESSAGE][PASSED] - Delayed 1 second(s)

27-02-2025T17:24:30 - [TEST_STEP][PASSED] - if (action == "click"): Object: 'Object Repository/Education Candidate Profile/Tabs/btn_Submit' is clicked on

27-02-2025T17:24:30 - [TEST_STEP][PASSED] - println("clicking"): null

27-02-2025T17:24:30 - [TEST_STEP][PASSED] - click(findTestObject(testObject)): Object: 'Object Repository/Education Candidate Profile/Tabs/btn_Submit' is clicked on

27-02-2025T17:24:32 - [MESSAGE][PASSED] - Object: 'Object Repository/Education Candidate Profile/Tabs/btn_Submit' is clicked on

27-02-2025T17:24:32 - [MESSAGE][PASSED] - Call Test Case 'Test Cases/_Functions/Perform Action' successfully

27-02-2025T17:24:32 - [MESSAGE][PASSED] - Call Test Case 'Test Cases/Education Candidate Profile/Tabs/Set Spouse Teaching Prefs' successfully

27-02-2025T17:24:32 - [TEST_STEP][PASSED] - if (pages.size() == 0 || "All" in pages || "Spouse Education" in pages): Call Test Case 'Test Cases/Education Candidate Profile/Tabs/Set Spouse Education' successfully

27-02-2025T17:24:32 - [TEST_STEP][PASSED] - spouse_formal_degree = "Yes": null

27-02-2025T17:24:32 - [TEST_STEP][PASSED] - spouse_education_credentials = "Pending": null

27-02-2025T17:24:32 - [TEST_STEP][PASSED] - spouse_credential_authority = "TBD": null

27-02-2025T17:24:32 - [TEST_STEP][PASSED] - spouse_previous_experience = ["Arts Performing", "Arts Visual", "Elementary", "Kindergarten", "Music Teacher", "Pre-School", "Teacher's Aide", "Tutoring"]: null

27-02-2025T17:24:32 - [TEST_STEP][PASSED] - spouse_other_experience = "Independent piano teacher": null

27-02-2025T17:24:32 - [TEST_STEP][PASSED] - spouse_english_proficiency = "Advanced": null

27-02-2025T17:24:32 - [TEST_STEP][PASSED] - spouse_additional_languages = "None": null

27-02-2025T17:24:32 - [TEST_STEP][PASSED] - callTestCase(findTestCase("Education Candidate Profile/Tabs/Set Spouse Education"), ["varSpouse_formal_degree":spouse_formal_degree, "varSpouse_education_credentials":spouse_education_credentials, "varSpouse_credential_authority":spouse_credential_authority, ... ], STOP_ON_FAILURE): Call Test Case 'Test Cases/Education Candidate Profile/Tabs/Set Spouse Education' successfully

27-02-2025T17:24:32 - [TEST_CASE][PASSED] - Test Cases/Education Candidate Profile/Tabs/Set Spouse Education: Test Cases/Education Candidate Profile/Tabs/Set Spouse Education

27-02-2025T17:24:32 - [TEST_STEP][PASSED] - username = username: null

27-02-2025T17:24:32 - [TEST_STEP][PASSED] - if (username != "cktest04ec"): null

27-02-2025T17:24:32 - [TEST_STEP][PASSED] - testName = "Education Candidate Spouse Education Tab": null

27-02-2025T17:24:32 - [TEST_STEP][PASSED] - outFile = callTestCase(findTestCase("_Functions/Set Output File"), ["varTestName":testName], STOP_ON_FAILURE): Call Test Case 'Test Cases/_Functions/Set Output File' successfully

27-02-2025T17:24:32 - [TEST_CASE][PASSED] - Test Cases/_Functions/Set Output File: Test Cases/_Functions/Set Output File

27-02-2025T17:24:32 - [TEST_STEP][PASSED] - testName = varTestName: null

27-02-2025T17:24:32 - [TEST_STEP][PASSED] - domain = domain: null

27-02-2025T17:24:32 - [TEST_STEP][PASSED] - writeFile = false: null

27-02-2025T17:24:32 - [TEST_STEP][PASSED] - if (outFile != ""): null

27-02-2025T17:24:32 - [TEST_STEP][PASSED] - myFile = outFile: null

27-02-2025T17:24:32 - [TEST_STEP][PASSED] - println(myFile): null

27-02-2025T17:24:32 - [TEST_STEP][PASSED] - outFile = new java.io.File(myFile): null

27-02-2025T17:24:32 - [TEST_STEP][PASSED] - writeFile = true: null

27-02-2025T17:24:32 - [TEST_STEP][PASSED] - if (!(writeFile)): null

27-02-2025T17:24:32 - [TEST_STEP][PASSED] - else: null

27-02-2025T17:24:32 - [TEST_STEP][PASSED] - outFile.append("
Testing " + testName + " on " + domain + ".
"): null

27-02-2025T17:24:32 - [TEST_STEP][PASSED] - return outFile: null

27-02-2025T17:24:32 - [MESSAGE][PASSED] - Call Test Case 'Test Cases/_Functions/Set Output File' successfully

27-02-2025T17:24:32 - [TEST_STEP][PASSED] - parms = [varSpouse_formal_degree, varSpouse_education_credentials, varSpouse_previous_experience]: null

27-02-2025T17:24:32 - [TEST_STEP][PASSED] - spouse_formal_degree = "//input[@name='profile[group-1631402580.093][spouse_formal_education_degree]']": null

27-02-2025T17:24:32 - [TEST_STEP][PASSED] - spouse_education_credentials = "//input[@name='profile[group-1631402580.093][spouse_education_credentials]']": null

27-02-2025T17:24:32 - [TEST_STEP][PASSED] - spouse_previous_experience = "//input[@id='profile_group-1631402580.093_spouse_teaching_experience']": null

27-02-2025T17:24:32 - [TEST_STEP][PASSED] - xpaths = [spouse_formal_degree, spouse_education_credentials, spouse_previous_experience]: null

27-02-2025T17:24:32 - [TEST_STEP][PASSED] - tooltipImagePath = "/Users/cckozie/git/MissionNext-Katalon-Koz/images/education candidate/": null

27-02-2025T17:24:32 - [TEST_STEP][PASSED] - testObjectFolder = "Education Candidate Profile/Tabs/Spouse Education/": null

27-02-2025T17:24:32 - [TEST_STEP][PASSED] - tooltips = ["dummy":"dummy", "Spouse Additional Language(s)":"img_Spouse Additional Language(s)_field-tooltip"]: null

27-02-2025T17:24:32 - [TEST_STEP][PASSED] - tooltipText = ["Spouse Additional Language(s)":"Other language in which you have some level of fluency."]: null

27-02-2025T17:24:32 - [TEST_STEP][PASSED] - requiredFieldMsgs = ["Spouse Previous Experience":"The spouse teaching experience field is required."]: null

27-02-2025T17:24:32 - [TEST_STEP][PASSED] - click(findTestObject("Object Repository/Education Candidate Profile/Tabs/a_Spouse Education")): Object: 'Object Repository/Education Candidate Profile/Tabs/a_Spouse Education' is clicked on

27-02-2025T17:24:32 - [MESSAGE][PASSED] - Object: 'Object Repository/Education Candidate Profile/Tabs/a_Spouse Education' is clicked on

27-02-2025T17:24:32 - [TEST_STEP][PASSED] - tooltipTextMap = callTestCase(findTestCase("_Functions/Get Screenshot and Tooltip Text"), ["varExtension":testName], STOP_ON_FAILURE): Call Test Case 'Test Cases/_Functions/Get Screenshot and Tooltip Text' successfully

27-02-2025T17:24:33 - [TEST_CASE][PASSED] - Test Cases/_Functions/Get Screenshot and Tooltip Text: Test Cases/_Functions/Get Screenshot and Tooltip Text

27-02-2025T17:24:33 - [TEST_STEP][PASSED] - if (fastPath): null

27-02-2025T17:24:33 - [TEST_STEP][PASSED] - frame = new javax.swing.JFrame(): null

27-02-2025T17:24:33 - [TEST_STEP][PASSED] - p = new javax.swing.JPanel(): null

27-02-2025T17:24:33 - [TEST_STEP][PASSED] - l = new javax.swing.JLabel(Getting screenshot and tooltip text..., javax.swing.SwingConstants.CENTER): null

27-02-2025T17:24:33 - [TEST_STEP][PASSED] - frame.add(l): null

27-02-2025T17:24:33 - [TEST_STEP][PASSED] - frame.setSize(300, 100): null

27-02-2025T17:24:33 - [TEST_STEP][PASSED] - frame.setLocation(600, 0): null

27-02-2025T17:24:33 - [TEST_STEP][PASSED] - frame.setAlwaysOnTop(true): null

27-02-2025T17:24:33 - [TEST_STEP][PASSED] - frame.show(): null

27-02-2025T17:24:33 - [TEST_STEP][PASSED] - driver = getWebDriver(): null

27-02-2025T17:24:33 - [TEST_STEP][PASSED] - path = "/Users/cckozie/Documents/MissionNext/Screenshots and Tooltip Text/": null

27-02-2025T17:24:33 - [TEST_STEP][PASSED] - if (binding.hasVariable("varExtension")): null

27-02-2025T17:24:33 - [TEST_STEP][PASSED] - extension = varExtension: null

27-02-2025T17:24:33 - [TEST_STEP][PASSED] - println("Extension is " + extension): null

27-02-2025T17:24:33 - [TEST_STEP][PASSED] - fileBase = path + extension: null

27-02-2025T17:24:33 - [TEST_STEP][PASSED] - fileImage = fileBase + "_Screenshot.png": null

27-02-2025T17:24:33 - [TEST_STEP][PASSED] - waitForPageLoad(30): Wait for page load successfully

27-02-2025T17:24:33 - [MESSAGE][PASSED] - Wait for page load successfully

27-02-2025T17:24:33 - [TEST_STEP][PASSED] - spinner = driver.findElement(By.xpath("/html/body/div[1]/div/div[2]")): null

27-02-2025T17:24:33 - [TEST_STEP][PASSED] - executor = driver: null

27-02-2025T17:24:33 - [TEST_STEP][PASSED] - elementAttributes = executor.executeScript("var items = {}; for (index = 0; index < arguments[0].attributes.length; ++index) { items[arguments[0].attributes[index].name] = arguments[0].attributes[index].value }; return items;", spinner): null

27-02-2025T17:24:33 - [TEST_STEP][PASSED] - attrs = elementAttributes.toString(): null

27-02-2025T17:24:33 - [TEST_STEP][PASSED] - waits = 0: null

27-02-2025T17:24:33 - [TEST_STEP][PASSED] - while (attrs.indexOf("display: none") < 0 && waits < 2): null

27-02-2025T17:24:33 - [TEST_STEP][PASSED] - delay(1): Delayed 1 second(s)

27-02-2025T17:24:34 - [MESSAGE][PASSED] - Delayed 1 second(s)

27-02-2025T17:24:34 - [TEST_STEP][PASSED] - attrs = elementAttributes.toString(): null

27-02-2025T17:24:34 - [TEST_STEP][PASSED] - (waits++): null

27-02-2025T17:24:34 - [TEST_STEP][PASSED] - delay(1): Delayed 1 second(s)

27-02-2025T17:24:35 - [MESSAGE][PASSED] - Delayed 1 second(s)

27-02-2025T17:24:35 - [TEST_STEP][PASSED] - attrs = elementAttributes.toString(): null

27-02-2025T17:24:35 - [TEST_STEP][PASSED] - (waits++): null

27-02-2025T17:24:35 - [TEST_STEP][PASSED] - tooltipMap = callTestCase(findTestCase("_Functions/Get Tooltip Text"), [:], STOP_ON_FAILURE): Call Test Case 'Test Cases/_Functions/Get Tooltip Text' successfully

27-02-2025T17:24:35 - [TEST_CASE][PASSED] - Test Cases/_Functions/Get Tooltip Text: Test Cases/_Functions/Get Tooltip Text

27-02-2025T17:24:35 - [TEST_STEP][PASSED] - fieldTooltips = [:]: null

27-02-2025T17:24:35 - [TEST_STEP][PASSED] - tooltipMap = [:]: null

27-02-2025T17:24:35 - [TEST_STEP][PASSED] - driver = getWebDriver(): null

27-02-2025T17:24:35 - [TEST_STEP][PASSED] - tooltips = driver.findElements(By.className("field-tooltip")): null

27-02-2025T17:24:35 - [TEST_STEP][PASSED] - for (def it : tooltips): null

27-02-2025T17:24:35 - [TEST_STEP][PASSED] - if (it.isDisplayed()): null

27-02-2025T17:24:35 - [TEST_STEP][PASSED] - if (it.isDisplayed()): null

27-02-2025T17:24:35 - [TEST_STEP][PASSED] - if (it.isDisplayed()): null

27-02-2025T17:24:35 - [TEST_STEP][PASSED] - if (it.isDisplayed()): null

27-02-2025T17:24:35 - [TEST_STEP][PASSED] - if (it.isDisplayed()): null

27-02-2025T17:24:35 - [TEST_STEP][PASSED] - if (it.isDisplayed()): null

27-02-2025T17:24:35 - [TEST_STEP][PASSED] - if (it.isDisplayed()): null

27-02-2025T17:24:35 - [TEST_STEP][PASSED] - if (it.isDisplayed()): null

27-02-2025T17:24:35 - [TEST_STEP][PASSED] - if (it.isDisplayed()): null

27-02-2025T17:24:35 - [TEST_STEP][PASSED] - if (it.isDisplayed()): null

27-02-2025T17:24:35 - [TEST_STEP][PASSED] - if (it.isDisplayed()): null

27-02-2025T17:24:35 - [TEST_STEP][PASSED] - if (it.isDisplayed()): null

27-02-2025T17:24:35 - [TEST_STEP][PASSED] - if (it.isDisplayed()): null

27-02-2025T17:24:35 - [TEST_STEP][PASSED] - if (it.isDisplayed()): null

27-02-2025T17:24:35 - [TEST_STEP][PASSED] - if (it.isDisplayed()): null

27-02-2025T17:24:35 - [TEST_STEP][PASSED] - if (it.isDisplayed()): null

27-02-2025T17:24:35 - [TEST_STEP][PASSED] - if (it.isDisplayed()): null

27-02-2025T17:24:35 - [TEST_STEP][PASSED] - if (it.isDisplayed()): null

27-02-2025T17:24:35 - [TEST_STEP][PASSED] - if (it.isDisplayed()): null

27-02-2025T17:24:35 - [TEST_STEP][PASSED] - if (it.isDisplayed()): null

27-02-2025T17:24:35 - [TEST_STEP][PASSED] - ttText = it.getAttribute("data-original-title"): null

27-02-2025T17:24:35 - [TEST_STEP][PASSED] - ttLocation = it.getLocation(): null

27-02-2025T17:24:35 - [TEST_STEP][PASSED] - yLocation = ttLocation.getY(): null

27-02-2025T17:24:35 - [TEST_STEP][PASSED] - xLocation = ttLocation.getX(): null

27-02-2025T17:24:35 - [TEST_STEP][PASSED] - fieldTooltips.put(ttText, yLocation): null

27-02-2025T17:24:35 - [TEST_STEP][PASSED] - if (fieldTooltips.size() > 0): null

27-02-2025T17:24:35 - [TEST_STEP][PASSED] - rightBorder = xLocation: null

27-02-2025T17:24:35 - [TEST_STEP][PASSED] - fieldLabels = [:]: null

27-02-2025T17:24:35 - [TEST_STEP][PASSED] - labels = driver.findElements(By.xpath("//label")): null

27-02-2025T17:24:35 - [TEST_STEP][PASSED] - labels.each({ -> ... }): null

27-02-2025T17:24:37 - [TEST_STEP][PASSED] - for (def label : fieldLabels): null

27-02-2025T17:24:37 - [TEST_STEP][PASSED] - y = value: null

27-02-2025T17:24:37 - [TEST_STEP][PASSED] - for (def tooltip : fieldTooltips): null

27-02-2025T17:24:37 - [TEST_STEP][PASSED] - if (value == y || value == y + 1 || value == y - 1): null

27-02-2025T17:24:37 - [TEST_STEP][PASSED] - y = value: null

27-02-2025T17:24:37 - [TEST_STEP][PASSED] - for (def tooltip : fieldTooltips): null

27-02-2025T17:24:37 - [TEST_STEP][PASSED] - if (value == y || value == y + 1 || value == y - 1): null

27-02-2025T17:24:37 - [TEST_STEP][PASSED] - y = value: null

27-02-2025T17:24:37 - [TEST_STEP][PASSED] - for (def tooltip : fieldTooltips): null

27-02-2025T17:24:37 - [TEST_STEP][PASSED] - if (value == y || value == y + 1 || value == y - 1): null

27-02-2025T17:24:37 - [TEST_STEP][PASSED] - y = value: null

27-02-2025T17:24:37 - [TEST_STEP][PASSED] - for (def tooltip : fieldTooltips): null

27-02-2025T17:24:37 - [TEST_STEP][PASSED] - if (value == y || value == y + 1 || value == y - 1): null

27-02-2025T17:24:37 - [TEST_STEP][PASSED] - y = value: null

27-02-2025T17:24:37 - [TEST_STEP][PASSED] - for (def tooltip : fieldTooltips): null

27-02-2025T17:24:37 - [TEST_STEP][PASSED] - if (value == y || value == y + 1 || value == y - 1): null

27-02-2025T17:24:37 - [TEST_STEP][PASSED] - y = value: null

27-02-2025T17:24:37 - [TEST_STEP][PASSED] - for (def tooltip : fieldTooltips): null

27-02-2025T17:24:37 - [TEST_STEP][PASSED] - if (value == y || value == y + 1 || value == y - 1): null

27-02-2025T17:24:37 - [TEST_STEP][PASSED] - y = value: null

27-02-2025T17:24:37 - [TEST_STEP][PASSED] - for (def tooltip : fieldTooltips): null

27-02-2025T17:24:37 - [TEST_STEP][PASSED] - if (value == y || value == y + 1 || value == y - 1): null

27-02-2025T17:24:37 - [TEST_STEP][PASSED] - y = value: null

27-02-2025T17:24:37 - [TEST_STEP][PASSED] - for (def tooltip : fieldTooltips): null

27-02-2025T17:24:37 - [TEST_STEP][PASSED] - if (value == y || value == y + 1 || value == y - 1): null

27-02-2025T17:24:37 - [TEST_STEP][PASSED] - tooltipMap.put(key, key): null

27-02-2025T17:24:37 - [TEST_STEP][PASSED] - break: null

27-02-2025T17:24:37 - [TEST_STEP][PASSED] - return tooltipMap: null

27-02-2025T17:24:37 - [MESSAGE][PASSED] - Call Test Case 'Test Cases/_Functions/Get Tooltip Text' successfully

27-02-2025T17:24:37 - [TEST_STEP][PASSED] - if (tooltipMap.size() > 0): null

27-02-2025T17:24:37 - [TEST_STEP][PASSED] - file = fileBase + "_Tooltips.csv": null

27-02-2025T17:24:37 - [TEST_STEP][PASSED] - outText = "FIELD LABEL" + "," + "TOOLTIP TEXT" + "

": null

27-02-2025T17:24:37 - [TEST_STEP][PASSED] - for (def it : tooltipMap): null

27-02-2025T17:24:37 - [TEST_STEP][PASSED] - name = key: null

27-02-2025T17:24:37 - [TEST_STEP][PASSED] - value = value.replace("
", ""): null

27-02-2025T17:24:37 - [TEST_STEP][PASSED] - value = value.trim(): null

27-02-2025T17:24:37 - [TEST_STEP][PASSED] - value = """ + value + """: null

27-02-2025T17:24:37 - [TEST_STEP][PASSED] - outText = outText + name + "," + value: null

27-02-2025T17:24:37 - [TEST_STEP][PASSED] - outText = outText + "
": null

27-02-2025T17:24:37 - [TEST_STEP][PASSED] - println(outText): null

27-02-2025T17:24:37 - [TEST_STEP][PASSED] - outFile = new java.io.File(file): null

27-02-2025T17:24:37 - [TEST_STEP][PASSED] - println(outText): null

27-02-2025T17:24:37 - [TEST_STEP][PASSED] - outFile.write(outText): null

27-02-2025T17:24:37 - [TEST_STEP][PASSED] - takeFullPageScreenshot(fileImage): Taking screenshot successfully

27-02-2025T17:24:38 - [MESSAGE][INFO] - 0 hidden object(s)

27-02-2025T17:24:38 - [MESSAGE][PASSED] - Taking screenshot successfully
[[ATTACHMENT|/Users/cckozie/Documents/MissionNext/Screenshots and Tooltip Text/Education Candidate Spouse Education Tab_Screenshot.png]]

27-02-2025T17:24:38 - [TEST_STEP][PASSED] - frame.dispose(): null

27-02-2025T17:24:38 - [TEST_STEP][PASSED] - return tooltipMap: null

27-02-2025T17:24:38 - [MESSAGE][PASSED] - Call Test Case 'Test Cases/_Functions/Get Screenshot and Tooltip Text' successfully

27-02-2025T17:24:38 - [TEST_STEP][PASSED] - callTestCase(findTestCase("_Functions/Test Tooltips"), ["varTooltipImagePath":tooltipImagePath, "varTooltips":tooltips, "varTooltipText":tooltipText, "varTestObjectFolder":testObjectFolder, ... ], STOP_ON_FAILURE): Call Test Case 'Test Cases/_Functions/Test Tooltips' successfully

27-02-2025T17:24:38 - [TEST_CASE][PASSED] - Test Cases/_Functions/Test Tooltips: Test Cases/_Functions/Test Tooltips

27-02-2025T17:24:38 - [TEST_STEP][PASSED] - if (fastPath): null

27-02-2025T17:24:38 - [TEST_STEP][PASSED] - tooltipImagePath = varTooltipImagePath: null

27-02-2025T17:24:38 - [TEST_STEP][PASSED] - tooltips = varTooltips: null

27-02-2025T17:24:38 - [TEST_STEP][PASSED] - tooltipText = varTooltipText: null

27-02-2025T17:24:38 - [TEST_STEP][PASSED] - testObjectFolder = varTestObjectFolder: null

27-02-2025T17:24:38 - [TEST_STEP][PASSED] - tooltipTextMap = varTooltipTextMap: null

27-02-2025T17:24:38 - [TEST_STEP][PASSED] - writeFile = false: null

27-02-2025T17:24:38 - [TEST_STEP][PASSED] - if (outFile != ""): null

27-02-2025T17:24:38 - [TEST_STEP][PASSED] - myFile = outFile: null

27-02-2025T17:24:38 - [TEST_STEP][PASSED] - println(myFile): null

27-02-2025T17:24:38 - [TEST_STEP][PASSED] - outFile = new java.io.File(myFile): null

27-02-2025T17:24:38 - [TEST_STEP][PASSED] - writeFile = true: null

27-02-2025T17:24:38 - [TEST_STEP][PASSED] - driver = getWebDriver(): null

27-02-2025T17:24:38 - [TEST_STEP][PASSED] - action = new org.openqa.selenium.interactions.Actions(driver): null

27-02-2025T17:24:38 - [TEST_STEP][PASSED] - s = new org.sikuli.script.Screen(): null

27-02-2025T17:24:38 - [TEST_STEP][PASSED] - outText = "Verifying the tooltips can be displayed.
": null

27-02-2025T17:24:38 - [TEST_STEP][PASSED] - outFile.append(outText): null

27-02-2025T17:24:38 - [TEST_STEP][PASSED] - first = true: null

27-02-2025T17:24:38 - [TEST_STEP][PASSED] - for (def it : tooltips): null

27-02-2025T17:24:38 - [TEST_STEP][PASSED] - myKey = key: null

27-02-2025T17:24:38 - [TEST_STEP][PASSED] - myValue = value: null

27-02-2025T17:24:38 - [TEST_STEP][PASSED] - println("myKey is " + myKey): null

27-02-2025T17:24:38 - [TEST_STEP][PASSED] - println("myValue is " + myValue): null

27-02-2025T17:24:38 - [TEST_STEP][PASSED] - if (myKey != "dummy"): null

27-02-2025T17:24:38 - [TEST_STEP][PASSED] - else: null

27-02-2025T17:24:38 - [TEST_STEP][PASSED] - myImage = "/Users/cckozie/git/MissionNext-Katalon-Koz/images/dummy.png": null

27-02-2025T17:24:38 - [TEST_STEP][PASSED] - f = new java.io.File(myImage): null

27-02-2025T17:24:38 - [TEST_STEP][PASSED] - if (f.exists()): null

27-02-2025T17:24:38 - [TEST_STEP][PASSED] - println("Looking for " + myImage): null

27-02-2025T17:24:38 - [TEST_STEP][PASSED] - icn = Pattern(myImage).similar(0.10): null

27-02-2025T17:24:38 - [TEST_STEP][PASSED] - found = s.exists(icn): null

27-02-2025T17:24:41 - [TEST_STEP][PASSED] - println(found): null

27-02-2025T17:24:41 - [TEST_STEP][PASSED] - if (found != null): null

27-02-2025T17:24:41 - [TEST_STEP][PASSED] - else: null

27-02-2025T17:24:41 - [TEST_STEP][PASSED] - if (myKey != "dummy"): null

27-02-2025T17:24:41 - [TEST_STEP][PASSED] - myKey = key: null

27-02-2025T17:24:41 - [TEST_STEP][PASSED] - myValue = value: null

27-02-2025T17:24:41 - [TEST_STEP][PASSED] - println("myKey is " + myKey): null

27-02-2025T17:24:41 - [TEST_STEP][PASSED] - println("myValue is " + myValue): null

27-02-2025T17:24:41 - [TEST_STEP][PASSED] - if (myKey != "dummy"): null

27-02-2025T17:24:41 - [TEST_STEP][PASSED] - tObj = testObjectFolder + myValue: null

27-02-2025T17:24:41 - [TEST_STEP][PASSED] - click(tObj): null

27-02-2025T17:24:41 - [TEST_STEP][PASSED] - scrollToObject(object): null

27-02-2025T17:24:41 - [TEST_STEP][PASSED] - println("Converting " + object + " to web element"): null

27-02-2025T17:24:41 - [TEST_STEP][PASSED] - element = findWebElement(findTestObject(object), 1): null

27-02-2025T17:24:41 - [TEST_STEP][PASSED] - loc = element.getLocation(): null

27-02-2025T17:24:41 - [TEST_STEP][PASSED] - x = loc.getX(): null

27-02-2025T17:24:41 - [TEST_STEP][PASSED] - if (x >= 560): null

27-02-2025T17:24:41 - [TEST_STEP][PASSED] - y = loc.getY(): null

27-02-2025T17:24:41 - [TEST_STEP][PASSED] - println("Y location is " + y): null

27-02-2025T17:24:41 - [TEST_STEP][PASSED] - top = getViewportTopPosition(): Current viewport's top (y) position is 0

27-02-2025T17:24:41 - [MESSAGE][PASSED] - Current viewport's top (y) position is 0

27-02-2025T17:24:41 - [TEST_STEP][PASSED] - println("Viewport top is " + top): null

27-02-2025T17:24:41 - [TEST_STEP][PASSED] - bottom = top + 600: null

27-02-2025T17:24:41 - [TEST_STEP][PASSED] - if (y - top < 150 || bottom - y < 10): Delayed 1 second(s)

27-02-2025T17:24:41 - [TEST_STEP][PASSED] - scrollToPosition(0, y - 170): Browser is scrolled to position x = 0, y = 814

27-02-2025T17:24:41 - [MESSAGE][PASSED] - Browser is scrolled to position x = 0, y = 814

27-02-2025T17:24:41 - [TEST_STEP][PASSED] - delay(1): Delayed 1 second(s)

27-02-2025T17:24:42 - [MESSAGE][PASSED] - Delayed 1 second(s)

27-02-2025T17:24:42 - [TEST_STEP][PASSED] - click(findTestObject(object)): null

27-02-2025T17:24:42 - [MESSAGE][PASSED] - Object: 'Object Repository/Education Candidate Profile/Tabs/Spouse Education/img_Spouse Additional Language(s)_field-tooltip' is clicked on

27-02-2025T17:24:42 - [TEST_STEP][PASSED] - delay(1): Delayed 1 second(s)

27-02-2025T17:24:43 - [MESSAGE][PASSED] - Delayed 1 second(s)

27-02-2025T17:24:43 - [TEST_STEP][PASSED] - myImage = tooltipImagePath + myKey + ".png": null

27-02-2025T17:24:43 - [TEST_STEP][PASSED] - f = new java.io.File(myImage): null

27-02-2025T17:24:43 - [TEST_STEP][PASSED] - if (f.exists()): null

27-02-2025T17:24:43 - [TEST_STEP][PASSED] - println("Looking for " + myImage): null

27-02-2025T17:24:43 - [TEST_STEP][PASSED] - icn = Pattern(myImage).similar(0.10): null

27-02-2025T17:24:44 - [TEST_STEP][PASSED] - found = s.exists(icn): null

27-02-2025T17:24:44 - [TEST_STEP][PASSED] - println(found): null

27-02-2025T17:24:44 - [TEST_STEP][PASSED] - if (found != null): null

27-02-2025T17:24:44 - [TEST_STEP][PASSED] - foundStr = found.toString(): null

27-02-2025T17:24:44 - [TEST_STEP][PASSED] - matchP = foundStr.indexOf("%"): null

27-02-2025T17:24:44 - [TEST_STEP][PASSED] - if (matchP >= 0): null

27-02-2025T17:24:44 - [TEST_STEP][PASSED] - println(matchP): null

27-02-2025T17:24:44 - [TEST_STEP][PASSED] - pct = foundStr.substring(matchP + 1, matchP + 6): null

27-02-2025T17:24:44 - [TEST_STEP][PASSED] - pctF = pct.toFloat(): null

27-02-2025T17:24:44 - [TEST_STEP][PASSED] - outText = "+++ Tooltip match value for " + myKey + " is " + pctF + "%": null

27-02-2025T17:24:44 - [TEST_STEP][PASSED] - min = 80: null

27-02-2025T17:24:44 - [TEST_STEP][PASSED] - if (pctF.toFloat() < min.toFloat()): null

27-02-2025T17:24:44 - [TEST_STEP][PASSED] - if (myKey != "dummy"): null

27-02-2025T17:24:44 - [TEST_STEP][PASSED] - println(outText): null

27-02-2025T17:24:44 - [TEST_STEP][PASSED] - outFile.append(outText + "
"): null

27-02-2025T17:24:44 - [TEST_STEP][PASSED] - outText = "Verifying the tooltip text on the page is what was expected.
": null

27-02-2025T17:24:44 - [TEST_STEP][PASSED] - println(tooltipTextMap): null

27-02-2025T17:24:44 - [TEST_STEP][PASSED] - outFile.append(outText): null

27-02-2025T17:24:44 - [TEST_STEP][PASSED] - for (def it : tooltipText): null

27-02-2025T17:24:44 - [TEST_STEP][PASSED] - println(it): null

27-02-2025T17:24:44 - [TEST_STEP][PASSED] - myKey = key: null

27-02-2025T17:24:44 - [TEST_STEP][PASSED] - myText = value.replace(""", ""): null

27-02-2025T17:24:44 - [TEST_STEP][PASSED] - myText = myText.trim(): null

27-02-2025T17:24:44 - [TEST_STEP][PASSED] - println(myKey): null

27-02-2025T17:24:44 - [TEST_STEP][PASSED] - println(myText): null

27-02-2025T17:24:44 - [TEST_STEP][PASSED] - println(tooltipTextMap.get(myKey)): null

27-02-2025T17:24:44 - [TEST_STEP][PASSED] - actualText = get(myKey).replace(""", ""): null

27-02-2025T17:24:44 - [TEST_STEP][PASSED] - actualText = actualText.trim(): null

27-02-2025T17:24:44 - [TEST_STEP][PASSED] - println(myKey + ":" + actualText): null

27-02-2025T17:24:44 - [TEST_STEP][PASSED] - if (actualText != myText): null

27-02-2025T17:24:44 - [MESSAGE][PASSED] - Call Test Case 'Test Cases/_Functions/Test Tooltips' successfully

27-02-2025T17:24:44 - [TEST_STEP][PASSED] - outText = "Verifying the required field messages.
": null

27-02-2025T17:24:44 - [TEST_STEP][PASSED] - outFile.append(outText): null

27-02-2025T17:24:44 - [TEST_STEP][PASSED] - fieldList = []: null

27-02-2025T17:24:44 - [TEST_STEP][PASSED] - requiredFieldMsgs.each({ -> ... }): null

27-02-2025T17:24:44 - [TEST_STEP][PASSED] - callTestCase(findTestCase("_Functions/Test Field Error Messages"), ["varFieldList":fieldList, "varRequiredFieldMsgs":requiredFieldMsgs], STOP_ON_FAILURE): Call Test Case 'Test Cases/_Functions/Test Field Error Messages' successfully

27-02-2025T17:24:44 - [TEST_CASE][PASSED] - Test Cases/_Functions/Test Field Error Messages: Test Cases/_Functions/Test Field Error Messages

27-02-2025T17:24:44 - [TEST_STEP][PASSED] - count = callTestCase(findTestCase("_Functions/Find error messages"), ["varFunction":"count"], STOP_ON_FAILURE): Call Test Case 'Test Cases/_Functions/Find error messages' successfully

27-02-2025T17:24:44 - [TEST_CASE][PASSED] - Test Cases/_Functions/Find error messages: Test Cases/_Functions/Find error messages

27-02-2025T17:24:44 - [TEST_STEP][PASSED] - function = "count": null

27-02-2025T17:24:44 - [TEST_STEP][PASSED] - if (binding.hasVariable("varFunction")): null

27-02-2025T17:24:44 - [TEST_STEP][PASSED] - function = varFunction: null

27-02-2025T17:24:44 - [TEST_STEP][PASSED] - title = getWindowTitle(): Current window's title is: 'Education'

27-02-2025T17:24:44 - [MESSAGE][PASSED] - Current window's title is: 'Education'

27-02-2025T17:24:44 - [TEST_STEP][PASSED] - println("Page title is " + title): null

27-02-2025T17:24:44 - [TEST_STEP][PASSED] - driver = getWebDriver(): null

27-02-2025T17:24:44 - [TEST_STEP][PASSED] - elements = driver.findElements(By.xpath("//div[@class='col-sm-offset-3 col-sm-9 text-danger']")): null

27-02-2025T17:24:44 - [TEST_STEP][PASSED] - if (function == "count"): null

27-02-2025T17:24:44 - [TEST_STEP][PASSED] - return elements.size(): null

27-02-2025T17:24:44 - [MESSAGE][PASSED] - Call Test Case 'Test Cases/_Functions/Find error messages' successfully

27-02-2025T17:24:44 - [TEST_STEP][PASSED] - outFile = outFile: null

27-02-2025T17:24:44 - [TEST_STEP][PASSED] - if (count == 0): null

27-02-2025T17:24:44 - [TEST_STEP][PASSED] - else: Delayed 0 second(s)

27-02-2025T17:24:44 - [TEST_STEP][PASSED] - fieldList = varFieldList: null

27-02-2025T17:24:44 - [TEST_STEP][PASSED] - requiredFieldMsgs = varRequiredFieldMsgs: null

27-02-2025T17:24:44 - [TEST_STEP][PASSED] - outText = "Verifying error messages for fields " + fieldList: null

27-02-2025T17:24:44 - [TEST_STEP][PASSED] - for (def field : fieldList): null

27-02-2025T17:24:44 - [TEST_STEP][PASSED] - errorMsg = requiredFieldMsgs.get(field): null

27-02-2025T17:24:44 - [TEST_STEP][PASSED] - msg = verifyTextPresent(errorMsg, false, OPTIONAL): Text 'The spouse teaching experience field is required.' is present on page 

27-02-2025T17:24:44 - [MESSAGE][PASSED] - Text 'The spouse teaching experience field is required.' is present on page 

27-02-2025T17:24:44 - [TEST_STEP][PASSED] - println(field + ":" + msg): null

27-02-2025T17:24:44 - [TEST_STEP][PASSED] - if (!(msg)): null

27-02-2025T17:24:44 - [TEST_STEP][PASSED] - delay(fieldTestDelay): Delayed 0 second(s)

27-02-2025T17:24:44 - [MESSAGE][PASSED] - Delayed 0 second(s)

27-02-2025T17:24:44 - [MESSAGE][PASSED] - Call Test Case 'Test Cases/_Functions/Test Field Error Messages' successfully

27-02-2025T17:24:44 - [TEST_STEP][PASSED] - callTestCase(findTestCase("_Functions/Click on Group Elements"), ["varXpaths":xpaths, "varParms":parms], STOP_ON_FAILURE): Call Test Case 'Test Cases/_Functions/Click on Group Elements' successfully

27-02-2025T17:24:44 - [TEST_CASE][PASSED] - Test Cases/_Functions/Click on Group Elements: Test Cases/_Functions/Click on Group Elements

27-02-2025T17:24:44 - [TEST_STEP][PASSED] - debug = false: null

27-02-2025T17:24:44 - [TEST_STEP][PASSED] - toggle = true: null

27-02-2025T17:24:44 - [TEST_STEP][PASSED] - frame = new javax.swing.JFrame(): null

27-02-2025T17:24:44 - [TEST_STEP][PASSED] - p = new javax.swing.JPanel(): null

27-02-2025T17:24:44 - [TEST_STEP][PASSED] - l = new javax.swing.JLabel(Making user selections..., javax.swing.SwingConstants.CENTER): null

27-02-2025T17:24:44 - [TEST_STEP][PASSED] - frame.add(l): null

27-02-2025T17:24:44 - [TEST_STEP][PASSED] - frame.setSize(300, 100): null

27-02-2025T17:24:44 - [TEST_STEP][PASSED] - frame.setLocation(600, 0): null

27-02-2025T17:24:44 - [TEST_STEP][PASSED] - frame.setAlwaysOnTop(true): null

27-02-2025T17:24:44 - [TEST_STEP][PASSED] - frame.show(): null

27-02-2025T17:24:44 - [TEST_STEP][PASSED] - driver = getWebDriver(): null

27-02-2025T17:24:44 - [TEST_STEP][PASSED] - println(varParms): null

27-02-2025T17:24:44 - [TEST_STEP][PASSED] - for ([i = 0, i < varXpaths.size(), (i++)]): null

27-02-2025T17:24:44 - [TEST_STEP][PASSED] - if (debug): null

27-02-2025T17:24:44 - [TEST_STEP][PASSED] - if (varParms[i].indexOf("Europe") >= 0): null

27-02-2025T17:24:44 - [TEST_STEP][PASSED] - elements = driver.findElements(By.xpath(varXpaths[i])): null

27-02-2025T17:24:44 - [TEST_STEP][PASSED] - element_count = elements.size(): null

27-02-2025T17:24:44 - [TEST_STEP][PASSED] - for (def element : elements): null

27-02-2025T17:24:44 - [TEST_STEP][PASSED] - myValue = element.getAttribute("value"): null

27-02-2025T17:24:44 - [TEST_STEP][PASSED] - if (debug): null

27-02-2025T17:24:44 - [TEST_STEP][PASSED] - if (myValue.length() >= 4): null

27-02-2025T17:24:44 - [TEST_STEP][PASSED] - myType = element.getAttribute("type"): null

27-02-2025T17:24:44 - [TEST_STEP][PASSED] - if (myValue in varParms[i]): null

27-02-2025T17:24:44 - [TEST_STEP][PASSED] - else: null

27-02-2025T17:24:44 - [TEST_STEP][PASSED] - inList = false: null

27-02-2025T17:24:44 - [TEST_STEP][PASSED] - if (myType == "checkbox"): null

27-02-2025T17:24:44 - [TEST_STEP][PASSED] - else: null

27-02-2025T17:24:44 - [TEST_STEP][PASSED] - if (inList): null

27-02-2025T17:24:44 - [TEST_STEP][PASSED] - myValue = element.getAttribute("value"): null

27-02-2025T17:24:44 - [TEST_STEP][PASSED] - if (debug): null

27-02-2025T17:24:44 - [TEST_STEP][PASSED] - if (myValue.length() >= 4): null

27-02-2025T17:24:44 - [TEST_STEP][PASSED] - myType = element.getAttribute("type"): null

27-02-2025T17:24:44 - [TEST_STEP][PASSED] - if (myValue in varParms[i]): null

27-02-2025T17:24:44 - [TEST_STEP][PASSED] - inList = true: null

27-02-2025T17:24:44 - [TEST_STEP][PASSED] - if (myType == "checkbox"): null

27-02-2025T17:24:44 - [TEST_STEP][PASSED] - else: null

27-02-2025T17:24:44 - [TEST_STEP][PASSED] - if (inList): null

27-02-2025T17:24:44 - [TEST_STEP][PASSED] - click(element): null

27-02-2025T17:24:44 - [TEST_STEP][PASSED] - scrollToObject(elem): null

27-02-2025T17:24:44 - [TEST_STEP][PASSED] - loc = element.getLocation(): null

27-02-2025T17:24:44 - [TEST_STEP][PASSED] - if (debug): null

27-02-2025T17:24:44 - [TEST_STEP][PASSED] - y = loc.getY(): null

27-02-2025T17:24:44 - [TEST_STEP][PASSED] - println("Y location is " + y): null

27-02-2025T17:24:44 - [TEST_STEP][PASSED] - top = getViewportTopPosition(): Current viewport's top (y) position is 635

27-02-2025T17:24:44 - [MESSAGE][PASSED] - Current viewport's top (y) position is 635

27-02-2025T17:24:44 - [TEST_STEP][PASSED] - println("Viewport top is " + top): null

27-02-2025T17:24:44 - [TEST_STEP][PASSED] - bottom = top + 600: null

27-02-2025T17:24:44 - [TEST_STEP][PASSED] - if (y - top < 150 || bottom - y < 10): Delayed 1 second(s)

27-02-2025T17:24:44 - [TEST_STEP][PASSED] - scrollToPosition(0, y - 150): Browser is scrolled to position x = 0, y = 315

27-02-2025T17:24:44 - [MESSAGE][PASSED] - Browser is scrolled to position x = 0, y = 315

27-02-2025T17:24:44 - [TEST_STEP][PASSED] - delay(1): Delayed 1 second(s)

27-02-2025T17:24:45 - [MESSAGE][PASSED] - Delayed 1 second(s)

27-02-2025T17:24:45 - [TEST_STEP][PASSED] - elem.click(): null

27-02-2025T17:24:45 - [TEST_STEP][PASSED] - myValue = element.getAttribute("value"): null

27-02-2025T17:24:45 - [TEST_STEP][PASSED] - if (debug): null

27-02-2025T17:24:45 - [TEST_STEP][PASSED] - if (myValue.length() >= 4): null

27-02-2025T17:24:45 - [TEST_STEP][PASSED] - if (myValue.substring(0, 4) == "(!) "): null

27-02-2025T17:24:45 - [TEST_STEP][PASSED] - myType = element.getAttribute("type"): null

27-02-2025T17:24:45 - [TEST_STEP][PASSED] - if (myValue in varParms[i]): null

27-02-2025T17:24:45 - [TEST_STEP][PASSED] - else: null

27-02-2025T17:24:45 - [TEST_STEP][PASSED] - inList = false: null

27-02-2025T17:24:45 - [TEST_STEP][PASSED] - if (myType == "checkbox"): null

27-02-2025T17:24:45 - [TEST_STEP][PASSED] - else: null

27-02-2025T17:24:45 - [TEST_STEP][PASSED] - if (inList): null

27-02-2025T17:24:45 - [TEST_STEP][PASSED] - if (debug): null

27-02-2025T17:24:45 - [TEST_STEP][PASSED] - if (varParms[i].indexOf("Europe") >= 0): null

27-02-2025T17:24:45 - [TEST_STEP][PASSED] - elements = driver.findElements(By.xpath(varXpaths[i])): null

27-02-2025T17:24:45 - [TEST_STEP][PASSED] - element_count = elements.size(): null

27-02-2025T17:24:45 - [TEST_STEP][PASSED] - for (def element : elements): null

27-02-2025T17:24:45 - [TEST_STEP][PASSED] - myValue = element.getAttribute("value"): null

27-02-2025T17:24:45 - [TEST_STEP][PASSED] - if (debug): null

27-02-2025T17:24:45 - [TEST_STEP][PASSED] - if (myValue.length() >= 4): null

27-02-2025T17:24:45 - [TEST_STEP][PASSED] - myType = element.getAttribute("type"): null

27-02-2025T17:24:45 - [TEST_STEP][PASSED] - if (myValue in varParms[i]): null

27-02-2025T17:24:45 - [TEST_STEP][PASSED] - else: null

27-02-2025T17:24:45 - [TEST_STEP][PASSED] - inList = false: null

27-02-2025T17:24:45 - [TEST_STEP][PASSED] - if (myType == "checkbox"): null

27-02-2025T17:24:45 - [TEST_STEP][PASSED] - else: null

27-02-2025T17:24:45 - [TEST_STEP][PASSED] - if (inList): null

27-02-2025T17:24:45 - [TEST_STEP][PASSED] - myValue = element.getAttribute("value"): null

27-02-2025T17:24:45 - [TEST_STEP][PASSED] - if (debug): null

27-02-2025T17:24:45 - [TEST_STEP][PASSED] - if (myValue.length() >= 4): null

27-02-2025T17:24:45 - [TEST_STEP][PASSED] - myType = element.getAttribute("type"): null

27-02-2025T17:24:45 - [TEST_STEP][PASSED] - if (myValue in varParms[i]): null

27-02-2025T17:24:45 - [TEST_STEP][PASSED] - else: null

27-02-2025T17:24:45 - [TEST_STEP][PASSED] - inList = false: null

27-02-2025T17:24:45 - [TEST_STEP][PASSED] - if (myType == "checkbox"): null

27-02-2025T17:24:45 - [TEST_STEP][PASSED] - else: null

27-02-2025T17:24:45 - [TEST_STEP][PASSED] - if (inList): null

27-02-2025T17:24:45 - [TEST_STEP][PASSED] - myValue = element.getAttribute("value"): null

27-02-2025T17:24:45 - [TEST_STEP][PASSED] - if (debug): null

27-02-2025T17:24:45 - [TEST_STEP][PASSED] - if (myValue.length() >= 4): null

27-02-2025T17:24:45 - [TEST_STEP][PASSED] - if (myValue.substring(0, 4) == "(!) "): null

27-02-2025T17:24:45 - [TEST_STEP][PASSED] - myType = element.getAttribute("type"): null

27-02-2025T17:24:45 - [TEST_STEP][PASSED] - if (myValue in varParms[i]): null

27-02-2025T17:24:45 - [TEST_STEP][PASSED] - inList = true: null

27-02-2025T17:24:45 - [TEST_STEP][PASSED] - if (myType == "checkbox"): null

27-02-2025T17:24:45 - [TEST_STEP][PASSED] - else: null

27-02-2025T17:24:45 - [TEST_STEP][PASSED] - if (inList): null

27-02-2025T17:24:45 - [TEST_STEP][PASSED] - click(element): null

27-02-2025T17:24:45 - [TEST_STEP][PASSED] - scrollToObject(elem): null

27-02-2025T17:24:45 - [TEST_STEP][PASSED] - loc = element.getLocation(): null

27-02-2025T17:24:45 - [TEST_STEP][PASSED] - if (debug): null

27-02-2025T17:24:45 - [TEST_STEP][PASSED] - y = loc.getY(): null

27-02-2025T17:24:45 - [TEST_STEP][PASSED] - println("Y location is " + y): null

27-02-2025T17:24:45 - [TEST_STEP][PASSED] - top = getViewportTopPosition(): Current viewport's top (y) position is 315

27-02-2025T17:24:45 - [MESSAGE][PASSED] - Current viewport's top (y) position is 315

27-02-2025T17:24:45 - [TEST_STEP][PASSED] - println("Viewport top is " + top): null

27-02-2025T17:24:45 - [TEST_STEP][PASSED] - bottom = top + 600: null

27-02-2025T17:24:45 - [TEST_STEP][PASSED] - if (y - top < 150 || bottom - y < 10): null

27-02-2025T17:24:45 - [TEST_STEP][PASSED] - elem.click(): null

27-02-2025T17:24:45 - [TEST_STEP][PASSED] - if (debug): null

27-02-2025T17:24:45 - [TEST_STEP][PASSED] - if (varParms[i].indexOf("Europe") >= 0): null

27-02-2025T17:24:45 - [TEST_STEP][PASSED] - elements = driver.findElements(By.xpath(varXpaths[i])): null

27-02-2025T17:24:45 - [TEST_STEP][PASSED] - element_count = elements.size(): null

27-02-2025T17:24:45 - [TEST_STEP][PASSED] - for (def element : elements): null

27-02-2025T17:24:45 - [TEST_STEP][PASSED] - myValue = element.getAttribute("value"): null

27-02-2025T17:24:45 - [TEST_STEP][PASSED] - if (debug): null

27-02-2025T17:24:45 - [TEST_STEP][PASSED] - if (myValue.length() >= 4): null

27-02-2025T17:24:45 - [TEST_STEP][PASSED] - if (myValue.substring(0, 4) == "(!) "): null

27-02-2025T17:24:45 - [TEST_STEP][PASSED] - myType = element.getAttribute("type"): null

27-02-2025T17:24:45 - [TEST_STEP][PASSED] - if (myValue in varParms[i]): null

27-02-2025T17:24:45 - [TEST_STEP][PASSED] - else: null

27-02-2025T17:24:45 - [TEST_STEP][PASSED] - inList = false: null

27-02-2025T17:24:45 - [TEST_STEP][PASSED] - if (myType == "checkbox"): null

27-02-2025T17:24:45 - [TEST_STEP][PASSED] - myStatus = element.isSelected(): null

27-02-2025T17:24:45 - [TEST_STEP][PASSED] - if (debug): null

27-02-2025T17:24:45 - [TEST_STEP][PASSED] - if (toggle && myStatus && inList): null

27-02-2025T17:24:45 - [TEST_STEP][PASSED] - if (!(myStatus) && inList || myStatus && !(inList)): null

27-02-2025T17:24:45 - [TEST_STEP][PASSED] - myValue = element.getAttribute("value"): null

27-02-2025T17:24:45 - [TEST_STEP][PASSED] - if (debug): null

27-02-2025T17:24:45 - [TEST_STEP][PASSED] - if (myValue.length() >= 4): null

27-02-2025T17:24:45 - [TEST_STEP][PASSED] - if (myValue.substring(0, 4) == "(!) "): null

27-02-2025T17:24:45 - [TEST_STEP][PASSED] - myType = element.getAttribute("type"): null

27-02-2025T17:24:45 - [TEST_STEP][PASSED] - if (myValue in varParms[i]): null

27-02-2025T17:24:45 - [TEST_STEP][PASSED] - else: null

27-02-2025T17:24:45 - [TEST_STEP][PASSED] - inList = false: null

27-02-2025T17:24:45 - [TEST_STEP][PASSED] - if (myType == "checkbox"): null

27-02-2025T17:24:45 - [TEST_STEP][PASSED] - myStatus = element.isSelected(): null

27-02-2025T17:24:45 - [TEST_STEP][PASSED] - if (debug): null

27-02-2025T17:24:45 - [TEST_STEP][PASSED] - if (toggle && myStatus && inList): null

27-02-2025T17:24:45 - [TEST_STEP][PASSED] - if (!(myStatus) && inList || myStatus && !(inList)): null

27-02-2025T17:24:45 - [TEST_STEP][PASSED] - myValue = element.getAttribute("value"): null

27-02-2025T17:24:45 - [TEST_STEP][PASSED] - if (debug): null

27-02-2025T17:24:45 - [TEST_STEP][PASSED] - if (myValue.length() >= 4): null

27-02-2025T17:24:45 - [TEST_STEP][PASSED] - if (myValue.substring(0, 4) == "(!) "): null

27-02-2025T17:24:45 - [TEST_STEP][PASSED] - myType = element.getAttribute("type"): null

27-02-2025T17:24:45 - [TEST_STEP][PASSED] - if (myValue in varParms[i]): null

27-02-2025T17:24:45 - [TEST_STEP][PASSED] - else: null

27-02-2025T17:24:45 - [TEST_STEP][PASSED] - inList = false: null

27-02-2025T17:24:45 - [TEST_STEP][PASSED] - if (myType == "checkbox"): null

27-02-2025T17:24:45 - [TEST_STEP][PASSED] - myStatus = element.isSelected(): null

27-02-2025T17:24:45 - [TEST_STEP][PASSED] - if (debug): null

27-02-2025T17:24:45 - [TEST_STEP][PASSED] - if (toggle && myStatus && inList): null

27-02-2025T17:24:45 - [TEST_STEP][PASSED] - if (!(myStatus) && inList || myStatus && !(inList)): null

27-02-2025T17:24:45 - [TEST_STEP][PASSED] - myValue = element.getAttribute("value"): null

27-02-2025T17:24:45 - [TEST_STEP][PASSED] - if (debug): null

27-02-2025T17:24:45 - [TEST_STEP][PASSED] - if (myValue.length() >= 4): null

27-02-2025T17:24:45 - [TEST_STEP][PASSED] - if (myValue.substring(0, 4) == "(!) "): null

27-02-2025T17:24:45 - [TEST_STEP][PASSED] - myType = element.getAttribute("type"): null

27-02-2025T17:24:45 - [TEST_STEP][PASSED] - if (myValue in varParms[i]): null

27-02-2025T17:24:45 - [TEST_STEP][PASSED] - else: null

27-02-2025T17:24:45 - [TEST_STEP][PASSED] - inList = false: null

27-02-2025T17:24:45 - [TEST_STEP][PASSED] - if (myType == "checkbox"): null

27-02-2025T17:24:45 - [TEST_STEP][PASSED] - myStatus = element.isSelected(): null

27-02-2025T17:24:45 - [TEST_STEP][PASSED] - if (debug): null

27-02-2025T17:24:45 - [TEST_STEP][PASSED] - if (toggle && myStatus && inList): null

27-02-2025T17:24:45 - [TEST_STEP][PASSED] - if (!(myStatus) && inList || myStatus && !(inList)): null

27-02-2025T17:24:45 - [TEST_STEP][PASSED] - myValue = element.getAttribute("value"): null

27-02-2025T17:24:45 - [TEST_STEP][PASSED] - if (debug): null

27-02-2025T17:24:45 - [TEST_STEP][PASSED] - if (myValue.length() >= 4): null

27-02-2025T17:24:45 - [TEST_STEP][PASSED] - if (myValue.substring(0, 4) == "(!) "): null

27-02-2025T17:24:45 - [TEST_STEP][PASSED] - myType = element.getAttribute("type"): null

27-02-2025T17:24:45 - [TEST_STEP][PASSED] - if (myValue in varParms[i]): null

27-02-2025T17:24:45 - [TEST_STEP][PASSED] - else: null

27-02-2025T17:24:45 - [TEST_STEP][PASSED] - inList = false: null

27-02-2025T17:24:45 - [TEST_STEP][PASSED] - if (myType == "checkbox"): null

27-02-2025T17:24:45 - [TEST_STEP][PASSED] - myStatus = element.isSelected(): null

27-02-2025T17:24:45 - [TEST_STEP][PASSED] - if (debug): null

27-02-2025T17:24:45 - [TEST_STEP][PASSED] - if (toggle && myStatus && inList): null

27-02-2025T17:24:45 - [TEST_STEP][PASSED] - if (!(myStatus) && inList || myStatus && !(inList)): null

27-02-2025T17:24:45 - [TEST_STEP][PASSED] - myValue = element.getAttribute("value"): null

27-02-2025T17:24:45 - [TEST_STEP][PASSED] - if (debug): null

27-02-2025T17:24:45 - [TEST_STEP][PASSED] - if (myValue.length() >= 4): null

27-02-2025T17:24:45 - [TEST_STEP][PASSED] - if (myValue.substring(0, 4) == "(!) "): null

27-02-2025T17:24:45 - [TEST_STEP][PASSED] - myType = element.getAttribute("type"): null

27-02-2025T17:24:45 - [TEST_STEP][PASSED] - if (myValue in varParms[i]): null

27-02-2025T17:24:45 - [TEST_STEP][PASSED] - inList = true: null

27-02-2025T17:24:45 - [TEST_STEP][PASSED] - if (myType == "checkbox"): null

27-02-2025T17:24:45 - [TEST_STEP][PASSED] - myStatus = element.isSelected(): null

27-02-2025T17:24:45 - [TEST_STEP][PASSED] - if (debug): null

27-02-2025T17:24:45 - [TEST_STEP][PASSED] - if (toggle && myStatus && inList): null

27-02-2025T17:24:45 - [TEST_STEP][PASSED] - if (!(myStatus) && inList || myStatus && !(inList)): null

27-02-2025T17:24:45 - [TEST_STEP][PASSED] - if (debug): null

27-02-2025T17:24:45 - [TEST_STEP][PASSED] - println("Clicking " + myValue): null

27-02-2025T17:24:45 - [TEST_STEP][PASSED] - click(element): null

27-02-2025T17:24:45 - [TEST_STEP][PASSED] - scrollToObject(elem): null

27-02-2025T17:24:45 - [TEST_STEP][PASSED] - loc = element.getLocation(): null

27-02-2025T17:24:45 - [TEST_STEP][PASSED] - if (debug): null

27-02-2025T17:24:45 - [TEST_STEP][PASSED] - y = loc.getY(): null

27-02-2025T17:24:45 - [TEST_STEP][PASSED] - println("Y location is " + y): null

27-02-2025T17:24:45 - [TEST_STEP][PASSED] - top = getViewportTopPosition(): Current viewport's top (y) position is 315

27-02-2025T17:24:45 - [MESSAGE][PASSED] - Current viewport's top (y) position is 315

27-02-2025T17:24:45 - [TEST_STEP][PASSED] - println("Viewport top is " + top): null

27-02-2025T17:24:45 - [TEST_STEP][PASSED] - bottom = top + 600: null

27-02-2025T17:24:45 - [TEST_STEP][PASSED] - if (y - top < 150 || bottom - y < 10): null

27-02-2025T17:24:45 - [TEST_STEP][PASSED] - elem.click(): null

27-02-2025T17:24:45 - [TEST_STEP][PASSED] - myValue = element.getAttribute("value"): null

27-02-2025T17:24:45 - [TEST_STEP][PASSED] - if (debug): null

27-02-2025T17:24:45 - [TEST_STEP][PASSED] - if (myValue.length() >= 4): null

27-02-2025T17:24:45 - [TEST_STEP][PASSED] - if (myValue.substring(0, 4) == "(!) "): null

27-02-2025T17:24:45 - [TEST_STEP][PASSED] - myType = element.getAttribute("type"): null

27-02-2025T17:24:45 - [TEST_STEP][PASSED] - if (myValue in varParms[i]): null

27-02-2025T17:24:45 - [TEST_STEP][PASSED] - else: null

27-02-2025T17:24:45 - [TEST_STEP][PASSED] - inList = false: null

27-02-2025T17:24:45 - [TEST_STEP][PASSED] - if (myType == "checkbox"): null

27-02-2025T17:24:45 - [TEST_STEP][PASSED] - myStatus = element.isSelected(): null

27-02-2025T17:24:45 - [TEST_STEP][PASSED] - if (debug): null

27-02-2025T17:24:45 - [TEST_STEP][PASSED] - if (toggle && myStatus && inList): null

27-02-2025T17:24:45 - [TEST_STEP][PASSED] - if (!(myStatus) && inList || myStatus && !(inList)): null

27-02-2025T17:24:45 - [TEST_STEP][PASSED] - myValue = element.getAttribute("value"): null

27-02-2025T17:24:45 - [TEST_STEP][PASSED] - if (debug): null

27-02-2025T17:24:45 - [TEST_STEP][PASSED] - if (myValue.length() >= 4): null

27-02-2025T17:24:45 - [TEST_STEP][PASSED] - if (myValue.substring(0, 4) == "(!) "): null

27-02-2025T17:24:45 - [TEST_STEP][PASSED] - myType = element.getAttribute("type"): null

27-02-2025T17:24:45 - [TEST_STEP][PASSED] - if (myValue in varParms[i]): null

27-02-2025T17:24:45 - [TEST_STEP][PASSED] - else: null

27-02-2025T17:24:45 - [TEST_STEP][PASSED] - inList = false: null

27-02-2025T17:24:45 - [TEST_STEP][PASSED] - if (myType == "checkbox"): null

27-02-2025T17:24:45 - [TEST_STEP][PASSED] - myStatus = element.isSelected(): null

27-02-2025T17:24:45 - [TEST_STEP][PASSED] - if (debug): null

27-02-2025T17:24:45 - [TEST_STEP][PASSED] - if (toggle && myStatus && inList): null

27-02-2025T17:24:45 - [TEST_STEP][PASSED] - if (!(myStatus) && inList || myStatus && !(inList)): null

27-02-2025T17:24:45 - [TEST_STEP][PASSED] - myValue = element.getAttribute("value"): null

27-02-2025T17:24:45 - [TEST_STEP][PASSED] - if (debug): null

27-02-2025T17:24:45 - [TEST_STEP][PASSED] - if (myValue.length() >= 4): null

27-02-2025T17:24:45 - [TEST_STEP][PASSED] - if (myValue.substring(0, 4) == "(!) "): null

27-02-2025T17:24:45 - [TEST_STEP][PASSED] - myType = element.getAttribute("type"): null

27-02-2025T17:24:45 - [TEST_STEP][PASSED] - if (myValue in varParms[i]): null

27-02-2025T17:24:45 - [TEST_STEP][PASSED] - else: null

27-02-2025T17:24:45 - [TEST_STEP][PASSED] - inList = false: null

27-02-2025T17:24:45 - [TEST_STEP][PASSED] - if (myType == "checkbox"): null

27-02-2025T17:24:45 - [TEST_STEP][PASSED] - myStatus = element.isSelected(): null

27-02-2025T17:24:45 - [TEST_STEP][PASSED] - if (debug): null

27-02-2025T17:24:45 - [TEST_STEP][PASSED] - if (toggle && myStatus && inList): null

27-02-2025T17:24:45 - [TEST_STEP][PASSED] - if (!(myStatus) && inList || myStatus && !(inList)): null

27-02-2025T17:24:45 - [TEST_STEP][PASSED] - myValue = element.getAttribute("value"): null

27-02-2025T17:24:45 - [TEST_STEP][PASSED] - if (debug): null

27-02-2025T17:24:45 - [TEST_STEP][PASSED] - if (myValue.length() >= 4): null

27-02-2025T17:24:45 - [TEST_STEP][PASSED] - if (myValue.substring(0, 4) == "(!) "): null

27-02-2025T17:24:45 - [TEST_STEP][PASSED] - myType = element.getAttribute("type"): null

27-02-2025T17:24:45 - [TEST_STEP][PASSED] - if (myValue in varParms[i]): null

27-02-2025T17:24:45 - [TEST_STEP][PASSED] - inList = true: null

27-02-2025T17:24:45 - [TEST_STEP][PASSED] - if (myType == "checkbox"): null

27-02-2025T17:24:45 - [TEST_STEP][PASSED] - myStatus = element.isSelected(): null

27-02-2025T17:24:45 - [TEST_STEP][PASSED] - if (debug): null

27-02-2025T17:24:45 - [TEST_STEP][PASSED] - if (toggle && myStatus && inList): null

27-02-2025T17:24:45 - [TEST_STEP][PASSED] - if (!(myStatus) && inList || myStatus && !(inList)): null

27-02-2025T17:24:45 - [TEST_STEP][PASSED] - if (debug): null

27-02-2025T17:24:45 - [TEST_STEP][PASSED] - println("Clicking " + myValue): null

27-02-2025T17:24:45 - [TEST_STEP][PASSED] - click(element): null

27-02-2025T17:24:45 - [TEST_STEP][PASSED] - scrollToObject(elem): null

27-02-2025T17:24:45 - [TEST_STEP][PASSED] - loc = element.getLocation(): null

27-02-2025T17:24:45 - [TEST_STEP][PASSED] - if (debug): null

27-02-2025T17:24:45 - [TEST_STEP][PASSED] - y = loc.getY(): null

27-02-2025T17:24:45 - [TEST_STEP][PASSED] - println("Y location is " + y): null

27-02-2025T17:24:45 - [TEST_STEP][PASSED] - top = getViewportTopPosition(): Current viewport's top (y) position is 315

27-02-2025T17:24:45 - [MESSAGE][PASSED] - Current viewport's top (y) position is 315

27-02-2025T17:24:45 - [TEST_STEP][PASSED] - println("Viewport top is " + top): null

27-02-2025T17:24:45 - [TEST_STEP][PASSED] - bottom = top + 600: null

27-02-2025T17:24:45 - [TEST_STEP][PASSED] - if (y - top < 150 || bottom - y < 10): null

27-02-2025T17:24:45 - [TEST_STEP][PASSED] - elem.click(): null

27-02-2025T17:24:45 - [TEST_STEP][PASSED] - myValue = element.getAttribute("value"): null

27-02-2025T17:24:45 - [TEST_STEP][PASSED] - if (debug): null

27-02-2025T17:24:45 - [TEST_STEP][PASSED] - if (myValue.length() >= 4): null

27-02-2025T17:24:45 - [TEST_STEP][PASSED] - if (myValue.substring(0, 4) == "(!) "): null

27-02-2025T17:24:45 - [TEST_STEP][PASSED] - myType = element.getAttribute("type"): null

27-02-2025T17:24:45 - [TEST_STEP][PASSED] - if (myValue in varParms[i]): null

27-02-2025T17:24:45 - [TEST_STEP][PASSED] - else: null

27-02-2025T17:24:45 - [TEST_STEP][PASSED] - inList = false: null

27-02-2025T17:24:45 - [TEST_STEP][PASSED] - if (myType == "checkbox"): null

27-02-2025T17:24:45 - [TEST_STEP][PASSED] - myStatus = element.isSelected(): null

27-02-2025T17:24:45 - [TEST_STEP][PASSED] - if (debug): null

27-02-2025T17:24:45 - [TEST_STEP][PASSED] - if (toggle && myStatus && inList): null

27-02-2025T17:24:45 - [TEST_STEP][PASSED] - if (!(myStatus) && inList || myStatus && !(inList)): null

27-02-2025T17:24:45 - [TEST_STEP][PASSED] - myValue = element.getAttribute("value"): null

27-02-2025T17:24:45 - [TEST_STEP][PASSED] - if (debug): null

27-02-2025T17:24:45 - [TEST_STEP][PASSED] - if (myValue.length() >= 4): null

27-02-2025T17:24:45 - [TEST_STEP][PASSED] - if (myValue.substring(0, 4) == "(!) "): null

27-02-2025T17:24:45 - [TEST_STEP][PASSED] - myType = element.getAttribute("type"): null

27-02-2025T17:24:45 - [TEST_STEP][PASSED] - if (myValue in varParms[i]): null

27-02-2025T17:24:45 - [TEST_STEP][PASSED] - else: null

27-02-2025T17:24:45 - [TEST_STEP][PASSED] - inList = false: null

27-02-2025T17:24:45 - [TEST_STEP][PASSED] - if (myType == "checkbox"): null

27-02-2025T17:24:45 - [TEST_STEP][PASSED] - myStatus = element.isSelected(): null

27-02-2025T17:24:45 - [TEST_STEP][PASSED] - if (debug): null

27-02-2025T17:24:45 - [TEST_STEP][PASSED] - if (toggle && myStatus && inList): null

27-02-2025T17:24:45 - [TEST_STEP][PASSED] - if (!(myStatus) && inList || myStatus && !(inList)): null

27-02-2025T17:24:45 - [TEST_STEP][PASSED] - myValue = element.getAttribute("value"): null

27-02-2025T17:24:45 - [TEST_STEP][PASSED] - if (debug): null

27-02-2025T17:24:45 - [TEST_STEP][PASSED] - if (myValue.length() >= 4): null

27-02-2025T17:24:45 - [TEST_STEP][PASSED] - if (myValue.substring(0, 4) == "(!) "): null

27-02-2025T17:24:45 - [TEST_STEP][PASSED] - myType = element.getAttribute("type"): null

27-02-2025T17:24:45 - [TEST_STEP][PASSED] - if (myValue in varParms[i]): null

27-02-2025T17:24:45 - [TEST_STEP][PASSED] - else: null

27-02-2025T17:24:45 - [TEST_STEP][PASSED] - inList = false: null

27-02-2025T17:24:45 - [TEST_STEP][PASSED] - if (myType == "checkbox"): null

27-02-2025T17:24:45 - [TEST_STEP][PASSED] - myStatus = element.isSelected(): null

27-02-2025T17:24:45 - [TEST_STEP][PASSED] - if (debug): null

27-02-2025T17:24:45 - [TEST_STEP][PASSED] - if (toggle && myStatus && inList): null

27-02-2025T17:24:45 - [TEST_STEP][PASSED] - if (!(myStatus) && inList || myStatus && !(inList)): null

27-02-2025T17:24:45 - [TEST_STEP][PASSED] - myValue = element.getAttribute("value"): null

27-02-2025T17:24:45 - [TEST_STEP][PASSED] - if (debug): null

27-02-2025T17:24:45 - [TEST_STEP][PASSED] - if (myValue.length() >= 4): null

27-02-2025T17:24:45 - [TEST_STEP][PASSED] - if (myValue.substring(0, 4) == "(!) "): null

27-02-2025T17:24:45 - [TEST_STEP][PASSED] - myType = element.getAttribute("type"): null

27-02-2025T17:24:45 - [TEST_STEP][PASSED] - if (myValue in varParms[i]): null

27-02-2025T17:24:45 - [TEST_STEP][PASSED] - else: null

27-02-2025T17:24:45 - [TEST_STEP][PASSED] - inList = false: null

27-02-2025T17:24:45 - [TEST_STEP][PASSED] - if (myType == "checkbox"): null

27-02-2025T17:24:45 - [TEST_STEP][PASSED] - myStatus = element.isSelected(): null

27-02-2025T17:24:45 - [TEST_STEP][PASSED] - if (debug): null

27-02-2025T17:24:45 - [TEST_STEP][PASSED] - if (toggle && myStatus && inList): null

27-02-2025T17:24:45 - [TEST_STEP][PASSED] - if (!(myStatus) && inList || myStatus && !(inList)): null

27-02-2025T17:24:45 - [TEST_STEP][PASSED] - myValue = element.getAttribute("value"): null

27-02-2025T17:24:45 - [TEST_STEP][PASSED] - if (debug): null

27-02-2025T17:24:45 - [TEST_STEP][PASSED] - if (myValue.length() >= 4): null

27-02-2025T17:24:45 - [TEST_STEP][PASSED] - if (myValue.substring(0, 4) == "(!) "): null

27-02-2025T17:24:45 - [TEST_STEP][PASSED] - myType = element.getAttribute("type"): null

27-02-2025T17:24:45 - [TEST_STEP][PASSED] - if (myValue in varParms[i]): null

27-02-2025T17:24:45 - [TEST_STEP][PASSED] - inList = true: null

27-02-2025T17:24:45 - [TEST_STEP][PASSED] - if (myType == "checkbox"): null

27-02-2025T17:24:45 - [TEST_STEP][PASSED] - myStatus = element.isSelected(): null

27-02-2025T17:24:45 - [TEST_STEP][PASSED] - if (debug): null

27-02-2025T17:24:45 - [TEST_STEP][PASSED] - if (toggle && myStatus && inList): null

27-02-2025T17:24:45 - [TEST_STEP][PASSED] - if (!(myStatus) && inList || myStatus && !(inList)): null

27-02-2025T17:24:45 - [TEST_STEP][PASSED] - if (debug): null

27-02-2025T17:24:45 - [TEST_STEP][PASSED] - println("Clicking " + myValue): null

27-02-2025T17:24:45 - [TEST_STEP][PASSED] - click(element): null

27-02-2025T17:24:45 - [TEST_STEP][PASSED] - scrollToObject(elem): null

27-02-2025T17:24:45 - [TEST_STEP][PASSED] - loc = element.getLocation(): null

27-02-2025T17:24:45 - [TEST_STEP][PASSED] - if (debug): null

27-02-2025T17:24:45 - [TEST_STEP][PASSED] - y = loc.getY(): null

27-02-2025T17:24:45 - [TEST_STEP][PASSED] - println("Y location is " + y): null

27-02-2025T17:24:45 - [TEST_STEP][PASSED] - top = getViewportTopPosition(): Current viewport's top (y) position is 315

27-02-2025T17:24:45 - [MESSAGE][PASSED] - Current viewport's top (y) position is 315

27-02-2025T17:24:45 - [TEST_STEP][PASSED] - println("Viewport top is " + top): null

27-02-2025T17:24:45 - [TEST_STEP][PASSED] - bottom = top + 600: null

27-02-2025T17:24:45 - [TEST_STEP][PASSED] - if (y - top < 150 || bottom - y < 10): null

27-02-2025T17:24:45 - [TEST_STEP][PASSED] - elem.click(): null

27-02-2025T17:24:45 - [TEST_STEP][PASSED] - myValue = element.getAttribute("value"): null

27-02-2025T17:24:45 - [TEST_STEP][PASSED] - if (debug): null

27-02-2025T17:24:45 - [TEST_STEP][PASSED] - if (myValue.length() >= 4): null

27-02-2025T17:24:45 - [TEST_STEP][PASSED] - if (myValue.substring(0, 4) == "(!) "): null

27-02-2025T17:24:45 - [TEST_STEP][PASSED] - myType = element.getAttribute("type"): null

27-02-2025T17:24:45 - [TEST_STEP][PASSED] - if (myValue in varParms[i]): null

27-02-2025T17:24:45 - [TEST_STEP][PASSED] - else: null

27-02-2025T17:24:45 - [TEST_STEP][PASSED] - inList = false: null

27-02-2025T17:24:45 - [TEST_STEP][PASSED] - if (myType == "checkbox"): null

27-02-2025T17:24:45 - [TEST_STEP][PASSED] - myStatus = element.isSelected(): null

27-02-2025T17:24:45 - [TEST_STEP][PASSED] - if (debug): null

27-02-2025T17:24:45 - [TEST_STEP][PASSED] - if (toggle && myStatus && inList): null

27-02-2025T17:24:45 - [TEST_STEP][PASSED] - if (!(myStatus) && inList || myStatus && !(inList)): null

27-02-2025T17:24:45 - [TEST_STEP][PASSED] - myValue = element.getAttribute("value"): null

27-02-2025T17:24:45 - [TEST_STEP][PASSED] - if (debug): null

27-02-2025T17:24:45 - [TEST_STEP][PASSED] - if (myValue.length() >= 4): null

27-02-2025T17:24:45 - [TEST_STEP][PASSED] - if (myValue.substring(0, 4) == "(!) "): null

27-02-2025T17:24:45 - [TEST_STEP][PASSED] - myType = element.getAttribute("type"): null

27-02-2025T17:24:45 - [TEST_STEP][PASSED] - if (myValue in varParms[i]): null

27-02-2025T17:24:45 - [TEST_STEP][PASSED] - else: null

27-02-2025T17:24:45 - [TEST_STEP][PASSED] - inList = false: null

27-02-2025T17:24:45 - [TEST_STEP][PASSED] - if (myType == "checkbox"): null

27-02-2025T17:24:45 - [TEST_STEP][PASSED] - myStatus = element.isSelected(): null

27-02-2025T17:24:45 - [TEST_STEP][PASSED] - if (debug): null

27-02-2025T17:24:45 - [TEST_STEP][PASSED] - if (toggle && myStatus && inList): null

27-02-2025T17:24:45 - [TEST_STEP][PASSED] - if (!(myStatus) && inList || myStatus && !(inList)): null

27-02-2025T17:24:45 - [TEST_STEP][PASSED] - myValue = element.getAttribute("value"): null

27-02-2025T17:24:45 - [TEST_STEP][PASSED] - if (debug): null

27-02-2025T17:24:45 - [TEST_STEP][PASSED] - if (myValue.length() >= 4): null

27-02-2025T17:24:45 - [TEST_STEP][PASSED] - if (myValue.substring(0, 4) == "(!) "): null

27-02-2025T17:24:45 - [TEST_STEP][PASSED] - myType = element.getAttribute("type"): null

27-02-2025T17:24:45 - [TEST_STEP][PASSED] - if (myValue in varParms[i]): null

27-02-2025T17:24:45 - [TEST_STEP][PASSED] - inList = true: null

27-02-2025T17:24:45 - [TEST_STEP][PASSED] - if (myType == "checkbox"): null

27-02-2025T17:24:45 - [TEST_STEP][PASSED] - myStatus = element.isSelected(): null

27-02-2025T17:24:45 - [TEST_STEP][PASSED] - if (debug): null

27-02-2025T17:24:45 - [TEST_STEP][PASSED] - if (toggle && myStatus && inList): null

27-02-2025T17:24:45 - [TEST_STEP][PASSED] - if (!(myStatus) && inList || myStatus && !(inList)): null

27-02-2025T17:24:45 - [TEST_STEP][PASSED] - if (debug): null

27-02-2025T17:24:45 - [TEST_STEP][PASSED] - println("Clicking " + myValue): null

27-02-2025T17:24:45 - [TEST_STEP][PASSED] - click(element): null

27-02-2025T17:24:45 - [TEST_STEP][PASSED] - scrollToObject(elem): null

27-02-2025T17:24:45 - [TEST_STEP][PASSED] - loc = element.getLocation(): null

27-02-2025T17:24:45 - [TEST_STEP][PASSED] - if (debug): null

27-02-2025T17:24:45 - [TEST_STEP][PASSED] - y = loc.getY(): null

27-02-2025T17:24:45 - [TEST_STEP][PASSED] - println("Y location is " + y): null

27-02-2025T17:24:45 - [TEST_STEP][PASSED] - top = getViewportTopPosition(): Current viewport's top (y) position is 315

27-02-2025T17:24:45 - [MESSAGE][PASSED] - Current viewport's top (y) position is 315

27-02-2025T17:24:45 - [TEST_STEP][PASSED] - println("Viewport top is " + top): null

27-02-2025T17:24:45 - [TEST_STEP][PASSED] - bottom = top + 600: null

27-02-2025T17:24:45 - [TEST_STEP][PASSED] - if (y - top < 150 || bottom - y < 10): null

27-02-2025T17:24:45 - [TEST_STEP][PASSED] - elem.click(): null

27-02-2025T17:24:45 - [TEST_STEP][PASSED] - myValue = element.getAttribute("value"): null

27-02-2025T17:24:45 - [TEST_STEP][PASSED] - if (debug): null

27-02-2025T17:24:45 - [TEST_STEP][PASSED] - if (myValue.length() >= 4): null

27-02-2025T17:24:45 - [TEST_STEP][PASSED] - if (myValue.substring(0, 4) == "(!) "): null

27-02-2025T17:24:45 - [TEST_STEP][PASSED] - myType = element.getAttribute("type"): null

27-02-2025T17:24:45 - [TEST_STEP][PASSED] - if (myValue in varParms[i]): null

27-02-2025T17:24:45 - [TEST_STEP][PASSED] - else: null

27-02-2025T17:24:45 - [TEST_STEP][PASSED] - inList = false: null

27-02-2025T17:24:45 - [TEST_STEP][PASSED] - if (myType == "checkbox"): null

27-02-2025T17:24:45 - [TEST_STEP][PASSED] - myStatus = element.isSelected(): null

27-02-2025T17:24:45 - [TEST_STEP][PASSED] - if (debug): null

27-02-2025T17:24:45 - [TEST_STEP][PASSED] - if (toggle && myStatus && inList): null

27-02-2025T17:24:45 - [TEST_STEP][PASSED] - if (!(myStatus) && inList || myStatus && !(inList)): null

27-02-2025T17:24:45 - [TEST_STEP][PASSED] - myValue = element.getAttribute("value"): null

27-02-2025T17:24:45 - [TEST_STEP][PASSED] - if (debug): null

27-02-2025T17:24:45 - [TEST_STEP][PASSED] - if (myValue.length() >= 4): null

27-02-2025T17:24:45 - [TEST_STEP][PASSED] - if (myValue.substring(0, 4) == "(!) "): null

27-02-2025T17:24:45 - [TEST_STEP][PASSED] - myType = element.getAttribute("type"): null

27-02-2025T17:24:45 - [TEST_STEP][PASSED] - if (myValue in varParms[i]): null

27-02-2025T17:24:45 - [TEST_STEP][PASSED] - else: null

27-02-2025T17:24:45 - [TEST_STEP][PASSED] - inList = false: null

27-02-2025T17:24:45 - [TEST_STEP][PASSED] - if (myType == "checkbox"): null

27-02-2025T17:24:45 - [TEST_STEP][PASSED] - myStatus = element.isSelected(): null

27-02-2025T17:24:45 - [TEST_STEP][PASSED] - if (debug): null

27-02-2025T17:24:45 - [TEST_STEP][PASSED] - if (toggle && myStatus && inList): null

27-02-2025T17:24:45 - [TEST_STEP][PASSED] - if (!(myStatus) && inList || myStatus && !(inList)): null

27-02-2025T17:24:45 - [TEST_STEP][PASSED] - myValue = element.getAttribute("value"): null

27-02-2025T17:24:45 - [TEST_STEP][PASSED] - if (debug): null

27-02-2025T17:24:45 - [TEST_STEP][PASSED] - if (myValue.length() >= 4): null

27-02-2025T17:24:45 - [TEST_STEP][PASSED] - if (myValue.substring(0, 4) == "(!) "): null

27-02-2025T17:24:45 - [TEST_STEP][PASSED] - myType = element.getAttribute("type"): null

27-02-2025T17:24:45 - [TEST_STEP][PASSED] - if (myValue in varParms[i]): null

27-02-2025T17:24:45 - [TEST_STEP][PASSED] - else: null

27-02-2025T17:24:45 - [TEST_STEP][PASSED] - inList = false: null

27-02-2025T17:24:45 - [TEST_STEP][PASSED] - if (myType == "checkbox"): null

27-02-2025T17:24:45 - [TEST_STEP][PASSED] - myStatus = element.isSelected(): null

27-02-2025T17:24:45 - [TEST_STEP][PASSED] - if (debug): null

27-02-2025T17:24:45 - [TEST_STEP][PASSED] - if (toggle && myStatus && inList): null

27-02-2025T17:24:45 - [TEST_STEP][PASSED] - if (!(myStatus) && inList || myStatus && !(inList)): null

27-02-2025T17:24:45 - [TEST_STEP][PASSED] - myValue = element.getAttribute("value"): null

27-02-2025T17:24:45 - [TEST_STEP][PASSED] - if (debug): null

27-02-2025T17:24:45 - [TEST_STEP][PASSED] - if (myValue.length() >= 4): null

27-02-2025T17:24:45 - [TEST_STEP][PASSED] - if (myValue.substring(0, 4) == "(!) "): null

27-02-2025T17:24:45 - [TEST_STEP][PASSED] - myType = element.getAttribute("type"): null

27-02-2025T17:24:45 - [TEST_STEP][PASSED] - if (myValue in varParms[i]): null

27-02-2025T17:24:45 - [TEST_STEP][PASSED] - else: null

27-02-2025T17:24:45 - [TEST_STEP][PASSED] - inList = false: null

27-02-2025T17:24:45 - [TEST_STEP][PASSED] - if (myType == "checkbox"): null

27-02-2025T17:24:45 - [TEST_STEP][PASSED] - myStatus = element.isSelected(): null

27-02-2025T17:24:45 - [TEST_STEP][PASSED] - if (debug): null

27-02-2025T17:24:45 - [TEST_STEP][PASSED] - if (toggle && myStatus && inList): null

27-02-2025T17:24:45 - [TEST_STEP][PASSED] - if (!(myStatus) && inList || myStatus && !(inList)): null

27-02-2025T17:24:45 - [TEST_STEP][PASSED] - myValue = element.getAttribute("value"): null

27-02-2025T17:24:45 - [TEST_STEP][PASSED] - if (debug): null

27-02-2025T17:24:45 - [TEST_STEP][PASSED] - if (myValue.length() >= 4): null

27-02-2025T17:24:45 - [TEST_STEP][PASSED] - if (myValue.substring(0, 4) == "(!) "): null

27-02-2025T17:24:45 - [TEST_STEP][PASSED] - myType = element.getAttribute("type"): null

27-02-2025T17:24:45 - [TEST_STEP][PASSED] - if (myValue in varParms[i]): null

27-02-2025T17:24:45 - [TEST_STEP][PASSED] - else: null

27-02-2025T17:24:45 - [TEST_STEP][PASSED] - inList = false: null

27-02-2025T17:24:45 - [TEST_STEP][PASSED] - if (myType == "checkbox"): null

27-02-2025T17:24:45 - [TEST_STEP][PASSED] - myStatus = element.isSelected(): null

27-02-2025T17:24:45 - [TEST_STEP][PASSED] - if (debug): null

27-02-2025T17:24:45 - [TEST_STEP][PASSED] - if (toggle && myStatus && inList): null

27-02-2025T17:24:45 - [TEST_STEP][PASSED] - if (!(myStatus) && inList || myStatus && !(inList)): null

27-02-2025T17:24:45 - [TEST_STEP][PASSED] - myValue = element.getAttribute("value"): null

27-02-2025T17:24:45 - [TEST_STEP][PASSED] - if (debug): null

27-02-2025T17:24:45 - [TEST_STEP][PASSED] - if (myValue.length() >= 4): null

27-02-2025T17:24:45 - [TEST_STEP][PASSED] - if (myValue.substring(0, 4) == "(!) "): null

27-02-2025T17:24:45 - [TEST_STEP][PASSED] - myType = element.getAttribute("type"): null

27-02-2025T17:24:45 - [TEST_STEP][PASSED] - if (myValue in varParms[i]): null

27-02-2025T17:24:45 - [TEST_STEP][PASSED] - else: null

27-02-2025T17:24:45 - [TEST_STEP][PASSED] - inList = false: null

27-02-2025T17:24:45 - [TEST_STEP][PASSED] - if (myType == "checkbox"): null

27-02-2025T17:24:45 - [TEST_STEP][PASSED] - myStatus = element.isSelected(): null

27-02-2025T17:24:45 - [TEST_STEP][PASSED] - if (debug): null

27-02-2025T17:24:45 - [TEST_STEP][PASSED] - if (toggle && myStatus && inList): null

27-02-2025T17:24:45 - [TEST_STEP][PASSED] - if (!(myStatus) && inList || myStatus && !(inList)): null

27-02-2025T17:24:45 - [TEST_STEP][PASSED] - myValue = element.getAttribute("value"): null

27-02-2025T17:24:45 - [TEST_STEP][PASSED] - if (debug): null

27-02-2025T17:24:45 - [TEST_STEP][PASSED] - if (myValue.length() >= 4): null

27-02-2025T17:24:45 - [TEST_STEP][PASSED] - if (myValue.substring(0, 4) == "(!) "): null

27-02-2025T17:24:45 - [TEST_STEP][PASSED] - myType = element.getAttribute("type"): null

27-02-2025T17:24:45 - [TEST_STEP][PASSED] - if (myValue in varParms[i]): null

27-02-2025T17:24:45 - [TEST_STEP][PASSED] - else: null

27-02-2025T17:24:45 - [TEST_STEP][PASSED] - inList = false: null

27-02-2025T17:24:45 - [TEST_STEP][PASSED] - if (myType == "checkbox"): null

27-02-2025T17:24:45 - [TEST_STEP][PASSED] - myStatus = element.isSelected(): null

27-02-2025T17:24:45 - [TEST_STEP][PASSED] - if (debug): null

27-02-2025T17:24:45 - [TEST_STEP][PASSED] - if (toggle && myStatus && inList): null

27-02-2025T17:24:45 - [TEST_STEP][PASSED] - if (!(myStatus) && inList || myStatus && !(inList)): null

27-02-2025T17:24:45 - [TEST_STEP][PASSED] - myValue = element.getAttribute("value"): null

27-02-2025T17:24:45 - [TEST_STEP][PASSED] - if (debug): null

27-02-2025T17:24:45 - [TEST_STEP][PASSED] - if (myValue.length() >= 4): null

27-02-2025T17:24:45 - [TEST_STEP][PASSED] - if (myValue.substring(0, 4) == "(!) "): null

27-02-2025T17:24:45 - [TEST_STEP][PASSED] - myType = element.getAttribute("type"): null

27-02-2025T17:24:45 - [TEST_STEP][PASSED] - if (myValue in varParms[i]): null

27-02-2025T17:24:45 - [TEST_STEP][PASSED] - inList = true: null

27-02-2025T17:24:45 - [TEST_STEP][PASSED] - if (myType == "checkbox"): null

27-02-2025T17:24:45 - [TEST_STEP][PASSED] - myStatus = element.isSelected(): null

27-02-2025T17:24:45 - [TEST_STEP][PASSED] - if (debug): null

27-02-2025T17:24:45 - [TEST_STEP][PASSED] - if (toggle && myStatus && inList): null

27-02-2025T17:24:45 - [TEST_STEP][PASSED] - if (!(myStatus) && inList || myStatus && !(inList)): null

27-02-2025T17:24:45 - [TEST_STEP][PASSED] - if (debug): null

27-02-2025T17:24:45 - [TEST_STEP][PASSED] - println("Clicking " + myValue): null

27-02-2025T17:24:45 - [TEST_STEP][PASSED] - click(element): null

27-02-2025T17:24:45 - [TEST_STEP][PASSED] - scrollToObject(elem): null

27-02-2025T17:24:45 - [TEST_STEP][PASSED] - loc = element.getLocation(): null

27-02-2025T17:24:45 - [TEST_STEP][PASSED] - if (debug): null

27-02-2025T17:24:45 - [TEST_STEP][PASSED] - y = loc.getY(): null

27-02-2025T17:24:45 - [TEST_STEP][PASSED] - println("Y location is " + y): null

27-02-2025T17:24:45 - [TEST_STEP][PASSED] - top = getViewportTopPosition(): Current viewport's top (y) position is 315

27-02-2025T17:24:45 - [MESSAGE][PASSED] - Current viewport's top (y) position is 315

27-02-2025T17:24:45 - [TEST_STEP][PASSED] - println("Viewport top is " + top): null

27-02-2025T17:24:45 - [TEST_STEP][PASSED] - bottom = top + 600: null

27-02-2025T17:24:45 - [TEST_STEP][PASSED] - if (y - top < 150 || bottom - y < 10): null

27-02-2025T17:24:45 - [TEST_STEP][PASSED] - elem.click(): null

27-02-2025T17:24:45 - [TEST_STEP][PASSED] - myValue = element.getAttribute("value"): null

27-02-2025T17:24:45 - [TEST_STEP][PASSED] - if (debug): null

27-02-2025T17:24:45 - [TEST_STEP][PASSED] - if (myValue.length() >= 4): null

27-02-2025T17:24:45 - [TEST_STEP][PASSED] - if (myValue.substring(0, 4) == "(!) "): null

27-02-2025T17:24:45 - [TEST_STEP][PASSED] - myType = element.getAttribute("type"): null

27-02-2025T17:24:45 - [TEST_STEP][PASSED] - if (myValue in varParms[i]): null

27-02-2025T17:24:45 - [TEST_STEP][PASSED] - else: null

27-02-2025T17:24:45 - [TEST_STEP][PASSED] - inList = false: null

27-02-2025T17:24:45 - [TEST_STEP][PASSED] - if (myType == "checkbox"): null

27-02-2025T17:24:45 - [TEST_STEP][PASSED] - myStatus = element.isSelected(): null

27-02-2025T17:24:45 - [TEST_STEP][PASSED] - if (debug): null

27-02-2025T17:24:45 - [TEST_STEP][PASSED] - if (toggle && myStatus && inList): null

27-02-2025T17:24:45 - [TEST_STEP][PASSED] - if (!(myStatus) && inList || myStatus && !(inList)): null

27-02-2025T17:24:45 - [TEST_STEP][PASSED] - myValue = element.getAttribute("value"): null

27-02-2025T17:24:45 - [TEST_STEP][PASSED] - if (debug): null

27-02-2025T17:24:45 - [TEST_STEP][PASSED] - if (myValue.length() >= 4): null

27-02-2025T17:24:45 - [TEST_STEP][PASSED] - if (myValue.substring(0, 4) == "(!) "): null

27-02-2025T17:24:45 - [TEST_STEP][PASSED] - myType = element.getAttribute("type"): null

27-02-2025T17:24:45 - [TEST_STEP][PASSED] - if (myValue in varParms[i]): null

27-02-2025T17:24:45 - [TEST_STEP][PASSED] - inList = true: null

27-02-2025T17:24:45 - [TEST_STEP][PASSED] - if (myType == "checkbox"): null

27-02-2025T17:24:45 - [TEST_STEP][PASSED] - myStatus = element.isSelected(): null

27-02-2025T17:24:45 - [TEST_STEP][PASSED] - if (debug): null

27-02-2025T17:24:45 - [TEST_STEP][PASSED] - if (toggle && myStatus && inList): null

27-02-2025T17:24:45 - [TEST_STEP][PASSED] - if (!(myStatus) && inList || myStatus && !(inList)): null

27-02-2025T17:24:45 - [TEST_STEP][PASSED] - if (debug): null

27-02-2025T17:24:45 - [TEST_STEP][PASSED] - println("Clicking " + myValue): null

27-02-2025T17:24:45 - [TEST_STEP][PASSED] - click(element): null

27-02-2025T17:24:45 - [TEST_STEP][PASSED] - scrollToObject(elem): null

27-02-2025T17:24:45 - [TEST_STEP][PASSED] - loc = element.getLocation(): null

27-02-2025T17:24:45 - [TEST_STEP][PASSED] - if (debug): null

27-02-2025T17:24:45 - [TEST_STEP][PASSED] - y = loc.getY(): null

27-02-2025T17:24:45 - [TEST_STEP][PASSED] - println("Y location is " + y): null

27-02-2025T17:24:45 - [TEST_STEP][PASSED] - top = getViewportTopPosition(): Current viewport's top (y) position is 315

27-02-2025T17:24:45 - [MESSAGE][PASSED] - Current viewport's top (y) position is 315

27-02-2025T17:24:45 - [TEST_STEP][PASSED] - println("Viewport top is " + top): null

27-02-2025T17:24:45 - [TEST_STEP][PASSED] - bottom = top + 600: null

27-02-2025T17:24:45 - [TEST_STEP][PASSED] - if (y - top < 150 || bottom - y < 10): null

27-02-2025T17:24:45 - [TEST_STEP][PASSED] - elem.click(): null

27-02-2025T17:24:45 - [TEST_STEP][PASSED] - myValue = element.getAttribute("value"): null

27-02-2025T17:24:45 - [TEST_STEP][PASSED] - if (debug): null

27-02-2025T17:24:45 - [TEST_STEP][PASSED] - if (myValue.length() >= 4): null

27-02-2025T17:24:45 - [TEST_STEP][PASSED] - if (myValue.substring(0, 4) == "(!) "): null

27-02-2025T17:24:45 - [TEST_STEP][PASSED] - myType = element.getAttribute("type"): null

27-02-2025T17:24:45 - [TEST_STEP][PASSED] - if (myValue in varParms[i]): null

27-02-2025T17:24:45 - [TEST_STEP][PASSED] - else: null

27-02-2025T17:24:45 - [TEST_STEP][PASSED] - inList = false: null

27-02-2025T17:24:45 - [TEST_STEP][PASSED] - if (myType == "checkbox"): null

27-02-2025T17:24:45 - [TEST_STEP][PASSED] - myStatus = element.isSelected(): null

27-02-2025T17:24:45 - [TEST_STEP][PASSED] - if (debug): null

27-02-2025T17:24:45 - [TEST_STEP][PASSED] - if (toggle && myStatus && inList): null

27-02-2025T17:24:45 - [TEST_STEP][PASSED] - if (!(myStatus) && inList || myStatus && !(inList)): null

27-02-2025T17:24:45 - [TEST_STEP][PASSED] - frame.dispose(): null

27-02-2025T17:24:45 - [MESSAGE][PASSED] - Call Test Case 'Test Cases/_Functions/Click on Group Elements' successfully

27-02-2025T17:24:45 - [TEST_STEP][PASSED] - if (varSpouse_credential_authority != null): Call Test Case 'Test Cases/_Functions/Perform Action' successfully

27-02-2025T17:24:45 - [TEST_STEP][PASSED] - object = "Object Repository/Education Candidate Profile/Tabs/Spouse Education/input_Spouse Credential Authority": null

27-02-2025T17:24:45 - [TEST_STEP][PASSED] - callTestCase(findTestCase("_Functions/Perform Action"), ["varAction":"setText", "varObject":object, "varParm1":varSpouse_credential_authority], STOP_ON_FAILURE): Call Test Case 'Test Cases/_Functions/Perform Action' successfully

27-02-2025T17:24:45 - [TEST_CASE][PASSED] - Test Cases/_Functions/Perform Action: Test Cases/_Functions/Perform Action

27-02-2025T17:24:45 - [TEST_STEP][PASSED] - action = varAction: null

27-02-2025T17:24:45 - [TEST_STEP][PASSED] - println(action): null

27-02-2025T17:24:45 - [TEST_STEP][PASSED] - testObject = varObject: null

27-02-2025T17:24:45 - [TEST_STEP][PASSED] - println(testObject): null

27-02-2025T17:24:45 - [TEST_STEP][PASSED] - parm1 = varParm1: null

27-02-2025T17:24:45 - [TEST_STEP][PASSED] - println(parm1): null

27-02-2025T17:24:45 - [TEST_STEP][PASSED] - println("Converting " + testObject + " to web element"): null

27-02-2025T17:24:45 - [TEST_STEP][PASSED] - element = findWebElement(findTestObject(testObject), 1): null

27-02-2025T17:24:45 - [TEST_STEP][PASSED] - loc = element.getLocation(): null

27-02-2025T17:24:45 - [TEST_STEP][PASSED] - y = loc.getY(): null

27-02-2025T17:24:45 - [TEST_STEP][PASSED] - println("Y location is " + y): null

27-02-2025T17:24:45 - [TEST_STEP][PASSED] - top = getViewportTopPosition(): Current viewport's top (y) position is 315

27-02-2025T17:24:46 - [MESSAGE][PASSED] - Current viewport's top (y) position is 315

27-02-2025T17:24:46 - [TEST_STEP][PASSED] - println("Viewport top is " + top): null

27-02-2025T17:24:46 - [TEST_STEP][PASSED] - bottom = top + 600: null

27-02-2025T17:24:46 - [TEST_STEP][PASSED] - if (y - top < 150 || bottom - y < 10): null

27-02-2025T17:24:46 - [TEST_STEP][PASSED] - if (action == "click"): null

27-02-2025T17:24:46 - [TEST_STEP][PASSED] - else if (action == "selectOptionByValue"): null

27-02-2025T17:24:46 - [TEST_STEP][PASSED] - else if (action == "setText"): Text 'TBD' is set on object 'Object Repository/Education Candidate Profile/Tabs/Spouse Education/input_Spouse Credential Authority'

27-02-2025T17:24:46 - [TEST_STEP][PASSED] - println("Setting text " + parm1): null

27-02-2025T17:24:46 - [TEST_STEP][PASSED] - setText(findTestObject(testObject), parm1): Text 'TBD' is set on object 'Object Repository/Education Candidate Profile/Tabs/Spouse Education/input_Spouse Credential Authority'

27-02-2025T17:24:46 - [MESSAGE][PASSED] - Text 'TBD' is set on object 'Object Repository/Education Candidate Profile/Tabs/Spouse Education/input_Spouse Credential Authority'

27-02-2025T17:24:46 - [MESSAGE][PASSED] - Call Test Case 'Test Cases/_Functions/Perform Action' successfully

27-02-2025T17:24:46 - [TEST_STEP][PASSED] - if (varSpouse_other_experience != null): Call Test Case 'Test Cases/_Functions/Perform Action' successfully

27-02-2025T17:24:46 - [TEST_STEP][PASSED] - object = "Object Repository/Education Candidate Profile/Tabs/Spouse Education/textarea_Spouse Other Experience": null

27-02-2025T17:24:46 - [TEST_STEP][PASSED] - callTestCase(findTestCase("_Functions/Perform Action"), ["varAction":"setText", "varObject":object, "varParm1":varSpouse_other_experience], STOP_ON_FAILURE): Call Test Case 'Test Cases/_Functions/Perform Action' successfully

27-02-2025T17:24:46 - [TEST_CASE][PASSED] - Test Cases/_Functions/Perform Action: Test Cases/_Functions/Perform Action

27-02-2025T17:24:46 - [TEST_STEP][PASSED] - action = varAction: null

27-02-2025T17:24:46 - [TEST_STEP][PASSED] - println(action): null

27-02-2025T17:24:46 - [TEST_STEP][PASSED] - testObject = varObject: null

27-02-2025T17:24:46 - [TEST_STEP][PASSED] - println(testObject): null

27-02-2025T17:24:46 - [TEST_STEP][PASSED] - parm1 = varParm1: null

27-02-2025T17:24:46 - [TEST_STEP][PASSED] - println(parm1): null

27-02-2025T17:24:46 - [TEST_STEP][PASSED] - println("Converting " + testObject + " to web element"): null

27-02-2025T17:24:46 - [TEST_STEP][PASSED] - element = findWebElement(findTestObject(testObject), 1): null

27-02-2025T17:24:46 - [TEST_STEP][PASSED] - loc = element.getLocation(): null

27-02-2025T17:24:46 - [TEST_STEP][PASSED] - y = loc.getY(): null

27-02-2025T17:24:46 - [TEST_STEP][PASSED] - println("Y location is " + y): null

27-02-2025T17:24:46 - [TEST_STEP][PASSED] - top = getViewportTopPosition(): Current viewport's top (y) position is 315

27-02-2025T17:24:46 - [MESSAGE][PASSED] - Current viewport's top (y) position is 315

27-02-2025T17:24:46 - [TEST_STEP][PASSED] - println("Viewport top is " + top): null

27-02-2025T17:24:46 - [TEST_STEP][PASSED] - bottom = top + 600: null

27-02-2025T17:24:46 - [TEST_STEP][PASSED] - if (y - top < 150 || bottom - y < 10): null

27-02-2025T17:24:46 - [TEST_STEP][PASSED] - if (action == "click"): null

27-02-2025T17:24:46 - [TEST_STEP][PASSED] - else if (action == "selectOptionByValue"): null

27-02-2025T17:24:46 - [TEST_STEP][PASSED] - else if (action == "setText"): Text 'Independent piano teacher' is set on object 'Object Repository/Education Candidate Profile/Tabs/Spouse Education/textarea_Spouse Other Experience'

27-02-2025T17:24:46 - [TEST_STEP][PASSED] - println("Setting text " + parm1): null

27-02-2025T17:24:46 - [TEST_STEP][PASSED] - setText(findTestObject(testObject), parm1): Text 'Independent piano teacher' is set on object 'Object Repository/Education Candidate Profile/Tabs/Spouse Education/textarea_Spouse Other Experience'

27-02-2025T17:24:46 - [MESSAGE][PASSED] - Text 'Independent piano teacher' is set on object 'Object Repository/Education Candidate Profile/Tabs/Spouse Education/textarea_Spouse Other Experience'

27-02-2025T17:24:46 - [MESSAGE][PASSED] - Call Test Case 'Test Cases/_Functions/Perform Action' successfully

27-02-2025T17:24:46 - [TEST_STEP][PASSED] - if (varSpouse_english_proficiency != null): Call Test Case 'Test Cases/_Functions/Perform Action' successfully

27-02-2025T17:24:46 - [TEST_STEP][PASSED] - object = "Object Repository/Education Candidate Profile/Tabs/Spouse Education/select_Spouse English Proficiency": null

27-02-2025T17:24:46 - [TEST_STEP][PASSED] - callTestCase(findTestCase("_Functions/Perform Action"), ["varAction":"selectOptionByValue", "varObject":object, "varParm1":varSpouse_english_proficiency], STOP_ON_FAILURE): Call Test Case 'Test Cases/_Functions/Perform Action' successfully

27-02-2025T17:24:46 - [TEST_CASE][PASSED] - Test Cases/_Functions/Perform Action: Test Cases/_Functions/Perform Action

27-02-2025T17:24:46 - [TEST_STEP][PASSED] - action = varAction: null

27-02-2025T17:24:46 - [TEST_STEP][PASSED] - println(action): null

27-02-2025T17:24:46 - [TEST_STEP][PASSED] - testObject = varObject: null

27-02-2025T17:24:46 - [TEST_STEP][PASSED] - println(testObject): null

27-02-2025T17:24:46 - [TEST_STEP][PASSED] - parm1 = varParm1: null

27-02-2025T17:24:46 - [TEST_STEP][PASSED] - println(parm1): null

27-02-2025T17:24:46 - [TEST_STEP][PASSED] - println("Converting " + testObject + " to web element"): null

27-02-2025T17:24:46 - [TEST_STEP][PASSED] - element = findWebElement(findTestObject(testObject), 1): null

27-02-2025T17:24:46 - [TEST_STEP][PASSED] - loc = element.getLocation(): null

27-02-2025T17:24:46 - [TEST_STEP][PASSED] - y = loc.getY(): null

27-02-2025T17:24:46 - [TEST_STEP][PASSED] - println("Y location is " + y): null

27-02-2025T17:24:46 - [TEST_STEP][PASSED] - top = getViewportTopPosition(): Current viewport's top (y) position is 315

27-02-2025T17:24:46 - [MESSAGE][PASSED] - Current viewport's top (y) position is 315

27-02-2025T17:24:46 - [TEST_STEP][PASSED] - println("Viewport top is " + top): null

27-02-2025T17:24:46 - [TEST_STEP][PASSED] - bottom = top + 600: null

27-02-2025T17:24:46 - [TEST_STEP][PASSED] - if (y - top < 150 || bottom - y < 10): Delayed 1 second(s)

27-02-2025T17:24:46 - [TEST_STEP][PASSED] - scrollToPosition(0, y - 150): Browser is scrolled to position x = 0, y = 790

27-02-2025T17:24:46 - [MESSAGE][PASSED] - Browser is scrolled to position x = 0, y = 790

27-02-2025T17:24:46 - [TEST_STEP][PASSED] - delay(1): Delayed 1 second(s)

27-02-2025T17:24:47 - [MESSAGE][PASSED] - Delayed 1 second(s)

27-02-2025T17:24:47 - [TEST_STEP][PASSED] - if (action == "click"): null

27-02-2025T17:24:47 - [TEST_STEP][PASSED] - else if (action == "selectOptionByValue"): All options with value 'Advanced' are selected in object 'Object Repository/Education Candidate Profile/Tabs/Spouse Education/select_Spouse English Proficiency' 

27-02-2025T17:24:47 - [TEST_STEP][PASSED] - println("Selecting " + parm1): null

27-02-2025T17:24:47 - [TEST_STEP][PASSED] - selectOptionByValue(findTestObject(testObject), parm1, false): All options with value 'Advanced' are selected in object 'Object Repository/Education Candidate Profile/Tabs/Spouse Education/select_Spouse English Proficiency' 

27-02-2025T17:24:47 - [MESSAGE][PASSED] - All options with value 'Advanced' are selected in object 'Object Repository/Education Candidate Profile/Tabs/Spouse Education/select_Spouse English Proficiency' 

27-02-2025T17:24:47 - [MESSAGE][PASSED] - Call Test Case 'Test Cases/_Functions/Perform Action' successfully

27-02-2025T17:24:47 - [TEST_STEP][PASSED] - if (varSpouse_additional_languages != null): Call Test Case 'Test Cases/_Functions/Perform Action' successfully

27-02-2025T17:24:47 - [TEST_STEP][PASSED] - object = "Object Repository/Education Candidate Profile/Tabs/Spouse Education/input_Spouse Additional Language(s)": null

27-02-2025T17:24:47 - [TEST_STEP][PASSED] - callTestCase(findTestCase("_Functions/Perform Action"), ["varAction":"setText", "varObject":object, "varParm1":varSpouse_additional_languages], STOP_ON_FAILURE): Call Test Case 'Test Cases/_Functions/Perform Action' successfully

27-02-2025T17:24:47 - [TEST_CASE][PASSED] - Test Cases/_Functions/Perform Action: Test Cases/_Functions/Perform Action

27-02-2025T17:24:47 - [TEST_STEP][PASSED] - action = varAction: null

27-02-2025T17:24:47 - [TEST_STEP][PASSED] - println(action): null

27-02-2025T17:24:47 - [TEST_STEP][PASSED] - testObject = varObject: null

27-02-2025T17:24:47 - [TEST_STEP][PASSED] - println(testObject): null

27-02-2025T17:24:47 - [TEST_STEP][PASSED] - parm1 = varParm1: null

27-02-2025T17:24:47 - [TEST_STEP][PASSED] - println(parm1): null

27-02-2025T17:24:47 - [TEST_STEP][PASSED] - println("Converting " + testObject + " to web element"): null

27-02-2025T17:24:47 - [TEST_STEP][PASSED] - element = findWebElement(findTestObject(testObject), 1): null

27-02-2025T17:24:47 - [TEST_STEP][PASSED] - loc = element.getLocation(): null

27-02-2025T17:24:47 - [TEST_STEP][PASSED] - y = loc.getY(): null

27-02-2025T17:24:47 - [TEST_STEP][PASSED] - println("Y location is " + y): null

27-02-2025T17:24:47 - [TEST_STEP][PASSED] - top = getViewportTopPosition(): Current viewport's top (y) position is 635

27-02-2025T17:24:47 - [MESSAGE][PASSED] - Current viewport's top (y) position is 635

27-02-2025T17:24:47 - [TEST_STEP][PASSED] - println("Viewport top is " + top): null

27-02-2025T17:24:47 - [TEST_STEP][PASSED] - bottom = top + 600: null

27-02-2025T17:24:47 - [TEST_STEP][PASSED] - if (y - top < 150 || bottom - y < 10): null

27-02-2025T17:24:47 - [TEST_STEP][PASSED] - if (action == "click"): null

27-02-2025T17:24:47 - [TEST_STEP][PASSED] - else if (action == "selectOptionByValue"): null

27-02-2025T17:24:47 - [TEST_STEP][PASSED] - else if (action == "setText"): Text 'None' is set on object 'Object Repository/Education Candidate Profile/Tabs/Spouse Education/input_Spouse Additional Language(s)'

27-02-2025T17:24:47 - [TEST_STEP][PASSED] - println("Setting text " + parm1): null

27-02-2025T17:24:47 - [TEST_STEP][PASSED] - setText(findTestObject(testObject), parm1): Text 'None' is set on object 'Object Repository/Education Candidate Profile/Tabs/Spouse Education/input_Spouse Additional Language(s)'

27-02-2025T17:24:47 - [MESSAGE][PASSED] - Text 'None' is set on object 'Object Repository/Education Candidate Profile/Tabs/Spouse Education/input_Spouse Additional Language(s)'

27-02-2025T17:24:47 - [MESSAGE][PASSED] - Call Test Case 'Test Cases/_Functions/Perform Action' successfully

27-02-2025T17:24:47 - [TEST_STEP][PASSED] - object = "Education Candidate Profile/Tabs/btn_Submit": null

27-02-2025T17:24:47 - [TEST_STEP][PASSED] - callTestCase(findTestCase("_Functions/Perform Action"), ["varAction":"click", "varObject":object], STOP_ON_FAILURE): Call Test Case 'Test Cases/_Functions/Perform Action' successfully

27-02-2025T17:24:47 - [TEST_CASE][PASSED] - Test Cases/_Functions/Perform Action: Test Cases/_Functions/Perform Action

27-02-2025T17:24:47 - [TEST_STEP][PASSED] - action = varAction: null

27-02-2025T17:24:47 - [TEST_STEP][PASSED] - println(action): null

27-02-2025T17:24:47 - [TEST_STEP][PASSED] - testObject = varObject: null

27-02-2025T17:24:47 - [TEST_STEP][PASSED] - println(testObject): null

27-02-2025T17:24:47 - [TEST_STEP][PASSED] - parm1 = varParm1: null

27-02-2025T17:24:47 - [TEST_STEP][PASSED] - println(parm1): null

27-02-2025T17:24:47 - [TEST_STEP][PASSED] - println("Converting " + testObject + " to web element"): null

27-02-2025T17:24:47 - [TEST_STEP][PASSED] - element = findWebElement(findTestObject(testObject), 1): null

27-02-2025T17:24:47 - [TEST_STEP][PASSED] - loc = element.getLocation(): null

27-02-2025T17:24:47 - [TEST_STEP][PASSED] - y = loc.getY(): null

27-02-2025T17:24:47 - [TEST_STEP][PASSED] - println("Y location is " + y): null

27-02-2025T17:24:47 - [TEST_STEP][PASSED] - top = getViewportTopPosition(): Current viewport's top (y) position is 635

27-02-2025T17:24:47 - [MESSAGE][PASSED] - Current viewport's top (y) position is 635

27-02-2025T17:24:47 - [TEST_STEP][PASSED] - println("Viewport top is " + top): null

27-02-2025T17:24:47 - [TEST_STEP][PASSED] - bottom = top + 600: null

27-02-2025T17:24:47 - [TEST_STEP][PASSED] - if (y - top < 150 || bottom - y < 10): null

27-02-2025T17:24:47 - [TEST_STEP][PASSED] - if (action == "click"): Object: 'Object Repository/Education Candidate Profile/Tabs/btn_Submit' is clicked on

27-02-2025T17:24:47 - [TEST_STEP][PASSED] - println("clicking"): null

27-02-2025T17:24:47 - [TEST_STEP][PASSED] - click(findTestObject(testObject)): Object: 'Object Repository/Education Candidate Profile/Tabs/btn_Submit' is clicked on

27-02-2025T17:24:55 - [MESSAGE][PASSED] - Object: 'Object Repository/Education Candidate Profile/Tabs/btn_Submit' is clicked on

27-02-2025T17:24:55 - [MESSAGE][PASSED] - Call Test Case 'Test Cases/_Functions/Perform Action' successfully

27-02-2025T17:24:55 - [MESSAGE][PASSED] - Call Test Case 'Test Cases/Education Candidate Profile/Tabs/Set Spouse Education' successfully

27-02-2025T17:24:55 - [TEST_STEP][PASSED] - if (!(called)): null

27-02-2025T17:24:55 - [TEST_STEP][PASSED] - return pages: null

27-02-2025T17:24:55 - [MESSAGE][PASSED] - Call Test Case 'Test Cases/Education Candidate Profile/Complete Education Candidate Profile' successfully

27-02-2025T17:24:55 - [TEST_STEP][PASSED] - if (pages.size() == 0 || pages == "All"): null

27-02-2025T17:24:55 - [TEST_STEP][PASSED] - success = verifyTextPresent("Thank you for submitting your profile on MissionNext Education!", false): Text 'Thank you for submitting your profile on MissionNext Education!' is present on page 

27-02-2025T17:24:55 - [MESSAGE][PASSED] - Text 'Thank you for submitting your profile on MissionNext Education!' is present on page 

27-02-2025T17:24:55 - [TEST_STEP][PASSED] - if (success): null

27-02-2025T17:24:55 - [TEST_STEP][PASSED] - outText = "
+++ Education candidate registration successful. Thank you page was found.
": null

27-02-2025T17:24:55 - [TEST_STEP][PASSED] - outFile.append(outText): null

27-02-2025T17:24:55 - [TEST_STEP][PASSED] - callTestCase(findTestCase("_Functions/Education Candidate Login"), [:], STOP_ON_FAILURE): Call Test Case 'Test Cases/_Functions/Education Candidate Login' successfully

27-02-2025T17:24:55 - [TEST_CASE][PASSED] - Test Cases/_Functions/Education Candidate Login: Test Cases/_Functions/Education Candidate Login

27-02-2025T17:24:55 - [TEST_STEP][PASSED] - username = username: null

27-02-2025T17:24:55 - [TEST_STEP][PASSED] - if (username != "cktest04ec"): null

27-02-2025T17:24:55 - [TEST_STEP][PASSED] - openBrowser(""): Browser is opened with url: ''

27-02-2025T17:24:55 - [MESSAGE][WARNING] - A browser is already opened. Closing browser and opening a new one

27-02-2025T17:24:55 - [MESSAGE][INFO] - Starting 'Chrome' driver

27-02-2025T17:24:55 - [MESSAGE][INFO] - Action delay is set to 0 milliseconds

27-02-2025T17:24:56 - [MESSAGE][PASSED] - Browser is opened with url: ''

27-02-2025T17:24:56 - [TEST_STEP][PASSED] - maximizeWindow(): Current window maximized

27-02-2025T17:24:56 - [MESSAGE][PASSED] - Current window maximized

27-02-2025T17:24:56 - [TEST_STEP][PASSED] - navigateToUrl("https://education." + domain + "/education-home/login-here/"): Navigate to 'https://education.missionnext.org/education-home/login-here/' successfully

27-02-2025T17:24:58 - [MESSAGE][PASSED] - Navigate to 'https://education.missionnext.org/education-home/login-here/' successfully

27-02-2025T17:24:58 - [TEST_STEP][PASSED] - setText(findTestObject("Object Repository/Education Candidate Profile/Login/input_Username"), username): Text 'cktest04ec' is set on object 'Object Repository/Education Candidate Profile/Login/input_Username'

27-02-2025T17:24:58 - [MESSAGE][PASSED] - Text 'cktest04ec' is set on object 'Object Repository/Education Candidate Profile/Login/input_Username'

27-02-2025T17:24:58 - [TEST_STEP][PASSED] - setEncryptedText(findTestObject("Object Repository/Education Candidate Profile/Login/input_Password"), password): Text ****** has been set on object 'Object Repository/Education Candidate Profile/Login/input_Password'

27-02-2025T17:24:58 - [MESSAGE][PASSED] - Text ****** has been set on object 'Object Repository/Education Candidate Profile/Login/input_Password'

27-02-2025T17:24:58 - [TEST_STEP][PASSED] - click(findTestObject("Object Repository/Education Candidate Profile/Login/button_Log In")): Object: 'Object Repository/Education Candidate Profile/Login/button_Log In' is clicked on

27-02-2025T17:25:01 - [MESSAGE][PASSED] - Object: 'Object Repository/Education Candidate Profile/Login/button_Log In' is clicked on

27-02-2025T17:25:01 - [MESSAGE][PASSED] - Call Test Case 'Test Cases/_Functions/Education Candidate Login' successfully

27-02-2025T17:25:01 - [TEST_STEP][PASSED] - optionsComment = verifyElementVisible(findTestObject("Object Repository/Education Candidate Profile/Tabs/a_Options-Comment"), OPTIONAL): Web element with id: 'Object Repository/Education Candidate Profile/Tabs/a_Options-Comment' located by '//a[@id='ui-id-7']' not found (Root cause: com.kms.katalon.core.exception.StepFailedException: Web element with id: 'Object Repository/Education Candidate Profile/Tabs/a_Options-Comment' located by '//a[@id='ui-id-7']' not found
	at com.kms.katalon.core.webui.keyword.internal.WebUIKeywordMain.stepFailed(WebUIKeywordMain.groovy:117)
	at com.kms.katalon.core.webui.keyword.builtin.VerifyElementVisibleKeyword$_verifyElementVisible_closure1.doCall(VerifyElementVisibleKeyword.groovy:89)
	at com.kms.katalon.core.webui.keyword.builtin.VerifyElementVisibleKeyword$_verifyElementVisible_closure1.call(VerifyElementVisibleKeyword.groovy)
	at com.kms.katalon.core.webui.keyword.internal.WebUIKeywordMain.runKeyword(WebUIKeywordMain.groovy:35)
	at com.kms.katalon.core.webui.keyword.builtin.VerifyElementVisibleKeyword.verifyElementVisible(VerifyElementVisibleKeyword.groovy:97)
	at com.kms.katalon.core.webui.keyword.builtin.VerifyElementVisibleKeyword.execute(VerifyElementVisibleKeyword.groovy:67)
	at com.kms.katalon.core.keyword.internal.KeywordExecutor.executeKeywordForPlatform(KeywordExecutor.groovy:74)
	at com.kms.katalon.core.webui.keyword.WebUiBuiltInKeywords.verifyElementVisible(WebUiBuiltInKeywords.groovy:401)
	at Register Education Candidate.run(Register Education Candidate:236)
	at com.kms.katalon.core.main.ScriptEngine.run(ScriptEngine.java:194)
	at com.kms.katalon.core.main.ScriptEngine.runScriptAsRawText(ScriptEngine.java:119)
	at com.kms.katalon.core.main.TestCaseExecutor.runScript(TestCaseExecutor.java:448)
	at com.kms.katalon.core.main.TestCaseExecutor.doExecute(TestCaseExecutor.java:439)
	at com.kms.katalon.core.main.TestCaseExecutor.processExecutionPhase(TestCaseExecutor.java:418)
	at com.kms.katalon.core.main.TestCaseExecutor.accessMainPhase(TestCaseExecutor.java:410)
	at com.kms.katalon.core.main.TestCaseExecutor.execute(TestCaseExecutor.java:285)
	at com.kms.katalon.core.common.CommonExecutor.accessTestCaseMainPhase(CommonExecutor.java:65)
	at com.kms.katalon.core.main.TestSuiteExecutor.accessTestSuiteMainPhase(TestSuiteExecutor.java:150)
	at com.kms.katalon.core.main.TestSuiteExecutor.execute(TestSuiteExecutor.java:106)
	at com.kms.katalon.core.main.TestCaseMain.startTestSuite(TestCaseMain.java:180)
	at TempTestSuite1740698290489.run(TempTestSuite1740698290489.groovy:35)
	at java.base/jdk.internal.reflect.NativeMethodAccessorImpl.invoke0(Native Method)
	at java.base/jdk.internal.reflect.NativeMethodAccessorImpl.invoke(NativeMethodAccessorImpl.java:77)
	at java.base/jdk.internal.reflect.DelegatingMethodAccessorImpl.invoke(DelegatingMethodAccessorImpl.java:43)
)

27-02-2025T17:25:12 - [MESSAGE][INFO] - Unable to find the element located by 'By.xpath: //a[@id='ui-id-7']'. Please recheck the objects properties to make sure the desired element is located. 

27-02-2025T17:25:12 - [MESSAGE][WARNING] - Web element with id: 'Object Repository/Education Candidate Profile/Tabs/a_Options-Comment' located by '//a[@id='ui-id-7']' not found (Root cause: com.kms.katalon.core.exception.StepFailedException: Web element with id: 'Object Repository/Education Candidate Profile/Tabs/a_Options-Comment' located by '//a[@id='ui-id-7']' not found
	at com.kms.katalon.core.webui.keyword.internal.WebUIKeywordMain.stepFailed(WebUIKeywordMain.groovy:117)
	at com.kms.katalon.core.webui.keyword.builtin.VerifyElementVisibleKeyword$_verifyElementVisible_closure1.doCall(VerifyElementVisibleKeyword.groovy:89)
	at com.kms.katalon.core.webui.keyword.builtin.VerifyElementVisibleKeyword$_verifyElementVisible_closure1.call(VerifyElementVisibleKeyword.groovy)
	at com.kms.katalon.core.webui.keyword.internal.WebUIKeywordMain.runKeyword(WebUIKeywordMain.groovy:35)
	at com.kms.katalon.core.webui.keyword.builtin.VerifyElementVisibleKeyword.verifyElementVisible(VerifyElementVisibleKeyword.groovy:97)
	at com.kms.katalon.core.webui.keyword.builtin.VerifyElementVisibleKeyword.execute(VerifyElementVisibleKeyword.groovy:67)
	at com.kms.katalon.core.keyword.internal.KeywordExecutor.executeKeywordForPlatform(KeywordExecutor.groovy:74)
	at com.kms.katalon.core.webui.keyword.WebUiBuiltInKeywords.verifyElementVisible(WebUiBuiltInKeywords.groovy:401)
	at Register Education Candidate.run(Register Education Candidate:236)
	at com.kms.katalon.core.main.ScriptEngine.run(ScriptEngine.java:194)
	at com.kms.katalon.core.main.ScriptEngine.runScriptAsRawText(ScriptEngine.java:119)
	at com.kms.katalon.core.main.TestCaseExecutor.runScript(TestCaseExecutor.java:448)
	at com.kms.katalon.core.main.TestCaseExecutor.doExecute(TestCaseExecutor.java:439)
	at com.kms.katalon.core.main.TestCaseExecutor.processExecutionPhase(TestCaseExecutor.java:418)
	at com.kms.katalon.core.main.TestCaseExecutor.accessMainPhase(TestCaseExecutor.java:410)
	at com.kms.katalon.core.main.TestCaseExecutor.execute(TestCaseExecutor.java:285)
	at com.kms.katalon.core.common.CommonExecutor.accessTestCaseMainPhase(CommonExecutor.java:65)
	at com.kms.katalon.core.main.TestSuiteExecutor.accessTestSuiteMainPhase(TestSuiteExecutor.java:150)
	at com.kms.katalon.core.main.TestSuiteExecutor.execute(TestSuiteExecutor.java:106)
	at com.kms.katalon.core.main.TestCaseMain.startTestSuite(TestCaseMain.java:180)
	at TempTestSuite1740698290489.run(TempTestSuite1740698290489.groovy:35)
	at java.base/jdk.internal.reflect.NativeMethodAccessorImpl.invoke0(Native Method)
	at java.base/jdk.internal.reflect.NativeMethodAccessorImpl.invoke(NativeMethodAccessorImpl.java:77)
	at java.base/jdk.internal.reflect.DelegatingMethodAccessorImpl.invoke(DelegatingMethodAccessorImpl.java:43)
)
[[ATTACHMENT|/Users/cckozie/git/MissionNext-Katalon-Koz/Reports/20250227_171809/Education Candidate Test Suite/20250227_171810/1740698712109.png]]

27-02-2025T17:25:12 - [TEST_STEP][PASSED] - if (optionsComment): null

27-02-2025T17:25:12 - [TEST_STEP][PASSED] - else: null

27-02-2025T17:25:12 - [TEST_STEP][PASSED] - outText = "--- Education login after profile creation failed.
": null

27-02-2025T17:25:12 - [TEST_STEP][PASSED] - outFile.append(outText): null]]></system-out>
         <system-err><![CDATA[]]></system-err>
      </testcase>
      <system-out><![CDATA[27-02-2025T17:18:18 - [TEST_SUITE][PASSED] - Education Candidate Test Suite: Test Cases/Education Candidate Profile/Register Education Candidate]]></system-out>
      <system-err><![CDATA[]]></system-err>
   </testsuite>
</testsuites>
