<?xml version="1.0" encoding="UTF-8"?>
<testsuites name="Education Partner Test Suite" time="346.853" tests="1" failures="0" errors="1">
   <testsuite name="Education Partner Test Suite" tests="1" failures="0" errors="1" time="346.853" skipped="0" timestamp="27-02-2025T17:25:14" hostname="cckozie - 192.168.4.43" id="Test Suites/Education Partner Test Suite">
      <properties>
         <property name="deviceName" value=""/>
         <property name="devicePlatform"/>
         <property name="logFolder" value="/Users/cckozie/git/MissionNext-Katalon-Koz/Reports/20250227_171809/Education Partner Test Suite/20250227_171812"/>
         <property name="logFiles" value="/Users/cckozie/git/MissionNext-Katalon-Koz/Reports/20250227_171809/Education Partner Test Suite/20250227_171812/execution0.log, /Users/cckozie/git/MissionNext-Katalon-Koz/Reports/20250227_171809/Education Partner Test Suite/20250227_171812/execution1.log"/>
         <property name="attachments" value="/Users/cckozie/Documents/MissionNext/Screenshots and Tooltip Text/Register_Screenshot.png, /Users/cckozie/git/MissionNext-Katalon-Koz/Reports/20250227_171809/Education Partner Test Suite/20250227_171812/1740698932706.png, /Users/cckozie/Documents/MissionNext/Screenshots and Tooltip Text/Education Partner Contact Info Tab_Screenshot.png, /Users/cckozie/Documents/MissionNext/Screenshots and Tooltip Text/Education Partner School Info Tab_Screenshot.png, /Users/cckozie/Documents/MissionNext/Screenshots and Tooltip Text/Education Partner Positions Needed Tab_Screenshot.png, /Users/cckozie/Documents/MissionNext/Screenshots and Tooltip Text/Education Partner Service Options Tab_Screenshot.png, /Users/cckozie/Documents/MissionNext/Screenshots and Tooltip Text/Education Partner Readiness Tab_Screenshot.png, /Users/cckozie/Documents/MissionNext/Screenshots and Tooltip Text/Education Partner Match Filters Tab_Screenshot.png"/>
         <property name="hostName" value="cckozie - 192.168.4.43"/>
         <property name="os" value="Mac OS X 64bit"/>
         <property name="katalonVersion" value="9.7.3.223"/>
         <property name="browser" value="Chrome 133.0.0.0"/>
         <property name="hostAddress" value="192.168.4.43"/>
         <property name="sessionId" value="586ce547f82e7de6d00b1da430146ee0"/>
         <property name="seleniumVersion" value="3.141.59"/>
         <property name="proxyInformation" value="ProxyInformation { proxyOption=NO_PROXY, proxyServerType=HTTP, username=, password=********, proxyServerAddress=, proxyServerPort=0, executionList=&quot;&quot;, isApplyToDesiredCapabilities=true }"/>
         <property name="platform" value="Mac OS X"/>
      </properties>
      <testcase name="Test Cases/Education Partner Profile/Register Education Partner" time="346.794" classname="Test Cases/Education Partner Profile/Register Education Partner" status="ERROR">
         <error type="ERROR" message="Test Cases/Education Partner Profile/Register Education Partner FAILED.&#xa;Reason:&#xa;com.kms.katalon.core.exception.StepErrorException: Call Test Case 'Test Cases/Education Partner Profile/Complete Education Partner Profile' failed because of error(s)&#xa;	at com.kms.katalon.core.keyword.builtin.CallTestCaseKeyword$_callTestCase_closure1.doCall(CallTestCaseKeyword.groovy:66)&#xa;	at com.kms.katalon.core.keyword.builtin.CallTestCaseKeyword$_callTestCase_closure1.call(CallTestCaseKeyword.groovy)&#xa;	at com.kms.katalon.core.keyword.internal.KeywordMain.runKeyword(KeywordMain.groovy:75)&#xa;	at com.kms.katalon.core.keyword.builtin.CallTestCaseKeyword.callTestCase(CallTestCaseKeyword.groovy:81)&#xa;	at com.kms.katalon.core.keyword.builtin.CallTestCaseKeyword.execute(CallTestCaseKeyword.groovy:44)&#xa;	at com.kms.katalon.core.keyword.internal.KeywordExecutor.executeKeywordForPlatform(KeywordExecutor.groovy:74)&#xa;	at com.kms.katalon.core.keyword.BuiltinKeywords.callTestCase(BuiltinKeywords.groovy:310)&#xa;	at jdk.internal.reflect.GeneratedMethodAccessor29.invoke(Unknown Source)&#xa;	at java.base/jdk.internal.reflect.DelegatingMethodAccessorImpl.invoke(DelegatingMethodAccessorImpl.java:43)&#xa;	at Register Education Partner.run(Register Education Partner:403)&#xa;	at com.kms.katalon.core.main.ScriptEngine.run(ScriptEngine.java:194)&#xa;	at com.kms.katalon.core.main.ScriptEngine.runScriptAsRawText(ScriptEngine.java:119)&#xa;	at com.kms.katalon.core.main.TestCaseExecutor.runScript(TestCaseExecutor.java:448)&#xa;	at com.kms.katalon.core.main.TestCaseExecutor.doExecute(TestCaseExecutor.java:439)&#xa;	at com.kms.katalon.core.main.TestCaseExecutor.processExecutionPhase(TestCaseExecutor.java:418)&#xa;	at com.kms.katalon.core.main.TestCaseExecutor.accessMainPhase(TestCaseExecutor.java:410)&#xa;	at com.kms.katalon.core.main.TestCaseExecutor.execute(TestCaseExecutor.java:285)&#xa;	at com.kms.katalon.core.common.CommonExecutor.accessTestCaseMainPhase(CommonExecutor.java:65)&#xa;	at com.kms.katalon.core.main.TestSuiteExecutor.accessTestSuiteMainPhase(TestSuiteExecutor.java:150)&#xa;	at com.kms.katalon.core.main.TestSuiteExecutor.execute(TestSuiteExecutor.java:106)&#xa;	at com.kms.katalon.core.main.TestCaseMain.startTestSuite(TestCaseMain.java:180)&#xa;	at TempTestSuite1740698292669.run(TempTestSuite1740698292669.groovy:35)&#xa;	at java.base/jdk.internal.reflect.NativeMethodAccessorImpl.invoke0(Native Method)&#xa;	at java.base/jdk.internal.reflect.NativeMethodAccessorImpl.invoke(NativeMethodAccessorImpl.java:77)&#xa;	at java.base/jdk.internal.reflect.DelegatingMethodAccessorImpl.invoke(DelegatingMethodAccessorImpl.java:43)&#xa;Caused by: com.kms.katalon.core.exception.StepErrorException: Call Test Case 'Test Cases/Education Partner Profile/Tabs/Set Admin Info' failed because of error(s)&#xa;	at com.kms.katalon.core.keyword.builtin.CallTestCaseKeyword$_callTestCase_closure1.doCall(CallTestCaseKeyword.groovy:66)&#xa;	at com.kms.katalon.core.keyword.builtin.CallTestCaseKeyword$_callTestCase_closure1.call(CallTestCaseKeyword.groovy)&#xa;	at com.kms.katalon.core.keyword.internal.KeywordMain.runKeyword(KeywordMain.groovy:75)&#xa;	at com.kms.katalon.core.keyword.builtin.CallTestCaseKeyword.callTestCase(CallTestCaseKeyword.groovy:81)&#xa;	at com.kms.katalon.core.keyword.builtin.CallTestCaseKeyword.execute(CallTestCaseKeyword.groovy:44)&#xa;	at com.kms.katalon.core.keyword.internal.KeywordExecutor.executeKeywordForPlatform(KeywordExecutor.groovy:74)&#xa;	at com.kms.katalon.core.keyword.BuiltinKeywords.callTestCase(BuiltinKeywords.groovy:310)&#xa;	at jdk.internal.reflect.GeneratedMethodAccessor29.invoke(Unknown Source)&#xa;	at java.base/jdk.internal.reflect.DelegatingMethodAccessorImpl.invoke(DelegatingMethodAccessorImpl.java:43)&#xa;	at Complete Education Partner Profile.run(Complete Education Partner Profile:226)&#xa;	at com.kms.katalon.core.main.ScriptEngine.run(ScriptEngine.java:194)&#xa;	at com.kms.katalon.core.main.ScriptEngine.runScriptAsRawText(ScriptEngine.java:119)&#xa;	at com.kms.katalon.core.main.TestCaseExecutor.runScript(TestCaseExecutor.java:448)&#xa;	at com.kms.katalon.core.main.TestCaseExecutor.doExecute(TestCaseExecutor.java:439)&#xa;	at com.kms.katalon.core.main.TestCaseExecutor.processExecutionPhase(TestCaseExecutor.java:418)&#xa;	at com.kms.katalon.core.main.TestCaseExecutor.accessMainPhase(TestCaseExecutor.java:410)&#xa;	at com.kms.katalon.core.main.TestCaseExecutor.execute(TestCaseExecutor.java:285)&#xa;	at com.kms.katalon.core.main.TestCaseMain.runTestCase(TestCaseMain.java:137)&#xa;	at com.kms.katalon.core.keyword.builtin.CallTestCaseKeyword$_callTestCase_closure1.doCall(CallTestCaseKeyword.groovy:59)&#xa;	... 24 more&#xa;Caused by: com.kms.katalon.core.exception.StepErrorException: Call Test Case 'Test Cases/_Functions/Perform Action' failed because of error(s)&#xa;	at com.kms.katalon.core.keyword.builtin.CallTestCaseKeyword$_callTestCase_closure1.doCall(CallTestCaseKeyword.groovy:66)&#xa;	at com.kms.katalon.core.keyword.builtin.CallTestCaseKeyword$_callTestCase_closure1.call(CallTestCaseKeyword.groovy)&#xa;	at com.kms.katalon.core.keyword.internal.KeywordMain.runKeyword(KeywordMain.groovy:75)&#xa;	at com.kms.katalon.core.keyword.builtin.CallTestCaseKeyword.callTestCase(CallTestCaseKeyword.groovy:81)&#xa;	at com.kms.katalon.core.keyword.builtin.CallTestCaseKeyword.execute(CallTestCaseKeyword.groovy:44)&#xa;	at com.kms.katalon.core.keyword.internal.KeywordExecutor.executeKeywordForPlatform(KeywordExecutor.groovy:74)&#xa;	at com.kms.katalon.core.keyword.BuiltinKeywords.callTestCase(BuiltinKeywords.groovy:310)&#xa;	at jdk.internal.reflect.GeneratedMethodAccessor29.invoke(Unknown Source)&#xa;	at java.base/jdk.internal.reflect.DelegatingMethodAccessorImpl.invoke(DelegatingMethodAccessorImpl.java:43)&#xa;	at Set Admin Info.run(Set Admin Info:81)&#xa;	at com.kms.katalon.core.main.ScriptEngine.run(ScriptEngine.java:194)&#xa;	at com.kms.katalon.core.main.ScriptEngine.runScriptAsRawText(ScriptEngine.java:119)&#xa;	at com.kms.katalon.core.main.TestCaseExecutor.runScript(TestCaseExecutor.java:448)&#xa;	at com.kms.katalon.core.main.TestCaseExecutor.doExecute(TestCaseExecutor.java:439)&#xa;	at com.kms.katalon.core.main.TestCaseExecutor.processExecutionPhase(TestCaseExecutor.java:418)&#xa;	at com.kms.katalon.core.main.TestCaseExecutor.accessMainPhase(TestCaseExecutor.java:410)&#xa;	at com.kms.katalon.core.main.TestCaseExecutor.execute(TestCaseExecutor.java:285)&#xa;	at com.kms.katalon.core.main.TestCaseMain.runTestCase(TestCaseMain.java:137)&#xa;	at com.kms.katalon.core.keyword.builtin.CallTestCaseKeyword$_callTestCase_closure1.doCall(CallTestCaseKeyword.groovy:59)&#xa;	... 42 more&#xa;Caused by: com.kms.katalon.core.webui.exception.WebElementNotFoundException: Web element with id: 'Object Repository/Education Partner Profile/Tabs/a_Admin Info' located by '//a[@id='ui-id-7']' not found&#xa;	at com.kms.katalon.core.webui.common.WebUiCommonHelper.findWebElement(WebUiCommonHelper.java:1423)&#xa;	at Perform Action.run(Perform Action:32)&#xa;	at com.kms.katalon.core.main.ScriptEngine.run(ScriptEngine.java:194)&#xa;	at com.kms.katalon.core.main.ScriptEngine.runScriptAsRawText(ScriptEngine.java:119)&#xa;	at com.kms.katalon.core.main.TestCaseExecutor.runScript(TestCaseExecutor.java:448)&#xa;	at com.kms.katalon.core.main.TestCaseExecutor.doExecute(TestCaseExecutor.java:439)&#xa;	at com.kms.katalon.core.main.TestCaseExecutor.processExecutionPhase(TestCaseExecutor.java:418)&#xa;	at com.kms.katalon.core.main.TestCaseExecutor.accessMainPhase(TestCaseExecutor.java:410)&#xa;	at com.kms.katalon.core.main.TestCaseExecutor.execute(TestCaseExecutor.java:285)&#xa;	at com.kms.katalon.core.main.TestCaseMain.runTestCase(TestCaseMain.java:137)&#xa;	at com.kms.katalon.core.keyword.builtin.CallTestCaseKeyword$_callTestCase_closure1.doCall(CallTestCaseKeyword.groovy:59)&#xa;	... 60 more&#xa;"/>
         <system-out><![CDATA[27-02-2025T17:25:14 - [TEST_CASE][ERROR] - Test Cases/Education Partner Profile/Register Education Partner: Test Cases/Education Partner Profile/Register Education Partner FAILED.
Reason:
com.kms.katalon.core.exception.StepErrorException: Call Test Case 'Test Cases/Education Partner Profile/Complete Education Partner Profile' failed because of error(s)
	at com.kms.katalon.core.keyword.builtin.CallTestCaseKeyword$_callTestCase_closure1.doCall(CallTestCaseKeyword.groovy:66)
	at com.kms.katalon.core.keyword.builtin.CallTestCaseKeyword$_callTestCase_closure1.call(CallTestCaseKeyword.groovy)
	at com.kms.katalon.core.keyword.internal.KeywordMain.runKeyword(KeywordMain.groovy:75)
	at com.kms.katalon.core.keyword.builtin.CallTestCaseKeyword.callTestCase(CallTestCaseKeyword.groovy:81)
	at com.kms.katalon.core.keyword.builtin.CallTestCaseKeyword.execute(CallTestCaseKeyword.groovy:44)
	at com.kms.katalon.core.keyword.internal.KeywordExecutor.executeKeywordForPlatform(KeywordExecutor.groovy:74)
	at com.kms.katalon.core.keyword.BuiltinKeywords.callTestCase(BuiltinKeywords.groovy:310)
	at jdk.internal.reflect.GeneratedMethodAccessor29.invoke(Unknown Source)
	at java.base/jdk.internal.reflect.DelegatingMethodAccessorImpl.invoke(DelegatingMethodAccessorImpl.java:43)
	at Register Education Partner.run(Register Education Partner:403)
	at com.kms.katalon.core.main.ScriptEngine.run(ScriptEngine.java:194)
	at com.kms.katalon.core.main.ScriptEngine.runScriptAsRawText(ScriptEngine.java:119)
	at com.kms.katalon.core.main.TestCaseExecutor.runScript(TestCaseExecutor.java:448)
	at com.kms.katalon.core.main.TestCaseExecutor.doExecute(TestCaseExecutor.java:439)
	at com.kms.katalon.core.main.TestCaseExecutor.processExecutionPhase(TestCaseExecutor.java:418)
	at com.kms.katalon.core.main.TestCaseExecutor.accessMainPhase(TestCaseExecutor.java:410)
	at com.kms.katalon.core.main.TestCaseExecutor.execute(TestCaseExecutor.java:285)
	at com.kms.katalon.core.common.CommonExecutor.accessTestCaseMainPhase(CommonExecutor.java:65)
	at com.kms.katalon.core.main.TestSuiteExecutor.accessTestSuiteMainPhase(TestSuiteExecutor.java:150)
	at com.kms.katalon.core.main.TestSuiteExecutor.execute(TestSuiteExecutor.java:106)
	at com.kms.katalon.core.main.TestCaseMain.startTestSuite(TestCaseMain.java:180)
	at TempTestSuite1740698292669.run(TempTestSuite1740698292669.groovy:35)
	at java.base/jdk.internal.reflect.NativeMethodAccessorImpl.invoke0(Native Method)
	at java.base/jdk.internal.reflect.NativeMethodAccessorImpl.invoke(NativeMethodAccessorImpl.java:77)
	at java.base/jdk.internal.reflect.DelegatingMethodAccessorImpl.invoke(DelegatingMethodAccessorImpl.java:43)
Caused by: com.kms.katalon.core.exception.StepErrorException: Call Test Case 'Test Cases/Education Partner Profile/Tabs/Set Admin Info' failed because of error(s)
	at com.kms.katalon.core.keyword.builtin.CallTestCaseKeyword$_callTestCase_closure1.doCall(CallTestCaseKeyword.groovy:66)
	at com.kms.katalon.core.keyword.builtin.CallTestCaseKeyword$_callTestCase_closure1.call(CallTestCaseKeyword.groovy)
	at com.kms.katalon.core.keyword.internal.KeywordMain.runKeyword(KeywordMain.groovy:75)
	at com.kms.katalon.core.keyword.builtin.CallTestCaseKeyword.callTestCase(CallTestCaseKeyword.groovy:81)
	at com.kms.katalon.core.keyword.builtin.CallTestCaseKeyword.execute(CallTestCaseKeyword.groovy:44)
	at com.kms.katalon.core.keyword.internal.KeywordExecutor.executeKeywordForPlatform(KeywordExecutor.groovy:74)
	at com.kms.katalon.core.keyword.BuiltinKeywords.callTestCase(BuiltinKeywords.groovy:310)
	at jdk.internal.reflect.GeneratedMethodAccessor29.invoke(Unknown Source)
	at java.base/jdk.internal.reflect.DelegatingMethodAccessorImpl.invoke(DelegatingMethodAccessorImpl.java:43)
	at Complete Education Partner Profile.run(Complete Education Partner Profile:226)
	at com.kms.katalon.core.main.ScriptEngine.run(ScriptEngine.java:194)
	at com.kms.katalon.core.main.ScriptEngine.runScriptAsRawText(ScriptEngine.java:119)
	at com.kms.katalon.core.main.TestCaseExecutor.runScript(TestCaseExecutor.java:448)
	at com.kms.katalon.core.main.TestCaseExecutor.doExecute(TestCaseExecutor.java:439)
	at com.kms.katalon.core.main.TestCaseExecutor.processExecutionPhase(TestCaseExecutor.java:418)
	at com.kms.katalon.core.main.TestCaseExecutor.accessMainPhase(TestCaseExecutor.java:410)
	at com.kms.katalon.core.main.TestCaseExecutor.execute(TestCaseExecutor.java:285)
	at com.kms.katalon.core.main.TestCaseMain.runTestCase(TestCaseMain.java:137)
	at com.kms.katalon.core.keyword.builtin.CallTestCaseKeyword$_callTestCase_closure1.doCall(CallTestCaseKeyword.groovy:59)
	... 24 more
Caused by: com.kms.katalon.core.exception.StepErrorException: Call Test Case 'Test Cases/_Functions/Perform Action' failed because of error(s)
	at com.kms.katalon.core.keyword.builtin.CallTestCaseKeyword$_callTestCase_closure1.doCall(CallTestCaseKeyword.groovy:66)
	at com.kms.katalon.core.keyword.builtin.CallTestCaseKeyword$_callTestCase_closure1.call(CallTestCaseKeyword.groovy)
	at com.kms.katalon.core.keyword.internal.KeywordMain.runKeyword(KeywordMain.groovy:75)
	at com.kms.katalon.core.keyword.builtin.CallTestCaseKeyword.callTestCase(CallTestCaseKeyword.groovy:81)
	at com.kms.katalon.core.keyword.builtin.CallTestCaseKeyword.execute(CallTestCaseKeyword.groovy:44)
	at com.kms.katalon.core.keyword.internal.KeywordExecutor.executeKeywordForPlatform(KeywordExecutor.groovy:74)
	at com.kms.katalon.core.keyword.BuiltinKeywords.callTestCase(BuiltinKeywords.groovy:310)
	at jdk.internal.reflect.GeneratedMethodAccessor29.invoke(Unknown Source)
	at java.base/jdk.internal.reflect.DelegatingMethodAccessorImpl.invoke(DelegatingMethodAccessorImpl.java:43)
	at Set Admin Info.run(Set Admin Info:81)
	at com.kms.katalon.core.main.ScriptEngine.run(ScriptEngine.java:194)
	at com.kms.katalon.core.main.ScriptEngine.runScriptAsRawText(ScriptEngine.java:119)
	at com.kms.katalon.core.main.TestCaseExecutor.runScript(TestCaseExecutor.java:448)
	at com.kms.katalon.core.main.TestCaseExecutor.doExecute(TestCaseExecutor.java:439)
	at com.kms.katalon.core.main.TestCaseExecutor.processExecutionPhase(TestCaseExecutor.java:418)
	at com.kms.katalon.core.main.TestCaseExecutor.accessMainPhase(TestCaseExecutor.java:410)
	at com.kms.katalon.core.main.TestCaseExecutor.execute(TestCaseExecutor.java:285)
	at com.kms.katalon.core.main.TestCaseMain.runTestCase(TestCaseMain.java:137)
	at com.kms.katalon.core.keyword.builtin.CallTestCaseKeyword$_callTestCase_closure1.doCall(CallTestCaseKeyword.groovy:59)
	... 42 more
Caused by: com.kms.katalon.core.webui.exception.WebElementNotFoundException: Web element with id: 'Object Repository/Education Partner Profile/Tabs/a_Admin Info' located by '//a[@id='ui-id-7']' not found
	at com.kms.katalon.core.webui.common.WebUiCommonHelper.findWebElement(WebUiCommonHelper.java:1423)
	at Perform Action.run(Perform Action:32)
	at com.kms.katalon.core.main.ScriptEngine.run(ScriptEngine.java:194)
	at com.kms.katalon.core.main.ScriptEngine.runScriptAsRawText(ScriptEngine.java:119)
	at com.kms.katalon.core.main.TestCaseExecutor.runScript(TestCaseExecutor.java:448)
	at com.kms.katalon.core.main.TestCaseExecutor.doExecute(TestCaseExecutor.java:439)
	at com.kms.katalon.core.main.TestCaseExecutor.processExecutionPhase(TestCaseExecutor.java:418)
	at com.kms.katalon.core.main.TestCaseExecutor.accessMainPhase(TestCaseExecutor.java:410)
	at com.kms.katalon.core.main.TestCaseExecutor.execute(TestCaseExecutor.java:285)
	at com.kms.katalon.core.main.TestCaseMain.runTestCase(TestCaseMain.java:137)
	at com.kms.katalon.core.keyword.builtin.CallTestCaseKeyword$_callTestCase_closure1.doCall(CallTestCaseKeyword.groovy:59)
	... 60 more


27-02-2025T17:25:15 - [TEST_STEP][PASSED] - username = username: null

27-02-2025T17:25:15 - [TEST_STEP][PASSED] - if (username != "cktest06ep"): null

27-02-2025T17:25:15 - [TEST_STEP][PASSED] - registerOnly = false: null

27-02-2025T17:25:15 - [TEST_STEP][PASSED] - domain = domain: null

27-02-2025T17:25:15 - [TEST_STEP][PASSED] - username = username: null

27-02-2025T17:25:15 - [TEST_STEP][PASSED] - url = "https://education." + domain + "/signup/organization": null

27-02-2025T17:25:15 - [TEST_STEP][PASSED] - outFile = new java.io.File(((/Users/cckozie/Documents/MissionNext/Test Reports/Test Register Education Partner on  + domain) + .txt)): null

27-02-2025T17:25:15 - [TEST_STEP][PASSED] - outFile = outFile: null

27-02-2025T17:25:15 - [TEST_STEP][PASSED] - outFile.write("Testing Register Education Partner on " + domain + ".
"): null

27-02-2025T17:25:15 - [TEST_STEP][PASSED] - tooltipImagePath = "/Users/cckozie/git/MissionNext-Katalon-Koz/images/education partner/": null

27-02-2025T17:25:15 - [TEST_STEP][PASSED] - testObjectFolder = "Education Partner Profile/Register/": null

27-02-2025T17:25:15 - [TEST_STEP][PASSED] - tooltips = ["dummy":"dummy", "Username":"img_Username_field-tooltip", "Password":"img_Password_field-tooltip", "Key Contact Email":"img_Key Contact Email_field-tooltip", ... ]: null

27-02-2025T17:25:15 - [TEST_STEP][PASSED] - tooltipText = ["Username":"Must be unique; at least 6 characters; contain only lowercase letters; allowable characters: numbers, @, dash, underscore or period, and can be an email address.", "Password":"The password should be at least twelve characters long; should include numbers, letters, capitals; may have special characters (@, #, *, spaces, etc.) and may include a passphrase.", ... ]: null

27-02-2025T17:25:15 - [TEST_STEP][PASSED] - pageLinks = ["Affiliated Organizations":"Affiliated Organizations", "countries by region":"Countries by Region", "Partnership Agreement":"Partnership Agreement", ... ]: null

27-02-2025T17:25:15 - [TEST_STEP][PASSED] - requiredFieldMsgs = ["Username":"Username must be unique; at least 6 characters; contain only lowercase letters; allowable characters: numbers, @, dash, underscore or period, and can be an email address.", "Password":"The password should be at least twelve characters long; should include numbers, letters, capitals; may have special characters (@, #, *, spaces, etc.) and may include a passphrase.", ... ]: null

27-02-2025T17:25:15 - [TEST_STEP][PASSED] - callTestCase(findTestCase("Admin/Delete User"), ["varUsername":username], STOP_ON_FAILURE): Call Test Case 'Test Cases/Admin/Delete User' successfully

27-02-2025T17:25:15 - [TEST_CASE][PASSED] - Test Cases/Admin/Delete User: Test Cases/Admin/Delete User

27-02-2025T17:25:15 - [TEST_STEP][PASSED] - if (binding.hasVariable("varUsername")): null

27-02-2025T17:25:15 - [TEST_STEP][PASSED] - username = varUsername: null

27-02-2025T17:25:15 - [TEST_STEP][PASSED] - writeFile = false: null

27-02-2025T17:25:15 - [TEST_STEP][PASSED] - println("outFile is " + outFile): null

27-02-2025T17:25:15 - [TEST_STEP][PASSED] - if (outFile != ""): null

27-02-2025T17:25:15 - [TEST_STEP][PASSED] - myFile = outFile: null

27-02-2025T17:25:15 - [TEST_STEP][PASSED] - println(myFile): null

27-02-2025T17:25:15 - [TEST_STEP][PASSED] - outFile = new java.io.File(myFile): null

27-02-2025T17:25:15 - [TEST_STEP][PASSED] - writeFile = true: null

27-02-2025T17:25:15 - [TEST_STEP][PASSED] - domain = domain: null

27-02-2025T17:25:15 - [TEST_STEP][PASSED] - url = "https://ad." + domain: null

27-02-2025T17:25:15 - [TEST_STEP][PASSED] - openBrowser(""): Browser is opened with url: ''

27-02-2025T17:25:15 - [MESSAGE][INFO] - Starting 'Chrome' driver

27-02-2025T17:25:15 - [MESSAGE][INFO] - Action delay is set to 0 milliseconds

27-02-2025T17:25:16 - [MESSAGE][PASSED] - Browser is opened with url: ''

27-02-2025T17:25:16 - [TEST_STEP][PASSED] - navigateToUrl(url): Navigate to 'https://ad.missionnext.org' successfully

27-02-2025T17:25:16 - [MESSAGE][PASSED] - Navigate to 'https://ad.missionnext.org' successfully

27-02-2025T17:25:16 - [TEST_STEP][PASSED] - setText(findTestObject("Admin/Ad Login/input_Username"), "chriskosieracki"): Text 'chriskosieracki' is set on object 'Object Repository/Admin/Ad Login/input_Username'

27-02-2025T17:25:16 - [MESSAGE][PASSED] - Text 'chriskosieracki' is set on object 'Object Repository/Admin/Ad Login/input_Username'

27-02-2025T17:25:16 - [TEST_STEP][PASSED] - setEncryptedText(findTestObject("Admin/Ad Login/input_Password"), "fAJOXt1JExHva3VUYg96Og=="): Text ****** has been set on object 'Object Repository/Admin/Ad Login/input_Password'

27-02-2025T17:25:16 - [MESSAGE][PASSED] - Text ****** has been set on object 'Object Repository/Admin/Ad Login/input_Password'

27-02-2025T17:25:16 - [TEST_STEP][PASSED] - click(findTestObject("Admin/Ad Login/btn_Submit")): Object: 'Object Repository/Admin/Ad Login/btn_Submit' is clicked on

27-02-2025T17:25:17 - [MESSAGE][PASSED] - Object: 'Object Repository/Admin/Ad Login/btn_Submit' is clicked on

27-02-2025T17:25:17 - [TEST_STEP][PASSED] - click(findTestObject("Admin/Ad Main/a_User Information  Administration")): Object: 'Object Repository/Admin/Ad Main/a_User Information  Administration' is clicked on

27-02-2025T17:25:18 - [MESSAGE][PASSED] - Object: 'Object Repository/Admin/Ad Main/a_User Information  Administration' is clicked on

27-02-2025T17:25:18 - [TEST_STEP][PASSED] - setText(findTestObject("Admin/Ad User Viewer Utility/input_Find account by Username"), username): Text 'cktest06ep' is set on object 'Object Repository/Admin/Ad User Viewer Utility/input_Find account by Username'

27-02-2025T17:25:18 - [MESSAGE][PASSED] - Text 'cktest06ep' is set on object 'Object Repository/Admin/Ad User Viewer Utility/input_Find account by Username'

27-02-2025T17:25:18 - [TEST_STEP][PASSED] - delay(1): Delayed 1 second(s)

27-02-2025T17:25:19 - [MESSAGE][PASSED] - Delayed 1 second(s)

27-02-2025T17:25:19 - [TEST_STEP][PASSED] - click(findTestObject("Admin/Ad User Viewer Utility/input_Find account by Username_beginning")): Object: 'Object Repository/Admin/Ad User Viewer Utility/input_Find account by Username_beginning' is clicked on

27-02-2025T17:25:19 - [MESSAGE][PASSED] - Object: 'Object Repository/Admin/Ad User Viewer Utility/input_Find account by Username_beginning' is clicked on

27-02-2025T17:25:19 - [TEST_STEP][PASSED] - delay(1): Delayed 1 second(s)

27-02-2025T17:25:21 - [MESSAGE][PASSED] - Delayed 1 second(s)

27-02-2025T17:25:21 - [TEST_STEP][PASSED] - driver = getWebDriver(): null

27-02-2025T17:25:21 - [TEST_STEP][PASSED] - Table = driver.findElement(By.xpath("//table[2]")): null

27-02-2025T17:25:21 - [TEST_STEP][PASSED] - Rows = Table.findElements(By.tagName("tr")): null

27-02-2025T17:25:21 - [TEST_STEP][PASSED] - row_count = Rows.size(): null

27-02-2025T17:25:21 - [TEST_STEP][PASSED] - found = false: null

27-02-2025T17:25:21 - [TEST_STEP][PASSED] - if (row_count > 0): null

27-02-2025T17:25:21 - [TEST_STEP][PASSED] - for ([row = 1, row < row_count, (row++)]): null

27-02-2025T17:25:21 - [TEST_STEP][PASSED] - Columns = get(row).findElements(By.tagName("td")): null

27-02-2025T17:25:21 - [TEST_STEP][PASSED] - user = get(2).getText(): null

27-02-2025T17:25:21 - [TEST_STEP][PASSED] - if (user.indexOf(username) >= 0): null

27-02-2025T17:25:21 - [TEST_STEP][PASSED] - found = true: null

27-02-2025T17:25:21 - [TEST_STEP][PASSED] - outText = "User " + username + " was found. Attempting to delete.": null

27-02-2025T17:25:21 - [TEST_STEP][PASSED] - println("=====> " + outText): null

27-02-2025T17:25:21 - [TEST_STEP][PASSED] - if (writeFile): null

27-02-2025T17:25:21 - [TEST_STEP][PASSED] - outFile.append(outText + "
"): null

27-02-2025T17:25:21 - [TEST_STEP][PASSED] - link = get(0).findElement(By.tagName("a")): null

27-02-2025T17:25:21 - [TEST_STEP][PASSED] - link.click(): null

27-02-2025T17:25:22 - [TEST_STEP][PASSED] - delay(2): Delayed 2 second(s)

27-02-2025T17:25:24 - [MESSAGE][PASSED] - Delayed 2 second(s)

27-02-2025T17:25:24 - [TEST_STEP][PASSED] - break: null

27-02-2025T17:25:24 - [TEST_STEP][PASSED] - if (found): null

27-02-2025T17:25:24 - [TEST_STEP][PASSED] - delay(1): Delayed 1 second(s)

27-02-2025T17:25:25 - [MESSAGE][PASSED] - Delayed 1 second(s)

27-02-2025T17:25:25 - [TEST_STEP][PASSED] - waitForPageLoad(10): Wait for page load successfully

27-02-2025T17:25:25 - [MESSAGE][PASSED] - Wait for page load successfully

27-02-2025T17:25:25 - [TEST_STEP][PASSED] - deletedUser = getText(findTestObject("Object Repository/Admin/Ad User Viewer Utility/p_The missionnext Candidate account username")): Text of object 'Object Repository/Admin/Ad User Viewer Utility/p_The missionnext Candidate account username' is: 'The missionnext Organization account username is cktest06ep'

27-02-2025T17:25:25 - [MESSAGE][PASSED] - Text of object 'Object Repository/Admin/Ad User Viewer Utility/p_The missionnext Candidate account username' is: 'The missionnext Organization account username is cktest06ep'

27-02-2025T17:25:25 - [TEST_STEP][PASSED] - if (deletedUser.indexOf(username) >= 0): null

27-02-2025T17:25:25 - [TEST_STEP][PASSED] - outText = "User " + username + " was successfully deleted.": null

27-02-2025T17:25:25 - [TEST_STEP][PASSED] - println(outText): null

27-02-2025T17:25:25 - [TEST_STEP][PASSED] - outFile.append(outText + "
"): null

27-02-2025T17:25:25 - [TEST_STEP][PASSED] - closeBrowser(): Browser is closed

27-02-2025T17:25:25 - [MESSAGE][PASSED] - Browser is closed

27-02-2025T17:25:25 - [MESSAGE][PASSED] - Call Test Case 'Test Cases/Admin/Delete User' successfully

27-02-2025T17:25:25 - [TEST_STEP][PASSED] - if (!(fastPath)): null

27-02-2025T17:25:25 - [TEST_STEP][PASSED] - file = new java.io.File(/Applications/Microsoft Outlook.app): null

27-02-2025T17:25:25 - [TEST_STEP][PASSED] - getDesktop().open(file): null

27-02-2025T17:25:25 - [TEST_STEP][PASSED] - callTestCase(findTestCase("_Functions/Delete Emails"), [:], STOP_ON_FAILURE): Call Test Case 'Test Cases/_Functions/Delete Emails' successfully

27-02-2025T17:25:25 - [TEST_CASE][PASSED] - Test Cases/_Functions/Delete Emails: Test Cases/_Functions/Delete Emails

27-02-2025T17:25:25 - [TEST_STEP][PASSED] - writeFile = false: null

27-02-2025T17:25:25 - [TEST_STEP][PASSED] - if (outFile != ""): null

27-02-2025T17:25:25 - [TEST_STEP][PASSED] - myFile = outFile: null

27-02-2025T17:25:25 - [TEST_STEP][PASSED] - println(myFile): null

27-02-2025T17:25:25 - [TEST_STEP][PASSED] - outFile = new java.io.File(myFile): null

27-02-2025T17:25:25 - [TEST_STEP][PASSED] - writeFile = true: null

27-02-2025T17:25:25 - [TEST_STEP][PASSED] - outText = "Deleting all emails in the inbox": null

27-02-2025T17:25:25 - [TEST_STEP][PASSED] - println(outText): null

27-02-2025T17:25:25 - [TEST_STEP][PASSED] - if (writeFile): null

27-02-2025T17:25:25 - [TEST_STEP][PASSED] - outFile.append(outText + "
"): null

27-02-2025T17:25:25 - [TEST_STEP][PASSED] - host = "pop.gmail.com": null

27-02-2025T17:25:25 - [TEST_STEP][PASSED] - mailStoreType = "pop3": null

27-02-2025T17:25:25 - [TEST_STEP][PASSED] - username = "cktest01mn@gmail.com": null

27-02-2025T17:25:25 - [TEST_STEP][PASSED] - password = "sfesezftmpqxbbbd": null

27-02-2025T17:25:25 - [TEST_STEP][PASSED] - properties = new java.util.Properties(): null

27-02-2025T17:25:25 - [TEST_STEP][PASSED] - properties.put("mail.pop3.host", host): null

27-02-2025T17:25:25 - [TEST_STEP][PASSED] - properties.put("mail.pop3.port", "995"): null

27-02-2025T17:25:25 - [TEST_STEP][PASSED] - properties.put("mail.pop3.starttls.enable", "true"): null

27-02-2025T17:25:25 - [TEST_STEP][PASSED] - emailSession = Session.getDefaultInstance(properties): null

27-02-2025T17:25:25 - [TEST_STEP][PASSED] - store = emailSession.getStore("pop3s"): null

27-02-2025T17:25:25 - [TEST_STEP][PASSED] - store.connect(host, username, password): null

27-02-2025T17:25:26 - [TEST_STEP][PASSED] - emailFolder = <not implemented yet for class: org.codehaus.groovy.ast.expr.EmptyExpression>: null

27-02-2025T17:25:26 - [TEST_STEP][PASSED] - messages = []: null

27-02-2025T17:25:26 - [TEST_STEP][PASSED] - emailFolder = store.getFolder("INBOX"): null

27-02-2025T17:25:26 - [TEST_STEP][PASSED] - emailFolder.open(READ_ONLY): null

27-02-2025T17:25:26 - [TEST_STEP][PASSED] - messages = emailFolder.getMessages(): null

27-02-2025T17:25:26 - [TEST_STEP][PASSED] - if (length > 0): null

27-02-2025T17:25:26 - [TEST_STEP][PASSED] - else: null

27-02-2025T17:25:26 - [TEST_STEP][PASSED] - outText = "No emails were found in the inbox": null

27-02-2025T17:25:26 - [TEST_STEP][PASSED] - println(outText): null

27-02-2025T17:25:26 - [TEST_STEP][PASSED] - if (writeFile): null

27-02-2025T17:25:26 - [TEST_STEP][PASSED] - outFile.append(outText + "
"): null

27-02-2025T17:25:26 - [TEST_STEP][PASSED] - emailFolder.close(false): null

27-02-2025T17:25:27 - [TEST_STEP][PASSED] - store.close(): null

27-02-2025T17:25:27 - [MESSAGE][PASSED] - Call Test Case 'Test Cases/_Functions/Delete Emails' successfully

27-02-2025T17:25:27 - [TEST_STEP][PASSED] - openBrowser(url): Browser is opened with url: 'https://education.missionnext.org/signup/organization'

27-02-2025T17:25:27 - [MESSAGE][INFO] - Starting 'Chrome' driver

27-02-2025T17:25:27 - [MESSAGE][INFO] - Action delay is set to 0 milliseconds

27-02-2025T17:25:32 - [MESSAGE][PASSED] - Browser is opened with url: 'https://education.missionnext.org/signup/organization'

27-02-2025T17:25:32 - [TEST_STEP][PASSED] - maximizeWindow(): Current window maximized

27-02-2025T17:25:33 - [MESSAGE][PASSED] - Current window maximized

27-02-2025T17:25:33 - [TEST_STEP][PASSED] - navigateToUrl(url): Navigate to 'https://education.missionnext.org/signup/organization' successfully

27-02-2025T17:25:34 - [MESSAGE][PASSED] - Navigate to 'https://education.missionnext.org/signup/organization' successfully

27-02-2025T17:25:34 - [TEST_STEP][PASSED] - waitForPageLoad(10): Wait for page load successfully

27-02-2025T17:25:34 - [MESSAGE][PASSED] - Wait for page load successfully

27-02-2025T17:25:34 - [TEST_STEP][PASSED] - tooltipTextMap = callTestCase(findTestCase("_Functions/Get Screenshot and Tooltip Text"), ["varExtension":"Register"], STOP_ON_FAILURE): Call Test Case 'Test Cases/_Functions/Get Screenshot and Tooltip Text' successfully

27-02-2025T17:25:34 - [TEST_CASE][PASSED] - Test Cases/_Functions/Get Screenshot and Tooltip Text: Test Cases/_Functions/Get Screenshot and Tooltip Text

27-02-2025T17:25:34 - [TEST_STEP][PASSED] - if (fastPath): null

27-02-2025T17:25:34 - [TEST_STEP][PASSED] - frame = new javax.swing.JFrame(): null

27-02-2025T17:25:35 - [TEST_STEP][PASSED] - p = new javax.swing.JPanel(): null

27-02-2025T17:25:35 - [TEST_STEP][PASSED] - l = new javax.swing.JLabel(Getting screenshot and tooltip text..., javax.swing.SwingConstants.CENTER): null

27-02-2025T17:25:35 - [TEST_STEP][PASSED] - frame.add(l): null

27-02-2025T17:25:35 - [TEST_STEP][PASSED] - frame.setSize(300, 100): null

27-02-2025T17:25:35 - [TEST_STEP][PASSED] - frame.setLocation(600, 0): null

27-02-2025T17:25:35 - [TEST_STEP][PASSED] - frame.setAlwaysOnTop(true): null

27-02-2025T17:25:35 - [TEST_STEP][PASSED] - frame.show(): null

27-02-2025T17:25:35 - [TEST_STEP][PASSED] - driver = getWebDriver(): null

27-02-2025T17:25:35 - [TEST_STEP][PASSED] - path = "/Users/cckozie/Documents/MissionNext/Screenshots and Tooltip Text/": null

27-02-2025T17:25:35 - [TEST_STEP][PASSED] - if (binding.hasVariable("varExtension")): null

27-02-2025T17:25:35 - [TEST_STEP][PASSED] - extension = varExtension: null

27-02-2025T17:25:35 - [TEST_STEP][PASSED] - println("Extension is " + extension): null

27-02-2025T17:25:35 - [TEST_STEP][PASSED] - fileBase = path + extension: null

27-02-2025T17:25:35 - [TEST_STEP][PASSED] - fileImage = fileBase + "_Screenshot.png": null

27-02-2025T17:25:35 - [TEST_STEP][PASSED] - waitForPageLoad(30): Wait for page load successfully

27-02-2025T17:25:35 - [MESSAGE][PASSED] - Wait for page load successfully

27-02-2025T17:25:35 - [TEST_STEP][PASSED] - spinner = driver.findElement(By.xpath("/html/body/div[1]/div/div[2]")): null

27-02-2025T17:25:35 - [TEST_STEP][PASSED] - executor = driver: null

27-02-2025T17:25:35 - [TEST_STEP][PASSED] - elementAttributes = executor.executeScript("var items = {}; for (index = 0; index < arguments[0].attributes.length; ++index) { items[arguments[0].attributes[index].name] = arguments[0].attributes[index].value }; return items;", spinner): null

27-02-2025T17:25:35 - [TEST_STEP][PASSED] - attrs = elementAttributes.toString(): null

27-02-2025T17:25:35 - [TEST_STEP][PASSED] - waits = 0: null

27-02-2025T17:25:35 - [TEST_STEP][PASSED] - while (attrs.indexOf("display: none") < 0 && waits < 2): null

27-02-2025T17:25:35 - [TEST_STEP][PASSED] - delay(1): Delayed 1 second(s)

27-02-2025T17:25:36 - [MESSAGE][PASSED] - Delayed 1 second(s)

27-02-2025T17:25:36 - [TEST_STEP][PASSED] - attrs = elementAttributes.toString(): null

27-02-2025T17:25:36 - [TEST_STEP][PASSED] - (waits++): null

27-02-2025T17:25:36 - [TEST_STEP][PASSED] - delay(1): Delayed 1 second(s)

27-02-2025T17:25:37 - [MESSAGE][PASSED] - Delayed 1 second(s)

27-02-2025T17:25:37 - [TEST_STEP][PASSED] - attrs = elementAttributes.toString(): null

27-02-2025T17:25:37 - [TEST_STEP][PASSED] - (waits++): null

27-02-2025T17:25:37 - [TEST_STEP][PASSED] - tooltipMap = callTestCase(findTestCase("_Functions/Get Tooltip Text"), [:], STOP_ON_FAILURE): Call Test Case 'Test Cases/_Functions/Get Tooltip Text' successfully

27-02-2025T17:25:37 - [TEST_CASE][PASSED] - Test Cases/_Functions/Get Tooltip Text: Test Cases/_Functions/Get Tooltip Text

27-02-2025T17:25:37 - [TEST_STEP][PASSED] - fieldTooltips = [:]: null

27-02-2025T17:25:37 - [TEST_STEP][PASSED] - tooltipMap = [:]: null

27-02-2025T17:25:37 - [TEST_STEP][PASSED] - driver = getWebDriver(): null

27-02-2025T17:25:37 - [TEST_STEP][PASSED] - tooltips = driver.findElements(By.className("field-tooltip")): null

27-02-2025T17:25:37 - [TEST_STEP][PASSED] - for (def it : tooltips): null

27-02-2025T17:25:37 - [TEST_STEP][PASSED] - if (it.isDisplayed()): null

27-02-2025T17:25:37 - [TEST_STEP][PASSED] - ttText = it.getAttribute("data-original-title"): null

27-02-2025T17:25:37 - [TEST_STEP][PASSED] - ttLocation = it.getLocation(): null

27-02-2025T17:25:37 - [TEST_STEP][PASSED] - yLocation = ttLocation.getY(): null

27-02-2025T17:25:37 - [TEST_STEP][PASSED] - xLocation = ttLocation.getX(): null

27-02-2025T17:25:37 - [TEST_STEP][PASSED] - fieldTooltips.put(ttText, yLocation): null

27-02-2025T17:25:37 - [TEST_STEP][PASSED] - if (it.isDisplayed()): null

27-02-2025T17:25:37 - [TEST_STEP][PASSED] - ttText = it.getAttribute("data-original-title"): null

27-02-2025T17:25:37 - [TEST_STEP][PASSED] - ttLocation = it.getLocation(): null

27-02-2025T17:25:37 - [TEST_STEP][PASSED] - yLocation = ttLocation.getY(): null

27-02-2025T17:25:37 - [TEST_STEP][PASSED] - xLocation = ttLocation.getX(): null

27-02-2025T17:25:37 - [TEST_STEP][PASSED] - fieldTooltips.put(ttText, yLocation): null

27-02-2025T17:25:37 - [TEST_STEP][PASSED] - if (it.isDisplayed()): null

27-02-2025T17:25:37 - [TEST_STEP][PASSED] - ttText = it.getAttribute("data-original-title"): null

27-02-2025T17:25:37 - [TEST_STEP][PASSED] - ttLocation = it.getLocation(): null

27-02-2025T17:25:37 - [TEST_STEP][PASSED] - yLocation = ttLocation.getY(): null

27-02-2025T17:25:37 - [TEST_STEP][PASSED] - xLocation = ttLocation.getX(): null

27-02-2025T17:25:37 - [TEST_STEP][PASSED] - fieldTooltips.put(ttText, yLocation): null

27-02-2025T17:25:37 - [TEST_STEP][PASSED] - if (it.isDisplayed()): null

27-02-2025T17:25:37 - [TEST_STEP][PASSED] - ttText = it.getAttribute("data-original-title"): null

27-02-2025T17:25:37 - [TEST_STEP][PASSED] - ttLocation = it.getLocation(): null

27-02-2025T17:25:37 - [TEST_STEP][PASSED] - yLocation = ttLocation.getY(): null

27-02-2025T17:25:37 - [TEST_STEP][PASSED] - xLocation = ttLocation.getX(): null

27-02-2025T17:25:37 - [TEST_STEP][PASSED] - fieldTooltips.put(ttText, yLocation): null

27-02-2025T17:25:37 - [TEST_STEP][PASSED] - if (it.isDisplayed()): null

27-02-2025T17:25:37 - [TEST_STEP][PASSED] - ttText = it.getAttribute("data-original-title"): null

27-02-2025T17:25:37 - [TEST_STEP][PASSED] - ttLocation = it.getLocation(): null

27-02-2025T17:25:37 - [TEST_STEP][PASSED] - yLocation = ttLocation.getY(): null

27-02-2025T17:25:37 - [TEST_STEP][PASSED] - xLocation = ttLocation.getX(): null

27-02-2025T17:25:37 - [TEST_STEP][PASSED] - fieldTooltips.put(ttText, yLocation): null

27-02-2025T17:25:37 - [TEST_STEP][PASSED] - if (it.isDisplayed()): null

27-02-2025T17:25:37 - [TEST_STEP][PASSED] - ttText = it.getAttribute("data-original-title"): null

27-02-2025T17:25:37 - [TEST_STEP][PASSED] - ttLocation = it.getLocation(): null

27-02-2025T17:25:37 - [TEST_STEP][PASSED] - yLocation = ttLocation.getY(): null

27-02-2025T17:25:37 - [TEST_STEP][PASSED] - xLocation = ttLocation.getX(): null

27-02-2025T17:25:37 - [TEST_STEP][PASSED] - fieldTooltips.put(ttText, yLocation): null

27-02-2025T17:25:37 - [TEST_STEP][PASSED] - if (it.isDisplayed()): null

27-02-2025T17:25:37 - [TEST_STEP][PASSED] - ttText = it.getAttribute("data-original-title"): null

27-02-2025T17:25:37 - [TEST_STEP][PASSED] - ttLocation = it.getLocation(): null

27-02-2025T17:25:37 - [TEST_STEP][PASSED] - yLocation = ttLocation.getY(): null

27-02-2025T17:25:37 - [TEST_STEP][PASSED] - xLocation = ttLocation.getX(): null

27-02-2025T17:25:37 - [TEST_STEP][PASSED] - fieldTooltips.put(ttText, yLocation): null

27-02-2025T17:25:37 - [TEST_STEP][PASSED] - if (it.isDisplayed()): null

27-02-2025T17:25:37 - [TEST_STEP][PASSED] - ttText = it.getAttribute("data-original-title"): null

27-02-2025T17:25:37 - [TEST_STEP][PASSED] - ttLocation = it.getLocation(): null

27-02-2025T17:25:37 - [TEST_STEP][PASSED] - yLocation = ttLocation.getY(): null

27-02-2025T17:25:37 - [TEST_STEP][PASSED] - xLocation = ttLocation.getX(): null

27-02-2025T17:25:37 - [TEST_STEP][PASSED] - fieldTooltips.put(ttText, yLocation): null

27-02-2025T17:25:37 - [TEST_STEP][PASSED] - if (fieldTooltips.size() > 0): null

27-02-2025T17:25:37 - [TEST_STEP][PASSED] - rightBorder = xLocation: null

27-02-2025T17:25:37 - [TEST_STEP][PASSED] - fieldLabels = [:]: null

27-02-2025T17:25:37 - [TEST_STEP][PASSED] - labels = driver.findElements(By.xpath("//label")): null

27-02-2025T17:25:37 - [TEST_STEP][PASSED] - labels.each({ -> ... }): null

27-02-2025T17:25:37 - [TEST_STEP][PASSED] - for (def label : fieldLabels): null

27-02-2025T17:25:37 - [TEST_STEP][PASSED] - y = value: null

27-02-2025T17:25:37 - [TEST_STEP][PASSED] - for (def tooltip : fieldTooltips): null

27-02-2025T17:25:37 - [TEST_STEP][PASSED] - if (value == y || value == y + 1 || value == y - 1): null

27-02-2025T17:25:37 - [TEST_STEP][PASSED] - tooltipMap.put(key, key): null

27-02-2025T17:25:37 - [TEST_STEP][PASSED] - break: null

27-02-2025T17:25:37 - [TEST_STEP][PASSED] - y = value: null

27-02-2025T17:25:37 - [TEST_STEP][PASSED] - for (def tooltip : fieldTooltips): null

27-02-2025T17:25:37 - [TEST_STEP][PASSED] - if (value == y || value == y + 1 || value == y - 1): null

27-02-2025T17:25:37 - [TEST_STEP][PASSED] - if (value == y || value == y + 1 || value == y - 1): null

27-02-2025T17:25:37 - [TEST_STEP][PASSED] - tooltipMap.put(key, key): null

27-02-2025T17:25:37 - [TEST_STEP][PASSED] - break: null

27-02-2025T17:25:37 - [TEST_STEP][PASSED] - y = value: null

27-02-2025T17:25:37 - [TEST_STEP][PASSED] - for (def tooltip : fieldTooltips): null

27-02-2025T17:25:37 - [TEST_STEP][PASSED] - if (value == y || value == y + 1 || value == y - 1): null

27-02-2025T17:25:37 - [TEST_STEP][PASSED] - if (value == y || value == y + 1 || value == y - 1): null

27-02-2025T17:25:37 - [TEST_STEP][PASSED] - if (value == y || value == y + 1 || value == y - 1): null

27-02-2025T17:25:37 - [TEST_STEP][PASSED] - if (value == y || value == y + 1 || value == y - 1): null

27-02-2025T17:25:37 - [TEST_STEP][PASSED] - if (value == y || value == y + 1 || value == y - 1): null

27-02-2025T17:25:37 - [TEST_STEP][PASSED] - if (value == y || value == y + 1 || value == y - 1): null

27-02-2025T17:25:37 - [TEST_STEP][PASSED] - if (value == y || value == y + 1 || value == y - 1): null

27-02-2025T17:25:37 - [TEST_STEP][PASSED] - if (value == y || value == y + 1 || value == y - 1): null

27-02-2025T17:25:37 - [TEST_STEP][PASSED] - y = value: null

27-02-2025T17:25:37 - [TEST_STEP][PASSED] - for (def tooltip : fieldTooltips): null

27-02-2025T17:25:37 - [TEST_STEP][PASSED] - if (value == y || value == y + 1 || value == y - 1): null

27-02-2025T17:25:37 - [TEST_STEP][PASSED] - if (value == y || value == y + 1 || value == y - 1): null

27-02-2025T17:25:37 - [TEST_STEP][PASSED] - if (value == y || value == y + 1 || value == y - 1): null

27-02-2025T17:25:37 - [TEST_STEP][PASSED] - if (value == y || value == y + 1 || value == y - 1): null

27-02-2025T17:25:37 - [TEST_STEP][PASSED] - if (value == y || value == y + 1 || value == y - 1): null

27-02-2025T17:25:37 - [TEST_STEP][PASSED] - if (value == y || value == y + 1 || value == y - 1): null

27-02-2025T17:25:37 - [TEST_STEP][PASSED] - if (value == y || value == y + 1 || value == y - 1): null

27-02-2025T17:25:37 - [TEST_STEP][PASSED] - if (value == y || value == y + 1 || value == y - 1): null

27-02-2025T17:25:37 - [TEST_STEP][PASSED] - y = value: null

27-02-2025T17:25:37 - [TEST_STEP][PASSED] - for (def tooltip : fieldTooltips): null

27-02-2025T17:25:37 - [TEST_STEP][PASSED] - if (value == y || value == y + 1 || value == y - 1): null

27-02-2025T17:25:37 - [TEST_STEP][PASSED] - if (value == y || value == y + 1 || value == y - 1): null

27-02-2025T17:25:37 - [TEST_STEP][PASSED] - if (value == y || value == y + 1 || value == y - 1): null

27-02-2025T17:25:37 - [TEST_STEP][PASSED] - tooltipMap.put(key, key): null

27-02-2025T17:25:37 - [TEST_STEP][PASSED] - break: null

27-02-2025T17:25:37 - [TEST_STEP][PASSED] - y = value: null

27-02-2025T17:25:37 - [TEST_STEP][PASSED] - for (def tooltip : fieldTooltips): null

27-02-2025T17:25:37 - [TEST_STEP][PASSED] - if (value == y || value == y + 1 || value == y - 1): null

27-02-2025T17:25:37 - [TEST_STEP][PASSED] - if (value == y || value == y + 1 || value == y - 1): null

27-02-2025T17:25:37 - [TEST_STEP][PASSED] - if (value == y || value == y + 1 || value == y - 1): null

27-02-2025T17:25:37 - [TEST_STEP][PASSED] - if (value == y || value == y + 1 || value == y - 1): null

27-02-2025T17:25:37 - [TEST_STEP][PASSED] - tooltipMap.put(key, key): null

27-02-2025T17:25:37 - [TEST_STEP][PASSED] - break: null

27-02-2025T17:25:37 - [TEST_STEP][PASSED] - y = value: null

27-02-2025T17:25:37 - [TEST_STEP][PASSED] - for (def tooltip : fieldTooltips): null

27-02-2025T17:25:37 - [TEST_STEP][PASSED] - if (value == y || value == y + 1 || value == y - 1): null

27-02-2025T17:25:37 - [TEST_STEP][PASSED] - if (value == y || value == y + 1 || value == y - 1): null

27-02-2025T17:25:37 - [TEST_STEP][PASSED] - if (value == y || value == y + 1 || value == y - 1): null

27-02-2025T17:25:37 - [TEST_STEP][PASSED] - if (value == y || value == y + 1 || value == y - 1): null

27-02-2025T17:25:37 - [TEST_STEP][PASSED] - if (value == y || value == y + 1 || value == y - 1): null

27-02-2025T17:25:37 - [TEST_STEP][PASSED] - tooltipMap.put(key, key): null

27-02-2025T17:25:37 - [TEST_STEP][PASSED] - break: null

27-02-2025T17:25:37 - [TEST_STEP][PASSED] - y = value: null

27-02-2025T17:25:37 - [TEST_STEP][PASSED] - for (def tooltip : fieldTooltips): null

27-02-2025T17:25:37 - [TEST_STEP][PASSED] - if (value == y || value == y + 1 || value == y - 1): null

27-02-2025T17:25:37 - [TEST_STEP][PASSED] - if (value == y || value == y + 1 || value == y - 1): null

27-02-2025T17:25:37 - [TEST_STEP][PASSED] - if (value == y || value == y + 1 || value == y - 1): null

27-02-2025T17:25:37 - [TEST_STEP][PASSED] - if (value == y || value == y + 1 || value == y - 1): null

27-02-2025T17:25:37 - [TEST_STEP][PASSED] - if (value == y || value == y + 1 || value == y - 1): null

27-02-2025T17:25:37 - [TEST_STEP][PASSED] - if (value == y || value == y + 1 || value == y - 1): null

27-02-2025T17:25:37 - [TEST_STEP][PASSED] - if (value == y || value == y + 1 || value == y - 1): null

27-02-2025T17:25:37 - [TEST_STEP][PASSED] - if (value == y || value == y + 1 || value == y - 1): null

27-02-2025T17:25:37 - [TEST_STEP][PASSED] - y = value: null

27-02-2025T17:25:37 - [TEST_STEP][PASSED] - for (def tooltip : fieldTooltips): null

27-02-2025T17:25:37 - [TEST_STEP][PASSED] - if (value == y || value == y + 1 || value == y - 1): null

27-02-2025T17:25:37 - [TEST_STEP][PASSED] - if (value == y || value == y + 1 || value == y - 1): null

27-02-2025T17:25:37 - [TEST_STEP][PASSED] - if (value == y || value == y + 1 || value == y - 1): null

27-02-2025T17:25:37 - [TEST_STEP][PASSED] - if (value == y || value == y + 1 || value == y - 1): null

27-02-2025T17:25:37 - [TEST_STEP][PASSED] - if (value == y || value == y + 1 || value == y - 1): null

27-02-2025T17:25:37 - [TEST_STEP][PASSED] - if (value == y || value == y + 1 || value == y - 1): null

27-02-2025T17:25:37 - [TEST_STEP][PASSED] - if (value == y || value == y + 1 || value == y - 1): null

27-02-2025T17:25:37 - [TEST_STEP][PASSED] - if (value == y || value == y + 1 || value == y - 1): null

27-02-2025T17:25:37 - [TEST_STEP][PASSED] - y = value: null

27-02-2025T17:25:37 - [TEST_STEP][PASSED] - for (def tooltip : fieldTooltips): null

27-02-2025T17:25:37 - [TEST_STEP][PASSED] - if (value == y || value == y + 1 || value == y - 1): null

27-02-2025T17:25:37 - [TEST_STEP][PASSED] - if (value == y || value == y + 1 || value == y - 1): null

27-02-2025T17:25:37 - [TEST_STEP][PASSED] - if (value == y || value == y + 1 || value == y - 1): null

27-02-2025T17:25:37 - [TEST_STEP][PASSED] - if (value == y || value == y + 1 || value == y - 1): null

27-02-2025T17:25:37 - [TEST_STEP][PASSED] - if (value == y || value == y + 1 || value == y - 1): null

27-02-2025T17:25:37 - [TEST_STEP][PASSED] - if (value == y || value == y + 1 || value == y - 1): null

27-02-2025T17:25:37 - [TEST_STEP][PASSED] - tooltipMap.put(key, key): null

27-02-2025T17:25:37 - [TEST_STEP][PASSED] - break: null

27-02-2025T17:25:37 - [TEST_STEP][PASSED] - y = value: null

27-02-2025T17:25:37 - [TEST_STEP][PASSED] - for (def tooltip : fieldTooltips): null

27-02-2025T17:25:37 - [TEST_STEP][PASSED] - if (value == y || value == y + 1 || value == y - 1): null

27-02-2025T17:25:37 - [TEST_STEP][PASSED] - if (value == y || value == y + 1 || value == y - 1): null

27-02-2025T17:25:37 - [TEST_STEP][PASSED] - if (value == y || value == y + 1 || value == y - 1): null

27-02-2025T17:25:37 - [TEST_STEP][PASSED] - if (value == y || value == y + 1 || value == y - 1): null

27-02-2025T17:25:37 - [TEST_STEP][PASSED] - if (value == y || value == y + 1 || value == y - 1): null

27-02-2025T17:25:37 - [TEST_STEP][PASSED] - if (value == y || value == y + 1 || value == y - 1): null

27-02-2025T17:25:37 - [TEST_STEP][PASSED] - if (value == y || value == y + 1 || value == y - 1): null

27-02-2025T17:25:37 - [TEST_STEP][PASSED] - tooltipMap.put(key, key): null

27-02-2025T17:25:37 - [TEST_STEP][PASSED] - break: null

27-02-2025T17:25:37 - [TEST_STEP][PASSED] - y = value: null

27-02-2025T17:25:37 - [TEST_STEP][PASSED] - for (def tooltip : fieldTooltips): null

27-02-2025T17:25:37 - [TEST_STEP][PASSED] - if (value == y || value == y + 1 || value == y - 1): null

27-02-2025T17:25:37 - [TEST_STEP][PASSED] - if (value == y || value == y + 1 || value == y - 1): null

27-02-2025T17:25:37 - [TEST_STEP][PASSED] - if (value == y || value == y + 1 || value == y - 1): null

27-02-2025T17:25:37 - [TEST_STEP][PASSED] - if (value == y || value == y + 1 || value == y - 1): null

27-02-2025T17:25:37 - [TEST_STEP][PASSED] - if (value == y || value == y + 1 || value == y - 1): null

27-02-2025T17:25:37 - [TEST_STEP][PASSED] - if (value == y || value == y + 1 || value == y - 1): null

27-02-2025T17:25:37 - [TEST_STEP][PASSED] - if (value == y || value == y + 1 || value == y - 1): null

27-02-2025T17:25:37 - [TEST_STEP][PASSED] - if (value == y || value == y + 1 || value == y - 1): null

27-02-2025T17:25:37 - [TEST_STEP][PASSED] - y = value: null

27-02-2025T17:25:37 - [TEST_STEP][PASSED] - for (def tooltip : fieldTooltips): null

27-02-2025T17:25:37 - [TEST_STEP][PASSED] - if (value == y || value == y + 1 || value == y - 1): null

27-02-2025T17:25:37 - [TEST_STEP][PASSED] - if (value == y || value == y + 1 || value == y - 1): null

27-02-2025T17:25:37 - [TEST_STEP][PASSED] - if (value == y || value == y + 1 || value == y - 1): null

27-02-2025T17:25:37 - [TEST_STEP][PASSED] - if (value == y || value == y + 1 || value == y - 1): null

27-02-2025T17:25:37 - [TEST_STEP][PASSED] - if (value == y || value == y + 1 || value == y - 1): null

27-02-2025T17:25:37 - [TEST_STEP][PASSED] - if (value == y || value == y + 1 || value == y - 1): null

27-02-2025T17:25:37 - [TEST_STEP][PASSED] - if (value == y || value == y + 1 || value == y - 1): null

27-02-2025T17:25:37 - [TEST_STEP][PASSED] - if (value == y || value == y + 1 || value == y - 1): null

27-02-2025T17:25:37 - [TEST_STEP][PASSED] - y = value: null

27-02-2025T17:25:37 - [TEST_STEP][PASSED] - for (def tooltip : fieldTooltips): null

27-02-2025T17:25:37 - [TEST_STEP][PASSED] - if (value == y || value == y + 1 || value == y - 1): null

27-02-2025T17:25:37 - [TEST_STEP][PASSED] - if (value == y || value == y + 1 || value == y - 1): null

27-02-2025T17:25:37 - [TEST_STEP][PASSED] - if (value == y || value == y + 1 || value == y - 1): null

27-02-2025T17:25:37 - [TEST_STEP][PASSED] - if (value == y || value == y + 1 || value == y - 1): null

27-02-2025T17:25:37 - [TEST_STEP][PASSED] - if (value == y || value == y + 1 || value == y - 1): null

27-02-2025T17:25:37 - [TEST_STEP][PASSED] - if (value == y || value == y + 1 || value == y - 1): null

27-02-2025T17:25:37 - [TEST_STEP][PASSED] - if (value == y || value == y + 1 || value == y - 1): null

27-02-2025T17:25:37 - [TEST_STEP][PASSED] - if (value == y || value == y + 1 || value == y - 1): null

27-02-2025T17:25:37 - [TEST_STEP][PASSED] - tooltipMap.put(key, key): null

27-02-2025T17:25:37 - [TEST_STEP][PASSED] - break: null

27-02-2025T17:25:37 - [TEST_STEP][PASSED] - y = value: null

27-02-2025T17:25:37 - [TEST_STEP][PASSED] - for (def tooltip : fieldTooltips): null

27-02-2025T17:25:37 - [TEST_STEP][PASSED] - if (value == y || value == y + 1 || value == y - 1): null

27-02-2025T17:25:37 - [TEST_STEP][PASSED] - if (value == y || value == y + 1 || value == y - 1): null

27-02-2025T17:25:37 - [TEST_STEP][PASSED] - if (value == y || value == y + 1 || value == y - 1): null

27-02-2025T17:25:37 - [TEST_STEP][PASSED] - if (value == y || value == y + 1 || value == y - 1): null

27-02-2025T17:25:37 - [TEST_STEP][PASSED] - if (value == y || value == y + 1 || value == y - 1): null

27-02-2025T17:25:37 - [TEST_STEP][PASSED] - if (value == y || value == y + 1 || value == y - 1): null

27-02-2025T17:25:37 - [TEST_STEP][PASSED] - if (value == y || value == y + 1 || value == y - 1): null

27-02-2025T17:25:37 - [TEST_STEP][PASSED] - if (value == y || value == y + 1 || value == y - 1): null

27-02-2025T17:25:37 - [TEST_STEP][PASSED] - y = value: null

27-02-2025T17:25:37 - [TEST_STEP][PASSED] - for (def tooltip : fieldTooltips): null

27-02-2025T17:25:37 - [TEST_STEP][PASSED] - if (value == y || value == y + 1 || value == y - 1): null

27-02-2025T17:25:37 - [TEST_STEP][PASSED] - if (value == y || value == y + 1 || value == y - 1): null

27-02-2025T17:25:37 - [TEST_STEP][PASSED] - if (value == y || value == y + 1 || value == y - 1): null

27-02-2025T17:25:37 - [TEST_STEP][PASSED] - if (value == y || value == y + 1 || value == y - 1): null

27-02-2025T17:25:37 - [TEST_STEP][PASSED] - if (value == y || value == y + 1 || value == y - 1): null

27-02-2025T17:25:37 - [TEST_STEP][PASSED] - if (value == y || value == y + 1 || value == y - 1): null

27-02-2025T17:25:37 - [TEST_STEP][PASSED] - if (value == y || value == y + 1 || value == y - 1): null

27-02-2025T17:25:37 - [TEST_STEP][PASSED] - if (value == y || value == y + 1 || value == y - 1): null

27-02-2025T17:25:37 - [TEST_STEP][PASSED] - y = value: null

27-02-2025T17:25:37 - [TEST_STEP][PASSED] - for (def tooltip : fieldTooltips): null

27-02-2025T17:25:37 - [TEST_STEP][PASSED] - if (value == y || value == y + 1 || value == y - 1): null

27-02-2025T17:25:37 - [TEST_STEP][PASSED] - if (value == y || value == y + 1 || value == y - 1): null

27-02-2025T17:25:37 - [TEST_STEP][PASSED] - if (value == y || value == y + 1 || value == y - 1): null

27-02-2025T17:25:37 - [TEST_STEP][PASSED] - if (value == y || value == y + 1 || value == y - 1): null

27-02-2025T17:25:37 - [TEST_STEP][PASSED] - if (value == y || value == y + 1 || value == y - 1): null

27-02-2025T17:25:37 - [TEST_STEP][PASSED] - if (value == y || value == y + 1 || value == y - 1): null

27-02-2025T17:25:37 - [TEST_STEP][PASSED] - if (value == y || value == y + 1 || value == y - 1): null

27-02-2025T17:25:37 - [TEST_STEP][PASSED] - if (value == y || value == y + 1 || value == y - 1): null

27-02-2025T17:25:37 - [TEST_STEP][PASSED] - return tooltipMap: null

27-02-2025T17:25:37 - [MESSAGE][PASSED] - Call Test Case 'Test Cases/_Functions/Get Tooltip Text' successfully

27-02-2025T17:25:37 - [TEST_STEP][PASSED] - if (tooltipMap.size() > 0): null

27-02-2025T17:25:37 - [TEST_STEP][PASSED] - file = fileBase + "_Tooltips.csv": null

27-02-2025T17:25:37 - [TEST_STEP][PASSED] - outText = "FIELD LABEL" + "," + "TOOLTIP TEXT" + "

": null

27-02-2025T17:25:37 - [TEST_STEP][PASSED] - for (def it : tooltipMap): null

27-02-2025T17:25:37 - [TEST_STEP][PASSED] - name = key: null

27-02-2025T17:25:37 - [TEST_STEP][PASSED] - value = value.replace("
", ""): null

27-02-2025T17:25:37 - [TEST_STEP][PASSED] - value = value.trim(): null

27-02-2025T17:25:37 - [TEST_STEP][PASSED] - value = """ + value + """: null

27-02-2025T17:25:37 - [TEST_STEP][PASSED] - outText = outText + name + "," + value: null

27-02-2025T17:25:37 - [TEST_STEP][PASSED] - outText = outText + "
": null

27-02-2025T17:25:37 - [TEST_STEP][PASSED] - println(outText): null

27-02-2025T17:25:37 - [TEST_STEP][PASSED] - name = key: null

27-02-2025T17:25:37 - [TEST_STEP][PASSED] - value = value.replace("
", ""): null

27-02-2025T17:25:37 - [TEST_STEP][PASSED] - value = value.trim(): null

27-02-2025T17:25:37 - [TEST_STEP][PASSED] - value = """ + value + """: null

27-02-2025T17:25:37 - [TEST_STEP][PASSED] - outText = outText + name + "," + value: null

27-02-2025T17:25:37 - [TEST_STEP][PASSED] - outText = outText + "
": null

27-02-2025T17:25:37 - [TEST_STEP][PASSED] - println(outText): null

27-02-2025T17:25:37 - [TEST_STEP][PASSED] - name = key: null

27-02-2025T17:25:37 - [TEST_STEP][PASSED] - value = value.replace("
", ""): null

27-02-2025T17:25:37 - [TEST_STEP][PASSED] - value = value.trim(): null

27-02-2025T17:25:37 - [TEST_STEP][PASSED] - value = """ + value + """: null

27-02-2025T17:25:37 - [TEST_STEP][PASSED] - outText = outText + name + "," + value: null

27-02-2025T17:25:37 - [TEST_STEP][PASSED] - outText = outText + "
": null

27-02-2025T17:25:37 - [TEST_STEP][PASSED] - println(outText): null

27-02-2025T17:25:37 - [TEST_STEP][PASSED] - name = key: null

27-02-2025T17:25:37 - [TEST_STEP][PASSED] - value = value.replace("
", ""): null

27-02-2025T17:25:37 - [TEST_STEP][PASSED] - value = value.trim(): null

27-02-2025T17:25:37 - [TEST_STEP][PASSED] - value = """ + value + """: null

27-02-2025T17:25:37 - [TEST_STEP][PASSED] - outText = outText + name + "," + value: null

27-02-2025T17:25:37 - [TEST_STEP][PASSED] - outText = outText + "
": null

27-02-2025T17:25:37 - [TEST_STEP][PASSED] - println(outText): null

27-02-2025T17:25:37 - [TEST_STEP][PASSED] - name = key: null

27-02-2025T17:25:37 - [TEST_STEP][PASSED] - value = value.replace("
", ""): null

27-02-2025T17:25:37 - [TEST_STEP][PASSED] - value = value.trim(): null

27-02-2025T17:25:37 - [TEST_STEP][PASSED] - value = """ + value + """: null

27-02-2025T17:25:37 - [TEST_STEP][PASSED] - outText = outText + name + "," + value: null

27-02-2025T17:25:37 - [TEST_STEP][PASSED] - outText = outText + "
": null

27-02-2025T17:25:37 - [TEST_STEP][PASSED] - println(outText): null

27-02-2025T17:25:37 - [TEST_STEP][PASSED] - name = key: null

27-02-2025T17:25:37 - [TEST_STEP][PASSED] - value = value.replace("
", ""): null

27-02-2025T17:25:37 - [TEST_STEP][PASSED] - value = value.trim(): null

27-02-2025T17:25:37 - [TEST_STEP][PASSED] - value = """ + value + """: null

27-02-2025T17:25:37 - [TEST_STEP][PASSED] - outText = outText + name + "," + value: null

27-02-2025T17:25:37 - [TEST_STEP][PASSED] - outText = outText + "
": null

27-02-2025T17:25:37 - [TEST_STEP][PASSED] - println(outText): null

27-02-2025T17:25:37 - [TEST_STEP][PASSED] - name = key: null

27-02-2025T17:25:37 - [TEST_STEP][PASSED] - value = value.replace("
", ""): null

27-02-2025T17:25:37 - [TEST_STEP][PASSED] - value = value.trim(): null

27-02-2025T17:25:37 - [TEST_STEP][PASSED] - value = """ + value + """: null

27-02-2025T17:25:37 - [TEST_STEP][PASSED] - outText = outText + name + "," + value: null

27-02-2025T17:25:37 - [TEST_STEP][PASSED] - outText = outText + "
": null

27-02-2025T17:25:37 - [TEST_STEP][PASSED] - println(outText): null

27-02-2025T17:25:37 - [TEST_STEP][PASSED] - name = key: null

27-02-2025T17:25:37 - [TEST_STEP][PASSED] - value = value.replace("
", ""): null

27-02-2025T17:25:37 - [TEST_STEP][PASSED] - value = value.trim(): null

27-02-2025T17:25:37 - [TEST_STEP][PASSED] - value = """ + value + """: null

27-02-2025T17:25:37 - [TEST_STEP][PASSED] - outText = outText + name + "," + value: null

27-02-2025T17:25:37 - [TEST_STEP][PASSED] - outText = outText + "
": null

27-02-2025T17:25:37 - [TEST_STEP][PASSED] - println(outText): null

27-02-2025T17:25:37 - [TEST_STEP][PASSED] - outFile = new java.io.File(file): null

27-02-2025T17:25:37 - [TEST_STEP][PASSED] - println(outText): null

27-02-2025T17:25:37 - [TEST_STEP][PASSED] - outFile.write(outText): null

27-02-2025T17:25:37 - [TEST_STEP][PASSED] - takeFullPageScreenshot(fileImage): Taking screenshot successfully

27-02-2025T17:25:38 - [MESSAGE][INFO] - 0 hidden object(s)

27-02-2025T17:25:38 - [MESSAGE][PASSED] - Taking screenshot successfully
[[ATTACHMENT|/Users/cckozie/Documents/MissionNext/Screenshots and Tooltip Text/Register_Screenshot.png]]

27-02-2025T17:25:38 - [TEST_STEP][PASSED] - frame.dispose(): null

27-02-2025T17:25:38 - [TEST_STEP][PASSED] - return tooltipMap: null

27-02-2025T17:25:38 - [MESSAGE][PASSED] - Call Test Case 'Test Cases/_Functions/Get Screenshot and Tooltip Text' successfully

27-02-2025T17:25:38 - [TEST_STEP][PASSED] - tooltipTextMap.each({ -> ... }): null

27-02-2025T17:25:38 - [TEST_STEP][PASSED] - driver = getWebDriver(): null

27-02-2025T17:25:38 - [TEST_STEP][PASSED] - action = new org.openqa.selenium.interactions.Actions(driver): null

27-02-2025T17:25:38 - [TEST_STEP][PASSED] - callTestCase(findTestCase("_Functions/Test Tooltips"), ["varTooltipImagePath":tooltipImagePath, "varTooltips":tooltips, "varTooltipText":tooltipText, "varTestObjectFolder":testObjectFolder, ... ], STOP_ON_FAILURE): Call Test Case 'Test Cases/_Functions/Test Tooltips' successfully

27-02-2025T17:25:38 - [TEST_CASE][PASSED] - Test Cases/_Functions/Test Tooltips: Test Cases/_Functions/Test Tooltips

27-02-2025T17:25:38 - [TEST_STEP][PASSED] - if (fastPath): null

27-02-2025T17:25:38 - [TEST_STEP][PASSED] - tooltipImagePath = varTooltipImagePath: null

27-02-2025T17:25:38 - [TEST_STEP][PASSED] - tooltips = varTooltips: null

27-02-2025T17:25:38 - [TEST_STEP][PASSED] - tooltipText = varTooltipText: null

27-02-2025T17:25:38 - [TEST_STEP][PASSED] - testObjectFolder = varTestObjectFolder: null

27-02-2025T17:25:38 - [TEST_STEP][PASSED] - tooltipTextMap = varTooltipTextMap: null

27-02-2025T17:25:38 - [TEST_STEP][PASSED] - writeFile = false: null

27-02-2025T17:25:38 - [TEST_STEP][PASSED] - if (outFile != ""): null

27-02-2025T17:25:38 - [TEST_STEP][PASSED] - myFile = outFile: null

27-02-2025T17:25:38 - [TEST_STEP][PASSED] - println(myFile): null

27-02-2025T17:25:38 - [TEST_STEP][PASSED] - outFile = new java.io.File(myFile): null

27-02-2025T17:25:38 - [TEST_STEP][PASSED] - writeFile = true: null

27-02-2025T17:25:38 - [TEST_STEP][PASSED] - driver = getWebDriver(): null

27-02-2025T17:25:38 - [TEST_STEP][PASSED] - action = new org.openqa.selenium.interactions.Actions(driver): null

27-02-2025T17:25:38 - [TEST_STEP][PASSED] - s = new org.sikuli.script.Screen(): null

27-02-2025T17:25:38 - [TEST_STEP][PASSED] - outText = "Verifying the tooltips can be displayed.
": null

27-02-2025T17:25:38 - [TEST_STEP][PASSED] - outFile.append(outText): null

27-02-2025T17:25:38 - [TEST_STEP][PASSED] - first = true: null

27-02-2025T17:25:38 - [TEST_STEP][PASSED] - for (def it : tooltips): null

27-02-2025T17:25:38 - [TEST_STEP][PASSED] - myKey = key: null

27-02-2025T17:25:38 - [TEST_STEP][PASSED] - myValue = value: null

27-02-2025T17:25:38 - [TEST_STEP][PASSED] - println("myKey is " + myKey): null

27-02-2025T17:25:38 - [TEST_STEP][PASSED] - println("myValue is " + myValue): null

27-02-2025T17:25:38 - [TEST_STEP][PASSED] - if (myKey != "dummy"): null

27-02-2025T17:25:38 - [TEST_STEP][PASSED] - else: null

27-02-2025T17:25:38 - [TEST_STEP][PASSED] - myImage = "/Users/cckozie/git/MissionNext-Katalon-Koz/images/dummy.png": null

27-02-2025T17:25:38 - [TEST_STEP][PASSED] - f = new java.io.File(myImage): null

27-02-2025T17:25:38 - [TEST_STEP][PASSED] - if (f.exists()): null

27-02-2025T17:25:38 - [TEST_STEP][PASSED] - println("Looking for " + myImage): null

27-02-2025T17:25:38 - [TEST_STEP][PASSED] - icn = Pattern(myImage).similar(0.10): null

27-02-2025T17:25:38 - [TEST_STEP][PASSED] - found = s.exists(icn): null

27-02-2025T17:25:39 - [TEST_STEP][PASSED] - println(found): null

27-02-2025T17:25:39 - [TEST_STEP][PASSED] - if (found != null): null

27-02-2025T17:25:39 - [TEST_STEP][PASSED] - foundStr = found.toString(): null

27-02-2025T17:25:39 - [TEST_STEP][PASSED] - matchP = foundStr.indexOf("%"): null

27-02-2025T17:25:39 - [TEST_STEP][PASSED] - if (matchP >= 0): null

27-02-2025T17:25:39 - [TEST_STEP][PASSED] - println(matchP): null

27-02-2025T17:25:39 - [TEST_STEP][PASSED] - pct = foundStr.substring(matchP + 1, matchP + 6): null

27-02-2025T17:25:39 - [TEST_STEP][PASSED] - pctF = pct.toFloat(): null

27-02-2025T17:25:39 - [TEST_STEP][PASSED] - outText = "+++ Tooltip match value for " + myKey + " is " + pctF + "%": null

27-02-2025T17:25:39 - [TEST_STEP][PASSED] - min = 80: null

27-02-2025T17:25:39 - [TEST_STEP][PASSED] - if (pctF.toFloat() < min.toFloat()): null

27-02-2025T17:25:39 - [TEST_STEP][PASSED] - outText = ">>>>> " + outText + " <<<<<": null

27-02-2025T17:25:39 - [TEST_STEP][PASSED] - if (myKey != "dummy"): null

27-02-2025T17:25:39 - [TEST_STEP][PASSED] - myKey = key: null

27-02-2025T17:25:39 - [TEST_STEP][PASSED] - myValue = value: null

27-02-2025T17:25:39 - [TEST_STEP][PASSED] - println("myKey is " + myKey): null

27-02-2025T17:25:39 - [TEST_STEP][PASSED] - println("myValue is " + myValue): null

27-02-2025T17:25:39 - [TEST_STEP][PASSED] - if (myKey != "dummy"): null

27-02-2025T17:25:39 - [TEST_STEP][PASSED] - tObj = testObjectFolder + myValue: null

27-02-2025T17:25:39 - [TEST_STEP][PASSED] - click(tObj): null

27-02-2025T17:25:39 - [TEST_STEP][PASSED] - scrollToObject(object): null

27-02-2025T17:25:39 - [TEST_STEP][PASSED] - println("Converting " + object + " to web element"): null

27-02-2025T17:25:39 - [TEST_STEP][PASSED] - element = findWebElement(findTestObject(object), 1): null

27-02-2025T17:25:39 - [TEST_STEP][PASSED] - loc = element.getLocation(): null

27-02-2025T17:25:39 - [TEST_STEP][PASSED] - x = loc.getX(): null

27-02-2025T17:25:39 - [TEST_STEP][PASSED] - if (x >= 560): null

27-02-2025T17:25:39 - [TEST_STEP][PASSED] - y = loc.getY(): null

27-02-2025T17:25:39 - [TEST_STEP][PASSED] - println("Y location is " + y): null

27-02-2025T17:25:39 - [TEST_STEP][PASSED] - top = getViewportTopPosition(): Current viewport's top (y) position is 1071

27-02-2025T17:25:39 - [MESSAGE][PASSED] - Current viewport's top (y) position is 1071

27-02-2025T17:25:39 - [TEST_STEP][PASSED] - println("Viewport top is " + top): null

27-02-2025T17:25:39 - [TEST_STEP][PASSED] - bottom = top + 600: null

27-02-2025T17:25:39 - [TEST_STEP][PASSED] - if (y - top < 150 || bottom - y < 10): Delayed 1 second(s)

27-02-2025T17:25:39 - [TEST_STEP][PASSED] - scrollToPosition(0, y - 170): Browser is scrolled to position x = 0, y = 202

27-02-2025T17:25:39 - [MESSAGE][PASSED] - Browser is scrolled to position x = 0, y = 202

27-02-2025T17:25:39 - [TEST_STEP][PASSED] - delay(1): Delayed 1 second(s)

27-02-2025T17:25:40 - [MESSAGE][PASSED] - Delayed 1 second(s)

27-02-2025T17:25:40 - [TEST_STEP][PASSED] - click(findTestObject(object)): null

27-02-2025T17:25:40 - [MESSAGE][PASSED] - Object: 'Object Repository/Education Partner Profile/Register/img_Username_field-tooltip' is clicked on

27-02-2025T17:25:40 - [TEST_STEP][PASSED] - delay(1): Delayed 1 second(s)

27-02-2025T17:25:41 - [MESSAGE][PASSED] - Delayed 1 second(s)

27-02-2025T17:25:41 - [TEST_STEP][PASSED] - myImage = tooltipImagePath + myKey + ".png": null

27-02-2025T17:25:41 - [TEST_STEP][PASSED] - f = new java.io.File(myImage): null

27-02-2025T17:25:41 - [TEST_STEP][PASSED] - if (f.exists()): null

27-02-2025T17:25:41 - [TEST_STEP][PASSED] - println("Looking for " + myImage): null

27-02-2025T17:25:41 - [TEST_STEP][PASSED] - icn = Pattern(myImage).similar(0.10): null

27-02-2025T17:25:41 - [TEST_STEP][PASSED] - found = s.exists(icn): null

27-02-2025T17:25:41 - [TEST_STEP][PASSED] - println(found): null

27-02-2025T17:25:41 - [TEST_STEP][PASSED] - if (found != null): null

27-02-2025T17:25:41 - [TEST_STEP][PASSED] - foundStr = found.toString(): null

27-02-2025T17:25:41 - [TEST_STEP][PASSED] - matchP = foundStr.indexOf("%"): null

27-02-2025T17:25:41 - [TEST_STEP][PASSED] - if (matchP >= 0): null

27-02-2025T17:25:41 - [TEST_STEP][PASSED] - println(matchP): null

27-02-2025T17:25:41 - [TEST_STEP][PASSED] - pct = foundStr.substring(matchP + 1, matchP + 6): null

27-02-2025T17:25:41 - [TEST_STEP][PASSED] - pctF = pct.toFloat(): null

27-02-2025T17:25:41 - [TEST_STEP][PASSED] - outText = "+++ Tooltip match value for " + myKey + " is " + pctF + "%": null

27-02-2025T17:25:41 - [TEST_STEP][PASSED] - min = 80: null

27-02-2025T17:25:41 - [TEST_STEP][PASSED] - if (pctF.toFloat() < min.toFloat()): null

27-02-2025T17:25:41 - [TEST_STEP][PASSED] - outText = ">>>>> " + outText + " <<<<<": null

27-02-2025T17:25:41 - [TEST_STEP][PASSED] - if (myKey != "dummy"): null

27-02-2025T17:25:41 - [TEST_STEP][PASSED] - println(outText): null

27-02-2025T17:25:41 - [TEST_STEP][PASSED] - outFile.append(outText + "
"): null

27-02-2025T17:25:41 - [TEST_STEP][PASSED] - myKey = key: null

27-02-2025T17:25:41 - [TEST_STEP][PASSED] - myValue = value: null

27-02-2025T17:25:41 - [TEST_STEP][PASSED] - println("myKey is " + myKey): null

27-02-2025T17:25:41 - [TEST_STEP][PASSED] - println("myValue is " + myValue): null

27-02-2025T17:25:41 - [TEST_STEP][PASSED] - if (myKey != "dummy"): null

27-02-2025T17:25:41 - [TEST_STEP][PASSED] - tObj = testObjectFolder + myValue: null

27-02-2025T17:25:41 - [TEST_STEP][PASSED] - click(tObj): null

27-02-2025T17:25:41 - [TEST_STEP][PASSED] - scrollToObject(object): null

27-02-2025T17:25:41 - [TEST_STEP][PASSED] - println("Converting " + object + " to web element"): null

27-02-2025T17:25:41 - [TEST_STEP][PASSED] - element = findWebElement(findTestObject(object), 1): null

27-02-2025T17:25:41 - [TEST_STEP][PASSED] - loc = element.getLocation(): null

27-02-2025T17:25:41 - [TEST_STEP][PASSED] - x = loc.getX(): null

27-02-2025T17:25:41 - [TEST_STEP][PASSED] - if (x >= 560): null

27-02-2025T17:25:41 - [TEST_STEP][PASSED] - y = loc.getY(): null

27-02-2025T17:25:41 - [TEST_STEP][PASSED] - println("Y location is " + y): null

27-02-2025T17:25:41 - [TEST_STEP][PASSED] - top = getViewportTopPosition(): Current viewport's top (y) position is 202

27-02-2025T17:25:41 - [MESSAGE][PASSED] - Current viewport's top (y) position is 202

27-02-2025T17:25:41 - [TEST_STEP][PASSED] - println("Viewport top is " + top): null

27-02-2025T17:25:41 - [TEST_STEP][PASSED] - bottom = top + 600: null

27-02-2025T17:25:41 - [TEST_STEP][PASSED] - if (y - top < 150 || bottom - y < 10): null

27-02-2025T17:25:41 - [TEST_STEP][PASSED] - click(findTestObject(object)): null

27-02-2025T17:25:42 - [MESSAGE][PASSED] - Object: 'Object Repository/Education Partner Profile/Register/img_Password_field-tooltip' is clicked on

27-02-2025T17:25:42 - [TEST_STEP][PASSED] - delay(1): Delayed 1 second(s)

27-02-2025T17:25:43 - [MESSAGE][PASSED] - Delayed 1 second(s)

27-02-2025T17:25:43 - [TEST_STEP][PASSED] - myImage = tooltipImagePath + myKey + ".png": null

27-02-2025T17:25:43 - [TEST_STEP][PASSED] - f = new java.io.File(myImage): null

27-02-2025T17:25:43 - [TEST_STEP][PASSED] - if (f.exists()): null

27-02-2025T17:25:43 - [TEST_STEP][PASSED] - println("Looking for " + myImage): null

27-02-2025T17:25:43 - [TEST_STEP][PASSED] - icn = Pattern(myImage).similar(0.10): null

27-02-2025T17:25:43 - [TEST_STEP][PASSED] - found = s.exists(icn): null

27-02-2025T17:25:43 - [TEST_STEP][PASSED] - println(found): null

27-02-2025T17:25:43 - [TEST_STEP][PASSED] - if (found != null): null

27-02-2025T17:25:43 - [TEST_STEP][PASSED] - foundStr = found.toString(): null

27-02-2025T17:25:43 - [TEST_STEP][PASSED] - matchP = foundStr.indexOf("%"): null

27-02-2025T17:25:43 - [TEST_STEP][PASSED] - if (matchP >= 0): null

27-02-2025T17:25:43 - [TEST_STEP][PASSED] - println(matchP): null

27-02-2025T17:25:43 - [TEST_STEP][PASSED] - pct = foundStr.substring(matchP + 1, matchP + 6): null

27-02-2025T17:25:43 - [TEST_STEP][PASSED] - pctF = pct.toFloat(): null

27-02-2025T17:25:43 - [TEST_STEP][PASSED] - outText = "+++ Tooltip match value for " + myKey + " is " + pctF + "%": null

27-02-2025T17:25:43 - [TEST_STEP][PASSED] - min = 80: null

27-02-2025T17:25:43 - [TEST_STEP][PASSED] - if (pctF.toFloat() < min.toFloat()): null

27-02-2025T17:25:43 - [TEST_STEP][PASSED] - outText = ">>>>> " + outText + " <<<<<": null

27-02-2025T17:25:43 - [TEST_STEP][PASSED] - if (myKey != "dummy"): null

27-02-2025T17:25:43 - [TEST_STEP][PASSED] - println(outText): null

27-02-2025T17:25:43 - [TEST_STEP][PASSED] - outFile.append(outText + "
"): null

27-02-2025T17:25:43 - [TEST_STEP][PASSED] - myKey = key: null

27-02-2025T17:25:43 - [TEST_STEP][PASSED] - myValue = value: null

27-02-2025T17:25:43 - [TEST_STEP][PASSED] - println("myKey is " + myKey): null

27-02-2025T17:25:43 - [TEST_STEP][PASSED] - println("myValue is " + myValue): null

27-02-2025T17:25:43 - [TEST_STEP][PASSED] - if (myKey != "dummy"): null

27-02-2025T17:25:43 - [TEST_STEP][PASSED] - tObj = testObjectFolder + myValue: null

27-02-2025T17:25:43 - [TEST_STEP][PASSED] - click(tObj): null

27-02-2025T17:25:43 - [TEST_STEP][PASSED] - scrollToObject(object): null

27-02-2025T17:25:43 - [TEST_STEP][PASSED] - println("Converting " + object + " to web element"): null

27-02-2025T17:25:43 - [TEST_STEP][PASSED] - element = findWebElement(findTestObject(object), 1): null

27-02-2025T17:25:43 - [TEST_STEP][PASSED] - loc = element.getLocation(): null

27-02-2025T17:25:43 - [TEST_STEP][PASSED] - x = loc.getX(): null

27-02-2025T17:25:43 - [TEST_STEP][PASSED] - if (x >= 560): null

27-02-2025T17:25:43 - [TEST_STEP][PASSED] - y = loc.getY(): null

27-02-2025T17:25:43 - [TEST_STEP][PASSED] - println("Y location is " + y): null

27-02-2025T17:25:43 - [TEST_STEP][PASSED] - top = getViewportTopPosition(): Current viewport's top (y) position is 202

27-02-2025T17:25:43 - [MESSAGE][PASSED] - Current viewport's top (y) position is 202

27-02-2025T17:25:43 - [TEST_STEP][PASSED] - println("Viewport top is " + top): null

27-02-2025T17:25:43 - [TEST_STEP][PASSED] - bottom = top + 600: null

27-02-2025T17:25:43 - [TEST_STEP][PASSED] - if (y - top < 150 || bottom - y < 10): null

27-02-2025T17:25:43 - [TEST_STEP][PASSED] - click(findTestObject(object)): null

27-02-2025T17:25:43 - [MESSAGE][PASSED] - Object: 'Object Repository/Education Partner Profile/Register/img_Key Contact Email_field-tooltip' is clicked on

27-02-2025T17:25:43 - [TEST_STEP][PASSED] - delay(1): Delayed 1 second(s)

27-02-2025T17:25:44 - [MESSAGE][PASSED] - Delayed 1 second(s)

27-02-2025T17:25:44 - [TEST_STEP][PASSED] - myImage = tooltipImagePath + myKey + ".png": null

27-02-2025T17:25:44 - [TEST_STEP][PASSED] - f = new java.io.File(myImage): null

27-02-2025T17:25:44 - [TEST_STEP][PASSED] - if (f.exists()): null

27-02-2025T17:25:44 - [TEST_STEP][PASSED] - println("Looking for " + myImage): null

27-02-2025T17:25:44 - [TEST_STEP][PASSED] - icn = Pattern(myImage).similar(0.10): null

27-02-2025T17:25:44 - [TEST_STEP][PASSED] - found = s.exists(icn): null

27-02-2025T17:25:44 - [TEST_STEP][PASSED] - println(found): null

27-02-2025T17:25:44 - [TEST_STEP][PASSED] - if (found != null): null

27-02-2025T17:25:44 - [TEST_STEP][PASSED] - foundStr = found.toString(): null

27-02-2025T17:25:44 - [TEST_STEP][PASSED] - matchP = foundStr.indexOf("%"): null

27-02-2025T17:25:44 - [TEST_STEP][PASSED] - if (matchP >= 0): null

27-02-2025T17:25:44 - [TEST_STEP][PASSED] - println(matchP): null

27-02-2025T17:25:44 - [TEST_STEP][PASSED] - pct = foundStr.substring(matchP + 1, matchP + 6): null

27-02-2025T17:25:44 - [TEST_STEP][PASSED] - pctF = pct.toFloat(): null

27-02-2025T17:25:44 - [TEST_STEP][PASSED] - outText = "+++ Tooltip match value for " + myKey + " is " + pctF + "%": null

27-02-2025T17:25:44 - [TEST_STEP][PASSED] - min = 80: null

27-02-2025T17:25:44 - [TEST_STEP][PASSED] - if (pctF.toFloat() < min.toFloat()): null

27-02-2025T17:25:44 - [TEST_STEP][PASSED] - outText = ">>>>> " + outText + " <<<<<": null

27-02-2025T17:25:44 - [TEST_STEP][PASSED] - if (myKey != "dummy"): null

27-02-2025T17:25:44 - [TEST_STEP][PASSED] - println(outText): null

27-02-2025T17:25:44 - [TEST_STEP][PASSED] - outFile.append(outText + "
"): null

27-02-2025T17:25:44 - [TEST_STEP][PASSED] - myKey = key: null

27-02-2025T17:25:44 - [TEST_STEP][PASSED] - myValue = value: null

27-02-2025T17:25:44 - [TEST_STEP][PASSED] - println("myKey is " + myKey): null

27-02-2025T17:25:44 - [TEST_STEP][PASSED] - println("myValue is " + myValue): null

27-02-2025T17:25:44 - [TEST_STEP][PASSED] - if (myKey != "dummy"): null

27-02-2025T17:25:44 - [TEST_STEP][PASSED] - tObj = testObjectFolder + myValue: null

27-02-2025T17:25:44 - [TEST_STEP][PASSED] - click(tObj): null

27-02-2025T17:25:44 - [TEST_STEP][PASSED] - scrollToObject(object): null

27-02-2025T17:25:44 - [TEST_STEP][PASSED] - println("Converting " + object + " to web element"): null

27-02-2025T17:25:44 - [TEST_STEP][PASSED] - element = findWebElement(findTestObject(object), 1): null

27-02-2025T17:25:44 - [TEST_STEP][PASSED] - loc = element.getLocation(): null

27-02-2025T17:25:44 - [TEST_STEP][PASSED] - x = loc.getX(): null

27-02-2025T17:25:44 - [TEST_STEP][PASSED] - if (x >= 560): null

27-02-2025T17:25:44 - [TEST_STEP][PASSED] - y = loc.getY(): null

27-02-2025T17:25:44 - [TEST_STEP][PASSED] - println("Y location is " + y): null

27-02-2025T17:25:44 - [TEST_STEP][PASSED] - top = getViewportTopPosition(): Current viewport's top (y) position is 202

27-02-2025T17:25:44 - [MESSAGE][PASSED] - Current viewport's top (y) position is 202

27-02-2025T17:25:44 - [TEST_STEP][PASSED] - println("Viewport top is " + top): null

27-02-2025T17:25:44 - [TEST_STEP][PASSED] - bottom = top + 600: null

27-02-2025T17:25:44 - [TEST_STEP][PASSED] - if (y - top < 150 || bottom - y < 10): null

27-02-2025T17:25:44 - [TEST_STEP][PASSED] - click(findTestObject(object)): null

27-02-2025T17:25:44 - [MESSAGE][PASSED] - Object: 'Object Repository/Education Partner Profile/Register/img_Organization_field-tooltip' is clicked on

27-02-2025T17:25:44 - [TEST_STEP][PASSED] - delay(1): Delayed 1 second(s)

27-02-2025T17:25:45 - [MESSAGE][PASSED] - Delayed 1 second(s)

27-02-2025T17:25:45 - [TEST_STEP][PASSED] - myImage = tooltipImagePath + myKey + ".png": null

27-02-2025T17:25:45 - [TEST_STEP][PASSED] - f = new java.io.File(myImage): null

27-02-2025T17:25:45 - [TEST_STEP][PASSED] - if (f.exists()): null

27-02-2025T17:25:45 - [TEST_STEP][PASSED] - println("Looking for " + myImage): null

27-02-2025T17:25:45 - [TEST_STEP][PASSED] - icn = Pattern(myImage).similar(0.10): null

27-02-2025T17:25:45 - [TEST_STEP][PASSED] - found = s.exists(icn): null

27-02-2025T17:25:45 - [TEST_STEP][PASSED] - println(found): null

27-02-2025T17:25:45 - [TEST_STEP][PASSED] - if (found != null): null

27-02-2025T17:25:45 - [TEST_STEP][PASSED] - foundStr = found.toString(): null

27-02-2025T17:25:45 - [TEST_STEP][PASSED] - matchP = foundStr.indexOf("%"): null

27-02-2025T17:25:45 - [TEST_STEP][PASSED] - if (matchP >= 0): null

27-02-2025T17:25:45 - [TEST_STEP][PASSED] - println(matchP): null

27-02-2025T17:25:45 - [TEST_STEP][PASSED] - pct = foundStr.substring(matchP + 1, matchP + 6): null

27-02-2025T17:25:45 - [TEST_STEP][PASSED] - pctF = pct.toFloat(): null

27-02-2025T17:25:45 - [TEST_STEP][PASSED] - outText = "+++ Tooltip match value for " + myKey + " is " + pctF + "%": null

27-02-2025T17:25:45 - [TEST_STEP][PASSED] - min = 80: null

27-02-2025T17:25:45 - [TEST_STEP][PASSED] - if (pctF.toFloat() < min.toFloat()): null

27-02-2025T17:25:45 - [TEST_STEP][PASSED] - outText = ">>>>> " + outText + " <<<<<": null

27-02-2025T17:25:45 - [TEST_STEP][PASSED] - if (myKey != "dummy"): null

27-02-2025T17:25:45 - [TEST_STEP][PASSED] - println(outText): null

27-02-2025T17:25:45 - [TEST_STEP][PASSED] - outFile.append(outText + "
"): null

27-02-2025T17:25:45 - [TEST_STEP][PASSED] - myKey = key: null

27-02-2025T17:25:45 - [TEST_STEP][PASSED] - myValue = value: null

27-02-2025T17:25:45 - [TEST_STEP][PASSED] - println("myKey is " + myKey): null

27-02-2025T17:25:45 - [TEST_STEP][PASSED] - println("myValue is " + myValue): null

27-02-2025T17:25:45 - [TEST_STEP][PASSED] - if (myKey != "dummy"): null

27-02-2025T17:25:45 - [TEST_STEP][PASSED] - tObj = testObjectFolder + myValue: null

27-02-2025T17:25:45 - [TEST_STEP][PASSED] - click(tObj): null

27-02-2025T17:25:45 - [TEST_STEP][PASSED] - scrollToObject(object): null

27-02-2025T17:25:45 - [TEST_STEP][PASSED] - println("Converting " + object + " to web element"): null

27-02-2025T17:25:45 - [TEST_STEP][PASSED] - element = findWebElement(findTestObject(object), 1): null

27-02-2025T17:25:45 - [TEST_STEP][PASSED] - loc = element.getLocation(): null

27-02-2025T17:25:45 - [TEST_STEP][PASSED] - x = loc.getX(): null

27-02-2025T17:25:45 - [TEST_STEP][PASSED] - if (x >= 560): null

27-02-2025T17:25:45 - [TEST_STEP][PASSED] - y = loc.getY(): null

27-02-2025T17:25:45 - [TEST_STEP][PASSED] - println("Y location is " + y): null

27-02-2025T17:25:45 - [TEST_STEP][PASSED] - top = getViewportTopPosition(): Current viewport's top (y) position is 202

27-02-2025T17:25:45 - [MESSAGE][PASSED] - Current viewport's top (y) position is 202

27-02-2025T17:25:45 - [TEST_STEP][PASSED] - println("Viewport top is " + top): null

27-02-2025T17:25:45 - [TEST_STEP][PASSED] - bottom = top + 600: null

27-02-2025T17:25:45 - [TEST_STEP][PASSED] - if (y - top < 150 || bottom - y < 10): null

27-02-2025T17:25:45 - [TEST_STEP][PASSED] - click(findTestObject(object)): null

27-02-2025T17:25:45 - [MESSAGE][PASSED] - Object: 'Object Repository/Education Partner Profile/Register/img_Abbreviation_field-tooltip' is clicked on

27-02-2025T17:25:45 - [TEST_STEP][PASSED] - delay(1): Delayed 1 second(s)

27-02-2025T17:25:46 - [MESSAGE][PASSED] - Delayed 1 second(s)

27-02-2025T17:25:46 - [TEST_STEP][PASSED] - myImage = tooltipImagePath + myKey + ".png": null

27-02-2025T17:25:46 - [TEST_STEP][PASSED] - f = new java.io.File(myImage): null

27-02-2025T17:25:46 - [TEST_STEP][PASSED] - if (f.exists()): null

27-02-2025T17:25:46 - [TEST_STEP][PASSED] - println("Looking for " + myImage): null

27-02-2025T17:25:46 - [TEST_STEP][PASSED] - icn = Pattern(myImage).similar(0.10): null

27-02-2025T17:25:46 - [TEST_STEP][PASSED] - found = s.exists(icn): null

27-02-2025T17:25:46 - [TEST_STEP][PASSED] - println(found): null

27-02-2025T17:25:46 - [TEST_STEP][PASSED] - if (found != null): null

27-02-2025T17:25:46 - [TEST_STEP][PASSED] - foundStr = found.toString(): null

27-02-2025T17:25:46 - [TEST_STEP][PASSED] - matchP = foundStr.indexOf("%"): null

27-02-2025T17:25:46 - [TEST_STEP][PASSED] - if (matchP >= 0): null

27-02-2025T17:25:46 - [TEST_STEP][PASSED] - println(matchP): null

27-02-2025T17:25:46 - [TEST_STEP][PASSED] - pct = foundStr.substring(matchP + 1, matchP + 6): null

27-02-2025T17:25:46 - [TEST_STEP][PASSED] - pctF = pct.toFloat(): null

27-02-2025T17:25:46 - [TEST_STEP][PASSED] - outText = "+++ Tooltip match value for " + myKey + " is " + pctF + "%": null

27-02-2025T17:25:46 - [TEST_STEP][PASSED] - min = 80: null

27-02-2025T17:25:46 - [TEST_STEP][PASSED] - if (pctF.toFloat() < min.toFloat()): null

27-02-2025T17:25:46 - [TEST_STEP][PASSED] - outText = ">>>>> " + outText + " <<<<<": null

27-02-2025T17:25:46 - [TEST_STEP][PASSED] - if (myKey != "dummy"): null

27-02-2025T17:25:46 - [TEST_STEP][PASSED] - println(outText): null

27-02-2025T17:25:46 - [TEST_STEP][PASSED] - outFile.append(outText + "
"): null

27-02-2025T17:25:46 - [TEST_STEP][PASSED] - myKey = key: null

27-02-2025T17:25:46 - [TEST_STEP][PASSED] - myValue = value: null

27-02-2025T17:25:46 - [TEST_STEP][PASSED] - println("myKey is " + myKey): null

27-02-2025T17:25:46 - [TEST_STEP][PASSED] - println("myValue is " + myValue): null

27-02-2025T17:25:46 - [TEST_STEP][PASSED] - if (myKey != "dummy"): null

27-02-2025T17:25:46 - [TEST_STEP][PASSED] - tObj = testObjectFolder + myValue: null

27-02-2025T17:25:46 - [TEST_STEP][PASSED] - click(tObj): null

27-02-2025T17:25:46 - [TEST_STEP][PASSED] - scrollToObject(object): null

27-02-2025T17:25:46 - [TEST_STEP][PASSED] - println("Converting " + object + " to web element"): null

27-02-2025T17:25:46 - [TEST_STEP][PASSED] - element = findWebElement(findTestObject(object), 1): null

27-02-2025T17:25:46 - [TEST_STEP][PASSED] - loc = element.getLocation(): null

27-02-2025T17:25:46 - [TEST_STEP][PASSED] - x = loc.getX(): null

27-02-2025T17:25:46 - [TEST_STEP][PASSED] - if (x >= 560): null

27-02-2025T17:25:46 - [TEST_STEP][PASSED] - y = loc.getY(): null

27-02-2025T17:25:46 - [TEST_STEP][PASSED] - println("Y location is " + y): null

27-02-2025T17:25:46 - [TEST_STEP][PASSED] - top = getViewportTopPosition(): Current viewport's top (y) position is 202

27-02-2025T17:25:46 - [MESSAGE][PASSED] - Current viewport's top (y) position is 202

27-02-2025T17:25:46 - [TEST_STEP][PASSED] - println("Viewport top is " + top): null

27-02-2025T17:25:46 - [TEST_STEP][PASSED] - bottom = top + 600: null

27-02-2025T17:25:46 - [TEST_STEP][PASSED] - if (y - top < 150 || bottom - y < 10): Delayed 1 second(s)

27-02-2025T17:25:46 - [TEST_STEP][PASSED] - scrollToPosition(0, y - 170): Browser is scrolled to position x = 0, y = 707

27-02-2025T17:25:46 - [MESSAGE][PASSED] - Browser is scrolled to position x = 0, y = 707

27-02-2025T17:25:46 - [TEST_STEP][PASSED] - delay(1): Delayed 1 second(s)

27-02-2025T17:25:47 - [MESSAGE][PASSED] - Delayed 1 second(s)

27-02-2025T17:25:47 - [TEST_STEP][PASSED] - click(findTestObject(object)): null

27-02-2025T17:25:47 - [MESSAGE][PASSED] - Object: 'Object Repository/Education Partner Profile/Register/img_Description_field-tooltip' is clicked on

27-02-2025T17:25:47 - [TEST_STEP][PASSED] - delay(1): Delayed 1 second(s)

27-02-2025T17:25:48 - [MESSAGE][PASSED] - Delayed 1 second(s)

27-02-2025T17:25:48 - [TEST_STEP][PASSED] - myImage = tooltipImagePath + myKey + ".png": null

27-02-2025T17:25:48 - [TEST_STEP][PASSED] - f = new java.io.File(myImage): null

27-02-2025T17:25:48 - [TEST_STEP][PASSED] - if (f.exists()): null

27-02-2025T17:25:48 - [TEST_STEP][PASSED] - println("Looking for " + myImage): null

27-02-2025T17:25:48 - [TEST_STEP][PASSED] - icn = Pattern(myImage).similar(0.10): null

27-02-2025T17:25:48 - [TEST_STEP][PASSED] - found = s.exists(icn): null

27-02-2025T17:25:49 - [TEST_STEP][PASSED] - println(found): null

27-02-2025T17:25:49 - [TEST_STEP][PASSED] - if (found != null): null

27-02-2025T17:25:49 - [TEST_STEP][PASSED] - foundStr = found.toString(): null

27-02-2025T17:25:49 - [TEST_STEP][PASSED] - matchP = foundStr.indexOf("%"): null

27-02-2025T17:25:49 - [TEST_STEP][PASSED] - if (matchP >= 0): null

27-02-2025T17:25:49 - [TEST_STEP][PASSED] - println(matchP): null

27-02-2025T17:25:49 - [TEST_STEP][PASSED] - pct = foundStr.substring(matchP + 1, matchP + 6): null

27-02-2025T17:25:49 - [TEST_STEP][PASSED] - pctF = pct.toFloat(): null

27-02-2025T17:25:49 - [TEST_STEP][PASSED] - outText = "+++ Tooltip match value for " + myKey + " is " + pctF + "%": null

27-02-2025T17:25:49 - [TEST_STEP][PASSED] - min = 80: null

27-02-2025T17:25:49 - [TEST_STEP][PASSED] - if (pctF.toFloat() < min.toFloat()): null

27-02-2025T17:25:49 - [TEST_STEP][PASSED] - outText = ">>>>> " + outText + " <<<<<": null

27-02-2025T17:25:49 - [TEST_STEP][PASSED] - if (myKey != "dummy"): null

27-02-2025T17:25:49 - [TEST_STEP][PASSED] - println(outText): null

27-02-2025T17:25:49 - [TEST_STEP][PASSED] - outFile.append(outText + "
"): null

27-02-2025T17:25:49 - [TEST_STEP][PASSED] - myKey = key: null

27-02-2025T17:25:49 - [TEST_STEP][PASSED] - myValue = value: null

27-02-2025T17:25:49 - [TEST_STEP][PASSED] - println("myKey is " + myKey): null

27-02-2025T17:25:49 - [TEST_STEP][PASSED] - println("myValue is " + myValue): null

27-02-2025T17:25:49 - [TEST_STEP][PASSED] - if (myKey != "dummy"): null

27-02-2025T17:25:49 - [TEST_STEP][PASSED] - tObj = testObjectFolder + myValue: null

27-02-2025T17:25:49 - [TEST_STEP][PASSED] - click(tObj): null

27-02-2025T17:25:49 - [TEST_STEP][PASSED] - scrollToObject(object): null

27-02-2025T17:25:49 - [TEST_STEP][PASSED] - println("Converting " + object + " to web element"): null

27-02-2025T17:25:49 - [TEST_STEP][PASSED] - element = findWebElement(findTestObject(object), 1): null

27-02-2025T17:25:49 - [TEST_STEP][PASSED] - loc = element.getLocation(): null

27-02-2025T17:25:49 - [TEST_STEP][PASSED] - x = loc.getX(): null

27-02-2025T17:25:49 - [TEST_STEP][PASSED] - if (x >= 560): null

27-02-2025T17:25:49 - [TEST_STEP][PASSED] - y = loc.getY(): null

27-02-2025T17:25:49 - [TEST_STEP][PASSED] - println("Y location is " + y): null

27-02-2025T17:25:49 - [TEST_STEP][PASSED] - top = getViewportTopPosition(): Current viewport's top (y) position is 707

27-02-2025T17:25:49 - [MESSAGE][PASSED] - Current viewport's top (y) position is 707

27-02-2025T17:25:49 - [TEST_STEP][PASSED] - println("Viewport top is " + top): null

27-02-2025T17:25:49 - [TEST_STEP][PASSED] - bottom = top + 600: null

27-02-2025T17:25:49 - [TEST_STEP][PASSED] - if (y - top < 150 || bottom - y < 10): null

27-02-2025T17:25:49 - [TEST_STEP][PASSED] - click(findTestObject(object)): null

27-02-2025T17:25:49 - [MESSAGE][PASSED] - Object: 'Object Repository/Education Partner Profile/Register/img_Website Address_field-tooltip' is clicked on

27-02-2025T17:25:49 - [TEST_STEP][PASSED] - delay(1): Delayed 1 second(s)

27-02-2025T17:25:50 - [MESSAGE][PASSED] - Delayed 1 second(s)

27-02-2025T17:25:50 - [TEST_STEP][PASSED] - myImage = tooltipImagePath + myKey + ".png": null

27-02-2025T17:25:50 - [TEST_STEP][PASSED] - f = new java.io.File(myImage): null

27-02-2025T17:25:50 - [TEST_STEP][PASSED] - if (f.exists()): null

27-02-2025T17:25:50 - [TEST_STEP][PASSED] - println("Looking for " + myImage): null

27-02-2025T17:25:50 - [TEST_STEP][PASSED] - icn = Pattern(myImage).similar(0.10): null

27-02-2025T17:25:50 - [TEST_STEP][PASSED] - found = s.exists(icn): null

27-02-2025T17:25:50 - [TEST_STEP][PASSED] - println(found): null

27-02-2025T17:25:50 - [TEST_STEP][PASSED] - if (found != null): null

27-02-2025T17:25:50 - [TEST_STEP][PASSED] - foundStr = found.toString(): null

27-02-2025T17:25:50 - [TEST_STEP][PASSED] - matchP = foundStr.indexOf("%"): null

27-02-2025T17:25:50 - [TEST_STEP][PASSED] - if (matchP >= 0): null

27-02-2025T17:25:50 - [TEST_STEP][PASSED] - println(matchP): null

27-02-2025T17:25:50 - [TEST_STEP][PASSED] - pct = foundStr.substring(matchP + 1, matchP + 6): null

27-02-2025T17:25:50 - [TEST_STEP][PASSED] - pctF = pct.toFloat(): null

27-02-2025T17:25:50 - [TEST_STEP][PASSED] - outText = "+++ Tooltip match value for " + myKey + " is " + pctF + "%": null

27-02-2025T17:25:50 - [TEST_STEP][PASSED] - min = 80: null

27-02-2025T17:25:50 - [TEST_STEP][PASSED] - if (pctF.toFloat() < min.toFloat()): null

27-02-2025T17:25:50 - [TEST_STEP][PASSED] - outText = ">>>>> " + outText + " <<<<<": null

27-02-2025T17:25:50 - [TEST_STEP][PASSED] - if (myKey != "dummy"): null

27-02-2025T17:25:50 - [TEST_STEP][PASSED] - println(outText): null

27-02-2025T17:25:50 - [TEST_STEP][PASSED] - outFile.append(outText + "
"): null

27-02-2025T17:25:50 - [TEST_STEP][PASSED] - myKey = key: null

27-02-2025T17:25:50 - [TEST_STEP][PASSED] - myValue = value: null

27-02-2025T17:25:50 - [TEST_STEP][PASSED] - println("myKey is " + myKey): null

27-02-2025T17:25:50 - [TEST_STEP][PASSED] - println("myValue is " + myValue): null

27-02-2025T17:25:50 - [TEST_STEP][PASSED] - if (myKey != "dummy"): null

27-02-2025T17:25:50 - [TEST_STEP][PASSED] - tObj = testObjectFolder + myValue: null

27-02-2025T17:25:50 - [TEST_STEP][PASSED] - click(tObj): null

27-02-2025T17:25:50 - [TEST_STEP][PASSED] - scrollToObject(object): null

27-02-2025T17:25:50 - [TEST_STEP][PASSED] - println("Converting " + object + " to web element"): null

27-02-2025T17:25:50 - [TEST_STEP][PASSED] - element = findWebElement(findTestObject(object), 1): null

27-02-2025T17:25:50 - [TEST_STEP][PASSED] - loc = element.getLocation(): null

27-02-2025T17:25:50 - [TEST_STEP][PASSED] - x = loc.getX(): null

27-02-2025T17:25:50 - [TEST_STEP][PASSED] - if (x >= 560): null

27-02-2025T17:25:50 - [TEST_STEP][PASSED] - y = loc.getY(): null

27-02-2025T17:25:50 - [TEST_STEP][PASSED] - println("Y location is " + y): null

27-02-2025T17:25:50 - [TEST_STEP][PASSED] - top = getViewportTopPosition(): Current viewport's top (y) position is 707

27-02-2025T17:25:50 - [MESSAGE][PASSED] - Current viewport's top (y) position is 707

27-02-2025T17:25:50 - [TEST_STEP][PASSED] - println("Viewport top is " + top): null

27-02-2025T17:25:50 - [TEST_STEP][PASSED] - bottom = top + 600: null

27-02-2025T17:25:50 - [TEST_STEP][PASSED] - if (y - top < 150 || bottom - y < 10): null

27-02-2025T17:25:50 - [TEST_STEP][PASSED] - click(findTestObject(object)): null

27-02-2025T17:25:50 - [MESSAGE][PASSED] - Object: 'Object Repository/Education Partner Profile/Register/img_How did you hear about MissionNext_field-tooltip' is clicked on

27-02-2025T17:25:50 - [TEST_STEP][PASSED] - delay(1): Delayed 1 second(s)

27-02-2025T17:25:51 - [MESSAGE][PASSED] - Delayed 1 second(s)

27-02-2025T17:25:51 - [TEST_STEP][PASSED] - myImage = tooltipImagePath + myKey + ".png": null

27-02-2025T17:25:51 - [TEST_STEP][PASSED] - f = new java.io.File(myImage): null

27-02-2025T17:25:51 - [TEST_STEP][PASSED] - if (f.exists()): null

27-02-2025T17:25:51 - [TEST_STEP][PASSED] - println("Looking for " + myImage): null

27-02-2025T17:25:51 - [TEST_STEP][PASSED] - icn = Pattern(myImage).similar(0.10): null

27-02-2025T17:25:51 - [TEST_STEP][PASSED] - found = s.exists(icn): null

27-02-2025T17:25:51 - [TEST_STEP][PASSED] - println(found): null

27-02-2025T17:25:51 - [TEST_STEP][PASSED] - if (found != null): null

27-02-2025T17:25:51 - [TEST_STEP][PASSED] - foundStr = found.toString(): null

27-02-2025T17:25:51 - [TEST_STEP][PASSED] - matchP = foundStr.indexOf("%"): null

27-02-2025T17:25:51 - [TEST_STEP][PASSED] - if (matchP >= 0): null

27-02-2025T17:25:51 - [TEST_STEP][PASSED] - println(matchP): null

27-02-2025T17:25:51 - [TEST_STEP][PASSED] - pct = foundStr.substring(matchP + 1, matchP + 6): null

27-02-2025T17:25:51 - [TEST_STEP][PASSED] - pctF = pct.toFloat(): null

27-02-2025T17:25:51 - [TEST_STEP][PASSED] - outText = "+++ Tooltip match value for " + myKey + " is " + pctF + "%": null

27-02-2025T17:25:51 - [TEST_STEP][PASSED] - min = 80: null

27-02-2025T17:25:51 - [TEST_STEP][PASSED] - if (pctF.toFloat() < min.toFloat()): null

27-02-2025T17:25:51 - [TEST_STEP][PASSED] - outText = ">>>>> " + outText + " <<<<<": null

27-02-2025T17:25:51 - [TEST_STEP][PASSED] - if (myKey != "dummy"): null

27-02-2025T17:25:51 - [TEST_STEP][PASSED] - println(outText): null

27-02-2025T17:25:51 - [TEST_STEP][PASSED] - outFile.append(outText + "
"): null

27-02-2025T17:25:51 - [TEST_STEP][PASSED] - outText = "Verifying the tooltip text on the page is what was expected.
": null

27-02-2025T17:25:51 - [TEST_STEP][PASSED] - println(tooltipTextMap): null

27-02-2025T17:25:51 - [TEST_STEP][PASSED] - outFile.append(outText): null

27-02-2025T17:25:51 - [TEST_STEP][PASSED] - for (def it : tooltipText): null

27-02-2025T17:25:51 - [TEST_STEP][PASSED] - println(it): null

27-02-2025T17:25:51 - [TEST_STEP][PASSED] - myKey = key: null

27-02-2025T17:25:51 - [TEST_STEP][PASSED] - myText = value.replace(""", ""): null

27-02-2025T17:25:51 - [TEST_STEP][PASSED] - myText = myText.trim(): null

27-02-2025T17:25:51 - [TEST_STEP][PASSED] - println(myKey): null

27-02-2025T17:25:51 - [TEST_STEP][PASSED] - println(myText): null

27-02-2025T17:25:51 - [TEST_STEP][PASSED] - println(tooltipTextMap.get(myKey)): null

27-02-2025T17:25:51 - [TEST_STEP][PASSED] - actualText = get(myKey).replace(""", ""): null

27-02-2025T17:25:51 - [TEST_STEP][PASSED] - actualText = actualText.trim(): null

27-02-2025T17:25:51 - [TEST_STEP][PASSED] - println(myKey + ":" + actualText): null

27-02-2025T17:25:51 - [TEST_STEP][PASSED] - if (actualText != myText): null

27-02-2025T17:25:51 - [TEST_STEP][PASSED] - println(it): null

27-02-2025T17:25:51 - [TEST_STEP][PASSED] - myKey = key: null

27-02-2025T17:25:51 - [TEST_STEP][PASSED] - myText = value.replace(""", ""): null

27-02-2025T17:25:51 - [TEST_STEP][PASSED] - myText = myText.trim(): null

27-02-2025T17:25:51 - [TEST_STEP][PASSED] - println(myKey): null

27-02-2025T17:25:51 - [TEST_STEP][PASSED] - println(myText): null

27-02-2025T17:25:51 - [TEST_STEP][PASSED] - println(tooltipTextMap.get(myKey)): null

27-02-2025T17:25:51 - [TEST_STEP][PASSED] - actualText = get(myKey).replace(""", ""): null

27-02-2025T17:25:51 - [TEST_STEP][PASSED] - actualText = actualText.trim(): null

27-02-2025T17:25:51 - [TEST_STEP][PASSED] - println(myKey + ":" + actualText): null

27-02-2025T17:25:51 - [TEST_STEP][PASSED] - if (actualText != myText): null

27-02-2025T17:25:51 - [TEST_STEP][PASSED] - println(it): null

27-02-2025T17:25:51 - [TEST_STEP][PASSED] - myKey = key: null

27-02-2025T17:25:51 - [TEST_STEP][PASSED] - myText = value.replace(""", ""): null

27-02-2025T17:25:51 - [TEST_STEP][PASSED] - myText = myText.trim(): null

27-02-2025T17:25:51 - [TEST_STEP][PASSED] - println(myKey): null

27-02-2025T17:25:51 - [TEST_STEP][PASSED] - println(myText): null

27-02-2025T17:25:51 - [TEST_STEP][PASSED] - println(tooltipTextMap.get(myKey)): null

27-02-2025T17:25:51 - [TEST_STEP][PASSED] - actualText = get(myKey).replace(""", ""): null

27-02-2025T17:25:51 - [TEST_STEP][PASSED] - actualText = actualText.trim(): null

27-02-2025T17:25:51 - [TEST_STEP][PASSED] - println(myKey + ":" + actualText): null

27-02-2025T17:25:51 - [TEST_STEP][PASSED] - if (actualText != myText): null

27-02-2025T17:25:51 - [TEST_STEP][PASSED] - println(it): null

27-02-2025T17:25:51 - [TEST_STEP][PASSED] - myKey = key: null

27-02-2025T17:25:51 - [TEST_STEP][PASSED] - myText = value.replace(""", ""): null

27-02-2025T17:25:51 - [TEST_STEP][PASSED] - myText = myText.trim(): null

27-02-2025T17:25:51 - [TEST_STEP][PASSED] - println(myKey): null

27-02-2025T17:25:51 - [TEST_STEP][PASSED] - println(myText): null

27-02-2025T17:25:51 - [TEST_STEP][PASSED] - println(tooltipTextMap.get(myKey)): null

27-02-2025T17:25:51 - [TEST_STEP][PASSED] - actualText = get(myKey).replace(""", ""): null

27-02-2025T17:25:51 - [TEST_STEP][PASSED] - actualText = actualText.trim(): null

27-02-2025T17:25:51 - [TEST_STEP][PASSED] - println(myKey + ":" + actualText): null

27-02-2025T17:25:51 - [TEST_STEP][PASSED] - if (actualText != myText): null

27-02-2025T17:25:51 - [TEST_STEP][PASSED] - println(it): null

27-02-2025T17:25:51 - [TEST_STEP][PASSED] - myKey = key: null

27-02-2025T17:25:51 - [TEST_STEP][PASSED] - myText = value.replace(""", ""): null

27-02-2025T17:25:51 - [TEST_STEP][PASSED] - myText = myText.trim(): null

27-02-2025T17:25:51 - [TEST_STEP][PASSED] - println(myKey): null

27-02-2025T17:25:51 - [TEST_STEP][PASSED] - println(myText): null

27-02-2025T17:25:51 - [TEST_STEP][PASSED] - println(tooltipTextMap.get(myKey)): null

27-02-2025T17:25:51 - [TEST_STEP][PASSED] - actualText = get(myKey).replace(""", ""): null

27-02-2025T17:25:51 - [TEST_STEP][PASSED] - actualText = actualText.trim(): null

27-02-2025T17:25:51 - [TEST_STEP][PASSED] - println(myKey + ":" + actualText): null

27-02-2025T17:25:51 - [TEST_STEP][PASSED] - if (actualText != myText): null

27-02-2025T17:25:51 - [TEST_STEP][PASSED] - println(it): null

27-02-2025T17:25:51 - [TEST_STEP][PASSED] - myKey = key: null

27-02-2025T17:25:51 - [TEST_STEP][PASSED] - myText = value.replace(""", ""): null

27-02-2025T17:25:51 - [TEST_STEP][PASSED] - myText = myText.trim(): null

27-02-2025T17:25:51 - [TEST_STEP][PASSED] - println(myKey): null

27-02-2025T17:25:51 - [TEST_STEP][PASSED] - println(myText): null

27-02-2025T17:25:51 - [TEST_STEP][PASSED] - println(tooltipTextMap.get(myKey)): null

27-02-2025T17:25:51 - [TEST_STEP][PASSED] - actualText = get(myKey).replace(""", ""): null

27-02-2025T17:25:51 - [TEST_STEP][PASSED] - actualText = actualText.trim(): null

27-02-2025T17:25:51 - [TEST_STEP][PASSED] - println(myKey + ":" + actualText): null

27-02-2025T17:25:51 - [TEST_STEP][PASSED] - if (actualText != myText): null

27-02-2025T17:25:51 - [TEST_STEP][PASSED] - println(it): null

27-02-2025T17:25:51 - [TEST_STEP][PASSED] - myKey = key: null

27-02-2025T17:25:51 - [TEST_STEP][PASSED] - myText = value.replace(""", ""): null

27-02-2025T17:25:51 - [TEST_STEP][PASSED] - myText = myText.trim(): null

27-02-2025T17:25:51 - [TEST_STEP][PASSED] - println(myKey): null

27-02-2025T17:25:51 - [TEST_STEP][PASSED] - println(myText): null

27-02-2025T17:25:51 - [TEST_STEP][PASSED] - println(tooltipTextMap.get(myKey)): null

27-02-2025T17:25:51 - [TEST_STEP][PASSED] - actualText = get(myKey).replace(""", ""): null

27-02-2025T17:25:51 - [TEST_STEP][PASSED] - actualText = actualText.trim(): null

27-02-2025T17:25:51 - [TEST_STEP][PASSED] - println(myKey + ":" + actualText): null

27-02-2025T17:25:51 - [TEST_STEP][PASSED] - if (actualText != myText): null

27-02-2025T17:25:51 - [TEST_STEP][PASSED] - println(it): null

27-02-2025T17:25:51 - [TEST_STEP][PASSED] - myKey = key: null

27-02-2025T17:25:51 - [TEST_STEP][PASSED] - myText = value.replace(""", ""): null

27-02-2025T17:25:51 - [TEST_STEP][PASSED] - myText = myText.trim(): null

27-02-2025T17:25:51 - [TEST_STEP][PASSED] - println(myKey): null

27-02-2025T17:25:51 - [TEST_STEP][PASSED] - println(myText): null

27-02-2025T17:25:51 - [TEST_STEP][PASSED] - println(tooltipTextMap.get(myKey)): null

27-02-2025T17:25:51 - [TEST_STEP][PASSED] - actualText = get(myKey).replace(""", ""): null

27-02-2025T17:25:51 - [TEST_STEP][PASSED] - actualText = actualText.trim(): null

27-02-2025T17:25:51 - [TEST_STEP][PASSED] - println(myKey + ":" + actualText): null

27-02-2025T17:25:51 - [TEST_STEP][PASSED] - if (actualText != myText): null

27-02-2025T17:25:51 - [MESSAGE][PASSED] - Call Test Case 'Test Cases/_Functions/Test Tooltips' successfully

27-02-2025T17:25:51 - [TEST_STEP][PASSED] - if (!(fastPath)): null

27-02-2025T17:25:51 - [TEST_STEP][PASSED] - s = new org.sikuli.script.Screen(): null

27-02-2025T17:25:51 - [TEST_STEP][PASSED] - object = "Object Repository/Education Partner Profile/Register/a_Customer Support": null

27-02-2025T17:25:51 - [TEST_STEP][PASSED] - callTestCase(findTestCase("_Functions/Perform Action"), ["varAction":"click", "varObject":object], STOP_ON_FAILURE): Call Test Case 'Test Cases/_Functions/Perform Action' successfully

27-02-2025T17:25:51 - [TEST_CASE][PASSED] - Test Cases/_Functions/Perform Action: Test Cases/_Functions/Perform Action

27-02-2025T17:25:51 - [TEST_STEP][PASSED] - action = varAction: null

27-02-2025T17:25:51 - [TEST_STEP][PASSED] - println(action): null

27-02-2025T17:25:51 - [TEST_STEP][PASSED] - testObject = varObject: null

27-02-2025T17:25:51 - [TEST_STEP][PASSED] - println(testObject): null

27-02-2025T17:25:51 - [TEST_STEP][PASSED] - parm1 = varParm1: null

27-02-2025T17:25:51 - [TEST_STEP][PASSED] - println(parm1): null

27-02-2025T17:25:51 - [TEST_STEP][PASSED] - println("Converting " + testObject + " to web element"): null

27-02-2025T17:25:51 - [TEST_STEP][PASSED] - element = findWebElement(findTestObject(testObject), 1): null

27-02-2025T17:25:51 - [TEST_STEP][PASSED] - loc = element.getLocation(): null

27-02-2025T17:25:51 - [TEST_STEP][PASSED] - y = loc.getY(): null

27-02-2025T17:25:51 - [TEST_STEP][PASSED] - println("Y location is " + y): null

27-02-2025T17:25:51 - [TEST_STEP][PASSED] - top = getViewportTopPosition(): Current viewport's top (y) position is 707

27-02-2025T17:25:51 - [MESSAGE][PASSED] - Current viewport's top (y) position is 707

27-02-2025T17:25:51 - [TEST_STEP][PASSED] - println("Viewport top is " + top): null

27-02-2025T17:25:51 - [TEST_STEP][PASSED] - bottom = top + 600: null

27-02-2025T17:25:51 - [TEST_STEP][PASSED] - if (y - top < 150 || bottom - y < 10): null

27-02-2025T17:25:51 - [TEST_STEP][PASSED] - if (action == "click"): Object: 'Object Repository/Education Partner Profile/Register/a_Customer Support' is clicked on

27-02-2025T17:25:51 - [TEST_STEP][PASSED] - println("clicking"): null

27-02-2025T17:25:51 - [TEST_STEP][PASSED] - click(findTestObject(testObject)): Object: 'Object Repository/Education Partner Profile/Register/a_Customer Support' is clicked on

27-02-2025T17:25:51 - [MESSAGE][PASSED] - Object: 'Object Repository/Education Partner Profile/Register/a_Customer Support' is clicked on

27-02-2025T17:25:51 - [MESSAGE][PASSED] - Call Test Case 'Test Cases/_Functions/Perform Action' successfully

27-02-2025T17:25:51 - [TEST_STEP][PASSED] - delay(1): Delayed 1 second(s)

27-02-2025T17:25:52 - [MESSAGE][PASSED] - Delayed 1 second(s)

27-02-2025T17:25:52 - [TEST_STEP][PASSED] - robot = new java.awt.Robot(): null

27-02-2025T17:25:52 - [TEST_STEP][PASSED] - myImage = "/Users/cckozie/git/MissionNext-Katalon-Koz/images/education partner/Email Customer Support.png": null

27-02-2025T17:25:52 - [TEST_STEP][PASSED] - f = new java.io.File(myImage): null

27-02-2025T17:25:52 - [TEST_STEP][PASSED] - println(f): null

27-02-2025T17:25:52 - [TEST_STEP][PASSED] - if (f.exists()): null

27-02-2025T17:25:52 - [TEST_STEP][PASSED] - println("Looking for " + myImage): null

27-02-2025T17:25:52 - [TEST_STEP][PASSED] - icn = Pattern(myImage).similar(0.10): null

27-02-2025T17:25:52 - [TEST_STEP][PASSED] - found = s.exists(icn): null

27-02-2025T17:25:52 - [TEST_STEP][PASSED] - println(found): null

27-02-2025T17:25:52 - [TEST_STEP][PASSED] - if (found != null): null

27-02-2025T17:25:52 - [TEST_STEP][PASSED] - foundStr = found.toString(): null

27-02-2025T17:25:52 - [TEST_STEP][PASSED] - matchP = foundStr.indexOf("%"): null

27-02-2025T17:25:52 - [TEST_STEP][PASSED] - println(matchP): null

27-02-2025T17:25:52 - [TEST_STEP][PASSED] - pct = foundStr.substring(matchP + 1, matchP + 6): null

27-02-2025T17:25:52 - [TEST_STEP][PASSED] - outText = "+++ Image match for email to customer support is " + pct + "%": null

27-02-2025T17:25:52 - [TEST_STEP][PASSED] - pctF = pct.toFloat(): null

27-02-2025T17:25:52 - [TEST_STEP][PASSED] - min = 80: null

27-02-2025T17:25:52 - [TEST_STEP][PASSED] - if (pct.toFloat() < min.toFloat()): null

27-02-2025T17:25:52 - [TEST_STEP][PASSED] - println(outText): null

27-02-2025T17:25:52 - [TEST_STEP][PASSED] - outFile.append(outText + "
"): null

27-02-2025T17:25:52 - [TEST_STEP][PASSED] - delay(1): Delayed 1 second(s)

27-02-2025T17:25:53 - [MESSAGE][PASSED] - Delayed 1 second(s)

27-02-2025T17:25:53 - [TEST_STEP][PASSED] - robot.keyPress(VK_META): null

27-02-2025T17:25:53 - [TEST_STEP][PASSED] - robot.keyPress(VK_ESCAPE): null

27-02-2025T17:25:53 - [TEST_STEP][PASSED] - robot.keyRelease(VK_ESCAPE): null

27-02-2025T17:25:53 - [TEST_STEP][PASSED] - robot.keyRelease(VK_META): null

27-02-2025T17:25:53 - [TEST_STEP][PASSED] - delay(1): Delayed 1 second(s)

27-02-2025T17:25:54 - [MESSAGE][PASSED] - Delayed 1 second(s)

27-02-2025T17:25:54 - [TEST_STEP][PASSED] - robot.keyPress(VK_META): null

27-02-2025T17:25:54 - [TEST_STEP][PASSED] - robot.keyPress(VK_Q): null

27-02-2025T17:25:55 - [TEST_STEP][PASSED] - robot.keyRelease(VK_Q): null

27-02-2025T17:25:55 - [TEST_STEP][PASSED] - robot.keyRelease(VK_META): null

27-02-2025T17:25:55 - [TEST_STEP][PASSED] - callTestCase(findTestCase("_Functions/Test External Links"), ["varPageLinks":pageLinks, "varObjectPath":"Object Repository/Education Partner Profile/Register/"], OPTIONAL): Call Test Case 'Test Cases/_Functions/Test External Links' successfully

27-02-2025T17:25:55 - [TEST_CASE][PASSED] - Test Cases/_Functions/Test External Links: Test Cases/_Functions/Test External Links

27-02-2025T17:25:55 - [TEST_STEP][PASSED] - if (fastPath): null

27-02-2025T17:25:55 - [TEST_STEP][PASSED] - outFile = outFile: null

27-02-2025T17:25:55 - [TEST_STEP][PASSED] - pageLinks = varPageLinks: null

27-02-2025T17:25:55 - [TEST_STEP][PASSED] - println(pageLinks): null

27-02-2025T17:25:55 - [TEST_STEP][PASSED] - objectPath = varObjectPath: null

27-02-2025T17:25:55 - [TEST_STEP][PASSED] - println(objectPath): null

27-02-2025T17:25:55 - [TEST_STEP][PASSED] - callingTab = varCallingTab: null

27-02-2025T17:25:55 - [TEST_STEP][PASSED] - println(callingTab): null

27-02-2025T17:25:55 - [TEST_STEP][PASSED] - driver = getWebDriver(): null

27-02-2025T17:25:55 - [TEST_STEP][PASSED] - for (def it : pageLinks): Delayed 1 second(s)

27-02-2025T17:25:55 - [TEST_STEP][PASSED] - myElement = "a_" + key: null

27-02-2025T17:25:55 - [TEST_STEP][PASSED] - myText = value: null

27-02-2025T17:25:55 - [TEST_STEP][PASSED] - object = objectPath + myElement: null

27-02-2025T17:25:55 - [TEST_STEP][PASSED] - println(object): null

27-02-2025T17:25:55 - [TEST_STEP][PASSED] - fromURL = getUrl(): Current window's url is: 'https://education.missionnext.org/signup/organization'

27-02-2025T17:25:55 - [MESSAGE][PASSED] - Current window's url is: 'https://education.missionnext.org/signup/organization'

27-02-2025T17:25:55 - [TEST_STEP][PASSED] - callTestCase(findTestCase("_Functions/Perform Action"), ["varAction":"click", "varObject":object], OPTIONAL): Call Test Case 'Test Cases/_Functions/Perform Action' successfully

27-02-2025T17:25:55 - [TEST_CASE][PASSED] - Test Cases/_Functions/Perform Action: Test Cases/_Functions/Perform Action

27-02-2025T17:25:55 - [TEST_STEP][PASSED] - action = varAction: null

27-02-2025T17:25:55 - [TEST_STEP][PASSED] - println(action): null

27-02-2025T17:25:55 - [TEST_STEP][PASSED] - testObject = varObject: null

27-02-2025T17:25:55 - [TEST_STEP][PASSED] - println(testObject): null

27-02-2025T17:25:55 - [TEST_STEP][PASSED] - parm1 = varParm1: null

27-02-2025T17:25:55 - [TEST_STEP][PASSED] - println(parm1): null

27-02-2025T17:25:55 - [TEST_STEP][PASSED] - println("Converting " + testObject + " to web element"): null

27-02-2025T17:25:55 - [TEST_STEP][PASSED] - element = findWebElement(findTestObject(testObject), 1): null

27-02-2025T17:25:55 - [TEST_STEP][PASSED] - loc = element.getLocation(): null

27-02-2025T17:25:55 - [TEST_STEP][PASSED] - y = loc.getY(): null

27-02-2025T17:25:55 - [TEST_STEP][PASSED] - println("Y location is " + y): null

27-02-2025T17:25:55 - [TEST_STEP][PASSED] - top = getViewportTopPosition(): Current viewport's top (y) position is 707

27-02-2025T17:25:55 - [MESSAGE][PASSED] - Current viewport's top (y) position is 707

27-02-2025T17:25:55 - [TEST_STEP][PASSED] - println("Viewport top is " + top): null

27-02-2025T17:25:55 - [TEST_STEP][PASSED] - bottom = top + 600: null

27-02-2025T17:25:55 - [TEST_STEP][PASSED] - if (y - top < 150 || bottom - y < 10): null

27-02-2025T17:25:55 - [TEST_STEP][PASSED] - if (action == "click"): Object: 'Object Repository/Education Partner Profile/Register/a_Affiliated Organizations' is clicked on

27-02-2025T17:25:55 - [TEST_STEP][PASSED] - println("clicking"): null

27-02-2025T17:25:55 - [TEST_STEP][PASSED] - click(findTestObject(testObject)): Object: 'Object Repository/Education Partner Profile/Register/a_Affiliated Organizations' is clicked on

27-02-2025T17:25:55 - [MESSAGE][PASSED] - Object: 'Object Repository/Education Partner Profile/Register/a_Affiliated Organizations' is clicked on

27-02-2025T17:25:55 - [MESSAGE][PASSED] - Call Test Case 'Test Cases/_Functions/Perform Action' successfully

27-02-2025T17:25:55 - [TEST_STEP][PASSED] - toURL = getUrl(): Current window's url is: 'https://education.missionnext.org/signup/organization'

27-02-2025T17:25:55 - [MESSAGE][PASSED] - Current window's url is: 'https://education.missionnext.org/signup/organization'

27-02-2025T17:25:55 - [TEST_STEP][PASSED] - windowHandles = getWindowHandles().toArray(): null

27-02-2025T17:25:55 - [TEST_STEP][PASSED] - windowCount = windowHandles.size(): null

27-02-2025T17:25:55 - [TEST_STEP][PASSED] - if (windowCount == 2): Switched to window with index: '1'

27-02-2025T17:25:55 - [TEST_STEP][PASSED] - switchToWindowIndex(1): Switched to window with index: '1'

27-02-2025T17:25:55 - [MESSAGE][PASSED] - Switched to window with index: '1'

27-02-2025T17:25:55 - [TEST_STEP][PASSED] - if (windowCount == 1 && toURL == fromURL): null

27-02-2025T17:25:55 - [TEST_STEP][PASSED] - else: Text 'Affiliated Organizations' is present on page 

27-02-2025T17:25:55 - [TEST_STEP][PASSED] - waitForPageLoad(10): Wait for page load successfully

27-02-2025T17:26:00 - [MESSAGE][PASSED] - Wait for page load successfully

27-02-2025T17:26:00 - [TEST_STEP][PASSED] - delay(2): Delayed 2 second(s)

27-02-2025T17:26:02 - [MESSAGE][PASSED] - Delayed 2 second(s)

27-02-2025T17:26:02 - [TEST_STEP][PASSED] - textFound = verifyTextPresent(myText, false, OPTIONAL): Text 'Affiliated Organizations' is present on page 

27-02-2025T17:26:02 - [MESSAGE][PASSED] - Text 'Affiliated Organizations' is present on page 

27-02-2025T17:26:02 - [TEST_STEP][PASSED] - if (textFound): null

27-02-2025T17:26:02 - [TEST_STEP][PASSED] - outText = "+++++ The text "" + myText + "" was found after clicking on the " + key + " link": null

27-02-2025T17:26:02 - [TEST_STEP][PASSED] - println(outText): null

27-02-2025T17:26:02 - [TEST_STEP][PASSED] - outFile.append(outText + "
"): null

27-02-2025T17:26:02 - [TEST_STEP][PASSED] - if (windowCount == 2): Delayed 1 second(s)

27-02-2025T17:26:02 - [TEST_STEP][PASSED] - closeWindowIndex(1): Window with index 1 is closed

27-02-2025T17:26:02 - [MESSAGE][PASSED] - Window with index 1 is closed

27-02-2025T17:26:02 - [TEST_STEP][PASSED] - delay(1): Delayed 1 second(s)

27-02-2025T17:26:03 - [MESSAGE][PASSED] - Delayed 1 second(s)

27-02-2025T17:26:03 - [TEST_STEP][PASSED] - switchToWindowIndex(0): Switched to window with index: '0'

27-02-2025T17:26:03 - [MESSAGE][PASSED] - Switched to window with index: '0'

27-02-2025T17:26:03 - [TEST_STEP][PASSED] - delay(1): Delayed 1 second(s)

27-02-2025T17:26:04 - [MESSAGE][PASSED] - Delayed 1 second(s)

27-02-2025T17:26:04 - [TEST_STEP][PASSED] - myElement = "a_" + key: null

27-02-2025T17:26:04 - [TEST_STEP][PASSED] - myText = value: null

27-02-2025T17:26:04 - [TEST_STEP][PASSED] - object = objectPath + myElement: null

27-02-2025T17:26:04 - [TEST_STEP][PASSED] - println(object): null

27-02-2025T17:26:04 - [TEST_STEP][PASSED] - fromURL = getUrl(): Current window's url is: 'https://education.missionnext.org/signup/organization'

27-02-2025T17:26:04 - [MESSAGE][PASSED] - Current window's url is: 'https://education.missionnext.org/signup/organization'

27-02-2025T17:26:04 - [TEST_STEP][PASSED] - callTestCase(findTestCase("_Functions/Perform Action"), ["varAction":"click", "varObject":object], OPTIONAL): Call Test Case 'Test Cases/_Functions/Perform Action' successfully

27-02-2025T17:26:04 - [TEST_CASE][PASSED] - Test Cases/_Functions/Perform Action: Test Cases/_Functions/Perform Action

27-02-2025T17:26:04 - [TEST_STEP][PASSED] - action = varAction: null

27-02-2025T17:26:04 - [TEST_STEP][PASSED] - println(action): null

27-02-2025T17:26:04 - [TEST_STEP][PASSED] - testObject = varObject: null

27-02-2025T17:26:04 - [TEST_STEP][PASSED] - println(testObject): null

27-02-2025T17:26:04 - [TEST_STEP][PASSED] - parm1 = varParm1: null

27-02-2025T17:26:04 - [TEST_STEP][PASSED] - println(parm1): null

27-02-2025T17:26:04 - [TEST_STEP][PASSED] - println("Converting " + testObject + " to web element"): null

27-02-2025T17:26:04 - [TEST_STEP][PASSED] - element = findWebElement(findTestObject(testObject), 1): null

27-02-2025T17:26:04 - [TEST_STEP][PASSED] - loc = element.getLocation(): null

27-02-2025T17:26:04 - [TEST_STEP][PASSED] - y = loc.getY(): null

27-02-2025T17:26:04 - [TEST_STEP][PASSED] - println("Y location is " + y): null

27-02-2025T17:26:04 - [TEST_STEP][PASSED] - top = getViewportTopPosition(): Current viewport's top (y) position is 707

27-02-2025T17:26:04 - [MESSAGE][PASSED] - Current viewport's top (y) position is 707

27-02-2025T17:26:04 - [TEST_STEP][PASSED] - println("Viewport top is " + top): null

27-02-2025T17:26:04 - [TEST_STEP][PASSED] - bottom = top + 600: null

27-02-2025T17:26:04 - [TEST_STEP][PASSED] - if (y - top < 150 || bottom - y < 10): Delayed 1 second(s)

27-02-2025T17:26:04 - [TEST_STEP][PASSED] - scrollToPosition(0, y - 150): Browser is scrolled to position x = 0, y = 659

27-02-2025T17:26:04 - [MESSAGE][PASSED] - Browser is scrolled to position x = 0, y = 659

27-02-2025T17:26:04 - [TEST_STEP][PASSED] - delay(1): Delayed 1 second(s)

27-02-2025T17:26:05 - [MESSAGE][PASSED] - Delayed 1 second(s)

27-02-2025T17:26:05 - [TEST_STEP][PASSED] - if (action == "click"): Object: 'Object Repository/Education Partner Profile/Register/a_countries by region' is clicked on

27-02-2025T17:26:05 - [TEST_STEP][PASSED] - println("clicking"): null

27-02-2025T17:26:05 - [TEST_STEP][PASSED] - click(findTestObject(testObject)): Object: 'Object Repository/Education Partner Profile/Register/a_countries by region' is clicked on

27-02-2025T17:26:05 - [MESSAGE][PASSED] - Object: 'Object Repository/Education Partner Profile/Register/a_countries by region' is clicked on

27-02-2025T17:26:05 - [MESSAGE][PASSED] - Call Test Case 'Test Cases/_Functions/Perform Action' successfully

27-02-2025T17:26:05 - [TEST_STEP][PASSED] - toURL = getUrl(): Current window's url is: 'https://education.missionnext.org/signup/organization'

27-02-2025T17:26:05 - [MESSAGE][PASSED] - Current window's url is: 'https://education.missionnext.org/signup/organization'

27-02-2025T17:26:05 - [TEST_STEP][PASSED] - windowHandles = getWindowHandles().toArray(): null

27-02-2025T17:26:05 - [TEST_STEP][PASSED] - windowCount = windowHandles.size(): null

27-02-2025T17:26:05 - [TEST_STEP][PASSED] - if (windowCount == 2): Switched to window with index: '1'

27-02-2025T17:26:05 - [TEST_STEP][PASSED] - switchToWindowIndex(1): Switched to window with index: '1'

27-02-2025T17:26:05 - [MESSAGE][PASSED] - Switched to window with index: '1'

27-02-2025T17:26:05 - [TEST_STEP][PASSED] - if (windowCount == 1 && toURL == fromURL): null

27-02-2025T17:26:05 - [TEST_STEP][PASSED] - else: Text 'Countries by Region' is present on page 

27-02-2025T17:26:05 - [TEST_STEP][PASSED] - waitForPageLoad(10): Wait for page load successfully

27-02-2025T17:26:06 - [MESSAGE][PASSED] - Wait for page load successfully

27-02-2025T17:26:06 - [TEST_STEP][PASSED] - delay(2): Delayed 2 second(s)

27-02-2025T17:26:08 - [MESSAGE][PASSED] - Delayed 2 second(s)

27-02-2025T17:26:08 - [TEST_STEP][PASSED] - textFound = verifyTextPresent(myText, false, OPTIONAL): Text 'Countries by Region' is present on page 

27-02-2025T17:26:08 - [MESSAGE][PASSED] - Text 'Countries by Region' is present on page 

27-02-2025T17:26:08 - [TEST_STEP][PASSED] - if (textFound): null

27-02-2025T17:26:08 - [TEST_STEP][PASSED] - outText = "+++++ The text "" + myText + "" was found after clicking on the " + key + " link": null

27-02-2025T17:26:08 - [TEST_STEP][PASSED] - println(outText): null

27-02-2025T17:26:08 - [TEST_STEP][PASSED] - outFile.append(outText + "
"): null

27-02-2025T17:26:08 - [TEST_STEP][PASSED] - if (windowCount == 2): Delayed 1 second(s)

27-02-2025T17:26:08 - [TEST_STEP][PASSED] - closeWindowIndex(1): Window with index 1 is closed

27-02-2025T17:26:08 - [MESSAGE][PASSED] - Window with index 1 is closed

27-02-2025T17:26:08 - [TEST_STEP][PASSED] - delay(1): Delayed 1 second(s)

27-02-2025T17:26:09 - [MESSAGE][PASSED] - Delayed 1 second(s)

27-02-2025T17:26:09 - [TEST_STEP][PASSED] - switchToWindowIndex(0): Switched to window with index: '0'

27-02-2025T17:26:09 - [MESSAGE][PASSED] - Switched to window with index: '0'

27-02-2025T17:26:09 - [TEST_STEP][PASSED] - delay(1): Delayed 1 second(s)

27-02-2025T17:26:10 - [MESSAGE][PASSED] - Delayed 1 second(s)

27-02-2025T17:26:10 - [TEST_STEP][PASSED] - myElement = "a_" + key: null

27-02-2025T17:26:10 - [TEST_STEP][PASSED] - myText = value: null

27-02-2025T17:26:10 - [TEST_STEP][PASSED] - object = objectPath + myElement: null

27-02-2025T17:26:10 - [TEST_STEP][PASSED] - println(object): null

27-02-2025T17:26:10 - [TEST_STEP][PASSED] - fromURL = getUrl(): Current window's url is: 'https://education.missionnext.org/signup/organization'

27-02-2025T17:26:10 - [MESSAGE][PASSED] - Current window's url is: 'https://education.missionnext.org/signup/organization'

27-02-2025T17:26:10 - [TEST_STEP][PASSED] - callTestCase(findTestCase("_Functions/Perform Action"), ["varAction":"click", "varObject":object], OPTIONAL): Call Test Case 'Test Cases/_Functions/Perform Action' successfully

27-02-2025T17:26:10 - [TEST_CASE][PASSED] - Test Cases/_Functions/Perform Action: Test Cases/_Functions/Perform Action

27-02-2025T17:26:10 - [TEST_STEP][PASSED] - action = varAction: null

27-02-2025T17:26:10 - [TEST_STEP][PASSED] - println(action): null

27-02-2025T17:26:10 - [TEST_STEP][PASSED] - testObject = varObject: null

27-02-2025T17:26:10 - [TEST_STEP][PASSED] - println(testObject): null

27-02-2025T17:26:10 - [TEST_STEP][PASSED] - parm1 = varParm1: null

27-02-2025T17:26:10 - [TEST_STEP][PASSED] - println(parm1): null

27-02-2025T17:26:10 - [TEST_STEP][PASSED] - println("Converting " + testObject + " to web element"): null

27-02-2025T17:26:10 - [TEST_STEP][PASSED] - element = findWebElement(findTestObject(testObject), 1): null

27-02-2025T17:26:10 - [TEST_STEP][PASSED] - loc = element.getLocation(): null

27-02-2025T17:26:10 - [TEST_STEP][PASSED] - y = loc.getY(): null

27-02-2025T17:26:10 - [TEST_STEP][PASSED] - println("Y location is " + y): null

27-02-2025T17:26:10 - [TEST_STEP][PASSED] - top = getViewportTopPosition(): Current viewport's top (y) position is 659

27-02-2025T17:26:10 - [MESSAGE][PASSED] - Current viewport's top (y) position is 659

27-02-2025T17:26:10 - [TEST_STEP][PASSED] - println("Viewport top is " + top): null

27-02-2025T17:26:10 - [TEST_STEP][PASSED] - bottom = top + 600: null

27-02-2025T17:26:10 - [TEST_STEP][PASSED] - if (y - top < 150 || bottom - y < 10): Delayed 1 second(s)

27-02-2025T17:26:10 - [TEST_STEP][PASSED] - scrollToPosition(0, y - 150): Browser is scrolled to position x = 0, y = 1244

27-02-2025T17:26:10 - [MESSAGE][PASSED] - Browser is scrolled to position x = 0, y = 1244

27-02-2025T17:26:10 - [TEST_STEP][PASSED] - delay(1): Delayed 1 second(s)

27-02-2025T17:26:11 - [MESSAGE][PASSED] - Delayed 1 second(s)

27-02-2025T17:26:11 - [TEST_STEP][PASSED] - if (action == "click"): Object: 'Object Repository/Education Partner Profile/Register/a_Partnership Agreement' is clicked on

27-02-2025T17:26:11 - [TEST_STEP][PASSED] - println("clicking"): null

27-02-2025T17:26:11 - [TEST_STEP][PASSED] - click(findTestObject(testObject)): Object: 'Object Repository/Education Partner Profile/Register/a_Partnership Agreement' is clicked on

27-02-2025T17:26:11 - [MESSAGE][PASSED] - Object: 'Object Repository/Education Partner Profile/Register/a_Partnership Agreement' is clicked on

27-02-2025T17:26:11 - [MESSAGE][PASSED] - Call Test Case 'Test Cases/_Functions/Perform Action' successfully

27-02-2025T17:26:11 - [TEST_STEP][PASSED] - toURL = getUrl(): Current window's url is: 'https://education.missionnext.org/signup/organization'

27-02-2025T17:26:11 - [MESSAGE][PASSED] - Current window's url is: 'https://education.missionnext.org/signup/organization'

27-02-2025T17:26:11 - [TEST_STEP][PASSED] - windowHandles = getWindowHandles().toArray(): null

27-02-2025T17:26:11 - [TEST_STEP][PASSED] - windowCount = windowHandles.size(): null

27-02-2025T17:26:11 - [TEST_STEP][PASSED] - if (windowCount == 2): Switched to window with index: '1'

27-02-2025T17:26:11 - [TEST_STEP][PASSED] - switchToWindowIndex(1): Switched to window with index: '1'

27-02-2025T17:26:11 - [MESSAGE][PASSED] - Switched to window with index: '1'

27-02-2025T17:26:11 - [TEST_STEP][PASSED] - if (windowCount == 1 && toURL == fromURL): null

27-02-2025T17:26:11 - [TEST_STEP][PASSED] - else: Text 'Partnership Agreement' is present on page 

27-02-2025T17:26:11 - [TEST_STEP][PASSED] - waitForPageLoad(10): Wait for page load successfully

27-02-2025T17:26:13 - [MESSAGE][PASSED] - Wait for page load successfully

27-02-2025T17:26:13 - [TEST_STEP][PASSED] - delay(2): Delayed 2 second(s)

27-02-2025T17:26:15 - [MESSAGE][PASSED] - Delayed 2 second(s)

27-02-2025T17:26:15 - [TEST_STEP][PASSED] - textFound = verifyTextPresent(myText, false, OPTIONAL): Text 'Partnership Agreement' is present on page 

27-02-2025T17:26:15 - [MESSAGE][PASSED] - Text 'Partnership Agreement' is present on page 

27-02-2025T17:26:15 - [TEST_STEP][PASSED] - if (textFound): null

27-02-2025T17:26:15 - [TEST_STEP][PASSED] - outText = "+++++ The text "" + myText + "" was found after clicking on the " + key + " link": null

27-02-2025T17:26:15 - [TEST_STEP][PASSED] - println(outText): null

27-02-2025T17:26:15 - [TEST_STEP][PASSED] - outFile.append(outText + "
"): null

27-02-2025T17:26:15 - [TEST_STEP][PASSED] - if (windowCount == 2): Delayed 1 second(s)

27-02-2025T17:26:15 - [TEST_STEP][PASSED] - closeWindowIndex(1): Window with index 1 is closed

27-02-2025T17:26:15 - [MESSAGE][PASSED] - Window with index 1 is closed

27-02-2025T17:26:15 - [TEST_STEP][PASSED] - delay(1): Delayed 1 second(s)

27-02-2025T17:26:16 - [MESSAGE][PASSED] - Delayed 1 second(s)

27-02-2025T17:26:16 - [TEST_STEP][PASSED] - switchToWindowIndex(0): Switched to window with index: '0'

27-02-2025T17:26:16 - [MESSAGE][PASSED] - Switched to window with index: '0'

27-02-2025T17:26:16 - [TEST_STEP][PASSED] - delay(1): Delayed 1 second(s)

27-02-2025T17:26:17 - [MESSAGE][PASSED] - Delayed 1 second(s)

27-02-2025T17:26:17 - [TEST_STEP][PASSED] - myElement = "a_" + key: null

27-02-2025T17:26:17 - [TEST_STEP][PASSED] - myText = value: null

27-02-2025T17:26:17 - [TEST_STEP][PASSED] - object = objectPath + myElement: null

27-02-2025T17:26:17 - [TEST_STEP][PASSED] - println(object): null

27-02-2025T17:26:17 - [TEST_STEP][PASSED] - fromURL = getUrl(): Current window's url is: 'https://education.missionnext.org/signup/organization'

27-02-2025T17:26:17 - [MESSAGE][PASSED] - Current window's url is: 'https://education.missionnext.org/signup/organization'

27-02-2025T17:26:17 - [TEST_STEP][PASSED] - callTestCase(findTestCase("_Functions/Perform Action"), ["varAction":"click", "varObject":object], OPTIONAL): Call Test Case 'Test Cases/_Functions/Perform Action' successfully

27-02-2025T17:26:17 - [TEST_CASE][PASSED] - Test Cases/_Functions/Perform Action: Test Cases/_Functions/Perform Action

27-02-2025T17:26:17 - [TEST_STEP][PASSED] - action = varAction: null

27-02-2025T17:26:17 - [TEST_STEP][PASSED] - println(action): null

27-02-2025T17:26:17 - [TEST_STEP][PASSED] - testObject = varObject: null

27-02-2025T17:26:17 - [TEST_STEP][PASSED] - println(testObject): null

27-02-2025T17:26:17 - [TEST_STEP][PASSED] - parm1 = varParm1: null

27-02-2025T17:26:17 - [TEST_STEP][PASSED] - println(parm1): null

27-02-2025T17:26:17 - [TEST_STEP][PASSED] - println("Converting " + testObject + " to web element"): null

27-02-2025T17:26:17 - [TEST_STEP][PASSED] - element = findWebElement(findTestObject(testObject), 1): null

27-02-2025T17:26:17 - [TEST_STEP][PASSED] - loc = element.getLocation(): null

27-02-2025T17:26:17 - [TEST_STEP][PASSED] - y = loc.getY(): null

27-02-2025T17:26:17 - [TEST_STEP][PASSED] - println("Y location is " + y): null

27-02-2025T17:26:17 - [TEST_STEP][PASSED] - top = getViewportTopPosition(): Current viewport's top (y) position is 1071

27-02-2025T17:26:17 - [MESSAGE][PASSED] - Current viewport's top (y) position is 1071

27-02-2025T17:26:17 - [TEST_STEP][PASSED] - println("Viewport top is " + top): null

27-02-2025T17:26:17 - [TEST_STEP][PASSED] - bottom = top + 600: null

27-02-2025T17:26:17 - [TEST_STEP][PASSED] - if (y - top < 150 || bottom - y < 10): null

27-02-2025T17:26:17 - [TEST_STEP][PASSED] - if (action == "click"): Object: 'Object Repository/Education Partner Profile/Register/a_Privacy Policy' is clicked on

27-02-2025T17:26:17 - [TEST_STEP][PASSED] - println("clicking"): null

27-02-2025T17:26:17 - [TEST_STEP][PASSED] - click(findTestObject(testObject)): Object: 'Object Repository/Education Partner Profile/Register/a_Privacy Policy' is clicked on

27-02-2025T17:26:17 - [MESSAGE][PASSED] - Object: 'Object Repository/Education Partner Profile/Register/a_Privacy Policy' is clicked on

27-02-2025T17:26:17 - [MESSAGE][PASSED] - Call Test Case 'Test Cases/_Functions/Perform Action' successfully

27-02-2025T17:26:17 - [TEST_STEP][PASSED] - toURL = getUrl(): Current window's url is: 'https://education.missionnext.org/signup/organization'

27-02-2025T17:26:17 - [MESSAGE][PASSED] - Current window's url is: 'https://education.missionnext.org/signup/organization'

27-02-2025T17:26:17 - [TEST_STEP][PASSED] - windowHandles = getWindowHandles().toArray(): null

27-02-2025T17:26:17 - [TEST_STEP][PASSED] - windowCount = windowHandles.size(): null

27-02-2025T17:26:17 - [TEST_STEP][PASSED] - if (windowCount == 2): Switched to window with index: '1'

27-02-2025T17:26:17 - [TEST_STEP][PASSED] - switchToWindowIndex(1): Switched to window with index: '1'

27-02-2025T17:26:17 - [MESSAGE][PASSED] - Switched to window with index: '1'

27-02-2025T17:26:17 - [TEST_STEP][PASSED] - if (windowCount == 1 && toURL == fromURL): null

27-02-2025T17:26:17 - [TEST_STEP][PASSED] - else: Text 'Privacy Policy' is present on page 

27-02-2025T17:26:17 - [TEST_STEP][PASSED] - waitForPageLoad(10): Wait for page load successfully

27-02-2025T17:26:19 - [MESSAGE][PASSED] - Wait for page load successfully

27-02-2025T17:26:19 - [TEST_STEP][PASSED] - delay(2): Delayed 2 second(s)

27-02-2025T17:26:21 - [MESSAGE][PASSED] - Delayed 2 second(s)

27-02-2025T17:26:21 - [TEST_STEP][PASSED] - textFound = verifyTextPresent(myText, false, OPTIONAL): Text 'Privacy Policy' is present on page 

27-02-2025T17:26:21 - [MESSAGE][PASSED] - Text 'Privacy Policy' is present on page 

27-02-2025T17:26:21 - [TEST_STEP][PASSED] - if (textFound): null

27-02-2025T17:26:21 - [TEST_STEP][PASSED] - outText = "+++++ The text "" + myText + "" was found after clicking on the " + key + " link": null

27-02-2025T17:26:21 - [TEST_STEP][PASSED] - println(outText): null

27-02-2025T17:26:21 - [TEST_STEP][PASSED] - outFile.append(outText + "
"): null

27-02-2025T17:26:21 - [TEST_STEP][PASSED] - if (windowCount == 2): Delayed 1 second(s)

27-02-2025T17:26:21 - [TEST_STEP][PASSED] - closeWindowIndex(1): Window with index 1 is closed

27-02-2025T17:26:21 - [MESSAGE][PASSED] - Window with index 1 is closed

27-02-2025T17:26:21 - [TEST_STEP][PASSED] - delay(1): Delayed 1 second(s)

27-02-2025T17:26:22 - [MESSAGE][PASSED] - Delayed 1 second(s)

27-02-2025T17:26:22 - [TEST_STEP][PASSED] - switchToWindowIndex(0): Switched to window with index: '0'

27-02-2025T17:26:22 - [MESSAGE][PASSED] - Switched to window with index: '0'

27-02-2025T17:26:22 - [TEST_STEP][PASSED] - delay(1): Delayed 1 second(s)

27-02-2025T17:26:23 - [MESSAGE][PASSED] - Delayed 1 second(s)

27-02-2025T17:26:23 - [TEST_STEP][PASSED] - myElement = "a_" + key: null

27-02-2025T17:26:23 - [TEST_STEP][PASSED] - myText = value: null

27-02-2025T17:26:23 - [TEST_STEP][PASSED] - object = objectPath + myElement: null

27-02-2025T17:26:23 - [TEST_STEP][PASSED] - println(object): null

27-02-2025T17:26:23 - [TEST_STEP][PASSED] - fromURL = getUrl(): Current window's url is: 'https://education.missionnext.org/signup/organization'

27-02-2025T17:26:23 - [MESSAGE][PASSED] - Current window's url is: 'https://education.missionnext.org/signup/organization'

27-02-2025T17:26:23 - [TEST_STEP][PASSED] - callTestCase(findTestCase("_Functions/Perform Action"), ["varAction":"click", "varObject":object], OPTIONAL): Call Test Case 'Test Cases/_Functions/Perform Action' successfully

27-02-2025T17:26:23 - [TEST_CASE][PASSED] - Test Cases/_Functions/Perform Action: Test Cases/_Functions/Perform Action

27-02-2025T17:26:23 - [TEST_STEP][PASSED] - action = varAction: null

27-02-2025T17:26:23 - [TEST_STEP][PASSED] - println(action): null

27-02-2025T17:26:23 - [TEST_STEP][PASSED] - testObject = varObject: null

27-02-2025T17:26:23 - [TEST_STEP][PASSED] - println(testObject): null

27-02-2025T17:26:23 - [TEST_STEP][PASSED] - parm1 = varParm1: null

27-02-2025T17:26:23 - [TEST_STEP][PASSED] - println(parm1): null

27-02-2025T17:26:23 - [TEST_STEP][PASSED] - println("Converting " + testObject + " to web element"): null

27-02-2025T17:26:23 - [TEST_STEP][PASSED] - element = findWebElement(findTestObject(testObject), 1): null

27-02-2025T17:26:23 - [TEST_STEP][PASSED] - loc = element.getLocation(): null

27-02-2025T17:26:23 - [TEST_STEP][PASSED] - y = loc.getY(): null

27-02-2025T17:26:23 - [TEST_STEP][PASSED] - println("Y location is " + y): null

27-02-2025T17:26:23 - [TEST_STEP][PASSED] - top = getViewportTopPosition(): Current viewport's top (y) position is 1071

27-02-2025T17:26:23 - [MESSAGE][PASSED] - Current viewport's top (y) position is 1071

27-02-2025T17:26:23 - [TEST_STEP][PASSED] - println("Viewport top is " + top): null

27-02-2025T17:26:23 - [TEST_STEP][PASSED] - bottom = top + 600: null

27-02-2025T17:26:23 - [TEST_STEP][PASSED] - if (y - top < 150 || bottom - y < 10): Delayed 1 second(s)

27-02-2025T17:26:23 - [TEST_STEP][PASSED] - scrollToPosition(0, y - 150): Browser is scrolled to position x = 0, y = 1054

27-02-2025T17:26:23 - [MESSAGE][PASSED] - Browser is scrolled to position x = 0, y = 1054

27-02-2025T17:26:23 - [TEST_STEP][PASSED] - delay(1): Delayed 1 second(s)

27-02-2025T17:26:24 - [MESSAGE][PASSED] - Delayed 1 second(s)

27-02-2025T17:26:24 - [TEST_STEP][PASSED] - if (action == "click"): Object: 'Object Repository/Education Partner Profile/Register/a_School Qualifications' is clicked on

27-02-2025T17:26:24 - [TEST_STEP][PASSED] - println("clicking"): null

27-02-2025T17:26:24 - [TEST_STEP][PASSED] - click(findTestObject(testObject)): Object: 'Object Repository/Education Partner Profile/Register/a_School Qualifications' is clicked on

27-02-2025T17:26:24 - [MESSAGE][PASSED] - Object: 'Object Repository/Education Partner Profile/Register/a_School Qualifications' is clicked on

27-02-2025T17:26:24 - [MESSAGE][PASSED] - Call Test Case 'Test Cases/_Functions/Perform Action' successfully

27-02-2025T17:26:24 - [TEST_STEP][PASSED] - toURL = getUrl(): Current window's url is: 'https://education.missionnext.org/signup/organization'

27-02-2025T17:26:24 - [MESSAGE][PASSED] - Current window's url is: 'https://education.missionnext.org/signup/organization'

27-02-2025T17:26:24 - [TEST_STEP][PASSED] - windowHandles = getWindowHandles().toArray(): null

27-02-2025T17:26:24 - [TEST_STEP][PASSED] - windowCount = windowHandles.size(): null

27-02-2025T17:26:24 - [TEST_STEP][PASSED] - if (windowCount == 2): Switched to window with index: '1'

27-02-2025T17:26:24 - [TEST_STEP][PASSED] - switchToWindowIndex(1): Switched to window with index: '1'

27-02-2025T17:26:24 - [MESSAGE][PASSED] - Switched to window with index: '1'

27-02-2025T17:26:24 - [TEST_STEP][PASSED] - if (windowCount == 1 && toURL == fromURL): null

27-02-2025T17:26:24 - [TEST_STEP][PASSED] - else: Text 'SCHOOL QUALIFICATIONS' is present on page 

27-02-2025T17:26:24 - [TEST_STEP][PASSED] - waitForPageLoad(10): Wait for page load successfully

27-02-2025T17:26:26 - [MESSAGE][PASSED] - Wait for page load successfully

27-02-2025T17:26:26 - [TEST_STEP][PASSED] - delay(2): Delayed 2 second(s)

27-02-2025T17:26:28 - [MESSAGE][PASSED] - Delayed 2 second(s)

27-02-2025T17:26:28 - [TEST_STEP][PASSED] - textFound = verifyTextPresent(myText, false, OPTIONAL): Text 'SCHOOL QUALIFICATIONS' is present on page 

27-02-2025T17:26:28 - [MESSAGE][PASSED] - Text 'SCHOOL QUALIFICATIONS' is present on page 

27-02-2025T17:26:28 - [TEST_STEP][PASSED] - if (textFound): null

27-02-2025T17:26:28 - [TEST_STEP][PASSED] - outText = "+++++ The text "" + myText + "" was found after clicking on the " + key + " link": null

27-02-2025T17:26:28 - [TEST_STEP][PASSED] - println(outText): null

27-02-2025T17:26:28 - [TEST_STEP][PASSED] - outFile.append(outText + "
"): null

27-02-2025T17:26:28 - [TEST_STEP][PASSED] - if (windowCount == 2): Delayed 1 second(s)

27-02-2025T17:26:28 - [TEST_STEP][PASSED] - closeWindowIndex(1): Window with index 1 is closed

27-02-2025T17:26:28 - [MESSAGE][PASSED] - Window with index 1 is closed

27-02-2025T17:26:28 - [TEST_STEP][PASSED] - delay(1): Delayed 1 second(s)

27-02-2025T17:26:29 - [MESSAGE][PASSED] - Delayed 1 second(s)

27-02-2025T17:26:29 - [TEST_STEP][PASSED] - switchToWindowIndex(0): Switched to window with index: '0'

27-02-2025T17:26:29 - [MESSAGE][PASSED] - Switched to window with index: '0'

27-02-2025T17:26:29 - [TEST_STEP][PASSED] - delay(1): Delayed 1 second(s)

27-02-2025T17:26:30 - [MESSAGE][PASSED] - Delayed 1 second(s)

27-02-2025T17:26:30 - [TEST_STEP][PASSED] - myElement = "a_" + key: null

27-02-2025T17:26:30 - [TEST_STEP][PASSED] - myText = value: null

27-02-2025T17:26:30 - [TEST_STEP][PASSED] - object = objectPath + myElement: null

27-02-2025T17:26:30 - [TEST_STEP][PASSED] - println(object): null

27-02-2025T17:26:30 - [TEST_STEP][PASSED] - fromURL = getUrl(): Current window's url is: 'https://education.missionnext.org/signup/organization'

27-02-2025T17:26:30 - [MESSAGE][PASSED] - Current window's url is: 'https://education.missionnext.org/signup/organization'

27-02-2025T17:26:30 - [TEST_STEP][PASSED] - callTestCase(findTestCase("_Functions/Perform Action"), ["varAction":"click", "varObject":object], OPTIONAL): Call Test Case 'Test Cases/_Functions/Perform Action' successfully

27-02-2025T17:26:30 - [TEST_CASE][PASSED] - Test Cases/_Functions/Perform Action: Test Cases/_Functions/Perform Action

27-02-2025T17:26:30 - [TEST_STEP][PASSED] - action = varAction: null

27-02-2025T17:26:30 - [TEST_STEP][PASSED] - println(action): null

27-02-2025T17:26:30 - [TEST_STEP][PASSED] - testObject = varObject: null

27-02-2025T17:26:30 - [TEST_STEP][PASSED] - println(testObject): null

27-02-2025T17:26:30 - [TEST_STEP][PASSED] - parm1 = varParm1: null

27-02-2025T17:26:30 - [TEST_STEP][PASSED] - println(parm1): null

27-02-2025T17:26:30 - [TEST_STEP][PASSED] - println("Converting " + testObject + " to web element"): null

27-02-2025T17:26:30 - [TEST_STEP][PASSED] - element = findWebElement(findTestObject(testObject), 1): null

27-02-2025T17:26:30 - [TEST_STEP][PASSED] - loc = element.getLocation(): null

27-02-2025T17:26:30 - [TEST_STEP][PASSED] - y = loc.getY(): null

27-02-2025T17:26:30 - [TEST_STEP][PASSED] - println("Y location is " + y): null

27-02-2025T17:26:30 - [TEST_STEP][PASSED] - top = getViewportTopPosition(): Current viewport's top (y) position is 1054

27-02-2025T17:26:30 - [MESSAGE][PASSED] - Current viewport's top (y) position is 1054

27-02-2025T17:26:30 - [TEST_STEP][PASSED] - println("Viewport top is " + top): null

27-02-2025T17:26:30 - [TEST_STEP][PASSED] - bottom = top + 600: null

27-02-2025T17:26:30 - [TEST_STEP][PASSED] - if (y - top < 150 || bottom - y < 10): null

27-02-2025T17:26:30 - [TEST_STEP][PASSED] - if (action == "click"): Object: 'Object Repository/Education Partner Profile/Register/a_Terms and Conditions' is clicked on

27-02-2025T17:26:30 - [TEST_STEP][PASSED] - println("clicking"): null

27-02-2025T17:26:30 - [TEST_STEP][PASSED] - click(findTestObject(testObject)): Object: 'Object Repository/Education Partner Profile/Register/a_Terms and Conditions' is clicked on

27-02-2025T17:26:30 - [MESSAGE][PASSED] - Object: 'Object Repository/Education Partner Profile/Register/a_Terms and Conditions' is clicked on

27-02-2025T17:26:30 - [MESSAGE][PASSED] - Call Test Case 'Test Cases/_Functions/Perform Action' successfully

27-02-2025T17:26:30 - [TEST_STEP][PASSED] - toURL = getUrl(): Current window's url is: 'https://education.missionnext.org/signup/organization'

27-02-2025T17:26:30 - [MESSAGE][PASSED] - Current window's url is: 'https://education.missionnext.org/signup/organization'

27-02-2025T17:26:30 - [TEST_STEP][PASSED] - windowHandles = getWindowHandles().toArray(): null

27-02-2025T17:26:30 - [TEST_STEP][PASSED] - windowCount = windowHandles.size(): null

27-02-2025T17:26:30 - [TEST_STEP][PASSED] - if (windowCount == 2): Switched to window with index: '1'

27-02-2025T17:26:30 - [TEST_STEP][PASSED] - switchToWindowIndex(1): Switched to window with index: '1'

27-02-2025T17:26:30 - [MESSAGE][PASSED] - Switched to window with index: '1'

27-02-2025T17:26:30 - [TEST_STEP][PASSED] - if (windowCount == 1 && toURL == fromURL): null

27-02-2025T17:26:30 - [TEST_STEP][PASSED] - else: Text 'Terms and Conditions' is present on page 

27-02-2025T17:26:30 - [TEST_STEP][PASSED] - waitForPageLoad(10): Wait for page load successfully

27-02-2025T17:26:32 - [MESSAGE][PASSED] - Wait for page load successfully

27-02-2025T17:26:32 - [TEST_STEP][PASSED] - delay(2): Delayed 2 second(s)

27-02-2025T17:26:34 - [MESSAGE][PASSED] - Delayed 2 second(s)

27-02-2025T17:26:34 - [TEST_STEP][PASSED] - textFound = verifyTextPresent(myText, false, OPTIONAL): Text 'Terms and Conditions' is present on page 

27-02-2025T17:26:34 - [MESSAGE][PASSED] - Text 'Terms and Conditions' is present on page 

27-02-2025T17:26:34 - [TEST_STEP][PASSED] - if (textFound): null

27-02-2025T17:26:34 - [TEST_STEP][PASSED] - outText = "+++++ The text "" + myText + "" was found after clicking on the " + key + " link": null

27-02-2025T17:26:34 - [TEST_STEP][PASSED] - println(outText): null

27-02-2025T17:26:34 - [TEST_STEP][PASSED] - outFile.append(outText + "
"): null

27-02-2025T17:26:34 - [TEST_STEP][PASSED] - if (windowCount == 2): Delayed 1 second(s)

27-02-2025T17:26:34 - [TEST_STEP][PASSED] - closeWindowIndex(1): Window with index 1 is closed

27-02-2025T17:26:34 - [MESSAGE][PASSED] - Window with index 1 is closed

27-02-2025T17:26:34 - [TEST_STEP][PASSED] - delay(1): Delayed 1 second(s)

27-02-2025T17:26:35 - [MESSAGE][PASSED] - Delayed 1 second(s)

27-02-2025T17:26:35 - [TEST_STEP][PASSED] - switchToWindowIndex(0): Switched to window with index: '0'

27-02-2025T17:26:35 - [MESSAGE][PASSED] - Switched to window with index: '0'

27-02-2025T17:26:35 - [TEST_STEP][PASSED] - delay(1): Delayed 1 second(s)

27-02-2025T17:26:36 - [MESSAGE][PASSED] - Delayed 1 second(s)

27-02-2025T17:26:36 - [MESSAGE][PASSED] - Call Test Case 'Test Cases/_Functions/Test External Links' successfully

27-02-2025T17:26:36 - [TEST_STEP][PASSED] - object = "Education Partner Profile/Register/button_Sign up": null

27-02-2025T17:26:36 - [TEST_STEP][PASSED] - callTestCase(findTestCase("_Functions/Perform Action"), ["varAction":"click", "varObject":object], STOP_ON_FAILURE): Call Test Case 'Test Cases/_Functions/Perform Action' successfully

27-02-2025T17:26:36 - [TEST_CASE][PASSED] - Test Cases/_Functions/Perform Action: Test Cases/_Functions/Perform Action

27-02-2025T17:26:36 - [TEST_STEP][PASSED] - action = varAction: null

27-02-2025T17:26:36 - [TEST_STEP][PASSED] - println(action): null

27-02-2025T17:26:36 - [TEST_STEP][PASSED] - testObject = varObject: null

27-02-2025T17:26:36 - [TEST_STEP][PASSED] - println(testObject): null

27-02-2025T17:26:36 - [TEST_STEP][PASSED] - parm1 = varParm1: null

27-02-2025T17:26:36 - [TEST_STEP][PASSED] - println(parm1): null

27-02-2025T17:26:36 - [TEST_STEP][PASSED] - println("Converting " + testObject + " to web element"): null

27-02-2025T17:26:36 - [TEST_STEP][PASSED] - element = findWebElement(findTestObject(testObject), 1): null

27-02-2025T17:26:36 - [TEST_STEP][PASSED] - loc = element.getLocation(): null

27-02-2025T17:26:36 - [TEST_STEP][PASSED] - y = loc.getY(): null

27-02-2025T17:26:36 - [TEST_STEP][PASSED] - println("Y location is " + y): null

27-02-2025T17:26:36 - [TEST_STEP][PASSED] - top = getViewportTopPosition(): Current viewport's top (y) position is 1054

27-02-2025T17:26:36 - [MESSAGE][PASSED] - Current viewport's top (y) position is 1054

27-02-2025T17:26:36 - [TEST_STEP][PASSED] - println("Viewport top is " + top): null

27-02-2025T17:26:36 - [TEST_STEP][PASSED] - bottom = top + 600: null

27-02-2025T17:26:36 - [TEST_STEP][PASSED] - if (y - top < 150 || bottom - y < 10): null

27-02-2025T17:26:36 - [TEST_STEP][PASSED] - if (action == "click"): Object: 'Object Repository/Education Partner Profile/Register/button_Sign up' is clicked on

27-02-2025T17:26:36 - [TEST_STEP][PASSED] - println("clicking"): null

27-02-2025T17:26:36 - [TEST_STEP][PASSED] - click(findTestObject(testObject)): Object: 'Object Repository/Education Partner Profile/Register/button_Sign up' is clicked on

27-02-2025T17:26:39 - [MESSAGE][PASSED] - Object: 'Object Repository/Education Partner Profile/Register/button_Sign up' is clicked on

27-02-2025T17:26:39 - [MESSAGE][PASSED] - Call Test Case 'Test Cases/_Functions/Perform Action' successfully

27-02-2025T17:26:39 - [TEST_STEP][PASSED] - fieldList = ["Username", "Password", "Key Contact Email"]: null

27-02-2025T17:26:39 - [TEST_STEP][PASSED] - outText = "Verifying the field messages for " + fieldList + ".
": null

27-02-2025T17:26:39 - [TEST_STEP][PASSED] - outFile.append(outText): null

27-02-2025T17:26:39 - [TEST_STEP][PASSED] - callTestCase(findTestCase("_Functions/Test Field Error Messages"), ["varFieldList":fieldList, "varRequiredFieldMsgs":requiredFieldMsgs], STOP_ON_FAILURE): Call Test Case 'Test Cases/_Functions/Test Field Error Messages' successfully

27-02-2025T17:26:39 - [TEST_CASE][PASSED] - Test Cases/_Functions/Test Field Error Messages: Test Cases/_Functions/Test Field Error Messages

27-02-2025T17:26:39 - [TEST_STEP][PASSED] - count = callTestCase(findTestCase("_Functions/Find error messages"), ["varFunction":"count"], STOP_ON_FAILURE): Call Test Case 'Test Cases/_Functions/Find error messages' successfully

27-02-2025T17:26:40 - [TEST_CASE][PASSED] - Test Cases/_Functions/Find error messages: Test Cases/_Functions/Find error messages

27-02-2025T17:26:40 - [TEST_STEP][PASSED] - function = "count": null

27-02-2025T17:26:40 - [TEST_STEP][PASSED] - if (binding.hasVariable("varFunction")): null

27-02-2025T17:26:40 - [TEST_STEP][PASSED] - function = varFunction: null

27-02-2025T17:26:40 - [TEST_STEP][PASSED] - title = getWindowTitle(): Current window's title is: 'Education'

27-02-2025T17:26:40 - [MESSAGE][PASSED] - Current window's title is: 'Education'

27-02-2025T17:26:40 - [TEST_STEP][PASSED] - println("Page title is " + title): null

27-02-2025T17:26:40 - [TEST_STEP][PASSED] - driver = getWebDriver(): null

27-02-2025T17:26:40 - [TEST_STEP][PASSED] - elements = driver.findElements(By.xpath("//div[@class='col-sm-offset-3 col-sm-9 text-danger']")): null

27-02-2025T17:26:40 - [TEST_STEP][PASSED] - if (function == "count"): null

27-02-2025T17:26:40 - [TEST_STEP][PASSED] - return elements.size(): null

27-02-2025T17:26:40 - [MESSAGE][PASSED] - Call Test Case 'Test Cases/_Functions/Find error messages' successfully

27-02-2025T17:26:40 - [TEST_STEP][PASSED] - outFile = outFile: null

27-02-2025T17:26:40 - [TEST_STEP][PASSED] - if (count == 0): null

27-02-2025T17:26:40 - [TEST_STEP][PASSED] - else: Delayed 0 second(s)

27-02-2025T17:26:40 - [TEST_STEP][PASSED] - fieldList = varFieldList: null

27-02-2025T17:26:40 - [TEST_STEP][PASSED] - requiredFieldMsgs = varRequiredFieldMsgs: null

27-02-2025T17:26:40 - [TEST_STEP][PASSED] - outText = "Verifying error messages for fields " + fieldList: null

27-02-2025T17:26:40 - [TEST_STEP][PASSED] - for (def field : fieldList): null

27-02-2025T17:26:40 - [TEST_STEP][PASSED] - errorMsg = requiredFieldMsgs.get(field): null

27-02-2025T17:26:40 - [TEST_STEP][PASSED] - msg = verifyTextPresent(errorMsg, false, OPTIONAL): Text 'Username must be unique; at least 6 characters; contain only lowercase letters; allowable characters: numbers, @, dash, underscore or period, and can be an email address.' is present on page 

27-02-2025T17:26:40 - [MESSAGE][PASSED] - Text 'Username must be unique; at least 6 characters; contain only lowercase letters; allowable characters: numbers, @, dash, underscore or period, and can be an email address.' is present on page 

27-02-2025T17:26:40 - [TEST_STEP][PASSED] - println(field + ":" + msg): null

27-02-2025T17:26:40 - [TEST_STEP][PASSED] - if (!(msg)): null

27-02-2025T17:26:40 - [TEST_STEP][PASSED] - errorMsg = requiredFieldMsgs.get(field): null

27-02-2025T17:26:40 - [TEST_STEP][PASSED] - msg = verifyTextPresent(errorMsg, false, OPTIONAL): Text 'The password should be at least twelve characters long; should include numbers, letters, capitals; may have special characters (@, #, *, spaces, etc.) and may include a passphrase.' is present on page 

27-02-2025T17:26:40 - [MESSAGE][PASSED] - Text 'The password should be at least twelve characters long; should include numbers, letters, capitals; may have special characters (@, #, *, spaces, etc.) and may include a passphrase.' is present on page 

27-02-2025T17:26:40 - [TEST_STEP][PASSED] - println(field + ":" + msg): null

27-02-2025T17:26:40 - [TEST_STEP][PASSED] - if (!(msg)): null

27-02-2025T17:26:40 - [TEST_STEP][PASSED] - errorMsg = requiredFieldMsgs.get(field): null

27-02-2025T17:26:40 - [TEST_STEP][PASSED] - msg = verifyTextPresent(errorMsg, false, OPTIONAL): Text 'Please enter a valid email address.' is present on page 

27-02-2025T17:26:40 - [MESSAGE][PASSED] - Text 'Please enter a valid email address.' is present on page 

27-02-2025T17:26:40 - [TEST_STEP][PASSED] - println(field + ":" + msg): null

27-02-2025T17:26:40 - [TEST_STEP][PASSED] - if (!(msg)): null

27-02-2025T17:26:40 - [TEST_STEP][PASSED] - delay(fieldTestDelay): Delayed 0 second(s)

27-02-2025T17:26:40 - [MESSAGE][PASSED] - Delayed 0 second(s)

27-02-2025T17:26:40 - [MESSAGE][PASSED] - Call Test Case 'Test Cases/_Functions/Test Field Error Messages' successfully

27-02-2025T17:26:40 - [TEST_STEP][PASSED] - object = "Education Partner Profile/Register/input_Username": null

27-02-2025T17:26:40 - [TEST_STEP][PASSED] - callTestCase(findTestCase("_Functions/Perform Action"), ["varAction":"setText", "varObject":object, "varParm1":username], STOP_ON_FAILURE): Call Test Case 'Test Cases/_Functions/Perform Action' successfully

27-02-2025T17:26:40 - [TEST_CASE][PASSED] - Test Cases/_Functions/Perform Action: Test Cases/_Functions/Perform Action

27-02-2025T17:26:40 - [TEST_STEP][PASSED] - action = varAction: null

27-02-2025T17:26:40 - [TEST_STEP][PASSED] - println(action): null

27-02-2025T17:26:40 - [TEST_STEP][PASSED] - testObject = varObject: null

27-02-2025T17:26:40 - [TEST_STEP][PASSED] - println(testObject): null

27-02-2025T17:26:40 - [TEST_STEP][PASSED] - parm1 = varParm1: null

27-02-2025T17:26:40 - [TEST_STEP][PASSED] - println(parm1): null

27-02-2025T17:26:40 - [TEST_STEP][PASSED] - println("Converting " + testObject + " to web element"): null

27-02-2025T17:26:40 - [TEST_STEP][PASSED] - element = findWebElement(findTestObject(testObject), 1): null

27-02-2025T17:26:40 - [TEST_STEP][PASSED] - loc = element.getLocation(): null

27-02-2025T17:26:40 - [TEST_STEP][PASSED] - y = loc.getY(): null

27-02-2025T17:26:40 - [TEST_STEP][PASSED] - println("Y location is " + y): null

27-02-2025T17:26:40 - [TEST_STEP][PASSED] - top = getViewportTopPosition(): Current viewport's top (y) position is 0

27-02-2025T17:26:40 - [MESSAGE][PASSED] - Current viewport's top (y) position is 0

27-02-2025T17:26:40 - [TEST_STEP][PASSED] - println("Viewport top is " + top): null

27-02-2025T17:26:40 - [TEST_STEP][PASSED] - bottom = top + 600: null

27-02-2025T17:26:40 - [TEST_STEP][PASSED] - if (y - top < 150 || bottom - y < 10): null

27-02-2025T17:26:40 - [TEST_STEP][PASSED] - if (action == "click"): null

27-02-2025T17:26:40 - [TEST_STEP][PASSED] - else if (action == "selectOptionByValue"): null

27-02-2025T17:26:40 - [TEST_STEP][PASSED] - else if (action == "setText"): Text 'cktest06ep' is set on object 'Object Repository/Education Partner Profile/Register/input_Username'

27-02-2025T17:26:40 - [TEST_STEP][PASSED] - println("Setting text " + parm1): null

27-02-2025T17:26:40 - [TEST_STEP][PASSED] - setText(findTestObject(testObject), parm1): Text 'cktest06ep' is set on object 'Object Repository/Education Partner Profile/Register/input_Username'

27-02-2025T17:26:40 - [MESSAGE][PASSED] - Text 'cktest06ep' is set on object 'Object Repository/Education Partner Profile/Register/input_Username'

27-02-2025T17:26:40 - [MESSAGE][PASSED] - Call Test Case 'Test Cases/_Functions/Perform Action' successfully

27-02-2025T17:26:40 - [TEST_STEP][PASSED] - object = "Education Partner Profile/Register/input_Password": null

27-02-2025T17:26:40 - [TEST_STEP][PASSED] - callTestCase(findTestCase("_Functions/Perform Action"), ["varAction":"setEncryptedText", "varObject":object, "varParm1":password], STOP_ON_FAILURE): Call Test Case 'Test Cases/_Functions/Perform Action' successfully

27-02-2025T17:26:40 - [TEST_CASE][PASSED] - Test Cases/_Functions/Perform Action: Test Cases/_Functions/Perform Action

27-02-2025T17:26:40 - [TEST_STEP][PASSED] - action = varAction: null

27-02-2025T17:26:40 - [TEST_STEP][PASSED] - println(action): null

27-02-2025T17:26:40 - [TEST_STEP][PASSED] - testObject = varObject: null

27-02-2025T17:26:40 - [TEST_STEP][PASSED] - println(testObject): null

27-02-2025T17:26:40 - [TEST_STEP][PASSED] - parm1 = varParm1: null

27-02-2025T17:26:40 - [TEST_STEP][PASSED] - println(parm1): null

27-02-2025T17:26:40 - [TEST_STEP][PASSED] - println("Converting " + testObject + " to web element"): null

27-02-2025T17:26:40 - [TEST_STEP][PASSED] - element = findWebElement(findTestObject(testObject), 1): null

27-02-2025T17:26:40 - [TEST_STEP][PASSED] - loc = element.getLocation(): null

27-02-2025T17:26:40 - [TEST_STEP][PASSED] - y = loc.getY(): null

27-02-2025T17:26:40 - [TEST_STEP][PASSED] - println("Y location is " + y): null

27-02-2025T17:26:40 - [TEST_STEP][PASSED] - top = getViewportTopPosition(): Current viewport's top (y) position is 0

27-02-2025T17:26:40 - [MESSAGE][PASSED] - Current viewport's top (y) position is 0

27-02-2025T17:26:40 - [TEST_STEP][PASSED] - println("Viewport top is " + top): null

27-02-2025T17:26:40 - [TEST_STEP][PASSED] - bottom = top + 600: null

27-02-2025T17:26:40 - [TEST_STEP][PASSED] - if (y - top < 150 || bottom - y < 10): null

27-02-2025T17:26:40 - [TEST_STEP][PASSED] - if (action == "click"): null

27-02-2025T17:26:40 - [TEST_STEP][PASSED] - else if (action == "selectOptionByValue"): null

27-02-2025T17:26:40 - [TEST_STEP][PASSED] - else if (action == "setText"): null

27-02-2025T17:26:40 - [TEST_STEP][PASSED] - else if (action == "setEncryptedText"): Text ****** has been set on object 'Object Repository/Education Partner Profile/Register/input_Password'

27-02-2025T17:26:40 - [TEST_STEP][PASSED] - println("Setting encrypted text " + parm1): null

27-02-2025T17:26:40 - [TEST_STEP][PASSED] - setEncryptedText(findTestObject(testObject), parm1): Text ****** has been set on object 'Object Repository/Education Partner Profile/Register/input_Password'

27-02-2025T17:26:40 - [MESSAGE][PASSED] - Text ****** has been set on object 'Object Repository/Education Partner Profile/Register/input_Password'

27-02-2025T17:26:40 - [MESSAGE][PASSED] - Call Test Case 'Test Cases/_Functions/Perform Action' successfully

27-02-2025T17:26:40 - [TEST_STEP][PASSED] - object = "Education Partner Profile/Register/input_Key Contact Email": null

27-02-2025T17:26:40 - [TEST_STEP][PASSED] - callTestCase(findTestCase("_Functions/Perform Action"), ["varAction":"setText", "varObject":object, "varParm1":email], STOP_ON_FAILURE): Call Test Case 'Test Cases/_Functions/Perform Action' successfully

27-02-2025T17:26:40 - [TEST_CASE][PASSED] - Test Cases/_Functions/Perform Action: Test Cases/_Functions/Perform Action

27-02-2025T17:26:40 - [TEST_STEP][PASSED] - action = varAction: null

27-02-2025T17:26:40 - [TEST_STEP][PASSED] - println(action): null

27-02-2025T17:26:40 - [TEST_STEP][PASSED] - testObject = varObject: null

27-02-2025T17:26:40 - [TEST_STEP][PASSED] - println(testObject): null

27-02-2025T17:26:40 - [TEST_STEP][PASSED] - parm1 = varParm1: null

27-02-2025T17:26:40 - [TEST_STEP][PASSED] - println(parm1): null

27-02-2025T17:26:40 - [TEST_STEP][PASSED] - println("Converting " + testObject + " to web element"): null

27-02-2025T17:26:40 - [TEST_STEP][PASSED] - element = findWebElement(findTestObject(testObject), 1): null

27-02-2025T17:26:40 - [TEST_STEP][PASSED] - loc = element.getLocation(): null

27-02-2025T17:26:40 - [TEST_STEP][PASSED] - y = loc.getY(): null

27-02-2025T17:26:40 - [TEST_STEP][PASSED] - println("Y location is " + y): null

27-02-2025T17:26:40 - [TEST_STEP][PASSED] - top = getViewportTopPosition(): Current viewport's top (y) position is 0

27-02-2025T17:26:40 - [MESSAGE][PASSED] - Current viewport's top (y) position is 0

27-02-2025T17:26:40 - [TEST_STEP][PASSED] - println("Viewport top is " + top): null

27-02-2025T17:26:40 - [TEST_STEP][PASSED] - bottom = top + 600: null

27-02-2025T17:26:40 - [TEST_STEP][PASSED] - if (y - top < 150 || bottom - y < 10): Delayed 1 second(s)

27-02-2025T17:26:40 - [TEST_STEP][PASSED] - scrollToPosition(0, y - 150): Browser is scrolled to position x = 0, y = 536

27-02-2025T17:26:40 - [MESSAGE][PASSED] - Browser is scrolled to position x = 0, y = 536

27-02-2025T17:26:40 - [TEST_STEP][PASSED] - delay(1): Delayed 1 second(s)

27-02-2025T17:26:41 - [MESSAGE][PASSED] - Delayed 1 second(s)

27-02-2025T17:26:41 - [TEST_STEP][PASSED] - if (action == "click"): null

27-02-2025T17:26:41 - [TEST_STEP][PASSED] - else if (action == "selectOptionByValue"): null

27-02-2025T17:26:41 - [TEST_STEP][PASSED] - else if (action == "setText"): Text 'cktest06@missionnext.org' is set on object 'Object Repository/Education Partner Profile/Register/input_Key Contact Email'

27-02-2025T17:26:41 - [TEST_STEP][PASSED] - println("Setting text " + parm1): null

27-02-2025T17:26:41 - [TEST_STEP][PASSED] - setText(findTestObject(testObject), parm1): Text 'cktest06@missionnext.org' is set on object 'Object Repository/Education Partner Profile/Register/input_Key Contact Email'

27-02-2025T17:26:41 - [MESSAGE][PASSED] - Text 'cktest06@missionnext.org' is set on object 'Object Repository/Education Partner Profile/Register/input_Key Contact Email'

27-02-2025T17:26:41 - [MESSAGE][PASSED] - Call Test Case 'Test Cases/_Functions/Perform Action' successfully

27-02-2025T17:26:41 - [TEST_STEP][PASSED] - object = "Education Partner Profile/Register/button_Sign up": null

27-02-2025T17:26:41 - [TEST_STEP][PASSED] - callTestCase(findTestCase("_Functions/Perform Action"), ["varAction":"click", "varObject":object], STOP_ON_FAILURE): Call Test Case 'Test Cases/_Functions/Perform Action' successfully

27-02-2025T17:26:41 - [TEST_CASE][PASSED] - Test Cases/_Functions/Perform Action: Test Cases/_Functions/Perform Action

27-02-2025T17:26:41 - [TEST_STEP][PASSED] - action = varAction: null

27-02-2025T17:26:41 - [TEST_STEP][PASSED] - println(action): null

27-02-2025T17:26:41 - [TEST_STEP][PASSED] - testObject = varObject: null

27-02-2025T17:26:41 - [TEST_STEP][PASSED] - println(testObject): null

27-02-2025T17:26:41 - [TEST_STEP][PASSED] - parm1 = varParm1: null

27-02-2025T17:26:41 - [TEST_STEP][PASSED] - println(parm1): null

27-02-2025T17:26:41 - [TEST_STEP][PASSED] - println("Converting " + testObject + " to web element"): null

27-02-2025T17:26:41 - [TEST_STEP][PASSED] - element = findWebElement(findTestObject(testObject), 1): null

27-02-2025T17:26:41 - [TEST_STEP][PASSED] - loc = element.getLocation(): null

27-02-2025T17:26:41 - [TEST_STEP][PASSED] - y = loc.getY(): null

27-02-2025T17:26:41 - [TEST_STEP][PASSED] - println("Y location is " + y): null

27-02-2025T17:26:41 - [TEST_STEP][PASSED] - top = getViewportTopPosition(): Current viewport's top (y) position is 536

27-02-2025T17:26:41 - [MESSAGE][PASSED] - Current viewport's top (y) position is 536

27-02-2025T17:26:41 - [TEST_STEP][PASSED] - println("Viewport top is " + top): null

27-02-2025T17:26:41 - [TEST_STEP][PASSED] - bottom = top + 600: null

27-02-2025T17:26:41 - [TEST_STEP][PASSED] - if (y - top < 150 || bottom - y < 10): Delayed 1 second(s)

27-02-2025T17:26:41 - [TEST_STEP][PASSED] - scrollToPosition(0, y - 150): Browser is scrolled to position x = 0, y = 1465

27-02-2025T17:26:41 - [MESSAGE][PASSED] - Browser is scrolled to position x = 0, y = 1465

27-02-2025T17:26:41 - [TEST_STEP][PASSED] - delay(1): Delayed 1 second(s)

27-02-2025T17:26:42 - [MESSAGE][PASSED] - Delayed 1 second(s)

27-02-2025T17:26:42 - [TEST_STEP][PASSED] - if (action == "click"): Object: 'Object Repository/Education Partner Profile/Register/button_Sign up' is clicked on

27-02-2025T17:26:42 - [TEST_STEP][PASSED] - println("clicking"): null

27-02-2025T17:26:42 - [TEST_STEP][PASSED] - click(findTestObject(testObject)): Object: 'Object Repository/Education Partner Profile/Register/button_Sign up' is clicked on

27-02-2025T17:26:44 - [MESSAGE][PASSED] - Object: 'Object Repository/Education Partner Profile/Register/button_Sign up' is clicked on

27-02-2025T17:26:44 - [MESSAGE][PASSED] - Call Test Case 'Test Cases/_Functions/Perform Action' successfully

27-02-2025T17:26:44 - [TEST_STEP][PASSED] - waitForPageLoad(10): Wait for page load successfully

27-02-2025T17:26:44 - [MESSAGE][PASSED] - Wait for page load successfully

27-02-2025T17:26:44 - [TEST_STEP][PASSED] - fieldList = ["Key Contact First Name", "Key Contact Last Name", "Organization", "Description", "Website Address", "Meet Christian School Qualifications", "Partnership Agreement", "Terms and Conditions"]: null

27-02-2025T17:26:44 - [TEST_STEP][PASSED] - outText = "Verifying the field messages for " + fieldList + ".
": null

27-02-2025T17:26:44 - [TEST_STEP][PASSED] - outFile.append(outText): null

27-02-2025T17:26:44 - [TEST_STEP][PASSED] - callTestCase(findTestCase("_Functions/Test Field Error Messages"), ["varFieldList":fieldList, "varRequiredFieldMsgs":requiredFieldMsgs], STOP_ON_FAILURE): Call Test Case 'Test Cases/_Functions/Test Field Error Messages' successfully

27-02-2025T17:26:44 - [TEST_CASE][PASSED] - Test Cases/_Functions/Test Field Error Messages: Test Cases/_Functions/Test Field Error Messages

27-02-2025T17:26:44 - [TEST_STEP][PASSED] - count = callTestCase(findTestCase("_Functions/Find error messages"), ["varFunction":"count"], STOP_ON_FAILURE): Call Test Case 'Test Cases/_Functions/Find error messages' successfully

27-02-2025T17:26:44 - [TEST_CASE][PASSED] - Test Cases/_Functions/Find error messages: Test Cases/_Functions/Find error messages

27-02-2025T17:26:44 - [TEST_STEP][PASSED] - function = "count": null

27-02-2025T17:26:44 - [TEST_STEP][PASSED] - if (binding.hasVariable("varFunction")): null

27-02-2025T17:26:44 - [TEST_STEP][PASSED] - function = varFunction: null

27-02-2025T17:26:44 - [TEST_STEP][PASSED] - title = getWindowTitle(): Current window's title is: 'Education'

27-02-2025T17:26:44 - [MESSAGE][PASSED] - Current window's title is: 'Education'

27-02-2025T17:26:44 - [TEST_STEP][PASSED] - println("Page title is " + title): null

27-02-2025T17:26:44 - [TEST_STEP][PASSED] - driver = getWebDriver(): null

27-02-2025T17:26:44 - [TEST_STEP][PASSED] - elements = driver.findElements(By.xpath("//div[@class='col-sm-offset-3 col-sm-9 text-danger']")): null

27-02-2025T17:26:44 - [TEST_STEP][PASSED] - if (function == "count"): null

27-02-2025T17:26:44 - [TEST_STEP][PASSED] - return elements.size(): null

27-02-2025T17:26:44 - [MESSAGE][PASSED] - Call Test Case 'Test Cases/_Functions/Find error messages' successfully

27-02-2025T17:26:44 - [TEST_STEP][PASSED] - outFile = outFile: null

27-02-2025T17:26:44 - [TEST_STEP][PASSED] - if (count == 0): null

27-02-2025T17:26:44 - [TEST_STEP][PASSED] - else: Delayed 0 second(s)

27-02-2025T17:26:44 - [TEST_STEP][PASSED] - fieldList = varFieldList: null

27-02-2025T17:26:44 - [TEST_STEP][PASSED] - requiredFieldMsgs = varRequiredFieldMsgs: null

27-02-2025T17:26:44 - [TEST_STEP][PASSED] - outText = "Verifying error messages for fields " + fieldList: null

27-02-2025T17:26:44 - [TEST_STEP][PASSED] - for (def field : fieldList): null

27-02-2025T17:26:44 - [TEST_STEP][PASSED] - errorMsg = requiredFieldMsgs.get(field): null

27-02-2025T17:26:44 - [TEST_STEP][PASSED] - msg = verifyTextPresent(errorMsg, false, OPTIONAL): Text 'The First Name field is required.' is present on page 

27-02-2025T17:26:44 - [MESSAGE][PASSED] - Text 'The First Name field is required.' is present on page 

27-02-2025T17:26:44 - [TEST_STEP][PASSED] - println(field + ":" + msg): null

27-02-2025T17:26:44 - [TEST_STEP][PASSED] - if (!(msg)): null

27-02-2025T17:26:44 - [TEST_STEP][PASSED] - errorMsg = requiredFieldMsgs.get(field): null

27-02-2025T17:26:44 - [TEST_STEP][PASSED] - msg = verifyTextPresent(errorMsg, false, OPTIONAL): Text 'The last name field is required.' is present on page 

27-02-2025T17:26:44 - [MESSAGE][PASSED] - Text 'The last name field is required.' is present on page 

27-02-2025T17:26:44 - [TEST_STEP][PASSED] - println(field + ":" + msg): null

27-02-2025T17:26:44 - [TEST_STEP][PASSED] - if (!(msg)): null

27-02-2025T17:26:44 - [TEST_STEP][PASSED] - errorMsg = requiredFieldMsgs.get(field): null

27-02-2025T17:26:44 - [TEST_STEP][PASSED] - msg = verifyTextPresent(errorMsg, false, OPTIONAL): Text 'The organization name field is required.' is present on page 

27-02-2025T17:26:44 - [MESSAGE][PASSED] - Text 'The organization name field is required.' is present on page 

27-02-2025T17:26:44 - [TEST_STEP][PASSED] - println(field + ":" + msg): null

27-02-2025T17:26:44 - [TEST_STEP][PASSED] - if (!(msg)): null

27-02-2025T17:26:44 - [TEST_STEP][PASSED] - errorMsg = requiredFieldMsgs.get(field): null

27-02-2025T17:26:44 - [TEST_STEP][PASSED] - msg = verifyTextPresent(errorMsg, false, OPTIONAL): Text 'The description field is required.' is present on page 

27-02-2025T17:26:44 - [MESSAGE][PASSED] - Text 'The description field is required.' is present on page 

27-02-2025T17:26:44 - [TEST_STEP][PASSED] - println(field + ":" + msg): null

27-02-2025T17:26:44 - [TEST_STEP][PASSED] - if (!(msg)): null

27-02-2025T17:26:44 - [TEST_STEP][PASSED] - errorMsg = requiredFieldMsgs.get(field): null

27-02-2025T17:26:44 - [TEST_STEP][PASSED] - msg = verifyTextPresent(errorMsg, false, OPTIONAL): Text 'The website address field is required.' is present on page 

27-02-2025T17:26:44 - [MESSAGE][PASSED] - Text 'The website address field is required.' is present on page 

27-02-2025T17:26:44 - [TEST_STEP][PASSED] - println(field + ":" + msg): null

27-02-2025T17:26:44 - [TEST_STEP][PASSED] - if (!(msg)): null

27-02-2025T17:26:44 - [TEST_STEP][PASSED] - errorMsg = requiredFieldMsgs.get(field): null

27-02-2025T17:26:44 - [TEST_STEP][PASSED] - msg = verifyTextPresent(errorMsg, false, OPTIONAL): Text 'The meet qualifications for christian field is required.' is present on page 

27-02-2025T17:26:44 - [MESSAGE][PASSED] - Text 'The meet qualifications for christian field is required.' is present on page 

27-02-2025T17:26:44 - [TEST_STEP][PASSED] - println(field + ":" + msg): null

27-02-2025T17:26:44 - [TEST_STEP][PASSED] - if (!(msg)): null

27-02-2025T17:26:44 - [TEST_STEP][PASSED] - errorMsg = requiredFieldMsgs.get(field): null

27-02-2025T17:26:44 - [TEST_STEP][PASSED] - msg = verifyTextPresent(errorMsg, false, OPTIONAL): Text 'The partner agreement field is required.' is present on page 

27-02-2025T17:26:44 - [MESSAGE][PASSED] - Text 'The partner agreement field is required.' is present on page 

27-02-2025T17:26:44 - [TEST_STEP][PASSED] - println(field + ":" + msg): null

27-02-2025T17:26:44 - [TEST_STEP][PASSED] - if (!(msg)): null

27-02-2025T17:26:44 - [TEST_STEP][PASSED] - errorMsg = requiredFieldMsgs.get(field): null

27-02-2025T17:26:44 - [TEST_STEP][PASSED] - msg = verifyTextPresent(errorMsg, false, OPTIONAL): Text 'The terms and conditions field is required.' is present on page 

27-02-2025T17:26:44 - [MESSAGE][PASSED] - Text 'The terms and conditions field is required.' is present on page 

27-02-2025T17:26:44 - [TEST_STEP][PASSED] - println(field + ":" + msg): null

27-02-2025T17:26:44 - [TEST_STEP][PASSED] - if (!(msg)): null

27-02-2025T17:26:44 - [TEST_STEP][PASSED] - delay(fieldTestDelay): Delayed 0 second(s)

27-02-2025T17:26:44 - [MESSAGE][PASSED] - Delayed 0 second(s)

27-02-2025T17:26:44 - [MESSAGE][PASSED] - Call Test Case 'Test Cases/_Functions/Test Field Error Messages' successfully

27-02-2025T17:26:44 - [TEST_STEP][PASSED] - object = "Education Partner Profile/Register/input_Password": null

27-02-2025T17:26:44 - [TEST_STEP][PASSED] - callTestCase(findTestCase("_Functions/Perform Action"), ["varAction":"setEncryptedText", "varObject":object, "varParm1":password], STOP_ON_FAILURE): Call Test Case 'Test Cases/_Functions/Perform Action' successfully

27-02-2025T17:26:44 - [TEST_CASE][PASSED] - Test Cases/_Functions/Perform Action: Test Cases/_Functions/Perform Action

27-02-2025T17:26:44 - [TEST_STEP][PASSED] - action = varAction: null

27-02-2025T17:26:44 - [TEST_STEP][PASSED] - println(action): null

27-02-2025T17:26:44 - [TEST_STEP][PASSED] - testObject = varObject: null

27-02-2025T17:26:44 - [TEST_STEP][PASSED] - println(testObject): null

27-02-2025T17:26:44 - [TEST_STEP][PASSED] - parm1 = varParm1: null

27-02-2025T17:26:44 - [TEST_STEP][PASSED] - println(parm1): null

27-02-2025T17:26:44 - [TEST_STEP][PASSED] - println("Converting " + testObject + " to web element"): null

27-02-2025T17:26:44 - [TEST_STEP][PASSED] - element = findWebElement(findTestObject(testObject), 1): null

27-02-2025T17:26:44 - [TEST_STEP][PASSED] - loc = element.getLocation(): null

27-02-2025T17:26:44 - [TEST_STEP][PASSED] - y = loc.getY(): null

27-02-2025T17:26:44 - [TEST_STEP][PASSED] - println("Y location is " + y): null

27-02-2025T17:26:44 - [TEST_STEP][PASSED] - top = getViewportTopPosition(): Current viewport's top (y) position is 0

27-02-2025T17:26:44 - [MESSAGE][PASSED] - Current viewport's top (y) position is 0

27-02-2025T17:26:44 - [TEST_STEP][PASSED] - println("Viewport top is " + top): null

27-02-2025T17:26:44 - [TEST_STEP][PASSED] - bottom = top + 600: null

27-02-2025T17:26:44 - [TEST_STEP][PASSED] - if (y - top < 150 || bottom - y < 10): null

27-02-2025T17:26:44 - [TEST_STEP][PASSED] - if (action == "click"): null

27-02-2025T17:26:44 - [TEST_STEP][PASSED] - else if (action == "selectOptionByValue"): null

27-02-2025T17:26:44 - [TEST_STEP][PASSED] - else if (action == "setText"): null

27-02-2025T17:26:44 - [TEST_STEP][PASSED] - else if (action == "setEncryptedText"): Text ****** has been set on object 'Object Repository/Education Partner Profile/Register/input_Password'

27-02-2025T17:26:44 - [TEST_STEP][PASSED] - println("Setting encrypted text " + parm1): null

27-02-2025T17:26:44 - [TEST_STEP][PASSED] - setEncryptedText(findTestObject(testObject), parm1): Text ****** has been set on object 'Object Repository/Education Partner Profile/Register/input_Password'

27-02-2025T17:26:44 - [MESSAGE][PASSED] - Text ****** has been set on object 'Object Repository/Education Partner Profile/Register/input_Password'

27-02-2025T17:26:44 - [MESSAGE][PASSED] - Call Test Case 'Test Cases/_Functions/Perform Action' successfully

27-02-2025T17:26:44 - [TEST_STEP][PASSED] - object = "Education Partner Profile/Register/input_Key Contact First Name": null

27-02-2025T17:26:44 - [TEST_STEP][PASSED] - callTestCase(findTestCase("_Functions/Perform Action"), ["varAction":"setText", "varObject":object, "varParm1":first_name], STOP_ON_FAILURE): Call Test Case 'Test Cases/_Functions/Perform Action' successfully

27-02-2025T17:26:44 - [TEST_CASE][PASSED] - Test Cases/_Functions/Perform Action: Test Cases/_Functions/Perform Action

27-02-2025T17:26:44 - [TEST_STEP][PASSED] - action = varAction: null

27-02-2025T17:26:44 - [TEST_STEP][PASSED] - println(action): null

27-02-2025T17:26:44 - [TEST_STEP][PASSED] - testObject = varObject: null

27-02-2025T17:26:44 - [TEST_STEP][PASSED] - println(testObject): null

27-02-2025T17:26:44 - [TEST_STEP][PASSED] - parm1 = varParm1: null

27-02-2025T17:26:44 - [TEST_STEP][PASSED] - println(parm1): null

27-02-2025T17:26:44 - [TEST_STEP][PASSED] - println("Converting " + testObject + " to web element"): null

27-02-2025T17:26:44 - [TEST_STEP][PASSED] - element = findWebElement(findTestObject(testObject), 1): null

27-02-2025T17:26:44 - [TEST_STEP][PASSED] - loc = element.getLocation(): null

27-02-2025T17:26:44 - [TEST_STEP][PASSED] - y = loc.getY(): null

27-02-2025T17:26:44 - [TEST_STEP][PASSED] - println("Y location is " + y): null

27-02-2025T17:26:44 - [TEST_STEP][PASSED] - top = getViewportTopPosition(): Current viewport's top (y) position is 0

27-02-2025T17:26:44 - [MESSAGE][PASSED] - Current viewport's top (y) position is 0

27-02-2025T17:26:44 - [TEST_STEP][PASSED] - println("Viewport top is " + top): null

27-02-2025T17:26:44 - [TEST_STEP][PASSED] - bottom = top + 600: null

27-02-2025T17:26:44 - [TEST_STEP][PASSED] - if (y - top < 150 || bottom - y < 10): null

27-02-2025T17:26:44 - [TEST_STEP][PASSED] - if (action == "click"): null

27-02-2025T17:26:44 - [TEST_STEP][PASSED] - else if (action == "selectOptionByValue"): null

27-02-2025T17:26:44 - [TEST_STEP][PASSED] - else if (action == "setText"): Text 'cktest06ep TEST' is set on object 'Object Repository/Education Partner Profile/Register/input_Key Contact First Name'

27-02-2025T17:26:44 - [TEST_STEP][PASSED] - println("Setting text " + parm1): null

27-02-2025T17:26:44 - [TEST_STEP][PASSED] - setText(findTestObject(testObject), parm1): Text 'cktest06ep TEST' is set on object 'Object Repository/Education Partner Profile/Register/input_Key Contact First Name'

27-02-2025T17:26:44 - [MESSAGE][PASSED] - Text 'cktest06ep TEST' is set on object 'Object Repository/Education Partner Profile/Register/input_Key Contact First Name'

27-02-2025T17:26:44 - [MESSAGE][PASSED] - Call Test Case 'Test Cases/_Functions/Perform Action' successfully

27-02-2025T17:26:44 - [TEST_STEP][PASSED] - object = "Education Partner Profile/Register/input_Key Contact Last Name": null

27-02-2025T17:26:44 - [TEST_STEP][PASSED] - callTestCase(findTestCase("_Functions/Perform Action"), ["varAction":"setText", "varObject":object, "varParm1":last_name], STOP_ON_FAILURE): Call Test Case 'Test Cases/_Functions/Perform Action' successfully

27-02-2025T17:26:44 - [TEST_CASE][PASSED] - Test Cases/_Functions/Perform Action: Test Cases/_Functions/Perform Action

27-02-2025T17:26:44 - [TEST_STEP][PASSED] - action = varAction: null

27-02-2025T17:26:44 - [TEST_STEP][PASSED] - println(action): null

27-02-2025T17:26:44 - [TEST_STEP][PASSED] - testObject = varObject: null

27-02-2025T17:26:44 - [TEST_STEP][PASSED] - println(testObject): null

27-02-2025T17:26:44 - [TEST_STEP][PASSED] - parm1 = varParm1: null

27-02-2025T17:26:44 - [TEST_STEP][PASSED] - println(parm1): null

27-02-2025T17:26:44 - [TEST_STEP][PASSED] - println("Converting " + testObject + " to web element"): null

27-02-2025T17:26:44 - [TEST_STEP][PASSED] - element = findWebElement(findTestObject(testObject), 1): null

27-02-2025T17:26:44 - [TEST_STEP][PASSED] - loc = element.getLocation(): null

27-02-2025T17:26:44 - [TEST_STEP][PASSED] - y = loc.getY(): null

27-02-2025T17:26:44 - [TEST_STEP][PASSED] - println("Y location is " + y): null

27-02-2025T17:26:44 - [TEST_STEP][PASSED] - top = getViewportTopPosition(): Current viewport's top (y) position is 0

27-02-2025T17:26:44 - [MESSAGE][PASSED] - Current viewport's top (y) position is 0

27-02-2025T17:26:44 - [TEST_STEP][PASSED] - println("Viewport top is " + top): null

27-02-2025T17:26:44 - [TEST_STEP][PASSED] - bottom = top + 600: null

27-02-2025T17:26:44 - [TEST_STEP][PASSED] - if (y - top < 150 || bottom - y < 10): Delayed 1 second(s)

27-02-2025T17:26:44 - [TEST_STEP][PASSED] - scrollToPosition(0, y - 150): Browser is scrolled to position x = 0, y = 442

27-02-2025T17:26:44 - [MESSAGE][PASSED] - Browser is scrolled to position x = 0, y = 442

27-02-2025T17:26:44 - [TEST_STEP][PASSED] - delay(1): Delayed 1 second(s)

27-02-2025T17:26:45 - [MESSAGE][PASSED] - Delayed 1 second(s)

27-02-2025T17:26:45 - [TEST_STEP][PASSED] - if (action == "click"): null

27-02-2025T17:26:45 - [TEST_STEP][PASSED] - else if (action == "selectOptionByValue"): null

27-02-2025T17:26:45 - [TEST_STEP][PASSED] - else if (action == "setText"): Text 'Kosieracki' is set on object 'Object Repository/Education Partner Profile/Register/input_Key Contact Last Name'

27-02-2025T17:26:45 - [TEST_STEP][PASSED] - println("Setting text " + parm1): null

27-02-2025T17:26:45 - [TEST_STEP][PASSED] - setText(findTestObject(testObject), parm1): Text 'Kosieracki' is set on object 'Object Repository/Education Partner Profile/Register/input_Key Contact Last Name'

27-02-2025T17:26:45 - [MESSAGE][PASSED] - Text 'Kosieracki' is set on object 'Object Repository/Education Partner Profile/Register/input_Key Contact Last Name'

27-02-2025T17:26:45 - [MESSAGE][PASSED] - Call Test Case 'Test Cases/_Functions/Perform Action' successfully

27-02-2025T17:26:45 - [TEST_STEP][PASSED] - object = "Education Partner Profile/Register/input_Organization": null

27-02-2025T17:26:45 - [TEST_STEP][PASSED] - callTestCase(findTestCase("_Functions/Perform Action"), ["varAction":"setText", "varObject":object, "varParm1":organization], STOP_ON_FAILURE): Call Test Case 'Test Cases/_Functions/Perform Action' successfully

27-02-2025T17:26:45 - [TEST_CASE][PASSED] - Test Cases/_Functions/Perform Action: Test Cases/_Functions/Perform Action

27-02-2025T17:26:45 - [TEST_STEP][PASSED] - action = varAction: null

27-02-2025T17:26:45 - [TEST_STEP][PASSED] - println(action): null

27-02-2025T17:26:45 - [TEST_STEP][PASSED] - testObject = varObject: null

27-02-2025T17:26:45 - [TEST_STEP][PASSED] - println(testObject): null

27-02-2025T17:26:45 - [TEST_STEP][PASSED] - parm1 = varParm1: null

27-02-2025T17:26:45 - [TEST_STEP][PASSED] - println(parm1): null

27-02-2025T17:26:45 - [TEST_STEP][PASSED] - println("Converting " + testObject + " to web element"): null

27-02-2025T17:26:45 - [TEST_STEP][PASSED] - element = findWebElement(findTestObject(testObject), 1): null

27-02-2025T17:26:46 - [TEST_STEP][PASSED] - loc = element.getLocation(): null

27-02-2025T17:26:46 - [TEST_STEP][PASSED] - y = loc.getY(): null

27-02-2025T17:26:46 - [TEST_STEP][PASSED] - println("Y location is " + y): null

27-02-2025T17:26:46 - [TEST_STEP][PASSED] - top = getViewportTopPosition(): Current viewport's top (y) position is 442

27-02-2025T17:26:46 - [MESSAGE][PASSED] - Current viewport's top (y) position is 442

27-02-2025T17:26:46 - [TEST_STEP][PASSED] - println("Viewport top is " + top): null

27-02-2025T17:26:46 - [TEST_STEP][PASSED] - bottom = top + 600: null

27-02-2025T17:26:46 - [TEST_STEP][PASSED] - if (y - top < 150 || bottom - y < 10): null

27-02-2025T17:26:46 - [TEST_STEP][PASSED] - if (action == "click"): null

27-02-2025T17:26:46 - [TEST_STEP][PASSED] - else if (action == "selectOptionByValue"): null

27-02-2025T17:26:46 - [TEST_STEP][PASSED] - else if (action == "setText"): Text 'The CCK TEST Education Partner' is set on object 'Object Repository/Education Partner Profile/Register/input_Organization'

27-02-2025T17:26:46 - [TEST_STEP][PASSED] - println("Setting text " + parm1): null

27-02-2025T17:26:46 - [TEST_STEP][PASSED] - setText(findTestObject(testObject), parm1): Text 'The CCK TEST Education Partner' is set on object 'Object Repository/Education Partner Profile/Register/input_Organization'

27-02-2025T17:26:46 - [MESSAGE][PASSED] - Text 'The CCK TEST Education Partner' is set on object 'Object Repository/Education Partner Profile/Register/input_Organization'

27-02-2025T17:26:46 - [MESSAGE][PASSED] - Call Test Case 'Test Cases/_Functions/Perform Action' successfully

27-02-2025T17:26:46 - [TEST_STEP][PASSED] - object = "Education Partner Profile/Register/input_Abbreviation": null

27-02-2025T17:26:46 - [TEST_STEP][PASSED] - callTestCase(findTestCase("_Functions/Perform Action"), ["varAction":"setText", "varObject":object, "varParm1":abbreviation], STOP_ON_FAILURE): Call Test Case 'Test Cases/_Functions/Perform Action' successfully

27-02-2025T17:26:46 - [TEST_CASE][PASSED] - Test Cases/_Functions/Perform Action: Test Cases/_Functions/Perform Action

27-02-2025T17:26:46 - [TEST_STEP][PASSED] - action = varAction: null

27-02-2025T17:26:46 - [TEST_STEP][PASSED] - println(action): null

27-02-2025T17:26:46 - [TEST_STEP][PASSED] - testObject = varObject: null

27-02-2025T17:26:46 - [TEST_STEP][PASSED] - println(testObject): null

27-02-2025T17:26:46 - [TEST_STEP][PASSED] - parm1 = varParm1: null

27-02-2025T17:26:46 - [TEST_STEP][PASSED] - println(parm1): null

27-02-2025T17:26:46 - [TEST_STEP][PASSED] - println("Converting " + testObject + " to web element"): null

27-02-2025T17:26:46 - [TEST_STEP][PASSED] - element = findWebElement(findTestObject(testObject), 1): null

27-02-2025T17:26:46 - [TEST_STEP][PASSED] - loc = element.getLocation(): null

27-02-2025T17:26:46 - [TEST_STEP][PASSED] - y = loc.getY(): null

27-02-2025T17:26:46 - [TEST_STEP][PASSED] - println("Y location is " + y): null

27-02-2025T17:26:46 - [TEST_STEP][PASSED] - top = getViewportTopPosition(): Current viewport's top (y) position is 442

27-02-2025T17:26:46 - [MESSAGE][PASSED] - Current viewport's top (y) position is 442

27-02-2025T17:26:46 - [TEST_STEP][PASSED] - println("Viewport top is " + top): null

27-02-2025T17:26:46 - [TEST_STEP][PASSED] - bottom = top + 600: null

27-02-2025T17:26:46 - [TEST_STEP][PASSED] - if (y - top < 150 || bottom - y < 10): null

27-02-2025T17:26:46 - [TEST_STEP][PASSED] - if (action == "click"): null

27-02-2025T17:26:46 - [TEST_STEP][PASSED] - else if (action == "selectOptionByValue"): null

27-02-2025T17:26:46 - [TEST_STEP][PASSED] - else if (action == "setText"): Text 'CCK EP' is set on object 'Object Repository/Education Partner Profile/Register/input_Abbreviation'

27-02-2025T17:26:46 - [TEST_STEP][PASSED] - println("Setting text " + parm1): null

27-02-2025T17:26:46 - [TEST_STEP][PASSED] - setText(findTestObject(testObject), parm1): Text 'CCK EP' is set on object 'Object Repository/Education Partner Profile/Register/input_Abbreviation'

27-02-2025T17:26:46 - [MESSAGE][PASSED] - Text 'CCK EP' is set on object 'Object Repository/Education Partner Profile/Register/input_Abbreviation'

27-02-2025T17:26:46 - [MESSAGE][PASSED] - Call Test Case 'Test Cases/_Functions/Perform Action' successfully

27-02-2025T17:26:46 - [TEST_STEP][PASSED] - object = "Education Partner Profile/Register/select_World Region": null

27-02-2025T17:26:46 - [TEST_STEP][PASSED] - callTestCase(findTestCase("_Functions/Perform Action"), ["varAction":"selectOptionByValue", "varObject":object, "varParm1":world_region], STOP_ON_FAILURE): Call Test Case 'Test Cases/_Functions/Perform Action' successfully

27-02-2025T17:26:46 - [TEST_CASE][PASSED] - Test Cases/_Functions/Perform Action: Test Cases/_Functions/Perform Action

27-02-2025T17:26:46 - [TEST_STEP][PASSED] - action = varAction: null

27-02-2025T17:26:46 - [TEST_STEP][PASSED] - println(action): null

27-02-2025T17:26:46 - [TEST_STEP][PASSED] - testObject = varObject: null

27-02-2025T17:26:46 - [TEST_STEP][PASSED] - println(testObject): null

27-02-2025T17:26:46 - [TEST_STEP][PASSED] - parm1 = varParm1: null

27-02-2025T17:26:46 - [TEST_STEP][PASSED] - println(parm1): null

27-02-2025T17:26:46 - [TEST_STEP][PASSED] - println("Converting " + testObject + " to web element"): null

27-02-2025T17:26:46 - [TEST_STEP][PASSED] - element = findWebElement(findTestObject(testObject), 1): null

27-02-2025T17:26:46 - [TEST_STEP][PASSED] - loc = element.getLocation(): null

27-02-2025T17:26:46 - [TEST_STEP][PASSED] - y = loc.getY(): null

27-02-2025T17:26:46 - [TEST_STEP][PASSED] - println("Y location is " + y): null

27-02-2025T17:26:46 - [TEST_STEP][PASSED] - top = getViewportTopPosition(): Current viewport's top (y) position is 442

27-02-2025T17:26:46 - [MESSAGE][PASSED] - Current viewport's top (y) position is 442

27-02-2025T17:26:46 - [TEST_STEP][PASSED] - println("Viewport top is " + top): null

27-02-2025T17:26:46 - [TEST_STEP][PASSED] - bottom = top + 600: null

27-02-2025T17:26:46 - [TEST_STEP][PASSED] - if (y - top < 150 || bottom - y < 10): null

27-02-2025T17:26:46 - [TEST_STEP][PASSED] - if (action == "click"): null

27-02-2025T17:26:46 - [TEST_STEP][PASSED] - else if (action == "selectOptionByValue"): All options with value 'North America' are selected in object 'Object Repository/Education Partner Profile/Register/select_World Region' 

27-02-2025T17:26:46 - [TEST_STEP][PASSED] - println("Selecting " + parm1): null

27-02-2025T17:26:46 - [TEST_STEP][PASSED] - selectOptionByValue(findTestObject(testObject), parm1, false): All options with value 'North America' are selected in object 'Object Repository/Education Partner Profile/Register/select_World Region' 

27-02-2025T17:26:46 - [MESSAGE][PASSED] - All options with value 'North America' are selected in object 'Object Repository/Education Partner Profile/Register/select_World Region' 

27-02-2025T17:26:46 - [MESSAGE][PASSED] - Call Test Case 'Test Cases/_Functions/Perform Action' successfully

27-02-2025T17:26:46 - [TEST_STEP][PASSED] - object = "Education Partner Profile/Register/select_Country": null

27-02-2025T17:26:46 - [TEST_STEP][PASSED] - callTestCase(findTestCase("_Functions/Perform Action"), ["varAction":"selectOptionByValue", "varObject":object, "varParm1":country], STOP_ON_FAILURE): Call Test Case 'Test Cases/_Functions/Perform Action' successfully

27-02-2025T17:26:46 - [TEST_CASE][PASSED] - Test Cases/_Functions/Perform Action: Test Cases/_Functions/Perform Action

27-02-2025T17:26:46 - [TEST_STEP][PASSED] - action = varAction: null

27-02-2025T17:26:46 - [TEST_STEP][PASSED] - println(action): null

27-02-2025T17:26:46 - [TEST_STEP][PASSED] - testObject = varObject: null

27-02-2025T17:26:46 - [TEST_STEP][PASSED] - println(testObject): null

27-02-2025T17:26:46 - [TEST_STEP][PASSED] - parm1 = varParm1: null

27-02-2025T17:26:46 - [TEST_STEP][PASSED] - println(parm1): null

27-02-2025T17:26:46 - [TEST_STEP][PASSED] - println("Converting " + testObject + " to web element"): null

27-02-2025T17:26:46 - [TEST_STEP][PASSED] - element = findWebElement(findTestObject(testObject), 1): null

27-02-2025T17:26:46 - [TEST_STEP][PASSED] - loc = element.getLocation(): null

27-02-2025T17:26:46 - [TEST_STEP][PASSED] - y = loc.getY(): null

27-02-2025T17:26:46 - [TEST_STEP][PASSED] - println("Y location is " + y): null

27-02-2025T17:26:46 - [TEST_STEP][PASSED] - top = getViewportTopPosition(): Current viewport's top (y) position is 442

27-02-2025T17:26:46 - [MESSAGE][PASSED] - Current viewport's top (y) position is 442

27-02-2025T17:26:46 - [TEST_STEP][PASSED] - println("Viewport top is " + top): null

27-02-2025T17:26:46 - [TEST_STEP][PASSED] - bottom = top + 600: null

27-02-2025T17:26:46 - [TEST_STEP][PASSED] - if (y - top < 150 || bottom - y < 10): null

27-02-2025T17:26:46 - [TEST_STEP][PASSED] - if (action == "click"): null

27-02-2025T17:26:46 - [TEST_STEP][PASSED] - else if (action == "selectOptionByValue"): All options with value 'United States' are selected in object 'Object Repository/Education Partner Profile/Register/select_Country' 

27-02-2025T17:26:46 - [TEST_STEP][PASSED] - println("Selecting " + parm1): null

27-02-2025T17:26:46 - [TEST_STEP][PASSED] - selectOptionByValue(findTestObject(testObject), parm1, false): All options with value 'United States' are selected in object 'Object Repository/Education Partner Profile/Register/select_Country' 

27-02-2025T17:26:46 - [MESSAGE][PASSED] - All options with value 'United States' are selected in object 'Object Repository/Education Partner Profile/Register/select_Country' 

27-02-2025T17:26:46 - [MESSAGE][PASSED] - Call Test Case 'Test Cases/_Functions/Perform Action' successfully

27-02-2025T17:26:46 - [TEST_STEP][PASSED] - object = "Education Partner Profile/Register/textarea_Description": null

27-02-2025T17:26:46 - [TEST_STEP][PASSED] - callTestCase(findTestCase("_Functions/Perform Action"), ["varAction":"setText", "varObject":object, "varParm1":description], STOP_ON_FAILURE): Call Test Case 'Test Cases/_Functions/Perform Action' successfully

27-02-2025T17:26:46 - [TEST_CASE][PASSED] - Test Cases/_Functions/Perform Action: Test Cases/_Functions/Perform Action

27-02-2025T17:26:46 - [TEST_STEP][PASSED] - action = varAction: null

27-02-2025T17:26:46 - [TEST_STEP][PASSED] - println(action): null

27-02-2025T17:26:46 - [TEST_STEP][PASSED] - testObject = varObject: null

27-02-2025T17:26:46 - [TEST_STEP][PASSED] - println(testObject): null

27-02-2025T17:26:46 - [TEST_STEP][PASSED] - parm1 = varParm1: null

27-02-2025T17:26:46 - [TEST_STEP][PASSED] - println(parm1): null

27-02-2025T17:26:46 - [TEST_STEP][PASSED] - println("Converting " + testObject + " to web element"): null

27-02-2025T17:26:46 - [TEST_STEP][PASSED] - element = findWebElement(findTestObject(testObject), 1): null

27-02-2025T17:26:46 - [TEST_STEP][PASSED] - loc = element.getLocation(): null

27-02-2025T17:26:46 - [TEST_STEP][PASSED] - y = loc.getY(): null

27-02-2025T17:26:46 - [TEST_STEP][PASSED] - println("Y location is " + y): null

27-02-2025T17:26:46 - [TEST_STEP][PASSED] - top = getViewportTopPosition(): Current viewport's top (y) position is 442

27-02-2025T17:26:46 - [MESSAGE][PASSED] - Current viewport's top (y) position is 442

27-02-2025T17:26:46 - [TEST_STEP][PASSED] - println("Viewport top is " + top): null

27-02-2025T17:26:46 - [TEST_STEP][PASSED] - bottom = top + 600: null

27-02-2025T17:26:46 - [TEST_STEP][PASSED] - if (y - top < 150 || bottom - y < 10): null

27-02-2025T17:26:46 - [TEST_STEP][PASSED] - if (action == "click"): null

27-02-2025T17:26:46 - [TEST_STEP][PASSED] - else if (action == "selectOptionByValue"): null

27-02-2025T17:26:46 - [TEST_STEP][PASSED] - else if (action == "setText"): Text 'An education partner ministry' is set on object 'Object Repository/Education Partner Profile/Register/textarea_Description'

27-02-2025T17:26:46 - [TEST_STEP][PASSED] - println("Setting text " + parm1): null

27-02-2025T17:26:46 - [TEST_STEP][PASSED] - setText(findTestObject(testObject), parm1): Text 'An education partner ministry' is set on object 'Object Repository/Education Partner Profile/Register/textarea_Description'

27-02-2025T17:26:46 - [MESSAGE][PASSED] - Text 'An education partner ministry' is set on object 'Object Repository/Education Partner Profile/Register/textarea_Description'

27-02-2025T17:26:46 - [MESSAGE][PASSED] - Call Test Case 'Test Cases/_Functions/Perform Action' successfully

27-02-2025T17:26:46 - [TEST_STEP][PASSED] - website = "https://" + domain: null

27-02-2025T17:26:46 - [TEST_STEP][PASSED] - object = "Education Partner Profile/Register/input_Website Address": null

27-02-2025T17:26:46 - [TEST_STEP][PASSED] - callTestCase(findTestCase("_Functions/Perform Action"), ["varAction":"setText", "varObject":object, "varParm1":website], STOP_ON_FAILURE): Call Test Case 'Test Cases/_Functions/Perform Action' successfully

27-02-2025T17:26:46 - [TEST_CASE][PASSED] - Test Cases/_Functions/Perform Action: Test Cases/_Functions/Perform Action

27-02-2025T17:26:46 - [TEST_STEP][PASSED] - action = varAction: null

27-02-2025T17:26:46 - [TEST_STEP][PASSED] - println(action): null

27-02-2025T17:26:46 - [TEST_STEP][PASSED] - testObject = varObject: null

27-02-2025T17:26:46 - [TEST_STEP][PASSED] - println(testObject): null

27-02-2025T17:26:46 - [TEST_STEP][PASSED] - parm1 = varParm1: null

27-02-2025T17:26:46 - [TEST_STEP][PASSED] - println(parm1): null

27-02-2025T17:26:46 - [TEST_STEP][PASSED] - println("Converting " + testObject + " to web element"): null

27-02-2025T17:26:46 - [TEST_STEP][PASSED] - element = findWebElement(findTestObject(testObject), 1): null

27-02-2025T17:26:46 - [TEST_STEP][PASSED] - loc = element.getLocation(): null

27-02-2025T17:26:46 - [TEST_STEP][PASSED] - y = loc.getY(): null

27-02-2025T17:26:46 - [TEST_STEP][PASSED] - println("Y location is " + y): null

27-02-2025T17:26:46 - [TEST_STEP][PASSED] - top = getViewportTopPosition(): Current viewport's top (y) position is 442

27-02-2025T17:26:46 - [MESSAGE][PASSED] - Current viewport's top (y) position is 442

27-02-2025T17:26:46 - [TEST_STEP][PASSED] - println("Viewport top is " + top): null

27-02-2025T17:26:46 - [TEST_STEP][PASSED] - bottom = top + 600: null

27-02-2025T17:26:46 - [TEST_STEP][PASSED] - if (y - top < 150 || bottom - y < 10): Delayed 1 second(s)

27-02-2025T17:26:46 - [TEST_STEP][PASSED] - scrollToPosition(0, y - 150): Browser is scrolled to position x = 0, y = 980

27-02-2025T17:26:46 - [MESSAGE][PASSED] - Browser is scrolled to position x = 0, y = 980

27-02-2025T17:26:46 - [TEST_STEP][PASSED] - delay(1): Delayed 1 second(s)

27-02-2025T17:26:47 - [MESSAGE][PASSED] - Delayed 1 second(s)

27-02-2025T17:26:47 - [TEST_STEP][PASSED] - if (action == "click"): null

27-02-2025T17:26:47 - [TEST_STEP][PASSED] - else if (action == "selectOptionByValue"): null

27-02-2025T17:26:47 - [TEST_STEP][PASSED] - else if (action == "setText"): Text 'https://missionnext.org' is set on object 'Object Repository/Education Partner Profile/Register/input_Website Address'

27-02-2025T17:26:47 - [TEST_STEP][PASSED] - println("Setting text " + parm1): null

27-02-2025T17:26:47 - [TEST_STEP][PASSED] - setText(findTestObject(testObject), parm1): Text 'https://missionnext.org' is set on object 'Object Repository/Education Partner Profile/Register/input_Website Address'

27-02-2025T17:26:47 - [MESSAGE][PASSED] - Text 'https://missionnext.org' is set on object 'Object Repository/Education Partner Profile/Register/input_Website Address'

27-02-2025T17:26:47 - [MESSAGE][PASSED] - Call Test Case 'Test Cases/_Functions/Perform Action' successfully

27-02-2025T17:26:47 - [TEST_STEP][PASSED] - orgs = affiliated_orgs: null

27-02-2025T17:26:47 - [TEST_STEP][PASSED] - for (def org : orgs): Call Test Case 'Test Cases/_Functions/Perform Action' successfully

27-02-2025T17:26:47 - [TEST_STEP][PASSED] - myObject = testObjectFolder + "checkbox_" + org: null

27-02-2025T17:26:47 - [TEST_STEP][PASSED] - callTestCase(findTestCase("_Functions/Perform Action"), ["varAction":"click", "varObject":myObject], STOP_ON_FAILURE): Call Test Case 'Test Cases/_Functions/Perform Action' successfully

27-02-2025T17:26:47 - [TEST_CASE][PASSED] - Test Cases/_Functions/Perform Action: Test Cases/_Functions/Perform Action

27-02-2025T17:26:47 - [TEST_STEP][PASSED] - action = varAction: null

27-02-2025T17:26:47 - [TEST_STEP][PASSED] - println(action): null

27-02-2025T17:26:47 - [TEST_STEP][PASSED] - testObject = varObject: null

27-02-2025T17:26:47 - [TEST_STEP][PASSED] - println(testObject): null

27-02-2025T17:26:47 - [TEST_STEP][PASSED] - parm1 = varParm1: null

27-02-2025T17:26:47 - [TEST_STEP][PASSED] - println(parm1): null

27-02-2025T17:26:47 - [TEST_STEP][PASSED] - println("Converting " + testObject + " to web element"): null

27-02-2025T17:26:47 - [TEST_STEP][PASSED] - element = findWebElement(findTestObject(testObject), 1): null

27-02-2025T17:26:47 - [TEST_STEP][PASSED] - loc = element.getLocation(): null

27-02-2025T17:26:47 - [TEST_STEP][PASSED] - y = loc.getY(): null

27-02-2025T17:26:47 - [TEST_STEP][PASSED] - println("Y location is " + y): null

27-02-2025T17:26:47 - [TEST_STEP][PASSED] - top = getViewportTopPosition(): Current viewport's top (y) position is 980

27-02-2025T17:26:47 - [MESSAGE][PASSED] - Current viewport's top (y) position is 980

27-02-2025T17:26:47 - [TEST_STEP][PASSED] - println("Viewport top is " + top): null

27-02-2025T17:26:47 - [TEST_STEP][PASSED] - bottom = top + 600: null

27-02-2025T17:26:47 - [TEST_STEP][PASSED] - if (y - top < 150 || bottom - y < 10): null

27-02-2025T17:26:47 - [TEST_STEP][PASSED] - if (action == "click"): Object: 'Object Repository/Education Partner Profile/Register/checkbox_ECFA' is clicked on

27-02-2025T17:26:47 - [TEST_STEP][PASSED] - println("clicking"): null

27-02-2025T17:26:47 - [TEST_STEP][PASSED] - click(findTestObject(testObject)): Object: 'Object Repository/Education Partner Profile/Register/checkbox_ECFA' is clicked on

27-02-2025T17:26:47 - [MESSAGE][PASSED] - Object: 'Object Repository/Education Partner Profile/Register/checkbox_ECFA' is clicked on

27-02-2025T17:26:47 - [MESSAGE][PASSED] - Call Test Case 'Test Cases/_Functions/Perform Action' successfully

27-02-2025T17:26:47 - [TEST_STEP][PASSED] - myObject = testObjectFolder + "checkbox_" + org: null

27-02-2025T17:26:47 - [TEST_STEP][PASSED] - callTestCase(findTestCase("_Functions/Perform Action"), ["varAction":"click", "varObject":myObject], STOP_ON_FAILURE): Call Test Case 'Test Cases/_Functions/Perform Action' successfully

27-02-2025T17:26:47 - [TEST_CASE][PASSED] - Test Cases/_Functions/Perform Action: Test Cases/_Functions/Perform Action

27-02-2025T17:26:47 - [TEST_STEP][PASSED] - action = varAction: null

27-02-2025T17:26:47 - [TEST_STEP][PASSED] - println(action): null

27-02-2025T17:26:47 - [TEST_STEP][PASSED] - testObject = varObject: null

27-02-2025T17:26:47 - [TEST_STEP][PASSED] - println(testObject): null

27-02-2025T17:26:47 - [TEST_STEP][PASSED] - parm1 = varParm1: null

27-02-2025T17:26:47 - [TEST_STEP][PASSED] - println(parm1): null

27-02-2025T17:26:47 - [TEST_STEP][PASSED] - println("Converting " + testObject + " to web element"): null

27-02-2025T17:26:47 - [TEST_STEP][PASSED] - element = findWebElement(findTestObject(testObject), 1): null

27-02-2025T17:26:47 - [TEST_STEP][PASSED] - loc = element.getLocation(): null

27-02-2025T17:26:47 - [TEST_STEP][PASSED] - y = loc.getY(): null

27-02-2025T17:26:47 - [TEST_STEP][PASSED] - println("Y location is " + y): null

27-02-2025T17:26:47 - [TEST_STEP][PASSED] - top = getViewportTopPosition(): Current viewport's top (y) position is 980

27-02-2025T17:26:47 - [MESSAGE][PASSED] - Current viewport's top (y) position is 980

27-02-2025T17:26:47 - [TEST_STEP][PASSED] - println("Viewport top is " + top): null

27-02-2025T17:26:47 - [TEST_STEP][PASSED] - bottom = top + 600: null

27-02-2025T17:26:47 - [TEST_STEP][PASSED] - if (y - top < 150 || bottom - y < 10): null

27-02-2025T17:26:47 - [TEST_STEP][PASSED] - if (action == "click"): Object: 'Object Repository/Education Partner Profile/Register/checkbox_AIMS' is clicked on

27-02-2025T17:26:47 - [TEST_STEP][PASSED] - println("clicking"): null

27-02-2025T17:26:47 - [TEST_STEP][PASSED] - click(findTestObject(testObject)): Object: 'Object Repository/Education Partner Profile/Register/checkbox_AIMS' is clicked on

27-02-2025T17:26:47 - [MESSAGE][PASSED] - Object: 'Object Repository/Education Partner Profile/Register/checkbox_AIMS' is clicked on

27-02-2025T17:26:47 - [MESSAGE][PASSED] - Call Test Case 'Test Cases/_Functions/Perform Action' successfully

27-02-2025T17:26:47 - [TEST_STEP][PASSED] - myObject = testObjectFolder + "checkbox_" + org: null

27-02-2025T17:26:47 - [TEST_STEP][PASSED] - callTestCase(findTestCase("_Functions/Perform Action"), ["varAction":"click", "varObject":myObject], STOP_ON_FAILURE): Call Test Case 'Test Cases/_Functions/Perform Action' successfully

27-02-2025T17:26:47 - [TEST_CASE][PASSED] - Test Cases/_Functions/Perform Action: Test Cases/_Functions/Perform Action

27-02-2025T17:26:47 - [TEST_STEP][PASSED] - action = varAction: null

27-02-2025T17:26:47 - [TEST_STEP][PASSED] - println(action): null

27-02-2025T17:26:47 - [TEST_STEP][PASSED] - testObject = varObject: null

27-02-2025T17:26:47 - [TEST_STEP][PASSED] - println(testObject): null

27-02-2025T17:26:47 - [TEST_STEP][PASSED] - parm1 = varParm1: null

27-02-2025T17:26:47 - [TEST_STEP][PASSED] - println(parm1): null

27-02-2025T17:26:47 - [TEST_STEP][PASSED] - println("Converting " + testObject + " to web element"): null

27-02-2025T17:26:47 - [TEST_STEP][PASSED] - element = findWebElement(findTestObject(testObject), 1): null

27-02-2025T17:26:47 - [TEST_STEP][PASSED] - loc = element.getLocation(): null

27-02-2025T17:26:47 - [TEST_STEP][PASSED] - y = loc.getY(): null

27-02-2025T17:26:47 - [TEST_STEP][PASSED] - println("Y location is " + y): null

27-02-2025T17:26:47 - [TEST_STEP][PASSED] - top = getViewportTopPosition(): Current viewport's top (y) position is 980

27-02-2025T17:26:47 - [MESSAGE][PASSED] - Current viewport's top (y) position is 980

27-02-2025T17:26:47 - [TEST_STEP][PASSED] - println("Viewport top is " + top): null

27-02-2025T17:26:47 - [TEST_STEP][PASSED] - bottom = top + 600: null

27-02-2025T17:26:47 - [TEST_STEP][PASSED] - if (y - top < 150 || bottom - y < 10): null

27-02-2025T17:26:47 - [TEST_STEP][PASSED] - if (action == "click"): Object: 'Object Repository/Education Partner Profile/Register/checkbox_Accord Network' is clicked on

27-02-2025T17:26:47 - [TEST_STEP][PASSED] - println("clicking"): null

27-02-2025T17:26:47 - [TEST_STEP][PASSED] - click(findTestObject(testObject)): Object: 'Object Repository/Education Partner Profile/Register/checkbox_Accord Network' is clicked on

27-02-2025T17:26:47 - [MESSAGE][PASSED] - Object: 'Object Repository/Education Partner Profile/Register/checkbox_Accord Network' is clicked on

27-02-2025T17:26:47 - [MESSAGE][PASSED] - Call Test Case 'Test Cases/_Functions/Perform Action' successfully

27-02-2025T17:26:47 - [TEST_STEP][PASSED] - object = "Education Partner Profile/Register/select_School Qualifications": null

27-02-2025T17:26:47 - [TEST_STEP][PASSED] - callTestCase(findTestCase("_Functions/Perform Action"), ["varAction":"selectOptionByValue", "varObject":object, "varParm1":meet_qualifications], STOP_ON_FAILURE): Call Test Case 'Test Cases/_Functions/Perform Action' successfully

27-02-2025T17:26:48 - [TEST_CASE][PASSED] - Test Cases/_Functions/Perform Action: Test Cases/_Functions/Perform Action

27-02-2025T17:26:48 - [TEST_STEP][PASSED] - action = varAction: null

27-02-2025T17:26:48 - [TEST_STEP][PASSED] - println(action): null

27-02-2025T17:26:48 - [TEST_STEP][PASSED] - testObject = varObject: null

27-02-2025T17:26:48 - [TEST_STEP][PASSED] - println(testObject): null

27-02-2025T17:26:48 - [TEST_STEP][PASSED] - parm1 = varParm1: null

27-02-2025T17:26:48 - [TEST_STEP][PASSED] - println(parm1): null

27-02-2025T17:26:48 - [TEST_STEP][PASSED] - println("Converting " + testObject + " to web element"): null

27-02-2025T17:26:48 - [TEST_STEP][PASSED] - element = findWebElement(findTestObject(testObject), 1): null

27-02-2025T17:26:48 - [TEST_STEP][PASSED] - loc = element.getLocation(): null

27-02-2025T17:26:48 - [TEST_STEP][PASSED] - y = loc.getY(): null

27-02-2025T17:26:48 - [TEST_STEP][PASSED] - println("Y location is " + y): null

27-02-2025T17:26:48 - [TEST_STEP][PASSED] - top = getViewportTopPosition(): Current viewport's top (y) position is 980

27-02-2025T17:26:48 - [MESSAGE][PASSED] - Current viewport's top (y) position is 980

27-02-2025T17:26:48 - [TEST_STEP][PASSED] - println("Viewport top is " + top): null

27-02-2025T17:26:48 - [TEST_STEP][PASSED] - bottom = top + 600: null

27-02-2025T17:26:48 - [TEST_STEP][PASSED] - if (y - top < 150 || bottom - y < 10): null

27-02-2025T17:26:48 - [TEST_STEP][PASSED] - if (action == "click"): null

27-02-2025T17:26:48 - [TEST_STEP][PASSED] - else if (action == "selectOptionByValue"): All options with value 'Yes, my school is a Christian School' are selected in object 'Object Repository/Education Partner Profile/Register/select_School Qualifications' 

27-02-2025T17:26:48 - [TEST_STEP][PASSED] - println("Selecting " + parm1): null

27-02-2025T17:26:48 - [TEST_STEP][PASSED] - selectOptionByValue(findTestObject(testObject), parm1, false): All options with value 'Yes, my school is a Christian School' are selected in object 'Object Repository/Education Partner Profile/Register/select_School Qualifications' 

27-02-2025T17:26:48 - [MESSAGE][PASSED] - All options with value 'Yes, my school is a Christian School' are selected in object 'Object Repository/Education Partner Profile/Register/select_School Qualifications' 

27-02-2025T17:26:48 - [MESSAGE][PASSED] - Call Test Case 'Test Cases/_Functions/Perform Action' successfully

27-02-2025T17:26:48 - [TEST_STEP][PASSED] - object = "Education Partner Profile/Register/select_How did you hear about MissionNext": null

27-02-2025T17:26:48 - [TEST_STEP][PASSED] - callTestCase(findTestCase("_Functions/Perform Action"), ["varAction":"selectOptionByValue", "varObject":object, "varParm1":learn_about], STOP_ON_FAILURE): Call Test Case 'Test Cases/_Functions/Perform Action' successfully

27-02-2025T17:26:48 - [TEST_CASE][PASSED] - Test Cases/_Functions/Perform Action: Test Cases/_Functions/Perform Action

27-02-2025T17:26:48 - [TEST_STEP][PASSED] - action = varAction: null

27-02-2025T17:26:48 - [TEST_STEP][PASSED] - println(action): null

27-02-2025T17:26:48 - [TEST_STEP][PASSED] - testObject = varObject: null

27-02-2025T17:26:48 - [TEST_STEP][PASSED] - println(testObject): null

27-02-2025T17:26:48 - [TEST_STEP][PASSED] - parm1 = varParm1: null

27-02-2025T17:26:48 - [TEST_STEP][PASSED] - println(parm1): null

27-02-2025T17:26:48 - [TEST_STEP][PASSED] - println("Converting " + testObject + " to web element"): null

27-02-2025T17:26:48 - [TEST_STEP][PASSED] - element = findWebElement(findTestObject(testObject), 1): null

27-02-2025T17:26:48 - [TEST_STEP][PASSED] - loc = element.getLocation(): null

27-02-2025T17:26:48 - [TEST_STEP][PASSED] - y = loc.getY(): null

27-02-2025T17:26:48 - [TEST_STEP][PASSED] - println("Y location is " + y): null

27-02-2025T17:26:48 - [TEST_STEP][PASSED] - top = getViewportTopPosition(): Current viewport's top (y) position is 980

27-02-2025T17:26:48 - [MESSAGE][PASSED] - Current viewport's top (y) position is 980

27-02-2025T17:26:48 - [TEST_STEP][PASSED] - println("Viewport top is " + top): null

27-02-2025T17:26:48 - [TEST_STEP][PASSED] - bottom = top + 600: null

27-02-2025T17:26:48 - [TEST_STEP][PASSED] - if (y - top < 150 || bottom - y < 10): null

27-02-2025T17:26:48 - [TEST_STEP][PASSED] - if (action == "click"): null

27-02-2025T17:26:48 - [TEST_STEP][PASSED] - else if (action == "selectOptionByValue"): All options with value 'Not Sure' are selected in object 'Object Repository/Education Partner Profile/Register/select_How did you hear about MissionNext' 

27-02-2025T17:26:48 - [TEST_STEP][PASSED] - println("Selecting " + parm1): null

27-02-2025T17:26:48 - [TEST_STEP][PASSED] - selectOptionByValue(findTestObject(testObject), parm1, false): All options with value 'Not Sure' are selected in object 'Object Repository/Education Partner Profile/Register/select_How did you hear about MissionNext' 

27-02-2025T17:26:48 - [MESSAGE][PASSED] - All options with value 'Not Sure' are selected in object 'Object Repository/Education Partner Profile/Register/select_How did you hear about MissionNext' 

27-02-2025T17:26:48 - [MESSAGE][PASSED] - Call Test Case 'Test Cases/_Functions/Perform Action' successfully

27-02-2025T17:26:48 - [TEST_STEP][PASSED] - object = "Object Repository/Education Partner Profile/Register/textarea_Referral or Other Comment": null

27-02-2025T17:26:48 - [TEST_STEP][PASSED] - callTestCase(findTestCase("_Functions/Perform Action"), ["varAction":"setText", "varObject":object, "varParm1":other_comment], STOP_ON_FAILURE): Call Test Case 'Test Cases/_Functions/Perform Action' successfully

27-02-2025T17:26:48 - [TEST_CASE][PASSED] - Test Cases/_Functions/Perform Action: Test Cases/_Functions/Perform Action

27-02-2025T17:26:48 - [TEST_STEP][PASSED] - action = varAction: null

27-02-2025T17:26:48 - [TEST_STEP][PASSED] - println(action): null

27-02-2025T17:26:48 - [TEST_STEP][PASSED] - testObject = varObject: null

27-02-2025T17:26:48 - [TEST_STEP][PASSED] - println(testObject): null

27-02-2025T17:26:48 - [TEST_STEP][PASSED] - parm1 = varParm1: null

27-02-2025T17:26:48 - [TEST_STEP][PASSED] - println(parm1): null

27-02-2025T17:26:48 - [TEST_STEP][PASSED] - println("Converting " + testObject + " to web element"): null

27-02-2025T17:26:48 - [TEST_STEP][PASSED] - element = findWebElement(findTestObject(testObject), 1): null

27-02-2025T17:26:48 - [TEST_STEP][PASSED] - loc = element.getLocation(): null

27-02-2025T17:26:48 - [TEST_STEP][PASSED] - y = loc.getY(): null

27-02-2025T17:26:48 - [TEST_STEP][PASSED] - println("Y location is " + y): null

27-02-2025T17:26:48 - [TEST_STEP][PASSED] - top = getViewportTopPosition(): Current viewport's top (y) position is 980

27-02-2025T17:26:48 - [MESSAGE][PASSED] - Current viewport's top (y) position is 980

27-02-2025T17:26:48 - [TEST_STEP][PASSED] - println("Viewport top is " + top): null

27-02-2025T17:26:48 - [TEST_STEP][PASSED] - bottom = top + 600: null

27-02-2025T17:26:48 - [TEST_STEP][PASSED] - if (y - top < 150 || bottom - y < 10): null

27-02-2025T17:26:48 - [TEST_STEP][PASSED] - if (action == "click"): null

27-02-2025T17:26:48 - [TEST_STEP][PASSED] - else if (action == "selectOptionByValue"): null

27-02-2025T17:26:48 - [TEST_STEP][PASSED] - else if (action == "setText"): Text 'I am excited to be able to find a missions opportunity' is set on object 'Object Repository/Education Partner Profile/Register/textarea_Referral or Other Comment'

27-02-2025T17:26:48 - [TEST_STEP][PASSED] - println("Setting text " + parm1): null

27-02-2025T17:26:48 - [TEST_STEP][PASSED] - setText(findTestObject(testObject), parm1): Text 'I am excited to be able to find a missions opportunity' is set on object 'Object Repository/Education Partner Profile/Register/textarea_Referral or Other Comment'

27-02-2025T17:26:48 - [MESSAGE][PASSED] - Text 'I am excited to be able to find a missions opportunity' is set on object 'Object Repository/Education Partner Profile/Register/textarea_Referral or Other Comment'

27-02-2025T17:26:48 - [MESSAGE][PASSED] - Call Test Case 'Test Cases/_Functions/Perform Action' successfully

27-02-2025T17:26:48 - [TEST_STEP][PASSED] - object = "Education Partner Profile/Register/checkbox_Partnership Agreement": null

27-02-2025T17:26:48 - [TEST_STEP][PASSED] - callTestCase(findTestCase("_Functions/Perform Action"), ["varAction":"click", "varObject":object], STOP_ON_FAILURE): Call Test Case 'Test Cases/_Functions/Perform Action' successfully

27-02-2025T17:26:48 - [TEST_CASE][PASSED] - Test Cases/_Functions/Perform Action: Test Cases/_Functions/Perform Action

27-02-2025T17:26:48 - [TEST_STEP][PASSED] - action = varAction: null

27-02-2025T17:26:48 - [TEST_STEP][PASSED] - println(action): null

27-02-2025T17:26:48 - [TEST_STEP][PASSED] - testObject = varObject: null

27-02-2025T17:26:48 - [TEST_STEP][PASSED] - println(testObject): null

27-02-2025T17:26:48 - [TEST_STEP][PASSED] - parm1 = varParm1: null

27-02-2025T17:26:48 - [TEST_STEP][PASSED] - println(parm1): null

27-02-2025T17:26:48 - [TEST_STEP][PASSED] - println("Converting " + testObject + " to web element"): null

27-02-2025T17:26:48 - [TEST_STEP][PASSED] - element = findWebElement(findTestObject(testObject), 1): null

27-02-2025T17:26:48 - [TEST_STEP][PASSED] - loc = element.getLocation(): null

27-02-2025T17:26:48 - [TEST_STEP][PASSED] - y = loc.getY(): null

27-02-2025T17:26:48 - [TEST_STEP][PASSED] - println("Y location is " + y): null

27-02-2025T17:26:48 - [TEST_STEP][PASSED] - top = getViewportTopPosition(): Current viewport's top (y) position is 980

27-02-2025T17:26:48 - [MESSAGE][PASSED] - Current viewport's top (y) position is 980

27-02-2025T17:26:48 - [TEST_STEP][PASSED] - println("Viewport top is " + top): null

27-02-2025T17:26:48 - [TEST_STEP][PASSED] - bottom = top + 600: null

27-02-2025T17:26:48 - [TEST_STEP][PASSED] - if (y - top < 150 || bottom - y < 10): null

27-02-2025T17:26:48 - [TEST_STEP][PASSED] - if (action == "click"): Object: 'Object Repository/Education Partner Profile/Register/checkbox_Partnership Agreement' is clicked on

27-02-2025T17:26:48 - [TEST_STEP][PASSED] - println("clicking"): null

27-02-2025T17:26:48 - [TEST_STEP][PASSED] - click(findTestObject(testObject)): Object: 'Object Repository/Education Partner Profile/Register/checkbox_Partnership Agreement' is clicked on

27-02-2025T17:26:48 - [MESSAGE][PASSED] - Object: 'Object Repository/Education Partner Profile/Register/checkbox_Partnership Agreement' is clicked on

27-02-2025T17:26:48 - [MESSAGE][PASSED] - Call Test Case 'Test Cases/_Functions/Perform Action' successfully

27-02-2025T17:26:48 - [TEST_STEP][PASSED] - object = "Education Partner Profile/Register/checkbox_Terms and Conditions": null

27-02-2025T17:26:48 - [TEST_STEP][PASSED] - callTestCase(findTestCase("_Functions/Perform Action"), ["varAction":"click", "varObject":object], STOP_ON_FAILURE): Call Test Case 'Test Cases/_Functions/Perform Action' successfully

27-02-2025T17:26:48 - [TEST_CASE][PASSED] - Test Cases/_Functions/Perform Action: Test Cases/_Functions/Perform Action

27-02-2025T17:26:48 - [TEST_STEP][PASSED] - action = varAction: null

27-02-2025T17:26:48 - [TEST_STEP][PASSED] - println(action): null

27-02-2025T17:26:48 - [TEST_STEP][PASSED] - testObject = varObject: null

27-02-2025T17:26:48 - [TEST_STEP][PASSED] - println(testObject): null

27-02-2025T17:26:48 - [TEST_STEP][PASSED] - parm1 = varParm1: null

27-02-2025T17:26:48 - [TEST_STEP][PASSED] - println(parm1): null

27-02-2025T17:26:48 - [TEST_STEP][PASSED] - println("Converting " + testObject + " to web element"): null

27-02-2025T17:26:48 - [TEST_STEP][PASSED] - element = findWebElement(findTestObject(testObject), 1): null

27-02-2025T17:26:48 - [TEST_STEP][PASSED] - loc = element.getLocation(): null

27-02-2025T17:26:48 - [TEST_STEP][PASSED] - y = loc.getY(): null

27-02-2025T17:26:48 - [TEST_STEP][PASSED] - println("Y location is " + y): null

27-02-2025T17:26:48 - [TEST_STEP][PASSED] - top = getViewportTopPosition(): Current viewport's top (y) position is 980

27-02-2025T17:26:48 - [MESSAGE][PASSED] - Current viewport's top (y) position is 980

27-02-2025T17:26:48 - [TEST_STEP][PASSED] - println("Viewport top is " + top): null

27-02-2025T17:26:48 - [TEST_STEP][PASSED] - bottom = top + 600: null

27-02-2025T17:26:48 - [TEST_STEP][PASSED] - if (y - top < 150 || bottom - y < 10): Delayed 1 second(s)

27-02-2025T17:26:48 - [TEST_STEP][PASSED] - scrollToPosition(0, y - 150): Browser is scrolled to position x = 0, y = 1458

27-02-2025T17:26:48 - [MESSAGE][PASSED] - Browser is scrolled to position x = 0, y = 1458

27-02-2025T17:26:48 - [TEST_STEP][PASSED] - delay(1): Delayed 1 second(s)

27-02-2025T17:26:49 - [MESSAGE][PASSED] - Delayed 1 second(s)

27-02-2025T17:26:49 - [TEST_STEP][PASSED] - if (action == "click"): Object: 'Object Repository/Education Partner Profile/Register/checkbox_Terms and Conditions' is clicked on

27-02-2025T17:26:49 - [TEST_STEP][PASSED] - println("clicking"): null

27-02-2025T17:26:49 - [TEST_STEP][PASSED] - click(findTestObject(testObject)): Object: 'Object Repository/Education Partner Profile/Register/checkbox_Terms and Conditions' is clicked on

27-02-2025T17:26:49 - [MESSAGE][PASSED] - Object: 'Object Repository/Education Partner Profile/Register/checkbox_Terms and Conditions' is clicked on

27-02-2025T17:26:49 - [MESSAGE][PASSED] - Call Test Case 'Test Cases/_Functions/Perform Action' successfully

27-02-2025T17:26:49 - [TEST_STEP][PASSED] - delay(2): Delayed 2 second(s)

27-02-2025T17:26:51 - [MESSAGE][PASSED] - Delayed 2 second(s)

27-02-2025T17:26:51 - [TEST_STEP][PASSED] - object = "Object Repository/Education Partner Profile/Register/button_Sign up": null

27-02-2025T17:26:51 - [TEST_STEP][PASSED] - callTestCase(findTestCase("_Functions/Perform Action"), ["varAction":"click", "varObject":object], STOP_ON_FAILURE): Call Test Case 'Test Cases/_Functions/Perform Action' successfully

27-02-2025T17:26:51 - [TEST_CASE][PASSED] - Test Cases/_Functions/Perform Action: Test Cases/_Functions/Perform Action

27-02-2025T17:26:51 - [TEST_STEP][PASSED] - action = varAction: null

27-02-2025T17:26:51 - [TEST_STEP][PASSED] - println(action): null

27-02-2025T17:26:51 - [TEST_STEP][PASSED] - testObject = varObject: null

27-02-2025T17:26:51 - [TEST_STEP][PASSED] - println(testObject): null

27-02-2025T17:26:51 - [TEST_STEP][PASSED] - parm1 = varParm1: null

27-02-2025T17:26:51 - [TEST_STEP][PASSED] - println(parm1): null

27-02-2025T17:26:51 - [TEST_STEP][PASSED] - println("Converting " + testObject + " to web element"): null

27-02-2025T17:26:51 - [TEST_STEP][PASSED] - element = findWebElement(findTestObject(testObject), 1): null

27-02-2025T17:26:51 - [TEST_STEP][PASSED] - loc = element.getLocation(): null

27-02-2025T17:26:51 - [TEST_STEP][PASSED] - y = loc.getY(): null

27-02-2025T17:26:51 - [TEST_STEP][PASSED] - println("Y location is " + y): null

27-02-2025T17:26:51 - [TEST_STEP][PASSED] - top = getViewportTopPosition(): Current viewport's top (y) position is 1215

27-02-2025T17:26:51 - [MESSAGE][PASSED] - Current viewport's top (y) position is 1215

27-02-2025T17:26:51 - [TEST_STEP][PASSED] - println("Viewport top is " + top): null

27-02-2025T17:26:51 - [TEST_STEP][PASSED] - bottom = top + 600: null

27-02-2025T17:26:51 - [TEST_STEP][PASSED] - if (y - top < 150 || bottom - y < 10): null

27-02-2025T17:26:51 - [TEST_STEP][PASSED] - if (action == "click"): Object: 'Object Repository/Education Partner Profile/Register/button_Sign up' is clicked on

27-02-2025T17:26:51 - [TEST_STEP][PASSED] - println("clicking"): null

27-02-2025T17:26:51 - [TEST_STEP][PASSED] - click(findTestObject(testObject)): Object: 'Object Repository/Education Partner Profile/Register/button_Sign up' is clicked on

27-02-2025T17:28:00 - [MESSAGE][PASSED] - Object: 'Object Repository/Education Partner Profile/Register/button_Sign up' is clicked on

27-02-2025T17:28:00 - [MESSAGE][PASSED] - Call Test Case 'Test Cases/_Functions/Perform Action' successfully

27-02-2025T17:28:00 - [TEST_STEP][PASSED] - delay(1): Delayed 1 second(s)

27-02-2025T17:28:01 - [MESSAGE][PASSED] - Delayed 1 second(s)

27-02-2025T17:28:01 - [TEST_STEP][PASSED] - waitForPageLoad(10): Wait for page load successfully

27-02-2025T17:28:01 - [MESSAGE][PASSED] - Wait for page load successfully

27-02-2025T17:28:01 - [TEST_STEP][PASSED] - pending = verifyTextPresent("Approval Pending", false, OPTIONAL): Text 'Approval Pending' is present on page 

27-02-2025T17:28:01 - [MESSAGE][PASSED] - Text 'Approval Pending' is present on page 

27-02-2025T17:28:01 - [TEST_STEP][PASSED] - if (pending): null

27-02-2025T17:28:01 - [TEST_STEP][PASSED] - outText = "
+++ Approval Pending page was found.": null

27-02-2025T17:28:01 - [TEST_STEP][PASSED] - println(outText): null

27-02-2025T17:28:01 - [TEST_STEP][PASSED] - outFile.append(outText + "
"): null

27-02-2025T17:28:01 - [TEST_STEP][PASSED] - callTestCase(findTestCase("_Functions/Generic Wait for Email"), ["varFromKey":"chris.kosieracki@missionnext.org", "varSubjectKey":"Approval request", "varSearchKey":username], STOP_ON_FAILURE): Call Test Case 'Test Cases/_Functions/Generic Wait for Email' successfully

27-02-2025T17:28:01 - [TEST_CASE][PASSED] - Test Cases/_Functions/Generic Wait for Email: Test Cases/_Functions/Generic Wait for Email

27-02-2025T17:28:02 - [TEST_STEP][PASSED] - waitTime = 4: null

27-02-2025T17:28:02 - [TEST_STEP][PASSED] - scriptStart = new java.util.Date(): null

27-02-2025T17:28:02 - [TEST_STEP][PASSED] - scriptInstant = scriptStart.toInstant(): null

27-02-2025T17:28:02 - [TEST_STEP][PASSED] - println(scriptStart): null

27-02-2025T17:28:02 - [TEST_STEP][PASSED] - println(scriptInstant): null

27-02-2025T17:28:02 - [TEST_STEP][PASSED] - returnCode = "": null

27-02-2025T17:28:02 - [TEST_STEP][PASSED] - if (binding.hasVariable("varSearchKey")): null

27-02-2025T17:28:02 - [TEST_STEP][PASSED] - searchKey = varSearchKey: null

27-02-2025T17:28:02 - [TEST_STEP][PASSED] - if (binding.hasVariable("varSubjectKey")): null

27-02-2025T17:28:02 - [TEST_STEP][PASSED] - subjectKey = varSubjectKey: null

27-02-2025T17:28:02 - [TEST_STEP][PASSED] - if (binding.hasVariable("varFromKey")): null

27-02-2025T17:28:02 - [TEST_STEP][PASSED] - fromKey = varFromKey: null

27-02-2025T17:28:02 - [TEST_STEP][PASSED] - isList = false: null

27-02-2025T17:28:02 - [TEST_STEP][PASSED] - if (fromKey instanceof java.util.List): null

27-02-2025T17:28:02 - [TEST_STEP][PASSED] - else: null

27-02-2025T17:28:02 - [TEST_STEP][PASSED] - fromKey = [fromKey]: null

27-02-2025T17:28:02 - [TEST_STEP][PASSED] - subjectKey = [subjectKey]: null

27-02-2025T17:28:02 - [TEST_STEP][PASSED] - searchKey = [searchKey]: null

27-02-2025T17:28:02 - [TEST_STEP][PASSED] - isList = false: null

27-02-2025T17:28:02 - [TEST_STEP][PASSED] - msgCount = fromKey.size(): null

27-02-2025T17:28:02 - [TEST_STEP][PASSED] - println(msgCount): null

27-02-2025T17:28:02 - [TEST_STEP][PASSED] - println(fromKey): null

27-02-2025T17:28:02 - [TEST_STEP][PASSED] - println(subjectKey): null

27-02-2025T17:28:02 - [TEST_STEP][PASSED] - println(searchKey): null

27-02-2025T17:28:02 - [TEST_STEP][PASSED] - writeFile = false: null

27-02-2025T17:28:02 - [TEST_STEP][PASSED] - if (outFile != ""): null

27-02-2025T17:28:02 - [TEST_STEP][PASSED] - myFile = outFile: null

27-02-2025T17:28:02 - [TEST_STEP][PASSED] - println(myFile): null

27-02-2025T17:28:02 - [TEST_STEP][PASSED] - outFile = new java.io.File(myFile): null

27-02-2025T17:28:02 - [TEST_STEP][PASSED] - writeFile = true: null

27-02-2025T17:28:02 - [TEST_STEP][PASSED] - host = "pop.gmail.com": null

27-02-2025T17:28:02 - [TEST_STEP][PASSED] - mailStoreType = "pop3": null

27-02-2025T17:28:02 - [TEST_STEP][PASSED] - username = "cktest01mn@gmail.com": null

27-02-2025T17:28:02 - [TEST_STEP][PASSED] - password = "sfesezftmpqxbbbd": null

27-02-2025T17:28:02 - [TEST_STEP][PASSED] - properties = new java.util.Properties(): null

27-02-2025T17:28:02 - [TEST_STEP][PASSED] - properties.put("mail.pop3.host", host): null

27-02-2025T17:28:02 - [TEST_STEP][PASSED] - properties.put("mail.pop3.port", "995"): null

27-02-2025T17:28:02 - [TEST_STEP][PASSED] - properties.put("mail.pop3.starttls.enable", "true"): null

27-02-2025T17:28:02 - [TEST_STEP][PASSED] - emailSession = Session.getDefaultInstance(properties): null

27-02-2025T17:28:02 - [TEST_STEP][PASSED] - store = emailSession.getStore("pop3s"): null

27-02-2025T17:28:02 - [TEST_STEP][PASSED] - store.connect(host, username, password): null

27-02-2025T17:28:02 - [TEST_STEP][PASSED] - emailFolder = <not implemented yet for class: org.codehaus.groovy.ast.expr.EmptyExpression>: null

27-02-2025T17:28:02 - [TEST_STEP][PASSED] - messages = []: null

27-02-2025T17:28:02 - [TEST_STEP][PASSED] - loopsMax = waitTime * 60 / 5: null

27-02-2025T17:28:02 - [TEST_STEP][PASSED] - emailFolder = store.getFolder("INBOX"): null

27-02-2025T17:28:02 - [TEST_STEP][PASSED] - emailFolder.open(READ_ONLY): null

27-02-2025T17:28:02 - [TEST_STEP][PASSED] - messages = emailFolder.getMessages(): null

27-02-2025T17:28:02 - [TEST_STEP][PASSED] - if (length == 0): null

27-02-2025T17:28:02 - [TEST_STEP][PASSED] - msgFound = false: null

27-02-2025T17:28:02 - [TEST_STEP][PASSED] - msgFoundCount = 0: null

27-02-2025T17:28:02 - [TEST_STEP][PASSED] - loops = 0: null

27-02-2025T17:28:02 - [TEST_STEP][PASSED] - while (length < msgCount && loops <= loopsMax): null

27-02-2025T17:28:02 - [TEST_STEP][PASSED] - outText = "messages.length---" + length: null

27-02-2025T17:28:02 - [TEST_STEP][PASSED] - println(outText): null

27-02-2025T17:28:02 - [TEST_STEP][PASSED] - if (writeFile): null

27-02-2025T17:28:02 - [TEST_STEP][PASSED] - outFile.append(outText + "
"): null

27-02-2025T17:28:02 - [TEST_STEP][PASSED] - emailNumber = 0: null

27-02-2025T17:28:02 - [TEST_STEP][PASSED] - if (length >= msgCount): null

27-02-2025T17:28:02 - [TEST_STEP][PASSED] - for (javax.mail.Message message : messages): null

27-02-2025T17:28:02 - [TEST_STEP][PASSED] - (emailNumber++): null

27-02-2025T17:28:02 - [TEST_STEP][PASSED] - println("
********* Processing email number " + emailNumber): null

27-02-2025T17:28:02 - [TEST_STEP][PASSED] - from = message.getFrom()[0]: null

27-02-2025T17:28:02 - [TEST_STEP][PASSED] - subject = message.getSubject(): null

27-02-2025T17:28:02 - [TEST_STEP][PASSED] - outText = "Found an email from " + from + " with the subject of " + subject + ".": null

27-02-2025T17:28:02 - [TEST_STEP][PASSED] - println(outText): null

27-02-2025T17:28:02 - [TEST_STEP][PASSED] - if (writeFile): null

27-02-2025T17:28:02 - [TEST_STEP][PASSED] - outFile.append(outText + "
"): null

27-02-2025T17:28:02 - [TEST_STEP][PASSED] - content = message.getContent(): null

27-02-2025T17:28:02 - [TEST_STEP][PASSED] - if (content instanceof java.lang.String): null

27-02-2025T17:28:02 - [TEST_STEP][PASSED] - else if (content instanceof javax.mail.Multipart): null

27-02-2025T17:28:02 - [TEST_STEP][PASSED] - println("It is multipart"): null

27-02-2025T17:28:02 - [TEST_STEP][PASSED] - mp = message.getContent(): null

27-02-2025T17:28:02 - [TEST_STEP][PASSED] - p = getBodyPart(0).getContent(): null

27-02-2025T17:28:02 - [TEST_STEP][PASSED] - body = p.toString(): null

27-02-2025T17:28:02 - [TEST_STEP][PASSED] - println("----- Subject is:" + subject): null

27-02-2025T17:28:02 - [TEST_STEP][PASSED] - for ([i = 0, i < msgCount, (i++)]): null

27-02-2025T17:28:02 - [TEST_STEP][PASSED] - println("********* Processing search number " + i): null

27-02-2025T17:28:02 - [TEST_STEP][PASSED] - println("==== subjectKey is:" + subjectKey[i]): null

27-02-2025T17:28:02 - [TEST_STEP][PASSED] - subjectMatch = subject.indexOf(subjectKey[i]): null

27-02-2025T17:28:02 - [TEST_STEP][PASSED] - println(subjectMatch): null

27-02-2025T17:28:02 - [TEST_STEP][PASSED] - if (subjectMatch >= 0): null

27-02-2025T17:28:02 - [TEST_STEP][PASSED] - println("----- From is:" + from): null

27-02-2025T17:28:02 - [TEST_STEP][PASSED] - println("==== fromKey is:" + fromKey[i]): null

27-02-2025T17:28:02 - [TEST_STEP][PASSED] - fromMatch = from.indexOf(fromKey[i]): null

27-02-2025T17:28:02 - [TEST_STEP][PASSED] - println(fromMatch): null

27-02-2025T17:28:02 - [TEST_STEP][PASSED] - if (subjectMatch >= 0 && fromMatch >= 0): null

27-02-2025T17:28:02 - [TEST_STEP][PASSED] - println("     ----- Body:" + body): null

27-02-2025T17:28:02 - [TEST_STEP][PASSED] - sentPos = body.indexOf("Sent:"): null

27-02-2025T17:28:02 - [TEST_STEP][PASSED] - toPos = body.indexOf("To:"): null

27-02-2025T17:28:02 - [TEST_STEP][PASSED] - msgBody = body: null

27-02-2025T17:28:02 - [TEST_STEP][PASSED] - if (searchKey[i] != "NA"): null

27-02-2025T17:28:02 - [TEST_STEP][PASSED] - if (msgBody.indexOf(searchKey[i]) >= 0): null

27-02-2025T17:28:02 - [TEST_STEP][PASSED] - msgFound = true: null

27-02-2025T17:28:02 - [TEST_STEP][PASSED] - outText = ">>>>> SearchKey " + searchKey[i] + " was found in the email.": null

27-02-2025T17:28:02 - [TEST_STEP][PASSED] - println(outText): null

27-02-2025T17:28:02 - [TEST_STEP][PASSED] - if (writeFile): null

27-02-2025T17:28:02 - [TEST_STEP][PASSED] - outFile.append(outText + "
"): null

27-02-2025T17:28:02 - [TEST_STEP][PASSED] - break: null

27-02-2025T17:28:02 - [TEST_STEP][PASSED] - if (msgFound): null

27-02-2025T17:28:02 - [TEST_STEP][PASSED] - (msgFoundCount++): null

27-02-2025T17:28:02 - [TEST_STEP][PASSED] - emailFolder.close(false): null

27-02-2025T17:28:03 - [TEST_STEP][PASSED] - if (msgFoundCount == fromKey.size()): null

27-02-2025T17:28:03 - [TEST_STEP][PASSED] - returnCode = "found": null

27-02-2025T17:28:03 - [TEST_STEP][PASSED] - store.close(): null

27-02-2025T17:28:03 - [MESSAGE][PASSED] - Call Test Case 'Test Cases/_Functions/Generic Wait for Email' successfully

27-02-2025T17:28:03 - [TEST_STEP][ERROR] - if (returnCode == "found"): Test Cases/Education Partner Profile/Register Education Partner FAILED.
Reason:
com.kms.katalon.core.exception.StepErrorException: Call Test Case 'Test Cases/Education Partner Profile/Complete Education Partner Profile' failed because of error(s)
	at com.kms.katalon.core.keyword.builtin.CallTestCaseKeyword$_callTestCase_closure1.doCall(CallTestCaseKeyword.groovy:66)
	at com.kms.katalon.core.keyword.builtin.CallTestCaseKeyword$_callTestCase_closure1.call(CallTestCaseKeyword.groovy)
	at com.kms.katalon.core.keyword.internal.KeywordMain.runKeyword(KeywordMain.groovy:75)
	at com.kms.katalon.core.keyword.builtin.CallTestCaseKeyword.callTestCase(CallTestCaseKeyword.groovy:81)
	at com.kms.katalon.core.keyword.builtin.CallTestCaseKeyword.execute(CallTestCaseKeyword.groovy:44)
	at com.kms.katalon.core.keyword.internal.KeywordExecutor.executeKeywordForPlatform(KeywordExecutor.groovy:74)
	at com.kms.katalon.core.keyword.BuiltinKeywords.callTestCase(BuiltinKeywords.groovy:310)
	at jdk.internal.reflect.GeneratedMethodAccessor29.invoke(Unknown Source)
	at java.base/jdk.internal.reflect.DelegatingMethodAccessorImpl.invoke(DelegatingMethodAccessorImpl.java:43)
	at Register Education Partner.run(Register Education Partner:403)
	at com.kms.katalon.core.main.ScriptEngine.run(ScriptEngine.java:194)
	at com.kms.katalon.core.main.ScriptEngine.runScriptAsRawText(ScriptEngine.java:119)
	at com.kms.katalon.core.main.TestCaseExecutor.runScript(TestCaseExecutor.java:448)
	at com.kms.katalon.core.main.TestCaseExecutor.doExecute(TestCaseExecutor.java:439)
	at com.kms.katalon.core.main.TestCaseExecutor.processExecutionPhase(TestCaseExecutor.java:418)
	at com.kms.katalon.core.main.TestCaseExecutor.accessMainPhase(TestCaseExecutor.java:410)
	at com.kms.katalon.core.main.TestCaseExecutor.execute(TestCaseExecutor.java:285)
	at com.kms.katalon.core.common.CommonExecutor.accessTestCaseMainPhase(CommonExecutor.java:65)
	at com.kms.katalon.core.main.TestSuiteExecutor.accessTestSuiteMainPhase(TestSuiteExecutor.java:150)
	at com.kms.katalon.core.main.TestSuiteExecutor.execute(TestSuiteExecutor.java:106)
	at com.kms.katalon.core.main.TestCaseMain.startTestSuite(TestCaseMain.java:180)
	at TempTestSuite1740698292669.run(TempTestSuite1740698292669.groovy:35)
	at java.base/jdk.internal.reflect.NativeMethodAccessorImpl.invoke0(Native Method)
	at java.base/jdk.internal.reflect.NativeMethodAccessorImpl.invoke(NativeMethodAccessorImpl.java:77)
	at java.base/jdk.internal.reflect.DelegatingMethodAccessorImpl.invoke(DelegatingMethodAccessorImpl.java:43)
Caused by: com.kms.katalon.core.exception.StepErrorException: Call Test Case 'Test Cases/Education Partner Profile/Tabs/Set Admin Info' failed because of error(s)
	at com.kms.katalon.core.keyword.builtin.CallTestCaseKeyword$_callTestCase_closure1.doCall(CallTestCaseKeyword.groovy:66)
	at com.kms.katalon.core.keyword.builtin.CallTestCaseKeyword$_callTestCase_closure1.call(CallTestCaseKeyword.groovy)
	at com.kms.katalon.core.keyword.internal.KeywordMain.runKeyword(KeywordMain.groovy:75)
	at com.kms.katalon.core.keyword.builtin.CallTestCaseKeyword.callTestCase(CallTestCaseKeyword.groovy:81)
	at com.kms.katalon.core.keyword.builtin.CallTestCaseKeyword.execute(CallTestCaseKeyword.groovy:44)
	at com.kms.katalon.core.keyword.internal.KeywordExecutor.executeKeywordForPlatform(KeywordExecutor.groovy:74)
	at com.kms.katalon.core.keyword.BuiltinKeywords.callTestCase(BuiltinKeywords.groovy:310)
	at jdk.internal.reflect.GeneratedMethodAccessor29.invoke(Unknown Source)
	at java.base/jdk.internal.reflect.DelegatingMethodAccessorImpl.invoke(DelegatingMethodAccessorImpl.java:43)
	at Complete Education Partner Profile.run(Complete Education Partner Profile:226)
	at com.kms.katalon.core.main.ScriptEngine.run(ScriptEngine.java:194)
	at com.kms.katalon.core.main.ScriptEngine.runScriptAsRawText(ScriptEngine.java:119)
	at com.kms.katalon.core.main.TestCaseExecutor.runScript(TestCaseExecutor.java:448)
	at com.kms.katalon.core.main.TestCaseExecutor.doExecute(TestCaseExecutor.java:439)
	at com.kms.katalon.core.main.TestCaseExecutor.processExecutionPhase(TestCaseExecutor.java:418)
	at com.kms.katalon.core.main.TestCaseExecutor.accessMainPhase(TestCaseExecutor.java:410)
	at com.kms.katalon.core.main.TestCaseExecutor.execute(TestCaseExecutor.java:285)
	at com.kms.katalon.core.main.TestCaseMain.runTestCase(TestCaseMain.java:137)
	at com.kms.katalon.core.keyword.builtin.CallTestCaseKeyword$_callTestCase_closure1.doCall(CallTestCaseKeyword.groovy:59)
	... 24 more
Caused by: com.kms.katalon.core.exception.StepErrorException: Call Test Case 'Test Cases/_Functions/Perform Action' failed because of error(s)
	at com.kms.katalon.core.keyword.builtin.CallTestCaseKeyword$_callTestCase_closure1.doCall(CallTestCaseKeyword.groovy:66)
	at com.kms.katalon.core.keyword.builtin.CallTestCaseKeyword$_callTestCase_closure1.call(CallTestCaseKeyword.groovy)
	at com.kms.katalon.core.keyword.internal.KeywordMain.runKeyword(KeywordMain.groovy:75)
	at com.kms.katalon.core.keyword.builtin.CallTestCaseKeyword.callTestCase(CallTestCaseKeyword.groovy:81)
	at com.kms.katalon.core.keyword.builtin.CallTestCaseKeyword.execute(CallTestCaseKeyword.groovy:44)
	at com.kms.katalon.core.keyword.internal.KeywordExecutor.executeKeywordForPlatform(KeywordExecutor.groovy:74)
	at com.kms.katalon.core.keyword.BuiltinKeywords.callTestCase(BuiltinKeywords.groovy:310)
	at jdk.internal.reflect.GeneratedMethodAccessor29.invoke(Unknown Source)
	at java.base/jdk.internal.reflect.DelegatingMethodAccessorImpl.invoke(DelegatingMethodAccessorImpl.java:43)
	at Set Admin Info.run(Set Admin Info:81)
	at com.kms.katalon.core.main.ScriptEngine.run(ScriptEngine.java:194)
	at com.kms.katalon.core.main.ScriptEngine.runScriptAsRawText(ScriptEngine.java:119)
	at com.kms.katalon.core.main.TestCaseExecutor.runScript(TestCaseExecutor.java:448)
	at com.kms.katalon.core.main.TestCaseExecutor.doExecute(TestCaseExecutor.java:439)
	at com.kms.katalon.core.main.TestCaseExecutor.processExecutionPhase(TestCaseExecutor.java:418)
	at com.kms.katalon.core.main.TestCaseExecutor.accessMainPhase(TestCaseExecutor.java:410)
	at com.kms.katalon.core.main.TestCaseExecutor.execute(TestCaseExecutor.java:285)
	at com.kms.katalon.core.main.TestCaseMain.runTestCase(TestCaseMain.java:137)
	at com.kms.katalon.core.keyword.builtin.CallTestCaseKeyword$_callTestCase_closure1.doCall(CallTestCaseKeyword.groovy:59)
	... 42 more
Caused by: com.kms.katalon.core.webui.exception.WebElementNotFoundException: Web element with id: 'Object Repository/Education Partner Profile/Tabs/a_Admin Info' located by '//a[@id='ui-id-7']' not found
	at com.kms.katalon.core.webui.common.WebUiCommonHelper.findWebElement(WebUiCommonHelper.java:1423)
	at Perform Action.run(Perform Action:32)
	at com.kms.katalon.core.main.ScriptEngine.run(ScriptEngine.java:194)
	at com.kms.katalon.core.main.ScriptEngine.runScriptAsRawText(ScriptEngine.java:119)
	at com.kms.katalon.core.main.TestCaseExecutor.runScript(TestCaseExecutor.java:448)
	at com.kms.katalon.core.main.TestCaseExecutor.doExecute(TestCaseExecutor.java:439)
	at com.kms.katalon.core.main.TestCaseExecutor.processExecutionPhase(TestCaseExecutor.java:418)
	at com.kms.katalon.core.main.TestCaseExecutor.accessMainPhase(TestCaseExecutor.java:410)
	at com.kms.katalon.core.main.TestCaseExecutor.execute(TestCaseExecutor.java:285)
	at com.kms.katalon.core.main.TestCaseMain.runTestCase(TestCaseMain.java:137)
	at com.kms.katalon.core.keyword.builtin.CallTestCaseKeyword$_callTestCase_closure1.doCall(CallTestCaseKeyword.groovy:59)
	... 60 more


27-02-2025T17:28:03 - [TEST_STEP][PASSED] - outText = "Approval request email for " + username + " was found": null

27-02-2025T17:28:03 - [TEST_STEP][PASSED] - println(outText): null

27-02-2025T17:28:03 - [TEST_STEP][PASSED] - outFile.append(outText): null

27-02-2025T17:28:03 - [TEST_STEP][PASSED] - closeBrowser(): Browser is closed

27-02-2025T17:28:03 - [MESSAGE][PASSED] - Browser is closed

27-02-2025T17:28:03 - [TEST_STEP][PASSED] - callTestCase(findTestCase("Admin/Grant Access"), ["varUsername":username], STOP_ON_FAILURE): Call Test Case 'Test Cases/Admin/Grant Access' successfully

27-02-2025T17:28:03 - [TEST_CASE][PASSED] - Test Cases/Admin/Grant Access: Test Cases/Admin/Grant Access

27-02-2025T17:28:03 - [TEST_STEP][PASSED] - if (binding.hasVariable("varUsername")): null

27-02-2025T17:28:03 - [TEST_STEP][PASSED] - username = varUsername: null

27-02-2025T17:28:03 - [TEST_STEP][PASSED] - writeFile = false: null

27-02-2025T17:28:03 - [TEST_STEP][PASSED] - if (outFile != ""): null

27-02-2025T17:28:03 - [TEST_STEP][PASSED] - myFile = outFile: null

27-02-2025T17:28:03 - [TEST_STEP][PASSED] - println(myFile): null

27-02-2025T17:28:03 - [TEST_STEP][PASSED] - outFile = new java.io.File(myFile): null

27-02-2025T17:28:03 - [TEST_STEP][PASSED] - writeFile = true: null

27-02-2025T17:28:03 - [TEST_STEP][PASSED] - domain = domain: null

27-02-2025T17:28:03 - [TEST_STEP][PASSED] - url = "https://api." + domain: null

27-02-2025T17:28:03 - [TEST_STEP][PASSED] - openBrowser(""): Browser is opened with url: ''

27-02-2025T17:28:03 - [MESSAGE][INFO] - Starting 'Chrome' driver

27-02-2025T17:28:03 - [MESSAGE][INFO] - Action delay is set to 0 milliseconds

27-02-2025T17:28:04 - [MESSAGE][PASSED] - Browser is opened with url: ''

27-02-2025T17:28:04 - [TEST_STEP][PASSED] - navigateToUrl(url): Navigate to 'https://api.missionnext.org' successfully

27-02-2025T17:28:05 - [MESSAGE][PASSED] - Navigate to 'https://api.missionnext.org' successfully

27-02-2025T17:28:05 - [TEST_STEP][PASSED] - setText(findTestObject("Admin/API Login/input_username"), "chriskosieracki"): Text 'chriskosieracki' is set on object 'Object Repository/Admin/API Login/input_username'

27-02-2025T17:28:05 - [MESSAGE][PASSED] - Text 'chriskosieracki' is set on object 'Object Repository/Admin/API Login/input_username'

27-02-2025T17:28:05 - [TEST_STEP][PASSED] - setEncryptedText(findTestObject("Admin/API Login/input_password"), "4Q/2PF7UjxevAl0v0kCS+w=="): Text ****** has been set on object 'Object Repository/Admin/API Login/input_password'

27-02-2025T17:28:05 - [MESSAGE][PASSED] - Text ****** has been set on object 'Object Repository/Admin/API Login/input_password'

27-02-2025T17:28:05 - [TEST_STEP][PASSED] - click(findTestObject("Admin/API Login/btn_Sign in")): Object: 'Object Repository/Admin/API Login/btn_Sign in' is clicked on

27-02-2025T17:28:05 - [MESSAGE][PASSED] - Object: 'Object Repository/Admin/API Login/btn_Sign in' is clicked on

27-02-2025T17:28:05 - [TEST_STEP][PASSED] - click(findTestObject("Admin/API Dashboard/a_Users")): Object: 'Object Repository/Admin/API Dashboard/a_Users' is clicked on

27-02-2025T17:28:06 - [MESSAGE][PASSED] - Object: 'Object Repository/Admin/API Dashboard/a_Users' is clicked on

27-02-2025T17:28:06 - [TEST_STEP][PASSED] - setText(findTestObject("Object Repository/Admin/API Dashboard/input_User_search"), username): Text 'cktest06ep' is set on object 'Object Repository/Admin/API Dashboard/input_User_search'

27-02-2025T17:28:06 - [MESSAGE][PASSED] - Text 'cktest06ep' is set on object 'Object Repository/Admin/API Dashboard/input_User_search'

27-02-2025T17:28:06 - [TEST_STEP][PASSED] - delay(5): Delayed 5 second(s)

27-02-2025T17:28:11 - [MESSAGE][PASSED] - Delayed 5 second(s)

27-02-2025T17:28:11 - [TEST_STEP][PASSED] - driver = getWebDriver(): null

27-02-2025T17:28:11 - [TEST_STEP][PASSED] - Table = driver.findElement(By.xpath("//*[@id="default-rezult"]/table")): null

27-02-2025T17:28:11 - [TEST_STEP][PASSED] - Rows = Table.findElements(By.tagName("tr")): null

27-02-2025T17:28:11 - [TEST_STEP][PASSED] - row_count = Rows.size(): null

27-02-2025T17:28:11 - [TEST_STEP][PASSED] - for ([row = 1, row < row_count, (row++)]): null

27-02-2025T17:28:11 - [TEST_STEP][PASSED] - Columns = get(row).findElements(By.tagName("td")): null

27-02-2025T17:28:11 - [TEST_STEP][PASSED] - user = get(1).getText(): null

27-02-2025T17:28:11 - [TEST_STEP][PASSED] - if (user.indexOf(username) >= 0): null

27-02-2025T17:28:11 - [TEST_STEP][PASSED] - get(1).click(): null

27-02-2025T17:28:11 - [TEST_STEP][PASSED] - delay(5): Delayed 5 second(s)

27-02-2025T17:28:16 - [MESSAGE][PASSED] - Delayed 5 second(s)

27-02-2025T17:28:16 - [TEST_STEP][PASSED] - outText = "Granting access to " + username: null

27-02-2025T17:28:16 - [TEST_STEP][PASSED] - println("=====> " + outText): null

27-02-2025T17:28:16 - [TEST_STEP][PASSED] - if (writeFile): null

27-02-2025T17:28:16 - [TEST_STEP][PASSED] - outFile.append(outText + "
"): null

27-02-2025T17:28:16 - [TEST_STEP][PASSED] - click(findTestObject("Object Repository/Admin/API Dashboard/button_Grant Access")): Object: 'Object Repository/Admin/API Dashboard/button_Grant Access' is clicked on

27-02-2025T17:28:16 - [MESSAGE][PASSED] - Object: 'Object Repository/Admin/API Dashboard/button_Grant Access' is clicked on

27-02-2025T17:28:16 - [TEST_STEP][PASSED] - delay(1): Delayed 1 second(s)

27-02-2025T17:28:17 - [MESSAGE][PASSED] - Delayed 1 second(s)

27-02-2025T17:28:17 - [TEST_STEP][PASSED] - granted = false: null

27-02-2025T17:28:17 - [TEST_STEP][PASSED] - loops = 10: null

27-02-2025T17:28:17 - [TEST_STEP][PASSED] - loop = 0: null

27-02-2025T17:28:17 - [TEST_STEP][PASSED] - while (!(granted) && loop < loops): null

27-02-2025T17:28:17 - [TEST_STEP][PASSED] - granted = verifyTextPresent("ACCESS GRANTED", false, OPTIONAL): Text 'ACCESS GRANTED' is not present on page  (Root cause: com.kms.katalon.core.exception.StepFailedException: Text 'ACCESS GRANTED' is not present on page 
	at com.kms.katalon.core.webui.keyword.internal.WebUIKeywordMain.stepFailed(WebUIKeywordMain.groovy:117)
	at com.kms.katalon.core.webui.keyword.builtin.VerifyTextPresentKeyword$_verifyTextPresent_closure1.doCall(VerifyTextPresentKeyword.groovy:79)
	at com.kms.katalon.core.webui.keyword.builtin.VerifyTextPresentKeyword$_verifyTextPresent_closure1.call(VerifyTextPresentKeyword.groovy)
	at com.kms.katalon.core.webui.keyword.internal.WebUIKeywordMain.runKeyword(WebUIKeywordMain.groovy:35)
	at com.kms.katalon.core.webui.keyword.builtin.VerifyTextPresentKeyword.verifyTextPresent(VerifyTextPresentKeyword.groovy:83)
	at com.kms.katalon.core.webui.keyword.builtin.VerifyTextPresentKeyword.execute(VerifyTextPresentKeyword.groovy:68)
	at com.kms.katalon.core.keyword.internal.KeywordExecutor.executeKeywordForPlatform(KeywordExecutor.groovy:74)
	at com.kms.katalon.core.webui.keyword.WebUiBuiltInKeywords.verifyTextPresent(WebUiBuiltInKeywords.groovy:1746)
	at Grant Access.run(Grant Access:98)
	at com.kms.katalon.core.main.ScriptEngine.run(ScriptEngine.java:194)
	at com.kms.katalon.core.main.ScriptEngine.runScriptAsRawText(ScriptEngine.java:119)
	at com.kms.katalon.core.main.TestCaseExecutor.runScript(TestCaseExecutor.java:448)
	at com.kms.katalon.core.main.TestCaseExecutor.doExecute(TestCaseExecutor.java:439)
	at com.kms.katalon.core.main.TestCaseExecutor.processExecutionPhase(TestCaseExecutor.java:418)
	at com.kms.katalon.core.main.TestCaseExecutor.accessMainPhase(TestCaseExecutor.java:410)
	at com.kms.katalon.core.main.TestCaseExecutor.execute(TestCaseExecutor.java:285)
	at com.kms.katalon.core.main.TestCaseMain.runTestCase(TestCaseMain.java:137)
	at com.kms.katalon.core.keyword.builtin.CallTestCaseKeyword$_callTestCase_closure1.doCall(CallTestCaseKeyword.groovy:59)
	at com.kms.katalon.core.keyword.builtin.CallTestCaseKeyword$_callTestCase_closure1.call(CallTestCaseKeyword.groovy)
	at com.kms.katalon.core.keyword.internal.KeywordMain.runKeyword(KeywordMain.groovy:75)
	at com.kms.katalon.core.keyword.builtin.CallTestCaseKeyword.callTestCase(CallTestCaseKeyword.groovy:81)
	at com.kms.katalon.core.keyword.builtin.CallTestCaseKeyword.execute(CallTestCaseKeyword.groovy:44)
	at com.kms.katalon.core.keyword.internal.KeywordExecutor.executeKeywordForPlatform(KeywordExecutor.groovy:74)
	at com.kms.katalon.core.keyword.BuiltinKeywords.callTestCase(BuiltinKeywords.groovy:310)
	at jdk.internal.reflect.GeneratedMethodAccessor29.invoke(Unknown Source)
	at java.base/jdk.internal.reflect.DelegatingMethodAccessorImpl.invoke(DelegatingMethodAccessorImpl.java:43)
	at Register Education Partner.run(Register Education Partner:395)
	at com.kms.katalon.core.main.ScriptEngine.run(ScriptEngine.java:194)
	at com.kms.katalon.core.main.ScriptEngine.runScriptAsRawText(ScriptEngine.java:119)
	at com.kms.katalon.core.main.TestCaseExecutor.runScript(TestCaseExecutor.java:448)
	at com.kms.katalon.core.main.TestCaseExecutor.doExecute(TestCaseExecutor.java:439)
	at com.kms.katalon.core.main.TestCaseExecutor.processExecutionPhase(TestCaseExecutor.java:418)
	at com.kms.katalon.core.main.TestCaseExecutor.accessMainPhase(TestCaseExecutor.java:410)
	at com.kms.katalon.core.main.TestCaseExecutor.execute(TestCaseExecutor.java:285)
	at com.kms.katalon.core.common.CommonExecutor.accessTestCaseMainPhase(CommonExecutor.java:65)
	at com.kms.katalon.core.main.TestSuiteExecutor.accessTestSuiteMainPhase(TestSuiteExecutor.java:150)
	at com.kms.katalon.core.main.TestSuiteExecutor.execute(TestSuiteExecutor.java:106)
	at com.kms.katalon.core.main.TestCaseMain.startTestSuite(TestCaseMain.java:180)
	at TempTestSuite1740698292669.run(TempTestSuite1740698292669.groovy:35)
	at java.base/jdk.internal.reflect.NativeMethodAccessorImpl.invoke0(Native Method)
	at java.base/jdk.internal.reflect.NativeMethodAccessorImpl.invoke(NativeMethodAccessorImpl.java:77)
	at java.base/jdk.internal.reflect.DelegatingMethodAccessorImpl.invoke(DelegatingMethodAccessorImpl.java:43)
)

27-02-2025T17:28:17 - [MESSAGE][WARNING] - Text 'ACCESS GRANTED' is not present on page  (Root cause: com.kms.katalon.core.exception.StepFailedException: Text 'ACCESS GRANTED' is not present on page 
	at com.kms.katalon.core.webui.keyword.internal.WebUIKeywordMain.stepFailed(WebUIKeywordMain.groovy:117)
	at com.kms.katalon.core.webui.keyword.builtin.VerifyTextPresentKeyword$_verifyTextPresent_closure1.doCall(VerifyTextPresentKeyword.groovy:79)
	at com.kms.katalon.core.webui.keyword.builtin.VerifyTextPresentKeyword$_verifyTextPresent_closure1.call(VerifyTextPresentKeyword.groovy)
	at com.kms.katalon.core.webui.keyword.internal.WebUIKeywordMain.runKeyword(WebUIKeywordMain.groovy:35)
	at com.kms.katalon.core.webui.keyword.builtin.VerifyTextPresentKeyword.verifyTextPresent(VerifyTextPresentKeyword.groovy:83)
	at com.kms.katalon.core.webui.keyword.builtin.VerifyTextPresentKeyword.execute(VerifyTextPresentKeyword.groovy:68)
	at com.kms.katalon.core.keyword.internal.KeywordExecutor.executeKeywordForPlatform(KeywordExecutor.groovy:74)
	at com.kms.katalon.core.webui.keyword.WebUiBuiltInKeywords.verifyTextPresent(WebUiBuiltInKeywords.groovy:1746)
	at Grant Access.run(Grant Access:98)
	at com.kms.katalon.core.main.ScriptEngine.run(ScriptEngine.java:194)
	at com.kms.katalon.core.main.ScriptEngine.runScriptAsRawText(ScriptEngine.java:119)
	at com.kms.katalon.core.main.TestCaseExecutor.runScript(TestCaseExecutor.java:448)
	at com.kms.katalon.core.main.TestCaseExecutor.doExecute(TestCaseExecutor.java:439)
	at com.kms.katalon.core.main.TestCaseExecutor.processExecutionPhase(TestCaseExecutor.java:418)
	at com.kms.katalon.core.main.TestCaseExecutor.accessMainPhase(TestCaseExecutor.java:410)
	at com.kms.katalon.core.main.TestCaseExecutor.execute(TestCaseExecutor.java:285)
	at com.kms.katalon.core.main.TestCaseMain.runTestCase(TestCaseMain.java:137)
	at com.kms.katalon.core.keyword.builtin.CallTestCaseKeyword$_callTestCase_closure1.doCall(CallTestCaseKeyword.groovy:59)
	at com.kms.katalon.core.keyword.builtin.CallTestCaseKeyword$_callTestCase_closure1.call(CallTestCaseKeyword.groovy)
	at com.kms.katalon.core.keyword.internal.KeywordMain.runKeyword(KeywordMain.groovy:75)
	at com.kms.katalon.core.keyword.builtin.CallTestCaseKeyword.callTestCase(CallTestCaseKeyword.groovy:81)
	at com.kms.katalon.core.keyword.builtin.CallTestCaseKeyword.execute(CallTestCaseKeyword.groovy:44)
	at com.kms.katalon.core.keyword.internal.KeywordExecutor.executeKeywordForPlatform(KeywordExecutor.groovy:74)
	at com.kms.katalon.core.keyword.BuiltinKeywords.callTestCase(BuiltinKeywords.groovy:310)
	at jdk.internal.reflect.GeneratedMethodAccessor29.invoke(Unknown Source)
	at java.base/jdk.internal.reflect.DelegatingMethodAccessorImpl.invoke(DelegatingMethodAccessorImpl.java:43)
	at Register Education Partner.run(Register Education Partner:395)
	at com.kms.katalon.core.main.ScriptEngine.run(ScriptEngine.java:194)
	at com.kms.katalon.core.main.ScriptEngine.runScriptAsRawText(ScriptEngine.java:119)
	at com.kms.katalon.core.main.TestCaseExecutor.runScript(TestCaseExecutor.java:448)
	at com.kms.katalon.core.main.TestCaseExecutor.doExecute(TestCaseExecutor.java:439)
	at com.kms.katalon.core.main.TestCaseExecutor.processExecutionPhase(TestCaseExecutor.java:418)
	at com.kms.katalon.core.main.TestCaseExecutor.accessMainPhase(TestCaseExecutor.java:410)
	at com.kms.katalon.core.main.TestCaseExecutor.execute(TestCaseExecutor.java:285)
	at com.kms.katalon.core.common.CommonExecutor.accessTestCaseMainPhase(CommonExecutor.java:65)
	at com.kms.katalon.core.main.TestSuiteExecutor.accessTestSuiteMainPhase(TestSuiteExecutor.java:150)
	at com.kms.katalon.core.main.TestSuiteExecutor.execute(TestSuiteExecutor.java:106)
	at com.kms.katalon.core.main.TestCaseMain.startTestSuite(TestCaseMain.java:180)
	at TempTestSuite1740698292669.run(TempTestSuite1740698292669.groovy:35)
	at java.base/jdk.internal.reflect.NativeMethodAccessorImpl.invoke0(Native Method)
	at java.base/jdk.internal.reflect.NativeMethodAccessorImpl.invoke(NativeMethodAccessorImpl.java:77)
	at java.base/jdk.internal.reflect.DelegatingMethodAccessorImpl.invoke(DelegatingMethodAccessorImpl.java:43)
)

27-02-2025T17:28:17 - [TEST_STEP][PASSED] - delay(2): Delayed 2 second(s)

27-02-2025T17:28:19 - [MESSAGE][PASSED] - Delayed 2 second(s)

27-02-2025T17:28:19 - [TEST_STEP][PASSED] - (loop++): null

27-02-2025T17:28:19 - [TEST_STEP][PASSED] - granted = verifyTextPresent("ACCESS GRANTED", false, OPTIONAL): Text 'ACCESS GRANTED' is present on page 

27-02-2025T17:28:19 - [MESSAGE][PASSED] - Text 'ACCESS GRANTED' is present on page 

27-02-2025T17:28:19 - [TEST_STEP][PASSED] - delay(2): Delayed 2 second(s)

27-02-2025T17:28:21 - [MESSAGE][PASSED] - Delayed 2 second(s)

27-02-2025T17:28:21 - [TEST_STEP][PASSED] - (loop++): null

27-02-2025T17:28:21 - [TEST_STEP][PASSED] - if (granted): null

27-02-2025T17:28:21 - [TEST_STEP][PASSED] - outText = "Access granted to " + username: null

27-02-2025T17:28:21 - [TEST_STEP][PASSED] - println("=====> " + outText): null

27-02-2025T17:28:21 - [TEST_STEP][PASSED] - if (writeFile): null

27-02-2025T17:28:21 - [TEST_STEP][PASSED] - outFile.append(outText + "
"): null

27-02-2025T17:28:21 - [TEST_STEP][PASSED] - click(findTestObject("Object Repository/Admin/API Dashboard/a_Logout")): Object: 'Object Repository/Admin/API Dashboard/a_Logout' is clicked on

27-02-2025T17:28:21 - [MESSAGE][PASSED] - Object: 'Object Repository/Admin/API Dashboard/a_Logout' is clicked on

27-02-2025T17:28:21 - [TEST_STEP][PASSED] - break: null

27-02-2025T17:28:21 - [TEST_STEP][PASSED] - closeBrowser(): Browser is closed

27-02-2025T17:28:21 - [MESSAGE][PASSED] - Browser is closed

27-02-2025T17:28:21 - [MESSAGE][PASSED] - Call Test Case 'Test Cases/Admin/Grant Access' successfully

27-02-2025T17:28:21 - [TEST_STEP][PASSED] - callTestCase(findTestCase("Admin/Create Subscription"), ["varUsername":username, "varType":"Education", "varRole":"Organization"], STOP_ON_FAILURE): Call Test Case 'Test Cases/Admin/Create Subscription' successfully

27-02-2025T17:28:22 - [TEST_CASE][PASSED] - Test Cases/Admin/Create Subscription: Test Cases/Admin/Create Subscription

27-02-2025T17:28:22 - [TEST_STEP][PASSED] - if (binding.hasVariable("varUsername")): null

27-02-2025T17:28:22 - [TEST_STEP][PASSED] - username = varUsername: null

27-02-2025T17:28:22 - [TEST_STEP][PASSED] - if (binding.hasVariable("varType")): null

27-02-2025T17:28:22 - [TEST_STEP][PASSED] - type = varType: null

27-02-2025T17:28:22 - [TEST_STEP][PASSED] - if (binding.hasVariable("varRole")): null

27-02-2025T17:28:22 - [TEST_STEP][PASSED] - role = varRole: null

27-02-2025T17:28:22 - [TEST_STEP][PASSED] - println("username is " + username): null

27-02-2025T17:28:22 - [TEST_STEP][PASSED] - println("type is " + type): null

27-02-2025T17:28:22 - [TEST_STEP][PASSED] - println("role is " + role): null

27-02-2025T17:28:22 - [TEST_STEP][PASSED] - writeFile = false: null

27-02-2025T17:28:22 - [TEST_STEP][PASSED] - if (outFile != ""): null

27-02-2025T17:28:22 - [TEST_STEP][PASSED] - myFile = outFile: null

27-02-2025T17:28:22 - [TEST_STEP][PASSED] - println(myFile): null

27-02-2025T17:28:22 - [TEST_STEP][PASSED] - outFile = new java.io.File(myFile): null

27-02-2025T17:28:22 - [TEST_STEP][PASSED] - writeFile = true: null

27-02-2025T17:28:22 - [TEST_STEP][PASSED] - domain = domain: null

27-02-2025T17:28:22 - [TEST_STEP][PASSED] - url = "https://ad." + domain: null

27-02-2025T17:28:22 - [TEST_STEP][PASSED] - openBrowser(""): Browser is opened with url: ''

27-02-2025T17:28:22 - [MESSAGE][INFO] - Starting 'Chrome' driver

27-02-2025T17:28:22 - [MESSAGE][INFO] - Action delay is set to 0 milliseconds

27-02-2025T17:28:22 - [MESSAGE][PASSED] - Browser is opened with url: ''

27-02-2025T17:28:22 - [TEST_STEP][PASSED] - navigateToUrl(url): Navigate to 'https://ad.missionnext.org' successfully

27-02-2025T17:28:23 - [MESSAGE][PASSED] - Navigate to 'https://ad.missionnext.org' successfully

27-02-2025T17:28:23 - [TEST_STEP][PASSED] - setText(findTestObject("Admin/Ad Login/input_Username"), "chriskosieracki"): Text 'chriskosieracki' is set on object 'Object Repository/Admin/Ad Login/input_Username'

27-02-2025T17:28:23 - [MESSAGE][PASSED] - Text 'chriskosieracki' is set on object 'Object Repository/Admin/Ad Login/input_Username'

27-02-2025T17:28:23 - [TEST_STEP][PASSED] - setEncryptedText(findTestObject("Admin/Ad Login/input_Password"), "fAJOXt1JExHva3VUYg96Og=="): Text ****** has been set on object 'Object Repository/Admin/Ad Login/input_Password'

27-02-2025T17:28:23 - [MESSAGE][PASSED] - Text ****** has been set on object 'Object Repository/Admin/Ad Login/input_Password'

27-02-2025T17:28:23 - [TEST_STEP][PASSED] - click(findTestObject("Admin/Ad Login/btn_Submit")): Object: 'Object Repository/Admin/Ad Login/btn_Submit' is clicked on

27-02-2025T17:28:24 - [MESSAGE][PASSED] - Object: 'Object Repository/Admin/Ad Login/btn_Submit' is clicked on

27-02-2025T17:28:24 - [TEST_STEP][PASSED] - click(findTestObject("Object Repository/Admin/Ad Subscription Utility/a_Subscription Information  Administration")): Object: 'Object Repository/Admin/Ad Subscription Utility/a_Subscription Information  Administration' is clicked on

27-02-2025T17:28:26 - [MESSAGE][PASSED] - Object: 'Object Repository/Admin/Ad Subscription Utility/a_Subscription Information  Administration' is clicked on

27-02-2025T17:28:26 - [TEST_STEP][PASSED] - click(findTestObject("Admin/Ad Subscription Utility/select_Website")): Object: 'Object Repository/Admin/Ad Subscription Utility/select_Website' is clicked on

27-02-2025T17:28:26 - [MESSAGE][PASSED] - Object: 'Object Repository/Admin/Ad Subscription Utility/select_Website' is clicked on

27-02-2025T17:28:26 - [TEST_STEP][PASSED] - delay(1): Delayed 1 second(s)

27-02-2025T17:28:27 - [MESSAGE][PASSED] - Delayed 1 second(s)

27-02-2025T17:28:27 - [TEST_STEP][PASSED] - selectOptionByLabel(findTestObject("Object Repository/Admin/Ad Subscription Utility/select_Website"), type, false): All options with label 'Education' are selected in object 'Object Repository/Admin/Ad Subscription Utility/select_Website' 

27-02-2025T17:28:27 - [MESSAGE][PASSED] - All options with label 'Education' are selected in object 'Object Repository/Admin/Ad Subscription Utility/select_Website' 

27-02-2025T17:28:27 - [TEST_STEP][PASSED] - selectOptionByLabel(findTestObject("Object Repository/Admin/Ad Subscription Utility/select_Role"), role, false): All options with label 'Organization' are selected in object 'Object Repository/Admin/Ad Subscription Utility/select_Role' 

27-02-2025T17:28:27 - [MESSAGE][PASSED] - All options with label 'Organization' are selected in object 'Object Repository/Admin/Ad Subscription Utility/select_Role' 

27-02-2025T17:28:27 - [TEST_STEP][PASSED] - delay(1): Delayed 1 second(s)

27-02-2025T17:28:28 - [MESSAGE][PASSED] - Delayed 1 second(s)

27-02-2025T17:28:28 - [TEST_STEP][PASSED] - click(findTestObject("Admin/Ad Subscription Utility/option_" + role)): Object: 'Object Repository/Admin/Ad Subscription Utility/option_Organization' is clicked on

27-02-2025T17:28:28 - [MESSAGE][PASSED] - Object: 'Object Repository/Admin/Ad Subscription Utility/option_Organization' is clicked on

27-02-2025T17:28:28 - [TEST_STEP][PASSED] - click(findTestObject("Admin/Ad Subscription Utility/btn_Add Subscription Entry")): Object: 'Object Repository/Admin/Ad Subscription Utility/btn_Add Subscription Entry' is clicked on

27-02-2025T17:28:29 - [MESSAGE][PASSED] - Object: 'Object Repository/Admin/Ad Subscription Utility/btn_Add Subscription Entry' is clicked on

27-02-2025T17:28:29 - [TEST_STEP][PASSED] - delay(2): Delayed 2 second(s)

27-02-2025T17:28:31 - [MESSAGE][PASSED] - Delayed 2 second(s)

27-02-2025T17:28:31 - [TEST_STEP][PASSED] - driver = getWebDriver(): null

27-02-2025T17:28:31 - [TEST_STEP][PASSED] - Table = driver.findElement(By.xpath("//p[4]/table")): null

27-02-2025T17:28:31 - [TEST_STEP][PASSED] - Rows = Table.findElements(By.tagName("tr")): null

27-02-2025T17:28:31 - [TEST_STEP][PASSED] - row_count = Rows.size(): null

27-02-2025T17:28:31 - [TEST_STEP][PASSED] - found = false: null

27-02-2025T17:28:31 - [TEST_STEP][PASSED] - for ([row = 1, row < row_count, (row++)]): null

27-02-2025T17:28:31 - [TEST_STEP][PASSED] - Columns = get(row).findElements(By.tagName("td")): null

27-02-2025T17:28:31 - [TEST_STEP][PASSED] - user = get(8).getText(): null

27-02-2025T17:28:31 - [TEST_STEP][PASSED] - if (user.indexOf(username) >= 0): null

27-02-2025T17:28:31 - [TEST_STEP][PASSED] - Columns = get(row).findElements(By.tagName("td")): null

27-02-2025T17:28:31 - [TEST_STEP][PASSED] - user = get(8).getText(): null

27-02-2025T17:28:31 - [TEST_STEP][PASSED] - if (user.indexOf(username) >= 0): null

27-02-2025T17:28:31 - [TEST_STEP][PASSED] - Columns = get(row).findElements(By.tagName("td")): null

27-02-2025T17:28:31 - [TEST_STEP][PASSED] - user = get(8).getText(): null

27-02-2025T17:28:31 - [TEST_STEP][PASSED] - if (user.indexOf(username) >= 0): null

27-02-2025T17:28:31 - [TEST_STEP][PASSED] - Columns = get(row).findElements(By.tagName("td")): null

27-02-2025T17:28:31 - [TEST_STEP][PASSED] - user = get(8).getText(): null

27-02-2025T17:28:31 - [TEST_STEP][PASSED] - if (user.indexOf(username) >= 0): null

27-02-2025T17:28:31 - [TEST_STEP][PASSED] - Columns = get(row).findElements(By.tagName("td")): null

27-02-2025T17:28:31 - [TEST_STEP][PASSED] - user = get(8).getText(): null

27-02-2025T17:28:31 - [TEST_STEP][PASSED] - if (user.indexOf(username) >= 0): null

27-02-2025T17:28:31 - [TEST_STEP][PASSED] - Columns = get(row).findElements(By.tagName("td")): null

27-02-2025T17:28:31 - [TEST_STEP][PASSED] - user = get(8).getText(): null

27-02-2025T17:28:31 - [TEST_STEP][PASSED] - if (user.indexOf(username) >= 0): null

27-02-2025T17:28:31 - [TEST_STEP][PASSED] - Columns = get(row).findElements(By.tagName("td")): null

27-02-2025T17:28:31 - [TEST_STEP][PASSED] - user = get(8).getText(): null

27-02-2025T17:28:31 - [TEST_STEP][PASSED] - if (user.indexOf(username) >= 0): null

27-02-2025T17:28:31 - [TEST_STEP][PASSED] - Columns = get(row).findElements(By.tagName("td")): null

27-02-2025T17:28:31 - [TEST_STEP][PASSED] - user = get(8).getText(): null

27-02-2025T17:28:31 - [TEST_STEP][PASSED] - if (user.indexOf(username) >= 0): null

27-02-2025T17:28:31 - [TEST_STEP][PASSED] - Columns = get(row).findElements(By.tagName("td")): null

27-02-2025T17:28:31 - [TEST_STEP][PASSED] - user = get(8).getText(): null

27-02-2025T17:28:31 - [TEST_STEP][PASSED] - if (user.indexOf(username) >= 0): null

27-02-2025T17:28:31 - [TEST_STEP][PASSED] - Columns = get(row).findElements(By.tagName("td")): null

27-02-2025T17:28:31 - [TEST_STEP][PASSED] - user = get(8).getText(): null

27-02-2025T17:28:31 - [TEST_STEP][PASSED] - if (user.indexOf(username) >= 0): null

27-02-2025T17:28:31 - [TEST_STEP][PASSED] - Columns = get(row).findElements(By.tagName("td")): null

27-02-2025T17:28:31 - [TEST_STEP][PASSED] - user = get(8).getText(): null

27-02-2025T17:28:31 - [TEST_STEP][PASSED] - if (user.indexOf(username) >= 0): null

27-02-2025T17:28:31 - [TEST_STEP][PASSED] - Columns = get(row).findElements(By.tagName("td")): null

27-02-2025T17:28:31 - [TEST_STEP][PASSED] - user = get(8).getText(): null

27-02-2025T17:28:31 - [TEST_STEP][PASSED] - if (user.indexOf(username) >= 0): null

27-02-2025T17:28:31 - [TEST_STEP][PASSED] - Columns = get(row).findElements(By.tagName("td")): null

27-02-2025T17:28:31 - [TEST_STEP][PASSED] - user = get(8).getText(): null

27-02-2025T17:28:31 - [TEST_STEP][PASSED] - if (user.indexOf(username) >= 0): null

27-02-2025T17:28:31 - [TEST_STEP][PASSED] - Columns = get(row).findElements(By.tagName("td")): null

27-02-2025T17:28:31 - [TEST_STEP][PASSED] - user = get(8).getText(): null

27-02-2025T17:28:31 - [TEST_STEP][PASSED] - if (user.indexOf(username) >= 0): null

27-02-2025T17:28:31 - [TEST_STEP][PASSED] - Columns = get(row).findElements(By.tagName("td")): null

27-02-2025T17:28:31 - [TEST_STEP][PASSED] - user = get(8).getText(): null

27-02-2025T17:28:31 - [TEST_STEP][PASSED] - if (user.indexOf(username) >= 0): null

27-02-2025T17:28:31 - [TEST_STEP][PASSED] - Columns = get(row).findElements(By.tagName("td")): null

27-02-2025T17:28:31 - [TEST_STEP][PASSED] - user = get(8).getText(): null

27-02-2025T17:28:31 - [TEST_STEP][PASSED] - if (user.indexOf(username) >= 0): null

27-02-2025T17:28:31 - [TEST_STEP][PASSED] - Columns = get(row).findElements(By.tagName("td")): null

27-02-2025T17:28:31 - [TEST_STEP][PASSED] - user = get(8).getText(): null

27-02-2025T17:28:31 - [TEST_STEP][PASSED] - if (user.indexOf(username) >= 0): null

27-02-2025T17:28:31 - [TEST_STEP][PASSED] - Columns = get(row).findElements(By.tagName("td")): null

27-02-2025T17:28:31 - [TEST_STEP][PASSED] - user = get(8).getText(): null

27-02-2025T17:28:31 - [TEST_STEP][PASSED] - if (user.indexOf(username) >= 0): null

27-02-2025T17:28:31 - [TEST_STEP][PASSED] - Columns = get(row).findElements(By.tagName("td")): null

27-02-2025T17:28:31 - [TEST_STEP][PASSED] - user = get(8).getText(): null

27-02-2025T17:28:31 - [TEST_STEP][PASSED] - if (user.indexOf(username) >= 0): null

27-02-2025T17:28:31 - [TEST_STEP][PASSED] - Columns = get(row).findElements(By.tagName("td")): null

27-02-2025T17:28:31 - [TEST_STEP][PASSED] - user = get(8).getText(): null

27-02-2025T17:28:31 - [TEST_STEP][PASSED] - if (user.indexOf(username) >= 0): null

27-02-2025T17:28:31 - [TEST_STEP][PASSED] - Columns = get(row).findElements(By.tagName("td")): null

27-02-2025T17:28:31 - [TEST_STEP][PASSED] - user = get(8).getText(): null

27-02-2025T17:28:31 - [TEST_STEP][PASSED] - if (user.indexOf(username) >= 0): null

27-02-2025T17:28:31 - [TEST_STEP][PASSED] - Columns = get(row).findElements(By.tagName("td")): null

27-02-2025T17:28:31 - [TEST_STEP][PASSED] - user = get(8).getText(): null

27-02-2025T17:28:31 - [TEST_STEP][PASSED] - if (user.indexOf(username) >= 0): null

27-02-2025T17:28:31 - [TEST_STEP][PASSED] - Columns = get(row).findElements(By.tagName("td")): null

27-02-2025T17:28:31 - [TEST_STEP][PASSED] - user = get(8).getText(): null

27-02-2025T17:28:31 - [TEST_STEP][PASSED] - if (user.indexOf(username) >= 0): null

27-02-2025T17:28:31 - [TEST_STEP][PASSED] - Columns = get(row).findElements(By.tagName("td")): null

27-02-2025T17:28:31 - [TEST_STEP][PASSED] - user = get(8).getText(): null

27-02-2025T17:28:31 - [TEST_STEP][PASSED] - if (user.indexOf(username) >= 0): null

27-02-2025T17:28:31 - [TEST_STEP][PASSED] - Columns = get(row).findElements(By.tagName("td")): null

27-02-2025T17:28:31 - [TEST_STEP][PASSED] - user = get(8).getText(): null

27-02-2025T17:28:31 - [TEST_STEP][PASSED] - if (user.indexOf(username) >= 0): null

27-02-2025T17:28:31 - [TEST_STEP][PASSED] - Columns = get(row).findElements(By.tagName("td")): null

27-02-2025T17:28:31 - [TEST_STEP][PASSED] - user = get(8).getText(): null

27-02-2025T17:28:31 - [TEST_STEP][PASSED] - if (user.indexOf(username) >= 0): null

27-02-2025T17:28:31 - [TEST_STEP][PASSED] - Columns = get(row).findElements(By.tagName("td")): null

27-02-2025T17:28:31 - [TEST_STEP][PASSED] - user = get(8).getText(): null

27-02-2025T17:28:31 - [TEST_STEP][PASSED] - if (user.indexOf(username) >= 0): null

27-02-2025T17:28:31 - [TEST_STEP][PASSED] - Columns = get(row).findElements(By.tagName("td")): null

27-02-2025T17:28:31 - [TEST_STEP][PASSED] - user = get(8).getText(): null

27-02-2025T17:28:31 - [TEST_STEP][PASSED] - if (user.indexOf(username) >= 0): null

27-02-2025T17:28:31 - [TEST_STEP][PASSED] - Columns = get(row).findElements(By.tagName("td")): null

27-02-2025T17:28:31 - [TEST_STEP][PASSED] - user = get(8).getText(): null

27-02-2025T17:28:31 - [TEST_STEP][PASSED] - if (user.indexOf(username) >= 0): null

27-02-2025T17:28:31 - [TEST_STEP][PASSED] - Columns = get(row).findElements(By.tagName("td")): null

27-02-2025T17:28:31 - [TEST_STEP][PASSED] - user = get(8).getText(): null

27-02-2025T17:28:31 - [TEST_STEP][PASSED] - if (user.indexOf(username) >= 0): null

27-02-2025T17:28:31 - [TEST_STEP][PASSED] - Columns = get(row).findElements(By.tagName("td")): null

27-02-2025T17:28:31 - [TEST_STEP][PASSED] - user = get(8).getText(): null

27-02-2025T17:28:31 - [TEST_STEP][PASSED] - if (user.indexOf(username) >= 0): null

27-02-2025T17:28:31 - [TEST_STEP][PASSED] - Columns = get(row).findElements(By.tagName("td")): null

27-02-2025T17:28:31 - [TEST_STEP][PASSED] - user = get(8).getText(): null

27-02-2025T17:28:31 - [TEST_STEP][PASSED] - if (user.indexOf(username) >= 0): null

27-02-2025T17:28:31 - [TEST_STEP][PASSED] - Columns = get(row).findElements(By.tagName("td")): null

27-02-2025T17:28:31 - [TEST_STEP][PASSED] - user = get(8).getText(): null

27-02-2025T17:28:31 - [TEST_STEP][PASSED] - if (user.indexOf(username) >= 0): null

27-02-2025T17:28:31 - [TEST_STEP][PASSED] - Columns = get(row).findElements(By.tagName("td")): null

27-02-2025T17:28:31 - [TEST_STEP][PASSED] - user = get(8).getText(): null

27-02-2025T17:28:31 - [TEST_STEP][PASSED] - if (user.indexOf(username) >= 0): null

27-02-2025T17:28:31 - [TEST_STEP][PASSED] - Columns = get(row).findElements(By.tagName("td")): null

27-02-2025T17:28:31 - [TEST_STEP][PASSED] - user = get(8).getText(): null

27-02-2025T17:28:31 - [TEST_STEP][PASSED] - if (user.indexOf(username) >= 0): null

27-02-2025T17:28:31 - [TEST_STEP][PASSED] - Columns = get(row).findElements(By.tagName("td")): null

27-02-2025T17:28:31 - [TEST_STEP][PASSED] - user = get(8).getText(): null

27-02-2025T17:28:31 - [TEST_STEP][PASSED] - if (user.indexOf(username) >= 0): null

27-02-2025T17:28:31 - [TEST_STEP][PASSED] - Columns = get(row).findElements(By.tagName("td")): null

27-02-2025T17:28:31 - [TEST_STEP][PASSED] - user = get(8).getText(): null

27-02-2025T17:28:31 - [TEST_STEP][PASSED] - if (user.indexOf(username) >= 0): null

27-02-2025T17:28:31 - [TEST_STEP][PASSED] - Columns = get(row).findElements(By.tagName("td")): null

27-02-2025T17:28:31 - [TEST_STEP][PASSED] - user = get(8).getText(): null

27-02-2025T17:28:31 - [TEST_STEP][PASSED] - if (user.indexOf(username) >= 0): null

27-02-2025T17:28:31 - [TEST_STEP][PASSED] - Columns = get(row).findElements(By.tagName("td")): null

27-02-2025T17:28:31 - [TEST_STEP][PASSED] - user = get(8).getText(): null

27-02-2025T17:28:31 - [TEST_STEP][PASSED] - if (user.indexOf(username) >= 0): null

27-02-2025T17:28:31 - [TEST_STEP][PASSED] - Columns = get(row).findElements(By.tagName("td")): null

27-02-2025T17:28:31 - [TEST_STEP][PASSED] - user = get(8).getText(): null

27-02-2025T17:28:31 - [TEST_STEP][PASSED] - if (user.indexOf(username) >= 0): null

27-02-2025T17:28:31 - [TEST_STEP][PASSED] - Columns = get(row).findElements(By.tagName("td")): null

27-02-2025T17:28:31 - [TEST_STEP][PASSED] - user = get(8).getText(): null

27-02-2025T17:28:31 - [TEST_STEP][PASSED] - if (user.indexOf(username) >= 0): null

27-02-2025T17:28:31 - [TEST_STEP][PASSED] - found = true: null

27-02-2025T17:28:31 - [TEST_STEP][PASSED] - outText = "Creating subscription for " + username: null

27-02-2025T17:28:31 - [TEST_STEP][PASSED] - println("=====> " + outText): null

27-02-2025T17:28:31 - [TEST_STEP][PASSED] - if (writeFile): null

27-02-2025T17:28:31 - [TEST_STEP][PASSED] - outFile.append(outText + "
"): null

27-02-2025T17:28:31 - [TEST_STEP][PASSED] - get(4).click(): null

27-02-2025T17:28:33 - [TEST_STEP][PASSED] - delay(2): Delayed 2 second(s)

27-02-2025T17:28:35 - [MESSAGE][PASSED] - Delayed 2 second(s)

27-02-2025T17:28:35 - [TEST_STEP][PASSED] - click(findTestObject("Admin/Ad Subscription Utility/a_Add a subscription record")): Object: 'Object Repository/Admin/Ad Subscription Utility/a_Add a subscription record' is clicked on

27-02-2025T17:28:35 - [MESSAGE][PASSED] - Object: 'Object Repository/Admin/Ad Subscription Utility/a_Add a subscription record' is clicked on

27-02-2025T17:28:35 - [TEST_STEP][PASSED] - delay(2): Delayed 2 second(s)

27-02-2025T17:28:37 - [MESSAGE][PASSED] - Delayed 2 second(s)

27-02-2025T17:28:37 - [TEST_STEP][PASSED] - if (type == "Education"): Object: 'Object Repository/Admin/Ad Subscription Utility/Subscription Edit/radio_Education app' is clicked on

27-02-2025T17:28:37 - [TEST_STEP][PASSED] - click(findTestObject("Object Repository/Admin/Ad Subscription Utility/Subscription Edit/radio_Education app")): Object: 'Object Repository/Admin/Ad Subscription Utility/Subscription Edit/radio_Education app' is clicked on

27-02-2025T17:28:37 - [MESSAGE][PASSED] - Object: 'Object Repository/Admin/Ad Subscription Utility/Subscription Edit/radio_Education app' is clicked on

27-02-2025T17:28:37 - [TEST_STEP][PASSED] - date = new java.util.Date(): null

27-02-2025T17:28:37 - [TEST_STEP][PASSED] - start = date.format("yyyy-MM-dd"): null

27-02-2025T17:28:37 - [TEST_STEP][PASSED] - year = start.substring(0, 4): null

27-02-2025T17:28:37 - [TEST_STEP][PASSED] - month = start.substring(5, 7): null

27-02-2025T17:28:37 - [TEST_STEP][PASSED] - day = start.substring(8): null

27-02-2025T17:28:37 - [TEST_STEP][PASSED] - if (role == "Candidate"): null

27-02-2025T17:28:37 - [TEST_STEP][PASSED] - else: null

27-02-2025T17:28:37 - [TEST_STEP][PASSED] - endYear = year.toInteger() + 1: null

27-02-2025T17:28:37 - [TEST_STEP][PASSED] - end = endYear + "-" + month + "-" + day: null

27-02-2025T17:28:37 - [TEST_STEP][PASSED] - setText(findTestObject("Object Repository/Admin/Ad Subscription Utility/input_YYYY-MM-DD_start_date"), start): Text '2025-02-27' is set on object 'Object Repository/Admin/Ad Subscription Utility/input_YYYY-MM-DD_start_date'

27-02-2025T17:28:37 - [MESSAGE][PASSED] - Text '2025-02-27' is set on object 'Object Repository/Admin/Ad Subscription Utility/input_YYYY-MM-DD_start_date'

27-02-2025T17:28:37 - [TEST_STEP][PASSED] - setText(findTestObject("Object Repository/Admin/Ad Subscription Utility/input_YYYY-MM-DD_end_date"), end): Text '2026-02-27' is set on object 'Object Repository/Admin/Ad Subscription Utility/input_YYYY-MM-DD_end_date'

27-02-2025T17:28:37 - [MESSAGE][PASSED] - Text '2026-02-27' is set on object 'Object Repository/Admin/Ad Subscription Utility/input_YYYY-MM-DD_end_date'

27-02-2025T17:28:37 - [TEST_STEP][PASSED] - click(findTestObject("Object Repository/Admin/Ad Subscription Utility/btn_Add Subscription Entry")): Object: 'Object Repository/Admin/Ad Subscription Utility/btn_Add Subscription Entry' is clicked on

27-02-2025T17:28:37 - [MESSAGE][PASSED] - Object: 'Object Repository/Admin/Ad Subscription Utility/btn_Add Subscription Entry' is clicked on

27-02-2025T17:28:37 - [TEST_STEP][PASSED] - delay(2): Delayed 2 second(s)

27-02-2025T17:28:39 - [MESSAGE][PASSED] - Delayed 2 second(s)

27-02-2025T17:28:39 - [TEST_STEP][PASSED] - created = verifyElementVisible(findTestObject("Object Repository/Admin/Ad Subscription Utility/li_Record is successfully added"), STOP_ON_FAILURE): Object 'Object Repository/Admin/Ad Subscription Utility/li_Record is successfully added' is visible

27-02-2025T17:28:39 - [MESSAGE][PASSED] - Object 'Object Repository/Admin/Ad Subscription Utility/li_Record is successfully added' is visible

27-02-2025T17:28:39 - [TEST_STEP][PASSED] - if (created): null

27-02-2025T17:28:39 - [TEST_STEP][PASSED] - outText = "Subscription created for " + username: null

27-02-2025T17:28:39 - [TEST_STEP][PASSED] - println("=====> " + outText): null

27-02-2025T17:28:39 - [TEST_STEP][PASSED] - if (writeFile): null

27-02-2025T17:28:39 - [TEST_STEP][PASSED] - outFile.append(outText + "
"): null

27-02-2025T17:28:39 - [TEST_STEP][PASSED] - break: null

27-02-2025T17:28:39 - [TEST_STEP][PASSED] - if (!(found)): null

27-02-2025T17:28:39 - [TEST_STEP][PASSED] - closeBrowser(): Browser is closed

27-02-2025T17:28:39 - [MESSAGE][PASSED] - Browser is closed

27-02-2025T17:28:39 - [MESSAGE][PASSED] - Call Test Case 'Test Cases/Admin/Create Subscription' successfully

27-02-2025T17:28:39 - [TEST_STEP][ERROR] - if (!(registerOnly)): Test Cases/Education Partner Profile/Register Education Partner FAILED.
Reason:
com.kms.katalon.core.exception.StepErrorException: Call Test Case 'Test Cases/Education Partner Profile/Complete Education Partner Profile' failed because of error(s)
	at com.kms.katalon.core.keyword.builtin.CallTestCaseKeyword$_callTestCase_closure1.doCall(CallTestCaseKeyword.groovy:66)
	at com.kms.katalon.core.keyword.builtin.CallTestCaseKeyword$_callTestCase_closure1.call(CallTestCaseKeyword.groovy)
	at com.kms.katalon.core.keyword.internal.KeywordMain.runKeyword(KeywordMain.groovy:75)
	at com.kms.katalon.core.keyword.builtin.CallTestCaseKeyword.callTestCase(CallTestCaseKeyword.groovy:81)
	at com.kms.katalon.core.keyword.builtin.CallTestCaseKeyword.execute(CallTestCaseKeyword.groovy:44)
	at com.kms.katalon.core.keyword.internal.KeywordExecutor.executeKeywordForPlatform(KeywordExecutor.groovy:74)
	at com.kms.katalon.core.keyword.BuiltinKeywords.callTestCase(BuiltinKeywords.groovy:310)
	at jdk.internal.reflect.GeneratedMethodAccessor29.invoke(Unknown Source)
	at java.base/jdk.internal.reflect.DelegatingMethodAccessorImpl.invoke(DelegatingMethodAccessorImpl.java:43)
	at Register Education Partner.run(Register Education Partner:403)
	at com.kms.katalon.core.main.ScriptEngine.run(ScriptEngine.java:194)
	at com.kms.katalon.core.main.ScriptEngine.runScriptAsRawText(ScriptEngine.java:119)
	at com.kms.katalon.core.main.TestCaseExecutor.runScript(TestCaseExecutor.java:448)
	at com.kms.katalon.core.main.TestCaseExecutor.doExecute(TestCaseExecutor.java:439)
	at com.kms.katalon.core.main.TestCaseExecutor.processExecutionPhase(TestCaseExecutor.java:418)
	at com.kms.katalon.core.main.TestCaseExecutor.accessMainPhase(TestCaseExecutor.java:410)
	at com.kms.katalon.core.main.TestCaseExecutor.execute(TestCaseExecutor.java:285)
	at com.kms.katalon.core.common.CommonExecutor.accessTestCaseMainPhase(CommonExecutor.java:65)
	at com.kms.katalon.core.main.TestSuiteExecutor.accessTestSuiteMainPhase(TestSuiteExecutor.java:150)
	at com.kms.katalon.core.main.TestSuiteExecutor.execute(TestSuiteExecutor.java:106)
	at com.kms.katalon.core.main.TestCaseMain.startTestSuite(TestCaseMain.java:180)
	at TempTestSuite1740698292669.run(TempTestSuite1740698292669.groovy:35)
	at java.base/jdk.internal.reflect.NativeMethodAccessorImpl.invoke0(Native Method)
	at java.base/jdk.internal.reflect.NativeMethodAccessorImpl.invoke(NativeMethodAccessorImpl.java:77)
	at java.base/jdk.internal.reflect.DelegatingMethodAccessorImpl.invoke(DelegatingMethodAccessorImpl.java:43)
Caused by: com.kms.katalon.core.exception.StepErrorException: Call Test Case 'Test Cases/Education Partner Profile/Tabs/Set Admin Info' failed because of error(s)
	at com.kms.katalon.core.keyword.builtin.CallTestCaseKeyword$_callTestCase_closure1.doCall(CallTestCaseKeyword.groovy:66)
	at com.kms.katalon.core.keyword.builtin.CallTestCaseKeyword$_callTestCase_closure1.call(CallTestCaseKeyword.groovy)
	at com.kms.katalon.core.keyword.internal.KeywordMain.runKeyword(KeywordMain.groovy:75)
	at com.kms.katalon.core.keyword.builtin.CallTestCaseKeyword.callTestCase(CallTestCaseKeyword.groovy:81)
	at com.kms.katalon.core.keyword.builtin.CallTestCaseKeyword.execute(CallTestCaseKeyword.groovy:44)
	at com.kms.katalon.core.keyword.internal.KeywordExecutor.executeKeywordForPlatform(KeywordExecutor.groovy:74)
	at com.kms.katalon.core.keyword.BuiltinKeywords.callTestCase(BuiltinKeywords.groovy:310)
	at jdk.internal.reflect.GeneratedMethodAccessor29.invoke(Unknown Source)
	at java.base/jdk.internal.reflect.DelegatingMethodAccessorImpl.invoke(DelegatingMethodAccessorImpl.java:43)
	at Complete Education Partner Profile.run(Complete Education Partner Profile:226)
	at com.kms.katalon.core.main.ScriptEngine.run(ScriptEngine.java:194)
	at com.kms.katalon.core.main.ScriptEngine.runScriptAsRawText(ScriptEngine.java:119)
	at com.kms.katalon.core.main.TestCaseExecutor.runScript(TestCaseExecutor.java:448)
	at com.kms.katalon.core.main.TestCaseExecutor.doExecute(TestCaseExecutor.java:439)
	at com.kms.katalon.core.main.TestCaseExecutor.processExecutionPhase(TestCaseExecutor.java:418)
	at com.kms.katalon.core.main.TestCaseExecutor.accessMainPhase(TestCaseExecutor.java:410)
	at com.kms.katalon.core.main.TestCaseExecutor.execute(TestCaseExecutor.java:285)
	at com.kms.katalon.core.main.TestCaseMain.runTestCase(TestCaseMain.java:137)
	at com.kms.katalon.core.keyword.builtin.CallTestCaseKeyword$_callTestCase_closure1.doCall(CallTestCaseKeyword.groovy:59)
	... 24 more
Caused by: com.kms.katalon.core.exception.StepErrorException: Call Test Case 'Test Cases/_Functions/Perform Action' failed because of error(s)
	at com.kms.katalon.core.keyword.builtin.CallTestCaseKeyword$_callTestCase_closure1.doCall(CallTestCaseKeyword.groovy:66)
	at com.kms.katalon.core.keyword.builtin.CallTestCaseKeyword$_callTestCase_closure1.call(CallTestCaseKeyword.groovy)
	at com.kms.katalon.core.keyword.internal.KeywordMain.runKeyword(KeywordMain.groovy:75)
	at com.kms.katalon.core.keyword.builtin.CallTestCaseKeyword.callTestCase(CallTestCaseKeyword.groovy:81)
	at com.kms.katalon.core.keyword.builtin.CallTestCaseKeyword.execute(CallTestCaseKeyword.groovy:44)
	at com.kms.katalon.core.keyword.internal.KeywordExecutor.executeKeywordForPlatform(KeywordExecutor.groovy:74)
	at com.kms.katalon.core.keyword.BuiltinKeywords.callTestCase(BuiltinKeywords.groovy:310)
	at jdk.internal.reflect.GeneratedMethodAccessor29.invoke(Unknown Source)
	at java.base/jdk.internal.reflect.DelegatingMethodAccessorImpl.invoke(DelegatingMethodAccessorImpl.java:43)
	at Set Admin Info.run(Set Admin Info:81)
	at com.kms.katalon.core.main.ScriptEngine.run(ScriptEngine.java:194)
	at com.kms.katalon.core.main.ScriptEngine.runScriptAsRawText(ScriptEngine.java:119)
	at com.kms.katalon.core.main.TestCaseExecutor.runScript(TestCaseExecutor.java:448)
	at com.kms.katalon.core.main.TestCaseExecutor.doExecute(TestCaseExecutor.java:439)
	at com.kms.katalon.core.main.TestCaseExecutor.processExecutionPhase(TestCaseExecutor.java:418)
	at com.kms.katalon.core.main.TestCaseExecutor.accessMainPhase(TestCaseExecutor.java:410)
	at com.kms.katalon.core.main.TestCaseExecutor.execute(TestCaseExecutor.java:285)
	at com.kms.katalon.core.main.TestCaseMain.runTestCase(TestCaseMain.java:137)
	at com.kms.katalon.core.keyword.builtin.CallTestCaseKeyword$_callTestCase_closure1.doCall(CallTestCaseKeyword.groovy:59)
	... 42 more
Caused by: com.kms.katalon.core.webui.exception.WebElementNotFoundException: Web element with id: 'Object Repository/Education Partner Profile/Tabs/a_Admin Info' located by '//a[@id='ui-id-7']' not found
	at com.kms.katalon.core.webui.common.WebUiCommonHelper.findWebElement(WebUiCommonHelper.java:1423)
	at Perform Action.run(Perform Action:32)
	at com.kms.katalon.core.main.ScriptEngine.run(ScriptEngine.java:194)
	at com.kms.katalon.core.main.ScriptEngine.runScriptAsRawText(ScriptEngine.java:119)
	at com.kms.katalon.core.main.TestCaseExecutor.runScript(TestCaseExecutor.java:448)
	at com.kms.katalon.core.main.TestCaseExecutor.doExecute(TestCaseExecutor.java:439)
	at com.kms.katalon.core.main.TestCaseExecutor.processExecutionPhase(TestCaseExecutor.java:418)
	at com.kms.katalon.core.main.TestCaseExecutor.accessMainPhase(TestCaseExecutor.java:410)
	at com.kms.katalon.core.main.TestCaseExecutor.execute(TestCaseExecutor.java:285)
	at com.kms.katalon.core.main.TestCaseMain.runTestCase(TestCaseMain.java:137)
	at com.kms.katalon.core.keyword.builtin.CallTestCaseKeyword$_callTestCase_closure1.doCall(CallTestCaseKeyword.groovy:59)
	... 60 more


27-02-2025T17:28:39 - [TEST_STEP][ERROR] - callTestCase(findTestCase("Education Partner Profile/Complete Education Partner Profile"), [:], STOP_ON_FAILURE): Test Cases/Education Partner Profile/Register Education Partner FAILED.
Reason:
com.kms.katalon.core.exception.StepErrorException: Call Test Case 'Test Cases/Education Partner Profile/Complete Education Partner Profile' failed because of error(s)
	at com.kms.katalon.core.keyword.builtin.CallTestCaseKeyword$_callTestCase_closure1.doCall(CallTestCaseKeyword.groovy:66)
	at com.kms.katalon.core.keyword.builtin.CallTestCaseKeyword$_callTestCase_closure1.call(CallTestCaseKeyword.groovy)
	at com.kms.katalon.core.keyword.internal.KeywordMain.runKeyword(KeywordMain.groovy:75)
	at com.kms.katalon.core.keyword.builtin.CallTestCaseKeyword.callTestCase(CallTestCaseKeyword.groovy:81)
	at com.kms.katalon.core.keyword.builtin.CallTestCaseKeyword.execute(CallTestCaseKeyword.groovy:44)
	at com.kms.katalon.core.keyword.internal.KeywordExecutor.executeKeywordForPlatform(KeywordExecutor.groovy:74)
	at com.kms.katalon.core.keyword.BuiltinKeywords.callTestCase(BuiltinKeywords.groovy:310)
	at jdk.internal.reflect.GeneratedMethodAccessor29.invoke(Unknown Source)
	at java.base/jdk.internal.reflect.DelegatingMethodAccessorImpl.invoke(DelegatingMethodAccessorImpl.java:43)
	at Register Education Partner.run(Register Education Partner:403)
	at com.kms.katalon.core.main.ScriptEngine.run(ScriptEngine.java:194)
	at com.kms.katalon.core.main.ScriptEngine.runScriptAsRawText(ScriptEngine.java:119)
	at com.kms.katalon.core.main.TestCaseExecutor.runScript(TestCaseExecutor.java:448)
	at com.kms.katalon.core.main.TestCaseExecutor.doExecute(TestCaseExecutor.java:439)
	at com.kms.katalon.core.main.TestCaseExecutor.processExecutionPhase(TestCaseExecutor.java:418)
	at com.kms.katalon.core.main.TestCaseExecutor.accessMainPhase(TestCaseExecutor.java:410)
	at com.kms.katalon.core.main.TestCaseExecutor.execute(TestCaseExecutor.java:285)
	at com.kms.katalon.core.common.CommonExecutor.accessTestCaseMainPhase(CommonExecutor.java:65)
	at com.kms.katalon.core.main.TestSuiteExecutor.accessTestSuiteMainPhase(TestSuiteExecutor.java:150)
	at com.kms.katalon.core.main.TestSuiteExecutor.execute(TestSuiteExecutor.java:106)
	at com.kms.katalon.core.main.TestCaseMain.startTestSuite(TestCaseMain.java:180)
	at TempTestSuite1740698292669.run(TempTestSuite1740698292669.groovy:35)
	at java.base/jdk.internal.reflect.NativeMethodAccessorImpl.invoke0(Native Method)
	at java.base/jdk.internal.reflect.NativeMethodAccessorImpl.invoke(NativeMethodAccessorImpl.java:77)
	at java.base/jdk.internal.reflect.DelegatingMethodAccessorImpl.invoke(DelegatingMethodAccessorImpl.java:43)
Caused by: com.kms.katalon.core.exception.StepErrorException: Call Test Case 'Test Cases/Education Partner Profile/Tabs/Set Admin Info' failed because of error(s)
	at com.kms.katalon.core.keyword.builtin.CallTestCaseKeyword$_callTestCase_closure1.doCall(CallTestCaseKeyword.groovy:66)
	at com.kms.katalon.core.keyword.builtin.CallTestCaseKeyword$_callTestCase_closure1.call(CallTestCaseKeyword.groovy)
	at com.kms.katalon.core.keyword.internal.KeywordMain.runKeyword(KeywordMain.groovy:75)
	at com.kms.katalon.core.keyword.builtin.CallTestCaseKeyword.callTestCase(CallTestCaseKeyword.groovy:81)
	at com.kms.katalon.core.keyword.builtin.CallTestCaseKeyword.execute(CallTestCaseKeyword.groovy:44)
	at com.kms.katalon.core.keyword.internal.KeywordExecutor.executeKeywordForPlatform(KeywordExecutor.groovy:74)
	at com.kms.katalon.core.keyword.BuiltinKeywords.callTestCase(BuiltinKeywords.groovy:310)
	at jdk.internal.reflect.GeneratedMethodAccessor29.invoke(Unknown Source)
	at java.base/jdk.internal.reflect.DelegatingMethodAccessorImpl.invoke(DelegatingMethodAccessorImpl.java:43)
	at Complete Education Partner Profile.run(Complete Education Partner Profile:226)
	at com.kms.katalon.core.main.ScriptEngine.run(ScriptEngine.java:194)
	at com.kms.katalon.core.main.ScriptEngine.runScriptAsRawText(ScriptEngine.java:119)
	at com.kms.katalon.core.main.TestCaseExecutor.runScript(TestCaseExecutor.java:448)
	at com.kms.katalon.core.main.TestCaseExecutor.doExecute(TestCaseExecutor.java:439)
	at com.kms.katalon.core.main.TestCaseExecutor.processExecutionPhase(TestCaseExecutor.java:418)
	at com.kms.katalon.core.main.TestCaseExecutor.accessMainPhase(TestCaseExecutor.java:410)
	at com.kms.katalon.core.main.TestCaseExecutor.execute(TestCaseExecutor.java:285)
	at com.kms.katalon.core.main.TestCaseMain.runTestCase(TestCaseMain.java:137)
	at com.kms.katalon.core.keyword.builtin.CallTestCaseKeyword$_callTestCase_closure1.doCall(CallTestCaseKeyword.groovy:59)
	... 24 more
Caused by: com.kms.katalon.core.exception.StepErrorException: Call Test Case 'Test Cases/_Functions/Perform Action' failed because of error(s)
	at com.kms.katalon.core.keyword.builtin.CallTestCaseKeyword$_callTestCase_closure1.doCall(CallTestCaseKeyword.groovy:66)
	at com.kms.katalon.core.keyword.builtin.CallTestCaseKeyword$_callTestCase_closure1.call(CallTestCaseKeyword.groovy)
	at com.kms.katalon.core.keyword.internal.KeywordMain.runKeyword(KeywordMain.groovy:75)
	at com.kms.katalon.core.keyword.builtin.CallTestCaseKeyword.callTestCase(CallTestCaseKeyword.groovy:81)
	at com.kms.katalon.core.keyword.builtin.CallTestCaseKeyword.execute(CallTestCaseKeyword.groovy:44)
	at com.kms.katalon.core.keyword.internal.KeywordExecutor.executeKeywordForPlatform(KeywordExecutor.groovy:74)
	at com.kms.katalon.core.keyword.BuiltinKeywords.callTestCase(BuiltinKeywords.groovy:310)
	at jdk.internal.reflect.GeneratedMethodAccessor29.invoke(Unknown Source)
	at java.base/jdk.internal.reflect.DelegatingMethodAccessorImpl.invoke(DelegatingMethodAccessorImpl.java:43)
	at Set Admin Info.run(Set Admin Info:81)
	at com.kms.katalon.core.main.ScriptEngine.run(ScriptEngine.java:194)
	at com.kms.katalon.core.main.ScriptEngine.runScriptAsRawText(ScriptEngine.java:119)
	at com.kms.katalon.core.main.TestCaseExecutor.runScript(TestCaseExecutor.java:448)
	at com.kms.katalon.core.main.TestCaseExecutor.doExecute(TestCaseExecutor.java:439)
	at com.kms.katalon.core.main.TestCaseExecutor.processExecutionPhase(TestCaseExecutor.java:418)
	at com.kms.katalon.core.main.TestCaseExecutor.accessMainPhase(TestCaseExecutor.java:410)
	at com.kms.katalon.core.main.TestCaseExecutor.execute(TestCaseExecutor.java:285)
	at com.kms.katalon.core.main.TestCaseMain.runTestCase(TestCaseMain.java:137)
	at com.kms.katalon.core.keyword.builtin.CallTestCaseKeyword$_callTestCase_closure1.doCall(CallTestCaseKeyword.groovy:59)
	... 42 more
Caused by: com.kms.katalon.core.webui.exception.WebElementNotFoundException: Web element with id: 'Object Repository/Education Partner Profile/Tabs/a_Admin Info' located by '//a[@id='ui-id-7']' not found
	at com.kms.katalon.core.webui.common.WebUiCommonHelper.findWebElement(WebUiCommonHelper.java:1423)
	at Perform Action.run(Perform Action:32)
	at com.kms.katalon.core.main.ScriptEngine.run(ScriptEngine.java:194)
	at com.kms.katalon.core.main.ScriptEngine.runScriptAsRawText(ScriptEngine.java:119)
	at com.kms.katalon.core.main.TestCaseExecutor.runScript(TestCaseExecutor.java:448)
	at com.kms.katalon.core.main.TestCaseExecutor.doExecute(TestCaseExecutor.java:439)
	at com.kms.katalon.core.main.TestCaseExecutor.processExecutionPhase(TestCaseExecutor.java:418)
	at com.kms.katalon.core.main.TestCaseExecutor.accessMainPhase(TestCaseExecutor.java:410)
	at com.kms.katalon.core.main.TestCaseExecutor.execute(TestCaseExecutor.java:285)
	at com.kms.katalon.core.main.TestCaseMain.runTestCase(TestCaseMain.java:137)
	at com.kms.katalon.core.keyword.builtin.CallTestCaseKeyword$_callTestCase_closure1.doCall(CallTestCaseKeyword.groovy:59)
	... 60 more


27-02-2025T17:28:39 - [TEST_CASE][ERROR] - Test Cases/Education Partner Profile/Complete Education Partner Profile: Test Cases/Education Partner Profile/Complete Education Partner Profile FAILED.
Reason:
com.kms.katalon.core.exception.StepErrorException: Call Test Case 'Test Cases/Education Partner Profile/Tabs/Set Admin Info' failed because of error(s)
	at com.kms.katalon.core.keyword.builtin.CallTestCaseKeyword$_callTestCase_closure1.doCall(CallTestCaseKeyword.groovy:66)
	at com.kms.katalon.core.keyword.builtin.CallTestCaseKeyword$_callTestCase_closure1.call(CallTestCaseKeyword.groovy)
	at com.kms.katalon.core.keyword.internal.KeywordMain.runKeyword(KeywordMain.groovy:75)
	at com.kms.katalon.core.keyword.builtin.CallTestCaseKeyword.callTestCase(CallTestCaseKeyword.groovy:81)
	at com.kms.katalon.core.keyword.builtin.CallTestCaseKeyword.execute(CallTestCaseKeyword.groovy:44)
	at com.kms.katalon.core.keyword.internal.KeywordExecutor.executeKeywordForPlatform(KeywordExecutor.groovy:74)
	at com.kms.katalon.core.keyword.BuiltinKeywords.callTestCase(BuiltinKeywords.groovy:310)
	at jdk.internal.reflect.GeneratedMethodAccessor29.invoke(Unknown Source)
	at java.base/jdk.internal.reflect.DelegatingMethodAccessorImpl.invoke(DelegatingMethodAccessorImpl.java:43)
	at Complete Education Partner Profile.run(Complete Education Partner Profile:226)
	at com.kms.katalon.core.main.ScriptEngine.run(ScriptEngine.java:194)
	at com.kms.katalon.core.main.ScriptEngine.runScriptAsRawText(ScriptEngine.java:119)
	at com.kms.katalon.core.main.TestCaseExecutor.runScript(TestCaseExecutor.java:448)
	at com.kms.katalon.core.main.TestCaseExecutor.doExecute(TestCaseExecutor.java:439)
	at com.kms.katalon.core.main.TestCaseExecutor.processExecutionPhase(TestCaseExecutor.java:418)
	at com.kms.katalon.core.main.TestCaseExecutor.accessMainPhase(TestCaseExecutor.java:410)
	at com.kms.katalon.core.main.TestCaseExecutor.execute(TestCaseExecutor.java:285)
	at com.kms.katalon.core.main.TestCaseMain.runTestCase(TestCaseMain.java:137)
	at com.kms.katalon.core.keyword.builtin.CallTestCaseKeyword$_callTestCase_closure1.doCall(CallTestCaseKeyword.groovy:59)
	at com.kms.katalon.core.keyword.builtin.CallTestCaseKeyword$_callTestCase_closure1.call(CallTestCaseKeyword.groovy)
	at com.kms.katalon.core.keyword.internal.KeywordMain.runKeyword(KeywordMain.groovy:75)
	at com.kms.katalon.core.keyword.builtin.CallTestCaseKeyword.callTestCase(CallTestCaseKeyword.groovy:81)
	at com.kms.katalon.core.keyword.builtin.CallTestCaseKeyword.execute(CallTestCaseKeyword.groovy:44)
	at com.kms.katalon.core.keyword.internal.KeywordExecutor.executeKeywordForPlatform(KeywordExecutor.groovy:74)
	at com.kms.katalon.core.keyword.BuiltinKeywords.callTestCase(BuiltinKeywords.groovy:310)
	at jdk.internal.reflect.GeneratedMethodAccessor29.invoke(Unknown Source)
	at java.base/jdk.internal.reflect.DelegatingMethodAccessorImpl.invoke(DelegatingMethodAccessorImpl.java:43)
	at Register Education Partner.run(Register Education Partner:403)
	at com.kms.katalon.core.main.ScriptEngine.run(ScriptEngine.java:194)
	at com.kms.katalon.core.main.ScriptEngine.runScriptAsRawText(ScriptEngine.java:119)
	at com.kms.katalon.core.main.TestCaseExecutor.runScript(TestCaseExecutor.java:448)
	at com.kms.katalon.core.main.TestCaseExecutor.doExecute(TestCaseExecutor.java:439)
	at com.kms.katalon.core.main.TestCaseExecutor.processExecutionPhase(TestCaseExecutor.java:418)
	at com.kms.katalon.core.main.TestCaseExecutor.accessMainPhase(TestCaseExecutor.java:410)
	at com.kms.katalon.core.main.TestCaseExecutor.execute(TestCaseExecutor.java:285)
	at com.kms.katalon.core.common.CommonExecutor.accessTestCaseMainPhase(CommonExecutor.java:65)
	at com.kms.katalon.core.main.TestSuiteExecutor.accessTestSuiteMainPhase(TestSuiteExecutor.java:150)
	at com.kms.katalon.core.main.TestSuiteExecutor.execute(TestSuiteExecutor.java:106)
	at com.kms.katalon.core.main.TestCaseMain.startTestSuite(TestCaseMain.java:180)
	at TempTestSuite1740698292669.run(TempTestSuite1740698292669.groovy:35)
	at java.base/jdk.internal.reflect.NativeMethodAccessorImpl.invoke0(Native Method)
	at java.base/jdk.internal.reflect.NativeMethodAccessorImpl.invoke(NativeMethodAccessorImpl.java:77)
	at java.base/jdk.internal.reflect.DelegatingMethodAccessorImpl.invoke(DelegatingMethodAccessorImpl.java:43)
Caused by: com.kms.katalon.core.exception.StepErrorException: Call Test Case 'Test Cases/_Functions/Perform Action' failed because of error(s)
	at com.kms.katalon.core.keyword.builtin.CallTestCaseKeyword$_callTestCase_closure1.doCall(CallTestCaseKeyword.groovy:66)
	at com.kms.katalon.core.keyword.builtin.CallTestCaseKeyword$_callTestCase_closure1.call(CallTestCaseKeyword.groovy)
	at com.kms.katalon.core.keyword.internal.KeywordMain.runKeyword(KeywordMain.groovy:75)
	at com.kms.katalon.core.keyword.builtin.CallTestCaseKeyword.callTestCase(CallTestCaseKeyword.groovy:81)
	at com.kms.katalon.core.keyword.builtin.CallTestCaseKeyword.execute(CallTestCaseKeyword.groovy:44)
	at com.kms.katalon.core.keyword.internal.KeywordExecutor.executeKeywordForPlatform(KeywordExecutor.groovy:74)
	at com.kms.katalon.core.keyword.BuiltinKeywords.callTestCase(BuiltinKeywords.groovy:310)
	at jdk.internal.reflect.GeneratedMethodAccessor29.invoke(Unknown Source)
	at java.base/jdk.internal.reflect.DelegatingMethodAccessorImpl.invoke(DelegatingMethodAccessorImpl.java:43)
	at Set Admin Info.run(Set Admin Info:81)
	at com.kms.katalon.core.main.ScriptEngine.run(ScriptEngine.java:194)
	at com.kms.katalon.core.main.ScriptEngine.runScriptAsRawText(ScriptEngine.java:119)
	at com.kms.katalon.core.main.TestCaseExecutor.runScript(TestCaseExecutor.java:448)
	at com.kms.katalon.core.main.TestCaseExecutor.doExecute(TestCaseExecutor.java:439)
	at com.kms.katalon.core.main.TestCaseExecutor.processExecutionPhase(TestCaseExecutor.java:418)
	at com.kms.katalon.core.main.TestCaseExecutor.accessMainPhase(TestCaseExecutor.java:410)
	at com.kms.katalon.core.main.TestCaseExecutor.execute(TestCaseExecutor.java:285)
	at com.kms.katalon.core.main.TestCaseMain.runTestCase(TestCaseMain.java:137)
	at com.kms.katalon.core.keyword.builtin.CallTestCaseKeyword$_callTestCase_closure1.doCall(CallTestCaseKeyword.groovy:59)
	... 42 more
Caused by: com.kms.katalon.core.webui.exception.WebElementNotFoundException: Web element with id: 'Object Repository/Education Partner Profile/Tabs/a_Admin Info' located by '//a[@id='ui-id-7']' not found
	at com.kms.katalon.core.webui.common.WebUiCommonHelper.findWebElement(WebUiCommonHelper.java:1423)
	at Perform Action.run(Perform Action:32)
	at com.kms.katalon.core.main.ScriptEngine.run(ScriptEngine.java:194)
	at com.kms.katalon.core.main.ScriptEngine.runScriptAsRawText(ScriptEngine.java:119)
	at com.kms.katalon.core.main.TestCaseExecutor.runScript(TestCaseExecutor.java:448)
	at com.kms.katalon.core.main.TestCaseExecutor.doExecute(TestCaseExecutor.java:439)
	at com.kms.katalon.core.main.TestCaseExecutor.processExecutionPhase(TestCaseExecutor.java:418)
	at com.kms.katalon.core.main.TestCaseExecutor.accessMainPhase(TestCaseExecutor.java:410)
	at com.kms.katalon.core.main.TestCaseExecutor.execute(TestCaseExecutor.java:285)
	at com.kms.katalon.core.main.TestCaseMain.runTestCase(TestCaseMain.java:137)
	at com.kms.katalon.core.keyword.builtin.CallTestCaseKeyword$_callTestCase_closure1.doCall(CallTestCaseKeyword.groovy:59)
	... 60 more


27-02-2025T17:28:39 - [TEST_STEP][PASSED] - pages = []: null

27-02-2025T17:28:39 - [TEST_STEP][PASSED] - username = username: null

27-02-2025T17:28:39 - [TEST_STEP][PASSED] - if (username != "cktest06ep"): null

27-02-2025T17:28:39 - [TEST_STEP][PASSED] - domain = domain: null

27-02-2025T17:28:39 - [TEST_STEP][PASSED] - called = false: null

27-02-2025T17:28:39 - [TEST_STEP][PASSED] - if (binding.hasVariable("varCalled")): null

27-02-2025T17:28:39 - [TEST_STEP][PASSED] - writeFile = false: null

27-02-2025T17:28:39 - [TEST_STEP][PASSED] - if (outFile != ""): null

27-02-2025T17:28:39 - [TEST_STEP][PASSED] - myFile = outFile: null

27-02-2025T17:28:39 - [TEST_STEP][PASSED] - println(myFile): null

27-02-2025T17:28:39 - [TEST_STEP][PASSED] - outFile = new java.io.File(myFile): null

27-02-2025T17:28:39 - [TEST_STEP][PASSED] - writeFile = true: null

27-02-2025T17:28:39 - [TEST_STEP][PASSED] - if (!(writeFile)): null

27-02-2025T17:28:39 - [TEST_STEP][PASSED] - else: null

27-02-2025T17:28:39 - [TEST_STEP][PASSED] - outFile.append("
Testing Complete Education Partner Profile on " + domain + "
"): null

27-02-2025T17:28:39 - [TEST_STEP][PASSED] - url = getUrl(OPTIONAL): Unable to get the url of the current window (Root cause: com.kms.katalon.core.exception.StepFailedException: Unable to get the url of the current window
	at com.kms.katalon.core.webui.keyword.internal.WebUIKeywordMain.stepFailed(WebUIKeywordMain.groovy:117)
	at com.kms.katalon.core.webui.keyword.internal.WebUIKeywordMain.runKeyword(WebUIKeywordMain.groovy:43)
	at com.kms.katalon.core.webui.keyword.builtin.GetUrlKeyword.getUrl(GetUrlKeyword.groovy:76)
	at com.kms.katalon.core.webui.keyword.builtin.GetUrlKeyword.execute(GetUrlKeyword.groovy:66)
	at com.kms.katalon.core.keyword.internal.KeywordExecutor.executeKeywordForPlatform(KeywordExecutor.groovy:74)
	at com.kms.katalon.core.webui.keyword.WebUiBuiltInKeywords.getUrl(WebUiBuiltInKeywords.groovy:264)
	at Complete Education Partner Profile.run(Complete Education Partner Profile:72)
	at com.kms.katalon.core.main.ScriptEngine.run(ScriptEngine.java:194)
	at com.kms.katalon.core.main.ScriptEngine.runScriptAsRawText(ScriptEngine.java:119)
	at com.kms.katalon.core.main.TestCaseExecutor.runScript(TestCaseExecutor.java:448)
	at com.kms.katalon.core.main.TestCaseExecutor.doExecute(TestCaseExecutor.java:439)
	at com.kms.katalon.core.main.TestCaseExecutor.processExecutionPhase(TestCaseExecutor.java:418)
	at com.kms.katalon.core.main.TestCaseExecutor.accessMainPhase(TestCaseExecutor.java:410)
	at com.kms.katalon.core.main.TestCaseExecutor.execute(TestCaseExecutor.java:285)
	at com.kms.katalon.core.main.TestCaseMain.runTestCase(TestCaseMain.java:137)
	at com.kms.katalon.core.keyword.builtin.CallTestCaseKeyword$_callTestCase_closure1.doCall(CallTestCaseKeyword.groovy:59)
	at com.kms.katalon.core.keyword.builtin.CallTestCaseKeyword$_callTestCase_closure1.call(CallTestCaseKeyword.groovy)
	at com.kms.katalon.core.keyword.internal.KeywordMain.runKeyword(KeywordMain.groovy:75)
	at com.kms.katalon.core.keyword.builtin.CallTestCaseKeyword.callTestCase(CallTestCaseKeyword.groovy:81)
	at com.kms.katalon.core.keyword.builtin.CallTestCaseKeyword.execute(CallTestCaseKeyword.groovy:44)
	at com.kms.katalon.core.keyword.internal.KeywordExecutor.executeKeywordForPlatform(KeywordExecutor.groovy:74)
	at com.kms.katalon.core.keyword.BuiltinKeywords.callTestCase(BuiltinKeywords.groovy:310)
	at jdk.internal.reflect.GeneratedMethodAccessor29.invoke(Unknown Source)
	at java.base/jdk.internal.reflect.DelegatingMethodAccessorImpl.invoke(DelegatingMethodAccessorImpl.java:43)
	at Register Education Partner.run(Register Education Partner:403)
	at com.kms.katalon.core.main.ScriptEngine.run(ScriptEngine.java:194)
	at com.kms.katalon.core.main.ScriptEngine.runScriptAsRawText(ScriptEngine.java:119)
	at com.kms.katalon.core.main.TestCaseExecutor.runScript(TestCaseExecutor.java:448)
	at com.kms.katalon.core.main.TestCaseExecutor.doExecute(TestCaseExecutor.java:439)
	at com.kms.katalon.core.main.TestCaseExecutor.processExecutionPhase(TestCaseExecutor.java:418)
	at com.kms.katalon.core.main.TestCaseExecutor.accessMainPhase(TestCaseExecutor.java:410)
	at com.kms.katalon.core.main.TestCaseExecutor.execute(TestCaseExecutor.java:285)
	at com.kms.katalon.core.common.CommonExecutor.accessTestCaseMainPhase(CommonExecutor.java:65)
	at com.kms.katalon.core.main.TestSuiteExecutor.accessTestSuiteMainPhase(TestSuiteExecutor.java:150)
	at com.kms.katalon.core.main.TestSuiteExecutor.execute(TestSuiteExecutor.java:106)
	at com.kms.katalon.core.main.TestCaseMain.startTestSuite(TestCaseMain.java:180)
	at TempTestSuite1740698292669.run(TempTestSuite1740698292669.groovy:35)
	at java.base/jdk.internal.reflect.NativeMethodAccessorImpl.invoke0(Native Method)
	at java.base/jdk.internal.reflect.NativeMethodAccessorImpl.invoke(NativeMethodAccessorImpl.java:77)
	at java.base/jdk.internal.reflect.DelegatingMethodAccessorImpl.invoke(DelegatingMethodAccessorImpl.java:43)
Caused by: org.openqa.selenium.NoSuchSessionException: Session ID is null. Using WebDriver after calling quit()?
Build info: version: '3.141.59', revision: 'unknown', time: 'unknown'
System info: host: 'MacBook-Pro.local', ip: 'fdc1:b939:2fc6:38cc:1017:fa65:eb20:50e5%en0', os.name: 'Mac OS X', os.arch: 'aarch64', os.version: '15.1.1', java.version: '17.0.7'
Driver info: driver.version: RemoteWebDriver
	at org.openqa.selenium.remote.HttpCommandExecutor.execute(HttpCommandExecutor.java:125)
	at org.openqa.selenium.remote.service.DriverCommandExecutor.execute(DriverCommandExecutor.java:83)
	at org.openqa.selenium.remote.RemoteWebDriver.execute(RemoteWebDriver.java:552)
	at com.kms.katalon.selenium.driver.CChromeDriver.execute(CChromeDriver.java:19)
	at org.openqa.selenium.remote.RemoteWebDriver.execute(RemoteWebDriver.java:609)
	at org.openqa.selenium.remote.RemoteWebDriver.getCurrentUrl(RemoteWebDriver.java:287)
	at com.kms.katalon.core.webui.keyword.builtin.GetUrlKeyword$_getUrl_closure1.doCall(GetUrlKeyword.groovy:73)
	at com.kms.katalon.core.webui.keyword.builtin.GetUrlKeyword$_getUrl_closure1.call(GetUrlKeyword.groovy)
	at com.kms.katalon.core.webui.keyword.internal.WebUIKeywordMain.runKeyword(WebUIKeywordMain.groovy:35)
	at com.kms.katalon.core.webui.keyword.builtin.GetUrlKeyword.getUrl(GetUrlKeyword.groovy:76)
	at com.kms.katalon.core.webui.keyword.builtin.GetUrlKeyword.execute(GetUrlKeyword.groovy:66)
	at com.kms.katalon.core.keyword.internal.KeywordExecutor.executeKeywordForPlatform(KeywordExecutor.groovy:74)
	at com.kms.katalon.core.webui.keyword.WebUiBuiltInKeywords.getUrl(WebUiBuiltInKeywords.groovy:264)
	at Script1737394383688.run(Script1737394383688.groovy:72)
	at com.kms.katalon.core.main.ScriptEngine.run(ScriptEngine.java:194)
	at com.kms.katalon.core.main.ScriptEngine.runScriptAsRawText(ScriptEngine.java:119)
	at com.kms.katalon.core.main.TestCaseExecutor.runScript(TestCaseExecutor.java:448)
	at com.kms.katalon.core.main.TestCaseExecutor.doExecute(TestCaseExecutor.java:439)
	at com.kms.katalon.core.main.TestCaseExecutor.processExecutionPhase(TestCaseExecutor.java:418)
	at com.kms.katalon.core.main.TestCaseExecutor.accessMainPhase(TestCaseExecutor.java:410)
	at com.kms.katalon.core.main.TestCaseExecutor.execute(TestCaseExecutor.java:285)
	at com.kms.katalon.core.main.TestCaseMain.runTestCase(TestCaseMain.java:137)
	at com.kms.katalon.core.keyword.builtin.CallTestCaseKeyword$_callTestCase_closure1.doCall(CallTestCaseKeyword.groovy:59)
	at com.kms.katalon.core.keyword.builtin.CallTestCaseKeyword$_callTestCase_closure1.call(CallTestCaseKeyword.groovy)
	at com.kms.katalon.core.keyword.internal.KeywordMain.runKeyword(KeywordMain.groovy:75)
	at com.kms.katalon.core.keyword.builtin.CallTestCaseKeyword.callTestCase(CallTestCaseKeyword.groovy:81)
	at com.kms.katalon.core.keyword.builtin.CallTestCaseKeyword.execute(CallTestCaseKeyword.groovy:44)
	at com.kms.katalon.core.keyword.internal.KeywordExecutor.executeKeywordForPlatform(KeywordExecutor.groovy:74)
	at com.kms.katalon.core.keyword.BuiltinKeywords.callTestCase(BuiltinKeywords.groovy:310)
	at jdk.internal.reflect.GeneratedMethodAccessor29.invoke(Unknown Source)
	at java.base/jdk.internal.reflect.DelegatingMethodAccessorImpl.invoke(DelegatingMethodAccessorImpl.java:43)
	at Script1737394383693.run(Script1737394383693.groovy:403)
	... 15 more
)

27-02-2025T17:28:39 - [MESSAGE][WARNING] - Cannot take screenshot

27-02-2025T17:28:39 - [MESSAGE][WARNING] - Unable to get the url of the current window (Root cause: com.kms.katalon.core.exception.StepFailedException: Unable to get the url of the current window
	at com.kms.katalon.core.webui.keyword.internal.WebUIKeywordMain.stepFailed(WebUIKeywordMain.groovy:117)
	at com.kms.katalon.core.webui.keyword.internal.WebUIKeywordMain.runKeyword(WebUIKeywordMain.groovy:43)
	at com.kms.katalon.core.webui.keyword.builtin.GetUrlKeyword.getUrl(GetUrlKeyword.groovy:76)
	at com.kms.katalon.core.webui.keyword.builtin.GetUrlKeyword.execute(GetUrlKeyword.groovy:66)
	at com.kms.katalon.core.keyword.internal.KeywordExecutor.executeKeywordForPlatform(KeywordExecutor.groovy:74)
	at com.kms.katalon.core.webui.keyword.WebUiBuiltInKeywords.getUrl(WebUiBuiltInKeywords.groovy:264)
	at Complete Education Partner Profile.run(Complete Education Partner Profile:72)
	at com.kms.katalon.core.main.ScriptEngine.run(ScriptEngine.java:194)
	at com.kms.katalon.core.main.ScriptEngine.runScriptAsRawText(ScriptEngine.java:119)
	at com.kms.katalon.core.main.TestCaseExecutor.runScript(TestCaseExecutor.java:448)
	at com.kms.katalon.core.main.TestCaseExecutor.doExecute(TestCaseExecutor.java:439)
	at com.kms.katalon.core.main.TestCaseExecutor.processExecutionPhase(TestCaseExecutor.java:418)
	at com.kms.katalon.core.main.TestCaseExecutor.accessMainPhase(TestCaseExecutor.java:410)
	at com.kms.katalon.core.main.TestCaseExecutor.execute(TestCaseExecutor.java:285)
	at com.kms.katalon.core.main.TestCaseMain.runTestCase(TestCaseMain.java:137)
	at com.kms.katalon.core.keyword.builtin.CallTestCaseKeyword$_callTestCase_closure1.doCall(CallTestCaseKeyword.groovy:59)
	at com.kms.katalon.core.keyword.builtin.CallTestCaseKeyword$_callTestCase_closure1.call(CallTestCaseKeyword.groovy)
	at com.kms.katalon.core.keyword.internal.KeywordMain.runKeyword(KeywordMain.groovy:75)
	at com.kms.katalon.core.keyword.builtin.CallTestCaseKeyword.callTestCase(CallTestCaseKeyword.groovy:81)
	at com.kms.katalon.core.keyword.builtin.CallTestCaseKeyword.execute(CallTestCaseKeyword.groovy:44)
	at com.kms.katalon.core.keyword.internal.KeywordExecutor.executeKeywordForPlatform(KeywordExecutor.groovy:74)
	at com.kms.katalon.core.keyword.BuiltinKeywords.callTestCase(BuiltinKeywords.groovy:310)
	at jdk.internal.reflect.GeneratedMethodAccessor29.invoke(Unknown Source)
	at java.base/jdk.internal.reflect.DelegatingMethodAccessorImpl.invoke(DelegatingMethodAccessorImpl.java:43)
	at Register Education Partner.run(Register Education Partner:403)
	at com.kms.katalon.core.main.ScriptEngine.run(ScriptEngine.java:194)
	at com.kms.katalon.core.main.ScriptEngine.runScriptAsRawText(ScriptEngine.java:119)
	at com.kms.katalon.core.main.TestCaseExecutor.runScript(TestCaseExecutor.java:448)
	at com.kms.katalon.core.main.TestCaseExecutor.doExecute(TestCaseExecutor.java:439)
	at com.kms.katalon.core.main.TestCaseExecutor.processExecutionPhase(TestCaseExecutor.java:418)
	at com.kms.katalon.core.main.TestCaseExecutor.accessMainPhase(TestCaseExecutor.java:410)
	at com.kms.katalon.core.main.TestCaseExecutor.execute(TestCaseExecutor.java:285)
	at com.kms.katalon.core.common.CommonExecutor.accessTestCaseMainPhase(CommonExecutor.java:65)
	at com.kms.katalon.core.main.TestSuiteExecutor.accessTestSuiteMainPhase(TestSuiteExecutor.java:150)
	at com.kms.katalon.core.main.TestSuiteExecutor.execute(TestSuiteExecutor.java:106)
	at com.kms.katalon.core.main.TestCaseMain.startTestSuite(TestCaseMain.java:180)
	at TempTestSuite1740698292669.run(TempTestSuite1740698292669.groovy:35)
	at java.base/jdk.internal.reflect.NativeMethodAccessorImpl.invoke0(Native Method)
	at java.base/jdk.internal.reflect.NativeMethodAccessorImpl.invoke(NativeMethodAccessorImpl.java:77)
	at java.base/jdk.internal.reflect.DelegatingMethodAccessorImpl.invoke(DelegatingMethodAccessorImpl.java:43)
Caused by: org.openqa.selenium.NoSuchSessionException: Session ID is null. Using WebDriver after calling quit()?
Build info: version: '3.141.59', revision: 'unknown', time: 'unknown'
System info: host: 'MacBook-Pro.local', ip: 'fdc1:b939:2fc6:38cc:1017:fa65:eb20:50e5%en0', os.name: 'Mac OS X', os.arch: 'aarch64', os.version: '15.1.1', java.version: '17.0.7'
Driver info: driver.version: RemoteWebDriver
	at org.openqa.selenium.remote.HttpCommandExecutor.execute(HttpCommandExecutor.java:125)
	at org.openqa.selenium.remote.service.DriverCommandExecutor.execute(DriverCommandExecutor.java:83)
	at org.openqa.selenium.remote.RemoteWebDriver.execute(RemoteWebDriver.java:552)
	at com.kms.katalon.selenium.driver.CChromeDriver.execute(CChromeDriver.java:19)
	at org.openqa.selenium.remote.RemoteWebDriver.execute(RemoteWebDriver.java:609)
	at org.openqa.selenium.remote.RemoteWebDriver.getCurrentUrl(RemoteWebDriver.java:287)
	at com.kms.katalon.core.webui.keyword.builtin.GetUrlKeyword$_getUrl_closure1.doCall(GetUrlKeyword.groovy:73)
	at com.kms.katalon.core.webui.keyword.builtin.GetUrlKeyword$_getUrl_closure1.call(GetUrlKeyword.groovy)
	at com.kms.katalon.core.webui.keyword.internal.WebUIKeywordMain.runKeyword(WebUIKeywordMain.groovy:35)
	at com.kms.katalon.core.webui.keyword.builtin.GetUrlKeyword.getUrl(GetUrlKeyword.groovy:76)
	at com.kms.katalon.core.webui.keyword.builtin.GetUrlKeyword.execute(GetUrlKeyword.groovy:66)
	at com.kms.katalon.core.keyword.internal.KeywordExecutor.executeKeywordForPlatform(KeywordExecutor.groovy:74)
	at com.kms.katalon.core.webui.keyword.WebUiBuiltInKeywords.getUrl(WebUiBuiltInKeywords.groovy:264)
	at Script1737394383688.run(Script1737394383688.groovy:72)
	at com.kms.katalon.core.main.ScriptEngine.run(ScriptEngine.java:194)
	at com.kms.katalon.core.main.ScriptEngine.runScriptAsRawText(ScriptEngine.java:119)
	at com.kms.katalon.core.main.TestCaseExecutor.runScript(TestCaseExecutor.java:448)
	at com.kms.katalon.core.main.TestCaseExecutor.doExecute(TestCaseExecutor.java:439)
	at com.kms.katalon.core.main.TestCaseExecutor.processExecutionPhase(TestCaseExecutor.java:418)
	at com.kms.katalon.core.main.TestCaseExecutor.accessMainPhase(TestCaseExecutor.java:410)
	at com.kms.katalon.core.main.TestCaseExecutor.execute(TestCaseExecutor.java:285)
	at com.kms.katalon.core.main.TestCaseMain.runTestCase(TestCaseMain.java:137)
	at com.kms.katalon.core.keyword.builtin.CallTestCaseKeyword$_callTestCase_closure1.doCall(CallTestCaseKeyword.groovy:59)
	at com.kms.katalon.core.keyword.builtin.CallTestCaseKeyword$_callTestCase_closure1.call(CallTestCaseKeyword.groovy)
	at com.kms.katalon.core.keyword.internal.KeywordMain.runKeyword(KeywordMain.groovy:75)
	at com.kms.katalon.core.keyword.builtin.CallTestCaseKeyword.callTestCase(CallTestCaseKeyword.groovy:81)
	at com.kms.katalon.core.keyword.builtin.CallTestCaseKeyword.execute(CallTestCaseKeyword.groovy:44)
	at com.kms.katalon.core.keyword.internal.KeywordExecutor.executeKeywordForPlatform(KeywordExecutor.groovy:74)
	at com.kms.katalon.core.keyword.BuiltinKeywords.callTestCase(BuiltinKeywords.groovy:310)
	at jdk.internal.reflect.GeneratedMethodAccessor29.invoke(Unknown Source)
	at java.base/jdk.internal.reflect.DelegatingMethodAccessorImpl.invoke(DelegatingMethodAccessorImpl.java:43)
	at Script1737394383693.run(Script1737394383693.groovy:403)
	... 15 more
)

27-02-2025T17:28:39 - [TEST_STEP][PASSED] - if (url == null): Call Test Case 'Test Cases/_Functions/Education Partner Login' successfully

27-02-2025T17:28:39 - [TEST_STEP][PASSED] - callTestCase(findTestCase("_Functions/Education Partner Login"), [:], STOP_ON_FAILURE): Call Test Case 'Test Cases/_Functions/Education Partner Login' successfully

27-02-2025T17:28:39 - [TEST_CASE][PASSED] - Test Cases/_Functions/Education Partner Login: Test Cases/_Functions/Education Partner Login

27-02-2025T17:28:39 - [TEST_STEP][PASSED] - username = username: null

27-02-2025T17:28:39 - [TEST_STEP][PASSED] - if (username != "cktest06ep"): null

27-02-2025T17:28:39 - [TEST_STEP][PASSED] - openBrowser(""): Browser is opened with url: ''

27-02-2025T17:28:39 - [MESSAGE][INFO] - Starting 'Chrome' driver

27-02-2025T17:28:39 - [MESSAGE][INFO] - Action delay is set to 0 milliseconds

27-02-2025T17:28:40 - [MESSAGE][PASSED] - Browser is opened with url: ''

27-02-2025T17:28:40 - [TEST_STEP][PASSED] - maximizeWindow(): Current window maximized

27-02-2025T17:28:40 - [MESSAGE][PASSED] - Current window maximized

27-02-2025T17:28:40 - [TEST_STEP][PASSED] - navigateToUrl("https://education." + domain + "/education-home/login-here/"): Navigate to 'https://education.missionnext.org/education-home/login-here/' successfully

27-02-2025T17:28:45 - [MESSAGE][PASSED] - Navigate to 'https://education.missionnext.org/education-home/login-here/' successfully

27-02-2025T17:28:45 - [TEST_STEP][PASSED] - setText(findTestObject("Object Repository/Education Partner Profile/Login/input_Username"), username): Text 'cktest06ep' is set on object 'Object Repository/Education Partner Profile/Login/input_Username'

27-02-2025T17:28:45 - [MESSAGE][PASSED] - Text 'cktest06ep' is set on object 'Object Repository/Education Partner Profile/Login/input_Username'

27-02-2025T17:28:45 - [TEST_STEP][PASSED] - setEncryptedText(findTestObject("Object Repository/Education Partner Profile/Login/input_Password"), password): Text ****** has been set on object 'Object Repository/Education Partner Profile/Login/input_Password'

27-02-2025T17:28:45 - [MESSAGE][PASSED] - Text ****** has been set on object 'Object Repository/Education Partner Profile/Login/input_Password'

27-02-2025T17:28:45 - [TEST_STEP][PASSED] - click(findTestObject("Object Repository/Education Partner Profile/Login/button_Log In")): Object: 'Object Repository/Education Partner Profile/Login/button_Log In' is clicked on

27-02-2025T17:28:49 - [MESSAGE][PASSED] - Object: 'Object Repository/Education Partner Profile/Login/button_Log In' is clicked on

27-02-2025T17:28:49 - [MESSAGE][PASSED] - Call Test Case 'Test Cases/_Functions/Education Partner Login' successfully

27-02-2025T17:28:49 - [TEST_STEP][PASSED] - dashboard = verifyElementPresent(findTestObject("Education Partner Profile/Dashboard/a_My Profile"), 2, OPTIONAL): com.kms.katalon.core.webui.exception.WebElementNotFoundException: Web element with id: 'Object Repository/Education Partner Profile/Dashboard/a_My Profile' located by '//div[@id='main']/div/div/div/div/div/div[2]/a[2]' not found (Root cause: com.kms.katalon.core.exception.StepFailedException: com.kms.katalon.core.webui.exception.WebElementNotFoundException: Web element with id: 'Object Repository/Education Partner Profile/Dashboard/a_My Profile' located by '//div[@id='main']/div/div/div/div/div/div[2]/a[2]' not found
	at com.kms.katalon.core.webui.keyword.internal.WebUIKeywordMain.stepFailed(WebUIKeywordMain.groovy:117)
	at com.kms.katalon.core.webui.keyword.builtin.VerifyElementPresentKeyword$_verifyElementPresent_closure1.doCall(VerifyElementPresentKeyword.groovy:85)
	at com.kms.katalon.core.webui.keyword.builtin.VerifyElementPresentKeyword$_verifyElementPresent_closure1.call(VerifyElementPresentKeyword.groovy)
	at com.kms.katalon.core.webui.keyword.internal.WebUIKeywordMain.runKeyword(WebUIKeywordMain.groovy:35)
	at com.kms.katalon.core.webui.keyword.builtin.VerifyElementPresentKeyword.verifyElementPresent(VerifyElementPresentKeyword.groovy:92)
	at com.kms.katalon.core.webui.keyword.builtin.VerifyElementPresentKeyword.execute(VerifyElementPresentKeyword.groovy:68)
	at com.kms.katalon.core.keyword.internal.KeywordExecutor.executeKeywordForPlatform(KeywordExecutor.groovy:74)
	at com.kms.katalon.core.webui.keyword.WebUiBuiltInKeywords.verifyElementPresent(WebUiBuiltInKeywords.groovy:1487)
	at Complete Education Partner Profile.run(Complete Education Partner Profile:78)
	at com.kms.katalon.core.main.ScriptEngine.run(ScriptEngine.java:194)
	at com.kms.katalon.core.main.ScriptEngine.runScriptAsRawText(ScriptEngine.java:119)
	at com.kms.katalon.core.main.TestCaseExecutor.runScript(TestCaseExecutor.java:448)
	at com.kms.katalon.core.main.TestCaseExecutor.doExecute(TestCaseExecutor.java:439)
	at com.kms.katalon.core.main.TestCaseExecutor.processExecutionPhase(TestCaseExecutor.java:418)
	at com.kms.katalon.core.main.TestCaseExecutor.accessMainPhase(TestCaseExecutor.java:410)
	at com.kms.katalon.core.main.TestCaseExecutor.execute(TestCaseExecutor.java:285)
	at com.kms.katalon.core.main.TestCaseMain.runTestCase(TestCaseMain.java:137)
	at com.kms.katalon.core.keyword.builtin.CallTestCaseKeyword$_callTestCase_closure1.doCall(CallTestCaseKeyword.groovy:59)
	at com.kms.katalon.core.keyword.builtin.CallTestCaseKeyword$_callTestCase_closure1.call(CallTestCaseKeyword.groovy)
	at com.kms.katalon.core.keyword.internal.KeywordMain.runKeyword(KeywordMain.groovy:75)
	at com.kms.katalon.core.keyword.builtin.CallTestCaseKeyword.callTestCase(CallTestCaseKeyword.groovy:81)
	at com.kms.katalon.core.keyword.builtin.CallTestCaseKeyword.execute(CallTestCaseKeyword.groovy:44)
	at com.kms.katalon.core.keyword.internal.KeywordExecutor.executeKeywordForPlatform(KeywordExecutor.groovy:74)
	at com.kms.katalon.core.keyword.BuiltinKeywords.callTestCase(BuiltinKeywords.groovy:310)
	at jdk.internal.reflect.GeneratedMethodAccessor29.invoke(Unknown Source)
	at java.base/jdk.internal.reflect.DelegatingMethodAccessorImpl.invoke(DelegatingMethodAccessorImpl.java:43)
	at Register Education Partner.run(Register Education Partner:403)
	at com.kms.katalon.core.main.ScriptEngine.run(ScriptEngine.java:194)
	at com.kms.katalon.core.main.ScriptEngine.runScriptAsRawText(ScriptEngine.java:119)
	at com.kms.katalon.core.main.TestCaseExecutor.runScript(TestCaseExecutor.java:448)
	at com.kms.katalon.core.main.TestCaseExecutor.doExecute(TestCaseExecutor.java:439)
	at com.kms.katalon.core.main.TestCaseExecutor.processExecutionPhase(TestCaseExecutor.java:418)
	at com.kms.katalon.core.main.TestCaseExecutor.accessMainPhase(TestCaseExecutor.java:410)
	at com.kms.katalon.core.main.TestCaseExecutor.execute(TestCaseExecutor.java:285)
	at com.kms.katalon.core.common.CommonExecutor.accessTestCaseMainPhase(CommonExecutor.java:65)
	at com.kms.katalon.core.main.TestSuiteExecutor.accessTestSuiteMainPhase(TestSuiteExecutor.java:150)
	at com.kms.katalon.core.main.TestSuiteExecutor.execute(TestSuiteExecutor.java:106)
	at com.kms.katalon.core.main.TestCaseMain.startTestSuite(TestCaseMain.java:180)
	at TempTestSuite1740698292669.run(TempTestSuite1740698292669.groovy:35)
	at java.base/jdk.internal.reflect.NativeMethodAccessorImpl.invoke0(Native Method)
	at java.base/jdk.internal.reflect.NativeMethodAccessorImpl.invoke(NativeMethodAccessorImpl.java:77)
	at java.base/jdk.internal.reflect.DelegatingMethodAccessorImpl.invoke(DelegatingMethodAccessorImpl.java:43)
)

27-02-2025T17:28:52 - [MESSAGE][INFO] - Unable to find the element located by 'By.xpath: //div[@id='main']/div/div/div/div/div/div[2]/a[2]'. Please recheck the objects properties to make sure the desired element is located. 

27-02-2025T17:28:52 - [MESSAGE][WARNING] - com.kms.katalon.core.webui.exception.WebElementNotFoundException: Web element with id: 'Object Repository/Education Partner Profile/Dashboard/a_My Profile' located by '//div[@id='main']/div/div/div/div/div/div[2]/a[2]' not found (Root cause: com.kms.katalon.core.exception.StepFailedException: com.kms.katalon.core.webui.exception.WebElementNotFoundException: Web element with id: 'Object Repository/Education Partner Profile/Dashboard/a_My Profile' located by '//div[@id='main']/div/div/div/div/div/div[2]/a[2]' not found
	at com.kms.katalon.core.webui.keyword.internal.WebUIKeywordMain.stepFailed(WebUIKeywordMain.groovy:117)
	at com.kms.katalon.core.webui.keyword.builtin.VerifyElementPresentKeyword$_verifyElementPresent_closure1.doCall(VerifyElementPresentKeyword.groovy:85)
	at com.kms.katalon.core.webui.keyword.builtin.VerifyElementPresentKeyword$_verifyElementPresent_closure1.call(VerifyElementPresentKeyword.groovy)
	at com.kms.katalon.core.webui.keyword.internal.WebUIKeywordMain.runKeyword(WebUIKeywordMain.groovy:35)
	at com.kms.katalon.core.webui.keyword.builtin.VerifyElementPresentKeyword.verifyElementPresent(VerifyElementPresentKeyword.groovy:92)
	at com.kms.katalon.core.webui.keyword.builtin.VerifyElementPresentKeyword.execute(VerifyElementPresentKeyword.groovy:68)
	at com.kms.katalon.core.keyword.internal.KeywordExecutor.executeKeywordForPlatform(KeywordExecutor.groovy:74)
	at com.kms.katalon.core.webui.keyword.WebUiBuiltInKeywords.verifyElementPresent(WebUiBuiltInKeywords.groovy:1487)
	at Complete Education Partner Profile.run(Complete Education Partner Profile:78)
	at com.kms.katalon.core.main.ScriptEngine.run(ScriptEngine.java:194)
	at com.kms.katalon.core.main.ScriptEngine.runScriptAsRawText(ScriptEngine.java:119)
	at com.kms.katalon.core.main.TestCaseExecutor.runScript(TestCaseExecutor.java:448)
	at com.kms.katalon.core.main.TestCaseExecutor.doExecute(TestCaseExecutor.java:439)
	at com.kms.katalon.core.main.TestCaseExecutor.processExecutionPhase(TestCaseExecutor.java:418)
	at com.kms.katalon.core.main.TestCaseExecutor.accessMainPhase(TestCaseExecutor.java:410)
	at com.kms.katalon.core.main.TestCaseExecutor.execute(TestCaseExecutor.java:285)
	at com.kms.katalon.core.main.TestCaseMain.runTestCase(TestCaseMain.java:137)
	at com.kms.katalon.core.keyword.builtin.CallTestCaseKeyword$_callTestCase_closure1.doCall(CallTestCaseKeyword.groovy:59)
	at com.kms.katalon.core.keyword.builtin.CallTestCaseKeyword$_callTestCase_closure1.call(CallTestCaseKeyword.groovy)
	at com.kms.katalon.core.keyword.internal.KeywordMain.runKeyword(KeywordMain.groovy:75)
	at com.kms.katalon.core.keyword.builtin.CallTestCaseKeyword.callTestCase(CallTestCaseKeyword.groovy:81)
	at com.kms.katalon.core.keyword.builtin.CallTestCaseKeyword.execute(CallTestCaseKeyword.groovy:44)
	at com.kms.katalon.core.keyword.internal.KeywordExecutor.executeKeywordForPlatform(KeywordExecutor.groovy:74)
	at com.kms.katalon.core.keyword.BuiltinKeywords.callTestCase(BuiltinKeywords.groovy:310)
	at jdk.internal.reflect.GeneratedMethodAccessor29.invoke(Unknown Source)
	at java.base/jdk.internal.reflect.DelegatingMethodAccessorImpl.invoke(DelegatingMethodAccessorImpl.java:43)
	at Register Education Partner.run(Register Education Partner:403)
	at com.kms.katalon.core.main.ScriptEngine.run(ScriptEngine.java:194)
	at com.kms.katalon.core.main.ScriptEngine.runScriptAsRawText(ScriptEngine.java:119)
	at com.kms.katalon.core.main.TestCaseExecutor.runScript(TestCaseExecutor.java:448)
	at com.kms.katalon.core.main.TestCaseExecutor.doExecute(TestCaseExecutor.java:439)
	at com.kms.katalon.core.main.TestCaseExecutor.processExecutionPhase(TestCaseExecutor.java:418)
	at com.kms.katalon.core.main.TestCaseExecutor.accessMainPhase(TestCaseExecutor.java:410)
	at com.kms.katalon.core.main.TestCaseExecutor.execute(TestCaseExecutor.java:285)
	at com.kms.katalon.core.common.CommonExecutor.accessTestCaseMainPhase(CommonExecutor.java:65)
	at com.kms.katalon.core.main.TestSuiteExecutor.accessTestSuiteMainPhase(TestSuiteExecutor.java:150)
	at com.kms.katalon.core.main.TestSuiteExecutor.execute(TestSuiteExecutor.java:106)
	at com.kms.katalon.core.main.TestCaseMain.startTestSuite(TestCaseMain.java:180)
	at TempTestSuite1740698292669.run(TempTestSuite1740698292669.groovy:35)
	at java.base/jdk.internal.reflect.NativeMethodAccessorImpl.invoke0(Native Method)
	at java.base/jdk.internal.reflect.NativeMethodAccessorImpl.invoke(NativeMethodAccessorImpl.java:77)
	at java.base/jdk.internal.reflect.DelegatingMethodAccessorImpl.invoke(DelegatingMethodAccessorImpl.java:43)
)
[[ATTACHMENT|/Users/cckozie/git/MissionNext-Katalon-Koz/Reports/20250227_171809/Education Partner Test Suite/20250227_171812/1740698932706.png]]

27-02-2025T17:28:52 - [TEST_STEP][PASSED] - if (dashboard): null

27-02-2025T17:28:52 - [TEST_STEP][PASSED] - if (pages.size() == 0 || "All" in pages || "Contact Info" in pages): Call Test Case 'Test Cases/Education Partner Profile/Tabs/Set Contact Info' successfully

27-02-2025T17:28:52 - [TEST_STEP][PASSED] - key_contact_phone = "952-442-1703": null

27-02-2025T17:28:52 - [TEST_STEP][PASSED] - organization_phone = "612-209-9611": null

27-02-2025T17:28:52 - [TEST_STEP][PASSED] - organization_city = "Waconia": null

27-02-2025T17:28:52 - [TEST_STEP][PASSED] - province_state_region = "Minnesota": null

27-02-2025T17:28:52 - [TEST_STEP][PASSED] - world_region = "North America": null

27-02-2025T17:28:52 - [TEST_STEP][PASSED] - callTestCase(findTestCase("Education Partner Profile/Tabs/Set Contact Info"), ["varKey_contact_phone":key_contact_phone, "varOrganization_phone":organization_phone, "varOrganization_city":organization_city, ... ], STOP_ON_FAILURE): Call Test Case 'Test Cases/Education Partner Profile/Tabs/Set Contact Info' successfully

27-02-2025T17:28:53 - [TEST_CASE][PASSED] - Test Cases/Education Partner Profile/Tabs/Set Contact Info: Test Cases/Education Partner Profile/Tabs/Set Contact Info

27-02-2025T17:28:53 - [TEST_STEP][PASSED] - username = username: null

27-02-2025T17:28:53 - [TEST_STEP][PASSED] - if (username != "cktest06ep"): null

27-02-2025T17:28:53 - [TEST_STEP][PASSED] - domain = domain: null

27-02-2025T17:28:53 - [TEST_STEP][PASSED] - writeFile = false: null

27-02-2025T17:28:53 - [TEST_STEP][PASSED] - testName = "Education Partner Contact Info Tab": null

27-02-2025T17:28:53 - [TEST_STEP][PASSED] - outFile = callTestCase(findTestCase("_Functions/Set Output File"), ["varTestName":testName], STOP_ON_FAILURE): Call Test Case 'Test Cases/_Functions/Set Output File' successfully

27-02-2025T17:28:53 - [TEST_CASE][PASSED] - Test Cases/_Functions/Set Output File: Test Cases/_Functions/Set Output File

27-02-2025T17:28:53 - [TEST_STEP][PASSED] - testName = varTestName: null

27-02-2025T17:28:53 - [TEST_STEP][PASSED] - domain = domain: null

27-02-2025T17:28:53 - [TEST_STEP][PASSED] - writeFile = false: null

27-02-2025T17:28:53 - [TEST_STEP][PASSED] - if (outFile != ""): null

27-02-2025T17:28:53 - [TEST_STEP][PASSED] - myFile = outFile: null

27-02-2025T17:28:53 - [TEST_STEP][PASSED] - println(myFile): null

27-02-2025T17:28:53 - [TEST_STEP][PASSED] - outFile = new java.io.File(myFile): null

27-02-2025T17:28:53 - [TEST_STEP][PASSED] - writeFile = true: null

27-02-2025T17:28:53 - [TEST_STEP][PASSED] - if (!(writeFile)): null

27-02-2025T17:28:53 - [TEST_STEP][PASSED] - else: null

27-02-2025T17:28:53 - [TEST_STEP][PASSED] - outFile.append("
Testing " + testName + " on " + domain + ".
"): null

27-02-2025T17:28:53 - [TEST_STEP][PASSED] - return outFile: null

27-02-2025T17:28:53 - [MESSAGE][PASSED] - Call Test Case 'Test Cases/_Functions/Set Output File' successfully

27-02-2025T17:28:53 - [TEST_STEP][PASSED] - tooltipImagePath = "/Users/cckozie/git/MissionNext-Katalon-Koz/images/education partner/tabs/contact info/": null

27-02-2025T17:28:53 - [TEST_STEP][PASSED] - testObjectFolder = "Education partner Profile/Tabs/Contact Info/": null

27-02-2025T17:28:53 - [TEST_STEP][PASSED] - tooltips = ["dummy":"dummy", "Organization":"img_Organization_field-tooltip", "Abbreviation":"img_Abbreviation_field-tooltip", "Key Contact Email":"img_Key Contact Email_field-tooltip", ... ]: null

27-02-2025T17:28:53 - [TEST_STEP][PASSED] - tooltipText = ["Organization":"Name of your Organization.(Shorten, if too long to fit in field)", "Abbreviation":"Generally, the first initials of your organization name; this is used in some displays.", ... ]: null

27-02-2025T17:28:53 - [TEST_STEP][PASSED] - requiredFieldMsgs = ["Key Contact Phone":"The key contact phone field is required.", "Organization":"The school phone field is required.", "Organization City":"The school city field is required.", ... ]: null

27-02-2025T17:28:53 - [TEST_STEP][PASSED] - pageLinks = ["countries by region":"Countries by Region", "Find your International Post Code":"International Zip Code"]: null

27-02-2025T17:28:53 - [TEST_STEP][PASSED] - click(findTestObject("Education Partner Profile/Tabs/a_Contact Info")): Object: 'Object Repository/Education Partner Profile/Tabs/a_Contact Info' is clicked on

27-02-2025T17:28:53 - [MESSAGE][PASSED] - Object: 'Object Repository/Education Partner Profile/Tabs/a_Contact Info' is clicked on

27-02-2025T17:28:53 - [TEST_STEP][PASSED] - tooltipTextMap = callTestCase(findTestCase("_Functions/Get Screenshot and Tooltip Text"), ["varExtension":testName], STOP_ON_FAILURE): Call Test Case 'Test Cases/_Functions/Get Screenshot and Tooltip Text' successfully

27-02-2025T17:28:53 - [TEST_CASE][PASSED] - Test Cases/_Functions/Get Screenshot and Tooltip Text: Test Cases/_Functions/Get Screenshot and Tooltip Text

27-02-2025T17:28:53 - [TEST_STEP][PASSED] - if (fastPath): null

27-02-2025T17:28:53 - [TEST_STEP][PASSED] - frame = new javax.swing.JFrame(): null

27-02-2025T17:28:53 - [TEST_STEP][PASSED] - p = new javax.swing.JPanel(): null

27-02-2025T17:28:53 - [TEST_STEP][PASSED] - l = new javax.swing.JLabel(Getting screenshot and tooltip text..., javax.swing.SwingConstants.CENTER): null

27-02-2025T17:28:53 - [TEST_STEP][PASSED] - frame.add(l): null

27-02-2025T17:28:53 - [TEST_STEP][PASSED] - frame.setSize(300, 100): null

27-02-2025T17:28:53 - [TEST_STEP][PASSED] - frame.setLocation(600, 0): null

27-02-2025T17:28:53 - [TEST_STEP][PASSED] - frame.setAlwaysOnTop(true): null

27-02-2025T17:28:53 - [TEST_STEP][PASSED] - frame.show(): null

27-02-2025T17:28:53 - [TEST_STEP][PASSED] - driver = getWebDriver(): null

27-02-2025T17:28:53 - [TEST_STEP][PASSED] - path = "/Users/cckozie/Documents/MissionNext/Screenshots and Tooltip Text/": null

27-02-2025T17:28:53 - [TEST_STEP][PASSED] - if (binding.hasVariable("varExtension")): null

27-02-2025T17:28:53 - [TEST_STEP][PASSED] - extension = varExtension: null

27-02-2025T17:28:53 - [TEST_STEP][PASSED] - println("Extension is " + extension): null

27-02-2025T17:28:53 - [TEST_STEP][PASSED] - fileBase = path + extension: null

27-02-2025T17:28:53 - [TEST_STEP][PASSED] - fileImage = fileBase + "_Screenshot.png": null

27-02-2025T17:28:53 - [TEST_STEP][PASSED] - waitForPageLoad(30): Wait for page load successfully

27-02-2025T17:28:53 - [MESSAGE][PASSED] - Wait for page load successfully

27-02-2025T17:28:53 - [TEST_STEP][PASSED] - spinner = driver.findElement(By.xpath("/html/body/div[1]/div/div[2]")): null

27-02-2025T17:28:53 - [TEST_STEP][PASSED] - executor = driver: null

27-02-2025T17:28:53 - [TEST_STEP][PASSED] - elementAttributes = executor.executeScript("var items = {}; for (index = 0; index < arguments[0].attributes.length; ++index) { items[arguments[0].attributes[index].name] = arguments[0].attributes[index].value }; return items;", spinner): null

27-02-2025T17:28:53 - [TEST_STEP][PASSED] - attrs = elementAttributes.toString(): null

27-02-2025T17:28:53 - [TEST_STEP][PASSED] - waits = 0: null

27-02-2025T17:28:53 - [TEST_STEP][PASSED] - while (attrs.indexOf("display: none") < 0 && waits < 2): null

27-02-2025T17:28:53 - [TEST_STEP][PASSED] - tooltipMap = callTestCase(findTestCase("_Functions/Get Tooltip Text"), [:], STOP_ON_FAILURE): Call Test Case 'Test Cases/_Functions/Get Tooltip Text' successfully

27-02-2025T17:28:53 - [TEST_CASE][PASSED] - Test Cases/_Functions/Get Tooltip Text: Test Cases/_Functions/Get Tooltip Text

27-02-2025T17:28:53 - [TEST_STEP][PASSED] - fieldTooltips = [:]: null

27-02-2025T17:28:53 - [TEST_STEP][PASSED] - tooltipMap = [:]: null

27-02-2025T17:28:53 - [TEST_STEP][PASSED] - driver = getWebDriver(): null

27-02-2025T17:28:53 - [TEST_STEP][PASSED] - tooltips = driver.findElements(By.className("field-tooltip")): null

27-02-2025T17:28:53 - [TEST_STEP][PASSED] - for (def it : tooltips): null

27-02-2025T17:28:53 - [TEST_STEP][PASSED] - if (it.isDisplayed()): null

27-02-2025T17:28:53 - [TEST_STEP][PASSED] - ttText = it.getAttribute("data-original-title"): null

27-02-2025T17:28:53 - [TEST_STEP][PASSED] - ttLocation = it.getLocation(): null

27-02-2025T17:28:53 - [TEST_STEP][PASSED] - yLocation = ttLocation.getY(): null

27-02-2025T17:28:53 - [TEST_STEP][PASSED] - xLocation = ttLocation.getX(): null

27-02-2025T17:28:53 - [TEST_STEP][PASSED] - fieldTooltips.put(ttText, yLocation): null

27-02-2025T17:28:53 - [TEST_STEP][PASSED] - if (it.isDisplayed()): null

27-02-2025T17:28:53 - [TEST_STEP][PASSED] - ttText = it.getAttribute("data-original-title"): null

27-02-2025T17:28:53 - [TEST_STEP][PASSED] - ttLocation = it.getLocation(): null

27-02-2025T17:28:53 - [TEST_STEP][PASSED] - yLocation = ttLocation.getY(): null

27-02-2025T17:28:53 - [TEST_STEP][PASSED] - xLocation = ttLocation.getX(): null

27-02-2025T17:28:53 - [TEST_STEP][PASSED] - fieldTooltips.put(ttText, yLocation): null

27-02-2025T17:28:53 - [TEST_STEP][PASSED] - if (it.isDisplayed()): null

27-02-2025T17:28:53 - [TEST_STEP][PASSED] - ttText = it.getAttribute("data-original-title"): null

27-02-2025T17:28:53 - [TEST_STEP][PASSED] - ttLocation = it.getLocation(): null

27-02-2025T17:28:53 - [TEST_STEP][PASSED] - yLocation = ttLocation.getY(): null

27-02-2025T17:28:53 - [TEST_STEP][PASSED] - xLocation = ttLocation.getX(): null

27-02-2025T17:28:53 - [TEST_STEP][PASSED] - fieldTooltips.put(ttText, yLocation): null

27-02-2025T17:28:53 - [TEST_STEP][PASSED] - if (it.isDisplayed()): null

27-02-2025T17:28:53 - [TEST_STEP][PASSED] - ttText = it.getAttribute("data-original-title"): null

27-02-2025T17:28:53 - [TEST_STEP][PASSED] - ttLocation = it.getLocation(): null

27-02-2025T17:28:53 - [TEST_STEP][PASSED] - yLocation = ttLocation.getY(): null

27-02-2025T17:28:53 - [TEST_STEP][PASSED] - xLocation = ttLocation.getX(): null

27-02-2025T17:28:53 - [TEST_STEP][PASSED] - fieldTooltips.put(ttText, yLocation): null

27-02-2025T17:28:53 - [TEST_STEP][PASSED] - if (it.isDisplayed()): null

27-02-2025T17:28:53 - [TEST_STEP][PASSED] - ttText = it.getAttribute("data-original-title"): null

27-02-2025T17:28:53 - [TEST_STEP][PASSED] - ttLocation = it.getLocation(): null

27-02-2025T17:28:53 - [TEST_STEP][PASSED] - yLocation = ttLocation.getY(): null

27-02-2025T17:28:53 - [TEST_STEP][PASSED] - xLocation = ttLocation.getX(): null

27-02-2025T17:28:53 - [TEST_STEP][PASSED] - fieldTooltips.put(ttText, yLocation): null

27-02-2025T17:28:53 - [TEST_STEP][PASSED] - if (it.isDisplayed()): null

27-02-2025T17:28:53 - [TEST_STEP][PASSED] - ttText = it.getAttribute("data-original-title"): null

27-02-2025T17:28:53 - [TEST_STEP][PASSED] - ttLocation = it.getLocation(): null

27-02-2025T17:28:53 - [TEST_STEP][PASSED] - yLocation = ttLocation.getY(): null

27-02-2025T17:28:53 - [TEST_STEP][PASSED] - xLocation = ttLocation.getX(): null

27-02-2025T17:28:53 - [TEST_STEP][PASSED] - fieldTooltips.put(ttText, yLocation): null

27-02-2025T17:28:53 - [TEST_STEP][PASSED] - if (it.isDisplayed()): null

27-02-2025T17:28:53 - [TEST_STEP][PASSED] - if (it.isDisplayed()): null

27-02-2025T17:28:53 - [TEST_STEP][PASSED] - if (it.isDisplayed()): null

27-02-2025T17:28:53 - [TEST_STEP][PASSED] - if (it.isDisplayed()): null

27-02-2025T17:28:53 - [TEST_STEP][PASSED] - if (it.isDisplayed()): null

27-02-2025T17:28:53 - [TEST_STEP][PASSED] - if (it.isDisplayed()): null

27-02-2025T17:28:53 - [TEST_STEP][PASSED] - if (it.isDisplayed()): null

27-02-2025T17:28:53 - [TEST_STEP][PASSED] - if (it.isDisplayed()): null

27-02-2025T17:28:53 - [TEST_STEP][PASSED] - if (it.isDisplayed()): null

27-02-2025T17:28:53 - [TEST_STEP][PASSED] - if (it.isDisplayed()): null

27-02-2025T17:28:53 - [TEST_STEP][PASSED] - if (it.isDisplayed()): null

27-02-2025T17:28:53 - [TEST_STEP][PASSED] - if (it.isDisplayed()): null

27-02-2025T17:28:53 - [TEST_STEP][PASSED] - if (it.isDisplayed()): null

27-02-2025T17:28:53 - [TEST_STEP][PASSED] - if (it.isDisplayed()): null

27-02-2025T17:28:53 - [TEST_STEP][PASSED] - if (it.isDisplayed()): null

27-02-2025T17:28:53 - [TEST_STEP][PASSED] - if (it.isDisplayed()): null

27-02-2025T17:28:53 - [TEST_STEP][PASSED] - if (it.isDisplayed()): null

27-02-2025T17:28:53 - [TEST_STEP][PASSED] - if (it.isDisplayed()): null

27-02-2025T17:28:53 - [TEST_STEP][PASSED] - if (it.isDisplayed()): null

27-02-2025T17:28:53 - [TEST_STEP][PASSED] - if (it.isDisplayed()): null

27-02-2025T17:28:53 - [TEST_STEP][PASSED] - if (it.isDisplayed()): null

27-02-2025T17:28:53 - [TEST_STEP][PASSED] - if (it.isDisplayed()): null

27-02-2025T17:28:53 - [TEST_STEP][PASSED] - if (fieldTooltips.size() > 0): null

27-02-2025T17:28:53 - [TEST_STEP][PASSED] - rightBorder = xLocation: null

27-02-2025T17:28:53 - [TEST_STEP][PASSED] - fieldLabels = [:]: null

27-02-2025T17:28:53 - [TEST_STEP][PASSED] - labels = driver.findElements(By.xpath("//label")): null

27-02-2025T17:28:53 - [TEST_STEP][PASSED] - labels.each({ -> ... }): null

27-02-2025T17:28:54 - [TEST_STEP][PASSED] - for (def label : fieldLabels): null

27-02-2025T17:28:54 - [TEST_STEP][PASSED] - y = value: null

27-02-2025T17:28:54 - [TEST_STEP][PASSED] - for (def tooltip : fieldTooltips): null

27-02-2025T17:28:54 - [TEST_STEP][PASSED] - if (value == y || value == y + 1 || value == y - 1): null

27-02-2025T17:28:54 - [TEST_STEP][PASSED] - tooltipMap.put(key, key): null

27-02-2025T17:28:54 - [TEST_STEP][PASSED] - break: null

27-02-2025T17:28:54 - [TEST_STEP][PASSED] - y = value: null

27-02-2025T17:28:54 - [TEST_STEP][PASSED] - for (def tooltip : fieldTooltips): null

27-02-2025T17:28:54 - [TEST_STEP][PASSED] - if (value == y || value == y + 1 || value == y - 1): null

27-02-2025T17:28:54 - [TEST_STEP][PASSED] - if (value == y || value == y + 1 || value == y - 1): null

27-02-2025T17:28:54 - [TEST_STEP][PASSED] - tooltipMap.put(key, key): null

27-02-2025T17:28:54 - [TEST_STEP][PASSED] - break: null

27-02-2025T17:28:54 - [TEST_STEP][PASSED] - y = value: null

27-02-2025T17:28:54 - [TEST_STEP][PASSED] - for (def tooltip : fieldTooltips): null

27-02-2025T17:28:54 - [TEST_STEP][PASSED] - if (value == y || value == y + 1 || value == y - 1): null

27-02-2025T17:28:54 - [TEST_STEP][PASSED] - if (value == y || value == y + 1 || value == y - 1): null

27-02-2025T17:28:54 - [TEST_STEP][PASSED] - if (value == y || value == y + 1 || value == y - 1): null

27-02-2025T17:28:54 - [TEST_STEP][PASSED] - if (value == y || value == y + 1 || value == y - 1): null

27-02-2025T17:28:54 - [TEST_STEP][PASSED] - if (value == y || value == y + 1 || value == y - 1): null

27-02-2025T17:28:54 - [TEST_STEP][PASSED] - if (value == y || value == y + 1 || value == y - 1): null

27-02-2025T17:28:54 - [TEST_STEP][PASSED] - y = value: null

27-02-2025T17:28:54 - [TEST_STEP][PASSED] - for (def tooltip : fieldTooltips): null

27-02-2025T17:28:54 - [TEST_STEP][PASSED] - if (value == y || value == y + 1 || value == y - 1): null

27-02-2025T17:28:54 - [TEST_STEP][PASSED] - if (value == y || value == y + 1 || value == y - 1): null

27-02-2025T17:28:54 - [TEST_STEP][PASSED] - if (value == y || value == y + 1 || value == y - 1): null

27-02-2025T17:28:54 - [TEST_STEP][PASSED] - if (value == y || value == y + 1 || value == y - 1): null

27-02-2025T17:28:54 - [TEST_STEP][PASSED] - if (value == y || value == y + 1 || value == y - 1): null

27-02-2025T17:28:54 - [TEST_STEP][PASSED] - if (value == y || value == y + 1 || value == y - 1): null

27-02-2025T17:28:54 - [TEST_STEP][PASSED] - y = value: null

27-02-2025T17:28:54 - [TEST_STEP][PASSED] - for (def tooltip : fieldTooltips): null

27-02-2025T17:28:54 - [TEST_STEP][PASSED] - if (value == y || value == y + 1 || value == y - 1): null

27-02-2025T17:28:54 - [TEST_STEP][PASSED] - if (value == y || value == y + 1 || value == y - 1): null

27-02-2025T17:28:54 - [TEST_STEP][PASSED] - if (value == y || value == y + 1 || value == y - 1): null

27-02-2025T17:28:54 - [TEST_STEP][PASSED] - if (value == y || value == y + 1 || value == y - 1): null

27-02-2025T17:28:54 - [TEST_STEP][PASSED] - if (value == y || value == y + 1 || value == y - 1): null

27-02-2025T17:28:54 - [TEST_STEP][PASSED] - if (value == y || value == y + 1 || value == y - 1): null

27-02-2025T17:28:54 - [TEST_STEP][PASSED] - y = value: null

27-02-2025T17:28:54 - [TEST_STEP][PASSED] - for (def tooltip : fieldTooltips): null

27-02-2025T17:28:54 - [TEST_STEP][PASSED] - if (value == y || value == y + 1 || value == y - 1): null

27-02-2025T17:28:54 - [TEST_STEP][PASSED] - if (value == y || value == y + 1 || value == y - 1): null

27-02-2025T17:28:54 - [TEST_STEP][PASSED] - if (value == y || value == y + 1 || value == y - 1): null

27-02-2025T17:28:54 - [TEST_STEP][PASSED] - tooltipMap.put(key, key): null

27-02-2025T17:28:54 - [TEST_STEP][PASSED] - break: null

27-02-2025T17:28:54 - [TEST_STEP][PASSED] - y = value: null

27-02-2025T17:28:54 - [TEST_STEP][PASSED] - for (def tooltip : fieldTooltips): null

27-02-2025T17:28:54 - [TEST_STEP][PASSED] - if (value == y || value == y + 1 || value == y - 1): null

27-02-2025T17:28:54 - [TEST_STEP][PASSED] - if (value == y || value == y + 1 || value == y - 1): null

27-02-2025T17:28:54 - [TEST_STEP][PASSED] - if (value == y || value == y + 1 || value == y - 1): null

27-02-2025T17:28:54 - [TEST_STEP][PASSED] - if (value == y || value == y + 1 || value == y - 1): null

27-02-2025T17:28:54 - [TEST_STEP][PASSED] - if (value == y || value == y + 1 || value == y - 1): null

27-02-2025T17:28:54 - [TEST_STEP][PASSED] - if (value == y || value == y + 1 || value == y - 1): null

27-02-2025T17:28:54 - [TEST_STEP][PASSED] - y = value: null

27-02-2025T17:28:54 - [TEST_STEP][PASSED] - for (def tooltip : fieldTooltips): null

27-02-2025T17:28:54 - [TEST_STEP][PASSED] - if (value == y || value == y + 1 || value == y - 1): null

27-02-2025T17:28:54 - [TEST_STEP][PASSED] - if (value == y || value == y + 1 || value == y - 1): null

27-02-2025T17:28:54 - [TEST_STEP][PASSED] - if (value == y || value == y + 1 || value == y - 1): null

27-02-2025T17:28:54 - [TEST_STEP][PASSED] - if (value == y || value == y + 1 || value == y - 1): null

27-02-2025T17:28:54 - [TEST_STEP][PASSED] - if (value == y || value == y + 1 || value == y - 1): null

27-02-2025T17:28:54 - [TEST_STEP][PASSED] - if (value == y || value == y + 1 || value == y - 1): null

27-02-2025T17:28:54 - [TEST_STEP][PASSED] - y = value: null

27-02-2025T17:28:54 - [TEST_STEP][PASSED] - for (def tooltip : fieldTooltips): null

27-02-2025T17:28:54 - [TEST_STEP][PASSED] - if (value == y || value == y + 1 || value == y - 1): null

27-02-2025T17:28:54 - [TEST_STEP][PASSED] - if (value == y || value == y + 1 || value == y - 1): null

27-02-2025T17:28:54 - [TEST_STEP][PASSED] - if (value == y || value == y + 1 || value == y - 1): null

27-02-2025T17:28:54 - [TEST_STEP][PASSED] - if (value == y || value == y + 1 || value == y - 1): null

27-02-2025T17:28:54 - [TEST_STEP][PASSED] - if (value == y || value == y + 1 || value == y - 1): null

27-02-2025T17:28:54 - [TEST_STEP][PASSED] - if (value == y || value == y + 1 || value == y - 1): null

27-02-2025T17:28:54 - [TEST_STEP][PASSED] - y = value: null

27-02-2025T17:28:54 - [TEST_STEP][PASSED] - for (def tooltip : fieldTooltips): null

27-02-2025T17:28:54 - [TEST_STEP][PASSED] - if (value == y || value == y + 1 || value == y - 1): null

27-02-2025T17:28:54 - [TEST_STEP][PASSED] - if (value == y || value == y + 1 || value == y - 1): null

27-02-2025T17:28:54 - [TEST_STEP][PASSED] - if (value == y || value == y + 1 || value == y - 1): null

27-02-2025T17:28:54 - [TEST_STEP][PASSED] - if (value == y || value == y + 1 || value == y - 1): null

27-02-2025T17:28:54 - [TEST_STEP][PASSED] - tooltipMap.put(key, key): null

27-02-2025T17:28:54 - [TEST_STEP][PASSED] - break: null

27-02-2025T17:28:54 - [TEST_STEP][PASSED] - y = value: null

27-02-2025T17:28:54 - [TEST_STEP][PASSED] - for (def tooltip : fieldTooltips): null

27-02-2025T17:28:54 - [TEST_STEP][PASSED] - if (value == y || value == y + 1 || value == y - 1): null

27-02-2025T17:28:54 - [TEST_STEP][PASSED] - if (value == y || value == y + 1 || value == y - 1): null

27-02-2025T17:28:54 - [TEST_STEP][PASSED] - if (value == y || value == y + 1 || value == y - 1): null

27-02-2025T17:28:54 - [TEST_STEP][PASSED] - if (value == y || value == y + 1 || value == y - 1): null

27-02-2025T17:28:54 - [TEST_STEP][PASSED] - if (value == y || value == y + 1 || value == y - 1): null

27-02-2025T17:28:54 - [TEST_STEP][PASSED] - if (value == y || value == y + 1 || value == y - 1): null

27-02-2025T17:28:54 - [TEST_STEP][PASSED] - y = value: null

27-02-2025T17:28:54 - [TEST_STEP][PASSED] - for (def tooltip : fieldTooltips): null

27-02-2025T17:28:54 - [TEST_STEP][PASSED] - if (value == y || value == y + 1 || value == y - 1): null

27-02-2025T17:28:54 - [TEST_STEP][PASSED] - if (value == y || value == y + 1 || value == y - 1): null

27-02-2025T17:28:54 - [TEST_STEP][PASSED] - if (value == y || value == y + 1 || value == y - 1): null

27-02-2025T17:28:54 - [TEST_STEP][PASSED] - if (value == y || value == y + 1 || value == y - 1): null

27-02-2025T17:28:54 - [TEST_STEP][PASSED] - if (value == y || value == y + 1 || value == y - 1): null

27-02-2025T17:28:54 - [TEST_STEP][PASSED] - tooltipMap.put(key, key): null

27-02-2025T17:28:54 - [TEST_STEP][PASSED] - break: null

27-02-2025T17:28:54 - [TEST_STEP][PASSED] - y = value: null

27-02-2025T17:28:54 - [TEST_STEP][PASSED] - for (def tooltip : fieldTooltips): null

27-02-2025T17:28:54 - [TEST_STEP][PASSED] - if (value == y || value == y + 1 || value == y - 1): null

27-02-2025T17:28:54 - [TEST_STEP][PASSED] - if (value == y || value == y + 1 || value == y - 1): null

27-02-2025T17:28:54 - [TEST_STEP][PASSED] - if (value == y || value == y + 1 || value == y - 1): null

27-02-2025T17:28:54 - [TEST_STEP][PASSED] - if (value == y || value == y + 1 || value == y - 1): null

27-02-2025T17:28:54 - [TEST_STEP][PASSED] - if (value == y || value == y + 1 || value == y - 1): null

27-02-2025T17:28:54 - [TEST_STEP][PASSED] - if (value == y || value == y + 1 || value == y - 1): null

27-02-2025T17:28:54 - [TEST_STEP][PASSED] - y = value: null

27-02-2025T17:28:54 - [TEST_STEP][PASSED] - for (def tooltip : fieldTooltips): null

27-02-2025T17:28:54 - [TEST_STEP][PASSED] - if (value == y || value == y + 1 || value == y - 1): null

27-02-2025T17:28:54 - [TEST_STEP][PASSED] - if (value == y || value == y + 1 || value == y - 1): null

27-02-2025T17:28:54 - [TEST_STEP][PASSED] - if (value == y || value == y + 1 || value == y - 1): null

27-02-2025T17:28:54 - [TEST_STEP][PASSED] - if (value == y || value == y + 1 || value == y - 1): null

27-02-2025T17:28:54 - [TEST_STEP][PASSED] - if (value == y || value == y + 1 || value == y - 1): null

27-02-2025T17:28:54 - [TEST_STEP][PASSED] - if (value == y || value == y + 1 || value == y - 1): null

27-02-2025T17:28:54 - [TEST_STEP][PASSED] - y = value: null

27-02-2025T17:28:54 - [TEST_STEP][PASSED] - for (def tooltip : fieldTooltips): null

27-02-2025T17:28:54 - [TEST_STEP][PASSED] - if (value == y || value == y + 1 || value == y - 1): null

27-02-2025T17:28:54 - [TEST_STEP][PASSED] - if (value == y || value == y + 1 || value == y - 1): null

27-02-2025T17:28:54 - [TEST_STEP][PASSED] - if (value == y || value == y + 1 || value == y - 1): null

27-02-2025T17:28:54 - [TEST_STEP][PASSED] - if (value == y || value == y + 1 || value == y - 1): null

27-02-2025T17:28:54 - [TEST_STEP][PASSED] - if (value == y || value == y + 1 || value == y - 1): null

27-02-2025T17:28:54 - [TEST_STEP][PASSED] - if (value == y || value == y + 1 || value == y - 1): null

27-02-2025T17:28:54 - [TEST_STEP][PASSED] - tooltipMap.put(key, key): null

27-02-2025T17:28:54 - [TEST_STEP][PASSED] - break: null

27-02-2025T17:28:54 - [TEST_STEP][PASSED] - y = value: null

27-02-2025T17:28:54 - [TEST_STEP][PASSED] - for (def tooltip : fieldTooltips): null

27-02-2025T17:28:54 - [TEST_STEP][PASSED] - if (value == y || value == y + 1 || value == y - 1): null

27-02-2025T17:28:54 - [TEST_STEP][PASSED] - if (value == y || value == y + 1 || value == y - 1): null

27-02-2025T17:28:54 - [TEST_STEP][PASSED] - if (value == y || value == y + 1 || value == y - 1): null

27-02-2025T17:28:54 - [TEST_STEP][PASSED] - if (value == y || value == y + 1 || value == y - 1): null

27-02-2025T17:28:54 - [TEST_STEP][PASSED] - if (value == y || value == y + 1 || value == y - 1): null

27-02-2025T17:28:54 - [TEST_STEP][PASSED] - if (value == y || value == y + 1 || value == y - 1): null

27-02-2025T17:28:54 - [TEST_STEP][PASSED] - y = value: null

27-02-2025T17:28:54 - [TEST_STEP][PASSED] - for (def tooltip : fieldTooltips): null

27-02-2025T17:28:54 - [TEST_STEP][PASSED] - if (value == y || value == y + 1 || value == y - 1): null

27-02-2025T17:28:54 - [TEST_STEP][PASSED] - if (value == y || value == y + 1 || value == y - 1): null

27-02-2025T17:28:54 - [TEST_STEP][PASSED] - if (value == y || value == y + 1 || value == y - 1): null

27-02-2025T17:28:54 - [TEST_STEP][PASSED] - if (value == y || value == y + 1 || value == y - 1): null

27-02-2025T17:28:54 - [TEST_STEP][PASSED] - if (value == y || value == y + 1 || value == y - 1): null

27-02-2025T17:28:54 - [TEST_STEP][PASSED] - if (value == y || value == y + 1 || value == y - 1): null

27-02-2025T17:28:54 - [TEST_STEP][PASSED] - return tooltipMap: null

27-02-2025T17:28:54 - [MESSAGE][PASSED] - Call Test Case 'Test Cases/_Functions/Get Tooltip Text' successfully

27-02-2025T17:28:54 - [TEST_STEP][PASSED] - if (tooltipMap.size() > 0): null

27-02-2025T17:28:54 - [TEST_STEP][PASSED] - file = fileBase + "_Tooltips.csv": null

27-02-2025T17:28:54 - [TEST_STEP][PASSED] - outText = "FIELD LABEL" + "," + "TOOLTIP TEXT" + "

": null

27-02-2025T17:28:54 - [TEST_STEP][PASSED] - for (def it : tooltipMap): null

27-02-2025T17:28:54 - [TEST_STEP][PASSED] - name = key: null

27-02-2025T17:28:54 - [TEST_STEP][PASSED] - value = value.replace("
", ""): null

27-02-2025T17:28:54 - [TEST_STEP][PASSED] - value = value.trim(): null

27-02-2025T17:28:54 - [TEST_STEP][PASSED] - value = """ + value + """: null

27-02-2025T17:28:54 - [TEST_STEP][PASSED] - outText = outText + name + "," + value: null

27-02-2025T17:28:54 - [TEST_STEP][PASSED] - outText = outText + "
": null

27-02-2025T17:28:54 - [TEST_STEP][PASSED] - println(outText): null

27-02-2025T17:28:54 - [TEST_STEP][PASSED] - name = key: null

27-02-2025T17:28:54 - [TEST_STEP][PASSED] - value = value.replace("
", ""): null

27-02-2025T17:28:54 - [TEST_STEP][PASSED] - value = value.trim(): null

27-02-2025T17:28:54 - [TEST_STEP][PASSED] - value = """ + value + """: null

27-02-2025T17:28:54 - [TEST_STEP][PASSED] - outText = outText + name + "," + value: null

27-02-2025T17:28:54 - [TEST_STEP][PASSED] - outText = outText + "
": null

27-02-2025T17:28:54 - [TEST_STEP][PASSED] - println(outText): null

27-02-2025T17:28:54 - [TEST_STEP][PASSED] - name = key: null

27-02-2025T17:28:54 - [TEST_STEP][PASSED] - value = value.replace("
", ""): null

27-02-2025T17:28:54 - [TEST_STEP][PASSED] - value = value.trim(): null

27-02-2025T17:28:54 - [TEST_STEP][PASSED] - value = """ + value + """: null

27-02-2025T17:28:54 - [TEST_STEP][PASSED] - outText = outText + name + "," + value: null

27-02-2025T17:28:54 - [TEST_STEP][PASSED] - outText = outText + "
": null

27-02-2025T17:28:54 - [TEST_STEP][PASSED] - println(outText): null

27-02-2025T17:28:54 - [TEST_STEP][PASSED] - name = key: null

27-02-2025T17:28:54 - [TEST_STEP][PASSED] - value = value.replace("
", ""): null

27-02-2025T17:28:54 - [TEST_STEP][PASSED] - value = value.trim(): null

27-02-2025T17:28:54 - [TEST_STEP][PASSED] - value = """ + value + """: null

27-02-2025T17:28:54 - [TEST_STEP][PASSED] - outText = outText + name + "," + value: null

27-02-2025T17:28:54 - [TEST_STEP][PASSED] - outText = outText + "
": null

27-02-2025T17:28:54 - [TEST_STEP][PASSED] - println(outText): null

27-02-2025T17:28:54 - [TEST_STEP][PASSED] - name = key: null

27-02-2025T17:28:54 - [TEST_STEP][PASSED] - value = value.replace("
", ""): null

27-02-2025T17:28:54 - [TEST_STEP][PASSED] - value = value.trim(): null

27-02-2025T17:28:54 - [TEST_STEP][PASSED] - value = """ + value + """: null

27-02-2025T17:28:54 - [TEST_STEP][PASSED] - outText = outText + name + "," + value: null

27-02-2025T17:28:54 - [TEST_STEP][PASSED] - outText = outText + "
": null

27-02-2025T17:28:54 - [TEST_STEP][PASSED] - println(outText): null

27-02-2025T17:28:54 - [TEST_STEP][PASSED] - name = key: null

27-02-2025T17:28:54 - [TEST_STEP][PASSED] - value = value.replace("
", ""): null

27-02-2025T17:28:54 - [TEST_STEP][PASSED] - value = value.trim(): null

27-02-2025T17:28:54 - [TEST_STEP][PASSED] - value = """ + value + """: null

27-02-2025T17:28:54 - [TEST_STEP][PASSED] - outText = outText + name + "," + value: null

27-02-2025T17:28:54 - [TEST_STEP][PASSED] - outText = outText + "
": null

27-02-2025T17:28:54 - [TEST_STEP][PASSED] - println(outText): null

27-02-2025T17:28:54 - [TEST_STEP][PASSED] - outFile = new java.io.File(file): null

27-02-2025T17:28:54 - [TEST_STEP][PASSED] - println(outText): null

27-02-2025T17:28:54 - [TEST_STEP][PASSED] - outFile.write(outText): null

27-02-2025T17:28:54 - [TEST_STEP][PASSED] - takeFullPageScreenshot(fileImage): Taking screenshot successfully

27-02-2025T17:28:55 - [MESSAGE][INFO] - 0 hidden object(s)

27-02-2025T17:28:55 - [MESSAGE][PASSED] - Taking screenshot successfully
[[ATTACHMENT|/Users/cckozie/Documents/MissionNext/Screenshots and Tooltip Text/Education Partner Contact Info Tab_Screenshot.png]]

27-02-2025T17:28:55 - [TEST_STEP][PASSED] - frame.dispose(): null

27-02-2025T17:28:55 - [TEST_STEP][PASSED] - return tooltipMap: null

27-02-2025T17:28:55 - [MESSAGE][PASSED] - Call Test Case 'Test Cases/_Functions/Get Screenshot and Tooltip Text' successfully

27-02-2025T17:28:55 - [TEST_STEP][PASSED] - callTestCase(findTestCase("_Functions/Test Tooltips"), ["varTooltipImagePath":tooltipImagePath, "varTooltips":tooltips, "varTooltipText":tooltipText, "varTestObjectFolder":testObjectFolder, ... ], OPTIONAL): Unable to call Test Case 'Test Cases/_Functions/Test Tooltips' (Root cause: com.kms.katalon.core.exception.StepErrorException: Call Test Case 'Test Cases/_Functions/Test Tooltips' failed because of error(s)
	at com.kms.katalon.core.keyword.builtin.CallTestCaseKeyword$_callTestCase_closure1.doCall(CallTestCaseKeyword.groovy:66)
	at com.kms.katalon.core.keyword.builtin.CallTestCaseKeyword$_callTestCase_closure1.call(CallTestCaseKeyword.groovy)
	at com.kms.katalon.core.keyword.internal.KeywordMain.runKeyword(KeywordMain.groovy:75)
	at com.kms.katalon.core.keyword.builtin.CallTestCaseKeyword.callTestCase(CallTestCaseKeyword.groovy:81)
	at com.kms.katalon.core.keyword.builtin.CallTestCaseKeyword.execute(CallTestCaseKeyword.groovy:44)
	at com.kms.katalon.core.keyword.internal.KeywordExecutor.executeKeywordForPlatform(KeywordExecutor.groovy:74)
	at com.kms.katalon.core.keyword.BuiltinKeywords.callTestCase(BuiltinKeywords.groovy:310)
	at jdk.internal.reflect.GeneratedMethodAccessor29.invoke(Unknown Source)
	at java.base/jdk.internal.reflect.DelegatingMethodAccessorImpl.invoke(DelegatingMethodAccessorImpl.java:43)
	at Set Contact Info.run(Set Contact Info:79)
	at com.kms.katalon.core.main.ScriptEngine.run(ScriptEngine.java:194)
	at com.kms.katalon.core.main.ScriptEngine.runScriptAsRawText(ScriptEngine.java:119)
	at com.kms.katalon.core.main.TestCaseExecutor.runScript(TestCaseExecutor.java:448)
	at com.kms.katalon.core.main.TestCaseExecutor.doExecute(TestCaseExecutor.java:439)
	at com.kms.katalon.core.main.TestCaseExecutor.processExecutionPhase(TestCaseExecutor.java:418)
	at com.kms.katalon.core.main.TestCaseExecutor.accessMainPhase(TestCaseExecutor.java:410)
	at com.kms.katalon.core.main.TestCaseExecutor.execute(TestCaseExecutor.java:285)
	at com.kms.katalon.core.main.TestCaseMain.runTestCase(TestCaseMain.java:137)
	at com.kms.katalon.core.keyword.builtin.CallTestCaseKeyword$_callTestCase_closure1.doCall(CallTestCaseKeyword.groovy:59)
	at com.kms.katalon.core.keyword.builtin.CallTestCaseKeyword$_callTestCase_closure1.call(CallTestCaseKeyword.groovy)
	at com.kms.katalon.core.keyword.internal.KeywordMain.runKeyword(KeywordMain.groovy:75)
	at com.kms.katalon.core.keyword.builtin.CallTestCaseKeyword.callTestCase(CallTestCaseKeyword.groovy:81)
	at com.kms.katalon.core.keyword.builtin.CallTestCaseKeyword.execute(CallTestCaseKeyword.groovy:44)
	at com.kms.katalon.core.keyword.internal.KeywordExecutor.executeKeywordForPlatform(KeywordExecutor.groovy:74)
	at com.kms.katalon.core.keyword.BuiltinKeywords.callTestCase(BuiltinKeywords.groovy:310)
	at jdk.internal.reflect.GeneratedMethodAccessor29.invoke(Unknown Source)
	at java.base/jdk.internal.reflect.DelegatingMethodAccessorImpl.invoke(DelegatingMethodAccessorImpl.java:43)
	at Complete Education Partner Profile.run(Complete Education Partner Profile:97)
	at com.kms.katalon.core.main.ScriptEngine.run(ScriptEngine.java:194)
	at com.kms.katalon.core.main.ScriptEngine.runScriptAsRawText(ScriptEngine.java:119)
	at com.kms.katalon.core.main.TestCaseExecutor.runScript(TestCaseExecutor.java:448)
	at com.kms.katalon.core.main.TestCaseExecutor.doExecute(TestCaseExecutor.java:439)
	at com.kms.katalon.core.main.TestCaseExecutor.processExecutionPhase(TestCaseExecutor.java:418)
	at com.kms.katalon.core.main.TestCaseExecutor.accessMainPhase(TestCaseExecutor.java:410)
	at com.kms.katalon.core.main.TestCaseExecutor.execute(TestCaseExecutor.java:285)
	at com.kms.katalon.core.main.TestCaseMain.runTestCase(TestCaseMain.java:137)
	at com.kms.katalon.core.keyword.builtin.CallTestCaseKeyword$_callTestCase_closure1.doCall(CallTestCaseKeyword.groovy:59)
	at com.kms.katalon.core.keyword.builtin.CallTestCaseKeyword$_callTestCase_closure1.call(CallTestCaseKeyword.groovy)
	at com.kms.katalon.core.keyword.internal.KeywordMain.runKeyword(KeywordMain.groovy:75)
	at com.kms.katalon.core.keyword.builtin.CallTestCaseKeyword.callTestCase(CallTestCaseKeyword.groovy:81)
	at com.kms.katalon.core.keyword.builtin.CallTestCaseKeyword.execute(CallTestCaseKeyword.groovy:44)
	at com.kms.katalon.core.keyword.internal.KeywordExecutor.executeKeywordForPlatform(KeywordExecutor.groovy:74)
	at com.kms.katalon.core.keyword.BuiltinKeywords.callTestCase(BuiltinKeywords.groovy:310)
	at jdk.internal.reflect.GeneratedMethodAccessor29.invoke(Unknown Source)
	at java.base/jdk.internal.reflect.DelegatingMethodAccessorImpl.invoke(DelegatingMethodAccessorImpl.java:43)
	at Register Education Partner.run(Register Education Partner:403)
	at com.kms.katalon.core.main.ScriptEngine.run(ScriptEngine.java:194)
	at com.kms.katalon.core.main.ScriptEngine.runScriptAsRawText(ScriptEngine.java:119)
	at com.kms.katalon.core.main.TestCaseExecutor.runScript(TestCaseExecutor.java:448)
	at com.kms.katalon.core.main.TestCaseExecutor.doExecute(TestCaseExecutor.java:439)
	at com.kms.katalon.core.main.TestCaseExecutor.processExecutionPhase(TestCaseExecutor.java:418)
	at com.kms.katalon.core.main.TestCaseExecutor.accessMainPhase(TestCaseExecutor.java:410)
	at com.kms.katalon.core.main.TestCaseExecutor.execute(TestCaseExecutor.java:285)
	at com.kms.katalon.core.common.CommonExecutor.accessTestCaseMainPhase(CommonExecutor.java:65)
	at com.kms.katalon.core.main.TestSuiteExecutor.accessTestSuiteMainPhase(TestSuiteExecutor.java:150)
	at com.kms.katalon.core.main.TestSuiteExecutor.execute(TestSuiteExecutor.java:106)
	at com.kms.katalon.core.main.TestCaseMain.startTestSuite(TestCaseMain.java:180)
	at TempTestSuite1740698292669.run(TempTestSuite1740698292669.groovy:35)
	at java.base/jdk.internal.reflect.NativeMethodAccessorImpl.invoke0(Native Method)
	at java.base/jdk.internal.reflect.NativeMethodAccessorImpl.invoke(NativeMethodAccessorImpl.java:77)
	at java.base/jdk.internal.reflect.DelegatingMethodAccessorImpl.invoke(DelegatingMethodAccessorImpl.java:43)
Caused by: java.lang.NullPointerException: Cannot invoke method replace() on null object
	at Test Tooltips.run(Test Tooltips:191)
	at com.kms.katalon.core.main.ScriptEngine.run(ScriptEngine.java:194)
	at com.kms.katalon.core.main.ScriptEngine.runScriptAsRawText(ScriptEngine.java:119)
	at com.kms.katalon.core.main.TestCaseExecutor.runScript(TestCaseExecutor.java:448)
	at com.kms.katalon.core.main.TestCaseExecutor.doExecute(TestCaseExecutor.java:439)
	at com.kms.katalon.core.main.TestCaseExecutor.processExecutionPhase(TestCaseExecutor.java:418)
	at com.kms.katalon.core.main.TestCaseExecutor.accessMainPhase(TestCaseExecutor.java:410)
	at com.kms.katalon.core.main.TestCaseExecutor.execute(TestCaseExecutor.java:285)
	at com.kms.katalon.core.main.TestCaseMain.runTestCase(TestCaseMain.java:137)
	at com.kms.katalon.core.keyword.builtin.CallTestCaseKeyword$_callTestCase_closure1.doCall(CallTestCaseKeyword.groovy:59)
	... 60 more
)

27-02-2025T17:28:55 - [TEST_CASE][ERROR] - Test Cases/_Functions/Test Tooltips: Test Cases/_Functions/Test Tooltips FAILED.
Reason:
java.lang.NullPointerException: Cannot invoke method replace() on null object
	at Test Tooltips.run(Test Tooltips:191)
	at com.kms.katalon.core.main.ScriptEngine.run(ScriptEngine.java:194)
	at com.kms.katalon.core.main.ScriptEngine.runScriptAsRawText(ScriptEngine.java:119)
	at com.kms.katalon.core.main.TestCaseExecutor.runScript(TestCaseExecutor.java:448)
	at com.kms.katalon.core.main.TestCaseExecutor.doExecute(TestCaseExecutor.java:439)
	at com.kms.katalon.core.main.TestCaseExecutor.processExecutionPhase(TestCaseExecutor.java:418)
	at com.kms.katalon.core.main.TestCaseExecutor.accessMainPhase(TestCaseExecutor.java:410)
	at com.kms.katalon.core.main.TestCaseExecutor.execute(TestCaseExecutor.java:285)
	at com.kms.katalon.core.main.TestCaseMain.runTestCase(TestCaseMain.java:137)
	at com.kms.katalon.core.keyword.builtin.CallTestCaseKeyword$_callTestCase_closure1.doCall(CallTestCaseKeyword.groovy:59)
	at com.kms.katalon.core.keyword.builtin.CallTestCaseKeyword$_callTestCase_closure1.call(CallTestCaseKeyword.groovy)
	at com.kms.katalon.core.keyword.internal.KeywordMain.runKeyword(KeywordMain.groovy:75)
	at com.kms.katalon.core.keyword.builtin.CallTestCaseKeyword.callTestCase(CallTestCaseKeyword.groovy:81)
	at com.kms.katalon.core.keyword.builtin.CallTestCaseKeyword.execute(CallTestCaseKeyword.groovy:44)
	at com.kms.katalon.core.keyword.internal.KeywordExecutor.executeKeywordForPlatform(KeywordExecutor.groovy:74)
	at com.kms.katalon.core.keyword.BuiltinKeywords.callTestCase(BuiltinKeywords.groovy:310)
	at jdk.internal.reflect.GeneratedMethodAccessor29.invoke(Unknown Source)
	at java.base/jdk.internal.reflect.DelegatingMethodAccessorImpl.invoke(DelegatingMethodAccessorImpl.java:43)
	at Set Contact Info.run(Set Contact Info:79)
	at com.kms.katalon.core.main.ScriptEngine.run(ScriptEngine.java:194)
	at com.kms.katalon.core.main.ScriptEngine.runScriptAsRawText(ScriptEngine.java:119)
	at com.kms.katalon.core.main.TestCaseExecutor.runScript(TestCaseExecutor.java:448)
	at com.kms.katalon.core.main.TestCaseExecutor.doExecute(TestCaseExecutor.java:439)
	at com.kms.katalon.core.main.TestCaseExecutor.processExecutionPhase(TestCaseExecutor.java:418)
	at com.kms.katalon.core.main.TestCaseExecutor.accessMainPhase(TestCaseExecutor.java:410)
	at com.kms.katalon.core.main.TestCaseExecutor.execute(TestCaseExecutor.java:285)
	at com.kms.katalon.core.main.TestCaseMain.runTestCase(TestCaseMain.java:137)
	at com.kms.katalon.core.keyword.builtin.CallTestCaseKeyword$_callTestCase_closure1.doCall(CallTestCaseKeyword.groovy:59)
	at com.kms.katalon.core.keyword.builtin.CallTestCaseKeyword$_callTestCase_closure1.call(CallTestCaseKeyword.groovy)
	at com.kms.katalon.core.keyword.internal.KeywordMain.runKeyword(KeywordMain.groovy:75)
	at com.kms.katalon.core.keyword.builtin.CallTestCaseKeyword.callTestCase(CallTestCaseKeyword.groovy:81)
	at com.kms.katalon.core.keyword.builtin.CallTestCaseKeyword.execute(CallTestCaseKeyword.groovy:44)
	at com.kms.katalon.core.keyword.internal.KeywordExecutor.executeKeywordForPlatform(KeywordExecutor.groovy:74)
	at com.kms.katalon.core.keyword.BuiltinKeywords.callTestCase(BuiltinKeywords.groovy:310)
	at jdk.internal.reflect.GeneratedMethodAccessor29.invoke(Unknown Source)
	at java.base/jdk.internal.reflect.DelegatingMethodAccessorImpl.invoke(DelegatingMethodAccessorImpl.java:43)
	at Complete Education Partner Profile.run(Complete Education Partner Profile:97)
	at com.kms.katalon.core.main.ScriptEngine.run(ScriptEngine.java:194)
	at com.kms.katalon.core.main.ScriptEngine.runScriptAsRawText(ScriptEngine.java:119)
	at com.kms.katalon.core.main.TestCaseExecutor.runScript(TestCaseExecutor.java:448)
	at com.kms.katalon.core.main.TestCaseExecutor.doExecute(TestCaseExecutor.java:439)
	at com.kms.katalon.core.main.TestCaseExecutor.processExecutionPhase(TestCaseExecutor.java:418)
	at com.kms.katalon.core.main.TestCaseExecutor.accessMainPhase(TestCaseExecutor.java:410)
	at com.kms.katalon.core.main.TestCaseExecutor.execute(TestCaseExecutor.java:285)
	at com.kms.katalon.core.main.TestCaseMain.runTestCase(TestCaseMain.java:137)
	at com.kms.katalon.core.keyword.builtin.CallTestCaseKeyword$_callTestCase_closure1.doCall(CallTestCaseKeyword.groovy:59)
	at com.kms.katalon.core.keyword.builtin.CallTestCaseKeyword$_callTestCase_closure1.call(CallTestCaseKeyword.groovy)
	at com.kms.katalon.core.keyword.internal.KeywordMain.runKeyword(KeywordMain.groovy:75)
	at com.kms.katalon.core.keyword.builtin.CallTestCaseKeyword.callTestCase(CallTestCaseKeyword.groovy:81)
	at com.kms.katalon.core.keyword.builtin.CallTestCaseKeyword.execute(CallTestCaseKeyword.groovy:44)
	at com.kms.katalon.core.keyword.internal.KeywordExecutor.executeKeywordForPlatform(KeywordExecutor.groovy:74)
	at com.kms.katalon.core.keyword.BuiltinKeywords.callTestCase(BuiltinKeywords.groovy:310)
	at jdk.internal.reflect.GeneratedMethodAccessor29.invoke(Unknown Source)
	at java.base/jdk.internal.reflect.DelegatingMethodAccessorImpl.invoke(DelegatingMethodAccessorImpl.java:43)
	at Register Education Partner.run(Register Education Partner:403)
	at com.kms.katalon.core.main.ScriptEngine.run(ScriptEngine.java:194)
	at com.kms.katalon.core.main.ScriptEngine.runScriptAsRawText(ScriptEngine.java:119)
	at com.kms.katalon.core.main.TestCaseExecutor.runScript(TestCaseExecutor.java:448)
	at com.kms.katalon.core.main.TestCaseExecutor.doExecute(TestCaseExecutor.java:439)
	at com.kms.katalon.core.main.TestCaseExecutor.processExecutionPhase(TestCaseExecutor.java:418)
	at com.kms.katalon.core.main.TestCaseExecutor.accessMainPhase(TestCaseExecutor.java:410)
	at com.kms.katalon.core.main.TestCaseExecutor.execute(TestCaseExecutor.java:285)
	at com.kms.katalon.core.common.CommonExecutor.accessTestCaseMainPhase(CommonExecutor.java:65)
	at com.kms.katalon.core.main.TestSuiteExecutor.accessTestSuiteMainPhase(TestSuiteExecutor.java:150)
	at com.kms.katalon.core.main.TestSuiteExecutor.execute(TestSuiteExecutor.java:106)
	at com.kms.katalon.core.main.TestCaseMain.startTestSuite(TestCaseMain.java:180)
	at TempTestSuite1740698292669.run(TempTestSuite1740698292669.groovy:35)
	at java.base/jdk.internal.reflect.NativeMethodAccessorImpl.invoke0(Native Method)
	at java.base/jdk.internal.reflect.NativeMethodAccessorImpl.invoke(NativeMethodAccessorImpl.java:77)
	at java.base/jdk.internal.reflect.DelegatingMethodAccessorImpl.invoke(DelegatingMethodAccessorImpl.java:43)


27-02-2025T17:28:55 - [TEST_STEP][PASSED] - if (fastPath): null

27-02-2025T17:28:55 - [TEST_STEP][PASSED] - tooltipImagePath = varTooltipImagePath: null

27-02-2025T17:28:55 - [TEST_STEP][PASSED] - tooltips = varTooltips: null

27-02-2025T17:28:55 - [TEST_STEP][PASSED] - tooltipText = varTooltipText: null

27-02-2025T17:28:55 - [TEST_STEP][PASSED] - testObjectFolder = varTestObjectFolder: null

27-02-2025T17:28:55 - [TEST_STEP][PASSED] - tooltipTextMap = varTooltipTextMap: null

27-02-2025T17:28:55 - [TEST_STEP][PASSED] - writeFile = false: null

27-02-2025T17:28:55 - [TEST_STEP][PASSED] - if (outFile != ""): null

27-02-2025T17:28:55 - [TEST_STEP][PASSED] - myFile = outFile: null

27-02-2025T17:28:55 - [TEST_STEP][PASSED] - println(myFile): null

27-02-2025T17:28:55 - [TEST_STEP][PASSED] - outFile = new java.io.File(myFile): null

27-02-2025T17:28:55 - [TEST_STEP][PASSED] - writeFile = true: null

27-02-2025T17:28:55 - [TEST_STEP][PASSED] - driver = getWebDriver(): null

27-02-2025T17:28:55 - [TEST_STEP][PASSED] - action = new org.openqa.selenium.interactions.Actions(driver): null

27-02-2025T17:28:55 - [TEST_STEP][PASSED] - s = new org.sikuli.script.Screen(): null

27-02-2025T17:28:55 - [TEST_STEP][PASSED] - outText = "Verifying the tooltips can be displayed.
": null

27-02-2025T17:28:55 - [TEST_STEP][PASSED] - outFile.append(outText): null

27-02-2025T17:28:55 - [TEST_STEP][PASSED] - first = true: null

27-02-2025T17:28:55 - [TEST_STEP][PASSED] - for (def it : tooltips): null

27-02-2025T17:28:55 - [TEST_STEP][PASSED] - myKey = key: null

27-02-2025T17:28:55 - [TEST_STEP][PASSED] - myValue = value: null

27-02-2025T17:28:55 - [TEST_STEP][PASSED] - println("myKey is " + myKey): null

27-02-2025T17:28:55 - [TEST_STEP][PASSED] - println("myValue is " + myValue): null

27-02-2025T17:28:55 - [TEST_STEP][PASSED] - if (myKey != "dummy"): null

27-02-2025T17:28:55 - [TEST_STEP][PASSED] - else: null

27-02-2025T17:28:55 - [TEST_STEP][PASSED] - myImage = "/Users/cckozie/git/MissionNext-Katalon-Koz/images/dummy.png": null

27-02-2025T17:28:55 - [TEST_STEP][PASSED] - f = new java.io.File(myImage): null

27-02-2025T17:28:55 - [TEST_STEP][PASSED] - if (f.exists()): null

27-02-2025T17:28:55 - [TEST_STEP][PASSED] - println("Looking for " + myImage): null

27-02-2025T17:28:55 - [TEST_STEP][PASSED] - icn = Pattern(myImage).similar(0.10): null

27-02-2025T17:28:55 - [TEST_STEP][PASSED] - found = s.exists(icn): null

27-02-2025T17:28:55 - [TEST_STEP][PASSED] - println(found): null

27-02-2025T17:28:55 - [TEST_STEP][PASSED] - if (found != null): null

27-02-2025T17:28:55 - [TEST_STEP][PASSED] - foundStr = found.toString(): null

27-02-2025T17:28:55 - [TEST_STEP][PASSED] - matchP = foundStr.indexOf("%"): null

27-02-2025T17:28:55 - [TEST_STEP][PASSED] - if (matchP >= 0): null

27-02-2025T17:28:55 - [TEST_STEP][PASSED] - println(matchP): null

27-02-2025T17:28:55 - [TEST_STEP][PASSED] - pct = foundStr.substring(matchP + 1, matchP + 6): null

27-02-2025T17:28:55 - [TEST_STEP][PASSED] - pctF = pct.toFloat(): null

27-02-2025T17:28:55 - [TEST_STEP][PASSED] - outText = "+++ Tooltip match value for " + myKey + " is " + pctF + "%": null

27-02-2025T17:28:55 - [TEST_STEP][PASSED] - min = 80: null

27-02-2025T17:28:55 - [TEST_STEP][PASSED] - if (pctF.toFloat() < min.toFloat()): null

27-02-2025T17:28:55 - [TEST_STEP][PASSED] - outText = ">>>>> " + outText + " <<<<<": null

27-02-2025T17:28:55 - [TEST_STEP][PASSED] - if (myKey != "dummy"): null

27-02-2025T17:28:55 - [TEST_STEP][PASSED] - myKey = key: null

27-02-2025T17:28:55 - [TEST_STEP][PASSED] - myValue = value: null

27-02-2025T17:28:55 - [TEST_STEP][PASSED] - println("myKey is " + myKey): null

27-02-2025T17:28:55 - [TEST_STEP][PASSED] - println("myValue is " + myValue): null

27-02-2025T17:28:55 - [TEST_STEP][PASSED] - if (myKey != "dummy"): null

27-02-2025T17:28:55 - [TEST_STEP][PASSED] - tObj = testObjectFolder + myValue: null

27-02-2025T17:28:55 - [TEST_STEP][PASSED] - click(tObj): null

27-02-2025T17:28:55 - [TEST_STEP][PASSED] - scrollToObject(object): null

27-02-2025T17:28:55 - [TEST_STEP][PASSED] - println("Converting " + object + " to web element"): null

27-02-2025T17:28:55 - [TEST_STEP][PASSED] - element = findWebElement(findTestObject(object), 1): null

27-02-2025T17:28:55 - [TEST_STEP][PASSED] - loc = element.getLocation(): null

27-02-2025T17:28:55 - [TEST_STEP][PASSED] - x = loc.getX(): null

27-02-2025T17:28:55 - [TEST_STEP][PASSED] - if (x >= 560): null

27-02-2025T17:28:55 - [TEST_STEP][PASSED] - y = loc.getY(): null

27-02-2025T17:28:55 - [TEST_STEP][PASSED] - println("Y location is " + y): null

27-02-2025T17:28:55 - [TEST_STEP][PASSED] - top = getViewportTopPosition(): Current viewport's top (y) position is 958

27-02-2025T17:28:55 - [MESSAGE][PASSED] - Current viewport's top (y) position is 958

27-02-2025T17:28:55 - [TEST_STEP][PASSED] - println("Viewport top is " + top): null

27-02-2025T17:28:55 - [TEST_STEP][PASSED] - bottom = top + 600: null

27-02-2025T17:28:55 - [TEST_STEP][PASSED] - if (y - top < 150 || bottom - y < 10): Delayed 1 second(s)

27-02-2025T17:28:55 - [TEST_STEP][PASSED] - scrollToPosition(0, y - 170): Browser is scrolled to position x = 0, y = 345

27-02-2025T17:28:55 - [MESSAGE][PASSED] - Browser is scrolled to position x = 0, y = 345

27-02-2025T17:28:55 - [TEST_STEP][PASSED] - delay(1): Delayed 1 second(s)

27-02-2025T17:28:56 - [MESSAGE][PASSED] - Delayed 1 second(s)

27-02-2025T17:28:56 - [TEST_STEP][PASSED] - click(findTestObject(object)): null

27-02-2025T17:28:56 - [MESSAGE][PASSED] - Object: 'Object Repository/Education partner Profile/Tabs/Contact Info/img_Organization_field-tooltip' is clicked on

27-02-2025T17:28:56 - [TEST_STEP][PASSED] - delay(1): Delayed 1 second(s)

27-02-2025T17:28:57 - [MESSAGE][PASSED] - Delayed 1 second(s)

27-02-2025T17:28:57 - [TEST_STEP][PASSED] - myImage = tooltipImagePath + myKey + ".png": null

27-02-2025T17:28:57 - [TEST_STEP][PASSED] - f = new java.io.File(myImage): null

27-02-2025T17:28:57 - [TEST_STEP][PASSED] - if (f.exists()): null

27-02-2025T17:28:57 - [TEST_STEP][PASSED] - println("Looking for " + myImage): null

27-02-2025T17:28:57 - [TEST_STEP][PASSED] - icn = Pattern(myImage).similar(0.10): null

27-02-2025T17:28:57 - [TEST_STEP][PASSED] - found = s.exists(icn): null

27-02-2025T17:28:58 - [TEST_STEP][PASSED] - println(found): null

27-02-2025T17:28:58 - [TEST_STEP][PASSED] - if (found != null): null

27-02-2025T17:28:58 - [TEST_STEP][PASSED] - foundStr = found.toString(): null

27-02-2025T17:28:58 - [TEST_STEP][PASSED] - matchP = foundStr.indexOf("%"): null

27-02-2025T17:28:58 - [TEST_STEP][PASSED] - if (matchP >= 0): null

27-02-2025T17:28:58 - [TEST_STEP][PASSED] - println(matchP): null

27-02-2025T17:28:58 - [TEST_STEP][PASSED] - pct = foundStr.substring(matchP + 1, matchP + 6): null

27-02-2025T17:28:58 - [TEST_STEP][PASSED] - pctF = pct.toFloat(): null

27-02-2025T17:28:58 - [TEST_STEP][PASSED] - outText = "+++ Tooltip match value for " + myKey + " is " + pctF + "%": null

27-02-2025T17:28:58 - [TEST_STEP][PASSED] - min = 80: null

27-02-2025T17:28:58 - [TEST_STEP][PASSED] - if (pctF.toFloat() < min.toFloat()): null

27-02-2025T17:28:58 - [TEST_STEP][PASSED] - if (myKey != "dummy"): null

27-02-2025T17:28:58 - [TEST_STEP][PASSED] - println(outText): null

27-02-2025T17:28:58 - [TEST_STEP][PASSED] - outFile.append(outText + "
"): null

27-02-2025T17:28:58 - [TEST_STEP][PASSED] - myKey = key: null

27-02-2025T17:28:58 - [TEST_STEP][PASSED] - myValue = value: null

27-02-2025T17:28:58 - [TEST_STEP][PASSED] - println("myKey is " + myKey): null

27-02-2025T17:28:58 - [TEST_STEP][PASSED] - println("myValue is " + myValue): null

27-02-2025T17:28:58 - [TEST_STEP][PASSED] - if (myKey != "dummy"): null

27-02-2025T17:28:58 - [TEST_STEP][PASSED] - tObj = testObjectFolder + myValue: null

27-02-2025T17:28:58 - [TEST_STEP][PASSED] - click(tObj): null

27-02-2025T17:28:58 - [TEST_STEP][PASSED] - scrollToObject(object): null

27-02-2025T17:28:58 - [TEST_STEP][PASSED] - println("Converting " + object + " to web element"): null

27-02-2025T17:28:58 - [TEST_STEP][PASSED] - element = findWebElement(findTestObject(object), 1): null

27-02-2025T17:28:58 - [TEST_STEP][PASSED] - loc = element.getLocation(): null

27-02-2025T17:28:58 - [TEST_STEP][PASSED] - x = loc.getX(): null

27-02-2025T17:28:58 - [TEST_STEP][PASSED] - if (x >= 560): null

27-02-2025T17:28:58 - [TEST_STEP][PASSED] - y = loc.getY(): null

27-02-2025T17:28:58 - [TEST_STEP][PASSED] - println("Y location is " + y): null

27-02-2025T17:28:58 - [TEST_STEP][PASSED] - top = getViewportTopPosition(): Current viewport's top (y) position is 345

27-02-2025T17:28:58 - [MESSAGE][PASSED] - Current viewport's top (y) position is 345

27-02-2025T17:28:58 - [TEST_STEP][PASSED] - println("Viewport top is " + top): null

27-02-2025T17:28:58 - [TEST_STEP][PASSED] - bottom = top + 600: null

27-02-2025T17:28:58 - [TEST_STEP][PASSED] - if (y - top < 150 || bottom - y < 10): null

27-02-2025T17:28:58 - [TEST_STEP][PASSED] - click(findTestObject(object)): null

27-02-2025T17:28:58 - [MESSAGE][PASSED] - Object: 'Object Repository/Education partner Profile/Tabs/Contact Info/img_Abbreviation_field-tooltip' is clicked on

27-02-2025T17:28:58 - [TEST_STEP][PASSED] - delay(1): Delayed 1 second(s)

27-02-2025T17:28:59 - [MESSAGE][PASSED] - Delayed 1 second(s)

27-02-2025T17:28:59 - [TEST_STEP][PASSED] - myImage = tooltipImagePath + myKey + ".png": null

27-02-2025T17:28:59 - [TEST_STEP][PASSED] - f = new java.io.File(myImage): null

27-02-2025T17:28:59 - [TEST_STEP][PASSED] - if (f.exists()): null

27-02-2025T17:28:59 - [TEST_STEP][PASSED] - println("Looking for " + myImage): null

27-02-2025T17:28:59 - [TEST_STEP][PASSED] - icn = Pattern(myImage).similar(0.10): null

27-02-2025T17:28:59 - [TEST_STEP][PASSED] - found = s.exists(icn): null

27-02-2025T17:28:59 - [TEST_STEP][PASSED] - println(found): null

27-02-2025T17:28:59 - [TEST_STEP][PASSED] - if (found != null): null

27-02-2025T17:28:59 - [TEST_STEP][PASSED] - foundStr = found.toString(): null

27-02-2025T17:28:59 - [TEST_STEP][PASSED] - matchP = foundStr.indexOf("%"): null

27-02-2025T17:28:59 - [TEST_STEP][PASSED] - if (matchP >= 0): null

27-02-2025T17:28:59 - [TEST_STEP][PASSED] - println(matchP): null

27-02-2025T17:28:59 - [TEST_STEP][PASSED] - pct = foundStr.substring(matchP + 1, matchP + 6): null

27-02-2025T17:28:59 - [TEST_STEP][PASSED] - pctF = pct.toFloat(): null

27-02-2025T17:28:59 - [TEST_STEP][PASSED] - outText = "+++ Tooltip match value for " + myKey + " is " + pctF + "%": null

27-02-2025T17:28:59 - [TEST_STEP][PASSED] - min = 80: null

27-02-2025T17:28:59 - [TEST_STEP][PASSED] - if (pctF.toFloat() < min.toFloat()): null

27-02-2025T17:28:59 - [TEST_STEP][PASSED] - if (myKey != "dummy"): null

27-02-2025T17:28:59 - [TEST_STEP][PASSED] - println(outText): null

27-02-2025T17:28:59 - [TEST_STEP][PASSED] - outFile.append(outText + "
"): null

27-02-2025T17:28:59 - [TEST_STEP][PASSED] - myKey = key: null

27-02-2025T17:28:59 - [TEST_STEP][PASSED] - myValue = value: null

27-02-2025T17:28:59 - [TEST_STEP][PASSED] - println("myKey is " + myKey): null

27-02-2025T17:28:59 - [TEST_STEP][PASSED] - println("myValue is " + myValue): null

27-02-2025T17:28:59 - [TEST_STEP][PASSED] - if (myKey != "dummy"): null

27-02-2025T17:28:59 - [TEST_STEP][PASSED] - tObj = testObjectFolder + myValue: null

27-02-2025T17:28:59 - [TEST_STEP][PASSED] - click(tObj): null

27-02-2025T17:28:59 - [TEST_STEP][PASSED] - scrollToObject(object): null

27-02-2025T17:28:59 - [TEST_STEP][PASSED] - println("Converting " + object + " to web element"): null

27-02-2025T17:28:59 - [TEST_STEP][PASSED] - element = findWebElement(findTestObject(object), 1): null

27-02-2025T17:28:59 - [TEST_STEP][PASSED] - loc = element.getLocation(): null

27-02-2025T17:28:59 - [TEST_STEP][PASSED] - x = loc.getX(): null

27-02-2025T17:28:59 - [TEST_STEP][PASSED] - if (x >= 560): null

27-02-2025T17:28:59 - [TEST_STEP][PASSED] - y = loc.getY(): null

27-02-2025T17:28:59 - [TEST_STEP][PASSED] - println("Y location is " + y): null

27-02-2025T17:28:59 - [TEST_STEP][PASSED] - top = getViewportTopPosition(): Current viewport's top (y) position is 345

27-02-2025T17:28:59 - [MESSAGE][PASSED] - Current viewport's top (y) position is 345

27-02-2025T17:28:59 - [TEST_STEP][PASSED] - println("Viewport top is " + top): null

27-02-2025T17:28:59 - [TEST_STEP][PASSED] - bottom = top + 600: null

27-02-2025T17:28:59 - [TEST_STEP][PASSED] - if (y - top < 150 || bottom - y < 10): null

27-02-2025T17:28:59 - [TEST_STEP][PASSED] - click(findTestObject(object)): null

27-02-2025T17:28:59 - [MESSAGE][PASSED] - Object: 'Object Repository/Education partner Profile/Tabs/Contact Info/img_Key Contact Email_field-tooltip' is clicked on

27-02-2025T17:28:59 - [TEST_STEP][PASSED] - delay(1): Delayed 1 second(s)

27-02-2025T17:29:00 - [MESSAGE][PASSED] - Delayed 1 second(s)

27-02-2025T17:29:00 - [TEST_STEP][PASSED] - myImage = tooltipImagePath + myKey + ".png": null

27-02-2025T17:29:00 - [TEST_STEP][PASSED] - f = new java.io.File(myImage): null

27-02-2025T17:29:00 - [TEST_STEP][PASSED] - if (f.exists()): null

27-02-2025T17:29:00 - [TEST_STEP][PASSED] - println("Looking for " + myImage): null

27-02-2025T17:29:00 - [TEST_STEP][PASSED] - icn = Pattern(myImage).similar(0.10): null

27-02-2025T17:29:00 - [TEST_STEP][PASSED] - found = s.exists(icn): null

27-02-2025T17:29:00 - [TEST_STEP][PASSED] - println(found): null

27-02-2025T17:29:00 - [TEST_STEP][PASSED] - if (found != null): null

27-02-2025T17:29:00 - [TEST_STEP][PASSED] - foundStr = found.toString(): null

27-02-2025T17:29:00 - [TEST_STEP][PASSED] - matchP = foundStr.indexOf("%"): null

27-02-2025T17:29:00 - [TEST_STEP][PASSED] - if (matchP >= 0): null

27-02-2025T17:29:00 - [TEST_STEP][PASSED] - println(matchP): null

27-02-2025T17:29:00 - [TEST_STEP][PASSED] - pct = foundStr.substring(matchP + 1, matchP + 6): null

27-02-2025T17:29:00 - [TEST_STEP][PASSED] - pctF = pct.toFloat(): null

27-02-2025T17:29:00 - [TEST_STEP][PASSED] - outText = "+++ Tooltip match value for " + myKey + " is " + pctF + "%": null

27-02-2025T17:29:00 - [TEST_STEP][PASSED] - min = 80: null

27-02-2025T17:29:00 - [TEST_STEP][PASSED] - if (pctF.toFloat() < min.toFloat()): null

27-02-2025T17:29:00 - [TEST_STEP][PASSED] - if (myKey != "dummy"): null

27-02-2025T17:29:00 - [TEST_STEP][PASSED] - println(outText): null

27-02-2025T17:29:00 - [TEST_STEP][PASSED] - outFile.append(outText + "
"): null

27-02-2025T17:29:00 - [TEST_STEP][PASSED] - myKey = key: null

27-02-2025T17:29:00 - [TEST_STEP][PASSED] - myValue = value: null

27-02-2025T17:29:00 - [TEST_STEP][PASSED] - println("myKey is " + myKey): null

27-02-2025T17:29:00 - [TEST_STEP][PASSED] - println("myValue is " + myValue): null

27-02-2025T17:29:00 - [TEST_STEP][PASSED] - if (myKey != "dummy"): null

27-02-2025T17:29:00 - [TEST_STEP][PASSED] - tObj = testObjectFolder + myValue: null

27-02-2025T17:29:00 - [TEST_STEP][PASSED] - click(tObj): null

27-02-2025T17:29:00 - [TEST_STEP][PASSED] - scrollToObject(object): null

27-02-2025T17:29:00 - [TEST_STEP][PASSED] - println("Converting " + object + " to web element"): null

27-02-2025T17:29:00 - [TEST_STEP][PASSED] - element = findWebElement(findTestObject(object), 1): null

27-02-2025T17:29:00 - [TEST_STEP][PASSED] - loc = element.getLocation(): null

27-02-2025T17:29:00 - [TEST_STEP][PASSED] - x = loc.getX(): null

27-02-2025T17:29:00 - [TEST_STEP][PASSED] - if (x >= 560): null

27-02-2025T17:29:00 - [TEST_STEP][PASSED] - y = loc.getY(): null

27-02-2025T17:29:00 - [TEST_STEP][PASSED] - println("Y location is " + y): null

27-02-2025T17:29:00 - [TEST_STEP][PASSED] - top = getViewportTopPosition(): Current viewport's top (y) position is 345

27-02-2025T17:29:00 - [MESSAGE][PASSED] - Current viewport's top (y) position is 345

27-02-2025T17:29:00 - [TEST_STEP][PASSED] - println("Viewport top is " + top): null

27-02-2025T17:29:00 - [TEST_STEP][PASSED] - bottom = top + 600: null

27-02-2025T17:29:00 - [TEST_STEP][PASSED] - if (y - top < 150 || bottom - y < 10): null

27-02-2025T17:29:00 - [TEST_STEP][PASSED] - click(findTestObject(object)): null

27-02-2025T17:29:00 - [MESSAGE][PASSED] - Object: 'Object Repository/Education partner Profile/Tabs/Contact Info/img_Mailing Address_field-tooltip' is clicked on

27-02-2025T17:29:00 - [TEST_STEP][PASSED] - delay(1): Delayed 1 second(s)

27-02-2025T17:29:01 - [MESSAGE][PASSED] - Delayed 1 second(s)

27-02-2025T17:29:01 - [TEST_STEP][PASSED] - myImage = tooltipImagePath + myKey + ".png": null

27-02-2025T17:29:01 - [TEST_STEP][PASSED] - f = new java.io.File(myImage): null

27-02-2025T17:29:01 - [TEST_STEP][PASSED] - if (f.exists()): null

27-02-2025T17:29:01 - [TEST_STEP][PASSED] - println("Looking for " + myImage): null

27-02-2025T17:29:01 - [TEST_STEP][PASSED] - icn = Pattern(myImage).similar(0.10): null

27-02-2025T17:29:01 - [TEST_STEP][PASSED] - found = s.exists(icn): null

27-02-2025T17:29:01 - [TEST_STEP][PASSED] - println(found): null

27-02-2025T17:29:01 - [TEST_STEP][PASSED] - if (found != null): null

27-02-2025T17:29:01 - [TEST_STEP][PASSED] - foundStr = found.toString(): null

27-02-2025T17:29:01 - [TEST_STEP][PASSED] - matchP = foundStr.indexOf("%"): null

27-02-2025T17:29:01 - [TEST_STEP][PASSED] - if (matchP >= 0): null

27-02-2025T17:29:01 - [TEST_STEP][PASSED] - println(matchP): null

27-02-2025T17:29:01 - [TEST_STEP][PASSED] - pct = foundStr.substring(matchP + 1, matchP + 6): null

27-02-2025T17:29:01 - [TEST_STEP][PASSED] - pctF = pct.toFloat(): null

27-02-2025T17:29:01 - [TEST_STEP][PASSED] - outText = "+++ Tooltip match value for " + myKey + " is " + pctF + "%": null

27-02-2025T17:29:01 - [TEST_STEP][PASSED] - min = 80: null

27-02-2025T17:29:01 - [TEST_STEP][PASSED] - if (pctF.toFloat() < min.toFloat()): null

27-02-2025T17:29:01 - [TEST_STEP][PASSED] - if (myKey != "dummy"): null

27-02-2025T17:29:01 - [TEST_STEP][PASSED] - println(outText): null

27-02-2025T17:29:01 - [TEST_STEP][PASSED] - outFile.append(outText + "
"): null

27-02-2025T17:29:01 - [TEST_STEP][PASSED] - myKey = key: null

27-02-2025T17:29:01 - [TEST_STEP][PASSED] - myValue = value: null

27-02-2025T17:29:01 - [TEST_STEP][PASSED] - println("myKey is " + myKey): null

27-02-2025T17:29:01 - [TEST_STEP][PASSED] - println("myValue is " + myValue): null

27-02-2025T17:29:01 - [TEST_STEP][PASSED] - if (myKey != "dummy"): null

27-02-2025T17:29:01 - [TEST_STEP][PASSED] - tObj = testObjectFolder + myValue: null

27-02-2025T17:29:01 - [TEST_STEP][PASSED] - click(tObj): null

27-02-2025T17:29:01 - [TEST_STEP][PASSED] - scrollToObject(object): null

27-02-2025T17:29:01 - [TEST_STEP][PASSED] - println("Converting " + object + " to web element"): null

27-02-2025T17:29:01 - [TEST_STEP][PASSED] - element = findWebElement(findTestObject(object), 1): null

27-02-2025T17:29:01 - [TEST_STEP][PASSED] - loc = element.getLocation(): null

27-02-2025T17:29:01 - [TEST_STEP][PASSED] - x = loc.getX(): null

27-02-2025T17:29:01 - [TEST_STEP][PASSED] - if (x >= 560): null

27-02-2025T17:29:01 - [TEST_STEP][PASSED] - y = loc.getY(): null

27-02-2025T17:29:01 - [TEST_STEP][PASSED] - println("Y location is " + y): null

27-02-2025T17:29:01 - [TEST_STEP][PASSED] - top = getViewportTopPosition(): Current viewport's top (y) position is 345

27-02-2025T17:29:01 - [MESSAGE][PASSED] - Current viewport's top (y) position is 345

27-02-2025T17:29:01 - [TEST_STEP][PASSED] - println("Viewport top is " + top): null

27-02-2025T17:29:01 - [TEST_STEP][PASSED] - bottom = top + 600: null

27-02-2025T17:29:01 - [TEST_STEP][PASSED] - if (y - top < 150 || bottom - y < 10): Delayed 1 second(s)

27-02-2025T17:29:01 - [TEST_STEP][PASSED] - scrollToPosition(0, y - 170): Browser is scrolled to position x = 0, y = 867

27-02-2025T17:29:01 - [MESSAGE][PASSED] - Browser is scrolled to position x = 0, y = 867

27-02-2025T17:29:01 - [TEST_STEP][PASSED] - delay(1): Delayed 1 second(s)

27-02-2025T17:29:02 - [MESSAGE][PASSED] - Delayed 1 second(s)

27-02-2025T17:29:02 - [TEST_STEP][PASSED] - click(findTestObject(object)): null

27-02-2025T17:29:02 - [MESSAGE][PASSED] - Object: 'Object Repository/Education partner Profile/Tabs/Contact Info/img_Organization City_field-tooltip' is clicked on

27-02-2025T17:29:02 - [TEST_STEP][PASSED] - delay(1): Delayed 1 second(s)

27-02-2025T17:29:03 - [MESSAGE][PASSED] - Delayed 1 second(s)

27-02-2025T17:29:03 - [TEST_STEP][PASSED] - myImage = tooltipImagePath + myKey + ".png": null

27-02-2025T17:29:03 - [TEST_STEP][PASSED] - f = new java.io.File(myImage): null

27-02-2025T17:29:03 - [TEST_STEP][PASSED] - if (f.exists()): null

27-02-2025T17:29:03 - [TEST_STEP][PASSED] - println("Looking for " + myImage): null

27-02-2025T17:29:03 - [TEST_STEP][PASSED] - icn = Pattern(myImage).similar(0.10): null

27-02-2025T17:29:03 - [TEST_STEP][PASSED] - found = s.exists(icn): null

27-02-2025T17:29:03 - [TEST_STEP][PASSED] - println(found): null

27-02-2025T17:29:03 - [TEST_STEP][PASSED] - if (found != null): null

27-02-2025T17:29:03 - [TEST_STEP][PASSED] - foundStr = found.toString(): null

27-02-2025T17:29:03 - [TEST_STEP][PASSED] - matchP = foundStr.indexOf("%"): null

27-02-2025T17:29:03 - [TEST_STEP][PASSED] - if (matchP >= 0): null

27-02-2025T17:29:03 - [TEST_STEP][PASSED] - println(matchP): null

27-02-2025T17:29:03 - [TEST_STEP][PASSED] - pct = foundStr.substring(matchP + 1, matchP + 6): null

27-02-2025T17:29:03 - [TEST_STEP][PASSED] - pctF = pct.toFloat(): null

27-02-2025T17:29:03 - [TEST_STEP][PASSED] - outText = "+++ Tooltip match value for " + myKey + " is " + pctF + "%": null

27-02-2025T17:29:03 - [TEST_STEP][PASSED] - min = 80: null

27-02-2025T17:29:03 - [TEST_STEP][PASSED] - if (pctF.toFloat() < min.toFloat()): null

27-02-2025T17:29:03 - [TEST_STEP][PASSED] - if (myKey != "dummy"): null

27-02-2025T17:29:03 - [TEST_STEP][PASSED] - println(outText): null

27-02-2025T17:29:03 - [TEST_STEP][PASSED] - outFile.append(outText + "
"): null

27-02-2025T17:29:03 - [TEST_STEP][PASSED] - myKey = key: null

27-02-2025T17:29:03 - [TEST_STEP][PASSED] - myValue = value: null

27-02-2025T17:29:03 - [TEST_STEP][PASSED] - println("myKey is " + myKey): null

27-02-2025T17:29:03 - [TEST_STEP][PASSED] - println("myValue is " + myValue): null

27-02-2025T17:29:03 - [TEST_STEP][PASSED] - if (myKey != "dummy"): null

27-02-2025T17:29:03 - [TEST_STEP][PASSED] - tObj = testObjectFolder + myValue: null

27-02-2025T17:29:03 - [TEST_STEP][PASSED] - click(tObj): null

27-02-2025T17:29:03 - [TEST_STEP][PASSED] - scrollToObject(object): null

27-02-2025T17:29:03 - [TEST_STEP][PASSED] - println("Converting " + object + " to web element"): null

27-02-2025T17:29:03 - [TEST_STEP][PASSED] - element = findWebElement(findTestObject(object), 1): null

27-02-2025T17:29:04 - [TEST_STEP][PASSED] - loc = element.getLocation(): null

27-02-2025T17:29:04 - [TEST_STEP][PASSED] - x = loc.getX(): null

27-02-2025T17:29:04 - [TEST_STEP][PASSED] - if (x >= 560): null

27-02-2025T17:29:04 - [TEST_STEP][PASSED] - y = loc.getY(): null

27-02-2025T17:29:04 - [TEST_STEP][PASSED] - println("Y location is " + y): null

27-02-2025T17:29:04 - [TEST_STEP][PASSED] - top = getViewportTopPosition(): Current viewport's top (y) position is 867

27-02-2025T17:29:04 - [MESSAGE][PASSED] - Current viewport's top (y) position is 867

27-02-2025T17:29:04 - [TEST_STEP][PASSED] - println("Viewport top is " + top): null

27-02-2025T17:29:04 - [TEST_STEP][PASSED] - bottom = top + 600: null

27-02-2025T17:29:04 - [TEST_STEP][PASSED] - if (y - top < 150 || bottom - y < 10): null

27-02-2025T17:29:04 - [TEST_STEP][PASSED] - click(findTestObject(object)): null

27-02-2025T17:29:04 - [MESSAGE][PASSED] - Object: 'Object Repository/Education partner Profile/Tabs/Contact Info/img_PostZip Code_field-tooltip' is clicked on

27-02-2025T17:29:04 - [TEST_STEP][PASSED] - delay(1): Delayed 1 second(s)

27-02-2025T17:29:05 - [MESSAGE][PASSED] - Delayed 1 second(s)

27-02-2025T17:29:05 - [TEST_STEP][PASSED] - myImage = tooltipImagePath + myKey + ".png": null

27-02-2025T17:29:05 - [TEST_STEP][PASSED] - f = new java.io.File(myImage): null

27-02-2025T17:29:05 - [TEST_STEP][PASSED] - if (f.exists()): null

27-02-2025T17:29:05 - [TEST_STEP][PASSED] - println("Looking for " + myImage): null

27-02-2025T17:29:05 - [TEST_STEP][PASSED] - icn = Pattern(myImage).similar(0.10): null

27-02-2025T17:29:05 - [TEST_STEP][PASSED] - found = s.exists(icn): null

27-02-2025T17:29:05 - [TEST_STEP][PASSED] - println(found): null

27-02-2025T17:29:05 - [TEST_STEP][PASSED] - if (found != null): null

27-02-2025T17:29:05 - [TEST_STEP][PASSED] - foundStr = found.toString(): null

27-02-2025T17:29:05 - [TEST_STEP][PASSED] - matchP = foundStr.indexOf("%"): null

27-02-2025T17:29:05 - [TEST_STEP][PASSED] - if (matchP >= 0): null

27-02-2025T17:29:05 - [TEST_STEP][PASSED] - println(matchP): null

27-02-2025T17:29:05 - [TEST_STEP][PASSED] - pct = foundStr.substring(matchP + 1, matchP + 6): null

27-02-2025T17:29:05 - [TEST_STEP][PASSED] - pctF = pct.toFloat(): null

27-02-2025T17:29:05 - [TEST_STEP][PASSED] - outText = "+++ Tooltip match value for " + myKey + " is " + pctF + "%": null

27-02-2025T17:29:05 - [TEST_STEP][PASSED] - min = 80: null

27-02-2025T17:29:05 - [TEST_STEP][PASSED] - if (pctF.toFloat() < min.toFloat()): null

27-02-2025T17:29:05 - [TEST_STEP][PASSED] - if (myKey != "dummy"): null

27-02-2025T17:29:05 - [TEST_STEP][PASSED] - println(outText): null

27-02-2025T17:29:05 - [TEST_STEP][PASSED] - outFile.append(outText + "
"): null

27-02-2025T17:29:05 - [TEST_STEP][PASSED] - outText = "Verifying the tooltip text on the page is what was expected.
": null

27-02-2025T17:29:05 - [TEST_STEP][PASSED] - println(tooltipTextMap): null

27-02-2025T17:29:05 - [TEST_STEP][PASSED] - outFile.append(outText): null

27-02-2025T17:29:05 - [TEST_STEP][ERROR] - for (def it : tooltipText): Test Cases/_Functions/Test Tooltips FAILED.
Reason:
java.lang.NullPointerException: Cannot invoke method replace() on null object
	at Test Tooltips.run(Test Tooltips:191)
	at com.kms.katalon.core.main.ScriptEngine.run(ScriptEngine.java:194)
	at com.kms.katalon.core.main.ScriptEngine.runScriptAsRawText(ScriptEngine.java:119)
	at com.kms.katalon.core.main.TestCaseExecutor.runScript(TestCaseExecutor.java:448)
	at com.kms.katalon.core.main.TestCaseExecutor.doExecute(TestCaseExecutor.java:439)
	at com.kms.katalon.core.main.TestCaseExecutor.processExecutionPhase(TestCaseExecutor.java:418)
	at com.kms.katalon.core.main.TestCaseExecutor.accessMainPhase(TestCaseExecutor.java:410)
	at com.kms.katalon.core.main.TestCaseExecutor.execute(TestCaseExecutor.java:285)
	at com.kms.katalon.core.main.TestCaseMain.runTestCase(TestCaseMain.java:137)
	at com.kms.katalon.core.keyword.builtin.CallTestCaseKeyword$_callTestCase_closure1.doCall(CallTestCaseKeyword.groovy:59)
	at com.kms.katalon.core.keyword.builtin.CallTestCaseKeyword$_callTestCase_closure1.call(CallTestCaseKeyword.groovy)
	at com.kms.katalon.core.keyword.internal.KeywordMain.runKeyword(KeywordMain.groovy:75)
	at com.kms.katalon.core.keyword.builtin.CallTestCaseKeyword.callTestCase(CallTestCaseKeyword.groovy:81)
	at com.kms.katalon.core.keyword.builtin.CallTestCaseKeyword.execute(CallTestCaseKeyword.groovy:44)
	at com.kms.katalon.core.keyword.internal.KeywordExecutor.executeKeywordForPlatform(KeywordExecutor.groovy:74)
	at com.kms.katalon.core.keyword.BuiltinKeywords.callTestCase(BuiltinKeywords.groovy:310)
	at jdk.internal.reflect.GeneratedMethodAccessor29.invoke(Unknown Source)
	at java.base/jdk.internal.reflect.DelegatingMethodAccessorImpl.invoke(DelegatingMethodAccessorImpl.java:43)
	at Set Contact Info.run(Set Contact Info:79)
	at com.kms.katalon.core.main.ScriptEngine.run(ScriptEngine.java:194)
	at com.kms.katalon.core.main.ScriptEngine.runScriptAsRawText(ScriptEngine.java:119)
	at com.kms.katalon.core.main.TestCaseExecutor.runScript(TestCaseExecutor.java:448)
	at com.kms.katalon.core.main.TestCaseExecutor.doExecute(TestCaseExecutor.java:439)
	at com.kms.katalon.core.main.TestCaseExecutor.processExecutionPhase(TestCaseExecutor.java:418)
	at com.kms.katalon.core.main.TestCaseExecutor.accessMainPhase(TestCaseExecutor.java:410)
	at com.kms.katalon.core.main.TestCaseExecutor.execute(TestCaseExecutor.java:285)
	at com.kms.katalon.core.main.TestCaseMain.runTestCase(TestCaseMain.java:137)
	at com.kms.katalon.core.keyword.builtin.CallTestCaseKeyword$_callTestCase_closure1.doCall(CallTestCaseKeyword.groovy:59)
	at com.kms.katalon.core.keyword.builtin.CallTestCaseKeyword$_callTestCase_closure1.call(CallTestCaseKeyword.groovy)
	at com.kms.katalon.core.keyword.internal.KeywordMain.runKeyword(KeywordMain.groovy:75)
	at com.kms.katalon.core.keyword.builtin.CallTestCaseKeyword.callTestCase(CallTestCaseKeyword.groovy:81)
	at com.kms.katalon.core.keyword.builtin.CallTestCaseKeyword.execute(CallTestCaseKeyword.groovy:44)
	at com.kms.katalon.core.keyword.internal.KeywordExecutor.executeKeywordForPlatform(KeywordExecutor.groovy:74)
	at com.kms.katalon.core.keyword.BuiltinKeywords.callTestCase(BuiltinKeywords.groovy:310)
	at jdk.internal.reflect.GeneratedMethodAccessor29.invoke(Unknown Source)
	at java.base/jdk.internal.reflect.DelegatingMethodAccessorImpl.invoke(DelegatingMethodAccessorImpl.java:43)
	at Complete Education Partner Profile.run(Complete Education Partner Profile:97)
	at com.kms.katalon.core.main.ScriptEngine.run(ScriptEngine.java:194)
	at com.kms.katalon.core.main.ScriptEngine.runScriptAsRawText(ScriptEngine.java:119)
	at com.kms.katalon.core.main.TestCaseExecutor.runScript(TestCaseExecutor.java:448)
	at com.kms.katalon.core.main.TestCaseExecutor.doExecute(TestCaseExecutor.java:439)
	at com.kms.katalon.core.main.TestCaseExecutor.processExecutionPhase(TestCaseExecutor.java:418)
	at com.kms.katalon.core.main.TestCaseExecutor.accessMainPhase(TestCaseExecutor.java:410)
	at com.kms.katalon.core.main.TestCaseExecutor.execute(TestCaseExecutor.java:285)
	at com.kms.katalon.core.main.TestCaseMain.runTestCase(TestCaseMain.java:137)
	at com.kms.katalon.core.keyword.builtin.CallTestCaseKeyword$_callTestCase_closure1.doCall(CallTestCaseKeyword.groovy:59)
	at com.kms.katalon.core.keyword.builtin.CallTestCaseKeyword$_callTestCase_closure1.call(CallTestCaseKeyword.groovy)
	at com.kms.katalon.core.keyword.internal.KeywordMain.runKeyword(KeywordMain.groovy:75)
	at com.kms.katalon.core.keyword.builtin.CallTestCaseKeyword.callTestCase(CallTestCaseKeyword.groovy:81)
	at com.kms.katalon.core.keyword.builtin.CallTestCaseKeyword.execute(CallTestCaseKeyword.groovy:44)
	at com.kms.katalon.core.keyword.internal.KeywordExecutor.executeKeywordForPlatform(KeywordExecutor.groovy:74)
	at com.kms.katalon.core.keyword.BuiltinKeywords.callTestCase(BuiltinKeywords.groovy:310)
	at jdk.internal.reflect.GeneratedMethodAccessor29.invoke(Unknown Source)
	at java.base/jdk.internal.reflect.DelegatingMethodAccessorImpl.invoke(DelegatingMethodAccessorImpl.java:43)
	at Register Education Partner.run(Register Education Partner:403)
	at com.kms.katalon.core.main.ScriptEngine.run(ScriptEngine.java:194)
	at com.kms.katalon.core.main.ScriptEngine.runScriptAsRawText(ScriptEngine.java:119)
	at com.kms.katalon.core.main.TestCaseExecutor.runScript(TestCaseExecutor.java:448)
	at com.kms.katalon.core.main.TestCaseExecutor.doExecute(TestCaseExecutor.java:439)
	at com.kms.katalon.core.main.TestCaseExecutor.processExecutionPhase(TestCaseExecutor.java:418)
	at com.kms.katalon.core.main.TestCaseExecutor.accessMainPhase(TestCaseExecutor.java:410)
	at com.kms.katalon.core.main.TestCaseExecutor.execute(TestCaseExecutor.java:285)
	at com.kms.katalon.core.common.CommonExecutor.accessTestCaseMainPhase(CommonExecutor.java:65)
	at com.kms.katalon.core.main.TestSuiteExecutor.accessTestSuiteMainPhase(TestSuiteExecutor.java:150)
	at com.kms.katalon.core.main.TestSuiteExecutor.execute(TestSuiteExecutor.java:106)
	at com.kms.katalon.core.main.TestCaseMain.startTestSuite(TestCaseMain.java:180)
	at TempTestSuite1740698292669.run(TempTestSuite1740698292669.groovy:35)
	at java.base/jdk.internal.reflect.NativeMethodAccessorImpl.invoke0(Native Method)
	at java.base/jdk.internal.reflect.NativeMethodAccessorImpl.invoke(NativeMethodAccessorImpl.java:77)
	at java.base/jdk.internal.reflect.DelegatingMethodAccessorImpl.invoke(DelegatingMethodAccessorImpl.java:43)


27-02-2025T17:29:05 - [TEST_STEP][PASSED] - println(it): null

27-02-2025T17:29:05 - [TEST_STEP][PASSED] - myKey = key: null

27-02-2025T17:29:05 - [TEST_STEP][PASSED] - myText = value.replace(""", ""): null

27-02-2025T17:29:05 - [TEST_STEP][PASSED] - myText = myText.trim(): null

27-02-2025T17:29:05 - [TEST_STEP][PASSED] - println(myKey): null

27-02-2025T17:29:05 - [TEST_STEP][PASSED] - println(myText): null

27-02-2025T17:29:05 - [TEST_STEP][PASSED] - println(tooltipTextMap.get(myKey)): null

27-02-2025T17:29:05 - [TEST_STEP][PASSED] - actualText = get(myKey).replace(""", ""): null

27-02-2025T17:29:05 - [TEST_STEP][PASSED] - actualText = actualText.trim(): null

27-02-2025T17:29:05 - [TEST_STEP][PASSED] - println(myKey + ":" + actualText): null

27-02-2025T17:29:05 - [TEST_STEP][PASSED] - if (actualText != myText): null

27-02-2025T17:29:05 - [TEST_STEP][PASSED] - println(it): null

27-02-2025T17:29:05 - [TEST_STEP][PASSED] - myKey = key: null

27-02-2025T17:29:05 - [TEST_STEP][PASSED] - myText = value.replace(""", ""): null

27-02-2025T17:29:05 - [TEST_STEP][PASSED] - myText = myText.trim(): null

27-02-2025T17:29:05 - [TEST_STEP][PASSED] - println(myKey): null

27-02-2025T17:29:05 - [TEST_STEP][PASSED] - println(myText): null

27-02-2025T17:29:05 - [TEST_STEP][PASSED] - println(tooltipTextMap.get(myKey)): null

27-02-2025T17:29:05 - [TEST_STEP][PASSED] - actualText = get(myKey).replace(""", ""): null

27-02-2025T17:29:05 - [TEST_STEP][PASSED] - actualText = actualText.trim(): null

27-02-2025T17:29:05 - [TEST_STEP][PASSED] - println(myKey + ":" + actualText): null

27-02-2025T17:29:05 - [TEST_STEP][PASSED] - if (actualText != myText): null

27-02-2025T17:29:05 - [TEST_STEP][PASSED] - println(it): null

27-02-2025T17:29:05 - [TEST_STEP][PASSED] - myKey = key: null

27-02-2025T17:29:05 - [TEST_STEP][PASSED] - myText = value.replace(""", ""): null

27-02-2025T17:29:05 - [TEST_STEP][PASSED] - myText = myText.trim(): null

27-02-2025T17:29:05 - [TEST_STEP][PASSED] - println(myKey): null

27-02-2025T17:29:05 - [TEST_STEP][PASSED] - println(myText): null

27-02-2025T17:29:05 - [TEST_STEP][PASSED] - println(tooltipTextMap.get(myKey)): null

27-02-2025T17:29:05 - [TEST_STEP][PASSED] - actualText = get(myKey).replace(""", ""): null

27-02-2025T17:29:05 - [TEST_STEP][PASSED] - actualText = actualText.trim(): null

27-02-2025T17:29:05 - [TEST_STEP][PASSED] - println(myKey + ":" + actualText): null

27-02-2025T17:29:05 - [TEST_STEP][PASSED] - if (actualText != myText): null

27-02-2025T17:29:05 - [TEST_STEP][PASSED] - println(it): null

27-02-2025T17:29:05 - [TEST_STEP][PASSED] - myKey = key: null

27-02-2025T17:29:05 - [TEST_STEP][PASSED] - myText = value.replace(""", ""): null

27-02-2025T17:29:05 - [TEST_STEP][PASSED] - myText = myText.trim(): null

27-02-2025T17:29:05 - [TEST_STEP][PASSED] - println(myKey): null

27-02-2025T17:29:05 - [TEST_STEP][PASSED] - println(myText): null

27-02-2025T17:29:05 - [TEST_STEP][PASSED] - println(tooltipTextMap.get(myKey)): null

27-02-2025T17:29:05 - [TEST_STEP][PASSED] - actualText = get(myKey).replace(""", ""): null

27-02-2025T17:29:05 - [TEST_STEP][PASSED] - actualText = actualText.trim(): null

27-02-2025T17:29:05 - [TEST_STEP][PASSED] - println(myKey + ":" + actualText): null

27-02-2025T17:29:05 - [TEST_STEP][PASSED] - if (actualText != myText): null

27-02-2025T17:29:05 - [TEST_STEP][PASSED] - println(it): null

27-02-2025T17:29:05 - [TEST_STEP][PASSED] - myKey = key: null

27-02-2025T17:29:05 - [TEST_STEP][PASSED] - myText = value.replace(""", ""): null

27-02-2025T17:29:05 - [TEST_STEP][PASSED] - myText = myText.trim(): null

27-02-2025T17:29:05 - [TEST_STEP][PASSED] - println(myKey): null

27-02-2025T17:29:05 - [TEST_STEP][PASSED] - println(myText): null

27-02-2025T17:29:05 - [TEST_STEP][PASSED] - println(tooltipTextMap.get(myKey)): null

27-02-2025T17:29:05 - [TEST_STEP][ERROR] - actualText = get(myKey).replace(""", ""): Test Cases/_Functions/Test Tooltips FAILED.
Reason:
java.lang.NullPointerException: Cannot invoke method replace() on null object
	at Test Tooltips.run(Test Tooltips:191)
	at com.kms.katalon.core.main.ScriptEngine.run(ScriptEngine.java:194)
	at com.kms.katalon.core.main.ScriptEngine.runScriptAsRawText(ScriptEngine.java:119)
	at com.kms.katalon.core.main.TestCaseExecutor.runScript(TestCaseExecutor.java:448)
	at com.kms.katalon.core.main.TestCaseExecutor.doExecute(TestCaseExecutor.java:439)
	at com.kms.katalon.core.main.TestCaseExecutor.processExecutionPhase(TestCaseExecutor.java:418)
	at com.kms.katalon.core.main.TestCaseExecutor.accessMainPhase(TestCaseExecutor.java:410)
	at com.kms.katalon.core.main.TestCaseExecutor.execute(TestCaseExecutor.java:285)
	at com.kms.katalon.core.main.TestCaseMain.runTestCase(TestCaseMain.java:137)
	at com.kms.katalon.core.keyword.builtin.CallTestCaseKeyword$_callTestCase_closure1.doCall(CallTestCaseKeyword.groovy:59)
	at com.kms.katalon.core.keyword.builtin.CallTestCaseKeyword$_callTestCase_closure1.call(CallTestCaseKeyword.groovy)
	at com.kms.katalon.core.keyword.internal.KeywordMain.runKeyword(KeywordMain.groovy:75)
	at com.kms.katalon.core.keyword.builtin.CallTestCaseKeyword.callTestCase(CallTestCaseKeyword.groovy:81)
	at com.kms.katalon.core.keyword.builtin.CallTestCaseKeyword.execute(CallTestCaseKeyword.groovy:44)
	at com.kms.katalon.core.keyword.internal.KeywordExecutor.executeKeywordForPlatform(KeywordExecutor.groovy:74)
	at com.kms.katalon.core.keyword.BuiltinKeywords.callTestCase(BuiltinKeywords.groovy:310)
	at jdk.internal.reflect.GeneratedMethodAccessor29.invoke(Unknown Source)
	at java.base/jdk.internal.reflect.DelegatingMethodAccessorImpl.invoke(DelegatingMethodAccessorImpl.java:43)
	at Set Contact Info.run(Set Contact Info:79)
	at com.kms.katalon.core.main.ScriptEngine.run(ScriptEngine.java:194)
	at com.kms.katalon.core.main.ScriptEngine.runScriptAsRawText(ScriptEngine.java:119)
	at com.kms.katalon.core.main.TestCaseExecutor.runScript(TestCaseExecutor.java:448)
	at com.kms.katalon.core.main.TestCaseExecutor.doExecute(TestCaseExecutor.java:439)
	at com.kms.katalon.core.main.TestCaseExecutor.processExecutionPhase(TestCaseExecutor.java:418)
	at com.kms.katalon.core.main.TestCaseExecutor.accessMainPhase(TestCaseExecutor.java:410)
	at com.kms.katalon.core.main.TestCaseExecutor.execute(TestCaseExecutor.java:285)
	at com.kms.katalon.core.main.TestCaseMain.runTestCase(TestCaseMain.java:137)
	at com.kms.katalon.core.keyword.builtin.CallTestCaseKeyword$_callTestCase_closure1.doCall(CallTestCaseKeyword.groovy:59)
	at com.kms.katalon.core.keyword.builtin.CallTestCaseKeyword$_callTestCase_closure1.call(CallTestCaseKeyword.groovy)
	at com.kms.katalon.core.keyword.internal.KeywordMain.runKeyword(KeywordMain.groovy:75)
	at com.kms.katalon.core.keyword.builtin.CallTestCaseKeyword.callTestCase(CallTestCaseKeyword.groovy:81)
	at com.kms.katalon.core.keyword.builtin.CallTestCaseKeyword.execute(CallTestCaseKeyword.groovy:44)
	at com.kms.katalon.core.keyword.internal.KeywordExecutor.executeKeywordForPlatform(KeywordExecutor.groovy:74)
	at com.kms.katalon.core.keyword.BuiltinKeywords.callTestCase(BuiltinKeywords.groovy:310)
	at jdk.internal.reflect.GeneratedMethodAccessor29.invoke(Unknown Source)
	at java.base/jdk.internal.reflect.DelegatingMethodAccessorImpl.invoke(DelegatingMethodAccessorImpl.java:43)
	at Complete Education Partner Profile.run(Complete Education Partner Profile:97)
	at com.kms.katalon.core.main.ScriptEngine.run(ScriptEngine.java:194)
	at com.kms.katalon.core.main.ScriptEngine.runScriptAsRawText(ScriptEngine.java:119)
	at com.kms.katalon.core.main.TestCaseExecutor.runScript(TestCaseExecutor.java:448)
	at com.kms.katalon.core.main.TestCaseExecutor.doExecute(TestCaseExecutor.java:439)
	at com.kms.katalon.core.main.TestCaseExecutor.processExecutionPhase(TestCaseExecutor.java:418)
	at com.kms.katalon.core.main.TestCaseExecutor.accessMainPhase(TestCaseExecutor.java:410)
	at com.kms.katalon.core.main.TestCaseExecutor.execute(TestCaseExecutor.java:285)
	at com.kms.katalon.core.main.TestCaseMain.runTestCase(TestCaseMain.java:137)
	at com.kms.katalon.core.keyword.builtin.CallTestCaseKeyword$_callTestCase_closure1.doCall(CallTestCaseKeyword.groovy:59)
	at com.kms.katalon.core.keyword.builtin.CallTestCaseKeyword$_callTestCase_closure1.call(CallTestCaseKeyword.groovy)
	at com.kms.katalon.core.keyword.internal.KeywordMain.runKeyword(KeywordMain.groovy:75)
	at com.kms.katalon.core.keyword.builtin.CallTestCaseKeyword.callTestCase(CallTestCaseKeyword.groovy:81)
	at com.kms.katalon.core.keyword.builtin.CallTestCaseKeyword.execute(CallTestCaseKeyword.groovy:44)
	at com.kms.katalon.core.keyword.internal.KeywordExecutor.executeKeywordForPlatform(KeywordExecutor.groovy:74)
	at com.kms.katalon.core.keyword.BuiltinKeywords.callTestCase(BuiltinKeywords.groovy:310)
	at jdk.internal.reflect.GeneratedMethodAccessor29.invoke(Unknown Source)
	at java.base/jdk.internal.reflect.DelegatingMethodAccessorImpl.invoke(DelegatingMethodAccessorImpl.java:43)
	at Register Education Partner.run(Register Education Partner:403)
	at com.kms.katalon.core.main.ScriptEngine.run(ScriptEngine.java:194)
	at com.kms.katalon.core.main.ScriptEngine.runScriptAsRawText(ScriptEngine.java:119)
	at com.kms.katalon.core.main.TestCaseExecutor.runScript(TestCaseExecutor.java:448)
	at com.kms.katalon.core.main.TestCaseExecutor.doExecute(TestCaseExecutor.java:439)
	at com.kms.katalon.core.main.TestCaseExecutor.processExecutionPhase(TestCaseExecutor.java:418)
	at com.kms.katalon.core.main.TestCaseExecutor.accessMainPhase(TestCaseExecutor.java:410)
	at com.kms.katalon.core.main.TestCaseExecutor.execute(TestCaseExecutor.java:285)
	at com.kms.katalon.core.common.CommonExecutor.accessTestCaseMainPhase(CommonExecutor.java:65)
	at com.kms.katalon.core.main.TestSuiteExecutor.accessTestSuiteMainPhase(TestSuiteExecutor.java:150)
	at com.kms.katalon.core.main.TestSuiteExecutor.execute(TestSuiteExecutor.java:106)
	at com.kms.katalon.core.main.TestCaseMain.startTestSuite(TestCaseMain.java:180)
	at TempTestSuite1740698292669.run(TempTestSuite1740698292669.groovy:35)
	at java.base/jdk.internal.reflect.NativeMethodAccessorImpl.invoke0(Native Method)
	at java.base/jdk.internal.reflect.NativeMethodAccessorImpl.invoke(NativeMethodAccessorImpl.java:77)
	at java.base/jdk.internal.reflect.DelegatingMethodAccessorImpl.invoke(DelegatingMethodAccessorImpl.java:43)


27-02-2025T17:29:05 - [MESSAGE][ERROR] - Test Cases/_Functions/Test Tooltips FAILED.
Reason:
java.lang.NullPointerException: Cannot invoke method replace() on null object
	at Test Tooltips.run(Test Tooltips:191)
	at com.kms.katalon.core.main.ScriptEngine.run(ScriptEngine.java:194)
	at com.kms.katalon.core.main.ScriptEngine.runScriptAsRawText(ScriptEngine.java:119)
	at com.kms.katalon.core.main.TestCaseExecutor.runScript(TestCaseExecutor.java:448)
	at com.kms.katalon.core.main.TestCaseExecutor.doExecute(TestCaseExecutor.java:439)
	at com.kms.katalon.core.main.TestCaseExecutor.processExecutionPhase(TestCaseExecutor.java:418)
	at com.kms.katalon.core.main.TestCaseExecutor.accessMainPhase(TestCaseExecutor.java:410)
	at com.kms.katalon.core.main.TestCaseExecutor.execute(TestCaseExecutor.java:285)
	at com.kms.katalon.core.main.TestCaseMain.runTestCase(TestCaseMain.java:137)
	at com.kms.katalon.core.keyword.builtin.CallTestCaseKeyword$_callTestCase_closure1.doCall(CallTestCaseKeyword.groovy:59)
	at com.kms.katalon.core.keyword.builtin.CallTestCaseKeyword$_callTestCase_closure1.call(CallTestCaseKeyword.groovy)
	at com.kms.katalon.core.keyword.internal.KeywordMain.runKeyword(KeywordMain.groovy:75)
	at com.kms.katalon.core.keyword.builtin.CallTestCaseKeyword.callTestCase(CallTestCaseKeyword.groovy:81)
	at com.kms.katalon.core.keyword.builtin.CallTestCaseKeyword.execute(CallTestCaseKeyword.groovy:44)
	at com.kms.katalon.core.keyword.internal.KeywordExecutor.executeKeywordForPlatform(KeywordExecutor.groovy:74)
	at com.kms.katalon.core.keyword.BuiltinKeywords.callTestCase(BuiltinKeywords.groovy:310)
	at jdk.internal.reflect.GeneratedMethodAccessor29.invoke(Unknown Source)
	at java.base/jdk.internal.reflect.DelegatingMethodAccessorImpl.invoke(DelegatingMethodAccessorImpl.java:43)
	at Set Contact Info.run(Set Contact Info:79)
	at com.kms.katalon.core.main.ScriptEngine.run(ScriptEngine.java:194)
	at com.kms.katalon.core.main.ScriptEngine.runScriptAsRawText(ScriptEngine.java:119)
	at com.kms.katalon.core.main.TestCaseExecutor.runScript(TestCaseExecutor.java:448)
	at com.kms.katalon.core.main.TestCaseExecutor.doExecute(TestCaseExecutor.java:439)
	at com.kms.katalon.core.main.TestCaseExecutor.processExecutionPhase(TestCaseExecutor.java:418)
	at com.kms.katalon.core.main.TestCaseExecutor.accessMainPhase(TestCaseExecutor.java:410)
	at com.kms.katalon.core.main.TestCaseExecutor.execute(TestCaseExecutor.java:285)
	at com.kms.katalon.core.main.TestCaseMain.runTestCase(TestCaseMain.java:137)
	at com.kms.katalon.core.keyword.builtin.CallTestCaseKeyword$_callTestCase_closure1.doCall(CallTestCaseKeyword.groovy:59)
	at com.kms.katalon.core.keyword.builtin.CallTestCaseKeyword$_callTestCase_closure1.call(CallTestCaseKeyword.groovy)
	at com.kms.katalon.core.keyword.internal.KeywordMain.runKeyword(KeywordMain.groovy:75)
	at com.kms.katalon.core.keyword.builtin.CallTestCaseKeyword.callTestCase(CallTestCaseKeyword.groovy:81)
	at com.kms.katalon.core.keyword.builtin.CallTestCaseKeyword.execute(CallTestCaseKeyword.groovy:44)
	at com.kms.katalon.core.keyword.internal.KeywordExecutor.executeKeywordForPlatform(KeywordExecutor.groovy:74)
	at com.kms.katalon.core.keyword.BuiltinKeywords.callTestCase(BuiltinKeywords.groovy:310)
	at jdk.internal.reflect.GeneratedMethodAccessor29.invoke(Unknown Source)
	at java.base/jdk.internal.reflect.DelegatingMethodAccessorImpl.invoke(DelegatingMethodAccessorImpl.java:43)
	at Complete Education Partner Profile.run(Complete Education Partner Profile:97)
	at com.kms.katalon.core.main.ScriptEngine.run(ScriptEngine.java:194)
	at com.kms.katalon.core.main.ScriptEngine.runScriptAsRawText(ScriptEngine.java:119)
	at com.kms.katalon.core.main.TestCaseExecutor.runScript(TestCaseExecutor.java:448)
	at com.kms.katalon.core.main.TestCaseExecutor.doExecute(TestCaseExecutor.java:439)
	at com.kms.katalon.core.main.TestCaseExecutor.processExecutionPhase(TestCaseExecutor.java:418)
	at com.kms.katalon.core.main.TestCaseExecutor.accessMainPhase(TestCaseExecutor.java:410)
	at com.kms.katalon.core.main.TestCaseExecutor.execute(TestCaseExecutor.java:285)
	at com.kms.katalon.core.main.TestCaseMain.runTestCase(TestCaseMain.java:137)
	at com.kms.katalon.core.keyword.builtin.CallTestCaseKeyword$_callTestCase_closure1.doCall(CallTestCaseKeyword.groovy:59)
	at com.kms.katalon.core.keyword.builtin.CallTestCaseKeyword$_callTestCase_closure1.call(CallTestCaseKeyword.groovy)
	at com.kms.katalon.core.keyword.internal.KeywordMain.runKeyword(KeywordMain.groovy:75)
	at com.kms.katalon.core.keyword.builtin.CallTestCaseKeyword.callTestCase(CallTestCaseKeyword.groovy:81)
	at com.kms.katalon.core.keyword.builtin.CallTestCaseKeyword.execute(CallTestCaseKeyword.groovy:44)
	at com.kms.katalon.core.keyword.internal.KeywordExecutor.executeKeywordForPlatform(KeywordExecutor.groovy:74)
	at com.kms.katalon.core.keyword.BuiltinKeywords.callTestCase(BuiltinKeywords.groovy:310)
	at jdk.internal.reflect.GeneratedMethodAccessor29.invoke(Unknown Source)
	at java.base/jdk.internal.reflect.DelegatingMethodAccessorImpl.invoke(DelegatingMethodAccessorImpl.java:43)
	at Register Education Partner.run(Register Education Partner:403)
	at com.kms.katalon.core.main.ScriptEngine.run(ScriptEngine.java:194)
	at com.kms.katalon.core.main.ScriptEngine.runScriptAsRawText(ScriptEngine.java:119)
	at com.kms.katalon.core.main.TestCaseExecutor.runScript(TestCaseExecutor.java:448)
	at com.kms.katalon.core.main.TestCaseExecutor.doExecute(TestCaseExecutor.java:439)
	at com.kms.katalon.core.main.TestCaseExecutor.processExecutionPhase(TestCaseExecutor.java:418)
	at com.kms.katalon.core.main.TestCaseExecutor.accessMainPhase(TestCaseExecutor.java:410)
	at com.kms.katalon.core.main.TestCaseExecutor.execute(TestCaseExecutor.java:285)
	at com.kms.katalon.core.common.CommonExecutor.accessTestCaseMainPhase(CommonExecutor.java:65)
	at com.kms.katalon.core.main.TestSuiteExecutor.accessTestSuiteMainPhase(TestSuiteExecutor.java:150)
	at com.kms.katalon.core.main.TestSuiteExecutor.execute(TestSuiteExecutor.java:106)
	at com.kms.katalon.core.main.TestCaseMain.startTestSuite(TestCaseMain.java:180)
	at TempTestSuite1740698292669.run(TempTestSuite1740698292669.groovy:35)
	at java.base/jdk.internal.reflect.NativeMethodAccessorImpl.invoke0(Native Method)
	at java.base/jdk.internal.reflect.NativeMethodAccessorImpl.invoke(NativeMethodAccessorImpl.java:77)
	at java.base/jdk.internal.reflect.DelegatingMethodAccessorImpl.invoke(DelegatingMethodAccessorImpl.java:43)


27-02-2025T17:29:05 - [MESSAGE][WARNING] - Unable to call Test Case 'Test Cases/_Functions/Test Tooltips' (Root cause: com.kms.katalon.core.exception.StepErrorException: Call Test Case 'Test Cases/_Functions/Test Tooltips' failed because of error(s)
	at com.kms.katalon.core.keyword.builtin.CallTestCaseKeyword$_callTestCase_closure1.doCall(CallTestCaseKeyword.groovy:66)
	at com.kms.katalon.core.keyword.builtin.CallTestCaseKeyword$_callTestCase_closure1.call(CallTestCaseKeyword.groovy)
	at com.kms.katalon.core.keyword.internal.KeywordMain.runKeyword(KeywordMain.groovy:75)
	at com.kms.katalon.core.keyword.builtin.CallTestCaseKeyword.callTestCase(CallTestCaseKeyword.groovy:81)
	at com.kms.katalon.core.keyword.builtin.CallTestCaseKeyword.execute(CallTestCaseKeyword.groovy:44)
	at com.kms.katalon.core.keyword.internal.KeywordExecutor.executeKeywordForPlatform(KeywordExecutor.groovy:74)
	at com.kms.katalon.core.keyword.BuiltinKeywords.callTestCase(BuiltinKeywords.groovy:310)
	at jdk.internal.reflect.GeneratedMethodAccessor29.invoke(Unknown Source)
	at java.base/jdk.internal.reflect.DelegatingMethodAccessorImpl.invoke(DelegatingMethodAccessorImpl.java:43)
	at Set Contact Info.run(Set Contact Info:79)
	at com.kms.katalon.core.main.ScriptEngine.run(ScriptEngine.java:194)
	at com.kms.katalon.core.main.ScriptEngine.runScriptAsRawText(ScriptEngine.java:119)
	at com.kms.katalon.core.main.TestCaseExecutor.runScript(TestCaseExecutor.java:448)
	at com.kms.katalon.core.main.TestCaseExecutor.doExecute(TestCaseExecutor.java:439)
	at com.kms.katalon.core.main.TestCaseExecutor.processExecutionPhase(TestCaseExecutor.java:418)
	at com.kms.katalon.core.main.TestCaseExecutor.accessMainPhase(TestCaseExecutor.java:410)
	at com.kms.katalon.core.main.TestCaseExecutor.execute(TestCaseExecutor.java:285)
	at com.kms.katalon.core.main.TestCaseMain.runTestCase(TestCaseMain.java:137)
	at com.kms.katalon.core.keyword.builtin.CallTestCaseKeyword$_callTestCase_closure1.doCall(CallTestCaseKeyword.groovy:59)
	at com.kms.katalon.core.keyword.builtin.CallTestCaseKeyword$_callTestCase_closure1.call(CallTestCaseKeyword.groovy)
	at com.kms.katalon.core.keyword.internal.KeywordMain.runKeyword(KeywordMain.groovy:75)
	at com.kms.katalon.core.keyword.builtin.CallTestCaseKeyword.callTestCase(CallTestCaseKeyword.groovy:81)
	at com.kms.katalon.core.keyword.builtin.CallTestCaseKeyword.execute(CallTestCaseKeyword.groovy:44)
	at com.kms.katalon.core.keyword.internal.KeywordExecutor.executeKeywordForPlatform(KeywordExecutor.groovy:74)
	at com.kms.katalon.core.keyword.BuiltinKeywords.callTestCase(BuiltinKeywords.groovy:310)
	at jdk.internal.reflect.GeneratedMethodAccessor29.invoke(Unknown Source)
	at java.base/jdk.internal.reflect.DelegatingMethodAccessorImpl.invoke(DelegatingMethodAccessorImpl.java:43)
	at Complete Education Partner Profile.run(Complete Education Partner Profile:97)
	at com.kms.katalon.core.main.ScriptEngine.run(ScriptEngine.java:194)
	at com.kms.katalon.core.main.ScriptEngine.runScriptAsRawText(ScriptEngine.java:119)
	at com.kms.katalon.core.main.TestCaseExecutor.runScript(TestCaseExecutor.java:448)
	at com.kms.katalon.core.main.TestCaseExecutor.doExecute(TestCaseExecutor.java:439)
	at com.kms.katalon.core.main.TestCaseExecutor.processExecutionPhase(TestCaseExecutor.java:418)
	at com.kms.katalon.core.main.TestCaseExecutor.accessMainPhase(TestCaseExecutor.java:410)
	at com.kms.katalon.core.main.TestCaseExecutor.execute(TestCaseExecutor.java:285)
	at com.kms.katalon.core.main.TestCaseMain.runTestCase(TestCaseMain.java:137)
	at com.kms.katalon.core.keyword.builtin.CallTestCaseKeyword$_callTestCase_closure1.doCall(CallTestCaseKeyword.groovy:59)
	at com.kms.katalon.core.keyword.builtin.CallTestCaseKeyword$_callTestCase_closure1.call(CallTestCaseKeyword.groovy)
	at com.kms.katalon.core.keyword.internal.KeywordMain.runKeyword(KeywordMain.groovy:75)
	at com.kms.katalon.core.keyword.builtin.CallTestCaseKeyword.callTestCase(CallTestCaseKeyword.groovy:81)
	at com.kms.katalon.core.keyword.builtin.CallTestCaseKeyword.execute(CallTestCaseKeyword.groovy:44)
	at com.kms.katalon.core.keyword.internal.KeywordExecutor.executeKeywordForPlatform(KeywordExecutor.groovy:74)
	at com.kms.katalon.core.keyword.BuiltinKeywords.callTestCase(BuiltinKeywords.groovy:310)
	at jdk.internal.reflect.GeneratedMethodAccessor29.invoke(Unknown Source)
	at java.base/jdk.internal.reflect.DelegatingMethodAccessorImpl.invoke(DelegatingMethodAccessorImpl.java:43)
	at Register Education Partner.run(Register Education Partner:403)
	at com.kms.katalon.core.main.ScriptEngine.run(ScriptEngine.java:194)
	at com.kms.katalon.core.main.ScriptEngine.runScriptAsRawText(ScriptEngine.java:119)
	at com.kms.katalon.core.main.TestCaseExecutor.runScript(TestCaseExecutor.java:448)
	at com.kms.katalon.core.main.TestCaseExecutor.doExecute(TestCaseExecutor.java:439)
	at com.kms.katalon.core.main.TestCaseExecutor.processExecutionPhase(TestCaseExecutor.java:418)
	at com.kms.katalon.core.main.TestCaseExecutor.accessMainPhase(TestCaseExecutor.java:410)
	at com.kms.katalon.core.main.TestCaseExecutor.execute(TestCaseExecutor.java:285)
	at com.kms.katalon.core.common.CommonExecutor.accessTestCaseMainPhase(CommonExecutor.java:65)
	at com.kms.katalon.core.main.TestSuiteExecutor.accessTestSuiteMainPhase(TestSuiteExecutor.java:150)
	at com.kms.katalon.core.main.TestSuiteExecutor.execute(TestSuiteExecutor.java:106)
	at com.kms.katalon.core.main.TestCaseMain.startTestSuite(TestCaseMain.java:180)
	at TempTestSuite1740698292669.run(TempTestSuite1740698292669.groovy:35)
	at java.base/jdk.internal.reflect.NativeMethodAccessorImpl.invoke0(Native Method)
	at java.base/jdk.internal.reflect.NativeMethodAccessorImpl.invoke(NativeMethodAccessorImpl.java:77)
	at java.base/jdk.internal.reflect.DelegatingMethodAccessorImpl.invoke(DelegatingMethodAccessorImpl.java:43)
Caused by: java.lang.NullPointerException: Cannot invoke method replace() on null object
	at Test Tooltips.run(Test Tooltips:191)
	at com.kms.katalon.core.main.ScriptEngine.run(ScriptEngine.java:194)
	at com.kms.katalon.core.main.ScriptEngine.runScriptAsRawText(ScriptEngine.java:119)
	at com.kms.katalon.core.main.TestCaseExecutor.runScript(TestCaseExecutor.java:448)
	at com.kms.katalon.core.main.TestCaseExecutor.doExecute(TestCaseExecutor.java:439)
	at com.kms.katalon.core.main.TestCaseExecutor.processExecutionPhase(TestCaseExecutor.java:418)
	at com.kms.katalon.core.main.TestCaseExecutor.accessMainPhase(TestCaseExecutor.java:410)
	at com.kms.katalon.core.main.TestCaseExecutor.execute(TestCaseExecutor.java:285)
	at com.kms.katalon.core.main.TestCaseMain.runTestCase(TestCaseMain.java:137)
	at com.kms.katalon.core.keyword.builtin.CallTestCaseKeyword$_callTestCase_closure1.doCall(CallTestCaseKeyword.groovy:59)
	... 60 more
)

27-02-2025T17:29:05 - [TEST_STEP][PASSED] - outText = "Verifying the required field messages.
": null

27-02-2025T17:29:05 - [TEST_STEP][PASSED] - outFile.append(outText): null

27-02-2025T17:29:05 - [TEST_STEP][PASSED] - fieldList = []: null

27-02-2025T17:29:05 - [TEST_STEP][PASSED] - requiredFieldMsgs.each({ -> ... }): null

27-02-2025T17:29:05 - [TEST_STEP][PASSED] - callTestCase(findTestCase("_Functions/Test Field Error Messages"), ["varFieldList":fieldList, "varRequiredFieldMsgs":requiredFieldMsgs], STOP_ON_FAILURE): Call Test Case 'Test Cases/_Functions/Test Field Error Messages' successfully

27-02-2025T17:29:05 - [TEST_CASE][PASSED] - Test Cases/_Functions/Test Field Error Messages: Test Cases/_Functions/Test Field Error Messages

27-02-2025T17:29:05 - [TEST_STEP][PASSED] - count = callTestCase(findTestCase("_Functions/Find error messages"), ["varFunction":"count"], STOP_ON_FAILURE): Call Test Case 'Test Cases/_Functions/Find error messages' successfully

27-02-2025T17:29:05 - [TEST_CASE][PASSED] - Test Cases/_Functions/Find error messages: Test Cases/_Functions/Find error messages

27-02-2025T17:29:05 - [TEST_STEP][PASSED] - function = "count": null

27-02-2025T17:29:05 - [TEST_STEP][PASSED] - if (binding.hasVariable("varFunction")): null

27-02-2025T17:29:05 - [TEST_STEP][PASSED] - function = varFunction: null

27-02-2025T17:29:05 - [TEST_STEP][PASSED] - title = getWindowTitle(): Current window's title is: 'Education'

27-02-2025T17:29:05 - [MESSAGE][PASSED] - Current window's title is: 'Education'

27-02-2025T17:29:05 - [TEST_STEP][PASSED] - println("Page title is " + title): null

27-02-2025T17:29:05 - [TEST_STEP][PASSED] - driver = getWebDriver(): null

27-02-2025T17:29:05 - [TEST_STEP][PASSED] - elements = driver.findElements(By.xpath("//div[@class='col-sm-offset-3 col-sm-9 text-danger']")): null

27-02-2025T17:29:05 - [TEST_STEP][PASSED] - if (function == "count"): null

27-02-2025T17:29:05 - [TEST_STEP][PASSED] - return elements.size(): null

27-02-2025T17:29:05 - [MESSAGE][PASSED] - Call Test Case 'Test Cases/_Functions/Find error messages' successfully

27-02-2025T17:29:05 - [TEST_STEP][PASSED] - outFile = outFile: null

27-02-2025T17:29:05 - [TEST_STEP][PASSED] - if (count == 0): null

27-02-2025T17:29:05 - [TEST_STEP][PASSED] - else: Delayed 0 second(s)

27-02-2025T17:29:05 - [TEST_STEP][PASSED] - fieldList = varFieldList: null

27-02-2025T17:29:05 - [TEST_STEP][PASSED] - requiredFieldMsgs = varRequiredFieldMsgs: null

27-02-2025T17:29:05 - [TEST_STEP][PASSED] - outText = "Verifying error messages for fields " + fieldList: null

27-02-2025T17:29:05 - [TEST_STEP][PASSED] - for (def field : fieldList): null

27-02-2025T17:29:05 - [TEST_STEP][PASSED] - errorMsg = requiredFieldMsgs.get(field): null

27-02-2025T17:29:05 - [TEST_STEP][PASSED] - msg = verifyTextPresent(errorMsg, false, OPTIONAL): Text 'The key contact phone field is required.' is present on page 

27-02-2025T17:29:05 - [MESSAGE][PASSED] - Text 'The key contact phone field is required.' is present on page 

27-02-2025T17:29:05 - [TEST_STEP][PASSED] - println(field + ":" + msg): null

27-02-2025T17:29:05 - [TEST_STEP][PASSED] - if (!(msg)): null

27-02-2025T17:29:05 - [TEST_STEP][PASSED] - errorMsg = requiredFieldMsgs.get(field): null

27-02-2025T17:29:05 - [TEST_STEP][PASSED] - msg = verifyTextPresent(errorMsg, false, OPTIONAL): Text 'The school phone field is required.' is present on page 

27-02-2025T17:29:05 - [MESSAGE][PASSED] - Text 'The school phone field is required.' is present on page 

27-02-2025T17:29:05 - [TEST_STEP][PASSED] - println(field + ":" + msg): null

27-02-2025T17:29:05 - [TEST_STEP][PASSED] - if (!(msg)): null

27-02-2025T17:29:05 - [TEST_STEP][PASSED] - errorMsg = requiredFieldMsgs.get(field): null

27-02-2025T17:29:05 - [TEST_STEP][PASSED] - msg = verifyTextPresent(errorMsg, false, OPTIONAL): Text 'The school city field is required.' is present on page 

27-02-2025T17:29:05 - [MESSAGE][PASSED] - Text 'The school city field is required.' is present on page 

27-02-2025T17:29:05 - [TEST_STEP][PASSED] - println(field + ":" + msg): null

27-02-2025T17:29:05 - [TEST_STEP][PASSED] - if (!(msg)): null

27-02-2025T17:29:05 - [TEST_STEP][PASSED] - errorMsg = requiredFieldMsgs.get(field): null

27-02-2025T17:29:05 - [TEST_STEP][PASSED] - msg = verifyTextPresent(errorMsg, false, OPTIONAL): Text 'The province state region field is required.' is present on page 

27-02-2025T17:29:05 - [MESSAGE][PASSED] - Text 'The province state region field is required.' is present on page 

27-02-2025T17:29:05 - [TEST_STEP][PASSED] - println(field + ":" + msg): null

27-02-2025T17:29:05 - [TEST_STEP][PASSED] - if (!(msg)): null

27-02-2025T17:29:05 - [TEST_STEP][PASSED] - delay(fieldTestDelay): Delayed 0 second(s)

27-02-2025T17:29:05 - [MESSAGE][PASSED] - Delayed 0 second(s)

27-02-2025T17:29:05 - [MESSAGE][PASSED] - Call Test Case 'Test Cases/_Functions/Test Field Error Messages' successfully

27-02-2025T17:29:05 - [TEST_STEP][PASSED] - if (varKey_contact_phone != null): Call Test Case 'Test Cases/_Functions/Perform Action' successfully

27-02-2025T17:29:05 - [TEST_STEP][PASSED] - object = "Object Repository/Education Partner Profile/Tabs/Contact Info/input_Key Contact Phone": null

27-02-2025T17:29:05 - [TEST_STEP][PASSED] - callTestCase(findTestCase("_Functions/Perform Action"), ["varAction":"setText", "varObject":object, "varParm1":varKey_contact_phone], STOP_ON_FAILURE): Call Test Case 'Test Cases/_Functions/Perform Action' successfully

27-02-2025T17:29:05 - [TEST_CASE][PASSED] - Test Cases/_Functions/Perform Action: Test Cases/_Functions/Perform Action

27-02-2025T17:29:05 - [TEST_STEP][PASSED] - action = varAction: null

27-02-2025T17:29:05 - [TEST_STEP][PASSED] - println(action): null

27-02-2025T17:29:05 - [TEST_STEP][PASSED] - testObject = varObject: null

27-02-2025T17:29:05 - [TEST_STEP][PASSED] - println(testObject): null

27-02-2025T17:29:05 - [TEST_STEP][PASSED] - parm1 = varParm1: null

27-02-2025T17:29:05 - [TEST_STEP][PASSED] - println(parm1): null

27-02-2025T17:29:05 - [TEST_STEP][PASSED] - println("Converting " + testObject + " to web element"): null

27-02-2025T17:29:05 - [TEST_STEP][PASSED] - element = findWebElement(findTestObject(testObject), 1): null

27-02-2025T17:29:05 - [TEST_STEP][PASSED] - loc = element.getLocation(): null

27-02-2025T17:29:05 - [TEST_STEP][PASSED] - y = loc.getY(): null

27-02-2025T17:29:05 - [TEST_STEP][PASSED] - println("Y location is " + y): null

27-02-2025T17:29:05 - [TEST_STEP][PASSED] - top = getViewportTopPosition(): Current viewport's top (y) position is 867

27-02-2025T17:29:05 - [MESSAGE][PASSED] - Current viewport's top (y) position is 867

27-02-2025T17:29:05 - [TEST_STEP][PASSED] - println("Viewport top is " + top): null

27-02-2025T17:29:05 - [TEST_STEP][PASSED] - bottom = top + 600: null

27-02-2025T17:29:05 - [TEST_STEP][PASSED] - if (y - top < 150 || bottom - y < 10): Delayed 1 second(s)

27-02-2025T17:29:05 - [TEST_STEP][PASSED] - scrollToPosition(0, y - 150): Browser is scrolled to position x = 0, y = 601

27-02-2025T17:29:05 - [MESSAGE][PASSED] - Browser is scrolled to position x = 0, y = 601

27-02-2025T17:29:05 - [TEST_STEP][PASSED] - delay(1): Delayed 1 second(s)

27-02-2025T17:29:06 - [MESSAGE][PASSED] - Delayed 1 second(s)

27-02-2025T17:29:06 - [TEST_STEP][PASSED] - if (action == "click"): null

27-02-2025T17:29:06 - [TEST_STEP][PASSED] - else if (action == "selectOptionByValue"): null

27-02-2025T17:29:06 - [TEST_STEP][PASSED] - else if (action == "setText"): Text '952-442-1703' is set on object 'Object Repository/Education Partner Profile/Tabs/Contact Info/input_Key Contact Phone'

27-02-2025T17:29:06 - [TEST_STEP][PASSED] - println("Setting text " + parm1): null

27-02-2025T17:29:06 - [TEST_STEP][PASSED] - setText(findTestObject(testObject), parm1): Text '952-442-1703' is set on object 'Object Repository/Education Partner Profile/Tabs/Contact Info/input_Key Contact Phone'

27-02-2025T17:29:06 - [MESSAGE][PASSED] - Text '952-442-1703' is set on object 'Object Repository/Education Partner Profile/Tabs/Contact Info/input_Key Contact Phone'

27-02-2025T17:29:06 - [MESSAGE][PASSED] - Call Test Case 'Test Cases/_Functions/Perform Action' successfully

27-02-2025T17:29:06 - [TEST_STEP][PASSED] - if (varOrganization_phone != null): Call Test Case 'Test Cases/_Functions/Perform Action' successfully

27-02-2025T17:29:06 - [TEST_STEP][PASSED] - object = "Object Repository/Education Partner Profile/Tabs/Contact Info/input_Organization Phone": null

27-02-2025T17:29:06 - [TEST_STEP][PASSED] - callTestCase(findTestCase("_Functions/Perform Action"), ["varAction":"setText", "varObject":object, "varParm1":varOrganization_phone], STOP_ON_FAILURE): Call Test Case 'Test Cases/_Functions/Perform Action' successfully

27-02-2025T17:29:06 - [TEST_CASE][PASSED] - Test Cases/_Functions/Perform Action: Test Cases/_Functions/Perform Action

27-02-2025T17:29:06 - [TEST_STEP][PASSED] - action = varAction: null

27-02-2025T17:29:06 - [TEST_STEP][PASSED] - println(action): null

27-02-2025T17:29:06 - [TEST_STEP][PASSED] - testObject = varObject: null

27-02-2025T17:29:06 - [TEST_STEP][PASSED] - println(testObject): null

27-02-2025T17:29:06 - [TEST_STEP][PASSED] - parm1 = varParm1: null

27-02-2025T17:29:06 - [TEST_STEP][PASSED] - println(parm1): null

27-02-2025T17:29:06 - [TEST_STEP][PASSED] - println("Converting " + testObject + " to web element"): null

27-02-2025T17:29:06 - [TEST_STEP][PASSED] - element = findWebElement(findTestObject(testObject), 1): null

27-02-2025T17:29:06 - [TEST_STEP][PASSED] - loc = element.getLocation(): null

27-02-2025T17:29:06 - [TEST_STEP][PASSED] - y = loc.getY(): null

27-02-2025T17:29:06 - [TEST_STEP][PASSED] - println("Y location is " + y): null

27-02-2025T17:29:06 - [TEST_STEP][PASSED] - top = getViewportTopPosition(): Current viewport's top (y) position is 601

27-02-2025T17:29:06 - [MESSAGE][PASSED] - Current viewport's top (y) position is 601

27-02-2025T17:29:06 - [TEST_STEP][PASSED] - println("Viewport top is " + top): null

27-02-2025T17:29:06 - [TEST_STEP][PASSED] - bottom = top + 600: null

27-02-2025T17:29:06 - [TEST_STEP][PASSED] - if (y - top < 150 || bottom - y < 10): null

27-02-2025T17:29:06 - [TEST_STEP][PASSED] - if (action == "click"): null

27-02-2025T17:29:06 - [TEST_STEP][PASSED] - else if (action == "selectOptionByValue"): null

27-02-2025T17:29:06 - [TEST_STEP][PASSED] - else if (action == "setText"): Text '612-209-9611' is set on object 'Object Repository/Education Partner Profile/Tabs/Contact Info/input_Organization Phone'

27-02-2025T17:29:06 - [TEST_STEP][PASSED] - println("Setting text " + parm1): null

27-02-2025T17:29:06 - [TEST_STEP][PASSED] - setText(findTestObject(testObject), parm1): Text '612-209-9611' is set on object 'Object Repository/Education Partner Profile/Tabs/Contact Info/input_Organization Phone'

27-02-2025T17:29:06 - [MESSAGE][PASSED] - Text '612-209-9611' is set on object 'Object Repository/Education Partner Profile/Tabs/Contact Info/input_Organization Phone'

27-02-2025T17:29:06 - [MESSAGE][PASSED] - Call Test Case 'Test Cases/_Functions/Perform Action' successfully

27-02-2025T17:29:06 - [TEST_STEP][PASSED] - if (varOrganization_city != null): Call Test Case 'Test Cases/_Functions/Perform Action' successfully

27-02-2025T17:29:06 - [TEST_STEP][PASSED] - object = "Object Repository/Education Partner Profile/Tabs/Contact Info/input_Organization City": null

27-02-2025T17:29:06 - [TEST_STEP][PASSED] - callTestCase(findTestCase("_Functions/Perform Action"), ["varAction":"setText", "varObject":object, "varParm1":varOrganization_city], STOP_ON_FAILURE): Call Test Case 'Test Cases/_Functions/Perform Action' successfully

27-02-2025T17:29:06 - [TEST_CASE][PASSED] - Test Cases/_Functions/Perform Action: Test Cases/_Functions/Perform Action

27-02-2025T17:29:06 - [TEST_STEP][PASSED] - action = varAction: null

27-02-2025T17:29:06 - [TEST_STEP][PASSED] - println(action): null

27-02-2025T17:29:06 - [TEST_STEP][PASSED] - testObject = varObject: null

27-02-2025T17:29:06 - [TEST_STEP][PASSED] - println(testObject): null

27-02-2025T17:29:06 - [TEST_STEP][PASSED] - parm1 = varParm1: null

27-02-2025T17:29:06 - [TEST_STEP][PASSED] - println(parm1): null

27-02-2025T17:29:06 - [TEST_STEP][PASSED] - println("Converting " + testObject + " to web element"): null

27-02-2025T17:29:06 - [TEST_STEP][PASSED] - element = findWebElement(findTestObject(testObject), 1): null

27-02-2025T17:29:06 - [TEST_STEP][PASSED] - loc = element.getLocation(): null

27-02-2025T17:29:06 - [TEST_STEP][PASSED] - y = loc.getY(): null

27-02-2025T17:29:06 - [TEST_STEP][PASSED] - println("Y location is " + y): null

27-02-2025T17:29:06 - [TEST_STEP][PASSED] - top = getViewportTopPosition(): Current viewport's top (y) position is 601

27-02-2025T17:29:06 - [MESSAGE][PASSED] - Current viewport's top (y) position is 601

27-02-2025T17:29:06 - [TEST_STEP][PASSED] - println("Viewport top is " + top): null

27-02-2025T17:29:06 - [TEST_STEP][PASSED] - bottom = top + 600: null

27-02-2025T17:29:06 - [TEST_STEP][PASSED] - if (y - top < 150 || bottom - y < 10): null

27-02-2025T17:29:06 - [TEST_STEP][PASSED] - if (action == "click"): null

27-02-2025T17:29:06 - [TEST_STEP][PASSED] - else if (action == "selectOptionByValue"): null

27-02-2025T17:29:06 - [TEST_STEP][PASSED] - else if (action == "setText"): Text 'Waconia' is set on object 'Object Repository/Education Partner Profile/Tabs/Contact Info/input_Organization City'

27-02-2025T17:29:06 - [TEST_STEP][PASSED] - println("Setting text " + parm1): null

27-02-2025T17:29:06 - [TEST_STEP][PASSED] - setText(findTestObject(testObject), parm1): Text 'Waconia' is set on object 'Object Repository/Education Partner Profile/Tabs/Contact Info/input_Organization City'

27-02-2025T17:29:06 - [MESSAGE][PASSED] - Text 'Waconia' is set on object 'Object Repository/Education Partner Profile/Tabs/Contact Info/input_Organization City'

27-02-2025T17:29:06 - [MESSAGE][PASSED] - Call Test Case 'Test Cases/_Functions/Perform Action' successfully

27-02-2025T17:29:06 - [TEST_STEP][PASSED] - if (varProvince_state_region != null): Call Test Case 'Test Cases/_Functions/Perform Action' successfully

27-02-2025T17:29:06 - [TEST_STEP][PASSED] - object = "Object Repository/Education Partner Profile/Tabs/Contact Info/select_State": null

27-02-2025T17:29:06 - [TEST_STEP][PASSED] - callTestCase(findTestCase("_Functions/Perform Action"), ["varAction":"selectOptionByValue", "varObject":object, "varParm1":varProvince_state_region], STOP_ON_FAILURE): Call Test Case 'Test Cases/_Functions/Perform Action' successfully

27-02-2025T17:29:06 - [TEST_CASE][PASSED] - Test Cases/_Functions/Perform Action: Test Cases/_Functions/Perform Action

27-02-2025T17:29:06 - [TEST_STEP][PASSED] - action = varAction: null

27-02-2025T17:29:06 - [TEST_STEP][PASSED] - println(action): null

27-02-2025T17:29:06 - [TEST_STEP][PASSED] - testObject = varObject: null

27-02-2025T17:29:06 - [TEST_STEP][PASSED] - println(testObject): null

27-02-2025T17:29:06 - [TEST_STEP][PASSED] - parm1 = varParm1: null

27-02-2025T17:29:06 - [TEST_STEP][PASSED] - println(parm1): null

27-02-2025T17:29:06 - [TEST_STEP][PASSED] - println("Converting " + testObject + " to web element"): null

27-02-2025T17:29:06 - [TEST_STEP][PASSED] - element = findWebElement(findTestObject(testObject), 1): null

27-02-2025T17:29:06 - [TEST_STEP][PASSED] - loc = element.getLocation(): null

27-02-2025T17:29:06 - [TEST_STEP][PASSED] - y = loc.getY(): null

27-02-2025T17:29:06 - [TEST_STEP][PASSED] - println("Y location is " + y): null

27-02-2025T17:29:06 - [TEST_STEP][PASSED] - top = getViewportTopPosition(): Current viewport's top (y) position is 601

27-02-2025T17:29:06 - [MESSAGE][PASSED] - Current viewport's top (y) position is 601

27-02-2025T17:29:06 - [TEST_STEP][PASSED] - println("Viewport top is " + top): null

27-02-2025T17:29:06 - [TEST_STEP][PASSED] - bottom = top + 600: null

27-02-2025T17:29:06 - [TEST_STEP][PASSED] - if (y - top < 150 || bottom - y < 10): null

27-02-2025T17:29:06 - [TEST_STEP][PASSED] - if (action == "click"): null

27-02-2025T17:29:06 - [TEST_STEP][PASSED] - else if (action == "selectOptionByValue"): All options with value 'Minnesota' are selected in object 'Object Repository/Education Partner Profile/Tabs/Contact Info/select_State' 

27-02-2025T17:29:06 - [TEST_STEP][PASSED] - println("Selecting " + parm1): null

27-02-2025T17:29:06 - [TEST_STEP][PASSED] - selectOptionByValue(findTestObject(testObject), parm1, false): All options with value 'Minnesota' are selected in object 'Object Repository/Education Partner Profile/Tabs/Contact Info/select_State' 

27-02-2025T17:29:07 - [MESSAGE][PASSED] - All options with value 'Minnesota' are selected in object 'Object Repository/Education Partner Profile/Tabs/Contact Info/select_State' 

27-02-2025T17:29:07 - [MESSAGE][PASSED] - Call Test Case 'Test Cases/_Functions/Perform Action' successfully

27-02-2025T17:29:07 - [TEST_STEP][PASSED] - if (varProvince_state_region != null): Call Test Case 'Test Cases/_Functions/Perform Action' successfully

27-02-2025T17:29:07 - [TEST_STEP][PASSED] - object = "Object Repository/Education Partner Profile/Tabs/Contact Info/input_ProvinceStateRegion": null

27-02-2025T17:29:07 - [TEST_STEP][PASSED] - callTestCase(findTestCase("_Functions/Perform Action"), ["varAction":"setText", "varObject":object, "varParm1":varProvince_state_region], STOP_ON_FAILURE): Call Test Case 'Test Cases/_Functions/Perform Action' successfully

27-02-2025T17:29:07 - [TEST_CASE][PASSED] - Test Cases/_Functions/Perform Action: Test Cases/_Functions/Perform Action

27-02-2025T17:29:07 - [TEST_STEP][PASSED] - action = varAction: null

27-02-2025T17:29:07 - [TEST_STEP][PASSED] - println(action): null

27-02-2025T17:29:07 - [TEST_STEP][PASSED] - testObject = varObject: null

27-02-2025T17:29:07 - [TEST_STEP][PASSED] - println(testObject): null

27-02-2025T17:29:07 - [TEST_STEP][PASSED] - parm1 = varParm1: null

27-02-2025T17:29:07 - [TEST_STEP][PASSED] - println(parm1): null

27-02-2025T17:29:07 - [TEST_STEP][PASSED] - println("Converting " + testObject + " to web element"): null

27-02-2025T17:29:07 - [TEST_STEP][PASSED] - element = findWebElement(findTestObject(testObject), 1): null

27-02-2025T17:29:07 - [TEST_STEP][PASSED] - loc = element.getLocation(): null

27-02-2025T17:29:07 - [TEST_STEP][PASSED] - y = loc.getY(): null

27-02-2025T17:29:07 - [TEST_STEP][PASSED] - println("Y location is " + y): null

27-02-2025T17:29:07 - [TEST_STEP][PASSED] - top = getViewportTopPosition(): Current viewport's top (y) position is 601

27-02-2025T17:29:07 - [MESSAGE][PASSED] - Current viewport's top (y) position is 601

27-02-2025T17:29:07 - [TEST_STEP][PASSED] - println("Viewport top is " + top): null

27-02-2025T17:29:07 - [TEST_STEP][PASSED] - bottom = top + 600: null

27-02-2025T17:29:07 - [TEST_STEP][PASSED] - if (y - top < 150 || bottom - y < 10): null

27-02-2025T17:29:07 - [TEST_STEP][PASSED] - if (action == "click"): null

27-02-2025T17:29:07 - [TEST_STEP][PASSED] - else if (action == "selectOptionByValue"): null

27-02-2025T17:29:07 - [TEST_STEP][PASSED] - else if (action == "setText"): Text 'Minnesota' is set on object 'Object Repository/Education Partner Profile/Tabs/Contact Info/input_ProvinceStateRegion'

27-02-2025T17:29:07 - [TEST_STEP][PASSED] - println("Setting text " + parm1): null

27-02-2025T17:29:07 - [TEST_STEP][PASSED] - setText(findTestObject(testObject), parm1): Text 'Minnesota' is set on object 'Object Repository/Education Partner Profile/Tabs/Contact Info/input_ProvinceStateRegion'

27-02-2025T17:29:07 - [MESSAGE][PASSED] - Text 'Minnesota' is set on object 'Object Repository/Education Partner Profile/Tabs/Contact Info/input_ProvinceStateRegion'

27-02-2025T17:29:07 - [MESSAGE][PASSED] - Call Test Case 'Test Cases/_Functions/Perform Action' successfully

27-02-2025T17:29:07 - [TEST_STEP][PASSED] - if (varWorld_region != null): Call Test Case 'Test Cases/_Functions/Perform Action' successfully

27-02-2025T17:29:07 - [TEST_STEP][PASSED] - object = "Object Repository/Education Partner Profile/Tabs/Contact Info/select_World Region": null

27-02-2025T17:29:07 - [TEST_STEP][PASSED] - callTestCase(findTestCase("_Functions/Perform Action"), ["varAction":"selectOptionByValue", "varObject":object, "varParm1":varWorld_region], STOP_ON_FAILURE): Call Test Case 'Test Cases/_Functions/Perform Action' successfully

27-02-2025T17:29:07 - [TEST_CASE][PASSED] - Test Cases/_Functions/Perform Action: Test Cases/_Functions/Perform Action

27-02-2025T17:29:07 - [TEST_STEP][PASSED] - action = varAction: null

27-02-2025T17:29:07 - [TEST_STEP][PASSED] - println(action): null

27-02-2025T17:29:07 - [TEST_STEP][PASSED] - testObject = varObject: null

27-02-2025T17:29:07 - [TEST_STEP][PASSED] - println(testObject): null

27-02-2025T17:29:07 - [TEST_STEP][PASSED] - parm1 = varParm1: null

27-02-2025T17:29:07 - [TEST_STEP][PASSED] - println(parm1): null

27-02-2025T17:29:07 - [TEST_STEP][PASSED] - println("Converting " + testObject + " to web element"): null

27-02-2025T17:29:07 - [TEST_STEP][PASSED] - element = findWebElement(findTestObject(testObject), 1): null

27-02-2025T17:29:07 - [TEST_STEP][PASSED] - loc = element.getLocation(): null

27-02-2025T17:29:07 - [TEST_STEP][PASSED] - y = loc.getY(): null

27-02-2025T17:29:07 - [TEST_STEP][PASSED] - println("Y location is " + y): null

27-02-2025T17:29:07 - [TEST_STEP][PASSED] - top = getViewportTopPosition(): Current viewport's top (y) position is 601

27-02-2025T17:29:07 - [MESSAGE][PASSED] - Current viewport's top (y) position is 601

27-02-2025T17:29:07 - [TEST_STEP][PASSED] - println("Viewport top is " + top): null

27-02-2025T17:29:07 - [TEST_STEP][PASSED] - bottom = top + 600: null

27-02-2025T17:29:07 - [TEST_STEP][PASSED] - if (y - top < 150 || bottom - y < 10): Delayed 1 second(s)

27-02-2025T17:29:07 - [TEST_STEP][PASSED] - scrollToPosition(0, y - 150): Browser is scrolled to position x = 0, y = 1122

27-02-2025T17:29:07 - [MESSAGE][PASSED] - Browser is scrolled to position x = 0, y = 1122

27-02-2025T17:29:07 - [TEST_STEP][PASSED] - delay(1): Delayed 1 second(s)

27-02-2025T17:29:08 - [MESSAGE][PASSED] - Delayed 1 second(s)

27-02-2025T17:29:08 - [TEST_STEP][PASSED] - if (action == "click"): null

27-02-2025T17:29:08 - [TEST_STEP][PASSED] - else if (action == "selectOptionByValue"): All options with value 'North America' are selected in object 'Object Repository/Education Partner Profile/Tabs/Contact Info/select_World Region' 

27-02-2025T17:29:08 - [TEST_STEP][PASSED] - println("Selecting " + parm1): null

27-02-2025T17:29:08 - [TEST_STEP][PASSED] - selectOptionByValue(findTestObject(testObject), parm1, false): All options with value 'North America' are selected in object 'Object Repository/Education Partner Profile/Tabs/Contact Info/select_World Region' 

27-02-2025T17:29:08 - [MESSAGE][PASSED] - All options with value 'North America' are selected in object 'Object Repository/Education Partner Profile/Tabs/Contact Info/select_World Region' 

27-02-2025T17:29:08 - [MESSAGE][PASSED] - Call Test Case 'Test Cases/_Functions/Perform Action' successfully

27-02-2025T17:29:08 - [TEST_STEP][PASSED] - callTestCase(findTestCase("_Functions/Test External Links"), ["varPageLinks":pageLinks, "varObjectPath":"Object Repository/Education Partner Profile/Tabs/Contact Info/"], OPTIONAL): Unable to call Test Case 'Test Cases/_Functions/Test External Links' (Root cause: com.kms.katalon.core.exception.StepErrorException: Call Test Case 'Test Cases/_Functions/Test External Links' failed because of error(s)
	at com.kms.katalon.core.keyword.builtin.CallTestCaseKeyword$_callTestCase_closure1.doCall(CallTestCaseKeyword.groovy:66)
	at com.kms.katalon.core.keyword.builtin.CallTestCaseKeyword$_callTestCase_closure1.call(CallTestCaseKeyword.groovy)
	at com.kms.katalon.core.keyword.internal.KeywordMain.runKeyword(KeywordMain.groovy:75)
	at com.kms.katalon.core.keyword.builtin.CallTestCaseKeyword.callTestCase(CallTestCaseKeyword.groovy:81)
	at com.kms.katalon.core.keyword.builtin.CallTestCaseKeyword.execute(CallTestCaseKeyword.groovy:44)
	at com.kms.katalon.core.keyword.internal.KeywordExecutor.executeKeywordForPlatform(KeywordExecutor.groovy:74)
	at com.kms.katalon.core.keyword.BuiltinKeywords.callTestCase(BuiltinKeywords.groovy:310)
	at jdk.internal.reflect.GeneratedMethodAccessor29.invoke(Unknown Source)
	at java.base/jdk.internal.reflect.DelegatingMethodAccessorImpl.invoke(DelegatingMethodAccessorImpl.java:43)
	at Set Contact Info.run(Set Contact Info:140)
	at com.kms.katalon.core.main.ScriptEngine.run(ScriptEngine.java:194)
	at com.kms.katalon.core.main.ScriptEngine.runScriptAsRawText(ScriptEngine.java:119)
	at com.kms.katalon.core.main.TestCaseExecutor.runScript(TestCaseExecutor.java:448)
	at com.kms.katalon.core.main.TestCaseExecutor.doExecute(TestCaseExecutor.java:439)
	at com.kms.katalon.core.main.TestCaseExecutor.processExecutionPhase(TestCaseExecutor.java:418)
	at com.kms.katalon.core.main.TestCaseExecutor.accessMainPhase(TestCaseExecutor.java:410)
	at com.kms.katalon.core.main.TestCaseExecutor.execute(TestCaseExecutor.java:285)
	at com.kms.katalon.core.main.TestCaseMain.runTestCase(TestCaseMain.java:137)
	at com.kms.katalon.core.keyword.builtin.CallTestCaseKeyword$_callTestCase_closure1.doCall(CallTestCaseKeyword.groovy:59)
	at com.kms.katalon.core.keyword.builtin.CallTestCaseKeyword$_callTestCase_closure1.call(CallTestCaseKeyword.groovy)
	at com.kms.katalon.core.keyword.internal.KeywordMain.runKeyword(KeywordMain.groovy:75)
	at com.kms.katalon.core.keyword.builtin.CallTestCaseKeyword.callTestCase(CallTestCaseKeyword.groovy:81)
	at com.kms.katalon.core.keyword.builtin.CallTestCaseKeyword.execute(CallTestCaseKeyword.groovy:44)
	at com.kms.katalon.core.keyword.internal.KeywordExecutor.executeKeywordForPlatform(KeywordExecutor.groovy:74)
	at com.kms.katalon.core.keyword.BuiltinKeywords.callTestCase(BuiltinKeywords.groovy:310)
	at jdk.internal.reflect.GeneratedMethodAccessor29.invoke(Unknown Source)
	at java.base/jdk.internal.reflect.DelegatingMethodAccessorImpl.invoke(DelegatingMethodAccessorImpl.java:43)
	at Complete Education Partner Profile.run(Complete Education Partner Profile:97)
	at com.kms.katalon.core.main.ScriptEngine.run(ScriptEngine.java:194)
	at com.kms.katalon.core.main.ScriptEngine.runScriptAsRawText(ScriptEngine.java:119)
	at com.kms.katalon.core.main.TestCaseExecutor.runScript(TestCaseExecutor.java:448)
	at com.kms.katalon.core.main.TestCaseExecutor.doExecute(TestCaseExecutor.java:439)
	at com.kms.katalon.core.main.TestCaseExecutor.processExecutionPhase(TestCaseExecutor.java:418)
	at com.kms.katalon.core.main.TestCaseExecutor.accessMainPhase(TestCaseExecutor.java:410)
	at com.kms.katalon.core.main.TestCaseExecutor.execute(TestCaseExecutor.java:285)
	at com.kms.katalon.core.main.TestCaseMain.runTestCase(TestCaseMain.java:137)
	at com.kms.katalon.core.keyword.builtin.CallTestCaseKeyword$_callTestCase_closure1.doCall(CallTestCaseKeyword.groovy:59)
	at com.kms.katalon.core.keyword.builtin.CallTestCaseKeyword$_callTestCase_closure1.call(CallTestCaseKeyword.groovy)
	at com.kms.katalon.core.keyword.internal.KeywordMain.runKeyword(KeywordMain.groovy:75)
	at com.kms.katalon.core.keyword.builtin.CallTestCaseKeyword.callTestCase(CallTestCaseKeyword.groovy:81)
	at com.kms.katalon.core.keyword.builtin.CallTestCaseKeyword.execute(CallTestCaseKeyword.groovy:44)
	at com.kms.katalon.core.keyword.internal.KeywordExecutor.executeKeywordForPlatform(KeywordExecutor.groovy:74)
	at com.kms.katalon.core.keyword.BuiltinKeywords.callTestCase(BuiltinKeywords.groovy:310)
	at jdk.internal.reflect.GeneratedMethodAccessor29.invoke(Unknown Source)
	at java.base/jdk.internal.reflect.DelegatingMethodAccessorImpl.invoke(DelegatingMethodAccessorImpl.java:43)
	at Register Education Partner.run(Register Education Partner:403)
	at com.kms.katalon.core.main.ScriptEngine.run(ScriptEngine.java:194)
	at com.kms.katalon.core.main.ScriptEngine.runScriptAsRawText(ScriptEngine.java:119)
	at com.kms.katalon.core.main.TestCaseExecutor.runScript(TestCaseExecutor.java:448)
	at com.kms.katalon.core.main.TestCaseExecutor.doExecute(TestCaseExecutor.java:439)
	at com.kms.katalon.core.main.TestCaseExecutor.processExecutionPhase(TestCaseExecutor.java:418)
	at com.kms.katalon.core.main.TestCaseExecutor.accessMainPhase(TestCaseExecutor.java:410)
	at com.kms.katalon.core.main.TestCaseExecutor.execute(TestCaseExecutor.java:285)
	at com.kms.katalon.core.common.CommonExecutor.accessTestCaseMainPhase(CommonExecutor.java:65)
	at com.kms.katalon.core.main.TestSuiteExecutor.accessTestSuiteMainPhase(TestSuiteExecutor.java:150)
	at com.kms.katalon.core.main.TestSuiteExecutor.execute(TestSuiteExecutor.java:106)
	at com.kms.katalon.core.main.TestCaseMain.startTestSuite(TestCaseMain.java:180)
	at TempTestSuite1740698292669.run(TempTestSuite1740698292669.groovy:35)
	at java.base/jdk.internal.reflect.NativeMethodAccessorImpl.invoke0(Native Method)
	at java.base/jdk.internal.reflect.NativeMethodAccessorImpl.invoke(NativeMethodAccessorImpl.java:77)
	at java.base/jdk.internal.reflect.DelegatingMethodAccessorImpl.invoke(DelegatingMethodAccessorImpl.java:43)
Caused by: com.kms.katalon.core.exception.StepErrorException: 
----- The text "International Zip Code" was NOT found after clicking on the Find your International Post Code link
	at com.kms.katalon.core.util.KeywordUtil.markError(KeywordUtil.java:67)
	at Test External Links.run(Test External Links:101)
	at com.kms.katalon.core.main.ScriptEngine.run(ScriptEngine.java:194)
	at com.kms.katalon.core.main.ScriptEngine.runScriptAsRawText(ScriptEngine.java:119)
	at com.kms.katalon.core.main.TestCaseExecutor.runScript(TestCaseExecutor.java:448)
	at com.kms.katalon.core.main.TestCaseExecutor.doExecute(TestCaseExecutor.java:439)
	at com.kms.katalon.core.main.TestCaseExecutor.processExecutionPhase(TestCaseExecutor.java:418)
	at com.kms.katalon.core.main.TestCaseExecutor.accessMainPhase(TestCaseExecutor.java:410)
	at com.kms.katalon.core.main.TestCaseExecutor.execute(TestCaseExecutor.java:285)
	at com.kms.katalon.core.main.TestCaseMain.runTestCase(TestCaseMain.java:137)
	at com.kms.katalon.core.keyword.builtin.CallTestCaseKeyword$_callTestCase_closure1.doCall(CallTestCaseKeyword.groovy:59)
	... 60 more
)

27-02-2025T17:29:08 - [TEST_CASE][ERROR] - Test Cases/_Functions/Test External Links: Test Cases/_Functions/Test External Links FAILED.
Reason:
com.kms.katalon.core.exception.StepErrorException: 
----- The text "International Zip Code" was NOT found after clicking on the Find your International Post Code link
	at com.kms.katalon.core.util.KeywordUtil.markError(KeywordUtil.java:67)
	at Test External Links.run(Test External Links:101)
	at com.kms.katalon.core.main.ScriptEngine.run(ScriptEngine.java:194)
	at com.kms.katalon.core.main.ScriptEngine.runScriptAsRawText(ScriptEngine.java:119)
	at com.kms.katalon.core.main.TestCaseExecutor.runScript(TestCaseExecutor.java:448)
	at com.kms.katalon.core.main.TestCaseExecutor.doExecute(TestCaseExecutor.java:439)
	at com.kms.katalon.core.main.TestCaseExecutor.processExecutionPhase(TestCaseExecutor.java:418)
	at com.kms.katalon.core.main.TestCaseExecutor.accessMainPhase(TestCaseExecutor.java:410)
	at com.kms.katalon.core.main.TestCaseExecutor.execute(TestCaseExecutor.java:285)
	at com.kms.katalon.core.main.TestCaseMain.runTestCase(TestCaseMain.java:137)
	at com.kms.katalon.core.keyword.builtin.CallTestCaseKeyword$_callTestCase_closure1.doCall(CallTestCaseKeyword.groovy:59)
	at com.kms.katalon.core.keyword.builtin.CallTestCaseKeyword$_callTestCase_closure1.call(CallTestCaseKeyword.groovy)
	at com.kms.katalon.core.keyword.internal.KeywordMain.runKeyword(KeywordMain.groovy:75)
	at com.kms.katalon.core.keyword.builtin.CallTestCaseKeyword.callTestCase(CallTestCaseKeyword.groovy:81)
	at com.kms.katalon.core.keyword.builtin.CallTestCaseKeyword.execute(CallTestCaseKeyword.groovy:44)
	at com.kms.katalon.core.keyword.internal.KeywordExecutor.executeKeywordForPlatform(KeywordExecutor.groovy:74)
	at com.kms.katalon.core.keyword.BuiltinKeywords.callTestCase(BuiltinKeywords.groovy:310)
	at jdk.internal.reflect.GeneratedMethodAccessor29.invoke(Unknown Source)
	at java.base/jdk.internal.reflect.DelegatingMethodAccessorImpl.invoke(DelegatingMethodAccessorImpl.java:43)
	at Set Contact Info.run(Set Contact Info:140)
	at com.kms.katalon.core.main.ScriptEngine.run(ScriptEngine.java:194)
	at com.kms.katalon.core.main.ScriptEngine.runScriptAsRawText(ScriptEngine.java:119)
	at com.kms.katalon.core.main.TestCaseExecutor.runScript(TestCaseExecutor.java:448)
	at com.kms.katalon.core.main.TestCaseExecutor.doExecute(TestCaseExecutor.java:439)
	at com.kms.katalon.core.main.TestCaseExecutor.processExecutionPhase(TestCaseExecutor.java:418)
	at com.kms.katalon.core.main.TestCaseExecutor.accessMainPhase(TestCaseExecutor.java:410)
	at com.kms.katalon.core.main.TestCaseExecutor.execute(TestCaseExecutor.java:285)
	at com.kms.katalon.core.main.TestCaseMain.runTestCase(TestCaseMain.java:137)
	at com.kms.katalon.core.keyword.builtin.CallTestCaseKeyword$_callTestCase_closure1.doCall(CallTestCaseKeyword.groovy:59)
	at com.kms.katalon.core.keyword.builtin.CallTestCaseKeyword$_callTestCase_closure1.call(CallTestCaseKeyword.groovy)
	at com.kms.katalon.core.keyword.internal.KeywordMain.runKeyword(KeywordMain.groovy:75)
	at com.kms.katalon.core.keyword.builtin.CallTestCaseKeyword.callTestCase(CallTestCaseKeyword.groovy:81)
	at com.kms.katalon.core.keyword.builtin.CallTestCaseKeyword.execute(CallTestCaseKeyword.groovy:44)
	at com.kms.katalon.core.keyword.internal.KeywordExecutor.executeKeywordForPlatform(KeywordExecutor.groovy:74)
	at com.kms.katalon.core.keyword.BuiltinKeywords.callTestCase(BuiltinKeywords.groovy:310)
	at jdk.internal.reflect.GeneratedMethodAccessor29.invoke(Unknown Source)
	at java.base/jdk.internal.reflect.DelegatingMethodAccessorImpl.invoke(DelegatingMethodAccessorImpl.java:43)
	at Complete Education Partner Profile.run(Complete Education Partner Profile:97)
	at com.kms.katalon.core.main.ScriptEngine.run(ScriptEngine.java:194)
	at com.kms.katalon.core.main.ScriptEngine.runScriptAsRawText(ScriptEngine.java:119)
	at com.kms.katalon.core.main.TestCaseExecutor.runScript(TestCaseExecutor.java:448)
	at com.kms.katalon.core.main.TestCaseExecutor.doExecute(TestCaseExecutor.java:439)
	at com.kms.katalon.core.main.TestCaseExecutor.processExecutionPhase(TestCaseExecutor.java:418)
	at com.kms.katalon.core.main.TestCaseExecutor.accessMainPhase(TestCaseExecutor.java:410)
	at com.kms.katalon.core.main.TestCaseExecutor.execute(TestCaseExecutor.java:285)
	at com.kms.katalon.core.main.TestCaseMain.runTestCase(TestCaseMain.java:137)
	at com.kms.katalon.core.keyword.builtin.CallTestCaseKeyword$_callTestCase_closure1.doCall(CallTestCaseKeyword.groovy:59)
	at com.kms.katalon.core.keyword.builtin.CallTestCaseKeyword$_callTestCase_closure1.call(CallTestCaseKeyword.groovy)
	at com.kms.katalon.core.keyword.internal.KeywordMain.runKeyword(KeywordMain.groovy:75)
	at com.kms.katalon.core.keyword.builtin.CallTestCaseKeyword.callTestCase(CallTestCaseKeyword.groovy:81)
	at com.kms.katalon.core.keyword.builtin.CallTestCaseKeyword.execute(CallTestCaseKeyword.groovy:44)
	at com.kms.katalon.core.keyword.internal.KeywordExecutor.executeKeywordForPlatform(KeywordExecutor.groovy:74)
	at com.kms.katalon.core.keyword.BuiltinKeywords.callTestCase(BuiltinKeywords.groovy:310)
	at jdk.internal.reflect.GeneratedMethodAccessor29.invoke(Unknown Source)
	at java.base/jdk.internal.reflect.DelegatingMethodAccessorImpl.invoke(DelegatingMethodAccessorImpl.java:43)
	at Register Education Partner.run(Register Education Partner:403)
	at com.kms.katalon.core.main.ScriptEngine.run(ScriptEngine.java:194)
	at com.kms.katalon.core.main.ScriptEngine.runScriptAsRawText(ScriptEngine.java:119)
	at com.kms.katalon.core.main.TestCaseExecutor.runScript(TestCaseExecutor.java:448)
	at com.kms.katalon.core.main.TestCaseExecutor.doExecute(TestCaseExecutor.java:439)
	at com.kms.katalon.core.main.TestCaseExecutor.processExecutionPhase(TestCaseExecutor.java:418)
	at com.kms.katalon.core.main.TestCaseExecutor.accessMainPhase(TestCaseExecutor.java:410)
	at com.kms.katalon.core.main.TestCaseExecutor.execute(TestCaseExecutor.java:285)
	at com.kms.katalon.core.common.CommonExecutor.accessTestCaseMainPhase(CommonExecutor.java:65)
	at com.kms.katalon.core.main.TestSuiteExecutor.accessTestSuiteMainPhase(TestSuiteExecutor.java:150)
	at com.kms.katalon.core.main.TestSuiteExecutor.execute(TestSuiteExecutor.java:106)
	at com.kms.katalon.core.main.TestCaseMain.startTestSuite(TestCaseMain.java:180)
	at TempTestSuite1740698292669.run(TempTestSuite1740698292669.groovy:35)
	at java.base/jdk.internal.reflect.NativeMethodAccessorImpl.invoke0(Native Method)
	at java.base/jdk.internal.reflect.NativeMethodAccessorImpl.invoke(NativeMethodAccessorImpl.java:77)
	at java.base/jdk.internal.reflect.DelegatingMethodAccessorImpl.invoke(DelegatingMethodAccessorImpl.java:43)


27-02-2025T17:29:08 - [TEST_STEP][PASSED] - if (fastPath): null

27-02-2025T17:29:08 - [TEST_STEP][PASSED] - outFile = outFile: null

27-02-2025T17:29:08 - [TEST_STEP][PASSED] - pageLinks = varPageLinks: null

27-02-2025T17:29:08 - [TEST_STEP][PASSED] - println(pageLinks): null

27-02-2025T17:29:08 - [TEST_STEP][PASSED] - objectPath = varObjectPath: null

27-02-2025T17:29:08 - [TEST_STEP][PASSED] - println(objectPath): null

27-02-2025T17:29:08 - [TEST_STEP][PASSED] - callingTab = varCallingTab: null

27-02-2025T17:29:08 - [TEST_STEP][PASSED] - println(callingTab): null

27-02-2025T17:29:08 - [TEST_STEP][PASSED] - driver = getWebDriver(): null

27-02-2025T17:29:08 - [TEST_STEP][ERROR] - for (def it : pageLinks): Test Cases/_Functions/Test External Links FAILED.
Reason:
com.kms.katalon.core.exception.StepErrorException: 
----- The text "International Zip Code" was NOT found after clicking on the Find your International Post Code link
	at com.kms.katalon.core.util.KeywordUtil.markError(KeywordUtil.java:67)
	at Test External Links.run(Test External Links:101)
	at com.kms.katalon.core.main.ScriptEngine.run(ScriptEngine.java:194)
	at com.kms.katalon.core.main.ScriptEngine.runScriptAsRawText(ScriptEngine.java:119)
	at com.kms.katalon.core.main.TestCaseExecutor.runScript(TestCaseExecutor.java:448)
	at com.kms.katalon.core.main.TestCaseExecutor.doExecute(TestCaseExecutor.java:439)
	at com.kms.katalon.core.main.TestCaseExecutor.processExecutionPhase(TestCaseExecutor.java:418)
	at com.kms.katalon.core.main.TestCaseExecutor.accessMainPhase(TestCaseExecutor.java:410)
	at com.kms.katalon.core.main.TestCaseExecutor.execute(TestCaseExecutor.java:285)
	at com.kms.katalon.core.main.TestCaseMain.runTestCase(TestCaseMain.java:137)
	at com.kms.katalon.core.keyword.builtin.CallTestCaseKeyword$_callTestCase_closure1.doCall(CallTestCaseKeyword.groovy:59)
	at com.kms.katalon.core.keyword.builtin.CallTestCaseKeyword$_callTestCase_closure1.call(CallTestCaseKeyword.groovy)
	at com.kms.katalon.core.keyword.internal.KeywordMain.runKeyword(KeywordMain.groovy:75)
	at com.kms.katalon.core.keyword.builtin.CallTestCaseKeyword.callTestCase(CallTestCaseKeyword.groovy:81)
	at com.kms.katalon.core.keyword.builtin.CallTestCaseKeyword.execute(CallTestCaseKeyword.groovy:44)
	at com.kms.katalon.core.keyword.internal.KeywordExecutor.executeKeywordForPlatform(KeywordExecutor.groovy:74)
	at com.kms.katalon.core.keyword.BuiltinKeywords.callTestCase(BuiltinKeywords.groovy:310)
	at jdk.internal.reflect.GeneratedMethodAccessor29.invoke(Unknown Source)
	at java.base/jdk.internal.reflect.DelegatingMethodAccessorImpl.invoke(DelegatingMethodAccessorImpl.java:43)
	at Set Contact Info.run(Set Contact Info:140)
	at com.kms.katalon.core.main.ScriptEngine.run(ScriptEngine.java:194)
	at com.kms.katalon.core.main.ScriptEngine.runScriptAsRawText(ScriptEngine.java:119)
	at com.kms.katalon.core.main.TestCaseExecutor.runScript(TestCaseExecutor.java:448)
	at com.kms.katalon.core.main.TestCaseExecutor.doExecute(TestCaseExecutor.java:439)
	at com.kms.katalon.core.main.TestCaseExecutor.processExecutionPhase(TestCaseExecutor.java:418)
	at com.kms.katalon.core.main.TestCaseExecutor.accessMainPhase(TestCaseExecutor.java:410)
	at com.kms.katalon.core.main.TestCaseExecutor.execute(TestCaseExecutor.java:285)
	at com.kms.katalon.core.main.TestCaseMain.runTestCase(TestCaseMain.java:137)
	at com.kms.katalon.core.keyword.builtin.CallTestCaseKeyword$_callTestCase_closure1.doCall(CallTestCaseKeyword.groovy:59)
	at com.kms.katalon.core.keyword.builtin.CallTestCaseKeyword$_callTestCase_closure1.call(CallTestCaseKeyword.groovy)
	at com.kms.katalon.core.keyword.internal.KeywordMain.runKeyword(KeywordMain.groovy:75)
	at com.kms.katalon.core.keyword.builtin.CallTestCaseKeyword.callTestCase(CallTestCaseKeyword.groovy:81)
	at com.kms.katalon.core.keyword.builtin.CallTestCaseKeyword.execute(CallTestCaseKeyword.groovy:44)
	at com.kms.katalon.core.keyword.internal.KeywordExecutor.executeKeywordForPlatform(KeywordExecutor.groovy:74)
	at com.kms.katalon.core.keyword.BuiltinKeywords.callTestCase(BuiltinKeywords.groovy:310)
	at jdk.internal.reflect.GeneratedMethodAccessor29.invoke(Unknown Source)
	at java.base/jdk.internal.reflect.DelegatingMethodAccessorImpl.invoke(DelegatingMethodAccessorImpl.java:43)
	at Complete Education Partner Profile.run(Complete Education Partner Profile:97)
	at com.kms.katalon.core.main.ScriptEngine.run(ScriptEngine.java:194)
	at com.kms.katalon.core.main.ScriptEngine.runScriptAsRawText(ScriptEngine.java:119)
	at com.kms.katalon.core.main.TestCaseExecutor.runScript(TestCaseExecutor.java:448)
	at com.kms.katalon.core.main.TestCaseExecutor.doExecute(TestCaseExecutor.java:439)
	at com.kms.katalon.core.main.TestCaseExecutor.processExecutionPhase(TestCaseExecutor.java:418)
	at com.kms.katalon.core.main.TestCaseExecutor.accessMainPhase(TestCaseExecutor.java:410)
	at com.kms.katalon.core.main.TestCaseExecutor.execute(TestCaseExecutor.java:285)
	at com.kms.katalon.core.main.TestCaseMain.runTestCase(TestCaseMain.java:137)
	at com.kms.katalon.core.keyword.builtin.CallTestCaseKeyword$_callTestCase_closure1.doCall(CallTestCaseKeyword.groovy:59)
	at com.kms.katalon.core.keyword.builtin.CallTestCaseKeyword$_callTestCase_closure1.call(CallTestCaseKeyword.groovy)
	at com.kms.katalon.core.keyword.internal.KeywordMain.runKeyword(KeywordMain.groovy:75)
	at com.kms.katalon.core.keyword.builtin.CallTestCaseKeyword.callTestCase(CallTestCaseKeyword.groovy:81)
	at com.kms.katalon.core.keyword.builtin.CallTestCaseKeyword.execute(CallTestCaseKeyword.groovy:44)
	at com.kms.katalon.core.keyword.internal.KeywordExecutor.executeKeywordForPlatform(KeywordExecutor.groovy:74)
	at com.kms.katalon.core.keyword.BuiltinKeywords.callTestCase(BuiltinKeywords.groovy:310)
	at jdk.internal.reflect.GeneratedMethodAccessor29.invoke(Unknown Source)
	at java.base/jdk.internal.reflect.DelegatingMethodAccessorImpl.invoke(DelegatingMethodAccessorImpl.java:43)
	at Register Education Partner.run(Register Education Partner:403)
	at com.kms.katalon.core.main.ScriptEngine.run(ScriptEngine.java:194)
	at com.kms.katalon.core.main.ScriptEngine.runScriptAsRawText(ScriptEngine.java:119)
	at com.kms.katalon.core.main.TestCaseExecutor.runScript(TestCaseExecutor.java:448)
	at com.kms.katalon.core.main.TestCaseExecutor.doExecute(TestCaseExecutor.java:439)
	at com.kms.katalon.core.main.TestCaseExecutor.processExecutionPhase(TestCaseExecutor.java:418)
	at com.kms.katalon.core.main.TestCaseExecutor.accessMainPhase(TestCaseExecutor.java:410)
	at com.kms.katalon.core.main.TestCaseExecutor.execute(TestCaseExecutor.java:285)
	at com.kms.katalon.core.common.CommonExecutor.accessTestCaseMainPhase(CommonExecutor.java:65)
	at com.kms.katalon.core.main.TestSuiteExecutor.accessTestSuiteMainPhase(TestSuiteExecutor.java:150)
	at com.kms.katalon.core.main.TestSuiteExecutor.execute(TestSuiteExecutor.java:106)
	at com.kms.katalon.core.main.TestCaseMain.startTestSuite(TestCaseMain.java:180)
	at TempTestSuite1740698292669.run(TempTestSuite1740698292669.groovy:35)
	at java.base/jdk.internal.reflect.NativeMethodAccessorImpl.invoke0(Native Method)
	at java.base/jdk.internal.reflect.NativeMethodAccessorImpl.invoke(NativeMethodAccessorImpl.java:77)
	at java.base/jdk.internal.reflect.DelegatingMethodAccessorImpl.invoke(DelegatingMethodAccessorImpl.java:43)


27-02-2025T17:29:08 - [TEST_STEP][PASSED] - myElement = "a_" + key: null

27-02-2025T17:29:08 - [TEST_STEP][PASSED] - myText = value: null

27-02-2025T17:29:08 - [TEST_STEP][PASSED] - object = objectPath + myElement: null

27-02-2025T17:29:08 - [TEST_STEP][PASSED] - println(object): null

27-02-2025T17:29:08 - [TEST_STEP][PASSED] - fromURL = getUrl(): Current window's url is: 'https://education.missionnext.org/profile?requestUri=/dashboard'

27-02-2025T17:29:08 - [MESSAGE][PASSED] - Current window's url is: 'https://education.missionnext.org/profile?requestUri=/dashboard'

27-02-2025T17:29:08 - [TEST_STEP][PASSED] - callTestCase(findTestCase("_Functions/Perform Action"), ["varAction":"click", "varObject":object], OPTIONAL): Call Test Case 'Test Cases/_Functions/Perform Action' successfully

27-02-2025T17:29:08 - [TEST_CASE][PASSED] - Test Cases/_Functions/Perform Action: Test Cases/_Functions/Perform Action

27-02-2025T17:29:08 - [TEST_STEP][PASSED] - action = varAction: null

27-02-2025T17:29:08 - [TEST_STEP][PASSED] - println(action): null

27-02-2025T17:29:08 - [TEST_STEP][PASSED] - testObject = varObject: null

27-02-2025T17:29:08 - [TEST_STEP][PASSED] - println(testObject): null

27-02-2025T17:29:08 - [TEST_STEP][PASSED] - parm1 = varParm1: null

27-02-2025T17:29:08 - [TEST_STEP][PASSED] - println(parm1): null

27-02-2025T17:29:08 - [TEST_STEP][PASSED] - println("Converting " + testObject + " to web element"): null

27-02-2025T17:29:08 - [TEST_STEP][PASSED] - element = findWebElement(findTestObject(testObject), 1): null

27-02-2025T17:29:08 - [TEST_STEP][PASSED] - loc = element.getLocation(): null

27-02-2025T17:29:08 - [TEST_STEP][PASSED] - y = loc.getY(): null

27-02-2025T17:29:08 - [TEST_STEP][PASSED] - println("Y location is " + y): null

27-02-2025T17:29:08 - [TEST_STEP][PASSED] - top = getViewportTopPosition(): Current viewport's top (y) position is 958

27-02-2025T17:29:08 - [MESSAGE][PASSED] - Current viewport's top (y) position is 958

27-02-2025T17:29:08 - [TEST_STEP][PASSED] - println("Viewport top is " + top): null

27-02-2025T17:29:08 - [TEST_STEP][PASSED] - bottom = top + 600: null

27-02-2025T17:29:08 - [TEST_STEP][PASSED] - if (y - top < 150 || bottom - y < 10): null

27-02-2025T17:29:08 - [TEST_STEP][PASSED] - if (action == "click"): Object: 'Object Repository/Education Partner Profile/Tabs/Contact Info/a_countries by region' is clicked on

27-02-2025T17:29:08 - [TEST_STEP][PASSED] - println("clicking"): null

27-02-2025T17:29:08 - [TEST_STEP][PASSED] - click(findTestObject(testObject)): Object: 'Object Repository/Education Partner Profile/Tabs/Contact Info/a_countries by region' is clicked on

27-02-2025T17:29:08 - [MESSAGE][PASSED] - Object: 'Object Repository/Education Partner Profile/Tabs/Contact Info/a_countries by region' is clicked on

27-02-2025T17:29:08 - [MESSAGE][PASSED] - Call Test Case 'Test Cases/_Functions/Perform Action' successfully

27-02-2025T17:29:08 - [TEST_STEP][PASSED] - toURL = getUrl(): Current window's url is: 'https://education.missionnext.org/profile?requestUri=/dashboard'

27-02-2025T17:29:08 - [MESSAGE][PASSED] - Current window's url is: 'https://education.missionnext.org/profile?requestUri=/dashboard'

27-02-2025T17:29:08 - [TEST_STEP][PASSED] - windowHandles = getWindowHandles().toArray(): null

27-02-2025T17:29:08 - [TEST_STEP][PASSED] - windowCount = windowHandles.size(): null

27-02-2025T17:29:08 - [TEST_STEP][PASSED] - if (windowCount == 2): Switched to window with index: '1'

27-02-2025T17:29:08 - [TEST_STEP][PASSED] - switchToWindowIndex(1): Switched to window with index: '1'

27-02-2025T17:29:08 - [MESSAGE][PASSED] - Switched to window with index: '1'

27-02-2025T17:29:08 - [TEST_STEP][PASSED] - if (windowCount == 1 && toURL == fromURL): null

27-02-2025T17:29:08 - [TEST_STEP][PASSED] - else: Text 'Countries by Region' is present on page 

27-02-2025T17:29:08 - [TEST_STEP][PASSED] - waitForPageLoad(10): Wait for page load successfully

27-02-2025T17:29:09 - [MESSAGE][PASSED] - Wait for page load successfully

27-02-2025T17:29:09 - [TEST_STEP][PASSED] - delay(2): Delayed 2 second(s)

27-02-2025T17:29:11 - [MESSAGE][PASSED] - Delayed 2 second(s)

27-02-2025T17:29:11 - [TEST_STEP][PASSED] - textFound = verifyTextPresent(myText, false, OPTIONAL): Text 'Countries by Region' is present on page 

27-02-2025T17:29:12 - [MESSAGE][PASSED] - Text 'Countries by Region' is present on page 

27-02-2025T17:29:12 - [TEST_STEP][PASSED] - if (textFound): null

27-02-2025T17:29:12 - [TEST_STEP][PASSED] - outText = "+++++ The text "" + myText + "" was found after clicking on the " + key + " link": null

27-02-2025T17:29:12 - [TEST_STEP][PASSED] - println(outText): null

27-02-2025T17:29:12 - [TEST_STEP][PASSED] - outFile.append(outText + "
"): null

27-02-2025T17:29:12 - [TEST_STEP][PASSED] - if (windowCount == 2): Delayed 1 second(s)

27-02-2025T17:29:12 - [TEST_STEP][PASSED] - closeWindowIndex(1): Window with index 1 is closed

27-02-2025T17:29:12 - [MESSAGE][PASSED] - Window with index 1 is closed

27-02-2025T17:29:12 - [TEST_STEP][PASSED] - delay(1): Delayed 1 second(s)

27-02-2025T17:29:13 - [MESSAGE][PASSED] - Delayed 1 second(s)

27-02-2025T17:29:13 - [TEST_STEP][PASSED] - switchToWindowIndex(0): Switched to window with index: '0'

27-02-2025T17:29:13 - [MESSAGE][PASSED] - Switched to window with index: '0'

27-02-2025T17:29:13 - [TEST_STEP][PASSED] - delay(1): Delayed 1 second(s)

27-02-2025T17:29:14 - [MESSAGE][PASSED] - Delayed 1 second(s)

27-02-2025T17:29:14 - [TEST_STEP][PASSED] - myElement = "a_" + key: null

27-02-2025T17:29:14 - [TEST_STEP][PASSED] - myText = value: null

27-02-2025T17:29:14 - [TEST_STEP][PASSED] - object = objectPath + myElement: null

27-02-2025T17:29:14 - [TEST_STEP][PASSED] - println(object): null

27-02-2025T17:29:14 - [TEST_STEP][PASSED] - fromURL = getUrl(): Current window's url is: 'https://education.missionnext.org/profile?requestUri=/dashboard'

27-02-2025T17:29:14 - [MESSAGE][PASSED] - Current window's url is: 'https://education.missionnext.org/profile?requestUri=/dashboard'

27-02-2025T17:29:14 - [TEST_STEP][PASSED] - callTestCase(findTestCase("_Functions/Perform Action"), ["varAction":"click", "varObject":object], OPTIONAL): Call Test Case 'Test Cases/_Functions/Perform Action' successfully

27-02-2025T17:29:14 - [TEST_CASE][PASSED] - Test Cases/_Functions/Perform Action: Test Cases/_Functions/Perform Action

27-02-2025T17:29:14 - [TEST_STEP][PASSED] - action = varAction: null

27-02-2025T17:29:14 - [TEST_STEP][PASSED] - println(action): null

27-02-2025T17:29:14 - [TEST_STEP][PASSED] - testObject = varObject: null

27-02-2025T17:29:14 - [TEST_STEP][PASSED] - println(testObject): null

27-02-2025T17:29:14 - [TEST_STEP][PASSED] - parm1 = varParm1: null

27-02-2025T17:29:14 - [TEST_STEP][PASSED] - println(parm1): null

27-02-2025T17:29:14 - [TEST_STEP][PASSED] - println("Converting " + testObject + " to web element"): null

27-02-2025T17:29:14 - [TEST_STEP][PASSED] - element = findWebElement(findTestObject(testObject), 1): null

27-02-2025T17:29:14 - [TEST_STEP][PASSED] - loc = element.getLocation(): null

27-02-2025T17:29:14 - [TEST_STEP][PASSED] - y = loc.getY(): null

27-02-2025T17:29:14 - [TEST_STEP][PASSED] - println("Y location is " + y): null

27-02-2025T17:29:14 - [TEST_STEP][PASSED] - top = getViewportTopPosition(): Current viewport's top (y) position is 958

27-02-2025T17:29:14 - [MESSAGE][PASSED] - Current viewport's top (y) position is 958

27-02-2025T17:29:14 - [TEST_STEP][PASSED] - println("Viewport top is " + top): null

27-02-2025T17:29:14 - [TEST_STEP][PASSED] - bottom = top + 600: null

27-02-2025T17:29:14 - [TEST_STEP][PASSED] - if (y - top < 150 || bottom - y < 10): null

27-02-2025T17:29:14 - [TEST_STEP][PASSED] - if (action == "click"): Object: 'Object Repository/Education Partner Profile/Tabs/Contact Info/a_Find your International Post Code' is clicked on

27-02-2025T17:29:14 - [TEST_STEP][PASSED] - println("clicking"): null

27-02-2025T17:29:14 - [TEST_STEP][PASSED] - click(findTestObject(testObject)): Object: 'Object Repository/Education Partner Profile/Tabs/Contact Info/a_Find your International Post Code' is clicked on

27-02-2025T17:29:14 - [MESSAGE][PASSED] - Object: 'Object Repository/Education Partner Profile/Tabs/Contact Info/a_Find your International Post Code' is clicked on

27-02-2025T17:29:14 - [MESSAGE][PASSED] - Call Test Case 'Test Cases/_Functions/Perform Action' successfully

27-02-2025T17:29:14 - [TEST_STEP][PASSED] - toURL = getUrl(): Current window's url is: 'https://education.missionnext.org/profile?requestUri=/dashboard'

27-02-2025T17:29:14 - [MESSAGE][PASSED] - Current window's url is: 'https://education.missionnext.org/profile?requestUri=/dashboard'

27-02-2025T17:29:14 - [TEST_STEP][PASSED] - windowHandles = getWindowHandles().toArray(): null

27-02-2025T17:29:14 - [TEST_STEP][PASSED] - windowCount = windowHandles.size(): null

27-02-2025T17:29:14 - [TEST_STEP][PASSED] - if (windowCount == 2): Switched to window with index: '1'

27-02-2025T17:29:14 - [TEST_STEP][PASSED] - switchToWindowIndex(1): Switched to window with index: '1'

27-02-2025T17:29:14 - [MESSAGE][PASSED] - Switched to window with index: '1'

27-02-2025T17:29:14 - [TEST_STEP][PASSED] - if (windowCount == 1 && toURL == fromURL): null

27-02-2025T17:29:14 - [TEST_STEP][PASSED] - else: Text 'International Zip Code' is not present on page  (Root cause: com.kms.katalon.core.exception.StepFailedException: Text 'International Zip Code' is not present on page 
	at com.kms.katalon.core.webui.keyword.internal.WebUIKeywordMain.stepFailed(WebUIKeywordMain.groovy:117)
	at com.kms.katalon.core.webui.keyword.builtin.VerifyTextPresentKeyword$_verifyTextPresent_closure1.doCall(VerifyTextPresentKeyword.groovy:79)
	at com.kms.katalon.core.webui.keyword.builtin.VerifyTextPresentKeyword$_verifyTextPresent_closure1.call(VerifyTextPresentKeyword.groovy)
	at com.kms.katalon.core.webui.keyword.internal.WebUIKeywordMain.runKeyword(WebUIKeywordMain.groovy:35)
	at com.kms.katalon.core.webui.keyword.builtin.VerifyTextPresentKeyword.verifyTextPresent(VerifyTextPresentKeyword.groovy:83)
	at com.kms.katalon.core.webui.keyword.builtin.VerifyTextPresentKeyword.execute(VerifyTextPresentKeyword.groovy:68)
	at com.kms.katalon.core.keyword.internal.KeywordExecutor.executeKeywordForPlatform(KeywordExecutor.groovy:74)
	at com.kms.katalon.core.webui.keyword.WebUiBuiltInKeywords.verifyTextPresent(WebUiBuiltInKeywords.groovy:1746)
	at Test External Links.run(Test External Links:85)
	at com.kms.katalon.core.main.ScriptEngine.run(ScriptEngine.java:194)
	at com.kms.katalon.core.main.ScriptEngine.runScriptAsRawText(ScriptEngine.java:119)
	at com.kms.katalon.core.main.TestCaseExecutor.runScript(TestCaseExecutor.java:448)
	at com.kms.katalon.core.main.TestCaseExecutor.doExecute(TestCaseExecutor.java:439)
	at com.kms.katalon.core.main.TestCaseExecutor.processExecutionPhase(TestCaseExecutor.java:418)
	at com.kms.katalon.core.main.TestCaseExecutor.accessMainPhase(TestCaseExecutor.java:410)
	at com.kms.katalon.core.main.TestCaseExecutor.execute(TestCaseExecutor.java:285)
	at com.kms.katalon.core.main.TestCaseMain.runTestCase(TestCaseMain.java:137)
	at com.kms.katalon.core.keyword.builtin.CallTestCaseKeyword$_callTestCase_closure1.doCall(CallTestCaseKeyword.groovy:59)
	at com.kms.katalon.core.keyword.builtin.CallTestCaseKeyword$_callTestCase_closure1.call(CallTestCaseKeyword.groovy)
	at com.kms.katalon.core.keyword.internal.KeywordMain.runKeyword(KeywordMain.groovy:75)
	at com.kms.katalon.core.keyword.builtin.CallTestCaseKeyword.callTestCase(CallTestCaseKeyword.groovy:81)
	at com.kms.katalon.core.keyword.builtin.CallTestCaseKeyword.execute(CallTestCaseKeyword.groovy:44)
	at com.kms.katalon.core.keyword.internal.KeywordExecutor.executeKeywordForPlatform(KeywordExecutor.groovy:74)
	at com.kms.katalon.core.keyword.BuiltinKeywords.callTestCase(BuiltinKeywords.groovy:310)
	at jdk.internal.reflect.GeneratedMethodAccessor29.invoke(Unknown Source)
	at java.base/jdk.internal.reflect.DelegatingMethodAccessorImpl.invoke(DelegatingMethodAccessorImpl.java:43)
	at Set Contact Info.run(Set Contact Info:140)
	at com.kms.katalon.core.main.ScriptEngine.run(ScriptEngine.java:194)
	at com.kms.katalon.core.main.ScriptEngine.runScriptAsRawText(ScriptEngine.java:119)
	at com.kms.katalon.core.main.TestCaseExecutor.runScript(TestCaseExecutor.java:448)
	at com.kms.katalon.core.main.TestCaseExecutor.doExecute(TestCaseExecutor.java:439)
	at com.kms.katalon.core.main.TestCaseExecutor.processExecutionPhase(TestCaseExecutor.java:418)
	at com.kms.katalon.core.main.TestCaseExecutor.accessMainPhase(TestCaseExecutor.java:410)
	at com.kms.katalon.core.main.TestCaseExecutor.execute(TestCaseExecutor.java:285)
	at com.kms.katalon.core.main.TestCaseMain.runTestCase(TestCaseMain.java:137)
	at com.kms.katalon.core.keyword.builtin.CallTestCaseKeyword$_callTestCase_closure1.doCall(CallTestCaseKeyword.groovy:59)
	at com.kms.katalon.core.keyword.builtin.CallTestCaseKeyword$_callTestCase_closure1.call(CallTestCaseKeyword.groovy)
	at com.kms.katalon.core.keyword.internal.KeywordMain.runKeyword(KeywordMain.groovy:75)
	at com.kms.katalon.core.keyword.builtin.CallTestCaseKeyword.callTestCase(CallTestCaseKeyword.groovy:81)
	at com.kms.katalon.core.keyword.builtin.CallTestCaseKeyword.execute(CallTestCaseKeyword.groovy:44)
	at com.kms.katalon.core.keyword.internal.KeywordExecutor.executeKeywordForPlatform(KeywordExecutor.groovy:74)
	at com.kms.katalon.core.keyword.BuiltinKeywords.callTestCase(BuiltinKeywords.groovy:310)
	at jdk.internal.reflect.GeneratedMethodAccessor29.invoke(Unknown Source)
	at java.base/jdk.internal.reflect.DelegatingMethodAccessorImpl.invoke(DelegatingMethodAccessorImpl.java:43)
	at Complete Education Partner Profile.run(Complete Education Partner Profile:97)
	at com.kms.katalon.core.main.ScriptEngine.run(ScriptEngine.java:194)
	at com.kms.katalon.core.main.ScriptEngine.runScriptAsRawText(ScriptEngine.java:119)
	at com.kms.katalon.core.main.TestCaseExecutor.runScript(TestCaseExecutor.java:448)
	at com.kms.katalon.core.main.TestCaseExecutor.doExecute(TestCaseExecutor.java:439)
	at com.kms.katalon.core.main.TestCaseExecutor.processExecutionPhase(TestCaseExecutor.java:418)
	at com.kms.katalon.core.main.TestCaseExecutor.accessMainPhase(TestCaseExecutor.java:410)
	at com.kms.katalon.core.main.TestCaseExecutor.execute(TestCaseExecutor.java:285)
	at com.kms.katalon.core.main.TestCaseMain.runTestCase(TestCaseMain.java:137)
	at com.kms.katalon.core.keyword.builtin.CallTestCaseKeyword$_callTestCase_closure1.doCall(CallTestCaseKeyword.groovy:59)
	at com.kms.katalon.core.keyword.builtin.CallTestCaseKeyword$_callTestCase_closure1.call(CallTestCaseKeyword.groovy)
	at com.kms.katalon.core.keyword.internal.KeywordMain.runKeyword(KeywordMain.groovy:75)
	at com.kms.katalon.core.keyword.builtin.CallTestCaseKeyword.callTestCase(CallTestCaseKeyword.groovy:81)
	at com.kms.katalon.core.keyword.builtin.CallTestCaseKeyword.execute(CallTestCaseKeyword.groovy:44)
	at com.kms.katalon.core.keyword.internal.KeywordExecutor.executeKeywordForPlatform(KeywordExecutor.groovy:74)
	at com.kms.katalon.core.keyword.BuiltinKeywords.callTestCase(BuiltinKeywords.groovy:310)
	at jdk.internal.reflect.GeneratedMethodAccessor29.invoke(Unknown Source)
	at java.base/jdk.internal.reflect.DelegatingMethodAccessorImpl.invoke(DelegatingMethodAccessorImpl.java:43)
	at Register Education Partner.run(Register Education Partner:403)
	at com.kms.katalon.core.main.ScriptEngine.run(ScriptEngine.java:194)
	at com.kms.katalon.core.main.ScriptEngine.runScriptAsRawText(ScriptEngine.java:119)
	at com.kms.katalon.core.main.TestCaseExecutor.runScript(TestCaseExecutor.java:448)
	at com.kms.katalon.core.main.TestCaseExecutor.doExecute(TestCaseExecutor.java:439)
	at com.kms.katalon.core.main.TestCaseExecutor.processExecutionPhase(TestCaseExecutor.java:418)
	at com.kms.katalon.core.main.TestCaseExecutor.accessMainPhase(TestCaseExecutor.java:410)
	at com.kms.katalon.core.main.TestCaseExecutor.execute(TestCaseExecutor.java:285)
	at com.kms.katalon.core.common.CommonExecutor.accessTestCaseMainPhase(CommonExecutor.java:65)
	at com.kms.katalon.core.main.TestSuiteExecutor.accessTestSuiteMainPhase(TestSuiteExecutor.java:150)
	at com.kms.katalon.core.main.TestSuiteExecutor.execute(TestSuiteExecutor.java:106)
	at com.kms.katalon.core.main.TestCaseMain.startTestSuite(TestCaseMain.java:180)
	at TempTestSuite1740698292669.run(TempTestSuite1740698292669.groovy:35)
	at java.base/jdk.internal.reflect.NativeMethodAccessorImpl.invoke0(Native Method)
	at java.base/jdk.internal.reflect.NativeMethodAccessorImpl.invoke(NativeMethodAccessorImpl.java:77)
	at java.base/jdk.internal.reflect.DelegatingMethodAccessorImpl.invoke(DelegatingMethodAccessorImpl.java:43)
)

27-02-2025T17:29:14 - [TEST_STEP][PASSED] - waitForPageLoad(10): Wait for page load successfully

27-02-2025T17:29:14 - [MESSAGE][PASSED] - Wait for page load successfully

27-02-2025T17:29:14 - [TEST_STEP][PASSED] - delay(2): Delayed 2 second(s)

27-02-2025T17:29:16 - [MESSAGE][PASSED] - Delayed 2 second(s)

27-02-2025T17:29:16 - [TEST_STEP][PASSED] - textFound = verifyTextPresent(myText, false, OPTIONAL): Text 'International Zip Code' is not present on page  (Root cause: com.kms.katalon.core.exception.StepFailedException: Text 'International Zip Code' is not present on page 
	at com.kms.katalon.core.webui.keyword.internal.WebUIKeywordMain.stepFailed(WebUIKeywordMain.groovy:117)
	at com.kms.katalon.core.webui.keyword.builtin.VerifyTextPresentKeyword$_verifyTextPresent_closure1.doCall(VerifyTextPresentKeyword.groovy:79)
	at com.kms.katalon.core.webui.keyword.builtin.VerifyTextPresentKeyword$_verifyTextPresent_closure1.call(VerifyTextPresentKeyword.groovy)
	at com.kms.katalon.core.webui.keyword.internal.WebUIKeywordMain.runKeyword(WebUIKeywordMain.groovy:35)
	at com.kms.katalon.core.webui.keyword.builtin.VerifyTextPresentKeyword.verifyTextPresent(VerifyTextPresentKeyword.groovy:83)
	at com.kms.katalon.core.webui.keyword.builtin.VerifyTextPresentKeyword.execute(VerifyTextPresentKeyword.groovy:68)
	at com.kms.katalon.core.keyword.internal.KeywordExecutor.executeKeywordForPlatform(KeywordExecutor.groovy:74)
	at com.kms.katalon.core.webui.keyword.WebUiBuiltInKeywords.verifyTextPresent(WebUiBuiltInKeywords.groovy:1746)
	at Test External Links.run(Test External Links:85)
	at com.kms.katalon.core.main.ScriptEngine.run(ScriptEngine.java:194)
	at com.kms.katalon.core.main.ScriptEngine.runScriptAsRawText(ScriptEngine.java:119)
	at com.kms.katalon.core.main.TestCaseExecutor.runScript(TestCaseExecutor.java:448)
	at com.kms.katalon.core.main.TestCaseExecutor.doExecute(TestCaseExecutor.java:439)
	at com.kms.katalon.core.main.TestCaseExecutor.processExecutionPhase(TestCaseExecutor.java:418)
	at com.kms.katalon.core.main.TestCaseExecutor.accessMainPhase(TestCaseExecutor.java:410)
	at com.kms.katalon.core.main.TestCaseExecutor.execute(TestCaseExecutor.java:285)
	at com.kms.katalon.core.main.TestCaseMain.runTestCase(TestCaseMain.java:137)
	at com.kms.katalon.core.keyword.builtin.CallTestCaseKeyword$_callTestCase_closure1.doCall(CallTestCaseKeyword.groovy:59)
	at com.kms.katalon.core.keyword.builtin.CallTestCaseKeyword$_callTestCase_closure1.call(CallTestCaseKeyword.groovy)
	at com.kms.katalon.core.keyword.internal.KeywordMain.runKeyword(KeywordMain.groovy:75)
	at com.kms.katalon.core.keyword.builtin.CallTestCaseKeyword.callTestCase(CallTestCaseKeyword.groovy:81)
	at com.kms.katalon.core.keyword.builtin.CallTestCaseKeyword.execute(CallTestCaseKeyword.groovy:44)
	at com.kms.katalon.core.keyword.internal.KeywordExecutor.executeKeywordForPlatform(KeywordExecutor.groovy:74)
	at com.kms.katalon.core.keyword.BuiltinKeywords.callTestCase(BuiltinKeywords.groovy:310)
	at jdk.internal.reflect.GeneratedMethodAccessor29.invoke(Unknown Source)
	at java.base/jdk.internal.reflect.DelegatingMethodAccessorImpl.invoke(DelegatingMethodAccessorImpl.java:43)
	at Set Contact Info.run(Set Contact Info:140)
	at com.kms.katalon.core.main.ScriptEngine.run(ScriptEngine.java:194)
	at com.kms.katalon.core.main.ScriptEngine.runScriptAsRawText(ScriptEngine.java:119)
	at com.kms.katalon.core.main.TestCaseExecutor.runScript(TestCaseExecutor.java:448)
	at com.kms.katalon.core.main.TestCaseExecutor.doExecute(TestCaseExecutor.java:439)
	at com.kms.katalon.core.main.TestCaseExecutor.processExecutionPhase(TestCaseExecutor.java:418)
	at com.kms.katalon.core.main.TestCaseExecutor.accessMainPhase(TestCaseExecutor.java:410)
	at com.kms.katalon.core.main.TestCaseExecutor.execute(TestCaseExecutor.java:285)
	at com.kms.katalon.core.main.TestCaseMain.runTestCase(TestCaseMain.java:137)
	at com.kms.katalon.core.keyword.builtin.CallTestCaseKeyword$_callTestCase_closure1.doCall(CallTestCaseKeyword.groovy:59)
	at com.kms.katalon.core.keyword.builtin.CallTestCaseKeyword$_callTestCase_closure1.call(CallTestCaseKeyword.groovy)
	at com.kms.katalon.core.keyword.internal.KeywordMain.runKeyword(KeywordMain.groovy:75)
	at com.kms.katalon.core.keyword.builtin.CallTestCaseKeyword.callTestCase(CallTestCaseKeyword.groovy:81)
	at com.kms.katalon.core.keyword.builtin.CallTestCaseKeyword.execute(CallTestCaseKeyword.groovy:44)
	at com.kms.katalon.core.keyword.internal.KeywordExecutor.executeKeywordForPlatform(KeywordExecutor.groovy:74)
	at com.kms.katalon.core.keyword.BuiltinKeywords.callTestCase(BuiltinKeywords.groovy:310)
	at jdk.internal.reflect.GeneratedMethodAccessor29.invoke(Unknown Source)
	at java.base/jdk.internal.reflect.DelegatingMethodAccessorImpl.invoke(DelegatingMethodAccessorImpl.java:43)
	at Complete Education Partner Profile.run(Complete Education Partner Profile:97)
	at com.kms.katalon.core.main.ScriptEngine.run(ScriptEngine.java:194)
	at com.kms.katalon.core.main.ScriptEngine.runScriptAsRawText(ScriptEngine.java:119)
	at com.kms.katalon.core.main.TestCaseExecutor.runScript(TestCaseExecutor.java:448)
	at com.kms.katalon.core.main.TestCaseExecutor.doExecute(TestCaseExecutor.java:439)
	at com.kms.katalon.core.main.TestCaseExecutor.processExecutionPhase(TestCaseExecutor.java:418)
	at com.kms.katalon.core.main.TestCaseExecutor.accessMainPhase(TestCaseExecutor.java:410)
	at com.kms.katalon.core.main.TestCaseExecutor.execute(TestCaseExecutor.java:285)
	at com.kms.katalon.core.main.TestCaseMain.runTestCase(TestCaseMain.java:137)
	at com.kms.katalon.core.keyword.builtin.CallTestCaseKeyword$_callTestCase_closure1.doCall(CallTestCaseKeyword.groovy:59)
	at com.kms.katalon.core.keyword.builtin.CallTestCaseKeyword$_callTestCase_closure1.call(CallTestCaseKeyword.groovy)
	at com.kms.katalon.core.keyword.internal.KeywordMain.runKeyword(KeywordMain.groovy:75)
	at com.kms.katalon.core.keyword.builtin.CallTestCaseKeyword.callTestCase(CallTestCaseKeyword.groovy:81)
	at com.kms.katalon.core.keyword.builtin.CallTestCaseKeyword.execute(CallTestCaseKeyword.groovy:44)
	at com.kms.katalon.core.keyword.internal.KeywordExecutor.executeKeywordForPlatform(KeywordExecutor.groovy:74)
	at com.kms.katalon.core.keyword.BuiltinKeywords.callTestCase(BuiltinKeywords.groovy:310)
	at jdk.internal.reflect.GeneratedMethodAccessor29.invoke(Unknown Source)
	at java.base/jdk.internal.reflect.DelegatingMethodAccessorImpl.invoke(DelegatingMethodAccessorImpl.java:43)
	at Register Education Partner.run(Register Education Partner:403)
	at com.kms.katalon.core.main.ScriptEngine.run(ScriptEngine.java:194)
	at com.kms.katalon.core.main.ScriptEngine.runScriptAsRawText(ScriptEngine.java:119)
	at com.kms.katalon.core.main.TestCaseExecutor.runScript(TestCaseExecutor.java:448)
	at com.kms.katalon.core.main.TestCaseExecutor.doExecute(TestCaseExecutor.java:439)
	at com.kms.katalon.core.main.TestCaseExecutor.processExecutionPhase(TestCaseExecutor.java:418)
	at com.kms.katalon.core.main.TestCaseExecutor.accessMainPhase(TestCaseExecutor.java:410)
	at com.kms.katalon.core.main.TestCaseExecutor.execute(TestCaseExecutor.java:285)
	at com.kms.katalon.core.common.CommonExecutor.accessTestCaseMainPhase(CommonExecutor.java:65)
	at com.kms.katalon.core.main.TestSuiteExecutor.accessTestSuiteMainPhase(TestSuiteExecutor.java:150)
	at com.kms.katalon.core.main.TestSuiteExecutor.execute(TestSuiteExecutor.java:106)
	at com.kms.katalon.core.main.TestCaseMain.startTestSuite(TestCaseMain.java:180)
	at TempTestSuite1740698292669.run(TempTestSuite1740698292669.groovy:35)
	at java.base/jdk.internal.reflect.NativeMethodAccessorImpl.invoke0(Native Method)
	at java.base/jdk.internal.reflect.NativeMethodAccessorImpl.invoke(NativeMethodAccessorImpl.java:77)
	at java.base/jdk.internal.reflect.DelegatingMethodAccessorImpl.invoke(DelegatingMethodAccessorImpl.java:43)
)

27-02-2025T17:29:16 - [MESSAGE][WARNING] - Text 'International Zip Code' is not present on page  (Root cause: com.kms.katalon.core.exception.StepFailedException: Text 'International Zip Code' is not present on page 
	at com.kms.katalon.core.webui.keyword.internal.WebUIKeywordMain.stepFailed(WebUIKeywordMain.groovy:117)
	at com.kms.katalon.core.webui.keyword.builtin.VerifyTextPresentKeyword$_verifyTextPresent_closure1.doCall(VerifyTextPresentKeyword.groovy:79)
	at com.kms.katalon.core.webui.keyword.builtin.VerifyTextPresentKeyword$_verifyTextPresent_closure1.call(VerifyTextPresentKeyword.groovy)
	at com.kms.katalon.core.webui.keyword.internal.WebUIKeywordMain.runKeyword(WebUIKeywordMain.groovy:35)
	at com.kms.katalon.core.webui.keyword.builtin.VerifyTextPresentKeyword.verifyTextPresent(VerifyTextPresentKeyword.groovy:83)
	at com.kms.katalon.core.webui.keyword.builtin.VerifyTextPresentKeyword.execute(VerifyTextPresentKeyword.groovy:68)
	at com.kms.katalon.core.keyword.internal.KeywordExecutor.executeKeywordForPlatform(KeywordExecutor.groovy:74)
	at com.kms.katalon.core.webui.keyword.WebUiBuiltInKeywords.verifyTextPresent(WebUiBuiltInKeywords.groovy:1746)
	at Test External Links.run(Test External Links:85)
	at com.kms.katalon.core.main.ScriptEngine.run(ScriptEngine.java:194)
	at com.kms.katalon.core.main.ScriptEngine.runScriptAsRawText(ScriptEngine.java:119)
	at com.kms.katalon.core.main.TestCaseExecutor.runScript(TestCaseExecutor.java:448)
	at com.kms.katalon.core.main.TestCaseExecutor.doExecute(TestCaseExecutor.java:439)
	at com.kms.katalon.core.main.TestCaseExecutor.processExecutionPhase(TestCaseExecutor.java:418)
	at com.kms.katalon.core.main.TestCaseExecutor.accessMainPhase(TestCaseExecutor.java:410)
	at com.kms.katalon.core.main.TestCaseExecutor.execute(TestCaseExecutor.java:285)
	at com.kms.katalon.core.main.TestCaseMain.runTestCase(TestCaseMain.java:137)
	at com.kms.katalon.core.keyword.builtin.CallTestCaseKeyword$_callTestCase_closure1.doCall(CallTestCaseKeyword.groovy:59)
	at com.kms.katalon.core.keyword.builtin.CallTestCaseKeyword$_callTestCase_closure1.call(CallTestCaseKeyword.groovy)
	at com.kms.katalon.core.keyword.internal.KeywordMain.runKeyword(KeywordMain.groovy:75)
	at com.kms.katalon.core.keyword.builtin.CallTestCaseKeyword.callTestCase(CallTestCaseKeyword.groovy:81)
	at com.kms.katalon.core.keyword.builtin.CallTestCaseKeyword.execute(CallTestCaseKeyword.groovy:44)
	at com.kms.katalon.core.keyword.internal.KeywordExecutor.executeKeywordForPlatform(KeywordExecutor.groovy:74)
	at com.kms.katalon.core.keyword.BuiltinKeywords.callTestCase(BuiltinKeywords.groovy:310)
	at jdk.internal.reflect.GeneratedMethodAccessor29.invoke(Unknown Source)
	at java.base/jdk.internal.reflect.DelegatingMethodAccessorImpl.invoke(DelegatingMethodAccessorImpl.java:43)
	at Set Contact Info.run(Set Contact Info:140)
	at com.kms.katalon.core.main.ScriptEngine.run(ScriptEngine.java:194)
	at com.kms.katalon.core.main.ScriptEngine.runScriptAsRawText(ScriptEngine.java:119)
	at com.kms.katalon.core.main.TestCaseExecutor.runScript(TestCaseExecutor.java:448)
	at com.kms.katalon.core.main.TestCaseExecutor.doExecute(TestCaseExecutor.java:439)
	at com.kms.katalon.core.main.TestCaseExecutor.processExecutionPhase(TestCaseExecutor.java:418)
	at com.kms.katalon.core.main.TestCaseExecutor.accessMainPhase(TestCaseExecutor.java:410)
	at com.kms.katalon.core.main.TestCaseExecutor.execute(TestCaseExecutor.java:285)
	at com.kms.katalon.core.main.TestCaseMain.runTestCase(TestCaseMain.java:137)
	at com.kms.katalon.core.keyword.builtin.CallTestCaseKeyword$_callTestCase_closure1.doCall(CallTestCaseKeyword.groovy:59)
	at com.kms.katalon.core.keyword.builtin.CallTestCaseKeyword$_callTestCase_closure1.call(CallTestCaseKeyword.groovy)
	at com.kms.katalon.core.keyword.internal.KeywordMain.runKeyword(KeywordMain.groovy:75)
	at com.kms.katalon.core.keyword.builtin.CallTestCaseKeyword.callTestCase(CallTestCaseKeyword.groovy:81)
	at com.kms.katalon.core.keyword.builtin.CallTestCaseKeyword.execute(CallTestCaseKeyword.groovy:44)
	at com.kms.katalon.core.keyword.internal.KeywordExecutor.executeKeywordForPlatform(KeywordExecutor.groovy:74)
	at com.kms.katalon.core.keyword.BuiltinKeywords.callTestCase(BuiltinKeywords.groovy:310)
	at jdk.internal.reflect.GeneratedMethodAccessor29.invoke(Unknown Source)
	at java.base/jdk.internal.reflect.DelegatingMethodAccessorImpl.invoke(DelegatingMethodAccessorImpl.java:43)
	at Complete Education Partner Profile.run(Complete Education Partner Profile:97)
	at com.kms.katalon.core.main.ScriptEngine.run(ScriptEngine.java:194)
	at com.kms.katalon.core.main.ScriptEngine.runScriptAsRawText(ScriptEngine.java:119)
	at com.kms.katalon.core.main.TestCaseExecutor.runScript(TestCaseExecutor.java:448)
	at com.kms.katalon.core.main.TestCaseExecutor.doExecute(TestCaseExecutor.java:439)
	at com.kms.katalon.core.main.TestCaseExecutor.processExecutionPhase(TestCaseExecutor.java:418)
	at com.kms.katalon.core.main.TestCaseExecutor.accessMainPhase(TestCaseExecutor.java:410)
	at com.kms.katalon.core.main.TestCaseExecutor.execute(TestCaseExecutor.java:285)
	at com.kms.katalon.core.main.TestCaseMain.runTestCase(TestCaseMain.java:137)
	at com.kms.katalon.core.keyword.builtin.CallTestCaseKeyword$_callTestCase_closure1.doCall(CallTestCaseKeyword.groovy:59)
	at com.kms.katalon.core.keyword.builtin.CallTestCaseKeyword$_callTestCase_closure1.call(CallTestCaseKeyword.groovy)
	at com.kms.katalon.core.keyword.internal.KeywordMain.runKeyword(KeywordMain.groovy:75)
	at com.kms.katalon.core.keyword.builtin.CallTestCaseKeyword.callTestCase(CallTestCaseKeyword.groovy:81)
	at com.kms.katalon.core.keyword.builtin.CallTestCaseKeyword.execute(CallTestCaseKeyword.groovy:44)
	at com.kms.katalon.core.keyword.internal.KeywordExecutor.executeKeywordForPlatform(KeywordExecutor.groovy:74)
	at com.kms.katalon.core.keyword.BuiltinKeywords.callTestCase(BuiltinKeywords.groovy:310)
	at jdk.internal.reflect.GeneratedMethodAccessor29.invoke(Unknown Source)
	at java.base/jdk.internal.reflect.DelegatingMethodAccessorImpl.invoke(DelegatingMethodAccessorImpl.java:43)
	at Register Education Partner.run(Register Education Partner:403)
	at com.kms.katalon.core.main.ScriptEngine.run(ScriptEngine.java:194)
	at com.kms.katalon.core.main.ScriptEngine.runScriptAsRawText(ScriptEngine.java:119)
	at com.kms.katalon.core.main.TestCaseExecutor.runScript(TestCaseExecutor.java:448)
	at com.kms.katalon.core.main.TestCaseExecutor.doExecute(TestCaseExecutor.java:439)
	at com.kms.katalon.core.main.TestCaseExecutor.processExecutionPhase(TestCaseExecutor.java:418)
	at com.kms.katalon.core.main.TestCaseExecutor.accessMainPhase(TestCaseExecutor.java:410)
	at com.kms.katalon.core.main.TestCaseExecutor.execute(TestCaseExecutor.java:285)
	at com.kms.katalon.core.common.CommonExecutor.accessTestCaseMainPhase(CommonExecutor.java:65)
	at com.kms.katalon.core.main.TestSuiteExecutor.accessTestSuiteMainPhase(TestSuiteExecutor.java:150)
	at com.kms.katalon.core.main.TestSuiteExecutor.execute(TestSuiteExecutor.java:106)
	at com.kms.katalon.core.main.TestCaseMain.startTestSuite(TestCaseMain.java:180)
	at TempTestSuite1740698292669.run(TempTestSuite1740698292669.groovy:35)
	at java.base/jdk.internal.reflect.NativeMethodAccessorImpl.invoke0(Native Method)
	at java.base/jdk.internal.reflect.NativeMethodAccessorImpl.invoke(NativeMethodAccessorImpl.java:77)
	at java.base/jdk.internal.reflect.DelegatingMethodAccessorImpl.invoke(DelegatingMethodAccessorImpl.java:43)
)

27-02-2025T17:29:16 - [TEST_STEP][PASSED] - if (textFound): null

27-02-2025T17:29:16 - [TEST_STEP][PASSED] - else: null

27-02-2025T17:29:16 - [TEST_STEP][PASSED] - outText = "----- The text "" + myText + "" was NOT found after clicking on the " + key + " link": null

27-02-2025T17:29:16 - [TEST_STEP][PASSED] - println(outText): null

27-02-2025T17:29:16 - [TEST_STEP][PASSED] - outFile.append(outText + "
"): null

27-02-2025T17:29:16 - [TEST_STEP][PASSED] - markError("
" + outText): null

27-02-2025T17:29:16 - [TEST_STEP][ERROR] - if (windowCount == 2): Test Cases/_Functions/Test External Links FAILED.
Reason:
com.kms.katalon.core.exception.StepErrorException: 
----- The text "International Zip Code" was NOT found after clicking on the Find your International Post Code link
	at com.kms.katalon.core.util.KeywordUtil.markError(KeywordUtil.java:67)
	at Test External Links.run(Test External Links:101)
	at com.kms.katalon.core.main.ScriptEngine.run(ScriptEngine.java:194)
	at com.kms.katalon.core.main.ScriptEngine.runScriptAsRawText(ScriptEngine.java:119)
	at com.kms.katalon.core.main.TestCaseExecutor.runScript(TestCaseExecutor.java:448)
	at com.kms.katalon.core.main.TestCaseExecutor.doExecute(TestCaseExecutor.java:439)
	at com.kms.katalon.core.main.TestCaseExecutor.processExecutionPhase(TestCaseExecutor.java:418)
	at com.kms.katalon.core.main.TestCaseExecutor.accessMainPhase(TestCaseExecutor.java:410)
	at com.kms.katalon.core.main.TestCaseExecutor.execute(TestCaseExecutor.java:285)
	at com.kms.katalon.core.main.TestCaseMain.runTestCase(TestCaseMain.java:137)
	at com.kms.katalon.core.keyword.builtin.CallTestCaseKeyword$_callTestCase_closure1.doCall(CallTestCaseKeyword.groovy:59)
	at com.kms.katalon.core.keyword.builtin.CallTestCaseKeyword$_callTestCase_closure1.call(CallTestCaseKeyword.groovy)
	at com.kms.katalon.core.keyword.internal.KeywordMain.runKeyword(KeywordMain.groovy:75)
	at com.kms.katalon.core.keyword.builtin.CallTestCaseKeyword.callTestCase(CallTestCaseKeyword.groovy:81)
	at com.kms.katalon.core.keyword.builtin.CallTestCaseKeyword.execute(CallTestCaseKeyword.groovy:44)
	at com.kms.katalon.core.keyword.internal.KeywordExecutor.executeKeywordForPlatform(KeywordExecutor.groovy:74)
	at com.kms.katalon.core.keyword.BuiltinKeywords.callTestCase(BuiltinKeywords.groovy:310)
	at jdk.internal.reflect.GeneratedMethodAccessor29.invoke(Unknown Source)
	at java.base/jdk.internal.reflect.DelegatingMethodAccessorImpl.invoke(DelegatingMethodAccessorImpl.java:43)
	at Set Contact Info.run(Set Contact Info:140)
	at com.kms.katalon.core.main.ScriptEngine.run(ScriptEngine.java:194)
	at com.kms.katalon.core.main.ScriptEngine.runScriptAsRawText(ScriptEngine.java:119)
	at com.kms.katalon.core.main.TestCaseExecutor.runScript(TestCaseExecutor.java:448)
	at com.kms.katalon.core.main.TestCaseExecutor.doExecute(TestCaseExecutor.java:439)
	at com.kms.katalon.core.main.TestCaseExecutor.processExecutionPhase(TestCaseExecutor.java:418)
	at com.kms.katalon.core.main.TestCaseExecutor.accessMainPhase(TestCaseExecutor.java:410)
	at com.kms.katalon.core.main.TestCaseExecutor.execute(TestCaseExecutor.java:285)
	at com.kms.katalon.core.main.TestCaseMain.runTestCase(TestCaseMain.java:137)
	at com.kms.katalon.core.keyword.builtin.CallTestCaseKeyword$_callTestCase_closure1.doCall(CallTestCaseKeyword.groovy:59)
	at com.kms.katalon.core.keyword.builtin.CallTestCaseKeyword$_callTestCase_closure1.call(CallTestCaseKeyword.groovy)
	at com.kms.katalon.core.keyword.internal.KeywordMain.runKeyword(KeywordMain.groovy:75)
	at com.kms.katalon.core.keyword.builtin.CallTestCaseKeyword.callTestCase(CallTestCaseKeyword.groovy:81)
	at com.kms.katalon.core.keyword.builtin.CallTestCaseKeyword.execute(CallTestCaseKeyword.groovy:44)
	at com.kms.katalon.core.keyword.internal.KeywordExecutor.executeKeywordForPlatform(KeywordExecutor.groovy:74)
	at com.kms.katalon.core.keyword.BuiltinKeywords.callTestCase(BuiltinKeywords.groovy:310)
	at jdk.internal.reflect.GeneratedMethodAccessor29.invoke(Unknown Source)
	at java.base/jdk.internal.reflect.DelegatingMethodAccessorImpl.invoke(DelegatingMethodAccessorImpl.java:43)
	at Complete Education Partner Profile.run(Complete Education Partner Profile:97)
	at com.kms.katalon.core.main.ScriptEngine.run(ScriptEngine.java:194)
	at com.kms.katalon.core.main.ScriptEngine.runScriptAsRawText(ScriptEngine.java:119)
	at com.kms.katalon.core.main.TestCaseExecutor.runScript(TestCaseExecutor.java:448)
	at com.kms.katalon.core.main.TestCaseExecutor.doExecute(TestCaseExecutor.java:439)
	at com.kms.katalon.core.main.TestCaseExecutor.processExecutionPhase(TestCaseExecutor.java:418)
	at com.kms.katalon.core.main.TestCaseExecutor.accessMainPhase(TestCaseExecutor.java:410)
	at com.kms.katalon.core.main.TestCaseExecutor.execute(TestCaseExecutor.java:285)
	at com.kms.katalon.core.main.TestCaseMain.runTestCase(TestCaseMain.java:137)
	at com.kms.katalon.core.keyword.builtin.CallTestCaseKeyword$_callTestCase_closure1.doCall(CallTestCaseKeyword.groovy:59)
	at com.kms.katalon.core.keyword.builtin.CallTestCaseKeyword$_callTestCase_closure1.call(CallTestCaseKeyword.groovy)
	at com.kms.katalon.core.keyword.internal.KeywordMain.runKeyword(KeywordMain.groovy:75)
	at com.kms.katalon.core.keyword.builtin.CallTestCaseKeyword.callTestCase(CallTestCaseKeyword.groovy:81)
	at com.kms.katalon.core.keyword.builtin.CallTestCaseKeyword.execute(CallTestCaseKeyword.groovy:44)
	at com.kms.katalon.core.keyword.internal.KeywordExecutor.executeKeywordForPlatform(KeywordExecutor.groovy:74)
	at com.kms.katalon.core.keyword.BuiltinKeywords.callTestCase(BuiltinKeywords.groovy:310)
	at jdk.internal.reflect.GeneratedMethodAccessor29.invoke(Unknown Source)
	at java.base/jdk.internal.reflect.DelegatingMethodAccessorImpl.invoke(DelegatingMethodAccessorImpl.java:43)
	at Register Education Partner.run(Register Education Partner:403)
	at com.kms.katalon.core.main.ScriptEngine.run(ScriptEngine.java:194)
	at com.kms.katalon.core.main.ScriptEngine.runScriptAsRawText(ScriptEngine.java:119)
	at com.kms.katalon.core.main.TestCaseExecutor.runScript(TestCaseExecutor.java:448)
	at com.kms.katalon.core.main.TestCaseExecutor.doExecute(TestCaseExecutor.java:439)
	at com.kms.katalon.core.main.TestCaseExecutor.processExecutionPhase(TestCaseExecutor.java:418)
	at com.kms.katalon.core.main.TestCaseExecutor.accessMainPhase(TestCaseExecutor.java:410)
	at com.kms.katalon.core.main.TestCaseExecutor.execute(TestCaseExecutor.java:285)
	at com.kms.katalon.core.common.CommonExecutor.accessTestCaseMainPhase(CommonExecutor.java:65)
	at com.kms.katalon.core.main.TestSuiteExecutor.accessTestSuiteMainPhase(TestSuiteExecutor.java:150)
	at com.kms.katalon.core.main.TestSuiteExecutor.execute(TestSuiteExecutor.java:106)
	at com.kms.katalon.core.main.TestCaseMain.startTestSuite(TestCaseMain.java:180)
	at TempTestSuite1740698292669.run(TempTestSuite1740698292669.groovy:35)
	at java.base/jdk.internal.reflect.NativeMethodAccessorImpl.invoke0(Native Method)
	at java.base/jdk.internal.reflect.NativeMethodAccessorImpl.invoke(NativeMethodAccessorImpl.java:77)
	at java.base/jdk.internal.reflect.DelegatingMethodAccessorImpl.invoke(DelegatingMethodAccessorImpl.java:43)


27-02-2025T17:29:16 - [TEST_STEP][PASSED] - closeWindowIndex(1): Window with index 1 is closed

27-02-2025T17:29:16 - [MESSAGE][PASSED] - Window with index 1 is closed

27-02-2025T17:29:16 - [TEST_STEP][PASSED] - delay(1): Delayed 1 second(s)

27-02-2025T17:29:17 - [MESSAGE][PASSED] - Delayed 1 second(s)

27-02-2025T17:29:17 - [TEST_STEP][PASSED] - switchToWindowIndex(0): Switched to window with index: '0'

27-02-2025T17:29:17 - [MESSAGE][PASSED] - Switched to window with index: '0'

27-02-2025T17:29:17 - [TEST_STEP][ERROR] - delay(1): Test Cases/_Functions/Test External Links FAILED.
Reason:
com.kms.katalon.core.exception.StepErrorException: 
----- The text "International Zip Code" was NOT found after clicking on the Find your International Post Code link
	at com.kms.katalon.core.util.KeywordUtil.markError(KeywordUtil.java:67)
	at Test External Links.run(Test External Links:101)
	at com.kms.katalon.core.main.ScriptEngine.run(ScriptEngine.java:194)
	at com.kms.katalon.core.main.ScriptEngine.runScriptAsRawText(ScriptEngine.java:119)
	at com.kms.katalon.core.main.TestCaseExecutor.runScript(TestCaseExecutor.java:448)
	at com.kms.katalon.core.main.TestCaseExecutor.doExecute(TestCaseExecutor.java:439)
	at com.kms.katalon.core.main.TestCaseExecutor.processExecutionPhase(TestCaseExecutor.java:418)
	at com.kms.katalon.core.main.TestCaseExecutor.accessMainPhase(TestCaseExecutor.java:410)
	at com.kms.katalon.core.main.TestCaseExecutor.execute(TestCaseExecutor.java:285)
	at com.kms.katalon.core.main.TestCaseMain.runTestCase(TestCaseMain.java:137)
	at com.kms.katalon.core.keyword.builtin.CallTestCaseKeyword$_callTestCase_closure1.doCall(CallTestCaseKeyword.groovy:59)
	at com.kms.katalon.core.keyword.builtin.CallTestCaseKeyword$_callTestCase_closure1.call(CallTestCaseKeyword.groovy)
	at com.kms.katalon.core.keyword.internal.KeywordMain.runKeyword(KeywordMain.groovy:75)
	at com.kms.katalon.core.keyword.builtin.CallTestCaseKeyword.callTestCase(CallTestCaseKeyword.groovy:81)
	at com.kms.katalon.core.keyword.builtin.CallTestCaseKeyword.execute(CallTestCaseKeyword.groovy:44)
	at com.kms.katalon.core.keyword.internal.KeywordExecutor.executeKeywordForPlatform(KeywordExecutor.groovy:74)
	at com.kms.katalon.core.keyword.BuiltinKeywords.callTestCase(BuiltinKeywords.groovy:310)
	at jdk.internal.reflect.GeneratedMethodAccessor29.invoke(Unknown Source)
	at java.base/jdk.internal.reflect.DelegatingMethodAccessorImpl.invoke(DelegatingMethodAccessorImpl.java:43)
	at Set Contact Info.run(Set Contact Info:140)
	at com.kms.katalon.core.main.ScriptEngine.run(ScriptEngine.java:194)
	at com.kms.katalon.core.main.ScriptEngine.runScriptAsRawText(ScriptEngine.java:119)
	at com.kms.katalon.core.main.TestCaseExecutor.runScript(TestCaseExecutor.java:448)
	at com.kms.katalon.core.main.TestCaseExecutor.doExecute(TestCaseExecutor.java:439)
	at com.kms.katalon.core.main.TestCaseExecutor.processExecutionPhase(TestCaseExecutor.java:418)
	at com.kms.katalon.core.main.TestCaseExecutor.accessMainPhase(TestCaseExecutor.java:410)
	at com.kms.katalon.core.main.TestCaseExecutor.execute(TestCaseExecutor.java:285)
	at com.kms.katalon.core.main.TestCaseMain.runTestCase(TestCaseMain.java:137)
	at com.kms.katalon.core.keyword.builtin.CallTestCaseKeyword$_callTestCase_closure1.doCall(CallTestCaseKeyword.groovy:59)
	at com.kms.katalon.core.keyword.builtin.CallTestCaseKeyword$_callTestCase_closure1.call(CallTestCaseKeyword.groovy)
	at com.kms.katalon.core.keyword.internal.KeywordMain.runKeyword(KeywordMain.groovy:75)
	at com.kms.katalon.core.keyword.builtin.CallTestCaseKeyword.callTestCase(CallTestCaseKeyword.groovy:81)
	at com.kms.katalon.core.keyword.builtin.CallTestCaseKeyword.execute(CallTestCaseKeyword.groovy:44)
	at com.kms.katalon.core.keyword.internal.KeywordExecutor.executeKeywordForPlatform(KeywordExecutor.groovy:74)
	at com.kms.katalon.core.keyword.BuiltinKeywords.callTestCase(BuiltinKeywords.groovy:310)
	at jdk.internal.reflect.GeneratedMethodAccessor29.invoke(Unknown Source)
	at java.base/jdk.internal.reflect.DelegatingMethodAccessorImpl.invoke(DelegatingMethodAccessorImpl.java:43)
	at Complete Education Partner Profile.run(Complete Education Partner Profile:97)
	at com.kms.katalon.core.main.ScriptEngine.run(ScriptEngine.java:194)
	at com.kms.katalon.core.main.ScriptEngine.runScriptAsRawText(ScriptEngine.java:119)
	at com.kms.katalon.core.main.TestCaseExecutor.runScript(TestCaseExecutor.java:448)
	at com.kms.katalon.core.main.TestCaseExecutor.doExecute(TestCaseExecutor.java:439)
	at com.kms.katalon.core.main.TestCaseExecutor.processExecutionPhase(TestCaseExecutor.java:418)
	at com.kms.katalon.core.main.TestCaseExecutor.accessMainPhase(TestCaseExecutor.java:410)
	at com.kms.katalon.core.main.TestCaseExecutor.execute(TestCaseExecutor.java:285)
	at com.kms.katalon.core.main.TestCaseMain.runTestCase(TestCaseMain.java:137)
	at com.kms.katalon.core.keyword.builtin.CallTestCaseKeyword$_callTestCase_closure1.doCall(CallTestCaseKeyword.groovy:59)
	at com.kms.katalon.core.keyword.builtin.CallTestCaseKeyword$_callTestCase_closure1.call(CallTestCaseKeyword.groovy)
	at com.kms.katalon.core.keyword.internal.KeywordMain.runKeyword(KeywordMain.groovy:75)
	at com.kms.katalon.core.keyword.builtin.CallTestCaseKeyword.callTestCase(CallTestCaseKeyword.groovy:81)
	at com.kms.katalon.core.keyword.builtin.CallTestCaseKeyword.execute(CallTestCaseKeyword.groovy:44)
	at com.kms.katalon.core.keyword.internal.KeywordExecutor.executeKeywordForPlatform(KeywordExecutor.groovy:74)
	at com.kms.katalon.core.keyword.BuiltinKeywords.callTestCase(BuiltinKeywords.groovy:310)
	at jdk.internal.reflect.GeneratedMethodAccessor29.invoke(Unknown Source)
	at java.base/jdk.internal.reflect.DelegatingMethodAccessorImpl.invoke(DelegatingMethodAccessorImpl.java:43)
	at Register Education Partner.run(Register Education Partner:403)
	at com.kms.katalon.core.main.ScriptEngine.run(ScriptEngine.java:194)
	at com.kms.katalon.core.main.ScriptEngine.runScriptAsRawText(ScriptEngine.java:119)
	at com.kms.katalon.core.main.TestCaseExecutor.runScript(TestCaseExecutor.java:448)
	at com.kms.katalon.core.main.TestCaseExecutor.doExecute(TestCaseExecutor.java:439)
	at com.kms.katalon.core.main.TestCaseExecutor.processExecutionPhase(TestCaseExecutor.java:418)
	at com.kms.katalon.core.main.TestCaseExecutor.accessMainPhase(TestCaseExecutor.java:410)
	at com.kms.katalon.core.main.TestCaseExecutor.execute(TestCaseExecutor.java:285)
	at com.kms.katalon.core.common.CommonExecutor.accessTestCaseMainPhase(CommonExecutor.java:65)
	at com.kms.katalon.core.main.TestSuiteExecutor.accessTestSuiteMainPhase(TestSuiteExecutor.java:150)
	at com.kms.katalon.core.main.TestSuiteExecutor.execute(TestSuiteExecutor.java:106)
	at com.kms.katalon.core.main.TestCaseMain.startTestSuite(TestCaseMain.java:180)
	at TempTestSuite1740698292669.run(TempTestSuite1740698292669.groovy:35)
	at java.base/jdk.internal.reflect.NativeMethodAccessorImpl.invoke0(Native Method)
	at java.base/jdk.internal.reflect.NativeMethodAccessorImpl.invoke(NativeMethodAccessorImpl.java:77)
	at java.base/jdk.internal.reflect.DelegatingMethodAccessorImpl.invoke(DelegatingMethodAccessorImpl.java:43)


27-02-2025T17:29:18 - [MESSAGE][PASSED] - Delayed 1 second(s)

27-02-2025T17:29:18 - [MESSAGE][ERROR] - Test Cases/_Functions/Test External Links FAILED.
Reason:
com.kms.katalon.core.exception.StepErrorException: 
----- The text "International Zip Code" was NOT found after clicking on the Find your International Post Code link
	at com.kms.katalon.core.util.KeywordUtil.markError(KeywordUtil.java:67)
	at Test External Links.run(Test External Links:101)
	at com.kms.katalon.core.main.ScriptEngine.run(ScriptEngine.java:194)
	at com.kms.katalon.core.main.ScriptEngine.runScriptAsRawText(ScriptEngine.java:119)
	at com.kms.katalon.core.main.TestCaseExecutor.runScript(TestCaseExecutor.java:448)
	at com.kms.katalon.core.main.TestCaseExecutor.doExecute(TestCaseExecutor.java:439)
	at com.kms.katalon.core.main.TestCaseExecutor.processExecutionPhase(TestCaseExecutor.java:418)
	at com.kms.katalon.core.main.TestCaseExecutor.accessMainPhase(TestCaseExecutor.java:410)
	at com.kms.katalon.core.main.TestCaseExecutor.execute(TestCaseExecutor.java:285)
	at com.kms.katalon.core.main.TestCaseMain.runTestCase(TestCaseMain.java:137)
	at com.kms.katalon.core.keyword.builtin.CallTestCaseKeyword$_callTestCase_closure1.doCall(CallTestCaseKeyword.groovy:59)
	at com.kms.katalon.core.keyword.builtin.CallTestCaseKeyword$_callTestCase_closure1.call(CallTestCaseKeyword.groovy)
	at com.kms.katalon.core.keyword.internal.KeywordMain.runKeyword(KeywordMain.groovy:75)
	at com.kms.katalon.core.keyword.builtin.CallTestCaseKeyword.callTestCase(CallTestCaseKeyword.groovy:81)
	at com.kms.katalon.core.keyword.builtin.CallTestCaseKeyword.execute(CallTestCaseKeyword.groovy:44)
	at com.kms.katalon.core.keyword.internal.KeywordExecutor.executeKeywordForPlatform(KeywordExecutor.groovy:74)
	at com.kms.katalon.core.keyword.BuiltinKeywords.callTestCase(BuiltinKeywords.groovy:310)
	at jdk.internal.reflect.GeneratedMethodAccessor29.invoke(Unknown Source)
	at java.base/jdk.internal.reflect.DelegatingMethodAccessorImpl.invoke(DelegatingMethodAccessorImpl.java:43)
	at Set Contact Info.run(Set Contact Info:140)
	at com.kms.katalon.core.main.ScriptEngine.run(ScriptEngine.java:194)
	at com.kms.katalon.core.main.ScriptEngine.runScriptAsRawText(ScriptEngine.java:119)
	at com.kms.katalon.core.main.TestCaseExecutor.runScript(TestCaseExecutor.java:448)
	at com.kms.katalon.core.main.TestCaseExecutor.doExecute(TestCaseExecutor.java:439)
	at com.kms.katalon.core.main.TestCaseExecutor.processExecutionPhase(TestCaseExecutor.java:418)
	at com.kms.katalon.core.main.TestCaseExecutor.accessMainPhase(TestCaseExecutor.java:410)
	at com.kms.katalon.core.main.TestCaseExecutor.execute(TestCaseExecutor.java:285)
	at com.kms.katalon.core.main.TestCaseMain.runTestCase(TestCaseMain.java:137)
	at com.kms.katalon.core.keyword.builtin.CallTestCaseKeyword$_callTestCase_closure1.doCall(CallTestCaseKeyword.groovy:59)
	at com.kms.katalon.core.keyword.builtin.CallTestCaseKeyword$_callTestCase_closure1.call(CallTestCaseKeyword.groovy)
	at com.kms.katalon.core.keyword.internal.KeywordMain.runKeyword(KeywordMain.groovy:75)
	at com.kms.katalon.core.keyword.builtin.CallTestCaseKeyword.callTestCase(CallTestCaseKeyword.groovy:81)
	at com.kms.katalon.core.keyword.builtin.CallTestCaseKeyword.execute(CallTestCaseKeyword.groovy:44)
	at com.kms.katalon.core.keyword.internal.KeywordExecutor.executeKeywordForPlatform(KeywordExecutor.groovy:74)
	at com.kms.katalon.core.keyword.BuiltinKeywords.callTestCase(BuiltinKeywords.groovy:310)
	at jdk.internal.reflect.GeneratedMethodAccessor29.invoke(Unknown Source)
	at java.base/jdk.internal.reflect.DelegatingMethodAccessorImpl.invoke(DelegatingMethodAccessorImpl.java:43)
	at Complete Education Partner Profile.run(Complete Education Partner Profile:97)
	at com.kms.katalon.core.main.ScriptEngine.run(ScriptEngine.java:194)
	at com.kms.katalon.core.main.ScriptEngine.runScriptAsRawText(ScriptEngine.java:119)
	at com.kms.katalon.core.main.TestCaseExecutor.runScript(TestCaseExecutor.java:448)
	at com.kms.katalon.core.main.TestCaseExecutor.doExecute(TestCaseExecutor.java:439)
	at com.kms.katalon.core.main.TestCaseExecutor.processExecutionPhase(TestCaseExecutor.java:418)
	at com.kms.katalon.core.main.TestCaseExecutor.accessMainPhase(TestCaseExecutor.java:410)
	at com.kms.katalon.core.main.TestCaseExecutor.execute(TestCaseExecutor.java:285)
	at com.kms.katalon.core.main.TestCaseMain.runTestCase(TestCaseMain.java:137)
	at com.kms.katalon.core.keyword.builtin.CallTestCaseKeyword$_callTestCase_closure1.doCall(CallTestCaseKeyword.groovy:59)
	at com.kms.katalon.core.keyword.builtin.CallTestCaseKeyword$_callTestCase_closure1.call(CallTestCaseKeyword.groovy)
	at com.kms.katalon.core.keyword.internal.KeywordMain.runKeyword(KeywordMain.groovy:75)
	at com.kms.katalon.core.keyword.builtin.CallTestCaseKeyword.callTestCase(CallTestCaseKeyword.groovy:81)
	at com.kms.katalon.core.keyword.builtin.CallTestCaseKeyword.execute(CallTestCaseKeyword.groovy:44)
	at com.kms.katalon.core.keyword.internal.KeywordExecutor.executeKeywordForPlatform(KeywordExecutor.groovy:74)
	at com.kms.katalon.core.keyword.BuiltinKeywords.callTestCase(BuiltinKeywords.groovy:310)
	at jdk.internal.reflect.GeneratedMethodAccessor29.invoke(Unknown Source)
	at java.base/jdk.internal.reflect.DelegatingMethodAccessorImpl.invoke(DelegatingMethodAccessorImpl.java:43)
	at Register Education Partner.run(Register Education Partner:403)
	at com.kms.katalon.core.main.ScriptEngine.run(ScriptEngine.java:194)
	at com.kms.katalon.core.main.ScriptEngine.runScriptAsRawText(ScriptEngine.java:119)
	at com.kms.katalon.core.main.TestCaseExecutor.runScript(TestCaseExecutor.java:448)
	at com.kms.katalon.core.main.TestCaseExecutor.doExecute(TestCaseExecutor.java:439)
	at com.kms.katalon.core.main.TestCaseExecutor.processExecutionPhase(TestCaseExecutor.java:418)
	at com.kms.katalon.core.main.TestCaseExecutor.accessMainPhase(TestCaseExecutor.java:410)
	at com.kms.katalon.core.main.TestCaseExecutor.execute(TestCaseExecutor.java:285)
	at com.kms.katalon.core.common.CommonExecutor.accessTestCaseMainPhase(CommonExecutor.java:65)
	at com.kms.katalon.core.main.TestSuiteExecutor.accessTestSuiteMainPhase(TestSuiteExecutor.java:150)
	at com.kms.katalon.core.main.TestSuiteExecutor.execute(TestSuiteExecutor.java:106)
	at com.kms.katalon.core.main.TestCaseMain.startTestSuite(TestCaseMain.java:180)
	at TempTestSuite1740698292669.run(TempTestSuite1740698292669.groovy:35)
	at java.base/jdk.internal.reflect.NativeMethodAccessorImpl.invoke0(Native Method)
	at java.base/jdk.internal.reflect.NativeMethodAccessorImpl.invoke(NativeMethodAccessorImpl.java:77)
	at java.base/jdk.internal.reflect.DelegatingMethodAccessorImpl.invoke(DelegatingMethodAccessorImpl.java:43)


27-02-2025T17:29:18 - [MESSAGE][WARNING] - Unable to call Test Case 'Test Cases/_Functions/Test External Links' (Root cause: com.kms.katalon.core.exception.StepErrorException: Call Test Case 'Test Cases/_Functions/Test External Links' failed because of error(s)
	at com.kms.katalon.core.keyword.builtin.CallTestCaseKeyword$_callTestCase_closure1.doCall(CallTestCaseKeyword.groovy:66)
	at com.kms.katalon.core.keyword.builtin.CallTestCaseKeyword$_callTestCase_closure1.call(CallTestCaseKeyword.groovy)
	at com.kms.katalon.core.keyword.internal.KeywordMain.runKeyword(KeywordMain.groovy:75)
	at com.kms.katalon.core.keyword.builtin.CallTestCaseKeyword.callTestCase(CallTestCaseKeyword.groovy:81)
	at com.kms.katalon.core.keyword.builtin.CallTestCaseKeyword.execute(CallTestCaseKeyword.groovy:44)
	at com.kms.katalon.core.keyword.internal.KeywordExecutor.executeKeywordForPlatform(KeywordExecutor.groovy:74)
	at com.kms.katalon.core.keyword.BuiltinKeywords.callTestCase(BuiltinKeywords.groovy:310)
	at jdk.internal.reflect.GeneratedMethodAccessor29.invoke(Unknown Source)
	at java.base/jdk.internal.reflect.DelegatingMethodAccessorImpl.invoke(DelegatingMethodAccessorImpl.java:43)
	at Set Contact Info.run(Set Contact Info:140)
	at com.kms.katalon.core.main.ScriptEngine.run(ScriptEngine.java:194)
	at com.kms.katalon.core.main.ScriptEngine.runScriptAsRawText(ScriptEngine.java:119)
	at com.kms.katalon.core.main.TestCaseExecutor.runScript(TestCaseExecutor.java:448)
	at com.kms.katalon.core.main.TestCaseExecutor.doExecute(TestCaseExecutor.java:439)
	at com.kms.katalon.core.main.TestCaseExecutor.processExecutionPhase(TestCaseExecutor.java:418)
	at com.kms.katalon.core.main.TestCaseExecutor.accessMainPhase(TestCaseExecutor.java:410)
	at com.kms.katalon.core.main.TestCaseExecutor.execute(TestCaseExecutor.java:285)
	at com.kms.katalon.core.main.TestCaseMain.runTestCase(TestCaseMain.java:137)
	at com.kms.katalon.core.keyword.builtin.CallTestCaseKeyword$_callTestCase_closure1.doCall(CallTestCaseKeyword.groovy:59)
	at com.kms.katalon.core.keyword.builtin.CallTestCaseKeyword$_callTestCase_closure1.call(CallTestCaseKeyword.groovy)
	at com.kms.katalon.core.keyword.internal.KeywordMain.runKeyword(KeywordMain.groovy:75)
	at com.kms.katalon.core.keyword.builtin.CallTestCaseKeyword.callTestCase(CallTestCaseKeyword.groovy:81)
	at com.kms.katalon.core.keyword.builtin.CallTestCaseKeyword.execute(CallTestCaseKeyword.groovy:44)
	at com.kms.katalon.core.keyword.internal.KeywordExecutor.executeKeywordForPlatform(KeywordExecutor.groovy:74)
	at com.kms.katalon.core.keyword.BuiltinKeywords.callTestCase(BuiltinKeywords.groovy:310)
	at jdk.internal.reflect.GeneratedMethodAccessor29.invoke(Unknown Source)
	at java.base/jdk.internal.reflect.DelegatingMethodAccessorImpl.invoke(DelegatingMethodAccessorImpl.java:43)
	at Complete Education Partner Profile.run(Complete Education Partner Profile:97)
	at com.kms.katalon.core.main.ScriptEngine.run(ScriptEngine.java:194)
	at com.kms.katalon.core.main.ScriptEngine.runScriptAsRawText(ScriptEngine.java:119)
	at com.kms.katalon.core.main.TestCaseExecutor.runScript(TestCaseExecutor.java:448)
	at com.kms.katalon.core.main.TestCaseExecutor.doExecute(TestCaseExecutor.java:439)
	at com.kms.katalon.core.main.TestCaseExecutor.processExecutionPhase(TestCaseExecutor.java:418)
	at com.kms.katalon.core.main.TestCaseExecutor.accessMainPhase(TestCaseExecutor.java:410)
	at com.kms.katalon.core.main.TestCaseExecutor.execute(TestCaseExecutor.java:285)
	at com.kms.katalon.core.main.TestCaseMain.runTestCase(TestCaseMain.java:137)
	at com.kms.katalon.core.keyword.builtin.CallTestCaseKeyword$_callTestCase_closure1.doCall(CallTestCaseKeyword.groovy:59)
	at com.kms.katalon.core.keyword.builtin.CallTestCaseKeyword$_callTestCase_closure1.call(CallTestCaseKeyword.groovy)
	at com.kms.katalon.core.keyword.internal.KeywordMain.runKeyword(KeywordMain.groovy:75)
	at com.kms.katalon.core.keyword.builtin.CallTestCaseKeyword.callTestCase(CallTestCaseKeyword.groovy:81)
	at com.kms.katalon.core.keyword.builtin.CallTestCaseKeyword.execute(CallTestCaseKeyword.groovy:44)
	at com.kms.katalon.core.keyword.internal.KeywordExecutor.executeKeywordForPlatform(KeywordExecutor.groovy:74)
	at com.kms.katalon.core.keyword.BuiltinKeywords.callTestCase(BuiltinKeywords.groovy:310)
	at jdk.internal.reflect.GeneratedMethodAccessor29.invoke(Unknown Source)
	at java.base/jdk.internal.reflect.DelegatingMethodAccessorImpl.invoke(DelegatingMethodAccessorImpl.java:43)
	at Register Education Partner.run(Register Education Partner:403)
	at com.kms.katalon.core.main.ScriptEngine.run(ScriptEngine.java:194)
	at com.kms.katalon.core.main.ScriptEngine.runScriptAsRawText(ScriptEngine.java:119)
	at com.kms.katalon.core.main.TestCaseExecutor.runScript(TestCaseExecutor.java:448)
	at com.kms.katalon.core.main.TestCaseExecutor.doExecute(TestCaseExecutor.java:439)
	at com.kms.katalon.core.main.TestCaseExecutor.processExecutionPhase(TestCaseExecutor.java:418)
	at com.kms.katalon.core.main.TestCaseExecutor.accessMainPhase(TestCaseExecutor.java:410)
	at com.kms.katalon.core.main.TestCaseExecutor.execute(TestCaseExecutor.java:285)
	at com.kms.katalon.core.common.CommonExecutor.accessTestCaseMainPhase(CommonExecutor.java:65)
	at com.kms.katalon.core.main.TestSuiteExecutor.accessTestSuiteMainPhase(TestSuiteExecutor.java:150)
	at com.kms.katalon.core.main.TestSuiteExecutor.execute(TestSuiteExecutor.java:106)
	at com.kms.katalon.core.main.TestCaseMain.startTestSuite(TestCaseMain.java:180)
	at TempTestSuite1740698292669.run(TempTestSuite1740698292669.groovy:35)
	at java.base/jdk.internal.reflect.NativeMethodAccessorImpl.invoke0(Native Method)
	at java.base/jdk.internal.reflect.NativeMethodAccessorImpl.invoke(NativeMethodAccessorImpl.java:77)
	at java.base/jdk.internal.reflect.DelegatingMethodAccessorImpl.invoke(DelegatingMethodAccessorImpl.java:43)
Caused by: com.kms.katalon.core.exception.StepErrorException: 
----- The text "International Zip Code" was NOT found after clicking on the Find your International Post Code link
	at com.kms.katalon.core.util.KeywordUtil.markError(KeywordUtil.java:67)
	at Test External Links.run(Test External Links:101)
	at com.kms.katalon.core.main.ScriptEngine.run(ScriptEngine.java:194)
	at com.kms.katalon.core.main.ScriptEngine.runScriptAsRawText(ScriptEngine.java:119)
	at com.kms.katalon.core.main.TestCaseExecutor.runScript(TestCaseExecutor.java:448)
	at com.kms.katalon.core.main.TestCaseExecutor.doExecute(TestCaseExecutor.java:439)
	at com.kms.katalon.core.main.TestCaseExecutor.processExecutionPhase(TestCaseExecutor.java:418)
	at com.kms.katalon.core.main.TestCaseExecutor.accessMainPhase(TestCaseExecutor.java:410)
	at com.kms.katalon.core.main.TestCaseExecutor.execute(TestCaseExecutor.java:285)
	at com.kms.katalon.core.main.TestCaseMain.runTestCase(TestCaseMain.java:137)
	at com.kms.katalon.core.keyword.builtin.CallTestCaseKeyword$_callTestCase_closure1.doCall(CallTestCaseKeyword.groovy:59)
	... 60 more
)

27-02-2025T17:29:18 - [TEST_STEP][PASSED] - click(findTestObject("Education Partner Profile/Tabs/Contact Info/btn_Complete Submit")): Object: 'Object Repository/Education Partner Profile/Tabs/Contact Info/btn_Complete Submit' is clicked on

27-02-2025T17:29:23 - [MESSAGE][PASSED] - Object: 'Object Repository/Education Partner Profile/Tabs/Contact Info/btn_Complete Submit' is clicked on

27-02-2025T17:29:23 - [MESSAGE][PASSED] - Call Test Case 'Test Cases/Education Partner Profile/Tabs/Set Contact Info' successfully

27-02-2025T17:29:23 - [TEST_STEP][PASSED] - if (pages.size() == 0 || "All" in pages || "School Info" in pages): Call Test Case 'Test Cases/Education Partner Profile/Tabs/Set School Info' successfully

27-02-2025T17:29:23 - [TEST_STEP][PASSED] - description = "The Kosieracki Christian K-12 School": null

27-02-2025T17:29:23 - [TEST_STEP][PASSED] - year_founded = "1971": null

27-02-2025T17:29:23 - [TEST_STEP][PASSED] - vision_trip = "Yes": null

27-02-2025T17:29:23 - [TEST_STEP][PASSED] - vision_trip_description = "2 week internship.": null

27-02-2025T17:29:23 - [TEST_STEP][PASSED] - school_year_starts = "Early August": null

27-02-2025T17:29:23 - [TEST_STEP][PASSED] - school_accredited = "No": null

27-02-2025T17:29:23 - [TEST_STEP][PASSED] - student_capacity = "200": null

27-02-2025T17:29:23 - [TEST_STEP][PASSED] - website_address = "https://www.swchs.org": null

27-02-2025T17:29:23 - [TEST_STEP][PASSED] - hide_listing = "Yes": null

27-02-2025T17:29:23 - [TEST_STEP][PASSED] - reason_for_hiding = "Creative access country": null

27-02-2025T17:29:23 - [TEST_STEP][PASSED] - callTestCase(findTestCase("Education Partner Profile/Tabs/Set School Info"), ["varDescription":description, "varYear_founded":year_founded, "varVision_trip":vision_trip, "varVision_trip_description":vision_trip_description, ... ], STOP_ON_FAILURE): Call Test Case 'Test Cases/Education Partner Profile/Tabs/Set School Info' successfully

27-02-2025T17:29:23 - [TEST_CASE][PASSED] - Test Cases/Education Partner Profile/Tabs/Set School Info: Test Cases/Education Partner Profile/Tabs/Set School Info

27-02-2025T17:29:23 - [TEST_STEP][PASSED] - username = username: null

27-02-2025T17:29:23 - [TEST_STEP][PASSED] - if (username != "cktest06ep"): null

27-02-2025T17:29:23 - [TEST_STEP][PASSED] - domain = domain: null

27-02-2025T17:29:23 - [TEST_STEP][PASSED] - writeFile = false: null

27-02-2025T17:29:23 - [TEST_STEP][PASSED] - testName = "Education Partner School Info Tab": null

27-02-2025T17:29:23 - [TEST_STEP][PASSED] - outFile = callTestCase(findTestCase("_Functions/Set Output File"), ["varTestName":testName], STOP_ON_FAILURE): Call Test Case 'Test Cases/_Functions/Set Output File' successfully

27-02-2025T17:29:23 - [TEST_CASE][PASSED] - Test Cases/_Functions/Set Output File: Test Cases/_Functions/Set Output File

27-02-2025T17:29:23 - [TEST_STEP][PASSED] - testName = varTestName: null

27-02-2025T17:29:23 - [TEST_STEP][PASSED] - domain = domain: null

27-02-2025T17:29:23 - [TEST_STEP][PASSED] - writeFile = false: null

27-02-2025T17:29:23 - [TEST_STEP][PASSED] - if (outFile != ""): null

27-02-2025T17:29:23 - [TEST_STEP][PASSED] - myFile = outFile: null

27-02-2025T17:29:23 - [TEST_STEP][PASSED] - println(myFile): null

27-02-2025T17:29:23 - [TEST_STEP][PASSED] - outFile = new java.io.File(myFile): null

27-02-2025T17:29:23 - [TEST_STEP][PASSED] - writeFile = true: null

27-02-2025T17:29:23 - [TEST_STEP][PASSED] - if (!(writeFile)): null

27-02-2025T17:29:23 - [TEST_STEP][PASSED] - else: null

27-02-2025T17:29:23 - [TEST_STEP][PASSED] - outFile.append("
Testing " + testName + " on " + domain + ".
"): null

27-02-2025T17:29:23 - [TEST_STEP][PASSED] - return outFile: null

27-02-2025T17:29:23 - [MESSAGE][PASSED] - Call Test Case 'Test Cases/_Functions/Set Output File' successfully

27-02-2025T17:29:23 - [TEST_STEP][PASSED] - tooltipImagePath = "/Users/cckozie/git/MissionNext-Katalon-Koz/images/education partner/tabs/school info/": null

27-02-2025T17:29:23 - [TEST_STEP][PASSED] - testObjectFolder = "Education partner Profile/Tabs/School Info/": null

27-02-2025T17:29:23 - [TEST_STEP][PASSED] - tooltips = ["dummy":"dummy", "Description":"img_Description_field-tooltip", "Year Founded":"img_Year Founded_field-tooltip", "Vision Trip":"img_Vision Trip_field-tooltip", ... ]: null

27-02-2025T17:29:23 - [TEST_STEP][PASSED] - tooltipText = ["Description":"Hint: Take a paragraph or two from your website. If copying & pasting, you must manually type in any special characters, i.e, quotation marks, apostrophe, ampersand, etc.", "Year Founded":"Format: YYYY", ... ]: null

27-02-2025T17:29:23 - [TEST_STEP][PASSED] - requiredFieldMsgs = []: null

27-02-2025T17:29:23 - [TEST_STEP][PASSED] - click(findTestObject("Education Partner Profile/Tabs/a_School Info")): Object: 'Object Repository/Education Partner Profile/Tabs/a_School Info' is clicked on

27-02-2025T17:29:23 - [MESSAGE][PASSED] - Object: 'Object Repository/Education Partner Profile/Tabs/a_School Info' is clicked on

27-02-2025T17:29:23 - [TEST_STEP][PASSED] - tooltipTextMap = callTestCase(findTestCase("_Functions/Get Screenshot and Tooltip Text"), ["varExtension":testName], STOP_ON_FAILURE): Call Test Case 'Test Cases/_Functions/Get Screenshot and Tooltip Text' successfully

27-02-2025T17:29:23 - [TEST_CASE][PASSED] - Test Cases/_Functions/Get Screenshot and Tooltip Text: Test Cases/_Functions/Get Screenshot and Tooltip Text

27-02-2025T17:29:23 - [TEST_STEP][PASSED] - if (fastPath): null

27-02-2025T17:29:23 - [TEST_STEP][PASSED] - frame = new javax.swing.JFrame(): null

27-02-2025T17:29:23 - [TEST_STEP][PASSED] - p = new javax.swing.JPanel(): null

27-02-2025T17:29:23 - [TEST_STEP][PASSED] - l = new javax.swing.JLabel(Getting screenshot and tooltip text..., javax.swing.SwingConstants.CENTER): null

27-02-2025T17:29:23 - [TEST_STEP][PASSED] - frame.add(l): null

27-02-2025T17:29:23 - [TEST_STEP][PASSED] - frame.setSize(300, 100): null

27-02-2025T17:29:23 - [TEST_STEP][PASSED] - frame.setLocation(600, 0): null

27-02-2025T17:29:23 - [TEST_STEP][PASSED] - frame.setAlwaysOnTop(true): null

27-02-2025T17:29:23 - [TEST_STEP][PASSED] - frame.show(): null

27-02-2025T17:29:23 - [TEST_STEP][PASSED] - driver = getWebDriver(): null

27-02-2025T17:29:23 - [TEST_STEP][PASSED] - path = "/Users/cckozie/Documents/MissionNext/Screenshots and Tooltip Text/": null

27-02-2025T17:29:23 - [TEST_STEP][PASSED] - if (binding.hasVariable("varExtension")): null

27-02-2025T17:29:23 - [TEST_STEP][PASSED] - extension = varExtension: null

27-02-2025T17:29:23 - [TEST_STEP][PASSED] - println("Extension is " + extension): null

27-02-2025T17:29:23 - [TEST_STEP][PASSED] - fileBase = path + extension: null

27-02-2025T17:29:23 - [TEST_STEP][PASSED] - fileImage = fileBase + "_Screenshot.png": null

27-02-2025T17:29:23 - [TEST_STEP][PASSED] - waitForPageLoad(30): Wait for page load successfully

27-02-2025T17:29:23 - [MESSAGE][PASSED] - Wait for page load successfully

27-02-2025T17:29:23 - [TEST_STEP][PASSED] - spinner = driver.findElement(By.xpath("/html/body/div[1]/div/div[2]")): null

27-02-2025T17:29:23 - [TEST_STEP][PASSED] - executor = driver: null

27-02-2025T17:29:23 - [TEST_STEP][PASSED] - elementAttributes = executor.executeScript("var items = {}; for (index = 0; index < arguments[0].attributes.length; ++index) { items[arguments[0].attributes[index].name] = arguments[0].attributes[index].value }; return items;", spinner): null

27-02-2025T17:29:23 - [TEST_STEP][PASSED] - attrs = elementAttributes.toString(): null

27-02-2025T17:29:23 - [TEST_STEP][PASSED] - waits = 0: null

27-02-2025T17:29:23 - [TEST_STEP][PASSED] - while (attrs.indexOf("display: none") < 0 && waits < 2): null

27-02-2025T17:29:23 - [TEST_STEP][PASSED] - tooltipMap = callTestCase(findTestCase("_Functions/Get Tooltip Text"), [:], STOP_ON_FAILURE): Call Test Case 'Test Cases/_Functions/Get Tooltip Text' successfully

27-02-2025T17:29:23 - [TEST_CASE][PASSED] - Test Cases/_Functions/Get Tooltip Text: Test Cases/_Functions/Get Tooltip Text

27-02-2025T17:29:23 - [TEST_STEP][PASSED] - fieldTooltips = [:]: null

27-02-2025T17:29:23 - [TEST_STEP][PASSED] - tooltipMap = [:]: null

27-02-2025T17:29:23 - [TEST_STEP][PASSED] - driver = getWebDriver(): null

27-02-2025T17:29:23 - [TEST_STEP][PASSED] - tooltips = driver.findElements(By.className("field-tooltip")): null

27-02-2025T17:29:23 - [TEST_STEP][PASSED] - for (def it : tooltips): null

27-02-2025T17:29:23 - [TEST_STEP][PASSED] - if (it.isDisplayed()): null

27-02-2025T17:29:23 - [TEST_STEP][PASSED] - if (it.isDisplayed()): null

27-02-2025T17:29:23 - [TEST_STEP][PASSED] - if (it.isDisplayed()): null

27-02-2025T17:29:23 - [TEST_STEP][PASSED] - if (it.isDisplayed()): null

27-02-2025T17:29:23 - [TEST_STEP][PASSED] - if (it.isDisplayed()): null

27-02-2025T17:29:23 - [TEST_STEP][PASSED] - if (it.isDisplayed()): null

27-02-2025T17:29:23 - [TEST_STEP][PASSED] - if (it.isDisplayed()): null

27-02-2025T17:29:23 - [TEST_STEP][PASSED] - ttText = it.getAttribute("data-original-title"): null

27-02-2025T17:29:23 - [TEST_STEP][PASSED] - ttLocation = it.getLocation(): null

27-02-2025T17:29:23 - [TEST_STEP][PASSED] - yLocation = ttLocation.getY(): null

27-02-2025T17:29:23 - [TEST_STEP][PASSED] - xLocation = ttLocation.getX(): null

27-02-2025T17:29:23 - [TEST_STEP][PASSED] - fieldTooltips.put(ttText, yLocation): null

27-02-2025T17:29:23 - [TEST_STEP][PASSED] - if (it.isDisplayed()): null

27-02-2025T17:29:23 - [TEST_STEP][PASSED] - ttText = it.getAttribute("data-original-title"): null

27-02-2025T17:29:23 - [TEST_STEP][PASSED] - ttLocation = it.getLocation(): null

27-02-2025T17:29:23 - [TEST_STEP][PASSED] - yLocation = ttLocation.getY(): null

27-02-2025T17:29:23 - [TEST_STEP][PASSED] - xLocation = ttLocation.getX(): null

27-02-2025T17:29:23 - [TEST_STEP][PASSED] - fieldTooltips.put(ttText, yLocation): null

27-02-2025T17:29:23 - [TEST_STEP][PASSED] - if (it.isDisplayed()): null

27-02-2025T17:29:24 - [TEST_STEP][PASSED] - ttText = it.getAttribute("data-original-title"): null

27-02-2025T17:29:24 - [TEST_STEP][PASSED] - ttLocation = it.getLocation(): null

27-02-2025T17:29:24 - [TEST_STEP][PASSED] - yLocation = ttLocation.getY(): null

27-02-2025T17:29:24 - [TEST_STEP][PASSED] - xLocation = ttLocation.getX(): null

27-02-2025T17:29:24 - [TEST_STEP][PASSED] - fieldTooltips.put(ttText, yLocation): null

27-02-2025T17:29:24 - [TEST_STEP][PASSED] - if (it.isDisplayed()): null

27-02-2025T17:29:24 - [TEST_STEP][PASSED] - if (it.isDisplayed()): null

27-02-2025T17:29:24 - [TEST_STEP][PASSED] - ttText = it.getAttribute("data-original-title"): null

27-02-2025T17:29:24 - [TEST_STEP][PASSED] - ttLocation = it.getLocation(): null

27-02-2025T17:29:24 - [TEST_STEP][PASSED] - yLocation = ttLocation.getY(): null

27-02-2025T17:29:24 - [TEST_STEP][PASSED] - xLocation = ttLocation.getX(): null

27-02-2025T17:29:24 - [TEST_STEP][PASSED] - fieldTooltips.put(ttText, yLocation): null

27-02-2025T17:29:24 - [TEST_STEP][PASSED] - if (it.isDisplayed()): null

27-02-2025T17:29:24 - [TEST_STEP][PASSED] - ttText = it.getAttribute("data-original-title"): null

27-02-2025T17:29:24 - [TEST_STEP][PASSED] - ttLocation = it.getLocation(): null

27-02-2025T17:29:24 - [TEST_STEP][PASSED] - yLocation = ttLocation.getY(): null

27-02-2025T17:29:24 - [TEST_STEP][PASSED] - xLocation = ttLocation.getX(): null

27-02-2025T17:29:24 - [TEST_STEP][PASSED] - fieldTooltips.put(ttText, yLocation): null

27-02-2025T17:29:24 - [TEST_STEP][PASSED] - if (it.isDisplayed()): null

27-02-2025T17:29:24 - [TEST_STEP][PASSED] - ttText = it.getAttribute("data-original-title"): null

27-02-2025T17:29:24 - [TEST_STEP][PASSED] - ttLocation = it.getLocation(): null

27-02-2025T17:29:24 - [TEST_STEP][PASSED] - yLocation = ttLocation.getY(): null

27-02-2025T17:29:24 - [TEST_STEP][PASSED] - xLocation = ttLocation.getX(): null

27-02-2025T17:29:24 - [TEST_STEP][PASSED] - fieldTooltips.put(ttText, yLocation): null

27-02-2025T17:29:24 - [TEST_STEP][PASSED] - if (it.isDisplayed()): null

27-02-2025T17:29:24 - [TEST_STEP][PASSED] - if (it.isDisplayed()): null

27-02-2025T17:29:24 - [TEST_STEP][PASSED] - if (it.isDisplayed()): null

27-02-2025T17:29:24 - [TEST_STEP][PASSED] - if (it.isDisplayed()): null

27-02-2025T17:29:24 - [TEST_STEP][PASSED] - if (it.isDisplayed()): null

27-02-2025T17:29:24 - [TEST_STEP][PASSED] - if (it.isDisplayed()): null

27-02-2025T17:29:24 - [TEST_STEP][PASSED] - if (it.isDisplayed()): null

27-02-2025T17:29:24 - [TEST_STEP][PASSED] - if (it.isDisplayed()): null

27-02-2025T17:29:24 - [TEST_STEP][PASSED] - if (it.isDisplayed()): null

27-02-2025T17:29:24 - [TEST_STEP][PASSED] - if (it.isDisplayed()): null

27-02-2025T17:29:24 - [TEST_STEP][PASSED] - if (it.isDisplayed()): null

27-02-2025T17:29:24 - [TEST_STEP][PASSED] - if (it.isDisplayed()): null

27-02-2025T17:29:24 - [TEST_STEP][PASSED] - if (it.isDisplayed()): null

27-02-2025T17:29:24 - [TEST_STEP][PASSED] - if (it.isDisplayed()): null

27-02-2025T17:29:24 - [TEST_STEP][PASSED] - if (it.isDisplayed()): null

27-02-2025T17:29:24 - [TEST_STEP][PASSED] - if (fieldTooltips.size() > 0): null

27-02-2025T17:29:24 - [TEST_STEP][PASSED] - rightBorder = xLocation: null

27-02-2025T17:29:24 - [TEST_STEP][PASSED] - fieldLabels = [:]: null

27-02-2025T17:29:24 - [TEST_STEP][PASSED] - labels = driver.findElements(By.xpath("//label")): null

27-02-2025T17:29:24 - [TEST_STEP][PASSED] - labels.each({ -> ... }): null

27-02-2025T17:29:24 - [TEST_STEP][PASSED] - for (def label : fieldLabels): null

27-02-2025T17:29:24 - [TEST_STEP][PASSED] - y = value: null

27-02-2025T17:29:24 - [TEST_STEP][PASSED] - for (def tooltip : fieldTooltips): null

27-02-2025T17:29:24 - [TEST_STEP][PASSED] - if (value == y || value == y + 1 || value == y - 1): null

27-02-2025T17:29:24 - [TEST_STEP][PASSED] - if (value == y || value == y + 1 || value == y - 1): null

27-02-2025T17:29:24 - [TEST_STEP][PASSED] - if (value == y || value == y + 1 || value == y - 1): null

27-02-2025T17:29:24 - [TEST_STEP][PASSED] - if (value == y || value == y + 1 || value == y - 1): null

27-02-2025T17:29:24 - [TEST_STEP][PASSED] - if (value == y || value == y + 1 || value == y - 1): null

27-02-2025T17:29:24 - [TEST_STEP][PASSED] - if (value == y || value == y + 1 || value == y - 1): null

27-02-2025T17:29:24 - [TEST_STEP][PASSED] - y = value: null

27-02-2025T17:29:24 - [TEST_STEP][PASSED] - for (def tooltip : fieldTooltips): null

27-02-2025T17:29:24 - [TEST_STEP][PASSED] - if (value == y || value == y + 1 || value == y - 1): null

27-02-2025T17:29:24 - [TEST_STEP][PASSED] - tooltipMap.put(key, key): null

27-02-2025T17:29:24 - [TEST_STEP][PASSED] - break: null

27-02-2025T17:29:24 - [TEST_STEP][PASSED] - y = value: null

27-02-2025T17:29:24 - [TEST_STEP][PASSED] - for (def tooltip : fieldTooltips): null

27-02-2025T17:29:24 - [TEST_STEP][PASSED] - if (value == y || value == y + 1 || value == y - 1): null

27-02-2025T17:29:24 - [TEST_STEP][PASSED] - if (value == y || value == y + 1 || value == y - 1): null

27-02-2025T17:29:24 - [TEST_STEP][PASSED] - tooltipMap.put(key, key): null

27-02-2025T17:29:24 - [TEST_STEP][PASSED] - break: null

27-02-2025T17:29:24 - [TEST_STEP][PASSED] - y = value: null

27-02-2025T17:29:24 - [TEST_STEP][PASSED] - for (def tooltip : fieldTooltips): null

27-02-2025T17:29:24 - [TEST_STEP][PASSED] - if (value == y || value == y + 1 || value == y - 1): null

27-02-2025T17:29:24 - [TEST_STEP][PASSED] - if (value == y || value == y + 1 || value == y - 1): null

27-02-2025T17:29:24 - [TEST_STEP][PASSED] - if (value == y || value == y + 1 || value == y - 1): null

27-02-2025T17:29:24 - [TEST_STEP][PASSED] - tooltipMap.put(key, key): null

27-02-2025T17:29:24 - [TEST_STEP][PASSED] - break: null

27-02-2025T17:29:24 - [TEST_STEP][PASSED] - y = value: null

27-02-2025T17:29:24 - [TEST_STEP][PASSED] - for (def tooltip : fieldTooltips): null

27-02-2025T17:29:24 - [TEST_STEP][PASSED] - if (value == y || value == y + 1 || value == y - 1): null

27-02-2025T17:29:24 - [TEST_STEP][PASSED] - if (value == y || value == y + 1 || value == y - 1): null

27-02-2025T17:29:24 - [TEST_STEP][PASSED] - if (value == y || value == y + 1 || value == y - 1): null

27-02-2025T17:29:24 - [TEST_STEP][PASSED] - if (value == y || value == y + 1 || value == y - 1): null

27-02-2025T17:29:24 - [TEST_STEP][PASSED] - tooltipMap.put(key, key): null

27-02-2025T17:29:24 - [TEST_STEP][PASSED] - break: null

27-02-2025T17:29:24 - [TEST_STEP][PASSED] - y = value: null

27-02-2025T17:29:24 - [TEST_STEP][PASSED] - for (def tooltip : fieldTooltips): null

27-02-2025T17:29:24 - [TEST_STEP][PASSED] - if (value == y || value == y + 1 || value == y - 1): null

27-02-2025T17:29:24 - [TEST_STEP][PASSED] - if (value == y || value == y + 1 || value == y - 1): null

27-02-2025T17:29:24 - [TEST_STEP][PASSED] - if (value == y || value == y + 1 || value == y - 1): null

27-02-2025T17:29:24 - [TEST_STEP][PASSED] - if (value == y || value == y + 1 || value == y - 1): null

27-02-2025T17:29:24 - [TEST_STEP][PASSED] - if (value == y || value == y + 1 || value == y - 1): null

27-02-2025T17:29:24 - [TEST_STEP][PASSED] - if (value == y || value == y + 1 || value == y - 1): null

27-02-2025T17:29:24 - [TEST_STEP][PASSED] - y = value: null

27-02-2025T17:29:24 - [TEST_STEP][PASSED] - for (def tooltip : fieldTooltips): null

27-02-2025T17:29:24 - [TEST_STEP][PASSED] - if (value == y || value == y + 1 || value == y - 1): null

27-02-2025T17:29:24 - [TEST_STEP][PASSED] - if (value == y || value == y + 1 || value == y - 1): null

27-02-2025T17:29:24 - [TEST_STEP][PASSED] - if (value == y || value == y + 1 || value == y - 1): null

27-02-2025T17:29:24 - [TEST_STEP][PASSED] - if (value == y || value == y + 1 || value == y - 1): null

27-02-2025T17:29:24 - [TEST_STEP][PASSED] - if (value == y || value == y + 1 || value == y - 1): null

27-02-2025T17:29:24 - [TEST_STEP][PASSED] - if (value == y || value == y + 1 || value == y - 1): null

27-02-2025T17:29:24 - [TEST_STEP][PASSED] - y = value: null

27-02-2025T17:29:24 - [TEST_STEP][PASSED] - for (def tooltip : fieldTooltips): null

27-02-2025T17:29:24 - [TEST_STEP][PASSED] - if (value == y || value == y + 1 || value == y - 1): null

27-02-2025T17:29:24 - [TEST_STEP][PASSED] - if (value == y || value == y + 1 || value == y - 1): null

27-02-2025T17:29:24 - [TEST_STEP][PASSED] - if (value == y || value == y + 1 || value == y - 1): null

27-02-2025T17:29:24 - [TEST_STEP][PASSED] - if (value == y || value == y + 1 || value == y - 1): null

27-02-2025T17:29:24 - [TEST_STEP][PASSED] - if (value == y || value == y + 1 || value == y - 1): null

27-02-2025T17:29:24 - [TEST_STEP][PASSED] - tooltipMap.put(key, key): null

27-02-2025T17:29:24 - [TEST_STEP][PASSED] - break: null

27-02-2025T17:29:24 - [TEST_STEP][PASSED] - y = value: null

27-02-2025T17:29:24 - [TEST_STEP][PASSED] - for (def tooltip : fieldTooltips): null

27-02-2025T17:29:24 - [TEST_STEP][PASSED] - if (value == y || value == y + 1 || value == y - 1): null

27-02-2025T17:29:24 - [TEST_STEP][PASSED] - if (value == y || value == y + 1 || value == y - 1): null

27-02-2025T17:29:24 - [TEST_STEP][PASSED] - if (value == y || value == y + 1 || value == y - 1): null

27-02-2025T17:29:24 - [TEST_STEP][PASSED] - if (value == y || value == y + 1 || value == y - 1): null

27-02-2025T17:29:24 - [TEST_STEP][PASSED] - if (value == y || value == y + 1 || value == y - 1): null

27-02-2025T17:29:24 - [TEST_STEP][PASSED] - if (value == y || value == y + 1 || value == y - 1): null

27-02-2025T17:29:24 - [TEST_STEP][PASSED] - tooltipMap.put(key, key): null

27-02-2025T17:29:24 - [TEST_STEP][PASSED] - break: null

27-02-2025T17:29:24 - [TEST_STEP][PASSED] - return tooltipMap: null

27-02-2025T17:29:24 - [MESSAGE][PASSED] - Call Test Case 'Test Cases/_Functions/Get Tooltip Text' successfully

27-02-2025T17:29:24 - [TEST_STEP][PASSED] - if (tooltipMap.size() > 0): null

27-02-2025T17:29:24 - [TEST_STEP][PASSED] - file = fileBase + "_Tooltips.csv": null

27-02-2025T17:29:24 - [TEST_STEP][PASSED] - outText = "FIELD LABEL" + "," + "TOOLTIP TEXT" + "

": null

27-02-2025T17:29:24 - [TEST_STEP][PASSED] - for (def it : tooltipMap): null

27-02-2025T17:29:24 - [TEST_STEP][PASSED] - name = key: null

27-02-2025T17:29:24 - [TEST_STEP][PASSED] - value = value.replace("
", ""): null

27-02-2025T17:29:24 - [TEST_STEP][PASSED] - value = value.trim(): null

27-02-2025T17:29:24 - [TEST_STEP][PASSED] - value = """ + value + """: null

27-02-2025T17:29:24 - [TEST_STEP][PASSED] - outText = outText + name + "," + value: null

27-02-2025T17:29:24 - [TEST_STEP][PASSED] - outText = outText + "
": null

27-02-2025T17:29:24 - [TEST_STEP][PASSED] - println(outText): null

27-02-2025T17:29:24 - [TEST_STEP][PASSED] - name = key: null

27-02-2025T17:29:24 - [TEST_STEP][PASSED] - value = value.replace("
", ""): null

27-02-2025T17:29:24 - [TEST_STEP][PASSED] - value = value.trim(): null

27-02-2025T17:29:24 - [TEST_STEP][PASSED] - value = """ + value + """: null

27-02-2025T17:29:24 - [TEST_STEP][PASSED] - outText = outText + name + "," + value: null

27-02-2025T17:29:24 - [TEST_STEP][PASSED] - outText = outText + "
": null

27-02-2025T17:29:24 - [TEST_STEP][PASSED] - println(outText): null

27-02-2025T17:29:24 - [TEST_STEP][PASSED] - name = key: null

27-02-2025T17:29:24 - [TEST_STEP][PASSED] - value = value.replace("
", ""): null

27-02-2025T17:29:24 - [TEST_STEP][PASSED] - value = value.trim(): null

27-02-2025T17:29:24 - [TEST_STEP][PASSED] - value = """ + value + """: null

27-02-2025T17:29:24 - [TEST_STEP][PASSED] - outText = outText + name + "," + value: null

27-02-2025T17:29:24 - [TEST_STEP][PASSED] - outText = outText + "
": null

27-02-2025T17:29:24 - [TEST_STEP][PASSED] - println(outText): null

27-02-2025T17:29:24 - [TEST_STEP][PASSED] - name = key: null

27-02-2025T17:29:24 - [TEST_STEP][PASSED] - value = value.replace("
", ""): null

27-02-2025T17:29:24 - [TEST_STEP][PASSED] - value = value.trim(): null

27-02-2025T17:29:24 - [TEST_STEP][PASSED] - value = """ + value + """: null

27-02-2025T17:29:24 - [TEST_STEP][PASSED] - outText = outText + name + "," + value: null

27-02-2025T17:29:24 - [TEST_STEP][PASSED] - outText = outText + "
": null

27-02-2025T17:29:24 - [TEST_STEP][PASSED] - println(outText): null

27-02-2025T17:29:24 - [TEST_STEP][PASSED] - name = key: null

27-02-2025T17:29:24 - [TEST_STEP][PASSED] - value = value.replace("
", ""): null

27-02-2025T17:29:24 - [TEST_STEP][PASSED] - value = value.trim(): null

27-02-2025T17:29:24 - [TEST_STEP][PASSED] - value = """ + value + """: null

27-02-2025T17:29:24 - [TEST_STEP][PASSED] - outText = outText + name + "," + value: null

27-02-2025T17:29:24 - [TEST_STEP][PASSED] - outText = outText + "
": null

27-02-2025T17:29:24 - [TEST_STEP][PASSED] - println(outText): null

27-02-2025T17:29:24 - [TEST_STEP][PASSED] - name = key: null

27-02-2025T17:29:24 - [TEST_STEP][PASSED] - value = value.replace("
", ""): null

27-02-2025T17:29:24 - [TEST_STEP][PASSED] - value = value.trim(): null

27-02-2025T17:29:24 - [TEST_STEP][PASSED] - value = """ + value + """: null

27-02-2025T17:29:24 - [TEST_STEP][PASSED] - outText = outText + name + "," + value: null

27-02-2025T17:29:24 - [TEST_STEP][PASSED] - outText = outText + "
": null

27-02-2025T17:29:24 - [TEST_STEP][PASSED] - println(outText): null

27-02-2025T17:29:24 - [TEST_STEP][PASSED] - outFile = new java.io.File(file): null

27-02-2025T17:29:24 - [TEST_STEP][PASSED] - println(outText): null

27-02-2025T17:29:24 - [TEST_STEP][PASSED] - outFile.write(outText): null

27-02-2025T17:29:24 - [TEST_STEP][PASSED] - takeFullPageScreenshot(fileImage): Taking screenshot successfully

27-02-2025T17:29:25 - [MESSAGE][INFO] - 0 hidden object(s)

27-02-2025T17:29:25 - [MESSAGE][PASSED] - Taking screenshot successfully
[[ATTACHMENT|/Users/cckozie/Documents/MissionNext/Screenshots and Tooltip Text/Education Partner School Info Tab_Screenshot.png]]

27-02-2025T17:29:25 - [TEST_STEP][PASSED] - frame.dispose(): null

27-02-2025T17:29:25 - [TEST_STEP][PASSED] - return tooltipMap: null

27-02-2025T17:29:25 - [MESSAGE][PASSED] - Call Test Case 'Test Cases/_Functions/Get Screenshot and Tooltip Text' successfully

27-02-2025T17:29:25 - [TEST_STEP][PASSED] - callTestCase(findTestCase("_Functions/Test Tooltips"), ["varTooltipImagePath":tooltipImagePath, "varTooltips":tooltips, "varTooltipText":tooltipText, "varTestObjectFolder":testObjectFolder, ... ], OPTIONAL): Call Test Case 'Test Cases/_Functions/Test Tooltips' successfully

27-02-2025T17:29:25 - [TEST_CASE][PASSED] - Test Cases/_Functions/Test Tooltips: Test Cases/_Functions/Test Tooltips

27-02-2025T17:29:25 - [TEST_STEP][PASSED] - if (fastPath): null

27-02-2025T17:29:25 - [TEST_STEP][PASSED] - tooltipImagePath = varTooltipImagePath: null

27-02-2025T17:29:25 - [TEST_STEP][PASSED] - tooltips = varTooltips: null

27-02-2025T17:29:25 - [TEST_STEP][PASSED] - tooltipText = varTooltipText: null

27-02-2025T17:29:25 - [TEST_STEP][PASSED] - testObjectFolder = varTestObjectFolder: null

27-02-2025T17:29:25 - [TEST_STEP][PASSED] - tooltipTextMap = varTooltipTextMap: null

27-02-2025T17:29:25 - [TEST_STEP][PASSED] - writeFile = false: null

27-02-2025T17:29:25 - [TEST_STEP][PASSED] - if (outFile != ""): null

27-02-2025T17:29:25 - [TEST_STEP][PASSED] - myFile = outFile: null

27-02-2025T17:29:25 - [TEST_STEP][PASSED] - println(myFile): null

27-02-2025T17:29:25 - [TEST_STEP][PASSED] - outFile = new java.io.File(myFile): null

27-02-2025T17:29:25 - [TEST_STEP][PASSED] - writeFile = true: null

27-02-2025T17:29:25 - [TEST_STEP][PASSED] - driver = getWebDriver(): null

27-02-2025T17:29:25 - [TEST_STEP][PASSED] - action = new org.openqa.selenium.interactions.Actions(driver): null

27-02-2025T17:29:25 - [TEST_STEP][PASSED] - s = new org.sikuli.script.Screen(): null

27-02-2025T17:29:25 - [TEST_STEP][PASSED] - outText = "Verifying the tooltips can be displayed.
": null

27-02-2025T17:29:25 - [TEST_STEP][PASSED] - outFile.append(outText): null

27-02-2025T17:29:25 - [TEST_STEP][PASSED] - first = true: null

27-02-2025T17:29:25 - [TEST_STEP][PASSED] - for (def it : tooltips): null

27-02-2025T17:29:25 - [TEST_STEP][PASSED] - myKey = key: null

27-02-2025T17:29:25 - [TEST_STEP][PASSED] - myValue = value: null

27-02-2025T17:29:25 - [TEST_STEP][PASSED] - println("myKey is " + myKey): null

27-02-2025T17:29:25 - [TEST_STEP][PASSED] - println("myValue is " + myValue): null

27-02-2025T17:29:25 - [TEST_STEP][PASSED] - if (myKey != "dummy"): null

27-02-2025T17:29:25 - [TEST_STEP][PASSED] - else: null

27-02-2025T17:29:25 - [TEST_STEP][PASSED] - myImage = "/Users/cckozie/git/MissionNext-Katalon-Koz/images/dummy.png": null

27-02-2025T17:29:25 - [TEST_STEP][PASSED] - f = new java.io.File(myImage): null

27-02-2025T17:29:25 - [TEST_STEP][PASSED] - if (f.exists()): null

27-02-2025T17:29:25 - [TEST_STEP][PASSED] - println("Looking for " + myImage): null

27-02-2025T17:29:25 - [TEST_STEP][PASSED] - icn = Pattern(myImage).similar(0.10): null

27-02-2025T17:29:25 - [TEST_STEP][PASSED] - found = s.exists(icn): null

27-02-2025T17:29:26 - [TEST_STEP][PASSED] - println(found): null

27-02-2025T17:29:26 - [TEST_STEP][PASSED] - if (found != null): null

27-02-2025T17:29:26 - [TEST_STEP][PASSED] - foundStr = found.toString(): null

27-02-2025T17:29:26 - [TEST_STEP][PASSED] - matchP = foundStr.indexOf("%"): null

27-02-2025T17:29:26 - [TEST_STEP][PASSED] - if (matchP >= 0): null

27-02-2025T17:29:26 - [TEST_STEP][PASSED] - println(matchP): null

27-02-2025T17:29:26 - [TEST_STEP][PASSED] - pct = foundStr.substring(matchP + 1, matchP + 6): null

27-02-2025T17:29:26 - [TEST_STEP][PASSED] - pctF = pct.toFloat(): null

27-02-2025T17:29:26 - [TEST_STEP][PASSED] - outText = "+++ Tooltip match value for " + myKey + " is " + pctF + "%": null

27-02-2025T17:29:26 - [TEST_STEP][PASSED] - min = 80: null

27-02-2025T17:29:26 - [TEST_STEP][PASSED] - if (pctF.toFloat() < min.toFloat()): null

27-02-2025T17:29:26 - [TEST_STEP][PASSED] - outText = ">>>>> " + outText + " <<<<<": null

27-02-2025T17:29:26 - [TEST_STEP][PASSED] - if (myKey != "dummy"): null

27-02-2025T17:29:26 - [TEST_STEP][PASSED] - myKey = key: null

27-02-2025T17:29:26 - [TEST_STEP][PASSED] - myValue = value: null

27-02-2025T17:29:26 - [TEST_STEP][PASSED] - println("myKey is " + myKey): null

27-02-2025T17:29:26 - [TEST_STEP][PASSED] - println("myValue is " + myValue): null

27-02-2025T17:29:26 - [TEST_STEP][PASSED] - if (myKey != "dummy"): null

27-02-2025T17:29:26 - [TEST_STEP][PASSED] - tObj = testObjectFolder + myValue: null

27-02-2025T17:29:26 - [TEST_STEP][PASSED] - click(tObj): null

27-02-2025T17:29:26 - [TEST_STEP][PASSED] - scrollToObject(object): null

27-02-2025T17:29:26 - [TEST_STEP][PASSED] - println("Converting " + object + " to web element"): null

27-02-2025T17:29:26 - [TEST_STEP][PASSED] - element = findWebElement(findTestObject(object), 1): null

27-02-2025T17:29:26 - [TEST_STEP][PASSED] - loc = element.getLocation(): null

27-02-2025T17:29:26 - [TEST_STEP][PASSED] - x = loc.getX(): null

27-02-2025T17:29:26 - [TEST_STEP][PASSED] - if (x >= 560): null

27-02-2025T17:29:26 - [TEST_STEP][PASSED] - y = loc.getY(): null

27-02-2025T17:29:26 - [TEST_STEP][PASSED] - println("Y location is " + y): null

27-02-2025T17:29:26 - [TEST_STEP][PASSED] - top = getViewportTopPosition(): Current viewport's top (y) position is 50

27-02-2025T17:29:26 - [MESSAGE][PASSED] - Current viewport's top (y) position is 50

27-02-2025T17:29:26 - [TEST_STEP][PASSED] - println("Viewport top is " + top): null

27-02-2025T17:29:26 - [TEST_STEP][PASSED] - bottom = top + 600: null

27-02-2025T17:29:26 - [TEST_STEP][PASSED] - if (y - top < 150 || bottom - y < 10): null

27-02-2025T17:29:26 - [TEST_STEP][PASSED] - click(findTestObject(object)): null

27-02-2025T17:29:26 - [MESSAGE][PASSED] - Object: 'Object Repository/Education partner Profile/Tabs/School Info/img_Description_field-tooltip' is clicked on

27-02-2025T17:29:26 - [TEST_STEP][PASSED] - delay(1): Delayed 1 second(s)

27-02-2025T17:29:27 - [MESSAGE][PASSED] - Delayed 1 second(s)

27-02-2025T17:29:27 - [TEST_STEP][PASSED] - myImage = tooltipImagePath + myKey + ".png": null

27-02-2025T17:29:27 - [TEST_STEP][PASSED] - f = new java.io.File(myImage): null

27-02-2025T17:29:27 - [TEST_STEP][PASSED] - if (f.exists()): null

27-02-2025T17:29:27 - [TEST_STEP][PASSED] - println("Looking for " + myImage): null

27-02-2025T17:29:27 - [TEST_STEP][PASSED] - icn = Pattern(myImage).similar(0.10): null

27-02-2025T17:29:27 - [TEST_STEP][PASSED] - found = s.exists(icn): null

27-02-2025T17:29:27 - [TEST_STEP][PASSED] - println(found): null

27-02-2025T17:29:27 - [TEST_STEP][PASSED] - if (found != null): null

27-02-2025T17:29:27 - [TEST_STEP][PASSED] - foundStr = found.toString(): null

27-02-2025T17:29:27 - [TEST_STEP][PASSED] - matchP = foundStr.indexOf("%"): null

27-02-2025T17:29:27 - [TEST_STEP][PASSED] - if (matchP >= 0): null

27-02-2025T17:29:27 - [TEST_STEP][PASSED] - println(matchP): null

27-02-2025T17:29:27 - [TEST_STEP][PASSED] - pct = foundStr.substring(matchP + 1, matchP + 6): null

27-02-2025T17:29:27 - [TEST_STEP][PASSED] - pctF = pct.toFloat(): null

27-02-2025T17:29:27 - [TEST_STEP][PASSED] - outText = "+++ Tooltip match value for " + myKey + " is " + pctF + "%": null

27-02-2025T17:29:27 - [TEST_STEP][PASSED] - min = 80: null

27-02-2025T17:29:27 - [TEST_STEP][PASSED] - if (pctF.toFloat() < min.toFloat()): null

27-02-2025T17:29:27 - [TEST_STEP][PASSED] - if (myKey != "dummy"): null

27-02-2025T17:29:27 - [TEST_STEP][PASSED] - println(outText): null

27-02-2025T17:29:27 - [TEST_STEP][PASSED] - outFile.append(outText + "
"): null

27-02-2025T17:29:27 - [TEST_STEP][PASSED] - myKey = key: null

27-02-2025T17:29:27 - [TEST_STEP][PASSED] - myValue = value: null

27-02-2025T17:29:27 - [TEST_STEP][PASSED] - println("myKey is " + myKey): null

27-02-2025T17:29:27 - [TEST_STEP][PASSED] - println("myValue is " + myValue): null

27-02-2025T17:29:27 - [TEST_STEP][PASSED] - if (myKey != "dummy"): null

27-02-2025T17:29:27 - [TEST_STEP][PASSED] - tObj = testObjectFolder + myValue: null

27-02-2025T17:29:27 - [TEST_STEP][PASSED] - click(tObj): null

27-02-2025T17:29:27 - [TEST_STEP][PASSED] - scrollToObject(object): null

27-02-2025T17:29:27 - [TEST_STEP][PASSED] - println("Converting " + object + " to web element"): null

27-02-2025T17:29:27 - [TEST_STEP][PASSED] - element = findWebElement(findTestObject(object), 1): null

27-02-2025T17:29:27 - [TEST_STEP][PASSED] - loc = element.getLocation(): null

27-02-2025T17:29:27 - [TEST_STEP][PASSED] - x = loc.getX(): null

27-02-2025T17:29:27 - [TEST_STEP][PASSED] - if (x >= 560): null

27-02-2025T17:29:27 - [TEST_STEP][PASSED] - y = loc.getY(): null

27-02-2025T17:29:27 - [TEST_STEP][PASSED] - println("Y location is " + y): null

27-02-2025T17:29:27 - [TEST_STEP][PASSED] - top = getViewportTopPosition(): Current viewport's top (y) position is 50

27-02-2025T17:29:27 - [MESSAGE][PASSED] - Current viewport's top (y) position is 50

27-02-2025T17:29:27 - [TEST_STEP][PASSED] - println("Viewport top is " + top): null

27-02-2025T17:29:27 - [TEST_STEP][PASSED] - bottom = top + 600: null

27-02-2025T17:29:27 - [TEST_STEP][PASSED] - if (y - top < 150 || bottom - y < 10): null

27-02-2025T17:29:27 - [TEST_STEP][PASSED] - click(findTestObject(object)): null

27-02-2025T17:29:27 - [MESSAGE][PASSED] - Object: 'Object Repository/Education partner Profile/Tabs/School Info/img_Year Founded_field-tooltip' is clicked on

27-02-2025T17:29:27 - [TEST_STEP][PASSED] - delay(1): Delayed 1 second(s)

27-02-2025T17:29:28 - [MESSAGE][PASSED] - Delayed 1 second(s)

27-02-2025T17:29:28 - [TEST_STEP][PASSED] - myImage = tooltipImagePath + myKey + ".png": null

27-02-2025T17:29:28 - [TEST_STEP][PASSED] - f = new java.io.File(myImage): null

27-02-2025T17:29:28 - [TEST_STEP][PASSED] - if (f.exists()): null

27-02-2025T17:29:28 - [TEST_STEP][PASSED] - println("Looking for " + myImage): null

27-02-2025T17:29:28 - [TEST_STEP][PASSED] - icn = Pattern(myImage).similar(0.10): null

27-02-2025T17:29:28 - [TEST_STEP][PASSED] - found = s.exists(icn): null

27-02-2025T17:29:28 - [TEST_STEP][PASSED] - println(found): null

27-02-2025T17:29:28 - [TEST_STEP][PASSED] - if (found != null): null

27-02-2025T17:29:28 - [TEST_STEP][PASSED] - foundStr = found.toString(): null

27-02-2025T17:29:28 - [TEST_STEP][PASSED] - matchP = foundStr.indexOf("%"): null

27-02-2025T17:29:28 - [TEST_STEP][PASSED] - if (matchP >= 0): null

27-02-2025T17:29:28 - [TEST_STEP][PASSED] - println(matchP): null

27-02-2025T17:29:28 - [TEST_STEP][PASSED] - pct = foundStr.substring(matchP + 1, matchP + 6): null

27-02-2025T17:29:28 - [TEST_STEP][PASSED] - pctF = pct.toFloat(): null

27-02-2025T17:29:28 - [TEST_STEP][PASSED] - outText = "+++ Tooltip match value for " + myKey + " is " + pctF + "%": null

27-02-2025T17:29:28 - [TEST_STEP][PASSED] - min = 80: null

27-02-2025T17:29:28 - [TEST_STEP][PASSED] - if (pctF.toFloat() < min.toFloat()): null

27-02-2025T17:29:28 - [TEST_STEP][PASSED] - if (myKey != "dummy"): null

27-02-2025T17:29:28 - [TEST_STEP][PASSED] - println(outText): null

27-02-2025T17:29:28 - [TEST_STEP][PASSED] - outFile.append(outText + "
"): null

27-02-2025T17:29:28 - [TEST_STEP][PASSED] - myKey = key: null

27-02-2025T17:29:28 - [TEST_STEP][PASSED] - myValue = value: null

27-02-2025T17:29:28 - [TEST_STEP][PASSED] - println("myKey is " + myKey): null

27-02-2025T17:29:28 - [TEST_STEP][PASSED] - println("myValue is " + myValue): null

27-02-2025T17:29:28 - [TEST_STEP][PASSED] - if (myKey != "dummy"): null

27-02-2025T17:29:28 - [TEST_STEP][PASSED] - tObj = testObjectFolder + myValue: null

27-02-2025T17:29:28 - [TEST_STEP][PASSED] - click(tObj): null

27-02-2025T17:29:28 - [TEST_STEP][PASSED] - scrollToObject(object): null

27-02-2025T17:29:28 - [TEST_STEP][PASSED] - println("Converting " + object + " to web element"): null

27-02-2025T17:29:28 - [TEST_STEP][PASSED] - element = findWebElement(findTestObject(object), 1): null

27-02-2025T17:29:28 - [TEST_STEP][PASSED] - loc = element.getLocation(): null

27-02-2025T17:29:28 - [TEST_STEP][PASSED] - x = loc.getX(): null

27-02-2025T17:29:28 - [TEST_STEP][PASSED] - if (x >= 560): null

27-02-2025T17:29:28 - [TEST_STEP][PASSED] - y = loc.getY(): null

27-02-2025T17:29:28 - [TEST_STEP][PASSED] - println("Y location is " + y): null

27-02-2025T17:29:28 - [TEST_STEP][PASSED] - top = getViewportTopPosition(): Current viewport's top (y) position is 50

27-02-2025T17:29:28 - [MESSAGE][PASSED] - Current viewport's top (y) position is 50

27-02-2025T17:29:28 - [TEST_STEP][PASSED] - println("Viewport top is " + top): null

27-02-2025T17:29:28 - [TEST_STEP][PASSED] - bottom = top + 600: null

27-02-2025T17:29:28 - [TEST_STEP][PASSED] - if (y - top < 150 || bottom - y < 10): Delayed 1 second(s)

27-02-2025T17:29:28 - [TEST_STEP][PASSED] - scrollToPosition(0, y - 170): Browser is scrolled to position x = 0, y = 497

27-02-2025T17:29:28 - [MESSAGE][PASSED] - Browser is scrolled to position x = 0, y = 497

27-02-2025T17:29:28 - [TEST_STEP][PASSED] - delay(1): Delayed 1 second(s)

27-02-2025T17:29:29 - [MESSAGE][PASSED] - Delayed 1 second(s)

27-02-2025T17:29:29 - [TEST_STEP][PASSED] - click(findTestObject(object)): null

27-02-2025T17:29:29 - [MESSAGE][PASSED] - Object: 'Object Repository/Education partner Profile/Tabs/School Info/img_Vision Trip_field-tooltip' is clicked on

27-02-2025T17:29:29 - [TEST_STEP][PASSED] - delay(1): Delayed 1 second(s)

27-02-2025T17:29:30 - [MESSAGE][PASSED] - Delayed 1 second(s)

27-02-2025T17:29:30 - [TEST_STEP][PASSED] - myImage = tooltipImagePath + myKey + ".png": null

27-02-2025T17:29:30 - [TEST_STEP][PASSED] - f = new java.io.File(myImage): null

27-02-2025T17:29:30 - [TEST_STEP][PASSED] - if (f.exists()): null

27-02-2025T17:29:30 - [TEST_STEP][PASSED] - println("Looking for " + myImage): null

27-02-2025T17:29:30 - [TEST_STEP][PASSED] - icn = Pattern(myImage).similar(0.10): null

27-02-2025T17:29:30 - [TEST_STEP][PASSED] - found = s.exists(icn): null

27-02-2025T17:29:30 - [TEST_STEP][PASSED] - println(found): null

27-02-2025T17:29:30 - [TEST_STEP][PASSED] - if (found != null): null

27-02-2025T17:29:30 - [TEST_STEP][PASSED] - foundStr = found.toString(): null

27-02-2025T17:29:30 - [TEST_STEP][PASSED] - matchP = foundStr.indexOf("%"): null

27-02-2025T17:29:30 - [TEST_STEP][PASSED] - if (matchP >= 0): null

27-02-2025T17:29:30 - [TEST_STEP][PASSED] - println(matchP): null

27-02-2025T17:29:30 - [TEST_STEP][PASSED] - pct = foundStr.substring(matchP + 1, matchP + 6): null

27-02-2025T17:29:30 - [TEST_STEP][PASSED] - pctF = pct.toFloat(): null

27-02-2025T17:29:30 - [TEST_STEP][PASSED] - outText = "+++ Tooltip match value for " + myKey + " is " + pctF + "%": null

27-02-2025T17:29:30 - [TEST_STEP][PASSED] - min = 80: null

27-02-2025T17:29:30 - [TEST_STEP][PASSED] - if (pctF.toFloat() < min.toFloat()): null

27-02-2025T17:29:30 - [TEST_STEP][PASSED] - if (myKey != "dummy"): null

27-02-2025T17:29:30 - [TEST_STEP][PASSED] - println(outText): null

27-02-2025T17:29:30 - [TEST_STEP][PASSED] - outFile.append(outText + "
"): null

27-02-2025T17:29:30 - [TEST_STEP][PASSED] - myKey = key: null

27-02-2025T17:29:30 - [TEST_STEP][PASSED] - myValue = value: null

27-02-2025T17:29:30 - [TEST_STEP][PASSED] - println("myKey is " + myKey): null

27-02-2025T17:29:30 - [TEST_STEP][PASSED] - println("myValue is " + myValue): null

27-02-2025T17:29:30 - [TEST_STEP][PASSED] - if (myKey != "dummy"): null

27-02-2025T17:29:30 - [TEST_STEP][PASSED] - tObj = testObjectFolder + myValue: null

27-02-2025T17:29:30 - [TEST_STEP][PASSED] - click(tObj): null

27-02-2025T17:29:30 - [TEST_STEP][PASSED] - scrollToObject(object): null

27-02-2025T17:29:30 - [TEST_STEP][PASSED] - println("Converting " + object + " to web element"): null

27-02-2025T17:29:30 - [TEST_STEP][PASSED] - element = findWebElement(findTestObject(object), 1): null

27-02-2025T17:29:30 - [TEST_STEP][PASSED] - loc = element.getLocation(): null

27-02-2025T17:29:30 - [TEST_STEP][PASSED] - x = loc.getX(): null

27-02-2025T17:29:30 - [TEST_STEP][PASSED] - if (x >= 560): null

27-02-2025T17:29:30 - [TEST_STEP][PASSED] - y = loc.getY(): null

27-02-2025T17:29:30 - [TEST_STEP][PASSED] - println("Y location is " + y): null

27-02-2025T17:29:30 - [TEST_STEP][PASSED] - top = getViewportTopPosition(): Current viewport's top (y) position is 487

27-02-2025T17:29:30 - [MESSAGE][PASSED] - Current viewport's top (y) position is 487

27-02-2025T17:29:30 - [TEST_STEP][PASSED] - println("Viewport top is " + top): null

27-02-2025T17:29:30 - [TEST_STEP][PASSED] - bottom = top + 600: null

27-02-2025T17:29:30 - [TEST_STEP][PASSED] - if (y - top < 150 || bottom - y < 10): null

27-02-2025T17:29:30 - [TEST_STEP][PASSED] - click(findTestObject(object)): null

27-02-2025T17:29:30 - [MESSAGE][PASSED] - Object: 'Object Repository/Education partner Profile/Tabs/School Info/img_School Year Starts_field-tooltip' is clicked on

27-02-2025T17:29:30 - [TEST_STEP][PASSED] - delay(1): Delayed 1 second(s)

27-02-2025T17:29:31 - [MESSAGE][PASSED] - Delayed 1 second(s)

27-02-2025T17:29:31 - [TEST_STEP][PASSED] - myImage = tooltipImagePath + myKey + ".png": null

27-02-2025T17:29:31 - [TEST_STEP][PASSED] - f = new java.io.File(myImage): null

27-02-2025T17:29:31 - [TEST_STEP][PASSED] - if (f.exists()): null

27-02-2025T17:29:31 - [TEST_STEP][PASSED] - println("Looking for " + myImage): null

27-02-2025T17:29:31 - [TEST_STEP][PASSED] - icn = Pattern(myImage).similar(0.10): null

27-02-2025T17:29:31 - [TEST_STEP][PASSED] - found = s.exists(icn): null

27-02-2025T17:29:31 - [TEST_STEP][PASSED] - println(found): null

27-02-2025T17:29:31 - [TEST_STEP][PASSED] - if (found != null): null

27-02-2025T17:29:31 - [TEST_STEP][PASSED] - foundStr = found.toString(): null

27-02-2025T17:29:31 - [TEST_STEP][PASSED] - matchP = foundStr.indexOf("%"): null

27-02-2025T17:29:31 - [TEST_STEP][PASSED] - if (matchP >= 0): null

27-02-2025T17:29:31 - [TEST_STEP][PASSED] - println(matchP): null

27-02-2025T17:29:31 - [TEST_STEP][PASSED] - pct = foundStr.substring(matchP + 1, matchP + 6): null

27-02-2025T17:29:31 - [TEST_STEP][PASSED] - pctF = pct.toFloat(): null

27-02-2025T17:29:31 - [TEST_STEP][PASSED] - outText = "+++ Tooltip match value for " + myKey + " is " + pctF + "%": null

27-02-2025T17:29:31 - [TEST_STEP][PASSED] - min = 80: null

27-02-2025T17:29:31 - [TEST_STEP][PASSED] - if (pctF.toFloat() < min.toFloat()): null

27-02-2025T17:29:31 - [TEST_STEP][PASSED] - if (myKey != "dummy"): null

27-02-2025T17:29:31 - [TEST_STEP][PASSED] - println(outText): null

27-02-2025T17:29:31 - [TEST_STEP][PASSED] - outFile.append(outText + "
"): null

27-02-2025T17:29:31 - [TEST_STEP][PASSED] - myKey = key: null

27-02-2025T17:29:31 - [TEST_STEP][PASSED] - myValue = value: null

27-02-2025T17:29:31 - [TEST_STEP][PASSED] - println("myKey is " + myKey): null

27-02-2025T17:29:31 - [TEST_STEP][PASSED] - println("myValue is " + myValue): null

27-02-2025T17:29:31 - [TEST_STEP][PASSED] - if (myKey != "dummy"): null

27-02-2025T17:29:31 - [TEST_STEP][PASSED] - tObj = testObjectFolder + myValue: null

27-02-2025T17:29:31 - [TEST_STEP][PASSED] - click(tObj): null

27-02-2025T17:29:31 - [TEST_STEP][PASSED] - scrollToObject(object): null

27-02-2025T17:29:31 - [TEST_STEP][PASSED] - println("Converting " + object + " to web element"): null

27-02-2025T17:29:31 - [TEST_STEP][PASSED] - element = findWebElement(findTestObject(object), 1): null

27-02-2025T17:29:31 - [TEST_STEP][PASSED] - loc = element.getLocation(): null

27-02-2025T17:29:31 - [TEST_STEP][PASSED] - x = loc.getX(): null

27-02-2025T17:29:31 - [TEST_STEP][PASSED] - if (x >= 560): null

27-02-2025T17:29:31 - [TEST_STEP][PASSED] - y = loc.getY(): null

27-02-2025T17:29:31 - [TEST_STEP][PASSED] - println("Y location is " + y): null

27-02-2025T17:29:31 - [TEST_STEP][PASSED] - top = getViewportTopPosition(): Current viewport's top (y) position is 487

27-02-2025T17:29:31 - [MESSAGE][PASSED] - Current viewport's top (y) position is 487

27-02-2025T17:29:31 - [TEST_STEP][PASSED] - println("Viewport top is " + top): null

27-02-2025T17:29:31 - [TEST_STEP][PASSED] - bottom = top + 600: null

27-02-2025T17:29:31 - [TEST_STEP][PASSED] - if (y - top < 150 || bottom - y < 10): null

27-02-2025T17:29:31 - [TEST_STEP][PASSED] - click(findTestObject(object)): null

27-02-2025T17:29:31 - [MESSAGE][PASSED] - Object: 'Object Repository/Education partner Profile/Tabs/School Info/img_Website Address_field-tooltip' is clicked on

27-02-2025T17:29:31 - [TEST_STEP][PASSED] - delay(1): Delayed 1 second(s)

27-02-2025T17:29:32 - [MESSAGE][PASSED] - Delayed 1 second(s)

27-02-2025T17:29:32 - [TEST_STEP][PASSED] - myImage = tooltipImagePath + myKey + ".png": null

27-02-2025T17:29:32 - [TEST_STEP][PASSED] - f = new java.io.File(myImage): null

27-02-2025T17:29:32 - [TEST_STEP][PASSED] - if (f.exists()): null

27-02-2025T17:29:32 - [TEST_STEP][PASSED] - println("Looking for " + myImage): null

27-02-2025T17:29:32 - [TEST_STEP][PASSED] - icn = Pattern(myImage).similar(0.10): null

27-02-2025T17:29:32 - [TEST_STEP][PASSED] - found = s.exists(icn): null

27-02-2025T17:29:33 - [TEST_STEP][PASSED] - println(found): null

27-02-2025T17:29:33 - [TEST_STEP][PASSED] - if (found != null): null

27-02-2025T17:29:33 - [TEST_STEP][PASSED] - foundStr = found.toString(): null

27-02-2025T17:29:33 - [TEST_STEP][PASSED] - matchP = foundStr.indexOf("%"): null

27-02-2025T17:29:33 - [TEST_STEP][PASSED] - if (matchP >= 0): null

27-02-2025T17:29:33 - [TEST_STEP][PASSED] - println(matchP): null

27-02-2025T17:29:33 - [TEST_STEP][PASSED] - pct = foundStr.substring(matchP + 1, matchP + 6): null

27-02-2025T17:29:33 - [TEST_STEP][PASSED] - pctF = pct.toFloat(): null

27-02-2025T17:29:33 - [TEST_STEP][PASSED] - outText = "+++ Tooltip match value for " + myKey + " is " + pctF + "%": null

27-02-2025T17:29:33 - [TEST_STEP][PASSED] - min = 80: null

27-02-2025T17:29:33 - [TEST_STEP][PASSED] - if (pctF.toFloat() < min.toFloat()): null

27-02-2025T17:29:33 - [TEST_STEP][PASSED] - if (myKey != "dummy"): null

27-02-2025T17:29:33 - [TEST_STEP][PASSED] - println(outText): null

27-02-2025T17:29:33 - [TEST_STEP][PASSED] - outFile.append(outText + "
"): null

27-02-2025T17:29:33 - [TEST_STEP][PASSED] - myKey = key: null

27-02-2025T17:29:33 - [TEST_STEP][PASSED] - myValue = value: null

27-02-2025T17:29:33 - [TEST_STEP][PASSED] - println("myKey is " + myKey): null

27-02-2025T17:29:33 - [TEST_STEP][PASSED] - println("myValue is " + myValue): null

27-02-2025T17:29:33 - [TEST_STEP][PASSED] - if (myKey != "dummy"): null

27-02-2025T17:29:33 - [TEST_STEP][PASSED] - tObj = testObjectFolder + myValue: null

27-02-2025T17:29:33 - [TEST_STEP][PASSED] - click(tObj): null

27-02-2025T17:29:33 - [TEST_STEP][PASSED] - scrollToObject(object): null

27-02-2025T17:29:33 - [TEST_STEP][PASSED] - println("Converting " + object + " to web element"): null

27-02-2025T17:29:33 - [TEST_STEP][PASSED] - element = findWebElement(findTestObject(object), 1): null

27-02-2025T17:29:33 - [TEST_STEP][PASSED] - loc = element.getLocation(): null

27-02-2025T17:29:33 - [TEST_STEP][PASSED] - x = loc.getX(): null

27-02-2025T17:29:33 - [TEST_STEP][PASSED] - if (x >= 560): null

27-02-2025T17:29:33 - [TEST_STEP][PASSED] - y = loc.getY(): null

27-02-2025T17:29:33 - [TEST_STEP][PASSED] - println("Y location is " + y): null

27-02-2025T17:29:33 - [TEST_STEP][PASSED] - top = getViewportTopPosition(): Current viewport's top (y) position is 487

27-02-2025T17:29:33 - [MESSAGE][PASSED] - Current viewport's top (y) position is 487

27-02-2025T17:29:33 - [TEST_STEP][PASSED] - println("Viewport top is " + top): null

27-02-2025T17:29:33 - [TEST_STEP][PASSED] - bottom = top + 600: null

27-02-2025T17:29:33 - [TEST_STEP][PASSED] - if (y - top < 150 || bottom - y < 10): null

27-02-2025T17:29:33 - [TEST_STEP][PASSED] - click(findTestObject(object)): null

27-02-2025T17:29:33 - [MESSAGE][PASSED] - Object: 'Object Repository/Education partner Profile/Tabs/School Info/img_Hide Listing_field-tooltip' is clicked on

27-02-2025T17:29:33 - [TEST_STEP][PASSED] - delay(1): Delayed 1 second(s)

27-02-2025T17:29:34 - [MESSAGE][PASSED] - Delayed 1 second(s)

27-02-2025T17:29:34 - [TEST_STEP][PASSED] - myImage = tooltipImagePath + myKey + ".png": null

27-02-2025T17:29:34 - [TEST_STEP][PASSED] - f = new java.io.File(myImage): null

27-02-2025T17:29:34 - [TEST_STEP][PASSED] - if (f.exists()): null

27-02-2025T17:29:34 - [TEST_STEP][PASSED] - println("Looking for " + myImage): null

27-02-2025T17:29:34 - [TEST_STEP][PASSED] - icn = Pattern(myImage).similar(0.10): null

27-02-2025T17:29:34 - [TEST_STEP][PASSED] - found = s.exists(icn): null

27-02-2025T17:29:34 - [TEST_STEP][PASSED] - println(found): null

27-02-2025T17:29:34 - [TEST_STEP][PASSED] - if (found != null): null

27-02-2025T17:29:34 - [TEST_STEP][PASSED] - foundStr = found.toString(): null

27-02-2025T17:29:34 - [TEST_STEP][PASSED] - matchP = foundStr.indexOf("%"): null

27-02-2025T17:29:34 - [TEST_STEP][PASSED] - if (matchP >= 0): null

27-02-2025T17:29:34 - [TEST_STEP][PASSED] - println(matchP): null

27-02-2025T17:29:34 - [TEST_STEP][PASSED] - pct = foundStr.substring(matchP + 1, matchP + 6): null

27-02-2025T17:29:34 - [TEST_STEP][PASSED] - pctF = pct.toFloat(): null

27-02-2025T17:29:34 - [TEST_STEP][PASSED] - outText = "+++ Tooltip match value for " + myKey + " is " + pctF + "%": null

27-02-2025T17:29:34 - [TEST_STEP][PASSED] - min = 80: null

27-02-2025T17:29:34 - [TEST_STEP][PASSED] - if (pctF.toFloat() < min.toFloat()): null

27-02-2025T17:29:34 - [TEST_STEP][PASSED] - if (myKey != "dummy"): null

27-02-2025T17:29:34 - [TEST_STEP][PASSED] - println(outText): null

27-02-2025T17:29:34 - [TEST_STEP][PASSED] - outFile.append(outText + "
"): null

27-02-2025T17:29:34 - [TEST_STEP][PASSED] - outText = "Verifying the tooltip text on the page is what was expected.
": null

27-02-2025T17:29:34 - [TEST_STEP][PASSED] - println(tooltipTextMap): null

27-02-2025T17:29:34 - [TEST_STEP][PASSED] - outFile.append(outText): null

27-02-2025T17:29:34 - [TEST_STEP][PASSED] - for (def it : tooltipText): null

27-02-2025T17:29:34 - [TEST_STEP][PASSED] - println(it): null

27-02-2025T17:29:34 - [TEST_STEP][PASSED] - myKey = key: null

27-02-2025T17:29:34 - [TEST_STEP][PASSED] - myText = value.replace(""", ""): null

27-02-2025T17:29:34 - [TEST_STEP][PASSED] - myText = myText.trim(): null

27-02-2025T17:29:34 - [TEST_STEP][PASSED] - println(myKey): null

27-02-2025T17:29:34 - [TEST_STEP][PASSED] - println(myText): null

27-02-2025T17:29:34 - [TEST_STEP][PASSED] - println(tooltipTextMap.get(myKey)): null

27-02-2025T17:29:34 - [TEST_STEP][PASSED] - actualText = get(myKey).replace(""", ""): null

27-02-2025T17:29:34 - [TEST_STEP][PASSED] - actualText = actualText.trim(): null

27-02-2025T17:29:34 - [TEST_STEP][PASSED] - println(myKey + ":" + actualText): null

27-02-2025T17:29:34 - [TEST_STEP][PASSED] - if (actualText != myText): null

27-02-2025T17:29:34 - [TEST_STEP][PASSED] - println(it): null

27-02-2025T17:29:34 - [TEST_STEP][PASSED] - myKey = key: null

27-02-2025T17:29:34 - [TEST_STEP][PASSED] - myText = value.replace(""", ""): null

27-02-2025T17:29:34 - [TEST_STEP][PASSED] - myText = myText.trim(): null

27-02-2025T17:29:34 - [TEST_STEP][PASSED] - println(myKey): null

27-02-2025T17:29:34 - [TEST_STEP][PASSED] - println(myText): null

27-02-2025T17:29:34 - [TEST_STEP][PASSED] - println(tooltipTextMap.get(myKey)): null

27-02-2025T17:29:34 - [TEST_STEP][PASSED] - actualText = get(myKey).replace(""", ""): null

27-02-2025T17:29:34 - [TEST_STEP][PASSED] - actualText = actualText.trim(): null

27-02-2025T17:29:34 - [TEST_STEP][PASSED] - println(myKey + ":" + actualText): null

27-02-2025T17:29:34 - [TEST_STEP][PASSED] - if (actualText != myText): null

27-02-2025T17:29:34 - [TEST_STEP][PASSED] - println(it): null

27-02-2025T17:29:34 - [TEST_STEP][PASSED] - myKey = key: null

27-02-2025T17:29:34 - [TEST_STEP][PASSED] - myText = value.replace(""", ""): null

27-02-2025T17:29:34 - [TEST_STEP][PASSED] - myText = myText.trim(): null

27-02-2025T17:29:34 - [TEST_STEP][PASSED] - println(myKey): null

27-02-2025T17:29:34 - [TEST_STEP][PASSED] - println(myText): null

27-02-2025T17:29:34 - [TEST_STEP][PASSED] - println(tooltipTextMap.get(myKey)): null

27-02-2025T17:29:34 - [TEST_STEP][PASSED] - actualText = get(myKey).replace(""", ""): null

27-02-2025T17:29:34 - [TEST_STEP][PASSED] - actualText = actualText.trim(): null

27-02-2025T17:29:34 - [TEST_STEP][PASSED] - println(myKey + ":" + actualText): null

27-02-2025T17:29:34 - [TEST_STEP][PASSED] - if (actualText != myText): null

27-02-2025T17:29:34 - [TEST_STEP][PASSED] - println(it): null

27-02-2025T17:29:34 - [TEST_STEP][PASSED] - myKey = key: null

27-02-2025T17:29:34 - [TEST_STEP][PASSED] - myText = value.replace(""", ""): null

27-02-2025T17:29:34 - [TEST_STEP][PASSED] - myText = myText.trim(): null

27-02-2025T17:29:34 - [TEST_STEP][PASSED] - println(myKey): null

27-02-2025T17:29:34 - [TEST_STEP][PASSED] - println(myText): null

27-02-2025T17:29:34 - [TEST_STEP][PASSED] - println(tooltipTextMap.get(myKey)): null

27-02-2025T17:29:34 - [TEST_STEP][PASSED] - actualText = get(myKey).replace(""", ""): null

27-02-2025T17:29:34 - [TEST_STEP][PASSED] - actualText = actualText.trim(): null

27-02-2025T17:29:34 - [TEST_STEP][PASSED] - println(myKey + ":" + actualText): null

27-02-2025T17:29:34 - [TEST_STEP][PASSED] - if (actualText != myText): null

27-02-2025T17:29:34 - [TEST_STEP][PASSED] - println(it): null

27-02-2025T17:29:34 - [TEST_STEP][PASSED] - myKey = key: null

27-02-2025T17:29:34 - [TEST_STEP][PASSED] - myText = value.replace(""", ""): null

27-02-2025T17:29:34 - [TEST_STEP][PASSED] - myText = myText.trim(): null

27-02-2025T17:29:34 - [TEST_STEP][PASSED] - println(myKey): null

27-02-2025T17:29:34 - [TEST_STEP][PASSED] - println(myText): null

27-02-2025T17:29:34 - [TEST_STEP][PASSED] - println(tooltipTextMap.get(myKey)): null

27-02-2025T17:29:34 - [TEST_STEP][PASSED] - actualText = get(myKey).replace(""", ""): null

27-02-2025T17:29:34 - [TEST_STEP][PASSED] - actualText = actualText.trim(): null

27-02-2025T17:29:34 - [TEST_STEP][PASSED] - println(myKey + ":" + actualText): null

27-02-2025T17:29:34 - [TEST_STEP][PASSED] - if (actualText != myText): null

27-02-2025T17:29:34 - [TEST_STEP][PASSED] - println(it): null

27-02-2025T17:29:34 - [TEST_STEP][PASSED] - myKey = key: null

27-02-2025T17:29:34 - [TEST_STEP][PASSED] - myText = value.replace(""", ""): null

27-02-2025T17:29:34 - [TEST_STEP][PASSED] - myText = myText.trim(): null

27-02-2025T17:29:34 - [TEST_STEP][PASSED] - println(myKey): null

27-02-2025T17:29:34 - [TEST_STEP][PASSED] - println(myText): null

27-02-2025T17:29:34 - [TEST_STEP][PASSED] - println(tooltipTextMap.get(myKey)): null

27-02-2025T17:29:34 - [TEST_STEP][PASSED] - actualText = get(myKey).replace(""", ""): null

27-02-2025T17:29:34 - [TEST_STEP][PASSED] - actualText = actualText.trim(): null

27-02-2025T17:29:34 - [TEST_STEP][PASSED] - println(myKey + ":" + actualText): null

27-02-2025T17:29:34 - [TEST_STEP][PASSED] - if (actualText != myText): null

27-02-2025T17:29:34 - [MESSAGE][PASSED] - Call Test Case 'Test Cases/_Functions/Test Tooltips' successfully

27-02-2025T17:29:34 - [TEST_STEP][PASSED] - outText = "Verifying the required field messages.
": null

27-02-2025T17:29:34 - [TEST_STEP][PASSED] - outFile.append(outText): null

27-02-2025T17:29:34 - [TEST_STEP][PASSED] - fieldList = []: null

27-02-2025T17:29:34 - [TEST_STEP][PASSED] - requiredFieldMsgs.each({ -> ... }): null

27-02-2025T17:29:34 - [TEST_STEP][PASSED] - callTestCase(findTestCase("_Functions/Test Field Error Messages"), ["varFieldList":fieldList, "varRequiredFieldMsgs":requiredFieldMsgs], STOP_ON_FAILURE): Call Test Case 'Test Cases/_Functions/Test Field Error Messages' successfully

27-02-2025T17:29:34 - [TEST_CASE][PASSED] - Test Cases/_Functions/Test Field Error Messages: Test Cases/_Functions/Test Field Error Messages

27-02-2025T17:29:34 - [TEST_STEP][PASSED] - count = callTestCase(findTestCase("_Functions/Find error messages"), ["varFunction":"count"], STOP_ON_FAILURE): Call Test Case 'Test Cases/_Functions/Find error messages' successfully

27-02-2025T17:29:34 - [TEST_CASE][PASSED] - Test Cases/_Functions/Find error messages: Test Cases/_Functions/Find error messages

27-02-2025T17:29:34 - [TEST_STEP][PASSED] - function = "count": null

27-02-2025T17:29:34 - [TEST_STEP][PASSED] - if (binding.hasVariable("varFunction")): null

27-02-2025T17:29:34 - [TEST_STEP][PASSED] - function = varFunction: null

27-02-2025T17:29:34 - [TEST_STEP][PASSED] - title = getWindowTitle(): Current window's title is: 'Education'

27-02-2025T17:29:34 - [MESSAGE][PASSED] - Current window's title is: 'Education'

27-02-2025T17:29:34 - [TEST_STEP][PASSED] - println("Page title is " + title): null

27-02-2025T17:29:34 - [TEST_STEP][PASSED] - driver = getWebDriver(): null

27-02-2025T17:29:34 - [TEST_STEP][PASSED] - elements = driver.findElements(By.xpath("//div[@class='col-sm-offset-3 col-sm-9 text-danger']")): null

27-02-2025T17:29:34 - [TEST_STEP][PASSED] - if (function == "count"): null

27-02-2025T17:29:34 - [TEST_STEP][PASSED] - return elements.size(): null

27-02-2025T17:29:34 - [MESSAGE][PASSED] - Call Test Case 'Test Cases/_Functions/Find error messages' successfully

27-02-2025T17:29:34 - [TEST_STEP][PASSED] - outFile = outFile: null

27-02-2025T17:29:34 - [TEST_STEP][PASSED] - if (count == 0): null

27-02-2025T17:29:34 - [TEST_STEP][PASSED] - else: Delayed 0 second(s)

27-02-2025T17:29:34 - [TEST_STEP][PASSED] - fieldList = varFieldList: null

27-02-2025T17:29:34 - [TEST_STEP][PASSED] - requiredFieldMsgs = varRequiredFieldMsgs: null

27-02-2025T17:29:34 - [TEST_STEP][PASSED] - outText = "Verifying error messages for fields " + fieldList: null

27-02-2025T17:29:34 - [TEST_STEP][PASSED] - for (def field : fieldList): null

27-02-2025T17:29:34 - [TEST_STEP][PASSED] - delay(fieldTestDelay): Delayed 0 second(s)

27-02-2025T17:29:34 - [MESSAGE][PASSED] - Delayed 0 second(s)

27-02-2025T17:29:34 - [MESSAGE][PASSED] - Call Test Case 'Test Cases/_Functions/Test Field Error Messages' successfully

27-02-2025T17:29:34 - [TEST_STEP][PASSED] - if (varDescription != null): Call Test Case 'Test Cases/_Functions/Perform Action' successfully

27-02-2025T17:29:34 - [TEST_STEP][PASSED] - object = "Object Repository/Education Partner Profile/Tabs/School Info/textarea_Description": null

27-02-2025T17:29:34 - [TEST_STEP][PASSED] - callTestCase(findTestCase("_Functions/Perform Action"), ["varAction":"setText", "varObject":object, "varParm1":varDescription], STOP_ON_FAILURE): Call Test Case 'Test Cases/_Functions/Perform Action' successfully

27-02-2025T17:29:34 - [TEST_CASE][PASSED] - Test Cases/_Functions/Perform Action: Test Cases/_Functions/Perform Action

27-02-2025T17:29:34 - [TEST_STEP][PASSED] - action = varAction: null

27-02-2025T17:29:34 - [TEST_STEP][PASSED] - println(action): null

27-02-2025T17:29:34 - [TEST_STEP][PASSED] - testObject = varObject: null

27-02-2025T17:29:34 - [TEST_STEP][PASSED] - println(testObject): null

27-02-2025T17:29:34 - [TEST_STEP][PASSED] - parm1 = varParm1: null

27-02-2025T17:29:34 - [TEST_STEP][PASSED] - println(parm1): null

27-02-2025T17:29:34 - [TEST_STEP][PASSED] - println("Converting " + testObject + " to web element"): null

27-02-2025T17:29:34 - [TEST_STEP][PASSED] - element = findWebElement(findTestObject(testObject), 1): null

27-02-2025T17:29:34 - [TEST_STEP][PASSED] - loc = element.getLocation(): null

27-02-2025T17:29:34 - [TEST_STEP][PASSED] - y = loc.getY(): null

27-02-2025T17:29:34 - [TEST_STEP][PASSED] - println("Y location is " + y): null

27-02-2025T17:29:34 - [TEST_STEP][PASSED] - top = getViewportTopPosition(): Current viewport's top (y) position is 487

27-02-2025T17:29:34 - [MESSAGE][PASSED] - Current viewport's top (y) position is 487

27-02-2025T17:29:34 - [TEST_STEP][PASSED] - println("Viewport top is " + top): null

27-02-2025T17:29:34 - [TEST_STEP][PASSED] - bottom = top + 600: null

27-02-2025T17:29:34 - [TEST_STEP][PASSED] - if (y - top < 150 || bottom - y < 10): Delayed 1 second(s)

27-02-2025T17:29:34 - [TEST_STEP][PASSED] - scrollToPosition(0, y - 150): Browser is scrolled to position x = 0, y = 289

27-02-2025T17:29:34 - [MESSAGE][PASSED] - Browser is scrolled to position x = 0, y = 289

27-02-2025T17:29:34 - [TEST_STEP][PASSED] - delay(1): Delayed 1 second(s)

27-02-2025T17:29:35 - [MESSAGE][PASSED] - Delayed 1 second(s)

27-02-2025T17:29:35 - [TEST_STEP][PASSED] - if (action == "click"): null

27-02-2025T17:29:35 - [TEST_STEP][PASSED] - else if (action == "selectOptionByValue"): null

27-02-2025T17:29:35 - [TEST_STEP][PASSED] - else if (action == "setText"): Text 'The Kosieracki Christian K-12 School' is set on object 'Object Repository/Education Partner Profile/Tabs/School Info/textarea_Description'

27-02-2025T17:29:35 - [TEST_STEP][PASSED] - println("Setting text " + parm1): null

27-02-2025T17:29:35 - [TEST_STEP][PASSED] - setText(findTestObject(testObject), parm1): Text 'The Kosieracki Christian K-12 School' is set on object 'Object Repository/Education Partner Profile/Tabs/School Info/textarea_Description'

27-02-2025T17:29:35 - [MESSAGE][PASSED] - Text 'The Kosieracki Christian K-12 School' is set on object 'Object Repository/Education Partner Profile/Tabs/School Info/textarea_Description'

27-02-2025T17:29:35 - [MESSAGE][PASSED] - Call Test Case 'Test Cases/_Functions/Perform Action' successfully

27-02-2025T17:29:35 - [TEST_STEP][PASSED] - if (varYear_founded != null): Call Test Case 'Test Cases/_Functions/Perform Action' successfully

27-02-2025T17:29:35 - [TEST_STEP][PASSED] - object = "Object Repository/Education Partner Profile/Tabs/School Info/input_Year Founded": null

27-02-2025T17:29:35 - [TEST_STEP][PASSED] - callTestCase(findTestCase("_Functions/Perform Action"), ["varAction":"setText", "varObject":object, "varParm1":varYear_founded], STOP_ON_FAILURE): Call Test Case 'Test Cases/_Functions/Perform Action' successfully

27-02-2025T17:29:35 - [TEST_CASE][PASSED] - Test Cases/_Functions/Perform Action: Test Cases/_Functions/Perform Action

27-02-2025T17:29:35 - [TEST_STEP][PASSED] - action = varAction: null

27-02-2025T17:29:35 - [TEST_STEP][PASSED] - println(action): null

27-02-2025T17:29:35 - [TEST_STEP][PASSED] - testObject = varObject: null

27-02-2025T17:29:35 - [TEST_STEP][PASSED] - println(testObject): null

27-02-2025T17:29:35 - [TEST_STEP][PASSED] - parm1 = varParm1: null

27-02-2025T17:29:35 - [TEST_STEP][PASSED] - println(parm1): null

27-02-2025T17:29:35 - [TEST_STEP][PASSED] - println("Converting " + testObject + " to web element"): null

27-02-2025T17:29:35 - [TEST_STEP][PASSED] - element = findWebElement(findTestObject(testObject), 1): null

27-02-2025T17:29:35 - [TEST_STEP][PASSED] - loc = element.getLocation(): null

27-02-2025T17:29:35 - [TEST_STEP][PASSED] - y = loc.getY(): null

27-02-2025T17:29:35 - [TEST_STEP][PASSED] - println("Y location is " + y): null

27-02-2025T17:29:35 - [TEST_STEP][PASSED] - top = getViewportTopPosition(): Current viewport's top (y) position is 289

27-02-2025T17:29:35 - [MESSAGE][PASSED] - Current viewport's top (y) position is 289

27-02-2025T17:29:35 - [TEST_STEP][PASSED] - println("Viewport top is " + top): null

27-02-2025T17:29:35 - [TEST_STEP][PASSED] - bottom = top + 600: null

27-02-2025T17:29:35 - [TEST_STEP][PASSED] - if (y - top < 150 || bottom - y < 10): null

27-02-2025T17:29:35 - [TEST_STEP][PASSED] - if (action == "click"): null

27-02-2025T17:29:35 - [TEST_STEP][PASSED] - else if (action == "selectOptionByValue"): null

27-02-2025T17:29:35 - [TEST_STEP][PASSED] - else if (action == "setText"): Text '1971' is set on object 'Object Repository/Education Partner Profile/Tabs/School Info/input_Year Founded'

27-02-2025T17:29:35 - [TEST_STEP][PASSED] - println("Setting text " + parm1): null

27-02-2025T17:29:35 - [TEST_STEP][PASSED] - setText(findTestObject(testObject), parm1): Text '1971' is set on object 'Object Repository/Education Partner Profile/Tabs/School Info/input_Year Founded'

27-02-2025T17:29:35 - [MESSAGE][PASSED] - Text '1971' is set on object 'Object Repository/Education Partner Profile/Tabs/School Info/input_Year Founded'

27-02-2025T17:29:35 - [MESSAGE][PASSED] - Call Test Case 'Test Cases/_Functions/Perform Action' successfully

27-02-2025T17:29:35 - [TEST_STEP][PASSED] - if (varVision_trip != null): Call Test Case 'Test Cases/_Functions/Perform Action' successfully

27-02-2025T17:29:35 - [TEST_STEP][PASSED] - if (varVision_trip == "Yes"): null

27-02-2025T17:29:35 - [TEST_STEP][PASSED] - checkbox = "checkbox_Vision Trip Yes": null

27-02-2025T17:29:35 - [TEST_STEP][PASSED] - object = "Object Repository/Education Partner Profile/Tabs/School Info/" + checkbox: null

27-02-2025T17:29:35 - [TEST_STEP][PASSED] - callTestCase(findTestCase("_Functions/Perform Action"), ["varAction":"click", "varObject":object], STOP_ON_FAILURE): Call Test Case 'Test Cases/_Functions/Perform Action' successfully

27-02-2025T17:29:35 - [TEST_CASE][PASSED] - Test Cases/_Functions/Perform Action: Test Cases/_Functions/Perform Action

27-02-2025T17:29:35 - [TEST_STEP][PASSED] - action = varAction: null

27-02-2025T17:29:35 - [TEST_STEP][PASSED] - println(action): null

27-02-2025T17:29:35 - [TEST_STEP][PASSED] - testObject = varObject: null

27-02-2025T17:29:35 - [TEST_STEP][PASSED] - println(testObject): null

27-02-2025T17:29:35 - [TEST_STEP][PASSED] - parm1 = varParm1: null

27-02-2025T17:29:35 - [TEST_STEP][PASSED] - println(parm1): null

27-02-2025T17:29:35 - [TEST_STEP][PASSED] - println("Converting " + testObject + " to web element"): null

27-02-2025T17:29:35 - [TEST_STEP][PASSED] - element = findWebElement(findTestObject(testObject), 1): null

27-02-2025T17:29:35 - [TEST_STEP][PASSED] - loc = element.getLocation(): null

27-02-2025T17:29:35 - [TEST_STEP][PASSED] - y = loc.getY(): null

27-02-2025T17:29:35 - [TEST_STEP][PASSED] - println("Y location is " + y): null

27-02-2025T17:29:35 - [TEST_STEP][PASSED] - top = getViewportTopPosition(): Current viewport's top (y) position is 289

27-02-2025T17:29:35 - [MESSAGE][PASSED] - Current viewport's top (y) position is 289

27-02-2025T17:29:35 - [TEST_STEP][PASSED] - println("Viewport top is " + top): null

27-02-2025T17:29:35 - [TEST_STEP][PASSED] - bottom = top + 600: null

27-02-2025T17:29:35 - [TEST_STEP][PASSED] - if (y - top < 150 || bottom - y < 10): null

27-02-2025T17:29:35 - [TEST_STEP][PASSED] - if (action == "click"): Object: 'Object Repository/Education Partner Profile/Tabs/School Info/checkbox_Vision Trip Yes' is clicked on

27-02-2025T17:29:35 - [TEST_STEP][PASSED] - println("clicking"): null

27-02-2025T17:29:35 - [TEST_STEP][PASSED] - click(findTestObject(testObject)): Object: 'Object Repository/Education Partner Profile/Tabs/School Info/checkbox_Vision Trip Yes' is clicked on

27-02-2025T17:29:35 - [MESSAGE][PASSED] - Object: 'Object Repository/Education Partner Profile/Tabs/School Info/checkbox_Vision Trip Yes' is clicked on

27-02-2025T17:29:35 - [MESSAGE][PASSED] - Call Test Case 'Test Cases/_Functions/Perform Action' successfully

27-02-2025T17:29:35 - [TEST_STEP][PASSED] - if (varVision_trip == "Yes"): Call Test Case 'Test Cases/_Functions/Perform Action' successfully

27-02-2025T17:29:35 - [TEST_STEP][PASSED] - delay(1): Delayed 1 second(s)

27-02-2025T17:29:36 - [MESSAGE][PASSED] - Delayed 1 second(s)

27-02-2025T17:29:36 - [TEST_STEP][PASSED] - object = "Object Repository/Education Partner Profile/Tabs/School Info/textarea_Vision Trip Description": null

27-02-2025T17:29:36 - [TEST_STEP][PASSED] - callTestCase(findTestCase("_Functions/Perform Action"), ["varAction":"setText", "varObject":object, "varParm1":varVision_trip_description], STOP_ON_FAILURE): Call Test Case 'Test Cases/_Functions/Perform Action' successfully

27-02-2025T17:29:36 - [TEST_CASE][PASSED] - Test Cases/_Functions/Perform Action: Test Cases/_Functions/Perform Action

27-02-2025T17:29:36 - [TEST_STEP][PASSED] - action = varAction: null

27-02-2025T17:29:36 - [TEST_STEP][PASSED] - println(action): null

27-02-2025T17:29:36 - [TEST_STEP][PASSED] - testObject = varObject: null

27-02-2025T17:29:36 - [TEST_STEP][PASSED] - println(testObject): null

27-02-2025T17:29:36 - [TEST_STEP][PASSED] - parm1 = varParm1: null

27-02-2025T17:29:36 - [TEST_STEP][PASSED] - println(parm1): null

27-02-2025T17:29:36 - [TEST_STEP][PASSED] - println("Converting " + testObject + " to web element"): null

27-02-2025T17:29:36 - [TEST_STEP][PASSED] - element = findWebElement(findTestObject(testObject), 1): null

27-02-2025T17:29:36 - [TEST_STEP][PASSED] - loc = element.getLocation(): null

27-02-2025T17:29:36 - [TEST_STEP][PASSED] - y = loc.getY(): null

27-02-2025T17:29:36 - [TEST_STEP][PASSED] - println("Y location is " + y): null

27-02-2025T17:29:36 - [TEST_STEP][PASSED] - top = getViewportTopPosition(): Current viewport's top (y) position is 289

27-02-2025T17:29:36 - [MESSAGE][PASSED] - Current viewport's top (y) position is 289

27-02-2025T17:29:36 - [TEST_STEP][PASSED] - println("Viewport top is " + top): null

27-02-2025T17:29:36 - [TEST_STEP][PASSED] - bottom = top + 600: null

27-02-2025T17:29:36 - [TEST_STEP][PASSED] - if (y - top < 150 || bottom - y < 10): null

27-02-2025T17:29:36 - [TEST_STEP][PASSED] - if (action == "click"): null

27-02-2025T17:29:36 - [TEST_STEP][PASSED] - else if (action == "selectOptionByValue"): null

27-02-2025T17:29:36 - [TEST_STEP][PASSED] - else if (action == "setText"): Text '2 week internship.' is set on object 'Object Repository/Education Partner Profile/Tabs/School Info/textarea_Vision Trip Description'

27-02-2025T17:29:36 - [TEST_STEP][PASSED] - println("Setting text " + parm1): null

27-02-2025T17:29:36 - [TEST_STEP][PASSED] - setText(findTestObject(testObject), parm1): Text '2 week internship.' is set on object 'Object Repository/Education Partner Profile/Tabs/School Info/textarea_Vision Trip Description'

27-02-2025T17:29:36 - [MESSAGE][PASSED] - Text '2 week internship.' is set on object 'Object Repository/Education Partner Profile/Tabs/School Info/textarea_Vision Trip Description'

27-02-2025T17:29:36 - [MESSAGE][PASSED] - Call Test Case 'Test Cases/_Functions/Perform Action' successfully

27-02-2025T17:29:36 - [TEST_STEP][PASSED] - if (varSchool_year_starts != null): Call Test Case 'Test Cases/_Functions/Perform Action' successfully

27-02-2025T17:29:36 - [TEST_STEP][PASSED] - object = "Object Repository/Education Partner Profile/Tabs/School Info/select_School Year Starts": null

27-02-2025T17:29:36 - [TEST_STEP][PASSED] - callTestCase(findTestCase("_Functions/Perform Action"), ["varAction":"selectOptionByValue", "varObject":object, "varParm1":varSchool_year_starts], STOP_ON_FAILURE): Call Test Case 'Test Cases/_Functions/Perform Action' successfully

27-02-2025T17:29:37 - [TEST_CASE][PASSED] - Test Cases/_Functions/Perform Action: Test Cases/_Functions/Perform Action

27-02-2025T17:29:37 - [TEST_STEP][PASSED] - action = varAction: null

27-02-2025T17:29:37 - [TEST_STEP][PASSED] - println(action): null

27-02-2025T17:29:37 - [TEST_STEP][PASSED] - testObject = varObject: null

27-02-2025T17:29:37 - [TEST_STEP][PASSED] - println(testObject): null

27-02-2025T17:29:37 - [TEST_STEP][PASSED] - parm1 = varParm1: null

27-02-2025T17:29:37 - [TEST_STEP][PASSED] - println(parm1): null

27-02-2025T17:29:37 - [TEST_STEP][PASSED] - println("Converting " + testObject + " to web element"): null

27-02-2025T17:29:37 - [TEST_STEP][PASSED] - element = findWebElement(findTestObject(testObject), 1): null

27-02-2025T17:29:37 - [TEST_STEP][PASSED] - loc = element.getLocation(): null

27-02-2025T17:29:37 - [TEST_STEP][PASSED] - y = loc.getY(): null

27-02-2025T17:29:37 - [TEST_STEP][PASSED] - println("Y location is " + y): null

27-02-2025T17:29:37 - [TEST_STEP][PASSED] - top = getViewportTopPosition(): Current viewport's top (y) position is 289

27-02-2025T17:29:37 - [MESSAGE][PASSED] - Current viewport's top (y) position is 289

27-02-2025T17:29:37 - [TEST_STEP][PASSED] - println("Viewport top is " + top): null

27-02-2025T17:29:37 - [TEST_STEP][PASSED] - bottom = top + 600: null

27-02-2025T17:29:37 - [TEST_STEP][PASSED] - if (y - top < 150 || bottom - y < 10): null

27-02-2025T17:29:37 - [TEST_STEP][PASSED] - if (action == "click"): null

27-02-2025T17:29:37 - [TEST_STEP][PASSED] - else if (action == "selectOptionByValue"): All options with value 'Early August' are selected in object 'Object Repository/Education Partner Profile/Tabs/School Info/select_School Year Starts' 

27-02-2025T17:29:37 - [TEST_STEP][PASSED] - println("Selecting " + parm1): null

27-02-2025T17:29:37 - [TEST_STEP][PASSED] - selectOptionByValue(findTestObject(testObject), parm1, false): All options with value 'Early August' are selected in object 'Object Repository/Education Partner Profile/Tabs/School Info/select_School Year Starts' 

27-02-2025T17:29:37 - [MESSAGE][PASSED] - All options with value 'Early August' are selected in object 'Object Repository/Education Partner Profile/Tabs/School Info/select_School Year Starts' 

27-02-2025T17:29:37 - [MESSAGE][PASSED] - Call Test Case 'Test Cases/_Functions/Perform Action' successfully

27-02-2025T17:29:37 - [TEST_STEP][PASSED] - if (varSchool_accredited != null): Call Test Case 'Test Cases/_Functions/Perform Action' successfully

27-02-2025T17:29:37 - [TEST_STEP][PASSED] - if (varSchool_accredited == "Yes"): null

27-02-2025T17:29:37 - [TEST_STEP][PASSED] - else: null

27-02-2025T17:29:37 - [TEST_STEP][PASSED] - checkbox = "checkbox_School Accredited No": null

27-02-2025T17:29:37 - [TEST_STEP][PASSED] - object = "Object Repository/Education Partner Profile/Tabs/School Info/" + checkbox: null

27-02-2025T17:29:37 - [TEST_STEP][PASSED] - callTestCase(findTestCase("_Functions/Perform Action"), ["varAction":"click", "varObject":object], STOP_ON_FAILURE): Call Test Case 'Test Cases/_Functions/Perform Action' successfully

27-02-2025T17:29:37 - [TEST_CASE][PASSED] - Test Cases/_Functions/Perform Action: Test Cases/_Functions/Perform Action

27-02-2025T17:29:37 - [TEST_STEP][PASSED] - action = varAction: null

27-02-2025T17:29:37 - [TEST_STEP][PASSED] - println(action): null

27-02-2025T17:29:37 - [TEST_STEP][PASSED] - testObject = varObject: null

27-02-2025T17:29:37 - [TEST_STEP][PASSED] - println(testObject): null

27-02-2025T17:29:37 - [TEST_STEP][PASSED] - parm1 = varParm1: null

27-02-2025T17:29:37 - [TEST_STEP][PASSED] - println(parm1): null

27-02-2025T17:29:37 - [TEST_STEP][PASSED] - println("Converting " + testObject + " to web element"): null

27-02-2025T17:29:37 - [TEST_STEP][PASSED] - element = findWebElement(findTestObject(testObject), 1): null

27-02-2025T17:29:37 - [TEST_STEP][PASSED] - loc = element.getLocation(): null

27-02-2025T17:29:37 - [TEST_STEP][PASSED] - y = loc.getY(): null

27-02-2025T17:29:37 - [TEST_STEP][PASSED] - println("Y location is " + y): null

27-02-2025T17:29:37 - [TEST_STEP][PASSED] - top = getViewportTopPosition(): Current viewport's top (y) position is 289

27-02-2025T17:29:37 - [MESSAGE][PASSED] - Current viewport's top (y) position is 289

27-02-2025T17:29:37 - [TEST_STEP][PASSED] - println("Viewport top is " + top): null

27-02-2025T17:29:37 - [TEST_STEP][PASSED] - bottom = top + 600: null

27-02-2025T17:29:37 - [TEST_STEP][PASSED] - if (y - top < 150 || bottom - y < 10): null

27-02-2025T17:29:37 - [TEST_STEP][PASSED] - if (action == "click"): Object: 'Object Repository/Education Partner Profile/Tabs/School Info/checkbox_School Accredited No' is clicked on

27-02-2025T17:29:37 - [TEST_STEP][PASSED] - println("clicking"): null

27-02-2025T17:29:37 - [TEST_STEP][PASSED] - click(findTestObject(testObject)): Object: 'Object Repository/Education Partner Profile/Tabs/School Info/checkbox_School Accredited No' is clicked on

27-02-2025T17:29:37 - [MESSAGE][PASSED] - Object: 'Object Repository/Education Partner Profile/Tabs/School Info/checkbox_School Accredited No' is clicked on

27-02-2025T17:29:37 - [MESSAGE][PASSED] - Call Test Case 'Test Cases/_Functions/Perform Action' successfully

27-02-2025T17:29:37 - [TEST_STEP][PASSED] - if (varStudent_capacity != null): Call Test Case 'Test Cases/_Functions/Perform Action' successfully

27-02-2025T17:29:37 - [TEST_STEP][PASSED] - object = "Object Repository/Education Partner Profile/Tabs/School Info/input_Student Capacity": null

27-02-2025T17:29:37 - [TEST_STEP][PASSED] - callTestCase(findTestCase("_Functions/Perform Action"), ["varAction":"setText", "varObject":object, "varParm1":varStudent_capacity], STOP_ON_FAILURE): Call Test Case 'Test Cases/_Functions/Perform Action' successfully

27-02-2025T17:29:37 - [TEST_CASE][PASSED] - Test Cases/_Functions/Perform Action: Test Cases/_Functions/Perform Action

27-02-2025T17:29:37 - [TEST_STEP][PASSED] - action = varAction: null

27-02-2025T17:29:37 - [TEST_STEP][PASSED] - println(action): null

27-02-2025T17:29:37 - [TEST_STEP][PASSED] - testObject = varObject: null

27-02-2025T17:29:37 - [TEST_STEP][PASSED] - println(testObject): null

27-02-2025T17:29:37 - [TEST_STEP][PASSED] - parm1 = varParm1: null

27-02-2025T17:29:37 - [TEST_STEP][PASSED] - println(parm1): null

27-02-2025T17:29:37 - [TEST_STEP][PASSED] - println("Converting " + testObject + " to web element"): null

27-02-2025T17:29:37 - [TEST_STEP][PASSED] - element = findWebElement(findTestObject(testObject), 1): null

27-02-2025T17:29:37 - [TEST_STEP][PASSED] - loc = element.getLocation(): null

27-02-2025T17:29:37 - [TEST_STEP][PASSED] - y = loc.getY(): null

27-02-2025T17:29:37 - [TEST_STEP][PASSED] - println("Y location is " + y): null

27-02-2025T17:29:37 - [TEST_STEP][PASSED] - top = getViewportTopPosition(): Current viewport's top (y) position is 289

27-02-2025T17:29:37 - [MESSAGE][PASSED] - Current viewport's top (y) position is 289

27-02-2025T17:29:37 - [TEST_STEP][PASSED] - println("Viewport top is " + top): null

27-02-2025T17:29:37 - [TEST_STEP][PASSED] - bottom = top + 600: null

27-02-2025T17:29:37 - [TEST_STEP][PASSED] - if (y - top < 150 || bottom - y < 10): null

27-02-2025T17:29:37 - [TEST_STEP][PASSED] - if (action == "click"): null

27-02-2025T17:29:37 - [TEST_STEP][PASSED] - else if (action == "selectOptionByValue"): null

27-02-2025T17:29:37 - [TEST_STEP][PASSED] - else if (action == "setText"): Text '200' is set on object 'Object Repository/Education Partner Profile/Tabs/School Info/input_Student Capacity'

27-02-2025T17:29:37 - [TEST_STEP][PASSED] - println("Setting text " + parm1): null

27-02-2025T17:29:37 - [TEST_STEP][PASSED] - setText(findTestObject(testObject), parm1): Text '200' is set on object 'Object Repository/Education Partner Profile/Tabs/School Info/input_Student Capacity'

27-02-2025T17:29:37 - [MESSAGE][PASSED] - Text '200' is set on object 'Object Repository/Education Partner Profile/Tabs/School Info/input_Student Capacity'

27-02-2025T17:29:37 - [MESSAGE][PASSED] - Call Test Case 'Test Cases/_Functions/Perform Action' successfully

27-02-2025T17:29:37 - [TEST_STEP][PASSED] - if (varWebsite_address != null): Call Test Case 'Test Cases/_Functions/Perform Action' successfully

27-02-2025T17:29:37 - [TEST_STEP][PASSED] - object = "Object Repository/Education Partner Profile/Tabs/School Info/input_Website Address": null

27-02-2025T17:29:37 - [TEST_STEP][PASSED] - callTestCase(findTestCase("_Functions/Perform Action"), ["varAction":"setText", "varObject":object, "varParm1":varWebsite_address], STOP_ON_FAILURE): Call Test Case 'Test Cases/_Functions/Perform Action' successfully

27-02-2025T17:29:37 - [TEST_CASE][PASSED] - Test Cases/_Functions/Perform Action: Test Cases/_Functions/Perform Action

27-02-2025T17:29:37 - [TEST_STEP][PASSED] - action = varAction: null

27-02-2025T17:29:37 - [TEST_STEP][PASSED] - println(action): null

27-02-2025T17:29:37 - [TEST_STEP][PASSED] - testObject = varObject: null

27-02-2025T17:29:37 - [TEST_STEP][PASSED] - println(testObject): null

27-02-2025T17:29:37 - [TEST_STEP][PASSED] - parm1 = varParm1: null

27-02-2025T17:29:37 - [TEST_STEP][PASSED] - println(parm1): null

27-02-2025T17:29:37 - [TEST_STEP][PASSED] - println("Converting " + testObject + " to web element"): null

27-02-2025T17:29:37 - [TEST_STEP][PASSED] - element = findWebElement(findTestObject(testObject), 1): null

27-02-2025T17:29:37 - [TEST_STEP][PASSED] - loc = element.getLocation(): null

27-02-2025T17:29:37 - [TEST_STEP][PASSED] - y = loc.getY(): null

27-02-2025T17:29:37 - [TEST_STEP][PASSED] - println("Y location is " + y): null

27-02-2025T17:29:37 - [TEST_STEP][PASSED] - top = getViewportTopPosition(): Current viewport's top (y) position is 289

27-02-2025T17:29:37 - [MESSAGE][PASSED] - Current viewport's top (y) position is 289

27-02-2025T17:29:37 - [TEST_STEP][PASSED] - println("Viewport top is " + top): null

27-02-2025T17:29:37 - [TEST_STEP][PASSED] - bottom = top + 600: null

27-02-2025T17:29:37 - [TEST_STEP][PASSED] - if (y - top < 150 || bottom - y < 10): Delayed 1 second(s)

27-02-2025T17:29:37 - [TEST_STEP][PASSED] - scrollToPosition(0, y - 150): Browser is scrolled to position x = 0, y = 762

27-02-2025T17:29:37 - [MESSAGE][PASSED] - Browser is scrolled to position x = 0, y = 762

27-02-2025T17:29:37 - [TEST_STEP][PASSED] - delay(1): Delayed 1 second(s)

27-02-2025T17:29:38 - [MESSAGE][PASSED] - Delayed 1 second(s)

27-02-2025T17:29:38 - [TEST_STEP][PASSED] - if (action == "click"): null

27-02-2025T17:29:38 - [TEST_STEP][PASSED] - else if (action == "selectOptionByValue"): null

27-02-2025T17:29:38 - [TEST_STEP][PASSED] - else if (action == "setText"): Text 'https://www.swchs.org' is set on object 'Object Repository/Education Partner Profile/Tabs/School Info/input_Website Address'

27-02-2025T17:29:38 - [TEST_STEP][PASSED] - println("Setting text " + parm1): null

27-02-2025T17:29:38 - [TEST_STEP][PASSED] - setText(findTestObject(testObject), parm1): Text 'https://www.swchs.org' is set on object 'Object Repository/Education Partner Profile/Tabs/School Info/input_Website Address'

27-02-2025T17:29:38 - [MESSAGE][PASSED] - Text 'https://www.swchs.org' is set on object 'Object Repository/Education Partner Profile/Tabs/School Info/input_Website Address'

27-02-2025T17:29:38 - [MESSAGE][PASSED] - Call Test Case 'Test Cases/_Functions/Perform Action' successfully

27-02-2025T17:29:38 - [TEST_STEP][PASSED] - if (varHide_listing == "Yes"): Call Test Case 'Test Cases/_Functions/Perform Action' successfully

27-02-2025T17:29:38 - [TEST_STEP][PASSED] - object = "Object Repository/Education Partner Profile/Tabs/School Info/checkbox_Hide Listing": null

27-02-2025T17:29:38 - [TEST_STEP][PASSED] - callTestCase(findTestCase("_Functions/Perform Action"), ["varAction":"click", "varObject":object], STOP_ON_FAILURE): Call Test Case 'Test Cases/_Functions/Perform Action' successfully

27-02-2025T17:29:38 - [TEST_CASE][PASSED] - Test Cases/_Functions/Perform Action: Test Cases/_Functions/Perform Action

27-02-2025T17:29:38 - [TEST_STEP][PASSED] - action = varAction: null

27-02-2025T17:29:38 - [TEST_STEP][PASSED] - println(action): null

27-02-2025T17:29:38 - [TEST_STEP][PASSED] - testObject = varObject: null

27-02-2025T17:29:38 - [TEST_STEP][PASSED] - println(testObject): null

27-02-2025T17:29:38 - [TEST_STEP][PASSED] - parm1 = varParm1: null

27-02-2025T17:29:38 - [TEST_STEP][PASSED] - println(parm1): null

27-02-2025T17:29:38 - [TEST_STEP][PASSED] - println("Converting " + testObject + " to web element"): null

27-02-2025T17:29:38 - [TEST_STEP][PASSED] - element = findWebElement(findTestObject(testObject), 1): null

27-02-2025T17:29:38 - [TEST_STEP][PASSED] - loc = element.getLocation(): null

27-02-2025T17:29:38 - [TEST_STEP][PASSED] - y = loc.getY(): null

27-02-2025T17:29:38 - [TEST_STEP][PASSED] - println("Y location is " + y): null

27-02-2025T17:29:38 - [TEST_STEP][PASSED] - top = getViewportTopPosition(): Current viewport's top (y) position is 593

27-02-2025T17:29:38 - [MESSAGE][PASSED] - Current viewport's top (y) position is 593

27-02-2025T17:29:38 - [TEST_STEP][PASSED] - println("Viewport top is " + top): null

27-02-2025T17:29:38 - [TEST_STEP][PASSED] - bottom = top + 600: null

27-02-2025T17:29:38 - [TEST_STEP][PASSED] - if (y - top < 150 || bottom - y < 10): null

27-02-2025T17:29:38 - [TEST_STEP][PASSED] - if (action == "click"): Object: 'Object Repository/Education Partner Profile/Tabs/School Info/checkbox_Hide Listing' is clicked on

27-02-2025T17:29:38 - [TEST_STEP][PASSED] - println("clicking"): null

27-02-2025T17:29:38 - [TEST_STEP][PASSED] - click(findTestObject(testObject)): Object: 'Object Repository/Education Partner Profile/Tabs/School Info/checkbox_Hide Listing' is clicked on

27-02-2025T17:29:38 - [MESSAGE][PASSED] - Object: 'Object Repository/Education Partner Profile/Tabs/School Info/checkbox_Hide Listing' is clicked on

27-02-2025T17:29:38 - [MESSAGE][PASSED] - Call Test Case 'Test Cases/_Functions/Perform Action' successfully

27-02-2025T17:29:38 - [TEST_STEP][PASSED] - delay(1): Delayed 1 second(s)

27-02-2025T17:29:39 - [MESSAGE][PASSED] - Delayed 1 second(s)

27-02-2025T17:29:39 - [TEST_STEP][PASSED] - object = "Object Repository/Education Partner Profile/Tabs/School Info/textarea_Security Explanation": null

27-02-2025T17:29:39 - [TEST_STEP][PASSED] - callTestCase(findTestCase("_Functions/Perform Action"), ["varAction":"setText", "varObject":object, "varParm1":varReason_for_hiding], STOP_ON_FAILURE): Call Test Case 'Test Cases/_Functions/Perform Action' successfully

27-02-2025T17:29:39 - [TEST_CASE][PASSED] - Test Cases/_Functions/Perform Action: Test Cases/_Functions/Perform Action

27-02-2025T17:29:39 - [TEST_STEP][PASSED] - action = varAction: null

27-02-2025T17:29:39 - [TEST_STEP][PASSED] - println(action): null

27-02-2025T17:29:39 - [TEST_STEP][PASSED] - testObject = varObject: null

27-02-2025T17:29:39 - [TEST_STEP][PASSED] - println(testObject): null

27-02-2025T17:29:39 - [TEST_STEP][PASSED] - parm1 = varParm1: null

27-02-2025T17:29:39 - [TEST_STEP][PASSED] - println(parm1): null

27-02-2025T17:29:39 - [TEST_STEP][PASSED] - println("Converting " + testObject + " to web element"): null

27-02-2025T17:29:39 - [TEST_STEP][PASSED] - element = findWebElement(findTestObject(testObject), 1): null

27-02-2025T17:29:39 - [TEST_STEP][PASSED] - loc = element.getLocation(): null

27-02-2025T17:29:39 - [TEST_STEP][PASSED] - y = loc.getY(): null

27-02-2025T17:29:39 - [TEST_STEP][PASSED] - println("Y location is " + y): null

27-02-2025T17:29:39 - [TEST_STEP][PASSED] - top = getViewportTopPosition(): Current viewport's top (y) position is 593

27-02-2025T17:29:39 - [MESSAGE][PASSED] - Current viewport's top (y) position is 593

27-02-2025T17:29:39 - [TEST_STEP][PASSED] - println("Viewport top is " + top): null

27-02-2025T17:29:39 - [TEST_STEP][PASSED] - bottom = top + 600: null

27-02-2025T17:29:39 - [TEST_STEP][PASSED] - if (y - top < 150 || bottom - y < 10): null

27-02-2025T17:29:39 - [TEST_STEP][PASSED] - if (action == "click"): null

27-02-2025T17:29:39 - [TEST_STEP][PASSED] - else if (action == "selectOptionByValue"): null

27-02-2025T17:29:39 - [TEST_STEP][PASSED] - else if (action == "setText"): Text 'Creative access country' is set on object 'Object Repository/Education Partner Profile/Tabs/School Info/textarea_Security Explanation'

27-02-2025T17:29:39 - [TEST_STEP][PASSED] - println("Setting text " + parm1): null

27-02-2025T17:29:39 - [TEST_STEP][PASSED] - setText(findTestObject(testObject), parm1): Text 'Creative access country' is set on object 'Object Repository/Education Partner Profile/Tabs/School Info/textarea_Security Explanation'

27-02-2025T17:29:39 - [MESSAGE][PASSED] - Text 'Creative access country' is set on object 'Object Repository/Education Partner Profile/Tabs/School Info/textarea_Security Explanation'

27-02-2025T17:29:39 - [MESSAGE][PASSED] - Call Test Case 'Test Cases/_Functions/Perform Action' successfully

27-02-2025T17:29:39 - [TEST_STEP][PASSED] - click(findTestObject("Education Partner Profile/Tabs/School Info/btn_Complete Submit")): Object: 'Object Repository/Education Partner Profile/Tabs/School Info/btn_Complete Submit' is clicked on

27-02-2025T17:29:42 - [MESSAGE][PASSED] - Object: 'Object Repository/Education Partner Profile/Tabs/School Info/btn_Complete Submit' is clicked on

27-02-2025T17:29:42 - [MESSAGE][PASSED] - Call Test Case 'Test Cases/Education Partner Profile/Tabs/Set School Info' successfully

27-02-2025T17:29:42 - [TEST_STEP][PASSED] - if (pages.size() == 0 || "All" in pages || "Positions Needed" in pages): Call Test Case 'Test Cases/Education Partner Profile/Tabs/Set Positions Needed' successfully

27-02-2025T17:29:42 - [TEST_STEP][PASSED] - if (!(fastPath)): Call Test Case 'Test Cases/_Functions/Get Selections from CSV File' successfully

27-02-2025T17:29:42 - [TEST_STEP][PASSED] - click(findTestObject("Object Repository/Education Partner Profile/Tabs/a_Positions Needed")): Object: 'Object Repository/Education Partner Profile/Tabs/a_Positions Needed' is clicked on

27-02-2025T17:29:42 - [MESSAGE][PASSED] - Object: 'Object Repository/Education Partner Profile/Tabs/a_Positions Needed' is clicked on

27-02-2025T17:29:42 - [TEST_STEP][PASSED] - available_positions = callTestCase(findTestCase("_Functions/Get Selections from CSV File"), ["varFileName":"Education Partner Forms/Positions Needed.csv", "varSelections":"Available Positions"], STOP_ON_FAILURE): Call Test Case 'Test Cases/_Functions/Get Selections from CSV File' successfully

27-02-2025T17:29:42 - [TEST_CASE][PASSED] - Test Cases/_Functions/Get Selections from CSV File: Test Cases/_Functions/Get Selections from CSV File

27-02-2025T17:29:42 - [TEST_STEP][PASSED] - if (fastPath): null

27-02-2025T17:29:42 - [TEST_STEP][PASSED] - reader = <not implemented yet for class: org.codehaus.groovy.ast.expr.EmptyExpression>: null

27-02-2025T17:29:42 - [TEST_STEP][PASSED] - checked = []: null

27-02-2025T17:29:42 - [TEST_STEP][PASSED] - reader = new java.io.BufferedReader(new java.io.FileReader((/Users/cckozie/git/MissionNext-Katalon-Koz/Data Files/ + varFileName))): null

27-02-2025T17:29:42 - [TEST_STEP][PASSED] - line = reader.readLine(): null

27-02-2025T17:29:42 - [TEST_STEP][PASSED] - include = false: null

27-02-2025T17:29:42 - [TEST_STEP][PASSED] - frame = new javax.swing.JFrame(): null

27-02-2025T17:29:42 - [TEST_STEP][PASSED] - p = new javax.swing.JPanel(): null

27-02-2025T17:29:42 - [TEST_STEP][PASSED] - l = new javax.swing.JLabel(Loading selections from file..., javax.swing.SwingConstants.CENTER): null

27-02-2025T17:29:42 - [TEST_STEP][PASSED] - frame.add(l): null

27-02-2025T17:29:42 - [TEST_STEP][PASSED] - frame.setSize(300, 100): null

27-02-2025T17:29:42 - [TEST_STEP][PASSED] - frame.setLocation(600, 0): null

27-02-2025T17:29:42 - [TEST_STEP][PASSED] - frame.setAlwaysOnTop(true): null

27-02-2025T17:29:42 - [TEST_STEP][PASSED] - frame.show(): null

27-02-2025T17:29:42 - [TEST_STEP][PASSED] - while (line != null): null

27-02-2025T17:29:42 - [TEST_STEP][PASSED] - println(line): null

27-02-2025T17:29:42 - [TEST_STEP][PASSED] - group = line.indexOf("<Group>"): null

27-02-2025T17:29:42 - [TEST_STEP][PASSED] - println(group): null

27-02-2025T17:29:42 - [TEST_STEP][PASSED] - if (group >= 0): null

27-02-2025T17:29:42 - [TEST_STEP][PASSED] - selections = line.substring(group + 7, line.length() - 1): null

27-02-2025T17:29:42 - [TEST_STEP][PASSED] - println(selections): null

27-02-2025T17:29:42 - [TEST_STEP][PASSED] - if (selections == varSelections): null

27-02-2025T17:29:42 - [TEST_STEP][PASSED] - include = true: null

27-02-2025T17:29:42 - [TEST_STEP][PASSED] - line = reader.readLine(): null

27-02-2025T17:29:42 - [TEST_STEP][PASSED] - println(line): null

27-02-2025T17:29:42 - [TEST_STEP][PASSED] - group = line.indexOf("<Group>"): null

27-02-2025T17:29:42 - [TEST_STEP][PASSED] - println(group): null

27-02-2025T17:29:42 - [TEST_STEP][PASSED] - if (group >= 0): null

27-02-2025T17:29:42 - [TEST_STEP][PASSED] - else: null

27-02-2025T17:29:42 - [TEST_STEP][PASSED] - if (include): null

27-02-2025T17:29:42 - [TEST_STEP][PASSED] - println(line): null

27-02-2025T17:29:42 - [TEST_STEP][PASSED] - comma = line.indexOf(",y"): null

27-02-2025T17:29:42 - [TEST_STEP][PASSED] - if (comma > 0): null

27-02-2025T17:29:42 - [TEST_STEP][PASSED] - line = reader.readLine(): null

27-02-2025T17:29:42 - [TEST_STEP][PASSED] - println(line): null

27-02-2025T17:29:42 - [TEST_STEP][PASSED] - group = line.indexOf("<Group>"): null

27-02-2025T17:29:42 - [TEST_STEP][PASSED] - println(group): null

27-02-2025T17:29:42 - [TEST_STEP][PASSED] - if (group >= 0): null

27-02-2025T17:29:42 - [TEST_STEP][PASSED] - else: null

27-02-2025T17:29:42 - [TEST_STEP][PASSED] - if (include): null

27-02-2025T17:29:42 - [TEST_STEP][PASSED] - println(line): null

27-02-2025T17:29:42 - [TEST_STEP][PASSED] - comma = line.indexOf(",y"): null

27-02-2025T17:29:42 - [TEST_STEP][PASSED] - if (comma > 0): null

27-02-2025T17:29:42 - [TEST_STEP][PASSED] - commaCount = StringUtils.countMatches(line, ","): null

27-02-2025T17:29:42 - [TEST_STEP][PASSED] - if (commaCount > 1): null

27-02-2025T17:29:42 - [TEST_STEP][PASSED] - else: null

27-02-2025T17:29:42 - [TEST_STEP][PASSED] - label = line.substring(1, comma): null

27-02-2025T17:29:42 - [TEST_STEP][PASSED] - println(label): null

27-02-2025T17:29:42 - [TEST_STEP][PASSED] - checked.add(label): null

27-02-2025T17:29:42 - [TEST_STEP][PASSED] - line = reader.readLine(): null

27-02-2025T17:29:42 - [TEST_STEP][PASSED] - println(line): null

27-02-2025T17:29:42 - [TEST_STEP][PASSED] - group = line.indexOf("<Group>"): null

27-02-2025T17:29:42 - [TEST_STEP][PASSED] - println(group): null

27-02-2025T17:29:42 - [TEST_STEP][PASSED] - if (group >= 0): null

27-02-2025T17:29:42 - [TEST_STEP][PASSED] - else: null

27-02-2025T17:29:42 - [TEST_STEP][PASSED] - if (include): null

27-02-2025T17:29:42 - [TEST_STEP][PASSED] - println(line): null

27-02-2025T17:29:42 - [TEST_STEP][PASSED] - comma = line.indexOf(",y"): null

27-02-2025T17:29:42 - [TEST_STEP][PASSED] - if (comma > 0): null

27-02-2025T17:29:42 - [TEST_STEP][PASSED] - commaCount = StringUtils.countMatches(line, ","): null

27-02-2025T17:29:42 - [TEST_STEP][PASSED] - if (commaCount > 1): null

27-02-2025T17:29:42 - [TEST_STEP][PASSED] - else: null

27-02-2025T17:29:42 - [TEST_STEP][PASSED] - label = line.substring(1, comma): null

27-02-2025T17:29:42 - [TEST_STEP][PASSED] - println(label): null

27-02-2025T17:29:42 - [TEST_STEP][PASSED] - checked.add(label): null

27-02-2025T17:29:42 - [TEST_STEP][PASSED] - line = reader.readLine(): null

27-02-2025T17:29:42 - [TEST_STEP][PASSED] - println(line): null

27-02-2025T17:29:42 - [TEST_STEP][PASSED] - group = line.indexOf("<Group>"): null

27-02-2025T17:29:42 - [TEST_STEP][PASSED] - println(group): null

27-02-2025T17:29:42 - [TEST_STEP][PASSED] - if (group >= 0): null

27-02-2025T17:29:42 - [TEST_STEP][PASSED] - else: null

27-02-2025T17:29:42 - [TEST_STEP][PASSED] - if (include): null

27-02-2025T17:29:42 - [TEST_STEP][PASSED] - println(line): null

27-02-2025T17:29:42 - [TEST_STEP][PASSED] - comma = line.indexOf(",y"): null

27-02-2025T17:29:42 - [TEST_STEP][PASSED] - if (comma > 0): null

27-02-2025T17:29:42 - [TEST_STEP][PASSED] - commaCount = StringUtils.countMatches(line, ","): null

27-02-2025T17:29:42 - [TEST_STEP][PASSED] - if (commaCount > 1): null

27-02-2025T17:29:42 - [TEST_STEP][PASSED] - else: null

27-02-2025T17:29:42 - [TEST_STEP][PASSED] - label = line.substring(1, comma): null

27-02-2025T17:29:42 - [TEST_STEP][PASSED] - println(label): null

27-02-2025T17:29:42 - [TEST_STEP][PASSED] - checked.add(label): null

27-02-2025T17:29:42 - [TEST_STEP][PASSED] - line = reader.readLine(): null

27-02-2025T17:29:42 - [TEST_STEP][PASSED] - println(line): null

27-02-2025T17:29:42 - [TEST_STEP][PASSED] - group = line.indexOf("<Group>"): null

27-02-2025T17:29:42 - [TEST_STEP][PASSED] - println(group): null

27-02-2025T17:29:42 - [TEST_STEP][PASSED] - if (group >= 0): null

27-02-2025T17:29:42 - [TEST_STEP][PASSED] - else: null

27-02-2025T17:29:42 - [TEST_STEP][PASSED] - if (include): null

27-02-2025T17:29:42 - [TEST_STEP][PASSED] - println(line): null

27-02-2025T17:29:42 - [TEST_STEP][PASSED] - comma = line.indexOf(",y"): null

27-02-2025T17:29:42 - [TEST_STEP][PASSED] - if (comma > 0): null

27-02-2025T17:29:42 - [TEST_STEP][PASSED] - commaCount = StringUtils.countMatches(line, ","): null

27-02-2025T17:29:42 - [TEST_STEP][PASSED] - if (commaCount > 1): null

27-02-2025T17:29:42 - [TEST_STEP][PASSED] - else: null

27-02-2025T17:29:42 - [TEST_STEP][PASSED] - label = line.substring(1, comma): null

27-02-2025T17:29:42 - [TEST_STEP][PASSED] - println(label): null

27-02-2025T17:29:42 - [TEST_STEP][PASSED] - checked.add(label): null

27-02-2025T17:29:42 - [TEST_STEP][PASSED] - line = reader.readLine(): null

27-02-2025T17:29:42 - [TEST_STEP][PASSED] - println(line): null

27-02-2025T17:29:42 - [TEST_STEP][PASSED] - group = line.indexOf("<Group>"): null

27-02-2025T17:29:42 - [TEST_STEP][PASSED] - println(group): null

27-02-2025T17:29:42 - [TEST_STEP][PASSED] - if (group >= 0): null

27-02-2025T17:29:42 - [TEST_STEP][PASSED] - else: null

27-02-2025T17:29:42 - [TEST_STEP][PASSED] - if (include): null

27-02-2025T17:29:42 - [TEST_STEP][PASSED] - println(line): null

27-02-2025T17:29:42 - [TEST_STEP][PASSED] - comma = line.indexOf(",y"): null

27-02-2025T17:29:42 - [TEST_STEP][PASSED] - if (comma > 0): null

27-02-2025T17:29:42 - [TEST_STEP][PASSED] - line = reader.readLine(): null

27-02-2025T17:29:42 - [TEST_STEP][PASSED] - println(line): null

27-02-2025T17:29:42 - [TEST_STEP][PASSED] - group = line.indexOf("<Group>"): null

27-02-2025T17:29:42 - [TEST_STEP][PASSED] - println(group): null

27-02-2025T17:29:42 - [TEST_STEP][PASSED] - if (group >= 0): null

27-02-2025T17:29:42 - [TEST_STEP][PASSED] - else: null

27-02-2025T17:29:42 - [TEST_STEP][PASSED] - if (include): null

27-02-2025T17:29:42 - [TEST_STEP][PASSED] - println(line): null

27-02-2025T17:29:42 - [TEST_STEP][PASSED] - comma = line.indexOf(",y"): null

27-02-2025T17:29:42 - [TEST_STEP][PASSED] - if (comma > 0): null

27-02-2025T17:29:42 - [TEST_STEP][PASSED] - line = reader.readLine(): null

27-02-2025T17:29:42 - [TEST_STEP][PASSED] - println(line): null

27-02-2025T17:29:42 - [TEST_STEP][PASSED] - group = line.indexOf("<Group>"): null

27-02-2025T17:29:42 - [TEST_STEP][PASSED] - println(group): null

27-02-2025T17:29:42 - [TEST_STEP][PASSED] - if (group >= 0): null

27-02-2025T17:29:42 - [TEST_STEP][PASSED] - else: null

27-02-2025T17:29:42 - [TEST_STEP][PASSED] - if (include): null

27-02-2025T17:29:42 - [TEST_STEP][PASSED] - println(line): null

27-02-2025T17:29:42 - [TEST_STEP][PASSED] - comma = line.indexOf(",y"): null

27-02-2025T17:29:42 - [TEST_STEP][PASSED] - if (comma > 0): null

27-02-2025T17:29:42 - [TEST_STEP][PASSED] - line = reader.readLine(): null

27-02-2025T17:29:42 - [TEST_STEP][PASSED] - println(line): null

27-02-2025T17:29:42 - [TEST_STEP][PASSED] - group = line.indexOf("<Group>"): null

27-02-2025T17:29:42 - [TEST_STEP][PASSED] - println(group): null

27-02-2025T17:29:42 - [TEST_STEP][PASSED] - if (group >= 0): null

27-02-2025T17:29:42 - [TEST_STEP][PASSED] - else: null

27-02-2025T17:29:42 - [TEST_STEP][PASSED] - if (include): null

27-02-2025T17:29:42 - [TEST_STEP][PASSED] - println(line): null

27-02-2025T17:29:42 - [TEST_STEP][PASSED] - comma = line.indexOf(",y"): null

27-02-2025T17:29:42 - [TEST_STEP][PASSED] - if (comma > 0): null

27-02-2025T17:29:42 - [TEST_STEP][PASSED] - line = reader.readLine(): null

27-02-2025T17:29:42 - [TEST_STEP][PASSED] - println(line): null

27-02-2025T17:29:42 - [TEST_STEP][PASSED] - group = line.indexOf("<Group>"): null

27-02-2025T17:29:42 - [TEST_STEP][PASSED] - println(group): null

27-02-2025T17:29:42 - [TEST_STEP][PASSED] - if (group >= 0): null

27-02-2025T17:29:42 - [TEST_STEP][PASSED] - else: null

27-02-2025T17:29:42 - [TEST_STEP][PASSED] - if (include): null

27-02-2025T17:29:42 - [TEST_STEP][PASSED] - println(line): null

27-02-2025T17:29:42 - [TEST_STEP][PASSED] - comma = line.indexOf(",y"): null

27-02-2025T17:29:42 - [TEST_STEP][PASSED] - if (comma > 0): null

27-02-2025T17:29:42 - [TEST_STEP][PASSED] - commaCount = StringUtils.countMatches(line, ","): null

27-02-2025T17:29:42 - [TEST_STEP][PASSED] - if (commaCount > 1): null

27-02-2025T17:29:42 - [TEST_STEP][PASSED] - else: null

27-02-2025T17:29:42 - [TEST_STEP][PASSED] - label = line.substring(1, comma): null

27-02-2025T17:29:42 - [TEST_STEP][PASSED] - println(label): null

27-02-2025T17:29:42 - [TEST_STEP][PASSED] - checked.add(label): null

27-02-2025T17:29:42 - [TEST_STEP][PASSED] - line = reader.readLine(): null

27-02-2025T17:29:42 - [TEST_STEP][PASSED] - println(line): null

27-02-2025T17:29:42 - [TEST_STEP][PASSED] - group = line.indexOf("<Group>"): null

27-02-2025T17:29:42 - [TEST_STEP][PASSED] - println(group): null

27-02-2025T17:29:42 - [TEST_STEP][PASSED] - if (group >= 0): null

27-02-2025T17:29:42 - [TEST_STEP][PASSED] - else: null

27-02-2025T17:29:42 - [TEST_STEP][PASSED] - if (include): null

27-02-2025T17:29:42 - [TEST_STEP][PASSED] - println(line): null

27-02-2025T17:29:42 - [TEST_STEP][PASSED] - comma = line.indexOf(",y"): null

27-02-2025T17:29:42 - [TEST_STEP][PASSED] - if (comma > 0): null

27-02-2025T17:29:42 - [TEST_STEP][PASSED] - commaCount = StringUtils.countMatches(line, ","): null

27-02-2025T17:29:42 - [TEST_STEP][PASSED] - if (commaCount > 1): null

27-02-2025T17:29:42 - [TEST_STEP][PASSED] - else: null

27-02-2025T17:29:42 - [TEST_STEP][PASSED] - label = line.substring(1, comma): null

27-02-2025T17:29:42 - [TEST_STEP][PASSED] - println(label): null

27-02-2025T17:29:42 - [TEST_STEP][PASSED] - checked.add(label): null

27-02-2025T17:29:42 - [TEST_STEP][PASSED] - line = reader.readLine(): null

27-02-2025T17:29:42 - [TEST_STEP][PASSED] - println(line): null

27-02-2025T17:29:42 - [TEST_STEP][PASSED] - group = line.indexOf("<Group>"): null

27-02-2025T17:29:42 - [TEST_STEP][PASSED] - println(group): null

27-02-2025T17:29:42 - [TEST_STEP][PASSED] - if (group >= 0): null

27-02-2025T17:29:42 - [TEST_STEP][PASSED] - else: null

27-02-2025T17:29:42 - [TEST_STEP][PASSED] - if (include): null

27-02-2025T17:29:42 - [TEST_STEP][PASSED] - println(line): null

27-02-2025T17:29:42 - [TEST_STEP][PASSED] - comma = line.indexOf(",y"): null

27-02-2025T17:29:42 - [TEST_STEP][PASSED] - if (comma > 0): null

27-02-2025T17:29:42 - [TEST_STEP][PASSED] - line = reader.readLine(): null

27-02-2025T17:29:42 - [TEST_STEP][PASSED] - println(line): null

27-02-2025T17:29:42 - [TEST_STEP][PASSED] - group = line.indexOf("<Group>"): null

27-02-2025T17:29:42 - [TEST_STEP][PASSED] - println(group): null

27-02-2025T17:29:42 - [TEST_STEP][PASSED] - if (group >= 0): null

27-02-2025T17:29:42 - [TEST_STEP][PASSED] - else: null

27-02-2025T17:29:42 - [TEST_STEP][PASSED] - if (include): null

27-02-2025T17:29:42 - [TEST_STEP][PASSED] - println(line): null

27-02-2025T17:29:42 - [TEST_STEP][PASSED] - comma = line.indexOf(",y"): null

27-02-2025T17:29:42 - [TEST_STEP][PASSED] - if (comma > 0): null

27-02-2025T17:29:42 - [TEST_STEP][PASSED] - commaCount = StringUtils.countMatches(line, ","): null

27-02-2025T17:29:42 - [TEST_STEP][PASSED] - if (commaCount > 1): null

27-02-2025T17:29:42 - [TEST_STEP][PASSED] - else: null

27-02-2025T17:29:42 - [TEST_STEP][PASSED] - label = line.substring(1, comma): null

27-02-2025T17:29:42 - [TEST_STEP][PASSED] - println(label): null

27-02-2025T17:29:42 - [TEST_STEP][PASSED] - checked.add(label): null

27-02-2025T17:29:42 - [TEST_STEP][PASSED] - line = reader.readLine(): null

27-02-2025T17:29:42 - [TEST_STEP][PASSED] - println(line): null

27-02-2025T17:29:42 - [TEST_STEP][PASSED] - group = line.indexOf("<Group>"): null

27-02-2025T17:29:42 - [TEST_STEP][PASSED] - println(group): null

27-02-2025T17:29:42 - [TEST_STEP][PASSED] - if (group >= 0): null

27-02-2025T17:29:42 - [TEST_STEP][PASSED] - else: null

27-02-2025T17:29:42 - [TEST_STEP][PASSED] - if (include): null

27-02-2025T17:29:42 - [TEST_STEP][PASSED] - println(line): null

27-02-2025T17:29:42 - [TEST_STEP][PASSED] - comma = line.indexOf(",y"): null

27-02-2025T17:29:42 - [TEST_STEP][PASSED] - if (comma > 0): null

27-02-2025T17:29:42 - [TEST_STEP][PASSED] - commaCount = StringUtils.countMatches(line, ","): null

27-02-2025T17:29:42 - [TEST_STEP][PASSED] - if (commaCount > 1): null

27-02-2025T17:29:42 - [TEST_STEP][PASSED] - else: null

27-02-2025T17:29:42 - [TEST_STEP][PASSED] - label = line.substring(1, comma): null

27-02-2025T17:29:42 - [TEST_STEP][PASSED] - println(label): null

27-02-2025T17:29:42 - [TEST_STEP][PASSED] - checked.add(label): null

27-02-2025T17:29:42 - [TEST_STEP][PASSED] - line = reader.readLine(): null

27-02-2025T17:29:42 - [TEST_STEP][PASSED] - println(line): null

27-02-2025T17:29:42 - [TEST_STEP][PASSED] - group = line.indexOf("<Group>"): null

27-02-2025T17:29:42 - [TEST_STEP][PASSED] - println(group): null

27-02-2025T17:29:42 - [TEST_STEP][PASSED] - if (group >= 0): null

27-02-2025T17:29:42 - [TEST_STEP][PASSED] - else: null

27-02-2025T17:29:42 - [TEST_STEP][PASSED] - if (include): null

27-02-2025T17:29:42 - [TEST_STEP][PASSED] - println(line): null

27-02-2025T17:29:42 - [TEST_STEP][PASSED] - comma = line.indexOf(",y"): null

27-02-2025T17:29:42 - [TEST_STEP][PASSED] - if (comma > 0): null

27-02-2025T17:29:42 - [TEST_STEP][PASSED] - line = reader.readLine(): null

27-02-2025T17:29:42 - [TEST_STEP][PASSED] - println(line): null

27-02-2025T17:29:42 - [TEST_STEP][PASSED] - group = line.indexOf("<Group>"): null

27-02-2025T17:29:42 - [TEST_STEP][PASSED] - println(group): null

27-02-2025T17:29:42 - [TEST_STEP][PASSED] - if (group >= 0): null

27-02-2025T17:29:42 - [TEST_STEP][PASSED] - else: null

27-02-2025T17:29:42 - [TEST_STEP][PASSED] - if (include): null

27-02-2025T17:29:42 - [TEST_STEP][PASSED] - println(line): null

27-02-2025T17:29:42 - [TEST_STEP][PASSED] - comma = line.indexOf(",y"): null

27-02-2025T17:29:42 - [TEST_STEP][PASSED] - if (comma > 0): null

27-02-2025T17:29:42 - [TEST_STEP][PASSED] - line = reader.readLine(): null

27-02-2025T17:29:42 - [TEST_STEP][PASSED] - println(line): null

27-02-2025T17:29:42 - [TEST_STEP][PASSED] - group = line.indexOf("<Group>"): null

27-02-2025T17:29:42 - [TEST_STEP][PASSED] - println(group): null

27-02-2025T17:29:42 - [TEST_STEP][PASSED] - if (group >= 0): null

27-02-2025T17:29:42 - [TEST_STEP][PASSED] - else: null

27-02-2025T17:29:42 - [TEST_STEP][PASSED] - if (include): null

27-02-2025T17:29:42 - [TEST_STEP][PASSED] - println(line): null

27-02-2025T17:29:42 - [TEST_STEP][PASSED] - comma = line.indexOf(",y"): null

27-02-2025T17:29:42 - [TEST_STEP][PASSED] - if (comma > 0): null

27-02-2025T17:29:42 - [TEST_STEP][PASSED] - line = reader.readLine(): null

27-02-2025T17:29:42 - [TEST_STEP][PASSED] - println(line): null

27-02-2025T17:29:42 - [TEST_STEP][PASSED] - group = line.indexOf("<Group>"): null

27-02-2025T17:29:42 - [TEST_STEP][PASSED] - println(group): null

27-02-2025T17:29:42 - [TEST_STEP][PASSED] - if (group >= 0): null

27-02-2025T17:29:42 - [TEST_STEP][PASSED] - else: null

27-02-2025T17:29:42 - [TEST_STEP][PASSED] - if (include): null

27-02-2025T17:29:42 - [TEST_STEP][PASSED] - println(line): null

27-02-2025T17:29:42 - [TEST_STEP][PASSED] - comma = line.indexOf(",y"): null

27-02-2025T17:29:42 - [TEST_STEP][PASSED] - if (comma > 0): null

27-02-2025T17:29:42 - [TEST_STEP][PASSED] - line = reader.readLine(): null

27-02-2025T17:29:42 - [TEST_STEP][PASSED] - println(line): null

27-02-2025T17:29:42 - [TEST_STEP][PASSED] - group = line.indexOf("<Group>"): null

27-02-2025T17:29:42 - [TEST_STEP][PASSED] - println(group): null

27-02-2025T17:29:42 - [TEST_STEP][PASSED] - if (group >= 0): null

27-02-2025T17:29:42 - [TEST_STEP][PASSED] - else: null

27-02-2025T17:29:42 - [TEST_STEP][PASSED] - if (include): null

27-02-2025T17:29:42 - [TEST_STEP][PASSED] - println(line): null

27-02-2025T17:29:42 - [TEST_STEP][PASSED] - comma = line.indexOf(",y"): null

27-02-2025T17:29:42 - [TEST_STEP][PASSED] - if (comma > 0): null

27-02-2025T17:29:42 - [TEST_STEP][PASSED] - line = reader.readLine(): null

27-02-2025T17:29:42 - [TEST_STEP][PASSED] - println(line): null

27-02-2025T17:29:42 - [TEST_STEP][PASSED] - group = line.indexOf("<Group>"): null

27-02-2025T17:29:42 - [TEST_STEP][PASSED] - println(group): null

27-02-2025T17:29:42 - [TEST_STEP][PASSED] - if (group >= 0): null

27-02-2025T17:29:42 - [TEST_STEP][PASSED] - else: null

27-02-2025T17:29:42 - [TEST_STEP][PASSED] - if (include): null

27-02-2025T17:29:42 - [TEST_STEP][PASSED] - println(line): null

27-02-2025T17:29:42 - [TEST_STEP][PASSED] - comma = line.indexOf(",y"): null

27-02-2025T17:29:42 - [TEST_STEP][PASSED] - if (comma > 0): null

27-02-2025T17:29:42 - [TEST_STEP][PASSED] - line = reader.readLine(): null

27-02-2025T17:29:42 - [TEST_STEP][PASSED] - println(line): null

27-02-2025T17:29:42 - [TEST_STEP][PASSED] - group = line.indexOf("<Group>"): null

27-02-2025T17:29:42 - [TEST_STEP][PASSED] - println(group): null

27-02-2025T17:29:42 - [TEST_STEP][PASSED] - if (group >= 0): null

27-02-2025T17:29:42 - [TEST_STEP][PASSED] - else: null

27-02-2025T17:29:42 - [TEST_STEP][PASSED] - if (include): null

27-02-2025T17:29:42 - [TEST_STEP][PASSED] - println(line): null

27-02-2025T17:29:42 - [TEST_STEP][PASSED] - comma = line.indexOf(",y"): null

27-02-2025T17:29:42 - [TEST_STEP][PASSED] - if (comma > 0): null

27-02-2025T17:29:42 - [TEST_STEP][PASSED] - line = reader.readLine(): null

27-02-2025T17:29:42 - [TEST_STEP][PASSED] - println(line): null

27-02-2025T17:29:42 - [TEST_STEP][PASSED] - group = line.indexOf("<Group>"): null

27-02-2025T17:29:42 - [TEST_STEP][PASSED] - println(group): null

27-02-2025T17:29:42 - [TEST_STEP][PASSED] - if (group >= 0): null

27-02-2025T17:29:42 - [TEST_STEP][PASSED] - else: null

27-02-2025T17:29:42 - [TEST_STEP][PASSED] - if (include): null

27-02-2025T17:29:42 - [TEST_STEP][PASSED] - println(line): null

27-02-2025T17:29:42 - [TEST_STEP][PASSED] - comma = line.indexOf(",y"): null

27-02-2025T17:29:42 - [TEST_STEP][PASSED] - if (comma > 0): null

27-02-2025T17:29:42 - [TEST_STEP][PASSED] - commaCount = StringUtils.countMatches(line, ","): null

27-02-2025T17:29:42 - [TEST_STEP][PASSED] - if (commaCount > 1): null

27-02-2025T17:29:42 - [TEST_STEP][PASSED] - else: null

27-02-2025T17:29:42 - [TEST_STEP][PASSED] - label = line.substring(1, comma): null

27-02-2025T17:29:42 - [TEST_STEP][PASSED] - println(label): null

27-02-2025T17:29:42 - [TEST_STEP][PASSED] - checked.add(label): null

27-02-2025T17:29:42 - [TEST_STEP][PASSED] - line = reader.readLine(): null

27-02-2025T17:29:42 - [TEST_STEP][PASSED] - println(line): null

27-02-2025T17:29:42 - [TEST_STEP][PASSED] - group = line.indexOf("<Group>"): null

27-02-2025T17:29:42 - [TEST_STEP][PASSED] - println(group): null

27-02-2025T17:29:42 - [TEST_STEP][PASSED] - if (group >= 0): null

27-02-2025T17:29:42 - [TEST_STEP][PASSED] - else: null

27-02-2025T17:29:42 - [TEST_STEP][PASSED] - if (include): null

27-02-2025T17:29:42 - [TEST_STEP][PASSED] - println(line): null

27-02-2025T17:29:42 - [TEST_STEP][PASSED] - comma = line.indexOf(",y"): null

27-02-2025T17:29:42 - [TEST_STEP][PASSED] - if (comma > 0): null

27-02-2025T17:29:42 - [TEST_STEP][PASSED] - line = reader.readLine(): null

27-02-2025T17:29:42 - [TEST_STEP][PASSED] - println(line): null

27-02-2025T17:29:42 - [TEST_STEP][PASSED] - group = line.indexOf("<Group>"): null

27-02-2025T17:29:42 - [TEST_STEP][PASSED] - println(group): null

27-02-2025T17:29:42 - [TEST_STEP][PASSED] - if (group >= 0): null

27-02-2025T17:29:42 - [TEST_STEP][PASSED] - else: null

27-02-2025T17:29:42 - [TEST_STEP][PASSED] - if (include): null

27-02-2025T17:29:42 - [TEST_STEP][PASSED] - println(line): null

27-02-2025T17:29:42 - [TEST_STEP][PASSED] - comma = line.indexOf(",y"): null

27-02-2025T17:29:42 - [TEST_STEP][PASSED] - if (comma > 0): null

27-02-2025T17:29:42 - [TEST_STEP][PASSED] - line = reader.readLine(): null

27-02-2025T17:29:42 - [TEST_STEP][PASSED] - println(line): null

27-02-2025T17:29:42 - [TEST_STEP][PASSED] - group = line.indexOf("<Group>"): null

27-02-2025T17:29:42 - [TEST_STEP][PASSED] - println(group): null

27-02-2025T17:29:42 - [TEST_STEP][PASSED] - if (group >= 0): null

27-02-2025T17:29:42 - [TEST_STEP][PASSED] - else: null

27-02-2025T17:29:42 - [TEST_STEP][PASSED] - if (include): null

27-02-2025T17:29:42 - [TEST_STEP][PASSED] - println(line): null

27-02-2025T17:29:42 - [TEST_STEP][PASSED] - comma = line.indexOf(",y"): null

27-02-2025T17:29:42 - [TEST_STEP][PASSED] - if (comma > 0): null

27-02-2025T17:29:42 - [TEST_STEP][PASSED] - commaCount = StringUtils.countMatches(line, ","): null

27-02-2025T17:29:42 - [TEST_STEP][PASSED] - if (commaCount > 1): null

27-02-2025T17:29:42 - [TEST_STEP][PASSED] - println("Mulitple Commas : " + line): null

27-02-2025T17:29:42 - [TEST_STEP][PASSED] - line = line.replace(""", ""): null

27-02-2025T17:29:42 - [TEST_STEP][PASSED] - label = line.substring(1, line.length() - 2): null

27-02-2025T17:29:42 - [TEST_STEP][PASSED] - println(label): null

27-02-2025T17:29:42 - [TEST_STEP][PASSED] - checked.add(label): null

27-02-2025T17:29:42 - [TEST_STEP][PASSED] - line = reader.readLine(): null

27-02-2025T17:29:42 - [TEST_STEP][PASSED] - println(line): null

27-02-2025T17:29:42 - [TEST_STEP][PASSED] - group = line.indexOf("<Group>"): null

27-02-2025T17:29:42 - [TEST_STEP][PASSED] - println(group): null

27-02-2025T17:29:42 - [TEST_STEP][PASSED] - if (group >= 0): null

27-02-2025T17:29:42 - [TEST_STEP][PASSED] - else: null

27-02-2025T17:29:42 - [TEST_STEP][PASSED] - if (include): null

27-02-2025T17:29:42 - [TEST_STEP][PASSED] - println(line): null

27-02-2025T17:29:42 - [TEST_STEP][PASSED] - comma = line.indexOf(",y"): null

27-02-2025T17:29:42 - [TEST_STEP][PASSED] - if (comma > 0): null

27-02-2025T17:29:42 - [TEST_STEP][PASSED] - line = reader.readLine(): null

27-02-2025T17:29:42 - [TEST_STEP][PASSED] - println(line): null

27-02-2025T17:29:42 - [TEST_STEP][PASSED] - group = line.indexOf("<Group>"): null

27-02-2025T17:29:42 - [TEST_STEP][PASSED] - println(group): null

27-02-2025T17:29:42 - [TEST_STEP][PASSED] - if (group >= 0): null

27-02-2025T17:29:42 - [TEST_STEP][PASSED] - else: null

27-02-2025T17:29:42 - [TEST_STEP][PASSED] - if (include): null

27-02-2025T17:29:42 - [TEST_STEP][PASSED] - println(line): null

27-02-2025T17:29:42 - [TEST_STEP][PASSED] - comma = line.indexOf(",y"): null

27-02-2025T17:29:42 - [TEST_STEP][PASSED] - if (comma > 0): null

27-02-2025T17:29:42 - [TEST_STEP][PASSED] - line = reader.readLine(): null

27-02-2025T17:29:42 - [TEST_STEP][PASSED] - println(line): null

27-02-2025T17:29:42 - [TEST_STEP][PASSED] - group = line.indexOf("<Group>"): null

27-02-2025T17:29:42 - [TEST_STEP][PASSED] - println(group): null

27-02-2025T17:29:42 - [TEST_STEP][PASSED] - if (group >= 0): null

27-02-2025T17:29:42 - [TEST_STEP][PASSED] - else: null

27-02-2025T17:29:42 - [TEST_STEP][PASSED] - if (include): null

27-02-2025T17:29:42 - [TEST_STEP][PASSED] - println(line): null

27-02-2025T17:29:42 - [TEST_STEP][PASSED] - comma = line.indexOf(",y"): null

27-02-2025T17:29:42 - [TEST_STEP][PASSED] - if (comma > 0): null

27-02-2025T17:29:42 - [TEST_STEP][PASSED] - commaCount = StringUtils.countMatches(line, ","): null

27-02-2025T17:29:42 - [TEST_STEP][PASSED] - if (commaCount > 1): null

27-02-2025T17:29:42 - [TEST_STEP][PASSED] - else: null

27-02-2025T17:29:42 - [TEST_STEP][PASSED] - label = line.substring(1, comma): null

27-02-2025T17:29:42 - [TEST_STEP][PASSED] - println(label): null

27-02-2025T17:29:42 - [TEST_STEP][PASSED] - checked.add(label): null

27-02-2025T17:29:42 - [TEST_STEP][PASSED] - line = reader.readLine(): null

27-02-2025T17:29:42 - [TEST_STEP][PASSED] - println(line): null

27-02-2025T17:29:42 - [TEST_STEP][PASSED] - group = line.indexOf("<Group>"): null

27-02-2025T17:29:42 - [TEST_STEP][PASSED] - println(group): null

27-02-2025T17:29:42 - [TEST_STEP][PASSED] - if (group >= 0): null

27-02-2025T17:29:42 - [TEST_STEP][PASSED] - else: null

27-02-2025T17:29:42 - [TEST_STEP][PASSED] - if (include): null

27-02-2025T17:29:42 - [TEST_STEP][PASSED] - println(line): null

27-02-2025T17:29:42 - [TEST_STEP][PASSED] - comma = line.indexOf(",y"): null

27-02-2025T17:29:42 - [TEST_STEP][PASSED] - if (comma > 0): null

27-02-2025T17:29:42 - [TEST_STEP][PASSED] - line = reader.readLine(): null

27-02-2025T17:29:42 - [TEST_STEP][PASSED] - println(line): null

27-02-2025T17:29:42 - [TEST_STEP][PASSED] - group = line.indexOf("<Group>"): null

27-02-2025T17:29:42 - [TEST_STEP][PASSED] - println(group): null

27-02-2025T17:29:42 - [TEST_STEP][PASSED] - if (group >= 0): null

27-02-2025T17:29:42 - [TEST_STEP][PASSED] - else: null

27-02-2025T17:29:42 - [TEST_STEP][PASSED] - if (include): null

27-02-2025T17:29:42 - [TEST_STEP][PASSED] - println(line): null

27-02-2025T17:29:42 - [TEST_STEP][PASSED] - comma = line.indexOf(",y"): null

27-02-2025T17:29:42 - [TEST_STEP][PASSED] - if (comma > 0): null

27-02-2025T17:29:42 - [TEST_STEP][PASSED] - line = reader.readLine(): null

27-02-2025T17:29:42 - [TEST_STEP][PASSED] - println(line): null

27-02-2025T17:29:42 - [TEST_STEP][PASSED] - group = line.indexOf("<Group>"): null

27-02-2025T17:29:42 - [TEST_STEP][PASSED] - println(group): null

27-02-2025T17:29:42 - [TEST_STEP][PASSED] - if (group >= 0): null

27-02-2025T17:29:42 - [TEST_STEP][PASSED] - else: null

27-02-2025T17:29:42 - [TEST_STEP][PASSED] - if (include): null

27-02-2025T17:29:42 - [TEST_STEP][PASSED] - println(line): null

27-02-2025T17:29:42 - [TEST_STEP][PASSED] - comma = line.indexOf(",y"): null

27-02-2025T17:29:42 - [TEST_STEP][PASSED] - if (comma > 0): null

27-02-2025T17:29:42 - [TEST_STEP][PASSED] - line = reader.readLine(): null

27-02-2025T17:29:42 - [TEST_STEP][PASSED] - println(line): null

27-02-2025T17:29:42 - [TEST_STEP][PASSED] - group = line.indexOf("<Group>"): null

27-02-2025T17:29:42 - [TEST_STEP][PASSED] - println(group): null

27-02-2025T17:29:42 - [TEST_STEP][PASSED] - if (group >= 0): null

27-02-2025T17:29:42 - [TEST_STEP][PASSED] - else: null

27-02-2025T17:29:42 - [TEST_STEP][PASSED] - if (include): null

27-02-2025T17:29:42 - [TEST_STEP][PASSED] - println(line): null

27-02-2025T17:29:42 - [TEST_STEP][PASSED] - comma = line.indexOf(",y"): null

27-02-2025T17:29:42 - [TEST_STEP][PASSED] - if (comma > 0): null

27-02-2025T17:29:42 - [TEST_STEP][PASSED] - line = reader.readLine(): null

27-02-2025T17:29:42 - [TEST_STEP][PASSED] - println(line): null

27-02-2025T17:29:42 - [TEST_STEP][PASSED] - group = line.indexOf("<Group>"): null

27-02-2025T17:29:42 - [TEST_STEP][PASSED] - println(group): null

27-02-2025T17:29:42 - [TEST_STEP][PASSED] - if (group >= 0): null

27-02-2025T17:29:42 - [TEST_STEP][PASSED] - else: null

27-02-2025T17:29:42 - [TEST_STEP][PASSED] - if (include): null

27-02-2025T17:29:42 - [TEST_STEP][PASSED] - println(line): null

27-02-2025T17:29:42 - [TEST_STEP][PASSED] - comma = line.indexOf(",y"): null

27-02-2025T17:29:42 - [TEST_STEP][PASSED] - if (comma > 0): null

27-02-2025T17:29:42 - [TEST_STEP][PASSED] - line = reader.readLine(): null

27-02-2025T17:29:42 - [TEST_STEP][PASSED] - println(line): null

27-02-2025T17:29:42 - [TEST_STEP][PASSED] - group = line.indexOf("<Group>"): null

27-02-2025T17:29:42 - [TEST_STEP][PASSED] - println(group): null

27-02-2025T17:29:42 - [TEST_STEP][PASSED] - if (group >= 0): null

27-02-2025T17:29:42 - [TEST_STEP][PASSED] - else: null

27-02-2025T17:29:42 - [TEST_STEP][PASSED] - if (include): null

27-02-2025T17:29:42 - [TEST_STEP][PASSED] - println(line): null

27-02-2025T17:29:42 - [TEST_STEP][PASSED] - comma = line.indexOf(",y"): null

27-02-2025T17:29:42 - [TEST_STEP][PASSED] - if (comma > 0): null

27-02-2025T17:29:42 - [TEST_STEP][PASSED] - line = reader.readLine(): null

27-02-2025T17:29:42 - [TEST_STEP][PASSED] - println(line): null

27-02-2025T17:29:42 - [TEST_STEP][PASSED] - group = line.indexOf("<Group>"): null

27-02-2025T17:29:42 - [TEST_STEP][PASSED] - println(group): null

27-02-2025T17:29:42 - [TEST_STEP][PASSED] - if (group >= 0): null

27-02-2025T17:29:42 - [TEST_STEP][PASSED] - else: null

27-02-2025T17:29:42 - [TEST_STEP][PASSED] - if (include): null

27-02-2025T17:29:42 - [TEST_STEP][PASSED] - println(line): null

27-02-2025T17:29:42 - [TEST_STEP][PASSED] - comma = line.indexOf(",y"): null

27-02-2025T17:29:42 - [TEST_STEP][PASSED] - if (comma > 0): null

27-02-2025T17:29:42 - [TEST_STEP][PASSED] - line = reader.readLine(): null

27-02-2025T17:29:42 - [TEST_STEP][PASSED] - println(line): null

27-02-2025T17:29:42 - [TEST_STEP][PASSED] - group = line.indexOf("<Group>"): null

27-02-2025T17:29:42 - [TEST_STEP][PASSED] - println(group): null

27-02-2025T17:29:42 - [TEST_STEP][PASSED] - if (group >= 0): null

27-02-2025T17:29:42 - [TEST_STEP][PASSED] - else: null

27-02-2025T17:29:42 - [TEST_STEP][PASSED] - if (include): null

27-02-2025T17:29:42 - [TEST_STEP][PASSED] - println(line): null

27-02-2025T17:29:42 - [TEST_STEP][PASSED] - comma = line.indexOf(",y"): null

27-02-2025T17:29:42 - [TEST_STEP][PASSED] - if (comma > 0): null

27-02-2025T17:29:42 - [TEST_STEP][PASSED] - line = reader.readLine(): null

27-02-2025T17:29:42 - [TEST_STEP][PASSED] - println(line): null

27-02-2025T17:29:42 - [TEST_STEP][PASSED] - group = line.indexOf("<Group>"): null

27-02-2025T17:29:42 - [TEST_STEP][PASSED] - println(group): null

27-02-2025T17:29:42 - [TEST_STEP][PASSED] - if (group >= 0): null

27-02-2025T17:29:42 - [TEST_STEP][PASSED] - else: null

27-02-2025T17:29:42 - [TEST_STEP][PASSED] - if (include): null

27-02-2025T17:29:42 - [TEST_STEP][PASSED] - println(line): null

27-02-2025T17:29:42 - [TEST_STEP][PASSED] - comma = line.indexOf(",y"): null

27-02-2025T17:29:42 - [TEST_STEP][PASSED] - if (comma > 0): null

27-02-2025T17:29:42 - [TEST_STEP][PASSED] - line = reader.readLine(): null

27-02-2025T17:29:42 - [TEST_STEP][PASSED] - println(line): null

27-02-2025T17:29:42 - [TEST_STEP][PASSED] - group = line.indexOf("<Group>"): null

27-02-2025T17:29:42 - [TEST_STEP][PASSED] - println(group): null

27-02-2025T17:29:42 - [TEST_STEP][PASSED] - if (group >= 0): null

27-02-2025T17:29:42 - [TEST_STEP][PASSED] - else: null

27-02-2025T17:29:42 - [TEST_STEP][PASSED] - if (include): null

27-02-2025T17:29:42 - [TEST_STEP][PASSED] - println(line): null

27-02-2025T17:29:42 - [TEST_STEP][PASSED] - comma = line.indexOf(",y"): null

27-02-2025T17:29:42 - [TEST_STEP][PASSED] - if (comma > 0): null

27-02-2025T17:29:42 - [TEST_STEP][PASSED] - line = reader.readLine(): null

27-02-2025T17:29:42 - [TEST_STEP][PASSED] - println(line): null

27-02-2025T17:29:42 - [TEST_STEP][PASSED] - group = line.indexOf("<Group>"): null

27-02-2025T17:29:42 - [TEST_STEP][PASSED] - println(group): null

27-02-2025T17:29:42 - [TEST_STEP][PASSED] - if (group >= 0): null

27-02-2025T17:29:42 - [TEST_STEP][PASSED] - else: null

27-02-2025T17:29:42 - [TEST_STEP][PASSED] - if (include): null

27-02-2025T17:29:42 - [TEST_STEP][PASSED] - println(line): null

27-02-2025T17:29:42 - [TEST_STEP][PASSED] - comma = line.indexOf(",y"): null

27-02-2025T17:29:42 - [TEST_STEP][PASSED] - if (comma > 0): null

27-02-2025T17:29:42 - [TEST_STEP][PASSED] - line = reader.readLine(): null

27-02-2025T17:29:42 - [TEST_STEP][PASSED] - println(line): null

27-02-2025T17:29:42 - [TEST_STEP][PASSED] - group = line.indexOf("<Group>"): null

27-02-2025T17:29:42 - [TEST_STEP][PASSED] - println(group): null

27-02-2025T17:29:42 - [TEST_STEP][PASSED] - if (group >= 0): null

27-02-2025T17:29:42 - [TEST_STEP][PASSED] - else: null

27-02-2025T17:29:42 - [TEST_STEP][PASSED] - if (include): null

27-02-2025T17:29:42 - [TEST_STEP][PASSED] - println(line): null

27-02-2025T17:29:42 - [TEST_STEP][PASSED] - comma = line.indexOf(",y"): null

27-02-2025T17:29:42 - [TEST_STEP][PASSED] - if (comma > 0): null

27-02-2025T17:29:42 - [TEST_STEP][PASSED] - line = reader.readLine(): null

27-02-2025T17:29:42 - [TEST_STEP][PASSED] - println(line): null

27-02-2025T17:29:42 - [TEST_STEP][PASSED] - group = line.indexOf("<Group>"): null

27-02-2025T17:29:42 - [TEST_STEP][PASSED] - println(group): null

27-02-2025T17:29:42 - [TEST_STEP][PASSED] - if (group >= 0): null

27-02-2025T17:29:42 - [TEST_STEP][PASSED] - else: null

27-02-2025T17:29:42 - [TEST_STEP][PASSED] - if (include): null

27-02-2025T17:29:42 - [TEST_STEP][PASSED] - println(line): null

27-02-2025T17:29:42 - [TEST_STEP][PASSED] - comma = line.indexOf(",y"): null

27-02-2025T17:29:42 - [TEST_STEP][PASSED] - if (comma > 0): null

27-02-2025T17:29:42 - [TEST_STEP][PASSED] - line = reader.readLine(): null

27-02-2025T17:29:42 - [TEST_STEP][PASSED] - println(line): null

27-02-2025T17:29:42 - [TEST_STEP][PASSED] - group = line.indexOf("<Group>"): null

27-02-2025T17:29:42 - [TEST_STEP][PASSED] - println(group): null

27-02-2025T17:29:42 - [TEST_STEP][PASSED] - if (group >= 0): null

27-02-2025T17:29:42 - [TEST_STEP][PASSED] - else: null

27-02-2025T17:29:42 - [TEST_STEP][PASSED] - if (include): null

27-02-2025T17:29:42 - [TEST_STEP][PASSED] - println(line): null

27-02-2025T17:29:42 - [TEST_STEP][PASSED] - comma = line.indexOf(",y"): null

27-02-2025T17:29:42 - [TEST_STEP][PASSED] - if (comma > 0): null

27-02-2025T17:29:42 - [TEST_STEP][PASSED] - line = reader.readLine(): null

27-02-2025T17:29:42 - [TEST_STEP][PASSED] - println(line): null

27-02-2025T17:29:42 - [TEST_STEP][PASSED] - group = line.indexOf("<Group>"): null

27-02-2025T17:29:42 - [TEST_STEP][PASSED] - println(group): null

27-02-2025T17:29:42 - [TEST_STEP][PASSED] - if (group >= 0): null

27-02-2025T17:29:42 - [TEST_STEP][PASSED] - else: null

27-02-2025T17:29:42 - [TEST_STEP][PASSED] - if (include): null

27-02-2025T17:29:42 - [TEST_STEP][PASSED] - println(line): null

27-02-2025T17:29:42 - [TEST_STEP][PASSED] - comma = line.indexOf(",y"): null

27-02-2025T17:29:42 - [TEST_STEP][PASSED] - if (comma > 0): null

27-02-2025T17:29:42 - [TEST_STEP][PASSED] - commaCount = StringUtils.countMatches(line, ","): null

27-02-2025T17:29:42 - [TEST_STEP][PASSED] - if (commaCount > 1): null

27-02-2025T17:29:42 - [TEST_STEP][PASSED] - else: null

27-02-2025T17:29:42 - [TEST_STEP][PASSED] - label = line.substring(1, comma): null

27-02-2025T17:29:42 - [TEST_STEP][PASSED] - println(label): null

27-02-2025T17:29:42 - [TEST_STEP][PASSED] - checked.add(label): null

27-02-2025T17:29:42 - [TEST_STEP][PASSED] - line = reader.readLine(): null

27-02-2025T17:29:42 - [TEST_STEP][PASSED] - println(line): null

27-02-2025T17:29:42 - [TEST_STEP][PASSED] - group = line.indexOf("<Group>"): null

27-02-2025T17:29:42 - [TEST_STEP][PASSED] - println(group): null

27-02-2025T17:29:42 - [TEST_STEP][PASSED] - if (group >= 0): null

27-02-2025T17:29:42 - [TEST_STEP][PASSED] - else: null

27-02-2025T17:29:42 - [TEST_STEP][PASSED] - if (include): null

27-02-2025T17:29:42 - [TEST_STEP][PASSED] - println(line): null

27-02-2025T17:29:42 - [TEST_STEP][PASSED] - comma = line.indexOf(",y"): null

27-02-2025T17:29:42 - [TEST_STEP][PASSED] - if (comma > 0): null

27-02-2025T17:29:42 - [TEST_STEP][PASSED] - line = reader.readLine(): null

27-02-2025T17:29:42 - [TEST_STEP][PASSED] - println(line): null

27-02-2025T17:29:42 - [TEST_STEP][PASSED] - group = line.indexOf("<Group>"): null

27-02-2025T17:29:42 - [TEST_STEP][PASSED] - println(group): null

27-02-2025T17:29:42 - [TEST_STEP][PASSED] - if (group >= 0): null

27-02-2025T17:29:42 - [TEST_STEP][PASSED] - else: null

27-02-2025T17:29:42 - [TEST_STEP][PASSED] - if (include): null

27-02-2025T17:29:42 - [TEST_STEP][PASSED] - println(line): null

27-02-2025T17:29:42 - [TEST_STEP][PASSED] - comma = line.indexOf(",y"): null

27-02-2025T17:29:42 - [TEST_STEP][PASSED] - if (comma > 0): null

27-02-2025T17:29:42 - [TEST_STEP][PASSED] - commaCount = StringUtils.countMatches(line, ","): null

27-02-2025T17:29:42 - [TEST_STEP][PASSED] - if (commaCount > 1): null

27-02-2025T17:29:42 - [TEST_STEP][PASSED] - else: null

27-02-2025T17:29:42 - [TEST_STEP][PASSED] - label = line.substring(1, comma): null

27-02-2025T17:29:42 - [TEST_STEP][PASSED] - println(label): null

27-02-2025T17:29:42 - [TEST_STEP][PASSED] - checked.add(label): null

27-02-2025T17:29:42 - [TEST_STEP][PASSED] - line = reader.readLine(): null

27-02-2025T17:29:42 - [TEST_STEP][PASSED] - println(line): null

27-02-2025T17:29:42 - [TEST_STEP][PASSED] - group = line.indexOf("<Group>"): null

27-02-2025T17:29:42 - [TEST_STEP][PASSED] - println(group): null

27-02-2025T17:29:42 - [TEST_STEP][PASSED] - if (group >= 0): null

27-02-2025T17:29:42 - [TEST_STEP][PASSED] - else: null

27-02-2025T17:29:42 - [TEST_STEP][PASSED] - if (include): null

27-02-2025T17:29:42 - [TEST_STEP][PASSED] - println(line): null

27-02-2025T17:29:42 - [TEST_STEP][PASSED] - comma = line.indexOf(",y"): null

27-02-2025T17:29:42 - [TEST_STEP][PASSED] - if (comma > 0): null

27-02-2025T17:29:42 - [TEST_STEP][PASSED] - commaCount = StringUtils.countMatches(line, ","): null

27-02-2025T17:29:42 - [TEST_STEP][PASSED] - if (commaCount > 1): null

27-02-2025T17:29:42 - [TEST_STEP][PASSED] - else: null

27-02-2025T17:29:42 - [TEST_STEP][PASSED] - label = line.substring(1, comma): null

27-02-2025T17:29:42 - [TEST_STEP][PASSED] - println(label): null

27-02-2025T17:29:42 - [TEST_STEP][PASSED] - checked.add(label): null

27-02-2025T17:29:42 - [TEST_STEP][PASSED] - line = reader.readLine(): null

27-02-2025T17:29:42 - [TEST_STEP][PASSED] - println(line): null

27-02-2025T17:29:42 - [TEST_STEP][PASSED] - group = line.indexOf("<Group>"): null

27-02-2025T17:29:42 - [TEST_STEP][PASSED] - println(group): null

27-02-2025T17:29:42 - [TEST_STEP][PASSED] - if (group >= 0): null

27-02-2025T17:29:42 - [TEST_STEP][PASSED] - else: null

27-02-2025T17:29:42 - [TEST_STEP][PASSED] - if (include): null

27-02-2025T17:29:42 - [TEST_STEP][PASSED] - println(line): null

27-02-2025T17:29:42 - [TEST_STEP][PASSED] - comma = line.indexOf(",y"): null

27-02-2025T17:29:42 - [TEST_STEP][PASSED] - if (comma > 0): null

27-02-2025T17:29:42 - [TEST_STEP][PASSED] - line = reader.readLine(): null

27-02-2025T17:29:42 - [TEST_STEP][PASSED] - println(line): null

27-02-2025T17:29:42 - [TEST_STEP][PASSED] - group = line.indexOf("<Group>"): null

27-02-2025T17:29:42 - [TEST_STEP][PASSED] - println(group): null

27-02-2025T17:29:42 - [TEST_STEP][PASSED] - if (group >= 0): null

27-02-2025T17:29:42 - [TEST_STEP][PASSED] - else: null

27-02-2025T17:29:42 - [TEST_STEP][PASSED] - if (include): null

27-02-2025T17:29:42 - [TEST_STEP][PASSED] - println(line): null

27-02-2025T17:29:42 - [TEST_STEP][PASSED] - comma = line.indexOf(",y"): null

27-02-2025T17:29:42 - [TEST_STEP][PASSED] - if (comma > 0): null

27-02-2025T17:29:42 - [TEST_STEP][PASSED] - commaCount = StringUtils.countMatches(line, ","): null

27-02-2025T17:29:42 - [TEST_STEP][PASSED] - if (commaCount > 1): null

27-02-2025T17:29:42 - [TEST_STEP][PASSED] - else: null

27-02-2025T17:29:42 - [TEST_STEP][PASSED] - label = line.substring(1, comma): null

27-02-2025T17:29:42 - [TEST_STEP][PASSED] - println(label): null

27-02-2025T17:29:42 - [TEST_STEP][PASSED] - checked.add(label): null

27-02-2025T17:29:42 - [TEST_STEP][PASSED] - line = reader.readLine(): null

27-02-2025T17:29:42 - [TEST_STEP][PASSED] - println(line): null

27-02-2025T17:29:42 - [TEST_STEP][PASSED] - group = line.indexOf("<Group>"): null

27-02-2025T17:29:42 - [TEST_STEP][PASSED] - println(group): null

27-02-2025T17:29:42 - [TEST_STEP][PASSED] - if (group >= 0): null

27-02-2025T17:29:42 - [TEST_STEP][PASSED] - else: null

27-02-2025T17:29:42 - [TEST_STEP][PASSED] - if (include): null

27-02-2025T17:29:42 - [TEST_STEP][PASSED] - println(line): null

27-02-2025T17:29:42 - [TEST_STEP][PASSED] - comma = line.indexOf(",y"): null

27-02-2025T17:29:42 - [TEST_STEP][PASSED] - if (comma > 0): null

27-02-2025T17:29:42 - [TEST_STEP][PASSED] - line = reader.readLine(): null

27-02-2025T17:29:42 - [TEST_STEP][PASSED] - println(line): null

27-02-2025T17:29:42 - [TEST_STEP][PASSED] - group = line.indexOf("<Group>"): null

27-02-2025T17:29:42 - [TEST_STEP][PASSED] - println(group): null

27-02-2025T17:29:42 - [TEST_STEP][PASSED] - if (group >= 0): null

27-02-2025T17:29:42 - [TEST_STEP][PASSED] - else: null

27-02-2025T17:29:42 - [TEST_STEP][PASSED] - if (include): null

27-02-2025T17:29:42 - [TEST_STEP][PASSED] - println(line): null

27-02-2025T17:29:42 - [TEST_STEP][PASSED] - comma = line.indexOf(",y"): null

27-02-2025T17:29:42 - [TEST_STEP][PASSED] - if (comma > 0): null

27-02-2025T17:29:42 - [TEST_STEP][PASSED] - line = reader.readLine(): null

27-02-2025T17:29:42 - [TEST_STEP][PASSED] - println(line): null

27-02-2025T17:29:42 - [TEST_STEP][PASSED] - group = line.indexOf("<Group>"): null

27-02-2025T17:29:42 - [TEST_STEP][PASSED] - println(group): null

27-02-2025T17:29:42 - [TEST_STEP][PASSED] - if (group >= 0): null

27-02-2025T17:29:42 - [TEST_STEP][PASSED] - else: null

27-02-2025T17:29:42 - [TEST_STEP][PASSED] - if (include): null

27-02-2025T17:29:42 - [TEST_STEP][PASSED] - println(line): null

27-02-2025T17:29:42 - [TEST_STEP][PASSED] - comma = line.indexOf(",y"): null

27-02-2025T17:29:42 - [TEST_STEP][PASSED] - if (comma > 0): null

27-02-2025T17:29:42 - [TEST_STEP][PASSED] - line = reader.readLine(): null

27-02-2025T17:29:42 - [TEST_STEP][PASSED] - println(line): null

27-02-2025T17:29:42 - [TEST_STEP][PASSED] - group = line.indexOf("<Group>"): null

27-02-2025T17:29:42 - [TEST_STEP][PASSED] - println(group): null

27-02-2025T17:29:42 - [TEST_STEP][PASSED] - if (group >= 0): null

27-02-2025T17:29:42 - [TEST_STEP][PASSED] - else: null

27-02-2025T17:29:42 - [TEST_STEP][PASSED] - if (include): null

27-02-2025T17:29:42 - [TEST_STEP][PASSED] - println(line): null

27-02-2025T17:29:42 - [TEST_STEP][PASSED] - comma = line.indexOf(",y"): null

27-02-2025T17:29:42 - [TEST_STEP][PASSED] - if (comma > 0): null

27-02-2025T17:29:42 - [TEST_STEP][PASSED] - line = reader.readLine(): null

27-02-2025T17:29:42 - [TEST_STEP][PASSED] - println(line): null

27-02-2025T17:29:42 - [TEST_STEP][PASSED] - group = line.indexOf("<Group>"): null

27-02-2025T17:29:42 - [TEST_STEP][PASSED] - println(group): null

27-02-2025T17:29:42 - [TEST_STEP][PASSED] - if (group >= 0): null

27-02-2025T17:29:42 - [TEST_STEP][PASSED] - else: null

27-02-2025T17:29:42 - [TEST_STEP][PASSED] - if (include): null

27-02-2025T17:29:42 - [TEST_STEP][PASSED] - println(line): null

27-02-2025T17:29:42 - [TEST_STEP][PASSED] - comma = line.indexOf(",y"): null

27-02-2025T17:29:42 - [TEST_STEP][PASSED] - if (comma > 0): null

27-02-2025T17:29:42 - [TEST_STEP][PASSED] - line = reader.readLine(): null

27-02-2025T17:29:42 - [TEST_STEP][PASSED] - println(line): null

27-02-2025T17:29:42 - [TEST_STEP][PASSED] - group = line.indexOf("<Group>"): null

27-02-2025T17:29:42 - [TEST_STEP][PASSED] - println(group): null

27-02-2025T17:29:42 - [TEST_STEP][PASSED] - if (group >= 0): null

27-02-2025T17:29:42 - [TEST_STEP][PASSED] - else: null

27-02-2025T17:29:42 - [TEST_STEP][PASSED] - if (include): null

27-02-2025T17:29:42 - [TEST_STEP][PASSED] - println(line): null

27-02-2025T17:29:42 - [TEST_STEP][PASSED] - comma = line.indexOf(",y"): null

27-02-2025T17:29:42 - [TEST_STEP][PASSED] - if (comma > 0): null

27-02-2025T17:29:42 - [TEST_STEP][PASSED] - line = reader.readLine(): null

27-02-2025T17:29:42 - [TEST_STEP][PASSED] - println(line): null

27-02-2025T17:29:42 - [TEST_STEP][PASSED] - group = line.indexOf("<Group>"): null

27-02-2025T17:29:42 - [TEST_STEP][PASSED] - println(group): null

27-02-2025T17:29:42 - [TEST_STEP][PASSED] - if (group >= 0): null

27-02-2025T17:29:42 - [TEST_STEP][PASSED] - else: null

27-02-2025T17:29:42 - [TEST_STEP][PASSED] - if (include): null

27-02-2025T17:29:42 - [TEST_STEP][PASSED] - println(line): null

27-02-2025T17:29:42 - [TEST_STEP][PASSED] - comma = line.indexOf(",y"): null

27-02-2025T17:29:42 - [TEST_STEP][PASSED] - if (comma > 0): null

27-02-2025T17:29:42 - [TEST_STEP][PASSED] - line = reader.readLine(): null

27-02-2025T17:29:42 - [TEST_STEP][PASSED] - println(line): null

27-02-2025T17:29:42 - [TEST_STEP][PASSED] - group = line.indexOf("<Group>"): null

27-02-2025T17:29:42 - [TEST_STEP][PASSED] - println(group): null

27-02-2025T17:29:42 - [TEST_STEP][PASSED] - if (group >= 0): null

27-02-2025T17:29:42 - [TEST_STEP][PASSED] - else: null

27-02-2025T17:29:42 - [TEST_STEP][PASSED] - if (include): null

27-02-2025T17:29:42 - [TEST_STEP][PASSED] - println(line): null

27-02-2025T17:29:42 - [TEST_STEP][PASSED] - comma = line.indexOf(",y"): null

27-02-2025T17:29:42 - [TEST_STEP][PASSED] - if (comma > 0): null

27-02-2025T17:29:42 - [TEST_STEP][PASSED] - line = reader.readLine(): null

27-02-2025T17:29:42 - [TEST_STEP][PASSED] - println(line): null

27-02-2025T17:29:42 - [TEST_STEP][PASSED] - group = line.indexOf("<Group>"): null

27-02-2025T17:29:42 - [TEST_STEP][PASSED] - println(group): null

27-02-2025T17:29:42 - [TEST_STEP][PASSED] - if (group >= 0): null

27-02-2025T17:29:42 - [TEST_STEP][PASSED] - else: null

27-02-2025T17:29:42 - [TEST_STEP][PASSED] - if (include): null

27-02-2025T17:29:42 - [TEST_STEP][PASSED] - println(line): null

27-02-2025T17:29:42 - [TEST_STEP][PASSED] - comma = line.indexOf(",y"): null

27-02-2025T17:29:42 - [TEST_STEP][PASSED] - if (comma > 0): null

27-02-2025T17:29:42 - [TEST_STEP][PASSED] - line = reader.readLine(): null

27-02-2025T17:29:42 - [TEST_STEP][PASSED] - println(line): null

27-02-2025T17:29:42 - [TEST_STEP][PASSED] - group = line.indexOf("<Group>"): null

27-02-2025T17:29:42 - [TEST_STEP][PASSED] - println(group): null

27-02-2025T17:29:42 - [TEST_STEP][PASSED] - if (group >= 0): null

27-02-2025T17:29:42 - [TEST_STEP][PASSED] - else: null

27-02-2025T17:29:42 - [TEST_STEP][PASSED] - if (include): null

27-02-2025T17:29:42 - [TEST_STEP][PASSED] - println(line): null

27-02-2025T17:29:42 - [TEST_STEP][PASSED] - comma = line.indexOf(",y"): null

27-02-2025T17:29:42 - [TEST_STEP][PASSED] - if (comma > 0): null

27-02-2025T17:29:42 - [TEST_STEP][PASSED] - line = reader.readLine(): null

27-02-2025T17:29:42 - [TEST_STEP][PASSED] - println(line): null

27-02-2025T17:29:42 - [TEST_STEP][PASSED] - group = line.indexOf("<Group>"): null

27-02-2025T17:29:42 - [TEST_STEP][PASSED] - println(group): null

27-02-2025T17:29:42 - [TEST_STEP][PASSED] - if (group >= 0): null

27-02-2025T17:29:42 - [TEST_STEP][PASSED] - else: null

27-02-2025T17:29:42 - [TEST_STEP][PASSED] - if (include): null

27-02-2025T17:29:42 - [TEST_STEP][PASSED] - println(line): null

27-02-2025T17:29:42 - [TEST_STEP][PASSED] - comma = line.indexOf(",y"): null

27-02-2025T17:29:42 - [TEST_STEP][PASSED] - if (comma > 0): null

27-02-2025T17:29:42 - [TEST_STEP][PASSED] - line = reader.readLine(): null

27-02-2025T17:29:42 - [TEST_STEP][PASSED] - println(line): null

27-02-2025T17:29:42 - [TEST_STEP][PASSED] - group = line.indexOf("<Group>"): null

27-02-2025T17:29:42 - [TEST_STEP][PASSED] - println(group): null

27-02-2025T17:29:42 - [TEST_STEP][PASSED] - if (group >= 0): null

27-02-2025T17:29:42 - [TEST_STEP][PASSED] - else: null

27-02-2025T17:29:42 - [TEST_STEP][PASSED] - if (include): null

27-02-2025T17:29:42 - [TEST_STEP][PASSED] - println(line): null

27-02-2025T17:29:42 - [TEST_STEP][PASSED] - comma = line.indexOf(",y"): null

27-02-2025T17:29:42 - [TEST_STEP][PASSED] - if (comma > 0): null

27-02-2025T17:29:42 - [TEST_STEP][PASSED] - line = reader.readLine(): null

27-02-2025T17:29:42 - [TEST_STEP][PASSED] - println(line): null

27-02-2025T17:29:42 - [TEST_STEP][PASSED] - group = line.indexOf("<Group>"): null

27-02-2025T17:29:42 - [TEST_STEP][PASSED] - println(group): null

27-02-2025T17:29:42 - [TEST_STEP][PASSED] - if (group >= 0): null

27-02-2025T17:29:42 - [TEST_STEP][PASSED] - else: null

27-02-2025T17:29:42 - [TEST_STEP][PASSED] - if (include): null

27-02-2025T17:29:42 - [TEST_STEP][PASSED] - println(line): null

27-02-2025T17:29:42 - [TEST_STEP][PASSED] - comma = line.indexOf(",y"): null

27-02-2025T17:29:42 - [TEST_STEP][PASSED] - if (comma > 0): null

27-02-2025T17:29:42 - [TEST_STEP][PASSED] - line = reader.readLine(): null

27-02-2025T17:29:42 - [TEST_STEP][PASSED] - println(line): null

27-02-2025T17:29:42 - [TEST_STEP][PASSED] - group = line.indexOf("<Group>"): null

27-02-2025T17:29:42 - [TEST_STEP][PASSED] - println(group): null

27-02-2025T17:29:42 - [TEST_STEP][PASSED] - if (group >= 0): null

27-02-2025T17:29:42 - [TEST_STEP][PASSED] - else: null

27-02-2025T17:29:42 - [TEST_STEP][PASSED] - if (include): null

27-02-2025T17:29:42 - [TEST_STEP][PASSED] - println(line): null

27-02-2025T17:29:42 - [TEST_STEP][PASSED] - comma = line.indexOf(",y"): null

27-02-2025T17:29:42 - [TEST_STEP][PASSED] - if (comma > 0): null

27-02-2025T17:29:42 - [TEST_STEP][PASSED] - line = reader.readLine(): null

27-02-2025T17:29:42 - [TEST_STEP][PASSED] - println(line): null

27-02-2025T17:29:42 - [TEST_STEP][PASSED] - group = line.indexOf("<Group>"): null

27-02-2025T17:29:42 - [TEST_STEP][PASSED] - println(group): null

27-02-2025T17:29:42 - [TEST_STEP][PASSED] - if (group >= 0): null

27-02-2025T17:29:42 - [TEST_STEP][PASSED] - else: null

27-02-2025T17:29:42 - [TEST_STEP][PASSED] - if (include): null

27-02-2025T17:29:42 - [TEST_STEP][PASSED] - println(line): null

27-02-2025T17:29:42 - [TEST_STEP][PASSED] - comma = line.indexOf(",y"): null

27-02-2025T17:29:42 - [TEST_STEP][PASSED] - if (comma > 0): null

27-02-2025T17:29:42 - [TEST_STEP][PASSED] - line = reader.readLine(): null

27-02-2025T17:29:42 - [TEST_STEP][PASSED] - println(line): null

27-02-2025T17:29:42 - [TEST_STEP][PASSED] - group = line.indexOf("<Group>"): null

27-02-2025T17:29:42 - [TEST_STEP][PASSED] - println(group): null

27-02-2025T17:29:42 - [TEST_STEP][PASSED] - if (group >= 0): null

27-02-2025T17:29:42 - [TEST_STEP][PASSED] - else: null

27-02-2025T17:29:42 - [TEST_STEP][PASSED] - if (include): null

27-02-2025T17:29:42 - [TEST_STEP][PASSED] - println(line): null

27-02-2025T17:29:42 - [TEST_STEP][PASSED] - comma = line.indexOf(",y"): null

27-02-2025T17:29:42 - [TEST_STEP][PASSED] - if (comma > 0): null

27-02-2025T17:29:42 - [TEST_STEP][PASSED] - line = reader.readLine(): null

27-02-2025T17:29:42 - [TEST_STEP][PASSED] - println(line): null

27-02-2025T17:29:42 - [TEST_STEP][PASSED] - group = line.indexOf("<Group>"): null

27-02-2025T17:29:42 - [TEST_STEP][PASSED] - println(group): null

27-02-2025T17:29:42 - [TEST_STEP][PASSED] - if (group >= 0): null

27-02-2025T17:29:42 - [TEST_STEP][PASSED] - else: null

27-02-2025T17:29:42 - [TEST_STEP][PASSED] - if (include): null

27-02-2025T17:29:42 - [TEST_STEP][PASSED] - println(line): null

27-02-2025T17:29:42 - [TEST_STEP][PASSED] - comma = line.indexOf(",y"): null

27-02-2025T17:29:42 - [TEST_STEP][PASSED] - if (comma > 0): null

27-02-2025T17:29:42 - [TEST_STEP][PASSED] - line = reader.readLine(): null

27-02-2025T17:29:42 - [TEST_STEP][PASSED] - println(line): null

27-02-2025T17:29:42 - [TEST_STEP][PASSED] - group = line.indexOf("<Group>"): null

27-02-2025T17:29:42 - [TEST_STEP][PASSED] - println(group): null

27-02-2025T17:29:42 - [TEST_STEP][PASSED] - if (group >= 0): null

27-02-2025T17:29:42 - [TEST_STEP][PASSED] - else: null

27-02-2025T17:29:42 - [TEST_STEP][PASSED] - if (include): null

27-02-2025T17:29:42 - [TEST_STEP][PASSED] - println(line): null

27-02-2025T17:29:42 - [TEST_STEP][PASSED] - comma = line.indexOf(",y"): null

27-02-2025T17:29:42 - [TEST_STEP][PASSED] - if (comma > 0): null

27-02-2025T17:29:42 - [TEST_STEP][PASSED] - line = reader.readLine(): null

27-02-2025T17:29:42 - [TEST_STEP][PASSED] - println(line): null

27-02-2025T17:29:42 - [TEST_STEP][PASSED] - group = line.indexOf("<Group>"): null

27-02-2025T17:29:42 - [TEST_STEP][PASSED] - println(group): null

27-02-2025T17:29:42 - [TEST_STEP][PASSED] - if (group >= 0): null

27-02-2025T17:29:42 - [TEST_STEP][PASSED] - else: null

27-02-2025T17:29:42 - [TEST_STEP][PASSED] - if (include): null

27-02-2025T17:29:42 - [TEST_STEP][PASSED] - println(line): null

27-02-2025T17:29:42 - [TEST_STEP][PASSED] - comma = line.indexOf(",y"): null

27-02-2025T17:29:42 - [TEST_STEP][PASSED] - if (comma > 0): null

27-02-2025T17:29:42 - [TEST_STEP][PASSED] - line = reader.readLine(): null

27-02-2025T17:29:42 - [TEST_STEP][PASSED] - println(line): null

27-02-2025T17:29:42 - [TEST_STEP][PASSED] - group = line.indexOf("<Group>"): null

27-02-2025T17:29:42 - [TEST_STEP][PASSED] - println(group): null

27-02-2025T17:29:42 - [TEST_STEP][PASSED] - if (group >= 0): null

27-02-2025T17:29:42 - [TEST_STEP][PASSED] - else: null

27-02-2025T17:29:42 - [TEST_STEP][PASSED] - if (include): null

27-02-2025T17:29:42 - [TEST_STEP][PASSED] - println(line): null

27-02-2025T17:29:42 - [TEST_STEP][PASSED] - comma = line.indexOf(",y"): null

27-02-2025T17:29:42 - [TEST_STEP][PASSED] - if (comma > 0): null

27-02-2025T17:29:42 - [TEST_STEP][PASSED] - line = reader.readLine(): null

27-02-2025T17:29:42 - [TEST_STEP][PASSED] - println(line): null

27-02-2025T17:29:42 - [TEST_STEP][PASSED] - group = line.indexOf("<Group>"): null

27-02-2025T17:29:42 - [TEST_STEP][PASSED] - println(group): null

27-02-2025T17:29:42 - [TEST_STEP][PASSED] - if (group >= 0): null

27-02-2025T17:29:42 - [TEST_STEP][PASSED] - else: null

27-02-2025T17:29:42 - [TEST_STEP][PASSED] - if (include): null

27-02-2025T17:29:42 - [TEST_STEP][PASSED] - println(line): null

27-02-2025T17:29:42 - [TEST_STEP][PASSED] - comma = line.indexOf(",y"): null

27-02-2025T17:29:42 - [TEST_STEP][PASSED] - if (comma > 0): null

27-02-2025T17:29:42 - [TEST_STEP][PASSED] - line = reader.readLine(): null

27-02-2025T17:29:42 - [TEST_STEP][PASSED] - println(line): null

27-02-2025T17:29:42 - [TEST_STEP][PASSED] - group = line.indexOf("<Group>"): null

27-02-2025T17:29:42 - [TEST_STEP][PASSED] - println(group): null

27-02-2025T17:29:42 - [TEST_STEP][PASSED] - if (group >= 0): null

27-02-2025T17:29:42 - [TEST_STEP][PASSED] - else: null

27-02-2025T17:29:42 - [TEST_STEP][PASSED] - if (include): null

27-02-2025T17:29:42 - [TEST_STEP][PASSED] - println(line): null

27-02-2025T17:29:42 - [TEST_STEP][PASSED] - comma = line.indexOf(",y"): null

27-02-2025T17:29:42 - [TEST_STEP][PASSED] - if (comma > 0): null

27-02-2025T17:29:42 - [TEST_STEP][PASSED] - line = reader.readLine(): null

27-02-2025T17:29:42 - [TEST_STEP][PASSED] - println(line): null

27-02-2025T17:29:42 - [TEST_STEP][PASSED] - group = line.indexOf("<Group>"): null

27-02-2025T17:29:42 - [TEST_STEP][PASSED] - println(group): null

27-02-2025T17:29:42 - [TEST_STEP][PASSED] - if (group >= 0): null

27-02-2025T17:29:42 - [TEST_STEP][PASSED] - else: null

27-02-2025T17:29:42 - [TEST_STEP][PASSED] - if (include): null

27-02-2025T17:29:42 - [TEST_STEP][PASSED] - println(line): null

27-02-2025T17:29:42 - [TEST_STEP][PASSED] - comma = line.indexOf(",y"): null

27-02-2025T17:29:42 - [TEST_STEP][PASSED] - if (comma > 0): null

27-02-2025T17:29:42 - [TEST_STEP][PASSED] - line = reader.readLine(): null

27-02-2025T17:29:42 - [TEST_STEP][PASSED] - println(line): null

27-02-2025T17:29:42 - [TEST_STEP][PASSED] - group = line.indexOf("<Group>"): null

27-02-2025T17:29:42 - [TEST_STEP][PASSED] - println(group): null

27-02-2025T17:29:42 - [TEST_STEP][PASSED] - if (group >= 0): null

27-02-2025T17:29:42 - [TEST_STEP][PASSED] - else: null

27-02-2025T17:29:42 - [TEST_STEP][PASSED] - if (include): null

27-02-2025T17:29:42 - [TEST_STEP][PASSED] - println(line): null

27-02-2025T17:29:42 - [TEST_STEP][PASSED] - comma = line.indexOf(",y"): null

27-02-2025T17:29:42 - [TEST_STEP][PASSED] - if (comma > 0): null

27-02-2025T17:29:42 - [TEST_STEP][PASSED] - line = reader.readLine(): null

27-02-2025T17:29:42 - [TEST_STEP][PASSED] - println(line): null

27-02-2025T17:29:42 - [TEST_STEP][PASSED] - group = line.indexOf("<Group>"): null

27-02-2025T17:29:42 - [TEST_STEP][PASSED] - println(group): null

27-02-2025T17:29:42 - [TEST_STEP][PASSED] - if (group >= 0): null

27-02-2025T17:29:42 - [TEST_STEP][PASSED] - else: null

27-02-2025T17:29:42 - [TEST_STEP][PASSED] - if (include): null

27-02-2025T17:29:42 - [TEST_STEP][PASSED] - println(line): null

27-02-2025T17:29:42 - [TEST_STEP][PASSED] - comma = line.indexOf(",y"): null

27-02-2025T17:29:42 - [TEST_STEP][PASSED] - if (comma > 0): null

27-02-2025T17:29:42 - [TEST_STEP][PASSED] - line = reader.readLine(): null

27-02-2025T17:29:42 - [TEST_STEP][PASSED] - println(line): null

27-02-2025T17:29:42 - [TEST_STEP][PASSED] - group = line.indexOf("<Group>"): null

27-02-2025T17:29:42 - [TEST_STEP][PASSED] - println(group): null

27-02-2025T17:29:42 - [TEST_STEP][PASSED] - if (group >= 0): null

27-02-2025T17:29:42 - [TEST_STEP][PASSED] - else: null

27-02-2025T17:29:42 - [TEST_STEP][PASSED] - if (include): null

27-02-2025T17:29:42 - [TEST_STEP][PASSED] - println(line): null

27-02-2025T17:29:42 - [TEST_STEP][PASSED] - comma = line.indexOf(",y"): null

27-02-2025T17:29:42 - [TEST_STEP][PASSED] - if (comma > 0): null

27-02-2025T17:29:42 - [TEST_STEP][PASSED] - line = reader.readLine(): null

27-02-2025T17:29:42 - [TEST_STEP][PASSED] - println(line): null

27-02-2025T17:29:42 - [TEST_STEP][PASSED] - group = line.indexOf("<Group>"): null

27-02-2025T17:29:42 - [TEST_STEP][PASSED] - println(group): null

27-02-2025T17:29:42 - [TEST_STEP][PASSED] - if (group >= 0): null

27-02-2025T17:29:42 - [TEST_STEP][PASSED] - else: null

27-02-2025T17:29:42 - [TEST_STEP][PASSED] - if (include): null

27-02-2025T17:29:42 - [TEST_STEP][PASSED] - println(line): null

27-02-2025T17:29:42 - [TEST_STEP][PASSED] - comma = line.indexOf(",y"): null

27-02-2025T17:29:42 - [TEST_STEP][PASSED] - if (comma > 0): null

27-02-2025T17:29:42 - [TEST_STEP][PASSED] - line = reader.readLine(): null

27-02-2025T17:29:42 - [TEST_STEP][PASSED] - println(line): null

27-02-2025T17:29:42 - [TEST_STEP][PASSED] - group = line.indexOf("<Group>"): null

27-02-2025T17:29:42 - [TEST_STEP][PASSED] - println(group): null

27-02-2025T17:29:42 - [TEST_STEP][PASSED] - if (group >= 0): null

27-02-2025T17:29:42 - [TEST_STEP][PASSED] - else: null

27-02-2025T17:29:42 - [TEST_STEP][PASSED] - if (include): null

27-02-2025T17:29:42 - [TEST_STEP][PASSED] - println(line): null

27-02-2025T17:29:42 - [TEST_STEP][PASSED] - comma = line.indexOf(",y"): null

27-02-2025T17:29:42 - [TEST_STEP][PASSED] - if (comma > 0): null

27-02-2025T17:29:42 - [TEST_STEP][PASSED] - line = reader.readLine(): null

27-02-2025T17:29:42 - [TEST_STEP][PASSED] - println(line): null

27-02-2025T17:29:42 - [TEST_STEP][PASSED] - group = line.indexOf("<Group>"): null

27-02-2025T17:29:42 - [TEST_STEP][PASSED] - println(group): null

27-02-2025T17:29:42 - [TEST_STEP][PASSED] - if (group >= 0): null

27-02-2025T17:29:42 - [TEST_STEP][PASSED] - else: null

27-02-2025T17:29:42 - [TEST_STEP][PASSED] - if (include): null

27-02-2025T17:29:42 - [TEST_STEP][PASSED] - println(line): null

27-02-2025T17:29:42 - [TEST_STEP][PASSED] - comma = line.indexOf(",y"): null

27-02-2025T17:29:42 - [TEST_STEP][PASSED] - if (comma > 0): null

27-02-2025T17:29:42 - [TEST_STEP][PASSED] - commaCount = StringUtils.countMatches(line, ","): null

27-02-2025T17:29:42 - [TEST_STEP][PASSED] - if (commaCount > 1): null

27-02-2025T17:29:42 - [TEST_STEP][PASSED] - else: null

27-02-2025T17:29:42 - [TEST_STEP][PASSED] - label = line.substring(1, comma): null

27-02-2025T17:29:42 - [TEST_STEP][PASSED] - println(label): null

27-02-2025T17:29:42 - [TEST_STEP][PASSED] - checked.add(label): null

27-02-2025T17:29:42 - [TEST_STEP][PASSED] - line = reader.readLine(): null

27-02-2025T17:29:42 - [TEST_STEP][PASSED] - println(line): null

27-02-2025T17:29:42 - [TEST_STEP][PASSED] - group = line.indexOf("<Group>"): null

27-02-2025T17:29:42 - [TEST_STEP][PASSED] - println(group): null

27-02-2025T17:29:42 - [TEST_STEP][PASSED] - if (group >= 0): null

27-02-2025T17:29:42 - [TEST_STEP][PASSED] - selections = line.substring(group + 7, line.length() - 1): null

27-02-2025T17:29:42 - [TEST_STEP][PASSED] - println(selections): null

27-02-2025T17:29:42 - [TEST_STEP][PASSED] - if (selections == varSelections): null

27-02-2025T17:29:42 - [TEST_STEP][PASSED] - else: null

27-02-2025T17:29:42 - [TEST_STEP][PASSED] - include = false: null

27-02-2025T17:29:42 - [TEST_STEP][PASSED] - line = reader.readLine(): null

27-02-2025T17:29:42 - [TEST_STEP][PASSED] - println(line): null

27-02-2025T17:29:42 - [TEST_STEP][PASSED] - group = line.indexOf("<Group>"): null

27-02-2025T17:29:42 - [TEST_STEP][PASSED] - println(group): null

27-02-2025T17:29:42 - [TEST_STEP][PASSED] - if (group >= 0): null

27-02-2025T17:29:42 - [TEST_STEP][PASSED] - else: null

27-02-2025T17:29:42 - [TEST_STEP][PASSED] - if (include): null

27-02-2025T17:29:42 - [TEST_STEP][PASSED] - line = reader.readLine(): null

27-02-2025T17:29:42 - [TEST_STEP][PASSED] - println(line): null

27-02-2025T17:29:42 - [TEST_STEP][PASSED] - group = line.indexOf("<Group>"): null

27-02-2025T17:29:42 - [TEST_STEP][PASSED] - println(group): null

27-02-2025T17:29:42 - [TEST_STEP][PASSED] - if (group >= 0): null

27-02-2025T17:29:42 - [TEST_STEP][PASSED] - else: null

27-02-2025T17:29:42 - [TEST_STEP][PASSED] - if (include): null

27-02-2025T17:29:42 - [TEST_STEP][PASSED] - line = reader.readLine(): null

27-02-2025T17:29:42 - [TEST_STEP][PASSED] - println(line): null

27-02-2025T17:29:42 - [TEST_STEP][PASSED] - group = line.indexOf("<Group>"): null

27-02-2025T17:29:42 - [TEST_STEP][PASSED] - println(group): null

27-02-2025T17:29:42 - [TEST_STEP][PASSED] - if (group >= 0): null

27-02-2025T17:29:42 - [TEST_STEP][PASSED] - else: null

27-02-2025T17:29:42 - [TEST_STEP][PASSED] - if (include): null

27-02-2025T17:29:42 - [TEST_STEP][PASSED] - line = reader.readLine(): null

27-02-2025T17:29:42 - [TEST_STEP][PASSED] - println(line): null

27-02-2025T17:29:42 - [TEST_STEP][PASSED] - group = line.indexOf("<Group>"): null

27-02-2025T17:29:42 - [TEST_STEP][PASSED] - println(group): null

27-02-2025T17:29:42 - [TEST_STEP][PASSED] - if (group >= 0): null

27-02-2025T17:29:42 - [TEST_STEP][PASSED] - else: null

27-02-2025T17:29:42 - [TEST_STEP][PASSED] - if (include): null

27-02-2025T17:29:42 - [TEST_STEP][PASSED] - line = reader.readLine(): null

27-02-2025T17:29:42 - [TEST_STEP][PASSED] - println(line): null

27-02-2025T17:29:42 - [TEST_STEP][PASSED] - group = line.indexOf("<Group>"): null

27-02-2025T17:29:42 - [TEST_STEP][PASSED] - println(group): null

27-02-2025T17:29:42 - [TEST_STEP][PASSED] - if (group >= 0): null

27-02-2025T17:29:42 - [TEST_STEP][PASSED] - else: null

27-02-2025T17:29:42 - [TEST_STEP][PASSED] - if (include): null

27-02-2025T17:29:42 - [TEST_STEP][PASSED] - line = reader.readLine(): null

27-02-2025T17:29:42 - [TEST_STEP][PASSED] - println(line): null

27-02-2025T17:29:42 - [TEST_STEP][PASSED] - group = line.indexOf("<Group>"): null

27-02-2025T17:29:42 - [TEST_STEP][PASSED] - println(group): null

27-02-2025T17:29:42 - [TEST_STEP][PASSED] - if (group >= 0): null

27-02-2025T17:29:42 - [TEST_STEP][PASSED] - else: null

27-02-2025T17:29:42 - [TEST_STEP][PASSED] - if (include): null

27-02-2025T17:29:42 - [TEST_STEP][PASSED] - line = reader.readLine(): null

27-02-2025T17:29:42 - [TEST_STEP][PASSED] - println(line): null

27-02-2025T17:29:42 - [TEST_STEP][PASSED] - group = line.indexOf("<Group>"): null

27-02-2025T17:29:42 - [TEST_STEP][PASSED] - println(group): null

27-02-2025T17:29:42 - [TEST_STEP][PASSED] - if (group >= 0): null

27-02-2025T17:29:42 - [TEST_STEP][PASSED] - else: null

27-02-2025T17:29:42 - [TEST_STEP][PASSED] - if (include): null

27-02-2025T17:29:42 - [TEST_STEP][PASSED] - line = reader.readLine(): null

27-02-2025T17:29:42 - [TEST_STEP][PASSED] - println(line): null

27-02-2025T17:29:42 - [TEST_STEP][PASSED] - group = line.indexOf("<Group>"): null

27-02-2025T17:29:42 - [TEST_STEP][PASSED] - println(group): null

27-02-2025T17:29:42 - [TEST_STEP][PASSED] - if (group >= 0): null

27-02-2025T17:29:42 - [TEST_STEP][PASSED] - else: null

27-02-2025T17:29:42 - [TEST_STEP][PASSED] - if (include): null

27-02-2025T17:29:42 - [TEST_STEP][PASSED] - line = reader.readLine(): null

27-02-2025T17:29:42 - [TEST_STEP][PASSED] - println(line): null

27-02-2025T17:29:42 - [TEST_STEP][PASSED] - group = line.indexOf("<Group>"): null

27-02-2025T17:29:42 - [TEST_STEP][PASSED] - println(group): null

27-02-2025T17:29:42 - [TEST_STEP][PASSED] - if (group >= 0): null

27-02-2025T17:29:42 - [TEST_STEP][PASSED] - else: null

27-02-2025T17:29:42 - [TEST_STEP][PASSED] - if (include): null

27-02-2025T17:29:42 - [TEST_STEP][PASSED] - line = reader.readLine(): null

27-02-2025T17:29:42 - [TEST_STEP][PASSED] - println(line): null

27-02-2025T17:29:42 - [TEST_STEP][PASSED] - group = line.indexOf("<Group>"): null

27-02-2025T17:29:42 - [TEST_STEP][PASSED] - println(group): null

27-02-2025T17:29:42 - [TEST_STEP][PASSED] - if (group >= 0): null

27-02-2025T17:29:42 - [TEST_STEP][PASSED] - else: null

27-02-2025T17:29:42 - [TEST_STEP][PASSED] - if (include): null

27-02-2025T17:29:42 - [TEST_STEP][PASSED] - line = reader.readLine(): null

27-02-2025T17:29:42 - [TEST_STEP][PASSED] - println(line): null

27-02-2025T17:29:42 - [TEST_STEP][PASSED] - group = line.indexOf("<Group>"): null

27-02-2025T17:29:42 - [TEST_STEP][PASSED] - println(group): null

27-02-2025T17:29:42 - [TEST_STEP][PASSED] - if (group >= 0): null

27-02-2025T17:29:42 - [TEST_STEP][PASSED] - else: null

27-02-2025T17:29:42 - [TEST_STEP][PASSED] - if (include): null

27-02-2025T17:29:42 - [TEST_STEP][PASSED] - line = reader.readLine(): null

27-02-2025T17:29:42 - [TEST_STEP][PASSED] - println(line): null

27-02-2025T17:29:42 - [TEST_STEP][PASSED] - group = line.indexOf("<Group>"): null

27-02-2025T17:29:42 - [TEST_STEP][PASSED] - println(group): null

27-02-2025T17:29:42 - [TEST_STEP][PASSED] - if (group >= 0): null

27-02-2025T17:29:42 - [TEST_STEP][PASSED] - else: null

27-02-2025T17:29:42 - [TEST_STEP][PASSED] - if (include): null

27-02-2025T17:29:42 - [TEST_STEP][PASSED] - line = reader.readLine(): null

27-02-2025T17:29:42 - [TEST_STEP][PASSED] - println(line): null

27-02-2025T17:29:42 - [TEST_STEP][PASSED] - group = line.indexOf("<Group>"): null

27-02-2025T17:29:42 - [TEST_STEP][PASSED] - println(group): null

27-02-2025T17:29:42 - [TEST_STEP][PASSED] - if (group >= 0): null

27-02-2025T17:29:42 - [TEST_STEP][PASSED] - else: null

27-02-2025T17:29:42 - [TEST_STEP][PASSED] - if (include): null

27-02-2025T17:29:42 - [TEST_STEP][PASSED] - line = reader.readLine(): null

27-02-2025T17:29:42 - [TEST_STEP][PASSED] - println(line): null

27-02-2025T17:29:42 - [TEST_STEP][PASSED] - group = line.indexOf("<Group>"): null

27-02-2025T17:29:42 - [TEST_STEP][PASSED] - println(group): null

27-02-2025T17:29:42 - [TEST_STEP][PASSED] - if (group >= 0): null

27-02-2025T17:29:42 - [TEST_STEP][PASSED] - else: null

27-02-2025T17:29:42 - [TEST_STEP][PASSED] - if (include): null

27-02-2025T17:29:42 - [TEST_STEP][PASSED] - line = reader.readLine(): null

27-02-2025T17:29:42 - [TEST_STEP][PASSED] - println(line): null

27-02-2025T17:29:42 - [TEST_STEP][PASSED] - group = line.indexOf("<Group>"): null

27-02-2025T17:29:42 - [TEST_STEP][PASSED] - println(group): null

27-02-2025T17:29:42 - [TEST_STEP][PASSED] - if (group >= 0): null

27-02-2025T17:29:42 - [TEST_STEP][PASSED] - else: null

27-02-2025T17:29:42 - [TEST_STEP][PASSED] - if (include): null

27-02-2025T17:29:42 - [TEST_STEP][PASSED] - line = reader.readLine(): null

27-02-2025T17:29:42 - [TEST_STEP][PASSED] - println(line): null

27-02-2025T17:29:42 - [TEST_STEP][PASSED] - group = line.indexOf("<Group>"): null

27-02-2025T17:29:42 - [TEST_STEP][PASSED] - println(group): null

27-02-2025T17:29:42 - [TEST_STEP][PASSED] - if (group >= 0): null

27-02-2025T17:29:42 - [TEST_STEP][PASSED] - else: null

27-02-2025T17:29:42 - [TEST_STEP][PASSED] - if (include): null

27-02-2025T17:29:42 - [TEST_STEP][PASSED] - line = reader.readLine(): null

27-02-2025T17:29:42 - [TEST_STEP][PASSED] - println(line): null

27-02-2025T17:29:42 - [TEST_STEP][PASSED] - group = line.indexOf("<Group>"): null

27-02-2025T17:29:42 - [TEST_STEP][PASSED] - println(group): null

27-02-2025T17:29:42 - [TEST_STEP][PASSED] - if (group >= 0): null

27-02-2025T17:29:42 - [TEST_STEP][PASSED] - else: null

27-02-2025T17:29:42 - [TEST_STEP][PASSED] - if (include): null

27-02-2025T17:29:42 - [TEST_STEP][PASSED] - line = reader.readLine(): null

27-02-2025T17:29:42 - [TEST_STEP][PASSED] - println(line): null

27-02-2025T17:29:42 - [TEST_STEP][PASSED] - group = line.indexOf("<Group>"): null

27-02-2025T17:29:42 - [TEST_STEP][PASSED] - println(group): null

27-02-2025T17:29:42 - [TEST_STEP][PASSED] - if (group >= 0): null

27-02-2025T17:29:42 - [TEST_STEP][PASSED] - else: null

27-02-2025T17:29:42 - [TEST_STEP][PASSED] - if (include): null

27-02-2025T17:29:42 - [TEST_STEP][PASSED] - line = reader.readLine(): null

27-02-2025T17:29:42 - [TEST_STEP][PASSED] - println(line): null

27-02-2025T17:29:42 - [TEST_STEP][PASSED] - group = line.indexOf("<Group>"): null

27-02-2025T17:29:42 - [TEST_STEP][PASSED] - println(group): null

27-02-2025T17:29:42 - [TEST_STEP][PASSED] - if (group >= 0): null

27-02-2025T17:29:42 - [TEST_STEP][PASSED] - else: null

27-02-2025T17:29:42 - [TEST_STEP][PASSED] - if (include): null

27-02-2025T17:29:42 - [TEST_STEP][PASSED] - line = reader.readLine(): null

27-02-2025T17:29:42 - [TEST_STEP][PASSED] - println(line): null

27-02-2025T17:29:42 - [TEST_STEP][PASSED] - group = line.indexOf("<Group>"): null

27-02-2025T17:29:42 - [TEST_STEP][PASSED] - println(group): null

27-02-2025T17:29:42 - [TEST_STEP][PASSED] - if (group >= 0): null

27-02-2025T17:29:42 - [TEST_STEP][PASSED] - else: null

27-02-2025T17:29:42 - [TEST_STEP][PASSED] - if (include): null

27-02-2025T17:29:42 - [TEST_STEP][PASSED] - line = reader.readLine(): null

27-02-2025T17:29:42 - [TEST_STEP][PASSED] - println(line): null

27-02-2025T17:29:42 - [TEST_STEP][PASSED] - group = line.indexOf("<Group>"): null

27-02-2025T17:29:42 - [TEST_STEP][PASSED] - println(group): null

27-02-2025T17:29:42 - [TEST_STEP][PASSED] - if (group >= 0): null

27-02-2025T17:29:42 - [TEST_STEP][PASSED] - else: null

27-02-2025T17:29:42 - [TEST_STEP][PASSED] - if (include): null

27-02-2025T17:29:42 - [TEST_STEP][PASSED] - line = reader.readLine(): null

27-02-2025T17:29:42 - [TEST_STEP][PASSED] - println(line): null

27-02-2025T17:29:42 - [TEST_STEP][PASSED] - group = line.indexOf("<Group>"): null

27-02-2025T17:29:42 - [TEST_STEP][PASSED] - println(group): null

27-02-2025T17:29:42 - [TEST_STEP][PASSED] - if (group >= 0): null

27-02-2025T17:29:42 - [TEST_STEP][PASSED] - else: null

27-02-2025T17:29:42 - [TEST_STEP][PASSED] - if (include): null

27-02-2025T17:29:42 - [TEST_STEP][PASSED] - line = reader.readLine(): null

27-02-2025T17:29:42 - [TEST_STEP][PASSED] - println(line): null

27-02-2025T17:29:42 - [TEST_STEP][PASSED] - group = line.indexOf("<Group>"): null

27-02-2025T17:29:42 - [TEST_STEP][PASSED] - println(group): null

27-02-2025T17:29:42 - [TEST_STEP][PASSED] - if (group >= 0): null

27-02-2025T17:29:42 - [TEST_STEP][PASSED] - else: null

27-02-2025T17:29:42 - [TEST_STEP][PASSED] - if (include): null

27-02-2025T17:29:42 - [TEST_STEP][PASSED] - line = reader.readLine(): null

27-02-2025T17:29:42 - [TEST_STEP][PASSED] - println(line): null

27-02-2025T17:29:42 - [TEST_STEP][PASSED] - group = line.indexOf("<Group>"): null

27-02-2025T17:29:42 - [TEST_STEP][PASSED] - println(group): null

27-02-2025T17:29:42 - [TEST_STEP][PASSED] - if (group >= 0): null

27-02-2025T17:29:42 - [TEST_STEP][PASSED] - else: null

27-02-2025T17:29:42 - [TEST_STEP][PASSED] - if (include): null

27-02-2025T17:29:42 - [TEST_STEP][PASSED] - line = reader.readLine(): null

27-02-2025T17:29:42 - [TEST_STEP][PASSED] - println(line): null

27-02-2025T17:29:42 - [TEST_STEP][PASSED] - group = line.indexOf("<Group>"): null

27-02-2025T17:29:42 - [TEST_STEP][PASSED] - println(group): null

27-02-2025T17:29:42 - [TEST_STEP][PASSED] - if (group >= 0): null

27-02-2025T17:29:42 - [TEST_STEP][PASSED] - else: null

27-02-2025T17:29:42 - [TEST_STEP][PASSED] - if (include): null

27-02-2025T17:29:42 - [TEST_STEP][PASSED] - line = reader.readLine(): null

27-02-2025T17:29:42 - [TEST_STEP][PASSED] - println(line): null

27-02-2025T17:29:42 - [TEST_STEP][PASSED] - group = line.indexOf("<Group>"): null

27-02-2025T17:29:42 - [TEST_STEP][PASSED] - println(group): null

27-02-2025T17:29:42 - [TEST_STEP][PASSED] - if (group >= 0): null

27-02-2025T17:29:42 - [TEST_STEP][PASSED] - else: null

27-02-2025T17:29:42 - [TEST_STEP][PASSED] - if (include): null

27-02-2025T17:29:42 - [TEST_STEP][PASSED] - line = reader.readLine(): null

27-02-2025T17:29:42 - [TEST_STEP][PASSED] - println(line): null

27-02-2025T17:29:42 - [TEST_STEP][PASSED] - group = line.indexOf("<Group>"): null

27-02-2025T17:29:42 - [TEST_STEP][PASSED] - println(group): null

27-02-2025T17:29:42 - [TEST_STEP][PASSED] - if (group >= 0): null

27-02-2025T17:29:42 - [TEST_STEP][PASSED] - else: null

27-02-2025T17:29:42 - [TEST_STEP][PASSED] - if (include): null

27-02-2025T17:29:42 - [TEST_STEP][PASSED] - line = reader.readLine(): null

27-02-2025T17:29:42 - [TEST_STEP][PASSED] - println(line): null

27-02-2025T17:29:42 - [TEST_STEP][PASSED] - group = line.indexOf("<Group>"): null

27-02-2025T17:29:42 - [TEST_STEP][PASSED] - println(group): null

27-02-2025T17:29:42 - [TEST_STEP][PASSED] - if (group >= 0): null

27-02-2025T17:29:42 - [TEST_STEP][PASSED] - else: null

27-02-2025T17:29:42 - [TEST_STEP][PASSED] - if (include): null

27-02-2025T17:29:42 - [TEST_STEP][PASSED] - line = reader.readLine(): null

27-02-2025T17:29:42 - [TEST_STEP][PASSED] - println(line): null

27-02-2025T17:29:42 - [TEST_STEP][PASSED] - group = line.indexOf("<Group>"): null

27-02-2025T17:29:42 - [TEST_STEP][PASSED] - println(group): null

27-02-2025T17:29:42 - [TEST_STEP][PASSED] - if (group >= 0): null

27-02-2025T17:29:42 - [TEST_STEP][PASSED] - else: null

27-02-2025T17:29:42 - [TEST_STEP][PASSED] - if (include): null

27-02-2025T17:29:42 - [TEST_STEP][PASSED] - line = reader.readLine(): null

27-02-2025T17:29:42 - [TEST_STEP][PASSED] - println(line): null

27-02-2025T17:29:42 - [TEST_STEP][PASSED] - group = line.indexOf("<Group>"): null

27-02-2025T17:29:42 - [TEST_STEP][PASSED] - println(group): null

27-02-2025T17:29:42 - [TEST_STEP][PASSED] - if (group >= 0): null

27-02-2025T17:29:42 - [TEST_STEP][PASSED] - else: null

27-02-2025T17:29:42 - [TEST_STEP][PASSED] - if (include): null

27-02-2025T17:29:42 - [TEST_STEP][PASSED] - line = reader.readLine(): null

27-02-2025T17:29:42 - [TEST_STEP][PASSED] - println(line): null

27-02-2025T17:29:42 - [TEST_STEP][PASSED] - group = line.indexOf("<Group>"): null

27-02-2025T17:29:42 - [TEST_STEP][PASSED] - println(group): null

27-02-2025T17:29:42 - [TEST_STEP][PASSED] - if (group >= 0): null

27-02-2025T17:29:42 - [TEST_STEP][PASSED] - else: null

27-02-2025T17:29:42 - [TEST_STEP][PASSED] - if (include): null

27-02-2025T17:29:42 - [TEST_STEP][PASSED] - line = reader.readLine(): null

27-02-2025T17:29:42 - [TEST_STEP][PASSED] - println(line): null

27-02-2025T17:29:42 - [TEST_STEP][PASSED] - group = line.indexOf("<Group>"): null

27-02-2025T17:29:42 - [TEST_STEP][PASSED] - println(group): null

27-02-2025T17:29:42 - [TEST_STEP][PASSED] - if (group >= 0): null

27-02-2025T17:29:42 - [TEST_STEP][PASSED] - else: null

27-02-2025T17:29:42 - [TEST_STEP][PASSED] - if (include): null

27-02-2025T17:29:42 - [TEST_STEP][PASSED] - line = reader.readLine(): null

27-02-2025T17:29:42 - [TEST_STEP][PASSED] - println(line): null

27-02-2025T17:29:42 - [TEST_STEP][PASSED] - group = line.indexOf("<Group>"): null

27-02-2025T17:29:42 - [TEST_STEP][PASSED] - println(group): null

27-02-2025T17:29:42 - [TEST_STEP][PASSED] - if (group >= 0): null

27-02-2025T17:29:42 - [TEST_STEP][PASSED] - else: null

27-02-2025T17:29:42 - [TEST_STEP][PASSED] - if (include): null

27-02-2025T17:29:42 - [TEST_STEP][PASSED] - line = reader.readLine(): null

27-02-2025T17:29:42 - [TEST_STEP][PASSED] - println(line): null

27-02-2025T17:29:42 - [TEST_STEP][PASSED] - group = line.indexOf("<Group>"): null

27-02-2025T17:29:42 - [TEST_STEP][PASSED] - println(group): null

27-02-2025T17:29:42 - [TEST_STEP][PASSED] - if (group >= 0): null

27-02-2025T17:29:42 - [TEST_STEP][PASSED] - else: null

27-02-2025T17:29:42 - [TEST_STEP][PASSED] - if (include): null

27-02-2025T17:29:42 - [TEST_STEP][PASSED] - line = reader.readLine(): null

27-02-2025T17:29:42 - [TEST_STEP][PASSED] - println(line): null

27-02-2025T17:29:42 - [TEST_STEP][PASSED] - group = line.indexOf("<Group>"): null

27-02-2025T17:29:42 - [TEST_STEP][PASSED] - println(group): null

27-02-2025T17:29:42 - [TEST_STEP][PASSED] - if (group >= 0): null

27-02-2025T17:29:43 - [TEST_STEP][PASSED] - else: null

27-02-2025T17:29:43 - [TEST_STEP][PASSED] - if (include): null

27-02-2025T17:29:43 - [TEST_STEP][PASSED] - line = reader.readLine(): null

27-02-2025T17:29:43 - [TEST_STEP][PASSED] - println(line): null

27-02-2025T17:29:43 - [TEST_STEP][PASSED] - group = line.indexOf("<Group>"): null

27-02-2025T17:29:43 - [TEST_STEP][PASSED] - println(group): null

27-02-2025T17:29:43 - [TEST_STEP][PASSED] - if (group >= 0): null

27-02-2025T17:29:43 - [TEST_STEP][PASSED] - else: null

27-02-2025T17:29:43 - [TEST_STEP][PASSED] - if (include): null

27-02-2025T17:29:43 - [TEST_STEP][PASSED] - line = reader.readLine(): null

27-02-2025T17:29:43 - [TEST_STEP][PASSED] - println(line): null

27-02-2025T17:29:43 - [TEST_STEP][PASSED] - group = line.indexOf("<Group>"): null

27-02-2025T17:29:43 - [TEST_STEP][PASSED] - println(group): null

27-02-2025T17:29:43 - [TEST_STEP][PASSED] - if (group >= 0): null

27-02-2025T17:29:43 - [TEST_STEP][PASSED] - else: null

27-02-2025T17:29:43 - [TEST_STEP][PASSED] - if (include): null

27-02-2025T17:29:43 - [TEST_STEP][PASSED] - line = reader.readLine(): null

27-02-2025T17:29:43 - [TEST_STEP][PASSED] - println(line): null

27-02-2025T17:29:43 - [TEST_STEP][PASSED] - group = line.indexOf("<Group>"): null

27-02-2025T17:29:43 - [TEST_STEP][PASSED] - println(group): null

27-02-2025T17:29:43 - [TEST_STEP][PASSED] - if (group >= 0): null

27-02-2025T17:29:43 - [TEST_STEP][PASSED] - else: null

27-02-2025T17:29:43 - [TEST_STEP][PASSED] - if (include): null

27-02-2025T17:29:43 - [TEST_STEP][PASSED] - line = reader.readLine(): null

27-02-2025T17:29:43 - [TEST_STEP][PASSED] - println(line): null

27-02-2025T17:29:43 - [TEST_STEP][PASSED] - group = line.indexOf("<Group>"): null

27-02-2025T17:29:43 - [TEST_STEP][PASSED] - println(group): null

27-02-2025T17:29:43 - [TEST_STEP][PASSED] - if (group >= 0): null

27-02-2025T17:29:43 - [TEST_STEP][PASSED] - else: null

27-02-2025T17:29:43 - [TEST_STEP][PASSED] - if (include): null

27-02-2025T17:29:43 - [TEST_STEP][PASSED] - line = reader.readLine(): null

27-02-2025T17:29:43 - [TEST_STEP][PASSED] - println(line): null

27-02-2025T17:29:43 - [TEST_STEP][PASSED] - group = line.indexOf("<Group>"): null

27-02-2025T17:29:43 - [TEST_STEP][PASSED] - println(group): null

27-02-2025T17:29:43 - [TEST_STEP][PASSED] - if (group >= 0): null

27-02-2025T17:29:43 - [TEST_STEP][PASSED] - else: null

27-02-2025T17:29:43 - [TEST_STEP][PASSED] - if (include): null

27-02-2025T17:29:43 - [TEST_STEP][PASSED] - line = reader.readLine(): null

27-02-2025T17:29:43 - [TEST_STEP][PASSED] - println(line): null

27-02-2025T17:29:43 - [TEST_STEP][PASSED] - group = line.indexOf("<Group>"): null

27-02-2025T17:29:43 - [TEST_STEP][PASSED] - println(group): null

27-02-2025T17:29:43 - [TEST_STEP][PASSED] - if (group >= 0): null

27-02-2025T17:29:43 - [TEST_STEP][PASSED] - else: null

27-02-2025T17:29:43 - [TEST_STEP][PASSED] - if (include): null

27-02-2025T17:29:43 - [TEST_STEP][PASSED] - line = reader.readLine(): null

27-02-2025T17:29:43 - [TEST_STEP][PASSED] - println(line): null

27-02-2025T17:29:43 - [TEST_STEP][PASSED] - group = line.indexOf("<Group>"): null

27-02-2025T17:29:43 - [TEST_STEP][PASSED] - println(group): null

27-02-2025T17:29:43 - [TEST_STEP][PASSED] - if (group >= 0): null

27-02-2025T17:29:43 - [TEST_STEP][PASSED] - else: null

27-02-2025T17:29:43 - [TEST_STEP][PASSED] - if (include): null

27-02-2025T17:29:43 - [TEST_STEP][PASSED] - line = reader.readLine(): null

27-02-2025T17:29:43 - [TEST_STEP][PASSED] - println(line): null

27-02-2025T17:29:43 - [TEST_STEP][PASSED] - group = line.indexOf("<Group>"): null

27-02-2025T17:29:43 - [TEST_STEP][PASSED] - println(group): null

27-02-2025T17:29:43 - [TEST_STEP][PASSED] - if (group >= 0): null

27-02-2025T17:29:43 - [TEST_STEP][PASSED] - else: null

27-02-2025T17:29:43 - [TEST_STEP][PASSED] - if (include): null

27-02-2025T17:29:43 - [TEST_STEP][PASSED] - line = reader.readLine(): null

27-02-2025T17:29:43 - [TEST_STEP][PASSED] - println(line): null

27-02-2025T17:29:43 - [TEST_STEP][PASSED] - group = line.indexOf("<Group>"): null

27-02-2025T17:29:43 - [TEST_STEP][PASSED] - println(group): null

27-02-2025T17:29:43 - [TEST_STEP][PASSED] - if (group >= 0): null

27-02-2025T17:29:43 - [TEST_STEP][PASSED] - else: null

27-02-2025T17:29:43 - [TEST_STEP][PASSED] - if (include): null

27-02-2025T17:29:43 - [TEST_STEP][PASSED] - line = reader.readLine(): null

27-02-2025T17:29:43 - [TEST_STEP][PASSED] - println(line): null

27-02-2025T17:29:43 - [TEST_STEP][PASSED] - group = line.indexOf("<Group>"): null

27-02-2025T17:29:43 - [TEST_STEP][PASSED] - println(group): null

27-02-2025T17:29:43 - [TEST_STEP][PASSED] - if (group >= 0): null

27-02-2025T17:29:43 - [TEST_STEP][PASSED] - else: null

27-02-2025T17:29:43 - [TEST_STEP][PASSED] - if (include): null

27-02-2025T17:29:43 - [TEST_STEP][PASSED] - line = reader.readLine(): null

27-02-2025T17:29:43 - [TEST_STEP][PASSED] - println(line): null

27-02-2025T17:29:43 - [TEST_STEP][PASSED] - group = line.indexOf("<Group>"): null

27-02-2025T17:29:43 - [TEST_STEP][PASSED] - println(group): null

27-02-2025T17:29:43 - [TEST_STEP][PASSED] - if (group >= 0): null

27-02-2025T17:29:43 - [TEST_STEP][PASSED] - else: null

27-02-2025T17:29:43 - [TEST_STEP][PASSED] - if (include): null

27-02-2025T17:29:43 - [TEST_STEP][PASSED] - line = reader.readLine(): null

27-02-2025T17:29:43 - [TEST_STEP][PASSED] - println(line): null

27-02-2025T17:29:43 - [TEST_STEP][PASSED] - group = line.indexOf("<Group>"): null

27-02-2025T17:29:43 - [TEST_STEP][PASSED] - println(group): null

27-02-2025T17:29:43 - [TEST_STEP][PASSED] - if (group >= 0): null

27-02-2025T17:29:43 - [TEST_STEP][PASSED] - else: null

27-02-2025T17:29:43 - [TEST_STEP][PASSED] - if (include): null

27-02-2025T17:29:43 - [TEST_STEP][PASSED] - line = reader.readLine(): null

27-02-2025T17:29:43 - [TEST_STEP][PASSED] - frame.dispose(): null

27-02-2025T17:29:43 - [TEST_STEP][PASSED] - reader.close(): null

27-02-2025T17:29:43 - [TEST_STEP][PASSED] - println(checked): null

27-02-2025T17:29:43 - [TEST_STEP][PASSED] - return checked: null

27-02-2025T17:29:43 - [MESSAGE][PASSED] - Call Test Case 'Test Cases/_Functions/Get Selections from CSV File' successfully

27-02-2025T17:29:43 - [TEST_STEP][PASSED] - experience_preferred = callTestCase(findTestCase("_Functions/Get Selections from CSV File"), ["varFileName":"Education Partner Forms/Positions Needed.csv", "varSelections":"Experience Preferred"], STOP_ON_FAILURE): Call Test Case 'Test Cases/_Functions/Get Selections from CSV File' successfully

27-02-2025T17:29:43 - [TEST_CASE][PASSED] - Test Cases/_Functions/Get Selections from CSV File: Test Cases/_Functions/Get Selections from CSV File

27-02-2025T17:29:43 - [TEST_STEP][PASSED] - if (fastPath): null

27-02-2025T17:29:43 - [TEST_STEP][PASSED] - reader = <not implemented yet for class: org.codehaus.groovy.ast.expr.EmptyExpression>: null

27-02-2025T17:29:43 - [TEST_STEP][PASSED] - checked = []: null

27-02-2025T17:29:43 - [TEST_STEP][PASSED] - reader = new java.io.BufferedReader(new java.io.FileReader((/Users/cckozie/git/MissionNext-Katalon-Koz/Data Files/ + varFileName))): null

27-02-2025T17:29:43 - [TEST_STEP][PASSED] - line = reader.readLine(): null

27-02-2025T17:29:43 - [TEST_STEP][PASSED] - include = false: null

27-02-2025T17:29:43 - [TEST_STEP][PASSED] - frame = new javax.swing.JFrame(): null

27-02-2025T17:29:43 - [TEST_STEP][PASSED] - p = new javax.swing.JPanel(): null

27-02-2025T17:29:43 - [TEST_STEP][PASSED] - l = new javax.swing.JLabel(Loading selections from file..., javax.swing.SwingConstants.CENTER): null

27-02-2025T17:29:43 - [TEST_STEP][PASSED] - frame.add(l): null

27-02-2025T17:29:43 - [TEST_STEP][PASSED] - frame.setSize(300, 100): null

27-02-2025T17:29:43 - [TEST_STEP][PASSED] - frame.setLocation(600, 0): null

27-02-2025T17:29:43 - [TEST_STEP][PASSED] - frame.setAlwaysOnTop(true): null

27-02-2025T17:29:43 - [TEST_STEP][PASSED] - frame.show(): null

27-02-2025T17:29:43 - [TEST_STEP][PASSED] - while (line != null): null

27-02-2025T17:29:43 - [TEST_STEP][PASSED] - println(line): null

27-02-2025T17:29:43 - [TEST_STEP][PASSED] - group = line.indexOf("<Group>"): null

27-02-2025T17:29:43 - [TEST_STEP][PASSED] - println(group): null

27-02-2025T17:29:43 - [TEST_STEP][PASSED] - if (group >= 0): null

27-02-2025T17:29:43 - [TEST_STEP][PASSED] - selections = line.substring(group + 7, line.length() - 1): null

27-02-2025T17:29:43 - [TEST_STEP][PASSED] - println(selections): null

27-02-2025T17:29:43 - [TEST_STEP][PASSED] - if (selections == varSelections): null

27-02-2025T17:29:43 - [TEST_STEP][PASSED] - else: null

27-02-2025T17:29:43 - [TEST_STEP][PASSED] - include = false: null

27-02-2025T17:29:43 - [TEST_STEP][PASSED] - line = reader.readLine(): null

27-02-2025T17:29:43 - [TEST_STEP][PASSED] - println(line): null

27-02-2025T17:29:43 - [TEST_STEP][PASSED] - group = line.indexOf("<Group>"): null

27-02-2025T17:29:43 - [TEST_STEP][PASSED] - println(group): null

27-02-2025T17:29:43 - [TEST_STEP][PASSED] - if (group >= 0): null

27-02-2025T17:29:43 - [TEST_STEP][PASSED] - else: null

27-02-2025T17:29:43 - [TEST_STEP][PASSED] - if (include): null

27-02-2025T17:29:43 - [TEST_STEP][PASSED] - line = reader.readLine(): null

27-02-2025T17:29:43 - [TEST_STEP][PASSED] - println(line): null

27-02-2025T17:29:43 - [TEST_STEP][PASSED] - group = line.indexOf("<Group>"): null

27-02-2025T17:29:43 - [TEST_STEP][PASSED] - println(group): null

27-02-2025T17:29:43 - [TEST_STEP][PASSED] - if (group >= 0): null

27-02-2025T17:29:43 - [TEST_STEP][PASSED] - else: null

27-02-2025T17:29:43 - [TEST_STEP][PASSED] - if (include): null

27-02-2025T17:29:43 - [TEST_STEP][PASSED] - line = reader.readLine(): null

27-02-2025T17:29:43 - [TEST_STEP][PASSED] - println(line): null

27-02-2025T17:29:43 - [TEST_STEP][PASSED] - group = line.indexOf("<Group>"): null

27-02-2025T17:29:43 - [TEST_STEP][PASSED] - println(group): null

27-02-2025T17:29:43 - [TEST_STEP][PASSED] - if (group >= 0): null

27-02-2025T17:29:43 - [TEST_STEP][PASSED] - else: null

27-02-2025T17:29:43 - [TEST_STEP][PASSED] - if (include): null

27-02-2025T17:29:43 - [TEST_STEP][PASSED] - line = reader.readLine(): null

27-02-2025T17:29:43 - [TEST_STEP][PASSED] - println(line): null

27-02-2025T17:29:43 - [TEST_STEP][PASSED] - group = line.indexOf("<Group>"): null

27-02-2025T17:29:43 - [TEST_STEP][PASSED] - println(group): null

27-02-2025T17:29:43 - [TEST_STEP][PASSED] - if (group >= 0): null

27-02-2025T17:29:43 - [TEST_STEP][PASSED] - else: null

27-02-2025T17:29:43 - [TEST_STEP][PASSED] - if (include): null

27-02-2025T17:29:43 - [TEST_STEP][PASSED] - line = reader.readLine(): null

27-02-2025T17:29:43 - [TEST_STEP][PASSED] - println(line): null

27-02-2025T17:29:43 - [TEST_STEP][PASSED] - group = line.indexOf("<Group>"): null

27-02-2025T17:29:43 - [TEST_STEP][PASSED] - println(group): null

27-02-2025T17:29:43 - [TEST_STEP][PASSED] - if (group >= 0): null

27-02-2025T17:29:43 - [TEST_STEP][PASSED] - else: null

27-02-2025T17:29:43 - [TEST_STEP][PASSED] - if (include): null

27-02-2025T17:29:43 - [TEST_STEP][PASSED] - line = reader.readLine(): null

27-02-2025T17:29:43 - [TEST_STEP][PASSED] - println(line): null

27-02-2025T17:29:43 - [TEST_STEP][PASSED] - group = line.indexOf("<Group>"): null

27-02-2025T17:29:43 - [TEST_STEP][PASSED] - println(group): null

27-02-2025T17:29:43 - [TEST_STEP][PASSED] - if (group >= 0): null

27-02-2025T17:29:43 - [TEST_STEP][PASSED] - else: null

27-02-2025T17:29:43 - [TEST_STEP][PASSED] - if (include): null

27-02-2025T17:29:43 - [TEST_STEP][PASSED] - line = reader.readLine(): null

27-02-2025T17:29:43 - [TEST_STEP][PASSED] - println(line): null

27-02-2025T17:29:43 - [TEST_STEP][PASSED] - group = line.indexOf("<Group>"): null

27-02-2025T17:29:43 - [TEST_STEP][PASSED] - println(group): null

27-02-2025T17:29:43 - [TEST_STEP][PASSED] - if (group >= 0): null

27-02-2025T17:29:43 - [TEST_STEP][PASSED] - else: null

27-02-2025T17:29:43 - [TEST_STEP][PASSED] - if (include): null

27-02-2025T17:29:43 - [TEST_STEP][PASSED] - line = reader.readLine(): null

27-02-2025T17:29:43 - [TEST_STEP][PASSED] - println(line): null

27-02-2025T17:29:43 - [TEST_STEP][PASSED] - group = line.indexOf("<Group>"): null

27-02-2025T17:29:43 - [TEST_STEP][PASSED] - println(group): null

27-02-2025T17:29:43 - [TEST_STEP][PASSED] - if (group >= 0): null

27-02-2025T17:29:43 - [TEST_STEP][PASSED] - else: null

27-02-2025T17:29:43 - [TEST_STEP][PASSED] - if (include): null

27-02-2025T17:29:43 - [TEST_STEP][PASSED] - line = reader.readLine(): null

27-02-2025T17:29:43 - [TEST_STEP][PASSED] - println(line): null

27-02-2025T17:29:43 - [TEST_STEP][PASSED] - group = line.indexOf("<Group>"): null

27-02-2025T17:29:43 - [TEST_STEP][PASSED] - println(group): null

27-02-2025T17:29:43 - [TEST_STEP][PASSED] - if (group >= 0): null

27-02-2025T17:29:43 - [TEST_STEP][PASSED] - else: null

27-02-2025T17:29:43 - [TEST_STEP][PASSED] - if (include): null

27-02-2025T17:29:43 - [TEST_STEP][PASSED] - line = reader.readLine(): null

27-02-2025T17:29:43 - [TEST_STEP][PASSED] - println(line): null

27-02-2025T17:29:43 - [TEST_STEP][PASSED] - group = line.indexOf("<Group>"): null

27-02-2025T17:29:43 - [TEST_STEP][PASSED] - println(group): null

27-02-2025T17:29:43 - [TEST_STEP][PASSED] - if (group >= 0): null

27-02-2025T17:29:43 - [TEST_STEP][PASSED] - else: null

27-02-2025T17:29:43 - [TEST_STEP][PASSED] - if (include): null

27-02-2025T17:29:43 - [TEST_STEP][PASSED] - line = reader.readLine(): null

27-02-2025T17:29:43 - [TEST_STEP][PASSED] - println(line): null

27-02-2025T17:29:43 - [TEST_STEP][PASSED] - group = line.indexOf("<Group>"): null

27-02-2025T17:29:43 - [TEST_STEP][PASSED] - println(group): null

27-02-2025T17:29:43 - [TEST_STEP][PASSED] - if (group >= 0): null

27-02-2025T17:29:43 - [TEST_STEP][PASSED] - else: null

27-02-2025T17:29:43 - [TEST_STEP][PASSED] - if (include): null

27-02-2025T17:29:43 - [TEST_STEP][PASSED] - line = reader.readLine(): null

27-02-2025T17:29:43 - [TEST_STEP][PASSED] - println(line): null

27-02-2025T17:29:43 - [TEST_STEP][PASSED] - group = line.indexOf("<Group>"): null

27-02-2025T17:29:43 - [TEST_STEP][PASSED] - println(group): null

27-02-2025T17:29:43 - [TEST_STEP][PASSED] - if (group >= 0): null

27-02-2025T17:29:43 - [TEST_STEP][PASSED] - else: null

27-02-2025T17:29:43 - [TEST_STEP][PASSED] - if (include): null

27-02-2025T17:29:43 - [TEST_STEP][PASSED] - line = reader.readLine(): null

27-02-2025T17:29:43 - [TEST_STEP][PASSED] - println(line): null

27-02-2025T17:29:43 - [TEST_STEP][PASSED] - group = line.indexOf("<Group>"): null

27-02-2025T17:29:43 - [TEST_STEP][PASSED] - println(group): null

27-02-2025T17:29:43 - [TEST_STEP][PASSED] - if (group >= 0): null

27-02-2025T17:29:43 - [TEST_STEP][PASSED] - else: null

27-02-2025T17:29:43 - [TEST_STEP][PASSED] - if (include): null

27-02-2025T17:29:43 - [TEST_STEP][PASSED] - line = reader.readLine(): null

27-02-2025T17:29:43 - [TEST_STEP][PASSED] - println(line): null

27-02-2025T17:29:43 - [TEST_STEP][PASSED] - group = line.indexOf("<Group>"): null

27-02-2025T17:29:43 - [TEST_STEP][PASSED] - println(group): null

27-02-2025T17:29:43 - [TEST_STEP][PASSED] - if (group >= 0): null

27-02-2025T17:29:43 - [TEST_STEP][PASSED] - else: null

27-02-2025T17:29:43 - [TEST_STEP][PASSED] - if (include): null

27-02-2025T17:29:43 - [TEST_STEP][PASSED] - line = reader.readLine(): null

27-02-2025T17:29:43 - [TEST_STEP][PASSED] - println(line): null

27-02-2025T17:29:43 - [TEST_STEP][PASSED] - group = line.indexOf("<Group>"): null

27-02-2025T17:29:43 - [TEST_STEP][PASSED] - println(group): null

27-02-2025T17:29:43 - [TEST_STEP][PASSED] - if (group >= 0): null

27-02-2025T17:29:43 - [TEST_STEP][PASSED] - else: null

27-02-2025T17:29:43 - [TEST_STEP][PASSED] - if (include): null

27-02-2025T17:29:43 - [TEST_STEP][PASSED] - line = reader.readLine(): null

27-02-2025T17:29:43 - [TEST_STEP][PASSED] - println(line): null

27-02-2025T17:29:43 - [TEST_STEP][PASSED] - group = line.indexOf("<Group>"): null

27-02-2025T17:29:43 - [TEST_STEP][PASSED] - println(group): null

27-02-2025T17:29:43 - [TEST_STEP][PASSED] - if (group >= 0): null

27-02-2025T17:29:43 - [TEST_STEP][PASSED] - else: null

27-02-2025T17:29:43 - [TEST_STEP][PASSED] - if (include): null

27-02-2025T17:29:43 - [TEST_STEP][PASSED] - line = reader.readLine(): null

27-02-2025T17:29:43 - [TEST_STEP][PASSED] - println(line): null

27-02-2025T17:29:43 - [TEST_STEP][PASSED] - group = line.indexOf("<Group>"): null

27-02-2025T17:29:43 - [TEST_STEP][PASSED] - println(group): null

27-02-2025T17:29:43 - [TEST_STEP][PASSED] - if (group >= 0): null

27-02-2025T17:29:43 - [TEST_STEP][PASSED] - else: null

27-02-2025T17:29:43 - [TEST_STEP][PASSED] - if (include): null

27-02-2025T17:29:43 - [TEST_STEP][PASSED] - line = reader.readLine(): null

27-02-2025T17:29:43 - [TEST_STEP][PASSED] - println(line): null

27-02-2025T17:29:43 - [TEST_STEP][PASSED] - group = line.indexOf("<Group>"): null

27-02-2025T17:29:43 - [TEST_STEP][PASSED] - println(group): null

27-02-2025T17:29:43 - [TEST_STEP][PASSED] - if (group >= 0): null

27-02-2025T17:29:43 - [TEST_STEP][PASSED] - else: null

27-02-2025T17:29:43 - [TEST_STEP][PASSED] - if (include): null

27-02-2025T17:29:43 - [TEST_STEP][PASSED] - line = reader.readLine(): null

27-02-2025T17:29:43 - [TEST_STEP][PASSED] - println(line): null

27-02-2025T17:29:43 - [TEST_STEP][PASSED] - group = line.indexOf("<Group>"): null

27-02-2025T17:29:43 - [TEST_STEP][PASSED] - println(group): null

27-02-2025T17:29:43 - [TEST_STEP][PASSED] - if (group >= 0): null

27-02-2025T17:29:43 - [TEST_STEP][PASSED] - else: null

27-02-2025T17:29:43 - [TEST_STEP][PASSED] - if (include): null

27-02-2025T17:29:43 - [TEST_STEP][PASSED] - line = reader.readLine(): null

27-02-2025T17:29:43 - [TEST_STEP][PASSED] - println(line): null

27-02-2025T17:29:43 - [TEST_STEP][PASSED] - group = line.indexOf("<Group>"): null

27-02-2025T17:29:43 - [TEST_STEP][PASSED] - println(group): null

27-02-2025T17:29:43 - [TEST_STEP][PASSED] - if (group >= 0): null

27-02-2025T17:29:43 - [TEST_STEP][PASSED] - else: null

27-02-2025T17:29:43 - [TEST_STEP][PASSED] - if (include): null

27-02-2025T17:29:43 - [TEST_STEP][PASSED] - line = reader.readLine(): null

27-02-2025T17:29:43 - [TEST_STEP][PASSED] - println(line): null

27-02-2025T17:29:43 - [TEST_STEP][PASSED] - group = line.indexOf("<Group>"): null

27-02-2025T17:29:43 - [TEST_STEP][PASSED] - println(group): null

27-02-2025T17:29:43 - [TEST_STEP][PASSED] - if (group >= 0): null

27-02-2025T17:29:43 - [TEST_STEP][PASSED] - else: null

27-02-2025T17:29:43 - [TEST_STEP][PASSED] - if (include): null

27-02-2025T17:29:43 - [TEST_STEP][PASSED] - line = reader.readLine(): null

27-02-2025T17:29:43 - [TEST_STEP][PASSED] - println(line): null

27-02-2025T17:29:43 - [TEST_STEP][PASSED] - group = line.indexOf("<Group>"): null

27-02-2025T17:29:43 - [TEST_STEP][PASSED] - println(group): null

27-02-2025T17:29:43 - [TEST_STEP][PASSED] - if (group >= 0): null

27-02-2025T17:29:43 - [TEST_STEP][PASSED] - else: null

27-02-2025T17:29:43 - [TEST_STEP][PASSED] - if (include): null

27-02-2025T17:29:43 - [TEST_STEP][PASSED] - line = reader.readLine(): null

27-02-2025T17:29:43 - [TEST_STEP][PASSED] - println(line): null

27-02-2025T17:29:43 - [TEST_STEP][PASSED] - group = line.indexOf("<Group>"): null

27-02-2025T17:29:43 - [TEST_STEP][PASSED] - println(group): null

27-02-2025T17:29:43 - [TEST_STEP][PASSED] - if (group >= 0): null

27-02-2025T17:29:43 - [TEST_STEP][PASSED] - else: null

27-02-2025T17:29:43 - [TEST_STEP][PASSED] - if (include): null

27-02-2025T17:29:43 - [TEST_STEP][PASSED] - line = reader.readLine(): null

27-02-2025T17:29:43 - [TEST_STEP][PASSED] - println(line): null

27-02-2025T17:29:43 - [TEST_STEP][PASSED] - group = line.indexOf("<Group>"): null

27-02-2025T17:29:43 - [TEST_STEP][PASSED] - println(group): null

27-02-2025T17:29:43 - [TEST_STEP][PASSED] - if (group >= 0): null

27-02-2025T17:29:43 - [TEST_STEP][PASSED] - else: null

27-02-2025T17:29:43 - [TEST_STEP][PASSED] - if (include): null

27-02-2025T17:29:43 - [TEST_STEP][PASSED] - line = reader.readLine(): null

27-02-2025T17:29:43 - [TEST_STEP][PASSED] - println(line): null

27-02-2025T17:29:43 - [TEST_STEP][PASSED] - group = line.indexOf("<Group>"): null

27-02-2025T17:29:43 - [TEST_STEP][PASSED] - println(group): null

27-02-2025T17:29:43 - [TEST_STEP][PASSED] - if (group >= 0): null

27-02-2025T17:29:43 - [TEST_STEP][PASSED] - else: null

27-02-2025T17:29:43 - [TEST_STEP][PASSED] - if (include): null

27-02-2025T17:29:43 - [TEST_STEP][PASSED] - line = reader.readLine(): null

27-02-2025T17:29:43 - [TEST_STEP][PASSED] - println(line): null

27-02-2025T17:29:43 - [TEST_STEP][PASSED] - group = line.indexOf("<Group>"): null

27-02-2025T17:29:43 - [TEST_STEP][PASSED] - println(group): null

27-02-2025T17:29:43 - [TEST_STEP][PASSED] - if (group >= 0): null

27-02-2025T17:29:43 - [TEST_STEP][PASSED] - else: null

27-02-2025T17:29:43 - [TEST_STEP][PASSED] - if (include): null

27-02-2025T17:29:43 - [TEST_STEP][PASSED] - line = reader.readLine(): null

27-02-2025T17:29:43 - [TEST_STEP][PASSED] - println(line): null

27-02-2025T17:29:43 - [TEST_STEP][PASSED] - group = line.indexOf("<Group>"): null

27-02-2025T17:29:43 - [TEST_STEP][PASSED] - println(group): null

27-02-2025T17:29:43 - [TEST_STEP][PASSED] - if (group >= 0): null

27-02-2025T17:29:43 - [TEST_STEP][PASSED] - else: null

27-02-2025T17:29:43 - [TEST_STEP][PASSED] - if (include): null

27-02-2025T17:29:43 - [TEST_STEP][PASSED] - line = reader.readLine(): null

27-02-2025T17:29:43 - [TEST_STEP][PASSED] - println(line): null

27-02-2025T17:29:43 - [TEST_STEP][PASSED] - group = line.indexOf("<Group>"): null

27-02-2025T17:29:43 - [TEST_STEP][PASSED] - println(group): null

27-02-2025T17:29:43 - [TEST_STEP][PASSED] - if (group >= 0): null

27-02-2025T17:29:43 - [TEST_STEP][PASSED] - else: null

27-02-2025T17:29:43 - [TEST_STEP][PASSED] - if (include): null

27-02-2025T17:29:43 - [TEST_STEP][PASSED] - line = reader.readLine(): null

27-02-2025T17:29:43 - [TEST_STEP][PASSED] - println(line): null

27-02-2025T17:29:43 - [TEST_STEP][PASSED] - group = line.indexOf("<Group>"): null

27-02-2025T17:29:43 - [TEST_STEP][PASSED] - println(group): null

27-02-2025T17:29:43 - [TEST_STEP][PASSED] - if (group >= 0): null

27-02-2025T17:29:43 - [TEST_STEP][PASSED] - else: null

27-02-2025T17:29:43 - [TEST_STEP][PASSED] - if (include): null

27-02-2025T17:29:43 - [TEST_STEP][PASSED] - line = reader.readLine(): null

27-02-2025T17:29:43 - [TEST_STEP][PASSED] - println(line): null

27-02-2025T17:29:43 - [TEST_STEP][PASSED] - group = line.indexOf("<Group>"): null

27-02-2025T17:29:43 - [TEST_STEP][PASSED] - println(group): null

27-02-2025T17:29:43 - [TEST_STEP][PASSED] - if (group >= 0): null

27-02-2025T17:29:43 - [TEST_STEP][PASSED] - else: null

27-02-2025T17:29:43 - [TEST_STEP][PASSED] - if (include): null

27-02-2025T17:29:43 - [TEST_STEP][PASSED] - line = reader.readLine(): null

27-02-2025T17:29:43 - [TEST_STEP][PASSED] - println(line): null

27-02-2025T17:29:43 - [TEST_STEP][PASSED] - group = line.indexOf("<Group>"): null

27-02-2025T17:29:43 - [TEST_STEP][PASSED] - println(group): null

27-02-2025T17:29:43 - [TEST_STEP][PASSED] - if (group >= 0): null

27-02-2025T17:29:43 - [TEST_STEP][PASSED] - else: null

27-02-2025T17:29:43 - [TEST_STEP][PASSED] - if (include): null

27-02-2025T17:29:43 - [TEST_STEP][PASSED] - line = reader.readLine(): null

27-02-2025T17:29:43 - [TEST_STEP][PASSED] - println(line): null

27-02-2025T17:29:43 - [TEST_STEP][PASSED] - group = line.indexOf("<Group>"): null

27-02-2025T17:29:43 - [TEST_STEP][PASSED] - println(group): null

27-02-2025T17:29:43 - [TEST_STEP][PASSED] - if (group >= 0): null

27-02-2025T17:29:43 - [TEST_STEP][PASSED] - else: null

27-02-2025T17:29:43 - [TEST_STEP][PASSED] - if (include): null

27-02-2025T17:29:43 - [TEST_STEP][PASSED] - line = reader.readLine(): null

27-02-2025T17:29:43 - [TEST_STEP][PASSED] - println(line): null

27-02-2025T17:29:43 - [TEST_STEP][PASSED] - group = line.indexOf("<Group>"): null

27-02-2025T17:29:43 - [TEST_STEP][PASSED] - println(group): null

27-02-2025T17:29:43 - [TEST_STEP][PASSED] - if (group >= 0): null

27-02-2025T17:29:43 - [TEST_STEP][PASSED] - else: null

27-02-2025T17:29:43 - [TEST_STEP][PASSED] - if (include): null

27-02-2025T17:29:43 - [TEST_STEP][PASSED] - line = reader.readLine(): null

27-02-2025T17:29:43 - [TEST_STEP][PASSED] - println(line): null

27-02-2025T17:29:43 - [TEST_STEP][PASSED] - group = line.indexOf("<Group>"): null

27-02-2025T17:29:43 - [TEST_STEP][PASSED] - println(group): null

27-02-2025T17:29:43 - [TEST_STEP][PASSED] - if (group >= 0): null

27-02-2025T17:29:43 - [TEST_STEP][PASSED] - else: null

27-02-2025T17:29:43 - [TEST_STEP][PASSED] - if (include): null

27-02-2025T17:29:43 - [TEST_STEP][PASSED] - line = reader.readLine(): null

27-02-2025T17:29:43 - [TEST_STEP][PASSED] - println(line): null

27-02-2025T17:29:43 - [TEST_STEP][PASSED] - group = line.indexOf("<Group>"): null

27-02-2025T17:29:43 - [TEST_STEP][PASSED] - println(group): null

27-02-2025T17:29:43 - [TEST_STEP][PASSED] - if (group >= 0): null

27-02-2025T17:29:43 - [TEST_STEP][PASSED] - else: null

27-02-2025T17:29:43 - [TEST_STEP][PASSED] - if (include): null

27-02-2025T17:29:43 - [TEST_STEP][PASSED] - line = reader.readLine(): null

27-02-2025T17:29:43 - [TEST_STEP][PASSED] - println(line): null

27-02-2025T17:29:43 - [TEST_STEP][PASSED] - group = line.indexOf("<Group>"): null

27-02-2025T17:29:43 - [TEST_STEP][PASSED] - println(group): null

27-02-2025T17:29:43 - [TEST_STEP][PASSED] - if (group >= 0): null

27-02-2025T17:29:43 - [TEST_STEP][PASSED] - else: null

27-02-2025T17:29:43 - [TEST_STEP][PASSED] - if (include): null

27-02-2025T17:29:43 - [TEST_STEP][PASSED] - line = reader.readLine(): null

27-02-2025T17:29:43 - [TEST_STEP][PASSED] - println(line): null

27-02-2025T17:29:43 - [TEST_STEP][PASSED] - group = line.indexOf("<Group>"): null

27-02-2025T17:29:43 - [TEST_STEP][PASSED] - println(group): null

27-02-2025T17:29:43 - [TEST_STEP][PASSED] - if (group >= 0): null

27-02-2025T17:29:43 - [TEST_STEP][PASSED] - else: null

27-02-2025T17:29:43 - [TEST_STEP][PASSED] - if (include): null

27-02-2025T17:29:43 - [TEST_STEP][PASSED] - line = reader.readLine(): null

27-02-2025T17:29:43 - [TEST_STEP][PASSED] - println(line): null

27-02-2025T17:29:43 - [TEST_STEP][PASSED] - group = line.indexOf("<Group>"): null

27-02-2025T17:29:43 - [TEST_STEP][PASSED] - println(group): null

27-02-2025T17:29:43 - [TEST_STEP][PASSED] - if (group >= 0): null

27-02-2025T17:29:43 - [TEST_STEP][PASSED] - else: null

27-02-2025T17:29:43 - [TEST_STEP][PASSED] - if (include): null

27-02-2025T17:29:43 - [TEST_STEP][PASSED] - line = reader.readLine(): null

27-02-2025T17:29:43 - [TEST_STEP][PASSED] - println(line): null

27-02-2025T17:29:43 - [TEST_STEP][PASSED] - group = line.indexOf("<Group>"): null

27-02-2025T17:29:43 - [TEST_STEP][PASSED] - println(group): null

27-02-2025T17:29:43 - [TEST_STEP][PASSED] - if (group >= 0): null

27-02-2025T17:29:43 - [TEST_STEP][PASSED] - else: null

27-02-2025T17:29:43 - [TEST_STEP][PASSED] - if (include): null

27-02-2025T17:29:43 - [TEST_STEP][PASSED] - line = reader.readLine(): null

27-02-2025T17:29:43 - [TEST_STEP][PASSED] - println(line): null

27-02-2025T17:29:43 - [TEST_STEP][PASSED] - group = line.indexOf("<Group>"): null

27-02-2025T17:29:43 - [TEST_STEP][PASSED] - println(group): null

27-02-2025T17:29:43 - [TEST_STEP][PASSED] - if (group >= 0): null

27-02-2025T17:29:43 - [TEST_STEP][PASSED] - else: null

27-02-2025T17:29:43 - [TEST_STEP][PASSED] - if (include): null

27-02-2025T17:29:43 - [TEST_STEP][PASSED] - line = reader.readLine(): null

27-02-2025T17:29:43 - [TEST_STEP][PASSED] - println(line): null

27-02-2025T17:29:43 - [TEST_STEP][PASSED] - group = line.indexOf("<Group>"): null

27-02-2025T17:29:43 - [TEST_STEP][PASSED] - println(group): null

27-02-2025T17:29:43 - [TEST_STEP][PASSED] - if (group >= 0): null

27-02-2025T17:29:43 - [TEST_STEP][PASSED] - else: null

27-02-2025T17:29:43 - [TEST_STEP][PASSED] - if (include): null

27-02-2025T17:29:43 - [TEST_STEP][PASSED] - line = reader.readLine(): null

27-02-2025T17:29:43 - [TEST_STEP][PASSED] - println(line): null

27-02-2025T17:29:43 - [TEST_STEP][PASSED] - group = line.indexOf("<Group>"): null

27-02-2025T17:29:43 - [TEST_STEP][PASSED] - println(group): null

27-02-2025T17:29:43 - [TEST_STEP][PASSED] - if (group >= 0): null

27-02-2025T17:29:43 - [TEST_STEP][PASSED] - else: null

27-02-2025T17:29:43 - [TEST_STEP][PASSED] - if (include): null

27-02-2025T17:29:43 - [TEST_STEP][PASSED] - line = reader.readLine(): null

27-02-2025T17:29:43 - [TEST_STEP][PASSED] - println(line): null

27-02-2025T17:29:43 - [TEST_STEP][PASSED] - group = line.indexOf("<Group>"): null

27-02-2025T17:29:43 - [TEST_STEP][PASSED] - println(group): null

27-02-2025T17:29:43 - [TEST_STEP][PASSED] - if (group >= 0): null

27-02-2025T17:29:43 - [TEST_STEP][PASSED] - else: null

27-02-2025T17:29:43 - [TEST_STEP][PASSED] - if (include): null

27-02-2025T17:29:43 - [TEST_STEP][PASSED] - line = reader.readLine(): null

27-02-2025T17:29:43 - [TEST_STEP][PASSED] - println(line): null

27-02-2025T17:29:43 - [TEST_STEP][PASSED] - group = line.indexOf("<Group>"): null

27-02-2025T17:29:43 - [TEST_STEP][PASSED] - println(group): null

27-02-2025T17:29:43 - [TEST_STEP][PASSED] - if (group >= 0): null

27-02-2025T17:29:43 - [TEST_STEP][PASSED] - else: null

27-02-2025T17:29:43 - [TEST_STEP][PASSED] - if (include): null

27-02-2025T17:29:43 - [TEST_STEP][PASSED] - line = reader.readLine(): null

27-02-2025T17:29:43 - [TEST_STEP][PASSED] - println(line): null

27-02-2025T17:29:43 - [TEST_STEP][PASSED] - group = line.indexOf("<Group>"): null

27-02-2025T17:29:43 - [TEST_STEP][PASSED] - println(group): null

27-02-2025T17:29:43 - [TEST_STEP][PASSED] - if (group >= 0): null

27-02-2025T17:29:43 - [TEST_STEP][PASSED] - else: null

27-02-2025T17:29:43 - [TEST_STEP][PASSED] - if (include): null

27-02-2025T17:29:43 - [TEST_STEP][PASSED] - line = reader.readLine(): null

27-02-2025T17:29:43 - [TEST_STEP][PASSED] - println(line): null

27-02-2025T17:29:43 - [TEST_STEP][PASSED] - group = line.indexOf("<Group>"): null

27-02-2025T17:29:43 - [TEST_STEP][PASSED] - println(group): null

27-02-2025T17:29:43 - [TEST_STEP][PASSED] - if (group >= 0): null

27-02-2025T17:29:43 - [TEST_STEP][PASSED] - else: null

27-02-2025T17:29:43 - [TEST_STEP][PASSED] - if (include): null

27-02-2025T17:29:43 - [TEST_STEP][PASSED] - line = reader.readLine(): null

27-02-2025T17:29:43 - [TEST_STEP][PASSED] - println(line): null

27-02-2025T17:29:43 - [TEST_STEP][PASSED] - group = line.indexOf("<Group>"): null

27-02-2025T17:29:43 - [TEST_STEP][PASSED] - println(group): null

27-02-2025T17:29:43 - [TEST_STEP][PASSED] - if (group >= 0): null

27-02-2025T17:29:43 - [TEST_STEP][PASSED] - else: null

27-02-2025T17:29:43 - [TEST_STEP][PASSED] - if (include): null

27-02-2025T17:29:43 - [TEST_STEP][PASSED] - line = reader.readLine(): null

27-02-2025T17:29:43 - [TEST_STEP][PASSED] - println(line): null

27-02-2025T17:29:43 - [TEST_STEP][PASSED] - group = line.indexOf("<Group>"): null

27-02-2025T17:29:43 - [TEST_STEP][PASSED] - println(group): null

27-02-2025T17:29:43 - [TEST_STEP][PASSED] - if (group >= 0): null

27-02-2025T17:29:43 - [TEST_STEP][PASSED] - else: null

27-02-2025T17:29:43 - [TEST_STEP][PASSED] - if (include): null

27-02-2025T17:29:43 - [TEST_STEP][PASSED] - line = reader.readLine(): null

27-02-2025T17:29:43 - [TEST_STEP][PASSED] - println(line): null

27-02-2025T17:29:43 - [TEST_STEP][PASSED] - group = line.indexOf("<Group>"): null

27-02-2025T17:29:43 - [TEST_STEP][PASSED] - println(group): null

27-02-2025T17:29:43 - [TEST_STEP][PASSED] - if (group >= 0): null

27-02-2025T17:29:43 - [TEST_STEP][PASSED] - else: null

27-02-2025T17:29:43 - [TEST_STEP][PASSED] - if (include): null

27-02-2025T17:29:43 - [TEST_STEP][PASSED] - line = reader.readLine(): null

27-02-2025T17:29:43 - [TEST_STEP][PASSED] - println(line): null

27-02-2025T17:29:43 - [TEST_STEP][PASSED] - group = line.indexOf("<Group>"): null

27-02-2025T17:29:43 - [TEST_STEP][PASSED] - println(group): null

27-02-2025T17:29:43 - [TEST_STEP][PASSED] - if (group >= 0): null

27-02-2025T17:29:43 - [TEST_STEP][PASSED] - else: null

27-02-2025T17:29:43 - [TEST_STEP][PASSED] - if (include): null

27-02-2025T17:29:43 - [TEST_STEP][PASSED] - line = reader.readLine(): null

27-02-2025T17:29:43 - [TEST_STEP][PASSED] - println(line): null

27-02-2025T17:29:43 - [TEST_STEP][PASSED] - group = line.indexOf("<Group>"): null

27-02-2025T17:29:43 - [TEST_STEP][PASSED] - println(group): null

27-02-2025T17:29:43 - [TEST_STEP][PASSED] - if (group >= 0): null

27-02-2025T17:29:43 - [TEST_STEP][PASSED] - else: null

27-02-2025T17:29:43 - [TEST_STEP][PASSED] - if (include): null

27-02-2025T17:29:43 - [TEST_STEP][PASSED] - line = reader.readLine(): null

27-02-2025T17:29:43 - [TEST_STEP][PASSED] - println(line): null

27-02-2025T17:29:43 - [TEST_STEP][PASSED] - group = line.indexOf("<Group>"): null

27-02-2025T17:29:43 - [TEST_STEP][PASSED] - println(group): null

27-02-2025T17:29:43 - [TEST_STEP][PASSED] - if (group >= 0): null

27-02-2025T17:29:43 - [TEST_STEP][PASSED] - else: null

27-02-2025T17:29:43 - [TEST_STEP][PASSED] - if (include): null

27-02-2025T17:29:43 - [TEST_STEP][PASSED] - line = reader.readLine(): null

27-02-2025T17:29:43 - [TEST_STEP][PASSED] - println(line): null

27-02-2025T17:29:43 - [TEST_STEP][PASSED] - group = line.indexOf("<Group>"): null

27-02-2025T17:29:43 - [TEST_STEP][PASSED] - println(group): null

27-02-2025T17:29:43 - [TEST_STEP][PASSED] - if (group >= 0): null

27-02-2025T17:29:43 - [TEST_STEP][PASSED] - else: null

27-02-2025T17:29:43 - [TEST_STEP][PASSED] - if (include): null

27-02-2025T17:29:43 - [TEST_STEP][PASSED] - line = reader.readLine(): null

27-02-2025T17:29:43 - [TEST_STEP][PASSED] - println(line): null

27-02-2025T17:29:43 - [TEST_STEP][PASSED] - group = line.indexOf("<Group>"): null

27-02-2025T17:29:43 - [TEST_STEP][PASSED] - println(group): null

27-02-2025T17:29:43 - [TEST_STEP][PASSED] - if (group >= 0): null

27-02-2025T17:29:43 - [TEST_STEP][PASSED] - else: null

27-02-2025T17:29:43 - [TEST_STEP][PASSED] - if (include): null

27-02-2025T17:29:43 - [TEST_STEP][PASSED] - line = reader.readLine(): null

27-02-2025T17:29:43 - [TEST_STEP][PASSED] - println(line): null

27-02-2025T17:29:43 - [TEST_STEP][PASSED] - group = line.indexOf("<Group>"): null

27-02-2025T17:29:43 - [TEST_STEP][PASSED] - println(group): null

27-02-2025T17:29:43 - [TEST_STEP][PASSED] - if (group >= 0): null

27-02-2025T17:29:43 - [TEST_STEP][PASSED] - else: null

27-02-2025T17:29:43 - [TEST_STEP][PASSED] - if (include): null

27-02-2025T17:29:43 - [TEST_STEP][PASSED] - line = reader.readLine(): null

27-02-2025T17:29:43 - [TEST_STEP][PASSED] - println(line): null

27-02-2025T17:29:43 - [TEST_STEP][PASSED] - group = line.indexOf("<Group>"): null

27-02-2025T17:29:43 - [TEST_STEP][PASSED] - println(group): null

27-02-2025T17:29:43 - [TEST_STEP][PASSED] - if (group >= 0): null

27-02-2025T17:29:43 - [TEST_STEP][PASSED] - else: null

27-02-2025T17:29:43 - [TEST_STEP][PASSED] - if (include): null

27-02-2025T17:29:43 - [TEST_STEP][PASSED] - line = reader.readLine(): null

27-02-2025T17:29:43 - [TEST_STEP][PASSED] - println(line): null

27-02-2025T17:29:43 - [TEST_STEP][PASSED] - group = line.indexOf("<Group>"): null

27-02-2025T17:29:43 - [TEST_STEP][PASSED] - println(group): null

27-02-2025T17:29:43 - [TEST_STEP][PASSED] - if (group >= 0): null

27-02-2025T17:29:43 - [TEST_STEP][PASSED] - else: null

27-02-2025T17:29:43 - [TEST_STEP][PASSED] - if (include): null

27-02-2025T17:29:43 - [TEST_STEP][PASSED] - line = reader.readLine(): null

27-02-2025T17:29:43 - [TEST_STEP][PASSED] - println(line): null

27-02-2025T17:29:43 - [TEST_STEP][PASSED] - group = line.indexOf("<Group>"): null

27-02-2025T17:29:43 - [TEST_STEP][PASSED] - println(group): null

27-02-2025T17:29:43 - [TEST_STEP][PASSED] - if (group >= 0): null

27-02-2025T17:29:43 - [TEST_STEP][PASSED] - else: null

27-02-2025T17:29:43 - [TEST_STEP][PASSED] - if (include): null

27-02-2025T17:29:43 - [TEST_STEP][PASSED] - line = reader.readLine(): null

27-02-2025T17:29:43 - [TEST_STEP][PASSED] - println(line): null

27-02-2025T17:29:43 - [TEST_STEP][PASSED] - group = line.indexOf("<Group>"): null

27-02-2025T17:29:43 - [TEST_STEP][PASSED] - println(group): null

27-02-2025T17:29:43 - [TEST_STEP][PASSED] - if (group >= 0): null

27-02-2025T17:29:43 - [TEST_STEP][PASSED] - else: null

27-02-2025T17:29:43 - [TEST_STEP][PASSED] - if (include): null

27-02-2025T17:29:43 - [TEST_STEP][PASSED] - line = reader.readLine(): null

27-02-2025T17:29:43 - [TEST_STEP][PASSED] - println(line): null

27-02-2025T17:29:43 - [TEST_STEP][PASSED] - group = line.indexOf("<Group>"): null

27-02-2025T17:29:43 - [TEST_STEP][PASSED] - println(group): null

27-02-2025T17:29:43 - [TEST_STEP][PASSED] - if (group >= 0): null

27-02-2025T17:29:43 - [TEST_STEP][PASSED] - else: null

27-02-2025T17:29:43 - [TEST_STEP][PASSED] - if (include): null

27-02-2025T17:29:43 - [TEST_STEP][PASSED] - line = reader.readLine(): null

27-02-2025T17:29:43 - [TEST_STEP][PASSED] - println(line): null

27-02-2025T17:29:43 - [TEST_STEP][PASSED] - group = line.indexOf("<Group>"): null

27-02-2025T17:29:43 - [TEST_STEP][PASSED] - println(group): null

27-02-2025T17:29:43 - [TEST_STEP][PASSED] - if (group >= 0): null

27-02-2025T17:29:43 - [TEST_STEP][PASSED] - else: null

27-02-2025T17:29:43 - [TEST_STEP][PASSED] - if (include): null

27-02-2025T17:29:43 - [TEST_STEP][PASSED] - line = reader.readLine(): null

27-02-2025T17:29:43 - [TEST_STEP][PASSED] - println(line): null

27-02-2025T17:29:43 - [TEST_STEP][PASSED] - group = line.indexOf("<Group>"): null

27-02-2025T17:29:43 - [TEST_STEP][PASSED] - println(group): null

27-02-2025T17:29:43 - [TEST_STEP][PASSED] - if (group >= 0): null

27-02-2025T17:29:43 - [TEST_STEP][PASSED] - else: null

27-02-2025T17:29:43 - [TEST_STEP][PASSED] - if (include): null

27-02-2025T17:29:43 - [TEST_STEP][PASSED] - line = reader.readLine(): null

27-02-2025T17:29:43 - [TEST_STEP][PASSED] - println(line): null

27-02-2025T17:29:43 - [TEST_STEP][PASSED] - group = line.indexOf("<Group>"): null

27-02-2025T17:29:43 - [TEST_STEP][PASSED] - println(group): null

27-02-2025T17:29:43 - [TEST_STEP][PASSED] - if (group >= 0): null

27-02-2025T17:29:43 - [TEST_STEP][PASSED] - else: null

27-02-2025T17:29:43 - [TEST_STEP][PASSED] - if (include): null

27-02-2025T17:29:43 - [TEST_STEP][PASSED] - line = reader.readLine(): null

27-02-2025T17:29:43 - [TEST_STEP][PASSED] - println(line): null

27-02-2025T17:29:43 - [TEST_STEP][PASSED] - group = line.indexOf("<Group>"): null

27-02-2025T17:29:43 - [TEST_STEP][PASSED] - println(group): null

27-02-2025T17:29:43 - [TEST_STEP][PASSED] - if (group >= 0): null

27-02-2025T17:29:43 - [TEST_STEP][PASSED] - else: null

27-02-2025T17:29:43 - [TEST_STEP][PASSED] - if (include): null

27-02-2025T17:29:43 - [TEST_STEP][PASSED] - line = reader.readLine(): null

27-02-2025T17:29:43 - [TEST_STEP][PASSED] - println(line): null

27-02-2025T17:29:43 - [TEST_STEP][PASSED] - group = line.indexOf("<Group>"): null

27-02-2025T17:29:43 - [TEST_STEP][PASSED] - println(group): null

27-02-2025T17:29:43 - [TEST_STEP][PASSED] - if (group >= 0): null

27-02-2025T17:29:43 - [TEST_STEP][PASSED] - else: null

27-02-2025T17:29:43 - [TEST_STEP][PASSED] - if (include): null

27-02-2025T17:29:43 - [TEST_STEP][PASSED] - line = reader.readLine(): null

27-02-2025T17:29:43 - [TEST_STEP][PASSED] - println(line): null

27-02-2025T17:29:43 - [TEST_STEP][PASSED] - group = line.indexOf("<Group>"): null

27-02-2025T17:29:43 - [TEST_STEP][PASSED] - println(group): null

27-02-2025T17:29:43 - [TEST_STEP][PASSED] - if (group >= 0): null

27-02-2025T17:29:43 - [TEST_STEP][PASSED] - else: null

27-02-2025T17:29:43 - [TEST_STEP][PASSED] - if (include): null

27-02-2025T17:29:43 - [TEST_STEP][PASSED] - line = reader.readLine(): null

27-02-2025T17:29:43 - [TEST_STEP][PASSED] - println(line): null

27-02-2025T17:29:43 - [TEST_STEP][PASSED] - group = line.indexOf("<Group>"): null

27-02-2025T17:29:43 - [TEST_STEP][PASSED] - println(group): null

27-02-2025T17:29:43 - [TEST_STEP][PASSED] - if (group >= 0): null

27-02-2025T17:29:43 - [TEST_STEP][PASSED] - else: null

27-02-2025T17:29:43 - [TEST_STEP][PASSED] - if (include): null

27-02-2025T17:29:43 - [TEST_STEP][PASSED] - line = reader.readLine(): null

27-02-2025T17:29:43 - [TEST_STEP][PASSED] - println(line): null

27-02-2025T17:29:43 - [TEST_STEP][PASSED] - group = line.indexOf("<Group>"): null

27-02-2025T17:29:43 - [TEST_STEP][PASSED] - println(group): null

27-02-2025T17:29:43 - [TEST_STEP][PASSED] - if (group >= 0): null

27-02-2025T17:29:43 - [TEST_STEP][PASSED] - else: null

27-02-2025T17:29:43 - [TEST_STEP][PASSED] - if (include): null

27-02-2025T17:29:43 - [TEST_STEP][PASSED] - line = reader.readLine(): null

27-02-2025T17:29:43 - [TEST_STEP][PASSED] - println(line): null

27-02-2025T17:29:43 - [TEST_STEP][PASSED] - group = line.indexOf("<Group>"): null

27-02-2025T17:29:43 - [TEST_STEP][PASSED] - println(group): null

27-02-2025T17:29:43 - [TEST_STEP][PASSED] - if (group >= 0): null

27-02-2025T17:29:43 - [TEST_STEP][PASSED] - else: null

27-02-2025T17:29:43 - [TEST_STEP][PASSED] - if (include): null

27-02-2025T17:29:43 - [TEST_STEP][PASSED] - line = reader.readLine(): null

27-02-2025T17:29:43 - [TEST_STEP][PASSED] - println(line): null

27-02-2025T17:29:43 - [TEST_STEP][PASSED] - group = line.indexOf("<Group>"): null

27-02-2025T17:29:43 - [TEST_STEP][PASSED] - println(group): null

27-02-2025T17:29:43 - [TEST_STEP][PASSED] - if (group >= 0): null

27-02-2025T17:29:43 - [TEST_STEP][PASSED] - else: null

27-02-2025T17:29:43 - [TEST_STEP][PASSED] - if (include): null

27-02-2025T17:29:43 - [TEST_STEP][PASSED] - line = reader.readLine(): null

27-02-2025T17:29:43 - [TEST_STEP][PASSED] - println(line): null

27-02-2025T17:29:43 - [TEST_STEP][PASSED] - group = line.indexOf("<Group>"): null

27-02-2025T17:29:43 - [TEST_STEP][PASSED] - println(group): null

27-02-2025T17:29:43 - [TEST_STEP][PASSED] - if (group >= 0): null

27-02-2025T17:29:43 - [TEST_STEP][PASSED] - else: null

27-02-2025T17:29:43 - [TEST_STEP][PASSED] - if (include): null

27-02-2025T17:29:43 - [TEST_STEP][PASSED] - line = reader.readLine(): null

27-02-2025T17:29:43 - [TEST_STEP][PASSED] - println(line): null

27-02-2025T17:29:43 - [TEST_STEP][PASSED] - group = line.indexOf("<Group>"): null

27-02-2025T17:29:43 - [TEST_STEP][PASSED] - println(group): null

27-02-2025T17:29:43 - [TEST_STEP][PASSED] - if (group >= 0): null

27-02-2025T17:29:43 - [TEST_STEP][PASSED] - else: null

27-02-2025T17:29:43 - [TEST_STEP][PASSED] - if (include): null

27-02-2025T17:29:43 - [TEST_STEP][PASSED] - line = reader.readLine(): null

27-02-2025T17:29:43 - [TEST_STEP][PASSED] - println(line): null

27-02-2025T17:29:43 - [TEST_STEP][PASSED] - group = line.indexOf("<Group>"): null

27-02-2025T17:29:43 - [TEST_STEP][PASSED] - println(group): null

27-02-2025T17:29:43 - [TEST_STEP][PASSED] - if (group >= 0): null

27-02-2025T17:29:43 - [TEST_STEP][PASSED] - else: null

27-02-2025T17:29:43 - [TEST_STEP][PASSED] - if (include): null

27-02-2025T17:29:43 - [TEST_STEP][PASSED] - line = reader.readLine(): null

27-02-2025T17:29:43 - [TEST_STEP][PASSED] - println(line): null

27-02-2025T17:29:43 - [TEST_STEP][PASSED] - group = line.indexOf("<Group>"): null

27-02-2025T17:29:43 - [TEST_STEP][PASSED] - println(group): null

27-02-2025T17:29:43 - [TEST_STEP][PASSED] - if (group >= 0): null

27-02-2025T17:29:43 - [TEST_STEP][PASSED] - else: null

27-02-2025T17:29:43 - [TEST_STEP][PASSED] - if (include): null

27-02-2025T17:29:43 - [TEST_STEP][PASSED] - line = reader.readLine(): null

27-02-2025T17:29:43 - [TEST_STEP][PASSED] - println(line): null

27-02-2025T17:29:43 - [TEST_STEP][PASSED] - group = line.indexOf("<Group>"): null

27-02-2025T17:29:43 - [TEST_STEP][PASSED] - println(group): null

27-02-2025T17:29:43 - [TEST_STEP][PASSED] - if (group >= 0): null

27-02-2025T17:29:43 - [TEST_STEP][PASSED] - else: null

27-02-2025T17:29:43 - [TEST_STEP][PASSED] - if (include): null

27-02-2025T17:29:43 - [TEST_STEP][PASSED] - line = reader.readLine(): null

27-02-2025T17:29:43 - [TEST_STEP][PASSED] - println(line): null

27-02-2025T17:29:43 - [TEST_STEP][PASSED] - group = line.indexOf("<Group>"): null

27-02-2025T17:29:43 - [TEST_STEP][PASSED] - println(group): null

27-02-2025T17:29:43 - [TEST_STEP][PASSED] - if (group >= 0): null

27-02-2025T17:29:43 - [TEST_STEP][PASSED] - else: null

27-02-2025T17:29:43 - [TEST_STEP][PASSED] - if (include): null

27-02-2025T17:29:43 - [TEST_STEP][PASSED] - line = reader.readLine(): null

27-02-2025T17:29:43 - [TEST_STEP][PASSED] - println(line): null

27-02-2025T17:29:43 - [TEST_STEP][PASSED] - group = line.indexOf("<Group>"): null

27-02-2025T17:29:43 - [TEST_STEP][PASSED] - println(group): null

27-02-2025T17:29:43 - [TEST_STEP][PASSED] - if (group >= 0): null

27-02-2025T17:29:43 - [TEST_STEP][PASSED] - else: null

27-02-2025T17:29:43 - [TEST_STEP][PASSED] - if (include): null

27-02-2025T17:29:43 - [TEST_STEP][PASSED] - line = reader.readLine(): null

27-02-2025T17:29:43 - [TEST_STEP][PASSED] - println(line): null

27-02-2025T17:29:43 - [TEST_STEP][PASSED] - group = line.indexOf("<Group>"): null

27-02-2025T17:29:43 - [TEST_STEP][PASSED] - println(group): null

27-02-2025T17:29:43 - [TEST_STEP][PASSED] - if (group >= 0): null

27-02-2025T17:29:43 - [TEST_STEP][PASSED] - selections = line.substring(group + 7, line.length() - 1): null

27-02-2025T17:29:43 - [TEST_STEP][PASSED] - println(selections): null

27-02-2025T17:29:43 - [TEST_STEP][PASSED] - if (selections == varSelections): null

27-02-2025T17:29:43 - [TEST_STEP][PASSED] - include = true: null

27-02-2025T17:29:43 - [TEST_STEP][PASSED] - line = reader.readLine(): null

27-02-2025T17:29:43 - [TEST_STEP][PASSED] - println(line): null

27-02-2025T17:29:43 - [TEST_STEP][PASSED] - group = line.indexOf("<Group>"): null

27-02-2025T17:29:43 - [TEST_STEP][PASSED] - println(group): null

27-02-2025T17:29:43 - [TEST_STEP][PASSED] - if (group >= 0): null

27-02-2025T17:29:43 - [TEST_STEP][PASSED] - else: null

27-02-2025T17:29:43 - [TEST_STEP][PASSED] - if (include): null

27-02-2025T17:29:43 - [TEST_STEP][PASSED] - println(line): null

27-02-2025T17:29:43 - [TEST_STEP][PASSED] - comma = line.indexOf(",y"): null

27-02-2025T17:29:43 - [TEST_STEP][PASSED] - if (comma > 0): null

27-02-2025T17:29:43 - [TEST_STEP][PASSED] - line = reader.readLine(): null

27-02-2025T17:29:43 - [TEST_STEP][PASSED] - println(line): null

27-02-2025T17:29:43 - [TEST_STEP][PASSED] - group = line.indexOf("<Group>"): null

27-02-2025T17:29:43 - [TEST_STEP][PASSED] - println(group): null

27-02-2025T17:29:43 - [TEST_STEP][PASSED] - if (group >= 0): null

27-02-2025T17:29:43 - [TEST_STEP][PASSED] - else: null

27-02-2025T17:29:43 - [TEST_STEP][PASSED] - if (include): null

27-02-2025T17:29:43 - [TEST_STEP][PASSED] - println(line): null

27-02-2025T17:29:43 - [TEST_STEP][PASSED] - comma = line.indexOf(",y"): null

27-02-2025T17:29:43 - [TEST_STEP][PASSED] - if (comma > 0): null

27-02-2025T17:29:43 - [TEST_STEP][PASSED] - commaCount = StringUtils.countMatches(line, ","): null

27-02-2025T17:29:43 - [TEST_STEP][PASSED] - if (commaCount > 1): null

27-02-2025T17:29:43 - [TEST_STEP][PASSED] - else: null

27-02-2025T17:29:43 - [TEST_STEP][PASSED] - label = line.substring(1, comma): null

27-02-2025T17:29:43 - [TEST_STEP][PASSED] - println(label): null

27-02-2025T17:29:43 - [TEST_STEP][PASSED] - checked.add(label): null

27-02-2025T17:29:43 - [TEST_STEP][PASSED] - line = reader.readLine(): null

27-02-2025T17:29:43 - [TEST_STEP][PASSED] - println(line): null

27-02-2025T17:29:43 - [TEST_STEP][PASSED] - group = line.indexOf("<Group>"): null

27-02-2025T17:29:43 - [TEST_STEP][PASSED] - println(group): null

27-02-2025T17:29:43 - [TEST_STEP][PASSED] - if (group >= 0): null

27-02-2025T17:29:43 - [TEST_STEP][PASSED] - else: null

27-02-2025T17:29:43 - [TEST_STEP][PASSED] - if (include): null

27-02-2025T17:29:43 - [TEST_STEP][PASSED] - println(line): null

27-02-2025T17:29:43 - [TEST_STEP][PASSED] - comma = line.indexOf(",y"): null

27-02-2025T17:29:43 - [TEST_STEP][PASSED] - if (comma > 0): null

27-02-2025T17:29:43 - [TEST_STEP][PASSED] - line = reader.readLine(): null

27-02-2025T17:29:43 - [TEST_STEP][PASSED] - println(line): null

27-02-2025T17:29:43 - [TEST_STEP][PASSED] - group = line.indexOf("<Group>"): null

27-02-2025T17:29:43 - [TEST_STEP][PASSED] - println(group): null

27-02-2025T17:29:43 - [TEST_STEP][PASSED] - if (group >= 0): null

27-02-2025T17:29:43 - [TEST_STEP][PASSED] - else: null

27-02-2025T17:29:43 - [TEST_STEP][PASSED] - if (include): null

27-02-2025T17:29:43 - [TEST_STEP][PASSED] - println(line): null

27-02-2025T17:29:43 - [TEST_STEP][PASSED] - comma = line.indexOf(",y"): null

27-02-2025T17:29:43 - [TEST_STEP][PASSED] - if (comma > 0): null

27-02-2025T17:29:43 - [TEST_STEP][PASSED] - line = reader.readLine(): null

27-02-2025T17:29:43 - [TEST_STEP][PASSED] - println(line): null

27-02-2025T17:29:43 - [TEST_STEP][PASSED] - group = line.indexOf("<Group>"): null

27-02-2025T17:29:43 - [TEST_STEP][PASSED] - println(group): null

27-02-2025T17:29:43 - [TEST_STEP][PASSED] - if (group >= 0): null

27-02-2025T17:29:43 - [TEST_STEP][PASSED] - else: null

27-02-2025T17:29:43 - [TEST_STEP][PASSED] - if (include): null

27-02-2025T17:29:43 - [TEST_STEP][PASSED] - println(line): null

27-02-2025T17:29:43 - [TEST_STEP][PASSED] - comma = line.indexOf(",y"): null

27-02-2025T17:29:43 - [TEST_STEP][PASSED] - if (comma > 0): null

27-02-2025T17:29:43 - [TEST_STEP][PASSED] - commaCount = StringUtils.countMatches(line, ","): null

27-02-2025T17:29:43 - [TEST_STEP][PASSED] - if (commaCount > 1): null

27-02-2025T17:29:43 - [TEST_STEP][PASSED] - else: null

27-02-2025T17:29:43 - [TEST_STEP][PASSED] - label = line.substring(1, comma): null

27-02-2025T17:29:43 - [TEST_STEP][PASSED] - println(label): null

27-02-2025T17:29:43 - [TEST_STEP][PASSED] - checked.add(label): null

27-02-2025T17:29:43 - [TEST_STEP][PASSED] - line = reader.readLine(): null

27-02-2025T17:29:43 - [TEST_STEP][PASSED] - println(line): null

27-02-2025T17:29:43 - [TEST_STEP][PASSED] - group = line.indexOf("<Group>"): null

27-02-2025T17:29:43 - [TEST_STEP][PASSED] - println(group): null

27-02-2025T17:29:43 - [TEST_STEP][PASSED] - if (group >= 0): null

27-02-2025T17:29:43 - [TEST_STEP][PASSED] - else: null

27-02-2025T17:29:43 - [TEST_STEP][PASSED] - if (include): null

27-02-2025T17:29:43 - [TEST_STEP][PASSED] - println(line): null

27-02-2025T17:29:43 - [TEST_STEP][PASSED] - comma = line.indexOf(",y"): null

27-02-2025T17:29:43 - [TEST_STEP][PASSED] - if (comma > 0): null

27-02-2025T17:29:43 - [TEST_STEP][PASSED] - commaCount = StringUtils.countMatches(line, ","): null

27-02-2025T17:29:43 - [TEST_STEP][PASSED] - if (commaCount > 1): null

27-02-2025T17:29:43 - [TEST_STEP][PASSED] - else: null

27-02-2025T17:29:43 - [TEST_STEP][PASSED] - label = line.substring(1, comma): null

27-02-2025T17:29:43 - [TEST_STEP][PASSED] - println(label): null

27-02-2025T17:29:43 - [TEST_STEP][PASSED] - checked.add(label): null

27-02-2025T17:29:43 - [TEST_STEP][PASSED] - line = reader.readLine(): null

27-02-2025T17:29:43 - [TEST_STEP][PASSED] - println(line): null

27-02-2025T17:29:43 - [TEST_STEP][PASSED] - group = line.indexOf("<Group>"): null

27-02-2025T17:29:43 - [TEST_STEP][PASSED] - println(group): null

27-02-2025T17:29:43 - [TEST_STEP][PASSED] - if (group >= 0): null

27-02-2025T17:29:43 - [TEST_STEP][PASSED] - else: null

27-02-2025T17:29:43 - [TEST_STEP][PASSED] - if (include): null

27-02-2025T17:29:43 - [TEST_STEP][PASSED] - println(line): null

27-02-2025T17:29:43 - [TEST_STEP][PASSED] - comma = line.indexOf(",y"): null

27-02-2025T17:29:43 - [TEST_STEP][PASSED] - if (comma > 0): null

27-02-2025T17:29:43 - [TEST_STEP][PASSED] - line = reader.readLine(): null

27-02-2025T17:29:43 - [TEST_STEP][PASSED] - println(line): null

27-02-2025T17:29:43 - [TEST_STEP][PASSED] - group = line.indexOf("<Group>"): null

27-02-2025T17:29:43 - [TEST_STEP][PASSED] - println(group): null

27-02-2025T17:29:43 - [TEST_STEP][PASSED] - if (group >= 0): null

27-02-2025T17:29:43 - [TEST_STEP][PASSED] - else: null

27-02-2025T17:29:43 - [TEST_STEP][PASSED] - if (include): null

27-02-2025T17:29:43 - [TEST_STEP][PASSED] - println(line): null

27-02-2025T17:29:43 - [TEST_STEP][PASSED] - comma = line.indexOf(",y"): null

27-02-2025T17:29:43 - [TEST_STEP][PASSED] - if (comma > 0): null

27-02-2025T17:29:43 - [TEST_STEP][PASSED] - commaCount = StringUtils.countMatches(line, ","): null

27-02-2025T17:29:43 - [TEST_STEP][PASSED] - if (commaCount > 1): null

27-02-2025T17:29:43 - [TEST_STEP][PASSED] - else: null

27-02-2025T17:29:43 - [TEST_STEP][PASSED] - label = line.substring(1, comma): null

27-02-2025T17:29:43 - [TEST_STEP][PASSED] - println(label): null

27-02-2025T17:29:43 - [TEST_STEP][PASSED] - checked.add(label): null

27-02-2025T17:29:43 - [TEST_STEP][PASSED] - line = reader.readLine(): null

27-02-2025T17:29:43 - [TEST_STEP][PASSED] - println(line): null

27-02-2025T17:29:43 - [TEST_STEP][PASSED] - group = line.indexOf("<Group>"): null

27-02-2025T17:29:43 - [TEST_STEP][PASSED] - println(group): null

27-02-2025T17:29:43 - [TEST_STEP][PASSED] - if (group >= 0): null

27-02-2025T17:29:43 - [TEST_STEP][PASSED] - else: null

27-02-2025T17:29:43 - [TEST_STEP][PASSED] - if (include): null

27-02-2025T17:29:43 - [TEST_STEP][PASSED] - println(line): null

27-02-2025T17:29:43 - [TEST_STEP][PASSED] - comma = line.indexOf(",y"): null

27-02-2025T17:29:43 - [TEST_STEP][PASSED] - if (comma > 0): null

27-02-2025T17:29:43 - [TEST_STEP][PASSED] - commaCount = StringUtils.countMatches(line, ","): null

27-02-2025T17:29:43 - [TEST_STEP][PASSED] - if (commaCount > 1): null

27-02-2025T17:29:43 - [TEST_STEP][PASSED] - else: null

27-02-2025T17:29:43 - [TEST_STEP][PASSED] - label = line.substring(1, comma): null

27-02-2025T17:29:43 - [TEST_STEP][PASSED] - println(label): null

27-02-2025T17:29:43 - [TEST_STEP][PASSED] - checked.add(label): null

27-02-2025T17:29:43 - [TEST_STEP][PASSED] - line = reader.readLine(): null

27-02-2025T17:29:43 - [TEST_STEP][PASSED] - println(line): null

27-02-2025T17:29:43 - [TEST_STEP][PASSED] - group = line.indexOf("<Group>"): null

27-02-2025T17:29:43 - [TEST_STEP][PASSED] - println(group): null

27-02-2025T17:29:43 - [TEST_STEP][PASSED] - if (group >= 0): null

27-02-2025T17:29:43 - [TEST_STEP][PASSED] - else: null

27-02-2025T17:29:43 - [TEST_STEP][PASSED] - if (include): null

27-02-2025T17:29:43 - [TEST_STEP][PASSED] - println(line): null

27-02-2025T17:29:43 - [TEST_STEP][PASSED] - comma = line.indexOf(",y"): null

27-02-2025T17:29:43 - [TEST_STEP][PASSED] - if (comma > 0): null

27-02-2025T17:29:43 - [TEST_STEP][PASSED] - commaCount = StringUtils.countMatches(line, ","): null

27-02-2025T17:29:43 - [TEST_STEP][PASSED] - if (commaCount > 1): null

27-02-2025T17:29:43 - [TEST_STEP][PASSED] - else: null

27-02-2025T17:29:43 - [TEST_STEP][PASSED] - label = line.substring(1, comma): null

27-02-2025T17:29:43 - [TEST_STEP][PASSED] - println(label): null

27-02-2025T17:29:43 - [TEST_STEP][PASSED] - checked.add(label): null

27-02-2025T17:29:43 - [TEST_STEP][PASSED] - line = reader.readLine(): null

27-02-2025T17:29:43 - [TEST_STEP][PASSED] - println(line): null

27-02-2025T17:29:43 - [TEST_STEP][PASSED] - group = line.indexOf("<Group>"): null

27-02-2025T17:29:43 - [TEST_STEP][PASSED] - println(group): null

27-02-2025T17:29:43 - [TEST_STEP][PASSED] - if (group >= 0): null

27-02-2025T17:29:43 - [TEST_STEP][PASSED] - else: null

27-02-2025T17:29:43 - [TEST_STEP][PASSED] - if (include): null

27-02-2025T17:29:43 - [TEST_STEP][PASSED] - println(line): null

27-02-2025T17:29:43 - [TEST_STEP][PASSED] - comma = line.indexOf(",y"): null

27-02-2025T17:29:43 - [TEST_STEP][PASSED] - if (comma > 0): null

27-02-2025T17:29:43 - [TEST_STEP][PASSED] - line = reader.readLine(): null

27-02-2025T17:29:43 - [TEST_STEP][PASSED] - println(line): null

27-02-2025T17:29:43 - [TEST_STEP][PASSED] - group = line.indexOf("<Group>"): null

27-02-2025T17:29:43 - [TEST_STEP][PASSED] - println(group): null

27-02-2025T17:29:43 - [TEST_STEP][PASSED] - if (group >= 0): null

27-02-2025T17:29:43 - [TEST_STEP][PASSED] - else: null

27-02-2025T17:29:43 - [TEST_STEP][PASSED] - if (include): null

27-02-2025T17:29:43 - [TEST_STEP][PASSED] - println(line): null

27-02-2025T17:29:43 - [TEST_STEP][PASSED] - comma = line.indexOf(",y"): null

27-02-2025T17:29:43 - [TEST_STEP][PASSED] - if (comma > 0): null

27-02-2025T17:29:43 - [TEST_STEP][PASSED] - commaCount = StringUtils.countMatches(line, ","): null

27-02-2025T17:29:43 - [TEST_STEP][PASSED] - if (commaCount > 1): null

27-02-2025T17:29:43 - [TEST_STEP][PASSED] - else: null

27-02-2025T17:29:43 - [TEST_STEP][PASSED] - label = line.substring(1, comma): null

27-02-2025T17:29:43 - [TEST_STEP][PASSED] - println(label): null

27-02-2025T17:29:43 - [TEST_STEP][PASSED] - checked.add(label): null

27-02-2025T17:29:43 - [TEST_STEP][PASSED] - line = reader.readLine(): null

27-02-2025T17:29:43 - [TEST_STEP][PASSED] - println(line): null

27-02-2025T17:29:43 - [TEST_STEP][PASSED] - group = line.indexOf("<Group>"): null

27-02-2025T17:29:43 - [TEST_STEP][PASSED] - println(group): null

27-02-2025T17:29:43 - [TEST_STEP][PASSED] - if (group >= 0): null

27-02-2025T17:29:43 - [TEST_STEP][PASSED] - else: null

27-02-2025T17:29:43 - [TEST_STEP][PASSED] - if (include): null

27-02-2025T17:29:43 - [TEST_STEP][PASSED] - println(line): null

27-02-2025T17:29:43 - [TEST_STEP][PASSED] - comma = line.indexOf(",y"): null

27-02-2025T17:29:43 - [TEST_STEP][PASSED] - if (comma > 0): null

27-02-2025T17:29:43 - [TEST_STEP][PASSED] - commaCount = StringUtils.countMatches(line, ","): null

27-02-2025T17:29:43 - [TEST_STEP][PASSED] - if (commaCount > 1): null

27-02-2025T17:29:43 - [TEST_STEP][PASSED] - else: null

27-02-2025T17:29:43 - [TEST_STEP][PASSED] - label = line.substring(1, comma): null

27-02-2025T17:29:43 - [TEST_STEP][PASSED] - println(label): null

27-02-2025T17:29:43 - [TEST_STEP][PASSED] - checked.add(label): null

27-02-2025T17:29:43 - [TEST_STEP][PASSED] - line = reader.readLine(): null

27-02-2025T17:29:43 - [TEST_STEP][PASSED] - println(line): null

27-02-2025T17:29:43 - [TEST_STEP][PASSED] - group = line.indexOf("<Group>"): null

27-02-2025T17:29:43 - [TEST_STEP][PASSED] - println(group): null

27-02-2025T17:29:43 - [TEST_STEP][PASSED] - if (group >= 0): null

27-02-2025T17:29:43 - [TEST_STEP][PASSED] - else: null

27-02-2025T17:29:43 - [TEST_STEP][PASSED] - if (include): null

27-02-2025T17:29:43 - [TEST_STEP][PASSED] - println(line): null

27-02-2025T17:29:43 - [TEST_STEP][PASSED] - comma = line.indexOf(",y"): null

27-02-2025T17:29:43 - [TEST_STEP][PASSED] - if (comma > 0): null

27-02-2025T17:29:43 - [TEST_STEP][PASSED] - line = reader.readLine(): null

27-02-2025T17:29:43 - [TEST_STEP][PASSED] - println(line): null

27-02-2025T17:29:43 - [TEST_STEP][PASSED] - group = line.indexOf("<Group>"): null

27-02-2025T17:29:43 - [TEST_STEP][PASSED] - println(group): null

27-02-2025T17:29:43 - [TEST_STEP][PASSED] - if (group >= 0): null

27-02-2025T17:29:43 - [TEST_STEP][PASSED] - else: null

27-02-2025T17:29:43 - [TEST_STEP][PASSED] - if (include): null

27-02-2025T17:29:43 - [TEST_STEP][PASSED] - println(line): null

27-02-2025T17:29:43 - [TEST_STEP][PASSED] - comma = line.indexOf(",y"): null

27-02-2025T17:29:43 - [TEST_STEP][PASSED] - if (comma > 0): null

27-02-2025T17:29:43 - [TEST_STEP][PASSED] - line = reader.readLine(): null

27-02-2025T17:29:43 - [TEST_STEP][PASSED] - println(line): null

27-02-2025T17:29:43 - [TEST_STEP][PASSED] - group = line.indexOf("<Group>"): null

27-02-2025T17:29:43 - [TEST_STEP][PASSED] - println(group): null

27-02-2025T17:29:43 - [TEST_STEP][PASSED] - if (group >= 0): null

27-02-2025T17:29:43 - [TEST_STEP][PASSED] - else: null

27-02-2025T17:29:43 - [TEST_STEP][PASSED] - if (include): null

27-02-2025T17:29:43 - [TEST_STEP][PASSED] - println(line): null

27-02-2025T17:29:43 - [TEST_STEP][PASSED] - comma = line.indexOf(",y"): null

27-02-2025T17:29:43 - [TEST_STEP][PASSED] - if (comma > 0): null

27-02-2025T17:29:43 - [TEST_STEP][PASSED] - line = reader.readLine(): null

27-02-2025T17:29:43 - [TEST_STEP][PASSED] - println(line): null

27-02-2025T17:29:43 - [TEST_STEP][PASSED] - group = line.indexOf("<Group>"): null

27-02-2025T17:29:43 - [TEST_STEP][PASSED] - println(group): null

27-02-2025T17:29:43 - [TEST_STEP][PASSED] - if (group >= 0): null

27-02-2025T17:29:43 - [TEST_STEP][PASSED] - else: null

27-02-2025T17:29:43 - [TEST_STEP][PASSED] - if (include): null

27-02-2025T17:29:43 - [TEST_STEP][PASSED] - println(line): null

27-02-2025T17:29:43 - [TEST_STEP][PASSED] - comma = line.indexOf(",y"): null

27-02-2025T17:29:43 - [TEST_STEP][PASSED] - if (comma > 0): null

27-02-2025T17:29:43 - [TEST_STEP][PASSED] - line = reader.readLine(): null

27-02-2025T17:29:43 - [TEST_STEP][PASSED] - println(line): null

27-02-2025T17:29:43 - [TEST_STEP][PASSED] - group = line.indexOf("<Group>"): null

27-02-2025T17:29:43 - [TEST_STEP][PASSED] - println(group): null

27-02-2025T17:29:43 - [TEST_STEP][PASSED] - if (group >= 0): null

27-02-2025T17:29:43 - [TEST_STEP][PASSED] - else: null

27-02-2025T17:29:43 - [TEST_STEP][PASSED] - if (include): null

27-02-2025T17:29:43 - [TEST_STEP][PASSED] - println(line): null

27-02-2025T17:29:43 - [TEST_STEP][PASSED] - comma = line.indexOf(",y"): null

27-02-2025T17:29:43 - [TEST_STEP][PASSED] - if (comma > 0): null

27-02-2025T17:29:43 - [TEST_STEP][PASSED] - line = reader.readLine(): null

27-02-2025T17:29:43 - [TEST_STEP][PASSED] - println(line): null

27-02-2025T17:29:43 - [TEST_STEP][PASSED] - group = line.indexOf("<Group>"): null

27-02-2025T17:29:43 - [TEST_STEP][PASSED] - println(group): null

27-02-2025T17:29:43 - [TEST_STEP][PASSED] - if (group >= 0): null

27-02-2025T17:29:43 - [TEST_STEP][PASSED] - else: null

27-02-2025T17:29:43 - [TEST_STEP][PASSED] - if (include): null

27-02-2025T17:29:43 - [TEST_STEP][PASSED] - println(line): null

27-02-2025T17:29:43 - [TEST_STEP][PASSED] - comma = line.indexOf(",y"): null

27-02-2025T17:29:43 - [TEST_STEP][PASSED] - if (comma > 0): null

27-02-2025T17:29:43 - [TEST_STEP][PASSED] - line = reader.readLine(): null

27-02-2025T17:29:43 - [TEST_STEP][PASSED] - println(line): null

27-02-2025T17:29:43 - [TEST_STEP][PASSED] - group = line.indexOf("<Group>"): null

27-02-2025T17:29:43 - [TEST_STEP][PASSED] - println(group): null

27-02-2025T17:29:43 - [TEST_STEP][PASSED] - if (group >= 0): null

27-02-2025T17:29:43 - [TEST_STEP][PASSED] - else: null

27-02-2025T17:29:43 - [TEST_STEP][PASSED] - if (include): null

27-02-2025T17:29:43 - [TEST_STEP][PASSED] - println(line): null

27-02-2025T17:29:43 - [TEST_STEP][PASSED] - comma = line.indexOf(",y"): null

27-02-2025T17:29:43 - [TEST_STEP][PASSED] - if (comma > 0): null

27-02-2025T17:29:43 - [TEST_STEP][PASSED] - line = reader.readLine(): null

27-02-2025T17:29:43 - [TEST_STEP][PASSED] - println(line): null

27-02-2025T17:29:43 - [TEST_STEP][PASSED] - group = line.indexOf("<Group>"): null

27-02-2025T17:29:43 - [TEST_STEP][PASSED] - println(group): null

27-02-2025T17:29:43 - [TEST_STEP][PASSED] - if (group >= 0): null

27-02-2025T17:29:43 - [TEST_STEP][PASSED] - else: null

27-02-2025T17:29:43 - [TEST_STEP][PASSED] - if (include): null

27-02-2025T17:29:43 - [TEST_STEP][PASSED] - println(line): null

27-02-2025T17:29:43 - [TEST_STEP][PASSED] - comma = line.indexOf(",y"): null

27-02-2025T17:29:43 - [TEST_STEP][PASSED] - if (comma > 0): null

27-02-2025T17:29:43 - [TEST_STEP][PASSED] - line = reader.readLine(): null

27-02-2025T17:29:43 - [TEST_STEP][PASSED] - println(line): null

27-02-2025T17:29:43 - [TEST_STEP][PASSED] - group = line.indexOf("<Group>"): null

27-02-2025T17:29:43 - [TEST_STEP][PASSED] - println(group): null

27-02-2025T17:29:43 - [TEST_STEP][PASSED] - if (group >= 0): null

27-02-2025T17:29:43 - [TEST_STEP][PASSED] - else: null

27-02-2025T17:29:43 - [TEST_STEP][PASSED] - if (include): null

27-02-2025T17:29:43 - [TEST_STEP][PASSED] - println(line): null

27-02-2025T17:29:43 - [TEST_STEP][PASSED] - comma = line.indexOf(",y"): null

27-02-2025T17:29:43 - [TEST_STEP][PASSED] - if (comma > 0): null

27-02-2025T17:29:43 - [TEST_STEP][PASSED] - line = reader.readLine(): null

27-02-2025T17:29:43 - [TEST_STEP][PASSED] - println(line): null

27-02-2025T17:29:43 - [TEST_STEP][PASSED] - group = line.indexOf("<Group>"): null

27-02-2025T17:29:43 - [TEST_STEP][PASSED] - println(group): null

27-02-2025T17:29:43 - [TEST_STEP][PASSED] - if (group >= 0): null

27-02-2025T17:29:43 - [TEST_STEP][PASSED] - else: null

27-02-2025T17:29:43 - [TEST_STEP][PASSED] - if (include): null

27-02-2025T17:29:43 - [TEST_STEP][PASSED] - println(line): null

27-02-2025T17:29:43 - [TEST_STEP][PASSED] - comma = line.indexOf(",y"): null

27-02-2025T17:29:43 - [TEST_STEP][PASSED] - if (comma > 0): null

27-02-2025T17:29:43 - [TEST_STEP][PASSED] - line = reader.readLine(): null

27-02-2025T17:29:43 - [TEST_STEP][PASSED] - println(line): null

27-02-2025T17:29:43 - [TEST_STEP][PASSED] - group = line.indexOf("<Group>"): null

27-02-2025T17:29:43 - [TEST_STEP][PASSED] - println(group): null

27-02-2025T17:29:43 - [TEST_STEP][PASSED] - if (group >= 0): null

27-02-2025T17:29:43 - [TEST_STEP][PASSED] - else: null

27-02-2025T17:29:43 - [TEST_STEP][PASSED] - if (include): null

27-02-2025T17:29:43 - [TEST_STEP][PASSED] - println(line): null

27-02-2025T17:29:43 - [TEST_STEP][PASSED] - comma = line.indexOf(",y"): null

27-02-2025T17:29:43 - [TEST_STEP][PASSED] - if (comma > 0): null

27-02-2025T17:29:43 - [TEST_STEP][PASSED] - line = reader.readLine(): null

27-02-2025T17:29:43 - [TEST_STEP][PASSED] - println(line): null

27-02-2025T17:29:43 - [TEST_STEP][PASSED] - group = line.indexOf("<Group>"): null

27-02-2025T17:29:43 - [TEST_STEP][PASSED] - println(group): null

27-02-2025T17:29:43 - [TEST_STEP][PASSED] - if (group >= 0): null

27-02-2025T17:29:43 - [TEST_STEP][PASSED] - else: null

27-02-2025T17:29:43 - [TEST_STEP][PASSED] - if (include): null

27-02-2025T17:29:43 - [TEST_STEP][PASSED] - println(line): null

27-02-2025T17:29:43 - [TEST_STEP][PASSED] - comma = line.indexOf(",y"): null

27-02-2025T17:29:43 - [TEST_STEP][PASSED] - if (comma > 0): null

27-02-2025T17:29:43 - [TEST_STEP][PASSED] - line = reader.readLine(): null

27-02-2025T17:29:43 - [TEST_STEP][PASSED] - println(line): null

27-02-2025T17:29:43 - [TEST_STEP][PASSED] - group = line.indexOf("<Group>"): null

27-02-2025T17:29:43 - [TEST_STEP][PASSED] - println(group): null

27-02-2025T17:29:43 - [TEST_STEP][PASSED] - if (group >= 0): null

27-02-2025T17:29:43 - [TEST_STEP][PASSED] - else: null

27-02-2025T17:29:43 - [TEST_STEP][PASSED] - if (include): null

27-02-2025T17:29:43 - [TEST_STEP][PASSED] - println(line): null

27-02-2025T17:29:43 - [TEST_STEP][PASSED] - comma = line.indexOf(",y"): null

27-02-2025T17:29:43 - [TEST_STEP][PASSED] - if (comma > 0): null

27-02-2025T17:29:43 - [TEST_STEP][PASSED] - line = reader.readLine(): null

27-02-2025T17:29:43 - [TEST_STEP][PASSED] - println(line): null

27-02-2025T17:29:43 - [TEST_STEP][PASSED] - group = line.indexOf("<Group>"): null

27-02-2025T17:29:43 - [TEST_STEP][PASSED] - println(group): null

27-02-2025T17:29:43 - [TEST_STEP][PASSED] - if (group >= 0): null

27-02-2025T17:29:43 - [TEST_STEP][PASSED] - else: null

27-02-2025T17:29:43 - [TEST_STEP][PASSED] - if (include): null

27-02-2025T17:29:43 - [TEST_STEP][PASSED] - println(line): null

27-02-2025T17:29:43 - [TEST_STEP][PASSED] - comma = line.indexOf(",y"): null

27-02-2025T17:29:43 - [TEST_STEP][PASSED] - if (comma > 0): null

27-02-2025T17:29:43 - [TEST_STEP][PASSED] - line = reader.readLine(): null

27-02-2025T17:29:43 - [TEST_STEP][PASSED] - println(line): null

27-02-2025T17:29:43 - [TEST_STEP][PASSED] - group = line.indexOf("<Group>"): null

27-02-2025T17:29:43 - [TEST_STEP][PASSED] - println(group): null

27-02-2025T17:29:43 - [TEST_STEP][PASSED] - if (group >= 0): null

27-02-2025T17:29:43 - [TEST_STEP][PASSED] - else: null

27-02-2025T17:29:43 - [TEST_STEP][PASSED] - if (include): null

27-02-2025T17:29:43 - [TEST_STEP][PASSED] - println(line): null

27-02-2025T17:29:43 - [TEST_STEP][PASSED] - comma = line.indexOf(",y"): null

27-02-2025T17:29:43 - [TEST_STEP][PASSED] - if (comma > 0): null

27-02-2025T17:29:43 - [TEST_STEP][PASSED] - line = reader.readLine(): null

27-02-2025T17:29:43 - [TEST_STEP][PASSED] - println(line): null

27-02-2025T17:29:43 - [TEST_STEP][PASSED] - group = line.indexOf("<Group>"): null

27-02-2025T17:29:43 - [TEST_STEP][PASSED] - println(group): null

27-02-2025T17:29:43 - [TEST_STEP][PASSED] - if (group >= 0): null

27-02-2025T17:29:43 - [TEST_STEP][PASSED] - else: null

27-02-2025T17:29:43 - [TEST_STEP][PASSED] - if (include): null

27-02-2025T17:29:43 - [TEST_STEP][PASSED] - println(line): null

27-02-2025T17:29:43 - [TEST_STEP][PASSED] - comma = line.indexOf(",y"): null

27-02-2025T17:29:43 - [TEST_STEP][PASSED] - if (comma > 0): null

27-02-2025T17:29:43 - [TEST_STEP][PASSED] - line = reader.readLine(): null

27-02-2025T17:29:43 - [TEST_STEP][PASSED] - println(line): null

27-02-2025T17:29:43 - [TEST_STEP][PASSED] - group = line.indexOf("<Group>"): null

27-02-2025T17:29:43 - [TEST_STEP][PASSED] - println(group): null

27-02-2025T17:29:43 - [TEST_STEP][PASSED] - if (group >= 0): null

27-02-2025T17:29:43 - [TEST_STEP][PASSED] - else: null

27-02-2025T17:29:43 - [TEST_STEP][PASSED] - if (include): null

27-02-2025T17:29:43 - [TEST_STEP][PASSED] - println(line): null

27-02-2025T17:29:43 - [TEST_STEP][PASSED] - comma = line.indexOf(",y"): null

27-02-2025T17:29:43 - [TEST_STEP][PASSED] - if (comma > 0): null

27-02-2025T17:29:43 - [TEST_STEP][PASSED] - line = reader.readLine(): null

27-02-2025T17:29:43 - [TEST_STEP][PASSED] - println(line): null

27-02-2025T17:29:43 - [TEST_STEP][PASSED] - group = line.indexOf("<Group>"): null

27-02-2025T17:29:43 - [TEST_STEP][PASSED] - println(group): null

27-02-2025T17:29:43 - [TEST_STEP][PASSED] - if (group >= 0): null

27-02-2025T17:29:43 - [TEST_STEP][PASSED] - else: null

27-02-2025T17:29:43 - [TEST_STEP][PASSED] - if (include): null

27-02-2025T17:29:43 - [TEST_STEP][PASSED] - println(line): null

27-02-2025T17:29:43 - [TEST_STEP][PASSED] - comma = line.indexOf(",y"): null

27-02-2025T17:29:43 - [TEST_STEP][PASSED] - if (comma > 0): null

27-02-2025T17:29:43 - [TEST_STEP][PASSED] - line = reader.readLine(): null

27-02-2025T17:29:43 - [TEST_STEP][PASSED] - println(line): null

27-02-2025T17:29:43 - [TEST_STEP][PASSED] - group = line.indexOf("<Group>"): null

27-02-2025T17:29:43 - [TEST_STEP][PASSED] - println(group): null

27-02-2025T17:29:43 - [TEST_STEP][PASSED] - if (group >= 0): null

27-02-2025T17:29:43 - [TEST_STEP][PASSED] - else: null

27-02-2025T17:29:43 - [TEST_STEP][PASSED] - if (include): null

27-02-2025T17:29:43 - [TEST_STEP][PASSED] - println(line): null

27-02-2025T17:29:43 - [TEST_STEP][PASSED] - comma = line.indexOf(",y"): null

27-02-2025T17:29:43 - [TEST_STEP][PASSED] - if (comma > 0): null

27-02-2025T17:29:43 - [TEST_STEP][PASSED] - line = reader.readLine(): null

27-02-2025T17:29:43 - [TEST_STEP][PASSED] - println(line): null

27-02-2025T17:29:43 - [TEST_STEP][PASSED] - group = line.indexOf("<Group>"): null

27-02-2025T17:29:43 - [TEST_STEP][PASSED] - println(group): null

27-02-2025T17:29:43 - [TEST_STEP][PASSED] - if (group >= 0): null

27-02-2025T17:29:43 - [TEST_STEP][PASSED] - else: null

27-02-2025T17:29:43 - [TEST_STEP][PASSED] - if (include): null

27-02-2025T17:29:43 - [TEST_STEP][PASSED] - println(line): null

27-02-2025T17:29:43 - [TEST_STEP][PASSED] - comma = line.indexOf(",y"): null

27-02-2025T17:29:43 - [TEST_STEP][PASSED] - if (comma > 0): null

27-02-2025T17:29:43 - [TEST_STEP][PASSED] - line = reader.readLine(): null

27-02-2025T17:29:43 - [TEST_STEP][PASSED] - println(line): null

27-02-2025T17:29:43 - [TEST_STEP][PASSED] - group = line.indexOf("<Group>"): null

27-02-2025T17:29:43 - [TEST_STEP][PASSED] - println(group): null

27-02-2025T17:29:43 - [TEST_STEP][PASSED] - if (group >= 0): null

27-02-2025T17:29:43 - [TEST_STEP][PASSED] - else: null

27-02-2025T17:29:43 - [TEST_STEP][PASSED] - if (include): null

27-02-2025T17:29:43 - [TEST_STEP][PASSED] - println(line): null

27-02-2025T17:29:43 - [TEST_STEP][PASSED] - comma = line.indexOf(",y"): null

27-02-2025T17:29:43 - [TEST_STEP][PASSED] - if (comma > 0): null

27-02-2025T17:29:43 - [TEST_STEP][PASSED] - line = reader.readLine(): null

27-02-2025T17:29:43 - [TEST_STEP][PASSED] - println(line): null

27-02-2025T17:29:43 - [TEST_STEP][PASSED] - group = line.indexOf("<Group>"): null

27-02-2025T17:29:43 - [TEST_STEP][PASSED] - println(group): null

27-02-2025T17:29:43 - [TEST_STEP][PASSED] - if (group >= 0): null

27-02-2025T17:29:43 - [TEST_STEP][PASSED] - else: null

27-02-2025T17:29:43 - [TEST_STEP][PASSED] - if (include): null

27-02-2025T17:29:43 - [TEST_STEP][PASSED] - println(line): null

27-02-2025T17:29:43 - [TEST_STEP][PASSED] - comma = line.indexOf(",y"): null

27-02-2025T17:29:43 - [TEST_STEP][PASSED] - if (comma > 0): null

27-02-2025T17:29:43 - [TEST_STEP][PASSED] - line = reader.readLine(): null

27-02-2025T17:29:43 - [TEST_STEP][PASSED] - println(line): null

27-02-2025T17:29:43 - [TEST_STEP][PASSED] - group = line.indexOf("<Group>"): null

27-02-2025T17:29:43 - [TEST_STEP][PASSED] - println(group): null

27-02-2025T17:29:43 - [TEST_STEP][PASSED] - if (group >= 0): null

27-02-2025T17:29:43 - [TEST_STEP][PASSED] - else: null

27-02-2025T17:29:43 - [TEST_STEP][PASSED] - if (include): null

27-02-2025T17:29:43 - [TEST_STEP][PASSED] - println(line): null

27-02-2025T17:29:43 - [TEST_STEP][PASSED] - comma = line.indexOf(",y"): null

27-02-2025T17:29:43 - [TEST_STEP][PASSED] - if (comma > 0): null

27-02-2025T17:29:43 - [TEST_STEP][PASSED] - line = reader.readLine(): null

27-02-2025T17:29:43 - [TEST_STEP][PASSED] - println(line): null

27-02-2025T17:29:43 - [TEST_STEP][PASSED] - group = line.indexOf("<Group>"): null

27-02-2025T17:29:43 - [TEST_STEP][PASSED] - println(group): null

27-02-2025T17:29:43 - [TEST_STEP][PASSED] - if (group >= 0): null

27-02-2025T17:29:43 - [TEST_STEP][PASSED] - else: null

27-02-2025T17:29:43 - [TEST_STEP][PASSED] - if (include): null

27-02-2025T17:29:43 - [TEST_STEP][PASSED] - println(line): null

27-02-2025T17:29:43 - [TEST_STEP][PASSED] - comma = line.indexOf(",y"): null

27-02-2025T17:29:43 - [TEST_STEP][PASSED] - if (comma > 0): null

27-02-2025T17:29:43 - [TEST_STEP][PASSED] - line = reader.readLine(): null

27-02-2025T17:29:43 - [TEST_STEP][PASSED] - println(line): null

27-02-2025T17:29:43 - [TEST_STEP][PASSED] - group = line.indexOf("<Group>"): null

27-02-2025T17:29:43 - [TEST_STEP][PASSED] - println(group): null

27-02-2025T17:29:43 - [TEST_STEP][PASSED] - if (group >= 0): null

27-02-2025T17:29:43 - [TEST_STEP][PASSED] - else: null

27-02-2025T17:29:43 - [TEST_STEP][PASSED] - if (include): null

27-02-2025T17:29:43 - [TEST_STEP][PASSED] - println(line): null

27-02-2025T17:29:43 - [TEST_STEP][PASSED] - comma = line.indexOf(",y"): null

27-02-2025T17:29:43 - [TEST_STEP][PASSED] - if (comma > 0): null

27-02-2025T17:29:43 - [TEST_STEP][PASSED] - line = reader.readLine(): null

27-02-2025T17:29:43 - [TEST_STEP][PASSED] - println(line): null

27-02-2025T17:29:43 - [TEST_STEP][PASSED] - group = line.indexOf("<Group>"): null

27-02-2025T17:29:43 - [TEST_STEP][PASSED] - println(group): null

27-02-2025T17:29:43 - [TEST_STEP][PASSED] - if (group >= 0): null

27-02-2025T17:29:43 - [TEST_STEP][PASSED] - else: null

27-02-2025T17:29:43 - [TEST_STEP][PASSED] - if (include): null

27-02-2025T17:29:43 - [TEST_STEP][PASSED] - println(line): null

27-02-2025T17:29:43 - [TEST_STEP][PASSED] - comma = line.indexOf(",y"): null

27-02-2025T17:29:43 - [TEST_STEP][PASSED] - if (comma > 0): null

27-02-2025T17:29:43 - [TEST_STEP][PASSED] - line = reader.readLine(): null

27-02-2025T17:29:43 - [TEST_STEP][PASSED] - println(line): null

27-02-2025T17:29:43 - [TEST_STEP][PASSED] - group = line.indexOf("<Group>"): null

27-02-2025T17:29:43 - [TEST_STEP][PASSED] - println(group): null

27-02-2025T17:29:43 - [TEST_STEP][PASSED] - if (group >= 0): null

27-02-2025T17:29:43 - [TEST_STEP][PASSED] - else: null

27-02-2025T17:29:43 - [TEST_STEP][PASSED] - if (include): null

27-02-2025T17:29:43 - [TEST_STEP][PASSED] - println(line): null

27-02-2025T17:29:43 - [TEST_STEP][PASSED] - comma = line.indexOf(",y"): null

27-02-2025T17:29:43 - [TEST_STEP][PASSED] - if (comma > 0): null

27-02-2025T17:29:43 - [TEST_STEP][PASSED] - line = reader.readLine(): null

27-02-2025T17:29:43 - [TEST_STEP][PASSED] - println(line): null

27-02-2025T17:29:43 - [TEST_STEP][PASSED] - group = line.indexOf("<Group>"): null

27-02-2025T17:29:43 - [TEST_STEP][PASSED] - println(group): null

27-02-2025T17:29:43 - [TEST_STEP][PASSED] - if (group >= 0): null

27-02-2025T17:29:43 - [TEST_STEP][PASSED] - else: null

27-02-2025T17:29:43 - [TEST_STEP][PASSED] - if (include): null

27-02-2025T17:29:43 - [TEST_STEP][PASSED] - println(line): null

27-02-2025T17:29:43 - [TEST_STEP][PASSED] - comma = line.indexOf(",y"): null

27-02-2025T17:29:43 - [TEST_STEP][PASSED] - if (comma > 0): null

27-02-2025T17:29:43 - [TEST_STEP][PASSED] - line = reader.readLine(): null

27-02-2025T17:29:43 - [TEST_STEP][PASSED] - println(line): null

27-02-2025T17:29:43 - [TEST_STEP][PASSED] - group = line.indexOf("<Group>"): null

27-02-2025T17:29:43 - [TEST_STEP][PASSED] - println(group): null

27-02-2025T17:29:43 - [TEST_STEP][PASSED] - if (group >= 0): null

27-02-2025T17:29:43 - [TEST_STEP][PASSED] - else: null

27-02-2025T17:29:43 - [TEST_STEP][PASSED] - if (include): null

27-02-2025T17:29:43 - [TEST_STEP][PASSED] - println(line): null

27-02-2025T17:29:43 - [TEST_STEP][PASSED] - comma = line.indexOf(",y"): null

27-02-2025T17:29:43 - [TEST_STEP][PASSED] - if (comma > 0): null

27-02-2025T17:29:43 - [TEST_STEP][PASSED] - commaCount = StringUtils.countMatches(line, ","): null

27-02-2025T17:29:43 - [TEST_STEP][PASSED] - if (commaCount > 1): null

27-02-2025T17:29:43 - [TEST_STEP][PASSED] - else: null

27-02-2025T17:29:43 - [TEST_STEP][PASSED] - label = line.substring(1, comma): null

27-02-2025T17:29:43 - [TEST_STEP][PASSED] - println(label): null

27-02-2025T17:29:43 - [TEST_STEP][PASSED] - checked.add(label): null

27-02-2025T17:29:43 - [TEST_STEP][PASSED] - line = reader.readLine(): null

27-02-2025T17:29:43 - [TEST_STEP][PASSED] - println(line): null

27-02-2025T17:29:43 - [TEST_STEP][PASSED] - group = line.indexOf("<Group>"): null

27-02-2025T17:29:43 - [TEST_STEP][PASSED] - println(group): null

27-02-2025T17:29:43 - [TEST_STEP][PASSED] - if (group >= 0): null

27-02-2025T17:29:43 - [TEST_STEP][PASSED] - else: null

27-02-2025T17:29:43 - [TEST_STEP][PASSED] - if (include): null

27-02-2025T17:29:43 - [TEST_STEP][PASSED] - println(line): null

27-02-2025T17:29:43 - [TEST_STEP][PASSED] - comma = line.indexOf(",y"): null

27-02-2025T17:29:43 - [TEST_STEP][PASSED] - if (comma > 0): null

27-02-2025T17:29:43 - [TEST_STEP][PASSED] - line = reader.readLine(): null

27-02-2025T17:29:43 - [TEST_STEP][PASSED] - println(line): null

27-02-2025T17:29:43 - [TEST_STEP][PASSED] - group = line.indexOf("<Group>"): null

27-02-2025T17:29:43 - [TEST_STEP][PASSED] - println(group): null

27-02-2025T17:29:43 - [TEST_STEP][PASSED] - if (group >= 0): null

27-02-2025T17:29:43 - [TEST_STEP][PASSED] - else: null

27-02-2025T17:29:43 - [TEST_STEP][PASSED] - if (include): null

27-02-2025T17:29:43 - [TEST_STEP][PASSED] - println(line): null

27-02-2025T17:29:43 - [TEST_STEP][PASSED] - comma = line.indexOf(",y"): null

27-02-2025T17:29:43 - [TEST_STEP][PASSED] - if (comma > 0): null

27-02-2025T17:29:43 - [TEST_STEP][PASSED] - line = reader.readLine(): null

27-02-2025T17:29:43 - [TEST_STEP][PASSED] - println(line): null

27-02-2025T17:29:43 - [TEST_STEP][PASSED] - group = line.indexOf("<Group>"): null

27-02-2025T17:29:43 - [TEST_STEP][PASSED] - println(group): null

27-02-2025T17:29:43 - [TEST_STEP][PASSED] - if (group >= 0): null

27-02-2025T17:29:43 - [TEST_STEP][PASSED] - else: null

27-02-2025T17:29:43 - [TEST_STEP][PASSED] - if (include): null

27-02-2025T17:29:43 - [TEST_STEP][PASSED] - println(line): null

27-02-2025T17:29:43 - [TEST_STEP][PASSED] - comma = line.indexOf(",y"): null

27-02-2025T17:29:43 - [TEST_STEP][PASSED] - if (comma > 0): null

27-02-2025T17:29:43 - [TEST_STEP][PASSED] - commaCount = StringUtils.countMatches(line, ","): null

27-02-2025T17:29:43 - [TEST_STEP][PASSED] - if (commaCount > 1): null

27-02-2025T17:29:43 - [TEST_STEP][PASSED] - else: null

27-02-2025T17:29:43 - [TEST_STEP][PASSED] - label = line.substring(1, comma): null

27-02-2025T17:29:43 - [TEST_STEP][PASSED] - println(label): null

27-02-2025T17:29:43 - [TEST_STEP][PASSED] - checked.add(label): null

27-02-2025T17:29:43 - [TEST_STEP][PASSED] - line = reader.readLine(): null

27-02-2025T17:29:43 - [TEST_STEP][PASSED] - println(line): null

27-02-2025T17:29:43 - [TEST_STEP][PASSED] - group = line.indexOf("<Group>"): null

27-02-2025T17:29:43 - [TEST_STEP][PASSED] - println(group): null

27-02-2025T17:29:43 - [TEST_STEP][PASSED] - if (group >= 0): null

27-02-2025T17:29:43 - [TEST_STEP][PASSED] - else: null

27-02-2025T17:29:43 - [TEST_STEP][PASSED] - if (include): null

27-02-2025T17:29:43 - [TEST_STEP][PASSED] - println(line): null

27-02-2025T17:29:43 - [TEST_STEP][PASSED] - comma = line.indexOf(",y"): null

27-02-2025T17:29:43 - [TEST_STEP][PASSED] - if (comma > 0): null

27-02-2025T17:29:43 - [TEST_STEP][PASSED] - commaCount = StringUtils.countMatches(line, ","): null

27-02-2025T17:29:43 - [TEST_STEP][PASSED] - if (commaCount > 1): null

27-02-2025T17:29:43 - [TEST_STEP][PASSED] - else: null

27-02-2025T17:29:43 - [TEST_STEP][PASSED] - label = line.substring(1, comma): null

27-02-2025T17:29:43 - [TEST_STEP][PASSED] - println(label): null

27-02-2025T17:29:43 - [TEST_STEP][PASSED] - checked.add(label): null

27-02-2025T17:29:43 - [TEST_STEP][PASSED] - line = reader.readLine(): null

27-02-2025T17:29:43 - [TEST_STEP][PASSED] - println(line): null

27-02-2025T17:29:43 - [TEST_STEP][PASSED] - group = line.indexOf("<Group>"): null

27-02-2025T17:29:43 - [TEST_STEP][PASSED] - println(group): null

27-02-2025T17:29:43 - [TEST_STEP][PASSED] - if (group >= 0): null

27-02-2025T17:29:43 - [TEST_STEP][PASSED] - else: null

27-02-2025T17:29:43 - [TEST_STEP][PASSED] - if (include): null

27-02-2025T17:29:43 - [TEST_STEP][PASSED] - println(line): null

27-02-2025T17:29:43 - [TEST_STEP][PASSED] - comma = line.indexOf(",y"): null

27-02-2025T17:29:43 - [TEST_STEP][PASSED] - if (comma > 0): null

27-02-2025T17:29:43 - [TEST_STEP][PASSED] - line = reader.readLine(): null

27-02-2025T17:29:43 - [TEST_STEP][PASSED] - frame.dispose(): null

27-02-2025T17:29:43 - [TEST_STEP][PASSED] - reader.close(): null

27-02-2025T17:29:43 - [TEST_STEP][PASSED] - println(checked): null

27-02-2025T17:29:43 - [TEST_STEP][PASSED] - return checked: null

27-02-2025T17:29:43 - [MESSAGE][PASSED] - Call Test Case 'Test Cases/_Functions/Get Selections from CSV File' successfully

27-02-2025T17:29:43 - [TEST_STEP][PASSED] - available_other_positions = "None at this time": null

27-02-2025T17:29:43 - [TEST_STEP][PASSED] - other_experience_comment = "Will consider internships as work experience.": null

27-02-2025T17:29:43 - [TEST_STEP][PASSED] - callTestCase(findTestCase("Education Partner Profile/Tabs/Set Positions Needed"), ["varAvailable_positions":available_positions, "varExperience_preferred":experience_preferred, "varAvailable_other_positions":available_other_positions, ... ], OPTIONAL): Call Test Case 'Test Cases/Education Partner Profile/Tabs/Set Positions Needed' successfully

27-02-2025T17:29:43 - [TEST_CASE][PASSED] - Test Cases/Education Partner Profile/Tabs/Set Positions Needed: Test Cases/Education Partner Profile/Tabs/Set Positions Needed

27-02-2025T17:29:43 - [TEST_STEP][PASSED] - username = username: null

27-02-2025T17:29:43 - [TEST_STEP][PASSED] - if (username != "cktest06ep"): null

27-02-2025T17:29:43 - [TEST_STEP][PASSED] - domain = domain: null

27-02-2025T17:29:43 - [TEST_STEP][PASSED] - writeFile = false: null

27-02-2025T17:29:43 - [TEST_STEP][PASSED] - testName = "Education Partner Positions Needed Tab": null

27-02-2025T17:29:43 - [TEST_STEP][PASSED] - outFile = callTestCase(findTestCase("_Functions/Set Output File"), ["varTestName":testName], STOP_ON_FAILURE): Call Test Case 'Test Cases/_Functions/Set Output File' successfully

27-02-2025T17:29:43 - [TEST_CASE][PASSED] - Test Cases/_Functions/Set Output File: Test Cases/_Functions/Set Output File

27-02-2025T17:29:43 - [TEST_STEP][PASSED] - testName = varTestName: null

27-02-2025T17:29:43 - [TEST_STEP][PASSED] - domain = domain: null

27-02-2025T17:29:43 - [TEST_STEP][PASSED] - writeFile = false: null

27-02-2025T17:29:43 - [TEST_STEP][PASSED] - if (outFile != ""): null

27-02-2025T17:29:43 - [TEST_STEP][PASSED] - myFile = outFile: null

27-02-2025T17:29:43 - [TEST_STEP][PASSED] - println(myFile): null

27-02-2025T17:29:43 - [TEST_STEP][PASSED] - outFile = new java.io.File(myFile): null

27-02-2025T17:29:43 - [TEST_STEP][PASSED] - writeFile = true: null

27-02-2025T17:29:43 - [TEST_STEP][PASSED] - if (!(writeFile)): null

27-02-2025T17:29:43 - [TEST_STEP][PASSED] - else: null

27-02-2025T17:29:43 - [TEST_STEP][PASSED] - outFile.append("
Testing " + testName + " on " + domain + ".
"): null

27-02-2025T17:29:43 - [TEST_STEP][PASSED] - return outFile: null

27-02-2025T17:29:43 - [MESSAGE][PASSED] - Call Test Case 'Test Cases/_Functions/Set Output File' successfully

27-02-2025T17:29:43 - [TEST_STEP][PASSED] - parms = [varAvailable_positions, varExperience_preferred]: null

27-02-2025T17:29:43 - [TEST_STEP][PASSED] - positions = "//input[@id='profile_group-1456436124.683_educational_positions']": null

27-02-2025T17:29:43 - [TEST_STEP][PASSED] - experiences = "//input[@id='profile_group-1456436124.683_teacher_experience_preferred']": null

27-02-2025T17:29:43 - [TEST_STEP][PASSED] - xpaths = [positions, experiences]: null

27-02-2025T17:29:43 - [TEST_STEP][PASSED] - tooltipImagePath = "/Users/cckozie/git/MissionNext-Katalon-Koz/images/education partner/tabs/positions needed/": null

27-02-2025T17:29:43 - [TEST_STEP][PASSED] - testObjectFolder = "Education partner Profile/Tabs/Positions Needed/": null

27-02-2025T17:29:43 - [TEST_STEP][PASSED] - tooltips = ["dummy":"dummy"]: null

27-02-2025T17:29:43 - [TEST_STEP][PASSED] - tooltipText = []: null

27-02-2025T17:29:43 - [TEST_STEP][PASSED] - requiredFieldMsgs = ["Available Positions":"The educational positions field is required.", "Experience Preferred":"The teacher experience preferred field is required."]: null

27-02-2025T17:29:43 - [TEST_STEP][PASSED] - click(findTestObject("Education Partner Profile/Tabs/a_Positions Needed")): Object: 'Object Repository/Education Partner Profile/Tabs/a_Positions Needed' is clicked on

27-02-2025T17:29:43 - [MESSAGE][PASSED] - Object: 'Object Repository/Education Partner Profile/Tabs/a_Positions Needed' is clicked on

27-02-2025T17:29:43 - [TEST_STEP][PASSED] - tooltipTextMap = callTestCase(findTestCase("_Functions/Get Screenshot and Tooltip Text"), ["varExtension":testName], STOP_ON_FAILURE): Call Test Case 'Test Cases/_Functions/Get Screenshot and Tooltip Text' successfully

27-02-2025T17:29:43 - [TEST_CASE][PASSED] - Test Cases/_Functions/Get Screenshot and Tooltip Text: Test Cases/_Functions/Get Screenshot and Tooltip Text

27-02-2025T17:29:43 - [TEST_STEP][PASSED] - if (fastPath): null

27-02-2025T17:29:43 - [TEST_STEP][PASSED] - frame = new javax.swing.JFrame(): null

27-02-2025T17:29:43 - [TEST_STEP][PASSED] - p = new javax.swing.JPanel(): null

27-02-2025T17:29:43 - [TEST_STEP][PASSED] - l = new javax.swing.JLabel(Getting screenshot and tooltip text..., javax.swing.SwingConstants.CENTER): null

27-02-2025T17:29:43 - [TEST_STEP][PASSED] - frame.add(l): null

27-02-2025T17:29:43 - [TEST_STEP][PASSED] - frame.setSize(300, 100): null

27-02-2025T17:29:43 - [TEST_STEP][PASSED] - frame.setLocation(600, 0): null

27-02-2025T17:29:43 - [TEST_STEP][PASSED] - frame.setAlwaysOnTop(true): null

27-02-2025T17:29:43 - [TEST_STEP][PASSED] - frame.show(): null

27-02-2025T17:29:43 - [TEST_STEP][PASSED] - driver = getWebDriver(): null

27-02-2025T17:29:43 - [TEST_STEP][PASSED] - path = "/Users/cckozie/Documents/MissionNext/Screenshots and Tooltip Text/": null

27-02-2025T17:29:43 - [TEST_STEP][PASSED] - if (binding.hasVariable("varExtension")): null

27-02-2025T17:29:43 - [TEST_STEP][PASSED] - extension = varExtension: null

27-02-2025T17:29:43 - [TEST_STEP][PASSED] - println("Extension is " + extension): null

27-02-2025T17:29:43 - [TEST_STEP][PASSED] - fileBase = path + extension: null

27-02-2025T17:29:43 - [TEST_STEP][PASSED] - fileImage = fileBase + "_Screenshot.png": null

27-02-2025T17:29:43 - [TEST_STEP][PASSED] - waitForPageLoad(30): Wait for page load successfully

27-02-2025T17:29:43 - [MESSAGE][PASSED] - Wait for page load successfully

27-02-2025T17:29:43 - [TEST_STEP][PASSED] - spinner = driver.findElement(By.xpath("/html/body/div[1]/div/div[2]")): null

27-02-2025T17:29:43 - [TEST_STEP][PASSED] - executor = driver: null

27-02-2025T17:29:43 - [TEST_STEP][PASSED] - elementAttributes = executor.executeScript("var items = {}; for (index = 0; index < arguments[0].attributes.length; ++index) { items[arguments[0].attributes[index].name] = arguments[0].attributes[index].value }; return items;", spinner): null

27-02-2025T17:29:43 - [TEST_STEP][PASSED] - attrs = elementAttributes.toString(): null

27-02-2025T17:29:43 - [TEST_STEP][PASSED] - waits = 0: null

27-02-2025T17:29:43 - [TEST_STEP][PASSED] - while (attrs.indexOf("display: none") < 0 && waits < 2): null

27-02-2025T17:29:43 - [TEST_STEP][PASSED] - delay(1): Delayed 1 second(s)

27-02-2025T17:29:44 - [MESSAGE][PASSED] - Delayed 1 second(s)

27-02-2025T17:29:44 - [TEST_STEP][PASSED] - attrs = elementAttributes.toString(): null

27-02-2025T17:29:44 - [TEST_STEP][PASSED] - (waits++): null

27-02-2025T17:29:44 - [TEST_STEP][PASSED] - delay(1): Delayed 1 second(s)

27-02-2025T17:29:45 - [MESSAGE][PASSED] - Delayed 1 second(s)

27-02-2025T17:29:45 - [TEST_STEP][PASSED] - attrs = elementAttributes.toString(): null

27-02-2025T17:29:45 - [TEST_STEP][PASSED] - (waits++): null

27-02-2025T17:29:45 - [TEST_STEP][PASSED] - tooltipMap = callTestCase(findTestCase("_Functions/Get Tooltip Text"), [:], STOP_ON_FAILURE): Call Test Case 'Test Cases/_Functions/Get Tooltip Text' successfully

27-02-2025T17:29:45 - [TEST_CASE][PASSED] - Test Cases/_Functions/Get Tooltip Text: Test Cases/_Functions/Get Tooltip Text

27-02-2025T17:29:45 - [TEST_STEP][PASSED] - fieldTooltips = [:]: null

27-02-2025T17:29:45 - [TEST_STEP][PASSED] - tooltipMap = [:]: null

27-02-2025T17:29:45 - [TEST_STEP][PASSED] - driver = getWebDriver(): null

27-02-2025T17:29:45 - [TEST_STEP][PASSED] - tooltips = driver.findElements(By.className("field-tooltip")): null

27-02-2025T17:29:45 - [TEST_STEP][PASSED] - for (def it : tooltips): null

27-02-2025T17:29:45 - [TEST_STEP][PASSED] - if (it.isDisplayed()): null

27-02-2025T17:29:45 - [TEST_STEP][PASSED] - if (it.isDisplayed()): null

27-02-2025T17:29:45 - [TEST_STEP][PASSED] - if (it.isDisplayed()): null

27-02-2025T17:29:45 - [TEST_STEP][PASSED] - if (it.isDisplayed()): null

27-02-2025T17:29:45 - [TEST_STEP][PASSED] - if (it.isDisplayed()): null

27-02-2025T17:29:45 - [TEST_STEP][PASSED] - if (it.isDisplayed()): null

27-02-2025T17:29:45 - [TEST_STEP][PASSED] - if (it.isDisplayed()): null

27-02-2025T17:29:45 - [TEST_STEP][PASSED] - if (it.isDisplayed()): null

27-02-2025T17:29:45 - [TEST_STEP][PASSED] - if (it.isDisplayed()): null

27-02-2025T17:29:45 - [TEST_STEP][PASSED] - if (it.isDisplayed()): null

27-02-2025T17:29:45 - [TEST_STEP][PASSED] - if (it.isDisplayed()): null

27-02-2025T17:29:45 - [TEST_STEP][PASSED] - if (it.isDisplayed()): null

27-02-2025T17:29:45 - [TEST_STEP][PASSED] - if (it.isDisplayed()): null

27-02-2025T17:29:45 - [TEST_STEP][PASSED] - if (it.isDisplayed()): null

27-02-2025T17:29:45 - [TEST_STEP][PASSED] - if (it.isDisplayed()): null

27-02-2025T17:29:45 - [TEST_STEP][PASSED] - if (it.isDisplayed()): null

27-02-2025T17:29:45 - [TEST_STEP][PASSED] - if (it.isDisplayed()): null

27-02-2025T17:29:45 - [TEST_STEP][PASSED] - if (it.isDisplayed()): null

27-02-2025T17:29:45 - [TEST_STEP][PASSED] - if (it.isDisplayed()): null

27-02-2025T17:29:45 - [TEST_STEP][PASSED] - if (it.isDisplayed()): null

27-02-2025T17:29:45 - [TEST_STEP][PASSED] - if (it.isDisplayed()): null

27-02-2025T17:29:45 - [TEST_STEP][PASSED] - if (it.isDisplayed()): null

27-02-2025T17:29:45 - [TEST_STEP][PASSED] - if (it.isDisplayed()): null

27-02-2025T17:29:45 - [TEST_STEP][PASSED] - if (it.isDisplayed()): null

27-02-2025T17:29:45 - [TEST_STEP][PASSED] - if (it.isDisplayed()): null

27-02-2025T17:29:45 - [TEST_STEP][PASSED] - if (it.isDisplayed()): null

27-02-2025T17:29:45 - [TEST_STEP][PASSED] - if (it.isDisplayed()): null

27-02-2025T17:29:45 - [TEST_STEP][PASSED] - if (it.isDisplayed()): null

27-02-2025T17:29:45 - [TEST_STEP][PASSED] - if (fieldTooltips.size() > 0): null

27-02-2025T17:29:45 - [TEST_STEP][PASSED] - return tooltipMap: null

27-02-2025T17:29:45 - [MESSAGE][PASSED] - Call Test Case 'Test Cases/_Functions/Get Tooltip Text' successfully

27-02-2025T17:29:45 - [TEST_STEP][PASSED] - if (tooltipMap.size() > 0): null

27-02-2025T17:29:45 - [TEST_STEP][PASSED] - takeFullPageScreenshot(fileImage): Taking screenshot successfully

27-02-2025T17:29:46 - [MESSAGE][INFO] - 0 hidden object(s)

27-02-2025T17:29:47 - [MESSAGE][PASSED] - Taking screenshot successfully
[[ATTACHMENT|/Users/cckozie/Documents/MissionNext/Screenshots and Tooltip Text/Education Partner Positions Needed Tab_Screenshot.png]]

27-02-2025T17:29:47 - [TEST_STEP][PASSED] - frame.dispose(): null

27-02-2025T17:29:47 - [TEST_STEP][PASSED] - return tooltipMap: null

27-02-2025T17:29:47 - [MESSAGE][PASSED] - Call Test Case 'Test Cases/_Functions/Get Screenshot and Tooltip Text' successfully

27-02-2025T17:29:47 - [TEST_STEP][PASSED] - url = getUrl(OPTIONAL): Current window's url is: 'https://education.missionnext.org/profile?requestUri=/dashboard'

27-02-2025T17:29:47 - [MESSAGE][PASSED] - Current window's url is: 'https://education.missionnext.org/profile?requestUri=/dashboard'

27-02-2025T17:29:47 - [TEST_STEP][PASSED] - if (!(url) == "https://education." + domain + "/profile?requestUri=/dashboard"): null

27-02-2025T17:29:47 - [TEST_STEP][PASSED] - click(findTestObject("Object Repository/Education Partner Profile/Tabs/a_Positions Needed")): Object: 'Object Repository/Education Partner Profile/Tabs/a_Positions Needed' is clicked on

27-02-2025T17:29:47 - [MESSAGE][PASSED] - Object: 'Object Repository/Education Partner Profile/Tabs/a_Positions Needed' is clicked on

27-02-2025T17:29:47 - [TEST_STEP][PASSED] - outText = "Verifying the required field messages.
": null

27-02-2025T17:29:47 - [TEST_STEP][PASSED] - outFile.append(outText): null

27-02-2025T17:29:47 - [TEST_STEP][PASSED] - fieldList = []: null

27-02-2025T17:29:47 - [TEST_STEP][PASSED] - requiredFieldMsgs.each({ -> ... }): null

27-02-2025T17:29:47 - [TEST_STEP][PASSED] - callTestCase(findTestCase("_Functions/Test Field Error Messages"), ["varFieldList":fieldList, "varRequiredFieldMsgs":requiredFieldMsgs], STOP_ON_FAILURE): Call Test Case 'Test Cases/_Functions/Test Field Error Messages' successfully

27-02-2025T17:29:47 - [TEST_CASE][PASSED] - Test Cases/_Functions/Test Field Error Messages: Test Cases/_Functions/Test Field Error Messages

27-02-2025T17:29:47 - [TEST_STEP][PASSED] - count = callTestCase(findTestCase("_Functions/Find error messages"), ["varFunction":"count"], STOP_ON_FAILURE): Call Test Case 'Test Cases/_Functions/Find error messages' successfully

27-02-2025T17:29:47 - [TEST_CASE][PASSED] - Test Cases/_Functions/Find error messages: Test Cases/_Functions/Find error messages

27-02-2025T17:29:47 - [TEST_STEP][PASSED] - function = "count": null

27-02-2025T17:29:47 - [TEST_STEP][PASSED] - if (binding.hasVariable("varFunction")): null

27-02-2025T17:29:47 - [TEST_STEP][PASSED] - function = varFunction: null

27-02-2025T17:29:47 - [TEST_STEP][PASSED] - title = getWindowTitle(): Current window's title is: 'Education'

27-02-2025T17:29:47 - [MESSAGE][PASSED] - Current window's title is: 'Education'

27-02-2025T17:29:47 - [TEST_STEP][PASSED] - println("Page title is " + title): null

27-02-2025T17:29:47 - [TEST_STEP][PASSED] - driver = getWebDriver(): null

27-02-2025T17:29:47 - [TEST_STEP][PASSED] - elements = driver.findElements(By.xpath("//div[@class='col-sm-offset-3 col-sm-9 text-danger']")): null

27-02-2025T17:29:47 - [TEST_STEP][PASSED] - if (function == "count"): null

27-02-2025T17:29:47 - [TEST_STEP][PASSED] - return elements.size(): null

27-02-2025T17:29:47 - [MESSAGE][PASSED] - Call Test Case 'Test Cases/_Functions/Find error messages' successfully

27-02-2025T17:29:47 - [TEST_STEP][PASSED] - outFile = outFile: null

27-02-2025T17:29:47 - [TEST_STEP][PASSED] - if (count == 0): null

27-02-2025T17:29:47 - [TEST_STEP][PASSED] - else: Delayed 0 second(s)

27-02-2025T17:29:47 - [TEST_STEP][PASSED] - fieldList = varFieldList: null

27-02-2025T17:29:47 - [TEST_STEP][PASSED] - requiredFieldMsgs = varRequiredFieldMsgs: null

27-02-2025T17:29:47 - [TEST_STEP][PASSED] - outText = "Verifying error messages for fields " + fieldList: null

27-02-2025T17:29:47 - [TEST_STEP][PASSED] - for (def field : fieldList): null

27-02-2025T17:29:47 - [TEST_STEP][PASSED] - errorMsg = requiredFieldMsgs.get(field): null

27-02-2025T17:29:47 - [TEST_STEP][PASSED] - msg = verifyTextPresent(errorMsg, false, OPTIONAL): Text 'The educational positions field is required.' is present on page 

27-02-2025T17:29:47 - [MESSAGE][PASSED] - Text 'The educational positions field is required.' is present on page 

27-02-2025T17:29:47 - [TEST_STEP][PASSED] - println(field + ":" + msg): null

27-02-2025T17:29:47 - [TEST_STEP][PASSED] - if (!(msg)): null

27-02-2025T17:29:47 - [TEST_STEP][PASSED] - errorMsg = requiredFieldMsgs.get(field): null

27-02-2025T17:29:47 - [TEST_STEP][PASSED] - msg = verifyTextPresent(errorMsg, false, OPTIONAL): Text 'The teacher experience preferred field is required.' is present on page 

27-02-2025T17:29:47 - [MESSAGE][PASSED] - Text 'The teacher experience preferred field is required.' is present on page 

27-02-2025T17:29:47 - [TEST_STEP][PASSED] - println(field + ":" + msg): null

27-02-2025T17:29:47 - [TEST_STEP][PASSED] - if (!(msg)): null

27-02-2025T17:29:47 - [TEST_STEP][PASSED] - delay(fieldTestDelay): Delayed 0 second(s)

27-02-2025T17:29:47 - [MESSAGE][PASSED] - Delayed 0 second(s)

27-02-2025T17:29:47 - [MESSAGE][PASSED] - Call Test Case 'Test Cases/_Functions/Test Field Error Messages' successfully

27-02-2025T17:29:47 - [TEST_STEP][PASSED] - if (!(fastPath)): Call Test Case 'Test Cases/_Functions/Click on Group Elements' successfully

27-02-2025T17:29:47 - [TEST_STEP][PASSED] - callTestCase(findTestCase("_Functions/Click on Group Elements"), ["varXpaths":xpaths, "varParms":parms], STOP_ON_FAILURE): Call Test Case 'Test Cases/_Functions/Click on Group Elements' successfully

27-02-2025T17:29:47 - [TEST_CASE][PASSED] - Test Cases/_Functions/Click on Group Elements: Test Cases/_Functions/Click on Group Elements

27-02-2025T17:29:47 - [TEST_STEP][PASSED] - debug = false: null

27-02-2025T17:29:47 - [TEST_STEP][PASSED] - toggle = true: null

27-02-2025T17:29:47 - [TEST_STEP][PASSED] - frame = new javax.swing.JFrame(): null

27-02-2025T17:29:47 - [TEST_STEP][PASSED] - p = new javax.swing.JPanel(): null

27-02-2025T17:29:47 - [TEST_STEP][PASSED] - l = new javax.swing.JLabel(Making user selections..., javax.swing.SwingConstants.CENTER): null

27-02-2025T17:29:47 - [TEST_STEP][PASSED] - frame.add(l): null

27-02-2025T17:29:47 - [TEST_STEP][PASSED] - frame.setSize(300, 100): null

27-02-2025T17:29:47 - [TEST_STEP][PASSED] - frame.setLocation(600, 0): null

27-02-2025T17:29:47 - [TEST_STEP][PASSED] - frame.setAlwaysOnTop(true): null

27-02-2025T17:29:47 - [TEST_STEP][PASSED] - frame.show(): null

27-02-2025T17:29:47 - [TEST_STEP][PASSED] - driver = getWebDriver(): null

27-02-2025T17:29:47 - [TEST_STEP][PASSED] - println(varParms): null

27-02-2025T17:29:47 - [TEST_STEP][PASSED] - for ([i = 0, i < varXpaths.size(), (i++)]): null

27-02-2025T17:29:47 - [TEST_STEP][PASSED] - if (debug): null

27-02-2025T17:29:47 - [TEST_STEP][PASSED] - if (varParms[i].indexOf("Europe") >= 0): null

27-02-2025T17:29:47 - [TEST_STEP][PASSED] - elements = driver.findElements(By.xpath(varXpaths[i])): null

27-02-2025T17:29:47 - [TEST_STEP][PASSED] - element_count = elements.size(): null

27-02-2025T17:29:47 - [TEST_STEP][PASSED] - for (def element : elements): null

27-02-2025T17:29:47 - [TEST_STEP][PASSED] - myValue = element.getAttribute("value"): null

27-02-2025T17:29:47 - [TEST_STEP][PASSED] - if (debug): null

27-02-2025T17:29:47 - [TEST_STEP][PASSED] - if (myValue.length() >= 4): null

27-02-2025T17:29:47 - [TEST_STEP][PASSED] - if (myValue.substring(0, 4) == "(!) "): null

27-02-2025T17:29:47 - [TEST_STEP][PASSED] - myType = element.getAttribute("type"): null

27-02-2025T17:29:47 - [TEST_STEP][PASSED] - if (myValue in varParms[i]): null

27-02-2025T17:29:47 - [TEST_STEP][PASSED] - inList = true: null

27-02-2025T17:29:47 - [TEST_STEP][PASSED] - if (myType == "checkbox"): null

27-02-2025T17:29:47 - [TEST_STEP][PASSED] - myStatus = element.isSelected(): null

27-02-2025T17:29:47 - [TEST_STEP][PASSED] - if (debug): null

27-02-2025T17:29:47 - [TEST_STEP][PASSED] - if (toggle && myStatus && inList): null

27-02-2025T17:29:47 - [TEST_STEP][PASSED] - if (!(myStatus) && inList || myStatus && !(inList)): null

27-02-2025T17:29:47 - [TEST_STEP][PASSED] - if (debug): null

27-02-2025T17:29:47 - [TEST_STEP][PASSED] - println("Clicking " + myValue): null

27-02-2025T17:29:47 - [TEST_STEP][PASSED] - click(element): null

27-02-2025T17:29:47 - [TEST_STEP][PASSED] - scrollToObject(elem): null

27-02-2025T17:29:47 - [TEST_STEP][PASSED] - loc = element.getLocation(): null

27-02-2025T17:29:47 - [TEST_STEP][PASSED] - if (debug): null

27-02-2025T17:29:47 - [TEST_STEP][PASSED] - y = loc.getY(): null

27-02-2025T17:29:47 - [TEST_STEP][PASSED] - println("Y location is " + y): null

27-02-2025T17:29:47 - [TEST_STEP][PASSED] - top = getViewportTopPosition(): Current viewport's top (y) position is 94

27-02-2025T17:29:47 - [MESSAGE][PASSED] - Current viewport's top (y) position is 94

27-02-2025T17:29:47 - [TEST_STEP][PASSED] - println("Viewport top is " + top): null

27-02-2025T17:29:47 - [TEST_STEP][PASSED] - bottom = top + 600: null

27-02-2025T17:29:47 - [TEST_STEP][PASSED] - if (y - top < 150 || bottom - y < 10): null

27-02-2025T17:29:47 - [TEST_STEP][PASSED] - elem.click(): null

27-02-2025T17:29:47 - [TEST_STEP][PASSED] - myValue = element.getAttribute("value"): null

27-02-2025T17:29:47 - [TEST_STEP][PASSED] - if (debug): null

27-02-2025T17:29:47 - [TEST_STEP][PASSED] - if (myValue.length() >= 4): null

27-02-2025T17:29:47 - [TEST_STEP][PASSED] - if (myValue.substring(0, 4) == "(!) "): null

27-02-2025T17:29:47 - [TEST_STEP][PASSED] - myType = element.getAttribute("type"): null

27-02-2025T17:29:47 - [TEST_STEP][PASSED] - if (myValue in varParms[i]): null

27-02-2025T17:29:47 - [TEST_STEP][PASSED] - inList = true: null

27-02-2025T17:29:47 - [TEST_STEP][PASSED] - if (myType == "checkbox"): null

27-02-2025T17:29:47 - [TEST_STEP][PASSED] - myStatus = element.isSelected(): null

27-02-2025T17:29:47 - [TEST_STEP][PASSED] - if (debug): null

27-02-2025T17:29:47 - [TEST_STEP][PASSED] - if (toggle && myStatus && inList): null

27-02-2025T17:29:47 - [TEST_STEP][PASSED] - if (!(myStatus) && inList || myStatus && !(inList)): null

27-02-2025T17:29:47 - [TEST_STEP][PASSED] - if (debug): null

27-02-2025T17:29:47 - [TEST_STEP][PASSED] - println("Clicking " + myValue): null

27-02-2025T17:29:47 - [TEST_STEP][PASSED] - click(element): null

27-02-2025T17:29:47 - [TEST_STEP][PASSED] - scrollToObject(elem): null

27-02-2025T17:29:47 - [TEST_STEP][PASSED] - loc = element.getLocation(): null

27-02-2025T17:29:47 - [TEST_STEP][PASSED] - if (debug): null

27-02-2025T17:29:47 - [TEST_STEP][PASSED] - y = loc.getY(): null

27-02-2025T17:29:47 - [TEST_STEP][PASSED] - println("Y location is " + y): null

27-02-2025T17:29:47 - [TEST_STEP][PASSED] - top = getViewportTopPosition(): Current viewport's top (y) position is 94

27-02-2025T17:29:47 - [MESSAGE][PASSED] - Current viewport's top (y) position is 94

27-02-2025T17:29:47 - [TEST_STEP][PASSED] - println("Viewport top is " + top): null

27-02-2025T17:29:47 - [TEST_STEP][PASSED] - bottom = top + 600: null

27-02-2025T17:29:47 - [TEST_STEP][PASSED] - if (y - top < 150 || bottom - y < 10): null

27-02-2025T17:29:47 - [TEST_STEP][PASSED] - elem.click(): null

27-02-2025T17:29:47 - [TEST_STEP][PASSED] - myValue = element.getAttribute("value"): null

27-02-2025T17:29:47 - [TEST_STEP][PASSED] - if (debug): null

27-02-2025T17:29:47 - [TEST_STEP][PASSED] - if (myValue.length() >= 4): null

27-02-2025T17:29:47 - [TEST_STEP][PASSED] - if (myValue.substring(0, 4) == "(!) "): null

27-02-2025T17:29:47 - [TEST_STEP][PASSED] - myType = element.getAttribute("type"): null

27-02-2025T17:29:47 - [TEST_STEP][PASSED] - if (myValue in varParms[i]): null

27-02-2025T17:29:47 - [TEST_STEP][PASSED] - inList = true: null

27-02-2025T17:29:47 - [TEST_STEP][PASSED] - if (myType == "checkbox"): null

27-02-2025T17:29:47 - [TEST_STEP][PASSED] - myStatus = element.isSelected(): null

27-02-2025T17:29:47 - [TEST_STEP][PASSED] - if (debug): null

27-02-2025T17:29:47 - [TEST_STEP][PASSED] - if (toggle && myStatus && inList): null

27-02-2025T17:29:47 - [TEST_STEP][PASSED] - if (!(myStatus) && inList || myStatus && !(inList)): null

27-02-2025T17:29:47 - [TEST_STEP][PASSED] - if (debug): null

27-02-2025T17:29:47 - [TEST_STEP][PASSED] - println("Clicking " + myValue): null

27-02-2025T17:29:47 - [TEST_STEP][PASSED] - click(element): null

27-02-2025T17:29:47 - [TEST_STEP][PASSED] - scrollToObject(elem): null

27-02-2025T17:29:47 - [TEST_STEP][PASSED] - loc = element.getLocation(): null

27-02-2025T17:29:47 - [TEST_STEP][PASSED] - if (debug): null

27-02-2025T17:29:47 - [TEST_STEP][PASSED] - y = loc.getY(): null

27-02-2025T17:29:47 - [TEST_STEP][PASSED] - println("Y location is " + y): null

27-02-2025T17:29:47 - [TEST_STEP][PASSED] - top = getViewportTopPosition(): Current viewport's top (y) position is 94

27-02-2025T17:29:47 - [MESSAGE][PASSED] - Current viewport's top (y) position is 94

27-02-2025T17:29:47 - [TEST_STEP][PASSED] - println("Viewport top is " + top): null

27-02-2025T17:29:47 - [TEST_STEP][PASSED] - bottom = top + 600: null

27-02-2025T17:29:47 - [TEST_STEP][PASSED] - if (y - top < 150 || bottom - y < 10): null

27-02-2025T17:29:47 - [TEST_STEP][PASSED] - elem.click(): null

27-02-2025T17:29:47 - [TEST_STEP][PASSED] - myValue = element.getAttribute("value"): null

27-02-2025T17:29:47 - [TEST_STEP][PASSED] - if (debug): null

27-02-2025T17:29:47 - [TEST_STEP][PASSED] - if (myValue.length() >= 4): null

27-02-2025T17:29:47 - [TEST_STEP][PASSED] - if (myValue.substring(0, 4) == "(!) "): null

27-02-2025T17:29:47 - [TEST_STEP][PASSED] - myType = element.getAttribute("type"): null

27-02-2025T17:29:47 - [TEST_STEP][PASSED] - if (myValue in varParms[i]): null

27-02-2025T17:29:47 - [TEST_STEP][PASSED] - inList = true: null

27-02-2025T17:29:47 - [TEST_STEP][PASSED] - if (myType == "checkbox"): null

27-02-2025T17:29:47 - [TEST_STEP][PASSED] - myStatus = element.isSelected(): null

27-02-2025T17:29:47 - [TEST_STEP][PASSED] - if (debug): null

27-02-2025T17:29:47 - [TEST_STEP][PASSED] - if (toggle && myStatus && inList): null

27-02-2025T17:29:47 - [TEST_STEP][PASSED] - if (!(myStatus) && inList || myStatus && !(inList)): null

27-02-2025T17:29:47 - [TEST_STEP][PASSED] - if (debug): null

27-02-2025T17:29:47 - [TEST_STEP][PASSED] - println("Clicking " + myValue): null

27-02-2025T17:29:47 - [TEST_STEP][PASSED] - click(element): null

27-02-2025T17:29:47 - [TEST_STEP][PASSED] - scrollToObject(elem): null

27-02-2025T17:29:47 - [TEST_STEP][PASSED] - loc = element.getLocation(): null

27-02-2025T17:29:47 - [TEST_STEP][PASSED] - if (debug): null

27-02-2025T17:29:47 - [TEST_STEP][PASSED] - y = loc.getY(): null

27-02-2025T17:29:47 - [TEST_STEP][PASSED] - println("Y location is " + y): null

27-02-2025T17:29:47 - [TEST_STEP][PASSED] - top = getViewportTopPosition(): Current viewport's top (y) position is 94

27-02-2025T17:29:47 - [MESSAGE][PASSED] - Current viewport's top (y) position is 94

27-02-2025T17:29:47 - [TEST_STEP][PASSED] - println("Viewport top is " + top): null

27-02-2025T17:29:47 - [TEST_STEP][PASSED] - bottom = top + 600: null

27-02-2025T17:29:47 - [TEST_STEP][PASSED] - if (y - top < 150 || bottom - y < 10): null

27-02-2025T17:29:47 - [TEST_STEP][PASSED] - elem.click(): null

27-02-2025T17:29:47 - [TEST_STEP][PASSED] - myValue = element.getAttribute("value"): null

27-02-2025T17:29:47 - [TEST_STEP][PASSED] - if (debug): null

27-02-2025T17:29:47 - [TEST_STEP][PASSED] - if (myValue.length() >= 4): null

27-02-2025T17:29:47 - [TEST_STEP][PASSED] - if (myValue.substring(0, 4) == "(!) "): null

27-02-2025T17:29:47 - [TEST_STEP][PASSED] - myType = element.getAttribute("type"): null

27-02-2025T17:29:47 - [TEST_STEP][PASSED] - if (myValue in varParms[i]): null

27-02-2025T17:29:47 - [TEST_STEP][PASSED] - else: null

27-02-2025T17:29:47 - [TEST_STEP][PASSED] - inList = false: null

27-02-2025T17:29:47 - [TEST_STEP][PASSED] - if (myType == "checkbox"): null

27-02-2025T17:29:47 - [TEST_STEP][PASSED] - myStatus = element.isSelected(): null

27-02-2025T17:29:47 - [TEST_STEP][PASSED] - if (debug): null

27-02-2025T17:29:47 - [TEST_STEP][PASSED] - if (toggle && myStatus && inList): null

27-02-2025T17:29:47 - [TEST_STEP][PASSED] - if (!(myStatus) && inList || myStatus && !(inList)): null

27-02-2025T17:29:47 - [TEST_STEP][PASSED] - myValue = element.getAttribute("value"): null

27-02-2025T17:29:47 - [TEST_STEP][PASSED] - if (debug): null

27-02-2025T17:29:47 - [TEST_STEP][PASSED] - if (myValue.length() >= 4): null

27-02-2025T17:29:47 - [TEST_STEP][PASSED] - if (myValue.substring(0, 4) == "(!) "): null

27-02-2025T17:29:47 - [TEST_STEP][PASSED] - myType = element.getAttribute("type"): null

27-02-2025T17:29:47 - [TEST_STEP][PASSED] - if (myValue in varParms[i]): null

27-02-2025T17:29:47 - [TEST_STEP][PASSED] - else: null

27-02-2025T17:29:47 - [TEST_STEP][PASSED] - inList = false: null

27-02-2025T17:29:47 - [TEST_STEP][PASSED] - if (myType == "checkbox"): null

27-02-2025T17:29:47 - [TEST_STEP][PASSED] - myStatus = element.isSelected(): null

27-02-2025T17:29:47 - [TEST_STEP][PASSED] - if (debug): null

27-02-2025T17:29:47 - [TEST_STEP][PASSED] - if (toggle && myStatus && inList): null

27-02-2025T17:29:47 - [TEST_STEP][PASSED] - if (!(myStatus) && inList || myStatus && !(inList)): null

27-02-2025T17:29:47 - [TEST_STEP][PASSED] - myValue = element.getAttribute("value"): null

27-02-2025T17:29:47 - [TEST_STEP][PASSED] - if (debug): null

27-02-2025T17:29:47 - [TEST_STEP][PASSED] - if (myValue.length() >= 4): null

27-02-2025T17:29:47 - [TEST_STEP][PASSED] - if (myValue.substring(0, 4) == "(!) "): null

27-02-2025T17:29:47 - [TEST_STEP][PASSED] - myType = element.getAttribute("type"): null

27-02-2025T17:29:47 - [TEST_STEP][PASSED] - if (myValue in varParms[i]): null

27-02-2025T17:29:47 - [TEST_STEP][PASSED] - else: null

27-02-2025T17:29:47 - [TEST_STEP][PASSED] - inList = false: null

27-02-2025T17:29:47 - [TEST_STEP][PASSED] - if (myType == "checkbox"): null

27-02-2025T17:29:47 - [TEST_STEP][PASSED] - myStatus = element.isSelected(): null

27-02-2025T17:29:47 - [TEST_STEP][PASSED] - if (debug): null

27-02-2025T17:29:47 - [TEST_STEP][PASSED] - if (toggle && myStatus && inList): null

27-02-2025T17:29:47 - [TEST_STEP][PASSED] - if (!(myStatus) && inList || myStatus && !(inList)): null

27-02-2025T17:29:47 - [TEST_STEP][PASSED] - myValue = element.getAttribute("value"): null

27-02-2025T17:29:47 - [TEST_STEP][PASSED] - if (debug): null

27-02-2025T17:29:47 - [TEST_STEP][PASSED] - if (myValue.length() >= 4): null

27-02-2025T17:29:47 - [TEST_STEP][PASSED] - if (myValue.substring(0, 4) == "(!) "): null

27-02-2025T17:29:47 - [TEST_STEP][PASSED] - myType = element.getAttribute("type"): null

27-02-2025T17:29:47 - [TEST_STEP][PASSED] - if (myValue in varParms[i]): null

27-02-2025T17:29:47 - [TEST_STEP][PASSED] - else: null

27-02-2025T17:29:47 - [TEST_STEP][PASSED] - inList = false: null

27-02-2025T17:29:47 - [TEST_STEP][PASSED] - if (myType == "checkbox"): null

27-02-2025T17:29:47 - [TEST_STEP][PASSED] - myStatus = element.isSelected(): null

27-02-2025T17:29:47 - [TEST_STEP][PASSED] - if (debug): null

27-02-2025T17:29:47 - [TEST_STEP][PASSED] - if (toggle && myStatus && inList): null

27-02-2025T17:29:47 - [TEST_STEP][PASSED] - if (!(myStatus) && inList || myStatus && !(inList)): null

27-02-2025T17:29:47 - [TEST_STEP][PASSED] - myValue = element.getAttribute("value"): null

27-02-2025T17:29:47 - [TEST_STEP][PASSED] - if (debug): null

27-02-2025T17:29:47 - [TEST_STEP][PASSED] - if (myValue.length() >= 4): null

27-02-2025T17:29:47 - [TEST_STEP][PASSED] - if (myValue.substring(0, 4) == "(!) "): null

27-02-2025T17:29:47 - [TEST_STEP][PASSED] - myType = element.getAttribute("type"): null

27-02-2025T17:29:47 - [TEST_STEP][PASSED] - if (myValue in varParms[i]): null

27-02-2025T17:29:47 - [TEST_STEP][PASSED] - inList = true: null

27-02-2025T17:29:47 - [TEST_STEP][PASSED] - if (myType == "checkbox"): null

27-02-2025T17:29:47 - [TEST_STEP][PASSED] - myStatus = element.isSelected(): null

27-02-2025T17:29:47 - [TEST_STEP][PASSED] - if (debug): null

27-02-2025T17:29:47 - [TEST_STEP][PASSED] - if (toggle && myStatus && inList): null

27-02-2025T17:29:47 - [TEST_STEP][PASSED] - if (!(myStatus) && inList || myStatus && !(inList)): null

27-02-2025T17:29:47 - [TEST_STEP][PASSED] - if (debug): null

27-02-2025T17:29:47 - [TEST_STEP][PASSED] - println("Clicking " + myValue): null

27-02-2025T17:29:47 - [TEST_STEP][PASSED] - click(element): null

27-02-2025T17:29:47 - [TEST_STEP][PASSED] - scrollToObject(elem): null

27-02-2025T17:29:47 - [TEST_STEP][PASSED] - loc = element.getLocation(): null

27-02-2025T17:29:47 - [TEST_STEP][PASSED] - if (debug): null

27-02-2025T17:29:47 - [TEST_STEP][PASSED] - y = loc.getY(): null

27-02-2025T17:29:47 - [TEST_STEP][PASSED] - println("Y location is " + y): null

27-02-2025T17:29:47 - [TEST_STEP][PASSED] - top = getViewportTopPosition(): Current viewport's top (y) position is 94

27-02-2025T17:29:47 - [MESSAGE][PASSED] - Current viewport's top (y) position is 94

27-02-2025T17:29:47 - [TEST_STEP][PASSED] - println("Viewport top is " + top): null

27-02-2025T17:29:47 - [TEST_STEP][PASSED] - bottom = top + 600: null

27-02-2025T17:29:47 - [TEST_STEP][PASSED] - if (y - top < 150 || bottom - y < 10): null

27-02-2025T17:29:47 - [TEST_STEP][PASSED] - elem.click(): null

27-02-2025T17:29:47 - [TEST_STEP][PASSED] - myValue = element.getAttribute("value"): null

27-02-2025T17:29:47 - [TEST_STEP][PASSED] - if (debug): null

27-02-2025T17:29:47 - [TEST_STEP][PASSED] - if (myValue.length() >= 4): null

27-02-2025T17:29:47 - [TEST_STEP][PASSED] - if (myValue.substring(0, 4) == "(!) "): null

27-02-2025T17:29:47 - [TEST_STEP][PASSED] - myType = element.getAttribute("type"): null

27-02-2025T17:29:47 - [TEST_STEP][PASSED] - if (myValue in varParms[i]): null

27-02-2025T17:29:47 - [TEST_STEP][PASSED] - inList = true: null

27-02-2025T17:29:47 - [TEST_STEP][PASSED] - if (myType == "checkbox"): null

27-02-2025T17:29:47 - [TEST_STEP][PASSED] - myStatus = element.isSelected(): null

27-02-2025T17:29:47 - [TEST_STEP][PASSED] - if (debug): null

27-02-2025T17:29:47 - [TEST_STEP][PASSED] - if (toggle && myStatus && inList): null

27-02-2025T17:29:47 - [TEST_STEP][PASSED] - if (!(myStatus) && inList || myStatus && !(inList)): null

27-02-2025T17:29:47 - [TEST_STEP][PASSED] - if (debug): null

27-02-2025T17:29:47 - [TEST_STEP][PASSED] - println("Clicking " + myValue): null

27-02-2025T17:29:47 - [TEST_STEP][PASSED] - click(element): null

27-02-2025T17:29:47 - [TEST_STEP][PASSED] - scrollToObject(elem): null

27-02-2025T17:29:47 - [TEST_STEP][PASSED] - loc = element.getLocation(): null

27-02-2025T17:29:47 - [TEST_STEP][PASSED] - if (debug): null

27-02-2025T17:29:47 - [TEST_STEP][PASSED] - y = loc.getY(): null

27-02-2025T17:29:47 - [TEST_STEP][PASSED] - println("Y location is " + y): null

27-02-2025T17:29:47 - [TEST_STEP][PASSED] - top = getViewportTopPosition(): Current viewport's top (y) position is 94

27-02-2025T17:29:47 - [MESSAGE][PASSED] - Current viewport's top (y) position is 94

27-02-2025T17:29:47 - [TEST_STEP][PASSED] - println("Viewport top is " + top): null

27-02-2025T17:29:47 - [TEST_STEP][PASSED] - bottom = top + 600: null

27-02-2025T17:29:47 - [TEST_STEP][PASSED] - if (y - top < 150 || bottom - y < 10): null

27-02-2025T17:29:47 - [TEST_STEP][PASSED] - elem.click(): null

27-02-2025T17:29:47 - [TEST_STEP][PASSED] - myValue = element.getAttribute("value"): null

27-02-2025T17:29:47 - [TEST_STEP][PASSED] - if (debug): null

27-02-2025T17:29:47 - [TEST_STEP][PASSED] - if (myValue.length() >= 4): null

27-02-2025T17:29:47 - [TEST_STEP][PASSED] - if (myValue.substring(0, 4) == "(!) "): null

27-02-2025T17:29:47 - [TEST_STEP][PASSED] - myType = element.getAttribute("type"): null

27-02-2025T17:29:47 - [TEST_STEP][PASSED] - if (myValue in varParms[i]): null

27-02-2025T17:29:47 - [TEST_STEP][PASSED] - else: null

27-02-2025T17:29:47 - [TEST_STEP][PASSED] - inList = false: null

27-02-2025T17:29:47 - [TEST_STEP][PASSED] - if (myType == "checkbox"): null

27-02-2025T17:29:47 - [TEST_STEP][PASSED] - myStatus = element.isSelected(): null

27-02-2025T17:29:47 - [TEST_STEP][PASSED] - if (debug): null

27-02-2025T17:29:47 - [TEST_STEP][PASSED] - if (toggle && myStatus && inList): null

27-02-2025T17:29:47 - [TEST_STEP][PASSED] - if (!(myStatus) && inList || myStatus && !(inList)): null

27-02-2025T17:29:47 - [TEST_STEP][PASSED] - myValue = element.getAttribute("value"): null

27-02-2025T17:29:47 - [TEST_STEP][PASSED] - if (debug): null

27-02-2025T17:29:47 - [TEST_STEP][PASSED] - if (myValue.length() >= 4): null

27-02-2025T17:29:47 - [TEST_STEP][PASSED] - if (myValue.substring(0, 4) == "(!) "): null

27-02-2025T17:29:47 - [TEST_STEP][PASSED] - myType = element.getAttribute("type"): null

27-02-2025T17:29:47 - [TEST_STEP][PASSED] - if (myValue in varParms[i]): null

27-02-2025T17:29:47 - [TEST_STEP][PASSED] - inList = true: null

27-02-2025T17:29:47 - [TEST_STEP][PASSED] - if (myType == "checkbox"): null

27-02-2025T17:29:47 - [TEST_STEP][PASSED] - myStatus = element.isSelected(): null

27-02-2025T17:29:47 - [TEST_STEP][PASSED] - if (debug): null

27-02-2025T17:29:47 - [TEST_STEP][PASSED] - if (toggle && myStatus && inList): null

27-02-2025T17:29:47 - [TEST_STEP][PASSED] - if (!(myStatus) && inList || myStatus && !(inList)): null

27-02-2025T17:29:47 - [TEST_STEP][PASSED] - if (debug): null

27-02-2025T17:29:47 - [TEST_STEP][PASSED] - println("Clicking " + myValue): null

27-02-2025T17:29:47 - [TEST_STEP][PASSED] - click(element): null

27-02-2025T17:29:47 - [TEST_STEP][PASSED] - scrollToObject(elem): null

27-02-2025T17:29:47 - [TEST_STEP][PASSED] - loc = element.getLocation(): null

27-02-2025T17:29:47 - [TEST_STEP][PASSED] - if (debug): null

27-02-2025T17:29:47 - [TEST_STEP][PASSED] - y = loc.getY(): null

27-02-2025T17:29:47 - [TEST_STEP][PASSED] - println("Y location is " + y): null

27-02-2025T17:29:47 - [TEST_STEP][PASSED] - top = getViewportTopPosition(): Current viewport's top (y) position is 94

27-02-2025T17:29:47 - [MESSAGE][PASSED] - Current viewport's top (y) position is 94

27-02-2025T17:29:47 - [TEST_STEP][PASSED] - println("Viewport top is " + top): null

27-02-2025T17:29:47 - [TEST_STEP][PASSED] - bottom = top + 600: null

27-02-2025T17:29:47 - [TEST_STEP][PASSED] - if (y - top < 150 || bottom - y < 10): null

27-02-2025T17:29:47 - [TEST_STEP][PASSED] - elem.click(): null

27-02-2025T17:29:47 - [TEST_STEP][PASSED] - myValue = element.getAttribute("value"): null

27-02-2025T17:29:47 - [TEST_STEP][PASSED] - if (debug): null

27-02-2025T17:29:47 - [TEST_STEP][PASSED] - if (myValue.length() >= 4): null

27-02-2025T17:29:47 - [TEST_STEP][PASSED] - if (myValue.substring(0, 4) == "(!) "): null

27-02-2025T17:29:47 - [TEST_STEP][PASSED] - myType = element.getAttribute("type"): null

27-02-2025T17:29:47 - [TEST_STEP][PASSED] - if (myValue in varParms[i]): null

27-02-2025T17:29:47 - [TEST_STEP][PASSED] - inList = true: null

27-02-2025T17:29:47 - [TEST_STEP][PASSED] - if (myType == "checkbox"): null

27-02-2025T17:29:47 - [TEST_STEP][PASSED] - myStatus = element.isSelected(): null

27-02-2025T17:29:47 - [TEST_STEP][PASSED] - if (debug): null

27-02-2025T17:29:47 - [TEST_STEP][PASSED] - if (toggle && myStatus && inList): null

27-02-2025T17:29:47 - [TEST_STEP][PASSED] - if (!(myStatus) && inList || myStatus && !(inList)): null

27-02-2025T17:29:47 - [TEST_STEP][PASSED] - if (debug): null

27-02-2025T17:29:47 - [TEST_STEP][PASSED] - println("Clicking " + myValue): null

27-02-2025T17:29:47 - [TEST_STEP][PASSED] - click(element): null

27-02-2025T17:29:47 - [TEST_STEP][PASSED] - scrollToObject(elem): null

27-02-2025T17:29:47 - [TEST_STEP][PASSED] - loc = element.getLocation(): null

27-02-2025T17:29:47 - [TEST_STEP][PASSED] - if (debug): null

27-02-2025T17:29:47 - [TEST_STEP][PASSED] - y = loc.getY(): null

27-02-2025T17:29:47 - [TEST_STEP][PASSED] - println("Y location is " + y): null

27-02-2025T17:29:47 - [TEST_STEP][PASSED] - top = getViewportTopPosition(): Current viewport's top (y) position is 94

27-02-2025T17:29:47 - [MESSAGE][PASSED] - Current viewport's top (y) position is 94

27-02-2025T17:29:47 - [TEST_STEP][PASSED] - println("Viewport top is " + top): null

27-02-2025T17:29:47 - [TEST_STEP][PASSED] - bottom = top + 600: null

27-02-2025T17:29:47 - [TEST_STEP][PASSED] - if (y - top < 150 || bottom - y < 10): null

27-02-2025T17:29:47 - [TEST_STEP][PASSED] - elem.click(): null

27-02-2025T17:29:47 - [TEST_STEP][PASSED] - myValue = element.getAttribute("value"): null

27-02-2025T17:29:47 - [TEST_STEP][PASSED] - if (debug): null

27-02-2025T17:29:47 - [TEST_STEP][PASSED] - if (myValue.length() >= 4): null

27-02-2025T17:29:47 - [TEST_STEP][PASSED] - if (myValue.substring(0, 4) == "(!) "): null

27-02-2025T17:29:47 - [TEST_STEP][PASSED] - myType = element.getAttribute("type"): null

27-02-2025T17:29:47 - [TEST_STEP][PASSED] - if (myValue in varParms[i]): null

27-02-2025T17:29:47 - [TEST_STEP][PASSED] - else: null

27-02-2025T17:29:47 - [TEST_STEP][PASSED] - inList = false: null

27-02-2025T17:29:47 - [TEST_STEP][PASSED] - if (myType == "checkbox"): null

27-02-2025T17:29:47 - [TEST_STEP][PASSED] - myStatus = element.isSelected(): null

27-02-2025T17:29:47 - [TEST_STEP][PASSED] - if (debug): null

27-02-2025T17:29:47 - [TEST_STEP][PASSED] - if (toggle && myStatus && inList): null

27-02-2025T17:29:47 - [TEST_STEP][PASSED] - if (!(myStatus) && inList || myStatus && !(inList)): null

27-02-2025T17:29:47 - [TEST_STEP][PASSED] - myValue = element.getAttribute("value"): null

27-02-2025T17:29:47 - [TEST_STEP][PASSED] - if (debug): null

27-02-2025T17:29:47 - [TEST_STEP][PASSED] - if (myValue.length() >= 4): null

27-02-2025T17:29:47 - [TEST_STEP][PASSED] - if (myValue.substring(0, 4) == "(!) "): null

27-02-2025T17:29:47 - [TEST_STEP][PASSED] - myType = element.getAttribute("type"): null

27-02-2025T17:29:47 - [TEST_STEP][PASSED] - if (myValue in varParms[i]): null

27-02-2025T17:29:47 - [TEST_STEP][PASSED] - else: null

27-02-2025T17:29:47 - [TEST_STEP][PASSED] - inList = false: null

27-02-2025T17:29:47 - [TEST_STEP][PASSED] - if (myType == "checkbox"): null

27-02-2025T17:29:47 - [TEST_STEP][PASSED] - myStatus = element.isSelected(): null

27-02-2025T17:29:47 - [TEST_STEP][PASSED] - if (debug): null

27-02-2025T17:29:47 - [TEST_STEP][PASSED] - if (toggle && myStatus && inList): null

27-02-2025T17:29:47 - [TEST_STEP][PASSED] - if (!(myStatus) && inList || myStatus && !(inList)): null

27-02-2025T17:29:47 - [TEST_STEP][PASSED] - myValue = element.getAttribute("value"): null

27-02-2025T17:29:47 - [TEST_STEP][PASSED] - if (debug): null

27-02-2025T17:29:47 - [TEST_STEP][PASSED] - if (myValue.length() >= 4): null

27-02-2025T17:29:47 - [TEST_STEP][PASSED] - if (myValue.substring(0, 4) == "(!) "): null

27-02-2025T17:29:47 - [TEST_STEP][PASSED] - myType = element.getAttribute("type"): null

27-02-2025T17:29:47 - [TEST_STEP][PASSED] - if (myValue in varParms[i]): null

27-02-2025T17:29:47 - [TEST_STEP][PASSED] - else: null

27-02-2025T17:29:47 - [TEST_STEP][PASSED] - inList = false: null

27-02-2025T17:29:47 - [TEST_STEP][PASSED] - if (myType == "checkbox"): null

27-02-2025T17:29:47 - [TEST_STEP][PASSED] - myStatus = element.isSelected(): null

27-02-2025T17:29:47 - [TEST_STEP][PASSED] - if (debug): null

27-02-2025T17:29:47 - [TEST_STEP][PASSED] - if (toggle && myStatus && inList): null

27-02-2025T17:29:47 - [TEST_STEP][PASSED] - if (!(myStatus) && inList || myStatus && !(inList)): null

27-02-2025T17:29:47 - [TEST_STEP][PASSED] - myValue = element.getAttribute("value"): null

27-02-2025T17:29:47 - [TEST_STEP][PASSED] - if (debug): null

27-02-2025T17:29:47 - [TEST_STEP][PASSED] - if (myValue.length() >= 4): null

27-02-2025T17:29:47 - [TEST_STEP][PASSED] - if (myValue.substring(0, 4) == "(!) "): null

27-02-2025T17:29:47 - [TEST_STEP][PASSED] - myType = element.getAttribute("type"): null

27-02-2025T17:29:47 - [TEST_STEP][PASSED] - if (myValue in varParms[i]): null

27-02-2025T17:29:47 - [TEST_STEP][PASSED] - else: null

27-02-2025T17:29:47 - [TEST_STEP][PASSED] - inList = false: null

27-02-2025T17:29:47 - [TEST_STEP][PASSED] - if (myType == "checkbox"): null

27-02-2025T17:29:47 - [TEST_STEP][PASSED] - myStatus = element.isSelected(): null

27-02-2025T17:29:47 - [TEST_STEP][PASSED] - if (debug): null

27-02-2025T17:29:47 - [TEST_STEP][PASSED] - if (toggle && myStatus && inList): null

27-02-2025T17:29:47 - [TEST_STEP][PASSED] - if (!(myStatus) && inList || myStatus && !(inList)): null

27-02-2025T17:29:47 - [TEST_STEP][PASSED] - myValue = element.getAttribute("value"): null

27-02-2025T17:29:47 - [TEST_STEP][PASSED] - if (debug): null

27-02-2025T17:29:47 - [TEST_STEP][PASSED] - if (myValue.length() >= 4): null

27-02-2025T17:29:47 - [TEST_STEP][PASSED] - if (myValue.substring(0, 4) == "(!) "): null

27-02-2025T17:29:47 - [TEST_STEP][PASSED] - myType = element.getAttribute("type"): null

27-02-2025T17:29:47 - [TEST_STEP][PASSED] - if (myValue in varParms[i]): null

27-02-2025T17:29:47 - [TEST_STEP][PASSED] - else: null

27-02-2025T17:29:47 - [TEST_STEP][PASSED] - inList = false: null

27-02-2025T17:29:47 - [TEST_STEP][PASSED] - if (myType == "checkbox"): null

27-02-2025T17:29:47 - [TEST_STEP][PASSED] - myStatus = element.isSelected(): null

27-02-2025T17:29:47 - [TEST_STEP][PASSED] - if (debug): null

27-02-2025T17:29:47 - [TEST_STEP][PASSED] - if (toggle && myStatus && inList): null

27-02-2025T17:29:47 - [TEST_STEP][PASSED] - if (!(myStatus) && inList || myStatus && !(inList)): null

27-02-2025T17:29:47 - [TEST_STEP][PASSED] - myValue = element.getAttribute("value"): null

27-02-2025T17:29:47 - [TEST_STEP][PASSED] - if (debug): null

27-02-2025T17:29:47 - [TEST_STEP][PASSED] - if (myValue.length() >= 4): null

27-02-2025T17:29:47 - [TEST_STEP][PASSED] - if (myValue.substring(0, 4) == "(!) "): null

27-02-2025T17:29:47 - [TEST_STEP][PASSED] - myType = element.getAttribute("type"): null

27-02-2025T17:29:47 - [TEST_STEP][PASSED] - if (myValue in varParms[i]): null

27-02-2025T17:29:47 - [TEST_STEP][PASSED] - else: null

27-02-2025T17:29:47 - [TEST_STEP][PASSED] - inList = false: null

27-02-2025T17:29:47 - [TEST_STEP][PASSED] - if (myType == "checkbox"): null

27-02-2025T17:29:47 - [TEST_STEP][PASSED] - myStatus = element.isSelected(): null

27-02-2025T17:29:47 - [TEST_STEP][PASSED] - if (debug): null

27-02-2025T17:29:47 - [TEST_STEP][PASSED] - if (toggle && myStatus && inList): null

27-02-2025T17:29:47 - [TEST_STEP][PASSED] - if (!(myStatus) && inList || myStatus && !(inList)): null

27-02-2025T17:29:47 - [TEST_STEP][PASSED] - myValue = element.getAttribute("value"): null

27-02-2025T17:29:47 - [TEST_STEP][PASSED] - if (debug): null

27-02-2025T17:29:47 - [TEST_STEP][PASSED] - if (myValue.length() >= 4): null

27-02-2025T17:29:47 - [TEST_STEP][PASSED] - if (myValue.substring(0, 4) == "(!) "): null

27-02-2025T17:29:47 - [TEST_STEP][PASSED] - myType = element.getAttribute("type"): null

27-02-2025T17:29:47 - [TEST_STEP][PASSED] - if (myValue in varParms[i]): null

27-02-2025T17:29:47 - [TEST_STEP][PASSED] - inList = true: null

27-02-2025T17:29:47 - [TEST_STEP][PASSED] - if (myType == "checkbox"): null

27-02-2025T17:29:47 - [TEST_STEP][PASSED] - myStatus = element.isSelected(): null

27-02-2025T17:29:47 - [TEST_STEP][PASSED] - if (debug): null

27-02-2025T17:29:47 - [TEST_STEP][PASSED] - if (toggle && myStatus && inList): null

27-02-2025T17:29:47 - [TEST_STEP][PASSED] - if (!(myStatus) && inList || myStatus && !(inList)): null

27-02-2025T17:29:47 - [TEST_STEP][PASSED] - if (debug): null

27-02-2025T17:29:47 - [TEST_STEP][PASSED] - println("Clicking " + myValue): null

27-02-2025T17:29:47 - [TEST_STEP][PASSED] - click(element): null

27-02-2025T17:29:47 - [TEST_STEP][PASSED] - scrollToObject(elem): null

27-02-2025T17:29:47 - [TEST_STEP][PASSED] - loc = element.getLocation(): null

27-02-2025T17:29:47 - [TEST_STEP][PASSED] - if (debug): null

27-02-2025T17:29:47 - [TEST_STEP][PASSED] - y = loc.getY(): null

27-02-2025T17:29:47 - [TEST_STEP][PASSED] - println("Y location is " + y): null

27-02-2025T17:29:47 - [TEST_STEP][PASSED] - top = getViewportTopPosition(): Current viewport's top (y) position is 94

27-02-2025T17:29:47 - [MESSAGE][PASSED] - Current viewport's top (y) position is 94

27-02-2025T17:29:47 - [TEST_STEP][PASSED] - println("Viewport top is " + top): null

27-02-2025T17:29:47 - [TEST_STEP][PASSED] - bottom = top + 600: null

27-02-2025T17:29:47 - [TEST_STEP][PASSED] - if (y - top < 150 || bottom - y < 10): null

27-02-2025T17:29:47 - [TEST_STEP][PASSED] - elem.click(): null

27-02-2025T17:29:47 - [TEST_STEP][PASSED] - myValue = element.getAttribute("value"): null

27-02-2025T17:29:47 - [TEST_STEP][PASSED] - if (debug): null

27-02-2025T17:29:47 - [TEST_STEP][PASSED] - if (myValue.length() >= 4): null

27-02-2025T17:29:47 - [TEST_STEP][PASSED] - if (myValue.substring(0, 4) == "(!) "): null

27-02-2025T17:29:47 - [TEST_STEP][PASSED] - myType = element.getAttribute("type"): null

27-02-2025T17:29:47 - [TEST_STEP][PASSED] - if (myValue in varParms[i]): null

27-02-2025T17:29:47 - [TEST_STEP][PASSED] - else: null

27-02-2025T17:29:47 - [TEST_STEP][PASSED] - inList = false: null

27-02-2025T17:29:47 - [TEST_STEP][PASSED] - if (myType == "checkbox"): null

27-02-2025T17:29:47 - [TEST_STEP][PASSED] - myStatus = element.isSelected(): null

27-02-2025T17:29:47 - [TEST_STEP][PASSED] - if (debug): null

27-02-2025T17:29:47 - [TEST_STEP][PASSED] - if (toggle && myStatus && inList): null

27-02-2025T17:29:47 - [TEST_STEP][PASSED] - if (!(myStatus) && inList || myStatus && !(inList)): null

27-02-2025T17:29:47 - [TEST_STEP][PASSED] - myValue = element.getAttribute("value"): null

27-02-2025T17:29:47 - [TEST_STEP][PASSED] - if (debug): null

27-02-2025T17:29:47 - [TEST_STEP][PASSED] - if (myValue.length() >= 4): null

27-02-2025T17:29:47 - [TEST_STEP][PASSED] - if (myValue.substring(0, 4) == "(!) "): null

27-02-2025T17:29:47 - [TEST_STEP][PASSED] - myType = element.getAttribute("type"): null

27-02-2025T17:29:47 - [TEST_STEP][PASSED] - if (myValue in varParms[i]): null

27-02-2025T17:29:47 - [TEST_STEP][PASSED] - else: null

27-02-2025T17:29:47 - [TEST_STEP][PASSED] - inList = false: null

27-02-2025T17:29:47 - [TEST_STEP][PASSED] - if (myType == "checkbox"): null

27-02-2025T17:29:47 - [TEST_STEP][PASSED] - myStatus = element.isSelected(): null

27-02-2025T17:29:47 - [TEST_STEP][PASSED] - if (debug): null

27-02-2025T17:29:47 - [TEST_STEP][PASSED] - if (toggle && myStatus && inList): null

27-02-2025T17:29:47 - [TEST_STEP][PASSED] - if (!(myStatus) && inList || myStatus && !(inList)): null

27-02-2025T17:29:47 - [TEST_STEP][PASSED] - myValue = element.getAttribute("value"): null

27-02-2025T17:29:47 - [TEST_STEP][PASSED] - if (debug): null

27-02-2025T17:29:47 - [TEST_STEP][PASSED] - if (myValue.length() >= 4): null

27-02-2025T17:29:47 - [TEST_STEP][PASSED] - if (myValue.substring(0, 4) == "(!) "): null

27-02-2025T17:29:47 - [TEST_STEP][PASSED] - myType = element.getAttribute("type"): null

27-02-2025T17:29:47 - [TEST_STEP][PASSED] - if (myValue in varParms[i]): null

27-02-2025T17:29:47 - [TEST_STEP][PASSED] - inList = true: null

27-02-2025T17:29:47 - [TEST_STEP][PASSED] - if (myType == "checkbox"): null

27-02-2025T17:29:47 - [TEST_STEP][PASSED] - myStatus = element.isSelected(): null

27-02-2025T17:29:47 - [TEST_STEP][PASSED] - if (debug): null

27-02-2025T17:29:47 - [TEST_STEP][PASSED] - if (toggle && myStatus && inList): null

27-02-2025T17:29:47 - [TEST_STEP][PASSED] - if (!(myStatus) && inList || myStatus && !(inList)): null

27-02-2025T17:29:47 - [TEST_STEP][PASSED] - if (debug): null

27-02-2025T17:29:47 - [TEST_STEP][PASSED] - println("Clicking " + myValue): null

27-02-2025T17:29:47 - [TEST_STEP][PASSED] - click(element): null

27-02-2025T17:29:47 - [TEST_STEP][PASSED] - scrollToObject(elem): null

27-02-2025T17:29:47 - [TEST_STEP][PASSED] - loc = element.getLocation(): null

27-02-2025T17:29:47 - [TEST_STEP][PASSED] - if (debug): null

27-02-2025T17:29:47 - [TEST_STEP][PASSED] - y = loc.getY(): null

27-02-2025T17:29:47 - [TEST_STEP][PASSED] - println("Y location is " + y): null

27-02-2025T17:29:47 - [TEST_STEP][PASSED] - top = getViewportTopPosition(): Current viewport's top (y) position is 94

27-02-2025T17:29:47 - [MESSAGE][PASSED] - Current viewport's top (y) position is 94

27-02-2025T17:29:47 - [TEST_STEP][PASSED] - println("Viewport top is " + top): null

27-02-2025T17:29:47 - [TEST_STEP][PASSED] - bottom = top + 600: null

27-02-2025T17:29:47 - [TEST_STEP][PASSED] - if (y - top < 150 || bottom - y < 10): null

27-02-2025T17:29:47 - [TEST_STEP][PASSED] - elem.click(): null

27-02-2025T17:29:47 - [TEST_STEP][PASSED] - myValue = element.getAttribute("value"): null

27-02-2025T17:29:47 - [TEST_STEP][PASSED] - if (debug): null

27-02-2025T17:29:47 - [TEST_STEP][PASSED] - if (myValue.length() >= 4): null

27-02-2025T17:29:47 - [TEST_STEP][PASSED] - if (myValue.substring(0, 4) == "(!) "): null

27-02-2025T17:29:47 - [TEST_STEP][PASSED] - myType = element.getAttribute("type"): null

27-02-2025T17:29:47 - [TEST_STEP][PASSED] - if (myValue in varParms[i]): null

27-02-2025T17:29:47 - [TEST_STEP][PASSED] - else: null

27-02-2025T17:29:47 - [TEST_STEP][PASSED] - inList = false: null

27-02-2025T17:29:47 - [TEST_STEP][PASSED] - if (myType == "checkbox"): null

27-02-2025T17:29:47 - [TEST_STEP][PASSED] - myStatus = element.isSelected(): null

27-02-2025T17:29:47 - [TEST_STEP][PASSED] - if (debug): null

27-02-2025T17:29:47 - [TEST_STEP][PASSED] - if (toggle && myStatus && inList): null

27-02-2025T17:29:47 - [TEST_STEP][PASSED] - if (!(myStatus) && inList || myStatus && !(inList)): null

27-02-2025T17:29:47 - [TEST_STEP][PASSED] - myValue = element.getAttribute("value"): null

27-02-2025T17:29:47 - [TEST_STEP][PASSED] - if (debug): null

27-02-2025T17:29:47 - [TEST_STEP][PASSED] - if (myValue.length() >= 4): null

27-02-2025T17:29:47 - [TEST_STEP][PASSED] - if (myValue.substring(0, 4) == "(!) "): null

27-02-2025T17:29:47 - [TEST_STEP][PASSED] - myType = element.getAttribute("type"): null

27-02-2025T17:29:47 - [TEST_STEP][PASSED] - if (myValue in varParms[i]): null

27-02-2025T17:29:47 - [TEST_STEP][PASSED] - else: null

27-02-2025T17:29:47 - [TEST_STEP][PASSED] - inList = false: null

27-02-2025T17:29:47 - [TEST_STEP][PASSED] - if (myType == "checkbox"): null

27-02-2025T17:29:47 - [TEST_STEP][PASSED] - myStatus = element.isSelected(): null

27-02-2025T17:29:47 - [TEST_STEP][PASSED] - if (debug): null

27-02-2025T17:29:47 - [TEST_STEP][PASSED] - if (toggle && myStatus && inList): null

27-02-2025T17:29:47 - [TEST_STEP][PASSED] - if (!(myStatus) && inList || myStatus && !(inList)): null

27-02-2025T17:29:47 - [TEST_STEP][PASSED] - myValue = element.getAttribute("value"): null

27-02-2025T17:29:47 - [TEST_STEP][PASSED] - if (debug): null

27-02-2025T17:29:47 - [TEST_STEP][PASSED] - if (myValue.length() >= 4): null

27-02-2025T17:29:47 - [TEST_STEP][PASSED] - if (myValue.substring(0, 4) == "(!) "): null

27-02-2025T17:29:47 - [TEST_STEP][PASSED] - myType = element.getAttribute("type"): null

27-02-2025T17:29:47 - [TEST_STEP][PASSED] - if (myValue in varParms[i]): null

27-02-2025T17:29:47 - [TEST_STEP][PASSED] - inList = true: null

27-02-2025T17:29:47 - [TEST_STEP][PASSED] - if (myType == "checkbox"): null

27-02-2025T17:29:47 - [TEST_STEP][PASSED] - myStatus = element.isSelected(): null

27-02-2025T17:29:47 - [TEST_STEP][PASSED] - if (debug): null

27-02-2025T17:29:47 - [TEST_STEP][PASSED] - if (toggle && myStatus && inList): null

27-02-2025T17:29:47 - [TEST_STEP][PASSED] - if (!(myStatus) && inList || myStatus && !(inList)): null

27-02-2025T17:29:47 - [TEST_STEP][PASSED] - if (debug): null

27-02-2025T17:29:47 - [TEST_STEP][PASSED] - println("Clicking " + myValue): null

27-02-2025T17:29:47 - [TEST_STEP][PASSED] - click(element): null

27-02-2025T17:29:47 - [TEST_STEP][PASSED] - scrollToObject(elem): null

27-02-2025T17:29:47 - [TEST_STEP][PASSED] - loc = element.getLocation(): null

27-02-2025T17:29:47 - [TEST_STEP][PASSED] - if (debug): null

27-02-2025T17:29:47 - [TEST_STEP][PASSED] - y = loc.getY(): null

27-02-2025T17:29:47 - [TEST_STEP][PASSED] - println("Y location is " + y): null

27-02-2025T17:29:47 - [TEST_STEP][PASSED] - top = getViewportTopPosition(): Current viewport's top (y) position is 94

27-02-2025T17:29:47 - [MESSAGE][PASSED] - Current viewport's top (y) position is 94

27-02-2025T17:29:47 - [TEST_STEP][PASSED] - println("Viewport top is " + top): null

27-02-2025T17:29:47 - [TEST_STEP][PASSED] - bottom = top + 600: null

27-02-2025T17:29:47 - [TEST_STEP][PASSED] - if (y - top < 150 || bottom - y < 10): null

27-02-2025T17:29:47 - [TEST_STEP][PASSED] - elem.click(): null

27-02-2025T17:29:47 - [TEST_STEP][PASSED] - myValue = element.getAttribute("value"): null

27-02-2025T17:29:47 - [TEST_STEP][PASSED] - if (debug): null

27-02-2025T17:29:47 - [TEST_STEP][PASSED] - if (myValue.length() >= 4): null

27-02-2025T17:29:47 - [TEST_STEP][PASSED] - if (myValue.substring(0, 4) == "(!) "): null

27-02-2025T17:29:47 - [TEST_STEP][PASSED] - myType = element.getAttribute("type"): null

27-02-2025T17:29:47 - [TEST_STEP][PASSED] - if (myValue in varParms[i]): null

27-02-2025T17:29:47 - [TEST_STEP][PASSED] - else: null

27-02-2025T17:29:47 - [TEST_STEP][PASSED] - inList = false: null

27-02-2025T17:29:47 - [TEST_STEP][PASSED] - if (myType == "checkbox"): null

27-02-2025T17:29:47 - [TEST_STEP][PASSED] - myStatus = element.isSelected(): null

27-02-2025T17:29:47 - [TEST_STEP][PASSED] - if (debug): null

27-02-2025T17:29:47 - [TEST_STEP][PASSED] - if (toggle && myStatus && inList): null

27-02-2025T17:29:47 - [TEST_STEP][PASSED] - if (!(myStatus) && inList || myStatus && !(inList)): null

27-02-2025T17:29:47 - [TEST_STEP][PASSED] - myValue = element.getAttribute("value"): null

27-02-2025T17:29:47 - [TEST_STEP][PASSED] - if (debug): null

27-02-2025T17:29:47 - [TEST_STEP][PASSED] - if (myValue.length() >= 4): null

27-02-2025T17:29:47 - [TEST_STEP][PASSED] - if (myValue.substring(0, 4) == "(!) "): null

27-02-2025T17:29:47 - [TEST_STEP][PASSED] - myType = element.getAttribute("type"): null

27-02-2025T17:29:47 - [TEST_STEP][PASSED] - if (myValue in varParms[i]): null

27-02-2025T17:29:47 - [TEST_STEP][PASSED] - else: null

27-02-2025T17:29:47 - [TEST_STEP][PASSED] - inList = false: null

27-02-2025T17:29:47 - [TEST_STEP][PASSED] - if (myType == "checkbox"): null

27-02-2025T17:29:47 - [TEST_STEP][PASSED] - myStatus = element.isSelected(): null

27-02-2025T17:29:47 - [TEST_STEP][PASSED] - if (debug): null

27-02-2025T17:29:47 - [TEST_STEP][PASSED] - if (toggle && myStatus && inList): null

27-02-2025T17:29:47 - [TEST_STEP][PASSED] - if (!(myStatus) && inList || myStatus && !(inList)): null

27-02-2025T17:29:47 - [TEST_STEP][PASSED] - myValue = element.getAttribute("value"): null

27-02-2025T17:29:47 - [TEST_STEP][PASSED] - if (debug): null

27-02-2025T17:29:47 - [TEST_STEP][PASSED] - if (myValue.length() >= 4): null

27-02-2025T17:29:47 - [TEST_STEP][PASSED] - if (myValue.substring(0, 4) == "(!) "): null

27-02-2025T17:29:47 - [TEST_STEP][PASSED] - myType = element.getAttribute("type"): null

27-02-2025T17:29:47 - [TEST_STEP][PASSED] - if (myValue in varParms[i]): null

27-02-2025T17:29:47 - [TEST_STEP][PASSED] - else: null

27-02-2025T17:29:47 - [TEST_STEP][PASSED] - inList = false: null

27-02-2025T17:29:47 - [TEST_STEP][PASSED] - if (myType == "checkbox"): null

27-02-2025T17:29:47 - [TEST_STEP][PASSED] - myStatus = element.isSelected(): null

27-02-2025T17:29:47 - [TEST_STEP][PASSED] - if (debug): null

27-02-2025T17:29:47 - [TEST_STEP][PASSED] - if (toggle && myStatus && inList): null

27-02-2025T17:29:47 - [TEST_STEP][PASSED] - if (!(myStatus) && inList || myStatus && !(inList)): null

27-02-2025T17:29:47 - [TEST_STEP][PASSED] - myValue = element.getAttribute("value"): null

27-02-2025T17:29:47 - [TEST_STEP][PASSED] - if (debug): null

27-02-2025T17:29:47 - [TEST_STEP][PASSED] - if (myValue.length() >= 4): null

27-02-2025T17:29:47 - [TEST_STEP][PASSED] - if (myValue.substring(0, 4) == "(!) "): null

27-02-2025T17:29:47 - [TEST_STEP][PASSED] - myType = element.getAttribute("type"): null

27-02-2025T17:29:47 - [TEST_STEP][PASSED] - if (myValue in varParms[i]): null

27-02-2025T17:29:47 - [TEST_STEP][PASSED] - else: null

27-02-2025T17:29:47 - [TEST_STEP][PASSED] - inList = false: null

27-02-2025T17:29:47 - [TEST_STEP][PASSED] - if (myType == "checkbox"): null

27-02-2025T17:29:47 - [TEST_STEP][PASSED] - myStatus = element.isSelected(): null

27-02-2025T17:29:48 - [TEST_STEP][PASSED] - if (debug): null

27-02-2025T17:29:48 - [TEST_STEP][PASSED] - if (toggle && myStatus && inList): null

27-02-2025T17:29:48 - [TEST_STEP][PASSED] - if (!(myStatus) && inList || myStatus && !(inList)): null

27-02-2025T17:29:48 - [TEST_STEP][PASSED] - myValue = element.getAttribute("value"): null

27-02-2025T17:29:48 - [TEST_STEP][PASSED] - if (debug): null

27-02-2025T17:29:48 - [TEST_STEP][PASSED] - if (myValue.length() >= 4): null

27-02-2025T17:29:48 - [TEST_STEP][PASSED] - if (myValue.substring(0, 4) == "(!) "): null

27-02-2025T17:29:48 - [TEST_STEP][PASSED] - myType = element.getAttribute("type"): null

27-02-2025T17:29:48 - [TEST_STEP][PASSED] - if (myValue in varParms[i]): null

27-02-2025T17:29:48 - [TEST_STEP][PASSED] - else: null

27-02-2025T17:29:48 - [TEST_STEP][PASSED] - inList = false: null

27-02-2025T17:29:48 - [TEST_STEP][PASSED] - if (myType == "checkbox"): null

27-02-2025T17:29:48 - [TEST_STEP][PASSED] - myStatus = element.isSelected(): null

27-02-2025T17:29:48 - [TEST_STEP][PASSED] - if (debug): null

27-02-2025T17:29:48 - [TEST_STEP][PASSED] - if (toggle && myStatus && inList): null

27-02-2025T17:29:48 - [TEST_STEP][PASSED] - if (!(myStatus) && inList || myStatus && !(inList)): null

27-02-2025T17:29:48 - [TEST_STEP][PASSED] - myValue = element.getAttribute("value"): null

27-02-2025T17:29:48 - [TEST_STEP][PASSED] - if (debug): null

27-02-2025T17:29:48 - [TEST_STEP][PASSED] - if (myValue.length() >= 4): null

27-02-2025T17:29:48 - [TEST_STEP][PASSED] - if (myValue.substring(0, 4) == "(!) "): null

27-02-2025T17:29:48 - [TEST_STEP][PASSED] - myType = element.getAttribute("type"): null

27-02-2025T17:29:48 - [TEST_STEP][PASSED] - if (myValue in varParms[i]): null

27-02-2025T17:29:48 - [TEST_STEP][PASSED] - else: null

27-02-2025T17:29:48 - [TEST_STEP][PASSED] - inList = false: null

27-02-2025T17:29:48 - [TEST_STEP][PASSED] - if (myType == "checkbox"): null

27-02-2025T17:29:48 - [TEST_STEP][PASSED] - myStatus = element.isSelected(): null

27-02-2025T17:29:48 - [TEST_STEP][PASSED] - if (debug): null

27-02-2025T17:29:48 - [TEST_STEP][PASSED] - if (toggle && myStatus && inList): null

27-02-2025T17:29:48 - [TEST_STEP][PASSED] - if (!(myStatus) && inList || myStatus && !(inList)): null

27-02-2025T17:29:48 - [TEST_STEP][PASSED] - myValue = element.getAttribute("value"): null

27-02-2025T17:29:48 - [TEST_STEP][PASSED] - if (debug): null

27-02-2025T17:29:48 - [TEST_STEP][PASSED] - if (myValue.length() >= 4): null

27-02-2025T17:29:48 - [TEST_STEP][PASSED] - if (myValue.substring(0, 4) == "(!) "): null

27-02-2025T17:29:48 - [TEST_STEP][PASSED] - myType = element.getAttribute("type"): null

27-02-2025T17:29:48 - [TEST_STEP][PASSED] - if (myValue in varParms[i]): null

27-02-2025T17:29:48 - [TEST_STEP][PASSED] - else: null

27-02-2025T17:29:48 - [TEST_STEP][PASSED] - inList = false: null

27-02-2025T17:29:48 - [TEST_STEP][PASSED] - if (myType == "checkbox"): null

27-02-2025T17:29:48 - [TEST_STEP][PASSED] - myStatus = element.isSelected(): null

27-02-2025T17:29:48 - [TEST_STEP][PASSED] - if (debug): null

27-02-2025T17:29:48 - [TEST_STEP][PASSED] - if (toggle && myStatus && inList): null

27-02-2025T17:29:48 - [TEST_STEP][PASSED] - if (!(myStatus) && inList || myStatus && !(inList)): null

27-02-2025T17:29:48 - [TEST_STEP][PASSED] - myValue = element.getAttribute("value"): null

27-02-2025T17:29:48 - [TEST_STEP][PASSED] - if (debug): null

27-02-2025T17:29:48 - [TEST_STEP][PASSED] - if (myValue.length() >= 4): null

27-02-2025T17:29:48 - [TEST_STEP][PASSED] - if (myValue.substring(0, 4) == "(!) "): null

27-02-2025T17:29:48 - [TEST_STEP][PASSED] - myType = element.getAttribute("type"): null

27-02-2025T17:29:48 - [TEST_STEP][PASSED] - if (myValue in varParms[i]): null

27-02-2025T17:29:48 - [TEST_STEP][PASSED] - else: null

27-02-2025T17:29:48 - [TEST_STEP][PASSED] - inList = false: null

27-02-2025T17:29:48 - [TEST_STEP][PASSED] - if (myType == "checkbox"): null

27-02-2025T17:29:48 - [TEST_STEP][PASSED] - myStatus = element.isSelected(): null

27-02-2025T17:29:48 - [TEST_STEP][PASSED] - if (debug): null

27-02-2025T17:29:48 - [TEST_STEP][PASSED] - if (toggle && myStatus && inList): null

27-02-2025T17:29:48 - [TEST_STEP][PASSED] - if (!(myStatus) && inList || myStatus && !(inList)): null

27-02-2025T17:29:48 - [TEST_STEP][PASSED] - myValue = element.getAttribute("value"): null

27-02-2025T17:29:48 - [TEST_STEP][PASSED] - if (debug): null

27-02-2025T17:29:48 - [TEST_STEP][PASSED] - if (myValue.length() >= 4): null

27-02-2025T17:29:48 - [TEST_STEP][PASSED] - if (myValue.substring(0, 4) == "(!) "): null

27-02-2025T17:29:48 - [TEST_STEP][PASSED] - myType = element.getAttribute("type"): null

27-02-2025T17:29:48 - [TEST_STEP][PASSED] - if (myValue in varParms[i]): null

27-02-2025T17:29:48 - [TEST_STEP][PASSED] - else: null

27-02-2025T17:29:48 - [TEST_STEP][PASSED] - inList = false: null

27-02-2025T17:29:48 - [TEST_STEP][PASSED] - if (myType == "checkbox"): null

27-02-2025T17:29:48 - [TEST_STEP][PASSED] - myStatus = element.isSelected(): null

27-02-2025T17:29:48 - [TEST_STEP][PASSED] - if (debug): null

27-02-2025T17:29:48 - [TEST_STEP][PASSED] - if (toggle && myStatus && inList): null

27-02-2025T17:29:48 - [TEST_STEP][PASSED] - if (!(myStatus) && inList || myStatus && !(inList)): null

27-02-2025T17:29:48 - [TEST_STEP][PASSED] - myValue = element.getAttribute("value"): null

27-02-2025T17:29:48 - [TEST_STEP][PASSED] - if (debug): null

27-02-2025T17:29:48 - [TEST_STEP][PASSED] - if (myValue.length() >= 4): null

27-02-2025T17:29:48 - [TEST_STEP][PASSED] - if (myValue.substring(0, 4) == "(!) "): null

27-02-2025T17:29:48 - [TEST_STEP][PASSED] - myType = element.getAttribute("type"): null

27-02-2025T17:29:48 - [TEST_STEP][PASSED] - if (myValue in varParms[i]): null

27-02-2025T17:29:48 - [TEST_STEP][PASSED] - else: null

27-02-2025T17:29:48 - [TEST_STEP][PASSED] - inList = false: null

27-02-2025T17:29:48 - [TEST_STEP][PASSED] - if (myType == "checkbox"): null

27-02-2025T17:29:48 - [TEST_STEP][PASSED] - myStatus = element.isSelected(): null

27-02-2025T17:29:48 - [TEST_STEP][PASSED] - if (debug): null

27-02-2025T17:29:48 - [TEST_STEP][PASSED] - if (toggle && myStatus && inList): null

27-02-2025T17:29:48 - [TEST_STEP][PASSED] - if (!(myStatus) && inList || myStatus && !(inList)): null

27-02-2025T17:29:48 - [TEST_STEP][PASSED] - myValue = element.getAttribute("value"): null

27-02-2025T17:29:48 - [TEST_STEP][PASSED] - if (debug): null

27-02-2025T17:29:48 - [TEST_STEP][PASSED] - if (myValue.length() >= 4): null

27-02-2025T17:29:48 - [TEST_STEP][PASSED] - if (myValue.substring(0, 4) == "(!) "): null

27-02-2025T17:29:48 - [TEST_STEP][PASSED] - myType = element.getAttribute("type"): null

27-02-2025T17:29:48 - [TEST_STEP][PASSED] - if (myValue in varParms[i]): null

27-02-2025T17:29:48 - [TEST_STEP][PASSED] - else: null

27-02-2025T17:29:48 - [TEST_STEP][PASSED] - inList = false: null

27-02-2025T17:29:48 - [TEST_STEP][PASSED] - if (myType == "checkbox"): null

27-02-2025T17:29:48 - [TEST_STEP][PASSED] - myStatus = element.isSelected(): null

27-02-2025T17:29:48 - [TEST_STEP][PASSED] - if (debug): null

27-02-2025T17:29:48 - [TEST_STEP][PASSED] - if (toggle && myStatus && inList): null

27-02-2025T17:29:48 - [TEST_STEP][PASSED] - if (!(myStatus) && inList || myStatus && !(inList)): null

27-02-2025T17:29:48 - [TEST_STEP][PASSED] - myValue = element.getAttribute("value"): null

27-02-2025T17:29:48 - [TEST_STEP][PASSED] - if (debug): null

27-02-2025T17:29:48 - [TEST_STEP][PASSED] - if (myValue.length() >= 4): null

27-02-2025T17:29:48 - [TEST_STEP][PASSED] - if (myValue.substring(0, 4) == "(!) "): null

27-02-2025T17:29:48 - [TEST_STEP][PASSED] - myType = element.getAttribute("type"): null

27-02-2025T17:29:48 - [TEST_STEP][PASSED] - if (myValue in varParms[i]): null

27-02-2025T17:29:48 - [TEST_STEP][PASSED] - else: null

27-02-2025T17:29:48 - [TEST_STEP][PASSED] - inList = false: null

27-02-2025T17:29:48 - [TEST_STEP][PASSED] - if (myType == "checkbox"): null

27-02-2025T17:29:48 - [TEST_STEP][PASSED] - myStatus = element.isSelected(): null

27-02-2025T17:29:48 - [TEST_STEP][PASSED] - if (debug): null

27-02-2025T17:29:48 - [TEST_STEP][PASSED] - if (toggle && myStatus && inList): null

27-02-2025T17:29:48 - [TEST_STEP][PASSED] - if (!(myStatus) && inList || myStatus && !(inList)): null

27-02-2025T17:29:48 - [TEST_STEP][PASSED] - myValue = element.getAttribute("value"): null

27-02-2025T17:29:48 - [TEST_STEP][PASSED] - if (debug): null

27-02-2025T17:29:48 - [TEST_STEP][PASSED] - if (myValue.length() >= 4): null

27-02-2025T17:29:48 - [TEST_STEP][PASSED] - if (myValue.substring(0, 4) == "(!) "): null

27-02-2025T17:29:48 - [TEST_STEP][PASSED] - myType = element.getAttribute("type"): null

27-02-2025T17:29:48 - [TEST_STEP][PASSED] - if (myValue in varParms[i]): null

27-02-2025T17:29:48 - [TEST_STEP][PASSED] - else: null

27-02-2025T17:29:48 - [TEST_STEP][PASSED] - inList = false: null

27-02-2025T17:29:48 - [TEST_STEP][PASSED] - if (myType == "checkbox"): null

27-02-2025T17:29:48 - [TEST_STEP][PASSED] - myStatus = element.isSelected(): null

27-02-2025T17:29:48 - [TEST_STEP][PASSED] - if (debug): null

27-02-2025T17:29:48 - [TEST_STEP][PASSED] - if (toggle && myStatus && inList): null

27-02-2025T17:29:48 - [TEST_STEP][PASSED] - if (!(myStatus) && inList || myStatus && !(inList)): null

27-02-2025T17:29:48 - [TEST_STEP][PASSED] - myValue = element.getAttribute("value"): null

27-02-2025T17:29:48 - [TEST_STEP][PASSED] - if (debug): null

27-02-2025T17:29:48 - [TEST_STEP][PASSED] - if (myValue.length() >= 4): null

27-02-2025T17:29:48 - [TEST_STEP][PASSED] - if (myValue.substring(0, 4) == "(!) "): null

27-02-2025T17:29:48 - [TEST_STEP][PASSED] - myType = element.getAttribute("type"): null

27-02-2025T17:29:48 - [TEST_STEP][PASSED] - if (myValue in varParms[i]): null

27-02-2025T17:29:48 - [TEST_STEP][PASSED] - inList = true: null

27-02-2025T17:29:48 - [TEST_STEP][PASSED] - if (myType == "checkbox"): null

27-02-2025T17:29:48 - [TEST_STEP][PASSED] - myStatus = element.isSelected(): null

27-02-2025T17:29:48 - [TEST_STEP][PASSED] - if (debug): null

27-02-2025T17:29:48 - [TEST_STEP][PASSED] - if (toggle && myStatus && inList): null

27-02-2025T17:29:48 - [TEST_STEP][PASSED] - if (!(myStatus) && inList || myStatus && !(inList)): null

27-02-2025T17:29:48 - [TEST_STEP][PASSED] - if (debug): null

27-02-2025T17:29:48 - [TEST_STEP][PASSED] - println("Clicking " + myValue): null

27-02-2025T17:29:48 - [TEST_STEP][PASSED] - click(element): null

27-02-2025T17:29:48 - [TEST_STEP][PASSED] - scrollToObject(elem): null

27-02-2025T17:29:48 - [TEST_STEP][PASSED] - loc = element.getLocation(): null

27-02-2025T17:29:48 - [TEST_STEP][PASSED] - if (debug): null

27-02-2025T17:29:48 - [TEST_STEP][PASSED] - y = loc.getY(): null

27-02-2025T17:29:48 - [TEST_STEP][PASSED] - println("Y location is " + y): null

27-02-2025T17:29:48 - [TEST_STEP][PASSED] - top = getViewportTopPosition(): Current viewport's top (y) position is 94

27-02-2025T17:29:48 - [MESSAGE][PASSED] - Current viewport's top (y) position is 94

27-02-2025T17:29:48 - [TEST_STEP][PASSED] - println("Viewport top is " + top): null

27-02-2025T17:29:48 - [TEST_STEP][PASSED] - bottom = top + 600: null

27-02-2025T17:29:48 - [TEST_STEP][PASSED] - if (y - top < 150 || bottom - y < 10): Delayed 1 second(s)

27-02-2025T17:29:48 - [TEST_STEP][PASSED] - scrollToPosition(0, y - 150): Browser is scrolled to position x = 0, y = 576

27-02-2025T17:29:48 - [MESSAGE][PASSED] - Browser is scrolled to position x = 0, y = 576

27-02-2025T17:29:48 - [TEST_STEP][PASSED] - delay(1): Delayed 1 second(s)

27-02-2025T17:29:49 - [MESSAGE][PASSED] - Delayed 1 second(s)

27-02-2025T17:29:49 - [TEST_STEP][PASSED] - elem.click(): null

27-02-2025T17:29:49 - [TEST_STEP][PASSED] - myValue = element.getAttribute("value"): null

27-02-2025T17:29:49 - [TEST_STEP][PASSED] - if (debug): null

27-02-2025T17:29:49 - [TEST_STEP][PASSED] - if (myValue.length() >= 4): null

27-02-2025T17:29:49 - [TEST_STEP][PASSED] - if (myValue.substring(0, 4) == "(!) "): null

27-02-2025T17:29:49 - [TEST_STEP][PASSED] - myType = element.getAttribute("type"): null

27-02-2025T17:29:49 - [TEST_STEP][PASSED] - if (myValue in varParms[i]): null

27-02-2025T17:29:49 - [TEST_STEP][PASSED] - else: null

27-02-2025T17:29:49 - [TEST_STEP][PASSED] - inList = false: null

27-02-2025T17:29:49 - [TEST_STEP][PASSED] - if (myType == "checkbox"): null

27-02-2025T17:29:49 - [TEST_STEP][PASSED] - myStatus = element.isSelected(): null

27-02-2025T17:29:49 - [TEST_STEP][PASSED] - if (debug): null

27-02-2025T17:29:49 - [TEST_STEP][PASSED] - if (toggle && myStatus && inList): null

27-02-2025T17:29:49 - [TEST_STEP][PASSED] - if (!(myStatus) && inList || myStatus && !(inList)): null

27-02-2025T17:29:49 - [TEST_STEP][PASSED] - myValue = element.getAttribute("value"): null

27-02-2025T17:29:49 - [TEST_STEP][PASSED] - if (debug): null

27-02-2025T17:29:49 - [TEST_STEP][PASSED] - if (myValue.length() >= 4): null

27-02-2025T17:29:49 - [TEST_STEP][PASSED] - if (myValue.substring(0, 4) == "(!) "): null

27-02-2025T17:29:49 - [TEST_STEP][PASSED] - myType = element.getAttribute("type"): null

27-02-2025T17:29:49 - [TEST_STEP][PASSED] - if (myValue in varParms[i]): null

27-02-2025T17:29:49 - [TEST_STEP][PASSED] - inList = true: null

27-02-2025T17:29:49 - [TEST_STEP][PASSED] - if (myType == "checkbox"): null

27-02-2025T17:29:49 - [TEST_STEP][PASSED] - myStatus = element.isSelected(): null

27-02-2025T17:29:49 - [TEST_STEP][PASSED] - if (debug): null

27-02-2025T17:29:49 - [TEST_STEP][PASSED] - if (toggle && myStatus && inList): null

27-02-2025T17:29:49 - [TEST_STEP][PASSED] - if (!(myStatus) && inList || myStatus && !(inList)): null

27-02-2025T17:29:49 - [TEST_STEP][PASSED] - if (debug): null

27-02-2025T17:29:49 - [TEST_STEP][PASSED] - println("Clicking " + myValue): null

27-02-2025T17:29:49 - [TEST_STEP][PASSED] - click(element): null

27-02-2025T17:29:49 - [TEST_STEP][PASSED] - scrollToObject(elem): null

27-02-2025T17:29:49 - [TEST_STEP][PASSED] - loc = element.getLocation(): null

27-02-2025T17:29:49 - [TEST_STEP][PASSED] - if (debug): null

27-02-2025T17:29:49 - [TEST_STEP][PASSED] - y = loc.getY(): null

27-02-2025T17:29:49 - [TEST_STEP][PASSED] - println("Y location is " + y): null

27-02-2025T17:29:49 - [TEST_STEP][PASSED] - top = getViewportTopPosition(): Current viewport's top (y) position is 576

27-02-2025T17:29:49 - [MESSAGE][PASSED] - Current viewport's top (y) position is 576

27-02-2025T17:29:49 - [TEST_STEP][PASSED] - println("Viewport top is " + top): null

27-02-2025T17:29:49 - [TEST_STEP][PASSED] - bottom = top + 600: null

27-02-2025T17:29:49 - [TEST_STEP][PASSED] - if (y - top < 150 || bottom - y < 10): null

27-02-2025T17:29:49 - [TEST_STEP][PASSED] - elem.click(): null

27-02-2025T17:29:49 - [TEST_STEP][PASSED] - myValue = element.getAttribute("value"): null

27-02-2025T17:29:49 - [TEST_STEP][PASSED] - if (debug): null

27-02-2025T17:29:49 - [TEST_STEP][PASSED] - if (myValue.length() >= 4): null

27-02-2025T17:29:49 - [TEST_STEP][PASSED] - if (myValue.substring(0, 4) == "(!) "): null

27-02-2025T17:29:49 - [TEST_STEP][PASSED] - myType = element.getAttribute("type"): null

27-02-2025T17:29:49 - [TEST_STEP][PASSED] - if (myValue in varParms[i]): null

27-02-2025T17:29:49 - [TEST_STEP][PASSED] - inList = true: null

27-02-2025T17:29:49 - [TEST_STEP][PASSED] - if (myType == "checkbox"): null

27-02-2025T17:29:49 - [TEST_STEP][PASSED] - myStatus = element.isSelected(): null

27-02-2025T17:29:49 - [TEST_STEP][PASSED] - if (debug): null

27-02-2025T17:29:49 - [TEST_STEP][PASSED] - if (toggle && myStatus && inList): null

27-02-2025T17:29:49 - [TEST_STEP][PASSED] - if (!(myStatus) && inList || myStatus && !(inList)): null

27-02-2025T17:29:49 - [TEST_STEP][PASSED] - if (debug): null

27-02-2025T17:29:49 - [TEST_STEP][PASSED] - println("Clicking " + myValue): null

27-02-2025T17:29:49 - [TEST_STEP][PASSED] - click(element): null

27-02-2025T17:29:49 - [TEST_STEP][PASSED] - scrollToObject(elem): null

27-02-2025T17:29:49 - [TEST_STEP][PASSED] - loc = element.getLocation(): null

27-02-2025T17:29:49 - [TEST_STEP][PASSED] - if (debug): null

27-02-2025T17:29:49 - [TEST_STEP][PASSED] - y = loc.getY(): null

27-02-2025T17:29:49 - [TEST_STEP][PASSED] - println("Y location is " + y): null

27-02-2025T17:29:49 - [TEST_STEP][PASSED] - top = getViewportTopPosition(): Current viewport's top (y) position is 576

27-02-2025T17:29:49 - [MESSAGE][PASSED] - Current viewport's top (y) position is 576

27-02-2025T17:29:49 - [TEST_STEP][PASSED] - println("Viewport top is " + top): null

27-02-2025T17:29:49 - [TEST_STEP][PASSED] - bottom = top + 600: null

27-02-2025T17:29:49 - [TEST_STEP][PASSED] - if (y - top < 150 || bottom - y < 10): null

27-02-2025T17:29:49 - [TEST_STEP][PASSED] - elem.click(): null

27-02-2025T17:29:49 - [TEST_STEP][PASSED] - myValue = element.getAttribute("value"): null

27-02-2025T17:29:49 - [TEST_STEP][PASSED] - if (debug): null

27-02-2025T17:29:49 - [TEST_STEP][PASSED] - if (myValue.length() >= 4): null

27-02-2025T17:29:49 - [TEST_STEP][PASSED] - if (myValue.substring(0, 4) == "(!) "): null

27-02-2025T17:29:49 - [TEST_STEP][PASSED] - myType = element.getAttribute("type"): null

27-02-2025T17:29:49 - [TEST_STEP][PASSED] - if (myValue in varParms[i]): null

27-02-2025T17:29:49 - [TEST_STEP][PASSED] - inList = true: null

27-02-2025T17:29:49 - [TEST_STEP][PASSED] - if (myType == "checkbox"): null

27-02-2025T17:29:49 - [TEST_STEP][PASSED] - myStatus = element.isSelected(): null

27-02-2025T17:29:49 - [TEST_STEP][PASSED] - if (debug): null

27-02-2025T17:29:49 - [TEST_STEP][PASSED] - if (toggle && myStatus && inList): null

27-02-2025T17:29:49 - [TEST_STEP][PASSED] - if (!(myStatus) && inList || myStatus && !(inList)): null

27-02-2025T17:29:49 - [TEST_STEP][PASSED] - if (debug): null

27-02-2025T17:29:49 - [TEST_STEP][PASSED] - println("Clicking " + myValue): null

27-02-2025T17:29:49 - [TEST_STEP][PASSED] - click(element): null

27-02-2025T17:29:49 - [TEST_STEP][PASSED] - scrollToObject(elem): null

27-02-2025T17:29:49 - [TEST_STEP][PASSED] - loc = element.getLocation(): null

27-02-2025T17:29:49 - [TEST_STEP][PASSED] - if (debug): null

27-02-2025T17:29:49 - [TEST_STEP][PASSED] - y = loc.getY(): null

27-02-2025T17:29:49 - [TEST_STEP][PASSED] - println("Y location is " + y): null

27-02-2025T17:29:49 - [TEST_STEP][PASSED] - top = getViewportTopPosition(): Current viewport's top (y) position is 576

27-02-2025T17:29:49 - [MESSAGE][PASSED] - Current viewport's top (y) position is 576

27-02-2025T17:29:49 - [TEST_STEP][PASSED] - println("Viewport top is " + top): null

27-02-2025T17:29:49 - [TEST_STEP][PASSED] - bottom = top + 600: null

27-02-2025T17:29:49 - [TEST_STEP][PASSED] - if (y - top < 150 || bottom - y < 10): null

27-02-2025T17:29:49 - [TEST_STEP][PASSED] - elem.click(): null

27-02-2025T17:29:49 - [TEST_STEP][PASSED] - myValue = element.getAttribute("value"): null

27-02-2025T17:29:49 - [TEST_STEP][PASSED] - if (debug): null

27-02-2025T17:29:49 - [TEST_STEP][PASSED] - if (myValue.length() >= 4): null

27-02-2025T17:29:49 - [TEST_STEP][PASSED] - if (myValue.substring(0, 4) == "(!) "): null

27-02-2025T17:29:49 - [TEST_STEP][PASSED] - myType = element.getAttribute("type"): null

27-02-2025T17:29:49 - [TEST_STEP][PASSED] - if (myValue in varParms[i]): null

27-02-2025T17:29:49 - [TEST_STEP][PASSED] - else: null

27-02-2025T17:29:49 - [TEST_STEP][PASSED] - inList = false: null

27-02-2025T17:29:49 - [TEST_STEP][PASSED] - if (myType == "checkbox"): null

27-02-2025T17:29:49 - [TEST_STEP][PASSED] - myStatus = element.isSelected(): null

27-02-2025T17:29:49 - [TEST_STEP][PASSED] - if (debug): null

27-02-2025T17:29:49 - [TEST_STEP][PASSED] - if (toggle && myStatus && inList): null

27-02-2025T17:29:49 - [TEST_STEP][PASSED] - if (!(myStatus) && inList || myStatus && !(inList)): null

27-02-2025T17:29:49 - [TEST_STEP][PASSED] - myValue = element.getAttribute("value"): null

27-02-2025T17:29:49 - [TEST_STEP][PASSED] - if (debug): null

27-02-2025T17:29:49 - [TEST_STEP][PASSED] - if (myValue.length() >= 4): null

27-02-2025T17:29:49 - [TEST_STEP][PASSED] - if (myValue.substring(0, 4) == "(!) "): null

27-02-2025T17:29:49 - [TEST_STEP][PASSED] - myType = element.getAttribute("type"): null

27-02-2025T17:29:49 - [TEST_STEP][PASSED] - if (myValue in varParms[i]): null

27-02-2025T17:29:49 - [TEST_STEP][PASSED] - else: null

27-02-2025T17:29:49 - [TEST_STEP][PASSED] - inList = false: null

27-02-2025T17:29:49 - [TEST_STEP][PASSED] - if (myType == "checkbox"): null

27-02-2025T17:29:49 - [TEST_STEP][PASSED] - myStatus = element.isSelected(): null

27-02-2025T17:29:49 - [TEST_STEP][PASSED] - if (debug): null

27-02-2025T17:29:49 - [TEST_STEP][PASSED] - if (toggle && myStatus && inList): null

27-02-2025T17:29:49 - [TEST_STEP][PASSED] - if (!(myStatus) && inList || myStatus && !(inList)): null

27-02-2025T17:29:49 - [TEST_STEP][PASSED] - myValue = element.getAttribute("value"): null

27-02-2025T17:29:49 - [TEST_STEP][PASSED] - if (debug): null

27-02-2025T17:29:49 - [TEST_STEP][PASSED] - if (myValue.length() >= 4): null

27-02-2025T17:29:49 - [TEST_STEP][PASSED] - if (myValue.substring(0, 4) == "(!) "): null

27-02-2025T17:29:49 - [TEST_STEP][PASSED] - myType = element.getAttribute("type"): null

27-02-2025T17:29:49 - [TEST_STEP][PASSED] - if (myValue in varParms[i]): null

27-02-2025T17:29:49 - [TEST_STEP][PASSED] - else: null

27-02-2025T17:29:49 - [TEST_STEP][PASSED] - inList = false: null

27-02-2025T17:29:49 - [TEST_STEP][PASSED] - if (myType == "checkbox"): null

27-02-2025T17:29:49 - [TEST_STEP][PASSED] - myStatus = element.isSelected(): null

27-02-2025T17:29:49 - [TEST_STEP][PASSED] - if (debug): null

27-02-2025T17:29:49 - [TEST_STEP][PASSED] - if (toggle && myStatus && inList): null

27-02-2025T17:29:49 - [TEST_STEP][PASSED] - if (!(myStatus) && inList || myStatus && !(inList)): null

27-02-2025T17:29:49 - [TEST_STEP][PASSED] - myValue = element.getAttribute("value"): null

27-02-2025T17:29:49 - [TEST_STEP][PASSED] - if (debug): null

27-02-2025T17:29:49 - [TEST_STEP][PASSED] - if (myValue.length() >= 4): null

27-02-2025T17:29:49 - [TEST_STEP][PASSED] - if (myValue.substring(0, 4) == "(!) "): null

27-02-2025T17:29:49 - [TEST_STEP][PASSED] - myType = element.getAttribute("type"): null

27-02-2025T17:29:49 - [TEST_STEP][PASSED] - if (myValue in varParms[i]): null

27-02-2025T17:29:49 - [TEST_STEP][PASSED] - else: null

27-02-2025T17:29:49 - [TEST_STEP][PASSED] - inList = false: null

27-02-2025T17:29:49 - [TEST_STEP][PASSED] - if (myType == "checkbox"): null

27-02-2025T17:29:49 - [TEST_STEP][PASSED] - myStatus = element.isSelected(): null

27-02-2025T17:29:49 - [TEST_STEP][PASSED] - if (debug): null

27-02-2025T17:29:49 - [TEST_STEP][PASSED] - if (toggle && myStatus && inList): null

27-02-2025T17:29:49 - [TEST_STEP][PASSED] - if (!(myStatus) && inList || myStatus && !(inList)): null

27-02-2025T17:29:49 - [TEST_STEP][PASSED] - myValue = element.getAttribute("value"): null

27-02-2025T17:29:49 - [TEST_STEP][PASSED] - if (debug): null

27-02-2025T17:29:49 - [TEST_STEP][PASSED] - if (myValue.length() >= 4): null

27-02-2025T17:29:49 - [TEST_STEP][PASSED] - if (myValue.substring(0, 4) == "(!) "): null

27-02-2025T17:29:49 - [TEST_STEP][PASSED] - myType = element.getAttribute("type"): null

27-02-2025T17:29:49 - [TEST_STEP][PASSED] - if (myValue in varParms[i]): null

27-02-2025T17:29:49 - [TEST_STEP][PASSED] - else: null

27-02-2025T17:29:49 - [TEST_STEP][PASSED] - inList = false: null

27-02-2025T17:29:49 - [TEST_STEP][PASSED] - if (myType == "checkbox"): null

27-02-2025T17:29:49 - [TEST_STEP][PASSED] - myStatus = element.isSelected(): null

27-02-2025T17:29:49 - [TEST_STEP][PASSED] - if (debug): null

27-02-2025T17:29:49 - [TEST_STEP][PASSED] - if (toggle && myStatus && inList): null

27-02-2025T17:29:49 - [TEST_STEP][PASSED] - if (!(myStatus) && inList || myStatus && !(inList)): null

27-02-2025T17:29:49 - [TEST_STEP][PASSED] - myValue = element.getAttribute("value"): null

27-02-2025T17:29:49 - [TEST_STEP][PASSED] - if (debug): null

27-02-2025T17:29:49 - [TEST_STEP][PASSED] - if (myValue.length() >= 4): null

27-02-2025T17:29:49 - [TEST_STEP][PASSED] - if (myValue.substring(0, 4) == "(!) "): null

27-02-2025T17:29:49 - [TEST_STEP][PASSED] - myType = element.getAttribute("type"): null

27-02-2025T17:29:49 - [TEST_STEP][PASSED] - if (myValue in varParms[i]): null

27-02-2025T17:29:49 - [TEST_STEP][PASSED] - else: null

27-02-2025T17:29:49 - [TEST_STEP][PASSED] - inList = false: null

27-02-2025T17:29:49 - [TEST_STEP][PASSED] - if (myType == "checkbox"): null

27-02-2025T17:29:49 - [TEST_STEP][PASSED] - myStatus = element.isSelected(): null

27-02-2025T17:29:49 - [TEST_STEP][PASSED] - if (debug): null

27-02-2025T17:29:49 - [TEST_STEP][PASSED] - if (toggle && myStatus && inList): null

27-02-2025T17:29:49 - [TEST_STEP][PASSED] - if (!(myStatus) && inList || myStatus && !(inList)): null

27-02-2025T17:29:49 - [TEST_STEP][PASSED] - myValue = element.getAttribute("value"): null

27-02-2025T17:29:49 - [TEST_STEP][PASSED] - if (debug): null

27-02-2025T17:29:49 - [TEST_STEP][PASSED] - if (myValue.length() >= 4): null

27-02-2025T17:29:49 - [TEST_STEP][PASSED] - if (myValue.substring(0, 4) == "(!) "): null

27-02-2025T17:29:49 - [TEST_STEP][PASSED] - myType = element.getAttribute("type"): null

27-02-2025T17:29:49 - [TEST_STEP][PASSED] - if (myValue in varParms[i]): null

27-02-2025T17:29:49 - [TEST_STEP][PASSED] - else: null

27-02-2025T17:29:49 - [TEST_STEP][PASSED] - inList = false: null

27-02-2025T17:29:49 - [TEST_STEP][PASSED] - if (myType == "checkbox"): null

27-02-2025T17:29:49 - [TEST_STEP][PASSED] - myStatus = element.isSelected(): null

27-02-2025T17:29:49 - [TEST_STEP][PASSED] - if (debug): null

27-02-2025T17:29:49 - [TEST_STEP][PASSED] - if (toggle && myStatus && inList): null

27-02-2025T17:29:49 - [TEST_STEP][PASSED] - if (!(myStatus) && inList || myStatus && !(inList)): null

27-02-2025T17:29:49 - [TEST_STEP][PASSED] - myValue = element.getAttribute("value"): null

27-02-2025T17:29:49 - [TEST_STEP][PASSED] - if (debug): null

27-02-2025T17:29:49 - [TEST_STEP][PASSED] - if (myValue.length() >= 4): null

27-02-2025T17:29:49 - [TEST_STEP][PASSED] - if (myValue.substring(0, 4) == "(!) "): null

27-02-2025T17:29:49 - [TEST_STEP][PASSED] - myType = element.getAttribute("type"): null

27-02-2025T17:29:49 - [TEST_STEP][PASSED] - if (myValue in varParms[i]): null

27-02-2025T17:29:49 - [TEST_STEP][PASSED] - else: null

27-02-2025T17:29:49 - [TEST_STEP][PASSED] - inList = false: null

27-02-2025T17:29:49 - [TEST_STEP][PASSED] - if (myType == "checkbox"): null

27-02-2025T17:29:49 - [TEST_STEP][PASSED] - myStatus = element.isSelected(): null

27-02-2025T17:29:49 - [TEST_STEP][PASSED] - if (debug): null

27-02-2025T17:29:49 - [TEST_STEP][PASSED] - if (toggle && myStatus && inList): null

27-02-2025T17:29:49 - [TEST_STEP][PASSED] - if (!(myStatus) && inList || myStatus && !(inList)): null

27-02-2025T17:29:49 - [TEST_STEP][PASSED] - myValue = element.getAttribute("value"): null

27-02-2025T17:29:49 - [TEST_STEP][PASSED] - if (debug): null

27-02-2025T17:29:49 - [TEST_STEP][PASSED] - if (myValue.length() >= 4): null

27-02-2025T17:29:49 - [TEST_STEP][PASSED] - if (myValue.substring(0, 4) == "(!) "): null

27-02-2025T17:29:49 - [TEST_STEP][PASSED] - myType = element.getAttribute("type"): null

27-02-2025T17:29:49 - [TEST_STEP][PASSED] - if (myValue in varParms[i]): null

27-02-2025T17:29:49 - [TEST_STEP][PASSED] - else: null

27-02-2025T17:29:49 - [TEST_STEP][PASSED] - inList = false: null

27-02-2025T17:29:49 - [TEST_STEP][PASSED] - if (myType == "checkbox"): null

27-02-2025T17:29:49 - [TEST_STEP][PASSED] - myStatus = element.isSelected(): null

27-02-2025T17:29:49 - [TEST_STEP][PASSED] - if (debug): null

27-02-2025T17:29:49 - [TEST_STEP][PASSED] - if (toggle && myStatus && inList): null

27-02-2025T17:29:49 - [TEST_STEP][PASSED] - if (!(myStatus) && inList || myStatus && !(inList)): null

27-02-2025T17:29:49 - [TEST_STEP][PASSED] - myValue = element.getAttribute("value"): null

27-02-2025T17:29:49 - [TEST_STEP][PASSED] - if (debug): null

27-02-2025T17:29:49 - [TEST_STEP][PASSED] - if (myValue.length() >= 4): null

27-02-2025T17:29:49 - [TEST_STEP][PASSED] - if (myValue.substring(0, 4) == "(!) "): null

27-02-2025T17:29:49 - [TEST_STEP][PASSED] - myType = element.getAttribute("type"): null

27-02-2025T17:29:49 - [TEST_STEP][PASSED] - if (myValue in varParms[i]): null

27-02-2025T17:29:49 - [TEST_STEP][PASSED] - else: null

27-02-2025T17:29:49 - [TEST_STEP][PASSED] - inList = false: null

27-02-2025T17:29:49 - [TEST_STEP][PASSED] - if (myType == "checkbox"): null

27-02-2025T17:29:49 - [TEST_STEP][PASSED] - myStatus = element.isSelected(): null

27-02-2025T17:29:49 - [TEST_STEP][PASSED] - if (debug): null

27-02-2025T17:29:49 - [TEST_STEP][PASSED] - if (toggle && myStatus && inList): null

27-02-2025T17:29:49 - [TEST_STEP][PASSED] - if (!(myStatus) && inList || myStatus && !(inList)): null

27-02-2025T17:29:49 - [TEST_STEP][PASSED] - myValue = element.getAttribute("value"): null

27-02-2025T17:29:49 - [TEST_STEP][PASSED] - if (debug): null

27-02-2025T17:29:49 - [TEST_STEP][PASSED] - if (myValue.length() >= 4): null

27-02-2025T17:29:49 - [TEST_STEP][PASSED] - if (myValue.substring(0, 4) == "(!) "): null

27-02-2025T17:29:49 - [TEST_STEP][PASSED] - myType = element.getAttribute("type"): null

27-02-2025T17:29:49 - [TEST_STEP][PASSED] - if (myValue in varParms[i]): null

27-02-2025T17:29:49 - [TEST_STEP][PASSED] - else: null

27-02-2025T17:29:49 - [TEST_STEP][PASSED] - inList = false: null

27-02-2025T17:29:49 - [TEST_STEP][PASSED] - if (myType == "checkbox"): null

27-02-2025T17:29:49 - [TEST_STEP][PASSED] - myStatus = element.isSelected(): null

27-02-2025T17:29:49 - [TEST_STEP][PASSED] - if (debug): null

27-02-2025T17:29:49 - [TEST_STEP][PASSED] - if (toggle && myStatus && inList): null

27-02-2025T17:29:49 - [TEST_STEP][PASSED] - if (!(myStatus) && inList || myStatus && !(inList)): null

27-02-2025T17:29:49 - [TEST_STEP][PASSED] - myValue = element.getAttribute("value"): null

27-02-2025T17:29:49 - [TEST_STEP][PASSED] - if (debug): null

27-02-2025T17:29:49 - [TEST_STEP][PASSED] - if (myValue.length() >= 4): null

27-02-2025T17:29:49 - [TEST_STEP][PASSED] - if (myValue.substring(0, 4) == "(!) "): null

27-02-2025T17:29:49 - [TEST_STEP][PASSED] - myType = element.getAttribute("type"): null

27-02-2025T17:29:49 - [TEST_STEP][PASSED] - if (myValue in varParms[i]): null

27-02-2025T17:29:49 - [TEST_STEP][PASSED] - else: null

27-02-2025T17:29:49 - [TEST_STEP][PASSED] - inList = false: null

27-02-2025T17:29:49 - [TEST_STEP][PASSED] - if (myType == "checkbox"): null

27-02-2025T17:29:49 - [TEST_STEP][PASSED] - myStatus = element.isSelected(): null

27-02-2025T17:29:49 - [TEST_STEP][PASSED] - if (debug): null

27-02-2025T17:29:49 - [TEST_STEP][PASSED] - if (toggle && myStatus && inList): null

27-02-2025T17:29:49 - [TEST_STEP][PASSED] - if (!(myStatus) && inList || myStatus && !(inList)): null

27-02-2025T17:29:49 - [TEST_STEP][PASSED] - myValue = element.getAttribute("value"): null

27-02-2025T17:29:49 - [TEST_STEP][PASSED] - if (debug): null

27-02-2025T17:29:49 - [TEST_STEP][PASSED] - if (myValue.length() >= 4): null

27-02-2025T17:29:49 - [TEST_STEP][PASSED] - if (myValue.substring(0, 4) == "(!) "): null

27-02-2025T17:29:49 - [TEST_STEP][PASSED] - myType = element.getAttribute("type"): null

27-02-2025T17:29:49 - [TEST_STEP][PASSED] - if (myValue in varParms[i]): null

27-02-2025T17:29:49 - [TEST_STEP][PASSED] - else: null

27-02-2025T17:29:49 - [TEST_STEP][PASSED] - inList = false: null

27-02-2025T17:29:49 - [TEST_STEP][PASSED] - if (myType == "checkbox"): null

27-02-2025T17:29:49 - [TEST_STEP][PASSED] - myStatus = element.isSelected(): null

27-02-2025T17:29:49 - [TEST_STEP][PASSED] - if (debug): null

27-02-2025T17:29:49 - [TEST_STEP][PASSED] - if (toggle && myStatus && inList): null

27-02-2025T17:29:49 - [TEST_STEP][PASSED] - if (!(myStatus) && inList || myStatus && !(inList)): null

27-02-2025T17:29:49 - [TEST_STEP][PASSED] - myValue = element.getAttribute("value"): null

27-02-2025T17:29:49 - [TEST_STEP][PASSED] - if (debug): null

27-02-2025T17:29:49 - [TEST_STEP][PASSED] - if (myValue.length() >= 4): null

27-02-2025T17:29:49 - [TEST_STEP][PASSED] - if (myValue.substring(0, 4) == "(!) "): null

27-02-2025T17:29:49 - [TEST_STEP][PASSED] - myType = element.getAttribute("type"): null

27-02-2025T17:29:49 - [TEST_STEP][PASSED] - if (myValue in varParms[i]): null

27-02-2025T17:29:49 - [TEST_STEP][PASSED] - else: null

27-02-2025T17:29:49 - [TEST_STEP][PASSED] - inList = false: null

27-02-2025T17:29:49 - [TEST_STEP][PASSED] - if (myType == "checkbox"): null

27-02-2025T17:29:49 - [TEST_STEP][PASSED] - myStatus = element.isSelected(): null

27-02-2025T17:29:49 - [TEST_STEP][PASSED] - if (debug): null

27-02-2025T17:29:49 - [TEST_STEP][PASSED] - if (toggle && myStatus && inList): null

27-02-2025T17:29:49 - [TEST_STEP][PASSED] - if (!(myStatus) && inList || myStatus && !(inList)): null

27-02-2025T17:29:49 - [TEST_STEP][PASSED] - myValue = element.getAttribute("value"): null

27-02-2025T17:29:49 - [TEST_STEP][PASSED] - if (debug): null

27-02-2025T17:29:49 - [TEST_STEP][PASSED] - if (myValue.length() >= 4): null

27-02-2025T17:29:49 - [TEST_STEP][PASSED] - if (myValue.substring(0, 4) == "(!) "): null

27-02-2025T17:29:49 - [TEST_STEP][PASSED] - myType = element.getAttribute("type"): null

27-02-2025T17:29:49 - [TEST_STEP][PASSED] - if (myValue in varParms[i]): null

27-02-2025T17:29:49 - [TEST_STEP][PASSED] - else: null

27-02-2025T17:29:49 - [TEST_STEP][PASSED] - inList = false: null

27-02-2025T17:29:49 - [TEST_STEP][PASSED] - if (myType == "checkbox"): null

27-02-2025T17:29:49 - [TEST_STEP][PASSED] - myStatus = element.isSelected(): null

27-02-2025T17:29:49 - [TEST_STEP][PASSED] - if (debug): null

27-02-2025T17:29:49 - [TEST_STEP][PASSED] - if (toggle && myStatus && inList): null

27-02-2025T17:29:49 - [TEST_STEP][PASSED] - if (!(myStatus) && inList || myStatus && !(inList)): null

27-02-2025T17:29:49 - [TEST_STEP][PASSED] - myValue = element.getAttribute("value"): null

27-02-2025T17:29:49 - [TEST_STEP][PASSED] - if (debug): null

27-02-2025T17:29:49 - [TEST_STEP][PASSED] - if (myValue.length() >= 4): null

27-02-2025T17:29:49 - [TEST_STEP][PASSED] - if (myValue.substring(0, 4) == "(!) "): null

27-02-2025T17:29:49 - [TEST_STEP][PASSED] - myType = element.getAttribute("type"): null

27-02-2025T17:29:49 - [TEST_STEP][PASSED] - if (myValue in varParms[i]): null

27-02-2025T17:29:49 - [TEST_STEP][PASSED] - else: null

27-02-2025T17:29:49 - [TEST_STEP][PASSED] - inList = false: null

27-02-2025T17:29:49 - [TEST_STEP][PASSED] - if (myType == "checkbox"): null

27-02-2025T17:29:49 - [TEST_STEP][PASSED] - myStatus = element.isSelected(): null

27-02-2025T17:29:49 - [TEST_STEP][PASSED] - if (debug): null

27-02-2025T17:29:49 - [TEST_STEP][PASSED] - if (toggle && myStatus && inList): null

27-02-2025T17:29:49 - [TEST_STEP][PASSED] - if (!(myStatus) && inList || myStatus && !(inList)): null

27-02-2025T17:29:49 - [TEST_STEP][PASSED] - myValue = element.getAttribute("value"): null

27-02-2025T17:29:49 - [TEST_STEP][PASSED] - if (debug): null

27-02-2025T17:29:49 - [TEST_STEP][PASSED] - if (myValue.length() >= 4): null

27-02-2025T17:29:49 - [TEST_STEP][PASSED] - if (myValue.substring(0, 4) == "(!) "): null

27-02-2025T17:29:49 - [TEST_STEP][PASSED] - myType = element.getAttribute("type"): null

27-02-2025T17:29:49 - [TEST_STEP][PASSED] - if (myValue in varParms[i]): null

27-02-2025T17:29:49 - [TEST_STEP][PASSED] - else: null

27-02-2025T17:29:49 - [TEST_STEP][PASSED] - inList = false: null

27-02-2025T17:29:49 - [TEST_STEP][PASSED] - if (myType == "checkbox"): null

27-02-2025T17:29:49 - [TEST_STEP][PASSED] - myStatus = element.isSelected(): null

27-02-2025T17:29:49 - [TEST_STEP][PASSED] - if (debug): null

27-02-2025T17:29:49 - [TEST_STEP][PASSED] - if (toggle && myStatus && inList): null

27-02-2025T17:29:49 - [TEST_STEP][PASSED] - if (!(myStatus) && inList || myStatus && !(inList)): null

27-02-2025T17:29:49 - [TEST_STEP][PASSED] - myValue = element.getAttribute("value"): null

27-02-2025T17:29:49 - [TEST_STEP][PASSED] - if (debug): null

27-02-2025T17:29:49 - [TEST_STEP][PASSED] - if (myValue.length() >= 4): null

27-02-2025T17:29:49 - [TEST_STEP][PASSED] - if (myValue.substring(0, 4) == "(!) "): null

27-02-2025T17:29:49 - [TEST_STEP][PASSED] - myType = element.getAttribute("type"): null

27-02-2025T17:29:49 - [TEST_STEP][PASSED] - if (myValue in varParms[i]): null

27-02-2025T17:29:49 - [TEST_STEP][PASSED] - else: null

27-02-2025T17:29:49 - [TEST_STEP][PASSED] - inList = false: null

27-02-2025T17:29:49 - [TEST_STEP][PASSED] - if (myType == "checkbox"): null

27-02-2025T17:29:49 - [TEST_STEP][PASSED] - myStatus = element.isSelected(): null

27-02-2025T17:29:49 - [TEST_STEP][PASSED] - if (debug): null

27-02-2025T17:29:49 - [TEST_STEP][PASSED] - if (toggle && myStatus && inList): null

27-02-2025T17:29:49 - [TEST_STEP][PASSED] - if (!(myStatus) && inList || myStatus && !(inList)): null

27-02-2025T17:29:49 - [TEST_STEP][PASSED] - myValue = element.getAttribute("value"): null

27-02-2025T17:29:49 - [TEST_STEP][PASSED] - if (debug): null

27-02-2025T17:29:49 - [TEST_STEP][PASSED] - if (myValue.length() >= 4): null

27-02-2025T17:29:49 - [TEST_STEP][PASSED] - if (myValue.substring(0, 4) == "(!) "): null

27-02-2025T17:29:49 - [TEST_STEP][PASSED] - myType = element.getAttribute("type"): null

27-02-2025T17:29:49 - [TEST_STEP][PASSED] - if (myValue in varParms[i]): null

27-02-2025T17:29:49 - [TEST_STEP][PASSED] - else: null

27-02-2025T17:29:49 - [TEST_STEP][PASSED] - inList = false: null

27-02-2025T17:29:49 - [TEST_STEP][PASSED] - if (myType == "checkbox"): null

27-02-2025T17:29:49 - [TEST_STEP][PASSED] - myStatus = element.isSelected(): null

27-02-2025T17:29:49 - [TEST_STEP][PASSED] - if (debug): null

27-02-2025T17:29:49 - [TEST_STEP][PASSED] - if (toggle && myStatus && inList): null

27-02-2025T17:29:49 - [TEST_STEP][PASSED] - if (!(myStatus) && inList || myStatus && !(inList)): null

27-02-2025T17:29:49 - [TEST_STEP][PASSED] - myValue = element.getAttribute("value"): null

27-02-2025T17:29:49 - [TEST_STEP][PASSED] - if (debug): null

27-02-2025T17:29:49 - [TEST_STEP][PASSED] - if (myValue.length() >= 4): null

27-02-2025T17:29:49 - [TEST_STEP][PASSED] - if (myValue.substring(0, 4) == "(!) "): null

27-02-2025T17:29:49 - [TEST_STEP][PASSED] - myType = element.getAttribute("type"): null

27-02-2025T17:29:49 - [TEST_STEP][PASSED] - if (myValue in varParms[i]): null

27-02-2025T17:29:49 - [TEST_STEP][PASSED] - else: null

27-02-2025T17:29:49 - [TEST_STEP][PASSED] - inList = false: null

27-02-2025T17:29:49 - [TEST_STEP][PASSED] - if (myType == "checkbox"): null

27-02-2025T17:29:49 - [TEST_STEP][PASSED] - myStatus = element.isSelected(): null

27-02-2025T17:29:49 - [TEST_STEP][PASSED] - if (debug): null

27-02-2025T17:29:49 - [TEST_STEP][PASSED] - if (toggle && myStatus && inList): null

27-02-2025T17:29:49 - [TEST_STEP][PASSED] - if (!(myStatus) && inList || myStatus && !(inList)): null

27-02-2025T17:29:49 - [TEST_STEP][PASSED] - myValue = element.getAttribute("value"): null

27-02-2025T17:29:49 - [TEST_STEP][PASSED] - if (debug): null

27-02-2025T17:29:49 - [TEST_STEP][PASSED] - if (myValue.length() >= 4): null

27-02-2025T17:29:49 - [TEST_STEP][PASSED] - if (myValue.substring(0, 4) == "(!) "): null

27-02-2025T17:29:49 - [TEST_STEP][PASSED] - myType = element.getAttribute("type"): null

27-02-2025T17:29:49 - [TEST_STEP][PASSED] - if (myValue in varParms[i]): null

27-02-2025T17:29:49 - [TEST_STEP][PASSED] - else: null

27-02-2025T17:29:49 - [TEST_STEP][PASSED] - inList = false: null

27-02-2025T17:29:49 - [TEST_STEP][PASSED] - if (myType == "checkbox"): null

27-02-2025T17:29:49 - [TEST_STEP][PASSED] - myStatus = element.isSelected(): null

27-02-2025T17:29:49 - [TEST_STEP][PASSED] - if (debug): null

27-02-2025T17:29:49 - [TEST_STEP][PASSED] - if (toggle && myStatus && inList): null

27-02-2025T17:29:49 - [TEST_STEP][PASSED] - if (!(myStatus) && inList || myStatus && !(inList)): null

27-02-2025T17:29:49 - [TEST_STEP][PASSED] - myValue = element.getAttribute("value"): null

27-02-2025T17:29:49 - [TEST_STEP][PASSED] - if (debug): null

27-02-2025T17:29:49 - [TEST_STEP][PASSED] - if (myValue.length() >= 4): null

27-02-2025T17:29:49 - [TEST_STEP][PASSED] - if (myValue.substring(0, 4) == "(!) "): null

27-02-2025T17:29:49 - [TEST_STEP][PASSED] - myType = element.getAttribute("type"): null

27-02-2025T17:29:49 - [TEST_STEP][PASSED] - if (myValue in varParms[i]): null

27-02-2025T17:29:49 - [TEST_STEP][PASSED] - else: null

27-02-2025T17:29:49 - [TEST_STEP][PASSED] - inList = false: null

27-02-2025T17:29:49 - [TEST_STEP][PASSED] - if (myType == "checkbox"): null

27-02-2025T17:29:49 - [TEST_STEP][PASSED] - myStatus = element.isSelected(): null

27-02-2025T17:29:49 - [TEST_STEP][PASSED] - if (debug): null

27-02-2025T17:29:49 - [TEST_STEP][PASSED] - if (toggle && myStatus && inList): null

27-02-2025T17:29:49 - [TEST_STEP][PASSED] - if (!(myStatus) && inList || myStatus && !(inList)): null

27-02-2025T17:29:49 - [TEST_STEP][PASSED] - myValue = element.getAttribute("value"): null

27-02-2025T17:29:49 - [TEST_STEP][PASSED] - if (debug): null

27-02-2025T17:29:49 - [TEST_STEP][PASSED] - if (myValue.length() >= 4): null

27-02-2025T17:29:49 - [TEST_STEP][PASSED] - if (myValue.substring(0, 4) == "(!) "): null

27-02-2025T17:29:49 - [TEST_STEP][PASSED] - myType = element.getAttribute("type"): null

27-02-2025T17:29:49 - [TEST_STEP][PASSED] - if (myValue in varParms[i]): null

27-02-2025T17:29:49 - [TEST_STEP][PASSED] - else: null

27-02-2025T17:29:49 - [TEST_STEP][PASSED] - inList = false: null

27-02-2025T17:29:49 - [TEST_STEP][PASSED] - if (myType == "checkbox"): null

27-02-2025T17:29:49 - [TEST_STEP][PASSED] - myStatus = element.isSelected(): null

27-02-2025T17:29:49 - [TEST_STEP][PASSED] - if (debug): null

27-02-2025T17:29:49 - [TEST_STEP][PASSED] - if (toggle && myStatus && inList): null

27-02-2025T17:29:49 - [TEST_STEP][PASSED] - if (!(myStatus) && inList || myStatus && !(inList)): null

27-02-2025T17:29:49 - [TEST_STEP][PASSED] - myValue = element.getAttribute("value"): null

27-02-2025T17:29:49 - [TEST_STEP][PASSED] - if (debug): null

27-02-2025T17:29:49 - [TEST_STEP][PASSED] - if (myValue.length() >= 4): null

27-02-2025T17:29:49 - [TEST_STEP][PASSED] - if (myValue.substring(0, 4) == "(!) "): null

27-02-2025T17:29:49 - [TEST_STEP][PASSED] - myType = element.getAttribute("type"): null

27-02-2025T17:29:49 - [TEST_STEP][PASSED] - if (myValue in varParms[i]): null

27-02-2025T17:29:49 - [TEST_STEP][PASSED] - else: null

27-02-2025T17:29:49 - [TEST_STEP][PASSED] - inList = false: null

27-02-2025T17:29:49 - [TEST_STEP][PASSED] - if (myType == "checkbox"): null

27-02-2025T17:29:49 - [TEST_STEP][PASSED] - myStatus = element.isSelected(): null

27-02-2025T17:29:49 - [TEST_STEP][PASSED] - if (debug): null

27-02-2025T17:29:49 - [TEST_STEP][PASSED] - if (toggle && myStatus && inList): null

27-02-2025T17:29:49 - [TEST_STEP][PASSED] - if (!(myStatus) && inList || myStatus && !(inList)): null

27-02-2025T17:29:49 - [TEST_STEP][PASSED] - myValue = element.getAttribute("value"): null

27-02-2025T17:29:49 - [TEST_STEP][PASSED] - if (debug): null

27-02-2025T17:29:49 - [TEST_STEP][PASSED] - if (myValue.length() >= 4): null

27-02-2025T17:29:49 - [TEST_STEP][PASSED] - if (myValue.substring(0, 4) == "(!) "): null

27-02-2025T17:29:49 - [TEST_STEP][PASSED] - myType = element.getAttribute("type"): null

27-02-2025T17:29:49 - [TEST_STEP][PASSED] - if (myValue in varParms[i]): null

27-02-2025T17:29:49 - [TEST_STEP][PASSED] - else: null

27-02-2025T17:29:49 - [TEST_STEP][PASSED] - inList = false: null

27-02-2025T17:29:49 - [TEST_STEP][PASSED] - if (myType == "checkbox"): null

27-02-2025T17:29:49 - [TEST_STEP][PASSED] - myStatus = element.isSelected(): null

27-02-2025T17:29:49 - [TEST_STEP][PASSED] - if (debug): null

27-02-2025T17:29:49 - [TEST_STEP][PASSED] - if (toggle && myStatus && inList): null

27-02-2025T17:29:49 - [TEST_STEP][PASSED] - if (!(myStatus) && inList || myStatus && !(inList)): null

27-02-2025T17:29:49 - [TEST_STEP][PASSED] - myValue = element.getAttribute("value"): null

27-02-2025T17:29:49 - [TEST_STEP][PASSED] - if (debug): null

27-02-2025T17:29:49 - [TEST_STEP][PASSED] - if (myValue.length() >= 4): null

27-02-2025T17:29:49 - [TEST_STEP][PASSED] - if (myValue.substring(0, 4) == "(!) "): null

27-02-2025T17:29:49 - [TEST_STEP][PASSED] - myType = element.getAttribute("type"): null

27-02-2025T17:29:49 - [TEST_STEP][PASSED] - if (myValue in varParms[i]): null

27-02-2025T17:29:49 - [TEST_STEP][PASSED] - else: null

27-02-2025T17:29:49 - [TEST_STEP][PASSED] - inList = false: null

27-02-2025T17:29:49 - [TEST_STEP][PASSED] - if (myType == "checkbox"): null

27-02-2025T17:29:49 - [TEST_STEP][PASSED] - myStatus = element.isSelected(): null

27-02-2025T17:29:49 - [TEST_STEP][PASSED] - if (debug): null

27-02-2025T17:29:49 - [TEST_STEP][PASSED] - if (toggle && myStatus && inList): null

27-02-2025T17:29:49 - [TEST_STEP][PASSED] - if (!(myStatus) && inList || myStatus && !(inList)): null

27-02-2025T17:29:49 - [TEST_STEP][PASSED] - myValue = element.getAttribute("value"): null

27-02-2025T17:29:49 - [TEST_STEP][PASSED] - if (debug): null

27-02-2025T17:29:49 - [TEST_STEP][PASSED] - if (myValue.length() >= 4): null

27-02-2025T17:29:49 - [TEST_STEP][PASSED] - if (myValue.substring(0, 4) == "(!) "): null

27-02-2025T17:29:49 - [TEST_STEP][PASSED] - myType = element.getAttribute("type"): null

27-02-2025T17:29:49 - [TEST_STEP][PASSED] - if (myValue in varParms[i]): null

27-02-2025T17:29:49 - [TEST_STEP][PASSED] - else: null

27-02-2025T17:29:49 - [TEST_STEP][PASSED] - inList = false: null

27-02-2025T17:29:49 - [TEST_STEP][PASSED] - if (myType == "checkbox"): null

27-02-2025T17:29:49 - [TEST_STEP][PASSED] - myStatus = element.isSelected(): null

27-02-2025T17:29:49 - [TEST_STEP][PASSED] - if (debug): null

27-02-2025T17:29:49 - [TEST_STEP][PASSED] - if (toggle && myStatus && inList): null

27-02-2025T17:29:49 - [TEST_STEP][PASSED] - if (!(myStatus) && inList || myStatus && !(inList)): null

27-02-2025T17:29:49 - [TEST_STEP][PASSED] - myValue = element.getAttribute("value"): null

27-02-2025T17:29:49 - [TEST_STEP][PASSED] - if (debug): null

27-02-2025T17:29:49 - [TEST_STEP][PASSED] - if (myValue.length() >= 4): null

27-02-2025T17:29:49 - [TEST_STEP][PASSED] - if (myValue.substring(0, 4) == "(!) "): null

27-02-2025T17:29:49 - [TEST_STEP][PASSED] - myType = element.getAttribute("type"): null

27-02-2025T17:29:49 - [TEST_STEP][PASSED] - if (myValue in varParms[i]): null

27-02-2025T17:29:49 - [TEST_STEP][PASSED] - inList = true: null

27-02-2025T17:29:49 - [TEST_STEP][PASSED] - if (myType == "checkbox"): null

27-02-2025T17:29:49 - [TEST_STEP][PASSED] - myStatus = element.isSelected(): null

27-02-2025T17:29:49 - [TEST_STEP][PASSED] - if (debug): null

27-02-2025T17:29:49 - [TEST_STEP][PASSED] - if (toggle && myStatus && inList): null

27-02-2025T17:29:49 - [TEST_STEP][PASSED] - if (!(myStatus) && inList || myStatus && !(inList)): null

27-02-2025T17:29:49 - [TEST_STEP][PASSED] - if (debug): null

27-02-2025T17:29:49 - [TEST_STEP][PASSED] - println("Clicking " + myValue): null

27-02-2025T17:29:49 - [TEST_STEP][PASSED] - click(element): null

27-02-2025T17:29:49 - [TEST_STEP][PASSED] - scrollToObject(elem): null

27-02-2025T17:29:49 - [TEST_STEP][PASSED] - loc = element.getLocation(): null

27-02-2025T17:29:49 - [TEST_STEP][PASSED] - if (debug): null

27-02-2025T17:29:49 - [TEST_STEP][PASSED] - y = loc.getY(): null

27-02-2025T17:29:49 - [TEST_STEP][PASSED] - println("Y location is " + y): null

27-02-2025T17:29:49 - [TEST_STEP][PASSED] - top = getViewportTopPosition(): Current viewport's top (y) position is 576

27-02-2025T17:29:49 - [MESSAGE][PASSED] - Current viewport's top (y) position is 576

27-02-2025T17:29:49 - [TEST_STEP][PASSED] - println("Viewport top is " + top): null

27-02-2025T17:29:49 - [TEST_STEP][PASSED] - bottom = top + 600: null

27-02-2025T17:29:49 - [TEST_STEP][PASSED] - if (y - top < 150 || bottom - y < 10): null

27-02-2025T17:29:49 - [TEST_STEP][PASSED] - elem.click(): null

27-02-2025T17:29:49 - [TEST_STEP][PASSED] - if (debug): null

27-02-2025T17:29:49 - [TEST_STEP][PASSED] - if (varParms[i].indexOf("Europe") >= 0): null

27-02-2025T17:29:49 - [TEST_STEP][PASSED] - elements = driver.findElements(By.xpath(varXpaths[i])): null

27-02-2025T17:29:49 - [TEST_STEP][PASSED] - element_count = elements.size(): null

27-02-2025T17:29:49 - [TEST_STEP][PASSED] - for (def element : elements): null

27-02-2025T17:29:49 - [TEST_STEP][PASSED] - myValue = element.getAttribute("value"): null

27-02-2025T17:29:49 - [TEST_STEP][PASSED] - if (debug): null

27-02-2025T17:29:49 - [TEST_STEP][PASSED] - if (myValue.length() >= 4): null

27-02-2025T17:29:49 - [TEST_STEP][PASSED] - if (myValue.substring(0, 4) == "(!) "): null

27-02-2025T17:29:49 - [TEST_STEP][PASSED] - myType = element.getAttribute("type"): null

27-02-2025T17:29:49 - [TEST_STEP][PASSED] - if (myValue in varParms[i]): null

27-02-2025T17:29:49 - [TEST_STEP][PASSED] - inList = true: null

27-02-2025T17:29:49 - [TEST_STEP][PASSED] - if (myType == "checkbox"): null

27-02-2025T17:29:49 - [TEST_STEP][PASSED] - myStatus = element.isSelected(): null

27-02-2025T17:29:49 - [TEST_STEP][PASSED] - if (debug): null

27-02-2025T17:29:49 - [TEST_STEP][PASSED] - if (toggle && myStatus && inList): null

27-02-2025T17:29:49 - [TEST_STEP][PASSED] - if (!(myStatus) && inList || myStatus && !(inList)): null

27-02-2025T17:29:49 - [TEST_STEP][PASSED] - if (debug): null

27-02-2025T17:29:49 - [TEST_STEP][PASSED] - println("Clicking " + myValue): null

27-02-2025T17:29:49 - [TEST_STEP][PASSED] - click(element): null

27-02-2025T17:29:49 - [TEST_STEP][PASSED] - scrollToObject(elem): null

27-02-2025T17:29:49 - [TEST_STEP][PASSED] - loc = element.getLocation(): null

27-02-2025T17:29:49 - [TEST_STEP][PASSED] - if (debug): null

27-02-2025T17:29:49 - [TEST_STEP][PASSED] - y = loc.getY(): null

27-02-2025T17:29:49 - [TEST_STEP][PASSED] - println("Y location is " + y): null

27-02-2025T17:29:49 - [TEST_STEP][PASSED] - top = getViewportTopPosition(): Current viewport's top (y) position is 576

27-02-2025T17:29:49 - [MESSAGE][PASSED] - Current viewport's top (y) position is 576

27-02-2025T17:29:49 - [TEST_STEP][PASSED] - println("Viewport top is " + top): null

27-02-2025T17:29:49 - [TEST_STEP][PASSED] - bottom = top + 600: null

27-02-2025T17:29:49 - [TEST_STEP][PASSED] - if (y - top < 150 || bottom - y < 10): null

27-02-2025T17:29:49 - [TEST_STEP][PASSED] - elem.click(): null

27-02-2025T17:29:49 - [TEST_STEP][PASSED] - myValue = element.getAttribute("value"): null

27-02-2025T17:29:49 - [TEST_STEP][PASSED] - if (debug): null

27-02-2025T17:29:49 - [TEST_STEP][PASSED] - if (myValue.length() >= 4): null

27-02-2025T17:29:49 - [TEST_STEP][PASSED] - if (myValue.substring(0, 4) == "(!) "): null

27-02-2025T17:29:49 - [TEST_STEP][PASSED] - myType = element.getAttribute("type"): null

27-02-2025T17:29:49 - [TEST_STEP][PASSED] - if (myValue in varParms[i]): null

27-02-2025T17:29:49 - [TEST_STEP][PASSED] - else: null

27-02-2025T17:29:49 - [TEST_STEP][PASSED] - inList = false: null

27-02-2025T17:29:49 - [TEST_STEP][PASSED] - if (myType == "checkbox"): null

27-02-2025T17:29:49 - [TEST_STEP][PASSED] - myStatus = element.isSelected(): null

27-02-2025T17:29:49 - [TEST_STEP][PASSED] - if (debug): null

27-02-2025T17:29:49 - [TEST_STEP][PASSED] - if (toggle && myStatus && inList): null

27-02-2025T17:29:49 - [TEST_STEP][PASSED] - if (!(myStatus) && inList || myStatus && !(inList)): null

27-02-2025T17:29:49 - [TEST_STEP][PASSED] - myValue = element.getAttribute("value"): null

27-02-2025T17:29:49 - [TEST_STEP][PASSED] - if (debug): null

27-02-2025T17:29:49 - [TEST_STEP][PASSED] - if (myValue.length() >= 4): null

27-02-2025T17:29:49 - [TEST_STEP][PASSED] - if (myValue.substring(0, 4) == "(!) "): null

27-02-2025T17:29:49 - [TEST_STEP][PASSED] - myType = element.getAttribute("type"): null

27-02-2025T17:29:49 - [TEST_STEP][PASSED] - if (myValue in varParms[i]): null

27-02-2025T17:29:49 - [TEST_STEP][PASSED] - inList = true: null

27-02-2025T17:29:49 - [TEST_STEP][PASSED] - if (myType == "checkbox"): null

27-02-2025T17:29:49 - [TEST_STEP][PASSED] - myStatus = element.isSelected(): null

27-02-2025T17:29:49 - [TEST_STEP][PASSED] - if (debug): null

27-02-2025T17:29:49 - [TEST_STEP][PASSED] - if (toggle && myStatus && inList): null

27-02-2025T17:29:49 - [TEST_STEP][PASSED] - if (!(myStatus) && inList || myStatus && !(inList)): null

27-02-2025T17:29:49 - [TEST_STEP][PASSED] - if (debug): null

27-02-2025T17:29:49 - [TEST_STEP][PASSED] - println("Clicking " + myValue): null

27-02-2025T17:29:49 - [TEST_STEP][PASSED] - click(element): null

27-02-2025T17:29:49 - [TEST_STEP][PASSED] - scrollToObject(elem): null

27-02-2025T17:29:49 - [TEST_STEP][PASSED] - loc = element.getLocation(): null

27-02-2025T17:29:49 - [TEST_STEP][PASSED] - if (debug): null

27-02-2025T17:29:49 - [TEST_STEP][PASSED] - y = loc.getY(): null

27-02-2025T17:29:49 - [TEST_STEP][PASSED] - println("Y location is " + y): null

27-02-2025T17:29:49 - [TEST_STEP][PASSED] - top = getViewportTopPosition(): Current viewport's top (y) position is 576

27-02-2025T17:29:49 - [MESSAGE][PASSED] - Current viewport's top (y) position is 576

27-02-2025T17:29:49 - [TEST_STEP][PASSED] - println("Viewport top is " + top): null

27-02-2025T17:29:49 - [TEST_STEP][PASSED] - bottom = top + 600: null

27-02-2025T17:29:49 - [TEST_STEP][PASSED] - if (y - top < 150 || bottom - y < 10): Delayed 1 second(s)

27-02-2025T17:29:49 - [TEST_STEP][PASSED] - scrollToPosition(0, y - 150): Browser is scrolled to position x = 0, y = 1031

27-02-2025T17:29:49 - [MESSAGE][PASSED] - Browser is scrolled to position x = 0, y = 1031

27-02-2025T17:29:49 - [TEST_STEP][PASSED] - delay(1): Delayed 1 second(s)

27-02-2025T17:29:50 - [MESSAGE][PASSED] - Delayed 1 second(s)

27-02-2025T17:29:50 - [TEST_STEP][PASSED] - elem.click(): null

27-02-2025T17:29:50 - [TEST_STEP][PASSED] - myValue = element.getAttribute("value"): null

27-02-2025T17:29:50 - [TEST_STEP][PASSED] - if (debug): null

27-02-2025T17:29:50 - [TEST_STEP][PASSED] - if (myValue.length() >= 4): null

27-02-2025T17:29:50 - [TEST_STEP][PASSED] - if (myValue.substring(0, 4) == "(!) "): null

27-02-2025T17:29:50 - [TEST_STEP][PASSED] - myType = element.getAttribute("type"): null

27-02-2025T17:29:50 - [TEST_STEP][PASSED] - if (myValue in varParms[i]): null

27-02-2025T17:29:50 - [TEST_STEP][PASSED] - inList = true: null

27-02-2025T17:29:50 - [TEST_STEP][PASSED] - if (myType == "checkbox"): null

27-02-2025T17:29:50 - [TEST_STEP][PASSED] - myStatus = element.isSelected(): null

27-02-2025T17:29:50 - [TEST_STEP][PASSED] - if (debug): null

27-02-2025T17:29:50 - [TEST_STEP][PASSED] - if (toggle && myStatus && inList): null

27-02-2025T17:29:50 - [TEST_STEP][PASSED] - if (!(myStatus) && inList || myStatus && !(inList)): null

27-02-2025T17:29:50 - [TEST_STEP][PASSED] - if (debug): null

27-02-2025T17:29:50 - [TEST_STEP][PASSED] - println("Clicking " + myValue): null

27-02-2025T17:29:50 - [TEST_STEP][PASSED] - click(element): null

27-02-2025T17:29:50 - [TEST_STEP][PASSED] - scrollToObject(elem): null

27-02-2025T17:29:50 - [TEST_STEP][PASSED] - loc = element.getLocation(): null

27-02-2025T17:29:50 - [TEST_STEP][PASSED] - if (debug): null

27-02-2025T17:29:50 - [TEST_STEP][PASSED] - y = loc.getY(): null

27-02-2025T17:29:50 - [TEST_STEP][PASSED] - println("Y location is " + y): null

27-02-2025T17:29:50 - [TEST_STEP][PASSED] - top = getViewportTopPosition(): Current viewport's top (y) position is 1031

27-02-2025T17:29:50 - [MESSAGE][PASSED] - Current viewport's top (y) position is 1031

27-02-2025T17:29:50 - [TEST_STEP][PASSED] - println("Viewport top is " + top): null

27-02-2025T17:29:50 - [TEST_STEP][PASSED] - bottom = top + 600: null

27-02-2025T17:29:50 - [TEST_STEP][PASSED] - if (y - top < 150 || bottom - y < 10): null

27-02-2025T17:29:50 - [TEST_STEP][PASSED] - elem.click(): null

27-02-2025T17:29:50 - [TEST_STEP][PASSED] - myValue = element.getAttribute("value"): null

27-02-2025T17:29:50 - [TEST_STEP][PASSED] - if (debug): null

27-02-2025T17:29:50 - [TEST_STEP][PASSED] - if (myValue.length() >= 4): null

27-02-2025T17:29:50 - [TEST_STEP][PASSED] - if (myValue.substring(0, 4) == "(!) "): null

27-02-2025T17:29:50 - [TEST_STEP][PASSED] - myType = element.getAttribute("type"): null

27-02-2025T17:29:50 - [TEST_STEP][PASSED] - if (myValue in varParms[i]): null

27-02-2025T17:29:50 - [TEST_STEP][PASSED] - else: null

27-02-2025T17:29:50 - [TEST_STEP][PASSED] - inList = false: null

27-02-2025T17:29:50 - [TEST_STEP][PASSED] - if (myType == "checkbox"): null

27-02-2025T17:29:50 - [TEST_STEP][PASSED] - myStatus = element.isSelected(): null

27-02-2025T17:29:50 - [TEST_STEP][PASSED] - if (debug): null

27-02-2025T17:29:50 - [TEST_STEP][PASSED] - if (toggle && myStatus && inList): null

27-02-2025T17:29:50 - [TEST_STEP][PASSED] - if (!(myStatus) && inList || myStatus && !(inList)): null

27-02-2025T17:29:50 - [TEST_STEP][PASSED] - myValue = element.getAttribute("value"): null

27-02-2025T17:29:50 - [TEST_STEP][PASSED] - if (debug): null

27-02-2025T17:29:50 - [TEST_STEP][PASSED] - if (myValue.length() >= 4): null

27-02-2025T17:29:50 - [TEST_STEP][PASSED] - if (myValue.substring(0, 4) == "(!) "): null

27-02-2025T17:29:50 - [TEST_STEP][PASSED] - myType = element.getAttribute("type"): null

27-02-2025T17:29:50 - [TEST_STEP][PASSED] - if (myValue in varParms[i]): null

27-02-2025T17:29:50 - [TEST_STEP][PASSED] - inList = true: null

27-02-2025T17:29:50 - [TEST_STEP][PASSED] - if (myType == "checkbox"): null

27-02-2025T17:29:50 - [TEST_STEP][PASSED] - myStatus = element.isSelected(): null

27-02-2025T17:29:50 - [TEST_STEP][PASSED] - if (debug): null

27-02-2025T17:29:50 - [TEST_STEP][PASSED] - if (toggle && myStatus && inList): null

27-02-2025T17:29:50 - [TEST_STEP][PASSED] - if (!(myStatus) && inList || myStatus && !(inList)): null

27-02-2025T17:29:50 - [TEST_STEP][PASSED] - if (debug): null

27-02-2025T17:29:50 - [TEST_STEP][PASSED] - println("Clicking " + myValue): null

27-02-2025T17:29:50 - [TEST_STEP][PASSED] - click(element): null

27-02-2025T17:29:50 - [TEST_STEP][PASSED] - scrollToObject(elem): null

27-02-2025T17:29:50 - [TEST_STEP][PASSED] - loc = element.getLocation(): null

27-02-2025T17:29:50 - [TEST_STEP][PASSED] - if (debug): null

27-02-2025T17:29:50 - [TEST_STEP][PASSED] - y = loc.getY(): null

27-02-2025T17:29:50 - [TEST_STEP][PASSED] - println("Y location is " + y): null

27-02-2025T17:29:50 - [TEST_STEP][PASSED] - top = getViewportTopPosition(): Current viewport's top (y) position is 1031

27-02-2025T17:29:50 - [MESSAGE][PASSED] - Current viewport's top (y) position is 1031

27-02-2025T17:29:50 - [TEST_STEP][PASSED] - println("Viewport top is " + top): null

27-02-2025T17:29:50 - [TEST_STEP][PASSED] - bottom = top + 600: null

27-02-2025T17:29:50 - [TEST_STEP][PASSED] - if (y - top < 150 || bottom - y < 10): null

27-02-2025T17:29:50 - [TEST_STEP][PASSED] - elem.click(): null

27-02-2025T17:29:50 - [TEST_STEP][PASSED] - myValue = element.getAttribute("value"): null

27-02-2025T17:29:50 - [TEST_STEP][PASSED] - if (debug): null

27-02-2025T17:29:50 - [TEST_STEP][PASSED] - if (myValue.length() >= 4): null

27-02-2025T17:29:50 - [TEST_STEP][PASSED] - if (myValue.substring(0, 4) == "(!) "): null

27-02-2025T17:29:50 - [TEST_STEP][PASSED] - myType = element.getAttribute("type"): null

27-02-2025T17:29:50 - [TEST_STEP][PASSED] - if (myValue in varParms[i]): null

27-02-2025T17:29:50 - [TEST_STEP][PASSED] - inList = true: null

27-02-2025T17:29:50 - [TEST_STEP][PASSED] - if (myType == "checkbox"): null

27-02-2025T17:29:50 - [TEST_STEP][PASSED] - myStatus = element.isSelected(): null

27-02-2025T17:29:50 - [TEST_STEP][PASSED] - if (debug): null

27-02-2025T17:29:50 - [TEST_STEP][PASSED] - if (toggle && myStatus && inList): null

27-02-2025T17:29:50 - [TEST_STEP][PASSED] - if (!(myStatus) && inList || myStatus && !(inList)): null

27-02-2025T17:29:50 - [TEST_STEP][PASSED] - if (debug): null

27-02-2025T17:29:50 - [TEST_STEP][PASSED] - println("Clicking " + myValue): null

27-02-2025T17:29:50 - [TEST_STEP][PASSED] - click(element): null

27-02-2025T17:29:50 - [TEST_STEP][PASSED] - scrollToObject(elem): null

27-02-2025T17:29:50 - [TEST_STEP][PASSED] - loc = element.getLocation(): null

27-02-2025T17:29:50 - [TEST_STEP][PASSED] - if (debug): null

27-02-2025T17:29:50 - [TEST_STEP][PASSED] - y = loc.getY(): null

27-02-2025T17:29:50 - [TEST_STEP][PASSED] - println("Y location is " + y): null

27-02-2025T17:29:50 - [TEST_STEP][PASSED] - top = getViewportTopPosition(): Current viewport's top (y) position is 1031

27-02-2025T17:29:50 - [MESSAGE][PASSED] - Current viewport's top (y) position is 1031

27-02-2025T17:29:50 - [TEST_STEP][PASSED] - println("Viewport top is " + top): null

27-02-2025T17:29:50 - [TEST_STEP][PASSED] - bottom = top + 600: null

27-02-2025T17:29:50 - [TEST_STEP][PASSED] - if (y - top < 150 || bottom - y < 10): null

27-02-2025T17:29:50 - [TEST_STEP][PASSED] - elem.click(): null

27-02-2025T17:29:50 - [TEST_STEP][PASSED] - myValue = element.getAttribute("value"): null

27-02-2025T17:29:50 - [TEST_STEP][PASSED] - if (debug): null

27-02-2025T17:29:50 - [TEST_STEP][PASSED] - if (myValue.length() >= 4): null

27-02-2025T17:29:50 - [TEST_STEP][PASSED] - if (myValue.substring(0, 4) == "(!) "): null

27-02-2025T17:29:50 - [TEST_STEP][PASSED] - myType = element.getAttribute("type"): null

27-02-2025T17:29:50 - [TEST_STEP][PASSED] - if (myValue in varParms[i]): null

27-02-2025T17:29:50 - [TEST_STEP][PASSED] - inList = true: null

27-02-2025T17:29:50 - [TEST_STEP][PASSED] - if (myType == "checkbox"): null

27-02-2025T17:29:50 - [TEST_STEP][PASSED] - myStatus = element.isSelected(): null

27-02-2025T17:29:50 - [TEST_STEP][PASSED] - if (debug): null

27-02-2025T17:29:50 - [TEST_STEP][PASSED] - if (toggle && myStatus && inList): null

27-02-2025T17:29:50 - [TEST_STEP][PASSED] - if (!(myStatus) && inList || myStatus && !(inList)): null

27-02-2025T17:29:50 - [TEST_STEP][PASSED] - if (debug): null

27-02-2025T17:29:50 - [TEST_STEP][PASSED] - println("Clicking " + myValue): null

27-02-2025T17:29:50 - [TEST_STEP][PASSED] - click(element): null

27-02-2025T17:29:50 - [TEST_STEP][PASSED] - scrollToObject(elem): null

27-02-2025T17:29:50 - [TEST_STEP][PASSED] - loc = element.getLocation(): null

27-02-2025T17:29:50 - [TEST_STEP][PASSED] - if (debug): null

27-02-2025T17:29:50 - [TEST_STEP][PASSED] - y = loc.getY(): null

27-02-2025T17:29:50 - [TEST_STEP][PASSED] - println("Y location is " + y): null

27-02-2025T17:29:50 - [TEST_STEP][PASSED] - top = getViewportTopPosition(): Current viewport's top (y) position is 1031

27-02-2025T17:29:50 - [MESSAGE][PASSED] - Current viewport's top (y) position is 1031

27-02-2025T17:29:50 - [TEST_STEP][PASSED] - println("Viewport top is " + top): null

27-02-2025T17:29:50 - [TEST_STEP][PASSED] - bottom = top + 600: null

27-02-2025T17:29:50 - [TEST_STEP][PASSED] - if (y - top < 150 || bottom - y < 10): null

27-02-2025T17:29:50 - [TEST_STEP][PASSED] - elem.click(): null

27-02-2025T17:29:50 - [TEST_STEP][PASSED] - myValue = element.getAttribute("value"): null

27-02-2025T17:29:50 - [TEST_STEP][PASSED] - if (debug): null

27-02-2025T17:29:50 - [TEST_STEP][PASSED] - if (myValue.length() >= 4): null

27-02-2025T17:29:50 - [TEST_STEP][PASSED] - if (myValue.substring(0, 4) == "(!) "): null

27-02-2025T17:29:50 - [TEST_STEP][PASSED] - myType = element.getAttribute("type"): null

27-02-2025T17:29:50 - [TEST_STEP][PASSED] - if (myValue in varParms[i]): null

27-02-2025T17:29:50 - [TEST_STEP][PASSED] - else: null

27-02-2025T17:29:50 - [TEST_STEP][PASSED] - inList = false: null

27-02-2025T17:29:50 - [TEST_STEP][PASSED] - if (myType == "checkbox"): null

27-02-2025T17:29:50 - [TEST_STEP][PASSED] - myStatus = element.isSelected(): null

27-02-2025T17:29:50 - [TEST_STEP][PASSED] - if (debug): null

27-02-2025T17:29:50 - [TEST_STEP][PASSED] - if (toggle && myStatus && inList): null

27-02-2025T17:29:50 - [TEST_STEP][PASSED] - if (!(myStatus) && inList || myStatus && !(inList)): null

27-02-2025T17:29:50 - [TEST_STEP][PASSED] - myValue = element.getAttribute("value"): null

27-02-2025T17:29:50 - [TEST_STEP][PASSED] - if (debug): null

27-02-2025T17:29:50 - [TEST_STEP][PASSED] - if (myValue.length() >= 4): null

27-02-2025T17:29:50 - [TEST_STEP][PASSED] - if (myValue.substring(0, 4) == "(!) "): null

27-02-2025T17:29:50 - [TEST_STEP][PASSED] - myType = element.getAttribute("type"): null

27-02-2025T17:29:50 - [TEST_STEP][PASSED] - if (myValue in varParms[i]): null

27-02-2025T17:29:50 - [TEST_STEP][PASSED] - inList = true: null

27-02-2025T17:29:50 - [TEST_STEP][PASSED] - if (myType == "checkbox"): null

27-02-2025T17:29:50 - [TEST_STEP][PASSED] - myStatus = element.isSelected(): null

27-02-2025T17:29:50 - [TEST_STEP][PASSED] - if (debug): null

27-02-2025T17:29:50 - [TEST_STEP][PASSED] - if (toggle && myStatus && inList): null

27-02-2025T17:29:50 - [TEST_STEP][PASSED] - if (!(myStatus) && inList || myStatus && !(inList)): null

27-02-2025T17:29:50 - [TEST_STEP][PASSED] - if (debug): null

27-02-2025T17:29:50 - [TEST_STEP][PASSED] - println("Clicking " + myValue): null

27-02-2025T17:29:50 - [TEST_STEP][PASSED] - click(element): null

27-02-2025T17:29:50 - [TEST_STEP][PASSED] - scrollToObject(elem): null

27-02-2025T17:29:50 - [TEST_STEP][PASSED] - loc = element.getLocation(): null

27-02-2025T17:29:50 - [TEST_STEP][PASSED] - if (debug): null

27-02-2025T17:29:50 - [TEST_STEP][PASSED] - y = loc.getY(): null

27-02-2025T17:29:50 - [TEST_STEP][PASSED] - println("Y location is " + y): null

27-02-2025T17:29:50 - [TEST_STEP][PASSED] - top = getViewportTopPosition(): Current viewport's top (y) position is 1031

27-02-2025T17:29:50 - [MESSAGE][PASSED] - Current viewport's top (y) position is 1031

27-02-2025T17:29:50 - [TEST_STEP][PASSED] - println("Viewport top is " + top): null

27-02-2025T17:29:50 - [TEST_STEP][PASSED] - bottom = top + 600: null

27-02-2025T17:29:50 - [TEST_STEP][PASSED] - if (y - top < 150 || bottom - y < 10): null

27-02-2025T17:29:50 - [TEST_STEP][PASSED] - elem.click(): null

27-02-2025T17:29:50 - [TEST_STEP][PASSED] - myValue = element.getAttribute("value"): null

27-02-2025T17:29:50 - [TEST_STEP][PASSED] - if (debug): null

27-02-2025T17:29:50 - [TEST_STEP][PASSED] - if (myValue.length() >= 4): null

27-02-2025T17:29:50 - [TEST_STEP][PASSED] - if (myValue.substring(0, 4) == "(!) "): null

27-02-2025T17:29:50 - [TEST_STEP][PASSED] - myType = element.getAttribute("type"): null

27-02-2025T17:29:50 - [TEST_STEP][PASSED] - if (myValue in varParms[i]): null

27-02-2025T17:29:50 - [TEST_STEP][PASSED] - inList = true: null

27-02-2025T17:29:50 - [TEST_STEP][PASSED] - if (myType == "checkbox"): null

27-02-2025T17:29:50 - [TEST_STEP][PASSED] - myStatus = element.isSelected(): null

27-02-2025T17:29:50 - [TEST_STEP][PASSED] - if (debug): null

27-02-2025T17:29:50 - [TEST_STEP][PASSED] - if (toggle && myStatus && inList): null

27-02-2025T17:29:50 - [TEST_STEP][PASSED] - if (!(myStatus) && inList || myStatus && !(inList)): null

27-02-2025T17:29:50 - [TEST_STEP][PASSED] - if (debug): null

27-02-2025T17:29:50 - [TEST_STEP][PASSED] - println("Clicking " + myValue): null

27-02-2025T17:29:50 - [TEST_STEP][PASSED] - click(element): null

27-02-2025T17:29:50 - [TEST_STEP][PASSED] - scrollToObject(elem): null

27-02-2025T17:29:50 - [TEST_STEP][PASSED] - loc = element.getLocation(): null

27-02-2025T17:29:50 - [TEST_STEP][PASSED] - if (debug): null

27-02-2025T17:29:50 - [TEST_STEP][PASSED] - y = loc.getY(): null

27-02-2025T17:29:50 - [TEST_STEP][PASSED] - println("Y location is " + y): null

27-02-2025T17:29:50 - [TEST_STEP][PASSED] - top = getViewportTopPosition(): Current viewport's top (y) position is 1031

27-02-2025T17:29:50 - [MESSAGE][PASSED] - Current viewport's top (y) position is 1031

27-02-2025T17:29:50 - [TEST_STEP][PASSED] - println("Viewport top is " + top): null

27-02-2025T17:29:50 - [TEST_STEP][PASSED] - bottom = top + 600: null

27-02-2025T17:29:50 - [TEST_STEP][PASSED] - if (y - top < 150 || bottom - y < 10): null

27-02-2025T17:29:50 - [TEST_STEP][PASSED] - elem.click(): null

27-02-2025T17:29:50 - [TEST_STEP][PASSED] - myValue = element.getAttribute("value"): null

27-02-2025T17:29:50 - [TEST_STEP][PASSED] - if (debug): null

27-02-2025T17:29:50 - [TEST_STEP][PASSED] - if (myValue.length() >= 4): null

27-02-2025T17:29:50 - [TEST_STEP][PASSED] - if (myValue.substring(0, 4) == "(!) "): null

27-02-2025T17:29:50 - [TEST_STEP][PASSED] - myType = element.getAttribute("type"): null

27-02-2025T17:29:50 - [TEST_STEP][PASSED] - if (myValue in varParms[i]): null

27-02-2025T17:29:50 - [TEST_STEP][PASSED] - else: null

27-02-2025T17:29:50 - [TEST_STEP][PASSED] - inList = false: null

27-02-2025T17:29:50 - [TEST_STEP][PASSED] - if (myType == "checkbox"): null

27-02-2025T17:29:50 - [TEST_STEP][PASSED] - myStatus = element.isSelected(): null

27-02-2025T17:29:50 - [TEST_STEP][PASSED] - if (debug): null

27-02-2025T17:29:50 - [TEST_STEP][PASSED] - if (toggle && myStatus && inList): null

27-02-2025T17:29:50 - [TEST_STEP][PASSED] - if (!(myStatus) && inList || myStatus && !(inList)): null

27-02-2025T17:29:50 - [TEST_STEP][PASSED] - myValue = element.getAttribute("value"): null

27-02-2025T17:29:50 - [TEST_STEP][PASSED] - if (debug): null

27-02-2025T17:29:50 - [TEST_STEP][PASSED] - if (myValue.length() >= 4): null

27-02-2025T17:29:50 - [TEST_STEP][PASSED] - if (myValue.substring(0, 4) == "(!) "): null

27-02-2025T17:29:50 - [TEST_STEP][PASSED] - myType = element.getAttribute("type"): null

27-02-2025T17:29:50 - [TEST_STEP][PASSED] - if (myValue in varParms[i]): null

27-02-2025T17:29:50 - [TEST_STEP][PASSED] - else: null

27-02-2025T17:29:50 - [TEST_STEP][PASSED] - inList = false: null

27-02-2025T17:29:50 - [TEST_STEP][PASSED] - if (myType == "checkbox"): null

27-02-2025T17:29:50 - [TEST_STEP][PASSED] - myStatus = element.isSelected(): null

27-02-2025T17:29:50 - [TEST_STEP][PASSED] - if (debug): null

27-02-2025T17:29:50 - [TEST_STEP][PASSED] - if (toggle && myStatus && inList): null

27-02-2025T17:29:50 - [TEST_STEP][PASSED] - if (!(myStatus) && inList || myStatus && !(inList)): null

27-02-2025T17:29:50 - [TEST_STEP][PASSED] - myValue = element.getAttribute("value"): null

27-02-2025T17:29:50 - [TEST_STEP][PASSED] - if (debug): null

27-02-2025T17:29:50 - [TEST_STEP][PASSED] - if (myValue.length() >= 4): null

27-02-2025T17:29:50 - [TEST_STEP][PASSED] - if (myValue.substring(0, 4) == "(!) "): null

27-02-2025T17:29:50 - [TEST_STEP][PASSED] - myType = element.getAttribute("type"): null

27-02-2025T17:29:50 - [TEST_STEP][PASSED] - if (myValue in varParms[i]): null

27-02-2025T17:29:50 - [TEST_STEP][PASSED] - else: null

27-02-2025T17:29:50 - [TEST_STEP][PASSED] - inList = false: null

27-02-2025T17:29:50 - [TEST_STEP][PASSED] - if (myType == "checkbox"): null

27-02-2025T17:29:50 - [TEST_STEP][PASSED] - myStatus = element.isSelected(): null

27-02-2025T17:29:50 - [TEST_STEP][PASSED] - if (debug): null

27-02-2025T17:29:50 - [TEST_STEP][PASSED] - if (toggle && myStatus && inList): null

27-02-2025T17:29:50 - [TEST_STEP][PASSED] - if (!(myStatus) && inList || myStatus && !(inList)): null

27-02-2025T17:29:50 - [TEST_STEP][PASSED] - myValue = element.getAttribute("value"): null

27-02-2025T17:29:50 - [TEST_STEP][PASSED] - if (debug): null

27-02-2025T17:29:50 - [TEST_STEP][PASSED] - if (myValue.length() >= 4): null

27-02-2025T17:29:50 - [TEST_STEP][PASSED] - if (myValue.substring(0, 4) == "(!) "): null

27-02-2025T17:29:50 - [TEST_STEP][PASSED] - myType = element.getAttribute("type"): null

27-02-2025T17:29:50 - [TEST_STEP][PASSED] - if (myValue in varParms[i]): null

27-02-2025T17:29:50 - [TEST_STEP][PASSED] - else: null

27-02-2025T17:29:50 - [TEST_STEP][PASSED] - inList = false: null

27-02-2025T17:29:50 - [TEST_STEP][PASSED] - if (myType == "checkbox"): null

27-02-2025T17:29:50 - [TEST_STEP][PASSED] - myStatus = element.isSelected(): null

27-02-2025T17:29:50 - [TEST_STEP][PASSED] - if (debug): null

27-02-2025T17:29:50 - [TEST_STEP][PASSED] - if (toggle && myStatus && inList): null

27-02-2025T17:29:50 - [TEST_STEP][PASSED] - if (!(myStatus) && inList || myStatus && !(inList)): null

27-02-2025T17:29:50 - [TEST_STEP][PASSED] - myValue = element.getAttribute("value"): null

27-02-2025T17:29:50 - [TEST_STEP][PASSED] - if (debug): null

27-02-2025T17:29:50 - [TEST_STEP][PASSED] - if (myValue.length() >= 4): null

27-02-2025T17:29:50 - [TEST_STEP][PASSED] - if (myValue.substring(0, 4) == "(!) "): null

27-02-2025T17:29:50 - [TEST_STEP][PASSED] - myType = element.getAttribute("type"): null

27-02-2025T17:29:50 - [TEST_STEP][PASSED] - if (myValue in varParms[i]): null

27-02-2025T17:29:50 - [TEST_STEP][PASSED] - else: null

27-02-2025T17:29:50 - [TEST_STEP][PASSED] - inList = false: null

27-02-2025T17:29:50 - [TEST_STEP][PASSED] - if (myType == "checkbox"): null

27-02-2025T17:29:50 - [TEST_STEP][PASSED] - myStatus = element.isSelected(): null

27-02-2025T17:29:50 - [TEST_STEP][PASSED] - if (debug): null

27-02-2025T17:29:50 - [TEST_STEP][PASSED] - if (toggle && myStatus && inList): null

27-02-2025T17:29:50 - [TEST_STEP][PASSED] - if (!(myStatus) && inList || myStatus && !(inList)): null

27-02-2025T17:29:50 - [TEST_STEP][PASSED] - myValue = element.getAttribute("value"): null

27-02-2025T17:29:50 - [TEST_STEP][PASSED] - if (debug): null

27-02-2025T17:29:50 - [TEST_STEP][PASSED] - if (myValue.length() >= 4): null

27-02-2025T17:29:50 - [TEST_STEP][PASSED] - if (myValue.substring(0, 4) == "(!) "): null

27-02-2025T17:29:50 - [TEST_STEP][PASSED] - myType = element.getAttribute("type"): null

27-02-2025T17:29:50 - [TEST_STEP][PASSED] - if (myValue in varParms[i]): null

27-02-2025T17:29:50 - [TEST_STEP][PASSED] - else: null

27-02-2025T17:29:50 - [TEST_STEP][PASSED] - inList = false: null

27-02-2025T17:29:50 - [TEST_STEP][PASSED] - if (myType == "checkbox"): null

27-02-2025T17:29:50 - [TEST_STEP][PASSED] - myStatus = element.isSelected(): null

27-02-2025T17:29:50 - [TEST_STEP][PASSED] - if (debug): null

27-02-2025T17:29:50 - [TEST_STEP][PASSED] - if (toggle && myStatus && inList): null

27-02-2025T17:29:50 - [TEST_STEP][PASSED] - if (!(myStatus) && inList || myStatus && !(inList)): null

27-02-2025T17:29:50 - [TEST_STEP][PASSED] - myValue = element.getAttribute("value"): null

27-02-2025T17:29:50 - [TEST_STEP][PASSED] - if (debug): null

27-02-2025T17:29:50 - [TEST_STEP][PASSED] - if (myValue.length() >= 4): null

27-02-2025T17:29:50 - [TEST_STEP][PASSED] - if (myValue.substring(0, 4) == "(!) "): null

27-02-2025T17:29:50 - [TEST_STEP][PASSED] - myType = element.getAttribute("type"): null

27-02-2025T17:29:50 - [TEST_STEP][PASSED] - if (myValue in varParms[i]): null

27-02-2025T17:29:50 - [TEST_STEP][PASSED] - else: null

27-02-2025T17:29:50 - [TEST_STEP][PASSED] - inList = false: null

27-02-2025T17:29:50 - [TEST_STEP][PASSED] - if (myType == "checkbox"): null

27-02-2025T17:29:50 - [TEST_STEP][PASSED] - myStatus = element.isSelected(): null

27-02-2025T17:29:50 - [TEST_STEP][PASSED] - if (debug): null

27-02-2025T17:29:50 - [TEST_STEP][PASSED] - if (toggle && myStatus && inList): null

27-02-2025T17:29:50 - [TEST_STEP][PASSED] - if (!(myStatus) && inList || myStatus && !(inList)): null

27-02-2025T17:29:50 - [TEST_STEP][PASSED] - myValue = element.getAttribute("value"): null

27-02-2025T17:29:50 - [TEST_STEP][PASSED] - if (debug): null

27-02-2025T17:29:50 - [TEST_STEP][PASSED] - if (myValue.length() >= 4): null

27-02-2025T17:29:50 - [TEST_STEP][PASSED] - if (myValue.substring(0, 4) == "(!) "): null

27-02-2025T17:29:50 - [TEST_STEP][PASSED] - myType = element.getAttribute("type"): null

27-02-2025T17:29:50 - [TEST_STEP][PASSED] - if (myValue in varParms[i]): null

27-02-2025T17:29:50 - [TEST_STEP][PASSED] - else: null

27-02-2025T17:29:50 - [TEST_STEP][PASSED] - inList = false: null

27-02-2025T17:29:50 - [TEST_STEP][PASSED] - if (myType == "checkbox"): null

27-02-2025T17:29:50 - [TEST_STEP][PASSED] - myStatus = element.isSelected(): null

27-02-2025T17:29:50 - [TEST_STEP][PASSED] - if (debug): null

27-02-2025T17:29:50 - [TEST_STEP][PASSED] - if (toggle && myStatus && inList): null

27-02-2025T17:29:50 - [TEST_STEP][PASSED] - if (!(myStatus) && inList || myStatus && !(inList)): null

27-02-2025T17:29:50 - [TEST_STEP][PASSED] - myValue = element.getAttribute("value"): null

27-02-2025T17:29:50 - [TEST_STEP][PASSED] - if (debug): null

27-02-2025T17:29:50 - [TEST_STEP][PASSED] - if (myValue.length() >= 4): null

27-02-2025T17:29:50 - [TEST_STEP][PASSED] - if (myValue.substring(0, 4) == "(!) "): null

27-02-2025T17:29:50 - [TEST_STEP][PASSED] - myType = element.getAttribute("type"): null

27-02-2025T17:29:50 - [TEST_STEP][PASSED] - if (myValue in varParms[i]): null

27-02-2025T17:29:50 - [TEST_STEP][PASSED] - else: null

27-02-2025T17:29:50 - [TEST_STEP][PASSED] - inList = false: null

27-02-2025T17:29:50 - [TEST_STEP][PASSED] - if (myType == "checkbox"): null

27-02-2025T17:29:50 - [TEST_STEP][PASSED] - myStatus = element.isSelected(): null

27-02-2025T17:29:50 - [TEST_STEP][PASSED] - if (debug): null

27-02-2025T17:29:50 - [TEST_STEP][PASSED] - if (toggle && myStatus && inList): null

27-02-2025T17:29:50 - [TEST_STEP][PASSED] - if (!(myStatus) && inList || myStatus && !(inList)): null

27-02-2025T17:29:50 - [TEST_STEP][PASSED] - myValue = element.getAttribute("value"): null

27-02-2025T17:29:50 - [TEST_STEP][PASSED] - if (debug): null

27-02-2025T17:29:50 - [TEST_STEP][PASSED] - if (myValue.length() >= 4): null

27-02-2025T17:29:50 - [TEST_STEP][PASSED] - if (myValue.substring(0, 4) == "(!) "): null

27-02-2025T17:29:50 - [TEST_STEP][PASSED] - myType = element.getAttribute("type"): null

27-02-2025T17:29:50 - [TEST_STEP][PASSED] - if (myValue in varParms[i]): null

27-02-2025T17:29:50 - [TEST_STEP][PASSED] - else: null

27-02-2025T17:29:50 - [TEST_STEP][PASSED] - inList = false: null

27-02-2025T17:29:50 - [TEST_STEP][PASSED] - if (myType == "checkbox"): null

27-02-2025T17:29:50 - [TEST_STEP][PASSED] - myStatus = element.isSelected(): null

27-02-2025T17:29:50 - [TEST_STEP][PASSED] - if (debug): null

27-02-2025T17:29:50 - [TEST_STEP][PASSED] - if (toggle && myStatus && inList): null

27-02-2025T17:29:50 - [TEST_STEP][PASSED] - if (!(myStatus) && inList || myStatus && !(inList)): null

27-02-2025T17:29:50 - [TEST_STEP][PASSED] - myValue = element.getAttribute("value"): null

27-02-2025T17:29:50 - [TEST_STEP][PASSED] - if (debug): null

27-02-2025T17:29:50 - [TEST_STEP][PASSED] - if (myValue.length() >= 4): null

27-02-2025T17:29:50 - [TEST_STEP][PASSED] - if (myValue.substring(0, 4) == "(!) "): null

27-02-2025T17:29:50 - [TEST_STEP][PASSED] - myType = element.getAttribute("type"): null

27-02-2025T17:29:50 - [TEST_STEP][PASSED] - if (myValue in varParms[i]): null

27-02-2025T17:29:50 - [TEST_STEP][PASSED] - else: null

27-02-2025T17:29:50 - [TEST_STEP][PASSED] - inList = false: null

27-02-2025T17:29:50 - [TEST_STEP][PASSED] - if (myType == "checkbox"): null

27-02-2025T17:29:50 - [TEST_STEP][PASSED] - myStatus = element.isSelected(): null

27-02-2025T17:29:50 - [TEST_STEP][PASSED] - if (debug): null

27-02-2025T17:29:50 - [TEST_STEP][PASSED] - if (toggle && myStatus && inList): null

27-02-2025T17:29:50 - [TEST_STEP][PASSED] - if (!(myStatus) && inList || myStatus && !(inList)): null

27-02-2025T17:29:50 - [TEST_STEP][PASSED] - myValue = element.getAttribute("value"): null

27-02-2025T17:29:50 - [TEST_STEP][PASSED] - if (debug): null

27-02-2025T17:29:50 - [TEST_STEP][PASSED] - if (myValue.length() >= 4): null

27-02-2025T17:29:50 - [TEST_STEP][PASSED] - if (myValue.substring(0, 4) == "(!) "): null

27-02-2025T17:29:50 - [TEST_STEP][PASSED] - myType = element.getAttribute("type"): null

27-02-2025T17:29:50 - [TEST_STEP][PASSED] - if (myValue in varParms[i]): null

27-02-2025T17:29:50 - [TEST_STEP][PASSED] - else: null

27-02-2025T17:29:50 - [TEST_STEP][PASSED] - inList = false: null

27-02-2025T17:29:50 - [TEST_STEP][PASSED] - if (myType == "checkbox"): null

27-02-2025T17:29:50 - [TEST_STEP][PASSED] - myStatus = element.isSelected(): null

27-02-2025T17:29:50 - [TEST_STEP][PASSED] - if (debug): null

27-02-2025T17:29:50 - [TEST_STEP][PASSED] - if (toggle && myStatus && inList): null

27-02-2025T17:29:50 - [TEST_STEP][PASSED] - if (!(myStatus) && inList || myStatus && !(inList)): null

27-02-2025T17:29:50 - [TEST_STEP][PASSED] - myValue = element.getAttribute("value"): null

27-02-2025T17:29:50 - [TEST_STEP][PASSED] - if (debug): null

27-02-2025T17:29:50 - [TEST_STEP][PASSED] - if (myValue.length() >= 4): null

27-02-2025T17:29:50 - [TEST_STEP][PASSED] - if (myValue.substring(0, 4) == "(!) "): null

27-02-2025T17:29:50 - [TEST_STEP][PASSED] - myType = element.getAttribute("type"): null

27-02-2025T17:29:50 - [TEST_STEP][PASSED] - if (myValue in varParms[i]): null

27-02-2025T17:29:50 - [TEST_STEP][PASSED] - else: null

27-02-2025T17:29:50 - [TEST_STEP][PASSED] - inList = false: null

27-02-2025T17:29:50 - [TEST_STEP][PASSED] - if (myType == "checkbox"): null

27-02-2025T17:29:50 - [TEST_STEP][PASSED] - myStatus = element.isSelected(): null

27-02-2025T17:29:50 - [TEST_STEP][PASSED] - if (debug): null

27-02-2025T17:29:50 - [TEST_STEP][PASSED] - if (toggle && myStatus && inList): null

27-02-2025T17:29:50 - [TEST_STEP][PASSED] - if (!(myStatus) && inList || myStatus && !(inList)): null

27-02-2025T17:29:50 - [TEST_STEP][PASSED] - myValue = element.getAttribute("value"): null

27-02-2025T17:29:50 - [TEST_STEP][PASSED] - if (debug): null

27-02-2025T17:29:50 - [TEST_STEP][PASSED] - if (myValue.length() >= 4): null

27-02-2025T17:29:50 - [TEST_STEP][PASSED] - if (myValue.substring(0, 4) == "(!) "): null

27-02-2025T17:29:50 - [TEST_STEP][PASSED] - myType = element.getAttribute("type"): null

27-02-2025T17:29:50 - [TEST_STEP][PASSED] - if (myValue in varParms[i]): null

27-02-2025T17:29:50 - [TEST_STEP][PASSED] - else: null

27-02-2025T17:29:50 - [TEST_STEP][PASSED] - inList = false: null

27-02-2025T17:29:50 - [TEST_STEP][PASSED] - if (myType == "checkbox"): null

27-02-2025T17:29:50 - [TEST_STEP][PASSED] - myStatus = element.isSelected(): null

27-02-2025T17:29:50 - [TEST_STEP][PASSED] - if (debug): null

27-02-2025T17:29:50 - [TEST_STEP][PASSED] - if (toggle && myStatus && inList): null

27-02-2025T17:29:50 - [TEST_STEP][PASSED] - if (!(myStatus) && inList || myStatus && !(inList)): null

27-02-2025T17:29:50 - [TEST_STEP][PASSED] - myValue = element.getAttribute("value"): null

27-02-2025T17:29:50 - [TEST_STEP][PASSED] - if (debug): null

27-02-2025T17:29:50 - [TEST_STEP][PASSED] - if (myValue.length() >= 4): null

27-02-2025T17:29:50 - [TEST_STEP][PASSED] - if (myValue.substring(0, 4) == "(!) "): null

27-02-2025T17:29:50 - [TEST_STEP][PASSED] - myType = element.getAttribute("type"): null

27-02-2025T17:29:50 - [TEST_STEP][PASSED] - if (myValue in varParms[i]): null

27-02-2025T17:29:50 - [TEST_STEP][PASSED] - else: null

27-02-2025T17:29:50 - [TEST_STEP][PASSED] - inList = false: null

27-02-2025T17:29:50 - [TEST_STEP][PASSED] - if (myType == "checkbox"): null

27-02-2025T17:29:50 - [TEST_STEP][PASSED] - myStatus = element.isSelected(): null

27-02-2025T17:29:50 - [TEST_STEP][PASSED] - if (debug): null

27-02-2025T17:29:50 - [TEST_STEP][PASSED] - if (toggle && myStatus && inList): null

27-02-2025T17:29:50 - [TEST_STEP][PASSED] - if (!(myStatus) && inList || myStatus && !(inList)): null

27-02-2025T17:29:50 - [TEST_STEP][PASSED] - myValue = element.getAttribute("value"): null

27-02-2025T17:29:50 - [TEST_STEP][PASSED] - if (debug): null

27-02-2025T17:29:50 - [TEST_STEP][PASSED] - if (myValue.length() >= 4): null

27-02-2025T17:29:50 - [TEST_STEP][PASSED] - if (myValue.substring(0, 4) == "(!) "): null

27-02-2025T17:29:50 - [TEST_STEP][PASSED] - myType = element.getAttribute("type"): null

27-02-2025T17:29:50 - [TEST_STEP][PASSED] - if (myValue in varParms[i]): null

27-02-2025T17:29:50 - [TEST_STEP][PASSED] - else: null

27-02-2025T17:29:50 - [TEST_STEP][PASSED] - inList = false: null

27-02-2025T17:29:50 - [TEST_STEP][PASSED] - if (myType == "checkbox"): null

27-02-2025T17:29:50 - [TEST_STEP][PASSED] - myStatus = element.isSelected(): null

27-02-2025T17:29:50 - [TEST_STEP][PASSED] - if (debug): null

27-02-2025T17:29:50 - [TEST_STEP][PASSED] - if (toggle && myStatus && inList): null

27-02-2025T17:29:50 - [TEST_STEP][PASSED] - if (!(myStatus) && inList || myStatus && !(inList)): null

27-02-2025T17:29:50 - [TEST_STEP][PASSED] - myValue = element.getAttribute("value"): null

27-02-2025T17:29:50 - [TEST_STEP][PASSED] - if (debug): null

27-02-2025T17:29:50 - [TEST_STEP][PASSED] - if (myValue.length() >= 4): null

27-02-2025T17:29:50 - [TEST_STEP][PASSED] - if (myValue.substring(0, 4) == "(!) "): null

27-02-2025T17:29:50 - [TEST_STEP][PASSED] - myType = element.getAttribute("type"): null

27-02-2025T17:29:50 - [TEST_STEP][PASSED] - if (myValue in varParms[i]): null

27-02-2025T17:29:50 - [TEST_STEP][PASSED] - else: null

27-02-2025T17:29:50 - [TEST_STEP][PASSED] - inList = false: null

27-02-2025T17:29:50 - [TEST_STEP][PASSED] - if (myType == "checkbox"): null

27-02-2025T17:29:50 - [TEST_STEP][PASSED] - myStatus = element.isSelected(): null

27-02-2025T17:29:50 - [TEST_STEP][PASSED] - if (debug): null

27-02-2025T17:29:50 - [TEST_STEP][PASSED] - if (toggle && myStatus && inList): null

27-02-2025T17:29:50 - [TEST_STEP][PASSED] - if (!(myStatus) && inList || myStatus && !(inList)): null

27-02-2025T17:29:50 - [TEST_STEP][PASSED] - myValue = element.getAttribute("value"): null

27-02-2025T17:29:50 - [TEST_STEP][PASSED] - if (debug): null

27-02-2025T17:29:50 - [TEST_STEP][PASSED] - if (myValue.length() >= 4): null

27-02-2025T17:29:50 - [TEST_STEP][PASSED] - if (myValue.substring(0, 4) == "(!) "): null

27-02-2025T17:29:50 - [TEST_STEP][PASSED] - myType = element.getAttribute("type"): null

27-02-2025T17:29:50 - [TEST_STEP][PASSED] - if (myValue in varParms[i]): null

27-02-2025T17:29:50 - [TEST_STEP][PASSED] - else: null

27-02-2025T17:29:50 - [TEST_STEP][PASSED] - inList = false: null

27-02-2025T17:29:50 - [TEST_STEP][PASSED] - if (myType == "checkbox"): null

27-02-2025T17:29:50 - [TEST_STEP][PASSED] - myStatus = element.isSelected(): null

27-02-2025T17:29:50 - [TEST_STEP][PASSED] - if (debug): null

27-02-2025T17:29:50 - [TEST_STEP][PASSED] - if (toggle && myStatus && inList): null

27-02-2025T17:29:50 - [TEST_STEP][PASSED] - if (!(myStatus) && inList || myStatus && !(inList)): null

27-02-2025T17:29:50 - [TEST_STEP][PASSED] - myValue = element.getAttribute("value"): null

27-02-2025T17:29:50 - [TEST_STEP][PASSED] - if (debug): null

27-02-2025T17:29:50 - [TEST_STEP][PASSED] - if (myValue.length() >= 4): null

27-02-2025T17:29:50 - [TEST_STEP][PASSED] - if (myValue.substring(0, 4) == "(!) "): null

27-02-2025T17:29:50 - [TEST_STEP][PASSED] - myType = element.getAttribute("type"): null

27-02-2025T17:29:50 - [TEST_STEP][PASSED] - if (myValue in varParms[i]): null

27-02-2025T17:29:50 - [TEST_STEP][PASSED] - else: null

27-02-2025T17:29:50 - [TEST_STEP][PASSED] - inList = false: null

27-02-2025T17:29:50 - [TEST_STEP][PASSED] - if (myType == "checkbox"): null

27-02-2025T17:29:50 - [TEST_STEP][PASSED] - myStatus = element.isSelected(): null

27-02-2025T17:29:50 - [TEST_STEP][PASSED] - if (debug): null

27-02-2025T17:29:50 - [TEST_STEP][PASSED] - if (toggle && myStatus && inList): null

27-02-2025T17:29:50 - [TEST_STEP][PASSED] - if (!(myStatus) && inList || myStatus && !(inList)): null

27-02-2025T17:29:50 - [TEST_STEP][PASSED] - myValue = element.getAttribute("value"): null

27-02-2025T17:29:50 - [TEST_STEP][PASSED] - if (debug): null

27-02-2025T17:29:50 - [TEST_STEP][PASSED] - if (myValue.length() >= 4): null

27-02-2025T17:29:50 - [TEST_STEP][PASSED] - if (myValue.substring(0, 4) == "(!) "): null

27-02-2025T17:29:50 - [TEST_STEP][PASSED] - myType = element.getAttribute("type"): null

27-02-2025T17:29:50 - [TEST_STEP][PASSED] - if (myValue in varParms[i]): null

27-02-2025T17:29:50 - [TEST_STEP][PASSED] - else: null

27-02-2025T17:29:50 - [TEST_STEP][PASSED] - inList = false: null

27-02-2025T17:29:50 - [TEST_STEP][PASSED] - if (myType == "checkbox"): null

27-02-2025T17:29:50 - [TEST_STEP][PASSED] - myStatus = element.isSelected(): null

27-02-2025T17:29:50 - [TEST_STEP][PASSED] - if (debug): null

27-02-2025T17:29:50 - [TEST_STEP][PASSED] - if (toggle && myStatus && inList): null

27-02-2025T17:29:50 - [TEST_STEP][PASSED] - if (!(myStatus) && inList || myStatus && !(inList)): null

27-02-2025T17:29:50 - [TEST_STEP][PASSED] - myValue = element.getAttribute("value"): null

27-02-2025T17:29:50 - [TEST_STEP][PASSED] - if (debug): null

27-02-2025T17:29:50 - [TEST_STEP][PASSED] - if (myValue.length() >= 4): null

27-02-2025T17:29:50 - [TEST_STEP][PASSED] - if (myValue.substring(0, 4) == "(!) "): null

27-02-2025T17:29:50 - [TEST_STEP][PASSED] - myType = element.getAttribute("type"): null

27-02-2025T17:29:50 - [TEST_STEP][PASSED] - if (myValue in varParms[i]): null

27-02-2025T17:29:50 - [TEST_STEP][PASSED] - else: null

27-02-2025T17:29:50 - [TEST_STEP][PASSED] - inList = false: null

27-02-2025T17:29:50 - [TEST_STEP][PASSED] - if (myType == "checkbox"): null

27-02-2025T17:29:50 - [TEST_STEP][PASSED] - myStatus = element.isSelected(): null

27-02-2025T17:29:50 - [TEST_STEP][PASSED] - if (debug): null

27-02-2025T17:29:50 - [TEST_STEP][PASSED] - if (toggle && myStatus && inList): null

27-02-2025T17:29:50 - [TEST_STEP][PASSED] - if (!(myStatus) && inList || myStatus && !(inList)): null

27-02-2025T17:29:50 - [TEST_STEP][PASSED] - myValue = element.getAttribute("value"): null

27-02-2025T17:29:50 - [TEST_STEP][PASSED] - if (debug): null

27-02-2025T17:29:50 - [TEST_STEP][PASSED] - if (myValue.length() >= 4): null

27-02-2025T17:29:50 - [TEST_STEP][PASSED] - if (myValue.substring(0, 4) == "(!) "): null

27-02-2025T17:29:50 - [TEST_STEP][PASSED] - myType = element.getAttribute("type"): null

27-02-2025T17:29:50 - [TEST_STEP][PASSED] - if (myValue in varParms[i]): null

27-02-2025T17:29:50 - [TEST_STEP][PASSED] - else: null

27-02-2025T17:29:50 - [TEST_STEP][PASSED] - inList = false: null

27-02-2025T17:29:50 - [TEST_STEP][PASSED] - if (myType == "checkbox"): null

27-02-2025T17:29:50 - [TEST_STEP][PASSED] - myStatus = element.isSelected(): null

27-02-2025T17:29:50 - [TEST_STEP][PASSED] - if (debug): null

27-02-2025T17:29:50 - [TEST_STEP][PASSED] - if (toggle && myStatus && inList): null

27-02-2025T17:29:50 - [TEST_STEP][PASSED] - if (!(myStatus) && inList || myStatus && !(inList)): null

27-02-2025T17:29:50 - [TEST_STEP][PASSED] - myValue = element.getAttribute("value"): null

27-02-2025T17:29:50 - [TEST_STEP][PASSED] - if (debug): null

27-02-2025T17:29:50 - [TEST_STEP][PASSED] - if (myValue.length() >= 4): null

27-02-2025T17:29:50 - [TEST_STEP][PASSED] - if (myValue.substring(0, 4) == "(!) "): null

27-02-2025T17:29:50 - [TEST_STEP][PASSED] - myType = element.getAttribute("type"): null

27-02-2025T17:29:50 - [TEST_STEP][PASSED] - if (myValue in varParms[i]): null

27-02-2025T17:29:50 - [TEST_STEP][PASSED] - else: null

27-02-2025T17:29:50 - [TEST_STEP][PASSED] - inList = false: null

27-02-2025T17:29:50 - [TEST_STEP][PASSED] - if (myType == "checkbox"): null

27-02-2025T17:29:50 - [TEST_STEP][PASSED] - myStatus = element.isSelected(): null

27-02-2025T17:29:50 - [TEST_STEP][PASSED] - if (debug): null

27-02-2025T17:29:50 - [TEST_STEP][PASSED] - if (toggle && myStatus && inList): null

27-02-2025T17:29:50 - [TEST_STEP][PASSED] - if (!(myStatus) && inList || myStatus && !(inList)): null

27-02-2025T17:29:50 - [TEST_STEP][PASSED] - myValue = element.getAttribute("value"): null

27-02-2025T17:29:50 - [TEST_STEP][PASSED] - if (debug): null

27-02-2025T17:29:50 - [TEST_STEP][PASSED] - if (myValue.length() >= 4): null

27-02-2025T17:29:50 - [TEST_STEP][PASSED] - if (myValue.substring(0, 4) == "(!) "): null

27-02-2025T17:29:50 - [TEST_STEP][PASSED] - myType = element.getAttribute("type"): null

27-02-2025T17:29:50 - [TEST_STEP][PASSED] - if (myValue in varParms[i]): null

27-02-2025T17:29:50 - [TEST_STEP][PASSED] - else: null

27-02-2025T17:29:50 - [TEST_STEP][PASSED] - inList = false: null

27-02-2025T17:29:50 - [TEST_STEP][PASSED] - if (myType == "checkbox"): null

27-02-2025T17:29:50 - [TEST_STEP][PASSED] - myStatus = element.isSelected(): null

27-02-2025T17:29:50 - [TEST_STEP][PASSED] - if (debug): null

27-02-2025T17:29:50 - [TEST_STEP][PASSED] - if (toggle && myStatus && inList): null

27-02-2025T17:29:50 - [TEST_STEP][PASSED] - if (!(myStatus) && inList || myStatus && !(inList)): null

27-02-2025T17:29:50 - [TEST_STEP][PASSED] - myValue = element.getAttribute("value"): null

27-02-2025T17:29:50 - [TEST_STEP][PASSED] - if (debug): null

27-02-2025T17:29:50 - [TEST_STEP][PASSED] - if (myValue.length() >= 4): null

27-02-2025T17:29:50 - [TEST_STEP][PASSED] - if (myValue.substring(0, 4) == "(!) "): null

27-02-2025T17:29:50 - [TEST_STEP][PASSED] - myType = element.getAttribute("type"): null

27-02-2025T17:29:50 - [TEST_STEP][PASSED] - if (myValue in varParms[i]): null

27-02-2025T17:29:50 - [TEST_STEP][PASSED] - else: null

27-02-2025T17:29:50 - [TEST_STEP][PASSED] - inList = false: null

27-02-2025T17:29:50 - [TEST_STEP][PASSED] - if (myType == "checkbox"): null

27-02-2025T17:29:50 - [TEST_STEP][PASSED] - myStatus = element.isSelected(): null

27-02-2025T17:29:50 - [TEST_STEP][PASSED] - if (debug): null

27-02-2025T17:29:50 - [TEST_STEP][PASSED] - if (toggle && myStatus && inList): null

27-02-2025T17:29:50 - [TEST_STEP][PASSED] - if (!(myStatus) && inList || myStatus && !(inList)): null

27-02-2025T17:29:50 - [TEST_STEP][PASSED] - myValue = element.getAttribute("value"): null

27-02-2025T17:29:50 - [TEST_STEP][PASSED] - if (debug): null

27-02-2025T17:29:50 - [TEST_STEP][PASSED] - if (myValue.length() >= 4): null

27-02-2025T17:29:50 - [TEST_STEP][PASSED] - if (myValue.substring(0, 4) == "(!) "): null

27-02-2025T17:29:50 - [TEST_STEP][PASSED] - myType = element.getAttribute("type"): null

27-02-2025T17:29:50 - [TEST_STEP][PASSED] - if (myValue in varParms[i]): null

27-02-2025T17:29:50 - [TEST_STEP][PASSED] - else: null

27-02-2025T17:29:50 - [TEST_STEP][PASSED] - inList = false: null

27-02-2025T17:29:50 - [TEST_STEP][PASSED] - if (myType == "checkbox"): null

27-02-2025T17:29:50 - [TEST_STEP][PASSED] - myStatus = element.isSelected(): null

27-02-2025T17:29:50 - [TEST_STEP][PASSED] - if (debug): null

27-02-2025T17:29:50 - [TEST_STEP][PASSED] - if (toggle && myStatus && inList): null

27-02-2025T17:29:50 - [TEST_STEP][PASSED] - if (!(myStatus) && inList || myStatus && !(inList)): null

27-02-2025T17:29:50 - [TEST_STEP][PASSED] - myValue = element.getAttribute("value"): null

27-02-2025T17:29:50 - [TEST_STEP][PASSED] - if (debug): null

27-02-2025T17:29:50 - [TEST_STEP][PASSED] - if (myValue.length() >= 4): null

27-02-2025T17:29:50 - [TEST_STEP][PASSED] - if (myValue.substring(0, 4) == "(!) "): null

27-02-2025T17:29:50 - [TEST_STEP][PASSED] - myType = element.getAttribute("type"): null

27-02-2025T17:29:50 - [TEST_STEP][PASSED] - if (myValue in varParms[i]): null

27-02-2025T17:29:50 - [TEST_STEP][PASSED] - inList = true: null

27-02-2025T17:29:50 - [TEST_STEP][PASSED] - if (myType == "checkbox"): null

27-02-2025T17:29:50 - [TEST_STEP][PASSED] - myStatus = element.isSelected(): null

27-02-2025T17:29:50 - [TEST_STEP][PASSED] - if (debug): null

27-02-2025T17:29:50 - [TEST_STEP][PASSED] - if (toggle && myStatus && inList): null

27-02-2025T17:29:50 - [TEST_STEP][PASSED] - if (!(myStatus) && inList || myStatus && !(inList)): null

27-02-2025T17:29:50 - [TEST_STEP][PASSED] - if (debug): null

27-02-2025T17:29:50 - [TEST_STEP][PASSED] - println("Clicking " + myValue): null

27-02-2025T17:29:50 - [TEST_STEP][PASSED] - click(element): null

27-02-2025T17:29:50 - [TEST_STEP][PASSED] - scrollToObject(elem): null

27-02-2025T17:29:50 - [TEST_STEP][PASSED] - loc = element.getLocation(): null

27-02-2025T17:29:50 - [TEST_STEP][PASSED] - if (debug): null

27-02-2025T17:29:50 - [TEST_STEP][PASSED] - y = loc.getY(): null

27-02-2025T17:29:50 - [TEST_STEP][PASSED] - println("Y location is " + y): null

27-02-2025T17:29:50 - [TEST_STEP][PASSED] - top = getViewportTopPosition(): Current viewport's top (y) position is 1031

27-02-2025T17:29:50 - [MESSAGE][PASSED] - Current viewport's top (y) position is 1031

27-02-2025T17:29:50 - [TEST_STEP][PASSED] - println("Viewport top is " + top): null

27-02-2025T17:29:50 - [TEST_STEP][PASSED] - bottom = top + 600: null

27-02-2025T17:29:50 - [TEST_STEP][PASSED] - if (y - top < 150 || bottom - y < 10): null

27-02-2025T17:29:50 - [TEST_STEP][PASSED] - elem.click(): null

27-02-2025T17:29:51 - [TEST_STEP][PASSED] - myValue = element.getAttribute("value"): null

27-02-2025T17:29:51 - [TEST_STEP][PASSED] - if (debug): null

27-02-2025T17:29:51 - [TEST_STEP][PASSED] - if (myValue.length() >= 4): null

27-02-2025T17:29:51 - [TEST_STEP][PASSED] - if (myValue.substring(0, 4) == "(!) "): null

27-02-2025T17:29:51 - [TEST_STEP][PASSED] - myType = element.getAttribute("type"): null

27-02-2025T17:29:51 - [TEST_STEP][PASSED] - if (myValue in varParms[i]): null

27-02-2025T17:29:51 - [TEST_STEP][PASSED] - else: null

27-02-2025T17:29:51 - [TEST_STEP][PASSED] - inList = false: null

27-02-2025T17:29:51 - [TEST_STEP][PASSED] - if (myType == "checkbox"): null

27-02-2025T17:29:51 - [TEST_STEP][PASSED] - myStatus = element.isSelected(): null

27-02-2025T17:29:51 - [TEST_STEP][PASSED] - if (debug): null

27-02-2025T17:29:51 - [TEST_STEP][PASSED] - if (toggle && myStatus && inList): null

27-02-2025T17:29:51 - [TEST_STEP][PASSED] - if (!(myStatus) && inList || myStatus && !(inList)): null

27-02-2025T17:29:51 - [TEST_STEP][PASSED] - myValue = element.getAttribute("value"): null

27-02-2025T17:29:51 - [TEST_STEP][PASSED] - if (debug): null

27-02-2025T17:29:51 - [TEST_STEP][PASSED] - if (myValue.length() >= 4): null

27-02-2025T17:29:51 - [TEST_STEP][PASSED] - if (myValue.substring(0, 4) == "(!) "): null

27-02-2025T17:29:51 - [TEST_STEP][PASSED] - myType = element.getAttribute("type"): null

27-02-2025T17:29:51 - [TEST_STEP][PASSED] - if (myValue in varParms[i]): null

27-02-2025T17:29:51 - [TEST_STEP][PASSED] - inList = true: null

27-02-2025T17:29:51 - [TEST_STEP][PASSED] - if (myType == "checkbox"): null

27-02-2025T17:29:51 - [TEST_STEP][PASSED] - myStatus = element.isSelected(): null

27-02-2025T17:29:51 - [TEST_STEP][PASSED] - if (debug): null

27-02-2025T17:29:51 - [TEST_STEP][PASSED] - if (toggle && myStatus && inList): null

27-02-2025T17:29:51 - [TEST_STEP][PASSED] - if (!(myStatus) && inList || myStatus && !(inList)): null

27-02-2025T17:29:51 - [TEST_STEP][PASSED] - if (debug): null

27-02-2025T17:29:51 - [TEST_STEP][PASSED] - println("Clicking " + myValue): null

27-02-2025T17:29:51 - [TEST_STEP][PASSED] - click(element): null

27-02-2025T17:29:51 - [TEST_STEP][PASSED] - scrollToObject(elem): null

27-02-2025T17:29:51 - [TEST_STEP][PASSED] - loc = element.getLocation(): null

27-02-2025T17:29:51 - [TEST_STEP][PASSED] - if (debug): null

27-02-2025T17:29:51 - [TEST_STEP][PASSED] - y = loc.getY(): null

27-02-2025T17:29:51 - [TEST_STEP][PASSED] - println("Y location is " + y): null

27-02-2025T17:29:51 - [TEST_STEP][PASSED] - top = getViewportTopPosition(): Current viewport's top (y) position is 1031

27-02-2025T17:29:51 - [MESSAGE][PASSED] - Current viewport's top (y) position is 1031

27-02-2025T17:29:51 - [TEST_STEP][PASSED] - println("Viewport top is " + top): null

27-02-2025T17:29:51 - [TEST_STEP][PASSED] - bottom = top + 600: null

27-02-2025T17:29:51 - [TEST_STEP][PASSED] - if (y - top < 150 || bottom - y < 10): null

27-02-2025T17:29:51 - [TEST_STEP][PASSED] - elem.click(): null

27-02-2025T17:29:51 - [TEST_STEP][PASSED] - myValue = element.getAttribute("value"): null

27-02-2025T17:29:51 - [TEST_STEP][PASSED] - if (debug): null

27-02-2025T17:29:51 - [TEST_STEP][PASSED] - if (myValue.length() >= 4): null

27-02-2025T17:29:51 - [TEST_STEP][PASSED] - myType = element.getAttribute("type"): null

27-02-2025T17:29:51 - [TEST_STEP][PASSED] - if (myValue in varParms[i]): null

27-02-2025T17:29:51 - [TEST_STEP][PASSED] - inList = true: null

27-02-2025T17:29:51 - [TEST_STEP][PASSED] - if (myType == "checkbox"): null

27-02-2025T17:29:51 - [TEST_STEP][PASSED] - myStatus = element.isSelected(): null

27-02-2025T17:29:51 - [TEST_STEP][PASSED] - if (debug): null

27-02-2025T17:29:51 - [TEST_STEP][PASSED] - if (toggle && myStatus && inList): null

27-02-2025T17:29:51 - [TEST_STEP][PASSED] - if (!(myStatus) && inList || myStatus && !(inList)): null

27-02-2025T17:29:51 - [TEST_STEP][PASSED] - if (debug): null

27-02-2025T17:29:51 - [TEST_STEP][PASSED] - println("Clicking " + myValue): null

27-02-2025T17:29:51 - [TEST_STEP][PASSED] - click(element): null

27-02-2025T17:29:51 - [TEST_STEP][PASSED] - scrollToObject(elem): null

27-02-2025T17:29:51 - [TEST_STEP][PASSED] - loc = element.getLocation(): null

27-02-2025T17:29:51 - [TEST_STEP][PASSED] - if (debug): null

27-02-2025T17:29:51 - [TEST_STEP][PASSED] - y = loc.getY(): null

27-02-2025T17:29:51 - [TEST_STEP][PASSED] - println("Y location is " + y): null

27-02-2025T17:29:51 - [TEST_STEP][PASSED] - top = getViewportTopPosition(): Current viewport's top (y) position is 1031

27-02-2025T17:29:51 - [MESSAGE][PASSED] - Current viewport's top (y) position is 1031

27-02-2025T17:29:51 - [TEST_STEP][PASSED] - println("Viewport top is " + top): null

27-02-2025T17:29:51 - [TEST_STEP][PASSED] - bottom = top + 600: null

27-02-2025T17:29:51 - [TEST_STEP][PASSED] - if (y - top < 150 || bottom - y < 10): null

27-02-2025T17:29:51 - [TEST_STEP][PASSED] - elem.click(): null

27-02-2025T17:29:51 - [TEST_STEP][PASSED] - myValue = element.getAttribute("value"): null

27-02-2025T17:29:51 - [TEST_STEP][PASSED] - if (debug): null

27-02-2025T17:29:51 - [TEST_STEP][PASSED] - if (myValue.length() >= 4): null

27-02-2025T17:29:51 - [TEST_STEP][PASSED] - if (myValue.substring(0, 4) == "(!) "): null

27-02-2025T17:29:51 - [TEST_STEP][PASSED] - myType = element.getAttribute("type"): null

27-02-2025T17:29:51 - [TEST_STEP][PASSED] - if (myValue in varParms[i]): null

27-02-2025T17:29:51 - [TEST_STEP][PASSED] - else: null

27-02-2025T17:29:51 - [TEST_STEP][PASSED] - inList = false: null

27-02-2025T17:29:51 - [TEST_STEP][PASSED] - if (myType == "checkbox"): null

27-02-2025T17:29:51 - [TEST_STEP][PASSED] - myStatus = element.isSelected(): null

27-02-2025T17:29:51 - [TEST_STEP][PASSED] - if (debug): null

27-02-2025T17:29:51 - [TEST_STEP][PASSED] - if (toggle && myStatus && inList): null

27-02-2025T17:29:51 - [TEST_STEP][PASSED] - if (!(myStatus) && inList || myStatus && !(inList)): null

27-02-2025T17:29:51 - [TEST_STEP][PASSED] - frame.dispose(): null

27-02-2025T17:29:51 - [MESSAGE][PASSED] - Call Test Case 'Test Cases/_Functions/Click on Group Elements' successfully

27-02-2025T17:29:51 - [TEST_STEP][PASSED] - if (varAvailable_other_positions != null): Call Test Case 'Test Cases/_Functions/Perform Action' successfully

27-02-2025T17:29:51 - [TEST_STEP][PASSED] - object = "Object Repository/Education Partner Profile/Tabs/Positions Needed/textarea_Other Available Positions": null

27-02-2025T17:29:51 - [TEST_STEP][PASSED] - callTestCase(findTestCase("_Functions/Perform Action"), ["varAction":"setText", "varObject":object, "varParm1":varAvailable_other_positions], STOP_ON_FAILURE): Call Test Case 'Test Cases/_Functions/Perform Action' successfully

27-02-2025T17:29:51 - [TEST_CASE][PASSED] - Test Cases/_Functions/Perform Action: Test Cases/_Functions/Perform Action

27-02-2025T17:29:51 - [TEST_STEP][PASSED] - action = varAction: null

27-02-2025T17:29:51 - [TEST_STEP][PASSED] - println(action): null

27-02-2025T17:29:51 - [TEST_STEP][PASSED] - testObject = varObject: null

27-02-2025T17:29:51 - [TEST_STEP][PASSED] - println(testObject): null

27-02-2025T17:29:51 - [TEST_STEP][PASSED] - parm1 = varParm1: null

27-02-2025T17:29:51 - [TEST_STEP][PASSED] - println(parm1): null

27-02-2025T17:29:51 - [TEST_STEP][PASSED] - println("Converting " + testObject + " to web element"): null

27-02-2025T17:29:51 - [TEST_STEP][PASSED] - element = findWebElement(findTestObject(testObject), 1): null

27-02-2025T17:29:51 - [TEST_STEP][PASSED] - loc = element.getLocation(): null

27-02-2025T17:29:51 - [TEST_STEP][PASSED] - y = loc.getY(): null

27-02-2025T17:29:51 - [TEST_STEP][PASSED] - println("Y location is " + y): null

27-02-2025T17:29:51 - [TEST_STEP][PASSED] - top = getViewportTopPosition(): Current viewport's top (y) position is 1031

27-02-2025T17:29:51 - [MESSAGE][PASSED] - Current viewport's top (y) position is 1031

27-02-2025T17:29:51 - [TEST_STEP][PASSED] - println("Viewport top is " + top): null

27-02-2025T17:29:51 - [TEST_STEP][PASSED] - bottom = top + 600: null

27-02-2025T17:29:51 - [TEST_STEP][PASSED] - if (y - top < 150 || bottom - y < 10): Delayed 1 second(s)

27-02-2025T17:29:51 - [TEST_STEP][PASSED] - scrollToPosition(0, y - 150): Browser is scrolled to position x = 0, y = 889

27-02-2025T17:29:51 - [MESSAGE][PASSED] - Browser is scrolled to position x = 0, y = 889

27-02-2025T17:29:51 - [TEST_STEP][PASSED] - delay(1): Delayed 1 second(s)

27-02-2025T17:29:52 - [MESSAGE][PASSED] - Delayed 1 second(s)

27-02-2025T17:29:52 - [TEST_STEP][PASSED] - if (action == "click"): null

27-02-2025T17:29:52 - [TEST_STEP][PASSED] - else if (action == "selectOptionByValue"): null

27-02-2025T17:29:52 - [TEST_STEP][PASSED] - else if (action == "setText"): Text 'None at this time' is set on object 'Object Repository/Education Partner Profile/Tabs/Positions Needed/textarea_Other Available Positions'

27-02-2025T17:29:52 - [TEST_STEP][PASSED] - println("Setting text " + parm1): null

27-02-2025T17:29:52 - [TEST_STEP][PASSED] - setText(findTestObject(testObject), parm1): Text 'None at this time' is set on object 'Object Repository/Education Partner Profile/Tabs/Positions Needed/textarea_Other Available Positions'

27-02-2025T17:29:52 - [MESSAGE][PASSED] - Text 'None at this time' is set on object 'Object Repository/Education Partner Profile/Tabs/Positions Needed/textarea_Other Available Positions'

27-02-2025T17:29:52 - [MESSAGE][PASSED] - Call Test Case 'Test Cases/_Functions/Perform Action' successfully

27-02-2025T17:29:52 - [TEST_STEP][PASSED] - if (varOther_experience_comment != null): Call Test Case 'Test Cases/_Functions/Perform Action' successfully

27-02-2025T17:29:52 - [TEST_STEP][PASSED] - object = "Object Repository/Education Partner Profile/Tabs/Positions Needed/textarea_Other Experience Comment": null

27-02-2025T17:29:52 - [TEST_STEP][PASSED] - callTestCase(findTestCase("_Functions/Perform Action"), ["varAction":"setText", "varObject":object, "varParm1":varOther_experience_comment], STOP_ON_FAILURE): Call Test Case 'Test Cases/_Functions/Perform Action' successfully

27-02-2025T17:29:52 - [TEST_CASE][PASSED] - Test Cases/_Functions/Perform Action: Test Cases/_Functions/Perform Action

27-02-2025T17:29:52 - [TEST_STEP][PASSED] - action = varAction: null

27-02-2025T17:29:52 - [TEST_STEP][PASSED] - println(action): null

27-02-2025T17:29:52 - [TEST_STEP][PASSED] - testObject = varObject: null

27-02-2025T17:29:52 - [TEST_STEP][PASSED] - println(testObject): null

27-02-2025T17:29:52 - [TEST_STEP][PASSED] - parm1 = varParm1: null

27-02-2025T17:29:52 - [TEST_STEP][PASSED] - println(parm1): null

27-02-2025T17:29:52 - [TEST_STEP][PASSED] - println("Converting " + testObject + " to web element"): null

27-02-2025T17:29:52 - [TEST_STEP][PASSED] - element = findWebElement(findTestObject(testObject), 1): null

27-02-2025T17:29:52 - [TEST_STEP][PASSED] - loc = element.getLocation(): null

27-02-2025T17:29:52 - [TEST_STEP][PASSED] - y = loc.getY(): null

27-02-2025T17:29:52 - [TEST_STEP][PASSED] - println("Y location is " + y): null

27-02-2025T17:29:52 - [TEST_STEP][PASSED] - top = getViewportTopPosition(): Current viewport's top (y) position is 889

27-02-2025T17:29:52 - [MESSAGE][PASSED] - Current viewport's top (y) position is 889

27-02-2025T17:29:52 - [TEST_STEP][PASSED] - println("Viewport top is " + top): null

27-02-2025T17:29:52 - [TEST_STEP][PASSED] - bottom = top + 600: null

27-02-2025T17:29:52 - [TEST_STEP][PASSED] - if (y - top < 150 || bottom - y < 10): Delayed 1 second(s)

27-02-2025T17:29:52 - [TEST_STEP][PASSED] - scrollToPosition(0, y - 150): Browser is scrolled to position x = 0, y = 1376

27-02-2025T17:29:52 - [MESSAGE][PASSED] - Browser is scrolled to position x = 0, y = 1376

27-02-2025T17:29:52 - [TEST_STEP][PASSED] - delay(1): Delayed 1 second(s)

27-02-2025T17:29:53 - [MESSAGE][PASSED] - Delayed 1 second(s)

27-02-2025T17:29:53 - [TEST_STEP][PASSED] - if (action == "click"): null

27-02-2025T17:29:53 - [TEST_STEP][PASSED] - else if (action == "selectOptionByValue"): null

27-02-2025T17:29:53 - [TEST_STEP][PASSED] - else if (action == "setText"): Text 'Will consider internships as work experience.' is set on object 'Object Repository/Education Partner Profile/Tabs/Positions Needed/textarea_Other Experience Comment'

27-02-2025T17:29:53 - [TEST_STEP][PASSED] - println("Setting text " + parm1): null

27-02-2025T17:29:53 - [TEST_STEP][PASSED] - setText(findTestObject(testObject), parm1): Text 'Will consider internships as work experience.' is set on object 'Object Repository/Education Partner Profile/Tabs/Positions Needed/textarea_Other Experience Comment'

27-02-2025T17:29:53 - [MESSAGE][PASSED] - Text 'Will consider internships as work experience.' is set on object 'Object Repository/Education Partner Profile/Tabs/Positions Needed/textarea_Other Experience Comment'

27-02-2025T17:29:53 - [MESSAGE][PASSED] - Call Test Case 'Test Cases/_Functions/Perform Action' successfully

27-02-2025T17:29:53 - [TEST_STEP][PASSED] - object = "Object Repository/Education Partner Profile/Tabs/Positions Needed/button_Complete Submit": null

27-02-2025T17:29:53 - [TEST_STEP][PASSED] - callTestCase(findTestCase("_Functions/Perform Action"), ["varAction":"click", "varObject":object], STOP_ON_FAILURE): Call Test Case 'Test Cases/_Functions/Perform Action' successfully

27-02-2025T17:29:53 - [TEST_CASE][PASSED] - Test Cases/_Functions/Perform Action: Test Cases/_Functions/Perform Action

27-02-2025T17:29:53 - [TEST_STEP][PASSED] - action = varAction: null

27-02-2025T17:29:53 - [TEST_STEP][PASSED] - println(action): null

27-02-2025T17:29:53 - [TEST_STEP][PASSED] - testObject = varObject: null

27-02-2025T17:29:53 - [TEST_STEP][PASSED] - println(testObject): null

27-02-2025T17:29:53 - [TEST_STEP][PASSED] - parm1 = varParm1: null

27-02-2025T17:29:53 - [TEST_STEP][PASSED] - println(parm1): null

27-02-2025T17:29:53 - [TEST_STEP][PASSED] - println("Converting " + testObject + " to web element"): null

27-02-2025T17:29:53 - [TEST_STEP][PASSED] - element = findWebElement(findTestObject(testObject), 1): null

27-02-2025T17:29:53 - [TEST_STEP][PASSED] - loc = element.getLocation(): null

27-02-2025T17:29:53 - [TEST_STEP][PASSED] - y = loc.getY(): null

27-02-2025T17:29:53 - [TEST_STEP][PASSED] - println("Y location is " + y): null

27-02-2025T17:29:53 - [TEST_STEP][PASSED] - top = getViewportTopPosition(): Current viewport's top (y) position is 1214

27-02-2025T17:29:53 - [MESSAGE][PASSED] - Current viewport's top (y) position is 1214

27-02-2025T17:29:53 - [TEST_STEP][PASSED] - println("Viewport top is " + top): null

27-02-2025T17:29:53 - [TEST_STEP][PASSED] - bottom = top + 600: null

27-02-2025T17:29:53 - [TEST_STEP][PASSED] - if (y - top < 150 || bottom - y < 10): null

27-02-2025T17:29:53 - [TEST_STEP][PASSED] - if (action == "click"): Object: 'Object Repository/Education Partner Profile/Tabs/Positions Needed/button_Complete Submit' is clicked on

27-02-2025T17:29:53 - [TEST_STEP][PASSED] - println("clicking"): null

27-02-2025T17:29:53 - [TEST_STEP][PASSED] - click(findTestObject(testObject)): Object: 'Object Repository/Education Partner Profile/Tabs/Positions Needed/button_Complete Submit' is clicked on

27-02-2025T17:29:57 - [MESSAGE][PASSED] - Object: 'Object Repository/Education Partner Profile/Tabs/Positions Needed/button_Complete Submit' is clicked on

27-02-2025T17:29:57 - [MESSAGE][PASSED] - Call Test Case 'Test Cases/_Functions/Perform Action' successfully

27-02-2025T17:29:57 - [MESSAGE][PASSED] - Call Test Case 'Test Cases/Education Partner Profile/Tabs/Set Positions Needed' successfully

27-02-2025T17:29:57 - [TEST_STEP][PASSED] - if (pages.size() == 0 || "All" in pages || "Service Options" in pages): Call Test Case 'Test Cases/Education Partner Profile/Tabs/Set Service Options' successfully

27-02-2025T17:29:57 - [TEST_STEP][PASSED] - time_commitments = ["One year", "One year to two years"]: null

27-02-2025T17:29:57 - [TEST_STEP][PASSED] - start_options = ["Within 12 months"]: null

27-02-2025T17:29:57 - [TEST_STEP][PASSED] - school_terms_available = ["Open"]: null

27-02-2025T17:29:57 - [TEST_STEP][PASSED] - callTestCase(findTestCase("Education Partner Profile/Tabs/Set Service Options"), ["VarTime_commitments":time_commitments, "varStart_options":start_options, "varSchool_terms_available":school_terms_available], OPTIONAL): Call Test Case 'Test Cases/Education Partner Profile/Tabs/Set Service Options' successfully

27-02-2025T17:29:57 - [TEST_CASE][PASSED] - Test Cases/Education Partner Profile/Tabs/Set Service Options: Test Cases/Education Partner Profile/Tabs/Set Service Options

27-02-2025T17:29:57 - [TEST_STEP][PASSED] - username = username: null

27-02-2025T17:29:57 - [TEST_STEP][PASSED] - if (username != "cktest06ep"): null

27-02-2025T17:29:57 - [TEST_STEP][PASSED] - domain = domain: null

27-02-2025T17:29:57 - [TEST_STEP][PASSED] - writeFile = false: null

27-02-2025T17:29:57 - [TEST_STEP][PASSED] - testName = "Education Partner Service Options Tab": null

27-02-2025T17:29:57 - [TEST_STEP][PASSED] - outFile = callTestCase(findTestCase("_Functions/Set Output File"), ["varTestName":testName], STOP_ON_FAILURE): Call Test Case 'Test Cases/_Functions/Set Output File' successfully

27-02-2025T17:29:57 - [TEST_CASE][PASSED] - Test Cases/_Functions/Set Output File: Test Cases/_Functions/Set Output File

27-02-2025T17:29:57 - [TEST_STEP][PASSED] - testName = varTestName: null

27-02-2025T17:29:57 - [TEST_STEP][PASSED] - domain = domain: null

27-02-2025T17:29:57 - [TEST_STEP][PASSED] - writeFile = false: null

27-02-2025T17:29:57 - [TEST_STEP][PASSED] - if (outFile != ""): null

27-02-2025T17:29:57 - [TEST_STEP][PASSED] - myFile = outFile: null

27-02-2025T17:29:57 - [TEST_STEP][PASSED] - println(myFile): null

27-02-2025T17:29:57 - [TEST_STEP][PASSED] - outFile = new java.io.File(myFile): null

27-02-2025T17:29:57 - [TEST_STEP][PASSED] - writeFile = true: null

27-02-2025T17:29:57 - [TEST_STEP][PASSED] - if (!(writeFile)): null

27-02-2025T17:29:57 - [TEST_STEP][PASSED] - else: null

27-02-2025T17:29:57 - [TEST_STEP][PASSED] - outFile.append("
Testing " + testName + " on " + domain + ".
"): null

27-02-2025T17:29:57 - [TEST_STEP][PASSED] - return outFile: null

27-02-2025T17:29:57 - [MESSAGE][PASSED] - Call Test Case 'Test Cases/_Functions/Set Output File' successfully

27-02-2025T17:29:57 - [TEST_STEP][PASSED] - parms = [VarTime_commitments, varStart_options, varSchool_terms_available]: null

27-02-2025T17:29:57 - [TEST_STEP][PASSED] - time_commitments = "//input[@id='profile_group-1456436314.404_time_commitments']": null

27-02-2025T17:29:57 - [TEST_STEP][PASSED] - start_options = "//input[@id='profile_group-1456436314.404_available_start_options']": null

27-02-2025T17:29:57 - [TEST_STEP][PASSED] - school_terms_available = "//input[@id='profile_group-1456436314.404_school_term_available']": null

27-02-2025T17:29:57 - [TEST_STEP][PASSED] - xpaths = [time_commitments, start_options, school_terms_available]: null

27-02-2025T17:29:57 - [TEST_STEP][PASSED] - tooltipImagePath = "/Users/cckozie/git/MissionNext-Katalon-Koz/images/education partner/tabs/service options/": null

27-02-2025T17:29:57 - [TEST_STEP][PASSED] - testObjectFolder = "Education Partner Profile/Tabs/Service Options/": null

27-02-2025T17:29:57 - [TEST_STEP][PASSED] - tooltips = ["dummy":"dummy", "Time Commitments":"img_Time Commitments_field-tooltip", "School Term(s) Available":"img_School Term(s) Available_field-tooltip"]: null

27-02-2025T17:29:57 - [TEST_STEP][PASSED] - tooltipText = ["Time Commitments":"Check all that generally apply. Open will match all candidates.", "School Term(s) Available":"This is an information field only."]: null

27-02-2025T17:29:57 - [TEST_STEP][PASSED] - requiredFieldMsgs = ["Paid & Volunteer Positions":"The financial support field is required.", "Travel Options":"The travel support field is required."]: null

27-02-2025T17:29:57 - [TEST_STEP][PASSED] - requiredFieldMsgs = ["Time Commitments":"The time commitments field is required.", "School Term(s) Available":"The school term available field is required."]: null

27-02-2025T17:29:57 - [TEST_STEP][PASSED] - click(findTestObject("Object Repository/Education Partner Profile/Tabs/a_Service Options")): Object: 'Object Repository/Education Partner Profile/Tabs/a_Service Options' is clicked on

27-02-2025T17:29:58 - [MESSAGE][PASSED] - Object: 'Object Repository/Education Partner Profile/Tabs/a_Service Options' is clicked on

27-02-2025T17:29:58 - [TEST_STEP][PASSED] - tooltipTextMap = callTestCase(findTestCase("_Functions/Get Screenshot and Tooltip Text"), ["varExtension":testName], STOP_ON_FAILURE): Call Test Case 'Test Cases/_Functions/Get Screenshot and Tooltip Text' successfully

27-02-2025T17:29:58 - [TEST_CASE][PASSED] - Test Cases/_Functions/Get Screenshot and Tooltip Text: Test Cases/_Functions/Get Screenshot and Tooltip Text

27-02-2025T17:29:58 - [TEST_STEP][PASSED] - if (fastPath): null

27-02-2025T17:29:58 - [TEST_STEP][PASSED] - frame = new javax.swing.JFrame(): null

27-02-2025T17:29:58 - [TEST_STEP][PASSED] - p = new javax.swing.JPanel(): null

27-02-2025T17:29:58 - [TEST_STEP][PASSED] - l = new javax.swing.JLabel(Getting screenshot and tooltip text..., javax.swing.SwingConstants.CENTER): null

27-02-2025T17:29:58 - [TEST_STEP][PASSED] - frame.add(l): null

27-02-2025T17:29:58 - [TEST_STEP][PASSED] - frame.setSize(300, 100): null

27-02-2025T17:29:58 - [TEST_STEP][PASSED] - frame.setLocation(600, 0): null

27-02-2025T17:29:58 - [TEST_STEP][PASSED] - frame.setAlwaysOnTop(true): null

27-02-2025T17:29:58 - [TEST_STEP][PASSED] - frame.show(): null

27-02-2025T17:29:58 - [TEST_STEP][PASSED] - driver = getWebDriver(): null

27-02-2025T17:29:58 - [TEST_STEP][PASSED] - path = "/Users/cckozie/Documents/MissionNext/Screenshots and Tooltip Text/": null

27-02-2025T17:29:58 - [TEST_STEP][PASSED] - if (binding.hasVariable("varExtension")): null

27-02-2025T17:29:58 - [TEST_STEP][PASSED] - extension = varExtension: null

27-02-2025T17:29:58 - [TEST_STEP][PASSED] - println("Extension is " + extension): null

27-02-2025T17:29:58 - [TEST_STEP][PASSED] - fileBase = path + extension: null

27-02-2025T17:29:58 - [TEST_STEP][PASSED] - fileImage = fileBase + "_Screenshot.png": null

27-02-2025T17:29:58 - [TEST_STEP][PASSED] - waitForPageLoad(30): Wait for page load successfully

27-02-2025T17:29:58 - [MESSAGE][PASSED] - Wait for page load successfully

27-02-2025T17:29:58 - [TEST_STEP][PASSED] - spinner = driver.findElement(By.xpath("/html/body/div[1]/div/div[2]")): null

27-02-2025T17:29:58 - [TEST_STEP][PASSED] - executor = driver: null

27-02-2025T17:29:58 - [TEST_STEP][PASSED] - elementAttributes = executor.executeScript("var items = {}; for (index = 0; index < arguments[0].attributes.length; ++index) { items[arguments[0].attributes[index].name] = arguments[0].attributes[index].value }; return items;", spinner): null

27-02-2025T17:29:58 - [TEST_STEP][PASSED] - attrs = elementAttributes.toString(): null

27-02-2025T17:29:58 - [TEST_STEP][PASSED] - waits = 0: null

27-02-2025T17:29:58 - [TEST_STEP][PASSED] - while (attrs.indexOf("display: none") < 0 && waits < 2): null

27-02-2025T17:29:58 - [TEST_STEP][PASSED] - tooltipMap = callTestCase(findTestCase("_Functions/Get Tooltip Text"), [:], STOP_ON_FAILURE): Call Test Case 'Test Cases/_Functions/Get Tooltip Text' successfully

27-02-2025T17:29:58 - [TEST_CASE][PASSED] - Test Cases/_Functions/Get Tooltip Text: Test Cases/_Functions/Get Tooltip Text

27-02-2025T17:29:58 - [TEST_STEP][PASSED] - fieldTooltips = [:]: null

27-02-2025T17:29:58 - [TEST_STEP][PASSED] - tooltipMap = [:]: null

27-02-2025T17:29:58 - [TEST_STEP][PASSED] - driver = getWebDriver(): null

27-02-2025T17:29:58 - [TEST_STEP][PASSED] - tooltips = driver.findElements(By.className("field-tooltip")): null

27-02-2025T17:29:58 - [TEST_STEP][PASSED] - for (def it : tooltips): null

27-02-2025T17:29:58 - [TEST_STEP][PASSED] - if (it.isDisplayed()): null

27-02-2025T17:29:58 - [TEST_STEP][PASSED] - if (it.isDisplayed()): null

27-02-2025T17:29:58 - [TEST_STEP][PASSED] - if (it.isDisplayed()): null

27-02-2025T17:29:58 - [TEST_STEP][PASSED] - if (it.isDisplayed()): null

27-02-2025T17:29:58 - [TEST_STEP][PASSED] - if (it.isDisplayed()): null

27-02-2025T17:29:58 - [TEST_STEP][PASSED] - if (it.isDisplayed()): null

27-02-2025T17:29:58 - [TEST_STEP][PASSED] - if (it.isDisplayed()): null

27-02-2025T17:29:58 - [TEST_STEP][PASSED] - if (it.isDisplayed()): null

27-02-2025T17:29:58 - [TEST_STEP][PASSED] - if (it.isDisplayed()): null

27-02-2025T17:29:58 - [TEST_STEP][PASSED] - if (it.isDisplayed()): null

27-02-2025T17:29:58 - [TEST_STEP][PASSED] - if (it.isDisplayed()): null

27-02-2025T17:29:58 - [TEST_STEP][PASSED] - if (it.isDisplayed()): null

27-02-2025T17:29:58 - [TEST_STEP][PASSED] - if (it.isDisplayed()): null

27-02-2025T17:29:58 - [TEST_STEP][PASSED] - if (it.isDisplayed()): null

27-02-2025T17:29:58 - [TEST_STEP][PASSED] - ttText = it.getAttribute("data-original-title"): null

27-02-2025T17:29:58 - [TEST_STEP][PASSED] - ttLocation = it.getLocation(): null

27-02-2025T17:29:58 - [TEST_STEP][PASSED] - yLocation = ttLocation.getY(): null

27-02-2025T17:29:58 - [TEST_STEP][PASSED] - xLocation = ttLocation.getX(): null

27-02-2025T17:29:58 - [TEST_STEP][PASSED] - fieldTooltips.put(ttText, yLocation): null

27-02-2025T17:29:58 - [TEST_STEP][PASSED] - if (it.isDisplayed()): null

27-02-2025T17:29:58 - [TEST_STEP][PASSED] - ttText = it.getAttribute("data-original-title"): null

27-02-2025T17:29:58 - [TEST_STEP][PASSED] - ttLocation = it.getLocation(): null

27-02-2025T17:29:58 - [TEST_STEP][PASSED] - yLocation = ttLocation.getY(): null

27-02-2025T17:29:58 - [TEST_STEP][PASSED] - xLocation = ttLocation.getX(): null

27-02-2025T17:29:58 - [TEST_STEP][PASSED] - fieldTooltips.put(ttText, yLocation): null

27-02-2025T17:29:58 - [TEST_STEP][PASSED] - if (it.isDisplayed()): null

27-02-2025T17:29:58 - [TEST_STEP][PASSED] - if (it.isDisplayed()): null

27-02-2025T17:29:58 - [TEST_STEP][PASSED] - if (it.isDisplayed()): null

27-02-2025T17:29:58 - [TEST_STEP][PASSED] - if (it.isDisplayed()): null

27-02-2025T17:29:58 - [TEST_STEP][PASSED] - if (it.isDisplayed()): null

27-02-2025T17:29:58 - [TEST_STEP][PASSED] - if (it.isDisplayed()): null

27-02-2025T17:29:58 - [TEST_STEP][PASSED] - if (it.isDisplayed()): null

27-02-2025T17:29:58 - [TEST_STEP][PASSED] - if (it.isDisplayed()): null

27-02-2025T17:29:58 - [TEST_STEP][PASSED] - if (it.isDisplayed()): null

27-02-2025T17:29:58 - [TEST_STEP][PASSED] - if (it.isDisplayed()): null

27-02-2025T17:29:58 - [TEST_STEP][PASSED] - if (it.isDisplayed()): null

27-02-2025T17:29:58 - [TEST_STEP][PASSED] - if (it.isDisplayed()): null

27-02-2025T17:29:58 - [TEST_STEP][PASSED] - if (it.isDisplayed()): null

27-02-2025T17:29:58 - [TEST_STEP][PASSED] - if (fieldTooltips.size() > 0): null

27-02-2025T17:29:58 - [TEST_STEP][PASSED] - rightBorder = xLocation: null

27-02-2025T17:29:58 - [TEST_STEP][PASSED] - fieldLabels = [:]: null

27-02-2025T17:29:58 - [TEST_STEP][PASSED] - labels = driver.findElements(By.xpath("//label")): null

27-02-2025T17:29:58 - [TEST_STEP][PASSED] - labels.each({ -> ... }): null

27-02-2025T17:29:59 - [TEST_STEP][PASSED] - for (def label : fieldLabels): null

27-02-2025T17:29:59 - [TEST_STEP][PASSED] - y = value: null

27-02-2025T17:29:59 - [TEST_STEP][PASSED] - for (def tooltip : fieldTooltips): null

27-02-2025T17:29:59 - [TEST_STEP][PASSED] - if (value == y || value == y + 1 || value == y - 1): null

27-02-2025T17:29:59 - [TEST_STEP][PASSED] - if (value == y || value == y + 1 || value == y - 1): null

27-02-2025T17:29:59 - [TEST_STEP][PASSED] - y = value: null

27-02-2025T17:29:59 - [TEST_STEP][PASSED] - for (def tooltip : fieldTooltips): null

27-02-2025T17:29:59 - [TEST_STEP][PASSED] - if (value == y || value == y + 1 || value == y - 1): null

27-02-2025T17:29:59 - [TEST_STEP][PASSED] - tooltipMap.put(key, key): null

27-02-2025T17:29:59 - [TEST_STEP][PASSED] - break: null

27-02-2025T17:29:59 - [TEST_STEP][PASSED] - y = value: null

27-02-2025T17:29:59 - [TEST_STEP][PASSED] - for (def tooltip : fieldTooltips): null

27-02-2025T17:29:59 - [TEST_STEP][PASSED] - if (value == y || value == y + 1 || value == y - 1): null

27-02-2025T17:29:59 - [TEST_STEP][PASSED] - if (value == y || value == y + 1 || value == y - 1): null

27-02-2025T17:29:59 - [TEST_STEP][PASSED] - y = value: null

27-02-2025T17:29:59 - [TEST_STEP][PASSED] - for (def tooltip : fieldTooltips): null

27-02-2025T17:29:59 - [TEST_STEP][PASSED] - if (value == y || value == y + 1 || value == y - 1): null

27-02-2025T17:29:59 - [TEST_STEP][PASSED] - if (value == y || value == y + 1 || value == y - 1): null

27-02-2025T17:29:59 - [TEST_STEP][PASSED] - tooltipMap.put(key, key): null

27-02-2025T17:29:59 - [TEST_STEP][PASSED] - break: null

27-02-2025T17:29:59 - [TEST_STEP][PASSED] - return tooltipMap: null

27-02-2025T17:29:59 - [MESSAGE][PASSED] - Call Test Case 'Test Cases/_Functions/Get Tooltip Text' successfully

27-02-2025T17:29:59 - [TEST_STEP][PASSED] - if (tooltipMap.size() > 0): null

27-02-2025T17:29:59 - [TEST_STEP][PASSED] - file = fileBase + "_Tooltips.csv": null

27-02-2025T17:29:59 - [TEST_STEP][PASSED] - outText = "FIELD LABEL" + "," + "TOOLTIP TEXT" + "

": null

27-02-2025T17:29:59 - [TEST_STEP][PASSED] - for (def it : tooltipMap): null

27-02-2025T17:29:59 - [TEST_STEP][PASSED] - name = key: null

27-02-2025T17:29:59 - [TEST_STEP][PASSED] - value = value.replace("
", ""): null

27-02-2025T17:29:59 - [TEST_STEP][PASSED] - value = value.trim(): null

27-02-2025T17:29:59 - [TEST_STEP][PASSED] - value = """ + value + """: null

27-02-2025T17:29:59 - [TEST_STEP][PASSED] - outText = outText + name + "," + value: null

27-02-2025T17:29:59 - [TEST_STEP][PASSED] - outText = outText + "
": null

27-02-2025T17:29:59 - [TEST_STEP][PASSED] - println(outText): null

27-02-2025T17:29:59 - [TEST_STEP][PASSED] - name = key: null

27-02-2025T17:29:59 - [TEST_STEP][PASSED] - value = value.replace("
", ""): null

27-02-2025T17:29:59 - [TEST_STEP][PASSED] - value = value.trim(): null

27-02-2025T17:29:59 - [TEST_STEP][PASSED] - value = """ + value + """: null

27-02-2025T17:29:59 - [TEST_STEP][PASSED] - outText = outText + name + "," + value: null

27-02-2025T17:29:59 - [TEST_STEP][PASSED] - outText = outText + "
": null

27-02-2025T17:29:59 - [TEST_STEP][PASSED] - println(outText): null

27-02-2025T17:29:59 - [TEST_STEP][PASSED] - outFile = new java.io.File(file): null

27-02-2025T17:29:59 - [TEST_STEP][PASSED] - println(outText): null

27-02-2025T17:29:59 - [TEST_STEP][PASSED] - outFile.write(outText): null

27-02-2025T17:29:59 - [TEST_STEP][PASSED] - takeFullPageScreenshot(fileImage): Taking screenshot successfully

27-02-2025T17:29:59 - [MESSAGE][INFO] - 0 hidden object(s)

27-02-2025T17:30:00 - [MESSAGE][PASSED] - Taking screenshot successfully
[[ATTACHMENT|/Users/cckozie/Documents/MissionNext/Screenshots and Tooltip Text/Education Partner Service Options Tab_Screenshot.png]]

27-02-2025T17:30:00 - [TEST_STEP][PASSED] - frame.dispose(): null

27-02-2025T17:30:00 - [TEST_STEP][PASSED] - return tooltipMap: null

27-02-2025T17:30:00 - [MESSAGE][PASSED] - Call Test Case 'Test Cases/_Functions/Get Screenshot and Tooltip Text' successfully

27-02-2025T17:30:00 - [TEST_STEP][PASSED] - callTestCase(findTestCase("_Functions/Test Tooltips"), ["varTooltipImagePath":tooltipImagePath, "varTooltips":tooltips, "varTooltipText":tooltipText, "varTestObjectFolder":testObjectFolder, ... ], STOP_ON_FAILURE): Call Test Case 'Test Cases/_Functions/Test Tooltips' successfully

27-02-2025T17:30:00 - [TEST_CASE][PASSED] - Test Cases/_Functions/Test Tooltips: Test Cases/_Functions/Test Tooltips

27-02-2025T17:30:00 - [TEST_STEP][PASSED] - if (fastPath): null

27-02-2025T17:30:00 - [TEST_STEP][PASSED] - tooltipImagePath = varTooltipImagePath: null

27-02-2025T17:30:00 - [TEST_STEP][PASSED] - tooltips = varTooltips: null

27-02-2025T17:30:00 - [TEST_STEP][PASSED] - tooltipText = varTooltipText: null

27-02-2025T17:30:00 - [TEST_STEP][PASSED] - testObjectFolder = varTestObjectFolder: null

27-02-2025T17:30:00 - [TEST_STEP][PASSED] - tooltipTextMap = varTooltipTextMap: null

27-02-2025T17:30:00 - [TEST_STEP][PASSED] - writeFile = false: null

27-02-2025T17:30:00 - [TEST_STEP][PASSED] - if (outFile != ""): null

27-02-2025T17:30:00 - [TEST_STEP][PASSED] - myFile = outFile: null

27-02-2025T17:30:00 - [TEST_STEP][PASSED] - println(myFile): null

27-02-2025T17:30:00 - [TEST_STEP][PASSED] - outFile = new java.io.File(myFile): null

27-02-2025T17:30:00 - [TEST_STEP][PASSED] - writeFile = true: null

27-02-2025T17:30:00 - [TEST_STEP][PASSED] - driver = getWebDriver(): null

27-02-2025T17:30:00 - [TEST_STEP][PASSED] - action = new org.openqa.selenium.interactions.Actions(driver): null

27-02-2025T17:30:00 - [TEST_STEP][PASSED] - s = new org.sikuli.script.Screen(): null

27-02-2025T17:30:00 - [TEST_STEP][PASSED] - outText = "Verifying the tooltips can be displayed.
": null

27-02-2025T17:30:00 - [TEST_STEP][PASSED] - outFile.append(outText): null

27-02-2025T17:30:00 - [TEST_STEP][PASSED] - first = true: null

27-02-2025T17:30:00 - [TEST_STEP][PASSED] - for (def it : tooltips): null

27-02-2025T17:30:00 - [TEST_STEP][PASSED] - myKey = key: null

27-02-2025T17:30:00 - [TEST_STEP][PASSED] - myValue = value: null

27-02-2025T17:30:00 - [TEST_STEP][PASSED] - println("myKey is " + myKey): null

27-02-2025T17:30:00 - [TEST_STEP][PASSED] - println("myValue is " + myValue): null

27-02-2025T17:30:00 - [TEST_STEP][PASSED] - if (myKey != "dummy"): null

27-02-2025T17:30:00 - [TEST_STEP][PASSED] - else: null

27-02-2025T17:30:00 - [TEST_STEP][PASSED] - myImage = "/Users/cckozie/git/MissionNext-Katalon-Koz/images/dummy.png": null

27-02-2025T17:30:00 - [TEST_STEP][PASSED] - f = new java.io.File(myImage): null

27-02-2025T17:30:00 - [TEST_STEP][PASSED] - if (f.exists()): null

27-02-2025T17:30:00 - [TEST_STEP][PASSED] - println("Looking for " + myImage): null

27-02-2025T17:30:00 - [TEST_STEP][PASSED] - icn = Pattern(myImage).similar(0.10): null

27-02-2025T17:30:00 - [TEST_STEP][PASSED] - found = s.exists(icn): null

27-02-2025T17:30:03 - [TEST_STEP][PASSED] - println(found): null

27-02-2025T17:30:03 - [TEST_STEP][PASSED] - if (found != null): null

27-02-2025T17:30:03 - [TEST_STEP][PASSED] - else: null

27-02-2025T17:30:03 - [TEST_STEP][PASSED] - if (myKey != "dummy"): null

27-02-2025T17:30:03 - [TEST_STEP][PASSED] - myKey = key: null

27-02-2025T17:30:03 - [TEST_STEP][PASSED] - myValue = value: null

27-02-2025T17:30:03 - [TEST_STEP][PASSED] - println("myKey is " + myKey): null

27-02-2025T17:30:03 - [TEST_STEP][PASSED] - println("myValue is " + myValue): null

27-02-2025T17:30:03 - [TEST_STEP][PASSED] - if (myKey != "dummy"): null

27-02-2025T17:30:03 - [TEST_STEP][PASSED] - tObj = testObjectFolder + myValue: null

27-02-2025T17:30:03 - [TEST_STEP][PASSED] - click(tObj): null

27-02-2025T17:30:03 - [TEST_STEP][PASSED] - scrollToObject(object): null

27-02-2025T17:30:03 - [TEST_STEP][PASSED] - println("Converting " + object + " to web element"): null

27-02-2025T17:30:03 - [TEST_STEP][PASSED] - element = findWebElement(findTestObject(object), 1): null

27-02-2025T17:30:03 - [TEST_STEP][PASSED] - loc = element.getLocation(): null

27-02-2025T17:30:03 - [TEST_STEP][PASSED] - x = loc.getX(): null

27-02-2025T17:30:03 - [TEST_STEP][PASSED] - if (x >= 560): null

27-02-2025T17:30:03 - [TEST_STEP][PASSED] - y = loc.getY(): null

27-02-2025T17:30:03 - [TEST_STEP][PASSED] - println("Y location is " + y): null

27-02-2025T17:30:03 - [TEST_STEP][PASSED] - top = getViewportTopPosition(): Current viewport's top (y) position is 0

27-02-2025T17:30:03 - [MESSAGE][PASSED] - Current viewport's top (y) position is 0

27-02-2025T17:30:03 - [TEST_STEP][PASSED] - println("Viewport top is " + top): null

27-02-2025T17:30:03 - [TEST_STEP][PASSED] - bottom = top + 600: null

27-02-2025T17:30:03 - [TEST_STEP][PASSED] - if (y - top < 150 || bottom - y < 10): null

27-02-2025T17:30:03 - [TEST_STEP][PASSED] - click(findTestObject(object)): null

27-02-2025T17:30:03 - [MESSAGE][PASSED] - Object: 'Object Repository/Education Partner Profile/Tabs/Service Options/img_Time Commitments_field-tooltip' is clicked on

27-02-2025T17:30:03 - [TEST_STEP][PASSED] - delay(1): Delayed 1 second(s)

27-02-2025T17:30:04 - [MESSAGE][PASSED] - Delayed 1 second(s)

27-02-2025T17:30:04 - [TEST_STEP][PASSED] - myImage = tooltipImagePath + myKey + ".png": null

27-02-2025T17:30:04 - [TEST_STEP][PASSED] - f = new java.io.File(myImage): null

27-02-2025T17:30:04 - [TEST_STEP][PASSED] - if (f.exists()): null

27-02-2025T17:30:04 - [TEST_STEP][PASSED] - println("Looking for " + myImage): null

27-02-2025T17:30:04 - [TEST_STEP][PASSED] - icn = Pattern(myImage).similar(0.10): null

27-02-2025T17:30:04 - [TEST_STEP][PASSED] - found = s.exists(icn): null

27-02-2025T17:30:04 - [TEST_STEP][PASSED] - println(found): null

27-02-2025T17:30:04 - [TEST_STEP][PASSED] - if (found != null): null

27-02-2025T17:30:04 - [TEST_STEP][PASSED] - foundStr = found.toString(): null

27-02-2025T17:30:04 - [TEST_STEP][PASSED] - matchP = foundStr.indexOf("%"): null

27-02-2025T17:30:04 - [TEST_STEP][PASSED] - if (matchP >= 0): null

27-02-2025T17:30:04 - [TEST_STEP][PASSED] - println(matchP): null

27-02-2025T17:30:04 - [TEST_STEP][PASSED] - pct = foundStr.substring(matchP + 1, matchP + 6): null

27-02-2025T17:30:04 - [TEST_STEP][PASSED] - pctF = pct.toFloat(): null

27-02-2025T17:30:04 - [TEST_STEP][PASSED] - outText = "+++ Tooltip match value for " + myKey + " is " + pctF + "%": null

27-02-2025T17:30:04 - [TEST_STEP][PASSED] - min = 80: null

27-02-2025T17:30:04 - [TEST_STEP][PASSED] - if (pctF.toFloat() < min.toFloat()): null

27-02-2025T17:30:04 - [TEST_STEP][PASSED] - if (myKey != "dummy"): null

27-02-2025T17:30:04 - [TEST_STEP][PASSED] - println(outText): null

27-02-2025T17:30:04 - [TEST_STEP][PASSED] - outFile.append(outText + "
"): null

27-02-2025T17:30:04 - [TEST_STEP][PASSED] - myKey = key: null

27-02-2025T17:30:04 - [TEST_STEP][PASSED] - myValue = value: null

27-02-2025T17:30:04 - [TEST_STEP][PASSED] - println("myKey is " + myKey): null

27-02-2025T17:30:04 - [TEST_STEP][PASSED] - println("myValue is " + myValue): null

27-02-2025T17:30:04 - [TEST_STEP][PASSED] - if (myKey != "dummy"): null

27-02-2025T17:30:04 - [TEST_STEP][PASSED] - tObj = testObjectFolder + myValue: null

27-02-2025T17:30:04 - [TEST_STEP][PASSED] - click(tObj): null

27-02-2025T17:30:04 - [TEST_STEP][PASSED] - scrollToObject(object): null

27-02-2025T17:30:04 - [TEST_STEP][PASSED] - println("Converting " + object + " to web element"): null

27-02-2025T17:30:04 - [TEST_STEP][PASSED] - element = findWebElement(findTestObject(object), 1): null

27-02-2025T17:30:04 - [TEST_STEP][PASSED] - loc = element.getLocation(): null

27-02-2025T17:30:04 - [TEST_STEP][PASSED] - x = loc.getX(): null

27-02-2025T17:30:04 - [TEST_STEP][PASSED] - if (x >= 560): null

27-02-2025T17:30:04 - [TEST_STEP][PASSED] - y = loc.getY(): null

27-02-2025T17:30:04 - [TEST_STEP][PASSED] - println("Y location is " + y): null

27-02-2025T17:30:04 - [TEST_STEP][PASSED] - top = getViewportTopPosition(): Current viewport's top (y) position is 0

27-02-2025T17:30:04 - [MESSAGE][PASSED] - Current viewport's top (y) position is 0

27-02-2025T17:30:04 - [TEST_STEP][PASSED] - println("Viewport top is " + top): null

27-02-2025T17:30:04 - [TEST_STEP][PASSED] - bottom = top + 600: null

27-02-2025T17:30:04 - [TEST_STEP][PASSED] - if (y - top < 150 || bottom - y < 10): Delayed 1 second(s)

27-02-2025T17:30:04 - [TEST_STEP][PASSED] - scrollToPosition(0, y - 170): Browser is scrolled to position x = 0, y = 446

27-02-2025T17:30:04 - [MESSAGE][PASSED] - Browser is scrolled to position x = 0, y = 446

27-02-2025T17:30:04 - [TEST_STEP][PASSED] - delay(1): Delayed 1 second(s)

27-02-2025T17:30:05 - [MESSAGE][PASSED] - Delayed 1 second(s)

27-02-2025T17:30:05 - [TEST_STEP][PASSED] - click(findTestObject(object)): null

27-02-2025T17:30:05 - [MESSAGE][PASSED] - Object: 'Object Repository/Education Partner Profile/Tabs/Service Options/img_School Term(s) Available_field-tooltip' is clicked on

27-02-2025T17:30:05 - [TEST_STEP][PASSED] - delay(1): Delayed 1 second(s)

27-02-2025T17:30:06 - [MESSAGE][PASSED] - Delayed 1 second(s)

27-02-2025T17:30:06 - [TEST_STEP][PASSED] - myImage = tooltipImagePath + myKey + ".png": null

27-02-2025T17:30:06 - [TEST_STEP][PASSED] - f = new java.io.File(myImage): null

27-02-2025T17:30:06 - [TEST_STEP][PASSED] - if (f.exists()): null

27-02-2025T17:30:06 - [TEST_STEP][PASSED] - println("Looking for " + myImage): null

27-02-2025T17:30:06 - [TEST_STEP][PASSED] - icn = Pattern(myImage).similar(0.10): null

27-02-2025T17:30:06 - [TEST_STEP][PASSED] - found = s.exists(icn): null

27-02-2025T17:30:06 - [TEST_STEP][PASSED] - println(found): null

27-02-2025T17:30:06 - [TEST_STEP][PASSED] - if (found != null): null

27-02-2025T17:30:06 - [TEST_STEP][PASSED] - foundStr = found.toString(): null

27-02-2025T17:30:06 - [TEST_STEP][PASSED] - matchP = foundStr.indexOf("%"): null

27-02-2025T17:30:06 - [TEST_STEP][PASSED] - if (matchP >= 0): null

27-02-2025T17:30:06 - [TEST_STEP][PASSED] - println(matchP): null

27-02-2025T17:30:06 - [TEST_STEP][PASSED] - pct = foundStr.substring(matchP + 1, matchP + 6): null

27-02-2025T17:30:06 - [TEST_STEP][PASSED] - pctF = pct.toFloat(): null

27-02-2025T17:30:06 - [TEST_STEP][PASSED] - outText = "+++ Tooltip match value for " + myKey + " is " + pctF + "%": null

27-02-2025T17:30:06 - [TEST_STEP][PASSED] - min = 80: null

27-02-2025T17:30:06 - [TEST_STEP][PASSED] - if (pctF.toFloat() < min.toFloat()): null

27-02-2025T17:30:06 - [TEST_STEP][PASSED] - if (myKey != "dummy"): null

27-02-2025T17:30:06 - [TEST_STEP][PASSED] - println(outText): null

27-02-2025T17:30:06 - [TEST_STEP][PASSED] - outFile.append(outText + "
"): null

27-02-2025T17:30:06 - [TEST_STEP][PASSED] - outText = "Verifying the tooltip text on the page is what was expected.
": null

27-02-2025T17:30:06 - [TEST_STEP][PASSED] - println(tooltipTextMap): null

27-02-2025T17:30:06 - [TEST_STEP][PASSED] - outFile.append(outText): null

27-02-2025T17:30:06 - [TEST_STEP][PASSED] - for (def it : tooltipText): null

27-02-2025T17:30:06 - [TEST_STEP][PASSED] - println(it): null

27-02-2025T17:30:06 - [TEST_STEP][PASSED] - myKey = key: null

27-02-2025T17:30:06 - [TEST_STEP][PASSED] - myText = value.replace(""", ""): null

27-02-2025T17:30:06 - [TEST_STEP][PASSED] - myText = myText.trim(): null

27-02-2025T17:30:06 - [TEST_STEP][PASSED] - println(myKey): null

27-02-2025T17:30:06 - [TEST_STEP][PASSED] - println(myText): null

27-02-2025T17:30:06 - [TEST_STEP][PASSED] - println(tooltipTextMap.get(myKey)): null

27-02-2025T17:30:06 - [TEST_STEP][PASSED] - actualText = get(myKey).replace(""", ""): null

27-02-2025T17:30:06 - [TEST_STEP][PASSED] - actualText = actualText.trim(): null

27-02-2025T17:30:06 - [TEST_STEP][PASSED] - println(myKey + ":" + actualText): null

27-02-2025T17:30:06 - [TEST_STEP][PASSED] - if (actualText != myText): null

27-02-2025T17:30:06 - [TEST_STEP][PASSED] - println(it): null

27-02-2025T17:30:06 - [TEST_STEP][PASSED] - myKey = key: null

27-02-2025T17:30:06 - [TEST_STEP][PASSED] - myText = value.replace(""", ""): null

27-02-2025T17:30:06 - [TEST_STEP][PASSED] - myText = myText.trim(): null

27-02-2025T17:30:06 - [TEST_STEP][PASSED] - println(myKey): null

27-02-2025T17:30:06 - [TEST_STEP][PASSED] - println(myText): null

27-02-2025T17:30:06 - [TEST_STEP][PASSED] - println(tooltipTextMap.get(myKey)): null

27-02-2025T17:30:06 - [TEST_STEP][PASSED] - actualText = get(myKey).replace(""", ""): null

27-02-2025T17:30:06 - [TEST_STEP][PASSED] - actualText = actualText.trim(): null

27-02-2025T17:30:06 - [TEST_STEP][PASSED] - println(myKey + ":" + actualText): null

27-02-2025T17:30:06 - [TEST_STEP][PASSED] - if (actualText != myText): null

27-02-2025T17:30:06 - [MESSAGE][PASSED] - Call Test Case 'Test Cases/_Functions/Test Tooltips' successfully

27-02-2025T17:30:06 - [TEST_STEP][PASSED] - outText = "Verifying the required field messages.
": null

27-02-2025T17:30:06 - [TEST_STEP][PASSED] - outFile.append(outText): null

27-02-2025T17:30:06 - [TEST_STEP][PASSED] - fieldList = []: null

27-02-2025T17:30:06 - [TEST_STEP][PASSED] - requiredFieldMsgs.each({ -> ... }): null

27-02-2025T17:30:06 - [TEST_STEP][PASSED] - callTestCase(findTestCase("_Functions/Test Field Error Messages"), ["varFieldList":fieldList, "varRequiredFieldMsgs":requiredFieldMsgs], STOP_ON_FAILURE): Call Test Case 'Test Cases/_Functions/Test Field Error Messages' successfully

27-02-2025T17:30:06 - [TEST_CASE][PASSED] - Test Cases/_Functions/Test Field Error Messages: Test Cases/_Functions/Test Field Error Messages

27-02-2025T17:30:06 - [TEST_STEP][PASSED] - count = callTestCase(findTestCase("_Functions/Find error messages"), ["varFunction":"count"], STOP_ON_FAILURE): Call Test Case 'Test Cases/_Functions/Find error messages' successfully

27-02-2025T17:30:06 - [TEST_CASE][PASSED] - Test Cases/_Functions/Find error messages: Test Cases/_Functions/Find error messages

27-02-2025T17:30:06 - [TEST_STEP][PASSED] - function = "count": null

27-02-2025T17:30:06 - [TEST_STEP][PASSED] - if (binding.hasVariable("varFunction")): null

27-02-2025T17:30:06 - [TEST_STEP][PASSED] - function = varFunction: null

27-02-2025T17:30:06 - [TEST_STEP][PASSED] - title = getWindowTitle(): Current window's title is: 'Education'

27-02-2025T17:30:06 - [MESSAGE][PASSED] - Current window's title is: 'Education'

27-02-2025T17:30:06 - [TEST_STEP][PASSED] - println("Page title is " + title): null

27-02-2025T17:30:06 - [TEST_STEP][PASSED] - driver = getWebDriver(): null

27-02-2025T17:30:06 - [TEST_STEP][PASSED] - elements = driver.findElements(By.xpath("//div[@class='col-sm-offset-3 col-sm-9 text-danger']")): null

27-02-2025T17:30:06 - [TEST_STEP][PASSED] - if (function == "count"): null

27-02-2025T17:30:06 - [TEST_STEP][PASSED] - return elements.size(): null

27-02-2025T17:30:06 - [MESSAGE][PASSED] - Call Test Case 'Test Cases/_Functions/Find error messages' successfully

27-02-2025T17:30:06 - [TEST_STEP][PASSED] - outFile = outFile: null

27-02-2025T17:30:06 - [TEST_STEP][PASSED] - if (count == 0): null

27-02-2025T17:30:06 - [TEST_STEP][PASSED] - else: Delayed 0 second(s)

27-02-2025T17:30:06 - [TEST_STEP][PASSED] - fieldList = varFieldList: null

27-02-2025T17:30:06 - [TEST_STEP][PASSED] - requiredFieldMsgs = varRequiredFieldMsgs: null

27-02-2025T17:30:06 - [TEST_STEP][PASSED] - outText = "Verifying error messages for fields " + fieldList: null

27-02-2025T17:30:06 - [TEST_STEP][PASSED] - for (def field : fieldList): null

27-02-2025T17:30:06 - [TEST_STEP][PASSED] - errorMsg = requiredFieldMsgs.get(field): null

27-02-2025T17:30:06 - [TEST_STEP][PASSED] - msg = verifyTextPresent(errorMsg, false, OPTIONAL): Text 'The time commitments field is required.' is present on page 

27-02-2025T17:30:06 - [MESSAGE][PASSED] - Text 'The time commitments field is required.' is present on page 

27-02-2025T17:30:06 - [TEST_STEP][PASSED] - println(field + ":" + msg): null

27-02-2025T17:30:06 - [TEST_STEP][PASSED] - if (!(msg)): null

27-02-2025T17:30:06 - [TEST_STEP][PASSED] - errorMsg = requiredFieldMsgs.get(field): null

27-02-2025T17:30:06 - [TEST_STEP][PASSED] - msg = verifyTextPresent(errorMsg, false, OPTIONAL): Text 'The school term available field is required.' is present on page 

27-02-2025T17:30:06 - [MESSAGE][PASSED] - Text 'The school term available field is required.' is present on page 

27-02-2025T17:30:06 - [TEST_STEP][PASSED] - println(field + ":" + msg): null

27-02-2025T17:30:06 - [TEST_STEP][PASSED] - if (!(msg)): null

27-02-2025T17:30:06 - [TEST_STEP][PASSED] - delay(fieldTestDelay): Delayed 0 second(s)

27-02-2025T17:30:06 - [MESSAGE][PASSED] - Delayed 0 second(s)

27-02-2025T17:30:06 - [MESSAGE][PASSED] - Call Test Case 'Test Cases/_Functions/Test Field Error Messages' successfully

27-02-2025T17:30:06 - [TEST_STEP][PASSED] - callTestCase(findTestCase("_Functions/Click on Group Elements"), ["varXpaths":xpaths, "varParms":parms], STOP_ON_FAILURE): Call Test Case 'Test Cases/_Functions/Click on Group Elements' successfully

27-02-2025T17:30:06 - [TEST_CASE][PASSED] - Test Cases/_Functions/Click on Group Elements: Test Cases/_Functions/Click on Group Elements

27-02-2025T17:30:06 - [TEST_STEP][PASSED] - debug = false: null

27-02-2025T17:30:06 - [TEST_STEP][PASSED] - toggle = true: null

27-02-2025T17:30:06 - [TEST_STEP][PASSED] - frame = new javax.swing.JFrame(): null

27-02-2025T17:30:06 - [TEST_STEP][PASSED] - p = new javax.swing.JPanel(): null

27-02-2025T17:30:06 - [TEST_STEP][PASSED] - l = new javax.swing.JLabel(Making user selections..., javax.swing.SwingConstants.CENTER): null

27-02-2025T17:30:06 - [TEST_STEP][PASSED] - frame.add(l): null

27-02-2025T17:30:06 - [TEST_STEP][PASSED] - frame.setSize(300, 100): null

27-02-2025T17:30:06 - [TEST_STEP][PASSED] - frame.setLocation(600, 0): null

27-02-2025T17:30:06 - [TEST_STEP][PASSED] - frame.setAlwaysOnTop(true): null

27-02-2025T17:30:06 - [TEST_STEP][PASSED] - frame.show(): null

27-02-2025T17:30:07 - [TEST_STEP][PASSED] - driver = getWebDriver(): null

27-02-2025T17:30:07 - [TEST_STEP][PASSED] - println(varParms): null

27-02-2025T17:30:07 - [TEST_STEP][PASSED] - for ([i = 0, i < varXpaths.size(), (i++)]): null

27-02-2025T17:30:07 - [TEST_STEP][PASSED] - if (debug): null

27-02-2025T17:30:07 - [TEST_STEP][PASSED] - if (varParms[i].indexOf("Europe") >= 0): null

27-02-2025T17:30:07 - [TEST_STEP][PASSED] - elements = driver.findElements(By.xpath(varXpaths[i])): null

27-02-2025T17:30:07 - [TEST_STEP][PASSED] - element_count = elements.size(): null

27-02-2025T17:30:07 - [TEST_STEP][PASSED] - for (def element : elements): null

27-02-2025T17:30:07 - [TEST_STEP][PASSED] - myValue = element.getAttribute("value"): null

27-02-2025T17:30:07 - [TEST_STEP][PASSED] - if (debug): null

27-02-2025T17:30:07 - [TEST_STEP][PASSED] - if (myValue.length() >= 4): null

27-02-2025T17:30:07 - [TEST_STEP][PASSED] - if (myValue.substring(0, 4) == "(!) "): null

27-02-2025T17:30:07 - [TEST_STEP][PASSED] - myType = element.getAttribute("type"): null

27-02-2025T17:30:07 - [TEST_STEP][PASSED] - if (myValue in varParms[i]): null

27-02-2025T17:30:07 - [TEST_STEP][PASSED] - else: null

27-02-2025T17:30:07 - [TEST_STEP][PASSED] - inList = false: null

27-02-2025T17:30:07 - [TEST_STEP][PASSED] - if (myType == "checkbox"): null

27-02-2025T17:30:07 - [TEST_STEP][PASSED] - myStatus = element.isSelected(): null

27-02-2025T17:30:07 - [TEST_STEP][PASSED] - if (debug): null

27-02-2025T17:30:07 - [TEST_STEP][PASSED] - if (toggle && myStatus && inList): null

27-02-2025T17:30:07 - [TEST_STEP][PASSED] - if (!(myStatus) && inList || myStatus && !(inList)): null

27-02-2025T17:30:07 - [TEST_STEP][PASSED] - myValue = element.getAttribute("value"): null

27-02-2025T17:30:07 - [TEST_STEP][PASSED] - if (debug): null

27-02-2025T17:30:07 - [TEST_STEP][PASSED] - if (myValue.length() >= 4): null

27-02-2025T17:30:07 - [TEST_STEP][PASSED] - if (myValue.substring(0, 4) == "(!) "): null

27-02-2025T17:30:07 - [TEST_STEP][PASSED] - myType = element.getAttribute("type"): null

27-02-2025T17:30:07 - [TEST_STEP][PASSED] - if (myValue in varParms[i]): null

27-02-2025T17:30:07 - [TEST_STEP][PASSED] - inList = true: null

27-02-2025T17:30:07 - [TEST_STEP][PASSED] - if (myType == "checkbox"): null

27-02-2025T17:30:07 - [TEST_STEP][PASSED] - myStatus = element.isSelected(): null

27-02-2025T17:30:07 - [TEST_STEP][PASSED] - if (debug): null

27-02-2025T17:30:07 - [TEST_STEP][PASSED] - if (toggle && myStatus && inList): null

27-02-2025T17:30:07 - [TEST_STEP][PASSED] - if (!(myStatus) && inList || myStatus && !(inList)): null

27-02-2025T17:30:07 - [TEST_STEP][PASSED] - if (debug): null

27-02-2025T17:30:07 - [TEST_STEP][PASSED] - println("Clicking " + myValue): null

27-02-2025T17:30:07 - [TEST_STEP][PASSED] - click(element): null

27-02-2025T17:30:07 - [TEST_STEP][PASSED] - scrollToObject(elem): null

27-02-2025T17:30:07 - [TEST_STEP][PASSED] - loc = element.getLocation(): null

27-02-2025T17:30:07 - [TEST_STEP][PASSED] - if (debug): null

27-02-2025T17:30:07 - [TEST_STEP][PASSED] - y = loc.getY(): null

27-02-2025T17:30:07 - [TEST_STEP][PASSED] - println("Y location is " + y): null

27-02-2025T17:30:07 - [TEST_STEP][PASSED] - top = getViewportTopPosition(): Current viewport's top (y) position is 318

27-02-2025T17:30:07 - [MESSAGE][PASSED] - Current viewport's top (y) position is 318

27-02-2025T17:30:07 - [TEST_STEP][PASSED] - println("Viewport top is " + top): null

27-02-2025T17:30:07 - [TEST_STEP][PASSED] - bottom = top + 600: null

27-02-2025T17:30:07 - [TEST_STEP][PASSED] - if (y - top < 150 || bottom - y < 10): Delayed 1 second(s)

27-02-2025T17:30:07 - [TEST_STEP][PASSED] - scrollToPosition(0, y - 150): Browser is scrolled to position x = 0, y = 307

27-02-2025T17:30:07 - [MESSAGE][PASSED] - Browser is scrolled to position x = 0, y = 307

27-02-2025T17:30:07 - [TEST_STEP][PASSED] - delay(1): Delayed 1 second(s)

27-02-2025T17:30:08 - [MESSAGE][PASSED] - Delayed 1 second(s)

27-02-2025T17:30:08 - [TEST_STEP][PASSED] - elem.click(): null

27-02-2025T17:30:08 - [TEST_STEP][PASSED] - myValue = element.getAttribute("value"): null

27-02-2025T17:30:08 - [TEST_STEP][PASSED] - if (debug): null

27-02-2025T17:30:08 - [TEST_STEP][PASSED] - if (myValue.length() >= 4): null

27-02-2025T17:30:08 - [TEST_STEP][PASSED] - if (myValue.substring(0, 4) == "(!) "): null

27-02-2025T17:30:08 - [TEST_STEP][PASSED] - myType = element.getAttribute("type"): null

27-02-2025T17:30:08 - [TEST_STEP][PASSED] - if (myValue in varParms[i]): null

27-02-2025T17:30:08 - [TEST_STEP][PASSED] - inList = true: null

27-02-2025T17:30:08 - [TEST_STEP][PASSED] - if (myType == "checkbox"): null

27-02-2025T17:30:08 - [TEST_STEP][PASSED] - myStatus = element.isSelected(): null

27-02-2025T17:30:08 - [TEST_STEP][PASSED] - if (debug): null

27-02-2025T17:30:08 - [TEST_STEP][PASSED] - if (toggle && myStatus && inList): null

27-02-2025T17:30:08 - [TEST_STEP][PASSED] - if (!(myStatus) && inList || myStatus && !(inList)): null

27-02-2025T17:30:08 - [TEST_STEP][PASSED] - if (debug): null

27-02-2025T17:30:08 - [TEST_STEP][PASSED] - println("Clicking " + myValue): null

27-02-2025T17:30:08 - [TEST_STEP][PASSED] - click(element): null

27-02-2025T17:30:08 - [TEST_STEP][PASSED] - scrollToObject(elem): null

27-02-2025T17:30:08 - [TEST_STEP][PASSED] - loc = element.getLocation(): null

27-02-2025T17:30:08 - [TEST_STEP][PASSED] - if (debug): null

27-02-2025T17:30:08 - [TEST_STEP][PASSED] - y = loc.getY(): null

27-02-2025T17:30:08 - [TEST_STEP][PASSED] - println("Y location is " + y): null

27-02-2025T17:30:08 - [TEST_STEP][PASSED] - top = getViewportTopPosition(): Current viewport's top (y) position is 307

27-02-2025T17:30:08 - [MESSAGE][PASSED] - Current viewport's top (y) position is 307

27-02-2025T17:30:08 - [TEST_STEP][PASSED] - println("Viewport top is " + top): null

27-02-2025T17:30:08 - [TEST_STEP][PASSED] - bottom = top + 600: null

27-02-2025T17:30:08 - [TEST_STEP][PASSED] - if (y - top < 150 || bottom - y < 10): null

27-02-2025T17:30:08 - [TEST_STEP][PASSED] - elem.click(): null

27-02-2025T17:30:08 - [TEST_STEP][PASSED] - myValue = element.getAttribute("value"): null

27-02-2025T17:30:08 - [TEST_STEP][PASSED] - if (debug): null

27-02-2025T17:30:08 - [TEST_STEP][PASSED] - if (myValue.length() >= 4): null

27-02-2025T17:30:08 - [TEST_STEP][PASSED] - if (myValue.substring(0, 4) == "(!) "): null

27-02-2025T17:30:08 - [TEST_STEP][PASSED] - myType = element.getAttribute("type"): null

27-02-2025T17:30:08 - [TEST_STEP][PASSED] - if (myValue in varParms[i]): null

27-02-2025T17:30:08 - [TEST_STEP][PASSED] - else: null

27-02-2025T17:30:08 - [TEST_STEP][PASSED] - inList = false: null

27-02-2025T17:30:08 - [TEST_STEP][PASSED] - if (myType == "checkbox"): null

27-02-2025T17:30:08 - [TEST_STEP][PASSED] - myStatus = element.isSelected(): null

27-02-2025T17:30:08 - [TEST_STEP][PASSED] - if (debug): null

27-02-2025T17:30:08 - [TEST_STEP][PASSED] - if (toggle && myStatus && inList): null

27-02-2025T17:30:08 - [TEST_STEP][PASSED] - if (!(myStatus) && inList || myStatus && !(inList)): null

27-02-2025T17:30:08 - [TEST_STEP][PASSED] - myValue = element.getAttribute("value"): null

27-02-2025T17:30:08 - [TEST_STEP][PASSED] - if (debug): null

27-02-2025T17:30:08 - [TEST_STEP][PASSED] - if (myValue.length() >= 4): null

27-02-2025T17:30:08 - [TEST_STEP][PASSED] - if (myValue.substring(0, 4) == "(!) "): null

27-02-2025T17:30:08 - [TEST_STEP][PASSED] - myType = element.getAttribute("type"): null

27-02-2025T17:30:08 - [TEST_STEP][PASSED] - if (myValue in varParms[i]): null

27-02-2025T17:30:08 - [TEST_STEP][PASSED] - else: null

27-02-2025T17:30:08 - [TEST_STEP][PASSED] - inList = false: null

27-02-2025T17:30:08 - [TEST_STEP][PASSED] - if (myType == "checkbox"): null

27-02-2025T17:30:08 - [TEST_STEP][PASSED] - myStatus = element.isSelected(): null

27-02-2025T17:30:08 - [TEST_STEP][PASSED] - if (debug): null

27-02-2025T17:30:08 - [TEST_STEP][PASSED] - if (toggle && myStatus && inList): null

27-02-2025T17:30:08 - [TEST_STEP][PASSED] - if (!(myStatus) && inList || myStatus && !(inList)): null

27-02-2025T17:30:08 - [TEST_STEP][PASSED] - myValue = element.getAttribute("value"): null

27-02-2025T17:30:08 - [TEST_STEP][PASSED] - if (debug): null

27-02-2025T17:30:08 - [TEST_STEP][PASSED] - if (myValue.length() >= 4): null

27-02-2025T17:30:08 - [TEST_STEP][PASSED] - if (myValue.substring(0, 4) == "(!) "): null

27-02-2025T17:30:08 - [TEST_STEP][PASSED] - myValue = myValue.substring(4): null

27-02-2025T17:30:08 - [TEST_STEP][PASSED] - if (debug): null

27-02-2025T17:30:08 - [TEST_STEP][PASSED] - myType = element.getAttribute("type"): null

27-02-2025T17:30:08 - [TEST_STEP][PASSED] - if (myValue in varParms[i]): null

27-02-2025T17:30:08 - [TEST_STEP][PASSED] - else: null

27-02-2025T17:30:08 - [TEST_STEP][PASSED] - inList = false: null

27-02-2025T17:30:08 - [TEST_STEP][PASSED] - if (myType == "checkbox"): null

27-02-2025T17:30:08 - [TEST_STEP][PASSED] - myStatus = element.isSelected(): null

27-02-2025T17:30:08 - [TEST_STEP][PASSED] - if (debug): null

27-02-2025T17:30:08 - [TEST_STEP][PASSED] - if (toggle && myStatus && inList): null

27-02-2025T17:30:08 - [TEST_STEP][PASSED] - if (!(myStatus) && inList || myStatus && !(inList)): null

27-02-2025T17:30:08 - [TEST_STEP][PASSED] - if (debug): null

27-02-2025T17:30:08 - [TEST_STEP][PASSED] - if (varParms[i].indexOf("Europe") >= 0): null

27-02-2025T17:30:08 - [TEST_STEP][PASSED] - elements = driver.findElements(By.xpath(varXpaths[i])): null

27-02-2025T17:30:08 - [TEST_STEP][PASSED] - element_count = elements.size(): null

27-02-2025T17:30:08 - [TEST_STEP][PASSED] - for (def element : elements): null

27-02-2025T17:30:08 - [TEST_STEP][PASSED] - myValue = element.getAttribute("value"): null

27-02-2025T17:30:08 - [TEST_STEP][PASSED] - if (debug): null

27-02-2025T17:30:08 - [TEST_STEP][PASSED] - if (myValue.length() >= 4): null

27-02-2025T17:30:08 - [TEST_STEP][PASSED] - if (myValue.substring(0, 4) == "(!) "): null

27-02-2025T17:30:08 - [TEST_STEP][PASSED] - myType = element.getAttribute("type"): null

27-02-2025T17:30:08 - [TEST_STEP][PASSED] - if (myValue in varParms[i]): null

27-02-2025T17:30:08 - [TEST_STEP][PASSED] - else: null

27-02-2025T17:30:08 - [TEST_STEP][PASSED] - inList = false: null

27-02-2025T17:30:08 - [TEST_STEP][PASSED] - if (myType == "checkbox"): null

27-02-2025T17:30:08 - [TEST_STEP][PASSED] - myStatus = element.isSelected(): null

27-02-2025T17:30:08 - [TEST_STEP][PASSED] - if (debug): null

27-02-2025T17:30:08 - [TEST_STEP][PASSED] - if (toggle && myStatus && inList): null

27-02-2025T17:30:08 - [TEST_STEP][PASSED] - if (!(myStatus) && inList || myStatus && !(inList)): null

27-02-2025T17:30:08 - [TEST_STEP][PASSED] - myValue = element.getAttribute("value"): null

27-02-2025T17:30:08 - [TEST_STEP][PASSED] - if (debug): null

27-02-2025T17:30:08 - [TEST_STEP][PASSED] - if (myValue.length() >= 4): null

27-02-2025T17:30:08 - [TEST_STEP][PASSED] - if (myValue.substring(0, 4) == "(!) "): null

27-02-2025T17:30:08 - [TEST_STEP][PASSED] - myType = element.getAttribute("type"): null

27-02-2025T17:30:08 - [TEST_STEP][PASSED] - if (myValue in varParms[i]): null

27-02-2025T17:30:08 - [TEST_STEP][PASSED] - inList = true: null

27-02-2025T17:30:08 - [TEST_STEP][PASSED] - if (myType == "checkbox"): null

27-02-2025T17:30:08 - [TEST_STEP][PASSED] - myStatus = element.isSelected(): null

27-02-2025T17:30:08 - [TEST_STEP][PASSED] - if (debug): null

27-02-2025T17:30:08 - [TEST_STEP][PASSED] - if (toggle && myStatus && inList): null

27-02-2025T17:30:08 - [TEST_STEP][PASSED] - if (!(myStatus) && inList || myStatus && !(inList)): null

27-02-2025T17:30:08 - [TEST_STEP][PASSED] - if (debug): null

27-02-2025T17:30:08 - [TEST_STEP][PASSED] - println("Clicking " + myValue): null

27-02-2025T17:30:08 - [TEST_STEP][PASSED] - click(element): null

27-02-2025T17:30:08 - [TEST_STEP][PASSED] - scrollToObject(elem): null

27-02-2025T17:30:08 - [TEST_STEP][PASSED] - loc = element.getLocation(): null

27-02-2025T17:30:08 - [TEST_STEP][PASSED] - if (debug): null

27-02-2025T17:30:08 - [TEST_STEP][PASSED] - y = loc.getY(): null

27-02-2025T17:30:08 - [TEST_STEP][PASSED] - println("Y location is " + y): null

27-02-2025T17:30:08 - [TEST_STEP][PASSED] - top = getViewportTopPosition(): Current viewport's top (y) position is 307

27-02-2025T17:30:08 - [MESSAGE][PASSED] - Current viewport's top (y) position is 307

27-02-2025T17:30:08 - [TEST_STEP][PASSED] - println("Viewport top is " + top): null

27-02-2025T17:30:08 - [TEST_STEP][PASSED] - bottom = top + 600: null

27-02-2025T17:30:08 - [TEST_STEP][PASSED] - if (y - top < 150 || bottom - y < 10): null

27-02-2025T17:30:08 - [TEST_STEP][PASSED] - elem.click(): null

27-02-2025T17:30:08 - [TEST_STEP][PASSED] - myValue = element.getAttribute("value"): null

27-02-2025T17:30:08 - [TEST_STEP][PASSED] - if (debug): null

27-02-2025T17:30:08 - [TEST_STEP][PASSED] - if (myValue.length() >= 4): null

27-02-2025T17:30:08 - [TEST_STEP][PASSED] - if (myValue.substring(0, 4) == "(!) "): null

27-02-2025T17:30:08 - [TEST_STEP][PASSED] - myType = element.getAttribute("type"): null

27-02-2025T17:30:08 - [TEST_STEP][PASSED] - if (myValue in varParms[i]): null

27-02-2025T17:30:08 - [TEST_STEP][PASSED] - else: null

27-02-2025T17:30:08 - [TEST_STEP][PASSED] - inList = false: null

27-02-2025T17:30:08 - [TEST_STEP][PASSED] - if (myType == "checkbox"): null

27-02-2025T17:30:08 - [TEST_STEP][PASSED] - myStatus = element.isSelected(): null

27-02-2025T17:30:08 - [TEST_STEP][PASSED] - if (debug): null

27-02-2025T17:30:08 - [TEST_STEP][PASSED] - if (toggle && myStatus && inList): null

27-02-2025T17:30:08 - [TEST_STEP][PASSED] - if (!(myStatus) && inList || myStatus && !(inList)): null

27-02-2025T17:30:08 - [TEST_STEP][PASSED] - myValue = element.getAttribute("value"): null

27-02-2025T17:30:08 - [TEST_STEP][PASSED] - if (debug): null

27-02-2025T17:30:08 - [TEST_STEP][PASSED] - if (myValue.length() >= 4): null

27-02-2025T17:30:08 - [TEST_STEP][PASSED] - if (myValue.substring(0, 4) == "(!) "): null

27-02-2025T17:30:08 - [TEST_STEP][PASSED] - myType = element.getAttribute("type"): null

27-02-2025T17:30:08 - [TEST_STEP][PASSED] - if (myValue in varParms[i]): null

27-02-2025T17:30:08 - [TEST_STEP][PASSED] - else: null

27-02-2025T17:30:08 - [TEST_STEP][PASSED] - inList = false: null

27-02-2025T17:30:08 - [TEST_STEP][PASSED] - if (myType == "checkbox"): null

27-02-2025T17:30:08 - [TEST_STEP][PASSED] - myStatus = element.isSelected(): null

27-02-2025T17:30:08 - [TEST_STEP][PASSED] - if (debug): null

27-02-2025T17:30:08 - [TEST_STEP][PASSED] - if (toggle && myStatus && inList): null

27-02-2025T17:30:08 - [TEST_STEP][PASSED] - if (!(myStatus) && inList || myStatus && !(inList)): null

27-02-2025T17:30:08 - [TEST_STEP][PASSED] - myValue = element.getAttribute("value"): null

27-02-2025T17:30:08 - [TEST_STEP][PASSED] - if (debug): null

27-02-2025T17:30:08 - [TEST_STEP][PASSED] - if (myValue.length() >= 4): null

27-02-2025T17:30:08 - [TEST_STEP][PASSED] - if (myValue.substring(0, 4) == "(!) "): null

27-02-2025T17:30:08 - [TEST_STEP][PASSED] - myValue = myValue.substring(4): null

27-02-2025T17:30:08 - [TEST_STEP][PASSED] - if (debug): null

27-02-2025T17:30:08 - [TEST_STEP][PASSED] - myType = element.getAttribute("type"): null

27-02-2025T17:30:08 - [TEST_STEP][PASSED] - if (myValue in varParms[i]): null

27-02-2025T17:30:08 - [TEST_STEP][PASSED] - else: null

27-02-2025T17:30:08 - [TEST_STEP][PASSED] - inList = false: null

27-02-2025T17:30:08 - [TEST_STEP][PASSED] - if (myType == "checkbox"): null

27-02-2025T17:30:08 - [TEST_STEP][PASSED] - myStatus = element.isSelected(): null

27-02-2025T17:30:08 - [TEST_STEP][PASSED] - if (debug): null

27-02-2025T17:30:08 - [TEST_STEP][PASSED] - if (toggle && myStatus && inList): null

27-02-2025T17:30:08 - [TEST_STEP][PASSED] - if (!(myStatus) && inList || myStatus && !(inList)): null

27-02-2025T17:30:08 - [TEST_STEP][PASSED] - if (debug): null

27-02-2025T17:30:08 - [TEST_STEP][PASSED] - if (varParms[i].indexOf("Europe") >= 0): null

27-02-2025T17:30:08 - [TEST_STEP][PASSED] - elements = driver.findElements(By.xpath(varXpaths[i])): null

27-02-2025T17:30:08 - [TEST_STEP][PASSED] - element_count = elements.size(): null

27-02-2025T17:30:08 - [TEST_STEP][PASSED] - for (def element : elements): null

27-02-2025T17:30:08 - [TEST_STEP][PASSED] - myValue = element.getAttribute("value"): null

27-02-2025T17:30:08 - [TEST_STEP][PASSED] - if (debug): null

27-02-2025T17:30:08 - [TEST_STEP][PASSED] - if (myValue.length() >= 4): null

27-02-2025T17:30:08 - [TEST_STEP][PASSED] - if (myValue.substring(0, 4) == "(!) "): null

27-02-2025T17:30:08 - [TEST_STEP][PASSED] - myType = element.getAttribute("type"): null

27-02-2025T17:30:08 - [TEST_STEP][PASSED] - if (myValue in varParms[i]): null

27-02-2025T17:30:08 - [TEST_STEP][PASSED] - else: null

27-02-2025T17:30:08 - [TEST_STEP][PASSED] - inList = false: null

27-02-2025T17:30:08 - [TEST_STEP][PASSED] - if (myType == "checkbox"): null

27-02-2025T17:30:08 - [TEST_STEP][PASSED] - myStatus = element.isSelected(): null

27-02-2025T17:30:08 - [TEST_STEP][PASSED] - if (debug): null

27-02-2025T17:30:08 - [TEST_STEP][PASSED] - if (toggle && myStatus && inList): null

27-02-2025T17:30:08 - [TEST_STEP][PASSED] - if (!(myStatus) && inList || myStatus && !(inList)): null

27-02-2025T17:30:08 - [TEST_STEP][PASSED] - myValue = element.getAttribute("value"): null

27-02-2025T17:30:08 - [TEST_STEP][PASSED] - if (debug): null

27-02-2025T17:30:08 - [TEST_STEP][PASSED] - if (myValue.length() >= 4): null

27-02-2025T17:30:08 - [TEST_STEP][PASSED] - if (myValue.substring(0, 4) == "(!) "): null

27-02-2025T17:30:08 - [TEST_STEP][PASSED] - myType = element.getAttribute("type"): null

27-02-2025T17:30:08 - [TEST_STEP][PASSED] - if (myValue in varParms[i]): null

27-02-2025T17:30:08 - [TEST_STEP][PASSED] - else: null

27-02-2025T17:30:08 - [TEST_STEP][PASSED] - inList = false: null

27-02-2025T17:30:08 - [TEST_STEP][PASSED] - if (myType == "checkbox"): null

27-02-2025T17:30:08 - [TEST_STEP][PASSED] - myStatus = element.isSelected(): null

27-02-2025T17:30:08 - [TEST_STEP][PASSED] - if (debug): null

27-02-2025T17:30:08 - [TEST_STEP][PASSED] - if (toggle && myStatus && inList): null

27-02-2025T17:30:08 - [TEST_STEP][PASSED] - if (!(myStatus) && inList || myStatus && !(inList)): null

27-02-2025T17:30:08 - [TEST_STEP][PASSED] - myValue = element.getAttribute("value"): null

27-02-2025T17:30:08 - [TEST_STEP][PASSED] - if (debug): null

27-02-2025T17:30:08 - [TEST_STEP][PASSED] - if (myValue.length() >= 4): null

27-02-2025T17:30:08 - [TEST_STEP][PASSED] - if (myValue.substring(0, 4) == "(!) "): null

27-02-2025T17:30:08 - [TEST_STEP][PASSED] - myType = element.getAttribute("type"): null

27-02-2025T17:30:08 - [TEST_STEP][PASSED] - if (myValue in varParms[i]): null

27-02-2025T17:30:08 - [TEST_STEP][PASSED] - else: null

27-02-2025T17:30:08 - [TEST_STEP][PASSED] - inList = false: null

27-02-2025T17:30:08 - [TEST_STEP][PASSED] - if (myType == "checkbox"): null

27-02-2025T17:30:08 - [TEST_STEP][PASSED] - myStatus = element.isSelected(): null

27-02-2025T17:30:08 - [TEST_STEP][PASSED] - if (debug): null

27-02-2025T17:30:08 - [TEST_STEP][PASSED] - if (toggle && myStatus && inList): null

27-02-2025T17:30:08 - [TEST_STEP][PASSED] - if (!(myStatus) && inList || myStatus && !(inList)): null

27-02-2025T17:30:08 - [TEST_STEP][PASSED] - myValue = element.getAttribute("value"): null

27-02-2025T17:30:08 - [TEST_STEP][PASSED] - if (debug): null

27-02-2025T17:30:08 - [TEST_STEP][PASSED] - if (myValue.length() >= 4): null

27-02-2025T17:30:08 - [TEST_STEP][PASSED] - if (myValue.substring(0, 4) == "(!) "): null

27-02-2025T17:30:08 - [TEST_STEP][PASSED] - myType = element.getAttribute("type"): null

27-02-2025T17:30:08 - [TEST_STEP][PASSED] - if (myValue in varParms[i]): null

27-02-2025T17:30:08 - [TEST_STEP][PASSED] - else: null

27-02-2025T17:30:08 - [TEST_STEP][PASSED] - inList = false: null

27-02-2025T17:30:08 - [TEST_STEP][PASSED] - if (myType == "checkbox"): null

27-02-2025T17:30:08 - [TEST_STEP][PASSED] - myStatus = element.isSelected(): null

27-02-2025T17:30:08 - [TEST_STEP][PASSED] - if (debug): null

27-02-2025T17:30:08 - [TEST_STEP][PASSED] - if (toggle && myStatus && inList): null

27-02-2025T17:30:08 - [TEST_STEP][PASSED] - if (!(myStatus) && inList || myStatus && !(inList)): null

27-02-2025T17:30:08 - [TEST_STEP][PASSED] - myValue = element.getAttribute("value"): null

27-02-2025T17:30:08 - [TEST_STEP][PASSED] - if (debug): null

27-02-2025T17:30:08 - [TEST_STEP][PASSED] - if (myValue.length() >= 4): null

27-02-2025T17:30:08 - [TEST_STEP][PASSED] - if (myValue.substring(0, 4) == "(!) "): null

27-02-2025T17:30:08 - [TEST_STEP][PASSED] - myValue = myValue.substring(4): null

27-02-2025T17:30:08 - [TEST_STEP][PASSED] - if (debug): null

27-02-2025T17:30:08 - [TEST_STEP][PASSED] - myType = element.getAttribute("type"): null

27-02-2025T17:30:08 - [TEST_STEP][PASSED] - if (myValue in varParms[i]): null

27-02-2025T17:30:08 - [TEST_STEP][PASSED] - inList = true: null

27-02-2025T17:30:08 - [TEST_STEP][PASSED] - if (myType == "checkbox"): null

27-02-2025T17:30:08 - [TEST_STEP][PASSED] - myStatus = element.isSelected(): null

27-02-2025T17:30:08 - [TEST_STEP][PASSED] - if (debug): null

27-02-2025T17:30:08 - [TEST_STEP][PASSED] - if (toggle && myStatus && inList): null

27-02-2025T17:30:08 - [TEST_STEP][PASSED] - if (!(myStatus) && inList || myStatus && !(inList)): null

27-02-2025T17:30:08 - [TEST_STEP][PASSED] - if (debug): null

27-02-2025T17:30:08 - [TEST_STEP][PASSED] - println("Clicking " + myValue): null

27-02-2025T17:30:08 - [TEST_STEP][PASSED] - click(element): null

27-02-2025T17:30:08 - [TEST_STEP][PASSED] - scrollToObject(elem): null

27-02-2025T17:30:08 - [TEST_STEP][PASSED] - loc = element.getLocation(): null

27-02-2025T17:30:08 - [TEST_STEP][PASSED] - if (debug): null

27-02-2025T17:30:08 - [TEST_STEP][PASSED] - y = loc.getY(): null

27-02-2025T17:30:08 - [TEST_STEP][PASSED] - println("Y location is " + y): null

27-02-2025T17:30:08 - [TEST_STEP][PASSED] - top = getViewportTopPosition(): Current viewport's top (y) position is 307

27-02-2025T17:30:08 - [MESSAGE][PASSED] - Current viewport's top (y) position is 307

27-02-2025T17:30:08 - [TEST_STEP][PASSED] - println("Viewport top is " + top): null

27-02-2025T17:30:08 - [TEST_STEP][PASSED] - bottom = top + 600: null

27-02-2025T17:30:08 - [TEST_STEP][PASSED] - if (y - top < 150 || bottom - y < 10): null

27-02-2025T17:30:08 - [TEST_STEP][PASSED] - elem.click(): null

27-02-2025T17:30:08 - [TEST_STEP][PASSED] - frame.dispose(): null

27-02-2025T17:30:08 - [MESSAGE][PASSED] - Call Test Case 'Test Cases/_Functions/Click on Group Elements' successfully

27-02-2025T17:30:08 - [TEST_STEP][PASSED] - object = "Education Partner Profile/Tabs/Service Options/btn_Complete Submit": null

27-02-2025T17:30:08 - [TEST_STEP][PASSED] - callTestCase(findTestCase("_Functions/Perform Action"), ["varAction":"click", "varObject":object], STOP_ON_FAILURE): Call Test Case 'Test Cases/_Functions/Perform Action' successfully

27-02-2025T17:30:08 - [TEST_CASE][PASSED] - Test Cases/_Functions/Perform Action: Test Cases/_Functions/Perform Action

27-02-2025T17:30:08 - [TEST_STEP][PASSED] - action = varAction: null

27-02-2025T17:30:08 - [TEST_STEP][PASSED] - println(action): null

27-02-2025T17:30:08 - [TEST_STEP][PASSED] - testObject = varObject: null

27-02-2025T17:30:08 - [TEST_STEP][PASSED] - println(testObject): null

27-02-2025T17:30:08 - [TEST_STEP][PASSED] - parm1 = varParm1: null

27-02-2025T17:30:08 - [TEST_STEP][PASSED] - println(parm1): null

27-02-2025T17:30:08 - [TEST_STEP][PASSED] - println("Converting " + testObject + " to web element"): null

27-02-2025T17:30:08 - [TEST_STEP][PASSED] - element = findWebElement(findTestObject(testObject), 1): null

27-02-2025T17:30:08 - [TEST_STEP][PASSED] - loc = element.getLocation(): null

27-02-2025T17:30:08 - [TEST_STEP][PASSED] - y = loc.getY(): null

27-02-2025T17:30:08 - [TEST_STEP][PASSED] - println("Y location is " + y): null

27-02-2025T17:30:08 - [TEST_STEP][PASSED] - top = getViewportTopPosition(): Current viewport's top (y) position is 307

27-02-2025T17:30:08 - [MESSAGE][PASSED] - Current viewport's top (y) position is 307

27-02-2025T17:30:08 - [TEST_STEP][PASSED] - println("Viewport top is " + top): null

27-02-2025T17:30:08 - [TEST_STEP][PASSED] - bottom = top + 600: null

27-02-2025T17:30:08 - [TEST_STEP][PASSED] - if (y - top < 150 || bottom - y < 10): null

27-02-2025T17:30:08 - [TEST_STEP][PASSED] - if (action == "click"): Object: 'Object Repository/Education Partner Profile/Tabs/Service Options/btn_Complete Submit' is clicked on

27-02-2025T17:30:08 - [TEST_STEP][PASSED] - println("clicking"): null

27-02-2025T17:30:08 - [TEST_STEP][PASSED] - click(findTestObject(testObject)): Object: 'Object Repository/Education Partner Profile/Tabs/Service Options/btn_Complete Submit' is clicked on

27-02-2025T17:30:11 - [MESSAGE][PASSED] - Object: 'Object Repository/Education Partner Profile/Tabs/Service Options/btn_Complete Submit' is clicked on

27-02-2025T17:30:11 - [MESSAGE][PASSED] - Call Test Case 'Test Cases/_Functions/Perform Action' successfully

27-02-2025T17:30:11 - [MESSAGE][PASSED] - Call Test Case 'Test Cases/Education Partner Profile/Tabs/Set Service Options' successfully

27-02-2025T17:30:11 - [TEST_STEP][PASSED] - if (pages.size() == 0 || "All" in pages || "Readiness" in pages): Call Test Case 'Test Cases/Education Partner Profile/Tabs/Set Readiness' successfully

27-02-2025T17:30:11 - [TEST_STEP][PASSED] - process_stage = ["I am actively investigating missions", "I am ready to select a ministry"]: null

27-02-2025T17:30:11 - [TEST_STEP][PASSED] - cross_cultural = ["Not served in a culture other than my own", "Occasionally served in cultures other than my own", "Extensive experience serving in cultures other than my own"]: null

27-02-2025T17:30:11 - [TEST_STEP][PASSED] - bible_training = ["Some Bible school classes", "Bible school degree or equivalent"]: null

27-02-2025T17:30:11 - [TEST_STEP][PASSED] - perspectives = ["I have not taken the Perspectives Course", "I am planning to take the Perspectives Course", "I have taken or am taking the Perspectives Course"]: null

27-02-2025T17:30:11 - [TEST_STEP][PASSED] - missions_experience = ["I have attended a missions event", "I have taken a short-term missions trip", "I have served in ministry or missions full-time", "None of the above"]: null

27-02-2025T17:30:11 - [TEST_STEP][PASSED] - relocation = ["I am willing to relocate within North America", "I am willing to relocate overseas"]: null

27-02-2025T17:30:11 - [TEST_STEP][PASSED] - callTestCase(findTestCase("Education Partner Profile/Tabs/Set Readiness"), ["varProcess_stage":process_stage, "varCross_cultural":cross_cultural, "varBible_training":bible_training, "varPerspectives":perspectives, ... ], OPTIONAL): Call Test Case 'Test Cases/Education Partner Profile/Tabs/Set Readiness' successfully

27-02-2025T17:30:11 - [TEST_CASE][PASSED] - Test Cases/Education Partner Profile/Tabs/Set Readiness: Test Cases/Education Partner Profile/Tabs/Set Readiness

27-02-2025T17:30:11 - [TEST_STEP][PASSED] - username = username: null

27-02-2025T17:30:11 - [TEST_STEP][PASSED] - if (username != "cktest06ep"): null

27-02-2025T17:30:11 - [TEST_STEP][PASSED] - domain = domain: null

27-02-2025T17:30:11 - [TEST_STEP][PASSED] - writeFile = false: null

27-02-2025T17:30:11 - [TEST_STEP][PASSED] - testName = "Education Partner Readiness Tab": null

27-02-2025T17:30:11 - [TEST_STEP][PASSED] - outFile = callTestCase(findTestCase("_Functions/Set Output File"), ["varTestName":testName], STOP_ON_FAILURE): Call Test Case 'Test Cases/_Functions/Set Output File' successfully

27-02-2025T17:30:11 - [TEST_CASE][PASSED] - Test Cases/_Functions/Set Output File: Test Cases/_Functions/Set Output File

27-02-2025T17:30:11 - [TEST_STEP][PASSED] - testName = varTestName: null

27-02-2025T17:30:11 - [TEST_STEP][PASSED] - domain = domain: null

27-02-2025T17:30:11 - [TEST_STEP][PASSED] - writeFile = false: null

27-02-2025T17:30:11 - [TEST_STEP][PASSED] - if (outFile != ""): null

27-02-2025T17:30:11 - [TEST_STEP][PASSED] - myFile = outFile: null

27-02-2025T17:30:11 - [TEST_STEP][PASSED] - println(myFile): null

27-02-2025T17:30:11 - [TEST_STEP][PASSED] - outFile = new java.io.File(myFile): null

27-02-2025T17:30:11 - [TEST_STEP][PASSED] - writeFile = true: null

27-02-2025T17:30:11 - [TEST_STEP][PASSED] - if (!(writeFile)): null

27-02-2025T17:30:11 - [TEST_STEP][PASSED] - else: null

27-02-2025T17:30:11 - [TEST_STEP][PASSED] - outFile.append("
Testing " + testName + " on " + domain + ".
"): null

27-02-2025T17:30:11 - [TEST_STEP][PASSED] - return outFile: null

27-02-2025T17:30:11 - [MESSAGE][PASSED] - Call Test Case 'Test Cases/_Functions/Set Output File' successfully

27-02-2025T17:30:11 - [TEST_STEP][PASSED] - parms = [varProcess_stage, varCross_cultural, varBible_training, varPerspectives, varMissions_experience, varRelocation]: null

27-02-2025T17:30:11 - [TEST_STEP][PASSED] - process_stage = "//input[@id='profile_group-1456436491.551_candidate_process_stages']": null

27-02-2025T17:30:11 - [TEST_STEP][PASSED] - cross_cultural = "//input[@id='profile_group-1456436491.551_cross-cultural_experience']": null

27-02-2025T17:30:11 - [TEST_STEP][PASSED] - bible_training = "//*[@id='profile_group-1456436491.551_bible_school_training']": null

27-02-2025T17:30:11 - [TEST_STEP][PASSED] - perspectives = "//*[@id='profile_group-1456436491.551_attended_perspectives?']": null

27-02-2025T17:30:11 - [TEST_STEP][PASSED] - missions_experience = "//input[@id='profile_group-1456436491.551_missions_exposure']": null

27-02-2025T17:30:11 - [TEST_STEP][PASSED] - relocation = "//input[@id='profile_group-1456436491.551_relocation_question']": null

27-02-2025T17:30:11 - [TEST_STEP][PASSED] - xpaths = [process_stage, cross_cultural, bible_training, perspectives, missions_experience, relocation]: null

27-02-2025T17:30:11 - [TEST_STEP][PASSED] - tooltipImagePath = "/Users/cckozie/git/MissionNext-Katalon-Koz/images/education partner/tabs/readiness/": null

27-02-2025T17:30:11 - [TEST_STEP][PASSED] - testObjectFolder = "Education Partner Profile/Tabs/Readiness/": null

27-02-2025T17:30:11 - [TEST_STEP][PASSED] - tooltips = ["dummy":"dummy", "Process Stage":"img_Process Stage_field-tooltip", "Cross-cultural Experience":"img_Cross-cultural Experience_field-tooltip", ... ]: null

27-02-2025T17:30:11 - [TEST_STEP][PASSED] - tooltipText = ["Process Stage":"Candidates are asked where they are in the exploration process. The first choice, beginning, matches all candidates. ", "Cross-cultural Experience":"Select those that would be acceptable for most positions. The first choice will match all candidates.", ... ]: null

27-02-2025T17:30:11 - [TEST_STEP][PASSED] - requiredFieldMsgs = ["Process Stage":"The candidate process stages field is required.", "Bible Training":"The bible school training field is required.", ... ]: null

27-02-2025T17:30:11 - [TEST_STEP][PASSED] - click(findTestObject("Object Repository/Education Partner Profile/Tabs/a_Readiness")): Object: 'Object Repository/Education Partner Profile/Tabs/a_Readiness' is clicked on

27-02-2025T17:30:12 - [MESSAGE][PASSED] - Object: 'Object Repository/Education Partner Profile/Tabs/a_Readiness' is clicked on

27-02-2025T17:30:12 - [TEST_STEP][PASSED] - tooltipTextMap = callTestCase(findTestCase("_Functions/Get Screenshot and Tooltip Text"), ["varExtension":testName], STOP_ON_FAILURE): Call Test Case 'Test Cases/_Functions/Get Screenshot and Tooltip Text' successfully

27-02-2025T17:30:12 - [TEST_CASE][PASSED] - Test Cases/_Functions/Get Screenshot and Tooltip Text: Test Cases/_Functions/Get Screenshot and Tooltip Text

27-02-2025T17:30:12 - [TEST_STEP][PASSED] - if (fastPath): null

27-02-2025T17:30:12 - [TEST_STEP][PASSED] - frame = new javax.swing.JFrame(): null

27-02-2025T17:30:12 - [TEST_STEP][PASSED] - p = new javax.swing.JPanel(): null

27-02-2025T17:30:12 - [TEST_STEP][PASSED] - l = new javax.swing.JLabel(Getting screenshot and tooltip text..., javax.swing.SwingConstants.CENTER): null

27-02-2025T17:30:12 - [TEST_STEP][PASSED] - frame.add(l): null

27-02-2025T17:30:12 - [TEST_STEP][PASSED] - frame.setSize(300, 100): null

27-02-2025T17:30:12 - [TEST_STEP][PASSED] - frame.setLocation(600, 0): null

27-02-2025T17:30:12 - [TEST_STEP][PASSED] - frame.setAlwaysOnTop(true): null

27-02-2025T17:30:12 - [TEST_STEP][PASSED] - frame.show(): null

27-02-2025T17:30:12 - [TEST_STEP][PASSED] - driver = getWebDriver(): null

27-02-2025T17:30:12 - [TEST_STEP][PASSED] - path = "/Users/cckozie/Documents/MissionNext/Screenshots and Tooltip Text/": null

27-02-2025T17:30:12 - [TEST_STEP][PASSED] - if (binding.hasVariable("varExtension")): null

27-02-2025T17:30:12 - [TEST_STEP][PASSED] - extension = varExtension: null

27-02-2025T17:30:12 - [TEST_STEP][PASSED] - println("Extension is " + extension): null

27-02-2025T17:30:12 - [TEST_STEP][PASSED] - fileBase = path + extension: null

27-02-2025T17:30:12 - [TEST_STEP][PASSED] - fileImage = fileBase + "_Screenshot.png": null

27-02-2025T17:30:12 - [TEST_STEP][PASSED] - waitForPageLoad(30): Wait for page load successfully

27-02-2025T17:30:12 - [MESSAGE][PASSED] - Wait for page load successfully

27-02-2025T17:30:12 - [TEST_STEP][PASSED] - spinner = driver.findElement(By.xpath("/html/body/div[1]/div/div[2]")): null

27-02-2025T17:30:12 - [TEST_STEP][PASSED] - executor = driver: null

27-02-2025T17:30:12 - [TEST_STEP][PASSED] - elementAttributes = executor.executeScript("var items = {}; for (index = 0; index < arguments[0].attributes.length; ++index) { items[arguments[0].attributes[index].name] = arguments[0].attributes[index].value }; return items;", spinner): null

27-02-2025T17:30:12 - [TEST_STEP][PASSED] - attrs = elementAttributes.toString(): null

27-02-2025T17:30:12 - [TEST_STEP][PASSED] - waits = 0: null

27-02-2025T17:30:12 - [TEST_STEP][PASSED] - while (attrs.indexOf("display: none") < 0 && waits < 2): null

27-02-2025T17:30:12 - [TEST_STEP][PASSED] - tooltipMap = callTestCase(findTestCase("_Functions/Get Tooltip Text"), [:], STOP_ON_FAILURE): Call Test Case 'Test Cases/_Functions/Get Tooltip Text' successfully

27-02-2025T17:30:12 - [TEST_CASE][PASSED] - Test Cases/_Functions/Get Tooltip Text: Test Cases/_Functions/Get Tooltip Text

27-02-2025T17:30:12 - [TEST_STEP][PASSED] - fieldTooltips = [:]: null

27-02-2025T17:30:12 - [TEST_STEP][PASSED] - tooltipMap = [:]: null

27-02-2025T17:30:12 - [TEST_STEP][PASSED] - driver = getWebDriver(): null

27-02-2025T17:30:12 - [TEST_STEP][PASSED] - tooltips = driver.findElements(By.className("field-tooltip")): null

27-02-2025T17:30:12 - [TEST_STEP][PASSED] - for (def it : tooltips): null

27-02-2025T17:30:12 - [TEST_STEP][PASSED] - if (it.isDisplayed()): null

27-02-2025T17:30:12 - [TEST_STEP][PASSED] - if (it.isDisplayed()): null

27-02-2025T17:30:12 - [TEST_STEP][PASSED] - if (it.isDisplayed()): null

27-02-2025T17:30:12 - [TEST_STEP][PASSED] - if (it.isDisplayed()): null

27-02-2025T17:30:12 - [TEST_STEP][PASSED] - if (it.isDisplayed()): null

27-02-2025T17:30:12 - [TEST_STEP][PASSED] - if (it.isDisplayed()): null

27-02-2025T17:30:12 - [TEST_STEP][PASSED] - if (it.isDisplayed()): null

27-02-2025T17:30:12 - [TEST_STEP][PASSED] - if (it.isDisplayed()): null

27-02-2025T17:30:12 - [TEST_STEP][PASSED] - if (it.isDisplayed()): null

27-02-2025T17:30:12 - [TEST_STEP][PASSED] - if (it.isDisplayed()): null

27-02-2025T17:30:12 - [TEST_STEP][PASSED] - if (it.isDisplayed()): null

27-02-2025T17:30:12 - [TEST_STEP][PASSED] - if (it.isDisplayed()): null

27-02-2025T17:30:12 - [TEST_STEP][PASSED] - if (it.isDisplayed()): null

27-02-2025T17:30:12 - [TEST_STEP][PASSED] - if (it.isDisplayed()): null

27-02-2025T17:30:12 - [TEST_STEP][PASSED] - if (it.isDisplayed()): null

27-02-2025T17:30:12 - [TEST_STEP][PASSED] - if (it.isDisplayed()): null

27-02-2025T17:30:12 - [TEST_STEP][PASSED] - ttText = it.getAttribute("data-original-title"): null

27-02-2025T17:30:12 - [TEST_STEP][PASSED] - ttLocation = it.getLocation(): null

27-02-2025T17:30:12 - [TEST_STEP][PASSED] - yLocation = ttLocation.getY(): null

27-02-2025T17:30:12 - [TEST_STEP][PASSED] - xLocation = ttLocation.getX(): null

27-02-2025T17:30:12 - [TEST_STEP][PASSED] - fieldTooltips.put(ttText, yLocation): null

27-02-2025T17:30:12 - [TEST_STEP][PASSED] - if (it.isDisplayed()): null

27-02-2025T17:30:12 - [TEST_STEP][PASSED] - ttText = it.getAttribute("data-original-title"): null

27-02-2025T17:30:12 - [TEST_STEP][PASSED] - ttLocation = it.getLocation(): null

27-02-2025T17:30:12 - [TEST_STEP][PASSED] - yLocation = ttLocation.getY(): null

27-02-2025T17:30:12 - [TEST_STEP][PASSED] - xLocation = ttLocation.getX(): null

27-02-2025T17:30:12 - [TEST_STEP][PASSED] - fieldTooltips.put(ttText, yLocation): null

27-02-2025T17:30:12 - [TEST_STEP][PASSED] - if (it.isDisplayed()): null

27-02-2025T17:30:12 - [TEST_STEP][PASSED] - ttText = it.getAttribute("data-original-title"): null

27-02-2025T17:30:12 - [TEST_STEP][PASSED] - ttLocation = it.getLocation(): null

27-02-2025T17:30:12 - [TEST_STEP][PASSED] - yLocation = ttLocation.getY(): null

27-02-2025T17:30:12 - [TEST_STEP][PASSED] - xLocation = ttLocation.getX(): null

27-02-2025T17:30:12 - [TEST_STEP][PASSED] - fieldTooltips.put(ttText, yLocation): null

27-02-2025T17:30:12 - [TEST_STEP][PASSED] - if (it.isDisplayed()): null

27-02-2025T17:30:12 - [TEST_STEP][PASSED] - ttText = it.getAttribute("data-original-title"): null

27-02-2025T17:30:12 - [TEST_STEP][PASSED] - ttLocation = it.getLocation(): null

27-02-2025T17:30:12 - [TEST_STEP][PASSED] - yLocation = ttLocation.getY(): null

27-02-2025T17:30:12 - [TEST_STEP][PASSED] - xLocation = ttLocation.getX(): null

27-02-2025T17:30:12 - [TEST_STEP][PASSED] - fieldTooltips.put(ttText, yLocation): null

27-02-2025T17:30:12 - [TEST_STEP][PASSED] - if (it.isDisplayed()): null

27-02-2025T17:30:12 - [TEST_STEP][PASSED] - ttText = it.getAttribute("data-original-title"): null

27-02-2025T17:30:12 - [TEST_STEP][PASSED] - ttLocation = it.getLocation(): null

27-02-2025T17:30:12 - [TEST_STEP][PASSED] - yLocation = ttLocation.getY(): null

27-02-2025T17:30:12 - [TEST_STEP][PASSED] - xLocation = ttLocation.getX(): null

27-02-2025T17:30:12 - [TEST_STEP][PASSED] - fieldTooltips.put(ttText, yLocation): null

27-02-2025T17:30:12 - [TEST_STEP][PASSED] - if (it.isDisplayed()): null

27-02-2025T17:30:12 - [TEST_STEP][PASSED] - ttText = it.getAttribute("data-original-title"): null

27-02-2025T17:30:12 - [TEST_STEP][PASSED] - ttLocation = it.getLocation(): null

27-02-2025T17:30:12 - [TEST_STEP][PASSED] - yLocation = ttLocation.getY(): null

27-02-2025T17:30:12 - [TEST_STEP][PASSED] - xLocation = ttLocation.getX(): null

27-02-2025T17:30:12 - [TEST_STEP][PASSED] - fieldTooltips.put(ttText, yLocation): null

27-02-2025T17:30:12 - [TEST_STEP][PASSED] - if (it.isDisplayed()): null

27-02-2025T17:30:12 - [TEST_STEP][PASSED] - if (it.isDisplayed()): null

27-02-2025T17:30:12 - [TEST_STEP][PASSED] - if (it.isDisplayed()): null

27-02-2025T17:30:12 - [TEST_STEP][PASSED] - if (it.isDisplayed()): null

27-02-2025T17:30:12 - [TEST_STEP][PASSED] - if (it.isDisplayed()): null

27-02-2025T17:30:12 - [TEST_STEP][PASSED] - if (it.isDisplayed()): null

27-02-2025T17:30:12 - [TEST_STEP][PASSED] - if (it.isDisplayed()): null

27-02-2025T17:30:12 - [TEST_STEP][PASSED] - if (fieldTooltips.size() > 0): null

27-02-2025T17:30:12 - [TEST_STEP][PASSED] - rightBorder = xLocation: null

27-02-2025T17:30:12 - [TEST_STEP][PASSED] - fieldLabels = [:]: null

27-02-2025T17:30:12 - [TEST_STEP][PASSED] - labels = driver.findElements(By.xpath("//label")): null

27-02-2025T17:30:12 - [TEST_STEP][PASSED] - labels.each({ -> ... }): null

27-02-2025T17:30:13 - [TEST_STEP][PASSED] - for (def label : fieldLabels): null

27-02-2025T17:30:13 - [TEST_STEP][PASSED] - y = value: null

27-02-2025T17:30:13 - [TEST_STEP][PASSED] - for (def tooltip : fieldTooltips): null

27-02-2025T17:30:13 - [TEST_STEP][PASSED] - if (value == y || value == y + 1 || value == y - 1): null

27-02-2025T17:30:13 - [TEST_STEP][PASSED] - if (value == y || value == y + 1 || value == y - 1): null

27-02-2025T17:30:13 - [TEST_STEP][PASSED] - if (value == y || value == y + 1 || value == y - 1): null

27-02-2025T17:30:13 - [TEST_STEP][PASSED] - if (value == y || value == y + 1 || value == y - 1): null

27-02-2025T17:30:13 - [TEST_STEP][PASSED] - if (value == y || value == y + 1 || value == y - 1): null

27-02-2025T17:30:13 - [TEST_STEP][PASSED] - if (value == y || value == y + 1 || value == y - 1): null

27-02-2025T17:30:13 - [TEST_STEP][PASSED] - y = value: null

27-02-2025T17:30:13 - [TEST_STEP][PASSED] - for (def tooltip : fieldTooltips): null

27-02-2025T17:30:13 - [TEST_STEP][PASSED] - if (value == y || value == y + 1 || value == y - 1): null

27-02-2025T17:30:13 - [TEST_STEP][PASSED] - tooltipMap.put(key, key): null

27-02-2025T17:30:13 - [TEST_STEP][PASSED] - break: null

27-02-2025T17:30:13 - [TEST_STEP][PASSED] - y = value: null

27-02-2025T17:30:13 - [TEST_STEP][PASSED] - for (def tooltip : fieldTooltips): null

27-02-2025T17:30:13 - [TEST_STEP][PASSED] - if (value == y || value == y + 1 || value == y - 1): null

27-02-2025T17:30:13 - [TEST_STEP][PASSED] - if (value == y || value == y + 1 || value == y - 1): null

27-02-2025T17:30:13 - [TEST_STEP][PASSED] - tooltipMap.put(key, key): null

27-02-2025T17:30:13 - [TEST_STEP][PASSED] - break: null

27-02-2025T17:30:13 - [TEST_STEP][PASSED] - y = value: null

27-02-2025T17:30:13 - [TEST_STEP][PASSED] - for (def tooltip : fieldTooltips): null

27-02-2025T17:30:13 - [TEST_STEP][PASSED] - if (value == y || value == y + 1 || value == y - 1): null

27-02-2025T17:30:13 - [TEST_STEP][PASSED] - if (value == y || value == y + 1 || value == y - 1): null

27-02-2025T17:30:13 - [TEST_STEP][PASSED] - if (value == y || value == y + 1 || value == y - 1): null

27-02-2025T17:30:13 - [TEST_STEP][PASSED] - tooltipMap.put(key, key): null

27-02-2025T17:30:13 - [TEST_STEP][PASSED] - break: null

27-02-2025T17:30:13 - [TEST_STEP][PASSED] - y = value: null

27-02-2025T17:30:13 - [TEST_STEP][PASSED] - for (def tooltip : fieldTooltips): null

27-02-2025T17:30:13 - [TEST_STEP][PASSED] - if (value == y || value == y + 1 || value == y - 1): null

27-02-2025T17:30:13 - [TEST_STEP][PASSED] - if (value == y || value == y + 1 || value == y - 1): null

27-02-2025T17:30:13 - [TEST_STEP][PASSED] - if (value == y || value == y + 1 || value == y - 1): null

27-02-2025T17:30:13 - [TEST_STEP][PASSED] - if (value == y || value == y + 1 || value == y - 1): null

27-02-2025T17:30:13 - [TEST_STEP][PASSED] - tooltipMap.put(key, key): null

27-02-2025T17:30:13 - [TEST_STEP][PASSED] - break: null

27-02-2025T17:30:13 - [TEST_STEP][PASSED] - y = value: null

27-02-2025T17:30:13 - [TEST_STEP][PASSED] - for (def tooltip : fieldTooltips): null

27-02-2025T17:30:13 - [TEST_STEP][PASSED] - if (value == y || value == y + 1 || value == y - 1): null

27-02-2025T17:30:13 - [TEST_STEP][PASSED] - if (value == y || value == y + 1 || value == y - 1): null

27-02-2025T17:30:13 - [TEST_STEP][PASSED] - if (value == y || value == y + 1 || value == y - 1): null

27-02-2025T17:30:13 - [TEST_STEP][PASSED] - if (value == y || value == y + 1 || value == y - 1): null

27-02-2025T17:30:13 - [TEST_STEP][PASSED] - if (value == y || value == y + 1 || value == y - 1): null

27-02-2025T17:30:13 - [TEST_STEP][PASSED] - tooltipMap.put(key, key): null

27-02-2025T17:30:13 - [TEST_STEP][PASSED] - break: null

27-02-2025T17:30:13 - [TEST_STEP][PASSED] - y = value: null

27-02-2025T17:30:13 - [TEST_STEP][PASSED] - for (def tooltip : fieldTooltips): null

27-02-2025T17:30:13 - [TEST_STEP][PASSED] - if (value == y || value == y + 1 || value == y - 1): null

27-02-2025T17:30:13 - [TEST_STEP][PASSED] - if (value == y || value == y + 1 || value == y - 1): null

27-02-2025T17:30:13 - [TEST_STEP][PASSED] - if (value == y || value == y + 1 || value == y - 1): null

27-02-2025T17:30:13 - [TEST_STEP][PASSED] - if (value == y || value == y + 1 || value == y - 1): null

27-02-2025T17:30:13 - [TEST_STEP][PASSED] - if (value == y || value == y + 1 || value == y - 1): null

27-02-2025T17:30:13 - [TEST_STEP][PASSED] - if (value == y || value == y + 1 || value == y - 1): null

27-02-2025T17:30:13 - [TEST_STEP][PASSED] - tooltipMap.put(key, key): null

27-02-2025T17:30:13 - [TEST_STEP][PASSED] - break: null

27-02-2025T17:30:13 - [TEST_STEP][PASSED] - return tooltipMap: null

27-02-2025T17:30:13 - [MESSAGE][PASSED] - Call Test Case 'Test Cases/_Functions/Get Tooltip Text' successfully

27-02-2025T17:30:13 - [TEST_STEP][PASSED] - if (tooltipMap.size() > 0): null

27-02-2025T17:30:13 - [TEST_STEP][PASSED] - file = fileBase + "_Tooltips.csv": null

27-02-2025T17:30:13 - [TEST_STEP][PASSED] - outText = "FIELD LABEL" + "," + "TOOLTIP TEXT" + "

": null

27-02-2025T17:30:13 - [TEST_STEP][PASSED] - for (def it : tooltipMap): null

27-02-2025T17:30:13 - [TEST_STEP][PASSED] - name = key: null

27-02-2025T17:30:13 - [TEST_STEP][PASSED] - value = value.replace("
", ""): null

27-02-2025T17:30:13 - [TEST_STEP][PASSED] - value = value.trim(): null

27-02-2025T17:30:13 - [TEST_STEP][PASSED] - value = """ + value + """: null

27-02-2025T17:30:13 - [TEST_STEP][PASSED] - outText = outText + name + "," + value: null

27-02-2025T17:30:13 - [TEST_STEP][PASSED] - outText = outText + "
": null

27-02-2025T17:30:13 - [TEST_STEP][PASSED] - println(outText): null

27-02-2025T17:30:13 - [TEST_STEP][PASSED] - name = key: null

27-02-2025T17:30:13 - [TEST_STEP][PASSED] - value = value.replace("
", ""): null

27-02-2025T17:30:13 - [TEST_STEP][PASSED] - value = value.trim(): null

27-02-2025T17:30:13 - [TEST_STEP][PASSED] - value = """ + value + """: null

27-02-2025T17:30:13 - [TEST_STEP][PASSED] - outText = outText + name + "," + value: null

27-02-2025T17:30:13 - [TEST_STEP][PASSED] - outText = outText + "
": null

27-02-2025T17:30:13 - [TEST_STEP][PASSED] - println(outText): null

27-02-2025T17:30:13 - [TEST_STEP][PASSED] - name = key: null

27-02-2025T17:30:13 - [TEST_STEP][PASSED] - value = value.replace("
", ""): null

27-02-2025T17:30:13 - [TEST_STEP][PASSED] - value = value.trim(): null

27-02-2025T17:30:13 - [TEST_STEP][PASSED] - value = """ + value + """: null

27-02-2025T17:30:13 - [TEST_STEP][PASSED] - outText = outText + name + "," + value: null

27-02-2025T17:30:13 - [TEST_STEP][PASSED] - outText = outText + "
": null

27-02-2025T17:30:13 - [TEST_STEP][PASSED] - println(outText): null

27-02-2025T17:30:13 - [TEST_STEP][PASSED] - name = key: null

27-02-2025T17:30:13 - [TEST_STEP][PASSED] - value = value.replace("
", ""): null

27-02-2025T17:30:13 - [TEST_STEP][PASSED] - value = value.trim(): null

27-02-2025T17:30:13 - [TEST_STEP][PASSED] - value = """ + value + """: null

27-02-2025T17:30:13 - [TEST_STEP][PASSED] - outText = outText + name + "," + value: null

27-02-2025T17:30:13 - [TEST_STEP][PASSED] - outText = outText + "
": null

27-02-2025T17:30:13 - [TEST_STEP][PASSED] - println(outText): null

27-02-2025T17:30:13 - [TEST_STEP][PASSED] - name = key: null

27-02-2025T17:30:13 - [TEST_STEP][PASSED] - value = value.replace("
", ""): null

27-02-2025T17:30:13 - [TEST_STEP][PASSED] - value = value.trim(): null

27-02-2025T17:30:13 - [TEST_STEP][PASSED] - value = """ + value + """: null

27-02-2025T17:30:13 - [TEST_STEP][PASSED] - outText = outText + name + "," + value: null

27-02-2025T17:30:13 - [TEST_STEP][PASSED] - outText = outText + "
": null

27-02-2025T17:30:13 - [TEST_STEP][PASSED] - println(outText): null

27-02-2025T17:30:13 - [TEST_STEP][PASSED] - name = key: null

27-02-2025T17:30:13 - [TEST_STEP][PASSED] - value = value.replace("
", ""): null

27-02-2025T17:30:13 - [TEST_STEP][PASSED] - value = value.trim(): null

27-02-2025T17:30:13 - [TEST_STEP][PASSED] - value = """ + value + """: null

27-02-2025T17:30:13 - [TEST_STEP][PASSED] - outText = outText + name + "," + value: null

27-02-2025T17:30:13 - [TEST_STEP][PASSED] - outText = outText + "
": null

27-02-2025T17:30:13 - [TEST_STEP][PASSED] - println(outText): null

27-02-2025T17:30:13 - [TEST_STEP][PASSED] - outFile = new java.io.File(file): null

27-02-2025T17:30:13 - [TEST_STEP][PASSED] - println(outText): null

27-02-2025T17:30:13 - [TEST_STEP][PASSED] - outFile.write(outText): null

27-02-2025T17:30:13 - [TEST_STEP][PASSED] - takeFullPageScreenshot(fileImage): Taking screenshot successfully

27-02-2025T17:30:14 - [MESSAGE][INFO] - 0 hidden object(s)

27-02-2025T17:30:14 - [MESSAGE][PASSED] - Taking screenshot successfully
[[ATTACHMENT|/Users/cckozie/Documents/MissionNext/Screenshots and Tooltip Text/Education Partner Readiness Tab_Screenshot.png]]

27-02-2025T17:30:14 - [TEST_STEP][PASSED] - frame.dispose(): null

27-02-2025T17:30:14 - [TEST_STEP][PASSED] - return tooltipMap: null

27-02-2025T17:30:14 - [MESSAGE][PASSED] - Call Test Case 'Test Cases/_Functions/Get Screenshot and Tooltip Text' successfully

27-02-2025T17:30:14 - [TEST_STEP][PASSED] - callTestCase(findTestCase("_Functions/Test Tooltips"), ["varTooltipImagePath":tooltipImagePath, "varTooltips":tooltips, "varTooltipText":tooltipText, "varTestObjectFolder":testObjectFolder, ... ], STOP_ON_FAILURE): Call Test Case 'Test Cases/_Functions/Test Tooltips' successfully

27-02-2025T17:30:14 - [TEST_CASE][PASSED] - Test Cases/_Functions/Test Tooltips: Test Cases/_Functions/Test Tooltips

27-02-2025T17:30:14 - [TEST_STEP][PASSED] - if (fastPath): null

27-02-2025T17:30:14 - [TEST_STEP][PASSED] - tooltipImagePath = varTooltipImagePath: null

27-02-2025T17:30:14 - [TEST_STEP][PASSED] - tooltips = varTooltips: null

27-02-2025T17:30:14 - [TEST_STEP][PASSED] - tooltipText = varTooltipText: null

27-02-2025T17:30:14 - [TEST_STEP][PASSED] - testObjectFolder = varTestObjectFolder: null

27-02-2025T17:30:14 - [TEST_STEP][PASSED] - tooltipTextMap = varTooltipTextMap: null

27-02-2025T17:30:14 - [TEST_STEP][PASSED] - writeFile = false: null

27-02-2025T17:30:14 - [TEST_STEP][PASSED] - if (outFile != ""): null

27-02-2025T17:30:14 - [TEST_STEP][PASSED] - myFile = outFile: null

27-02-2025T17:30:14 - [TEST_STEP][PASSED] - println(myFile): null

27-02-2025T17:30:14 - [TEST_STEP][PASSED] - outFile = new java.io.File(myFile): null

27-02-2025T17:30:14 - [TEST_STEP][PASSED] - writeFile = true: null

27-02-2025T17:30:14 - [TEST_STEP][PASSED] - driver = getWebDriver(): null

27-02-2025T17:30:14 - [TEST_STEP][PASSED] - action = new org.openqa.selenium.interactions.Actions(driver): null

27-02-2025T17:30:14 - [TEST_STEP][PASSED] - s = new org.sikuli.script.Screen(): null

27-02-2025T17:30:14 - [TEST_STEP][PASSED] - outText = "Verifying the tooltips can be displayed.
": null

27-02-2025T17:30:14 - [TEST_STEP][PASSED] - outFile.append(outText): null

27-02-2025T17:30:14 - [TEST_STEP][PASSED] - first = true: null

27-02-2025T17:30:14 - [TEST_STEP][PASSED] - for (def it : tooltips): null

27-02-2025T17:30:14 - [TEST_STEP][PASSED] - myKey = key: null

27-02-2025T17:30:14 - [TEST_STEP][PASSED] - myValue = value: null

27-02-2025T17:30:14 - [TEST_STEP][PASSED] - println("myKey is " + myKey): null

27-02-2025T17:30:14 - [TEST_STEP][PASSED] - println("myValue is " + myValue): null

27-02-2025T17:30:14 - [TEST_STEP][PASSED] - if (myKey != "dummy"): null

27-02-2025T17:30:14 - [TEST_STEP][PASSED] - else: null

27-02-2025T17:30:14 - [TEST_STEP][PASSED] - myImage = "/Users/cckozie/git/MissionNext-Katalon-Koz/images/dummy.png": null

27-02-2025T17:30:14 - [TEST_STEP][PASSED] - f = new java.io.File(myImage): null

27-02-2025T17:30:14 - [TEST_STEP][PASSED] - if (f.exists()): null

27-02-2025T17:30:14 - [TEST_STEP][PASSED] - println("Looking for " + myImage): null

27-02-2025T17:30:14 - [TEST_STEP][PASSED] - icn = Pattern(myImage).similar(0.10): null

27-02-2025T17:30:14 - [TEST_STEP][PASSED] - found = s.exists(icn): null

27-02-2025T17:30:18 - [TEST_STEP][PASSED] - println(found): null

27-02-2025T17:30:18 - [TEST_STEP][PASSED] - if (found != null): null

27-02-2025T17:30:18 - [TEST_STEP][PASSED] - else: null

27-02-2025T17:30:18 - [TEST_STEP][PASSED] - if (myKey != "dummy"): null

27-02-2025T17:30:18 - [TEST_STEP][PASSED] - myKey = key: null

27-02-2025T17:30:18 - [TEST_STEP][PASSED] - myValue = value: null

27-02-2025T17:30:18 - [TEST_STEP][PASSED] - println("myKey is " + myKey): null

27-02-2025T17:30:18 - [TEST_STEP][PASSED] - println("myValue is " + myValue): null

27-02-2025T17:30:18 - [TEST_STEP][PASSED] - if (myKey != "dummy"): null

27-02-2025T17:30:18 - [TEST_STEP][PASSED] - tObj = testObjectFolder + myValue: null

27-02-2025T17:30:18 - [TEST_STEP][PASSED] - click(tObj): null

27-02-2025T17:30:18 - [TEST_STEP][PASSED] - scrollToObject(object): null

27-02-2025T17:30:18 - [TEST_STEP][PASSED] - println("Converting " + object + " to web element"): null

27-02-2025T17:30:18 - [TEST_STEP][PASSED] - element = findWebElement(findTestObject(object), 1): null

27-02-2025T17:30:18 - [TEST_STEP][PASSED] - loc = element.getLocation(): null

27-02-2025T17:30:18 - [TEST_STEP][PASSED] - x = loc.getX(): null

27-02-2025T17:30:18 - [TEST_STEP][PASSED] - if (x >= 560): null

27-02-2025T17:30:18 - [TEST_STEP][PASSED] - y = loc.getY(): null

27-02-2025T17:30:18 - [TEST_STEP][PASSED] - println("Y location is " + y): null

27-02-2025T17:30:18 - [TEST_STEP][PASSED] - top = getViewportTopPosition(): Current viewport's top (y) position is 43

27-02-2025T17:30:18 - [MESSAGE][PASSED] - Current viewport's top (y) position is 43

27-02-2025T17:30:18 - [TEST_STEP][PASSED] - println("Viewport top is " + top): null

27-02-2025T17:30:18 - [TEST_STEP][PASSED] - bottom = top + 600: null

27-02-2025T17:30:18 - [TEST_STEP][PASSED] - if (y - top < 150 || bottom - y < 10): null

27-02-2025T17:30:18 - [TEST_STEP][PASSED] - click(findTestObject(object)): null

27-02-2025T17:30:18 - [MESSAGE][PASSED] - Object: 'Object Repository/Education Partner Profile/Tabs/Readiness/img_Process Stage_field-tooltip' is clicked on

27-02-2025T17:30:18 - [TEST_STEP][PASSED] - delay(1): Delayed 1 second(s)

27-02-2025T17:30:19 - [MESSAGE][PASSED] - Delayed 1 second(s)

27-02-2025T17:30:19 - [TEST_STEP][PASSED] - myImage = tooltipImagePath + myKey + ".png": null

27-02-2025T17:30:19 - [TEST_STEP][PASSED] - f = new java.io.File(myImage): null

27-02-2025T17:30:19 - [TEST_STEP][PASSED] - if (f.exists()): null

27-02-2025T17:30:19 - [TEST_STEP][PASSED] - println("Looking for " + myImage): null

27-02-2025T17:30:19 - [TEST_STEP][PASSED] - icn = Pattern(myImage).similar(0.10): null

27-02-2025T17:30:19 - [TEST_STEP][PASSED] - found = s.exists(icn): null

27-02-2025T17:30:19 - [TEST_STEP][PASSED] - println(found): null

27-02-2025T17:30:19 - [TEST_STEP][PASSED] - if (found != null): null

27-02-2025T17:30:19 - [TEST_STEP][PASSED] - foundStr = found.toString(): null

27-02-2025T17:30:19 - [TEST_STEP][PASSED] - matchP = foundStr.indexOf("%"): null

27-02-2025T17:30:19 - [TEST_STEP][PASSED] - if (matchP >= 0): null

27-02-2025T17:30:19 - [TEST_STEP][PASSED] - println(matchP): null

27-02-2025T17:30:19 - [TEST_STEP][PASSED] - pct = foundStr.substring(matchP + 1, matchP + 6): null

27-02-2025T17:30:19 - [TEST_STEP][PASSED] - pctF = pct.toFloat(): null

27-02-2025T17:30:19 - [TEST_STEP][PASSED] - outText = "+++ Tooltip match value for " + myKey + " is " + pctF + "%": null

27-02-2025T17:30:19 - [TEST_STEP][PASSED] - min = 80: null

27-02-2025T17:30:19 - [TEST_STEP][PASSED] - if (pctF.toFloat() < min.toFloat()): null

27-02-2025T17:30:19 - [TEST_STEP][PASSED] - if (myKey != "dummy"): null

27-02-2025T17:30:19 - [TEST_STEP][PASSED] - println(outText): null

27-02-2025T17:30:19 - [TEST_STEP][PASSED] - outFile.append(outText + "
"): null

27-02-2025T17:30:19 - [TEST_STEP][PASSED] - myKey = key: null

27-02-2025T17:30:19 - [TEST_STEP][PASSED] - myValue = value: null

27-02-2025T17:30:19 - [TEST_STEP][PASSED] - println("myKey is " + myKey): null

27-02-2025T17:30:19 - [TEST_STEP][PASSED] - println("myValue is " + myValue): null

27-02-2025T17:30:19 - [TEST_STEP][PASSED] - if (myKey != "dummy"): null

27-02-2025T17:30:19 - [TEST_STEP][PASSED] - tObj = testObjectFolder + myValue: null

27-02-2025T17:30:19 - [TEST_STEP][PASSED] - click(tObj): null

27-02-2025T17:30:19 - [TEST_STEP][PASSED] - scrollToObject(object): null

27-02-2025T17:30:19 - [TEST_STEP][PASSED] - println("Converting " + object + " to web element"): null

27-02-2025T17:30:19 - [TEST_STEP][PASSED] - element = findWebElement(findTestObject(object), 1): null

27-02-2025T17:30:19 - [TEST_STEP][PASSED] - loc = element.getLocation(): null

27-02-2025T17:30:19 - [TEST_STEP][PASSED] - x = loc.getX(): null

27-02-2025T17:30:19 - [TEST_STEP][PASSED] - if (x >= 560): null

27-02-2025T17:30:19 - [TEST_STEP][PASSED] - y = loc.getY(): null

27-02-2025T17:30:19 - [TEST_STEP][PASSED] - println("Y location is " + y): null

27-02-2025T17:30:19 - [TEST_STEP][PASSED] - top = getViewportTopPosition(): Current viewport's top (y) position is 43

27-02-2025T17:30:19 - [MESSAGE][PASSED] - Current viewport's top (y) position is 43

27-02-2025T17:30:19 - [TEST_STEP][PASSED] - println("Viewport top is " + top): null

27-02-2025T17:30:19 - [TEST_STEP][PASSED] - bottom = top + 600: null

27-02-2025T17:30:19 - [TEST_STEP][PASSED] - if (y - top < 150 || bottom - y < 10): null

27-02-2025T17:30:19 - [TEST_STEP][PASSED] - click(findTestObject(object)): null

27-02-2025T17:30:19 - [MESSAGE][PASSED] - Object: 'Object Repository/Education Partner Profile/Tabs/Readiness/img_Cross-cultural Experience_field-tooltip' is clicked on

27-02-2025T17:30:19 - [TEST_STEP][PASSED] - delay(1): Delayed 1 second(s)

27-02-2025T17:30:20 - [MESSAGE][PASSED] - Delayed 1 second(s)

27-02-2025T17:30:20 - [TEST_STEP][PASSED] - myImage = tooltipImagePath + myKey + ".png": null

27-02-2025T17:30:20 - [TEST_STEP][PASSED] - f = new java.io.File(myImage): null

27-02-2025T17:30:20 - [TEST_STEP][PASSED] - if (f.exists()): null

27-02-2025T17:30:20 - [TEST_STEP][PASSED] - println("Looking for " + myImage): null

27-02-2025T17:30:20 - [TEST_STEP][PASSED] - icn = Pattern(myImage).similar(0.10): null

27-02-2025T17:30:20 - [TEST_STEP][PASSED] - found = s.exists(icn): null

27-02-2025T17:30:20 - [TEST_STEP][PASSED] - println(found): null

27-02-2025T17:30:20 - [TEST_STEP][PASSED] - if (found != null): null

27-02-2025T17:30:20 - [TEST_STEP][PASSED] - foundStr = found.toString(): null

27-02-2025T17:30:20 - [TEST_STEP][PASSED] - matchP = foundStr.indexOf("%"): null

27-02-2025T17:30:20 - [TEST_STEP][PASSED] - if (matchP >= 0): null

27-02-2025T17:30:20 - [TEST_STEP][PASSED] - println(matchP): null

27-02-2025T17:30:20 - [TEST_STEP][PASSED] - pct = foundStr.substring(matchP + 1, matchP + 6): null

27-02-2025T17:30:20 - [TEST_STEP][PASSED] - pctF = pct.toFloat(): null

27-02-2025T17:30:20 - [TEST_STEP][PASSED] - outText = "+++ Tooltip match value for " + myKey + " is " + pctF + "%": null

27-02-2025T17:30:20 - [TEST_STEP][PASSED] - min = 80: null

27-02-2025T17:30:20 - [TEST_STEP][PASSED] - if (pctF.toFloat() < min.toFloat()): null

27-02-2025T17:30:20 - [TEST_STEP][PASSED] - if (myKey != "dummy"): null

27-02-2025T17:30:20 - [TEST_STEP][PASSED] - println(outText): null

27-02-2025T17:30:20 - [TEST_STEP][PASSED] - outFile.append(outText + "
"): null

27-02-2025T17:30:20 - [TEST_STEP][PASSED] - myKey = key: null

27-02-2025T17:30:20 - [TEST_STEP][PASSED] - myValue = value: null

27-02-2025T17:30:20 - [TEST_STEP][PASSED] - println("myKey is " + myKey): null

27-02-2025T17:30:20 - [TEST_STEP][PASSED] - println("myValue is " + myValue): null

27-02-2025T17:30:20 - [TEST_STEP][PASSED] - if (myKey != "dummy"): null

27-02-2025T17:30:20 - [TEST_STEP][PASSED] - tObj = testObjectFolder + myValue: null

27-02-2025T17:30:20 - [TEST_STEP][PASSED] - click(tObj): null

27-02-2025T17:30:20 - [TEST_STEP][PASSED] - scrollToObject(object): null

27-02-2025T17:30:20 - [TEST_STEP][PASSED] - println("Converting " + object + " to web element"): null

27-02-2025T17:30:20 - [TEST_STEP][PASSED] - element = findWebElement(findTestObject(object), 1): null

27-02-2025T17:30:20 - [TEST_STEP][PASSED] - loc = element.getLocation(): null

27-02-2025T17:30:20 - [TEST_STEP][PASSED] - x = loc.getX(): null

27-02-2025T17:30:20 - [TEST_STEP][PASSED] - if (x >= 560): null

27-02-2025T17:30:20 - [TEST_STEP][PASSED] - y = loc.getY(): null

27-02-2025T17:30:20 - [TEST_STEP][PASSED] - println("Y location is " + y): null

27-02-2025T17:30:20 - [TEST_STEP][PASSED] - top = getViewportTopPosition(): Current viewport's top (y) position is 43

27-02-2025T17:30:20 - [MESSAGE][PASSED] - Current viewport's top (y) position is 43

27-02-2025T17:30:20 - [TEST_STEP][PASSED] - println("Viewport top is " + top): null

27-02-2025T17:30:20 - [TEST_STEP][PASSED] - bottom = top + 600: null

27-02-2025T17:30:20 - [TEST_STEP][PASSED] - if (y - top < 150 || bottom - y < 10): null

27-02-2025T17:30:20 - [TEST_STEP][PASSED] - click(findTestObject(object)): null

27-02-2025T17:30:20 - [MESSAGE][PASSED] - Object: 'Object Repository/Education Partner Profile/Tabs/Readiness/img_Bible Training_field-tooltip' is clicked on

27-02-2025T17:30:20 - [TEST_STEP][PASSED] - delay(1): Delayed 1 second(s)

27-02-2025T17:30:21 - [MESSAGE][PASSED] - Delayed 1 second(s)

27-02-2025T17:30:21 - [TEST_STEP][PASSED] - myImage = tooltipImagePath + myKey + ".png": null

27-02-2025T17:30:21 - [TEST_STEP][PASSED] - f = new java.io.File(myImage): null

27-02-2025T17:30:21 - [TEST_STEP][PASSED] - if (f.exists()): null

27-02-2025T17:30:21 - [TEST_STEP][PASSED] - println("Looking for " + myImage): null

27-02-2025T17:30:21 - [TEST_STEP][PASSED] - icn = Pattern(myImage).similar(0.10): null

27-02-2025T17:30:21 - [TEST_STEP][PASSED] - found = s.exists(icn): null

27-02-2025T17:30:21 - [TEST_STEP][PASSED] - println(found): null

27-02-2025T17:30:21 - [TEST_STEP][PASSED] - if (found != null): null

27-02-2025T17:30:21 - [TEST_STEP][PASSED] - foundStr = found.toString(): null

27-02-2025T17:30:21 - [TEST_STEP][PASSED] - matchP = foundStr.indexOf("%"): null

27-02-2025T17:30:21 - [TEST_STEP][PASSED] - if (matchP >= 0): null

27-02-2025T17:30:21 - [TEST_STEP][PASSED] - println(matchP): null

27-02-2025T17:30:21 - [TEST_STEP][PASSED] - pct = foundStr.substring(matchP + 1, matchP + 6): null

27-02-2025T17:30:21 - [TEST_STEP][PASSED] - pctF = pct.toFloat(): null

27-02-2025T17:30:21 - [TEST_STEP][PASSED] - outText = "+++ Tooltip match value for " + myKey + " is " + pctF + "%": null

27-02-2025T17:30:21 - [TEST_STEP][PASSED] - min = 80: null

27-02-2025T17:30:21 - [TEST_STEP][PASSED] - if (pctF.toFloat() < min.toFloat()): null

27-02-2025T17:30:21 - [TEST_STEP][PASSED] - if (myKey != "dummy"): null

27-02-2025T17:30:21 - [TEST_STEP][PASSED] - println(outText): null

27-02-2025T17:30:21 - [TEST_STEP][PASSED] - outFile.append(outText + "
"): null

27-02-2025T17:30:21 - [TEST_STEP][PASSED] - myKey = key: null

27-02-2025T17:30:21 - [TEST_STEP][PASSED] - myValue = value: null

27-02-2025T17:30:21 - [TEST_STEP][PASSED] - println("myKey is " + myKey): null

27-02-2025T17:30:21 - [TEST_STEP][PASSED] - println("myValue is " + myValue): null

27-02-2025T17:30:21 - [TEST_STEP][PASSED] - if (myKey != "dummy"): null

27-02-2025T17:30:21 - [TEST_STEP][PASSED] - tObj = testObjectFolder + myValue: null

27-02-2025T17:30:21 - [TEST_STEP][PASSED] - click(tObj): null

27-02-2025T17:30:21 - [TEST_STEP][PASSED] - scrollToObject(object): null

27-02-2025T17:30:21 - [TEST_STEP][PASSED] - println("Converting " + object + " to web element"): null

27-02-2025T17:30:21 - [TEST_STEP][PASSED] - element = findWebElement(findTestObject(object), 1): null

27-02-2025T17:30:21 - [TEST_STEP][PASSED] - loc = element.getLocation(): null

27-02-2025T17:30:21 - [TEST_STEP][PASSED] - x = loc.getX(): null

27-02-2025T17:30:21 - [TEST_STEP][PASSED] - if (x >= 560): null

27-02-2025T17:30:21 - [TEST_STEP][PASSED] - y = loc.getY(): null

27-02-2025T17:30:21 - [TEST_STEP][PASSED] - println("Y location is " + y): null

27-02-2025T17:30:21 - [TEST_STEP][PASSED] - top = getViewportTopPosition(): Current viewport's top (y) position is 43

27-02-2025T17:30:21 - [MESSAGE][PASSED] - Current viewport's top (y) position is 43

27-02-2025T17:30:21 - [TEST_STEP][PASSED] - println("Viewport top is " + top): null

27-02-2025T17:30:21 - [TEST_STEP][PASSED] - bottom = top + 600: null

27-02-2025T17:30:21 - [TEST_STEP][PASSED] - if (y - top < 150 || bottom - y < 10): Delayed 1 second(s)

27-02-2025T17:30:21 - [TEST_STEP][PASSED] - scrollToPosition(0, y - 170): Browser is scrolled to position x = 0, y = 510

27-02-2025T17:30:21 - [MESSAGE][PASSED] - Browser is scrolled to position x = 0, y = 510

27-02-2025T17:30:21 - [TEST_STEP][PASSED] - delay(1): Delayed 1 second(s)

27-02-2025T17:30:22 - [MESSAGE][PASSED] - Delayed 1 second(s)

27-02-2025T17:30:22 - [TEST_STEP][PASSED] - click(findTestObject(object)): null

27-02-2025T17:30:22 - [MESSAGE][PASSED] - Object: 'Object Repository/Education Partner Profile/Tabs/Readiness/img_Attended Perspectives_field-tooltip' is clicked on

27-02-2025T17:30:22 - [TEST_STEP][PASSED] - delay(1): Delayed 1 second(s)

27-02-2025T17:30:23 - [MESSAGE][PASSED] - Delayed 1 second(s)

27-02-2025T17:30:23 - [TEST_STEP][PASSED] - myImage = tooltipImagePath + myKey + ".png": null

27-02-2025T17:30:23 - [TEST_STEP][PASSED] - f = new java.io.File(myImage): null

27-02-2025T17:30:23 - [TEST_STEP][PASSED] - if (f.exists()): null

27-02-2025T17:30:23 - [TEST_STEP][PASSED] - println("Looking for " + myImage): null

27-02-2025T17:30:23 - [TEST_STEP][PASSED] - icn = Pattern(myImage).similar(0.10): null

27-02-2025T17:30:23 - [TEST_STEP][PASSED] - found = s.exists(icn): null

27-02-2025T17:30:23 - [TEST_STEP][PASSED] - println(found): null

27-02-2025T17:30:23 - [TEST_STEP][PASSED] - if (found != null): null

27-02-2025T17:30:23 - [TEST_STEP][PASSED] - foundStr = found.toString(): null

27-02-2025T17:30:23 - [TEST_STEP][PASSED] - matchP = foundStr.indexOf("%"): null

27-02-2025T17:30:23 - [TEST_STEP][PASSED] - if (matchP >= 0): null

27-02-2025T17:30:23 - [TEST_STEP][PASSED] - println(matchP): null

27-02-2025T17:30:23 - [TEST_STEP][PASSED] - pct = foundStr.substring(matchP + 1, matchP + 6): null

27-02-2025T17:30:23 - [TEST_STEP][PASSED] - pctF = pct.toFloat(): null

27-02-2025T17:30:23 - [TEST_STEP][PASSED] - outText = "+++ Tooltip match value for " + myKey + " is " + pctF + "%": null

27-02-2025T17:30:23 - [TEST_STEP][PASSED] - min = 80: null

27-02-2025T17:30:23 - [TEST_STEP][PASSED] - if (pctF.toFloat() < min.toFloat()): null

27-02-2025T17:30:23 - [TEST_STEP][PASSED] - if (myKey != "dummy"): null

27-02-2025T17:30:23 - [TEST_STEP][PASSED] - println(outText): null

27-02-2025T17:30:23 - [TEST_STEP][PASSED] - outFile.append(outText + "
"): null

27-02-2025T17:30:23 - [TEST_STEP][PASSED] - myKey = key: null

27-02-2025T17:30:23 - [TEST_STEP][PASSED] - myValue = value: null

27-02-2025T17:30:23 - [TEST_STEP][PASSED] - println("myKey is " + myKey): null

27-02-2025T17:30:23 - [TEST_STEP][PASSED] - println("myValue is " + myValue): null

27-02-2025T17:30:23 - [TEST_STEP][PASSED] - if (myKey != "dummy"): null

27-02-2025T17:30:23 - [TEST_STEP][PASSED] - tObj = testObjectFolder + myValue: null

27-02-2025T17:30:23 - [TEST_STEP][PASSED] - click(tObj): null

27-02-2025T17:30:23 - [TEST_STEP][PASSED] - scrollToObject(object): null

27-02-2025T17:30:23 - [TEST_STEP][PASSED] - println("Converting " + object + " to web element"): null

27-02-2025T17:30:23 - [TEST_STEP][PASSED] - element = findWebElement(findTestObject(object), 1): null

27-02-2025T17:30:24 - [TEST_STEP][PASSED] - loc = element.getLocation(): null

27-02-2025T17:30:24 - [TEST_STEP][PASSED] - x = loc.getX(): null

27-02-2025T17:30:24 - [TEST_STEP][PASSED] - if (x >= 560): null

27-02-2025T17:30:24 - [TEST_STEP][PASSED] - y = loc.getY(): null

27-02-2025T17:30:24 - [TEST_STEP][PASSED] - println("Y location is " + y): null

27-02-2025T17:30:24 - [TEST_STEP][PASSED] - top = getViewportTopPosition(): Current viewport's top (y) position is 510

27-02-2025T17:30:24 - [MESSAGE][PASSED] - Current viewport's top (y) position is 510

27-02-2025T17:30:24 - [TEST_STEP][PASSED] - println("Viewport top is " + top): null

27-02-2025T17:30:24 - [TEST_STEP][PASSED] - bottom = top + 600: null

27-02-2025T17:30:24 - [TEST_STEP][PASSED] - if (y - top < 150 || bottom - y < 10): null

27-02-2025T17:30:24 - [TEST_STEP][PASSED] - click(findTestObject(object)): null

27-02-2025T17:30:24 - [MESSAGE][PASSED] - Object: 'Object Repository/Education Partner Profile/Tabs/Readiness/img_Missions Experience_field-tooltip' is clicked on

27-02-2025T17:30:24 - [TEST_STEP][PASSED] - delay(1): Delayed 1 second(s)

27-02-2025T17:30:25 - [MESSAGE][PASSED] - Delayed 1 second(s)

27-02-2025T17:30:25 - [TEST_STEP][PASSED] - myImage = tooltipImagePath + myKey + ".png": null

27-02-2025T17:30:25 - [TEST_STEP][PASSED] - f = new java.io.File(myImage): null

27-02-2025T17:30:25 - [TEST_STEP][PASSED] - if (f.exists()): null

27-02-2025T17:30:25 - [TEST_STEP][PASSED] - println("Looking for " + myImage): null

27-02-2025T17:30:25 - [TEST_STEP][PASSED] - icn = Pattern(myImage).similar(0.10): null

27-02-2025T17:30:25 - [TEST_STEP][PASSED] - found = s.exists(icn): null

27-02-2025T17:30:25 - [TEST_STEP][PASSED] - println(found): null

27-02-2025T17:30:25 - [TEST_STEP][PASSED] - if (found != null): null

27-02-2025T17:30:25 - [TEST_STEP][PASSED] - foundStr = found.toString(): null

27-02-2025T17:30:25 - [TEST_STEP][PASSED] - matchP = foundStr.indexOf("%"): null

27-02-2025T17:30:25 - [TEST_STEP][PASSED] - if (matchP >= 0): null

27-02-2025T17:30:25 - [TEST_STEP][PASSED] - println(matchP): null

27-02-2025T17:30:25 - [TEST_STEP][PASSED] - pct = foundStr.substring(matchP + 1, matchP + 6): null

27-02-2025T17:30:25 - [TEST_STEP][PASSED] - pctF = pct.toFloat(): null

27-02-2025T17:30:25 - [TEST_STEP][PASSED] - outText = "+++ Tooltip match value for " + myKey + " is " + pctF + "%": null

27-02-2025T17:30:25 - [TEST_STEP][PASSED] - min = 80: null

27-02-2025T17:30:25 - [TEST_STEP][PASSED] - if (pctF.toFloat() < min.toFloat()): null

27-02-2025T17:30:25 - [TEST_STEP][PASSED] - if (myKey != "dummy"): null

27-02-2025T17:30:25 - [TEST_STEP][PASSED] - println(outText): null

27-02-2025T17:30:25 - [TEST_STEP][PASSED] - outFile.append(outText + "
"): null

27-02-2025T17:30:25 - [TEST_STEP][PASSED] - myKey = key: null

27-02-2025T17:30:25 - [TEST_STEP][PASSED] - myValue = value: null

27-02-2025T17:30:25 - [TEST_STEP][PASSED] - println("myKey is " + myKey): null

27-02-2025T17:30:25 - [TEST_STEP][PASSED] - println("myValue is " + myValue): null

27-02-2025T17:30:25 - [TEST_STEP][PASSED] - if (myKey != "dummy"): null

27-02-2025T17:30:25 - [TEST_STEP][PASSED] - tObj = testObjectFolder + myValue: null

27-02-2025T17:30:25 - [TEST_STEP][PASSED] - click(tObj): null

27-02-2025T17:30:25 - [TEST_STEP][PASSED] - scrollToObject(object): null

27-02-2025T17:30:25 - [TEST_STEP][PASSED] - println("Converting " + object + " to web element"): null

27-02-2025T17:30:25 - [TEST_STEP][PASSED] - element = findWebElement(findTestObject(object), 1): null

27-02-2025T17:30:25 - [TEST_STEP][PASSED] - loc = element.getLocation(): null

27-02-2025T17:30:25 - [TEST_STEP][PASSED] - x = loc.getX(): null

27-02-2025T17:30:25 - [TEST_STEP][PASSED] - if (x >= 560): null

27-02-2025T17:30:25 - [TEST_STEP][PASSED] - y = loc.getY(): null

27-02-2025T17:30:25 - [TEST_STEP][PASSED] - println("Y location is " + y): null

27-02-2025T17:30:25 - [TEST_STEP][PASSED] - top = getViewportTopPosition(): Current viewport's top (y) position is 510

27-02-2025T17:30:25 - [MESSAGE][PASSED] - Current viewport's top (y) position is 510

27-02-2025T17:30:25 - [TEST_STEP][PASSED] - println("Viewport top is " + top): null

27-02-2025T17:30:25 - [TEST_STEP][PASSED] - bottom = top + 600: null

27-02-2025T17:30:25 - [TEST_STEP][PASSED] - if (y - top < 150 || bottom - y < 10): null

27-02-2025T17:30:25 - [TEST_STEP][PASSED] - click(findTestObject(object)): null

27-02-2025T17:30:25 - [MESSAGE][PASSED] - Object: 'Object Repository/Education Partner Profile/Tabs/Readiness/img_Relocation Option(s)_field-tooltip' is clicked on

27-02-2025T17:30:25 - [TEST_STEP][PASSED] - delay(1): Delayed 1 second(s)

27-02-2025T17:30:26 - [MESSAGE][PASSED] - Delayed 1 second(s)

27-02-2025T17:30:26 - [TEST_STEP][PASSED] - myImage = tooltipImagePath + myKey + ".png": null

27-02-2025T17:30:26 - [TEST_STEP][PASSED] - f = new java.io.File(myImage): null

27-02-2025T17:30:26 - [TEST_STEP][PASSED] - if (f.exists()): null

27-02-2025T17:30:26 - [TEST_STEP][PASSED] - println("Looking for " + myImage): null

27-02-2025T17:30:26 - [TEST_STEP][PASSED] - icn = Pattern(myImage).similar(0.10): null

27-02-2025T17:30:26 - [TEST_STEP][PASSED] - found = s.exists(icn): null

27-02-2025T17:30:26 - [TEST_STEP][PASSED] - println(found): null

27-02-2025T17:30:26 - [TEST_STEP][PASSED] - if (found != null): null

27-02-2025T17:30:26 - [TEST_STEP][PASSED] - foundStr = found.toString(): null

27-02-2025T17:30:26 - [TEST_STEP][PASSED] - matchP = foundStr.indexOf("%"): null

27-02-2025T17:30:26 - [TEST_STEP][PASSED] - if (matchP >= 0): null

27-02-2025T17:30:26 - [TEST_STEP][PASSED] - println(matchP): null

27-02-2025T17:30:26 - [TEST_STEP][PASSED] - pct = foundStr.substring(matchP + 1, matchP + 6): null

27-02-2025T17:30:26 - [TEST_STEP][PASSED] - pctF = pct.toFloat(): null

27-02-2025T17:30:26 - [TEST_STEP][PASSED] - outText = "+++ Tooltip match value for " + myKey + " is " + pctF + "%": null

27-02-2025T17:30:26 - [TEST_STEP][PASSED] - min = 80: null

27-02-2025T17:30:26 - [TEST_STEP][PASSED] - if (pctF.toFloat() < min.toFloat()): null

27-02-2025T17:30:26 - [TEST_STEP][PASSED] - if (myKey != "dummy"): null

27-02-2025T17:30:26 - [TEST_STEP][PASSED] - println(outText): null

27-02-2025T17:30:26 - [TEST_STEP][PASSED] - outFile.append(outText + "
"): null

27-02-2025T17:30:26 - [TEST_STEP][PASSED] - outText = "Verifying the tooltip text on the page is what was expected.
": null

27-02-2025T17:30:26 - [TEST_STEP][PASSED] - println(tooltipTextMap): null

27-02-2025T17:30:26 - [TEST_STEP][PASSED] - outFile.append(outText): null

27-02-2025T17:30:26 - [TEST_STEP][PASSED] - for (def it : tooltipText): null

27-02-2025T17:30:26 - [TEST_STEP][PASSED] - println(it): null

27-02-2025T17:30:26 - [TEST_STEP][PASSED] - myKey = key: null

27-02-2025T17:30:26 - [TEST_STEP][PASSED] - myText = value.replace(""", ""): null

27-02-2025T17:30:26 - [TEST_STEP][PASSED] - myText = myText.trim(): null

27-02-2025T17:30:26 - [TEST_STEP][PASSED] - println(myKey): null

27-02-2025T17:30:26 - [TEST_STEP][PASSED] - println(myText): null

27-02-2025T17:30:26 - [TEST_STEP][PASSED] - println(tooltipTextMap.get(myKey)): null

27-02-2025T17:30:26 - [TEST_STEP][PASSED] - actualText = get(myKey).replace(""", ""): null

27-02-2025T17:30:26 - [TEST_STEP][PASSED] - actualText = actualText.trim(): null

27-02-2025T17:30:26 - [TEST_STEP][PASSED] - println(myKey + ":" + actualText): null

27-02-2025T17:30:26 - [TEST_STEP][PASSED] - if (actualText != myText): null

27-02-2025T17:30:26 - [TEST_STEP][PASSED] - println(it): null

27-02-2025T17:30:26 - [TEST_STEP][PASSED] - myKey = key: null

27-02-2025T17:30:26 - [TEST_STEP][PASSED] - myText = value.replace(""", ""): null

27-02-2025T17:30:26 - [TEST_STEP][PASSED] - myText = myText.trim(): null

27-02-2025T17:30:26 - [TEST_STEP][PASSED] - println(myKey): null

27-02-2025T17:30:26 - [TEST_STEP][PASSED] - println(myText): null

27-02-2025T17:30:26 - [TEST_STEP][PASSED] - println(tooltipTextMap.get(myKey)): null

27-02-2025T17:30:26 - [TEST_STEP][PASSED] - actualText = get(myKey).replace(""", ""): null

27-02-2025T17:30:26 - [TEST_STEP][PASSED] - actualText = actualText.trim(): null

27-02-2025T17:30:26 - [TEST_STEP][PASSED] - println(myKey + ":" + actualText): null

27-02-2025T17:30:26 - [TEST_STEP][PASSED] - if (actualText != myText): null

27-02-2025T17:30:26 - [TEST_STEP][PASSED] - println(it): null

27-02-2025T17:30:26 - [TEST_STEP][PASSED] - myKey = key: null

27-02-2025T17:30:26 - [TEST_STEP][PASSED] - myText = value.replace(""", ""): null

27-02-2025T17:30:26 - [TEST_STEP][PASSED] - myText = myText.trim(): null

27-02-2025T17:30:26 - [TEST_STEP][PASSED] - println(myKey): null

27-02-2025T17:30:26 - [TEST_STEP][PASSED] - println(myText): null

27-02-2025T17:30:26 - [TEST_STEP][PASSED] - println(tooltipTextMap.get(myKey)): null

27-02-2025T17:30:26 - [TEST_STEP][PASSED] - actualText = get(myKey).replace(""", ""): null

27-02-2025T17:30:26 - [TEST_STEP][PASSED] - actualText = actualText.trim(): null

27-02-2025T17:30:26 - [TEST_STEP][PASSED] - println(myKey + ":" + actualText): null

27-02-2025T17:30:26 - [TEST_STEP][PASSED] - if (actualText != myText): null

27-02-2025T17:30:26 - [TEST_STEP][PASSED] - println(it): null

27-02-2025T17:30:26 - [TEST_STEP][PASSED] - myKey = key: null

27-02-2025T17:30:26 - [TEST_STEP][PASSED] - myText = value.replace(""", ""): null

27-02-2025T17:30:26 - [TEST_STEP][PASSED] - myText = myText.trim(): null

27-02-2025T17:30:26 - [TEST_STEP][PASSED] - println(myKey): null

27-02-2025T17:30:26 - [TEST_STEP][PASSED] - println(myText): null

27-02-2025T17:30:26 - [TEST_STEP][PASSED] - println(tooltipTextMap.get(myKey)): null

27-02-2025T17:30:26 - [TEST_STEP][PASSED] - actualText = get(myKey).replace(""", ""): null

27-02-2025T17:30:26 - [TEST_STEP][PASSED] - actualText = actualText.trim(): null

27-02-2025T17:30:26 - [TEST_STEP][PASSED] - println(myKey + ":" + actualText): null

27-02-2025T17:30:26 - [TEST_STEP][PASSED] - if (actualText != myText): null

27-02-2025T17:30:26 - [TEST_STEP][PASSED] - println(it): null

27-02-2025T17:30:26 - [TEST_STEP][PASSED] - myKey = key: null

27-02-2025T17:30:26 - [TEST_STEP][PASSED] - myText = value.replace(""", ""): null

27-02-2025T17:30:26 - [TEST_STEP][PASSED] - myText = myText.trim(): null

27-02-2025T17:30:26 - [TEST_STEP][PASSED] - println(myKey): null

27-02-2025T17:30:26 - [TEST_STEP][PASSED] - println(myText): null

27-02-2025T17:30:26 - [TEST_STEP][PASSED] - println(tooltipTextMap.get(myKey)): null

27-02-2025T17:30:26 - [TEST_STEP][PASSED] - actualText = get(myKey).replace(""", ""): null

27-02-2025T17:30:26 - [TEST_STEP][PASSED] - actualText = actualText.trim(): null

27-02-2025T17:30:26 - [TEST_STEP][PASSED] - println(myKey + ":" + actualText): null

27-02-2025T17:30:26 - [TEST_STEP][PASSED] - if (actualText != myText): null

27-02-2025T17:30:26 - [TEST_STEP][PASSED] - println(it): null

27-02-2025T17:30:26 - [TEST_STEP][PASSED] - myKey = key: null

27-02-2025T17:30:26 - [TEST_STEP][PASSED] - myText = value.replace(""", ""): null

27-02-2025T17:30:26 - [TEST_STEP][PASSED] - myText = myText.trim(): null

27-02-2025T17:30:26 - [TEST_STEP][PASSED] - println(myKey): null

27-02-2025T17:30:26 - [TEST_STEP][PASSED] - println(myText): null

27-02-2025T17:30:26 - [TEST_STEP][PASSED] - println(tooltipTextMap.get(myKey)): null

27-02-2025T17:30:26 - [TEST_STEP][PASSED] - actualText = get(myKey).replace(""", ""): null

27-02-2025T17:30:26 - [TEST_STEP][PASSED] - actualText = actualText.trim(): null

27-02-2025T17:30:26 - [TEST_STEP][PASSED] - println(myKey + ":" + actualText): null

27-02-2025T17:30:26 - [TEST_STEP][PASSED] - if (actualText != myText): null

27-02-2025T17:30:26 - [MESSAGE][PASSED] - Call Test Case 'Test Cases/_Functions/Test Tooltips' successfully

27-02-2025T17:30:26 - [TEST_STEP][PASSED] - outText = "Verifying the required field messages.
": null

27-02-2025T17:30:26 - [TEST_STEP][PASSED] - outFile.append(outText): null

27-02-2025T17:30:26 - [TEST_STEP][PASSED] - fieldList = []: null

27-02-2025T17:30:26 - [TEST_STEP][PASSED] - requiredFieldMsgs.each({ -> ... }): null

27-02-2025T17:30:26 - [TEST_STEP][PASSED] - callTestCase(findTestCase("_Functions/Test Field Error Messages"), ["varFieldList":fieldList, "varRequiredFieldMsgs":requiredFieldMsgs], STOP_ON_FAILURE): Call Test Case 'Test Cases/_Functions/Test Field Error Messages' successfully

27-02-2025T17:30:26 - [TEST_CASE][PASSED] - Test Cases/_Functions/Test Field Error Messages: Test Cases/_Functions/Test Field Error Messages

27-02-2025T17:30:26 - [TEST_STEP][PASSED] - count = callTestCase(findTestCase("_Functions/Find error messages"), ["varFunction":"count"], STOP_ON_FAILURE): Call Test Case 'Test Cases/_Functions/Find error messages' successfully

27-02-2025T17:30:26 - [TEST_CASE][PASSED] - Test Cases/_Functions/Find error messages: Test Cases/_Functions/Find error messages

27-02-2025T17:30:26 - [TEST_STEP][PASSED] - function = "count": null

27-02-2025T17:30:26 - [TEST_STEP][PASSED] - if (binding.hasVariable("varFunction")): null

27-02-2025T17:30:26 - [TEST_STEP][PASSED] - function = varFunction: null

27-02-2025T17:30:26 - [TEST_STEP][PASSED] - title = getWindowTitle(): Current window's title is: 'Education'

27-02-2025T17:30:26 - [MESSAGE][PASSED] - Current window's title is: 'Education'

27-02-2025T17:30:26 - [TEST_STEP][PASSED] - println("Page title is " + title): null

27-02-2025T17:30:26 - [TEST_STEP][PASSED] - driver = getWebDriver(): null

27-02-2025T17:30:26 - [TEST_STEP][PASSED] - elements = driver.findElements(By.xpath("//div[@class='col-sm-offset-3 col-sm-9 text-danger']")): null

27-02-2025T17:30:26 - [TEST_STEP][PASSED] - if (function == "count"): null

27-02-2025T17:30:26 - [TEST_STEP][PASSED] - return elements.size(): null

27-02-2025T17:30:26 - [MESSAGE][PASSED] - Call Test Case 'Test Cases/_Functions/Find error messages' successfully

27-02-2025T17:30:26 - [TEST_STEP][PASSED] - outFile = outFile: null

27-02-2025T17:30:26 - [TEST_STEP][PASSED] - if (count == 0): null

27-02-2025T17:30:26 - [TEST_STEP][PASSED] - else: Delayed 0 second(s)

27-02-2025T17:30:26 - [TEST_STEP][PASSED] - fieldList = varFieldList: null

27-02-2025T17:30:26 - [TEST_STEP][PASSED] - requiredFieldMsgs = varRequiredFieldMsgs: null

27-02-2025T17:30:26 - [TEST_STEP][PASSED] - outText = "Verifying error messages for fields " + fieldList: null

27-02-2025T17:30:26 - [TEST_STEP][PASSED] - for (def field : fieldList): null

27-02-2025T17:30:26 - [TEST_STEP][PASSED] - errorMsg = requiredFieldMsgs.get(field): null

27-02-2025T17:30:26 - [TEST_STEP][PASSED] - msg = verifyTextPresent(errorMsg, false, OPTIONAL): Text 'The candidate process stages field is required.' is present on page 

27-02-2025T17:30:26 - [MESSAGE][PASSED] - Text 'The candidate process stages field is required.' is present on page 

27-02-2025T17:30:26 - [TEST_STEP][PASSED] - println(field + ":" + msg): null

27-02-2025T17:30:26 - [TEST_STEP][PASSED] - if (!(msg)): null

27-02-2025T17:30:26 - [TEST_STEP][PASSED] - errorMsg = requiredFieldMsgs.get(field): null

27-02-2025T17:30:26 - [TEST_STEP][PASSED] - msg = verifyTextPresent(errorMsg, false, OPTIONAL): Text 'The bible school training field is required.' is present on page 

27-02-2025T17:30:26 - [MESSAGE][PASSED] - Text 'The bible school training field is required.' is present on page 

27-02-2025T17:30:26 - [TEST_STEP][PASSED] - println(field + ":" + msg): null

27-02-2025T17:30:26 - [TEST_STEP][PASSED] - if (!(msg)): null

27-02-2025T17:30:26 - [TEST_STEP][PASSED] - errorMsg = requiredFieldMsgs.get(field): null

27-02-2025T17:30:26 - [TEST_STEP][PASSED] - msg = verifyTextPresent(errorMsg, false, OPTIONAL): Text 'The attended perspectives? field is required.' is present on page 

27-02-2025T17:30:26 - [MESSAGE][PASSED] - Text 'The attended perspectives? field is required.' is present on page 

27-02-2025T17:30:26 - [TEST_STEP][PASSED] - println(field + ":" + msg): null

27-02-2025T17:30:26 - [TEST_STEP][PASSED] - if (!(msg)): null

27-02-2025T17:30:26 - [TEST_STEP][PASSED] - errorMsg = requiredFieldMsgs.get(field): null

27-02-2025T17:30:26 - [TEST_STEP][PASSED] - msg = verifyTextPresent(errorMsg, false, OPTIONAL): Text 'The relocation question field is required.' is present on page 

27-02-2025T17:30:26 - [MESSAGE][PASSED] - Text 'The relocation question field is required.' is present on page 

27-02-2025T17:30:26 - [TEST_STEP][PASSED] - println(field + ":" + msg): null

27-02-2025T17:30:26 - [TEST_STEP][PASSED] - if (!(msg)): null

27-02-2025T17:30:26 - [TEST_STEP][PASSED] - delay(fieldTestDelay): Delayed 0 second(s)

27-02-2025T17:30:26 - [MESSAGE][PASSED] - Delayed 0 second(s)

27-02-2025T17:30:26 - [MESSAGE][PASSED] - Call Test Case 'Test Cases/_Functions/Test Field Error Messages' successfully

27-02-2025T17:30:26 - [TEST_STEP][PASSED] - callTestCase(findTestCase("_Functions/Click on Group Elements"), ["varXpaths":xpaths, "varParms":parms], STOP_ON_FAILURE): Call Test Case 'Test Cases/_Functions/Click on Group Elements' successfully

27-02-2025T17:30:26 - [TEST_CASE][PASSED] - Test Cases/_Functions/Click on Group Elements: Test Cases/_Functions/Click on Group Elements

27-02-2025T17:30:26 - [TEST_STEP][PASSED] - debug = false: null

27-02-2025T17:30:26 - [TEST_STEP][PASSED] - toggle = true: null

27-02-2025T17:30:26 - [TEST_STEP][PASSED] - frame = new javax.swing.JFrame(): null

27-02-2025T17:30:26 - [TEST_STEP][PASSED] - p = new javax.swing.JPanel(): null

27-02-2025T17:30:26 - [TEST_STEP][PASSED] - l = new javax.swing.JLabel(Making user selections..., javax.swing.SwingConstants.CENTER): null

27-02-2025T17:30:26 - [TEST_STEP][PASSED] - frame.add(l): null

27-02-2025T17:30:26 - [TEST_STEP][PASSED] - frame.setSize(300, 100): null

27-02-2025T17:30:26 - [TEST_STEP][PASSED] - frame.setLocation(600, 0): null

27-02-2025T17:30:26 - [TEST_STEP][PASSED] - frame.setAlwaysOnTop(true): null

27-02-2025T17:30:26 - [TEST_STEP][PASSED] - frame.show(): null

27-02-2025T17:30:26 - [TEST_STEP][PASSED] - driver = getWebDriver(): null

27-02-2025T17:30:26 - [TEST_STEP][PASSED] - println(varParms): null

27-02-2025T17:30:26 - [TEST_STEP][PASSED] - for ([i = 0, i < varXpaths.size(), (i++)]): null

27-02-2025T17:30:26 - [TEST_STEP][PASSED] - if (debug): null

27-02-2025T17:30:26 - [TEST_STEP][PASSED] - if (varParms[i].indexOf("Europe") >= 0): null

27-02-2025T17:30:26 - [TEST_STEP][PASSED] - elements = driver.findElements(By.xpath(varXpaths[i])): null

27-02-2025T17:30:26 - [TEST_STEP][PASSED] - element_count = elements.size(): null

27-02-2025T17:30:26 - [TEST_STEP][PASSED] - for (def element : elements): null

27-02-2025T17:30:26 - [TEST_STEP][PASSED] - myValue = element.getAttribute("value"): null

27-02-2025T17:30:26 - [TEST_STEP][PASSED] - if (debug): null

27-02-2025T17:30:26 - [TEST_STEP][PASSED] - if (myValue.length() >= 4): null

27-02-2025T17:30:26 - [TEST_STEP][PASSED] - if (myValue.substring(0, 4) == "(!) "): null

27-02-2025T17:30:26 - [TEST_STEP][PASSED] - myValue = myValue.substring(4): null

27-02-2025T17:30:26 - [TEST_STEP][PASSED] - if (debug): null

27-02-2025T17:30:26 - [TEST_STEP][PASSED] - myType = element.getAttribute("type"): null

27-02-2025T17:30:26 - [TEST_STEP][PASSED] - if (myValue in varParms[i]): null

27-02-2025T17:30:26 - [TEST_STEP][PASSED] - else: null

27-02-2025T17:30:26 - [TEST_STEP][PASSED] - inList = false: null

27-02-2025T17:30:26 - [TEST_STEP][PASSED] - if (myType == "checkbox"): null

27-02-2025T17:30:26 - [TEST_STEP][PASSED] - myStatus = element.isSelected(): null

27-02-2025T17:30:26 - [TEST_STEP][PASSED] - if (debug): null

27-02-2025T17:30:26 - [TEST_STEP][PASSED] - if (toggle && myStatus && inList): null

27-02-2025T17:30:26 - [TEST_STEP][PASSED] - if (!(myStatus) && inList || myStatus && !(inList)): null

27-02-2025T17:30:26 - [TEST_STEP][PASSED] - myValue = element.getAttribute("value"): null

27-02-2025T17:30:26 - [TEST_STEP][PASSED] - if (debug): null

27-02-2025T17:30:26 - [TEST_STEP][PASSED] - if (myValue.length() >= 4): null

27-02-2025T17:30:26 - [TEST_STEP][PASSED] - if (myValue.substring(0, 4) == "(!) "): null

27-02-2025T17:30:26 - [TEST_STEP][PASSED] - myType = element.getAttribute("type"): null

27-02-2025T17:30:26 - [TEST_STEP][PASSED] - if (myValue in varParms[i]): null

27-02-2025T17:30:26 - [TEST_STEP][PASSED] - inList = true: null

27-02-2025T17:30:26 - [TEST_STEP][PASSED] - if (myType == "checkbox"): null

27-02-2025T17:30:26 - [TEST_STEP][PASSED] - myStatus = element.isSelected(): null

27-02-2025T17:30:26 - [TEST_STEP][PASSED] - if (debug): null

27-02-2025T17:30:26 - [TEST_STEP][PASSED] - if (toggle && myStatus && inList): null

27-02-2025T17:30:26 - [TEST_STEP][PASSED] - if (!(myStatus) && inList || myStatus && !(inList)): null

27-02-2025T17:30:26 - [TEST_STEP][PASSED] - if (debug): null

27-02-2025T17:30:26 - [TEST_STEP][PASSED] - println("Clicking " + myValue): null

27-02-2025T17:30:26 - [TEST_STEP][PASSED] - click(element): null

27-02-2025T17:30:26 - [TEST_STEP][PASSED] - scrollToObject(elem): null

27-02-2025T17:30:26 - [TEST_STEP][PASSED] - loc = element.getLocation(): null

27-02-2025T17:30:26 - [TEST_STEP][PASSED] - if (debug): null

27-02-2025T17:30:26 - [TEST_STEP][PASSED] - y = loc.getY(): null

27-02-2025T17:30:26 - [TEST_STEP][PASSED] - println("Y location is " + y): null

27-02-2025T17:30:26 - [TEST_STEP][PASSED] - top = getViewportTopPosition(): Current viewport's top (y) position is 510

27-02-2025T17:30:26 - [MESSAGE][PASSED] - Current viewport's top (y) position is 510

27-02-2025T17:30:26 - [TEST_STEP][PASSED] - println("Viewport top is " + top): null

27-02-2025T17:30:26 - [TEST_STEP][PASSED] - bottom = top + 600: null

27-02-2025T17:30:26 - [TEST_STEP][PASSED] - if (y - top < 150 || bottom - y < 10): Delayed 1 second(s)

27-02-2025T17:30:26 - [TEST_STEP][PASSED] - scrollToPosition(0, y - 150): Browser is scrolled to position x = 0, y = 318

27-02-2025T17:30:26 - [MESSAGE][PASSED] - Browser is scrolled to position x = 0, y = 318

27-02-2025T17:30:26 - [TEST_STEP][PASSED] - delay(1): Delayed 1 second(s)

27-02-2025T17:30:27 - [MESSAGE][PASSED] - Delayed 1 second(s)

27-02-2025T17:30:27 - [TEST_STEP][PASSED] - elem.click(): null

27-02-2025T17:30:27 - [TEST_STEP][PASSED] - myValue = element.getAttribute("value"): null

27-02-2025T17:30:27 - [TEST_STEP][PASSED] - if (debug): null

27-02-2025T17:30:27 - [TEST_STEP][PASSED] - if (myValue.length() >= 4): null

27-02-2025T17:30:27 - [TEST_STEP][PASSED] - if (myValue.substring(0, 4) == "(!) "): null

27-02-2025T17:30:27 - [TEST_STEP][PASSED] - myType = element.getAttribute("type"): null

27-02-2025T17:30:27 - [TEST_STEP][PASSED] - if (myValue in varParms[i]): null

27-02-2025T17:30:27 - [TEST_STEP][PASSED] - inList = true: null

27-02-2025T17:30:27 - [TEST_STEP][PASSED] - if (myType == "checkbox"): null

27-02-2025T17:30:27 - [TEST_STEP][PASSED] - myStatus = element.isSelected(): null

27-02-2025T17:30:27 - [TEST_STEP][PASSED] - if (debug): null

27-02-2025T17:30:27 - [TEST_STEP][PASSED] - if (toggle && myStatus && inList): null

27-02-2025T17:30:27 - [TEST_STEP][PASSED] - if (!(myStatus) && inList || myStatus && !(inList)): null

27-02-2025T17:30:27 - [TEST_STEP][PASSED] - if (debug): null

27-02-2025T17:30:27 - [TEST_STEP][PASSED] - println("Clicking " + myValue): null

27-02-2025T17:30:27 - [TEST_STEP][PASSED] - click(element): null

27-02-2025T17:30:27 - [TEST_STEP][PASSED] - scrollToObject(elem): null

27-02-2025T17:30:27 - [TEST_STEP][PASSED] - loc = element.getLocation(): null

27-02-2025T17:30:27 - [TEST_STEP][PASSED] - if (debug): null

27-02-2025T17:30:27 - [TEST_STEP][PASSED] - y = loc.getY(): null

27-02-2025T17:30:27 - [TEST_STEP][PASSED] - println("Y location is " + y): null

27-02-2025T17:30:27 - [TEST_STEP][PASSED] - top = getViewportTopPosition(): Current viewport's top (y) position is 318

27-02-2025T17:30:27 - [MESSAGE][PASSED] - Current viewport's top (y) position is 318

27-02-2025T17:30:27 - [TEST_STEP][PASSED] - println("Viewport top is " + top): null

27-02-2025T17:30:27 - [TEST_STEP][PASSED] - bottom = top + 600: null

27-02-2025T17:30:27 - [TEST_STEP][PASSED] - if (y - top < 150 || bottom - y < 10): null

27-02-2025T17:30:27 - [TEST_STEP][PASSED] - elem.click(): null

27-02-2025T17:30:27 - [TEST_STEP][PASSED] - if (debug): null

27-02-2025T17:30:27 - [TEST_STEP][PASSED] - if (varParms[i].indexOf("Europe") >= 0): null

27-02-2025T17:30:27 - [TEST_STEP][PASSED] - elements = driver.findElements(By.xpath(varXpaths[i])): null

27-02-2025T17:30:27 - [TEST_STEP][PASSED] - element_count = elements.size(): null

27-02-2025T17:30:27 - [TEST_STEP][PASSED] - for (def element : elements): null

27-02-2025T17:30:27 - [TEST_STEP][PASSED] - myValue = element.getAttribute("value"): null

27-02-2025T17:30:27 - [TEST_STEP][PASSED] - if (debug): null

27-02-2025T17:30:27 - [TEST_STEP][PASSED] - if (myValue.length() >= 4): null

27-02-2025T17:30:27 - [TEST_STEP][PASSED] - if (myValue.substring(0, 4) == "(!) "): null

27-02-2025T17:30:27 - [TEST_STEP][PASSED] - myValue = myValue.substring(4): null

27-02-2025T17:30:27 - [TEST_STEP][PASSED] - if (debug): null

27-02-2025T17:30:27 - [TEST_STEP][PASSED] - myType = element.getAttribute("type"): null

27-02-2025T17:30:27 - [TEST_STEP][PASSED] - if (myValue in varParms[i]): null

27-02-2025T17:30:27 - [TEST_STEP][PASSED] - inList = true: null

27-02-2025T17:30:27 - [TEST_STEP][PASSED] - if (myType == "checkbox"): null

27-02-2025T17:30:27 - [TEST_STEP][PASSED] - myStatus = element.isSelected(): null

27-02-2025T17:30:27 - [TEST_STEP][PASSED] - if (debug): null

27-02-2025T17:30:27 - [TEST_STEP][PASSED] - if (toggle && myStatus && inList): null

27-02-2025T17:30:27 - [TEST_STEP][PASSED] - if (!(myStatus) && inList || myStatus && !(inList)): null

27-02-2025T17:30:27 - [TEST_STEP][PASSED] - if (debug): null

27-02-2025T17:30:27 - [TEST_STEP][PASSED] - println("Clicking " + myValue): null

27-02-2025T17:30:27 - [TEST_STEP][PASSED] - click(element): null

27-02-2025T17:30:27 - [TEST_STEP][PASSED] - scrollToObject(elem): null

27-02-2025T17:30:27 - [TEST_STEP][PASSED] - loc = element.getLocation(): null

27-02-2025T17:30:27 - [TEST_STEP][PASSED] - if (debug): null

27-02-2025T17:30:27 - [TEST_STEP][PASSED] - y = loc.getY(): null

27-02-2025T17:30:27 - [TEST_STEP][PASSED] - println("Y location is " + y): null

27-02-2025T17:30:27 - [TEST_STEP][PASSED] - top = getViewportTopPosition(): Current viewport's top (y) position is 318

27-02-2025T17:30:27 - [MESSAGE][PASSED] - Current viewport's top (y) position is 318

27-02-2025T17:30:27 - [TEST_STEP][PASSED] - println("Viewport top is " + top): null

27-02-2025T17:30:27 - [TEST_STEP][PASSED] - bottom = top + 600: null

27-02-2025T17:30:27 - [TEST_STEP][PASSED] - if (y - top < 150 || bottom - y < 10): null

27-02-2025T17:30:27 - [TEST_STEP][PASSED] - elem.click(): null

27-02-2025T17:30:27 - [TEST_STEP][PASSED] - myValue = element.getAttribute("value"): null

27-02-2025T17:30:27 - [TEST_STEP][PASSED] - if (debug): null

27-02-2025T17:30:27 - [TEST_STEP][PASSED] - if (myValue.length() >= 4): null

27-02-2025T17:30:27 - [TEST_STEP][PASSED] - if (myValue.substring(0, 4) == "(!) "): null

27-02-2025T17:30:27 - [TEST_STEP][PASSED] - myType = element.getAttribute("type"): null

27-02-2025T17:30:27 - [TEST_STEP][PASSED] - if (myValue in varParms[i]): null

27-02-2025T17:30:27 - [TEST_STEP][PASSED] - inList = true: null

27-02-2025T17:30:27 - [TEST_STEP][PASSED] - if (myType == "checkbox"): null

27-02-2025T17:30:27 - [TEST_STEP][PASSED] - myStatus = element.isSelected(): null

27-02-2025T17:30:27 - [TEST_STEP][PASSED] - if (debug): null

27-02-2025T17:30:27 - [TEST_STEP][PASSED] - if (toggle && myStatus && inList): null

27-02-2025T17:30:27 - [TEST_STEP][PASSED] - if (!(myStatus) && inList || myStatus && !(inList)): null

27-02-2025T17:30:27 - [TEST_STEP][PASSED] - if (debug): null

27-02-2025T17:30:27 - [TEST_STEP][PASSED] - println("Clicking " + myValue): null

27-02-2025T17:30:27 - [TEST_STEP][PASSED] - click(element): null

27-02-2025T17:30:27 - [TEST_STEP][PASSED] - scrollToObject(elem): null

27-02-2025T17:30:27 - [TEST_STEP][PASSED] - loc = element.getLocation(): null

27-02-2025T17:30:27 - [TEST_STEP][PASSED] - if (debug): null

27-02-2025T17:30:27 - [TEST_STEP][PASSED] - y = loc.getY(): null

27-02-2025T17:30:27 - [TEST_STEP][PASSED] - println("Y location is " + y): null

27-02-2025T17:30:27 - [TEST_STEP][PASSED] - top = getViewportTopPosition(): Current viewport's top (y) position is 318

27-02-2025T17:30:27 - [MESSAGE][PASSED] - Current viewport's top (y) position is 318

27-02-2025T17:30:27 - [TEST_STEP][PASSED] - println("Viewport top is " + top): null

27-02-2025T17:30:27 - [TEST_STEP][PASSED] - bottom = top + 600: null

27-02-2025T17:30:27 - [TEST_STEP][PASSED] - if (y - top < 150 || bottom - y < 10): null

27-02-2025T17:30:27 - [TEST_STEP][PASSED] - elem.click(): null

27-02-2025T17:30:27 - [TEST_STEP][PASSED] - myValue = element.getAttribute("value"): null

27-02-2025T17:30:27 - [TEST_STEP][PASSED] - if (debug): null

27-02-2025T17:30:27 - [TEST_STEP][PASSED] - if (myValue.length() >= 4): null

27-02-2025T17:30:27 - [TEST_STEP][PASSED] - if (myValue.substring(0, 4) == "(!) "): null

27-02-2025T17:30:27 - [TEST_STEP][PASSED] - myType = element.getAttribute("type"): null

27-02-2025T17:30:27 - [TEST_STEP][PASSED] - if (myValue in varParms[i]): null

27-02-2025T17:30:27 - [TEST_STEP][PASSED] - inList = true: null

27-02-2025T17:30:27 - [TEST_STEP][PASSED] - if (myType == "checkbox"): null

27-02-2025T17:30:27 - [TEST_STEP][PASSED] - myStatus = element.isSelected(): null

27-02-2025T17:30:27 - [TEST_STEP][PASSED] - if (debug): null

27-02-2025T17:30:27 - [TEST_STEP][PASSED] - if (toggle && myStatus && inList): null

27-02-2025T17:30:27 - [TEST_STEP][PASSED] - if (!(myStatus) && inList || myStatus && !(inList)): null

27-02-2025T17:30:27 - [TEST_STEP][PASSED] - if (debug): null

27-02-2025T17:30:27 - [TEST_STEP][PASSED] - println("Clicking " + myValue): null

27-02-2025T17:30:27 - [TEST_STEP][PASSED] - click(element): null

27-02-2025T17:30:27 - [TEST_STEP][PASSED] - scrollToObject(elem): null

27-02-2025T17:30:27 - [TEST_STEP][PASSED] - loc = element.getLocation(): null

27-02-2025T17:30:27 - [TEST_STEP][PASSED] - if (debug): null

27-02-2025T17:30:27 - [TEST_STEP][PASSED] - y = loc.getY(): null

27-02-2025T17:30:27 - [TEST_STEP][PASSED] - println("Y location is " + y): null

27-02-2025T17:30:27 - [TEST_STEP][PASSED] - top = getViewportTopPosition(): Current viewport's top (y) position is 318

27-02-2025T17:30:27 - [MESSAGE][PASSED] - Current viewport's top (y) position is 318

27-02-2025T17:30:27 - [TEST_STEP][PASSED] - println("Viewport top is " + top): null

27-02-2025T17:30:27 - [TEST_STEP][PASSED] - bottom = top + 600: null

27-02-2025T17:30:27 - [TEST_STEP][PASSED] - if (y - top < 150 || bottom - y < 10): null

27-02-2025T17:30:27 - [TEST_STEP][PASSED] - elem.click(): null

27-02-2025T17:30:27 - [TEST_STEP][PASSED] - if (debug): null

27-02-2025T17:30:27 - [TEST_STEP][PASSED] - if (varParms[i].indexOf("Europe") >= 0): null

27-02-2025T17:30:27 - [TEST_STEP][PASSED] - elements = driver.findElements(By.xpath(varXpaths[i])): null

27-02-2025T17:30:27 - [TEST_STEP][PASSED] - element_count = elements.size(): null

27-02-2025T17:30:27 - [TEST_STEP][PASSED] - for (def element : elements): null

27-02-2025T17:30:27 - [TEST_STEP][PASSED] - myValue = element.getAttribute("value"): null

27-02-2025T17:30:27 - [TEST_STEP][PASSED] - if (debug): null

27-02-2025T17:30:27 - [TEST_STEP][PASSED] - if (myValue.length() >= 4): null

27-02-2025T17:30:27 - [TEST_STEP][PASSED] - if (myValue.substring(0, 4) == "(!) "): null

27-02-2025T17:30:27 - [TEST_STEP][PASSED] - myType = element.getAttribute("type"): null

27-02-2025T17:30:27 - [TEST_STEP][PASSED] - if (myValue in varParms[i]): null

27-02-2025T17:30:27 - [TEST_STEP][PASSED] - else: null

27-02-2025T17:30:27 - [TEST_STEP][PASSED] - inList = false: null

27-02-2025T17:30:27 - [TEST_STEP][PASSED] - if (myType == "checkbox"): null

27-02-2025T17:30:27 - [TEST_STEP][PASSED] - myStatus = element.isSelected(): null

27-02-2025T17:30:27 - [TEST_STEP][PASSED] - if (debug): null

27-02-2025T17:30:27 - [TEST_STEP][PASSED] - if (toggle && myStatus && inList): null

27-02-2025T17:30:27 - [TEST_STEP][PASSED] - if (!(myStatus) && inList || myStatus && !(inList)): null

27-02-2025T17:30:27 - [TEST_STEP][PASSED] - myValue = element.getAttribute("value"): null

27-02-2025T17:30:28 - [TEST_STEP][PASSED] - if (debug): null

27-02-2025T17:30:28 - [TEST_STEP][PASSED] - if (myValue.length() >= 4): null

27-02-2025T17:30:28 - [TEST_STEP][PASSED] - if (myValue.substring(0, 4) == "(!) "): null

27-02-2025T17:30:28 - [TEST_STEP][PASSED] - myType = element.getAttribute("type"): null

27-02-2025T17:30:28 - [TEST_STEP][PASSED] - if (myValue in varParms[i]): null

27-02-2025T17:30:28 - [TEST_STEP][PASSED] - else: null

27-02-2025T17:30:28 - [TEST_STEP][PASSED] - inList = false: null

27-02-2025T17:30:28 - [TEST_STEP][PASSED] - if (myType == "checkbox"): null

27-02-2025T17:30:28 - [TEST_STEP][PASSED] - myStatus = element.isSelected(): null

27-02-2025T17:30:28 - [TEST_STEP][PASSED] - if (debug): null

27-02-2025T17:30:28 - [TEST_STEP][PASSED] - if (toggle && myStatus && inList): null

27-02-2025T17:30:28 - [TEST_STEP][PASSED] - if (!(myStatus) && inList || myStatus && !(inList)): null

27-02-2025T17:30:28 - [TEST_STEP][PASSED] - myValue = element.getAttribute("value"): null

27-02-2025T17:30:28 - [TEST_STEP][PASSED] - if (debug): null

27-02-2025T17:30:28 - [TEST_STEP][PASSED] - if (myValue.length() >= 4): null

27-02-2025T17:30:28 - [TEST_STEP][PASSED] - if (myValue.substring(0, 4) == "(!) "): null

27-02-2025T17:30:28 - [TEST_STEP][PASSED] - myType = element.getAttribute("type"): null

27-02-2025T17:30:28 - [TEST_STEP][PASSED] - if (myValue in varParms[i]): null

27-02-2025T17:30:28 - [TEST_STEP][PASSED] - inList = true: null

27-02-2025T17:30:28 - [TEST_STEP][PASSED] - if (myType == "checkbox"): null

27-02-2025T17:30:28 - [TEST_STEP][PASSED] - myStatus = element.isSelected(): null

27-02-2025T17:30:28 - [TEST_STEP][PASSED] - if (debug): null

27-02-2025T17:30:28 - [TEST_STEP][PASSED] - if (toggle && myStatus && inList): null

27-02-2025T17:30:28 - [TEST_STEP][PASSED] - if (!(myStatus) && inList || myStatus && !(inList)): null

27-02-2025T17:30:28 - [TEST_STEP][PASSED] - if (debug): null

27-02-2025T17:30:28 - [TEST_STEP][PASSED] - println("Clicking " + myValue): null

27-02-2025T17:30:28 - [TEST_STEP][PASSED] - click(element): null

27-02-2025T17:30:28 - [TEST_STEP][PASSED] - scrollToObject(elem): null

27-02-2025T17:30:28 - [TEST_STEP][PASSED] - loc = element.getLocation(): null

27-02-2025T17:30:28 - [TEST_STEP][PASSED] - if (debug): null

27-02-2025T17:30:28 - [TEST_STEP][PASSED] - y = loc.getY(): null

27-02-2025T17:30:28 - [TEST_STEP][PASSED] - println("Y location is " + y): null

27-02-2025T17:30:28 - [TEST_STEP][PASSED] - top = getViewportTopPosition(): Current viewport's top (y) position is 318

27-02-2025T17:30:28 - [MESSAGE][PASSED] - Current viewport's top (y) position is 318

27-02-2025T17:30:28 - [TEST_STEP][PASSED] - println("Viewport top is " + top): null

27-02-2025T17:30:28 - [TEST_STEP][PASSED] - bottom = top + 600: null

27-02-2025T17:30:28 - [TEST_STEP][PASSED] - if (y - top < 150 || bottom - y < 10): null

27-02-2025T17:30:28 - [TEST_STEP][PASSED] - elem.click(): null

27-02-2025T17:30:28 - [TEST_STEP][PASSED] - myValue = element.getAttribute("value"): null

27-02-2025T17:30:28 - [TEST_STEP][PASSED] - if (debug): null

27-02-2025T17:30:28 - [TEST_STEP][PASSED] - if (myValue.length() >= 4): null

27-02-2025T17:30:28 - [TEST_STEP][PASSED] - if (myValue.substring(0, 4) == "(!) "): null

27-02-2025T17:30:28 - [TEST_STEP][PASSED] - myType = element.getAttribute("type"): null

27-02-2025T17:30:28 - [TEST_STEP][PASSED] - if (myValue in varParms[i]): null

27-02-2025T17:30:28 - [TEST_STEP][PASSED] - inList = true: null

27-02-2025T17:30:28 - [TEST_STEP][PASSED] - if (myType == "checkbox"): null

27-02-2025T17:30:28 - [TEST_STEP][PASSED] - myStatus = element.isSelected(): null

27-02-2025T17:30:28 - [TEST_STEP][PASSED] - if (debug): null

27-02-2025T17:30:28 - [TEST_STEP][PASSED] - if (toggle && myStatus && inList): null

27-02-2025T17:30:28 - [TEST_STEP][PASSED] - if (!(myStatus) && inList || myStatus && !(inList)): null

27-02-2025T17:30:28 - [TEST_STEP][PASSED] - if (debug): null

27-02-2025T17:30:28 - [TEST_STEP][PASSED] - println("Clicking " + myValue): null

27-02-2025T17:30:28 - [TEST_STEP][PASSED] - click(element): null

27-02-2025T17:30:28 - [TEST_STEP][PASSED] - scrollToObject(elem): null

27-02-2025T17:30:28 - [TEST_STEP][PASSED] - loc = element.getLocation(): null

27-02-2025T17:30:28 - [TEST_STEP][PASSED] - if (debug): null

27-02-2025T17:30:28 - [TEST_STEP][PASSED] - y = loc.getY(): null

27-02-2025T17:30:28 - [TEST_STEP][PASSED] - println("Y location is " + y): null

27-02-2025T17:30:28 - [TEST_STEP][PASSED] - top = getViewportTopPosition(): Current viewport's top (y) position is 318

27-02-2025T17:30:28 - [MESSAGE][PASSED] - Current viewport's top (y) position is 318

27-02-2025T17:30:28 - [TEST_STEP][PASSED] - println("Viewport top is " + top): null

27-02-2025T17:30:28 - [TEST_STEP][PASSED] - bottom = top + 600: null

27-02-2025T17:30:28 - [TEST_STEP][PASSED] - if (y - top < 150 || bottom - y < 10): null

27-02-2025T17:30:28 - [TEST_STEP][PASSED] - elem.click(): null

27-02-2025T17:30:28 - [TEST_STEP][PASSED] - myValue = element.getAttribute("value"): null

27-02-2025T17:30:28 - [TEST_STEP][PASSED] - if (debug): null

27-02-2025T17:30:28 - [TEST_STEP][PASSED] - if (myValue.length() >= 4): null

27-02-2025T17:30:28 - [TEST_STEP][PASSED] - if (myValue.substring(0, 4) == "(!) "): null

27-02-2025T17:30:28 - [TEST_STEP][PASSED] - myValue = myValue.substring(4): null

27-02-2025T17:30:28 - [TEST_STEP][PASSED] - if (debug): null

27-02-2025T17:30:28 - [TEST_STEP][PASSED] - myType = element.getAttribute("type"): null

27-02-2025T17:30:28 - [TEST_STEP][PASSED] - if (myValue in varParms[i]): null

27-02-2025T17:30:28 - [TEST_STEP][PASSED] - else: null

27-02-2025T17:30:28 - [TEST_STEP][PASSED] - inList = false: null

27-02-2025T17:30:28 - [TEST_STEP][PASSED] - if (myType == "checkbox"): null

27-02-2025T17:30:28 - [TEST_STEP][PASSED] - myStatus = element.isSelected(): null

27-02-2025T17:30:28 - [TEST_STEP][PASSED] - if (debug): null

27-02-2025T17:30:28 - [TEST_STEP][PASSED] - if (toggle && myStatus && inList): null

27-02-2025T17:30:28 - [TEST_STEP][PASSED] - if (!(myStatus) && inList || myStatus && !(inList)): null

27-02-2025T17:30:28 - [TEST_STEP][PASSED] - if (debug): null

27-02-2025T17:30:28 - [TEST_STEP][PASSED] - if (varParms[i].indexOf("Europe") >= 0): null

27-02-2025T17:30:28 - [TEST_STEP][PASSED] - elements = driver.findElements(By.xpath(varXpaths[i])): null

27-02-2025T17:30:28 - [TEST_STEP][PASSED] - element_count = elements.size(): null

27-02-2025T17:30:28 - [TEST_STEP][PASSED] - for (def element : elements): null

27-02-2025T17:30:28 - [TEST_STEP][PASSED] - myValue = element.getAttribute("value"): null

27-02-2025T17:30:28 - [TEST_STEP][PASSED] - if (debug): null

27-02-2025T17:30:28 - [TEST_STEP][PASSED] - if (myValue.length() >= 4): null

27-02-2025T17:30:28 - [TEST_STEP][PASSED] - if (myValue.substring(0, 4) == "(!) "): null

27-02-2025T17:30:28 - [TEST_STEP][PASSED] - myValue = myValue.substring(4): null

27-02-2025T17:30:28 - [TEST_STEP][PASSED] - if (debug): null

27-02-2025T17:30:28 - [TEST_STEP][PASSED] - myType = element.getAttribute("type"): null

27-02-2025T17:30:28 - [TEST_STEP][PASSED] - if (myValue in varParms[i]): null

27-02-2025T17:30:28 - [TEST_STEP][PASSED] - inList = true: null

27-02-2025T17:30:28 - [TEST_STEP][PASSED] - if (myType == "checkbox"): null

27-02-2025T17:30:28 - [TEST_STEP][PASSED] - myStatus = element.isSelected(): null

27-02-2025T17:30:28 - [TEST_STEP][PASSED] - if (debug): null

27-02-2025T17:30:28 - [TEST_STEP][PASSED] - if (toggle && myStatus && inList): null

27-02-2025T17:30:28 - [TEST_STEP][PASSED] - if (!(myStatus) && inList || myStatus && !(inList)): null

27-02-2025T17:30:28 - [TEST_STEP][PASSED] - if (debug): null

27-02-2025T17:30:28 - [TEST_STEP][PASSED] - println("Clicking " + myValue): null

27-02-2025T17:30:28 - [TEST_STEP][PASSED] - click(element): null

27-02-2025T17:30:28 - [TEST_STEP][PASSED] - scrollToObject(elem): null

27-02-2025T17:30:28 - [TEST_STEP][PASSED] - loc = element.getLocation(): null

27-02-2025T17:30:28 - [TEST_STEP][PASSED] - if (debug): null

27-02-2025T17:30:28 - [TEST_STEP][PASSED] - y = loc.getY(): null

27-02-2025T17:30:28 - [TEST_STEP][PASSED] - println("Y location is " + y): null

27-02-2025T17:30:28 - [TEST_STEP][PASSED] - top = getViewportTopPosition(): Current viewport's top (y) position is 318

27-02-2025T17:30:28 - [MESSAGE][PASSED] - Current viewport's top (y) position is 318

27-02-2025T17:30:28 - [TEST_STEP][PASSED] - println("Viewport top is " + top): null

27-02-2025T17:30:28 - [TEST_STEP][PASSED] - bottom = top + 600: null

27-02-2025T17:30:28 - [TEST_STEP][PASSED] - if (y - top < 150 || bottom - y < 10): null

27-02-2025T17:30:28 - [TEST_STEP][PASSED] - elem.click(): null

27-02-2025T17:30:28 - [TEST_STEP][PASSED] - myValue = element.getAttribute("value"): null

27-02-2025T17:30:28 - [TEST_STEP][PASSED] - if (debug): null

27-02-2025T17:30:28 - [TEST_STEP][PASSED] - if (myValue.length() >= 4): null

27-02-2025T17:30:28 - [TEST_STEP][PASSED] - if (myValue.substring(0, 4) == "(!) "): null

27-02-2025T17:30:28 - [TEST_STEP][PASSED] - myType = element.getAttribute("type"): null

27-02-2025T17:30:28 - [TEST_STEP][PASSED] - if (myValue in varParms[i]): null

27-02-2025T17:30:28 - [TEST_STEP][PASSED] - inList = true: null

27-02-2025T17:30:28 - [TEST_STEP][PASSED] - if (myType == "checkbox"): null

27-02-2025T17:30:28 - [TEST_STEP][PASSED] - myStatus = element.isSelected(): null

27-02-2025T17:30:28 - [TEST_STEP][PASSED] - if (debug): null

27-02-2025T17:30:28 - [TEST_STEP][PASSED] - if (toggle && myStatus && inList): null

27-02-2025T17:30:28 - [TEST_STEP][PASSED] - if (!(myStatus) && inList || myStatus && !(inList)): null

27-02-2025T17:30:28 - [TEST_STEP][PASSED] - if (debug): null

27-02-2025T17:30:28 - [TEST_STEP][PASSED] - println("Clicking " + myValue): null

27-02-2025T17:30:28 - [TEST_STEP][PASSED] - click(element): null

27-02-2025T17:30:28 - [TEST_STEP][PASSED] - scrollToObject(elem): null

27-02-2025T17:30:28 - [TEST_STEP][PASSED] - loc = element.getLocation(): null

27-02-2025T17:30:28 - [TEST_STEP][PASSED] - if (debug): null

27-02-2025T17:30:28 - [TEST_STEP][PASSED] - y = loc.getY(): null

27-02-2025T17:30:28 - [TEST_STEP][PASSED] - println("Y location is " + y): null

27-02-2025T17:30:28 - [TEST_STEP][PASSED] - top = getViewportTopPosition(): Current viewport's top (y) position is 318

27-02-2025T17:30:28 - [MESSAGE][PASSED] - Current viewport's top (y) position is 318

27-02-2025T17:30:28 - [TEST_STEP][PASSED] - println("Viewport top is " + top): null

27-02-2025T17:30:28 - [TEST_STEP][PASSED] - bottom = top + 600: null

27-02-2025T17:30:28 - [TEST_STEP][PASSED] - if (y - top < 150 || bottom - y < 10): null

27-02-2025T17:30:28 - [TEST_STEP][PASSED] - elem.click(): null

27-02-2025T17:30:28 - [TEST_STEP][PASSED] - myValue = element.getAttribute("value"): null

27-02-2025T17:30:28 - [TEST_STEP][PASSED] - if (debug): null

27-02-2025T17:30:28 - [TEST_STEP][PASSED] - if (myValue.length() >= 4): null

27-02-2025T17:30:28 - [TEST_STEP][PASSED] - if (myValue.substring(0, 4) == "(!) "): null

27-02-2025T17:30:28 - [TEST_STEP][PASSED] - myType = element.getAttribute("type"): null

27-02-2025T17:30:28 - [TEST_STEP][PASSED] - if (myValue in varParms[i]): null

27-02-2025T17:30:28 - [TEST_STEP][PASSED] - inList = true: null

27-02-2025T17:30:28 - [TEST_STEP][PASSED] - if (myType == "checkbox"): null

27-02-2025T17:30:28 - [TEST_STEP][PASSED] - myStatus = element.isSelected(): null

27-02-2025T17:30:28 - [TEST_STEP][PASSED] - if (debug): null

27-02-2025T17:30:28 - [TEST_STEP][PASSED] - if (toggle && myStatus && inList): null

27-02-2025T17:30:28 - [TEST_STEP][PASSED] - if (!(myStatus) && inList || myStatus && !(inList)): null

27-02-2025T17:30:28 - [TEST_STEP][PASSED] - if (debug): null

27-02-2025T17:30:28 - [TEST_STEP][PASSED] - println("Clicking " + myValue): null

27-02-2025T17:30:28 - [TEST_STEP][PASSED] - click(element): null

27-02-2025T17:30:28 - [TEST_STEP][PASSED] - scrollToObject(elem): null

27-02-2025T17:30:28 - [TEST_STEP][PASSED] - loc = element.getLocation(): null

27-02-2025T17:30:28 - [TEST_STEP][PASSED] - if (debug): null

27-02-2025T17:30:28 - [TEST_STEP][PASSED] - y = loc.getY(): null

27-02-2025T17:30:28 - [TEST_STEP][PASSED] - println("Y location is " + y): null

27-02-2025T17:30:28 - [TEST_STEP][PASSED] - top = getViewportTopPosition(): Current viewport's top (y) position is 318

27-02-2025T17:30:28 - [MESSAGE][PASSED] - Current viewport's top (y) position is 318

27-02-2025T17:30:28 - [TEST_STEP][PASSED] - println("Viewport top is " + top): null

27-02-2025T17:30:28 - [TEST_STEP][PASSED] - bottom = top + 600: null

27-02-2025T17:30:28 - [TEST_STEP][PASSED] - if (y - top < 150 || bottom - y < 10): null

27-02-2025T17:30:28 - [TEST_STEP][PASSED] - elem.click(): null

27-02-2025T17:30:28 - [TEST_STEP][PASSED] - if (debug): null

27-02-2025T17:30:28 - [TEST_STEP][PASSED] - if (varParms[i].indexOf("Europe") >= 0): null

27-02-2025T17:30:28 - [TEST_STEP][PASSED] - elements = driver.findElements(By.xpath(varXpaths[i])): null

27-02-2025T17:30:28 - [TEST_STEP][PASSED] - element_count = elements.size(): null

27-02-2025T17:30:28 - [TEST_STEP][PASSED] - for (def element : elements): null

27-02-2025T17:30:28 - [TEST_STEP][PASSED] - myValue = element.getAttribute("value"): null

27-02-2025T17:30:28 - [TEST_STEP][PASSED] - if (debug): null

27-02-2025T17:30:28 - [TEST_STEP][PASSED] - if (myValue.length() >= 4): null

27-02-2025T17:30:28 - [TEST_STEP][PASSED] - if (myValue.substring(0, 4) == "(!) "): null

27-02-2025T17:30:28 - [TEST_STEP][PASSED] - myType = element.getAttribute("type"): null

27-02-2025T17:30:28 - [TEST_STEP][PASSED] - if (myValue in varParms[i]): null

27-02-2025T17:30:28 - [TEST_STEP][PASSED] - inList = true: null

27-02-2025T17:30:28 - [TEST_STEP][PASSED] - if (myType == "checkbox"): null

27-02-2025T17:30:28 - [TEST_STEP][PASSED] - myStatus = element.isSelected(): null

27-02-2025T17:30:28 - [TEST_STEP][PASSED] - if (debug): null

27-02-2025T17:30:28 - [TEST_STEP][PASSED] - if (toggle && myStatus && inList): null

27-02-2025T17:30:28 - [TEST_STEP][PASSED] - if (!(myStatus) && inList || myStatus && !(inList)): null

27-02-2025T17:30:28 - [TEST_STEP][PASSED] - if (debug): null

27-02-2025T17:30:28 - [TEST_STEP][PASSED] - println("Clicking " + myValue): null

27-02-2025T17:30:28 - [TEST_STEP][PASSED] - click(element): null

27-02-2025T17:30:28 - [TEST_STEP][PASSED] - scrollToObject(elem): null

27-02-2025T17:30:28 - [TEST_STEP][PASSED] - loc = element.getLocation(): null

27-02-2025T17:30:28 - [TEST_STEP][PASSED] - if (debug): null

27-02-2025T17:30:28 - [TEST_STEP][PASSED] - y = loc.getY(): null

27-02-2025T17:30:28 - [TEST_STEP][PASSED] - println("Y location is " + y): null

27-02-2025T17:30:28 - [TEST_STEP][PASSED] - top = getViewportTopPosition(): Current viewport's top (y) position is 318

27-02-2025T17:30:28 - [MESSAGE][PASSED] - Current viewport's top (y) position is 318

27-02-2025T17:30:28 - [TEST_STEP][PASSED] - println("Viewport top is " + top): null

27-02-2025T17:30:28 - [TEST_STEP][PASSED] - bottom = top + 600: null

27-02-2025T17:30:28 - [TEST_STEP][PASSED] - if (y - top < 150 || bottom - y < 10): null

27-02-2025T17:30:28 - [TEST_STEP][PASSED] - elem.click(): null

27-02-2025T17:30:28 - [TEST_STEP][PASSED] - myValue = element.getAttribute("value"): null

27-02-2025T17:30:28 - [TEST_STEP][PASSED] - if (debug): null

27-02-2025T17:30:28 - [TEST_STEP][PASSED] - if (myValue.length() >= 4): null

27-02-2025T17:30:28 - [TEST_STEP][PASSED] - if (myValue.substring(0, 4) == "(!) "): null

27-02-2025T17:30:28 - [TEST_STEP][PASSED] - myType = element.getAttribute("type"): null

27-02-2025T17:30:28 - [TEST_STEP][PASSED] - if (myValue in varParms[i]): null

27-02-2025T17:30:28 - [TEST_STEP][PASSED] - inList = true: null

27-02-2025T17:30:28 - [TEST_STEP][PASSED] - if (myType == "checkbox"): null

27-02-2025T17:30:28 - [TEST_STEP][PASSED] - myStatus = element.isSelected(): null

27-02-2025T17:30:28 - [TEST_STEP][PASSED] - if (debug): null

27-02-2025T17:30:28 - [TEST_STEP][PASSED] - if (toggle && myStatus && inList): null

27-02-2025T17:30:28 - [TEST_STEP][PASSED] - if (!(myStatus) && inList || myStatus && !(inList)): null

27-02-2025T17:30:28 - [TEST_STEP][PASSED] - if (debug): null

27-02-2025T17:30:28 - [TEST_STEP][PASSED] - println("Clicking " + myValue): null

27-02-2025T17:30:28 - [TEST_STEP][PASSED] - click(element): null

27-02-2025T17:30:28 - [TEST_STEP][PASSED] - scrollToObject(elem): null

27-02-2025T17:30:28 - [TEST_STEP][PASSED] - loc = element.getLocation(): null

27-02-2025T17:30:28 - [TEST_STEP][PASSED] - if (debug): null

27-02-2025T17:30:28 - [TEST_STEP][PASSED] - y = loc.getY(): null

27-02-2025T17:30:28 - [TEST_STEP][PASSED] - println("Y location is " + y): null

27-02-2025T17:30:28 - [TEST_STEP][PASSED] - top = getViewportTopPosition(): Current viewport's top (y) position is 318

27-02-2025T17:30:28 - [MESSAGE][PASSED] - Current viewport's top (y) position is 318

27-02-2025T17:30:28 - [TEST_STEP][PASSED] - println("Viewport top is " + top): null

27-02-2025T17:30:28 - [TEST_STEP][PASSED] - bottom = top + 600: null

27-02-2025T17:30:28 - [TEST_STEP][PASSED] - if (y - top < 150 || bottom - y < 10): null

27-02-2025T17:30:28 - [TEST_STEP][PASSED] - elem.click(): null

27-02-2025T17:30:28 - [TEST_STEP][PASSED] - myValue = element.getAttribute("value"): null

27-02-2025T17:30:28 - [TEST_STEP][PASSED] - if (debug): null

27-02-2025T17:30:28 - [TEST_STEP][PASSED] - if (myValue.length() >= 4): null

27-02-2025T17:30:28 - [TEST_STEP][PASSED] - if (myValue.substring(0, 4) == "(!) "): null

27-02-2025T17:30:28 - [TEST_STEP][PASSED] - myType = element.getAttribute("type"): null

27-02-2025T17:30:28 - [TEST_STEP][PASSED] - if (myValue in varParms[i]): null

27-02-2025T17:30:28 - [TEST_STEP][PASSED] - inList = true: null

27-02-2025T17:30:28 - [TEST_STEP][PASSED] - if (myType == "checkbox"): null

27-02-2025T17:30:28 - [TEST_STEP][PASSED] - myStatus = element.isSelected(): null

27-02-2025T17:30:28 - [TEST_STEP][PASSED] - if (debug): null

27-02-2025T17:30:28 - [TEST_STEP][PASSED] - if (toggle && myStatus && inList): null

27-02-2025T17:30:28 - [TEST_STEP][PASSED] - if (!(myStatus) && inList || myStatus && !(inList)): null

27-02-2025T17:30:28 - [TEST_STEP][PASSED] - if (debug): null

27-02-2025T17:30:28 - [TEST_STEP][PASSED] - println("Clicking " + myValue): null

27-02-2025T17:30:28 - [TEST_STEP][PASSED] - click(element): null

27-02-2025T17:30:28 - [TEST_STEP][PASSED] - scrollToObject(elem): null

27-02-2025T17:30:28 - [TEST_STEP][PASSED] - loc = element.getLocation(): null

27-02-2025T17:30:28 - [TEST_STEP][PASSED] - if (debug): null

27-02-2025T17:30:28 - [TEST_STEP][PASSED] - y = loc.getY(): null

27-02-2025T17:30:28 - [TEST_STEP][PASSED] - println("Y location is " + y): null

27-02-2025T17:30:28 - [TEST_STEP][PASSED] - top = getViewportTopPosition(): Current viewport's top (y) position is 318

27-02-2025T17:30:28 - [MESSAGE][PASSED] - Current viewport's top (y) position is 318

27-02-2025T17:30:28 - [TEST_STEP][PASSED] - println("Viewport top is " + top): null

27-02-2025T17:30:28 - [TEST_STEP][PASSED] - bottom = top + 600: null

27-02-2025T17:30:28 - [TEST_STEP][PASSED] - if (y - top < 150 || bottom - y < 10): null

27-02-2025T17:30:28 - [TEST_STEP][PASSED] - elem.click(): null

27-02-2025T17:30:28 - [TEST_STEP][PASSED] - myValue = element.getAttribute("value"): null

27-02-2025T17:30:28 - [TEST_STEP][PASSED] - if (debug): null

27-02-2025T17:30:28 - [TEST_STEP][PASSED] - if (myValue.length() >= 4): null

27-02-2025T17:30:28 - [TEST_STEP][PASSED] - if (myValue.substring(0, 4) == "(!) "): null

27-02-2025T17:30:28 - [TEST_STEP][PASSED] - myType = element.getAttribute("type"): null

27-02-2025T17:30:28 - [TEST_STEP][PASSED] - if (myValue in varParms[i]): null

27-02-2025T17:30:28 - [TEST_STEP][PASSED] - inList = true: null

27-02-2025T17:30:28 - [TEST_STEP][PASSED] - if (myType == "checkbox"): null

27-02-2025T17:30:28 - [TEST_STEP][PASSED] - myStatus = element.isSelected(): null

27-02-2025T17:30:28 - [TEST_STEP][PASSED] - if (debug): null

27-02-2025T17:30:28 - [TEST_STEP][PASSED] - if (toggle && myStatus && inList): null

27-02-2025T17:30:28 - [TEST_STEP][PASSED] - if (!(myStatus) && inList || myStatus && !(inList)): null

27-02-2025T17:30:28 - [TEST_STEP][PASSED] - if (debug): null

27-02-2025T17:30:28 - [TEST_STEP][PASSED] - println("Clicking " + myValue): null

27-02-2025T17:30:28 - [TEST_STEP][PASSED] - click(element): null

27-02-2025T17:30:28 - [TEST_STEP][PASSED] - scrollToObject(elem): null

27-02-2025T17:30:28 - [TEST_STEP][PASSED] - loc = element.getLocation(): null

27-02-2025T17:30:28 - [TEST_STEP][PASSED] - if (debug): null

27-02-2025T17:30:28 - [TEST_STEP][PASSED] - y = loc.getY(): null

27-02-2025T17:30:28 - [TEST_STEP][PASSED] - println("Y location is " + y): null

27-02-2025T17:30:28 - [TEST_STEP][PASSED] - top = getViewportTopPosition(): Current viewport's top (y) position is 318

27-02-2025T17:30:28 - [MESSAGE][PASSED] - Current viewport's top (y) position is 318

27-02-2025T17:30:28 - [TEST_STEP][PASSED] - println("Viewport top is " + top): null

27-02-2025T17:30:28 - [TEST_STEP][PASSED] - bottom = top + 600: null

27-02-2025T17:30:28 - [TEST_STEP][PASSED] - if (y - top < 150 || bottom - y < 10): null

27-02-2025T17:30:28 - [TEST_STEP][PASSED] - elem.click(): null

27-02-2025T17:30:28 - [TEST_STEP][PASSED] - if (debug): null

27-02-2025T17:30:28 - [TEST_STEP][PASSED] - if (varParms[i].indexOf("Europe") >= 0): null

27-02-2025T17:30:28 - [TEST_STEP][PASSED] - elements = driver.findElements(By.xpath(varXpaths[i])): null

27-02-2025T17:30:28 - [TEST_STEP][PASSED] - element_count = elements.size(): null

27-02-2025T17:30:28 - [TEST_STEP][PASSED] - for (def element : elements): null

27-02-2025T17:30:28 - [TEST_STEP][PASSED] - myValue = element.getAttribute("value"): null

27-02-2025T17:30:28 - [TEST_STEP][PASSED] - if (debug): null

27-02-2025T17:30:28 - [TEST_STEP][PASSED] - if (myValue.length() >= 4): null

27-02-2025T17:30:28 - [TEST_STEP][PASSED] - if (myValue.substring(0, 4) == "(!) "): null

27-02-2025T17:30:28 - [TEST_STEP][PASSED] - myType = element.getAttribute("type"): null

27-02-2025T17:30:28 - [TEST_STEP][PASSED] - if (myValue in varParms[i]): null

27-02-2025T17:30:28 - [TEST_STEP][PASSED] - else: null

27-02-2025T17:30:28 - [TEST_STEP][PASSED] - inList = false: null

27-02-2025T17:30:28 - [TEST_STEP][PASSED] - if (myType == "checkbox"): null

27-02-2025T17:30:28 - [TEST_STEP][PASSED] - myStatus = element.isSelected(): null

27-02-2025T17:30:28 - [TEST_STEP][PASSED] - if (debug): null

27-02-2025T17:30:28 - [TEST_STEP][PASSED] - if (toggle && myStatus && inList): null

27-02-2025T17:30:28 - [TEST_STEP][PASSED] - if (!(myStatus) && inList || myStatus && !(inList)): null

27-02-2025T17:30:28 - [TEST_STEP][PASSED] - myValue = element.getAttribute("value"): null

27-02-2025T17:30:28 - [TEST_STEP][PASSED] - if (debug): null

27-02-2025T17:30:28 - [TEST_STEP][PASSED] - if (myValue.length() >= 4): null

27-02-2025T17:30:28 - [TEST_STEP][PASSED] - if (myValue.substring(0, 4) == "(!) "): null

27-02-2025T17:30:28 - [TEST_STEP][PASSED] - myType = element.getAttribute("type"): null

27-02-2025T17:30:28 - [TEST_STEP][PASSED] - if (myValue in varParms[i]): null

27-02-2025T17:30:28 - [TEST_STEP][PASSED] - inList = true: null

27-02-2025T17:30:28 - [TEST_STEP][PASSED] - if (myType == "checkbox"): null

27-02-2025T17:30:28 - [TEST_STEP][PASSED] - myStatus = element.isSelected(): null

27-02-2025T17:30:28 - [TEST_STEP][PASSED] - if (debug): null

27-02-2025T17:30:28 - [TEST_STEP][PASSED] - if (toggle && myStatus && inList): null

27-02-2025T17:30:28 - [TEST_STEP][PASSED] - if (!(myStatus) && inList || myStatus && !(inList)): null

27-02-2025T17:30:28 - [TEST_STEP][PASSED] - if (debug): null

27-02-2025T17:30:28 - [TEST_STEP][PASSED] - println("Clicking " + myValue): null

27-02-2025T17:30:28 - [TEST_STEP][PASSED] - click(element): null

27-02-2025T17:30:28 - [TEST_STEP][PASSED] - scrollToObject(elem): null

27-02-2025T17:30:28 - [TEST_STEP][PASSED] - loc = element.getLocation(): null

27-02-2025T17:30:28 - [TEST_STEP][PASSED] - if (debug): null

27-02-2025T17:30:28 - [TEST_STEP][PASSED] - y = loc.getY(): null

27-02-2025T17:30:28 - [TEST_STEP][PASSED] - println("Y location is " + y): null

27-02-2025T17:30:28 - [TEST_STEP][PASSED] - top = getViewportTopPosition(): Current viewport's top (y) position is 318

27-02-2025T17:30:28 - [MESSAGE][PASSED] - Current viewport's top (y) position is 318

27-02-2025T17:30:28 - [TEST_STEP][PASSED] - println("Viewport top is " + top): null

27-02-2025T17:30:28 - [TEST_STEP][PASSED] - bottom = top + 600: null

27-02-2025T17:30:28 - [TEST_STEP][PASSED] - if (y - top < 150 || bottom - y < 10): null

27-02-2025T17:30:28 - [TEST_STEP][PASSED] - elem.click(): null

27-02-2025T17:30:28 - [TEST_STEP][PASSED] - myValue = element.getAttribute("value"): null

27-02-2025T17:30:28 - [TEST_STEP][PASSED] - if (debug): null

27-02-2025T17:30:28 - [TEST_STEP][PASSED] - if (myValue.length() >= 4): null

27-02-2025T17:30:28 - [TEST_STEP][PASSED] - if (myValue.substring(0, 4) == "(!) "): null

27-02-2025T17:30:28 - [TEST_STEP][PASSED] - myType = element.getAttribute("type"): null

27-02-2025T17:30:28 - [TEST_STEP][PASSED] - if (myValue in varParms[i]): null

27-02-2025T17:30:28 - [TEST_STEP][PASSED] - inList = true: null

27-02-2025T17:30:28 - [TEST_STEP][PASSED] - if (myType == "checkbox"): null

27-02-2025T17:30:28 - [TEST_STEP][PASSED] - myStatus = element.isSelected(): null

27-02-2025T17:30:28 - [TEST_STEP][PASSED] - if (debug): null

27-02-2025T17:30:28 - [TEST_STEP][PASSED] - if (toggle && myStatus && inList): null

27-02-2025T17:30:28 - [TEST_STEP][PASSED] - if (!(myStatus) && inList || myStatus && !(inList)): null

27-02-2025T17:30:28 - [TEST_STEP][PASSED] - if (debug): null

27-02-2025T17:30:28 - [TEST_STEP][PASSED] - println("Clicking " + myValue): null

27-02-2025T17:30:28 - [TEST_STEP][PASSED] - click(element): null

27-02-2025T17:30:28 - [TEST_STEP][PASSED] - scrollToObject(elem): null

27-02-2025T17:30:28 - [TEST_STEP][PASSED] - loc = element.getLocation(): null

27-02-2025T17:30:28 - [TEST_STEP][PASSED] - if (debug): null

27-02-2025T17:30:28 - [TEST_STEP][PASSED] - y = loc.getY(): null

27-02-2025T17:30:28 - [TEST_STEP][PASSED] - println("Y location is " + y): null

27-02-2025T17:30:28 - [TEST_STEP][PASSED] - top = getViewportTopPosition(): Current viewport's top (y) position is 318

27-02-2025T17:30:28 - [MESSAGE][PASSED] - Current viewport's top (y) position is 318

27-02-2025T17:30:28 - [TEST_STEP][PASSED] - println("Viewport top is " + top): null

27-02-2025T17:30:28 - [TEST_STEP][PASSED] - bottom = top + 600: null

27-02-2025T17:30:28 - [TEST_STEP][PASSED] - if (y - top < 150 || bottom - y < 10): Delayed 1 second(s)

27-02-2025T17:30:28 - [TEST_STEP][PASSED] - scrollToPosition(0, y - 150): Browser is scrolled to position x = 0, y = 762

27-02-2025T17:30:28 - [MESSAGE][PASSED] - Browser is scrolled to position x = 0, y = 762

27-02-2025T17:30:28 - [TEST_STEP][PASSED] - delay(1): Delayed 1 second(s)

27-02-2025T17:30:29 - [MESSAGE][PASSED] - Delayed 1 second(s)

27-02-2025T17:30:29 - [TEST_STEP][PASSED] - elem.click(): null

27-02-2025T17:30:29 - [TEST_STEP][PASSED] - myValue = element.getAttribute("value"): null

27-02-2025T17:30:29 - [TEST_STEP][PASSED] - if (debug): null

27-02-2025T17:30:29 - [TEST_STEP][PASSED] - if (myValue.length() >= 4): null

27-02-2025T17:30:29 - [TEST_STEP][PASSED] - if (myValue.substring(0, 4) == "(!) "): null

27-02-2025T17:30:29 - [TEST_STEP][PASSED] - myValue = myValue.substring(4): null

27-02-2025T17:30:29 - [TEST_STEP][PASSED] - if (debug): null

27-02-2025T17:30:29 - [TEST_STEP][PASSED] - myType = element.getAttribute("type"): null

27-02-2025T17:30:29 - [TEST_STEP][PASSED] - if (myValue in varParms[i]): null

27-02-2025T17:30:29 - [TEST_STEP][PASSED] - else: null

27-02-2025T17:30:29 - [TEST_STEP][PASSED] - inList = false: null

27-02-2025T17:30:29 - [TEST_STEP][PASSED] - if (myType == "checkbox"): null

27-02-2025T17:30:29 - [TEST_STEP][PASSED] - myStatus = element.isSelected(): null

27-02-2025T17:30:29 - [TEST_STEP][PASSED] - if (debug): null

27-02-2025T17:30:29 - [TEST_STEP][PASSED] - if (toggle && myStatus && inList): null

27-02-2025T17:30:29 - [TEST_STEP][PASSED] - if (!(myStatus) && inList || myStatus && !(inList)): null

27-02-2025T17:30:29 - [TEST_STEP][PASSED] - frame.dispose(): null

27-02-2025T17:30:29 - [MESSAGE][PASSED] - Call Test Case 'Test Cases/_Functions/Click on Group Elements' successfully

27-02-2025T17:30:29 - [TEST_STEP][PASSED] - object = "Object Repository/Education Partner Profile/Tabs/Readiness/btn_Complete Submit": null

27-02-2025T17:30:29 - [TEST_STEP][PASSED] - callTestCase(findTestCase("_Functions/Perform Action"), ["varAction":"click", "varObject":object], STOP_ON_FAILURE): Call Test Case 'Test Cases/_Functions/Perform Action' successfully

27-02-2025T17:30:29 - [TEST_CASE][PASSED] - Test Cases/_Functions/Perform Action: Test Cases/_Functions/Perform Action

27-02-2025T17:30:29 - [TEST_STEP][PASSED] - action = varAction: null

27-02-2025T17:30:29 - [TEST_STEP][PASSED] - println(action): null

27-02-2025T17:30:29 - [TEST_STEP][PASSED] - testObject = varObject: null

27-02-2025T17:30:29 - [TEST_STEP][PASSED] - println(testObject): null

27-02-2025T17:30:29 - [TEST_STEP][PASSED] - parm1 = varParm1: null

27-02-2025T17:30:29 - [TEST_STEP][PASSED] - println(parm1): null

27-02-2025T17:30:29 - [TEST_STEP][PASSED] - println("Converting " + testObject + " to web element"): null

27-02-2025T17:30:29 - [TEST_STEP][PASSED] - element = findWebElement(findTestObject(testObject), 1): null

27-02-2025T17:30:29 - [TEST_STEP][PASSED] - loc = element.getLocation(): null

27-02-2025T17:30:29 - [TEST_STEP][PASSED] - y = loc.getY(): null

27-02-2025T17:30:29 - [TEST_STEP][PASSED] - println("Y location is " + y): null

27-02-2025T17:30:29 - [TEST_STEP][PASSED] - top = getViewportTopPosition(): Current viewport's top (y) position is 582

27-02-2025T17:30:29 - [MESSAGE][PASSED] - Current viewport's top (y) position is 582

27-02-2025T17:30:29 - [TEST_STEP][PASSED] - println("Viewport top is " + top): null

27-02-2025T17:30:29 - [TEST_STEP][PASSED] - bottom = top + 600: null

27-02-2025T17:30:29 - [TEST_STEP][PASSED] - if (y - top < 150 || bottom - y < 10): null

27-02-2025T17:30:29 - [TEST_STEP][PASSED] - if (action == "click"): Object: 'Object Repository/Education Partner Profile/Tabs/Readiness/btn_Complete Submit' is clicked on

27-02-2025T17:30:29 - [TEST_STEP][PASSED] - println("clicking"): null

27-02-2025T17:30:29 - [TEST_STEP][PASSED] - click(findTestObject(testObject)): Object: 'Object Repository/Education Partner Profile/Tabs/Readiness/btn_Complete Submit' is clicked on

27-02-2025T17:30:33 - [MESSAGE][PASSED] - Object: 'Object Repository/Education Partner Profile/Tabs/Readiness/btn_Complete Submit' is clicked on

27-02-2025T17:30:33 - [MESSAGE][PASSED] - Call Test Case 'Test Cases/_Functions/Perform Action' successfully

27-02-2025T17:30:33 - [MESSAGE][PASSED] - Call Test Case 'Test Cases/Education Partner Profile/Tabs/Set Readiness' successfully

27-02-2025T17:30:33 - [TEST_STEP][PASSED] - if (pages.size() == 0 || "All" in pages || "Match Filters" in pages): Call Test Case 'Test Cases/Education Partner Profile/Tabs/Set Match Filters' successfully

27-02-2025T17:30:33 - [TEST_STEP][PASSED] - degree = ["No"]: null

27-02-2025T17:30:33 - [TEST_STEP][PASSED] - experience = ["Yes"]: null

27-02-2025T17:30:33 - [TEST_STEP][PASSED] - credentials = ["Yes", "No", "Pending"]: null

27-02-2025T17:30:33 - [TEST_STEP][PASSED] - english = ["Not Applicable"]: null

27-02-2025T17:30:33 - [TEST_STEP][PASSED] - travel = ["Some Travel funds available", "Travel funding negotiated"]: null

27-02-2025T17:30:33 - [TEST_STEP][PASSED] - paid_volunteer = ["Volunteer/self-supported position", "Self-supported, need travel and overhead", "Position requires raising your support", "Position requires raising some support"]: null

27-02-2025T17:30:33 - [TEST_STEP][PASSED] - callTestCase(findTestCase("Education Partner Profile/Tabs/Set Match Filters"), ["varDegree":degree, "varExperience":experience, "varCredentials":credentials, "varEnglish":english, "varTravel":travel, "varPaid_volunteer":paid_volunteer], OPTIONAL): Call Test Case 'Test Cases/Education Partner Profile/Tabs/Set Match Filters' successfully

27-02-2025T17:30:33 - [TEST_CASE][PASSED] - Test Cases/Education Partner Profile/Tabs/Set Match Filters: Test Cases/Education Partner Profile/Tabs/Set Match Filters

27-02-2025T17:30:33 - [TEST_STEP][PASSED] - username = username: null

27-02-2025T17:30:33 - [TEST_STEP][PASSED] - if (username != "cktest06ep"): null

27-02-2025T17:30:33 - [TEST_STEP][PASSED] - domain = domain: null

27-02-2025T17:30:33 - [TEST_STEP][PASSED] - writeFile = false: null

27-02-2025T17:30:33 - [TEST_STEP][PASSED] - testName = "Education Partner Match Filters Tab": null

27-02-2025T17:30:33 - [TEST_STEP][PASSED] - outFile = callTestCase(findTestCase("_Functions/Set Output File"), ["varTestName":testName], STOP_ON_FAILURE): Call Test Case 'Test Cases/_Functions/Set Output File' successfully

27-02-2025T17:30:33 - [TEST_CASE][PASSED] - Test Cases/_Functions/Set Output File: Test Cases/_Functions/Set Output File

27-02-2025T17:30:33 - [TEST_STEP][PASSED] - testName = varTestName: null

27-02-2025T17:30:33 - [TEST_STEP][PASSED] - domain = domain: null

27-02-2025T17:30:33 - [TEST_STEP][PASSED] - writeFile = false: null

27-02-2025T17:30:33 - [TEST_STEP][PASSED] - if (outFile != ""): null

27-02-2025T17:30:33 - [TEST_STEP][PASSED] - myFile = outFile: null

27-02-2025T17:30:33 - [TEST_STEP][PASSED] - println(myFile): null

27-02-2025T17:30:33 - [TEST_STEP][PASSED] - outFile = new java.io.File(myFile): null

27-02-2025T17:30:33 - [TEST_STEP][PASSED] - writeFile = true: null

27-02-2025T17:30:33 - [TEST_STEP][PASSED] - if (!(writeFile)): null

27-02-2025T17:30:33 - [TEST_STEP][PASSED] - else: null

27-02-2025T17:30:33 - [TEST_STEP][PASSED] - outFile.append("
Testing " + testName + " on " + domain + ".
"): null

27-02-2025T17:30:33 - [TEST_STEP][PASSED] - return outFile: null

27-02-2025T17:30:33 - [MESSAGE][PASSED] - Call Test Case 'Test Cases/_Functions/Set Output File' successfully

27-02-2025T17:30:33 - [TEST_STEP][PASSED] - parms = [varDegree, varExperience, varCredentials, varEnglish, varTravel, varPaid_volunteer]: null

27-02-2025T17:30:33 - [TEST_STEP][PASSED] - println(parms): null

27-02-2025T17:30:33 - [TEST_STEP][PASSED] - degree = "//input[@id='profile_group-1456436956.575_school_formal_education_degree']": null

27-02-2025T17:30:33 - [TEST_STEP][PASSED] - experience = "//input[@id='profile_group-1456436956.575_school_classroom_experience']": null

27-02-2025T17:30:33 - [TEST_STEP][PASSED] - credentials = "//input[@id='profile_group-1456436956.575_has_teaching_credentials']": null

27-02-2025T17:30:33 - [TEST_STEP][PASSED] - english = "//input[@id='profile_group-1456436956.575_english_skills']": null

27-02-2025T17:30:33 - [TEST_STEP][PASSED] - travel = "//input[@id='profile_group-1456436956.575_travel_support']": null

27-02-2025T17:30:33 - [TEST_STEP][PASSED] - paid_volunteer = "//input[@id='profile_group-1456436956.575_financial_support']": null

27-02-2025T17:30:33 - [TEST_STEP][PASSED] - xpaths = [degree, experience, credentials, english, travel, paid_volunteer]: null

27-02-2025T17:30:33 - [TEST_STEP][PASSED] - tooltipImagePath = "/Users/cckozie/git/MissionNext-Katalon-Koz/images/education partner/tabs/match filters/": null

27-02-2025T17:30:33 - [TEST_STEP][PASSED] - testObjectFolder = "Education Partner Profile/Tabs/Match Filters/": null

27-02-2025T17:30:33 - [TEST_STEP][PASSED] - tooltips = ["dummy":"dummy", "Formal Education Degree":"img_Formal Education Degree_field-tooltip", "Classroom Experience":"img_Classroom Experience_field-tooltip", ... ]: null

27-02-2025T17:30:33 - [TEST_STEP][PASSED] - tooltipText = ["Formal Education Degree":"No will match all candidates", "Classroom Experience":"No will match all candidates.", "Formal Teaching Credentials":"No will match all candidates. ", ... ]: null

27-02-2025T17:30:33 - [TEST_STEP][PASSED] - requiredFieldMsgs = ["Formal Education Degree":"The school formal education degree field is required.", "Classroom Experience":"The school classroom experience field is required.", ... ]: null

27-02-2025T17:30:33 - [TEST_STEP][PASSED] - click(findTestObject("Object Repository/Education Partner Profile/Tabs/a_Match Filters")): Object: 'Object Repository/Education Partner Profile/Tabs/a_Match Filters' is clicked on

27-02-2025T17:30:33 - [MESSAGE][PASSED] - Object: 'Object Repository/Education Partner Profile/Tabs/a_Match Filters' is clicked on

27-02-2025T17:30:33 - [TEST_STEP][PASSED] - tooltipTextMap = callTestCase(findTestCase("_Functions/Get Screenshot and Tooltip Text"), ["varExtension":testName], STOP_ON_FAILURE): Call Test Case 'Test Cases/_Functions/Get Screenshot and Tooltip Text' successfully

27-02-2025T17:30:33 - [TEST_CASE][PASSED] - Test Cases/_Functions/Get Screenshot and Tooltip Text: Test Cases/_Functions/Get Screenshot and Tooltip Text

27-02-2025T17:30:33 - [TEST_STEP][PASSED] - if (fastPath): null

27-02-2025T17:30:33 - [TEST_STEP][PASSED] - frame = new javax.swing.JFrame(): null

27-02-2025T17:30:33 - [TEST_STEP][PASSED] - p = new javax.swing.JPanel(): null

27-02-2025T17:30:33 - [TEST_STEP][PASSED] - l = new javax.swing.JLabel(Getting screenshot and tooltip text..., javax.swing.SwingConstants.CENTER): null

27-02-2025T17:30:33 - [TEST_STEP][PASSED] - frame.add(l): null

27-02-2025T17:30:33 - [TEST_STEP][PASSED] - frame.setSize(300, 100): null

27-02-2025T17:30:33 - [TEST_STEP][PASSED] - frame.setLocation(600, 0): null

27-02-2025T17:30:33 - [TEST_STEP][PASSED] - frame.setAlwaysOnTop(true): null

27-02-2025T17:30:33 - [TEST_STEP][PASSED] - frame.show(): null

27-02-2025T17:30:34 - [TEST_STEP][PASSED] - driver = getWebDriver(): null

27-02-2025T17:30:34 - [TEST_STEP][PASSED] - path = "/Users/cckozie/Documents/MissionNext/Screenshots and Tooltip Text/": null

27-02-2025T17:30:34 - [TEST_STEP][PASSED] - if (binding.hasVariable("varExtension")): null

27-02-2025T17:30:34 - [TEST_STEP][PASSED] - extension = varExtension: null

27-02-2025T17:30:34 - [TEST_STEP][PASSED] - println("Extension is " + extension): null

27-02-2025T17:30:34 - [TEST_STEP][PASSED] - fileBase = path + extension: null

27-02-2025T17:30:34 - [TEST_STEP][PASSED] - fileImage = fileBase + "_Screenshot.png": null

27-02-2025T17:30:34 - [TEST_STEP][PASSED] - waitForPageLoad(30): Wait for page load successfully

27-02-2025T17:30:34 - [MESSAGE][PASSED] - Wait for page load successfully

27-02-2025T17:30:34 - [TEST_STEP][PASSED] - spinner = driver.findElement(By.xpath("/html/body/div[1]/div/div[2]")): null

27-02-2025T17:30:34 - [TEST_STEP][PASSED] - executor = driver: null

27-02-2025T17:30:34 - [TEST_STEP][PASSED] - elementAttributes = executor.executeScript("var items = {}; for (index = 0; index < arguments[0].attributes.length; ++index) { items[arguments[0].attributes[index].name] = arguments[0].attributes[index].value }; return items;", spinner): null

27-02-2025T17:30:34 - [TEST_STEP][PASSED] - attrs = elementAttributes.toString(): null

27-02-2025T17:30:34 - [TEST_STEP][PASSED] - waits = 0: null

27-02-2025T17:30:34 - [TEST_STEP][PASSED] - while (attrs.indexOf("display: none") < 0 && waits < 2): null

27-02-2025T17:30:34 - [TEST_STEP][PASSED] - delay(1): Delayed 1 second(s)

27-02-2025T17:30:35 - [MESSAGE][PASSED] - Delayed 1 second(s)

27-02-2025T17:30:35 - [TEST_STEP][PASSED] - attrs = elementAttributes.toString(): null

27-02-2025T17:30:35 - [TEST_STEP][PASSED] - (waits++): null

27-02-2025T17:30:35 - [TEST_STEP][PASSED] - delay(1): Delayed 1 second(s)

27-02-2025T17:30:36 - [MESSAGE][PASSED] - Delayed 1 second(s)

27-02-2025T17:30:36 - [TEST_STEP][PASSED] - attrs = elementAttributes.toString(): null

27-02-2025T17:30:36 - [TEST_STEP][PASSED] - (waits++): null

27-02-2025T17:30:36 - [TEST_STEP][PASSED] - tooltipMap = callTestCase(findTestCase("_Functions/Get Tooltip Text"), [:], STOP_ON_FAILURE): Call Test Case 'Test Cases/_Functions/Get Tooltip Text' successfully

27-02-2025T17:30:36 - [TEST_CASE][PASSED] - Test Cases/_Functions/Get Tooltip Text: Test Cases/_Functions/Get Tooltip Text

27-02-2025T17:30:36 - [TEST_STEP][PASSED] - fieldTooltips = [:]: null

27-02-2025T17:30:36 - [TEST_STEP][PASSED] - tooltipMap = [:]: null

27-02-2025T17:30:36 - [TEST_STEP][PASSED] - driver = getWebDriver(): null

27-02-2025T17:30:36 - [TEST_STEP][PASSED] - tooltips = driver.findElements(By.className("field-tooltip")): null

27-02-2025T17:30:36 - [TEST_STEP][PASSED] - for (def it : tooltips): null

27-02-2025T17:30:36 - [TEST_STEP][PASSED] - if (it.isDisplayed()): null

27-02-2025T17:30:36 - [TEST_STEP][PASSED] - if (it.isDisplayed()): null

27-02-2025T17:30:36 - [TEST_STEP][PASSED] - if (it.isDisplayed()): null

27-02-2025T17:30:36 - [TEST_STEP][PASSED] - if (it.isDisplayed()): null

27-02-2025T17:30:36 - [TEST_STEP][PASSED] - if (it.isDisplayed()): null

27-02-2025T17:30:36 - [TEST_STEP][PASSED] - if (it.isDisplayed()): null

27-02-2025T17:30:36 - [TEST_STEP][PASSED] - if (it.isDisplayed()): null

27-02-2025T17:30:36 - [TEST_STEP][PASSED] - if (it.isDisplayed()): null

27-02-2025T17:30:36 - [TEST_STEP][PASSED] - if (it.isDisplayed()): null

27-02-2025T17:30:36 - [TEST_STEP][PASSED] - if (it.isDisplayed()): null

27-02-2025T17:30:36 - [TEST_STEP][PASSED] - if (it.isDisplayed()): null

27-02-2025T17:30:36 - [TEST_STEP][PASSED] - if (it.isDisplayed()): null

27-02-2025T17:30:36 - [TEST_STEP][PASSED] - if (it.isDisplayed()): null

27-02-2025T17:30:36 - [TEST_STEP][PASSED] - if (it.isDisplayed()): null

27-02-2025T17:30:36 - [TEST_STEP][PASSED] - if (it.isDisplayed()): null

27-02-2025T17:30:36 - [TEST_STEP][PASSED] - if (it.isDisplayed()): null

27-02-2025T17:30:36 - [TEST_STEP][PASSED] - if (it.isDisplayed()): null

27-02-2025T17:30:36 - [TEST_STEP][PASSED] - if (it.isDisplayed()): null

27-02-2025T17:30:36 - [TEST_STEP][PASSED] - if (it.isDisplayed()): null

27-02-2025T17:30:36 - [TEST_STEP][PASSED] - if (it.isDisplayed()): null

27-02-2025T17:30:36 - [TEST_STEP][PASSED] - if (it.isDisplayed()): null

27-02-2025T17:30:36 - [TEST_STEP][PASSED] - if (it.isDisplayed()): null

27-02-2025T17:30:36 - [TEST_STEP][PASSED] - ttText = it.getAttribute("data-original-title"): null

27-02-2025T17:30:36 - [TEST_STEP][PASSED] - ttLocation = it.getLocation(): null

27-02-2025T17:30:36 - [TEST_STEP][PASSED] - yLocation = ttLocation.getY(): null

27-02-2025T17:30:36 - [TEST_STEP][PASSED] - xLocation = ttLocation.getX(): null

27-02-2025T17:30:36 - [TEST_STEP][PASSED] - fieldTooltips.put(ttText, yLocation): null

27-02-2025T17:30:36 - [TEST_STEP][PASSED] - if (it.isDisplayed()): null

27-02-2025T17:30:36 - [TEST_STEP][PASSED] - ttText = it.getAttribute("data-original-title"): null

27-02-2025T17:30:36 - [TEST_STEP][PASSED] - ttLocation = it.getLocation(): null

27-02-2025T17:30:36 - [TEST_STEP][PASSED] - yLocation = ttLocation.getY(): null

27-02-2025T17:30:36 - [TEST_STEP][PASSED] - xLocation = ttLocation.getX(): null

27-02-2025T17:30:36 - [TEST_STEP][PASSED] - fieldTooltips.put(ttText, yLocation): null

27-02-2025T17:30:36 - [TEST_STEP][PASSED] - if (it.isDisplayed()): null

27-02-2025T17:30:36 - [TEST_STEP][PASSED] - ttText = it.getAttribute("data-original-title"): null

27-02-2025T17:30:36 - [TEST_STEP][PASSED] - ttLocation = it.getLocation(): null

27-02-2025T17:30:36 - [TEST_STEP][PASSED] - yLocation = ttLocation.getY(): null

27-02-2025T17:30:36 - [TEST_STEP][PASSED] - xLocation = ttLocation.getX(): null

27-02-2025T17:30:36 - [TEST_STEP][PASSED] - fieldTooltips.put(ttText, yLocation): null

27-02-2025T17:30:36 - [TEST_STEP][PASSED] - if (it.isDisplayed()): null

27-02-2025T17:30:36 - [TEST_STEP][PASSED] - ttText = it.getAttribute("data-original-title"): null

27-02-2025T17:30:36 - [TEST_STEP][PASSED] - ttLocation = it.getLocation(): null

27-02-2025T17:30:36 - [TEST_STEP][PASSED] - yLocation = ttLocation.getY(): null

27-02-2025T17:30:36 - [TEST_STEP][PASSED] - xLocation = ttLocation.getX(): null

27-02-2025T17:30:36 - [TEST_STEP][PASSED] - fieldTooltips.put(ttText, yLocation): null

27-02-2025T17:30:36 - [TEST_STEP][PASSED] - if (it.isDisplayed()): null

27-02-2025T17:30:36 - [TEST_STEP][PASSED] - ttText = it.getAttribute("data-original-title"): null

27-02-2025T17:30:36 - [TEST_STEP][PASSED] - ttLocation = it.getLocation(): null

27-02-2025T17:30:36 - [TEST_STEP][PASSED] - yLocation = ttLocation.getY(): null

27-02-2025T17:30:36 - [TEST_STEP][PASSED] - xLocation = ttLocation.getX(): null

27-02-2025T17:30:36 - [TEST_STEP][PASSED] - fieldTooltips.put(ttText, yLocation): null

27-02-2025T17:30:36 - [TEST_STEP][PASSED] - if (it.isDisplayed()): null

27-02-2025T17:30:36 - [TEST_STEP][PASSED] - ttText = it.getAttribute("data-original-title"): null

27-02-2025T17:30:36 - [TEST_STEP][PASSED] - ttLocation = it.getLocation(): null

27-02-2025T17:30:36 - [TEST_STEP][PASSED] - yLocation = ttLocation.getY(): null

27-02-2025T17:30:36 - [TEST_STEP][PASSED] - xLocation = ttLocation.getX(): null

27-02-2025T17:30:36 - [TEST_STEP][PASSED] - fieldTooltips.put(ttText, yLocation): null

27-02-2025T17:30:36 - [TEST_STEP][PASSED] - if (it.isDisplayed()): null

27-02-2025T17:30:36 - [TEST_STEP][PASSED] - if (fieldTooltips.size() > 0): null

27-02-2025T17:30:36 - [TEST_STEP][PASSED] - rightBorder = xLocation: null

27-02-2025T17:30:36 - [TEST_STEP][PASSED] - fieldLabels = [:]: null

27-02-2025T17:30:36 - [TEST_STEP][PASSED] - labels = driver.findElements(By.xpath("//label")): null

27-02-2025T17:30:36 - [TEST_STEP][PASSED] - labels.each({ -> ... }): null

27-02-2025T17:30:37 - [TEST_STEP][PASSED] - for (def label : fieldLabels): null

27-02-2025T17:30:37 - [TEST_STEP][PASSED] - y = value: null

27-02-2025T17:30:37 - [TEST_STEP][PASSED] - for (def tooltip : fieldTooltips): null

27-02-2025T17:30:37 - [TEST_STEP][PASSED] - if (value == y || value == y + 1 || value == y - 1): null

27-02-2025T17:30:37 - [TEST_STEP][PASSED] - if (value == y || value == y + 1 || value == y - 1): null

27-02-2025T17:30:37 - [TEST_STEP][PASSED] - if (value == y || value == y + 1 || value == y - 1): null

27-02-2025T17:30:37 - [TEST_STEP][PASSED] - if (value == y || value == y + 1 || value == y - 1): null

27-02-2025T17:30:37 - [TEST_STEP][PASSED] - if (value == y || value == y + 1 || value == y - 1): null

27-02-2025T17:30:37 - [TEST_STEP][PASSED] - if (value == y || value == y + 1 || value == y - 1): null

27-02-2025T17:30:37 - [TEST_STEP][PASSED] - y = value: null

27-02-2025T17:30:37 - [TEST_STEP][PASSED] - for (def tooltip : fieldTooltips): null

27-02-2025T17:30:37 - [TEST_STEP][PASSED] - if (value == y || value == y + 1 || value == y - 1): null

27-02-2025T17:30:37 - [TEST_STEP][PASSED] - tooltipMap.put(key, key): null

27-02-2025T17:30:37 - [TEST_STEP][PASSED] - break: null

27-02-2025T17:30:37 - [TEST_STEP][PASSED] - y = value: null

27-02-2025T17:30:37 - [TEST_STEP][PASSED] - for (def tooltip : fieldTooltips): null

27-02-2025T17:30:37 - [TEST_STEP][PASSED] - if (value == y || value == y + 1 || value == y - 1): null

27-02-2025T17:30:37 - [TEST_STEP][PASSED] - if (value == y || value == y + 1 || value == y - 1): null

27-02-2025T17:30:37 - [TEST_STEP][PASSED] - tooltipMap.put(key, key): null

27-02-2025T17:30:37 - [TEST_STEP][PASSED] - break: null

27-02-2025T17:30:37 - [TEST_STEP][PASSED] - y = value: null

27-02-2025T17:30:37 - [TEST_STEP][PASSED] - for (def tooltip : fieldTooltips): null

27-02-2025T17:30:37 - [TEST_STEP][PASSED] - if (value == y || value == y + 1 || value == y - 1): null

27-02-2025T17:30:37 - [TEST_STEP][PASSED] - if (value == y || value == y + 1 || value == y - 1): null

27-02-2025T17:30:37 - [TEST_STEP][PASSED] - if (value == y || value == y + 1 || value == y - 1): null

27-02-2025T17:30:37 - [TEST_STEP][PASSED] - tooltipMap.put(key, key): null

27-02-2025T17:30:37 - [TEST_STEP][PASSED] - break: null

27-02-2025T17:30:37 - [TEST_STEP][PASSED] - y = value: null

27-02-2025T17:30:37 - [TEST_STEP][PASSED] - for (def tooltip : fieldTooltips): null

27-02-2025T17:30:37 - [TEST_STEP][PASSED] - if (value == y || value == y + 1 || value == y - 1): null

27-02-2025T17:30:37 - [TEST_STEP][PASSED] - if (value == y || value == y + 1 || value == y - 1): null

27-02-2025T17:30:37 - [TEST_STEP][PASSED] - if (value == y || value == y + 1 || value == y - 1): null

27-02-2025T17:30:37 - [TEST_STEP][PASSED] - if (value == y || value == y + 1 || value == y - 1): null

27-02-2025T17:30:37 - [TEST_STEP][PASSED] - tooltipMap.put(key, key): null

27-02-2025T17:30:37 - [TEST_STEP][PASSED] - break: null

27-02-2025T17:30:37 - [TEST_STEP][PASSED] - y = value: null

27-02-2025T17:30:37 - [TEST_STEP][PASSED] - for (def tooltip : fieldTooltips): null

27-02-2025T17:30:37 - [TEST_STEP][PASSED] - if (value == y || value == y + 1 || value == y - 1): null

27-02-2025T17:30:37 - [TEST_STEP][PASSED] - if (value == y || value == y + 1 || value == y - 1): null

27-02-2025T17:30:37 - [TEST_STEP][PASSED] - if (value == y || value == y + 1 || value == y - 1): null

27-02-2025T17:30:37 - [TEST_STEP][PASSED] - if (value == y || value == y + 1 || value == y - 1): null

27-02-2025T17:30:37 - [TEST_STEP][PASSED] - if (value == y || value == y + 1 || value == y - 1): null

27-02-2025T17:30:37 - [TEST_STEP][PASSED] - tooltipMap.put(key, key): null

27-02-2025T17:30:37 - [TEST_STEP][PASSED] - break: null

27-02-2025T17:30:37 - [TEST_STEP][PASSED] - y = value: null

27-02-2025T17:30:37 - [TEST_STEP][PASSED] - for (def tooltip : fieldTooltips): null

27-02-2025T17:30:37 - [TEST_STEP][PASSED] - if (value == y || value == y + 1 || value == y - 1): null

27-02-2025T17:30:37 - [TEST_STEP][PASSED] - if (value == y || value == y + 1 || value == y - 1): null

27-02-2025T17:30:37 - [TEST_STEP][PASSED] - if (value == y || value == y + 1 || value == y - 1): null

27-02-2025T17:30:37 - [TEST_STEP][PASSED] - if (value == y || value == y + 1 || value == y - 1): null

27-02-2025T17:30:37 - [TEST_STEP][PASSED] - if (value == y || value == y + 1 || value == y - 1): null

27-02-2025T17:30:37 - [TEST_STEP][PASSED] - if (value == y || value == y + 1 || value == y - 1): null

27-02-2025T17:30:37 - [TEST_STEP][PASSED] - y = value: null

27-02-2025T17:30:37 - [TEST_STEP][PASSED] - for (def tooltip : fieldTooltips): null

27-02-2025T17:30:37 - [TEST_STEP][PASSED] - if (value == y || value == y + 1 || value == y - 1): null

27-02-2025T17:30:37 - [TEST_STEP][PASSED] - if (value == y || value == y + 1 || value == y - 1): null

27-02-2025T17:30:37 - [TEST_STEP][PASSED] - if (value == y || value == y + 1 || value == y - 1): null

27-02-2025T17:30:37 - [TEST_STEP][PASSED] - if (value == y || value == y + 1 || value == y - 1): null

27-02-2025T17:30:37 - [TEST_STEP][PASSED] - if (value == y || value == y + 1 || value == y - 1): null

27-02-2025T17:30:37 - [TEST_STEP][PASSED] - if (value == y || value == y + 1 || value == y - 1): null

27-02-2025T17:30:37 - [TEST_STEP][PASSED] - tooltipMap.put(key, key): null

27-02-2025T17:30:37 - [TEST_STEP][PASSED] - break: null

27-02-2025T17:30:37 - [TEST_STEP][PASSED] - return tooltipMap: null

27-02-2025T17:30:37 - [MESSAGE][PASSED] - Call Test Case 'Test Cases/_Functions/Get Tooltip Text' successfully

27-02-2025T17:30:37 - [TEST_STEP][PASSED] - if (tooltipMap.size() > 0): null

27-02-2025T17:30:37 - [TEST_STEP][PASSED] - file = fileBase + "_Tooltips.csv": null

27-02-2025T17:30:37 - [TEST_STEP][PASSED] - outText = "FIELD LABEL" + "," + "TOOLTIP TEXT" + "

": null

27-02-2025T17:30:37 - [TEST_STEP][PASSED] - for (def it : tooltipMap): null

27-02-2025T17:30:37 - [TEST_STEP][PASSED] - name = key: null

27-02-2025T17:30:37 - [TEST_STEP][PASSED] - value = value.replace("
", ""): null

27-02-2025T17:30:37 - [TEST_STEP][PASSED] - value = value.trim(): null

27-02-2025T17:30:37 - [TEST_STEP][PASSED] - value = """ + value + """: null

27-02-2025T17:30:37 - [TEST_STEP][PASSED] - outText = outText + name + "," + value: null

27-02-2025T17:30:37 - [TEST_STEP][PASSED] - outText = outText + "
": null

27-02-2025T17:30:37 - [TEST_STEP][PASSED] - println(outText): null

27-02-2025T17:30:37 - [TEST_STEP][PASSED] - name = key: null

27-02-2025T17:30:37 - [TEST_STEP][PASSED] - value = value.replace("
", ""): null

27-02-2025T17:30:37 - [TEST_STEP][PASSED] - value = value.trim(): null

27-02-2025T17:30:37 - [TEST_STEP][PASSED] - value = """ + value + """: null

27-02-2025T17:30:37 - [TEST_STEP][PASSED] - outText = outText + name + "," + value: null

27-02-2025T17:30:37 - [TEST_STEP][PASSED] - outText = outText + "
": null

27-02-2025T17:30:37 - [TEST_STEP][PASSED] - println(outText): null

27-02-2025T17:30:37 - [TEST_STEP][PASSED] - name = key: null

27-02-2025T17:30:37 - [TEST_STEP][PASSED] - value = value.replace("
", ""): null

27-02-2025T17:30:37 - [TEST_STEP][PASSED] - value = value.trim(): null

27-02-2025T17:30:37 - [TEST_STEP][PASSED] - value = """ + value + """: null

27-02-2025T17:30:37 - [TEST_STEP][PASSED] - outText = outText + name + "," + value: null

27-02-2025T17:30:37 - [TEST_STEP][PASSED] - outText = outText + "
": null

27-02-2025T17:30:37 - [TEST_STEP][PASSED] - println(outText): null

27-02-2025T17:30:37 - [TEST_STEP][PASSED] - name = key: null

27-02-2025T17:30:37 - [TEST_STEP][PASSED] - value = value.replace("
", ""): null

27-02-2025T17:30:37 - [TEST_STEP][PASSED] - value = value.trim(): null

27-02-2025T17:30:37 - [TEST_STEP][PASSED] - value = """ + value + """: null

27-02-2025T17:30:37 - [TEST_STEP][PASSED] - outText = outText + name + "," + value: null

27-02-2025T17:30:37 - [TEST_STEP][PASSED] - outText = outText + "
": null

27-02-2025T17:30:37 - [TEST_STEP][PASSED] - println(outText): null

27-02-2025T17:30:37 - [TEST_STEP][PASSED] - name = key: null

27-02-2025T17:30:37 - [TEST_STEP][PASSED] - value = value.replace("
", ""): null

27-02-2025T17:30:37 - [TEST_STEP][PASSED] - value = value.trim(): null

27-02-2025T17:30:37 - [TEST_STEP][PASSED] - value = """ + value + """: null

27-02-2025T17:30:37 - [TEST_STEP][PASSED] - outText = outText + name + "," + value: null

27-02-2025T17:30:37 - [TEST_STEP][PASSED] - outText = outText + "
": null

27-02-2025T17:30:37 - [TEST_STEP][PASSED] - println(outText): null

27-02-2025T17:30:37 - [TEST_STEP][PASSED] - name = key: null

27-02-2025T17:30:37 - [TEST_STEP][PASSED] - value = value.replace("
", ""): null

27-02-2025T17:30:37 - [TEST_STEP][PASSED] - value = value.trim(): null

27-02-2025T17:30:37 - [TEST_STEP][PASSED] - value = """ + value + """: null

27-02-2025T17:30:37 - [TEST_STEP][PASSED] - outText = outText + name + "," + value: null

27-02-2025T17:30:37 - [TEST_STEP][PASSED] - outText = outText + "
": null

27-02-2025T17:30:37 - [TEST_STEP][PASSED] - println(outText): null

27-02-2025T17:30:37 - [TEST_STEP][PASSED] - outFile = new java.io.File(file): null

27-02-2025T17:30:37 - [TEST_STEP][PASSED] - println(outText): null

27-02-2025T17:30:37 - [TEST_STEP][PASSED] - outFile.write(outText): null

27-02-2025T17:30:37 - [TEST_STEP][PASSED] - takeFullPageScreenshot(fileImage): Taking screenshot successfully

27-02-2025T17:30:37 - [MESSAGE][INFO] - 0 hidden object(s)

27-02-2025T17:30:38 - [MESSAGE][PASSED] - Taking screenshot successfully
[[ATTACHMENT|/Users/cckozie/Documents/MissionNext/Screenshots and Tooltip Text/Education Partner Match Filters Tab_Screenshot.png]]

27-02-2025T17:30:38 - [TEST_STEP][PASSED] - frame.dispose(): null

27-02-2025T17:30:38 - [TEST_STEP][PASSED] - return tooltipMap: null

27-02-2025T17:30:38 - [MESSAGE][PASSED] - Call Test Case 'Test Cases/_Functions/Get Screenshot and Tooltip Text' successfully

27-02-2025T17:30:38 - [TEST_STEP][PASSED] - callTestCase(findTestCase("_Functions/Test Tooltips"), ["varTooltipImagePath":tooltipImagePath, "varTooltips":tooltips, "varTooltipText":tooltipText, "varTestObjectFolder":testObjectFolder, ... ], STOP_ON_FAILURE): Call Test Case 'Test Cases/_Functions/Test Tooltips' successfully

27-02-2025T17:30:38 - [TEST_CASE][PASSED] - Test Cases/_Functions/Test Tooltips: Test Cases/_Functions/Test Tooltips

27-02-2025T17:30:38 - [TEST_STEP][PASSED] - if (fastPath): null

27-02-2025T17:30:38 - [TEST_STEP][PASSED] - tooltipImagePath = varTooltipImagePath: null

27-02-2025T17:30:38 - [TEST_STEP][PASSED] - tooltips = varTooltips: null

27-02-2025T17:30:38 - [TEST_STEP][PASSED] - tooltipText = varTooltipText: null

27-02-2025T17:30:38 - [TEST_STEP][PASSED] - testObjectFolder = varTestObjectFolder: null

27-02-2025T17:30:38 - [TEST_STEP][PASSED] - tooltipTextMap = varTooltipTextMap: null

27-02-2025T17:30:38 - [TEST_STEP][PASSED] - writeFile = false: null

27-02-2025T17:30:38 - [TEST_STEP][PASSED] - if (outFile != ""): null

27-02-2025T17:30:38 - [TEST_STEP][PASSED] - myFile = outFile: null

27-02-2025T17:30:38 - [TEST_STEP][PASSED] - println(myFile): null

27-02-2025T17:30:38 - [TEST_STEP][PASSED] - outFile = new java.io.File(myFile): null

27-02-2025T17:30:38 - [TEST_STEP][PASSED] - writeFile = true: null

27-02-2025T17:30:38 - [TEST_STEP][PASSED] - driver = getWebDriver(): null

27-02-2025T17:30:38 - [TEST_STEP][PASSED] - action = new org.openqa.selenium.interactions.Actions(driver): null

27-02-2025T17:30:38 - [TEST_STEP][PASSED] - s = new org.sikuli.script.Screen(): null

27-02-2025T17:30:38 - [TEST_STEP][PASSED] - outText = "Verifying the tooltips can be displayed.
": null

27-02-2025T17:30:38 - [TEST_STEP][PASSED] - outFile.append(outText): null

27-02-2025T17:30:38 - [TEST_STEP][PASSED] - first = true: null

27-02-2025T17:30:38 - [TEST_STEP][PASSED] - for (def it : tooltips): null

27-02-2025T17:30:38 - [TEST_STEP][PASSED] - myKey = key: null

27-02-2025T17:30:38 - [TEST_STEP][PASSED] - myValue = value: null

27-02-2025T17:30:38 - [TEST_STEP][PASSED] - println("myKey is " + myKey): null

27-02-2025T17:30:38 - [TEST_STEP][PASSED] - println("myValue is " + myValue): null

27-02-2025T17:30:38 - [TEST_STEP][PASSED] - if (myKey != "dummy"): null

27-02-2025T17:30:38 - [TEST_STEP][PASSED] - else: null

27-02-2025T17:30:38 - [TEST_STEP][PASSED] - myImage = "/Users/cckozie/git/MissionNext-Katalon-Koz/images/dummy.png": null

27-02-2025T17:30:38 - [TEST_STEP][PASSED] - f = new java.io.File(myImage): null

27-02-2025T17:30:38 - [TEST_STEP][PASSED] - if (f.exists()): null

27-02-2025T17:30:38 - [TEST_STEP][PASSED] - println("Looking for " + myImage): null

27-02-2025T17:30:38 - [TEST_STEP][PASSED] - icn = Pattern(myImage).similar(0.10): null

27-02-2025T17:30:38 - [TEST_STEP][PASSED] - found = s.exists(icn): null

27-02-2025T17:30:41 - [TEST_STEP][PASSED] - println(found): null

27-02-2025T17:30:41 - [TEST_STEP][PASSED] - if (found != null): null

27-02-2025T17:30:41 - [TEST_STEP][PASSED] - else: null

27-02-2025T17:30:41 - [TEST_STEP][PASSED] - if (myKey != "dummy"): null

27-02-2025T17:30:41 - [TEST_STEP][PASSED] - myKey = key: null

27-02-2025T17:30:41 - [TEST_STEP][PASSED] - myValue = value: null

27-02-2025T17:30:41 - [TEST_STEP][PASSED] - println("myKey is " + myKey): null

27-02-2025T17:30:41 - [TEST_STEP][PASSED] - println("myValue is " + myValue): null

27-02-2025T17:30:41 - [TEST_STEP][PASSED] - if (myKey != "dummy"): null

27-02-2025T17:30:41 - [TEST_STEP][PASSED] - tObj = testObjectFolder + myValue: null

27-02-2025T17:30:41 - [TEST_STEP][PASSED] - click(tObj): null

27-02-2025T17:30:41 - [TEST_STEP][PASSED] - scrollToObject(object): null

27-02-2025T17:30:41 - [TEST_STEP][PASSED] - println("Converting " + object + " to web element"): null

27-02-2025T17:30:41 - [TEST_STEP][PASSED] - element = findWebElement(findTestObject(object), 1): null

27-02-2025T17:30:41 - [TEST_STEP][PASSED] - loc = element.getLocation(): null

27-02-2025T17:30:41 - [TEST_STEP][PASSED] - x = loc.getX(): null

27-02-2025T17:30:41 - [TEST_STEP][PASSED] - if (x >= 560): null

27-02-2025T17:30:41 - [TEST_STEP][PASSED] - y = loc.getY(): null

27-02-2025T17:30:41 - [TEST_STEP][PASSED] - println("Y location is " + y): null

27-02-2025T17:30:41 - [TEST_STEP][PASSED] - top = getViewportTopPosition(): Current viewport's top (y) position is 691

27-02-2025T17:30:41 - [MESSAGE][PASSED] - Current viewport's top (y) position is 691

27-02-2025T17:30:41 - [TEST_STEP][PASSED] - println("Viewport top is " + top): null

27-02-2025T17:30:41 - [TEST_STEP][PASSED] - bottom = top + 600: null

27-02-2025T17:30:41 - [TEST_STEP][PASSED] - if (y - top < 150 || bottom - y < 10): Delayed 1 second(s)

27-02-2025T17:30:41 - [TEST_STEP][PASSED] - scrollToPosition(0, y - 170): Browser is scrolled to position x = 0, y = 273

27-02-2025T17:30:41 - [MESSAGE][PASSED] - Browser is scrolled to position x = 0, y = 273

27-02-2025T17:30:41 - [TEST_STEP][PASSED] - delay(1): Delayed 1 second(s)

27-02-2025T17:30:42 - [MESSAGE][PASSED] - Delayed 1 second(s)

27-02-2025T17:30:42 - [TEST_STEP][PASSED] - click(findTestObject(object)): null

27-02-2025T17:30:42 - [MESSAGE][PASSED] - Object: 'Object Repository/Education Partner Profile/Tabs/Match Filters/img_Formal Education Degree_field-tooltip' is clicked on

27-02-2025T17:30:42 - [TEST_STEP][PASSED] - delay(1): Delayed 1 second(s)

27-02-2025T17:30:43 - [MESSAGE][PASSED] - Delayed 1 second(s)

27-02-2025T17:30:43 - [TEST_STEP][PASSED] - myImage = tooltipImagePath + myKey + ".png": null

27-02-2025T17:30:43 - [TEST_STEP][PASSED] - f = new java.io.File(myImage): null

27-02-2025T17:30:43 - [TEST_STEP][PASSED] - if (f.exists()): null

27-02-2025T17:30:43 - [TEST_STEP][PASSED] - println("Looking for " + myImage): null

27-02-2025T17:30:43 - [TEST_STEP][PASSED] - icn = Pattern(myImage).similar(0.10): null

27-02-2025T17:30:43 - [TEST_STEP][PASSED] - found = s.exists(icn): null

27-02-2025T17:30:43 - [TEST_STEP][PASSED] - println(found): null

27-02-2025T17:30:43 - [TEST_STEP][PASSED] - if (found != null): null

27-02-2025T17:30:43 - [TEST_STEP][PASSED] - foundStr = found.toString(): null

27-02-2025T17:30:43 - [TEST_STEP][PASSED] - matchP = foundStr.indexOf("%"): null

27-02-2025T17:30:43 - [TEST_STEP][PASSED] - if (matchP >= 0): null

27-02-2025T17:30:43 - [TEST_STEP][PASSED] - println(matchP): null

27-02-2025T17:30:43 - [TEST_STEP][PASSED] - pct = foundStr.substring(matchP + 1, matchP + 6): null

27-02-2025T17:30:43 - [TEST_STEP][PASSED] - pctF = pct.toFloat(): null

27-02-2025T17:30:43 - [TEST_STEP][PASSED] - outText = "+++ Tooltip match value for " + myKey + " is " + pctF + "%": null

27-02-2025T17:30:43 - [TEST_STEP][PASSED] - min = 80: null

27-02-2025T17:30:43 - [TEST_STEP][PASSED] - if (pctF.toFloat() < min.toFloat()): null

27-02-2025T17:30:43 - [TEST_STEP][PASSED] - if (myKey != "dummy"): null

27-02-2025T17:30:43 - [TEST_STEP][PASSED] - println(outText): null

27-02-2025T17:30:43 - [TEST_STEP][PASSED] - outFile.append(outText + "
"): null

27-02-2025T17:30:43 - [TEST_STEP][PASSED] - myKey = key: null

27-02-2025T17:30:43 - [TEST_STEP][PASSED] - myValue = value: null

27-02-2025T17:30:43 - [TEST_STEP][PASSED] - println("myKey is " + myKey): null

27-02-2025T17:30:43 - [TEST_STEP][PASSED] - println("myValue is " + myValue): null

27-02-2025T17:30:43 - [TEST_STEP][PASSED] - if (myKey != "dummy"): null

27-02-2025T17:30:43 - [TEST_STEP][PASSED] - tObj = testObjectFolder + myValue: null

27-02-2025T17:30:43 - [TEST_STEP][PASSED] - click(tObj): null

27-02-2025T17:30:43 - [TEST_STEP][PASSED] - scrollToObject(object): null

27-02-2025T17:30:43 - [TEST_STEP][PASSED] - println("Converting " + object + " to web element"): null

27-02-2025T17:30:43 - [TEST_STEP][PASSED] - element = findWebElement(findTestObject(object), 1): null

27-02-2025T17:30:43 - [TEST_STEP][PASSED] - loc = element.getLocation(): null

27-02-2025T17:30:43 - [TEST_STEP][PASSED] - x = loc.getX(): null

27-02-2025T17:30:43 - [TEST_STEP][PASSED] - if (x >= 560): null

27-02-2025T17:30:43 - [TEST_STEP][PASSED] - y = loc.getY(): null

27-02-2025T17:30:43 - [TEST_STEP][PASSED] - println("Y location is " + y): null

27-02-2025T17:30:43 - [TEST_STEP][PASSED] - top = getViewportTopPosition(): Current viewport's top (y) position is 273

27-02-2025T17:30:43 - [MESSAGE][PASSED] - Current viewport's top (y) position is 273

27-02-2025T17:30:43 - [TEST_STEP][PASSED] - println("Viewport top is " + top): null

27-02-2025T17:30:43 - [TEST_STEP][PASSED] - bottom = top + 600: null

27-02-2025T17:30:43 - [TEST_STEP][PASSED] - if (y - top < 150 || bottom - y < 10): null

27-02-2025T17:30:43 - [TEST_STEP][PASSED] - click(findTestObject(object)): null

27-02-2025T17:30:43 - [MESSAGE][PASSED] - Object: 'Object Repository/Education Partner Profile/Tabs/Match Filters/img_Classroom Experience_field-tooltip' is clicked on

27-02-2025T17:30:43 - [TEST_STEP][PASSED] - delay(1): Delayed 1 second(s)

27-02-2025T17:30:44 - [MESSAGE][PASSED] - Delayed 1 second(s)

27-02-2025T17:30:44 - [TEST_STEP][PASSED] - myImage = tooltipImagePath + myKey + ".png": null

27-02-2025T17:30:44 - [TEST_STEP][PASSED] - f = new java.io.File(myImage): null

27-02-2025T17:30:44 - [TEST_STEP][PASSED] - if (f.exists()): null

27-02-2025T17:30:44 - [TEST_STEP][PASSED] - println("Looking for " + myImage): null

27-02-2025T17:30:44 - [TEST_STEP][PASSED] - icn = Pattern(myImage).similar(0.10): null

27-02-2025T17:30:44 - [TEST_STEP][PASSED] - found = s.exists(icn): null

27-02-2025T17:30:44 - [TEST_STEP][PASSED] - println(found): null

27-02-2025T17:30:44 - [TEST_STEP][PASSED] - if (found != null): null

27-02-2025T17:30:44 - [TEST_STEP][PASSED] - foundStr = found.toString(): null

27-02-2025T17:30:44 - [TEST_STEP][PASSED] - matchP = foundStr.indexOf("%"): null

27-02-2025T17:30:44 - [TEST_STEP][PASSED] - if (matchP >= 0): null

27-02-2025T17:30:44 - [TEST_STEP][PASSED] - println(matchP): null

27-02-2025T17:30:44 - [TEST_STEP][PASSED] - pct = foundStr.substring(matchP + 1, matchP + 6): null

27-02-2025T17:30:44 - [TEST_STEP][PASSED] - pctF = pct.toFloat(): null

27-02-2025T17:30:44 - [TEST_STEP][PASSED] - outText = "+++ Tooltip match value for " + myKey + " is " + pctF + "%": null

27-02-2025T17:30:44 - [TEST_STEP][PASSED] - min = 80: null

27-02-2025T17:30:44 - [TEST_STEP][PASSED] - if (pctF.toFloat() < min.toFloat()): null

27-02-2025T17:30:44 - [TEST_STEP][PASSED] - if (myKey != "dummy"): null

27-02-2025T17:30:44 - [TEST_STEP][PASSED] - println(outText): null

27-02-2025T17:30:44 - [TEST_STEP][PASSED] - outFile.append(outText + "
"): null

27-02-2025T17:30:44 - [TEST_STEP][PASSED] - myKey = key: null

27-02-2025T17:30:44 - [TEST_STEP][PASSED] - myValue = value: null

27-02-2025T17:30:44 - [TEST_STEP][PASSED] - println("myKey is " + myKey): null

27-02-2025T17:30:44 - [TEST_STEP][PASSED] - println("myValue is " + myValue): null

27-02-2025T17:30:44 - [TEST_STEP][PASSED] - if (myKey != "dummy"): null

27-02-2025T17:30:44 - [TEST_STEP][PASSED] - tObj = testObjectFolder + myValue: null

27-02-2025T17:30:44 - [TEST_STEP][PASSED] - click(tObj): null

27-02-2025T17:30:44 - [TEST_STEP][PASSED] - scrollToObject(object): null

27-02-2025T17:30:44 - [TEST_STEP][PASSED] - println("Converting " + object + " to web element"): null

27-02-2025T17:30:44 - [TEST_STEP][PASSED] - element = findWebElement(findTestObject(object), 1): null

27-02-2025T17:30:44 - [TEST_STEP][PASSED] - loc = element.getLocation(): null

27-02-2025T17:30:44 - [TEST_STEP][PASSED] - x = loc.getX(): null

27-02-2025T17:30:44 - [TEST_STEP][PASSED] - if (x >= 560): null

27-02-2025T17:30:44 - [TEST_STEP][PASSED] - y = loc.getY(): null

27-02-2025T17:30:44 - [TEST_STEP][PASSED] - println("Y location is " + y): null

27-02-2025T17:30:44 - [TEST_STEP][PASSED] - top = getViewportTopPosition(): Current viewport's top (y) position is 273

27-02-2025T17:30:44 - [MESSAGE][PASSED] - Current viewport's top (y) position is 273

27-02-2025T17:30:44 - [TEST_STEP][PASSED] - println("Viewport top is " + top): null

27-02-2025T17:30:44 - [TEST_STEP][PASSED] - bottom = top + 600: null

27-02-2025T17:30:44 - [TEST_STEP][PASSED] - if (y - top < 150 || bottom - y < 10): null

27-02-2025T17:30:44 - [TEST_STEP][PASSED] - click(findTestObject(object)): null

27-02-2025T17:30:44 - [MESSAGE][PASSED] - Object: 'Object Repository/Education Partner Profile/Tabs/Match Filters/img_Formal Teaching Credentials_field-tooltip' is clicked on

27-02-2025T17:30:44 - [TEST_STEP][PASSED] - delay(1): Delayed 1 second(s)

27-02-2025T17:30:45 - [MESSAGE][PASSED] - Delayed 1 second(s)

27-02-2025T17:30:45 - [TEST_STEP][PASSED] - myImage = tooltipImagePath + myKey + ".png": null

27-02-2025T17:30:45 - [TEST_STEP][PASSED] - f = new java.io.File(myImage): null

27-02-2025T17:30:45 - [TEST_STEP][PASSED] - if (f.exists()): null

27-02-2025T17:30:45 - [TEST_STEP][PASSED] - println("Looking for " + myImage): null

27-02-2025T17:30:45 - [TEST_STEP][PASSED] - icn = Pattern(myImage).similar(0.10): null

27-02-2025T17:30:45 - [TEST_STEP][PASSED] - found = s.exists(icn): null

27-02-2025T17:30:45 - [TEST_STEP][PASSED] - println(found): null

27-02-2025T17:30:45 - [TEST_STEP][PASSED] - if (found != null): null

27-02-2025T17:30:45 - [TEST_STEP][PASSED] - foundStr = found.toString(): null

27-02-2025T17:30:45 - [TEST_STEP][PASSED] - matchP = foundStr.indexOf("%"): null

27-02-2025T17:30:45 - [TEST_STEP][PASSED] - if (matchP >= 0): null

27-02-2025T17:30:45 - [TEST_STEP][PASSED] - println(matchP): null

27-02-2025T17:30:45 - [TEST_STEP][PASSED] - pct = foundStr.substring(matchP + 1, matchP + 6): null

27-02-2025T17:30:45 - [TEST_STEP][PASSED] - pctF = pct.toFloat(): null

27-02-2025T17:30:45 - [TEST_STEP][PASSED] - outText = "+++ Tooltip match value for " + myKey + " is " + pctF + "%": null

27-02-2025T17:30:45 - [TEST_STEP][PASSED] - min = 80: null

27-02-2025T17:30:45 - [TEST_STEP][PASSED] - if (pctF.toFloat() < min.toFloat()): null

27-02-2025T17:30:45 - [TEST_STEP][PASSED] - if (myKey != "dummy"): null

27-02-2025T17:30:45 - [TEST_STEP][PASSED] - println(outText): null

27-02-2025T17:30:45 - [TEST_STEP][PASSED] - outFile.append(outText + "
"): null

27-02-2025T17:30:45 - [TEST_STEP][PASSED] - myKey = key: null

27-02-2025T17:30:45 - [TEST_STEP][PASSED] - myValue = value: null

27-02-2025T17:30:45 - [TEST_STEP][PASSED] - println("myKey is " + myKey): null

27-02-2025T17:30:45 - [TEST_STEP][PASSED] - println("myValue is " + myValue): null

27-02-2025T17:30:45 - [TEST_STEP][PASSED] - if (myKey != "dummy"): null

27-02-2025T17:30:45 - [TEST_STEP][PASSED] - tObj = testObjectFolder + myValue: null

27-02-2025T17:30:45 - [TEST_STEP][PASSED] - click(tObj): null

27-02-2025T17:30:45 - [TEST_STEP][PASSED] - scrollToObject(object): null

27-02-2025T17:30:45 - [TEST_STEP][PASSED] - println("Converting " + object + " to web element"): null

27-02-2025T17:30:45 - [TEST_STEP][PASSED] - element = findWebElement(findTestObject(object), 1): null

27-02-2025T17:30:45 - [TEST_STEP][PASSED] - loc = element.getLocation(): null

27-02-2025T17:30:45 - [TEST_STEP][PASSED] - x = loc.getX(): null

27-02-2025T17:30:45 - [TEST_STEP][PASSED] - if (x >= 560): null

27-02-2025T17:30:45 - [TEST_STEP][PASSED] - y = loc.getY(): null

27-02-2025T17:30:45 - [TEST_STEP][PASSED] - println("Y location is " + y): null

27-02-2025T17:30:45 - [TEST_STEP][PASSED] - top = getViewportTopPosition(): Current viewport's top (y) position is 273

27-02-2025T17:30:45 - [MESSAGE][PASSED] - Current viewport's top (y) position is 273

27-02-2025T17:30:45 - [TEST_STEP][PASSED] - println("Viewport top is " + top): null

27-02-2025T17:30:45 - [TEST_STEP][PASSED] - bottom = top + 600: null

27-02-2025T17:30:45 - [TEST_STEP][PASSED] - if (y - top < 150 || bottom - y < 10): null

27-02-2025T17:30:45 - [TEST_STEP][PASSED] - click(findTestObject(object)): null

27-02-2025T17:30:46 - [MESSAGE][PASSED] - Object: 'Object Repository/Education Partner Profile/Tabs/Match Filters/img_English Proficiency_field-tooltip' is clicked on

27-02-2025T17:30:46 - [TEST_STEP][PASSED] - delay(1): Delayed 1 second(s)

27-02-2025T17:30:47 - [MESSAGE][PASSED] - Delayed 1 second(s)

27-02-2025T17:30:47 - [TEST_STEP][PASSED] - myImage = tooltipImagePath + myKey + ".png": null

27-02-2025T17:30:47 - [TEST_STEP][PASSED] - f = new java.io.File(myImage): null

27-02-2025T17:30:47 - [TEST_STEP][PASSED] - if (f.exists()): null

27-02-2025T17:30:47 - [TEST_STEP][PASSED] - println("Looking for " + myImage): null

27-02-2025T17:30:47 - [TEST_STEP][PASSED] - icn = Pattern(myImage).similar(0.10): null

27-02-2025T17:30:47 - [TEST_STEP][PASSED] - found = s.exists(icn): null

27-02-2025T17:30:47 - [TEST_STEP][PASSED] - println(found): null

27-02-2025T17:30:47 - [TEST_STEP][PASSED] - if (found != null): null

27-02-2025T17:30:47 - [TEST_STEP][PASSED] - foundStr = found.toString(): null

27-02-2025T17:30:47 - [TEST_STEP][PASSED] - matchP = foundStr.indexOf("%"): null

27-02-2025T17:30:47 - [TEST_STEP][PASSED] - if (matchP >= 0): null

27-02-2025T17:30:47 - [TEST_STEP][PASSED] - println(matchP): null

27-02-2025T17:30:47 - [TEST_STEP][PASSED] - pct = foundStr.substring(matchP + 1, matchP + 6): null

27-02-2025T17:30:47 - [TEST_STEP][PASSED] - pctF = pct.toFloat(): null

27-02-2025T17:30:47 - [TEST_STEP][PASSED] - outText = "+++ Tooltip match value for " + myKey + " is " + pctF + "%": null

27-02-2025T17:30:47 - [TEST_STEP][PASSED] - min = 80: null

27-02-2025T17:30:47 - [TEST_STEP][PASSED] - if (pctF.toFloat() < min.toFloat()): null

27-02-2025T17:30:47 - [TEST_STEP][PASSED] - if (myKey != "dummy"): null

27-02-2025T17:30:47 - [TEST_STEP][PASSED] - println(outText): null

27-02-2025T17:30:47 - [TEST_STEP][PASSED] - outFile.append(outText + "
"): null

27-02-2025T17:30:47 - [TEST_STEP][PASSED] - myKey = key: null

27-02-2025T17:30:47 - [TEST_STEP][PASSED] - myValue = value: null

27-02-2025T17:30:47 - [TEST_STEP][PASSED] - println("myKey is " + myKey): null

27-02-2025T17:30:47 - [TEST_STEP][PASSED] - println("myValue is " + myValue): null

27-02-2025T17:30:47 - [TEST_STEP][PASSED] - if (myKey != "dummy"): null

27-02-2025T17:30:47 - [TEST_STEP][PASSED] - tObj = testObjectFolder + myValue: null

27-02-2025T17:30:47 - [TEST_STEP][PASSED] - click(tObj): null

27-02-2025T17:30:47 - [TEST_STEP][PASSED] - scrollToObject(object): null

27-02-2025T17:30:47 - [TEST_STEP][PASSED] - println("Converting " + object + " to web element"): null

27-02-2025T17:30:47 - [TEST_STEP][PASSED] - element = findWebElement(findTestObject(object), 1): null

27-02-2025T17:30:47 - [TEST_STEP][PASSED] - loc = element.getLocation(): null

27-02-2025T17:30:47 - [TEST_STEP][PASSED] - x = loc.getX(): null

27-02-2025T17:30:47 - [TEST_STEP][PASSED] - if (x >= 560): null

27-02-2025T17:30:47 - [TEST_STEP][PASSED] - y = loc.getY(): null

27-02-2025T17:30:47 - [TEST_STEP][PASSED] - println("Y location is " + y): null

27-02-2025T17:30:47 - [TEST_STEP][PASSED] - top = getViewportTopPosition(): Current viewport's top (y) position is 273

27-02-2025T17:30:47 - [MESSAGE][PASSED] - Current viewport's top (y) position is 273

27-02-2025T17:30:47 - [TEST_STEP][PASSED] - println("Viewport top is " + top): null

27-02-2025T17:30:47 - [TEST_STEP][PASSED] - bottom = top + 600: null

27-02-2025T17:30:47 - [TEST_STEP][PASSED] - if (y - top < 150 || bottom - y < 10): null

27-02-2025T17:30:47 - [TEST_STEP][PASSED] - click(findTestObject(object)): null

27-02-2025T17:30:47 - [MESSAGE][PASSED] - Object: 'Object Repository/Education Partner Profile/Tabs/Match Filters/img_Affiliated with a Church_field-tooltip' is clicked on

27-02-2025T17:30:47 - [TEST_STEP][PASSED] - delay(1): Delayed 1 second(s)

27-02-2025T17:30:48 - [MESSAGE][PASSED] - Delayed 1 second(s)

27-02-2025T17:30:48 - [TEST_STEP][PASSED] - myImage = tooltipImagePath + myKey + ".png": null

27-02-2025T17:30:48 - [TEST_STEP][PASSED] - f = new java.io.File(myImage): null

27-02-2025T17:30:48 - [TEST_STEP][PASSED] - if (f.exists()): null

27-02-2025T17:30:48 - [TEST_STEP][PASSED] - println("Looking for " + myImage): null

27-02-2025T17:30:48 - [TEST_STEP][PASSED] - icn = Pattern(myImage).similar(0.10): null

27-02-2025T17:30:48 - [TEST_STEP][PASSED] - found = s.exists(icn): null

27-02-2025T17:30:48 - [TEST_STEP][PASSED] - println(found): null

27-02-2025T17:30:48 - [TEST_STEP][PASSED] - if (found != null): null

27-02-2025T17:30:48 - [TEST_STEP][PASSED] - foundStr = found.toString(): null

27-02-2025T17:30:48 - [TEST_STEP][PASSED] - matchP = foundStr.indexOf("%"): null

27-02-2025T17:30:48 - [TEST_STEP][PASSED] - if (matchP >= 0): null

27-02-2025T17:30:48 - [TEST_STEP][PASSED] - println(matchP): null

27-02-2025T17:30:48 - [TEST_STEP][PASSED] - pct = foundStr.substring(matchP + 1, matchP + 6): null

27-02-2025T17:30:48 - [TEST_STEP][PASSED] - pctF = pct.toFloat(): null

27-02-2025T17:30:48 - [TEST_STEP][PASSED] - outText = "+++ Tooltip match value for " + myKey + " is " + pctF + "%": null

27-02-2025T17:30:48 - [TEST_STEP][PASSED] - min = 80: null

27-02-2025T17:30:48 - [TEST_STEP][PASSED] - if (pctF.toFloat() < min.toFloat()): null

27-02-2025T17:30:48 - [TEST_STEP][PASSED] - if (myKey != "dummy"): null

27-02-2025T17:30:48 - [TEST_STEP][PASSED] - println(outText): null

27-02-2025T17:30:48 - [TEST_STEP][PASSED] - outFile.append(outText + "
"): null

27-02-2025T17:30:48 - [TEST_STEP][PASSED] - myKey = key: null

27-02-2025T17:30:48 - [TEST_STEP][PASSED] - myValue = value: null

27-02-2025T17:30:48 - [TEST_STEP][PASSED] - println("myKey is " + myKey): null

27-02-2025T17:30:48 - [TEST_STEP][PASSED] - println("myValue is " + myValue): null

27-02-2025T17:30:48 - [TEST_STEP][PASSED] - if (myKey != "dummy"): null

27-02-2025T17:30:48 - [TEST_STEP][PASSED] - tObj = testObjectFolder + myValue: null

27-02-2025T17:30:48 - [TEST_STEP][PASSED] - click(tObj): null

27-02-2025T17:30:48 - [TEST_STEP][PASSED] - scrollToObject(object): null

27-02-2025T17:30:48 - [TEST_STEP][PASSED] - println("Converting " + object + " to web element"): null

27-02-2025T17:30:48 - [TEST_STEP][PASSED] - element = findWebElement(findTestObject(object), 1): null

27-02-2025T17:30:48 - [TEST_STEP][PASSED] - loc = element.getLocation(): null

27-02-2025T17:30:48 - [TEST_STEP][PASSED] - x = loc.getX(): null

27-02-2025T17:30:48 - [TEST_STEP][PASSED] - if (x >= 560): null

27-02-2025T17:30:48 - [TEST_STEP][PASSED] - y = loc.getY(): null

27-02-2025T17:30:48 - [TEST_STEP][PASSED] - println("Y location is " + y): null

27-02-2025T17:30:48 - [TEST_STEP][PASSED] - top = getViewportTopPosition(): Current viewport's top (y) position is 273

27-02-2025T17:30:48 - [MESSAGE][PASSED] - Current viewport's top (y) position is 273

27-02-2025T17:30:48 - [TEST_STEP][PASSED] - println("Viewport top is " + top): null

27-02-2025T17:30:48 - [TEST_STEP][PASSED] - bottom = top + 600: null

27-02-2025T17:30:48 - [TEST_STEP][PASSED] - if (y - top < 150 || bottom - y < 10): Delayed 1 second(s)

27-02-2025T17:30:48 - [TEST_STEP][PASSED] - scrollToPosition(0, y - 170): Browser is scrolled to position x = 0, y = 803

27-02-2025T17:30:48 - [MESSAGE][PASSED] - Browser is scrolled to position x = 0, y = 803

27-02-2025T17:30:48 - [TEST_STEP][PASSED] - delay(1): Delayed 1 second(s)

27-02-2025T17:30:49 - [MESSAGE][PASSED] - Delayed 1 second(s)

27-02-2025T17:30:49 - [TEST_STEP][PASSED] - click(findTestObject(object)): null

27-02-2025T17:30:49 - [MESSAGE][PASSED] - Object: 'Object Repository/Education Partner Profile/Tabs/Match Filters/img_Paid  Volunteer Positions_field-tooltip' is clicked on

27-02-2025T17:30:49 - [TEST_STEP][PASSED] - delay(1): Delayed 1 second(s)

27-02-2025T17:30:50 - [MESSAGE][PASSED] - Delayed 1 second(s)

27-02-2025T17:30:50 - [TEST_STEP][PASSED] - myImage = tooltipImagePath + myKey + ".png": null

27-02-2025T17:30:50 - [TEST_STEP][PASSED] - f = new java.io.File(myImage): null

27-02-2025T17:30:50 - [TEST_STEP][PASSED] - if (f.exists()): null

27-02-2025T17:30:50 - [TEST_STEP][PASSED] - println("Looking for " + myImage): null

27-02-2025T17:30:50 - [TEST_STEP][PASSED] - icn = Pattern(myImage).similar(0.10): null

27-02-2025T17:30:50 - [TEST_STEP][PASSED] - found = s.exists(icn): null

27-02-2025T17:30:50 - [TEST_STEP][PASSED] - println(found): null

27-02-2025T17:30:50 - [TEST_STEP][PASSED] - if (found != null): null

27-02-2025T17:30:50 - [TEST_STEP][PASSED] - foundStr = found.toString(): null

27-02-2025T17:30:50 - [TEST_STEP][PASSED] - matchP = foundStr.indexOf("%"): null

27-02-2025T17:30:50 - [TEST_STEP][PASSED] - if (matchP >= 0): null

27-02-2025T17:30:50 - [TEST_STEP][PASSED] - println(matchP): null

27-02-2025T17:30:50 - [TEST_STEP][PASSED] - pct = foundStr.substring(matchP + 1, matchP + 6): null

27-02-2025T17:30:50 - [TEST_STEP][PASSED] - pctF = pct.toFloat(): null

27-02-2025T17:30:50 - [TEST_STEP][PASSED] - outText = "+++ Tooltip match value for " + myKey + " is " + pctF + "%": null

27-02-2025T17:30:50 - [TEST_STEP][PASSED] - min = 80: null

27-02-2025T17:30:50 - [TEST_STEP][PASSED] - if (pctF.toFloat() < min.toFloat()): null

27-02-2025T17:30:50 - [TEST_STEP][PASSED] - if (myKey != "dummy"): null

27-02-2025T17:30:50 - [TEST_STEP][PASSED] - println(outText): null

27-02-2025T17:30:50 - [TEST_STEP][PASSED] - outFile.append(outText + "
"): null

27-02-2025T17:30:50 - [TEST_STEP][PASSED] - outText = "Verifying the tooltip text on the page is what was expected.
": null

27-02-2025T17:30:50 - [TEST_STEP][PASSED] - println(tooltipTextMap): null

27-02-2025T17:30:50 - [TEST_STEP][PASSED] - outFile.append(outText): null

27-02-2025T17:30:50 - [TEST_STEP][PASSED] - for (def it : tooltipText): null

27-02-2025T17:30:50 - [TEST_STEP][PASSED] - println(it): null

27-02-2025T17:30:50 - [TEST_STEP][PASSED] - myKey = key: null

27-02-2025T17:30:50 - [TEST_STEP][PASSED] - myText = value.replace(""", ""): null

27-02-2025T17:30:50 - [TEST_STEP][PASSED] - myText = myText.trim(): null

27-02-2025T17:30:50 - [TEST_STEP][PASSED] - println(myKey): null

27-02-2025T17:30:50 - [TEST_STEP][PASSED] - println(myText): null

27-02-2025T17:30:50 - [TEST_STEP][PASSED] - println(tooltipTextMap.get(myKey)): null

27-02-2025T17:30:50 - [TEST_STEP][PASSED] - actualText = get(myKey).replace(""", ""): null

27-02-2025T17:30:50 - [TEST_STEP][PASSED] - actualText = actualText.trim(): null

27-02-2025T17:30:50 - [TEST_STEP][PASSED] - println(myKey + ":" + actualText): null

27-02-2025T17:30:50 - [TEST_STEP][PASSED] - if (actualText != myText): null

27-02-2025T17:30:50 - [TEST_STEP][PASSED] - println(it): null

27-02-2025T17:30:50 - [TEST_STEP][PASSED] - myKey = key: null

27-02-2025T17:30:50 - [TEST_STEP][PASSED] - myText = value.replace(""", ""): null

27-02-2025T17:30:50 - [TEST_STEP][PASSED] - myText = myText.trim(): null

27-02-2025T17:30:50 - [TEST_STEP][PASSED] - println(myKey): null

27-02-2025T17:30:50 - [TEST_STEP][PASSED] - println(myText): null

27-02-2025T17:30:50 - [TEST_STEP][PASSED] - println(tooltipTextMap.get(myKey)): null

27-02-2025T17:30:50 - [TEST_STEP][PASSED] - actualText = get(myKey).replace(""", ""): null

27-02-2025T17:30:50 - [TEST_STEP][PASSED] - actualText = actualText.trim(): null

27-02-2025T17:30:50 - [TEST_STEP][PASSED] - println(myKey + ":" + actualText): null

27-02-2025T17:30:50 - [TEST_STEP][PASSED] - if (actualText != myText): null

27-02-2025T17:30:50 - [TEST_STEP][PASSED] - println(it): null

27-02-2025T17:30:50 - [TEST_STEP][PASSED] - myKey = key: null

27-02-2025T17:30:50 - [TEST_STEP][PASSED] - myText = value.replace(""", ""): null

27-02-2025T17:30:50 - [TEST_STEP][PASSED] - myText = myText.trim(): null

27-02-2025T17:30:50 - [TEST_STEP][PASSED] - println(myKey): null

27-02-2025T17:30:50 - [TEST_STEP][PASSED] - println(myText): null

27-02-2025T17:30:50 - [TEST_STEP][PASSED] - println(tooltipTextMap.get(myKey)): null

27-02-2025T17:30:50 - [TEST_STEP][PASSED] - actualText = get(myKey).replace(""", ""): null

27-02-2025T17:30:50 - [TEST_STEP][PASSED] - actualText = actualText.trim(): null

27-02-2025T17:30:50 - [TEST_STEP][PASSED] - println(myKey + ":" + actualText): null

27-02-2025T17:30:50 - [TEST_STEP][PASSED] - if (actualText != myText): null

27-02-2025T17:30:50 - [TEST_STEP][PASSED] - println(it): null

27-02-2025T17:30:50 - [TEST_STEP][PASSED] - myKey = key: null

27-02-2025T17:30:50 - [TEST_STEP][PASSED] - myText = value.replace(""", ""): null

27-02-2025T17:30:50 - [TEST_STEP][PASSED] - myText = myText.trim(): null

27-02-2025T17:30:50 - [TEST_STEP][PASSED] - println(myKey): null

27-02-2025T17:30:50 - [TEST_STEP][PASSED] - println(myText): null

27-02-2025T17:30:50 - [TEST_STEP][PASSED] - println(tooltipTextMap.get(myKey)): null

27-02-2025T17:30:50 - [TEST_STEP][PASSED] - actualText = get(myKey).replace(""", ""): null

27-02-2025T17:30:50 - [TEST_STEP][PASSED] - actualText = actualText.trim(): null

27-02-2025T17:30:50 - [TEST_STEP][PASSED] - println(myKey + ":" + actualText): null

27-02-2025T17:30:50 - [TEST_STEP][PASSED] - if (actualText != myText): null

27-02-2025T17:30:50 - [TEST_STEP][PASSED] - println(it): null

27-02-2025T17:30:50 - [TEST_STEP][PASSED] - myKey = key: null

27-02-2025T17:30:50 - [TEST_STEP][PASSED] - myText = value.replace(""", ""): null

27-02-2025T17:30:50 - [TEST_STEP][PASSED] - myText = myText.trim(): null

27-02-2025T17:30:50 - [TEST_STEP][PASSED] - println(myKey): null

27-02-2025T17:30:50 - [TEST_STEP][PASSED] - println(myText): null

27-02-2025T17:30:50 - [TEST_STEP][PASSED] - println(tooltipTextMap.get(myKey)): null

27-02-2025T17:30:50 - [TEST_STEP][PASSED] - actualText = get(myKey).replace(""", ""): null

27-02-2025T17:30:50 - [TEST_STEP][PASSED] - actualText = actualText.trim(): null

27-02-2025T17:30:50 - [TEST_STEP][PASSED] - println(myKey + ":" + actualText): null

27-02-2025T17:30:50 - [TEST_STEP][PASSED] - if (actualText != myText): null

27-02-2025T17:30:50 - [TEST_STEP][PASSED] - println(it): null

27-02-2025T17:30:50 - [TEST_STEP][PASSED] - myKey = key: null

27-02-2025T17:30:50 - [TEST_STEP][PASSED] - myText = value.replace(""", ""): null

27-02-2025T17:30:50 - [TEST_STEP][PASSED] - myText = myText.trim(): null

27-02-2025T17:30:50 - [TEST_STEP][PASSED] - println(myKey): null

27-02-2025T17:30:50 - [TEST_STEP][PASSED] - println(myText): null

27-02-2025T17:30:50 - [TEST_STEP][PASSED] - println(tooltipTextMap.get(myKey)): null

27-02-2025T17:30:50 - [TEST_STEP][PASSED] - actualText = get(myKey).replace(""", ""): null

27-02-2025T17:30:50 - [TEST_STEP][PASSED] - actualText = actualText.trim(): null

27-02-2025T17:30:50 - [TEST_STEP][PASSED] - println(myKey + ":" + actualText): null

27-02-2025T17:30:50 - [TEST_STEP][PASSED] - if (actualText != myText): null

27-02-2025T17:30:50 - [MESSAGE][PASSED] - Call Test Case 'Test Cases/_Functions/Test Tooltips' successfully

27-02-2025T17:30:50 - [TEST_STEP][PASSED] - outText = "Verifying the required field messages.
": null

27-02-2025T17:30:50 - [TEST_STEP][PASSED] - outFile.append(outText): null

27-02-2025T17:30:50 - [TEST_STEP][PASSED] - fieldList = []: null

27-02-2025T17:30:50 - [TEST_STEP][PASSED] - requiredFieldMsgs.each({ -> ... }): null

27-02-2025T17:30:50 - [TEST_STEP][PASSED] - callTestCase(findTestCase("_Functions/Test Field Error Messages"), ["varFieldList":fieldList, "varRequiredFieldMsgs":requiredFieldMsgs], STOP_ON_FAILURE): Call Test Case 'Test Cases/_Functions/Test Field Error Messages' successfully

27-02-2025T17:30:50 - [TEST_CASE][PASSED] - Test Cases/_Functions/Test Field Error Messages: Test Cases/_Functions/Test Field Error Messages

27-02-2025T17:30:50 - [TEST_STEP][PASSED] - count = callTestCase(findTestCase("_Functions/Find error messages"), ["varFunction":"count"], STOP_ON_FAILURE): Call Test Case 'Test Cases/_Functions/Find error messages' successfully

27-02-2025T17:30:50 - [TEST_CASE][PASSED] - Test Cases/_Functions/Find error messages: Test Cases/_Functions/Find error messages

27-02-2025T17:30:50 - [TEST_STEP][PASSED] - function = "count": null

27-02-2025T17:30:50 - [TEST_STEP][PASSED] - if (binding.hasVariable("varFunction")): null

27-02-2025T17:30:50 - [TEST_STEP][PASSED] - function = varFunction: null

27-02-2025T17:30:50 - [TEST_STEP][PASSED] - title = getWindowTitle(): Current window's title is: 'Education'

27-02-2025T17:30:50 - [MESSAGE][PASSED] - Current window's title is: 'Education'

27-02-2025T17:30:50 - [TEST_STEP][PASSED] - println("Page title is " + title): null

27-02-2025T17:30:50 - [TEST_STEP][PASSED] - driver = getWebDriver(): null

27-02-2025T17:30:50 - [TEST_STEP][PASSED] - elements = driver.findElements(By.xpath("//div[@class='col-sm-offset-3 col-sm-9 text-danger']")): null

27-02-2025T17:30:50 - [TEST_STEP][PASSED] - if (function == "count"): null

27-02-2025T17:30:50 - [TEST_STEP][PASSED] - return elements.size(): null

27-02-2025T17:30:50 - [MESSAGE][PASSED] - Call Test Case 'Test Cases/_Functions/Find error messages' successfully

27-02-2025T17:30:50 - [TEST_STEP][PASSED] - outFile = outFile: null

27-02-2025T17:30:50 - [TEST_STEP][PASSED] - if (count == 0): null

27-02-2025T17:30:50 - [TEST_STEP][PASSED] - else: Delayed 0 second(s)

27-02-2025T17:30:50 - [TEST_STEP][PASSED] - fieldList = varFieldList: null

27-02-2025T17:30:50 - [TEST_STEP][PASSED] - requiredFieldMsgs = varRequiredFieldMsgs: null

27-02-2025T17:30:50 - [TEST_STEP][PASSED] - outText = "Verifying error messages for fields " + fieldList: null

27-02-2025T17:30:50 - [TEST_STEP][PASSED] - for (def field : fieldList): null

27-02-2025T17:30:50 - [TEST_STEP][PASSED] - errorMsg = requiredFieldMsgs.get(field): null

27-02-2025T17:30:50 - [TEST_STEP][PASSED] - msg = verifyTextPresent(errorMsg, false, OPTIONAL): Text 'The school formal education degree field is required.' is present on page 

27-02-2025T17:30:50 - [MESSAGE][PASSED] - Text 'The school formal education degree field is required.' is present on page 

27-02-2025T17:30:50 - [TEST_STEP][PASSED] - println(field + ":" + msg): null

27-02-2025T17:30:50 - [TEST_STEP][PASSED] - if (!(msg)): null

27-02-2025T17:30:50 - [TEST_STEP][PASSED] - errorMsg = requiredFieldMsgs.get(field): null

27-02-2025T17:30:50 - [TEST_STEP][PASSED] - msg = verifyTextPresent(errorMsg, false, OPTIONAL): Text 'The school classroom experience field is required.' is present on page 

27-02-2025T17:30:50 - [MESSAGE][PASSED] - Text 'The school classroom experience field is required.' is present on page 

27-02-2025T17:30:50 - [TEST_STEP][PASSED] - println(field + ":" + msg): null

27-02-2025T17:30:50 - [TEST_STEP][PASSED] - if (!(msg)): null

27-02-2025T17:30:50 - [TEST_STEP][PASSED] - errorMsg = requiredFieldMsgs.get(field): null

27-02-2025T17:30:50 - [TEST_STEP][PASSED] - msg = verifyTextPresent(errorMsg, false, OPTIONAL): Text 'The has teaching credentials field is required.' is present on page 

27-02-2025T17:30:50 - [MESSAGE][PASSED] - Text 'The has teaching credentials field is required.' is present on page 

27-02-2025T17:30:50 - [TEST_STEP][PASSED] - println(field + ":" + msg): null

27-02-2025T17:30:50 - [TEST_STEP][PASSED] - if (!(msg)): null

27-02-2025T17:30:50 - [TEST_STEP][PASSED] - errorMsg = requiredFieldMsgs.get(field): null

27-02-2025T17:30:50 - [TEST_STEP][PASSED] - msg = verifyTextPresent(errorMsg, false, OPTIONAL): Text 'The english skills field is required.' is present on page 

27-02-2025T17:30:50 - [MESSAGE][PASSED] - Text 'The english skills field is required.' is present on page 

27-02-2025T17:30:50 - [TEST_STEP][PASSED] - println(field + ":" + msg): null

27-02-2025T17:30:50 - [TEST_STEP][PASSED] - if (!(msg)): null

27-02-2025T17:30:50 - [TEST_STEP][PASSED] - errorMsg = requiredFieldMsgs.get(field): null

27-02-2025T17:30:50 - [TEST_STEP][PASSED] - msg = verifyTextPresent(errorMsg, false, OPTIONAL): Text 'The travel support field is required.' is present on page 

27-02-2025T17:30:50 - [MESSAGE][PASSED] - Text 'The travel support field is required.' is present on page 

27-02-2025T17:30:50 - [TEST_STEP][PASSED] - println(field + ":" + msg): null

27-02-2025T17:30:50 - [TEST_STEP][PASSED] - if (!(msg)): null

27-02-2025T17:30:50 - [TEST_STEP][PASSED] - errorMsg = requiredFieldMsgs.get(field): null

27-02-2025T17:30:50 - [TEST_STEP][PASSED] - msg = verifyTextPresent(errorMsg, false, OPTIONAL): Text 'The financial support field is required.' is present on page 

27-02-2025T17:30:50 - [MESSAGE][PASSED] - Text 'The financial support field is required.' is present on page 

27-02-2025T17:30:50 - [TEST_STEP][PASSED] - println(field + ":" + msg): null

27-02-2025T17:30:50 - [TEST_STEP][PASSED] - if (!(msg)): null

27-02-2025T17:30:50 - [TEST_STEP][PASSED] - delay(fieldTestDelay): Delayed 0 second(s)

27-02-2025T17:30:50 - [MESSAGE][PASSED] - Delayed 0 second(s)

27-02-2025T17:30:50 - [MESSAGE][PASSED] - Call Test Case 'Test Cases/_Functions/Test Field Error Messages' successfully

27-02-2025T17:30:50 - [TEST_STEP][PASSED] - callTestCase(findTestCase("_Functions/Click on Group Elements"), ["varXpaths":xpaths, "varParms":parms], STOP_ON_FAILURE): Call Test Case 'Test Cases/_Functions/Click on Group Elements' successfully

27-02-2025T17:30:51 - [TEST_CASE][PASSED] - Test Cases/_Functions/Click on Group Elements: Test Cases/_Functions/Click on Group Elements

27-02-2025T17:30:51 - [TEST_STEP][PASSED] - debug = false: null

27-02-2025T17:30:51 - [TEST_STEP][PASSED] - toggle = true: null

27-02-2025T17:30:51 - [TEST_STEP][PASSED] - frame = new javax.swing.JFrame(): null

27-02-2025T17:30:51 - [TEST_STEP][PASSED] - p = new javax.swing.JPanel(): null

27-02-2025T17:30:51 - [TEST_STEP][PASSED] - l = new javax.swing.JLabel(Making user selections..., javax.swing.SwingConstants.CENTER): null

27-02-2025T17:30:51 - [TEST_STEP][PASSED] - frame.add(l): null

27-02-2025T17:30:51 - [TEST_STEP][PASSED] - frame.setSize(300, 100): null

27-02-2025T17:30:51 - [TEST_STEP][PASSED] - frame.setLocation(600, 0): null

27-02-2025T17:30:51 - [TEST_STEP][PASSED] - frame.setAlwaysOnTop(true): null

27-02-2025T17:30:51 - [TEST_STEP][PASSED] - frame.show(): null

27-02-2025T17:30:51 - [TEST_STEP][PASSED] - driver = getWebDriver(): null

27-02-2025T17:30:51 - [TEST_STEP][PASSED] - println(varParms): null

27-02-2025T17:30:51 - [TEST_STEP][PASSED] - for ([i = 0, i < varXpaths.size(), (i++)]): null

27-02-2025T17:30:51 - [TEST_STEP][PASSED] - if (debug): null

27-02-2025T17:30:51 - [TEST_STEP][PASSED] - if (varParms[i].indexOf("Europe") >= 0): null

27-02-2025T17:30:51 - [TEST_STEP][PASSED] - elements = driver.findElements(By.xpath(varXpaths[i])): null

27-02-2025T17:30:51 - [TEST_STEP][PASSED] - element_count = elements.size(): null

27-02-2025T17:30:51 - [TEST_STEP][PASSED] - for (def element : elements): null

27-02-2025T17:30:51 - [TEST_STEP][PASSED] - myValue = element.getAttribute("value"): null

27-02-2025T17:30:51 - [TEST_STEP][PASSED] - if (debug): null

27-02-2025T17:30:51 - [TEST_STEP][PASSED] - if (myValue.length() >= 4): null

27-02-2025T17:30:51 - [TEST_STEP][PASSED] - if (myValue.substring(0, 4) == "(!) "): null

27-02-2025T17:30:51 - [TEST_STEP][PASSED] - myValue = myValue.substring(4): null

27-02-2025T17:30:51 - [TEST_STEP][PASSED] - if (debug): null

27-02-2025T17:30:51 - [TEST_STEP][PASSED] - myType = element.getAttribute("type"): null

27-02-2025T17:30:51 - [TEST_STEP][PASSED] - if (myValue in varParms[i]): null

27-02-2025T17:30:51 - [TEST_STEP][PASSED] - inList = true: null

27-02-2025T17:30:51 - [TEST_STEP][PASSED] - if (myType == "checkbox"): null

27-02-2025T17:30:51 - [TEST_STEP][PASSED] - myStatus = element.isSelected(): null

27-02-2025T17:30:51 - [TEST_STEP][PASSED] - if (debug): null

27-02-2025T17:30:51 - [TEST_STEP][PASSED] - if (toggle && myStatus && inList): null

27-02-2025T17:30:51 - [TEST_STEP][PASSED] - if (!(myStatus) && inList || myStatus && !(inList)): null

27-02-2025T17:30:51 - [TEST_STEP][PASSED] - if (debug): null

27-02-2025T17:30:51 - [TEST_STEP][PASSED] - println("Clicking " + myValue): null

27-02-2025T17:30:51 - [TEST_STEP][PASSED] - click(element): null

27-02-2025T17:30:51 - [TEST_STEP][PASSED] - scrollToObject(elem): null

27-02-2025T17:30:51 - [TEST_STEP][PASSED] - loc = element.getLocation(): null

27-02-2025T17:30:51 - [TEST_STEP][PASSED] - if (debug): null

27-02-2025T17:30:51 - [TEST_STEP][PASSED] - y = loc.getY(): null

27-02-2025T17:30:51 - [TEST_STEP][PASSED] - println("Y location is " + y): null

27-02-2025T17:30:51 - [TEST_STEP][PASSED] - top = getViewportTopPosition(): Current viewport's top (y) position is 691

27-02-2025T17:30:51 - [MESSAGE][PASSED] - Current viewport's top (y) position is 691

27-02-2025T17:30:51 - [TEST_STEP][PASSED] - println("Viewport top is " + top): null

27-02-2025T17:30:51 - [TEST_STEP][PASSED] - bottom = top + 600: null

27-02-2025T17:30:51 - [TEST_STEP][PASSED] - if (y - top < 150 || bottom - y < 10): Delayed 1 second(s)

27-02-2025T17:30:51 - [TEST_STEP][PASSED] - scrollToPosition(0, y - 150): Browser is scrolled to position x = 0, y = 303

27-02-2025T17:30:51 - [MESSAGE][PASSED] - Browser is scrolled to position x = 0, y = 303

27-02-2025T17:30:51 - [TEST_STEP][PASSED] - delay(1): Delayed 1 second(s)

27-02-2025T17:30:52 - [MESSAGE][PASSED] - Delayed 1 second(s)

27-02-2025T17:30:52 - [TEST_STEP][PASSED] - elem.click(): null

27-02-2025T17:30:52 - [TEST_STEP][PASSED] - myValue = element.getAttribute("value"): null

27-02-2025T17:30:52 - [TEST_STEP][PASSED] - if (debug): null

27-02-2025T17:30:52 - [TEST_STEP][PASSED] - if (myValue.length() >= 4): null

27-02-2025T17:30:52 - [TEST_STEP][PASSED] - myType = element.getAttribute("type"): null

27-02-2025T17:30:52 - [TEST_STEP][PASSED] - if (myValue in varParms[i]): null

27-02-2025T17:30:52 - [TEST_STEP][PASSED] - else: null

27-02-2025T17:30:52 - [TEST_STEP][PASSED] - inList = false: null

27-02-2025T17:30:52 - [TEST_STEP][PASSED] - if (myType == "checkbox"): null

27-02-2025T17:30:52 - [TEST_STEP][PASSED] - myStatus = element.isSelected(): null

27-02-2025T17:30:52 - [TEST_STEP][PASSED] - if (debug): null

27-02-2025T17:30:52 - [TEST_STEP][PASSED] - if (toggle && myStatus && inList): null

27-02-2025T17:30:52 - [TEST_STEP][PASSED] - if (!(myStatus) && inList || myStatus && !(inList)): null

27-02-2025T17:30:52 - [TEST_STEP][PASSED] - myValue = element.getAttribute("value"): null

27-02-2025T17:30:52 - [TEST_STEP][PASSED] - if (debug): null

27-02-2025T17:30:52 - [TEST_STEP][PASSED] - if (myValue.length() >= 4): null

27-02-2025T17:30:52 - [TEST_STEP][PASSED] - if (myValue.substring(0, 4) == "(!) "): null

27-02-2025T17:30:52 - [TEST_STEP][PASSED] - myType = element.getAttribute("type"): null

27-02-2025T17:30:52 - [TEST_STEP][PASSED] - if (myValue in varParms[i]): null

27-02-2025T17:30:52 - [TEST_STEP][PASSED] - else: null

27-02-2025T17:30:52 - [TEST_STEP][PASSED] - inList = false: null

27-02-2025T17:30:52 - [TEST_STEP][PASSED] - if (myType == "checkbox"): null

27-02-2025T17:30:52 - [TEST_STEP][PASSED] - myStatus = element.isSelected(): null

27-02-2025T17:30:52 - [TEST_STEP][PASSED] - if (debug): null

27-02-2025T17:30:52 - [TEST_STEP][PASSED] - if (toggle && myStatus && inList): null

27-02-2025T17:30:52 - [TEST_STEP][PASSED] - if (!(myStatus) && inList || myStatus && !(inList)): null

27-02-2025T17:30:52 - [TEST_STEP][PASSED] - if (debug): null

27-02-2025T17:30:52 - [TEST_STEP][PASSED] - if (varParms[i].indexOf("Europe") >= 0): null

27-02-2025T17:30:52 - [TEST_STEP][PASSED] - elements = driver.findElements(By.xpath(varXpaths[i])): null

27-02-2025T17:30:52 - [TEST_STEP][PASSED] - element_count = elements.size(): null

27-02-2025T17:30:52 - [TEST_STEP][PASSED] - for (def element : elements): null

27-02-2025T17:30:52 - [TEST_STEP][PASSED] - myValue = element.getAttribute("value"): null

27-02-2025T17:30:52 - [TEST_STEP][PASSED] - if (debug): null

27-02-2025T17:30:52 - [TEST_STEP][PASSED] - if (myValue.length() >= 4): null

27-02-2025T17:30:52 - [TEST_STEP][PASSED] - if (myValue.substring(0, 4) == "(!) "): null

27-02-2025T17:30:52 - [TEST_STEP][PASSED] - myValue = myValue.substring(4): null

27-02-2025T17:30:52 - [TEST_STEP][PASSED] - if (debug): null

27-02-2025T17:30:52 - [TEST_STEP][PASSED] - myType = element.getAttribute("type"): null

27-02-2025T17:30:52 - [TEST_STEP][PASSED] - if (myValue in varParms[i]): null

27-02-2025T17:30:52 - [TEST_STEP][PASSED] - else: null

27-02-2025T17:30:52 - [TEST_STEP][PASSED] - inList = false: null

27-02-2025T17:30:52 - [TEST_STEP][PASSED] - if (myType == "checkbox"): null

27-02-2025T17:30:52 - [TEST_STEP][PASSED] - myStatus = element.isSelected(): null

27-02-2025T17:30:52 - [TEST_STEP][PASSED] - if (debug): null

27-02-2025T17:30:52 - [TEST_STEP][PASSED] - if (toggle && myStatus && inList): null

27-02-2025T17:30:52 - [TEST_STEP][PASSED] - if (!(myStatus) && inList || myStatus && !(inList)): null

27-02-2025T17:30:52 - [TEST_STEP][PASSED] - myValue = element.getAttribute("value"): null

27-02-2025T17:30:52 - [TEST_STEP][PASSED] - if (debug): null

27-02-2025T17:30:52 - [TEST_STEP][PASSED] - if (myValue.length() >= 4): null

27-02-2025T17:30:52 - [TEST_STEP][PASSED] - myType = element.getAttribute("type"): null

27-02-2025T17:30:52 - [TEST_STEP][PASSED] - if (myValue in varParms[i]): null

27-02-2025T17:30:52 - [TEST_STEP][PASSED] - inList = true: null

27-02-2025T17:30:52 - [TEST_STEP][PASSED] - if (myType == "checkbox"): null

27-02-2025T17:30:52 - [TEST_STEP][PASSED] - myStatus = element.isSelected(): null

27-02-2025T17:30:52 - [TEST_STEP][PASSED] - if (debug): null

27-02-2025T17:30:52 - [TEST_STEP][PASSED] - if (toggle && myStatus && inList): null

27-02-2025T17:30:52 - [TEST_STEP][PASSED] - if (!(myStatus) && inList || myStatus && !(inList)): null

27-02-2025T17:30:52 - [TEST_STEP][PASSED] - if (debug): null

27-02-2025T17:30:52 - [TEST_STEP][PASSED] - println("Clicking " + myValue): null

27-02-2025T17:30:52 - [TEST_STEP][PASSED] - click(element): null

27-02-2025T17:30:52 - [TEST_STEP][PASSED] - scrollToObject(elem): null

27-02-2025T17:30:52 - [TEST_STEP][PASSED] - loc = element.getLocation(): null

27-02-2025T17:30:52 - [TEST_STEP][PASSED] - if (debug): null

27-02-2025T17:30:52 - [TEST_STEP][PASSED] - y = loc.getY(): null

27-02-2025T17:30:52 - [TEST_STEP][PASSED] - println("Y location is " + y): null

27-02-2025T17:30:52 - [TEST_STEP][PASSED] - top = getViewportTopPosition(): Current viewport's top (y) position is 303

27-02-2025T17:30:52 - [MESSAGE][PASSED] - Current viewport's top (y) position is 303

27-02-2025T17:30:52 - [TEST_STEP][PASSED] - println("Viewport top is " + top): null

27-02-2025T17:30:52 - [TEST_STEP][PASSED] - bottom = top + 600: null

27-02-2025T17:30:52 - [TEST_STEP][PASSED] - if (y - top < 150 || bottom - y < 10): null

27-02-2025T17:30:52 - [TEST_STEP][PASSED] - elem.click(): null

27-02-2025T17:30:52 - [TEST_STEP][PASSED] - myValue = element.getAttribute("value"): null

27-02-2025T17:30:52 - [TEST_STEP][PASSED] - if (debug): null

27-02-2025T17:30:52 - [TEST_STEP][PASSED] - if (myValue.length() >= 4): null

27-02-2025T17:30:52 - [TEST_STEP][PASSED] - if (myValue.substring(0, 4) == "(!) "): null

27-02-2025T17:30:52 - [TEST_STEP][PASSED] - myType = element.getAttribute("type"): null

27-02-2025T17:30:52 - [TEST_STEP][PASSED] - if (myValue in varParms[i]): null

27-02-2025T17:30:52 - [TEST_STEP][PASSED] - else: null

27-02-2025T17:30:52 - [TEST_STEP][PASSED] - inList = false: null

27-02-2025T17:30:52 - [TEST_STEP][PASSED] - if (myType == "checkbox"): null

27-02-2025T17:30:52 - [TEST_STEP][PASSED] - myStatus = element.isSelected(): null

27-02-2025T17:30:52 - [TEST_STEP][PASSED] - if (debug): null

27-02-2025T17:30:52 - [TEST_STEP][PASSED] - if (toggle && myStatus && inList): null

27-02-2025T17:30:52 - [TEST_STEP][PASSED] - if (!(myStatus) && inList || myStatus && !(inList)): null

27-02-2025T17:30:52 - [TEST_STEP][PASSED] - if (debug): null

27-02-2025T17:30:52 - [TEST_STEP][PASSED] - if (varParms[i].indexOf("Europe") >= 0): null

27-02-2025T17:30:52 - [TEST_STEP][PASSED] - elements = driver.findElements(By.xpath(varXpaths[i])): null

27-02-2025T17:30:52 - [TEST_STEP][PASSED] - element_count = elements.size(): null

27-02-2025T17:30:52 - [TEST_STEP][PASSED] - for (def element : elements): null

27-02-2025T17:30:52 - [TEST_STEP][PASSED] - myValue = element.getAttribute("value"): null

27-02-2025T17:30:52 - [TEST_STEP][PASSED] - if (debug): null

27-02-2025T17:30:52 - [TEST_STEP][PASSED] - if (myValue.length() >= 4): null

27-02-2025T17:30:52 - [TEST_STEP][PASSED] - if (myValue.substring(0, 4) == "(!) "): null

27-02-2025T17:30:52 - [TEST_STEP][PASSED] - myValue = myValue.substring(4): null

27-02-2025T17:30:52 - [TEST_STEP][PASSED] - if (debug): null

27-02-2025T17:30:52 - [TEST_STEP][PASSED] - myType = element.getAttribute("type"): null

27-02-2025T17:30:52 - [TEST_STEP][PASSED] - if (myValue in varParms[i]): null

27-02-2025T17:30:52 - [TEST_STEP][PASSED] - inList = true: null

27-02-2025T17:30:52 - [TEST_STEP][PASSED] - if (myType == "checkbox"): null

27-02-2025T17:30:52 - [TEST_STEP][PASSED] - myStatus = element.isSelected(): null

27-02-2025T17:30:52 - [TEST_STEP][PASSED] - if (debug): null

27-02-2025T17:30:52 - [TEST_STEP][PASSED] - if (toggle && myStatus && inList): null

27-02-2025T17:30:52 - [TEST_STEP][PASSED] - if (!(myStatus) && inList || myStatus && !(inList)): null

27-02-2025T17:30:52 - [TEST_STEP][PASSED] - if (debug): null

27-02-2025T17:30:52 - [TEST_STEP][PASSED] - println("Clicking " + myValue): null

27-02-2025T17:30:52 - [TEST_STEP][PASSED] - click(element): null

27-02-2025T17:30:52 - [TEST_STEP][PASSED] - scrollToObject(elem): null

27-02-2025T17:30:52 - [TEST_STEP][PASSED] - loc = element.getLocation(): null

27-02-2025T17:30:52 - [TEST_STEP][PASSED] - if (debug): null

27-02-2025T17:30:52 - [TEST_STEP][PASSED] - y = loc.getY(): null

27-02-2025T17:30:52 - [TEST_STEP][PASSED] - println("Y location is " + y): null

27-02-2025T17:30:52 - [TEST_STEP][PASSED] - top = getViewportTopPosition(): Current viewport's top (y) position is 303

27-02-2025T17:30:52 - [MESSAGE][PASSED] - Current viewport's top (y) position is 303

27-02-2025T17:30:52 - [TEST_STEP][PASSED] - println("Viewport top is " + top): null

27-02-2025T17:30:52 - [TEST_STEP][PASSED] - bottom = top + 600: null

27-02-2025T17:30:52 - [TEST_STEP][PASSED] - if (y - top < 150 || bottom - y < 10): null

27-02-2025T17:30:52 - [TEST_STEP][PASSED] - elem.click(): null

27-02-2025T17:30:52 - [TEST_STEP][PASSED] - myValue = element.getAttribute("value"): null

27-02-2025T17:30:52 - [TEST_STEP][PASSED] - if (debug): null

27-02-2025T17:30:52 - [TEST_STEP][PASSED] - if (myValue.length() >= 4): null

27-02-2025T17:30:52 - [TEST_STEP][PASSED] - myType = element.getAttribute("type"): null

27-02-2025T17:30:52 - [TEST_STEP][PASSED] - if (myValue in varParms[i]): null

27-02-2025T17:30:52 - [TEST_STEP][PASSED] - inList = true: null

27-02-2025T17:30:52 - [TEST_STEP][PASSED] - if (myType == "checkbox"): null

27-02-2025T17:30:52 - [TEST_STEP][PASSED] - myStatus = element.isSelected(): null

27-02-2025T17:30:52 - [TEST_STEP][PASSED] - if (debug): null

27-02-2025T17:30:52 - [TEST_STEP][PASSED] - if (toggle && myStatus && inList): null

27-02-2025T17:30:52 - [TEST_STEP][PASSED] - if (!(myStatus) && inList || myStatus && !(inList)): null

27-02-2025T17:30:52 - [TEST_STEP][PASSED] - if (debug): null

27-02-2025T17:30:52 - [TEST_STEP][PASSED] - println("Clicking " + myValue): null

27-02-2025T17:30:52 - [TEST_STEP][PASSED] - click(element): null

27-02-2025T17:30:52 - [TEST_STEP][PASSED] - scrollToObject(elem): null

27-02-2025T17:30:52 - [TEST_STEP][PASSED] - loc = element.getLocation(): null

27-02-2025T17:30:52 - [TEST_STEP][PASSED] - if (debug): null

27-02-2025T17:30:52 - [TEST_STEP][PASSED] - y = loc.getY(): null

27-02-2025T17:30:52 - [TEST_STEP][PASSED] - println("Y location is " + y): null

27-02-2025T17:30:52 - [TEST_STEP][PASSED] - top = getViewportTopPosition(): Current viewport's top (y) position is 303

27-02-2025T17:30:52 - [MESSAGE][PASSED] - Current viewport's top (y) position is 303

27-02-2025T17:30:52 - [TEST_STEP][PASSED] - println("Viewport top is " + top): null

27-02-2025T17:30:52 - [TEST_STEP][PASSED] - bottom = top + 600: null

27-02-2025T17:30:52 - [TEST_STEP][PASSED] - if (y - top < 150 || bottom - y < 10): null

27-02-2025T17:30:52 - [TEST_STEP][PASSED] - elem.click(): null

27-02-2025T17:30:52 - [TEST_STEP][PASSED] - myValue = element.getAttribute("value"): null

27-02-2025T17:30:52 - [TEST_STEP][PASSED] - if (debug): null

27-02-2025T17:30:52 - [TEST_STEP][PASSED] - if (myValue.length() >= 4): null

27-02-2025T17:30:52 - [TEST_STEP][PASSED] - if (myValue.substring(0, 4) == "(!) "): null

27-02-2025T17:30:52 - [TEST_STEP][PASSED] - myType = element.getAttribute("type"): null

27-02-2025T17:30:52 - [TEST_STEP][PASSED] - if (myValue in varParms[i]): null

27-02-2025T17:30:52 - [TEST_STEP][PASSED] - inList = true: null

27-02-2025T17:30:52 - [TEST_STEP][PASSED] - if (myType == "checkbox"): null

27-02-2025T17:30:52 - [TEST_STEP][PASSED] - myStatus = element.isSelected(): null

27-02-2025T17:30:52 - [TEST_STEP][PASSED] - if (debug): null

27-02-2025T17:30:52 - [TEST_STEP][PASSED] - if (toggle && myStatus && inList): null

27-02-2025T17:30:52 - [TEST_STEP][PASSED] - if (!(myStatus) && inList || myStatus && !(inList)): null

27-02-2025T17:30:52 - [TEST_STEP][PASSED] - if (debug): null

27-02-2025T17:30:52 - [TEST_STEP][PASSED] - println("Clicking " + myValue): null

27-02-2025T17:30:52 - [TEST_STEP][PASSED] - click(element): null

27-02-2025T17:30:52 - [TEST_STEP][PASSED] - scrollToObject(elem): null

27-02-2025T17:30:52 - [TEST_STEP][PASSED] - loc = element.getLocation(): null

27-02-2025T17:30:52 - [TEST_STEP][PASSED] - if (debug): null

27-02-2025T17:30:52 - [TEST_STEP][PASSED] - y = loc.getY(): null

27-02-2025T17:30:52 - [TEST_STEP][PASSED] - println("Y location is " + y): null

27-02-2025T17:30:52 - [TEST_STEP][PASSED] - top = getViewportTopPosition(): Current viewport's top (y) position is 303

27-02-2025T17:30:52 - [MESSAGE][PASSED] - Current viewport's top (y) position is 303

27-02-2025T17:30:52 - [TEST_STEP][PASSED] - println("Viewport top is " + top): null

27-02-2025T17:30:52 - [TEST_STEP][PASSED] - bottom = top + 600: null

27-02-2025T17:30:52 - [TEST_STEP][PASSED] - if (y - top < 150 || bottom - y < 10): null

27-02-2025T17:30:52 - [TEST_STEP][PASSED] - elem.click(): null

27-02-2025T17:30:52 - [TEST_STEP][PASSED] - if (debug): null

27-02-2025T17:30:52 - [TEST_STEP][PASSED] - if (varParms[i].indexOf("Europe") >= 0): null

27-02-2025T17:30:52 - [TEST_STEP][PASSED] - elements = driver.findElements(By.xpath(varXpaths[i])): null

27-02-2025T17:30:52 - [TEST_STEP][PASSED] - element_count = elements.size(): null

27-02-2025T17:30:52 - [TEST_STEP][PASSED] - for (def element : elements): null

27-02-2025T17:30:52 - [TEST_STEP][PASSED] - myValue = element.getAttribute("value"): null

27-02-2025T17:30:52 - [TEST_STEP][PASSED] - if (debug): null

27-02-2025T17:30:52 - [TEST_STEP][PASSED] - if (myValue.length() >= 4): null

27-02-2025T17:30:52 - [TEST_STEP][PASSED] - if (myValue.substring(0, 4) == "(!) "): null

27-02-2025T17:30:52 - [TEST_STEP][PASSED] - myType = element.getAttribute("type"): null

27-02-2025T17:30:52 - [TEST_STEP][PASSED] - if (myValue in varParms[i]): null

27-02-2025T17:30:52 - [TEST_STEP][PASSED] - else: null

27-02-2025T17:30:52 - [TEST_STEP][PASSED] - inList = false: null

27-02-2025T17:30:52 - [TEST_STEP][PASSED] - if (myType == "checkbox"): null

27-02-2025T17:30:52 - [TEST_STEP][PASSED] - myStatus = element.isSelected(): null

27-02-2025T17:30:52 - [TEST_STEP][PASSED] - if (debug): null

27-02-2025T17:30:52 - [TEST_STEP][PASSED] - if (toggle && myStatus && inList): null

27-02-2025T17:30:52 - [TEST_STEP][PASSED] - if (!(myStatus) && inList || myStatus && !(inList)): null

27-02-2025T17:30:52 - [TEST_STEP][PASSED] - myValue = element.getAttribute("value"): null

27-02-2025T17:30:52 - [TEST_STEP][PASSED] - if (debug): null

27-02-2025T17:30:52 - [TEST_STEP][PASSED] - if (myValue.length() >= 4): null

27-02-2025T17:30:52 - [TEST_STEP][PASSED] - if (myValue.substring(0, 4) == "(!) "): null

27-02-2025T17:30:52 - [TEST_STEP][PASSED] - myType = element.getAttribute("type"): null

27-02-2025T17:30:52 - [TEST_STEP][PASSED] - if (myValue in varParms[i]): null

27-02-2025T17:30:52 - [TEST_STEP][PASSED] - else: null

27-02-2025T17:30:52 - [TEST_STEP][PASSED] - inList = false: null

27-02-2025T17:30:52 - [TEST_STEP][PASSED] - if (myType == "checkbox"): null

27-02-2025T17:30:52 - [TEST_STEP][PASSED] - myStatus = element.isSelected(): null

27-02-2025T17:30:52 - [TEST_STEP][PASSED] - if (debug): null

27-02-2025T17:30:52 - [TEST_STEP][PASSED] - if (toggle && myStatus && inList): null

27-02-2025T17:30:52 - [TEST_STEP][PASSED] - if (!(myStatus) && inList || myStatus && !(inList)): null

27-02-2025T17:30:52 - [TEST_STEP][PASSED] - myValue = element.getAttribute("value"): null

27-02-2025T17:30:52 - [TEST_STEP][PASSED] - if (debug): null

27-02-2025T17:30:52 - [TEST_STEP][PASSED] - if (myValue.length() >= 4): null

27-02-2025T17:30:52 - [TEST_STEP][PASSED] - if (myValue.substring(0, 4) == "(!) "): null

27-02-2025T17:30:52 - [TEST_STEP][PASSED] - myType = element.getAttribute("type"): null

27-02-2025T17:30:52 - [TEST_STEP][PASSED] - if (myValue in varParms[i]): null

27-02-2025T17:30:52 - [TEST_STEP][PASSED] - else: null

27-02-2025T17:30:52 - [TEST_STEP][PASSED] - inList = false: null

27-02-2025T17:30:52 - [TEST_STEP][PASSED] - if (myType == "checkbox"): null

27-02-2025T17:30:52 - [TEST_STEP][PASSED] - myStatus = element.isSelected(): null

27-02-2025T17:30:52 - [TEST_STEP][PASSED] - if (debug): null

27-02-2025T17:30:52 - [TEST_STEP][PASSED] - if (toggle && myStatus && inList): null

27-02-2025T17:30:52 - [TEST_STEP][PASSED] - if (!(myStatus) && inList || myStatus && !(inList)): null

27-02-2025T17:30:52 - [TEST_STEP][PASSED] - myValue = element.getAttribute("value"): null

27-02-2025T17:30:52 - [TEST_STEP][PASSED] - if (debug): null

27-02-2025T17:30:52 - [TEST_STEP][PASSED] - if (myValue.length() >= 4): null

27-02-2025T17:30:52 - [TEST_STEP][PASSED] - if (myValue.substring(0, 4) == "(!) "): null

27-02-2025T17:30:52 - [TEST_STEP][PASSED] - myType = element.getAttribute("type"): null

27-02-2025T17:30:52 - [TEST_STEP][PASSED] - if (myValue in varParms[i]): null

27-02-2025T17:30:52 - [TEST_STEP][PASSED] - else: null

27-02-2025T17:30:52 - [TEST_STEP][PASSED] - inList = false: null

27-02-2025T17:30:52 - [TEST_STEP][PASSED] - if (myType == "checkbox"): null

27-02-2025T17:30:52 - [TEST_STEP][PASSED] - myStatus = element.isSelected(): null

27-02-2025T17:30:52 - [TEST_STEP][PASSED] - if (debug): null

27-02-2025T17:30:52 - [TEST_STEP][PASSED] - if (toggle && myStatus && inList): null

27-02-2025T17:30:52 - [TEST_STEP][PASSED] - if (!(myStatus) && inList || myStatus && !(inList)): null

27-02-2025T17:30:52 - [TEST_STEP][PASSED] - myValue = element.getAttribute("value"): null

27-02-2025T17:30:52 - [TEST_STEP][PASSED] - if (debug): null

27-02-2025T17:30:52 - [TEST_STEP][PASSED] - if (myValue.length() >= 4): null

27-02-2025T17:30:52 - [TEST_STEP][PASSED] - if (myValue.substring(0, 4) == "(!) "): null

27-02-2025T17:30:52 - [TEST_STEP][PASSED] - myType = element.getAttribute("type"): null

27-02-2025T17:30:52 - [TEST_STEP][PASSED] - if (myValue in varParms[i]): null

27-02-2025T17:30:52 - [TEST_STEP][PASSED] - else: null

27-02-2025T17:30:52 - [TEST_STEP][PASSED] - inList = false: null

27-02-2025T17:30:52 - [TEST_STEP][PASSED] - if (myType == "checkbox"): null

27-02-2025T17:30:52 - [TEST_STEP][PASSED] - myStatus = element.isSelected(): null

27-02-2025T17:30:52 - [TEST_STEP][PASSED] - if (debug): null

27-02-2025T17:30:52 - [TEST_STEP][PASSED] - if (toggle && myStatus && inList): null

27-02-2025T17:30:52 - [TEST_STEP][PASSED] - if (!(myStatus) && inList || myStatus && !(inList)): null

27-02-2025T17:30:52 - [TEST_STEP][PASSED] - myValue = element.getAttribute("value"): null

27-02-2025T17:30:52 - [TEST_STEP][PASSED] - if (debug): null

27-02-2025T17:30:52 - [TEST_STEP][PASSED] - if (myValue.length() >= 4): null

27-02-2025T17:30:52 - [TEST_STEP][PASSED] - if (myValue.substring(0, 4) == "(!) "): null

27-02-2025T17:30:52 - [TEST_STEP][PASSED] - myValue = myValue.substring(4): null

27-02-2025T17:30:52 - [TEST_STEP][PASSED] - if (debug): null

27-02-2025T17:30:52 - [TEST_STEP][PASSED] - myType = element.getAttribute("type"): null

27-02-2025T17:30:52 - [TEST_STEP][PASSED] - if (myValue in varParms[i]): null

27-02-2025T17:30:52 - [TEST_STEP][PASSED] - inList = true: null

27-02-2025T17:30:52 - [TEST_STEP][PASSED] - if (myType == "checkbox"): null

27-02-2025T17:30:52 - [TEST_STEP][PASSED] - myStatus = element.isSelected(): null

27-02-2025T17:30:52 - [TEST_STEP][PASSED] - if (debug): null

27-02-2025T17:30:52 - [TEST_STEP][PASSED] - if (toggle && myStatus && inList): null

27-02-2025T17:30:52 - [TEST_STEP][PASSED] - if (!(myStatus) && inList || myStatus && !(inList)): null

27-02-2025T17:30:52 - [TEST_STEP][PASSED] - if (debug): null

27-02-2025T17:30:52 - [TEST_STEP][PASSED] - println("Clicking " + myValue): null

27-02-2025T17:30:52 - [TEST_STEP][PASSED] - click(element): null

27-02-2025T17:30:52 - [TEST_STEP][PASSED] - scrollToObject(elem): null

27-02-2025T17:30:52 - [TEST_STEP][PASSED] - loc = element.getLocation(): null

27-02-2025T17:30:52 - [TEST_STEP][PASSED] - if (debug): null

27-02-2025T17:30:52 - [TEST_STEP][PASSED] - y = loc.getY(): null

27-02-2025T17:30:52 - [TEST_STEP][PASSED] - println("Y location is " + y): null

27-02-2025T17:30:52 - [TEST_STEP][PASSED] - top = getViewportTopPosition(): Current viewport's top (y) position is 303

27-02-2025T17:30:52 - [MESSAGE][PASSED] - Current viewport's top (y) position is 303

27-02-2025T17:30:52 - [TEST_STEP][PASSED] - println("Viewport top is " + top): null

27-02-2025T17:30:52 - [TEST_STEP][PASSED] - bottom = top + 600: null

27-02-2025T17:30:52 - [TEST_STEP][PASSED] - if (y - top < 150 || bottom - y < 10): null

27-02-2025T17:30:52 - [TEST_STEP][PASSED] - elem.click(): null

27-02-2025T17:30:52 - [TEST_STEP][PASSED] - if (debug): null

27-02-2025T17:30:52 - [TEST_STEP][PASSED] - if (varParms[i].indexOf("Europe") >= 0): null

27-02-2025T17:30:52 - [TEST_STEP][PASSED] - elements = driver.findElements(By.xpath(varXpaths[i])): null

27-02-2025T17:30:52 - [TEST_STEP][PASSED] - element_count = elements.size(): null

27-02-2025T17:30:52 - [TEST_STEP][PASSED] - for (def element : elements): null

27-02-2025T17:30:52 - [TEST_STEP][PASSED] - myValue = element.getAttribute("value"): null

27-02-2025T17:30:52 - [TEST_STEP][PASSED] - if (debug): null

27-02-2025T17:30:52 - [TEST_STEP][PASSED] - if (myValue.length() >= 4): null

27-02-2025T17:30:52 - [TEST_STEP][PASSED] - if (myValue.substring(0, 4) == "(!) "): null

27-02-2025T17:30:52 - [TEST_STEP][PASSED] - myType = element.getAttribute("type"): null

27-02-2025T17:30:52 - [TEST_STEP][PASSED] - if (myValue in varParms[i]): null

27-02-2025T17:30:52 - [TEST_STEP][PASSED] - else: null

27-02-2025T17:30:52 - [TEST_STEP][PASSED] - inList = false: null

27-02-2025T17:30:52 - [TEST_STEP][PASSED] - if (myType == "checkbox"): null

27-02-2025T17:30:52 - [TEST_STEP][PASSED] - myStatus = element.isSelected(): null

27-02-2025T17:30:52 - [TEST_STEP][PASSED] - if (debug): null

27-02-2025T17:30:52 - [TEST_STEP][PASSED] - if (toggle && myStatus && inList): null

27-02-2025T17:30:52 - [TEST_STEP][PASSED] - if (!(myStatus) && inList || myStatus && !(inList)): null

27-02-2025T17:30:52 - [TEST_STEP][PASSED] - myValue = element.getAttribute("value"): null

27-02-2025T17:30:52 - [TEST_STEP][PASSED] - if (debug): null

27-02-2025T17:30:52 - [TEST_STEP][PASSED] - if (myValue.length() >= 4): null

27-02-2025T17:30:52 - [TEST_STEP][PASSED] - if (myValue.substring(0, 4) == "(!) "): null

27-02-2025T17:30:52 - [TEST_STEP][PASSED] - myType = element.getAttribute("type"): null

27-02-2025T17:30:52 - [TEST_STEP][PASSED] - if (myValue in varParms[i]): null

27-02-2025T17:30:52 - [TEST_STEP][PASSED] - inList = true: null

27-02-2025T17:30:52 - [TEST_STEP][PASSED] - if (myType == "checkbox"): null

27-02-2025T17:30:52 - [TEST_STEP][PASSED] - myStatus = element.isSelected(): null

27-02-2025T17:30:52 - [TEST_STEP][PASSED] - if (debug): null

27-02-2025T17:30:52 - [TEST_STEP][PASSED] - if (toggle && myStatus && inList): null

27-02-2025T17:30:52 - [TEST_STEP][PASSED] - if (!(myStatus) && inList || myStatus && !(inList)): null

27-02-2025T17:30:52 - [TEST_STEP][PASSED] - if (debug): null

27-02-2025T17:30:52 - [TEST_STEP][PASSED] - println("Clicking " + myValue): null

27-02-2025T17:30:52 - [TEST_STEP][PASSED] - click(element): null

27-02-2025T17:30:52 - [TEST_STEP][PASSED] - scrollToObject(elem): null

27-02-2025T17:30:52 - [TEST_STEP][PASSED] - loc = element.getLocation(): null

27-02-2025T17:30:52 - [TEST_STEP][PASSED] - if (debug): null

27-02-2025T17:30:52 - [TEST_STEP][PASSED] - y = loc.getY(): null

27-02-2025T17:30:52 - [TEST_STEP][PASSED] - println("Y location is " + y): null

27-02-2025T17:30:52 - [TEST_STEP][PASSED] - top = getViewportTopPosition(): Current viewport's top (y) position is 303

27-02-2025T17:30:52 - [MESSAGE][PASSED] - Current viewport's top (y) position is 303

27-02-2025T17:30:52 - [TEST_STEP][PASSED] - println("Viewport top is " + top): null

27-02-2025T17:30:52 - [TEST_STEP][PASSED] - bottom = top + 600: null

27-02-2025T17:30:52 - [TEST_STEP][PASSED] - if (y - top < 150 || bottom - y < 10): null

27-02-2025T17:30:52 - [TEST_STEP][PASSED] - elem.click(): null

27-02-2025T17:30:52 - [TEST_STEP][PASSED] - myValue = element.getAttribute("value"): null

27-02-2025T17:30:52 - [TEST_STEP][PASSED] - if (debug): null

27-02-2025T17:30:52 - [TEST_STEP][PASSED] - if (myValue.length() >= 4): null

27-02-2025T17:30:52 - [TEST_STEP][PASSED] - if (myValue.substring(0, 4) == "(!) "): null

27-02-2025T17:30:52 - [TEST_STEP][PASSED] - myType = element.getAttribute("type"): null

27-02-2025T17:30:52 - [TEST_STEP][PASSED] - if (myValue in varParms[i]): null

27-02-2025T17:30:52 - [TEST_STEP][PASSED] - inList = true: null

27-02-2025T17:30:52 - [TEST_STEP][PASSED] - if (myType == "checkbox"): null

27-02-2025T17:30:52 - [TEST_STEP][PASSED] - myStatus = element.isSelected(): null

27-02-2025T17:30:52 - [TEST_STEP][PASSED] - if (debug): null

27-02-2025T17:30:52 - [TEST_STEP][PASSED] - if (toggle && myStatus && inList): null

27-02-2025T17:30:52 - [TEST_STEP][PASSED] - if (!(myStatus) && inList || myStatus && !(inList)): null

27-02-2025T17:30:52 - [TEST_STEP][PASSED] - if (debug): null

27-02-2025T17:30:52 - [TEST_STEP][PASSED] - println("Clicking " + myValue): null

27-02-2025T17:30:52 - [TEST_STEP][PASSED] - click(element): null

27-02-2025T17:30:52 - [TEST_STEP][PASSED] - scrollToObject(elem): null

27-02-2025T17:30:52 - [TEST_STEP][PASSED] - loc = element.getLocation(): null

27-02-2025T17:30:52 - [TEST_STEP][PASSED] - if (debug): null

27-02-2025T17:30:52 - [TEST_STEP][PASSED] - y = loc.getY(): null

27-02-2025T17:30:52 - [TEST_STEP][PASSED] - println("Y location is " + y): null

27-02-2025T17:30:52 - [TEST_STEP][PASSED] - top = getViewportTopPosition(): Current viewport's top (y) position is 303

27-02-2025T17:30:52 - [MESSAGE][PASSED] - Current viewport's top (y) position is 303

27-02-2025T17:30:52 - [TEST_STEP][PASSED] - println("Viewport top is " + top): null

27-02-2025T17:30:52 - [TEST_STEP][PASSED] - bottom = top + 600: null

27-02-2025T17:30:52 - [TEST_STEP][PASSED] - if (y - top < 150 || bottom - y < 10): Delayed 1 second(s)

27-02-2025T17:30:52 - [TEST_STEP][PASSED] - scrollToPosition(0, y - 150): Browser is scrolled to position x = 0, y = 758

27-02-2025T17:30:52 - [MESSAGE][PASSED] - Browser is scrolled to position x = 0, y = 758

27-02-2025T17:30:52 - [TEST_STEP][PASSED] - delay(1): Delayed 1 second(s)

27-02-2025T17:30:53 - [MESSAGE][PASSED] - Delayed 1 second(s)

27-02-2025T17:30:53 - [TEST_STEP][PASSED] - elem.click(): null

27-02-2025T17:30:53 - [TEST_STEP][PASSED] - myValue = element.getAttribute("value"): null

27-02-2025T17:30:53 - [TEST_STEP][PASSED] - if (debug): null

27-02-2025T17:30:53 - [TEST_STEP][PASSED] - if (myValue.length() >= 4): null

27-02-2025T17:30:53 - [TEST_STEP][PASSED] - if (myValue.substring(0, 4) == "(!) "): null

27-02-2025T17:30:53 - [TEST_STEP][PASSED] - myType = element.getAttribute("type"): null

27-02-2025T17:30:53 - [TEST_STEP][PASSED] - if (myValue in varParms[i]): null

27-02-2025T17:30:53 - [TEST_STEP][PASSED] - else: null

27-02-2025T17:30:53 - [TEST_STEP][PASSED] - inList = false: null

27-02-2025T17:30:53 - [TEST_STEP][PASSED] - if (myType == "checkbox"): null

27-02-2025T17:30:53 - [TEST_STEP][PASSED] - myStatus = element.isSelected(): null

27-02-2025T17:30:53 - [TEST_STEP][PASSED] - if (debug): null

27-02-2025T17:30:53 - [TEST_STEP][PASSED] - if (toggle && myStatus && inList): null

27-02-2025T17:30:53 - [TEST_STEP][PASSED] - if (!(myStatus) && inList || myStatus && !(inList)): null

27-02-2025T17:30:53 - [TEST_STEP][PASSED] - if (debug): null

27-02-2025T17:30:53 - [TEST_STEP][PASSED] - if (varParms[i].indexOf("Europe") >= 0): null

27-02-2025T17:30:53 - [TEST_STEP][PASSED] - elements = driver.findElements(By.xpath(varXpaths[i])): null

27-02-2025T17:30:53 - [TEST_STEP][PASSED] - element_count = elements.size(): null

27-02-2025T17:30:53 - [TEST_STEP][PASSED] - for (def element : elements): null

27-02-2025T17:30:53 - [TEST_STEP][PASSED] - myValue = element.getAttribute("value"): null

27-02-2025T17:30:53 - [TEST_STEP][PASSED] - if (debug): null

27-02-2025T17:30:53 - [TEST_STEP][PASSED] - if (myValue.length() >= 4): null

27-02-2025T17:30:53 - [TEST_STEP][PASSED] - if (myValue.substring(0, 4) == "(!) "): null

27-02-2025T17:30:53 - [TEST_STEP][PASSED] - myType = element.getAttribute("type"): null

27-02-2025T17:30:53 - [TEST_STEP][PASSED] - if (myValue in varParms[i]): null

27-02-2025T17:30:53 - [TEST_STEP][PASSED] - inList = true: null

27-02-2025T17:30:53 - [TEST_STEP][PASSED] - if (myType == "checkbox"): null

27-02-2025T17:30:53 - [TEST_STEP][PASSED] - myStatus = element.isSelected(): null

27-02-2025T17:30:53 - [TEST_STEP][PASSED] - if (debug): null

27-02-2025T17:30:53 - [TEST_STEP][PASSED] - if (toggle && myStatus && inList): null

27-02-2025T17:30:53 - [TEST_STEP][PASSED] - if (!(myStatus) && inList || myStatus && !(inList)): null

27-02-2025T17:30:53 - [TEST_STEP][PASSED] - if (debug): null

27-02-2025T17:30:53 - [TEST_STEP][PASSED] - println("Clicking " + myValue): null

27-02-2025T17:30:53 - [TEST_STEP][PASSED] - click(element): null

27-02-2025T17:30:53 - [TEST_STEP][PASSED] - scrollToObject(elem): null

27-02-2025T17:30:53 - [TEST_STEP][PASSED] - loc = element.getLocation(): null

27-02-2025T17:30:53 - [TEST_STEP][PASSED] - if (debug): null

27-02-2025T17:30:53 - [TEST_STEP][PASSED] - y = loc.getY(): null

27-02-2025T17:30:53 - [TEST_STEP][PASSED] - println("Y location is " + y): null

27-02-2025T17:30:53 - [TEST_STEP][PASSED] - top = getViewportTopPosition(): Current viewport's top (y) position is 691

27-02-2025T17:30:53 - [MESSAGE][PASSED] - Current viewport's top (y) position is 691

27-02-2025T17:30:53 - [TEST_STEP][PASSED] - println("Viewport top is " + top): null

27-02-2025T17:30:53 - [TEST_STEP][PASSED] - bottom = top + 600: null

27-02-2025T17:30:53 - [TEST_STEP][PASSED] - if (y - top < 150 || bottom - y < 10): null

27-02-2025T17:30:53 - [TEST_STEP][PASSED] - elem.click(): null

27-02-2025T17:30:53 - [TEST_STEP][PASSED] - myValue = element.getAttribute("value"): null

27-02-2025T17:30:53 - [TEST_STEP][PASSED] - if (debug): null

27-02-2025T17:30:53 - [TEST_STEP][PASSED] - if (myValue.length() >= 4): null

27-02-2025T17:30:53 - [TEST_STEP][PASSED] - if (myValue.substring(0, 4) == "(!) "): null

27-02-2025T17:30:53 - [TEST_STEP][PASSED] - myType = element.getAttribute("type"): null

27-02-2025T17:30:53 - [TEST_STEP][PASSED] - if (myValue in varParms[i]): null

27-02-2025T17:30:53 - [TEST_STEP][PASSED] - inList = true: null

27-02-2025T17:30:53 - [TEST_STEP][PASSED] - if (myType == "checkbox"): null

27-02-2025T17:30:53 - [TEST_STEP][PASSED] - myStatus = element.isSelected(): null

27-02-2025T17:30:53 - [TEST_STEP][PASSED] - if (debug): null

27-02-2025T17:30:53 - [TEST_STEP][PASSED] - if (toggle && myStatus && inList): null

27-02-2025T17:30:53 - [TEST_STEP][PASSED] - if (!(myStatus) && inList || myStatus && !(inList)): null

27-02-2025T17:30:53 - [TEST_STEP][PASSED] - if (debug): null

27-02-2025T17:30:53 - [TEST_STEP][PASSED] - println("Clicking " + myValue): null

27-02-2025T17:30:53 - [TEST_STEP][PASSED] - click(element): null

27-02-2025T17:30:53 - [TEST_STEP][PASSED] - scrollToObject(elem): null

27-02-2025T17:30:53 - [TEST_STEP][PASSED] - loc = element.getLocation(): null

27-02-2025T17:30:53 - [TEST_STEP][PASSED] - if (debug): null

27-02-2025T17:30:53 - [TEST_STEP][PASSED] - y = loc.getY(): null

27-02-2025T17:30:53 - [TEST_STEP][PASSED] - println("Y location is " + y): null

27-02-2025T17:30:53 - [TEST_STEP][PASSED] - top = getViewportTopPosition(): Current viewport's top (y) position is 691

27-02-2025T17:30:53 - [MESSAGE][PASSED] - Current viewport's top (y) position is 691

27-02-2025T17:30:53 - [TEST_STEP][PASSED] - println("Viewport top is " + top): null

27-02-2025T17:30:53 - [TEST_STEP][PASSED] - bottom = top + 600: null

27-02-2025T17:30:53 - [TEST_STEP][PASSED] - if (y - top < 150 || bottom - y < 10): null

27-02-2025T17:30:53 - [TEST_STEP][PASSED] - elem.click(): null

27-02-2025T17:30:53 - [TEST_STEP][PASSED] - myValue = element.getAttribute("value"): null

27-02-2025T17:30:53 - [TEST_STEP][PASSED] - if (debug): null

27-02-2025T17:30:53 - [TEST_STEP][PASSED] - if (myValue.length() >= 4): null

27-02-2025T17:30:53 - [TEST_STEP][PASSED] - if (myValue.substring(0, 4) == "(!) "): null

27-02-2025T17:30:53 - [TEST_STEP][PASSED] - myType = element.getAttribute("type"): null

27-02-2025T17:30:53 - [TEST_STEP][PASSED] - if (myValue in varParms[i]): null

27-02-2025T17:30:53 - [TEST_STEP][PASSED] - inList = true: null

27-02-2025T17:30:53 - [TEST_STEP][PASSED] - if (myType == "checkbox"): null

27-02-2025T17:30:53 - [TEST_STEP][PASSED] - myStatus = element.isSelected(): null

27-02-2025T17:30:53 - [TEST_STEP][PASSED] - if (debug): null

27-02-2025T17:30:53 - [TEST_STEP][PASSED] - if (toggle && myStatus && inList): null

27-02-2025T17:30:53 - [TEST_STEP][PASSED] - if (!(myStatus) && inList || myStatus && !(inList)): null

27-02-2025T17:30:53 - [TEST_STEP][PASSED] - if (debug): null

27-02-2025T17:30:53 - [TEST_STEP][PASSED] - println("Clicking " + myValue): null

27-02-2025T17:30:53 - [TEST_STEP][PASSED] - click(element): null

27-02-2025T17:30:53 - [TEST_STEP][PASSED] - scrollToObject(elem): null

27-02-2025T17:30:53 - [TEST_STEP][PASSED] - loc = element.getLocation(): null

27-02-2025T17:30:53 - [TEST_STEP][PASSED] - if (debug): null

27-02-2025T17:30:53 - [TEST_STEP][PASSED] - y = loc.getY(): null

27-02-2025T17:30:53 - [TEST_STEP][PASSED] - println("Y location is " + y): null

27-02-2025T17:30:53 - [TEST_STEP][PASSED] - top = getViewportTopPosition(): Current viewport's top (y) position is 691

27-02-2025T17:30:53 - [MESSAGE][PASSED] - Current viewport's top (y) position is 691

27-02-2025T17:30:53 - [TEST_STEP][PASSED] - println("Viewport top is " + top): null

27-02-2025T17:30:53 - [TEST_STEP][PASSED] - bottom = top + 600: null

27-02-2025T17:30:53 - [TEST_STEP][PASSED] - if (y - top < 150 || bottom - y < 10): null

27-02-2025T17:30:53 - [TEST_STEP][PASSED] - elem.click(): null

27-02-2025T17:30:53 - [TEST_STEP][PASSED] - myValue = element.getAttribute("value"): null

27-02-2025T17:30:53 - [TEST_STEP][PASSED] - if (debug): null

27-02-2025T17:30:53 - [TEST_STEP][PASSED] - if (myValue.length() >= 4): null

27-02-2025T17:30:53 - [TEST_STEP][PASSED] - if (myValue.substring(0, 4) == "(!) "): null

27-02-2025T17:30:53 - [TEST_STEP][PASSED] - myType = element.getAttribute("type"): null

27-02-2025T17:30:53 - [TEST_STEP][PASSED] - if (myValue in varParms[i]): null

27-02-2025T17:30:53 - [TEST_STEP][PASSED] - inList = true: null

27-02-2025T17:30:53 - [TEST_STEP][PASSED] - if (myType == "checkbox"): null

27-02-2025T17:30:53 - [TEST_STEP][PASSED] - myStatus = element.isSelected(): null

27-02-2025T17:30:53 - [TEST_STEP][PASSED] - if (debug): null

27-02-2025T17:30:53 - [TEST_STEP][PASSED] - if (toggle && myStatus && inList): null

27-02-2025T17:30:53 - [TEST_STEP][PASSED] - if (!(myStatus) && inList || myStatus && !(inList)): null

27-02-2025T17:30:53 - [TEST_STEP][PASSED] - if (debug): null

27-02-2025T17:30:53 - [TEST_STEP][PASSED] - println("Clicking " + myValue): null

27-02-2025T17:30:53 - [TEST_STEP][PASSED] - click(element): null

27-02-2025T17:30:53 - [TEST_STEP][PASSED] - scrollToObject(elem): null

27-02-2025T17:30:53 - [TEST_STEP][PASSED] - loc = element.getLocation(): null

27-02-2025T17:30:53 - [TEST_STEP][PASSED] - if (debug): null

27-02-2025T17:30:53 - [TEST_STEP][PASSED] - y = loc.getY(): null

27-02-2025T17:30:53 - [TEST_STEP][PASSED] - println("Y location is " + y): null

27-02-2025T17:30:53 - [TEST_STEP][PASSED] - top = getViewportTopPosition(): Current viewport's top (y) position is 691

27-02-2025T17:30:53 - [MESSAGE][PASSED] - Current viewport's top (y) position is 691

27-02-2025T17:30:53 - [TEST_STEP][PASSED] - println("Viewport top is " + top): null

27-02-2025T17:30:53 - [TEST_STEP][PASSED] - bottom = top + 600: null

27-02-2025T17:30:53 - [TEST_STEP][PASSED] - if (y - top < 150 || bottom - y < 10): null

27-02-2025T17:30:53 - [TEST_STEP][PASSED] - elem.click(): null

27-02-2025T17:30:53 - [TEST_STEP][PASSED] - myValue = element.getAttribute("value"): null

27-02-2025T17:30:53 - [TEST_STEP][PASSED] - if (debug): null

27-02-2025T17:30:53 - [TEST_STEP][PASSED] - if (myValue.length() >= 4): null

27-02-2025T17:30:53 - [TEST_STEP][PASSED] - if (myValue.substring(0, 4) == "(!) "): null

27-02-2025T17:30:53 - [TEST_STEP][PASSED] - myType = element.getAttribute("type"): null

27-02-2025T17:30:53 - [TEST_STEP][PASSED] - if (myValue in varParms[i]): null

27-02-2025T17:30:53 - [TEST_STEP][PASSED] - else: null

27-02-2025T17:30:53 - [TEST_STEP][PASSED] - inList = false: null

27-02-2025T17:30:53 - [TEST_STEP][PASSED] - if (myType == "checkbox"): null

27-02-2025T17:30:53 - [TEST_STEP][PASSED] - myStatus = element.isSelected(): null

27-02-2025T17:30:53 - [TEST_STEP][PASSED] - if (debug): null

27-02-2025T17:30:53 - [TEST_STEP][PASSED] - if (toggle && myStatus && inList): null

27-02-2025T17:30:53 - [TEST_STEP][PASSED] - if (!(myStatus) && inList || myStatus && !(inList)): null

27-02-2025T17:30:53 - [TEST_STEP][PASSED] - myValue = element.getAttribute("value"): null

27-02-2025T17:30:53 - [TEST_STEP][PASSED] - if (debug): null

27-02-2025T17:30:53 - [TEST_STEP][PASSED] - if (myValue.length() >= 4): null

27-02-2025T17:30:53 - [TEST_STEP][PASSED] - if (myValue.substring(0, 4) == "(!) "): null

27-02-2025T17:30:53 - [TEST_STEP][PASSED] - myType = element.getAttribute("type"): null

27-02-2025T17:30:53 - [TEST_STEP][PASSED] - if (myValue in varParms[i]): null

27-02-2025T17:30:53 - [TEST_STEP][PASSED] - else: null

27-02-2025T17:30:53 - [TEST_STEP][PASSED] - inList = false: null

27-02-2025T17:30:53 - [TEST_STEP][PASSED] - if (myType == "checkbox"): null

27-02-2025T17:30:53 - [TEST_STEP][PASSED] - myStatus = element.isSelected(): null

27-02-2025T17:30:53 - [TEST_STEP][PASSED] - if (debug): null

27-02-2025T17:30:53 - [TEST_STEP][PASSED] - if (toggle && myStatus && inList): null

27-02-2025T17:30:53 - [TEST_STEP][PASSED] - if (!(myStatus) && inList || myStatus && !(inList)): null

27-02-2025T17:30:53 - [TEST_STEP][PASSED] - myValue = element.getAttribute("value"): null

27-02-2025T17:30:53 - [TEST_STEP][PASSED] - if (debug): null

27-02-2025T17:30:53 - [TEST_STEP][PASSED] - if (myValue.length() >= 4): null

27-02-2025T17:30:53 - [TEST_STEP][PASSED] - if (myValue.substring(0, 4) == "(!) "): null

27-02-2025T17:30:53 - [TEST_STEP][PASSED] - myValue = myValue.substring(4): null

27-02-2025T17:30:53 - [TEST_STEP][PASSED] - if (debug): null

27-02-2025T17:30:53 - [TEST_STEP][PASSED] - myType = element.getAttribute("type"): null

27-02-2025T17:30:53 - [TEST_STEP][PASSED] - if (myValue in varParms[i]): null

27-02-2025T17:30:53 - [TEST_STEP][PASSED] - else: null

27-02-2025T17:30:53 - [TEST_STEP][PASSED] - inList = false: null

27-02-2025T17:30:53 - [TEST_STEP][PASSED] - if (myType == "checkbox"): null

27-02-2025T17:30:53 - [TEST_STEP][PASSED] - myStatus = element.isSelected(): null

27-02-2025T17:30:53 - [TEST_STEP][PASSED] - if (debug): null

27-02-2025T17:30:53 - [TEST_STEP][PASSED] - if (toggle && myStatus && inList): null

27-02-2025T17:30:53 - [TEST_STEP][PASSED] - if (!(myStatus) && inList || myStatus && !(inList)): null

27-02-2025T17:30:53 - [TEST_STEP][PASSED] - frame.dispose(): null

27-02-2025T17:30:53 - [MESSAGE][PASSED] - Call Test Case 'Test Cases/_Functions/Click on Group Elements' successfully

27-02-2025T17:30:53 - [TEST_STEP][PASSED] - object = "Object Repository/Education Partner Profile/Tabs/Match Filters/btn_Complete Submit": null

27-02-2025T17:30:53 - [TEST_STEP][PASSED] - callTestCase(findTestCase("_Functions/Perform Action"), ["varAction":"click", "varObject":object], STOP_ON_FAILURE): Call Test Case 'Test Cases/_Functions/Perform Action' successfully

27-02-2025T17:30:53 - [TEST_CASE][PASSED] - Test Cases/_Functions/Perform Action: Test Cases/_Functions/Perform Action

27-02-2025T17:30:53 - [TEST_STEP][PASSED] - action = varAction: null

27-02-2025T17:30:53 - [TEST_STEP][PASSED] - println(action): null

27-02-2025T17:30:53 - [TEST_STEP][PASSED] - testObject = varObject: null

27-02-2025T17:30:53 - [TEST_STEP][PASSED] - println(testObject): null

27-02-2025T17:30:53 - [TEST_STEP][PASSED] - parm1 = varParm1: null

27-02-2025T17:30:53 - [TEST_STEP][PASSED] - println(parm1): null

27-02-2025T17:30:53 - [TEST_STEP][PASSED] - println("Converting " + testObject + " to web element"): null

27-02-2025T17:30:53 - [TEST_STEP][PASSED] - element = findWebElement(findTestObject(testObject), 1): null

27-02-2025T17:30:53 - [TEST_STEP][PASSED] - loc = element.getLocation(): null

27-02-2025T17:30:53 - [TEST_STEP][PASSED] - y = loc.getY(): null

27-02-2025T17:30:53 - [TEST_STEP][PASSED] - println("Y location is " + y): null

27-02-2025T17:30:53 - [TEST_STEP][PASSED] - top = getViewportTopPosition(): Current viewport's top (y) position is 691

27-02-2025T17:30:53 - [MESSAGE][PASSED] - Current viewport's top (y) position is 691

27-02-2025T17:30:53 - [TEST_STEP][PASSED] - println("Viewport top is " + top): null

27-02-2025T17:30:53 - [TEST_STEP][PASSED] - bottom = top + 600: null

27-02-2025T17:30:53 - [TEST_STEP][PASSED] - if (y - top < 150 || bottom - y < 10): null

27-02-2025T17:30:53 - [TEST_STEP][PASSED] - if (action == "click"): Object: 'Object Repository/Education Partner Profile/Tabs/Match Filters/btn_Complete Submit' is clicked on

27-02-2025T17:30:53 - [TEST_STEP][PASSED] - println("clicking"): null

27-02-2025T17:30:53 - [TEST_STEP][PASSED] - click(findTestObject(testObject)): Object: 'Object Repository/Education Partner Profile/Tabs/Match Filters/btn_Complete Submit' is clicked on

27-02-2025T17:30:59 - [MESSAGE][PASSED] - Object: 'Object Repository/Education Partner Profile/Tabs/Match Filters/btn_Complete Submit' is clicked on

27-02-2025T17:30:59 - [MESSAGE][PASSED] - Call Test Case 'Test Cases/_Functions/Perform Action' successfully

27-02-2025T17:30:59 - [MESSAGE][PASSED] - Call Test Case 'Test Cases/Education Partner Profile/Tabs/Set Match Filters' successfully

27-02-2025T17:30:59 - [TEST_STEP][ERROR] - if (pages.size() == 0 || "All" in pages || "Admin Info" in pages): Test Cases/Education Partner Profile/Complete Education Partner Profile FAILED.
Reason:
com.kms.katalon.core.exception.StepErrorException: Call Test Case 'Test Cases/Education Partner Profile/Tabs/Set Admin Info' failed because of error(s)
	at com.kms.katalon.core.keyword.builtin.CallTestCaseKeyword$_callTestCase_closure1.doCall(CallTestCaseKeyword.groovy:66)
	at com.kms.katalon.core.keyword.builtin.CallTestCaseKeyword$_callTestCase_closure1.call(CallTestCaseKeyword.groovy)
	at com.kms.katalon.core.keyword.internal.KeywordMain.runKeyword(KeywordMain.groovy:75)
	at com.kms.katalon.core.keyword.builtin.CallTestCaseKeyword.callTestCase(CallTestCaseKeyword.groovy:81)
	at com.kms.katalon.core.keyword.builtin.CallTestCaseKeyword.execute(CallTestCaseKeyword.groovy:44)
	at com.kms.katalon.core.keyword.internal.KeywordExecutor.executeKeywordForPlatform(KeywordExecutor.groovy:74)
	at com.kms.katalon.core.keyword.BuiltinKeywords.callTestCase(BuiltinKeywords.groovy:310)
	at jdk.internal.reflect.GeneratedMethodAccessor29.invoke(Unknown Source)
	at java.base/jdk.internal.reflect.DelegatingMethodAccessorImpl.invoke(DelegatingMethodAccessorImpl.java:43)
	at Complete Education Partner Profile.run(Complete Education Partner Profile:226)
	at com.kms.katalon.core.main.ScriptEngine.run(ScriptEngine.java:194)
	at com.kms.katalon.core.main.ScriptEngine.runScriptAsRawText(ScriptEngine.java:119)
	at com.kms.katalon.core.main.TestCaseExecutor.runScript(TestCaseExecutor.java:448)
	at com.kms.katalon.core.main.TestCaseExecutor.doExecute(TestCaseExecutor.java:439)
	at com.kms.katalon.core.main.TestCaseExecutor.processExecutionPhase(TestCaseExecutor.java:418)
	at com.kms.katalon.core.main.TestCaseExecutor.accessMainPhase(TestCaseExecutor.java:410)
	at com.kms.katalon.core.main.TestCaseExecutor.execute(TestCaseExecutor.java:285)
	at com.kms.katalon.core.main.TestCaseMain.runTestCase(TestCaseMain.java:137)
	at com.kms.katalon.core.keyword.builtin.CallTestCaseKeyword$_callTestCase_closure1.doCall(CallTestCaseKeyword.groovy:59)
	at com.kms.katalon.core.keyword.builtin.CallTestCaseKeyword$_callTestCase_closure1.call(CallTestCaseKeyword.groovy)
	at com.kms.katalon.core.keyword.internal.KeywordMain.runKeyword(KeywordMain.groovy:75)
	at com.kms.katalon.core.keyword.builtin.CallTestCaseKeyword.callTestCase(CallTestCaseKeyword.groovy:81)
	at com.kms.katalon.core.keyword.builtin.CallTestCaseKeyword.execute(CallTestCaseKeyword.groovy:44)
	at com.kms.katalon.core.keyword.internal.KeywordExecutor.executeKeywordForPlatform(KeywordExecutor.groovy:74)
	at com.kms.katalon.core.keyword.BuiltinKeywords.callTestCase(BuiltinKeywords.groovy:310)
	at jdk.internal.reflect.GeneratedMethodAccessor29.invoke(Unknown Source)
	at java.base/jdk.internal.reflect.DelegatingMethodAccessorImpl.invoke(DelegatingMethodAccessorImpl.java:43)
	at Register Education Partner.run(Register Education Partner:403)
	at com.kms.katalon.core.main.ScriptEngine.run(ScriptEngine.java:194)
	at com.kms.katalon.core.main.ScriptEngine.runScriptAsRawText(ScriptEngine.java:119)
	at com.kms.katalon.core.main.TestCaseExecutor.runScript(TestCaseExecutor.java:448)
	at com.kms.katalon.core.main.TestCaseExecutor.doExecute(TestCaseExecutor.java:439)
	at com.kms.katalon.core.main.TestCaseExecutor.processExecutionPhase(TestCaseExecutor.java:418)
	at com.kms.katalon.core.main.TestCaseExecutor.accessMainPhase(TestCaseExecutor.java:410)
	at com.kms.katalon.core.main.TestCaseExecutor.execute(TestCaseExecutor.java:285)
	at com.kms.katalon.core.common.CommonExecutor.accessTestCaseMainPhase(CommonExecutor.java:65)
	at com.kms.katalon.core.main.TestSuiteExecutor.accessTestSuiteMainPhase(TestSuiteExecutor.java:150)
	at com.kms.katalon.core.main.TestSuiteExecutor.execute(TestSuiteExecutor.java:106)
	at com.kms.katalon.core.main.TestCaseMain.startTestSuite(TestCaseMain.java:180)
	at TempTestSuite1740698292669.run(TempTestSuite1740698292669.groovy:35)
	at java.base/jdk.internal.reflect.NativeMethodAccessorImpl.invoke0(Native Method)
	at java.base/jdk.internal.reflect.NativeMethodAccessorImpl.invoke(NativeMethodAccessorImpl.java:77)
	at java.base/jdk.internal.reflect.DelegatingMethodAccessorImpl.invoke(DelegatingMethodAccessorImpl.java:43)
Caused by: com.kms.katalon.core.exception.StepErrorException: Call Test Case 'Test Cases/_Functions/Perform Action' failed because of error(s)
	at com.kms.katalon.core.keyword.builtin.CallTestCaseKeyword$_callTestCase_closure1.doCall(CallTestCaseKeyword.groovy:66)
	at com.kms.katalon.core.keyword.builtin.CallTestCaseKeyword$_callTestCase_closure1.call(CallTestCaseKeyword.groovy)
	at com.kms.katalon.core.keyword.internal.KeywordMain.runKeyword(KeywordMain.groovy:75)
	at com.kms.katalon.core.keyword.builtin.CallTestCaseKeyword.callTestCase(CallTestCaseKeyword.groovy:81)
	at com.kms.katalon.core.keyword.builtin.CallTestCaseKeyword.execute(CallTestCaseKeyword.groovy:44)
	at com.kms.katalon.core.keyword.internal.KeywordExecutor.executeKeywordForPlatform(KeywordExecutor.groovy:74)
	at com.kms.katalon.core.keyword.BuiltinKeywords.callTestCase(BuiltinKeywords.groovy:310)
	at jdk.internal.reflect.GeneratedMethodAccessor29.invoke(Unknown Source)
	at java.base/jdk.internal.reflect.DelegatingMethodAccessorImpl.invoke(DelegatingMethodAccessorImpl.java:43)
	at Set Admin Info.run(Set Admin Info:81)
	at com.kms.katalon.core.main.ScriptEngine.run(ScriptEngine.java:194)
	at com.kms.katalon.core.main.ScriptEngine.runScriptAsRawText(ScriptEngine.java:119)
	at com.kms.katalon.core.main.TestCaseExecutor.runScript(TestCaseExecutor.java:448)
	at com.kms.katalon.core.main.TestCaseExecutor.doExecute(TestCaseExecutor.java:439)
	at com.kms.katalon.core.main.TestCaseExecutor.processExecutionPhase(TestCaseExecutor.java:418)
	at com.kms.katalon.core.main.TestCaseExecutor.accessMainPhase(TestCaseExecutor.java:410)
	at com.kms.katalon.core.main.TestCaseExecutor.execute(TestCaseExecutor.java:285)
	at com.kms.katalon.core.main.TestCaseMain.runTestCase(TestCaseMain.java:137)
	at com.kms.katalon.core.keyword.builtin.CallTestCaseKeyword$_callTestCase_closure1.doCall(CallTestCaseKeyword.groovy:59)
	... 42 more
Caused by: com.kms.katalon.core.webui.exception.WebElementNotFoundException: Web element with id: 'Object Repository/Education Partner Profile/Tabs/a_Admin Info' located by '//a[@id='ui-id-7']' not found
	at com.kms.katalon.core.webui.common.WebUiCommonHelper.findWebElement(WebUiCommonHelper.java:1423)
	at Perform Action.run(Perform Action:32)
	at com.kms.katalon.core.main.ScriptEngine.run(ScriptEngine.java:194)
	at com.kms.katalon.core.main.ScriptEngine.runScriptAsRawText(ScriptEngine.java:119)
	at com.kms.katalon.core.main.TestCaseExecutor.runScript(TestCaseExecutor.java:448)
	at com.kms.katalon.core.main.TestCaseExecutor.doExecute(TestCaseExecutor.java:439)
	at com.kms.katalon.core.main.TestCaseExecutor.processExecutionPhase(TestCaseExecutor.java:418)
	at com.kms.katalon.core.main.TestCaseExecutor.accessMainPhase(TestCaseExecutor.java:410)
	at com.kms.katalon.core.main.TestCaseExecutor.execute(TestCaseExecutor.java:285)
	at com.kms.katalon.core.main.TestCaseMain.runTestCase(TestCaseMain.java:137)
	at com.kms.katalon.core.keyword.builtin.CallTestCaseKeyword$_callTestCase_closure1.doCall(CallTestCaseKeyword.groovy:59)
	... 60 more


27-02-2025T17:30:59 - [TEST_STEP][PASSED] - mission_statement = "Will submit by email.": null

27-02-2025T17:30:59 - [TEST_STEP][PASSED] - meet_christian_school_qualifications = "Not sure. Contact MissionNext Education": null

27-02-2025T17:30:59 - [TEST_STEP][PASSED] - partnership_agreement = []: null

27-02-2025T17:30:59 - [TEST_STEP][PASSED] - terms_and_conditions = []: null

27-02-2025T17:30:59 - [TEST_STEP][ERROR] - callTestCase(findTestCase("Education Partner Profile/Tabs/Set Admin Info"), ["varMission_statement":mission_statement, "varMeet_christian_school_qualifications":meet_christian_school_qualifications, ... ], STOP_ON_FAILURE): Test Cases/Education Partner Profile/Complete Education Partner Profile FAILED.
Reason:
com.kms.katalon.core.exception.StepErrorException: Call Test Case 'Test Cases/Education Partner Profile/Tabs/Set Admin Info' failed because of error(s)
	at com.kms.katalon.core.keyword.builtin.CallTestCaseKeyword$_callTestCase_closure1.doCall(CallTestCaseKeyword.groovy:66)
	at com.kms.katalon.core.keyword.builtin.CallTestCaseKeyword$_callTestCase_closure1.call(CallTestCaseKeyword.groovy)
	at com.kms.katalon.core.keyword.internal.KeywordMain.runKeyword(KeywordMain.groovy:75)
	at com.kms.katalon.core.keyword.builtin.CallTestCaseKeyword.callTestCase(CallTestCaseKeyword.groovy:81)
	at com.kms.katalon.core.keyword.builtin.CallTestCaseKeyword.execute(CallTestCaseKeyword.groovy:44)
	at com.kms.katalon.core.keyword.internal.KeywordExecutor.executeKeywordForPlatform(KeywordExecutor.groovy:74)
	at com.kms.katalon.core.keyword.BuiltinKeywords.callTestCase(BuiltinKeywords.groovy:310)
	at jdk.internal.reflect.GeneratedMethodAccessor29.invoke(Unknown Source)
	at java.base/jdk.internal.reflect.DelegatingMethodAccessorImpl.invoke(DelegatingMethodAccessorImpl.java:43)
	at Complete Education Partner Profile.run(Complete Education Partner Profile:226)
	at com.kms.katalon.core.main.ScriptEngine.run(ScriptEngine.java:194)
	at com.kms.katalon.core.main.ScriptEngine.runScriptAsRawText(ScriptEngine.java:119)
	at com.kms.katalon.core.main.TestCaseExecutor.runScript(TestCaseExecutor.java:448)
	at com.kms.katalon.core.main.TestCaseExecutor.doExecute(TestCaseExecutor.java:439)
	at com.kms.katalon.core.main.TestCaseExecutor.processExecutionPhase(TestCaseExecutor.java:418)
	at com.kms.katalon.core.main.TestCaseExecutor.accessMainPhase(TestCaseExecutor.java:410)
	at com.kms.katalon.core.main.TestCaseExecutor.execute(TestCaseExecutor.java:285)
	at com.kms.katalon.core.main.TestCaseMain.runTestCase(TestCaseMain.java:137)
	at com.kms.katalon.core.keyword.builtin.CallTestCaseKeyword$_callTestCase_closure1.doCall(CallTestCaseKeyword.groovy:59)
	at com.kms.katalon.core.keyword.builtin.CallTestCaseKeyword$_callTestCase_closure1.call(CallTestCaseKeyword.groovy)
	at com.kms.katalon.core.keyword.internal.KeywordMain.runKeyword(KeywordMain.groovy:75)
	at com.kms.katalon.core.keyword.builtin.CallTestCaseKeyword.callTestCase(CallTestCaseKeyword.groovy:81)
	at com.kms.katalon.core.keyword.builtin.CallTestCaseKeyword.execute(CallTestCaseKeyword.groovy:44)
	at com.kms.katalon.core.keyword.internal.KeywordExecutor.executeKeywordForPlatform(KeywordExecutor.groovy:74)
	at com.kms.katalon.core.keyword.BuiltinKeywords.callTestCase(BuiltinKeywords.groovy:310)
	at jdk.internal.reflect.GeneratedMethodAccessor29.invoke(Unknown Source)
	at java.base/jdk.internal.reflect.DelegatingMethodAccessorImpl.invoke(DelegatingMethodAccessorImpl.java:43)
	at Register Education Partner.run(Register Education Partner:403)
	at com.kms.katalon.core.main.ScriptEngine.run(ScriptEngine.java:194)
	at com.kms.katalon.core.main.ScriptEngine.runScriptAsRawText(ScriptEngine.java:119)
	at com.kms.katalon.core.main.TestCaseExecutor.runScript(TestCaseExecutor.java:448)
	at com.kms.katalon.core.main.TestCaseExecutor.doExecute(TestCaseExecutor.java:439)
	at com.kms.katalon.core.main.TestCaseExecutor.processExecutionPhase(TestCaseExecutor.java:418)
	at com.kms.katalon.core.main.TestCaseExecutor.accessMainPhase(TestCaseExecutor.java:410)
	at com.kms.katalon.core.main.TestCaseExecutor.execute(TestCaseExecutor.java:285)
	at com.kms.katalon.core.common.CommonExecutor.accessTestCaseMainPhase(CommonExecutor.java:65)
	at com.kms.katalon.core.main.TestSuiteExecutor.accessTestSuiteMainPhase(TestSuiteExecutor.java:150)
	at com.kms.katalon.core.main.TestSuiteExecutor.execute(TestSuiteExecutor.java:106)
	at com.kms.katalon.core.main.TestCaseMain.startTestSuite(TestCaseMain.java:180)
	at TempTestSuite1740698292669.run(TempTestSuite1740698292669.groovy:35)
	at java.base/jdk.internal.reflect.NativeMethodAccessorImpl.invoke0(Native Method)
	at java.base/jdk.internal.reflect.NativeMethodAccessorImpl.invoke(NativeMethodAccessorImpl.java:77)
	at java.base/jdk.internal.reflect.DelegatingMethodAccessorImpl.invoke(DelegatingMethodAccessorImpl.java:43)
Caused by: com.kms.katalon.core.exception.StepErrorException: Call Test Case 'Test Cases/_Functions/Perform Action' failed because of error(s)
	at com.kms.katalon.core.keyword.builtin.CallTestCaseKeyword$_callTestCase_closure1.doCall(CallTestCaseKeyword.groovy:66)
	at com.kms.katalon.core.keyword.builtin.CallTestCaseKeyword$_callTestCase_closure1.call(CallTestCaseKeyword.groovy)
	at com.kms.katalon.core.keyword.internal.KeywordMain.runKeyword(KeywordMain.groovy:75)
	at com.kms.katalon.core.keyword.builtin.CallTestCaseKeyword.callTestCase(CallTestCaseKeyword.groovy:81)
	at com.kms.katalon.core.keyword.builtin.CallTestCaseKeyword.execute(CallTestCaseKeyword.groovy:44)
	at com.kms.katalon.core.keyword.internal.KeywordExecutor.executeKeywordForPlatform(KeywordExecutor.groovy:74)
	at com.kms.katalon.core.keyword.BuiltinKeywords.callTestCase(BuiltinKeywords.groovy:310)
	at jdk.internal.reflect.GeneratedMethodAccessor29.invoke(Unknown Source)
	at java.base/jdk.internal.reflect.DelegatingMethodAccessorImpl.invoke(DelegatingMethodAccessorImpl.java:43)
	at Set Admin Info.run(Set Admin Info:81)
	at com.kms.katalon.core.main.ScriptEngine.run(ScriptEngine.java:194)
	at com.kms.katalon.core.main.ScriptEngine.runScriptAsRawText(ScriptEngine.java:119)
	at com.kms.katalon.core.main.TestCaseExecutor.runScript(TestCaseExecutor.java:448)
	at com.kms.katalon.core.main.TestCaseExecutor.doExecute(TestCaseExecutor.java:439)
	at com.kms.katalon.core.main.TestCaseExecutor.processExecutionPhase(TestCaseExecutor.java:418)
	at com.kms.katalon.core.main.TestCaseExecutor.accessMainPhase(TestCaseExecutor.java:410)
	at com.kms.katalon.core.main.TestCaseExecutor.execute(TestCaseExecutor.java:285)
	at com.kms.katalon.core.main.TestCaseMain.runTestCase(TestCaseMain.java:137)
	at com.kms.katalon.core.keyword.builtin.CallTestCaseKeyword$_callTestCase_closure1.doCall(CallTestCaseKeyword.groovy:59)
	... 42 more
Caused by: com.kms.katalon.core.webui.exception.WebElementNotFoundException: Web element with id: 'Object Repository/Education Partner Profile/Tabs/a_Admin Info' located by '//a[@id='ui-id-7']' not found
	at com.kms.katalon.core.webui.common.WebUiCommonHelper.findWebElement(WebUiCommonHelper.java:1423)
	at Perform Action.run(Perform Action:32)
	at com.kms.katalon.core.main.ScriptEngine.run(ScriptEngine.java:194)
	at com.kms.katalon.core.main.ScriptEngine.runScriptAsRawText(ScriptEngine.java:119)
	at com.kms.katalon.core.main.TestCaseExecutor.runScript(TestCaseExecutor.java:448)
	at com.kms.katalon.core.main.TestCaseExecutor.doExecute(TestCaseExecutor.java:439)
	at com.kms.katalon.core.main.TestCaseExecutor.processExecutionPhase(TestCaseExecutor.java:418)
	at com.kms.katalon.core.main.TestCaseExecutor.accessMainPhase(TestCaseExecutor.java:410)
	at com.kms.katalon.core.main.TestCaseExecutor.execute(TestCaseExecutor.java:285)
	at com.kms.katalon.core.main.TestCaseMain.runTestCase(TestCaseMain.java:137)
	at com.kms.katalon.core.keyword.builtin.CallTestCaseKeyword$_callTestCase_closure1.doCall(CallTestCaseKeyword.groovy:59)
	... 60 more


27-02-2025T17:30:59 - [TEST_CASE][ERROR] - Test Cases/Education Partner Profile/Tabs/Set Admin Info: Test Cases/Education Partner Profile/Tabs/Set Admin Info FAILED.
Reason:
com.kms.katalon.core.exception.StepErrorException: Call Test Case 'Test Cases/_Functions/Perform Action' failed because of error(s)
	at com.kms.katalon.core.keyword.builtin.CallTestCaseKeyword$_callTestCase_closure1.doCall(CallTestCaseKeyword.groovy:66)
	at com.kms.katalon.core.keyword.builtin.CallTestCaseKeyword$_callTestCase_closure1.call(CallTestCaseKeyword.groovy)
	at com.kms.katalon.core.keyword.internal.KeywordMain.runKeyword(KeywordMain.groovy:75)
	at com.kms.katalon.core.keyword.builtin.CallTestCaseKeyword.callTestCase(CallTestCaseKeyword.groovy:81)
	at com.kms.katalon.core.keyword.builtin.CallTestCaseKeyword.execute(CallTestCaseKeyword.groovy:44)
	at com.kms.katalon.core.keyword.internal.KeywordExecutor.executeKeywordForPlatform(KeywordExecutor.groovy:74)
	at com.kms.katalon.core.keyword.BuiltinKeywords.callTestCase(BuiltinKeywords.groovy:310)
	at jdk.internal.reflect.GeneratedMethodAccessor29.invoke(Unknown Source)
	at java.base/jdk.internal.reflect.DelegatingMethodAccessorImpl.invoke(DelegatingMethodAccessorImpl.java:43)
	at Set Admin Info.run(Set Admin Info:81)
	at com.kms.katalon.core.main.ScriptEngine.run(ScriptEngine.java:194)
	at com.kms.katalon.core.main.ScriptEngine.runScriptAsRawText(ScriptEngine.java:119)
	at com.kms.katalon.core.main.TestCaseExecutor.runScript(TestCaseExecutor.java:448)
	at com.kms.katalon.core.main.TestCaseExecutor.doExecute(TestCaseExecutor.java:439)
	at com.kms.katalon.core.main.TestCaseExecutor.processExecutionPhase(TestCaseExecutor.java:418)
	at com.kms.katalon.core.main.TestCaseExecutor.accessMainPhase(TestCaseExecutor.java:410)
	at com.kms.katalon.core.main.TestCaseExecutor.execute(TestCaseExecutor.java:285)
	at com.kms.katalon.core.main.TestCaseMain.runTestCase(TestCaseMain.java:137)
	at com.kms.katalon.core.keyword.builtin.CallTestCaseKeyword$_callTestCase_closure1.doCall(CallTestCaseKeyword.groovy:59)
	at com.kms.katalon.core.keyword.builtin.CallTestCaseKeyword$_callTestCase_closure1.call(CallTestCaseKeyword.groovy)
	at com.kms.katalon.core.keyword.internal.KeywordMain.runKeyword(KeywordMain.groovy:75)
	at com.kms.katalon.core.keyword.builtin.CallTestCaseKeyword.callTestCase(CallTestCaseKeyword.groovy:81)
	at com.kms.katalon.core.keyword.builtin.CallTestCaseKeyword.execute(CallTestCaseKeyword.groovy:44)
	at com.kms.katalon.core.keyword.internal.KeywordExecutor.executeKeywordForPlatform(KeywordExecutor.groovy:74)
	at com.kms.katalon.core.keyword.BuiltinKeywords.callTestCase(BuiltinKeywords.groovy:310)
	at jdk.internal.reflect.GeneratedMethodAccessor29.invoke(Unknown Source)
	at java.base/jdk.internal.reflect.DelegatingMethodAccessorImpl.invoke(DelegatingMethodAccessorImpl.java:43)
	at Complete Education Partner Profile.run(Complete Education Partner Profile:226)
	at com.kms.katalon.core.main.ScriptEngine.run(ScriptEngine.java:194)
	at com.kms.katalon.core.main.ScriptEngine.runScriptAsRawText(ScriptEngine.java:119)
	at com.kms.katalon.core.main.TestCaseExecutor.runScript(TestCaseExecutor.java:448)
	at com.kms.katalon.core.main.TestCaseExecutor.doExecute(TestCaseExecutor.java:439)
	at com.kms.katalon.core.main.TestCaseExecutor.processExecutionPhase(TestCaseExecutor.java:418)
	at com.kms.katalon.core.main.TestCaseExecutor.accessMainPhase(TestCaseExecutor.java:410)
	at com.kms.katalon.core.main.TestCaseExecutor.execute(TestCaseExecutor.java:285)
	at com.kms.katalon.core.main.TestCaseMain.runTestCase(TestCaseMain.java:137)
	at com.kms.katalon.core.keyword.builtin.CallTestCaseKeyword$_callTestCase_closure1.doCall(CallTestCaseKeyword.groovy:59)
	at com.kms.katalon.core.keyword.builtin.CallTestCaseKeyword$_callTestCase_closure1.call(CallTestCaseKeyword.groovy)
	at com.kms.katalon.core.keyword.internal.KeywordMain.runKeyword(KeywordMain.groovy:75)
	at com.kms.katalon.core.keyword.builtin.CallTestCaseKeyword.callTestCase(CallTestCaseKeyword.groovy:81)
	at com.kms.katalon.core.keyword.builtin.CallTestCaseKeyword.execute(CallTestCaseKeyword.groovy:44)
	at com.kms.katalon.core.keyword.internal.KeywordExecutor.executeKeywordForPlatform(KeywordExecutor.groovy:74)
	at com.kms.katalon.core.keyword.BuiltinKeywords.callTestCase(BuiltinKeywords.groovy:310)
	at jdk.internal.reflect.GeneratedMethodAccessor29.invoke(Unknown Source)
	at java.base/jdk.internal.reflect.DelegatingMethodAccessorImpl.invoke(DelegatingMethodAccessorImpl.java:43)
	at Register Education Partner.run(Register Education Partner:403)
	at com.kms.katalon.core.main.ScriptEngine.run(ScriptEngine.java:194)
	at com.kms.katalon.core.main.ScriptEngine.runScriptAsRawText(ScriptEngine.java:119)
	at com.kms.katalon.core.main.TestCaseExecutor.runScript(TestCaseExecutor.java:448)
	at com.kms.katalon.core.main.TestCaseExecutor.doExecute(TestCaseExecutor.java:439)
	at com.kms.katalon.core.main.TestCaseExecutor.processExecutionPhase(TestCaseExecutor.java:418)
	at com.kms.katalon.core.main.TestCaseExecutor.accessMainPhase(TestCaseExecutor.java:410)
	at com.kms.katalon.core.main.TestCaseExecutor.execute(TestCaseExecutor.java:285)
	at com.kms.katalon.core.common.CommonExecutor.accessTestCaseMainPhase(CommonExecutor.java:65)
	at com.kms.katalon.core.main.TestSuiteExecutor.accessTestSuiteMainPhase(TestSuiteExecutor.java:150)
	at com.kms.katalon.core.main.TestSuiteExecutor.execute(TestSuiteExecutor.java:106)
	at com.kms.katalon.core.main.TestCaseMain.startTestSuite(TestCaseMain.java:180)
	at TempTestSuite1740698292669.run(TempTestSuite1740698292669.groovy:35)
	at java.base/jdk.internal.reflect.NativeMethodAccessorImpl.invoke0(Native Method)
	at java.base/jdk.internal.reflect.NativeMethodAccessorImpl.invoke(NativeMethodAccessorImpl.java:77)
	at java.base/jdk.internal.reflect.DelegatingMethodAccessorImpl.invoke(DelegatingMethodAccessorImpl.java:43)
Caused by: com.kms.katalon.core.webui.exception.WebElementNotFoundException: Web element with id: 'Object Repository/Education Partner Profile/Tabs/a_Admin Info' located by '//a[@id='ui-id-7']' not found
	at com.kms.katalon.core.webui.common.WebUiCommonHelper.findWebElement(WebUiCommonHelper.java:1423)
	at Perform Action.run(Perform Action:32)
	at com.kms.katalon.core.main.ScriptEngine.run(ScriptEngine.java:194)
	at com.kms.katalon.core.main.ScriptEngine.runScriptAsRawText(ScriptEngine.java:119)
	at com.kms.katalon.core.main.TestCaseExecutor.runScript(TestCaseExecutor.java:448)
	at com.kms.katalon.core.main.TestCaseExecutor.doExecute(TestCaseExecutor.java:439)
	at com.kms.katalon.core.main.TestCaseExecutor.processExecutionPhase(TestCaseExecutor.java:418)
	at com.kms.katalon.core.main.TestCaseExecutor.accessMainPhase(TestCaseExecutor.java:410)
	at com.kms.katalon.core.main.TestCaseExecutor.execute(TestCaseExecutor.java:285)
	at com.kms.katalon.core.main.TestCaseMain.runTestCase(TestCaseMain.java:137)
	at com.kms.katalon.core.keyword.builtin.CallTestCaseKeyword$_callTestCase_closure1.doCall(CallTestCaseKeyword.groovy:59)
	... 60 more


27-02-2025T17:30:59 - [TEST_STEP][PASSED] - username = username: null

27-02-2025T17:30:59 - [TEST_STEP][PASSED] - if (username != "cktest06ep"): null

27-02-2025T17:30:59 - [TEST_STEP][PASSED] - domain = domain: null

27-02-2025T17:30:59 - [TEST_STEP][PASSED] - writeFile = false: null

27-02-2025T17:30:59 - [TEST_STEP][PASSED] - testName = "Education Partner Admin Info Tab": null

27-02-2025T17:30:59 - [TEST_STEP][PASSED] - outFile = callTestCase(findTestCase("_Functions/Set Output File"), ["varTestName":testName], STOP_ON_FAILURE): Call Test Case 'Test Cases/_Functions/Set Output File' successfully

27-02-2025T17:30:59 - [TEST_CASE][PASSED] - Test Cases/_Functions/Set Output File: Test Cases/_Functions/Set Output File

27-02-2025T17:30:59 - [TEST_STEP][PASSED] - testName = varTestName: null

27-02-2025T17:30:59 - [TEST_STEP][PASSED] - domain = domain: null

27-02-2025T17:30:59 - [TEST_STEP][PASSED] - writeFile = false: null

27-02-2025T17:30:59 - [TEST_STEP][PASSED] - if (outFile != ""): null

27-02-2025T17:30:59 - [TEST_STEP][PASSED] - myFile = outFile: null

27-02-2025T17:30:59 - [TEST_STEP][PASSED] - println(myFile): null

27-02-2025T17:30:59 - [TEST_STEP][PASSED] - outFile = new java.io.File(myFile): null

27-02-2025T17:30:59 - [TEST_STEP][PASSED] - writeFile = true: null

27-02-2025T17:30:59 - [TEST_STEP][PASSED] - if (!(writeFile)): null

27-02-2025T17:30:59 - [TEST_STEP][PASSED] - else: null

27-02-2025T17:30:59 - [TEST_STEP][PASSED] - outFile.append("
Testing " + testName + " on " + domain + ".
"): null

27-02-2025T17:30:59 - [TEST_STEP][PASSED] - return outFile: null

27-02-2025T17:30:59 - [MESSAGE][PASSED] - Call Test Case 'Test Cases/_Functions/Set Output File' successfully

27-02-2025T17:30:59 - [TEST_STEP][PASSED] - parms = [varPartnership_agreement, varTerms_and_conditions]: null

27-02-2025T17:30:59 - [TEST_STEP][PASSED] - partnership_agreement = "//input[@id='profile_group-1456435706.801_partner_agreement']": null

27-02-2025T17:30:59 - [TEST_STEP][PASSED] - terms_and_conditions = "//input[@id='profile_group-1456435706.801_terms_and_conditions']": null

27-02-2025T17:30:59 - [TEST_STEP][PASSED] - xpaths = [partnership_agreement, terms_and_conditions]: null

27-02-2025T17:30:59 - [TEST_STEP][PASSED] - tooltipImagePath = "/Users/cckozie/git/MissionNext-Katalon-Koz/images/education partner/tabs/admin info/": null

27-02-2025T17:30:59 - [TEST_STEP][PASSED] - testObjectFolder = "Education partner Profile/Tabs/Admin Info/": null

27-02-2025T17:30:59 - [TEST_STEP][PASSED] - tooltips = ["dummy":"dummy", "Mission Statement":"img_Mission Statement_field-tooltip"]: null

27-02-2025T17:30:59 - [TEST_STEP][PASSED] - tooltipText = ["Mission Statement":"Add web address from website where the mission statement is displayed."]: null

27-02-2025T17:30:59 - [TEST_STEP][PASSED] - requiredFieldMsgs = []: null

27-02-2025T17:30:59 - [TEST_STEP][PASSED] - pageLinks = ["School Qualifications":"SCHOOL QUALIFICATIONS", "Contact MissionNext":"Contact MissionNext", "Partnership Agreement":"PARTNERSHIP AGREEMENT", ... ]: null

27-02-2025T17:30:59 - [TEST_STEP][PASSED] - object = "Education Partner Profile/Tabs/a_Admin Info": null

27-02-2025T17:30:59 - [TEST_STEP][ERROR] - callTestCase(findTestCase("_Functions/Perform Action"), ["varAction":"click", "varObject":object], STOP_ON_FAILURE): Test Cases/Education Partner Profile/Tabs/Set Admin Info FAILED.
Reason:
com.kms.katalon.core.exception.StepErrorException: Call Test Case 'Test Cases/_Functions/Perform Action' failed because of error(s)
	at com.kms.katalon.core.keyword.builtin.CallTestCaseKeyword$_callTestCase_closure1.doCall(CallTestCaseKeyword.groovy:66)
	at com.kms.katalon.core.keyword.builtin.CallTestCaseKeyword$_callTestCase_closure1.call(CallTestCaseKeyword.groovy)
	at com.kms.katalon.core.keyword.internal.KeywordMain.runKeyword(KeywordMain.groovy:75)
	at com.kms.katalon.core.keyword.builtin.CallTestCaseKeyword.callTestCase(CallTestCaseKeyword.groovy:81)
	at com.kms.katalon.core.keyword.builtin.CallTestCaseKeyword.execute(CallTestCaseKeyword.groovy:44)
	at com.kms.katalon.core.keyword.internal.KeywordExecutor.executeKeywordForPlatform(KeywordExecutor.groovy:74)
	at com.kms.katalon.core.keyword.BuiltinKeywords.callTestCase(BuiltinKeywords.groovy:310)
	at jdk.internal.reflect.GeneratedMethodAccessor29.invoke(Unknown Source)
	at java.base/jdk.internal.reflect.DelegatingMethodAccessorImpl.invoke(DelegatingMethodAccessorImpl.java:43)
	at Set Admin Info.run(Set Admin Info:81)
	at com.kms.katalon.core.main.ScriptEngine.run(ScriptEngine.java:194)
	at com.kms.katalon.core.main.ScriptEngine.runScriptAsRawText(ScriptEngine.java:119)
	at com.kms.katalon.core.main.TestCaseExecutor.runScript(TestCaseExecutor.java:448)
	at com.kms.katalon.core.main.TestCaseExecutor.doExecute(TestCaseExecutor.java:439)
	at com.kms.katalon.core.main.TestCaseExecutor.processExecutionPhase(TestCaseExecutor.java:418)
	at com.kms.katalon.core.main.TestCaseExecutor.accessMainPhase(TestCaseExecutor.java:410)
	at com.kms.katalon.core.main.TestCaseExecutor.execute(TestCaseExecutor.java:285)
	at com.kms.katalon.core.main.TestCaseMain.runTestCase(TestCaseMain.java:137)
	at com.kms.katalon.core.keyword.builtin.CallTestCaseKeyword$_callTestCase_closure1.doCall(CallTestCaseKeyword.groovy:59)
	at com.kms.katalon.core.keyword.builtin.CallTestCaseKeyword$_callTestCase_closure1.call(CallTestCaseKeyword.groovy)
	at com.kms.katalon.core.keyword.internal.KeywordMain.runKeyword(KeywordMain.groovy:75)
	at com.kms.katalon.core.keyword.builtin.CallTestCaseKeyword.callTestCase(CallTestCaseKeyword.groovy:81)
	at com.kms.katalon.core.keyword.builtin.CallTestCaseKeyword.execute(CallTestCaseKeyword.groovy:44)
	at com.kms.katalon.core.keyword.internal.KeywordExecutor.executeKeywordForPlatform(KeywordExecutor.groovy:74)
	at com.kms.katalon.core.keyword.BuiltinKeywords.callTestCase(BuiltinKeywords.groovy:310)
	at jdk.internal.reflect.GeneratedMethodAccessor29.invoke(Unknown Source)
	at java.base/jdk.internal.reflect.DelegatingMethodAccessorImpl.invoke(DelegatingMethodAccessorImpl.java:43)
	at Complete Education Partner Profile.run(Complete Education Partner Profile:226)
	at com.kms.katalon.core.main.ScriptEngine.run(ScriptEngine.java:194)
	at com.kms.katalon.core.main.ScriptEngine.runScriptAsRawText(ScriptEngine.java:119)
	at com.kms.katalon.core.main.TestCaseExecutor.runScript(TestCaseExecutor.java:448)
	at com.kms.katalon.core.main.TestCaseExecutor.doExecute(TestCaseExecutor.java:439)
	at com.kms.katalon.core.main.TestCaseExecutor.processExecutionPhase(TestCaseExecutor.java:418)
	at com.kms.katalon.core.main.TestCaseExecutor.accessMainPhase(TestCaseExecutor.java:410)
	at com.kms.katalon.core.main.TestCaseExecutor.execute(TestCaseExecutor.java:285)
	at com.kms.katalon.core.main.TestCaseMain.runTestCase(TestCaseMain.java:137)
	at com.kms.katalon.core.keyword.builtin.CallTestCaseKeyword$_callTestCase_closure1.doCall(CallTestCaseKeyword.groovy:59)
	at com.kms.katalon.core.keyword.builtin.CallTestCaseKeyword$_callTestCase_closure1.call(CallTestCaseKeyword.groovy)
	at com.kms.katalon.core.keyword.internal.KeywordMain.runKeyword(KeywordMain.groovy:75)
	at com.kms.katalon.core.keyword.builtin.CallTestCaseKeyword.callTestCase(CallTestCaseKeyword.groovy:81)
	at com.kms.katalon.core.keyword.builtin.CallTestCaseKeyword.execute(CallTestCaseKeyword.groovy:44)
	at com.kms.katalon.core.keyword.internal.KeywordExecutor.executeKeywordForPlatform(KeywordExecutor.groovy:74)
	at com.kms.katalon.core.keyword.BuiltinKeywords.callTestCase(BuiltinKeywords.groovy:310)
	at jdk.internal.reflect.GeneratedMethodAccessor29.invoke(Unknown Source)
	at java.base/jdk.internal.reflect.DelegatingMethodAccessorImpl.invoke(DelegatingMethodAccessorImpl.java:43)
	at Register Education Partner.run(Register Education Partner:403)
	at com.kms.katalon.core.main.ScriptEngine.run(ScriptEngine.java:194)
	at com.kms.katalon.core.main.ScriptEngine.runScriptAsRawText(ScriptEngine.java:119)
	at com.kms.katalon.core.main.TestCaseExecutor.runScript(TestCaseExecutor.java:448)
	at com.kms.katalon.core.main.TestCaseExecutor.doExecute(TestCaseExecutor.java:439)
	at com.kms.katalon.core.main.TestCaseExecutor.processExecutionPhase(TestCaseExecutor.java:418)
	at com.kms.katalon.core.main.TestCaseExecutor.accessMainPhase(TestCaseExecutor.java:410)
	at com.kms.katalon.core.main.TestCaseExecutor.execute(TestCaseExecutor.java:285)
	at com.kms.katalon.core.common.CommonExecutor.accessTestCaseMainPhase(CommonExecutor.java:65)
	at com.kms.katalon.core.main.TestSuiteExecutor.accessTestSuiteMainPhase(TestSuiteExecutor.java:150)
	at com.kms.katalon.core.main.TestSuiteExecutor.execute(TestSuiteExecutor.java:106)
	at com.kms.katalon.core.main.TestCaseMain.startTestSuite(TestCaseMain.java:180)
	at TempTestSuite1740698292669.run(TempTestSuite1740698292669.groovy:35)
	at java.base/jdk.internal.reflect.NativeMethodAccessorImpl.invoke0(Native Method)
	at java.base/jdk.internal.reflect.NativeMethodAccessorImpl.invoke(NativeMethodAccessorImpl.java:77)
	at java.base/jdk.internal.reflect.DelegatingMethodAccessorImpl.invoke(DelegatingMethodAccessorImpl.java:43)
Caused by: com.kms.katalon.core.webui.exception.WebElementNotFoundException: Web element with id: 'Object Repository/Education Partner Profile/Tabs/a_Admin Info' located by '//a[@id='ui-id-7']' not found
	at com.kms.katalon.core.webui.common.WebUiCommonHelper.findWebElement(WebUiCommonHelper.java:1423)
	at Perform Action.run(Perform Action:32)
	at com.kms.katalon.core.main.ScriptEngine.run(ScriptEngine.java:194)
	at com.kms.katalon.core.main.ScriptEngine.runScriptAsRawText(ScriptEngine.java:119)
	at com.kms.katalon.core.main.TestCaseExecutor.runScript(TestCaseExecutor.java:448)
	at com.kms.katalon.core.main.TestCaseExecutor.doExecute(TestCaseExecutor.java:439)
	at com.kms.katalon.core.main.TestCaseExecutor.processExecutionPhase(TestCaseExecutor.java:418)
	at com.kms.katalon.core.main.TestCaseExecutor.accessMainPhase(TestCaseExecutor.java:410)
	at com.kms.katalon.core.main.TestCaseExecutor.execute(TestCaseExecutor.java:285)
	at com.kms.katalon.core.main.TestCaseMain.runTestCase(TestCaseMain.java:137)
	at com.kms.katalon.core.keyword.builtin.CallTestCaseKeyword$_callTestCase_closure1.doCall(CallTestCaseKeyword.groovy:59)
	... 60 more


27-02-2025T17:30:59 - [TEST_CASE][ERROR] - Test Cases/_Functions/Perform Action: Test Cases/_Functions/Perform Action FAILED.
Reason:
com.kms.katalon.core.webui.exception.WebElementNotFoundException: Web element with id: 'Object Repository/Education Partner Profile/Tabs/a_Admin Info' located by '//a[@id='ui-id-7']' not found
	at com.kms.katalon.core.webui.common.WebUiCommonHelper.findWebElement(WebUiCommonHelper.java:1423)
	at Perform Action.run(Perform Action:32)
	at com.kms.katalon.core.main.ScriptEngine.run(ScriptEngine.java:194)
	at com.kms.katalon.core.main.ScriptEngine.runScriptAsRawText(ScriptEngine.java:119)
	at com.kms.katalon.core.main.TestCaseExecutor.runScript(TestCaseExecutor.java:448)
	at com.kms.katalon.core.main.TestCaseExecutor.doExecute(TestCaseExecutor.java:439)
	at com.kms.katalon.core.main.TestCaseExecutor.processExecutionPhase(TestCaseExecutor.java:418)
	at com.kms.katalon.core.main.TestCaseExecutor.accessMainPhase(TestCaseExecutor.java:410)
	at com.kms.katalon.core.main.TestCaseExecutor.execute(TestCaseExecutor.java:285)
	at com.kms.katalon.core.main.TestCaseMain.runTestCase(TestCaseMain.java:137)
	at com.kms.katalon.core.keyword.builtin.CallTestCaseKeyword$_callTestCase_closure1.doCall(CallTestCaseKeyword.groovy:59)
	at com.kms.katalon.core.keyword.builtin.CallTestCaseKeyword$_callTestCase_closure1.call(CallTestCaseKeyword.groovy)
	at com.kms.katalon.core.keyword.internal.KeywordMain.runKeyword(KeywordMain.groovy:75)
	at com.kms.katalon.core.keyword.builtin.CallTestCaseKeyword.callTestCase(CallTestCaseKeyword.groovy:81)
	at com.kms.katalon.core.keyword.builtin.CallTestCaseKeyword.execute(CallTestCaseKeyword.groovy:44)
	at com.kms.katalon.core.keyword.internal.KeywordExecutor.executeKeywordForPlatform(KeywordExecutor.groovy:74)
	at com.kms.katalon.core.keyword.BuiltinKeywords.callTestCase(BuiltinKeywords.groovy:310)
	at jdk.internal.reflect.GeneratedMethodAccessor29.invoke(Unknown Source)
	at java.base/jdk.internal.reflect.DelegatingMethodAccessorImpl.invoke(DelegatingMethodAccessorImpl.java:43)
	at Set Admin Info.run(Set Admin Info:81)
	at com.kms.katalon.core.main.ScriptEngine.run(ScriptEngine.java:194)
	at com.kms.katalon.core.main.ScriptEngine.runScriptAsRawText(ScriptEngine.java:119)
	at com.kms.katalon.core.main.TestCaseExecutor.runScript(TestCaseExecutor.java:448)
	at com.kms.katalon.core.main.TestCaseExecutor.doExecute(TestCaseExecutor.java:439)
	at com.kms.katalon.core.main.TestCaseExecutor.processExecutionPhase(TestCaseExecutor.java:418)
	at com.kms.katalon.core.main.TestCaseExecutor.accessMainPhase(TestCaseExecutor.java:410)
	at com.kms.katalon.core.main.TestCaseExecutor.execute(TestCaseExecutor.java:285)
	at com.kms.katalon.core.main.TestCaseMain.runTestCase(TestCaseMain.java:137)
	at com.kms.katalon.core.keyword.builtin.CallTestCaseKeyword$_callTestCase_closure1.doCall(CallTestCaseKeyword.groovy:59)
	at com.kms.katalon.core.keyword.builtin.CallTestCaseKeyword$_callTestCase_closure1.call(CallTestCaseKeyword.groovy)
	at com.kms.katalon.core.keyword.internal.KeywordMain.runKeyword(KeywordMain.groovy:75)
	at com.kms.katalon.core.keyword.builtin.CallTestCaseKeyword.callTestCase(CallTestCaseKeyword.groovy:81)
	at com.kms.katalon.core.keyword.builtin.CallTestCaseKeyword.execute(CallTestCaseKeyword.groovy:44)
	at com.kms.katalon.core.keyword.internal.KeywordExecutor.executeKeywordForPlatform(KeywordExecutor.groovy:74)
	at com.kms.katalon.core.keyword.BuiltinKeywords.callTestCase(BuiltinKeywords.groovy:310)
	at jdk.internal.reflect.GeneratedMethodAccessor29.invoke(Unknown Source)
	at java.base/jdk.internal.reflect.DelegatingMethodAccessorImpl.invoke(DelegatingMethodAccessorImpl.java:43)
	at Complete Education Partner Profile.run(Complete Education Partner Profile:226)
	at com.kms.katalon.core.main.ScriptEngine.run(ScriptEngine.java:194)
	at com.kms.katalon.core.main.ScriptEngine.runScriptAsRawText(ScriptEngine.java:119)
	at com.kms.katalon.core.main.TestCaseExecutor.runScript(TestCaseExecutor.java:448)
	at com.kms.katalon.core.main.TestCaseExecutor.doExecute(TestCaseExecutor.java:439)
	at com.kms.katalon.core.main.TestCaseExecutor.processExecutionPhase(TestCaseExecutor.java:418)
	at com.kms.katalon.core.main.TestCaseExecutor.accessMainPhase(TestCaseExecutor.java:410)
	at com.kms.katalon.core.main.TestCaseExecutor.execute(TestCaseExecutor.java:285)
	at com.kms.katalon.core.main.TestCaseMain.runTestCase(TestCaseMain.java:137)
	at com.kms.katalon.core.keyword.builtin.CallTestCaseKeyword$_callTestCase_closure1.doCall(CallTestCaseKeyword.groovy:59)
	at com.kms.katalon.core.keyword.builtin.CallTestCaseKeyword$_callTestCase_closure1.call(CallTestCaseKeyword.groovy)
	at com.kms.katalon.core.keyword.internal.KeywordMain.runKeyword(KeywordMain.groovy:75)
	at com.kms.katalon.core.keyword.builtin.CallTestCaseKeyword.callTestCase(CallTestCaseKeyword.groovy:81)
	at com.kms.katalon.core.keyword.builtin.CallTestCaseKeyword.execute(CallTestCaseKeyword.groovy:44)
	at com.kms.katalon.core.keyword.internal.KeywordExecutor.executeKeywordForPlatform(KeywordExecutor.groovy:74)
	at com.kms.katalon.core.keyword.BuiltinKeywords.callTestCase(BuiltinKeywords.groovy:310)
	at jdk.internal.reflect.GeneratedMethodAccessor29.invoke(Unknown Source)
	at java.base/jdk.internal.reflect.DelegatingMethodAccessorImpl.invoke(DelegatingMethodAccessorImpl.java:43)
	at Register Education Partner.run(Register Education Partner:403)
	at com.kms.katalon.core.main.ScriptEngine.run(ScriptEngine.java:194)
	at com.kms.katalon.core.main.ScriptEngine.runScriptAsRawText(ScriptEngine.java:119)
	at com.kms.katalon.core.main.TestCaseExecutor.runScript(TestCaseExecutor.java:448)
	at com.kms.katalon.core.main.TestCaseExecutor.doExecute(TestCaseExecutor.java:439)
	at com.kms.katalon.core.main.TestCaseExecutor.processExecutionPhase(TestCaseExecutor.java:418)
	at com.kms.katalon.core.main.TestCaseExecutor.accessMainPhase(TestCaseExecutor.java:410)
	at com.kms.katalon.core.main.TestCaseExecutor.execute(TestCaseExecutor.java:285)
	at com.kms.katalon.core.common.CommonExecutor.accessTestCaseMainPhase(CommonExecutor.java:65)
	at com.kms.katalon.core.main.TestSuiteExecutor.accessTestSuiteMainPhase(TestSuiteExecutor.java:150)
	at com.kms.katalon.core.main.TestSuiteExecutor.execute(TestSuiteExecutor.java:106)
	at com.kms.katalon.core.main.TestCaseMain.startTestSuite(TestCaseMain.java:180)
	at TempTestSuite1740698292669.run(TempTestSuite1740698292669.groovy:35)
	at java.base/jdk.internal.reflect.NativeMethodAccessorImpl.invoke0(Native Method)
	at java.base/jdk.internal.reflect.NativeMethodAccessorImpl.invoke(NativeMethodAccessorImpl.java:77)
	at java.base/jdk.internal.reflect.DelegatingMethodAccessorImpl.invoke(DelegatingMethodAccessorImpl.java:43)


27-02-2025T17:30:59 - [TEST_STEP][PASSED] - action = varAction: null

27-02-2025T17:30:59 - [TEST_STEP][PASSED] - println(action): null

27-02-2025T17:30:59 - [TEST_STEP][PASSED] - testObject = varObject: null

27-02-2025T17:30:59 - [TEST_STEP][PASSED] - println(testObject): null

27-02-2025T17:30:59 - [TEST_STEP][PASSED] - parm1 = varParm1: null

27-02-2025T17:30:59 - [TEST_STEP][PASSED] - println(parm1): null

27-02-2025T17:30:59 - [TEST_STEP][PASSED] - println("Converting " + testObject + " to web element"): null

27-02-2025T17:30:59 - [TEST_STEP][ERROR] - element = findWebElement(findTestObject(testObject), 1): Test Cases/_Functions/Perform Action FAILED.
Reason:
com.kms.katalon.core.webui.exception.WebElementNotFoundException: Web element with id: 'Object Repository/Education Partner Profile/Tabs/a_Admin Info' located by '//a[@id='ui-id-7']' not found
	at com.kms.katalon.core.webui.common.WebUiCommonHelper.findWebElement(WebUiCommonHelper.java:1423)
	at Perform Action.run(Perform Action:32)
	at com.kms.katalon.core.main.ScriptEngine.run(ScriptEngine.java:194)
	at com.kms.katalon.core.main.ScriptEngine.runScriptAsRawText(ScriptEngine.java:119)
	at com.kms.katalon.core.main.TestCaseExecutor.runScript(TestCaseExecutor.java:448)
	at com.kms.katalon.core.main.TestCaseExecutor.doExecute(TestCaseExecutor.java:439)
	at com.kms.katalon.core.main.TestCaseExecutor.processExecutionPhase(TestCaseExecutor.java:418)
	at com.kms.katalon.core.main.TestCaseExecutor.accessMainPhase(TestCaseExecutor.java:410)
	at com.kms.katalon.core.main.TestCaseExecutor.execute(TestCaseExecutor.java:285)
	at com.kms.katalon.core.main.TestCaseMain.runTestCase(TestCaseMain.java:137)
	at com.kms.katalon.core.keyword.builtin.CallTestCaseKeyword$_callTestCase_closure1.doCall(CallTestCaseKeyword.groovy:59)
	at com.kms.katalon.core.keyword.builtin.CallTestCaseKeyword$_callTestCase_closure1.call(CallTestCaseKeyword.groovy)
	at com.kms.katalon.core.keyword.internal.KeywordMain.runKeyword(KeywordMain.groovy:75)
	at com.kms.katalon.core.keyword.builtin.CallTestCaseKeyword.callTestCase(CallTestCaseKeyword.groovy:81)
	at com.kms.katalon.core.keyword.builtin.CallTestCaseKeyword.execute(CallTestCaseKeyword.groovy:44)
	at com.kms.katalon.core.keyword.internal.KeywordExecutor.executeKeywordForPlatform(KeywordExecutor.groovy:74)
	at com.kms.katalon.core.keyword.BuiltinKeywords.callTestCase(BuiltinKeywords.groovy:310)
	at jdk.internal.reflect.GeneratedMethodAccessor29.invoke(Unknown Source)
	at java.base/jdk.internal.reflect.DelegatingMethodAccessorImpl.invoke(DelegatingMethodAccessorImpl.java:43)
	at Set Admin Info.run(Set Admin Info:81)
	at com.kms.katalon.core.main.ScriptEngine.run(ScriptEngine.java:194)
	at com.kms.katalon.core.main.ScriptEngine.runScriptAsRawText(ScriptEngine.java:119)
	at com.kms.katalon.core.main.TestCaseExecutor.runScript(TestCaseExecutor.java:448)
	at com.kms.katalon.core.main.TestCaseExecutor.doExecute(TestCaseExecutor.java:439)
	at com.kms.katalon.core.main.TestCaseExecutor.processExecutionPhase(TestCaseExecutor.java:418)
	at com.kms.katalon.core.main.TestCaseExecutor.accessMainPhase(TestCaseExecutor.java:410)
	at com.kms.katalon.core.main.TestCaseExecutor.execute(TestCaseExecutor.java:285)
	at com.kms.katalon.core.main.TestCaseMain.runTestCase(TestCaseMain.java:137)
	at com.kms.katalon.core.keyword.builtin.CallTestCaseKeyword$_callTestCase_closure1.doCall(CallTestCaseKeyword.groovy:59)
	at com.kms.katalon.core.keyword.builtin.CallTestCaseKeyword$_callTestCase_closure1.call(CallTestCaseKeyword.groovy)
	at com.kms.katalon.core.keyword.internal.KeywordMain.runKeyword(KeywordMain.groovy:75)
	at com.kms.katalon.core.keyword.builtin.CallTestCaseKeyword.callTestCase(CallTestCaseKeyword.groovy:81)
	at com.kms.katalon.core.keyword.builtin.CallTestCaseKeyword.execute(CallTestCaseKeyword.groovy:44)
	at com.kms.katalon.core.keyword.internal.KeywordExecutor.executeKeywordForPlatform(KeywordExecutor.groovy:74)
	at com.kms.katalon.core.keyword.BuiltinKeywords.callTestCase(BuiltinKeywords.groovy:310)
	at jdk.internal.reflect.GeneratedMethodAccessor29.invoke(Unknown Source)
	at java.base/jdk.internal.reflect.DelegatingMethodAccessorImpl.invoke(DelegatingMethodAccessorImpl.java:43)
	at Complete Education Partner Profile.run(Complete Education Partner Profile:226)
	at com.kms.katalon.core.main.ScriptEngine.run(ScriptEngine.java:194)
	at com.kms.katalon.core.main.ScriptEngine.runScriptAsRawText(ScriptEngine.java:119)
	at com.kms.katalon.core.main.TestCaseExecutor.runScript(TestCaseExecutor.java:448)
	at com.kms.katalon.core.main.TestCaseExecutor.doExecute(TestCaseExecutor.java:439)
	at com.kms.katalon.core.main.TestCaseExecutor.processExecutionPhase(TestCaseExecutor.java:418)
	at com.kms.katalon.core.main.TestCaseExecutor.accessMainPhase(TestCaseExecutor.java:410)
	at com.kms.katalon.core.main.TestCaseExecutor.execute(TestCaseExecutor.java:285)
	at com.kms.katalon.core.main.TestCaseMain.runTestCase(TestCaseMain.java:137)
	at com.kms.katalon.core.keyword.builtin.CallTestCaseKeyword$_callTestCase_closure1.doCall(CallTestCaseKeyword.groovy:59)
	at com.kms.katalon.core.keyword.builtin.CallTestCaseKeyword$_callTestCase_closure1.call(CallTestCaseKeyword.groovy)
	at com.kms.katalon.core.keyword.internal.KeywordMain.runKeyword(KeywordMain.groovy:75)
	at com.kms.katalon.core.keyword.builtin.CallTestCaseKeyword.callTestCase(CallTestCaseKeyword.groovy:81)
	at com.kms.katalon.core.keyword.builtin.CallTestCaseKeyword.execute(CallTestCaseKeyword.groovy:44)
	at com.kms.katalon.core.keyword.internal.KeywordExecutor.executeKeywordForPlatform(KeywordExecutor.groovy:74)
	at com.kms.katalon.core.keyword.BuiltinKeywords.callTestCase(BuiltinKeywords.groovy:310)
	at jdk.internal.reflect.GeneratedMethodAccessor29.invoke(Unknown Source)
	at java.base/jdk.internal.reflect.DelegatingMethodAccessorImpl.invoke(DelegatingMethodAccessorImpl.java:43)
	at Register Education Partner.run(Register Education Partner:403)
	at com.kms.katalon.core.main.ScriptEngine.run(ScriptEngine.java:194)
	at com.kms.katalon.core.main.ScriptEngine.runScriptAsRawText(ScriptEngine.java:119)
	at com.kms.katalon.core.main.TestCaseExecutor.runScript(TestCaseExecutor.java:448)
	at com.kms.katalon.core.main.TestCaseExecutor.doExecute(TestCaseExecutor.java:439)
	at com.kms.katalon.core.main.TestCaseExecutor.processExecutionPhase(TestCaseExecutor.java:418)
	at com.kms.katalon.core.main.TestCaseExecutor.accessMainPhase(TestCaseExecutor.java:410)
	at com.kms.katalon.core.main.TestCaseExecutor.execute(TestCaseExecutor.java:285)
	at com.kms.katalon.core.common.CommonExecutor.accessTestCaseMainPhase(CommonExecutor.java:65)
	at com.kms.katalon.core.main.TestSuiteExecutor.accessTestSuiteMainPhase(TestSuiteExecutor.java:150)
	at com.kms.katalon.core.main.TestSuiteExecutor.execute(TestSuiteExecutor.java:106)
	at com.kms.katalon.core.main.TestCaseMain.startTestSuite(TestCaseMain.java:180)
	at TempTestSuite1740698292669.run(TempTestSuite1740698292669.groovy:35)
	at java.base/jdk.internal.reflect.NativeMethodAccessorImpl.invoke0(Native Method)
	at java.base/jdk.internal.reflect.NativeMethodAccessorImpl.invoke(NativeMethodAccessorImpl.java:77)
	at java.base/jdk.internal.reflect.DelegatingMethodAccessorImpl.invoke(DelegatingMethodAccessorImpl.java:43)


27-02-2025T17:31:01 - [MESSAGE][INFO] - Unable to find the element located by 'By.xpath: //a[@id='ui-id-7']'. Please recheck the objects properties to make sure the desired element is located. 

27-02-2025T17:31:01 - [MESSAGE][ERROR] - Test Cases/_Functions/Perform Action FAILED.
Reason:
com.kms.katalon.core.webui.exception.WebElementNotFoundException: Web element with id: 'Object Repository/Education Partner Profile/Tabs/a_Admin Info' located by '//a[@id='ui-id-7']' not found
	at com.kms.katalon.core.webui.common.WebUiCommonHelper.findWebElement(WebUiCommonHelper.java:1423)
	at Perform Action.run(Perform Action:32)
	at com.kms.katalon.core.main.ScriptEngine.run(ScriptEngine.java:194)
	at com.kms.katalon.core.main.ScriptEngine.runScriptAsRawText(ScriptEngine.java:119)
	at com.kms.katalon.core.main.TestCaseExecutor.runScript(TestCaseExecutor.java:448)
	at com.kms.katalon.core.main.TestCaseExecutor.doExecute(TestCaseExecutor.java:439)
	at com.kms.katalon.core.main.TestCaseExecutor.processExecutionPhase(TestCaseExecutor.java:418)
	at com.kms.katalon.core.main.TestCaseExecutor.accessMainPhase(TestCaseExecutor.java:410)
	at com.kms.katalon.core.main.TestCaseExecutor.execute(TestCaseExecutor.java:285)
	at com.kms.katalon.core.main.TestCaseMain.runTestCase(TestCaseMain.java:137)
	at com.kms.katalon.core.keyword.builtin.CallTestCaseKeyword$_callTestCase_closure1.doCall(CallTestCaseKeyword.groovy:59)
	at com.kms.katalon.core.keyword.builtin.CallTestCaseKeyword$_callTestCase_closure1.call(CallTestCaseKeyword.groovy)
	at com.kms.katalon.core.keyword.internal.KeywordMain.runKeyword(KeywordMain.groovy:75)
	at com.kms.katalon.core.keyword.builtin.CallTestCaseKeyword.callTestCase(CallTestCaseKeyword.groovy:81)
	at com.kms.katalon.core.keyword.builtin.CallTestCaseKeyword.execute(CallTestCaseKeyword.groovy:44)
	at com.kms.katalon.core.keyword.internal.KeywordExecutor.executeKeywordForPlatform(KeywordExecutor.groovy:74)
	at com.kms.katalon.core.keyword.BuiltinKeywords.callTestCase(BuiltinKeywords.groovy:310)
	at jdk.internal.reflect.GeneratedMethodAccessor29.invoke(Unknown Source)
	at java.base/jdk.internal.reflect.DelegatingMethodAccessorImpl.invoke(DelegatingMethodAccessorImpl.java:43)
	at Set Admin Info.run(Set Admin Info:81)
	at com.kms.katalon.core.main.ScriptEngine.run(ScriptEngine.java:194)
	at com.kms.katalon.core.main.ScriptEngine.runScriptAsRawText(ScriptEngine.java:119)
	at com.kms.katalon.core.main.TestCaseExecutor.runScript(TestCaseExecutor.java:448)
	at com.kms.katalon.core.main.TestCaseExecutor.doExecute(TestCaseExecutor.java:439)
	at com.kms.katalon.core.main.TestCaseExecutor.processExecutionPhase(TestCaseExecutor.java:418)
	at com.kms.katalon.core.main.TestCaseExecutor.accessMainPhase(TestCaseExecutor.java:410)
	at com.kms.katalon.core.main.TestCaseExecutor.execute(TestCaseExecutor.java:285)
	at com.kms.katalon.core.main.TestCaseMain.runTestCase(TestCaseMain.java:137)
	at com.kms.katalon.core.keyword.builtin.CallTestCaseKeyword$_callTestCase_closure1.doCall(CallTestCaseKeyword.groovy:59)
	at com.kms.katalon.core.keyword.builtin.CallTestCaseKeyword$_callTestCase_closure1.call(CallTestCaseKeyword.groovy)
	at com.kms.katalon.core.keyword.internal.KeywordMain.runKeyword(KeywordMain.groovy:75)
	at com.kms.katalon.core.keyword.builtin.CallTestCaseKeyword.callTestCase(CallTestCaseKeyword.groovy:81)
	at com.kms.katalon.core.keyword.builtin.CallTestCaseKeyword.execute(CallTestCaseKeyword.groovy:44)
	at com.kms.katalon.core.keyword.internal.KeywordExecutor.executeKeywordForPlatform(KeywordExecutor.groovy:74)
	at com.kms.katalon.core.keyword.BuiltinKeywords.callTestCase(BuiltinKeywords.groovy:310)
	at jdk.internal.reflect.GeneratedMethodAccessor29.invoke(Unknown Source)
	at java.base/jdk.internal.reflect.DelegatingMethodAccessorImpl.invoke(DelegatingMethodAccessorImpl.java:43)
	at Complete Education Partner Profile.run(Complete Education Partner Profile:226)
	at com.kms.katalon.core.main.ScriptEngine.run(ScriptEngine.java:194)
	at com.kms.katalon.core.main.ScriptEngine.runScriptAsRawText(ScriptEngine.java:119)
	at com.kms.katalon.core.main.TestCaseExecutor.runScript(TestCaseExecutor.java:448)
	at com.kms.katalon.core.main.TestCaseExecutor.doExecute(TestCaseExecutor.java:439)
	at com.kms.katalon.core.main.TestCaseExecutor.processExecutionPhase(TestCaseExecutor.java:418)
	at com.kms.katalon.core.main.TestCaseExecutor.accessMainPhase(TestCaseExecutor.java:410)
	at com.kms.katalon.core.main.TestCaseExecutor.execute(TestCaseExecutor.java:285)
	at com.kms.katalon.core.main.TestCaseMain.runTestCase(TestCaseMain.java:137)
	at com.kms.katalon.core.keyword.builtin.CallTestCaseKeyword$_callTestCase_closure1.doCall(CallTestCaseKeyword.groovy:59)
	at com.kms.katalon.core.keyword.builtin.CallTestCaseKeyword$_callTestCase_closure1.call(CallTestCaseKeyword.groovy)
	at com.kms.katalon.core.keyword.internal.KeywordMain.runKeyword(KeywordMain.groovy:75)
	at com.kms.katalon.core.keyword.builtin.CallTestCaseKeyword.callTestCase(CallTestCaseKeyword.groovy:81)
	at com.kms.katalon.core.keyword.builtin.CallTestCaseKeyword.execute(CallTestCaseKeyword.groovy:44)
	at com.kms.katalon.core.keyword.internal.KeywordExecutor.executeKeywordForPlatform(KeywordExecutor.groovy:74)
	at com.kms.katalon.core.keyword.BuiltinKeywords.callTestCase(BuiltinKeywords.groovy:310)
	at jdk.internal.reflect.GeneratedMethodAccessor29.invoke(Unknown Source)
	at java.base/jdk.internal.reflect.DelegatingMethodAccessorImpl.invoke(DelegatingMethodAccessorImpl.java:43)
	at Register Education Partner.run(Register Education Partner:403)
	at com.kms.katalon.core.main.ScriptEngine.run(ScriptEngine.java:194)
	at com.kms.katalon.core.main.ScriptEngine.runScriptAsRawText(ScriptEngine.java:119)
	at com.kms.katalon.core.main.TestCaseExecutor.runScript(TestCaseExecutor.java:448)
	at com.kms.katalon.core.main.TestCaseExecutor.doExecute(TestCaseExecutor.java:439)
	at com.kms.katalon.core.main.TestCaseExecutor.processExecutionPhase(TestCaseExecutor.java:418)
	at com.kms.katalon.core.main.TestCaseExecutor.accessMainPhase(TestCaseExecutor.java:410)
	at com.kms.katalon.core.main.TestCaseExecutor.execute(TestCaseExecutor.java:285)
	at com.kms.katalon.core.common.CommonExecutor.accessTestCaseMainPhase(CommonExecutor.java:65)
	at com.kms.katalon.core.main.TestSuiteExecutor.accessTestSuiteMainPhase(TestSuiteExecutor.java:150)
	at com.kms.katalon.core.main.TestSuiteExecutor.execute(TestSuiteExecutor.java:106)
	at com.kms.katalon.core.main.TestCaseMain.startTestSuite(TestCaseMain.java:180)
	at TempTestSuite1740698292669.run(TempTestSuite1740698292669.groovy:35)
	at java.base/jdk.internal.reflect.NativeMethodAccessorImpl.invoke0(Native Method)
	at java.base/jdk.internal.reflect.NativeMethodAccessorImpl.invoke(NativeMethodAccessorImpl.java:77)
	at java.base/jdk.internal.reflect.DelegatingMethodAccessorImpl.invoke(DelegatingMethodAccessorImpl.java:43)


27-02-2025T17:31:01 - [MESSAGE][FAILED] - Unable to call Test Case 'Test Cases/_Functions/Perform Action' (Root cause: com.kms.katalon.core.exception.StepErrorException: Call Test Case 'Test Cases/_Functions/Perform Action' failed because of error(s)
	at com.kms.katalon.core.keyword.builtin.CallTestCaseKeyword$_callTestCase_closure1.doCall(CallTestCaseKeyword.groovy:66)
	at com.kms.katalon.core.keyword.builtin.CallTestCaseKeyword$_callTestCase_closure1.call(CallTestCaseKeyword.groovy)
	at com.kms.katalon.core.keyword.internal.KeywordMain.runKeyword(KeywordMain.groovy:75)
	at com.kms.katalon.core.keyword.builtin.CallTestCaseKeyword.callTestCase(CallTestCaseKeyword.groovy:81)
	at com.kms.katalon.core.keyword.builtin.CallTestCaseKeyword.execute(CallTestCaseKeyword.groovy:44)
	at com.kms.katalon.core.keyword.internal.KeywordExecutor.executeKeywordForPlatform(KeywordExecutor.groovy:74)
	at com.kms.katalon.core.keyword.BuiltinKeywords.callTestCase(BuiltinKeywords.groovy:310)
	at jdk.internal.reflect.GeneratedMethodAccessor29.invoke(Unknown Source)
	at java.base/jdk.internal.reflect.DelegatingMethodAccessorImpl.invoke(DelegatingMethodAccessorImpl.java:43)
	at Set Admin Info.run(Set Admin Info:81)
	at com.kms.katalon.core.main.ScriptEngine.run(ScriptEngine.java:194)
	at com.kms.katalon.core.main.ScriptEngine.runScriptAsRawText(ScriptEngine.java:119)
	at com.kms.katalon.core.main.TestCaseExecutor.runScript(TestCaseExecutor.java:448)
	at com.kms.katalon.core.main.TestCaseExecutor.doExecute(TestCaseExecutor.java:439)
	at com.kms.katalon.core.main.TestCaseExecutor.processExecutionPhase(TestCaseExecutor.java:418)
	at com.kms.katalon.core.main.TestCaseExecutor.accessMainPhase(TestCaseExecutor.java:410)
	at com.kms.katalon.core.main.TestCaseExecutor.execute(TestCaseExecutor.java:285)
	at com.kms.katalon.core.main.TestCaseMain.runTestCase(TestCaseMain.java:137)
	at com.kms.katalon.core.keyword.builtin.CallTestCaseKeyword$_callTestCase_closure1.doCall(CallTestCaseKeyword.groovy:59)
	at com.kms.katalon.core.keyword.builtin.CallTestCaseKeyword$_callTestCase_closure1.call(CallTestCaseKeyword.groovy)
	at com.kms.katalon.core.keyword.internal.KeywordMain.runKeyword(KeywordMain.groovy:75)
	at com.kms.katalon.core.keyword.builtin.CallTestCaseKeyword.callTestCase(CallTestCaseKeyword.groovy:81)
	at com.kms.katalon.core.keyword.builtin.CallTestCaseKeyword.execute(CallTestCaseKeyword.groovy:44)
	at com.kms.katalon.core.keyword.internal.KeywordExecutor.executeKeywordForPlatform(KeywordExecutor.groovy:74)
	at com.kms.katalon.core.keyword.BuiltinKeywords.callTestCase(BuiltinKeywords.groovy:310)
	at jdk.internal.reflect.GeneratedMethodAccessor29.invoke(Unknown Source)
	at java.base/jdk.internal.reflect.DelegatingMethodAccessorImpl.invoke(DelegatingMethodAccessorImpl.java:43)
	at Complete Education Partner Profile.run(Complete Education Partner Profile:226)
	at com.kms.katalon.core.main.ScriptEngine.run(ScriptEngine.java:194)
	at com.kms.katalon.core.main.ScriptEngine.runScriptAsRawText(ScriptEngine.java:119)
	at com.kms.katalon.core.main.TestCaseExecutor.runScript(TestCaseExecutor.java:448)
	at com.kms.katalon.core.main.TestCaseExecutor.doExecute(TestCaseExecutor.java:439)
	at com.kms.katalon.core.main.TestCaseExecutor.processExecutionPhase(TestCaseExecutor.java:418)
	at com.kms.katalon.core.main.TestCaseExecutor.accessMainPhase(TestCaseExecutor.java:410)
	at com.kms.katalon.core.main.TestCaseExecutor.execute(TestCaseExecutor.java:285)
	at com.kms.katalon.core.main.TestCaseMain.runTestCase(TestCaseMain.java:137)
	at com.kms.katalon.core.keyword.builtin.CallTestCaseKeyword$_callTestCase_closure1.doCall(CallTestCaseKeyword.groovy:59)
	at com.kms.katalon.core.keyword.builtin.CallTestCaseKeyword$_callTestCase_closure1.call(CallTestCaseKeyword.groovy)
	at com.kms.katalon.core.keyword.internal.KeywordMain.runKeyword(KeywordMain.groovy:75)
	at com.kms.katalon.core.keyword.builtin.CallTestCaseKeyword.callTestCase(CallTestCaseKeyword.groovy:81)
	at com.kms.katalon.core.keyword.builtin.CallTestCaseKeyword.execute(CallTestCaseKeyword.groovy:44)
	at com.kms.katalon.core.keyword.internal.KeywordExecutor.executeKeywordForPlatform(KeywordExecutor.groovy:74)
	at com.kms.katalon.core.keyword.BuiltinKeywords.callTestCase(BuiltinKeywords.groovy:310)
	at jdk.internal.reflect.GeneratedMethodAccessor29.invoke(Unknown Source)
	at java.base/jdk.internal.reflect.DelegatingMethodAccessorImpl.invoke(DelegatingMethodAccessorImpl.java:43)
	at Register Education Partner.run(Register Education Partner:403)
	at com.kms.katalon.core.main.ScriptEngine.run(ScriptEngine.java:194)
	at com.kms.katalon.core.main.ScriptEngine.runScriptAsRawText(ScriptEngine.java:119)
	at com.kms.katalon.core.main.TestCaseExecutor.runScript(TestCaseExecutor.java:448)
	at com.kms.katalon.core.main.TestCaseExecutor.doExecute(TestCaseExecutor.java:439)
	at com.kms.katalon.core.main.TestCaseExecutor.processExecutionPhase(TestCaseExecutor.java:418)
	at com.kms.katalon.core.main.TestCaseExecutor.accessMainPhase(TestCaseExecutor.java:410)
	at com.kms.katalon.core.main.TestCaseExecutor.execute(TestCaseExecutor.java:285)
	at com.kms.katalon.core.common.CommonExecutor.accessTestCaseMainPhase(CommonExecutor.java:65)
	at com.kms.katalon.core.main.TestSuiteExecutor.accessTestSuiteMainPhase(TestSuiteExecutor.java:150)
	at com.kms.katalon.core.main.TestSuiteExecutor.execute(TestSuiteExecutor.java:106)
	at com.kms.katalon.core.main.TestCaseMain.startTestSuite(TestCaseMain.java:180)
	at TempTestSuite1740698292669.run(TempTestSuite1740698292669.groovy:35)
	at java.base/jdk.internal.reflect.NativeMethodAccessorImpl.invoke0(Native Method)
	at java.base/jdk.internal.reflect.NativeMethodAccessorImpl.invoke(NativeMethodAccessorImpl.java:77)
	at java.base/jdk.internal.reflect.DelegatingMethodAccessorImpl.invoke(DelegatingMethodAccessorImpl.java:43)
Caused by: com.kms.katalon.core.webui.exception.WebElementNotFoundException: Web element with id: 'Object Repository/Education Partner Profile/Tabs/a_Admin Info' located by '//a[@id='ui-id-7']' not found
	at com.kms.katalon.core.webui.common.WebUiCommonHelper.findWebElement(WebUiCommonHelper.java:1423)
	at Perform Action.run(Perform Action:32)
	at com.kms.katalon.core.main.ScriptEngine.run(ScriptEngine.java:194)
	at com.kms.katalon.core.main.ScriptEngine.runScriptAsRawText(ScriptEngine.java:119)
	at com.kms.katalon.core.main.TestCaseExecutor.runScript(TestCaseExecutor.java:448)
	at com.kms.katalon.core.main.TestCaseExecutor.doExecute(TestCaseExecutor.java:439)
	at com.kms.katalon.core.main.TestCaseExecutor.processExecutionPhase(TestCaseExecutor.java:418)
	at com.kms.katalon.core.main.TestCaseExecutor.accessMainPhase(TestCaseExecutor.java:410)
	at com.kms.katalon.core.main.TestCaseExecutor.execute(TestCaseExecutor.java:285)
	at com.kms.katalon.core.main.TestCaseMain.runTestCase(TestCaseMain.java:137)
	at com.kms.katalon.core.keyword.builtin.CallTestCaseKeyword$_callTestCase_closure1.doCall(CallTestCaseKeyword.groovy:59)
	... 60 more
)

27-02-2025T17:31:01 - [MESSAGE][ERROR] - Test Cases/Education Partner Profile/Tabs/Set Admin Info FAILED.
Reason:
com.kms.katalon.core.exception.StepErrorException: Call Test Case 'Test Cases/_Functions/Perform Action' failed because of error(s)
	at com.kms.katalon.core.keyword.builtin.CallTestCaseKeyword$_callTestCase_closure1.doCall(CallTestCaseKeyword.groovy:66)
	at com.kms.katalon.core.keyword.builtin.CallTestCaseKeyword$_callTestCase_closure1.call(CallTestCaseKeyword.groovy)
	at com.kms.katalon.core.keyword.internal.KeywordMain.runKeyword(KeywordMain.groovy:75)
	at com.kms.katalon.core.keyword.builtin.CallTestCaseKeyword.callTestCase(CallTestCaseKeyword.groovy:81)
	at com.kms.katalon.core.keyword.builtin.CallTestCaseKeyword.execute(CallTestCaseKeyword.groovy:44)
	at com.kms.katalon.core.keyword.internal.KeywordExecutor.executeKeywordForPlatform(KeywordExecutor.groovy:74)
	at com.kms.katalon.core.keyword.BuiltinKeywords.callTestCase(BuiltinKeywords.groovy:310)
	at jdk.internal.reflect.GeneratedMethodAccessor29.invoke(Unknown Source)
	at java.base/jdk.internal.reflect.DelegatingMethodAccessorImpl.invoke(DelegatingMethodAccessorImpl.java:43)
	at Set Admin Info.run(Set Admin Info:81)
	at com.kms.katalon.core.main.ScriptEngine.run(ScriptEngine.java:194)
	at com.kms.katalon.core.main.ScriptEngine.runScriptAsRawText(ScriptEngine.java:119)
	at com.kms.katalon.core.main.TestCaseExecutor.runScript(TestCaseExecutor.java:448)
	at com.kms.katalon.core.main.TestCaseExecutor.doExecute(TestCaseExecutor.java:439)
	at com.kms.katalon.core.main.TestCaseExecutor.processExecutionPhase(TestCaseExecutor.java:418)
	at com.kms.katalon.core.main.TestCaseExecutor.accessMainPhase(TestCaseExecutor.java:410)
	at com.kms.katalon.core.main.TestCaseExecutor.execute(TestCaseExecutor.java:285)
	at com.kms.katalon.core.main.TestCaseMain.runTestCase(TestCaseMain.java:137)
	at com.kms.katalon.core.keyword.builtin.CallTestCaseKeyword$_callTestCase_closure1.doCall(CallTestCaseKeyword.groovy:59)
	at com.kms.katalon.core.keyword.builtin.CallTestCaseKeyword$_callTestCase_closure1.call(CallTestCaseKeyword.groovy)
	at com.kms.katalon.core.keyword.internal.KeywordMain.runKeyword(KeywordMain.groovy:75)
	at com.kms.katalon.core.keyword.builtin.CallTestCaseKeyword.callTestCase(CallTestCaseKeyword.groovy:81)
	at com.kms.katalon.core.keyword.builtin.CallTestCaseKeyword.execute(CallTestCaseKeyword.groovy:44)
	at com.kms.katalon.core.keyword.internal.KeywordExecutor.executeKeywordForPlatform(KeywordExecutor.groovy:74)
	at com.kms.katalon.core.keyword.BuiltinKeywords.callTestCase(BuiltinKeywords.groovy:310)
	at jdk.internal.reflect.GeneratedMethodAccessor29.invoke(Unknown Source)
	at java.base/jdk.internal.reflect.DelegatingMethodAccessorImpl.invoke(DelegatingMethodAccessorImpl.java:43)
	at Complete Education Partner Profile.run(Complete Education Partner Profile:226)
	at com.kms.katalon.core.main.ScriptEngine.run(ScriptEngine.java:194)
	at com.kms.katalon.core.main.ScriptEngine.runScriptAsRawText(ScriptEngine.java:119)
	at com.kms.katalon.core.main.TestCaseExecutor.runScript(TestCaseExecutor.java:448)
	at com.kms.katalon.core.main.TestCaseExecutor.doExecute(TestCaseExecutor.java:439)
	at com.kms.katalon.core.main.TestCaseExecutor.processExecutionPhase(TestCaseExecutor.java:418)
	at com.kms.katalon.core.main.TestCaseExecutor.accessMainPhase(TestCaseExecutor.java:410)
	at com.kms.katalon.core.main.TestCaseExecutor.execute(TestCaseExecutor.java:285)
	at com.kms.katalon.core.main.TestCaseMain.runTestCase(TestCaseMain.java:137)
	at com.kms.katalon.core.keyword.builtin.CallTestCaseKeyword$_callTestCase_closure1.doCall(CallTestCaseKeyword.groovy:59)
	at com.kms.katalon.core.keyword.builtin.CallTestCaseKeyword$_callTestCase_closure1.call(CallTestCaseKeyword.groovy)
	at com.kms.katalon.core.keyword.internal.KeywordMain.runKeyword(KeywordMain.groovy:75)
	at com.kms.katalon.core.keyword.builtin.CallTestCaseKeyword.callTestCase(CallTestCaseKeyword.groovy:81)
	at com.kms.katalon.core.keyword.builtin.CallTestCaseKeyword.execute(CallTestCaseKeyword.groovy:44)
	at com.kms.katalon.core.keyword.internal.KeywordExecutor.executeKeywordForPlatform(KeywordExecutor.groovy:74)
	at com.kms.katalon.core.keyword.BuiltinKeywords.callTestCase(BuiltinKeywords.groovy:310)
	at jdk.internal.reflect.GeneratedMethodAccessor29.invoke(Unknown Source)
	at java.base/jdk.internal.reflect.DelegatingMethodAccessorImpl.invoke(DelegatingMethodAccessorImpl.java:43)
	at Register Education Partner.run(Register Education Partner:403)
	at com.kms.katalon.core.main.ScriptEngine.run(ScriptEngine.java:194)
	at com.kms.katalon.core.main.ScriptEngine.runScriptAsRawText(ScriptEngine.java:119)
	at com.kms.katalon.core.main.TestCaseExecutor.runScript(TestCaseExecutor.java:448)
	at com.kms.katalon.core.main.TestCaseExecutor.doExecute(TestCaseExecutor.java:439)
	at com.kms.katalon.core.main.TestCaseExecutor.processExecutionPhase(TestCaseExecutor.java:418)
	at com.kms.katalon.core.main.TestCaseExecutor.accessMainPhase(TestCaseExecutor.java:410)
	at com.kms.katalon.core.main.TestCaseExecutor.execute(TestCaseExecutor.java:285)
	at com.kms.katalon.core.common.CommonExecutor.accessTestCaseMainPhase(CommonExecutor.java:65)
	at com.kms.katalon.core.main.TestSuiteExecutor.accessTestSuiteMainPhase(TestSuiteExecutor.java:150)
	at com.kms.katalon.core.main.TestSuiteExecutor.execute(TestSuiteExecutor.java:106)
	at com.kms.katalon.core.main.TestCaseMain.startTestSuite(TestCaseMain.java:180)
	at TempTestSuite1740698292669.run(TempTestSuite1740698292669.groovy:35)
	at java.base/jdk.internal.reflect.NativeMethodAccessorImpl.invoke0(Native Method)
	at java.base/jdk.internal.reflect.NativeMethodAccessorImpl.invoke(NativeMethodAccessorImpl.java:77)
	at java.base/jdk.internal.reflect.DelegatingMethodAccessorImpl.invoke(DelegatingMethodAccessorImpl.java:43)
Caused by: com.kms.katalon.core.webui.exception.WebElementNotFoundException: Web element with id: 'Object Repository/Education Partner Profile/Tabs/a_Admin Info' located by '//a[@id='ui-id-7']' not found
	at com.kms.katalon.core.webui.common.WebUiCommonHelper.findWebElement(WebUiCommonHelper.java:1423)
	at Perform Action.run(Perform Action:32)
	at com.kms.katalon.core.main.ScriptEngine.run(ScriptEngine.java:194)
	at com.kms.katalon.core.main.ScriptEngine.runScriptAsRawText(ScriptEngine.java:119)
	at com.kms.katalon.core.main.TestCaseExecutor.runScript(TestCaseExecutor.java:448)
	at com.kms.katalon.core.main.TestCaseExecutor.doExecute(TestCaseExecutor.java:439)
	at com.kms.katalon.core.main.TestCaseExecutor.processExecutionPhase(TestCaseExecutor.java:418)
	at com.kms.katalon.core.main.TestCaseExecutor.accessMainPhase(TestCaseExecutor.java:410)
	at com.kms.katalon.core.main.TestCaseExecutor.execute(TestCaseExecutor.java:285)
	at com.kms.katalon.core.main.TestCaseMain.runTestCase(TestCaseMain.java:137)
	at com.kms.katalon.core.keyword.builtin.CallTestCaseKeyword$_callTestCase_closure1.doCall(CallTestCaseKeyword.groovy:59)
	... 60 more


27-02-2025T17:31:01 - [MESSAGE][FAILED] - Unable to call Test Case 'Test Cases/Education Partner Profile/Tabs/Set Admin Info' (Root cause: com.kms.katalon.core.exception.StepErrorException: Call Test Case 'Test Cases/Education Partner Profile/Tabs/Set Admin Info' failed because of error(s)
	at com.kms.katalon.core.keyword.builtin.CallTestCaseKeyword$_callTestCase_closure1.doCall(CallTestCaseKeyword.groovy:66)
	at com.kms.katalon.core.keyword.builtin.CallTestCaseKeyword$_callTestCase_closure1.call(CallTestCaseKeyword.groovy)
	at com.kms.katalon.core.keyword.internal.KeywordMain.runKeyword(KeywordMain.groovy:75)
	at com.kms.katalon.core.keyword.builtin.CallTestCaseKeyword.callTestCase(CallTestCaseKeyword.groovy:81)
	at com.kms.katalon.core.keyword.builtin.CallTestCaseKeyword.execute(CallTestCaseKeyword.groovy:44)
	at com.kms.katalon.core.keyword.internal.KeywordExecutor.executeKeywordForPlatform(KeywordExecutor.groovy:74)
	at com.kms.katalon.core.keyword.BuiltinKeywords.callTestCase(BuiltinKeywords.groovy:310)
	at jdk.internal.reflect.GeneratedMethodAccessor29.invoke(Unknown Source)
	at java.base/jdk.internal.reflect.DelegatingMethodAccessorImpl.invoke(DelegatingMethodAccessorImpl.java:43)
	at Complete Education Partner Profile.run(Complete Education Partner Profile:226)
	at com.kms.katalon.core.main.ScriptEngine.run(ScriptEngine.java:194)
	at com.kms.katalon.core.main.ScriptEngine.runScriptAsRawText(ScriptEngine.java:119)
	at com.kms.katalon.core.main.TestCaseExecutor.runScript(TestCaseExecutor.java:448)
	at com.kms.katalon.core.main.TestCaseExecutor.doExecute(TestCaseExecutor.java:439)
	at com.kms.katalon.core.main.TestCaseExecutor.processExecutionPhase(TestCaseExecutor.java:418)
	at com.kms.katalon.core.main.TestCaseExecutor.accessMainPhase(TestCaseExecutor.java:410)
	at com.kms.katalon.core.main.TestCaseExecutor.execute(TestCaseExecutor.java:285)
	at com.kms.katalon.core.main.TestCaseMain.runTestCase(TestCaseMain.java:137)
	at com.kms.katalon.core.keyword.builtin.CallTestCaseKeyword$_callTestCase_closure1.doCall(CallTestCaseKeyword.groovy:59)
	at com.kms.katalon.core.keyword.builtin.CallTestCaseKeyword$_callTestCase_closure1.call(CallTestCaseKeyword.groovy)
	at com.kms.katalon.core.keyword.internal.KeywordMain.runKeyword(KeywordMain.groovy:75)
	at com.kms.katalon.core.keyword.builtin.CallTestCaseKeyword.callTestCase(CallTestCaseKeyword.groovy:81)
	at com.kms.katalon.core.keyword.builtin.CallTestCaseKeyword.execute(CallTestCaseKeyword.groovy:44)
	at com.kms.katalon.core.keyword.internal.KeywordExecutor.executeKeywordForPlatform(KeywordExecutor.groovy:74)
	at com.kms.katalon.core.keyword.BuiltinKeywords.callTestCase(BuiltinKeywords.groovy:310)
	at jdk.internal.reflect.GeneratedMethodAccessor29.invoke(Unknown Source)
	at java.base/jdk.internal.reflect.DelegatingMethodAccessorImpl.invoke(DelegatingMethodAccessorImpl.java:43)
	at Register Education Partner.run(Register Education Partner:403)
	at com.kms.katalon.core.main.ScriptEngine.run(ScriptEngine.java:194)
	at com.kms.katalon.core.main.ScriptEngine.runScriptAsRawText(ScriptEngine.java:119)
	at com.kms.katalon.core.main.TestCaseExecutor.runScript(TestCaseExecutor.java:448)
	at com.kms.katalon.core.main.TestCaseExecutor.doExecute(TestCaseExecutor.java:439)
	at com.kms.katalon.core.main.TestCaseExecutor.processExecutionPhase(TestCaseExecutor.java:418)
	at com.kms.katalon.core.main.TestCaseExecutor.accessMainPhase(TestCaseExecutor.java:410)
	at com.kms.katalon.core.main.TestCaseExecutor.execute(TestCaseExecutor.java:285)
	at com.kms.katalon.core.common.CommonExecutor.accessTestCaseMainPhase(CommonExecutor.java:65)
	at com.kms.katalon.core.main.TestSuiteExecutor.accessTestSuiteMainPhase(TestSuiteExecutor.java:150)
	at com.kms.katalon.core.main.TestSuiteExecutor.execute(TestSuiteExecutor.java:106)
	at com.kms.katalon.core.main.TestCaseMain.startTestSuite(TestCaseMain.java:180)
	at TempTestSuite1740698292669.run(TempTestSuite1740698292669.groovy:35)
	at java.base/jdk.internal.reflect.NativeMethodAccessorImpl.invoke0(Native Method)
	at java.base/jdk.internal.reflect.NativeMethodAccessorImpl.invoke(NativeMethodAccessorImpl.java:77)
	at java.base/jdk.internal.reflect.DelegatingMethodAccessorImpl.invoke(DelegatingMethodAccessorImpl.java:43)
Caused by: com.kms.katalon.core.exception.StepErrorException: Call Test Case 'Test Cases/_Functions/Perform Action' failed because of error(s)
	at com.kms.katalon.core.keyword.builtin.CallTestCaseKeyword$_callTestCase_closure1.doCall(CallTestCaseKeyword.groovy:66)
	at com.kms.katalon.core.keyword.builtin.CallTestCaseKeyword$_callTestCase_closure1.call(CallTestCaseKeyword.groovy)
	at com.kms.katalon.core.keyword.internal.KeywordMain.runKeyword(KeywordMain.groovy:75)
	at com.kms.katalon.core.keyword.builtin.CallTestCaseKeyword.callTestCase(CallTestCaseKeyword.groovy:81)
	at com.kms.katalon.core.keyword.builtin.CallTestCaseKeyword.execute(CallTestCaseKeyword.groovy:44)
	at com.kms.katalon.core.keyword.internal.KeywordExecutor.executeKeywordForPlatform(KeywordExecutor.groovy:74)
	at com.kms.katalon.core.keyword.BuiltinKeywords.callTestCase(BuiltinKeywords.groovy:310)
	at jdk.internal.reflect.GeneratedMethodAccessor29.invoke(Unknown Source)
	at java.base/jdk.internal.reflect.DelegatingMethodAccessorImpl.invoke(DelegatingMethodAccessorImpl.java:43)
	at Set Admin Info.run(Set Admin Info:81)
	at com.kms.katalon.core.main.ScriptEngine.run(ScriptEngine.java:194)
	at com.kms.katalon.core.main.ScriptEngine.runScriptAsRawText(ScriptEngine.java:119)
	at com.kms.katalon.core.main.TestCaseExecutor.runScript(TestCaseExecutor.java:448)
	at com.kms.katalon.core.main.TestCaseExecutor.doExecute(TestCaseExecutor.java:439)
	at com.kms.katalon.core.main.TestCaseExecutor.processExecutionPhase(TestCaseExecutor.java:418)
	at com.kms.katalon.core.main.TestCaseExecutor.accessMainPhase(TestCaseExecutor.java:410)
	at com.kms.katalon.core.main.TestCaseExecutor.execute(TestCaseExecutor.java:285)
	at com.kms.katalon.core.main.TestCaseMain.runTestCase(TestCaseMain.java:137)
	at com.kms.katalon.core.keyword.builtin.CallTestCaseKeyword$_callTestCase_closure1.doCall(CallTestCaseKeyword.groovy:59)
	... 42 more
Caused by: com.kms.katalon.core.webui.exception.WebElementNotFoundException: Web element with id: 'Object Repository/Education Partner Profile/Tabs/a_Admin Info' located by '//a[@id='ui-id-7']' not found
	at com.kms.katalon.core.webui.common.WebUiCommonHelper.findWebElement(WebUiCommonHelper.java:1423)
	at Perform Action.run(Perform Action:32)
	at com.kms.katalon.core.main.ScriptEngine.run(ScriptEngine.java:194)
	at com.kms.katalon.core.main.ScriptEngine.runScriptAsRawText(ScriptEngine.java:119)
	at com.kms.katalon.core.main.TestCaseExecutor.runScript(TestCaseExecutor.java:448)
	at com.kms.katalon.core.main.TestCaseExecutor.doExecute(TestCaseExecutor.java:439)
	at com.kms.katalon.core.main.TestCaseExecutor.processExecutionPhase(TestCaseExecutor.java:418)
	at com.kms.katalon.core.main.TestCaseExecutor.accessMainPhase(TestCaseExecutor.java:410)
	at com.kms.katalon.core.main.TestCaseExecutor.execute(TestCaseExecutor.java:285)
	at com.kms.katalon.core.main.TestCaseMain.runTestCase(TestCaseMain.java:137)
	at com.kms.katalon.core.keyword.builtin.CallTestCaseKeyword$_callTestCase_closure1.doCall(CallTestCaseKeyword.groovy:59)
	... 60 more
)

27-02-2025T17:31:01 - [MESSAGE][ERROR] - Test Cases/Education Partner Profile/Complete Education Partner Profile FAILED.
Reason:
com.kms.katalon.core.exception.StepErrorException: Call Test Case 'Test Cases/Education Partner Profile/Tabs/Set Admin Info' failed because of error(s)
	at com.kms.katalon.core.keyword.builtin.CallTestCaseKeyword$_callTestCase_closure1.doCall(CallTestCaseKeyword.groovy:66)
	at com.kms.katalon.core.keyword.builtin.CallTestCaseKeyword$_callTestCase_closure1.call(CallTestCaseKeyword.groovy)
	at com.kms.katalon.core.keyword.internal.KeywordMain.runKeyword(KeywordMain.groovy:75)
	at com.kms.katalon.core.keyword.builtin.CallTestCaseKeyword.callTestCase(CallTestCaseKeyword.groovy:81)
	at com.kms.katalon.core.keyword.builtin.CallTestCaseKeyword.execute(CallTestCaseKeyword.groovy:44)
	at com.kms.katalon.core.keyword.internal.KeywordExecutor.executeKeywordForPlatform(KeywordExecutor.groovy:74)
	at com.kms.katalon.core.keyword.BuiltinKeywords.callTestCase(BuiltinKeywords.groovy:310)
	at jdk.internal.reflect.GeneratedMethodAccessor29.invoke(Unknown Source)
	at java.base/jdk.internal.reflect.DelegatingMethodAccessorImpl.invoke(DelegatingMethodAccessorImpl.java:43)
	at Complete Education Partner Profile.run(Complete Education Partner Profile:226)
	at com.kms.katalon.core.main.ScriptEngine.run(ScriptEngine.java:194)
	at com.kms.katalon.core.main.ScriptEngine.runScriptAsRawText(ScriptEngine.java:119)
	at com.kms.katalon.core.main.TestCaseExecutor.runScript(TestCaseExecutor.java:448)
	at com.kms.katalon.core.main.TestCaseExecutor.doExecute(TestCaseExecutor.java:439)
	at com.kms.katalon.core.main.TestCaseExecutor.processExecutionPhase(TestCaseExecutor.java:418)
	at com.kms.katalon.core.main.TestCaseExecutor.accessMainPhase(TestCaseExecutor.java:410)
	at com.kms.katalon.core.main.TestCaseExecutor.execute(TestCaseExecutor.java:285)
	at com.kms.katalon.core.main.TestCaseMain.runTestCase(TestCaseMain.java:137)
	at com.kms.katalon.core.keyword.builtin.CallTestCaseKeyword$_callTestCase_closure1.doCall(CallTestCaseKeyword.groovy:59)
	at com.kms.katalon.core.keyword.builtin.CallTestCaseKeyword$_callTestCase_closure1.call(CallTestCaseKeyword.groovy)
	at com.kms.katalon.core.keyword.internal.KeywordMain.runKeyword(KeywordMain.groovy:75)
	at com.kms.katalon.core.keyword.builtin.CallTestCaseKeyword.callTestCase(CallTestCaseKeyword.groovy:81)
	at com.kms.katalon.core.keyword.builtin.CallTestCaseKeyword.execute(CallTestCaseKeyword.groovy:44)
	at com.kms.katalon.core.keyword.internal.KeywordExecutor.executeKeywordForPlatform(KeywordExecutor.groovy:74)
	at com.kms.katalon.core.keyword.BuiltinKeywords.callTestCase(BuiltinKeywords.groovy:310)
	at jdk.internal.reflect.GeneratedMethodAccessor29.invoke(Unknown Source)
	at java.base/jdk.internal.reflect.DelegatingMethodAccessorImpl.invoke(DelegatingMethodAccessorImpl.java:43)
	at Register Education Partner.run(Register Education Partner:403)
	at com.kms.katalon.core.main.ScriptEngine.run(ScriptEngine.java:194)
	at com.kms.katalon.core.main.ScriptEngine.runScriptAsRawText(ScriptEngine.java:119)
	at com.kms.katalon.core.main.TestCaseExecutor.runScript(TestCaseExecutor.java:448)
	at com.kms.katalon.core.main.TestCaseExecutor.doExecute(TestCaseExecutor.java:439)
	at com.kms.katalon.core.main.TestCaseExecutor.processExecutionPhase(TestCaseExecutor.java:418)
	at com.kms.katalon.core.main.TestCaseExecutor.accessMainPhase(TestCaseExecutor.java:410)
	at com.kms.katalon.core.main.TestCaseExecutor.execute(TestCaseExecutor.java:285)
	at com.kms.katalon.core.common.CommonExecutor.accessTestCaseMainPhase(CommonExecutor.java:65)
	at com.kms.katalon.core.main.TestSuiteExecutor.accessTestSuiteMainPhase(TestSuiteExecutor.java:150)
	at com.kms.katalon.core.main.TestSuiteExecutor.execute(TestSuiteExecutor.java:106)
	at com.kms.katalon.core.main.TestCaseMain.startTestSuite(TestCaseMain.java:180)
	at TempTestSuite1740698292669.run(TempTestSuite1740698292669.groovy:35)
	at java.base/jdk.internal.reflect.NativeMethodAccessorImpl.invoke0(Native Method)
	at java.base/jdk.internal.reflect.NativeMethodAccessorImpl.invoke(NativeMethodAccessorImpl.java:77)
	at java.base/jdk.internal.reflect.DelegatingMethodAccessorImpl.invoke(DelegatingMethodAccessorImpl.java:43)
Caused by: com.kms.katalon.core.exception.StepErrorException: Call Test Case 'Test Cases/_Functions/Perform Action' failed because of error(s)
	at com.kms.katalon.core.keyword.builtin.CallTestCaseKeyword$_callTestCase_closure1.doCall(CallTestCaseKeyword.groovy:66)
	at com.kms.katalon.core.keyword.builtin.CallTestCaseKeyword$_callTestCase_closure1.call(CallTestCaseKeyword.groovy)
	at com.kms.katalon.core.keyword.internal.KeywordMain.runKeyword(KeywordMain.groovy:75)
	at com.kms.katalon.core.keyword.builtin.CallTestCaseKeyword.callTestCase(CallTestCaseKeyword.groovy:81)
	at com.kms.katalon.core.keyword.builtin.CallTestCaseKeyword.execute(CallTestCaseKeyword.groovy:44)
	at com.kms.katalon.core.keyword.internal.KeywordExecutor.executeKeywordForPlatform(KeywordExecutor.groovy:74)
	at com.kms.katalon.core.keyword.BuiltinKeywords.callTestCase(BuiltinKeywords.groovy:310)
	at jdk.internal.reflect.GeneratedMethodAccessor29.invoke(Unknown Source)
	at java.base/jdk.internal.reflect.DelegatingMethodAccessorImpl.invoke(DelegatingMethodAccessorImpl.java:43)
	at Set Admin Info.run(Set Admin Info:81)
	at com.kms.katalon.core.main.ScriptEngine.run(ScriptEngine.java:194)
	at com.kms.katalon.core.main.ScriptEngine.runScriptAsRawText(ScriptEngine.java:119)
	at com.kms.katalon.core.main.TestCaseExecutor.runScript(TestCaseExecutor.java:448)
	at com.kms.katalon.core.main.TestCaseExecutor.doExecute(TestCaseExecutor.java:439)
	at com.kms.katalon.core.main.TestCaseExecutor.processExecutionPhase(TestCaseExecutor.java:418)
	at com.kms.katalon.core.main.TestCaseExecutor.accessMainPhase(TestCaseExecutor.java:410)
	at com.kms.katalon.core.main.TestCaseExecutor.execute(TestCaseExecutor.java:285)
	at com.kms.katalon.core.main.TestCaseMain.runTestCase(TestCaseMain.java:137)
	at com.kms.katalon.core.keyword.builtin.CallTestCaseKeyword$_callTestCase_closure1.doCall(CallTestCaseKeyword.groovy:59)
	... 42 more
Caused by: com.kms.katalon.core.webui.exception.WebElementNotFoundException: Web element with id: 'Object Repository/Education Partner Profile/Tabs/a_Admin Info' located by '//a[@id='ui-id-7']' not found
	at com.kms.katalon.core.webui.common.WebUiCommonHelper.findWebElement(WebUiCommonHelper.java:1423)
	at Perform Action.run(Perform Action:32)
	at com.kms.katalon.core.main.ScriptEngine.run(ScriptEngine.java:194)
	at com.kms.katalon.core.main.ScriptEngine.runScriptAsRawText(ScriptEngine.java:119)
	at com.kms.katalon.core.main.TestCaseExecutor.runScript(TestCaseExecutor.java:448)
	at com.kms.katalon.core.main.TestCaseExecutor.doExecute(TestCaseExecutor.java:439)
	at com.kms.katalon.core.main.TestCaseExecutor.processExecutionPhase(TestCaseExecutor.java:418)
	at com.kms.katalon.core.main.TestCaseExecutor.accessMainPhase(TestCaseExecutor.java:410)
	at com.kms.katalon.core.main.TestCaseExecutor.execute(TestCaseExecutor.java:285)
	at com.kms.katalon.core.main.TestCaseMain.runTestCase(TestCaseMain.java:137)
	at com.kms.katalon.core.keyword.builtin.CallTestCaseKeyword$_callTestCase_closure1.doCall(CallTestCaseKeyword.groovy:59)
	... 60 more


27-02-2025T17:31:01 - [MESSAGE][FAILED] - Unable to call Test Case 'Test Cases/Education Partner Profile/Complete Education Partner Profile' (Root cause: com.kms.katalon.core.exception.StepErrorException: Call Test Case 'Test Cases/Education Partner Profile/Complete Education Partner Profile' failed because of error(s)
	at com.kms.katalon.core.keyword.builtin.CallTestCaseKeyword$_callTestCase_closure1.doCall(CallTestCaseKeyword.groovy:66)
	at com.kms.katalon.core.keyword.builtin.CallTestCaseKeyword$_callTestCase_closure1.call(CallTestCaseKeyword.groovy)
	at com.kms.katalon.core.keyword.internal.KeywordMain.runKeyword(KeywordMain.groovy:75)
	at com.kms.katalon.core.keyword.builtin.CallTestCaseKeyword.callTestCase(CallTestCaseKeyword.groovy:81)
	at com.kms.katalon.core.keyword.builtin.CallTestCaseKeyword.execute(CallTestCaseKeyword.groovy:44)
	at com.kms.katalon.core.keyword.internal.KeywordExecutor.executeKeywordForPlatform(KeywordExecutor.groovy:74)
	at com.kms.katalon.core.keyword.BuiltinKeywords.callTestCase(BuiltinKeywords.groovy:310)
	at jdk.internal.reflect.GeneratedMethodAccessor29.invoke(Unknown Source)
	at java.base/jdk.internal.reflect.DelegatingMethodAccessorImpl.invoke(DelegatingMethodAccessorImpl.java:43)
	at Register Education Partner.run(Register Education Partner:403)
	at com.kms.katalon.core.main.ScriptEngine.run(ScriptEngine.java:194)
	at com.kms.katalon.core.main.ScriptEngine.runScriptAsRawText(ScriptEngine.java:119)
	at com.kms.katalon.core.main.TestCaseExecutor.runScript(TestCaseExecutor.java:448)
	at com.kms.katalon.core.main.TestCaseExecutor.doExecute(TestCaseExecutor.java:439)
	at com.kms.katalon.core.main.TestCaseExecutor.processExecutionPhase(TestCaseExecutor.java:418)
	at com.kms.katalon.core.main.TestCaseExecutor.accessMainPhase(TestCaseExecutor.java:410)
	at com.kms.katalon.core.main.TestCaseExecutor.execute(TestCaseExecutor.java:285)
	at com.kms.katalon.core.common.CommonExecutor.accessTestCaseMainPhase(CommonExecutor.java:65)
	at com.kms.katalon.core.main.TestSuiteExecutor.accessTestSuiteMainPhase(TestSuiteExecutor.java:150)
	at com.kms.katalon.core.main.TestSuiteExecutor.execute(TestSuiteExecutor.java:106)
	at com.kms.katalon.core.main.TestCaseMain.startTestSuite(TestCaseMain.java:180)
	at TempTestSuite1740698292669.run(TempTestSuite1740698292669.groovy:35)
	at java.base/jdk.internal.reflect.NativeMethodAccessorImpl.invoke0(Native Method)
	at java.base/jdk.internal.reflect.NativeMethodAccessorImpl.invoke(NativeMethodAccessorImpl.java:77)
	at java.base/jdk.internal.reflect.DelegatingMethodAccessorImpl.invoke(DelegatingMethodAccessorImpl.java:43)
Caused by: com.kms.katalon.core.exception.StepErrorException: Call Test Case 'Test Cases/Education Partner Profile/Tabs/Set Admin Info' failed because of error(s)
	at com.kms.katalon.core.keyword.builtin.CallTestCaseKeyword$_callTestCase_closure1.doCall(CallTestCaseKeyword.groovy:66)
	at com.kms.katalon.core.keyword.builtin.CallTestCaseKeyword$_callTestCase_closure1.call(CallTestCaseKeyword.groovy)
	at com.kms.katalon.core.keyword.internal.KeywordMain.runKeyword(KeywordMain.groovy:75)
	at com.kms.katalon.core.keyword.builtin.CallTestCaseKeyword.callTestCase(CallTestCaseKeyword.groovy:81)
	at com.kms.katalon.core.keyword.builtin.CallTestCaseKeyword.execute(CallTestCaseKeyword.groovy:44)
	at com.kms.katalon.core.keyword.internal.KeywordExecutor.executeKeywordForPlatform(KeywordExecutor.groovy:74)
	at com.kms.katalon.core.keyword.BuiltinKeywords.callTestCase(BuiltinKeywords.groovy:310)
	at jdk.internal.reflect.GeneratedMethodAccessor29.invoke(Unknown Source)
	at java.base/jdk.internal.reflect.DelegatingMethodAccessorImpl.invoke(DelegatingMethodAccessorImpl.java:43)
	at Complete Education Partner Profile.run(Complete Education Partner Profile:226)
	at com.kms.katalon.core.main.ScriptEngine.run(ScriptEngine.java:194)
	at com.kms.katalon.core.main.ScriptEngine.runScriptAsRawText(ScriptEngine.java:119)
	at com.kms.katalon.core.main.TestCaseExecutor.runScript(TestCaseExecutor.java:448)
	at com.kms.katalon.core.main.TestCaseExecutor.doExecute(TestCaseExecutor.java:439)
	at com.kms.katalon.core.main.TestCaseExecutor.processExecutionPhase(TestCaseExecutor.java:418)
	at com.kms.katalon.core.main.TestCaseExecutor.accessMainPhase(TestCaseExecutor.java:410)
	at com.kms.katalon.core.main.TestCaseExecutor.execute(TestCaseExecutor.java:285)
	at com.kms.katalon.core.main.TestCaseMain.runTestCase(TestCaseMain.java:137)
	at com.kms.katalon.core.keyword.builtin.CallTestCaseKeyword$_callTestCase_closure1.doCall(CallTestCaseKeyword.groovy:59)
	... 24 more
Caused by: com.kms.katalon.core.exception.StepErrorException: Call Test Case 'Test Cases/_Functions/Perform Action' failed because of error(s)
	at com.kms.katalon.core.keyword.builtin.CallTestCaseKeyword$_callTestCase_closure1.doCall(CallTestCaseKeyword.groovy:66)
	at com.kms.katalon.core.keyword.builtin.CallTestCaseKeyword$_callTestCase_closure1.call(CallTestCaseKeyword.groovy)
	at com.kms.katalon.core.keyword.internal.KeywordMain.runKeyword(KeywordMain.groovy:75)
	at com.kms.katalon.core.keyword.builtin.CallTestCaseKeyword.callTestCase(CallTestCaseKeyword.groovy:81)
	at com.kms.katalon.core.keyword.builtin.CallTestCaseKeyword.execute(CallTestCaseKeyword.groovy:44)
	at com.kms.katalon.core.keyword.internal.KeywordExecutor.executeKeywordForPlatform(KeywordExecutor.groovy:74)
	at com.kms.katalon.core.keyword.BuiltinKeywords.callTestCase(BuiltinKeywords.groovy:310)
	at jdk.internal.reflect.GeneratedMethodAccessor29.invoke(Unknown Source)
	at java.base/jdk.internal.reflect.DelegatingMethodAccessorImpl.invoke(DelegatingMethodAccessorImpl.java:43)
	at Set Admin Info.run(Set Admin Info:81)
	at com.kms.katalon.core.main.ScriptEngine.run(ScriptEngine.java:194)
	at com.kms.katalon.core.main.ScriptEngine.runScriptAsRawText(ScriptEngine.java:119)
	at com.kms.katalon.core.main.TestCaseExecutor.runScript(TestCaseExecutor.java:448)
	at com.kms.katalon.core.main.TestCaseExecutor.doExecute(TestCaseExecutor.java:439)
	at com.kms.katalon.core.main.TestCaseExecutor.processExecutionPhase(TestCaseExecutor.java:418)
	at com.kms.katalon.core.main.TestCaseExecutor.accessMainPhase(TestCaseExecutor.java:410)
	at com.kms.katalon.core.main.TestCaseExecutor.execute(TestCaseExecutor.java:285)
	at com.kms.katalon.core.main.TestCaseMain.runTestCase(TestCaseMain.java:137)
	at com.kms.katalon.core.keyword.builtin.CallTestCaseKeyword$_callTestCase_closure1.doCall(CallTestCaseKeyword.groovy:59)
	... 42 more
Caused by: com.kms.katalon.core.webui.exception.WebElementNotFoundException: Web element with id: 'Object Repository/Education Partner Profile/Tabs/a_Admin Info' located by '//a[@id='ui-id-7']' not found
	at com.kms.katalon.core.webui.common.WebUiCommonHelper.findWebElement(WebUiCommonHelper.java:1423)
	at Perform Action.run(Perform Action:32)
	at com.kms.katalon.core.main.ScriptEngine.run(ScriptEngine.java:194)
	at com.kms.katalon.core.main.ScriptEngine.runScriptAsRawText(ScriptEngine.java:119)
	at com.kms.katalon.core.main.TestCaseExecutor.runScript(TestCaseExecutor.java:448)
	at com.kms.katalon.core.main.TestCaseExecutor.doExecute(TestCaseExecutor.java:439)
	at com.kms.katalon.core.main.TestCaseExecutor.processExecutionPhase(TestCaseExecutor.java:418)
	at com.kms.katalon.core.main.TestCaseExecutor.accessMainPhase(TestCaseExecutor.java:410)
	at com.kms.katalon.core.main.TestCaseExecutor.execute(TestCaseExecutor.java:285)
	at com.kms.katalon.core.main.TestCaseMain.runTestCase(TestCaseMain.java:137)
	at com.kms.katalon.core.keyword.builtin.CallTestCaseKeyword$_callTestCase_closure1.doCall(CallTestCaseKeyword.groovy:59)
	... 60 more
)

27-02-2025T17:31:01 - [MESSAGE][ERROR] - Test Cases/Education Partner Profile/Register Education Partner FAILED.
Reason:
com.kms.katalon.core.exception.StepErrorException: Call Test Case 'Test Cases/Education Partner Profile/Complete Education Partner Profile' failed because of error(s)
	at com.kms.katalon.core.keyword.builtin.CallTestCaseKeyword$_callTestCase_closure1.doCall(CallTestCaseKeyword.groovy:66)
	at com.kms.katalon.core.keyword.builtin.CallTestCaseKeyword$_callTestCase_closure1.call(CallTestCaseKeyword.groovy)
	at com.kms.katalon.core.keyword.internal.KeywordMain.runKeyword(KeywordMain.groovy:75)
	at com.kms.katalon.core.keyword.builtin.CallTestCaseKeyword.callTestCase(CallTestCaseKeyword.groovy:81)
	at com.kms.katalon.core.keyword.builtin.CallTestCaseKeyword.execute(CallTestCaseKeyword.groovy:44)
	at com.kms.katalon.core.keyword.internal.KeywordExecutor.executeKeywordForPlatform(KeywordExecutor.groovy:74)
	at com.kms.katalon.core.keyword.BuiltinKeywords.callTestCase(BuiltinKeywords.groovy:310)
	at jdk.internal.reflect.GeneratedMethodAccessor29.invoke(Unknown Source)
	at java.base/jdk.internal.reflect.DelegatingMethodAccessorImpl.invoke(DelegatingMethodAccessorImpl.java:43)
	at Register Education Partner.run(Register Education Partner:403)
	at com.kms.katalon.core.main.ScriptEngine.run(ScriptEngine.java:194)
	at com.kms.katalon.core.main.ScriptEngine.runScriptAsRawText(ScriptEngine.java:119)
	at com.kms.katalon.core.main.TestCaseExecutor.runScript(TestCaseExecutor.java:448)
	at com.kms.katalon.core.main.TestCaseExecutor.doExecute(TestCaseExecutor.java:439)
	at com.kms.katalon.core.main.TestCaseExecutor.processExecutionPhase(TestCaseExecutor.java:418)
	at com.kms.katalon.core.main.TestCaseExecutor.accessMainPhase(TestCaseExecutor.java:410)
	at com.kms.katalon.core.main.TestCaseExecutor.execute(TestCaseExecutor.java:285)
	at com.kms.katalon.core.common.CommonExecutor.accessTestCaseMainPhase(CommonExecutor.java:65)
	at com.kms.katalon.core.main.TestSuiteExecutor.accessTestSuiteMainPhase(TestSuiteExecutor.java:150)
	at com.kms.katalon.core.main.TestSuiteExecutor.execute(TestSuiteExecutor.java:106)
	at com.kms.katalon.core.main.TestCaseMain.startTestSuite(TestCaseMain.java:180)
	at TempTestSuite1740698292669.run(TempTestSuite1740698292669.groovy:35)
	at java.base/jdk.internal.reflect.NativeMethodAccessorImpl.invoke0(Native Method)
	at java.base/jdk.internal.reflect.NativeMethodAccessorImpl.invoke(NativeMethodAccessorImpl.java:77)
	at java.base/jdk.internal.reflect.DelegatingMethodAccessorImpl.invoke(DelegatingMethodAccessorImpl.java:43)
Caused by: com.kms.katalon.core.exception.StepErrorException: Call Test Case 'Test Cases/Education Partner Profile/Tabs/Set Admin Info' failed because of error(s)
	at com.kms.katalon.core.keyword.builtin.CallTestCaseKeyword$_callTestCase_closure1.doCall(CallTestCaseKeyword.groovy:66)
	at com.kms.katalon.core.keyword.builtin.CallTestCaseKeyword$_callTestCase_closure1.call(CallTestCaseKeyword.groovy)
	at com.kms.katalon.core.keyword.internal.KeywordMain.runKeyword(KeywordMain.groovy:75)
	at com.kms.katalon.core.keyword.builtin.CallTestCaseKeyword.callTestCase(CallTestCaseKeyword.groovy:81)
	at com.kms.katalon.core.keyword.builtin.CallTestCaseKeyword.execute(CallTestCaseKeyword.groovy:44)
	at com.kms.katalon.core.keyword.internal.KeywordExecutor.executeKeywordForPlatform(KeywordExecutor.groovy:74)
	at com.kms.katalon.core.keyword.BuiltinKeywords.callTestCase(BuiltinKeywords.groovy:310)
	at jdk.internal.reflect.GeneratedMethodAccessor29.invoke(Unknown Source)
	at java.base/jdk.internal.reflect.DelegatingMethodAccessorImpl.invoke(DelegatingMethodAccessorImpl.java:43)
	at Complete Education Partner Profile.run(Complete Education Partner Profile:226)
	at com.kms.katalon.core.main.ScriptEngine.run(ScriptEngine.java:194)
	at com.kms.katalon.core.main.ScriptEngine.runScriptAsRawText(ScriptEngine.java:119)
	at com.kms.katalon.core.main.TestCaseExecutor.runScript(TestCaseExecutor.java:448)
	at com.kms.katalon.core.main.TestCaseExecutor.doExecute(TestCaseExecutor.java:439)
	at com.kms.katalon.core.main.TestCaseExecutor.processExecutionPhase(TestCaseExecutor.java:418)
	at com.kms.katalon.core.main.TestCaseExecutor.accessMainPhase(TestCaseExecutor.java:410)
	at com.kms.katalon.core.main.TestCaseExecutor.execute(TestCaseExecutor.java:285)
	at com.kms.katalon.core.main.TestCaseMain.runTestCase(TestCaseMain.java:137)
	at com.kms.katalon.core.keyword.builtin.CallTestCaseKeyword$_callTestCase_closure1.doCall(CallTestCaseKeyword.groovy:59)
	... 24 more
Caused by: com.kms.katalon.core.exception.StepErrorException: Call Test Case 'Test Cases/_Functions/Perform Action' failed because of error(s)
	at com.kms.katalon.core.keyword.builtin.CallTestCaseKeyword$_callTestCase_closure1.doCall(CallTestCaseKeyword.groovy:66)
	at com.kms.katalon.core.keyword.builtin.CallTestCaseKeyword$_callTestCase_closure1.call(CallTestCaseKeyword.groovy)
	at com.kms.katalon.core.keyword.internal.KeywordMain.runKeyword(KeywordMain.groovy:75)
	at com.kms.katalon.core.keyword.builtin.CallTestCaseKeyword.callTestCase(CallTestCaseKeyword.groovy:81)
	at com.kms.katalon.core.keyword.builtin.CallTestCaseKeyword.execute(CallTestCaseKeyword.groovy:44)
	at com.kms.katalon.core.keyword.internal.KeywordExecutor.executeKeywordForPlatform(KeywordExecutor.groovy:74)
	at com.kms.katalon.core.keyword.BuiltinKeywords.callTestCase(BuiltinKeywords.groovy:310)
	at jdk.internal.reflect.GeneratedMethodAccessor29.invoke(Unknown Source)
	at java.base/jdk.internal.reflect.DelegatingMethodAccessorImpl.invoke(DelegatingMethodAccessorImpl.java:43)
	at Set Admin Info.run(Set Admin Info:81)
	at com.kms.katalon.core.main.ScriptEngine.run(ScriptEngine.java:194)
	at com.kms.katalon.core.main.ScriptEngine.runScriptAsRawText(ScriptEngine.java:119)
	at com.kms.katalon.core.main.TestCaseExecutor.runScript(TestCaseExecutor.java:448)
	at com.kms.katalon.core.main.TestCaseExecutor.doExecute(TestCaseExecutor.java:439)
	at com.kms.katalon.core.main.TestCaseExecutor.processExecutionPhase(TestCaseExecutor.java:418)
	at com.kms.katalon.core.main.TestCaseExecutor.accessMainPhase(TestCaseExecutor.java:410)
	at com.kms.katalon.core.main.TestCaseExecutor.execute(TestCaseExecutor.java:285)
	at com.kms.katalon.core.main.TestCaseMain.runTestCase(TestCaseMain.java:137)
	at com.kms.katalon.core.keyword.builtin.CallTestCaseKeyword$_callTestCase_closure1.doCall(CallTestCaseKeyword.groovy:59)
	... 42 more
Caused by: com.kms.katalon.core.webui.exception.WebElementNotFoundException: Web element with id: 'Object Repository/Education Partner Profile/Tabs/a_Admin Info' located by '//a[@id='ui-id-7']' not found
	at com.kms.katalon.core.webui.common.WebUiCommonHelper.findWebElement(WebUiCommonHelper.java:1423)
	at Perform Action.run(Perform Action:32)
	at com.kms.katalon.core.main.ScriptEngine.run(ScriptEngine.java:194)
	at com.kms.katalon.core.main.ScriptEngine.runScriptAsRawText(ScriptEngine.java:119)
	at com.kms.katalon.core.main.TestCaseExecutor.runScript(TestCaseExecutor.java:448)
	at com.kms.katalon.core.main.TestCaseExecutor.doExecute(TestCaseExecutor.java:439)
	at com.kms.katalon.core.main.TestCaseExecutor.processExecutionPhase(TestCaseExecutor.java:418)
	at com.kms.katalon.core.main.TestCaseExecutor.accessMainPhase(TestCaseExecutor.java:410)
	at com.kms.katalon.core.main.TestCaseExecutor.execute(TestCaseExecutor.java:285)
	at com.kms.katalon.core.main.TestCaseMain.runTestCase(TestCaseMain.java:137)
	at com.kms.katalon.core.keyword.builtin.CallTestCaseKeyword$_callTestCase_closure1.doCall(CallTestCaseKeyword.groovy:59)
	... 60 more]]></system-out>
         <system-err><![CDATA[27-02-2025T17:25:14 - [TEST_CASE][ERROR] - Test Cases/Education Partner Profile/Register Education Partner: Test Cases/Education Partner Profile/Register Education Partner FAILED.
Reason:
com.kms.katalon.core.exception.StepErrorException: Call Test Case 'Test Cases/Education Partner Profile/Complete Education Partner Profile' failed because of error(s)
	at com.kms.katalon.core.keyword.builtin.CallTestCaseKeyword$_callTestCase_closure1.doCall(CallTestCaseKeyword.groovy:66)
	at com.kms.katalon.core.keyword.builtin.CallTestCaseKeyword$_callTestCase_closure1.call(CallTestCaseKeyword.groovy)
	at com.kms.katalon.core.keyword.internal.KeywordMain.runKeyword(KeywordMain.groovy:75)
	at com.kms.katalon.core.keyword.builtin.CallTestCaseKeyword.callTestCase(CallTestCaseKeyword.groovy:81)
	at com.kms.katalon.core.keyword.builtin.CallTestCaseKeyword.execute(CallTestCaseKeyword.groovy:44)
	at com.kms.katalon.core.keyword.internal.KeywordExecutor.executeKeywordForPlatform(KeywordExecutor.groovy:74)
	at com.kms.katalon.core.keyword.BuiltinKeywords.callTestCase(BuiltinKeywords.groovy:310)
	at jdk.internal.reflect.GeneratedMethodAccessor29.invoke(Unknown Source)
	at java.base/jdk.internal.reflect.DelegatingMethodAccessorImpl.invoke(DelegatingMethodAccessorImpl.java:43)
	at Register Education Partner.run(Register Education Partner:403)
	at com.kms.katalon.core.main.ScriptEngine.run(ScriptEngine.java:194)
	at com.kms.katalon.core.main.ScriptEngine.runScriptAsRawText(ScriptEngine.java:119)
	at com.kms.katalon.core.main.TestCaseExecutor.runScript(TestCaseExecutor.java:448)
	at com.kms.katalon.core.main.TestCaseExecutor.doExecute(TestCaseExecutor.java:439)
	at com.kms.katalon.core.main.TestCaseExecutor.processExecutionPhase(TestCaseExecutor.java:418)
	at com.kms.katalon.core.main.TestCaseExecutor.accessMainPhase(TestCaseExecutor.java:410)
	at com.kms.katalon.core.main.TestCaseExecutor.execute(TestCaseExecutor.java:285)
	at com.kms.katalon.core.common.CommonExecutor.accessTestCaseMainPhase(CommonExecutor.java:65)
	at com.kms.katalon.core.main.TestSuiteExecutor.accessTestSuiteMainPhase(TestSuiteExecutor.java:150)
	at com.kms.katalon.core.main.TestSuiteExecutor.execute(TestSuiteExecutor.java:106)
	at com.kms.katalon.core.main.TestCaseMain.startTestSuite(TestCaseMain.java:180)
	at TempTestSuite1740698292669.run(TempTestSuite1740698292669.groovy:35)
	at java.base/jdk.internal.reflect.NativeMethodAccessorImpl.invoke0(Native Method)
	at java.base/jdk.internal.reflect.NativeMethodAccessorImpl.invoke(NativeMethodAccessorImpl.java:77)
	at java.base/jdk.internal.reflect.DelegatingMethodAccessorImpl.invoke(DelegatingMethodAccessorImpl.java:43)
Caused by: com.kms.katalon.core.exception.StepErrorException: Call Test Case 'Test Cases/Education Partner Profile/Tabs/Set Admin Info' failed because of error(s)
	at com.kms.katalon.core.keyword.builtin.CallTestCaseKeyword$_callTestCase_closure1.doCall(CallTestCaseKeyword.groovy:66)
	at com.kms.katalon.core.keyword.builtin.CallTestCaseKeyword$_callTestCase_closure1.call(CallTestCaseKeyword.groovy)
	at com.kms.katalon.core.keyword.internal.KeywordMain.runKeyword(KeywordMain.groovy:75)
	at com.kms.katalon.core.keyword.builtin.CallTestCaseKeyword.callTestCase(CallTestCaseKeyword.groovy:81)
	at com.kms.katalon.core.keyword.builtin.CallTestCaseKeyword.execute(CallTestCaseKeyword.groovy:44)
	at com.kms.katalon.core.keyword.internal.KeywordExecutor.executeKeywordForPlatform(KeywordExecutor.groovy:74)
	at com.kms.katalon.core.keyword.BuiltinKeywords.callTestCase(BuiltinKeywords.groovy:310)
	at jdk.internal.reflect.GeneratedMethodAccessor29.invoke(Unknown Source)
	at java.base/jdk.internal.reflect.DelegatingMethodAccessorImpl.invoke(DelegatingMethodAccessorImpl.java:43)
	at Complete Education Partner Profile.run(Complete Education Partner Profile:226)
	at com.kms.katalon.core.main.ScriptEngine.run(ScriptEngine.java:194)
	at com.kms.katalon.core.main.ScriptEngine.runScriptAsRawText(ScriptEngine.java:119)
	at com.kms.katalon.core.main.TestCaseExecutor.runScript(TestCaseExecutor.java:448)
	at com.kms.katalon.core.main.TestCaseExecutor.doExecute(TestCaseExecutor.java:439)
	at com.kms.katalon.core.main.TestCaseExecutor.processExecutionPhase(TestCaseExecutor.java:418)
	at com.kms.katalon.core.main.TestCaseExecutor.accessMainPhase(TestCaseExecutor.java:410)
	at com.kms.katalon.core.main.TestCaseExecutor.execute(TestCaseExecutor.java:285)
	at com.kms.katalon.core.main.TestCaseMain.runTestCase(TestCaseMain.java:137)
	at com.kms.katalon.core.keyword.builtin.CallTestCaseKeyword$_callTestCase_closure1.doCall(CallTestCaseKeyword.groovy:59)
	... 24 more
Caused by: com.kms.katalon.core.exception.StepErrorException: Call Test Case 'Test Cases/_Functions/Perform Action' failed because of error(s)
	at com.kms.katalon.core.keyword.builtin.CallTestCaseKeyword$_callTestCase_closure1.doCall(CallTestCaseKeyword.groovy:66)
	at com.kms.katalon.core.keyword.builtin.CallTestCaseKeyword$_callTestCase_closure1.call(CallTestCaseKeyword.groovy)
	at com.kms.katalon.core.keyword.internal.KeywordMain.runKeyword(KeywordMain.groovy:75)
	at com.kms.katalon.core.keyword.builtin.CallTestCaseKeyword.callTestCase(CallTestCaseKeyword.groovy:81)
	at com.kms.katalon.core.keyword.builtin.CallTestCaseKeyword.execute(CallTestCaseKeyword.groovy:44)
	at com.kms.katalon.core.keyword.internal.KeywordExecutor.executeKeywordForPlatform(KeywordExecutor.groovy:74)
	at com.kms.katalon.core.keyword.BuiltinKeywords.callTestCase(BuiltinKeywords.groovy:310)
	at jdk.internal.reflect.GeneratedMethodAccessor29.invoke(Unknown Source)
	at java.base/jdk.internal.reflect.DelegatingMethodAccessorImpl.invoke(DelegatingMethodAccessorImpl.java:43)
	at Set Admin Info.run(Set Admin Info:81)
	at com.kms.katalon.core.main.ScriptEngine.run(ScriptEngine.java:194)
	at com.kms.katalon.core.main.ScriptEngine.runScriptAsRawText(ScriptEngine.java:119)
	at com.kms.katalon.core.main.TestCaseExecutor.runScript(TestCaseExecutor.java:448)
	at com.kms.katalon.core.main.TestCaseExecutor.doExecute(TestCaseExecutor.java:439)
	at com.kms.katalon.core.main.TestCaseExecutor.processExecutionPhase(TestCaseExecutor.java:418)
	at com.kms.katalon.core.main.TestCaseExecutor.accessMainPhase(TestCaseExecutor.java:410)
	at com.kms.katalon.core.main.TestCaseExecutor.execute(TestCaseExecutor.java:285)
	at com.kms.katalon.core.main.TestCaseMain.runTestCase(TestCaseMain.java:137)
	at com.kms.katalon.core.keyword.builtin.CallTestCaseKeyword$_callTestCase_closure1.doCall(CallTestCaseKeyword.groovy:59)
	... 42 more
Caused by: com.kms.katalon.core.webui.exception.WebElementNotFoundException: Web element with id: 'Object Repository/Education Partner Profile/Tabs/a_Admin Info' located by '//a[@id='ui-id-7']' not found
	at com.kms.katalon.core.webui.common.WebUiCommonHelper.findWebElement(WebUiCommonHelper.java:1423)
	at Perform Action.run(Perform Action:32)
	at com.kms.katalon.core.main.ScriptEngine.run(ScriptEngine.java:194)
	at com.kms.katalon.core.main.ScriptEngine.runScriptAsRawText(ScriptEngine.java:119)
	at com.kms.katalon.core.main.TestCaseExecutor.runScript(TestCaseExecutor.java:448)
	at com.kms.katalon.core.main.TestCaseExecutor.doExecute(TestCaseExecutor.java:439)
	at com.kms.katalon.core.main.TestCaseExecutor.processExecutionPhase(TestCaseExecutor.java:418)
	at com.kms.katalon.core.main.TestCaseExecutor.accessMainPhase(TestCaseExecutor.java:410)
	at com.kms.katalon.core.main.TestCaseExecutor.execute(TestCaseExecutor.java:285)
	at com.kms.katalon.core.main.TestCaseMain.runTestCase(TestCaseMain.java:137)
	at com.kms.katalon.core.keyword.builtin.CallTestCaseKeyword$_callTestCase_closure1.doCall(CallTestCaseKeyword.groovy:59)
	... 60 more]]></system-err>
      </testcase>
      <system-out><![CDATA[27-02-2025T17:25:14 - [TEST_SUITE][ERROR] - Education Partner Test Suite: Test Cases/Education Partner Profile/Register Education Partner FAILED.
Reason:
com.kms.katalon.core.exception.StepErrorException: Call Test Case 'Test Cases/Education Partner Profile/Complete Education Partner Profile' failed because of error(s)
	at com.kms.katalon.core.keyword.builtin.CallTestCaseKeyword$_callTestCase_closure1.doCall(CallTestCaseKeyword.groovy:66)
	at com.kms.katalon.core.keyword.builtin.CallTestCaseKeyword$_callTestCase_closure1.call(CallTestCaseKeyword.groovy)
	at com.kms.katalon.core.keyword.internal.KeywordMain.runKeyword(KeywordMain.groovy:75)
	at com.kms.katalon.core.keyword.builtin.CallTestCaseKeyword.callTestCase(CallTestCaseKeyword.groovy:81)
	at com.kms.katalon.core.keyword.builtin.CallTestCaseKeyword.execute(CallTestCaseKeyword.groovy:44)
	at com.kms.katalon.core.keyword.internal.KeywordExecutor.executeKeywordForPlatform(KeywordExecutor.groovy:74)
	at com.kms.katalon.core.keyword.BuiltinKeywords.callTestCase(BuiltinKeywords.groovy:310)
	at jdk.internal.reflect.GeneratedMethodAccessor29.invoke(Unknown Source)
	at java.base/jdk.internal.reflect.DelegatingMethodAccessorImpl.invoke(DelegatingMethodAccessorImpl.java:43)
	at Register Education Partner.run(Register Education Partner:403)
	at com.kms.katalon.core.main.ScriptEngine.run(ScriptEngine.java:194)
	at com.kms.katalon.core.main.ScriptEngine.runScriptAsRawText(ScriptEngine.java:119)
	at com.kms.katalon.core.main.TestCaseExecutor.runScript(TestCaseExecutor.java:448)
	at com.kms.katalon.core.main.TestCaseExecutor.doExecute(TestCaseExecutor.java:439)
	at com.kms.katalon.core.main.TestCaseExecutor.processExecutionPhase(TestCaseExecutor.java:418)
	at com.kms.katalon.core.main.TestCaseExecutor.accessMainPhase(TestCaseExecutor.java:410)
	at com.kms.katalon.core.main.TestCaseExecutor.execute(TestCaseExecutor.java:285)
	at com.kms.katalon.core.common.CommonExecutor.accessTestCaseMainPhase(CommonExecutor.java:65)
	at com.kms.katalon.core.main.TestSuiteExecutor.accessTestSuiteMainPhase(TestSuiteExecutor.java:150)
	at com.kms.katalon.core.main.TestSuiteExecutor.execute(TestSuiteExecutor.java:106)
	at com.kms.katalon.core.main.TestCaseMain.startTestSuite(TestCaseMain.java:180)
	at TempTestSuite1740698292669.run(TempTestSuite1740698292669.groovy:35)
	at java.base/jdk.internal.reflect.NativeMethodAccessorImpl.invoke0(Native Method)
	at java.base/jdk.internal.reflect.NativeMethodAccessorImpl.invoke(NativeMethodAccessorImpl.java:77)
	at java.base/jdk.internal.reflect.DelegatingMethodAccessorImpl.invoke(DelegatingMethodAccessorImpl.java:43)
Caused by: com.kms.katalon.core.exception.StepErrorException: Call Test Case 'Test Cases/Education Partner Profile/Tabs/Set Admin Info' failed because of error(s)
	at com.kms.katalon.core.keyword.builtin.CallTestCaseKeyword$_callTestCase_closure1.doCall(CallTestCaseKeyword.groovy:66)
	at com.kms.katalon.core.keyword.builtin.CallTestCaseKeyword$_callTestCase_closure1.call(CallTestCaseKeyword.groovy)
	at com.kms.katalon.core.keyword.internal.KeywordMain.runKeyword(KeywordMain.groovy:75)
	at com.kms.katalon.core.keyword.builtin.CallTestCaseKeyword.callTestCase(CallTestCaseKeyword.groovy:81)
	at com.kms.katalon.core.keyword.builtin.CallTestCaseKeyword.execute(CallTestCaseKeyword.groovy:44)
	at com.kms.katalon.core.keyword.internal.KeywordExecutor.executeKeywordForPlatform(KeywordExecutor.groovy:74)
	at com.kms.katalon.core.keyword.BuiltinKeywords.callTestCase(BuiltinKeywords.groovy:310)
	at jdk.internal.reflect.GeneratedMethodAccessor29.invoke(Unknown Source)
	at java.base/jdk.internal.reflect.DelegatingMethodAccessorImpl.invoke(DelegatingMethodAccessorImpl.java:43)
	at Complete Education Partner Profile.run(Complete Education Partner Profile:226)
	at com.kms.katalon.core.main.ScriptEngine.run(ScriptEngine.java:194)
	at com.kms.katalon.core.main.ScriptEngine.runScriptAsRawText(ScriptEngine.java:119)
	at com.kms.katalon.core.main.TestCaseExecutor.runScript(TestCaseExecutor.java:448)
	at com.kms.katalon.core.main.TestCaseExecutor.doExecute(TestCaseExecutor.java:439)
	at com.kms.katalon.core.main.TestCaseExecutor.processExecutionPhase(TestCaseExecutor.java:418)
	at com.kms.katalon.core.main.TestCaseExecutor.accessMainPhase(TestCaseExecutor.java:410)
	at com.kms.katalon.core.main.TestCaseExecutor.execute(TestCaseExecutor.java:285)
	at com.kms.katalon.core.main.TestCaseMain.runTestCase(TestCaseMain.java:137)
	at com.kms.katalon.core.keyword.builtin.CallTestCaseKeyword$_callTestCase_closure1.doCall(CallTestCaseKeyword.groovy:59)
	... 24 more
Caused by: com.kms.katalon.core.exception.StepErrorException: Call Test Case 'Test Cases/_Functions/Perform Action' failed because of error(s)
	at com.kms.katalon.core.keyword.builtin.CallTestCaseKeyword$_callTestCase_closure1.doCall(CallTestCaseKeyword.groovy:66)
	at com.kms.katalon.core.keyword.builtin.CallTestCaseKeyword$_callTestCase_closure1.call(CallTestCaseKeyword.groovy)
	at com.kms.katalon.core.keyword.internal.KeywordMain.runKeyword(KeywordMain.groovy:75)
	at com.kms.katalon.core.keyword.builtin.CallTestCaseKeyword.callTestCase(CallTestCaseKeyword.groovy:81)
	at com.kms.katalon.core.keyword.builtin.CallTestCaseKeyword.execute(CallTestCaseKeyword.groovy:44)
	at com.kms.katalon.core.keyword.internal.KeywordExecutor.executeKeywordForPlatform(KeywordExecutor.groovy:74)
	at com.kms.katalon.core.keyword.BuiltinKeywords.callTestCase(BuiltinKeywords.groovy:310)
	at jdk.internal.reflect.GeneratedMethodAccessor29.invoke(Unknown Source)
	at java.base/jdk.internal.reflect.DelegatingMethodAccessorImpl.invoke(DelegatingMethodAccessorImpl.java:43)
	at Set Admin Info.run(Set Admin Info:81)
	at com.kms.katalon.core.main.ScriptEngine.run(ScriptEngine.java:194)
	at com.kms.katalon.core.main.ScriptEngine.runScriptAsRawText(ScriptEngine.java:119)
	at com.kms.katalon.core.main.TestCaseExecutor.runScript(TestCaseExecutor.java:448)
	at com.kms.katalon.core.main.TestCaseExecutor.doExecute(TestCaseExecutor.java:439)
	at com.kms.katalon.core.main.TestCaseExecutor.processExecutionPhase(TestCaseExecutor.java:418)
	at com.kms.katalon.core.main.TestCaseExecutor.accessMainPhase(TestCaseExecutor.java:410)
	at com.kms.katalon.core.main.TestCaseExecutor.execute(TestCaseExecutor.java:285)
	at com.kms.katalon.core.main.TestCaseMain.runTestCase(TestCaseMain.java:137)
	at com.kms.katalon.core.keyword.builtin.CallTestCaseKeyword$_callTestCase_closure1.doCall(CallTestCaseKeyword.groovy:59)
	... 42 more
Caused by: com.kms.katalon.core.webui.exception.WebElementNotFoundException: Web element with id: 'Object Repository/Education Partner Profile/Tabs/a_Admin Info' located by '//a[@id='ui-id-7']' not found
	at com.kms.katalon.core.webui.common.WebUiCommonHelper.findWebElement(WebUiCommonHelper.java:1423)
	at Perform Action.run(Perform Action:32)
	at com.kms.katalon.core.main.ScriptEngine.run(ScriptEngine.java:194)
	at com.kms.katalon.core.main.ScriptEngine.runScriptAsRawText(ScriptEngine.java:119)
	at com.kms.katalon.core.main.TestCaseExecutor.runScript(TestCaseExecutor.java:448)
	at com.kms.katalon.core.main.TestCaseExecutor.doExecute(TestCaseExecutor.java:439)
	at com.kms.katalon.core.main.TestCaseExecutor.processExecutionPhase(TestCaseExecutor.java:418)
	at com.kms.katalon.core.main.TestCaseExecutor.accessMainPhase(TestCaseExecutor.java:410)
	at com.kms.katalon.core.main.TestCaseExecutor.execute(TestCaseExecutor.java:285)
	at com.kms.katalon.core.main.TestCaseMain.runTestCase(TestCaseMain.java:137)
	at com.kms.katalon.core.keyword.builtin.CallTestCaseKeyword$_callTestCase_closure1.doCall(CallTestCaseKeyword.groovy:59)
	... 60 more]]></system-out>
      <system-err><![CDATA[27-02-2025T17:25:14 - [TEST_SUITE][ERROR] - Education Partner Test Suite: Test Cases/Education Partner Profile/Register Education Partner FAILED.
Reason:
com.kms.katalon.core.exception.StepErrorException: Call Test Case 'Test Cases/Education Partner Profile/Complete Education Partner Profile' failed because of error(s)
	at com.kms.katalon.core.keyword.builtin.CallTestCaseKeyword$_callTestCase_closure1.doCall(CallTestCaseKeyword.groovy:66)
	at com.kms.katalon.core.keyword.builtin.CallTestCaseKeyword$_callTestCase_closure1.call(CallTestCaseKeyword.groovy)
	at com.kms.katalon.core.keyword.internal.KeywordMain.runKeyword(KeywordMain.groovy:75)
	at com.kms.katalon.core.keyword.builtin.CallTestCaseKeyword.callTestCase(CallTestCaseKeyword.groovy:81)
	at com.kms.katalon.core.keyword.builtin.CallTestCaseKeyword.execute(CallTestCaseKeyword.groovy:44)
	at com.kms.katalon.core.keyword.internal.KeywordExecutor.executeKeywordForPlatform(KeywordExecutor.groovy:74)
	at com.kms.katalon.core.keyword.BuiltinKeywords.callTestCase(BuiltinKeywords.groovy:310)
	at jdk.internal.reflect.GeneratedMethodAccessor29.invoke(Unknown Source)
	at java.base/jdk.internal.reflect.DelegatingMethodAccessorImpl.invoke(DelegatingMethodAccessorImpl.java:43)
	at Register Education Partner.run(Register Education Partner:403)
	at com.kms.katalon.core.main.ScriptEngine.run(ScriptEngine.java:194)
	at com.kms.katalon.core.main.ScriptEngine.runScriptAsRawText(ScriptEngine.java:119)
	at com.kms.katalon.core.main.TestCaseExecutor.runScript(TestCaseExecutor.java:448)
	at com.kms.katalon.core.main.TestCaseExecutor.doExecute(TestCaseExecutor.java:439)
	at com.kms.katalon.core.main.TestCaseExecutor.processExecutionPhase(TestCaseExecutor.java:418)
	at com.kms.katalon.core.main.TestCaseExecutor.accessMainPhase(TestCaseExecutor.java:410)
	at com.kms.katalon.core.main.TestCaseExecutor.execute(TestCaseExecutor.java:285)
	at com.kms.katalon.core.common.CommonExecutor.accessTestCaseMainPhase(CommonExecutor.java:65)
	at com.kms.katalon.core.main.TestSuiteExecutor.accessTestSuiteMainPhase(TestSuiteExecutor.java:150)
	at com.kms.katalon.core.main.TestSuiteExecutor.execute(TestSuiteExecutor.java:106)
	at com.kms.katalon.core.main.TestCaseMain.startTestSuite(TestCaseMain.java:180)
	at TempTestSuite1740698292669.run(TempTestSuite1740698292669.groovy:35)
	at java.base/jdk.internal.reflect.NativeMethodAccessorImpl.invoke0(Native Method)
	at java.base/jdk.internal.reflect.NativeMethodAccessorImpl.invoke(NativeMethodAccessorImpl.java:77)
	at java.base/jdk.internal.reflect.DelegatingMethodAccessorImpl.invoke(DelegatingMethodAccessorImpl.java:43)
Caused by: com.kms.katalon.core.exception.StepErrorException: Call Test Case 'Test Cases/Education Partner Profile/Tabs/Set Admin Info' failed because of error(s)
	at com.kms.katalon.core.keyword.builtin.CallTestCaseKeyword$_callTestCase_closure1.doCall(CallTestCaseKeyword.groovy:66)
	at com.kms.katalon.core.keyword.builtin.CallTestCaseKeyword$_callTestCase_closure1.call(CallTestCaseKeyword.groovy)
	at com.kms.katalon.core.keyword.internal.KeywordMain.runKeyword(KeywordMain.groovy:75)
	at com.kms.katalon.core.keyword.builtin.CallTestCaseKeyword.callTestCase(CallTestCaseKeyword.groovy:81)
	at com.kms.katalon.core.keyword.builtin.CallTestCaseKeyword.execute(CallTestCaseKeyword.groovy:44)
	at com.kms.katalon.core.keyword.internal.KeywordExecutor.executeKeywordForPlatform(KeywordExecutor.groovy:74)
	at com.kms.katalon.core.keyword.BuiltinKeywords.callTestCase(BuiltinKeywords.groovy:310)
	at jdk.internal.reflect.GeneratedMethodAccessor29.invoke(Unknown Source)
	at java.base/jdk.internal.reflect.DelegatingMethodAccessorImpl.invoke(DelegatingMethodAccessorImpl.java:43)
	at Complete Education Partner Profile.run(Complete Education Partner Profile:226)
	at com.kms.katalon.core.main.ScriptEngine.run(ScriptEngine.java:194)
	at com.kms.katalon.core.main.ScriptEngine.runScriptAsRawText(ScriptEngine.java:119)
	at com.kms.katalon.core.main.TestCaseExecutor.runScript(TestCaseExecutor.java:448)
	at com.kms.katalon.core.main.TestCaseExecutor.doExecute(TestCaseExecutor.java:439)
	at com.kms.katalon.core.main.TestCaseExecutor.processExecutionPhase(TestCaseExecutor.java:418)
	at com.kms.katalon.core.main.TestCaseExecutor.accessMainPhase(TestCaseExecutor.java:410)
	at com.kms.katalon.core.main.TestCaseExecutor.execute(TestCaseExecutor.java:285)
	at com.kms.katalon.core.main.TestCaseMain.runTestCase(TestCaseMain.java:137)
	at com.kms.katalon.core.keyword.builtin.CallTestCaseKeyword$_callTestCase_closure1.doCall(CallTestCaseKeyword.groovy:59)
	... 24 more
Caused by: com.kms.katalon.core.exception.StepErrorException: Call Test Case 'Test Cases/_Functions/Perform Action' failed because of error(s)
	at com.kms.katalon.core.keyword.builtin.CallTestCaseKeyword$_callTestCase_closure1.doCall(CallTestCaseKeyword.groovy:66)
	at com.kms.katalon.core.keyword.builtin.CallTestCaseKeyword$_callTestCase_closure1.call(CallTestCaseKeyword.groovy)
	at com.kms.katalon.core.keyword.internal.KeywordMain.runKeyword(KeywordMain.groovy:75)
	at com.kms.katalon.core.keyword.builtin.CallTestCaseKeyword.callTestCase(CallTestCaseKeyword.groovy:81)
	at com.kms.katalon.core.keyword.builtin.CallTestCaseKeyword.execute(CallTestCaseKeyword.groovy:44)
	at com.kms.katalon.core.keyword.internal.KeywordExecutor.executeKeywordForPlatform(KeywordExecutor.groovy:74)
	at com.kms.katalon.core.keyword.BuiltinKeywords.callTestCase(BuiltinKeywords.groovy:310)
	at jdk.internal.reflect.GeneratedMethodAccessor29.invoke(Unknown Source)
	at java.base/jdk.internal.reflect.DelegatingMethodAccessorImpl.invoke(DelegatingMethodAccessorImpl.java:43)
	at Set Admin Info.run(Set Admin Info:81)
	at com.kms.katalon.core.main.ScriptEngine.run(ScriptEngine.java:194)
	at com.kms.katalon.core.main.ScriptEngine.runScriptAsRawText(ScriptEngine.java:119)
	at com.kms.katalon.core.main.TestCaseExecutor.runScript(TestCaseExecutor.java:448)
	at com.kms.katalon.core.main.TestCaseExecutor.doExecute(TestCaseExecutor.java:439)
	at com.kms.katalon.core.main.TestCaseExecutor.processExecutionPhase(TestCaseExecutor.java:418)
	at com.kms.katalon.core.main.TestCaseExecutor.accessMainPhase(TestCaseExecutor.java:410)
	at com.kms.katalon.core.main.TestCaseExecutor.execute(TestCaseExecutor.java:285)
	at com.kms.katalon.core.main.TestCaseMain.runTestCase(TestCaseMain.java:137)
	at com.kms.katalon.core.keyword.builtin.CallTestCaseKeyword$_callTestCase_closure1.doCall(CallTestCaseKeyword.groovy:59)
	... 42 more
Caused by: com.kms.katalon.core.webui.exception.WebElementNotFoundException: Web element with id: 'Object Repository/Education Partner Profile/Tabs/a_Admin Info' located by '//a[@id='ui-id-7']' not found
	at com.kms.katalon.core.webui.common.WebUiCommonHelper.findWebElement(WebUiCommonHelper.java:1423)
	at Perform Action.run(Perform Action:32)
	at com.kms.katalon.core.main.ScriptEngine.run(ScriptEngine.java:194)
	at com.kms.katalon.core.main.ScriptEngine.runScriptAsRawText(ScriptEngine.java:119)
	at com.kms.katalon.core.main.TestCaseExecutor.runScript(TestCaseExecutor.java:448)
	at com.kms.katalon.core.main.TestCaseExecutor.doExecute(TestCaseExecutor.java:439)
	at com.kms.katalon.core.main.TestCaseExecutor.processExecutionPhase(TestCaseExecutor.java:418)
	at com.kms.katalon.core.main.TestCaseExecutor.accessMainPhase(TestCaseExecutor.java:410)
	at com.kms.katalon.core.main.TestCaseExecutor.execute(TestCaseExecutor.java:285)
	at com.kms.katalon.core.main.TestCaseMain.runTestCase(TestCaseMain.java:137)
	at com.kms.katalon.core.keyword.builtin.CallTestCaseKeyword$_callTestCase_closure1.doCall(CallTestCaseKeyword.groovy:59)
	... 60 more]]></system-err>
   </testsuite>
</testsuites>
