<?xml version="1.0" encoding="UTF-8"?>
<testsuites name="Journey Candidate Test Suite" time="301.202" tests="1" failures="0" errors="0">
   <testsuite name="Journey Candidate Test Suite" tests="1" failures="0" errors="0" time="301.202" skipped="0" timestamp="27-02-2025T17:31:03" hostname="cckozie - 192.168.4.43" id="Test Suites/Journey Candidate Test Suite">
      <properties>
         <property name="deviceName" value=""/>
         <property name="devicePlatform"/>
         <property name="logFolder" value="/Users/cckozie/git/MissionNext-Katalon-Koz/Reports/20250227_171809/Journey Candidate Test Suite/20250227_171814"/>
         <property name="logFiles" value="/Users/cckozie/git/MissionNext-Katalon-Koz/Reports/20250227_171809/Journey Candidate Test Suite/20250227_171814/execution0.log, /Users/cckozie/git/MissionNext-Katalon-Koz/Reports/20250227_171809/Journey Candidate Test Suite/20250227_171814/execution1.log, /Users/cckozie/git/MissionNext-Katalon-Koz/Reports/20250227_171809/Journey Candidate Test Suite/20250227_171814/execution2.log"/>
         <property name="attachments" value="/Users/cckozie/Documents/MissionNext/Screenshots and Tooltip Text/Register_Screenshot.png, /Users/cckozie/git/MissionNext-Katalon-Koz/Reports/20250227_171809/Journey Candidate Test Suite/20250227_171814/1740699135198.png, /Users/cckozie/Documents/MissionNext/Screenshots and Tooltip Text/Journey Candidate Contact Info Tab_Screenshot.png, /Users/cckozie/Documents/MissionNext/Screenshots and Tooltip Text/Journey Candidate Experience Tab_Screenshot.png, /Users/cckozie/Documents/MissionNext/Screenshots and Tooltip Text/Journey Candidate Situation Tab_Screenshot.png, /Users/cckozie/Documents/MissionNext/Screenshots and Tooltip Text/Journey Candidate Availability Tab_Screenshot.png, /Users/cckozie/Documents/MissionNext/Screenshots and Tooltip Text/Journey Candidate Service-Comment Tab_Screenshot.png, /Users/cckozie/Documents/MissionNext/Screenshots and Tooltip Text/Journey Candidate IT Skills and Interest Tab_Screenshot.png, /Users/cckozie/Documents/MissionNext/Screenshots and Tooltip Text/Journey Candidate Spouse Info Tab_Screenshot.png, /Users/cckozie/Documents/MissionNext/Screenshots and Tooltip Text/Journey Candidate Spouse Experience Tab_Screenshot.png, /Users/cckozie/Documents/MissionNext/Screenshots and Tooltip Text/Journey Candidate Spouse Service Prefs Tab_Screenshot.png, /Users/cckozie/Documents/MissionNext/Screenshots and Tooltip Text/Journey Candidate Your Ministry Prefs Tab_Screenshot.png"/>
         <property name="hostName" value="cckozie - 192.168.4.43"/>
         <property name="os" value="Mac OS X 64bit"/>
         <property name="katalonVersion" value="9.7.3.223"/>
         <property name="browser" value="Chrome 133.0.0.0"/>
         <property name="hostAddress" value="192.168.4.43"/>
         <property name="sessionId" value="6146e4dcfb22cdae882ba2d578a30c85"/>
         <property name="seleniumVersion" value="3.141.59"/>
         <property name="proxyInformation" value="ProxyInformation { proxyOption=NO_PROXY, proxyServerType=HTTP, username=, password=********, proxyServerAddress=, proxyServerPort=0, executionList=&quot;&quot;, isApplyToDesiredCapabilities=true }"/>
         <property name="platform" value="Mac OS X"/>
      </properties>
      <testcase name="Test Cases/Journey Candidate Profile/Register Journey Candidate" time="301.145" classname="Test Cases/Journey Candidate Profile/Register Journey Candidate" status="PASSED">
         <system-out><![CDATA[27-02-2025T17:31:03 - [TEST_CASE][PASSED] - Test Cases/Journey Candidate Profile/Register Journey Candidate: Test Cases/Journey Candidate Profile/Register Journey Candidate

27-02-2025T17:31:04 - [TEST_STEP][PASSED] - username = username: null

27-02-2025T17:31:04 - [TEST_STEP][PASSED] - if (username != "cktest05jc"): null

27-02-2025T17:31:04 - [TEST_STEP][PASSED] - registerOnly = false: null

27-02-2025T17:31:04 - [TEST_STEP][PASSED] - domain = domain: null

27-02-2025T17:31:04 - [TEST_STEP][PASSED] - username = username: null

27-02-2025T17:31:04 - [TEST_STEP][PASSED] - url = "https://journey." + domain + "/signup/candidate": null

27-02-2025T17:31:04 - [TEST_STEP][PASSED] - outFile = new java.io.File(((/Users/cckozie/Documents/MissionNext/Test Reports/Test Register Journey Candidate on  + domain) + .txt)): null

27-02-2025T17:31:04 - [TEST_STEP][PASSED] - outFile = outFile: null

27-02-2025T17:31:04 - [TEST_STEP][PASSED] - outFile.write("Testing Register Journey Candidate on " + domain + ".
"): null

27-02-2025T17:31:04 - [TEST_STEP][PASSED] - callTestCase(findTestCase("Admin/Delete User"), ["varUsername":username], STOP_ON_FAILURE): Call Test Case 'Test Cases/Admin/Delete User' successfully

27-02-2025T17:31:04 - [TEST_CASE][PASSED] - Test Cases/Admin/Delete User: Test Cases/Admin/Delete User

27-02-2025T17:31:04 - [TEST_STEP][PASSED] - if (binding.hasVariable("varUsername")): null

27-02-2025T17:31:04 - [TEST_STEP][PASSED] - username = varUsername: null

27-02-2025T17:31:04 - [TEST_STEP][PASSED] - writeFile = false: null

27-02-2025T17:31:04 - [TEST_STEP][PASSED] - println("outFile is " + outFile): null

27-02-2025T17:31:04 - [TEST_STEP][PASSED] - if (outFile != ""): null

27-02-2025T17:31:04 - [TEST_STEP][PASSED] - myFile = outFile: null

27-02-2025T17:31:04 - [TEST_STEP][PASSED] - println(myFile): null

27-02-2025T17:31:04 - [TEST_STEP][PASSED] - outFile = new java.io.File(myFile): null

27-02-2025T17:31:04 - [TEST_STEP][PASSED] - writeFile = true: null

27-02-2025T17:31:04 - [TEST_STEP][PASSED] - domain = domain: null

27-02-2025T17:31:04 - [TEST_STEP][PASSED] - url = "https://ad." + domain: null

27-02-2025T17:31:04 - [TEST_STEP][PASSED] - openBrowser(""): Browser is opened with url: ''

27-02-2025T17:31:04 - [MESSAGE][INFO] - Starting 'Chrome' driver

27-02-2025T17:31:04 - [MESSAGE][INFO] - Action delay is set to 0 milliseconds

27-02-2025T17:31:05 - [MESSAGE][PASSED] - Browser is opened with url: ''

27-02-2025T17:31:05 - [TEST_STEP][PASSED] - navigateToUrl(url): Navigate to 'https://ad.missionnext.org' successfully

27-02-2025T17:31:05 - [MESSAGE][PASSED] - Navigate to 'https://ad.missionnext.org' successfully

27-02-2025T17:31:05 - [TEST_STEP][PASSED] - setText(findTestObject("Admin/Ad Login/input_Username"), "chriskosieracki"): Text 'chriskosieracki' is set on object 'Object Repository/Admin/Ad Login/input_Username'

27-02-2025T17:31:05 - [MESSAGE][PASSED] - Text 'chriskosieracki' is set on object 'Object Repository/Admin/Ad Login/input_Username'

27-02-2025T17:31:05 - [TEST_STEP][PASSED] - setEncryptedText(findTestObject("Admin/Ad Login/input_Password"), "fAJOXt1JExHva3VUYg96Og=="): Text ****** has been set on object 'Object Repository/Admin/Ad Login/input_Password'

27-02-2025T17:31:05 - [MESSAGE][PASSED] - Text ****** has been set on object 'Object Repository/Admin/Ad Login/input_Password'

27-02-2025T17:31:05 - [TEST_STEP][PASSED] - click(findTestObject("Admin/Ad Login/btn_Submit")): Object: 'Object Repository/Admin/Ad Login/btn_Submit' is clicked on

27-02-2025T17:31:06 - [MESSAGE][PASSED] - Object: 'Object Repository/Admin/Ad Login/btn_Submit' is clicked on

27-02-2025T17:31:06 - [TEST_STEP][PASSED] - click(findTestObject("Admin/Ad Main/a_User Information  Administration")): Object: 'Object Repository/Admin/Ad Main/a_User Information  Administration' is clicked on

27-02-2025T17:31:07 - [MESSAGE][PASSED] - Object: 'Object Repository/Admin/Ad Main/a_User Information  Administration' is clicked on

27-02-2025T17:31:07 - [TEST_STEP][PASSED] - setText(findTestObject("Admin/Ad User Viewer Utility/input_Find account by Username"), username): Text 'cktest05jc' is set on object 'Object Repository/Admin/Ad User Viewer Utility/input_Find account by Username'

27-02-2025T17:31:08 - [MESSAGE][PASSED] - Text 'cktest05jc' is set on object 'Object Repository/Admin/Ad User Viewer Utility/input_Find account by Username'

27-02-2025T17:31:08 - [TEST_STEP][PASSED] - delay(1): Delayed 1 second(s)

27-02-2025T17:31:09 - [MESSAGE][PASSED] - Delayed 1 second(s)

27-02-2025T17:31:09 - [TEST_STEP][PASSED] - click(findTestObject("Admin/Ad User Viewer Utility/input_Find account by Username_beginning")): Object: 'Object Repository/Admin/Ad User Viewer Utility/input_Find account by Username_beginning' is clicked on

27-02-2025T17:31:09 - [MESSAGE][PASSED] - Object: 'Object Repository/Admin/Ad User Viewer Utility/input_Find account by Username_beginning' is clicked on

27-02-2025T17:31:09 - [TEST_STEP][PASSED] - delay(1): Delayed 1 second(s)

27-02-2025T17:31:10 - [MESSAGE][PASSED] - Delayed 1 second(s)

27-02-2025T17:31:10 - [TEST_STEP][PASSED] - driver = getWebDriver(): null

27-02-2025T17:31:10 - [TEST_STEP][PASSED] - Table = driver.findElement(By.xpath("//table[2]")): null

27-02-2025T17:31:10 - [TEST_STEP][PASSED] - Rows = Table.findElements(By.tagName("tr")): null

27-02-2025T17:31:10 - [TEST_STEP][PASSED] - row_count = Rows.size(): null

27-02-2025T17:31:10 - [TEST_STEP][PASSED] - found = false: null

27-02-2025T17:31:10 - [TEST_STEP][PASSED] - if (row_count > 0): null

27-02-2025T17:31:10 - [TEST_STEP][PASSED] - for ([row = 1, row < row_count, (row++)]): null

27-02-2025T17:31:10 - [TEST_STEP][PASSED] - Columns = get(row).findElements(By.tagName("td")): null

27-02-2025T17:31:10 - [TEST_STEP][PASSED] - user = get(2).getText(): null

27-02-2025T17:31:10 - [TEST_STEP][PASSED] - if (user.indexOf(username) >= 0): null

27-02-2025T17:31:10 - [TEST_STEP][PASSED] - found = true: null

27-02-2025T17:31:10 - [TEST_STEP][PASSED] - outText = "User " + username + " was found. Attempting to delete.": null

27-02-2025T17:31:10 - [TEST_STEP][PASSED] - println("=====> " + outText): null

27-02-2025T17:31:10 - [TEST_STEP][PASSED] - if (writeFile): null

27-02-2025T17:31:10 - [TEST_STEP][PASSED] - outFile.append(outText + "
"): null

27-02-2025T17:31:10 - [TEST_STEP][PASSED] - link = get(0).findElement(By.tagName("a")): null

27-02-2025T17:31:10 - [TEST_STEP][PASSED] - link.click(): null

27-02-2025T17:31:11 - [TEST_STEP][PASSED] - delay(2): Delayed 2 second(s)

27-02-2025T17:31:13 - [MESSAGE][PASSED] - Delayed 2 second(s)

27-02-2025T17:31:13 - [TEST_STEP][PASSED] - break: null

27-02-2025T17:31:13 - [TEST_STEP][PASSED] - if (found): null

27-02-2025T17:31:13 - [TEST_STEP][PASSED] - delay(1): Delayed 1 second(s)

27-02-2025T17:31:14 - [MESSAGE][PASSED] - Delayed 1 second(s)

27-02-2025T17:31:14 - [TEST_STEP][PASSED] - waitForPageLoad(10): Wait for page load successfully

27-02-2025T17:31:14 - [MESSAGE][PASSED] - Wait for page load successfully

27-02-2025T17:31:14 - [TEST_STEP][PASSED] - deletedUser = getText(findTestObject("Object Repository/Admin/Ad User Viewer Utility/p_The missionnext Candidate account username")): Text of object 'Object Repository/Admin/Ad User Viewer Utility/p_The missionnext Candidate account username' is: 'The missionnext Candidate account username is cktest05jc'

27-02-2025T17:31:14 - [MESSAGE][PASSED] - Text of object 'Object Repository/Admin/Ad User Viewer Utility/p_The missionnext Candidate account username' is: 'The missionnext Candidate account username is cktest05jc'

27-02-2025T17:31:14 - [TEST_STEP][PASSED] - if (deletedUser.indexOf(username) >= 0): null

27-02-2025T17:31:14 - [TEST_STEP][PASSED] - outText = "User " + username + " was successfully deleted.": null

27-02-2025T17:31:14 - [TEST_STEP][PASSED] - println(outText): null

27-02-2025T17:31:14 - [TEST_STEP][PASSED] - outFile.append(outText + "
"): null

27-02-2025T17:31:14 - [TEST_STEP][PASSED] - closeBrowser(): Browser is closed

27-02-2025T17:31:14 - [MESSAGE][PASSED] - Browser is closed

27-02-2025T17:31:14 - [MESSAGE][PASSED] - Call Test Case 'Test Cases/Admin/Delete User' successfully

27-02-2025T17:31:14 - [TEST_STEP][PASSED] - tooltipImagePath = "/Users/cckozie/git/MissionNext-Katalon-Koz/images/education candidate/": null

27-02-2025T17:31:14 - [TEST_STEP][PASSED] - testObjectFolder = "Journey Candidate Profile/Register/": null

27-02-2025T17:31:14 - [TEST_STEP][PASSED] - tooltips = ["dummy":"dummy", "Username":"img_Username_field-tooltip", "Email":"img_Email_field-tooltip", "Password":"img_Password_field-tooltip", ... ]: null

27-02-2025T17:31:14 - [TEST_STEP][PASSED] - tooltipText = ["Username":"Must be unique; at least 6 characters; contain only lowercase letters; allowable characters: numbers, @, dash, underscore or period, and can be an email address.", "Email":"Your primary email address and must be unique in our database.", ... ]: null

27-02-2025T17:31:14 - [TEST_STEP][PASSED] - pageLinks = ["Privacy Policy":"Privacy Policy", "Terms and Conditions":"Terms and Conditions"]: null

27-02-2025T17:31:14 - [TEST_STEP][PASSED] - requiredFieldMsgs = ["Username":"Username must be unique; at least 6 characters; contain only lowercase letters; allowable characters: numbers, @, dash, underscore or period, and can be an email address.", "Password":"The password should be at least twelve characters long; should include numbers, letters, capitals; may have special characters (@, #, *, spaces, etc.) and may include a passphrase.", ... ]: null

27-02-2025T17:31:14 - [TEST_STEP][PASSED] - openBrowser(""): Browser is opened with url: ''

27-02-2025T17:31:14 - [MESSAGE][INFO] - Starting 'Chrome' driver

27-02-2025T17:31:14 - [MESSAGE][INFO] - Action delay is set to 0 milliseconds

27-02-2025T17:31:15 - [MESSAGE][PASSED] - Browser is opened with url: ''

27-02-2025T17:31:15 - [TEST_STEP][PASSED] - maximizeWindow(): Current window maximized

27-02-2025T17:31:15 - [MESSAGE][PASSED] - Current window maximized

27-02-2025T17:31:15 - [TEST_STEP][PASSED] - navigateToUrl(url): Navigate to 'https://journey.missionnext.org/signup/candidate' successfully

27-02-2025T17:31:20 - [MESSAGE][PASSED] - Navigate to 'https://journey.missionnext.org/signup/candidate' successfully

27-02-2025T17:31:20 - [TEST_STEP][PASSED] - waitForPageLoad(10): Wait for page load successfully

27-02-2025T17:31:20 - [MESSAGE][PASSED] - Wait for page load successfully

27-02-2025T17:31:20 - [TEST_STEP][PASSED] - tooltipTextMap = callTestCase(findTestCase("_Functions/Get Screenshot and Tooltip Text"), ["varExtension":"Register"], STOP_ON_FAILURE): Call Test Case 'Test Cases/_Functions/Get Screenshot and Tooltip Text' successfully

27-02-2025T17:31:20 - [TEST_CASE][PASSED] - Test Cases/_Functions/Get Screenshot and Tooltip Text: Test Cases/_Functions/Get Screenshot and Tooltip Text

27-02-2025T17:31:20 - [TEST_STEP][PASSED] - if (fastPath): null

27-02-2025T17:31:20 - [TEST_STEP][PASSED] - frame = new javax.swing.JFrame(): null

27-02-2025T17:31:21 - [TEST_STEP][PASSED] - p = new javax.swing.JPanel(): null

27-02-2025T17:31:21 - [TEST_STEP][PASSED] - l = new javax.swing.JLabel(Getting screenshot and tooltip text..., javax.swing.SwingConstants.CENTER): null

27-02-2025T17:31:21 - [TEST_STEP][PASSED] - frame.add(l): null

27-02-2025T17:31:21 - [TEST_STEP][PASSED] - frame.setSize(300, 100): null

27-02-2025T17:31:21 - [TEST_STEP][PASSED] - frame.setLocation(600, 0): null

27-02-2025T17:31:21 - [TEST_STEP][PASSED] - frame.setAlwaysOnTop(true): null

27-02-2025T17:31:21 - [TEST_STEP][PASSED] - frame.show(): null

27-02-2025T17:31:21 - [TEST_STEP][PASSED] - driver = getWebDriver(): null

27-02-2025T17:31:21 - [TEST_STEP][PASSED] - path = "/Users/cckozie/Documents/MissionNext/Screenshots and Tooltip Text/": null

27-02-2025T17:31:21 - [TEST_STEP][PASSED] - if (binding.hasVariable("varExtension")): null

27-02-2025T17:31:21 - [TEST_STEP][PASSED] - extension = varExtension: null

27-02-2025T17:31:21 - [TEST_STEP][PASSED] - println("Extension is " + extension): null

27-02-2025T17:31:21 - [TEST_STEP][PASSED] - fileBase = path + extension: null

27-02-2025T17:31:21 - [TEST_STEP][PASSED] - fileImage = fileBase + "_Screenshot.png": null

27-02-2025T17:31:21 - [TEST_STEP][PASSED] - waitForPageLoad(30): Wait for page load successfully

27-02-2025T17:31:21 - [MESSAGE][PASSED] - Wait for page load successfully

27-02-2025T17:31:21 - [TEST_STEP][PASSED] - spinner = driver.findElement(By.xpath("/html/body/div[1]/div/div[2]")): null

27-02-2025T17:31:21 - [TEST_STEP][PASSED] - executor = driver: null

27-02-2025T17:31:21 - [TEST_STEP][PASSED] - elementAttributes = executor.executeScript("var items = {}; for (index = 0; index < arguments[0].attributes.length; ++index) { items[arguments[0].attributes[index].name] = arguments[0].attributes[index].value }; return items;", spinner): null

27-02-2025T17:31:21 - [TEST_STEP][PASSED] - attrs = elementAttributes.toString(): null

27-02-2025T17:31:21 - [TEST_STEP][PASSED] - waits = 0: null

27-02-2025T17:31:21 - [TEST_STEP][PASSED] - while (attrs.indexOf("display: none") < 0 && waits < 2): null

27-02-2025T17:31:21 - [TEST_STEP][PASSED] - tooltipMap = callTestCase(findTestCase("_Functions/Get Tooltip Text"), [:], STOP_ON_FAILURE): Call Test Case 'Test Cases/_Functions/Get Tooltip Text' successfully

27-02-2025T17:31:21 - [TEST_CASE][PASSED] - Test Cases/_Functions/Get Tooltip Text: Test Cases/_Functions/Get Tooltip Text

27-02-2025T17:31:21 - [TEST_STEP][PASSED] - fieldTooltips = [:]: null

27-02-2025T17:31:21 - [TEST_STEP][PASSED] - tooltipMap = [:]: null

27-02-2025T17:31:21 - [TEST_STEP][PASSED] - driver = getWebDriver(): null

27-02-2025T17:31:21 - [TEST_STEP][PASSED] - tooltips = driver.findElements(By.className("field-tooltip")): null

27-02-2025T17:31:21 - [TEST_STEP][PASSED] - for (def it : tooltips): null

27-02-2025T17:31:21 - [TEST_STEP][PASSED] - if (it.isDisplayed()): null

27-02-2025T17:31:21 - [TEST_STEP][PASSED] - ttText = it.getAttribute("data-original-title"): null

27-02-2025T17:31:21 - [TEST_STEP][PASSED] - ttLocation = it.getLocation(): null

27-02-2025T17:31:21 - [TEST_STEP][PASSED] - yLocation = ttLocation.getY(): null

27-02-2025T17:31:21 - [TEST_STEP][PASSED] - xLocation = ttLocation.getX(): null

27-02-2025T17:31:21 - [TEST_STEP][PASSED] - fieldTooltips.put(ttText, yLocation): null

27-02-2025T17:31:21 - [TEST_STEP][PASSED] - if (it.isDisplayed()): null

27-02-2025T17:31:21 - [TEST_STEP][PASSED] - ttText = it.getAttribute("data-original-title"): null

27-02-2025T17:31:21 - [TEST_STEP][PASSED] - ttLocation = it.getLocation(): null

27-02-2025T17:31:21 - [TEST_STEP][PASSED] - yLocation = ttLocation.getY(): null

27-02-2025T17:31:21 - [TEST_STEP][PASSED] - xLocation = ttLocation.getX(): null

27-02-2025T17:31:21 - [TEST_STEP][PASSED] - fieldTooltips.put(ttText, yLocation): null

27-02-2025T17:31:21 - [TEST_STEP][PASSED] - if (it.isDisplayed()): null

27-02-2025T17:31:21 - [TEST_STEP][PASSED] - ttText = it.getAttribute("data-original-title"): null

27-02-2025T17:31:21 - [TEST_STEP][PASSED] - ttLocation = it.getLocation(): null

27-02-2025T17:31:21 - [TEST_STEP][PASSED] - yLocation = ttLocation.getY(): null

27-02-2025T17:31:21 - [TEST_STEP][PASSED] - xLocation = ttLocation.getX(): null

27-02-2025T17:31:21 - [TEST_STEP][PASSED] - fieldTooltips.put(ttText, yLocation): null

27-02-2025T17:31:21 - [TEST_STEP][PASSED] - if (it.isDisplayed()): null

27-02-2025T17:31:21 - [TEST_STEP][PASSED] - ttText = it.getAttribute("data-original-title"): null

27-02-2025T17:31:21 - [TEST_STEP][PASSED] - ttLocation = it.getLocation(): null

27-02-2025T17:31:21 - [TEST_STEP][PASSED] - yLocation = ttLocation.getY(): null

27-02-2025T17:31:21 - [TEST_STEP][PASSED] - xLocation = ttLocation.getX(): null

27-02-2025T17:31:21 - [TEST_STEP][PASSED] - fieldTooltips.put(ttText, yLocation): null

27-02-2025T17:31:21 - [TEST_STEP][PASSED] - if (it.isDisplayed()): null

27-02-2025T17:31:21 - [TEST_STEP][PASSED] - ttText = it.getAttribute("data-original-title"): null

27-02-2025T17:31:21 - [TEST_STEP][PASSED] - ttLocation = it.getLocation(): null

27-02-2025T17:31:21 - [TEST_STEP][PASSED] - yLocation = ttLocation.getY(): null

27-02-2025T17:31:21 - [TEST_STEP][PASSED] - xLocation = ttLocation.getX(): null

27-02-2025T17:31:21 - [TEST_STEP][PASSED] - fieldTooltips.put(ttText, yLocation): null

27-02-2025T17:31:21 - [TEST_STEP][PASSED] - if (it.isDisplayed()): null

27-02-2025T17:31:21 - [TEST_STEP][PASSED] - ttText = it.getAttribute("data-original-title"): null

27-02-2025T17:31:21 - [TEST_STEP][PASSED] - ttLocation = it.getLocation(): null

27-02-2025T17:31:21 - [TEST_STEP][PASSED] - yLocation = ttLocation.getY(): null

27-02-2025T17:31:21 - [TEST_STEP][PASSED] - xLocation = ttLocation.getX(): null

27-02-2025T17:31:21 - [TEST_STEP][PASSED] - fieldTooltips.put(ttText, yLocation): null

27-02-2025T17:31:21 - [TEST_STEP][PASSED] - if (it.isDisplayed()): null

27-02-2025T17:31:21 - [TEST_STEP][PASSED] - ttText = it.getAttribute("data-original-title"): null

27-02-2025T17:31:21 - [TEST_STEP][PASSED] - ttLocation = it.getLocation(): null

27-02-2025T17:31:21 - [TEST_STEP][PASSED] - yLocation = ttLocation.getY(): null

27-02-2025T17:31:21 - [TEST_STEP][PASSED] - xLocation = ttLocation.getX(): null

27-02-2025T17:31:21 - [TEST_STEP][PASSED] - fieldTooltips.put(ttText, yLocation): null

27-02-2025T17:31:21 - [TEST_STEP][PASSED] - if (fieldTooltips.size() > 0): null

27-02-2025T17:31:21 - [TEST_STEP][PASSED] - rightBorder = xLocation: null

27-02-2025T17:31:21 - [TEST_STEP][PASSED] - fieldLabels = [:]: null

27-02-2025T17:31:21 - [TEST_STEP][PASSED] - labels = driver.findElements(By.xpath("//label")): null

27-02-2025T17:31:21 - [TEST_STEP][PASSED] - labels.each({ -> ... }): null

27-02-2025T17:31:21 - [TEST_STEP][PASSED] - for (def label : fieldLabels): null

27-02-2025T17:31:21 - [TEST_STEP][PASSED] - y = value: null

27-02-2025T17:31:21 - [TEST_STEP][PASSED] - for (def tooltip : fieldTooltips): null

27-02-2025T17:31:21 - [TEST_STEP][PASSED] - if (value == y || value == y + 1 || value == y - 1): null

27-02-2025T17:31:21 - [TEST_STEP][PASSED] - tooltipMap.put(key, key): null

27-02-2025T17:31:21 - [TEST_STEP][PASSED] - break: null

27-02-2025T17:31:21 - [TEST_STEP][PASSED] - y = value: null

27-02-2025T17:31:21 - [TEST_STEP][PASSED] - for (def tooltip : fieldTooltips): null

27-02-2025T17:31:21 - [TEST_STEP][PASSED] - if (value == y || value == y + 1 || value == y - 1): null

27-02-2025T17:31:21 - [TEST_STEP][PASSED] - if (value == y || value == y + 1 || value == y - 1): null

27-02-2025T17:31:21 - [TEST_STEP][PASSED] - tooltipMap.put(key, key): null

27-02-2025T17:31:21 - [TEST_STEP][PASSED] - break: null

27-02-2025T17:31:21 - [TEST_STEP][PASSED] - y = value: null

27-02-2025T17:31:21 - [TEST_STEP][PASSED] - for (def tooltip : fieldTooltips): null

27-02-2025T17:31:21 - [TEST_STEP][PASSED] - if (value == y || value == y + 1 || value == y - 1): null

27-02-2025T17:31:21 - [TEST_STEP][PASSED] - if (value == y || value == y + 1 || value == y - 1): null

27-02-2025T17:31:21 - [TEST_STEP][PASSED] - if (value == y || value == y + 1 || value == y - 1): null

27-02-2025T17:31:21 - [TEST_STEP][PASSED] - tooltipMap.put(key, key): null

27-02-2025T17:31:21 - [TEST_STEP][PASSED] - break: null

27-02-2025T17:31:21 - [TEST_STEP][PASSED] - y = value: null

27-02-2025T17:31:21 - [TEST_STEP][PASSED] - for (def tooltip : fieldTooltips): null

27-02-2025T17:31:21 - [TEST_STEP][PASSED] - if (value == y || value == y + 1 || value == y - 1): null

27-02-2025T17:31:21 - [TEST_STEP][PASSED] - if (value == y || value == y + 1 || value == y - 1): null

27-02-2025T17:31:21 - [TEST_STEP][PASSED] - if (value == y || value == y + 1 || value == y - 1): null

27-02-2025T17:31:21 - [TEST_STEP][PASSED] - if (value == y || value == y + 1 || value == y - 1): null

27-02-2025T17:31:21 - [TEST_STEP][PASSED] - tooltipMap.put(key, key): null

27-02-2025T17:31:21 - [TEST_STEP][PASSED] - break: null

27-02-2025T17:31:21 - [TEST_STEP][PASSED] - y = value: null

27-02-2025T17:31:21 - [TEST_STEP][PASSED] - for (def tooltip : fieldTooltips): null

27-02-2025T17:31:21 - [TEST_STEP][PASSED] - if (value == y || value == y + 1 || value == y - 1): null

27-02-2025T17:31:21 - [TEST_STEP][PASSED] - if (value == y || value == y + 1 || value == y - 1): null

27-02-2025T17:31:21 - [TEST_STEP][PASSED] - if (value == y || value == y + 1 || value == y - 1): null

27-02-2025T17:31:21 - [TEST_STEP][PASSED] - if (value == y || value == y + 1 || value == y - 1): null

27-02-2025T17:31:21 - [TEST_STEP][PASSED] - if (value == y || value == y + 1 || value == y - 1): null

27-02-2025T17:31:21 - [TEST_STEP][PASSED] - tooltipMap.put(key, key): null

27-02-2025T17:31:21 - [TEST_STEP][PASSED] - break: null

27-02-2025T17:31:21 - [TEST_STEP][PASSED] - y = value: null

27-02-2025T17:31:21 - [TEST_STEP][PASSED] - for (def tooltip : fieldTooltips): null

27-02-2025T17:31:21 - [TEST_STEP][PASSED] - if (value == y || value == y + 1 || value == y - 1): null

27-02-2025T17:31:21 - [TEST_STEP][PASSED] - if (value == y || value == y + 1 || value == y - 1): null

27-02-2025T17:31:21 - [TEST_STEP][PASSED] - if (value == y || value == y + 1 || value == y - 1): null

27-02-2025T17:31:21 - [TEST_STEP][PASSED] - if (value == y || value == y + 1 || value == y - 1): null

27-02-2025T17:31:21 - [TEST_STEP][PASSED] - if (value == y || value == y + 1 || value == y - 1): null

27-02-2025T17:31:21 - [TEST_STEP][PASSED] - if (value == y || value == y + 1 || value == y - 1): null

27-02-2025T17:31:21 - [TEST_STEP][PASSED] - if (value == y || value == y + 1 || value == y - 1): null

27-02-2025T17:31:21 - [TEST_STEP][PASSED] - y = value: null

27-02-2025T17:31:21 - [TEST_STEP][PASSED] - for (def tooltip : fieldTooltips): null

27-02-2025T17:31:21 - [TEST_STEP][PASSED] - if (value == y || value == y + 1 || value == y - 1): null

27-02-2025T17:31:21 - [TEST_STEP][PASSED] - if (value == y || value == y + 1 || value == y - 1): null

27-02-2025T17:31:21 - [TEST_STEP][PASSED] - if (value == y || value == y + 1 || value == y - 1): null

27-02-2025T17:31:21 - [TEST_STEP][PASSED] - if (value == y || value == y + 1 || value == y - 1): null

27-02-2025T17:31:21 - [TEST_STEP][PASSED] - if (value == y || value == y + 1 || value == y - 1): null

27-02-2025T17:31:21 - [TEST_STEP][PASSED] - if (value == y || value == y + 1 || value == y - 1): null

27-02-2025T17:31:21 - [TEST_STEP][PASSED] - if (value == y || value == y + 1 || value == y - 1): null

27-02-2025T17:31:21 - [TEST_STEP][PASSED] - y = value: null

27-02-2025T17:31:21 - [TEST_STEP][PASSED] - for (def tooltip : fieldTooltips): null

27-02-2025T17:31:21 - [TEST_STEP][PASSED] - if (value == y || value == y + 1 || value == y - 1): null

27-02-2025T17:31:21 - [TEST_STEP][PASSED] - if (value == y || value == y + 1 || value == y - 1): null

27-02-2025T17:31:21 - [TEST_STEP][PASSED] - if (value == y || value == y + 1 || value == y - 1): null

27-02-2025T17:31:21 - [TEST_STEP][PASSED] - if (value == y || value == y + 1 || value == y - 1): null

27-02-2025T17:31:21 - [TEST_STEP][PASSED] - if (value == y || value == y + 1 || value == y - 1): null

27-02-2025T17:31:21 - [TEST_STEP][PASSED] - if (value == y || value == y + 1 || value == y - 1): null

27-02-2025T17:31:21 - [TEST_STEP][PASSED] - if (value == y || value == y + 1 || value == y - 1): null

27-02-2025T17:31:21 - [TEST_STEP][PASSED] - y = value: null

27-02-2025T17:31:21 - [TEST_STEP][PASSED] - for (def tooltip : fieldTooltips): null

27-02-2025T17:31:21 - [TEST_STEP][PASSED] - if (value == y || value == y + 1 || value == y - 1): null

27-02-2025T17:31:21 - [TEST_STEP][PASSED] - if (value == y || value == y + 1 || value == y - 1): null

27-02-2025T17:31:21 - [TEST_STEP][PASSED] - if (value == y || value == y + 1 || value == y - 1): null

27-02-2025T17:31:21 - [TEST_STEP][PASSED] - if (value == y || value == y + 1 || value == y - 1): null

27-02-2025T17:31:21 - [TEST_STEP][PASSED] - if (value == y || value == y + 1 || value == y - 1): null

27-02-2025T17:31:21 - [TEST_STEP][PASSED] - if (value == y || value == y + 1 || value == y - 1): null

27-02-2025T17:31:21 - [TEST_STEP][PASSED] - tooltipMap.put(key, key): null

27-02-2025T17:31:21 - [TEST_STEP][PASSED] - break: null

27-02-2025T17:31:21 - [TEST_STEP][PASSED] - y = value: null

27-02-2025T17:31:21 - [TEST_STEP][PASSED] - for (def tooltip : fieldTooltips): null

27-02-2025T17:31:21 - [TEST_STEP][PASSED] - if (value == y || value == y + 1 || value == y - 1): null

27-02-2025T17:31:21 - [TEST_STEP][PASSED] - if (value == y || value == y + 1 || value == y - 1): null

27-02-2025T17:31:21 - [TEST_STEP][PASSED] - if (value == y || value == y + 1 || value == y - 1): null

27-02-2025T17:31:21 - [TEST_STEP][PASSED] - if (value == y || value == y + 1 || value == y - 1): null

27-02-2025T17:31:21 - [TEST_STEP][PASSED] - if (value == y || value == y + 1 || value == y - 1): null

27-02-2025T17:31:21 - [TEST_STEP][PASSED] - if (value == y || value == y + 1 || value == y - 1): null

27-02-2025T17:31:21 - [TEST_STEP][PASSED] - if (value == y || value == y + 1 || value == y - 1): null

27-02-2025T17:31:21 - [TEST_STEP][PASSED] - y = value: null

27-02-2025T17:31:21 - [TEST_STEP][PASSED] - for (def tooltip : fieldTooltips): null

27-02-2025T17:31:21 - [TEST_STEP][PASSED] - if (value == y || value == y + 1 || value == y - 1): null

27-02-2025T17:31:21 - [TEST_STEP][PASSED] - if (value == y || value == y + 1 || value == y - 1): null

27-02-2025T17:31:21 - [TEST_STEP][PASSED] - if (value == y || value == y + 1 || value == y - 1): null

27-02-2025T17:31:21 - [TEST_STEP][PASSED] - if (value == y || value == y + 1 || value == y - 1): null

27-02-2025T17:31:21 - [TEST_STEP][PASSED] - if (value == y || value == y + 1 || value == y - 1): null

27-02-2025T17:31:21 - [TEST_STEP][PASSED] - if (value == y || value == y + 1 || value == y - 1): null

27-02-2025T17:31:21 - [TEST_STEP][PASSED] - if (value == y || value == y + 1 || value == y - 1): null

27-02-2025T17:31:21 - [TEST_STEP][PASSED] - tooltipMap.put(key, key): null

27-02-2025T17:31:21 - [TEST_STEP][PASSED] - break: null

27-02-2025T17:31:21 - [TEST_STEP][PASSED] - return tooltipMap: null

27-02-2025T17:31:21 - [MESSAGE][PASSED] - Call Test Case 'Test Cases/_Functions/Get Tooltip Text' successfully

27-02-2025T17:31:21 - [TEST_STEP][PASSED] - if (tooltipMap.size() > 0): null

27-02-2025T17:31:21 - [TEST_STEP][PASSED] - file = fileBase + "_Tooltips.csv": null

27-02-2025T17:31:21 - [TEST_STEP][PASSED] - outText = "FIELD LABEL" + "," + "TOOLTIP TEXT" + "

": null

27-02-2025T17:31:21 - [TEST_STEP][PASSED] - for (def it : tooltipMap): null

27-02-2025T17:31:21 - [TEST_STEP][PASSED] - name = key: null

27-02-2025T17:31:21 - [TEST_STEP][PASSED] - value = value.replace("
", ""): null

27-02-2025T17:31:21 - [TEST_STEP][PASSED] - value = value.trim(): null

27-02-2025T17:31:21 - [TEST_STEP][PASSED] - value = """ + value + """: null

27-02-2025T17:31:21 - [TEST_STEP][PASSED] - outText = outText + name + "," + value: null

27-02-2025T17:31:21 - [TEST_STEP][PASSED] - outText = outText + "
": null

27-02-2025T17:31:21 - [TEST_STEP][PASSED] - println(outText): null

27-02-2025T17:31:21 - [TEST_STEP][PASSED] - name = key: null

27-02-2025T17:31:21 - [TEST_STEP][PASSED] - value = value.replace("
", ""): null

27-02-2025T17:31:21 - [TEST_STEP][PASSED] - value = value.trim(): null

27-02-2025T17:31:21 - [TEST_STEP][PASSED] - value = """ + value + """: null

27-02-2025T17:31:21 - [TEST_STEP][PASSED] - outText = outText + name + "," + value: null

27-02-2025T17:31:21 - [TEST_STEP][PASSED] - outText = outText + "
": null

27-02-2025T17:31:21 - [TEST_STEP][PASSED] - println(outText): null

27-02-2025T17:31:21 - [TEST_STEP][PASSED] - name = key: null

27-02-2025T17:31:21 - [TEST_STEP][PASSED] - value = value.replace("
", ""): null

27-02-2025T17:31:21 - [TEST_STEP][PASSED] - value = value.trim(): null

27-02-2025T17:31:21 - [TEST_STEP][PASSED] - value = """ + value + """: null

27-02-2025T17:31:21 - [TEST_STEP][PASSED] - outText = outText + name + "," + value: null

27-02-2025T17:31:21 - [TEST_STEP][PASSED] - outText = outText + "
": null

27-02-2025T17:31:21 - [TEST_STEP][PASSED] - println(outText): null

27-02-2025T17:31:21 - [TEST_STEP][PASSED] - name = key: null

27-02-2025T17:31:21 - [TEST_STEP][PASSED] - value = value.replace("
", ""): null

27-02-2025T17:31:21 - [TEST_STEP][PASSED] - value = value.trim(): null

27-02-2025T17:31:21 - [TEST_STEP][PASSED] - value = """ + value + """: null

27-02-2025T17:31:21 - [TEST_STEP][PASSED] - outText = outText + name + "," + value: null

27-02-2025T17:31:21 - [TEST_STEP][PASSED] - outText = outText + "
": null

27-02-2025T17:31:21 - [TEST_STEP][PASSED] - println(outText): null

27-02-2025T17:31:21 - [TEST_STEP][PASSED] - name = key: null

27-02-2025T17:31:21 - [TEST_STEP][PASSED] - value = value.replace("
", ""): null

27-02-2025T17:31:21 - [TEST_STEP][PASSED] - value = value.trim(): null

27-02-2025T17:31:21 - [TEST_STEP][PASSED] - value = """ + value + """: null

27-02-2025T17:31:21 - [TEST_STEP][PASSED] - outText = outText + name + "," + value: null

27-02-2025T17:31:21 - [TEST_STEP][PASSED] - outText = outText + "
": null

27-02-2025T17:31:21 - [TEST_STEP][PASSED] - println(outText): null

27-02-2025T17:31:21 - [TEST_STEP][PASSED] - name = key: null

27-02-2025T17:31:21 - [TEST_STEP][PASSED] - value = value.replace("
", ""): null

27-02-2025T17:31:21 - [TEST_STEP][PASSED] - value = value.trim(): null

27-02-2025T17:31:21 - [TEST_STEP][PASSED] - value = """ + value + """: null

27-02-2025T17:31:21 - [TEST_STEP][PASSED] - outText = outText + name + "," + value: null

27-02-2025T17:31:21 - [TEST_STEP][PASSED] - outText = outText + "
": null

27-02-2025T17:31:21 - [TEST_STEP][PASSED] - println(outText): null

27-02-2025T17:31:21 - [TEST_STEP][PASSED] - name = key: null

27-02-2025T17:31:21 - [TEST_STEP][PASSED] - value = value.replace("
", ""): null

27-02-2025T17:31:21 - [TEST_STEP][PASSED] - value = value.trim(): null

27-02-2025T17:31:21 - [TEST_STEP][PASSED] - value = """ + value + """: null

27-02-2025T17:31:21 - [TEST_STEP][PASSED] - outText = outText + name + "," + value: null

27-02-2025T17:31:21 - [TEST_STEP][PASSED] - outText = outText + "
": null

27-02-2025T17:31:21 - [TEST_STEP][PASSED] - println(outText): null

27-02-2025T17:31:21 - [TEST_STEP][PASSED] - outFile = new java.io.File(file): null

27-02-2025T17:31:21 - [TEST_STEP][PASSED] - println(outText): null

27-02-2025T17:31:21 - [TEST_STEP][PASSED] - outFile.write(outText): null

27-02-2025T17:31:21 - [TEST_STEP][PASSED] - takeFullPageScreenshot(fileImage): Taking screenshot successfully

27-02-2025T17:31:22 - [MESSAGE][INFO] - 0 hidden object(s)

27-02-2025T17:31:22 - [MESSAGE][PASSED] - Taking screenshot successfully
[[ATTACHMENT|/Users/cckozie/Documents/MissionNext/Screenshots and Tooltip Text/Register_Screenshot.png]]

27-02-2025T17:31:22 - [TEST_STEP][PASSED] - frame.dispose(): null

27-02-2025T17:31:22 - [TEST_STEP][PASSED] - return tooltipMap: null

27-02-2025T17:31:22 - [MESSAGE][PASSED] - Call Test Case 'Test Cases/_Functions/Get Screenshot and Tooltip Text' successfully

27-02-2025T17:31:22 - [TEST_STEP][PASSED] - driver = getWebDriver(): null

27-02-2025T17:31:22 - [TEST_STEP][PASSED] - action = new org.openqa.selenium.interactions.Actions(driver): null

27-02-2025T17:31:22 - [TEST_STEP][PASSED] - callTestCase(findTestCase("_Functions/Test Tooltips"), ["varTooltipImagePath":tooltipImagePath, "varTooltips":tooltips, "varTooltipText":tooltipText, "varTestObjectFolder":testObjectFolder, ... ], STOP_ON_FAILURE): Call Test Case 'Test Cases/_Functions/Test Tooltips' successfully

27-02-2025T17:31:22 - [TEST_CASE][PASSED] - Test Cases/_Functions/Test Tooltips: Test Cases/_Functions/Test Tooltips

27-02-2025T17:31:22 - [TEST_STEP][PASSED] - if (fastPath): null

27-02-2025T17:31:22 - [TEST_STEP][PASSED] - tooltipImagePath = varTooltipImagePath: null

27-02-2025T17:31:22 - [TEST_STEP][PASSED] - tooltips = varTooltips: null

27-02-2025T17:31:22 - [TEST_STEP][PASSED] - tooltipText = varTooltipText: null

27-02-2025T17:31:22 - [TEST_STEP][PASSED] - testObjectFolder = varTestObjectFolder: null

27-02-2025T17:31:22 - [TEST_STEP][PASSED] - tooltipTextMap = varTooltipTextMap: null

27-02-2025T17:31:22 - [TEST_STEP][PASSED] - writeFile = false: null

27-02-2025T17:31:22 - [TEST_STEP][PASSED] - if (outFile != ""): null

27-02-2025T17:31:22 - [TEST_STEP][PASSED] - myFile = outFile: null

27-02-2025T17:31:22 - [TEST_STEP][PASSED] - println(myFile): null

27-02-2025T17:31:22 - [TEST_STEP][PASSED] - outFile = new java.io.File(myFile): null

27-02-2025T17:31:22 - [TEST_STEP][PASSED] - writeFile = true: null

27-02-2025T17:31:22 - [TEST_STEP][PASSED] - driver = getWebDriver(): null

27-02-2025T17:31:22 - [TEST_STEP][PASSED] - action = new org.openqa.selenium.interactions.Actions(driver): null

27-02-2025T17:31:22 - [TEST_STEP][PASSED] - s = new org.sikuli.script.Screen(): null

27-02-2025T17:31:22 - [TEST_STEP][PASSED] - outText = "Verifying the tooltips can be displayed.
": null

27-02-2025T17:31:22 - [TEST_STEP][PASSED] - outFile.append(outText): null

27-02-2025T17:31:22 - [TEST_STEP][PASSED] - first = true: null

27-02-2025T17:31:22 - [TEST_STEP][PASSED] - for (def it : tooltips): null

27-02-2025T17:31:22 - [TEST_STEP][PASSED] - myKey = key: null

27-02-2025T17:31:22 - [TEST_STEP][PASSED] - myValue = value: null

27-02-2025T17:31:22 - [TEST_STEP][PASSED] - println("myKey is " + myKey): null

27-02-2025T17:31:22 - [TEST_STEP][PASSED] - println("myValue is " + myValue): null

27-02-2025T17:31:22 - [TEST_STEP][PASSED] - if (myKey != "dummy"): null

27-02-2025T17:31:22 - [TEST_STEP][PASSED] - else: null

27-02-2025T17:31:22 - [TEST_STEP][PASSED] - myImage = "/Users/cckozie/git/MissionNext-Katalon-Koz/images/dummy.png": null

27-02-2025T17:31:22 - [TEST_STEP][PASSED] - f = new java.io.File(myImage): null

27-02-2025T17:31:22 - [TEST_STEP][PASSED] - if (f.exists()): null

27-02-2025T17:31:22 - [TEST_STEP][PASSED] - println("Looking for " + myImage): null

27-02-2025T17:31:22 - [TEST_STEP][PASSED] - icn = Pattern(myImage).similar(0.10): null

27-02-2025T17:31:22 - [TEST_STEP][PASSED] - found = s.exists(icn): null

27-02-2025T17:31:23 - [TEST_STEP][PASSED] - println(found): null

27-02-2025T17:31:23 - [TEST_STEP][PASSED] - if (found != null): null

27-02-2025T17:31:23 - [TEST_STEP][PASSED] - foundStr = found.toString(): null

27-02-2025T17:31:23 - [TEST_STEP][PASSED] - matchP = foundStr.indexOf("%"): null

27-02-2025T17:31:23 - [TEST_STEP][PASSED] - if (matchP >= 0): null

27-02-2025T17:31:23 - [TEST_STEP][PASSED] - println(matchP): null

27-02-2025T17:31:23 - [TEST_STEP][PASSED] - pct = foundStr.substring(matchP + 1, matchP + 6): null

27-02-2025T17:31:23 - [TEST_STEP][PASSED] - pctF = pct.toFloat(): null

27-02-2025T17:31:23 - [TEST_STEP][PASSED] - outText = "+++ Tooltip match value for " + myKey + " is " + pctF + "%": null

27-02-2025T17:31:23 - [TEST_STEP][PASSED] - min = 80: null

27-02-2025T17:31:23 - [TEST_STEP][PASSED] - if (pctF.toFloat() < min.toFloat()): null

27-02-2025T17:31:23 - [TEST_STEP][PASSED] - outText = ">>>>> " + outText + " <<<<<": null

27-02-2025T17:31:23 - [TEST_STEP][PASSED] - if (myKey != "dummy"): null

27-02-2025T17:31:23 - [TEST_STEP][PASSED] - myKey = key: null

27-02-2025T17:31:23 - [TEST_STEP][PASSED] - myValue = value: null

27-02-2025T17:31:23 - [TEST_STEP][PASSED] - println("myKey is " + myKey): null

27-02-2025T17:31:23 - [TEST_STEP][PASSED] - println("myValue is " + myValue): null

27-02-2025T17:31:23 - [TEST_STEP][PASSED] - if (myKey != "dummy"): null

27-02-2025T17:31:23 - [TEST_STEP][PASSED] - tObj = testObjectFolder + myValue: null

27-02-2025T17:31:23 - [TEST_STEP][PASSED] - click(tObj): null

27-02-2025T17:31:23 - [TEST_STEP][PASSED] - scrollToObject(object): null

27-02-2025T17:31:23 - [TEST_STEP][PASSED] - println("Converting " + object + " to web element"): null

27-02-2025T17:31:23 - [TEST_STEP][PASSED] - element = findWebElement(findTestObject(object), 1): null

27-02-2025T17:31:23 - [TEST_STEP][PASSED] - loc = element.getLocation(): null

27-02-2025T17:31:23 - [TEST_STEP][PASSED] - x = loc.getX(): null

27-02-2025T17:31:23 - [TEST_STEP][PASSED] - if (x >= 560): null

27-02-2025T17:31:23 - [TEST_STEP][PASSED] - y = loc.getY(): null

27-02-2025T17:31:23 - [TEST_STEP][PASSED] - println("Y location is " + y): null

27-02-2025T17:31:23 - [TEST_STEP][PASSED] - top = getViewportTopPosition(): Current viewport's top (y) position is 651

27-02-2025T17:31:23 - [MESSAGE][PASSED] - Current viewport's top (y) position is 651

27-02-2025T17:31:23 - [TEST_STEP][PASSED] - println("Viewport top is " + top): null

27-02-2025T17:31:23 - [TEST_STEP][PASSED] - bottom = top + 600: null

27-02-2025T17:31:23 - [TEST_STEP][PASSED] - if (y - top < 150 || bottom - y < 10): Delayed 1 second(s)

27-02-2025T17:31:23 - [TEST_STEP][PASSED] - scrollToPosition(0, y - 170): Browser is scrolled to position x = 0, y = 247

27-02-2025T17:31:23 - [MESSAGE][PASSED] - Browser is scrolled to position x = 0, y = 247

27-02-2025T17:31:23 - [TEST_STEP][PASSED] - delay(1): Delayed 1 second(s)

27-02-2025T17:31:24 - [MESSAGE][PASSED] - Delayed 1 second(s)

27-02-2025T17:31:24 - [TEST_STEP][PASSED] - click(findTestObject(object)): null

27-02-2025T17:31:24 - [MESSAGE][PASSED] - Object: 'Object Repository/Journey Candidate Profile/Register/img_Username_field-tooltip' is clicked on

27-02-2025T17:31:24 - [TEST_STEP][PASSED] - delay(1): Delayed 1 second(s)

27-02-2025T17:31:25 - [MESSAGE][PASSED] - Delayed 1 second(s)

27-02-2025T17:31:25 - [TEST_STEP][PASSED] - myImage = tooltipImagePath + myKey + ".png": null

27-02-2025T17:31:25 - [TEST_STEP][PASSED] - f = new java.io.File(myImage): null

27-02-2025T17:31:25 - [TEST_STEP][PASSED] - if (f.exists()): null

27-02-2025T17:31:25 - [TEST_STEP][PASSED] - println("Looking for " + myImage): null

27-02-2025T17:31:25 - [TEST_STEP][PASSED] - icn = Pattern(myImage).similar(0.10): null

27-02-2025T17:31:25 - [TEST_STEP][PASSED] - found = s.exists(icn): null

27-02-2025T17:31:25 - [TEST_STEP][PASSED] - println(found): null

27-02-2025T17:31:25 - [TEST_STEP][PASSED] - if (found != null): null

27-02-2025T17:31:25 - [TEST_STEP][PASSED] - foundStr = found.toString(): null

27-02-2025T17:31:25 - [TEST_STEP][PASSED] - matchP = foundStr.indexOf("%"): null

27-02-2025T17:31:25 - [TEST_STEP][PASSED] - if (matchP >= 0): null

27-02-2025T17:31:25 - [TEST_STEP][PASSED] - println(matchP): null

27-02-2025T17:31:25 - [TEST_STEP][PASSED] - pct = foundStr.substring(matchP + 1, matchP + 6): null

27-02-2025T17:31:25 - [TEST_STEP][PASSED] - pctF = pct.toFloat(): null

27-02-2025T17:31:25 - [TEST_STEP][PASSED] - outText = "+++ Tooltip match value for " + myKey + " is " + pctF + "%": null

27-02-2025T17:31:25 - [TEST_STEP][PASSED] - min = 80: null

27-02-2025T17:31:25 - [TEST_STEP][PASSED] - if (pctF.toFloat() < min.toFloat()): null

27-02-2025T17:31:25 - [TEST_STEP][PASSED] - if (myKey != "dummy"): null

27-02-2025T17:31:25 - [TEST_STEP][PASSED] - println(outText): null

27-02-2025T17:31:25 - [TEST_STEP][PASSED] - outFile.append(outText + "
"): null

27-02-2025T17:31:25 - [TEST_STEP][PASSED] - myKey = key: null

27-02-2025T17:31:25 - [TEST_STEP][PASSED] - myValue = value: null

27-02-2025T17:31:25 - [TEST_STEP][PASSED] - println("myKey is " + myKey): null

27-02-2025T17:31:25 - [TEST_STEP][PASSED] - println("myValue is " + myValue): null

27-02-2025T17:31:25 - [TEST_STEP][PASSED] - if (myKey != "dummy"): null

27-02-2025T17:31:25 - [TEST_STEP][PASSED] - tObj = testObjectFolder + myValue: null

27-02-2025T17:31:25 - [TEST_STEP][PASSED] - click(tObj): null

27-02-2025T17:31:25 - [TEST_STEP][PASSED] - scrollToObject(object): null

27-02-2025T17:31:25 - [TEST_STEP][PASSED] - println("Converting " + object + " to web element"): null

27-02-2025T17:31:25 - [TEST_STEP][PASSED] - element = findWebElement(findTestObject(object), 1): null

27-02-2025T17:31:25 - [TEST_STEP][PASSED] - loc = element.getLocation(): null

27-02-2025T17:31:25 - [TEST_STEP][PASSED] - x = loc.getX(): null

27-02-2025T17:31:25 - [TEST_STEP][PASSED] - if (x >= 560): null

27-02-2025T17:31:25 - [TEST_STEP][PASSED] - y = loc.getY(): null

27-02-2025T17:31:25 - [TEST_STEP][PASSED] - println("Y location is " + y): null

27-02-2025T17:31:25 - [TEST_STEP][PASSED] - top = getViewportTopPosition(): Current viewport's top (y) position is 247

27-02-2025T17:31:25 - [MESSAGE][PASSED] - Current viewport's top (y) position is 247

27-02-2025T17:31:25 - [TEST_STEP][PASSED] - println("Viewport top is " + top): null

27-02-2025T17:31:25 - [TEST_STEP][PASSED] - bottom = top + 600: null

27-02-2025T17:31:25 - [TEST_STEP][PASSED] - if (y - top < 150 || bottom - y < 10): null

27-02-2025T17:31:25 - [TEST_STEP][PASSED] - click(findTestObject(object)): null

27-02-2025T17:31:25 - [MESSAGE][PASSED] - Object: 'Object Repository/Journey Candidate Profile/Register/img_Email_field-tooltip' is clicked on

27-02-2025T17:31:25 - [TEST_STEP][PASSED] - delay(1): Delayed 1 second(s)

27-02-2025T17:31:26 - [MESSAGE][PASSED] - Delayed 1 second(s)

27-02-2025T17:31:26 - [TEST_STEP][PASSED] - myImage = tooltipImagePath + myKey + ".png": null

27-02-2025T17:31:26 - [TEST_STEP][PASSED] - f = new java.io.File(myImage): null

27-02-2025T17:31:26 - [TEST_STEP][PASSED] - if (f.exists()): null

27-02-2025T17:31:26 - [TEST_STEP][PASSED] - println("Looking for " + myImage): null

27-02-2025T17:31:26 - [TEST_STEP][PASSED] - icn = Pattern(myImage).similar(0.10): null

27-02-2025T17:31:26 - [TEST_STEP][PASSED] - found = s.exists(icn): null

27-02-2025T17:31:26 - [TEST_STEP][PASSED] - println(found): null

27-02-2025T17:31:26 - [TEST_STEP][PASSED] - if (found != null): null

27-02-2025T17:31:26 - [TEST_STEP][PASSED] - foundStr = found.toString(): null

27-02-2025T17:31:26 - [TEST_STEP][PASSED] - matchP = foundStr.indexOf("%"): null

27-02-2025T17:31:26 - [TEST_STEP][PASSED] - if (matchP >= 0): null

27-02-2025T17:31:26 - [TEST_STEP][PASSED] - println(matchP): null

27-02-2025T17:31:26 - [TEST_STEP][PASSED] - pct = foundStr.substring(matchP + 1, matchP + 6): null

27-02-2025T17:31:26 - [TEST_STEP][PASSED] - pctF = pct.toFloat(): null

27-02-2025T17:31:26 - [TEST_STEP][PASSED] - outText = "+++ Tooltip match value for " + myKey + " is " + pctF + "%": null

27-02-2025T17:31:26 - [TEST_STEP][PASSED] - min = 80: null

27-02-2025T17:31:26 - [TEST_STEP][PASSED] - if (pctF.toFloat() < min.toFloat()): null

27-02-2025T17:31:26 - [TEST_STEP][PASSED] - if (myKey != "dummy"): null

27-02-2025T17:31:26 - [TEST_STEP][PASSED] - println(outText): null

27-02-2025T17:31:26 - [TEST_STEP][PASSED] - outFile.append(outText + "
"): null

27-02-2025T17:31:26 - [TEST_STEP][PASSED] - myKey = key: null

27-02-2025T17:31:26 - [TEST_STEP][PASSED] - myValue = value: null

27-02-2025T17:31:26 - [TEST_STEP][PASSED] - println("myKey is " + myKey): null

27-02-2025T17:31:26 - [TEST_STEP][PASSED] - println("myValue is " + myValue): null

27-02-2025T17:31:26 - [TEST_STEP][PASSED] - if (myKey != "dummy"): null

27-02-2025T17:31:26 - [TEST_STEP][PASSED] - tObj = testObjectFolder + myValue: null

27-02-2025T17:31:26 - [TEST_STEP][PASSED] - click(tObj): null

27-02-2025T17:31:26 - [TEST_STEP][PASSED] - scrollToObject(object): null

27-02-2025T17:31:26 - [TEST_STEP][PASSED] - println("Converting " + object + " to web element"): null

27-02-2025T17:31:26 - [TEST_STEP][PASSED] - element = findWebElement(findTestObject(object), 1): null

27-02-2025T17:31:26 - [TEST_STEP][PASSED] - loc = element.getLocation(): null

27-02-2025T17:31:26 - [TEST_STEP][PASSED] - x = loc.getX(): null

27-02-2025T17:31:26 - [TEST_STEP][PASSED] - if (x >= 560): null

27-02-2025T17:31:26 - [TEST_STEP][PASSED] - y = loc.getY(): null

27-02-2025T17:31:26 - [TEST_STEP][PASSED] - println("Y location is " + y): null

27-02-2025T17:31:26 - [TEST_STEP][PASSED] - top = getViewportTopPosition(): Current viewport's top (y) position is 247

27-02-2025T17:31:26 - [MESSAGE][PASSED] - Current viewport's top (y) position is 247

27-02-2025T17:31:26 - [TEST_STEP][PASSED] - println("Viewport top is " + top): null

27-02-2025T17:31:26 - [TEST_STEP][PASSED] - bottom = top + 600: null

27-02-2025T17:31:26 - [TEST_STEP][PASSED] - if (y - top < 150 || bottom - y < 10): null

27-02-2025T17:31:26 - [TEST_STEP][PASSED] - click(findTestObject(object)): null

27-02-2025T17:31:26 - [MESSAGE][PASSED] - Object: 'Object Repository/Journey Candidate Profile/Register/img_Password_field-tooltip' is clicked on

27-02-2025T17:31:26 - [TEST_STEP][PASSED] - delay(1): Delayed 1 second(s)

27-02-2025T17:31:27 - [MESSAGE][PASSED] - Delayed 1 second(s)

27-02-2025T17:31:27 - [TEST_STEP][PASSED] - myImage = tooltipImagePath + myKey + ".png": null

27-02-2025T17:31:27 - [TEST_STEP][PASSED] - f = new java.io.File(myImage): null

27-02-2025T17:31:27 - [TEST_STEP][PASSED] - if (f.exists()): null

27-02-2025T17:31:27 - [TEST_STEP][PASSED] - println("Looking for " + myImage): null

27-02-2025T17:31:27 - [TEST_STEP][PASSED] - icn = Pattern(myImage).similar(0.10): null

27-02-2025T17:31:27 - [TEST_STEP][PASSED] - found = s.exists(icn): null

27-02-2025T17:31:28 - [TEST_STEP][PASSED] - println(found): null

27-02-2025T17:31:28 - [TEST_STEP][PASSED] - if (found != null): null

27-02-2025T17:31:28 - [TEST_STEP][PASSED] - foundStr = found.toString(): null

27-02-2025T17:31:28 - [TEST_STEP][PASSED] - matchP = foundStr.indexOf("%"): null

27-02-2025T17:31:28 - [TEST_STEP][PASSED] - if (matchP >= 0): null

27-02-2025T17:31:28 - [TEST_STEP][PASSED] - println(matchP): null

27-02-2025T17:31:28 - [TEST_STEP][PASSED] - pct = foundStr.substring(matchP + 1, matchP + 6): null

27-02-2025T17:31:28 - [TEST_STEP][PASSED] - pctF = pct.toFloat(): null

27-02-2025T17:31:28 - [TEST_STEP][PASSED] - outText = "+++ Tooltip match value for " + myKey + " is " + pctF + "%": null

27-02-2025T17:31:28 - [TEST_STEP][PASSED] - min = 80: null

27-02-2025T17:31:28 - [TEST_STEP][PASSED] - if (pctF.toFloat() < min.toFloat()): null

27-02-2025T17:31:28 - [TEST_STEP][PASSED] - if (myKey != "dummy"): null

27-02-2025T17:31:28 - [TEST_STEP][PASSED] - println(outText): null

27-02-2025T17:31:28 - [TEST_STEP][PASSED] - outFile.append(outText + "
"): null

27-02-2025T17:31:28 - [TEST_STEP][PASSED] - myKey = key: null

27-02-2025T17:31:28 - [TEST_STEP][PASSED] - myValue = value: null

27-02-2025T17:31:28 - [TEST_STEP][PASSED] - println("myKey is " + myKey): null

27-02-2025T17:31:28 - [TEST_STEP][PASSED] - println("myValue is " + myValue): null

27-02-2025T17:31:28 - [TEST_STEP][PASSED] - if (myKey != "dummy"): null

27-02-2025T17:31:28 - [TEST_STEP][PASSED] - tObj = testObjectFolder + myValue: null

27-02-2025T17:31:28 - [TEST_STEP][PASSED] - click(tObj): null

27-02-2025T17:31:28 - [TEST_STEP][PASSED] - scrollToObject(object): null

27-02-2025T17:31:28 - [TEST_STEP][PASSED] - println("Converting " + object + " to web element"): null

27-02-2025T17:31:28 - [TEST_STEP][PASSED] - element = findWebElement(findTestObject(object), 1): null

27-02-2025T17:31:28 - [TEST_STEP][PASSED] - loc = element.getLocation(): null

27-02-2025T17:31:28 - [TEST_STEP][PASSED] - x = loc.getX(): null

27-02-2025T17:31:28 - [TEST_STEP][PASSED] - if (x >= 560): null

27-02-2025T17:31:28 - [TEST_STEP][PASSED] - y = loc.getY(): null

27-02-2025T17:31:28 - [TEST_STEP][PASSED] - println("Y location is " + y): null

27-02-2025T17:31:28 - [TEST_STEP][PASSED] - top = getViewportTopPosition(): Current viewport's top (y) position is 247

27-02-2025T17:31:28 - [MESSAGE][PASSED] - Current viewport's top (y) position is 247

27-02-2025T17:31:28 - [TEST_STEP][PASSED] - println("Viewport top is " + top): null

27-02-2025T17:31:28 - [TEST_STEP][PASSED] - bottom = top + 600: null

27-02-2025T17:31:28 - [TEST_STEP][PASSED] - if (y - top < 150 || bottom - y < 10): null

27-02-2025T17:31:28 - [TEST_STEP][PASSED] - click(findTestObject(object)): null

27-02-2025T17:31:28 - [MESSAGE][PASSED] - Object: 'Object Repository/Journey Candidate Profile/Register/img_First Name_field-tooltip' is clicked on

27-02-2025T17:31:28 - [TEST_STEP][PASSED] - delay(1): Delayed 1 second(s)

27-02-2025T17:31:29 - [MESSAGE][PASSED] - Delayed 1 second(s)

27-02-2025T17:31:29 - [TEST_STEP][PASSED] - myImage = tooltipImagePath + myKey + ".png": null

27-02-2025T17:31:29 - [TEST_STEP][PASSED] - f = new java.io.File(myImage): null

27-02-2025T17:31:29 - [TEST_STEP][PASSED] - if (f.exists()): null

27-02-2025T17:31:29 - [TEST_STEP][PASSED] - println("Looking for " + myImage): null

27-02-2025T17:31:29 - [TEST_STEP][PASSED] - icn = Pattern(myImage).similar(0.10): null

27-02-2025T17:31:29 - [TEST_STEP][PASSED] - found = s.exists(icn): null

27-02-2025T17:31:29 - [TEST_STEP][PASSED] - println(found): null

27-02-2025T17:31:29 - [TEST_STEP][PASSED] - if (found != null): null

27-02-2025T17:31:29 - [TEST_STEP][PASSED] - foundStr = found.toString(): null

27-02-2025T17:31:29 - [TEST_STEP][PASSED] - matchP = foundStr.indexOf("%"): null

27-02-2025T17:31:29 - [TEST_STEP][PASSED] - if (matchP >= 0): null

27-02-2025T17:31:29 - [TEST_STEP][PASSED] - println(matchP): null

27-02-2025T17:31:29 - [TEST_STEP][PASSED] - pct = foundStr.substring(matchP + 1, matchP + 6): null

27-02-2025T17:31:29 - [TEST_STEP][PASSED] - pctF = pct.toFloat(): null

27-02-2025T17:31:29 - [TEST_STEP][PASSED] - outText = "+++ Tooltip match value for " + myKey + " is " + pctF + "%": null

27-02-2025T17:31:29 - [TEST_STEP][PASSED] - min = 80: null

27-02-2025T17:31:29 - [TEST_STEP][PASSED] - if (pctF.toFloat() < min.toFloat()): null

27-02-2025T17:31:29 - [TEST_STEP][PASSED] - if (myKey != "dummy"): null

27-02-2025T17:31:29 - [TEST_STEP][PASSED] - println(outText): null

27-02-2025T17:31:29 - [TEST_STEP][PASSED] - outFile.append(outText + "
"): null

27-02-2025T17:31:29 - [TEST_STEP][PASSED] - myKey = key: null

27-02-2025T17:31:29 - [TEST_STEP][PASSED] - myValue = value: null

27-02-2025T17:31:29 - [TEST_STEP][PASSED] - println("myKey is " + myKey): null

27-02-2025T17:31:29 - [TEST_STEP][PASSED] - println("myValue is " + myValue): null

27-02-2025T17:31:29 - [TEST_STEP][PASSED] - if (myKey != "dummy"): null

27-02-2025T17:31:29 - [TEST_STEP][PASSED] - tObj = testObjectFolder + myValue: null

27-02-2025T17:31:29 - [TEST_STEP][PASSED] - click(tObj): null

27-02-2025T17:31:29 - [TEST_STEP][PASSED] - scrollToObject(object): null

27-02-2025T17:31:29 - [TEST_STEP][PASSED] - println("Converting " + object + " to web element"): null

27-02-2025T17:31:29 - [TEST_STEP][PASSED] - element = findWebElement(findTestObject(object), 1): null

27-02-2025T17:31:29 - [TEST_STEP][PASSED] - loc = element.getLocation(): null

27-02-2025T17:31:29 - [TEST_STEP][PASSED] - x = loc.getX(): null

27-02-2025T17:31:29 - [TEST_STEP][PASSED] - if (x >= 560): null

27-02-2025T17:31:29 - [TEST_STEP][PASSED] - y = loc.getY(): null

27-02-2025T17:31:29 - [TEST_STEP][PASSED] - println("Y location is " + y): null

27-02-2025T17:31:29 - [TEST_STEP][PASSED] - top = getViewportTopPosition(): Current viewport's top (y) position is 247

27-02-2025T17:31:29 - [MESSAGE][PASSED] - Current viewport's top (y) position is 247

27-02-2025T17:31:29 - [TEST_STEP][PASSED] - println("Viewport top is " + top): null

27-02-2025T17:31:29 - [TEST_STEP][PASSED] - bottom = top + 600: null

27-02-2025T17:31:29 - [TEST_STEP][PASSED] - if (y - top < 150 || bottom - y < 10): null

27-02-2025T17:31:29 - [TEST_STEP][PASSED] - click(findTestObject(object)): null

27-02-2025T17:31:29 - [MESSAGE][PASSED] - Object: 'Object Repository/Journey Candidate Profile/Register/img_Last Name_field-tooltip' is clicked on

27-02-2025T17:31:29 - [TEST_STEP][PASSED] - delay(1): Delayed 1 second(s)

27-02-2025T17:31:30 - [MESSAGE][PASSED] - Delayed 1 second(s)

27-02-2025T17:31:30 - [TEST_STEP][PASSED] - myImage = tooltipImagePath + myKey + ".png": null

27-02-2025T17:31:30 - [TEST_STEP][PASSED] - f = new java.io.File(myImage): null

27-02-2025T17:31:30 - [TEST_STEP][PASSED] - if (f.exists()): null

27-02-2025T17:31:30 - [TEST_STEP][PASSED] - println("Looking for " + myImage): null

27-02-2025T17:31:30 - [TEST_STEP][PASSED] - icn = Pattern(myImage).similar(0.10): null

27-02-2025T17:31:30 - [TEST_STEP][PASSED] - found = s.exists(icn): null

27-02-2025T17:31:30 - [TEST_STEP][PASSED] - println(found): null

27-02-2025T17:31:30 - [TEST_STEP][PASSED] - if (found != null): null

27-02-2025T17:31:30 - [TEST_STEP][PASSED] - foundStr = found.toString(): null

27-02-2025T17:31:30 - [TEST_STEP][PASSED] - matchP = foundStr.indexOf("%"): null

27-02-2025T17:31:30 - [TEST_STEP][PASSED] - if (matchP >= 0): null

27-02-2025T17:31:30 - [TEST_STEP][PASSED] - println(matchP): null

27-02-2025T17:31:30 - [TEST_STEP][PASSED] - pct = foundStr.substring(matchP + 1, matchP + 6): null

27-02-2025T17:31:30 - [TEST_STEP][PASSED] - pctF = pct.toFloat(): null

27-02-2025T17:31:30 - [TEST_STEP][PASSED] - outText = "+++ Tooltip match value for " + myKey + " is " + pctF + "%": null

27-02-2025T17:31:30 - [TEST_STEP][PASSED] - min = 80: null

27-02-2025T17:31:30 - [TEST_STEP][PASSED] - if (pctF.toFloat() < min.toFloat()): null

27-02-2025T17:31:30 - [TEST_STEP][PASSED] - if (myKey != "dummy"): null

27-02-2025T17:31:30 - [TEST_STEP][PASSED] - println(outText): null

27-02-2025T17:31:30 - [TEST_STEP][PASSED] - outFile.append(outText + "
"): null

27-02-2025T17:31:30 - [TEST_STEP][PASSED] - myKey = key: null

27-02-2025T17:31:30 - [TEST_STEP][PASSED] - myValue = value: null

27-02-2025T17:31:30 - [TEST_STEP][PASSED] - println("myKey is " + myKey): null

27-02-2025T17:31:30 - [TEST_STEP][PASSED] - println("myValue is " + myValue): null

27-02-2025T17:31:30 - [TEST_STEP][PASSED] - if (myKey != "dummy"): null

27-02-2025T17:31:30 - [TEST_STEP][PASSED] - tObj = testObjectFolder + myValue: null

27-02-2025T17:31:30 - [TEST_STEP][PASSED] - click(tObj): null

27-02-2025T17:31:30 - [TEST_STEP][PASSED] - scrollToObject(object): null

27-02-2025T17:31:30 - [TEST_STEP][PASSED] - println("Converting " + object + " to web element"): null

27-02-2025T17:31:30 - [TEST_STEP][PASSED] - element = findWebElement(findTestObject(object), 1): null

27-02-2025T17:31:30 - [TEST_STEP][PASSED] - loc = element.getLocation(): null

27-02-2025T17:31:30 - [TEST_STEP][PASSED] - x = loc.getX(): null

27-02-2025T17:31:30 - [TEST_STEP][PASSED] - if (x >= 560): null

27-02-2025T17:31:30 - [TEST_STEP][PASSED] - y = loc.getY(): null

27-02-2025T17:31:30 - [TEST_STEP][PASSED] - println("Y location is " + y): null

27-02-2025T17:31:30 - [TEST_STEP][PASSED] - top = getViewportTopPosition(): Current viewport's top (y) position is 247

27-02-2025T17:31:30 - [MESSAGE][PASSED] - Current viewport's top (y) position is 247

27-02-2025T17:31:30 - [TEST_STEP][PASSED] - println("Viewport top is " + top): null

27-02-2025T17:31:30 - [TEST_STEP][PASSED] - bottom = top + 600: null

27-02-2025T17:31:30 - [TEST_STEP][PASSED] - if (y - top < 150 || bottom - y < 10): Delayed 1 second(s)

27-02-2025T17:31:30 - [TEST_STEP][PASSED] - scrollToPosition(0, y - 170): Browser is scrolled to position x = 0, y = 676

27-02-2025T17:31:30 - [MESSAGE][PASSED] - Browser is scrolled to position x = 0, y = 676

27-02-2025T17:31:30 - [TEST_STEP][PASSED] - delay(1): Delayed 1 second(s)

27-02-2025T17:31:31 - [MESSAGE][PASSED] - Delayed 1 second(s)

27-02-2025T17:31:31 - [TEST_STEP][PASSED] - click(findTestObject(object)): null

27-02-2025T17:31:31 - [MESSAGE][PASSED] - Object: 'Object Repository/Journey Candidate Profile/Register/img_Learn About Us_field-tooltip' is clicked on

27-02-2025T17:31:31 - [TEST_STEP][PASSED] - delay(1): Delayed 1 second(s)

27-02-2025T17:31:32 - [MESSAGE][PASSED] - Delayed 1 second(s)

27-02-2025T17:31:32 - [TEST_STEP][PASSED] - myImage = tooltipImagePath + myKey + ".png": null

27-02-2025T17:31:32 - [TEST_STEP][PASSED] - f = new java.io.File(myImage): null

27-02-2025T17:31:32 - [TEST_STEP][PASSED] - if (f.exists()): null

27-02-2025T17:31:32 - [TEST_STEP][PASSED] - println("Looking for " + myImage): null

27-02-2025T17:31:32 - [TEST_STEP][PASSED] - icn = Pattern(myImage).similar(0.10): null

27-02-2025T17:31:32 - [TEST_STEP][PASSED] - found = s.exists(icn): null

27-02-2025T17:31:32 - [TEST_STEP][PASSED] - println(found): null

27-02-2025T17:31:32 - [TEST_STEP][PASSED] - if (found != null): null

27-02-2025T17:31:32 - [TEST_STEP][PASSED] - foundStr = found.toString(): null

27-02-2025T17:31:32 - [TEST_STEP][PASSED] - matchP = foundStr.indexOf("%"): null

27-02-2025T17:31:32 - [TEST_STEP][PASSED] - if (matchP >= 0): null

27-02-2025T17:31:32 - [TEST_STEP][PASSED] - println(matchP): null

27-02-2025T17:31:32 - [TEST_STEP][PASSED] - pct = foundStr.substring(matchP + 1, matchP + 6): null

27-02-2025T17:31:32 - [TEST_STEP][PASSED] - pctF = pct.toFloat(): null

27-02-2025T17:31:32 - [TEST_STEP][PASSED] - outText = "+++ Tooltip match value for " + myKey + " is " + pctF + "%": null

27-02-2025T17:31:32 - [TEST_STEP][PASSED] - min = 80: null

27-02-2025T17:31:32 - [TEST_STEP][PASSED] - if (pctF.toFloat() < min.toFloat()): null

27-02-2025T17:31:32 - [TEST_STEP][PASSED] - if (myKey != "dummy"): null

27-02-2025T17:31:32 - [TEST_STEP][PASSED] - println(outText): null

27-02-2025T17:31:32 - [TEST_STEP][PASSED] - outFile.append(outText + "
"): null

27-02-2025T17:31:32 - [TEST_STEP][PASSED] - myKey = key: null

27-02-2025T17:31:32 - [TEST_STEP][PASSED] - myValue = value: null

27-02-2025T17:31:32 - [TEST_STEP][PASSED] - println("myKey is " + myKey): null

27-02-2025T17:31:32 - [TEST_STEP][PASSED] - println("myValue is " + myValue): null

27-02-2025T17:31:32 - [TEST_STEP][PASSED] - if (myKey != "dummy"): null

27-02-2025T17:31:32 - [TEST_STEP][PASSED] - tObj = testObjectFolder + myValue: null

27-02-2025T17:31:32 - [TEST_STEP][PASSED] - click(tObj): null

27-02-2025T17:31:32 - [TEST_STEP][PASSED] - scrollToObject(object): null

27-02-2025T17:31:32 - [TEST_STEP][PASSED] - println("Converting " + object + " to web element"): null

27-02-2025T17:31:32 - [TEST_STEP][PASSED] - element = findWebElement(findTestObject(object), 1): null

27-02-2025T17:31:32 - [TEST_STEP][PASSED] - loc = element.getLocation(): null

27-02-2025T17:31:32 - [TEST_STEP][PASSED] - x = loc.getX(): null

27-02-2025T17:31:32 - [TEST_STEP][PASSED] - if (x >= 560): null

27-02-2025T17:31:32 - [TEST_STEP][PASSED] - y = loc.getY(): null

27-02-2025T17:31:32 - [TEST_STEP][PASSED] - println("Y location is " + y): null

27-02-2025T17:31:32 - [TEST_STEP][PASSED] - top = getViewportTopPosition(): Current viewport's top (y) position is 651

27-02-2025T17:31:32 - [MESSAGE][PASSED] - Current viewport's top (y) position is 651

27-02-2025T17:31:32 - [TEST_STEP][PASSED] - println("Viewport top is " + top): null

27-02-2025T17:31:32 - [TEST_STEP][PASSED] - bottom = top + 600: null

27-02-2025T17:31:32 - [TEST_STEP][PASSED] - if (y - top < 150 || bottom - y < 10): null

27-02-2025T17:31:32 - [TEST_STEP][PASSED] - click(findTestObject(object)): null

27-02-2025T17:31:32 - [MESSAGE][PASSED] - Object: 'Object Repository/Journey Candidate Profile/Register/img_Terms and Conditions_field-tooltip' is clicked on

27-02-2025T17:31:32 - [TEST_STEP][PASSED] - delay(1): Delayed 1 second(s)

27-02-2025T17:31:33 - [MESSAGE][PASSED] - Delayed 1 second(s)

27-02-2025T17:31:33 - [TEST_STEP][PASSED] - myImage = tooltipImagePath + myKey + ".png": null

27-02-2025T17:31:33 - [TEST_STEP][PASSED] - f = new java.io.File(myImage): null

27-02-2025T17:31:33 - [TEST_STEP][PASSED] - if (f.exists()): null

27-02-2025T17:31:33 - [TEST_STEP][PASSED] - println("Looking for " + myImage): null

27-02-2025T17:31:33 - [TEST_STEP][PASSED] - icn = Pattern(myImage).similar(0.10): null

27-02-2025T17:31:33 - [TEST_STEP][PASSED] - found = s.exists(icn): null

27-02-2025T17:31:33 - [TEST_STEP][PASSED] - println(found): null

27-02-2025T17:31:33 - [TEST_STEP][PASSED] - if (found != null): null

27-02-2025T17:31:33 - [TEST_STEP][PASSED] - foundStr = found.toString(): null

27-02-2025T17:31:33 - [TEST_STEP][PASSED] - matchP = foundStr.indexOf("%"): null

27-02-2025T17:31:33 - [TEST_STEP][PASSED] - if (matchP >= 0): null

27-02-2025T17:31:33 - [TEST_STEP][PASSED] - println(matchP): null

27-02-2025T17:31:33 - [TEST_STEP][PASSED] - pct = foundStr.substring(matchP + 1, matchP + 6): null

27-02-2025T17:31:33 - [TEST_STEP][PASSED] - pctF = pct.toFloat(): null

27-02-2025T17:31:33 - [TEST_STEP][PASSED] - outText = "+++ Tooltip match value for " + myKey + " is " + pctF + "%": null

27-02-2025T17:31:33 - [TEST_STEP][PASSED] - min = 80: null

27-02-2025T17:31:33 - [TEST_STEP][PASSED] - if (pctF.toFloat() < min.toFloat()): null

27-02-2025T17:31:33 - [TEST_STEP][PASSED] - if (myKey != "dummy"): null

27-02-2025T17:31:33 - [TEST_STEP][PASSED] - println(outText): null

27-02-2025T17:31:33 - [TEST_STEP][PASSED] - outFile.append(outText + "
"): null

27-02-2025T17:31:33 - [TEST_STEP][PASSED] - outText = "Verifying the tooltip text on the page is what was expected.
": null

27-02-2025T17:31:33 - [TEST_STEP][PASSED] - println(tooltipTextMap): null

27-02-2025T17:31:33 - [TEST_STEP][PASSED] - outFile.append(outText): null

27-02-2025T17:31:33 - [TEST_STEP][PASSED] - for (def it : tooltipText): null

27-02-2025T17:31:33 - [TEST_STEP][PASSED] - println(it): null

27-02-2025T17:31:33 - [TEST_STEP][PASSED] - myKey = key: null

27-02-2025T17:31:33 - [TEST_STEP][PASSED] - myText = value.replace(""", ""): null

27-02-2025T17:31:33 - [TEST_STEP][PASSED] - myText = myText.trim(): null

27-02-2025T17:31:33 - [TEST_STEP][PASSED] - println(myKey): null

27-02-2025T17:31:33 - [TEST_STEP][PASSED] - println(myText): null

27-02-2025T17:31:33 - [TEST_STEP][PASSED] - println(tooltipTextMap.get(myKey)): null

27-02-2025T17:31:33 - [TEST_STEP][PASSED] - actualText = get(myKey).replace(""", ""): null

27-02-2025T17:31:33 - [TEST_STEP][PASSED] - actualText = actualText.trim(): null

27-02-2025T17:31:33 - [TEST_STEP][PASSED] - println(myKey + ":" + actualText): null

27-02-2025T17:31:33 - [TEST_STEP][PASSED] - if (actualText != myText): null

27-02-2025T17:31:33 - [TEST_STEP][PASSED] - println(it): null

27-02-2025T17:31:33 - [TEST_STEP][PASSED] - myKey = key: null

27-02-2025T17:31:33 - [TEST_STEP][PASSED] - myText = value.replace(""", ""): null

27-02-2025T17:31:33 - [TEST_STEP][PASSED] - myText = myText.trim(): null

27-02-2025T17:31:33 - [TEST_STEP][PASSED] - println(myKey): null

27-02-2025T17:31:33 - [TEST_STEP][PASSED] - println(myText): null

27-02-2025T17:31:33 - [TEST_STEP][PASSED] - println(tooltipTextMap.get(myKey)): null

27-02-2025T17:31:33 - [TEST_STEP][PASSED] - actualText = get(myKey).replace(""", ""): null

27-02-2025T17:31:33 - [TEST_STEP][PASSED] - actualText = actualText.trim(): null

27-02-2025T17:31:33 - [TEST_STEP][PASSED] - println(myKey + ":" + actualText): null

27-02-2025T17:31:33 - [TEST_STEP][PASSED] - if (actualText != myText): null

27-02-2025T17:31:33 - [TEST_STEP][PASSED] - println(it): null

27-02-2025T17:31:33 - [TEST_STEP][PASSED] - myKey = key: null

27-02-2025T17:31:33 - [TEST_STEP][PASSED] - myText = value.replace(""", ""): null

27-02-2025T17:31:33 - [TEST_STEP][PASSED] - myText = myText.trim(): null

27-02-2025T17:31:33 - [TEST_STEP][PASSED] - println(myKey): null

27-02-2025T17:31:33 - [TEST_STEP][PASSED] - println(myText): null

27-02-2025T17:31:33 - [TEST_STEP][PASSED] - println(tooltipTextMap.get(myKey)): null

27-02-2025T17:31:33 - [TEST_STEP][PASSED] - actualText = get(myKey).replace(""", ""): null

27-02-2025T17:31:33 - [TEST_STEP][PASSED] - actualText = actualText.trim(): null

27-02-2025T17:31:33 - [TEST_STEP][PASSED] - println(myKey + ":" + actualText): null

27-02-2025T17:31:33 - [TEST_STEP][PASSED] - if (actualText != myText): null

27-02-2025T17:31:33 - [TEST_STEP][PASSED] - println(it): null

27-02-2025T17:31:33 - [TEST_STEP][PASSED] - myKey = key: null

27-02-2025T17:31:33 - [TEST_STEP][PASSED] - myText = value.replace(""", ""): null

27-02-2025T17:31:33 - [TEST_STEP][PASSED] - myText = myText.trim(): null

27-02-2025T17:31:33 - [TEST_STEP][PASSED] - println(myKey): null

27-02-2025T17:31:33 - [TEST_STEP][PASSED] - println(myText): null

27-02-2025T17:31:33 - [TEST_STEP][PASSED] - println(tooltipTextMap.get(myKey)): null

27-02-2025T17:31:33 - [TEST_STEP][PASSED] - actualText = get(myKey).replace(""", ""): null

27-02-2025T17:31:33 - [TEST_STEP][PASSED] - actualText = actualText.trim(): null

27-02-2025T17:31:33 - [TEST_STEP][PASSED] - println(myKey + ":" + actualText): null

27-02-2025T17:31:33 - [TEST_STEP][PASSED] - if (actualText != myText): null

27-02-2025T17:31:33 - [TEST_STEP][PASSED] - println(it): null

27-02-2025T17:31:33 - [TEST_STEP][PASSED] - myKey = key: null

27-02-2025T17:31:33 - [TEST_STEP][PASSED] - myText = value.replace(""", ""): null

27-02-2025T17:31:33 - [TEST_STEP][PASSED] - myText = myText.trim(): null

27-02-2025T17:31:33 - [TEST_STEP][PASSED] - println(myKey): null

27-02-2025T17:31:33 - [TEST_STEP][PASSED] - println(myText): null

27-02-2025T17:31:33 - [TEST_STEP][PASSED] - println(tooltipTextMap.get(myKey)): null

27-02-2025T17:31:33 - [TEST_STEP][PASSED] - actualText = get(myKey).replace(""", ""): null

27-02-2025T17:31:33 - [TEST_STEP][PASSED] - actualText = actualText.trim(): null

27-02-2025T17:31:33 - [TEST_STEP][PASSED] - println(myKey + ":" + actualText): null

27-02-2025T17:31:33 - [TEST_STEP][PASSED] - if (actualText != myText): null

27-02-2025T17:31:33 - [TEST_STEP][PASSED] - println(it): null

27-02-2025T17:31:33 - [TEST_STEP][PASSED] - myKey = key: null

27-02-2025T17:31:33 - [TEST_STEP][PASSED] - myText = value.replace(""", ""): null

27-02-2025T17:31:33 - [TEST_STEP][PASSED] - myText = myText.trim(): null

27-02-2025T17:31:33 - [TEST_STEP][PASSED] - println(myKey): null

27-02-2025T17:31:33 - [TEST_STEP][PASSED] - println(myText): null

27-02-2025T17:31:33 - [TEST_STEP][PASSED] - println(tooltipTextMap.get(myKey)): null

27-02-2025T17:31:33 - [TEST_STEP][PASSED] - actualText = get(myKey).replace(""", ""): null

27-02-2025T17:31:33 - [TEST_STEP][PASSED] - actualText = actualText.trim(): null

27-02-2025T17:31:33 - [TEST_STEP][PASSED] - println(myKey + ":" + actualText): null

27-02-2025T17:31:33 - [TEST_STEP][PASSED] - if (actualText != myText): null

27-02-2025T17:31:33 - [TEST_STEP][PASSED] - println(it): null

27-02-2025T17:31:33 - [TEST_STEP][PASSED] - myKey = key: null

27-02-2025T17:31:33 - [TEST_STEP][PASSED] - myText = value.replace(""", ""): null

27-02-2025T17:31:33 - [TEST_STEP][PASSED] - myText = myText.trim(): null

27-02-2025T17:31:33 - [TEST_STEP][PASSED] - println(myKey): null

27-02-2025T17:31:33 - [TEST_STEP][PASSED] - println(myText): null

27-02-2025T17:31:33 - [TEST_STEP][PASSED] - println(tooltipTextMap.get(myKey)): null

27-02-2025T17:31:33 - [TEST_STEP][PASSED] - actualText = get(myKey).replace(""", ""): null

27-02-2025T17:31:33 - [TEST_STEP][PASSED] - actualText = actualText.trim(): null

27-02-2025T17:31:33 - [TEST_STEP][PASSED] - println(myKey + ":" + actualText): null

27-02-2025T17:31:33 - [TEST_STEP][PASSED] - if (actualText != myText): null

27-02-2025T17:31:33 - [MESSAGE][PASSED] - Call Test Case 'Test Cases/_Functions/Test Tooltips' successfully

27-02-2025T17:31:33 - [TEST_STEP][PASSED] - object = "Journey Candidate Profile/Register/button_Sign up": null

27-02-2025T17:31:33 - [TEST_STEP][PASSED] - callTestCase(findTestCase("_Functions/Perform Action"), ["varAction":"click", "varObject":object], STOP_ON_FAILURE): Call Test Case 'Test Cases/_Functions/Perform Action' successfully

27-02-2025T17:31:33 - [TEST_CASE][PASSED] - Test Cases/_Functions/Perform Action: Test Cases/_Functions/Perform Action

27-02-2025T17:31:33 - [TEST_STEP][PASSED] - action = varAction: null

27-02-2025T17:31:33 - [TEST_STEP][PASSED] - println(action): null

27-02-2025T17:31:33 - [TEST_STEP][PASSED] - testObject = varObject: null

27-02-2025T17:31:33 - [TEST_STEP][PASSED] - println(testObject): null

27-02-2025T17:31:33 - [TEST_STEP][PASSED] - parm1 = varParm1: null

27-02-2025T17:31:33 - [TEST_STEP][PASSED] - println(parm1): null

27-02-2025T17:31:33 - [TEST_STEP][PASSED] - println("Converting " + testObject + " to web element"): null

27-02-2025T17:31:33 - [TEST_STEP][PASSED] - element = findWebElement(findTestObject(testObject), 1): null

27-02-2025T17:31:33 - [TEST_STEP][PASSED] - loc = element.getLocation(): null

27-02-2025T17:31:33 - [TEST_STEP][PASSED] - y = loc.getY(): null

27-02-2025T17:31:33 - [TEST_STEP][PASSED] - println("Y location is " + y): null

27-02-2025T17:31:33 - [TEST_STEP][PASSED] - top = getViewportTopPosition(): Current viewport's top (y) position is 651

27-02-2025T17:31:33 - [MESSAGE][PASSED] - Current viewport's top (y) position is 651

27-02-2025T17:31:33 - [TEST_STEP][PASSED] - println("Viewport top is " + top): null

27-02-2025T17:31:33 - [TEST_STEP][PASSED] - bottom = top + 600: null

27-02-2025T17:31:33 - [TEST_STEP][PASSED] - if (y - top < 150 || bottom - y < 10): null

27-02-2025T17:31:33 - [TEST_STEP][PASSED] - if (action == "click"): Object: 'Object Repository/Journey Candidate Profile/Register/button_Sign up' is clicked on

27-02-2025T17:31:33 - [TEST_STEP][PASSED] - println("clicking"): null

27-02-2025T17:31:33 - [TEST_STEP][PASSED] - click(findTestObject(testObject)): Object: 'Object Repository/Journey Candidate Profile/Register/button_Sign up' is clicked on

27-02-2025T17:31:35 - [MESSAGE][PASSED] - Object: 'Object Repository/Journey Candidate Profile/Register/button_Sign up' is clicked on

27-02-2025T17:31:35 - [MESSAGE][PASSED] - Call Test Case 'Test Cases/_Functions/Perform Action' successfully

27-02-2025T17:31:35 - [TEST_STEP][PASSED] - outText = "Verifying the required field messages.
": null

27-02-2025T17:31:35 - [TEST_STEP][PASSED] - outFile.append(outText): null

27-02-2025T17:31:35 - [TEST_STEP][PASSED] - fieldList = ["Username", "Email", "Password"]: null

27-02-2025T17:31:35 - [TEST_STEP][PASSED] - callTestCase(findTestCase("_Functions/Test Field Error Messages"), ["varFieldList":fieldList, "varRequiredFieldMsgs":requiredFieldMsgs], STOP_ON_FAILURE): Call Test Case 'Test Cases/_Functions/Test Field Error Messages' successfully

27-02-2025T17:31:35 - [TEST_CASE][PASSED] - Test Cases/_Functions/Test Field Error Messages: Test Cases/_Functions/Test Field Error Messages

27-02-2025T17:31:35 - [TEST_STEP][PASSED] - count = callTestCase(findTestCase("_Functions/Find error messages"), ["varFunction":"count"], STOP_ON_FAILURE): Call Test Case 'Test Cases/_Functions/Find error messages' successfully

27-02-2025T17:31:35 - [TEST_CASE][PASSED] - Test Cases/_Functions/Find error messages: Test Cases/_Functions/Find error messages

27-02-2025T17:31:35 - [TEST_STEP][PASSED] - function = "count": null

27-02-2025T17:31:35 - [TEST_STEP][PASSED] - if (binding.hasVariable("varFunction")): null

27-02-2025T17:31:35 - [TEST_STEP][PASSED] - function = varFunction: null

27-02-2025T17:31:35 - [TEST_STEP][PASSED] - title = getWindowTitle(): Current window's title is: 'Journey'

27-02-2025T17:31:35 - [MESSAGE][PASSED] - Current window's title is: 'Journey'

27-02-2025T17:31:35 - [TEST_STEP][PASSED] - println("Page title is " + title): null

27-02-2025T17:31:35 - [TEST_STEP][PASSED] - driver = getWebDriver(): null

27-02-2025T17:31:35 - [TEST_STEP][PASSED] - elements = driver.findElements(By.xpath("//div[@class='col-sm-offset-3 col-sm-9 text-danger']")): null

27-02-2025T17:31:35 - [TEST_STEP][PASSED] - if (function == "count"): null

27-02-2025T17:31:35 - [TEST_STEP][PASSED] - return elements.size(): null

27-02-2025T17:31:35 - [MESSAGE][PASSED] - Call Test Case 'Test Cases/_Functions/Find error messages' successfully

27-02-2025T17:31:35 - [TEST_STEP][PASSED] - outFile = outFile: null

27-02-2025T17:31:35 - [TEST_STEP][PASSED] - if (count == 0): null

27-02-2025T17:31:35 - [TEST_STEP][PASSED] - else: Delayed 0 second(s)

27-02-2025T17:31:35 - [TEST_STEP][PASSED] - fieldList = varFieldList: null

27-02-2025T17:31:35 - [TEST_STEP][PASSED] - requiredFieldMsgs = varRequiredFieldMsgs: null

27-02-2025T17:31:35 - [TEST_STEP][PASSED] - outText = "Verifying error messages for fields " + fieldList: null

27-02-2025T17:31:35 - [TEST_STEP][PASSED] - for (def field : fieldList): null

27-02-2025T17:31:35 - [TEST_STEP][PASSED] - errorMsg = requiredFieldMsgs.get(field): null

27-02-2025T17:31:35 - [TEST_STEP][PASSED] - msg = verifyTextPresent(errorMsg, false, OPTIONAL): Text 'Username must be unique; at least 6 characters; contain only lowercase letters; allowable characters: numbers, @, dash, underscore or period, and can be an email address.' is present on page 

27-02-2025T17:31:35 - [MESSAGE][PASSED] - Text 'Username must be unique; at least 6 characters; contain only lowercase letters; allowable characters: numbers, @, dash, underscore or period, and can be an email address.' is present on page 

27-02-2025T17:31:35 - [TEST_STEP][PASSED] - println(field + ":" + msg): null

27-02-2025T17:31:35 - [TEST_STEP][PASSED] - if (!(msg)): null

27-02-2025T17:31:35 - [TEST_STEP][PASSED] - errorMsg = requiredFieldMsgs.get(field): null

27-02-2025T17:31:35 - [TEST_STEP][PASSED] - msg = verifyTextPresent(errorMsg, false, OPTIONAL): Text 'Please enter a valid email address.' is present on page 

27-02-2025T17:31:35 - [MESSAGE][PASSED] - Text 'Please enter a valid email address.' is present on page 

27-02-2025T17:31:35 - [TEST_STEP][PASSED] - println(field + ":" + msg): null

27-02-2025T17:31:35 - [TEST_STEP][PASSED] - if (!(msg)): null

27-02-2025T17:31:35 - [TEST_STEP][PASSED] - errorMsg = requiredFieldMsgs.get(field): null

27-02-2025T17:31:35 - [TEST_STEP][PASSED] - msg = verifyTextPresent(errorMsg, false, OPTIONAL): Text 'The password should be at least twelve characters long; should include numbers, letters, capitals; may have special characters (@, #, *, spaces, etc.) and may include a passphrase.' is present on page 

27-02-2025T17:31:35 - [MESSAGE][PASSED] - Text 'The password should be at least twelve characters long; should include numbers, letters, capitals; may have special characters (@, #, *, spaces, etc.) and may include a passphrase.' is present on page 

27-02-2025T17:31:35 - [TEST_STEP][PASSED] - println(field + ":" + msg): null

27-02-2025T17:31:35 - [TEST_STEP][PASSED] - if (!(msg)): null

27-02-2025T17:31:35 - [TEST_STEP][PASSED] - delay(fieldTestDelay): Delayed 0 second(s)

27-02-2025T17:31:35 - [MESSAGE][PASSED] - Delayed 0 second(s)

27-02-2025T17:31:35 - [MESSAGE][PASSED] - Call Test Case 'Test Cases/_Functions/Test Field Error Messages' successfully

27-02-2025T17:31:35 - [TEST_STEP][PASSED] - object = "Journey Candidate Profile/Register/input_Username": null

27-02-2025T17:31:35 - [TEST_STEP][PASSED] - callTestCase(findTestCase("_Functions/Perform Action"), ["varAction":"setText", "varObject":object, "varParm1":username], STOP_ON_FAILURE): Call Test Case 'Test Cases/_Functions/Perform Action' successfully

27-02-2025T17:31:35 - [TEST_CASE][PASSED] - Test Cases/_Functions/Perform Action: Test Cases/_Functions/Perform Action

27-02-2025T17:31:35 - [TEST_STEP][PASSED] - action = varAction: null

27-02-2025T17:31:35 - [TEST_STEP][PASSED] - println(action): null

27-02-2025T17:31:35 - [TEST_STEP][PASSED] - testObject = varObject: null

27-02-2025T17:31:35 - [TEST_STEP][PASSED] - println(testObject): null

27-02-2025T17:31:35 - [TEST_STEP][PASSED] - parm1 = varParm1: null

27-02-2025T17:31:35 - [TEST_STEP][PASSED] - println(parm1): null

27-02-2025T17:31:35 - [TEST_STEP][PASSED] - println("Converting " + testObject + " to web element"): null

27-02-2025T17:31:35 - [TEST_STEP][PASSED] - element = findWebElement(findTestObject(testObject), 1): null

27-02-2025T17:31:35 - [TEST_STEP][PASSED] - loc = element.getLocation(): null

27-02-2025T17:31:35 - [TEST_STEP][PASSED] - y = loc.getY(): null

27-02-2025T17:31:35 - [TEST_STEP][PASSED] - println("Y location is " + y): null

27-02-2025T17:31:35 - [TEST_STEP][PASSED] - top = getViewportTopPosition(): Current viewport's top (y) position is 0

27-02-2025T17:31:35 - [MESSAGE][PASSED] - Current viewport's top (y) position is 0

27-02-2025T17:31:35 - [TEST_STEP][PASSED] - println("Viewport top is " + top): null

27-02-2025T17:31:35 - [TEST_STEP][PASSED] - bottom = top + 600: null

27-02-2025T17:31:35 - [TEST_STEP][PASSED] - if (y - top < 150 || bottom - y < 10): null

27-02-2025T17:31:35 - [TEST_STEP][PASSED] - if (action == "click"): null

27-02-2025T17:31:35 - [TEST_STEP][PASSED] - else if (action == "selectOptionByValue"): null

27-02-2025T17:31:35 - [TEST_STEP][PASSED] - else if (action == "setText"): Text 'cktest05jc' is set on object 'Object Repository/Journey Candidate Profile/Register/input_Username'

27-02-2025T17:31:35 - [TEST_STEP][PASSED] - println("Setting text " + parm1): null

27-02-2025T17:31:35 - [TEST_STEP][PASSED] - setText(findTestObject(testObject), parm1): Text 'cktest05jc' is set on object 'Object Repository/Journey Candidate Profile/Register/input_Username'

27-02-2025T17:31:35 - [MESSAGE][PASSED] - Text 'cktest05jc' is set on object 'Object Repository/Journey Candidate Profile/Register/input_Username'

27-02-2025T17:31:35 - [MESSAGE][PASSED] - Call Test Case 'Test Cases/_Functions/Perform Action' successfully

27-02-2025T17:31:35 - [TEST_STEP][PASSED] - object = "Journey Candidate Profile/Register/input_Email": null

27-02-2025T17:31:35 - [TEST_STEP][PASSED] - callTestCase(findTestCase("_Functions/Perform Action"), ["varAction":"setText", "varObject":object, "varParm1":email], STOP_ON_FAILURE): Call Test Case 'Test Cases/_Functions/Perform Action' successfully

27-02-2025T17:31:35 - [TEST_CASE][PASSED] - Test Cases/_Functions/Perform Action: Test Cases/_Functions/Perform Action

27-02-2025T17:31:35 - [TEST_STEP][PASSED] - action = varAction: null

27-02-2025T17:31:35 - [TEST_STEP][PASSED] - println(action): null

27-02-2025T17:31:35 - [TEST_STEP][PASSED] - testObject = varObject: null

27-02-2025T17:31:35 - [TEST_STEP][PASSED] - println(testObject): null

27-02-2025T17:31:35 - [TEST_STEP][PASSED] - parm1 = varParm1: null

27-02-2025T17:31:35 - [TEST_STEP][PASSED] - println(parm1): null

27-02-2025T17:31:35 - [TEST_STEP][PASSED] - println("Converting " + testObject + " to web element"): null

27-02-2025T17:31:35 - [TEST_STEP][PASSED] - element = findWebElement(findTestObject(testObject), 1): null

27-02-2025T17:31:35 - [TEST_STEP][PASSED] - loc = element.getLocation(): null

27-02-2025T17:31:35 - [TEST_STEP][PASSED] - y = loc.getY(): null

27-02-2025T17:31:35 - [TEST_STEP][PASSED] - println("Y location is " + y): null

27-02-2025T17:31:35 - [TEST_STEP][PASSED] - top = getViewportTopPosition(): Current viewport's top (y) position is 0

27-02-2025T17:31:35 - [MESSAGE][PASSED] - Current viewport's top (y) position is 0

27-02-2025T17:31:35 - [TEST_STEP][PASSED] - println("Viewport top is " + top): null

27-02-2025T17:31:35 - [TEST_STEP][PASSED] - bottom = top + 600: null

27-02-2025T17:31:35 - [TEST_STEP][PASSED] - if (y - top < 150 || bottom - y < 10): null

27-02-2025T17:31:35 - [TEST_STEP][PASSED] - if (action == "click"): null

27-02-2025T17:31:35 - [TEST_STEP][PASSED] - else if (action == "selectOptionByValue"): null

27-02-2025T17:31:35 - [TEST_STEP][PASSED] - else if (action == "setText"): Text 'cktest05@missionnext.org' is set on object 'Object Repository/Journey Candidate Profile/Register/input_Email'

27-02-2025T17:31:35 - [TEST_STEP][PASSED] - println("Setting text " + parm1): null

27-02-2025T17:31:35 - [TEST_STEP][PASSED] - setText(findTestObject(testObject), parm1): Text 'cktest05@missionnext.org' is set on object 'Object Repository/Journey Candidate Profile/Register/input_Email'

27-02-2025T17:31:35 - [MESSAGE][PASSED] - Text 'cktest05@missionnext.org' is set on object 'Object Repository/Journey Candidate Profile/Register/input_Email'

27-02-2025T17:31:35 - [MESSAGE][PASSED] - Call Test Case 'Test Cases/_Functions/Perform Action' successfully

27-02-2025T17:31:35 - [TEST_STEP][PASSED] - object = "Journey Candidate Profile/Register/input_Password": null

27-02-2025T17:31:35 - [TEST_STEP][PASSED] - callTestCase(findTestCase("_Functions/Perform Action"), ["varAction":"setEncryptedText", "varObject":object, "varParm1":password], STOP_ON_FAILURE): Call Test Case 'Test Cases/_Functions/Perform Action' successfully

27-02-2025T17:31:35 - [TEST_CASE][PASSED] - Test Cases/_Functions/Perform Action: Test Cases/_Functions/Perform Action

27-02-2025T17:31:35 - [TEST_STEP][PASSED] - action = varAction: null

27-02-2025T17:31:35 - [TEST_STEP][PASSED] - println(action): null

27-02-2025T17:31:35 - [TEST_STEP][PASSED] - testObject = varObject: null

27-02-2025T17:31:35 - [TEST_STEP][PASSED] - println(testObject): null

27-02-2025T17:31:35 - [TEST_STEP][PASSED] - parm1 = varParm1: null

27-02-2025T17:31:35 - [TEST_STEP][PASSED] - println(parm1): null

27-02-2025T17:31:35 - [TEST_STEP][PASSED] - println("Converting " + testObject + " to web element"): null

27-02-2025T17:31:35 - [TEST_STEP][PASSED] - element = findWebElement(findTestObject(testObject), 1): null

27-02-2025T17:31:35 - [TEST_STEP][PASSED] - loc = element.getLocation(): null

27-02-2025T17:31:35 - [TEST_STEP][PASSED] - y = loc.getY(): null

27-02-2025T17:31:35 - [TEST_STEP][PASSED] - println("Y location is " + y): null

27-02-2025T17:31:35 - [TEST_STEP][PASSED] - top = getViewportTopPosition(): Current viewport's top (y) position is 0

27-02-2025T17:31:35 - [MESSAGE][PASSED] - Current viewport's top (y) position is 0

27-02-2025T17:31:35 - [TEST_STEP][PASSED] - println("Viewport top is " + top): null

27-02-2025T17:31:35 - [TEST_STEP][PASSED] - bottom = top + 600: null

27-02-2025T17:31:35 - [TEST_STEP][PASSED] - if (y - top < 150 || bottom - y < 10): null

27-02-2025T17:31:35 - [TEST_STEP][PASSED] - if (action == "click"): null

27-02-2025T17:31:35 - [TEST_STEP][PASSED] - else if (action == "selectOptionByValue"): null

27-02-2025T17:31:35 - [TEST_STEP][PASSED] - else if (action == "setText"): null

27-02-2025T17:31:35 - [TEST_STEP][PASSED] - else if (action == "setEncryptedText"): Text ****** has been set on object 'Object Repository/Journey Candidate Profile/Register/input_Password'

27-02-2025T17:31:35 - [TEST_STEP][PASSED] - println("Setting encrypted text " + parm1): null

27-02-2025T17:31:35 - [TEST_STEP][PASSED] - setEncryptedText(findTestObject(testObject), parm1): Text ****** has been set on object 'Object Repository/Journey Candidate Profile/Register/input_Password'

27-02-2025T17:31:35 - [MESSAGE][PASSED] - Text ****** has been set on object 'Object Repository/Journey Candidate Profile/Register/input_Password'

27-02-2025T17:31:35 - [MESSAGE][PASSED] - Call Test Case 'Test Cases/_Functions/Perform Action' successfully

27-02-2025T17:31:35 - [TEST_STEP][PASSED] - object = "Journey Candidate Profile/Register/button_Sign up": null

27-02-2025T17:31:35 - [TEST_STEP][PASSED] - callTestCase(findTestCase("_Functions/Perform Action"), ["varAction":"click", "varObject":object], STOP_ON_FAILURE): Call Test Case 'Test Cases/_Functions/Perform Action' successfully

27-02-2025T17:31:35 - [TEST_CASE][PASSED] - Test Cases/_Functions/Perform Action: Test Cases/_Functions/Perform Action

27-02-2025T17:31:35 - [TEST_STEP][PASSED] - action = varAction: null

27-02-2025T17:31:35 - [TEST_STEP][PASSED] - println(action): null

27-02-2025T17:31:35 - [TEST_STEP][PASSED] - testObject = varObject: null

27-02-2025T17:31:35 - [TEST_STEP][PASSED] - println(testObject): null

27-02-2025T17:31:35 - [TEST_STEP][PASSED] - parm1 = varParm1: null

27-02-2025T17:31:35 - [TEST_STEP][PASSED] - println(parm1): null

27-02-2025T17:31:35 - [TEST_STEP][PASSED] - println("Converting " + testObject + " to web element"): null

27-02-2025T17:31:35 - [TEST_STEP][PASSED] - element = findWebElement(findTestObject(testObject), 1): null

27-02-2025T17:31:35 - [TEST_STEP][PASSED] - loc = element.getLocation(): null

27-02-2025T17:31:35 - [TEST_STEP][PASSED] - y = loc.getY(): null

27-02-2025T17:31:35 - [TEST_STEP][PASSED] - println("Y location is " + y): null

27-02-2025T17:31:35 - [TEST_STEP][PASSED] - top = getViewportTopPosition(): Current viewport's top (y) position is 0

27-02-2025T17:31:35 - [MESSAGE][PASSED] - Current viewport's top (y) position is 0

27-02-2025T17:31:35 - [TEST_STEP][PASSED] - println("Viewport top is " + top): null

27-02-2025T17:31:35 - [TEST_STEP][PASSED] - bottom = top + 600: null

27-02-2025T17:31:35 - [TEST_STEP][PASSED] - if (y - top < 150 || bottom - y < 10): Delayed 1 second(s)

27-02-2025T17:31:35 - [TEST_STEP][PASSED] - scrollToPosition(0, y - 150): Browser is scrolled to position x = 0, y = 1005

27-02-2025T17:31:35 - [MESSAGE][PASSED] - Browser is scrolled to position x = 0, y = 1005

27-02-2025T17:31:35 - [TEST_STEP][PASSED] - delay(1): Delayed 1 second(s)

27-02-2025T17:31:36 - [MESSAGE][PASSED] - Delayed 1 second(s)

27-02-2025T17:31:36 - [TEST_STEP][PASSED] - if (action == "click"): Object: 'Object Repository/Journey Candidate Profile/Register/button_Sign up' is clicked on

27-02-2025T17:31:36 - [TEST_STEP][PASSED] - println("clicking"): null

27-02-2025T17:31:36 - [TEST_STEP][PASSED] - click(findTestObject(testObject)): Object: 'Object Repository/Journey Candidate Profile/Register/button_Sign up' is clicked on

27-02-2025T17:31:38 - [MESSAGE][PASSED] - Object: 'Object Repository/Journey Candidate Profile/Register/button_Sign up' is clicked on

27-02-2025T17:31:38 - [MESSAGE][PASSED] - Call Test Case 'Test Cases/_Functions/Perform Action' successfully

27-02-2025T17:31:38 - [TEST_STEP][PASSED] - fieldList = ["First Name", "Last Name", "Country", "Phone Number", "Terms and Conditions"]: null

27-02-2025T17:31:38 - [TEST_STEP][PASSED] - callTestCase(findTestCase("_Functions/Test Field Error Messages"), ["varFieldList":fieldList, "varRequiredFieldMsgs":requiredFieldMsgs], STOP_ON_FAILURE): Call Test Case 'Test Cases/_Functions/Test Field Error Messages' successfully

27-02-2025T17:31:38 - [TEST_CASE][PASSED] - Test Cases/_Functions/Test Field Error Messages: Test Cases/_Functions/Test Field Error Messages

27-02-2025T17:31:38 - [TEST_STEP][PASSED] - count = callTestCase(findTestCase("_Functions/Find error messages"), ["varFunction":"count"], STOP_ON_FAILURE): Call Test Case 'Test Cases/_Functions/Find error messages' successfully

27-02-2025T17:31:38 - [TEST_CASE][PASSED] - Test Cases/_Functions/Find error messages: Test Cases/_Functions/Find error messages

27-02-2025T17:31:38 - [TEST_STEP][PASSED] - function = "count": null

27-02-2025T17:31:38 - [TEST_STEP][PASSED] - if (binding.hasVariable("varFunction")): null

27-02-2025T17:31:38 - [TEST_STEP][PASSED] - function = varFunction: null

27-02-2025T17:31:38 - [TEST_STEP][PASSED] - title = getWindowTitle(): Current window's title is: 'Journey'

27-02-2025T17:31:38 - [MESSAGE][PASSED] - Current window's title is: 'Journey'

27-02-2025T17:31:38 - [TEST_STEP][PASSED] - println("Page title is " + title): null

27-02-2025T17:31:38 - [TEST_STEP][PASSED] - driver = getWebDriver(): null

27-02-2025T17:31:38 - [TEST_STEP][PASSED] - elements = driver.findElements(By.xpath("//div[@class='col-sm-offset-3 col-sm-9 text-danger']")): null

27-02-2025T17:31:38 - [TEST_STEP][PASSED] - if (function == "count"): null

27-02-2025T17:31:38 - [TEST_STEP][PASSED] - return elements.size(): null

27-02-2025T17:31:38 - [MESSAGE][PASSED] - Call Test Case 'Test Cases/_Functions/Find error messages' successfully

27-02-2025T17:31:38 - [TEST_STEP][PASSED] - outFile = outFile: null

27-02-2025T17:31:38 - [TEST_STEP][PASSED] - if (count == 0): null

27-02-2025T17:31:38 - [TEST_STEP][PASSED] - else: Delayed 0 second(s)

27-02-2025T17:31:38 - [TEST_STEP][PASSED] - fieldList = varFieldList: null

27-02-2025T17:31:38 - [TEST_STEP][PASSED] - requiredFieldMsgs = varRequiredFieldMsgs: null

27-02-2025T17:31:38 - [TEST_STEP][PASSED] - outText = "Verifying error messages for fields " + fieldList: null

27-02-2025T17:31:38 - [TEST_STEP][PASSED] - for (def field : fieldList): null

27-02-2025T17:31:38 - [TEST_STEP][PASSED] - errorMsg = requiredFieldMsgs.get(field): null

27-02-2025T17:31:38 - [TEST_STEP][PASSED] - msg = verifyTextPresent(errorMsg, false, OPTIONAL): Text 'The First Name field is required.' is present on page 

27-02-2025T17:31:38 - [MESSAGE][PASSED] - Text 'The First Name field is required.' is present on page 

27-02-2025T17:31:38 - [TEST_STEP][PASSED] - println(field + ":" + msg): null

27-02-2025T17:31:38 - [TEST_STEP][PASSED] - if (!(msg)): null

27-02-2025T17:31:38 - [TEST_STEP][PASSED] - errorMsg = requiredFieldMsgs.get(field): null

27-02-2025T17:31:38 - [TEST_STEP][PASSED] - msg = verifyTextPresent(errorMsg, false, OPTIONAL): Text 'The last name field is required.' is present on page 

27-02-2025T17:31:38 - [MESSAGE][PASSED] - Text 'The last name field is required.' is present on page 

27-02-2025T17:31:38 - [TEST_STEP][PASSED] - println(field + ":" + msg): null

27-02-2025T17:31:38 - [TEST_STEP][PASSED] - if (!(msg)): null

27-02-2025T17:31:38 - [TEST_STEP][PASSED] - errorMsg = requiredFieldMsgs.get(field): null

27-02-2025T17:31:38 - [TEST_STEP][PASSED] - msg = verifyTextPresent(errorMsg, false, OPTIONAL): Text 'The country field is required.' is present on page 

27-02-2025T17:31:38 - [MESSAGE][PASSED] - Text 'The country field is required.' is present on page 

27-02-2025T17:31:38 - [TEST_STEP][PASSED] - println(field + ":" + msg): null

27-02-2025T17:31:38 - [TEST_STEP][PASSED] - if (!(msg)): null

27-02-2025T17:31:38 - [TEST_STEP][PASSED] - errorMsg = requiredFieldMsgs.get(field): null

27-02-2025T17:31:38 - [TEST_STEP][PASSED] - msg = verifyTextPresent(errorMsg, false, OPTIONAL): Text 'The phone number field is required.' is not present on page  (Root cause: com.kms.katalon.core.exception.StepFailedException: Text 'The phone number field is required.' is not present on page 
	at com.kms.katalon.core.webui.keyword.internal.WebUIKeywordMain.stepFailed(WebUIKeywordMain.groovy:117)
	at com.kms.katalon.core.webui.keyword.builtin.VerifyTextPresentKeyword$_verifyTextPresent_closure1.doCall(VerifyTextPresentKeyword.groovy:79)
	at com.kms.katalon.core.webui.keyword.builtin.VerifyTextPresentKeyword$_verifyTextPresent_closure1.call(VerifyTextPresentKeyword.groovy)
	at com.kms.katalon.core.webui.keyword.internal.WebUIKeywordMain.runKeyword(WebUIKeywordMain.groovy:35)
	at com.kms.katalon.core.webui.keyword.builtin.VerifyTextPresentKeyword.verifyTextPresent(VerifyTextPresentKeyword.groovy:83)
	at com.kms.katalon.core.webui.keyword.builtin.VerifyTextPresentKeyword.execute(VerifyTextPresentKeyword.groovy:68)
	at com.kms.katalon.core.keyword.internal.KeywordExecutor.executeKeywordForPlatform(KeywordExecutor.groovy:74)
	at com.kms.katalon.core.webui.keyword.WebUiBuiltInKeywords.verifyTextPresent(WebUiBuiltInKeywords.groovy:1746)
	at Test Field Error Messages.run(Test Field Error Messages:40)
	at com.kms.katalon.core.main.ScriptEngine.run(ScriptEngine.java:194)
	at com.kms.katalon.core.main.ScriptEngine.runScriptAsRawText(ScriptEngine.java:119)
	at com.kms.katalon.core.main.TestCaseExecutor.runScript(TestCaseExecutor.java:448)
	at com.kms.katalon.core.main.TestCaseExecutor.doExecute(TestCaseExecutor.java:439)
	at com.kms.katalon.core.main.TestCaseExecutor.processExecutionPhase(TestCaseExecutor.java:418)
	at com.kms.katalon.core.main.TestCaseExecutor.accessMainPhase(TestCaseExecutor.java:410)
	at com.kms.katalon.core.main.TestCaseExecutor.execute(TestCaseExecutor.java:285)
	at com.kms.katalon.core.main.TestCaseMain.runTestCase(TestCaseMain.java:137)
	at com.kms.katalon.core.keyword.builtin.CallTestCaseKeyword$_callTestCase_closure1.doCall(CallTestCaseKeyword.groovy:59)
	at com.kms.katalon.core.keyword.builtin.CallTestCaseKeyword$_callTestCase_closure1.call(CallTestCaseKeyword.groovy)
	at com.kms.katalon.core.keyword.internal.KeywordMain.runKeyword(KeywordMain.groovy:75)
	at com.kms.katalon.core.keyword.builtin.CallTestCaseKeyword.callTestCase(CallTestCaseKeyword.groovy:81)
	at com.kms.katalon.core.keyword.builtin.CallTestCaseKeyword.execute(CallTestCaseKeyword.groovy:44)
	at com.kms.katalon.core.keyword.internal.KeywordExecutor.executeKeywordForPlatform(KeywordExecutor.groovy:74)
	at com.kms.katalon.core.keyword.BuiltinKeywords.callTestCase(BuiltinKeywords.groovy:310)
	at java.base/jdk.internal.reflect.NativeMethodAccessorImpl.invoke0(Native Method)
	at java.base/jdk.internal.reflect.NativeMethodAccessorImpl.invoke(NativeMethodAccessorImpl.java:77)
	at java.base/jdk.internal.reflect.DelegatingMethodAccessorImpl.invoke(DelegatingMethodAccessorImpl.java:43)
	at Register Journey Candidate.run(Register Journey Candidate:149)
	at com.kms.katalon.core.main.ScriptEngine.run(ScriptEngine.java:194)
	at com.kms.katalon.core.main.ScriptEngine.runScriptAsRawText(ScriptEngine.java:119)
	at com.kms.katalon.core.main.TestCaseExecutor.runScript(TestCaseExecutor.java:448)
	at com.kms.katalon.core.main.TestCaseExecutor.doExecute(TestCaseExecutor.java:439)
	at com.kms.katalon.core.main.TestCaseExecutor.processExecutionPhase(TestCaseExecutor.java:418)
	at com.kms.katalon.core.main.TestCaseExecutor.accessMainPhase(TestCaseExecutor.java:410)
	at com.kms.katalon.core.main.TestCaseExecutor.execute(TestCaseExecutor.java:285)
	at com.kms.katalon.core.common.CommonExecutor.accessTestCaseMainPhase(CommonExecutor.java:65)
	at com.kms.katalon.core.main.TestSuiteExecutor.accessTestSuiteMainPhase(TestSuiteExecutor.java:150)
	at com.kms.katalon.core.main.TestSuiteExecutor.execute(TestSuiteExecutor.java:106)
	at com.kms.katalon.core.main.TestCaseMain.startTestSuite(TestCaseMain.java:180)
	at TempTestSuite1740698294840.run(TempTestSuite1740698294840.groovy:35)
	at java.base/jdk.internal.reflect.NativeMethodAccessorImpl.invoke0(Native Method)
	at java.base/jdk.internal.reflect.NativeMethodAccessorImpl.invoke(NativeMethodAccessorImpl.java:77)
	at java.base/jdk.internal.reflect.DelegatingMethodAccessorImpl.invoke(DelegatingMethodAccessorImpl.java:43)
)

27-02-2025T17:31:38 - [MESSAGE][WARNING] - Text 'The phone number field is required.' is not present on page  (Root cause: com.kms.katalon.core.exception.StepFailedException: Text 'The phone number field is required.' is not present on page 
	at com.kms.katalon.core.webui.keyword.internal.WebUIKeywordMain.stepFailed(WebUIKeywordMain.groovy:117)
	at com.kms.katalon.core.webui.keyword.builtin.VerifyTextPresentKeyword$_verifyTextPresent_closure1.doCall(VerifyTextPresentKeyword.groovy:79)
	at com.kms.katalon.core.webui.keyword.builtin.VerifyTextPresentKeyword$_verifyTextPresent_closure1.call(VerifyTextPresentKeyword.groovy)
	at com.kms.katalon.core.webui.keyword.internal.WebUIKeywordMain.runKeyword(WebUIKeywordMain.groovy:35)
	at com.kms.katalon.core.webui.keyword.builtin.VerifyTextPresentKeyword.verifyTextPresent(VerifyTextPresentKeyword.groovy:83)
	at com.kms.katalon.core.webui.keyword.builtin.VerifyTextPresentKeyword.execute(VerifyTextPresentKeyword.groovy:68)
	at com.kms.katalon.core.keyword.internal.KeywordExecutor.executeKeywordForPlatform(KeywordExecutor.groovy:74)
	at com.kms.katalon.core.webui.keyword.WebUiBuiltInKeywords.verifyTextPresent(WebUiBuiltInKeywords.groovy:1746)
	at Test Field Error Messages.run(Test Field Error Messages:40)
	at com.kms.katalon.core.main.ScriptEngine.run(ScriptEngine.java:194)
	at com.kms.katalon.core.main.ScriptEngine.runScriptAsRawText(ScriptEngine.java:119)
	at com.kms.katalon.core.main.TestCaseExecutor.runScript(TestCaseExecutor.java:448)
	at com.kms.katalon.core.main.TestCaseExecutor.doExecute(TestCaseExecutor.java:439)
	at com.kms.katalon.core.main.TestCaseExecutor.processExecutionPhase(TestCaseExecutor.java:418)
	at com.kms.katalon.core.main.TestCaseExecutor.accessMainPhase(TestCaseExecutor.java:410)
	at com.kms.katalon.core.main.TestCaseExecutor.execute(TestCaseExecutor.java:285)
	at com.kms.katalon.core.main.TestCaseMain.runTestCase(TestCaseMain.java:137)
	at com.kms.katalon.core.keyword.builtin.CallTestCaseKeyword$_callTestCase_closure1.doCall(CallTestCaseKeyword.groovy:59)
	at com.kms.katalon.core.keyword.builtin.CallTestCaseKeyword$_callTestCase_closure1.call(CallTestCaseKeyword.groovy)
	at com.kms.katalon.core.keyword.internal.KeywordMain.runKeyword(KeywordMain.groovy:75)
	at com.kms.katalon.core.keyword.builtin.CallTestCaseKeyword.callTestCase(CallTestCaseKeyword.groovy:81)
	at com.kms.katalon.core.keyword.builtin.CallTestCaseKeyword.execute(CallTestCaseKeyword.groovy:44)
	at com.kms.katalon.core.keyword.internal.KeywordExecutor.executeKeywordForPlatform(KeywordExecutor.groovy:74)
	at com.kms.katalon.core.keyword.BuiltinKeywords.callTestCase(BuiltinKeywords.groovy:310)
	at java.base/jdk.internal.reflect.NativeMethodAccessorImpl.invoke0(Native Method)
	at java.base/jdk.internal.reflect.NativeMethodAccessorImpl.invoke(NativeMethodAccessorImpl.java:77)
	at java.base/jdk.internal.reflect.DelegatingMethodAccessorImpl.invoke(DelegatingMethodAccessorImpl.java:43)
	at Register Journey Candidate.run(Register Journey Candidate:149)
	at com.kms.katalon.core.main.ScriptEngine.run(ScriptEngine.java:194)
	at com.kms.katalon.core.main.ScriptEngine.runScriptAsRawText(ScriptEngine.java:119)
	at com.kms.katalon.core.main.TestCaseExecutor.runScript(TestCaseExecutor.java:448)
	at com.kms.katalon.core.main.TestCaseExecutor.doExecute(TestCaseExecutor.java:439)
	at com.kms.katalon.core.main.TestCaseExecutor.processExecutionPhase(TestCaseExecutor.java:418)
	at com.kms.katalon.core.main.TestCaseExecutor.accessMainPhase(TestCaseExecutor.java:410)
	at com.kms.katalon.core.main.TestCaseExecutor.execute(TestCaseExecutor.java:285)
	at com.kms.katalon.core.common.CommonExecutor.accessTestCaseMainPhase(CommonExecutor.java:65)
	at com.kms.katalon.core.main.TestSuiteExecutor.accessTestSuiteMainPhase(TestSuiteExecutor.java:150)
	at com.kms.katalon.core.main.TestSuiteExecutor.execute(TestSuiteExecutor.java:106)
	at com.kms.katalon.core.main.TestCaseMain.startTestSuite(TestCaseMain.java:180)
	at TempTestSuite1740698294840.run(TempTestSuite1740698294840.groovy:35)
	at java.base/jdk.internal.reflect.NativeMethodAccessorImpl.invoke0(Native Method)
	at java.base/jdk.internal.reflect.NativeMethodAccessorImpl.invoke(NativeMethodAccessorImpl.java:77)
	at java.base/jdk.internal.reflect.DelegatingMethodAccessorImpl.invoke(DelegatingMethodAccessorImpl.java:43)
)

27-02-2025T17:31:38 - [TEST_STEP][PASSED] - println(field + ":" + msg): null

27-02-2025T17:31:38 - [TEST_STEP][PASSED] - if (!(msg)): null

27-02-2025T17:31:38 - [TEST_STEP][PASSED] - outText = "--- The expected error message "" + errorMsg + "" for field " + field + " was not found.": null

27-02-2025T17:31:38 - [TEST_STEP][PASSED] - println(outText): null

27-02-2025T17:31:38 - [TEST_STEP][PASSED] - outFile.append(outText + "
"): null

27-02-2025T17:31:38 - [TEST_STEP][PASSED] - errorMsg = requiredFieldMsgs.get(field): null

27-02-2025T17:31:38 - [TEST_STEP][PASSED] - msg = verifyTextPresent(errorMsg, false, OPTIONAL): Text 'The terms and conditions field is required.' is present on page 

27-02-2025T17:31:38 - [MESSAGE][PASSED] - Text 'The terms and conditions field is required.' is present on page 

27-02-2025T17:31:38 - [TEST_STEP][PASSED] - println(field + ":" + msg): null

27-02-2025T17:31:38 - [TEST_STEP][PASSED] - if (!(msg)): null

27-02-2025T17:31:38 - [TEST_STEP][PASSED] - delay(fieldTestDelay): Delayed 0 second(s)

27-02-2025T17:31:38 - [MESSAGE][PASSED] - Delayed 0 second(s)

27-02-2025T17:31:38 - [MESSAGE][PASSED] - Call Test Case 'Test Cases/_Functions/Test Field Error Messages' successfully

27-02-2025T17:31:38 - [TEST_STEP][PASSED] - object = "Journey Candidate Profile/Register/input_Password": null

27-02-2025T17:31:38 - [TEST_STEP][PASSED] - callTestCase(findTestCase("_Functions/Perform Action"), ["varAction":"setEncryptedText", "varObject":object, "varParm1":password], STOP_ON_FAILURE): Call Test Case 'Test Cases/_Functions/Perform Action' successfully

27-02-2025T17:31:38 - [TEST_CASE][PASSED] - Test Cases/_Functions/Perform Action: Test Cases/_Functions/Perform Action

27-02-2025T17:31:38 - [TEST_STEP][PASSED] - action = varAction: null

27-02-2025T17:31:38 - [TEST_STEP][PASSED] - println(action): null

27-02-2025T17:31:38 - [TEST_STEP][PASSED] - testObject = varObject: null

27-02-2025T17:31:38 - [TEST_STEP][PASSED] - println(testObject): null

27-02-2025T17:31:38 - [TEST_STEP][PASSED] - parm1 = varParm1: null

27-02-2025T17:31:38 - [TEST_STEP][PASSED] - println(parm1): null

27-02-2025T17:31:38 - [TEST_STEP][PASSED] - println("Converting " + testObject + " to web element"): null

27-02-2025T17:31:38 - [TEST_STEP][PASSED] - element = findWebElement(findTestObject(testObject), 1): null

27-02-2025T17:31:38 - [TEST_STEP][PASSED] - loc = element.getLocation(): null

27-02-2025T17:31:38 - [TEST_STEP][PASSED] - y = loc.getY(): null

27-02-2025T17:31:38 - [TEST_STEP][PASSED] - println("Y location is " + y): null

27-02-2025T17:31:38 - [TEST_STEP][PASSED] - top = getViewportTopPosition(): Current viewport's top (y) position is 0

27-02-2025T17:31:38 - [MESSAGE][PASSED] - Current viewport's top (y) position is 0

27-02-2025T17:31:38 - [TEST_STEP][PASSED] - println("Viewport top is " + top): null

27-02-2025T17:31:38 - [TEST_STEP][PASSED] - bottom = top + 600: null

27-02-2025T17:31:38 - [TEST_STEP][PASSED] - if (y - top < 150 || bottom - y < 10): null

27-02-2025T17:31:38 - [TEST_STEP][PASSED] - if (action == "click"): null

27-02-2025T17:31:38 - [TEST_STEP][PASSED] - else if (action == "selectOptionByValue"): null

27-02-2025T17:31:38 - [TEST_STEP][PASSED] - else if (action == "setText"): null

27-02-2025T17:31:38 - [TEST_STEP][PASSED] - else if (action == "setEncryptedText"): Text ****** has been set on object 'Object Repository/Journey Candidate Profile/Register/input_Password'

27-02-2025T17:31:38 - [TEST_STEP][PASSED] - println("Setting encrypted text " + parm1): null

27-02-2025T17:31:38 - [TEST_STEP][PASSED] - setEncryptedText(findTestObject(testObject), parm1): Text ****** has been set on object 'Object Repository/Journey Candidate Profile/Register/input_Password'

27-02-2025T17:31:38 - [MESSAGE][PASSED] - Text ****** has been set on object 'Object Repository/Journey Candidate Profile/Register/input_Password'

27-02-2025T17:31:38 - [MESSAGE][PASSED] - Call Test Case 'Test Cases/_Functions/Perform Action' successfully

27-02-2025T17:31:38 - [TEST_STEP][PASSED] - object = "Journey Candidate Profile/Register/input_First Name": null

27-02-2025T17:31:38 - [TEST_STEP][PASSED] - callTestCase(findTestCase("_Functions/Perform Action"), ["varAction":"setText", "varObject":object, "varParm1":username], STOP_ON_FAILURE): Call Test Case 'Test Cases/_Functions/Perform Action' successfully

27-02-2025T17:31:38 - [TEST_CASE][PASSED] - Test Cases/_Functions/Perform Action: Test Cases/_Functions/Perform Action

27-02-2025T17:31:38 - [TEST_STEP][PASSED] - action = varAction: null

27-02-2025T17:31:38 - [TEST_STEP][PASSED] - println(action): null

27-02-2025T17:31:38 - [TEST_STEP][PASSED] - testObject = varObject: null

27-02-2025T17:31:38 - [TEST_STEP][PASSED] - println(testObject): null

27-02-2025T17:31:38 - [TEST_STEP][PASSED] - parm1 = varParm1: null

27-02-2025T17:31:38 - [TEST_STEP][PASSED] - println(parm1): null

27-02-2025T17:31:38 - [TEST_STEP][PASSED] - println("Converting " + testObject + " to web element"): null

27-02-2025T17:31:38 - [TEST_STEP][PASSED] - element = findWebElement(findTestObject(testObject), 1): null

27-02-2025T17:31:38 - [TEST_STEP][PASSED] - loc = element.getLocation(): null

27-02-2025T17:31:38 - [TEST_STEP][PASSED] - y = loc.getY(): null

27-02-2025T17:31:38 - [TEST_STEP][PASSED] - println("Y location is " + y): null

27-02-2025T17:31:38 - [TEST_STEP][PASSED] - top = getViewportTopPosition(): Current viewport's top (y) position is 0

27-02-2025T17:31:38 - [MESSAGE][PASSED] - Current viewport's top (y) position is 0

27-02-2025T17:31:38 - [TEST_STEP][PASSED] - println("Viewport top is " + top): null

27-02-2025T17:31:38 - [TEST_STEP][PASSED] - bottom = top + 600: null

27-02-2025T17:31:38 - [TEST_STEP][PASSED] - if (y - top < 150 || bottom - y < 10): Delayed 1 second(s)

27-02-2025T17:31:38 - [TEST_STEP][PASSED] - scrollToPosition(0, y - 150): Browser is scrolled to position x = 0, y = 469

27-02-2025T17:31:38 - [MESSAGE][PASSED] - Browser is scrolled to position x = 0, y = 469

27-02-2025T17:31:38 - [TEST_STEP][PASSED] - delay(1): Delayed 1 second(s)

27-02-2025T17:31:39 - [MESSAGE][PASSED] - Delayed 1 second(s)

27-02-2025T17:31:39 - [TEST_STEP][PASSED] - if (action == "click"): null

27-02-2025T17:31:39 - [TEST_STEP][PASSED] - else if (action == "selectOptionByValue"): null

27-02-2025T17:31:39 - [TEST_STEP][PASSED] - else if (action == "setText"): Text 'cktest05jc' is set on object 'Object Repository/Journey Candidate Profile/Register/input_First Name'

27-02-2025T17:31:39 - [TEST_STEP][PASSED] - println("Setting text " + parm1): null

27-02-2025T17:31:39 - [TEST_STEP][PASSED] - setText(findTestObject(testObject), parm1): Text 'cktest05jc' is set on object 'Object Repository/Journey Candidate Profile/Register/input_First Name'

27-02-2025T17:31:39 - [MESSAGE][PASSED] - Text 'cktest05jc' is set on object 'Object Repository/Journey Candidate Profile/Register/input_First Name'

27-02-2025T17:31:39 - [MESSAGE][PASSED] - Call Test Case 'Test Cases/_Functions/Perform Action' successfully

27-02-2025T17:31:39 - [TEST_STEP][PASSED] - object = "Journey Candidate Profile/Register/input_Last Name": null

27-02-2025T17:31:39 - [TEST_STEP][PASSED] - callTestCase(findTestCase("_Functions/Perform Action"), ["varAction":"setText", "varObject":object, "varParm1":last_name], STOP_ON_FAILURE): Call Test Case 'Test Cases/_Functions/Perform Action' successfully

27-02-2025T17:31:39 - [TEST_CASE][PASSED] - Test Cases/_Functions/Perform Action: Test Cases/_Functions/Perform Action

27-02-2025T17:31:39 - [TEST_STEP][PASSED] - action = varAction: null

27-02-2025T17:31:39 - [TEST_STEP][PASSED] - println(action): null

27-02-2025T17:31:39 - [TEST_STEP][PASSED] - testObject = varObject: null

27-02-2025T17:31:39 - [TEST_STEP][PASSED] - println(testObject): null

27-02-2025T17:31:39 - [TEST_STEP][PASSED] - parm1 = varParm1: null

27-02-2025T17:31:39 - [TEST_STEP][PASSED] - println(parm1): null

27-02-2025T17:31:39 - [TEST_STEP][PASSED] - println("Converting " + testObject + " to web element"): null

27-02-2025T17:31:39 - [TEST_STEP][PASSED] - element = findWebElement(findTestObject(testObject), 1): null

27-02-2025T17:31:39 - [TEST_STEP][PASSED] - loc = element.getLocation(): null

27-02-2025T17:31:39 - [TEST_STEP][PASSED] - y = loc.getY(): null

27-02-2025T17:31:39 - [TEST_STEP][PASSED] - println("Y location is " + y): null

27-02-2025T17:31:39 - [TEST_STEP][PASSED] - top = getViewportTopPosition(): Current viewport's top (y) position is 469

27-02-2025T17:31:39 - [MESSAGE][PASSED] - Current viewport's top (y) position is 469

27-02-2025T17:31:39 - [TEST_STEP][PASSED] - println("Viewport top is " + top): null

27-02-2025T17:31:39 - [TEST_STEP][PASSED] - bottom = top + 600: null

27-02-2025T17:31:39 - [TEST_STEP][PASSED] - if (y - top < 150 || bottom - y < 10): null

27-02-2025T17:31:39 - [TEST_STEP][PASSED] - if (action == "click"): null

27-02-2025T17:31:39 - [TEST_STEP][PASSED] - else if (action == "selectOptionByValue"): null

27-02-2025T17:31:39 - [TEST_STEP][PASSED] - else if (action == "setText"): Text 'Kosieracki' is set on object 'Object Repository/Journey Candidate Profile/Register/input_Last Name'

27-02-2025T17:31:39 - [TEST_STEP][PASSED] - println("Setting text " + parm1): null

27-02-2025T17:31:39 - [TEST_STEP][PASSED] - setText(findTestObject(testObject), parm1): Text 'Kosieracki' is set on object 'Object Repository/Journey Candidate Profile/Register/input_Last Name'

27-02-2025T17:31:39 - [MESSAGE][PASSED] - Text 'Kosieracki' is set on object 'Object Repository/Journey Candidate Profile/Register/input_Last Name'

27-02-2025T17:31:39 - [MESSAGE][PASSED] - Call Test Case 'Test Cases/_Functions/Perform Action' successfully

27-02-2025T17:31:39 - [TEST_STEP][PASSED] - object = "Journey Candidate Profile/Register/select_Country": null

27-02-2025T17:31:39 - [TEST_STEP][PASSED] - callTestCase(findTestCase("_Functions/Perform Action"), ["varAction":"selectOptionByValue", "varObject":object, "varParm1":country], STOP_ON_FAILURE): Call Test Case 'Test Cases/_Functions/Perform Action' successfully

27-02-2025T17:31:39 - [TEST_CASE][PASSED] - Test Cases/_Functions/Perform Action: Test Cases/_Functions/Perform Action

27-02-2025T17:31:39 - [TEST_STEP][PASSED] - action = varAction: null

27-02-2025T17:31:39 - [TEST_STEP][PASSED] - println(action): null

27-02-2025T17:31:39 - [TEST_STEP][PASSED] - testObject = varObject: null

27-02-2025T17:31:39 - [TEST_STEP][PASSED] - println(testObject): null

27-02-2025T17:31:39 - [TEST_STEP][PASSED] - parm1 = varParm1: null

27-02-2025T17:31:39 - [TEST_STEP][PASSED] - println(parm1): null

27-02-2025T17:31:39 - [TEST_STEP][PASSED] - println("Converting " + testObject + " to web element"): null

27-02-2025T17:31:39 - [TEST_STEP][PASSED] - element = findWebElement(findTestObject(testObject), 1): null

27-02-2025T17:31:39 - [TEST_STEP][PASSED] - loc = element.getLocation(): null

27-02-2025T17:31:39 - [TEST_STEP][PASSED] - y = loc.getY(): null

27-02-2025T17:31:39 - [TEST_STEP][PASSED] - println("Y location is " + y): null

27-02-2025T17:31:39 - [TEST_STEP][PASSED] - top = getViewportTopPosition(): Current viewport's top (y) position is 469

27-02-2025T17:31:39 - [MESSAGE][PASSED] - Current viewport's top (y) position is 469

27-02-2025T17:31:39 - [TEST_STEP][PASSED] - println("Viewport top is " + top): null

27-02-2025T17:31:39 - [TEST_STEP][PASSED] - bottom = top + 600: null

27-02-2025T17:31:39 - [TEST_STEP][PASSED] - if (y - top < 150 || bottom - y < 10): null

27-02-2025T17:31:39 - [TEST_STEP][PASSED] - if (action == "click"): null

27-02-2025T17:31:39 - [TEST_STEP][PASSED] - else if (action == "selectOptionByValue"): All options with value 'United States' are selected in object 'Object Repository/Journey Candidate Profile/Register/select_Country' 

27-02-2025T17:31:39 - [TEST_STEP][PASSED] - println("Selecting " + parm1): null

27-02-2025T17:31:39 - [TEST_STEP][PASSED] - selectOptionByValue(findTestObject(testObject), parm1, false): All options with value 'United States' are selected in object 'Object Repository/Journey Candidate Profile/Register/select_Country' 

27-02-2025T17:31:39 - [MESSAGE][PASSED] - All options with value 'United States' are selected in object 'Object Repository/Journey Candidate Profile/Register/select_Country' 

27-02-2025T17:31:39 - [MESSAGE][PASSED] - Call Test Case 'Test Cases/_Functions/Perform Action' successfully

27-02-2025T17:31:39 - [TEST_STEP][PASSED] - object = "Journey Candidate Profile/Register/input_Best Phone Number": null

27-02-2025T17:31:39 - [TEST_STEP][PASSED] - callTestCase(findTestCase("_Functions/Perform Action"), ["varAction":"setText", "varObject":object, "varParm1":phone_number], STOP_ON_FAILURE): Call Test Case 'Test Cases/_Functions/Perform Action' successfully

27-02-2025T17:31:39 - [TEST_CASE][PASSED] - Test Cases/_Functions/Perform Action: Test Cases/_Functions/Perform Action

27-02-2025T17:31:39 - [TEST_STEP][PASSED] - action = varAction: null

27-02-2025T17:31:39 - [TEST_STEP][PASSED] - println(action): null

27-02-2025T17:31:39 - [TEST_STEP][PASSED] - testObject = varObject: null

27-02-2025T17:31:39 - [TEST_STEP][PASSED] - println(testObject): null

27-02-2025T17:31:39 - [TEST_STEP][PASSED] - parm1 = varParm1: null

27-02-2025T17:31:39 - [TEST_STEP][PASSED] - println(parm1): null

27-02-2025T17:31:39 - [TEST_STEP][PASSED] - println("Converting " + testObject + " to web element"): null

27-02-2025T17:31:39 - [TEST_STEP][PASSED] - element = findWebElement(findTestObject(testObject), 1): null

27-02-2025T17:31:39 - [TEST_STEP][PASSED] - loc = element.getLocation(): null

27-02-2025T17:31:39 - [TEST_STEP][PASSED] - y = loc.getY(): null

27-02-2025T17:31:39 - [TEST_STEP][PASSED] - println("Y location is " + y): null

27-02-2025T17:31:39 - [TEST_STEP][PASSED] - top = getViewportTopPosition(): Current viewport's top (y) position is 469

27-02-2025T17:31:39 - [MESSAGE][PASSED] - Current viewport's top (y) position is 469

27-02-2025T17:31:39 - [TEST_STEP][PASSED] - println("Viewport top is " + top): null

27-02-2025T17:31:39 - [TEST_STEP][PASSED] - bottom = top + 600: null

27-02-2025T17:31:39 - [TEST_STEP][PASSED] - if (y - top < 150 || bottom - y < 10): null

27-02-2025T17:31:39 - [TEST_STEP][PASSED] - if (action == "click"): null

27-02-2025T17:31:39 - [TEST_STEP][PASSED] - else if (action == "selectOptionByValue"): null

27-02-2025T17:31:39 - [TEST_STEP][PASSED] - else if (action == "setText"): Text '952-442-1703' is set on object 'Object Repository/Journey Candidate Profile/Register/input_Best Phone Number'

27-02-2025T17:31:39 - [TEST_STEP][PASSED] - println("Setting text " + parm1): null

27-02-2025T17:31:39 - [TEST_STEP][PASSED] - setText(findTestObject(testObject), parm1): Text '952-442-1703' is set on object 'Object Repository/Journey Candidate Profile/Register/input_Best Phone Number'

27-02-2025T17:31:39 - [MESSAGE][PASSED] - Text '952-442-1703' is set on object 'Object Repository/Journey Candidate Profile/Register/input_Best Phone Number'

27-02-2025T17:31:39 - [MESSAGE][PASSED] - Call Test Case 'Test Cases/_Functions/Perform Action' successfully

27-02-2025T17:31:39 - [TEST_STEP][PASSED] - if (prefer_text): Call Test Case 'Test Cases/_Functions/Perform Action' successfully

27-02-2025T17:31:39 - [TEST_STEP][PASSED] - object = "Journey Candidate Profile/Register/checkbox_Prefer Text Message": null

27-02-2025T17:31:39 - [TEST_STEP][PASSED] - callTestCase(findTestCase("_Functions/Perform Action"), ["varAction":"click", "varObject":object], STOP_ON_FAILURE): Call Test Case 'Test Cases/_Functions/Perform Action' successfully

27-02-2025T17:31:40 - [TEST_CASE][PASSED] - Test Cases/_Functions/Perform Action: Test Cases/_Functions/Perform Action

27-02-2025T17:31:40 - [TEST_STEP][PASSED] - action = varAction: null

27-02-2025T17:31:40 - [TEST_STEP][PASSED] - println(action): null

27-02-2025T17:31:40 - [TEST_STEP][PASSED] - testObject = varObject: null

27-02-2025T17:31:40 - [TEST_STEP][PASSED] - println(testObject): null

27-02-2025T17:31:40 - [TEST_STEP][PASSED] - parm1 = varParm1: null

27-02-2025T17:31:40 - [TEST_STEP][PASSED] - println(parm1): null

27-02-2025T17:31:40 - [TEST_STEP][PASSED] - println("Converting " + testObject + " to web element"): null

27-02-2025T17:31:40 - [TEST_STEP][PASSED] - element = findWebElement(findTestObject(testObject), 1): null

27-02-2025T17:31:40 - [TEST_STEP][PASSED] - loc = element.getLocation(): null

27-02-2025T17:31:40 - [TEST_STEP][PASSED] - y = loc.getY(): null

27-02-2025T17:31:40 - [TEST_STEP][PASSED] - println("Y location is " + y): null

27-02-2025T17:31:40 - [TEST_STEP][PASSED] - top = getViewportTopPosition(): Current viewport's top (y) position is 469

27-02-2025T17:31:40 - [MESSAGE][PASSED] - Current viewport's top (y) position is 469

27-02-2025T17:31:40 - [TEST_STEP][PASSED] - println("Viewport top is " + top): null

27-02-2025T17:31:40 - [TEST_STEP][PASSED] - bottom = top + 600: null

27-02-2025T17:31:40 - [TEST_STEP][PASSED] - if (y - top < 150 || bottom - y < 10): null

27-02-2025T17:31:40 - [TEST_STEP][PASSED] - if (action == "click"): Object: 'Object Repository/Journey Candidate Profile/Register/checkbox_Prefer Text Message' is clicked on

27-02-2025T17:31:40 - [TEST_STEP][PASSED] - println("clicking"): null

27-02-2025T17:31:40 - [TEST_STEP][PASSED] - click(findTestObject(testObject)): Object: 'Object Repository/Journey Candidate Profile/Register/checkbox_Prefer Text Message' is clicked on

27-02-2025T17:31:40 - [MESSAGE][PASSED] - Object: 'Object Repository/Journey Candidate Profile/Register/checkbox_Prefer Text Message' is clicked on

27-02-2025T17:31:40 - [MESSAGE][PASSED] - Call Test Case 'Test Cases/_Functions/Perform Action' successfully

27-02-2025T17:31:40 - [TEST_STEP][PASSED] - object = "Journey Candidate Profile/Register/select_Learn About Us": null

27-02-2025T17:31:40 - [TEST_STEP][PASSED] - callTestCase(findTestCase("_Functions/Perform Action"), ["varAction":"selectOptionByValue", "varObject":object, "varParm1":learn_about], STOP_ON_FAILURE): Call Test Case 'Test Cases/_Functions/Perform Action' successfully

27-02-2025T17:31:40 - [TEST_CASE][PASSED] - Test Cases/_Functions/Perform Action: Test Cases/_Functions/Perform Action

27-02-2025T17:31:40 - [TEST_STEP][PASSED] - action = varAction: null

27-02-2025T17:31:40 - [TEST_STEP][PASSED] - println(action): null

27-02-2025T17:31:40 - [TEST_STEP][PASSED] - testObject = varObject: null

27-02-2025T17:31:40 - [TEST_STEP][PASSED] - println(testObject): null

27-02-2025T17:31:40 - [TEST_STEP][PASSED] - parm1 = varParm1: null

27-02-2025T17:31:40 - [TEST_STEP][PASSED] - println(parm1): null

27-02-2025T17:31:40 - [TEST_STEP][PASSED] - println("Converting " + testObject + " to web element"): null

27-02-2025T17:31:40 - [TEST_STEP][PASSED] - element = findWebElement(findTestObject(testObject), 1): null

27-02-2025T17:31:40 - [TEST_STEP][PASSED] - loc = element.getLocation(): null

27-02-2025T17:31:40 - [TEST_STEP][PASSED] - y = loc.getY(): null

27-02-2025T17:31:40 - [TEST_STEP][PASSED] - println("Y location is " + y): null

27-02-2025T17:31:40 - [TEST_STEP][PASSED] - top = getViewportTopPosition(): Current viewport's top (y) position is 469

27-02-2025T17:31:40 - [MESSAGE][PASSED] - Current viewport's top (y) position is 469

27-02-2025T17:31:40 - [TEST_STEP][PASSED] - println("Viewport top is " + top): null

27-02-2025T17:31:40 - [TEST_STEP][PASSED] - bottom = top + 600: null

27-02-2025T17:31:40 - [TEST_STEP][PASSED] - if (y - top < 150 || bottom - y < 10): null

27-02-2025T17:31:40 - [TEST_STEP][PASSED] - if (action == "click"): null

27-02-2025T17:31:40 - [TEST_STEP][PASSED] - else if (action == "selectOptionByValue"): All options with value 'Not sure' are selected in object 'Object Repository/Journey Candidate Profile/Register/select_Learn About Us' 

27-02-2025T17:31:40 - [TEST_STEP][PASSED] - println("Selecting " + parm1): null

27-02-2025T17:31:40 - [TEST_STEP][PASSED] - selectOptionByValue(findTestObject(testObject), parm1, false): All options with value 'Not sure' are selected in object 'Object Repository/Journey Candidate Profile/Register/select_Learn About Us' 

27-02-2025T17:31:40 - [MESSAGE][PASSED] - All options with value 'Not sure' are selected in object 'Object Repository/Journey Candidate Profile/Register/select_Learn About Us' 

27-02-2025T17:31:40 - [MESSAGE][PASSED] - Call Test Case 'Test Cases/_Functions/Perform Action' successfully

27-02-2025T17:31:40 - [TEST_STEP][PASSED] - object = "Journey Candidate Profile/Register/textarea_Other Comment": null

27-02-2025T17:31:40 - [TEST_STEP][PASSED] - callTestCase(findTestCase("_Functions/Perform Action"), ["varAction":"setText", "varObject":object, "varParm1":other_comment], STOP_ON_FAILURE): Call Test Case 'Test Cases/_Functions/Perform Action' successfully

27-02-2025T17:31:40 - [TEST_CASE][PASSED] - Test Cases/_Functions/Perform Action: Test Cases/_Functions/Perform Action

27-02-2025T17:31:40 - [TEST_STEP][PASSED] - action = varAction: null

27-02-2025T17:31:40 - [TEST_STEP][PASSED] - println(action): null

27-02-2025T17:31:40 - [TEST_STEP][PASSED] - testObject = varObject: null

27-02-2025T17:31:40 - [TEST_STEP][PASSED] - println(testObject): null

27-02-2025T17:31:40 - [TEST_STEP][PASSED] - parm1 = varParm1: null

27-02-2025T17:31:40 - [TEST_STEP][PASSED] - println(parm1): null

27-02-2025T17:31:40 - [TEST_STEP][PASSED] - println("Converting " + testObject + " to web element"): null

27-02-2025T17:31:40 - [TEST_STEP][PASSED] - element = findWebElement(findTestObject(testObject), 1): null

27-02-2025T17:31:40 - [TEST_STEP][PASSED] - loc = element.getLocation(): null

27-02-2025T17:31:40 - [TEST_STEP][PASSED] - y = loc.getY(): null

27-02-2025T17:31:40 - [TEST_STEP][PASSED] - println("Y location is " + y): null

27-02-2025T17:31:40 - [TEST_STEP][PASSED] - top = getViewportTopPosition(): Current viewport's top (y) position is 469

27-02-2025T17:31:40 - [MESSAGE][PASSED] - Current viewport's top (y) position is 469

27-02-2025T17:31:40 - [TEST_STEP][PASSED] - println("Viewport top is " + top): null

27-02-2025T17:31:40 - [TEST_STEP][PASSED] - bottom = top + 600: null

27-02-2025T17:31:40 - [TEST_STEP][PASSED] - if (y - top < 150 || bottom - y < 10): null

27-02-2025T17:31:40 - [TEST_STEP][PASSED] - if (action == "click"): null

27-02-2025T17:31:40 - [TEST_STEP][PASSED] - else if (action == "selectOptionByValue"): null

27-02-2025T17:31:40 - [TEST_STEP][PASSED] - else if (action == "setText"): Text 'I am excited to be able to find a missions opportunity' is set on object 'Object Repository/Journey Candidate Profile/Register/textarea_Other Comment'

27-02-2025T17:31:40 - [TEST_STEP][PASSED] - println("Setting text " + parm1): null

27-02-2025T17:31:40 - [TEST_STEP][PASSED] - setText(findTestObject(testObject), parm1): Text 'I am excited to be able to find a missions opportunity' is set on object 'Object Repository/Journey Candidate Profile/Register/textarea_Other Comment'

27-02-2025T17:31:40 - [MESSAGE][PASSED] - Text 'I am excited to be able to find a missions opportunity' is set on object 'Object Repository/Journey Candidate Profile/Register/textarea_Other Comment'

27-02-2025T17:31:40 - [MESSAGE][PASSED] - Call Test Case 'Test Cases/_Functions/Perform Action' successfully

27-02-2025T17:31:40 - [TEST_STEP][PASSED] - object = "Journey Candidate Profile/Register/button_Sign up": null

27-02-2025T17:31:40 - [TEST_STEP][PASSED] - callTestCase(findTestCase("_Functions/Perform Action"), ["varAction":"click", "varObject":object], STOP_ON_FAILURE): Call Test Case 'Test Cases/_Functions/Perform Action' successfully

27-02-2025T17:31:40 - [TEST_CASE][PASSED] - Test Cases/_Functions/Perform Action: Test Cases/_Functions/Perform Action

27-02-2025T17:31:40 - [TEST_STEP][PASSED] - action = varAction: null

27-02-2025T17:31:40 - [TEST_STEP][PASSED] - println(action): null

27-02-2025T17:31:40 - [TEST_STEP][PASSED] - testObject = varObject: null

27-02-2025T17:31:40 - [TEST_STEP][PASSED] - println(testObject): null

27-02-2025T17:31:40 - [TEST_STEP][PASSED] - parm1 = varParm1: null

27-02-2025T17:31:40 - [TEST_STEP][PASSED] - println(parm1): null

27-02-2025T17:31:40 - [TEST_STEP][PASSED] - println("Converting " + testObject + " to web element"): null

27-02-2025T17:31:40 - [TEST_STEP][PASSED] - element = findWebElement(findTestObject(testObject), 1): null

27-02-2025T17:31:40 - [TEST_STEP][PASSED] - loc = element.getLocation(): null

27-02-2025T17:31:40 - [TEST_STEP][PASSED] - y = loc.getY(): null

27-02-2025T17:31:40 - [TEST_STEP][PASSED] - println("Y location is " + y): null

27-02-2025T17:31:40 - [TEST_STEP][PASSED] - top = getViewportTopPosition(): Current viewport's top (y) position is 469

27-02-2025T17:31:40 - [MESSAGE][PASSED] - Current viewport's top (y) position is 469

27-02-2025T17:31:40 - [TEST_STEP][PASSED] - println("Viewport top is " + top): null

27-02-2025T17:31:40 - [TEST_STEP][PASSED] - bottom = top + 600: null

27-02-2025T17:31:40 - [TEST_STEP][PASSED] - if (y - top < 150 || bottom - y < 10): Delayed 1 second(s)

27-02-2025T17:31:40 - [TEST_STEP][PASSED] - scrollToPosition(0, y - 150): Browser is scrolled to position x = 0, y = 1005

27-02-2025T17:31:40 - [MESSAGE][PASSED] - Browser is scrolled to position x = 0, y = 1005

27-02-2025T17:31:40 - [TEST_STEP][PASSED] - delay(1): Delayed 1 second(s)

27-02-2025T17:31:41 - [MESSAGE][PASSED] - Delayed 1 second(s)

27-02-2025T17:31:41 - [TEST_STEP][PASSED] - if (action == "click"): Object: 'Object Repository/Journey Candidate Profile/Register/button_Sign up' is clicked on

27-02-2025T17:31:41 - [TEST_STEP][PASSED] - println("clicking"): null

27-02-2025T17:31:41 - [TEST_STEP][PASSED] - click(findTestObject(testObject)): Object: 'Object Repository/Journey Candidate Profile/Register/button_Sign up' is clicked on

27-02-2025T17:31:42 - [MESSAGE][PASSED] - Object: 'Object Repository/Journey Candidate Profile/Register/button_Sign up' is clicked on

27-02-2025T17:31:42 - [MESSAGE][PASSED] - Call Test Case 'Test Cases/_Functions/Perform Action' successfully

27-02-2025T17:31:42 - [TEST_STEP][PASSED] - fieldList = ["Terms and Conditions"]: null

27-02-2025T17:31:42 - [TEST_STEP][PASSED] - callTestCase(findTestCase("_Functions/Test Field Error Messages"), ["varFieldList":fieldList, "varRequiredFieldMsgs":requiredFieldMsgs], STOP_ON_FAILURE): Call Test Case 'Test Cases/_Functions/Test Field Error Messages' successfully

27-02-2025T17:31:42 - [TEST_CASE][PASSED] - Test Cases/_Functions/Test Field Error Messages: Test Cases/_Functions/Test Field Error Messages

27-02-2025T17:31:42 - [TEST_STEP][PASSED] - count = callTestCase(findTestCase("_Functions/Find error messages"), ["varFunction":"count"], STOP_ON_FAILURE): Call Test Case 'Test Cases/_Functions/Find error messages' successfully

27-02-2025T17:31:42 - [TEST_CASE][PASSED] - Test Cases/_Functions/Find error messages: Test Cases/_Functions/Find error messages

27-02-2025T17:31:42 - [TEST_STEP][PASSED] - function = "count": null

27-02-2025T17:31:42 - [TEST_STEP][PASSED] - if (binding.hasVariable("varFunction")): null

27-02-2025T17:31:42 - [TEST_STEP][PASSED] - function = varFunction: null

27-02-2025T17:31:42 - [TEST_STEP][PASSED] - title = getWindowTitle(): Current window's title is: 'Journey'

27-02-2025T17:31:42 - [MESSAGE][PASSED] - Current window's title is: 'Journey'

27-02-2025T17:31:42 - [TEST_STEP][PASSED] - println("Page title is " + title): null

27-02-2025T17:31:42 - [TEST_STEP][PASSED] - driver = getWebDriver(): null

27-02-2025T17:31:42 - [TEST_STEP][PASSED] - elements = driver.findElements(By.xpath("//div[@class='col-sm-offset-3 col-sm-9 text-danger']")): null

27-02-2025T17:31:42 - [TEST_STEP][PASSED] - if (function == "count"): null

27-02-2025T17:31:42 - [TEST_STEP][PASSED] - return elements.size(): null

27-02-2025T17:31:42 - [MESSAGE][PASSED] - Call Test Case 'Test Cases/_Functions/Find error messages' successfully

27-02-2025T17:31:42 - [TEST_STEP][PASSED] - outFile = outFile: null

27-02-2025T17:31:42 - [TEST_STEP][PASSED] - if (count == 0): null

27-02-2025T17:31:42 - [TEST_STEP][PASSED] - else: Delayed 0 second(s)

27-02-2025T17:31:42 - [TEST_STEP][PASSED] - fieldList = varFieldList: null

27-02-2025T17:31:42 - [TEST_STEP][PASSED] - requiredFieldMsgs = varRequiredFieldMsgs: null

27-02-2025T17:31:42 - [TEST_STEP][PASSED] - outText = "Verifying error messages for fields " + fieldList: null

27-02-2025T17:31:42 - [TEST_STEP][PASSED] - for (def field : fieldList): null

27-02-2025T17:31:42 - [TEST_STEP][PASSED] - errorMsg = requiredFieldMsgs.get(field): null

27-02-2025T17:31:42 - [TEST_STEP][PASSED] - msg = verifyTextPresent(errorMsg, false, OPTIONAL): Text 'The terms and conditions field is required.' is present on page 

27-02-2025T17:31:42 - [MESSAGE][PASSED] - Text 'The terms and conditions field is required.' is present on page 

27-02-2025T17:31:42 - [TEST_STEP][PASSED] - println(field + ":" + msg): null

27-02-2025T17:31:42 - [TEST_STEP][PASSED] - if (!(msg)): null

27-02-2025T17:31:42 - [TEST_STEP][PASSED] - delay(fieldTestDelay): Delayed 0 second(s)

27-02-2025T17:31:42 - [MESSAGE][PASSED] - Delayed 0 second(s)

27-02-2025T17:31:42 - [MESSAGE][PASSED] - Call Test Case 'Test Cases/_Functions/Test Field Error Messages' successfully

27-02-2025T17:31:42 - [TEST_STEP][PASSED] - outText = "Verifying the links to other pages.
": null

27-02-2025T17:31:42 - [TEST_STEP][PASSED] - outFile.append(outText): null

27-02-2025T17:31:42 - [TEST_STEP][PASSED] - callTestCase(findTestCase("_Functions/Test External Links"), ["varPageLinks":pageLinks, "varObjectPath":"Object Repository/Education Partner Profile/Register/"], STOP_ON_FAILURE): Call Test Case 'Test Cases/_Functions/Test External Links' successfully

27-02-2025T17:31:42 - [TEST_CASE][PASSED] - Test Cases/_Functions/Test External Links: Test Cases/_Functions/Test External Links

27-02-2025T17:31:42 - [TEST_STEP][PASSED] - if (fastPath): null

27-02-2025T17:31:42 - [TEST_STEP][PASSED] - outFile = outFile: null

27-02-2025T17:31:42 - [TEST_STEP][PASSED] - pageLinks = varPageLinks: null

27-02-2025T17:31:42 - [TEST_STEP][PASSED] - println(pageLinks): null

27-02-2025T17:31:42 - [TEST_STEP][PASSED] - objectPath = varObjectPath: null

27-02-2025T17:31:42 - [TEST_STEP][PASSED] - println(objectPath): null

27-02-2025T17:31:42 - [TEST_STEP][PASSED] - callingTab = varCallingTab: null

27-02-2025T17:31:42 - [TEST_STEP][PASSED] - println(callingTab): null

27-02-2025T17:31:42 - [TEST_STEP][PASSED] - driver = getWebDriver(): null

27-02-2025T17:31:42 - [TEST_STEP][PASSED] - for (def it : pageLinks): Delayed 1 second(s)

27-02-2025T17:31:42 - [TEST_STEP][PASSED] - myElement = "a_" + key: null

27-02-2025T17:31:42 - [TEST_STEP][PASSED] - myText = value: null

27-02-2025T17:31:42 - [TEST_STEP][PASSED] - object = objectPath + myElement: null

27-02-2025T17:31:42 - [TEST_STEP][PASSED] - println(object): null

27-02-2025T17:31:42 - [TEST_STEP][PASSED] - fromURL = getUrl(): Current window's url is: 'https://journey.missionnext.org/signup/candidate?doing_wp_cron=1740699078.1591370105743408203125'

27-02-2025T17:31:42 - [MESSAGE][PASSED] - Current window's url is: 'https://journey.missionnext.org/signup/candidate?doing_wp_cron=1740699078.1591370105743408203125'

27-02-2025T17:31:42 - [TEST_STEP][PASSED] - callTestCase(findTestCase("_Functions/Perform Action"), ["varAction":"click", "varObject":object], OPTIONAL): Call Test Case 'Test Cases/_Functions/Perform Action' successfully

27-02-2025T17:31:42 - [TEST_CASE][PASSED] - Test Cases/_Functions/Perform Action: Test Cases/_Functions/Perform Action

27-02-2025T17:31:42 - [TEST_STEP][PASSED] - action = varAction: null

27-02-2025T17:31:42 - [TEST_STEP][PASSED] - println(action): null

27-02-2025T17:31:42 - [TEST_STEP][PASSED] - testObject = varObject: null

27-02-2025T17:31:42 - [TEST_STEP][PASSED] - println(testObject): null

27-02-2025T17:31:42 - [TEST_STEP][PASSED] - parm1 = varParm1: null

27-02-2025T17:31:42 - [TEST_STEP][PASSED] - println(parm1): null

27-02-2025T17:31:42 - [TEST_STEP][PASSED] - println("Converting " + testObject + " to web element"): null

27-02-2025T17:31:42 - [TEST_STEP][PASSED] - element = findWebElement(findTestObject(testObject), 1): null

27-02-2025T17:31:42 - [TEST_STEP][PASSED] - loc = element.getLocation(): null

27-02-2025T17:31:42 - [TEST_STEP][PASSED] - y = loc.getY(): null

27-02-2025T17:31:42 - [TEST_STEP][PASSED] - println("Y location is " + y): null

27-02-2025T17:31:42 - [TEST_STEP][PASSED] - top = getViewportTopPosition(): Current viewport's top (y) position is 0

27-02-2025T17:31:42 - [MESSAGE][PASSED] - Current viewport's top (y) position is 0

27-02-2025T17:31:42 - [TEST_STEP][PASSED] - println("Viewport top is " + top): null

27-02-2025T17:31:42 - [TEST_STEP][PASSED] - bottom = top + 600: null

27-02-2025T17:31:42 - [TEST_STEP][PASSED] - if (y - top < 150 || bottom - y < 10): Delayed 1 second(s)

27-02-2025T17:31:42 - [TEST_STEP][PASSED] - scrollToPosition(0, y - 150): Browser is scrolled to position x = 0, y = 869

27-02-2025T17:31:42 - [MESSAGE][PASSED] - Browser is scrolled to position x = 0, y = 869

27-02-2025T17:31:42 - [TEST_STEP][PASSED] - delay(1): Delayed 1 second(s)

27-02-2025T17:31:43 - [MESSAGE][PASSED] - Delayed 1 second(s)

27-02-2025T17:31:43 - [TEST_STEP][PASSED] - if (action == "click"): Object: 'Object Repository/Education Partner Profile/Register/a_Privacy Policy' is clicked on

27-02-2025T17:31:43 - [TEST_STEP][PASSED] - println("clicking"): null

27-02-2025T17:31:43 - [TEST_STEP][PASSED] - click(findTestObject(testObject)): Object: 'Object Repository/Education Partner Profile/Register/a_Privacy Policy' is clicked on

27-02-2025T17:31:43 - [MESSAGE][PASSED] - Object: 'Object Repository/Education Partner Profile/Register/a_Privacy Policy' is clicked on

27-02-2025T17:31:43 - [MESSAGE][PASSED] - Call Test Case 'Test Cases/_Functions/Perform Action' successfully

27-02-2025T17:31:43 - [TEST_STEP][PASSED] - toURL = getUrl(): Current window's url is: 'https://journey.missionnext.org/signup/candidate?doing_wp_cron=1740699078.1591370105743408203125'

27-02-2025T17:31:43 - [MESSAGE][PASSED] - Current window's url is: 'https://journey.missionnext.org/signup/candidate?doing_wp_cron=1740699078.1591370105743408203125'

27-02-2025T17:31:43 - [TEST_STEP][PASSED] - windowHandles = getWindowHandles().toArray(): null

27-02-2025T17:31:44 - [TEST_STEP][PASSED] - windowCount = windowHandles.size(): null

27-02-2025T17:31:44 - [TEST_STEP][PASSED] - if (windowCount == 2): Switched to window with index: '1'

27-02-2025T17:31:44 - [TEST_STEP][PASSED] - switchToWindowIndex(1): Switched to window with index: '1'

27-02-2025T17:31:44 - [MESSAGE][PASSED] - Switched to window with index: '1'

27-02-2025T17:31:44 - [TEST_STEP][PASSED] - if (windowCount == 1 && toURL == fromURL): null

27-02-2025T17:31:44 - [TEST_STEP][PASSED] - else: Text 'Privacy Policy' is present on page 

27-02-2025T17:31:44 - [TEST_STEP][PASSED] - waitForPageLoad(10): Wait for page load successfully

27-02-2025T17:31:48 - [MESSAGE][PASSED] - Wait for page load successfully

27-02-2025T17:31:48 - [TEST_STEP][PASSED] - delay(2): Delayed 2 second(s)

27-02-2025T17:31:50 - [MESSAGE][PASSED] - Delayed 2 second(s)

27-02-2025T17:31:50 - [TEST_STEP][PASSED] - textFound = verifyTextPresent(myText, false, OPTIONAL): Text 'Privacy Policy' is present on page 

27-02-2025T17:31:50 - [MESSAGE][PASSED] - Text 'Privacy Policy' is present on page 

27-02-2025T17:31:50 - [TEST_STEP][PASSED] - if (textFound): null

27-02-2025T17:31:50 - [TEST_STEP][PASSED] - outText = "+++++ The text "" + myText + "" was found after clicking on the " + key + " link": null

27-02-2025T17:31:50 - [TEST_STEP][PASSED] - println(outText): null

27-02-2025T17:31:50 - [TEST_STEP][PASSED] - outFile.append(outText + "
"): null

27-02-2025T17:31:50 - [TEST_STEP][PASSED] - if (windowCount == 2): Delayed 1 second(s)

27-02-2025T17:31:50 - [TEST_STEP][PASSED] - closeWindowIndex(1): Window with index 1 is closed

27-02-2025T17:31:50 - [MESSAGE][PASSED] - Window with index 1 is closed

27-02-2025T17:31:50 - [TEST_STEP][PASSED] - delay(1): Delayed 1 second(s)

27-02-2025T17:31:51 - [MESSAGE][PASSED] - Delayed 1 second(s)

27-02-2025T17:31:51 - [TEST_STEP][PASSED] - switchToWindowIndex(0): Switched to window with index: '0'

27-02-2025T17:31:51 - [MESSAGE][PASSED] - Switched to window with index: '0'

27-02-2025T17:31:51 - [TEST_STEP][PASSED] - delay(1): Delayed 1 second(s)

27-02-2025T17:31:52 - [MESSAGE][PASSED] - Delayed 1 second(s)

27-02-2025T17:31:52 - [TEST_STEP][PASSED] - myElement = "a_" + key: null

27-02-2025T17:31:52 - [TEST_STEP][PASSED] - myText = value: null

27-02-2025T17:31:52 - [TEST_STEP][PASSED] - object = objectPath + myElement: null

27-02-2025T17:31:52 - [TEST_STEP][PASSED] - println(object): null

27-02-2025T17:31:52 - [TEST_STEP][PASSED] - fromURL = getUrl(): Current window's url is: 'https://journey.missionnext.org/signup/candidate?doing_wp_cron=1740699078.1591370105743408203125'

27-02-2025T17:31:52 - [MESSAGE][PASSED] - Current window's url is: 'https://journey.missionnext.org/signup/candidate?doing_wp_cron=1740699078.1591370105743408203125'

27-02-2025T17:31:52 - [TEST_STEP][PASSED] - callTestCase(findTestCase("_Functions/Perform Action"), ["varAction":"click", "varObject":object], OPTIONAL): Call Test Case 'Test Cases/_Functions/Perform Action' successfully

27-02-2025T17:31:52 - [TEST_CASE][PASSED] - Test Cases/_Functions/Perform Action: Test Cases/_Functions/Perform Action

27-02-2025T17:31:52 - [TEST_STEP][PASSED] - action = varAction: null

27-02-2025T17:31:52 - [TEST_STEP][PASSED] - println(action): null

27-02-2025T17:31:52 - [TEST_STEP][PASSED] - testObject = varObject: null

27-02-2025T17:31:52 - [TEST_STEP][PASSED] - println(testObject): null

27-02-2025T17:31:52 - [TEST_STEP][PASSED] - parm1 = varParm1: null

27-02-2025T17:31:52 - [TEST_STEP][PASSED] - println(parm1): null

27-02-2025T17:31:52 - [TEST_STEP][PASSED] - println("Converting " + testObject + " to web element"): null

27-02-2025T17:31:52 - [TEST_STEP][PASSED] - element = findWebElement(findTestObject(testObject), 1): null

27-02-2025T17:31:52 - [TEST_STEP][PASSED] - loc = element.getLocation(): null

27-02-2025T17:31:52 - [TEST_STEP][PASSED] - y = loc.getY(): null

27-02-2025T17:31:52 - [TEST_STEP][PASSED] - println("Y location is " + y): null

27-02-2025T17:31:52 - [TEST_STEP][PASSED] - top = getViewportTopPosition(): Current viewport's top (y) position is 669

27-02-2025T17:31:52 - [MESSAGE][PASSED] - Current viewport's top (y) position is 669

27-02-2025T17:31:52 - [TEST_STEP][PASSED] - println("Viewport top is " + top): null

27-02-2025T17:31:52 - [TEST_STEP][PASSED] - bottom = top + 600: null

27-02-2025T17:31:52 - [TEST_STEP][PASSED] - if (y - top < 150 || bottom - y < 10): null

27-02-2025T17:31:52 - [TEST_STEP][PASSED] - if (action == "click"): Object: 'Object Repository/Education Partner Profile/Register/a_Terms and Conditions' is clicked on

27-02-2025T17:31:52 - [TEST_STEP][PASSED] - println("clicking"): null

27-02-2025T17:31:52 - [TEST_STEP][PASSED] - click(findTestObject(testObject)): Object: 'Object Repository/Education Partner Profile/Register/a_Terms and Conditions' is clicked on

27-02-2025T17:31:53 - [MESSAGE][PASSED] - Object: 'Object Repository/Education Partner Profile/Register/a_Terms and Conditions' is clicked on

27-02-2025T17:31:53 - [MESSAGE][PASSED] - Call Test Case 'Test Cases/_Functions/Perform Action' successfully

27-02-2025T17:31:53 - [TEST_STEP][PASSED] - toURL = getUrl(): Current window's url is: 'https://journey.missionnext.org/signup/candidate?doing_wp_cron=1740699078.1591370105743408203125'

27-02-2025T17:31:53 - [MESSAGE][PASSED] - Current window's url is: 'https://journey.missionnext.org/signup/candidate?doing_wp_cron=1740699078.1591370105743408203125'

27-02-2025T17:31:53 - [TEST_STEP][PASSED] - windowHandles = getWindowHandles().toArray(): null

27-02-2025T17:31:53 - [TEST_STEP][PASSED] - windowCount = windowHandles.size(): null

27-02-2025T17:31:53 - [TEST_STEP][PASSED] - if (windowCount == 2): Switched to window with index: '1'

27-02-2025T17:31:53 - [TEST_STEP][PASSED] - switchToWindowIndex(1): Switched to window with index: '1'

27-02-2025T17:31:53 - [MESSAGE][PASSED] - Switched to window with index: '1'

27-02-2025T17:31:53 - [TEST_STEP][PASSED] - if (windowCount == 1 && toURL == fromURL): null

27-02-2025T17:31:53 - [TEST_STEP][PASSED] - else: Text 'Terms and Conditions' is present on page 

27-02-2025T17:31:53 - [TEST_STEP][PASSED] - waitForPageLoad(10): Wait for page load successfully

27-02-2025T17:31:56 - [MESSAGE][PASSED] - Wait for page load successfully

27-02-2025T17:31:56 - [TEST_STEP][PASSED] - delay(2): Delayed 2 second(s)

27-02-2025T17:31:58 - [MESSAGE][PASSED] - Delayed 2 second(s)

27-02-2025T17:31:58 - [TEST_STEP][PASSED] - textFound = verifyTextPresent(myText, false, OPTIONAL): Text 'Terms and Conditions' is present on page 

27-02-2025T17:31:59 - [MESSAGE][PASSED] - Text 'Terms and Conditions' is present on page 

27-02-2025T17:31:59 - [TEST_STEP][PASSED] - if (textFound): null

27-02-2025T17:31:59 - [TEST_STEP][PASSED] - outText = "+++++ The text "" + myText + "" was found after clicking on the " + key + " link": null

27-02-2025T17:31:59 - [TEST_STEP][PASSED] - println(outText): null

27-02-2025T17:31:59 - [TEST_STEP][PASSED] - outFile.append(outText + "
"): null

27-02-2025T17:31:59 - [TEST_STEP][PASSED] - if (windowCount == 2): Delayed 1 second(s)

27-02-2025T17:31:59 - [TEST_STEP][PASSED] - closeWindowIndex(1): Window with index 1 is closed

27-02-2025T17:31:59 - [MESSAGE][PASSED] - Window with index 1 is closed

27-02-2025T17:31:59 - [TEST_STEP][PASSED] - delay(1): Delayed 1 second(s)

27-02-2025T17:32:00 - [MESSAGE][PASSED] - Delayed 1 second(s)

27-02-2025T17:32:00 - [TEST_STEP][PASSED] - switchToWindowIndex(0): Switched to window with index: '0'

27-02-2025T17:32:00 - [MESSAGE][PASSED] - Switched to window with index: '0'

27-02-2025T17:32:00 - [TEST_STEP][PASSED] - delay(1): Delayed 1 second(s)

27-02-2025T17:32:01 - [MESSAGE][PASSED] - Delayed 1 second(s)

27-02-2025T17:32:01 - [MESSAGE][PASSED] - Call Test Case 'Test Cases/_Functions/Test External Links' successfully

27-02-2025T17:32:01 - [TEST_STEP][PASSED] - outText = "Submitting the finished page.
": null

27-02-2025T17:32:01 - [TEST_STEP][PASSED] - outFile.append(outText): null

27-02-2025T17:32:01 - [TEST_STEP][PASSED] - object = "Journey Candidate Profile/Register/input_Password": null

27-02-2025T17:32:01 - [TEST_STEP][PASSED] - callTestCase(findTestCase("_Functions/Perform Action"), ["varAction":"setEncryptedText", "varObject":object, "varParm1":password], STOP_ON_FAILURE): Call Test Case 'Test Cases/_Functions/Perform Action' successfully

27-02-2025T17:32:01 - [TEST_CASE][PASSED] - Test Cases/_Functions/Perform Action: Test Cases/_Functions/Perform Action

27-02-2025T17:32:01 - [TEST_STEP][PASSED] - action = varAction: null

27-02-2025T17:32:01 - [TEST_STEP][PASSED] - println(action): null

27-02-2025T17:32:01 - [TEST_STEP][PASSED] - testObject = varObject: null

27-02-2025T17:32:01 - [TEST_STEP][PASSED] - println(testObject): null

27-02-2025T17:32:01 - [TEST_STEP][PASSED] - parm1 = varParm1: null

27-02-2025T17:32:01 - [TEST_STEP][PASSED] - println(parm1): null

27-02-2025T17:32:01 - [TEST_STEP][PASSED] - println("Converting " + testObject + " to web element"): null

27-02-2025T17:32:01 - [TEST_STEP][PASSED] - element = findWebElement(findTestObject(testObject), 1): null

27-02-2025T17:32:01 - [TEST_STEP][PASSED] - loc = element.getLocation(): null

27-02-2025T17:32:01 - [TEST_STEP][PASSED] - y = loc.getY(): null

27-02-2025T17:32:01 - [TEST_STEP][PASSED] - println("Y location is " + y): null

27-02-2025T17:32:01 - [TEST_STEP][PASSED] - top = getViewportTopPosition(): Current viewport's top (y) position is 669

27-02-2025T17:32:01 - [MESSAGE][PASSED] - Current viewport's top (y) position is 669

27-02-2025T17:32:01 - [TEST_STEP][PASSED] - println("Viewport top is " + top): null

27-02-2025T17:32:01 - [TEST_STEP][PASSED] - bottom = top + 600: null

27-02-2025T17:32:01 - [TEST_STEP][PASSED] - if (y - top < 150 || bottom - y < 10): Delayed 1 second(s)

27-02-2025T17:32:01 - [TEST_STEP][PASSED] - scrollToPosition(0, y - 150): Browser is scrolled to position x = 0, y = 345

27-02-2025T17:32:01 - [MESSAGE][PASSED] - Browser is scrolled to position x = 0, y = 345

27-02-2025T17:32:01 - [TEST_STEP][PASSED] - delay(1): Delayed 1 second(s)

27-02-2025T17:32:02 - [MESSAGE][PASSED] - Delayed 1 second(s)

27-02-2025T17:32:02 - [TEST_STEP][PASSED] - if (action == "click"): null

27-02-2025T17:32:02 - [TEST_STEP][PASSED] - else if (action == "selectOptionByValue"): null

27-02-2025T17:32:02 - [TEST_STEP][PASSED] - else if (action == "setText"): null

27-02-2025T17:32:02 - [TEST_STEP][PASSED] - else if (action == "setEncryptedText"): Text ****** has been set on object 'Object Repository/Journey Candidate Profile/Register/input_Password'

27-02-2025T17:32:02 - [TEST_STEP][PASSED] - println("Setting encrypted text " + parm1): null

27-02-2025T17:32:02 - [TEST_STEP][PASSED] - setEncryptedText(findTestObject(testObject), parm1): Text ****** has been set on object 'Object Repository/Journey Candidate Profile/Register/input_Password'

27-02-2025T17:32:02 - [MESSAGE][PASSED] - Text ****** has been set on object 'Object Repository/Journey Candidate Profile/Register/input_Password'

27-02-2025T17:32:02 - [MESSAGE][PASSED] - Call Test Case 'Test Cases/_Functions/Perform Action' successfully

27-02-2025T17:32:02 - [TEST_STEP][PASSED] - object = "Object Repository/Journey Candidate Profile/Register/checkbox_Terms and Conditions": null

27-02-2025T17:32:02 - [TEST_STEP][PASSED] - callTestCase(findTestCase("_Functions/Perform Action"), ["varAction":"click", "varObject":object], STOP_ON_FAILURE): Call Test Case 'Test Cases/_Functions/Perform Action' successfully

27-02-2025T17:32:02 - [TEST_CASE][PASSED] - Test Cases/_Functions/Perform Action: Test Cases/_Functions/Perform Action

27-02-2025T17:32:02 - [TEST_STEP][PASSED] - action = varAction: null

27-02-2025T17:32:02 - [TEST_STEP][PASSED] - println(action): null

27-02-2025T17:32:02 - [TEST_STEP][PASSED] - testObject = varObject: null

27-02-2025T17:32:02 - [TEST_STEP][PASSED] - println(testObject): null

27-02-2025T17:32:02 - [TEST_STEP][PASSED] - parm1 = varParm1: null

27-02-2025T17:32:02 - [TEST_STEP][PASSED] - println(parm1): null

27-02-2025T17:32:02 - [TEST_STEP][PASSED] - println("Converting " + testObject + " to web element"): null

27-02-2025T17:32:02 - [TEST_STEP][PASSED] - element = findWebElement(findTestObject(testObject), 1): null

27-02-2025T17:32:02 - [TEST_STEP][PASSED] - loc = element.getLocation(): null

27-02-2025T17:32:02 - [TEST_STEP][PASSED] - y = loc.getY(): null

27-02-2025T17:32:02 - [TEST_STEP][PASSED] - println("Y location is " + y): null

27-02-2025T17:32:02 - [TEST_STEP][PASSED] - top = getViewportTopPosition(): Current viewport's top (y) position is 345

27-02-2025T17:32:02 - [MESSAGE][PASSED] - Current viewport's top (y) position is 345

27-02-2025T17:32:02 - [TEST_STEP][PASSED] - println("Viewport top is " + top): null

27-02-2025T17:32:02 - [TEST_STEP][PASSED] - bottom = top + 600: null

27-02-2025T17:32:02 - [TEST_STEP][PASSED] - if (y - top < 150 || bottom - y < 10): Delayed 1 second(s)

27-02-2025T17:32:02 - [TEST_STEP][PASSED] - scrollToPosition(0, y - 150): Browser is scrolled to position x = 0, y = 854

27-02-2025T17:32:02 - [MESSAGE][PASSED] - Browser is scrolled to position x = 0, y = 854

27-02-2025T17:32:02 - [TEST_STEP][PASSED] - delay(1): Delayed 1 second(s)

27-02-2025T17:32:03 - [MESSAGE][PASSED] - Delayed 1 second(s)

27-02-2025T17:32:03 - [TEST_STEP][PASSED] - if (action == "click"): Object: 'Object Repository/Journey Candidate Profile/Register/checkbox_Terms and Conditions' is clicked on

27-02-2025T17:32:03 - [TEST_STEP][PASSED] - println("clicking"): null

27-02-2025T17:32:03 - [TEST_STEP][PASSED] - click(findTestObject(testObject)): Object: 'Object Repository/Journey Candidate Profile/Register/checkbox_Terms and Conditions' is clicked on

27-02-2025T17:32:03 - [MESSAGE][PASSED] - Object: 'Object Repository/Journey Candidate Profile/Register/checkbox_Terms and Conditions' is clicked on

27-02-2025T17:32:03 - [MESSAGE][PASSED] - Call Test Case 'Test Cases/_Functions/Perform Action' successfully

27-02-2025T17:32:03 - [TEST_STEP][PASSED] - object = "Object Repository/Journey Candidate Profile/Register/button_Sign up": null

27-02-2025T17:32:03 - [TEST_STEP][PASSED] - callTestCase(findTestCase("_Functions/Perform Action"), ["varAction":"click", "varObject":object], STOP_ON_FAILURE): Call Test Case 'Test Cases/_Functions/Perform Action' successfully

27-02-2025T17:32:03 - [TEST_CASE][PASSED] - Test Cases/_Functions/Perform Action: Test Cases/_Functions/Perform Action

27-02-2025T17:32:03 - [TEST_STEP][PASSED] - action = varAction: null

27-02-2025T17:32:03 - [TEST_STEP][PASSED] - println(action): null

27-02-2025T17:32:03 - [TEST_STEP][PASSED] - testObject = varObject: null

27-02-2025T17:32:03 - [TEST_STEP][PASSED] - println(testObject): null

27-02-2025T17:32:03 - [TEST_STEP][PASSED] - parm1 = varParm1: null

27-02-2025T17:32:03 - [TEST_STEP][PASSED] - println(parm1): null

27-02-2025T17:32:03 - [TEST_STEP][PASSED] - println("Converting " + testObject + " to web element"): null

27-02-2025T17:32:03 - [TEST_STEP][PASSED] - element = findWebElement(findTestObject(testObject), 1): null

27-02-2025T17:32:03 - [TEST_STEP][PASSED] - loc = element.getLocation(): null

27-02-2025T17:32:03 - [TEST_STEP][PASSED] - y = loc.getY(): null

27-02-2025T17:32:03 - [TEST_STEP][PASSED] - println("Y location is " + y): null

27-02-2025T17:32:03 - [TEST_STEP][PASSED] - top = getViewportTopPosition(): Current viewport's top (y) position is 669

27-02-2025T17:32:03 - [MESSAGE][PASSED] - Current viewport's top (y) position is 669

27-02-2025T17:32:03 - [TEST_STEP][PASSED] - println("Viewport top is " + top): null

27-02-2025T17:32:03 - [TEST_STEP][PASSED] - bottom = top + 600: null

27-02-2025T17:32:03 - [TEST_STEP][PASSED] - if (y - top < 150 || bottom - y < 10): null

27-02-2025T17:32:03 - [TEST_STEP][PASSED] - if (action == "click"): Object: 'Object Repository/Journey Candidate Profile/Register/button_Sign up' is clicked on

27-02-2025T17:32:03 - [TEST_STEP][PASSED] - println("clicking"): null

27-02-2025T17:32:03 - [TEST_STEP][PASSED] - click(findTestObject(testObject)): Object: 'Object Repository/Journey Candidate Profile/Register/button_Sign up' is clicked on

27-02-2025T17:32:11 - [MESSAGE][PASSED] - Object: 'Object Repository/Journey Candidate Profile/Register/button_Sign up' is clicked on

27-02-2025T17:32:11 - [MESSAGE][PASSED] - Call Test Case 'Test Cases/_Functions/Perform Action' successfully

27-02-2025T17:32:11 - [TEST_STEP][PASSED] - if (!(registerOnly)): null

27-02-2025T17:32:11 - [TEST_STEP][PASSED] - pages = callTestCase(findTestCase("Journey Candidate Profile/Complete Journey Candidate Profile"), ["varCalled":true], STOP_ON_FAILURE): Call Test Case 'Test Cases/Journey Candidate Profile/Complete Journey Candidate Profile' successfully

27-02-2025T17:32:12 - [TEST_CASE][PASSED] - Test Cases/Journey Candidate Profile/Complete Journey Candidate Profile: Test Cases/Journey Candidate Profile/Complete Journey Candidate Profile

27-02-2025T17:32:12 - [TEST_STEP][PASSED] - pages = []: null

27-02-2025T17:32:12 - [TEST_STEP][PASSED] - username = username: null

27-02-2025T17:32:12 - [TEST_STEP][PASSED] - if (username != "cktest05jc"): null

27-02-2025T17:32:12 - [TEST_STEP][PASSED] - domain = domain: null

27-02-2025T17:32:12 - [TEST_STEP][PASSED] - called = false: null

27-02-2025T17:32:12 - [TEST_STEP][PASSED] - if (binding.hasVariable("varCalled")): null

27-02-2025T17:32:12 - [TEST_STEP][PASSED] - called = varCalled: null

27-02-2025T17:32:12 - [TEST_STEP][PASSED] - writeFile = false: null

27-02-2025T17:32:12 - [TEST_STEP][PASSED] - if (outFile != ""): null

27-02-2025T17:32:12 - [TEST_STEP][PASSED] - myFile = outFile: null

27-02-2025T17:32:12 - [TEST_STEP][PASSED] - println(myFile): null

27-02-2025T17:32:12 - [TEST_STEP][PASSED] - outFile = new java.io.File(myFile): null

27-02-2025T17:32:12 - [TEST_STEP][PASSED] - writeFile = true: null

27-02-2025T17:32:12 - [TEST_STEP][PASSED] - if (!(writeFile)): null

27-02-2025T17:32:12 - [TEST_STEP][PASSED] - else: null

27-02-2025T17:32:12 - [TEST_STEP][PASSED] - outFile.append("
Testing Complete Journey Candidate Profile on " + domain + "
"): null

27-02-2025T17:32:12 - [TEST_STEP][PASSED] - url = getUrl(OPTIONAL): Current window's url is: 'https://journey.missionnext.org/profile?requestUri=/dashboard'

27-02-2025T17:32:12 - [MESSAGE][PASSED] - Current window's url is: 'https://journey.missionnext.org/profile?requestUri=/dashboard'

27-02-2025T17:32:12 - [TEST_STEP][PASSED] - if (url == null): null

27-02-2025T17:32:12 - [TEST_STEP][PASSED] - dashboard = verifyElementPresent(findTestObject("Journey Candidate Profile/Dashboard/a_My Profile"), 2, OPTIONAL): com.kms.katalon.core.webui.exception.WebElementNotFoundException: Web element with id: 'Object Repository/Journey Candidate Profile/Dashboard/a_My Profile' located by '//*[@href = '/profile' and (text() = 'My Profile' or . = 'My Profile')]' not found (Root cause: com.kms.katalon.core.exception.StepFailedException: com.kms.katalon.core.webui.exception.WebElementNotFoundException: Web element with id: 'Object Repository/Journey Candidate Profile/Dashboard/a_My Profile' located by '//*[@href = '/profile' and (text() = 'My Profile' or . = 'My Profile')]' not found
	at com.kms.katalon.core.webui.keyword.internal.WebUIKeywordMain.stepFailed(WebUIKeywordMain.groovy:117)
	at com.kms.katalon.core.webui.keyword.builtin.VerifyElementPresentKeyword$_verifyElementPresent_closure1.doCall(VerifyElementPresentKeyword.groovy:85)
	at com.kms.katalon.core.webui.keyword.builtin.VerifyElementPresentKeyword$_verifyElementPresent_closure1.call(VerifyElementPresentKeyword.groovy)
	at com.kms.katalon.core.webui.keyword.internal.WebUIKeywordMain.runKeyword(WebUIKeywordMain.groovy:35)
	at com.kms.katalon.core.webui.keyword.builtin.VerifyElementPresentKeyword.verifyElementPresent(VerifyElementPresentKeyword.groovy:92)
	at com.kms.katalon.core.webui.keyword.builtin.VerifyElementPresentKeyword.execute(VerifyElementPresentKeyword.groovy:68)
	at com.kms.katalon.core.keyword.internal.KeywordExecutor.executeKeywordForPlatform(KeywordExecutor.groovy:74)
	at com.kms.katalon.core.webui.keyword.WebUiBuiltInKeywords.verifyElementPresent(WebUiBuiltInKeywords.groovy:1487)
	at Complete Journey Candidate Profile.run(Complete Journey Candidate Profile:72)
	at com.kms.katalon.core.main.ScriptEngine.run(ScriptEngine.java:194)
	at com.kms.katalon.core.main.ScriptEngine.runScriptAsRawText(ScriptEngine.java:119)
	at com.kms.katalon.core.main.TestCaseExecutor.runScript(TestCaseExecutor.java:448)
	at com.kms.katalon.core.main.TestCaseExecutor.doExecute(TestCaseExecutor.java:439)
	at com.kms.katalon.core.main.TestCaseExecutor.processExecutionPhase(TestCaseExecutor.java:418)
	at com.kms.katalon.core.main.TestCaseExecutor.accessMainPhase(TestCaseExecutor.java:410)
	at com.kms.katalon.core.main.TestCaseExecutor.execute(TestCaseExecutor.java:285)
	at com.kms.katalon.core.main.TestCaseMain.runTestCase(TestCaseMain.java:137)
	at com.kms.katalon.core.keyword.builtin.CallTestCaseKeyword$_callTestCase_closure1.doCall(CallTestCaseKeyword.groovy:59)
	at com.kms.katalon.core.keyword.builtin.CallTestCaseKeyword$_callTestCase_closure1.call(CallTestCaseKeyword.groovy)
	at com.kms.katalon.core.keyword.internal.KeywordMain.runKeyword(KeywordMain.groovy:75)
	at com.kms.katalon.core.keyword.builtin.CallTestCaseKeyword.callTestCase(CallTestCaseKeyword.groovy:81)
	at com.kms.katalon.core.keyword.builtin.CallTestCaseKeyword.execute(CallTestCaseKeyword.groovy:44)
	at com.kms.katalon.core.keyword.internal.KeywordExecutor.executeKeywordForPlatform(KeywordExecutor.groovy:74)
	at com.kms.katalon.core.keyword.BuiltinKeywords.callTestCase(BuiltinKeywords.groovy:310)
	at jdk.internal.reflect.GeneratedMethodAccessor23.invoke(Unknown Source)
	at java.base/jdk.internal.reflect.DelegatingMethodAccessorImpl.invoke(DelegatingMethodAccessorImpl.java:43)
	at Register Journey Candidate.run(Register Journey Candidate:221)
	at com.kms.katalon.core.main.ScriptEngine.run(ScriptEngine.java:194)
	at com.kms.katalon.core.main.ScriptEngine.runScriptAsRawText(ScriptEngine.java:119)
	at com.kms.katalon.core.main.TestCaseExecutor.runScript(TestCaseExecutor.java:448)
	at com.kms.katalon.core.main.TestCaseExecutor.doExecute(TestCaseExecutor.java:439)
	at com.kms.katalon.core.main.TestCaseExecutor.processExecutionPhase(TestCaseExecutor.java:418)
	at com.kms.katalon.core.main.TestCaseExecutor.accessMainPhase(TestCaseExecutor.java:410)
	at com.kms.katalon.core.main.TestCaseExecutor.execute(TestCaseExecutor.java:285)
	at com.kms.katalon.core.common.CommonExecutor.accessTestCaseMainPhase(CommonExecutor.java:65)
	at com.kms.katalon.core.main.TestSuiteExecutor.accessTestSuiteMainPhase(TestSuiteExecutor.java:150)
	at com.kms.katalon.core.main.TestSuiteExecutor.execute(TestSuiteExecutor.java:106)
	at com.kms.katalon.core.main.TestCaseMain.startTestSuite(TestCaseMain.java:180)
	at TempTestSuite1740698294840.run(TempTestSuite1740698294840.groovy:35)
	at java.base/jdk.internal.reflect.NativeMethodAccessorImpl.invoke0(Native Method)
	at java.base/jdk.internal.reflect.NativeMethodAccessorImpl.invoke(NativeMethodAccessorImpl.java:77)
	at java.base/jdk.internal.reflect.DelegatingMethodAccessorImpl.invoke(DelegatingMethodAccessorImpl.java:43)
)

27-02-2025T17:32:15 - [MESSAGE][INFO] - Unable to find the element located by 'By.xpath: //*[@href = '/profile' and (text() = 'My Profile' or . = 'My Profile')]'. Please recheck the objects properties to make sure the desired element is located. 

27-02-2025T17:32:15 - [MESSAGE][WARNING] - com.kms.katalon.core.webui.exception.WebElementNotFoundException: Web element with id: 'Object Repository/Journey Candidate Profile/Dashboard/a_My Profile' located by '//*[@href = '/profile' and (text() = 'My Profile' or . = 'My Profile')]' not found (Root cause: com.kms.katalon.core.exception.StepFailedException: com.kms.katalon.core.webui.exception.WebElementNotFoundException: Web element with id: 'Object Repository/Journey Candidate Profile/Dashboard/a_My Profile' located by '//*[@href = '/profile' and (text() = 'My Profile' or . = 'My Profile')]' not found
	at com.kms.katalon.core.webui.keyword.internal.WebUIKeywordMain.stepFailed(WebUIKeywordMain.groovy:117)
	at com.kms.katalon.core.webui.keyword.builtin.VerifyElementPresentKeyword$_verifyElementPresent_closure1.doCall(VerifyElementPresentKeyword.groovy:85)
	at com.kms.katalon.core.webui.keyword.builtin.VerifyElementPresentKeyword$_verifyElementPresent_closure1.call(VerifyElementPresentKeyword.groovy)
	at com.kms.katalon.core.webui.keyword.internal.WebUIKeywordMain.runKeyword(WebUIKeywordMain.groovy:35)
	at com.kms.katalon.core.webui.keyword.builtin.VerifyElementPresentKeyword.verifyElementPresent(VerifyElementPresentKeyword.groovy:92)
	at com.kms.katalon.core.webui.keyword.builtin.VerifyElementPresentKeyword.execute(VerifyElementPresentKeyword.groovy:68)
	at com.kms.katalon.core.keyword.internal.KeywordExecutor.executeKeywordForPlatform(KeywordExecutor.groovy:74)
	at com.kms.katalon.core.webui.keyword.WebUiBuiltInKeywords.verifyElementPresent(WebUiBuiltInKeywords.groovy:1487)
	at Complete Journey Candidate Profile.run(Complete Journey Candidate Profile:72)
	at com.kms.katalon.core.main.ScriptEngine.run(ScriptEngine.java:194)
	at com.kms.katalon.core.main.ScriptEngine.runScriptAsRawText(ScriptEngine.java:119)
	at com.kms.katalon.core.main.TestCaseExecutor.runScript(TestCaseExecutor.java:448)
	at com.kms.katalon.core.main.TestCaseExecutor.doExecute(TestCaseExecutor.java:439)
	at com.kms.katalon.core.main.TestCaseExecutor.processExecutionPhase(TestCaseExecutor.java:418)
	at com.kms.katalon.core.main.TestCaseExecutor.accessMainPhase(TestCaseExecutor.java:410)
	at com.kms.katalon.core.main.TestCaseExecutor.execute(TestCaseExecutor.java:285)
	at com.kms.katalon.core.main.TestCaseMain.runTestCase(TestCaseMain.java:137)
	at com.kms.katalon.core.keyword.builtin.CallTestCaseKeyword$_callTestCase_closure1.doCall(CallTestCaseKeyword.groovy:59)
	at com.kms.katalon.core.keyword.builtin.CallTestCaseKeyword$_callTestCase_closure1.call(CallTestCaseKeyword.groovy)
	at com.kms.katalon.core.keyword.internal.KeywordMain.runKeyword(KeywordMain.groovy:75)
	at com.kms.katalon.core.keyword.builtin.CallTestCaseKeyword.callTestCase(CallTestCaseKeyword.groovy:81)
	at com.kms.katalon.core.keyword.builtin.CallTestCaseKeyword.execute(CallTestCaseKeyword.groovy:44)
	at com.kms.katalon.core.keyword.internal.KeywordExecutor.executeKeywordForPlatform(KeywordExecutor.groovy:74)
	at com.kms.katalon.core.keyword.BuiltinKeywords.callTestCase(BuiltinKeywords.groovy:310)
	at jdk.internal.reflect.GeneratedMethodAccessor23.invoke(Unknown Source)
	at java.base/jdk.internal.reflect.DelegatingMethodAccessorImpl.invoke(DelegatingMethodAccessorImpl.java:43)
	at Register Journey Candidate.run(Register Journey Candidate:221)
	at com.kms.katalon.core.main.ScriptEngine.run(ScriptEngine.java:194)
	at com.kms.katalon.core.main.ScriptEngine.runScriptAsRawText(ScriptEngine.java:119)
	at com.kms.katalon.core.main.TestCaseExecutor.runScript(TestCaseExecutor.java:448)
	at com.kms.katalon.core.main.TestCaseExecutor.doExecute(TestCaseExecutor.java:439)
	at com.kms.katalon.core.main.TestCaseExecutor.processExecutionPhase(TestCaseExecutor.java:418)
	at com.kms.katalon.core.main.TestCaseExecutor.accessMainPhase(TestCaseExecutor.java:410)
	at com.kms.katalon.core.main.TestCaseExecutor.execute(TestCaseExecutor.java:285)
	at com.kms.katalon.core.common.CommonExecutor.accessTestCaseMainPhase(CommonExecutor.java:65)
	at com.kms.katalon.core.main.TestSuiteExecutor.accessTestSuiteMainPhase(TestSuiteExecutor.java:150)
	at com.kms.katalon.core.main.TestSuiteExecutor.execute(TestSuiteExecutor.java:106)
	at com.kms.katalon.core.main.TestCaseMain.startTestSuite(TestCaseMain.java:180)
	at TempTestSuite1740698294840.run(TempTestSuite1740698294840.groovy:35)
	at java.base/jdk.internal.reflect.NativeMethodAccessorImpl.invoke0(Native Method)
	at java.base/jdk.internal.reflect.NativeMethodAccessorImpl.invoke(NativeMethodAccessorImpl.java:77)
	at java.base/jdk.internal.reflect.DelegatingMethodAccessorImpl.invoke(DelegatingMethodAccessorImpl.java:43)
)
[[ATTACHMENT|/Users/cckozie/git/MissionNext-Katalon-Koz/Reports/20250227_171809/Journey Candidate Test Suite/20250227_171814/1740699135198.png]]

27-02-2025T17:32:15 - [TEST_STEP][PASSED] - if (dashboard): null

27-02-2025T17:32:15 - [TEST_STEP][PASSED] - if (pages.size() == 0 || "All" in pages || "Contact Info" in pages): Call Test Case 'Test Cases/Journey Candidate Profile/Tabs/Set Contact Info' successfully

27-02-2025T17:32:15 - [TEST_STEP][PASSED] - gender = "Male": null

27-02-2025T17:32:15 - [TEST_STEP][PASSED] - state = "Minnesota": null

27-02-2025T17:32:15 - [TEST_STEP][PASSED] - country = "United States": null

27-02-2025T17:32:15 - [TEST_STEP][PASSED] - country_of_citizenship = "United States": null

27-02-2025T17:32:15 - [TEST_STEP][PASSED] - birth_year = "1949": null

27-02-2025T17:32:15 - [TEST_STEP][PASSED] - marital_status = "Married": null

27-02-2025T17:32:15 - [TEST_STEP][PASSED] - callTestCase(findTestCase("Journey Candidate Profile/Tabs/Set Contact Info"), ["varGender":gender, "varState":state, "varCountry":country, "varCountry_of_Citizenship":country_of_citizenship, "varBirth_year":birth_year, ... ], STOP_ON_FAILURE): Call Test Case 'Test Cases/Journey Candidate Profile/Tabs/Set Contact Info' successfully

27-02-2025T17:32:15 - [TEST_CASE][PASSED] - Test Cases/Journey Candidate Profile/Tabs/Set Contact Info: Test Cases/Journey Candidate Profile/Tabs/Set Contact Info

27-02-2025T17:32:15 - [TEST_STEP][PASSED] - username = username: null

27-02-2025T17:32:15 - [TEST_STEP][PASSED] - if (username != "cktest05jc"): null

27-02-2025T17:32:15 - [TEST_STEP][PASSED] - domain = domain: null

27-02-2025T17:32:15 - [TEST_STEP][PASSED] - writeFile = false: null

27-02-2025T17:32:15 - [TEST_STEP][PASSED] - testName = "Journey Candidate Contact Info Tab": null

27-02-2025T17:32:15 - [TEST_STEP][PASSED] - outFile = callTestCase(findTestCase("_Functions/Set Output File"), ["varTestName":testName], STOP_ON_FAILURE): Call Test Case 'Test Cases/_Functions/Set Output File' successfully

27-02-2025T17:32:15 - [TEST_CASE][PASSED] - Test Cases/_Functions/Set Output File: Test Cases/_Functions/Set Output File

27-02-2025T17:32:15 - [TEST_STEP][PASSED] - testName = varTestName: null

27-02-2025T17:32:15 - [TEST_STEP][PASSED] - domain = domain: null

27-02-2025T17:32:15 - [TEST_STEP][PASSED] - writeFile = false: null

27-02-2025T17:32:15 - [TEST_STEP][PASSED] - if (outFile != ""): null

27-02-2025T17:32:15 - [TEST_STEP][PASSED] - myFile = outFile: null

27-02-2025T17:32:15 - [TEST_STEP][PASSED] - println(myFile): null

27-02-2025T17:32:15 - [TEST_STEP][PASSED] - outFile = new java.io.File(myFile): null

27-02-2025T17:32:15 - [TEST_STEP][PASSED] - writeFile = true: null

27-02-2025T17:32:15 - [TEST_STEP][PASSED] - if (!(writeFile)): null

27-02-2025T17:32:15 - [TEST_STEP][PASSED] - else: null

27-02-2025T17:32:15 - [TEST_STEP][PASSED] - outFile.append("
Testing " + testName + " on " + domain + ".
"): null

27-02-2025T17:32:15 - [TEST_STEP][PASSED] - return outFile: null

27-02-2025T17:32:15 - [MESSAGE][PASSED] - Call Test Case 'Test Cases/_Functions/Set Output File' successfully

27-02-2025T17:32:15 - [TEST_STEP][PASSED] - tooltipImagePath = "/Users/cckozie/git/MissionNext-Katalon-Koz/images/education candidate/tabs/contact info/": null

27-02-2025T17:32:15 - [TEST_STEP][PASSED] - testObjectFolder = "Journey Candidate Profile/Tabs/Contact Info/": null

27-02-2025T17:32:15 - [TEST_STEP][PASSED] - tooltips = ["dummy":"dummy", "First Name":"img_First Name_field-tooltip", "Last Name":"img_Last Name_field-tooltip", "Your Email":"img_Your Email_field-tooltip", ... ]: null

27-02-2025T17:32:15 - [TEST_STEP][PASSED] - tooltipText = ["First Name":"May include your middle initial; enter last name below.", "Last Name":"Family Name", "Your Email":"Your primary email address", ... ]: null

27-02-2025T17:32:15 - [TEST_STEP][PASSED] - requiredFieldMsgs = ["Gender":"The gender field is required.", "State":"The state field is required.", "Your Country of Citizenship":"The citizenship country field is required.", ... ]: null

27-02-2025T17:32:15 - [TEST_STEP][PASSED] - pageLinks = ["Terms and Conditions":"Terms and Conditions"]: null

27-02-2025T17:32:15 - [TEST_STEP][PASSED] - click(findTestObject("Journey Candidate Profile/Tabs/a_Contact Info")): Object: 'Object Repository/Journey Candidate Profile/Tabs/a_Contact Info' is clicked on

27-02-2025T17:32:15 - [MESSAGE][PASSED] - Object: 'Object Repository/Journey Candidate Profile/Tabs/a_Contact Info' is clicked on

27-02-2025T17:32:15 - [TEST_STEP][PASSED] - tooltipTextMap = callTestCase(findTestCase("_Functions/Get Screenshot and Tooltip Text"), ["varExtension":testName], STOP_ON_FAILURE): Call Test Case 'Test Cases/_Functions/Get Screenshot and Tooltip Text' successfully

27-02-2025T17:32:15 - [TEST_CASE][PASSED] - Test Cases/_Functions/Get Screenshot and Tooltip Text: Test Cases/_Functions/Get Screenshot and Tooltip Text

27-02-2025T17:32:15 - [TEST_STEP][PASSED] - if (fastPath): null

27-02-2025T17:32:15 - [TEST_STEP][PASSED] - frame = new javax.swing.JFrame(): null

27-02-2025T17:32:15 - [TEST_STEP][PASSED] - p = new javax.swing.JPanel(): null

27-02-2025T17:32:15 - [TEST_STEP][PASSED] - l = new javax.swing.JLabel(Getting screenshot and tooltip text..., javax.swing.SwingConstants.CENTER): null

27-02-2025T17:32:15 - [TEST_STEP][PASSED] - frame.add(l): null

27-02-2025T17:32:15 - [TEST_STEP][PASSED] - frame.setSize(300, 100): null

27-02-2025T17:32:15 - [TEST_STEP][PASSED] - frame.setLocation(600, 0): null

27-02-2025T17:32:15 - [TEST_STEP][PASSED] - frame.setAlwaysOnTop(true): null

27-02-2025T17:32:15 - [TEST_STEP][PASSED] - frame.show(): null

27-02-2025T17:32:15 - [TEST_STEP][PASSED] - driver = getWebDriver(): null

27-02-2025T17:32:15 - [TEST_STEP][PASSED] - path = "/Users/cckozie/Documents/MissionNext/Screenshots and Tooltip Text/": null

27-02-2025T17:32:15 - [TEST_STEP][PASSED] - if (binding.hasVariable("varExtension")): null

27-02-2025T17:32:15 - [TEST_STEP][PASSED] - extension = varExtension: null

27-02-2025T17:32:15 - [TEST_STEP][PASSED] - println("Extension is " + extension): null

27-02-2025T17:32:15 - [TEST_STEP][PASSED] - fileBase = path + extension: null

27-02-2025T17:32:15 - [TEST_STEP][PASSED] - fileImage = fileBase + "_Screenshot.png": null

27-02-2025T17:32:15 - [TEST_STEP][PASSED] - waitForPageLoad(30): Wait for page load successfully

27-02-2025T17:32:15 - [MESSAGE][PASSED] - Wait for page load successfully

27-02-2025T17:32:15 - [TEST_STEP][PASSED] - spinner = driver.findElement(By.xpath("/html/body/div[1]/div/div[2]")): null

27-02-2025T17:32:15 - [TEST_STEP][PASSED] - executor = driver: null

27-02-2025T17:32:15 - [TEST_STEP][PASSED] - elementAttributes = executor.executeScript("var items = {}; for (index = 0; index < arguments[0].attributes.length; ++index) { items[arguments[0].attributes[index].name] = arguments[0].attributes[index].value }; return items;", spinner): null

27-02-2025T17:32:15 - [TEST_STEP][PASSED] - attrs = elementAttributes.toString(): null

27-02-2025T17:32:15 - [TEST_STEP][PASSED] - waits = 0: null

27-02-2025T17:32:15 - [TEST_STEP][PASSED] - while (attrs.indexOf("display: none") < 0 && waits < 2): null

27-02-2025T17:32:15 - [TEST_STEP][PASSED] - tooltipMap = callTestCase(findTestCase("_Functions/Get Tooltip Text"), [:], STOP_ON_FAILURE): Call Test Case 'Test Cases/_Functions/Get Tooltip Text' successfully

27-02-2025T17:32:15 - [TEST_CASE][PASSED] - Test Cases/_Functions/Get Tooltip Text: Test Cases/_Functions/Get Tooltip Text

27-02-2025T17:32:15 - [TEST_STEP][PASSED] - fieldTooltips = [:]: null

27-02-2025T17:32:15 - [TEST_STEP][PASSED] - tooltipMap = [:]: null

27-02-2025T17:32:15 - [TEST_STEP][PASSED] - driver = getWebDriver(): null

27-02-2025T17:32:15 - [TEST_STEP][PASSED] - tooltips = driver.findElements(By.className("field-tooltip")): null

27-02-2025T17:32:15 - [TEST_STEP][PASSED] - for (def it : tooltips): null

27-02-2025T17:32:15 - [TEST_STEP][PASSED] - if (it.isDisplayed()): null

27-02-2025T17:32:15 - [TEST_STEP][PASSED] - ttText = it.getAttribute("data-original-title"): null

27-02-2025T17:32:15 - [TEST_STEP][PASSED] - ttLocation = it.getLocation(): null

27-02-2025T17:32:15 - [TEST_STEP][PASSED] - yLocation = ttLocation.getY(): null

27-02-2025T17:32:15 - [TEST_STEP][PASSED] - xLocation = ttLocation.getX(): null

27-02-2025T17:32:15 - [TEST_STEP][PASSED] - fieldTooltips.put(ttText, yLocation): null

27-02-2025T17:32:15 - [TEST_STEP][PASSED] - if (it.isDisplayed()): null

27-02-2025T17:32:15 - [TEST_STEP][PASSED] - ttText = it.getAttribute("data-original-title"): null

27-02-2025T17:32:15 - [TEST_STEP][PASSED] - ttLocation = it.getLocation(): null

27-02-2025T17:32:15 - [TEST_STEP][PASSED] - yLocation = ttLocation.getY(): null

27-02-2025T17:32:15 - [TEST_STEP][PASSED] - xLocation = ttLocation.getX(): null

27-02-2025T17:32:15 - [TEST_STEP][PASSED] - fieldTooltips.put(ttText, yLocation): null

27-02-2025T17:32:15 - [TEST_STEP][PASSED] - if (it.isDisplayed()): null

27-02-2025T17:32:15 - [TEST_STEP][PASSED] - ttText = it.getAttribute("data-original-title"): null

27-02-2025T17:32:15 - [TEST_STEP][PASSED] - ttLocation = it.getLocation(): null

27-02-2025T17:32:15 - [TEST_STEP][PASSED] - yLocation = ttLocation.getY(): null

27-02-2025T17:32:15 - [TEST_STEP][PASSED] - xLocation = ttLocation.getX(): null

27-02-2025T17:32:15 - [TEST_STEP][PASSED] - fieldTooltips.put(ttText, yLocation): null

27-02-2025T17:32:15 - [TEST_STEP][PASSED] - if (it.isDisplayed()): null

27-02-2025T17:32:15 - [TEST_STEP][PASSED] - ttText = it.getAttribute("data-original-title"): null

27-02-2025T17:32:15 - [TEST_STEP][PASSED] - ttLocation = it.getLocation(): null

27-02-2025T17:32:15 - [TEST_STEP][PASSED] - yLocation = ttLocation.getY(): null

27-02-2025T17:32:15 - [TEST_STEP][PASSED] - xLocation = ttLocation.getX(): null

27-02-2025T17:32:15 - [TEST_STEP][PASSED] - fieldTooltips.put(ttText, yLocation): null

27-02-2025T17:32:15 - [TEST_STEP][PASSED] - if (it.isDisplayed()): null

27-02-2025T17:32:15 - [TEST_STEP][PASSED] - ttText = it.getAttribute("data-original-title"): null

27-02-2025T17:32:15 - [TEST_STEP][PASSED] - ttLocation = it.getLocation(): null

27-02-2025T17:32:15 - [TEST_STEP][PASSED] - yLocation = ttLocation.getY(): null

27-02-2025T17:32:15 - [TEST_STEP][PASSED] - xLocation = ttLocation.getX(): null

27-02-2025T17:32:15 - [TEST_STEP][PASSED] - fieldTooltips.put(ttText, yLocation): null

27-02-2025T17:32:15 - [TEST_STEP][PASSED] - if (it.isDisplayed()): null

27-02-2025T17:32:15 - [TEST_STEP][PASSED] - ttText = it.getAttribute("data-original-title"): null

27-02-2025T17:32:15 - [TEST_STEP][PASSED] - ttLocation = it.getLocation(): null

27-02-2025T17:32:15 - [TEST_STEP][PASSED] - yLocation = ttLocation.getY(): null

27-02-2025T17:32:15 - [TEST_STEP][PASSED] - xLocation = ttLocation.getX(): null

27-02-2025T17:32:15 - [TEST_STEP][PASSED] - fieldTooltips.put(ttText, yLocation): null

27-02-2025T17:32:15 - [TEST_STEP][PASSED] - if (it.isDisplayed()): null

27-02-2025T17:32:15 - [TEST_STEP][PASSED] - ttText = it.getAttribute("data-original-title"): null

27-02-2025T17:32:15 - [TEST_STEP][PASSED] - ttLocation = it.getLocation(): null

27-02-2025T17:32:15 - [TEST_STEP][PASSED] - yLocation = ttLocation.getY(): null

27-02-2025T17:32:15 - [TEST_STEP][PASSED] - xLocation = ttLocation.getX(): null

27-02-2025T17:32:15 - [TEST_STEP][PASSED] - fieldTooltips.put(ttText, yLocation): null

27-02-2025T17:32:15 - [TEST_STEP][PASSED] - if (it.isDisplayed()): null

27-02-2025T17:32:15 - [TEST_STEP][PASSED] - if (it.isDisplayed()): null

27-02-2025T17:32:15 - [TEST_STEP][PASSED] - if (it.isDisplayed()): null

27-02-2025T17:32:15 - [TEST_STEP][PASSED] - if (it.isDisplayed()): null

27-02-2025T17:32:15 - [TEST_STEP][PASSED] - if (it.isDisplayed()): null

27-02-2025T17:32:15 - [TEST_STEP][PASSED] - if (it.isDisplayed()): null

27-02-2025T17:32:15 - [TEST_STEP][PASSED] - if (it.isDisplayed()): null

27-02-2025T17:32:15 - [TEST_STEP][PASSED] - if (it.isDisplayed()): null

27-02-2025T17:32:15 - [TEST_STEP][PASSED] - if (it.isDisplayed()): null

27-02-2025T17:32:15 - [TEST_STEP][PASSED] - if (it.isDisplayed()): null

27-02-2025T17:32:15 - [TEST_STEP][PASSED] - if (it.isDisplayed()): null

27-02-2025T17:32:15 - [TEST_STEP][PASSED] - if (it.isDisplayed()): null

27-02-2025T17:32:15 - [TEST_STEP][PASSED] - if (it.isDisplayed()): null

27-02-2025T17:32:15 - [TEST_STEP][PASSED] - if (it.isDisplayed()): null

27-02-2025T17:32:15 - [TEST_STEP][PASSED] - if (it.isDisplayed()): null

27-02-2025T17:32:15 - [TEST_STEP][PASSED] - if (it.isDisplayed()): null

27-02-2025T17:32:16 - [TEST_STEP][PASSED] - if (it.isDisplayed()): null

27-02-2025T17:32:16 - [TEST_STEP][PASSED] - if (it.isDisplayed()): null

27-02-2025T17:32:16 - [TEST_STEP][PASSED] - if (it.isDisplayed()): null

27-02-2025T17:32:16 - [TEST_STEP][PASSED] - if (it.isDisplayed()): null

27-02-2025T17:32:16 - [TEST_STEP][PASSED] - if (it.isDisplayed()): null

27-02-2025T17:32:16 - [TEST_STEP][PASSED] - if (it.isDisplayed()): null

27-02-2025T17:32:16 - [TEST_STEP][PASSED] - if (fieldTooltips.size() > 0): null

27-02-2025T17:32:16 - [TEST_STEP][PASSED] - rightBorder = xLocation: null

27-02-2025T17:32:16 - [TEST_STEP][PASSED] - fieldLabels = [:]: null

27-02-2025T17:32:16 - [TEST_STEP][PASSED] - labels = driver.findElements(By.xpath("//label")): null

27-02-2025T17:32:16 - [TEST_STEP][PASSED] - labels.each({ -> ... }): null

27-02-2025T17:32:19 - [TEST_STEP][PASSED] - for (def label : fieldLabels): null

27-02-2025T17:32:19 - [TEST_STEP][PASSED] - y = value: null

27-02-2025T17:32:19 - [TEST_STEP][PASSED] - for (def tooltip : fieldTooltips): null

27-02-2025T17:32:19 - [TEST_STEP][PASSED] - if (value == y || value == y + 1 || value == y - 1): null

27-02-2025T17:32:19 - [TEST_STEP][PASSED] - tooltipMap.put(key, key): null

27-02-2025T17:32:19 - [TEST_STEP][PASSED] - break: null

27-02-2025T17:32:19 - [TEST_STEP][PASSED] - y = value: null

27-02-2025T17:32:19 - [TEST_STEP][PASSED] - for (def tooltip : fieldTooltips): null

27-02-2025T17:32:19 - [TEST_STEP][PASSED] - if (value == y || value == y + 1 || value == y - 1): null

27-02-2025T17:32:19 - [TEST_STEP][PASSED] - if (value == y || value == y + 1 || value == y - 1): null

27-02-2025T17:32:19 - [TEST_STEP][PASSED] - tooltipMap.put(key, key): null

27-02-2025T17:32:19 - [TEST_STEP][PASSED] - break: null

27-02-2025T17:32:19 - [TEST_STEP][PASSED] - y = value: null

27-02-2025T17:32:19 - [TEST_STEP][PASSED] - for (def tooltip : fieldTooltips): null

27-02-2025T17:32:19 - [TEST_STEP][PASSED] - if (value == y || value == y + 1 || value == y - 1): null

27-02-2025T17:32:19 - [TEST_STEP][PASSED] - if (value == y || value == y + 1 || value == y - 1): null

27-02-2025T17:32:19 - [TEST_STEP][PASSED] - if (value == y || value == y + 1 || value == y - 1): null

27-02-2025T17:32:19 - [TEST_STEP][PASSED] - if (value == y || value == y + 1 || value == y - 1): null

27-02-2025T17:32:19 - [TEST_STEP][PASSED] - if (value == y || value == y + 1 || value == y - 1): null

27-02-2025T17:32:19 - [TEST_STEP][PASSED] - if (value == y || value == y + 1 || value == y - 1): null

27-02-2025T17:32:19 - [TEST_STEP][PASSED] - if (value == y || value == y + 1 || value == y - 1): null

27-02-2025T17:32:19 - [TEST_STEP][PASSED] - y = value: null

27-02-2025T17:32:19 - [TEST_STEP][PASSED] - for (def tooltip : fieldTooltips): null

27-02-2025T17:32:19 - [TEST_STEP][PASSED] - if (value == y || value == y + 1 || value == y - 1): null

27-02-2025T17:32:19 - [TEST_STEP][PASSED] - if (value == y || value == y + 1 || value == y - 1): null

27-02-2025T17:32:19 - [TEST_STEP][PASSED] - if (value == y || value == y + 1 || value == y - 1): null

27-02-2025T17:32:19 - [TEST_STEP][PASSED] - tooltipMap.put(key, key): null

27-02-2025T17:32:19 - [TEST_STEP][PASSED] - break: null

27-02-2025T17:32:19 - [TEST_STEP][PASSED] - y = value: null

27-02-2025T17:32:19 - [TEST_STEP][PASSED] - for (def tooltip : fieldTooltips): null

27-02-2025T17:32:19 - [TEST_STEP][PASSED] - if (value == y || value == y + 1 || value == y - 1): null

27-02-2025T17:32:19 - [TEST_STEP][PASSED] - if (value == y || value == y + 1 || value == y - 1): null

27-02-2025T17:32:19 - [TEST_STEP][PASSED] - if (value == y || value == y + 1 || value == y - 1): null

27-02-2025T17:32:19 - [TEST_STEP][PASSED] - if (value == y || value == y + 1 || value == y - 1): null

27-02-2025T17:32:19 - [TEST_STEP][PASSED] - if (value == y || value == y + 1 || value == y - 1): null

27-02-2025T17:32:19 - [TEST_STEP][PASSED] - if (value == y || value == y + 1 || value == y - 1): null

27-02-2025T17:32:19 - [TEST_STEP][PASSED] - if (value == y || value == y + 1 || value == y - 1): null

27-02-2025T17:32:19 - [TEST_STEP][PASSED] - y = value: null

27-02-2025T17:32:19 - [TEST_STEP][PASSED] - for (def tooltip : fieldTooltips): null

27-02-2025T17:32:19 - [TEST_STEP][PASSED] - if (value == y || value == y + 1 || value == y - 1): null

27-02-2025T17:32:19 - [TEST_STEP][PASSED] - if (value == y || value == y + 1 || value == y - 1): null

27-02-2025T17:32:19 - [TEST_STEP][PASSED] - if (value == y || value == y + 1 || value == y - 1): null

27-02-2025T17:32:19 - [TEST_STEP][PASSED] - if (value == y || value == y + 1 || value == y - 1): null

27-02-2025T17:32:19 - [TEST_STEP][PASSED] - if (value == y || value == y + 1 || value == y - 1): null

27-02-2025T17:32:19 - [TEST_STEP][PASSED] - if (value == y || value == y + 1 || value == y - 1): null

27-02-2025T17:32:19 - [TEST_STEP][PASSED] - if (value == y || value == y + 1 || value == y - 1): null

27-02-2025T17:32:19 - [TEST_STEP][PASSED] - y = value: null

27-02-2025T17:32:19 - [TEST_STEP][PASSED] - for (def tooltip : fieldTooltips): null

27-02-2025T17:32:19 - [TEST_STEP][PASSED] - if (value == y || value == y + 1 || value == y - 1): null

27-02-2025T17:32:19 - [TEST_STEP][PASSED] - if (value == y || value == y + 1 || value == y - 1): null

27-02-2025T17:32:19 - [TEST_STEP][PASSED] - if (value == y || value == y + 1 || value == y - 1): null

27-02-2025T17:32:19 - [TEST_STEP][PASSED] - if (value == y || value == y + 1 || value == y - 1): null

27-02-2025T17:32:19 - [TEST_STEP][PASSED] - tooltipMap.put(key, key): null

27-02-2025T17:32:19 - [TEST_STEP][PASSED] - break: null

27-02-2025T17:32:19 - [TEST_STEP][PASSED] - y = value: null

27-02-2025T17:32:19 - [TEST_STEP][PASSED] - for (def tooltip : fieldTooltips): null

27-02-2025T17:32:19 - [TEST_STEP][PASSED] - if (value == y || value == y + 1 || value == y - 1): null

27-02-2025T17:32:19 - [TEST_STEP][PASSED] - if (value == y || value == y + 1 || value == y - 1): null

27-02-2025T17:32:19 - [TEST_STEP][PASSED] - if (value == y || value == y + 1 || value == y - 1): null

27-02-2025T17:32:19 - [TEST_STEP][PASSED] - if (value == y || value == y + 1 || value == y - 1): null

27-02-2025T17:32:19 - [TEST_STEP][PASSED] - if (value == y || value == y + 1 || value == y - 1): null

27-02-2025T17:32:19 - [TEST_STEP][PASSED] - if (value == y || value == y + 1 || value == y - 1): null

27-02-2025T17:32:19 - [TEST_STEP][PASSED] - if (value == y || value == y + 1 || value == y - 1): null

27-02-2025T17:32:19 - [TEST_STEP][PASSED] - y = value: null

27-02-2025T17:32:19 - [TEST_STEP][PASSED] - for (def tooltip : fieldTooltips): null

27-02-2025T17:32:19 - [TEST_STEP][PASSED] - if (value == y || value == y + 1 || value == y - 1): null

27-02-2025T17:32:19 - [TEST_STEP][PASSED] - if (value == y || value == y + 1 || value == y - 1): null

27-02-2025T17:32:19 - [TEST_STEP][PASSED] - if (value == y || value == y + 1 || value == y - 1): null

27-02-2025T17:32:19 - [TEST_STEP][PASSED] - if (value == y || value == y + 1 || value == y - 1): null

27-02-2025T17:32:19 - [TEST_STEP][PASSED] - if (value == y || value == y + 1 || value == y - 1): null

27-02-2025T17:32:19 - [TEST_STEP][PASSED] - if (value == y || value == y + 1 || value == y - 1): null

27-02-2025T17:32:19 - [TEST_STEP][PASSED] - if (value == y || value == y + 1 || value == y - 1): null

27-02-2025T17:32:19 - [TEST_STEP][PASSED] - y = value: null

27-02-2025T17:32:19 - [TEST_STEP][PASSED] - for (def tooltip : fieldTooltips): null

27-02-2025T17:32:19 - [TEST_STEP][PASSED] - if (value == y || value == y + 1 || value == y - 1): null

27-02-2025T17:32:19 - [TEST_STEP][PASSED] - if (value == y || value == y + 1 || value == y - 1): null

27-02-2025T17:32:19 - [TEST_STEP][PASSED] - if (value == y || value == y + 1 || value == y - 1): null

27-02-2025T17:32:19 - [TEST_STEP][PASSED] - if (value == y || value == y + 1 || value == y - 1): null

27-02-2025T17:32:19 - [TEST_STEP][PASSED] - if (value == y || value == y + 1 || value == y - 1): null

27-02-2025T17:32:19 - [TEST_STEP][PASSED] - if (value == y || value == y + 1 || value == y - 1): null

27-02-2025T17:32:19 - [TEST_STEP][PASSED] - if (value == y || value == y + 1 || value == y - 1): null

27-02-2025T17:32:19 - [TEST_STEP][PASSED] - y = value: null

27-02-2025T17:32:19 - [TEST_STEP][PASSED] - for (def tooltip : fieldTooltips): null

27-02-2025T17:32:19 - [TEST_STEP][PASSED] - if (value == y || value == y + 1 || value == y - 1): null

27-02-2025T17:32:19 - [TEST_STEP][PASSED] - if (value == y || value == y + 1 || value == y - 1): null

27-02-2025T17:32:19 - [TEST_STEP][PASSED] - if (value == y || value == y + 1 || value == y - 1): null

27-02-2025T17:32:19 - [TEST_STEP][PASSED] - if (value == y || value == y + 1 || value == y - 1): null

27-02-2025T17:32:19 - [TEST_STEP][PASSED] - if (value == y || value == y + 1 || value == y - 1): null

27-02-2025T17:32:19 - [TEST_STEP][PASSED] - tooltipMap.put(key, key): null

27-02-2025T17:32:19 - [TEST_STEP][PASSED] - break: null

27-02-2025T17:32:19 - [TEST_STEP][PASSED] - y = value: null

27-02-2025T17:32:19 - [TEST_STEP][PASSED] - for (def tooltip : fieldTooltips): null

27-02-2025T17:32:19 - [TEST_STEP][PASSED] - if (value == y || value == y + 1 || value == y - 1): null

27-02-2025T17:32:19 - [TEST_STEP][PASSED] - if (value == y || value == y + 1 || value == y - 1): null

27-02-2025T17:32:19 - [TEST_STEP][PASSED] - if (value == y || value == y + 1 || value == y - 1): null

27-02-2025T17:32:19 - [TEST_STEP][PASSED] - if (value == y || value == y + 1 || value == y - 1): null

27-02-2025T17:32:19 - [TEST_STEP][PASSED] - if (value == y || value == y + 1 || value == y - 1): null

27-02-2025T17:32:19 - [TEST_STEP][PASSED] - if (value == y || value == y + 1 || value == y - 1): null

27-02-2025T17:32:19 - [TEST_STEP][PASSED] - if (value == y || value == y + 1 || value == y - 1): null

27-02-2025T17:32:19 - [TEST_STEP][PASSED] - y = value: null

27-02-2025T17:32:19 - [TEST_STEP][PASSED] - for (def tooltip : fieldTooltips): null

27-02-2025T17:32:19 - [TEST_STEP][PASSED] - if (value == y || value == y + 1 || value == y - 1): null

27-02-2025T17:32:19 - [TEST_STEP][PASSED] - if (value == y || value == y + 1 || value == y - 1): null

27-02-2025T17:32:19 - [TEST_STEP][PASSED] - if (value == y || value == y + 1 || value == y - 1): null

27-02-2025T17:32:19 - [TEST_STEP][PASSED] - if (value == y || value == y + 1 || value == y - 1): null

27-02-2025T17:32:19 - [TEST_STEP][PASSED] - if (value == y || value == y + 1 || value == y - 1): null

27-02-2025T17:32:19 - [TEST_STEP][PASSED] - if (value == y || value == y + 1 || value == y - 1): null

27-02-2025T17:32:19 - [TEST_STEP][PASSED] - if (value == y || value == y + 1 || value == y - 1): null

27-02-2025T17:32:19 - [TEST_STEP][PASSED] - y = value: null

27-02-2025T17:32:19 - [TEST_STEP][PASSED] - for (def tooltip : fieldTooltips): null

27-02-2025T17:32:19 - [TEST_STEP][PASSED] - if (value == y || value == y + 1 || value == y - 1): null

27-02-2025T17:32:19 - [TEST_STEP][PASSED] - if (value == y || value == y + 1 || value == y - 1): null

27-02-2025T17:32:19 - [TEST_STEP][PASSED] - if (value == y || value == y + 1 || value == y - 1): null

27-02-2025T17:32:19 - [TEST_STEP][PASSED] - if (value == y || value == y + 1 || value == y - 1): null

27-02-2025T17:32:19 - [TEST_STEP][PASSED] - if (value == y || value == y + 1 || value == y - 1): null

27-02-2025T17:32:19 - [TEST_STEP][PASSED] - if (value == y || value == y + 1 || value == y - 1): null

27-02-2025T17:32:19 - [TEST_STEP][PASSED] - tooltipMap.put(key, key): null

27-02-2025T17:32:19 - [TEST_STEP][PASSED] - break: null

27-02-2025T17:32:19 - [TEST_STEP][PASSED] - y = value: null

27-02-2025T17:32:19 - [TEST_STEP][PASSED] - for (def tooltip : fieldTooltips): null

27-02-2025T17:32:19 - [TEST_STEP][PASSED] - if (value == y || value == y + 1 || value == y - 1): null

27-02-2025T17:32:19 - [TEST_STEP][PASSED] - if (value == y || value == y + 1 || value == y - 1): null

27-02-2025T17:32:19 - [TEST_STEP][PASSED] - if (value == y || value == y + 1 || value == y - 1): null

27-02-2025T17:32:19 - [TEST_STEP][PASSED] - if (value == y || value == y + 1 || value == y - 1): null

27-02-2025T17:32:19 - [TEST_STEP][PASSED] - if (value == y || value == y + 1 || value == y - 1): null

27-02-2025T17:32:19 - [TEST_STEP][PASSED] - if (value == y || value == y + 1 || value == y - 1): null

27-02-2025T17:32:19 - [TEST_STEP][PASSED] - if (value == y || value == y + 1 || value == y - 1): null

27-02-2025T17:32:19 - [TEST_STEP][PASSED] - y = value: null

27-02-2025T17:32:19 - [TEST_STEP][PASSED] - for (def tooltip : fieldTooltips): null

27-02-2025T17:32:19 - [TEST_STEP][PASSED] - if (value == y || value == y + 1 || value == y - 1): null

27-02-2025T17:32:19 - [TEST_STEP][PASSED] - if (value == y || value == y + 1 || value == y - 1): null

27-02-2025T17:32:19 - [TEST_STEP][PASSED] - if (value == y || value == y + 1 || value == y - 1): null

27-02-2025T17:32:19 - [TEST_STEP][PASSED] - if (value == y || value == y + 1 || value == y - 1): null

27-02-2025T17:32:19 - [TEST_STEP][PASSED] - if (value == y || value == y + 1 || value == y - 1): null

27-02-2025T17:32:19 - [TEST_STEP][PASSED] - if (value == y || value == y + 1 || value == y - 1): null

27-02-2025T17:32:19 - [TEST_STEP][PASSED] - if (value == y || value == y + 1 || value == y - 1): null

27-02-2025T17:32:19 - [TEST_STEP][PASSED] - tooltipMap.put(key, key): null

27-02-2025T17:32:19 - [TEST_STEP][PASSED] - break: null

27-02-2025T17:32:19 - [TEST_STEP][PASSED] - return tooltipMap: null

27-02-2025T17:32:19 - [MESSAGE][PASSED] - Call Test Case 'Test Cases/_Functions/Get Tooltip Text' successfully

27-02-2025T17:32:19 - [TEST_STEP][PASSED] - if (tooltipMap.size() > 0): null

27-02-2025T17:32:19 - [TEST_STEP][PASSED] - file = fileBase + "_Tooltips.csv": null

27-02-2025T17:32:19 - [TEST_STEP][PASSED] - outText = "FIELD LABEL" + "," + "TOOLTIP TEXT" + "

": null

27-02-2025T17:32:19 - [TEST_STEP][PASSED] - for (def it : tooltipMap): null

27-02-2025T17:32:19 - [TEST_STEP][PASSED] - name = key: null

27-02-2025T17:32:19 - [TEST_STEP][PASSED] - value = value.replace("
", ""): null

27-02-2025T17:32:19 - [TEST_STEP][PASSED] - value = value.trim(): null

27-02-2025T17:32:19 - [TEST_STEP][PASSED] - value = """ + value + """: null

27-02-2025T17:32:19 - [TEST_STEP][PASSED] - outText = outText + name + "," + value: null

27-02-2025T17:32:19 - [TEST_STEP][PASSED] - outText = outText + "
": null

27-02-2025T17:32:19 - [TEST_STEP][PASSED] - println(outText): null

27-02-2025T17:32:19 - [TEST_STEP][PASSED] - name = key: null

27-02-2025T17:32:19 - [TEST_STEP][PASSED] - value = value.replace("
", ""): null

27-02-2025T17:32:19 - [TEST_STEP][PASSED] - value = value.trim(): null

27-02-2025T17:32:19 - [TEST_STEP][PASSED] - value = """ + value + """: null

27-02-2025T17:32:19 - [TEST_STEP][PASSED] - outText = outText + name + "," + value: null

27-02-2025T17:32:19 - [TEST_STEP][PASSED] - outText = outText + "
": null

27-02-2025T17:32:19 - [TEST_STEP][PASSED] - println(outText): null

27-02-2025T17:32:19 - [TEST_STEP][PASSED] - name = key: null

27-02-2025T17:32:19 - [TEST_STEP][PASSED] - value = value.replace("
", ""): null

27-02-2025T17:32:19 - [TEST_STEP][PASSED] - value = value.trim(): null

27-02-2025T17:32:19 - [TEST_STEP][PASSED] - value = """ + value + """: null

27-02-2025T17:32:19 - [TEST_STEP][PASSED] - outText = outText + name + "," + value: null

27-02-2025T17:32:19 - [TEST_STEP][PASSED] - outText = outText + "
": null

27-02-2025T17:32:19 - [TEST_STEP][PASSED] - println(outText): null

27-02-2025T17:32:19 - [TEST_STEP][PASSED] - name = key: null

27-02-2025T17:32:19 - [TEST_STEP][PASSED] - value = value.replace("
", ""): null

27-02-2025T17:32:19 - [TEST_STEP][PASSED] - value = value.trim(): null

27-02-2025T17:32:19 - [TEST_STEP][PASSED] - value = """ + value + """: null

27-02-2025T17:32:19 - [TEST_STEP][PASSED] - outText = outText + name + "," + value: null

27-02-2025T17:32:19 - [TEST_STEP][PASSED] - outText = outText + "
": null

27-02-2025T17:32:19 - [TEST_STEP][PASSED] - println(outText): null

27-02-2025T17:32:19 - [TEST_STEP][PASSED] - name = key: null

27-02-2025T17:32:19 - [TEST_STEP][PASSED] - value = value.replace("
", ""): null

27-02-2025T17:32:19 - [TEST_STEP][PASSED] - value = value.trim(): null

27-02-2025T17:32:19 - [TEST_STEP][PASSED] - value = """ + value + """: null

27-02-2025T17:32:19 - [TEST_STEP][PASSED] - outText = outText + name + "," + value: null

27-02-2025T17:32:19 - [TEST_STEP][PASSED] - outText = outText + "
": null

27-02-2025T17:32:19 - [TEST_STEP][PASSED] - println(outText): null

27-02-2025T17:32:19 - [TEST_STEP][PASSED] - name = key: null

27-02-2025T17:32:19 - [TEST_STEP][PASSED] - value = value.replace("
", ""): null

27-02-2025T17:32:19 - [TEST_STEP][PASSED] - value = value.trim(): null

27-02-2025T17:32:19 - [TEST_STEP][PASSED] - value = """ + value + """: null

27-02-2025T17:32:19 - [TEST_STEP][PASSED] - outText = outText + name + "," + value: null

27-02-2025T17:32:19 - [TEST_STEP][PASSED] - outText = outText + "
": null

27-02-2025T17:32:19 - [TEST_STEP][PASSED] - println(outText): null

27-02-2025T17:32:19 - [TEST_STEP][PASSED] - name = key: null

27-02-2025T17:32:19 - [TEST_STEP][PASSED] - value = value.replace("
", ""): null

27-02-2025T17:32:19 - [TEST_STEP][PASSED] - value = value.trim(): null

27-02-2025T17:32:19 - [TEST_STEP][PASSED] - value = """ + value + """: null

27-02-2025T17:32:19 - [TEST_STEP][PASSED] - outText = outText + name + "," + value: null

27-02-2025T17:32:19 - [TEST_STEP][PASSED] - outText = outText + "
": null

27-02-2025T17:32:19 - [TEST_STEP][PASSED] - println(outText): null

27-02-2025T17:32:19 - [TEST_STEP][PASSED] - outFile = new java.io.File(file): null

27-02-2025T17:32:19 - [TEST_STEP][PASSED] - println(outText): null

27-02-2025T17:32:19 - [TEST_STEP][PASSED] - outFile.write(outText): null

27-02-2025T17:32:19 - [TEST_STEP][PASSED] - takeFullPageScreenshot(fileImage): Taking screenshot successfully

27-02-2025T17:32:20 - [MESSAGE][INFO] - 0 hidden object(s)

27-02-2025T17:32:20 - [MESSAGE][PASSED] - Taking screenshot successfully
[[ATTACHMENT|/Users/cckozie/Documents/MissionNext/Screenshots and Tooltip Text/Journey Candidate Contact Info Tab_Screenshot.png]]

27-02-2025T17:32:20 - [TEST_STEP][PASSED] - frame.dispose(): null

27-02-2025T17:32:20 - [TEST_STEP][PASSED] - return tooltipMap: null

27-02-2025T17:32:20 - [MESSAGE][PASSED] - Call Test Case 'Test Cases/_Functions/Get Screenshot and Tooltip Text' successfully

27-02-2025T17:32:20 - [TEST_STEP][PASSED] - callTestCase(findTestCase("_Functions/Test Tooltips"), ["varTooltipImagePath":tooltipImagePath, "varTooltips":tooltips, "varTooltipText":tooltipText, "varTestObjectFolder":testObjectFolder, ... ], STOP_ON_FAILURE): Call Test Case 'Test Cases/_Functions/Test Tooltips' successfully

27-02-2025T17:32:20 - [TEST_CASE][PASSED] - Test Cases/_Functions/Test Tooltips: Test Cases/_Functions/Test Tooltips

27-02-2025T17:32:20 - [TEST_STEP][PASSED] - if (fastPath): null

27-02-2025T17:32:20 - [TEST_STEP][PASSED] - tooltipImagePath = varTooltipImagePath: null

27-02-2025T17:32:20 - [TEST_STEP][PASSED] - tooltips = varTooltips: null

27-02-2025T17:32:20 - [TEST_STEP][PASSED] - tooltipText = varTooltipText: null

27-02-2025T17:32:20 - [TEST_STEP][PASSED] - testObjectFolder = varTestObjectFolder: null

27-02-2025T17:32:20 - [TEST_STEP][PASSED] - tooltipTextMap = varTooltipTextMap: null

27-02-2025T17:32:20 - [TEST_STEP][PASSED] - writeFile = false: null

27-02-2025T17:32:20 - [TEST_STEP][PASSED] - if (outFile != ""): null

27-02-2025T17:32:20 - [TEST_STEP][PASSED] - myFile = outFile: null

27-02-2025T17:32:20 - [TEST_STEP][PASSED] - println(myFile): null

27-02-2025T17:32:20 - [TEST_STEP][PASSED] - outFile = new java.io.File(myFile): null

27-02-2025T17:32:20 - [TEST_STEP][PASSED] - writeFile = true: null

27-02-2025T17:32:20 - [TEST_STEP][PASSED] - driver = getWebDriver(): null

27-02-2025T17:32:20 - [TEST_STEP][PASSED] - action = new org.openqa.selenium.interactions.Actions(driver): null

27-02-2025T17:32:20 - [TEST_STEP][PASSED] - s = new org.sikuli.script.Screen(): null

27-02-2025T17:32:20 - [TEST_STEP][PASSED] - outText = "Verifying the tooltips can be displayed.
": null

27-02-2025T17:32:20 - [TEST_STEP][PASSED] - outFile.append(outText): null

27-02-2025T17:32:20 - [TEST_STEP][PASSED] - first = true: null

27-02-2025T17:32:20 - [TEST_STEP][PASSED] - for (def it : tooltips): null

27-02-2025T17:32:20 - [TEST_STEP][PASSED] - myKey = key: null

27-02-2025T17:32:20 - [TEST_STEP][PASSED] - myValue = value: null

27-02-2025T17:32:20 - [TEST_STEP][PASSED] - println("myKey is " + myKey): null

27-02-2025T17:32:20 - [TEST_STEP][PASSED] - println("myValue is " + myValue): null

27-02-2025T17:32:20 - [TEST_STEP][PASSED] - if (myKey != "dummy"): null

27-02-2025T17:32:20 - [TEST_STEP][PASSED] - else: null

27-02-2025T17:32:20 - [TEST_STEP][PASSED] - myImage = "/Users/cckozie/git/MissionNext-Katalon-Koz/images/dummy.png": null

27-02-2025T17:32:20 - [TEST_STEP][PASSED] - f = new java.io.File(myImage): null

27-02-2025T17:32:20 - [TEST_STEP][PASSED] - if (f.exists()): null

27-02-2025T17:32:20 - [TEST_STEP][PASSED] - println("Looking for " + myImage): null

27-02-2025T17:32:20 - [TEST_STEP][PASSED] - icn = Pattern(myImage).similar(0.10): null

27-02-2025T17:32:20 - [TEST_STEP][PASSED] - found = s.exists(icn): null

27-02-2025T17:32:20 - [TEST_STEP][PASSED] - println(found): null

27-02-2025T17:32:20 - [TEST_STEP][PASSED] - if (found != null): null

27-02-2025T17:32:20 - [TEST_STEP][PASSED] - foundStr = found.toString(): null

27-02-2025T17:32:20 - [TEST_STEP][PASSED] - matchP = foundStr.indexOf("%"): null

27-02-2025T17:32:20 - [TEST_STEP][PASSED] - if (matchP >= 0): null

27-02-2025T17:32:20 - [TEST_STEP][PASSED] - println(matchP): null

27-02-2025T17:32:20 - [TEST_STEP][PASSED] - pct = foundStr.substring(matchP + 1, matchP + 6): null

27-02-2025T17:32:20 - [TEST_STEP][PASSED] - pctF = pct.toFloat(): null

27-02-2025T17:32:20 - [TEST_STEP][PASSED] - outText = "+++ Tooltip match value for " + myKey + " is " + pctF + "%": null

27-02-2025T17:32:20 - [TEST_STEP][PASSED] - min = 80: null

27-02-2025T17:32:20 - [TEST_STEP][PASSED] - if (pctF.toFloat() < min.toFloat()): null

27-02-2025T17:32:20 - [TEST_STEP][PASSED] - outText = ">>>>> " + outText + " <<<<<": null

27-02-2025T17:32:20 - [TEST_STEP][PASSED] - if (myKey != "dummy"): null

27-02-2025T17:32:20 - [TEST_STEP][PASSED] - myKey = key: null

27-02-2025T17:32:20 - [TEST_STEP][PASSED] - myValue = value: null

27-02-2025T17:32:20 - [TEST_STEP][PASSED] - println("myKey is " + myKey): null

27-02-2025T17:32:20 - [TEST_STEP][PASSED] - println("myValue is " + myValue): null

27-02-2025T17:32:20 - [TEST_STEP][PASSED] - if (myKey != "dummy"): null

27-02-2025T17:32:20 - [TEST_STEP][PASSED] - tObj = testObjectFolder + myValue: null

27-02-2025T17:32:20 - [TEST_STEP][PASSED] - click(tObj): null

27-02-2025T17:32:20 - [TEST_STEP][PASSED] - scrollToObject(object): null

27-02-2025T17:32:20 - [TEST_STEP][PASSED] - println("Converting " + object + " to web element"): null

27-02-2025T17:32:20 - [TEST_STEP][PASSED] - element = findWebElement(findTestObject(object), 1): null

27-02-2025T17:32:20 - [TEST_STEP][PASSED] - loc = element.getLocation(): null

27-02-2025T17:32:20 - [TEST_STEP][PASSED] - x = loc.getX(): null

27-02-2025T17:32:20 - [TEST_STEP][PASSED] - if (x >= 560): null

27-02-2025T17:32:20 - [TEST_STEP][PASSED] - y = loc.getY(): null

27-02-2025T17:32:20 - [TEST_STEP][PASSED] - println("Y location is " + y): null

27-02-2025T17:32:20 - [TEST_STEP][PASSED] - top = getViewportTopPosition(): Current viewport's top (y) position is 0

27-02-2025T17:32:20 - [MESSAGE][PASSED] - Current viewport's top (y) position is 0

27-02-2025T17:32:20 - [TEST_STEP][PASSED] - println("Viewport top is " + top): null

27-02-2025T17:32:20 - [TEST_STEP][PASSED] - bottom = top + 600: null

27-02-2025T17:32:20 - [TEST_STEP][PASSED] - if (y - top < 150 || bottom - y < 10): Delayed 1 second(s)

27-02-2025T17:32:20 - [TEST_STEP][PASSED] - scrollToPosition(0, y - 170): Browser is scrolled to position x = 0, y = 434

27-02-2025T17:32:20 - [MESSAGE][PASSED] - Browser is scrolled to position x = 0, y = 434

27-02-2025T17:32:20 - [TEST_STEP][PASSED] - delay(1): Delayed 1 second(s)

27-02-2025T17:32:21 - [MESSAGE][PASSED] - Delayed 1 second(s)

27-02-2025T17:32:21 - [TEST_STEP][PASSED] - click(findTestObject(object)): null

27-02-2025T17:32:21 - [MESSAGE][PASSED] - Object: 'Object Repository/Journey Candidate Profile/Tabs/Contact Info/img_First Name_field-tooltip' is clicked on

27-02-2025T17:32:21 - [TEST_STEP][PASSED] - delay(1): Delayed 1 second(s)

27-02-2025T17:32:22 - [MESSAGE][PASSED] - Delayed 1 second(s)

27-02-2025T17:32:22 - [TEST_STEP][PASSED] - myImage = tooltipImagePath + myKey + ".png": null

27-02-2025T17:32:22 - [TEST_STEP][PASSED] - f = new java.io.File(myImage): null

27-02-2025T17:32:22 - [TEST_STEP][PASSED] - if (f.exists()): null

27-02-2025T17:32:22 - [TEST_STEP][PASSED] - println("Looking for " + myImage): null

27-02-2025T17:32:22 - [TEST_STEP][PASSED] - icn = Pattern(myImage).similar(0.10): null

27-02-2025T17:32:22 - [TEST_STEP][PASSED] - found = s.exists(icn): null

27-02-2025T17:32:22 - [TEST_STEP][PASSED] - println(found): null

27-02-2025T17:32:22 - [TEST_STEP][PASSED] - if (found != null): null

27-02-2025T17:32:22 - [TEST_STEP][PASSED] - foundStr = found.toString(): null

27-02-2025T17:32:22 - [TEST_STEP][PASSED] - matchP = foundStr.indexOf("%"): null

27-02-2025T17:32:22 - [TEST_STEP][PASSED] - if (matchP >= 0): null

27-02-2025T17:32:22 - [TEST_STEP][PASSED] - println(matchP): null

27-02-2025T17:32:22 - [TEST_STEP][PASSED] - pct = foundStr.substring(matchP + 1, matchP + 6): null

27-02-2025T17:32:22 - [TEST_STEP][PASSED] - pctF = pct.toFloat(): null

27-02-2025T17:32:22 - [TEST_STEP][PASSED] - outText = "+++ Tooltip match value for " + myKey + " is " + pctF + "%": null

27-02-2025T17:32:22 - [TEST_STEP][PASSED] - min = 80: null

27-02-2025T17:32:22 - [TEST_STEP][PASSED] - if (pctF.toFloat() < min.toFloat()): null

27-02-2025T17:32:22 - [TEST_STEP][PASSED] - if (myKey != "dummy"): null

27-02-2025T17:32:22 - [TEST_STEP][PASSED] - println(outText): null

27-02-2025T17:32:22 - [TEST_STEP][PASSED] - outFile.append(outText + "
"): null

27-02-2025T17:32:22 - [TEST_STEP][PASSED] - myKey = key: null

27-02-2025T17:32:22 - [TEST_STEP][PASSED] - myValue = value: null

27-02-2025T17:32:22 - [TEST_STEP][PASSED] - println("myKey is " + myKey): null

27-02-2025T17:32:22 - [TEST_STEP][PASSED] - println("myValue is " + myValue): null

27-02-2025T17:32:22 - [TEST_STEP][PASSED] - if (myKey != "dummy"): null

27-02-2025T17:32:22 - [TEST_STEP][PASSED] - tObj = testObjectFolder + myValue: null

27-02-2025T17:32:22 - [TEST_STEP][PASSED] - click(tObj): null

27-02-2025T17:32:22 - [TEST_STEP][PASSED] - scrollToObject(object): null

27-02-2025T17:32:22 - [TEST_STEP][PASSED] - println("Converting " + object + " to web element"): null

27-02-2025T17:32:22 - [TEST_STEP][PASSED] - element = findWebElement(findTestObject(object), 1): null

27-02-2025T17:32:22 - [TEST_STEP][PASSED] - loc = element.getLocation(): null

27-02-2025T17:32:22 - [TEST_STEP][PASSED] - x = loc.getX(): null

27-02-2025T17:32:22 - [TEST_STEP][PASSED] - if (x >= 560): null

27-02-2025T17:32:22 - [TEST_STEP][PASSED] - y = loc.getY(): null

27-02-2025T17:32:22 - [TEST_STEP][PASSED] - println("Y location is " + y): null

27-02-2025T17:32:22 - [TEST_STEP][PASSED] - top = getViewportTopPosition(): Current viewport's top (y) position is 434

27-02-2025T17:32:22 - [MESSAGE][PASSED] - Current viewport's top (y) position is 434

27-02-2025T17:32:22 - [TEST_STEP][PASSED] - println("Viewport top is " + top): null

27-02-2025T17:32:22 - [TEST_STEP][PASSED] - bottom = top + 600: null

27-02-2025T17:32:22 - [TEST_STEP][PASSED] - if (y - top < 150 || bottom - y < 10): null

27-02-2025T17:32:22 - [TEST_STEP][PASSED] - click(findTestObject(object)): null

27-02-2025T17:32:22 - [MESSAGE][PASSED] - Object: 'Object Repository/Journey Candidate Profile/Tabs/Contact Info/img_Last Name_field-tooltip' is clicked on

27-02-2025T17:32:22 - [TEST_STEP][PASSED] - delay(1): Delayed 1 second(s)

27-02-2025T17:32:23 - [MESSAGE][PASSED] - Delayed 1 second(s)

27-02-2025T17:32:23 - [TEST_STEP][PASSED] - myImage = tooltipImagePath + myKey + ".png": null

27-02-2025T17:32:23 - [TEST_STEP][PASSED] - f = new java.io.File(myImage): null

27-02-2025T17:32:23 - [TEST_STEP][PASSED] - if (f.exists()): null

27-02-2025T17:32:23 - [TEST_STEP][PASSED] - println("Looking for " + myImage): null

27-02-2025T17:32:23 - [TEST_STEP][PASSED] - icn = Pattern(myImage).similar(0.10): null

27-02-2025T17:32:23 - [TEST_STEP][PASSED] - found = s.exists(icn): null

27-02-2025T17:32:24 - [TEST_STEP][PASSED] - println(found): null

27-02-2025T17:32:24 - [TEST_STEP][PASSED] - if (found != null): null

27-02-2025T17:32:24 - [TEST_STEP][PASSED] - foundStr = found.toString(): null

27-02-2025T17:32:24 - [TEST_STEP][PASSED] - matchP = foundStr.indexOf("%"): null

27-02-2025T17:32:24 - [TEST_STEP][PASSED] - if (matchP >= 0): null

27-02-2025T17:32:24 - [TEST_STEP][PASSED] - println(matchP): null

27-02-2025T17:32:24 - [TEST_STEP][PASSED] - pct = foundStr.substring(matchP + 1, matchP + 6): null

27-02-2025T17:32:24 - [TEST_STEP][PASSED] - pctF = pct.toFloat(): null

27-02-2025T17:32:24 - [TEST_STEP][PASSED] - outText = "+++ Tooltip match value for " + myKey + " is " + pctF + "%": null

27-02-2025T17:32:24 - [TEST_STEP][PASSED] - min = 80: null

27-02-2025T17:32:24 - [TEST_STEP][PASSED] - if (pctF.toFloat() < min.toFloat()): null

27-02-2025T17:32:24 - [TEST_STEP][PASSED] - if (myKey != "dummy"): null

27-02-2025T17:32:24 - [TEST_STEP][PASSED] - println(outText): null

27-02-2025T17:32:24 - [TEST_STEP][PASSED] - outFile.append(outText + "
"): null

27-02-2025T17:32:24 - [TEST_STEP][PASSED] - myKey = key: null

27-02-2025T17:32:24 - [TEST_STEP][PASSED] - myValue = value: null

27-02-2025T17:32:24 - [TEST_STEP][PASSED] - println("myKey is " + myKey): null

27-02-2025T17:32:24 - [TEST_STEP][PASSED] - println("myValue is " + myValue): null

27-02-2025T17:32:24 - [TEST_STEP][PASSED] - if (myKey != "dummy"): null

27-02-2025T17:32:24 - [TEST_STEP][PASSED] - tObj = testObjectFolder + myValue: null

27-02-2025T17:32:24 - [TEST_STEP][PASSED] - click(tObj): null

27-02-2025T17:32:24 - [TEST_STEP][PASSED] - scrollToObject(object): null

27-02-2025T17:32:24 - [TEST_STEP][PASSED] - println("Converting " + object + " to web element"): null

27-02-2025T17:32:24 - [TEST_STEP][PASSED] - element = findWebElement(findTestObject(object), 1): null

27-02-2025T17:32:24 - [TEST_STEP][PASSED] - loc = element.getLocation(): null

27-02-2025T17:32:24 - [TEST_STEP][PASSED] - x = loc.getX(): null

27-02-2025T17:32:24 - [TEST_STEP][PASSED] - if (x >= 560): null

27-02-2025T17:32:24 - [TEST_STEP][PASSED] - y = loc.getY(): null

27-02-2025T17:32:24 - [TEST_STEP][PASSED] - println("Y location is " + y): null

27-02-2025T17:32:24 - [TEST_STEP][PASSED] - top = getViewportTopPosition(): Current viewport's top (y) position is 434

27-02-2025T17:32:24 - [MESSAGE][PASSED] - Current viewport's top (y) position is 434

27-02-2025T17:32:24 - [TEST_STEP][PASSED] - println("Viewport top is " + top): null

27-02-2025T17:32:24 - [TEST_STEP][PASSED] - bottom = top + 600: null

27-02-2025T17:32:24 - [TEST_STEP][PASSED] - if (y - top < 150 || bottom - y < 10): null

27-02-2025T17:32:24 - [TEST_STEP][PASSED] - click(findTestObject(object)): null

27-02-2025T17:32:24 - [MESSAGE][PASSED] - Object: 'Object Repository/Journey Candidate Profile/Tabs/Contact Info/img_Your Email_field-tooltip' is clicked on

27-02-2025T17:32:24 - [TEST_STEP][PASSED] - delay(1): Delayed 1 second(s)

27-02-2025T17:32:25 - [MESSAGE][PASSED] - Delayed 1 second(s)

27-02-2025T17:32:25 - [TEST_STEP][PASSED] - myImage = tooltipImagePath + myKey + ".png": null

27-02-2025T17:32:25 - [TEST_STEP][PASSED] - f = new java.io.File(myImage): null

27-02-2025T17:32:25 - [TEST_STEP][PASSED] - if (f.exists()): null

27-02-2025T17:32:25 - [TEST_STEP][PASSED] - println("Looking for " + myImage): null

27-02-2025T17:32:25 - [TEST_STEP][PASSED] - icn = Pattern(myImage).similar(0.10): null

27-02-2025T17:32:25 - [TEST_STEP][PASSED] - found = s.exists(icn): null

27-02-2025T17:32:25 - [TEST_STEP][PASSED] - println(found): null

27-02-2025T17:32:25 - [TEST_STEP][PASSED] - if (found != null): null

27-02-2025T17:32:25 - [TEST_STEP][PASSED] - foundStr = found.toString(): null

27-02-2025T17:32:25 - [TEST_STEP][PASSED] - matchP = foundStr.indexOf("%"): null

27-02-2025T17:32:25 - [TEST_STEP][PASSED] - if (matchP >= 0): null

27-02-2025T17:32:25 - [TEST_STEP][PASSED] - println(matchP): null

27-02-2025T17:32:25 - [TEST_STEP][PASSED] - pct = foundStr.substring(matchP + 1, matchP + 6): null

27-02-2025T17:32:25 - [TEST_STEP][PASSED] - pctF = pct.toFloat(): null

27-02-2025T17:32:25 - [TEST_STEP][PASSED] - outText = "+++ Tooltip match value for " + myKey + " is " + pctF + "%": null

27-02-2025T17:32:25 - [TEST_STEP][PASSED] - min = 80: null

27-02-2025T17:32:25 - [TEST_STEP][PASSED] - if (pctF.toFloat() < min.toFloat()): null

27-02-2025T17:32:25 - [TEST_STEP][PASSED] - if (myKey != "dummy"): null

27-02-2025T17:32:25 - [TEST_STEP][PASSED] - println(outText): null

27-02-2025T17:32:25 - [TEST_STEP][PASSED] - outFile.append(outText + "
"): null

27-02-2025T17:32:25 - [TEST_STEP][PASSED] - myKey = key: null

27-02-2025T17:32:25 - [TEST_STEP][PASSED] - myValue = value: null

27-02-2025T17:32:25 - [TEST_STEP][PASSED] - println("myKey is " + myKey): null

27-02-2025T17:32:25 - [TEST_STEP][PASSED] - println("myValue is " + myValue): null

27-02-2025T17:32:25 - [TEST_STEP][PASSED] - if (myKey != "dummy"): null

27-02-2025T17:32:25 - [TEST_STEP][PASSED] - tObj = testObjectFolder + myValue: null

27-02-2025T17:32:25 - [TEST_STEP][PASSED] - click(tObj): null

27-02-2025T17:32:25 - [TEST_STEP][PASSED] - scrollToObject(object): null

27-02-2025T17:32:25 - [TEST_STEP][PASSED] - println("Converting " + object + " to web element"): null

27-02-2025T17:32:25 - [TEST_STEP][PASSED] - element = findWebElement(findTestObject(object), 1): null

27-02-2025T17:32:25 - [TEST_STEP][PASSED] - loc = element.getLocation(): null

27-02-2025T17:32:25 - [TEST_STEP][PASSED] - x = loc.getX(): null

27-02-2025T17:32:25 - [TEST_STEP][PASSED] - if (x >= 560): null

27-02-2025T17:32:25 - [TEST_STEP][PASSED] - y = loc.getY(): null

27-02-2025T17:32:25 - [TEST_STEP][PASSED] - println("Y location is " + y): null

27-02-2025T17:32:25 - [TEST_STEP][PASSED] - top = getViewportTopPosition(): Current viewport's top (y) position is 434

27-02-2025T17:32:25 - [MESSAGE][PASSED] - Current viewport's top (y) position is 434

27-02-2025T17:32:25 - [TEST_STEP][PASSED] - println("Viewport top is " + top): null

27-02-2025T17:32:25 - [TEST_STEP][PASSED] - bottom = top + 600: null

27-02-2025T17:32:25 - [TEST_STEP][PASSED] - if (y - top < 150 || bottom - y < 10): null

27-02-2025T17:32:25 - [TEST_STEP][PASSED] - click(findTestObject(object)): null

27-02-2025T17:32:25 - [MESSAGE][PASSED] - Object: 'Object Repository/Journey Candidate Profile/Tabs/Contact Info/img_State_field-tooltip' is clicked on

27-02-2025T17:32:25 - [TEST_STEP][PASSED] - delay(1): Delayed 1 second(s)

27-02-2025T17:32:26 - [MESSAGE][PASSED] - Delayed 1 second(s)

27-02-2025T17:32:26 - [TEST_STEP][PASSED] - myImage = tooltipImagePath + myKey + ".png": null

27-02-2025T17:32:26 - [TEST_STEP][PASSED] - f = new java.io.File(myImage): null

27-02-2025T17:32:26 - [TEST_STEP][PASSED] - if (f.exists()): null

27-02-2025T17:32:26 - [TEST_STEP][PASSED] - println("Looking for " + myImage): null

27-02-2025T17:32:26 - [TEST_STEP][PASSED] - icn = Pattern(myImage).similar(0.10): null

27-02-2025T17:32:26 - [TEST_STEP][PASSED] - found = s.exists(icn): null

27-02-2025T17:32:26 - [TEST_STEP][PASSED] - println(found): null

27-02-2025T17:32:26 - [TEST_STEP][PASSED] - if (found != null): null

27-02-2025T17:32:26 - [TEST_STEP][PASSED] - foundStr = found.toString(): null

27-02-2025T17:32:26 - [TEST_STEP][PASSED] - matchP = foundStr.indexOf("%"): null

27-02-2025T17:32:26 - [TEST_STEP][PASSED] - if (matchP >= 0): null

27-02-2025T17:32:26 - [TEST_STEP][PASSED] - println(matchP): null

27-02-2025T17:32:26 - [TEST_STEP][PASSED] - pct = foundStr.substring(matchP + 1, matchP + 6): null

27-02-2025T17:32:26 - [TEST_STEP][PASSED] - pctF = pct.toFloat(): null

27-02-2025T17:32:26 - [TEST_STEP][PASSED] - outText = "+++ Tooltip match value for " + myKey + " is " + pctF + "%": null

27-02-2025T17:32:26 - [TEST_STEP][PASSED] - min = 80: null

27-02-2025T17:32:26 - [TEST_STEP][PASSED] - if (pctF.toFloat() < min.toFloat()): null

27-02-2025T17:32:26 - [TEST_STEP][PASSED] - if (myKey != "dummy"): null

27-02-2025T17:32:26 - [TEST_STEP][PASSED] - println(outText): null

27-02-2025T17:32:26 - [TEST_STEP][PASSED] - outFile.append(outText + "
"): null

27-02-2025T17:32:26 - [TEST_STEP][PASSED] - myKey = key: null

27-02-2025T17:32:26 - [TEST_STEP][PASSED] - myValue = value: null

27-02-2025T17:32:26 - [TEST_STEP][PASSED] - println("myKey is " + myKey): null

27-02-2025T17:32:26 - [TEST_STEP][PASSED] - println("myValue is " + myValue): null

27-02-2025T17:32:26 - [TEST_STEP][PASSED] - if (myKey != "dummy"): null

27-02-2025T17:32:26 - [TEST_STEP][PASSED] - tObj = testObjectFolder + myValue: null

27-02-2025T17:32:26 - [TEST_STEP][PASSED] - click(tObj): null

27-02-2025T17:32:26 - [TEST_STEP][PASSED] - scrollToObject(object): null

27-02-2025T17:32:26 - [TEST_STEP][PASSED] - println("Converting " + object + " to web element"): null

27-02-2025T17:32:26 - [TEST_STEP][PASSED] - element = findWebElement(findTestObject(object), 1): null

27-02-2025T17:32:26 - [TEST_STEP][PASSED] - loc = element.getLocation(): null

27-02-2025T17:32:26 - [TEST_STEP][PASSED] - x = loc.getX(): null

27-02-2025T17:32:26 - [TEST_STEP][PASSED] - if (x >= 560): null

27-02-2025T17:32:26 - [TEST_STEP][PASSED] - y = loc.getY(): null

27-02-2025T17:32:26 - [TEST_STEP][PASSED] - println("Y location is " + y): null

27-02-2025T17:32:26 - [TEST_STEP][PASSED] - top = getViewportTopPosition(): Current viewport's top (y) position is 434

27-02-2025T17:32:26 - [MESSAGE][PASSED] - Current viewport's top (y) position is 434

27-02-2025T17:32:26 - [TEST_STEP][PASSED] - println("Viewport top is " + top): null

27-02-2025T17:32:26 - [TEST_STEP][PASSED] - bottom = top + 600: null

27-02-2025T17:32:26 - [TEST_STEP][PASSED] - if (y - top < 150 || bottom - y < 10): Delayed 1 second(s)

27-02-2025T17:32:26 - [TEST_STEP][PASSED] - scrollToPosition(0, y - 170): Browser is scrolled to position x = 0, y = 926

27-02-2025T17:32:26 - [MESSAGE][PASSED] - Browser is scrolled to position x = 0, y = 926

27-02-2025T17:32:26 - [TEST_STEP][PASSED] - delay(1): Delayed 1 second(s)

27-02-2025T17:32:27 - [MESSAGE][PASSED] - Delayed 1 second(s)

27-02-2025T17:32:27 - [TEST_STEP][PASSED] - click(findTestObject(object)): null

27-02-2025T17:32:27 - [MESSAGE][PASSED] - Object: 'Object Repository/Journey Candidate Profile/Tabs/Contact Info/img_Your Country of Citizenship_field-tooltip' is clicked on

27-02-2025T17:32:27 - [TEST_STEP][PASSED] - delay(1): Delayed 1 second(s)

27-02-2025T17:32:28 - [MESSAGE][PASSED] - Delayed 1 second(s)

27-02-2025T17:32:28 - [TEST_STEP][PASSED] - myImage = tooltipImagePath + myKey + ".png": null

27-02-2025T17:32:28 - [TEST_STEP][PASSED] - f = new java.io.File(myImage): null

27-02-2025T17:32:28 - [TEST_STEP][PASSED] - if (f.exists()): null

27-02-2025T17:32:28 - [TEST_STEP][PASSED] - println("Looking for " + myImage): null

27-02-2025T17:32:28 - [TEST_STEP][PASSED] - icn = Pattern(myImage).similar(0.10): null

27-02-2025T17:32:28 - [TEST_STEP][PASSED] - found = s.exists(icn): null

27-02-2025T17:32:28 - [TEST_STEP][PASSED] - println(found): null

27-02-2025T17:32:28 - [TEST_STEP][PASSED] - if (found != null): null

27-02-2025T17:32:28 - [TEST_STEP][PASSED] - foundStr = found.toString(): null

27-02-2025T17:32:28 - [TEST_STEP][PASSED] - matchP = foundStr.indexOf("%"): null

27-02-2025T17:32:28 - [TEST_STEP][PASSED] - if (matchP >= 0): null

27-02-2025T17:32:28 - [TEST_STEP][PASSED] - println(matchP): null

27-02-2025T17:32:28 - [TEST_STEP][PASSED] - pct = foundStr.substring(matchP + 1, matchP + 6): null

27-02-2025T17:32:28 - [TEST_STEP][PASSED] - pctF = pct.toFloat(): null

27-02-2025T17:32:28 - [TEST_STEP][PASSED] - outText = "+++ Tooltip match value for " + myKey + " is " + pctF + "%": null

27-02-2025T17:32:28 - [TEST_STEP][PASSED] - min = 80: null

27-02-2025T17:32:28 - [TEST_STEP][PASSED] - if (pctF.toFloat() < min.toFloat()): null

27-02-2025T17:32:28 - [TEST_STEP][PASSED] - if (myKey != "dummy"): null

27-02-2025T17:32:28 - [TEST_STEP][PASSED] - println(outText): null

27-02-2025T17:32:28 - [TEST_STEP][PASSED] - outFile.append(outText + "
"): null

27-02-2025T17:32:28 - [TEST_STEP][PASSED] - myKey = key: null

27-02-2025T17:32:28 - [TEST_STEP][PASSED] - myValue = value: null

27-02-2025T17:32:28 - [TEST_STEP][PASSED] - println("myKey is " + myKey): null

27-02-2025T17:32:28 - [TEST_STEP][PASSED] - println("myValue is " + myValue): null

27-02-2025T17:32:28 - [TEST_STEP][PASSED] - if (myKey != "dummy"): null

27-02-2025T17:32:28 - [TEST_STEP][PASSED] - tObj = testObjectFolder + myValue: null

27-02-2025T17:32:28 - [TEST_STEP][PASSED] - click(tObj): null

27-02-2025T17:32:28 - [TEST_STEP][PASSED] - scrollToObject(object): null

27-02-2025T17:32:28 - [TEST_STEP][PASSED] - println("Converting " + object + " to web element"): null

27-02-2025T17:32:28 - [TEST_STEP][PASSED] - element = findWebElement(findTestObject(object), 1): null

27-02-2025T17:32:28 - [TEST_STEP][PASSED] - loc = element.getLocation(): null

27-02-2025T17:32:28 - [TEST_STEP][PASSED] - x = loc.getX(): null

27-02-2025T17:32:28 - [TEST_STEP][PASSED] - if (x >= 560): null

27-02-2025T17:32:28 - [TEST_STEP][PASSED] - y = loc.getY(): null

27-02-2025T17:32:28 - [TEST_STEP][PASSED] - println("Y location is " + y): null

27-02-2025T17:32:28 - [TEST_STEP][PASSED] - top = getViewportTopPosition(): Current viewport's top (y) position is 926

27-02-2025T17:32:28 - [MESSAGE][PASSED] - Current viewport's top (y) position is 926

27-02-2025T17:32:28 - [TEST_STEP][PASSED] - println("Viewport top is " + top): null

27-02-2025T17:32:28 - [TEST_STEP][PASSED] - bottom = top + 600: null

27-02-2025T17:32:28 - [TEST_STEP][PASSED] - if (y - top < 150 || bottom - y < 10): null

27-02-2025T17:32:28 - [TEST_STEP][PASSED] - click(findTestObject(object)): null

27-02-2025T17:32:28 - [MESSAGE][PASSED] - Object: 'Object Repository/Journey Candidate Profile/Tabs/Contact Info/img_Birth Year_field-tooltip' is clicked on

27-02-2025T17:32:28 - [TEST_STEP][PASSED] - delay(1): Delayed 1 second(s)

27-02-2025T17:32:29 - [MESSAGE][PASSED] - Delayed 1 second(s)

27-02-2025T17:32:29 - [TEST_STEP][PASSED] - myImage = tooltipImagePath + myKey + ".png": null

27-02-2025T17:32:29 - [TEST_STEP][PASSED] - f = new java.io.File(myImage): null

27-02-2025T17:32:29 - [TEST_STEP][PASSED] - if (f.exists()): null

27-02-2025T17:32:29 - [TEST_STEP][PASSED] - println("Looking for " + myImage): null

27-02-2025T17:32:29 - [TEST_STEP][PASSED] - icn = Pattern(myImage).similar(0.10): null

27-02-2025T17:32:29 - [TEST_STEP][PASSED] - found = s.exists(icn): null

27-02-2025T17:32:29 - [TEST_STEP][PASSED] - println(found): null

27-02-2025T17:32:29 - [TEST_STEP][PASSED] - if (found != null): null

27-02-2025T17:32:29 - [TEST_STEP][PASSED] - foundStr = found.toString(): null

27-02-2025T17:32:29 - [TEST_STEP][PASSED] - matchP = foundStr.indexOf("%"): null

27-02-2025T17:32:29 - [TEST_STEP][PASSED] - if (matchP >= 0): null

27-02-2025T17:32:29 - [TEST_STEP][PASSED] - println(matchP): null

27-02-2025T17:32:29 - [TEST_STEP][PASSED] - pct = foundStr.substring(matchP + 1, matchP + 6): null

27-02-2025T17:32:29 - [TEST_STEP][PASSED] - pctF = pct.toFloat(): null

27-02-2025T17:32:29 - [TEST_STEP][PASSED] - outText = "+++ Tooltip match value for " + myKey + " is " + pctF + "%": null

27-02-2025T17:32:29 - [TEST_STEP][PASSED] - min = 80: null

27-02-2025T17:32:29 - [TEST_STEP][PASSED] - if (pctF.toFloat() < min.toFloat()): null

27-02-2025T17:32:29 - [TEST_STEP][PASSED] - if (myKey != "dummy"): null

27-02-2025T17:32:29 - [TEST_STEP][PASSED] - println(outText): null

27-02-2025T17:32:29 - [TEST_STEP][PASSED] - outFile.append(outText + "
"): null

27-02-2025T17:32:29 - [TEST_STEP][PASSED] - myKey = key: null

27-02-2025T17:32:29 - [TEST_STEP][PASSED] - myValue = value: null

27-02-2025T17:32:29 - [TEST_STEP][PASSED] - println("myKey is " + myKey): null

27-02-2025T17:32:29 - [TEST_STEP][PASSED] - println("myValue is " + myValue): null

27-02-2025T17:32:29 - [TEST_STEP][PASSED] - if (myKey != "dummy"): null

27-02-2025T17:32:29 - [TEST_STEP][PASSED] - tObj = testObjectFolder + myValue: null

27-02-2025T17:32:29 - [TEST_STEP][PASSED] - click(tObj): null

27-02-2025T17:32:29 - [TEST_STEP][PASSED] - scrollToObject(object): null

27-02-2025T17:32:29 - [TEST_STEP][PASSED] - println("Converting " + object + " to web element"): null

27-02-2025T17:32:29 - [TEST_STEP][PASSED] - element = findWebElement(findTestObject(object), 1): null

27-02-2025T17:32:29 - [TEST_STEP][PASSED] - loc = element.getLocation(): null

27-02-2025T17:32:29 - [TEST_STEP][PASSED] - x = loc.getX(): null

27-02-2025T17:32:29 - [TEST_STEP][PASSED] - if (x >= 560): null

27-02-2025T17:32:29 - [TEST_STEP][PASSED] - y = loc.getY(): null

27-02-2025T17:32:29 - [TEST_STEP][PASSED] - println("Y location is " + y): null

27-02-2025T17:32:29 - [TEST_STEP][PASSED] - top = getViewportTopPosition(): Current viewport's top (y) position is 926

27-02-2025T17:32:29 - [MESSAGE][PASSED] - Current viewport's top (y) position is 926

27-02-2025T17:32:29 - [TEST_STEP][PASSED] - println("Viewport top is " + top): null

27-02-2025T17:32:29 - [TEST_STEP][PASSED] - bottom = top + 600: null

27-02-2025T17:32:29 - [TEST_STEP][PASSED] - if (y - top < 150 || bottom - y < 10): null

27-02-2025T17:32:29 - [TEST_STEP][PASSED] - click(findTestObject(object)): null

27-02-2025T17:32:29 - [MESSAGE][PASSED] - Object: 'Object Repository/Journey Candidate Profile/Tabs/Contact Info/img_Terms and Conditions_field-tooltip' is clicked on

27-02-2025T17:32:29 - [TEST_STEP][PASSED] - delay(1): Delayed 1 second(s)

27-02-2025T17:32:31 - [MESSAGE][PASSED] - Delayed 1 second(s)

27-02-2025T17:32:31 - [TEST_STEP][PASSED] - myImage = tooltipImagePath + myKey + ".png": null

27-02-2025T17:32:31 - [TEST_STEP][PASSED] - f = new java.io.File(myImage): null

27-02-2025T17:32:31 - [TEST_STEP][PASSED] - if (f.exists()): null

27-02-2025T17:32:31 - [TEST_STEP][PASSED] - println("Looking for " + myImage): null

27-02-2025T17:32:31 - [TEST_STEP][PASSED] - icn = Pattern(myImage).similar(0.10): null

27-02-2025T17:32:31 - [TEST_STEP][PASSED] - found = s.exists(icn): null

27-02-2025T17:32:31 - [TEST_STEP][PASSED] - println(found): null

27-02-2025T17:32:31 - [TEST_STEP][PASSED] - if (found != null): null

27-02-2025T17:32:31 - [TEST_STEP][PASSED] - foundStr = found.toString(): null

27-02-2025T17:32:31 - [TEST_STEP][PASSED] - matchP = foundStr.indexOf("%"): null

27-02-2025T17:32:31 - [TEST_STEP][PASSED] - if (matchP >= 0): null

27-02-2025T17:32:31 - [TEST_STEP][PASSED] - println(matchP): null

27-02-2025T17:32:31 - [TEST_STEP][PASSED] - pct = foundStr.substring(matchP + 1, matchP + 6): null

27-02-2025T17:32:31 - [TEST_STEP][PASSED] - pctF = pct.toFloat(): null

27-02-2025T17:32:31 - [TEST_STEP][PASSED] - outText = "+++ Tooltip match value for " + myKey + " is " + pctF + "%": null

27-02-2025T17:32:31 - [TEST_STEP][PASSED] - min = 80: null

27-02-2025T17:32:31 - [TEST_STEP][PASSED] - if (pctF.toFloat() < min.toFloat()): null

27-02-2025T17:32:31 - [TEST_STEP][PASSED] - if (myKey != "dummy"): null

27-02-2025T17:32:31 - [TEST_STEP][PASSED] - println(outText): null

27-02-2025T17:32:31 - [TEST_STEP][PASSED] - outFile.append(outText + "
"): null

27-02-2025T17:32:31 - [TEST_STEP][PASSED] - outText = "Verifying the tooltip text on the page is what was expected.
": null

27-02-2025T17:32:31 - [TEST_STEP][PASSED] - println(tooltipTextMap): null

27-02-2025T17:32:31 - [TEST_STEP][PASSED] - outFile.append(outText): null

27-02-2025T17:32:31 - [TEST_STEP][PASSED] - for (def it : tooltipText): null

27-02-2025T17:32:31 - [TEST_STEP][PASSED] - println(it): null

27-02-2025T17:32:31 - [TEST_STEP][PASSED] - myKey = key: null

27-02-2025T17:32:31 - [TEST_STEP][PASSED] - myText = value.replace(""", ""): null

27-02-2025T17:32:31 - [TEST_STEP][PASSED] - myText = myText.trim(): null

27-02-2025T17:32:31 - [TEST_STEP][PASSED] - println(myKey): null

27-02-2025T17:32:31 - [TEST_STEP][PASSED] - println(myText): null

27-02-2025T17:32:31 - [TEST_STEP][PASSED] - println(tooltipTextMap.get(myKey)): null

27-02-2025T17:32:31 - [TEST_STEP][PASSED] - actualText = get(myKey).replace(""", ""): null

27-02-2025T17:32:31 - [TEST_STEP][PASSED] - actualText = actualText.trim(): null

27-02-2025T17:32:31 - [TEST_STEP][PASSED] - println(myKey + ":" + actualText): null

27-02-2025T17:32:31 - [TEST_STEP][PASSED] - if (actualText != myText): null

27-02-2025T17:32:31 - [TEST_STEP][PASSED] - println(it): null

27-02-2025T17:32:31 - [TEST_STEP][PASSED] - myKey = key: null

27-02-2025T17:32:31 - [TEST_STEP][PASSED] - myText = value.replace(""", ""): null

27-02-2025T17:32:31 - [TEST_STEP][PASSED] - myText = myText.trim(): null

27-02-2025T17:32:31 - [TEST_STEP][PASSED] - println(myKey): null

27-02-2025T17:32:31 - [TEST_STEP][PASSED] - println(myText): null

27-02-2025T17:32:31 - [TEST_STEP][PASSED] - println(tooltipTextMap.get(myKey)): null

27-02-2025T17:32:31 - [TEST_STEP][PASSED] - actualText = get(myKey).replace(""", ""): null

27-02-2025T17:32:31 - [TEST_STEP][PASSED] - actualText = actualText.trim(): null

27-02-2025T17:32:31 - [TEST_STEP][PASSED] - println(myKey + ":" + actualText): null

27-02-2025T17:32:31 - [TEST_STEP][PASSED] - if (actualText != myText): null

27-02-2025T17:32:31 - [TEST_STEP][PASSED] - println(it): null

27-02-2025T17:32:31 - [TEST_STEP][PASSED] - myKey = key: null

27-02-2025T17:32:31 - [TEST_STEP][PASSED] - myText = value.replace(""", ""): null

27-02-2025T17:32:31 - [TEST_STEP][PASSED] - myText = myText.trim(): null

27-02-2025T17:32:31 - [TEST_STEP][PASSED] - println(myKey): null

27-02-2025T17:32:31 - [TEST_STEP][PASSED] - println(myText): null

27-02-2025T17:32:31 - [TEST_STEP][PASSED] - println(tooltipTextMap.get(myKey)): null

27-02-2025T17:32:31 - [TEST_STEP][PASSED] - actualText = get(myKey).replace(""", ""): null

27-02-2025T17:32:31 - [TEST_STEP][PASSED] - actualText = actualText.trim(): null

27-02-2025T17:32:31 - [TEST_STEP][PASSED] - println(myKey + ":" + actualText): null

27-02-2025T17:32:31 - [TEST_STEP][PASSED] - if (actualText != myText): null

27-02-2025T17:32:31 - [TEST_STEP][PASSED] - println(it): null

27-02-2025T17:32:31 - [TEST_STEP][PASSED] - myKey = key: null

27-02-2025T17:32:31 - [TEST_STEP][PASSED] - myText = value.replace(""", ""): null

27-02-2025T17:32:31 - [TEST_STEP][PASSED] - myText = myText.trim(): null

27-02-2025T17:32:31 - [TEST_STEP][PASSED] - println(myKey): null

27-02-2025T17:32:31 - [TEST_STEP][PASSED] - println(myText): null

27-02-2025T17:32:31 - [TEST_STEP][PASSED] - println(tooltipTextMap.get(myKey)): null

27-02-2025T17:32:31 - [TEST_STEP][PASSED] - actualText = get(myKey).replace(""", ""): null

27-02-2025T17:32:31 - [TEST_STEP][PASSED] - actualText = actualText.trim(): null

27-02-2025T17:32:31 - [TEST_STEP][PASSED] - println(myKey + ":" + actualText): null

27-02-2025T17:32:31 - [TEST_STEP][PASSED] - if (actualText != myText): null

27-02-2025T17:32:31 - [TEST_STEP][PASSED] - println(it): null

27-02-2025T17:32:31 - [TEST_STEP][PASSED] - myKey = key: null

27-02-2025T17:32:31 - [TEST_STEP][PASSED] - myText = value.replace(""", ""): null

27-02-2025T17:32:31 - [TEST_STEP][PASSED] - myText = myText.trim(): null

27-02-2025T17:32:31 - [TEST_STEP][PASSED] - println(myKey): null

27-02-2025T17:32:31 - [TEST_STEP][PASSED] - println(myText): null

27-02-2025T17:32:31 - [TEST_STEP][PASSED] - println(tooltipTextMap.get(myKey)): null

27-02-2025T17:32:31 - [TEST_STEP][PASSED] - actualText = get(myKey).replace(""", ""): null

27-02-2025T17:32:31 - [TEST_STEP][PASSED] - actualText = actualText.trim(): null

27-02-2025T17:32:31 - [TEST_STEP][PASSED] - println(myKey + ":" + actualText): null

27-02-2025T17:32:31 - [TEST_STEP][PASSED] - if (actualText != myText): null

27-02-2025T17:32:31 - [TEST_STEP][PASSED] - println(it): null

27-02-2025T17:32:31 - [TEST_STEP][PASSED] - myKey = key: null

27-02-2025T17:32:31 - [TEST_STEP][PASSED] - myText = value.replace(""", ""): null

27-02-2025T17:32:31 - [TEST_STEP][PASSED] - myText = myText.trim(): null

27-02-2025T17:32:31 - [TEST_STEP][PASSED] - println(myKey): null

27-02-2025T17:32:31 - [TEST_STEP][PASSED] - println(myText): null

27-02-2025T17:32:31 - [TEST_STEP][PASSED] - println(tooltipTextMap.get(myKey)): null

27-02-2025T17:32:31 - [TEST_STEP][PASSED] - actualText = get(myKey).replace(""", ""): null

27-02-2025T17:32:31 - [TEST_STEP][PASSED] - actualText = actualText.trim(): null

27-02-2025T17:32:31 - [TEST_STEP][PASSED] - println(myKey + ":" + actualText): null

27-02-2025T17:32:31 - [TEST_STEP][PASSED] - if (actualText != myText): null

27-02-2025T17:32:31 - [TEST_STEP][PASSED] - println(it): null

27-02-2025T17:32:31 - [TEST_STEP][PASSED] - myKey = key: null

27-02-2025T17:32:31 - [TEST_STEP][PASSED] - myText = value.replace(""", ""): null

27-02-2025T17:32:31 - [TEST_STEP][PASSED] - myText = myText.trim(): null

27-02-2025T17:32:31 - [TEST_STEP][PASSED] - println(myKey): null

27-02-2025T17:32:31 - [TEST_STEP][PASSED] - println(myText): null

27-02-2025T17:32:31 - [TEST_STEP][PASSED] - println(tooltipTextMap.get(myKey)): null

27-02-2025T17:32:31 - [TEST_STEP][PASSED] - actualText = get(myKey).replace(""", ""): null

27-02-2025T17:32:31 - [TEST_STEP][PASSED] - actualText = actualText.trim(): null

27-02-2025T17:32:31 - [TEST_STEP][PASSED] - println(myKey + ":" + actualText): null

27-02-2025T17:32:31 - [TEST_STEP][PASSED] - if (actualText != myText): null

27-02-2025T17:32:31 - [MESSAGE][PASSED] - Call Test Case 'Test Cases/_Functions/Test Tooltips' successfully

27-02-2025T17:32:31 - [TEST_STEP][PASSED] - outText = "Verifying the required field messages.
": null

27-02-2025T17:32:31 - [TEST_STEP][PASSED] - outFile.append(outText): null

27-02-2025T17:32:31 - [TEST_STEP][PASSED] - fieldList = []: null

27-02-2025T17:32:31 - [TEST_STEP][PASSED] - requiredFieldMsgs.each({ -> ... }): null

27-02-2025T17:32:31 - [TEST_STEP][PASSED] - callTestCase(findTestCase("_Functions/Test Field Error Messages"), ["varFieldList":fieldList, "varRequiredFieldMsgs":requiredFieldMsgs], STOP_ON_FAILURE): Call Test Case 'Test Cases/_Functions/Test Field Error Messages' successfully

27-02-2025T17:32:31 - [TEST_CASE][PASSED] - Test Cases/_Functions/Test Field Error Messages: Test Cases/_Functions/Test Field Error Messages

27-02-2025T17:32:31 - [TEST_STEP][PASSED] - count = callTestCase(findTestCase("_Functions/Find error messages"), ["varFunction":"count"], STOP_ON_FAILURE): Call Test Case 'Test Cases/_Functions/Find error messages' successfully

27-02-2025T17:32:31 - [TEST_CASE][PASSED] - Test Cases/_Functions/Find error messages: Test Cases/_Functions/Find error messages

27-02-2025T17:32:31 - [TEST_STEP][PASSED] - function = "count": null

27-02-2025T17:32:31 - [TEST_STEP][PASSED] - if (binding.hasVariable("varFunction")): null

27-02-2025T17:32:31 - [TEST_STEP][PASSED] - function = varFunction: null

27-02-2025T17:32:31 - [TEST_STEP][PASSED] - title = getWindowTitle(): Current window's title is: 'Journey'

27-02-2025T17:32:31 - [MESSAGE][PASSED] - Current window's title is: 'Journey'

27-02-2025T17:32:31 - [TEST_STEP][PASSED] - println("Page title is " + title): null

27-02-2025T17:32:31 - [TEST_STEP][PASSED] - driver = getWebDriver(): null

27-02-2025T17:32:31 - [TEST_STEP][PASSED] - elements = driver.findElements(By.xpath("//div[@class='col-sm-offset-3 col-sm-9 text-danger']")): null

27-02-2025T17:32:31 - [TEST_STEP][PASSED] - if (function == "count"): null

27-02-2025T17:32:31 - [TEST_STEP][PASSED] - return elements.size(): null

27-02-2025T17:32:31 - [MESSAGE][PASSED] - Call Test Case 'Test Cases/_Functions/Find error messages' successfully

27-02-2025T17:32:31 - [TEST_STEP][PASSED] - outFile = outFile: null

27-02-2025T17:32:31 - [TEST_STEP][PASSED] - if (count == 0): null

27-02-2025T17:32:31 - [TEST_STEP][PASSED] - else: Delayed 0 second(s)

27-02-2025T17:32:31 - [TEST_STEP][PASSED] - fieldList = varFieldList: null

27-02-2025T17:32:31 - [TEST_STEP][PASSED] - requiredFieldMsgs = varRequiredFieldMsgs: null

27-02-2025T17:32:31 - [TEST_STEP][PASSED] - outText = "Verifying error messages for fields " + fieldList: null

27-02-2025T17:32:31 - [TEST_STEP][PASSED] - for (def field : fieldList): null

27-02-2025T17:32:31 - [TEST_STEP][PASSED] - errorMsg = requiredFieldMsgs.get(field): null

27-02-2025T17:32:31 - [TEST_STEP][PASSED] - msg = verifyTextPresent(errorMsg, false, OPTIONAL): Text 'The gender field is required.' is present on page 

27-02-2025T17:32:31 - [MESSAGE][PASSED] - Text 'The gender field is required.' is present on page 

27-02-2025T17:32:31 - [TEST_STEP][PASSED] - println(field + ":" + msg): null

27-02-2025T17:32:31 - [TEST_STEP][PASSED] - if (!(msg)): null

27-02-2025T17:32:31 - [TEST_STEP][PASSED] - errorMsg = requiredFieldMsgs.get(field): null

27-02-2025T17:32:31 - [TEST_STEP][PASSED] - msg = verifyTextPresent(errorMsg, false, OPTIONAL): Text 'The state field is required.' is present on page 

27-02-2025T17:32:31 - [MESSAGE][PASSED] - Text 'The state field is required.' is present on page 

27-02-2025T17:32:31 - [TEST_STEP][PASSED] - println(field + ":" + msg): null

27-02-2025T17:32:31 - [TEST_STEP][PASSED] - if (!(msg)): null

27-02-2025T17:32:31 - [TEST_STEP][PASSED] - errorMsg = requiredFieldMsgs.get(field): null

27-02-2025T17:32:31 - [TEST_STEP][PASSED] - msg = verifyTextPresent(errorMsg, false, OPTIONAL): Text 'The citizenship country field is required.' is present on page 

27-02-2025T17:32:31 - [MESSAGE][PASSED] - Text 'The citizenship country field is required.' is present on page 

27-02-2025T17:32:31 - [TEST_STEP][PASSED] - println(field + ":" + msg): null

27-02-2025T17:32:31 - [TEST_STEP][PASSED] - if (!(msg)): null

27-02-2025T17:32:31 - [TEST_STEP][PASSED] - errorMsg = requiredFieldMsgs.get(field): null

27-02-2025T17:32:31 - [TEST_STEP][PASSED] - msg = verifyTextPresent(errorMsg, false, OPTIONAL): Text 'The birth year field is required.' is present on page 

27-02-2025T17:32:31 - [MESSAGE][PASSED] - Text 'The birth year field is required.' is present on page 

27-02-2025T17:32:31 - [TEST_STEP][PASSED] - println(field + ":" + msg): null

27-02-2025T17:32:31 - [TEST_STEP][PASSED] - if (!(msg)): null

27-02-2025T17:32:31 - [TEST_STEP][PASSED] - delay(fieldTestDelay): Delayed 0 second(s)

27-02-2025T17:32:31 - [MESSAGE][PASSED] - Delayed 0 second(s)

27-02-2025T17:32:31 - [MESSAGE][PASSED] - Call Test Case 'Test Cases/_Functions/Test Field Error Messages' successfully

27-02-2025T17:32:31 - [TEST_STEP][PASSED] - if (varGender == "Male"): null

27-02-2025T17:32:31 - [TEST_STEP][PASSED] - object = "Object Repository/Journey Candidate Profile/Tabs/Contact Info/radio_Male": null

27-02-2025T17:32:31 - [TEST_STEP][PASSED] - callTestCase(findTestCase("_Functions/Perform Action"), ["varAction":"click", "varObject":object], STOP_ON_FAILURE): Call Test Case 'Test Cases/_Functions/Perform Action' successfully

27-02-2025T17:32:31 - [TEST_CASE][PASSED] - Test Cases/_Functions/Perform Action: Test Cases/_Functions/Perform Action

27-02-2025T17:32:31 - [TEST_STEP][PASSED] - action = varAction: null

27-02-2025T17:32:31 - [TEST_STEP][PASSED] - println(action): null

27-02-2025T17:32:31 - [TEST_STEP][PASSED] - testObject = varObject: null

27-02-2025T17:32:31 - [TEST_STEP][PASSED] - println(testObject): null

27-02-2025T17:32:31 - [TEST_STEP][PASSED] - parm1 = varParm1: null

27-02-2025T17:32:31 - [TEST_STEP][PASSED] - println(parm1): null

27-02-2025T17:32:31 - [TEST_STEP][PASSED] - println("Converting " + testObject + " to web element"): null

27-02-2025T17:32:31 - [TEST_STEP][PASSED] - element = findWebElement(findTestObject(testObject), 1): null

27-02-2025T17:32:31 - [TEST_STEP][PASSED] - loc = element.getLocation(): null

27-02-2025T17:32:31 - [TEST_STEP][PASSED] - y = loc.getY(): null

27-02-2025T17:32:31 - [TEST_STEP][PASSED] - println("Y location is " + y): null

27-02-2025T17:32:31 - [TEST_STEP][PASSED] - top = getViewportTopPosition(): Current viewport's top (y) position is 926

27-02-2025T17:32:31 - [MESSAGE][PASSED] - Current viewport's top (y) position is 926

27-02-2025T17:32:31 - [TEST_STEP][PASSED] - println("Viewport top is " + top): null

27-02-2025T17:32:31 - [TEST_STEP][PASSED] - bottom = top + 600: null

27-02-2025T17:32:31 - [TEST_STEP][PASSED] - if (y - top < 150 || bottom - y < 10): Delayed 1 second(s)

27-02-2025T17:32:31 - [TEST_STEP][PASSED] - scrollToPosition(0, y - 150): Browser is scrolled to position x = 0, y = 557

27-02-2025T17:32:31 - [MESSAGE][PASSED] - Browser is scrolled to position x = 0, y = 557

27-02-2025T17:32:31 - [TEST_STEP][PASSED] - delay(1): Delayed 1 second(s)

27-02-2025T17:32:32 - [MESSAGE][PASSED] - Delayed 1 second(s)

27-02-2025T17:32:32 - [TEST_STEP][PASSED] - if (action == "click"): Object: 'Object Repository/Journey Candidate Profile/Tabs/Contact Info/radio_Male' is clicked on

27-02-2025T17:32:32 - [TEST_STEP][PASSED] - println("clicking"): null

27-02-2025T17:32:32 - [TEST_STEP][PASSED] - click(findTestObject(testObject)): Object: 'Object Repository/Journey Candidate Profile/Tabs/Contact Info/radio_Male' is clicked on

27-02-2025T17:32:32 - [MESSAGE][PASSED] - Object: 'Object Repository/Journey Candidate Profile/Tabs/Contact Info/radio_Male' is clicked on

27-02-2025T17:32:32 - [MESSAGE][PASSED] - Call Test Case 'Test Cases/_Functions/Perform Action' successfully

27-02-2025T17:32:32 - [TEST_STEP][PASSED] - if (varState != null): Call Test Case 'Test Cases/_Functions/Perform Action' successfully

27-02-2025T17:32:32 - [TEST_STEP][PASSED] - object = "Object Repository/Journey Candidate Profile/Tabs/Contact Info/select_State": null

27-02-2025T17:32:32 - [TEST_STEP][PASSED] - callTestCase(findTestCase("_Functions/Perform Action"), ["varAction":"selectOptionByValue", "varObject":object, "varParm1":varState], STOP_ON_FAILURE): Call Test Case 'Test Cases/_Functions/Perform Action' successfully

27-02-2025T17:32:32 - [TEST_CASE][PASSED] - Test Cases/_Functions/Perform Action: Test Cases/_Functions/Perform Action

27-02-2025T17:32:32 - [TEST_STEP][PASSED] - action = varAction: null

27-02-2025T17:32:32 - [TEST_STEP][PASSED] - println(action): null

27-02-2025T17:32:32 - [TEST_STEP][PASSED] - testObject = varObject: null

27-02-2025T17:32:32 - [TEST_STEP][PASSED] - println(testObject): null

27-02-2025T17:32:32 - [TEST_STEP][PASSED] - parm1 = varParm1: null

27-02-2025T17:32:32 - [TEST_STEP][PASSED] - println(parm1): null

27-02-2025T17:32:32 - [TEST_STEP][PASSED] - println("Converting " + testObject + " to web element"): null

27-02-2025T17:32:32 - [TEST_STEP][PASSED] - element = findWebElement(findTestObject(testObject), 1): null

27-02-2025T17:32:32 - [TEST_STEP][PASSED] - loc = element.getLocation(): null

27-02-2025T17:32:32 - [TEST_STEP][PASSED] - y = loc.getY(): null

27-02-2025T17:32:32 - [TEST_STEP][PASSED] - println("Y location is " + y): null

27-02-2025T17:32:32 - [TEST_STEP][PASSED] - top = getViewportTopPosition(): Current viewport's top (y) position is 557

27-02-2025T17:32:32 - [MESSAGE][PASSED] - Current viewport's top (y) position is 557

27-02-2025T17:32:32 - [TEST_STEP][PASSED] - println("Viewport top is " + top): null

27-02-2025T17:32:32 - [TEST_STEP][PASSED] - bottom = top + 600: null

27-02-2025T17:32:32 - [TEST_STEP][PASSED] - if (y - top < 150 || bottom - y < 10): null

27-02-2025T17:32:32 - [TEST_STEP][PASSED] - if (action == "click"): null

27-02-2025T17:32:32 - [TEST_STEP][PASSED] - else if (action == "selectOptionByValue"): All options with value 'Minnesota' are selected in object 'Object Repository/Journey Candidate Profile/Tabs/Contact Info/select_State' 

27-02-2025T17:32:32 - [TEST_STEP][PASSED] - println("Selecting " + parm1): null

27-02-2025T17:32:32 - [TEST_STEP][PASSED] - selectOptionByValue(findTestObject(testObject), parm1, false): All options with value 'Minnesota' are selected in object 'Object Repository/Journey Candidate Profile/Tabs/Contact Info/select_State' 

27-02-2025T17:32:32 - [MESSAGE][PASSED] - All options with value 'Minnesota' are selected in object 'Object Repository/Journey Candidate Profile/Tabs/Contact Info/select_State' 

27-02-2025T17:32:32 - [MESSAGE][PASSED] - Call Test Case 'Test Cases/_Functions/Perform Action' successfully

27-02-2025T17:32:32 - [TEST_STEP][PASSED] - if (varCountry != null): Call Test Case 'Test Cases/_Functions/Perform Action' successfully

27-02-2025T17:32:32 - [TEST_STEP][PASSED] - object = "Object Repository/Journey Candidate Profile/Tabs/Contact Info/select_Country": null

27-02-2025T17:32:32 - [TEST_STEP][PASSED] - callTestCase(findTestCase("_Functions/Perform Action"), ["varAction":"selectOptionByValue", "varObject":object, "varParm1":varCountry], STOP_ON_FAILURE): Call Test Case 'Test Cases/_Functions/Perform Action' successfully

27-02-2025T17:32:32 - [TEST_CASE][PASSED] - Test Cases/_Functions/Perform Action: Test Cases/_Functions/Perform Action

27-02-2025T17:32:32 - [TEST_STEP][PASSED] - action = varAction: null

27-02-2025T17:32:32 - [TEST_STEP][PASSED] - println(action): null

27-02-2025T17:32:32 - [TEST_STEP][PASSED] - testObject = varObject: null

27-02-2025T17:32:32 - [TEST_STEP][PASSED] - println(testObject): null

27-02-2025T17:32:32 - [TEST_STEP][PASSED] - parm1 = varParm1: null

27-02-2025T17:32:32 - [TEST_STEP][PASSED] - println(parm1): null

27-02-2025T17:32:32 - [TEST_STEP][PASSED] - println("Converting " + testObject + " to web element"): null

27-02-2025T17:32:32 - [TEST_STEP][PASSED] - element = findWebElement(findTestObject(testObject), 1): null

27-02-2025T17:32:32 - [TEST_STEP][PASSED] - loc = element.getLocation(): null

27-02-2025T17:32:32 - [TEST_STEP][PASSED] - y = loc.getY(): null

27-02-2025T17:32:32 - [TEST_STEP][PASSED] - println("Y location is " + y): null

27-02-2025T17:32:32 - [TEST_STEP][PASSED] - top = getViewportTopPosition(): Current viewport's top (y) position is 557

27-02-2025T17:32:32 - [MESSAGE][PASSED] - Current viewport's top (y) position is 557

27-02-2025T17:32:32 - [TEST_STEP][PASSED] - println("Viewport top is " + top): null

27-02-2025T17:32:32 - [TEST_STEP][PASSED] - bottom = top + 600: null

27-02-2025T17:32:32 - [TEST_STEP][PASSED] - if (y - top < 150 || bottom - y < 10): null

27-02-2025T17:32:32 - [TEST_STEP][PASSED] - if (action == "click"): null

27-02-2025T17:32:32 - [TEST_STEP][PASSED] - else if (action == "selectOptionByValue"): All options with value 'United States' are selected in object 'Object Repository/Journey Candidate Profile/Tabs/Contact Info/select_Country' 

27-02-2025T17:32:32 - [TEST_STEP][PASSED] - println("Selecting " + parm1): null

27-02-2025T17:32:32 - [TEST_STEP][PASSED] - selectOptionByValue(findTestObject(testObject), parm1, false): All options with value 'United States' are selected in object 'Object Repository/Journey Candidate Profile/Tabs/Contact Info/select_Country' 

27-02-2025T17:32:32 - [MESSAGE][PASSED] - All options with value 'United States' are selected in object 'Object Repository/Journey Candidate Profile/Tabs/Contact Info/select_Country' 

27-02-2025T17:32:32 - [MESSAGE][PASSED] - Call Test Case 'Test Cases/_Functions/Perform Action' successfully

27-02-2025T17:32:32 - [TEST_STEP][PASSED] - if (varCountry_of_Citizenship != null): Call Test Case 'Test Cases/_Functions/Perform Action' successfully

27-02-2025T17:32:32 - [TEST_STEP][PASSED] - object = "Object Repository/Journey Candidate Profile/Tabs/Contact Info/select_Country_of_Citizenship": null

27-02-2025T17:32:32 - [TEST_STEP][PASSED] - callTestCase(findTestCase("_Functions/Perform Action"), ["varAction":"selectOptionByValue", "varObject":object, "varParm1":varCountry_of_Citizenship], STOP_ON_FAILURE): Call Test Case 'Test Cases/_Functions/Perform Action' successfully

27-02-2025T17:32:33 - [TEST_CASE][PASSED] - Test Cases/_Functions/Perform Action: Test Cases/_Functions/Perform Action

27-02-2025T17:32:33 - [TEST_STEP][PASSED] - action = varAction: null

27-02-2025T17:32:33 - [TEST_STEP][PASSED] - println(action): null

27-02-2025T17:32:33 - [TEST_STEP][PASSED] - testObject = varObject: null

27-02-2025T17:32:33 - [TEST_STEP][PASSED] - println(testObject): null

27-02-2025T17:32:33 - [TEST_STEP][PASSED] - parm1 = varParm1: null

27-02-2025T17:32:33 - [TEST_STEP][PASSED] - println(parm1): null

27-02-2025T17:32:33 - [TEST_STEP][PASSED] - println("Converting " + testObject + " to web element"): null

27-02-2025T17:32:33 - [TEST_STEP][PASSED] - element = findWebElement(findTestObject(testObject), 1): null

27-02-2025T17:32:33 - [TEST_STEP][PASSED] - loc = element.getLocation(): null

27-02-2025T17:32:33 - [TEST_STEP][PASSED] - y = loc.getY(): null

27-02-2025T17:32:33 - [TEST_STEP][PASSED] - println("Y location is " + y): null

27-02-2025T17:32:33 - [TEST_STEP][PASSED] - top = getViewportTopPosition(): Current viewport's top (y) position is 557

27-02-2025T17:32:33 - [MESSAGE][PASSED] - Current viewport's top (y) position is 557

27-02-2025T17:32:33 - [TEST_STEP][PASSED] - println("Viewport top is " + top): null

27-02-2025T17:32:33 - [TEST_STEP][PASSED] - bottom = top + 600: null

27-02-2025T17:32:33 - [TEST_STEP][PASSED] - if (y - top < 150 || bottom - y < 10): null

27-02-2025T17:32:33 - [TEST_STEP][PASSED] - if (action == "click"): null

27-02-2025T17:32:33 - [TEST_STEP][PASSED] - else if (action == "selectOptionByValue"): All options with value 'United States' are selected in object 'Object Repository/Journey Candidate Profile/Tabs/Contact Info/select_Country_of_Citizenship' 

27-02-2025T17:32:33 - [TEST_STEP][PASSED] - println("Selecting " + parm1): null

27-02-2025T17:32:33 - [TEST_STEP][PASSED] - selectOptionByValue(findTestObject(testObject), parm1, false): All options with value 'United States' are selected in object 'Object Repository/Journey Candidate Profile/Tabs/Contact Info/select_Country_of_Citizenship' 

27-02-2025T17:32:33 - [MESSAGE][PASSED] - All options with value 'United States' are selected in object 'Object Repository/Journey Candidate Profile/Tabs/Contact Info/select_Country_of_Citizenship' 

27-02-2025T17:32:33 - [MESSAGE][PASSED] - Call Test Case 'Test Cases/_Functions/Perform Action' successfully

27-02-2025T17:32:33 - [TEST_STEP][PASSED] - if (varBirth_year != null): Call Test Case 'Test Cases/_Functions/Perform Action' successfully

27-02-2025T17:32:33 - [TEST_STEP][PASSED] - object = "Object Repository/Journey Candidate Profile/Tabs/Contact Info/input_Birth Year": null

27-02-2025T17:32:33 - [TEST_STEP][PASSED] - callTestCase(findTestCase("_Functions/Perform Action"), ["varAction":"setText", "varObject":object, "varParm1":varBirth_year], STOP_ON_FAILURE): Call Test Case 'Test Cases/_Functions/Perform Action' successfully

27-02-2025T17:32:33 - [TEST_CASE][PASSED] - Test Cases/_Functions/Perform Action: Test Cases/_Functions/Perform Action

27-02-2025T17:32:33 - [TEST_STEP][PASSED] - action = varAction: null

27-02-2025T17:32:33 - [TEST_STEP][PASSED] - println(action): null

27-02-2025T17:32:33 - [TEST_STEP][PASSED] - testObject = varObject: null

27-02-2025T17:32:33 - [TEST_STEP][PASSED] - println(testObject): null

27-02-2025T17:32:33 - [TEST_STEP][PASSED] - parm1 = varParm1: null

27-02-2025T17:32:33 - [TEST_STEP][PASSED] - println(parm1): null

27-02-2025T17:32:33 - [TEST_STEP][PASSED] - println("Converting " + testObject + " to web element"): null

27-02-2025T17:32:33 - [TEST_STEP][PASSED] - element = findWebElement(findTestObject(testObject), 1): null

27-02-2025T17:32:33 - [TEST_STEP][PASSED] - loc = element.getLocation(): null

27-02-2025T17:32:33 - [TEST_STEP][PASSED] - y = loc.getY(): null

27-02-2025T17:32:33 - [TEST_STEP][PASSED] - println("Y location is " + y): null

27-02-2025T17:32:33 - [TEST_STEP][PASSED] - top = getViewportTopPosition(): Current viewport's top (y) position is 557

27-02-2025T17:32:33 - [MESSAGE][PASSED] - Current viewport's top (y) position is 557

27-02-2025T17:32:33 - [TEST_STEP][PASSED] - println("Viewport top is " + top): null

27-02-2025T17:32:33 - [TEST_STEP][PASSED] - bottom = top + 600: null

27-02-2025T17:32:33 - [TEST_STEP][PASSED] - if (y - top < 150 || bottom - y < 10): Delayed 1 second(s)

27-02-2025T17:32:33 - [TEST_STEP][PASSED] - scrollToPosition(0, y - 150): Browser is scrolled to position x = 0, y = 1062

27-02-2025T17:32:33 - [MESSAGE][PASSED] - Browser is scrolled to position x = 0, y = 1062

27-02-2025T17:32:33 - [TEST_STEP][PASSED] - delay(1): Delayed 1 second(s)

27-02-2025T17:32:34 - [MESSAGE][PASSED] - Delayed 1 second(s)

27-02-2025T17:32:34 - [TEST_STEP][PASSED] - if (action == "click"): null

27-02-2025T17:32:34 - [TEST_STEP][PASSED] - else if (action == "selectOptionByValue"): null

27-02-2025T17:32:34 - [TEST_STEP][PASSED] - else if (action == "setText"): Text '1949' is set on object 'Object Repository/Journey Candidate Profile/Tabs/Contact Info/input_Birth Year'

27-02-2025T17:32:34 - [TEST_STEP][PASSED] - println("Setting text " + parm1): null

27-02-2025T17:32:34 - [TEST_STEP][PASSED] - setText(findTestObject(testObject), parm1): Text '1949' is set on object 'Object Repository/Journey Candidate Profile/Tabs/Contact Info/input_Birth Year'

27-02-2025T17:32:34 - [MESSAGE][PASSED] - Text '1949' is set on object 'Object Repository/Journey Candidate Profile/Tabs/Contact Info/input_Birth Year'

27-02-2025T17:32:34 - [MESSAGE][PASSED] - Call Test Case 'Test Cases/_Functions/Perform Action' successfully

27-02-2025T17:32:34 - [TEST_STEP][PASSED] - if (varMarital_status != null): Call Test Case 'Test Cases/_Functions/Perform Action' successfully

27-02-2025T17:32:34 - [TEST_STEP][PASSED] - object = "Object Repository/Journey Candidate Profile/Tabs/Contact Info/select_Marital Status": null

27-02-2025T17:32:34 - [TEST_STEP][PASSED] - callTestCase(findTestCase("_Functions/Perform Action"), ["varAction":"selectOptionByValue", "varObject":object, "varParm1":varMarital_status], STOP_ON_FAILURE): Call Test Case 'Test Cases/_Functions/Perform Action' successfully

27-02-2025T17:32:34 - [TEST_CASE][PASSED] - Test Cases/_Functions/Perform Action: Test Cases/_Functions/Perform Action

27-02-2025T17:32:34 - [TEST_STEP][PASSED] - action = varAction: null

27-02-2025T17:32:34 - [TEST_STEP][PASSED] - println(action): null

27-02-2025T17:32:34 - [TEST_STEP][PASSED] - testObject = varObject: null

27-02-2025T17:32:34 - [TEST_STEP][PASSED] - println(testObject): null

27-02-2025T17:32:34 - [TEST_STEP][PASSED] - parm1 = varParm1: null

27-02-2025T17:32:34 - [TEST_STEP][PASSED] - println(parm1): null

27-02-2025T17:32:34 - [TEST_STEP][PASSED] - println("Converting " + testObject + " to web element"): null

27-02-2025T17:32:34 - [TEST_STEP][PASSED] - element = findWebElement(findTestObject(testObject), 1): null

27-02-2025T17:32:34 - [TEST_STEP][PASSED] - loc = element.getLocation(): null

27-02-2025T17:32:34 - [TEST_STEP][PASSED] - y = loc.getY(): null

27-02-2025T17:32:34 - [TEST_STEP][PASSED] - println("Y location is " + y): null

27-02-2025T17:32:34 - [TEST_STEP][PASSED] - top = getViewportTopPosition(): Current viewport's top (y) position is 1034

27-02-2025T17:32:34 - [MESSAGE][PASSED] - Current viewport's top (y) position is 1034

27-02-2025T17:32:34 - [TEST_STEP][PASSED] - println("Viewport top is " + top): null

27-02-2025T17:32:34 - [TEST_STEP][PASSED] - bottom = top + 600: null

27-02-2025T17:32:34 - [TEST_STEP][PASSED] - if (y - top < 150 || bottom - y < 10): null

27-02-2025T17:32:34 - [TEST_STEP][PASSED] - if (action == "click"): null

27-02-2025T17:32:34 - [TEST_STEP][PASSED] - else if (action == "selectOptionByValue"): All options with value 'Married' are selected in object 'Object Repository/Journey Candidate Profile/Tabs/Contact Info/select_Marital Status' 

27-02-2025T17:32:34 - [TEST_STEP][PASSED] - println("Selecting " + parm1): null

27-02-2025T17:32:34 - [TEST_STEP][PASSED] - selectOptionByValue(findTestObject(testObject), parm1, false): All options with value 'Married' are selected in object 'Object Repository/Journey Candidate Profile/Tabs/Contact Info/select_Marital Status' 

27-02-2025T17:32:34 - [MESSAGE][PASSED] - All options with value 'Married' are selected in object 'Object Repository/Journey Candidate Profile/Tabs/Contact Info/select_Marital Status' 

27-02-2025T17:32:34 - [MESSAGE][PASSED] - Call Test Case 'Test Cases/_Functions/Perform Action' successfully

27-02-2025T17:32:34 - [TEST_STEP][PASSED] - callTestCase(findTestCase("_Functions/Test External Links"), ["varPageLinks":pageLinks, "varObjectPath":"Object Repository/Journey Candidate Profile/Tabs/Contact Info/"], OPTIONAL): Call Test Case 'Test Cases/_Functions/Test External Links' successfully

27-02-2025T17:32:34 - [TEST_CASE][PASSED] - Test Cases/_Functions/Test External Links: Test Cases/_Functions/Test External Links

27-02-2025T17:32:34 - [TEST_STEP][PASSED] - if (fastPath): null

27-02-2025T17:32:34 - [TEST_STEP][PASSED] - outFile = outFile: null

27-02-2025T17:32:34 - [TEST_STEP][PASSED] - pageLinks = varPageLinks: null

27-02-2025T17:32:34 - [TEST_STEP][PASSED] - println(pageLinks): null

27-02-2025T17:32:34 - [TEST_STEP][PASSED] - objectPath = varObjectPath: null

27-02-2025T17:32:34 - [TEST_STEP][PASSED] - println(objectPath): null

27-02-2025T17:32:34 - [TEST_STEP][PASSED] - callingTab = varCallingTab: null

27-02-2025T17:32:34 - [TEST_STEP][PASSED] - println(callingTab): null

27-02-2025T17:32:34 - [TEST_STEP][PASSED] - driver = getWebDriver(): null

27-02-2025T17:32:34 - [TEST_STEP][PASSED] - for (def it : pageLinks): Delayed 1 second(s)

27-02-2025T17:32:34 - [TEST_STEP][PASSED] - myElement = "a_" + key: null

27-02-2025T17:32:34 - [TEST_STEP][PASSED] - myText = value: null

27-02-2025T17:32:34 - [TEST_STEP][PASSED] - object = objectPath + myElement: null

27-02-2025T17:32:34 - [TEST_STEP][PASSED] - println(object): null

27-02-2025T17:32:34 - [TEST_STEP][PASSED] - fromURL = getUrl(): Current window's url is: 'https://journey.missionnext.org/profile?requestUri=/dashboard'

27-02-2025T17:32:34 - [MESSAGE][PASSED] - Current window's url is: 'https://journey.missionnext.org/profile?requestUri=/dashboard'

27-02-2025T17:32:34 - [TEST_STEP][PASSED] - callTestCase(findTestCase("_Functions/Perform Action"), ["varAction":"click", "varObject":object], OPTIONAL): Call Test Case 'Test Cases/_Functions/Perform Action' successfully

27-02-2025T17:32:34 - [TEST_CASE][PASSED] - Test Cases/_Functions/Perform Action: Test Cases/_Functions/Perform Action

27-02-2025T17:32:34 - [TEST_STEP][PASSED] - action = varAction: null

27-02-2025T17:32:34 - [TEST_STEP][PASSED] - println(action): null

27-02-2025T17:32:34 - [TEST_STEP][PASSED] - testObject = varObject: null

27-02-2025T17:32:34 - [TEST_STEP][PASSED] - println(testObject): null

27-02-2025T17:32:34 - [TEST_STEP][PASSED] - parm1 = varParm1: null

27-02-2025T17:32:34 - [TEST_STEP][PASSED] - println(parm1): null

27-02-2025T17:32:34 - [TEST_STEP][PASSED] - println("Converting " + testObject + " to web element"): null

27-02-2025T17:32:34 - [TEST_STEP][PASSED] - element = findWebElement(findTestObject(testObject), 1): null

27-02-2025T17:32:34 - [TEST_STEP][PASSED] - loc = element.getLocation(): null

27-02-2025T17:32:34 - [TEST_STEP][PASSED] - y = loc.getY(): null

27-02-2025T17:32:34 - [TEST_STEP][PASSED] - println("Y location is " + y): null

27-02-2025T17:32:34 - [TEST_STEP][PASSED] - top = getViewportTopPosition(): Current viewport's top (y) position is 1034

27-02-2025T17:32:34 - [MESSAGE][PASSED] - Current viewport's top (y) position is 1034

27-02-2025T17:32:34 - [TEST_STEP][PASSED] - println("Viewport top is " + top): null

27-02-2025T17:32:34 - [TEST_STEP][PASSED] - bottom = top + 600: null

27-02-2025T17:32:34 - [TEST_STEP][PASSED] - if (y - top < 150 || bottom - y < 10): null

27-02-2025T17:32:34 - [TEST_STEP][PASSED] - if (action == "click"): Object: 'Object Repository/Journey Candidate Profile/Tabs/Contact Info/a_Terms and Conditions' is clicked on

27-02-2025T17:32:34 - [TEST_STEP][PASSED] - println("clicking"): null

27-02-2025T17:32:34 - [TEST_STEP][PASSED] - click(findTestObject(testObject)): Object: 'Object Repository/Journey Candidate Profile/Tabs/Contact Info/a_Terms and Conditions' is clicked on

27-02-2025T17:32:34 - [MESSAGE][PASSED] - Object: 'Object Repository/Journey Candidate Profile/Tabs/Contact Info/a_Terms and Conditions' is clicked on

27-02-2025T17:32:34 - [MESSAGE][PASSED] - Call Test Case 'Test Cases/_Functions/Perform Action' successfully

27-02-2025T17:32:34 - [TEST_STEP][PASSED] - toURL = getUrl(): Current window's url is: 'https://journey.missionnext.org/profile?requestUri=/dashboard'

27-02-2025T17:32:34 - [MESSAGE][PASSED] - Current window's url is: 'https://journey.missionnext.org/profile?requestUri=/dashboard'

27-02-2025T17:32:34 - [TEST_STEP][PASSED] - windowHandles = getWindowHandles().toArray(): null

27-02-2025T17:32:34 - [TEST_STEP][PASSED] - windowCount = windowHandles.size(): null

27-02-2025T17:32:34 - [TEST_STEP][PASSED] - if (windowCount == 2): Switched to window with index: '1'

27-02-2025T17:32:34 - [TEST_STEP][PASSED] - switchToWindowIndex(1): Switched to window with index: '1'

27-02-2025T17:32:34 - [MESSAGE][PASSED] - Switched to window with index: '1'

27-02-2025T17:32:34 - [TEST_STEP][PASSED] - if (windowCount == 1 && toURL == fromURL): null

27-02-2025T17:32:34 - [TEST_STEP][PASSED] - else: Text 'Terms and Conditions' is present on page 

27-02-2025T17:32:34 - [TEST_STEP][PASSED] - waitForPageLoad(10): Wait for page load successfully

27-02-2025T17:32:36 - [MESSAGE][PASSED] - Wait for page load successfully

27-02-2025T17:32:36 - [TEST_STEP][PASSED] - delay(2): Delayed 2 second(s)

27-02-2025T17:32:38 - [MESSAGE][PASSED] - Delayed 2 second(s)

27-02-2025T17:32:38 - [TEST_STEP][PASSED] - textFound = verifyTextPresent(myText, false, OPTIONAL): Text 'Terms and Conditions' is present on page 

27-02-2025T17:32:38 - [MESSAGE][PASSED] - Text 'Terms and Conditions' is present on page 

27-02-2025T17:32:38 - [TEST_STEP][PASSED] - if (textFound): null

27-02-2025T17:32:38 - [TEST_STEP][PASSED] - outText = "+++++ The text "" + myText + "" was found after clicking on the " + key + " link": null

27-02-2025T17:32:38 - [TEST_STEP][PASSED] - println(outText): null

27-02-2025T17:32:38 - [TEST_STEP][PASSED] - outFile.append(outText + "
"): null

27-02-2025T17:32:38 - [TEST_STEP][PASSED] - if (windowCount == 2): Delayed 1 second(s)

27-02-2025T17:32:38 - [TEST_STEP][PASSED] - closeWindowIndex(1): Window with index 1 is closed

27-02-2025T17:32:38 - [MESSAGE][PASSED] - Window with index 1 is closed

27-02-2025T17:32:38 - [TEST_STEP][PASSED] - delay(1): Delayed 1 second(s)

27-02-2025T17:32:39 - [MESSAGE][PASSED] - Delayed 1 second(s)

27-02-2025T17:32:39 - [TEST_STEP][PASSED] - switchToWindowIndex(0): Switched to window with index: '0'

27-02-2025T17:32:39 - [MESSAGE][PASSED] - Switched to window with index: '0'

27-02-2025T17:32:39 - [TEST_STEP][PASSED] - delay(1): Delayed 1 second(s)

27-02-2025T17:32:40 - [MESSAGE][PASSED] - Delayed 1 second(s)

27-02-2025T17:32:40 - [MESSAGE][PASSED] - Call Test Case 'Test Cases/_Functions/Test External Links' successfully

27-02-2025T17:32:40 - [TEST_STEP][PASSED] - object = "Journey Candidate Profile/Tabs/btn_Complete Submit": null

27-02-2025T17:32:40 - [TEST_STEP][PASSED] - callTestCase(findTestCase("_Functions/Perform Action"), ["varAction":"click", "varObject":object], STOP_ON_FAILURE): Call Test Case 'Test Cases/_Functions/Perform Action' successfully

27-02-2025T17:32:40 - [TEST_CASE][PASSED] - Test Cases/_Functions/Perform Action: Test Cases/_Functions/Perform Action

27-02-2025T17:32:40 - [TEST_STEP][PASSED] - action = varAction: null

27-02-2025T17:32:40 - [TEST_STEP][PASSED] - println(action): null

27-02-2025T17:32:40 - [TEST_STEP][PASSED] - testObject = varObject: null

27-02-2025T17:32:40 - [TEST_STEP][PASSED] - println(testObject): null

27-02-2025T17:32:40 - [TEST_STEP][PASSED] - parm1 = varParm1: null

27-02-2025T17:32:40 - [TEST_STEP][PASSED] - println(parm1): null

27-02-2025T17:32:40 - [TEST_STEP][PASSED] - println("Converting " + testObject + " to web element"): null

27-02-2025T17:32:40 - [TEST_STEP][PASSED] - element = findWebElement(findTestObject(testObject), 1): null

27-02-2025T17:32:40 - [TEST_STEP][PASSED] - loc = element.getLocation(): null

27-02-2025T17:32:40 - [TEST_STEP][PASSED] - y = loc.getY(): null

27-02-2025T17:32:40 - [TEST_STEP][PASSED] - println("Y location is " + y): null

27-02-2025T17:32:40 - [TEST_STEP][PASSED] - top = getViewportTopPosition(): Current viewport's top (y) position is 1034

27-02-2025T17:32:40 - [MESSAGE][PASSED] - Current viewport's top (y) position is 1034

27-02-2025T17:32:40 - [TEST_STEP][PASSED] - println("Viewport top is " + top): null

27-02-2025T17:32:40 - [TEST_STEP][PASSED] - bottom = top + 600: null

27-02-2025T17:32:40 - [TEST_STEP][PASSED] - if (y - top < 150 || bottom - y < 10): null

27-02-2025T17:32:40 - [TEST_STEP][PASSED] - if (action == "click"): Object: 'Object Repository/Journey Candidate Profile/Tabs/btn_Complete Submit' is clicked on

27-02-2025T17:32:40 - [TEST_STEP][PASSED] - println("clicking"): null

27-02-2025T17:32:40 - [TEST_STEP][PASSED] - click(findTestObject(testObject)): Object: 'Object Repository/Journey Candidate Profile/Tabs/btn_Complete Submit' is clicked on

27-02-2025T17:32:44 - [MESSAGE][PASSED] - Object: 'Object Repository/Journey Candidate Profile/Tabs/btn_Complete Submit' is clicked on

27-02-2025T17:32:44 - [MESSAGE][PASSED] - Call Test Case 'Test Cases/_Functions/Perform Action' successfully

27-02-2025T17:32:44 - [MESSAGE][PASSED] - Call Test Case 'Test Cases/Journey Candidate Profile/Tabs/Set Contact Info' successfully

27-02-2025T17:32:44 - [TEST_STEP][PASSED] - if (pages.size() == 0 || "All" in pages || "Experience" in pages): Call Test Case 'Test Cases/Journey Candidate Profile/Tabs/Set Experience' successfully

27-02-2025T17:32:44 - [TEST_STEP][PASSED] - highest_degree = "Bachelor of Science (BS)": null

27-02-2025T17:32:44 - [TEST_STEP][PASSED] - degree_field = "Electrical Engineering": null

27-02-2025T17:32:44 - [TEST_STEP][PASSED] - occupation = "Business Analyst": null

27-02-2025T17:32:44 - [TEST_STEP][PASSED] - cross_cultural = "Occasionally served in cultures other than my own": null

27-02-2025T17:32:44 - [TEST_STEP][PASSED] - life_experience = "I've been a believer for 23 years. I went on a mission trip to train Vietnamese in Bible translation": null

27-02-2025T17:32:44 - [TEST_STEP][PASSED] - it_professional = "Yes": null

27-02-2025T17:32:44 - [TEST_STEP][PASSED] - callTestCase(findTestCase("Journey Candidate Profile/Tabs/Set Experience"), ["varHighest_degree":highest_degree, "varDegree_field":degree_field, "varOccupation":occupation, "varCross_cultural":cross_cultural, ... ], STOP_ON_FAILURE): Call Test Case 'Test Cases/Journey Candidate Profile/Tabs/Set Experience' successfully

27-02-2025T17:32:44 - [TEST_CASE][PASSED] - Test Cases/Journey Candidate Profile/Tabs/Set Experience: Test Cases/Journey Candidate Profile/Tabs/Set Experience

27-02-2025T17:32:45 - [TEST_STEP][PASSED] - username = username: null

27-02-2025T17:32:45 - [TEST_STEP][PASSED] - if (username != "cktest05jc"): null

27-02-2025T17:32:45 - [TEST_STEP][PASSED] - testName = "Journey Candidate Experience Tab": null

27-02-2025T17:32:45 - [TEST_STEP][PASSED] - outFile = callTestCase(findTestCase("_Functions/Set Output File"), ["varTestName":testName], STOP_ON_FAILURE): Call Test Case 'Test Cases/_Functions/Set Output File' successfully

27-02-2025T17:32:45 - [TEST_CASE][PASSED] - Test Cases/_Functions/Set Output File: Test Cases/_Functions/Set Output File

27-02-2025T17:32:45 - [TEST_STEP][PASSED] - testName = varTestName: null

27-02-2025T17:32:45 - [TEST_STEP][PASSED] - domain = domain: null

27-02-2025T17:32:45 - [TEST_STEP][PASSED] - writeFile = false: null

27-02-2025T17:32:45 - [TEST_STEP][PASSED] - if (outFile != ""): null

27-02-2025T17:32:45 - [TEST_STEP][PASSED] - myFile = outFile: null

27-02-2025T17:32:45 - [TEST_STEP][PASSED] - println(myFile): null

27-02-2025T17:32:45 - [TEST_STEP][PASSED] - outFile = new java.io.File(myFile): null

27-02-2025T17:32:45 - [TEST_STEP][PASSED] - writeFile = true: null

27-02-2025T17:32:45 - [TEST_STEP][PASSED] - if (!(writeFile)): null

27-02-2025T17:32:45 - [TEST_STEP][PASSED] - else: null

27-02-2025T17:32:45 - [TEST_STEP][PASSED] - outFile.append("
Testing " + testName + " on " + domain + ".
"): null

27-02-2025T17:32:45 - [TEST_STEP][PASSED] - return outFile: null

27-02-2025T17:32:45 - [MESSAGE][PASSED] - Call Test Case 'Test Cases/_Functions/Set Output File' successfully

27-02-2025T17:32:45 - [TEST_STEP][PASSED] - tooltipImagePath = "/Users/cckozie/git/MissionNext-Katalon-Koz/images/education candidate/": null

27-02-2025T17:32:45 - [TEST_STEP][PASSED] - testObjectFolder = "Journey Candidate Profile/Tabs/Experience/": null

27-02-2025T17:32:45 - [TEST_STEP][PASSED] - tooltips = ["dummy":"dummy", "Life Experience":"img_Life Experience_field-tooltip", "IT Professional":"img_IT Professional_field-tooltip"]: null

27-02-2025T17:32:45 - [TEST_STEP][PASSED] - tooltipText = ["Life Experience":"May include your testimony or other experience you wish to share.", "IT Professional":"Check to enable IT Skills and experience to be added."]: null

27-02-2025T17:32:45 - [TEST_STEP][PASSED] - requiredFieldMsgs = []: null

27-02-2025T17:32:45 - [TEST_STEP][PASSED] - click(findTestObject("Object Repository/Journey Candidate Profile/Tabs/a_Experience")): Object: 'Object Repository/Journey Candidate Profile/Tabs/a_Experience' is clicked on

27-02-2025T17:32:45 - [MESSAGE][PASSED] - Object: 'Object Repository/Journey Candidate Profile/Tabs/a_Experience' is clicked on

27-02-2025T17:32:45 - [TEST_STEP][PASSED] - tooltipTextMap = callTestCase(findTestCase("_Functions/Get Screenshot and Tooltip Text"), ["varExtension":testName], STOP_ON_FAILURE): Call Test Case 'Test Cases/_Functions/Get Screenshot and Tooltip Text' successfully

27-02-2025T17:32:45 - [TEST_CASE][PASSED] - Test Cases/_Functions/Get Screenshot and Tooltip Text: Test Cases/_Functions/Get Screenshot and Tooltip Text

27-02-2025T17:32:45 - [TEST_STEP][PASSED] - if (fastPath): null

27-02-2025T17:32:45 - [TEST_STEP][PASSED] - frame = new javax.swing.JFrame(): null

27-02-2025T17:32:45 - [TEST_STEP][PASSED] - p = new javax.swing.JPanel(): null

27-02-2025T17:32:45 - [TEST_STEP][PASSED] - l = new javax.swing.JLabel(Getting screenshot and tooltip text..., javax.swing.SwingConstants.CENTER): null

27-02-2025T17:32:45 - [TEST_STEP][PASSED] - frame.add(l): null

27-02-2025T17:32:45 - [TEST_STEP][PASSED] - frame.setSize(300, 100): null

27-02-2025T17:32:45 - [TEST_STEP][PASSED] - frame.setLocation(600, 0): null

27-02-2025T17:32:45 - [TEST_STEP][PASSED] - frame.setAlwaysOnTop(true): null

27-02-2025T17:32:45 - [TEST_STEP][PASSED] - frame.show(): null

27-02-2025T17:32:45 - [TEST_STEP][PASSED] - driver = getWebDriver(): null

27-02-2025T17:32:45 - [TEST_STEP][PASSED] - path = "/Users/cckozie/Documents/MissionNext/Screenshots and Tooltip Text/": null

27-02-2025T17:32:45 - [TEST_STEP][PASSED] - if (binding.hasVariable("varExtension")): null

27-02-2025T17:32:45 - [TEST_STEP][PASSED] - extension = varExtension: null

27-02-2025T17:32:45 - [TEST_STEP][PASSED] - println("Extension is " + extension): null

27-02-2025T17:32:45 - [TEST_STEP][PASSED] - fileBase = path + extension: null

27-02-2025T17:32:45 - [TEST_STEP][PASSED] - fileImage = fileBase + "_Screenshot.png": null

27-02-2025T17:32:45 - [TEST_STEP][PASSED] - waitForPageLoad(30): Wait for page load successfully

27-02-2025T17:32:45 - [MESSAGE][PASSED] - Wait for page load successfully

27-02-2025T17:32:45 - [TEST_STEP][PASSED] - spinner = driver.findElement(By.xpath("/html/body/div[1]/div/div[2]")): null

27-02-2025T17:32:45 - [TEST_STEP][PASSED] - executor = driver: null

27-02-2025T17:32:45 - [TEST_STEP][PASSED] - elementAttributes = executor.executeScript("var items = {}; for (index = 0; index < arguments[0].attributes.length; ++index) { items[arguments[0].attributes[index].name] = arguments[0].attributes[index].value }; return items;", spinner): null

27-02-2025T17:32:45 - [TEST_STEP][PASSED] - attrs = elementAttributes.toString(): null

27-02-2025T17:32:45 - [TEST_STEP][PASSED] - waits = 0: null

27-02-2025T17:32:45 - [TEST_STEP][PASSED] - while (attrs.indexOf("display: none") < 0 && waits < 2): null

27-02-2025T17:32:45 - [TEST_STEP][PASSED] - delay(1): Delayed 1 second(s)

27-02-2025T17:32:46 - [MESSAGE][PASSED] - Delayed 1 second(s)

27-02-2025T17:32:46 - [TEST_STEP][PASSED] - attrs = elementAttributes.toString(): null

27-02-2025T17:32:46 - [TEST_STEP][PASSED] - (waits++): null

27-02-2025T17:32:46 - [TEST_STEP][PASSED] - delay(1): Delayed 1 second(s)

27-02-2025T17:32:47 - [MESSAGE][PASSED] - Delayed 1 second(s)

27-02-2025T17:32:47 - [TEST_STEP][PASSED] - attrs = elementAttributes.toString(): null

27-02-2025T17:32:47 - [TEST_STEP][PASSED] - (waits++): null

27-02-2025T17:32:47 - [TEST_STEP][PASSED] - tooltipMap = callTestCase(findTestCase("_Functions/Get Tooltip Text"), [:], STOP_ON_FAILURE): Call Test Case 'Test Cases/_Functions/Get Tooltip Text' successfully

27-02-2025T17:32:47 - [TEST_CASE][PASSED] - Test Cases/_Functions/Get Tooltip Text: Test Cases/_Functions/Get Tooltip Text

27-02-2025T17:32:47 - [TEST_STEP][PASSED] - fieldTooltips = [:]: null

27-02-2025T17:32:47 - [TEST_STEP][PASSED] - tooltipMap = [:]: null

27-02-2025T17:32:47 - [TEST_STEP][PASSED] - driver = getWebDriver(): null

27-02-2025T17:32:47 - [TEST_STEP][PASSED] - tooltips = driver.findElements(By.className("field-tooltip")): null

27-02-2025T17:32:47 - [TEST_STEP][PASSED] - for (def it : tooltips): null

27-02-2025T17:32:47 - [TEST_STEP][PASSED] - if (it.isDisplayed()): null

27-02-2025T17:32:47 - [TEST_STEP][PASSED] - if (it.isDisplayed()): null

27-02-2025T17:32:47 - [TEST_STEP][PASSED] - if (it.isDisplayed()): null

27-02-2025T17:32:47 - [TEST_STEP][PASSED] - if (it.isDisplayed()): null

27-02-2025T17:32:47 - [TEST_STEP][PASSED] - if (it.isDisplayed()): null

27-02-2025T17:32:47 - [TEST_STEP][PASSED] - if (it.isDisplayed()): null

27-02-2025T17:32:47 - [TEST_STEP][PASSED] - if (it.isDisplayed()): null

27-02-2025T17:32:47 - [TEST_STEP][PASSED] - if (it.isDisplayed()): null

27-02-2025T17:32:47 - [TEST_STEP][PASSED] - ttText = it.getAttribute("data-original-title"): null

27-02-2025T17:32:47 - [TEST_STEP][PASSED] - ttLocation = it.getLocation(): null

27-02-2025T17:32:47 - [TEST_STEP][PASSED] - yLocation = ttLocation.getY(): null

27-02-2025T17:32:47 - [TEST_STEP][PASSED] - xLocation = ttLocation.getX(): null

27-02-2025T17:32:47 - [TEST_STEP][PASSED] - fieldTooltips.put(ttText, yLocation): null

27-02-2025T17:32:47 - [TEST_STEP][PASSED] - if (it.isDisplayed()): null

27-02-2025T17:32:47 - [TEST_STEP][PASSED] - ttText = it.getAttribute("data-original-title"): null

27-02-2025T17:32:47 - [TEST_STEP][PASSED] - ttLocation = it.getLocation(): null

27-02-2025T17:32:47 - [TEST_STEP][PASSED] - yLocation = ttLocation.getY(): null

27-02-2025T17:32:47 - [TEST_STEP][PASSED] - xLocation = ttLocation.getX(): null

27-02-2025T17:32:47 - [TEST_STEP][PASSED] - fieldTooltips.put(ttText, yLocation): null

27-02-2025T17:32:47 - [TEST_STEP][PASSED] - if (it.isDisplayed()): null

27-02-2025T17:32:47 - [TEST_STEP][PASSED] - if (it.isDisplayed()): null

27-02-2025T17:32:47 - [TEST_STEP][PASSED] - if (it.isDisplayed()): null

27-02-2025T17:32:47 - [TEST_STEP][PASSED] - if (it.isDisplayed()): null

27-02-2025T17:32:47 - [TEST_STEP][PASSED] - if (it.isDisplayed()): null

27-02-2025T17:32:47 - [TEST_STEP][PASSED] - if (it.isDisplayed()): null

27-02-2025T17:32:47 - [TEST_STEP][PASSED] - if (it.isDisplayed()): null

27-02-2025T17:32:47 - [TEST_STEP][PASSED] - if (it.isDisplayed()): null

27-02-2025T17:32:47 - [TEST_STEP][PASSED] - if (it.isDisplayed()): null

27-02-2025T17:32:47 - [TEST_STEP][PASSED] - if (it.isDisplayed()): null

27-02-2025T17:32:47 - [TEST_STEP][PASSED] - if (it.isDisplayed()): null

27-02-2025T17:32:47 - [TEST_STEP][PASSED] - if (it.isDisplayed()): null

27-02-2025T17:32:47 - [TEST_STEP][PASSED] - if (it.isDisplayed()): null

27-02-2025T17:32:47 - [TEST_STEP][PASSED] - if (it.isDisplayed()): null

27-02-2025T17:32:47 - [TEST_STEP][PASSED] - if (it.isDisplayed()): null

27-02-2025T17:32:47 - [TEST_STEP][PASSED] - if (it.isDisplayed()): null

27-02-2025T17:32:47 - [TEST_STEP][PASSED] - if (it.isDisplayed()): null

27-02-2025T17:32:47 - [TEST_STEP][PASSED] - if (it.isDisplayed()): null

27-02-2025T17:32:47 - [TEST_STEP][PASSED] - if (it.isDisplayed()): null

27-02-2025T17:32:47 - [TEST_STEP][PASSED] - if (it.isDisplayed()): null

27-02-2025T17:32:47 - [TEST_STEP][PASSED] - if (fieldTooltips.size() > 0): null

27-02-2025T17:32:47 - [TEST_STEP][PASSED] - rightBorder = xLocation: null

27-02-2025T17:32:47 - [TEST_STEP][PASSED] - fieldLabels = [:]: null

27-02-2025T17:32:47 - [TEST_STEP][PASSED] - labels = driver.findElements(By.xpath("//label")): null

27-02-2025T17:32:47 - [TEST_STEP][PASSED] - labels.each({ -> ... }): null

27-02-2025T17:32:50 - [TEST_STEP][PASSED] - for (def label : fieldLabels): null

27-02-2025T17:32:50 - [TEST_STEP][PASSED] - y = value: null

27-02-2025T17:32:50 - [TEST_STEP][PASSED] - for (def tooltip : fieldTooltips): null

27-02-2025T17:32:50 - [TEST_STEP][PASSED] - if (value == y || value == y + 1 || value == y - 1): null

27-02-2025T17:32:50 - [TEST_STEP][PASSED] - if (value == y || value == y + 1 || value == y - 1): null

27-02-2025T17:32:50 - [TEST_STEP][PASSED] - y = value: null

27-02-2025T17:32:50 - [TEST_STEP][PASSED] - for (def tooltip : fieldTooltips): null

27-02-2025T17:32:50 - [TEST_STEP][PASSED] - if (value == y || value == y + 1 || value == y - 1): null

27-02-2025T17:32:50 - [TEST_STEP][PASSED] - if (value == y || value == y + 1 || value == y - 1): null

27-02-2025T17:32:50 - [TEST_STEP][PASSED] - y = value: null

27-02-2025T17:32:50 - [TEST_STEP][PASSED] - for (def tooltip : fieldTooltips): null

27-02-2025T17:32:50 - [TEST_STEP][PASSED] - if (value == y || value == y + 1 || value == y - 1): null

27-02-2025T17:32:50 - [TEST_STEP][PASSED] - if (value == y || value == y + 1 || value == y - 1): null

27-02-2025T17:32:50 - [TEST_STEP][PASSED] - y = value: null

27-02-2025T17:32:50 - [TEST_STEP][PASSED] - for (def tooltip : fieldTooltips): null

27-02-2025T17:32:50 - [TEST_STEP][PASSED] - if (value == y || value == y + 1 || value == y - 1): null

27-02-2025T17:32:50 - [TEST_STEP][PASSED] - if (value == y || value == y + 1 || value == y - 1): null

27-02-2025T17:32:50 - [TEST_STEP][PASSED] - y = value: null

27-02-2025T17:32:50 - [TEST_STEP][PASSED] - for (def tooltip : fieldTooltips): null

27-02-2025T17:32:50 - [TEST_STEP][PASSED] - if (value == y || value == y + 1 || value == y - 1): null

27-02-2025T17:32:50 - [TEST_STEP][PASSED] - if (value == y || value == y + 1 || value == y - 1): null

27-02-2025T17:32:50 - [TEST_STEP][PASSED] - y = value: null

27-02-2025T17:32:50 - [TEST_STEP][PASSED] - for (def tooltip : fieldTooltips): null

27-02-2025T17:32:50 - [TEST_STEP][PASSED] - if (value == y || value == y + 1 || value == y - 1): null

27-02-2025T17:32:50 - [TEST_STEP][PASSED] - tooltipMap.put(key, key): null

27-02-2025T17:32:50 - [TEST_STEP][PASSED] - break: null

27-02-2025T17:32:50 - [TEST_STEP][PASSED] - y = value: null

27-02-2025T17:32:50 - [TEST_STEP][PASSED] - for (def tooltip : fieldTooltips): null

27-02-2025T17:32:50 - [TEST_STEP][PASSED] - if (value == y || value == y + 1 || value == y - 1): null

27-02-2025T17:32:50 - [TEST_STEP][PASSED] - if (value == y || value == y + 1 || value == y - 1): null

27-02-2025T17:32:50 - [TEST_STEP][PASSED] - tooltipMap.put(key, key): null

27-02-2025T17:32:50 - [TEST_STEP][PASSED] - break: null

27-02-2025T17:32:50 - [TEST_STEP][PASSED] - y = value: null

27-02-2025T17:32:50 - [TEST_STEP][PASSED] - for (def tooltip : fieldTooltips): null

27-02-2025T17:32:50 - [TEST_STEP][PASSED] - if (value == y || value == y + 1 || value == y - 1): null

27-02-2025T17:32:50 - [TEST_STEP][PASSED] - if (value == y || value == y + 1 || value == y - 1): null

27-02-2025T17:32:50 - [TEST_STEP][PASSED] - return tooltipMap: null

27-02-2025T17:32:50 - [MESSAGE][PASSED] - Call Test Case 'Test Cases/_Functions/Get Tooltip Text' successfully

27-02-2025T17:32:50 - [TEST_STEP][PASSED] - if (tooltipMap.size() > 0): null

27-02-2025T17:32:50 - [TEST_STEP][PASSED] - file = fileBase + "_Tooltips.csv": null

27-02-2025T17:32:50 - [TEST_STEP][PASSED] - outText = "FIELD LABEL" + "," + "TOOLTIP TEXT" + "

": null

27-02-2025T17:32:50 - [TEST_STEP][PASSED] - for (def it : tooltipMap): null

27-02-2025T17:32:50 - [TEST_STEP][PASSED] - name = key: null

27-02-2025T17:32:50 - [TEST_STEP][PASSED] - value = value.replace("
", ""): null

27-02-2025T17:32:50 - [TEST_STEP][PASSED] - value = value.trim(): null

27-02-2025T17:32:50 - [TEST_STEP][PASSED] - value = """ + value + """: null

27-02-2025T17:32:50 - [TEST_STEP][PASSED] - outText = outText + name + "," + value: null

27-02-2025T17:32:50 - [TEST_STEP][PASSED] - outText = outText + "
": null

27-02-2025T17:32:50 - [TEST_STEP][PASSED] - println(outText): null

27-02-2025T17:32:50 - [TEST_STEP][PASSED] - name = key: null

27-02-2025T17:32:50 - [TEST_STEP][PASSED] - value = value.replace("
", ""): null

27-02-2025T17:32:50 - [TEST_STEP][PASSED] - value = value.trim(): null

27-02-2025T17:32:50 - [TEST_STEP][PASSED] - value = """ + value + """: null

27-02-2025T17:32:50 - [TEST_STEP][PASSED] - outText = outText + name + "," + value: null

27-02-2025T17:32:50 - [TEST_STEP][PASSED] - outText = outText + "
": null

27-02-2025T17:32:50 - [TEST_STEP][PASSED] - println(outText): null

27-02-2025T17:32:50 - [TEST_STEP][PASSED] - outFile = new java.io.File(file): null

27-02-2025T17:32:50 - [TEST_STEP][PASSED] - println(outText): null

27-02-2025T17:32:50 - [TEST_STEP][PASSED] - outFile.write(outText): null

27-02-2025T17:32:50 - [TEST_STEP][PASSED] - takeFullPageScreenshot(fileImage): Taking screenshot successfully

27-02-2025T17:32:51 - [MESSAGE][INFO] - 0 hidden object(s)

27-02-2025T17:32:51 - [MESSAGE][PASSED] - Taking screenshot successfully
[[ATTACHMENT|/Users/cckozie/Documents/MissionNext/Screenshots and Tooltip Text/Journey Candidate Experience Tab_Screenshot.png]]

27-02-2025T17:32:51 - [TEST_STEP][PASSED] - frame.dispose(): null

27-02-2025T17:32:51 - [TEST_STEP][PASSED] - return tooltipMap: null

27-02-2025T17:32:51 - [MESSAGE][PASSED] - Call Test Case 'Test Cases/_Functions/Get Screenshot and Tooltip Text' successfully

27-02-2025T17:32:51 - [TEST_STEP][PASSED] - callTestCase(findTestCase("_Functions/Test Tooltips"), ["varTooltipImagePath":tooltipImagePath, "varTooltips":tooltips, "varTooltipText":tooltipText, "varTestObjectFolder":testObjectFolder, ... ], STOP_ON_FAILURE): Call Test Case 'Test Cases/_Functions/Test Tooltips' successfully

27-02-2025T17:32:51 - [TEST_CASE][PASSED] - Test Cases/_Functions/Test Tooltips: Test Cases/_Functions/Test Tooltips

27-02-2025T17:32:51 - [TEST_STEP][PASSED] - if (fastPath): null

27-02-2025T17:32:51 - [TEST_STEP][PASSED] - tooltipImagePath = varTooltipImagePath: null

27-02-2025T17:32:51 - [TEST_STEP][PASSED] - tooltips = varTooltips: null

27-02-2025T17:32:51 - [TEST_STEP][PASSED] - tooltipText = varTooltipText: null

27-02-2025T17:32:51 - [TEST_STEP][PASSED] - testObjectFolder = varTestObjectFolder: null

27-02-2025T17:32:51 - [TEST_STEP][PASSED] - tooltipTextMap = varTooltipTextMap: null

27-02-2025T17:32:51 - [TEST_STEP][PASSED] - writeFile = false: null

27-02-2025T17:32:51 - [TEST_STEP][PASSED] - if (outFile != ""): null

27-02-2025T17:32:51 - [TEST_STEP][PASSED] - myFile = outFile: null

27-02-2025T17:32:51 - [TEST_STEP][PASSED] - println(myFile): null

27-02-2025T17:32:51 - [TEST_STEP][PASSED] - outFile = new java.io.File(myFile): null

27-02-2025T17:32:51 - [TEST_STEP][PASSED] - writeFile = true: null

27-02-2025T17:32:51 - [TEST_STEP][PASSED] - driver = getWebDriver(): null

27-02-2025T17:32:51 - [TEST_STEP][PASSED] - action = new org.openqa.selenium.interactions.Actions(driver): null

27-02-2025T17:32:51 - [TEST_STEP][PASSED] - s = new org.sikuli.script.Screen(): null

27-02-2025T17:32:51 - [TEST_STEP][PASSED] - outText = "Verifying the tooltips can be displayed.
": null

27-02-2025T17:32:51 - [TEST_STEP][PASSED] - outFile.append(outText): null

27-02-2025T17:32:51 - [TEST_STEP][PASSED] - first = true: null

27-02-2025T17:32:51 - [TEST_STEP][PASSED] - for (def it : tooltips): null

27-02-2025T17:32:51 - [TEST_STEP][PASSED] - myKey = key: null

27-02-2025T17:32:51 - [TEST_STEP][PASSED] - myValue = value: null

27-02-2025T17:32:51 - [TEST_STEP][PASSED] - println("myKey is " + myKey): null

27-02-2025T17:32:51 - [TEST_STEP][PASSED] - println("myValue is " + myValue): null

27-02-2025T17:32:51 - [TEST_STEP][PASSED] - if (myKey != "dummy"): null

27-02-2025T17:32:51 - [TEST_STEP][PASSED] - else: null

27-02-2025T17:32:51 - [TEST_STEP][PASSED] - myImage = "/Users/cckozie/git/MissionNext-Katalon-Koz/images/dummy.png": null

27-02-2025T17:32:51 - [TEST_STEP][PASSED] - f = new java.io.File(myImage): null

27-02-2025T17:32:51 - [TEST_STEP][PASSED] - if (f.exists()): null

27-02-2025T17:32:51 - [TEST_STEP][PASSED] - println("Looking for " + myImage): null

27-02-2025T17:32:51 - [TEST_STEP][PASSED] - icn = Pattern(myImage).similar(0.10): null

27-02-2025T17:32:51 - [TEST_STEP][PASSED] - found = s.exists(icn): null

27-02-2025T17:32:51 - [TEST_STEP][PASSED] - println(found): null

27-02-2025T17:32:51 - [TEST_STEP][PASSED] - if (found != null): null

27-02-2025T17:32:51 - [TEST_STEP][PASSED] - foundStr = found.toString(): null

27-02-2025T17:32:51 - [TEST_STEP][PASSED] - matchP = foundStr.indexOf("%"): null

27-02-2025T17:32:51 - [TEST_STEP][PASSED] - if (matchP >= 0): null

27-02-2025T17:32:51 - [TEST_STEP][PASSED] - println(matchP): null

27-02-2025T17:32:51 - [TEST_STEP][PASSED] - pct = foundStr.substring(matchP + 1, matchP + 6): null

27-02-2025T17:32:51 - [TEST_STEP][PASSED] - pctF = pct.toFloat(): null

27-02-2025T17:32:51 - [TEST_STEP][PASSED] - outText = "+++ Tooltip match value for " + myKey + " is " + pctF + "%": null

27-02-2025T17:32:51 - [TEST_STEP][PASSED] - min = 80: null

27-02-2025T17:32:51 - [TEST_STEP][PASSED] - if (pctF.toFloat() < min.toFloat()): null

27-02-2025T17:32:51 - [TEST_STEP][PASSED] - outText = ">>>>> " + outText + " <<<<<": null

27-02-2025T17:32:51 - [TEST_STEP][PASSED] - if (myKey != "dummy"): null

27-02-2025T17:32:51 - [TEST_STEP][PASSED] - myKey = key: null

27-02-2025T17:32:51 - [TEST_STEP][PASSED] - myValue = value: null

27-02-2025T17:32:51 - [TEST_STEP][PASSED] - println("myKey is " + myKey): null

27-02-2025T17:32:51 - [TEST_STEP][PASSED] - println("myValue is " + myValue): null

27-02-2025T17:32:51 - [TEST_STEP][PASSED] - if (myKey != "dummy"): null

27-02-2025T17:32:51 - [TEST_STEP][PASSED] - tObj = testObjectFolder + myValue: null

27-02-2025T17:32:51 - [TEST_STEP][PASSED] - click(tObj): null

27-02-2025T17:32:51 - [TEST_STEP][PASSED] - scrollToObject(object): null

27-02-2025T17:32:51 - [TEST_STEP][PASSED] - println("Converting " + object + " to web element"): null

27-02-2025T17:32:51 - [TEST_STEP][PASSED] - element = findWebElement(findTestObject(object), 1): null

27-02-2025T17:32:51 - [TEST_STEP][PASSED] - loc = element.getLocation(): null

27-02-2025T17:32:51 - [TEST_STEP][PASSED] - x = loc.getX(): null

27-02-2025T17:32:51 - [TEST_STEP][PASSED] - if (x >= 560): null

27-02-2025T17:32:51 - [TEST_STEP][PASSED] - y = loc.getY(): null

27-02-2025T17:32:51 - [TEST_STEP][PASSED] - println("Y location is " + y): null

27-02-2025T17:32:51 - [TEST_STEP][PASSED] - top = getViewportTopPosition(): Current viewport's top (y) position is 464

27-02-2025T17:32:51 - [MESSAGE][PASSED] - Current viewport's top (y) position is 464

27-02-2025T17:32:51 - [TEST_STEP][PASSED] - println("Viewport top is " + top): null

27-02-2025T17:32:51 - [TEST_STEP][PASSED] - bottom = top + 600: null

27-02-2025T17:32:51 - [TEST_STEP][PASSED] - if (y - top < 150 || bottom - y < 10): Delayed 1 second(s)

27-02-2025T17:32:51 - [TEST_STEP][PASSED] - scrollToPosition(0, y - 170): Browser is scrolled to position x = 0, y = 436

27-02-2025T17:32:51 - [MESSAGE][PASSED] - Browser is scrolled to position x = 0, y = 436

27-02-2025T17:32:51 - [TEST_STEP][PASSED] - delay(1): Delayed 1 second(s)

27-02-2025T17:32:52 - [MESSAGE][PASSED] - Delayed 1 second(s)

27-02-2025T17:32:52 - [TEST_STEP][PASSED] - click(findTestObject(object)): null

27-02-2025T17:32:52 - [MESSAGE][PASSED] - Object: 'Object Repository/Journey Candidate Profile/Tabs/Experience/img_Life Experience_field-tooltip' is clicked on

27-02-2025T17:32:52 - [TEST_STEP][PASSED] - delay(1): Delayed 1 second(s)

27-02-2025T17:32:53 - [MESSAGE][PASSED] - Delayed 1 second(s)

27-02-2025T17:32:53 - [TEST_STEP][PASSED] - myImage = tooltipImagePath + myKey + ".png": null

27-02-2025T17:32:53 - [TEST_STEP][PASSED] - f = new java.io.File(myImage): null

27-02-2025T17:32:53 - [TEST_STEP][PASSED] - if (f.exists()): null

27-02-2025T17:32:53 - [TEST_STEP][PASSED] - println("Looking for " + myImage): null

27-02-2025T17:32:53 - [TEST_STEP][PASSED] - icn = Pattern(myImage).similar(0.10): null

27-02-2025T17:32:53 - [TEST_STEP][PASSED] - found = s.exists(icn): null

27-02-2025T17:32:53 - [TEST_STEP][PASSED] - println(found): null

27-02-2025T17:32:53 - [TEST_STEP][PASSED] - if (found != null): null

27-02-2025T17:32:53 - [TEST_STEP][PASSED] - foundStr = found.toString(): null

27-02-2025T17:32:53 - [TEST_STEP][PASSED] - matchP = foundStr.indexOf("%"): null

27-02-2025T17:32:53 - [TEST_STEP][PASSED] - if (matchP >= 0): null

27-02-2025T17:32:53 - [TEST_STEP][PASSED] - println(matchP): null

27-02-2025T17:32:53 - [TEST_STEP][PASSED] - pct = foundStr.substring(matchP + 1, matchP + 6): null

27-02-2025T17:32:53 - [TEST_STEP][PASSED] - pctF = pct.toFloat(): null

27-02-2025T17:32:53 - [TEST_STEP][PASSED] - outText = "+++ Tooltip match value for " + myKey + " is " + pctF + "%": null

27-02-2025T17:32:53 - [TEST_STEP][PASSED] - min = 80: null

27-02-2025T17:32:53 - [TEST_STEP][PASSED] - if (pctF.toFloat() < min.toFloat()): null

27-02-2025T17:32:53 - [TEST_STEP][PASSED] - if (myKey != "dummy"): null

27-02-2025T17:32:53 - [TEST_STEP][PASSED] - println(outText): null

27-02-2025T17:32:53 - [TEST_STEP][PASSED] - outFile.append(outText + "
"): null

27-02-2025T17:32:53 - [TEST_STEP][PASSED] - myKey = key: null

27-02-2025T17:32:53 - [TEST_STEP][PASSED] - myValue = value: null

27-02-2025T17:32:53 - [TEST_STEP][PASSED] - println("myKey is " + myKey): null

27-02-2025T17:32:53 - [TEST_STEP][PASSED] - println("myValue is " + myValue): null

27-02-2025T17:32:53 - [TEST_STEP][PASSED] - if (myKey != "dummy"): null

27-02-2025T17:32:53 - [TEST_STEP][PASSED] - tObj = testObjectFolder + myValue: null

27-02-2025T17:32:53 - [TEST_STEP][PASSED] - click(tObj): null

27-02-2025T17:32:53 - [TEST_STEP][PASSED] - scrollToObject(object): null

27-02-2025T17:32:53 - [TEST_STEP][PASSED] - println("Converting " + object + " to web element"): null

27-02-2025T17:32:53 - [TEST_STEP][PASSED] - element = findWebElement(findTestObject(object), 1): null

27-02-2025T17:32:53 - [TEST_STEP][PASSED] - loc = element.getLocation(): null

27-02-2025T17:32:53 - [TEST_STEP][PASSED] - x = loc.getX(): null

27-02-2025T17:32:53 - [TEST_STEP][PASSED] - if (x >= 560): null

27-02-2025T17:32:53 - [TEST_STEP][PASSED] - y = loc.getY(): null

27-02-2025T17:32:53 - [TEST_STEP][PASSED] - println("Y location is " + y): null

27-02-2025T17:32:53 - [TEST_STEP][PASSED] - top = getViewportTopPosition(): Current viewport's top (y) position is 436

27-02-2025T17:32:53 - [MESSAGE][PASSED] - Current viewport's top (y) position is 436

27-02-2025T17:32:53 - [TEST_STEP][PASSED] - println("Viewport top is " + top): null

27-02-2025T17:32:53 - [TEST_STEP][PASSED] - bottom = top + 600: null

27-02-2025T17:32:53 - [TEST_STEP][PASSED] - if (y - top < 150 || bottom - y < 10): null

27-02-2025T17:32:53 - [TEST_STEP][PASSED] - click(findTestObject(object)): null

27-02-2025T17:32:53 - [MESSAGE][PASSED] - Object: 'Object Repository/Journey Candidate Profile/Tabs/Experience/img_IT Professional_field-tooltip' is clicked on

27-02-2025T17:32:53 - [TEST_STEP][PASSED] - delay(1): Delayed 1 second(s)

27-02-2025T17:32:54 - [MESSAGE][PASSED] - Delayed 1 second(s)

27-02-2025T17:32:54 - [TEST_STEP][PASSED] - myImage = tooltipImagePath + myKey + ".png": null

27-02-2025T17:32:54 - [TEST_STEP][PASSED] - f = new java.io.File(myImage): null

27-02-2025T17:32:54 - [TEST_STEP][PASSED] - if (f.exists()): null

27-02-2025T17:32:54 - [TEST_STEP][PASSED] - println("Looking for " + myImage): null

27-02-2025T17:32:54 - [TEST_STEP][PASSED] - icn = Pattern(myImage).similar(0.10): null

27-02-2025T17:32:54 - [TEST_STEP][PASSED] - found = s.exists(icn): null

27-02-2025T17:32:55 - [TEST_STEP][PASSED] - println(found): null

27-02-2025T17:32:55 - [TEST_STEP][PASSED] - if (found != null): null

27-02-2025T17:32:55 - [TEST_STEP][PASSED] - foundStr = found.toString(): null

27-02-2025T17:32:55 - [TEST_STEP][PASSED] - matchP = foundStr.indexOf("%"): null

27-02-2025T17:32:55 - [TEST_STEP][PASSED] - if (matchP >= 0): null

27-02-2025T17:32:55 - [TEST_STEP][PASSED] - println(matchP): null

27-02-2025T17:32:55 - [TEST_STEP][PASSED] - pct = foundStr.substring(matchP + 1, matchP + 6): null

27-02-2025T17:32:55 - [TEST_STEP][PASSED] - pctF = pct.toFloat(): null

27-02-2025T17:32:55 - [TEST_STEP][PASSED] - outText = "+++ Tooltip match value for " + myKey + " is " + pctF + "%": null

27-02-2025T17:32:55 - [TEST_STEP][PASSED] - min = 80: null

27-02-2025T17:32:55 - [TEST_STEP][PASSED] - if (pctF.toFloat() < min.toFloat()): null

27-02-2025T17:32:55 - [TEST_STEP][PASSED] - if (myKey != "dummy"): null

27-02-2025T17:32:55 - [TEST_STEP][PASSED] - println(outText): null

27-02-2025T17:32:55 - [TEST_STEP][PASSED] - outFile.append(outText + "
"): null

27-02-2025T17:32:55 - [TEST_STEP][PASSED] - outText = "Verifying the tooltip text on the page is what was expected.
": null

27-02-2025T17:32:55 - [TEST_STEP][PASSED] - println(tooltipTextMap): null

27-02-2025T17:32:55 - [TEST_STEP][PASSED] - outFile.append(outText): null

27-02-2025T17:32:55 - [TEST_STEP][PASSED] - for (def it : tooltipText): null

27-02-2025T17:32:55 - [TEST_STEP][PASSED] - println(it): null

27-02-2025T17:32:55 - [TEST_STEP][PASSED] - myKey = key: null

27-02-2025T17:32:55 - [TEST_STEP][PASSED] - myText = value.replace(""", ""): null

27-02-2025T17:32:55 - [TEST_STEP][PASSED] - myText = myText.trim(): null

27-02-2025T17:32:55 - [TEST_STEP][PASSED] - println(myKey): null

27-02-2025T17:32:55 - [TEST_STEP][PASSED] - println(myText): null

27-02-2025T17:32:55 - [TEST_STEP][PASSED] - println(tooltipTextMap.get(myKey)): null

27-02-2025T17:32:55 - [TEST_STEP][PASSED] - actualText = get(myKey).replace(""", ""): null

27-02-2025T17:32:55 - [TEST_STEP][PASSED] - actualText = actualText.trim(): null

27-02-2025T17:32:55 - [TEST_STEP][PASSED] - println(myKey + ":" + actualText): null

27-02-2025T17:32:55 - [TEST_STEP][PASSED] - if (actualText != myText): null

27-02-2025T17:32:55 - [TEST_STEP][PASSED] - println(it): null

27-02-2025T17:32:55 - [TEST_STEP][PASSED] - myKey = key: null

27-02-2025T17:32:55 - [TEST_STEP][PASSED] - myText = value.replace(""", ""): null

27-02-2025T17:32:55 - [TEST_STEP][PASSED] - myText = myText.trim(): null

27-02-2025T17:32:55 - [TEST_STEP][PASSED] - println(myKey): null

27-02-2025T17:32:55 - [TEST_STEP][PASSED] - println(myText): null

27-02-2025T17:32:55 - [TEST_STEP][PASSED] - println(tooltipTextMap.get(myKey)): null

27-02-2025T17:32:55 - [TEST_STEP][PASSED] - actualText = get(myKey).replace(""", ""): null

27-02-2025T17:32:55 - [TEST_STEP][PASSED] - actualText = actualText.trim(): null

27-02-2025T17:32:55 - [TEST_STEP][PASSED] - println(myKey + ":" + actualText): null

27-02-2025T17:32:55 - [TEST_STEP][PASSED] - if (actualText != myText): null

27-02-2025T17:32:55 - [MESSAGE][PASSED] - Call Test Case 'Test Cases/_Functions/Test Tooltips' successfully

27-02-2025T17:32:55 - [TEST_STEP][PASSED] - outText = "Verifying the required field messages.
": null

27-02-2025T17:32:55 - [TEST_STEP][PASSED] - outFile.append(outText): null

27-02-2025T17:32:55 - [TEST_STEP][PASSED] - fieldList = []: null

27-02-2025T17:32:55 - [TEST_STEP][PASSED] - requiredFieldMsgs.each({ -> ... }): null

27-02-2025T17:32:55 - [TEST_STEP][PASSED] - callTestCase(findTestCase("_Functions/Test Field Error Messages"), ["varFieldList":fieldList, "varRequiredFieldMsgs":requiredFieldMsgs], STOP_ON_FAILURE): Call Test Case 'Test Cases/_Functions/Test Field Error Messages' successfully

27-02-2025T17:32:55 - [TEST_CASE][PASSED] - Test Cases/_Functions/Test Field Error Messages: Test Cases/_Functions/Test Field Error Messages

27-02-2025T17:32:55 - [TEST_STEP][PASSED] - count = callTestCase(findTestCase("_Functions/Find error messages"), ["varFunction":"count"], STOP_ON_FAILURE): Call Test Case 'Test Cases/_Functions/Find error messages' successfully

27-02-2025T17:32:55 - [TEST_CASE][PASSED] - Test Cases/_Functions/Find error messages: Test Cases/_Functions/Find error messages

27-02-2025T17:32:55 - [TEST_STEP][PASSED] - function = "count": null

27-02-2025T17:32:55 - [TEST_STEP][PASSED] - if (binding.hasVariable("varFunction")): null

27-02-2025T17:32:55 - [TEST_STEP][PASSED] - function = varFunction: null

27-02-2025T17:32:55 - [TEST_STEP][PASSED] - title = getWindowTitle(): Current window's title is: 'Journey'

27-02-2025T17:32:55 - [MESSAGE][PASSED] - Current window's title is: 'Journey'

27-02-2025T17:32:55 - [TEST_STEP][PASSED] - println("Page title is " + title): null

27-02-2025T17:32:55 - [TEST_STEP][PASSED] - driver = getWebDriver(): null

27-02-2025T17:32:55 - [TEST_STEP][PASSED] - elements = driver.findElements(By.xpath("//div[@class='col-sm-offset-3 col-sm-9 text-danger']")): null

27-02-2025T17:32:55 - [TEST_STEP][PASSED] - if (function == "count"): null

27-02-2025T17:32:55 - [TEST_STEP][PASSED] - return elements.size(): null

27-02-2025T17:32:55 - [MESSAGE][PASSED] - Call Test Case 'Test Cases/_Functions/Find error messages' successfully

27-02-2025T17:32:55 - [TEST_STEP][PASSED] - outFile = outFile: null

27-02-2025T17:32:55 - [TEST_STEP][PASSED] - if (count == 0): null

27-02-2025T17:32:55 - [TEST_STEP][PASSED] - else: Delayed 0 second(s)

27-02-2025T17:32:55 - [TEST_STEP][PASSED] - fieldList = varFieldList: null

27-02-2025T17:32:55 - [TEST_STEP][PASSED] - requiredFieldMsgs = varRequiredFieldMsgs: null

27-02-2025T17:32:55 - [TEST_STEP][PASSED] - outText = "Verifying error messages for fields " + fieldList: null

27-02-2025T17:32:55 - [TEST_STEP][PASSED] - for (def field : fieldList): null

27-02-2025T17:32:55 - [TEST_STEP][PASSED] - delay(fieldTestDelay): Delayed 0 second(s)

27-02-2025T17:32:55 - [MESSAGE][PASSED] - Delayed 0 second(s)

27-02-2025T17:32:55 - [MESSAGE][PASSED] - Call Test Case 'Test Cases/_Functions/Test Field Error Messages' successfully

27-02-2025T17:32:55 - [TEST_STEP][PASSED] - if (varHighest_degree != null): Call Test Case 'Test Cases/_Functions/Perform Action' successfully

27-02-2025T17:32:55 - [TEST_STEP][PASSED] - object = "Object Repository/Journey Candidate Profile/Tabs/Experience/select_Highest Earned Degree": null

27-02-2025T17:32:55 - [TEST_STEP][PASSED] - callTestCase(findTestCase("_Functions/Perform Action"), ["varAction":"selectOptionByValue", "varObject":object, "varParm1":varHighest_degree], STOP_ON_FAILURE): Call Test Case 'Test Cases/_Functions/Perform Action' successfully

27-02-2025T17:32:55 - [TEST_CASE][PASSED] - Test Cases/_Functions/Perform Action: Test Cases/_Functions/Perform Action

27-02-2025T17:32:55 - [TEST_STEP][PASSED] - action = varAction: null

27-02-2025T17:32:55 - [TEST_STEP][PASSED] - println(action): null

27-02-2025T17:32:55 - [TEST_STEP][PASSED] - testObject = varObject: null

27-02-2025T17:32:55 - [TEST_STEP][PASSED] - println(testObject): null

27-02-2025T17:32:55 - [TEST_STEP][PASSED] - parm1 = varParm1: null

27-02-2025T17:32:55 - [TEST_STEP][PASSED] - println(parm1): null

27-02-2025T17:32:55 - [TEST_STEP][PASSED] - println("Converting " + testObject + " to web element"): null

27-02-2025T17:32:55 - [TEST_STEP][PASSED] - element = findWebElement(findTestObject(testObject), 1): null

27-02-2025T17:32:55 - [TEST_STEP][PASSED] - loc = element.getLocation(): null

27-02-2025T17:32:55 - [TEST_STEP][PASSED] - y = loc.getY(): null

27-02-2025T17:32:55 - [TEST_STEP][PASSED] - println("Y location is " + y): null

27-02-2025T17:32:55 - [TEST_STEP][PASSED] - top = getViewportTopPosition(): Current viewport's top (y) position is 436

27-02-2025T17:32:55 - [MESSAGE][PASSED] - Current viewport's top (y) position is 436

27-02-2025T17:32:55 - [TEST_STEP][PASSED] - println("Viewport top is " + top): null

27-02-2025T17:32:55 - [TEST_STEP][PASSED] - bottom = top + 600: null

27-02-2025T17:32:55 - [TEST_STEP][PASSED] - if (y - top < 150 || bottom - y < 10): Delayed 1 second(s)

27-02-2025T17:32:55 - [TEST_STEP][PASSED] - scrollToPosition(0, y - 150): Browser is scrolled to position x = 0, y = 271

27-02-2025T17:32:55 - [MESSAGE][PASSED] - Browser is scrolled to position x = 0, y = 271

27-02-2025T17:32:55 - [TEST_STEP][PASSED] - delay(1): Delayed 1 second(s)

27-02-2025T17:32:56 - [MESSAGE][PASSED] - Delayed 1 second(s)

27-02-2025T17:32:56 - [TEST_STEP][PASSED] - if (action == "click"): null

27-02-2025T17:32:56 - [TEST_STEP][PASSED] - else if (action == "selectOptionByValue"): All options with value 'Bachelor of Science (BS)' are selected in object 'Object Repository/Journey Candidate Profile/Tabs/Experience/select_Highest Earned Degree' 

27-02-2025T17:32:56 - [TEST_STEP][PASSED] - println("Selecting " + parm1): null

27-02-2025T17:32:56 - [TEST_STEP][PASSED] - selectOptionByValue(findTestObject(testObject), parm1, false): All options with value 'Bachelor of Science (BS)' are selected in object 'Object Repository/Journey Candidate Profile/Tabs/Experience/select_Highest Earned Degree' 

27-02-2025T17:32:56 - [MESSAGE][PASSED] - All options with value 'Bachelor of Science (BS)' are selected in object 'Object Repository/Journey Candidate Profile/Tabs/Experience/select_Highest Earned Degree' 

27-02-2025T17:32:56 - [MESSAGE][PASSED] - Call Test Case 'Test Cases/_Functions/Perform Action' successfully

27-02-2025T17:32:56 - [TEST_STEP][PASSED] - if (varDegree_field != null): Call Test Case 'Test Cases/_Functions/Perform Action' successfully

27-02-2025T17:32:56 - [TEST_STEP][PASSED] - object = "Object Repository/Journey Candidate Profile/Tabs/Experience/input_Degree Field": null

27-02-2025T17:32:56 - [TEST_STEP][PASSED] - callTestCase(findTestCase("_Functions/Perform Action"), ["varAction":"setText", "varObject":object, "varParm1":varDegree_field], STOP_ON_FAILURE): Call Test Case 'Test Cases/_Functions/Perform Action' successfully

27-02-2025T17:32:56 - [TEST_CASE][PASSED] - Test Cases/_Functions/Perform Action: Test Cases/_Functions/Perform Action

27-02-2025T17:32:56 - [TEST_STEP][PASSED] - action = varAction: null

27-02-2025T17:32:56 - [TEST_STEP][PASSED] - println(action): null

27-02-2025T17:32:56 - [TEST_STEP][PASSED] - testObject = varObject: null

27-02-2025T17:32:56 - [TEST_STEP][PASSED] - println(testObject): null

27-02-2025T17:32:56 - [TEST_STEP][PASSED] - parm1 = varParm1: null

27-02-2025T17:32:56 - [TEST_STEP][PASSED] - println(parm1): null

27-02-2025T17:32:56 - [TEST_STEP][PASSED] - println("Converting " + testObject + " to web element"): null

27-02-2025T17:32:56 - [TEST_STEP][PASSED] - element = findWebElement(findTestObject(testObject), 1): null

27-02-2025T17:32:56 - [TEST_STEP][PASSED] - loc = element.getLocation(): null

27-02-2025T17:32:56 - [TEST_STEP][PASSED] - y = loc.getY(): null

27-02-2025T17:32:56 - [TEST_STEP][PASSED] - println("Y location is " + y): null

27-02-2025T17:32:56 - [TEST_STEP][PASSED] - top = getViewportTopPosition(): Current viewport's top (y) position is 271

27-02-2025T17:32:56 - [MESSAGE][PASSED] - Current viewport's top (y) position is 271

27-02-2025T17:32:56 - [TEST_STEP][PASSED] - println("Viewport top is " + top): null

27-02-2025T17:32:56 - [TEST_STEP][PASSED] - bottom = top + 600: null

27-02-2025T17:32:56 - [TEST_STEP][PASSED] - if (y - top < 150 || bottom - y < 10): null

27-02-2025T17:32:56 - [TEST_STEP][PASSED] - if (action == "click"): null

27-02-2025T17:32:56 - [TEST_STEP][PASSED] - else if (action == "selectOptionByValue"): null

27-02-2025T17:32:56 - [TEST_STEP][PASSED] - else if (action == "setText"): Text 'Electrical Engineering' is set on object 'Object Repository/Journey Candidate Profile/Tabs/Experience/input_Degree Field'

27-02-2025T17:32:56 - [TEST_STEP][PASSED] - println("Setting text " + parm1): null

27-02-2025T17:32:56 - [TEST_STEP][PASSED] - setText(findTestObject(testObject), parm1): Text 'Electrical Engineering' is set on object 'Object Repository/Journey Candidate Profile/Tabs/Experience/input_Degree Field'

27-02-2025T17:32:56 - [MESSAGE][PASSED] - Text 'Electrical Engineering' is set on object 'Object Repository/Journey Candidate Profile/Tabs/Experience/input_Degree Field'

27-02-2025T17:32:56 - [MESSAGE][PASSED] - Call Test Case 'Test Cases/_Functions/Perform Action' successfully

27-02-2025T17:32:56 - [TEST_STEP][PASSED] - if (varOccupation != null): Call Test Case 'Test Cases/_Functions/Perform Action' successfully

27-02-2025T17:32:56 - [TEST_STEP][PASSED] - object = "Object Repository/Journey Candidate Profile/Tabs/Experience/textarea_Occupation": null

27-02-2025T17:32:56 - [TEST_STEP][PASSED] - callTestCase(findTestCase("_Functions/Perform Action"), ["varAction":"setText", "varObject":object, "varParm1":varOccupation], STOP_ON_FAILURE): Call Test Case 'Test Cases/_Functions/Perform Action' successfully

27-02-2025T17:32:56 - [TEST_CASE][PASSED] - Test Cases/_Functions/Perform Action: Test Cases/_Functions/Perform Action

27-02-2025T17:32:56 - [TEST_STEP][PASSED] - action = varAction: null

27-02-2025T17:32:56 - [TEST_STEP][PASSED] - println(action): null

27-02-2025T17:32:56 - [TEST_STEP][PASSED] - testObject = varObject: null

27-02-2025T17:32:56 - [TEST_STEP][PASSED] - println(testObject): null

27-02-2025T17:32:56 - [TEST_STEP][PASSED] - parm1 = varParm1: null

27-02-2025T17:32:56 - [TEST_STEP][PASSED] - println(parm1): null

27-02-2025T17:32:56 - [TEST_STEP][PASSED] - println("Converting " + testObject + " to web element"): null

27-02-2025T17:32:56 - [TEST_STEP][PASSED] - element = findWebElement(findTestObject(testObject), 1): null

27-02-2025T17:32:56 - [TEST_STEP][PASSED] - loc = element.getLocation(): null

27-02-2025T17:32:56 - [TEST_STEP][PASSED] - y = loc.getY(): null

27-02-2025T17:32:56 - [TEST_STEP][PASSED] - println("Y location is " + y): null

27-02-2025T17:32:56 - [TEST_STEP][PASSED] - top = getViewportTopPosition(): Current viewport's top (y) position is 271

27-02-2025T17:32:56 - [MESSAGE][PASSED] - Current viewport's top (y) position is 271

27-02-2025T17:32:56 - [TEST_STEP][PASSED] - println("Viewport top is " + top): null

27-02-2025T17:32:56 - [TEST_STEP][PASSED] - bottom = top + 600: null

27-02-2025T17:32:56 - [TEST_STEP][PASSED] - if (y - top < 150 || bottom - y < 10): null

27-02-2025T17:32:56 - [TEST_STEP][PASSED] - if (action == "click"): null

27-02-2025T17:32:56 - [TEST_STEP][PASSED] - else if (action == "selectOptionByValue"): null

27-02-2025T17:32:56 - [TEST_STEP][PASSED] - else if (action == "setText"): Text 'Business Analyst' is set on object 'Object Repository/Journey Candidate Profile/Tabs/Experience/textarea_Occupation'

27-02-2025T17:32:56 - [TEST_STEP][PASSED] - println("Setting text " + parm1): null

27-02-2025T17:32:56 - [TEST_STEP][PASSED] - setText(findTestObject(testObject), parm1): Text 'Business Analyst' is set on object 'Object Repository/Journey Candidate Profile/Tabs/Experience/textarea_Occupation'

27-02-2025T17:32:56 - [MESSAGE][PASSED] - Text 'Business Analyst' is set on object 'Object Repository/Journey Candidate Profile/Tabs/Experience/textarea_Occupation'

27-02-2025T17:32:56 - [MESSAGE][PASSED] - Call Test Case 'Test Cases/_Functions/Perform Action' successfully

27-02-2025T17:32:56 - [TEST_STEP][PASSED] - if (varCross_cultural != null): Call Test Case 'Test Cases/_Functions/Perform Action' successfully

27-02-2025T17:32:56 - [TEST_STEP][PASSED] - object = "Object Repository/Journey Candidate Profile/Tabs/Experience/select_Cross-Cultural Experience": null

27-02-2025T17:32:56 - [TEST_STEP][PASSED] - callTestCase(findTestCase("_Functions/Perform Action"), ["varAction":"selectOptionByValue", "varObject":object, "varParm1":varCross_cultural], STOP_ON_FAILURE): Call Test Case 'Test Cases/_Functions/Perform Action' successfully

27-02-2025T17:32:56 - [TEST_CASE][PASSED] - Test Cases/_Functions/Perform Action: Test Cases/_Functions/Perform Action

27-02-2025T17:32:56 - [TEST_STEP][PASSED] - action = varAction: null

27-02-2025T17:32:56 - [TEST_STEP][PASSED] - println(action): null

27-02-2025T17:32:56 - [TEST_STEP][PASSED] - testObject = varObject: null

27-02-2025T17:32:56 - [TEST_STEP][PASSED] - println(testObject): null

27-02-2025T17:32:56 - [TEST_STEP][PASSED] - parm1 = varParm1: null

27-02-2025T17:32:56 - [TEST_STEP][PASSED] - println(parm1): null

27-02-2025T17:32:56 - [TEST_STEP][PASSED] - println("Converting " + testObject + " to web element"): null

27-02-2025T17:32:56 - [TEST_STEP][PASSED] - element = findWebElement(findTestObject(testObject), 1): null

27-02-2025T17:32:56 - [TEST_STEP][PASSED] - loc = element.getLocation(): null

27-02-2025T17:32:56 - [TEST_STEP][PASSED] - y = loc.getY(): null

27-02-2025T17:32:56 - [TEST_STEP][PASSED] - println("Y location is " + y): null

27-02-2025T17:32:56 - [TEST_STEP][PASSED] - top = getViewportTopPosition(): Current viewport's top (y) position is 271

27-02-2025T17:32:56 - [MESSAGE][PASSED] - Current viewport's top (y) position is 271

27-02-2025T17:32:56 - [TEST_STEP][PASSED] - println("Viewport top is " + top): null

27-02-2025T17:32:56 - [TEST_STEP][PASSED] - bottom = top + 600: null

27-02-2025T17:32:56 - [TEST_STEP][PASSED] - if (y - top < 150 || bottom - y < 10): null

27-02-2025T17:32:56 - [TEST_STEP][PASSED] - if (action == "click"): null

27-02-2025T17:32:56 - [TEST_STEP][PASSED] - else if (action == "selectOptionByValue"): All options with value 'Occasionally served in cultures other than my own' are selected in object 'Object Repository/Journey Candidate Profile/Tabs/Experience/select_Cross-Cultural Experience' 

27-02-2025T17:32:56 - [TEST_STEP][PASSED] - println("Selecting " + parm1): null

27-02-2025T17:32:56 - [TEST_STEP][PASSED] - selectOptionByValue(findTestObject(testObject), parm1, false): All options with value 'Occasionally served in cultures other than my own' are selected in object 'Object Repository/Journey Candidate Profile/Tabs/Experience/select_Cross-Cultural Experience' 

27-02-2025T17:32:56 - [MESSAGE][PASSED] - All options with value 'Occasionally served in cultures other than my own' are selected in object 'Object Repository/Journey Candidate Profile/Tabs/Experience/select_Cross-Cultural Experience' 

27-02-2025T17:32:56 - [MESSAGE][PASSED] - Call Test Case 'Test Cases/_Functions/Perform Action' successfully

27-02-2025T17:32:56 - [TEST_STEP][PASSED] - if (varLife_experience != null): Call Test Case 'Test Cases/_Functions/Perform Action' successfully

27-02-2025T17:32:56 - [TEST_STEP][PASSED] - object = "Object Repository/Journey Candidate Profile/Tabs/Experience/textarea_Life Experience": null

27-02-2025T17:32:56 - [TEST_STEP][PASSED] - callTestCase(findTestCase("_Functions/Perform Action"), ["varAction":"setText", "varObject":object, "varParm1":varLife_experience], STOP_ON_FAILURE): Call Test Case 'Test Cases/_Functions/Perform Action' successfully

27-02-2025T17:32:56 - [TEST_CASE][PASSED] - Test Cases/_Functions/Perform Action: Test Cases/_Functions/Perform Action

27-02-2025T17:32:56 - [TEST_STEP][PASSED] - action = varAction: null

27-02-2025T17:32:56 - [TEST_STEP][PASSED] - println(action): null

27-02-2025T17:32:56 - [TEST_STEP][PASSED] - testObject = varObject: null

27-02-2025T17:32:56 - [TEST_STEP][PASSED] - println(testObject): null

27-02-2025T17:32:56 - [TEST_STEP][PASSED] - parm1 = varParm1: null

27-02-2025T17:32:56 - [TEST_STEP][PASSED] - println(parm1): null

27-02-2025T17:32:56 - [TEST_STEP][PASSED] - println("Converting " + testObject + " to web element"): null

27-02-2025T17:32:56 - [TEST_STEP][PASSED] - element = findWebElement(findTestObject(testObject), 1): null

27-02-2025T17:32:56 - [TEST_STEP][PASSED] - loc = element.getLocation(): null

27-02-2025T17:32:56 - [TEST_STEP][PASSED] - y = loc.getY(): null

27-02-2025T17:32:56 - [TEST_STEP][PASSED] - println("Y location is " + y): null

27-02-2025T17:32:56 - [TEST_STEP][PASSED] - top = getViewportTopPosition(): Current viewport's top (y) position is 271

27-02-2025T17:32:56 - [MESSAGE][PASSED] - Current viewport's top (y) position is 271

27-02-2025T17:32:56 - [TEST_STEP][PASSED] - println("Viewport top is " + top): null

27-02-2025T17:32:56 - [TEST_STEP][PASSED] - bottom = top + 600: null

27-02-2025T17:32:56 - [TEST_STEP][PASSED] - if (y - top < 150 || bottom - y < 10): null

27-02-2025T17:32:56 - [TEST_STEP][PASSED] - if (action == "click"): null

27-02-2025T17:32:56 - [TEST_STEP][PASSED] - else if (action == "selectOptionByValue"): null

27-02-2025T17:32:56 - [TEST_STEP][PASSED] - else if (action == "setText"): Text 'I've been a believer for 23 years. I went on a mission trip to train Vietnamese in Bible translation' is set on object 'Object Repository/Journey Candidate Profile/Tabs/Experience/textarea_Life Experience'

27-02-2025T17:32:56 - [TEST_STEP][PASSED] - println("Setting text " + parm1): null

27-02-2025T17:32:56 - [TEST_STEP][PASSED] - setText(findTestObject(testObject), parm1): Text 'I've been a believer for 23 years. I went on a mission trip to train Vietnamese in Bible translation' is set on object 'Object Repository/Journey Candidate Profile/Tabs/Experience/textarea_Life Experience'

27-02-2025T17:32:56 - [MESSAGE][PASSED] - Text 'I've been a believer for 23 years. I went on a mission trip to train Vietnamese in Bible translation' is set on object 'Object Repository/Journey Candidate Profile/Tabs/Experience/textarea_Life Experience'

27-02-2025T17:32:56 - [MESSAGE][PASSED] - Call Test Case 'Test Cases/_Functions/Perform Action' successfully

27-02-2025T17:32:56 - [TEST_STEP][PASSED] - if (varIT_professional == "Yes"): Call Test Case 'Test Cases/_Functions/Perform Action' successfully

27-02-2025T17:32:56 - [TEST_STEP][PASSED] - object = "Object Repository/Journey Candidate Profile/Tabs/Experience/checkbox_IT Professional": null

27-02-2025T17:32:56 - [TEST_STEP][PASSED] - callTestCase(findTestCase("_Functions/Perform Action"), ["varAction":"click", "varObject":object], STOP_ON_FAILURE): Call Test Case 'Test Cases/_Functions/Perform Action' successfully

27-02-2025T17:32:56 - [TEST_CASE][PASSED] - Test Cases/_Functions/Perform Action: Test Cases/_Functions/Perform Action

27-02-2025T17:32:56 - [TEST_STEP][PASSED] - action = varAction: null

27-02-2025T17:32:56 - [TEST_STEP][PASSED] - println(action): null

27-02-2025T17:32:56 - [TEST_STEP][PASSED] - testObject = varObject: null

27-02-2025T17:32:56 - [TEST_STEP][PASSED] - println(testObject): null

27-02-2025T17:32:56 - [TEST_STEP][PASSED] - parm1 = varParm1: null

27-02-2025T17:32:56 - [TEST_STEP][PASSED] - println(parm1): null

27-02-2025T17:32:56 - [TEST_STEP][PASSED] - println("Converting " + testObject + " to web element"): null

27-02-2025T17:32:56 - [TEST_STEP][PASSED] - element = findWebElement(findTestObject(testObject), 1): null

27-02-2025T17:32:56 - [TEST_STEP][PASSED] - loc = element.getLocation(): null

27-02-2025T17:32:56 - [TEST_STEP][PASSED] - y = loc.getY(): null

27-02-2025T17:32:56 - [TEST_STEP][PASSED] - println("Y location is " + y): null

27-02-2025T17:32:56 - [TEST_STEP][PASSED] - top = getViewportTopPosition(): Current viewport's top (y) position is 271

27-02-2025T17:32:56 - [MESSAGE][PASSED] - Current viewport's top (y) position is 271

27-02-2025T17:32:56 - [TEST_STEP][PASSED] - println("Viewport top is " + top): null

27-02-2025T17:32:56 - [TEST_STEP][PASSED] - bottom = top + 600: null

27-02-2025T17:32:56 - [TEST_STEP][PASSED] - if (y - top < 150 || bottom - y < 10): null

27-02-2025T17:32:56 - [TEST_STEP][PASSED] - if (action == "click"): Object: 'Object Repository/Journey Candidate Profile/Tabs/Experience/checkbox_IT Professional' is clicked on

27-02-2025T17:32:56 - [TEST_STEP][PASSED] - println("clicking"): null

27-02-2025T17:32:56 - [TEST_STEP][PASSED] - click(findTestObject(testObject)): Object: 'Object Repository/Journey Candidate Profile/Tabs/Experience/checkbox_IT Professional' is clicked on

27-02-2025T17:32:56 - [MESSAGE][PASSED] - Object: 'Object Repository/Journey Candidate Profile/Tabs/Experience/checkbox_IT Professional' is clicked on

27-02-2025T17:32:56 - [MESSAGE][PASSED] - Call Test Case 'Test Cases/_Functions/Perform Action' successfully

27-02-2025T17:32:56 - [TEST_STEP][PASSED] - object = "Journey Candidate Profile/Tabs/btn_Complete Submit": null

27-02-2025T17:32:56 - [TEST_STEP][PASSED] - callTestCase(findTestCase("_Functions/Perform Action"), ["varAction":"click", "varObject":object], STOP_ON_FAILURE): Call Test Case 'Test Cases/_Functions/Perform Action' successfully

27-02-2025T17:32:56 - [TEST_CASE][PASSED] - Test Cases/_Functions/Perform Action: Test Cases/_Functions/Perform Action

27-02-2025T17:32:56 - [TEST_STEP][PASSED] - action = varAction: null

27-02-2025T17:32:56 - [TEST_STEP][PASSED] - println(action): null

27-02-2025T17:32:56 - [TEST_STEP][PASSED] - testObject = varObject: null

27-02-2025T17:32:56 - [TEST_STEP][PASSED] - println(testObject): null

27-02-2025T17:32:56 - [TEST_STEP][PASSED] - parm1 = varParm1: null

27-02-2025T17:32:56 - [TEST_STEP][PASSED] - println(parm1): null

27-02-2025T17:32:56 - [TEST_STEP][PASSED] - println("Converting " + testObject + " to web element"): null

27-02-2025T17:32:56 - [TEST_STEP][PASSED] - element = findWebElement(findTestObject(testObject), 1): null

27-02-2025T17:32:56 - [TEST_STEP][PASSED] - loc = element.getLocation(): null

27-02-2025T17:32:56 - [TEST_STEP][PASSED] - y = loc.getY(): null

27-02-2025T17:32:56 - [TEST_STEP][PASSED] - println("Y location is " + y): null

27-02-2025T17:32:56 - [TEST_STEP][PASSED] - top = getViewportTopPosition(): Current viewport's top (y) position is 271

27-02-2025T17:32:56 - [MESSAGE][PASSED] - Current viewport's top (y) position is 271

27-02-2025T17:32:56 - [TEST_STEP][PASSED] - println("Viewport top is " + top): null

27-02-2025T17:32:56 - [TEST_STEP][PASSED] - bottom = top + 600: null

27-02-2025T17:32:56 - [TEST_STEP][PASSED] - if (y - top < 150 || bottom - y < 10): null

27-02-2025T17:32:56 - [TEST_STEP][PASSED] - if (action == "click"): Object: 'Object Repository/Journey Candidate Profile/Tabs/btn_Complete Submit' is clicked on

27-02-2025T17:32:56 - [TEST_STEP][PASSED] - println("clicking"): null

27-02-2025T17:32:56 - [TEST_STEP][PASSED] - click(findTestObject(testObject)): Object: 'Object Repository/Journey Candidate Profile/Tabs/btn_Complete Submit' is clicked on

27-02-2025T17:32:59 - [MESSAGE][PASSED] - Object: 'Object Repository/Journey Candidate Profile/Tabs/btn_Complete Submit' is clicked on

27-02-2025T17:32:59 - [MESSAGE][PASSED] - Call Test Case 'Test Cases/_Functions/Perform Action' successfully

27-02-2025T17:32:59 - [MESSAGE][PASSED] - Call Test Case 'Test Cases/Journey Candidate Profile/Tabs/Set Experience' successfully

27-02-2025T17:32:59 - [TEST_STEP][PASSED] - if (pages.size() == 0 || "All" in pages || "Situation" in pages): Call Test Case 'Test Cases/Journey Candidate Profile/Tabs/Set Situation' successfully

27-02-2025T17:32:59 - [TEST_STEP][PASSED] - process_stage = "I am actively investigating missions": null

27-02-2025T17:32:59 - [TEST_STEP][PASSED] - bible_training = "Some Bible school classes": null

27-02-2025T17:32:59 - [TEST_STEP][PASSED] - describe_training = "I audited some classes at Crown College": null

27-02-2025T17:32:59 - [TEST_STEP][PASSED] - perspectives = "I am planning to take the Perspectives Course": null

27-02-2025T17:32:59 - [TEST_STEP][PASSED] - missions_experience = "I have attended a missions event": null

27-02-2025T17:32:59 - [TEST_STEP][PASSED] - interest_in_missionary_training = "Maybe, need more information": null

27-02-2025T17:32:59 - [TEST_STEP][PASSED] - church_affiliated = "Yes": null

27-02-2025T17:32:59 - [TEST_STEP][PASSED] - church_name = "Parkside Church of the C&MA": null

27-02-2025T17:32:59 - [TEST_STEP][PASSED] - church_involvement = "I am serving in my local church": null

27-02-2025T17:32:59 - [TEST_STEP][PASSED] - journey_guide = "Maybe at a later time": null

27-02-2025T17:32:59 - [TEST_STEP][PASSED] - callTestCase(findTestCase("Journey Candidate Profile/Tabs/Set Situation"), ["varProcess_stage":process_stage, "varBible_training":bible_training, "varDescribe_training":describe_training, "varPerspectives":perspectives, ... ], STOP_ON_FAILURE): Call Test Case 'Test Cases/Journey Candidate Profile/Tabs/Set Situation' successfully

27-02-2025T17:32:59 - [TEST_CASE][PASSED] - Test Cases/Journey Candidate Profile/Tabs/Set Situation: Test Cases/Journey Candidate Profile/Tabs/Set Situation

27-02-2025T17:32:59 - [TEST_STEP][PASSED] - username = username: null

27-02-2025T17:32:59 - [TEST_STEP][PASSED] - if (username != "cktest05jc"): null

27-02-2025T17:32:59 - [TEST_STEP][PASSED] - testName = "Journey Candidate Situation Tab": null

27-02-2025T17:32:59 - [TEST_STEP][PASSED] - outFile = callTestCase(findTestCase("_Functions/Set Output File"), ["varTestName":testName], STOP_ON_FAILURE): Call Test Case 'Test Cases/_Functions/Set Output File' successfully

27-02-2025T17:32:59 - [TEST_CASE][PASSED] - Test Cases/_Functions/Set Output File: Test Cases/_Functions/Set Output File

27-02-2025T17:32:59 - [TEST_STEP][PASSED] - testName = varTestName: null

27-02-2025T17:32:59 - [TEST_STEP][PASSED] - domain = domain: null

27-02-2025T17:32:59 - [TEST_STEP][PASSED] - writeFile = false: null

27-02-2025T17:32:59 - [TEST_STEP][PASSED] - if (outFile != ""): null

27-02-2025T17:32:59 - [TEST_STEP][PASSED] - myFile = outFile: null

27-02-2025T17:32:59 - [TEST_STEP][PASSED] - println(myFile): null

27-02-2025T17:32:59 - [TEST_STEP][PASSED] - outFile = new java.io.File(myFile): null

27-02-2025T17:32:59 - [TEST_STEP][PASSED] - writeFile = true: null

27-02-2025T17:32:59 - [TEST_STEP][PASSED] - if (!(writeFile)): null

27-02-2025T17:32:59 - [TEST_STEP][PASSED] - else: null

27-02-2025T17:32:59 - [TEST_STEP][PASSED] - outFile.append("
Testing " + testName + " on " + domain + ".
"): null

27-02-2025T17:32:59 - [TEST_STEP][PASSED] - return outFile: null

27-02-2025T17:32:59 - [MESSAGE][PASSED] - Call Test Case 'Test Cases/_Functions/Set Output File' successfully

27-02-2025T17:32:59 - [TEST_STEP][PASSED] - parms = [varProcess_stage, varBible_training, varMissions_experience, varInterest_in_missionary_training, varChurch_affiliated, varJourney_guide]: null

27-02-2025T17:32:59 - [TEST_STEP][PASSED] - process_stage = "//input[@name='profile[group-1445373964.535][process_stage]']": null

27-02-2025T17:32:59 - [TEST_STEP][PASSED] - bible_training = "//input[@name='profile[group-1445373964.535][bible_training]']": null

27-02-2025T17:32:59 - [TEST_STEP][PASSED] - mission_experience = "//input[@id='profile_group-1445373964.535_missions_exposure']": null

27-02-2025T17:32:59 - [TEST_STEP][PASSED] - interest_in_mission_training = "//input[@name='profile[group-1445373964.535][interest_in_missionary_training]']": null

27-02-2025T17:32:59 - [TEST_STEP][PASSED] - church_affiliated = "//input[@name='profile[group-1445373964.535][affiliated_with_church]']": null

27-02-2025T17:32:59 - [TEST_STEP][PASSED] - journey_guide_option = "//input[@name='profile[group-1445373964.535][journey_guide_option]']": null

27-02-2025T17:32:59 - [TEST_STEP][PASSED] - url = getUrl(OPTIONAL): Current window's url is: 'https://journey.missionnext.org/profile?requestUri=/dashboard'

27-02-2025T17:32:59 - [MESSAGE][PASSED] - Current window's url is: 'https://journey.missionnext.org/profile?requestUri=/dashboard'

27-02-2025T17:32:59 - [TEST_STEP][PASSED] - if (!(url) == "https://Journey." + domain + "/profile?requestUri=/dashboard"): null

27-02-2025T17:32:59 - [TEST_STEP][PASSED] - xpaths = [process_stage, bible_training, mission_experience, interest_in_mission_training, church_affiliated, journey_guide_option]: null

27-02-2025T17:32:59 - [TEST_STEP][PASSED] - tooltipImagePath = "/Users/cckozie/git/MissionNext-Katalon-Koz/images/education candidate/": null

27-02-2025T17:32:59 - [TEST_STEP][PASSED] - testObjectFolder = "Journey Candidate Profile/Tabs/Situation/": null

27-02-2025T17:32:59 - [TEST_STEP][PASSED] - tooltips = ["dummy":"dummy", "Bible Training":"img_Bible Training_field-tooltip", "Affiliated with a church":"img_Affiliated with a church_field-tooltip"]: null

27-02-2025T17:32:59 - [TEST_STEP][PASSED] - tooltipText = ["Bible Training":"If you have attended Sunday School classes for years, select Informal Training. If you have attended or taught Bible classes, select Some Bible School Classes.If your preferred assignments do not require Bible training, you can select Not Applicable.", "Affiliated with a church":"This would be a church with a staff member that can provide a reference, if requested. "]: null

27-02-2025T17:32:59 - [TEST_STEP][PASSED] - requiredFieldMsgs = ["Mission Experience":"The missions exposure field is required."]: null

27-02-2025T17:32:59 - [TEST_STEP][PASSED] - click(findTestObject("Object Repository/Journey Candidate Profile/Tabs/a_Situation")): Object: 'Object Repository/Journey Candidate Profile/Tabs/a_Situation' is clicked on

27-02-2025T17:32:59 - [MESSAGE][PASSED] - Object: 'Object Repository/Journey Candidate Profile/Tabs/a_Situation' is clicked on

27-02-2025T17:32:59 - [TEST_STEP][PASSED] - tooltipTextMap = callTestCase(findTestCase("_Functions/Get Screenshot and Tooltip Text"), ["varExtension":testName], STOP_ON_FAILURE): Call Test Case 'Test Cases/_Functions/Get Screenshot and Tooltip Text' successfully

27-02-2025T17:32:59 - [TEST_CASE][PASSED] - Test Cases/_Functions/Get Screenshot and Tooltip Text: Test Cases/_Functions/Get Screenshot and Tooltip Text

27-02-2025T17:32:59 - [TEST_STEP][PASSED] - if (fastPath): null

27-02-2025T17:32:59 - [TEST_STEP][PASSED] - frame = new javax.swing.JFrame(): null

27-02-2025T17:32:59 - [TEST_STEP][PASSED] - p = new javax.swing.JPanel(): null

27-02-2025T17:32:59 - [TEST_STEP][PASSED] - l = new javax.swing.JLabel(Getting screenshot and tooltip text..., javax.swing.SwingConstants.CENTER): null

27-02-2025T17:32:59 - [TEST_STEP][PASSED] - frame.add(l): null

27-02-2025T17:32:59 - [TEST_STEP][PASSED] - frame.setSize(300, 100): null

27-02-2025T17:32:59 - [TEST_STEP][PASSED] - frame.setLocation(600, 0): null

27-02-2025T17:32:59 - [TEST_STEP][PASSED] - frame.setAlwaysOnTop(true): null

27-02-2025T17:32:59 - [TEST_STEP][PASSED] - frame.show(): null

27-02-2025T17:32:59 - [TEST_STEP][PASSED] - driver = getWebDriver(): null

27-02-2025T17:32:59 - [TEST_STEP][PASSED] - path = "/Users/cckozie/Documents/MissionNext/Screenshots and Tooltip Text/": null

27-02-2025T17:32:59 - [TEST_STEP][PASSED] - if (binding.hasVariable("varExtension")): null

27-02-2025T17:32:59 - [TEST_STEP][PASSED] - extension = varExtension: null

27-02-2025T17:32:59 - [TEST_STEP][PASSED] - println("Extension is " + extension): null

27-02-2025T17:32:59 - [TEST_STEP][PASSED] - fileBase = path + extension: null

27-02-2025T17:32:59 - [TEST_STEP][PASSED] - fileImage = fileBase + "_Screenshot.png": null

27-02-2025T17:32:59 - [TEST_STEP][PASSED] - waitForPageLoad(30): Wait for page load successfully

27-02-2025T17:32:59 - [MESSAGE][PASSED] - Wait for page load successfully

27-02-2025T17:32:59 - [TEST_STEP][PASSED] - spinner = driver.findElement(By.xpath("/html/body/div[1]/div/div[2]")): null

27-02-2025T17:32:59 - [TEST_STEP][PASSED] - executor = driver: null

27-02-2025T17:32:59 - [TEST_STEP][PASSED] - elementAttributes = executor.executeScript("var items = {}; for (index = 0; index < arguments[0].attributes.length; ++index) { items[arguments[0].attributes[index].name] = arguments[0].attributes[index].value }; return items;", spinner): null

27-02-2025T17:32:59 - [TEST_STEP][PASSED] - attrs = elementAttributes.toString(): null

27-02-2025T17:32:59 - [TEST_STEP][PASSED] - waits = 0: null

27-02-2025T17:32:59 - [TEST_STEP][PASSED] - while (attrs.indexOf("display: none") < 0 && waits < 2): null

27-02-2025T17:32:59 - [TEST_STEP][PASSED] - delay(1): Delayed 1 second(s)

27-02-2025T17:33:00 - [MESSAGE][PASSED] - Delayed 1 second(s)

27-02-2025T17:33:00 - [TEST_STEP][PASSED] - attrs = elementAttributes.toString(): null

27-02-2025T17:33:00 - [TEST_STEP][PASSED] - (waits++): null

27-02-2025T17:33:00 - [TEST_STEP][PASSED] - delay(1): Delayed 1 second(s)

27-02-2025T17:33:01 - [MESSAGE][PASSED] - Delayed 1 second(s)

27-02-2025T17:33:01 - [TEST_STEP][PASSED] - attrs = elementAttributes.toString(): null

27-02-2025T17:33:01 - [TEST_STEP][PASSED] - (waits++): null

27-02-2025T17:33:01 - [TEST_STEP][PASSED] - tooltipMap = callTestCase(findTestCase("_Functions/Get Tooltip Text"), [:], STOP_ON_FAILURE): Call Test Case 'Test Cases/_Functions/Get Tooltip Text' successfully

27-02-2025T17:33:01 - [TEST_CASE][PASSED] - Test Cases/_Functions/Get Tooltip Text: Test Cases/_Functions/Get Tooltip Text

27-02-2025T17:33:01 - [TEST_STEP][PASSED] - fieldTooltips = [:]: null

27-02-2025T17:33:01 - [TEST_STEP][PASSED] - tooltipMap = [:]: null

27-02-2025T17:33:01 - [TEST_STEP][PASSED] - driver = getWebDriver(): null

27-02-2025T17:33:01 - [TEST_STEP][PASSED] - tooltips = driver.findElements(By.className("field-tooltip")): null

27-02-2025T17:33:01 - [TEST_STEP][PASSED] - for (def it : tooltips): null

27-02-2025T17:33:01 - [TEST_STEP][PASSED] - if (it.isDisplayed()): null

27-02-2025T17:33:01 - [TEST_STEP][PASSED] - if (it.isDisplayed()): null

27-02-2025T17:33:01 - [TEST_STEP][PASSED] - if (it.isDisplayed()): null

27-02-2025T17:33:01 - [TEST_STEP][PASSED] - if (it.isDisplayed()): null

27-02-2025T17:33:01 - [TEST_STEP][PASSED] - if (it.isDisplayed()): null

27-02-2025T17:33:01 - [TEST_STEP][PASSED] - if (it.isDisplayed()): null

27-02-2025T17:33:01 - [TEST_STEP][PASSED] - if (it.isDisplayed()): null

27-02-2025T17:33:01 - [TEST_STEP][PASSED] - if (it.isDisplayed()): null

27-02-2025T17:33:01 - [TEST_STEP][PASSED] - if (it.isDisplayed()): null

27-02-2025T17:33:01 - [TEST_STEP][PASSED] - if (it.isDisplayed()): null

27-02-2025T17:33:01 - [TEST_STEP][PASSED] - ttText = it.getAttribute("data-original-title"): null

27-02-2025T17:33:01 - [TEST_STEP][PASSED] - ttLocation = it.getLocation(): null

27-02-2025T17:33:01 - [TEST_STEP][PASSED] - yLocation = ttLocation.getY(): null

27-02-2025T17:33:01 - [TEST_STEP][PASSED] - xLocation = ttLocation.getX(): null

27-02-2025T17:33:01 - [TEST_STEP][PASSED] - fieldTooltips.put(ttText, yLocation): null

27-02-2025T17:33:01 - [TEST_STEP][PASSED] - if (it.isDisplayed()): null

27-02-2025T17:33:01 - [TEST_STEP][PASSED] - ttText = it.getAttribute("data-original-title"): null

27-02-2025T17:33:01 - [TEST_STEP][PASSED] - ttLocation = it.getLocation(): null

27-02-2025T17:33:01 - [TEST_STEP][PASSED] - yLocation = ttLocation.getY(): null

27-02-2025T17:33:01 - [TEST_STEP][PASSED] - xLocation = ttLocation.getX(): null

27-02-2025T17:33:01 - [TEST_STEP][PASSED] - fieldTooltips.put(ttText, yLocation): null

27-02-2025T17:33:01 - [TEST_STEP][PASSED] - if (it.isDisplayed()): null

27-02-2025T17:33:01 - [TEST_STEP][PASSED] - if (it.isDisplayed()): null

27-02-2025T17:33:01 - [TEST_STEP][PASSED] - if (it.isDisplayed()): null

27-02-2025T17:33:01 - [TEST_STEP][PASSED] - if (it.isDisplayed()): null

27-02-2025T17:33:01 - [TEST_STEP][PASSED] - if (it.isDisplayed()): null

27-02-2025T17:33:01 - [TEST_STEP][PASSED] - if (it.isDisplayed()): null

27-02-2025T17:33:01 - [TEST_STEP][PASSED] - if (it.isDisplayed()): null

27-02-2025T17:33:01 - [TEST_STEP][PASSED] - if (it.isDisplayed()): null

27-02-2025T17:33:01 - [TEST_STEP][PASSED] - if (it.isDisplayed()): null

27-02-2025T17:33:01 - [TEST_STEP][PASSED] - if (it.isDisplayed()): null

27-02-2025T17:33:01 - [TEST_STEP][PASSED] - if (it.isDisplayed()): null

27-02-2025T17:33:01 - [TEST_STEP][PASSED] - if (it.isDisplayed()): null

27-02-2025T17:33:01 - [TEST_STEP][PASSED] - if (it.isDisplayed()): null

27-02-2025T17:33:01 - [TEST_STEP][PASSED] - if (it.isDisplayed()): null

27-02-2025T17:33:01 - [TEST_STEP][PASSED] - if (it.isDisplayed()): null

27-02-2025T17:33:01 - [TEST_STEP][PASSED] - if (it.isDisplayed()): null

27-02-2025T17:33:01 - [TEST_STEP][PASSED] - if (it.isDisplayed()): null

27-02-2025T17:33:01 - [TEST_STEP][PASSED] - if (it.isDisplayed()): null

27-02-2025T17:33:01 - [TEST_STEP][PASSED] - if (fieldTooltips.size() > 0): null

27-02-2025T17:33:01 - [TEST_STEP][PASSED] - rightBorder = xLocation: null

27-02-2025T17:33:01 - [TEST_STEP][PASSED] - fieldLabels = [:]: null

27-02-2025T17:33:01 - [TEST_STEP][PASSED] - labels = driver.findElements(By.xpath("//label")): null

27-02-2025T17:33:01 - [TEST_STEP][PASSED] - labels.each({ -> ... }): null

27-02-2025T17:33:04 - [TEST_STEP][PASSED] - for (def label : fieldLabels): null

27-02-2025T17:33:04 - [TEST_STEP][PASSED] - y = value: null

27-02-2025T17:33:04 - [TEST_STEP][PASSED] - for (def tooltip : fieldTooltips): null

27-02-2025T17:33:04 - [TEST_STEP][PASSED] - if (value == y || value == y + 1 || value == y - 1): null

27-02-2025T17:33:04 - [TEST_STEP][PASSED] - if (value == y || value == y + 1 || value == y - 1): null

27-02-2025T17:33:04 - [TEST_STEP][PASSED] - y = value: null

27-02-2025T17:33:04 - [TEST_STEP][PASSED] - for (def tooltip : fieldTooltips): null

27-02-2025T17:33:04 - [TEST_STEP][PASSED] - if (value == y || value == y + 1 || value == y - 1): null

27-02-2025T17:33:04 - [TEST_STEP][PASSED] - if (value == y || value == y + 1 || value == y - 1): null

27-02-2025T17:33:04 - [TEST_STEP][PASSED] - y = value: null

27-02-2025T17:33:04 - [TEST_STEP][PASSED] - for (def tooltip : fieldTooltips): null

27-02-2025T17:33:04 - [TEST_STEP][PASSED] - if (value == y || value == y + 1 || value == y - 1): null

27-02-2025T17:33:04 - [TEST_STEP][PASSED] - tooltipMap.put(key, key): null

27-02-2025T17:33:04 - [TEST_STEP][PASSED] - break: null

27-02-2025T17:33:04 - [TEST_STEP][PASSED] - y = value: null

27-02-2025T17:33:04 - [TEST_STEP][PASSED] - for (def tooltip : fieldTooltips): null

27-02-2025T17:33:04 - [TEST_STEP][PASSED] - if (value == y || value == y + 1 || value == y - 1): null

27-02-2025T17:33:04 - [TEST_STEP][PASSED] - if (value == y || value == y + 1 || value == y - 1): null

27-02-2025T17:33:04 - [TEST_STEP][PASSED] - y = value: null

27-02-2025T17:33:04 - [TEST_STEP][PASSED] - for (def tooltip : fieldTooltips): null

27-02-2025T17:33:04 - [TEST_STEP][PASSED] - if (value == y || value == y + 1 || value == y - 1): null

27-02-2025T17:33:04 - [TEST_STEP][PASSED] - if (value == y || value == y + 1 || value == y - 1): null

27-02-2025T17:33:04 - [TEST_STEP][PASSED] - y = value: null

27-02-2025T17:33:04 - [TEST_STEP][PASSED] - for (def tooltip : fieldTooltips): null

27-02-2025T17:33:04 - [TEST_STEP][PASSED] - if (value == y || value == y + 1 || value == y - 1): null

27-02-2025T17:33:04 - [TEST_STEP][PASSED] - if (value == y || value == y + 1 || value == y - 1): null

27-02-2025T17:33:04 - [TEST_STEP][PASSED] - y = value: null

27-02-2025T17:33:04 - [TEST_STEP][PASSED] - for (def tooltip : fieldTooltips): null

27-02-2025T17:33:04 - [TEST_STEP][PASSED] - if (value == y || value == y + 1 || value == y - 1): null

27-02-2025T17:33:04 - [TEST_STEP][PASSED] - if (value == y || value == y + 1 || value == y - 1): null

27-02-2025T17:33:04 - [TEST_STEP][PASSED] - y = value: null

27-02-2025T17:33:04 - [TEST_STEP][PASSED] - for (def tooltip : fieldTooltips): null

27-02-2025T17:33:04 - [TEST_STEP][PASSED] - if (value == y || value == y + 1 || value == y - 1): null

27-02-2025T17:33:04 - [TEST_STEP][PASSED] - if (value == y || value == y + 1 || value == y - 1): null

27-02-2025T17:33:04 - [TEST_STEP][PASSED] - tooltipMap.put(key, key): null

27-02-2025T17:33:04 - [TEST_STEP][PASSED] - break: null

27-02-2025T17:33:04 - [TEST_STEP][PASSED] - y = value: null

27-02-2025T17:33:04 - [TEST_STEP][PASSED] - for (def tooltip : fieldTooltips): null

27-02-2025T17:33:04 - [TEST_STEP][PASSED] - if (value == y || value == y + 1 || value == y - 1): null

27-02-2025T17:33:04 - [TEST_STEP][PASSED] - if (value == y || value == y + 1 || value == y - 1): null

27-02-2025T17:33:04 - [TEST_STEP][PASSED] - y = value: null

27-02-2025T17:33:04 - [TEST_STEP][PASSED] - for (def tooltip : fieldTooltips): null

27-02-2025T17:33:04 - [TEST_STEP][PASSED] - if (value == y || value == y + 1 || value == y - 1): null

27-02-2025T17:33:04 - [TEST_STEP][PASSED] - if (value == y || value == y + 1 || value == y - 1): null

27-02-2025T17:33:04 - [TEST_STEP][PASSED] - y = value: null

27-02-2025T17:33:04 - [TEST_STEP][PASSED] - for (def tooltip : fieldTooltips): null

27-02-2025T17:33:04 - [TEST_STEP][PASSED] - if (value == y || value == y + 1 || value == y - 1): null

27-02-2025T17:33:04 - [TEST_STEP][PASSED] - if (value == y || value == y + 1 || value == y - 1): null

27-02-2025T17:33:04 - [TEST_STEP][PASSED] - return tooltipMap: null

27-02-2025T17:33:04 - [MESSAGE][PASSED] - Call Test Case 'Test Cases/_Functions/Get Tooltip Text' successfully

27-02-2025T17:33:04 - [TEST_STEP][PASSED] - if (tooltipMap.size() > 0): null

27-02-2025T17:33:04 - [TEST_STEP][PASSED] - file = fileBase + "_Tooltips.csv": null

27-02-2025T17:33:04 - [TEST_STEP][PASSED] - outText = "FIELD LABEL" + "," + "TOOLTIP TEXT" + "

": null

27-02-2025T17:33:04 - [TEST_STEP][PASSED] - for (def it : tooltipMap): null

27-02-2025T17:33:04 - [TEST_STEP][PASSED] - name = key: null

27-02-2025T17:33:04 - [TEST_STEP][PASSED] - value = value.replace("
", ""): null

27-02-2025T17:33:04 - [TEST_STEP][PASSED] - value = value.trim(): null

27-02-2025T17:33:04 - [TEST_STEP][PASSED] - value = """ + value + """: null

27-02-2025T17:33:04 - [TEST_STEP][PASSED] - outText = outText + name + "," + value: null

27-02-2025T17:33:04 - [TEST_STEP][PASSED] - outText = outText + "
": null

27-02-2025T17:33:04 - [TEST_STEP][PASSED] - println(outText): null

27-02-2025T17:33:04 - [TEST_STEP][PASSED] - name = key: null

27-02-2025T17:33:04 - [TEST_STEP][PASSED] - value = value.replace("
", ""): null

27-02-2025T17:33:04 - [TEST_STEP][PASSED] - value = value.trim(): null

27-02-2025T17:33:04 - [TEST_STEP][PASSED] - value = """ + value + """: null

27-02-2025T17:33:04 - [TEST_STEP][PASSED] - outText = outText + name + "," + value: null

27-02-2025T17:33:04 - [TEST_STEP][PASSED] - outText = outText + "
": null

27-02-2025T17:33:04 - [TEST_STEP][PASSED] - println(outText): null

27-02-2025T17:33:04 - [TEST_STEP][PASSED] - outFile = new java.io.File(file): null

27-02-2025T17:33:04 - [TEST_STEP][PASSED] - println(outText): null

27-02-2025T17:33:04 - [TEST_STEP][PASSED] - outFile.write(outText): null

27-02-2025T17:33:04 - [TEST_STEP][PASSED] - takeFullPageScreenshot(fileImage): Taking screenshot successfully

27-02-2025T17:33:05 - [MESSAGE][INFO] - 0 hidden object(s)

27-02-2025T17:33:05 - [MESSAGE][PASSED] - Taking screenshot successfully
[[ATTACHMENT|/Users/cckozie/Documents/MissionNext/Screenshots and Tooltip Text/Journey Candidate Situation Tab_Screenshot.png]]

27-02-2025T17:33:05 - [TEST_STEP][PASSED] - frame.dispose(): null

27-02-2025T17:33:05 - [TEST_STEP][PASSED] - return tooltipMap: null

27-02-2025T17:33:05 - [MESSAGE][PASSED] - Call Test Case 'Test Cases/_Functions/Get Screenshot and Tooltip Text' successfully

27-02-2025T17:33:05 - [TEST_STEP][PASSED] - callTestCase(findTestCase("_Functions/Test Tooltips"), ["varTooltipImagePath":tooltipImagePath, "varTooltips":tooltips, "varTooltipText":tooltipText, "varTestObjectFolder":testObjectFolder, ... ], STOP_ON_FAILURE): Call Test Case 'Test Cases/_Functions/Test Tooltips' successfully

27-02-2025T17:33:06 - [TEST_CASE][PASSED] - Test Cases/_Functions/Test Tooltips: Test Cases/_Functions/Test Tooltips

27-02-2025T17:33:06 - [TEST_STEP][PASSED] - if (fastPath): null

27-02-2025T17:33:06 - [TEST_STEP][PASSED] - tooltipImagePath = varTooltipImagePath: null

27-02-2025T17:33:06 - [TEST_STEP][PASSED] - tooltips = varTooltips: null

27-02-2025T17:33:06 - [TEST_STEP][PASSED] - tooltipText = varTooltipText: null

27-02-2025T17:33:06 - [TEST_STEP][PASSED] - testObjectFolder = varTestObjectFolder: null

27-02-2025T17:33:06 - [TEST_STEP][PASSED] - tooltipTextMap = varTooltipTextMap: null

27-02-2025T17:33:06 - [TEST_STEP][PASSED] - writeFile = false: null

27-02-2025T17:33:06 - [TEST_STEP][PASSED] - if (outFile != ""): null

27-02-2025T17:33:06 - [TEST_STEP][PASSED] - myFile = outFile: null

27-02-2025T17:33:06 - [TEST_STEP][PASSED] - println(myFile): null

27-02-2025T17:33:06 - [TEST_STEP][PASSED] - outFile = new java.io.File(myFile): null

27-02-2025T17:33:06 - [TEST_STEP][PASSED] - writeFile = true: null

27-02-2025T17:33:06 - [TEST_STEP][PASSED] - driver = getWebDriver(): null

27-02-2025T17:33:06 - [TEST_STEP][PASSED] - action = new org.openqa.selenium.interactions.Actions(driver): null

27-02-2025T17:33:06 - [TEST_STEP][PASSED] - s = new org.sikuli.script.Screen(): null

27-02-2025T17:33:06 - [TEST_STEP][PASSED] - outText = "Verifying the tooltips can be displayed.
": null

27-02-2025T17:33:06 - [TEST_STEP][PASSED] - outFile.append(outText): null

27-02-2025T17:33:06 - [TEST_STEP][PASSED] - first = true: null

27-02-2025T17:33:06 - [TEST_STEP][PASSED] - for (def it : tooltips): null

27-02-2025T17:33:06 - [TEST_STEP][PASSED] - myKey = key: null

27-02-2025T17:33:06 - [TEST_STEP][PASSED] - myValue = value: null

27-02-2025T17:33:06 - [TEST_STEP][PASSED] - println("myKey is " + myKey): null

27-02-2025T17:33:06 - [TEST_STEP][PASSED] - println("myValue is " + myValue): null

27-02-2025T17:33:06 - [TEST_STEP][PASSED] - if (myKey != "dummy"): null

27-02-2025T17:33:06 - [TEST_STEP][PASSED] - else: null

27-02-2025T17:33:06 - [TEST_STEP][PASSED] - myImage = "/Users/cckozie/git/MissionNext-Katalon-Koz/images/dummy.png": null

27-02-2025T17:33:06 - [TEST_STEP][PASSED] - f = new java.io.File(myImage): null

27-02-2025T17:33:06 - [TEST_STEP][PASSED] - if (f.exists()): null

27-02-2025T17:33:06 - [TEST_STEP][PASSED] - println("Looking for " + myImage): null

27-02-2025T17:33:06 - [TEST_STEP][PASSED] - icn = Pattern(myImage).similar(0.10): null

27-02-2025T17:33:06 - [TEST_STEP][PASSED] - found = s.exists(icn): null

27-02-2025T17:33:06 - [TEST_STEP][PASSED] - println(found): null

27-02-2025T17:33:06 - [TEST_STEP][PASSED] - if (found != null): null

27-02-2025T17:33:06 - [TEST_STEP][PASSED] - foundStr = found.toString(): null

27-02-2025T17:33:06 - [TEST_STEP][PASSED] - matchP = foundStr.indexOf("%"): null

27-02-2025T17:33:06 - [TEST_STEP][PASSED] - if (matchP >= 0): null

27-02-2025T17:33:06 - [TEST_STEP][PASSED] - println(matchP): null

27-02-2025T17:33:06 - [TEST_STEP][PASSED] - pct = foundStr.substring(matchP + 1, matchP + 6): null

27-02-2025T17:33:06 - [TEST_STEP][PASSED] - pctF = pct.toFloat(): null

27-02-2025T17:33:06 - [TEST_STEP][PASSED] - outText = "+++ Tooltip match value for " + myKey + " is " + pctF + "%": null

27-02-2025T17:33:06 - [TEST_STEP][PASSED] - min = 80: null

27-02-2025T17:33:06 - [TEST_STEP][PASSED] - if (pctF.toFloat() < min.toFloat()): null

27-02-2025T17:33:06 - [TEST_STEP][PASSED] - outText = ">>>>> " + outText + " <<<<<": null

27-02-2025T17:33:06 - [TEST_STEP][PASSED] - if (myKey != "dummy"): null

27-02-2025T17:33:06 - [TEST_STEP][PASSED] - myKey = key: null

27-02-2025T17:33:06 - [TEST_STEP][PASSED] - myValue = value: null

27-02-2025T17:33:06 - [TEST_STEP][PASSED] - println("myKey is " + myKey): null

27-02-2025T17:33:06 - [TEST_STEP][PASSED] - println("myValue is " + myValue): null

27-02-2025T17:33:06 - [TEST_STEP][PASSED] - if (myKey != "dummy"): null

27-02-2025T17:33:06 - [TEST_STEP][PASSED] - tObj = testObjectFolder + myValue: null

27-02-2025T17:33:06 - [TEST_STEP][PASSED] - click(tObj): null

27-02-2025T17:33:06 - [TEST_STEP][PASSED] - scrollToObject(object): null

27-02-2025T17:33:06 - [TEST_STEP][PASSED] - println("Converting " + object + " to web element"): null

27-02-2025T17:33:06 - [TEST_STEP][PASSED] - element = findWebElement(findTestObject(object), 1): null

27-02-2025T17:33:06 - [TEST_STEP][PASSED] - loc = element.getLocation(): null

27-02-2025T17:33:06 - [TEST_STEP][PASSED] - x = loc.getX(): null

27-02-2025T17:33:06 - [TEST_STEP][PASSED] - if (x >= 560): null

27-02-2025T17:33:06 - [TEST_STEP][PASSED] - y = loc.getY(): null

27-02-2025T17:33:06 - [TEST_STEP][PASSED] - println("Y location is " + y): null

27-02-2025T17:33:06 - [TEST_STEP][PASSED] - top = getViewportTopPosition(): Current viewport's top (y) position is 85

27-02-2025T17:33:06 - [MESSAGE][PASSED] - Current viewport's top (y) position is 85

27-02-2025T17:33:06 - [TEST_STEP][PASSED] - println("Viewport top is " + top): null

27-02-2025T17:33:06 - [TEST_STEP][PASSED] - bottom = top + 600: null

27-02-2025T17:33:06 - [TEST_STEP][PASSED] - if (y - top < 150 || bottom - y < 10): null

27-02-2025T17:33:06 - [TEST_STEP][PASSED] - click(findTestObject(object)): null

27-02-2025T17:33:06 - [MESSAGE][PASSED] - Object: 'Object Repository/Journey Candidate Profile/Tabs/Situation/img_Bible Training_field-tooltip' is clicked on

27-02-2025T17:33:06 - [TEST_STEP][PASSED] - delay(1): Delayed 1 second(s)

27-02-2025T17:33:07 - [MESSAGE][PASSED] - Delayed 1 second(s)

27-02-2025T17:33:07 - [TEST_STEP][PASSED] - myImage = tooltipImagePath + myKey + ".png": null

27-02-2025T17:33:07 - [TEST_STEP][PASSED] - f = new java.io.File(myImage): null

27-02-2025T17:33:07 - [TEST_STEP][PASSED] - if (f.exists()): null

27-02-2025T17:33:07 - [TEST_STEP][PASSED] - println("Looking for " + myImage): null

27-02-2025T17:33:07 - [TEST_STEP][PASSED] - icn = Pattern(myImage).similar(0.10): null

27-02-2025T17:33:07 - [TEST_STEP][PASSED] - found = s.exists(icn): null

27-02-2025T17:33:07 - [TEST_STEP][PASSED] - println(found): null

27-02-2025T17:33:07 - [TEST_STEP][PASSED] - if (found != null): null

27-02-2025T17:33:07 - [TEST_STEP][PASSED] - foundStr = found.toString(): null

27-02-2025T17:33:07 - [TEST_STEP][PASSED] - matchP = foundStr.indexOf("%"): null

27-02-2025T17:33:07 - [TEST_STEP][PASSED] - if (matchP >= 0): null

27-02-2025T17:33:07 - [TEST_STEP][PASSED] - println(matchP): null

27-02-2025T17:33:07 - [TEST_STEP][PASSED] - pct = foundStr.substring(matchP + 1, matchP + 6): null

27-02-2025T17:33:07 - [TEST_STEP][PASSED] - pctF = pct.toFloat(): null

27-02-2025T17:33:07 - [TEST_STEP][PASSED] - outText = "+++ Tooltip match value for " + myKey + " is " + pctF + "%": null

27-02-2025T17:33:07 - [TEST_STEP][PASSED] - min = 80: null

27-02-2025T17:33:07 - [TEST_STEP][PASSED] - if (pctF.toFloat() < min.toFloat()): null

27-02-2025T17:33:07 - [TEST_STEP][PASSED] - if (myKey != "dummy"): null

27-02-2025T17:33:07 - [TEST_STEP][PASSED] - println(outText): null

27-02-2025T17:33:07 - [TEST_STEP][PASSED] - outFile.append(outText + "
"): null

27-02-2025T17:33:07 - [TEST_STEP][PASSED] - myKey = key: null

27-02-2025T17:33:07 - [TEST_STEP][PASSED] - myValue = value: null

27-02-2025T17:33:07 - [TEST_STEP][PASSED] - println("myKey is " + myKey): null

27-02-2025T17:33:07 - [TEST_STEP][PASSED] - println("myValue is " + myValue): null

27-02-2025T17:33:07 - [TEST_STEP][PASSED] - if (myKey != "dummy"): null

27-02-2025T17:33:07 - [TEST_STEP][PASSED] - tObj = testObjectFolder + myValue: null

27-02-2025T17:33:07 - [TEST_STEP][PASSED] - click(tObj): null

27-02-2025T17:33:07 - [TEST_STEP][PASSED] - scrollToObject(object): null

27-02-2025T17:33:07 - [TEST_STEP][PASSED] - println("Converting " + object + " to web element"): null

27-02-2025T17:33:07 - [TEST_STEP][PASSED] - element = findWebElement(findTestObject(object), 1): null

27-02-2025T17:33:07 - [TEST_STEP][PASSED] - loc = element.getLocation(): null

27-02-2025T17:33:07 - [TEST_STEP][PASSED] - x = loc.getX(): null

27-02-2025T17:33:07 - [TEST_STEP][PASSED] - if (x >= 560): null

27-02-2025T17:33:07 - [TEST_STEP][PASSED] - y = loc.getY(): null

27-02-2025T17:33:07 - [TEST_STEP][PASSED] - println("Y location is " + y): null

27-02-2025T17:33:07 - [TEST_STEP][PASSED] - top = getViewportTopPosition(): Current viewport's top (y) position is 85

27-02-2025T17:33:07 - [MESSAGE][PASSED] - Current viewport's top (y) position is 85

27-02-2025T17:33:07 - [TEST_STEP][PASSED] - println("Viewport top is " + top): null

27-02-2025T17:33:07 - [TEST_STEP][PASSED] - bottom = top + 600: null

27-02-2025T17:33:07 - [TEST_STEP][PASSED] - if (y - top < 150 || bottom - y < 10): Delayed 1 second(s)

27-02-2025T17:33:07 - [TEST_STEP][PASSED] - scrollToPosition(0, y - 170): Browser is scrolled to position x = 0, y = 750

27-02-2025T17:33:07 - [MESSAGE][PASSED] - Browser is scrolled to position x = 0, y = 750

27-02-2025T17:33:07 - [TEST_STEP][PASSED] - delay(1): Delayed 1 second(s)

27-02-2025T17:33:08 - [MESSAGE][PASSED] - Delayed 1 second(s)

27-02-2025T17:33:08 - [TEST_STEP][PASSED] - click(findTestObject(object)): null

27-02-2025T17:33:08 - [MESSAGE][PASSED] - Object: 'Object Repository/Journey Candidate Profile/Tabs/Situation/img_Affiliated with a church_field-tooltip' is clicked on

27-02-2025T17:33:08 - [TEST_STEP][PASSED] - delay(1): Delayed 1 second(s)

27-02-2025T17:33:09 - [MESSAGE][PASSED] - Delayed 1 second(s)

27-02-2025T17:33:09 - [TEST_STEP][PASSED] - myImage = tooltipImagePath + myKey + ".png": null

27-02-2025T17:33:09 - [TEST_STEP][PASSED] - f = new java.io.File(myImage): null

27-02-2025T17:33:09 - [TEST_STEP][PASSED] - if (f.exists()): null

27-02-2025T17:33:09 - [TEST_STEP][PASSED] - println("Looking for " + myImage): null

27-02-2025T17:33:09 - [TEST_STEP][PASSED] - icn = Pattern(myImage).similar(0.10): null

27-02-2025T17:33:09 - [TEST_STEP][PASSED] - found = s.exists(icn): null

27-02-2025T17:33:09 - [TEST_STEP][PASSED] - println(found): null

27-02-2025T17:33:09 - [TEST_STEP][PASSED] - if (found != null): null

27-02-2025T17:33:09 - [TEST_STEP][PASSED] - foundStr = found.toString(): null

27-02-2025T17:33:09 - [TEST_STEP][PASSED] - matchP = foundStr.indexOf("%"): null

27-02-2025T17:33:09 - [TEST_STEP][PASSED] - if (matchP >= 0): null

27-02-2025T17:33:09 - [TEST_STEP][PASSED] - println(matchP): null

27-02-2025T17:33:09 - [TEST_STEP][PASSED] - pct = foundStr.substring(matchP + 1, matchP + 6): null

27-02-2025T17:33:09 - [TEST_STEP][PASSED] - pctF = pct.toFloat(): null

27-02-2025T17:33:09 - [TEST_STEP][PASSED] - outText = "+++ Tooltip match value for " + myKey + " is " + pctF + "%": null

27-02-2025T17:33:09 - [TEST_STEP][PASSED] - min = 80: null

27-02-2025T17:33:09 - [TEST_STEP][PASSED] - if (pctF.toFloat() < min.toFloat()): null

27-02-2025T17:33:09 - [TEST_STEP][PASSED] - if (myKey != "dummy"): null

27-02-2025T17:33:09 - [TEST_STEP][PASSED] - println(outText): null

27-02-2025T17:33:09 - [TEST_STEP][PASSED] - outFile.append(outText + "
"): null

27-02-2025T17:33:09 - [TEST_STEP][PASSED] - outText = "Verifying the tooltip text on the page is what was expected.
": null

27-02-2025T17:33:09 - [TEST_STEP][PASSED] - println(tooltipTextMap): null

27-02-2025T17:33:09 - [TEST_STEP][PASSED] - outFile.append(outText): null

27-02-2025T17:33:09 - [TEST_STEP][PASSED] - for (def it : tooltipText): null

27-02-2025T17:33:09 - [TEST_STEP][PASSED] - println(it): null

27-02-2025T17:33:09 - [TEST_STEP][PASSED] - myKey = key: null

27-02-2025T17:33:09 - [TEST_STEP][PASSED] - myText = value.replace(""", ""): null

27-02-2025T17:33:09 - [TEST_STEP][PASSED] - myText = myText.trim(): null

27-02-2025T17:33:09 - [TEST_STEP][PASSED] - println(myKey): null

27-02-2025T17:33:09 - [TEST_STEP][PASSED] - println(myText): null

27-02-2025T17:33:09 - [TEST_STEP][PASSED] - println(tooltipTextMap.get(myKey)): null

27-02-2025T17:33:09 - [TEST_STEP][PASSED] - actualText = get(myKey).replace(""", ""): null

27-02-2025T17:33:09 - [TEST_STEP][PASSED] - actualText = actualText.trim(): null

27-02-2025T17:33:09 - [TEST_STEP][PASSED] - println(myKey + ":" + actualText): null

27-02-2025T17:33:09 - [TEST_STEP][PASSED] - if (actualText != myText): null

27-02-2025T17:33:09 - [TEST_STEP][PASSED] - println(it): null

27-02-2025T17:33:09 - [TEST_STEP][PASSED] - myKey = key: null

27-02-2025T17:33:09 - [TEST_STEP][PASSED] - myText = value.replace(""", ""): null

27-02-2025T17:33:09 - [TEST_STEP][PASSED] - myText = myText.trim(): null

27-02-2025T17:33:09 - [TEST_STEP][PASSED] - println(myKey): null

27-02-2025T17:33:09 - [TEST_STEP][PASSED] - println(myText): null

27-02-2025T17:33:09 - [TEST_STEP][PASSED] - println(tooltipTextMap.get(myKey)): null

27-02-2025T17:33:09 - [TEST_STEP][PASSED] - actualText = get(myKey).replace(""", ""): null

27-02-2025T17:33:09 - [TEST_STEP][PASSED] - actualText = actualText.trim(): null

27-02-2025T17:33:09 - [TEST_STEP][PASSED] - println(myKey + ":" + actualText): null

27-02-2025T17:33:09 - [TEST_STEP][PASSED] - if (actualText != myText): null

27-02-2025T17:33:09 - [MESSAGE][PASSED] - Call Test Case 'Test Cases/_Functions/Test Tooltips' successfully

27-02-2025T17:33:09 - [TEST_STEP][PASSED] - outText = "Verifying the required field messages.
": null

27-02-2025T17:33:09 - [TEST_STEP][PASSED] - outFile.append(outText): null

27-02-2025T17:33:09 - [TEST_STEP][PASSED] - fieldList = []: null

27-02-2025T17:33:09 - [TEST_STEP][PASSED] - requiredFieldMsgs.each({ -> ... }): null

27-02-2025T17:33:09 - [TEST_STEP][PASSED] - callTestCase(findTestCase("_Functions/Test Field Error Messages"), ["varFieldList":fieldList, "varRequiredFieldMsgs":requiredFieldMsgs], STOP_ON_FAILURE): Call Test Case 'Test Cases/_Functions/Test Field Error Messages' successfully

27-02-2025T17:33:09 - [TEST_CASE][PASSED] - Test Cases/_Functions/Test Field Error Messages: Test Cases/_Functions/Test Field Error Messages

27-02-2025T17:33:09 - [TEST_STEP][PASSED] - count = callTestCase(findTestCase("_Functions/Find error messages"), ["varFunction":"count"], STOP_ON_FAILURE): Call Test Case 'Test Cases/_Functions/Find error messages' successfully

27-02-2025T17:33:09 - [TEST_CASE][PASSED] - Test Cases/_Functions/Find error messages: Test Cases/_Functions/Find error messages

27-02-2025T17:33:09 - [TEST_STEP][PASSED] - function = "count": null

27-02-2025T17:33:09 - [TEST_STEP][PASSED] - if (binding.hasVariable("varFunction")): null

27-02-2025T17:33:09 - [TEST_STEP][PASSED] - function = varFunction: null

27-02-2025T17:33:09 - [TEST_STEP][PASSED] - title = getWindowTitle(): Current window's title is: 'Journey'

27-02-2025T17:33:09 - [MESSAGE][PASSED] - Current window's title is: 'Journey'

27-02-2025T17:33:09 - [TEST_STEP][PASSED] - println("Page title is " + title): null

27-02-2025T17:33:09 - [TEST_STEP][PASSED] - driver = getWebDriver(): null

27-02-2025T17:33:09 - [TEST_STEP][PASSED] - elements = driver.findElements(By.xpath("//div[@class='col-sm-offset-3 col-sm-9 text-danger']")): null

27-02-2025T17:33:09 - [TEST_STEP][PASSED] - if (function == "count"): null

27-02-2025T17:33:09 - [TEST_STEP][PASSED] - return elements.size(): null

27-02-2025T17:33:09 - [MESSAGE][PASSED] - Call Test Case 'Test Cases/_Functions/Find error messages' successfully

27-02-2025T17:33:09 - [TEST_STEP][PASSED] - outFile = outFile: null

27-02-2025T17:33:09 - [TEST_STEP][PASSED] - if (count == 0): null

27-02-2025T17:33:09 - [TEST_STEP][PASSED] - else: Delayed 0 second(s)

27-02-2025T17:33:09 - [TEST_STEP][PASSED] - fieldList = varFieldList: null

27-02-2025T17:33:09 - [TEST_STEP][PASSED] - requiredFieldMsgs = varRequiredFieldMsgs: null

27-02-2025T17:33:09 - [TEST_STEP][PASSED] - outText = "Verifying error messages for fields " + fieldList: null

27-02-2025T17:33:09 - [TEST_STEP][PASSED] - for (def field : fieldList): null

27-02-2025T17:33:09 - [TEST_STEP][PASSED] - errorMsg = requiredFieldMsgs.get(field): null

27-02-2025T17:33:09 - [TEST_STEP][PASSED] - msg = verifyTextPresent(errorMsg, false, OPTIONAL): Text 'The missions exposure field is required.' is present on page 

27-02-2025T17:33:09 - [MESSAGE][PASSED] - Text 'The missions exposure field is required.' is present on page 

27-02-2025T17:33:09 - [TEST_STEP][PASSED] - println(field + ":" + msg): null

27-02-2025T17:33:09 - [TEST_STEP][PASSED] - if (!(msg)): null

27-02-2025T17:33:09 - [TEST_STEP][PASSED] - delay(fieldTestDelay): Delayed 0 second(s)

27-02-2025T17:33:09 - [MESSAGE][PASSED] - Delayed 0 second(s)

27-02-2025T17:33:09 - [MESSAGE][PASSED] - Call Test Case 'Test Cases/_Functions/Test Field Error Messages' successfully

27-02-2025T17:33:09 - [TEST_STEP][PASSED] - if (varDescribe_training != null): Call Test Case 'Test Cases/_Functions/Perform Action' successfully

27-02-2025T17:33:09 - [TEST_STEP][PASSED] - object = "Object Repository/Journey Candidate Profile/Tabs/Situation/textarea_Describe Bible Training": null

27-02-2025T17:33:09 - [TEST_STEP][PASSED] - callTestCase(findTestCase("_Functions/Perform Action"), ["varAction":"setText", "varObject":object, "varParm1":varDescribe_training], STOP_ON_FAILURE): Call Test Case 'Test Cases/_Functions/Perform Action' successfully

27-02-2025T17:33:09 - [TEST_CASE][PASSED] - Test Cases/_Functions/Perform Action: Test Cases/_Functions/Perform Action

27-02-2025T17:33:09 - [TEST_STEP][PASSED] - action = varAction: null

27-02-2025T17:33:09 - [TEST_STEP][PASSED] - println(action): null

27-02-2025T17:33:09 - [TEST_STEP][PASSED] - testObject = varObject: null

27-02-2025T17:33:09 - [TEST_STEP][PASSED] - println(testObject): null

27-02-2025T17:33:09 - [TEST_STEP][PASSED] - parm1 = varParm1: null

27-02-2025T17:33:09 - [TEST_STEP][PASSED] - println(parm1): null

27-02-2025T17:33:09 - [TEST_STEP][PASSED] - println("Converting " + testObject + " to web element"): null

27-02-2025T17:33:09 - [TEST_STEP][PASSED] - element = findWebElement(findTestObject(testObject), 1): null

27-02-2025T17:33:09 - [TEST_STEP][PASSED] - loc = element.getLocation(): null

27-02-2025T17:33:09 - [TEST_STEP][PASSED] - y = loc.getY(): null

27-02-2025T17:33:09 - [TEST_STEP][PASSED] - println("Y location is " + y): null

27-02-2025T17:33:09 - [TEST_STEP][PASSED] - top = getViewportTopPosition(): Current viewport's top (y) position is 750

27-02-2025T17:33:09 - [MESSAGE][PASSED] - Current viewport's top (y) position is 750

27-02-2025T17:33:09 - [TEST_STEP][PASSED] - println("Viewport top is " + top): null

27-02-2025T17:33:09 - [TEST_STEP][PASSED] - bottom = top + 600: null

27-02-2025T17:33:09 - [TEST_STEP][PASSED] - if (y - top < 150 || bottom - y < 10): Delayed 1 second(s)

27-02-2025T17:33:09 - [TEST_STEP][PASSED] - scrollToPosition(0, y - 150): Browser is scrolled to position x = 0, y = 464

27-02-2025T17:33:09 - [MESSAGE][PASSED] - Browser is scrolled to position x = 0, y = 464

27-02-2025T17:33:09 - [TEST_STEP][PASSED] - delay(1): Delayed 1 second(s)

27-02-2025T17:33:10 - [MESSAGE][PASSED] - Delayed 1 second(s)

27-02-2025T17:33:10 - [TEST_STEP][PASSED] - if (action == "click"): null

27-02-2025T17:33:10 - [TEST_STEP][PASSED] - else if (action == "selectOptionByValue"): null

27-02-2025T17:33:10 - [TEST_STEP][PASSED] - else if (action == "setText"): Text 'I audited some classes at Crown College' is set on object 'Object Repository/Journey Candidate Profile/Tabs/Situation/textarea_Describe Bible Training'

27-02-2025T17:33:10 - [TEST_STEP][PASSED] - println("Setting text " + parm1): null

27-02-2025T17:33:10 - [TEST_STEP][PASSED] - setText(findTestObject(testObject), parm1): Text 'I audited some classes at Crown College' is set on object 'Object Repository/Journey Candidate Profile/Tabs/Situation/textarea_Describe Bible Training'

27-02-2025T17:33:11 - [MESSAGE][PASSED] - Text 'I audited some classes at Crown College' is set on object 'Object Repository/Journey Candidate Profile/Tabs/Situation/textarea_Describe Bible Training'

27-02-2025T17:33:11 - [MESSAGE][PASSED] - Call Test Case 'Test Cases/_Functions/Perform Action' successfully

27-02-2025T17:33:11 - [TEST_STEP][PASSED] - if (varPerspectives != null): Call Test Case 'Test Cases/_Functions/Perform Action' successfully

27-02-2025T17:33:11 - [TEST_STEP][PASSED] - object = "Object Repository/Journey Candidate Profile/Tabs/Situation/select_Perspectives": null

27-02-2025T17:33:11 - [TEST_STEP][PASSED] - callTestCase(findTestCase("_Functions/Perform Action"), ["varAction":"selectOptionByValue", "varObject":object, "varParm1":varPerspectives], STOP_ON_FAILURE): Call Test Case 'Test Cases/_Functions/Perform Action' successfully

27-02-2025T17:33:11 - [TEST_CASE][PASSED] - Test Cases/_Functions/Perform Action: Test Cases/_Functions/Perform Action

27-02-2025T17:33:11 - [TEST_STEP][PASSED] - action = varAction: null

27-02-2025T17:33:11 - [TEST_STEP][PASSED] - println(action): null

27-02-2025T17:33:11 - [TEST_STEP][PASSED] - testObject = varObject: null

27-02-2025T17:33:11 - [TEST_STEP][PASSED] - println(testObject): null

27-02-2025T17:33:11 - [TEST_STEP][PASSED] - parm1 = varParm1: null

27-02-2025T17:33:11 - [TEST_STEP][PASSED] - println(parm1): null

27-02-2025T17:33:11 - [TEST_STEP][PASSED] - println("Converting " + testObject + " to web element"): null

27-02-2025T17:33:11 - [TEST_STEP][PASSED] - element = findWebElement(findTestObject(testObject), 1): null

27-02-2025T17:33:11 - [TEST_STEP][PASSED] - loc = element.getLocation(): null

27-02-2025T17:33:11 - [TEST_STEP][PASSED] - y = loc.getY(): null

27-02-2025T17:33:11 - [TEST_STEP][PASSED] - println("Y location is " + y): null

27-02-2025T17:33:11 - [TEST_STEP][PASSED] - top = getViewportTopPosition(): Current viewport's top (y) position is 464

27-02-2025T17:33:11 - [MESSAGE][PASSED] - Current viewport's top (y) position is 464

27-02-2025T17:33:11 - [TEST_STEP][PASSED] - println("Viewport top is " + top): null

27-02-2025T17:33:11 - [TEST_STEP][PASSED] - bottom = top + 600: null

27-02-2025T17:33:11 - [TEST_STEP][PASSED] - if (y - top < 150 || bottom - y < 10): null

27-02-2025T17:33:11 - [TEST_STEP][PASSED] - if (action == "click"): null

27-02-2025T17:33:11 - [TEST_STEP][PASSED] - else if (action == "selectOptionByValue"): All options with value 'I am planning to take the Perspectives Course' are selected in object 'Object Repository/Journey Candidate Profile/Tabs/Situation/select_Perspectives' 

27-02-2025T17:33:11 - [TEST_STEP][PASSED] - println("Selecting " + parm1): null

27-02-2025T17:33:11 - [TEST_STEP][PASSED] - selectOptionByValue(findTestObject(testObject), parm1, false): All options with value 'I am planning to take the Perspectives Course' are selected in object 'Object Repository/Journey Candidate Profile/Tabs/Situation/select_Perspectives' 

27-02-2025T17:33:11 - [MESSAGE][PASSED] - All options with value 'I am planning to take the Perspectives Course' are selected in object 'Object Repository/Journey Candidate Profile/Tabs/Situation/select_Perspectives' 

27-02-2025T17:33:11 - [MESSAGE][PASSED] - Call Test Case 'Test Cases/_Functions/Perform Action' successfully

27-02-2025T17:33:11 - [TEST_STEP][PASSED] - if (varChurch_name != null): Call Test Case 'Test Cases/_Functions/Perform Action' successfully

27-02-2025T17:33:11 - [TEST_STEP][PASSED] - object = "Object Repository/Journey Candidate Profile/Tabs/Situation/input_Church Name": null

27-02-2025T17:33:11 - [TEST_STEP][PASSED] - callTestCase(findTestCase("_Functions/Perform Action"), ["varAction":"setText", "varObject":object, "varParm1":varChurch_name], STOP_ON_FAILURE): Call Test Case 'Test Cases/_Functions/Perform Action' successfully

27-02-2025T17:33:11 - [TEST_CASE][PASSED] - Test Cases/_Functions/Perform Action: Test Cases/_Functions/Perform Action

27-02-2025T17:33:11 - [TEST_STEP][PASSED] - action = varAction: null

27-02-2025T17:33:11 - [TEST_STEP][PASSED] - println(action): null

27-02-2025T17:33:11 - [TEST_STEP][PASSED] - testObject = varObject: null

27-02-2025T17:33:11 - [TEST_STEP][PASSED] - println(testObject): null

27-02-2025T17:33:11 - [TEST_STEP][PASSED] - parm1 = varParm1: null

27-02-2025T17:33:11 - [TEST_STEP][PASSED] - println(parm1): null

27-02-2025T17:33:11 - [TEST_STEP][PASSED] - println("Converting " + testObject + " to web element"): null

27-02-2025T17:33:11 - [TEST_STEP][PASSED] - element = findWebElement(findTestObject(testObject), 1): null

27-02-2025T17:33:11 - [TEST_STEP][PASSED] - loc = element.getLocation(): null

27-02-2025T17:33:11 - [TEST_STEP][PASSED] - y = loc.getY(): null

27-02-2025T17:33:11 - [TEST_STEP][PASSED] - println("Y location is " + y): null

27-02-2025T17:33:11 - [TEST_STEP][PASSED] - top = getViewportTopPosition(): Current viewport's top (y) position is 464

27-02-2025T17:33:11 - [MESSAGE][PASSED] - Current viewport's top (y) position is 464

27-02-2025T17:33:11 - [TEST_STEP][PASSED] - println("Viewport top is " + top): null

27-02-2025T17:33:11 - [TEST_STEP][PASSED] - bottom = top + 600: null

27-02-2025T17:33:11 - [TEST_STEP][PASSED] - if (y - top < 150 || bottom - y < 10): null

27-02-2025T17:33:11 - [TEST_STEP][PASSED] - if (action == "click"): null

27-02-2025T17:33:11 - [TEST_STEP][PASSED] - else if (action == "selectOptionByValue"): null

27-02-2025T17:33:11 - [TEST_STEP][PASSED] - else if (action == "setText"): Text 'Parkside Church of the C&MA' is set on object 'Object Repository/Journey Candidate Profile/Tabs/Situation/input_Church Name'

27-02-2025T17:33:11 - [TEST_STEP][PASSED] - println("Setting text " + parm1): null

27-02-2025T17:33:11 - [TEST_STEP][PASSED] - setText(findTestObject(testObject), parm1): Text 'Parkside Church of the C&MA' is set on object 'Object Repository/Journey Candidate Profile/Tabs/Situation/input_Church Name'

27-02-2025T17:33:11 - [MESSAGE][PASSED] - Text 'Parkside Church of the C&MA' is set on object 'Object Repository/Journey Candidate Profile/Tabs/Situation/input_Church Name'

27-02-2025T17:33:11 - [MESSAGE][PASSED] - Call Test Case 'Test Cases/_Functions/Perform Action' successfully

27-02-2025T17:33:11 - [TEST_STEP][PASSED] - if (varChurch_involvement != null): Call Test Case 'Test Cases/_Functions/Perform Action' successfully

27-02-2025T17:33:11 - [TEST_STEP][PASSED] - object = "Object Repository/Journey Candidate Profile/Tabs/Situation/select_Church Involvement": null

27-02-2025T17:33:11 - [TEST_STEP][PASSED] - callTestCase(findTestCase("_Functions/Perform Action"), ["varAction":"selectOptionByValue", "varObject":object, "varParm1":varChurch_involvement], STOP_ON_FAILURE): Call Test Case 'Test Cases/_Functions/Perform Action' successfully

27-02-2025T17:33:11 - [TEST_CASE][PASSED] - Test Cases/_Functions/Perform Action: Test Cases/_Functions/Perform Action

27-02-2025T17:33:11 - [TEST_STEP][PASSED] - action = varAction: null

27-02-2025T17:33:11 - [TEST_STEP][PASSED] - println(action): null

27-02-2025T17:33:11 - [TEST_STEP][PASSED] - testObject = varObject: null

27-02-2025T17:33:11 - [TEST_STEP][PASSED] - println(testObject): null

27-02-2025T17:33:11 - [TEST_STEP][PASSED] - parm1 = varParm1: null

27-02-2025T17:33:11 - [TEST_STEP][PASSED] - println(parm1): null

27-02-2025T17:33:11 - [TEST_STEP][PASSED] - println("Converting " + testObject + " to web element"): null

27-02-2025T17:33:11 - [TEST_STEP][PASSED] - element = findWebElement(findTestObject(testObject), 1): null

27-02-2025T17:33:11 - [TEST_STEP][PASSED] - loc = element.getLocation(): null

27-02-2025T17:33:11 - [TEST_STEP][PASSED] - y = loc.getY(): null

27-02-2025T17:33:11 - [TEST_STEP][PASSED] - println("Y location is " + y): null

27-02-2025T17:33:11 - [TEST_STEP][PASSED] - top = getViewportTopPosition(): Current viewport's top (y) position is 464

27-02-2025T17:33:11 - [MESSAGE][PASSED] - Current viewport's top (y) position is 464

27-02-2025T17:33:11 - [TEST_STEP][PASSED] - println("Viewport top is " + top): null

27-02-2025T17:33:11 - [TEST_STEP][PASSED] - bottom = top + 600: null

27-02-2025T17:33:11 - [TEST_STEP][PASSED] - if (y - top < 150 || bottom - y < 10): null

27-02-2025T17:33:11 - [TEST_STEP][PASSED] - if (action == "click"): null

27-02-2025T17:33:11 - [TEST_STEP][PASSED] - else if (action == "selectOptionByValue"): All options with value 'I am serving in my local church' are selected in object 'Object Repository/Journey Candidate Profile/Tabs/Situation/select_Church Involvement' 

27-02-2025T17:33:11 - [TEST_STEP][PASSED] - println("Selecting " + parm1): null

27-02-2025T17:33:11 - [TEST_STEP][PASSED] - selectOptionByValue(findTestObject(testObject), parm1, false): All options with value 'I am serving in my local church' are selected in object 'Object Repository/Journey Candidate Profile/Tabs/Situation/select_Church Involvement' 

27-02-2025T17:33:11 - [MESSAGE][PASSED] - All options with value 'I am serving in my local church' are selected in object 'Object Repository/Journey Candidate Profile/Tabs/Situation/select_Church Involvement' 

27-02-2025T17:33:11 - [MESSAGE][PASSED] - Call Test Case 'Test Cases/_Functions/Perform Action' successfully

27-02-2025T17:33:11 - [TEST_STEP][PASSED] - callTestCase(findTestCase("_Functions/Click on Group Elements"), ["varXpaths":xpaths, "varParms":parms], STOP_ON_FAILURE): Call Test Case 'Test Cases/_Functions/Click on Group Elements' successfully

27-02-2025T17:33:11 - [TEST_CASE][PASSED] - Test Cases/_Functions/Click on Group Elements: Test Cases/_Functions/Click on Group Elements

27-02-2025T17:33:11 - [TEST_STEP][PASSED] - debug = false: null

27-02-2025T17:33:11 - [TEST_STEP][PASSED] - toggle = true: null

27-02-2025T17:33:11 - [TEST_STEP][PASSED] - frame = new javax.swing.JFrame(): null

27-02-2025T17:33:11 - [TEST_STEP][PASSED] - p = new javax.swing.JPanel(): null

27-02-2025T17:33:11 - [TEST_STEP][PASSED] - l = new javax.swing.JLabel(Making user selections..., javax.swing.SwingConstants.CENTER): null

27-02-2025T17:33:11 - [TEST_STEP][PASSED] - frame.add(l): null

27-02-2025T17:33:11 - [TEST_STEP][PASSED] - frame.setSize(300, 100): null

27-02-2025T17:33:11 - [TEST_STEP][PASSED] - frame.setLocation(600, 0): null

27-02-2025T17:33:11 - [TEST_STEP][PASSED] - frame.setAlwaysOnTop(true): null

27-02-2025T17:33:11 - [TEST_STEP][PASSED] - frame.show(): null

27-02-2025T17:33:11 - [TEST_STEP][PASSED] - driver = getWebDriver(): null

27-02-2025T17:33:11 - [TEST_STEP][PASSED] - println(varParms): null

27-02-2025T17:33:11 - [TEST_STEP][PASSED] - for ([i = 0, i < varXpaths.size(), (i++)]): null

27-02-2025T17:33:11 - [TEST_STEP][PASSED] - if (debug): null

27-02-2025T17:33:11 - [TEST_STEP][PASSED] - if (varParms[i].indexOf("Europe") >= 0): null

27-02-2025T17:33:11 - [TEST_STEP][PASSED] - elements = driver.findElements(By.xpath(varXpaths[i])): null

27-02-2025T17:33:11 - [TEST_STEP][PASSED] - element_count = elements.size(): null

27-02-2025T17:33:11 - [TEST_STEP][PASSED] - for (def element : elements): null

27-02-2025T17:33:11 - [TEST_STEP][PASSED] - myValue = element.getAttribute("value"): null

27-02-2025T17:33:11 - [TEST_STEP][PASSED] - if (debug): null

27-02-2025T17:33:11 - [TEST_STEP][PASSED] - if (myValue.length() >= 4): null

27-02-2025T17:33:11 - [TEST_STEP][PASSED] - if (myValue.substring(0, 4) == "(!) "): null

27-02-2025T17:33:11 - [TEST_STEP][PASSED] - myType = element.getAttribute("type"): null

27-02-2025T17:33:11 - [TEST_STEP][PASSED] - if (myValue in varParms[i]): null

27-02-2025T17:33:11 - [TEST_STEP][PASSED] - else: null

27-02-2025T17:33:11 - [TEST_STEP][PASSED] - inList = false: null

27-02-2025T17:33:11 - [TEST_STEP][PASSED] - if (myType == "checkbox"): null

27-02-2025T17:33:11 - [TEST_STEP][PASSED] - else: null

27-02-2025T17:33:11 - [TEST_STEP][PASSED] - if (inList): null

27-02-2025T17:33:11 - [TEST_STEP][PASSED] - myValue = element.getAttribute("value"): null

27-02-2025T17:33:11 - [TEST_STEP][PASSED] - if (debug): null

27-02-2025T17:33:11 - [TEST_STEP][PASSED] - if (myValue.length() >= 4): null

27-02-2025T17:33:11 - [TEST_STEP][PASSED] - if (myValue.substring(0, 4) == "(!) "): null

27-02-2025T17:33:11 - [TEST_STEP][PASSED] - myType = element.getAttribute("type"): null

27-02-2025T17:33:11 - [TEST_STEP][PASSED] - if (myValue in varParms[i]): null

27-02-2025T17:33:11 - [TEST_STEP][PASSED] - inList = true: null

27-02-2025T17:33:11 - [TEST_STEP][PASSED] - if (myType == "checkbox"): null

27-02-2025T17:33:11 - [TEST_STEP][PASSED] - else: null

27-02-2025T17:33:11 - [TEST_STEP][PASSED] - if (inList): null

27-02-2025T17:33:11 - [TEST_STEP][PASSED] - click(element): null

27-02-2025T17:33:11 - [TEST_STEP][PASSED] - scrollToObject(elem): null

27-02-2025T17:33:11 - [TEST_STEP][PASSED] - loc = element.getLocation(): null

27-02-2025T17:33:11 - [TEST_STEP][PASSED] - if (debug): null

27-02-2025T17:33:11 - [TEST_STEP][PASSED] - y = loc.getY(): null

27-02-2025T17:33:11 - [TEST_STEP][PASSED] - println("Y location is " + y): null

27-02-2025T17:33:11 - [TEST_STEP][PASSED] - top = getViewportTopPosition(): Current viewport's top (y) position is 464

27-02-2025T17:33:11 - [MESSAGE][PASSED] - Current viewport's top (y) position is 464

27-02-2025T17:33:11 - [TEST_STEP][PASSED] - println("Viewport top is " + top): null

27-02-2025T17:33:11 - [TEST_STEP][PASSED] - bottom = top + 600: null

27-02-2025T17:33:11 - [TEST_STEP][PASSED] - if (y - top < 150 || bottom - y < 10): Delayed 1 second(s)

27-02-2025T17:33:11 - [TEST_STEP][PASSED] - scrollToPosition(0, y - 150): Browser is scrolled to position x = 0, y = 299

27-02-2025T17:33:11 - [MESSAGE][PASSED] - Browser is scrolled to position x = 0, y = 299

27-02-2025T17:33:11 - [TEST_STEP][PASSED] - delay(1): Delayed 1 second(s)

27-02-2025T17:33:12 - [MESSAGE][PASSED] - Delayed 1 second(s)

27-02-2025T17:33:12 - [TEST_STEP][PASSED] - elem.click(): null

27-02-2025T17:33:12 - [TEST_STEP][PASSED] - myValue = element.getAttribute("value"): null

27-02-2025T17:33:12 - [TEST_STEP][PASSED] - if (debug): null

27-02-2025T17:33:12 - [TEST_STEP][PASSED] - if (myValue.length() >= 4): null

27-02-2025T17:33:12 - [TEST_STEP][PASSED] - if (myValue.substring(0, 4) == "(!) "): null

27-02-2025T17:33:12 - [TEST_STEP][PASSED] - myType = element.getAttribute("type"): null

27-02-2025T17:33:12 - [TEST_STEP][PASSED] - if (myValue in varParms[i]): null

27-02-2025T17:33:12 - [TEST_STEP][PASSED] - else: null

27-02-2025T17:33:12 - [TEST_STEP][PASSED] - inList = false: null

27-02-2025T17:33:12 - [TEST_STEP][PASSED] - if (myType == "checkbox"): null

27-02-2025T17:33:12 - [TEST_STEP][PASSED] - else: null

27-02-2025T17:33:12 - [TEST_STEP][PASSED] - if (inList): null

27-02-2025T17:33:12 - [TEST_STEP][PASSED] - if (debug): null

27-02-2025T17:33:12 - [TEST_STEP][PASSED] - if (varParms[i].indexOf("Europe") >= 0): null

27-02-2025T17:33:12 - [TEST_STEP][PASSED] - elements = driver.findElements(By.xpath(varXpaths[i])): null

27-02-2025T17:33:12 - [TEST_STEP][PASSED] - element_count = elements.size(): null

27-02-2025T17:33:12 - [TEST_STEP][PASSED] - for (def element : elements): null

27-02-2025T17:33:12 - [TEST_STEP][PASSED] - myValue = element.getAttribute("value"): null

27-02-2025T17:33:12 - [TEST_STEP][PASSED] - if (debug): null

27-02-2025T17:33:12 - [TEST_STEP][PASSED] - if (myValue.length() >= 4): null

27-02-2025T17:33:12 - [TEST_STEP][PASSED] - if (myValue.substring(0, 4) == "(!) "): null

27-02-2025T17:33:12 - [TEST_STEP][PASSED] - myType = element.getAttribute("type"): null

27-02-2025T17:33:12 - [TEST_STEP][PASSED] - if (myValue in varParms[i]): null

27-02-2025T17:33:12 - [TEST_STEP][PASSED] - else: null

27-02-2025T17:33:12 - [TEST_STEP][PASSED] - inList = false: null

27-02-2025T17:33:12 - [TEST_STEP][PASSED] - if (myType == "checkbox"): null

27-02-2025T17:33:12 - [TEST_STEP][PASSED] - else: null

27-02-2025T17:33:12 - [TEST_STEP][PASSED] - if (inList): null

27-02-2025T17:33:12 - [TEST_STEP][PASSED] - myValue = element.getAttribute("value"): null

27-02-2025T17:33:12 - [TEST_STEP][PASSED] - if (debug): null

27-02-2025T17:33:12 - [TEST_STEP][PASSED] - if (myValue.length() >= 4): null

27-02-2025T17:33:12 - [TEST_STEP][PASSED] - if (myValue.substring(0, 4) == "(!) "): null

27-02-2025T17:33:12 - [TEST_STEP][PASSED] - myType = element.getAttribute("type"): null

27-02-2025T17:33:12 - [TEST_STEP][PASSED] - if (myValue in varParms[i]): null

27-02-2025T17:33:12 - [TEST_STEP][PASSED] - else: null

27-02-2025T17:33:12 - [TEST_STEP][PASSED] - inList = false: null

27-02-2025T17:33:12 - [TEST_STEP][PASSED] - if (myType == "checkbox"): null

27-02-2025T17:33:12 - [TEST_STEP][PASSED] - else: null

27-02-2025T17:33:12 - [TEST_STEP][PASSED] - if (inList): null

27-02-2025T17:33:12 - [TEST_STEP][PASSED] - myValue = element.getAttribute("value"): null

27-02-2025T17:33:12 - [TEST_STEP][PASSED] - if (debug): null

27-02-2025T17:33:12 - [TEST_STEP][PASSED] - if (myValue.length() >= 4): null

27-02-2025T17:33:12 - [TEST_STEP][PASSED] - if (myValue.substring(0, 4) == "(!) "): null

27-02-2025T17:33:12 - [TEST_STEP][PASSED] - myType = element.getAttribute("type"): null

27-02-2025T17:33:12 - [TEST_STEP][PASSED] - if (myValue in varParms[i]): null

27-02-2025T17:33:12 - [TEST_STEP][PASSED] - inList = true: null

27-02-2025T17:33:12 - [TEST_STEP][PASSED] - if (myType == "checkbox"): null

27-02-2025T17:33:12 - [TEST_STEP][PASSED] - else: null

27-02-2025T17:33:12 - [TEST_STEP][PASSED] - if (inList): null

27-02-2025T17:33:12 - [TEST_STEP][PASSED] - click(element): null

27-02-2025T17:33:12 - [TEST_STEP][PASSED] - scrollToObject(elem): null

27-02-2025T17:33:12 - [TEST_STEP][PASSED] - loc = element.getLocation(): null

27-02-2025T17:33:12 - [TEST_STEP][PASSED] - if (debug): null

27-02-2025T17:33:12 - [TEST_STEP][PASSED] - y = loc.getY(): null

27-02-2025T17:33:12 - [TEST_STEP][PASSED] - println("Y location is " + y): null

27-02-2025T17:33:12 - [TEST_STEP][PASSED] - top = getViewportTopPosition(): Current viewport's top (y) position is 299

27-02-2025T17:33:12 - [MESSAGE][PASSED] - Current viewport's top (y) position is 299

27-02-2025T17:33:12 - [TEST_STEP][PASSED] - println("Viewport top is " + top): null

27-02-2025T17:33:12 - [TEST_STEP][PASSED] - bottom = top + 600: null

27-02-2025T17:33:12 - [TEST_STEP][PASSED] - if (y - top < 150 || bottom - y < 10): null

27-02-2025T17:33:12 - [TEST_STEP][PASSED] - elem.click(): null

27-02-2025T17:33:12 - [TEST_STEP][PASSED] - myValue = element.getAttribute("value"): null

27-02-2025T17:33:12 - [TEST_STEP][PASSED] - if (debug): null

27-02-2025T17:33:12 - [TEST_STEP][PASSED] - if (myValue.length() >= 4): null

27-02-2025T17:33:12 - [TEST_STEP][PASSED] - if (myValue.substring(0, 4) == "(!) "): null

27-02-2025T17:33:12 - [TEST_STEP][PASSED] - myType = element.getAttribute("type"): null

27-02-2025T17:33:12 - [TEST_STEP][PASSED] - if (myValue in varParms[i]): null

27-02-2025T17:33:12 - [TEST_STEP][PASSED] - else: null

27-02-2025T17:33:12 - [TEST_STEP][PASSED] - inList = false: null

27-02-2025T17:33:12 - [TEST_STEP][PASSED] - if (myType == "checkbox"): null

27-02-2025T17:33:12 - [TEST_STEP][PASSED] - else: null

27-02-2025T17:33:12 - [TEST_STEP][PASSED] - if (inList): null

27-02-2025T17:33:12 - [TEST_STEP][PASSED] - myValue = element.getAttribute("value"): null

27-02-2025T17:33:12 - [TEST_STEP][PASSED] - if (debug): null

27-02-2025T17:33:12 - [TEST_STEP][PASSED] - if (myValue.length() >= 4): null

27-02-2025T17:33:12 - [TEST_STEP][PASSED] - if (myValue.substring(0, 4) == "(!) "): null

27-02-2025T17:33:12 - [TEST_STEP][PASSED] - myType = element.getAttribute("type"): null

27-02-2025T17:33:12 - [TEST_STEP][PASSED] - if (myValue in varParms[i]): null

27-02-2025T17:33:12 - [TEST_STEP][PASSED] - else: null

27-02-2025T17:33:12 - [TEST_STEP][PASSED] - inList = false: null

27-02-2025T17:33:12 - [TEST_STEP][PASSED] - if (myType == "checkbox"): null

27-02-2025T17:33:12 - [TEST_STEP][PASSED] - else: null

27-02-2025T17:33:12 - [TEST_STEP][PASSED] - if (inList): null

27-02-2025T17:33:12 - [TEST_STEP][PASSED] - if (debug): null

27-02-2025T17:33:12 - [TEST_STEP][PASSED] - if (varParms[i].indexOf("Europe") >= 0): null

27-02-2025T17:33:12 - [TEST_STEP][PASSED] - elements = driver.findElements(By.xpath(varXpaths[i])): null

27-02-2025T17:33:12 - [TEST_STEP][PASSED] - element_count = elements.size(): null

27-02-2025T17:33:12 - [TEST_STEP][PASSED] - for (def element : elements): null

27-02-2025T17:33:12 - [TEST_STEP][PASSED] - myValue = element.getAttribute("value"): null

27-02-2025T17:33:12 - [TEST_STEP][PASSED] - if (debug): null

27-02-2025T17:33:12 - [TEST_STEP][PASSED] - if (myValue.length() >= 4): null

27-02-2025T17:33:12 - [TEST_STEP][PASSED] - if (myValue.substring(0, 4) == "(!) "): null

27-02-2025T17:33:12 - [TEST_STEP][PASSED] - myType = element.getAttribute("type"): null

27-02-2025T17:33:12 - [TEST_STEP][PASSED] - if (myValue in varParms[i]): null

27-02-2025T17:33:12 - [TEST_STEP][PASSED] - inList = true: null

27-02-2025T17:33:12 - [TEST_STEP][PASSED] - if (myType == "checkbox"): null

27-02-2025T17:33:12 - [TEST_STEP][PASSED] - myStatus = element.isSelected(): null

27-02-2025T17:33:12 - [TEST_STEP][PASSED] - if (debug): null

27-02-2025T17:33:12 - [TEST_STEP][PASSED] - if (toggle && myStatus && inList): null

27-02-2025T17:33:12 - [TEST_STEP][PASSED] - if (!(myStatus) && inList || myStatus && !(inList)): null

27-02-2025T17:33:12 - [TEST_STEP][PASSED] - if (debug): null

27-02-2025T17:33:12 - [TEST_STEP][PASSED] - println("Clicking " + myValue): null

27-02-2025T17:33:12 - [TEST_STEP][PASSED] - click(element): null

27-02-2025T17:33:12 - [TEST_STEP][PASSED] - scrollToObject(elem): null

27-02-2025T17:33:12 - [TEST_STEP][PASSED] - loc = element.getLocation(): null

27-02-2025T17:33:12 - [TEST_STEP][PASSED] - if (debug): null

27-02-2025T17:33:12 - [TEST_STEP][PASSED] - y = loc.getY(): null

27-02-2025T17:33:12 - [TEST_STEP][PASSED] - println("Y location is " + y): null

27-02-2025T17:33:12 - [TEST_STEP][PASSED] - top = getViewportTopPosition(): Current viewport's top (y) position is 299

27-02-2025T17:33:12 - [MESSAGE][PASSED] - Current viewport's top (y) position is 299

27-02-2025T17:33:12 - [TEST_STEP][PASSED] - println("Viewport top is " + top): null

27-02-2025T17:33:12 - [TEST_STEP][PASSED] - bottom = top + 600: null

27-02-2025T17:33:12 - [TEST_STEP][PASSED] - if (y - top < 150 || bottom - y < 10): null

27-02-2025T17:33:12 - [TEST_STEP][PASSED] - elem.click(): null

27-02-2025T17:33:12 - [TEST_STEP][PASSED] - myValue = element.getAttribute("value"): null

27-02-2025T17:33:12 - [TEST_STEP][PASSED] - if (debug): null

27-02-2025T17:33:12 - [TEST_STEP][PASSED] - if (myValue.length() >= 4): null

27-02-2025T17:33:12 - [TEST_STEP][PASSED] - if (myValue.substring(0, 4) == "(!) "): null

27-02-2025T17:33:12 - [TEST_STEP][PASSED] - myType = element.getAttribute("type"): null

27-02-2025T17:33:12 - [TEST_STEP][PASSED] - if (myValue in varParms[i]): null

27-02-2025T17:33:12 - [TEST_STEP][PASSED] - else: null

27-02-2025T17:33:12 - [TEST_STEP][PASSED] - inList = false: null

27-02-2025T17:33:12 - [TEST_STEP][PASSED] - if (myType == "checkbox"): null

27-02-2025T17:33:12 - [TEST_STEP][PASSED] - myStatus = element.isSelected(): null

27-02-2025T17:33:12 - [TEST_STEP][PASSED] - if (debug): null

27-02-2025T17:33:12 - [TEST_STEP][PASSED] - if (toggle && myStatus && inList): null

27-02-2025T17:33:12 - [TEST_STEP][PASSED] - if (!(myStatus) && inList || myStatus && !(inList)): null

27-02-2025T17:33:12 - [TEST_STEP][PASSED] - myValue = element.getAttribute("value"): null

27-02-2025T17:33:12 - [TEST_STEP][PASSED] - if (debug): null

27-02-2025T17:33:12 - [TEST_STEP][PASSED] - if (myValue.length() >= 4): null

27-02-2025T17:33:12 - [TEST_STEP][PASSED] - if (myValue.substring(0, 4) == "(!) "): null

27-02-2025T17:33:12 - [TEST_STEP][PASSED] - myType = element.getAttribute("type"): null

27-02-2025T17:33:12 - [TEST_STEP][PASSED] - if (myValue in varParms[i]): null

27-02-2025T17:33:12 - [TEST_STEP][PASSED] - else: null

27-02-2025T17:33:12 - [TEST_STEP][PASSED] - inList = false: null

27-02-2025T17:33:12 - [TEST_STEP][PASSED] - if (myType == "checkbox"): null

27-02-2025T17:33:12 - [TEST_STEP][PASSED] - myStatus = element.isSelected(): null

27-02-2025T17:33:12 - [TEST_STEP][PASSED] - if (debug): null

27-02-2025T17:33:12 - [TEST_STEP][PASSED] - if (toggle && myStatus && inList): null

27-02-2025T17:33:12 - [TEST_STEP][PASSED] - if (!(myStatus) && inList || myStatus && !(inList)): null

27-02-2025T17:33:12 - [TEST_STEP][PASSED] - myValue = element.getAttribute("value"): null

27-02-2025T17:33:12 - [TEST_STEP][PASSED] - if (debug): null

27-02-2025T17:33:12 - [TEST_STEP][PASSED] - if (myValue.length() >= 4): null

27-02-2025T17:33:12 - [TEST_STEP][PASSED] - if (myValue.substring(0, 4) == "(!) "): null

27-02-2025T17:33:12 - [TEST_STEP][PASSED] - myType = element.getAttribute("type"): null

27-02-2025T17:33:12 - [TEST_STEP][PASSED] - if (myValue in varParms[i]): null

27-02-2025T17:33:12 - [TEST_STEP][PASSED] - else: null

27-02-2025T17:33:12 - [TEST_STEP][PASSED] - inList = false: null

27-02-2025T17:33:12 - [TEST_STEP][PASSED] - if (myType == "checkbox"): null

27-02-2025T17:33:12 - [TEST_STEP][PASSED] - myStatus = element.isSelected(): null

27-02-2025T17:33:12 - [TEST_STEP][PASSED] - if (debug): null

27-02-2025T17:33:12 - [TEST_STEP][PASSED] - if (toggle && myStatus && inList): null

27-02-2025T17:33:12 - [TEST_STEP][PASSED] - if (!(myStatus) && inList || myStatus && !(inList)): null

27-02-2025T17:33:12 - [TEST_STEP][PASSED] - if (debug): null

27-02-2025T17:33:12 - [TEST_STEP][PASSED] - if (varParms[i].indexOf("Europe") >= 0): null

27-02-2025T17:33:12 - [TEST_STEP][PASSED] - elements = driver.findElements(By.xpath(varXpaths[i])): null

27-02-2025T17:33:12 - [TEST_STEP][PASSED] - element_count = elements.size(): null

27-02-2025T17:33:12 - [TEST_STEP][PASSED] - for (def element : elements): null

27-02-2025T17:33:12 - [TEST_STEP][PASSED] - myValue = element.getAttribute("value"): null

27-02-2025T17:33:12 - [TEST_STEP][PASSED] - if (debug): null

27-02-2025T17:33:12 - [TEST_STEP][PASSED] - if (myValue.length() >= 4): null

27-02-2025T17:33:12 - [TEST_STEP][PASSED] - if (myValue.substring(0, 4) == "(!) "): null

27-02-2025T17:33:12 - [TEST_STEP][PASSED] - myType = element.getAttribute("type"): null

27-02-2025T17:33:12 - [TEST_STEP][PASSED] - if (myValue in varParms[i]): null

27-02-2025T17:33:12 - [TEST_STEP][PASSED] - else: null

27-02-2025T17:33:12 - [TEST_STEP][PASSED] - inList = false: null

27-02-2025T17:33:12 - [TEST_STEP][PASSED] - if (myType == "checkbox"): null

27-02-2025T17:33:12 - [TEST_STEP][PASSED] - else: null

27-02-2025T17:33:12 - [TEST_STEP][PASSED] - if (inList): null

27-02-2025T17:33:12 - [TEST_STEP][PASSED] - myValue = element.getAttribute("value"): null

27-02-2025T17:33:12 - [TEST_STEP][PASSED] - if (debug): null

27-02-2025T17:33:12 - [TEST_STEP][PASSED] - if (myValue.length() >= 4): null

27-02-2025T17:33:12 - [TEST_STEP][PASSED] - if (myValue.substring(0, 4) == "(!) "): null

27-02-2025T17:33:12 - [TEST_STEP][PASSED] - myType = element.getAttribute("type"): null

27-02-2025T17:33:12 - [TEST_STEP][PASSED] - if (myValue in varParms[i]): null

27-02-2025T17:33:12 - [TEST_STEP][PASSED] - inList = true: null

27-02-2025T17:33:12 - [TEST_STEP][PASSED] - if (myType == "checkbox"): null

27-02-2025T17:33:12 - [TEST_STEP][PASSED] - else: null

27-02-2025T17:33:12 - [TEST_STEP][PASSED] - if (inList): null

27-02-2025T17:33:12 - [TEST_STEP][PASSED] - click(element): null

27-02-2025T17:33:12 - [TEST_STEP][PASSED] - scrollToObject(elem): null

27-02-2025T17:33:12 - [TEST_STEP][PASSED] - loc = element.getLocation(): null

27-02-2025T17:33:12 - [TEST_STEP][PASSED] - if (debug): null

27-02-2025T17:33:12 - [TEST_STEP][PASSED] - y = loc.getY(): null

27-02-2025T17:33:12 - [TEST_STEP][PASSED] - println("Y location is " + y): null

27-02-2025T17:33:12 - [TEST_STEP][PASSED] - top = getViewportTopPosition(): Current viewport's top (y) position is 299

27-02-2025T17:33:12 - [MESSAGE][PASSED] - Current viewport's top (y) position is 299

27-02-2025T17:33:12 - [TEST_STEP][PASSED] - println("Viewport top is " + top): null

27-02-2025T17:33:12 - [TEST_STEP][PASSED] - bottom = top + 600: null

27-02-2025T17:33:12 - [TEST_STEP][PASSED] - if (y - top < 150 || bottom - y < 10): null

27-02-2025T17:33:12 - [TEST_STEP][PASSED] - elem.click(): null

27-02-2025T17:33:12 - [TEST_STEP][PASSED] - myValue = element.getAttribute("value"): null

27-02-2025T17:33:12 - [TEST_STEP][PASSED] - if (debug): null

27-02-2025T17:33:12 - [TEST_STEP][PASSED] - if (myValue.length() >= 4): null

27-02-2025T17:33:12 - [TEST_STEP][PASSED] - if (myValue.substring(0, 4) == "(!) "): null

27-02-2025T17:33:12 - [TEST_STEP][PASSED] - myType = element.getAttribute("type"): null

27-02-2025T17:33:12 - [TEST_STEP][PASSED] - if (myValue in varParms[i]): null

27-02-2025T17:33:12 - [TEST_STEP][PASSED] - else: null

27-02-2025T17:33:12 - [TEST_STEP][PASSED] - inList = false: null

27-02-2025T17:33:12 - [TEST_STEP][PASSED] - if (myType == "checkbox"): null

27-02-2025T17:33:12 - [TEST_STEP][PASSED] - else: null

27-02-2025T17:33:12 - [TEST_STEP][PASSED] - if (inList): null

27-02-2025T17:33:12 - [TEST_STEP][PASSED] - myValue = element.getAttribute("value"): null

27-02-2025T17:33:12 - [TEST_STEP][PASSED] - if (debug): null

27-02-2025T17:33:12 - [TEST_STEP][PASSED] - if (myValue.length() >= 4): null

27-02-2025T17:33:12 - [TEST_STEP][PASSED] - if (myValue.substring(0, 4) == "(!) "): null

27-02-2025T17:33:12 - [TEST_STEP][PASSED] - myType = element.getAttribute("type"): null

27-02-2025T17:33:12 - [TEST_STEP][PASSED] - if (myValue in varParms[i]): null

27-02-2025T17:33:12 - [TEST_STEP][PASSED] - else: null

27-02-2025T17:33:12 - [TEST_STEP][PASSED] - inList = false: null

27-02-2025T17:33:12 - [TEST_STEP][PASSED] - if (myType == "checkbox"): null

27-02-2025T17:33:12 - [TEST_STEP][PASSED] - else: null

27-02-2025T17:33:12 - [TEST_STEP][PASSED] - if (inList): null

27-02-2025T17:33:12 - [TEST_STEP][PASSED] - if (debug): null

27-02-2025T17:33:12 - [TEST_STEP][PASSED] - if (varParms[i].indexOf("Europe") >= 0): null

27-02-2025T17:33:12 - [TEST_STEP][PASSED] - elements = driver.findElements(By.xpath(varXpaths[i])): null

27-02-2025T17:33:12 - [TEST_STEP][PASSED] - element_count = elements.size(): null

27-02-2025T17:33:12 - [TEST_STEP][PASSED] - for (def element : elements): null

27-02-2025T17:33:12 - [TEST_STEP][PASSED] - myValue = element.getAttribute("value"): null

27-02-2025T17:33:12 - [TEST_STEP][PASSED] - if (debug): null

27-02-2025T17:33:12 - [TEST_STEP][PASSED] - if (myValue.length() >= 4): null

27-02-2025T17:33:12 - [TEST_STEP][PASSED] - myType = element.getAttribute("type"): null

27-02-2025T17:33:12 - [TEST_STEP][PASSED] - if (myValue in varParms[i]): null

27-02-2025T17:33:12 - [TEST_STEP][PASSED] - inList = true: null

27-02-2025T17:33:12 - [TEST_STEP][PASSED] - if (myType == "checkbox"): null

27-02-2025T17:33:12 - [TEST_STEP][PASSED] - else: null

27-02-2025T17:33:12 - [TEST_STEP][PASSED] - if (inList): null

27-02-2025T17:33:12 - [TEST_STEP][PASSED] - click(element): null

27-02-2025T17:33:12 - [TEST_STEP][PASSED] - scrollToObject(elem): null

27-02-2025T17:33:12 - [TEST_STEP][PASSED] - loc = element.getLocation(): null

27-02-2025T17:33:12 - [TEST_STEP][PASSED] - if (debug): null

27-02-2025T17:33:12 - [TEST_STEP][PASSED] - y = loc.getY(): null

27-02-2025T17:33:12 - [TEST_STEP][PASSED] - println("Y location is " + y): null

27-02-2025T17:33:12 - [TEST_STEP][PASSED] - top = getViewportTopPosition(): Current viewport's top (y) position is 299

27-02-2025T17:33:12 - [MESSAGE][PASSED] - Current viewport's top (y) position is 299

27-02-2025T17:33:12 - [TEST_STEP][PASSED] - println("Viewport top is " + top): null

27-02-2025T17:33:12 - [TEST_STEP][PASSED] - bottom = top + 600: null

27-02-2025T17:33:12 - [TEST_STEP][PASSED] - if (y - top < 150 || bottom - y < 10): Delayed 1 second(s)

27-02-2025T17:33:12 - [TEST_STEP][PASSED] - scrollToPosition(0, y - 150): Browser is scrolled to position x = 0, y = 772

27-02-2025T17:33:12 - [MESSAGE][PASSED] - Browser is scrolled to position x = 0, y = 772

27-02-2025T17:33:12 - [TEST_STEP][PASSED] - delay(1): Delayed 1 second(s)

27-02-2025T17:33:13 - [MESSAGE][PASSED] - Delayed 1 second(s)

27-02-2025T17:33:13 - [TEST_STEP][PASSED] - elem.click(): null

27-02-2025T17:33:13 - [TEST_STEP][PASSED] - myValue = element.getAttribute("value"): null

27-02-2025T17:33:13 - [TEST_STEP][PASSED] - if (debug): null

27-02-2025T17:33:13 - [TEST_STEP][PASSED] - if (myValue.length() >= 4): null

27-02-2025T17:33:13 - [TEST_STEP][PASSED] - myType = element.getAttribute("type"): null

27-02-2025T17:33:13 - [TEST_STEP][PASSED] - if (myValue in varParms[i]): null

27-02-2025T17:33:13 - [TEST_STEP][PASSED] - else: null

27-02-2025T17:33:13 - [TEST_STEP][PASSED] - inList = false: null

27-02-2025T17:33:13 - [TEST_STEP][PASSED] - if (myType == "checkbox"): null

27-02-2025T17:33:13 - [TEST_STEP][PASSED] - else: null

27-02-2025T17:33:13 - [TEST_STEP][PASSED] - if (inList): null

27-02-2025T17:33:13 - [TEST_STEP][PASSED] - if (debug): null

27-02-2025T17:33:13 - [TEST_STEP][PASSED] - if (varParms[i].indexOf("Europe") >= 0): null

27-02-2025T17:33:13 - [TEST_STEP][PASSED] - elements = driver.findElements(By.xpath(varXpaths[i])): null

27-02-2025T17:33:13 - [TEST_STEP][PASSED] - element_count = elements.size(): null

27-02-2025T17:33:13 - [TEST_STEP][PASSED] - for (def element : elements): null

27-02-2025T17:33:13 - [TEST_STEP][PASSED] - myValue = element.getAttribute("value"): null

27-02-2025T17:33:13 - [TEST_STEP][PASSED] - if (debug): null

27-02-2025T17:33:13 - [TEST_STEP][PASSED] - if (myValue.length() >= 4): null

27-02-2025T17:33:13 - [TEST_STEP][PASSED] - if (myValue.substring(0, 4) == "(!) "): null

27-02-2025T17:33:13 - [TEST_STEP][PASSED] - myType = element.getAttribute("type"): null

27-02-2025T17:33:13 - [TEST_STEP][PASSED] - if (myValue in varParms[i]): null

27-02-2025T17:33:13 - [TEST_STEP][PASSED] - else: null

27-02-2025T17:33:13 - [TEST_STEP][PASSED] - inList = false: null

27-02-2025T17:33:13 - [TEST_STEP][PASSED] - if (myType == "checkbox"): null

27-02-2025T17:33:13 - [TEST_STEP][PASSED] - else: null

27-02-2025T17:33:13 - [TEST_STEP][PASSED] - if (inList): null

27-02-2025T17:33:13 - [TEST_STEP][PASSED] - myValue = element.getAttribute("value"): null

27-02-2025T17:33:13 - [TEST_STEP][PASSED] - if (debug): null

27-02-2025T17:33:13 - [TEST_STEP][PASSED] - if (myValue.length() >= 4): null

27-02-2025T17:33:13 - [TEST_STEP][PASSED] - if (myValue.substring(0, 4) == "(!) "): null

27-02-2025T17:33:13 - [TEST_STEP][PASSED] - myType = element.getAttribute("type"): null

27-02-2025T17:33:13 - [TEST_STEP][PASSED] - if (myValue in varParms[i]): null

27-02-2025T17:33:13 - [TEST_STEP][PASSED] - inList = true: null

27-02-2025T17:33:13 - [TEST_STEP][PASSED] - if (myType == "checkbox"): null

27-02-2025T17:33:13 - [TEST_STEP][PASSED] - else: null

27-02-2025T17:33:13 - [TEST_STEP][PASSED] - if (inList): null

27-02-2025T17:33:13 - [TEST_STEP][PASSED] - click(element): null

27-02-2025T17:33:13 - [TEST_STEP][PASSED] - scrollToObject(elem): null

27-02-2025T17:33:13 - [TEST_STEP][PASSED] - loc = element.getLocation(): null

27-02-2025T17:33:13 - [TEST_STEP][PASSED] - if (debug): null

27-02-2025T17:33:13 - [TEST_STEP][PASSED] - y = loc.getY(): null

27-02-2025T17:33:13 - [TEST_STEP][PASSED] - println("Y location is " + y): null

27-02-2025T17:33:13 - [TEST_STEP][PASSED] - top = getViewportTopPosition(): Current viewport's top (y) position is 772

27-02-2025T17:33:13 - [MESSAGE][PASSED] - Current viewport's top (y) position is 772

27-02-2025T17:33:13 - [TEST_STEP][PASSED] - println("Viewport top is " + top): null

27-02-2025T17:33:13 - [TEST_STEP][PASSED] - bottom = top + 600: null

27-02-2025T17:33:13 - [TEST_STEP][PASSED] - if (y - top < 150 || bottom - y < 10): null

27-02-2025T17:33:13 - [TEST_STEP][PASSED] - elem.click(): null

27-02-2025T17:33:13 - [TEST_STEP][PASSED] - myValue = element.getAttribute("value"): null

27-02-2025T17:33:13 - [TEST_STEP][PASSED] - if (debug): null

27-02-2025T17:33:13 - [TEST_STEP][PASSED] - if (myValue.length() >= 4): null

27-02-2025T17:33:13 - [TEST_STEP][PASSED] - if (myValue.substring(0, 4) == "(!) "): null

27-02-2025T17:33:13 - [TEST_STEP][PASSED] - myType = element.getAttribute("type"): null

27-02-2025T17:33:13 - [TEST_STEP][PASSED] - if (myValue in varParms[i]): null

27-02-2025T17:33:13 - [TEST_STEP][PASSED] - else: null

27-02-2025T17:33:13 - [TEST_STEP][PASSED] - inList = false: null

27-02-2025T17:33:13 - [TEST_STEP][PASSED] - if (myType == "checkbox"): null

27-02-2025T17:33:13 - [TEST_STEP][PASSED] - else: null

27-02-2025T17:33:13 - [TEST_STEP][PASSED] - if (inList): null

27-02-2025T17:33:13 - [TEST_STEP][PASSED] - frame.dispose(): null

27-02-2025T17:33:13 - [MESSAGE][PASSED] - Call Test Case 'Test Cases/_Functions/Click on Group Elements' successfully

27-02-2025T17:33:13 - [TEST_STEP][PASSED] - object = "Journey Candidate Profile/Tabs/btn_Complete Submit": null

27-02-2025T17:33:13 - [TEST_STEP][PASSED] - callTestCase(findTestCase("_Functions/Perform Action"), ["varAction":"click", "varObject":object], STOP_ON_FAILURE): Call Test Case 'Test Cases/_Functions/Perform Action' successfully

27-02-2025T17:33:14 - [TEST_CASE][PASSED] - Test Cases/_Functions/Perform Action: Test Cases/_Functions/Perform Action

27-02-2025T17:33:14 - [TEST_STEP][PASSED] - action = varAction: null

27-02-2025T17:33:14 - [TEST_STEP][PASSED] - println(action): null

27-02-2025T17:33:14 - [TEST_STEP][PASSED] - testObject = varObject: null

27-02-2025T17:33:14 - [TEST_STEP][PASSED] - println(testObject): null

27-02-2025T17:33:14 - [TEST_STEP][PASSED] - parm1 = varParm1: null

27-02-2025T17:33:14 - [TEST_STEP][PASSED] - println(parm1): null

27-02-2025T17:33:14 - [TEST_STEP][PASSED] - println("Converting " + testObject + " to web element"): null

27-02-2025T17:33:14 - [TEST_STEP][PASSED] - element = findWebElement(findTestObject(testObject), 1): null

27-02-2025T17:33:14 - [TEST_STEP][PASSED] - loc = element.getLocation(): null

27-02-2025T17:33:14 - [TEST_STEP][PASSED] - y = loc.getY(): null

27-02-2025T17:33:14 - [TEST_STEP][PASSED] - println("Y location is " + y): null

27-02-2025T17:33:14 - [TEST_STEP][PASSED] - top = getViewportTopPosition(): Current viewport's top (y) position is 772

27-02-2025T17:33:14 - [MESSAGE][PASSED] - Current viewport's top (y) position is 772

27-02-2025T17:33:14 - [TEST_STEP][PASSED] - println("Viewport top is " + top): null

27-02-2025T17:33:14 - [TEST_STEP][PASSED] - bottom = top + 600: null

27-02-2025T17:33:14 - [TEST_STEP][PASSED] - if (y - top < 150 || bottom - y < 10): null

27-02-2025T17:33:14 - [TEST_STEP][PASSED] - if (action == "click"): Object: 'Object Repository/Journey Candidate Profile/Tabs/btn_Complete Submit' is clicked on

27-02-2025T17:33:14 - [TEST_STEP][PASSED] - println("clicking"): null

27-02-2025T17:33:14 - [TEST_STEP][PASSED] - click(findTestObject(testObject)): Object: 'Object Repository/Journey Candidate Profile/Tabs/btn_Complete Submit' is clicked on

27-02-2025T17:33:15 - [MESSAGE][PASSED] - Object: 'Object Repository/Journey Candidate Profile/Tabs/btn_Complete Submit' is clicked on

27-02-2025T17:33:15 - [MESSAGE][PASSED] - Call Test Case 'Test Cases/_Functions/Perform Action' successfully

27-02-2025T17:33:15 - [MESSAGE][PASSED] - Call Test Case 'Test Cases/Journey Candidate Profile/Tabs/Set Situation' successfully

27-02-2025T17:33:15 - [TEST_STEP][PASSED] - if (pages.size() == 0 || "All" in pages || "Availability" in pages): Call Test Case 'Test Cases/Journey Candidate Profile/Tabs/Set Availability' successfully

27-02-2025T17:33:15 - [TEST_STEP][PASSED] - when_available = "In one to two years": null

27-02-2025T17:33:15 - [TEST_STEP][PASSED] - time_commitments = ["One year to two years", "Long Term"]: null

27-02-2025T17:33:15 - [TEST_STEP][PASSED] - time_available = ["Part Time ~ 20 Hours/Week", "Part of Each Year", "Summer Opportunities"]: null

27-02-2025T17:33:15 - [TEST_STEP][PASSED] - paid_and_volunteer_positions = ["Position requires raising some support", "A salary provided; enough to live locally"]: null

27-02-2025T17:33:15 - [TEST_STEP][PASSED] - interested_in_short_term = "Yes": null

27-02-2025T17:33:15 - [TEST_STEP][PASSED] - length_of_assignment = ["Two Weeks", "3-4 Weeks", "A few months"]: null

27-02-2025T17:33:15 - [TEST_STEP][PASSED] - short_term_availability = ["Summer", "Fall"]: null

27-02-2025T17:33:15 - [TEST_STEP][PASSED] - short_term_objective = "Build vision for a career in missions": null

27-02-2025T17:33:15 - [TEST_STEP][PASSED] - short_term_comment = "I would prefer an assignment in Southeast Asia": null

27-02-2025T17:33:15 - [TEST_STEP][PASSED] - travel_options = "Travel funding negotiated": null

27-02-2025T17:33:15 - [TEST_STEP][PASSED] - relocation_options = "(!) Not sure": null

27-02-2025T17:33:15 - [TEST_STEP][PASSED] - callTestCase(findTestCase("Journey Candidate Profile/Tabs/Set Availability"), ["varWhen_available":when_available, "varTime_commitments":time_commitments, "varTime_available":time_available, "varPaid_and_volunteer_positions":paid_and_volunteer_positions, ... ], STOP_ON_FAILURE): Call Test Case 'Test Cases/Journey Candidate Profile/Tabs/Set Availability' successfully

27-02-2025T17:33:16 - [TEST_CASE][PASSED] - Test Cases/Journey Candidate Profile/Tabs/Set Availability: Test Cases/Journey Candidate Profile/Tabs/Set Availability

27-02-2025T17:33:16 - [TEST_STEP][PASSED] - username = username: null

27-02-2025T17:33:16 - [TEST_STEP][PASSED] - if (username != "cktest05jc"): null

27-02-2025T17:33:16 - [TEST_STEP][PASSED] - testName = "Journey Candidate Availability Tab": null

27-02-2025T17:33:16 - [TEST_STEP][PASSED] - outFile = callTestCase(findTestCase("_Functions/Set Output File"), ["varTestName":testName], STOP_ON_FAILURE): Call Test Case 'Test Cases/_Functions/Set Output File' successfully

27-02-2025T17:33:16 - [TEST_CASE][PASSED] - Test Cases/_Functions/Set Output File: Test Cases/_Functions/Set Output File

27-02-2025T17:33:16 - [TEST_STEP][PASSED] - testName = varTestName: null

27-02-2025T17:33:16 - [TEST_STEP][PASSED] - domain = domain: null

27-02-2025T17:33:16 - [TEST_STEP][PASSED] - writeFile = false: null

27-02-2025T17:33:16 - [TEST_STEP][PASSED] - if (outFile != ""): null

27-02-2025T17:33:16 - [TEST_STEP][PASSED] - myFile = outFile: null

27-02-2025T17:33:16 - [TEST_STEP][PASSED] - println(myFile): null

27-02-2025T17:33:16 - [TEST_STEP][PASSED] - outFile = new java.io.File(myFile): null

27-02-2025T17:33:16 - [TEST_STEP][PASSED] - writeFile = true: null

27-02-2025T17:33:16 - [TEST_STEP][PASSED] - if (!(writeFile)): null

27-02-2025T17:33:16 - [TEST_STEP][PASSED] - else: null

27-02-2025T17:33:16 - [TEST_STEP][PASSED] - outFile.append("
Testing " + testName + " on " + domain + ".
"): null

27-02-2025T17:33:16 - [TEST_STEP][PASSED] - return outFile: null

27-02-2025T17:33:16 - [MESSAGE][PASSED] - Call Test Case 'Test Cases/_Functions/Set Output File' successfully

27-02-2025T17:33:16 - [TEST_STEP][PASSED] - lastY = -100: null

27-02-2025T17:33:16 - [TEST_STEP][PASSED] - parms = [varTime_commitments, varTime_available, varPaid_and_volunteer_positions, varLength_of_assignment, varShort_term_availability, varShort_term_objective, varTravel_options]: null

27-02-2025T17:33:16 - [TEST_STEP][PASSED] - time_commitments = "//input[@id='profile_group-1623986423.799_time_commitment']": null

27-02-2025T17:33:16 - [TEST_STEP][PASSED] - time_available = "//input[@id='profile_group-1623986423.799_time_availability']": null

27-02-2025T17:33:16 - [TEST_STEP][PASSED] - paid_and_volunteer_positions = "//input[@id='profile_group-1623986423.799_financial_support']": null

27-02-2025T17:33:16 - [TEST_STEP][PASSED] - length_of_assignment = "//input[@id='profile_group-1694658591.764_trip_lengths']": null

27-02-2025T17:33:16 - [TEST_STEP][PASSED] - short_term_availability = "//input[@id='profile_group-1694658591.764_short-term_availability']": null

27-02-2025T17:33:16 - [TEST_STEP][PASSED] - short_term_objective = "//input[@name='profile[group-1694658591.764][short-term_objective]']": null

27-02-2025T17:33:16 - [TEST_STEP][PASSED] - travel_options = "//input[@id='profile_group-1623986423.799_travel_support']": null

27-02-2025T17:33:16 - [TEST_STEP][PASSED] - xpaths = [time_commitments, time_available, paid_and_volunteer_positions, length_of_assignment, short_term_availability, short_term_objective, travel_options]: null

27-02-2025T17:33:16 - [TEST_STEP][PASSED] - tooltipImagePath = "/Users/cckozie/git/MissionNext-Katalon-Koz/images/education candidate/": null

27-02-2025T17:33:16 - [TEST_STEP][PASSED] - testObjectFolder = "Journey Candidate Profile/Tabs/Availability/": null

27-02-2025T17:33:16 - [TEST_STEP][PASSED] - tooltips = ["dummy":"dummy", "Time Commitment(s)":"img_Time Commitment(s)_field-tooltip", "Paid & Volunteer Positions":"img_Paid Volunteer Positions_field-tooltip", ... ]: null

27-02-2025T17:33:16 - [TEST_STEP][PASSED] - tooltipText = ["Time Commitment(s)":"Check commitments you would consider.", "Paid & Volunteer Positions":"Check all situations you are willing to consider. (The self-support categories will display the most options.)", ... ]: null

27-02-2025T17:33:16 - [TEST_STEP][PASSED] - requiredFieldMsgs = ["Time Commitment(s)":"The time commitment field is required.", "Time/Hours Available":"The time availability field is required.", ... ]: null

27-02-2025T17:33:16 - [TEST_STEP][PASSED] - click(findTestObject("Object Repository/Journey Candidate Profile/Tabs/a_Availability")): Object: 'Object Repository/Journey Candidate Profile/Tabs/a_Availability' is clicked on

27-02-2025T17:33:16 - [MESSAGE][PASSED] - Object: 'Object Repository/Journey Candidate Profile/Tabs/a_Availability' is clicked on

27-02-2025T17:33:16 - [TEST_STEP][PASSED] - tooltipTextMap = callTestCase(findTestCase("_Functions/Get Screenshot and Tooltip Text"), ["varExtension":testName], STOP_ON_FAILURE): Call Test Case 'Test Cases/_Functions/Get Screenshot and Tooltip Text' successfully

27-02-2025T17:33:16 - [TEST_CASE][PASSED] - Test Cases/_Functions/Get Screenshot and Tooltip Text: Test Cases/_Functions/Get Screenshot and Tooltip Text

27-02-2025T17:33:16 - [TEST_STEP][PASSED] - if (fastPath): null

27-02-2025T17:33:16 - [TEST_STEP][PASSED] - frame = new javax.swing.JFrame(): null

27-02-2025T17:33:16 - [TEST_STEP][PASSED] - p = new javax.swing.JPanel(): null

27-02-2025T17:33:16 - [TEST_STEP][PASSED] - l = new javax.swing.JLabel(Getting screenshot and tooltip text..., javax.swing.SwingConstants.CENTER): null

27-02-2025T17:33:16 - [TEST_STEP][PASSED] - frame.add(l): null

27-02-2025T17:33:16 - [TEST_STEP][PASSED] - frame.setSize(300, 100): null

27-02-2025T17:33:16 - [TEST_STEP][PASSED] - frame.setLocation(600, 0): null

27-02-2025T17:33:16 - [TEST_STEP][PASSED] - frame.setAlwaysOnTop(true): null

27-02-2025T17:33:16 - [TEST_STEP][PASSED] - frame.show(): null

27-02-2025T17:33:16 - [TEST_STEP][PASSED] - driver = getWebDriver(): null

27-02-2025T17:33:16 - [TEST_STEP][PASSED] - path = "/Users/cckozie/Documents/MissionNext/Screenshots and Tooltip Text/": null

27-02-2025T17:33:16 - [TEST_STEP][PASSED] - if (binding.hasVariable("varExtension")): null

27-02-2025T17:33:16 - [TEST_STEP][PASSED] - extension = varExtension: null

27-02-2025T17:33:16 - [TEST_STEP][PASSED] - println("Extension is " + extension): null

27-02-2025T17:33:16 - [TEST_STEP][PASSED] - fileBase = path + extension: null

27-02-2025T17:33:16 - [TEST_STEP][PASSED] - fileImage = fileBase + "_Screenshot.png": null

27-02-2025T17:33:16 - [TEST_STEP][PASSED] - waitForPageLoad(30): Wait for page load successfully

27-02-2025T17:33:16 - [MESSAGE][PASSED] - Wait for page load successfully

27-02-2025T17:33:16 - [TEST_STEP][PASSED] - spinner = driver.findElement(By.xpath("/html/body/div[1]/div/div[2]")): null

27-02-2025T17:33:16 - [TEST_STEP][PASSED] - executor = driver: null

27-02-2025T17:33:16 - [TEST_STEP][PASSED] - elementAttributes = executor.executeScript("var items = {}; for (index = 0; index < arguments[0].attributes.length; ++index) { items[arguments[0].attributes[index].name] = arguments[0].attributes[index].value }; return items;", spinner): null

27-02-2025T17:33:16 - [TEST_STEP][PASSED] - attrs = elementAttributes.toString(): null

27-02-2025T17:33:16 - [TEST_STEP][PASSED] - waits = 0: null

27-02-2025T17:33:16 - [TEST_STEP][PASSED] - while (attrs.indexOf("display: none") < 0 && waits < 2): null

27-02-2025T17:33:16 - [TEST_STEP][PASSED] - delay(1): Delayed 1 second(s)

27-02-2025T17:33:17 - [MESSAGE][PASSED] - Delayed 1 second(s)

27-02-2025T17:33:17 - [TEST_STEP][PASSED] - attrs = elementAttributes.toString(): null

27-02-2025T17:33:17 - [TEST_STEP][PASSED] - (waits++): null

27-02-2025T17:33:17 - [TEST_STEP][PASSED] - delay(1): Delayed 1 second(s)

27-02-2025T17:33:18 - [MESSAGE][PASSED] - Delayed 1 second(s)

27-02-2025T17:33:18 - [TEST_STEP][PASSED] - attrs = elementAttributes.toString(): null

27-02-2025T17:33:18 - [TEST_STEP][PASSED] - (waits++): null

27-02-2025T17:33:18 - [TEST_STEP][PASSED] - tooltipMap = callTestCase(findTestCase("_Functions/Get Tooltip Text"), [:], STOP_ON_FAILURE): Call Test Case 'Test Cases/_Functions/Get Tooltip Text' successfully

27-02-2025T17:33:18 - [TEST_CASE][PASSED] - Test Cases/_Functions/Get Tooltip Text: Test Cases/_Functions/Get Tooltip Text

27-02-2025T17:33:18 - [TEST_STEP][PASSED] - fieldTooltips = [:]: null

27-02-2025T17:33:18 - [TEST_STEP][PASSED] - tooltipMap = [:]: null

27-02-2025T17:33:18 - [TEST_STEP][PASSED] - driver = getWebDriver(): null

27-02-2025T17:33:18 - [TEST_STEP][PASSED] - tooltips = driver.findElements(By.className("field-tooltip")): null

27-02-2025T17:33:18 - [TEST_STEP][PASSED] - for (def it : tooltips): null

27-02-2025T17:33:18 - [TEST_STEP][PASSED] - if (it.isDisplayed()): null

27-02-2025T17:33:18 - [TEST_STEP][PASSED] - if (it.isDisplayed()): null

27-02-2025T17:33:18 - [TEST_STEP][PASSED] - if (it.isDisplayed()): null

27-02-2025T17:33:18 - [TEST_STEP][PASSED] - if (it.isDisplayed()): null

27-02-2025T17:33:18 - [TEST_STEP][PASSED] - if (it.isDisplayed()): null

27-02-2025T17:33:18 - [TEST_STEP][PASSED] - if (it.isDisplayed()): null

27-02-2025T17:33:18 - [TEST_STEP][PASSED] - if (it.isDisplayed()): null

27-02-2025T17:33:18 - [TEST_STEP][PASSED] - if (it.isDisplayed()): null

27-02-2025T17:33:18 - [TEST_STEP][PASSED] - if (it.isDisplayed()): null

27-02-2025T17:33:18 - [TEST_STEP][PASSED] - if (it.isDisplayed()): null

27-02-2025T17:33:18 - [TEST_STEP][PASSED] - if (it.isDisplayed()): null

27-02-2025T17:33:18 - [TEST_STEP][PASSED] - if (it.isDisplayed()): null

27-02-2025T17:33:18 - [TEST_STEP][PASSED] - ttText = it.getAttribute("data-original-title"): null

27-02-2025T17:33:18 - [TEST_STEP][PASSED] - ttLocation = it.getLocation(): null

27-02-2025T17:33:18 - [TEST_STEP][PASSED] - yLocation = ttLocation.getY(): null

27-02-2025T17:33:18 - [TEST_STEP][PASSED] - xLocation = ttLocation.getX(): null

27-02-2025T17:33:18 - [TEST_STEP][PASSED] - fieldTooltips.put(ttText, yLocation): null

27-02-2025T17:33:18 - [TEST_STEP][PASSED] - if (it.isDisplayed()): null

27-02-2025T17:33:18 - [TEST_STEP][PASSED] - ttText = it.getAttribute("data-original-title"): null

27-02-2025T17:33:18 - [TEST_STEP][PASSED] - ttLocation = it.getLocation(): null

27-02-2025T17:33:18 - [TEST_STEP][PASSED] - yLocation = ttLocation.getY(): null

27-02-2025T17:33:18 - [TEST_STEP][PASSED] - xLocation = ttLocation.getX(): null

27-02-2025T17:33:18 - [TEST_STEP][PASSED] - fieldTooltips.put(ttText, yLocation): null

27-02-2025T17:33:18 - [TEST_STEP][PASSED] - if (it.isDisplayed()): null

27-02-2025T17:33:18 - [TEST_STEP][PASSED] - ttText = it.getAttribute("data-original-title"): null

27-02-2025T17:33:18 - [TEST_STEP][PASSED] - ttLocation = it.getLocation(): null

27-02-2025T17:33:18 - [TEST_STEP][PASSED] - yLocation = ttLocation.getY(): null

27-02-2025T17:33:18 - [TEST_STEP][PASSED] - xLocation = ttLocation.getX(): null

27-02-2025T17:33:18 - [TEST_STEP][PASSED] - fieldTooltips.put(ttText, yLocation): null

27-02-2025T17:33:18 - [TEST_STEP][PASSED] - if (it.isDisplayed()): null

27-02-2025T17:33:18 - [TEST_STEP][PASSED] - if (it.isDisplayed()): null

27-02-2025T17:33:18 - [TEST_STEP][PASSED] - if (it.isDisplayed()): null

27-02-2025T17:33:18 - [TEST_STEP][PASSED] - if (it.isDisplayed()): null

27-02-2025T17:33:18 - [TEST_STEP][PASSED] - ttText = it.getAttribute("data-original-title"): null

27-02-2025T17:33:18 - [TEST_STEP][PASSED] - ttLocation = it.getLocation(): null

27-02-2025T17:33:18 - [TEST_STEP][PASSED] - yLocation = ttLocation.getY(): null

27-02-2025T17:33:18 - [TEST_STEP][PASSED] - xLocation = ttLocation.getX(): null

27-02-2025T17:33:18 - [TEST_STEP][PASSED] - fieldTooltips.put(ttText, yLocation): null

27-02-2025T17:33:18 - [TEST_STEP][PASSED] - if (it.isDisplayed()): null

27-02-2025T17:33:18 - [TEST_STEP][PASSED] - if (it.isDisplayed()): null

27-02-2025T17:33:18 - [TEST_STEP][PASSED] - if (it.isDisplayed()): null

27-02-2025T17:33:18 - [TEST_STEP][PASSED] - if (it.isDisplayed()): null

27-02-2025T17:33:18 - [TEST_STEP][PASSED] - if (it.isDisplayed()): null

27-02-2025T17:33:18 - [TEST_STEP][PASSED] - if (it.isDisplayed()): null

27-02-2025T17:33:18 - [TEST_STEP][PASSED] - if (it.isDisplayed()): null

27-02-2025T17:33:18 - [TEST_STEP][PASSED] - if (it.isDisplayed()): null

27-02-2025T17:33:18 - [TEST_STEP][PASSED] - if (it.isDisplayed()): null

27-02-2025T17:33:18 - [TEST_STEP][PASSED] - if (it.isDisplayed()): null

27-02-2025T17:33:18 - [TEST_STEP][PASSED] - if (it.isDisplayed()): null

27-02-2025T17:33:18 - [TEST_STEP][PASSED] - if (fieldTooltips.size() > 0): null

27-02-2025T17:33:18 - [TEST_STEP][PASSED] - rightBorder = xLocation: null

27-02-2025T17:33:18 - [TEST_STEP][PASSED] - fieldLabels = [:]: null

27-02-2025T17:33:18 - [TEST_STEP][PASSED] - labels = driver.findElements(By.xpath("//label")): null

27-02-2025T17:33:18 - [TEST_STEP][PASSED] - labels.each({ -> ... }): null

27-02-2025T17:33:21 - [TEST_STEP][PASSED] - for (def label : fieldLabels): null

27-02-2025T17:33:21 - [TEST_STEP][PASSED] - y = value: null

27-02-2025T17:33:21 - [TEST_STEP][PASSED] - for (def tooltip : fieldTooltips): null

27-02-2025T17:33:21 - [TEST_STEP][PASSED] - if (value == y || value == y + 1 || value == y - 1): null

27-02-2025T17:33:21 - [TEST_STEP][PASSED] - if (value == y || value == y + 1 || value == y - 1): null

27-02-2025T17:33:21 - [TEST_STEP][PASSED] - if (value == y || value == y + 1 || value == y - 1): null

27-02-2025T17:33:21 - [TEST_STEP][PASSED] - if (value == y || value == y + 1 || value == y - 1): null

27-02-2025T17:33:21 - [TEST_STEP][PASSED] - y = value: null

27-02-2025T17:33:21 - [TEST_STEP][PASSED] - for (def tooltip : fieldTooltips): null

27-02-2025T17:33:21 - [TEST_STEP][PASSED] - if (value == y || value == y + 1 || value == y - 1): null

27-02-2025T17:33:21 - [TEST_STEP][PASSED] - if (value == y || value == y + 1 || value == y - 1): null

27-02-2025T17:33:21 - [TEST_STEP][PASSED] - if (value == y || value == y + 1 || value == y - 1): null

27-02-2025T17:33:21 - [TEST_STEP][PASSED] - if (value == y || value == y + 1 || value == y - 1): null

27-02-2025T17:33:21 - [TEST_STEP][PASSED] - y = value: null

27-02-2025T17:33:21 - [TEST_STEP][PASSED] - for (def tooltip : fieldTooltips): null

27-02-2025T17:33:21 - [TEST_STEP][PASSED] - if (value == y || value == y + 1 || value == y - 1): null

27-02-2025T17:33:21 - [TEST_STEP][PASSED] - tooltipMap.put(key, key): null

27-02-2025T17:33:21 - [TEST_STEP][PASSED] - break: null

27-02-2025T17:33:21 - [TEST_STEP][PASSED] - y = value: null

27-02-2025T17:33:21 - [TEST_STEP][PASSED] - for (def tooltip : fieldTooltips): null

27-02-2025T17:33:21 - [TEST_STEP][PASSED] - if (value == y || value == y + 1 || value == y - 1): null

27-02-2025T17:33:21 - [TEST_STEP][PASSED] - if (value == y || value == y + 1 || value == y - 1): null

27-02-2025T17:33:21 - [TEST_STEP][PASSED] - if (value == y || value == y + 1 || value == y - 1): null

27-02-2025T17:33:21 - [TEST_STEP][PASSED] - if (value == y || value == y + 1 || value == y - 1): null

27-02-2025T17:33:21 - [TEST_STEP][PASSED] - y = value: null

27-02-2025T17:33:21 - [TEST_STEP][PASSED] - for (def tooltip : fieldTooltips): null

27-02-2025T17:33:21 - [TEST_STEP][PASSED] - if (value == y || value == y + 1 || value == y - 1): null

27-02-2025T17:33:21 - [TEST_STEP][PASSED] - if (value == y || value == y + 1 || value == y - 1): null

27-02-2025T17:33:21 - [TEST_STEP][PASSED] - tooltipMap.put(key, key): null

27-02-2025T17:33:21 - [TEST_STEP][PASSED] - break: null

27-02-2025T17:33:21 - [TEST_STEP][PASSED] - y = value: null

27-02-2025T17:33:21 - [TEST_STEP][PASSED] - for (def tooltip : fieldTooltips): null

27-02-2025T17:33:21 - [TEST_STEP][PASSED] - if (value == y || value == y + 1 || value == y - 1): null

27-02-2025T17:33:21 - [TEST_STEP][PASSED] - if (value == y || value == y + 1 || value == y - 1): null

27-02-2025T17:33:21 - [TEST_STEP][PASSED] - if (value == y || value == y + 1 || value == y - 1): null

27-02-2025T17:33:21 - [TEST_STEP][PASSED] - tooltipMap.put(key, key): null

27-02-2025T17:33:21 - [TEST_STEP][PASSED] - break: null

27-02-2025T17:33:21 - [TEST_STEP][PASSED] - y = value: null

27-02-2025T17:33:21 - [TEST_STEP][PASSED] - for (def tooltip : fieldTooltips): null

27-02-2025T17:33:21 - [TEST_STEP][PASSED] - if (value == y || value == y + 1 || value == y - 1): null

27-02-2025T17:33:21 - [TEST_STEP][PASSED] - if (value == y || value == y + 1 || value == y - 1): null

27-02-2025T17:33:21 - [TEST_STEP][PASSED] - if (value == y || value == y + 1 || value == y - 1): null

27-02-2025T17:33:21 - [TEST_STEP][PASSED] - if (value == y || value == y + 1 || value == y - 1): null

27-02-2025T17:33:21 - [TEST_STEP][PASSED] - y = value: null

27-02-2025T17:33:21 - [TEST_STEP][PASSED] - for (def tooltip : fieldTooltips): null

27-02-2025T17:33:21 - [TEST_STEP][PASSED] - if (value == y || value == y + 1 || value == y - 1): null

27-02-2025T17:33:21 - [TEST_STEP][PASSED] - if (value == y || value == y + 1 || value == y - 1): null

27-02-2025T17:33:21 - [TEST_STEP][PASSED] - if (value == y || value == y + 1 || value == y - 1): null

27-02-2025T17:33:21 - [TEST_STEP][PASSED] - if (value == y || value == y + 1 || value == y - 1): null

27-02-2025T17:33:21 - [TEST_STEP][PASSED] - tooltipMap.put(key, key): null

27-02-2025T17:33:21 - [TEST_STEP][PASSED] - break: null

27-02-2025T17:33:21 - [TEST_STEP][PASSED] - return tooltipMap: null

27-02-2025T17:33:21 - [MESSAGE][PASSED] - Call Test Case 'Test Cases/_Functions/Get Tooltip Text' successfully

27-02-2025T17:33:21 - [TEST_STEP][PASSED] - if (tooltipMap.size() > 0): null

27-02-2025T17:33:21 - [TEST_STEP][PASSED] - file = fileBase + "_Tooltips.csv": null

27-02-2025T17:33:21 - [TEST_STEP][PASSED] - outText = "FIELD LABEL" + "," + "TOOLTIP TEXT" + "

": null

27-02-2025T17:33:21 - [TEST_STEP][PASSED] - for (def it : tooltipMap): null

27-02-2025T17:33:21 - [TEST_STEP][PASSED] - name = key: null

27-02-2025T17:33:21 - [TEST_STEP][PASSED] - value = value.replace("
", ""): null

27-02-2025T17:33:21 - [TEST_STEP][PASSED] - value = value.trim(): null

27-02-2025T17:33:21 - [TEST_STEP][PASSED] - value = """ + value + """: null

27-02-2025T17:33:21 - [TEST_STEP][PASSED] - outText = outText + name + "," + value: null

27-02-2025T17:33:21 - [TEST_STEP][PASSED] - outText = outText + "
": null

27-02-2025T17:33:21 - [TEST_STEP][PASSED] - println(outText): null

27-02-2025T17:33:21 - [TEST_STEP][PASSED] - name = key: null

27-02-2025T17:33:21 - [TEST_STEP][PASSED] - value = value.replace("
", ""): null

27-02-2025T17:33:21 - [TEST_STEP][PASSED] - value = value.trim(): null

27-02-2025T17:33:21 - [TEST_STEP][PASSED] - value = """ + value + """: null

27-02-2025T17:33:21 - [TEST_STEP][PASSED] - outText = outText + name + "," + value: null

27-02-2025T17:33:21 - [TEST_STEP][PASSED] - outText = outText + "
": null

27-02-2025T17:33:21 - [TEST_STEP][PASSED] - println(outText): null

27-02-2025T17:33:21 - [TEST_STEP][PASSED] - name = key: null

27-02-2025T17:33:21 - [TEST_STEP][PASSED] - value = value.replace("
", ""): null

27-02-2025T17:33:21 - [TEST_STEP][PASSED] - value = value.trim(): null

27-02-2025T17:33:21 - [TEST_STEP][PASSED] - value = """ + value + """: null

27-02-2025T17:33:21 - [TEST_STEP][PASSED] - outText = outText + name + "," + value: null

27-02-2025T17:33:21 - [TEST_STEP][PASSED] - outText = outText + "
": null

27-02-2025T17:33:21 - [TEST_STEP][PASSED] - println(outText): null

27-02-2025T17:33:21 - [TEST_STEP][PASSED] - name = key: null

27-02-2025T17:33:21 - [TEST_STEP][PASSED] - value = value.replace("
", ""): null

27-02-2025T17:33:21 - [TEST_STEP][PASSED] - value = value.trim(): null

27-02-2025T17:33:21 - [TEST_STEP][PASSED] - value = """ + value + """: null

27-02-2025T17:33:21 - [TEST_STEP][PASSED] - outText = outText + name + "," + value: null

27-02-2025T17:33:21 - [TEST_STEP][PASSED] - outText = outText + "
": null

27-02-2025T17:33:21 - [TEST_STEP][PASSED] - println(outText): null

27-02-2025T17:33:21 - [TEST_STEP][PASSED] - outFile = new java.io.File(file): null

27-02-2025T17:33:21 - [TEST_STEP][PASSED] - println(outText): null

27-02-2025T17:33:21 - [TEST_STEP][PASSED] - outFile.write(outText): null

27-02-2025T17:33:21 - [TEST_STEP][PASSED] - takeFullPageScreenshot(fileImage): Taking screenshot successfully

27-02-2025T17:33:22 - [MESSAGE][INFO] - 0 hidden object(s)

27-02-2025T17:33:22 - [MESSAGE][PASSED] - Taking screenshot successfully
[[ATTACHMENT|/Users/cckozie/Documents/MissionNext/Screenshots and Tooltip Text/Journey Candidate Availability Tab_Screenshot.png]]

27-02-2025T17:33:22 - [TEST_STEP][PASSED] - frame.dispose(): null

27-02-2025T17:33:22 - [TEST_STEP][PASSED] - return tooltipMap: null

27-02-2025T17:33:22 - [MESSAGE][PASSED] - Call Test Case 'Test Cases/_Functions/Get Screenshot and Tooltip Text' successfully

27-02-2025T17:33:22 - [TEST_STEP][PASSED] - callTestCase(findTestCase("_Functions/Test Tooltips"), ["varTooltipImagePath":tooltipImagePath, "varTooltips":tooltips, "varTooltipText":tooltipText, "varTestObjectFolder":testObjectFolder, ... ], STOP_ON_FAILURE): Call Test Case 'Test Cases/_Functions/Test Tooltips' successfully

27-02-2025T17:33:22 - [TEST_CASE][PASSED] - Test Cases/_Functions/Test Tooltips: Test Cases/_Functions/Test Tooltips

27-02-2025T17:33:22 - [TEST_STEP][PASSED] - if (fastPath): null

27-02-2025T17:33:22 - [TEST_STEP][PASSED] - tooltipImagePath = varTooltipImagePath: null

27-02-2025T17:33:22 - [TEST_STEP][PASSED] - tooltips = varTooltips: null

27-02-2025T17:33:22 - [TEST_STEP][PASSED] - tooltipText = varTooltipText: null

27-02-2025T17:33:22 - [TEST_STEP][PASSED] - testObjectFolder = varTestObjectFolder: null

27-02-2025T17:33:22 - [TEST_STEP][PASSED] - tooltipTextMap = varTooltipTextMap: null

27-02-2025T17:33:22 - [TEST_STEP][PASSED] - writeFile = false: null

27-02-2025T17:33:22 - [TEST_STEP][PASSED] - if (outFile != ""): null

27-02-2025T17:33:22 - [TEST_STEP][PASSED] - myFile = outFile: null

27-02-2025T17:33:22 - [TEST_STEP][PASSED] - println(myFile): null

27-02-2025T17:33:22 - [TEST_STEP][PASSED] - outFile = new java.io.File(myFile): null

27-02-2025T17:33:22 - [TEST_STEP][PASSED] - writeFile = true: null

27-02-2025T17:33:22 - [TEST_STEP][PASSED] - driver = getWebDriver(): null

27-02-2025T17:33:22 - [TEST_STEP][PASSED] - action = new org.openqa.selenium.interactions.Actions(driver): null

27-02-2025T17:33:22 - [TEST_STEP][PASSED] - s = new org.sikuli.script.Screen(): null

27-02-2025T17:33:22 - [TEST_STEP][PASSED] - outText = "Verifying the tooltips can be displayed.
": null

27-02-2025T17:33:22 - [TEST_STEP][PASSED] - outFile.append(outText): null

27-02-2025T17:33:22 - [TEST_STEP][PASSED] - first = true: null

27-02-2025T17:33:22 - [TEST_STEP][PASSED] - for (def it : tooltips): null

27-02-2025T17:33:22 - [TEST_STEP][PASSED] - myKey = key: null

27-02-2025T17:33:22 - [TEST_STEP][PASSED] - myValue = value: null

27-02-2025T17:33:22 - [TEST_STEP][PASSED] - println("myKey is " + myKey): null

27-02-2025T17:33:22 - [TEST_STEP][PASSED] - println("myValue is " + myValue): null

27-02-2025T17:33:22 - [TEST_STEP][PASSED] - if (myKey != "dummy"): null

27-02-2025T17:33:22 - [TEST_STEP][PASSED] - else: null

27-02-2025T17:33:22 - [TEST_STEP][PASSED] - myImage = "/Users/cckozie/git/MissionNext-Katalon-Koz/images/dummy.png": null

27-02-2025T17:33:22 - [TEST_STEP][PASSED] - f = new java.io.File(myImage): null

27-02-2025T17:33:22 - [TEST_STEP][PASSED] - if (f.exists()): null

27-02-2025T17:33:22 - [TEST_STEP][PASSED] - println("Looking for " + myImage): null

27-02-2025T17:33:22 - [TEST_STEP][PASSED] - icn = Pattern(myImage).similar(0.10): null

27-02-2025T17:33:22 - [TEST_STEP][PASSED] - found = s.exists(icn): null

27-02-2025T17:33:25 - [TEST_STEP][PASSED] - println(found): null

27-02-2025T17:33:25 - [TEST_STEP][PASSED] - if (found != null): null

27-02-2025T17:33:25 - [TEST_STEP][PASSED] - else: null

27-02-2025T17:33:25 - [TEST_STEP][PASSED] - if (myKey != "dummy"): null

27-02-2025T17:33:25 - [TEST_STEP][PASSED] - myKey = key: null

27-02-2025T17:33:25 - [TEST_STEP][PASSED] - myValue = value: null

27-02-2025T17:33:25 - [TEST_STEP][PASSED] - println("myKey is " + myKey): null

27-02-2025T17:33:25 - [TEST_STEP][PASSED] - println("myValue is " + myValue): null

27-02-2025T17:33:25 - [TEST_STEP][PASSED] - if (myKey != "dummy"): null

27-02-2025T17:33:25 - [TEST_STEP][PASSED] - tObj = testObjectFolder + myValue: null

27-02-2025T17:33:25 - [TEST_STEP][PASSED] - click(tObj): null

27-02-2025T17:33:25 - [TEST_STEP][PASSED] - scrollToObject(object): null

27-02-2025T17:33:25 - [TEST_STEP][PASSED] - println("Converting " + object + " to web element"): null

27-02-2025T17:33:25 - [TEST_STEP][PASSED] - element = findWebElement(findTestObject(object), 1): null

27-02-2025T17:33:25 - [TEST_STEP][PASSED] - loc = element.getLocation(): null

27-02-2025T17:33:25 - [TEST_STEP][PASSED] - x = loc.getX(): null

27-02-2025T17:33:25 - [TEST_STEP][PASSED] - if (x >= 560): null

27-02-2025T17:33:25 - [TEST_STEP][PASSED] - y = loc.getY(): null

27-02-2025T17:33:25 - [TEST_STEP][PASSED] - println("Y location is " + y): null

27-02-2025T17:33:25 - [TEST_STEP][PASSED] - top = getViewportTopPosition(): Current viewport's top (y) position is 0

27-02-2025T17:33:25 - [MESSAGE][PASSED] - Current viewport's top (y) position is 0

27-02-2025T17:33:25 - [TEST_STEP][PASSED] - println("Viewport top is " + top): null

27-02-2025T17:33:25 - [TEST_STEP][PASSED] - bottom = top + 600: null

27-02-2025T17:33:25 - [TEST_STEP][PASSED] - if (y - top < 150 || bottom - y < 10): null

27-02-2025T17:33:25 - [TEST_STEP][PASSED] - click(findTestObject(object)): null

27-02-2025T17:33:25 - [MESSAGE][PASSED] - Object: 'Object Repository/Journey Candidate Profile/Tabs/Availability/img_Time Commitment(s)_field-tooltip' is clicked on

27-02-2025T17:33:25 - [TEST_STEP][PASSED] - delay(1): Delayed 1 second(s)

27-02-2025T17:33:26 - [MESSAGE][PASSED] - Delayed 1 second(s)

27-02-2025T17:33:26 - [TEST_STEP][PASSED] - myImage = tooltipImagePath + myKey + ".png": null

27-02-2025T17:33:26 - [TEST_STEP][PASSED] - f = new java.io.File(myImage): null

27-02-2025T17:33:26 - [TEST_STEP][PASSED] - if (f.exists()): null

27-02-2025T17:33:26 - [TEST_STEP][PASSED] - println("Looking for " + myImage): null

27-02-2025T17:33:26 - [TEST_STEP][PASSED] - icn = Pattern(myImage).similar(0.10): null

27-02-2025T17:33:26 - [TEST_STEP][PASSED] - found = s.exists(icn): null

27-02-2025T17:33:27 - [TEST_STEP][PASSED] - println(found): null

27-02-2025T17:33:27 - [TEST_STEP][PASSED] - if (found != null): null

27-02-2025T17:33:27 - [TEST_STEP][PASSED] - foundStr = found.toString(): null

27-02-2025T17:33:27 - [TEST_STEP][PASSED] - matchP = foundStr.indexOf("%"): null

27-02-2025T17:33:27 - [TEST_STEP][PASSED] - if (matchP >= 0): null

27-02-2025T17:33:27 - [TEST_STEP][PASSED] - println(matchP): null

27-02-2025T17:33:27 - [TEST_STEP][PASSED] - pct = foundStr.substring(matchP + 1, matchP + 6): null

27-02-2025T17:33:27 - [TEST_STEP][PASSED] - pctF = pct.toFloat(): null

27-02-2025T17:33:27 - [TEST_STEP][PASSED] - outText = "+++ Tooltip match value for " + myKey + " is " + pctF + "%": null

27-02-2025T17:33:27 - [TEST_STEP][PASSED] - min = 80: null

27-02-2025T17:33:27 - [TEST_STEP][PASSED] - if (pctF.toFloat() < min.toFloat()): null

27-02-2025T17:33:27 - [TEST_STEP][PASSED] - if (myKey != "dummy"): null

27-02-2025T17:33:27 - [TEST_STEP][PASSED] - println(outText): null

27-02-2025T17:33:27 - [TEST_STEP][PASSED] - outFile.append(outText + "
"): null

27-02-2025T17:33:27 - [TEST_STEP][PASSED] - myKey = key: null

27-02-2025T17:33:27 - [TEST_STEP][PASSED] - myValue = value: null

27-02-2025T17:33:27 - [TEST_STEP][PASSED] - println("myKey is " + myKey): null

27-02-2025T17:33:27 - [TEST_STEP][PASSED] - println("myValue is " + myValue): null

27-02-2025T17:33:27 - [TEST_STEP][PASSED] - if (myKey != "dummy"): null

27-02-2025T17:33:27 - [TEST_STEP][PASSED] - tObj = testObjectFolder + myValue: null

27-02-2025T17:33:27 - [TEST_STEP][PASSED] - click(tObj): null

27-02-2025T17:33:27 - [TEST_STEP][PASSED] - scrollToObject(object): null

27-02-2025T17:33:27 - [TEST_STEP][PASSED] - println("Converting " + object + " to web element"): null

27-02-2025T17:33:27 - [TEST_STEP][PASSED] - element = findWebElement(findTestObject(object), 1): null

27-02-2025T17:33:27 - [TEST_STEP][PASSED] - loc = element.getLocation(): null

27-02-2025T17:33:27 - [TEST_STEP][PASSED] - x = loc.getX(): null

27-02-2025T17:33:27 - [TEST_STEP][PASSED] - if (x >= 560): null

27-02-2025T17:33:27 - [TEST_STEP][PASSED] - y = loc.getY(): null

27-02-2025T17:33:27 - [TEST_STEP][PASSED] - println("Y location is " + y): null

27-02-2025T17:33:27 - [TEST_STEP][PASSED] - top = getViewportTopPosition(): Current viewport's top (y) position is 0

27-02-2025T17:33:27 - [MESSAGE][PASSED] - Current viewport's top (y) position is 0

27-02-2025T17:33:27 - [TEST_STEP][PASSED] - println("Viewport top is " + top): null

27-02-2025T17:33:27 - [TEST_STEP][PASSED] - bottom = top + 600: null

27-02-2025T17:33:27 - [TEST_STEP][PASSED] - if (y - top < 150 || bottom - y < 10): Delayed 1 second(s)

27-02-2025T17:33:27 - [TEST_STEP][PASSED] - scrollToPosition(0, y - 170): Browser is scrolled to position x = 0, y = 525

27-02-2025T17:33:27 - [MESSAGE][PASSED] - Browser is scrolled to position x = 0, y = 525

27-02-2025T17:33:27 - [TEST_STEP][PASSED] - delay(1): Delayed 1 second(s)

27-02-2025T17:33:28 - [MESSAGE][PASSED] - Delayed 1 second(s)

27-02-2025T17:33:28 - [TEST_STEP][PASSED] - click(findTestObject(object)): null

27-02-2025T17:33:28 - [MESSAGE][PASSED] - Object: 'Object Repository/Journey Candidate Profile/Tabs/Availability/img_Paid Volunteer Positions_field-tooltip' is clicked on

27-02-2025T17:33:28 - [TEST_STEP][PASSED] - delay(1): Delayed 1 second(s)

27-02-2025T17:33:29 - [MESSAGE][PASSED] - Delayed 1 second(s)

27-02-2025T17:33:29 - [TEST_STEP][PASSED] - myImage = tooltipImagePath + myKey + ".png": null

27-02-2025T17:33:29 - [TEST_STEP][PASSED] - f = new java.io.File(myImage): null

27-02-2025T17:33:29 - [TEST_STEP][PASSED] - if (f.exists()): null

27-02-2025T17:33:29 - [TEST_STEP][PASSED] - println("Looking for " + myImage): null

27-02-2025T17:33:29 - [TEST_STEP][PASSED] - icn = Pattern(myImage).similar(0.10): null

27-02-2025T17:33:29 - [TEST_STEP][PASSED] - found = s.exists(icn): null

27-02-2025T17:33:29 - [TEST_STEP][PASSED] - println(found): null

27-02-2025T17:33:29 - [TEST_STEP][PASSED] - if (found != null): null

27-02-2025T17:33:29 - [TEST_STEP][PASSED] - foundStr = found.toString(): null

27-02-2025T17:33:29 - [TEST_STEP][PASSED] - matchP = foundStr.indexOf("%"): null

27-02-2025T17:33:29 - [TEST_STEP][PASSED] - if (matchP >= 0): null

27-02-2025T17:33:29 - [TEST_STEP][PASSED] - println(matchP): null

27-02-2025T17:33:29 - [TEST_STEP][PASSED] - pct = foundStr.substring(matchP + 1, matchP + 6): null

27-02-2025T17:33:29 - [TEST_STEP][PASSED] - pctF = pct.toFloat(): null

27-02-2025T17:33:29 - [TEST_STEP][PASSED] - outText = "+++ Tooltip match value for " + myKey + " is " + pctF + "%": null

27-02-2025T17:33:29 - [TEST_STEP][PASSED] - min = 80: null

27-02-2025T17:33:29 - [TEST_STEP][PASSED] - if (pctF.toFloat() < min.toFloat()): null

27-02-2025T17:33:29 - [TEST_STEP][PASSED] - if (myKey != "dummy"): null

27-02-2025T17:33:29 - [TEST_STEP][PASSED] - println(outText): null

27-02-2025T17:33:29 - [TEST_STEP][PASSED] - outFile.append(outText + "
"): null

27-02-2025T17:33:29 - [TEST_STEP][PASSED] - myKey = key: null

27-02-2025T17:33:29 - [TEST_STEP][PASSED] - myValue = value: null

27-02-2025T17:33:29 - [TEST_STEP][PASSED] - println("myKey is " + myKey): null

27-02-2025T17:33:29 - [TEST_STEP][PASSED] - println("myValue is " + myValue): null

27-02-2025T17:33:29 - [TEST_STEP][PASSED] - if (myKey != "dummy"): null

27-02-2025T17:33:29 - [TEST_STEP][PASSED] - tObj = testObjectFolder + myValue: null

27-02-2025T17:33:29 - [TEST_STEP][PASSED] - click(tObj): null

27-02-2025T17:33:29 - [TEST_STEP][PASSED] - scrollToObject(object): null

27-02-2025T17:33:29 - [TEST_STEP][PASSED] - println("Converting " + object + " to web element"): null

27-02-2025T17:33:29 - [TEST_STEP][PASSED] - element = findWebElement(findTestObject(object), 1): null

27-02-2025T17:33:29 - [TEST_STEP][PASSED] - loc = element.getLocation(): null

27-02-2025T17:33:29 - [TEST_STEP][PASSED] - x = loc.getX(): null

27-02-2025T17:33:29 - [TEST_STEP][PASSED] - if (x >= 560): null

27-02-2025T17:33:29 - [TEST_STEP][PASSED] - y = loc.getY(): null

27-02-2025T17:33:29 - [TEST_STEP][PASSED] - println("Y location is " + y): null

27-02-2025T17:33:29 - [TEST_STEP][PASSED] - top = getViewportTopPosition(): Current viewport's top (y) position is 525

27-02-2025T17:33:29 - [MESSAGE][PASSED] - Current viewport's top (y) position is 525

27-02-2025T17:33:29 - [TEST_STEP][PASSED] - println("Viewport top is " + top): null

27-02-2025T17:33:29 - [TEST_STEP][PASSED] - bottom = top + 600: null

27-02-2025T17:33:29 - [TEST_STEP][PASSED] - if (y - top < 150 || bottom - y < 10): null

27-02-2025T17:33:29 - [TEST_STEP][PASSED] - click(findTestObject(object)): null

27-02-2025T17:33:29 - [MESSAGE][PASSED] - Object: 'Object Repository/Journey Candidate Profile/Tabs/Availability/img_Interested in Short-Term_field-tooltip' is clicked on

27-02-2025T17:33:29 - [TEST_STEP][PASSED] - delay(1): Delayed 1 second(s)

27-02-2025T17:33:30 - [MESSAGE][PASSED] - Delayed 1 second(s)

27-02-2025T17:33:30 - [TEST_STEP][PASSED] - myImage = tooltipImagePath + myKey + ".png": null

27-02-2025T17:33:30 - [TEST_STEP][PASSED] - f = new java.io.File(myImage): null

27-02-2025T17:33:30 - [TEST_STEP][PASSED] - if (f.exists()): null

27-02-2025T17:33:30 - [TEST_STEP][PASSED] - println("Looking for " + myImage): null

27-02-2025T17:33:30 - [TEST_STEP][PASSED] - icn = Pattern(myImage).similar(0.10): null

27-02-2025T17:33:30 - [TEST_STEP][PASSED] - found = s.exists(icn): null

27-02-2025T17:33:30 - [TEST_STEP][PASSED] - println(found): null

27-02-2025T17:33:30 - [TEST_STEP][PASSED] - if (found != null): null

27-02-2025T17:33:30 - [TEST_STEP][PASSED] - foundStr = found.toString(): null

27-02-2025T17:33:30 - [TEST_STEP][PASSED] - matchP = foundStr.indexOf("%"): null

27-02-2025T17:33:30 - [TEST_STEP][PASSED] - if (matchP >= 0): null

27-02-2025T17:33:30 - [TEST_STEP][PASSED] - println(matchP): null

27-02-2025T17:33:30 - [TEST_STEP][PASSED] - pct = foundStr.substring(matchP + 1, matchP + 6): null

27-02-2025T17:33:30 - [TEST_STEP][PASSED] - pctF = pct.toFloat(): null

27-02-2025T17:33:30 - [TEST_STEP][PASSED] - outText = "+++ Tooltip match value for " + myKey + " is " + pctF + "%": null

27-02-2025T17:33:30 - [TEST_STEP][PASSED] - min = 80: null

27-02-2025T17:33:30 - [TEST_STEP][PASSED] - if (pctF.toFloat() < min.toFloat()): null

27-02-2025T17:33:30 - [TEST_STEP][PASSED] - if (myKey != "dummy"): null

27-02-2025T17:33:30 - [TEST_STEP][PASSED] - println(outText): null

27-02-2025T17:33:30 - [TEST_STEP][PASSED] - outFile.append(outText + "
"): null

27-02-2025T17:33:30 - [TEST_STEP][PASSED] - myKey = key: null

27-02-2025T17:33:30 - [TEST_STEP][PASSED] - myValue = value: null

27-02-2025T17:33:30 - [TEST_STEP][PASSED] - println("myKey is " + myKey): null

27-02-2025T17:33:30 - [TEST_STEP][PASSED] - println("myValue is " + myValue): null

27-02-2025T17:33:30 - [TEST_STEP][PASSED] - if (myKey != "dummy"): null

27-02-2025T17:33:30 - [TEST_STEP][PASSED] - tObj = testObjectFolder + myValue: null

27-02-2025T17:33:30 - [TEST_STEP][PASSED] - click(tObj): null

27-02-2025T17:33:30 - [TEST_STEP][PASSED] - scrollToObject(object): null

27-02-2025T17:33:30 - [TEST_STEP][PASSED] - println("Converting " + object + " to web element"): null

27-02-2025T17:33:30 - [TEST_STEP][PASSED] - element = findWebElement(findTestObject(object), 1): null

27-02-2025T17:33:30 - [TEST_STEP][PASSED] - loc = element.getLocation(): null

27-02-2025T17:33:30 - [TEST_STEP][PASSED] - x = loc.getX(): null

27-02-2025T17:33:30 - [TEST_STEP][PASSED] - if (x >= 560): null

27-02-2025T17:33:30 - [TEST_STEP][PASSED] - y = loc.getY(): null

27-02-2025T17:33:30 - [TEST_STEP][PASSED] - println("Y location is " + y): null

27-02-2025T17:33:30 - [TEST_STEP][PASSED] - top = getViewportTopPosition(): Current viewport's top (y) position is 525

27-02-2025T17:33:30 - [MESSAGE][PASSED] - Current viewport's top (y) position is 525

27-02-2025T17:33:30 - [TEST_STEP][PASSED] - println("Viewport top is " + top): null

27-02-2025T17:33:30 - [TEST_STEP][PASSED] - bottom = top + 600: null

27-02-2025T17:33:30 - [TEST_STEP][PASSED] - if (y - top < 150 || bottom - y < 10): null

27-02-2025T17:33:30 - [TEST_STEP][PASSED] - click(findTestObject(object)): null

27-02-2025T17:33:30 - [MESSAGE][PASSED] - Object: 'Object Repository/Journey Candidate Profile/Tabs/Availability/img_Relocation Option(s)_field-tooltip' is clicked on

27-02-2025T17:33:30 - [TEST_STEP][PASSED] - delay(1): Delayed 1 second(s)

27-02-2025T17:33:31 - [MESSAGE][PASSED] - Delayed 1 second(s)

27-02-2025T17:33:31 - [TEST_STEP][PASSED] - myImage = tooltipImagePath + myKey + ".png": null

27-02-2025T17:33:31 - [TEST_STEP][PASSED] - f = new java.io.File(myImage): null

27-02-2025T17:33:31 - [TEST_STEP][PASSED] - if (f.exists()): null

27-02-2025T17:33:31 - [TEST_STEP][PASSED] - println("Looking for " + myImage): null

27-02-2025T17:33:31 - [TEST_STEP][PASSED] - icn = Pattern(myImage).similar(0.10): null

27-02-2025T17:33:31 - [TEST_STEP][PASSED] - found = s.exists(icn): null

27-02-2025T17:33:31 - [TEST_STEP][PASSED] - println(found): null

27-02-2025T17:33:31 - [TEST_STEP][PASSED] - if (found != null): null

27-02-2025T17:33:31 - [TEST_STEP][PASSED] - foundStr = found.toString(): null

27-02-2025T17:33:31 - [TEST_STEP][PASSED] - matchP = foundStr.indexOf("%"): null

27-02-2025T17:33:31 - [TEST_STEP][PASSED] - if (matchP >= 0): null

27-02-2025T17:33:31 - [TEST_STEP][PASSED] - println(matchP): null

27-02-2025T17:33:31 - [TEST_STEP][PASSED] - pct = foundStr.substring(matchP + 1, matchP + 6): null

27-02-2025T17:33:31 - [TEST_STEP][PASSED] - pctF = pct.toFloat(): null

27-02-2025T17:33:31 - [TEST_STEP][PASSED] - outText = "+++ Tooltip match value for " + myKey + " is " + pctF + "%": null

27-02-2025T17:33:31 - [TEST_STEP][PASSED] - min = 80: null

27-02-2025T17:33:31 - [TEST_STEP][PASSED] - if (pctF.toFloat() < min.toFloat()): null

27-02-2025T17:33:31 - [TEST_STEP][PASSED] - if (myKey != "dummy"): null

27-02-2025T17:33:31 - [TEST_STEP][PASSED] - println(outText): null

27-02-2025T17:33:31 - [TEST_STEP][PASSED] - outFile.append(outText + "
"): null

27-02-2025T17:33:31 - [TEST_STEP][PASSED] - outText = "Verifying the tooltip text on the page is what was expected.
": null

27-02-2025T17:33:31 - [TEST_STEP][PASSED] - println(tooltipTextMap): null

27-02-2025T17:33:31 - [TEST_STEP][PASSED] - outFile.append(outText): null

27-02-2025T17:33:31 - [TEST_STEP][PASSED] - for (def it : tooltipText): null

27-02-2025T17:33:31 - [TEST_STEP][PASSED] - println(it): null

27-02-2025T17:33:31 - [TEST_STEP][PASSED] - myKey = key: null

27-02-2025T17:33:31 - [TEST_STEP][PASSED] - myText = value.replace(""", ""): null

27-02-2025T17:33:31 - [TEST_STEP][PASSED] - myText = myText.trim(): null

27-02-2025T17:33:31 - [TEST_STEP][PASSED] - println(myKey): null

27-02-2025T17:33:31 - [TEST_STEP][PASSED] - println(myText): null

27-02-2025T17:33:31 - [TEST_STEP][PASSED] - println(tooltipTextMap.get(myKey)): null

27-02-2025T17:33:31 - [TEST_STEP][PASSED] - actualText = get(myKey).replace(""", ""): null

27-02-2025T17:33:31 - [TEST_STEP][PASSED] - actualText = actualText.trim(): null

27-02-2025T17:33:31 - [TEST_STEP][PASSED] - println(myKey + ":" + actualText): null

27-02-2025T17:33:31 - [TEST_STEP][PASSED] - if (actualText != myText): null

27-02-2025T17:33:31 - [TEST_STEP][PASSED] - println(it): null

27-02-2025T17:33:31 - [TEST_STEP][PASSED] - myKey = key: null

27-02-2025T17:33:31 - [TEST_STEP][PASSED] - myText = value.replace(""", ""): null

27-02-2025T17:33:31 - [TEST_STEP][PASSED] - myText = myText.trim(): null

27-02-2025T17:33:31 - [TEST_STEP][PASSED] - println(myKey): null

27-02-2025T17:33:31 - [TEST_STEP][PASSED] - println(myText): null

27-02-2025T17:33:31 - [TEST_STEP][PASSED] - println(tooltipTextMap.get(myKey)): null

27-02-2025T17:33:31 - [TEST_STEP][PASSED] - actualText = get(myKey).replace(""", ""): null

27-02-2025T17:33:31 - [TEST_STEP][PASSED] - actualText = actualText.trim(): null

27-02-2025T17:33:31 - [TEST_STEP][PASSED] - println(myKey + ":" + actualText): null

27-02-2025T17:33:31 - [TEST_STEP][PASSED] - if (actualText != myText): null

27-02-2025T17:33:31 - [TEST_STEP][PASSED] - println(it): null

27-02-2025T17:33:31 - [TEST_STEP][PASSED] - myKey = key: null

27-02-2025T17:33:31 - [TEST_STEP][PASSED] - myText = value.replace(""", ""): null

27-02-2025T17:33:31 - [TEST_STEP][PASSED] - myText = myText.trim(): null

27-02-2025T17:33:31 - [TEST_STEP][PASSED] - println(myKey): null

27-02-2025T17:33:31 - [TEST_STEP][PASSED] - println(myText): null

27-02-2025T17:33:31 - [TEST_STEP][PASSED] - println(tooltipTextMap.get(myKey)): null

27-02-2025T17:33:31 - [TEST_STEP][PASSED] - actualText = get(myKey).replace(""", ""): null

27-02-2025T17:33:31 - [TEST_STEP][PASSED] - actualText = actualText.trim(): null

27-02-2025T17:33:31 - [TEST_STEP][PASSED] - println(myKey + ":" + actualText): null

27-02-2025T17:33:31 - [TEST_STEP][PASSED] - if (actualText != myText): null

27-02-2025T17:33:31 - [TEST_STEP][PASSED] - println(it): null

27-02-2025T17:33:31 - [TEST_STEP][PASSED] - myKey = key: null

27-02-2025T17:33:31 - [TEST_STEP][PASSED] - myText = value.replace(""", ""): null

27-02-2025T17:33:31 - [TEST_STEP][PASSED] - myText = myText.trim(): null

27-02-2025T17:33:31 - [TEST_STEP][PASSED] - println(myKey): null

27-02-2025T17:33:31 - [TEST_STEP][PASSED] - println(myText): null

27-02-2025T17:33:31 - [TEST_STEP][PASSED] - println(tooltipTextMap.get(myKey)): null

27-02-2025T17:33:31 - [TEST_STEP][PASSED] - actualText = get(myKey).replace(""", ""): null

27-02-2025T17:33:31 - [TEST_STEP][PASSED] - actualText = actualText.trim(): null

27-02-2025T17:33:31 - [TEST_STEP][PASSED] - println(myKey + ":" + actualText): null

27-02-2025T17:33:31 - [TEST_STEP][PASSED] - if (actualText != myText): null

27-02-2025T17:33:31 - [MESSAGE][PASSED] - Call Test Case 'Test Cases/_Functions/Test Tooltips' successfully

27-02-2025T17:33:31 - [TEST_STEP][PASSED] - outText = "Verifying the required field messages.
": null

27-02-2025T17:33:31 - [TEST_STEP][PASSED] - outFile.append(outText): null

27-02-2025T17:33:31 - [TEST_STEP][PASSED] - fieldList = []: null

27-02-2025T17:33:31 - [TEST_STEP][PASSED] - requiredFieldMsgs.each({ -> ... }): null

27-02-2025T17:33:31 - [TEST_STEP][PASSED] - callTestCase(findTestCase("_Functions/Test Field Error Messages"), ["varFieldList":fieldList, "varRequiredFieldMsgs":requiredFieldMsgs], STOP_ON_FAILURE): Call Test Case 'Test Cases/_Functions/Test Field Error Messages' successfully

27-02-2025T17:33:31 - [TEST_CASE][PASSED] - Test Cases/_Functions/Test Field Error Messages: Test Cases/_Functions/Test Field Error Messages

27-02-2025T17:33:31 - [TEST_STEP][PASSED] - count = callTestCase(findTestCase("_Functions/Find error messages"), ["varFunction":"count"], STOP_ON_FAILURE): Call Test Case 'Test Cases/_Functions/Find error messages' successfully

27-02-2025T17:33:31 - [TEST_CASE][PASSED] - Test Cases/_Functions/Find error messages: Test Cases/_Functions/Find error messages

27-02-2025T17:33:31 - [TEST_STEP][PASSED] - function = "count": null

27-02-2025T17:33:31 - [TEST_STEP][PASSED] - if (binding.hasVariable("varFunction")): null

27-02-2025T17:33:31 - [TEST_STEP][PASSED] - function = varFunction: null

27-02-2025T17:33:31 - [TEST_STEP][PASSED] - title = getWindowTitle(): Current window's title is: 'Journey'

27-02-2025T17:33:31 - [MESSAGE][PASSED] - Current window's title is: 'Journey'

27-02-2025T17:33:31 - [TEST_STEP][PASSED] - println("Page title is " + title): null

27-02-2025T17:33:31 - [TEST_STEP][PASSED] - driver = getWebDriver(): null

27-02-2025T17:33:31 - [TEST_STEP][PASSED] - elements = driver.findElements(By.xpath("//div[@class='col-sm-offset-3 col-sm-9 text-danger']")): null

27-02-2025T17:33:31 - [TEST_STEP][PASSED] - if (function == "count"): null

27-02-2025T17:33:31 - [TEST_STEP][PASSED] - return elements.size(): null

27-02-2025T17:33:31 - [MESSAGE][PASSED] - Call Test Case 'Test Cases/_Functions/Find error messages' successfully

27-02-2025T17:33:31 - [TEST_STEP][PASSED] - outFile = outFile: null

27-02-2025T17:33:31 - [TEST_STEP][PASSED] - if (count == 0): null

27-02-2025T17:33:31 - [TEST_STEP][PASSED] - else: Delayed 0 second(s)

27-02-2025T17:33:31 - [TEST_STEP][PASSED] - fieldList = varFieldList: null

27-02-2025T17:33:31 - [TEST_STEP][PASSED] - requiredFieldMsgs = varRequiredFieldMsgs: null

27-02-2025T17:33:31 - [TEST_STEP][PASSED] - outText = "Verifying error messages for fields " + fieldList: null

27-02-2025T17:33:31 - [TEST_STEP][PASSED] - for (def field : fieldList): null

27-02-2025T17:33:31 - [TEST_STEP][PASSED] - errorMsg = requiredFieldMsgs.get(field): null

27-02-2025T17:33:31 - [TEST_STEP][PASSED] - msg = verifyTextPresent(errorMsg, false, OPTIONAL): Text 'The time commitment field is required.' is present on page 

27-02-2025T17:33:31 - [MESSAGE][PASSED] - Text 'The time commitment field is required.' is present on page 

27-02-2025T17:33:31 - [TEST_STEP][PASSED] - println(field + ":" + msg): null

27-02-2025T17:33:31 - [TEST_STEP][PASSED] - if (!(msg)): null

27-02-2025T17:33:31 - [TEST_STEP][PASSED] - errorMsg = requiredFieldMsgs.get(field): null

27-02-2025T17:33:31 - [TEST_STEP][PASSED] - msg = verifyTextPresent(errorMsg, false, OPTIONAL): Text 'The time availability field is required.' is present on page 

27-02-2025T17:33:31 - [MESSAGE][PASSED] - Text 'The time availability field is required.' is present on page 

27-02-2025T17:33:31 - [TEST_STEP][PASSED] - println(field + ":" + msg): null

27-02-2025T17:33:31 - [TEST_STEP][PASSED] - if (!(msg)): null

27-02-2025T17:33:31 - [TEST_STEP][PASSED] - errorMsg = requiredFieldMsgs.get(field): null

27-02-2025T17:33:31 - [TEST_STEP][PASSED] - msg = verifyTextPresent(errorMsg, false, OPTIONAL): Text 'The financial support field is required.' is present on page 

27-02-2025T17:33:31 - [MESSAGE][PASSED] - Text 'The financial support field is required.' is present on page 

27-02-2025T17:33:31 - [TEST_STEP][PASSED] - println(field + ":" + msg): null

27-02-2025T17:33:31 - [TEST_STEP][PASSED] - if (!(msg)): null

27-02-2025T17:33:31 - [TEST_STEP][PASSED] - errorMsg = requiredFieldMsgs.get(field): null

27-02-2025T17:33:31 - [TEST_STEP][PASSED] - msg = verifyTextPresent(errorMsg, false, OPTIONAL): Text 'The travel support field is required.' is present on page 

27-02-2025T17:33:32 - [MESSAGE][PASSED] - Text 'The travel support field is required.' is present on page 

27-02-2025T17:33:32 - [TEST_STEP][PASSED] - println(field + ":" + msg): null

27-02-2025T17:33:32 - [TEST_STEP][PASSED] - if (!(msg)): null

27-02-2025T17:33:32 - [TEST_STEP][PASSED] - delay(fieldTestDelay): Delayed 0 second(s)

27-02-2025T17:33:32 - [MESSAGE][PASSED] - Delayed 0 second(s)

27-02-2025T17:33:32 - [MESSAGE][PASSED] - Call Test Case 'Test Cases/_Functions/Test Field Error Messages' successfully

27-02-2025T17:33:32 - [TEST_STEP][PASSED] - if (varWhen_available != null): Call Test Case 'Test Cases/_Functions/Perform Action' successfully

27-02-2025T17:33:32 - [TEST_STEP][PASSED] - object = "Object Repository/Journey Candidate Profile/Tabs/Availability/select_When Available": null

27-02-2025T17:33:32 - [TEST_STEP][PASSED] - parm1 = varWhen_available: null

27-02-2025T17:33:32 - [TEST_STEP][PASSED] - callTestCase(findTestCase("_Functions/Perform Action"), ["varAction":"selectOptionByValue", "varObject":object, "varParm1":parm1], STOP_ON_FAILURE): Call Test Case 'Test Cases/_Functions/Perform Action' successfully

27-02-2025T17:33:32 - [TEST_CASE][PASSED] - Test Cases/_Functions/Perform Action: Test Cases/_Functions/Perform Action

27-02-2025T17:33:32 - [TEST_STEP][PASSED] - action = varAction: null

27-02-2025T17:33:32 - [TEST_STEP][PASSED] - println(action): null

27-02-2025T17:33:32 - [TEST_STEP][PASSED] - testObject = varObject: null

27-02-2025T17:33:32 - [TEST_STEP][PASSED] - println(testObject): null

27-02-2025T17:33:32 - [TEST_STEP][PASSED] - parm1 = varParm1: null

27-02-2025T17:33:32 - [TEST_STEP][PASSED] - println(parm1): null

27-02-2025T17:33:32 - [TEST_STEP][PASSED] - println("Converting " + testObject + " to web element"): null

27-02-2025T17:33:32 - [TEST_STEP][PASSED] - element = findWebElement(findTestObject(testObject), 1): null

27-02-2025T17:33:32 - [TEST_STEP][PASSED] - loc = element.getLocation(): null

27-02-2025T17:33:32 - [TEST_STEP][PASSED] - y = loc.getY(): null

27-02-2025T17:33:32 - [TEST_STEP][PASSED] - println("Y location is " + y): null

27-02-2025T17:33:32 - [TEST_STEP][PASSED] - top = getViewportTopPosition(): Current viewport's top (y) position is 525

27-02-2025T17:33:32 - [MESSAGE][PASSED] - Current viewport's top (y) position is 525

27-02-2025T17:33:32 - [TEST_STEP][PASSED] - println("Viewport top is " + top): null

27-02-2025T17:33:32 - [TEST_STEP][PASSED] - bottom = top + 600: null

27-02-2025T17:33:32 - [TEST_STEP][PASSED] - if (y - top < 150 || bottom - y < 10): Delayed 1 second(s)

27-02-2025T17:33:32 - [TEST_STEP][PASSED] - scrollToPosition(0, y - 150): Browser is scrolled to position x = 0, y = 325

27-02-2025T17:33:32 - [MESSAGE][PASSED] - Browser is scrolled to position x = 0, y = 325

27-02-2025T17:33:32 - [TEST_STEP][PASSED] - delay(1): Delayed 1 second(s)

27-02-2025T17:33:33 - [MESSAGE][PASSED] - Delayed 1 second(s)

27-02-2025T17:33:33 - [TEST_STEP][PASSED] - if (action == "click"): null

27-02-2025T17:33:33 - [TEST_STEP][PASSED] - else if (action == "selectOptionByValue"): All options with value 'In one to two years' are selected in object 'Object Repository/Journey Candidate Profile/Tabs/Availability/select_When Available' 

27-02-2025T17:33:33 - [TEST_STEP][PASSED] - println("Selecting " + parm1): null

27-02-2025T17:33:33 - [TEST_STEP][PASSED] - selectOptionByValue(findTestObject(testObject), parm1, false): All options with value 'In one to two years' are selected in object 'Object Repository/Journey Candidate Profile/Tabs/Availability/select_When Available' 

27-02-2025T17:33:33 - [MESSAGE][PASSED] - All options with value 'In one to two years' are selected in object 'Object Repository/Journey Candidate Profile/Tabs/Availability/select_When Available' 

27-02-2025T17:33:33 - [MESSAGE][PASSED] - Call Test Case 'Test Cases/_Functions/Perform Action' successfully

27-02-2025T17:33:33 - [TEST_STEP][PASSED] - if (varInterested_in_short_term == "Yes"): Delayed 1 second(s)

27-02-2025T17:33:33 - [TEST_STEP][PASSED] - object = "Object Repository/Journey Candidate Profile/Tabs/Availability/checkbox_Interested in Short-Term": null

27-02-2025T17:33:33 - [TEST_STEP][PASSED] - callTestCase(findTestCase("_Functions/Perform Action"), ["varAction":"click", "varObject":object], STOP_ON_FAILURE): Call Test Case 'Test Cases/_Functions/Perform Action' successfully

27-02-2025T17:33:33 - [TEST_CASE][PASSED] - Test Cases/_Functions/Perform Action: Test Cases/_Functions/Perform Action

27-02-2025T17:33:33 - [TEST_STEP][PASSED] - action = varAction: null

27-02-2025T17:33:33 - [TEST_STEP][PASSED] - println(action): null

27-02-2025T17:33:33 - [TEST_STEP][PASSED] - testObject = varObject: null

27-02-2025T17:33:33 - [TEST_STEP][PASSED] - println(testObject): null

27-02-2025T17:33:33 - [TEST_STEP][PASSED] - parm1 = varParm1: null

27-02-2025T17:33:33 - [TEST_STEP][PASSED] - println(parm1): null

27-02-2025T17:33:33 - [TEST_STEP][PASSED] - println("Converting " + testObject + " to web element"): null

27-02-2025T17:33:33 - [TEST_STEP][PASSED] - element = findWebElement(findTestObject(testObject), 1): null

27-02-2025T17:33:33 - [TEST_STEP][PASSED] - loc = element.getLocation(): null

27-02-2025T17:33:33 - [TEST_STEP][PASSED] - y = loc.getY(): null

27-02-2025T17:33:33 - [TEST_STEP][PASSED] - println("Y location is " + y): null

27-02-2025T17:33:33 - [TEST_STEP][PASSED] - top = getViewportTopPosition(): Current viewport's top (y) position is 325

27-02-2025T17:33:33 - [MESSAGE][PASSED] - Current viewport's top (y) position is 325

27-02-2025T17:33:33 - [TEST_STEP][PASSED] - println("Viewport top is " + top): null

27-02-2025T17:33:33 - [TEST_STEP][PASSED] - bottom = top + 600: null

27-02-2025T17:33:33 - [TEST_STEP][PASSED] - if (y - top < 150 || bottom - y < 10): null

27-02-2025T17:33:33 - [TEST_STEP][PASSED] - if (action == "click"): Object: 'Object Repository/Journey Candidate Profile/Tabs/Availability/checkbox_Interested in Short-Term' is clicked on

27-02-2025T17:33:33 - [TEST_STEP][PASSED] - println("clicking"): null

27-02-2025T17:33:33 - [TEST_STEP][PASSED] - click(findTestObject(testObject)): Object: 'Object Repository/Journey Candidate Profile/Tabs/Availability/checkbox_Interested in Short-Term' is clicked on

27-02-2025T17:33:33 - [MESSAGE][PASSED] - Object: 'Object Repository/Journey Candidate Profile/Tabs/Availability/checkbox_Interested in Short-Term' is clicked on

27-02-2025T17:33:33 - [MESSAGE][PASSED] - Call Test Case 'Test Cases/_Functions/Perform Action' successfully

27-02-2025T17:33:33 - [TEST_STEP][PASSED] - delay(1): Delayed 1 second(s)

27-02-2025T17:33:34 - [MESSAGE][PASSED] - Delayed 1 second(s)

27-02-2025T17:33:34 - [TEST_STEP][PASSED] - if (varShort_term_comment != null): Call Test Case 'Test Cases/_Functions/Perform Action' successfully

27-02-2025T17:33:34 - [TEST_STEP][PASSED] - object = "Object Repository/Journey Candidate Profile/Tabs/Availability/textarea_Short-Term Comment": null

27-02-2025T17:33:34 - [TEST_STEP][PASSED] - callTestCase(findTestCase("_Functions/Perform Action"), ["varAction":"setText", "varObject":object, "varParm1":varShort_term_comment], STOP_ON_FAILURE): Call Test Case 'Test Cases/_Functions/Perform Action' successfully

27-02-2025T17:33:34 - [TEST_CASE][PASSED] - Test Cases/_Functions/Perform Action: Test Cases/_Functions/Perform Action

27-02-2025T17:33:34 - [TEST_STEP][PASSED] - action = varAction: null

27-02-2025T17:33:34 - [TEST_STEP][PASSED] - println(action): null

27-02-2025T17:33:34 - [TEST_STEP][PASSED] - testObject = varObject: null

27-02-2025T17:33:34 - [TEST_STEP][PASSED] - println(testObject): null

27-02-2025T17:33:34 - [TEST_STEP][PASSED] - parm1 = varParm1: null

27-02-2025T17:33:34 - [TEST_STEP][PASSED] - println(parm1): null

27-02-2025T17:33:34 - [TEST_STEP][PASSED] - println("Converting " + testObject + " to web element"): null

27-02-2025T17:33:34 - [TEST_STEP][PASSED] - element = findWebElement(findTestObject(testObject), 1): null

27-02-2025T17:33:34 - [TEST_STEP][PASSED] - loc = element.getLocation(): null

27-02-2025T17:33:34 - [TEST_STEP][PASSED] - y = loc.getY(): null

27-02-2025T17:33:34 - [TEST_STEP][PASSED] - println("Y location is " + y): null

27-02-2025T17:33:34 - [TEST_STEP][PASSED] - top = getViewportTopPosition(): Current viewport's top (y) position is 325

27-02-2025T17:33:34 - [MESSAGE][PASSED] - Current viewport's top (y) position is 325

27-02-2025T17:33:34 - [TEST_STEP][PASSED] - println("Viewport top is " + top): null

27-02-2025T17:33:34 - [TEST_STEP][PASSED] - bottom = top + 600: null

27-02-2025T17:33:34 - [TEST_STEP][PASSED] - if (y - top < 150 || bottom - y < 10): Delayed 1 second(s)

27-02-2025T17:33:34 - [TEST_STEP][PASSED] - scrollToPosition(0, y - 150): Browser is scrolled to position x = 0, y = 958

27-02-2025T17:33:34 - [MESSAGE][PASSED] - Browser is scrolled to position x = 0, y = 958

27-02-2025T17:33:34 - [TEST_STEP][PASSED] - delay(1): Delayed 1 second(s)

27-02-2025T17:33:35 - [MESSAGE][PASSED] - Delayed 1 second(s)

27-02-2025T17:33:35 - [TEST_STEP][PASSED] - if (action == "click"): null

27-02-2025T17:33:35 - [TEST_STEP][PASSED] - else if (action == "selectOptionByValue"): null

27-02-2025T17:33:35 - [TEST_STEP][PASSED] - else if (action == "setText"): Text 'I would prefer an assignment in Southeast Asia' is set on object 'Object Repository/Journey Candidate Profile/Tabs/Availability/textarea_Short-Term Comment'

27-02-2025T17:33:35 - [TEST_STEP][PASSED] - println("Setting text " + parm1): null

27-02-2025T17:33:35 - [TEST_STEP][PASSED] - setText(findTestObject(testObject), parm1): Text 'I would prefer an assignment in Southeast Asia' is set on object 'Object Repository/Journey Candidate Profile/Tabs/Availability/textarea_Short-Term Comment'

27-02-2025T17:33:35 - [MESSAGE][PASSED] - Text 'I would prefer an assignment in Southeast Asia' is set on object 'Object Repository/Journey Candidate Profile/Tabs/Availability/textarea_Short-Term Comment'

27-02-2025T17:33:35 - [MESSAGE][PASSED] - Call Test Case 'Test Cases/_Functions/Perform Action' successfully

27-02-2025T17:33:35 - [TEST_STEP][PASSED] - if (varRelocation_options != null): Call Test Case 'Test Cases/_Functions/Perform Action' successfully

27-02-2025T17:33:35 - [TEST_STEP][PASSED] - object = "Object Repository/Journey Candidate Profile/Tabs/Availability/select_Relocation Options": null

27-02-2025T17:33:35 - [TEST_STEP][PASSED] - parm1 = varRelocation_options: null

27-02-2025T17:33:35 - [TEST_STEP][PASSED] - callTestCase(findTestCase("_Functions/Perform Action"), ["varAction":"selectOptionByValue", "varObject":object, "varParm1":parm1], STOP_ON_FAILURE): Call Test Case 'Test Cases/_Functions/Perform Action' successfully

27-02-2025T17:33:35 - [TEST_CASE][PASSED] - Test Cases/_Functions/Perform Action: Test Cases/_Functions/Perform Action

27-02-2025T17:33:35 - [TEST_STEP][PASSED] - action = varAction: null

27-02-2025T17:33:35 - [TEST_STEP][PASSED] - println(action): null

27-02-2025T17:33:35 - [TEST_STEP][PASSED] - testObject = varObject: null

27-02-2025T17:33:35 - [TEST_STEP][PASSED] - println(testObject): null

27-02-2025T17:33:35 - [TEST_STEP][PASSED] - parm1 = varParm1: null

27-02-2025T17:33:35 - [TEST_STEP][PASSED] - println(parm1): null

27-02-2025T17:33:35 - [TEST_STEP][PASSED] - println("Converting " + testObject + " to web element"): null

27-02-2025T17:33:35 - [TEST_STEP][PASSED] - element = findWebElement(findTestObject(testObject), 1): null

27-02-2025T17:33:35 - [TEST_STEP][PASSED] - loc = element.getLocation(): null

27-02-2025T17:33:35 - [TEST_STEP][PASSED] - y = loc.getY(): null

27-02-2025T17:33:35 - [TEST_STEP][PASSED] - println("Y location is " + y): null

27-02-2025T17:33:35 - [TEST_STEP][PASSED] - top = getViewportTopPosition(): Current viewport's top (y) position is 958

27-02-2025T17:33:35 - [MESSAGE][PASSED] - Current viewport's top (y) position is 958

27-02-2025T17:33:35 - [TEST_STEP][PASSED] - println("Viewport top is " + top): null

27-02-2025T17:33:35 - [TEST_STEP][PASSED] - bottom = top + 600: null

27-02-2025T17:33:35 - [TEST_STEP][PASSED] - if (y - top < 150 || bottom - y < 10): null

27-02-2025T17:33:35 - [TEST_STEP][PASSED] - if (action == "click"): null

27-02-2025T17:33:35 - [TEST_STEP][PASSED] - else if (action == "selectOptionByValue"): All options with value '(!) Not sure' are selected in object 'Object Repository/Journey Candidate Profile/Tabs/Availability/select_Relocation Options' 

27-02-2025T17:33:35 - [TEST_STEP][PASSED] - println("Selecting " + parm1): null

27-02-2025T17:33:35 - [TEST_STEP][PASSED] - selectOptionByValue(findTestObject(testObject), parm1, false): All options with value '(!) Not sure' are selected in object 'Object Repository/Journey Candidate Profile/Tabs/Availability/select_Relocation Options' 

27-02-2025T17:33:35 - [MESSAGE][PASSED] - All options with value '(!) Not sure' are selected in object 'Object Repository/Journey Candidate Profile/Tabs/Availability/select_Relocation Options' 

27-02-2025T17:33:35 - [MESSAGE][PASSED] - Call Test Case 'Test Cases/_Functions/Perform Action' successfully

27-02-2025T17:33:35 - [TEST_STEP][PASSED] - callTestCase(findTestCase("_Functions/Click on Group Elements"), ["varXpaths":xpaths, "varParms":parms], STOP_ON_FAILURE): Call Test Case 'Test Cases/_Functions/Click on Group Elements' successfully

27-02-2025T17:33:35 - [TEST_CASE][PASSED] - Test Cases/_Functions/Click on Group Elements: Test Cases/_Functions/Click on Group Elements

27-02-2025T17:33:35 - [TEST_STEP][PASSED] - debug = false: null

27-02-2025T17:33:35 - [TEST_STEP][PASSED] - toggle = true: null

27-02-2025T17:33:35 - [TEST_STEP][PASSED] - frame = new javax.swing.JFrame(): null

27-02-2025T17:33:35 - [TEST_STEP][PASSED] - p = new javax.swing.JPanel(): null

27-02-2025T17:33:35 - [TEST_STEP][PASSED] - l = new javax.swing.JLabel(Making user selections..., javax.swing.SwingConstants.CENTER): null

27-02-2025T17:33:35 - [TEST_STEP][PASSED] - frame.add(l): null

27-02-2025T17:33:35 - [TEST_STEP][PASSED] - frame.setSize(300, 100): null

27-02-2025T17:33:35 - [TEST_STEP][PASSED] - frame.setLocation(600, 0): null

27-02-2025T17:33:35 - [TEST_STEP][PASSED] - frame.setAlwaysOnTop(true): null

27-02-2025T17:33:35 - [TEST_STEP][PASSED] - frame.show(): null

27-02-2025T17:33:35 - [TEST_STEP][PASSED] - driver = getWebDriver(): null

27-02-2025T17:33:35 - [TEST_STEP][PASSED] - println(varParms): null

27-02-2025T17:33:35 - [TEST_STEP][PASSED] - for ([i = 0, i < varXpaths.size(), (i++)]): null

27-02-2025T17:33:35 - [TEST_STEP][PASSED] - if (debug): null

27-02-2025T17:33:35 - [TEST_STEP][PASSED] - if (varParms[i].indexOf("Europe") >= 0): null

27-02-2025T17:33:35 - [TEST_STEP][PASSED] - elements = driver.findElements(By.xpath(varXpaths[i])): null

27-02-2025T17:33:35 - [TEST_STEP][PASSED] - element_count = elements.size(): null

27-02-2025T17:33:35 - [TEST_STEP][PASSED] - for (def element : elements): null

27-02-2025T17:33:35 - [TEST_STEP][PASSED] - myValue = element.getAttribute("value"): null

27-02-2025T17:33:35 - [TEST_STEP][PASSED] - if (debug): null

27-02-2025T17:33:35 - [TEST_STEP][PASSED] - if (myValue.length() >= 4): null

27-02-2025T17:33:35 - [TEST_STEP][PASSED] - if (myValue.substring(0, 4) == "(!) "): null

27-02-2025T17:33:35 - [TEST_STEP][PASSED] - myType = element.getAttribute("type"): null

27-02-2025T17:33:35 - [TEST_STEP][PASSED] - if (myValue in varParms[i]): null

27-02-2025T17:33:35 - [TEST_STEP][PASSED] - else: null

27-02-2025T17:33:35 - [TEST_STEP][PASSED] - inList = false: null

27-02-2025T17:33:35 - [TEST_STEP][PASSED] - if (myType == "checkbox"): null

27-02-2025T17:33:35 - [TEST_STEP][PASSED] - myStatus = element.isSelected(): null

27-02-2025T17:33:35 - [TEST_STEP][PASSED] - if (debug): null

27-02-2025T17:33:35 - [TEST_STEP][PASSED] - if (toggle && myStatus && inList): null

27-02-2025T17:33:35 - [TEST_STEP][PASSED] - if (!(myStatus) && inList || myStatus && !(inList)): null

27-02-2025T17:33:35 - [TEST_STEP][PASSED] - myValue = element.getAttribute("value"): null

27-02-2025T17:33:35 - [TEST_STEP][PASSED] - if (debug): null

27-02-2025T17:33:35 - [TEST_STEP][PASSED] - if (myValue.length() >= 4): null

27-02-2025T17:33:35 - [TEST_STEP][PASSED] - if (myValue.substring(0, 4) == "(!) "): null

27-02-2025T17:33:35 - [TEST_STEP][PASSED] - myType = element.getAttribute("type"): null

27-02-2025T17:33:35 - [TEST_STEP][PASSED] - if (myValue in varParms[i]): null

27-02-2025T17:33:35 - [TEST_STEP][PASSED] - else: null

27-02-2025T17:33:35 - [TEST_STEP][PASSED] - inList = false: null

27-02-2025T17:33:35 - [TEST_STEP][PASSED] - if (myType == "checkbox"): null

27-02-2025T17:33:35 - [TEST_STEP][PASSED] - myStatus = element.isSelected(): null

27-02-2025T17:33:35 - [TEST_STEP][PASSED] - if (debug): null

27-02-2025T17:33:35 - [TEST_STEP][PASSED] - if (toggle && myStatus && inList): null

27-02-2025T17:33:35 - [TEST_STEP][PASSED] - if (!(myStatus) && inList || myStatus && !(inList)): null

27-02-2025T17:33:35 - [TEST_STEP][PASSED] - myValue = element.getAttribute("value"): null

27-02-2025T17:33:35 - [TEST_STEP][PASSED] - if (debug): null

27-02-2025T17:33:35 - [TEST_STEP][PASSED] - if (myValue.length() >= 4): null

27-02-2025T17:33:35 - [TEST_STEP][PASSED] - if (myValue.substring(0, 4) == "(!) "): null

27-02-2025T17:33:35 - [TEST_STEP][PASSED] - myType = element.getAttribute("type"): null

27-02-2025T17:33:35 - [TEST_STEP][PASSED] - if (myValue in varParms[i]): null

27-02-2025T17:33:35 - [TEST_STEP][PASSED] - inList = true: null

27-02-2025T17:33:35 - [TEST_STEP][PASSED] - if (myType == "checkbox"): null

27-02-2025T17:33:35 - [TEST_STEP][PASSED] - myStatus = element.isSelected(): null

27-02-2025T17:33:35 - [TEST_STEP][PASSED] - if (debug): null

27-02-2025T17:33:35 - [TEST_STEP][PASSED] - if (toggle && myStatus && inList): null

27-02-2025T17:33:35 - [TEST_STEP][PASSED] - if (!(myStatus) && inList || myStatus && !(inList)): null

27-02-2025T17:33:35 - [TEST_STEP][PASSED] - if (debug): null

27-02-2025T17:33:35 - [TEST_STEP][PASSED] - println("Clicking " + myValue): null

27-02-2025T17:33:35 - [TEST_STEP][PASSED] - click(element): null

27-02-2025T17:33:35 - [TEST_STEP][PASSED] - scrollToObject(elem): null

27-02-2025T17:33:35 - [TEST_STEP][PASSED] - loc = element.getLocation(): null

27-02-2025T17:33:35 - [TEST_STEP][PASSED] - if (debug): null

27-02-2025T17:33:35 - [TEST_STEP][PASSED] - y = loc.getY(): null

27-02-2025T17:33:35 - [TEST_STEP][PASSED] - println("Y location is " + y): null

27-02-2025T17:33:35 - [TEST_STEP][PASSED] - top = getViewportTopPosition(): Current viewport's top (y) position is 958

27-02-2025T17:33:35 - [MESSAGE][PASSED] - Current viewport's top (y) position is 958

27-02-2025T17:33:35 - [TEST_STEP][PASSED] - println("Viewport top is " + top): null

27-02-2025T17:33:35 - [TEST_STEP][PASSED] - bottom = top + 600: null

27-02-2025T17:33:35 - [TEST_STEP][PASSED] - if (y - top < 150 || bottom - y < 10): Delayed 1 second(s)

27-02-2025T17:33:35 - [TEST_STEP][PASSED] - scrollToPosition(0, y - 150): Browser is scrolled to position x = 0, y = 417

27-02-2025T17:33:35 - [MESSAGE][PASSED] - Browser is scrolled to position x = 0, y = 417

27-02-2025T17:33:35 - [TEST_STEP][PASSED] - delay(1): Delayed 1 second(s)

27-02-2025T17:33:36 - [MESSAGE][PASSED] - Delayed 1 second(s)

27-02-2025T17:33:36 - [TEST_STEP][PASSED] - elem.click(): null

27-02-2025T17:33:36 - [TEST_STEP][PASSED] - myValue = element.getAttribute("value"): null

27-02-2025T17:33:36 - [TEST_STEP][PASSED] - if (debug): null

27-02-2025T17:33:36 - [TEST_STEP][PASSED] - if (myValue.length() >= 4): null

27-02-2025T17:33:36 - [TEST_STEP][PASSED] - if (myValue.substring(0, 4) == "(!) "): null

27-02-2025T17:33:36 - [TEST_STEP][PASSED] - myType = element.getAttribute("type"): null

27-02-2025T17:33:36 - [TEST_STEP][PASSED] - if (myValue in varParms[i]): null

27-02-2025T17:33:36 - [TEST_STEP][PASSED] - inList = true: null

27-02-2025T17:33:36 - [TEST_STEP][PASSED] - if (myType == "checkbox"): null

27-02-2025T17:33:36 - [TEST_STEP][PASSED] - myStatus = element.isSelected(): null

27-02-2025T17:33:36 - [TEST_STEP][PASSED] - if (debug): null

27-02-2025T17:33:36 - [TEST_STEP][PASSED] - if (toggle && myStatus && inList): null

27-02-2025T17:33:36 - [TEST_STEP][PASSED] - if (!(myStatus) && inList || myStatus && !(inList)): null

27-02-2025T17:33:36 - [TEST_STEP][PASSED] - if (debug): null

27-02-2025T17:33:36 - [TEST_STEP][PASSED] - println("Clicking " + myValue): null

27-02-2025T17:33:36 - [TEST_STEP][PASSED] - click(element): null

27-02-2025T17:33:36 - [TEST_STEP][PASSED] - scrollToObject(elem): null

27-02-2025T17:33:36 - [TEST_STEP][PASSED] - loc = element.getLocation(): null

27-02-2025T17:33:36 - [TEST_STEP][PASSED] - if (debug): null

27-02-2025T17:33:36 - [TEST_STEP][PASSED] - y = loc.getY(): null

27-02-2025T17:33:36 - [TEST_STEP][PASSED] - println("Y location is " + y): null

27-02-2025T17:33:36 - [TEST_STEP][PASSED] - top = getViewportTopPosition(): Current viewport's top (y) position is 417

27-02-2025T17:33:36 - [MESSAGE][PASSED] - Current viewport's top (y) position is 417

27-02-2025T17:33:36 - [TEST_STEP][PASSED] - println("Viewport top is " + top): null

27-02-2025T17:33:36 - [TEST_STEP][PASSED] - bottom = top + 600: null

27-02-2025T17:33:36 - [TEST_STEP][PASSED] - if (y - top < 150 || bottom - y < 10): Delayed 1 second(s)

27-02-2025T17:33:36 - [TEST_STEP][PASSED] - scrollToPosition(0, y - 150): Browser is scrolled to position x = 0, y = 385

27-02-2025T17:33:36 - [MESSAGE][PASSED] - Browser is scrolled to position x = 0, y = 385

27-02-2025T17:33:36 - [TEST_STEP][PASSED] - delay(1): Delayed 1 second(s)

27-02-2025T17:33:37 - [MESSAGE][PASSED] - Delayed 1 second(s)

27-02-2025T17:33:37 - [TEST_STEP][PASSED] - elem.click(): null

27-02-2025T17:33:37 - [TEST_STEP][PASSED] - myValue = element.getAttribute("value"): null

27-02-2025T17:33:37 - [TEST_STEP][PASSED] - if (debug): null

27-02-2025T17:33:37 - [TEST_STEP][PASSED] - if (myValue.length() >= 4): null

27-02-2025T17:33:37 - [TEST_STEP][PASSED] - if (myValue.substring(0, 4) == "(!) "): null

27-02-2025T17:33:37 - [TEST_STEP][PASSED] - myType = element.getAttribute("type"): null

27-02-2025T17:33:37 - [TEST_STEP][PASSED] - if (myValue in varParms[i]): null

27-02-2025T17:33:37 - [TEST_STEP][PASSED] - else: null

27-02-2025T17:33:37 - [TEST_STEP][PASSED] - inList = false: null

27-02-2025T17:33:37 - [TEST_STEP][PASSED] - if (myType == "checkbox"): null

27-02-2025T17:33:37 - [TEST_STEP][PASSED] - myStatus = element.isSelected(): null

27-02-2025T17:33:37 - [TEST_STEP][PASSED] - if (debug): null

27-02-2025T17:33:37 - [TEST_STEP][PASSED] - if (toggle && myStatus && inList): null

27-02-2025T17:33:37 - [TEST_STEP][PASSED] - if (!(myStatus) && inList || myStatus && !(inList)): null

27-02-2025T17:33:37 - [TEST_STEP][PASSED] - myValue = element.getAttribute("value"): null

27-02-2025T17:33:37 - [TEST_STEP][PASSED] - if (debug): null

27-02-2025T17:33:37 - [TEST_STEP][PASSED] - if (myValue.length() >= 4): null

27-02-2025T17:33:37 - [TEST_STEP][PASSED] - if (myValue.substring(0, 4) == "(!) "): null

27-02-2025T17:33:37 - [TEST_STEP][PASSED] - myValue = myValue.substring(4): null

27-02-2025T17:33:37 - [TEST_STEP][PASSED] - if (debug): null

27-02-2025T17:33:37 - [TEST_STEP][PASSED] - myType = element.getAttribute("type"): null

27-02-2025T17:33:37 - [TEST_STEP][PASSED] - if (myValue in varParms[i]): null

27-02-2025T17:33:37 - [TEST_STEP][PASSED] - else: null

27-02-2025T17:33:37 - [TEST_STEP][PASSED] - inList = false: null

27-02-2025T17:33:37 - [TEST_STEP][PASSED] - if (myType == "checkbox"): null

27-02-2025T17:33:37 - [TEST_STEP][PASSED] - myStatus = element.isSelected(): null

27-02-2025T17:33:37 - [TEST_STEP][PASSED] - if (debug): null

27-02-2025T17:33:37 - [TEST_STEP][PASSED] - if (toggle && myStatus && inList): null

27-02-2025T17:33:37 - [TEST_STEP][PASSED] - if (!(myStatus) && inList || myStatus && !(inList)): null

27-02-2025T17:33:37 - [TEST_STEP][PASSED] - if (debug): null

27-02-2025T17:33:37 - [TEST_STEP][PASSED] - if (varParms[i].indexOf("Europe") >= 0): null

27-02-2025T17:33:37 - [TEST_STEP][PASSED] - elements = driver.findElements(By.xpath(varXpaths[i])): null

27-02-2025T17:33:37 - [TEST_STEP][PASSED] - element_count = elements.size(): null

27-02-2025T17:33:37 - [TEST_STEP][PASSED] - for (def element : elements): null

27-02-2025T17:33:37 - [TEST_STEP][PASSED] - myValue = element.getAttribute("value"): null

27-02-2025T17:33:37 - [TEST_STEP][PASSED] - if (debug): null

27-02-2025T17:33:37 - [TEST_STEP][PASSED] - if (myValue.length() >= 4): null

27-02-2025T17:33:37 - [TEST_STEP][PASSED] - if (myValue.substring(0, 4) == "(!) "): null

27-02-2025T17:33:37 - [TEST_STEP][PASSED] - myType = element.getAttribute("type"): null

27-02-2025T17:33:37 - [TEST_STEP][PASSED] - if (myValue in varParms[i]): null

27-02-2025T17:33:37 - [TEST_STEP][PASSED] - else: null

27-02-2025T17:33:37 - [TEST_STEP][PASSED] - inList = false: null

27-02-2025T17:33:37 - [TEST_STEP][PASSED] - if (myType == "checkbox"): null

27-02-2025T17:33:37 - [TEST_STEP][PASSED] - myStatus = element.isSelected(): null

27-02-2025T17:33:37 - [TEST_STEP][PASSED] - if (debug): null

27-02-2025T17:33:37 - [TEST_STEP][PASSED] - if (toggle && myStatus && inList): null

27-02-2025T17:33:37 - [TEST_STEP][PASSED] - if (!(myStatus) && inList || myStatus && !(inList)): null

27-02-2025T17:33:37 - [TEST_STEP][PASSED] - myValue = element.getAttribute("value"): null

27-02-2025T17:33:37 - [TEST_STEP][PASSED] - if (debug): null

27-02-2025T17:33:37 - [TEST_STEP][PASSED] - if (myValue.length() >= 4): null

27-02-2025T17:33:37 - [TEST_STEP][PASSED] - if (myValue.substring(0, 4) == "(!) "): null

27-02-2025T17:33:37 - [TEST_STEP][PASSED] - myType = element.getAttribute("type"): null

27-02-2025T17:33:37 - [TEST_STEP][PASSED] - if (myValue in varParms[i]): null

27-02-2025T17:33:37 - [TEST_STEP][PASSED] - inList = true: null

27-02-2025T17:33:37 - [TEST_STEP][PASSED] - if (myType == "checkbox"): null

27-02-2025T17:33:37 - [TEST_STEP][PASSED] - myStatus = element.isSelected(): null

27-02-2025T17:33:37 - [TEST_STEP][PASSED] - if (debug): null

27-02-2025T17:33:37 - [TEST_STEP][PASSED] - if (toggle && myStatus && inList): null

27-02-2025T17:33:37 - [TEST_STEP][PASSED] - if (!(myStatus) && inList || myStatus && !(inList)): null

27-02-2025T17:33:37 - [TEST_STEP][PASSED] - if (debug): null

27-02-2025T17:33:37 - [TEST_STEP][PASSED] - println("Clicking " + myValue): null

27-02-2025T17:33:37 - [TEST_STEP][PASSED] - click(element): null

27-02-2025T17:33:37 - [TEST_STEP][PASSED] - scrollToObject(elem): null

27-02-2025T17:33:37 - [TEST_STEP][PASSED] - loc = element.getLocation(): null

27-02-2025T17:33:37 - [TEST_STEP][PASSED] - if (debug): null

27-02-2025T17:33:37 - [TEST_STEP][PASSED] - y = loc.getY(): null

27-02-2025T17:33:37 - [TEST_STEP][PASSED] - println("Y location is " + y): null

27-02-2025T17:33:37 - [TEST_STEP][PASSED] - top = getViewportTopPosition(): Current viewport's top (y) position is 385

27-02-2025T17:33:37 - [MESSAGE][PASSED] - Current viewport's top (y) position is 385

27-02-2025T17:33:37 - [TEST_STEP][PASSED] - println("Viewport top is " + top): null

27-02-2025T17:33:37 - [TEST_STEP][PASSED] - bottom = top + 600: null

27-02-2025T17:33:37 - [TEST_STEP][PASSED] - if (y - top < 150 || bottom - y < 10): null

27-02-2025T17:33:37 - [TEST_STEP][PASSED] - elem.click(): null

27-02-2025T17:33:37 - [TEST_STEP][PASSED] - myValue = element.getAttribute("value"): null

27-02-2025T17:33:37 - [TEST_STEP][PASSED] - if (debug): null

27-02-2025T17:33:37 - [TEST_STEP][PASSED] - if (myValue.length() >= 4): null

27-02-2025T17:33:37 - [TEST_STEP][PASSED] - if (myValue.substring(0, 4) == "(!) "): null

27-02-2025T17:33:37 - [TEST_STEP][PASSED] - myType = element.getAttribute("type"): null

27-02-2025T17:33:37 - [TEST_STEP][PASSED] - if (myValue in varParms[i]): null

27-02-2025T17:33:37 - [TEST_STEP][PASSED] - inList = true: null

27-02-2025T17:33:37 - [TEST_STEP][PASSED] - if (myType == "checkbox"): null

27-02-2025T17:33:37 - [TEST_STEP][PASSED] - myStatus = element.isSelected(): null

27-02-2025T17:33:37 - [TEST_STEP][PASSED] - if (debug): null

27-02-2025T17:33:37 - [TEST_STEP][PASSED] - if (toggle && myStatus && inList): null

27-02-2025T17:33:37 - [TEST_STEP][PASSED] - if (!(myStatus) && inList || myStatus && !(inList)): null

27-02-2025T17:33:37 - [TEST_STEP][PASSED] - if (debug): null

27-02-2025T17:33:37 - [TEST_STEP][PASSED] - println("Clicking " + myValue): null

27-02-2025T17:33:37 - [TEST_STEP][PASSED] - click(element): null

27-02-2025T17:33:37 - [TEST_STEP][PASSED] - scrollToObject(elem): null

27-02-2025T17:33:37 - [TEST_STEP][PASSED] - loc = element.getLocation(): null

27-02-2025T17:33:37 - [TEST_STEP][PASSED] - if (debug): null

27-02-2025T17:33:37 - [TEST_STEP][PASSED] - y = loc.getY(): null

27-02-2025T17:33:37 - [TEST_STEP][PASSED] - println("Y location is " + y): null

27-02-2025T17:33:37 - [TEST_STEP][PASSED] - top = getViewportTopPosition(): Current viewport's top (y) position is 385

27-02-2025T17:33:37 - [MESSAGE][PASSED] - Current viewport's top (y) position is 385

27-02-2025T17:33:37 - [TEST_STEP][PASSED] - println("Viewport top is " + top): null

27-02-2025T17:33:37 - [TEST_STEP][PASSED] - bottom = top + 600: null

27-02-2025T17:33:37 - [TEST_STEP][PASSED] - if (y - top < 150 || bottom - y < 10): null

27-02-2025T17:33:37 - [TEST_STEP][PASSED] - elem.click(): null

27-02-2025T17:33:37 - [TEST_STEP][PASSED] - myValue = element.getAttribute("value"): null

27-02-2025T17:33:37 - [TEST_STEP][PASSED] - if (debug): null

27-02-2025T17:33:37 - [TEST_STEP][PASSED] - if (myValue.length() >= 4): null

27-02-2025T17:33:37 - [TEST_STEP][PASSED] - if (myValue.substring(0, 4) == "(!) "): null

27-02-2025T17:33:37 - [TEST_STEP][PASSED] - myType = element.getAttribute("type"): null

27-02-2025T17:33:37 - [TEST_STEP][PASSED] - if (myValue in varParms[i]): null

27-02-2025T17:33:37 - [TEST_STEP][PASSED] - else: null

27-02-2025T17:33:37 - [TEST_STEP][PASSED] - inList = false: null

27-02-2025T17:33:37 - [TEST_STEP][PASSED] - if (myType == "checkbox"): null

27-02-2025T17:33:37 - [TEST_STEP][PASSED] - myStatus = element.isSelected(): null

27-02-2025T17:33:37 - [TEST_STEP][PASSED] - if (debug): null

27-02-2025T17:33:37 - [TEST_STEP][PASSED] - if (toggle && myStatus && inList): null

27-02-2025T17:33:37 - [TEST_STEP][PASSED] - if (!(myStatus) && inList || myStatus && !(inList)): null

27-02-2025T17:33:37 - [TEST_STEP][PASSED] - myValue = element.getAttribute("value"): null

27-02-2025T17:33:37 - [TEST_STEP][PASSED] - if (debug): null

27-02-2025T17:33:37 - [TEST_STEP][PASSED] - if (myValue.length() >= 4): null

27-02-2025T17:33:37 - [TEST_STEP][PASSED] - if (myValue.substring(0, 4) == "(!) "): null

27-02-2025T17:33:37 - [TEST_STEP][PASSED] - myType = element.getAttribute("type"): null

27-02-2025T17:33:37 - [TEST_STEP][PASSED] - if (myValue in varParms[i]): null

27-02-2025T17:33:37 - [TEST_STEP][PASSED] - inList = true: null

27-02-2025T17:33:37 - [TEST_STEP][PASSED] - if (myType == "checkbox"): null

27-02-2025T17:33:37 - [TEST_STEP][PASSED] - myStatus = element.isSelected(): null

27-02-2025T17:33:37 - [TEST_STEP][PASSED] - if (debug): null

27-02-2025T17:33:37 - [TEST_STEP][PASSED] - if (toggle && myStatus && inList): null

27-02-2025T17:33:37 - [TEST_STEP][PASSED] - if (!(myStatus) && inList || myStatus && !(inList)): null

27-02-2025T17:33:37 - [TEST_STEP][PASSED] - if (debug): null

27-02-2025T17:33:37 - [TEST_STEP][PASSED] - println("Clicking " + myValue): null

27-02-2025T17:33:37 - [TEST_STEP][PASSED] - click(element): null

27-02-2025T17:33:37 - [TEST_STEP][PASSED] - scrollToObject(elem): null

27-02-2025T17:33:37 - [TEST_STEP][PASSED] - loc = element.getLocation(): null

27-02-2025T17:33:37 - [TEST_STEP][PASSED] - if (debug): null

27-02-2025T17:33:37 - [TEST_STEP][PASSED] - y = loc.getY(): null

27-02-2025T17:33:37 - [TEST_STEP][PASSED] - println("Y location is " + y): null

27-02-2025T17:33:37 - [TEST_STEP][PASSED] - top = getViewportTopPosition(): Current viewport's top (y) position is 385

27-02-2025T17:33:37 - [MESSAGE][PASSED] - Current viewport's top (y) position is 385

27-02-2025T17:33:37 - [TEST_STEP][PASSED] - println("Viewport top is " + top): null

27-02-2025T17:33:37 - [TEST_STEP][PASSED] - bottom = top + 600: null

27-02-2025T17:33:37 - [TEST_STEP][PASSED] - if (y - top < 150 || bottom - y < 10): null

27-02-2025T17:33:37 - [TEST_STEP][PASSED] - elem.click(): null

27-02-2025T17:33:37 - [TEST_STEP][PASSED] - myValue = element.getAttribute("value"): null

27-02-2025T17:33:37 - [TEST_STEP][PASSED] - if (debug): null

27-02-2025T17:33:37 - [TEST_STEP][PASSED] - if (myValue.length() >= 4): null

27-02-2025T17:33:37 - [TEST_STEP][PASSED] - if (myValue.substring(0, 4) == "(!) "): null

27-02-2025T17:33:37 - [TEST_STEP][PASSED] - myValue = myValue.substring(4): null

27-02-2025T17:33:37 - [TEST_STEP][PASSED] - if (debug): null

27-02-2025T17:33:37 - [TEST_STEP][PASSED] - myType = element.getAttribute("type"): null

27-02-2025T17:33:37 - [TEST_STEP][PASSED] - if (myValue in varParms[i]): null

27-02-2025T17:33:37 - [TEST_STEP][PASSED] - else: null

27-02-2025T17:33:37 - [TEST_STEP][PASSED] - inList = false: null

27-02-2025T17:33:37 - [TEST_STEP][PASSED] - if (myType == "checkbox"): null

27-02-2025T17:33:37 - [TEST_STEP][PASSED] - myStatus = element.isSelected(): null

27-02-2025T17:33:37 - [TEST_STEP][PASSED] - if (debug): null

27-02-2025T17:33:37 - [TEST_STEP][PASSED] - if (toggle && myStatus && inList): null

27-02-2025T17:33:37 - [TEST_STEP][PASSED] - if (!(myStatus) && inList || myStatus && !(inList)): null

27-02-2025T17:33:37 - [TEST_STEP][PASSED] - if (debug): null

27-02-2025T17:33:37 - [TEST_STEP][PASSED] - if (varParms[i].indexOf("Europe") >= 0): null

27-02-2025T17:33:37 - [TEST_STEP][PASSED] - elements = driver.findElements(By.xpath(varXpaths[i])): null

27-02-2025T17:33:37 - [TEST_STEP][PASSED] - element_count = elements.size(): null

27-02-2025T17:33:37 - [TEST_STEP][PASSED] - for (def element : elements): null

27-02-2025T17:33:37 - [TEST_STEP][PASSED] - myValue = element.getAttribute("value"): null

27-02-2025T17:33:37 - [TEST_STEP][PASSED] - if (debug): null

27-02-2025T17:33:37 - [TEST_STEP][PASSED] - if (myValue.length() >= 4): null

27-02-2025T17:33:37 - [TEST_STEP][PASSED] - if (myValue.substring(0, 4) == "(!) "): null

27-02-2025T17:33:37 - [TEST_STEP][PASSED] - myValue = myValue.substring(4): null

27-02-2025T17:33:37 - [TEST_STEP][PASSED] - if (debug): null

27-02-2025T17:33:37 - [TEST_STEP][PASSED] - myType = element.getAttribute("type"): null

27-02-2025T17:33:37 - [TEST_STEP][PASSED] - if (myValue in varParms[i]): null

27-02-2025T17:33:37 - [TEST_STEP][PASSED] - else: null

27-02-2025T17:33:37 - [TEST_STEP][PASSED] - inList = false: null

27-02-2025T17:33:37 - [TEST_STEP][PASSED] - if (myType == "checkbox"): null

27-02-2025T17:33:37 - [TEST_STEP][PASSED] - myStatus = element.isSelected(): null

27-02-2025T17:33:37 - [TEST_STEP][PASSED] - if (debug): null

27-02-2025T17:33:37 - [TEST_STEP][PASSED] - if (toggle && myStatus && inList): null

27-02-2025T17:33:37 - [TEST_STEP][PASSED] - if (!(myStatus) && inList || myStatus && !(inList)): null

27-02-2025T17:33:37 - [TEST_STEP][PASSED] - myValue = element.getAttribute("value"): null

27-02-2025T17:33:37 - [TEST_STEP][PASSED] - if (debug): null

27-02-2025T17:33:37 - [TEST_STEP][PASSED] - if (myValue.length() >= 4): null

27-02-2025T17:33:37 - [TEST_STEP][PASSED] - if (myValue.substring(0, 4) == "(!) "): null

27-02-2025T17:33:37 - [TEST_STEP][PASSED] - myType = element.getAttribute("type"): null

27-02-2025T17:33:37 - [TEST_STEP][PASSED] - if (myValue in varParms[i]): null

27-02-2025T17:33:37 - [TEST_STEP][PASSED] - else: null

27-02-2025T17:33:37 - [TEST_STEP][PASSED] - inList = false: null

27-02-2025T17:33:37 - [TEST_STEP][PASSED] - if (myType == "checkbox"): null

27-02-2025T17:33:37 - [TEST_STEP][PASSED] - myStatus = element.isSelected(): null

27-02-2025T17:33:37 - [TEST_STEP][PASSED] - if (debug): null

27-02-2025T17:33:37 - [TEST_STEP][PASSED] - if (toggle && myStatus && inList): null

27-02-2025T17:33:37 - [TEST_STEP][PASSED] - if (!(myStatus) && inList || myStatus && !(inList)): null

27-02-2025T17:33:37 - [TEST_STEP][PASSED] - myValue = element.getAttribute("value"): null

27-02-2025T17:33:37 - [TEST_STEP][PASSED] - if (debug): null

27-02-2025T17:33:37 - [TEST_STEP][PASSED] - if (myValue.length() >= 4): null

27-02-2025T17:33:37 - [TEST_STEP][PASSED] - if (myValue.substring(0, 4) == "(!) "): null

27-02-2025T17:33:37 - [TEST_STEP][PASSED] - myType = element.getAttribute("type"): null

27-02-2025T17:33:37 - [TEST_STEP][PASSED] - if (myValue in varParms[i]): null

27-02-2025T17:33:37 - [TEST_STEP][PASSED] - else: null

27-02-2025T17:33:37 - [TEST_STEP][PASSED] - inList = false: null

27-02-2025T17:33:37 - [TEST_STEP][PASSED] - if (myType == "checkbox"): null

27-02-2025T17:33:37 - [TEST_STEP][PASSED] - myStatus = element.isSelected(): null

27-02-2025T17:33:37 - [TEST_STEP][PASSED] - if (debug): null

27-02-2025T17:33:37 - [TEST_STEP][PASSED] - if (toggle && myStatus && inList): null

27-02-2025T17:33:37 - [TEST_STEP][PASSED] - if (!(myStatus) && inList || myStatus && !(inList)): null

27-02-2025T17:33:37 - [TEST_STEP][PASSED] - myValue = element.getAttribute("value"): null

27-02-2025T17:33:37 - [TEST_STEP][PASSED] - if (debug): null

27-02-2025T17:33:37 - [TEST_STEP][PASSED] - if (myValue.length() >= 4): null

27-02-2025T17:33:37 - [TEST_STEP][PASSED] - if (myValue.substring(0, 4) == "(!) "): null

27-02-2025T17:33:37 - [TEST_STEP][PASSED] - myType = element.getAttribute("type"): null

27-02-2025T17:33:37 - [TEST_STEP][PASSED] - if (myValue in varParms[i]): null

27-02-2025T17:33:37 - [TEST_STEP][PASSED] - inList = true: null

27-02-2025T17:33:37 - [TEST_STEP][PASSED] - if (myType == "checkbox"): null

27-02-2025T17:33:37 - [TEST_STEP][PASSED] - myStatus = element.isSelected(): null

27-02-2025T17:33:37 - [TEST_STEP][PASSED] - if (debug): null

27-02-2025T17:33:37 - [TEST_STEP][PASSED] - if (toggle && myStatus && inList): null

27-02-2025T17:33:37 - [TEST_STEP][PASSED] - if (!(myStatus) && inList || myStatus && !(inList)): null

27-02-2025T17:33:37 - [TEST_STEP][PASSED] - if (debug): null

27-02-2025T17:33:37 - [TEST_STEP][PASSED] - println("Clicking " + myValue): null

27-02-2025T17:33:37 - [TEST_STEP][PASSED] - click(element): null

27-02-2025T17:33:37 - [TEST_STEP][PASSED] - scrollToObject(elem): null

27-02-2025T17:33:37 - [TEST_STEP][PASSED] - loc = element.getLocation(): null

27-02-2025T17:33:37 - [TEST_STEP][PASSED] - if (debug): null

27-02-2025T17:33:37 - [TEST_STEP][PASSED] - y = loc.getY(): null

27-02-2025T17:33:37 - [TEST_STEP][PASSED] - println("Y location is " + y): null

27-02-2025T17:33:37 - [TEST_STEP][PASSED] - top = getViewportTopPosition(): Current viewport's top (y) position is 385

27-02-2025T17:33:37 - [MESSAGE][PASSED] - Current viewport's top (y) position is 385

27-02-2025T17:33:37 - [TEST_STEP][PASSED] - println("Viewport top is " + top): null

27-02-2025T17:33:37 - [TEST_STEP][PASSED] - bottom = top + 600: null

27-02-2025T17:33:37 - [TEST_STEP][PASSED] - if (y - top < 150 || bottom - y < 10): null

27-02-2025T17:33:37 - [TEST_STEP][PASSED] - elem.click(): null

27-02-2025T17:33:38 - [TEST_STEP][PASSED] - myValue = element.getAttribute("value"): null

27-02-2025T17:33:38 - [TEST_STEP][PASSED] - if (debug): null

27-02-2025T17:33:38 - [TEST_STEP][PASSED] - if (myValue.length() >= 4): null

27-02-2025T17:33:38 - [TEST_STEP][PASSED] - if (myValue.substring(0, 4) == "(!) "): null

27-02-2025T17:33:38 - [TEST_STEP][PASSED] - myType = element.getAttribute("type"): null

27-02-2025T17:33:38 - [TEST_STEP][PASSED] - if (myValue in varParms[i]): null

27-02-2025T17:33:38 - [TEST_STEP][PASSED] - inList = true: null

27-02-2025T17:33:38 - [TEST_STEP][PASSED] - if (myType == "checkbox"): null

27-02-2025T17:33:38 - [TEST_STEP][PASSED] - myStatus = element.isSelected(): null

27-02-2025T17:33:38 - [TEST_STEP][PASSED] - if (debug): null

27-02-2025T17:33:38 - [TEST_STEP][PASSED] - if (toggle && myStatus && inList): null

27-02-2025T17:33:38 - [TEST_STEP][PASSED] - if (!(myStatus) && inList || myStatus && !(inList)): null

27-02-2025T17:33:38 - [TEST_STEP][PASSED] - if (debug): null

27-02-2025T17:33:38 - [TEST_STEP][PASSED] - println("Clicking " + myValue): null

27-02-2025T17:33:38 - [TEST_STEP][PASSED] - click(element): null

27-02-2025T17:33:38 - [TEST_STEP][PASSED] - scrollToObject(elem): null

27-02-2025T17:33:38 - [TEST_STEP][PASSED] - loc = element.getLocation(): null

27-02-2025T17:33:38 - [TEST_STEP][PASSED] - if (debug): null

27-02-2025T17:33:38 - [TEST_STEP][PASSED] - y = loc.getY(): null

27-02-2025T17:33:38 - [TEST_STEP][PASSED] - println("Y location is " + y): null

27-02-2025T17:33:38 - [TEST_STEP][PASSED] - top = getViewportTopPosition(): Current viewport's top (y) position is 385

27-02-2025T17:33:38 - [MESSAGE][PASSED] - Current viewport's top (y) position is 385

27-02-2025T17:33:38 - [TEST_STEP][PASSED] - println("Viewport top is " + top): null

27-02-2025T17:33:38 - [TEST_STEP][PASSED] - bottom = top + 600: null

27-02-2025T17:33:38 - [TEST_STEP][PASSED] - if (y - top < 150 || bottom - y < 10): null

27-02-2025T17:33:38 - [TEST_STEP][PASSED] - elem.click(): null

27-02-2025T17:33:38 - [TEST_STEP][PASSED] - myValue = element.getAttribute("value"): null

27-02-2025T17:33:38 - [TEST_STEP][PASSED] - if (debug): null

27-02-2025T17:33:38 - [TEST_STEP][PASSED] - if (myValue.length() >= 4): null

27-02-2025T17:33:38 - [TEST_STEP][PASSED] - if (myValue.substring(0, 4) == "(!) "): null

27-02-2025T17:33:38 - [TEST_STEP][PASSED] - myType = element.getAttribute("type"): null

27-02-2025T17:33:38 - [TEST_STEP][PASSED] - if (myValue in varParms[i]): null

27-02-2025T17:33:38 - [TEST_STEP][PASSED] - else: null

27-02-2025T17:33:38 - [TEST_STEP][PASSED] - inList = false: null

27-02-2025T17:33:38 - [TEST_STEP][PASSED] - if (myType == "checkbox"): null

27-02-2025T17:33:38 - [TEST_STEP][PASSED] - myStatus = element.isSelected(): null

27-02-2025T17:33:38 - [TEST_STEP][PASSED] - if (debug): null

27-02-2025T17:33:38 - [TEST_STEP][PASSED] - if (toggle && myStatus && inList): null

27-02-2025T17:33:38 - [TEST_STEP][PASSED] - if (!(myStatus) && inList || myStatus && !(inList)): null

27-02-2025T17:33:38 - [TEST_STEP][PASSED] - myValue = element.getAttribute("value"): null

27-02-2025T17:33:38 - [TEST_STEP][PASSED] - if (debug): null

27-02-2025T17:33:38 - [TEST_STEP][PASSED] - if (myValue.length() >= 4): null

27-02-2025T17:33:38 - [TEST_STEP][PASSED] - if (myValue.substring(0, 4) == "(!) "): null

27-02-2025T17:33:38 - [TEST_STEP][PASSED] - myValue = myValue.substring(4): null

27-02-2025T17:33:38 - [TEST_STEP][PASSED] - if (debug): null

27-02-2025T17:33:38 - [TEST_STEP][PASSED] - myType = element.getAttribute("type"): null

27-02-2025T17:33:38 - [TEST_STEP][PASSED] - if (myValue in varParms[i]): null

27-02-2025T17:33:38 - [TEST_STEP][PASSED] - else: null

27-02-2025T17:33:38 - [TEST_STEP][PASSED] - inList = false: null

27-02-2025T17:33:38 - [TEST_STEP][PASSED] - if (myType == "checkbox"): null

27-02-2025T17:33:38 - [TEST_STEP][PASSED] - myStatus = element.isSelected(): null

27-02-2025T17:33:38 - [TEST_STEP][PASSED] - if (debug): null

27-02-2025T17:33:38 - [TEST_STEP][PASSED] - if (toggle && myStatus && inList): null

27-02-2025T17:33:38 - [TEST_STEP][PASSED] - if (!(myStatus) && inList || myStatus && !(inList)): null

27-02-2025T17:33:38 - [TEST_STEP][PASSED] - if (debug): null

27-02-2025T17:33:38 - [TEST_STEP][PASSED] - if (varParms[i].indexOf("Europe") >= 0): null

27-02-2025T17:33:38 - [TEST_STEP][PASSED] - elements = driver.findElements(By.xpath(varXpaths[i])): null

27-02-2025T17:33:38 - [TEST_STEP][PASSED] - element_count = elements.size(): null

27-02-2025T17:33:38 - [TEST_STEP][PASSED] - for (def element : elements): null

27-02-2025T17:33:38 - [TEST_STEP][PASSED] - myValue = element.getAttribute("value"): null

27-02-2025T17:33:38 - [TEST_STEP][PASSED] - if (debug): null

27-02-2025T17:33:38 - [TEST_STEP][PASSED] - if (myValue.length() >= 4): null

27-02-2025T17:33:38 - [TEST_STEP][PASSED] - if (myValue.substring(0, 4) == "(!) "): null

27-02-2025T17:33:38 - [TEST_STEP][PASSED] - myType = element.getAttribute("type"): null

27-02-2025T17:33:38 - [TEST_STEP][PASSED] - if (myValue in varParms[i]): null

27-02-2025T17:33:38 - [TEST_STEP][PASSED] - else: null

27-02-2025T17:33:38 - [TEST_STEP][PASSED] - inList = false: null

27-02-2025T17:33:38 - [TEST_STEP][PASSED] - if (myType == "checkbox"): null

27-02-2025T17:33:38 - [TEST_STEP][PASSED] - myStatus = element.isSelected(): null

27-02-2025T17:33:38 - [TEST_STEP][PASSED] - if (debug): null

27-02-2025T17:33:38 - [TEST_STEP][PASSED] - if (toggle && myStatus && inList): null

27-02-2025T17:33:38 - [TEST_STEP][PASSED] - if (!(myStatus) && inList || myStatus && !(inList)): null

27-02-2025T17:33:38 - [TEST_STEP][PASSED] - myValue = element.getAttribute("value"): null

27-02-2025T17:33:38 - [TEST_STEP][PASSED] - if (debug): null

27-02-2025T17:33:38 - [TEST_STEP][PASSED] - if (myValue.length() >= 4): null

27-02-2025T17:33:38 - [TEST_STEP][PASSED] - if (myValue.substring(0, 4) == "(!) "): null

27-02-2025T17:33:38 - [TEST_STEP][PASSED] - myType = element.getAttribute("type"): null

27-02-2025T17:33:38 - [TEST_STEP][PASSED] - if (myValue in varParms[i]): null

27-02-2025T17:33:38 - [TEST_STEP][PASSED] - inList = true: null

27-02-2025T17:33:38 - [TEST_STEP][PASSED] - if (myType == "checkbox"): null

27-02-2025T17:33:38 - [TEST_STEP][PASSED] - myStatus = element.isSelected(): null

27-02-2025T17:33:38 - [TEST_STEP][PASSED] - if (debug): null

27-02-2025T17:33:38 - [TEST_STEP][PASSED] - if (toggle && myStatus && inList): null

27-02-2025T17:33:38 - [TEST_STEP][PASSED] - if (!(myStatus) && inList || myStatus && !(inList)): null

27-02-2025T17:33:38 - [TEST_STEP][PASSED] - if (debug): null

27-02-2025T17:33:38 - [TEST_STEP][PASSED] - println("Clicking " + myValue): null

27-02-2025T17:33:38 - [TEST_STEP][PASSED] - click(element): null

27-02-2025T17:33:38 - [TEST_STEP][PASSED] - scrollToObject(elem): null

27-02-2025T17:33:38 - [TEST_STEP][PASSED] - loc = element.getLocation(): null

27-02-2025T17:33:38 - [TEST_STEP][PASSED] - if (debug): null

27-02-2025T17:33:38 - [TEST_STEP][PASSED] - y = loc.getY(): null

27-02-2025T17:33:38 - [TEST_STEP][PASSED] - println("Y location is " + y): null

27-02-2025T17:33:38 - [TEST_STEP][PASSED] - top = getViewportTopPosition(): Current viewport's top (y) position is 385

27-02-2025T17:33:38 - [MESSAGE][PASSED] - Current viewport's top (y) position is 385

27-02-2025T17:33:38 - [TEST_STEP][PASSED] - println("Viewport top is " + top): null

27-02-2025T17:33:38 - [TEST_STEP][PASSED] - bottom = top + 600: null

27-02-2025T17:33:38 - [TEST_STEP][PASSED] - if (y - top < 150 || bottom - y < 10): null

27-02-2025T17:33:38 - [TEST_STEP][PASSED] - elem.click(): null

27-02-2025T17:33:38 - [TEST_STEP][PASSED] - myValue = element.getAttribute("value"): null

27-02-2025T17:33:38 - [TEST_STEP][PASSED] - if (debug): null

27-02-2025T17:33:38 - [TEST_STEP][PASSED] - if (myValue.length() >= 4): null

27-02-2025T17:33:38 - [TEST_STEP][PASSED] - if (myValue.substring(0, 4) == "(!) "): null

27-02-2025T17:33:38 - [TEST_STEP][PASSED] - myType = element.getAttribute("type"): null

27-02-2025T17:33:38 - [TEST_STEP][PASSED] - if (myValue in varParms[i]): null

27-02-2025T17:33:38 - [TEST_STEP][PASSED] - inList = true: null

27-02-2025T17:33:38 - [TEST_STEP][PASSED] - if (myType == "checkbox"): null

27-02-2025T17:33:38 - [TEST_STEP][PASSED] - myStatus = element.isSelected(): null

27-02-2025T17:33:38 - [TEST_STEP][PASSED] - if (debug): null

27-02-2025T17:33:38 - [TEST_STEP][PASSED] - if (toggle && myStatus && inList): null

27-02-2025T17:33:38 - [TEST_STEP][PASSED] - if (!(myStatus) && inList || myStatus && !(inList)): null

27-02-2025T17:33:38 - [TEST_STEP][PASSED] - if (debug): null

27-02-2025T17:33:38 - [TEST_STEP][PASSED] - println("Clicking " + myValue): null

27-02-2025T17:33:38 - [TEST_STEP][PASSED] - click(element): null

27-02-2025T17:33:38 - [TEST_STEP][PASSED] - scrollToObject(elem): null

27-02-2025T17:33:38 - [TEST_STEP][PASSED] - loc = element.getLocation(): null

27-02-2025T17:33:38 - [TEST_STEP][PASSED] - if (debug): null

27-02-2025T17:33:38 - [TEST_STEP][PASSED] - y = loc.getY(): null

27-02-2025T17:33:38 - [TEST_STEP][PASSED] - println("Y location is " + y): null

27-02-2025T17:33:38 - [TEST_STEP][PASSED] - top = getViewportTopPosition(): Current viewport's top (y) position is 385

27-02-2025T17:33:38 - [MESSAGE][PASSED] - Current viewport's top (y) position is 385

27-02-2025T17:33:38 - [TEST_STEP][PASSED] - println("Viewport top is " + top): null

27-02-2025T17:33:38 - [TEST_STEP][PASSED] - bottom = top + 600: null

27-02-2025T17:33:38 - [TEST_STEP][PASSED] - if (y - top < 150 || bottom - y < 10): null

27-02-2025T17:33:38 - [TEST_STEP][PASSED] - elem.click(): null

27-02-2025T17:33:38 - [TEST_STEP][PASSED] - myValue = element.getAttribute("value"): null

27-02-2025T17:33:38 - [TEST_STEP][PASSED] - if (debug): null

27-02-2025T17:33:38 - [TEST_STEP][PASSED] - if (myValue.length() >= 4): null

27-02-2025T17:33:38 - [TEST_STEP][PASSED] - if (myValue.substring(0, 4) == "(!) "): null

27-02-2025T17:33:38 - [TEST_STEP][PASSED] - myType = element.getAttribute("type"): null

27-02-2025T17:33:38 - [TEST_STEP][PASSED] - if (myValue in varParms[i]): null

27-02-2025T17:33:38 - [TEST_STEP][PASSED] - inList = true: null

27-02-2025T17:33:38 - [TEST_STEP][PASSED] - if (myType == "checkbox"): null

27-02-2025T17:33:38 - [TEST_STEP][PASSED] - myStatus = element.isSelected(): null

27-02-2025T17:33:38 - [TEST_STEP][PASSED] - if (debug): null

27-02-2025T17:33:38 - [TEST_STEP][PASSED] - if (toggle && myStatus && inList): null

27-02-2025T17:33:38 - [TEST_STEP][PASSED] - if (!(myStatus) && inList || myStatus && !(inList)): null

27-02-2025T17:33:38 - [TEST_STEP][PASSED] - if (debug): null

27-02-2025T17:33:38 - [TEST_STEP][PASSED] - println("Clicking " + myValue): null

27-02-2025T17:33:38 - [TEST_STEP][PASSED] - click(element): null

27-02-2025T17:33:38 - [TEST_STEP][PASSED] - scrollToObject(elem): null

27-02-2025T17:33:38 - [TEST_STEP][PASSED] - loc = element.getLocation(): null

27-02-2025T17:33:38 - [TEST_STEP][PASSED] - if (debug): null

27-02-2025T17:33:38 - [TEST_STEP][PASSED] - y = loc.getY(): null

27-02-2025T17:33:38 - [TEST_STEP][PASSED] - println("Y location is " + y): null

27-02-2025T17:33:38 - [TEST_STEP][PASSED] - top = getViewportTopPosition(): Current viewport's top (y) position is 385

27-02-2025T17:33:38 - [MESSAGE][PASSED] - Current viewport's top (y) position is 385

27-02-2025T17:33:38 - [TEST_STEP][PASSED] - println("Viewport top is " + top): null

27-02-2025T17:33:38 - [TEST_STEP][PASSED] - bottom = top + 600: null

27-02-2025T17:33:38 - [TEST_STEP][PASSED] - if (y - top < 150 || bottom - y < 10): null

27-02-2025T17:33:38 - [TEST_STEP][PASSED] - elem.click(): null

27-02-2025T17:33:38 - [TEST_STEP][PASSED] - myValue = element.getAttribute("value"): null

27-02-2025T17:33:38 - [TEST_STEP][PASSED] - if (debug): null

27-02-2025T17:33:38 - [TEST_STEP][PASSED] - if (myValue.length() >= 4): null

27-02-2025T17:33:38 - [TEST_STEP][PASSED] - if (myValue.substring(0, 4) == "(!) "): null

27-02-2025T17:33:38 - [TEST_STEP][PASSED] - myType = element.getAttribute("type"): null

27-02-2025T17:33:38 - [TEST_STEP][PASSED] - if (myValue in varParms[i]): null

27-02-2025T17:33:38 - [TEST_STEP][PASSED] - else: null

27-02-2025T17:33:38 - [TEST_STEP][PASSED] - inList = false: null

27-02-2025T17:33:38 - [TEST_STEP][PASSED] - if (myType == "checkbox"): null

27-02-2025T17:33:38 - [TEST_STEP][PASSED] - myStatus = element.isSelected(): null

27-02-2025T17:33:38 - [TEST_STEP][PASSED] - if (debug): null

27-02-2025T17:33:38 - [TEST_STEP][PASSED] - if (toggle && myStatus && inList): null

27-02-2025T17:33:38 - [TEST_STEP][PASSED] - if (!(myStatus) && inList || myStatus && !(inList)): null

27-02-2025T17:33:38 - [TEST_STEP][PASSED] - myValue = element.getAttribute("value"): null

27-02-2025T17:33:38 - [TEST_STEP][PASSED] - if (debug): null

27-02-2025T17:33:38 - [TEST_STEP][PASSED] - if (myValue.length() >= 4): null

27-02-2025T17:33:38 - [TEST_STEP][PASSED] - if (myValue.substring(0, 4) == "(!) "): null

27-02-2025T17:33:38 - [TEST_STEP][PASSED] - myValue = myValue.substring(4): null

27-02-2025T17:33:38 - [TEST_STEP][PASSED] - if (debug): null

27-02-2025T17:33:38 - [TEST_STEP][PASSED] - myType = element.getAttribute("type"): null

27-02-2025T17:33:38 - [TEST_STEP][PASSED] - if (myValue in varParms[i]): null

27-02-2025T17:33:38 - [TEST_STEP][PASSED] - else: null

27-02-2025T17:33:38 - [TEST_STEP][PASSED] - inList = false: null

27-02-2025T17:33:38 - [TEST_STEP][PASSED] - if (myType == "checkbox"): null

27-02-2025T17:33:38 - [TEST_STEP][PASSED] - myStatus = element.isSelected(): null

27-02-2025T17:33:38 - [TEST_STEP][PASSED] - if (debug): null

27-02-2025T17:33:38 - [TEST_STEP][PASSED] - if (toggle && myStatus && inList): null

27-02-2025T17:33:38 - [TEST_STEP][PASSED] - if (!(myStatus) && inList || myStatus && !(inList)): null

27-02-2025T17:33:38 - [TEST_STEP][PASSED] - if (debug): null

27-02-2025T17:33:38 - [TEST_STEP][PASSED] - if (varParms[i].indexOf("Europe") >= 0): null

27-02-2025T17:33:38 - [TEST_STEP][PASSED] - elements = driver.findElements(By.xpath(varXpaths[i])): null

27-02-2025T17:33:38 - [TEST_STEP][PASSED] - element_count = elements.size(): null

27-02-2025T17:33:38 - [TEST_STEP][PASSED] - for (def element : elements): null

27-02-2025T17:33:38 - [TEST_STEP][PASSED] - myValue = element.getAttribute("value"): null

27-02-2025T17:33:38 - [TEST_STEP][PASSED] - if (debug): null

27-02-2025T17:33:38 - [TEST_STEP][PASSED] - if (myValue.length() >= 4): null

27-02-2025T17:33:38 - [TEST_STEP][PASSED] - if (myValue.substring(0, 4) == "(!) "): null

27-02-2025T17:33:38 - [TEST_STEP][PASSED] - myType = element.getAttribute("type"): null

27-02-2025T17:33:38 - [TEST_STEP][PASSED] - if (myValue in varParms[i]): null

27-02-2025T17:33:38 - [TEST_STEP][PASSED] - else: null

27-02-2025T17:33:38 - [TEST_STEP][PASSED] - inList = false: null

27-02-2025T17:33:38 - [TEST_STEP][PASSED] - if (myType == "checkbox"): null

27-02-2025T17:33:38 - [TEST_STEP][PASSED] - myStatus = element.isSelected(): null

27-02-2025T17:33:38 - [TEST_STEP][PASSED] - if (debug): null

27-02-2025T17:33:38 - [TEST_STEP][PASSED] - if (toggle && myStatus && inList): null

27-02-2025T17:33:38 - [TEST_STEP][PASSED] - if (!(myStatus) && inList || myStatus && !(inList)): null

27-02-2025T17:33:38 - [TEST_STEP][PASSED] - myValue = element.getAttribute("value"): null

27-02-2025T17:33:38 - [TEST_STEP][PASSED] - if (debug): null

27-02-2025T17:33:38 - [TEST_STEP][PASSED] - if (myValue.length() >= 4): null

27-02-2025T17:33:38 - [TEST_STEP][PASSED] - if (myValue.substring(0, 4) == "(!) "): null

27-02-2025T17:33:38 - [TEST_STEP][PASSED] - myType = element.getAttribute("type"): null

27-02-2025T17:33:38 - [TEST_STEP][PASSED] - if (myValue in varParms[i]): null

27-02-2025T17:33:38 - [TEST_STEP][PASSED] - inList = true: null

27-02-2025T17:33:38 - [TEST_STEP][PASSED] - if (myType == "checkbox"): null

27-02-2025T17:33:38 - [TEST_STEP][PASSED] - myStatus = element.isSelected(): null

27-02-2025T17:33:38 - [TEST_STEP][PASSED] - if (debug): null

27-02-2025T17:33:38 - [TEST_STEP][PASSED] - if (toggle && myStatus && inList): null

27-02-2025T17:33:38 - [TEST_STEP][PASSED] - if (!(myStatus) && inList || myStatus && !(inList)): null

27-02-2025T17:33:38 - [TEST_STEP][PASSED] - if (debug): null

27-02-2025T17:33:38 - [TEST_STEP][PASSED] - println("Clicking " + myValue): null

27-02-2025T17:33:38 - [TEST_STEP][PASSED] - click(element): null

27-02-2025T17:33:38 - [TEST_STEP][PASSED] - scrollToObject(elem): null

27-02-2025T17:33:38 - [TEST_STEP][PASSED] - loc = element.getLocation(): null

27-02-2025T17:33:38 - [TEST_STEP][PASSED] - if (debug): null

27-02-2025T17:33:38 - [TEST_STEP][PASSED] - y = loc.getY(): null

27-02-2025T17:33:38 - [TEST_STEP][PASSED] - println("Y location is " + y): null

27-02-2025T17:33:38 - [TEST_STEP][PASSED] - top = getViewportTopPosition(): Current viewport's top (y) position is 385

27-02-2025T17:33:38 - [MESSAGE][PASSED] - Current viewport's top (y) position is 385

27-02-2025T17:33:38 - [TEST_STEP][PASSED] - println("Viewport top is " + top): null

27-02-2025T17:33:38 - [TEST_STEP][PASSED] - bottom = top + 600: null

27-02-2025T17:33:38 - [TEST_STEP][PASSED] - if (y - top < 150 || bottom - y < 10): null

27-02-2025T17:33:38 - [TEST_STEP][PASSED] - elem.click(): null

27-02-2025T17:33:38 - [TEST_STEP][PASSED] - myValue = element.getAttribute("value"): null

27-02-2025T17:33:38 - [TEST_STEP][PASSED] - if (debug): null

27-02-2025T17:33:38 - [TEST_STEP][PASSED] - if (myValue.length() >= 4): null

27-02-2025T17:33:38 - [TEST_STEP][PASSED] - if (myValue.substring(0, 4) == "(!) "): null

27-02-2025T17:33:38 - [TEST_STEP][PASSED] - myType = element.getAttribute("type"): null

27-02-2025T17:33:38 - [TEST_STEP][PASSED] - if (myValue in varParms[i]): null

27-02-2025T17:33:38 - [TEST_STEP][PASSED] - inList = true: null

27-02-2025T17:33:38 - [TEST_STEP][PASSED] - if (myType == "checkbox"): null

27-02-2025T17:33:38 - [TEST_STEP][PASSED] - myStatus = element.isSelected(): null

27-02-2025T17:33:38 - [TEST_STEP][PASSED] - if (debug): null

27-02-2025T17:33:38 - [TEST_STEP][PASSED] - if (toggle && myStatus && inList): null

27-02-2025T17:33:38 - [TEST_STEP][PASSED] - if (!(myStatus) && inList || myStatus && !(inList)): null

27-02-2025T17:33:38 - [TEST_STEP][PASSED] - if (debug): null

27-02-2025T17:33:38 - [TEST_STEP][PASSED] - println("Clicking " + myValue): null

27-02-2025T17:33:38 - [TEST_STEP][PASSED] - click(element): null

27-02-2025T17:33:38 - [TEST_STEP][PASSED] - scrollToObject(elem): null

27-02-2025T17:33:38 - [TEST_STEP][PASSED] - loc = element.getLocation(): null

27-02-2025T17:33:38 - [TEST_STEP][PASSED] - if (debug): null

27-02-2025T17:33:38 - [TEST_STEP][PASSED] - y = loc.getY(): null

27-02-2025T17:33:38 - [TEST_STEP][PASSED] - println("Y location is " + y): null

27-02-2025T17:33:38 - [TEST_STEP][PASSED] - top = getViewportTopPosition(): Current viewport's top (y) position is 385

27-02-2025T17:33:38 - [MESSAGE][PASSED] - Current viewport's top (y) position is 385

27-02-2025T17:33:38 - [TEST_STEP][PASSED] - println("Viewport top is " + top): null

27-02-2025T17:33:38 - [TEST_STEP][PASSED] - bottom = top + 600: null

27-02-2025T17:33:38 - [TEST_STEP][PASSED] - if (y - top < 150 || bottom - y < 10): null

27-02-2025T17:33:38 - [TEST_STEP][PASSED] - elem.click(): null

27-02-2025T17:33:38 - [TEST_STEP][PASSED] - myValue = element.getAttribute("value"): null

27-02-2025T17:33:38 - [TEST_STEP][PASSED] - if (debug): null

27-02-2025T17:33:38 - [TEST_STEP][PASSED] - if (myValue.length() >= 4): null

27-02-2025T17:33:38 - [TEST_STEP][PASSED] - if (myValue.substring(0, 4) == "(!) "): null

27-02-2025T17:33:38 - [TEST_STEP][PASSED] - myType = element.getAttribute("type"): null

27-02-2025T17:33:38 - [TEST_STEP][PASSED] - if (myValue in varParms[i]): null

27-02-2025T17:33:38 - [TEST_STEP][PASSED] - else: null

27-02-2025T17:33:38 - [TEST_STEP][PASSED] - inList = false: null

27-02-2025T17:33:38 - [TEST_STEP][PASSED] - if (myType == "checkbox"): null

27-02-2025T17:33:38 - [TEST_STEP][PASSED] - myStatus = element.isSelected(): null

27-02-2025T17:33:38 - [TEST_STEP][PASSED] - if (debug): null

27-02-2025T17:33:38 - [TEST_STEP][PASSED] - if (toggle && myStatus && inList): null

27-02-2025T17:33:38 - [TEST_STEP][PASSED] - if (!(myStatus) && inList || myStatus && !(inList)): null

27-02-2025T17:33:38 - [TEST_STEP][PASSED] - myValue = element.getAttribute("value"): null

27-02-2025T17:33:38 - [TEST_STEP][PASSED] - if (debug): null

27-02-2025T17:33:38 - [TEST_STEP][PASSED] - if (myValue.length() >= 4): null

27-02-2025T17:33:38 - [TEST_STEP][PASSED] - if (myValue.substring(0, 4) == "(!) "): null

27-02-2025T17:33:38 - [TEST_STEP][PASSED] - myValue = myValue.substring(4): null

27-02-2025T17:33:38 - [TEST_STEP][PASSED] - if (debug): null

27-02-2025T17:33:38 - [TEST_STEP][PASSED] - myType = element.getAttribute("type"): null

27-02-2025T17:33:38 - [TEST_STEP][PASSED] - if (myValue in varParms[i]): null

27-02-2025T17:33:38 - [TEST_STEP][PASSED] - else: null

27-02-2025T17:33:38 - [TEST_STEP][PASSED] - inList = false: null

27-02-2025T17:33:38 - [TEST_STEP][PASSED] - if (myType == "checkbox"): null

27-02-2025T17:33:38 - [TEST_STEP][PASSED] - myStatus = element.isSelected(): null

27-02-2025T17:33:38 - [TEST_STEP][PASSED] - if (debug): null

27-02-2025T17:33:38 - [TEST_STEP][PASSED] - if (toggle && myStatus && inList): null

27-02-2025T17:33:38 - [TEST_STEP][PASSED] - if (!(myStatus) && inList || myStatus && !(inList)): null

27-02-2025T17:33:38 - [TEST_STEP][PASSED] - if (debug): null

27-02-2025T17:33:38 - [TEST_STEP][PASSED] - println("Clicking " + myValue): null

27-02-2025T17:33:38 - [TEST_STEP][PASSED] - click(element): null

27-02-2025T17:33:38 - [TEST_STEP][PASSED] - scrollToObject(elem): null

27-02-2025T17:33:38 - [TEST_STEP][PASSED] - loc = element.getLocation(): null

27-02-2025T17:33:38 - [TEST_STEP][PASSED] - if (debug): null

27-02-2025T17:33:38 - [TEST_STEP][PASSED] - y = loc.getY(): null

27-02-2025T17:33:38 - [TEST_STEP][PASSED] - println("Y location is " + y): null

27-02-2025T17:33:38 - [TEST_STEP][PASSED] - top = getViewportTopPosition(): Current viewport's top (y) position is 385

27-02-2025T17:33:38 - [MESSAGE][PASSED] - Current viewport's top (y) position is 385

27-02-2025T17:33:38 - [TEST_STEP][PASSED] - println("Viewport top is " + top): null

27-02-2025T17:33:38 - [TEST_STEP][PASSED] - bottom = top + 600: null

27-02-2025T17:33:38 - [TEST_STEP][PASSED] - if (y - top < 150 || bottom - y < 10): null

27-02-2025T17:33:38 - [TEST_STEP][PASSED] - elem.click(): null

27-02-2025T17:33:38 - [TEST_STEP][PASSED] - if (debug): null

27-02-2025T17:33:38 - [TEST_STEP][PASSED] - if (varParms[i].indexOf("Europe") >= 0): null

27-02-2025T17:33:38 - [TEST_STEP][PASSED] - elements = driver.findElements(By.xpath(varXpaths[i])): null

27-02-2025T17:33:38 - [TEST_STEP][PASSED] - element_count = elements.size(): null

27-02-2025T17:33:38 - [TEST_STEP][PASSED] - for (def element : elements): null

27-02-2025T17:33:38 - [TEST_STEP][PASSED] - myValue = element.getAttribute("value"): null

27-02-2025T17:33:38 - [TEST_STEP][PASSED] - if (debug): null

27-02-2025T17:33:38 - [TEST_STEP][PASSED] - if (myValue.length() >= 4): null

27-02-2025T17:33:38 - [TEST_STEP][PASSED] - if (myValue.substring(0, 4) == "(!) "): null

27-02-2025T17:33:38 - [TEST_STEP][PASSED] - myType = element.getAttribute("type"): null

27-02-2025T17:33:38 - [TEST_STEP][PASSED] - if (myValue in varParms[i]): null

27-02-2025T17:33:38 - [TEST_STEP][PASSED] - else: null

27-02-2025T17:33:38 - [TEST_STEP][PASSED] - inList = false: null

27-02-2025T17:33:38 - [TEST_STEP][PASSED] - if (myType == "checkbox"): null

27-02-2025T17:33:38 - [TEST_STEP][PASSED] - else: null

27-02-2025T17:33:38 - [TEST_STEP][PASSED] - if (inList): null

27-02-2025T17:33:38 - [TEST_STEP][PASSED] - myValue = element.getAttribute("value"): null

27-02-2025T17:33:38 - [TEST_STEP][PASSED] - if (debug): null

27-02-2025T17:33:38 - [TEST_STEP][PASSED] - if (myValue.length() >= 4): null

27-02-2025T17:33:38 - [TEST_STEP][PASSED] - if (myValue.substring(0, 4) == "(!) "): null

27-02-2025T17:33:38 - [TEST_STEP][PASSED] - myType = element.getAttribute("type"): null

27-02-2025T17:33:38 - [TEST_STEP][PASSED] - if (myValue in varParms[i]): null

27-02-2025T17:33:38 - [TEST_STEP][PASSED] - else: null

27-02-2025T17:33:38 - [TEST_STEP][PASSED] - inList = false: null

27-02-2025T17:33:38 - [TEST_STEP][PASSED] - if (myType == "checkbox"): null

27-02-2025T17:33:38 - [TEST_STEP][PASSED] - else: null

27-02-2025T17:33:38 - [TEST_STEP][PASSED] - if (inList): null

27-02-2025T17:33:38 - [TEST_STEP][PASSED] - myValue = element.getAttribute("value"): null

27-02-2025T17:33:38 - [TEST_STEP][PASSED] - if (debug): null

27-02-2025T17:33:38 - [TEST_STEP][PASSED] - if (myValue.length() >= 4): null

27-02-2025T17:33:38 - [TEST_STEP][PASSED] - if (myValue.substring(0, 4) == "(!) "): null

27-02-2025T17:33:38 - [TEST_STEP][PASSED] - myType = element.getAttribute("type"): null

27-02-2025T17:33:38 - [TEST_STEP][PASSED] - if (myValue in varParms[i]): null

27-02-2025T17:33:38 - [TEST_STEP][PASSED] - else: null

27-02-2025T17:33:38 - [TEST_STEP][PASSED] - inList = false: null

27-02-2025T17:33:38 - [TEST_STEP][PASSED] - if (myType == "checkbox"): null

27-02-2025T17:33:38 - [TEST_STEP][PASSED] - else: null

27-02-2025T17:33:38 - [TEST_STEP][PASSED] - if (inList): null

27-02-2025T17:33:38 - [TEST_STEP][PASSED] - myValue = element.getAttribute("value"): null

27-02-2025T17:33:38 - [TEST_STEP][PASSED] - if (debug): null

27-02-2025T17:33:38 - [TEST_STEP][PASSED] - if (myValue.length() >= 4): null

27-02-2025T17:33:38 - [TEST_STEP][PASSED] - if (myValue.substring(0, 4) == "(!) "): null

27-02-2025T17:33:38 - [TEST_STEP][PASSED] - myType = element.getAttribute("type"): null

27-02-2025T17:33:38 - [TEST_STEP][PASSED] - if (myValue in varParms[i]): null

27-02-2025T17:33:38 - [TEST_STEP][PASSED] - else: null

27-02-2025T17:33:38 - [TEST_STEP][PASSED] - inList = false: null

27-02-2025T17:33:38 - [TEST_STEP][PASSED] - if (myType == "checkbox"): null

27-02-2025T17:33:38 - [TEST_STEP][PASSED] - else: null

27-02-2025T17:33:38 - [TEST_STEP][PASSED] - if (inList): null

27-02-2025T17:33:38 - [TEST_STEP][PASSED] - myValue = element.getAttribute("value"): null

27-02-2025T17:33:38 - [TEST_STEP][PASSED] - if (debug): null

27-02-2025T17:33:38 - [TEST_STEP][PASSED] - if (myValue.length() >= 4): null

27-02-2025T17:33:38 - [TEST_STEP][PASSED] - if (myValue.substring(0, 4) == "(!) "): null

27-02-2025T17:33:38 - [TEST_STEP][PASSED] - myType = element.getAttribute("type"): null

27-02-2025T17:33:38 - [TEST_STEP][PASSED] - if (myValue in varParms[i]): null

27-02-2025T17:33:38 - [TEST_STEP][PASSED] - inList = true: null

27-02-2025T17:33:38 - [TEST_STEP][PASSED] - if (myType == "checkbox"): null

27-02-2025T17:33:38 - [TEST_STEP][PASSED] - else: null

27-02-2025T17:33:38 - [TEST_STEP][PASSED] - if (inList): null

27-02-2025T17:33:38 - [TEST_STEP][PASSED] - click(element): null

27-02-2025T17:33:38 - [TEST_STEP][PASSED] - scrollToObject(elem): null

27-02-2025T17:33:38 - [TEST_STEP][PASSED] - loc = element.getLocation(): null

27-02-2025T17:33:38 - [TEST_STEP][PASSED] - if (debug): null

27-02-2025T17:33:38 - [TEST_STEP][PASSED] - y = loc.getY(): null

27-02-2025T17:33:38 - [TEST_STEP][PASSED] - println("Y location is " + y): null

27-02-2025T17:33:38 - [TEST_STEP][PASSED] - top = getViewportTopPosition(): Current viewport's top (y) position is 385

27-02-2025T17:33:38 - [MESSAGE][PASSED] - Current viewport's top (y) position is 385

27-02-2025T17:33:38 - [TEST_STEP][PASSED] - println("Viewport top is " + top): null

27-02-2025T17:33:38 - [TEST_STEP][PASSED] - bottom = top + 600: null

27-02-2025T17:33:38 - [TEST_STEP][PASSED] - if (y - top < 150 || bottom - y < 10): Delayed 1 second(s)

27-02-2025T17:33:38 - [TEST_STEP][PASSED] - scrollToPosition(0, y - 150): Browser is scrolled to position x = 0, y = 910

27-02-2025T17:33:38 - [MESSAGE][PASSED] - Browser is scrolled to position x = 0, y = 910

27-02-2025T17:33:38 - [TEST_STEP][PASSED] - delay(1): Delayed 1 second(s)

27-02-2025T17:33:39 - [MESSAGE][PASSED] - Delayed 1 second(s)

27-02-2025T17:33:39 - [TEST_STEP][PASSED] - elem.click(): null

27-02-2025T17:33:39 - [TEST_STEP][PASSED] - myValue = element.getAttribute("value"): null

27-02-2025T17:33:39 - [TEST_STEP][PASSED] - if (debug): null

27-02-2025T17:33:39 - [TEST_STEP][PASSED] - if (myValue.length() >= 4): null

27-02-2025T17:33:39 - [TEST_STEP][PASSED] - if (myValue.substring(0, 4) == "(!) "): null

27-02-2025T17:33:39 - [TEST_STEP][PASSED] - myType = element.getAttribute("type"): null

27-02-2025T17:33:39 - [TEST_STEP][PASSED] - if (myValue in varParms[i]): null

27-02-2025T17:33:39 - [TEST_STEP][PASSED] - else: null

27-02-2025T17:33:39 - [TEST_STEP][PASSED] - inList = false: null

27-02-2025T17:33:39 - [TEST_STEP][PASSED] - if (myType == "checkbox"): null

27-02-2025T17:33:39 - [TEST_STEP][PASSED] - else: null

27-02-2025T17:33:39 - [TEST_STEP][PASSED] - if (inList): null

27-02-2025T17:33:39 - [TEST_STEP][PASSED] - if (debug): null

27-02-2025T17:33:39 - [TEST_STEP][PASSED] - if (varParms[i].indexOf("Europe") >= 0): null

27-02-2025T17:33:39 - [TEST_STEP][PASSED] - elements = driver.findElements(By.xpath(varXpaths[i])): null

27-02-2025T17:33:39 - [TEST_STEP][PASSED] - element_count = elements.size(): null

27-02-2025T17:33:39 - [TEST_STEP][PASSED] - for (def element : elements): null

27-02-2025T17:33:39 - [TEST_STEP][PASSED] - myValue = element.getAttribute("value"): null

27-02-2025T17:33:39 - [TEST_STEP][PASSED] - if (debug): null

27-02-2025T17:33:39 - [TEST_STEP][PASSED] - if (myValue.length() >= 4): null

27-02-2025T17:33:39 - [TEST_STEP][PASSED] - if (myValue.substring(0, 4) == "(!) "): null

27-02-2025T17:33:39 - [TEST_STEP][PASSED] - myValue = myValue.substring(4): null

27-02-2025T17:33:39 - [TEST_STEP][PASSED] - if (debug): null

27-02-2025T17:33:39 - [TEST_STEP][PASSED] - myType = element.getAttribute("type"): null

27-02-2025T17:33:39 - [TEST_STEP][PASSED] - if (myValue in varParms[i]): null

27-02-2025T17:33:39 - [TEST_STEP][PASSED] - else: null

27-02-2025T17:33:39 - [TEST_STEP][PASSED] - inList = false: null

27-02-2025T17:33:39 - [TEST_STEP][PASSED] - if (myType == "checkbox"): null

27-02-2025T17:33:39 - [TEST_STEP][PASSED] - myStatus = element.isSelected(): null

27-02-2025T17:33:39 - [TEST_STEP][PASSED] - if (debug): null

27-02-2025T17:33:39 - [TEST_STEP][PASSED] - if (toggle && myStatus && inList): null

27-02-2025T17:33:39 - [TEST_STEP][PASSED] - if (!(myStatus) && inList || myStatus && !(inList)): null

27-02-2025T17:33:39 - [TEST_STEP][PASSED] - myValue = element.getAttribute("value"): null

27-02-2025T17:33:39 - [TEST_STEP][PASSED] - if (debug): null

27-02-2025T17:33:39 - [TEST_STEP][PASSED] - if (myValue.length() >= 4): null

27-02-2025T17:33:39 - [TEST_STEP][PASSED] - if (myValue.substring(0, 4) == "(!) "): null

27-02-2025T17:33:39 - [TEST_STEP][PASSED] - myType = element.getAttribute("type"): null

27-02-2025T17:33:39 - [TEST_STEP][PASSED] - if (myValue in varParms[i]): null

27-02-2025T17:33:39 - [TEST_STEP][PASSED] - else: null

27-02-2025T17:33:39 - [TEST_STEP][PASSED] - inList = false: null

27-02-2025T17:33:39 - [TEST_STEP][PASSED] - if (myType == "checkbox"): null

27-02-2025T17:33:39 - [TEST_STEP][PASSED] - myStatus = element.isSelected(): null

27-02-2025T17:33:39 - [TEST_STEP][PASSED] - if (debug): null

27-02-2025T17:33:39 - [TEST_STEP][PASSED] - if (toggle && myStatus && inList): null

27-02-2025T17:33:39 - [TEST_STEP][PASSED] - if (!(myStatus) && inList || myStatus && !(inList)): null

27-02-2025T17:33:39 - [TEST_STEP][PASSED] - myValue = element.getAttribute("value"): null

27-02-2025T17:33:39 - [TEST_STEP][PASSED] - if (debug): null

27-02-2025T17:33:39 - [TEST_STEP][PASSED] - if (myValue.length() >= 4): null

27-02-2025T17:33:39 - [TEST_STEP][PASSED] - if (myValue.substring(0, 4) == "(!) "): null

27-02-2025T17:33:39 - [TEST_STEP][PASSED] - myType = element.getAttribute("type"): null

27-02-2025T17:33:39 - [TEST_STEP][PASSED] - if (myValue in varParms[i]): null

27-02-2025T17:33:39 - [TEST_STEP][PASSED] - inList = true: null

27-02-2025T17:33:39 - [TEST_STEP][PASSED] - if (myType == "checkbox"): null

27-02-2025T17:33:39 - [TEST_STEP][PASSED] - myStatus = element.isSelected(): null

27-02-2025T17:33:39 - [TEST_STEP][PASSED] - if (debug): null

27-02-2025T17:33:39 - [TEST_STEP][PASSED] - if (toggle && myStatus && inList): null

27-02-2025T17:33:39 - [TEST_STEP][PASSED] - if (!(myStatus) && inList || myStatus && !(inList)): null

27-02-2025T17:33:39 - [TEST_STEP][PASSED] - if (debug): null

27-02-2025T17:33:39 - [TEST_STEP][PASSED] - println("Clicking " + myValue): null

27-02-2025T17:33:39 - [TEST_STEP][PASSED] - click(element): null

27-02-2025T17:33:39 - [TEST_STEP][PASSED] - scrollToObject(elem): null

27-02-2025T17:33:39 - [TEST_STEP][PASSED] - loc = element.getLocation(): null

27-02-2025T17:33:39 - [TEST_STEP][PASSED] - if (debug): null

27-02-2025T17:33:39 - [TEST_STEP][PASSED] - y = loc.getY(): null

27-02-2025T17:33:39 - [TEST_STEP][PASSED] - println("Y location is " + y): null

27-02-2025T17:33:39 - [TEST_STEP][PASSED] - top = getViewportTopPosition(): Current viewport's top (y) position is 910

27-02-2025T17:33:39 - [MESSAGE][PASSED] - Current viewport's top (y) position is 910

27-02-2025T17:33:39 - [TEST_STEP][PASSED] - println("Viewport top is " + top): null

27-02-2025T17:33:39 - [TEST_STEP][PASSED] - bottom = top + 600: null

27-02-2025T17:33:39 - [TEST_STEP][PASSED] - if (y - top < 150 || bottom - y < 10): null

27-02-2025T17:33:39 - [TEST_STEP][PASSED] - elem.click(): null

27-02-2025T17:33:39 - [TEST_STEP][PASSED] - myValue = element.getAttribute("value"): null

27-02-2025T17:33:39 - [TEST_STEP][PASSED] - if (debug): null

27-02-2025T17:33:39 - [TEST_STEP][PASSED] - if (myValue.length() >= 4): null

27-02-2025T17:33:39 - [TEST_STEP][PASSED] - if (myValue.substring(0, 4) == "(!) "): null

27-02-2025T17:33:39 - [TEST_STEP][PASSED] - myType = element.getAttribute("type"): null

27-02-2025T17:33:39 - [TEST_STEP][PASSED] - if (myValue in varParms[i]): null

27-02-2025T17:33:39 - [TEST_STEP][PASSED] - else: null

27-02-2025T17:33:39 - [TEST_STEP][PASSED] - inList = false: null

27-02-2025T17:33:39 - [TEST_STEP][PASSED] - if (myType == "checkbox"): null

27-02-2025T17:33:39 - [TEST_STEP][PASSED] - myStatus = element.isSelected(): null

27-02-2025T17:33:39 - [TEST_STEP][PASSED] - if (debug): null

27-02-2025T17:33:39 - [TEST_STEP][PASSED] - if (toggle && myStatus && inList): null

27-02-2025T17:33:39 - [TEST_STEP][PASSED] - if (!(myStatus) && inList || myStatus && !(inList)): null

27-02-2025T17:33:39 - [TEST_STEP][PASSED] - frame.dispose(): null

27-02-2025T17:33:39 - [MESSAGE][PASSED] - Call Test Case 'Test Cases/_Functions/Click on Group Elements' successfully

27-02-2025T17:33:39 - [TEST_STEP][PASSED] - object = "Journey Candidate Profile/Tabs/btn_Complete Submit": null

27-02-2025T17:33:39 - [TEST_STEP][PASSED] - callTestCase(findTestCase("_Functions/Perform Action"), ["varAction":"click", "varObject":object], STOP_ON_FAILURE): Call Test Case 'Test Cases/_Functions/Perform Action' successfully

27-02-2025T17:33:39 - [TEST_CASE][PASSED] - Test Cases/_Functions/Perform Action: Test Cases/_Functions/Perform Action

27-02-2025T17:33:39 - [TEST_STEP][PASSED] - action = varAction: null

27-02-2025T17:33:39 - [TEST_STEP][PASSED] - println(action): null

27-02-2025T17:33:39 - [TEST_STEP][PASSED] - testObject = varObject: null

27-02-2025T17:33:39 - [TEST_STEP][PASSED] - println(testObject): null

27-02-2025T17:33:39 - [TEST_STEP][PASSED] - parm1 = varParm1: null

27-02-2025T17:33:39 - [TEST_STEP][PASSED] - println(parm1): null

27-02-2025T17:33:39 - [TEST_STEP][PASSED] - println("Converting " + testObject + " to web element"): null

27-02-2025T17:33:39 - [TEST_STEP][PASSED] - element = findWebElement(findTestObject(testObject), 1): null

27-02-2025T17:33:39 - [TEST_STEP][PASSED] - loc = element.getLocation(): null

27-02-2025T17:33:39 - [TEST_STEP][PASSED] - y = loc.getY(): null

27-02-2025T17:33:39 - [TEST_STEP][PASSED] - println("Y location is " + y): null

27-02-2025T17:33:39 - [TEST_STEP][PASSED] - top = getViewportTopPosition(): Current viewport's top (y) position is 910

27-02-2025T17:33:39 - [MESSAGE][PASSED] - Current viewport's top (y) position is 910

27-02-2025T17:33:39 - [TEST_STEP][PASSED] - println("Viewport top is " + top): null

27-02-2025T17:33:39 - [TEST_STEP][PASSED] - bottom = top + 600: null

27-02-2025T17:33:39 - [TEST_STEP][PASSED] - if (y - top < 150 || bottom - y < 10): null

27-02-2025T17:33:39 - [TEST_STEP][PASSED] - if (action == "click"): Object: 'Object Repository/Journey Candidate Profile/Tabs/btn_Complete Submit' is clicked on

27-02-2025T17:33:39 - [TEST_STEP][PASSED] - println("clicking"): null

27-02-2025T17:33:39 - [TEST_STEP][PASSED] - click(findTestObject(testObject)): Object: 'Object Repository/Journey Candidate Profile/Tabs/btn_Complete Submit' is clicked on

27-02-2025T17:33:43 - [MESSAGE][PASSED] - Object: 'Object Repository/Journey Candidate Profile/Tabs/btn_Complete Submit' is clicked on

27-02-2025T17:33:43 - [MESSAGE][PASSED] - Call Test Case 'Test Cases/_Functions/Perform Action' successfully

27-02-2025T17:33:43 - [MESSAGE][PASSED] - Call Test Case 'Test Cases/Journey Candidate Profile/Tabs/Set Availability' successfully

27-02-2025T17:33:43 - [TEST_STEP][PASSED] - if (pages.size() == 0 || "All" in pages || "Service/Comment" in pages): Call Test Case 'Test Cases/Journey Candidate Profile/Tabs/Set Service-Comment' successfully

27-02-2025T17:33:43 - [TEST_STEP][PASSED] - preferred_regions = ["Caribbean", "Central America", "Europe, West", "North America"]: null

27-02-2025T17:33:43 - [TEST_STEP][PASSED] - languages = ["English is a native language"]: null

27-02-2025T17:33:43 - [TEST_STEP][PASSED] - additional_languages = "Rudementary French": null

27-02-2025T17:33:43 - [TEST_STEP][PASSED] - vision_trip = "Yes": null

27-02-2025T17:33:43 - [TEST_STEP][PASSED] - awareness_trip = "No": null

27-02-2025T17:33:43 - [TEST_STEP][PASSED] - comments = "I did a vision trip to Viet Nam in 2015": null

27-02-2025T17:33:43 - [TEST_STEP][PASSED] - callTestCase(findTestCase("Journey Candidate Profile/Tabs/Set Service-Comment"), ["varPreferred_regions":preferred_regions, "varLanguages":languages, "varAdditional_languages":additional_languages, "varVision_trip":vision_trip, ... ], STOP_ON_FAILURE): Call Test Case 'Test Cases/Journey Candidate Profile/Tabs/Set Service-Comment' successfully

27-02-2025T17:33:43 - [TEST_CASE][PASSED] - Test Cases/Journey Candidate Profile/Tabs/Set Service-Comment: Test Cases/Journey Candidate Profile/Tabs/Set Service-Comment

27-02-2025T17:33:43 - [TEST_STEP][PASSED] - username = username: null

27-02-2025T17:33:43 - [TEST_STEP][PASSED] - if (username != "cktest05jc"): null

27-02-2025T17:33:43 - [TEST_STEP][PASSED] - testName = "Journey Candidate Service-Comment Tab": null

27-02-2025T17:33:43 - [TEST_STEP][PASSED] - outFile = callTestCase(findTestCase("_Functions/Set Output File"), ["varTestName":testName], STOP_ON_FAILURE): Call Test Case 'Test Cases/_Functions/Set Output File' successfully

27-02-2025T17:33:43 - [TEST_CASE][PASSED] - Test Cases/_Functions/Set Output File: Test Cases/_Functions/Set Output File

27-02-2025T17:33:43 - [TEST_STEP][PASSED] - testName = varTestName: null

27-02-2025T17:33:43 - [TEST_STEP][PASSED] - domain = domain: null

27-02-2025T17:33:43 - [TEST_STEP][PASSED] - writeFile = false: null

27-02-2025T17:33:43 - [TEST_STEP][PASSED] - if (outFile != ""): null

27-02-2025T17:33:43 - [TEST_STEP][PASSED] - myFile = outFile: null

27-02-2025T17:33:43 - [TEST_STEP][PASSED] - println(myFile): null

27-02-2025T17:33:43 - [TEST_STEP][PASSED] - outFile = new java.io.File(myFile): null

27-02-2025T17:33:43 - [TEST_STEP][PASSED] - writeFile = true: null

27-02-2025T17:33:43 - [TEST_STEP][PASSED] - if (!(writeFile)): null

27-02-2025T17:33:43 - [TEST_STEP][PASSED] - else: null

27-02-2025T17:33:43 - [TEST_STEP][PASSED] - outFile.append("
Testing " + testName + " on " + domain + ".
"): null

27-02-2025T17:33:43 - [TEST_STEP][PASSED] - return outFile: null

27-02-2025T17:33:43 - [MESSAGE][PASSED] - Call Test Case 'Test Cases/_Functions/Set Output File' successfully

27-02-2025T17:33:43 - [TEST_STEP][PASSED] - parms = [varPreferred_regions, varLanguages]: null

27-02-2025T17:33:43 - [TEST_STEP][PASSED] - preferred_regions = "//input[@id='profile_group-1623987079.732_region_preferences']": null

27-02-2025T17:33:43 - [TEST_STEP][PASSED] - languages = "//input[@id='profile_group-1623987079.732_languages']": null

27-02-2025T17:33:43 - [TEST_STEP][PASSED] - xpaths = [preferred_regions, languages]: null

27-02-2025T17:33:43 - [TEST_STEP][PASSED] - tooltipImagePath = "/Users/cckozie/git/MissionNext-Katalon-Koz/images/education candidate/": null

27-02-2025T17:33:43 - [TEST_STEP][PASSED] - testObjectFolder = "Journey Candidate Profile/Tabs/Service-Comment/": null

27-02-2025T17:33:43 - [TEST_STEP][PASSED] - tooltips = ["dummy":"dummy", "Language(s)":"img_Language(s)_field-tooltip", "Additional Language(s)":"img_Additional Language(s)_field-tooltip", ... ]: null

27-02-2025T17:33:43 - [TEST_STEP][PASSED] - tooltipText = ["Language(s)":"If Other, please specify below.", "Additional Language(s)":"Other language in which you have some level of fluency:", ... ]: null

27-02-2025T17:33:43 - [TEST_STEP][PASSED] - requiredFieldMsgs = ["Preferred Regions":"The region preferences field is required.", "Languages":"The languages field is required."]: null

27-02-2025T17:33:43 - [TEST_STEP][PASSED] - click(findTestObject("Object Repository/Journey Candidate Profile/Tabs/a_Service-Comment")): Object: 'Object Repository/Journey Candidate Profile/Tabs/a_Service-Comment' is clicked on

27-02-2025T17:33:44 - [MESSAGE][PASSED] - Object: 'Object Repository/Journey Candidate Profile/Tabs/a_Service-Comment' is clicked on

27-02-2025T17:33:44 - [TEST_STEP][PASSED] - tooltipTextMap = callTestCase(findTestCase("_Functions/Get Screenshot and Tooltip Text"), ["varExtension":testName], STOP_ON_FAILURE): Call Test Case 'Test Cases/_Functions/Get Screenshot and Tooltip Text' successfully

27-02-2025T17:33:44 - [TEST_CASE][PASSED] - Test Cases/_Functions/Get Screenshot and Tooltip Text: Test Cases/_Functions/Get Screenshot and Tooltip Text

27-02-2025T17:33:44 - [TEST_STEP][PASSED] - if (fastPath): null

27-02-2025T17:33:44 - [TEST_STEP][PASSED] - frame = new javax.swing.JFrame(): null

27-02-2025T17:33:44 - [TEST_STEP][PASSED] - p = new javax.swing.JPanel(): null

27-02-2025T17:33:44 - [TEST_STEP][PASSED] - l = new javax.swing.JLabel(Getting screenshot and tooltip text..., javax.swing.SwingConstants.CENTER): null

27-02-2025T17:33:44 - [TEST_STEP][PASSED] - frame.add(l): null

27-02-2025T17:33:44 - [TEST_STEP][PASSED] - frame.setSize(300, 100): null

27-02-2025T17:33:44 - [TEST_STEP][PASSED] - frame.setLocation(600, 0): null

27-02-2025T17:33:44 - [TEST_STEP][PASSED] - frame.setAlwaysOnTop(true): null

27-02-2025T17:33:44 - [TEST_STEP][PASSED] - frame.show(): null

27-02-2025T17:33:44 - [TEST_STEP][PASSED] - driver = getWebDriver(): null

27-02-2025T17:33:44 - [TEST_STEP][PASSED] - path = "/Users/cckozie/Documents/MissionNext/Screenshots and Tooltip Text/": null

27-02-2025T17:33:44 - [TEST_STEP][PASSED] - if (binding.hasVariable("varExtension")): null

27-02-2025T17:33:44 - [TEST_STEP][PASSED] - extension = varExtension: null

27-02-2025T17:33:44 - [TEST_STEP][PASSED] - println("Extension is " + extension): null

27-02-2025T17:33:44 - [TEST_STEP][PASSED] - fileBase = path + extension: null

27-02-2025T17:33:44 - [TEST_STEP][PASSED] - fileImage = fileBase + "_Screenshot.png": null

27-02-2025T17:33:44 - [TEST_STEP][PASSED] - waitForPageLoad(30): Wait for page load successfully

27-02-2025T17:33:44 - [MESSAGE][PASSED] - Wait for page load successfully

27-02-2025T17:33:44 - [TEST_STEP][PASSED] - spinner = driver.findElement(By.xpath("/html/body/div[1]/div/div[2]")): null

27-02-2025T17:33:44 - [TEST_STEP][PASSED] - executor = driver: null

27-02-2025T17:33:44 - [TEST_STEP][PASSED] - elementAttributes = executor.executeScript("var items = {}; for (index = 0; index < arguments[0].attributes.length; ++index) { items[arguments[0].attributes[index].name] = arguments[0].attributes[index].value }; return items;", spinner): null

27-02-2025T17:33:44 - [TEST_STEP][PASSED] - attrs = elementAttributes.toString(): null

27-02-2025T17:33:44 - [TEST_STEP][PASSED] - waits = 0: null

27-02-2025T17:33:44 - [TEST_STEP][PASSED] - while (attrs.indexOf("display: none") < 0 && waits < 2): null

27-02-2025T17:33:44 - [TEST_STEP][PASSED] - tooltipMap = callTestCase(findTestCase("_Functions/Get Tooltip Text"), [:], STOP_ON_FAILURE): Call Test Case 'Test Cases/_Functions/Get Tooltip Text' successfully

27-02-2025T17:33:44 - [TEST_CASE][PASSED] - Test Cases/_Functions/Get Tooltip Text: Test Cases/_Functions/Get Tooltip Text

27-02-2025T17:33:44 - [TEST_STEP][PASSED] - fieldTooltips = [:]: null

27-02-2025T17:33:44 - [TEST_STEP][PASSED] - tooltipMap = [:]: null

27-02-2025T17:33:44 - [TEST_STEP][PASSED] - driver = getWebDriver(): null

27-02-2025T17:33:44 - [TEST_STEP][PASSED] - tooltips = driver.findElements(By.className("field-tooltip")): null

27-02-2025T17:33:44 - [TEST_STEP][PASSED] - for (def it : tooltips): null

27-02-2025T17:33:44 - [TEST_STEP][PASSED] - if (it.isDisplayed()): null

27-02-2025T17:33:44 - [TEST_STEP][PASSED] - if (it.isDisplayed()): null

27-02-2025T17:33:44 - [TEST_STEP][PASSED] - if (it.isDisplayed()): null

27-02-2025T17:33:44 - [TEST_STEP][PASSED] - if (it.isDisplayed()): null

27-02-2025T17:33:44 - [TEST_STEP][PASSED] - if (it.isDisplayed()): null

27-02-2025T17:33:44 - [TEST_STEP][PASSED] - if (it.isDisplayed()): null

27-02-2025T17:33:44 - [TEST_STEP][PASSED] - if (it.isDisplayed()): null

27-02-2025T17:33:44 - [TEST_STEP][PASSED] - if (it.isDisplayed()): null

27-02-2025T17:33:44 - [TEST_STEP][PASSED] - if (it.isDisplayed()): null

27-02-2025T17:33:44 - [TEST_STEP][PASSED] - if (it.isDisplayed()): null

27-02-2025T17:33:44 - [TEST_STEP][PASSED] - if (it.isDisplayed()): null

27-02-2025T17:33:44 - [TEST_STEP][PASSED] - if (it.isDisplayed()): null

27-02-2025T17:33:44 - [TEST_STEP][PASSED] - if (it.isDisplayed()): null

27-02-2025T17:33:44 - [TEST_STEP][PASSED] - if (it.isDisplayed()): null

27-02-2025T17:33:44 - [TEST_STEP][PASSED] - if (it.isDisplayed()): null

27-02-2025T17:33:44 - [TEST_STEP][PASSED] - if (it.isDisplayed()): null

27-02-2025T17:33:44 - [TEST_STEP][PASSED] - if (it.isDisplayed()): null

27-02-2025T17:33:44 - [TEST_STEP][PASSED] - if (it.isDisplayed()): null

27-02-2025T17:33:44 - [TEST_STEP][PASSED] - if (it.isDisplayed()): null

27-02-2025T17:33:44 - [TEST_STEP][PASSED] - ttText = it.getAttribute("data-original-title"): null

27-02-2025T17:33:44 - [TEST_STEP][PASSED] - ttLocation = it.getLocation(): null

27-02-2025T17:33:44 - [TEST_STEP][PASSED] - yLocation = ttLocation.getY(): null

27-02-2025T17:33:44 - [TEST_STEP][PASSED] - xLocation = ttLocation.getX(): null

27-02-2025T17:33:44 - [TEST_STEP][PASSED] - fieldTooltips.put(ttText, yLocation): null

27-02-2025T17:33:44 - [TEST_STEP][PASSED] - if (it.isDisplayed()): null

27-02-2025T17:33:44 - [TEST_STEP][PASSED] - ttText = it.getAttribute("data-original-title"): null

27-02-2025T17:33:44 - [TEST_STEP][PASSED] - ttLocation = it.getLocation(): null

27-02-2025T17:33:44 - [TEST_STEP][PASSED] - yLocation = ttLocation.getY(): null

27-02-2025T17:33:44 - [TEST_STEP][PASSED] - xLocation = ttLocation.getX(): null

27-02-2025T17:33:44 - [TEST_STEP][PASSED] - fieldTooltips.put(ttText, yLocation): null

27-02-2025T17:33:44 - [TEST_STEP][PASSED] - if (it.isDisplayed()): null

27-02-2025T17:33:44 - [TEST_STEP][PASSED] - ttText = it.getAttribute("data-original-title"): null

27-02-2025T17:33:44 - [TEST_STEP][PASSED] - ttLocation = it.getLocation(): null

27-02-2025T17:33:44 - [TEST_STEP][PASSED] - yLocation = ttLocation.getY(): null

27-02-2025T17:33:44 - [TEST_STEP][PASSED] - xLocation = ttLocation.getX(): null

27-02-2025T17:33:44 - [TEST_STEP][PASSED] - fieldTooltips.put(ttText, yLocation): null

27-02-2025T17:33:44 - [TEST_STEP][PASSED] - if (it.isDisplayed()): null

27-02-2025T17:33:44 - [TEST_STEP][PASSED] - ttText = it.getAttribute("data-original-title"): null

27-02-2025T17:33:44 - [TEST_STEP][PASSED] - ttLocation = it.getLocation(): null

27-02-2025T17:33:44 - [TEST_STEP][PASSED] - yLocation = ttLocation.getY(): null

27-02-2025T17:33:44 - [TEST_STEP][PASSED] - xLocation = ttLocation.getX(): null

27-02-2025T17:33:44 - [TEST_STEP][PASSED] - fieldTooltips.put(ttText, yLocation): null

27-02-2025T17:33:44 - [TEST_STEP][PASSED] - if (it.isDisplayed()): null

27-02-2025T17:33:44 - [TEST_STEP][PASSED] - if (it.isDisplayed()): null

27-02-2025T17:33:44 - [TEST_STEP][PASSED] - if (it.isDisplayed()): null

27-02-2025T17:33:44 - [TEST_STEP][PASSED] - if (it.isDisplayed()): null

27-02-2025T17:33:44 - [TEST_STEP][PASSED] - if (it.isDisplayed()): null

27-02-2025T17:33:44 - [TEST_STEP][PASSED] - if (it.isDisplayed()): null

27-02-2025T17:33:44 - [TEST_STEP][PASSED] - if (it.isDisplayed()): null

27-02-2025T17:33:44 - [TEST_STEP][PASSED] - if (fieldTooltips.size() > 0): null

27-02-2025T17:33:44 - [TEST_STEP][PASSED] - rightBorder = xLocation: null

27-02-2025T17:33:44 - [TEST_STEP][PASSED] - fieldLabels = [:]: null

27-02-2025T17:33:44 - [TEST_STEP][PASSED] - labels = driver.findElements(By.xpath("//label")): null

27-02-2025T17:33:44 - [TEST_STEP][PASSED] - labels.each({ -> ... }): null

27-02-2025T17:33:47 - [TEST_STEP][PASSED] - for (def label : fieldLabels): null

27-02-2025T17:33:47 - [TEST_STEP][PASSED] - y = value: null

27-02-2025T17:33:47 - [TEST_STEP][PASSED] - for (def tooltip : fieldTooltips): null

27-02-2025T17:33:47 - [TEST_STEP][PASSED] - if (value == y || value == y + 1 || value == y - 1): null

27-02-2025T17:33:47 - [TEST_STEP][PASSED] - if (value == y || value == y + 1 || value == y - 1): null

27-02-2025T17:33:47 - [TEST_STEP][PASSED] - if (value == y || value == y + 1 || value == y - 1): null

27-02-2025T17:33:47 - [TEST_STEP][PASSED] - if (value == y || value == y + 1 || value == y - 1): null

27-02-2025T17:33:47 - [TEST_STEP][PASSED] - y = value: null

27-02-2025T17:33:47 - [TEST_STEP][PASSED] - for (def tooltip : fieldTooltips): null

27-02-2025T17:33:47 - [TEST_STEP][PASSED] - if (value == y || value == y + 1 || value == y - 1): null

27-02-2025T17:33:47 - [TEST_STEP][PASSED] - if (value == y || value == y + 1 || value == y - 1): null

27-02-2025T17:33:47 - [TEST_STEP][PASSED] - if (value == y || value == y + 1 || value == y - 1): null

27-02-2025T17:33:47 - [TEST_STEP][PASSED] - if (value == y || value == y + 1 || value == y - 1): null

27-02-2025T17:33:47 - [TEST_STEP][PASSED] - y = value: null

27-02-2025T17:33:47 - [TEST_STEP][PASSED] - for (def tooltip : fieldTooltips): null

27-02-2025T17:33:47 - [TEST_STEP][PASSED] - if (value == y || value == y + 1 || value == y - 1): null

27-02-2025T17:33:47 - [TEST_STEP][PASSED] - tooltipMap.put(key, key): null

27-02-2025T17:33:47 - [TEST_STEP][PASSED] - break: null

27-02-2025T17:33:47 - [TEST_STEP][PASSED] - y = value: null

27-02-2025T17:33:47 - [TEST_STEP][PASSED] - for (def tooltip : fieldTooltips): null

27-02-2025T17:33:47 - [TEST_STEP][PASSED] - if (value == y || value == y + 1 || value == y - 1): null

27-02-2025T17:33:47 - [TEST_STEP][PASSED] - if (value == y || value == y + 1 || value == y - 1): null

27-02-2025T17:33:47 - [TEST_STEP][PASSED] - tooltipMap.put(key, key): null

27-02-2025T17:33:47 - [TEST_STEP][PASSED] - break: null

27-02-2025T17:33:47 - [TEST_STEP][PASSED] - y = value: null

27-02-2025T17:33:47 - [TEST_STEP][PASSED] - for (def tooltip : fieldTooltips): null

27-02-2025T17:33:47 - [TEST_STEP][PASSED] - if (value == y || value == y + 1 || value == y - 1): null

27-02-2025T17:33:47 - [TEST_STEP][PASSED] - if (value == y || value == y + 1 || value == y - 1): null

27-02-2025T17:33:47 - [TEST_STEP][PASSED] - if (value == y || value == y + 1 || value == y - 1): null

27-02-2025T17:33:47 - [TEST_STEP][PASSED] - tooltipMap.put(key, key): null

27-02-2025T17:33:47 - [TEST_STEP][PASSED] - break: null

27-02-2025T17:33:47 - [TEST_STEP][PASSED] - y = value: null

27-02-2025T17:33:47 - [TEST_STEP][PASSED] - for (def tooltip : fieldTooltips): null

27-02-2025T17:33:47 - [TEST_STEP][PASSED] - if (value == y || value == y + 1 || value == y - 1): null

27-02-2025T17:33:47 - [TEST_STEP][PASSED] - if (value == y || value == y + 1 || value == y - 1): null

27-02-2025T17:33:47 - [TEST_STEP][PASSED] - if (value == y || value == y + 1 || value == y - 1): null

27-02-2025T17:33:47 - [TEST_STEP][PASSED] - if (value == y || value == y + 1 || value == y - 1): null

27-02-2025T17:33:47 - [TEST_STEP][PASSED] - tooltipMap.put(key, key): null

27-02-2025T17:33:47 - [TEST_STEP][PASSED] - break: null

27-02-2025T17:33:47 - [TEST_STEP][PASSED] - y = value: null

27-02-2025T17:33:47 - [TEST_STEP][PASSED] - for (def tooltip : fieldTooltips): null

27-02-2025T17:33:47 - [TEST_STEP][PASSED] - if (value == y || value == y + 1 || value == y - 1): null

27-02-2025T17:33:47 - [TEST_STEP][PASSED] - if (value == y || value == y + 1 || value == y - 1): null

27-02-2025T17:33:47 - [TEST_STEP][PASSED] - if (value == y || value == y + 1 || value == y - 1): null

27-02-2025T17:33:47 - [TEST_STEP][PASSED] - if (value == y || value == y + 1 || value == y - 1): null

27-02-2025T17:33:47 - [TEST_STEP][PASSED] - return tooltipMap: null

27-02-2025T17:33:47 - [MESSAGE][PASSED] - Call Test Case 'Test Cases/_Functions/Get Tooltip Text' successfully

27-02-2025T17:33:47 - [TEST_STEP][PASSED] - if (tooltipMap.size() > 0): null

27-02-2025T17:33:47 - [TEST_STEP][PASSED] - file = fileBase + "_Tooltips.csv": null

27-02-2025T17:33:47 - [TEST_STEP][PASSED] - outText = "FIELD LABEL" + "," + "TOOLTIP TEXT" + "

": null

27-02-2025T17:33:47 - [TEST_STEP][PASSED] - for (def it : tooltipMap): null

27-02-2025T17:33:47 - [TEST_STEP][PASSED] - name = key: null

27-02-2025T17:33:47 - [TEST_STEP][PASSED] - value = value.replace("
", ""): null

27-02-2025T17:33:47 - [TEST_STEP][PASSED] - value = value.trim(): null

27-02-2025T17:33:47 - [TEST_STEP][PASSED] - value = """ + value + """: null

27-02-2025T17:33:47 - [TEST_STEP][PASSED] - outText = outText + name + "," + value: null

27-02-2025T17:33:47 - [TEST_STEP][PASSED] - outText = outText + "
": null

27-02-2025T17:33:47 - [TEST_STEP][PASSED] - println(outText): null

27-02-2025T17:33:47 - [TEST_STEP][PASSED] - name = key: null

27-02-2025T17:33:47 - [TEST_STEP][PASSED] - value = value.replace("
", ""): null

27-02-2025T17:33:47 - [TEST_STEP][PASSED] - value = value.trim(): null

27-02-2025T17:33:47 - [TEST_STEP][PASSED] - value = """ + value + """: null

27-02-2025T17:33:47 - [TEST_STEP][PASSED] - outText = outText + name + "," + value: null

27-02-2025T17:33:47 - [TEST_STEP][PASSED] - outText = outText + "
": null

27-02-2025T17:33:47 - [TEST_STEP][PASSED] - println(outText): null

27-02-2025T17:33:47 - [TEST_STEP][PASSED] - name = key: null

27-02-2025T17:33:47 - [TEST_STEP][PASSED] - value = value.replace("
", ""): null

27-02-2025T17:33:47 - [TEST_STEP][PASSED] - value = value.trim(): null

27-02-2025T17:33:47 - [TEST_STEP][PASSED] - value = """ + value + """: null

27-02-2025T17:33:47 - [TEST_STEP][PASSED] - outText = outText + name + "," + value: null

27-02-2025T17:33:47 - [TEST_STEP][PASSED] - outText = outText + "
": null

27-02-2025T17:33:47 - [TEST_STEP][PASSED] - println(outText): null

27-02-2025T17:33:47 - [TEST_STEP][PASSED] - name = key: null

27-02-2025T17:33:47 - [TEST_STEP][PASSED] - value = value.replace("
", ""): null

27-02-2025T17:33:47 - [TEST_STEP][PASSED] - value = value.trim(): null

27-02-2025T17:33:47 - [TEST_STEP][PASSED] - value = """ + value + """: null

27-02-2025T17:33:47 - [TEST_STEP][PASSED] - outText = outText + name + "," + value: null

27-02-2025T17:33:47 - [TEST_STEP][PASSED] - outText = outText + "
": null

27-02-2025T17:33:47 - [TEST_STEP][PASSED] - println(outText): null

27-02-2025T17:33:47 - [TEST_STEP][PASSED] - outFile = new java.io.File(file): null

27-02-2025T17:33:47 - [TEST_STEP][PASSED] - println(outText): null

27-02-2025T17:33:47 - [TEST_STEP][PASSED] - outFile.write(outText): null

27-02-2025T17:33:47 - [TEST_STEP][PASSED] - takeFullPageScreenshot(fileImage): Taking screenshot successfully

27-02-2025T17:33:48 - [MESSAGE][INFO] - 0 hidden object(s)

27-02-2025T17:33:48 - [MESSAGE][PASSED] - Taking screenshot successfully
[[ATTACHMENT|/Users/cckozie/Documents/MissionNext/Screenshots and Tooltip Text/Journey Candidate Service-Comment Tab_Screenshot.png]]

27-02-2025T17:33:48 - [TEST_STEP][PASSED] - frame.dispose(): null

27-02-2025T17:33:48 - [TEST_STEP][PASSED] - return tooltipMap: null

27-02-2025T17:33:48 - [MESSAGE][PASSED] - Call Test Case 'Test Cases/_Functions/Get Screenshot and Tooltip Text' successfully

27-02-2025T17:33:48 - [TEST_STEP][PASSED] - callTestCase(findTestCase("_Functions/Test Tooltips"), ["varTooltipImagePath":tooltipImagePath, "varTooltips":tooltips, "varTooltipText":tooltipText, "varTestObjectFolder":testObjectFolder, ... ], STOP_ON_FAILURE): Call Test Case 'Test Cases/_Functions/Test Tooltips' successfully

27-02-2025T17:33:48 - [TEST_CASE][PASSED] - Test Cases/_Functions/Test Tooltips: Test Cases/_Functions/Test Tooltips

27-02-2025T17:33:48 - [TEST_STEP][PASSED] - if (fastPath): null

27-02-2025T17:33:48 - [TEST_STEP][PASSED] - tooltipImagePath = varTooltipImagePath: null

27-02-2025T17:33:48 - [TEST_STEP][PASSED] - tooltips = varTooltips: null

27-02-2025T17:33:48 - [TEST_STEP][PASSED] - tooltipText = varTooltipText: null

27-02-2025T17:33:48 - [TEST_STEP][PASSED] - testObjectFolder = varTestObjectFolder: null

27-02-2025T17:33:48 - [TEST_STEP][PASSED] - tooltipTextMap = varTooltipTextMap: null

27-02-2025T17:33:48 - [TEST_STEP][PASSED] - writeFile = false: null

27-02-2025T17:33:48 - [TEST_STEP][PASSED] - if (outFile != ""): null

27-02-2025T17:33:48 - [TEST_STEP][PASSED] - myFile = outFile: null

27-02-2025T17:33:48 - [TEST_STEP][PASSED] - println(myFile): null

27-02-2025T17:33:48 - [TEST_STEP][PASSED] - outFile = new java.io.File(myFile): null

27-02-2025T17:33:48 - [TEST_STEP][PASSED] - writeFile = true: null

27-02-2025T17:33:48 - [TEST_STEP][PASSED] - driver = getWebDriver(): null

27-02-2025T17:33:48 - [TEST_STEP][PASSED] - action = new org.openqa.selenium.interactions.Actions(driver): null

27-02-2025T17:33:48 - [TEST_STEP][PASSED] - s = new org.sikuli.script.Screen(): null

27-02-2025T17:33:48 - [TEST_STEP][PASSED] - outText = "Verifying the tooltips can be displayed.
": null

27-02-2025T17:33:48 - [TEST_STEP][PASSED] - outFile.append(outText): null

27-02-2025T17:33:48 - [TEST_STEP][PASSED] - first = true: null

27-02-2025T17:33:48 - [TEST_STEP][PASSED] - for (def it : tooltips): null

27-02-2025T17:33:48 - [TEST_STEP][PASSED] - myKey = key: null

27-02-2025T17:33:48 - [TEST_STEP][PASSED] - myValue = value: null

27-02-2025T17:33:48 - [TEST_STEP][PASSED] - println("myKey is " + myKey): null

27-02-2025T17:33:48 - [TEST_STEP][PASSED] - println("myValue is " + myValue): null

27-02-2025T17:33:48 - [TEST_STEP][PASSED] - if (myKey != "dummy"): null

27-02-2025T17:33:48 - [TEST_STEP][PASSED] - else: null

27-02-2025T17:33:48 - [TEST_STEP][PASSED] - myImage = "/Users/cckozie/git/MissionNext-Katalon-Koz/images/dummy.png": null

27-02-2025T17:33:48 - [TEST_STEP][PASSED] - f = new java.io.File(myImage): null

27-02-2025T17:33:48 - [TEST_STEP][PASSED] - if (f.exists()): null

27-02-2025T17:33:48 - [TEST_STEP][PASSED] - println("Looking for " + myImage): null

27-02-2025T17:33:48 - [TEST_STEP][PASSED] - icn = Pattern(myImage).similar(0.10): null

27-02-2025T17:33:48 - [TEST_STEP][PASSED] - found = s.exists(icn): null

27-02-2025T17:33:51 - [TEST_STEP][PASSED] - println(found): null

27-02-2025T17:33:51 - [TEST_STEP][PASSED] - if (found != null): null

27-02-2025T17:33:51 - [TEST_STEP][PASSED] - else: null

27-02-2025T17:33:51 - [TEST_STEP][PASSED] - if (myKey != "dummy"): null

27-02-2025T17:33:51 - [TEST_STEP][PASSED] - myKey = key: null

27-02-2025T17:33:51 - [TEST_STEP][PASSED] - myValue = value: null

27-02-2025T17:33:51 - [TEST_STEP][PASSED] - println("myKey is " + myKey): null

27-02-2025T17:33:51 - [TEST_STEP][PASSED] - println("myValue is " + myValue): null

27-02-2025T17:33:51 - [TEST_STEP][PASSED] - if (myKey != "dummy"): null

27-02-2025T17:33:51 - [TEST_STEP][PASSED] - tObj = testObjectFolder + myValue: null

27-02-2025T17:33:51 - [TEST_STEP][PASSED] - click(tObj): null

27-02-2025T17:33:51 - [TEST_STEP][PASSED] - scrollToObject(object): null

27-02-2025T17:33:51 - [TEST_STEP][PASSED] - println("Converting " + object + " to web element"): null

27-02-2025T17:33:51 - [TEST_STEP][PASSED] - element = findWebElement(findTestObject(object), 1): null

27-02-2025T17:33:51 - [TEST_STEP][PASSED] - loc = element.getLocation(): null

27-02-2025T17:33:51 - [TEST_STEP][PASSED] - x = loc.getX(): null

27-02-2025T17:33:51 - [TEST_STEP][PASSED] - if (x >= 560): null

27-02-2025T17:33:51 - [TEST_STEP][PASSED] - y = loc.getY(): null

27-02-2025T17:33:51 - [TEST_STEP][PASSED] - println("Y location is " + y): null

27-02-2025T17:33:51 - [TEST_STEP][PASSED] - top = getViewportTopPosition(): Current viewport's top (y) position is 619

27-02-2025T17:33:51 - [MESSAGE][PASSED] - Current viewport's top (y) position is 619

27-02-2025T17:33:51 - [TEST_STEP][PASSED] - println("Viewport top is " + top): null

27-02-2025T17:33:51 - [TEST_STEP][PASSED] - bottom = top + 600: null

27-02-2025T17:33:51 - [TEST_STEP][PASSED] - if (y - top < 150 || bottom - y < 10): Delayed 1 second(s)

27-02-2025T17:33:51 - [TEST_STEP][PASSED] - scrollToPosition(0, y - 170): Browser is scrolled to position x = 0, y = 384

27-02-2025T17:33:51 - [MESSAGE][PASSED] - Browser is scrolled to position x = 0, y = 384

27-02-2025T17:33:51 - [TEST_STEP][PASSED] - delay(1): Delayed 1 second(s)

27-02-2025T17:33:52 - [MESSAGE][PASSED] - Delayed 1 second(s)

27-02-2025T17:33:52 - [TEST_STEP][PASSED] - click(findTestObject(object)): null

27-02-2025T17:33:52 - [MESSAGE][PASSED] - Object: 'Object Repository/Journey Candidate Profile/Tabs/Service-Comment/img_Language(s)_field-tooltip' is clicked on

27-02-2025T17:33:52 - [TEST_STEP][PASSED] - delay(1): Delayed 1 second(s)

27-02-2025T17:33:53 - [MESSAGE][PASSED] - Delayed 1 second(s)

27-02-2025T17:33:53 - [TEST_STEP][PASSED] - myImage = tooltipImagePath + myKey + ".png": null

27-02-2025T17:33:53 - [TEST_STEP][PASSED] - f = new java.io.File(myImage): null

27-02-2025T17:33:53 - [TEST_STEP][PASSED] - if (f.exists()): null

27-02-2025T17:33:53 - [TEST_STEP][PASSED] - println("Looking for " + myImage): null

27-02-2025T17:33:53 - [TEST_STEP][PASSED] - icn = Pattern(myImage).similar(0.10): null

27-02-2025T17:33:53 - [TEST_STEP][PASSED] - found = s.exists(icn): null

27-02-2025T17:33:53 - [TEST_STEP][PASSED] - println(found): null

27-02-2025T17:33:53 - [TEST_STEP][PASSED] - if (found != null): null

27-02-2025T17:33:53 - [TEST_STEP][PASSED] - foundStr = found.toString(): null

27-02-2025T17:33:53 - [TEST_STEP][PASSED] - matchP = foundStr.indexOf("%"): null

27-02-2025T17:33:53 - [TEST_STEP][PASSED] - if (matchP >= 0): null

27-02-2025T17:33:53 - [TEST_STEP][PASSED] - println(matchP): null

27-02-2025T17:33:53 - [TEST_STEP][PASSED] - pct = foundStr.substring(matchP + 1, matchP + 6): null

27-02-2025T17:33:53 - [TEST_STEP][PASSED] - pctF = pct.toFloat(): null

27-02-2025T17:33:53 - [TEST_STEP][PASSED] - outText = "+++ Tooltip match value for " + myKey + " is " + pctF + "%": null

27-02-2025T17:33:53 - [TEST_STEP][PASSED] - min = 80: null

27-02-2025T17:33:53 - [TEST_STEP][PASSED] - if (pctF.toFloat() < min.toFloat()): null

27-02-2025T17:33:53 - [TEST_STEP][PASSED] - if (myKey != "dummy"): null

27-02-2025T17:33:53 - [TEST_STEP][PASSED] - println(outText): null

27-02-2025T17:33:53 - [TEST_STEP][PASSED] - outFile.append(outText + "
"): null

27-02-2025T17:33:53 - [TEST_STEP][PASSED] - myKey = key: null

27-02-2025T17:33:53 - [TEST_STEP][PASSED] - myValue = value: null

27-02-2025T17:33:53 - [TEST_STEP][PASSED] - println("myKey is " + myKey): null

27-02-2025T17:33:53 - [TEST_STEP][PASSED] - println("myValue is " + myValue): null

27-02-2025T17:33:53 - [TEST_STEP][PASSED] - if (myKey != "dummy"): null

27-02-2025T17:33:53 - [TEST_STEP][PASSED] - tObj = testObjectFolder + myValue: null

27-02-2025T17:33:53 - [TEST_STEP][PASSED] - click(tObj): null

27-02-2025T17:33:53 - [TEST_STEP][PASSED] - scrollToObject(object): null

27-02-2025T17:33:53 - [TEST_STEP][PASSED] - println("Converting " + object + " to web element"): null

27-02-2025T17:33:53 - [TEST_STEP][PASSED] - element = findWebElement(findTestObject(object), 1): null

27-02-2025T17:33:53 - [TEST_STEP][PASSED] - loc = element.getLocation(): null

27-02-2025T17:33:53 - [TEST_STEP][PASSED] - x = loc.getX(): null

27-02-2025T17:33:53 - [TEST_STEP][PASSED] - if (x >= 560): null

27-02-2025T17:33:53 - [TEST_STEP][PASSED] - y = loc.getY(): null

27-02-2025T17:33:53 - [TEST_STEP][PASSED] - println("Y location is " + y): null

27-02-2025T17:33:53 - [TEST_STEP][PASSED] - top = getViewportTopPosition(): Current viewport's top (y) position is 384

27-02-2025T17:33:53 - [MESSAGE][PASSED] - Current viewport's top (y) position is 384

27-02-2025T17:33:53 - [TEST_STEP][PASSED] - println("Viewport top is " + top): null

27-02-2025T17:33:53 - [TEST_STEP][PASSED] - bottom = top + 600: null

27-02-2025T17:33:53 - [TEST_STEP][PASSED] - if (y - top < 150 || bottom - y < 10): null

27-02-2025T17:33:53 - [TEST_STEP][PASSED] - click(findTestObject(object)): null

27-02-2025T17:33:53 - [MESSAGE][PASSED] - Object: 'Object Repository/Journey Candidate Profile/Tabs/Service-Comment/img_Additional Language(s)_field-tooltip' is clicked on

27-02-2025T17:33:53 - [TEST_STEP][PASSED] - delay(1): Delayed 1 second(s)

27-02-2025T17:33:54 - [MESSAGE][PASSED] - Delayed 1 second(s)

27-02-2025T17:33:54 - [TEST_STEP][PASSED] - myImage = tooltipImagePath + myKey + ".png": null

27-02-2025T17:33:54 - [TEST_STEP][PASSED] - f = new java.io.File(myImage): null

27-02-2025T17:33:54 - [TEST_STEP][PASSED] - if (f.exists()): null

27-02-2025T17:33:54 - [TEST_STEP][PASSED] - println("Looking for " + myImage): null

27-02-2025T17:33:54 - [TEST_STEP][PASSED] - icn = Pattern(myImage).similar(0.10): null

27-02-2025T17:33:54 - [TEST_STEP][PASSED] - found = s.exists(icn): null

27-02-2025T17:33:55 - [TEST_STEP][PASSED] - println(found): null

27-02-2025T17:33:55 - [TEST_STEP][PASSED] - if (found != null): null

27-02-2025T17:33:55 - [TEST_STEP][PASSED] - foundStr = found.toString(): null

27-02-2025T17:33:55 - [TEST_STEP][PASSED] - matchP = foundStr.indexOf("%"): null

27-02-2025T17:33:55 - [TEST_STEP][PASSED] - if (matchP >= 0): null

27-02-2025T17:33:55 - [TEST_STEP][PASSED] - println(matchP): null

27-02-2025T17:33:55 - [TEST_STEP][PASSED] - pct = foundStr.substring(matchP + 1, matchP + 6): null

27-02-2025T17:33:55 - [TEST_STEP][PASSED] - pctF = pct.toFloat(): null

27-02-2025T17:33:55 - [TEST_STEP][PASSED] - outText = "+++ Tooltip match value for " + myKey + " is " + pctF + "%": null

27-02-2025T17:33:55 - [TEST_STEP][PASSED] - min = 80: null

27-02-2025T17:33:55 - [TEST_STEP][PASSED] - if (pctF.toFloat() < min.toFloat()): null

27-02-2025T17:33:55 - [TEST_STEP][PASSED] - if (myKey != "dummy"): null

27-02-2025T17:33:55 - [TEST_STEP][PASSED] - println(outText): null

27-02-2025T17:33:55 - [TEST_STEP][PASSED] - outFile.append(outText + "
"): null

27-02-2025T17:33:55 - [TEST_STEP][PASSED] - myKey = key: null

27-02-2025T17:33:55 - [TEST_STEP][PASSED] - myValue = value: null

27-02-2025T17:33:55 - [TEST_STEP][PASSED] - println("myKey is " + myKey): null

27-02-2025T17:33:55 - [TEST_STEP][PASSED] - println("myValue is " + myValue): null

27-02-2025T17:33:55 - [TEST_STEP][PASSED] - if (myKey != "dummy"): null

27-02-2025T17:33:55 - [TEST_STEP][PASSED] - tObj = testObjectFolder + myValue: null

27-02-2025T17:33:55 - [TEST_STEP][PASSED] - click(tObj): null

27-02-2025T17:33:55 - [TEST_STEP][PASSED] - scrollToObject(object): null

27-02-2025T17:33:55 - [TEST_STEP][PASSED] - println("Converting " + object + " to web element"): null

27-02-2025T17:33:55 - [TEST_STEP][PASSED] - element = findWebElement(findTestObject(object), 1): null

27-02-2025T17:33:55 - [TEST_STEP][PASSED] - loc = element.getLocation(): null

27-02-2025T17:33:55 - [TEST_STEP][PASSED] - x = loc.getX(): null

27-02-2025T17:33:55 - [TEST_STEP][PASSED] - if (x >= 560): null

27-02-2025T17:33:55 - [TEST_STEP][PASSED] - y = loc.getY(): null

27-02-2025T17:33:55 - [TEST_STEP][PASSED] - println("Y location is " + y): null

27-02-2025T17:33:55 - [TEST_STEP][PASSED] - top = getViewportTopPosition(): Current viewport's top (y) position is 384

27-02-2025T17:33:55 - [MESSAGE][PASSED] - Current viewport's top (y) position is 384

27-02-2025T17:33:55 - [TEST_STEP][PASSED] - println("Viewport top is " + top): null

27-02-2025T17:33:55 - [TEST_STEP][PASSED] - bottom = top + 600: null

27-02-2025T17:33:55 - [TEST_STEP][PASSED] - if (y - top < 150 || bottom - y < 10): null

27-02-2025T17:33:55 - [TEST_STEP][PASSED] - click(findTestObject(object)): null

27-02-2025T17:33:55 - [MESSAGE][PASSED] - Object: 'Object Repository/Journey Candidate Profile/Tabs/Service-Comment/img_Vision Trip_field-tooltip' is clicked on

27-02-2025T17:33:55 - [TEST_STEP][PASSED] - delay(1): Delayed 1 second(s)

27-02-2025T17:33:56 - [MESSAGE][PASSED] - Delayed 1 second(s)

27-02-2025T17:33:56 - [TEST_STEP][PASSED] - myImage = tooltipImagePath + myKey + ".png": null

27-02-2025T17:33:56 - [TEST_STEP][PASSED] - f = new java.io.File(myImage): null

27-02-2025T17:33:56 - [TEST_STEP][PASSED] - if (f.exists()): null

27-02-2025T17:33:56 - [TEST_STEP][PASSED] - println("Looking for " + myImage): null

27-02-2025T17:33:56 - [TEST_STEP][PASSED] - icn = Pattern(myImage).similar(0.10): null

27-02-2025T17:33:56 - [TEST_STEP][PASSED] - found = s.exists(icn): null

27-02-2025T17:33:56 - [TEST_STEP][PASSED] - println(found): null

27-02-2025T17:33:56 - [TEST_STEP][PASSED] - if (found != null): null

27-02-2025T17:33:56 - [TEST_STEP][PASSED] - foundStr = found.toString(): null

27-02-2025T17:33:56 - [TEST_STEP][PASSED] - matchP = foundStr.indexOf("%"): null

27-02-2025T17:33:56 - [TEST_STEP][PASSED] - if (matchP >= 0): null

27-02-2025T17:33:56 - [TEST_STEP][PASSED] - println(matchP): null

27-02-2025T17:33:56 - [TEST_STEP][PASSED] - pct = foundStr.substring(matchP + 1, matchP + 6): null

27-02-2025T17:33:56 - [TEST_STEP][PASSED] - pctF = pct.toFloat(): null

27-02-2025T17:33:56 - [TEST_STEP][PASSED] - outText = "+++ Tooltip match value for " + myKey + " is " + pctF + "%": null

27-02-2025T17:33:56 - [TEST_STEP][PASSED] - min = 80: null

27-02-2025T17:33:56 - [TEST_STEP][PASSED] - if (pctF.toFloat() < min.toFloat()): null

27-02-2025T17:33:56 - [TEST_STEP][PASSED] - if (myKey != "dummy"): null

27-02-2025T17:33:56 - [TEST_STEP][PASSED] - println(outText): null

27-02-2025T17:33:56 - [TEST_STEP][PASSED] - outFile.append(outText + "
"): null

27-02-2025T17:33:56 - [TEST_STEP][PASSED] - myKey = key: null

27-02-2025T17:33:56 - [TEST_STEP][PASSED] - myValue = value: null

27-02-2025T17:33:56 - [TEST_STEP][PASSED] - println("myKey is " + myKey): null

27-02-2025T17:33:56 - [TEST_STEP][PASSED] - println("myValue is " + myValue): null

27-02-2025T17:33:56 - [TEST_STEP][PASSED] - if (myKey != "dummy"): null

27-02-2025T17:33:56 - [TEST_STEP][PASSED] - tObj = testObjectFolder + myValue: null

27-02-2025T17:33:56 - [TEST_STEP][PASSED] - click(tObj): null

27-02-2025T17:33:56 - [TEST_STEP][PASSED] - scrollToObject(object): null

27-02-2025T17:33:56 - [TEST_STEP][PASSED] - println("Converting " + object + " to web element"): null

27-02-2025T17:33:56 - [TEST_STEP][PASSED] - element = findWebElement(findTestObject(object), 1): null

27-02-2025T17:33:56 - [TEST_STEP][PASSED] - loc = element.getLocation(): null

27-02-2025T17:33:56 - [TEST_STEP][PASSED] - x = loc.getX(): null

27-02-2025T17:33:56 - [TEST_STEP][PASSED] - if (x >= 560): null

27-02-2025T17:33:56 - [TEST_STEP][PASSED] - y = loc.getY(): null

27-02-2025T17:33:56 - [TEST_STEP][PASSED] - println("Y location is " + y): null

27-02-2025T17:33:56 - [TEST_STEP][PASSED] - top = getViewportTopPosition(): Current viewport's top (y) position is 384

27-02-2025T17:33:56 - [MESSAGE][PASSED] - Current viewport's top (y) position is 384

27-02-2025T17:33:56 - [TEST_STEP][PASSED] - println("Viewport top is " + top): null

27-02-2025T17:33:56 - [TEST_STEP][PASSED] - bottom = top + 600: null

27-02-2025T17:33:56 - [TEST_STEP][PASSED] - if (y - top < 150 || bottom - y < 10): null

27-02-2025T17:33:56 - [TEST_STEP][PASSED] - click(findTestObject(object)): null

27-02-2025T17:33:56 - [MESSAGE][PASSED] - Object: 'Object Repository/Journey Candidate Profile/Tabs/Service-Comment/img_Awareness Trip_field-tooltip' is clicked on

27-02-2025T17:33:56 - [TEST_STEP][PASSED] - delay(1): Delayed 1 second(s)

27-02-2025T17:33:57 - [MESSAGE][PASSED] - Delayed 1 second(s)

27-02-2025T17:33:57 - [TEST_STEP][PASSED] - myImage = tooltipImagePath + myKey + ".png": null

27-02-2025T17:33:57 - [TEST_STEP][PASSED] - f = new java.io.File(myImage): null

27-02-2025T17:33:57 - [TEST_STEP][PASSED] - if (f.exists()): null

27-02-2025T17:33:57 - [TEST_STEP][PASSED] - println("Looking for " + myImage): null

27-02-2025T17:33:57 - [TEST_STEP][PASSED] - icn = Pattern(myImage).similar(0.10): null

27-02-2025T17:33:57 - [TEST_STEP][PASSED] - found = s.exists(icn): null

27-02-2025T17:33:57 - [TEST_STEP][PASSED] - println(found): null

27-02-2025T17:33:57 - [TEST_STEP][PASSED] - if (found != null): null

27-02-2025T17:33:57 - [TEST_STEP][PASSED] - foundStr = found.toString(): null

27-02-2025T17:33:57 - [TEST_STEP][PASSED] - matchP = foundStr.indexOf("%"): null

27-02-2025T17:33:57 - [TEST_STEP][PASSED] - if (matchP >= 0): null

27-02-2025T17:33:57 - [TEST_STEP][PASSED] - println(matchP): null

27-02-2025T17:33:57 - [TEST_STEP][PASSED] - pct = foundStr.substring(matchP + 1, matchP + 6): null

27-02-2025T17:33:57 - [TEST_STEP][PASSED] - pctF = pct.toFloat(): null

27-02-2025T17:33:57 - [TEST_STEP][PASSED] - outText = "+++ Tooltip match value for " + myKey + " is " + pctF + "%": null

27-02-2025T17:33:57 - [TEST_STEP][PASSED] - min = 80: null

27-02-2025T17:33:57 - [TEST_STEP][PASSED] - if (pctF.toFloat() < min.toFloat()): null

27-02-2025T17:33:57 - [TEST_STEP][PASSED] - if (myKey != "dummy"): null

27-02-2025T17:33:57 - [TEST_STEP][PASSED] - println(outText): null

27-02-2025T17:33:57 - [TEST_STEP][PASSED] - outFile.append(outText + "
"): null

27-02-2025T17:33:57 - [TEST_STEP][PASSED] - outText = "Verifying the tooltip text on the page is what was expected.
": null

27-02-2025T17:33:57 - [TEST_STEP][PASSED] - println(tooltipTextMap): null

27-02-2025T17:33:57 - [TEST_STEP][PASSED] - outFile.append(outText): null

27-02-2025T17:33:57 - [TEST_STEP][PASSED] - for (def it : tooltipText): null

27-02-2025T17:33:57 - [TEST_STEP][PASSED] - println(it): null

27-02-2025T17:33:57 - [TEST_STEP][PASSED] - myKey = key: null

27-02-2025T17:33:57 - [TEST_STEP][PASSED] - myText = value.replace(""", ""): null

27-02-2025T17:33:57 - [TEST_STEP][PASSED] - myText = myText.trim(): null

27-02-2025T17:33:57 - [TEST_STEP][PASSED] - println(myKey): null

27-02-2025T17:33:57 - [TEST_STEP][PASSED] - println(myText): null

27-02-2025T17:33:57 - [TEST_STEP][PASSED] - println(tooltipTextMap.get(myKey)): null

27-02-2025T17:33:57 - [TEST_STEP][PASSED] - actualText = get(myKey).replace(""", ""): null

27-02-2025T17:33:57 - [TEST_STEP][PASSED] - actualText = actualText.trim(): null

27-02-2025T17:33:57 - [TEST_STEP][PASSED] - println(myKey + ":" + actualText): null

27-02-2025T17:33:57 - [TEST_STEP][PASSED] - if (actualText != myText): null

27-02-2025T17:33:57 - [TEST_STEP][PASSED] - println(it): null

27-02-2025T17:33:57 - [TEST_STEP][PASSED] - myKey = key: null

27-02-2025T17:33:57 - [TEST_STEP][PASSED] - myText = value.replace(""", ""): null

27-02-2025T17:33:57 - [TEST_STEP][PASSED] - myText = myText.trim(): null

27-02-2025T17:33:57 - [TEST_STEP][PASSED] - println(myKey): null

27-02-2025T17:33:57 - [TEST_STEP][PASSED] - println(myText): null

27-02-2025T17:33:57 - [TEST_STEP][PASSED] - println(tooltipTextMap.get(myKey)): null

27-02-2025T17:33:57 - [TEST_STEP][PASSED] - actualText = get(myKey).replace(""", ""): null

27-02-2025T17:33:57 - [TEST_STEP][PASSED] - actualText = actualText.trim(): null

27-02-2025T17:33:57 - [TEST_STEP][PASSED] - println(myKey + ":" + actualText): null

27-02-2025T17:33:57 - [TEST_STEP][PASSED] - if (actualText != myText): null

27-02-2025T17:33:57 - [TEST_STEP][PASSED] - println(it): null

27-02-2025T17:33:57 - [TEST_STEP][PASSED] - myKey = key: null

27-02-2025T17:33:57 - [TEST_STEP][PASSED] - myText = value.replace(""", ""): null

27-02-2025T17:33:57 - [TEST_STEP][PASSED] - myText = myText.trim(): null

27-02-2025T17:33:57 - [TEST_STEP][PASSED] - println(myKey): null

27-02-2025T17:33:57 - [TEST_STEP][PASSED] - println(myText): null

27-02-2025T17:33:57 - [TEST_STEP][PASSED] - println(tooltipTextMap.get(myKey)): null

27-02-2025T17:33:57 - [TEST_STEP][PASSED] - actualText = get(myKey).replace(""", ""): null

27-02-2025T17:33:57 - [TEST_STEP][PASSED] - actualText = actualText.trim(): null

27-02-2025T17:33:57 - [TEST_STEP][PASSED] - println(myKey + ":" + actualText): null

27-02-2025T17:33:57 - [TEST_STEP][PASSED] - if (actualText != myText): null

27-02-2025T17:33:57 - [TEST_STEP][PASSED] - println(it): null

27-02-2025T17:33:57 - [TEST_STEP][PASSED] - myKey = key: null

27-02-2025T17:33:57 - [TEST_STEP][PASSED] - myText = value.replace(""", ""): null

27-02-2025T17:33:57 - [TEST_STEP][PASSED] - myText = myText.trim(): null

27-02-2025T17:33:57 - [TEST_STEP][PASSED] - println(myKey): null

27-02-2025T17:33:57 - [TEST_STEP][PASSED] - println(myText): null

27-02-2025T17:33:57 - [TEST_STEP][PASSED] - println(tooltipTextMap.get(myKey)): null

27-02-2025T17:33:57 - [TEST_STEP][PASSED] - actualText = get(myKey).replace(""", ""): null

27-02-2025T17:33:57 - [TEST_STEP][PASSED] - actualText = actualText.trim(): null

27-02-2025T17:33:57 - [TEST_STEP][PASSED] - println(myKey + ":" + actualText): null

27-02-2025T17:33:57 - [TEST_STEP][PASSED] - if (actualText != myText): null

27-02-2025T17:33:57 - [MESSAGE][PASSED] - Call Test Case 'Test Cases/_Functions/Test Tooltips' successfully

27-02-2025T17:33:57 - [TEST_STEP][PASSED] - outText = "Verifying the required field messages.
": null

27-02-2025T17:33:57 - [TEST_STEP][PASSED] - outFile.append(outText): null

27-02-2025T17:33:57 - [TEST_STEP][PASSED] - fieldList = []: null

27-02-2025T17:33:57 - [TEST_STEP][PASSED] - requiredFieldMsgs.each({ -> ... }): null

27-02-2025T17:33:57 - [TEST_STEP][PASSED] - callTestCase(findTestCase("_Functions/Test Field Error Messages"), ["varFieldList":fieldList, "varRequiredFieldMsgs":requiredFieldMsgs], STOP_ON_FAILURE): Call Test Case 'Test Cases/_Functions/Test Field Error Messages' successfully

27-02-2025T17:33:57 - [TEST_CASE][PASSED] - Test Cases/_Functions/Test Field Error Messages: Test Cases/_Functions/Test Field Error Messages

27-02-2025T17:33:57 - [TEST_STEP][PASSED] - count = callTestCase(findTestCase("_Functions/Find error messages"), ["varFunction":"count"], STOP_ON_FAILURE): Call Test Case 'Test Cases/_Functions/Find error messages' successfully

27-02-2025T17:33:57 - [TEST_CASE][PASSED] - Test Cases/_Functions/Find error messages: Test Cases/_Functions/Find error messages

27-02-2025T17:33:57 - [TEST_STEP][PASSED] - function = "count": null

27-02-2025T17:33:57 - [TEST_STEP][PASSED] - if (binding.hasVariable("varFunction")): null

27-02-2025T17:33:57 - [TEST_STEP][PASSED] - function = varFunction: null

27-02-2025T17:33:57 - [TEST_STEP][PASSED] - title = getWindowTitle(): Current window's title is: 'Journey'

27-02-2025T17:33:57 - [MESSAGE][PASSED] - Current window's title is: 'Journey'

27-02-2025T17:33:57 - [TEST_STEP][PASSED] - println("Page title is " + title): null

27-02-2025T17:33:57 - [TEST_STEP][PASSED] - driver = getWebDriver(): null

27-02-2025T17:33:57 - [TEST_STEP][PASSED] - elements = driver.findElements(By.xpath("//div[@class='col-sm-offset-3 col-sm-9 text-danger']")): null

27-02-2025T17:33:57 - [TEST_STEP][PASSED] - if (function == "count"): null

27-02-2025T17:33:57 - [TEST_STEP][PASSED] - return elements.size(): null

27-02-2025T17:33:57 - [MESSAGE][PASSED] - Call Test Case 'Test Cases/_Functions/Find error messages' successfully

27-02-2025T17:33:57 - [TEST_STEP][PASSED] - outFile = outFile: null

27-02-2025T17:33:57 - [TEST_STEP][PASSED] - if (count == 0): null

27-02-2025T17:33:57 - [TEST_STEP][PASSED] - else: Delayed 0 second(s)

27-02-2025T17:33:57 - [TEST_STEP][PASSED] - fieldList = varFieldList: null

27-02-2025T17:33:57 - [TEST_STEP][PASSED] - requiredFieldMsgs = varRequiredFieldMsgs: null

27-02-2025T17:33:57 - [TEST_STEP][PASSED] - outText = "Verifying error messages for fields " + fieldList: null

27-02-2025T17:33:57 - [TEST_STEP][PASSED] - for (def field : fieldList): null

27-02-2025T17:33:57 - [TEST_STEP][PASSED] - errorMsg = requiredFieldMsgs.get(field): null

27-02-2025T17:33:57 - [TEST_STEP][PASSED] - msg = verifyTextPresent(errorMsg, false, OPTIONAL): Text 'The region preferences field is required.' is present on page 

27-02-2025T17:33:57 - [MESSAGE][PASSED] - Text 'The region preferences field is required.' is present on page 

27-02-2025T17:33:57 - [TEST_STEP][PASSED] - println(field + ":" + msg): null

27-02-2025T17:33:57 - [TEST_STEP][PASSED] - if (!(msg)): null

27-02-2025T17:33:57 - [TEST_STEP][PASSED] - errorMsg = requiredFieldMsgs.get(field): null

27-02-2025T17:33:57 - [TEST_STEP][PASSED] - msg = verifyTextPresent(errorMsg, false, OPTIONAL): Text 'The languages field is required.' is present on page 

27-02-2025T17:33:57 - [MESSAGE][PASSED] - Text 'The languages field is required.' is present on page 

27-02-2025T17:33:57 - [TEST_STEP][PASSED] - println(field + ":" + msg): null

27-02-2025T17:33:57 - [TEST_STEP][PASSED] - if (!(msg)): null

27-02-2025T17:33:57 - [TEST_STEP][PASSED] - delay(fieldTestDelay): Delayed 0 second(s)

27-02-2025T17:33:57 - [MESSAGE][PASSED] - Delayed 0 second(s)

27-02-2025T17:33:57 - [MESSAGE][PASSED] - Call Test Case 'Test Cases/_Functions/Test Field Error Messages' successfully

27-02-2025T17:33:57 - [TEST_STEP][PASSED] - callTestCase(findTestCase("_Functions/Click on Group Elements"), ["varXpaths":xpaths, "varParms":parms], STOP_ON_FAILURE): Call Test Case 'Test Cases/_Functions/Click on Group Elements' successfully

27-02-2025T17:33:57 - [TEST_CASE][PASSED] - Test Cases/_Functions/Click on Group Elements: Test Cases/_Functions/Click on Group Elements

27-02-2025T17:33:57 - [TEST_STEP][PASSED] - debug = false: null

27-02-2025T17:33:57 - [TEST_STEP][PASSED] - toggle = true: null

27-02-2025T17:33:57 - [TEST_STEP][PASSED] - frame = new javax.swing.JFrame(): null

27-02-2025T17:33:57 - [TEST_STEP][PASSED] - p = new javax.swing.JPanel(): null

27-02-2025T17:33:57 - [TEST_STEP][PASSED] - l = new javax.swing.JLabel(Making user selections..., javax.swing.SwingConstants.CENTER): null

27-02-2025T17:33:57 - [TEST_STEP][PASSED] - frame.add(l): null

27-02-2025T17:33:57 - [TEST_STEP][PASSED] - frame.setSize(300, 100): null

27-02-2025T17:33:57 - [TEST_STEP][PASSED] - frame.setLocation(600, 0): null

27-02-2025T17:33:57 - [TEST_STEP][PASSED] - frame.setAlwaysOnTop(true): null

27-02-2025T17:33:57 - [TEST_STEP][PASSED] - frame.show(): null

27-02-2025T17:33:57 - [TEST_STEP][PASSED] - driver = getWebDriver(): null

27-02-2025T17:33:57 - [TEST_STEP][PASSED] - println(varParms): null

27-02-2025T17:33:57 - [TEST_STEP][PASSED] - for ([i = 0, i < varXpaths.size(), (i++)]): null

27-02-2025T17:33:57 - [TEST_STEP][PASSED] - if (debug): null

27-02-2025T17:33:57 - [TEST_STEP][PASSED] - if (varParms[i].indexOf("Europe") >= 0): null

27-02-2025T17:33:57 - [TEST_STEP][PASSED] - elements = driver.findElements(By.xpath(varXpaths[i])): null

27-02-2025T17:33:57 - [TEST_STEP][PASSED] - element_count = elements.size(): null

27-02-2025T17:33:57 - [TEST_STEP][PASSED] - for (def element : elements): null

27-02-2025T17:33:57 - [TEST_STEP][PASSED] - myValue = element.getAttribute("value"): null

27-02-2025T17:33:57 - [TEST_STEP][PASSED] - if (debug): null

27-02-2025T17:33:57 - [TEST_STEP][PASSED] - if (myValue.length() >= 4): null

27-02-2025T17:33:57 - [TEST_STEP][PASSED] - if (myValue.substring(0, 4) == "(!) "): null

27-02-2025T17:33:57 - [TEST_STEP][PASSED] - myType = element.getAttribute("type"): null

27-02-2025T17:33:57 - [TEST_STEP][PASSED] - if (myValue in varParms[i]): null

27-02-2025T17:33:57 - [TEST_STEP][PASSED] - else: null

27-02-2025T17:33:57 - [TEST_STEP][PASSED] - inList = false: null

27-02-2025T17:33:57 - [TEST_STEP][PASSED] - if (myType == "checkbox"): null

27-02-2025T17:33:57 - [TEST_STEP][PASSED] - myStatus = element.isSelected(): null

27-02-2025T17:33:57 - [TEST_STEP][PASSED] - if (debug): null

27-02-2025T17:33:57 - [TEST_STEP][PASSED] - if (toggle && myStatus && inList): null

27-02-2025T17:33:57 - [TEST_STEP][PASSED] - if (!(myStatus) && inList || myStatus && !(inList)): null

27-02-2025T17:33:57 - [TEST_STEP][PASSED] - myValue = element.getAttribute("value"): null

27-02-2025T17:33:57 - [TEST_STEP][PASSED] - if (debug): null

27-02-2025T17:33:57 - [TEST_STEP][PASSED] - if (myValue.length() >= 4): null

27-02-2025T17:33:57 - [TEST_STEP][PASSED] - if (myValue.substring(0, 4) == "(!) "): null

27-02-2025T17:33:57 - [TEST_STEP][PASSED] - myType = element.getAttribute("type"): null

27-02-2025T17:33:57 - [TEST_STEP][PASSED] - if (myValue in varParms[i]): null

27-02-2025T17:33:57 - [TEST_STEP][PASSED] - else: null

27-02-2025T17:33:57 - [TEST_STEP][PASSED] - inList = false: null

27-02-2025T17:33:57 - [TEST_STEP][PASSED] - if (myType == "checkbox"): null

27-02-2025T17:33:57 - [TEST_STEP][PASSED] - myStatus = element.isSelected(): null

27-02-2025T17:33:57 - [TEST_STEP][PASSED] - if (debug): null

27-02-2025T17:33:57 - [TEST_STEP][PASSED] - if (toggle && myStatus && inList): null

27-02-2025T17:33:57 - [TEST_STEP][PASSED] - if (!(myStatus) && inList || myStatus && !(inList)): null

27-02-2025T17:33:57 - [TEST_STEP][PASSED] - myValue = element.getAttribute("value"): null

27-02-2025T17:33:57 - [TEST_STEP][PASSED] - if (debug): null

27-02-2025T17:33:57 - [TEST_STEP][PASSED] - if (myValue.length() >= 4): null

27-02-2025T17:33:57 - [TEST_STEP][PASSED] - if (myValue.substring(0, 4) == "(!) "): null

27-02-2025T17:33:57 - [TEST_STEP][PASSED] - myType = element.getAttribute("type"): null

27-02-2025T17:33:57 - [TEST_STEP][PASSED] - if (myValue in varParms[i]): null

27-02-2025T17:33:57 - [TEST_STEP][PASSED] - else: null

27-02-2025T17:33:57 - [TEST_STEP][PASSED] - inList = false: null

27-02-2025T17:33:57 - [TEST_STEP][PASSED] - if (myType == "checkbox"): null

27-02-2025T17:33:57 - [TEST_STEP][PASSED] - myStatus = element.isSelected(): null

27-02-2025T17:33:57 - [TEST_STEP][PASSED] - if (debug): null

27-02-2025T17:33:57 - [TEST_STEP][PASSED] - if (toggle && myStatus && inList): null

27-02-2025T17:33:57 - [TEST_STEP][PASSED] - if (!(myStatus) && inList || myStatus && !(inList)): null

27-02-2025T17:33:57 - [TEST_STEP][PASSED] - myValue = element.getAttribute("value"): null

27-02-2025T17:33:57 - [TEST_STEP][PASSED] - if (debug): null

27-02-2025T17:33:57 - [TEST_STEP][PASSED] - if (myValue.length() >= 4): null

27-02-2025T17:33:57 - [TEST_STEP][PASSED] - if (myValue.substring(0, 4) == "(!) "): null

27-02-2025T17:33:57 - [TEST_STEP][PASSED] - myType = element.getAttribute("type"): null

27-02-2025T17:33:57 - [TEST_STEP][PASSED] - if (myValue in varParms[i]): null

27-02-2025T17:33:57 - [TEST_STEP][PASSED] - else: null

27-02-2025T17:33:57 - [TEST_STEP][PASSED] - inList = false: null

27-02-2025T17:33:57 - [TEST_STEP][PASSED] - if (myType == "checkbox"): null

27-02-2025T17:33:57 - [TEST_STEP][PASSED] - myStatus = element.isSelected(): null

27-02-2025T17:33:57 - [TEST_STEP][PASSED] - if (debug): null

27-02-2025T17:33:57 - [TEST_STEP][PASSED] - if (toggle && myStatus && inList): null

27-02-2025T17:33:57 - [TEST_STEP][PASSED] - if (!(myStatus) && inList || myStatus && !(inList)): null

27-02-2025T17:33:57 - [TEST_STEP][PASSED] - myValue = element.getAttribute("value"): null

27-02-2025T17:33:57 - [TEST_STEP][PASSED] - if (debug): null

27-02-2025T17:33:57 - [TEST_STEP][PASSED] - if (myValue.length() >= 4): null

27-02-2025T17:33:57 - [TEST_STEP][PASSED] - if (myValue.substring(0, 4) == "(!) "): null

27-02-2025T17:33:57 - [TEST_STEP][PASSED] - myType = element.getAttribute("type"): null

27-02-2025T17:33:57 - [TEST_STEP][PASSED] - if (myValue in varParms[i]): null

27-02-2025T17:33:57 - [TEST_STEP][PASSED] - else: null

27-02-2025T17:33:57 - [TEST_STEP][PASSED] - inList = false: null

27-02-2025T17:33:57 - [TEST_STEP][PASSED] - if (myType == "checkbox"): null

27-02-2025T17:33:57 - [TEST_STEP][PASSED] - myStatus = element.isSelected(): null

27-02-2025T17:33:57 - [TEST_STEP][PASSED] - if (debug): null

27-02-2025T17:33:57 - [TEST_STEP][PASSED] - if (toggle && myStatus && inList): null

27-02-2025T17:33:57 - [TEST_STEP][PASSED] - if (!(myStatus) && inList || myStatus && !(inList)): null

27-02-2025T17:33:57 - [TEST_STEP][PASSED] - myValue = element.getAttribute("value"): null

27-02-2025T17:33:57 - [TEST_STEP][PASSED] - if (debug): null

27-02-2025T17:33:57 - [TEST_STEP][PASSED] - if (myValue.length() >= 4): null

27-02-2025T17:33:57 - [TEST_STEP][PASSED] - if (myValue.substring(0, 4) == "(!) "): null

27-02-2025T17:33:57 - [TEST_STEP][PASSED] - myType = element.getAttribute("type"): null

27-02-2025T17:33:57 - [TEST_STEP][PASSED] - if (myValue in varParms[i]): null

27-02-2025T17:33:57 - [TEST_STEP][PASSED] - else: null

27-02-2025T17:33:57 - [TEST_STEP][PASSED] - inList = false: null

27-02-2025T17:33:57 - [TEST_STEP][PASSED] - if (myType == "checkbox"): null

27-02-2025T17:33:57 - [TEST_STEP][PASSED] - myStatus = element.isSelected(): null

27-02-2025T17:33:57 - [TEST_STEP][PASSED] - if (debug): null

27-02-2025T17:33:57 - [TEST_STEP][PASSED] - if (toggle && myStatus && inList): null

27-02-2025T17:33:57 - [TEST_STEP][PASSED] - if (!(myStatus) && inList || myStatus && !(inList)): null

27-02-2025T17:33:57 - [TEST_STEP][PASSED] - myValue = element.getAttribute("value"): null

27-02-2025T17:33:57 - [TEST_STEP][PASSED] - if (debug): null

27-02-2025T17:33:57 - [TEST_STEP][PASSED] - if (myValue.length() >= 4): null

27-02-2025T17:33:57 - [TEST_STEP][PASSED] - if (myValue.substring(0, 4) == "(!) "): null

27-02-2025T17:33:57 - [TEST_STEP][PASSED] - myType = element.getAttribute("type"): null

27-02-2025T17:33:57 - [TEST_STEP][PASSED] - if (myValue in varParms[i]): null

27-02-2025T17:33:57 - [TEST_STEP][PASSED] - inList = true: null

27-02-2025T17:33:57 - [TEST_STEP][PASSED] - if (myType == "checkbox"): null

27-02-2025T17:33:57 - [TEST_STEP][PASSED] - myStatus = element.isSelected(): null

27-02-2025T17:33:57 - [TEST_STEP][PASSED] - if (debug): null

27-02-2025T17:33:57 - [TEST_STEP][PASSED] - if (toggle && myStatus && inList): null

27-02-2025T17:33:57 - [TEST_STEP][PASSED] - if (!(myStatus) && inList || myStatus && !(inList)): null

27-02-2025T17:33:57 - [TEST_STEP][PASSED] - if (debug): null

27-02-2025T17:33:57 - [TEST_STEP][PASSED] - println("Clicking " + myValue): null

27-02-2025T17:33:57 - [TEST_STEP][PASSED] - click(element): null

27-02-2025T17:33:57 - [TEST_STEP][PASSED] - scrollToObject(elem): null

27-02-2025T17:33:57 - [TEST_STEP][PASSED] - loc = element.getLocation(): null

27-02-2025T17:33:57 - [TEST_STEP][PASSED] - if (debug): null

27-02-2025T17:33:57 - [TEST_STEP][PASSED] - y = loc.getY(): null

27-02-2025T17:33:57 - [TEST_STEP][PASSED] - println("Y location is " + y): null

27-02-2025T17:33:57 - [TEST_STEP][PASSED] - top = getViewportTopPosition(): Current viewport's top (y) position is 384

27-02-2025T17:33:57 - [MESSAGE][PASSED] - Current viewport's top (y) position is 384

27-02-2025T17:33:57 - [TEST_STEP][PASSED] - println("Viewport top is " + top): null

27-02-2025T17:33:57 - [TEST_STEP][PASSED] - bottom = top + 600: null

27-02-2025T17:33:57 - [TEST_STEP][PASSED] - if (y - top < 150 || bottom - y < 10): Delayed 1 second(s)

27-02-2025T17:33:57 - [TEST_STEP][PASSED] - scrollToPosition(0, y - 150): Browser is scrolled to position x = 0, y = 307

27-02-2025T17:33:57 - [MESSAGE][PASSED] - Browser is scrolled to position x = 0, y = 307

27-02-2025T17:33:57 - [TEST_STEP][PASSED] - delay(1): Delayed 1 second(s)

27-02-2025T17:33:58 - [MESSAGE][PASSED] - Delayed 1 second(s)

27-02-2025T17:33:58 - [TEST_STEP][PASSED] - elem.click(): null

27-02-2025T17:33:58 - [TEST_STEP][PASSED] - myValue = element.getAttribute("value"): null

27-02-2025T17:33:58 - [TEST_STEP][PASSED] - if (debug): null

27-02-2025T17:33:58 - [TEST_STEP][PASSED] - if (myValue.length() >= 4): null

27-02-2025T17:33:58 - [TEST_STEP][PASSED] - if (myValue.substring(0, 4) == "(!) "): null

27-02-2025T17:33:58 - [TEST_STEP][PASSED] - myType = element.getAttribute("type"): null

27-02-2025T17:33:58 - [TEST_STEP][PASSED] - if (myValue in varParms[i]): null

27-02-2025T17:33:58 - [TEST_STEP][PASSED] - inList = true: null

27-02-2025T17:33:58 - [TEST_STEP][PASSED] - if (myType == "checkbox"): null

27-02-2025T17:33:58 - [TEST_STEP][PASSED] - myStatus = element.isSelected(): null

27-02-2025T17:33:58 - [TEST_STEP][PASSED] - if (debug): null

27-02-2025T17:33:58 - [TEST_STEP][PASSED] - if (toggle && myStatus && inList): null

27-02-2025T17:33:58 - [TEST_STEP][PASSED] - if (!(myStatus) && inList || myStatus && !(inList)): null

27-02-2025T17:33:58 - [TEST_STEP][PASSED] - if (debug): null

27-02-2025T17:33:58 - [TEST_STEP][PASSED] - println("Clicking " + myValue): null

27-02-2025T17:33:58 - [TEST_STEP][PASSED] - click(element): null

27-02-2025T17:33:58 - [TEST_STEP][PASSED] - scrollToObject(elem): null

27-02-2025T17:33:58 - [TEST_STEP][PASSED] - loc = element.getLocation(): null

27-02-2025T17:33:58 - [TEST_STEP][PASSED] - if (debug): null

27-02-2025T17:33:58 - [TEST_STEP][PASSED] - y = loc.getY(): null

27-02-2025T17:33:58 - [TEST_STEP][PASSED] - println("Y location is " + y): null

27-02-2025T17:33:58 - [TEST_STEP][PASSED] - top = getViewportTopPosition(): Current viewport's top (y) position is 307

27-02-2025T17:33:58 - [MESSAGE][PASSED] - Current viewport's top (y) position is 307

27-02-2025T17:33:58 - [TEST_STEP][PASSED] - println("Viewport top is " + top): null

27-02-2025T17:33:58 - [TEST_STEP][PASSED] - bottom = top + 600: null

27-02-2025T17:33:58 - [TEST_STEP][PASSED] - if (y - top < 150 || bottom - y < 10): null

27-02-2025T17:33:58 - [TEST_STEP][PASSED] - elem.click(): null

27-02-2025T17:33:59 - [TEST_STEP][PASSED] - myValue = element.getAttribute("value"): null

27-02-2025T17:33:59 - [TEST_STEP][PASSED] - if (debug): null

27-02-2025T17:33:59 - [TEST_STEP][PASSED] - if (myValue.length() >= 4): null

27-02-2025T17:33:59 - [TEST_STEP][PASSED] - if (myValue.substring(0, 4) == "(!) "): null

27-02-2025T17:33:59 - [TEST_STEP][PASSED] - myType = element.getAttribute("type"): null

27-02-2025T17:33:59 - [TEST_STEP][PASSED] - if (myValue in varParms[i]): null

27-02-2025T17:33:59 - [TEST_STEP][PASSED] - else: null

27-02-2025T17:33:59 - [TEST_STEP][PASSED] - inList = false: null

27-02-2025T17:33:59 - [TEST_STEP][PASSED] - if (myType == "checkbox"): null

27-02-2025T17:33:59 - [TEST_STEP][PASSED] - myStatus = element.isSelected(): null

27-02-2025T17:33:59 - [TEST_STEP][PASSED] - if (debug): null

27-02-2025T17:33:59 - [TEST_STEP][PASSED] - if (toggle && myStatus && inList): null

27-02-2025T17:33:59 - [TEST_STEP][PASSED] - if (!(myStatus) && inList || myStatus && !(inList)): null

27-02-2025T17:33:59 - [TEST_STEP][PASSED] - myValue = element.getAttribute("value"): null

27-02-2025T17:33:59 - [TEST_STEP][PASSED] - if (debug): null

27-02-2025T17:33:59 - [TEST_STEP][PASSED] - if (myValue.length() >= 4): null

27-02-2025T17:33:59 - [TEST_STEP][PASSED] - if (myValue.substring(0, 4) == "(!) "): null

27-02-2025T17:33:59 - [TEST_STEP][PASSED] - myType = element.getAttribute("type"): null

27-02-2025T17:33:59 - [TEST_STEP][PASSED] - if (myValue in varParms[i]): null

27-02-2025T17:33:59 - [TEST_STEP][PASSED] - inList = true: null

27-02-2025T17:33:59 - [TEST_STEP][PASSED] - if (myType == "checkbox"): null

27-02-2025T17:33:59 - [TEST_STEP][PASSED] - myStatus = element.isSelected(): null

27-02-2025T17:33:59 - [TEST_STEP][PASSED] - if (debug): null

27-02-2025T17:33:59 - [TEST_STEP][PASSED] - if (toggle && myStatus && inList): null

27-02-2025T17:33:59 - [TEST_STEP][PASSED] - if (!(myStatus) && inList || myStatus && !(inList)): null

27-02-2025T17:33:59 - [TEST_STEP][PASSED] - if (debug): null

27-02-2025T17:33:59 - [TEST_STEP][PASSED] - println("Clicking " + myValue): null

27-02-2025T17:33:59 - [TEST_STEP][PASSED] - click(element): null

27-02-2025T17:33:59 - [TEST_STEP][PASSED] - scrollToObject(elem): null

27-02-2025T17:33:59 - [TEST_STEP][PASSED] - loc = element.getLocation(): null

27-02-2025T17:33:59 - [TEST_STEP][PASSED] - if (debug): null

27-02-2025T17:33:59 - [TEST_STEP][PASSED] - y = loc.getY(): null

27-02-2025T17:33:59 - [TEST_STEP][PASSED] - println("Y location is " + y): null

27-02-2025T17:33:59 - [TEST_STEP][PASSED] - top = getViewportTopPosition(): Current viewport's top (y) position is 307

27-02-2025T17:33:59 - [MESSAGE][PASSED] - Current viewport's top (y) position is 307

27-02-2025T17:33:59 - [TEST_STEP][PASSED] - println("Viewport top is " + top): null

27-02-2025T17:33:59 - [TEST_STEP][PASSED] - bottom = top + 600: null

27-02-2025T17:33:59 - [TEST_STEP][PASSED] - if (y - top < 150 || bottom - y < 10): null

27-02-2025T17:33:59 - [TEST_STEP][PASSED] - elem.click(): null

27-02-2025T17:33:59 - [TEST_STEP][PASSED] - myValue = element.getAttribute("value"): null

27-02-2025T17:33:59 - [TEST_STEP][PASSED] - if (debug): null

27-02-2025T17:33:59 - [TEST_STEP][PASSED] - if (myValue.length() >= 4): null

27-02-2025T17:33:59 - [TEST_STEP][PASSED] - if (myValue.substring(0, 4) == "(!) "): null

27-02-2025T17:33:59 - [TEST_STEP][PASSED] - myType = element.getAttribute("type"): null

27-02-2025T17:33:59 - [TEST_STEP][PASSED] - if (myValue in varParms[i]): null

27-02-2025T17:33:59 - [TEST_STEP][PASSED] - else: null

27-02-2025T17:33:59 - [TEST_STEP][PASSED] - inList = false: null

27-02-2025T17:33:59 - [TEST_STEP][PASSED] - if (myType == "checkbox"): null

27-02-2025T17:33:59 - [TEST_STEP][PASSED] - myStatus = element.isSelected(): null

27-02-2025T17:33:59 - [TEST_STEP][PASSED] - if (debug): null

27-02-2025T17:33:59 - [TEST_STEP][PASSED] - if (toggle && myStatus && inList): null

27-02-2025T17:33:59 - [TEST_STEP][PASSED] - if (!(myStatus) && inList || myStatus && !(inList)): null

27-02-2025T17:33:59 - [TEST_STEP][PASSED] - myValue = element.getAttribute("value"): null

27-02-2025T17:33:59 - [TEST_STEP][PASSED] - if (debug): null

27-02-2025T17:33:59 - [TEST_STEP][PASSED] - if (myValue.length() >= 4): null

27-02-2025T17:33:59 - [TEST_STEP][PASSED] - if (myValue.substring(0, 4) == "(!) "): null

27-02-2025T17:33:59 - [TEST_STEP][PASSED] - myType = element.getAttribute("type"): null

27-02-2025T17:33:59 - [TEST_STEP][PASSED] - if (myValue in varParms[i]): null

27-02-2025T17:33:59 - [TEST_STEP][PASSED] - inList = true: null

27-02-2025T17:33:59 - [TEST_STEP][PASSED] - if (myType == "checkbox"): null

27-02-2025T17:33:59 - [TEST_STEP][PASSED] - myStatus = element.isSelected(): null

27-02-2025T17:33:59 - [TEST_STEP][PASSED] - if (debug): null

27-02-2025T17:33:59 - [TEST_STEP][PASSED] - if (toggle && myStatus && inList): null

27-02-2025T17:33:59 - [TEST_STEP][PASSED] - if (!(myStatus) && inList || myStatus && !(inList)): null

27-02-2025T17:33:59 - [TEST_STEP][PASSED] - if (debug): null

27-02-2025T17:33:59 - [TEST_STEP][PASSED] - println("Clicking " + myValue): null

27-02-2025T17:33:59 - [TEST_STEP][PASSED] - click(element): null

27-02-2025T17:33:59 - [TEST_STEP][PASSED] - scrollToObject(elem): null

27-02-2025T17:33:59 - [TEST_STEP][PASSED] - loc = element.getLocation(): null

27-02-2025T17:33:59 - [TEST_STEP][PASSED] - if (debug): null

27-02-2025T17:33:59 - [TEST_STEP][PASSED] - y = loc.getY(): null

27-02-2025T17:33:59 - [TEST_STEP][PASSED] - println("Y location is " + y): null

27-02-2025T17:33:59 - [TEST_STEP][PASSED] - top = getViewportTopPosition(): Current viewport's top (y) position is 307

27-02-2025T17:33:59 - [MESSAGE][PASSED] - Current viewport's top (y) position is 307

27-02-2025T17:33:59 - [TEST_STEP][PASSED] - println("Viewport top is " + top): null

27-02-2025T17:33:59 - [TEST_STEP][PASSED] - bottom = top + 600: null

27-02-2025T17:33:59 - [TEST_STEP][PASSED] - if (y - top < 150 || bottom - y < 10): null

27-02-2025T17:33:59 - [TEST_STEP][PASSED] - elem.click(): null

27-02-2025T17:33:59 - [TEST_STEP][PASSED] - myValue = element.getAttribute("value"): null

27-02-2025T17:33:59 - [TEST_STEP][PASSED] - if (debug): null

27-02-2025T17:33:59 - [TEST_STEP][PASSED] - if (myValue.length() >= 4): null

27-02-2025T17:33:59 - [TEST_STEP][PASSED] - if (myValue.substring(0, 4) == "(!) "): null

27-02-2025T17:33:59 - [TEST_STEP][PASSED] - myType = element.getAttribute("type"): null

27-02-2025T17:33:59 - [TEST_STEP][PASSED] - if (myValue in varParms[i]): null

27-02-2025T17:33:59 - [TEST_STEP][PASSED] - else: null

27-02-2025T17:33:59 - [TEST_STEP][PASSED] - inList = false: null

27-02-2025T17:33:59 - [TEST_STEP][PASSED] - if (myType == "checkbox"): null

27-02-2025T17:33:59 - [TEST_STEP][PASSED] - myStatus = element.isSelected(): null

27-02-2025T17:33:59 - [TEST_STEP][PASSED] - if (debug): null

27-02-2025T17:33:59 - [TEST_STEP][PASSED] - if (toggle && myStatus && inList): null

27-02-2025T17:33:59 - [TEST_STEP][PASSED] - if (!(myStatus) && inList || myStatus && !(inList)): null

27-02-2025T17:33:59 - [TEST_STEP][PASSED] - myValue = element.getAttribute("value"): null

27-02-2025T17:33:59 - [TEST_STEP][PASSED] - if (debug): null

27-02-2025T17:33:59 - [TEST_STEP][PASSED] - if (myValue.length() >= 4): null

27-02-2025T17:33:59 - [TEST_STEP][PASSED] - if (myValue.substring(0, 4) == "(!) "): null

27-02-2025T17:33:59 - [TEST_STEP][PASSED] - myType = element.getAttribute("type"): null

27-02-2025T17:33:59 - [TEST_STEP][PASSED] - if (myValue in varParms[i]): null

27-02-2025T17:33:59 - [TEST_STEP][PASSED] - else: null

27-02-2025T17:33:59 - [TEST_STEP][PASSED] - inList = false: null

27-02-2025T17:33:59 - [TEST_STEP][PASSED] - if (myType == "checkbox"): null

27-02-2025T17:33:59 - [TEST_STEP][PASSED] - myStatus = element.isSelected(): null

27-02-2025T17:33:59 - [TEST_STEP][PASSED] - if (debug): null

27-02-2025T17:33:59 - [TEST_STEP][PASSED] - if (toggle && myStatus && inList): null

27-02-2025T17:33:59 - [TEST_STEP][PASSED] - if (!(myStatus) && inList || myStatus && !(inList)): null

27-02-2025T17:33:59 - [TEST_STEP][PASSED] - myValue = element.getAttribute("value"): null

27-02-2025T17:33:59 - [TEST_STEP][PASSED] - if (debug): null

27-02-2025T17:33:59 - [TEST_STEP][PASSED] - if (myValue.length() >= 4): null

27-02-2025T17:33:59 - [TEST_STEP][PASSED] - if (myValue.substring(0, 4) == "(!) "): null

27-02-2025T17:33:59 - [TEST_STEP][PASSED] - myValue = myValue.substring(4): null

27-02-2025T17:33:59 - [TEST_STEP][PASSED] - if (debug): null

27-02-2025T17:33:59 - [TEST_STEP][PASSED] - myType = element.getAttribute("type"): null

27-02-2025T17:33:59 - [TEST_STEP][PASSED] - if (myValue in varParms[i]): null

27-02-2025T17:33:59 - [TEST_STEP][PASSED] - else: null

27-02-2025T17:33:59 - [TEST_STEP][PASSED] - inList = false: null

27-02-2025T17:33:59 - [TEST_STEP][PASSED] - if (myType == "checkbox"): null

27-02-2025T17:33:59 - [TEST_STEP][PASSED] - myStatus = element.isSelected(): null

27-02-2025T17:33:59 - [TEST_STEP][PASSED] - if (debug): null

27-02-2025T17:33:59 - [TEST_STEP][PASSED] - if (toggle && myStatus && inList): null

27-02-2025T17:33:59 - [TEST_STEP][PASSED] - if (!(myStatus) && inList || myStatus && !(inList)): null

27-02-2025T17:33:59 - [TEST_STEP][PASSED] - if (debug): null

27-02-2025T17:33:59 - [TEST_STEP][PASSED] - if (varParms[i].indexOf("Europe") >= 0): null

27-02-2025T17:33:59 - [TEST_STEP][PASSED] - elements = driver.findElements(By.xpath(varXpaths[i])): null

27-02-2025T17:33:59 - [TEST_STEP][PASSED] - element_count = elements.size(): null

27-02-2025T17:33:59 - [TEST_STEP][PASSED] - for (def element : elements): null

27-02-2025T17:33:59 - [TEST_STEP][PASSED] - myValue = element.getAttribute("value"): null

27-02-2025T17:33:59 - [TEST_STEP][PASSED] - if (debug): null

27-02-2025T17:33:59 - [TEST_STEP][PASSED] - if (myValue.length() >= 4): null

27-02-2025T17:33:59 - [TEST_STEP][PASSED] - if (myValue.substring(0, 4) == "(!) "): null

27-02-2025T17:33:59 - [TEST_STEP][PASSED] - myType = element.getAttribute("type"): null

27-02-2025T17:33:59 - [TEST_STEP][PASSED] - if (myValue in varParms[i]): null

27-02-2025T17:33:59 - [TEST_STEP][PASSED] - inList = true: null

27-02-2025T17:33:59 - [TEST_STEP][PASSED] - if (myType == "checkbox"): null

27-02-2025T17:33:59 - [TEST_STEP][PASSED] - myStatus = element.isSelected(): null

27-02-2025T17:33:59 - [TEST_STEP][PASSED] - if (debug): null

27-02-2025T17:33:59 - [TEST_STEP][PASSED] - if (toggle && myStatus && inList): null

27-02-2025T17:33:59 - [TEST_STEP][PASSED] - if (!(myStatus) && inList || myStatus && !(inList)): null

27-02-2025T17:33:59 - [TEST_STEP][PASSED] - if (debug): null

27-02-2025T17:33:59 - [TEST_STEP][PASSED] - println("Clicking " + myValue): null

27-02-2025T17:33:59 - [TEST_STEP][PASSED] - click(element): null

27-02-2025T17:33:59 - [TEST_STEP][PASSED] - scrollToObject(elem): null

27-02-2025T17:33:59 - [TEST_STEP][PASSED] - loc = element.getLocation(): null

27-02-2025T17:33:59 - [TEST_STEP][PASSED] - if (debug): null

27-02-2025T17:33:59 - [TEST_STEP][PASSED] - y = loc.getY(): null

27-02-2025T17:33:59 - [TEST_STEP][PASSED] - println("Y location is " + y): null

27-02-2025T17:33:59 - [TEST_STEP][PASSED] - top = getViewportTopPosition(): Current viewport's top (y) position is 307

27-02-2025T17:33:59 - [MESSAGE][PASSED] - Current viewport's top (y) position is 307

27-02-2025T17:33:59 - [TEST_STEP][PASSED] - println("Viewport top is " + top): null

27-02-2025T17:33:59 - [TEST_STEP][PASSED] - bottom = top + 600: null

27-02-2025T17:33:59 - [TEST_STEP][PASSED] - if (y - top < 150 || bottom - y < 10): null

27-02-2025T17:33:59 - [TEST_STEP][PASSED] - elem.click(): null

27-02-2025T17:33:59 - [TEST_STEP][PASSED] - myValue = element.getAttribute("value"): null

27-02-2025T17:33:59 - [TEST_STEP][PASSED] - if (debug): null

27-02-2025T17:33:59 - [TEST_STEP][PASSED] - if (myValue.length() >= 4): null

27-02-2025T17:33:59 - [TEST_STEP][PASSED] - if (myValue.substring(0, 4) == "(!) "): null

27-02-2025T17:33:59 - [TEST_STEP][PASSED] - myType = element.getAttribute("type"): null

27-02-2025T17:33:59 - [TEST_STEP][PASSED] - if (myValue in varParms[i]): null

27-02-2025T17:33:59 - [TEST_STEP][PASSED] - else: null

27-02-2025T17:33:59 - [TEST_STEP][PASSED] - inList = false: null

27-02-2025T17:33:59 - [TEST_STEP][PASSED] - if (myType == "checkbox"): null

27-02-2025T17:33:59 - [TEST_STEP][PASSED] - myStatus = element.isSelected(): null

27-02-2025T17:33:59 - [TEST_STEP][PASSED] - if (debug): null

27-02-2025T17:33:59 - [TEST_STEP][PASSED] - if (toggle && myStatus && inList): null

27-02-2025T17:33:59 - [TEST_STEP][PASSED] - if (!(myStatus) && inList || myStatus && !(inList)): null

27-02-2025T17:33:59 - [TEST_STEP][PASSED] - myValue = element.getAttribute("value"): null

27-02-2025T17:33:59 - [TEST_STEP][PASSED] - if (debug): null

27-02-2025T17:33:59 - [TEST_STEP][PASSED] - if (myValue.length() >= 4): null

27-02-2025T17:33:59 - [TEST_STEP][PASSED] - if (myValue.substring(0, 4) == "(!) "): null

27-02-2025T17:33:59 - [TEST_STEP][PASSED] - myType = element.getAttribute("type"): null

27-02-2025T17:33:59 - [TEST_STEP][PASSED] - if (myValue in varParms[i]): null

27-02-2025T17:33:59 - [TEST_STEP][PASSED] - else: null

27-02-2025T17:33:59 - [TEST_STEP][PASSED] - inList = false: null

27-02-2025T17:33:59 - [TEST_STEP][PASSED] - if (myType == "checkbox"): null

27-02-2025T17:33:59 - [TEST_STEP][PASSED] - myStatus = element.isSelected(): null

27-02-2025T17:33:59 - [TEST_STEP][PASSED] - if (debug): null

27-02-2025T17:33:59 - [TEST_STEP][PASSED] - if (toggle && myStatus && inList): null

27-02-2025T17:33:59 - [TEST_STEP][PASSED] - if (!(myStatus) && inList || myStatus && !(inList)): null

27-02-2025T17:33:59 - [TEST_STEP][PASSED] - myValue = element.getAttribute("value"): null

27-02-2025T17:33:59 - [TEST_STEP][PASSED] - if (debug): null

27-02-2025T17:33:59 - [TEST_STEP][PASSED] - if (myValue.length() >= 4): null

27-02-2025T17:33:59 - [TEST_STEP][PASSED] - if (myValue.substring(0, 4) == "(!) "): null

27-02-2025T17:33:59 - [TEST_STEP][PASSED] - myType = element.getAttribute("type"): null

27-02-2025T17:33:59 - [TEST_STEP][PASSED] - if (myValue in varParms[i]): null

27-02-2025T17:33:59 - [TEST_STEP][PASSED] - else: null

27-02-2025T17:33:59 - [TEST_STEP][PASSED] - inList = false: null

27-02-2025T17:33:59 - [TEST_STEP][PASSED] - if (myType == "checkbox"): null

27-02-2025T17:33:59 - [TEST_STEP][PASSED] - myStatus = element.isSelected(): null

27-02-2025T17:33:59 - [TEST_STEP][PASSED] - if (debug): null

27-02-2025T17:33:59 - [TEST_STEP][PASSED] - if (toggle && myStatus && inList): null

27-02-2025T17:33:59 - [TEST_STEP][PASSED] - if (!(myStatus) && inList || myStatus && !(inList)): null

27-02-2025T17:33:59 - [TEST_STEP][PASSED] - myValue = element.getAttribute("value"): null

27-02-2025T17:33:59 - [TEST_STEP][PASSED] - if (debug): null

27-02-2025T17:33:59 - [TEST_STEP][PASSED] - if (myValue.length() >= 4): null

27-02-2025T17:33:59 - [TEST_STEP][PASSED] - if (myValue.substring(0, 4) == "(!) "): null

27-02-2025T17:33:59 - [TEST_STEP][PASSED] - myType = element.getAttribute("type"): null

27-02-2025T17:33:59 - [TEST_STEP][PASSED] - if (myValue in varParms[i]): null

27-02-2025T17:33:59 - [TEST_STEP][PASSED] - else: null

27-02-2025T17:33:59 - [TEST_STEP][PASSED] - inList = false: null

27-02-2025T17:33:59 - [TEST_STEP][PASSED] - if (myType == "checkbox"): null

27-02-2025T17:33:59 - [TEST_STEP][PASSED] - myStatus = element.isSelected(): null

27-02-2025T17:33:59 - [TEST_STEP][PASSED] - if (debug): null

27-02-2025T17:33:59 - [TEST_STEP][PASSED] - if (toggle && myStatus && inList): null

27-02-2025T17:33:59 - [TEST_STEP][PASSED] - if (!(myStatus) && inList || myStatus && !(inList)): null

27-02-2025T17:33:59 - [TEST_STEP][PASSED] - myValue = element.getAttribute("value"): null

27-02-2025T17:33:59 - [TEST_STEP][PASSED] - if (debug): null

27-02-2025T17:33:59 - [TEST_STEP][PASSED] - if (myValue.length() >= 4): null

27-02-2025T17:33:59 - [TEST_STEP][PASSED] - if (myValue.substring(0, 4) == "(!) "): null

27-02-2025T17:33:59 - [TEST_STEP][PASSED] - myType = element.getAttribute("type"): null

27-02-2025T17:33:59 - [TEST_STEP][PASSED] - if (myValue in varParms[i]): null

27-02-2025T17:33:59 - [TEST_STEP][PASSED] - else: null

27-02-2025T17:33:59 - [TEST_STEP][PASSED] - inList = false: null

27-02-2025T17:33:59 - [TEST_STEP][PASSED] - if (myType == "checkbox"): null

27-02-2025T17:33:59 - [TEST_STEP][PASSED] - myStatus = element.isSelected(): null

27-02-2025T17:33:59 - [TEST_STEP][PASSED] - if (debug): null

27-02-2025T17:33:59 - [TEST_STEP][PASSED] - if (toggle && myStatus && inList): null

27-02-2025T17:33:59 - [TEST_STEP][PASSED] - if (!(myStatus) && inList || myStatus && !(inList)): null

27-02-2025T17:33:59 - [TEST_STEP][PASSED] - myValue = element.getAttribute("value"): null

27-02-2025T17:33:59 - [TEST_STEP][PASSED] - if (debug): null

27-02-2025T17:33:59 - [TEST_STEP][PASSED] - if (myValue.length() >= 4): null

27-02-2025T17:33:59 - [TEST_STEP][PASSED] - if (myValue.substring(0, 4) == "(!) "): null

27-02-2025T17:33:59 - [TEST_STEP][PASSED] - myType = element.getAttribute("type"): null

27-02-2025T17:33:59 - [TEST_STEP][PASSED] - if (myValue in varParms[i]): null

27-02-2025T17:33:59 - [TEST_STEP][PASSED] - else: null

27-02-2025T17:33:59 - [TEST_STEP][PASSED] - inList = false: null

27-02-2025T17:33:59 - [TEST_STEP][PASSED] - if (myType == "checkbox"): null

27-02-2025T17:33:59 - [TEST_STEP][PASSED] - myStatus = element.isSelected(): null

27-02-2025T17:33:59 - [TEST_STEP][PASSED] - if (debug): null

27-02-2025T17:33:59 - [TEST_STEP][PASSED] - if (toggle && myStatus && inList): null

27-02-2025T17:33:59 - [TEST_STEP][PASSED] - if (!(myStatus) && inList || myStatus && !(inList)): null

27-02-2025T17:33:59 - [TEST_STEP][PASSED] - myValue = element.getAttribute("value"): null

27-02-2025T17:33:59 - [TEST_STEP][PASSED] - if (debug): null

27-02-2025T17:33:59 - [TEST_STEP][PASSED] - if (myValue.length() >= 4): null

27-02-2025T17:33:59 - [TEST_STEP][PASSED] - if (myValue.substring(0, 4) == "(!) "): null

27-02-2025T17:33:59 - [TEST_STEP][PASSED] - myType = element.getAttribute("type"): null

27-02-2025T17:33:59 - [TEST_STEP][PASSED] - if (myValue in varParms[i]): null

27-02-2025T17:33:59 - [TEST_STEP][PASSED] - else: null

27-02-2025T17:33:59 - [TEST_STEP][PASSED] - inList = false: null

27-02-2025T17:33:59 - [TEST_STEP][PASSED] - if (myType == "checkbox"): null

27-02-2025T17:33:59 - [TEST_STEP][PASSED] - myStatus = element.isSelected(): null

27-02-2025T17:33:59 - [TEST_STEP][PASSED] - if (debug): null

27-02-2025T17:33:59 - [TEST_STEP][PASSED] - if (toggle && myStatus && inList): null

27-02-2025T17:33:59 - [TEST_STEP][PASSED] - if (!(myStatus) && inList || myStatus && !(inList)): null

27-02-2025T17:33:59 - [TEST_STEP][PASSED] - myValue = element.getAttribute("value"): null

27-02-2025T17:33:59 - [TEST_STEP][PASSED] - if (debug): null

27-02-2025T17:33:59 - [TEST_STEP][PASSED] - if (myValue.length() >= 4): null

27-02-2025T17:33:59 - [TEST_STEP][PASSED] - if (myValue.substring(0, 4) == "(!) "): null

27-02-2025T17:33:59 - [TEST_STEP][PASSED] - myType = element.getAttribute("type"): null

27-02-2025T17:33:59 - [TEST_STEP][PASSED] - if (myValue in varParms[i]): null

27-02-2025T17:33:59 - [TEST_STEP][PASSED] - else: null

27-02-2025T17:33:59 - [TEST_STEP][PASSED] - inList = false: null

27-02-2025T17:33:59 - [TEST_STEP][PASSED] - if (myType == "checkbox"): null

27-02-2025T17:33:59 - [TEST_STEP][PASSED] - myStatus = element.isSelected(): null

27-02-2025T17:33:59 - [TEST_STEP][PASSED] - if (debug): null

27-02-2025T17:33:59 - [TEST_STEP][PASSED] - if (toggle && myStatus && inList): null

27-02-2025T17:33:59 - [TEST_STEP][PASSED] - if (!(myStatus) && inList || myStatus && !(inList)): null

27-02-2025T17:33:59 - [TEST_STEP][PASSED] - myValue = element.getAttribute("value"): null

27-02-2025T17:33:59 - [TEST_STEP][PASSED] - if (debug): null

27-02-2025T17:33:59 - [TEST_STEP][PASSED] - if (myValue.length() >= 4): null

27-02-2025T17:33:59 - [TEST_STEP][PASSED] - if (myValue.substring(0, 4) == "(!) "): null

27-02-2025T17:33:59 - [TEST_STEP][PASSED] - myType = element.getAttribute("type"): null

27-02-2025T17:33:59 - [TEST_STEP][PASSED] - if (myValue in varParms[i]): null

27-02-2025T17:33:59 - [TEST_STEP][PASSED] - else: null

27-02-2025T17:33:59 - [TEST_STEP][PASSED] - inList = false: null

27-02-2025T17:33:59 - [TEST_STEP][PASSED] - if (myType == "checkbox"): null

27-02-2025T17:33:59 - [TEST_STEP][PASSED] - myStatus = element.isSelected(): null

27-02-2025T17:33:59 - [TEST_STEP][PASSED] - if (debug): null

27-02-2025T17:33:59 - [TEST_STEP][PASSED] - if (toggle && myStatus && inList): null

27-02-2025T17:33:59 - [TEST_STEP][PASSED] - if (!(myStatus) && inList || myStatus && !(inList)): null

27-02-2025T17:33:59 - [TEST_STEP][PASSED] - frame.dispose(): null

27-02-2025T17:33:59 - [MESSAGE][PASSED] - Call Test Case 'Test Cases/_Functions/Click on Group Elements' successfully

27-02-2025T17:33:59 - [TEST_STEP][PASSED] - if (varAdditional_languages != null): Call Test Case 'Test Cases/_Functions/Perform Action' successfully

27-02-2025T17:33:59 - [TEST_STEP][PASSED] - object = "Object Repository/Journey Candidate Profile/Tabs/Service-Comment/input_Additional Language(s)": null

27-02-2025T17:33:59 - [TEST_STEP][PASSED] - callTestCase(findTestCase("_Functions/Perform Action"), ["varAction":"setText", "varObject":object, "varParm1":varAdditional_languages], STOP_ON_FAILURE): Call Test Case 'Test Cases/_Functions/Perform Action' successfully

27-02-2025T17:33:59 - [TEST_CASE][PASSED] - Test Cases/_Functions/Perform Action: Test Cases/_Functions/Perform Action

27-02-2025T17:33:59 - [TEST_STEP][PASSED] - action = varAction: null

27-02-2025T17:33:59 - [TEST_STEP][PASSED] - println(action): null

27-02-2025T17:33:59 - [TEST_STEP][PASSED] - testObject = varObject: null

27-02-2025T17:33:59 - [TEST_STEP][PASSED] - println(testObject): null

27-02-2025T17:33:59 - [TEST_STEP][PASSED] - parm1 = varParm1: null

27-02-2025T17:33:59 - [TEST_STEP][PASSED] - println(parm1): null

27-02-2025T17:33:59 - [TEST_STEP][PASSED] - println("Converting " + testObject + " to web element"): null

27-02-2025T17:33:59 - [TEST_STEP][PASSED] - element = findWebElement(findTestObject(testObject), 1): null

27-02-2025T17:33:59 - [TEST_STEP][PASSED] - loc = element.getLocation(): null

27-02-2025T17:33:59 - [TEST_STEP][PASSED] - y = loc.getY(): null

27-02-2025T17:33:59 - [TEST_STEP][PASSED] - println("Y location is " + y): null

27-02-2025T17:33:59 - [TEST_STEP][PASSED] - top = getViewportTopPosition(): Current viewport's top (y) position is 307

27-02-2025T17:33:59 - [MESSAGE][PASSED] - Current viewport's top (y) position is 307

27-02-2025T17:33:59 - [TEST_STEP][PASSED] - println("Viewport top is " + top): null

27-02-2025T17:33:59 - [TEST_STEP][PASSED] - bottom = top + 600: null

27-02-2025T17:33:59 - [TEST_STEP][PASSED] - if (y - top < 150 || bottom - y < 10): null

27-02-2025T17:33:59 - [TEST_STEP][PASSED] - if (action == "click"): null

27-02-2025T17:33:59 - [TEST_STEP][PASSED] - else if (action == "selectOptionByValue"): null

27-02-2025T17:33:59 - [TEST_STEP][PASSED] - else if (action == "setText"): Text 'Rudementary French' is set on object 'Object Repository/Journey Candidate Profile/Tabs/Service-Comment/input_Additional Language(s)'

27-02-2025T17:33:59 - [TEST_STEP][PASSED] - println("Setting text " + parm1): null

27-02-2025T17:33:59 - [TEST_STEP][PASSED] - setText(findTestObject(testObject), parm1): Text 'Rudementary French' is set on object 'Object Repository/Journey Candidate Profile/Tabs/Service-Comment/input_Additional Language(s)'

27-02-2025T17:33:59 - [MESSAGE][PASSED] - Text 'Rudementary French' is set on object 'Object Repository/Journey Candidate Profile/Tabs/Service-Comment/input_Additional Language(s)'

27-02-2025T17:33:59 - [MESSAGE][PASSED] - Call Test Case 'Test Cases/_Functions/Perform Action' successfully

27-02-2025T17:33:59 - [TEST_STEP][PASSED] - if (varVision_trip != null): Call Test Case 'Test Cases/_Functions/Perform Action' successfully

27-02-2025T17:33:59 - [TEST_STEP][PASSED] - object = "Object Repository/Journey Candidate Profile/Tabs/Service-Comment/select_Vision Trip": null

27-02-2025T17:33:59 - [TEST_STEP][PASSED] - parm1 = varVision_trip: null

27-02-2025T17:33:59 - [TEST_STEP][PASSED] - callTestCase(findTestCase("_Functions/Perform Action"), ["varAction":"selectOptionByValue", "varObject":object, "varParm1":parm1], STOP_ON_FAILURE): Call Test Case 'Test Cases/_Functions/Perform Action' successfully

27-02-2025T17:33:59 - [TEST_CASE][PASSED] - Test Cases/_Functions/Perform Action: Test Cases/_Functions/Perform Action

27-02-2025T17:33:59 - [TEST_STEP][PASSED] - action = varAction: null

27-02-2025T17:33:59 - [TEST_STEP][PASSED] - println(action): null

27-02-2025T17:33:59 - [TEST_STEP][PASSED] - testObject = varObject: null

27-02-2025T17:33:59 - [TEST_STEP][PASSED] - println(testObject): null

27-02-2025T17:33:59 - [TEST_STEP][PASSED] - parm1 = varParm1: null

27-02-2025T17:33:59 - [TEST_STEP][PASSED] - println(parm1): null

27-02-2025T17:33:59 - [TEST_STEP][PASSED] - println("Converting " + testObject + " to web element"): null

27-02-2025T17:33:59 - [TEST_STEP][PASSED] - element = findWebElement(findTestObject(testObject), 1): null

27-02-2025T17:33:59 - [TEST_STEP][PASSED] - loc = element.getLocation(): null

27-02-2025T17:33:59 - [TEST_STEP][PASSED] - y = loc.getY(): null

27-02-2025T17:33:59 - [TEST_STEP][PASSED] - println("Y location is " + y): null

27-02-2025T17:33:59 - [TEST_STEP][PASSED] - top = getViewportTopPosition(): Current viewport's top (y) position is 307

27-02-2025T17:33:59 - [MESSAGE][PASSED] - Current viewport's top (y) position is 307

27-02-2025T17:33:59 - [TEST_STEP][PASSED] - println("Viewport top is " + top): null

27-02-2025T17:33:59 - [TEST_STEP][PASSED] - bottom = top + 600: null

27-02-2025T17:33:59 - [TEST_STEP][PASSED] - if (y - top < 150 || bottom - y < 10): null

27-02-2025T17:33:59 - [TEST_STEP][PASSED] - if (action == "click"): null

27-02-2025T17:33:59 - [TEST_STEP][PASSED] - else if (action == "selectOptionByValue"): All options with value 'Yes' are selected in object 'Object Repository/Journey Candidate Profile/Tabs/Service-Comment/select_Vision Trip' 

27-02-2025T17:33:59 - [TEST_STEP][PASSED] - println("Selecting " + parm1): null

27-02-2025T17:33:59 - [TEST_STEP][PASSED] - selectOptionByValue(findTestObject(testObject), parm1, false): All options with value 'Yes' are selected in object 'Object Repository/Journey Candidate Profile/Tabs/Service-Comment/select_Vision Trip' 

27-02-2025T17:33:59 - [MESSAGE][PASSED] - All options with value 'Yes' are selected in object 'Object Repository/Journey Candidate Profile/Tabs/Service-Comment/select_Vision Trip' 

27-02-2025T17:33:59 - [MESSAGE][PASSED] - Call Test Case 'Test Cases/_Functions/Perform Action' successfully

27-02-2025T17:33:59 - [TEST_STEP][PASSED] - if (varAwareness_trip != null): Call Test Case 'Test Cases/_Functions/Perform Action' successfully

27-02-2025T17:33:59 - [TEST_STEP][PASSED] - object = "Object Repository/Journey Candidate Profile/Tabs/Service-Comment/select_Awareness Trip": null

27-02-2025T17:33:59 - [TEST_STEP][PASSED] - parm1 = varAwareness_trip: null

27-02-2025T17:33:59 - [TEST_STEP][PASSED] - callTestCase(findTestCase("_Functions/Perform Action"), ["varAction":"selectOptionByValue", "varObject":object, "varParm1":parm1], STOP_ON_FAILURE): Call Test Case 'Test Cases/_Functions/Perform Action' successfully

27-02-2025T17:33:59 - [TEST_CASE][PASSED] - Test Cases/_Functions/Perform Action: Test Cases/_Functions/Perform Action

27-02-2025T17:33:59 - [TEST_STEP][PASSED] - action = varAction: null

27-02-2025T17:33:59 - [TEST_STEP][PASSED] - println(action): null

27-02-2025T17:33:59 - [TEST_STEP][PASSED] - testObject = varObject: null

27-02-2025T17:33:59 - [TEST_STEP][PASSED] - println(testObject): null

27-02-2025T17:33:59 - [TEST_STEP][PASSED] - parm1 = varParm1: null

27-02-2025T17:33:59 - [TEST_STEP][PASSED] - println(parm1): null

27-02-2025T17:33:59 - [TEST_STEP][PASSED] - println("Converting " + testObject + " to web element"): null

27-02-2025T17:33:59 - [TEST_STEP][PASSED] - element = findWebElement(findTestObject(testObject), 1): null

27-02-2025T17:33:59 - [TEST_STEP][PASSED] - loc = element.getLocation(): null

27-02-2025T17:33:59 - [TEST_STEP][PASSED] - y = loc.getY(): null

27-02-2025T17:33:59 - [TEST_STEP][PASSED] - println("Y location is " + y): null

27-02-2025T17:33:59 - [TEST_STEP][PASSED] - top = getViewportTopPosition(): Current viewport's top (y) position is 307

27-02-2025T17:33:59 - [MESSAGE][PASSED] - Current viewport's top (y) position is 307

27-02-2025T17:33:59 - [TEST_STEP][PASSED] - println("Viewport top is " + top): null

27-02-2025T17:33:59 - [TEST_STEP][PASSED] - bottom = top + 600: null

27-02-2025T17:33:59 - [TEST_STEP][PASSED] - if (y - top < 150 || bottom - y < 10): null

27-02-2025T17:33:59 - [TEST_STEP][PASSED] - if (action == "click"): null

27-02-2025T17:33:59 - [TEST_STEP][PASSED] - else if (action == "selectOptionByValue"): All options with value 'No' are selected in object 'Object Repository/Journey Candidate Profile/Tabs/Service-Comment/select_Awareness Trip' 

27-02-2025T17:33:59 - [TEST_STEP][PASSED] - println("Selecting " + parm1): null

27-02-2025T17:33:59 - [TEST_STEP][PASSED] - selectOptionByValue(findTestObject(testObject), parm1, false): All options with value 'No' are selected in object 'Object Repository/Journey Candidate Profile/Tabs/Service-Comment/select_Awareness Trip' 

27-02-2025T17:33:59 - [MESSAGE][PASSED] - All options with value 'No' are selected in object 'Object Repository/Journey Candidate Profile/Tabs/Service-Comment/select_Awareness Trip' 

27-02-2025T17:33:59 - [MESSAGE][PASSED] - Call Test Case 'Test Cases/_Functions/Perform Action' successfully

27-02-2025T17:33:59 - [TEST_STEP][PASSED] - if (varComments != null): Call Test Case 'Test Cases/_Functions/Perform Action' successfully

27-02-2025T17:33:59 - [TEST_STEP][PASSED] - object = "Object Repository/Journey Candidate Profile/Tabs/Service-Comment/textarea_Comments": null

27-02-2025T17:33:59 - [TEST_STEP][PASSED] - callTestCase(findTestCase("_Functions/Perform Action"), ["varAction":"setText", "varObject":object, "varParm1":varComments], STOP_ON_FAILURE): Call Test Case 'Test Cases/_Functions/Perform Action' successfully

27-02-2025T17:33:59 - [TEST_CASE][PASSED] - Test Cases/_Functions/Perform Action: Test Cases/_Functions/Perform Action

27-02-2025T17:33:59 - [TEST_STEP][PASSED] - action = varAction: null

27-02-2025T17:33:59 - [TEST_STEP][PASSED] - println(action): null

27-02-2025T17:33:59 - [TEST_STEP][PASSED] - testObject = varObject: null

27-02-2025T17:33:59 - [TEST_STEP][PASSED] - println(testObject): null

27-02-2025T17:33:59 - [TEST_STEP][PASSED] - parm1 = varParm1: null

27-02-2025T17:33:59 - [TEST_STEP][PASSED] - println(parm1): null

27-02-2025T17:33:59 - [TEST_STEP][PASSED] - println("Converting " + testObject + " to web element"): null

27-02-2025T17:33:59 - [TEST_STEP][PASSED] - element = findWebElement(findTestObject(testObject), 1): null

27-02-2025T17:33:59 - [TEST_STEP][PASSED] - loc = element.getLocation(): null

27-02-2025T17:33:59 - [TEST_STEP][PASSED] - y = loc.getY(): null

27-02-2025T17:33:59 - [TEST_STEP][PASSED] - println("Y location is " + y): null

27-02-2025T17:33:59 - [TEST_STEP][PASSED] - top = getViewportTopPosition(): Current viewport's top (y) position is 307

27-02-2025T17:33:59 - [MESSAGE][PASSED] - Current viewport's top (y) position is 307

27-02-2025T17:33:59 - [TEST_STEP][PASSED] - println("Viewport top is " + top): null

27-02-2025T17:33:59 - [TEST_STEP][PASSED] - bottom = top + 600: null

27-02-2025T17:33:59 - [TEST_STEP][PASSED] - if (y - top < 150 || bottom - y < 10): null

27-02-2025T17:33:59 - [TEST_STEP][PASSED] - if (action == "click"): null

27-02-2025T17:33:59 - [TEST_STEP][PASSED] - else if (action == "selectOptionByValue"): null

27-02-2025T17:33:59 - [TEST_STEP][PASSED] - else if (action == "setText"): Text 'I did a vision trip to Viet Nam in 2015' is set on object 'Object Repository/Journey Candidate Profile/Tabs/Service-Comment/textarea_Comments'

27-02-2025T17:33:59 - [TEST_STEP][PASSED] - println("Setting text " + parm1): null

27-02-2025T17:33:59 - [TEST_STEP][PASSED] - setText(findTestObject(testObject), parm1): Text 'I did a vision trip to Viet Nam in 2015' is set on object 'Object Repository/Journey Candidate Profile/Tabs/Service-Comment/textarea_Comments'

27-02-2025T17:33:59 - [MESSAGE][PASSED] - Text 'I did a vision trip to Viet Nam in 2015' is set on object 'Object Repository/Journey Candidate Profile/Tabs/Service-Comment/textarea_Comments'

27-02-2025T17:33:59 - [MESSAGE][PASSED] - Call Test Case 'Test Cases/_Functions/Perform Action' successfully

27-02-2025T17:33:59 - [TEST_STEP][PASSED] - object = "Journey Candidate Profile/Tabs/btn_Complete Submit": null

27-02-2025T17:33:59 - [TEST_STEP][PASSED] - callTestCase(findTestCase("_Functions/Perform Action"), ["varAction":"click", "varObject":object], STOP_ON_FAILURE): Call Test Case 'Test Cases/_Functions/Perform Action' successfully

27-02-2025T17:33:59 - [TEST_CASE][PASSED] - Test Cases/_Functions/Perform Action: Test Cases/_Functions/Perform Action

27-02-2025T17:33:59 - [TEST_STEP][PASSED] - action = varAction: null

27-02-2025T17:33:59 - [TEST_STEP][PASSED] - println(action): null

27-02-2025T17:33:59 - [TEST_STEP][PASSED] - testObject = varObject: null

27-02-2025T17:33:59 - [TEST_STEP][PASSED] - println(testObject): null

27-02-2025T17:33:59 - [TEST_STEP][PASSED] - parm1 = varParm1: null

27-02-2025T17:33:59 - [TEST_STEP][PASSED] - println(parm1): null

27-02-2025T17:33:59 - [TEST_STEP][PASSED] - println("Converting " + testObject + " to web element"): null

27-02-2025T17:33:59 - [TEST_STEP][PASSED] - element = findWebElement(findTestObject(testObject), 1): null

27-02-2025T17:33:59 - [TEST_STEP][PASSED] - loc = element.getLocation(): null

27-02-2025T17:33:59 - [TEST_STEP][PASSED] - y = loc.getY(): null

27-02-2025T17:33:59 - [TEST_STEP][PASSED] - println("Y location is " + y): null

27-02-2025T17:33:59 - [TEST_STEP][PASSED] - top = getViewportTopPosition(): Current viewport's top (y) position is 307

27-02-2025T17:33:59 - [MESSAGE][PASSED] - Current viewport's top (y) position is 307

27-02-2025T17:33:59 - [TEST_STEP][PASSED] - println("Viewport top is " + top): null

27-02-2025T17:33:59 - [TEST_STEP][PASSED] - bottom = top + 600: null

27-02-2025T17:33:59 - [TEST_STEP][PASSED] - if (y - top < 150 || bottom - y < 10): Delayed 1 second(s)

27-02-2025T17:33:59 - [TEST_STEP][PASSED] - scrollToPosition(0, y - 150): Browser is scrolled to position x = 0, y = 857

27-02-2025T17:33:59 - [MESSAGE][PASSED] - Browser is scrolled to position x = 0, y = 857

27-02-2025T17:33:59 - [TEST_STEP][PASSED] - delay(1): Delayed 1 second(s)

27-02-2025T17:34:00 - [MESSAGE][PASSED] - Delayed 1 second(s)

27-02-2025T17:34:00 - [TEST_STEP][PASSED] - if (action == "click"): Object: 'Object Repository/Journey Candidate Profile/Tabs/btn_Complete Submit' is clicked on

27-02-2025T17:34:00 - [TEST_STEP][PASSED] - println("clicking"): null

27-02-2025T17:34:00 - [TEST_STEP][PASSED] - click(findTestObject(testObject)): Object: 'Object Repository/Journey Candidate Profile/Tabs/btn_Complete Submit' is clicked on

27-02-2025T17:34:03 - [MESSAGE][PASSED] - Object: 'Object Repository/Journey Candidate Profile/Tabs/btn_Complete Submit' is clicked on

27-02-2025T17:34:03 - [MESSAGE][PASSED] - Call Test Case 'Test Cases/_Functions/Perform Action' successfully

27-02-2025T17:34:03 - [MESSAGE][PASSED] - Call Test Case 'Test Cases/Journey Candidate Profile/Tabs/Set Service-Comment' successfully

27-02-2025T17:34:03 - [TEST_STEP][PASSED] - if (pages.size() == 0 || "All" in pages || "IT Skills and Interest" in pages): Call Test Case 'Test Cases/Journey Candidate Profile/Tabs/Set IT Skills and Interest' successfully

27-02-2025T17:34:03 - [TEST_STEP][PASSED] - if (!(fastPath)): Call Test Case 'Test Cases/_Functions/Get Selections from CSV File' successfully

27-02-2025T17:34:03 - [TEST_STEP][PASSED] - click(findTestObject("Object Repository/Journey Candidate Profile/Tabs/a_IT Skills and Interest")): Object: 'Object Repository/Journey Candidate Profile/Tabs/a_IT Skills and Interest' is clicked on

27-02-2025T17:34:03 - [MESSAGE][PASSED] - Object: 'Object Repository/Journey Candidate Profile/Tabs/a_IT Skills and Interest' is clicked on

27-02-2025T17:34:03 - [TEST_STEP][PASSED] - categories = callTestCase(findTestCase("_Functions/Get Selections from CSV File"), ["varFileName":"Journey Candidate Forms/IT Skills and Interest.csv", "varSelections":"IT Job Categories"], STOP_ON_FAILURE): Call Test Case 'Test Cases/_Functions/Get Selections from CSV File' successfully

27-02-2025T17:34:03 - [TEST_CASE][PASSED] - Test Cases/_Functions/Get Selections from CSV File: Test Cases/_Functions/Get Selections from CSV File

27-02-2025T17:34:04 - [TEST_STEP][PASSED] - if (fastPath): null

27-02-2025T17:34:04 - [TEST_STEP][PASSED] - reader = <not implemented yet for class: org.codehaus.groovy.ast.expr.EmptyExpression>: null

27-02-2025T17:34:04 - [TEST_STEP][PASSED] - checked = []: null

27-02-2025T17:34:04 - [TEST_STEP][PASSED] - reader = new java.io.BufferedReader(new java.io.FileReader((/Users/cckozie/git/MissionNext-Katalon-Koz/Data Files/ + varFileName))): null

27-02-2025T17:34:04 - [TEST_STEP][PASSED] - line = reader.readLine(): null

27-02-2025T17:34:04 - [TEST_STEP][PASSED] - include = false: null

27-02-2025T17:34:04 - [TEST_STEP][PASSED] - frame = new javax.swing.JFrame(): null

27-02-2025T17:34:04 - [TEST_STEP][PASSED] - p = new javax.swing.JPanel(): null

27-02-2025T17:34:04 - [TEST_STEP][PASSED] - l = new javax.swing.JLabel(Loading selections from file..., javax.swing.SwingConstants.CENTER): null

27-02-2025T17:34:04 - [TEST_STEP][PASSED] - frame.add(l): null

27-02-2025T17:34:04 - [TEST_STEP][PASSED] - frame.setSize(300, 100): null

27-02-2025T17:34:04 - [TEST_STEP][PASSED] - frame.setLocation(600, 0): null

27-02-2025T17:34:04 - [TEST_STEP][PASSED] - frame.setAlwaysOnTop(true): null

27-02-2025T17:34:04 - [TEST_STEP][PASSED] - frame.show(): null

27-02-2025T17:34:04 - [TEST_STEP][PASSED] - while (line != null): null

27-02-2025T17:34:04 - [TEST_STEP][PASSED] - println(line): null

27-02-2025T17:34:04 - [TEST_STEP][PASSED] - group = line.indexOf("<Group>"): null

27-02-2025T17:34:04 - [TEST_STEP][PASSED] - println(group): null

27-02-2025T17:34:04 - [TEST_STEP][PASSED] - if (group >= 0): null

27-02-2025T17:34:04 - [TEST_STEP][PASSED] - selections = line.substring(group + 7, line.length() - 1): null

27-02-2025T17:34:04 - [TEST_STEP][PASSED] - println(selections): null

27-02-2025T17:34:04 - [TEST_STEP][PASSED] - if (selections == varSelections): null

27-02-2025T17:34:04 - [TEST_STEP][PASSED] - include = true: null

27-02-2025T17:34:04 - [TEST_STEP][PASSED] - line = reader.readLine(): null

27-02-2025T17:34:04 - [TEST_STEP][PASSED] - println(line): null

27-02-2025T17:34:04 - [TEST_STEP][PASSED] - group = line.indexOf("<Group>"): null

27-02-2025T17:34:04 - [TEST_STEP][PASSED] - println(group): null

27-02-2025T17:34:04 - [TEST_STEP][PASSED] - if (group >= 0): null

27-02-2025T17:34:04 - [TEST_STEP][PASSED] - else: null

27-02-2025T17:34:04 - [TEST_STEP][PASSED] - if (include): null

27-02-2025T17:34:04 - [TEST_STEP][PASSED] - println(line): null

27-02-2025T17:34:04 - [TEST_STEP][PASSED] - comma = line.indexOf(",y"): null

27-02-2025T17:34:04 - [TEST_STEP][PASSED] - if (comma > 0): null

27-02-2025T17:34:04 - [TEST_STEP][PASSED] - line = reader.readLine(): null

27-02-2025T17:34:04 - [TEST_STEP][PASSED] - println(line): null

27-02-2025T17:34:04 - [TEST_STEP][PASSED] - group = line.indexOf("<Group>"): null

27-02-2025T17:34:04 - [TEST_STEP][PASSED] - println(group): null

27-02-2025T17:34:04 - [TEST_STEP][PASSED] - if (group >= 0): null

27-02-2025T17:34:04 - [TEST_STEP][PASSED] - else: null

27-02-2025T17:34:04 - [TEST_STEP][PASSED] - if (include): null

27-02-2025T17:34:04 - [TEST_STEP][PASSED] - println(line): null

27-02-2025T17:34:04 - [TEST_STEP][PASSED] - comma = line.indexOf(",y"): null

27-02-2025T17:34:04 - [TEST_STEP][PASSED] - if (comma > 0): null

27-02-2025T17:34:04 - [TEST_STEP][PASSED] - commaCount = StringUtils.countMatches(line, ","): null

27-02-2025T17:34:04 - [TEST_STEP][PASSED] - if (commaCount > 1): null

27-02-2025T17:34:04 - [TEST_STEP][PASSED] - else: null

27-02-2025T17:34:04 - [TEST_STEP][PASSED] - label = line.substring(1, comma): null

27-02-2025T17:34:04 - [TEST_STEP][PASSED] - println(label): null

27-02-2025T17:34:04 - [TEST_STEP][PASSED] - checked.add(label): null

27-02-2025T17:34:04 - [TEST_STEP][PASSED] - line = reader.readLine(): null

27-02-2025T17:34:04 - [TEST_STEP][PASSED] - println(line): null

27-02-2025T17:34:04 - [TEST_STEP][PASSED] - group = line.indexOf("<Group>"): null

27-02-2025T17:34:04 - [TEST_STEP][PASSED] - println(group): null

27-02-2025T17:34:04 - [TEST_STEP][PASSED] - if (group >= 0): null

27-02-2025T17:34:04 - [TEST_STEP][PASSED] - else: null

27-02-2025T17:34:04 - [TEST_STEP][PASSED] - if (include): null

27-02-2025T17:34:04 - [TEST_STEP][PASSED] - println(line): null

27-02-2025T17:34:04 - [TEST_STEP][PASSED] - comma = line.indexOf(",y"): null

27-02-2025T17:34:04 - [TEST_STEP][PASSED] - if (comma > 0): null

27-02-2025T17:34:04 - [TEST_STEP][PASSED] - line = reader.readLine(): null

27-02-2025T17:34:04 - [TEST_STEP][PASSED] - println(line): null

27-02-2025T17:34:04 - [TEST_STEP][PASSED] - group = line.indexOf("<Group>"): null

27-02-2025T17:34:04 - [TEST_STEP][PASSED] - println(group): null

27-02-2025T17:34:04 - [TEST_STEP][PASSED] - if (group >= 0): null

27-02-2025T17:34:04 - [TEST_STEP][PASSED] - else: null

27-02-2025T17:34:04 - [TEST_STEP][PASSED] - if (include): null

27-02-2025T17:34:04 - [TEST_STEP][PASSED] - println(line): null

27-02-2025T17:34:04 - [TEST_STEP][PASSED] - comma = line.indexOf(",y"): null

27-02-2025T17:34:04 - [TEST_STEP][PASSED] - if (comma > 0): null

27-02-2025T17:34:04 - [TEST_STEP][PASSED] - line = reader.readLine(): null

27-02-2025T17:34:04 - [TEST_STEP][PASSED] - println(line): null

27-02-2025T17:34:04 - [TEST_STEP][PASSED] - group = line.indexOf("<Group>"): null

27-02-2025T17:34:04 - [TEST_STEP][PASSED] - println(group): null

27-02-2025T17:34:04 - [TEST_STEP][PASSED] - if (group >= 0): null

27-02-2025T17:34:04 - [TEST_STEP][PASSED] - else: null

27-02-2025T17:34:04 - [TEST_STEP][PASSED] - if (include): null

27-02-2025T17:34:04 - [TEST_STEP][PASSED] - println(line): null

27-02-2025T17:34:04 - [TEST_STEP][PASSED] - comma = line.indexOf(",y"): null

27-02-2025T17:34:04 - [TEST_STEP][PASSED] - if (comma > 0): null

27-02-2025T17:34:04 - [TEST_STEP][PASSED] - line = reader.readLine(): null

27-02-2025T17:34:04 - [TEST_STEP][PASSED] - println(line): null

27-02-2025T17:34:04 - [TEST_STEP][PASSED] - group = line.indexOf("<Group>"): null

27-02-2025T17:34:04 - [TEST_STEP][PASSED] - println(group): null

27-02-2025T17:34:04 - [TEST_STEP][PASSED] - if (group >= 0): null

27-02-2025T17:34:04 - [TEST_STEP][PASSED] - else: null

27-02-2025T17:34:04 - [TEST_STEP][PASSED] - if (include): null

27-02-2025T17:34:04 - [TEST_STEP][PASSED] - println(line): null

27-02-2025T17:34:04 - [TEST_STEP][PASSED] - comma = line.indexOf(",y"): null

27-02-2025T17:34:04 - [TEST_STEP][PASSED] - if (comma > 0): null

27-02-2025T17:34:04 - [TEST_STEP][PASSED] - line = reader.readLine(): null

27-02-2025T17:34:04 - [TEST_STEP][PASSED] - println(line): null

27-02-2025T17:34:04 - [TEST_STEP][PASSED] - group = line.indexOf("<Group>"): null

27-02-2025T17:34:04 - [TEST_STEP][PASSED] - println(group): null

27-02-2025T17:34:04 - [TEST_STEP][PASSED] - if (group >= 0): null

27-02-2025T17:34:04 - [TEST_STEP][PASSED] - else: null

27-02-2025T17:34:04 - [TEST_STEP][PASSED] - if (include): null

27-02-2025T17:34:04 - [TEST_STEP][PASSED] - println(line): null

27-02-2025T17:34:04 - [TEST_STEP][PASSED] - comma = line.indexOf(",y"): null

27-02-2025T17:34:04 - [TEST_STEP][PASSED] - if (comma > 0): null

27-02-2025T17:34:04 - [TEST_STEP][PASSED] - line = reader.readLine(): null

27-02-2025T17:34:04 - [TEST_STEP][PASSED] - println(line): null

27-02-2025T17:34:04 - [TEST_STEP][PASSED] - group = line.indexOf("<Group>"): null

27-02-2025T17:34:04 - [TEST_STEP][PASSED] - println(group): null

27-02-2025T17:34:04 - [TEST_STEP][PASSED] - if (group >= 0): null

27-02-2025T17:34:04 - [TEST_STEP][PASSED] - else: null

27-02-2025T17:34:04 - [TEST_STEP][PASSED] - if (include): null

27-02-2025T17:34:04 - [TEST_STEP][PASSED] - println(line): null

27-02-2025T17:34:04 - [TEST_STEP][PASSED] - comma = line.indexOf(",y"): null

27-02-2025T17:34:04 - [TEST_STEP][PASSED] - if (comma > 0): null

27-02-2025T17:34:04 - [TEST_STEP][PASSED] - line = reader.readLine(): null

27-02-2025T17:34:04 - [TEST_STEP][PASSED] - println(line): null

27-02-2025T17:34:04 - [TEST_STEP][PASSED] - group = line.indexOf("<Group>"): null

27-02-2025T17:34:04 - [TEST_STEP][PASSED] - println(group): null

27-02-2025T17:34:04 - [TEST_STEP][PASSED] - if (group >= 0): null

27-02-2025T17:34:04 - [TEST_STEP][PASSED] - else: null

27-02-2025T17:34:04 - [TEST_STEP][PASSED] - if (include): null

27-02-2025T17:34:04 - [TEST_STEP][PASSED] - println(line): null

27-02-2025T17:34:04 - [TEST_STEP][PASSED] - comma = line.indexOf(",y"): null

27-02-2025T17:34:04 - [TEST_STEP][PASSED] - if (comma > 0): null

27-02-2025T17:34:04 - [TEST_STEP][PASSED] - line = reader.readLine(): null

27-02-2025T17:34:04 - [TEST_STEP][PASSED] - println(line): null

27-02-2025T17:34:04 - [TEST_STEP][PASSED] - group = line.indexOf("<Group>"): null

27-02-2025T17:34:04 - [TEST_STEP][PASSED] - println(group): null

27-02-2025T17:34:04 - [TEST_STEP][PASSED] - if (group >= 0): null

27-02-2025T17:34:04 - [TEST_STEP][PASSED] - else: null

27-02-2025T17:34:04 - [TEST_STEP][PASSED] - if (include): null

27-02-2025T17:34:04 - [TEST_STEP][PASSED] - println(line): null

27-02-2025T17:34:04 - [TEST_STEP][PASSED] - comma = line.indexOf(",y"): null

27-02-2025T17:34:04 - [TEST_STEP][PASSED] - if (comma > 0): null

27-02-2025T17:34:04 - [TEST_STEP][PASSED] - line = reader.readLine(): null

27-02-2025T17:34:04 - [TEST_STEP][PASSED] - println(line): null

27-02-2025T17:34:04 - [TEST_STEP][PASSED] - group = line.indexOf("<Group>"): null

27-02-2025T17:34:04 - [TEST_STEP][PASSED] - println(group): null

27-02-2025T17:34:04 - [TEST_STEP][PASSED] - if (group >= 0): null

27-02-2025T17:34:04 - [TEST_STEP][PASSED] - selections = line.substring(group + 7, line.length() - 1): null

27-02-2025T17:34:04 - [TEST_STEP][PASSED] - println(selections): null

27-02-2025T17:34:04 - [TEST_STEP][PASSED] - if (selections == varSelections): null

27-02-2025T17:34:04 - [TEST_STEP][PASSED] - else: null

27-02-2025T17:34:04 - [TEST_STEP][PASSED] - include = false: null

27-02-2025T17:34:04 - [TEST_STEP][PASSED] - line = reader.readLine(): null

27-02-2025T17:34:04 - [TEST_STEP][PASSED] - println(line): null

27-02-2025T17:34:04 - [TEST_STEP][PASSED] - group = line.indexOf("<Group>"): null

27-02-2025T17:34:04 - [TEST_STEP][PASSED] - println(group): null

27-02-2025T17:34:04 - [TEST_STEP][PASSED] - if (group >= 0): null

27-02-2025T17:34:04 - [TEST_STEP][PASSED] - else: null

27-02-2025T17:34:04 - [TEST_STEP][PASSED] - if (include): null

27-02-2025T17:34:04 - [TEST_STEP][PASSED] - line = reader.readLine(): null

27-02-2025T17:34:04 - [TEST_STEP][PASSED] - println(line): null

27-02-2025T17:34:04 - [TEST_STEP][PASSED] - group = line.indexOf("<Group>"): null

27-02-2025T17:34:04 - [TEST_STEP][PASSED] - println(group): null

27-02-2025T17:34:04 - [TEST_STEP][PASSED] - if (group >= 0): null

27-02-2025T17:34:04 - [TEST_STEP][PASSED] - else: null

27-02-2025T17:34:04 - [TEST_STEP][PASSED] - if (include): null

27-02-2025T17:34:04 - [TEST_STEP][PASSED] - line = reader.readLine(): null

27-02-2025T17:34:04 - [TEST_STEP][PASSED] - println(line): null

27-02-2025T17:34:04 - [TEST_STEP][PASSED] - group = line.indexOf("<Group>"): null

27-02-2025T17:34:04 - [TEST_STEP][PASSED] - println(group): null

27-02-2025T17:34:04 - [TEST_STEP][PASSED] - if (group >= 0): null

27-02-2025T17:34:04 - [TEST_STEP][PASSED] - else: null

27-02-2025T17:34:04 - [TEST_STEP][PASSED] - if (include): null

27-02-2025T17:34:04 - [TEST_STEP][PASSED] - line = reader.readLine(): null

27-02-2025T17:34:04 - [TEST_STEP][PASSED] - println(line): null

27-02-2025T17:34:04 - [TEST_STEP][PASSED] - group = line.indexOf("<Group>"): null

27-02-2025T17:34:04 - [TEST_STEP][PASSED] - println(group): null

27-02-2025T17:34:04 - [TEST_STEP][PASSED] - if (group >= 0): null

27-02-2025T17:34:04 - [TEST_STEP][PASSED] - else: null

27-02-2025T17:34:04 - [TEST_STEP][PASSED] - if (include): null

27-02-2025T17:34:04 - [TEST_STEP][PASSED] - line = reader.readLine(): null

27-02-2025T17:34:04 - [TEST_STEP][PASSED] - println(line): null

27-02-2025T17:34:04 - [TEST_STEP][PASSED] - group = line.indexOf("<Group>"): null

27-02-2025T17:34:04 - [TEST_STEP][PASSED] - println(group): null

27-02-2025T17:34:04 - [TEST_STEP][PASSED] - if (group >= 0): null

27-02-2025T17:34:04 - [TEST_STEP][PASSED] - else: null

27-02-2025T17:34:04 - [TEST_STEP][PASSED] - if (include): null

27-02-2025T17:34:04 - [TEST_STEP][PASSED] - line = reader.readLine(): null

27-02-2025T17:34:04 - [TEST_STEP][PASSED] - println(line): null

27-02-2025T17:34:04 - [TEST_STEP][PASSED] - group = line.indexOf("<Group>"): null

27-02-2025T17:34:04 - [TEST_STEP][PASSED] - println(group): null

27-02-2025T17:34:04 - [TEST_STEP][PASSED] - if (group >= 0): null

27-02-2025T17:34:04 - [TEST_STEP][PASSED] - else: null

27-02-2025T17:34:04 - [TEST_STEP][PASSED] - if (include): null

27-02-2025T17:34:04 - [TEST_STEP][PASSED] - line = reader.readLine(): null

27-02-2025T17:34:04 - [TEST_STEP][PASSED] - println(line): null

27-02-2025T17:34:04 - [TEST_STEP][PASSED] - group = line.indexOf("<Group>"): null

27-02-2025T17:34:04 - [TEST_STEP][PASSED] - println(group): null

27-02-2025T17:34:04 - [TEST_STEP][PASSED] - if (group >= 0): null

27-02-2025T17:34:04 - [TEST_STEP][PASSED] - else: null

27-02-2025T17:34:04 - [TEST_STEP][PASSED] - if (include): null

27-02-2025T17:34:04 - [TEST_STEP][PASSED] - line = reader.readLine(): null

27-02-2025T17:34:04 - [TEST_STEP][PASSED] - println(line): null

27-02-2025T17:34:04 - [TEST_STEP][PASSED] - group = line.indexOf("<Group>"): null

27-02-2025T17:34:04 - [TEST_STEP][PASSED] - println(group): null

27-02-2025T17:34:04 - [TEST_STEP][PASSED] - if (group >= 0): null

27-02-2025T17:34:04 - [TEST_STEP][PASSED] - else: null

27-02-2025T17:34:04 - [TEST_STEP][PASSED] - if (include): null

27-02-2025T17:34:04 - [TEST_STEP][PASSED] - line = reader.readLine(): null

27-02-2025T17:34:04 - [TEST_STEP][PASSED] - println(line): null

27-02-2025T17:34:04 - [TEST_STEP][PASSED] - group = line.indexOf("<Group>"): null

27-02-2025T17:34:04 - [TEST_STEP][PASSED] - println(group): null

27-02-2025T17:34:04 - [TEST_STEP][PASSED] - if (group >= 0): null

27-02-2025T17:34:04 - [TEST_STEP][PASSED] - else: null

27-02-2025T17:34:04 - [TEST_STEP][PASSED] - if (include): null

27-02-2025T17:34:04 - [TEST_STEP][PASSED] - line = reader.readLine(): null

27-02-2025T17:34:04 - [TEST_STEP][PASSED] - println(line): null

27-02-2025T17:34:04 - [TEST_STEP][PASSED] - group = line.indexOf("<Group>"): null

27-02-2025T17:34:04 - [TEST_STEP][PASSED] - println(group): null

27-02-2025T17:34:04 - [TEST_STEP][PASSED] - if (group >= 0): null

27-02-2025T17:34:04 - [TEST_STEP][PASSED] - else: null

27-02-2025T17:34:04 - [TEST_STEP][PASSED] - if (include): null

27-02-2025T17:34:04 - [TEST_STEP][PASSED] - line = reader.readLine(): null

27-02-2025T17:34:04 - [TEST_STEP][PASSED] - println(line): null

27-02-2025T17:34:04 - [TEST_STEP][PASSED] - group = line.indexOf("<Group>"): null

27-02-2025T17:34:04 - [TEST_STEP][PASSED] - println(group): null

27-02-2025T17:34:04 - [TEST_STEP][PASSED] - if (group >= 0): null

27-02-2025T17:34:04 - [TEST_STEP][PASSED] - else: null

27-02-2025T17:34:04 - [TEST_STEP][PASSED] - if (include): null

27-02-2025T17:34:04 - [TEST_STEP][PASSED] - line = reader.readLine(): null

27-02-2025T17:34:04 - [TEST_STEP][PASSED] - println(line): null

27-02-2025T17:34:04 - [TEST_STEP][PASSED] - group = line.indexOf("<Group>"): null

27-02-2025T17:34:04 - [TEST_STEP][PASSED] - println(group): null

27-02-2025T17:34:04 - [TEST_STEP][PASSED] - if (group >= 0): null

27-02-2025T17:34:04 - [TEST_STEP][PASSED] - else: null

27-02-2025T17:34:04 - [TEST_STEP][PASSED] - if (include): null

27-02-2025T17:34:04 - [TEST_STEP][PASSED] - line = reader.readLine(): null

27-02-2025T17:34:04 - [TEST_STEP][PASSED] - println(line): null

27-02-2025T17:34:04 - [TEST_STEP][PASSED] - group = line.indexOf("<Group>"): null

27-02-2025T17:34:04 - [TEST_STEP][PASSED] - println(group): null

27-02-2025T17:34:04 - [TEST_STEP][PASSED] - if (group >= 0): null

27-02-2025T17:34:04 - [TEST_STEP][PASSED] - else: null

27-02-2025T17:34:04 - [TEST_STEP][PASSED] - if (include): null

27-02-2025T17:34:04 - [TEST_STEP][PASSED] - line = reader.readLine(): null

27-02-2025T17:34:04 - [TEST_STEP][PASSED] - println(line): null

27-02-2025T17:34:04 - [TEST_STEP][PASSED] - group = line.indexOf("<Group>"): null

27-02-2025T17:34:04 - [TEST_STEP][PASSED] - println(group): null

27-02-2025T17:34:04 - [TEST_STEP][PASSED] - if (group >= 0): null

27-02-2025T17:34:04 - [TEST_STEP][PASSED] - else: null

27-02-2025T17:34:04 - [TEST_STEP][PASSED] - if (include): null

27-02-2025T17:34:04 - [TEST_STEP][PASSED] - line = reader.readLine(): null

27-02-2025T17:34:04 - [TEST_STEP][PASSED] - println(line): null

27-02-2025T17:34:04 - [TEST_STEP][PASSED] - group = line.indexOf("<Group>"): null

27-02-2025T17:34:04 - [TEST_STEP][PASSED] - println(group): null

27-02-2025T17:34:04 - [TEST_STEP][PASSED] - if (group >= 0): null

27-02-2025T17:34:04 - [TEST_STEP][PASSED] - else: null

27-02-2025T17:34:04 - [TEST_STEP][PASSED] - if (include): null

27-02-2025T17:34:04 - [TEST_STEP][PASSED] - line = reader.readLine(): null

27-02-2025T17:34:04 - [TEST_STEP][PASSED] - println(line): null

27-02-2025T17:34:04 - [TEST_STEP][PASSED] - group = line.indexOf("<Group>"): null

27-02-2025T17:34:04 - [TEST_STEP][PASSED] - println(group): null

27-02-2025T17:34:04 - [TEST_STEP][PASSED] - if (group >= 0): null

27-02-2025T17:34:04 - [TEST_STEP][PASSED] - else: null

27-02-2025T17:34:04 - [TEST_STEP][PASSED] - if (include): null

27-02-2025T17:34:04 - [TEST_STEP][PASSED] - line = reader.readLine(): null

27-02-2025T17:34:04 - [TEST_STEP][PASSED] - println(line): null

27-02-2025T17:34:04 - [TEST_STEP][PASSED] - group = line.indexOf("<Group>"): null

27-02-2025T17:34:04 - [TEST_STEP][PASSED] - println(group): null

27-02-2025T17:34:04 - [TEST_STEP][PASSED] - if (group >= 0): null

27-02-2025T17:34:04 - [TEST_STEP][PASSED] - else: null

27-02-2025T17:34:04 - [TEST_STEP][PASSED] - if (include): null

27-02-2025T17:34:04 - [TEST_STEP][PASSED] - line = reader.readLine(): null

27-02-2025T17:34:04 - [TEST_STEP][PASSED] - println(line): null

27-02-2025T17:34:04 - [TEST_STEP][PASSED] - group = line.indexOf("<Group>"): null

27-02-2025T17:34:04 - [TEST_STEP][PASSED] - println(group): null

27-02-2025T17:34:04 - [TEST_STEP][PASSED] - if (group >= 0): null

27-02-2025T17:34:04 - [TEST_STEP][PASSED] - else: null

27-02-2025T17:34:04 - [TEST_STEP][PASSED] - if (include): null

27-02-2025T17:34:04 - [TEST_STEP][PASSED] - line = reader.readLine(): null

27-02-2025T17:34:04 - [TEST_STEP][PASSED] - println(line): null

27-02-2025T17:34:04 - [TEST_STEP][PASSED] - group = line.indexOf("<Group>"): null

27-02-2025T17:34:04 - [TEST_STEP][PASSED] - println(group): null

27-02-2025T17:34:04 - [TEST_STEP][PASSED] - if (group >= 0): null

27-02-2025T17:34:04 - [TEST_STEP][PASSED] - else: null

27-02-2025T17:34:04 - [TEST_STEP][PASSED] - if (include): null

27-02-2025T17:34:04 - [TEST_STEP][PASSED] - line = reader.readLine(): null

27-02-2025T17:34:04 - [TEST_STEP][PASSED] - println(line): null

27-02-2025T17:34:04 - [TEST_STEP][PASSED] - group = line.indexOf("<Group>"): null

27-02-2025T17:34:04 - [TEST_STEP][PASSED] - println(group): null

27-02-2025T17:34:04 - [TEST_STEP][PASSED] - if (group >= 0): null

27-02-2025T17:34:04 - [TEST_STEP][PASSED] - else: null

27-02-2025T17:34:04 - [TEST_STEP][PASSED] - if (include): null

27-02-2025T17:34:04 - [TEST_STEP][PASSED] - line = reader.readLine(): null

27-02-2025T17:34:04 - [TEST_STEP][PASSED] - println(line): null

27-02-2025T17:34:04 - [TEST_STEP][PASSED] - group = line.indexOf("<Group>"): null

27-02-2025T17:34:04 - [TEST_STEP][PASSED] - println(group): null

27-02-2025T17:34:04 - [TEST_STEP][PASSED] - if (group >= 0): null

27-02-2025T17:34:04 - [TEST_STEP][PASSED] - else: null

27-02-2025T17:34:04 - [TEST_STEP][PASSED] - if (include): null

27-02-2025T17:34:04 - [TEST_STEP][PASSED] - line = reader.readLine(): null

27-02-2025T17:34:04 - [TEST_STEP][PASSED] - println(line): null

27-02-2025T17:34:04 - [TEST_STEP][PASSED] - group = line.indexOf("<Group>"): null

27-02-2025T17:34:04 - [TEST_STEP][PASSED] - println(group): null

27-02-2025T17:34:04 - [TEST_STEP][PASSED] - if (group >= 0): null

27-02-2025T17:34:04 - [TEST_STEP][PASSED] - else: null

27-02-2025T17:34:04 - [TEST_STEP][PASSED] - if (include): null

27-02-2025T17:34:04 - [TEST_STEP][PASSED] - line = reader.readLine(): null

27-02-2025T17:34:04 - [TEST_STEP][PASSED] - println(line): null

27-02-2025T17:34:04 - [TEST_STEP][PASSED] - group = line.indexOf("<Group>"): null

27-02-2025T17:34:04 - [TEST_STEP][PASSED] - println(group): null

27-02-2025T17:34:04 - [TEST_STEP][PASSED] - if (group >= 0): null

27-02-2025T17:34:04 - [TEST_STEP][PASSED] - else: null

27-02-2025T17:34:04 - [TEST_STEP][PASSED] - if (include): null

27-02-2025T17:34:04 - [TEST_STEP][PASSED] - line = reader.readLine(): null

27-02-2025T17:34:04 - [TEST_STEP][PASSED] - println(line): null

27-02-2025T17:34:04 - [TEST_STEP][PASSED] - group = line.indexOf("<Group>"): null

27-02-2025T17:34:04 - [TEST_STEP][PASSED] - println(group): null

27-02-2025T17:34:04 - [TEST_STEP][PASSED] - if (group >= 0): null

27-02-2025T17:34:04 - [TEST_STEP][PASSED] - else: null

27-02-2025T17:34:04 - [TEST_STEP][PASSED] - if (include): null

27-02-2025T17:34:04 - [TEST_STEP][PASSED] - line = reader.readLine(): null

27-02-2025T17:34:04 - [TEST_STEP][PASSED] - println(line): null

27-02-2025T17:34:04 - [TEST_STEP][PASSED] - group = line.indexOf("<Group>"): null

27-02-2025T17:34:04 - [TEST_STEP][PASSED] - println(group): null

27-02-2025T17:34:04 - [TEST_STEP][PASSED] - if (group >= 0): null

27-02-2025T17:34:04 - [TEST_STEP][PASSED] - else: null

27-02-2025T17:34:04 - [TEST_STEP][PASSED] - if (include): null

27-02-2025T17:34:04 - [TEST_STEP][PASSED] - line = reader.readLine(): null

27-02-2025T17:34:04 - [TEST_STEP][PASSED] - println(line): null

27-02-2025T17:34:04 - [TEST_STEP][PASSED] - group = line.indexOf("<Group>"): null

27-02-2025T17:34:04 - [TEST_STEP][PASSED] - println(group): null

27-02-2025T17:34:04 - [TEST_STEP][PASSED] - if (group >= 0): null

27-02-2025T17:34:04 - [TEST_STEP][PASSED] - else: null

27-02-2025T17:34:04 - [TEST_STEP][PASSED] - if (include): null

27-02-2025T17:34:04 - [TEST_STEP][PASSED] - line = reader.readLine(): null

27-02-2025T17:34:04 - [TEST_STEP][PASSED] - println(line): null

27-02-2025T17:34:04 - [TEST_STEP][PASSED] - group = line.indexOf("<Group>"): null

27-02-2025T17:34:04 - [TEST_STEP][PASSED] - println(group): null

27-02-2025T17:34:04 - [TEST_STEP][PASSED] - if (group >= 0): null

27-02-2025T17:34:04 - [TEST_STEP][PASSED] - else: null

27-02-2025T17:34:04 - [TEST_STEP][PASSED] - if (include): null

27-02-2025T17:34:04 - [TEST_STEP][PASSED] - line = reader.readLine(): null

27-02-2025T17:34:04 - [TEST_STEP][PASSED] - println(line): null

27-02-2025T17:34:04 - [TEST_STEP][PASSED] - group = line.indexOf("<Group>"): null

27-02-2025T17:34:04 - [TEST_STEP][PASSED] - println(group): null

27-02-2025T17:34:04 - [TEST_STEP][PASSED] - if (group >= 0): null

27-02-2025T17:34:04 - [TEST_STEP][PASSED] - else: null

27-02-2025T17:34:04 - [TEST_STEP][PASSED] - if (include): null

27-02-2025T17:34:04 - [TEST_STEP][PASSED] - line = reader.readLine(): null

27-02-2025T17:34:04 - [TEST_STEP][PASSED] - println(line): null

27-02-2025T17:34:04 - [TEST_STEP][PASSED] - group = line.indexOf("<Group>"): null

27-02-2025T17:34:04 - [TEST_STEP][PASSED] - println(group): null

27-02-2025T17:34:04 - [TEST_STEP][PASSED] - if (group >= 0): null

27-02-2025T17:34:04 - [TEST_STEP][PASSED] - else: null

27-02-2025T17:34:04 - [TEST_STEP][PASSED] - if (include): null

27-02-2025T17:34:04 - [TEST_STEP][PASSED] - line = reader.readLine(): null

27-02-2025T17:34:04 - [TEST_STEP][PASSED] - println(line): null

27-02-2025T17:34:04 - [TEST_STEP][PASSED] - group = line.indexOf("<Group>"): null

27-02-2025T17:34:04 - [TEST_STEP][PASSED] - println(group): null

27-02-2025T17:34:04 - [TEST_STEP][PASSED] - if (group >= 0): null

27-02-2025T17:34:04 - [TEST_STEP][PASSED] - else: null

27-02-2025T17:34:04 - [TEST_STEP][PASSED] - if (include): null

27-02-2025T17:34:04 - [TEST_STEP][PASSED] - line = reader.readLine(): null

27-02-2025T17:34:04 - [TEST_STEP][PASSED] - println(line): null

27-02-2025T17:34:04 - [TEST_STEP][PASSED] - group = line.indexOf("<Group>"): null

27-02-2025T17:34:04 - [TEST_STEP][PASSED] - println(group): null

27-02-2025T17:34:04 - [TEST_STEP][PASSED] - if (group >= 0): null

27-02-2025T17:34:04 - [TEST_STEP][PASSED] - else: null

27-02-2025T17:34:04 - [TEST_STEP][PASSED] - if (include): null

27-02-2025T17:34:04 - [TEST_STEP][PASSED] - line = reader.readLine(): null

27-02-2025T17:34:04 - [TEST_STEP][PASSED] - println(line): null

27-02-2025T17:34:04 - [TEST_STEP][PASSED] - group = line.indexOf("<Group>"): null

27-02-2025T17:34:04 - [TEST_STEP][PASSED] - println(group): null

27-02-2025T17:34:04 - [TEST_STEP][PASSED] - if (group >= 0): null

27-02-2025T17:34:04 - [TEST_STEP][PASSED] - else: null

27-02-2025T17:34:04 - [TEST_STEP][PASSED] - if (include): null

27-02-2025T17:34:04 - [TEST_STEP][PASSED] - line = reader.readLine(): null

27-02-2025T17:34:04 - [TEST_STEP][PASSED] - println(line): null

27-02-2025T17:34:04 - [TEST_STEP][PASSED] - group = line.indexOf("<Group>"): null

27-02-2025T17:34:04 - [TEST_STEP][PASSED] - println(group): null

27-02-2025T17:34:04 - [TEST_STEP][PASSED] - if (group >= 0): null

27-02-2025T17:34:04 - [TEST_STEP][PASSED] - else: null

27-02-2025T17:34:04 - [TEST_STEP][PASSED] - if (include): null

27-02-2025T17:34:04 - [TEST_STEP][PASSED] - line = reader.readLine(): null

27-02-2025T17:34:04 - [TEST_STEP][PASSED] - println(line): null

27-02-2025T17:34:04 - [TEST_STEP][PASSED] - group = line.indexOf("<Group>"): null

27-02-2025T17:34:04 - [TEST_STEP][PASSED] - println(group): null

27-02-2025T17:34:04 - [TEST_STEP][PASSED] - if (group >= 0): null

27-02-2025T17:34:04 - [TEST_STEP][PASSED] - else: null

27-02-2025T17:34:04 - [TEST_STEP][PASSED] - if (include): null

27-02-2025T17:34:04 - [TEST_STEP][PASSED] - line = reader.readLine(): null

27-02-2025T17:34:04 - [TEST_STEP][PASSED] - println(line): null

27-02-2025T17:34:04 - [TEST_STEP][PASSED] - group = line.indexOf("<Group>"): null

27-02-2025T17:34:04 - [TEST_STEP][PASSED] - println(group): null

27-02-2025T17:34:04 - [TEST_STEP][PASSED] - if (group >= 0): null

27-02-2025T17:34:04 - [TEST_STEP][PASSED] - else: null

27-02-2025T17:34:04 - [TEST_STEP][PASSED] - if (include): null

27-02-2025T17:34:04 - [TEST_STEP][PASSED] - line = reader.readLine(): null

27-02-2025T17:34:04 - [TEST_STEP][PASSED] - println(line): null

27-02-2025T17:34:04 - [TEST_STEP][PASSED] - group = line.indexOf("<Group>"): null

27-02-2025T17:34:04 - [TEST_STEP][PASSED] - println(group): null

27-02-2025T17:34:04 - [TEST_STEP][PASSED] - if (group >= 0): null

27-02-2025T17:34:04 - [TEST_STEP][PASSED] - else: null

27-02-2025T17:34:04 - [TEST_STEP][PASSED] - if (include): null

27-02-2025T17:34:04 - [TEST_STEP][PASSED] - line = reader.readLine(): null

27-02-2025T17:34:04 - [TEST_STEP][PASSED] - println(line): null

27-02-2025T17:34:04 - [TEST_STEP][PASSED] - group = line.indexOf("<Group>"): null

27-02-2025T17:34:04 - [TEST_STEP][PASSED] - println(group): null

27-02-2025T17:34:04 - [TEST_STEP][PASSED] - if (group >= 0): null

27-02-2025T17:34:04 - [TEST_STEP][PASSED] - else: null

27-02-2025T17:34:04 - [TEST_STEP][PASSED] - if (include): null

27-02-2025T17:34:04 - [TEST_STEP][PASSED] - line = reader.readLine(): null

27-02-2025T17:34:04 - [TEST_STEP][PASSED] - println(line): null

27-02-2025T17:34:04 - [TEST_STEP][PASSED] - group = line.indexOf("<Group>"): null

27-02-2025T17:34:04 - [TEST_STEP][PASSED] - println(group): null

27-02-2025T17:34:04 - [TEST_STEP][PASSED] - if (group >= 0): null

27-02-2025T17:34:04 - [TEST_STEP][PASSED] - else: null

27-02-2025T17:34:04 - [TEST_STEP][PASSED] - if (include): null

27-02-2025T17:34:04 - [TEST_STEP][PASSED] - line = reader.readLine(): null

27-02-2025T17:34:04 - [TEST_STEP][PASSED] - println(line): null

27-02-2025T17:34:04 - [TEST_STEP][PASSED] - group = line.indexOf("<Group>"): null

27-02-2025T17:34:04 - [TEST_STEP][PASSED] - println(group): null

27-02-2025T17:34:04 - [TEST_STEP][PASSED] - if (group >= 0): null

27-02-2025T17:34:04 - [TEST_STEP][PASSED] - else: null

27-02-2025T17:34:04 - [TEST_STEP][PASSED] - if (include): null

27-02-2025T17:34:04 - [TEST_STEP][PASSED] - line = reader.readLine(): null

27-02-2025T17:34:04 - [TEST_STEP][PASSED] - println(line): null

27-02-2025T17:34:04 - [TEST_STEP][PASSED] - group = line.indexOf("<Group>"): null

27-02-2025T17:34:04 - [TEST_STEP][PASSED] - println(group): null

27-02-2025T17:34:04 - [TEST_STEP][PASSED] - if (group >= 0): null

27-02-2025T17:34:04 - [TEST_STEP][PASSED] - else: null

27-02-2025T17:34:04 - [TEST_STEP][PASSED] - if (include): null

27-02-2025T17:34:04 - [TEST_STEP][PASSED] - line = reader.readLine(): null

27-02-2025T17:34:04 - [TEST_STEP][PASSED] - println(line): null

27-02-2025T17:34:04 - [TEST_STEP][PASSED] - group = line.indexOf("<Group>"): null

27-02-2025T17:34:04 - [TEST_STEP][PASSED] - println(group): null

27-02-2025T17:34:04 - [TEST_STEP][PASSED] - if (group >= 0): null

27-02-2025T17:34:04 - [TEST_STEP][PASSED] - else: null

27-02-2025T17:34:04 - [TEST_STEP][PASSED] - if (include): null

27-02-2025T17:34:04 - [TEST_STEP][PASSED] - line = reader.readLine(): null

27-02-2025T17:34:04 - [TEST_STEP][PASSED] - println(line): null

27-02-2025T17:34:04 - [TEST_STEP][PASSED] - group = line.indexOf("<Group>"): null

27-02-2025T17:34:04 - [TEST_STEP][PASSED] - println(group): null

27-02-2025T17:34:04 - [TEST_STEP][PASSED] - if (group >= 0): null

27-02-2025T17:34:04 - [TEST_STEP][PASSED] - else: null

27-02-2025T17:34:04 - [TEST_STEP][PASSED] - if (include): null

27-02-2025T17:34:04 - [TEST_STEP][PASSED] - line = reader.readLine(): null

27-02-2025T17:34:04 - [TEST_STEP][PASSED] - println(line): null

27-02-2025T17:34:04 - [TEST_STEP][PASSED] - group = line.indexOf("<Group>"): null

27-02-2025T17:34:04 - [TEST_STEP][PASSED] - println(group): null

27-02-2025T17:34:04 - [TEST_STEP][PASSED] - if (group >= 0): null

27-02-2025T17:34:04 - [TEST_STEP][PASSED] - else: null

27-02-2025T17:34:04 - [TEST_STEP][PASSED] - if (include): null

27-02-2025T17:34:04 - [TEST_STEP][PASSED] - line = reader.readLine(): null

27-02-2025T17:34:04 - [TEST_STEP][PASSED] - println(line): null

27-02-2025T17:34:04 - [TEST_STEP][PASSED] - group = line.indexOf("<Group>"): null

27-02-2025T17:34:04 - [TEST_STEP][PASSED] - println(group): null

27-02-2025T17:34:04 - [TEST_STEP][PASSED] - if (group >= 0): null

27-02-2025T17:34:04 - [TEST_STEP][PASSED] - else: null

27-02-2025T17:34:04 - [TEST_STEP][PASSED] - if (include): null

27-02-2025T17:34:04 - [TEST_STEP][PASSED] - line = reader.readLine(): null

27-02-2025T17:34:04 - [TEST_STEP][PASSED] - println(line): null

27-02-2025T17:34:04 - [TEST_STEP][PASSED] - group = line.indexOf("<Group>"): null

27-02-2025T17:34:04 - [TEST_STEP][PASSED] - println(group): null

27-02-2025T17:34:04 - [TEST_STEP][PASSED] - if (group >= 0): null

27-02-2025T17:34:04 - [TEST_STEP][PASSED] - else: null

27-02-2025T17:34:04 - [TEST_STEP][PASSED] - if (include): null

27-02-2025T17:34:04 - [TEST_STEP][PASSED] - line = reader.readLine(): null

27-02-2025T17:34:04 - [TEST_STEP][PASSED] - println(line): null

27-02-2025T17:34:04 - [TEST_STEP][PASSED] - group = line.indexOf("<Group>"): null

27-02-2025T17:34:04 - [TEST_STEP][PASSED] - println(group): null

27-02-2025T17:34:04 - [TEST_STEP][PASSED] - if (group >= 0): null

27-02-2025T17:34:04 - [TEST_STEP][PASSED] - else: null

27-02-2025T17:34:04 - [TEST_STEP][PASSED] - if (include): null

27-02-2025T17:34:04 - [TEST_STEP][PASSED] - line = reader.readLine(): null

27-02-2025T17:34:04 - [TEST_STEP][PASSED] - println(line): null

27-02-2025T17:34:04 - [TEST_STEP][PASSED] - group = line.indexOf("<Group>"): null

27-02-2025T17:34:04 - [TEST_STEP][PASSED] - println(group): null

27-02-2025T17:34:04 - [TEST_STEP][PASSED] - if (group >= 0): null

27-02-2025T17:34:04 - [TEST_STEP][PASSED] - else: null

27-02-2025T17:34:04 - [TEST_STEP][PASSED] - if (include): null

27-02-2025T17:34:04 - [TEST_STEP][PASSED] - line = reader.readLine(): null

27-02-2025T17:34:04 - [TEST_STEP][PASSED] - println(line): null

27-02-2025T17:34:04 - [TEST_STEP][PASSED] - group = line.indexOf("<Group>"): null

27-02-2025T17:34:04 - [TEST_STEP][PASSED] - println(group): null

27-02-2025T17:34:04 - [TEST_STEP][PASSED] - if (group >= 0): null

27-02-2025T17:34:04 - [TEST_STEP][PASSED] - else: null

27-02-2025T17:34:04 - [TEST_STEP][PASSED] - if (include): null

27-02-2025T17:34:04 - [TEST_STEP][PASSED] - line = reader.readLine(): null

27-02-2025T17:34:04 - [TEST_STEP][PASSED] - println(line): null

27-02-2025T17:34:04 - [TEST_STEP][PASSED] - group = line.indexOf("<Group>"): null

27-02-2025T17:34:04 - [TEST_STEP][PASSED] - println(group): null

27-02-2025T17:34:04 - [TEST_STEP][PASSED] - if (group >= 0): null

27-02-2025T17:34:04 - [TEST_STEP][PASSED] - else: null

27-02-2025T17:34:04 - [TEST_STEP][PASSED] - if (include): null

27-02-2025T17:34:04 - [TEST_STEP][PASSED] - line = reader.readLine(): null

27-02-2025T17:34:04 - [TEST_STEP][PASSED] - println(line): null

27-02-2025T17:34:04 - [TEST_STEP][PASSED] - group = line.indexOf("<Group>"): null

27-02-2025T17:34:04 - [TEST_STEP][PASSED] - println(group): null

27-02-2025T17:34:04 - [TEST_STEP][PASSED] - if (group >= 0): null

27-02-2025T17:34:04 - [TEST_STEP][PASSED] - else: null

27-02-2025T17:34:04 - [TEST_STEP][PASSED] - if (include): null

27-02-2025T17:34:04 - [TEST_STEP][PASSED] - line = reader.readLine(): null

27-02-2025T17:34:04 - [TEST_STEP][PASSED] - println(line): null

27-02-2025T17:34:04 - [TEST_STEP][PASSED] - group = line.indexOf("<Group>"): null

27-02-2025T17:34:04 - [TEST_STEP][PASSED] - println(group): null

27-02-2025T17:34:04 - [TEST_STEP][PASSED] - if (group >= 0): null

27-02-2025T17:34:04 - [TEST_STEP][PASSED] - else: null

27-02-2025T17:34:04 - [TEST_STEP][PASSED] - if (include): null

27-02-2025T17:34:04 - [TEST_STEP][PASSED] - line = reader.readLine(): null

27-02-2025T17:34:04 - [TEST_STEP][PASSED] - println(line): null

27-02-2025T17:34:04 - [TEST_STEP][PASSED] - group = line.indexOf("<Group>"): null

27-02-2025T17:34:04 - [TEST_STEP][PASSED] - println(group): null

27-02-2025T17:34:04 - [TEST_STEP][PASSED] - if (group >= 0): null

27-02-2025T17:34:04 - [TEST_STEP][PASSED] - else: null

27-02-2025T17:34:04 - [TEST_STEP][PASSED] - if (include): null

27-02-2025T17:34:04 - [TEST_STEP][PASSED] - line = reader.readLine(): null

27-02-2025T17:34:04 - [TEST_STEP][PASSED] - println(line): null

27-02-2025T17:34:04 - [TEST_STEP][PASSED] - group = line.indexOf("<Group>"): null

27-02-2025T17:34:04 - [TEST_STEP][PASSED] - println(group): null

27-02-2025T17:34:04 - [TEST_STEP][PASSED] - if (group >= 0): null

27-02-2025T17:34:04 - [TEST_STEP][PASSED] - else: null

27-02-2025T17:34:04 - [TEST_STEP][PASSED] - if (include): null

27-02-2025T17:34:04 - [TEST_STEP][PASSED] - line = reader.readLine(): null

27-02-2025T17:34:04 - [TEST_STEP][PASSED] - println(line): null

27-02-2025T17:34:04 - [TEST_STEP][PASSED] - group = line.indexOf("<Group>"): null

27-02-2025T17:34:04 - [TEST_STEP][PASSED] - println(group): null

27-02-2025T17:34:04 - [TEST_STEP][PASSED] - if (group >= 0): null

27-02-2025T17:34:04 - [TEST_STEP][PASSED] - else: null

27-02-2025T17:34:04 - [TEST_STEP][PASSED] - if (include): null

27-02-2025T17:34:04 - [TEST_STEP][PASSED] - line = reader.readLine(): null

27-02-2025T17:34:04 - [TEST_STEP][PASSED] - println(line): null

27-02-2025T17:34:04 - [TEST_STEP][PASSED] - group = line.indexOf("<Group>"): null

27-02-2025T17:34:04 - [TEST_STEP][PASSED] - println(group): null

27-02-2025T17:34:04 - [TEST_STEP][PASSED] - if (group >= 0): null

27-02-2025T17:34:04 - [TEST_STEP][PASSED] - else: null

27-02-2025T17:34:04 - [TEST_STEP][PASSED] - if (include): null

27-02-2025T17:34:04 - [TEST_STEP][PASSED] - line = reader.readLine(): null

27-02-2025T17:34:04 - [TEST_STEP][PASSED] - println(line): null

27-02-2025T17:34:04 - [TEST_STEP][PASSED] - group = line.indexOf("<Group>"): null

27-02-2025T17:34:04 - [TEST_STEP][PASSED] - println(group): null

27-02-2025T17:34:04 - [TEST_STEP][PASSED] - if (group >= 0): null

27-02-2025T17:34:04 - [TEST_STEP][PASSED] - else: null

27-02-2025T17:34:04 - [TEST_STEP][PASSED] - if (include): null

27-02-2025T17:34:04 - [TEST_STEP][PASSED] - line = reader.readLine(): null

27-02-2025T17:34:04 - [TEST_STEP][PASSED] - println(line): null

27-02-2025T17:34:04 - [TEST_STEP][PASSED] - group = line.indexOf("<Group>"): null

27-02-2025T17:34:04 - [TEST_STEP][PASSED] - println(group): null

27-02-2025T17:34:04 - [TEST_STEP][PASSED] - if (group >= 0): null

27-02-2025T17:34:04 - [TEST_STEP][PASSED] - else: null

27-02-2025T17:34:04 - [TEST_STEP][PASSED] - if (include): null

27-02-2025T17:34:04 - [TEST_STEP][PASSED] - line = reader.readLine(): null

27-02-2025T17:34:04 - [TEST_STEP][PASSED] - println(line): null

27-02-2025T17:34:04 - [TEST_STEP][PASSED] - group = line.indexOf("<Group>"): null

27-02-2025T17:34:04 - [TEST_STEP][PASSED] - println(group): null

27-02-2025T17:34:04 - [TEST_STEP][PASSED] - if (group >= 0): null

27-02-2025T17:34:04 - [TEST_STEP][PASSED] - else: null

27-02-2025T17:34:04 - [TEST_STEP][PASSED] - if (include): null

27-02-2025T17:34:04 - [TEST_STEP][PASSED] - line = reader.readLine(): null

27-02-2025T17:34:04 - [TEST_STEP][PASSED] - println(line): null

27-02-2025T17:34:04 - [TEST_STEP][PASSED] - group = line.indexOf("<Group>"): null

27-02-2025T17:34:04 - [TEST_STEP][PASSED] - println(group): null

27-02-2025T17:34:04 - [TEST_STEP][PASSED] - if (group >= 0): null

27-02-2025T17:34:04 - [TEST_STEP][PASSED] - else: null

27-02-2025T17:34:04 - [TEST_STEP][PASSED] - if (include): null

27-02-2025T17:34:04 - [TEST_STEP][PASSED] - line = reader.readLine(): null

27-02-2025T17:34:04 - [TEST_STEP][PASSED] - println(line): null

27-02-2025T17:34:04 - [TEST_STEP][PASSED] - group = line.indexOf("<Group>"): null

27-02-2025T17:34:04 - [TEST_STEP][PASSED] - println(group): null

27-02-2025T17:34:04 - [TEST_STEP][PASSED] - if (group >= 0): null

27-02-2025T17:34:04 - [TEST_STEP][PASSED] - else: null

27-02-2025T17:34:04 - [TEST_STEP][PASSED] - if (include): null

27-02-2025T17:34:04 - [TEST_STEP][PASSED] - line = reader.readLine(): null

27-02-2025T17:34:04 - [TEST_STEP][PASSED] - println(line): null

27-02-2025T17:34:04 - [TEST_STEP][PASSED] - group = line.indexOf("<Group>"): null

27-02-2025T17:34:04 - [TEST_STEP][PASSED] - println(group): null

27-02-2025T17:34:04 - [TEST_STEP][PASSED] - if (group >= 0): null

27-02-2025T17:34:04 - [TEST_STEP][PASSED] - else: null

27-02-2025T17:34:04 - [TEST_STEP][PASSED] - if (include): null

27-02-2025T17:34:04 - [TEST_STEP][PASSED] - line = reader.readLine(): null

27-02-2025T17:34:04 - [TEST_STEP][PASSED] - println(line): null

27-02-2025T17:34:04 - [TEST_STEP][PASSED] - group = line.indexOf("<Group>"): null

27-02-2025T17:34:04 - [TEST_STEP][PASSED] - println(group): null

27-02-2025T17:34:04 - [TEST_STEP][PASSED] - if (group >= 0): null

27-02-2025T17:34:04 - [TEST_STEP][PASSED] - else: null

27-02-2025T17:34:04 - [TEST_STEP][PASSED] - if (include): null

27-02-2025T17:34:04 - [TEST_STEP][PASSED] - line = reader.readLine(): null

27-02-2025T17:34:04 - [TEST_STEP][PASSED] - println(line): null

27-02-2025T17:34:04 - [TEST_STEP][PASSED] - group = line.indexOf("<Group>"): null

27-02-2025T17:34:04 - [TEST_STEP][PASSED] - println(group): null

27-02-2025T17:34:04 - [TEST_STEP][PASSED] - if (group >= 0): null

27-02-2025T17:34:04 - [TEST_STEP][PASSED] - else: null

27-02-2025T17:34:04 - [TEST_STEP][PASSED] - if (include): null

27-02-2025T17:34:04 - [TEST_STEP][PASSED] - line = reader.readLine(): null

27-02-2025T17:34:04 - [TEST_STEP][PASSED] - println(line): null

27-02-2025T17:34:04 - [TEST_STEP][PASSED] - group = line.indexOf("<Group>"): null

27-02-2025T17:34:04 - [TEST_STEP][PASSED] - println(group): null

27-02-2025T17:34:04 - [TEST_STEP][PASSED] - if (group >= 0): null

27-02-2025T17:34:04 - [TEST_STEP][PASSED] - else: null

27-02-2025T17:34:04 - [TEST_STEP][PASSED] - if (include): null

27-02-2025T17:34:04 - [TEST_STEP][PASSED] - line = reader.readLine(): null

27-02-2025T17:34:04 - [TEST_STEP][PASSED] - println(line): null

27-02-2025T17:34:04 - [TEST_STEP][PASSED] - group = line.indexOf("<Group>"): null

27-02-2025T17:34:04 - [TEST_STEP][PASSED] - println(group): null

27-02-2025T17:34:04 - [TEST_STEP][PASSED] - if (group >= 0): null

27-02-2025T17:34:04 - [TEST_STEP][PASSED] - else: null

27-02-2025T17:34:04 - [TEST_STEP][PASSED] - if (include): null

27-02-2025T17:34:04 - [TEST_STEP][PASSED] - line = reader.readLine(): null

27-02-2025T17:34:04 - [TEST_STEP][PASSED] - println(line): null

27-02-2025T17:34:04 - [TEST_STEP][PASSED] - group = line.indexOf("<Group>"): null

27-02-2025T17:34:04 - [TEST_STEP][PASSED] - println(group): null

27-02-2025T17:34:04 - [TEST_STEP][PASSED] - if (group >= 0): null

27-02-2025T17:34:04 - [TEST_STEP][PASSED] - else: null

27-02-2025T17:34:04 - [TEST_STEP][PASSED] - if (include): null

27-02-2025T17:34:04 - [TEST_STEP][PASSED] - line = reader.readLine(): null

27-02-2025T17:34:04 - [TEST_STEP][PASSED] - println(line): null

27-02-2025T17:34:04 - [TEST_STEP][PASSED] - group = line.indexOf("<Group>"): null

27-02-2025T17:34:04 - [TEST_STEP][PASSED] - println(group): null

27-02-2025T17:34:04 - [TEST_STEP][PASSED] - if (group >= 0): null

27-02-2025T17:34:04 - [TEST_STEP][PASSED] - else: null

27-02-2025T17:34:04 - [TEST_STEP][PASSED] - if (include): null

27-02-2025T17:34:04 - [TEST_STEP][PASSED] - line = reader.readLine(): null

27-02-2025T17:34:04 - [TEST_STEP][PASSED] - println(line): null

27-02-2025T17:34:04 - [TEST_STEP][PASSED] - group = line.indexOf("<Group>"): null

27-02-2025T17:34:04 - [TEST_STEP][PASSED] - println(group): null

27-02-2025T17:34:04 - [TEST_STEP][PASSED] - if (group >= 0): null

27-02-2025T17:34:04 - [TEST_STEP][PASSED] - else: null

27-02-2025T17:34:04 - [TEST_STEP][PASSED] - if (include): null

27-02-2025T17:34:04 - [TEST_STEP][PASSED] - line = reader.readLine(): null

27-02-2025T17:34:04 - [TEST_STEP][PASSED] - println(line): null

27-02-2025T17:34:04 - [TEST_STEP][PASSED] - group = line.indexOf("<Group>"): null

27-02-2025T17:34:04 - [TEST_STEP][PASSED] - println(group): null

27-02-2025T17:34:04 - [TEST_STEP][PASSED] - if (group >= 0): null

27-02-2025T17:34:04 - [TEST_STEP][PASSED] - else: null

27-02-2025T17:34:04 - [TEST_STEP][PASSED] - if (include): null

27-02-2025T17:34:04 - [TEST_STEP][PASSED] - line = reader.readLine(): null

27-02-2025T17:34:04 - [TEST_STEP][PASSED] - println(line): null

27-02-2025T17:34:04 - [TEST_STEP][PASSED] - group = line.indexOf("<Group>"): null

27-02-2025T17:34:04 - [TEST_STEP][PASSED] - println(group): null

27-02-2025T17:34:04 - [TEST_STEP][PASSED] - if (group >= 0): null

27-02-2025T17:34:04 - [TEST_STEP][PASSED] - else: null

27-02-2025T17:34:04 - [TEST_STEP][PASSED] - if (include): null

27-02-2025T17:34:04 - [TEST_STEP][PASSED] - line = reader.readLine(): null

27-02-2025T17:34:04 - [TEST_STEP][PASSED] - println(line): null

27-02-2025T17:34:04 - [TEST_STEP][PASSED] - group = line.indexOf("<Group>"): null

27-02-2025T17:34:04 - [TEST_STEP][PASSED] - println(group): null

27-02-2025T17:34:04 - [TEST_STEP][PASSED] - if (group >= 0): null

27-02-2025T17:34:04 - [TEST_STEP][PASSED] - else: null

27-02-2025T17:34:04 - [TEST_STEP][PASSED] - if (include): null

27-02-2025T17:34:04 - [TEST_STEP][PASSED] - line = reader.readLine(): null

27-02-2025T17:34:04 - [TEST_STEP][PASSED] - println(line): null

27-02-2025T17:34:04 - [TEST_STEP][PASSED] - group = line.indexOf("<Group>"): null

27-02-2025T17:34:04 - [TEST_STEP][PASSED] - println(group): null

27-02-2025T17:34:04 - [TEST_STEP][PASSED] - if (group >= 0): null

27-02-2025T17:34:04 - [TEST_STEP][PASSED] - else: null

27-02-2025T17:34:04 - [TEST_STEP][PASSED] - if (include): null

27-02-2025T17:34:04 - [TEST_STEP][PASSED] - line = reader.readLine(): null

27-02-2025T17:34:04 - [TEST_STEP][PASSED] - println(line): null

27-02-2025T17:34:04 - [TEST_STEP][PASSED] - group = line.indexOf("<Group>"): null

27-02-2025T17:34:04 - [TEST_STEP][PASSED] - println(group): null

27-02-2025T17:34:04 - [TEST_STEP][PASSED] - if (group >= 0): null

27-02-2025T17:34:04 - [TEST_STEP][PASSED] - else: null

27-02-2025T17:34:04 - [TEST_STEP][PASSED] - if (include): null

27-02-2025T17:34:04 - [TEST_STEP][PASSED] - line = reader.readLine(): null

27-02-2025T17:34:04 - [TEST_STEP][PASSED] - println(line): null

27-02-2025T17:34:04 - [TEST_STEP][PASSED] - group = line.indexOf("<Group>"): null

27-02-2025T17:34:04 - [TEST_STEP][PASSED] - println(group): null

27-02-2025T17:34:04 - [TEST_STEP][PASSED] - if (group >= 0): null

27-02-2025T17:34:04 - [TEST_STEP][PASSED] - else: null

27-02-2025T17:34:04 - [TEST_STEP][PASSED] - if (include): null

27-02-2025T17:34:04 - [TEST_STEP][PASSED] - line = reader.readLine(): null

27-02-2025T17:34:04 - [TEST_STEP][PASSED] - println(line): null

27-02-2025T17:34:04 - [TEST_STEP][PASSED] - group = line.indexOf("<Group>"): null

27-02-2025T17:34:04 - [TEST_STEP][PASSED] - println(group): null

27-02-2025T17:34:04 - [TEST_STEP][PASSED] - if (group >= 0): null

27-02-2025T17:34:04 - [TEST_STEP][PASSED] - else: null

27-02-2025T17:34:04 - [TEST_STEP][PASSED] - if (include): null

27-02-2025T17:34:04 - [TEST_STEP][PASSED] - line = reader.readLine(): null

27-02-2025T17:34:04 - [TEST_STEP][PASSED] - println(line): null

27-02-2025T17:34:04 - [TEST_STEP][PASSED] - group = line.indexOf("<Group>"): null

27-02-2025T17:34:04 - [TEST_STEP][PASSED] - println(group): null

27-02-2025T17:34:04 - [TEST_STEP][PASSED] - if (group >= 0): null

27-02-2025T17:34:04 - [TEST_STEP][PASSED] - else: null

27-02-2025T17:34:04 - [TEST_STEP][PASSED] - if (include): null

27-02-2025T17:34:04 - [TEST_STEP][PASSED] - line = reader.readLine(): null

27-02-2025T17:34:04 - [TEST_STEP][PASSED] - println(line): null

27-02-2025T17:34:04 - [TEST_STEP][PASSED] - group = line.indexOf("<Group>"): null

27-02-2025T17:34:04 - [TEST_STEP][PASSED] - println(group): null

27-02-2025T17:34:04 - [TEST_STEP][PASSED] - if (group >= 0): null

27-02-2025T17:34:04 - [TEST_STEP][PASSED] - else: null

27-02-2025T17:34:04 - [TEST_STEP][PASSED] - if (include): null

27-02-2025T17:34:04 - [TEST_STEP][PASSED] - line = reader.readLine(): null

27-02-2025T17:34:04 - [TEST_STEP][PASSED] - println(line): null

27-02-2025T17:34:04 - [TEST_STEP][PASSED] - group = line.indexOf("<Group>"): null

27-02-2025T17:34:04 - [TEST_STEP][PASSED] - println(group): null

27-02-2025T17:34:04 - [TEST_STEP][PASSED] - if (group >= 0): null

27-02-2025T17:34:04 - [TEST_STEP][PASSED] - else: null

27-02-2025T17:34:04 - [TEST_STEP][PASSED] - if (include): null

27-02-2025T17:34:04 - [TEST_STEP][PASSED] - line = reader.readLine(): null

27-02-2025T17:34:04 - [TEST_STEP][PASSED] - println(line): null

27-02-2025T17:34:04 - [TEST_STEP][PASSED] - group = line.indexOf("<Group>"): null

27-02-2025T17:34:04 - [TEST_STEP][PASSED] - println(group): null

27-02-2025T17:34:04 - [TEST_STEP][PASSED] - if (group >= 0): null

27-02-2025T17:34:04 - [TEST_STEP][PASSED] - else: null

27-02-2025T17:34:04 - [TEST_STEP][PASSED] - if (include): null

27-02-2025T17:34:04 - [TEST_STEP][PASSED] - line = reader.readLine(): null

27-02-2025T17:34:04 - [TEST_STEP][PASSED] - println(line): null

27-02-2025T17:34:04 - [TEST_STEP][PASSED] - group = line.indexOf("<Group>"): null

27-02-2025T17:34:04 - [TEST_STEP][PASSED] - println(group): null

27-02-2025T17:34:04 - [TEST_STEP][PASSED] - if (group >= 0): null

27-02-2025T17:34:04 - [TEST_STEP][PASSED] - else: null

27-02-2025T17:34:04 - [TEST_STEP][PASSED] - if (include): null

27-02-2025T17:34:04 - [TEST_STEP][PASSED] - line = reader.readLine(): null

27-02-2025T17:34:04 - [TEST_STEP][PASSED] - println(line): null

27-02-2025T17:34:04 - [TEST_STEP][PASSED] - group = line.indexOf("<Group>"): null

27-02-2025T17:34:04 - [TEST_STEP][PASSED] - println(group): null

27-02-2025T17:34:04 - [TEST_STEP][PASSED] - if (group >= 0): null

27-02-2025T17:34:04 - [TEST_STEP][PASSED] - else: null

27-02-2025T17:34:04 - [TEST_STEP][PASSED] - if (include): null

27-02-2025T17:34:04 - [TEST_STEP][PASSED] - line = reader.readLine(): null

27-02-2025T17:34:04 - [TEST_STEP][PASSED] - println(line): null

27-02-2025T17:34:04 - [TEST_STEP][PASSED] - group = line.indexOf("<Group>"): null

27-02-2025T17:34:04 - [TEST_STEP][PASSED] - println(group): null

27-02-2025T17:34:04 - [TEST_STEP][PASSED] - if (group >= 0): null

27-02-2025T17:34:04 - [TEST_STEP][PASSED] - else: null

27-02-2025T17:34:04 - [TEST_STEP][PASSED] - if (include): null

27-02-2025T17:34:04 - [TEST_STEP][PASSED] - line = reader.readLine(): null

27-02-2025T17:34:04 - [TEST_STEP][PASSED] - println(line): null

27-02-2025T17:34:04 - [TEST_STEP][PASSED] - group = line.indexOf("<Group>"): null

27-02-2025T17:34:04 - [TEST_STEP][PASSED] - println(group): null

27-02-2025T17:34:04 - [TEST_STEP][PASSED] - if (group >= 0): null

27-02-2025T17:34:04 - [TEST_STEP][PASSED] - else: null

27-02-2025T17:34:04 - [TEST_STEP][PASSED] - if (include): null

27-02-2025T17:34:04 - [TEST_STEP][PASSED] - line = reader.readLine(): null

27-02-2025T17:34:04 - [TEST_STEP][PASSED] - println(line): null

27-02-2025T17:34:04 - [TEST_STEP][PASSED] - group = line.indexOf("<Group>"): null

27-02-2025T17:34:04 - [TEST_STEP][PASSED] - println(group): null

27-02-2025T17:34:04 - [TEST_STEP][PASSED] - if (group >= 0): null

27-02-2025T17:34:04 - [TEST_STEP][PASSED] - else: null

27-02-2025T17:34:04 - [TEST_STEP][PASSED] - if (include): null

27-02-2025T17:34:04 - [TEST_STEP][PASSED] - line = reader.readLine(): null

27-02-2025T17:34:04 - [TEST_STEP][PASSED] - println(line): null

27-02-2025T17:34:04 - [TEST_STEP][PASSED] - group = line.indexOf("<Group>"): null

27-02-2025T17:34:04 - [TEST_STEP][PASSED] - println(group): null

27-02-2025T17:34:04 - [TEST_STEP][PASSED] - if (group >= 0): null

27-02-2025T17:34:04 - [TEST_STEP][PASSED] - else: null

27-02-2025T17:34:04 - [TEST_STEP][PASSED] - if (include): null

27-02-2025T17:34:04 - [TEST_STEP][PASSED] - line = reader.readLine(): null

27-02-2025T17:34:04 - [TEST_STEP][PASSED] - println(line): null

27-02-2025T17:34:04 - [TEST_STEP][PASSED] - group = line.indexOf("<Group>"): null

27-02-2025T17:34:04 - [TEST_STEP][PASSED] - println(group): null

27-02-2025T17:34:04 - [TEST_STEP][PASSED] - if (group >= 0): null

27-02-2025T17:34:04 - [TEST_STEP][PASSED] - else: null

27-02-2025T17:34:04 - [TEST_STEP][PASSED] - if (include): null

27-02-2025T17:34:04 - [TEST_STEP][PASSED] - line = reader.readLine(): null

27-02-2025T17:34:04 - [TEST_STEP][PASSED] - println(line): null

27-02-2025T17:34:04 - [TEST_STEP][PASSED] - group = line.indexOf("<Group>"): null

27-02-2025T17:34:04 - [TEST_STEP][PASSED] - println(group): null

27-02-2025T17:34:04 - [TEST_STEP][PASSED] - if (group >= 0): null

27-02-2025T17:34:04 - [TEST_STEP][PASSED] - else: null

27-02-2025T17:34:04 - [TEST_STEP][PASSED] - if (include): null

27-02-2025T17:34:04 - [TEST_STEP][PASSED] - line = reader.readLine(): null

27-02-2025T17:34:04 - [TEST_STEP][PASSED] - println(line): null

27-02-2025T17:34:04 - [TEST_STEP][PASSED] - group = line.indexOf("<Group>"): null

27-02-2025T17:34:04 - [TEST_STEP][PASSED] - println(group): null

27-02-2025T17:34:04 - [TEST_STEP][PASSED] - if (group >= 0): null

27-02-2025T17:34:04 - [TEST_STEP][PASSED] - else: null

27-02-2025T17:34:04 - [TEST_STEP][PASSED] - if (include): null

27-02-2025T17:34:04 - [TEST_STEP][PASSED] - line = reader.readLine(): null

27-02-2025T17:34:04 - [TEST_STEP][PASSED] - println(line): null

27-02-2025T17:34:04 - [TEST_STEP][PASSED] - group = line.indexOf("<Group>"): null

27-02-2025T17:34:04 - [TEST_STEP][PASSED] - println(group): null

27-02-2025T17:34:04 - [TEST_STEP][PASSED] - if (group >= 0): null

27-02-2025T17:34:04 - [TEST_STEP][PASSED] - else: null

27-02-2025T17:34:04 - [TEST_STEP][PASSED] - if (include): null

27-02-2025T17:34:04 - [TEST_STEP][PASSED] - line = reader.readLine(): null

27-02-2025T17:34:04 - [TEST_STEP][PASSED] - println(line): null

27-02-2025T17:34:04 - [TEST_STEP][PASSED] - group = line.indexOf("<Group>"): null

27-02-2025T17:34:04 - [TEST_STEP][PASSED] - println(group): null

27-02-2025T17:34:04 - [TEST_STEP][PASSED] - if (group >= 0): null

27-02-2025T17:34:04 - [TEST_STEP][PASSED] - else: null

27-02-2025T17:34:04 - [TEST_STEP][PASSED] - if (include): null

27-02-2025T17:34:04 - [TEST_STEP][PASSED] - line = reader.readLine(): null

27-02-2025T17:34:04 - [TEST_STEP][PASSED] - println(line): null

27-02-2025T17:34:04 - [TEST_STEP][PASSED] - group = line.indexOf("<Group>"): null

27-02-2025T17:34:04 - [TEST_STEP][PASSED] - println(group): null

27-02-2025T17:34:04 - [TEST_STEP][PASSED] - if (group >= 0): null

27-02-2025T17:34:04 - [TEST_STEP][PASSED] - else: null

27-02-2025T17:34:04 - [TEST_STEP][PASSED] - if (include): null

27-02-2025T17:34:04 - [TEST_STEP][PASSED] - line = reader.readLine(): null

27-02-2025T17:34:04 - [TEST_STEP][PASSED] - println(line): null

27-02-2025T17:34:04 - [TEST_STEP][PASSED] - group = line.indexOf("<Group>"): null

27-02-2025T17:34:04 - [TEST_STEP][PASSED] - println(group): null

27-02-2025T17:34:04 - [TEST_STEP][PASSED] - if (group >= 0): null

27-02-2025T17:34:04 - [TEST_STEP][PASSED] - selections = line.substring(group + 7, line.length() - 1): null

27-02-2025T17:34:04 - [TEST_STEP][PASSED] - println(selections): null

27-02-2025T17:34:04 - [TEST_STEP][PASSED] - if (selections == varSelections): null

27-02-2025T17:34:04 - [TEST_STEP][PASSED] - else: null

27-02-2025T17:34:04 - [TEST_STEP][PASSED] - include = false: null

27-02-2025T17:34:04 - [TEST_STEP][PASSED] - line = reader.readLine(): null

27-02-2025T17:34:04 - [TEST_STEP][PASSED] - println(line): null

27-02-2025T17:34:04 - [TEST_STEP][PASSED] - group = line.indexOf("<Group>"): null

27-02-2025T17:34:04 - [TEST_STEP][PASSED] - println(group): null

27-02-2025T17:34:04 - [TEST_STEP][PASSED] - if (group >= 0): null

27-02-2025T17:34:04 - [TEST_STEP][PASSED] - else: null

27-02-2025T17:34:04 - [TEST_STEP][PASSED] - if (include): null

27-02-2025T17:34:04 - [TEST_STEP][PASSED] - line = reader.readLine(): null

27-02-2025T17:34:04 - [TEST_STEP][PASSED] - println(line): null

27-02-2025T17:34:04 - [TEST_STEP][PASSED] - group = line.indexOf("<Group>"): null

27-02-2025T17:34:04 - [TEST_STEP][PASSED] - println(group): null

27-02-2025T17:34:04 - [TEST_STEP][PASSED] - if (group >= 0): null

27-02-2025T17:34:04 - [TEST_STEP][PASSED] - else: null

27-02-2025T17:34:04 - [TEST_STEP][PASSED] - if (include): null

27-02-2025T17:34:04 - [TEST_STEP][PASSED] - line = reader.readLine(): null

27-02-2025T17:34:04 - [TEST_STEP][PASSED] - println(line): null

27-02-2025T17:34:04 - [TEST_STEP][PASSED] - group = line.indexOf("<Group>"): null

27-02-2025T17:34:04 - [TEST_STEP][PASSED] - println(group): null

27-02-2025T17:34:04 - [TEST_STEP][PASSED] - if (group >= 0): null

27-02-2025T17:34:04 - [TEST_STEP][PASSED] - else: null

27-02-2025T17:34:04 - [TEST_STEP][PASSED] - if (include): null

27-02-2025T17:34:04 - [TEST_STEP][PASSED] - line = reader.readLine(): null

27-02-2025T17:34:04 - [TEST_STEP][PASSED] - println(line): null

27-02-2025T17:34:04 - [TEST_STEP][PASSED] - group = line.indexOf("<Group>"): null

27-02-2025T17:34:04 - [TEST_STEP][PASSED] - println(group): null

27-02-2025T17:34:04 - [TEST_STEP][PASSED] - if (group >= 0): null

27-02-2025T17:34:04 - [TEST_STEP][PASSED] - else: null

27-02-2025T17:34:04 - [TEST_STEP][PASSED] - if (include): null

27-02-2025T17:34:04 - [TEST_STEP][PASSED] - line = reader.readLine(): null

27-02-2025T17:34:04 - [TEST_STEP][PASSED] - println(line): null

27-02-2025T17:34:04 - [TEST_STEP][PASSED] - group = line.indexOf("<Group>"): null

27-02-2025T17:34:04 - [TEST_STEP][PASSED] - println(group): null

27-02-2025T17:34:04 - [TEST_STEP][PASSED] - if (group >= 0): null

27-02-2025T17:34:04 - [TEST_STEP][PASSED] - else: null

27-02-2025T17:34:04 - [TEST_STEP][PASSED] - if (include): null

27-02-2025T17:34:04 - [TEST_STEP][PASSED] - line = reader.readLine(): null

27-02-2025T17:34:04 - [TEST_STEP][PASSED] - println(line): null

27-02-2025T17:34:04 - [TEST_STEP][PASSED] - group = line.indexOf("<Group>"): null

27-02-2025T17:34:04 - [TEST_STEP][PASSED] - println(group): null

27-02-2025T17:34:04 - [TEST_STEP][PASSED] - if (group >= 0): null

27-02-2025T17:34:04 - [TEST_STEP][PASSED] - else: null

27-02-2025T17:34:04 - [TEST_STEP][PASSED] - if (include): null

27-02-2025T17:34:04 - [TEST_STEP][PASSED] - line = reader.readLine(): null

27-02-2025T17:34:04 - [TEST_STEP][PASSED] - println(line): null

27-02-2025T17:34:04 - [TEST_STEP][PASSED] - group = line.indexOf("<Group>"): null

27-02-2025T17:34:04 - [TEST_STEP][PASSED] - println(group): null

27-02-2025T17:34:04 - [TEST_STEP][PASSED] - if (group >= 0): null

27-02-2025T17:34:04 - [TEST_STEP][PASSED] - else: null

27-02-2025T17:34:04 - [TEST_STEP][PASSED] - if (include): null

27-02-2025T17:34:04 - [TEST_STEP][PASSED] - line = reader.readLine(): null

27-02-2025T17:34:04 - [TEST_STEP][PASSED] - println(line): null

27-02-2025T17:34:04 - [TEST_STEP][PASSED] - group = line.indexOf("<Group>"): null

27-02-2025T17:34:04 - [TEST_STEP][PASSED] - println(group): null

27-02-2025T17:34:04 - [TEST_STEP][PASSED] - if (group >= 0): null

27-02-2025T17:34:04 - [TEST_STEP][PASSED] - else: null

27-02-2025T17:34:04 - [TEST_STEP][PASSED] - if (include): null

27-02-2025T17:34:04 - [TEST_STEP][PASSED] - line = reader.readLine(): null

27-02-2025T17:34:04 - [TEST_STEP][PASSED] - println(line): null

27-02-2025T17:34:04 - [TEST_STEP][PASSED] - group = line.indexOf("<Group>"): null

27-02-2025T17:34:04 - [TEST_STEP][PASSED] - println(group): null

27-02-2025T17:34:04 - [TEST_STEP][PASSED] - if (group >= 0): null

27-02-2025T17:34:04 - [TEST_STEP][PASSED] - else: null

27-02-2025T17:34:04 - [TEST_STEP][PASSED] - if (include): null

27-02-2025T17:34:04 - [TEST_STEP][PASSED] - line = reader.readLine(): null

27-02-2025T17:34:04 - [TEST_STEP][PASSED] - println(line): null

27-02-2025T17:34:04 - [TEST_STEP][PASSED] - group = line.indexOf("<Group>"): null

27-02-2025T17:34:04 - [TEST_STEP][PASSED] - println(group): null

27-02-2025T17:34:04 - [TEST_STEP][PASSED] - if (group >= 0): null

27-02-2025T17:34:04 - [TEST_STEP][PASSED] - else: null

27-02-2025T17:34:04 - [TEST_STEP][PASSED] - if (include): null

27-02-2025T17:34:04 - [TEST_STEP][PASSED] - line = reader.readLine(): null

27-02-2025T17:34:04 - [TEST_STEP][PASSED] - println(line): null

27-02-2025T17:34:04 - [TEST_STEP][PASSED] - group = line.indexOf("<Group>"): null

27-02-2025T17:34:04 - [TEST_STEP][PASSED] - println(group): null

27-02-2025T17:34:04 - [TEST_STEP][PASSED] - if (group >= 0): null

27-02-2025T17:34:04 - [TEST_STEP][PASSED] - else: null

27-02-2025T17:34:04 - [TEST_STEP][PASSED] - if (include): null

27-02-2025T17:34:04 - [TEST_STEP][PASSED] - line = reader.readLine(): null

27-02-2025T17:34:04 - [TEST_STEP][PASSED] - println(line): null

27-02-2025T17:34:04 - [TEST_STEP][PASSED] - group = line.indexOf("<Group>"): null

27-02-2025T17:34:04 - [TEST_STEP][PASSED] - println(group): null

27-02-2025T17:34:04 - [TEST_STEP][PASSED] - if (group >= 0): null

27-02-2025T17:34:04 - [TEST_STEP][PASSED] - else: null

27-02-2025T17:34:04 - [TEST_STEP][PASSED] - if (include): null

27-02-2025T17:34:04 - [TEST_STEP][PASSED] - line = reader.readLine(): null

27-02-2025T17:34:04 - [TEST_STEP][PASSED] - println(line): null

27-02-2025T17:34:04 - [TEST_STEP][PASSED] - group = line.indexOf("<Group>"): null

27-02-2025T17:34:04 - [TEST_STEP][PASSED] - println(group): null

27-02-2025T17:34:04 - [TEST_STEP][PASSED] - if (group >= 0): null

27-02-2025T17:34:04 - [TEST_STEP][PASSED] - else: null

27-02-2025T17:34:04 - [TEST_STEP][PASSED] - if (include): null

27-02-2025T17:34:04 - [TEST_STEP][PASSED] - line = reader.readLine(): null

27-02-2025T17:34:04 - [TEST_STEP][PASSED] - println(line): null

27-02-2025T17:34:04 - [TEST_STEP][PASSED] - group = line.indexOf("<Group>"): null

27-02-2025T17:34:04 - [TEST_STEP][PASSED] - println(group): null

27-02-2025T17:34:04 - [TEST_STEP][PASSED] - if (group >= 0): null

27-02-2025T17:34:04 - [TEST_STEP][PASSED] - else: null

27-02-2025T17:34:04 - [TEST_STEP][PASSED] - if (include): null

27-02-2025T17:34:04 - [TEST_STEP][PASSED] - line = reader.readLine(): null

27-02-2025T17:34:04 - [TEST_STEP][PASSED] - println(line): null

27-02-2025T17:34:04 - [TEST_STEP][PASSED] - group = line.indexOf("<Group>"): null

27-02-2025T17:34:04 - [TEST_STEP][PASSED] - println(group): null

27-02-2025T17:34:04 - [TEST_STEP][PASSED] - if (group >= 0): null

27-02-2025T17:34:04 - [TEST_STEP][PASSED] - else: null

27-02-2025T17:34:04 - [TEST_STEP][PASSED] - if (include): null

27-02-2025T17:34:04 - [TEST_STEP][PASSED] - line = reader.readLine(): null

27-02-2025T17:34:04 - [TEST_STEP][PASSED] - println(line): null

27-02-2025T17:34:04 - [TEST_STEP][PASSED] - group = line.indexOf("<Group>"): null

27-02-2025T17:34:04 - [TEST_STEP][PASSED] - println(group): null

27-02-2025T17:34:04 - [TEST_STEP][PASSED] - if (group >= 0): null

27-02-2025T17:34:04 - [TEST_STEP][PASSED] - else: null

27-02-2025T17:34:04 - [TEST_STEP][PASSED] - if (include): null

27-02-2025T17:34:04 - [TEST_STEP][PASSED] - line = reader.readLine(): null

27-02-2025T17:34:04 - [TEST_STEP][PASSED] - println(line): null

27-02-2025T17:34:04 - [TEST_STEP][PASSED] - group = line.indexOf("<Group>"): null

27-02-2025T17:34:04 - [TEST_STEP][PASSED] - println(group): null

27-02-2025T17:34:04 - [TEST_STEP][PASSED] - if (group >= 0): null

27-02-2025T17:34:04 - [TEST_STEP][PASSED] - else: null

27-02-2025T17:34:04 - [TEST_STEP][PASSED] - if (include): null

27-02-2025T17:34:04 - [TEST_STEP][PASSED] - line = reader.readLine(): null

27-02-2025T17:34:04 - [TEST_STEP][PASSED] - println(line): null

27-02-2025T17:34:04 - [TEST_STEP][PASSED] - group = line.indexOf("<Group>"): null

27-02-2025T17:34:04 - [TEST_STEP][PASSED] - println(group): null

27-02-2025T17:34:04 - [TEST_STEP][PASSED] - if (group >= 0): null

27-02-2025T17:34:04 - [TEST_STEP][PASSED] - else: null

27-02-2025T17:34:04 - [TEST_STEP][PASSED] - if (include): null

27-02-2025T17:34:04 - [TEST_STEP][PASSED] - line = reader.readLine(): null

27-02-2025T17:34:04 - [TEST_STEP][PASSED] - println(line): null

27-02-2025T17:34:04 - [TEST_STEP][PASSED] - group = line.indexOf("<Group>"): null

27-02-2025T17:34:04 - [TEST_STEP][PASSED] - println(group): null

27-02-2025T17:34:04 - [TEST_STEP][PASSED] - if (group >= 0): null

27-02-2025T17:34:04 - [TEST_STEP][PASSED] - else: null

27-02-2025T17:34:04 - [TEST_STEP][PASSED] - if (include): null

27-02-2025T17:34:04 - [TEST_STEP][PASSED] - line = reader.readLine(): null

27-02-2025T17:34:04 - [TEST_STEP][PASSED] - println(line): null

27-02-2025T17:34:04 - [TEST_STEP][PASSED] - group = line.indexOf("<Group>"): null

27-02-2025T17:34:04 - [TEST_STEP][PASSED] - println(group): null

27-02-2025T17:34:04 - [TEST_STEP][PASSED] - if (group >= 0): null

27-02-2025T17:34:04 - [TEST_STEP][PASSED] - else: null

27-02-2025T17:34:04 - [TEST_STEP][PASSED] - if (include): null

27-02-2025T17:34:04 - [TEST_STEP][PASSED] - line = reader.readLine(): null

27-02-2025T17:34:04 - [TEST_STEP][PASSED] - println(line): null

27-02-2025T17:34:04 - [TEST_STEP][PASSED] - group = line.indexOf("<Group>"): null

27-02-2025T17:34:04 - [TEST_STEP][PASSED] - println(group): null

27-02-2025T17:34:04 - [TEST_STEP][PASSED] - if (group >= 0): null

27-02-2025T17:34:04 - [TEST_STEP][PASSED] - else: null

27-02-2025T17:34:04 - [TEST_STEP][PASSED] - if (include): null

27-02-2025T17:34:04 - [TEST_STEP][PASSED] - line = reader.readLine(): null

27-02-2025T17:34:04 - [TEST_STEP][PASSED] - println(line): null

27-02-2025T17:34:04 - [TEST_STEP][PASSED] - group = line.indexOf("<Group>"): null

27-02-2025T17:34:04 - [TEST_STEP][PASSED] - println(group): null

27-02-2025T17:34:04 - [TEST_STEP][PASSED] - if (group >= 0): null

27-02-2025T17:34:04 - [TEST_STEP][PASSED] - else: null

27-02-2025T17:34:04 - [TEST_STEP][PASSED] - if (include): null

27-02-2025T17:34:04 - [TEST_STEP][PASSED] - line = reader.readLine(): null

27-02-2025T17:34:04 - [TEST_STEP][PASSED] - println(line): null

27-02-2025T17:34:04 - [TEST_STEP][PASSED] - group = line.indexOf("<Group>"): null

27-02-2025T17:34:04 - [TEST_STEP][PASSED] - println(group): null

27-02-2025T17:34:04 - [TEST_STEP][PASSED] - if (group >= 0): null

27-02-2025T17:34:04 - [TEST_STEP][PASSED] - else: null

27-02-2025T17:34:04 - [TEST_STEP][PASSED] - if (include): null

27-02-2025T17:34:04 - [TEST_STEP][PASSED] - line = reader.readLine(): null

27-02-2025T17:34:04 - [TEST_STEP][PASSED] - println(line): null

27-02-2025T17:34:04 - [TEST_STEP][PASSED] - group = line.indexOf("<Group>"): null

27-02-2025T17:34:04 - [TEST_STEP][PASSED] - println(group): null

27-02-2025T17:34:04 - [TEST_STEP][PASSED] - if (group >= 0): null

27-02-2025T17:34:04 - [TEST_STEP][PASSED] - else: null

27-02-2025T17:34:04 - [TEST_STEP][PASSED] - if (include): null

27-02-2025T17:34:04 - [TEST_STEP][PASSED] - line = reader.readLine(): null

27-02-2025T17:34:04 - [TEST_STEP][PASSED] - println(line): null

27-02-2025T17:34:04 - [TEST_STEP][PASSED] - group = line.indexOf("<Group>"): null

27-02-2025T17:34:04 - [TEST_STEP][PASSED] - println(group): null

27-02-2025T17:34:04 - [TEST_STEP][PASSED] - if (group >= 0): null

27-02-2025T17:34:04 - [TEST_STEP][PASSED] - else: null

27-02-2025T17:34:04 - [TEST_STEP][PASSED] - if (include): null

27-02-2025T17:34:04 - [TEST_STEP][PASSED] - line = reader.readLine(): null

27-02-2025T17:34:04 - [TEST_STEP][PASSED] - frame.dispose(): null

27-02-2025T17:34:04 - [TEST_STEP][PASSED] - reader.close(): null

27-02-2025T17:34:04 - [TEST_STEP][PASSED] - println(checked): null

27-02-2025T17:34:04 - [TEST_STEP][PASSED] - return checked: null

27-02-2025T17:34:04 - [MESSAGE][PASSED] - Call Test Case 'Test Cases/_Functions/Get Selections from CSV File' successfully

27-02-2025T17:34:04 - [TEST_STEP][PASSED] - proficiencies = callTestCase(findTestCase("_Functions/Get Selections from CSV File"), ["varFileName":"Journey Candidate Forms/IT Skills and Interest.csv", "varSelections":"IT Proficiencies"], STOP_ON_FAILURE): Call Test Case 'Test Cases/_Functions/Get Selections from CSV File' successfully

27-02-2025T17:34:04 - [TEST_CASE][PASSED] - Test Cases/_Functions/Get Selections from CSV File: Test Cases/_Functions/Get Selections from CSV File

27-02-2025T17:34:04 - [TEST_STEP][PASSED] - if (fastPath): null

27-02-2025T17:34:04 - [TEST_STEP][PASSED] - reader = <not implemented yet for class: org.codehaus.groovy.ast.expr.EmptyExpression>: null

27-02-2025T17:34:04 - [TEST_STEP][PASSED] - checked = []: null

27-02-2025T17:34:04 - [TEST_STEP][PASSED] - reader = new java.io.BufferedReader(new java.io.FileReader((/Users/cckozie/git/MissionNext-Katalon-Koz/Data Files/ + varFileName))): null

27-02-2025T17:34:04 - [TEST_STEP][PASSED] - line = reader.readLine(): null

27-02-2025T17:34:04 - [TEST_STEP][PASSED] - include = false: null

27-02-2025T17:34:04 - [TEST_STEP][PASSED] - frame = new javax.swing.JFrame(): null

27-02-2025T17:34:04 - [TEST_STEP][PASSED] - p = new javax.swing.JPanel(): null

27-02-2025T17:34:04 - [TEST_STEP][PASSED] - l = new javax.swing.JLabel(Loading selections from file..., javax.swing.SwingConstants.CENTER): null

27-02-2025T17:34:04 - [TEST_STEP][PASSED] - frame.add(l): null

27-02-2025T17:34:04 - [TEST_STEP][PASSED] - frame.setSize(300, 100): null

27-02-2025T17:34:04 - [TEST_STEP][PASSED] - frame.setLocation(600, 0): null

27-02-2025T17:34:04 - [TEST_STEP][PASSED] - frame.setAlwaysOnTop(true): null

27-02-2025T17:34:04 - [TEST_STEP][PASSED] - frame.show(): null

27-02-2025T17:34:04 - [TEST_STEP][PASSED] - while (line != null): null

27-02-2025T17:34:04 - [TEST_STEP][PASSED] - println(line): null

27-02-2025T17:34:04 - [TEST_STEP][PASSED] - group = line.indexOf("<Group>"): null

27-02-2025T17:34:04 - [TEST_STEP][PASSED] - println(group): null

27-02-2025T17:34:04 - [TEST_STEP][PASSED] - if (group >= 0): null

27-02-2025T17:34:04 - [TEST_STEP][PASSED] - selections = line.substring(group + 7, line.length() - 1): null

27-02-2025T17:34:04 - [TEST_STEP][PASSED] - println(selections): null

27-02-2025T17:34:04 - [TEST_STEP][PASSED] - if (selections == varSelections): null

27-02-2025T17:34:04 - [TEST_STEP][PASSED] - else: null

27-02-2025T17:34:04 - [TEST_STEP][PASSED] - include = false: null

27-02-2025T17:34:04 - [TEST_STEP][PASSED] - line = reader.readLine(): null

27-02-2025T17:34:04 - [TEST_STEP][PASSED] - println(line): null

27-02-2025T17:34:04 - [TEST_STEP][PASSED] - group = line.indexOf("<Group>"): null

27-02-2025T17:34:04 - [TEST_STEP][PASSED] - println(group): null

27-02-2025T17:34:04 - [TEST_STEP][PASSED] - if (group >= 0): null

27-02-2025T17:34:04 - [TEST_STEP][PASSED] - else: null

27-02-2025T17:34:04 - [TEST_STEP][PASSED] - if (include): null

27-02-2025T17:34:04 - [TEST_STEP][PASSED] - line = reader.readLine(): null

27-02-2025T17:34:04 - [TEST_STEP][PASSED] - println(line): null

27-02-2025T17:34:04 - [TEST_STEP][PASSED] - group = line.indexOf("<Group>"): null

27-02-2025T17:34:04 - [TEST_STEP][PASSED] - println(group): null

27-02-2025T17:34:04 - [TEST_STEP][PASSED] - if (group >= 0): null

27-02-2025T17:34:04 - [TEST_STEP][PASSED] - else: null

27-02-2025T17:34:04 - [TEST_STEP][PASSED] - if (include): null

27-02-2025T17:34:04 - [TEST_STEP][PASSED] - line = reader.readLine(): null

27-02-2025T17:34:04 - [TEST_STEP][PASSED] - println(line): null

27-02-2025T17:34:04 - [TEST_STEP][PASSED] - group = line.indexOf("<Group>"): null

27-02-2025T17:34:04 - [TEST_STEP][PASSED] - println(group): null

27-02-2025T17:34:04 - [TEST_STEP][PASSED] - if (group >= 0): null

27-02-2025T17:34:04 - [TEST_STEP][PASSED] - else: null

27-02-2025T17:34:04 - [TEST_STEP][PASSED] - if (include): null

27-02-2025T17:34:04 - [TEST_STEP][PASSED] - line = reader.readLine(): null

27-02-2025T17:34:04 - [TEST_STEP][PASSED] - println(line): null

27-02-2025T17:34:04 - [TEST_STEP][PASSED] - group = line.indexOf("<Group>"): null

27-02-2025T17:34:04 - [TEST_STEP][PASSED] - println(group): null

27-02-2025T17:34:04 - [TEST_STEP][PASSED] - if (group >= 0): null

27-02-2025T17:34:04 - [TEST_STEP][PASSED] - else: null

27-02-2025T17:34:04 - [TEST_STEP][PASSED] - if (include): null

27-02-2025T17:34:04 - [TEST_STEP][PASSED] - line = reader.readLine(): null

27-02-2025T17:34:04 - [TEST_STEP][PASSED] - println(line): null

27-02-2025T17:34:04 - [TEST_STEP][PASSED] - group = line.indexOf("<Group>"): null

27-02-2025T17:34:04 - [TEST_STEP][PASSED] - println(group): null

27-02-2025T17:34:04 - [TEST_STEP][PASSED] - if (group >= 0): null

27-02-2025T17:34:04 - [TEST_STEP][PASSED] - else: null

27-02-2025T17:34:04 - [TEST_STEP][PASSED] - if (include): null

27-02-2025T17:34:04 - [TEST_STEP][PASSED] - line = reader.readLine(): null

27-02-2025T17:34:04 - [TEST_STEP][PASSED] - println(line): null

27-02-2025T17:34:04 - [TEST_STEP][PASSED] - group = line.indexOf("<Group>"): null

27-02-2025T17:34:04 - [TEST_STEP][PASSED] - println(group): null

27-02-2025T17:34:04 - [TEST_STEP][PASSED] - if (group >= 0): null

27-02-2025T17:34:04 - [TEST_STEP][PASSED] - else: null

27-02-2025T17:34:04 - [TEST_STEP][PASSED] - if (include): null

27-02-2025T17:34:04 - [TEST_STEP][PASSED] - line = reader.readLine(): null

27-02-2025T17:34:04 - [TEST_STEP][PASSED] - println(line): null

27-02-2025T17:34:04 - [TEST_STEP][PASSED] - group = line.indexOf("<Group>"): null

27-02-2025T17:34:04 - [TEST_STEP][PASSED] - println(group): null

27-02-2025T17:34:04 - [TEST_STEP][PASSED] - if (group >= 0): null

27-02-2025T17:34:04 - [TEST_STEP][PASSED] - else: null

27-02-2025T17:34:04 - [TEST_STEP][PASSED] - if (include): null

27-02-2025T17:34:04 - [TEST_STEP][PASSED] - line = reader.readLine(): null

27-02-2025T17:34:04 - [TEST_STEP][PASSED] - println(line): null

27-02-2025T17:34:04 - [TEST_STEP][PASSED] - group = line.indexOf("<Group>"): null

27-02-2025T17:34:04 - [TEST_STEP][PASSED] - println(group): null

27-02-2025T17:34:04 - [TEST_STEP][PASSED] - if (group >= 0): null

27-02-2025T17:34:04 - [TEST_STEP][PASSED] - else: null

27-02-2025T17:34:04 - [TEST_STEP][PASSED] - if (include): null

27-02-2025T17:34:04 - [TEST_STEP][PASSED] - line = reader.readLine(): null

27-02-2025T17:34:04 - [TEST_STEP][PASSED] - println(line): null

27-02-2025T17:34:04 - [TEST_STEP][PASSED] - group = line.indexOf("<Group>"): null

27-02-2025T17:34:04 - [TEST_STEP][PASSED] - println(group): null

27-02-2025T17:34:04 - [TEST_STEP][PASSED] - if (group >= 0): null

27-02-2025T17:34:04 - [TEST_STEP][PASSED] - else: null

27-02-2025T17:34:04 - [TEST_STEP][PASSED] - if (include): null

27-02-2025T17:34:04 - [TEST_STEP][PASSED] - line = reader.readLine(): null

27-02-2025T17:34:04 - [TEST_STEP][PASSED] - println(line): null

27-02-2025T17:34:04 - [TEST_STEP][PASSED] - group = line.indexOf("<Group>"): null

27-02-2025T17:34:04 - [TEST_STEP][PASSED] - println(group): null

27-02-2025T17:34:04 - [TEST_STEP][PASSED] - if (group >= 0): null

27-02-2025T17:34:04 - [TEST_STEP][PASSED] - else: null

27-02-2025T17:34:04 - [TEST_STEP][PASSED] - if (include): null

27-02-2025T17:34:04 - [TEST_STEP][PASSED] - line = reader.readLine(): null

27-02-2025T17:34:04 - [TEST_STEP][PASSED] - println(line): null

27-02-2025T17:34:04 - [TEST_STEP][PASSED] - group = line.indexOf("<Group>"): null

27-02-2025T17:34:04 - [TEST_STEP][PASSED] - println(group): null

27-02-2025T17:34:04 - [TEST_STEP][PASSED] - if (group >= 0): null

27-02-2025T17:34:04 - [TEST_STEP][PASSED] - selections = line.substring(group + 7, line.length() - 1): null

27-02-2025T17:34:04 - [TEST_STEP][PASSED] - println(selections): null

27-02-2025T17:34:04 - [TEST_STEP][PASSED] - if (selections == varSelections): null

27-02-2025T17:34:04 - [TEST_STEP][PASSED] - include = true: null

27-02-2025T17:34:04 - [TEST_STEP][PASSED] - line = reader.readLine(): null

27-02-2025T17:34:04 - [TEST_STEP][PASSED] - println(line): null

27-02-2025T17:34:04 - [TEST_STEP][PASSED] - group = line.indexOf("<Group>"): null

27-02-2025T17:34:04 - [TEST_STEP][PASSED] - println(group): null

27-02-2025T17:34:04 - [TEST_STEP][PASSED] - if (group >= 0): null

27-02-2025T17:34:04 - [TEST_STEP][PASSED] - else: null

27-02-2025T17:34:04 - [TEST_STEP][PASSED] - if (include): null

27-02-2025T17:34:04 - [TEST_STEP][PASSED] - println(line): null

27-02-2025T17:34:04 - [TEST_STEP][PASSED] - comma = line.indexOf(",y"): null

27-02-2025T17:34:04 - [TEST_STEP][PASSED] - if (comma > 0): null

27-02-2025T17:34:04 - [TEST_STEP][PASSED] - line = reader.readLine(): null

27-02-2025T17:34:04 - [TEST_STEP][PASSED] - println(line): null

27-02-2025T17:34:04 - [TEST_STEP][PASSED] - group = line.indexOf("<Group>"): null

27-02-2025T17:34:04 - [TEST_STEP][PASSED] - println(group): null

27-02-2025T17:34:04 - [TEST_STEP][PASSED] - if (group >= 0): null

27-02-2025T17:34:04 - [TEST_STEP][PASSED] - else: null

27-02-2025T17:34:04 - [TEST_STEP][PASSED] - if (include): null

27-02-2025T17:34:04 - [TEST_STEP][PASSED] - println(line): null

27-02-2025T17:34:04 - [TEST_STEP][PASSED] - comma = line.indexOf(",y"): null

27-02-2025T17:34:04 - [TEST_STEP][PASSED] - if (comma > 0): null

27-02-2025T17:34:04 - [TEST_STEP][PASSED] - commaCount = StringUtils.countMatches(line, ","): null

27-02-2025T17:34:04 - [TEST_STEP][PASSED] - if (commaCount > 1): null

27-02-2025T17:34:04 - [TEST_STEP][PASSED] - println("Mulitple Commas : " + line): null

27-02-2025T17:34:04 - [TEST_STEP][PASSED] - line = line.replace(""", ""): null

27-02-2025T17:34:04 - [TEST_STEP][PASSED] - label = line.substring(1, line.length() - 2): null

27-02-2025T17:34:04 - [TEST_STEP][PASSED] - println(label): null

27-02-2025T17:34:04 - [TEST_STEP][PASSED] - checked.add(label): null

27-02-2025T17:34:04 - [TEST_STEP][PASSED] - line = reader.readLine(): null

27-02-2025T17:34:04 - [TEST_STEP][PASSED] - println(line): null

27-02-2025T17:34:04 - [TEST_STEP][PASSED] - group = line.indexOf("<Group>"): null

27-02-2025T17:34:04 - [TEST_STEP][PASSED] - println(group): null

27-02-2025T17:34:04 - [TEST_STEP][PASSED] - if (group >= 0): null

27-02-2025T17:34:04 - [TEST_STEP][PASSED] - else: null

27-02-2025T17:34:04 - [TEST_STEP][PASSED] - if (include): null

27-02-2025T17:34:04 - [TEST_STEP][PASSED] - println(line): null

27-02-2025T17:34:04 - [TEST_STEP][PASSED] - comma = line.indexOf(",y"): null

27-02-2025T17:34:04 - [TEST_STEP][PASSED] - if (comma > 0): null

27-02-2025T17:34:04 - [TEST_STEP][PASSED] - commaCount = StringUtils.countMatches(line, ","): null

27-02-2025T17:34:04 - [TEST_STEP][PASSED] - if (commaCount > 1): null

27-02-2025T17:34:04 - [TEST_STEP][PASSED] - println("Mulitple Commas : " + line): null

27-02-2025T17:34:04 - [TEST_STEP][PASSED] - line = line.replace(""", ""): null

27-02-2025T17:34:04 - [TEST_STEP][PASSED] - label = line.substring(1, line.length() - 2): null

27-02-2025T17:34:04 - [TEST_STEP][PASSED] - println(label): null

27-02-2025T17:34:04 - [TEST_STEP][PASSED] - checked.add(label): null

27-02-2025T17:34:04 - [TEST_STEP][PASSED] - line = reader.readLine(): null

27-02-2025T17:34:04 - [TEST_STEP][PASSED] - println(line): null

27-02-2025T17:34:04 - [TEST_STEP][PASSED] - group = line.indexOf("<Group>"): null

27-02-2025T17:34:04 - [TEST_STEP][PASSED] - println(group): null

27-02-2025T17:34:04 - [TEST_STEP][PASSED] - if (group >= 0): null

27-02-2025T17:34:04 - [TEST_STEP][PASSED] - else: null

27-02-2025T17:34:04 - [TEST_STEP][PASSED] - if (include): null

27-02-2025T17:34:04 - [TEST_STEP][PASSED] - println(line): null

27-02-2025T17:34:04 - [TEST_STEP][PASSED] - comma = line.indexOf(",y"): null

27-02-2025T17:34:04 - [TEST_STEP][PASSED] - if (comma > 0): null

27-02-2025T17:34:04 - [TEST_STEP][PASSED] - line = reader.readLine(): null

27-02-2025T17:34:04 - [TEST_STEP][PASSED] - println(line): null

27-02-2025T17:34:04 - [TEST_STEP][PASSED] - group = line.indexOf("<Group>"): null

27-02-2025T17:34:04 - [TEST_STEP][PASSED] - println(group): null

27-02-2025T17:34:04 - [TEST_STEP][PASSED] - if (group >= 0): null

27-02-2025T17:34:04 - [TEST_STEP][PASSED] - else: null

27-02-2025T17:34:04 - [TEST_STEP][PASSED] - if (include): null

27-02-2025T17:34:04 - [TEST_STEP][PASSED] - println(line): null

27-02-2025T17:34:04 - [TEST_STEP][PASSED] - comma = line.indexOf(",y"): null

27-02-2025T17:34:04 - [TEST_STEP][PASSED] - if (comma > 0): null

27-02-2025T17:34:04 - [TEST_STEP][PASSED] - line = reader.readLine(): null

27-02-2025T17:34:04 - [TEST_STEP][PASSED] - println(line): null

27-02-2025T17:34:04 - [TEST_STEP][PASSED] - group = line.indexOf("<Group>"): null

27-02-2025T17:34:04 - [TEST_STEP][PASSED] - println(group): null

27-02-2025T17:34:04 - [TEST_STEP][PASSED] - if (group >= 0): null

27-02-2025T17:34:04 - [TEST_STEP][PASSED] - else: null

27-02-2025T17:34:04 - [TEST_STEP][PASSED] - if (include): null

27-02-2025T17:34:04 - [TEST_STEP][PASSED] - println(line): null

27-02-2025T17:34:04 - [TEST_STEP][PASSED] - comma = line.indexOf(",y"): null

27-02-2025T17:34:04 - [TEST_STEP][PASSED] - if (comma > 0): null

27-02-2025T17:34:04 - [TEST_STEP][PASSED] - line = reader.readLine(): null

27-02-2025T17:34:04 - [TEST_STEP][PASSED] - println(line): null

27-02-2025T17:34:04 - [TEST_STEP][PASSED] - group = line.indexOf("<Group>"): null

27-02-2025T17:34:04 - [TEST_STEP][PASSED] - println(group): null

27-02-2025T17:34:04 - [TEST_STEP][PASSED] - if (group >= 0): null

27-02-2025T17:34:04 - [TEST_STEP][PASSED] - else: null

27-02-2025T17:34:04 - [TEST_STEP][PASSED] - if (include): null

27-02-2025T17:34:04 - [TEST_STEP][PASSED] - println(line): null

27-02-2025T17:34:04 - [TEST_STEP][PASSED] - comma = line.indexOf(",y"): null

27-02-2025T17:34:04 - [TEST_STEP][PASSED] - if (comma > 0): null

27-02-2025T17:34:04 - [TEST_STEP][PASSED] - line = reader.readLine(): null

27-02-2025T17:34:04 - [TEST_STEP][PASSED] - println(line): null

27-02-2025T17:34:04 - [TEST_STEP][PASSED] - group = line.indexOf("<Group>"): null

27-02-2025T17:34:04 - [TEST_STEP][PASSED] - println(group): null

27-02-2025T17:34:04 - [TEST_STEP][PASSED] - if (group >= 0): null

27-02-2025T17:34:04 - [TEST_STEP][PASSED] - else: null

27-02-2025T17:34:04 - [TEST_STEP][PASSED] - if (include): null

27-02-2025T17:34:04 - [TEST_STEP][PASSED] - println(line): null

27-02-2025T17:34:04 - [TEST_STEP][PASSED] - comma = line.indexOf(",y"): null

27-02-2025T17:34:04 - [TEST_STEP][PASSED] - if (comma > 0): null

27-02-2025T17:34:04 - [TEST_STEP][PASSED] - line = reader.readLine(): null

27-02-2025T17:34:04 - [TEST_STEP][PASSED] - println(line): null

27-02-2025T17:34:04 - [TEST_STEP][PASSED] - group = line.indexOf("<Group>"): null

27-02-2025T17:34:04 - [TEST_STEP][PASSED] - println(group): null

27-02-2025T17:34:04 - [TEST_STEP][PASSED] - if (group >= 0): null

27-02-2025T17:34:04 - [TEST_STEP][PASSED] - else: null

27-02-2025T17:34:04 - [TEST_STEP][PASSED] - if (include): null

27-02-2025T17:34:04 - [TEST_STEP][PASSED] - println(line): null

27-02-2025T17:34:04 - [TEST_STEP][PASSED] - comma = line.indexOf(",y"): null

27-02-2025T17:34:04 - [TEST_STEP][PASSED] - if (comma > 0): null

27-02-2025T17:34:04 - [TEST_STEP][PASSED] - line = reader.readLine(): null

27-02-2025T17:34:04 - [TEST_STEP][PASSED] - println(line): null

27-02-2025T17:34:04 - [TEST_STEP][PASSED] - group = line.indexOf("<Group>"): null

27-02-2025T17:34:04 - [TEST_STEP][PASSED] - println(group): null

27-02-2025T17:34:04 - [TEST_STEP][PASSED] - if (group >= 0): null

27-02-2025T17:34:04 - [TEST_STEP][PASSED] - else: null

27-02-2025T17:34:04 - [TEST_STEP][PASSED] - if (include): null

27-02-2025T17:34:04 - [TEST_STEP][PASSED] - println(line): null

27-02-2025T17:34:04 - [TEST_STEP][PASSED] - comma = line.indexOf(",y"): null

27-02-2025T17:34:04 - [TEST_STEP][PASSED] - if (comma > 0): null

27-02-2025T17:34:04 - [TEST_STEP][PASSED] - line = reader.readLine(): null

27-02-2025T17:34:04 - [TEST_STEP][PASSED] - println(line): null

27-02-2025T17:34:04 - [TEST_STEP][PASSED] - group = line.indexOf("<Group>"): null

27-02-2025T17:34:04 - [TEST_STEP][PASSED] - println(group): null

27-02-2025T17:34:04 - [TEST_STEP][PASSED] - if (group >= 0): null

27-02-2025T17:34:04 - [TEST_STEP][PASSED] - else: null

27-02-2025T17:34:04 - [TEST_STEP][PASSED] - if (include): null

27-02-2025T17:34:04 - [TEST_STEP][PASSED] - println(line): null

27-02-2025T17:34:04 - [TEST_STEP][PASSED] - comma = line.indexOf(",y"): null

27-02-2025T17:34:04 - [TEST_STEP][PASSED] - if (comma > 0): null

27-02-2025T17:34:04 - [TEST_STEP][PASSED] - line = reader.readLine(): null

27-02-2025T17:34:04 - [TEST_STEP][PASSED] - println(line): null

27-02-2025T17:34:04 - [TEST_STEP][PASSED] - group = line.indexOf("<Group>"): null

27-02-2025T17:34:04 - [TEST_STEP][PASSED] - println(group): null

27-02-2025T17:34:04 - [TEST_STEP][PASSED] - if (group >= 0): null

27-02-2025T17:34:04 - [TEST_STEP][PASSED] - else: null

27-02-2025T17:34:04 - [TEST_STEP][PASSED] - if (include): null

27-02-2025T17:34:04 - [TEST_STEP][PASSED] - println(line): null

27-02-2025T17:34:04 - [TEST_STEP][PASSED] - comma = line.indexOf(",y"): null

27-02-2025T17:34:04 - [TEST_STEP][PASSED] - if (comma > 0): null

27-02-2025T17:34:04 - [TEST_STEP][PASSED] - commaCount = StringUtils.countMatches(line, ","): null

27-02-2025T17:34:04 - [TEST_STEP][PASSED] - if (commaCount > 1): null

27-02-2025T17:34:04 - [TEST_STEP][PASSED] - println("Mulitple Commas : " + line): null

27-02-2025T17:34:04 - [TEST_STEP][PASSED] - line = line.replace(""", ""): null

27-02-2025T17:34:04 - [TEST_STEP][PASSED] - label = line.substring(1, line.length() - 2): null

27-02-2025T17:34:04 - [TEST_STEP][PASSED] - println(label): null

27-02-2025T17:34:04 - [TEST_STEP][PASSED] - checked.add(label): null

27-02-2025T17:34:04 - [TEST_STEP][PASSED] - line = reader.readLine(): null

27-02-2025T17:34:04 - [TEST_STEP][PASSED] - println(line): null

27-02-2025T17:34:04 - [TEST_STEP][PASSED] - group = line.indexOf("<Group>"): null

27-02-2025T17:34:04 - [TEST_STEP][PASSED] - println(group): null

27-02-2025T17:34:04 - [TEST_STEP][PASSED] - if (group >= 0): null

27-02-2025T17:34:04 - [TEST_STEP][PASSED] - else: null

27-02-2025T17:34:04 - [TEST_STEP][PASSED] - if (include): null

27-02-2025T17:34:04 - [TEST_STEP][PASSED] - println(line): null

27-02-2025T17:34:04 - [TEST_STEP][PASSED] - comma = line.indexOf(",y"): null

27-02-2025T17:34:04 - [TEST_STEP][PASSED] - if (comma > 0): null

27-02-2025T17:34:04 - [TEST_STEP][PASSED] - line = reader.readLine(): null

27-02-2025T17:34:04 - [TEST_STEP][PASSED] - println(line): null

27-02-2025T17:34:04 - [TEST_STEP][PASSED] - group = line.indexOf("<Group>"): null

27-02-2025T17:34:04 - [TEST_STEP][PASSED] - println(group): null

27-02-2025T17:34:04 - [TEST_STEP][PASSED] - if (group >= 0): null

27-02-2025T17:34:04 - [TEST_STEP][PASSED] - else: null

27-02-2025T17:34:04 - [TEST_STEP][PASSED] - if (include): null

27-02-2025T17:34:04 - [TEST_STEP][PASSED] - println(line): null

27-02-2025T17:34:04 - [TEST_STEP][PASSED] - comma = line.indexOf(",y"): null

27-02-2025T17:34:04 - [TEST_STEP][PASSED] - if (comma > 0): null

27-02-2025T17:34:04 - [TEST_STEP][PASSED] - commaCount = StringUtils.countMatches(line, ","): null

27-02-2025T17:34:04 - [TEST_STEP][PASSED] - if (commaCount > 1): null

27-02-2025T17:34:04 - [TEST_STEP][PASSED] - println("Mulitple Commas : " + line): null

27-02-2025T17:34:04 - [TEST_STEP][PASSED] - line = line.replace(""", ""): null

27-02-2025T17:34:04 - [TEST_STEP][PASSED] - label = line.substring(1, line.length() - 2): null

27-02-2025T17:34:04 - [TEST_STEP][PASSED] - println(label): null

27-02-2025T17:34:04 - [TEST_STEP][PASSED] - checked.add(label): null

27-02-2025T17:34:04 - [TEST_STEP][PASSED] - line = reader.readLine(): null

27-02-2025T17:34:04 - [TEST_STEP][PASSED] - println(line): null

27-02-2025T17:34:04 - [TEST_STEP][PASSED] - group = line.indexOf("<Group>"): null

27-02-2025T17:34:04 - [TEST_STEP][PASSED] - println(group): null

27-02-2025T17:34:04 - [TEST_STEP][PASSED] - if (group >= 0): null

27-02-2025T17:34:04 - [TEST_STEP][PASSED] - else: null

27-02-2025T17:34:04 - [TEST_STEP][PASSED] - if (include): null

27-02-2025T17:34:04 - [TEST_STEP][PASSED] - println(line): null

27-02-2025T17:34:04 - [TEST_STEP][PASSED] - comma = line.indexOf(",y"): null

27-02-2025T17:34:04 - [TEST_STEP][PASSED] - if (comma > 0): null

27-02-2025T17:34:04 - [TEST_STEP][PASSED] - line = reader.readLine(): null

27-02-2025T17:34:04 - [TEST_STEP][PASSED] - println(line): null

27-02-2025T17:34:04 - [TEST_STEP][PASSED] - group = line.indexOf("<Group>"): null

27-02-2025T17:34:04 - [TEST_STEP][PASSED] - println(group): null

27-02-2025T17:34:04 - [TEST_STEP][PASSED] - if (group >= 0): null

27-02-2025T17:34:04 - [TEST_STEP][PASSED] - else: null

27-02-2025T17:34:04 - [TEST_STEP][PASSED] - if (include): null

27-02-2025T17:34:04 - [TEST_STEP][PASSED] - println(line): null

27-02-2025T17:34:04 - [TEST_STEP][PASSED] - comma = line.indexOf(",y"): null

27-02-2025T17:34:04 - [TEST_STEP][PASSED] - if (comma > 0): null

27-02-2025T17:34:04 - [TEST_STEP][PASSED] - commaCount = StringUtils.countMatches(line, ","): null

27-02-2025T17:34:04 - [TEST_STEP][PASSED] - if (commaCount > 1): null

27-02-2025T17:34:04 - [TEST_STEP][PASSED] - println("Mulitple Commas : " + line): null

27-02-2025T17:34:04 - [TEST_STEP][PASSED] - line = line.replace(""", ""): null

27-02-2025T17:34:04 - [TEST_STEP][PASSED] - label = line.substring(1, line.length() - 2): null

27-02-2025T17:34:04 - [TEST_STEP][PASSED] - println(label): null

27-02-2025T17:34:04 - [TEST_STEP][PASSED] - checked.add(label): null

27-02-2025T17:34:04 - [TEST_STEP][PASSED] - line = reader.readLine(): null

27-02-2025T17:34:04 - [TEST_STEP][PASSED] - println(line): null

27-02-2025T17:34:04 - [TEST_STEP][PASSED] - group = line.indexOf("<Group>"): null

27-02-2025T17:34:04 - [TEST_STEP][PASSED] - println(group): null

27-02-2025T17:34:04 - [TEST_STEP][PASSED] - if (group >= 0): null

27-02-2025T17:34:04 - [TEST_STEP][PASSED] - else: null

27-02-2025T17:34:04 - [TEST_STEP][PASSED] - if (include): null

27-02-2025T17:34:04 - [TEST_STEP][PASSED] - println(line): null

27-02-2025T17:34:04 - [TEST_STEP][PASSED] - comma = line.indexOf(",y"): null

27-02-2025T17:34:04 - [TEST_STEP][PASSED] - if (comma > 0): null

27-02-2025T17:34:04 - [TEST_STEP][PASSED] - line = reader.readLine(): null

27-02-2025T17:34:04 - [TEST_STEP][PASSED] - println(line): null

27-02-2025T17:34:04 - [TEST_STEP][PASSED] - group = line.indexOf("<Group>"): null

27-02-2025T17:34:04 - [TEST_STEP][PASSED] - println(group): null

27-02-2025T17:34:04 - [TEST_STEP][PASSED] - if (group >= 0): null

27-02-2025T17:34:04 - [TEST_STEP][PASSED] - else: null

27-02-2025T17:34:04 - [TEST_STEP][PASSED] - if (include): null

27-02-2025T17:34:04 - [TEST_STEP][PASSED] - println(line): null

27-02-2025T17:34:04 - [TEST_STEP][PASSED] - comma = line.indexOf(",y"): null

27-02-2025T17:34:04 - [TEST_STEP][PASSED] - if (comma > 0): null

27-02-2025T17:34:04 - [TEST_STEP][PASSED] - commaCount = StringUtils.countMatches(line, ","): null

27-02-2025T17:34:04 - [TEST_STEP][PASSED] - if (commaCount > 1): null

27-02-2025T17:34:04 - [TEST_STEP][PASSED] - println("Mulitple Commas : " + line): null

27-02-2025T17:34:04 - [TEST_STEP][PASSED] - line = line.replace(""", ""): null

27-02-2025T17:34:04 - [TEST_STEP][PASSED] - label = line.substring(1, line.length() - 2): null

27-02-2025T17:34:04 - [TEST_STEP][PASSED] - println(label): null

27-02-2025T17:34:04 - [TEST_STEP][PASSED] - checked.add(label): null

27-02-2025T17:34:04 - [TEST_STEP][PASSED] - line = reader.readLine(): null

27-02-2025T17:34:04 - [TEST_STEP][PASSED] - println(line): null

27-02-2025T17:34:04 - [TEST_STEP][PASSED] - group = line.indexOf("<Group>"): null

27-02-2025T17:34:04 - [TEST_STEP][PASSED] - println(group): null

27-02-2025T17:34:04 - [TEST_STEP][PASSED] - if (group >= 0): null

27-02-2025T17:34:04 - [TEST_STEP][PASSED] - else: null

27-02-2025T17:34:04 - [TEST_STEP][PASSED] - if (include): null

27-02-2025T17:34:04 - [TEST_STEP][PASSED] - println(line): null

27-02-2025T17:34:04 - [TEST_STEP][PASSED] - comma = line.indexOf(",y"): null

27-02-2025T17:34:04 - [TEST_STEP][PASSED] - if (comma > 0): null

27-02-2025T17:34:04 - [TEST_STEP][PASSED] - commaCount = StringUtils.countMatches(line, ","): null

27-02-2025T17:34:04 - [TEST_STEP][PASSED] - if (commaCount > 1): null

27-02-2025T17:34:04 - [TEST_STEP][PASSED] - println("Mulitple Commas : " + line): null

27-02-2025T17:34:04 - [TEST_STEP][PASSED] - line = line.replace(""", ""): null

27-02-2025T17:34:04 - [TEST_STEP][PASSED] - label = line.substring(1, line.length() - 2): null

27-02-2025T17:34:04 - [TEST_STEP][PASSED] - println(label): null

27-02-2025T17:34:04 - [TEST_STEP][PASSED] - checked.add(label): null

27-02-2025T17:34:04 - [TEST_STEP][PASSED] - line = reader.readLine(): null

27-02-2025T17:34:04 - [TEST_STEP][PASSED] - println(line): null

27-02-2025T17:34:04 - [TEST_STEP][PASSED] - group = line.indexOf("<Group>"): null

27-02-2025T17:34:04 - [TEST_STEP][PASSED] - println(group): null

27-02-2025T17:34:04 - [TEST_STEP][PASSED] - if (group >= 0): null

27-02-2025T17:34:04 - [TEST_STEP][PASSED] - else: null

27-02-2025T17:34:04 - [TEST_STEP][PASSED] - if (include): null

27-02-2025T17:34:04 - [TEST_STEP][PASSED] - println(line): null

27-02-2025T17:34:04 - [TEST_STEP][PASSED] - comma = line.indexOf(",y"): null

27-02-2025T17:34:04 - [TEST_STEP][PASSED] - if (comma > 0): null

27-02-2025T17:34:04 - [TEST_STEP][PASSED] - line = reader.readLine(): null

27-02-2025T17:34:04 - [TEST_STEP][PASSED] - println(line): null

27-02-2025T17:34:04 - [TEST_STEP][PASSED] - group = line.indexOf("<Group>"): null

27-02-2025T17:34:04 - [TEST_STEP][PASSED] - println(group): null

27-02-2025T17:34:04 - [TEST_STEP][PASSED] - if (group >= 0): null

27-02-2025T17:34:04 - [TEST_STEP][PASSED] - else: null

27-02-2025T17:34:04 - [TEST_STEP][PASSED] - if (include): null

27-02-2025T17:34:04 - [TEST_STEP][PASSED] - println(line): null

27-02-2025T17:34:04 - [TEST_STEP][PASSED] - comma = line.indexOf(",y"): null

27-02-2025T17:34:04 - [TEST_STEP][PASSED] - if (comma > 0): null

27-02-2025T17:34:04 - [TEST_STEP][PASSED] - line = reader.readLine(): null

27-02-2025T17:34:04 - [TEST_STEP][PASSED] - println(line): null

27-02-2025T17:34:04 - [TEST_STEP][PASSED] - group = line.indexOf("<Group>"): null

27-02-2025T17:34:04 - [TEST_STEP][PASSED] - println(group): null

27-02-2025T17:34:04 - [TEST_STEP][PASSED] - if (group >= 0): null

27-02-2025T17:34:04 - [TEST_STEP][PASSED] - else: null

27-02-2025T17:34:04 - [TEST_STEP][PASSED] - if (include): null

27-02-2025T17:34:04 - [TEST_STEP][PASSED] - println(line): null

27-02-2025T17:34:04 - [TEST_STEP][PASSED] - comma = line.indexOf(",y"): null

27-02-2025T17:34:04 - [TEST_STEP][PASSED] - if (comma > 0): null

27-02-2025T17:34:04 - [TEST_STEP][PASSED] - commaCount = StringUtils.countMatches(line, ","): null

27-02-2025T17:34:04 - [TEST_STEP][PASSED] - if (commaCount > 1): null

27-02-2025T17:34:04 - [TEST_STEP][PASSED] - println("Mulitple Commas : " + line): null

27-02-2025T17:34:04 - [TEST_STEP][PASSED] - line = line.replace(""", ""): null

27-02-2025T17:34:04 - [TEST_STEP][PASSED] - label = line.substring(1, line.length() - 2): null

27-02-2025T17:34:04 - [TEST_STEP][PASSED] - println(label): null

27-02-2025T17:34:04 - [TEST_STEP][PASSED] - checked.add(label): null

27-02-2025T17:34:04 - [TEST_STEP][PASSED] - line = reader.readLine(): null

27-02-2025T17:34:04 - [TEST_STEP][PASSED] - println(line): null

27-02-2025T17:34:04 - [TEST_STEP][PASSED] - group = line.indexOf("<Group>"): null

27-02-2025T17:34:04 - [TEST_STEP][PASSED] - println(group): null

27-02-2025T17:34:04 - [TEST_STEP][PASSED] - if (group >= 0): null

27-02-2025T17:34:04 - [TEST_STEP][PASSED] - else: null

27-02-2025T17:34:04 - [TEST_STEP][PASSED] - if (include): null

27-02-2025T17:34:04 - [TEST_STEP][PASSED] - println(line): null

27-02-2025T17:34:04 - [TEST_STEP][PASSED] - comma = line.indexOf(",y"): null

27-02-2025T17:34:04 - [TEST_STEP][PASSED] - if (comma > 0): null

27-02-2025T17:34:04 - [TEST_STEP][PASSED] - commaCount = StringUtils.countMatches(line, ","): null

27-02-2025T17:34:04 - [TEST_STEP][PASSED] - if (commaCount > 1): null

27-02-2025T17:34:04 - [TEST_STEP][PASSED] - println("Mulitple Commas : " + line): null

27-02-2025T17:34:04 - [TEST_STEP][PASSED] - line = line.replace(""", ""): null

27-02-2025T17:34:04 - [TEST_STEP][PASSED] - label = line.substring(1, line.length() - 2): null

27-02-2025T17:34:04 - [TEST_STEP][PASSED] - println(label): null

27-02-2025T17:34:04 - [TEST_STEP][PASSED] - checked.add(label): null

27-02-2025T17:34:04 - [TEST_STEP][PASSED] - line = reader.readLine(): null

27-02-2025T17:34:04 - [TEST_STEP][PASSED] - println(line): null

27-02-2025T17:34:04 - [TEST_STEP][PASSED] - group = line.indexOf("<Group>"): null

27-02-2025T17:34:04 - [TEST_STEP][PASSED] - println(group): null

27-02-2025T17:34:04 - [TEST_STEP][PASSED] - if (group >= 0): null

27-02-2025T17:34:04 - [TEST_STEP][PASSED] - else: null

27-02-2025T17:34:04 - [TEST_STEP][PASSED] - if (include): null

27-02-2025T17:34:04 - [TEST_STEP][PASSED] - println(line): null

27-02-2025T17:34:04 - [TEST_STEP][PASSED] - comma = line.indexOf(",y"): null

27-02-2025T17:34:04 - [TEST_STEP][PASSED] - if (comma > 0): null

27-02-2025T17:34:04 - [TEST_STEP][PASSED] - line = reader.readLine(): null

27-02-2025T17:34:04 - [TEST_STEP][PASSED] - println(line): null

27-02-2025T17:34:04 - [TEST_STEP][PASSED] - group = line.indexOf("<Group>"): null

27-02-2025T17:34:04 - [TEST_STEP][PASSED] - println(group): null

27-02-2025T17:34:04 - [TEST_STEP][PASSED] - if (group >= 0): null

27-02-2025T17:34:04 - [TEST_STEP][PASSED] - else: null

27-02-2025T17:34:04 - [TEST_STEP][PASSED] - if (include): null

27-02-2025T17:34:04 - [TEST_STEP][PASSED] - println(line): null

27-02-2025T17:34:04 - [TEST_STEP][PASSED] - comma = line.indexOf(",y"): null

27-02-2025T17:34:04 - [TEST_STEP][PASSED] - if (comma > 0): null

27-02-2025T17:34:04 - [TEST_STEP][PASSED] - line = reader.readLine(): null

27-02-2025T17:34:04 - [TEST_STEP][PASSED] - println(line): null

27-02-2025T17:34:04 - [TEST_STEP][PASSED] - group = line.indexOf("<Group>"): null

27-02-2025T17:34:04 - [TEST_STEP][PASSED] - println(group): null

27-02-2025T17:34:04 - [TEST_STEP][PASSED] - if (group >= 0): null

27-02-2025T17:34:04 - [TEST_STEP][PASSED] - else: null

27-02-2025T17:34:04 - [TEST_STEP][PASSED] - if (include): null

27-02-2025T17:34:04 - [TEST_STEP][PASSED] - println(line): null

27-02-2025T17:34:04 - [TEST_STEP][PASSED] - comma = line.indexOf(",y"): null

27-02-2025T17:34:04 - [TEST_STEP][PASSED] - if (comma > 0): null

27-02-2025T17:34:04 - [TEST_STEP][PASSED] - line = reader.readLine(): null

27-02-2025T17:34:04 - [TEST_STEP][PASSED] - println(line): null

27-02-2025T17:34:04 - [TEST_STEP][PASSED] - group = line.indexOf("<Group>"): null

27-02-2025T17:34:04 - [TEST_STEP][PASSED] - println(group): null

27-02-2025T17:34:04 - [TEST_STEP][PASSED] - if (group >= 0): null

27-02-2025T17:34:04 - [TEST_STEP][PASSED] - else: null

27-02-2025T17:34:04 - [TEST_STEP][PASSED] - if (include): null

27-02-2025T17:34:04 - [TEST_STEP][PASSED] - println(line): null

27-02-2025T17:34:04 - [TEST_STEP][PASSED] - comma = line.indexOf(",y"): null

27-02-2025T17:34:04 - [TEST_STEP][PASSED] - if (comma > 0): null

27-02-2025T17:34:04 - [TEST_STEP][PASSED] - line = reader.readLine(): null

27-02-2025T17:34:04 - [TEST_STEP][PASSED] - println(line): null

27-02-2025T17:34:04 - [TEST_STEP][PASSED] - group = line.indexOf("<Group>"): null

27-02-2025T17:34:04 - [TEST_STEP][PASSED] - println(group): null

27-02-2025T17:34:04 - [TEST_STEP][PASSED] - if (group >= 0): null

27-02-2025T17:34:04 - [TEST_STEP][PASSED] - else: null

27-02-2025T17:34:04 - [TEST_STEP][PASSED] - if (include): null

27-02-2025T17:34:04 - [TEST_STEP][PASSED] - println(line): null

27-02-2025T17:34:04 - [TEST_STEP][PASSED] - comma = line.indexOf(",y"): null

27-02-2025T17:34:04 - [TEST_STEP][PASSED] - if (comma > 0): null

27-02-2025T17:34:04 - [TEST_STEP][PASSED] - line = reader.readLine(): null

27-02-2025T17:34:04 - [TEST_STEP][PASSED] - println(line): null

27-02-2025T17:34:04 - [TEST_STEP][PASSED] - group = line.indexOf("<Group>"): null

27-02-2025T17:34:04 - [TEST_STEP][PASSED] - println(group): null

27-02-2025T17:34:04 - [TEST_STEP][PASSED] - if (group >= 0): null

27-02-2025T17:34:04 - [TEST_STEP][PASSED] - else: null

27-02-2025T17:34:04 - [TEST_STEP][PASSED] - if (include): null

27-02-2025T17:34:04 - [TEST_STEP][PASSED] - println(line): null

27-02-2025T17:34:04 - [TEST_STEP][PASSED] - comma = line.indexOf(",y"): null

27-02-2025T17:34:04 - [TEST_STEP][PASSED] - if (comma > 0): null

27-02-2025T17:34:04 - [TEST_STEP][PASSED] - line = reader.readLine(): null

27-02-2025T17:34:04 - [TEST_STEP][PASSED] - println(line): null

27-02-2025T17:34:04 - [TEST_STEP][PASSED] - group = line.indexOf("<Group>"): null

27-02-2025T17:34:04 - [TEST_STEP][PASSED] - println(group): null

27-02-2025T17:34:04 - [TEST_STEP][PASSED] - if (group >= 0): null

27-02-2025T17:34:04 - [TEST_STEP][PASSED] - else: null

27-02-2025T17:34:04 - [TEST_STEP][PASSED] - if (include): null

27-02-2025T17:34:04 - [TEST_STEP][PASSED] - println(line): null

27-02-2025T17:34:04 - [TEST_STEP][PASSED] - comma = line.indexOf(",y"): null

27-02-2025T17:34:04 - [TEST_STEP][PASSED] - if (comma > 0): null

27-02-2025T17:34:04 - [TEST_STEP][PASSED] - line = reader.readLine(): null

27-02-2025T17:34:04 - [TEST_STEP][PASSED] - println(line): null

27-02-2025T17:34:04 - [TEST_STEP][PASSED] - group = line.indexOf("<Group>"): null

27-02-2025T17:34:04 - [TEST_STEP][PASSED] - println(group): null

27-02-2025T17:34:04 - [TEST_STEP][PASSED] - if (group >= 0): null

27-02-2025T17:34:04 - [TEST_STEP][PASSED] - else: null

27-02-2025T17:34:04 - [TEST_STEP][PASSED] - if (include): null

27-02-2025T17:34:04 - [TEST_STEP][PASSED] - println(line): null

27-02-2025T17:34:04 - [TEST_STEP][PASSED] - comma = line.indexOf(",y"): null

27-02-2025T17:34:04 - [TEST_STEP][PASSED] - if (comma > 0): null

27-02-2025T17:34:04 - [TEST_STEP][PASSED] - line = reader.readLine(): null

27-02-2025T17:34:04 - [TEST_STEP][PASSED] - println(line): null

27-02-2025T17:34:04 - [TEST_STEP][PASSED] - group = line.indexOf("<Group>"): null

27-02-2025T17:34:04 - [TEST_STEP][PASSED] - println(group): null

27-02-2025T17:34:04 - [TEST_STEP][PASSED] - if (group >= 0): null

27-02-2025T17:34:04 - [TEST_STEP][PASSED] - else: null

27-02-2025T17:34:04 - [TEST_STEP][PASSED] - if (include): null

27-02-2025T17:34:04 - [TEST_STEP][PASSED] - println(line): null

27-02-2025T17:34:04 - [TEST_STEP][PASSED] - comma = line.indexOf(",y"): null

27-02-2025T17:34:04 - [TEST_STEP][PASSED] - if (comma > 0): null

27-02-2025T17:34:04 - [TEST_STEP][PASSED] - line = reader.readLine(): null

27-02-2025T17:34:04 - [TEST_STEP][PASSED] - println(line): null

27-02-2025T17:34:04 - [TEST_STEP][PASSED] - group = line.indexOf("<Group>"): null

27-02-2025T17:34:04 - [TEST_STEP][PASSED] - println(group): null

27-02-2025T17:34:04 - [TEST_STEP][PASSED] - if (group >= 0): null

27-02-2025T17:34:04 - [TEST_STEP][PASSED] - else: null

27-02-2025T17:34:04 - [TEST_STEP][PASSED] - if (include): null

27-02-2025T17:34:04 - [TEST_STEP][PASSED] - println(line): null

27-02-2025T17:34:04 - [TEST_STEP][PASSED] - comma = line.indexOf(",y"): null

27-02-2025T17:34:04 - [TEST_STEP][PASSED] - if (comma > 0): null

27-02-2025T17:34:04 - [TEST_STEP][PASSED] - line = reader.readLine(): null

27-02-2025T17:34:04 - [TEST_STEP][PASSED] - println(line): null

27-02-2025T17:34:04 - [TEST_STEP][PASSED] - group = line.indexOf("<Group>"): null

27-02-2025T17:34:04 - [TEST_STEP][PASSED] - println(group): null

27-02-2025T17:34:04 - [TEST_STEP][PASSED] - if (group >= 0): null

27-02-2025T17:34:04 - [TEST_STEP][PASSED] - else: null

27-02-2025T17:34:04 - [TEST_STEP][PASSED] - if (include): null

27-02-2025T17:34:04 - [TEST_STEP][PASSED] - println(line): null

27-02-2025T17:34:04 - [TEST_STEP][PASSED] - comma = line.indexOf(",y"): null

27-02-2025T17:34:04 - [TEST_STEP][PASSED] - if (comma > 0): null

27-02-2025T17:34:04 - [TEST_STEP][PASSED] - line = reader.readLine(): null

27-02-2025T17:34:04 - [TEST_STEP][PASSED] - println(line): null

27-02-2025T17:34:04 - [TEST_STEP][PASSED] - group = line.indexOf("<Group>"): null

27-02-2025T17:34:04 - [TEST_STEP][PASSED] - println(group): null

27-02-2025T17:34:04 - [TEST_STEP][PASSED] - if (group >= 0): null

27-02-2025T17:34:04 - [TEST_STEP][PASSED] - else: null

27-02-2025T17:34:04 - [TEST_STEP][PASSED] - if (include): null

27-02-2025T17:34:04 - [TEST_STEP][PASSED] - println(line): null

27-02-2025T17:34:04 - [TEST_STEP][PASSED] - comma = line.indexOf(",y"): null

27-02-2025T17:34:04 - [TEST_STEP][PASSED] - if (comma > 0): null

27-02-2025T17:34:04 - [TEST_STEP][PASSED] - line = reader.readLine(): null

27-02-2025T17:34:04 - [TEST_STEP][PASSED] - println(line): null

27-02-2025T17:34:04 - [TEST_STEP][PASSED] - group = line.indexOf("<Group>"): null

27-02-2025T17:34:04 - [TEST_STEP][PASSED] - println(group): null

27-02-2025T17:34:04 - [TEST_STEP][PASSED] - if (group >= 0): null

27-02-2025T17:34:04 - [TEST_STEP][PASSED] - else: null

27-02-2025T17:34:04 - [TEST_STEP][PASSED] - if (include): null

27-02-2025T17:34:04 - [TEST_STEP][PASSED] - println(line): null

27-02-2025T17:34:04 - [TEST_STEP][PASSED] - comma = line.indexOf(",y"): null

27-02-2025T17:34:04 - [TEST_STEP][PASSED] - if (comma > 0): null

27-02-2025T17:34:04 - [TEST_STEP][PASSED] - line = reader.readLine(): null

27-02-2025T17:34:04 - [TEST_STEP][PASSED] - println(line): null

27-02-2025T17:34:04 - [TEST_STEP][PASSED] - group = line.indexOf("<Group>"): null

27-02-2025T17:34:04 - [TEST_STEP][PASSED] - println(group): null

27-02-2025T17:34:04 - [TEST_STEP][PASSED] - if (group >= 0): null

27-02-2025T17:34:04 - [TEST_STEP][PASSED] - else: null

27-02-2025T17:34:04 - [TEST_STEP][PASSED] - if (include): null

27-02-2025T17:34:04 - [TEST_STEP][PASSED] - println(line): null

27-02-2025T17:34:04 - [TEST_STEP][PASSED] - comma = line.indexOf(",y"): null

27-02-2025T17:34:04 - [TEST_STEP][PASSED] - if (comma > 0): null

27-02-2025T17:34:04 - [TEST_STEP][PASSED] - line = reader.readLine(): null

27-02-2025T17:34:04 - [TEST_STEP][PASSED] - println(line): null

27-02-2025T17:34:04 - [TEST_STEP][PASSED] - group = line.indexOf("<Group>"): null

27-02-2025T17:34:04 - [TEST_STEP][PASSED] - println(group): null

27-02-2025T17:34:04 - [TEST_STEP][PASSED] - if (group >= 0): null

27-02-2025T17:34:04 - [TEST_STEP][PASSED] - else: null

27-02-2025T17:34:04 - [TEST_STEP][PASSED] - if (include): null

27-02-2025T17:34:04 - [TEST_STEP][PASSED] - println(line): null

27-02-2025T17:34:04 - [TEST_STEP][PASSED] - comma = line.indexOf(",y"): null

27-02-2025T17:34:04 - [TEST_STEP][PASSED] - if (comma > 0): null

27-02-2025T17:34:04 - [TEST_STEP][PASSED] - line = reader.readLine(): null

27-02-2025T17:34:04 - [TEST_STEP][PASSED] - println(line): null

27-02-2025T17:34:04 - [TEST_STEP][PASSED] - group = line.indexOf("<Group>"): null

27-02-2025T17:34:04 - [TEST_STEP][PASSED] - println(group): null

27-02-2025T17:34:04 - [TEST_STEP][PASSED] - if (group >= 0): null

27-02-2025T17:34:04 - [TEST_STEP][PASSED] - else: null

27-02-2025T17:34:04 - [TEST_STEP][PASSED] - if (include): null

27-02-2025T17:34:04 - [TEST_STEP][PASSED] - println(line): null

27-02-2025T17:34:04 - [TEST_STEP][PASSED] - comma = line.indexOf(",y"): null

27-02-2025T17:34:04 - [TEST_STEP][PASSED] - if (comma > 0): null

27-02-2025T17:34:04 - [TEST_STEP][PASSED] - line = reader.readLine(): null

27-02-2025T17:34:04 - [TEST_STEP][PASSED] - println(line): null

27-02-2025T17:34:04 - [TEST_STEP][PASSED] - group = line.indexOf("<Group>"): null

27-02-2025T17:34:04 - [TEST_STEP][PASSED] - println(group): null

27-02-2025T17:34:04 - [TEST_STEP][PASSED] - if (group >= 0): null

27-02-2025T17:34:04 - [TEST_STEP][PASSED] - else: null

27-02-2025T17:34:04 - [TEST_STEP][PASSED] - if (include): null

27-02-2025T17:34:04 - [TEST_STEP][PASSED] - println(line): null

27-02-2025T17:34:04 - [TEST_STEP][PASSED] - comma = line.indexOf(",y"): null

27-02-2025T17:34:04 - [TEST_STEP][PASSED] - if (comma > 0): null

27-02-2025T17:34:04 - [TEST_STEP][PASSED] - line = reader.readLine(): null

27-02-2025T17:34:04 - [TEST_STEP][PASSED] - println(line): null

27-02-2025T17:34:04 - [TEST_STEP][PASSED] - group = line.indexOf("<Group>"): null

27-02-2025T17:34:04 - [TEST_STEP][PASSED] - println(group): null

27-02-2025T17:34:04 - [TEST_STEP][PASSED] - if (group >= 0): null

27-02-2025T17:34:04 - [TEST_STEP][PASSED] - else: null

27-02-2025T17:34:04 - [TEST_STEP][PASSED] - if (include): null

27-02-2025T17:34:04 - [TEST_STEP][PASSED] - println(line): null

27-02-2025T17:34:04 - [TEST_STEP][PASSED] - comma = line.indexOf(",y"): null

27-02-2025T17:34:04 - [TEST_STEP][PASSED] - if (comma > 0): null

27-02-2025T17:34:04 - [TEST_STEP][PASSED] - line = reader.readLine(): null

27-02-2025T17:34:04 - [TEST_STEP][PASSED] - println(line): null

27-02-2025T17:34:04 - [TEST_STEP][PASSED] - group = line.indexOf("<Group>"): null

27-02-2025T17:34:04 - [TEST_STEP][PASSED] - println(group): null

27-02-2025T17:34:04 - [TEST_STEP][PASSED] - if (group >= 0): null

27-02-2025T17:34:04 - [TEST_STEP][PASSED] - else: null

27-02-2025T17:34:04 - [TEST_STEP][PASSED] - if (include): null

27-02-2025T17:34:04 - [TEST_STEP][PASSED] - println(line): null

27-02-2025T17:34:04 - [TEST_STEP][PASSED] - comma = line.indexOf(",y"): null

27-02-2025T17:34:04 - [TEST_STEP][PASSED] - if (comma > 0): null

27-02-2025T17:34:04 - [TEST_STEP][PASSED] - line = reader.readLine(): null

27-02-2025T17:34:04 - [TEST_STEP][PASSED] - println(line): null

27-02-2025T17:34:04 - [TEST_STEP][PASSED] - group = line.indexOf("<Group>"): null

27-02-2025T17:34:04 - [TEST_STEP][PASSED] - println(group): null

27-02-2025T17:34:04 - [TEST_STEP][PASSED] - if (group >= 0): null

27-02-2025T17:34:04 - [TEST_STEP][PASSED] - else: null

27-02-2025T17:34:04 - [TEST_STEP][PASSED] - if (include): null

27-02-2025T17:34:04 - [TEST_STEP][PASSED] - println(line): null

27-02-2025T17:34:04 - [TEST_STEP][PASSED] - comma = line.indexOf(",y"): null

27-02-2025T17:34:04 - [TEST_STEP][PASSED] - if (comma > 0): null

27-02-2025T17:34:04 - [TEST_STEP][PASSED] - line = reader.readLine(): null

27-02-2025T17:34:04 - [TEST_STEP][PASSED] - println(line): null

27-02-2025T17:34:04 - [TEST_STEP][PASSED] - group = line.indexOf("<Group>"): null

27-02-2025T17:34:04 - [TEST_STEP][PASSED] - println(group): null

27-02-2025T17:34:04 - [TEST_STEP][PASSED] - if (group >= 0): null

27-02-2025T17:34:04 - [TEST_STEP][PASSED] - else: null

27-02-2025T17:34:04 - [TEST_STEP][PASSED] - if (include): null

27-02-2025T17:34:04 - [TEST_STEP][PASSED] - println(line): null

27-02-2025T17:34:04 - [TEST_STEP][PASSED] - comma = line.indexOf(",y"): null

27-02-2025T17:34:04 - [TEST_STEP][PASSED] - if (comma > 0): null

27-02-2025T17:34:04 - [TEST_STEP][PASSED] - line = reader.readLine(): null

27-02-2025T17:34:04 - [TEST_STEP][PASSED] - println(line): null

27-02-2025T17:34:04 - [TEST_STEP][PASSED] - group = line.indexOf("<Group>"): null

27-02-2025T17:34:04 - [TEST_STEP][PASSED] - println(group): null

27-02-2025T17:34:04 - [TEST_STEP][PASSED] - if (group >= 0): null

27-02-2025T17:34:04 - [TEST_STEP][PASSED] - else: null

27-02-2025T17:34:04 - [TEST_STEP][PASSED] - if (include): null

27-02-2025T17:34:04 - [TEST_STEP][PASSED] - println(line): null

27-02-2025T17:34:04 - [TEST_STEP][PASSED] - comma = line.indexOf(",y"): null

27-02-2025T17:34:04 - [TEST_STEP][PASSED] - if (comma > 0): null

27-02-2025T17:34:04 - [TEST_STEP][PASSED] - line = reader.readLine(): null

27-02-2025T17:34:04 - [TEST_STEP][PASSED] - println(line): null

27-02-2025T17:34:04 - [TEST_STEP][PASSED] - group = line.indexOf("<Group>"): null

27-02-2025T17:34:04 - [TEST_STEP][PASSED] - println(group): null

27-02-2025T17:34:04 - [TEST_STEP][PASSED] - if (group >= 0): null

27-02-2025T17:34:04 - [TEST_STEP][PASSED] - else: null

27-02-2025T17:34:04 - [TEST_STEP][PASSED] - if (include): null

27-02-2025T17:34:04 - [TEST_STEP][PASSED] - println(line): null

27-02-2025T17:34:04 - [TEST_STEP][PASSED] - comma = line.indexOf(",y"): null

27-02-2025T17:34:04 - [TEST_STEP][PASSED] - if (comma > 0): null

27-02-2025T17:34:04 - [TEST_STEP][PASSED] - line = reader.readLine(): null

27-02-2025T17:34:04 - [TEST_STEP][PASSED] - println(line): null

27-02-2025T17:34:04 - [TEST_STEP][PASSED] - group = line.indexOf("<Group>"): null

27-02-2025T17:34:04 - [TEST_STEP][PASSED] - println(group): null

27-02-2025T17:34:04 - [TEST_STEP][PASSED] - if (group >= 0): null

27-02-2025T17:34:04 - [TEST_STEP][PASSED] - else: null

27-02-2025T17:34:04 - [TEST_STEP][PASSED] - if (include): null

27-02-2025T17:34:04 - [TEST_STEP][PASSED] - println(line): null

27-02-2025T17:34:04 - [TEST_STEP][PASSED] - comma = line.indexOf(",y"): null

27-02-2025T17:34:04 - [TEST_STEP][PASSED] - if (comma > 0): null

27-02-2025T17:34:04 - [TEST_STEP][PASSED] - line = reader.readLine(): null

27-02-2025T17:34:04 - [TEST_STEP][PASSED] - println(line): null

27-02-2025T17:34:04 - [TEST_STEP][PASSED] - group = line.indexOf("<Group>"): null

27-02-2025T17:34:04 - [TEST_STEP][PASSED] - println(group): null

27-02-2025T17:34:04 - [TEST_STEP][PASSED] - if (group >= 0): null

27-02-2025T17:34:04 - [TEST_STEP][PASSED] - else: null

27-02-2025T17:34:04 - [TEST_STEP][PASSED] - if (include): null

27-02-2025T17:34:04 - [TEST_STEP][PASSED] - println(line): null

27-02-2025T17:34:04 - [TEST_STEP][PASSED] - comma = line.indexOf(",y"): null

27-02-2025T17:34:04 - [TEST_STEP][PASSED] - if (comma > 0): null

27-02-2025T17:34:04 - [TEST_STEP][PASSED] - line = reader.readLine(): null

27-02-2025T17:34:04 - [TEST_STEP][PASSED] - println(line): null

27-02-2025T17:34:04 - [TEST_STEP][PASSED] - group = line.indexOf("<Group>"): null

27-02-2025T17:34:04 - [TEST_STEP][PASSED] - println(group): null

27-02-2025T17:34:04 - [TEST_STEP][PASSED] - if (group >= 0): null

27-02-2025T17:34:04 - [TEST_STEP][PASSED] - else: null

27-02-2025T17:34:04 - [TEST_STEP][PASSED] - if (include): null

27-02-2025T17:34:04 - [TEST_STEP][PASSED] - println(line): null

27-02-2025T17:34:04 - [TEST_STEP][PASSED] - comma = line.indexOf(",y"): null

27-02-2025T17:34:04 - [TEST_STEP][PASSED] - if (comma > 0): null

27-02-2025T17:34:04 - [TEST_STEP][PASSED] - line = reader.readLine(): null

27-02-2025T17:34:04 - [TEST_STEP][PASSED] - println(line): null

27-02-2025T17:34:04 - [TEST_STEP][PASSED] - group = line.indexOf("<Group>"): null

27-02-2025T17:34:04 - [TEST_STEP][PASSED] - println(group): null

27-02-2025T17:34:04 - [TEST_STEP][PASSED] - if (group >= 0): null

27-02-2025T17:34:04 - [TEST_STEP][PASSED] - else: null

27-02-2025T17:34:04 - [TEST_STEP][PASSED] - if (include): null

27-02-2025T17:34:04 - [TEST_STEP][PASSED] - println(line): null

27-02-2025T17:34:04 - [TEST_STEP][PASSED] - comma = line.indexOf(",y"): null

27-02-2025T17:34:04 - [TEST_STEP][PASSED] - if (comma > 0): null

27-02-2025T17:34:04 - [TEST_STEP][PASSED] - line = reader.readLine(): null

27-02-2025T17:34:04 - [TEST_STEP][PASSED] - println(line): null

27-02-2025T17:34:04 - [TEST_STEP][PASSED] - group = line.indexOf("<Group>"): null

27-02-2025T17:34:04 - [TEST_STEP][PASSED] - println(group): null

27-02-2025T17:34:04 - [TEST_STEP][PASSED] - if (group >= 0): null

27-02-2025T17:34:04 - [TEST_STEP][PASSED] - else: null

27-02-2025T17:34:04 - [TEST_STEP][PASSED] - if (include): null

27-02-2025T17:34:04 - [TEST_STEP][PASSED] - println(line): null

27-02-2025T17:34:04 - [TEST_STEP][PASSED] - comma = line.indexOf(",y"): null

27-02-2025T17:34:04 - [TEST_STEP][PASSED] - if (comma > 0): null

27-02-2025T17:34:04 - [TEST_STEP][PASSED] - line = reader.readLine(): null

27-02-2025T17:34:04 - [TEST_STEP][PASSED] - println(line): null

27-02-2025T17:34:04 - [TEST_STEP][PASSED] - group = line.indexOf("<Group>"): null

27-02-2025T17:34:04 - [TEST_STEP][PASSED] - println(group): null

27-02-2025T17:34:04 - [TEST_STEP][PASSED] - if (group >= 0): null

27-02-2025T17:34:04 - [TEST_STEP][PASSED] - else: null

27-02-2025T17:34:04 - [TEST_STEP][PASSED] - if (include): null

27-02-2025T17:34:04 - [TEST_STEP][PASSED] - println(line): null

27-02-2025T17:34:04 - [TEST_STEP][PASSED] - comma = line.indexOf(",y"): null

27-02-2025T17:34:04 - [TEST_STEP][PASSED] - if (comma > 0): null

27-02-2025T17:34:04 - [TEST_STEP][PASSED] - commaCount = StringUtils.countMatches(line, ","): null

27-02-2025T17:34:04 - [TEST_STEP][PASSED] - if (commaCount > 1): null

27-02-2025T17:34:04 - [TEST_STEP][PASSED] - else: null

27-02-2025T17:34:04 - [TEST_STEP][PASSED] - label = line.substring(1, comma): null

27-02-2025T17:34:04 - [TEST_STEP][PASSED] - println(label): null

27-02-2025T17:34:04 - [TEST_STEP][PASSED] - checked.add(label): null

27-02-2025T17:34:04 - [TEST_STEP][PASSED] - line = reader.readLine(): null

27-02-2025T17:34:04 - [TEST_STEP][PASSED] - println(line): null

27-02-2025T17:34:04 - [TEST_STEP][PASSED] - group = line.indexOf("<Group>"): null

27-02-2025T17:34:04 - [TEST_STEP][PASSED] - println(group): null

27-02-2025T17:34:04 - [TEST_STEP][PASSED] - if (group >= 0): null

27-02-2025T17:34:04 - [TEST_STEP][PASSED] - else: null

27-02-2025T17:34:04 - [TEST_STEP][PASSED] - if (include): null

27-02-2025T17:34:04 - [TEST_STEP][PASSED] - println(line): null

27-02-2025T17:34:04 - [TEST_STEP][PASSED] - comma = line.indexOf(",y"): null

27-02-2025T17:34:04 - [TEST_STEP][PASSED] - if (comma > 0): null

27-02-2025T17:34:04 - [TEST_STEP][PASSED] - commaCount = StringUtils.countMatches(line, ","): null

27-02-2025T17:34:04 - [TEST_STEP][PASSED] - if (commaCount > 1): null

27-02-2025T17:34:04 - [TEST_STEP][PASSED] - else: null

27-02-2025T17:34:04 - [TEST_STEP][PASSED] - label = line.substring(1, comma): null

27-02-2025T17:34:04 - [TEST_STEP][PASSED] - println(label): null

27-02-2025T17:34:04 - [TEST_STEP][PASSED] - checked.add(label): null

27-02-2025T17:34:04 - [TEST_STEP][PASSED] - line = reader.readLine(): null

27-02-2025T17:34:04 - [TEST_STEP][PASSED] - println(line): null

27-02-2025T17:34:04 - [TEST_STEP][PASSED] - group = line.indexOf("<Group>"): null

27-02-2025T17:34:04 - [TEST_STEP][PASSED] - println(group): null

27-02-2025T17:34:04 - [TEST_STEP][PASSED] - if (group >= 0): null

27-02-2025T17:34:04 - [TEST_STEP][PASSED] - else: null

27-02-2025T17:34:04 - [TEST_STEP][PASSED] - if (include): null

27-02-2025T17:34:04 - [TEST_STEP][PASSED] - println(line): null

27-02-2025T17:34:04 - [TEST_STEP][PASSED] - comma = line.indexOf(",y"): null

27-02-2025T17:34:04 - [TEST_STEP][PASSED] - if (comma > 0): null

27-02-2025T17:34:04 - [TEST_STEP][PASSED] - line = reader.readLine(): null

27-02-2025T17:34:04 - [TEST_STEP][PASSED] - println(line): null

27-02-2025T17:34:04 - [TEST_STEP][PASSED] - group = line.indexOf("<Group>"): null

27-02-2025T17:34:04 - [TEST_STEP][PASSED] - println(group): null

27-02-2025T17:34:04 - [TEST_STEP][PASSED] - if (group >= 0): null

27-02-2025T17:34:04 - [TEST_STEP][PASSED] - else: null

27-02-2025T17:34:04 - [TEST_STEP][PASSED] - if (include): null

27-02-2025T17:34:04 - [TEST_STEP][PASSED] - println(line): null

27-02-2025T17:34:04 - [TEST_STEP][PASSED] - comma = line.indexOf(",y"): null

27-02-2025T17:34:04 - [TEST_STEP][PASSED] - if (comma > 0): null

27-02-2025T17:34:04 - [TEST_STEP][PASSED] - line = reader.readLine(): null

27-02-2025T17:34:04 - [TEST_STEP][PASSED] - println(line): null

27-02-2025T17:34:04 - [TEST_STEP][PASSED] - group = line.indexOf("<Group>"): null

27-02-2025T17:34:04 - [TEST_STEP][PASSED] - println(group): null

27-02-2025T17:34:04 - [TEST_STEP][PASSED] - if (group >= 0): null

27-02-2025T17:34:04 - [TEST_STEP][PASSED] - else: null

27-02-2025T17:34:04 - [TEST_STEP][PASSED] - if (include): null

27-02-2025T17:34:04 - [TEST_STEP][PASSED] - println(line): null

27-02-2025T17:34:04 - [TEST_STEP][PASSED] - comma = line.indexOf(",y"): null

27-02-2025T17:34:04 - [TEST_STEP][PASSED] - if (comma > 0): null

27-02-2025T17:34:04 - [TEST_STEP][PASSED] - line = reader.readLine(): null

27-02-2025T17:34:04 - [TEST_STEP][PASSED] - println(line): null

27-02-2025T17:34:04 - [TEST_STEP][PASSED] - group = line.indexOf("<Group>"): null

27-02-2025T17:34:04 - [TEST_STEP][PASSED] - println(group): null

27-02-2025T17:34:04 - [TEST_STEP][PASSED] - if (group >= 0): null

27-02-2025T17:34:04 - [TEST_STEP][PASSED] - else: null

27-02-2025T17:34:04 - [TEST_STEP][PASSED] - if (include): null

27-02-2025T17:34:04 - [TEST_STEP][PASSED] - println(line): null

27-02-2025T17:34:04 - [TEST_STEP][PASSED] - comma = line.indexOf(",y"): null

27-02-2025T17:34:04 - [TEST_STEP][PASSED] - if (comma > 0): null

27-02-2025T17:34:04 - [TEST_STEP][PASSED] - line = reader.readLine(): null

27-02-2025T17:34:04 - [TEST_STEP][PASSED] - println(line): null

27-02-2025T17:34:04 - [TEST_STEP][PASSED] - group = line.indexOf("<Group>"): null

27-02-2025T17:34:04 - [TEST_STEP][PASSED] - println(group): null

27-02-2025T17:34:04 - [TEST_STEP][PASSED] - if (group >= 0): null

27-02-2025T17:34:04 - [TEST_STEP][PASSED] - else: null

27-02-2025T17:34:04 - [TEST_STEP][PASSED] - if (include): null

27-02-2025T17:34:04 - [TEST_STEP][PASSED] - println(line): null

27-02-2025T17:34:04 - [TEST_STEP][PASSED] - comma = line.indexOf(",y"): null

27-02-2025T17:34:04 - [TEST_STEP][PASSED] - if (comma > 0): null

27-02-2025T17:34:04 - [TEST_STEP][PASSED] - line = reader.readLine(): null

27-02-2025T17:34:04 - [TEST_STEP][PASSED] - println(line): null

27-02-2025T17:34:04 - [TEST_STEP][PASSED] - group = line.indexOf("<Group>"): null

27-02-2025T17:34:04 - [TEST_STEP][PASSED] - println(group): null

27-02-2025T17:34:04 - [TEST_STEP][PASSED] - if (group >= 0): null

27-02-2025T17:34:04 - [TEST_STEP][PASSED] - else: null

27-02-2025T17:34:04 - [TEST_STEP][PASSED] - if (include): null

27-02-2025T17:34:04 - [TEST_STEP][PASSED] - println(line): null

27-02-2025T17:34:04 - [TEST_STEP][PASSED] - comma = line.indexOf(",y"): null

27-02-2025T17:34:04 - [TEST_STEP][PASSED] - if (comma > 0): null

27-02-2025T17:34:04 - [TEST_STEP][PASSED] - line = reader.readLine(): null

27-02-2025T17:34:04 - [TEST_STEP][PASSED] - println(line): null

27-02-2025T17:34:04 - [TEST_STEP][PASSED] - group = line.indexOf("<Group>"): null

27-02-2025T17:34:04 - [TEST_STEP][PASSED] - println(group): null

27-02-2025T17:34:04 - [TEST_STEP][PASSED] - if (group >= 0): null

27-02-2025T17:34:04 - [TEST_STEP][PASSED] - else: null

27-02-2025T17:34:04 - [TEST_STEP][PASSED] - if (include): null

27-02-2025T17:34:04 - [TEST_STEP][PASSED] - println(line): null

27-02-2025T17:34:04 - [TEST_STEP][PASSED] - comma = line.indexOf(",y"): null

27-02-2025T17:34:04 - [TEST_STEP][PASSED] - if (comma > 0): null

27-02-2025T17:34:04 - [TEST_STEP][PASSED] - line = reader.readLine(): null

27-02-2025T17:34:04 - [TEST_STEP][PASSED] - println(line): null

27-02-2025T17:34:04 - [TEST_STEP][PASSED] - group = line.indexOf("<Group>"): null

27-02-2025T17:34:04 - [TEST_STEP][PASSED] - println(group): null

27-02-2025T17:34:04 - [TEST_STEP][PASSED] - if (group >= 0): null

27-02-2025T17:34:04 - [TEST_STEP][PASSED] - else: null

27-02-2025T17:34:04 - [TEST_STEP][PASSED] - if (include): null

27-02-2025T17:34:04 - [TEST_STEP][PASSED] - println(line): null

27-02-2025T17:34:04 - [TEST_STEP][PASSED] - comma = line.indexOf(",y"): null

27-02-2025T17:34:04 - [TEST_STEP][PASSED] - if (comma > 0): null

27-02-2025T17:34:04 - [TEST_STEP][PASSED] - line = reader.readLine(): null

27-02-2025T17:34:04 - [TEST_STEP][PASSED] - println(line): null

27-02-2025T17:34:04 - [TEST_STEP][PASSED] - group = line.indexOf("<Group>"): null

27-02-2025T17:34:04 - [TEST_STEP][PASSED] - println(group): null

27-02-2025T17:34:04 - [TEST_STEP][PASSED] - if (group >= 0): null

27-02-2025T17:34:04 - [TEST_STEP][PASSED] - else: null

27-02-2025T17:34:04 - [TEST_STEP][PASSED] - if (include): null

27-02-2025T17:34:04 - [TEST_STEP][PASSED] - println(line): null

27-02-2025T17:34:04 - [TEST_STEP][PASSED] - comma = line.indexOf(",y"): null

27-02-2025T17:34:04 - [TEST_STEP][PASSED] - if (comma > 0): null

27-02-2025T17:34:04 - [TEST_STEP][PASSED] - line = reader.readLine(): null

27-02-2025T17:34:04 - [TEST_STEP][PASSED] - println(line): null

27-02-2025T17:34:04 - [TEST_STEP][PASSED] - group = line.indexOf("<Group>"): null

27-02-2025T17:34:04 - [TEST_STEP][PASSED] - println(group): null

27-02-2025T17:34:04 - [TEST_STEP][PASSED] - if (group >= 0): null

27-02-2025T17:34:04 - [TEST_STEP][PASSED] - else: null

27-02-2025T17:34:04 - [TEST_STEP][PASSED] - if (include): null

27-02-2025T17:34:04 - [TEST_STEP][PASSED] - println(line): null

27-02-2025T17:34:04 - [TEST_STEP][PASSED] - comma = line.indexOf(",y"): null

27-02-2025T17:34:04 - [TEST_STEP][PASSED] - if (comma > 0): null

27-02-2025T17:34:04 - [TEST_STEP][PASSED] - line = reader.readLine(): null

27-02-2025T17:34:04 - [TEST_STEP][PASSED] - println(line): null

27-02-2025T17:34:04 - [TEST_STEP][PASSED] - group = line.indexOf("<Group>"): null

27-02-2025T17:34:04 - [TEST_STEP][PASSED] - println(group): null

27-02-2025T17:34:04 - [TEST_STEP][PASSED] - if (group >= 0): null

27-02-2025T17:34:04 - [TEST_STEP][PASSED] - else: null

27-02-2025T17:34:04 - [TEST_STEP][PASSED] - if (include): null

27-02-2025T17:34:04 - [TEST_STEP][PASSED] - println(line): null

27-02-2025T17:34:04 - [TEST_STEP][PASSED] - comma = line.indexOf(",y"): null

27-02-2025T17:34:04 - [TEST_STEP][PASSED] - if (comma > 0): null

27-02-2025T17:34:04 - [TEST_STEP][PASSED] - line = reader.readLine(): null

27-02-2025T17:34:04 - [TEST_STEP][PASSED] - println(line): null

27-02-2025T17:34:04 - [TEST_STEP][PASSED] - group = line.indexOf("<Group>"): null

27-02-2025T17:34:04 - [TEST_STEP][PASSED] - println(group): null

27-02-2025T17:34:04 - [TEST_STEP][PASSED] - if (group >= 0): null

27-02-2025T17:34:04 - [TEST_STEP][PASSED] - else: null

27-02-2025T17:34:04 - [TEST_STEP][PASSED] - if (include): null

27-02-2025T17:34:04 - [TEST_STEP][PASSED] - println(line): null

27-02-2025T17:34:04 - [TEST_STEP][PASSED] - comma = line.indexOf(",y"): null

27-02-2025T17:34:04 - [TEST_STEP][PASSED] - if (comma > 0): null

27-02-2025T17:34:04 - [TEST_STEP][PASSED] - line = reader.readLine(): null

27-02-2025T17:34:04 - [TEST_STEP][PASSED] - println(line): null

27-02-2025T17:34:04 - [TEST_STEP][PASSED] - group = line.indexOf("<Group>"): null

27-02-2025T17:34:04 - [TEST_STEP][PASSED] - println(group): null

27-02-2025T17:34:04 - [TEST_STEP][PASSED] - if (group >= 0): null

27-02-2025T17:34:04 - [TEST_STEP][PASSED] - else: null

27-02-2025T17:34:04 - [TEST_STEP][PASSED] - if (include): null

27-02-2025T17:34:04 - [TEST_STEP][PASSED] - println(line): null

27-02-2025T17:34:04 - [TEST_STEP][PASSED] - comma = line.indexOf(",y"): null

27-02-2025T17:34:04 - [TEST_STEP][PASSED] - if (comma > 0): null

27-02-2025T17:34:04 - [TEST_STEP][PASSED] - line = reader.readLine(): null

27-02-2025T17:34:04 - [TEST_STEP][PASSED] - println(line): null

27-02-2025T17:34:04 - [TEST_STEP][PASSED] - group = line.indexOf("<Group>"): null

27-02-2025T17:34:04 - [TEST_STEP][PASSED] - println(group): null

27-02-2025T17:34:04 - [TEST_STEP][PASSED] - if (group >= 0): null

27-02-2025T17:34:04 - [TEST_STEP][PASSED] - else: null

27-02-2025T17:34:04 - [TEST_STEP][PASSED] - if (include): null

27-02-2025T17:34:04 - [TEST_STEP][PASSED] - println(line): null

27-02-2025T17:34:04 - [TEST_STEP][PASSED] - comma = line.indexOf(",y"): null

27-02-2025T17:34:04 - [TEST_STEP][PASSED] - if (comma > 0): null

27-02-2025T17:34:04 - [TEST_STEP][PASSED] - commaCount = StringUtils.countMatches(line, ","): null

27-02-2025T17:34:04 - [TEST_STEP][PASSED] - if (commaCount > 1): null

27-02-2025T17:34:04 - [TEST_STEP][PASSED] - println("Mulitple Commas : " + line): null

27-02-2025T17:34:04 - [TEST_STEP][PASSED] - line = line.replace(""", ""): null

27-02-2025T17:34:04 - [TEST_STEP][PASSED] - label = line.substring(1, line.length() - 2): null

27-02-2025T17:34:04 - [TEST_STEP][PASSED] - println(label): null

27-02-2025T17:34:04 - [TEST_STEP][PASSED] - checked.add(label): null

27-02-2025T17:34:04 - [TEST_STEP][PASSED] - line = reader.readLine(): null

27-02-2025T17:34:04 - [TEST_STEP][PASSED] - println(line): null

27-02-2025T17:34:04 - [TEST_STEP][PASSED] - group = line.indexOf("<Group>"): null

27-02-2025T17:34:04 - [TEST_STEP][PASSED] - println(group): null

27-02-2025T17:34:04 - [TEST_STEP][PASSED] - if (group >= 0): null

27-02-2025T17:34:04 - [TEST_STEP][PASSED] - else: null

27-02-2025T17:34:04 - [TEST_STEP][PASSED] - if (include): null

27-02-2025T17:34:04 - [TEST_STEP][PASSED] - println(line): null

27-02-2025T17:34:04 - [TEST_STEP][PASSED] - comma = line.indexOf(",y"): null

27-02-2025T17:34:04 - [TEST_STEP][PASSED] - if (comma > 0): null

27-02-2025T17:34:04 - [TEST_STEP][PASSED] - line = reader.readLine(): null

27-02-2025T17:34:04 - [TEST_STEP][PASSED] - println(line): null

27-02-2025T17:34:04 - [TEST_STEP][PASSED] - group = line.indexOf("<Group>"): null

27-02-2025T17:34:04 - [TEST_STEP][PASSED] - println(group): null

27-02-2025T17:34:04 - [TEST_STEP][PASSED] - if (group >= 0): null

27-02-2025T17:34:04 - [TEST_STEP][PASSED] - else: null

27-02-2025T17:34:04 - [TEST_STEP][PASSED] - if (include): null

27-02-2025T17:34:04 - [TEST_STEP][PASSED] - println(line): null

27-02-2025T17:34:04 - [TEST_STEP][PASSED] - comma = line.indexOf(",y"): null

27-02-2025T17:34:04 - [TEST_STEP][PASSED] - if (comma > 0): null

27-02-2025T17:34:04 - [TEST_STEP][PASSED] - commaCount = StringUtils.countMatches(line, ","): null

27-02-2025T17:34:04 - [TEST_STEP][PASSED] - if (commaCount > 1): null

27-02-2025T17:34:04 - [TEST_STEP][PASSED] - println("Mulitple Commas : " + line): null

27-02-2025T17:34:04 - [TEST_STEP][PASSED] - line = line.replace(""", ""): null

27-02-2025T17:34:04 - [TEST_STEP][PASSED] - label = line.substring(1, line.length() - 2): null

27-02-2025T17:34:04 - [TEST_STEP][PASSED] - println(label): null

27-02-2025T17:34:04 - [TEST_STEP][PASSED] - checked.add(label): null

27-02-2025T17:34:04 - [TEST_STEP][PASSED] - line = reader.readLine(): null

27-02-2025T17:34:04 - [TEST_STEP][PASSED] - println(line): null

27-02-2025T17:34:04 - [TEST_STEP][PASSED] - group = line.indexOf("<Group>"): null

27-02-2025T17:34:04 - [TEST_STEP][PASSED] - println(group): null

27-02-2025T17:34:04 - [TEST_STEP][PASSED] - if (group >= 0): null

27-02-2025T17:34:04 - [TEST_STEP][PASSED] - else: null

27-02-2025T17:34:04 - [TEST_STEP][PASSED] - if (include): null

27-02-2025T17:34:04 - [TEST_STEP][PASSED] - println(line): null

27-02-2025T17:34:04 - [TEST_STEP][PASSED] - comma = line.indexOf(",y"): null

27-02-2025T17:34:04 - [TEST_STEP][PASSED] - if (comma > 0): null

27-02-2025T17:34:04 - [TEST_STEP][PASSED] - commaCount = StringUtils.countMatches(line, ","): null

27-02-2025T17:34:04 - [TEST_STEP][PASSED] - if (commaCount > 1): null

27-02-2025T17:34:04 - [TEST_STEP][PASSED] - println("Mulitple Commas : " + line): null

27-02-2025T17:34:04 - [TEST_STEP][PASSED] - line = line.replace(""", ""): null

27-02-2025T17:34:04 - [TEST_STEP][PASSED] - label = line.substring(1, line.length() - 2): null

27-02-2025T17:34:04 - [TEST_STEP][PASSED] - println(label): null

27-02-2025T17:34:04 - [TEST_STEP][PASSED] - checked.add(label): null

27-02-2025T17:34:04 - [TEST_STEP][PASSED] - line = reader.readLine(): null

27-02-2025T17:34:04 - [TEST_STEP][PASSED] - println(line): null

27-02-2025T17:34:04 - [TEST_STEP][PASSED] - group = line.indexOf("<Group>"): null

27-02-2025T17:34:04 - [TEST_STEP][PASSED] - println(group): null

27-02-2025T17:34:04 - [TEST_STEP][PASSED] - if (group >= 0): null

27-02-2025T17:34:04 - [TEST_STEP][PASSED] - else: null

27-02-2025T17:34:04 - [TEST_STEP][PASSED] - if (include): null

27-02-2025T17:34:04 - [TEST_STEP][PASSED] - println(line): null

27-02-2025T17:34:04 - [TEST_STEP][PASSED] - comma = line.indexOf(",y"): null

27-02-2025T17:34:04 - [TEST_STEP][PASSED] - if (comma > 0): null

27-02-2025T17:34:04 - [TEST_STEP][PASSED] - line = reader.readLine(): null

27-02-2025T17:34:04 - [TEST_STEP][PASSED] - println(line): null

27-02-2025T17:34:04 - [TEST_STEP][PASSED] - group = line.indexOf("<Group>"): null

27-02-2025T17:34:04 - [TEST_STEP][PASSED] - println(group): null

27-02-2025T17:34:04 - [TEST_STEP][PASSED] - if (group >= 0): null

27-02-2025T17:34:04 - [TEST_STEP][PASSED] - else: null

27-02-2025T17:34:04 - [TEST_STEP][PASSED] - if (include): null

27-02-2025T17:34:04 - [TEST_STEP][PASSED] - println(line): null

27-02-2025T17:34:04 - [TEST_STEP][PASSED] - comma = line.indexOf(",y"): null

27-02-2025T17:34:04 - [TEST_STEP][PASSED] - if (comma > 0): null

27-02-2025T17:34:04 - [TEST_STEP][PASSED] - commaCount = StringUtils.countMatches(line, ","): null

27-02-2025T17:34:04 - [TEST_STEP][PASSED] - if (commaCount > 1): null

27-02-2025T17:34:04 - [TEST_STEP][PASSED] - println("Mulitple Commas : " + line): null

27-02-2025T17:34:04 - [TEST_STEP][PASSED] - line = line.replace(""", ""): null

27-02-2025T17:34:04 - [TEST_STEP][PASSED] - label = line.substring(1, line.length() - 2): null

27-02-2025T17:34:04 - [TEST_STEP][PASSED] - println(label): null

27-02-2025T17:34:04 - [TEST_STEP][PASSED] - checked.add(label): null

27-02-2025T17:34:04 - [TEST_STEP][PASSED] - line = reader.readLine(): null

27-02-2025T17:34:04 - [TEST_STEP][PASSED] - println(line): null

27-02-2025T17:34:04 - [TEST_STEP][PASSED] - group = line.indexOf("<Group>"): null

27-02-2025T17:34:04 - [TEST_STEP][PASSED] - println(group): null

27-02-2025T17:34:04 - [TEST_STEP][PASSED] - if (group >= 0): null

27-02-2025T17:34:04 - [TEST_STEP][PASSED] - else: null

27-02-2025T17:34:04 - [TEST_STEP][PASSED] - if (include): null

27-02-2025T17:34:04 - [TEST_STEP][PASSED] - println(line): null

27-02-2025T17:34:04 - [TEST_STEP][PASSED] - comma = line.indexOf(",y"): null

27-02-2025T17:34:04 - [TEST_STEP][PASSED] - if (comma > 0): null

27-02-2025T17:34:04 - [TEST_STEP][PASSED] - line = reader.readLine(): null

27-02-2025T17:34:04 - [TEST_STEP][PASSED] - println(line): null

27-02-2025T17:34:04 - [TEST_STEP][PASSED] - group = line.indexOf("<Group>"): null

27-02-2025T17:34:04 - [TEST_STEP][PASSED] - println(group): null

27-02-2025T17:34:04 - [TEST_STEP][PASSED] - if (group >= 0): null

27-02-2025T17:34:04 - [TEST_STEP][PASSED] - else: null

27-02-2025T17:34:04 - [TEST_STEP][PASSED] - if (include): null

27-02-2025T17:34:04 - [TEST_STEP][PASSED] - println(line): null

27-02-2025T17:34:04 - [TEST_STEP][PASSED] - comma = line.indexOf(",y"): null

27-02-2025T17:34:04 - [TEST_STEP][PASSED] - if (comma > 0): null

27-02-2025T17:34:04 - [TEST_STEP][PASSED] - line = reader.readLine(): null

27-02-2025T17:34:04 - [TEST_STEP][PASSED] - println(line): null

27-02-2025T17:34:04 - [TEST_STEP][PASSED] - group = line.indexOf("<Group>"): null

27-02-2025T17:34:04 - [TEST_STEP][PASSED] - println(group): null

27-02-2025T17:34:04 - [TEST_STEP][PASSED] - if (group >= 0): null

27-02-2025T17:34:04 - [TEST_STEP][PASSED] - else: null

27-02-2025T17:34:04 - [TEST_STEP][PASSED] - if (include): null

27-02-2025T17:34:04 - [TEST_STEP][PASSED] - println(line): null

27-02-2025T17:34:04 - [TEST_STEP][PASSED] - comma = line.indexOf(",y"): null

27-02-2025T17:34:04 - [TEST_STEP][PASSED] - if (comma > 0): null

27-02-2025T17:34:04 - [TEST_STEP][PASSED] - line = reader.readLine(): null

27-02-2025T17:34:04 - [TEST_STEP][PASSED] - println(line): null

27-02-2025T17:34:04 - [TEST_STEP][PASSED] - group = line.indexOf("<Group>"): null

27-02-2025T17:34:04 - [TEST_STEP][PASSED] - println(group): null

27-02-2025T17:34:04 - [TEST_STEP][PASSED] - if (group >= 0): null

27-02-2025T17:34:04 - [TEST_STEP][PASSED] - else: null

27-02-2025T17:34:04 - [TEST_STEP][PASSED] - if (include): null

27-02-2025T17:34:04 - [TEST_STEP][PASSED] - println(line): null

27-02-2025T17:34:04 - [TEST_STEP][PASSED] - comma = line.indexOf(",y"): null

27-02-2025T17:34:04 - [TEST_STEP][PASSED] - if (comma > 0): null

27-02-2025T17:34:04 - [TEST_STEP][PASSED] - line = reader.readLine(): null

27-02-2025T17:34:04 - [TEST_STEP][PASSED] - println(line): null

27-02-2025T17:34:04 - [TEST_STEP][PASSED] - group = line.indexOf("<Group>"): null

27-02-2025T17:34:04 - [TEST_STEP][PASSED] - println(group): null

27-02-2025T17:34:04 - [TEST_STEP][PASSED] - if (group >= 0): null

27-02-2025T17:34:04 - [TEST_STEP][PASSED] - else: null

27-02-2025T17:34:04 - [TEST_STEP][PASSED] - if (include): null

27-02-2025T17:34:04 - [TEST_STEP][PASSED] - println(line): null

27-02-2025T17:34:04 - [TEST_STEP][PASSED] - comma = line.indexOf(",y"): null

27-02-2025T17:34:04 - [TEST_STEP][PASSED] - if (comma > 0): null

27-02-2025T17:34:04 - [TEST_STEP][PASSED] - line = reader.readLine(): null

27-02-2025T17:34:04 - [TEST_STEP][PASSED] - println(line): null

27-02-2025T17:34:04 - [TEST_STEP][PASSED] - group = line.indexOf("<Group>"): null

27-02-2025T17:34:04 - [TEST_STEP][PASSED] - println(group): null

27-02-2025T17:34:04 - [TEST_STEP][PASSED] - if (group >= 0): null

27-02-2025T17:34:04 - [TEST_STEP][PASSED] - else: null

27-02-2025T17:34:04 - [TEST_STEP][PASSED] - if (include): null

27-02-2025T17:34:04 - [TEST_STEP][PASSED] - println(line): null

27-02-2025T17:34:04 - [TEST_STEP][PASSED] - comma = line.indexOf(",y"): null

27-02-2025T17:34:04 - [TEST_STEP][PASSED] - if (comma > 0): null

27-02-2025T17:34:04 - [TEST_STEP][PASSED] - line = reader.readLine(): null

27-02-2025T17:34:04 - [TEST_STEP][PASSED] - println(line): null

27-02-2025T17:34:04 - [TEST_STEP][PASSED] - group = line.indexOf("<Group>"): null

27-02-2025T17:34:04 - [TEST_STEP][PASSED] - println(group): null

27-02-2025T17:34:04 - [TEST_STEP][PASSED] - if (group >= 0): null

27-02-2025T17:34:04 - [TEST_STEP][PASSED] - else: null

27-02-2025T17:34:04 - [TEST_STEP][PASSED] - if (include): null

27-02-2025T17:34:04 - [TEST_STEP][PASSED] - println(line): null

27-02-2025T17:34:04 - [TEST_STEP][PASSED] - comma = line.indexOf(",y"): null

27-02-2025T17:34:04 - [TEST_STEP][PASSED] - if (comma > 0): null

27-02-2025T17:34:04 - [TEST_STEP][PASSED] - line = reader.readLine(): null

27-02-2025T17:34:04 - [TEST_STEP][PASSED] - println(line): null

27-02-2025T17:34:04 - [TEST_STEP][PASSED] - group = line.indexOf("<Group>"): null

27-02-2025T17:34:04 - [TEST_STEP][PASSED] - println(group): null

27-02-2025T17:34:04 - [TEST_STEP][PASSED] - if (group >= 0): null

27-02-2025T17:34:04 - [TEST_STEP][PASSED] - else: null

27-02-2025T17:34:04 - [TEST_STEP][PASSED] - if (include): null

27-02-2025T17:34:04 - [TEST_STEP][PASSED] - println(line): null

27-02-2025T17:34:04 - [TEST_STEP][PASSED] - comma = line.indexOf(",y"): null

27-02-2025T17:34:04 - [TEST_STEP][PASSED] - if (comma > 0): null

27-02-2025T17:34:04 - [TEST_STEP][PASSED] - line = reader.readLine(): null

27-02-2025T17:34:04 - [TEST_STEP][PASSED] - println(line): null

27-02-2025T17:34:04 - [TEST_STEP][PASSED] - group = line.indexOf("<Group>"): null

27-02-2025T17:34:04 - [TEST_STEP][PASSED] - println(group): null

27-02-2025T17:34:04 - [TEST_STEP][PASSED] - if (group >= 0): null

27-02-2025T17:34:04 - [TEST_STEP][PASSED] - else: null

27-02-2025T17:34:04 - [TEST_STEP][PASSED] - if (include): null

27-02-2025T17:34:04 - [TEST_STEP][PASSED] - println(line): null

27-02-2025T17:34:04 - [TEST_STEP][PASSED] - comma = line.indexOf(",y"): null

27-02-2025T17:34:04 - [TEST_STEP][PASSED] - if (comma > 0): null

27-02-2025T17:34:04 - [TEST_STEP][PASSED] - line = reader.readLine(): null

27-02-2025T17:34:04 - [TEST_STEP][PASSED] - println(line): null

27-02-2025T17:34:04 - [TEST_STEP][PASSED] - group = line.indexOf("<Group>"): null

27-02-2025T17:34:04 - [TEST_STEP][PASSED] - println(group): null

27-02-2025T17:34:04 - [TEST_STEP][PASSED] - if (group >= 0): null

27-02-2025T17:34:04 - [TEST_STEP][PASSED] - else: null

27-02-2025T17:34:04 - [TEST_STEP][PASSED] - if (include): null

27-02-2025T17:34:04 - [TEST_STEP][PASSED] - println(line): null

27-02-2025T17:34:04 - [TEST_STEP][PASSED] - comma = line.indexOf(",y"): null

27-02-2025T17:34:04 - [TEST_STEP][PASSED] - if (comma > 0): null

27-02-2025T17:34:04 - [TEST_STEP][PASSED] - line = reader.readLine(): null

27-02-2025T17:34:04 - [TEST_STEP][PASSED] - println(line): null

27-02-2025T17:34:04 - [TEST_STEP][PASSED] - group = line.indexOf("<Group>"): null

27-02-2025T17:34:04 - [TEST_STEP][PASSED] - println(group): null

27-02-2025T17:34:04 - [TEST_STEP][PASSED] - if (group >= 0): null

27-02-2025T17:34:04 - [TEST_STEP][PASSED] - else: null

27-02-2025T17:34:04 - [TEST_STEP][PASSED] - if (include): null

27-02-2025T17:34:04 - [TEST_STEP][PASSED] - println(line): null

27-02-2025T17:34:04 - [TEST_STEP][PASSED] - comma = line.indexOf(",y"): null

27-02-2025T17:34:04 - [TEST_STEP][PASSED] - if (comma > 0): null

27-02-2025T17:34:04 - [TEST_STEP][PASSED] - line = reader.readLine(): null

27-02-2025T17:34:04 - [TEST_STEP][PASSED] - println(line): null

27-02-2025T17:34:04 - [TEST_STEP][PASSED] - group = line.indexOf("<Group>"): null

27-02-2025T17:34:04 - [TEST_STEP][PASSED] - println(group): null

27-02-2025T17:34:04 - [TEST_STEP][PASSED] - if (group >= 0): null

27-02-2025T17:34:04 - [TEST_STEP][PASSED] - else: null

27-02-2025T17:34:04 - [TEST_STEP][PASSED] - if (include): null

27-02-2025T17:34:04 - [TEST_STEP][PASSED] - println(line): null

27-02-2025T17:34:04 - [TEST_STEP][PASSED] - comma = line.indexOf(",y"): null

27-02-2025T17:34:04 - [TEST_STEP][PASSED] - if (comma > 0): null

27-02-2025T17:34:04 - [TEST_STEP][PASSED] - line = reader.readLine(): null

27-02-2025T17:34:04 - [TEST_STEP][PASSED] - println(line): null

27-02-2025T17:34:04 - [TEST_STEP][PASSED] - group = line.indexOf("<Group>"): null

27-02-2025T17:34:04 - [TEST_STEP][PASSED] - println(group): null

27-02-2025T17:34:04 - [TEST_STEP][PASSED] - if (group >= 0): null

27-02-2025T17:34:04 - [TEST_STEP][PASSED] - else: null

27-02-2025T17:34:04 - [TEST_STEP][PASSED] - if (include): null

27-02-2025T17:34:04 - [TEST_STEP][PASSED] - println(line): null

27-02-2025T17:34:04 - [TEST_STEP][PASSED] - comma = line.indexOf(",y"): null

27-02-2025T17:34:04 - [TEST_STEP][PASSED] - if (comma > 0): null

27-02-2025T17:34:04 - [TEST_STEP][PASSED] - line = reader.readLine(): null

27-02-2025T17:34:04 - [TEST_STEP][PASSED] - println(line): null

27-02-2025T17:34:04 - [TEST_STEP][PASSED] - group = line.indexOf("<Group>"): null

27-02-2025T17:34:04 - [TEST_STEP][PASSED] - println(group): null

27-02-2025T17:34:04 - [TEST_STEP][PASSED] - if (group >= 0): null

27-02-2025T17:34:04 - [TEST_STEP][PASSED] - else: null

27-02-2025T17:34:04 - [TEST_STEP][PASSED] - if (include): null

27-02-2025T17:34:04 - [TEST_STEP][PASSED] - println(line): null

27-02-2025T17:34:04 - [TEST_STEP][PASSED] - comma = line.indexOf(",y"): null

27-02-2025T17:34:04 - [TEST_STEP][PASSED] - if (comma > 0): null

27-02-2025T17:34:04 - [TEST_STEP][PASSED] - line = reader.readLine(): null

27-02-2025T17:34:04 - [TEST_STEP][PASSED] - println(line): null

27-02-2025T17:34:04 - [TEST_STEP][PASSED] - group = line.indexOf("<Group>"): null

27-02-2025T17:34:04 - [TEST_STEP][PASSED] - println(group): null

27-02-2025T17:34:04 - [TEST_STEP][PASSED] - if (group >= 0): null

27-02-2025T17:34:04 - [TEST_STEP][PASSED] - else: null

27-02-2025T17:34:04 - [TEST_STEP][PASSED] - if (include): null

27-02-2025T17:34:04 - [TEST_STEP][PASSED] - println(line): null

27-02-2025T17:34:04 - [TEST_STEP][PASSED] - comma = line.indexOf(",y"): null

27-02-2025T17:34:04 - [TEST_STEP][PASSED] - if (comma > 0): null

27-02-2025T17:34:04 - [TEST_STEP][PASSED] - line = reader.readLine(): null

27-02-2025T17:34:04 - [TEST_STEP][PASSED] - println(line): null

27-02-2025T17:34:04 - [TEST_STEP][PASSED] - group = line.indexOf("<Group>"): null

27-02-2025T17:34:04 - [TEST_STEP][PASSED] - println(group): null

27-02-2025T17:34:04 - [TEST_STEP][PASSED] - if (group >= 0): null

27-02-2025T17:34:04 - [TEST_STEP][PASSED] - else: null

27-02-2025T17:34:04 - [TEST_STEP][PASSED] - if (include): null

27-02-2025T17:34:04 - [TEST_STEP][PASSED] - println(line): null

27-02-2025T17:34:04 - [TEST_STEP][PASSED] - comma = line.indexOf(",y"): null

27-02-2025T17:34:04 - [TEST_STEP][PASSED] - if (comma > 0): null

27-02-2025T17:34:04 - [TEST_STEP][PASSED] - line = reader.readLine(): null

27-02-2025T17:34:04 - [TEST_STEP][PASSED] - println(line): null

27-02-2025T17:34:04 - [TEST_STEP][PASSED] - group = line.indexOf("<Group>"): null

27-02-2025T17:34:04 - [TEST_STEP][PASSED] - println(group): null

27-02-2025T17:34:04 - [TEST_STEP][PASSED] - if (group >= 0): null

27-02-2025T17:34:04 - [TEST_STEP][PASSED] - else: null

27-02-2025T17:34:04 - [TEST_STEP][PASSED] - if (include): null

27-02-2025T17:34:04 - [TEST_STEP][PASSED] - println(line): null

27-02-2025T17:34:04 - [TEST_STEP][PASSED] - comma = line.indexOf(",y"): null

27-02-2025T17:34:04 - [TEST_STEP][PASSED] - if (comma > 0): null

27-02-2025T17:34:04 - [TEST_STEP][PASSED] - line = reader.readLine(): null

27-02-2025T17:34:04 - [TEST_STEP][PASSED] - println(line): null

27-02-2025T17:34:04 - [TEST_STEP][PASSED] - group = line.indexOf("<Group>"): null

27-02-2025T17:34:04 - [TEST_STEP][PASSED] - println(group): null

27-02-2025T17:34:04 - [TEST_STEP][PASSED] - if (group >= 0): null

27-02-2025T17:34:04 - [TEST_STEP][PASSED] - else: null

27-02-2025T17:34:04 - [TEST_STEP][PASSED] - if (include): null

27-02-2025T17:34:04 - [TEST_STEP][PASSED] - println(line): null

27-02-2025T17:34:04 - [TEST_STEP][PASSED] - comma = line.indexOf(",y"): null

27-02-2025T17:34:04 - [TEST_STEP][PASSED] - if (comma > 0): null

27-02-2025T17:34:04 - [TEST_STEP][PASSED] - line = reader.readLine(): null

27-02-2025T17:34:04 - [TEST_STEP][PASSED] - println(line): null

27-02-2025T17:34:04 - [TEST_STEP][PASSED] - group = line.indexOf("<Group>"): null

27-02-2025T17:34:04 - [TEST_STEP][PASSED] - println(group): null

27-02-2025T17:34:04 - [TEST_STEP][PASSED] - if (group >= 0): null

27-02-2025T17:34:04 - [TEST_STEP][PASSED] - else: null

27-02-2025T17:34:04 - [TEST_STEP][PASSED] - if (include): null

27-02-2025T17:34:04 - [TEST_STEP][PASSED] - println(line): null

27-02-2025T17:34:04 - [TEST_STEP][PASSED] - comma = line.indexOf(",y"): null

27-02-2025T17:34:04 - [TEST_STEP][PASSED] - if (comma > 0): null

27-02-2025T17:34:04 - [TEST_STEP][PASSED] - line = reader.readLine(): null

27-02-2025T17:34:04 - [TEST_STEP][PASSED] - println(line): null

27-02-2025T17:34:04 - [TEST_STEP][PASSED] - group = line.indexOf("<Group>"): null

27-02-2025T17:34:04 - [TEST_STEP][PASSED] - println(group): null

27-02-2025T17:34:04 - [TEST_STEP][PASSED] - if (group >= 0): null

27-02-2025T17:34:04 - [TEST_STEP][PASSED] - selections = line.substring(group + 7, line.length() - 1): null

27-02-2025T17:34:04 - [TEST_STEP][PASSED] - println(selections): null

27-02-2025T17:34:04 - [TEST_STEP][PASSED] - if (selections == varSelections): null

27-02-2025T17:34:04 - [TEST_STEP][PASSED] - else: null

27-02-2025T17:34:04 - [TEST_STEP][PASSED] - include = false: null

27-02-2025T17:34:04 - [TEST_STEP][PASSED] - line = reader.readLine(): null

27-02-2025T17:34:04 - [TEST_STEP][PASSED] - println(line): null

27-02-2025T17:34:04 - [TEST_STEP][PASSED] - group = line.indexOf("<Group>"): null

27-02-2025T17:34:04 - [TEST_STEP][PASSED] - println(group): null

27-02-2025T17:34:04 - [TEST_STEP][PASSED] - if (group >= 0): null

27-02-2025T17:34:04 - [TEST_STEP][PASSED] - else: null

27-02-2025T17:34:04 - [TEST_STEP][PASSED] - if (include): null

27-02-2025T17:34:04 - [TEST_STEP][PASSED] - line = reader.readLine(): null

27-02-2025T17:34:04 - [TEST_STEP][PASSED] - println(line): null

27-02-2025T17:34:04 - [TEST_STEP][PASSED] - group = line.indexOf("<Group>"): null

27-02-2025T17:34:04 - [TEST_STEP][PASSED] - println(group): null

27-02-2025T17:34:04 - [TEST_STEP][PASSED] - if (group >= 0): null

27-02-2025T17:34:04 - [TEST_STEP][PASSED] - else: null

27-02-2025T17:34:04 - [TEST_STEP][PASSED] - if (include): null

27-02-2025T17:34:04 - [TEST_STEP][PASSED] - line = reader.readLine(): null

27-02-2025T17:34:04 - [TEST_STEP][PASSED] - println(line): null

27-02-2025T17:34:04 - [TEST_STEP][PASSED] - group = line.indexOf("<Group>"): null

27-02-2025T17:34:04 - [TEST_STEP][PASSED] - println(group): null

27-02-2025T17:34:04 - [TEST_STEP][PASSED] - if (group >= 0): null

27-02-2025T17:34:04 - [TEST_STEP][PASSED] - else: null

27-02-2025T17:34:04 - [TEST_STEP][PASSED] - if (include): null

27-02-2025T17:34:04 - [TEST_STEP][PASSED] - line = reader.readLine(): null

27-02-2025T17:34:04 - [TEST_STEP][PASSED] - println(line): null

27-02-2025T17:34:04 - [TEST_STEP][PASSED] - group = line.indexOf("<Group>"): null

27-02-2025T17:34:04 - [TEST_STEP][PASSED] - println(group): null

27-02-2025T17:34:04 - [TEST_STEP][PASSED] - if (group >= 0): null

27-02-2025T17:34:04 - [TEST_STEP][PASSED] - else: null

27-02-2025T17:34:04 - [TEST_STEP][PASSED] - if (include): null

27-02-2025T17:34:04 - [TEST_STEP][PASSED] - line = reader.readLine(): null

27-02-2025T17:34:04 - [TEST_STEP][PASSED] - println(line): null

27-02-2025T17:34:04 - [TEST_STEP][PASSED] - group = line.indexOf("<Group>"): null

27-02-2025T17:34:04 - [TEST_STEP][PASSED] - println(group): null

27-02-2025T17:34:04 - [TEST_STEP][PASSED] - if (group >= 0): null

27-02-2025T17:34:04 - [TEST_STEP][PASSED] - else: null

27-02-2025T17:34:04 - [TEST_STEP][PASSED] - if (include): null

27-02-2025T17:34:04 - [TEST_STEP][PASSED] - line = reader.readLine(): null

27-02-2025T17:34:04 - [TEST_STEP][PASSED] - println(line): null

27-02-2025T17:34:04 - [TEST_STEP][PASSED] - group = line.indexOf("<Group>"): null

27-02-2025T17:34:04 - [TEST_STEP][PASSED] - println(group): null

27-02-2025T17:34:04 - [TEST_STEP][PASSED] - if (group >= 0): null

27-02-2025T17:34:04 - [TEST_STEP][PASSED] - else: null

27-02-2025T17:34:04 - [TEST_STEP][PASSED] - if (include): null

27-02-2025T17:34:04 - [TEST_STEP][PASSED] - line = reader.readLine(): null

27-02-2025T17:34:04 - [TEST_STEP][PASSED] - println(line): null

27-02-2025T17:34:04 - [TEST_STEP][PASSED] - group = line.indexOf("<Group>"): null

27-02-2025T17:34:04 - [TEST_STEP][PASSED] - println(group): null

27-02-2025T17:34:04 - [TEST_STEP][PASSED] - if (group >= 0): null

27-02-2025T17:34:04 - [TEST_STEP][PASSED] - else: null

27-02-2025T17:34:04 - [TEST_STEP][PASSED] - if (include): null

27-02-2025T17:34:04 - [TEST_STEP][PASSED] - line = reader.readLine(): null

27-02-2025T17:34:04 - [TEST_STEP][PASSED] - println(line): null

27-02-2025T17:34:04 - [TEST_STEP][PASSED] - group = line.indexOf("<Group>"): null

27-02-2025T17:34:04 - [TEST_STEP][PASSED] - println(group): null

27-02-2025T17:34:04 - [TEST_STEP][PASSED] - if (group >= 0): null

27-02-2025T17:34:04 - [TEST_STEP][PASSED] - else: null

27-02-2025T17:34:04 - [TEST_STEP][PASSED] - if (include): null

27-02-2025T17:34:04 - [TEST_STEP][PASSED] - line = reader.readLine(): null

27-02-2025T17:34:04 - [TEST_STEP][PASSED] - println(line): null

27-02-2025T17:34:04 - [TEST_STEP][PASSED] - group = line.indexOf("<Group>"): null

27-02-2025T17:34:04 - [TEST_STEP][PASSED] - println(group): null

27-02-2025T17:34:04 - [TEST_STEP][PASSED] - if (group >= 0): null

27-02-2025T17:34:04 - [TEST_STEP][PASSED] - else: null

27-02-2025T17:34:04 - [TEST_STEP][PASSED] - if (include): null

27-02-2025T17:34:04 - [TEST_STEP][PASSED] - line = reader.readLine(): null

27-02-2025T17:34:04 - [TEST_STEP][PASSED] - println(line): null

27-02-2025T17:34:04 - [TEST_STEP][PASSED] - group = line.indexOf("<Group>"): null

27-02-2025T17:34:04 - [TEST_STEP][PASSED] - println(group): null

27-02-2025T17:34:04 - [TEST_STEP][PASSED] - if (group >= 0): null

27-02-2025T17:34:04 - [TEST_STEP][PASSED] - else: null

27-02-2025T17:34:04 - [TEST_STEP][PASSED] - if (include): null

27-02-2025T17:34:04 - [TEST_STEP][PASSED] - line = reader.readLine(): null

27-02-2025T17:34:04 - [TEST_STEP][PASSED] - println(line): null

27-02-2025T17:34:04 - [TEST_STEP][PASSED] - group = line.indexOf("<Group>"): null

27-02-2025T17:34:04 - [TEST_STEP][PASSED] - println(group): null

27-02-2025T17:34:04 - [TEST_STEP][PASSED] - if (group >= 0): null

27-02-2025T17:34:04 - [TEST_STEP][PASSED] - else: null

27-02-2025T17:34:04 - [TEST_STEP][PASSED] - if (include): null

27-02-2025T17:34:04 - [TEST_STEP][PASSED] - line = reader.readLine(): null

27-02-2025T17:34:04 - [TEST_STEP][PASSED] - println(line): null

27-02-2025T17:34:04 - [TEST_STEP][PASSED] - group = line.indexOf("<Group>"): null

27-02-2025T17:34:04 - [TEST_STEP][PASSED] - println(group): null

27-02-2025T17:34:04 - [TEST_STEP][PASSED] - if (group >= 0): null

27-02-2025T17:34:04 - [TEST_STEP][PASSED] - else: null

27-02-2025T17:34:04 - [TEST_STEP][PASSED] - if (include): null

27-02-2025T17:34:04 - [TEST_STEP][PASSED] - line = reader.readLine(): null

27-02-2025T17:34:04 - [TEST_STEP][PASSED] - println(line): null

27-02-2025T17:34:04 - [TEST_STEP][PASSED] - group = line.indexOf("<Group>"): null

27-02-2025T17:34:04 - [TEST_STEP][PASSED] - println(group): null

27-02-2025T17:34:04 - [TEST_STEP][PASSED] - if (group >= 0): null

27-02-2025T17:34:04 - [TEST_STEP][PASSED] - else: null

27-02-2025T17:34:04 - [TEST_STEP][PASSED] - if (include): null

27-02-2025T17:34:04 - [TEST_STEP][PASSED] - line = reader.readLine(): null

27-02-2025T17:34:04 - [TEST_STEP][PASSED] - println(line): null

27-02-2025T17:34:04 - [TEST_STEP][PASSED] - group = line.indexOf("<Group>"): null

27-02-2025T17:34:04 - [TEST_STEP][PASSED] - println(group): null

27-02-2025T17:34:04 - [TEST_STEP][PASSED] - if (group >= 0): null

27-02-2025T17:34:04 - [TEST_STEP][PASSED] - else: null

27-02-2025T17:34:04 - [TEST_STEP][PASSED] - if (include): null

27-02-2025T17:34:04 - [TEST_STEP][PASSED] - line = reader.readLine(): null

27-02-2025T17:34:04 - [TEST_STEP][PASSED] - println(line): null

27-02-2025T17:34:04 - [TEST_STEP][PASSED] - group = line.indexOf("<Group>"): null

27-02-2025T17:34:04 - [TEST_STEP][PASSED] - println(group): null

27-02-2025T17:34:04 - [TEST_STEP][PASSED] - if (group >= 0): null

27-02-2025T17:34:04 - [TEST_STEP][PASSED] - else: null

27-02-2025T17:34:04 - [TEST_STEP][PASSED] - if (include): null

27-02-2025T17:34:04 - [TEST_STEP][PASSED] - line = reader.readLine(): null

27-02-2025T17:34:04 - [TEST_STEP][PASSED] - println(line): null

27-02-2025T17:34:04 - [TEST_STEP][PASSED] - group = line.indexOf("<Group>"): null

27-02-2025T17:34:04 - [TEST_STEP][PASSED] - println(group): null

27-02-2025T17:34:04 - [TEST_STEP][PASSED] - if (group >= 0): null

27-02-2025T17:34:04 - [TEST_STEP][PASSED] - else: null

27-02-2025T17:34:04 - [TEST_STEP][PASSED] - if (include): null

27-02-2025T17:34:04 - [TEST_STEP][PASSED] - line = reader.readLine(): null

27-02-2025T17:34:04 - [TEST_STEP][PASSED] - println(line): null

27-02-2025T17:34:04 - [TEST_STEP][PASSED] - group = line.indexOf("<Group>"): null

27-02-2025T17:34:04 - [TEST_STEP][PASSED] - println(group): null

27-02-2025T17:34:04 - [TEST_STEP][PASSED] - if (group >= 0): null

27-02-2025T17:34:04 - [TEST_STEP][PASSED] - else: null

27-02-2025T17:34:04 - [TEST_STEP][PASSED] - if (include): null

27-02-2025T17:34:04 - [TEST_STEP][PASSED] - line = reader.readLine(): null

27-02-2025T17:34:04 - [TEST_STEP][PASSED] - println(line): null

27-02-2025T17:34:04 - [TEST_STEP][PASSED] - group = line.indexOf("<Group>"): null

27-02-2025T17:34:04 - [TEST_STEP][PASSED] - println(group): null

27-02-2025T17:34:04 - [TEST_STEP][PASSED] - if (group >= 0): null

27-02-2025T17:34:04 - [TEST_STEP][PASSED] - else: null

27-02-2025T17:34:04 - [TEST_STEP][PASSED] - if (include): null

27-02-2025T17:34:04 - [TEST_STEP][PASSED] - line = reader.readLine(): null

27-02-2025T17:34:04 - [TEST_STEP][PASSED] - println(line): null

27-02-2025T17:34:04 - [TEST_STEP][PASSED] - group = line.indexOf("<Group>"): null

27-02-2025T17:34:04 - [TEST_STEP][PASSED] - println(group): null

27-02-2025T17:34:04 - [TEST_STEP][PASSED] - if (group >= 0): null

27-02-2025T17:34:04 - [TEST_STEP][PASSED] - else: null

27-02-2025T17:34:04 - [TEST_STEP][PASSED] - if (include): null

27-02-2025T17:34:04 - [TEST_STEP][PASSED] - line = reader.readLine(): null

27-02-2025T17:34:04 - [TEST_STEP][PASSED] - println(line): null

27-02-2025T17:34:04 - [TEST_STEP][PASSED] - group = line.indexOf("<Group>"): null

27-02-2025T17:34:04 - [TEST_STEP][PASSED] - println(group): null

27-02-2025T17:34:04 - [TEST_STEP][PASSED] - if (group >= 0): null

27-02-2025T17:34:04 - [TEST_STEP][PASSED] - else: null

27-02-2025T17:34:04 - [TEST_STEP][PASSED] - if (include): null

27-02-2025T17:34:04 - [TEST_STEP][PASSED] - line = reader.readLine(): null

27-02-2025T17:34:04 - [TEST_STEP][PASSED] - println(line): null

27-02-2025T17:34:04 - [TEST_STEP][PASSED] - group = line.indexOf("<Group>"): null

27-02-2025T17:34:04 - [TEST_STEP][PASSED] - println(group): null

27-02-2025T17:34:04 - [TEST_STEP][PASSED] - if (group >= 0): null

27-02-2025T17:34:04 - [TEST_STEP][PASSED] - else: null

27-02-2025T17:34:04 - [TEST_STEP][PASSED] - if (include): null

27-02-2025T17:34:04 - [TEST_STEP][PASSED] - line = reader.readLine(): null

27-02-2025T17:34:04 - [TEST_STEP][PASSED] - println(line): null

27-02-2025T17:34:04 - [TEST_STEP][PASSED] - group = line.indexOf("<Group>"): null

27-02-2025T17:34:04 - [TEST_STEP][PASSED] - println(group): null

27-02-2025T17:34:04 - [TEST_STEP][PASSED] - if (group >= 0): null

27-02-2025T17:34:04 - [TEST_STEP][PASSED] - else: null

27-02-2025T17:34:04 - [TEST_STEP][PASSED] - if (include): null

27-02-2025T17:34:04 - [TEST_STEP][PASSED] - line = reader.readLine(): null

27-02-2025T17:34:04 - [TEST_STEP][PASSED] - println(line): null

27-02-2025T17:34:04 - [TEST_STEP][PASSED] - group = line.indexOf("<Group>"): null

27-02-2025T17:34:04 - [TEST_STEP][PASSED] - println(group): null

27-02-2025T17:34:04 - [TEST_STEP][PASSED] - if (group >= 0): null

27-02-2025T17:34:04 - [TEST_STEP][PASSED] - else: null

27-02-2025T17:34:04 - [TEST_STEP][PASSED] - if (include): null

27-02-2025T17:34:04 - [TEST_STEP][PASSED] - line = reader.readLine(): null

27-02-2025T17:34:04 - [TEST_STEP][PASSED] - println(line): null

27-02-2025T17:34:04 - [TEST_STEP][PASSED] - group = line.indexOf("<Group>"): null

27-02-2025T17:34:04 - [TEST_STEP][PASSED] - println(group): null

27-02-2025T17:34:04 - [TEST_STEP][PASSED] - if (group >= 0): null

27-02-2025T17:34:04 - [TEST_STEP][PASSED] - else: null

27-02-2025T17:34:04 - [TEST_STEP][PASSED] - if (include): null

27-02-2025T17:34:04 - [TEST_STEP][PASSED] - line = reader.readLine(): null

27-02-2025T17:34:04 - [TEST_STEP][PASSED] - println(line): null

27-02-2025T17:34:04 - [TEST_STEP][PASSED] - group = line.indexOf("<Group>"): null

27-02-2025T17:34:04 - [TEST_STEP][PASSED] - println(group): null

27-02-2025T17:34:04 - [TEST_STEP][PASSED] - if (group >= 0): null

27-02-2025T17:34:04 - [TEST_STEP][PASSED] - else: null

27-02-2025T17:34:04 - [TEST_STEP][PASSED] - if (include): null

27-02-2025T17:34:04 - [TEST_STEP][PASSED] - line = reader.readLine(): null

27-02-2025T17:34:04 - [TEST_STEP][PASSED] - frame.dispose(): null

27-02-2025T17:34:04 - [TEST_STEP][PASSED] - reader.close(): null

27-02-2025T17:34:04 - [TEST_STEP][PASSED] - println(checked): null

27-02-2025T17:34:04 - [TEST_STEP][PASSED] - return checked: null

27-02-2025T17:34:04 - [MESSAGE][PASSED] - Call Test Case 'Test Cases/_Functions/Get Selections from CSV File' successfully

27-02-2025T17:34:04 - [TEST_STEP][PASSED] - languages = callTestCase(findTestCase("_Functions/Get Selections from CSV File"), ["varFileName":"Journey Candidate Forms/IT Skills and Interest.csv", "varSelections":"Computer Languages"], STOP_ON_FAILURE): Call Test Case 'Test Cases/_Functions/Get Selections from CSV File' successfully

27-02-2025T17:34:04 - [TEST_CASE][PASSED] - Test Cases/_Functions/Get Selections from CSV File: Test Cases/_Functions/Get Selections from CSV File

27-02-2025T17:34:04 - [TEST_STEP][PASSED] - if (fastPath): null

27-02-2025T17:34:04 - [TEST_STEP][PASSED] - reader = <not implemented yet for class: org.codehaus.groovy.ast.expr.EmptyExpression>: null

27-02-2025T17:34:04 - [TEST_STEP][PASSED] - checked = []: null

27-02-2025T17:34:04 - [TEST_STEP][PASSED] - reader = new java.io.BufferedReader(new java.io.FileReader((/Users/cckozie/git/MissionNext-Katalon-Koz/Data Files/ + varFileName))): null

27-02-2025T17:34:04 - [TEST_STEP][PASSED] - line = reader.readLine(): null

27-02-2025T17:34:04 - [TEST_STEP][PASSED] - include = false: null

27-02-2025T17:34:04 - [TEST_STEP][PASSED] - frame = new javax.swing.JFrame(): null

27-02-2025T17:34:04 - [TEST_STEP][PASSED] - p = new javax.swing.JPanel(): null

27-02-2025T17:34:04 - [TEST_STEP][PASSED] - l = new javax.swing.JLabel(Loading selections from file..., javax.swing.SwingConstants.CENTER): null

27-02-2025T17:34:04 - [TEST_STEP][PASSED] - frame.add(l): null

27-02-2025T17:34:04 - [TEST_STEP][PASSED] - frame.setSize(300, 100): null

27-02-2025T17:34:04 - [TEST_STEP][PASSED] - frame.setLocation(600, 0): null

27-02-2025T17:34:04 - [TEST_STEP][PASSED] - frame.setAlwaysOnTop(true): null

27-02-2025T17:34:04 - [TEST_STEP][PASSED] - frame.show(): null

27-02-2025T17:34:04 - [TEST_STEP][PASSED] - while (line != null): null

27-02-2025T17:34:04 - [TEST_STEP][PASSED] - println(line): null

27-02-2025T17:34:04 - [TEST_STEP][PASSED] - group = line.indexOf("<Group>"): null

27-02-2025T17:34:04 - [TEST_STEP][PASSED] - println(group): null

27-02-2025T17:34:04 - [TEST_STEP][PASSED] - if (group >= 0): null

27-02-2025T17:34:04 - [TEST_STEP][PASSED] - selections = line.substring(group + 7, line.length() - 1): null

27-02-2025T17:34:04 - [TEST_STEP][PASSED] - println(selections): null

27-02-2025T17:34:04 - [TEST_STEP][PASSED] - if (selections == varSelections): null

27-02-2025T17:34:04 - [TEST_STEP][PASSED] - else: null

27-02-2025T17:34:04 - [TEST_STEP][PASSED] - include = false: null

27-02-2025T17:34:04 - [TEST_STEP][PASSED] - line = reader.readLine(): null

27-02-2025T17:34:04 - [TEST_STEP][PASSED] - println(line): null

27-02-2025T17:34:04 - [TEST_STEP][PASSED] - group = line.indexOf("<Group>"): null

27-02-2025T17:34:04 - [TEST_STEP][PASSED] - println(group): null

27-02-2025T17:34:04 - [TEST_STEP][PASSED] - if (group >= 0): null

27-02-2025T17:34:04 - [TEST_STEP][PASSED] - else: null

27-02-2025T17:34:04 - [TEST_STEP][PASSED] - if (include): null

27-02-2025T17:34:04 - [TEST_STEP][PASSED] - line = reader.readLine(): null

27-02-2025T17:34:04 - [TEST_STEP][PASSED] - println(line): null

27-02-2025T17:34:04 - [TEST_STEP][PASSED] - group = line.indexOf("<Group>"): null

27-02-2025T17:34:04 - [TEST_STEP][PASSED] - println(group): null

27-02-2025T17:34:04 - [TEST_STEP][PASSED] - if (group >= 0): null

27-02-2025T17:34:04 - [TEST_STEP][PASSED] - else: null

27-02-2025T17:34:04 - [TEST_STEP][PASSED] - if (include): null

27-02-2025T17:34:04 - [TEST_STEP][PASSED] - line = reader.readLine(): null

27-02-2025T17:34:04 - [TEST_STEP][PASSED] - println(line): null

27-02-2025T17:34:04 - [TEST_STEP][PASSED] - group = line.indexOf("<Group>"): null

27-02-2025T17:34:04 - [TEST_STEP][PASSED] - println(group): null

27-02-2025T17:34:04 - [TEST_STEP][PASSED] - if (group >= 0): null

27-02-2025T17:34:04 - [TEST_STEP][PASSED] - else: null

27-02-2025T17:34:04 - [TEST_STEP][PASSED] - if (include): null

27-02-2025T17:34:04 - [TEST_STEP][PASSED] - line = reader.readLine(): null

27-02-2025T17:34:04 - [TEST_STEP][PASSED] - println(line): null

27-02-2025T17:34:04 - [TEST_STEP][PASSED] - group = line.indexOf("<Group>"): null

27-02-2025T17:34:04 - [TEST_STEP][PASSED] - println(group): null

27-02-2025T17:34:04 - [TEST_STEP][PASSED] - if (group >= 0): null

27-02-2025T17:34:04 - [TEST_STEP][PASSED] - else: null

27-02-2025T17:34:04 - [TEST_STEP][PASSED] - if (include): null

27-02-2025T17:34:04 - [TEST_STEP][PASSED] - line = reader.readLine(): null

27-02-2025T17:34:04 - [TEST_STEP][PASSED] - println(line): null

27-02-2025T17:34:04 - [TEST_STEP][PASSED] - group = line.indexOf("<Group>"): null

27-02-2025T17:34:04 - [TEST_STEP][PASSED] - println(group): null

27-02-2025T17:34:04 - [TEST_STEP][PASSED] - if (group >= 0): null

27-02-2025T17:34:04 - [TEST_STEP][PASSED] - else: null

27-02-2025T17:34:04 - [TEST_STEP][PASSED] - if (include): null

27-02-2025T17:34:04 - [TEST_STEP][PASSED] - line = reader.readLine(): null

27-02-2025T17:34:04 - [TEST_STEP][PASSED] - println(line): null

27-02-2025T17:34:04 - [TEST_STEP][PASSED] - group = line.indexOf("<Group>"): null

27-02-2025T17:34:04 - [TEST_STEP][PASSED] - println(group): null

27-02-2025T17:34:04 - [TEST_STEP][PASSED] - if (group >= 0): null

27-02-2025T17:34:04 - [TEST_STEP][PASSED] - else: null

27-02-2025T17:34:04 - [TEST_STEP][PASSED] - if (include): null

27-02-2025T17:34:04 - [TEST_STEP][PASSED] - line = reader.readLine(): null

27-02-2025T17:34:04 - [TEST_STEP][PASSED] - println(line): null

27-02-2025T17:34:04 - [TEST_STEP][PASSED] - group = line.indexOf("<Group>"): null

27-02-2025T17:34:04 - [TEST_STEP][PASSED] - println(group): null

27-02-2025T17:34:04 - [TEST_STEP][PASSED] - if (group >= 0): null

27-02-2025T17:34:04 - [TEST_STEP][PASSED] - else: null

27-02-2025T17:34:04 - [TEST_STEP][PASSED] - if (include): null

27-02-2025T17:34:04 - [TEST_STEP][PASSED] - line = reader.readLine(): null

27-02-2025T17:34:04 - [TEST_STEP][PASSED] - println(line): null

27-02-2025T17:34:04 - [TEST_STEP][PASSED] - group = line.indexOf("<Group>"): null

27-02-2025T17:34:04 - [TEST_STEP][PASSED] - println(group): null

27-02-2025T17:34:04 - [TEST_STEP][PASSED] - if (group >= 0): null

27-02-2025T17:34:04 - [TEST_STEP][PASSED] - else: null

27-02-2025T17:34:04 - [TEST_STEP][PASSED] - if (include): null

27-02-2025T17:34:04 - [TEST_STEP][PASSED] - line = reader.readLine(): null

27-02-2025T17:34:04 - [TEST_STEP][PASSED] - println(line): null

27-02-2025T17:34:04 - [TEST_STEP][PASSED] - group = line.indexOf("<Group>"): null

27-02-2025T17:34:04 - [TEST_STEP][PASSED] - println(group): null

27-02-2025T17:34:04 - [TEST_STEP][PASSED] - if (group >= 0): null

27-02-2025T17:34:04 - [TEST_STEP][PASSED] - else: null

27-02-2025T17:34:04 - [TEST_STEP][PASSED] - if (include): null

27-02-2025T17:34:04 - [TEST_STEP][PASSED] - line = reader.readLine(): null

27-02-2025T17:34:04 - [TEST_STEP][PASSED] - println(line): null

27-02-2025T17:34:04 - [TEST_STEP][PASSED] - group = line.indexOf("<Group>"): null

27-02-2025T17:34:04 - [TEST_STEP][PASSED] - println(group): null

27-02-2025T17:34:04 - [TEST_STEP][PASSED] - if (group >= 0): null

27-02-2025T17:34:04 - [TEST_STEP][PASSED] - else: null

27-02-2025T17:34:04 - [TEST_STEP][PASSED] - if (include): null

27-02-2025T17:34:04 - [TEST_STEP][PASSED] - line = reader.readLine(): null

27-02-2025T17:34:04 - [TEST_STEP][PASSED] - println(line): null

27-02-2025T17:34:04 - [TEST_STEP][PASSED] - group = line.indexOf("<Group>"): null

27-02-2025T17:34:04 - [TEST_STEP][PASSED] - println(group): null

27-02-2025T17:34:04 - [TEST_STEP][PASSED] - if (group >= 0): null

27-02-2025T17:34:04 - [TEST_STEP][PASSED] - selections = line.substring(group + 7, line.length() - 1): null

27-02-2025T17:34:04 - [TEST_STEP][PASSED] - println(selections): null

27-02-2025T17:34:04 - [TEST_STEP][PASSED] - if (selections == varSelections): null

27-02-2025T17:34:04 - [TEST_STEP][PASSED] - else: null

27-02-2025T17:34:04 - [TEST_STEP][PASSED] - include = false: null

27-02-2025T17:34:04 - [TEST_STEP][PASSED] - line = reader.readLine(): null

27-02-2025T17:34:04 - [TEST_STEP][PASSED] - println(line): null

27-02-2025T17:34:04 - [TEST_STEP][PASSED] - group = line.indexOf("<Group>"): null

27-02-2025T17:34:04 - [TEST_STEP][PASSED] - println(group): null

27-02-2025T17:34:04 - [TEST_STEP][PASSED] - if (group >= 0): null

27-02-2025T17:34:04 - [TEST_STEP][PASSED] - else: null

27-02-2025T17:34:04 - [TEST_STEP][PASSED] - if (include): null

27-02-2025T17:34:04 - [TEST_STEP][PASSED] - line = reader.readLine(): null

27-02-2025T17:34:04 - [TEST_STEP][PASSED] - println(line): null

27-02-2025T17:34:04 - [TEST_STEP][PASSED] - group = line.indexOf("<Group>"): null

27-02-2025T17:34:04 - [TEST_STEP][PASSED] - println(group): null

27-02-2025T17:34:04 - [TEST_STEP][PASSED] - if (group >= 0): null

27-02-2025T17:34:04 - [TEST_STEP][PASSED] - else: null

27-02-2025T17:34:04 - [TEST_STEP][PASSED] - if (include): null

27-02-2025T17:34:04 - [TEST_STEP][PASSED] - line = reader.readLine(): null

27-02-2025T17:34:04 - [TEST_STEP][PASSED] - println(line): null

27-02-2025T17:34:04 - [TEST_STEP][PASSED] - group = line.indexOf("<Group>"): null

27-02-2025T17:34:04 - [TEST_STEP][PASSED] - println(group): null

27-02-2025T17:34:04 - [TEST_STEP][PASSED] - if (group >= 0): null

27-02-2025T17:34:04 - [TEST_STEP][PASSED] - else: null

27-02-2025T17:34:04 - [TEST_STEP][PASSED] - if (include): null

27-02-2025T17:34:04 - [TEST_STEP][PASSED] - line = reader.readLine(): null

27-02-2025T17:34:04 - [TEST_STEP][PASSED] - println(line): null

27-02-2025T17:34:04 - [TEST_STEP][PASSED] - group = line.indexOf("<Group>"): null

27-02-2025T17:34:04 - [TEST_STEP][PASSED] - println(group): null

27-02-2025T17:34:04 - [TEST_STEP][PASSED] - if (group >= 0): null

27-02-2025T17:34:04 - [TEST_STEP][PASSED] - else: null

27-02-2025T17:34:04 - [TEST_STEP][PASSED] - if (include): null

27-02-2025T17:34:04 - [TEST_STEP][PASSED] - line = reader.readLine(): null

27-02-2025T17:34:04 - [TEST_STEP][PASSED] - println(line): null

27-02-2025T17:34:04 - [TEST_STEP][PASSED] - group = line.indexOf("<Group>"): null

27-02-2025T17:34:04 - [TEST_STEP][PASSED] - println(group): null

27-02-2025T17:34:04 - [TEST_STEP][PASSED] - if (group >= 0): null

27-02-2025T17:34:04 - [TEST_STEP][PASSED] - else: null

27-02-2025T17:34:04 - [TEST_STEP][PASSED] - if (include): null

27-02-2025T17:34:04 - [TEST_STEP][PASSED] - line = reader.readLine(): null

27-02-2025T17:34:04 - [TEST_STEP][PASSED] - println(line): null

27-02-2025T17:34:04 - [TEST_STEP][PASSED] - group = line.indexOf("<Group>"): null

27-02-2025T17:34:04 - [TEST_STEP][PASSED] - println(group): null

27-02-2025T17:34:04 - [TEST_STEP][PASSED] - if (group >= 0): null

27-02-2025T17:34:04 - [TEST_STEP][PASSED] - else: null

27-02-2025T17:34:04 - [TEST_STEP][PASSED] - if (include): null

27-02-2025T17:34:04 - [TEST_STEP][PASSED] - line = reader.readLine(): null

27-02-2025T17:34:04 - [TEST_STEP][PASSED] - println(line): null

27-02-2025T17:34:04 - [TEST_STEP][PASSED] - group = line.indexOf("<Group>"): null

27-02-2025T17:34:04 - [TEST_STEP][PASSED] - println(group): null

27-02-2025T17:34:04 - [TEST_STEP][PASSED] - if (group >= 0): null

27-02-2025T17:34:04 - [TEST_STEP][PASSED] - else: null

27-02-2025T17:34:04 - [TEST_STEP][PASSED] - if (include): null

27-02-2025T17:34:04 - [TEST_STEP][PASSED] - line = reader.readLine(): null

27-02-2025T17:34:04 - [TEST_STEP][PASSED] - println(line): null

27-02-2025T17:34:04 - [TEST_STEP][PASSED] - group = line.indexOf("<Group>"): null

27-02-2025T17:34:04 - [TEST_STEP][PASSED] - println(group): null

27-02-2025T17:34:04 - [TEST_STEP][PASSED] - if (group >= 0): null

27-02-2025T17:34:04 - [TEST_STEP][PASSED] - else: null

27-02-2025T17:34:04 - [TEST_STEP][PASSED] - if (include): null

27-02-2025T17:34:04 - [TEST_STEP][PASSED] - line = reader.readLine(): null

27-02-2025T17:34:04 - [TEST_STEP][PASSED] - println(line): null

27-02-2025T17:34:04 - [TEST_STEP][PASSED] - group = line.indexOf("<Group>"): null

27-02-2025T17:34:04 - [TEST_STEP][PASSED] - println(group): null

27-02-2025T17:34:04 - [TEST_STEP][PASSED] - if (group >= 0): null

27-02-2025T17:34:04 - [TEST_STEP][PASSED] - else: null

27-02-2025T17:34:04 - [TEST_STEP][PASSED] - if (include): null

27-02-2025T17:34:04 - [TEST_STEP][PASSED] - line = reader.readLine(): null

27-02-2025T17:34:04 - [TEST_STEP][PASSED] - println(line): null

27-02-2025T17:34:04 - [TEST_STEP][PASSED] - group = line.indexOf("<Group>"): null

27-02-2025T17:34:04 - [TEST_STEP][PASSED] - println(group): null

27-02-2025T17:34:04 - [TEST_STEP][PASSED] - if (group >= 0): null

27-02-2025T17:34:04 - [TEST_STEP][PASSED] - else: null

27-02-2025T17:34:04 - [TEST_STEP][PASSED] - if (include): null

27-02-2025T17:34:04 - [TEST_STEP][PASSED] - line = reader.readLine(): null

27-02-2025T17:34:04 - [TEST_STEP][PASSED] - println(line): null

27-02-2025T17:34:04 - [TEST_STEP][PASSED] - group = line.indexOf("<Group>"): null

27-02-2025T17:34:04 - [TEST_STEP][PASSED] - println(group): null

27-02-2025T17:34:04 - [TEST_STEP][PASSED] - if (group >= 0): null

27-02-2025T17:34:04 - [TEST_STEP][PASSED] - else: null

27-02-2025T17:34:04 - [TEST_STEP][PASSED] - if (include): null

27-02-2025T17:34:04 - [TEST_STEP][PASSED] - line = reader.readLine(): null

27-02-2025T17:34:04 - [TEST_STEP][PASSED] - println(line): null

27-02-2025T17:34:04 - [TEST_STEP][PASSED] - group = line.indexOf("<Group>"): null

27-02-2025T17:34:04 - [TEST_STEP][PASSED] - println(group): null

27-02-2025T17:34:04 - [TEST_STEP][PASSED] - if (group >= 0): null

27-02-2025T17:34:04 - [TEST_STEP][PASSED] - else: null

27-02-2025T17:34:04 - [TEST_STEP][PASSED] - if (include): null

27-02-2025T17:34:04 - [TEST_STEP][PASSED] - line = reader.readLine(): null

27-02-2025T17:34:04 - [TEST_STEP][PASSED] - println(line): null

27-02-2025T17:34:04 - [TEST_STEP][PASSED] - group = line.indexOf("<Group>"): null

27-02-2025T17:34:04 - [TEST_STEP][PASSED] - println(group): null

27-02-2025T17:34:04 - [TEST_STEP][PASSED] - if (group >= 0): null

27-02-2025T17:34:04 - [TEST_STEP][PASSED] - else: null

27-02-2025T17:34:04 - [TEST_STEP][PASSED] - if (include): null

27-02-2025T17:34:04 - [TEST_STEP][PASSED] - line = reader.readLine(): null

27-02-2025T17:34:04 - [TEST_STEP][PASSED] - println(line): null

27-02-2025T17:34:04 - [TEST_STEP][PASSED] - group = line.indexOf("<Group>"): null

27-02-2025T17:34:04 - [TEST_STEP][PASSED] - println(group): null

27-02-2025T17:34:04 - [TEST_STEP][PASSED] - if (group >= 0): null

27-02-2025T17:34:04 - [TEST_STEP][PASSED] - else: null

27-02-2025T17:34:04 - [TEST_STEP][PASSED] - if (include): null

27-02-2025T17:34:04 - [TEST_STEP][PASSED] - line = reader.readLine(): null

27-02-2025T17:34:04 - [TEST_STEP][PASSED] - println(line): null

27-02-2025T17:34:04 - [TEST_STEP][PASSED] - group = line.indexOf("<Group>"): null

27-02-2025T17:34:04 - [TEST_STEP][PASSED] - println(group): null

27-02-2025T17:34:04 - [TEST_STEP][PASSED] - if (group >= 0): null

27-02-2025T17:34:04 - [TEST_STEP][PASSED] - else: null

27-02-2025T17:34:04 - [TEST_STEP][PASSED] - if (include): null

27-02-2025T17:34:04 - [TEST_STEP][PASSED] - line = reader.readLine(): null

27-02-2025T17:34:04 - [TEST_STEP][PASSED] - println(line): null

27-02-2025T17:34:04 - [TEST_STEP][PASSED] - group = line.indexOf("<Group>"): null

27-02-2025T17:34:04 - [TEST_STEP][PASSED] - println(group): null

27-02-2025T17:34:04 - [TEST_STEP][PASSED] - if (group >= 0): null

27-02-2025T17:34:04 - [TEST_STEP][PASSED] - else: null

27-02-2025T17:34:04 - [TEST_STEP][PASSED] - if (include): null

27-02-2025T17:34:04 - [TEST_STEP][PASSED] - line = reader.readLine(): null

27-02-2025T17:34:04 - [TEST_STEP][PASSED] - println(line): null

27-02-2025T17:34:04 - [TEST_STEP][PASSED] - group = line.indexOf("<Group>"): null

27-02-2025T17:34:04 - [TEST_STEP][PASSED] - println(group): null

27-02-2025T17:34:04 - [TEST_STEP][PASSED] - if (group >= 0): null

27-02-2025T17:34:04 - [TEST_STEP][PASSED] - else: null

27-02-2025T17:34:04 - [TEST_STEP][PASSED] - if (include): null

27-02-2025T17:34:04 - [TEST_STEP][PASSED] - line = reader.readLine(): null

27-02-2025T17:34:04 - [TEST_STEP][PASSED] - println(line): null

27-02-2025T17:34:04 - [TEST_STEP][PASSED] - group = line.indexOf("<Group>"): null

27-02-2025T17:34:04 - [TEST_STEP][PASSED] - println(group): null

27-02-2025T17:34:04 - [TEST_STEP][PASSED] - if (group >= 0): null

27-02-2025T17:34:04 - [TEST_STEP][PASSED] - else: null

27-02-2025T17:34:04 - [TEST_STEP][PASSED] - if (include): null

27-02-2025T17:34:04 - [TEST_STEP][PASSED] - line = reader.readLine(): null

27-02-2025T17:34:04 - [TEST_STEP][PASSED] - println(line): null

27-02-2025T17:34:04 - [TEST_STEP][PASSED] - group = line.indexOf("<Group>"): null

27-02-2025T17:34:04 - [TEST_STEP][PASSED] - println(group): null

27-02-2025T17:34:04 - [TEST_STEP][PASSED] - if (group >= 0): null

27-02-2025T17:34:04 - [TEST_STEP][PASSED] - else: null

27-02-2025T17:34:04 - [TEST_STEP][PASSED] - if (include): null

27-02-2025T17:34:04 - [TEST_STEP][PASSED] - line = reader.readLine(): null

27-02-2025T17:34:04 - [TEST_STEP][PASSED] - println(line): null

27-02-2025T17:34:04 - [TEST_STEP][PASSED] - group = line.indexOf("<Group>"): null

27-02-2025T17:34:04 - [TEST_STEP][PASSED] - println(group): null

27-02-2025T17:34:04 - [TEST_STEP][PASSED] - if (group >= 0): null

27-02-2025T17:34:04 - [TEST_STEP][PASSED] - else: null

27-02-2025T17:34:04 - [TEST_STEP][PASSED] - if (include): null

27-02-2025T17:34:04 - [TEST_STEP][PASSED] - line = reader.readLine(): null

27-02-2025T17:34:04 - [TEST_STEP][PASSED] - println(line): null

27-02-2025T17:34:04 - [TEST_STEP][PASSED] - group = line.indexOf("<Group>"): null

27-02-2025T17:34:04 - [TEST_STEP][PASSED] - println(group): null

27-02-2025T17:34:04 - [TEST_STEP][PASSED] - if (group >= 0): null

27-02-2025T17:34:04 - [TEST_STEP][PASSED] - else: null

27-02-2025T17:34:04 - [TEST_STEP][PASSED] - if (include): null

27-02-2025T17:34:04 - [TEST_STEP][PASSED] - line = reader.readLine(): null

27-02-2025T17:34:04 - [TEST_STEP][PASSED] - println(line): null

27-02-2025T17:34:04 - [TEST_STEP][PASSED] - group = line.indexOf("<Group>"): null

27-02-2025T17:34:04 - [TEST_STEP][PASSED] - println(group): null

27-02-2025T17:34:04 - [TEST_STEP][PASSED] - if (group >= 0): null

27-02-2025T17:34:04 - [TEST_STEP][PASSED] - else: null

27-02-2025T17:34:04 - [TEST_STEP][PASSED] - if (include): null

27-02-2025T17:34:04 - [TEST_STEP][PASSED] - line = reader.readLine(): null

27-02-2025T17:34:04 - [TEST_STEP][PASSED] - println(line): null

27-02-2025T17:34:04 - [TEST_STEP][PASSED] - group = line.indexOf("<Group>"): null

27-02-2025T17:34:04 - [TEST_STEP][PASSED] - println(group): null

27-02-2025T17:34:04 - [TEST_STEP][PASSED] - if (group >= 0): null

27-02-2025T17:34:04 - [TEST_STEP][PASSED] - else: null

27-02-2025T17:34:04 - [TEST_STEP][PASSED] - if (include): null

27-02-2025T17:34:04 - [TEST_STEP][PASSED] - line = reader.readLine(): null

27-02-2025T17:34:04 - [TEST_STEP][PASSED] - println(line): null

27-02-2025T17:34:04 - [TEST_STEP][PASSED] - group = line.indexOf("<Group>"): null

27-02-2025T17:34:04 - [TEST_STEP][PASSED] - println(group): null

27-02-2025T17:34:04 - [TEST_STEP][PASSED] - if (group >= 0): null

27-02-2025T17:34:04 - [TEST_STEP][PASSED] - else: null

27-02-2025T17:34:04 - [TEST_STEP][PASSED] - if (include): null

27-02-2025T17:34:04 - [TEST_STEP][PASSED] - line = reader.readLine(): null

27-02-2025T17:34:04 - [TEST_STEP][PASSED] - println(line): null

27-02-2025T17:34:04 - [TEST_STEP][PASSED] - group = line.indexOf("<Group>"): null

27-02-2025T17:34:04 - [TEST_STEP][PASSED] - println(group): null

27-02-2025T17:34:04 - [TEST_STEP][PASSED] - if (group >= 0): null

27-02-2025T17:34:04 - [TEST_STEP][PASSED] - else: null

27-02-2025T17:34:04 - [TEST_STEP][PASSED] - if (include): null

27-02-2025T17:34:04 - [TEST_STEP][PASSED] - line = reader.readLine(): null

27-02-2025T17:34:04 - [TEST_STEP][PASSED] - println(line): null

27-02-2025T17:34:04 - [TEST_STEP][PASSED] - group = line.indexOf("<Group>"): null

27-02-2025T17:34:04 - [TEST_STEP][PASSED] - println(group): null

27-02-2025T17:34:04 - [TEST_STEP][PASSED] - if (group >= 0): null

27-02-2025T17:34:04 - [TEST_STEP][PASSED] - else: null

27-02-2025T17:34:04 - [TEST_STEP][PASSED] - if (include): null

27-02-2025T17:34:04 - [TEST_STEP][PASSED] - line = reader.readLine(): null

27-02-2025T17:34:04 - [TEST_STEP][PASSED] - println(line): null

27-02-2025T17:34:04 - [TEST_STEP][PASSED] - group = line.indexOf("<Group>"): null

27-02-2025T17:34:04 - [TEST_STEP][PASSED] - println(group): null

27-02-2025T17:34:04 - [TEST_STEP][PASSED] - if (group >= 0): null

27-02-2025T17:34:04 - [TEST_STEP][PASSED] - else: null

27-02-2025T17:34:04 - [TEST_STEP][PASSED] - if (include): null

27-02-2025T17:34:04 - [TEST_STEP][PASSED] - line = reader.readLine(): null

27-02-2025T17:34:04 - [TEST_STEP][PASSED] - println(line): null

27-02-2025T17:34:04 - [TEST_STEP][PASSED] - group = line.indexOf("<Group>"): null

27-02-2025T17:34:04 - [TEST_STEP][PASSED] - println(group): null

27-02-2025T17:34:04 - [TEST_STEP][PASSED] - if (group >= 0): null

27-02-2025T17:34:04 - [TEST_STEP][PASSED] - else: null

27-02-2025T17:34:04 - [TEST_STEP][PASSED] - if (include): null

27-02-2025T17:34:04 - [TEST_STEP][PASSED] - line = reader.readLine(): null

27-02-2025T17:34:04 - [TEST_STEP][PASSED] - println(line): null

27-02-2025T17:34:04 - [TEST_STEP][PASSED] - group = line.indexOf("<Group>"): null

27-02-2025T17:34:04 - [TEST_STEP][PASSED] - println(group): null

27-02-2025T17:34:04 - [TEST_STEP][PASSED] - if (group >= 0): null

27-02-2025T17:34:04 - [TEST_STEP][PASSED] - else: null

27-02-2025T17:34:04 - [TEST_STEP][PASSED] - if (include): null

27-02-2025T17:34:04 - [TEST_STEP][PASSED] - line = reader.readLine(): null

27-02-2025T17:34:04 - [TEST_STEP][PASSED] - println(line): null

27-02-2025T17:34:04 - [TEST_STEP][PASSED] - group = line.indexOf("<Group>"): null

27-02-2025T17:34:04 - [TEST_STEP][PASSED] - println(group): null

27-02-2025T17:34:04 - [TEST_STEP][PASSED] - if (group >= 0): null

27-02-2025T17:34:04 - [TEST_STEP][PASSED] - else: null

27-02-2025T17:34:04 - [TEST_STEP][PASSED] - if (include): null

27-02-2025T17:34:04 - [TEST_STEP][PASSED] - line = reader.readLine(): null

27-02-2025T17:34:04 - [TEST_STEP][PASSED] - println(line): null

27-02-2025T17:34:04 - [TEST_STEP][PASSED] - group = line.indexOf("<Group>"): null

27-02-2025T17:34:04 - [TEST_STEP][PASSED] - println(group): null

27-02-2025T17:34:04 - [TEST_STEP][PASSED] - if (group >= 0): null

27-02-2025T17:34:04 - [TEST_STEP][PASSED] - else: null

27-02-2025T17:34:04 - [TEST_STEP][PASSED] - if (include): null

27-02-2025T17:34:04 - [TEST_STEP][PASSED] - line = reader.readLine(): null

27-02-2025T17:34:04 - [TEST_STEP][PASSED] - println(line): null

27-02-2025T17:34:04 - [TEST_STEP][PASSED] - group = line.indexOf("<Group>"): null

27-02-2025T17:34:04 - [TEST_STEP][PASSED] - println(group): null

27-02-2025T17:34:04 - [TEST_STEP][PASSED] - if (group >= 0): null

27-02-2025T17:34:04 - [TEST_STEP][PASSED] - else: null

27-02-2025T17:34:04 - [TEST_STEP][PASSED] - if (include): null

27-02-2025T17:34:04 - [TEST_STEP][PASSED] - line = reader.readLine(): null

27-02-2025T17:34:04 - [TEST_STEP][PASSED] - println(line): null

27-02-2025T17:34:04 - [TEST_STEP][PASSED] - group = line.indexOf("<Group>"): null

27-02-2025T17:34:04 - [TEST_STEP][PASSED] - println(group): null

27-02-2025T17:34:04 - [TEST_STEP][PASSED] - if (group >= 0): null

27-02-2025T17:34:04 - [TEST_STEP][PASSED] - else: null

27-02-2025T17:34:04 - [TEST_STEP][PASSED] - if (include): null

27-02-2025T17:34:04 - [TEST_STEP][PASSED] - line = reader.readLine(): null

27-02-2025T17:34:04 - [TEST_STEP][PASSED] - println(line): null

27-02-2025T17:34:04 - [TEST_STEP][PASSED] - group = line.indexOf("<Group>"): null

27-02-2025T17:34:04 - [TEST_STEP][PASSED] - println(group): null

27-02-2025T17:34:04 - [TEST_STEP][PASSED] - if (group >= 0): null

27-02-2025T17:34:04 - [TEST_STEP][PASSED] - else: null

27-02-2025T17:34:04 - [TEST_STEP][PASSED] - if (include): null

27-02-2025T17:34:04 - [TEST_STEP][PASSED] - line = reader.readLine(): null

27-02-2025T17:34:04 - [TEST_STEP][PASSED] - println(line): null

27-02-2025T17:34:04 - [TEST_STEP][PASSED] - group = line.indexOf("<Group>"): null

27-02-2025T17:34:04 - [TEST_STEP][PASSED] - println(group): null

27-02-2025T17:34:04 - [TEST_STEP][PASSED] - if (group >= 0): null

27-02-2025T17:34:04 - [TEST_STEP][PASSED] - else: null

27-02-2025T17:34:04 - [TEST_STEP][PASSED] - if (include): null

27-02-2025T17:34:04 - [TEST_STEP][PASSED] - line = reader.readLine(): null

27-02-2025T17:34:04 - [TEST_STEP][PASSED] - println(line): null

27-02-2025T17:34:04 - [TEST_STEP][PASSED] - group = line.indexOf("<Group>"): null

27-02-2025T17:34:04 - [TEST_STEP][PASSED] - println(group): null

27-02-2025T17:34:04 - [TEST_STEP][PASSED] - if (group >= 0): null

27-02-2025T17:34:04 - [TEST_STEP][PASSED] - else: null

27-02-2025T17:34:04 - [TEST_STEP][PASSED] - if (include): null

27-02-2025T17:34:04 - [TEST_STEP][PASSED] - line = reader.readLine(): null

27-02-2025T17:34:04 - [TEST_STEP][PASSED] - println(line): null

27-02-2025T17:34:04 - [TEST_STEP][PASSED] - group = line.indexOf("<Group>"): null

27-02-2025T17:34:04 - [TEST_STEP][PASSED] - println(group): null

27-02-2025T17:34:04 - [TEST_STEP][PASSED] - if (group >= 0): null

27-02-2025T17:34:04 - [TEST_STEP][PASSED] - else: null

27-02-2025T17:34:04 - [TEST_STEP][PASSED] - if (include): null

27-02-2025T17:34:04 - [TEST_STEP][PASSED] - line = reader.readLine(): null

27-02-2025T17:34:04 - [TEST_STEP][PASSED] - println(line): null

27-02-2025T17:34:04 - [TEST_STEP][PASSED] - group = line.indexOf("<Group>"): null

27-02-2025T17:34:04 - [TEST_STEP][PASSED] - println(group): null

27-02-2025T17:34:04 - [TEST_STEP][PASSED] - if (group >= 0): null

27-02-2025T17:34:04 - [TEST_STEP][PASSED] - else: null

27-02-2025T17:34:04 - [TEST_STEP][PASSED] - if (include): null

27-02-2025T17:34:04 - [TEST_STEP][PASSED] - line = reader.readLine(): null

27-02-2025T17:34:04 - [TEST_STEP][PASSED] - println(line): null

27-02-2025T17:34:04 - [TEST_STEP][PASSED] - group = line.indexOf("<Group>"): null

27-02-2025T17:34:04 - [TEST_STEP][PASSED] - println(group): null

27-02-2025T17:34:04 - [TEST_STEP][PASSED] - if (group >= 0): null

27-02-2025T17:34:04 - [TEST_STEP][PASSED] - else: null

27-02-2025T17:34:04 - [TEST_STEP][PASSED] - if (include): null

27-02-2025T17:34:04 - [TEST_STEP][PASSED] - line = reader.readLine(): null

27-02-2025T17:34:04 - [TEST_STEP][PASSED] - println(line): null

27-02-2025T17:34:04 - [TEST_STEP][PASSED] - group = line.indexOf("<Group>"): null

27-02-2025T17:34:04 - [TEST_STEP][PASSED] - println(group): null

27-02-2025T17:34:04 - [TEST_STEP][PASSED] - if (group >= 0): null

27-02-2025T17:34:04 - [TEST_STEP][PASSED] - else: null

27-02-2025T17:34:04 - [TEST_STEP][PASSED] - if (include): null

27-02-2025T17:34:04 - [TEST_STEP][PASSED] - line = reader.readLine(): null

27-02-2025T17:34:04 - [TEST_STEP][PASSED] - println(line): null

27-02-2025T17:34:04 - [TEST_STEP][PASSED] - group = line.indexOf("<Group>"): null

27-02-2025T17:34:04 - [TEST_STEP][PASSED] - println(group): null

27-02-2025T17:34:04 - [TEST_STEP][PASSED] - if (group >= 0): null

27-02-2025T17:34:04 - [TEST_STEP][PASSED] - else: null

27-02-2025T17:34:04 - [TEST_STEP][PASSED] - if (include): null

27-02-2025T17:34:04 - [TEST_STEP][PASSED] - line = reader.readLine(): null

27-02-2025T17:34:04 - [TEST_STEP][PASSED] - println(line): null

27-02-2025T17:34:04 - [TEST_STEP][PASSED] - group = line.indexOf("<Group>"): null

27-02-2025T17:34:04 - [TEST_STEP][PASSED] - println(group): null

27-02-2025T17:34:04 - [TEST_STEP][PASSED] - if (group >= 0): null

27-02-2025T17:34:04 - [TEST_STEP][PASSED] - else: null

27-02-2025T17:34:04 - [TEST_STEP][PASSED] - if (include): null

27-02-2025T17:34:04 - [TEST_STEP][PASSED] - line = reader.readLine(): null

27-02-2025T17:34:04 - [TEST_STEP][PASSED] - println(line): null

27-02-2025T17:34:04 - [TEST_STEP][PASSED] - group = line.indexOf("<Group>"): null

27-02-2025T17:34:04 - [TEST_STEP][PASSED] - println(group): null

27-02-2025T17:34:04 - [TEST_STEP][PASSED] - if (group >= 0): null

27-02-2025T17:34:04 - [TEST_STEP][PASSED] - else: null

27-02-2025T17:34:04 - [TEST_STEP][PASSED] - if (include): null

27-02-2025T17:34:04 - [TEST_STEP][PASSED] - line = reader.readLine(): null

27-02-2025T17:34:04 - [TEST_STEP][PASSED] - println(line): null

27-02-2025T17:34:04 - [TEST_STEP][PASSED] - group = line.indexOf("<Group>"): null

27-02-2025T17:34:04 - [TEST_STEP][PASSED] - println(group): null

27-02-2025T17:34:04 - [TEST_STEP][PASSED] - if (group >= 0): null

27-02-2025T17:34:04 - [TEST_STEP][PASSED] - else: null

27-02-2025T17:34:04 - [TEST_STEP][PASSED] - if (include): null

27-02-2025T17:34:04 - [TEST_STEP][PASSED] - line = reader.readLine(): null

27-02-2025T17:34:04 - [TEST_STEP][PASSED] - println(line): null

27-02-2025T17:34:04 - [TEST_STEP][PASSED] - group = line.indexOf("<Group>"): null

27-02-2025T17:34:04 - [TEST_STEP][PASSED] - println(group): null

27-02-2025T17:34:04 - [TEST_STEP][PASSED] - if (group >= 0): null

27-02-2025T17:34:04 - [TEST_STEP][PASSED] - else: null

27-02-2025T17:34:04 - [TEST_STEP][PASSED] - if (include): null

27-02-2025T17:34:04 - [TEST_STEP][PASSED] - line = reader.readLine(): null

27-02-2025T17:34:04 - [TEST_STEP][PASSED] - println(line): null

27-02-2025T17:34:04 - [TEST_STEP][PASSED] - group = line.indexOf("<Group>"): null

27-02-2025T17:34:04 - [TEST_STEP][PASSED] - println(group): null

27-02-2025T17:34:04 - [TEST_STEP][PASSED] - if (group >= 0): null

27-02-2025T17:34:04 - [TEST_STEP][PASSED] - else: null

27-02-2025T17:34:04 - [TEST_STEP][PASSED] - if (include): null

27-02-2025T17:34:04 - [TEST_STEP][PASSED] - line = reader.readLine(): null

27-02-2025T17:34:04 - [TEST_STEP][PASSED] - println(line): null

27-02-2025T17:34:04 - [TEST_STEP][PASSED] - group = line.indexOf("<Group>"): null

27-02-2025T17:34:04 - [TEST_STEP][PASSED] - println(group): null

27-02-2025T17:34:04 - [TEST_STEP][PASSED] - if (group >= 0): null

27-02-2025T17:34:04 - [TEST_STEP][PASSED] - else: null

27-02-2025T17:34:04 - [TEST_STEP][PASSED] - if (include): null

27-02-2025T17:34:04 - [TEST_STEP][PASSED] - line = reader.readLine(): null

27-02-2025T17:34:04 - [TEST_STEP][PASSED] - println(line): null

27-02-2025T17:34:04 - [TEST_STEP][PASSED] - group = line.indexOf("<Group>"): null

27-02-2025T17:34:04 - [TEST_STEP][PASSED] - println(group): null

27-02-2025T17:34:04 - [TEST_STEP][PASSED] - if (group >= 0): null

27-02-2025T17:34:04 - [TEST_STEP][PASSED] - else: null

27-02-2025T17:34:04 - [TEST_STEP][PASSED] - if (include): null

27-02-2025T17:34:04 - [TEST_STEP][PASSED] - line = reader.readLine(): null

27-02-2025T17:34:04 - [TEST_STEP][PASSED] - println(line): null

27-02-2025T17:34:04 - [TEST_STEP][PASSED] - group = line.indexOf("<Group>"): null

27-02-2025T17:34:04 - [TEST_STEP][PASSED] - println(group): null

27-02-2025T17:34:04 - [TEST_STEP][PASSED] - if (group >= 0): null

27-02-2025T17:34:04 - [TEST_STEP][PASSED] - else: null

27-02-2025T17:34:04 - [TEST_STEP][PASSED] - if (include): null

27-02-2025T17:34:04 - [TEST_STEP][PASSED] - line = reader.readLine(): null

27-02-2025T17:34:04 - [TEST_STEP][PASSED] - println(line): null

27-02-2025T17:34:04 - [TEST_STEP][PASSED] - group = line.indexOf("<Group>"): null

27-02-2025T17:34:04 - [TEST_STEP][PASSED] - println(group): null

27-02-2025T17:34:04 - [TEST_STEP][PASSED] - if (group >= 0): null

27-02-2025T17:34:04 - [TEST_STEP][PASSED] - else: null

27-02-2025T17:34:04 - [TEST_STEP][PASSED] - if (include): null

27-02-2025T17:34:04 - [TEST_STEP][PASSED] - line = reader.readLine(): null

27-02-2025T17:34:04 - [TEST_STEP][PASSED] - println(line): null

27-02-2025T17:34:04 - [TEST_STEP][PASSED] - group = line.indexOf("<Group>"): null

27-02-2025T17:34:04 - [TEST_STEP][PASSED] - println(group): null

27-02-2025T17:34:04 - [TEST_STEP][PASSED] - if (group >= 0): null

27-02-2025T17:34:04 - [TEST_STEP][PASSED] - else: null

27-02-2025T17:34:04 - [TEST_STEP][PASSED] - if (include): null

27-02-2025T17:34:04 - [TEST_STEP][PASSED] - line = reader.readLine(): null

27-02-2025T17:34:04 - [TEST_STEP][PASSED] - println(line): null

27-02-2025T17:34:04 - [TEST_STEP][PASSED] - group = line.indexOf("<Group>"): null

27-02-2025T17:34:04 - [TEST_STEP][PASSED] - println(group): null

27-02-2025T17:34:04 - [TEST_STEP][PASSED] - if (group >= 0): null

27-02-2025T17:34:04 - [TEST_STEP][PASSED] - else: null

27-02-2025T17:34:04 - [TEST_STEP][PASSED] - if (include): null

27-02-2025T17:34:04 - [TEST_STEP][PASSED] - line = reader.readLine(): null

27-02-2025T17:34:04 - [TEST_STEP][PASSED] - println(line): null

27-02-2025T17:34:04 - [TEST_STEP][PASSED] - group = line.indexOf("<Group>"): null

27-02-2025T17:34:04 - [TEST_STEP][PASSED] - println(group): null

27-02-2025T17:34:04 - [TEST_STEP][PASSED] - if (group >= 0): null

27-02-2025T17:34:04 - [TEST_STEP][PASSED] - else: null

27-02-2025T17:34:04 - [TEST_STEP][PASSED] - if (include): null

27-02-2025T17:34:04 - [TEST_STEP][PASSED] - line = reader.readLine(): null

27-02-2025T17:34:04 - [TEST_STEP][PASSED] - println(line): null

27-02-2025T17:34:04 - [TEST_STEP][PASSED] - group = line.indexOf("<Group>"): null

27-02-2025T17:34:04 - [TEST_STEP][PASSED] - println(group): null

27-02-2025T17:34:04 - [TEST_STEP][PASSED] - if (group >= 0): null

27-02-2025T17:34:04 - [TEST_STEP][PASSED] - else: null

27-02-2025T17:34:04 - [TEST_STEP][PASSED] - if (include): null

27-02-2025T17:34:04 - [TEST_STEP][PASSED] - line = reader.readLine(): null

27-02-2025T17:34:04 - [TEST_STEP][PASSED] - println(line): null

27-02-2025T17:34:04 - [TEST_STEP][PASSED] - group = line.indexOf("<Group>"): null

27-02-2025T17:34:04 - [TEST_STEP][PASSED] - println(group): null

27-02-2025T17:34:04 - [TEST_STEP][PASSED] - if (group >= 0): null

27-02-2025T17:34:04 - [TEST_STEP][PASSED] - else: null

27-02-2025T17:34:04 - [TEST_STEP][PASSED] - if (include): null

27-02-2025T17:34:04 - [TEST_STEP][PASSED] - line = reader.readLine(): null

27-02-2025T17:34:04 - [TEST_STEP][PASSED] - println(line): null

27-02-2025T17:34:04 - [TEST_STEP][PASSED] - group = line.indexOf("<Group>"): null

27-02-2025T17:34:04 - [TEST_STEP][PASSED] - println(group): null

27-02-2025T17:34:04 - [TEST_STEP][PASSED] - if (group >= 0): null

27-02-2025T17:34:04 - [TEST_STEP][PASSED] - else: null

27-02-2025T17:34:04 - [TEST_STEP][PASSED] - if (include): null

27-02-2025T17:34:04 - [TEST_STEP][PASSED] - line = reader.readLine(): null

27-02-2025T17:34:04 - [TEST_STEP][PASSED] - println(line): null

27-02-2025T17:34:04 - [TEST_STEP][PASSED] - group = line.indexOf("<Group>"): null

27-02-2025T17:34:04 - [TEST_STEP][PASSED] - println(group): null

27-02-2025T17:34:04 - [TEST_STEP][PASSED] - if (group >= 0): null

27-02-2025T17:34:04 - [TEST_STEP][PASSED] - else: null

27-02-2025T17:34:04 - [TEST_STEP][PASSED] - if (include): null

27-02-2025T17:34:04 - [TEST_STEP][PASSED] - line = reader.readLine(): null

27-02-2025T17:34:04 - [TEST_STEP][PASSED] - println(line): null

27-02-2025T17:34:04 - [TEST_STEP][PASSED] - group = line.indexOf("<Group>"): null

27-02-2025T17:34:04 - [TEST_STEP][PASSED] - println(group): null

27-02-2025T17:34:04 - [TEST_STEP][PASSED] - if (group >= 0): null

27-02-2025T17:34:04 - [TEST_STEP][PASSED] - else: null

27-02-2025T17:34:04 - [TEST_STEP][PASSED] - if (include): null

27-02-2025T17:34:04 - [TEST_STEP][PASSED] - line = reader.readLine(): null

27-02-2025T17:34:04 - [TEST_STEP][PASSED] - println(line): null

27-02-2025T17:34:04 - [TEST_STEP][PASSED] - group = line.indexOf("<Group>"): null

27-02-2025T17:34:04 - [TEST_STEP][PASSED] - println(group): null

27-02-2025T17:34:04 - [TEST_STEP][PASSED] - if (group >= 0): null

27-02-2025T17:34:04 - [TEST_STEP][PASSED] - else: null

27-02-2025T17:34:04 - [TEST_STEP][PASSED] - if (include): null

27-02-2025T17:34:04 - [TEST_STEP][PASSED] - line = reader.readLine(): null

27-02-2025T17:34:04 - [TEST_STEP][PASSED] - println(line): null

27-02-2025T17:34:04 - [TEST_STEP][PASSED] - group = line.indexOf("<Group>"): null

27-02-2025T17:34:04 - [TEST_STEP][PASSED] - println(group): null

27-02-2025T17:34:04 - [TEST_STEP][PASSED] - if (group >= 0): null

27-02-2025T17:34:04 - [TEST_STEP][PASSED] - else: null

27-02-2025T17:34:04 - [TEST_STEP][PASSED] - if (include): null

27-02-2025T17:34:04 - [TEST_STEP][PASSED] - line = reader.readLine(): null

27-02-2025T17:34:04 - [TEST_STEP][PASSED] - println(line): null

27-02-2025T17:34:04 - [TEST_STEP][PASSED] - group = line.indexOf("<Group>"): null

27-02-2025T17:34:04 - [TEST_STEP][PASSED] - println(group): null

27-02-2025T17:34:04 - [TEST_STEP][PASSED] - if (group >= 0): null

27-02-2025T17:34:04 - [TEST_STEP][PASSED] - else: null

27-02-2025T17:34:04 - [TEST_STEP][PASSED] - if (include): null

27-02-2025T17:34:04 - [TEST_STEP][PASSED] - line = reader.readLine(): null

27-02-2025T17:34:04 - [TEST_STEP][PASSED] - println(line): null

27-02-2025T17:34:04 - [TEST_STEP][PASSED] - group = line.indexOf("<Group>"): null

27-02-2025T17:34:04 - [TEST_STEP][PASSED] - println(group): null

27-02-2025T17:34:04 - [TEST_STEP][PASSED] - if (group >= 0): null

27-02-2025T17:34:04 - [TEST_STEP][PASSED] - else: null

27-02-2025T17:34:04 - [TEST_STEP][PASSED] - if (include): null

27-02-2025T17:34:04 - [TEST_STEP][PASSED] - line = reader.readLine(): null

27-02-2025T17:34:04 - [TEST_STEP][PASSED] - println(line): null

27-02-2025T17:34:04 - [TEST_STEP][PASSED] - group = line.indexOf("<Group>"): null

27-02-2025T17:34:04 - [TEST_STEP][PASSED] - println(group): null

27-02-2025T17:34:04 - [TEST_STEP][PASSED] - if (group >= 0): null

27-02-2025T17:34:04 - [TEST_STEP][PASSED] - else: null

27-02-2025T17:34:04 - [TEST_STEP][PASSED] - if (include): null

27-02-2025T17:34:04 - [TEST_STEP][PASSED] - line = reader.readLine(): null

27-02-2025T17:34:04 - [TEST_STEP][PASSED] - println(line): null

27-02-2025T17:34:04 - [TEST_STEP][PASSED] - group = line.indexOf("<Group>"): null

27-02-2025T17:34:04 - [TEST_STEP][PASSED] - println(group): null

27-02-2025T17:34:04 - [TEST_STEP][PASSED] - if (group >= 0): null

27-02-2025T17:34:04 - [TEST_STEP][PASSED] - else: null

27-02-2025T17:34:04 - [TEST_STEP][PASSED] - if (include): null

27-02-2025T17:34:04 - [TEST_STEP][PASSED] - line = reader.readLine(): null

27-02-2025T17:34:04 - [TEST_STEP][PASSED] - println(line): null

27-02-2025T17:34:04 - [TEST_STEP][PASSED] - group = line.indexOf("<Group>"): null

27-02-2025T17:34:04 - [TEST_STEP][PASSED] - println(group): null

27-02-2025T17:34:04 - [TEST_STEP][PASSED] - if (group >= 0): null

27-02-2025T17:34:04 - [TEST_STEP][PASSED] - else: null

27-02-2025T17:34:04 - [TEST_STEP][PASSED] - if (include): null

27-02-2025T17:34:04 - [TEST_STEP][PASSED] - line = reader.readLine(): null

27-02-2025T17:34:04 - [TEST_STEP][PASSED] - println(line): null

27-02-2025T17:34:04 - [TEST_STEP][PASSED] - group = line.indexOf("<Group>"): null

27-02-2025T17:34:04 - [TEST_STEP][PASSED] - println(group): null

27-02-2025T17:34:04 - [TEST_STEP][PASSED] - if (group >= 0): null

27-02-2025T17:34:04 - [TEST_STEP][PASSED] - else: null

27-02-2025T17:34:04 - [TEST_STEP][PASSED] - if (include): null

27-02-2025T17:34:04 - [TEST_STEP][PASSED] - line = reader.readLine(): null

27-02-2025T17:34:04 - [TEST_STEP][PASSED] - println(line): null

27-02-2025T17:34:04 - [TEST_STEP][PASSED] - group = line.indexOf("<Group>"): null

27-02-2025T17:34:04 - [TEST_STEP][PASSED] - println(group): null

27-02-2025T17:34:04 - [TEST_STEP][PASSED] - if (group >= 0): null

27-02-2025T17:34:04 - [TEST_STEP][PASSED] - else: null

27-02-2025T17:34:04 - [TEST_STEP][PASSED] - if (include): null

27-02-2025T17:34:04 - [TEST_STEP][PASSED] - line = reader.readLine(): null

27-02-2025T17:34:04 - [TEST_STEP][PASSED] - println(line): null

27-02-2025T17:34:04 - [TEST_STEP][PASSED] - group = line.indexOf("<Group>"): null

27-02-2025T17:34:04 - [TEST_STEP][PASSED] - println(group): null

27-02-2025T17:34:04 - [TEST_STEP][PASSED] - if (group >= 0): null

27-02-2025T17:34:04 - [TEST_STEP][PASSED] - else: null

27-02-2025T17:34:04 - [TEST_STEP][PASSED] - if (include): null

27-02-2025T17:34:04 - [TEST_STEP][PASSED] - line = reader.readLine(): null

27-02-2025T17:34:04 - [TEST_STEP][PASSED] - println(line): null

27-02-2025T17:34:04 - [TEST_STEP][PASSED] - group = line.indexOf("<Group>"): null

27-02-2025T17:34:04 - [TEST_STEP][PASSED] - println(group): null

27-02-2025T17:34:04 - [TEST_STEP][PASSED] - if (group >= 0): null

27-02-2025T17:34:04 - [TEST_STEP][PASSED] - else: null

27-02-2025T17:34:04 - [TEST_STEP][PASSED] - if (include): null

27-02-2025T17:34:04 - [TEST_STEP][PASSED] - line = reader.readLine(): null

27-02-2025T17:34:04 - [TEST_STEP][PASSED] - println(line): null

27-02-2025T17:34:04 - [TEST_STEP][PASSED] - group = line.indexOf("<Group>"): null

27-02-2025T17:34:04 - [TEST_STEP][PASSED] - println(group): null

27-02-2025T17:34:04 - [TEST_STEP][PASSED] - if (group >= 0): null

27-02-2025T17:34:04 - [TEST_STEP][PASSED] - else: null

27-02-2025T17:34:04 - [TEST_STEP][PASSED] - if (include): null

27-02-2025T17:34:04 - [TEST_STEP][PASSED] - line = reader.readLine(): null

27-02-2025T17:34:04 - [TEST_STEP][PASSED] - println(line): null

27-02-2025T17:34:04 - [TEST_STEP][PASSED] - group = line.indexOf("<Group>"): null

27-02-2025T17:34:04 - [TEST_STEP][PASSED] - println(group): null

27-02-2025T17:34:04 - [TEST_STEP][PASSED] - if (group >= 0): null

27-02-2025T17:34:04 - [TEST_STEP][PASSED] - else: null

27-02-2025T17:34:04 - [TEST_STEP][PASSED] - if (include): null

27-02-2025T17:34:04 - [TEST_STEP][PASSED] - line = reader.readLine(): null

27-02-2025T17:34:04 - [TEST_STEP][PASSED] - println(line): null

27-02-2025T17:34:04 - [TEST_STEP][PASSED] - group = line.indexOf("<Group>"): null

27-02-2025T17:34:04 - [TEST_STEP][PASSED] - println(group): null

27-02-2025T17:34:04 - [TEST_STEP][PASSED] - if (group >= 0): null

27-02-2025T17:34:04 - [TEST_STEP][PASSED] - else: null

27-02-2025T17:34:04 - [TEST_STEP][PASSED] - if (include): null

27-02-2025T17:34:04 - [TEST_STEP][PASSED] - line = reader.readLine(): null

27-02-2025T17:34:04 - [TEST_STEP][PASSED] - println(line): null

27-02-2025T17:34:04 - [TEST_STEP][PASSED] - group = line.indexOf("<Group>"): null

27-02-2025T17:34:04 - [TEST_STEP][PASSED] - println(group): null

27-02-2025T17:34:04 - [TEST_STEP][PASSED] - if (group >= 0): null

27-02-2025T17:34:04 - [TEST_STEP][PASSED] - else: null

27-02-2025T17:34:04 - [TEST_STEP][PASSED] - if (include): null

27-02-2025T17:34:04 - [TEST_STEP][PASSED] - line = reader.readLine(): null

27-02-2025T17:34:04 - [TEST_STEP][PASSED] - println(line): null

27-02-2025T17:34:04 - [TEST_STEP][PASSED] - group = line.indexOf("<Group>"): null

27-02-2025T17:34:04 - [TEST_STEP][PASSED] - println(group): null

27-02-2025T17:34:04 - [TEST_STEP][PASSED] - if (group >= 0): null

27-02-2025T17:34:04 - [TEST_STEP][PASSED] - else: null

27-02-2025T17:34:04 - [TEST_STEP][PASSED] - if (include): null

27-02-2025T17:34:04 - [TEST_STEP][PASSED] - line = reader.readLine(): null

27-02-2025T17:34:04 - [TEST_STEP][PASSED] - println(line): null

27-02-2025T17:34:04 - [TEST_STEP][PASSED] - group = line.indexOf("<Group>"): null

27-02-2025T17:34:04 - [TEST_STEP][PASSED] - println(group): null

27-02-2025T17:34:04 - [TEST_STEP][PASSED] - if (group >= 0): null

27-02-2025T17:34:04 - [TEST_STEP][PASSED] - else: null

27-02-2025T17:34:04 - [TEST_STEP][PASSED] - if (include): null

27-02-2025T17:34:04 - [TEST_STEP][PASSED] - line = reader.readLine(): null

27-02-2025T17:34:04 - [TEST_STEP][PASSED] - println(line): null

27-02-2025T17:34:04 - [TEST_STEP][PASSED] - group = line.indexOf("<Group>"): null

27-02-2025T17:34:04 - [TEST_STEP][PASSED] - println(group): null

27-02-2025T17:34:04 - [TEST_STEP][PASSED] - if (group >= 0): null

27-02-2025T17:34:04 - [TEST_STEP][PASSED] - else: null

27-02-2025T17:34:04 - [TEST_STEP][PASSED] - if (include): null

27-02-2025T17:34:04 - [TEST_STEP][PASSED] - line = reader.readLine(): null

27-02-2025T17:34:04 - [TEST_STEP][PASSED] - println(line): null

27-02-2025T17:34:04 - [TEST_STEP][PASSED] - group = line.indexOf("<Group>"): null

27-02-2025T17:34:04 - [TEST_STEP][PASSED] - println(group): null

27-02-2025T17:34:04 - [TEST_STEP][PASSED] - if (group >= 0): null

27-02-2025T17:34:04 - [TEST_STEP][PASSED] - else: null

27-02-2025T17:34:04 - [TEST_STEP][PASSED] - if (include): null

27-02-2025T17:34:04 - [TEST_STEP][PASSED] - line = reader.readLine(): null

27-02-2025T17:34:04 - [TEST_STEP][PASSED] - println(line): null

27-02-2025T17:34:04 - [TEST_STEP][PASSED] - group = line.indexOf("<Group>"): null

27-02-2025T17:34:04 - [TEST_STEP][PASSED] - println(group): null

27-02-2025T17:34:04 - [TEST_STEP][PASSED] - if (group >= 0): null

27-02-2025T17:34:04 - [TEST_STEP][PASSED] - else: null

27-02-2025T17:34:04 - [TEST_STEP][PASSED] - if (include): null

27-02-2025T17:34:04 - [TEST_STEP][PASSED] - line = reader.readLine(): null

27-02-2025T17:34:04 - [TEST_STEP][PASSED] - println(line): null

27-02-2025T17:34:04 - [TEST_STEP][PASSED] - group = line.indexOf("<Group>"): null

27-02-2025T17:34:04 - [TEST_STEP][PASSED] - println(group): null

27-02-2025T17:34:04 - [TEST_STEP][PASSED] - if (group >= 0): null

27-02-2025T17:34:04 - [TEST_STEP][PASSED] - else: null

27-02-2025T17:34:04 - [TEST_STEP][PASSED] - if (include): null

27-02-2025T17:34:04 - [TEST_STEP][PASSED] - line = reader.readLine(): null

27-02-2025T17:34:04 - [TEST_STEP][PASSED] - println(line): null

27-02-2025T17:34:04 - [TEST_STEP][PASSED] - group = line.indexOf("<Group>"): null

27-02-2025T17:34:04 - [TEST_STEP][PASSED] - println(group): null

27-02-2025T17:34:04 - [TEST_STEP][PASSED] - if (group >= 0): null

27-02-2025T17:34:04 - [TEST_STEP][PASSED] - else: null

27-02-2025T17:34:04 - [TEST_STEP][PASSED] - if (include): null

27-02-2025T17:34:04 - [TEST_STEP][PASSED] - line = reader.readLine(): null

27-02-2025T17:34:04 - [TEST_STEP][PASSED] - println(line): null

27-02-2025T17:34:04 - [TEST_STEP][PASSED] - group = line.indexOf("<Group>"): null

27-02-2025T17:34:04 - [TEST_STEP][PASSED] - println(group): null

27-02-2025T17:34:04 - [TEST_STEP][PASSED] - if (group >= 0): null

27-02-2025T17:34:04 - [TEST_STEP][PASSED] - else: null

27-02-2025T17:34:04 - [TEST_STEP][PASSED] - if (include): null

27-02-2025T17:34:04 - [TEST_STEP][PASSED] - line = reader.readLine(): null

27-02-2025T17:34:04 - [TEST_STEP][PASSED] - println(line): null

27-02-2025T17:34:04 - [TEST_STEP][PASSED] - group = line.indexOf("<Group>"): null

27-02-2025T17:34:04 - [TEST_STEP][PASSED] - println(group): null

27-02-2025T17:34:04 - [TEST_STEP][PASSED] - if (group >= 0): null

27-02-2025T17:34:04 - [TEST_STEP][PASSED] - else: null

27-02-2025T17:34:04 - [TEST_STEP][PASSED] - if (include): null

27-02-2025T17:34:04 - [TEST_STEP][PASSED] - line = reader.readLine(): null

27-02-2025T17:34:04 - [TEST_STEP][PASSED] - println(line): null

27-02-2025T17:34:04 - [TEST_STEP][PASSED] - group = line.indexOf("<Group>"): null

27-02-2025T17:34:04 - [TEST_STEP][PASSED] - println(group): null

27-02-2025T17:34:04 - [TEST_STEP][PASSED] - if (group >= 0): null

27-02-2025T17:34:04 - [TEST_STEP][PASSED] - else: null

27-02-2025T17:34:04 - [TEST_STEP][PASSED] - if (include): null

27-02-2025T17:34:04 - [TEST_STEP][PASSED] - line = reader.readLine(): null

27-02-2025T17:34:04 - [TEST_STEP][PASSED] - println(line): null

27-02-2025T17:34:04 - [TEST_STEP][PASSED] - group = line.indexOf("<Group>"): null

27-02-2025T17:34:04 - [TEST_STEP][PASSED] - println(group): null

27-02-2025T17:34:04 - [TEST_STEP][PASSED] - if (group >= 0): null

27-02-2025T17:34:04 - [TEST_STEP][PASSED] - else: null

27-02-2025T17:34:04 - [TEST_STEP][PASSED] - if (include): null

27-02-2025T17:34:04 - [TEST_STEP][PASSED] - line = reader.readLine(): null

27-02-2025T17:34:04 - [TEST_STEP][PASSED] - println(line): null

27-02-2025T17:34:04 - [TEST_STEP][PASSED] - group = line.indexOf("<Group>"): null

27-02-2025T17:34:04 - [TEST_STEP][PASSED] - println(group): null

27-02-2025T17:34:04 - [TEST_STEP][PASSED] - if (group >= 0): null

27-02-2025T17:34:04 - [TEST_STEP][PASSED] - else: null

27-02-2025T17:34:04 - [TEST_STEP][PASSED] - if (include): null

27-02-2025T17:34:04 - [TEST_STEP][PASSED] - line = reader.readLine(): null

27-02-2025T17:34:04 - [TEST_STEP][PASSED] - println(line): null

27-02-2025T17:34:04 - [TEST_STEP][PASSED] - group = line.indexOf("<Group>"): null

27-02-2025T17:34:04 - [TEST_STEP][PASSED] - println(group): null

27-02-2025T17:34:04 - [TEST_STEP][PASSED] - if (group >= 0): null

27-02-2025T17:34:04 - [TEST_STEP][PASSED] - else: null

27-02-2025T17:34:04 - [TEST_STEP][PASSED] - if (include): null

27-02-2025T17:34:04 - [TEST_STEP][PASSED] - line = reader.readLine(): null

27-02-2025T17:34:04 - [TEST_STEP][PASSED] - println(line): null

27-02-2025T17:34:04 - [TEST_STEP][PASSED] - group = line.indexOf("<Group>"): null

27-02-2025T17:34:04 - [TEST_STEP][PASSED] - println(group): null

27-02-2025T17:34:04 - [TEST_STEP][PASSED] - if (group >= 0): null

27-02-2025T17:34:04 - [TEST_STEP][PASSED] - else: null

27-02-2025T17:34:04 - [TEST_STEP][PASSED] - if (include): null

27-02-2025T17:34:04 - [TEST_STEP][PASSED] - line = reader.readLine(): null

27-02-2025T17:34:04 - [TEST_STEP][PASSED] - println(line): null

27-02-2025T17:34:04 - [TEST_STEP][PASSED] - group = line.indexOf("<Group>"): null

27-02-2025T17:34:04 - [TEST_STEP][PASSED] - println(group): null

27-02-2025T17:34:04 - [TEST_STEP][PASSED] - if (group >= 0): null

27-02-2025T17:34:04 - [TEST_STEP][PASSED] - else: null

27-02-2025T17:34:04 - [TEST_STEP][PASSED] - if (include): null

27-02-2025T17:34:04 - [TEST_STEP][PASSED] - line = reader.readLine(): null

27-02-2025T17:34:04 - [TEST_STEP][PASSED] - println(line): null

27-02-2025T17:34:04 - [TEST_STEP][PASSED] - group = line.indexOf("<Group>"): null

27-02-2025T17:34:04 - [TEST_STEP][PASSED] - println(group): null

27-02-2025T17:34:04 - [TEST_STEP][PASSED] - if (group >= 0): null

27-02-2025T17:34:04 - [TEST_STEP][PASSED] - else: null

27-02-2025T17:34:04 - [TEST_STEP][PASSED] - if (include): null

27-02-2025T17:34:04 - [TEST_STEP][PASSED] - line = reader.readLine(): null

27-02-2025T17:34:04 - [TEST_STEP][PASSED] - println(line): null

27-02-2025T17:34:04 - [TEST_STEP][PASSED] - group = line.indexOf("<Group>"): null

27-02-2025T17:34:04 - [TEST_STEP][PASSED] - println(group): null

27-02-2025T17:34:04 - [TEST_STEP][PASSED] - if (group >= 0): null

27-02-2025T17:34:04 - [TEST_STEP][PASSED] - else: null

27-02-2025T17:34:04 - [TEST_STEP][PASSED] - if (include): null

27-02-2025T17:34:04 - [TEST_STEP][PASSED] - line = reader.readLine(): null

27-02-2025T17:34:04 - [TEST_STEP][PASSED] - println(line): null

27-02-2025T17:34:04 - [TEST_STEP][PASSED] - group = line.indexOf("<Group>"): null

27-02-2025T17:34:04 - [TEST_STEP][PASSED] - println(group): null

27-02-2025T17:34:04 - [TEST_STEP][PASSED] - if (group >= 0): null

27-02-2025T17:34:04 - [TEST_STEP][PASSED] - else: null

27-02-2025T17:34:04 - [TEST_STEP][PASSED] - if (include): null

27-02-2025T17:34:04 - [TEST_STEP][PASSED] - line = reader.readLine(): null

27-02-2025T17:34:04 - [TEST_STEP][PASSED] - println(line): null

27-02-2025T17:34:04 - [TEST_STEP][PASSED] - group = line.indexOf("<Group>"): null

27-02-2025T17:34:04 - [TEST_STEP][PASSED] - println(group): null

27-02-2025T17:34:04 - [TEST_STEP][PASSED] - if (group >= 0): null

27-02-2025T17:34:04 - [TEST_STEP][PASSED] - selections = line.substring(group + 7, line.length() - 1): null

27-02-2025T17:34:04 - [TEST_STEP][PASSED] - println(selections): null

27-02-2025T17:34:04 - [TEST_STEP][PASSED] - if (selections == varSelections): null

27-02-2025T17:34:04 - [TEST_STEP][PASSED] - include = true: null

27-02-2025T17:34:04 - [TEST_STEP][PASSED] - line = reader.readLine(): null

27-02-2025T17:34:04 - [TEST_STEP][PASSED] - println(line): null

27-02-2025T17:34:04 - [TEST_STEP][PASSED] - group = line.indexOf("<Group>"): null

27-02-2025T17:34:04 - [TEST_STEP][PASSED] - println(group): null

27-02-2025T17:34:04 - [TEST_STEP][PASSED] - if (group >= 0): null

27-02-2025T17:34:04 - [TEST_STEP][PASSED] - else: null

27-02-2025T17:34:04 - [TEST_STEP][PASSED] - if (include): null

27-02-2025T17:34:04 - [TEST_STEP][PASSED] - println(line): null

27-02-2025T17:34:04 - [TEST_STEP][PASSED] - comma = line.indexOf(",y"): null

27-02-2025T17:34:04 - [TEST_STEP][PASSED] - if (comma > 0): null

27-02-2025T17:34:04 - [TEST_STEP][PASSED] - line = reader.readLine(): null

27-02-2025T17:34:04 - [TEST_STEP][PASSED] - println(line): null

27-02-2025T17:34:04 - [TEST_STEP][PASSED] - group = line.indexOf("<Group>"): null

27-02-2025T17:34:04 - [TEST_STEP][PASSED] - println(group): null

27-02-2025T17:34:04 - [TEST_STEP][PASSED] - if (group >= 0): null

27-02-2025T17:34:04 - [TEST_STEP][PASSED] - else: null

27-02-2025T17:34:04 - [TEST_STEP][PASSED] - if (include): null

27-02-2025T17:34:04 - [TEST_STEP][PASSED] - println(line): null

27-02-2025T17:34:04 - [TEST_STEP][PASSED] - comma = line.indexOf(",y"): null

27-02-2025T17:34:04 - [TEST_STEP][PASSED] - if (comma > 0): null

27-02-2025T17:34:04 - [TEST_STEP][PASSED] - line = reader.readLine(): null

27-02-2025T17:34:04 - [TEST_STEP][PASSED] - println(line): null

27-02-2025T17:34:04 - [TEST_STEP][PASSED] - group = line.indexOf("<Group>"): null

27-02-2025T17:34:04 - [TEST_STEP][PASSED] - println(group): null

27-02-2025T17:34:04 - [TEST_STEP][PASSED] - if (group >= 0): null

27-02-2025T17:34:04 - [TEST_STEP][PASSED] - else: null

27-02-2025T17:34:04 - [TEST_STEP][PASSED] - if (include): null

27-02-2025T17:34:04 - [TEST_STEP][PASSED] - println(line): null

27-02-2025T17:34:04 - [TEST_STEP][PASSED] - comma = line.indexOf(",y"): null

27-02-2025T17:34:04 - [TEST_STEP][PASSED] - if (comma > 0): null

27-02-2025T17:34:04 - [TEST_STEP][PASSED] - commaCount = StringUtils.countMatches(line, ","): null

27-02-2025T17:34:04 - [TEST_STEP][PASSED] - if (commaCount > 1): null

27-02-2025T17:34:04 - [TEST_STEP][PASSED] - else: null

27-02-2025T17:34:04 - [TEST_STEP][PASSED] - label = line.substring(1, comma): null

27-02-2025T17:34:04 - [TEST_STEP][PASSED] - println(label): null

27-02-2025T17:34:04 - [TEST_STEP][PASSED] - checked.add(label): null

27-02-2025T17:34:04 - [TEST_STEP][PASSED] - line = reader.readLine(): null

27-02-2025T17:34:04 - [TEST_STEP][PASSED] - println(line): null

27-02-2025T17:34:04 - [TEST_STEP][PASSED] - group = line.indexOf("<Group>"): null

27-02-2025T17:34:04 - [TEST_STEP][PASSED] - println(group): null

27-02-2025T17:34:04 - [TEST_STEP][PASSED] - if (group >= 0): null

27-02-2025T17:34:04 - [TEST_STEP][PASSED] - else: null

27-02-2025T17:34:04 - [TEST_STEP][PASSED] - if (include): null

27-02-2025T17:34:04 - [TEST_STEP][PASSED] - println(line): null

27-02-2025T17:34:04 - [TEST_STEP][PASSED] - comma = line.indexOf(",y"): null

27-02-2025T17:34:04 - [TEST_STEP][PASSED] - if (comma > 0): null

27-02-2025T17:34:04 - [TEST_STEP][PASSED] - commaCount = StringUtils.countMatches(line, ","): null

27-02-2025T17:34:04 - [TEST_STEP][PASSED] - if (commaCount > 1): null

27-02-2025T17:34:04 - [TEST_STEP][PASSED] - else: null

27-02-2025T17:34:04 - [TEST_STEP][PASSED] - label = line.substring(1, comma): null

27-02-2025T17:34:04 - [TEST_STEP][PASSED] - println(label): null

27-02-2025T17:34:04 - [TEST_STEP][PASSED] - checked.add(label): null

27-02-2025T17:34:04 - [TEST_STEP][PASSED] - line = reader.readLine(): null

27-02-2025T17:34:04 - [TEST_STEP][PASSED] - println(line): null

27-02-2025T17:34:04 - [TEST_STEP][PASSED] - group = line.indexOf("<Group>"): null

27-02-2025T17:34:04 - [TEST_STEP][PASSED] - println(group): null

27-02-2025T17:34:04 - [TEST_STEP][PASSED] - if (group >= 0): null

27-02-2025T17:34:04 - [TEST_STEP][PASSED] - else: null

27-02-2025T17:34:04 - [TEST_STEP][PASSED] - if (include): null

27-02-2025T17:34:04 - [TEST_STEP][PASSED] - println(line): null

27-02-2025T17:34:04 - [TEST_STEP][PASSED] - comma = line.indexOf(",y"): null

27-02-2025T17:34:04 - [TEST_STEP][PASSED] - if (comma > 0): null

27-02-2025T17:34:04 - [TEST_STEP][PASSED] - line = reader.readLine(): null

27-02-2025T17:34:04 - [TEST_STEP][PASSED] - println(line): null

27-02-2025T17:34:04 - [TEST_STEP][PASSED] - group = line.indexOf("<Group>"): null

27-02-2025T17:34:04 - [TEST_STEP][PASSED] - println(group): null

27-02-2025T17:34:04 - [TEST_STEP][PASSED] - if (group >= 0): null

27-02-2025T17:34:04 - [TEST_STEP][PASSED] - else: null

27-02-2025T17:34:04 - [TEST_STEP][PASSED] - if (include): null

27-02-2025T17:34:04 - [TEST_STEP][PASSED] - println(line): null

27-02-2025T17:34:04 - [TEST_STEP][PASSED] - comma = line.indexOf(",y"): null

27-02-2025T17:34:04 - [TEST_STEP][PASSED] - if (comma > 0): null

27-02-2025T17:34:04 - [TEST_STEP][PASSED] - line = reader.readLine(): null

27-02-2025T17:34:04 - [TEST_STEP][PASSED] - println(line): null

27-02-2025T17:34:04 - [TEST_STEP][PASSED] - group = line.indexOf("<Group>"): null

27-02-2025T17:34:04 - [TEST_STEP][PASSED] - println(group): null

27-02-2025T17:34:04 - [TEST_STEP][PASSED] - if (group >= 0): null

27-02-2025T17:34:04 - [TEST_STEP][PASSED] - else: null

27-02-2025T17:34:04 - [TEST_STEP][PASSED] - if (include): null

27-02-2025T17:34:04 - [TEST_STEP][PASSED] - println(line): null

27-02-2025T17:34:04 - [TEST_STEP][PASSED] - comma = line.indexOf(",y"): null

27-02-2025T17:34:04 - [TEST_STEP][PASSED] - if (comma > 0): null

27-02-2025T17:34:04 - [TEST_STEP][PASSED] - line = reader.readLine(): null

27-02-2025T17:34:04 - [TEST_STEP][PASSED] - println(line): null

27-02-2025T17:34:04 - [TEST_STEP][PASSED] - group = line.indexOf("<Group>"): null

27-02-2025T17:34:04 - [TEST_STEP][PASSED] - println(group): null

27-02-2025T17:34:04 - [TEST_STEP][PASSED] - if (group >= 0): null

27-02-2025T17:34:04 - [TEST_STEP][PASSED] - else: null

27-02-2025T17:34:04 - [TEST_STEP][PASSED] - if (include): null

27-02-2025T17:34:04 - [TEST_STEP][PASSED] - println(line): null

27-02-2025T17:34:04 - [TEST_STEP][PASSED] - comma = line.indexOf(",y"): null

27-02-2025T17:34:04 - [TEST_STEP][PASSED] - if (comma > 0): null

27-02-2025T17:34:04 - [TEST_STEP][PASSED] - line = reader.readLine(): null

27-02-2025T17:34:04 - [TEST_STEP][PASSED] - println(line): null

27-02-2025T17:34:04 - [TEST_STEP][PASSED] - group = line.indexOf("<Group>"): null

27-02-2025T17:34:04 - [TEST_STEP][PASSED] - println(group): null

27-02-2025T17:34:04 - [TEST_STEP][PASSED] - if (group >= 0): null

27-02-2025T17:34:04 - [TEST_STEP][PASSED] - else: null

27-02-2025T17:34:04 - [TEST_STEP][PASSED] - if (include): null

27-02-2025T17:34:04 - [TEST_STEP][PASSED] - println(line): null

27-02-2025T17:34:04 - [TEST_STEP][PASSED] - comma = line.indexOf(",y"): null

27-02-2025T17:34:04 - [TEST_STEP][PASSED] - if (comma > 0): null

27-02-2025T17:34:04 - [TEST_STEP][PASSED] - line = reader.readLine(): null

27-02-2025T17:34:04 - [TEST_STEP][PASSED] - println(line): null

27-02-2025T17:34:04 - [TEST_STEP][PASSED] - group = line.indexOf("<Group>"): null

27-02-2025T17:34:04 - [TEST_STEP][PASSED] - println(group): null

27-02-2025T17:34:04 - [TEST_STEP][PASSED] - if (group >= 0): null

27-02-2025T17:34:04 - [TEST_STEP][PASSED] - else: null

27-02-2025T17:34:04 - [TEST_STEP][PASSED] - if (include): null

27-02-2025T17:34:04 - [TEST_STEP][PASSED] - println(line): null

27-02-2025T17:34:04 - [TEST_STEP][PASSED] - comma = line.indexOf(",y"): null

27-02-2025T17:34:04 - [TEST_STEP][PASSED] - if (comma > 0): null

27-02-2025T17:34:04 - [TEST_STEP][PASSED] - commaCount = StringUtils.countMatches(line, ","): null

27-02-2025T17:34:04 - [TEST_STEP][PASSED] - if (commaCount > 1): null

27-02-2025T17:34:04 - [TEST_STEP][PASSED] - else: null

27-02-2025T17:34:04 - [TEST_STEP][PASSED] - label = line.substring(1, comma): null

27-02-2025T17:34:04 - [TEST_STEP][PASSED] - println(label): null

27-02-2025T17:34:04 - [TEST_STEP][PASSED] - checked.add(label): null

27-02-2025T17:34:04 - [TEST_STEP][PASSED] - line = reader.readLine(): null

27-02-2025T17:34:04 - [TEST_STEP][PASSED] - println(line): null

27-02-2025T17:34:04 - [TEST_STEP][PASSED] - group = line.indexOf("<Group>"): null

27-02-2025T17:34:04 - [TEST_STEP][PASSED] - println(group): null

27-02-2025T17:34:04 - [TEST_STEP][PASSED] - if (group >= 0): null

27-02-2025T17:34:04 - [TEST_STEP][PASSED] - else: null

27-02-2025T17:34:04 - [TEST_STEP][PASSED] - if (include): null

27-02-2025T17:34:04 - [TEST_STEP][PASSED] - println(line): null

27-02-2025T17:34:04 - [TEST_STEP][PASSED] - comma = line.indexOf(",y"): null

27-02-2025T17:34:04 - [TEST_STEP][PASSED] - if (comma > 0): null

27-02-2025T17:34:04 - [TEST_STEP][PASSED] - commaCount = StringUtils.countMatches(line, ","): null

27-02-2025T17:34:04 - [TEST_STEP][PASSED] - if (commaCount > 1): null

27-02-2025T17:34:04 - [TEST_STEP][PASSED] - else: null

27-02-2025T17:34:04 - [TEST_STEP][PASSED] - label = line.substring(1, comma): null

27-02-2025T17:34:04 - [TEST_STEP][PASSED] - println(label): null

27-02-2025T17:34:04 - [TEST_STEP][PASSED] - checked.add(label): null

27-02-2025T17:34:04 - [TEST_STEP][PASSED] - line = reader.readLine(): null

27-02-2025T17:34:04 - [TEST_STEP][PASSED] - println(line): null

27-02-2025T17:34:04 - [TEST_STEP][PASSED] - group = line.indexOf("<Group>"): null

27-02-2025T17:34:04 - [TEST_STEP][PASSED] - println(group): null

27-02-2025T17:34:04 - [TEST_STEP][PASSED] - if (group >= 0): null

27-02-2025T17:34:04 - [TEST_STEP][PASSED] - else: null

27-02-2025T17:34:04 - [TEST_STEP][PASSED] - if (include): null

27-02-2025T17:34:04 - [TEST_STEP][PASSED] - println(line): null

27-02-2025T17:34:04 - [TEST_STEP][PASSED] - comma = line.indexOf(",y"): null

27-02-2025T17:34:04 - [TEST_STEP][PASSED] - if (comma > 0): null

27-02-2025T17:34:04 - [TEST_STEP][PASSED] - line = reader.readLine(): null

27-02-2025T17:34:04 - [TEST_STEP][PASSED] - println(line): null

27-02-2025T17:34:04 - [TEST_STEP][PASSED] - group = line.indexOf("<Group>"): null

27-02-2025T17:34:04 - [TEST_STEP][PASSED] - println(group): null

27-02-2025T17:34:04 - [TEST_STEP][PASSED] - if (group >= 0): null

27-02-2025T17:34:04 - [TEST_STEP][PASSED] - else: null

27-02-2025T17:34:04 - [TEST_STEP][PASSED] - if (include): null

27-02-2025T17:34:04 - [TEST_STEP][PASSED] - println(line): null

27-02-2025T17:34:04 - [TEST_STEP][PASSED] - comma = line.indexOf(",y"): null

27-02-2025T17:34:04 - [TEST_STEP][PASSED] - if (comma > 0): null

27-02-2025T17:34:04 - [TEST_STEP][PASSED] - line = reader.readLine(): null

27-02-2025T17:34:04 - [TEST_STEP][PASSED] - println(line): null

27-02-2025T17:34:04 - [TEST_STEP][PASSED] - group = line.indexOf("<Group>"): null

27-02-2025T17:34:04 - [TEST_STEP][PASSED] - println(group): null

27-02-2025T17:34:04 - [TEST_STEP][PASSED] - if (group >= 0): null

27-02-2025T17:34:04 - [TEST_STEP][PASSED] - else: null

27-02-2025T17:34:04 - [TEST_STEP][PASSED] - if (include): null

27-02-2025T17:34:04 - [TEST_STEP][PASSED] - println(line): null

27-02-2025T17:34:04 - [TEST_STEP][PASSED] - comma = line.indexOf(",y"): null

27-02-2025T17:34:04 - [TEST_STEP][PASSED] - if (comma > 0): null

27-02-2025T17:34:04 - [TEST_STEP][PASSED] - line = reader.readLine(): null

27-02-2025T17:34:04 - [TEST_STEP][PASSED] - println(line): null

27-02-2025T17:34:04 - [TEST_STEP][PASSED] - group = line.indexOf("<Group>"): null

27-02-2025T17:34:04 - [TEST_STEP][PASSED] - println(group): null

27-02-2025T17:34:04 - [TEST_STEP][PASSED] - if (group >= 0): null

27-02-2025T17:34:04 - [TEST_STEP][PASSED] - else: null

27-02-2025T17:34:04 - [TEST_STEP][PASSED] - if (include): null

27-02-2025T17:34:04 - [TEST_STEP][PASSED] - println(line): null

27-02-2025T17:34:04 - [TEST_STEP][PASSED] - comma = line.indexOf(",y"): null

27-02-2025T17:34:04 - [TEST_STEP][PASSED] - if (comma > 0): null

27-02-2025T17:34:04 - [TEST_STEP][PASSED] - line = reader.readLine(): null

27-02-2025T17:34:04 - [TEST_STEP][PASSED] - println(line): null

27-02-2025T17:34:04 - [TEST_STEP][PASSED] - group = line.indexOf("<Group>"): null

27-02-2025T17:34:04 - [TEST_STEP][PASSED] - println(group): null

27-02-2025T17:34:04 - [TEST_STEP][PASSED] - if (group >= 0): null

27-02-2025T17:34:04 - [TEST_STEP][PASSED] - else: null

27-02-2025T17:34:04 - [TEST_STEP][PASSED] - if (include): null

27-02-2025T17:34:04 - [TEST_STEP][PASSED] - println(line): null

27-02-2025T17:34:04 - [TEST_STEP][PASSED] - comma = line.indexOf(",y"): null

27-02-2025T17:34:04 - [TEST_STEP][PASSED] - if (comma > 0): null

27-02-2025T17:34:04 - [TEST_STEP][PASSED] - commaCount = StringUtils.countMatches(line, ","): null

27-02-2025T17:34:04 - [TEST_STEP][PASSED] - if (commaCount > 1): null

27-02-2025T17:34:04 - [TEST_STEP][PASSED] - else: null

27-02-2025T17:34:04 - [TEST_STEP][PASSED] - label = line.substring(1, comma): null

27-02-2025T17:34:04 - [TEST_STEP][PASSED] - println(label): null

27-02-2025T17:34:04 - [TEST_STEP][PASSED] - checked.add(label): null

27-02-2025T17:34:04 - [TEST_STEP][PASSED] - line = reader.readLine(): null

27-02-2025T17:34:04 - [TEST_STEP][PASSED] - println(line): null

27-02-2025T17:34:04 - [TEST_STEP][PASSED] - group = line.indexOf("<Group>"): null

27-02-2025T17:34:04 - [TEST_STEP][PASSED] - println(group): null

27-02-2025T17:34:04 - [TEST_STEP][PASSED] - if (group >= 0): null

27-02-2025T17:34:04 - [TEST_STEP][PASSED] - else: null

27-02-2025T17:34:04 - [TEST_STEP][PASSED] - if (include): null

27-02-2025T17:34:04 - [TEST_STEP][PASSED] - println(line): null

27-02-2025T17:34:04 - [TEST_STEP][PASSED] - comma = line.indexOf(",y"): null

27-02-2025T17:34:04 - [TEST_STEP][PASSED] - if (comma > 0): null

27-02-2025T17:34:04 - [TEST_STEP][PASSED] - commaCount = StringUtils.countMatches(line, ","): null

27-02-2025T17:34:04 - [TEST_STEP][PASSED] - if (commaCount > 1): null

27-02-2025T17:34:04 - [TEST_STEP][PASSED] - else: null

27-02-2025T17:34:04 - [TEST_STEP][PASSED] - label = line.substring(1, comma): null

27-02-2025T17:34:04 - [TEST_STEP][PASSED] - println(label): null

27-02-2025T17:34:04 - [TEST_STEP][PASSED] - checked.add(label): null

27-02-2025T17:34:04 - [TEST_STEP][PASSED] - line = reader.readLine(): null

27-02-2025T17:34:04 - [TEST_STEP][PASSED] - println(line): null

27-02-2025T17:34:04 - [TEST_STEP][PASSED] - group = line.indexOf("<Group>"): null

27-02-2025T17:34:04 - [TEST_STEP][PASSED] - println(group): null

27-02-2025T17:34:04 - [TEST_STEP][PASSED] - if (group >= 0): null

27-02-2025T17:34:04 - [TEST_STEP][PASSED] - else: null

27-02-2025T17:34:04 - [TEST_STEP][PASSED] - if (include): null

27-02-2025T17:34:04 - [TEST_STEP][PASSED] - println(line): null

27-02-2025T17:34:04 - [TEST_STEP][PASSED] - comma = line.indexOf(",y"): null

27-02-2025T17:34:04 - [TEST_STEP][PASSED] - if (comma > 0): null

27-02-2025T17:34:04 - [TEST_STEP][PASSED] - line = reader.readLine(): null

27-02-2025T17:34:04 - [TEST_STEP][PASSED] - println(line): null

27-02-2025T17:34:04 - [TEST_STEP][PASSED] - group = line.indexOf("<Group>"): null

27-02-2025T17:34:04 - [TEST_STEP][PASSED] - println(group): null

27-02-2025T17:34:04 - [TEST_STEP][PASSED] - if (group >= 0): null

27-02-2025T17:34:04 - [TEST_STEP][PASSED] - else: null

27-02-2025T17:34:04 - [TEST_STEP][PASSED] - if (include): null

27-02-2025T17:34:04 - [TEST_STEP][PASSED] - println(line): null

27-02-2025T17:34:04 - [TEST_STEP][PASSED] - comma = line.indexOf(",y"): null

27-02-2025T17:34:04 - [TEST_STEP][PASSED] - if (comma > 0): null

27-02-2025T17:34:04 - [TEST_STEP][PASSED] - line = reader.readLine(): null

27-02-2025T17:34:04 - [TEST_STEP][PASSED] - println(line): null

27-02-2025T17:34:04 - [TEST_STEP][PASSED] - group = line.indexOf("<Group>"): null

27-02-2025T17:34:04 - [TEST_STEP][PASSED] - println(group): null

27-02-2025T17:34:04 - [TEST_STEP][PASSED] - if (group >= 0): null

27-02-2025T17:34:04 - [TEST_STEP][PASSED] - else: null

27-02-2025T17:34:04 - [TEST_STEP][PASSED] - if (include): null

27-02-2025T17:34:04 - [TEST_STEP][PASSED] - println(line): null

27-02-2025T17:34:04 - [TEST_STEP][PASSED] - comma = line.indexOf(",y"): null

27-02-2025T17:34:04 - [TEST_STEP][PASSED] - if (comma > 0): null

27-02-2025T17:34:04 - [TEST_STEP][PASSED] - line = reader.readLine(): null

27-02-2025T17:34:04 - [TEST_STEP][PASSED] - println(line): null

27-02-2025T17:34:04 - [TEST_STEP][PASSED] - group = line.indexOf("<Group>"): null

27-02-2025T17:34:04 - [TEST_STEP][PASSED] - println(group): null

27-02-2025T17:34:04 - [TEST_STEP][PASSED] - if (group >= 0): null

27-02-2025T17:34:04 - [TEST_STEP][PASSED] - else: null

27-02-2025T17:34:04 - [TEST_STEP][PASSED] - if (include): null

27-02-2025T17:34:04 - [TEST_STEP][PASSED] - println(line): null

27-02-2025T17:34:04 - [TEST_STEP][PASSED] - comma = line.indexOf(",y"): null

27-02-2025T17:34:04 - [TEST_STEP][PASSED] - if (comma > 0): null

27-02-2025T17:34:04 - [TEST_STEP][PASSED] - line = reader.readLine(): null

27-02-2025T17:34:04 - [TEST_STEP][PASSED] - println(line): null

27-02-2025T17:34:04 - [TEST_STEP][PASSED] - group = line.indexOf("<Group>"): null

27-02-2025T17:34:04 - [TEST_STEP][PASSED] - println(group): null

27-02-2025T17:34:04 - [TEST_STEP][PASSED] - if (group >= 0): null

27-02-2025T17:34:04 - [TEST_STEP][PASSED] - else: null

27-02-2025T17:34:04 - [TEST_STEP][PASSED] - if (include): null

27-02-2025T17:34:04 - [TEST_STEP][PASSED] - println(line): null

27-02-2025T17:34:04 - [TEST_STEP][PASSED] - comma = line.indexOf(",y"): null

27-02-2025T17:34:04 - [TEST_STEP][PASSED] - if (comma > 0): null

27-02-2025T17:34:04 - [TEST_STEP][PASSED] - line = reader.readLine(): null

27-02-2025T17:34:04 - [TEST_STEP][PASSED] - println(line): null

27-02-2025T17:34:04 - [TEST_STEP][PASSED] - group = line.indexOf("<Group>"): null

27-02-2025T17:34:04 - [TEST_STEP][PASSED] - println(group): null

27-02-2025T17:34:04 - [TEST_STEP][PASSED] - if (group >= 0): null

27-02-2025T17:34:04 - [TEST_STEP][PASSED] - else: null

27-02-2025T17:34:04 - [TEST_STEP][PASSED] - if (include): null

27-02-2025T17:34:04 - [TEST_STEP][PASSED] - println(line): null

27-02-2025T17:34:04 - [TEST_STEP][PASSED] - comma = line.indexOf(",y"): null

27-02-2025T17:34:04 - [TEST_STEP][PASSED] - if (comma > 0): null

27-02-2025T17:34:04 - [TEST_STEP][PASSED] - commaCount = StringUtils.countMatches(line, ","): null

27-02-2025T17:34:04 - [TEST_STEP][PASSED] - if (commaCount > 1): null

27-02-2025T17:34:04 - [TEST_STEP][PASSED] - else: null

27-02-2025T17:34:04 - [TEST_STEP][PASSED] - label = line.substring(1, comma): null

27-02-2025T17:34:04 - [TEST_STEP][PASSED] - println(label): null

27-02-2025T17:34:04 - [TEST_STEP][PASSED] - checked.add(label): null

27-02-2025T17:34:04 - [TEST_STEP][PASSED] - line = reader.readLine(): null

27-02-2025T17:34:04 - [TEST_STEP][PASSED] - println(line): null

27-02-2025T17:34:04 - [TEST_STEP][PASSED] - group = line.indexOf("<Group>"): null

27-02-2025T17:34:04 - [TEST_STEP][PASSED] - println(group): null

27-02-2025T17:34:04 - [TEST_STEP][PASSED] - if (group >= 0): null

27-02-2025T17:34:04 - [TEST_STEP][PASSED] - else: null

27-02-2025T17:34:04 - [TEST_STEP][PASSED] - if (include): null

27-02-2025T17:34:04 - [TEST_STEP][PASSED] - println(line): null

27-02-2025T17:34:04 - [TEST_STEP][PASSED] - comma = line.indexOf(",y"): null

27-02-2025T17:34:04 - [TEST_STEP][PASSED] - if (comma > 0): null

27-02-2025T17:34:04 - [TEST_STEP][PASSED] - line = reader.readLine(): null

27-02-2025T17:34:04 - [TEST_STEP][PASSED] - println(line): null

27-02-2025T17:34:04 - [TEST_STEP][PASSED] - group = line.indexOf("<Group>"): null

27-02-2025T17:34:04 - [TEST_STEP][PASSED] - println(group): null

27-02-2025T17:34:04 - [TEST_STEP][PASSED] - if (group >= 0): null

27-02-2025T17:34:04 - [TEST_STEP][PASSED] - else: null

27-02-2025T17:34:04 - [TEST_STEP][PASSED] - if (include): null

27-02-2025T17:34:04 - [TEST_STEP][PASSED] - println(line): null

27-02-2025T17:34:04 - [TEST_STEP][PASSED] - comma = line.indexOf(",y"): null

27-02-2025T17:34:04 - [TEST_STEP][PASSED] - if (comma > 0): null

27-02-2025T17:34:04 - [TEST_STEP][PASSED] - line = reader.readLine(): null

27-02-2025T17:34:04 - [TEST_STEP][PASSED] - frame.dispose(): null

27-02-2025T17:34:04 - [TEST_STEP][PASSED] - reader.close(): null

27-02-2025T17:34:04 - [TEST_STEP][PASSED] - println(checked): null

27-02-2025T17:34:04 - [TEST_STEP][PASSED] - return checked: null

27-02-2025T17:34:04 - [MESSAGE][PASSED] - Call Test Case 'Test Cases/_Functions/Get Selections from CSV File' successfully

27-02-2025T17:34:04 - [TEST_STEP][PASSED] - it_comments = "My strongest language skills are in Python": null

27-02-2025T17:34:04 - [TEST_STEP][PASSED] - callTestCase(findTestCase("Journey Candidate Profile/Tabs/Set IT Skills and Interest"), ["varIT_job_categories":categories, "varIT_proficiencies":proficiencies, "varComputer_languages":languages, "varIT_comments":it_comments], STOP_ON_FAILURE): Call Test Case 'Test Cases/Journey Candidate Profile/Tabs/Set IT Skills and Interest' successfully

27-02-2025T17:34:04 - [TEST_CASE][PASSED] - Test Cases/Journey Candidate Profile/Tabs/Set IT Skills and Interest: Test Cases/Journey Candidate Profile/Tabs/Set IT Skills and Interest

27-02-2025T17:34:04 - [TEST_STEP][PASSED] - username = username: null

27-02-2025T17:34:04 - [TEST_STEP][PASSED] - if (username != "cktest05jc"): null

27-02-2025T17:34:04 - [TEST_STEP][PASSED] - domain = domain: null

27-02-2025T17:34:04 - [TEST_STEP][PASSED] - writeFile = false: null

27-02-2025T17:34:04 - [TEST_STEP][PASSED] - testName = "Journey Candidate IT Skills and Interest Tab": null

27-02-2025T17:34:04 - [TEST_STEP][PASSED] - outFile = callTestCase(findTestCase("_Functions/Set Output File"), ["varTestName":testName], STOP_ON_FAILURE): Call Test Case 'Test Cases/_Functions/Set Output File' successfully

27-02-2025T17:34:04 - [TEST_CASE][PASSED] - Test Cases/_Functions/Set Output File: Test Cases/_Functions/Set Output File

27-02-2025T17:34:04 - [TEST_STEP][PASSED] - testName = varTestName: null

27-02-2025T17:34:04 - [TEST_STEP][PASSED] - domain = domain: null

27-02-2025T17:34:04 - [TEST_STEP][PASSED] - writeFile = false: null

27-02-2025T17:34:04 - [TEST_STEP][PASSED] - if (outFile != ""): null

27-02-2025T17:34:04 - [TEST_STEP][PASSED] - myFile = outFile: null

27-02-2025T17:34:04 - [TEST_STEP][PASSED] - println(myFile): null

27-02-2025T17:34:04 - [TEST_STEP][PASSED] - outFile = new java.io.File(myFile): null

27-02-2025T17:34:04 - [TEST_STEP][PASSED] - writeFile = true: null

27-02-2025T17:34:04 - [TEST_STEP][PASSED] - if (!(writeFile)): null

27-02-2025T17:34:04 - [TEST_STEP][PASSED] - else: null

27-02-2025T17:34:04 - [TEST_STEP][PASSED] - outFile.append("
Testing " + testName + " on " + domain + ".
"): null

27-02-2025T17:34:04 - [TEST_STEP][PASSED] - return outFile: null

27-02-2025T17:34:04 - [MESSAGE][PASSED] - Call Test Case 'Test Cases/_Functions/Set Output File' successfully

27-02-2025T17:34:04 - [TEST_STEP][PASSED] - parms = [varIT_job_categories, varIT_proficiencies, varComputer_languages]: null

27-02-2025T17:34:04 - [TEST_STEP][PASSED] - it_job_categories = "//input[@id='profile_group-1694660169.099_it_job_categories']": null

27-02-2025T17:34:04 - [TEST_STEP][PASSED] - it_proficiencies = "//input[@id='profile_group-1694660169.099_it_proficiencies']": null

27-02-2025T17:34:04 - [TEST_STEP][PASSED] - computer_languages = "//input[@id='profile_group-1694660169.099_computer_languages']": null

27-02-2025T17:34:04 - [TEST_STEP][PASSED] - xpaths = [it_job_categories, it_proficiencies, computer_languages]: null

27-02-2025T17:34:04 - [TEST_STEP][PASSED] - tooltipImagePath = "/Users/cckozie/git/MissionNext-Katalon-Koz/images/journey candidate/journey skills and interest/": null

27-02-2025T17:34:04 - [TEST_STEP][PASSED] - testObjectFolder = "Journey Candidate Profile/Tabs/IT Skills and Interest/": null

27-02-2025T17:34:04 - [TEST_STEP][PASSED] - tooltips = ["dummy":"dummy", "Computer Languages":"img_Computer Languages_field-tooltip"]: null

27-02-2025T17:34:04 - [TEST_STEP][PASSED] - tooltipText = ["Computer Languages":"Programming languages that you know. Some not on the list? Add those in a comment area below. Not a programmer? Indicate below. "]: null

27-02-2025T17:34:04 - [TEST_STEP][PASSED] - requiredFieldMsgs = []: null

27-02-2025T17:34:04 - [TEST_STEP][PASSED] - click(findTestObject("Object Repository/Journey Candidate Profile/Tabs/a_IT Skills and Interest")): Object: 'Object Repository/Journey Candidate Profile/Tabs/a_IT Skills and Interest' is clicked on

27-02-2025T17:34:04 - [MESSAGE][PASSED] - Object: 'Object Repository/Journey Candidate Profile/Tabs/a_IT Skills and Interest' is clicked on

27-02-2025T17:34:04 - [TEST_STEP][PASSED] - tooltipTextMap = callTestCase(findTestCase("_Functions/Get Screenshot and Tooltip Text"), ["varExtension":testName], STOP_ON_FAILURE): Call Test Case 'Test Cases/_Functions/Get Screenshot and Tooltip Text' successfully

27-02-2025T17:34:04 - [TEST_CASE][PASSED] - Test Cases/_Functions/Get Screenshot and Tooltip Text: Test Cases/_Functions/Get Screenshot and Tooltip Text

27-02-2025T17:34:04 - [TEST_STEP][PASSED] - if (fastPath): null

27-02-2025T17:34:04 - [TEST_STEP][PASSED] - frame = new javax.swing.JFrame(): null

27-02-2025T17:34:04 - [TEST_STEP][PASSED] - p = new javax.swing.JPanel(): null

27-02-2025T17:34:04 - [TEST_STEP][PASSED] - l = new javax.swing.JLabel(Getting screenshot and tooltip text..., javax.swing.SwingConstants.CENTER): null

27-02-2025T17:34:04 - [TEST_STEP][PASSED] - frame.add(l): null

27-02-2025T17:34:04 - [TEST_STEP][PASSED] - frame.setSize(300, 100): null

27-02-2025T17:34:04 - [TEST_STEP][PASSED] - frame.setLocation(600, 0): null

27-02-2025T17:34:04 - [TEST_STEP][PASSED] - frame.setAlwaysOnTop(true): null

27-02-2025T17:34:04 - [TEST_STEP][PASSED] - frame.show(): null

27-02-2025T17:34:04 - [TEST_STEP][PASSED] - driver = getWebDriver(): null

27-02-2025T17:34:04 - [TEST_STEP][PASSED] - path = "/Users/cckozie/Documents/MissionNext/Screenshots and Tooltip Text/": null

27-02-2025T17:34:04 - [TEST_STEP][PASSED] - if (binding.hasVariable("varExtension")): null

27-02-2025T17:34:04 - [TEST_STEP][PASSED] - extension = varExtension: null

27-02-2025T17:34:04 - [TEST_STEP][PASSED] - println("Extension is " + extension): null

27-02-2025T17:34:04 - [TEST_STEP][PASSED] - fileBase = path + extension: null

27-02-2025T17:34:04 - [TEST_STEP][PASSED] - fileImage = fileBase + "_Screenshot.png": null

27-02-2025T17:34:04 - [TEST_STEP][PASSED] - waitForPageLoad(30): Wait for page load successfully

27-02-2025T17:34:04 - [MESSAGE][PASSED] - Wait for page load successfully

27-02-2025T17:34:04 - [TEST_STEP][PASSED] - spinner = driver.findElement(By.xpath("/html/body/div[1]/div/div[2]")): null

27-02-2025T17:34:04 - [TEST_STEP][PASSED] - executor = driver: null

27-02-2025T17:34:04 - [TEST_STEP][PASSED] - elementAttributes = executor.executeScript("var items = {}; for (index = 0; index < arguments[0].attributes.length; ++index) { items[arguments[0].attributes[index].name] = arguments[0].attributes[index].value }; return items;", spinner): null

27-02-2025T17:34:04 - [TEST_STEP][PASSED] - attrs = elementAttributes.toString(): null

27-02-2025T17:34:04 - [TEST_STEP][PASSED] - waits = 0: null

27-02-2025T17:34:04 - [TEST_STEP][PASSED] - while (attrs.indexOf("display: none") < 0 && waits < 2): null

27-02-2025T17:34:04 - [TEST_STEP][PASSED] - delay(1): Delayed 1 second(s)

27-02-2025T17:34:05 - [MESSAGE][PASSED] - Delayed 1 second(s)

27-02-2025T17:34:05 - [TEST_STEP][PASSED] - attrs = elementAttributes.toString(): null

27-02-2025T17:34:05 - [TEST_STEP][PASSED] - (waits++): null

27-02-2025T17:34:05 - [TEST_STEP][PASSED] - delay(1): Delayed 1 second(s)

27-02-2025T17:34:06 - [MESSAGE][PASSED] - Delayed 1 second(s)

27-02-2025T17:34:06 - [TEST_STEP][PASSED] - attrs = elementAttributes.toString(): null

27-02-2025T17:34:06 - [TEST_STEP][PASSED] - (waits++): null

27-02-2025T17:34:06 - [TEST_STEP][PASSED] - tooltipMap = callTestCase(findTestCase("_Functions/Get Tooltip Text"), [:], STOP_ON_FAILURE): Call Test Case 'Test Cases/_Functions/Get Tooltip Text' successfully

27-02-2025T17:34:06 - [TEST_CASE][PASSED] - Test Cases/_Functions/Get Tooltip Text: Test Cases/_Functions/Get Tooltip Text

27-02-2025T17:34:06 - [TEST_STEP][PASSED] - fieldTooltips = [:]: null

27-02-2025T17:34:06 - [TEST_STEP][PASSED] - tooltipMap = [:]: null

27-02-2025T17:34:06 - [TEST_STEP][PASSED] - driver = getWebDriver(): null

27-02-2025T17:34:06 - [TEST_STEP][PASSED] - tooltips = driver.findElements(By.className("field-tooltip")): null

27-02-2025T17:34:06 - [TEST_STEP][PASSED] - for (def it : tooltips): null

27-02-2025T17:34:06 - [TEST_STEP][PASSED] - if (it.isDisplayed()): null

27-02-2025T17:34:06 - [TEST_STEP][PASSED] - if (it.isDisplayed()): null

27-02-2025T17:34:06 - [TEST_STEP][PASSED] - if (it.isDisplayed()): null

27-02-2025T17:34:06 - [TEST_STEP][PASSED] - if (it.isDisplayed()): null

27-02-2025T17:34:06 - [TEST_STEP][PASSED] - if (it.isDisplayed()): null

27-02-2025T17:34:06 - [TEST_STEP][PASSED] - if (it.isDisplayed()): null

27-02-2025T17:34:06 - [TEST_STEP][PASSED] - if (it.isDisplayed()): null

27-02-2025T17:34:06 - [TEST_STEP][PASSED] - if (it.isDisplayed()): null

27-02-2025T17:34:06 - [TEST_STEP][PASSED] - if (it.isDisplayed()): null

27-02-2025T17:34:06 - [TEST_STEP][PASSED] - if (it.isDisplayed()): null

27-02-2025T17:34:06 - [TEST_STEP][PASSED] - if (it.isDisplayed()): null

27-02-2025T17:34:06 - [TEST_STEP][PASSED] - if (it.isDisplayed()): null

27-02-2025T17:34:06 - [TEST_STEP][PASSED] - if (it.isDisplayed()): null

27-02-2025T17:34:06 - [TEST_STEP][PASSED] - if (it.isDisplayed()): null

27-02-2025T17:34:06 - [TEST_STEP][PASSED] - if (it.isDisplayed()): null

27-02-2025T17:34:06 - [TEST_STEP][PASSED] - if (it.isDisplayed()): null

27-02-2025T17:34:06 - [TEST_STEP][PASSED] - if (it.isDisplayed()): null

27-02-2025T17:34:06 - [TEST_STEP][PASSED] - if (it.isDisplayed()): null

27-02-2025T17:34:06 - [TEST_STEP][PASSED] - if (it.isDisplayed()): null

27-02-2025T17:34:06 - [TEST_STEP][PASSED] - if (it.isDisplayed()): null

27-02-2025T17:34:06 - [TEST_STEP][PASSED] - if (it.isDisplayed()): null

27-02-2025T17:34:06 - [TEST_STEP][PASSED] - if (it.isDisplayed()): null

27-02-2025T17:34:06 - [TEST_STEP][PASSED] - if (it.isDisplayed()): null

27-02-2025T17:34:06 - [TEST_STEP][PASSED] - if (it.isDisplayed()): null

27-02-2025T17:34:06 - [TEST_STEP][PASSED] - ttText = it.getAttribute("data-original-title"): null

27-02-2025T17:34:06 - [TEST_STEP][PASSED] - ttLocation = it.getLocation(): null

27-02-2025T17:34:06 - [TEST_STEP][PASSED] - yLocation = ttLocation.getY(): null

27-02-2025T17:34:06 - [TEST_STEP][PASSED] - xLocation = ttLocation.getX(): null

27-02-2025T17:34:06 - [TEST_STEP][PASSED] - fieldTooltips.put(ttText, yLocation): null

27-02-2025T17:34:06 - [TEST_STEP][PASSED] - if (it.isDisplayed()): null

27-02-2025T17:34:06 - [TEST_STEP][PASSED] - if (it.isDisplayed()): null

27-02-2025T17:34:06 - [TEST_STEP][PASSED] - if (it.isDisplayed()): null

27-02-2025T17:34:06 - [TEST_STEP][PASSED] - if (it.isDisplayed()): null

27-02-2025T17:34:06 - [TEST_STEP][PASSED] - if (it.isDisplayed()): null

27-02-2025T17:34:06 - [TEST_STEP][PASSED] - if (fieldTooltips.size() > 0): null

27-02-2025T17:34:06 - [TEST_STEP][PASSED] - rightBorder = xLocation: null

27-02-2025T17:34:06 - [TEST_STEP][PASSED] - fieldLabels = [:]: null

27-02-2025T17:34:06 - [TEST_STEP][PASSED] - labels = driver.findElements(By.xpath("//label")): null

27-02-2025T17:34:06 - [TEST_STEP][PASSED] - labels.each({ -> ... }): null

27-02-2025T17:34:09 - [TEST_STEP][PASSED] - for (def label : fieldLabels): null

27-02-2025T17:34:09 - [TEST_STEP][PASSED] - y = value: null

27-02-2025T17:34:09 - [TEST_STEP][PASSED] - for (def tooltip : fieldTooltips): null

27-02-2025T17:34:09 - [TEST_STEP][PASSED] - if (value == y || value == y + 1 || value == y - 1): null

27-02-2025T17:34:09 - [TEST_STEP][PASSED] - y = value: null

27-02-2025T17:34:09 - [TEST_STEP][PASSED] - for (def tooltip : fieldTooltips): null

27-02-2025T17:34:09 - [TEST_STEP][PASSED] - if (value == y || value == y + 1 || value == y - 1): null

27-02-2025T17:34:09 - [TEST_STEP][PASSED] - y = value: null

27-02-2025T17:34:09 - [TEST_STEP][PASSED] - for (def tooltip : fieldTooltips): null

27-02-2025T17:34:09 - [TEST_STEP][PASSED] - if (value == y || value == y + 1 || value == y - 1): null

27-02-2025T17:34:09 - [TEST_STEP][PASSED] - y = value: null

27-02-2025T17:34:09 - [TEST_STEP][PASSED] - for (def tooltip : fieldTooltips): null

27-02-2025T17:34:09 - [TEST_STEP][PASSED] - if (value == y || value == y + 1 || value == y - 1): null

27-02-2025T17:34:09 - [TEST_STEP][PASSED] - tooltipMap.put(key, key): null

27-02-2025T17:34:09 - [TEST_STEP][PASSED] - break: null

27-02-2025T17:34:09 - [TEST_STEP][PASSED] - y = value: null

27-02-2025T17:34:09 - [TEST_STEP][PASSED] - for (def tooltip : fieldTooltips): null

27-02-2025T17:34:09 - [TEST_STEP][PASSED] - if (value == y || value == y + 1 || value == y - 1): null

27-02-2025T17:34:09 - [TEST_STEP][PASSED] - return tooltipMap: null

27-02-2025T17:34:09 - [MESSAGE][PASSED] - Call Test Case 'Test Cases/_Functions/Get Tooltip Text' successfully

27-02-2025T17:34:09 - [TEST_STEP][PASSED] - if (tooltipMap.size() > 0): null

27-02-2025T17:34:09 - [TEST_STEP][PASSED] - file = fileBase + "_Tooltips.csv": null

27-02-2025T17:34:09 - [TEST_STEP][PASSED] - outText = "FIELD LABEL" + "," + "TOOLTIP TEXT" + "

": null

27-02-2025T17:34:09 - [TEST_STEP][PASSED] - for (def it : tooltipMap): null

27-02-2025T17:34:09 - [TEST_STEP][PASSED] - name = key: null

27-02-2025T17:34:09 - [TEST_STEP][PASSED] - value = value.replace("
", ""): null

27-02-2025T17:34:09 - [TEST_STEP][PASSED] - value = value.trim(): null

27-02-2025T17:34:09 - [TEST_STEP][PASSED] - value = """ + value + """: null

27-02-2025T17:34:09 - [TEST_STEP][PASSED] - outText = outText + name + "," + value: null

27-02-2025T17:34:09 - [TEST_STEP][PASSED] - outText = outText + "
": null

27-02-2025T17:34:09 - [TEST_STEP][PASSED] - println(outText): null

27-02-2025T17:34:09 - [TEST_STEP][PASSED] - outFile = new java.io.File(file): null

27-02-2025T17:34:09 - [TEST_STEP][PASSED] - println(outText): null

27-02-2025T17:34:09 - [TEST_STEP][PASSED] - outFile.write(outText): null

27-02-2025T17:34:09 - [TEST_STEP][PASSED] - takeFullPageScreenshot(fileImage): Taking screenshot successfully

27-02-2025T17:34:11 - [MESSAGE][INFO] - 0 hidden object(s)

27-02-2025T17:34:11 - [MESSAGE][PASSED] - Taking screenshot successfully
[[ATTACHMENT|/Users/cckozie/Documents/MissionNext/Screenshots and Tooltip Text/Journey Candidate IT Skills and Interest Tab_Screenshot.png]]

27-02-2025T17:34:11 - [TEST_STEP][PASSED] - frame.dispose(): null

27-02-2025T17:34:11 - [TEST_STEP][PASSED] - return tooltipMap: null

27-02-2025T17:34:11 - [MESSAGE][PASSED] - Call Test Case 'Test Cases/_Functions/Get Screenshot and Tooltip Text' successfully

27-02-2025T17:34:11 - [TEST_STEP][PASSED] - callTestCase(findTestCase("_Functions/Test Tooltips"), ["varTooltipImagePath":tooltipImagePath, "varTooltips":tooltips, "varTooltipText":tooltipText, "varTestObjectFolder":testObjectFolder, ... ], OPTIONAL): Call Test Case 'Test Cases/_Functions/Test Tooltips' successfully

27-02-2025T17:34:11 - [TEST_CASE][PASSED] - Test Cases/_Functions/Test Tooltips: Test Cases/_Functions/Test Tooltips

27-02-2025T17:34:11 - [TEST_STEP][PASSED] - if (fastPath): null

27-02-2025T17:34:11 - [TEST_STEP][PASSED] - tooltipImagePath = varTooltipImagePath: null

27-02-2025T17:34:11 - [TEST_STEP][PASSED] - tooltips = varTooltips: null

27-02-2025T17:34:11 - [TEST_STEP][PASSED] - tooltipText = varTooltipText: null

27-02-2025T17:34:11 - [TEST_STEP][PASSED] - testObjectFolder = varTestObjectFolder: null

27-02-2025T17:34:11 - [TEST_STEP][PASSED] - tooltipTextMap = varTooltipTextMap: null

27-02-2025T17:34:11 - [TEST_STEP][PASSED] - writeFile = false: null

27-02-2025T17:34:11 - [TEST_STEP][PASSED] - if (outFile != ""): null

27-02-2025T17:34:11 - [TEST_STEP][PASSED] - myFile = outFile: null

27-02-2025T17:34:11 - [TEST_STEP][PASSED] - println(myFile): null

27-02-2025T17:34:11 - [TEST_STEP][PASSED] - outFile = new java.io.File(myFile): null

27-02-2025T17:34:11 - [TEST_STEP][PASSED] - writeFile = true: null

27-02-2025T17:34:11 - [TEST_STEP][PASSED] - driver = getWebDriver(): null

27-02-2025T17:34:11 - [TEST_STEP][PASSED] - action = new org.openqa.selenium.interactions.Actions(driver): null

27-02-2025T17:34:11 - [TEST_STEP][PASSED] - s = new org.sikuli.script.Screen(): null

27-02-2025T17:34:11 - [TEST_STEP][PASSED] - outText = "Verifying the tooltips can be displayed.
": null

27-02-2025T17:34:11 - [TEST_STEP][PASSED] - outFile.append(outText): null

27-02-2025T17:34:11 - [TEST_STEP][PASSED] - first = true: null

27-02-2025T17:34:11 - [TEST_STEP][PASSED] - for (def it : tooltips): null

27-02-2025T17:34:11 - [TEST_STEP][PASSED] - myKey = key: null

27-02-2025T17:34:11 - [TEST_STEP][PASSED] - myValue = value: null

27-02-2025T17:34:11 - [TEST_STEP][PASSED] - println("myKey is " + myKey): null

27-02-2025T17:34:11 - [TEST_STEP][PASSED] - println("myValue is " + myValue): null

27-02-2025T17:34:11 - [TEST_STEP][PASSED] - if (myKey != "dummy"): null

27-02-2025T17:34:11 - [TEST_STEP][PASSED] - else: null

27-02-2025T17:34:11 - [TEST_STEP][PASSED] - myImage = "/Users/cckozie/git/MissionNext-Katalon-Koz/images/dummy.png": null

27-02-2025T17:34:11 - [TEST_STEP][PASSED] - f = new java.io.File(myImage): null

27-02-2025T17:34:11 - [TEST_STEP][PASSED] - if (f.exists()): null

27-02-2025T17:34:11 - [TEST_STEP][PASSED] - println("Looking for " + myImage): null

27-02-2025T17:34:11 - [TEST_STEP][PASSED] - icn = Pattern(myImage).similar(0.10): null

27-02-2025T17:34:11 - [TEST_STEP][PASSED] - found = s.exists(icn): null

27-02-2025T17:34:14 - [TEST_STEP][PASSED] - println(found): null

27-02-2025T17:34:14 - [TEST_STEP][PASSED] - if (found != null): null

27-02-2025T17:34:14 - [TEST_STEP][PASSED] - else: null

27-02-2025T17:34:14 - [TEST_STEP][PASSED] - if (myKey != "dummy"): null

27-02-2025T17:34:14 - [TEST_STEP][PASSED] - myKey = key: null

27-02-2025T17:34:14 - [TEST_STEP][PASSED] - myValue = value: null

27-02-2025T17:34:14 - [TEST_STEP][PASSED] - println("myKey is " + myKey): null

27-02-2025T17:34:14 - [TEST_STEP][PASSED] - println("myValue is " + myValue): null

27-02-2025T17:34:14 - [TEST_STEP][PASSED] - if (myKey != "dummy"): null

27-02-2025T17:34:14 - [TEST_STEP][PASSED] - tObj = testObjectFolder + myValue: null

27-02-2025T17:34:14 - [TEST_STEP][PASSED] - click(tObj): null

27-02-2025T17:34:14 - [TEST_STEP][PASSED] - scrollToObject(object): null

27-02-2025T17:34:14 - [TEST_STEP][PASSED] - println("Converting " + object + " to web element"): null

27-02-2025T17:34:14 - [TEST_STEP][PASSED] - element = findWebElement(findTestObject(object), 1): null

27-02-2025T17:34:14 - [TEST_STEP][PASSED] - loc = element.getLocation(): null

27-02-2025T17:34:14 - [TEST_STEP][PASSED] - x = loc.getX(): null

27-02-2025T17:34:14 - [TEST_STEP][PASSED] - if (x >= 560): null

27-02-2025T17:34:14 - [TEST_STEP][PASSED] - y = loc.getY(): null

27-02-2025T17:34:14 - [TEST_STEP][PASSED] - println("Y location is " + y): null

27-02-2025T17:34:14 - [TEST_STEP][PASSED] - top = getViewportTopPosition(): Current viewport's top (y) position is 0

27-02-2025T17:34:14 - [MESSAGE][PASSED] - Current viewport's top (y) position is 0

27-02-2025T17:34:14 - [TEST_STEP][PASSED] - println("Viewport top is " + top): null

27-02-2025T17:34:14 - [TEST_STEP][PASSED] - bottom = top + 600: null

27-02-2025T17:34:14 - [TEST_STEP][PASSED] - if (y - top < 150 || bottom - y < 10): Delayed 1 second(s)

27-02-2025T17:34:14 - [TEST_STEP][PASSED] - scrollToPosition(0, y - 170): Browser is scrolled to position x = 0, y = 1128

27-02-2025T17:34:14 - [MESSAGE][PASSED] - Browser is scrolled to position x = 0, y = 1128

27-02-2025T17:34:14 - [TEST_STEP][PASSED] - delay(1): Delayed 1 second(s)

27-02-2025T17:34:15 - [MESSAGE][PASSED] - Delayed 1 second(s)

27-02-2025T17:34:15 - [TEST_STEP][PASSED] - click(findTestObject(object)): null

27-02-2025T17:34:15 - [MESSAGE][PASSED] - Object: 'Object Repository/Journey Candidate Profile/Tabs/IT Skills and Interest/img_Computer Languages_field-tooltip' is clicked on

27-02-2025T17:34:15 - [TEST_STEP][PASSED] - delay(1): Delayed 1 second(s)

27-02-2025T17:34:16 - [MESSAGE][PASSED] - Delayed 1 second(s)

27-02-2025T17:34:16 - [TEST_STEP][PASSED] - myImage = tooltipImagePath + myKey + ".png": null

27-02-2025T17:34:16 - [TEST_STEP][PASSED] - f = new java.io.File(myImage): null

27-02-2025T17:34:16 - [TEST_STEP][PASSED] - if (f.exists()): null

27-02-2025T17:34:16 - [TEST_STEP][PASSED] - println("Looking for " + myImage): null

27-02-2025T17:34:16 - [TEST_STEP][PASSED] - icn = Pattern(myImage).similar(0.10): null

27-02-2025T17:34:16 - [TEST_STEP][PASSED] - found = s.exists(icn): null

27-02-2025T17:34:16 - [TEST_STEP][PASSED] - println(found): null

27-02-2025T17:34:16 - [TEST_STEP][PASSED] - if (found != null): null

27-02-2025T17:34:16 - [TEST_STEP][PASSED] - foundStr = found.toString(): null

27-02-2025T17:34:16 - [TEST_STEP][PASSED] - matchP = foundStr.indexOf("%"): null

27-02-2025T17:34:16 - [TEST_STEP][PASSED] - if (matchP >= 0): null

27-02-2025T17:34:16 - [TEST_STEP][PASSED] - println(matchP): null

27-02-2025T17:34:16 - [TEST_STEP][PASSED] - pct = foundStr.substring(matchP + 1, matchP + 6): null

27-02-2025T17:34:16 - [TEST_STEP][PASSED] - pctF = pct.toFloat(): null

27-02-2025T17:34:16 - [TEST_STEP][PASSED] - outText = "+++ Tooltip match value for " + myKey + " is " + pctF + "%": null

27-02-2025T17:34:16 - [TEST_STEP][PASSED] - min = 80: null

27-02-2025T17:34:16 - [TEST_STEP][PASSED] - if (pctF.toFloat() < min.toFloat()): null

27-02-2025T17:34:16 - [TEST_STEP][PASSED] - outText = ">>>>> " + outText + " <<<<<": null

27-02-2025T17:34:16 - [TEST_STEP][PASSED] - if (myKey != "dummy"): null

27-02-2025T17:34:16 - [TEST_STEP][PASSED] - println(outText): null

27-02-2025T17:34:16 - [TEST_STEP][PASSED] - outFile.append(outText + "
"): null

27-02-2025T17:34:16 - [TEST_STEP][PASSED] - outText = "Verifying the tooltip text on the page is what was expected.
": null

27-02-2025T17:34:16 - [TEST_STEP][PASSED] - println(tooltipTextMap): null

27-02-2025T17:34:16 - [TEST_STEP][PASSED] - outFile.append(outText): null

27-02-2025T17:34:16 - [TEST_STEP][PASSED] - for (def it : tooltipText): null

27-02-2025T17:34:16 - [TEST_STEP][PASSED] - println(it): null

27-02-2025T17:34:16 - [TEST_STEP][PASSED] - myKey = key: null

27-02-2025T17:34:16 - [TEST_STEP][PASSED] - myText = value.replace(""", ""): null

27-02-2025T17:34:16 - [TEST_STEP][PASSED] - myText = myText.trim(): null

27-02-2025T17:34:16 - [TEST_STEP][PASSED] - println(myKey): null

27-02-2025T17:34:16 - [TEST_STEP][PASSED] - println(myText): null

27-02-2025T17:34:16 - [TEST_STEP][PASSED] - println(tooltipTextMap.get(myKey)): null

27-02-2025T17:34:16 - [TEST_STEP][PASSED] - actualText = get(myKey).replace(""", ""): null

27-02-2025T17:34:16 - [TEST_STEP][PASSED] - actualText = actualText.trim(): null

27-02-2025T17:34:16 - [TEST_STEP][PASSED] - println(myKey + ":" + actualText): null

27-02-2025T17:34:16 - [TEST_STEP][PASSED] - if (actualText != myText): null

27-02-2025T17:34:16 - [MESSAGE][PASSED] - Call Test Case 'Test Cases/_Functions/Test Tooltips' successfully

27-02-2025T17:34:16 - [TEST_STEP][PASSED] - url = getUrl(OPTIONAL): Current window's url is: 'https://journey.missionnext.org/profile?requestUri=/dashboard'

27-02-2025T17:34:16 - [MESSAGE][PASSED] - Current window's url is: 'https://journey.missionnext.org/profile?requestUri=/dashboard'

27-02-2025T17:34:16 - [TEST_STEP][PASSED] - if (!(url) == "https://education." + domain + "/profile?requestUri=/dashboard"): null

27-02-2025T17:34:16 - [TEST_STEP][PASSED] - outText = "Verifying the required field messages.
": null

27-02-2025T17:34:16 - [TEST_STEP][PASSED] - outFile.append(outText): null

27-02-2025T17:34:16 - [TEST_STEP][PASSED] - fieldList = []: null

27-02-2025T17:34:16 - [TEST_STEP][PASSED] - requiredFieldMsgs.each({ -> ... }): null

27-02-2025T17:34:16 - [TEST_STEP][PASSED] - if (!(fastPath)): Call Test Case 'Test Cases/_Functions/Click on Group Elements' successfully

27-02-2025T17:34:16 - [TEST_STEP][PASSED] - callTestCase(findTestCase("_Functions/Click on Group Elements"), ["varXpaths":xpaths, "varParms":parms], STOP_ON_FAILURE): Call Test Case 'Test Cases/_Functions/Click on Group Elements' successfully

27-02-2025T17:34:16 - [TEST_CASE][PASSED] - Test Cases/_Functions/Click on Group Elements: Test Cases/_Functions/Click on Group Elements

27-02-2025T17:34:16 - [TEST_STEP][PASSED] - debug = false: null

27-02-2025T17:34:16 - [TEST_STEP][PASSED] - toggle = true: null

27-02-2025T17:34:16 - [TEST_STEP][PASSED] - frame = new javax.swing.JFrame(): null

27-02-2025T17:34:16 - [TEST_STEP][PASSED] - p = new javax.swing.JPanel(): null

27-02-2025T17:34:16 - [TEST_STEP][PASSED] - l = new javax.swing.JLabel(Making user selections..., javax.swing.SwingConstants.CENTER): null

27-02-2025T17:34:16 - [TEST_STEP][PASSED] - frame.add(l): null

27-02-2025T17:34:16 - [TEST_STEP][PASSED] - frame.setSize(300, 100): null

27-02-2025T17:34:16 - [TEST_STEP][PASSED] - frame.setLocation(600, 0): null

27-02-2025T17:34:16 - [TEST_STEP][PASSED] - frame.setAlwaysOnTop(true): null

27-02-2025T17:34:16 - [TEST_STEP][PASSED] - frame.show(): null

27-02-2025T17:34:17 - [TEST_STEP][PASSED] - driver = getWebDriver(): null

27-02-2025T17:34:17 - [TEST_STEP][PASSED] - println(varParms): null

27-02-2025T17:34:17 - [TEST_STEP][PASSED] - for ([i = 0, i < varXpaths.size(), (i++)]): null

27-02-2025T17:34:17 - [TEST_STEP][PASSED] - if (debug): null

27-02-2025T17:34:17 - [TEST_STEP][PASSED] - if (varParms[i].indexOf("Europe") >= 0): null

27-02-2025T17:34:17 - [TEST_STEP][PASSED] - elements = driver.findElements(By.xpath(varXpaths[i])): null

27-02-2025T17:34:17 - [TEST_STEP][PASSED] - element_count = elements.size(): null

27-02-2025T17:34:17 - [TEST_STEP][PASSED] - for (def element : elements): null

27-02-2025T17:34:17 - [TEST_STEP][PASSED] - myValue = element.getAttribute("value"): null

27-02-2025T17:34:17 - [TEST_STEP][PASSED] - if (debug): null

27-02-2025T17:34:17 - [TEST_STEP][PASSED] - if (myValue.length() >= 4): null

27-02-2025T17:34:17 - [TEST_STEP][PASSED] - if (myValue.substring(0, 4) == "(!) "): null

27-02-2025T17:34:17 - [TEST_STEP][PASSED] - myType = element.getAttribute("type"): null

27-02-2025T17:34:17 - [TEST_STEP][PASSED] - if (myValue in varParms[i]): null

27-02-2025T17:34:17 - [TEST_STEP][PASSED] - else: null

27-02-2025T17:34:17 - [TEST_STEP][PASSED] - inList = false: null

27-02-2025T17:34:17 - [TEST_STEP][PASSED] - if (myType == "checkbox"): null

27-02-2025T17:34:17 - [TEST_STEP][PASSED] - myStatus = element.isSelected(): null

27-02-2025T17:34:17 - [TEST_STEP][PASSED] - if (debug): null

27-02-2025T17:34:17 - [TEST_STEP][PASSED] - if (toggle && myStatus && inList): null

27-02-2025T17:34:17 - [TEST_STEP][PASSED] - if (!(myStatus) && inList || myStatus && !(inList)): null

27-02-2025T17:34:17 - [TEST_STEP][PASSED] - myValue = element.getAttribute("value"): null

27-02-2025T17:34:17 - [TEST_STEP][PASSED] - if (debug): null

27-02-2025T17:34:17 - [TEST_STEP][PASSED] - if (myValue.length() >= 4): null

27-02-2025T17:34:17 - [TEST_STEP][PASSED] - if (myValue.substring(0, 4) == "(!) "): null

27-02-2025T17:34:17 - [TEST_STEP][PASSED] - myType = element.getAttribute("type"): null

27-02-2025T17:34:17 - [TEST_STEP][PASSED] - if (myValue in varParms[i]): null

27-02-2025T17:34:17 - [TEST_STEP][PASSED] - inList = true: null

27-02-2025T17:34:17 - [TEST_STEP][PASSED] - if (myType == "checkbox"): null

27-02-2025T17:34:17 - [TEST_STEP][PASSED] - myStatus = element.isSelected(): null

27-02-2025T17:34:17 - [TEST_STEP][PASSED] - if (debug): null

27-02-2025T17:34:17 - [TEST_STEP][PASSED] - if (toggle && myStatus && inList): null

27-02-2025T17:34:17 - [TEST_STEP][PASSED] - if (!(myStatus) && inList || myStatus && !(inList)): null

27-02-2025T17:34:17 - [TEST_STEP][PASSED] - if (debug): null

27-02-2025T17:34:17 - [TEST_STEP][PASSED] - println("Clicking " + myValue): null

27-02-2025T17:34:17 - [TEST_STEP][PASSED] - click(element): null

27-02-2025T17:34:17 - [TEST_STEP][PASSED] - scrollToObject(elem): null

27-02-2025T17:34:17 - [TEST_STEP][PASSED] - loc = element.getLocation(): null

27-02-2025T17:34:17 - [TEST_STEP][PASSED] - if (debug): null

27-02-2025T17:34:17 - [TEST_STEP][PASSED] - y = loc.getY(): null

27-02-2025T17:34:17 - [TEST_STEP][PASSED] - println("Y location is " + y): null

27-02-2025T17:34:17 - [TEST_STEP][PASSED] - top = getViewportTopPosition(): Current viewport's top (y) position is 1128

27-02-2025T17:34:17 - [MESSAGE][PASSED] - Current viewport's top (y) position is 1128

27-02-2025T17:34:17 - [TEST_STEP][PASSED] - println("Viewport top is " + top): null

27-02-2025T17:34:17 - [TEST_STEP][PASSED] - bottom = top + 600: null

27-02-2025T17:34:17 - [TEST_STEP][PASSED] - if (y - top < 150 || bottom - y < 10): Delayed 1 second(s)

27-02-2025T17:34:17 - [TEST_STEP][PASSED] - scrollToPosition(0, y - 150): Browser is scrolled to position x = 0, y = 289

27-02-2025T17:34:17 - [MESSAGE][PASSED] - Browser is scrolled to position x = 0, y = 289

27-02-2025T17:34:17 - [TEST_STEP][PASSED] - delay(1): Delayed 1 second(s)

27-02-2025T17:34:18 - [MESSAGE][PASSED] - Delayed 1 second(s)

27-02-2025T17:34:18 - [TEST_STEP][PASSED] - elem.click(): null

27-02-2025T17:34:18 - [TEST_STEP][PASSED] - myValue = element.getAttribute("value"): null

27-02-2025T17:34:18 - [TEST_STEP][PASSED] - if (debug): null

27-02-2025T17:34:18 - [TEST_STEP][PASSED] - if (myValue.length() >= 4): null

27-02-2025T17:34:18 - [TEST_STEP][PASSED] - if (myValue.substring(0, 4) == "(!) "): null

27-02-2025T17:34:18 - [TEST_STEP][PASSED] - myType = element.getAttribute("type"): null

27-02-2025T17:34:18 - [TEST_STEP][PASSED] - if (myValue in varParms[i]): null

27-02-2025T17:34:18 - [TEST_STEP][PASSED] - else: null

27-02-2025T17:34:18 - [TEST_STEP][PASSED] - inList = false: null

27-02-2025T17:34:18 - [TEST_STEP][PASSED] - if (myType == "checkbox"): null

27-02-2025T17:34:18 - [TEST_STEP][PASSED] - myStatus = element.isSelected(): null

27-02-2025T17:34:18 - [TEST_STEP][PASSED] - if (debug): null

27-02-2025T17:34:18 - [TEST_STEP][PASSED] - if (toggle && myStatus && inList): null

27-02-2025T17:34:18 - [TEST_STEP][PASSED] - if (!(myStatus) && inList || myStatus && !(inList)): null

27-02-2025T17:34:18 - [TEST_STEP][PASSED] - myValue = element.getAttribute("value"): null

27-02-2025T17:34:18 - [TEST_STEP][PASSED] - if (debug): null

27-02-2025T17:34:18 - [TEST_STEP][PASSED] - if (myValue.length() >= 4): null

27-02-2025T17:34:18 - [TEST_STEP][PASSED] - if (myValue.substring(0, 4) == "(!) "): null

27-02-2025T17:34:18 - [TEST_STEP][PASSED] - myType = element.getAttribute("type"): null

27-02-2025T17:34:18 - [TEST_STEP][PASSED] - if (myValue in varParms[i]): null

27-02-2025T17:34:18 - [TEST_STEP][PASSED] - else: null

27-02-2025T17:34:18 - [TEST_STEP][PASSED] - inList = false: null

27-02-2025T17:34:18 - [TEST_STEP][PASSED] - if (myType == "checkbox"): null

27-02-2025T17:34:18 - [TEST_STEP][PASSED] - myStatus = element.isSelected(): null

27-02-2025T17:34:18 - [TEST_STEP][PASSED] - if (debug): null

27-02-2025T17:34:18 - [TEST_STEP][PASSED] - if (toggle && myStatus && inList): null

27-02-2025T17:34:18 - [TEST_STEP][PASSED] - if (!(myStatus) && inList || myStatus && !(inList)): null

27-02-2025T17:34:18 - [TEST_STEP][PASSED] - myValue = element.getAttribute("value"): null

27-02-2025T17:34:18 - [TEST_STEP][PASSED] - if (debug): null

27-02-2025T17:34:18 - [TEST_STEP][PASSED] - if (myValue.length() >= 4): null

27-02-2025T17:34:18 - [TEST_STEP][PASSED] - if (myValue.substring(0, 4) == "(!) "): null

27-02-2025T17:34:18 - [TEST_STEP][PASSED] - myType = element.getAttribute("type"): null

27-02-2025T17:34:18 - [TEST_STEP][PASSED] - if (myValue in varParms[i]): null

27-02-2025T17:34:18 - [TEST_STEP][PASSED] - else: null

27-02-2025T17:34:18 - [TEST_STEP][PASSED] - inList = false: null

27-02-2025T17:34:18 - [TEST_STEP][PASSED] - if (myType == "checkbox"): null

27-02-2025T17:34:18 - [TEST_STEP][PASSED] - myStatus = element.isSelected(): null

27-02-2025T17:34:18 - [TEST_STEP][PASSED] - if (debug): null

27-02-2025T17:34:18 - [TEST_STEP][PASSED] - if (toggle && myStatus && inList): null

27-02-2025T17:34:18 - [TEST_STEP][PASSED] - if (!(myStatus) && inList || myStatus && !(inList)): null

27-02-2025T17:34:18 - [TEST_STEP][PASSED] - myValue = element.getAttribute("value"): null

27-02-2025T17:34:18 - [TEST_STEP][PASSED] - if (debug): null

27-02-2025T17:34:18 - [TEST_STEP][PASSED] - if (myValue.length() >= 4): null

27-02-2025T17:34:18 - [TEST_STEP][PASSED] - if (myValue.substring(0, 4) == "(!) "): null

27-02-2025T17:34:18 - [TEST_STEP][PASSED] - myType = element.getAttribute("type"): null

27-02-2025T17:34:18 - [TEST_STEP][PASSED] - if (myValue in varParms[i]): null

27-02-2025T17:34:18 - [TEST_STEP][PASSED] - else: null

27-02-2025T17:34:18 - [TEST_STEP][PASSED] - inList = false: null

27-02-2025T17:34:18 - [TEST_STEP][PASSED] - if (myType == "checkbox"): null

27-02-2025T17:34:18 - [TEST_STEP][PASSED] - myStatus = element.isSelected(): null

27-02-2025T17:34:18 - [TEST_STEP][PASSED] - if (debug): null

27-02-2025T17:34:18 - [TEST_STEP][PASSED] - if (toggle && myStatus && inList): null

27-02-2025T17:34:18 - [TEST_STEP][PASSED] - if (!(myStatus) && inList || myStatus && !(inList)): null

27-02-2025T17:34:18 - [TEST_STEP][PASSED] - myValue = element.getAttribute("value"): null

27-02-2025T17:34:18 - [TEST_STEP][PASSED] - if (debug): null

27-02-2025T17:34:18 - [TEST_STEP][PASSED] - if (myValue.length() >= 4): null

27-02-2025T17:34:18 - [TEST_STEP][PASSED] - if (myValue.substring(0, 4) == "(!) "): null

27-02-2025T17:34:18 - [TEST_STEP][PASSED] - myType = element.getAttribute("type"): null

27-02-2025T17:34:18 - [TEST_STEP][PASSED] - if (myValue in varParms[i]): null

27-02-2025T17:34:18 - [TEST_STEP][PASSED] - else: null

27-02-2025T17:34:18 - [TEST_STEP][PASSED] - inList = false: null

27-02-2025T17:34:18 - [TEST_STEP][PASSED] - if (myType == "checkbox"): null

27-02-2025T17:34:18 - [TEST_STEP][PASSED] - myStatus = element.isSelected(): null

27-02-2025T17:34:18 - [TEST_STEP][PASSED] - if (debug): null

27-02-2025T17:34:18 - [TEST_STEP][PASSED] - if (toggle && myStatus && inList): null

27-02-2025T17:34:18 - [TEST_STEP][PASSED] - if (!(myStatus) && inList || myStatus && !(inList)): null

27-02-2025T17:34:18 - [TEST_STEP][PASSED] - myValue = element.getAttribute("value"): null

27-02-2025T17:34:18 - [TEST_STEP][PASSED] - if (debug): null

27-02-2025T17:34:18 - [TEST_STEP][PASSED] - if (myValue.length() >= 4): null

27-02-2025T17:34:18 - [TEST_STEP][PASSED] - if (myValue.substring(0, 4) == "(!) "): null

27-02-2025T17:34:18 - [TEST_STEP][PASSED] - myType = element.getAttribute("type"): null

27-02-2025T17:34:18 - [TEST_STEP][PASSED] - if (myValue in varParms[i]): null

27-02-2025T17:34:18 - [TEST_STEP][PASSED] - else: null

27-02-2025T17:34:18 - [TEST_STEP][PASSED] - inList = false: null

27-02-2025T17:34:18 - [TEST_STEP][PASSED] - if (myType == "checkbox"): null

27-02-2025T17:34:18 - [TEST_STEP][PASSED] - myStatus = element.isSelected(): null

27-02-2025T17:34:18 - [TEST_STEP][PASSED] - if (debug): null

27-02-2025T17:34:18 - [TEST_STEP][PASSED] - if (toggle && myStatus && inList): null

27-02-2025T17:34:18 - [TEST_STEP][PASSED] - if (!(myStatus) && inList || myStatus && !(inList)): null

27-02-2025T17:34:18 - [TEST_STEP][PASSED] - myValue = element.getAttribute("value"): null

27-02-2025T17:34:18 - [TEST_STEP][PASSED] - if (debug): null

27-02-2025T17:34:18 - [TEST_STEP][PASSED] - if (myValue.length() >= 4): null

27-02-2025T17:34:18 - [TEST_STEP][PASSED] - if (myValue.substring(0, 4) == "(!) "): null

27-02-2025T17:34:18 - [TEST_STEP][PASSED] - myType = element.getAttribute("type"): null

27-02-2025T17:34:18 - [TEST_STEP][PASSED] - if (myValue in varParms[i]): null

27-02-2025T17:34:18 - [TEST_STEP][PASSED] - else: null

27-02-2025T17:34:18 - [TEST_STEP][PASSED] - inList = false: null

27-02-2025T17:34:18 - [TEST_STEP][PASSED] - if (myType == "checkbox"): null

27-02-2025T17:34:18 - [TEST_STEP][PASSED] - myStatus = element.isSelected(): null

27-02-2025T17:34:18 - [TEST_STEP][PASSED] - if (debug): null

27-02-2025T17:34:18 - [TEST_STEP][PASSED] - if (toggle && myStatus && inList): null

27-02-2025T17:34:18 - [TEST_STEP][PASSED] - if (!(myStatus) && inList || myStatus && !(inList)): null

27-02-2025T17:34:18 - [TEST_STEP][PASSED] - myValue = element.getAttribute("value"): null

27-02-2025T17:34:18 - [TEST_STEP][PASSED] - if (debug): null

27-02-2025T17:34:18 - [TEST_STEP][PASSED] - if (myValue.length() >= 4): null

27-02-2025T17:34:18 - [TEST_STEP][PASSED] - myType = element.getAttribute("type"): null

27-02-2025T17:34:18 - [TEST_STEP][PASSED] - if (myValue in varParms[i]): null

27-02-2025T17:34:18 - [TEST_STEP][PASSED] - else: null

27-02-2025T17:34:18 - [TEST_STEP][PASSED] - inList = false: null

27-02-2025T17:34:18 - [TEST_STEP][PASSED] - if (myType == "checkbox"): null

27-02-2025T17:34:18 - [TEST_STEP][PASSED] - myStatus = element.isSelected(): null

27-02-2025T17:34:18 - [TEST_STEP][PASSED] - if (debug): null

27-02-2025T17:34:18 - [TEST_STEP][PASSED] - if (toggle && myStatus && inList): null

27-02-2025T17:34:18 - [TEST_STEP][PASSED] - if (!(myStatus) && inList || myStatus && !(inList)): null

27-02-2025T17:34:18 - [TEST_STEP][PASSED] - if (debug): null

27-02-2025T17:34:18 - [TEST_STEP][PASSED] - if (varParms[i].indexOf("Europe") >= 0): null

27-02-2025T17:34:18 - [TEST_STEP][PASSED] - elements = driver.findElements(By.xpath(varXpaths[i])): null

27-02-2025T17:34:18 - [TEST_STEP][PASSED] - element_count = elements.size(): null

27-02-2025T17:34:18 - [TEST_STEP][PASSED] - for (def element : elements): null

27-02-2025T17:34:18 - [TEST_STEP][PASSED] - myValue = element.getAttribute("value"): null

27-02-2025T17:34:18 - [TEST_STEP][PASSED] - if (debug): null

27-02-2025T17:34:18 - [TEST_STEP][PASSED] - if (myValue.length() >= 4): null

27-02-2025T17:34:18 - [TEST_STEP][PASSED] - if (myValue.substring(0, 4) == "(!) "): null

27-02-2025T17:34:18 - [TEST_STEP][PASSED] - myType = element.getAttribute("type"): null

27-02-2025T17:34:18 - [TEST_STEP][PASSED] - if (myValue in varParms[i]): null

27-02-2025T17:34:18 - [TEST_STEP][PASSED] - inList = true: null

27-02-2025T17:34:18 - [TEST_STEP][PASSED] - if (myType == "checkbox"): null

27-02-2025T17:34:18 - [TEST_STEP][PASSED] - myStatus = element.isSelected(): null

27-02-2025T17:34:18 - [TEST_STEP][PASSED] - if (debug): null

27-02-2025T17:34:18 - [TEST_STEP][PASSED] - if (toggle && myStatus && inList): null

27-02-2025T17:34:18 - [TEST_STEP][PASSED] - if (!(myStatus) && inList || myStatus && !(inList)): null

27-02-2025T17:34:18 - [TEST_STEP][PASSED] - if (debug): null

27-02-2025T17:34:18 - [TEST_STEP][PASSED] - println("Clicking " + myValue): null

27-02-2025T17:34:18 - [TEST_STEP][PASSED] - click(element): null

27-02-2025T17:34:18 - [TEST_STEP][PASSED] - scrollToObject(elem): null

27-02-2025T17:34:18 - [TEST_STEP][PASSED] - loc = element.getLocation(): null

27-02-2025T17:34:18 - [TEST_STEP][PASSED] - if (debug): null

27-02-2025T17:34:18 - [TEST_STEP][PASSED] - y = loc.getY(): null

27-02-2025T17:34:18 - [TEST_STEP][PASSED] - println("Y location is " + y): null

27-02-2025T17:34:18 - [TEST_STEP][PASSED] - top = getViewportTopPosition(): Current viewport's top (y) position is 289

27-02-2025T17:34:18 - [MESSAGE][PASSED] - Current viewport's top (y) position is 289

27-02-2025T17:34:18 - [TEST_STEP][PASSED] - println("Viewport top is " + top): null

27-02-2025T17:34:18 - [TEST_STEP][PASSED] - bottom = top + 600: null

27-02-2025T17:34:18 - [TEST_STEP][PASSED] - if (y - top < 150 || bottom - y < 10): null

27-02-2025T17:34:18 - [TEST_STEP][PASSED] - elem.click(): null

27-02-2025T17:34:18 - [TEST_STEP][PASSED] - myValue = element.getAttribute("value"): null

27-02-2025T17:34:18 - [TEST_STEP][PASSED] - if (debug): null

27-02-2025T17:34:18 - [TEST_STEP][PASSED] - if (myValue.length() >= 4): null

27-02-2025T17:34:18 - [TEST_STEP][PASSED] - if (myValue.substring(0, 4) == "(!) "): null

27-02-2025T17:34:18 - [TEST_STEP][PASSED] - myType = element.getAttribute("type"): null

27-02-2025T17:34:18 - [TEST_STEP][PASSED] - if (myValue in varParms[i]): null

27-02-2025T17:34:18 - [TEST_STEP][PASSED] - inList = true: null

27-02-2025T17:34:18 - [TEST_STEP][PASSED] - if (myType == "checkbox"): null

27-02-2025T17:34:18 - [TEST_STEP][PASSED] - myStatus = element.isSelected(): null

27-02-2025T17:34:18 - [TEST_STEP][PASSED] - if (debug): null

27-02-2025T17:34:18 - [TEST_STEP][PASSED] - if (toggle && myStatus && inList): null

27-02-2025T17:34:18 - [TEST_STEP][PASSED] - if (!(myStatus) && inList || myStatus && !(inList)): null

27-02-2025T17:34:18 - [TEST_STEP][PASSED] - if (debug): null

27-02-2025T17:34:18 - [TEST_STEP][PASSED] - println("Clicking " + myValue): null

27-02-2025T17:34:18 - [TEST_STEP][PASSED] - click(element): null

27-02-2025T17:34:18 - [TEST_STEP][PASSED] - scrollToObject(elem): null

27-02-2025T17:34:18 - [TEST_STEP][PASSED] - loc = element.getLocation(): null

27-02-2025T17:34:18 - [TEST_STEP][PASSED] - if (debug): null

27-02-2025T17:34:18 - [TEST_STEP][PASSED] - y = loc.getY(): null

27-02-2025T17:34:18 - [TEST_STEP][PASSED] - println("Y location is " + y): null

27-02-2025T17:34:18 - [TEST_STEP][PASSED] - top = getViewportTopPosition(): Current viewport's top (y) position is 289

27-02-2025T17:34:18 - [MESSAGE][PASSED] - Current viewport's top (y) position is 289

27-02-2025T17:34:18 - [TEST_STEP][PASSED] - println("Viewport top is " + top): null

27-02-2025T17:34:18 - [TEST_STEP][PASSED] - bottom = top + 600: null

27-02-2025T17:34:18 - [TEST_STEP][PASSED] - if (y - top < 150 || bottom - y < 10): null

27-02-2025T17:34:18 - [TEST_STEP][PASSED] - elem.click(): null

27-02-2025T17:34:18 - [TEST_STEP][PASSED] - myValue = element.getAttribute("value"): null

27-02-2025T17:34:18 - [TEST_STEP][PASSED] - if (debug): null

27-02-2025T17:34:18 - [TEST_STEP][PASSED] - if (myValue.length() >= 4): null

27-02-2025T17:34:18 - [TEST_STEP][PASSED] - if (myValue.substring(0, 4) == "(!) "): null

27-02-2025T17:34:18 - [TEST_STEP][PASSED] - myType = element.getAttribute("type"): null

27-02-2025T17:34:18 - [TEST_STEP][PASSED] - if (myValue in varParms[i]): null

27-02-2025T17:34:18 - [TEST_STEP][PASSED] - else: null

27-02-2025T17:34:18 - [TEST_STEP][PASSED] - inList = false: null

27-02-2025T17:34:18 - [TEST_STEP][PASSED] - if (myType == "checkbox"): null

27-02-2025T17:34:18 - [TEST_STEP][PASSED] - myStatus = element.isSelected(): null

27-02-2025T17:34:18 - [TEST_STEP][PASSED] - if (debug): null

27-02-2025T17:34:18 - [TEST_STEP][PASSED] - if (toggle && myStatus && inList): null

27-02-2025T17:34:18 - [TEST_STEP][PASSED] - if (!(myStatus) && inList || myStatus && !(inList)): null

27-02-2025T17:34:18 - [TEST_STEP][PASSED] - myValue = element.getAttribute("value"): null

27-02-2025T17:34:18 - [TEST_STEP][PASSED] - if (debug): null

27-02-2025T17:34:18 - [TEST_STEP][PASSED] - if (myValue.length() >= 4): null

27-02-2025T17:34:18 - [TEST_STEP][PASSED] - if (myValue.substring(0, 4) == "(!) "): null

27-02-2025T17:34:18 - [TEST_STEP][PASSED] - myType = element.getAttribute("type"): null

27-02-2025T17:34:18 - [TEST_STEP][PASSED] - if (myValue in varParms[i]): null

27-02-2025T17:34:18 - [TEST_STEP][PASSED] - else: null

27-02-2025T17:34:18 - [TEST_STEP][PASSED] - inList = false: null

27-02-2025T17:34:18 - [TEST_STEP][PASSED] - if (myType == "checkbox"): null

27-02-2025T17:34:18 - [TEST_STEP][PASSED] - myStatus = element.isSelected(): null

27-02-2025T17:34:18 - [TEST_STEP][PASSED] - if (debug): null

27-02-2025T17:34:18 - [TEST_STEP][PASSED] - if (toggle && myStatus && inList): null

27-02-2025T17:34:18 - [TEST_STEP][PASSED] - if (!(myStatus) && inList || myStatus && !(inList)): null

27-02-2025T17:34:18 - [TEST_STEP][PASSED] - myValue = element.getAttribute("value"): null

27-02-2025T17:34:18 - [TEST_STEP][PASSED] - if (debug): null

27-02-2025T17:34:18 - [TEST_STEP][PASSED] - if (myValue.length() >= 4): null

27-02-2025T17:34:18 - [TEST_STEP][PASSED] - if (myValue.substring(0, 4) == "(!) "): null

27-02-2025T17:34:18 - [TEST_STEP][PASSED] - myType = element.getAttribute("type"): null

27-02-2025T17:34:18 - [TEST_STEP][PASSED] - if (myValue in varParms[i]): null

27-02-2025T17:34:18 - [TEST_STEP][PASSED] - else: null

27-02-2025T17:34:18 - [TEST_STEP][PASSED] - inList = false: null

27-02-2025T17:34:18 - [TEST_STEP][PASSED] - if (myType == "checkbox"): null

27-02-2025T17:34:18 - [TEST_STEP][PASSED] - myStatus = element.isSelected(): null

27-02-2025T17:34:18 - [TEST_STEP][PASSED] - if (debug): null

27-02-2025T17:34:18 - [TEST_STEP][PASSED] - if (toggle && myStatus && inList): null

27-02-2025T17:34:18 - [TEST_STEP][PASSED] - if (!(myStatus) && inList || myStatus && !(inList)): null

27-02-2025T17:34:18 - [TEST_STEP][PASSED] - myValue = element.getAttribute("value"): null

27-02-2025T17:34:18 - [TEST_STEP][PASSED] - if (debug): null

27-02-2025T17:34:18 - [TEST_STEP][PASSED] - if (myValue.length() >= 4): null

27-02-2025T17:34:18 - [TEST_STEP][PASSED] - if (myValue.substring(0, 4) == "(!) "): null

27-02-2025T17:34:18 - [TEST_STEP][PASSED] - myType = element.getAttribute("type"): null

27-02-2025T17:34:18 - [TEST_STEP][PASSED] - if (myValue in varParms[i]): null

27-02-2025T17:34:18 - [TEST_STEP][PASSED] - else: null

27-02-2025T17:34:18 - [TEST_STEP][PASSED] - inList = false: null

27-02-2025T17:34:18 - [TEST_STEP][PASSED] - if (myType == "checkbox"): null

27-02-2025T17:34:18 - [TEST_STEP][PASSED] - myStatus = element.isSelected(): null

27-02-2025T17:34:18 - [TEST_STEP][PASSED] - if (debug): null

27-02-2025T17:34:18 - [TEST_STEP][PASSED] - if (toggle && myStatus && inList): null

27-02-2025T17:34:18 - [TEST_STEP][PASSED] - if (!(myStatus) && inList || myStatus && !(inList)): null

27-02-2025T17:34:18 - [TEST_STEP][PASSED] - myValue = element.getAttribute("value"): null

27-02-2025T17:34:18 - [TEST_STEP][PASSED] - if (debug): null

27-02-2025T17:34:18 - [TEST_STEP][PASSED] - if (myValue.length() >= 4): null

27-02-2025T17:34:18 - [TEST_STEP][PASSED] - if (myValue.substring(0, 4) == "(!) "): null

27-02-2025T17:34:18 - [TEST_STEP][PASSED] - myType = element.getAttribute("type"): null

27-02-2025T17:34:18 - [TEST_STEP][PASSED] - if (myValue in varParms[i]): null

27-02-2025T17:34:18 - [TEST_STEP][PASSED] - else: null

27-02-2025T17:34:18 - [TEST_STEP][PASSED] - inList = false: null

27-02-2025T17:34:18 - [TEST_STEP][PASSED] - if (myType == "checkbox"): null

27-02-2025T17:34:18 - [TEST_STEP][PASSED] - myStatus = element.isSelected(): null

27-02-2025T17:34:18 - [TEST_STEP][PASSED] - if (debug): null

27-02-2025T17:34:18 - [TEST_STEP][PASSED] - if (toggle && myStatus && inList): null

27-02-2025T17:34:18 - [TEST_STEP][PASSED] - if (!(myStatus) && inList || myStatus && !(inList)): null

27-02-2025T17:34:18 - [TEST_STEP][PASSED] - myValue = element.getAttribute("value"): null

27-02-2025T17:34:18 - [TEST_STEP][PASSED] - if (debug): null

27-02-2025T17:34:18 - [TEST_STEP][PASSED] - if (myValue.length() >= 4): null

27-02-2025T17:34:18 - [TEST_STEP][PASSED] - if (myValue.substring(0, 4) == "(!) "): null

27-02-2025T17:34:18 - [TEST_STEP][PASSED] - myType = element.getAttribute("type"): null

27-02-2025T17:34:18 - [TEST_STEP][PASSED] - if (myValue in varParms[i]): null

27-02-2025T17:34:18 - [TEST_STEP][PASSED] - else: null

27-02-2025T17:34:18 - [TEST_STEP][PASSED] - inList = false: null

27-02-2025T17:34:18 - [TEST_STEP][PASSED] - if (myType == "checkbox"): null

27-02-2025T17:34:18 - [TEST_STEP][PASSED] - myStatus = element.isSelected(): null

27-02-2025T17:34:18 - [TEST_STEP][PASSED] - if (debug): null

27-02-2025T17:34:18 - [TEST_STEP][PASSED] - if (toggle && myStatus && inList): null

27-02-2025T17:34:18 - [TEST_STEP][PASSED] - if (!(myStatus) && inList || myStatus && !(inList)): null

27-02-2025T17:34:18 - [TEST_STEP][PASSED] - myValue = element.getAttribute("value"): null

27-02-2025T17:34:18 - [TEST_STEP][PASSED] - if (debug): null

27-02-2025T17:34:18 - [TEST_STEP][PASSED] - if (myValue.length() >= 4): null

27-02-2025T17:34:18 - [TEST_STEP][PASSED] - if (myValue.substring(0, 4) == "(!) "): null

27-02-2025T17:34:18 - [TEST_STEP][PASSED] - myType = element.getAttribute("type"): null

27-02-2025T17:34:18 - [TEST_STEP][PASSED] - if (myValue in varParms[i]): null

27-02-2025T17:34:18 - [TEST_STEP][PASSED] - else: null

27-02-2025T17:34:18 - [TEST_STEP][PASSED] - inList = false: null

27-02-2025T17:34:18 - [TEST_STEP][PASSED] - if (myType == "checkbox"): null

27-02-2025T17:34:18 - [TEST_STEP][PASSED] - myStatus = element.isSelected(): null

27-02-2025T17:34:18 - [TEST_STEP][PASSED] - if (debug): null

27-02-2025T17:34:18 - [TEST_STEP][PASSED] - if (toggle && myStatus && inList): null

27-02-2025T17:34:18 - [TEST_STEP][PASSED] - if (!(myStatus) && inList || myStatus && !(inList)): null

27-02-2025T17:34:18 - [TEST_STEP][PASSED] - myValue = element.getAttribute("value"): null

27-02-2025T17:34:18 - [TEST_STEP][PASSED] - if (debug): null

27-02-2025T17:34:18 - [TEST_STEP][PASSED] - if (myValue.length() >= 4): null

27-02-2025T17:34:18 - [TEST_STEP][PASSED] - if (myValue.substring(0, 4) == "(!) "): null

27-02-2025T17:34:18 - [TEST_STEP][PASSED] - myType = element.getAttribute("type"): null

27-02-2025T17:34:18 - [TEST_STEP][PASSED] - if (myValue in varParms[i]): null

27-02-2025T17:34:18 - [TEST_STEP][PASSED] - else: null

27-02-2025T17:34:18 - [TEST_STEP][PASSED] - inList = false: null

27-02-2025T17:34:18 - [TEST_STEP][PASSED] - if (myType == "checkbox"): null

27-02-2025T17:34:18 - [TEST_STEP][PASSED] - myStatus = element.isSelected(): null

27-02-2025T17:34:18 - [TEST_STEP][PASSED] - if (debug): null

27-02-2025T17:34:18 - [TEST_STEP][PASSED] - if (toggle && myStatus && inList): null

27-02-2025T17:34:18 - [TEST_STEP][PASSED] - if (!(myStatus) && inList || myStatus && !(inList)): null

27-02-2025T17:34:18 - [TEST_STEP][PASSED] - myValue = element.getAttribute("value"): null

27-02-2025T17:34:18 - [TEST_STEP][PASSED] - if (debug): null

27-02-2025T17:34:18 - [TEST_STEP][PASSED] - if (myValue.length() >= 4): null

27-02-2025T17:34:18 - [TEST_STEP][PASSED] - if (myValue.substring(0, 4) == "(!) "): null

27-02-2025T17:34:18 - [TEST_STEP][PASSED] - myType = element.getAttribute("type"): null

27-02-2025T17:34:18 - [TEST_STEP][PASSED] - if (myValue in varParms[i]): null

27-02-2025T17:34:18 - [TEST_STEP][PASSED] - inList = true: null

27-02-2025T17:34:18 - [TEST_STEP][PASSED] - if (myType == "checkbox"): null

27-02-2025T17:34:18 - [TEST_STEP][PASSED] - myStatus = element.isSelected(): null

27-02-2025T17:34:18 - [TEST_STEP][PASSED] - if (debug): null

27-02-2025T17:34:18 - [TEST_STEP][PASSED] - if (toggle && myStatus && inList): null

27-02-2025T17:34:18 - [TEST_STEP][PASSED] - if (!(myStatus) && inList || myStatus && !(inList)): null

27-02-2025T17:34:18 - [TEST_STEP][PASSED] - if (debug): null

27-02-2025T17:34:18 - [TEST_STEP][PASSED] - println("Clicking " + myValue): null

27-02-2025T17:34:18 - [TEST_STEP][PASSED] - click(element): null

27-02-2025T17:34:18 - [TEST_STEP][PASSED] - scrollToObject(elem): null

27-02-2025T17:34:18 - [TEST_STEP][PASSED] - loc = element.getLocation(): null

27-02-2025T17:34:18 - [TEST_STEP][PASSED] - if (debug): null

27-02-2025T17:34:18 - [TEST_STEP][PASSED] - y = loc.getY(): null

27-02-2025T17:34:18 - [TEST_STEP][PASSED] - println("Y location is " + y): null

27-02-2025T17:34:18 - [TEST_STEP][PASSED] - top = getViewportTopPosition(): Current viewport's top (y) position is 289

27-02-2025T17:34:18 - [MESSAGE][PASSED] - Current viewport's top (y) position is 289

27-02-2025T17:34:18 - [TEST_STEP][PASSED] - println("Viewport top is " + top): null

27-02-2025T17:34:18 - [TEST_STEP][PASSED] - bottom = top + 600: null

27-02-2025T17:34:18 - [TEST_STEP][PASSED] - if (y - top < 150 || bottom - y < 10): null

27-02-2025T17:34:18 - [TEST_STEP][PASSED] - elem.click(): null

27-02-2025T17:34:18 - [TEST_STEP][PASSED] - myValue = element.getAttribute("value"): null

27-02-2025T17:34:18 - [TEST_STEP][PASSED] - if (debug): null

27-02-2025T17:34:18 - [TEST_STEP][PASSED] - if (myValue.length() >= 4): null

27-02-2025T17:34:18 - [TEST_STEP][PASSED] - if (myValue.substring(0, 4) == "(!) "): null

27-02-2025T17:34:18 - [TEST_STEP][PASSED] - myType = element.getAttribute("type"): null

27-02-2025T17:34:18 - [TEST_STEP][PASSED] - if (myValue in varParms[i]): null

27-02-2025T17:34:18 - [TEST_STEP][PASSED] - else: null

27-02-2025T17:34:18 - [TEST_STEP][PASSED] - inList = false: null

27-02-2025T17:34:18 - [TEST_STEP][PASSED] - if (myType == "checkbox"): null

27-02-2025T17:34:18 - [TEST_STEP][PASSED] - myStatus = element.isSelected(): null

27-02-2025T17:34:18 - [TEST_STEP][PASSED] - if (debug): null

27-02-2025T17:34:18 - [TEST_STEP][PASSED] - if (toggle && myStatus && inList): null

27-02-2025T17:34:18 - [TEST_STEP][PASSED] - if (!(myStatus) && inList || myStatus && !(inList)): null

27-02-2025T17:34:18 - [TEST_STEP][PASSED] - myValue = element.getAttribute("value"): null

27-02-2025T17:34:18 - [TEST_STEP][PASSED] - if (debug): null

27-02-2025T17:34:18 - [TEST_STEP][PASSED] - if (myValue.length() >= 4): null

27-02-2025T17:34:18 - [TEST_STEP][PASSED] - if (myValue.substring(0, 4) == "(!) "): null

27-02-2025T17:34:18 - [TEST_STEP][PASSED] - myType = element.getAttribute("type"): null

27-02-2025T17:34:18 - [TEST_STEP][PASSED] - if (myValue in varParms[i]): null

27-02-2025T17:34:18 - [TEST_STEP][PASSED] - inList = true: null

27-02-2025T17:34:18 - [TEST_STEP][PASSED] - if (myType == "checkbox"): null

27-02-2025T17:34:18 - [TEST_STEP][PASSED] - myStatus = element.isSelected(): null

27-02-2025T17:34:18 - [TEST_STEP][PASSED] - if (debug): null

27-02-2025T17:34:18 - [TEST_STEP][PASSED] - if (toggle && myStatus && inList): null

27-02-2025T17:34:18 - [TEST_STEP][PASSED] - if (!(myStatus) && inList || myStatus && !(inList)): null

27-02-2025T17:34:18 - [TEST_STEP][PASSED] - if (debug): null

27-02-2025T17:34:18 - [TEST_STEP][PASSED] - println("Clicking " + myValue): null

27-02-2025T17:34:18 - [TEST_STEP][PASSED] - click(element): null

27-02-2025T17:34:18 - [TEST_STEP][PASSED] - scrollToObject(elem): null

27-02-2025T17:34:18 - [TEST_STEP][PASSED] - loc = element.getLocation(): null

27-02-2025T17:34:18 - [TEST_STEP][PASSED] - if (debug): null

27-02-2025T17:34:18 - [TEST_STEP][PASSED] - y = loc.getY(): null

27-02-2025T17:34:18 - [TEST_STEP][PASSED] - println("Y location is " + y): null

27-02-2025T17:34:18 - [TEST_STEP][PASSED] - top = getViewportTopPosition(): Current viewport's top (y) position is 289

27-02-2025T17:34:18 - [MESSAGE][PASSED] - Current viewport's top (y) position is 289

27-02-2025T17:34:18 - [TEST_STEP][PASSED] - println("Viewport top is " + top): null

27-02-2025T17:34:18 - [TEST_STEP][PASSED] - bottom = top + 600: null

27-02-2025T17:34:18 - [TEST_STEP][PASSED] - if (y - top < 150 || bottom - y < 10): null

27-02-2025T17:34:18 - [TEST_STEP][PASSED] - elem.click(): null

27-02-2025T17:34:18 - [TEST_STEP][PASSED] - myValue = element.getAttribute("value"): null

27-02-2025T17:34:18 - [TEST_STEP][PASSED] - if (debug): null

27-02-2025T17:34:18 - [TEST_STEP][PASSED] - if (myValue.length() >= 4): null

27-02-2025T17:34:18 - [TEST_STEP][PASSED] - if (myValue.substring(0, 4) == "(!) "): null

27-02-2025T17:34:18 - [TEST_STEP][PASSED] - myType = element.getAttribute("type"): null

27-02-2025T17:34:18 - [TEST_STEP][PASSED] - if (myValue in varParms[i]): null

27-02-2025T17:34:18 - [TEST_STEP][PASSED] - inList = true: null

27-02-2025T17:34:18 - [TEST_STEP][PASSED] - if (myType == "checkbox"): null

27-02-2025T17:34:18 - [TEST_STEP][PASSED] - myStatus = element.isSelected(): null

27-02-2025T17:34:18 - [TEST_STEP][PASSED] - if (debug): null

27-02-2025T17:34:18 - [TEST_STEP][PASSED] - if (toggle && myStatus && inList): null

27-02-2025T17:34:18 - [TEST_STEP][PASSED] - if (!(myStatus) && inList || myStatus && !(inList)): null

27-02-2025T17:34:18 - [TEST_STEP][PASSED] - if (debug): null

27-02-2025T17:34:18 - [TEST_STEP][PASSED] - println("Clicking " + myValue): null

27-02-2025T17:34:18 - [TEST_STEP][PASSED] - click(element): null

27-02-2025T17:34:18 - [TEST_STEP][PASSED] - scrollToObject(elem): null

27-02-2025T17:34:18 - [TEST_STEP][PASSED] - loc = element.getLocation(): null

27-02-2025T17:34:18 - [TEST_STEP][PASSED] - if (debug): null

27-02-2025T17:34:18 - [TEST_STEP][PASSED] - y = loc.getY(): null

27-02-2025T17:34:18 - [TEST_STEP][PASSED] - println("Y location is " + y): null

27-02-2025T17:34:18 - [TEST_STEP][PASSED] - top = getViewportTopPosition(): Current viewport's top (y) position is 289

27-02-2025T17:34:18 - [MESSAGE][PASSED] - Current viewport's top (y) position is 289

27-02-2025T17:34:18 - [TEST_STEP][PASSED] - println("Viewport top is " + top): null

27-02-2025T17:34:18 - [TEST_STEP][PASSED] - bottom = top + 600: null

27-02-2025T17:34:18 - [TEST_STEP][PASSED] - if (y - top < 150 || bottom - y < 10): null

27-02-2025T17:34:18 - [TEST_STEP][PASSED] - elem.click(): null

27-02-2025T17:34:18 - [TEST_STEP][PASSED] - myValue = element.getAttribute("value"): null

27-02-2025T17:34:18 - [TEST_STEP][PASSED] - if (debug): null

27-02-2025T17:34:18 - [TEST_STEP][PASSED] - if (myValue.length() >= 4): null

27-02-2025T17:34:18 - [TEST_STEP][PASSED] - if (myValue.substring(0, 4) == "(!) "): null

27-02-2025T17:34:18 - [TEST_STEP][PASSED] - myType = element.getAttribute("type"): null

27-02-2025T17:34:18 - [TEST_STEP][PASSED] - if (myValue in varParms[i]): null

27-02-2025T17:34:18 - [TEST_STEP][PASSED] - else: null

27-02-2025T17:34:18 - [TEST_STEP][PASSED] - inList = false: null

27-02-2025T17:34:18 - [TEST_STEP][PASSED] - if (myType == "checkbox"): null

27-02-2025T17:34:18 - [TEST_STEP][PASSED] - myStatus = element.isSelected(): null

27-02-2025T17:34:18 - [TEST_STEP][PASSED] - if (debug): null

27-02-2025T17:34:18 - [TEST_STEP][PASSED] - if (toggle && myStatus && inList): null

27-02-2025T17:34:18 - [TEST_STEP][PASSED] - if (!(myStatus) && inList || myStatus && !(inList)): null

27-02-2025T17:34:18 - [TEST_STEP][PASSED] - myValue = element.getAttribute("value"): null

27-02-2025T17:34:18 - [TEST_STEP][PASSED] - if (debug): null

27-02-2025T17:34:18 - [TEST_STEP][PASSED] - if (myValue.length() >= 4): null

27-02-2025T17:34:18 - [TEST_STEP][PASSED] - if (myValue.substring(0, 4) == "(!) "): null

27-02-2025T17:34:18 - [TEST_STEP][PASSED] - myType = element.getAttribute("type"): null

27-02-2025T17:34:18 - [TEST_STEP][PASSED] - if (myValue in varParms[i]): null

27-02-2025T17:34:18 - [TEST_STEP][PASSED] - inList = true: null

27-02-2025T17:34:18 - [TEST_STEP][PASSED] - if (myType == "checkbox"): null

27-02-2025T17:34:18 - [TEST_STEP][PASSED] - myStatus = element.isSelected(): null

27-02-2025T17:34:18 - [TEST_STEP][PASSED] - if (debug): null

27-02-2025T17:34:18 - [TEST_STEP][PASSED] - if (toggle && myStatus && inList): null

27-02-2025T17:34:18 - [TEST_STEP][PASSED] - if (!(myStatus) && inList || myStatus && !(inList)): null

27-02-2025T17:34:18 - [TEST_STEP][PASSED] - if (debug): null

27-02-2025T17:34:18 - [TEST_STEP][PASSED] - println("Clicking " + myValue): null

27-02-2025T17:34:18 - [TEST_STEP][PASSED] - click(element): null

27-02-2025T17:34:18 - [TEST_STEP][PASSED] - scrollToObject(elem): null

27-02-2025T17:34:18 - [TEST_STEP][PASSED] - loc = element.getLocation(): null

27-02-2025T17:34:18 - [TEST_STEP][PASSED] - if (debug): null

27-02-2025T17:34:18 - [TEST_STEP][PASSED] - y = loc.getY(): null

27-02-2025T17:34:18 - [TEST_STEP][PASSED] - println("Y location is " + y): null

27-02-2025T17:34:18 - [TEST_STEP][PASSED] - top = getViewportTopPosition(): Current viewport's top (y) position is 289

27-02-2025T17:34:18 - [MESSAGE][PASSED] - Current viewport's top (y) position is 289

27-02-2025T17:34:18 - [TEST_STEP][PASSED] - println("Viewport top is " + top): null

27-02-2025T17:34:18 - [TEST_STEP][PASSED] - bottom = top + 600: null

27-02-2025T17:34:18 - [TEST_STEP][PASSED] - if (y - top < 150 || bottom - y < 10): null

27-02-2025T17:34:18 - [TEST_STEP][PASSED] - elem.click(): null

27-02-2025T17:34:18 - [TEST_STEP][PASSED] - myValue = element.getAttribute("value"): null

27-02-2025T17:34:18 - [TEST_STEP][PASSED] - if (debug): null

27-02-2025T17:34:18 - [TEST_STEP][PASSED] - if (myValue.length() >= 4): null

27-02-2025T17:34:18 - [TEST_STEP][PASSED] - if (myValue.substring(0, 4) == "(!) "): null

27-02-2025T17:34:18 - [TEST_STEP][PASSED] - myType = element.getAttribute("type"): null

27-02-2025T17:34:18 - [TEST_STEP][PASSED] - if (myValue in varParms[i]): null

27-02-2025T17:34:18 - [TEST_STEP][PASSED] - inList = true: null

27-02-2025T17:34:18 - [TEST_STEP][PASSED] - if (myType == "checkbox"): null

27-02-2025T17:34:18 - [TEST_STEP][PASSED] - myStatus = element.isSelected(): null

27-02-2025T17:34:18 - [TEST_STEP][PASSED] - if (debug): null

27-02-2025T17:34:18 - [TEST_STEP][PASSED] - if (toggle && myStatus && inList): null

27-02-2025T17:34:18 - [TEST_STEP][PASSED] - if (!(myStatus) && inList || myStatus && !(inList)): null

27-02-2025T17:34:18 - [TEST_STEP][PASSED] - if (debug): null

27-02-2025T17:34:18 - [TEST_STEP][PASSED] - println("Clicking " + myValue): null

27-02-2025T17:34:18 - [TEST_STEP][PASSED] - click(element): null

27-02-2025T17:34:18 - [TEST_STEP][PASSED] - scrollToObject(elem): null

27-02-2025T17:34:18 - [TEST_STEP][PASSED] - loc = element.getLocation(): null

27-02-2025T17:34:18 - [TEST_STEP][PASSED] - if (debug): null

27-02-2025T17:34:18 - [TEST_STEP][PASSED] - y = loc.getY(): null

27-02-2025T17:34:18 - [TEST_STEP][PASSED] - println("Y location is " + y): null

27-02-2025T17:34:18 - [TEST_STEP][PASSED] - top = getViewportTopPosition(): Current viewport's top (y) position is 289

27-02-2025T17:34:18 - [MESSAGE][PASSED] - Current viewport's top (y) position is 289

27-02-2025T17:34:18 - [TEST_STEP][PASSED] - println("Viewport top is " + top): null

27-02-2025T17:34:18 - [TEST_STEP][PASSED] - bottom = top + 600: null

27-02-2025T17:34:18 - [TEST_STEP][PASSED] - if (y - top < 150 || bottom - y < 10): null

27-02-2025T17:34:18 - [TEST_STEP][PASSED] - elem.click(): null

27-02-2025T17:34:18 - [TEST_STEP][PASSED] - myValue = element.getAttribute("value"): null

27-02-2025T17:34:18 - [TEST_STEP][PASSED] - if (debug): null

27-02-2025T17:34:18 - [TEST_STEP][PASSED] - if (myValue.length() >= 4): null

27-02-2025T17:34:18 - [TEST_STEP][PASSED] - if (myValue.substring(0, 4) == "(!) "): null

27-02-2025T17:34:18 - [TEST_STEP][PASSED] - myType = element.getAttribute("type"): null

27-02-2025T17:34:18 - [TEST_STEP][PASSED] - if (myValue in varParms[i]): null

27-02-2025T17:34:18 - [TEST_STEP][PASSED] - else: null

27-02-2025T17:34:18 - [TEST_STEP][PASSED] - inList = false: null

27-02-2025T17:34:18 - [TEST_STEP][PASSED] - if (myType == "checkbox"): null

27-02-2025T17:34:18 - [TEST_STEP][PASSED] - myStatus = element.isSelected(): null

27-02-2025T17:34:18 - [TEST_STEP][PASSED] - if (debug): null

27-02-2025T17:34:18 - [TEST_STEP][PASSED] - if (toggle && myStatus && inList): null

27-02-2025T17:34:18 - [TEST_STEP][PASSED] - if (!(myStatus) && inList || myStatus && !(inList)): null

27-02-2025T17:34:18 - [TEST_STEP][PASSED] - myValue = element.getAttribute("value"): null

27-02-2025T17:34:18 - [TEST_STEP][PASSED] - if (debug): null

27-02-2025T17:34:18 - [TEST_STEP][PASSED] - if (myValue.length() >= 4): null

27-02-2025T17:34:18 - [TEST_STEP][PASSED] - if (myValue.substring(0, 4) == "(!) "): null

27-02-2025T17:34:18 - [TEST_STEP][PASSED] - myType = element.getAttribute("type"): null

27-02-2025T17:34:18 - [TEST_STEP][PASSED] - if (myValue in varParms[i]): null

27-02-2025T17:34:18 - [TEST_STEP][PASSED] - else: null

27-02-2025T17:34:18 - [TEST_STEP][PASSED] - inList = false: null

27-02-2025T17:34:18 - [TEST_STEP][PASSED] - if (myType == "checkbox"): null

27-02-2025T17:34:18 - [TEST_STEP][PASSED] - myStatus = element.isSelected(): null

27-02-2025T17:34:18 - [TEST_STEP][PASSED] - if (debug): null

27-02-2025T17:34:18 - [TEST_STEP][PASSED] - if (toggle && myStatus && inList): null

27-02-2025T17:34:18 - [TEST_STEP][PASSED] - if (!(myStatus) && inList || myStatus && !(inList)): null

27-02-2025T17:34:18 - [TEST_STEP][PASSED] - myValue = element.getAttribute("value"): null

27-02-2025T17:34:18 - [TEST_STEP][PASSED] - if (debug): null

27-02-2025T17:34:18 - [TEST_STEP][PASSED] - if (myValue.length() >= 4): null

27-02-2025T17:34:18 - [TEST_STEP][PASSED] - if (myValue.substring(0, 4) == "(!) "): null

27-02-2025T17:34:18 - [TEST_STEP][PASSED] - myType = element.getAttribute("type"): null

27-02-2025T17:34:18 - [TEST_STEP][PASSED] - if (myValue in varParms[i]): null

27-02-2025T17:34:18 - [TEST_STEP][PASSED] - inList = true: null

27-02-2025T17:34:18 - [TEST_STEP][PASSED] - if (myType == "checkbox"): null

27-02-2025T17:34:18 - [TEST_STEP][PASSED] - myStatus = element.isSelected(): null

27-02-2025T17:34:18 - [TEST_STEP][PASSED] - if (debug): null

27-02-2025T17:34:18 - [TEST_STEP][PASSED] - if (toggle && myStatus && inList): null

27-02-2025T17:34:18 - [TEST_STEP][PASSED] - if (!(myStatus) && inList || myStatus && !(inList)): null

27-02-2025T17:34:18 - [TEST_STEP][PASSED] - if (debug): null

27-02-2025T17:34:18 - [TEST_STEP][PASSED] - println("Clicking " + myValue): null

27-02-2025T17:34:18 - [TEST_STEP][PASSED] - click(element): null

27-02-2025T17:34:18 - [TEST_STEP][PASSED] - scrollToObject(elem): null

27-02-2025T17:34:18 - [TEST_STEP][PASSED] - loc = element.getLocation(): null

27-02-2025T17:34:18 - [TEST_STEP][PASSED] - if (debug): null

27-02-2025T17:34:18 - [TEST_STEP][PASSED] - y = loc.getY(): null

27-02-2025T17:34:18 - [TEST_STEP][PASSED] - println("Y location is " + y): null

27-02-2025T17:34:18 - [TEST_STEP][PASSED] - top = getViewportTopPosition(): Current viewport's top (y) position is 289

27-02-2025T17:34:18 - [MESSAGE][PASSED] - Current viewport's top (y) position is 289

27-02-2025T17:34:18 - [TEST_STEP][PASSED] - println("Viewport top is " + top): null

27-02-2025T17:34:18 - [TEST_STEP][PASSED] - bottom = top + 600: null

27-02-2025T17:34:18 - [TEST_STEP][PASSED] - if (y - top < 150 || bottom - y < 10): null

27-02-2025T17:34:18 - [TEST_STEP][PASSED] - elem.click(): null

27-02-2025T17:34:18 - [TEST_STEP][PASSED] - myValue = element.getAttribute("value"): null

27-02-2025T17:34:18 - [TEST_STEP][PASSED] - if (debug): null

27-02-2025T17:34:18 - [TEST_STEP][PASSED] - if (myValue.length() >= 4): null

27-02-2025T17:34:18 - [TEST_STEP][PASSED] - if (myValue.substring(0, 4) == "(!) "): null

27-02-2025T17:34:18 - [TEST_STEP][PASSED] - myType = element.getAttribute("type"): null

27-02-2025T17:34:18 - [TEST_STEP][PASSED] - if (myValue in varParms[i]): null

27-02-2025T17:34:18 - [TEST_STEP][PASSED] - inList = true: null

27-02-2025T17:34:18 - [TEST_STEP][PASSED] - if (myType == "checkbox"): null

27-02-2025T17:34:18 - [TEST_STEP][PASSED] - myStatus = element.isSelected(): null

27-02-2025T17:34:18 - [TEST_STEP][PASSED] - if (debug): null

27-02-2025T17:34:18 - [TEST_STEP][PASSED] - if (toggle && myStatus && inList): null

27-02-2025T17:34:18 - [TEST_STEP][PASSED] - if (!(myStatus) && inList || myStatus && !(inList)): null

27-02-2025T17:34:18 - [TEST_STEP][PASSED] - if (debug): null

27-02-2025T17:34:18 - [TEST_STEP][PASSED] - println("Clicking " + myValue): null

27-02-2025T17:34:18 - [TEST_STEP][PASSED] - click(element): null

27-02-2025T17:34:18 - [TEST_STEP][PASSED] - scrollToObject(elem): null

27-02-2025T17:34:18 - [TEST_STEP][PASSED] - loc = element.getLocation(): null

27-02-2025T17:34:18 - [TEST_STEP][PASSED] - if (debug): null

27-02-2025T17:34:18 - [TEST_STEP][PASSED] - y = loc.getY(): null

27-02-2025T17:34:18 - [TEST_STEP][PASSED] - println("Y location is " + y): null

27-02-2025T17:34:18 - [TEST_STEP][PASSED] - top = getViewportTopPosition(): Current viewport's top (y) position is 289

27-02-2025T17:34:18 - [MESSAGE][PASSED] - Current viewport's top (y) position is 289

27-02-2025T17:34:18 - [TEST_STEP][PASSED] - println("Viewport top is " + top): null

27-02-2025T17:34:18 - [TEST_STEP][PASSED] - bottom = top + 600: null

27-02-2025T17:34:18 - [TEST_STEP][PASSED] - if (y - top < 150 || bottom - y < 10): null

27-02-2025T17:34:18 - [TEST_STEP][PASSED] - elem.click(): null

27-02-2025T17:34:18 - [TEST_STEP][PASSED] - myValue = element.getAttribute("value"): null

27-02-2025T17:34:18 - [TEST_STEP][PASSED] - if (debug): null

27-02-2025T17:34:18 - [TEST_STEP][PASSED] - if (myValue.length() >= 4): null

27-02-2025T17:34:18 - [TEST_STEP][PASSED] - if (myValue.substring(0, 4) == "(!) "): null

27-02-2025T17:34:18 - [TEST_STEP][PASSED] - myType = element.getAttribute("type"): null

27-02-2025T17:34:18 - [TEST_STEP][PASSED] - if (myValue in varParms[i]): null

27-02-2025T17:34:18 - [TEST_STEP][PASSED] - else: null

27-02-2025T17:34:18 - [TEST_STEP][PASSED] - inList = false: null

27-02-2025T17:34:18 - [TEST_STEP][PASSED] - if (myType == "checkbox"): null

27-02-2025T17:34:18 - [TEST_STEP][PASSED] - myStatus = element.isSelected(): null

27-02-2025T17:34:18 - [TEST_STEP][PASSED] - if (debug): null

27-02-2025T17:34:18 - [TEST_STEP][PASSED] - if (toggle && myStatus && inList): null

27-02-2025T17:34:18 - [TEST_STEP][PASSED] - if (!(myStatus) && inList || myStatus && !(inList)): null

27-02-2025T17:34:18 - [TEST_STEP][PASSED] - myValue = element.getAttribute("value"): null

27-02-2025T17:34:18 - [TEST_STEP][PASSED] - if (debug): null

27-02-2025T17:34:18 - [TEST_STEP][PASSED] - if (myValue.length() >= 4): null

27-02-2025T17:34:18 - [TEST_STEP][PASSED] - if (myValue.substring(0, 4) == "(!) "): null

27-02-2025T17:34:18 - [TEST_STEP][PASSED] - myType = element.getAttribute("type"): null

27-02-2025T17:34:18 - [TEST_STEP][PASSED] - if (myValue in varParms[i]): null

27-02-2025T17:34:18 - [TEST_STEP][PASSED] - else: null

27-02-2025T17:34:18 - [TEST_STEP][PASSED] - inList = false: null

27-02-2025T17:34:18 - [TEST_STEP][PASSED] - if (myType == "checkbox"): null

27-02-2025T17:34:18 - [TEST_STEP][PASSED] - myStatus = element.isSelected(): null

27-02-2025T17:34:18 - [TEST_STEP][PASSED] - if (debug): null

27-02-2025T17:34:18 - [TEST_STEP][PASSED] - if (toggle && myStatus && inList): null

27-02-2025T17:34:18 - [TEST_STEP][PASSED] - if (!(myStatus) && inList || myStatus && !(inList)): null

27-02-2025T17:34:18 - [TEST_STEP][PASSED] - myValue = element.getAttribute("value"): null

27-02-2025T17:34:18 - [TEST_STEP][PASSED] - if (debug): null

27-02-2025T17:34:18 - [TEST_STEP][PASSED] - if (myValue.length() >= 4): null

27-02-2025T17:34:18 - [TEST_STEP][PASSED] - if (myValue.substring(0, 4) == "(!) "): null

27-02-2025T17:34:18 - [TEST_STEP][PASSED] - myType = element.getAttribute("type"): null

27-02-2025T17:34:18 - [TEST_STEP][PASSED] - if (myValue in varParms[i]): null

27-02-2025T17:34:18 - [TEST_STEP][PASSED] - else: null

27-02-2025T17:34:18 - [TEST_STEP][PASSED] - inList = false: null

27-02-2025T17:34:18 - [TEST_STEP][PASSED] - if (myType == "checkbox"): null

27-02-2025T17:34:18 - [TEST_STEP][PASSED] - myStatus = element.isSelected(): null

27-02-2025T17:34:18 - [TEST_STEP][PASSED] - if (debug): null

27-02-2025T17:34:18 - [TEST_STEP][PASSED] - if (toggle && myStatus && inList): null

27-02-2025T17:34:18 - [TEST_STEP][PASSED] - if (!(myStatus) && inList || myStatus && !(inList)): null

27-02-2025T17:34:18 - [TEST_STEP][PASSED] - myValue = element.getAttribute("value"): null

27-02-2025T17:34:18 - [TEST_STEP][PASSED] - if (debug): null

27-02-2025T17:34:18 - [TEST_STEP][PASSED] - if (myValue.length() >= 4): null

27-02-2025T17:34:18 - [TEST_STEP][PASSED] - if (myValue.substring(0, 4) == "(!) "): null

27-02-2025T17:34:18 - [TEST_STEP][PASSED] - myType = element.getAttribute("type"): null

27-02-2025T17:34:18 - [TEST_STEP][PASSED] - if (myValue in varParms[i]): null

27-02-2025T17:34:18 - [TEST_STEP][PASSED] - else: null

27-02-2025T17:34:18 - [TEST_STEP][PASSED] - inList = false: null

27-02-2025T17:34:18 - [TEST_STEP][PASSED] - if (myType == "checkbox"): null

27-02-2025T17:34:18 - [TEST_STEP][PASSED] - myStatus = element.isSelected(): null

27-02-2025T17:34:18 - [TEST_STEP][PASSED] - if (debug): null

27-02-2025T17:34:18 - [TEST_STEP][PASSED] - if (toggle && myStatus && inList): null

27-02-2025T17:34:18 - [TEST_STEP][PASSED] - if (!(myStatus) && inList || myStatus && !(inList)): null

27-02-2025T17:34:18 - [TEST_STEP][PASSED] - myValue = element.getAttribute("value"): null

27-02-2025T17:34:18 - [TEST_STEP][PASSED] - if (debug): null

27-02-2025T17:34:18 - [TEST_STEP][PASSED] - if (myValue.length() >= 4): null

27-02-2025T17:34:18 - [TEST_STEP][PASSED] - if (myValue.substring(0, 4) == "(!) "): null

27-02-2025T17:34:18 - [TEST_STEP][PASSED] - myType = element.getAttribute("type"): null

27-02-2025T17:34:18 - [TEST_STEP][PASSED] - if (myValue in varParms[i]): null

27-02-2025T17:34:18 - [TEST_STEP][PASSED] - else: null

27-02-2025T17:34:18 - [TEST_STEP][PASSED] - inList = false: null

27-02-2025T17:34:18 - [TEST_STEP][PASSED] - if (myType == "checkbox"): null

27-02-2025T17:34:18 - [TEST_STEP][PASSED] - myStatus = element.isSelected(): null

27-02-2025T17:34:18 - [TEST_STEP][PASSED] - if (debug): null

27-02-2025T17:34:18 - [TEST_STEP][PASSED] - if (toggle && myStatus && inList): null

27-02-2025T17:34:18 - [TEST_STEP][PASSED] - if (!(myStatus) && inList || myStatus && !(inList)): null

27-02-2025T17:34:18 - [TEST_STEP][PASSED] - myValue = element.getAttribute("value"): null

27-02-2025T17:34:18 - [TEST_STEP][PASSED] - if (debug): null

27-02-2025T17:34:18 - [TEST_STEP][PASSED] - if (myValue.length() >= 4): null

27-02-2025T17:34:18 - [TEST_STEP][PASSED] - if (myValue.substring(0, 4) == "(!) "): null

27-02-2025T17:34:18 - [TEST_STEP][PASSED] - myType = element.getAttribute("type"): null

27-02-2025T17:34:18 - [TEST_STEP][PASSED] - if (myValue in varParms[i]): null

27-02-2025T17:34:18 - [TEST_STEP][PASSED] - else: null

27-02-2025T17:34:18 - [TEST_STEP][PASSED] - inList = false: null

27-02-2025T17:34:18 - [TEST_STEP][PASSED] - if (myType == "checkbox"): null

27-02-2025T17:34:18 - [TEST_STEP][PASSED] - myStatus = element.isSelected(): null

27-02-2025T17:34:18 - [TEST_STEP][PASSED] - if (debug): null

27-02-2025T17:34:18 - [TEST_STEP][PASSED] - if (toggle && myStatus && inList): null

27-02-2025T17:34:18 - [TEST_STEP][PASSED] - if (!(myStatus) && inList || myStatus && !(inList)): null

27-02-2025T17:34:18 - [TEST_STEP][PASSED] - myValue = element.getAttribute("value"): null

27-02-2025T17:34:18 - [TEST_STEP][PASSED] - if (debug): null

27-02-2025T17:34:18 - [TEST_STEP][PASSED] - if (myValue.length() >= 4): null

27-02-2025T17:34:18 - [TEST_STEP][PASSED] - if (myValue.substring(0, 4) == "(!) "): null

27-02-2025T17:34:18 - [TEST_STEP][PASSED] - myType = element.getAttribute("type"): null

27-02-2025T17:34:18 - [TEST_STEP][PASSED] - if (myValue in varParms[i]): null

27-02-2025T17:34:18 - [TEST_STEP][PASSED] - else: null

27-02-2025T17:34:18 - [TEST_STEP][PASSED] - inList = false: null

27-02-2025T17:34:18 - [TEST_STEP][PASSED] - if (myType == "checkbox"): null

27-02-2025T17:34:18 - [TEST_STEP][PASSED] - myStatus = element.isSelected(): null

27-02-2025T17:34:18 - [TEST_STEP][PASSED] - if (debug): null

27-02-2025T17:34:18 - [TEST_STEP][PASSED] - if (toggle && myStatus && inList): null

27-02-2025T17:34:18 - [TEST_STEP][PASSED] - if (!(myStatus) && inList || myStatus && !(inList)): null

27-02-2025T17:34:18 - [TEST_STEP][PASSED] - myValue = element.getAttribute("value"): null

27-02-2025T17:34:18 - [TEST_STEP][PASSED] - if (debug): null

27-02-2025T17:34:18 - [TEST_STEP][PASSED] - if (myValue.length() >= 4): null

27-02-2025T17:34:18 - [TEST_STEP][PASSED] - if (myValue.substring(0, 4) == "(!) "): null

27-02-2025T17:34:18 - [TEST_STEP][PASSED] - myType = element.getAttribute("type"): null

27-02-2025T17:34:18 - [TEST_STEP][PASSED] - if (myValue in varParms[i]): null

27-02-2025T17:34:18 - [TEST_STEP][PASSED] - else: null

27-02-2025T17:34:18 - [TEST_STEP][PASSED] - inList = false: null

27-02-2025T17:34:18 - [TEST_STEP][PASSED] - if (myType == "checkbox"): null

27-02-2025T17:34:18 - [TEST_STEP][PASSED] - myStatus = element.isSelected(): null

27-02-2025T17:34:18 - [TEST_STEP][PASSED] - if (debug): null

27-02-2025T17:34:18 - [TEST_STEP][PASSED] - if (toggle && myStatus && inList): null

27-02-2025T17:34:18 - [TEST_STEP][PASSED] - if (!(myStatus) && inList || myStatus && !(inList)): null

27-02-2025T17:34:18 - [TEST_STEP][PASSED] - myValue = element.getAttribute("value"): null

27-02-2025T17:34:18 - [TEST_STEP][PASSED] - if (debug): null

27-02-2025T17:34:18 - [TEST_STEP][PASSED] - if (myValue.length() >= 4): null

27-02-2025T17:34:18 - [TEST_STEP][PASSED] - if (myValue.substring(0, 4) == "(!) "): null

27-02-2025T17:34:18 - [TEST_STEP][PASSED] - myType = element.getAttribute("type"): null

27-02-2025T17:34:18 - [TEST_STEP][PASSED] - if (myValue in varParms[i]): null

27-02-2025T17:34:18 - [TEST_STEP][PASSED] - else: null

27-02-2025T17:34:18 - [TEST_STEP][PASSED] - inList = false: null

27-02-2025T17:34:18 - [TEST_STEP][PASSED] - if (myType == "checkbox"): null

27-02-2025T17:34:18 - [TEST_STEP][PASSED] - myStatus = element.isSelected(): null

27-02-2025T17:34:18 - [TEST_STEP][PASSED] - if (debug): null

27-02-2025T17:34:18 - [TEST_STEP][PASSED] - if (toggle && myStatus && inList): null

27-02-2025T17:34:18 - [TEST_STEP][PASSED] - if (!(myStatus) && inList || myStatus && !(inList)): null

27-02-2025T17:34:18 - [TEST_STEP][PASSED] - myValue = element.getAttribute("value"): null

27-02-2025T17:34:18 - [TEST_STEP][PASSED] - if (debug): null

27-02-2025T17:34:18 - [TEST_STEP][PASSED] - if (myValue.length() >= 4): null

27-02-2025T17:34:18 - [TEST_STEP][PASSED] - if (myValue.substring(0, 4) == "(!) "): null

27-02-2025T17:34:18 - [TEST_STEP][PASSED] - myType = element.getAttribute("type"): null

27-02-2025T17:34:18 - [TEST_STEP][PASSED] - if (myValue in varParms[i]): null

27-02-2025T17:34:18 - [TEST_STEP][PASSED] - else: null

27-02-2025T17:34:18 - [TEST_STEP][PASSED] - inList = false: null

27-02-2025T17:34:18 - [TEST_STEP][PASSED] - if (myType == "checkbox"): null

27-02-2025T17:34:18 - [TEST_STEP][PASSED] - myStatus = element.isSelected(): null

27-02-2025T17:34:18 - [TEST_STEP][PASSED] - if (debug): null

27-02-2025T17:34:18 - [TEST_STEP][PASSED] - if (toggle && myStatus && inList): null

27-02-2025T17:34:18 - [TEST_STEP][PASSED] - if (!(myStatus) && inList || myStatus && !(inList)): null

27-02-2025T17:34:18 - [TEST_STEP][PASSED] - myValue = element.getAttribute("value"): null

27-02-2025T17:34:18 - [TEST_STEP][PASSED] - if (debug): null

27-02-2025T17:34:18 - [TEST_STEP][PASSED] - if (myValue.length() >= 4): null

27-02-2025T17:34:18 - [TEST_STEP][PASSED] - if (myValue.substring(0, 4) == "(!) "): null

27-02-2025T17:34:18 - [TEST_STEP][PASSED] - myType = element.getAttribute("type"): null

27-02-2025T17:34:18 - [TEST_STEP][PASSED] - if (myValue in varParms[i]): null

27-02-2025T17:34:18 - [TEST_STEP][PASSED] - else: null

27-02-2025T17:34:18 - [TEST_STEP][PASSED] - inList = false: null

27-02-2025T17:34:18 - [TEST_STEP][PASSED] - if (myType == "checkbox"): null

27-02-2025T17:34:18 - [TEST_STEP][PASSED] - myStatus = element.isSelected(): null

27-02-2025T17:34:18 - [TEST_STEP][PASSED] - if (debug): null

27-02-2025T17:34:18 - [TEST_STEP][PASSED] - if (toggle && myStatus && inList): null

27-02-2025T17:34:18 - [TEST_STEP][PASSED] - if (!(myStatus) && inList || myStatus && !(inList)): null

27-02-2025T17:34:18 - [TEST_STEP][PASSED] - myValue = element.getAttribute("value"): null

27-02-2025T17:34:18 - [TEST_STEP][PASSED] - if (debug): null

27-02-2025T17:34:18 - [TEST_STEP][PASSED] - if (myValue.length() >= 4): null

27-02-2025T17:34:18 - [TEST_STEP][PASSED] - if (myValue.substring(0, 4) == "(!) "): null

27-02-2025T17:34:18 - [TEST_STEP][PASSED] - myType = element.getAttribute("type"): null

27-02-2025T17:34:18 - [TEST_STEP][PASSED] - if (myValue in varParms[i]): null

27-02-2025T17:34:18 - [TEST_STEP][PASSED] - else: null

27-02-2025T17:34:18 - [TEST_STEP][PASSED] - inList = false: null

27-02-2025T17:34:18 - [TEST_STEP][PASSED] - if (myType == "checkbox"): null

27-02-2025T17:34:18 - [TEST_STEP][PASSED] - myStatus = element.isSelected(): null

27-02-2025T17:34:18 - [TEST_STEP][PASSED] - if (debug): null

27-02-2025T17:34:18 - [TEST_STEP][PASSED] - if (toggle && myStatus && inList): null

27-02-2025T17:34:18 - [TEST_STEP][PASSED] - if (!(myStatus) && inList || myStatus && !(inList)): null

27-02-2025T17:34:18 - [TEST_STEP][PASSED] - myValue = element.getAttribute("value"): null

27-02-2025T17:34:18 - [TEST_STEP][PASSED] - if (debug): null

27-02-2025T17:34:18 - [TEST_STEP][PASSED] - if (myValue.length() >= 4): null

27-02-2025T17:34:18 - [TEST_STEP][PASSED] - if (myValue.substring(0, 4) == "(!) "): null

27-02-2025T17:34:18 - [TEST_STEP][PASSED] - myType = element.getAttribute("type"): null

27-02-2025T17:34:18 - [TEST_STEP][PASSED] - if (myValue in varParms[i]): null

27-02-2025T17:34:18 - [TEST_STEP][PASSED] - else: null

27-02-2025T17:34:18 - [TEST_STEP][PASSED] - inList = false: null

27-02-2025T17:34:18 - [TEST_STEP][PASSED] - if (myType == "checkbox"): null

27-02-2025T17:34:18 - [TEST_STEP][PASSED] - myStatus = element.isSelected(): null

27-02-2025T17:34:18 - [TEST_STEP][PASSED] - if (debug): null

27-02-2025T17:34:18 - [TEST_STEP][PASSED] - if (toggle && myStatus && inList): null

27-02-2025T17:34:18 - [TEST_STEP][PASSED] - if (!(myStatus) && inList || myStatus && !(inList)): null

27-02-2025T17:34:18 - [TEST_STEP][PASSED] - myValue = element.getAttribute("value"): null

27-02-2025T17:34:18 - [TEST_STEP][PASSED] - if (debug): null

27-02-2025T17:34:18 - [TEST_STEP][PASSED] - if (myValue.length() >= 4): null

27-02-2025T17:34:18 - [TEST_STEP][PASSED] - if (myValue.substring(0, 4) == "(!) "): null

27-02-2025T17:34:18 - [TEST_STEP][PASSED] - myType = element.getAttribute("type"): null

27-02-2025T17:34:18 - [TEST_STEP][PASSED] - if (myValue in varParms[i]): null

27-02-2025T17:34:18 - [TEST_STEP][PASSED] - else: null

27-02-2025T17:34:18 - [TEST_STEP][PASSED] - inList = false: null

27-02-2025T17:34:18 - [TEST_STEP][PASSED] - if (myType == "checkbox"): null

27-02-2025T17:34:18 - [TEST_STEP][PASSED] - myStatus = element.isSelected(): null

27-02-2025T17:34:18 - [TEST_STEP][PASSED] - if (debug): null

27-02-2025T17:34:18 - [TEST_STEP][PASSED] - if (toggle && myStatus && inList): null

27-02-2025T17:34:18 - [TEST_STEP][PASSED] - if (!(myStatus) && inList || myStatus && !(inList)): null

27-02-2025T17:34:18 - [TEST_STEP][PASSED] - myValue = element.getAttribute("value"): null

27-02-2025T17:34:18 - [TEST_STEP][PASSED] - if (debug): null

27-02-2025T17:34:18 - [TEST_STEP][PASSED] - if (myValue.length() >= 4): null

27-02-2025T17:34:18 - [TEST_STEP][PASSED] - if (myValue.substring(0, 4) == "(!) "): null

27-02-2025T17:34:18 - [TEST_STEP][PASSED] - myType = element.getAttribute("type"): null

27-02-2025T17:34:18 - [TEST_STEP][PASSED] - if (myValue in varParms[i]): null

27-02-2025T17:34:18 - [TEST_STEP][PASSED] - else: null

27-02-2025T17:34:18 - [TEST_STEP][PASSED] - inList = false: null

27-02-2025T17:34:18 - [TEST_STEP][PASSED] - if (myType == "checkbox"): null

27-02-2025T17:34:18 - [TEST_STEP][PASSED] - myStatus = element.isSelected(): null

27-02-2025T17:34:18 - [TEST_STEP][PASSED] - if (debug): null

27-02-2025T17:34:18 - [TEST_STEP][PASSED] - if (toggle && myStatus && inList): null

27-02-2025T17:34:18 - [TEST_STEP][PASSED] - if (!(myStatus) && inList || myStatus && !(inList)): null

27-02-2025T17:34:18 - [TEST_STEP][PASSED] - myValue = element.getAttribute("value"): null

27-02-2025T17:34:18 - [TEST_STEP][PASSED] - if (debug): null

27-02-2025T17:34:18 - [TEST_STEP][PASSED] - if (myValue.length() >= 4): null

27-02-2025T17:34:18 - [TEST_STEP][PASSED] - if (myValue.substring(0, 4) == "(!) "): null

27-02-2025T17:34:18 - [TEST_STEP][PASSED] - myType = element.getAttribute("type"): null

27-02-2025T17:34:18 - [TEST_STEP][PASSED] - if (myValue in varParms[i]): null

27-02-2025T17:34:18 - [TEST_STEP][PASSED] - else: null

27-02-2025T17:34:18 - [TEST_STEP][PASSED] - inList = false: null

27-02-2025T17:34:18 - [TEST_STEP][PASSED] - if (myType == "checkbox"): null

27-02-2025T17:34:18 - [TEST_STEP][PASSED] - myStatus = element.isSelected(): null

27-02-2025T17:34:18 - [TEST_STEP][PASSED] - if (debug): null

27-02-2025T17:34:18 - [TEST_STEP][PASSED] - if (toggle && myStatus && inList): null

27-02-2025T17:34:18 - [TEST_STEP][PASSED] - if (!(myStatus) && inList || myStatus && !(inList)): null

27-02-2025T17:34:18 - [TEST_STEP][PASSED] - myValue = element.getAttribute("value"): null

27-02-2025T17:34:18 - [TEST_STEP][PASSED] - if (debug): null

27-02-2025T17:34:18 - [TEST_STEP][PASSED] - if (myValue.length() >= 4): null

27-02-2025T17:34:18 - [TEST_STEP][PASSED] - if (myValue.substring(0, 4) == "(!) "): null

27-02-2025T17:34:18 - [TEST_STEP][PASSED] - myType = element.getAttribute("type"): null

27-02-2025T17:34:18 - [TEST_STEP][PASSED] - if (myValue in varParms[i]): null

27-02-2025T17:34:18 - [TEST_STEP][PASSED] - else: null

27-02-2025T17:34:18 - [TEST_STEP][PASSED] - inList = false: null

27-02-2025T17:34:18 - [TEST_STEP][PASSED] - if (myType == "checkbox"): null

27-02-2025T17:34:18 - [TEST_STEP][PASSED] - myStatus = element.isSelected(): null

27-02-2025T17:34:18 - [TEST_STEP][PASSED] - if (debug): null

27-02-2025T17:34:18 - [TEST_STEP][PASSED] - if (toggle && myStatus && inList): null

27-02-2025T17:34:18 - [TEST_STEP][PASSED] - if (!(myStatus) && inList || myStatus && !(inList)): null

27-02-2025T17:34:18 - [TEST_STEP][PASSED] - myValue = element.getAttribute("value"): null

27-02-2025T17:34:18 - [TEST_STEP][PASSED] - if (debug): null

27-02-2025T17:34:18 - [TEST_STEP][PASSED] - if (myValue.length() >= 4): null

27-02-2025T17:34:18 - [TEST_STEP][PASSED] - if (myValue.substring(0, 4) == "(!) "): null

27-02-2025T17:34:18 - [TEST_STEP][PASSED] - myType = element.getAttribute("type"): null

27-02-2025T17:34:18 - [TEST_STEP][PASSED] - if (myValue in varParms[i]): null

27-02-2025T17:34:18 - [TEST_STEP][PASSED] - else: null

27-02-2025T17:34:18 - [TEST_STEP][PASSED] - inList = false: null

27-02-2025T17:34:18 - [TEST_STEP][PASSED] - if (myType == "checkbox"): null

27-02-2025T17:34:18 - [TEST_STEP][PASSED] - myStatus = element.isSelected(): null

27-02-2025T17:34:18 - [TEST_STEP][PASSED] - if (debug): null

27-02-2025T17:34:18 - [TEST_STEP][PASSED] - if (toggle && myStatus && inList): null

27-02-2025T17:34:18 - [TEST_STEP][PASSED] - if (!(myStatus) && inList || myStatus && !(inList)): null

27-02-2025T17:34:18 - [TEST_STEP][PASSED] - myValue = element.getAttribute("value"): null

27-02-2025T17:34:18 - [TEST_STEP][PASSED] - if (debug): null

27-02-2025T17:34:18 - [TEST_STEP][PASSED] - if (myValue.length() >= 4): null

27-02-2025T17:34:18 - [TEST_STEP][PASSED] - if (myValue.substring(0, 4) == "(!) "): null

27-02-2025T17:34:18 - [TEST_STEP][PASSED] - myType = element.getAttribute("type"): null

27-02-2025T17:34:18 - [TEST_STEP][PASSED] - if (myValue in varParms[i]): null

27-02-2025T17:34:18 - [TEST_STEP][PASSED] - else: null

27-02-2025T17:34:18 - [TEST_STEP][PASSED] - inList = false: null

27-02-2025T17:34:18 - [TEST_STEP][PASSED] - if (myType == "checkbox"): null

27-02-2025T17:34:18 - [TEST_STEP][PASSED] - myStatus = element.isSelected(): null

27-02-2025T17:34:18 - [TEST_STEP][PASSED] - if (debug): null

27-02-2025T17:34:18 - [TEST_STEP][PASSED] - if (toggle && myStatus && inList): null

27-02-2025T17:34:18 - [TEST_STEP][PASSED] - if (!(myStatus) && inList || myStatus && !(inList)): null

27-02-2025T17:34:18 - [TEST_STEP][PASSED] - myValue = element.getAttribute("value"): null

27-02-2025T17:34:18 - [TEST_STEP][PASSED] - if (debug): null

27-02-2025T17:34:18 - [TEST_STEP][PASSED] - if (myValue.length() >= 4): null

27-02-2025T17:34:18 - [TEST_STEP][PASSED] - if (myValue.substring(0, 4) == "(!) "): null

27-02-2025T17:34:18 - [TEST_STEP][PASSED] - myType = element.getAttribute("type"): null

27-02-2025T17:34:18 - [TEST_STEP][PASSED] - if (myValue in varParms[i]): null

27-02-2025T17:34:18 - [TEST_STEP][PASSED] - else: null

27-02-2025T17:34:18 - [TEST_STEP][PASSED] - inList = false: null

27-02-2025T17:34:18 - [TEST_STEP][PASSED] - if (myType == "checkbox"): null

27-02-2025T17:34:18 - [TEST_STEP][PASSED] - myStatus = element.isSelected(): null

27-02-2025T17:34:18 - [TEST_STEP][PASSED] - if (debug): null

27-02-2025T17:34:18 - [TEST_STEP][PASSED] - if (toggle && myStatus && inList): null

27-02-2025T17:34:18 - [TEST_STEP][PASSED] - if (!(myStatus) && inList || myStatus && !(inList)): null

27-02-2025T17:34:18 - [TEST_STEP][PASSED] - myValue = element.getAttribute("value"): null

27-02-2025T17:34:18 - [TEST_STEP][PASSED] - if (debug): null

27-02-2025T17:34:18 - [TEST_STEP][PASSED] - if (myValue.length() >= 4): null

27-02-2025T17:34:18 - [TEST_STEP][PASSED] - if (myValue.substring(0, 4) == "(!) "): null

27-02-2025T17:34:18 - [TEST_STEP][PASSED] - myType = element.getAttribute("type"): null

27-02-2025T17:34:18 - [TEST_STEP][PASSED] - if (myValue in varParms[i]): null

27-02-2025T17:34:18 - [TEST_STEP][PASSED] - else: null

27-02-2025T17:34:18 - [TEST_STEP][PASSED] - inList = false: null

27-02-2025T17:34:18 - [TEST_STEP][PASSED] - if (myType == "checkbox"): null

27-02-2025T17:34:18 - [TEST_STEP][PASSED] - myStatus = element.isSelected(): null

27-02-2025T17:34:18 - [TEST_STEP][PASSED] - if (debug): null

27-02-2025T17:34:18 - [TEST_STEP][PASSED] - if (toggle && myStatus && inList): null

27-02-2025T17:34:18 - [TEST_STEP][PASSED] - if (!(myStatus) && inList || myStatus && !(inList)): null

27-02-2025T17:34:18 - [TEST_STEP][PASSED] - myValue = element.getAttribute("value"): null

27-02-2025T17:34:18 - [TEST_STEP][PASSED] - if (debug): null

27-02-2025T17:34:18 - [TEST_STEP][PASSED] - if (myValue.length() >= 4): null

27-02-2025T17:34:18 - [TEST_STEP][PASSED] - if (myValue.substring(0, 4) == "(!) "): null

27-02-2025T17:34:18 - [TEST_STEP][PASSED] - myType = element.getAttribute("type"): null

27-02-2025T17:34:18 - [TEST_STEP][PASSED] - if (myValue in varParms[i]): null

27-02-2025T17:34:18 - [TEST_STEP][PASSED] - else: null

27-02-2025T17:34:18 - [TEST_STEP][PASSED] - inList = false: null

27-02-2025T17:34:18 - [TEST_STEP][PASSED] - if (myType == "checkbox"): null

27-02-2025T17:34:18 - [TEST_STEP][PASSED] - myStatus = element.isSelected(): null

27-02-2025T17:34:18 - [TEST_STEP][PASSED] - if (debug): null

27-02-2025T17:34:18 - [TEST_STEP][PASSED] - if (toggle && myStatus && inList): null

27-02-2025T17:34:18 - [TEST_STEP][PASSED] - if (!(myStatus) && inList || myStatus && !(inList)): null

27-02-2025T17:34:18 - [TEST_STEP][PASSED] - myValue = element.getAttribute("value"): null

27-02-2025T17:34:18 - [TEST_STEP][PASSED] - if (debug): null

27-02-2025T17:34:18 - [TEST_STEP][PASSED] - if (myValue.length() >= 4): null

27-02-2025T17:34:18 - [TEST_STEP][PASSED] - if (myValue.substring(0, 4) == "(!) "): null

27-02-2025T17:34:18 - [TEST_STEP][PASSED] - myType = element.getAttribute("type"): null

27-02-2025T17:34:18 - [TEST_STEP][PASSED] - if (myValue in varParms[i]): null

27-02-2025T17:34:18 - [TEST_STEP][PASSED] - else: null

27-02-2025T17:34:18 - [TEST_STEP][PASSED] - inList = false: null

27-02-2025T17:34:18 - [TEST_STEP][PASSED] - if (myType == "checkbox"): null

27-02-2025T17:34:18 - [TEST_STEP][PASSED] - myStatus = element.isSelected(): null

27-02-2025T17:34:18 - [TEST_STEP][PASSED] - if (debug): null

27-02-2025T17:34:18 - [TEST_STEP][PASSED] - if (toggle && myStatus && inList): null

27-02-2025T17:34:18 - [TEST_STEP][PASSED] - if (!(myStatus) && inList || myStatus && !(inList)): null

27-02-2025T17:34:18 - [TEST_STEP][PASSED] - myValue = element.getAttribute("value"): null

27-02-2025T17:34:18 - [TEST_STEP][PASSED] - if (debug): null

27-02-2025T17:34:18 - [TEST_STEP][PASSED] - if (myValue.length() >= 4): null

27-02-2025T17:34:18 - [TEST_STEP][PASSED] - if (myValue.substring(0, 4) == "(!) "): null

27-02-2025T17:34:18 - [TEST_STEP][PASSED] - myType = element.getAttribute("type"): null

27-02-2025T17:34:18 - [TEST_STEP][PASSED] - if (myValue in varParms[i]): null

27-02-2025T17:34:18 - [TEST_STEP][PASSED] - else: null

27-02-2025T17:34:18 - [TEST_STEP][PASSED] - inList = false: null

27-02-2025T17:34:18 - [TEST_STEP][PASSED] - if (myType == "checkbox"): null

27-02-2025T17:34:18 - [TEST_STEP][PASSED] - myStatus = element.isSelected(): null

27-02-2025T17:34:18 - [TEST_STEP][PASSED] - if (debug): null

27-02-2025T17:34:18 - [TEST_STEP][PASSED] - if (toggle && myStatus && inList): null

27-02-2025T17:34:18 - [TEST_STEP][PASSED] - if (!(myStatus) && inList || myStatus && !(inList)): null

27-02-2025T17:34:18 - [TEST_STEP][PASSED] - myValue = element.getAttribute("value"): null

27-02-2025T17:34:18 - [TEST_STEP][PASSED] - if (debug): null

27-02-2025T17:34:18 - [TEST_STEP][PASSED] - if (myValue.length() >= 4): null

27-02-2025T17:34:18 - [TEST_STEP][PASSED] - if (myValue.substring(0, 4) == "(!) "): null

27-02-2025T17:34:18 - [TEST_STEP][PASSED] - myType = element.getAttribute("type"): null

27-02-2025T17:34:18 - [TEST_STEP][PASSED] - if (myValue in varParms[i]): null

27-02-2025T17:34:18 - [TEST_STEP][PASSED] - inList = true: null

27-02-2025T17:34:18 - [TEST_STEP][PASSED] - if (myType == "checkbox"): null

27-02-2025T17:34:18 - [TEST_STEP][PASSED] - myStatus = element.isSelected(): null

27-02-2025T17:34:18 - [TEST_STEP][PASSED] - if (debug): null

27-02-2025T17:34:18 - [TEST_STEP][PASSED] - if (toggle && myStatus && inList): null

27-02-2025T17:34:18 - [TEST_STEP][PASSED] - if (!(myStatus) && inList || myStatus && !(inList)): null

27-02-2025T17:34:18 - [TEST_STEP][PASSED] - if (debug): null

27-02-2025T17:34:18 - [TEST_STEP][PASSED] - println("Clicking " + myValue): null

27-02-2025T17:34:18 - [TEST_STEP][PASSED] - click(element): null

27-02-2025T17:34:18 - [TEST_STEP][PASSED] - scrollToObject(elem): null

27-02-2025T17:34:18 - [TEST_STEP][PASSED] - loc = element.getLocation(): null

27-02-2025T17:34:18 - [TEST_STEP][PASSED] - if (debug): null

27-02-2025T17:34:18 - [TEST_STEP][PASSED] - y = loc.getY(): null

27-02-2025T17:34:18 - [TEST_STEP][PASSED] - println("Y location is " + y): null

27-02-2025T17:34:18 - [TEST_STEP][PASSED] - top = getViewportTopPosition(): Current viewport's top (y) position is 289

27-02-2025T17:34:18 - [MESSAGE][PASSED] - Current viewport's top (y) position is 289

27-02-2025T17:34:18 - [TEST_STEP][PASSED] - println("Viewport top is " + top): null

27-02-2025T17:34:18 - [TEST_STEP][PASSED] - bottom = top + 600: null

27-02-2025T17:34:18 - [TEST_STEP][PASSED] - if (y - top < 150 || bottom - y < 10): Delayed 1 second(s)

27-02-2025T17:34:18 - [TEST_STEP][PASSED] - scrollToPosition(0, y - 150): Browser is scrolled to position x = 0, y = 773

27-02-2025T17:34:18 - [MESSAGE][PASSED] - Browser is scrolled to position x = 0, y = 773

27-02-2025T17:34:18 - [TEST_STEP][PASSED] - delay(1): Delayed 1 second(s)

27-02-2025T17:34:19 - [MESSAGE][PASSED] - Delayed 1 second(s)

27-02-2025T17:34:19 - [TEST_STEP][PASSED] - elem.click(): null

27-02-2025T17:34:19 - [TEST_STEP][PASSED] - myValue = element.getAttribute("value"): null

27-02-2025T17:34:19 - [TEST_STEP][PASSED] - if (debug): null

27-02-2025T17:34:19 - [TEST_STEP][PASSED] - if (myValue.length() >= 4): null

27-02-2025T17:34:19 - [TEST_STEP][PASSED] - if (myValue.substring(0, 4) == "(!) "): null

27-02-2025T17:34:19 - [TEST_STEP][PASSED] - myType = element.getAttribute("type"): null

27-02-2025T17:34:19 - [TEST_STEP][PASSED] - if (myValue in varParms[i]): null

27-02-2025T17:34:19 - [TEST_STEP][PASSED] - inList = true: null

27-02-2025T17:34:19 - [TEST_STEP][PASSED] - if (myType == "checkbox"): null

27-02-2025T17:34:19 - [TEST_STEP][PASSED] - myStatus = element.isSelected(): null

27-02-2025T17:34:19 - [TEST_STEP][PASSED] - if (debug): null

27-02-2025T17:34:19 - [TEST_STEP][PASSED] - if (toggle && myStatus && inList): null

27-02-2025T17:34:19 - [TEST_STEP][PASSED] - if (!(myStatus) && inList || myStatus && !(inList)): null

27-02-2025T17:34:19 - [TEST_STEP][PASSED] - if (debug): null

27-02-2025T17:34:19 - [TEST_STEP][PASSED] - println("Clicking " + myValue): null

27-02-2025T17:34:19 - [TEST_STEP][PASSED] - click(element): null

27-02-2025T17:34:19 - [TEST_STEP][PASSED] - scrollToObject(elem): null

27-02-2025T17:34:19 - [TEST_STEP][PASSED] - loc = element.getLocation(): null

27-02-2025T17:34:19 - [TEST_STEP][PASSED] - if (debug): null

27-02-2025T17:34:19 - [TEST_STEP][PASSED] - y = loc.getY(): null

27-02-2025T17:34:19 - [TEST_STEP][PASSED] - println("Y location is " + y): null

27-02-2025T17:34:19 - [TEST_STEP][PASSED] - top = getViewportTopPosition(): Current viewport's top (y) position is 773

27-02-2025T17:34:19 - [MESSAGE][PASSED] - Current viewport's top (y) position is 773

27-02-2025T17:34:19 - [TEST_STEP][PASSED] - println("Viewport top is " + top): null

27-02-2025T17:34:19 - [TEST_STEP][PASSED] - bottom = top + 600: null

27-02-2025T17:34:19 - [TEST_STEP][PASSED] - if (y - top < 150 || bottom - y < 10): null

27-02-2025T17:34:19 - [TEST_STEP][PASSED] - elem.click(): null

27-02-2025T17:34:19 - [TEST_STEP][PASSED] - myValue = element.getAttribute("value"): null

27-02-2025T17:34:19 - [TEST_STEP][PASSED] - if (debug): null

27-02-2025T17:34:19 - [TEST_STEP][PASSED] - if (myValue.length() >= 4): null

27-02-2025T17:34:19 - [TEST_STEP][PASSED] - if (myValue.substring(0, 4) == "(!) "): null

27-02-2025T17:34:19 - [TEST_STEP][PASSED] - myType = element.getAttribute("type"): null

27-02-2025T17:34:19 - [TEST_STEP][PASSED] - if (myValue in varParms[i]): null

27-02-2025T17:34:19 - [TEST_STEP][PASSED] - else: null

27-02-2025T17:34:19 - [TEST_STEP][PASSED] - inList = false: null

27-02-2025T17:34:19 - [TEST_STEP][PASSED] - if (myType == "checkbox"): null

27-02-2025T17:34:19 - [TEST_STEP][PASSED] - myStatus = element.isSelected(): null

27-02-2025T17:34:19 - [TEST_STEP][PASSED] - if (debug): null

27-02-2025T17:34:19 - [TEST_STEP][PASSED] - if (toggle && myStatus && inList): null

27-02-2025T17:34:19 - [TEST_STEP][PASSED] - if (!(myStatus) && inList || myStatus && !(inList)): null

27-02-2025T17:34:19 - [TEST_STEP][PASSED] - myValue = element.getAttribute("value"): null

27-02-2025T17:34:19 - [TEST_STEP][PASSED] - if (debug): null

27-02-2025T17:34:19 - [TEST_STEP][PASSED] - if (myValue.length() >= 4): null

27-02-2025T17:34:19 - [TEST_STEP][PASSED] - if (myValue.substring(0, 4) == "(!) "): null

27-02-2025T17:34:19 - [TEST_STEP][PASSED] - myType = element.getAttribute("type"): null

27-02-2025T17:34:19 - [TEST_STEP][PASSED] - if (myValue in varParms[i]): null

27-02-2025T17:34:19 - [TEST_STEP][PASSED] - else: null

27-02-2025T17:34:19 - [TEST_STEP][PASSED] - inList = false: null

27-02-2025T17:34:19 - [TEST_STEP][PASSED] - if (myType == "checkbox"): null

27-02-2025T17:34:19 - [TEST_STEP][PASSED] - myStatus = element.isSelected(): null

27-02-2025T17:34:19 - [TEST_STEP][PASSED] - if (debug): null

27-02-2025T17:34:19 - [TEST_STEP][PASSED] - if (toggle && myStatus && inList): null

27-02-2025T17:34:19 - [TEST_STEP][PASSED] - if (!(myStatus) && inList || myStatus && !(inList)): null

27-02-2025T17:34:19 - [TEST_STEP][PASSED] - myValue = element.getAttribute("value"): null

27-02-2025T17:34:19 - [TEST_STEP][PASSED] - if (debug): null

27-02-2025T17:34:19 - [TEST_STEP][PASSED] - if (myValue.length() >= 4): null

27-02-2025T17:34:19 - [TEST_STEP][PASSED] - if (myValue.substring(0, 4) == "(!) "): null

27-02-2025T17:34:19 - [TEST_STEP][PASSED] - myType = element.getAttribute("type"): null

27-02-2025T17:34:19 - [TEST_STEP][PASSED] - if (myValue in varParms[i]): null

27-02-2025T17:34:19 - [TEST_STEP][PASSED] - else: null

27-02-2025T17:34:19 - [TEST_STEP][PASSED] - inList = false: null

27-02-2025T17:34:19 - [TEST_STEP][PASSED] - if (myType == "checkbox"): null

27-02-2025T17:34:19 - [TEST_STEP][PASSED] - myStatus = element.isSelected(): null

27-02-2025T17:34:19 - [TEST_STEP][PASSED] - if (debug): null

27-02-2025T17:34:19 - [TEST_STEP][PASSED] - if (toggle && myStatus && inList): null

27-02-2025T17:34:19 - [TEST_STEP][PASSED] - if (!(myStatus) && inList || myStatus && !(inList)): null

27-02-2025T17:34:19 - [TEST_STEP][PASSED] - myValue = element.getAttribute("value"): null

27-02-2025T17:34:19 - [TEST_STEP][PASSED] - if (debug): null

27-02-2025T17:34:19 - [TEST_STEP][PASSED] - if (myValue.length() >= 4): null

27-02-2025T17:34:19 - [TEST_STEP][PASSED] - if (myValue.substring(0, 4) == "(!) "): null

27-02-2025T17:34:19 - [TEST_STEP][PASSED] - myType = element.getAttribute("type"): null

27-02-2025T17:34:19 - [TEST_STEP][PASSED] - if (myValue in varParms[i]): null

27-02-2025T17:34:19 - [TEST_STEP][PASSED] - else: null

27-02-2025T17:34:19 - [TEST_STEP][PASSED] - inList = false: null

27-02-2025T17:34:19 - [TEST_STEP][PASSED] - if (myType == "checkbox"): null

27-02-2025T17:34:19 - [TEST_STEP][PASSED] - myStatus = element.isSelected(): null

27-02-2025T17:34:19 - [TEST_STEP][PASSED] - if (debug): null

27-02-2025T17:34:19 - [TEST_STEP][PASSED] - if (toggle && myStatus && inList): null

27-02-2025T17:34:19 - [TEST_STEP][PASSED] - if (!(myStatus) && inList || myStatus && !(inList)): null

27-02-2025T17:34:19 - [TEST_STEP][PASSED] - myValue = element.getAttribute("value"): null

27-02-2025T17:34:19 - [TEST_STEP][PASSED] - if (debug): null

27-02-2025T17:34:19 - [TEST_STEP][PASSED] - if (myValue.length() >= 4): null

27-02-2025T17:34:19 - [TEST_STEP][PASSED] - if (myValue.substring(0, 4) == "(!) "): null

27-02-2025T17:34:19 - [TEST_STEP][PASSED] - myType = element.getAttribute("type"): null

27-02-2025T17:34:19 - [TEST_STEP][PASSED] - if (myValue in varParms[i]): null

27-02-2025T17:34:19 - [TEST_STEP][PASSED] - else: null

27-02-2025T17:34:19 - [TEST_STEP][PASSED] - inList = false: null

27-02-2025T17:34:19 - [TEST_STEP][PASSED] - if (myType == "checkbox"): null

27-02-2025T17:34:19 - [TEST_STEP][PASSED] - myStatus = element.isSelected(): null

27-02-2025T17:34:19 - [TEST_STEP][PASSED] - if (debug): null

27-02-2025T17:34:19 - [TEST_STEP][PASSED] - if (toggle && myStatus && inList): null

27-02-2025T17:34:19 - [TEST_STEP][PASSED] - if (!(myStatus) && inList || myStatus && !(inList)): null

27-02-2025T17:34:19 - [TEST_STEP][PASSED] - myValue = element.getAttribute("value"): null

27-02-2025T17:34:19 - [TEST_STEP][PASSED] - if (debug): null

27-02-2025T17:34:19 - [TEST_STEP][PASSED] - if (myValue.length() >= 4): null

27-02-2025T17:34:19 - [TEST_STEP][PASSED] - if (myValue.substring(0, 4) == "(!) "): null

27-02-2025T17:34:19 - [TEST_STEP][PASSED] - myType = element.getAttribute("type"): null

27-02-2025T17:34:19 - [TEST_STEP][PASSED] - if (myValue in varParms[i]): null

27-02-2025T17:34:19 - [TEST_STEP][PASSED] - else: null

27-02-2025T17:34:19 - [TEST_STEP][PASSED] - inList = false: null

27-02-2025T17:34:19 - [TEST_STEP][PASSED] - if (myType == "checkbox"): null

27-02-2025T17:34:19 - [TEST_STEP][PASSED] - myStatus = element.isSelected(): null

27-02-2025T17:34:19 - [TEST_STEP][PASSED] - if (debug): null

27-02-2025T17:34:19 - [TEST_STEP][PASSED] - if (toggle && myStatus && inList): null

27-02-2025T17:34:19 - [TEST_STEP][PASSED] - if (!(myStatus) && inList || myStatus && !(inList)): null

27-02-2025T17:34:19 - [TEST_STEP][PASSED] - myValue = element.getAttribute("value"): null

27-02-2025T17:34:19 - [TEST_STEP][PASSED] - if (debug): null

27-02-2025T17:34:19 - [TEST_STEP][PASSED] - if (myValue.length() >= 4): null

27-02-2025T17:34:19 - [TEST_STEP][PASSED] - if (myValue.substring(0, 4) == "(!) "): null

27-02-2025T17:34:19 - [TEST_STEP][PASSED] - myType = element.getAttribute("type"): null

27-02-2025T17:34:19 - [TEST_STEP][PASSED] - if (myValue in varParms[i]): null

27-02-2025T17:34:19 - [TEST_STEP][PASSED] - else: null

27-02-2025T17:34:19 - [TEST_STEP][PASSED] - inList = false: null

27-02-2025T17:34:19 - [TEST_STEP][PASSED] - if (myType == "checkbox"): null

27-02-2025T17:34:19 - [TEST_STEP][PASSED] - myStatus = element.isSelected(): null

27-02-2025T17:34:19 - [TEST_STEP][PASSED] - if (debug): null

27-02-2025T17:34:19 - [TEST_STEP][PASSED] - if (toggle && myStatus && inList): null

27-02-2025T17:34:19 - [TEST_STEP][PASSED] - if (!(myStatus) && inList || myStatus && !(inList)): null

27-02-2025T17:34:19 - [TEST_STEP][PASSED] - myValue = element.getAttribute("value"): null

27-02-2025T17:34:19 - [TEST_STEP][PASSED] - if (debug): null

27-02-2025T17:34:19 - [TEST_STEP][PASSED] - if (myValue.length() >= 4): null

27-02-2025T17:34:19 - [TEST_STEP][PASSED] - if (myValue.substring(0, 4) == "(!) "): null

27-02-2025T17:34:19 - [TEST_STEP][PASSED] - myType = element.getAttribute("type"): null

27-02-2025T17:34:19 - [TEST_STEP][PASSED] - if (myValue in varParms[i]): null

27-02-2025T17:34:19 - [TEST_STEP][PASSED] - else: null

27-02-2025T17:34:19 - [TEST_STEP][PASSED] - inList = false: null

27-02-2025T17:34:19 - [TEST_STEP][PASSED] - if (myType == "checkbox"): null

27-02-2025T17:34:19 - [TEST_STEP][PASSED] - myStatus = element.isSelected(): null

27-02-2025T17:34:19 - [TEST_STEP][PASSED] - if (debug): null

27-02-2025T17:34:19 - [TEST_STEP][PASSED] - if (toggle && myStatus && inList): null

27-02-2025T17:34:19 - [TEST_STEP][PASSED] - if (!(myStatus) && inList || myStatus && !(inList)): null

27-02-2025T17:34:19 - [TEST_STEP][PASSED] - myValue = element.getAttribute("value"): null

27-02-2025T17:34:19 - [TEST_STEP][PASSED] - if (debug): null

27-02-2025T17:34:19 - [TEST_STEP][PASSED] - if (myValue.length() >= 4): null

27-02-2025T17:34:19 - [TEST_STEP][PASSED] - if (myValue.substring(0, 4) == "(!) "): null

27-02-2025T17:34:19 - [TEST_STEP][PASSED] - myType = element.getAttribute("type"): null

27-02-2025T17:34:19 - [TEST_STEP][PASSED] - if (myValue in varParms[i]): null

27-02-2025T17:34:19 - [TEST_STEP][PASSED] - else: null

27-02-2025T17:34:19 - [TEST_STEP][PASSED] - inList = false: null

27-02-2025T17:34:19 - [TEST_STEP][PASSED] - if (myType == "checkbox"): null

27-02-2025T17:34:19 - [TEST_STEP][PASSED] - myStatus = element.isSelected(): null

27-02-2025T17:34:19 - [TEST_STEP][PASSED] - if (debug): null

27-02-2025T17:34:19 - [TEST_STEP][PASSED] - if (toggle && myStatus && inList): null

27-02-2025T17:34:19 - [TEST_STEP][PASSED] - if (!(myStatus) && inList || myStatus && !(inList)): null

27-02-2025T17:34:19 - [TEST_STEP][PASSED] - myValue = element.getAttribute("value"): null

27-02-2025T17:34:19 - [TEST_STEP][PASSED] - if (debug): null

27-02-2025T17:34:19 - [TEST_STEP][PASSED] - if (myValue.length() >= 4): null

27-02-2025T17:34:19 - [TEST_STEP][PASSED] - if (myValue.substring(0, 4) == "(!) "): null

27-02-2025T17:34:19 - [TEST_STEP][PASSED] - myType = element.getAttribute("type"): null

27-02-2025T17:34:19 - [TEST_STEP][PASSED] - if (myValue in varParms[i]): null

27-02-2025T17:34:19 - [TEST_STEP][PASSED] - else: null

27-02-2025T17:34:19 - [TEST_STEP][PASSED] - inList = false: null

27-02-2025T17:34:19 - [TEST_STEP][PASSED] - if (myType == "checkbox"): null

27-02-2025T17:34:19 - [TEST_STEP][PASSED] - myStatus = element.isSelected(): null

27-02-2025T17:34:19 - [TEST_STEP][PASSED] - if (debug): null

27-02-2025T17:34:19 - [TEST_STEP][PASSED] - if (toggle && myStatus && inList): null

27-02-2025T17:34:19 - [TEST_STEP][PASSED] - if (!(myStatus) && inList || myStatus && !(inList)): null

27-02-2025T17:34:19 - [TEST_STEP][PASSED] - myValue = element.getAttribute("value"): null

27-02-2025T17:34:19 - [TEST_STEP][PASSED] - if (debug): null

27-02-2025T17:34:19 - [TEST_STEP][PASSED] - if (myValue.length() >= 4): null

27-02-2025T17:34:19 - [TEST_STEP][PASSED] - if (myValue.substring(0, 4) == "(!) "): null

27-02-2025T17:34:19 - [TEST_STEP][PASSED] - myType = element.getAttribute("type"): null

27-02-2025T17:34:19 - [TEST_STEP][PASSED] - if (myValue in varParms[i]): null

27-02-2025T17:34:19 - [TEST_STEP][PASSED] - else: null

27-02-2025T17:34:19 - [TEST_STEP][PASSED] - inList = false: null

27-02-2025T17:34:19 - [TEST_STEP][PASSED] - if (myType == "checkbox"): null

27-02-2025T17:34:19 - [TEST_STEP][PASSED] - myStatus = element.isSelected(): null

27-02-2025T17:34:19 - [TEST_STEP][PASSED] - if (debug): null

27-02-2025T17:34:19 - [TEST_STEP][PASSED] - if (toggle && myStatus && inList): null

27-02-2025T17:34:19 - [TEST_STEP][PASSED] - if (!(myStatus) && inList || myStatus && !(inList)): null

27-02-2025T17:34:19 - [TEST_STEP][PASSED] - myValue = element.getAttribute("value"): null

27-02-2025T17:34:19 - [TEST_STEP][PASSED] - if (debug): null

27-02-2025T17:34:19 - [TEST_STEP][PASSED] - if (myValue.length() >= 4): null

27-02-2025T17:34:19 - [TEST_STEP][PASSED] - if (myValue.substring(0, 4) == "(!) "): null

27-02-2025T17:34:19 - [TEST_STEP][PASSED] - myType = element.getAttribute("type"): null

27-02-2025T17:34:19 - [TEST_STEP][PASSED] - if (myValue in varParms[i]): null

27-02-2025T17:34:19 - [TEST_STEP][PASSED] - inList = true: null

27-02-2025T17:34:19 - [TEST_STEP][PASSED] - if (myType == "checkbox"): null

27-02-2025T17:34:19 - [TEST_STEP][PASSED] - myStatus = element.isSelected(): null

27-02-2025T17:34:19 - [TEST_STEP][PASSED] - if (debug): null

27-02-2025T17:34:19 - [TEST_STEP][PASSED] - if (toggle && myStatus && inList): null

27-02-2025T17:34:19 - [TEST_STEP][PASSED] - if (!(myStatus) && inList || myStatus && !(inList)): null

27-02-2025T17:34:19 - [TEST_STEP][PASSED] - if (debug): null

27-02-2025T17:34:19 - [TEST_STEP][PASSED] - println("Clicking " + myValue): null

27-02-2025T17:34:19 - [TEST_STEP][PASSED] - click(element): null

27-02-2025T17:34:19 - [TEST_STEP][PASSED] - scrollToObject(elem): null

27-02-2025T17:34:19 - [TEST_STEP][PASSED] - loc = element.getLocation(): null

27-02-2025T17:34:19 - [TEST_STEP][PASSED] - if (debug): null

27-02-2025T17:34:19 - [TEST_STEP][PASSED] - y = loc.getY(): null

27-02-2025T17:34:19 - [TEST_STEP][PASSED] - println("Y location is " + y): null

27-02-2025T17:34:19 - [TEST_STEP][PASSED] - top = getViewportTopPosition(): Current viewport's top (y) position is 773

27-02-2025T17:34:19 - [MESSAGE][PASSED] - Current viewport's top (y) position is 773

27-02-2025T17:34:19 - [TEST_STEP][PASSED] - println("Viewport top is " + top): null

27-02-2025T17:34:19 - [TEST_STEP][PASSED] - bottom = top + 600: null

27-02-2025T17:34:19 - [TEST_STEP][PASSED] - if (y - top < 150 || bottom - y < 10): null

27-02-2025T17:34:19 - [TEST_STEP][PASSED] - elem.click(): null

27-02-2025T17:34:19 - [TEST_STEP][PASSED] - myValue = element.getAttribute("value"): null

27-02-2025T17:34:19 - [TEST_STEP][PASSED] - if (debug): null

27-02-2025T17:34:19 - [TEST_STEP][PASSED] - if (myValue.length() >= 4): null

27-02-2025T17:34:19 - [TEST_STEP][PASSED] - if (myValue.substring(0, 4) == "(!) "): null

27-02-2025T17:34:19 - [TEST_STEP][PASSED] - myType = element.getAttribute("type"): null

27-02-2025T17:34:19 - [TEST_STEP][PASSED] - if (myValue in varParms[i]): null

27-02-2025T17:34:19 - [TEST_STEP][PASSED] - else: null

27-02-2025T17:34:19 - [TEST_STEP][PASSED] - inList = false: null

27-02-2025T17:34:19 - [TEST_STEP][PASSED] - if (myType == "checkbox"): null

27-02-2025T17:34:19 - [TEST_STEP][PASSED] - myStatus = element.isSelected(): null

27-02-2025T17:34:19 - [TEST_STEP][PASSED] - if (debug): null

27-02-2025T17:34:19 - [TEST_STEP][PASSED] - if (toggle && myStatus && inList): null

27-02-2025T17:34:19 - [TEST_STEP][PASSED] - if (!(myStatus) && inList || myStatus && !(inList)): null

27-02-2025T17:34:19 - [TEST_STEP][PASSED] - myValue = element.getAttribute("value"): null

27-02-2025T17:34:19 - [TEST_STEP][PASSED] - if (debug): null

27-02-2025T17:34:19 - [TEST_STEP][PASSED] - if (myValue.length() >= 4): null

27-02-2025T17:34:19 - [TEST_STEP][PASSED] - if (myValue.substring(0, 4) == "(!) "): null

27-02-2025T17:34:19 - [TEST_STEP][PASSED] - myType = element.getAttribute("type"): null

27-02-2025T17:34:19 - [TEST_STEP][PASSED] - if (myValue in varParms[i]): null

27-02-2025T17:34:19 - [TEST_STEP][PASSED] - inList = true: null

27-02-2025T17:34:19 - [TEST_STEP][PASSED] - if (myType == "checkbox"): null

27-02-2025T17:34:19 - [TEST_STEP][PASSED] - myStatus = element.isSelected(): null

27-02-2025T17:34:19 - [TEST_STEP][PASSED] - if (debug): null

27-02-2025T17:34:19 - [TEST_STEP][PASSED] - if (toggle && myStatus && inList): null

27-02-2025T17:34:19 - [TEST_STEP][PASSED] - if (!(myStatus) && inList || myStatus && !(inList)): null

27-02-2025T17:34:19 - [TEST_STEP][PASSED] - if (debug): null

27-02-2025T17:34:19 - [TEST_STEP][PASSED] - println("Clicking " + myValue): null

27-02-2025T17:34:19 - [TEST_STEP][PASSED] - click(element): null

27-02-2025T17:34:19 - [TEST_STEP][PASSED] - scrollToObject(elem): null

27-02-2025T17:34:19 - [TEST_STEP][PASSED] - loc = element.getLocation(): null

27-02-2025T17:34:19 - [TEST_STEP][PASSED] - if (debug): null

27-02-2025T17:34:19 - [TEST_STEP][PASSED] - y = loc.getY(): null

27-02-2025T17:34:19 - [TEST_STEP][PASSED] - println("Y location is " + y): null

27-02-2025T17:34:19 - [TEST_STEP][PASSED] - top = getViewportTopPosition(): Current viewport's top (y) position is 773

27-02-2025T17:34:19 - [MESSAGE][PASSED] - Current viewport's top (y) position is 773

27-02-2025T17:34:19 - [TEST_STEP][PASSED] - println("Viewport top is " + top): null

27-02-2025T17:34:19 - [TEST_STEP][PASSED] - bottom = top + 600: null

27-02-2025T17:34:19 - [TEST_STEP][PASSED] - if (y - top < 150 || bottom - y < 10): null

27-02-2025T17:34:19 - [TEST_STEP][PASSED] - elem.click(): null

27-02-2025T17:34:19 - [TEST_STEP][PASSED] - myValue = element.getAttribute("value"): null

27-02-2025T17:34:19 - [TEST_STEP][PASSED] - if (debug): null

27-02-2025T17:34:19 - [TEST_STEP][PASSED] - if (myValue.length() >= 4): null

27-02-2025T17:34:19 - [TEST_STEP][PASSED] - if (myValue.substring(0, 4) == "(!) "): null

27-02-2025T17:34:19 - [TEST_STEP][PASSED] - myType = element.getAttribute("type"): null

27-02-2025T17:34:19 - [TEST_STEP][PASSED] - if (myValue in varParms[i]): null

27-02-2025T17:34:19 - [TEST_STEP][PASSED] - inList = true: null

27-02-2025T17:34:19 - [TEST_STEP][PASSED] - if (myType == "checkbox"): null

27-02-2025T17:34:19 - [TEST_STEP][PASSED] - myStatus = element.isSelected(): null

27-02-2025T17:34:19 - [TEST_STEP][PASSED] - if (debug): null

27-02-2025T17:34:19 - [TEST_STEP][PASSED] - if (toggle && myStatus && inList): null

27-02-2025T17:34:19 - [TEST_STEP][PASSED] - if (!(myStatus) && inList || myStatus && !(inList)): null

27-02-2025T17:34:19 - [TEST_STEP][PASSED] - if (debug): null

27-02-2025T17:34:19 - [TEST_STEP][PASSED] - println("Clicking " + myValue): null

27-02-2025T17:34:19 - [TEST_STEP][PASSED] - click(element): null

27-02-2025T17:34:19 - [TEST_STEP][PASSED] - scrollToObject(elem): null

27-02-2025T17:34:19 - [TEST_STEP][PASSED] - loc = element.getLocation(): null

27-02-2025T17:34:19 - [TEST_STEP][PASSED] - if (debug): null

27-02-2025T17:34:19 - [TEST_STEP][PASSED] - y = loc.getY(): null

27-02-2025T17:34:19 - [TEST_STEP][PASSED] - println("Y location is " + y): null

27-02-2025T17:34:19 - [TEST_STEP][PASSED] - top = getViewportTopPosition(): Current viewport's top (y) position is 773

27-02-2025T17:34:19 - [MESSAGE][PASSED] - Current viewport's top (y) position is 773

27-02-2025T17:34:19 - [TEST_STEP][PASSED] - println("Viewport top is " + top): null

27-02-2025T17:34:19 - [TEST_STEP][PASSED] - bottom = top + 600: null

27-02-2025T17:34:19 - [TEST_STEP][PASSED] - if (y - top < 150 || bottom - y < 10): null

27-02-2025T17:34:19 - [TEST_STEP][PASSED] - elem.click(): null

27-02-2025T17:34:19 - [TEST_STEP][PASSED] - myValue = element.getAttribute("value"): null

27-02-2025T17:34:19 - [TEST_STEP][PASSED] - if (debug): null

27-02-2025T17:34:19 - [TEST_STEP][PASSED] - if (myValue.length() >= 4): null

27-02-2025T17:34:19 - [TEST_STEP][PASSED] - if (myValue.substring(0, 4) == "(!) "): null

27-02-2025T17:34:19 - [TEST_STEP][PASSED] - myType = element.getAttribute("type"): null

27-02-2025T17:34:19 - [TEST_STEP][PASSED] - if (myValue in varParms[i]): null

27-02-2025T17:34:19 - [TEST_STEP][PASSED] - else: null

27-02-2025T17:34:19 - [TEST_STEP][PASSED] - inList = false: null

27-02-2025T17:34:19 - [TEST_STEP][PASSED] - if (myType == "checkbox"): null

27-02-2025T17:34:19 - [TEST_STEP][PASSED] - myStatus = element.isSelected(): null

27-02-2025T17:34:19 - [TEST_STEP][PASSED] - if (debug): null

27-02-2025T17:34:19 - [TEST_STEP][PASSED] - if (toggle && myStatus && inList): null

27-02-2025T17:34:19 - [TEST_STEP][PASSED] - if (!(myStatus) && inList || myStatus && !(inList)): null

27-02-2025T17:34:19 - [TEST_STEP][PASSED] - myValue = element.getAttribute("value"): null

27-02-2025T17:34:20 - [TEST_STEP][PASSED] - if (debug): null

27-02-2025T17:34:20 - [TEST_STEP][PASSED] - if (myValue.length() >= 4): null

27-02-2025T17:34:20 - [TEST_STEP][PASSED] - if (myValue.substring(0, 4) == "(!) "): null

27-02-2025T17:34:20 - [TEST_STEP][PASSED] - myType = element.getAttribute("type"): null

27-02-2025T17:34:20 - [TEST_STEP][PASSED] - if (myValue in varParms[i]): null

27-02-2025T17:34:20 - [TEST_STEP][PASSED] - inList = true: null

27-02-2025T17:34:20 - [TEST_STEP][PASSED] - if (myType == "checkbox"): null

27-02-2025T17:34:20 - [TEST_STEP][PASSED] - myStatus = element.isSelected(): null

27-02-2025T17:34:20 - [TEST_STEP][PASSED] - if (debug): null

27-02-2025T17:34:20 - [TEST_STEP][PASSED] - if (toggle && myStatus && inList): null

27-02-2025T17:34:20 - [TEST_STEP][PASSED] - if (!(myStatus) && inList || myStatus && !(inList)): null

27-02-2025T17:34:20 - [TEST_STEP][PASSED] - if (debug): null

27-02-2025T17:34:20 - [TEST_STEP][PASSED] - println("Clicking " + myValue): null

27-02-2025T17:34:20 - [TEST_STEP][PASSED] - click(element): null

27-02-2025T17:34:20 - [TEST_STEP][PASSED] - scrollToObject(elem): null

27-02-2025T17:34:20 - [TEST_STEP][PASSED] - loc = element.getLocation(): null

27-02-2025T17:34:20 - [TEST_STEP][PASSED] - if (debug): null

27-02-2025T17:34:20 - [TEST_STEP][PASSED] - y = loc.getY(): null

27-02-2025T17:34:20 - [TEST_STEP][PASSED] - println("Y location is " + y): null

27-02-2025T17:34:20 - [TEST_STEP][PASSED] - top = getViewportTopPosition(): Current viewport's top (y) position is 773

27-02-2025T17:34:20 - [MESSAGE][PASSED] - Current viewport's top (y) position is 773

27-02-2025T17:34:20 - [TEST_STEP][PASSED] - println("Viewport top is " + top): null

27-02-2025T17:34:20 - [TEST_STEP][PASSED] - bottom = top + 600: null

27-02-2025T17:34:20 - [TEST_STEP][PASSED] - if (y - top < 150 || bottom - y < 10): null

27-02-2025T17:34:20 - [TEST_STEP][PASSED] - elem.click(): null

27-02-2025T17:34:20 - [TEST_STEP][PASSED] - myValue = element.getAttribute("value"): null

27-02-2025T17:34:20 - [TEST_STEP][PASSED] - if (debug): null

27-02-2025T17:34:20 - [TEST_STEP][PASSED] - if (myValue.length() >= 4): null

27-02-2025T17:34:20 - [TEST_STEP][PASSED] - if (myValue.substring(0, 4) == "(!) "): null

27-02-2025T17:34:20 - [TEST_STEP][PASSED] - myType = element.getAttribute("type"): null

27-02-2025T17:34:20 - [TEST_STEP][PASSED] - if (myValue in varParms[i]): null

27-02-2025T17:34:20 - [TEST_STEP][PASSED] - else: null

27-02-2025T17:34:20 - [TEST_STEP][PASSED] - inList = false: null

27-02-2025T17:34:20 - [TEST_STEP][PASSED] - if (myType == "checkbox"): null

27-02-2025T17:34:20 - [TEST_STEP][PASSED] - myStatus = element.isSelected(): null

27-02-2025T17:34:20 - [TEST_STEP][PASSED] - if (debug): null

27-02-2025T17:34:20 - [TEST_STEP][PASSED] - if (toggle && myStatus && inList): null

27-02-2025T17:34:20 - [TEST_STEP][PASSED] - if (!(myStatus) && inList || myStatus && !(inList)): null

27-02-2025T17:34:20 - [TEST_STEP][PASSED] - myValue = element.getAttribute("value"): null

27-02-2025T17:34:20 - [TEST_STEP][PASSED] - if (debug): null

27-02-2025T17:34:20 - [TEST_STEP][PASSED] - if (myValue.length() >= 4): null

27-02-2025T17:34:20 - [TEST_STEP][PASSED] - if (myValue.substring(0, 4) == "(!) "): null

27-02-2025T17:34:20 - [TEST_STEP][PASSED] - myType = element.getAttribute("type"): null

27-02-2025T17:34:20 - [TEST_STEP][PASSED] - if (myValue in varParms[i]): null

27-02-2025T17:34:20 - [TEST_STEP][PASSED] - else: null

27-02-2025T17:34:20 - [TEST_STEP][PASSED] - inList = false: null

27-02-2025T17:34:20 - [TEST_STEP][PASSED] - if (myType == "checkbox"): null

27-02-2025T17:34:20 - [TEST_STEP][PASSED] - myStatus = element.isSelected(): null

27-02-2025T17:34:20 - [TEST_STEP][PASSED] - if (debug): null

27-02-2025T17:34:20 - [TEST_STEP][PASSED] - if (toggle && myStatus && inList): null

27-02-2025T17:34:20 - [TEST_STEP][PASSED] - if (!(myStatus) && inList || myStatus && !(inList)): null

27-02-2025T17:34:20 - [TEST_STEP][PASSED] - myValue = element.getAttribute("value"): null

27-02-2025T17:34:20 - [TEST_STEP][PASSED] - if (debug): null

27-02-2025T17:34:20 - [TEST_STEP][PASSED] - if (myValue.length() >= 4): null

27-02-2025T17:34:20 - [TEST_STEP][PASSED] - if (myValue.substring(0, 4) == "(!) "): null

27-02-2025T17:34:20 - [TEST_STEP][PASSED] - myType = element.getAttribute("type"): null

27-02-2025T17:34:20 - [TEST_STEP][PASSED] - if (myValue in varParms[i]): null

27-02-2025T17:34:20 - [TEST_STEP][PASSED] - else: null

27-02-2025T17:34:20 - [TEST_STEP][PASSED] - inList = false: null

27-02-2025T17:34:20 - [TEST_STEP][PASSED] - if (myType == "checkbox"): null

27-02-2025T17:34:20 - [TEST_STEP][PASSED] - myStatus = element.isSelected(): null

27-02-2025T17:34:20 - [TEST_STEP][PASSED] - if (debug): null

27-02-2025T17:34:20 - [TEST_STEP][PASSED] - if (toggle && myStatus && inList): null

27-02-2025T17:34:20 - [TEST_STEP][PASSED] - if (!(myStatus) && inList || myStatus && !(inList)): null

27-02-2025T17:34:20 - [TEST_STEP][PASSED] - myValue = element.getAttribute("value"): null

27-02-2025T17:34:20 - [TEST_STEP][PASSED] - if (debug): null

27-02-2025T17:34:20 - [TEST_STEP][PASSED] - if (myValue.length() >= 4): null

27-02-2025T17:34:20 - [TEST_STEP][PASSED] - if (myValue.substring(0, 4) == "(!) "): null

27-02-2025T17:34:20 - [TEST_STEP][PASSED] - myType = element.getAttribute("type"): null

27-02-2025T17:34:20 - [TEST_STEP][PASSED] - if (myValue in varParms[i]): null

27-02-2025T17:34:20 - [TEST_STEP][PASSED] - else: null

27-02-2025T17:34:20 - [TEST_STEP][PASSED] - inList = false: null

27-02-2025T17:34:20 - [TEST_STEP][PASSED] - if (myType == "checkbox"): null

27-02-2025T17:34:20 - [TEST_STEP][PASSED] - myStatus = element.isSelected(): null

27-02-2025T17:34:20 - [TEST_STEP][PASSED] - if (debug): null

27-02-2025T17:34:20 - [TEST_STEP][PASSED] - if (toggle && myStatus && inList): null

27-02-2025T17:34:20 - [TEST_STEP][PASSED] - if (!(myStatus) && inList || myStatus && !(inList)): null

27-02-2025T17:34:20 - [TEST_STEP][PASSED] - myValue = element.getAttribute("value"): null

27-02-2025T17:34:20 - [TEST_STEP][PASSED] - if (debug): null

27-02-2025T17:34:20 - [TEST_STEP][PASSED] - if (myValue.length() >= 4): null

27-02-2025T17:34:20 - [TEST_STEP][PASSED] - if (myValue.substring(0, 4) == "(!) "): null

27-02-2025T17:34:20 - [TEST_STEP][PASSED] - myType = element.getAttribute("type"): null

27-02-2025T17:34:20 - [TEST_STEP][PASSED] - if (myValue in varParms[i]): null

27-02-2025T17:34:20 - [TEST_STEP][PASSED] - else: null

27-02-2025T17:34:20 - [TEST_STEP][PASSED] - inList = false: null

27-02-2025T17:34:20 - [TEST_STEP][PASSED] - if (myType == "checkbox"): null

27-02-2025T17:34:20 - [TEST_STEP][PASSED] - myStatus = element.isSelected(): null

27-02-2025T17:34:20 - [TEST_STEP][PASSED] - if (debug): null

27-02-2025T17:34:20 - [TEST_STEP][PASSED] - if (toggle && myStatus && inList): null

27-02-2025T17:34:20 - [TEST_STEP][PASSED] - if (!(myStatus) && inList || myStatus && !(inList)): null

27-02-2025T17:34:20 - [TEST_STEP][PASSED] - myValue = element.getAttribute("value"): null

27-02-2025T17:34:20 - [TEST_STEP][PASSED] - if (debug): null

27-02-2025T17:34:20 - [TEST_STEP][PASSED] - if (myValue.length() >= 4): null

27-02-2025T17:34:20 - [TEST_STEP][PASSED] - if (myValue.substring(0, 4) == "(!) "): null

27-02-2025T17:34:20 - [TEST_STEP][PASSED] - myType = element.getAttribute("type"): null

27-02-2025T17:34:20 - [TEST_STEP][PASSED] - if (myValue in varParms[i]): null

27-02-2025T17:34:20 - [TEST_STEP][PASSED] - else: null

27-02-2025T17:34:20 - [TEST_STEP][PASSED] - inList = false: null

27-02-2025T17:34:20 - [TEST_STEP][PASSED] - if (myType == "checkbox"): null

27-02-2025T17:34:20 - [TEST_STEP][PASSED] - myStatus = element.isSelected(): null

27-02-2025T17:34:20 - [TEST_STEP][PASSED] - if (debug): null

27-02-2025T17:34:20 - [TEST_STEP][PASSED] - if (toggle && myStatus && inList): null

27-02-2025T17:34:20 - [TEST_STEP][PASSED] - if (!(myStatus) && inList || myStatus && !(inList)): null

27-02-2025T17:34:20 - [TEST_STEP][PASSED] - myValue = element.getAttribute("value"): null

27-02-2025T17:34:20 - [TEST_STEP][PASSED] - if (debug): null

27-02-2025T17:34:20 - [TEST_STEP][PASSED] - if (myValue.length() >= 4): null

27-02-2025T17:34:20 - [TEST_STEP][PASSED] - if (myValue.substring(0, 4) == "(!) "): null

27-02-2025T17:34:20 - [TEST_STEP][PASSED] - myType = element.getAttribute("type"): null

27-02-2025T17:34:20 - [TEST_STEP][PASSED] - if (myValue in varParms[i]): null

27-02-2025T17:34:20 - [TEST_STEP][PASSED] - else: null

27-02-2025T17:34:20 - [TEST_STEP][PASSED] - inList = false: null

27-02-2025T17:34:20 - [TEST_STEP][PASSED] - if (myType == "checkbox"): null

27-02-2025T17:34:20 - [TEST_STEP][PASSED] - myStatus = element.isSelected(): null

27-02-2025T17:34:20 - [TEST_STEP][PASSED] - if (debug): null

27-02-2025T17:34:20 - [TEST_STEP][PASSED] - if (toggle && myStatus && inList): null

27-02-2025T17:34:20 - [TEST_STEP][PASSED] - if (!(myStatus) && inList || myStatus && !(inList)): null

27-02-2025T17:34:20 - [TEST_STEP][PASSED] - myValue = element.getAttribute("value"): null

27-02-2025T17:34:20 - [TEST_STEP][PASSED] - if (debug): null

27-02-2025T17:34:20 - [TEST_STEP][PASSED] - if (myValue.length() >= 4): null

27-02-2025T17:34:20 - [TEST_STEP][PASSED] - if (myValue.substring(0, 4) == "(!) "): null

27-02-2025T17:34:20 - [TEST_STEP][PASSED] - myType = element.getAttribute("type"): null

27-02-2025T17:34:20 - [TEST_STEP][PASSED] - if (myValue in varParms[i]): null

27-02-2025T17:34:20 - [TEST_STEP][PASSED] - else: null

27-02-2025T17:34:20 - [TEST_STEP][PASSED] - inList = false: null

27-02-2025T17:34:20 - [TEST_STEP][PASSED] - if (myType == "checkbox"): null

27-02-2025T17:34:20 - [TEST_STEP][PASSED] - myStatus = element.isSelected(): null

27-02-2025T17:34:20 - [TEST_STEP][PASSED] - if (debug): null

27-02-2025T17:34:20 - [TEST_STEP][PASSED] - if (toggle && myStatus && inList): null

27-02-2025T17:34:20 - [TEST_STEP][PASSED] - if (!(myStatus) && inList || myStatus && !(inList)): null

27-02-2025T17:34:20 - [TEST_STEP][PASSED] - myValue = element.getAttribute("value"): null

27-02-2025T17:34:20 - [TEST_STEP][PASSED] - if (debug): null

27-02-2025T17:34:20 - [TEST_STEP][PASSED] - if (myValue.length() >= 4): null

27-02-2025T17:34:20 - [TEST_STEP][PASSED] - if (myValue.substring(0, 4) == "(!) "): null

27-02-2025T17:34:20 - [TEST_STEP][PASSED] - myType = element.getAttribute("type"): null

27-02-2025T17:34:20 - [TEST_STEP][PASSED] - if (myValue in varParms[i]): null

27-02-2025T17:34:20 - [TEST_STEP][PASSED] - else: null

27-02-2025T17:34:20 - [TEST_STEP][PASSED] - inList = false: null

27-02-2025T17:34:20 - [TEST_STEP][PASSED] - if (myType == "checkbox"): null

27-02-2025T17:34:20 - [TEST_STEP][PASSED] - myStatus = element.isSelected(): null

27-02-2025T17:34:20 - [TEST_STEP][PASSED] - if (debug): null

27-02-2025T17:34:20 - [TEST_STEP][PASSED] - if (toggle && myStatus && inList): null

27-02-2025T17:34:20 - [TEST_STEP][PASSED] - if (!(myStatus) && inList || myStatus && !(inList)): null

27-02-2025T17:34:20 - [TEST_STEP][PASSED] - myValue = element.getAttribute("value"): null

27-02-2025T17:34:20 - [TEST_STEP][PASSED] - if (debug): null

27-02-2025T17:34:20 - [TEST_STEP][PASSED] - if (myValue.length() >= 4): null

27-02-2025T17:34:20 - [TEST_STEP][PASSED] - if (myValue.substring(0, 4) == "(!) "): null

27-02-2025T17:34:20 - [TEST_STEP][PASSED] - myType = element.getAttribute("type"): null

27-02-2025T17:34:20 - [TEST_STEP][PASSED] - if (myValue in varParms[i]): null

27-02-2025T17:34:20 - [TEST_STEP][PASSED] - else: null

27-02-2025T17:34:20 - [TEST_STEP][PASSED] - inList = false: null

27-02-2025T17:34:20 - [TEST_STEP][PASSED] - if (myType == "checkbox"): null

27-02-2025T17:34:20 - [TEST_STEP][PASSED] - myStatus = element.isSelected(): null

27-02-2025T17:34:20 - [TEST_STEP][PASSED] - if (debug): null

27-02-2025T17:34:20 - [TEST_STEP][PASSED] - if (toggle && myStatus && inList): null

27-02-2025T17:34:20 - [TEST_STEP][PASSED] - if (!(myStatus) && inList || myStatus && !(inList)): null

27-02-2025T17:34:20 - [TEST_STEP][PASSED] - myValue = element.getAttribute("value"): null

27-02-2025T17:34:20 - [TEST_STEP][PASSED] - if (debug): null

27-02-2025T17:34:20 - [TEST_STEP][PASSED] - if (myValue.length() >= 4): null

27-02-2025T17:34:20 - [TEST_STEP][PASSED] - if (myValue.substring(0, 4) == "(!) "): null

27-02-2025T17:34:20 - [TEST_STEP][PASSED] - myType = element.getAttribute("type"): null

27-02-2025T17:34:20 - [TEST_STEP][PASSED] - if (myValue in varParms[i]): null

27-02-2025T17:34:20 - [TEST_STEP][PASSED] - else: null

27-02-2025T17:34:20 - [TEST_STEP][PASSED] - inList = false: null

27-02-2025T17:34:20 - [TEST_STEP][PASSED] - if (myType == "checkbox"): null

27-02-2025T17:34:20 - [TEST_STEP][PASSED] - myStatus = element.isSelected(): null

27-02-2025T17:34:20 - [TEST_STEP][PASSED] - if (debug): null

27-02-2025T17:34:20 - [TEST_STEP][PASSED] - if (toggle && myStatus && inList): null

27-02-2025T17:34:20 - [TEST_STEP][PASSED] - if (!(myStatus) && inList || myStatus && !(inList)): null

27-02-2025T17:34:20 - [TEST_STEP][PASSED] - myValue = element.getAttribute("value"): null

27-02-2025T17:34:20 - [TEST_STEP][PASSED] - if (debug): null

27-02-2025T17:34:20 - [TEST_STEP][PASSED] - if (myValue.length() >= 4): null

27-02-2025T17:34:20 - [TEST_STEP][PASSED] - if (myValue.substring(0, 4) == "(!) "): null

27-02-2025T17:34:20 - [TEST_STEP][PASSED] - myType = element.getAttribute("type"): null

27-02-2025T17:34:20 - [TEST_STEP][PASSED] - if (myValue in varParms[i]): null

27-02-2025T17:34:20 - [TEST_STEP][PASSED] - else: null

27-02-2025T17:34:20 - [TEST_STEP][PASSED] - inList = false: null

27-02-2025T17:34:20 - [TEST_STEP][PASSED] - if (myType == "checkbox"): null

27-02-2025T17:34:20 - [TEST_STEP][PASSED] - myStatus = element.isSelected(): null

27-02-2025T17:34:20 - [TEST_STEP][PASSED] - if (debug): null

27-02-2025T17:34:20 - [TEST_STEP][PASSED] - if (toggle && myStatus && inList): null

27-02-2025T17:34:20 - [TEST_STEP][PASSED] - if (!(myStatus) && inList || myStatus && !(inList)): null

27-02-2025T17:34:20 - [TEST_STEP][PASSED] - myValue = element.getAttribute("value"): null

27-02-2025T17:34:20 - [TEST_STEP][PASSED] - if (debug): null

27-02-2025T17:34:20 - [TEST_STEP][PASSED] - if (myValue.length() >= 4): null

27-02-2025T17:34:20 - [TEST_STEP][PASSED] - if (myValue.substring(0, 4) == "(!) "): null

27-02-2025T17:34:20 - [TEST_STEP][PASSED] - myType = element.getAttribute("type"): null

27-02-2025T17:34:20 - [TEST_STEP][PASSED] - if (myValue in varParms[i]): null

27-02-2025T17:34:20 - [TEST_STEP][PASSED] - else: null

27-02-2025T17:34:20 - [TEST_STEP][PASSED] - inList = false: null

27-02-2025T17:34:20 - [TEST_STEP][PASSED] - if (myType == "checkbox"): null

27-02-2025T17:34:20 - [TEST_STEP][PASSED] - myStatus = element.isSelected(): null

27-02-2025T17:34:20 - [TEST_STEP][PASSED] - if (debug): null

27-02-2025T17:34:20 - [TEST_STEP][PASSED] - if (toggle && myStatus && inList): null

27-02-2025T17:34:20 - [TEST_STEP][PASSED] - if (!(myStatus) && inList || myStatus && !(inList)): null

27-02-2025T17:34:20 - [TEST_STEP][PASSED] - myValue = element.getAttribute("value"): null

27-02-2025T17:34:20 - [TEST_STEP][PASSED] - if (debug): null

27-02-2025T17:34:20 - [TEST_STEP][PASSED] - if (myValue.length() >= 4): null

27-02-2025T17:34:20 - [TEST_STEP][PASSED] - if (myValue.substring(0, 4) == "(!) "): null

27-02-2025T17:34:20 - [TEST_STEP][PASSED] - myType = element.getAttribute("type"): null

27-02-2025T17:34:20 - [TEST_STEP][PASSED] - if (myValue in varParms[i]): null

27-02-2025T17:34:20 - [TEST_STEP][PASSED] - else: null

27-02-2025T17:34:20 - [TEST_STEP][PASSED] - inList = false: null

27-02-2025T17:34:20 - [TEST_STEP][PASSED] - if (myType == "checkbox"): null

27-02-2025T17:34:20 - [TEST_STEP][PASSED] - myStatus = element.isSelected(): null

27-02-2025T17:34:20 - [TEST_STEP][PASSED] - if (debug): null

27-02-2025T17:34:20 - [TEST_STEP][PASSED] - if (toggle && myStatus && inList): null

27-02-2025T17:34:20 - [TEST_STEP][PASSED] - if (!(myStatus) && inList || myStatus && !(inList)): null

27-02-2025T17:34:20 - [TEST_STEP][PASSED] - myValue = element.getAttribute("value"): null

27-02-2025T17:34:20 - [TEST_STEP][PASSED] - if (debug): null

27-02-2025T17:34:20 - [TEST_STEP][PASSED] - if (myValue.length() >= 4): null

27-02-2025T17:34:20 - [TEST_STEP][PASSED] - if (myValue.substring(0, 4) == "(!) "): null

27-02-2025T17:34:20 - [TEST_STEP][PASSED] - myType = element.getAttribute("type"): null

27-02-2025T17:34:20 - [TEST_STEP][PASSED] - if (myValue in varParms[i]): null

27-02-2025T17:34:20 - [TEST_STEP][PASSED] - else: null

27-02-2025T17:34:20 - [TEST_STEP][PASSED] - inList = false: null

27-02-2025T17:34:20 - [TEST_STEP][PASSED] - if (myType == "checkbox"): null

27-02-2025T17:34:20 - [TEST_STEP][PASSED] - myStatus = element.isSelected(): null

27-02-2025T17:34:20 - [TEST_STEP][PASSED] - if (debug): null

27-02-2025T17:34:20 - [TEST_STEP][PASSED] - if (toggle && myStatus && inList): null

27-02-2025T17:34:20 - [TEST_STEP][PASSED] - if (!(myStatus) && inList || myStatus && !(inList)): null

27-02-2025T17:34:20 - [TEST_STEP][PASSED] - myValue = element.getAttribute("value"): null

27-02-2025T17:34:20 - [TEST_STEP][PASSED] - if (debug): null

27-02-2025T17:34:20 - [TEST_STEP][PASSED] - if (myValue.length() >= 4): null

27-02-2025T17:34:20 - [TEST_STEP][PASSED] - if (myValue.substring(0, 4) == "(!) "): null

27-02-2025T17:34:20 - [TEST_STEP][PASSED] - myType = element.getAttribute("type"): null

27-02-2025T17:34:20 - [TEST_STEP][PASSED] - if (myValue in varParms[i]): null

27-02-2025T17:34:20 - [TEST_STEP][PASSED] - else: null

27-02-2025T17:34:20 - [TEST_STEP][PASSED] - inList = false: null

27-02-2025T17:34:20 - [TEST_STEP][PASSED] - if (myType == "checkbox"): null

27-02-2025T17:34:20 - [TEST_STEP][PASSED] - myStatus = element.isSelected(): null

27-02-2025T17:34:20 - [TEST_STEP][PASSED] - if (debug): null

27-02-2025T17:34:20 - [TEST_STEP][PASSED] - if (toggle && myStatus && inList): null

27-02-2025T17:34:20 - [TEST_STEP][PASSED] - if (!(myStatus) && inList || myStatus && !(inList)): null

27-02-2025T17:34:20 - [TEST_STEP][PASSED] - myValue = element.getAttribute("value"): null

27-02-2025T17:34:20 - [TEST_STEP][PASSED] - if (debug): null

27-02-2025T17:34:20 - [TEST_STEP][PASSED] - if (myValue.length() >= 4): null

27-02-2025T17:34:20 - [TEST_STEP][PASSED] - if (myValue.substring(0, 4) == "(!) "): null

27-02-2025T17:34:20 - [TEST_STEP][PASSED] - myType = element.getAttribute("type"): null

27-02-2025T17:34:20 - [TEST_STEP][PASSED] - if (myValue in varParms[i]): null

27-02-2025T17:34:20 - [TEST_STEP][PASSED] - else: null

27-02-2025T17:34:20 - [TEST_STEP][PASSED] - inList = false: null

27-02-2025T17:34:20 - [TEST_STEP][PASSED] - if (myType == "checkbox"): null

27-02-2025T17:34:20 - [TEST_STEP][PASSED] - myStatus = element.isSelected(): null

27-02-2025T17:34:20 - [TEST_STEP][PASSED] - if (debug): null

27-02-2025T17:34:20 - [TEST_STEP][PASSED] - if (toggle && myStatus && inList): null

27-02-2025T17:34:20 - [TEST_STEP][PASSED] - if (!(myStatus) && inList || myStatus && !(inList)): null

27-02-2025T17:34:20 - [TEST_STEP][PASSED] - if (debug): null

27-02-2025T17:34:20 - [TEST_STEP][PASSED] - if (varParms[i].indexOf("Europe") >= 0): null

27-02-2025T17:34:20 - [TEST_STEP][PASSED] - elements = driver.findElements(By.xpath(varXpaths[i])): null

27-02-2025T17:34:20 - [TEST_STEP][PASSED] - element_count = elements.size(): null

27-02-2025T17:34:20 - [TEST_STEP][PASSED] - for (def element : elements): null

27-02-2025T17:34:20 - [TEST_STEP][PASSED] - myValue = element.getAttribute("value"): null

27-02-2025T17:34:20 - [TEST_STEP][PASSED] - if (debug): null

27-02-2025T17:34:20 - [TEST_STEP][PASSED] - if (myValue.length() >= 4): null

27-02-2025T17:34:20 - [TEST_STEP][PASSED] - if (myValue.substring(0, 4) == "(!) "): null

27-02-2025T17:34:20 - [TEST_STEP][PASSED] - myType = element.getAttribute("type"): null

27-02-2025T17:34:20 - [TEST_STEP][PASSED] - if (myValue in varParms[i]): null

27-02-2025T17:34:20 - [TEST_STEP][PASSED] - else: null

27-02-2025T17:34:20 - [TEST_STEP][PASSED] - inList = false: null

27-02-2025T17:34:20 - [TEST_STEP][PASSED] - if (myType == "checkbox"): null

27-02-2025T17:34:20 - [TEST_STEP][PASSED] - myStatus = element.isSelected(): null

27-02-2025T17:34:20 - [TEST_STEP][PASSED] - if (debug): null

27-02-2025T17:34:20 - [TEST_STEP][PASSED] - if (toggle && myStatus && inList): null

27-02-2025T17:34:20 - [TEST_STEP][PASSED] - if (!(myStatus) && inList || myStatus && !(inList)): null

27-02-2025T17:34:20 - [TEST_STEP][PASSED] - myValue = element.getAttribute("value"): null

27-02-2025T17:34:20 - [TEST_STEP][PASSED] - if (debug): null

27-02-2025T17:34:20 - [TEST_STEP][PASSED] - if (myValue.length() >= 4): null

27-02-2025T17:34:20 - [TEST_STEP][PASSED] - myType = element.getAttribute("type"): null

27-02-2025T17:34:20 - [TEST_STEP][PASSED] - if (myValue in varParms[i]): null

27-02-2025T17:34:20 - [TEST_STEP][PASSED] - else: null

27-02-2025T17:34:20 - [TEST_STEP][PASSED] - inList = false: null

27-02-2025T17:34:20 - [TEST_STEP][PASSED] - if (myType == "checkbox"): null

27-02-2025T17:34:20 - [TEST_STEP][PASSED] - myStatus = element.isSelected(): null

27-02-2025T17:34:20 - [TEST_STEP][PASSED] - if (debug): null

27-02-2025T17:34:20 - [TEST_STEP][PASSED] - if (toggle && myStatus && inList): null

27-02-2025T17:34:20 - [TEST_STEP][PASSED] - if (!(myStatus) && inList || myStatus && !(inList)): null

27-02-2025T17:34:20 - [TEST_STEP][PASSED] - myValue = element.getAttribute("value"): null

27-02-2025T17:34:20 - [TEST_STEP][PASSED] - if (debug): null

27-02-2025T17:34:20 - [TEST_STEP][PASSED] - if (myValue.length() >= 4): null

27-02-2025T17:34:20 - [TEST_STEP][PASSED] - myType = element.getAttribute("type"): null

27-02-2025T17:34:20 - [TEST_STEP][PASSED] - if (myValue in varParms[i]): null

27-02-2025T17:34:20 - [TEST_STEP][PASSED] - inList = true: null

27-02-2025T17:34:20 - [TEST_STEP][PASSED] - if (myType == "checkbox"): null

27-02-2025T17:34:20 - [TEST_STEP][PASSED] - myStatus = element.isSelected(): null

27-02-2025T17:34:20 - [TEST_STEP][PASSED] - if (debug): null

27-02-2025T17:34:20 - [TEST_STEP][PASSED] - if (toggle && myStatus && inList): null

27-02-2025T17:34:20 - [TEST_STEP][PASSED] - if (!(myStatus) && inList || myStatus && !(inList)): null

27-02-2025T17:34:20 - [TEST_STEP][PASSED] - if (debug): null

27-02-2025T17:34:20 - [TEST_STEP][PASSED] - println("Clicking " + myValue): null

27-02-2025T17:34:20 - [TEST_STEP][PASSED] - click(element): null

27-02-2025T17:34:20 - [TEST_STEP][PASSED] - scrollToObject(elem): null

27-02-2025T17:34:20 - [TEST_STEP][PASSED] - loc = element.getLocation(): null

27-02-2025T17:34:20 - [TEST_STEP][PASSED] - if (debug): null

27-02-2025T17:34:20 - [TEST_STEP][PASSED] - y = loc.getY(): null

27-02-2025T17:34:20 - [TEST_STEP][PASSED] - println("Y location is " + y): null

27-02-2025T17:34:20 - [TEST_STEP][PASSED] - top = getViewportTopPosition(): Current viewport's top (y) position is 773

27-02-2025T17:34:20 - [MESSAGE][PASSED] - Current viewport's top (y) position is 773

27-02-2025T17:34:20 - [TEST_STEP][PASSED] - println("Viewport top is " + top): null

27-02-2025T17:34:20 - [TEST_STEP][PASSED] - bottom = top + 600: null

27-02-2025T17:34:20 - [TEST_STEP][PASSED] - if (y - top < 150 || bottom - y < 10): null

27-02-2025T17:34:20 - [TEST_STEP][PASSED] - elem.click(): null

27-02-2025T17:34:20 - [TEST_STEP][PASSED] - myValue = element.getAttribute("value"): null

27-02-2025T17:34:20 - [TEST_STEP][PASSED] - if (debug): null

27-02-2025T17:34:20 - [TEST_STEP][PASSED] - if (myValue.length() >= 4): null

27-02-2025T17:34:20 - [TEST_STEP][PASSED] - myType = element.getAttribute("type"): null

27-02-2025T17:34:20 - [TEST_STEP][PASSED] - if (myValue in varParms[i]): null

27-02-2025T17:34:20 - [TEST_STEP][PASSED] - inList = true: null

27-02-2025T17:34:20 - [TEST_STEP][PASSED] - if (myType == "checkbox"): null

27-02-2025T17:34:20 - [TEST_STEP][PASSED] - myStatus = element.isSelected(): null

27-02-2025T17:34:20 - [TEST_STEP][PASSED] - if (debug): null

27-02-2025T17:34:20 - [TEST_STEP][PASSED] - if (toggle && myStatus && inList): null

27-02-2025T17:34:20 - [TEST_STEP][PASSED] - if (!(myStatus) && inList || myStatus && !(inList)): null

27-02-2025T17:34:20 - [TEST_STEP][PASSED] - if (debug): null

27-02-2025T17:34:20 - [TEST_STEP][PASSED] - println("Clicking " + myValue): null

27-02-2025T17:34:20 - [TEST_STEP][PASSED] - click(element): null

27-02-2025T17:34:20 - [TEST_STEP][PASSED] - scrollToObject(elem): null

27-02-2025T17:34:20 - [TEST_STEP][PASSED] - loc = element.getLocation(): null

27-02-2025T17:34:20 - [TEST_STEP][PASSED] - if (debug): null

27-02-2025T17:34:20 - [TEST_STEP][PASSED] - y = loc.getY(): null

27-02-2025T17:34:20 - [TEST_STEP][PASSED] - println("Y location is " + y): null

27-02-2025T17:34:20 - [TEST_STEP][PASSED] - top = getViewportTopPosition(): Current viewport's top (y) position is 773

27-02-2025T17:34:20 - [MESSAGE][PASSED] - Current viewport's top (y) position is 773

27-02-2025T17:34:20 - [TEST_STEP][PASSED] - println("Viewport top is " + top): null

27-02-2025T17:34:20 - [TEST_STEP][PASSED] - bottom = top + 600: null

27-02-2025T17:34:20 - [TEST_STEP][PASSED] - if (y - top < 150 || bottom - y < 10): null

27-02-2025T17:34:20 - [TEST_STEP][PASSED] - elem.click(): null

27-02-2025T17:34:20 - [TEST_STEP][PASSED] - myValue = element.getAttribute("value"): null

27-02-2025T17:34:20 - [TEST_STEP][PASSED] - if (debug): null

27-02-2025T17:34:20 - [TEST_STEP][PASSED] - if (myValue.length() >= 4): null

27-02-2025T17:34:20 - [TEST_STEP][PASSED] - myType = element.getAttribute("type"): null

27-02-2025T17:34:20 - [TEST_STEP][PASSED] - if (myValue in varParms[i]): null

27-02-2025T17:34:20 - [TEST_STEP][PASSED] - else: null

27-02-2025T17:34:20 - [TEST_STEP][PASSED] - inList = false: null

27-02-2025T17:34:20 - [TEST_STEP][PASSED] - if (myType == "checkbox"): null

27-02-2025T17:34:20 - [TEST_STEP][PASSED] - myStatus = element.isSelected(): null

27-02-2025T17:34:20 - [TEST_STEP][PASSED] - if (debug): null

27-02-2025T17:34:20 - [TEST_STEP][PASSED] - if (toggle && myStatus && inList): null

27-02-2025T17:34:20 - [TEST_STEP][PASSED] - if (!(myStatus) && inList || myStatus && !(inList)): null

27-02-2025T17:34:20 - [TEST_STEP][PASSED] - myValue = element.getAttribute("value"): null

27-02-2025T17:34:20 - [TEST_STEP][PASSED] - if (debug): null

27-02-2025T17:34:20 - [TEST_STEP][PASSED] - if (myValue.length() >= 4): null

27-02-2025T17:34:20 - [TEST_STEP][PASSED] - if (myValue.substring(0, 4) == "(!) "): null

27-02-2025T17:34:20 - [TEST_STEP][PASSED] - myType = element.getAttribute("type"): null

27-02-2025T17:34:20 - [TEST_STEP][PASSED] - if (myValue in varParms[i]): null

27-02-2025T17:34:20 - [TEST_STEP][PASSED] - else: null

27-02-2025T17:34:20 - [TEST_STEP][PASSED] - inList = false: null

27-02-2025T17:34:20 - [TEST_STEP][PASSED] - if (myType == "checkbox"): null

27-02-2025T17:34:20 - [TEST_STEP][PASSED] - myStatus = element.isSelected(): null

27-02-2025T17:34:20 - [TEST_STEP][PASSED] - if (debug): null

27-02-2025T17:34:20 - [TEST_STEP][PASSED] - if (toggle && myStatus && inList): null

27-02-2025T17:34:20 - [TEST_STEP][PASSED] - if (!(myStatus) && inList || myStatus && !(inList)): null

27-02-2025T17:34:20 - [TEST_STEP][PASSED] - myValue = element.getAttribute("value"): null

27-02-2025T17:34:20 - [TEST_STEP][PASSED] - if (debug): null

27-02-2025T17:34:20 - [TEST_STEP][PASSED] - if (myValue.length() >= 4): null

27-02-2025T17:34:20 - [TEST_STEP][PASSED] - myType = element.getAttribute("type"): null

27-02-2025T17:34:20 - [TEST_STEP][PASSED] - if (myValue in varParms[i]): null

27-02-2025T17:34:20 - [TEST_STEP][PASSED] - else: null

27-02-2025T17:34:20 - [TEST_STEP][PASSED] - inList = false: null

27-02-2025T17:34:20 - [TEST_STEP][PASSED] - if (myType == "checkbox"): null

27-02-2025T17:34:20 - [TEST_STEP][PASSED] - myStatus = element.isSelected(): null

27-02-2025T17:34:20 - [TEST_STEP][PASSED] - if (debug): null

27-02-2025T17:34:20 - [TEST_STEP][PASSED] - if (toggle && myStatus && inList): null

27-02-2025T17:34:20 - [TEST_STEP][PASSED] - if (!(myStatus) && inList || myStatus && !(inList)): null

27-02-2025T17:34:20 - [TEST_STEP][PASSED] - myValue = element.getAttribute("value"): null

27-02-2025T17:34:20 - [TEST_STEP][PASSED] - if (debug): null

27-02-2025T17:34:20 - [TEST_STEP][PASSED] - if (myValue.length() >= 4): null

27-02-2025T17:34:20 - [TEST_STEP][PASSED] - if (myValue.substring(0, 4) == "(!) "): null

27-02-2025T17:34:20 - [TEST_STEP][PASSED] - myType = element.getAttribute("type"): null

27-02-2025T17:34:20 - [TEST_STEP][PASSED] - if (myValue in varParms[i]): null

27-02-2025T17:34:20 - [TEST_STEP][PASSED] - else: null

27-02-2025T17:34:20 - [TEST_STEP][PASSED] - inList = false: null

27-02-2025T17:34:20 - [TEST_STEP][PASSED] - if (myType == "checkbox"): null

27-02-2025T17:34:20 - [TEST_STEP][PASSED] - myStatus = element.isSelected(): null

27-02-2025T17:34:20 - [TEST_STEP][PASSED] - if (debug): null

27-02-2025T17:34:20 - [TEST_STEP][PASSED] - if (toggle && myStatus && inList): null

27-02-2025T17:34:20 - [TEST_STEP][PASSED] - if (!(myStatus) && inList || myStatus && !(inList)): null

27-02-2025T17:34:20 - [TEST_STEP][PASSED] - myValue = element.getAttribute("value"): null

27-02-2025T17:34:20 - [TEST_STEP][PASSED] - if (debug): null

27-02-2025T17:34:20 - [TEST_STEP][PASSED] - if (myValue.length() >= 4): null

27-02-2025T17:34:20 - [TEST_STEP][PASSED] - if (myValue.substring(0, 4) == "(!) "): null

27-02-2025T17:34:20 - [TEST_STEP][PASSED] - myType = element.getAttribute("type"): null

27-02-2025T17:34:20 - [TEST_STEP][PASSED] - if (myValue in varParms[i]): null

27-02-2025T17:34:20 - [TEST_STEP][PASSED] - else: null

27-02-2025T17:34:20 - [TEST_STEP][PASSED] - inList = false: null

27-02-2025T17:34:20 - [TEST_STEP][PASSED] - if (myType == "checkbox"): null

27-02-2025T17:34:20 - [TEST_STEP][PASSED] - myStatus = element.isSelected(): null

27-02-2025T17:34:20 - [TEST_STEP][PASSED] - if (debug): null

27-02-2025T17:34:20 - [TEST_STEP][PASSED] - if (toggle && myStatus && inList): null

27-02-2025T17:34:20 - [TEST_STEP][PASSED] - if (!(myStatus) && inList || myStatus && !(inList)): null

27-02-2025T17:34:20 - [TEST_STEP][PASSED] - myValue = element.getAttribute("value"): null

27-02-2025T17:34:20 - [TEST_STEP][PASSED] - if (debug): null

27-02-2025T17:34:20 - [TEST_STEP][PASSED] - if (myValue.length() >= 4): null

27-02-2025T17:34:20 - [TEST_STEP][PASSED] - if (myValue.substring(0, 4) == "(!) "): null

27-02-2025T17:34:20 - [TEST_STEP][PASSED] - myType = element.getAttribute("type"): null

27-02-2025T17:34:20 - [TEST_STEP][PASSED] - if (myValue in varParms[i]): null

27-02-2025T17:34:20 - [TEST_STEP][PASSED] - inList = true: null

27-02-2025T17:34:20 - [TEST_STEP][PASSED] - if (myType == "checkbox"): null

27-02-2025T17:34:20 - [TEST_STEP][PASSED] - myStatus = element.isSelected(): null

27-02-2025T17:34:20 - [TEST_STEP][PASSED] - if (debug): null

27-02-2025T17:34:20 - [TEST_STEP][PASSED] - if (toggle && myStatus && inList): null

27-02-2025T17:34:20 - [TEST_STEP][PASSED] - if (!(myStatus) && inList || myStatus && !(inList)): null

27-02-2025T17:34:20 - [TEST_STEP][PASSED] - if (debug): null

27-02-2025T17:34:20 - [TEST_STEP][PASSED] - println("Clicking " + myValue): null

27-02-2025T17:34:20 - [TEST_STEP][PASSED] - click(element): null

27-02-2025T17:34:20 - [TEST_STEP][PASSED] - scrollToObject(elem): null

27-02-2025T17:34:20 - [TEST_STEP][PASSED] - loc = element.getLocation(): null

27-02-2025T17:34:20 - [TEST_STEP][PASSED] - if (debug): null

27-02-2025T17:34:20 - [TEST_STEP][PASSED] - y = loc.getY(): null

27-02-2025T17:34:20 - [TEST_STEP][PASSED] - println("Y location is " + y): null

27-02-2025T17:34:20 - [TEST_STEP][PASSED] - top = getViewportTopPosition(): Current viewport's top (y) position is 773

27-02-2025T17:34:20 - [MESSAGE][PASSED] - Current viewport's top (y) position is 773

27-02-2025T17:34:20 - [TEST_STEP][PASSED] - println("Viewport top is " + top): null

27-02-2025T17:34:20 - [TEST_STEP][PASSED] - bottom = top + 600: null

27-02-2025T17:34:20 - [TEST_STEP][PASSED] - if (y - top < 150 || bottom - y < 10): null

27-02-2025T17:34:20 - [TEST_STEP][PASSED] - elem.click(): null

27-02-2025T17:34:20 - [TEST_STEP][PASSED] - myValue = element.getAttribute("value"): null

27-02-2025T17:34:20 - [TEST_STEP][PASSED] - if (debug): null

27-02-2025T17:34:20 - [TEST_STEP][PASSED] - if (myValue.length() >= 4): null

27-02-2025T17:34:20 - [TEST_STEP][PASSED] - if (myValue.substring(0, 4) == "(!) "): null

27-02-2025T17:34:20 - [TEST_STEP][PASSED] - myType = element.getAttribute("type"): null

27-02-2025T17:34:20 - [TEST_STEP][PASSED] - if (myValue in varParms[i]): null

27-02-2025T17:34:20 - [TEST_STEP][PASSED] - inList = true: null

27-02-2025T17:34:20 - [TEST_STEP][PASSED] - if (myType == "checkbox"): null

27-02-2025T17:34:20 - [TEST_STEP][PASSED] - myStatus = element.isSelected(): null

27-02-2025T17:34:20 - [TEST_STEP][PASSED] - if (debug): null

27-02-2025T17:34:20 - [TEST_STEP][PASSED] - if (toggle && myStatus && inList): null

27-02-2025T17:34:20 - [TEST_STEP][PASSED] - if (!(myStatus) && inList || myStatus && !(inList)): null

27-02-2025T17:34:20 - [TEST_STEP][PASSED] - if (debug): null

27-02-2025T17:34:20 - [TEST_STEP][PASSED] - println("Clicking " + myValue): null

27-02-2025T17:34:20 - [TEST_STEP][PASSED] - click(element): null

27-02-2025T17:34:20 - [TEST_STEP][PASSED] - scrollToObject(elem): null

27-02-2025T17:34:20 - [TEST_STEP][PASSED] - loc = element.getLocation(): null

27-02-2025T17:34:20 - [TEST_STEP][PASSED] - if (debug): null

27-02-2025T17:34:20 - [TEST_STEP][PASSED] - y = loc.getY(): null

27-02-2025T17:34:20 - [TEST_STEP][PASSED] - println("Y location is " + y): null

27-02-2025T17:34:20 - [TEST_STEP][PASSED] - top = getViewportTopPosition(): Current viewport's top (y) position is 773

27-02-2025T17:34:20 - [MESSAGE][PASSED] - Current viewport's top (y) position is 773

27-02-2025T17:34:20 - [TEST_STEP][PASSED] - println("Viewport top is " + top): null

27-02-2025T17:34:20 - [TEST_STEP][PASSED] - bottom = top + 600: null

27-02-2025T17:34:20 - [TEST_STEP][PASSED] - if (y - top < 150 || bottom - y < 10): null

27-02-2025T17:34:20 - [TEST_STEP][PASSED] - elem.click(): null

27-02-2025T17:34:20 - [TEST_STEP][PASSED] - myValue = element.getAttribute("value"): null

27-02-2025T17:34:20 - [TEST_STEP][PASSED] - if (debug): null

27-02-2025T17:34:20 - [TEST_STEP][PASSED] - if (myValue.length() >= 4): null

27-02-2025T17:34:20 - [TEST_STEP][PASSED] - if (myValue.substring(0, 4) == "(!) "): null

27-02-2025T17:34:20 - [TEST_STEP][PASSED] - myType = element.getAttribute("type"): null

27-02-2025T17:34:20 - [TEST_STEP][PASSED] - if (myValue in varParms[i]): null

27-02-2025T17:34:20 - [TEST_STEP][PASSED] - else: null

27-02-2025T17:34:20 - [TEST_STEP][PASSED] - inList = false: null

27-02-2025T17:34:20 - [TEST_STEP][PASSED] - if (myType == "checkbox"): null

27-02-2025T17:34:20 - [TEST_STEP][PASSED] - myStatus = element.isSelected(): null

27-02-2025T17:34:20 - [TEST_STEP][PASSED] - if (debug): null

27-02-2025T17:34:20 - [TEST_STEP][PASSED] - if (toggle && myStatus && inList): null

27-02-2025T17:34:20 - [TEST_STEP][PASSED] - if (!(myStatus) && inList || myStatus && !(inList)): null

27-02-2025T17:34:20 - [TEST_STEP][PASSED] - myValue = element.getAttribute("value"): null

27-02-2025T17:34:20 - [TEST_STEP][PASSED] - if (debug): null

27-02-2025T17:34:20 - [TEST_STEP][PASSED] - if (myValue.length() >= 4): null

27-02-2025T17:34:20 - [TEST_STEP][PASSED] - if (myValue.substring(0, 4) == "(!) "): null

27-02-2025T17:34:20 - [TEST_STEP][PASSED] - myType = element.getAttribute("type"): null

27-02-2025T17:34:20 - [TEST_STEP][PASSED] - if (myValue in varParms[i]): null

27-02-2025T17:34:20 - [TEST_STEP][PASSED] - else: null

27-02-2025T17:34:20 - [TEST_STEP][PASSED] - inList = false: null

27-02-2025T17:34:20 - [TEST_STEP][PASSED] - if (myType == "checkbox"): null

27-02-2025T17:34:20 - [TEST_STEP][PASSED] - myStatus = element.isSelected(): null

27-02-2025T17:34:20 - [TEST_STEP][PASSED] - if (debug): null

27-02-2025T17:34:20 - [TEST_STEP][PASSED] - if (toggle && myStatus && inList): null

27-02-2025T17:34:20 - [TEST_STEP][PASSED] - if (!(myStatus) && inList || myStatus && !(inList)): null

27-02-2025T17:34:20 - [TEST_STEP][PASSED] - myValue = element.getAttribute("value"): null

27-02-2025T17:34:20 - [TEST_STEP][PASSED] - if (debug): null

27-02-2025T17:34:20 - [TEST_STEP][PASSED] - if (myValue.length() >= 4): null

27-02-2025T17:34:20 - [TEST_STEP][PASSED] - if (myValue.substring(0, 4) == "(!) "): null

27-02-2025T17:34:20 - [TEST_STEP][PASSED] - myType = element.getAttribute("type"): null

27-02-2025T17:34:20 - [TEST_STEP][PASSED] - if (myValue in varParms[i]): null

27-02-2025T17:34:20 - [TEST_STEP][PASSED] - else: null

27-02-2025T17:34:20 - [TEST_STEP][PASSED] - inList = false: null

27-02-2025T17:34:20 - [TEST_STEP][PASSED] - if (myType == "checkbox"): null

27-02-2025T17:34:20 - [TEST_STEP][PASSED] - myStatus = element.isSelected(): null

27-02-2025T17:34:20 - [TEST_STEP][PASSED] - if (debug): null

27-02-2025T17:34:20 - [TEST_STEP][PASSED] - if (toggle && myStatus && inList): null

27-02-2025T17:34:20 - [TEST_STEP][PASSED] - if (!(myStatus) && inList || myStatus && !(inList)): null

27-02-2025T17:34:20 - [TEST_STEP][PASSED] - myValue = element.getAttribute("value"): null

27-02-2025T17:34:20 - [TEST_STEP][PASSED] - if (debug): null

27-02-2025T17:34:20 - [TEST_STEP][PASSED] - if (myValue.length() >= 4): null

27-02-2025T17:34:20 - [TEST_STEP][PASSED] - myType = element.getAttribute("type"): null

27-02-2025T17:34:20 - [TEST_STEP][PASSED] - if (myValue in varParms[i]): null

27-02-2025T17:34:20 - [TEST_STEP][PASSED] - else: null

27-02-2025T17:34:20 - [TEST_STEP][PASSED] - inList = false: null

27-02-2025T17:34:20 - [TEST_STEP][PASSED] - if (myType == "checkbox"): null

27-02-2025T17:34:20 - [TEST_STEP][PASSED] - myStatus = element.isSelected(): null

27-02-2025T17:34:20 - [TEST_STEP][PASSED] - if (debug): null

27-02-2025T17:34:20 - [TEST_STEP][PASSED] - if (toggle && myStatus && inList): null

27-02-2025T17:34:20 - [TEST_STEP][PASSED] - if (!(myStatus) && inList || myStatus && !(inList)): null

27-02-2025T17:34:20 - [TEST_STEP][PASSED] - myValue = element.getAttribute("value"): null

27-02-2025T17:34:20 - [TEST_STEP][PASSED] - if (debug): null

27-02-2025T17:34:20 - [TEST_STEP][PASSED] - if (myValue.length() >= 4): null

27-02-2025T17:34:20 - [TEST_STEP][PASSED] - if (myValue.substring(0, 4) == "(!) "): null

27-02-2025T17:34:20 - [TEST_STEP][PASSED] - myType = element.getAttribute("type"): null

27-02-2025T17:34:20 - [TEST_STEP][PASSED] - if (myValue in varParms[i]): null

27-02-2025T17:34:20 - [TEST_STEP][PASSED] - inList = true: null

27-02-2025T17:34:20 - [TEST_STEP][PASSED] - if (myType == "checkbox"): null

27-02-2025T17:34:20 - [TEST_STEP][PASSED] - myStatus = element.isSelected(): null

27-02-2025T17:34:20 - [TEST_STEP][PASSED] - if (debug): null

27-02-2025T17:34:20 - [TEST_STEP][PASSED] - if (toggle && myStatus && inList): null

27-02-2025T17:34:20 - [TEST_STEP][PASSED] - if (!(myStatus) && inList || myStatus && !(inList)): null

27-02-2025T17:34:20 - [TEST_STEP][PASSED] - if (debug): null

27-02-2025T17:34:20 - [TEST_STEP][PASSED] - println("Clicking " + myValue): null

27-02-2025T17:34:20 - [TEST_STEP][PASSED] - click(element): null

27-02-2025T17:34:20 - [TEST_STEP][PASSED] - scrollToObject(elem): null

27-02-2025T17:34:20 - [TEST_STEP][PASSED] - loc = element.getLocation(): null

27-02-2025T17:34:20 - [TEST_STEP][PASSED] - if (debug): null

27-02-2025T17:34:20 - [TEST_STEP][PASSED] - y = loc.getY(): null

27-02-2025T17:34:20 - [TEST_STEP][PASSED] - println("Y location is " + y): null

27-02-2025T17:34:20 - [TEST_STEP][PASSED] - top = getViewportTopPosition(): Current viewport's top (y) position is 773

27-02-2025T17:34:20 - [MESSAGE][PASSED] - Current viewport's top (y) position is 773

27-02-2025T17:34:20 - [TEST_STEP][PASSED] - println("Viewport top is " + top): null

27-02-2025T17:34:20 - [TEST_STEP][PASSED] - bottom = top + 600: null

27-02-2025T17:34:20 - [TEST_STEP][PASSED] - if (y - top < 150 || bottom - y < 10): Delayed 1 second(s)

27-02-2025T17:34:20 - [TEST_STEP][PASSED] - scrollToPosition(0, y - 150): Browser is scrolled to position x = 0, y = 1241

27-02-2025T17:34:20 - [MESSAGE][PASSED] - Browser is scrolled to position x = 0, y = 1241

27-02-2025T17:34:20 - [TEST_STEP][PASSED] - delay(1): Delayed 1 second(s)

27-02-2025T17:34:21 - [MESSAGE][PASSED] - Delayed 1 second(s)

27-02-2025T17:34:21 - [TEST_STEP][PASSED] - elem.click(): null

27-02-2025T17:34:21 - [TEST_STEP][PASSED] - myValue = element.getAttribute("value"): null

27-02-2025T17:34:21 - [TEST_STEP][PASSED] - if (debug): null

27-02-2025T17:34:21 - [TEST_STEP][PASSED] - if (myValue.length() >= 4): null

27-02-2025T17:34:21 - [TEST_STEP][PASSED] - if (myValue.substring(0, 4) == "(!) "): null

27-02-2025T17:34:21 - [TEST_STEP][PASSED] - myType = element.getAttribute("type"): null

27-02-2025T17:34:21 - [TEST_STEP][PASSED] - if (myValue in varParms[i]): null

27-02-2025T17:34:21 - [TEST_STEP][PASSED] - inList = true: null

27-02-2025T17:34:21 - [TEST_STEP][PASSED] - if (myType == "checkbox"): null

27-02-2025T17:34:21 - [TEST_STEP][PASSED] - myStatus = element.isSelected(): null

27-02-2025T17:34:21 - [TEST_STEP][PASSED] - if (debug): null

27-02-2025T17:34:21 - [TEST_STEP][PASSED] - if (toggle && myStatus && inList): null

27-02-2025T17:34:21 - [TEST_STEP][PASSED] - if (!(myStatus) && inList || myStatus && !(inList)): null

27-02-2025T17:34:21 - [TEST_STEP][PASSED] - if (debug): null

27-02-2025T17:34:21 - [TEST_STEP][PASSED] - println("Clicking " + myValue): null

27-02-2025T17:34:21 - [TEST_STEP][PASSED] - click(element): null

27-02-2025T17:34:21 - [TEST_STEP][PASSED] - scrollToObject(elem): null

27-02-2025T17:34:21 - [TEST_STEP][PASSED] - loc = element.getLocation(): null

27-02-2025T17:34:21 - [TEST_STEP][PASSED] - if (debug): null

27-02-2025T17:34:21 - [TEST_STEP][PASSED] - y = loc.getY(): null

27-02-2025T17:34:21 - [TEST_STEP][PASSED] - println("Y location is " + y): null

27-02-2025T17:34:21 - [TEST_STEP][PASSED] - top = getViewportTopPosition(): Current viewport's top (y) position is 1241

27-02-2025T17:34:21 - [MESSAGE][PASSED] - Current viewport's top (y) position is 1241

27-02-2025T17:34:21 - [TEST_STEP][PASSED] - println("Viewport top is " + top): null

27-02-2025T17:34:21 - [TEST_STEP][PASSED] - bottom = top + 600: null

27-02-2025T17:34:21 - [TEST_STEP][PASSED] - if (y - top < 150 || bottom - y < 10): null

27-02-2025T17:34:21 - [TEST_STEP][PASSED] - elem.click(): null

27-02-2025T17:34:21 - [TEST_STEP][PASSED] - myValue = element.getAttribute("value"): null

27-02-2025T17:34:21 - [TEST_STEP][PASSED] - if (debug): null

27-02-2025T17:34:21 - [TEST_STEP][PASSED] - if (myValue.length() >= 4): null

27-02-2025T17:34:21 - [TEST_STEP][PASSED] - myType = element.getAttribute("type"): null

27-02-2025T17:34:21 - [TEST_STEP][PASSED] - if (myValue in varParms[i]): null

27-02-2025T17:34:21 - [TEST_STEP][PASSED] - else: null

27-02-2025T17:34:21 - [TEST_STEP][PASSED] - inList = false: null

27-02-2025T17:34:21 - [TEST_STEP][PASSED] - if (myType == "checkbox"): null

27-02-2025T17:34:21 - [TEST_STEP][PASSED] - myStatus = element.isSelected(): null

27-02-2025T17:34:21 - [TEST_STEP][PASSED] - if (debug): null

27-02-2025T17:34:21 - [TEST_STEP][PASSED] - if (toggle && myStatus && inList): null

27-02-2025T17:34:21 - [TEST_STEP][PASSED] - if (!(myStatus) && inList || myStatus && !(inList)): null

27-02-2025T17:34:21 - [TEST_STEP][PASSED] - myValue = element.getAttribute("value"): null

27-02-2025T17:34:21 - [TEST_STEP][PASSED] - if (debug): null

27-02-2025T17:34:21 - [TEST_STEP][PASSED] - if (myValue.length() >= 4): null

27-02-2025T17:34:21 - [TEST_STEP][PASSED] - if (myValue.substring(0, 4) == "(!) "): null

27-02-2025T17:34:21 - [TEST_STEP][PASSED] - myType = element.getAttribute("type"): null

27-02-2025T17:34:21 - [TEST_STEP][PASSED] - if (myValue in varParms[i]): null

27-02-2025T17:34:21 - [TEST_STEP][PASSED] - else: null

27-02-2025T17:34:21 - [TEST_STEP][PASSED] - inList = false: null

27-02-2025T17:34:21 - [TEST_STEP][PASSED] - if (myType == "checkbox"): null

27-02-2025T17:34:21 - [TEST_STEP][PASSED] - myStatus = element.isSelected(): null

27-02-2025T17:34:21 - [TEST_STEP][PASSED] - if (debug): null

27-02-2025T17:34:21 - [TEST_STEP][PASSED] - if (toggle && myStatus && inList): null

27-02-2025T17:34:21 - [TEST_STEP][PASSED] - if (!(myStatus) && inList || myStatus && !(inList)): null

27-02-2025T17:34:21 - [TEST_STEP][PASSED] - myValue = element.getAttribute("value"): null

27-02-2025T17:34:21 - [TEST_STEP][PASSED] - if (debug): null

27-02-2025T17:34:21 - [TEST_STEP][PASSED] - if (myValue.length() >= 4): null

27-02-2025T17:34:21 - [TEST_STEP][PASSED] - if (myValue.substring(0, 4) == "(!) "): null

27-02-2025T17:34:21 - [TEST_STEP][PASSED] - myType = element.getAttribute("type"): null

27-02-2025T17:34:21 - [TEST_STEP][PASSED] - if (myValue in varParms[i]): null

27-02-2025T17:34:21 - [TEST_STEP][PASSED] - else: null

27-02-2025T17:34:21 - [TEST_STEP][PASSED] - inList = false: null

27-02-2025T17:34:21 - [TEST_STEP][PASSED] - if (myType == "checkbox"): null

27-02-2025T17:34:21 - [TEST_STEP][PASSED] - myStatus = element.isSelected(): null

27-02-2025T17:34:21 - [TEST_STEP][PASSED] - if (debug): null

27-02-2025T17:34:21 - [TEST_STEP][PASSED] - if (toggle && myStatus && inList): null

27-02-2025T17:34:21 - [TEST_STEP][PASSED] - if (!(myStatus) && inList || myStatus && !(inList)): null

27-02-2025T17:34:21 - [TEST_STEP][PASSED] - myValue = element.getAttribute("value"): null

27-02-2025T17:34:21 - [TEST_STEP][PASSED] - if (debug): null

27-02-2025T17:34:21 - [TEST_STEP][PASSED] - if (myValue.length() >= 4): null

27-02-2025T17:34:21 - [TEST_STEP][PASSED] - if (myValue.substring(0, 4) == "(!) "): null

27-02-2025T17:34:21 - [TEST_STEP][PASSED] - myType = element.getAttribute("type"): null

27-02-2025T17:34:21 - [TEST_STEP][PASSED] - if (myValue in varParms[i]): null

27-02-2025T17:34:21 - [TEST_STEP][PASSED] - else: null

27-02-2025T17:34:21 - [TEST_STEP][PASSED] - inList = false: null

27-02-2025T17:34:21 - [TEST_STEP][PASSED] - if (myType == "checkbox"): null

27-02-2025T17:34:21 - [TEST_STEP][PASSED] - myStatus = element.isSelected(): null

27-02-2025T17:34:21 - [TEST_STEP][PASSED] - if (debug): null

27-02-2025T17:34:21 - [TEST_STEP][PASSED] - if (toggle && myStatus && inList): null

27-02-2025T17:34:21 - [TEST_STEP][PASSED] - if (!(myStatus) && inList || myStatus && !(inList)): null

27-02-2025T17:34:21 - [TEST_STEP][PASSED] - myValue = element.getAttribute("value"): null

27-02-2025T17:34:21 - [TEST_STEP][PASSED] - if (debug): null

27-02-2025T17:34:21 - [TEST_STEP][PASSED] - if (myValue.length() >= 4): null

27-02-2025T17:34:21 - [TEST_STEP][PASSED] - if (myValue.substring(0, 4) == "(!) "): null

27-02-2025T17:34:21 - [TEST_STEP][PASSED] - myType = element.getAttribute("type"): null

27-02-2025T17:34:21 - [TEST_STEP][PASSED] - if (myValue in varParms[i]): null

27-02-2025T17:34:21 - [TEST_STEP][PASSED] - else: null

27-02-2025T17:34:21 - [TEST_STEP][PASSED] - inList = false: null

27-02-2025T17:34:21 - [TEST_STEP][PASSED] - if (myType == "checkbox"): null

27-02-2025T17:34:21 - [TEST_STEP][PASSED] - myStatus = element.isSelected(): null

27-02-2025T17:34:21 - [TEST_STEP][PASSED] - if (debug): null

27-02-2025T17:34:21 - [TEST_STEP][PASSED] - if (toggle && myStatus && inList): null

27-02-2025T17:34:21 - [TEST_STEP][PASSED] - if (!(myStatus) && inList || myStatus && !(inList)): null

27-02-2025T17:34:21 - [TEST_STEP][PASSED] - myValue = element.getAttribute("value"): null

27-02-2025T17:34:21 - [TEST_STEP][PASSED] - if (debug): null

27-02-2025T17:34:21 - [TEST_STEP][PASSED] - if (myValue.length() >= 4): null

27-02-2025T17:34:21 - [TEST_STEP][PASSED] - if (myValue.substring(0, 4) == "(!) "): null

27-02-2025T17:34:21 - [TEST_STEP][PASSED] - myType = element.getAttribute("type"): null

27-02-2025T17:34:21 - [TEST_STEP][PASSED] - if (myValue in varParms[i]): null

27-02-2025T17:34:21 - [TEST_STEP][PASSED] - inList = true: null

27-02-2025T17:34:21 - [TEST_STEP][PASSED] - if (myType == "checkbox"): null

27-02-2025T17:34:21 - [TEST_STEP][PASSED] - myStatus = element.isSelected(): null

27-02-2025T17:34:21 - [TEST_STEP][PASSED] - if (debug): null

27-02-2025T17:34:21 - [TEST_STEP][PASSED] - if (toggle && myStatus && inList): null

27-02-2025T17:34:21 - [TEST_STEP][PASSED] - if (!(myStatus) && inList || myStatus && !(inList)): null

27-02-2025T17:34:21 - [TEST_STEP][PASSED] - if (debug): null

27-02-2025T17:34:21 - [TEST_STEP][PASSED] - println("Clicking " + myValue): null

27-02-2025T17:34:21 - [TEST_STEP][PASSED] - click(element): null

27-02-2025T17:34:21 - [TEST_STEP][PASSED] - scrollToObject(elem): null

27-02-2025T17:34:21 - [TEST_STEP][PASSED] - loc = element.getLocation(): null

27-02-2025T17:34:21 - [TEST_STEP][PASSED] - if (debug): null

27-02-2025T17:34:21 - [TEST_STEP][PASSED] - y = loc.getY(): null

27-02-2025T17:34:21 - [TEST_STEP][PASSED] - println("Y location is " + y): null

27-02-2025T17:34:21 - [TEST_STEP][PASSED] - top = getViewportTopPosition(): Current viewport's top (y) position is 1241

27-02-2025T17:34:21 - [MESSAGE][PASSED] - Current viewport's top (y) position is 1241

27-02-2025T17:34:21 - [TEST_STEP][PASSED] - println("Viewport top is " + top): null

27-02-2025T17:34:21 - [TEST_STEP][PASSED] - bottom = top + 600: null

27-02-2025T17:34:21 - [TEST_STEP][PASSED] - if (y - top < 150 || bottom - y < 10): Delayed 1 second(s)

27-02-2025T17:34:21 - [TEST_STEP][PASSED] - scrollToPosition(0, y - 150): Browser is scrolled to position x = 0, y = 1209

27-02-2025T17:34:21 - [MESSAGE][PASSED] - Browser is scrolled to position x = 0, y = 1209

27-02-2025T17:34:21 - [TEST_STEP][PASSED] - delay(1): Delayed 1 second(s)

27-02-2025T17:34:22 - [MESSAGE][PASSED] - Delayed 1 second(s)

27-02-2025T17:34:22 - [TEST_STEP][PASSED] - elem.click(): null

27-02-2025T17:34:22 - [TEST_STEP][PASSED] - myValue = element.getAttribute("value"): null

27-02-2025T17:34:22 - [TEST_STEP][PASSED] - if (debug): null

27-02-2025T17:34:22 - [TEST_STEP][PASSED] - if (myValue.length() >= 4): null

27-02-2025T17:34:22 - [TEST_STEP][PASSED] - if (myValue.substring(0, 4) == "(!) "): null

27-02-2025T17:34:22 - [TEST_STEP][PASSED] - myType = element.getAttribute("type"): null

27-02-2025T17:34:22 - [TEST_STEP][PASSED] - if (myValue in varParms[i]): null

27-02-2025T17:34:22 - [TEST_STEP][PASSED] - else: null

27-02-2025T17:34:22 - [TEST_STEP][PASSED] - inList = false: null

27-02-2025T17:34:22 - [TEST_STEP][PASSED] - if (myType == "checkbox"): null

27-02-2025T17:34:22 - [TEST_STEP][PASSED] - myStatus = element.isSelected(): null

27-02-2025T17:34:22 - [TEST_STEP][PASSED] - if (debug): null

27-02-2025T17:34:22 - [TEST_STEP][PASSED] - if (toggle && myStatus && inList): null

27-02-2025T17:34:22 - [TEST_STEP][PASSED] - if (!(myStatus) && inList || myStatus && !(inList)): null

27-02-2025T17:34:22 - [TEST_STEP][PASSED] - myValue = element.getAttribute("value"): null

27-02-2025T17:34:22 - [TEST_STEP][PASSED] - if (debug): null

27-02-2025T17:34:22 - [TEST_STEP][PASSED] - if (myValue.length() >= 4): null

27-02-2025T17:34:22 - [TEST_STEP][PASSED] - if (myValue.substring(0, 4) == "(!) "): null

27-02-2025T17:34:22 - [TEST_STEP][PASSED] - myType = element.getAttribute("type"): null

27-02-2025T17:34:22 - [TEST_STEP][PASSED] - if (myValue in varParms[i]): null

27-02-2025T17:34:22 - [TEST_STEP][PASSED] - else: null

27-02-2025T17:34:22 - [TEST_STEP][PASSED] - inList = false: null

27-02-2025T17:34:22 - [TEST_STEP][PASSED] - if (myType == "checkbox"): null

27-02-2025T17:34:22 - [TEST_STEP][PASSED] - myStatus = element.isSelected(): null

27-02-2025T17:34:22 - [TEST_STEP][PASSED] - if (debug): null

27-02-2025T17:34:22 - [TEST_STEP][PASSED] - if (toggle && myStatus && inList): null

27-02-2025T17:34:22 - [TEST_STEP][PASSED] - if (!(myStatus) && inList || myStatus && !(inList)): null

27-02-2025T17:34:22 - [TEST_STEP][PASSED] - frame.dispose(): null

27-02-2025T17:34:22 - [MESSAGE][PASSED] - Call Test Case 'Test Cases/_Functions/Click on Group Elements' successfully

27-02-2025T17:34:22 - [TEST_STEP][PASSED] - callTestCase(findTestCase("_Functions/Test Field Error Messages"), ["varFieldList":fieldList, "varRequiredFieldMsgs":requiredFieldMsgs], STOP_ON_FAILURE): Call Test Case 'Test Cases/_Functions/Test Field Error Messages' successfully

27-02-2025T17:34:22 - [TEST_CASE][PASSED] - Test Cases/_Functions/Test Field Error Messages: Test Cases/_Functions/Test Field Error Messages

27-02-2025T17:34:22 - [TEST_STEP][PASSED] - count = callTestCase(findTestCase("_Functions/Find error messages"), ["varFunction":"count"], STOP_ON_FAILURE): Call Test Case 'Test Cases/_Functions/Find error messages' successfully

27-02-2025T17:34:22 - [TEST_CASE][PASSED] - Test Cases/_Functions/Find error messages: Test Cases/_Functions/Find error messages

27-02-2025T17:34:22 - [TEST_STEP][PASSED] - function = "count": null

27-02-2025T17:34:22 - [TEST_STEP][PASSED] - if (binding.hasVariable("varFunction")): null

27-02-2025T17:34:22 - [TEST_STEP][PASSED] - function = varFunction: null

27-02-2025T17:34:22 - [TEST_STEP][PASSED] - title = getWindowTitle(): Current window's title is: 'Journey'

27-02-2025T17:34:22 - [MESSAGE][PASSED] - Current window's title is: 'Journey'

27-02-2025T17:34:22 - [TEST_STEP][PASSED] - println("Page title is " + title): null

27-02-2025T17:34:22 - [TEST_STEP][PASSED] - driver = getWebDriver(): null

27-02-2025T17:34:22 - [TEST_STEP][PASSED] - elements = driver.findElements(By.xpath("//div[@class='col-sm-offset-3 col-sm-9 text-danger']")): null

27-02-2025T17:34:22 - [TEST_STEP][PASSED] - if (function == "count"): null

27-02-2025T17:34:22 - [TEST_STEP][PASSED] - return elements.size(): null

27-02-2025T17:34:22 - [MESSAGE][PASSED] - Call Test Case 'Test Cases/_Functions/Find error messages' successfully

27-02-2025T17:34:22 - [TEST_STEP][PASSED] - outFile = outFile: null

27-02-2025T17:34:22 - [TEST_STEP][PASSED] - if (count == 0): null

27-02-2025T17:34:22 - [TEST_STEP][PASSED] - else: Delayed 0 second(s)

27-02-2025T17:34:22 - [TEST_STEP][PASSED] - fieldList = varFieldList: null

27-02-2025T17:34:22 - [TEST_STEP][PASSED] - requiredFieldMsgs = varRequiredFieldMsgs: null

27-02-2025T17:34:22 - [TEST_STEP][PASSED] - outText = "Verifying error messages for fields " + fieldList: null

27-02-2025T17:34:22 - [TEST_STEP][PASSED] - for (def field : fieldList): null

27-02-2025T17:34:22 - [TEST_STEP][PASSED] - delay(fieldTestDelay): Delayed 0 second(s)

27-02-2025T17:34:22 - [MESSAGE][PASSED] - Delayed 0 second(s)

27-02-2025T17:34:22 - [MESSAGE][PASSED] - Call Test Case 'Test Cases/_Functions/Test Field Error Messages' successfully

27-02-2025T17:34:22 - [TEST_STEP][PASSED] - if (varIT_comments != null): Call Test Case 'Test Cases/_Functions/Perform Action' successfully

27-02-2025T17:34:22 - [TEST_STEP][PASSED] - object = "Object Repository/Journey Candidate Profile/Tabs/IT Skills and Interest/textarea_IT Comments": null

27-02-2025T17:34:22 - [TEST_STEP][PASSED] - callTestCase(findTestCase("_Functions/Perform Action"), ["varAction":"setText", "varObject":object, "varParm1":varIT_comments], STOP_ON_FAILURE): Call Test Case 'Test Cases/_Functions/Perform Action' successfully

27-02-2025T17:34:22 - [TEST_CASE][PASSED] - Test Cases/_Functions/Perform Action: Test Cases/_Functions/Perform Action

27-02-2025T17:34:22 - [TEST_STEP][PASSED] - action = varAction: null

27-02-2025T17:34:22 - [TEST_STEP][PASSED] - println(action): null

27-02-2025T17:34:22 - [TEST_STEP][PASSED] - testObject = varObject: null

27-02-2025T17:34:22 - [TEST_STEP][PASSED] - println(testObject): null

27-02-2025T17:34:22 - [TEST_STEP][PASSED] - parm1 = varParm1: null

27-02-2025T17:34:22 - [TEST_STEP][PASSED] - println(parm1): null

27-02-2025T17:34:22 - [TEST_STEP][PASSED] - println("Converting " + testObject + " to web element"): null

27-02-2025T17:34:22 - [TEST_STEP][PASSED] - element = findWebElement(findTestObject(testObject), 1): null

27-02-2025T17:34:22 - [TEST_STEP][PASSED] - loc = element.getLocation(): null

27-02-2025T17:34:22 - [TEST_STEP][PASSED] - y = loc.getY(): null

27-02-2025T17:34:22 - [TEST_STEP][PASSED] - println("Y location is " + y): null

27-02-2025T17:34:22 - [TEST_STEP][PASSED] - top = getViewportTopPosition(): Current viewport's top (y) position is 1209

27-02-2025T17:34:22 - [MESSAGE][PASSED] - Current viewport's top (y) position is 1209

27-02-2025T17:34:22 - [TEST_STEP][PASSED] - println("Viewport top is " + top): null

27-02-2025T17:34:22 - [TEST_STEP][PASSED] - bottom = top + 600: null

27-02-2025T17:34:22 - [TEST_STEP][PASSED] - if (y - top < 150 || bottom - y < 10): null

27-02-2025T17:34:22 - [TEST_STEP][PASSED] - if (action == "click"): null

27-02-2025T17:34:22 - [TEST_STEP][PASSED] - else if (action == "selectOptionByValue"): null

27-02-2025T17:34:22 - [TEST_STEP][PASSED] - else if (action == "setText"): Text 'My strongest language skills are in Python' is set on object 'Object Repository/Journey Candidate Profile/Tabs/IT Skills and Interest/textarea_IT Comments'

27-02-2025T17:34:22 - [TEST_STEP][PASSED] - println("Setting text " + parm1): null

27-02-2025T17:34:22 - [TEST_STEP][PASSED] - setText(findTestObject(testObject), parm1): Text 'My strongest language skills are in Python' is set on object 'Object Repository/Journey Candidate Profile/Tabs/IT Skills and Interest/textarea_IT Comments'

27-02-2025T17:34:22 - [MESSAGE][PASSED] - Text 'My strongest language skills are in Python' is set on object 'Object Repository/Journey Candidate Profile/Tabs/IT Skills and Interest/textarea_IT Comments'

27-02-2025T17:34:22 - [MESSAGE][PASSED] - Call Test Case 'Test Cases/_Functions/Perform Action' successfully

27-02-2025T17:34:22 - [TEST_STEP][PASSED] - click(findTestObject("Object Repository/Journey Candidate Profile/Tabs//btn_Complete Submit")): Object: 'Object Repository/Journey Candidate Profile/Tabs//btn_Complete Submit' is clicked on

27-02-2025T17:34:25 - [MESSAGE][PASSED] - Object: 'Object Repository/Journey Candidate Profile/Tabs//btn_Complete Submit' is clicked on

27-02-2025T17:34:25 - [MESSAGE][PASSED] - Call Test Case 'Test Cases/Journey Candidate Profile/Tabs/Set IT Skills and Interest' successfully

27-02-2025T17:34:25 - [TEST_STEP][PASSED] - if (pages.size() == 0 || "All" in pages || "Spouse Info" in pages): Call Test Case 'Test Cases/Journey Candidate Profile/Tabs/Set Spouse Info' successfully

27-02-2025T17:34:25 - [TEST_STEP][PASSED] - spouse_first_name = "Jennifer": null

27-02-2025T17:34:25 - [TEST_STEP][PASSED] - spouse_birth_year = "1951": null

27-02-2025T17:34:25 - [TEST_STEP][PASSED] - spouse_citizenship_country = "United States": null

27-02-2025T17:34:25 - [TEST_STEP][PASSED] - spouse_ethnicity = "WHITE/CAUCASIAN": null

27-02-2025T17:34:25 - [TEST_STEP][PASSED] - spouse_serving_with_you = "Yes": null

27-02-2025T17:34:25 - [TEST_STEP][PASSED] - callTestCase(findTestCase("Journey Candidate Profile/Tabs/Set Spouse Info"), ["varSpouse_first_name":spouse_first_name, "varSpouse_birth_year":spouse_birth_year, "varSpouse_citizenship_country":spouse_citizenship_country, ... ], STOP_ON_FAILURE): Call Test Case 'Test Cases/Journey Candidate Profile/Tabs/Set Spouse Info' successfully

27-02-2025T17:34:25 - [TEST_CASE][PASSED] - Test Cases/Journey Candidate Profile/Tabs/Set Spouse Info: Test Cases/Journey Candidate Profile/Tabs/Set Spouse Info

27-02-2025T17:34:25 - [TEST_STEP][PASSED] - username = username: null

27-02-2025T17:34:25 - [TEST_STEP][PASSED] - if (username != "cktest05jc"): null

27-02-2025T17:34:25 - [TEST_STEP][PASSED] - domain = domain: null

27-02-2025T17:34:25 - [TEST_STEP][PASSED] - writeFile = false: null

27-02-2025T17:34:25 - [TEST_STEP][PASSED] - testName = "Journey Candidate Spouse Info Tab": null

27-02-2025T17:34:25 - [TEST_STEP][PASSED] - outFile = callTestCase(findTestCase("_Functions/Set Output File"), ["varTestName":testName], STOP_ON_FAILURE): Call Test Case 'Test Cases/_Functions/Set Output File' successfully

27-02-2025T17:34:25 - [TEST_CASE][PASSED] - Test Cases/_Functions/Set Output File: Test Cases/_Functions/Set Output File

27-02-2025T17:34:25 - [TEST_STEP][PASSED] - testName = varTestName: null

27-02-2025T17:34:25 - [TEST_STEP][PASSED] - domain = domain: null

27-02-2025T17:34:25 - [TEST_STEP][PASSED] - writeFile = false: null

27-02-2025T17:34:25 - [TEST_STEP][PASSED] - if (outFile != ""): null

27-02-2025T17:34:25 - [TEST_STEP][PASSED] - myFile = outFile: null

27-02-2025T17:34:25 - [TEST_STEP][PASSED] - println(myFile): null

27-02-2025T17:34:25 - [TEST_STEP][PASSED] - outFile = new java.io.File(myFile): null

27-02-2025T17:34:25 - [TEST_STEP][PASSED] - writeFile = true: null

27-02-2025T17:34:25 - [TEST_STEP][PASSED] - if (!(writeFile)): null

27-02-2025T17:34:25 - [TEST_STEP][PASSED] - else: null

27-02-2025T17:34:25 - [TEST_STEP][PASSED] - outFile.append("
Testing " + testName + " on " + domain + ".
"): null

27-02-2025T17:34:25 - [TEST_STEP][PASSED] - return outFile: null

27-02-2025T17:34:25 - [MESSAGE][PASSED] - Call Test Case 'Test Cases/_Functions/Set Output File' successfully

27-02-2025T17:34:25 - [TEST_STEP][PASSED] - tooltipImagePath = "/Users/cckozie/git/MissionNext-Katalon-Koz/images/Journey candidate/": null

27-02-2025T17:34:25 - [TEST_STEP][PASSED] - testObjectFolder = "Journey Candidate Profile/Tabs/Spouse Info/": null

27-02-2025T17:34:25 - [TEST_STEP][PASSED] - tooltips = ["dummy":"dummy", "Spouse Birth Year":"img_Spouse Birth Year_field-tooltip", "Spouse Citizenship Country":"img_Spouse Citizenship Country_field-tooltip", ... ]: null

27-02-2025T17:34:25 - [TEST_STEP][PASSED] - tooltipText = ["Spouse Birth Year":"Four Digit Year", "Spouse Citizenship Country":"If you have dual citizenship, select the country where you normally reside.", ... ]: null

27-02-2025T17:34:25 - [TEST_STEP][PASSED] - requiredFieldMsgs = ["Spouse First Name":"The spouse first name: field is required.", "Spouse Birth Year":"The spouse birth year field is required."]: null

27-02-2025T17:34:25 - [TEST_STEP][PASSED] - pageLinks = ["Terms and Conditions":"Terms and Conditions"]: null

27-02-2025T17:34:25 - [TEST_STEP][PASSED] - click(findTestObject("Journey Candidate Profile/Tabs/a_Spouse Info")): Object: 'Object Repository/Journey Candidate Profile/Tabs/a_Spouse Info' is clicked on

27-02-2025T17:34:25 - [MESSAGE][PASSED] - Object: 'Object Repository/Journey Candidate Profile/Tabs/a_Spouse Info' is clicked on

27-02-2025T17:34:25 - [TEST_STEP][PASSED] - tooltipTextMap = callTestCase(findTestCase("_Functions/Get Screenshot and Tooltip Text"), ["varExtension":testName], STOP_ON_FAILURE): Call Test Case 'Test Cases/_Functions/Get Screenshot and Tooltip Text' successfully

27-02-2025T17:34:25 - [TEST_CASE][PASSED] - Test Cases/_Functions/Get Screenshot and Tooltip Text: Test Cases/_Functions/Get Screenshot and Tooltip Text

27-02-2025T17:34:25 - [TEST_STEP][PASSED] - if (fastPath): null

27-02-2025T17:34:25 - [TEST_STEP][PASSED] - frame = new javax.swing.JFrame(): null

27-02-2025T17:34:25 - [TEST_STEP][PASSED] - p = new javax.swing.JPanel(): null

27-02-2025T17:34:25 - [TEST_STEP][PASSED] - l = new javax.swing.JLabel(Getting screenshot and tooltip text..., javax.swing.SwingConstants.CENTER): null

27-02-2025T17:34:25 - [TEST_STEP][PASSED] - frame.add(l): null

27-02-2025T17:34:25 - [TEST_STEP][PASSED] - frame.setSize(300, 100): null

27-02-2025T17:34:25 - [TEST_STEP][PASSED] - frame.setLocation(600, 0): null

27-02-2025T17:34:25 - [TEST_STEP][PASSED] - frame.setAlwaysOnTop(true): null

27-02-2025T17:34:25 - [TEST_STEP][PASSED] - frame.show(): null

27-02-2025T17:34:25 - [TEST_STEP][PASSED] - driver = getWebDriver(): null

27-02-2025T17:34:25 - [TEST_STEP][PASSED] - path = "/Users/cckozie/Documents/MissionNext/Screenshots and Tooltip Text/": null

27-02-2025T17:34:25 - [TEST_STEP][PASSED] - if (binding.hasVariable("varExtension")): null

27-02-2025T17:34:25 - [TEST_STEP][PASSED] - extension = varExtension: null

27-02-2025T17:34:25 - [TEST_STEP][PASSED] - println("Extension is " + extension): null

27-02-2025T17:34:25 - [TEST_STEP][PASSED] - fileBase = path + extension: null

27-02-2025T17:34:25 - [TEST_STEP][PASSED] - fileImage = fileBase + "_Screenshot.png": null

27-02-2025T17:34:25 - [TEST_STEP][PASSED] - waitForPageLoad(30): Wait for page load successfully

27-02-2025T17:34:25 - [MESSAGE][PASSED] - Wait for page load successfully

27-02-2025T17:34:25 - [TEST_STEP][PASSED] - spinner = driver.findElement(By.xpath("/html/body/div[1]/div/div[2]")): null

27-02-2025T17:34:25 - [TEST_STEP][PASSED] - executor = driver: null

27-02-2025T17:34:25 - [TEST_STEP][PASSED] - elementAttributes = executor.executeScript("var items = {}; for (index = 0; index < arguments[0].attributes.length; ++index) { items[arguments[0].attributes[index].name] = arguments[0].attributes[index].value }; return items;", spinner): null

27-02-2025T17:34:25 - [TEST_STEP][PASSED] - attrs = elementAttributes.toString(): null

27-02-2025T17:34:25 - [TEST_STEP][PASSED] - waits = 0: null

27-02-2025T17:34:25 - [TEST_STEP][PASSED] - while (attrs.indexOf("display: none") < 0 && waits < 2): null

27-02-2025T17:34:25 - [TEST_STEP][PASSED] - delay(1): Delayed 1 second(s)

27-02-2025T17:34:26 - [MESSAGE][PASSED] - Delayed 1 second(s)

27-02-2025T17:34:26 - [TEST_STEP][PASSED] - attrs = elementAttributes.toString(): null

27-02-2025T17:34:26 - [TEST_STEP][PASSED] - (waits++): null

27-02-2025T17:34:26 - [TEST_STEP][PASSED] - delay(1): Delayed 1 second(s)

27-02-2025T17:34:27 - [MESSAGE][PASSED] - Delayed 1 second(s)

27-02-2025T17:34:27 - [TEST_STEP][PASSED] - attrs = elementAttributes.toString(): null

27-02-2025T17:34:27 - [TEST_STEP][PASSED] - (waits++): null

27-02-2025T17:34:27 - [TEST_STEP][PASSED] - tooltipMap = callTestCase(findTestCase("_Functions/Get Tooltip Text"), [:], STOP_ON_FAILURE): Call Test Case 'Test Cases/_Functions/Get Tooltip Text' successfully

27-02-2025T17:34:27 - [TEST_CASE][PASSED] - Test Cases/_Functions/Get Tooltip Text: Test Cases/_Functions/Get Tooltip Text

27-02-2025T17:34:27 - [TEST_STEP][PASSED] - fieldTooltips = [:]: null

27-02-2025T17:34:27 - [TEST_STEP][PASSED] - tooltipMap = [:]: null

27-02-2025T17:34:27 - [TEST_STEP][PASSED] - driver = getWebDriver(): null

27-02-2025T17:34:27 - [TEST_STEP][PASSED] - tooltips = driver.findElements(By.className("field-tooltip")): null

27-02-2025T17:34:27 - [TEST_STEP][PASSED] - for (def it : tooltips): null

27-02-2025T17:34:27 - [TEST_STEP][PASSED] - if (it.isDisplayed()): null

27-02-2025T17:34:27 - [TEST_STEP][PASSED] - if (it.isDisplayed()): null

27-02-2025T17:34:27 - [TEST_STEP][PASSED] - if (it.isDisplayed()): null

27-02-2025T17:34:27 - [TEST_STEP][PASSED] - if (it.isDisplayed()): null

27-02-2025T17:34:27 - [TEST_STEP][PASSED] - if (it.isDisplayed()): null

27-02-2025T17:34:27 - [TEST_STEP][PASSED] - if (it.isDisplayed()): null

27-02-2025T17:34:27 - [TEST_STEP][PASSED] - if (it.isDisplayed()): null

27-02-2025T17:34:27 - [TEST_STEP][PASSED] - if (it.isDisplayed()): null

27-02-2025T17:34:27 - [TEST_STEP][PASSED] - if (it.isDisplayed()): null

27-02-2025T17:34:27 - [TEST_STEP][PASSED] - if (it.isDisplayed()): null

27-02-2025T17:34:27 - [TEST_STEP][PASSED] - if (it.isDisplayed()): null

27-02-2025T17:34:27 - [TEST_STEP][PASSED] - if (it.isDisplayed()): null

27-02-2025T17:34:27 - [TEST_STEP][PASSED] - if (it.isDisplayed()): null

27-02-2025T17:34:27 - [TEST_STEP][PASSED] - if (it.isDisplayed()): null

27-02-2025T17:34:27 - [TEST_STEP][PASSED] - if (it.isDisplayed()): null

27-02-2025T17:34:27 - [TEST_STEP][PASSED] - if (it.isDisplayed()): null

27-02-2025T17:34:27 - [TEST_STEP][PASSED] - if (it.isDisplayed()): null

27-02-2025T17:34:27 - [TEST_STEP][PASSED] - if (it.isDisplayed()): null

27-02-2025T17:34:27 - [TEST_STEP][PASSED] - if (it.isDisplayed()): null

27-02-2025T17:34:27 - [TEST_STEP][PASSED] - if (it.isDisplayed()): null

27-02-2025T17:34:27 - [TEST_STEP][PASSED] - if (it.isDisplayed()): null

27-02-2025T17:34:27 - [TEST_STEP][PASSED] - if (it.isDisplayed()): null

27-02-2025T17:34:27 - [TEST_STEP][PASSED] - if (it.isDisplayed()): null

27-02-2025T17:34:27 - [TEST_STEP][PASSED] - if (it.isDisplayed()): null

27-02-2025T17:34:27 - [TEST_STEP][PASSED] - if (it.isDisplayed()): null

27-02-2025T17:34:27 - [TEST_STEP][PASSED] - ttText = it.getAttribute("data-original-title"): null

27-02-2025T17:34:27 - [TEST_STEP][PASSED] - ttLocation = it.getLocation(): null

27-02-2025T17:34:27 - [TEST_STEP][PASSED] - yLocation = ttLocation.getY(): null

27-02-2025T17:34:27 - [TEST_STEP][PASSED] - xLocation = ttLocation.getX(): null

27-02-2025T17:34:27 - [TEST_STEP][PASSED] - fieldTooltips.put(ttText, yLocation): null

27-02-2025T17:34:27 - [TEST_STEP][PASSED] - if (it.isDisplayed()): null

27-02-2025T17:34:27 - [TEST_STEP][PASSED] - ttText = it.getAttribute("data-original-title"): null

27-02-2025T17:34:27 - [TEST_STEP][PASSED] - ttLocation = it.getLocation(): null

27-02-2025T17:34:27 - [TEST_STEP][PASSED] - yLocation = ttLocation.getY(): null

27-02-2025T17:34:27 - [TEST_STEP][PASSED] - xLocation = ttLocation.getX(): null

27-02-2025T17:34:27 - [TEST_STEP][PASSED] - fieldTooltips.put(ttText, yLocation): null

27-02-2025T17:34:27 - [TEST_STEP][PASSED] - if (it.isDisplayed()): null

27-02-2025T17:34:27 - [TEST_STEP][PASSED] - ttText = it.getAttribute("data-original-title"): null

27-02-2025T17:34:27 - [TEST_STEP][PASSED] - ttLocation = it.getLocation(): null

27-02-2025T17:34:27 - [TEST_STEP][PASSED] - yLocation = ttLocation.getY(): null

27-02-2025T17:34:27 - [TEST_STEP][PASSED] - xLocation = ttLocation.getX(): null

27-02-2025T17:34:27 - [TEST_STEP][PASSED] - fieldTooltips.put(ttText, yLocation): null

27-02-2025T17:34:27 - [TEST_STEP][PASSED] - if (it.isDisplayed()): null

27-02-2025T17:34:27 - [TEST_STEP][PASSED] - if (it.isDisplayed()): null

27-02-2025T17:34:27 - [TEST_STEP][PASSED] - if (fieldTooltips.size() > 0): null

27-02-2025T17:34:27 - [TEST_STEP][PASSED] - rightBorder = xLocation: null

27-02-2025T17:34:27 - [TEST_STEP][PASSED] - fieldLabels = [:]: null

27-02-2025T17:34:27 - [TEST_STEP][PASSED] - labels = driver.findElements(By.xpath("//label")): null

27-02-2025T17:34:27 - [TEST_STEP][PASSED] - labels.each({ -> ... }): null

27-02-2025T17:34:30 - [TEST_STEP][PASSED] - for (def label : fieldLabels): null

27-02-2025T17:34:30 - [TEST_STEP][PASSED] - y = value: null

27-02-2025T17:34:30 - [TEST_STEP][PASSED] - for (def tooltip : fieldTooltips): null

27-02-2025T17:34:30 - [TEST_STEP][PASSED] - if (value == y || value == y + 1 || value == y - 1): null

27-02-2025T17:34:30 - [TEST_STEP][PASSED] - if (value == y || value == y + 1 || value == y - 1): null

27-02-2025T17:34:30 - [TEST_STEP][PASSED] - if (value == y || value == y + 1 || value == y - 1): null

27-02-2025T17:34:30 - [TEST_STEP][PASSED] - y = value: null

27-02-2025T17:34:30 - [TEST_STEP][PASSED] - for (def tooltip : fieldTooltips): null

27-02-2025T17:34:30 - [TEST_STEP][PASSED] - if (value == y || value == y + 1 || value == y - 1): null

27-02-2025T17:34:30 - [TEST_STEP][PASSED] - if (value == y || value == y + 1 || value == y - 1): null

27-02-2025T17:34:30 - [TEST_STEP][PASSED] - if (value == y || value == y + 1 || value == y - 1): null

27-02-2025T17:34:30 - [TEST_STEP][PASSED] - y = value: null

27-02-2025T17:34:30 - [TEST_STEP][PASSED] - for (def tooltip : fieldTooltips): null

27-02-2025T17:34:30 - [TEST_STEP][PASSED] - if (value == y || value == y + 1 || value == y - 1): null

27-02-2025T17:34:30 - [TEST_STEP][PASSED] - tooltipMap.put(key, key): null

27-02-2025T17:34:30 - [TEST_STEP][PASSED] - break: null

27-02-2025T17:34:30 - [TEST_STEP][PASSED] - y = value: null

27-02-2025T17:34:30 - [TEST_STEP][PASSED] - for (def tooltip : fieldTooltips): null

27-02-2025T17:34:30 - [TEST_STEP][PASSED] - if (value == y || value == y + 1 || value == y - 1): null

27-02-2025T17:34:30 - [TEST_STEP][PASSED] - if (value == y || value == y + 1 || value == y - 1): null

27-02-2025T17:34:30 - [TEST_STEP][PASSED] - tooltipMap.put(key, key): null

27-02-2025T17:34:30 - [TEST_STEP][PASSED] - break: null

27-02-2025T17:34:30 - [TEST_STEP][PASSED] - y = value: null

27-02-2025T17:34:30 - [TEST_STEP][PASSED] - for (def tooltip : fieldTooltips): null

27-02-2025T17:34:30 - [TEST_STEP][PASSED] - if (value == y || value == y + 1 || value == y - 1): null

27-02-2025T17:34:30 - [TEST_STEP][PASSED] - if (value == y || value == y + 1 || value == y - 1): null

27-02-2025T17:34:30 - [TEST_STEP][PASSED] - if (value == y || value == y + 1 || value == y - 1): null

27-02-2025T17:34:30 - [TEST_STEP][PASSED] - y = value: null

27-02-2025T17:34:30 - [TEST_STEP][PASSED] - for (def tooltip : fieldTooltips): null

27-02-2025T17:34:30 - [TEST_STEP][PASSED] - if (value == y || value == y + 1 || value == y - 1): null

27-02-2025T17:34:30 - [TEST_STEP][PASSED] - if (value == y || value == y + 1 || value == y - 1): null

27-02-2025T17:34:30 - [TEST_STEP][PASSED] - if (value == y || value == y + 1 || value == y - 1): null

27-02-2025T17:34:30 - [TEST_STEP][PASSED] - tooltipMap.put(key, key): null

27-02-2025T17:34:30 - [TEST_STEP][PASSED] - break: null

27-02-2025T17:34:30 - [TEST_STEP][PASSED] - return tooltipMap: null

27-02-2025T17:34:30 - [MESSAGE][PASSED] - Call Test Case 'Test Cases/_Functions/Get Tooltip Text' successfully

27-02-2025T17:34:30 - [TEST_STEP][PASSED] - if (tooltipMap.size() > 0): null

27-02-2025T17:34:30 - [TEST_STEP][PASSED] - file = fileBase + "_Tooltips.csv": null

27-02-2025T17:34:30 - [TEST_STEP][PASSED] - outText = "FIELD LABEL" + "," + "TOOLTIP TEXT" + "

": null

27-02-2025T17:34:30 - [TEST_STEP][PASSED] - for (def it : tooltipMap): null

27-02-2025T17:34:30 - [TEST_STEP][PASSED] - name = key: null

27-02-2025T17:34:30 - [TEST_STEP][PASSED] - value = value.replace("
", ""): null

27-02-2025T17:34:30 - [TEST_STEP][PASSED] - value = value.trim(): null

27-02-2025T17:34:30 - [TEST_STEP][PASSED] - value = """ + value + """: null

27-02-2025T17:34:30 - [TEST_STEP][PASSED] - outText = outText + name + "," + value: null

27-02-2025T17:34:30 - [TEST_STEP][PASSED] - outText = outText + "
": null

27-02-2025T17:34:30 - [TEST_STEP][PASSED] - println(outText): null

27-02-2025T17:34:30 - [TEST_STEP][PASSED] - name = key: null

27-02-2025T17:34:30 - [TEST_STEP][PASSED] - value = value.replace("
", ""): null

27-02-2025T17:34:30 - [TEST_STEP][PASSED] - value = value.trim(): null

27-02-2025T17:34:30 - [TEST_STEP][PASSED] - value = """ + value + """: null

27-02-2025T17:34:30 - [TEST_STEP][PASSED] - outText = outText + name + "," + value: null

27-02-2025T17:34:30 - [TEST_STEP][PASSED] - outText = outText + "
": null

27-02-2025T17:34:30 - [TEST_STEP][PASSED] - println(outText): null

27-02-2025T17:34:30 - [TEST_STEP][PASSED] - name = key: null

27-02-2025T17:34:30 - [TEST_STEP][PASSED] - value = value.replace("
", ""): null

27-02-2025T17:34:30 - [TEST_STEP][PASSED] - value = value.trim(): null

27-02-2025T17:34:30 - [TEST_STEP][PASSED] - value = """ + value + """: null

27-02-2025T17:34:30 - [TEST_STEP][PASSED] - outText = outText + name + "," + value: null

27-02-2025T17:34:30 - [TEST_STEP][PASSED] - outText = outText + "
": null

27-02-2025T17:34:30 - [TEST_STEP][PASSED] - println(outText): null

27-02-2025T17:34:30 - [TEST_STEP][PASSED] - outFile = new java.io.File(file): null

27-02-2025T17:34:30 - [TEST_STEP][PASSED] - println(outText): null

27-02-2025T17:34:30 - [TEST_STEP][PASSED] - outFile.write(outText): null

27-02-2025T17:34:30 - [TEST_STEP][PASSED] - takeFullPageScreenshot(fileImage): Taking screenshot successfully

27-02-2025T17:34:31 - [MESSAGE][INFO] - 0 hidden object(s)

27-02-2025T17:34:31 - [MESSAGE][PASSED] - Taking screenshot successfully
[[ATTACHMENT|/Users/cckozie/Documents/MissionNext/Screenshots and Tooltip Text/Journey Candidate Spouse Info Tab_Screenshot.png]]

27-02-2025T17:34:31 - [TEST_STEP][PASSED] - frame.dispose(): null

27-02-2025T17:34:31 - [TEST_STEP][PASSED] - return tooltipMap: null

27-02-2025T17:34:31 - [MESSAGE][PASSED] - Call Test Case 'Test Cases/_Functions/Get Screenshot and Tooltip Text' successfully

27-02-2025T17:34:31 - [TEST_STEP][PASSED] - callTestCase(findTestCase("_Functions/Test Tooltips"), ["varTooltipImagePath":tooltipImagePath, "varTooltips":tooltips, "varTooltipText":tooltipText, "varTestObjectFolder":testObjectFolder, ... ], STOP_ON_FAILURE): Call Test Case 'Test Cases/_Functions/Test Tooltips' successfully

27-02-2025T17:34:31 - [TEST_CASE][PASSED] - Test Cases/_Functions/Test Tooltips: Test Cases/_Functions/Test Tooltips

27-02-2025T17:34:31 - [TEST_STEP][PASSED] - if (fastPath): null

27-02-2025T17:34:31 - [TEST_STEP][PASSED] - tooltipImagePath = varTooltipImagePath: null

27-02-2025T17:34:31 - [TEST_STEP][PASSED] - tooltips = varTooltips: null

27-02-2025T17:34:31 - [TEST_STEP][PASSED] - tooltipText = varTooltipText: null

27-02-2025T17:34:31 - [TEST_STEP][PASSED] - testObjectFolder = varTestObjectFolder: null

27-02-2025T17:34:31 - [TEST_STEP][PASSED] - tooltipTextMap = varTooltipTextMap: null

27-02-2025T17:34:31 - [TEST_STEP][PASSED] - writeFile = false: null

27-02-2025T17:34:31 - [TEST_STEP][PASSED] - if (outFile != ""): null

27-02-2025T17:34:31 - [TEST_STEP][PASSED] - myFile = outFile: null

27-02-2025T17:34:31 - [TEST_STEP][PASSED] - println(myFile): null

27-02-2025T17:34:31 - [TEST_STEP][PASSED] - outFile = new java.io.File(myFile): null

27-02-2025T17:34:31 - [TEST_STEP][PASSED] - writeFile = true: null

27-02-2025T17:34:31 - [TEST_STEP][PASSED] - driver = getWebDriver(): null

27-02-2025T17:34:31 - [TEST_STEP][PASSED] - action = new org.openqa.selenium.interactions.Actions(driver): null

27-02-2025T17:34:31 - [TEST_STEP][PASSED] - s = new org.sikuli.script.Screen(): null

27-02-2025T17:34:31 - [TEST_STEP][PASSED] - outText = "Verifying the tooltips can be displayed.
": null

27-02-2025T17:34:31 - [TEST_STEP][PASSED] - outFile.append(outText): null

27-02-2025T17:34:31 - [TEST_STEP][PASSED] - first = true: null

27-02-2025T17:34:31 - [TEST_STEP][PASSED] - for (def it : tooltips): null

27-02-2025T17:34:31 - [TEST_STEP][PASSED] - myKey = key: null

27-02-2025T17:34:31 - [TEST_STEP][PASSED] - myValue = value: null

27-02-2025T17:34:31 - [TEST_STEP][PASSED] - println("myKey is " + myKey): null

27-02-2025T17:34:31 - [TEST_STEP][PASSED] - println("myValue is " + myValue): null

27-02-2025T17:34:31 - [TEST_STEP][PASSED] - if (myKey != "dummy"): null

27-02-2025T17:34:31 - [TEST_STEP][PASSED] - else: null

27-02-2025T17:34:31 - [TEST_STEP][PASSED] - myImage = "/Users/cckozie/git/MissionNext-Katalon-Koz/images/dummy.png": null

27-02-2025T17:34:31 - [TEST_STEP][PASSED] - f = new java.io.File(myImage): null

27-02-2025T17:34:31 - [TEST_STEP][PASSED] - if (f.exists()): null

27-02-2025T17:34:31 - [TEST_STEP][PASSED] - println("Looking for " + myImage): null

27-02-2025T17:34:31 - [TEST_STEP][PASSED] - icn = Pattern(myImage).similar(0.10): null

27-02-2025T17:34:31 - [TEST_STEP][PASSED] - found = s.exists(icn): null

27-02-2025T17:34:34 - [TEST_STEP][PASSED] - println(found): null

27-02-2025T17:34:34 - [TEST_STEP][PASSED] - if (found != null): null

27-02-2025T17:34:34 - [TEST_STEP][PASSED] - else: null

27-02-2025T17:34:34 - [TEST_STEP][PASSED] - if (myKey != "dummy"): null

27-02-2025T17:34:34 - [TEST_STEP][PASSED] - myKey = key: null

27-02-2025T17:34:34 - [TEST_STEP][PASSED] - myValue = value: null

27-02-2025T17:34:34 - [TEST_STEP][PASSED] - println("myKey is " + myKey): null

27-02-2025T17:34:34 - [TEST_STEP][PASSED] - println("myValue is " + myValue): null

27-02-2025T17:34:34 - [TEST_STEP][PASSED] - if (myKey != "dummy"): null

27-02-2025T17:34:34 - [TEST_STEP][PASSED] - tObj = testObjectFolder + myValue: null

27-02-2025T17:34:34 - [TEST_STEP][PASSED] - click(tObj): null

27-02-2025T17:34:34 - [TEST_STEP][PASSED] - scrollToObject(object): null

27-02-2025T17:34:34 - [TEST_STEP][PASSED] - println("Converting " + object + " to web element"): null

27-02-2025T17:34:34 - [TEST_STEP][PASSED] - element = findWebElement(findTestObject(object), 1): null

27-02-2025T17:34:34 - [TEST_STEP][PASSED] - loc = element.getLocation(): null

27-02-2025T17:34:34 - [TEST_STEP][PASSED] - x = loc.getX(): null

27-02-2025T17:34:34 - [TEST_STEP][PASSED] - if (x >= 560): null

27-02-2025T17:34:34 - [TEST_STEP][PASSED] - y = loc.getY(): null

27-02-2025T17:34:34 - [TEST_STEP][PASSED] - println("Y location is " + y): null

27-02-2025T17:34:34 - [TEST_STEP][PASSED] - top = getViewportTopPosition(): Current viewport's top (y) position is 0

27-02-2025T17:34:34 - [MESSAGE][PASSED] - Current viewport's top (y) position is 0

27-02-2025T17:34:34 - [TEST_STEP][PASSED] - println("Viewport top is " + top): null

27-02-2025T17:34:34 - [TEST_STEP][PASSED] - bottom = top + 600: null

27-02-2025T17:34:34 - [TEST_STEP][PASSED] - if (y - top < 150 || bottom - y < 10): null

27-02-2025T17:34:34 - [TEST_STEP][PASSED] - click(findTestObject(object)): null

27-02-2025T17:34:34 - [MESSAGE][PASSED] - Object: 'Object Repository/Journey Candidate Profile/Tabs/Spouse Info/img_Spouse Birth Year_field-tooltip' is clicked on

27-02-2025T17:34:34 - [TEST_STEP][PASSED] - delay(1): Delayed 1 second(s)

27-02-2025T17:34:35 - [MESSAGE][PASSED] - Delayed 1 second(s)

27-02-2025T17:34:35 - [TEST_STEP][PASSED] - myImage = tooltipImagePath + myKey + ".png": null

27-02-2025T17:34:35 - [TEST_STEP][PASSED] - f = new java.io.File(myImage): null

27-02-2025T17:34:35 - [TEST_STEP][PASSED] - if (f.exists()): null

27-02-2025T17:34:35 - [TEST_STEP][PASSED] - println("Looking for " + myImage): null

27-02-2025T17:34:35 - [TEST_STEP][PASSED] - icn = Pattern(myImage).similar(0.10): null

27-02-2025T17:34:35 - [TEST_STEP][PASSED] - found = s.exists(icn): null

27-02-2025T17:34:36 - [TEST_STEP][PASSED] - println(found): null

27-02-2025T17:34:36 - [TEST_STEP][PASSED] - if (found != null): null

27-02-2025T17:34:36 - [TEST_STEP][PASSED] - foundStr = found.toString(): null

27-02-2025T17:34:36 - [TEST_STEP][PASSED] - matchP = foundStr.indexOf("%"): null

27-02-2025T17:34:36 - [TEST_STEP][PASSED] - if (matchP >= 0): null

27-02-2025T17:34:36 - [TEST_STEP][PASSED] - println(matchP): null

27-02-2025T17:34:36 - [TEST_STEP][PASSED] - pct = foundStr.substring(matchP + 1, matchP + 6): null

27-02-2025T17:34:36 - [TEST_STEP][PASSED] - pctF = pct.toFloat(): null

27-02-2025T17:34:36 - [TEST_STEP][PASSED] - outText = "+++ Tooltip match value for " + myKey + " is " + pctF + "%": null

27-02-2025T17:34:36 - [TEST_STEP][PASSED] - min = 80: null

27-02-2025T17:34:36 - [TEST_STEP][PASSED] - if (pctF.toFloat() < min.toFloat()): null

27-02-2025T17:34:36 - [TEST_STEP][PASSED] - if (myKey != "dummy"): null

27-02-2025T17:34:36 - [TEST_STEP][PASSED] - println(outText): null

27-02-2025T17:34:36 - [TEST_STEP][PASSED] - outFile.append(outText + "
"): null

27-02-2025T17:34:36 - [TEST_STEP][PASSED] - myKey = key: null

27-02-2025T17:34:36 - [TEST_STEP][PASSED] - myValue = value: null

27-02-2025T17:34:36 - [TEST_STEP][PASSED] - println("myKey is " + myKey): null

27-02-2025T17:34:36 - [TEST_STEP][PASSED] - println("myValue is " + myValue): null

27-02-2025T17:34:36 - [TEST_STEP][PASSED] - if (myKey != "dummy"): null

27-02-2025T17:34:36 - [TEST_STEP][PASSED] - tObj = testObjectFolder + myValue: null

27-02-2025T17:34:36 - [TEST_STEP][PASSED] - click(tObj): null

27-02-2025T17:34:36 - [TEST_STEP][PASSED] - scrollToObject(object): null

27-02-2025T17:34:36 - [TEST_STEP][PASSED] - println("Converting " + object + " to web element"): null

27-02-2025T17:34:36 - [TEST_STEP][PASSED] - element = findWebElement(findTestObject(object), 1): null

27-02-2025T17:34:36 - [TEST_STEP][PASSED] - loc = element.getLocation(): null

27-02-2025T17:34:36 - [TEST_STEP][PASSED] - x = loc.getX(): null

27-02-2025T17:34:36 - [TEST_STEP][PASSED] - if (x >= 560): null

27-02-2025T17:34:36 - [TEST_STEP][PASSED] - y = loc.getY(): null

27-02-2025T17:34:36 - [TEST_STEP][PASSED] - println("Y location is " + y): null

27-02-2025T17:34:36 - [TEST_STEP][PASSED] - top = getViewportTopPosition(): Current viewport's top (y) position is 0

27-02-2025T17:34:36 - [MESSAGE][PASSED] - Current viewport's top (y) position is 0

27-02-2025T17:34:36 - [TEST_STEP][PASSED] - println("Viewport top is " + top): null

27-02-2025T17:34:36 - [TEST_STEP][PASSED] - bottom = top + 600: null

27-02-2025T17:34:36 - [TEST_STEP][PASSED] - if (y - top < 150 || bottom - y < 10): null

27-02-2025T17:34:36 - [TEST_STEP][PASSED] - click(findTestObject(object)): null

27-02-2025T17:34:36 - [MESSAGE][PASSED] - Object: 'Object Repository/Journey Candidate Profile/Tabs/Spouse Info/img_Spouse Citizenship Country_field-tooltip' is clicked on

27-02-2025T17:34:36 - [TEST_STEP][PASSED] - delay(1): Delayed 1 second(s)

27-02-2025T17:34:37 - [MESSAGE][PASSED] - Delayed 1 second(s)

27-02-2025T17:34:37 - [TEST_STEP][PASSED] - myImage = tooltipImagePath + myKey + ".png": null

27-02-2025T17:34:37 - [TEST_STEP][PASSED] - f = new java.io.File(myImage): null

27-02-2025T17:34:37 - [TEST_STEP][PASSED] - if (f.exists()): null

27-02-2025T17:34:37 - [TEST_STEP][PASSED] - println("Looking for " + myImage): null

27-02-2025T17:34:37 - [TEST_STEP][PASSED] - icn = Pattern(myImage).similar(0.10): null

27-02-2025T17:34:37 - [TEST_STEP][PASSED] - found = s.exists(icn): null

27-02-2025T17:34:37 - [TEST_STEP][PASSED] - println(found): null

27-02-2025T17:34:37 - [TEST_STEP][PASSED] - if (found != null): null

27-02-2025T17:34:37 - [TEST_STEP][PASSED] - foundStr = found.toString(): null

27-02-2025T17:34:37 - [TEST_STEP][PASSED] - matchP = foundStr.indexOf("%"): null

27-02-2025T17:34:37 - [TEST_STEP][PASSED] - if (matchP >= 0): null

27-02-2025T17:34:37 - [TEST_STEP][PASSED] - println(matchP): null

27-02-2025T17:34:37 - [TEST_STEP][PASSED] - pct = foundStr.substring(matchP + 1, matchP + 6): null

27-02-2025T17:34:37 - [TEST_STEP][PASSED] - pctF = pct.toFloat(): null

27-02-2025T17:34:37 - [TEST_STEP][PASSED] - outText = "+++ Tooltip match value for " + myKey + " is " + pctF + "%": null

27-02-2025T17:34:37 - [TEST_STEP][PASSED] - min = 80: null

27-02-2025T17:34:37 - [TEST_STEP][PASSED] - if (pctF.toFloat() < min.toFloat()): null

27-02-2025T17:34:37 - [TEST_STEP][PASSED] - if (myKey != "dummy"): null

27-02-2025T17:34:37 - [TEST_STEP][PASSED] - println(outText): null

27-02-2025T17:34:37 - [TEST_STEP][PASSED] - outFile.append(outText + "
"): null

27-02-2025T17:34:37 - [TEST_STEP][PASSED] - myKey = key: null

27-02-2025T17:34:37 - [TEST_STEP][PASSED] - myValue = value: null

27-02-2025T17:34:37 - [TEST_STEP][PASSED] - println("myKey is " + myKey): null

27-02-2025T17:34:37 - [TEST_STEP][PASSED] - println("myValue is " + myValue): null

27-02-2025T17:34:37 - [TEST_STEP][PASSED] - if (myKey != "dummy"): null

27-02-2025T17:34:37 - [TEST_STEP][PASSED] - tObj = testObjectFolder + myValue: null

27-02-2025T17:34:37 - [TEST_STEP][PASSED] - click(tObj): null

27-02-2025T17:34:37 - [TEST_STEP][PASSED] - scrollToObject(object): null

27-02-2025T17:34:37 - [TEST_STEP][PASSED] - println("Converting " + object + " to web element"): null

27-02-2025T17:34:37 - [TEST_STEP][PASSED] - element = findWebElement(findTestObject(object), 1): null

27-02-2025T17:34:37 - [TEST_STEP][PASSED] - loc = element.getLocation(): null

27-02-2025T17:34:37 - [TEST_STEP][PASSED] - x = loc.getX(): null

27-02-2025T17:34:37 - [TEST_STEP][PASSED] - if (x >= 560): null

27-02-2025T17:34:37 - [TEST_STEP][PASSED] - y = loc.getY(): null

27-02-2025T17:34:37 - [TEST_STEP][PASSED] - println("Y location is " + y): null

27-02-2025T17:34:37 - [TEST_STEP][PASSED] - top = getViewportTopPosition(): Current viewport's top (y) position is 0

27-02-2025T17:34:37 - [MESSAGE][PASSED] - Current viewport's top (y) position is 0

27-02-2025T17:34:37 - [TEST_STEP][PASSED] - println("Viewport top is " + top): null

27-02-2025T17:34:37 - [TEST_STEP][PASSED] - bottom = top + 600: null

27-02-2025T17:34:37 - [TEST_STEP][PASSED] - if (y - top < 150 || bottom - y < 10): Delayed 1 second(s)

27-02-2025T17:34:37 - [TEST_STEP][PASSED] - scrollToPosition(0, y - 170): Browser is scrolled to position x = 0, y = 481

27-02-2025T17:34:37 - [MESSAGE][PASSED] - Browser is scrolled to position x = 0, y = 481

27-02-2025T17:34:37 - [TEST_STEP][PASSED] - delay(1): Delayed 1 second(s)

27-02-2025T17:34:38 - [MESSAGE][PASSED] - Delayed 1 second(s)

27-02-2025T17:34:38 - [TEST_STEP][PASSED] - click(findTestObject(object)): null

27-02-2025T17:34:38 - [MESSAGE][PASSED] - Object: 'Object Repository/Journey Candidate Profile/Tabs/Spouse Info/img_Spouse Serving with You_field-tooltip' is clicked on

27-02-2025T17:34:38 - [TEST_STEP][PASSED] - delay(1): Delayed 1 second(s)

27-02-2025T17:34:39 - [MESSAGE][PASSED] - Delayed 1 second(s)

27-02-2025T17:34:39 - [TEST_STEP][PASSED] - myImage = tooltipImagePath + myKey + ".png": null

27-02-2025T17:34:39 - [TEST_STEP][PASSED] - f = new java.io.File(myImage): null

27-02-2025T17:34:39 - [TEST_STEP][PASSED] - if (f.exists()): null

27-02-2025T17:34:39 - [TEST_STEP][PASSED] - println("Looking for " + myImage): null

27-02-2025T17:34:39 - [TEST_STEP][PASSED] - icn = Pattern(myImage).similar(0.10): null

27-02-2025T17:34:39 - [TEST_STEP][PASSED] - found = s.exists(icn): null

27-02-2025T17:34:39 - [TEST_STEP][PASSED] - println(found): null

27-02-2025T17:34:39 - [TEST_STEP][PASSED] - if (found != null): null

27-02-2025T17:34:39 - [TEST_STEP][PASSED] - foundStr = found.toString(): null

27-02-2025T17:34:39 - [TEST_STEP][PASSED] - matchP = foundStr.indexOf("%"): null

27-02-2025T17:34:39 - [TEST_STEP][PASSED] - if (matchP >= 0): null

27-02-2025T17:34:39 - [TEST_STEP][PASSED] - println(matchP): null

27-02-2025T17:34:39 - [TEST_STEP][PASSED] - pct = foundStr.substring(matchP + 1, matchP + 6): null

27-02-2025T17:34:39 - [TEST_STEP][PASSED] - pctF = pct.toFloat(): null

27-02-2025T17:34:39 - [TEST_STEP][PASSED] - outText = "+++ Tooltip match value for " + myKey + " is " + pctF + "%": null

27-02-2025T17:34:39 - [TEST_STEP][PASSED] - min = 80: null

27-02-2025T17:34:39 - [TEST_STEP][PASSED] - if (pctF.toFloat() < min.toFloat()): null

27-02-2025T17:34:39 - [TEST_STEP][PASSED] - if (myKey != "dummy"): null

27-02-2025T17:34:39 - [TEST_STEP][PASSED] - println(outText): null

27-02-2025T17:34:39 - [TEST_STEP][PASSED] - outFile.append(outText + "
"): null

27-02-2025T17:34:39 - [TEST_STEP][PASSED] - outText = "Verifying the tooltip text on the page is what was expected.
": null

27-02-2025T17:34:39 - [TEST_STEP][PASSED] - println(tooltipTextMap): null

27-02-2025T17:34:39 - [TEST_STEP][PASSED] - outFile.append(outText): null

27-02-2025T17:34:39 - [TEST_STEP][PASSED] - for (def it : tooltipText): null

27-02-2025T17:34:39 - [TEST_STEP][PASSED] - println(it): null

27-02-2025T17:34:39 - [TEST_STEP][PASSED] - myKey = key: null

27-02-2025T17:34:39 - [TEST_STEP][PASSED] - myText = value.replace(""", ""): null

27-02-2025T17:34:39 - [TEST_STEP][PASSED] - myText = myText.trim(): null

27-02-2025T17:34:39 - [TEST_STEP][PASSED] - println(myKey): null

27-02-2025T17:34:39 - [TEST_STEP][PASSED] - println(myText): null

27-02-2025T17:34:39 - [TEST_STEP][PASSED] - println(tooltipTextMap.get(myKey)): null

27-02-2025T17:34:39 - [TEST_STEP][PASSED] - actualText = get(myKey).replace(""", ""): null

27-02-2025T17:34:39 - [TEST_STEP][PASSED] - actualText = actualText.trim(): null

27-02-2025T17:34:39 - [TEST_STEP][PASSED] - println(myKey + ":" + actualText): null

27-02-2025T17:34:39 - [TEST_STEP][PASSED] - if (actualText != myText): null

27-02-2025T17:34:39 - [TEST_STEP][PASSED] - println(it): null

27-02-2025T17:34:39 - [TEST_STEP][PASSED] - myKey = key: null

27-02-2025T17:34:39 - [TEST_STEP][PASSED] - myText = value.replace(""", ""): null

27-02-2025T17:34:39 - [TEST_STEP][PASSED] - myText = myText.trim(): null

27-02-2025T17:34:39 - [TEST_STEP][PASSED] - println(myKey): null

27-02-2025T17:34:39 - [TEST_STEP][PASSED] - println(myText): null

27-02-2025T17:34:39 - [TEST_STEP][PASSED] - println(tooltipTextMap.get(myKey)): null

27-02-2025T17:34:39 - [TEST_STEP][PASSED] - actualText = get(myKey).replace(""", ""): null

27-02-2025T17:34:39 - [TEST_STEP][PASSED] - actualText = actualText.trim(): null

27-02-2025T17:34:39 - [TEST_STEP][PASSED] - println(myKey + ":" + actualText): null

27-02-2025T17:34:39 - [TEST_STEP][PASSED] - if (actualText != myText): null

27-02-2025T17:34:39 - [TEST_STEP][PASSED] - println(it): null

27-02-2025T17:34:39 - [TEST_STEP][PASSED] - myKey = key: null

27-02-2025T17:34:39 - [TEST_STEP][PASSED] - myText = value.replace(""", ""): null

27-02-2025T17:34:39 - [TEST_STEP][PASSED] - myText = myText.trim(): null

27-02-2025T17:34:39 - [TEST_STEP][PASSED] - println(myKey): null

27-02-2025T17:34:39 - [TEST_STEP][PASSED] - println(myText): null

27-02-2025T17:34:39 - [TEST_STEP][PASSED] - println(tooltipTextMap.get(myKey)): null

27-02-2025T17:34:39 - [TEST_STEP][PASSED] - actualText = get(myKey).replace(""", ""): null

27-02-2025T17:34:39 - [TEST_STEP][PASSED] - actualText = actualText.trim(): null

27-02-2025T17:34:39 - [TEST_STEP][PASSED] - println(myKey + ":" + actualText): null

27-02-2025T17:34:39 - [TEST_STEP][PASSED] - if (actualText != myText): null

27-02-2025T17:34:39 - [MESSAGE][PASSED] - Call Test Case 'Test Cases/_Functions/Test Tooltips' successfully

27-02-2025T17:34:39 - [TEST_STEP][PASSED] - outText = "Verifying the required field messages.
": null

27-02-2025T17:34:39 - [TEST_STEP][PASSED] - outFile.append(outText): null

27-02-2025T17:34:39 - [TEST_STEP][PASSED] - fieldList = []: null

27-02-2025T17:34:39 - [TEST_STEP][PASSED] - requiredFieldMsgs.each({ -> ... }): null

27-02-2025T17:34:39 - [TEST_STEP][PASSED] - callTestCase(findTestCase("_Functions/Test Field Error Messages"), ["varFieldList":fieldList, "varRequiredFieldMsgs":requiredFieldMsgs], STOP_ON_FAILURE): Call Test Case 'Test Cases/_Functions/Test Field Error Messages' successfully

27-02-2025T17:34:39 - [TEST_CASE][PASSED] - Test Cases/_Functions/Test Field Error Messages: Test Cases/_Functions/Test Field Error Messages

27-02-2025T17:34:39 - [TEST_STEP][PASSED] - count = callTestCase(findTestCase("_Functions/Find error messages"), ["varFunction":"count"], STOP_ON_FAILURE): Call Test Case 'Test Cases/_Functions/Find error messages' successfully

27-02-2025T17:34:39 - [TEST_CASE][PASSED] - Test Cases/_Functions/Find error messages: Test Cases/_Functions/Find error messages

27-02-2025T17:34:39 - [TEST_STEP][PASSED] - function = "count": null

27-02-2025T17:34:39 - [TEST_STEP][PASSED] - if (binding.hasVariable("varFunction")): null

27-02-2025T17:34:39 - [TEST_STEP][PASSED] - function = varFunction: null

27-02-2025T17:34:39 - [TEST_STEP][PASSED] - title = getWindowTitle(): Current window's title is: 'Journey'

27-02-2025T17:34:39 - [MESSAGE][PASSED] - Current window's title is: 'Journey'

27-02-2025T17:34:39 - [TEST_STEP][PASSED] - println("Page title is " + title): null

27-02-2025T17:34:39 - [TEST_STEP][PASSED] - driver = getWebDriver(): null

27-02-2025T17:34:39 - [TEST_STEP][PASSED] - elements = driver.findElements(By.xpath("//div[@class='col-sm-offset-3 col-sm-9 text-danger']")): null

27-02-2025T17:34:39 - [TEST_STEP][PASSED] - if (function == "count"): null

27-02-2025T17:34:39 - [TEST_STEP][PASSED] - return elements.size(): null

27-02-2025T17:34:39 - [MESSAGE][PASSED] - Call Test Case 'Test Cases/_Functions/Find error messages' successfully

27-02-2025T17:34:39 - [TEST_STEP][PASSED] - outFile = outFile: null

27-02-2025T17:34:39 - [TEST_STEP][PASSED] - if (count == 0): null

27-02-2025T17:34:39 - [TEST_STEP][PASSED] - else: Delayed 0 second(s)

27-02-2025T17:34:39 - [TEST_STEP][PASSED] - fieldList = varFieldList: null

27-02-2025T17:34:39 - [TEST_STEP][PASSED] - requiredFieldMsgs = varRequiredFieldMsgs: null

27-02-2025T17:34:39 - [TEST_STEP][PASSED] - outText = "Verifying error messages for fields " + fieldList: null

27-02-2025T17:34:39 - [TEST_STEP][PASSED] - for (def field : fieldList): null

27-02-2025T17:34:39 - [TEST_STEP][PASSED] - errorMsg = requiredFieldMsgs.get(field): null

27-02-2025T17:34:39 - [TEST_STEP][PASSED] - msg = verifyTextPresent(errorMsg, false, OPTIONAL): Text 'The spouse first name: field is required.' is present on page 

27-02-2025T17:34:39 - [MESSAGE][PASSED] - Text 'The spouse first name: field is required.' is present on page 

27-02-2025T17:34:39 - [TEST_STEP][PASSED] - println(field + ":" + msg): null

27-02-2025T17:34:39 - [TEST_STEP][PASSED] - if (!(msg)): null

27-02-2025T17:34:39 - [TEST_STEP][PASSED] - errorMsg = requiredFieldMsgs.get(field): null

27-02-2025T17:34:39 - [TEST_STEP][PASSED] - msg = verifyTextPresent(errorMsg, false, OPTIONAL): Text 'The spouse birth year field is required.' is present on page 

27-02-2025T17:34:39 - [MESSAGE][PASSED] - Text 'The spouse birth year field is required.' is present on page 

27-02-2025T17:34:39 - [TEST_STEP][PASSED] - println(field + ":" + msg): null

27-02-2025T17:34:39 - [TEST_STEP][PASSED] - if (!(msg)): null

27-02-2025T17:34:39 - [TEST_STEP][PASSED] - delay(fieldTestDelay): Delayed 0 second(s)

27-02-2025T17:34:39 - [MESSAGE][PASSED] - Delayed 0 second(s)

27-02-2025T17:34:39 - [MESSAGE][PASSED] - Call Test Case 'Test Cases/_Functions/Test Field Error Messages' successfully

27-02-2025T17:34:39 - [TEST_STEP][PASSED] - if (varSpouse_first_name != null): Call Test Case 'Test Cases/_Functions/Perform Action' successfully

27-02-2025T17:34:39 - [TEST_STEP][PASSED] - object = "Object Repository/Journey Candidate Profile/Tabs/Spouse Info/input_Spouse First Name": null

27-02-2025T17:34:39 - [TEST_STEP][PASSED] - callTestCase(findTestCase("_Functions/Perform Action"), ["varAction":"setText", "varObject":object, "varParm1":varSpouse_first_name], STOP_ON_FAILURE): Call Test Case 'Test Cases/_Functions/Perform Action' successfully

27-02-2025T17:34:39 - [TEST_CASE][PASSED] - Test Cases/_Functions/Perform Action: Test Cases/_Functions/Perform Action

27-02-2025T17:34:39 - [TEST_STEP][PASSED] - action = varAction: null

27-02-2025T17:34:39 - [TEST_STEP][PASSED] - println(action): null

27-02-2025T17:34:39 - [TEST_STEP][PASSED] - testObject = varObject: null

27-02-2025T17:34:39 - [TEST_STEP][PASSED] - println(testObject): null

27-02-2025T17:34:39 - [TEST_STEP][PASSED] - parm1 = varParm1: null

27-02-2025T17:34:39 - [TEST_STEP][PASSED] - println(parm1): null

27-02-2025T17:34:39 - [TEST_STEP][PASSED] - println("Converting " + testObject + " to web element"): null

27-02-2025T17:34:39 - [TEST_STEP][PASSED] - element = findWebElement(findTestObject(testObject), 1): null

27-02-2025T17:34:39 - [TEST_STEP][PASSED] - loc = element.getLocation(): null

27-02-2025T17:34:39 - [TEST_STEP][PASSED] - y = loc.getY(): null

27-02-2025T17:34:39 - [TEST_STEP][PASSED] - println("Y location is " + y): null

27-02-2025T17:34:39 - [TEST_STEP][PASSED] - top = getViewportTopPosition(): Current viewport's top (y) position is 331

27-02-2025T17:34:39 - [MESSAGE][PASSED] - Current viewport's top (y) position is 331

27-02-2025T17:34:39 - [TEST_STEP][PASSED] - println("Viewport top is " + top): null

27-02-2025T17:34:39 - [TEST_STEP][PASSED] - bottom = top + 600: null

27-02-2025T17:34:39 - [TEST_STEP][PASSED] - if (y - top < 150 || bottom - y < 10): Delayed 1 second(s)

27-02-2025T17:34:39 - [TEST_STEP][PASSED] - scrollToPosition(0, y - 150): Browser is scrolled to position x = 0, y = 271

27-02-2025T17:34:39 - [MESSAGE][PASSED] - Browser is scrolled to position x = 0, y = 271

27-02-2025T17:34:39 - [TEST_STEP][PASSED] - delay(1): Delayed 1 second(s)

27-02-2025T17:34:40 - [MESSAGE][PASSED] - Delayed 1 second(s)

27-02-2025T17:34:40 - [TEST_STEP][PASSED] - if (action == "click"): null

27-02-2025T17:34:40 - [TEST_STEP][PASSED] - else if (action == "selectOptionByValue"): null

27-02-2025T17:34:40 - [TEST_STEP][PASSED] - else if (action == "setText"): Text 'Jennifer' is set on object 'Object Repository/Journey Candidate Profile/Tabs/Spouse Info/input_Spouse First Name'

27-02-2025T17:34:40 - [TEST_STEP][PASSED] - println("Setting text " + parm1): null

27-02-2025T17:34:40 - [TEST_STEP][PASSED] - setText(findTestObject(testObject), parm1): Text 'Jennifer' is set on object 'Object Repository/Journey Candidate Profile/Tabs/Spouse Info/input_Spouse First Name'

27-02-2025T17:34:40 - [MESSAGE][PASSED] - Text 'Jennifer' is set on object 'Object Repository/Journey Candidate Profile/Tabs/Spouse Info/input_Spouse First Name'

27-02-2025T17:34:40 - [MESSAGE][PASSED] - Call Test Case 'Test Cases/_Functions/Perform Action' successfully

27-02-2025T17:34:40 - [TEST_STEP][PASSED] - if (varSpouse_birth_year != null): Call Test Case 'Test Cases/_Functions/Perform Action' successfully

27-02-2025T17:34:40 - [TEST_STEP][PASSED] - object = "Object Repository/Journey Candidate Profile/Tabs/Spouse Info/input_Spouse Birth Year": null

27-02-2025T17:34:40 - [TEST_STEP][PASSED] - callTestCase(findTestCase("_Functions/Perform Action"), ["varAction":"setText", "varObject":object, "varParm1":varSpouse_birth_year], STOP_ON_FAILURE): Call Test Case 'Test Cases/_Functions/Perform Action' successfully

27-02-2025T17:34:40 - [TEST_CASE][PASSED] - Test Cases/_Functions/Perform Action: Test Cases/_Functions/Perform Action

27-02-2025T17:34:40 - [TEST_STEP][PASSED] - action = varAction: null

27-02-2025T17:34:40 - [TEST_STEP][PASSED] - println(action): null

27-02-2025T17:34:40 - [TEST_STEP][PASSED] - testObject = varObject: null

27-02-2025T17:34:40 - [TEST_STEP][PASSED] - println(testObject): null

27-02-2025T17:34:40 - [TEST_STEP][PASSED] - parm1 = varParm1: null

27-02-2025T17:34:40 - [TEST_STEP][PASSED] - println(parm1): null

27-02-2025T17:34:40 - [TEST_STEP][PASSED] - println("Converting " + testObject + " to web element"): null

27-02-2025T17:34:40 - [TEST_STEP][PASSED] - element = findWebElement(findTestObject(testObject), 1): null

27-02-2025T17:34:40 - [TEST_STEP][PASSED] - loc = element.getLocation(): null

27-02-2025T17:34:40 - [TEST_STEP][PASSED] - y = loc.getY(): null

27-02-2025T17:34:40 - [TEST_STEP][PASSED] - println("Y location is " + y): null

27-02-2025T17:34:40 - [TEST_STEP][PASSED] - top = getViewportTopPosition(): Current viewport's top (y) position is 271

27-02-2025T17:34:40 - [MESSAGE][PASSED] - Current viewport's top (y) position is 271

27-02-2025T17:34:40 - [TEST_STEP][PASSED] - println("Viewport top is " + top): null

27-02-2025T17:34:40 - [TEST_STEP][PASSED] - bottom = top + 600: null

27-02-2025T17:34:40 - [TEST_STEP][PASSED] - if (y - top < 150 || bottom - y < 10): null

27-02-2025T17:34:40 - [TEST_STEP][PASSED] - if (action == "click"): null

27-02-2025T17:34:40 - [TEST_STEP][PASSED] - else if (action == "selectOptionByValue"): null

27-02-2025T17:34:40 - [TEST_STEP][PASSED] - else if (action == "setText"): Text '1951' is set on object 'Object Repository/Journey Candidate Profile/Tabs/Spouse Info/input_Spouse Birth Year'

27-02-2025T17:34:40 - [TEST_STEP][PASSED] - println("Setting text " + parm1): null

27-02-2025T17:34:40 - [TEST_STEP][PASSED] - setText(findTestObject(testObject), parm1): Text '1951' is set on object 'Object Repository/Journey Candidate Profile/Tabs/Spouse Info/input_Spouse Birth Year'

27-02-2025T17:34:41 - [MESSAGE][PASSED] - Text '1951' is set on object 'Object Repository/Journey Candidate Profile/Tabs/Spouse Info/input_Spouse Birth Year'

27-02-2025T17:34:41 - [MESSAGE][PASSED] - Call Test Case 'Test Cases/_Functions/Perform Action' successfully

27-02-2025T17:34:41 - [TEST_STEP][PASSED] - if (varSpouse_citizenship_country != null): Call Test Case 'Test Cases/_Functions/Perform Action' successfully

27-02-2025T17:34:41 - [TEST_STEP][PASSED] - object = "Object Repository/Journey Candidate Profile/Tabs/Spouse Info/select_Spouse Citizenship Country": null

27-02-2025T17:34:41 - [TEST_STEP][PASSED] - callTestCase(findTestCase("_Functions/Perform Action"), ["varAction":"selectOptionByValue", "varObject":object, "varParm1":varSpouse_citizenship_country], STOP_ON_FAILURE): Call Test Case 'Test Cases/_Functions/Perform Action' successfully

27-02-2025T17:34:41 - [TEST_CASE][PASSED] - Test Cases/_Functions/Perform Action: Test Cases/_Functions/Perform Action

27-02-2025T17:34:41 - [TEST_STEP][PASSED] - action = varAction: null

27-02-2025T17:34:41 - [TEST_STEP][PASSED] - println(action): null

27-02-2025T17:34:41 - [TEST_STEP][PASSED] - testObject = varObject: null

27-02-2025T17:34:41 - [TEST_STEP][PASSED] - println(testObject): null

27-02-2025T17:34:41 - [TEST_STEP][PASSED] - parm1 = varParm1: null

27-02-2025T17:34:41 - [TEST_STEP][PASSED] - println(parm1): null

27-02-2025T17:34:41 - [TEST_STEP][PASSED] - println("Converting " + testObject + " to web element"): null

27-02-2025T17:34:41 - [TEST_STEP][PASSED] - element = findWebElement(findTestObject(testObject), 1): null

27-02-2025T17:34:41 - [TEST_STEP][PASSED] - loc = element.getLocation(): null

27-02-2025T17:34:41 - [TEST_STEP][PASSED] - y = loc.getY(): null

27-02-2025T17:34:41 - [TEST_STEP][PASSED] - println("Y location is " + y): null

27-02-2025T17:34:41 - [TEST_STEP][PASSED] - top = getViewportTopPosition(): Current viewport's top (y) position is 271

27-02-2025T17:34:41 - [MESSAGE][PASSED] - Current viewport's top (y) position is 271

27-02-2025T17:34:41 - [TEST_STEP][PASSED] - println("Viewport top is " + top): null

27-02-2025T17:34:41 - [TEST_STEP][PASSED] - bottom = top + 600: null

27-02-2025T17:34:41 - [TEST_STEP][PASSED] - if (y - top < 150 || bottom - y < 10): null

27-02-2025T17:34:41 - [TEST_STEP][PASSED] - if (action == "click"): null

27-02-2025T17:34:41 - [TEST_STEP][PASSED] - else if (action == "selectOptionByValue"): All options with value 'United States' are selected in object 'Object Repository/Journey Candidate Profile/Tabs/Spouse Info/select_Spouse Citizenship Country' 

27-02-2025T17:34:41 - [TEST_STEP][PASSED] - println("Selecting " + parm1): null

27-02-2025T17:34:41 - [TEST_STEP][PASSED] - selectOptionByValue(findTestObject(testObject), parm1, false): All options with value 'United States' are selected in object 'Object Repository/Journey Candidate Profile/Tabs/Spouse Info/select_Spouse Citizenship Country' 

27-02-2025T17:34:41 - [MESSAGE][PASSED] - All options with value 'United States' are selected in object 'Object Repository/Journey Candidate Profile/Tabs/Spouse Info/select_Spouse Citizenship Country' 

27-02-2025T17:34:41 - [MESSAGE][PASSED] - Call Test Case 'Test Cases/_Functions/Perform Action' successfully

27-02-2025T17:34:41 - [TEST_STEP][PASSED] - if (varSpouse_ethnicity != null): Call Test Case 'Test Cases/_Functions/Perform Action' successfully

27-02-2025T17:34:41 - [TEST_STEP][PASSED] - object = "Object Repository/Journey Candidate Profile/Tabs/Spouse Info/select_Spouse Ethnicity": null

27-02-2025T17:34:41 - [TEST_STEP][PASSED] - callTestCase(findTestCase("_Functions/Perform Action"), ["varAction":"selectOptionByValue", "varObject":object, "varParm1":varSpouse_ethnicity], STOP_ON_FAILURE): Call Test Case 'Test Cases/_Functions/Perform Action' successfully

27-02-2025T17:34:41 - [TEST_CASE][PASSED] - Test Cases/_Functions/Perform Action: Test Cases/_Functions/Perform Action

27-02-2025T17:34:41 - [TEST_STEP][PASSED] - action = varAction: null

27-02-2025T17:34:41 - [TEST_STEP][PASSED] - println(action): null

27-02-2025T17:34:41 - [TEST_STEP][PASSED] - testObject = varObject: null

27-02-2025T17:34:41 - [TEST_STEP][PASSED] - println(testObject): null

27-02-2025T17:34:41 - [TEST_STEP][PASSED] - parm1 = varParm1: null

27-02-2025T17:34:41 - [TEST_STEP][PASSED] - println(parm1): null

27-02-2025T17:34:41 - [TEST_STEP][PASSED] - println("Converting " + testObject + " to web element"): null

27-02-2025T17:34:41 - [TEST_STEP][PASSED] - element = findWebElement(findTestObject(testObject), 1): null

27-02-2025T17:34:41 - [TEST_STEP][PASSED] - loc = element.getLocation(): null

27-02-2025T17:34:41 - [TEST_STEP][PASSED] - y = loc.getY(): null

27-02-2025T17:34:41 - [TEST_STEP][PASSED] - println("Y location is " + y): null

27-02-2025T17:34:41 - [TEST_STEP][PASSED] - top = getViewportTopPosition(): Current viewport's top (y) position is 271

27-02-2025T17:34:41 - [MESSAGE][PASSED] - Current viewport's top (y) position is 271

27-02-2025T17:34:41 - [TEST_STEP][PASSED] - println("Viewport top is " + top): null

27-02-2025T17:34:41 - [TEST_STEP][PASSED] - bottom = top + 600: null

27-02-2025T17:34:41 - [TEST_STEP][PASSED] - if (y - top < 150 || bottom - y < 10): null

27-02-2025T17:34:41 - [TEST_STEP][PASSED] - if (action == "click"): null

27-02-2025T17:34:41 - [TEST_STEP][PASSED] - else if (action == "selectOptionByValue"): All options with value 'WHITE/CAUCASIAN' are selected in object 'Object Repository/Journey Candidate Profile/Tabs/Spouse Info/select_Spouse Ethnicity' 

27-02-2025T17:34:41 - [TEST_STEP][PASSED] - println("Selecting " + parm1): null

27-02-2025T17:34:41 - [TEST_STEP][PASSED] - selectOptionByValue(findTestObject(testObject), parm1, false): All options with value 'WHITE/CAUCASIAN' are selected in object 'Object Repository/Journey Candidate Profile/Tabs/Spouse Info/select_Spouse Ethnicity' 

27-02-2025T17:34:41 - [MESSAGE][PASSED] - All options with value 'WHITE/CAUCASIAN' are selected in object 'Object Repository/Journey Candidate Profile/Tabs/Spouse Info/select_Spouse Ethnicity' 

27-02-2025T17:34:41 - [MESSAGE][PASSED] - Call Test Case 'Test Cases/_Functions/Perform Action' successfully

27-02-2025T17:34:41 - [TEST_STEP][PASSED] - if (varSpouse_serving_with_you == "Yes"): null

27-02-2025T17:34:41 - [TEST_STEP][PASSED] - object = "Object Repository/Journey Candidate Profile/Tabs/Spouse Info/input_Spouse Serving with You Yes": null

27-02-2025T17:34:41 - [TEST_STEP][PASSED] - callTestCase(findTestCase("_Functions/Perform Action"), ["varAction":"click", "varObject":object], STOP_ON_FAILURE): Call Test Case 'Test Cases/_Functions/Perform Action' successfully

27-02-2025T17:34:41 - [TEST_CASE][PASSED] - Test Cases/_Functions/Perform Action: Test Cases/_Functions/Perform Action

27-02-2025T17:34:41 - [TEST_STEP][PASSED] - action = varAction: null

27-02-2025T17:34:41 - [TEST_STEP][PASSED] - println(action): null

27-02-2025T17:34:41 - [TEST_STEP][PASSED] - testObject = varObject: null

27-02-2025T17:34:41 - [TEST_STEP][PASSED] - println(testObject): null

27-02-2025T17:34:41 - [TEST_STEP][PASSED] - parm1 = varParm1: null

27-02-2025T17:34:41 - [TEST_STEP][PASSED] - println(parm1): null

27-02-2025T17:34:41 - [TEST_STEP][PASSED] - println("Converting " + testObject + " to web element"): null

27-02-2025T17:34:41 - [TEST_STEP][PASSED] - element = findWebElement(findTestObject(testObject), 1): null

27-02-2025T17:34:41 - [TEST_STEP][PASSED] - loc = element.getLocation(): null

27-02-2025T17:34:41 - [TEST_STEP][PASSED] - y = loc.getY(): null

27-02-2025T17:34:41 - [TEST_STEP][PASSED] - println("Y location is " + y): null

27-02-2025T17:34:41 - [TEST_STEP][PASSED] - top = getViewportTopPosition(): Current viewport's top (y) position is 271

27-02-2025T17:34:41 - [MESSAGE][PASSED] - Current viewport's top (y) position is 271

27-02-2025T17:34:41 - [TEST_STEP][PASSED] - println("Viewport top is " + top): null

27-02-2025T17:34:41 - [TEST_STEP][PASSED] - bottom = top + 600: null

27-02-2025T17:34:41 - [TEST_STEP][PASSED] - if (y - top < 150 || bottom - y < 10): null

27-02-2025T17:34:41 - [TEST_STEP][PASSED] - if (action == "click"): Object: 'Object Repository/Journey Candidate Profile/Tabs/Spouse Info/input_Spouse Serving with You Yes' is clicked on

27-02-2025T17:34:41 - [TEST_STEP][PASSED] - println("clicking"): null

27-02-2025T17:34:41 - [TEST_STEP][PASSED] - click(findTestObject(testObject)): Object: 'Object Repository/Journey Candidate Profile/Tabs/Spouse Info/input_Spouse Serving with You Yes' is clicked on

27-02-2025T17:34:41 - [MESSAGE][PASSED] - Object: 'Object Repository/Journey Candidate Profile/Tabs/Spouse Info/input_Spouse Serving with You Yes' is clicked on

27-02-2025T17:34:41 - [MESSAGE][PASSED] - Call Test Case 'Test Cases/_Functions/Perform Action' successfully

27-02-2025T17:34:41 - [TEST_STEP][PASSED] - object = "Journey Candidate Profile/Tabs/btn_Complete Submit": null

27-02-2025T17:34:41 - [TEST_STEP][PASSED] - callTestCase(findTestCase("_Functions/Perform Action"), ["varAction":"click", "varObject":object], STOP_ON_FAILURE): Call Test Case 'Test Cases/_Functions/Perform Action' successfully

27-02-2025T17:34:41 - [TEST_CASE][PASSED] - Test Cases/_Functions/Perform Action: Test Cases/_Functions/Perform Action

27-02-2025T17:34:41 - [TEST_STEP][PASSED] - action = varAction: null

27-02-2025T17:34:41 - [TEST_STEP][PASSED] - println(action): null

27-02-2025T17:34:41 - [TEST_STEP][PASSED] - testObject = varObject: null

27-02-2025T17:34:41 - [TEST_STEP][PASSED] - println(testObject): null

27-02-2025T17:34:41 - [TEST_STEP][PASSED] - parm1 = varParm1: null

27-02-2025T17:34:41 - [TEST_STEP][PASSED] - println(parm1): null

27-02-2025T17:34:41 - [TEST_STEP][PASSED] - println("Converting " + testObject + " to web element"): null

27-02-2025T17:34:41 - [TEST_STEP][PASSED] - element = findWebElement(findTestObject(testObject), 1): null

27-02-2025T17:34:41 - [TEST_STEP][PASSED] - loc = element.getLocation(): null

27-02-2025T17:34:41 - [TEST_STEP][PASSED] - y = loc.getY(): null

27-02-2025T17:34:41 - [TEST_STEP][PASSED] - println("Y location is " + y): null

27-02-2025T17:34:41 - [TEST_STEP][PASSED] - top = getViewportTopPosition(): Current viewport's top (y) position is 271

27-02-2025T17:34:41 - [MESSAGE][PASSED] - Current viewport's top (y) position is 271

27-02-2025T17:34:41 - [TEST_STEP][PASSED] - println("Viewport top is " + top): null

27-02-2025T17:34:41 - [TEST_STEP][PASSED] - bottom = top + 600: null

27-02-2025T17:34:41 - [TEST_STEP][PASSED] - if (y - top < 150 || bottom - y < 10): null

27-02-2025T17:34:41 - [TEST_STEP][PASSED] - if (action == "click"): Object: 'Object Repository/Journey Candidate Profile/Tabs/btn_Complete Submit' is clicked on

27-02-2025T17:34:41 - [TEST_STEP][PASSED] - println("clicking"): null

27-02-2025T17:34:41 - [TEST_STEP][PASSED] - click(findTestObject(testObject)): Object: 'Object Repository/Journey Candidate Profile/Tabs/btn_Complete Submit' is clicked on

27-02-2025T17:34:45 - [MESSAGE][PASSED] - Object: 'Object Repository/Journey Candidate Profile/Tabs/btn_Complete Submit' is clicked on

27-02-2025T17:34:45 - [MESSAGE][PASSED] - Call Test Case 'Test Cases/_Functions/Perform Action' successfully

27-02-2025T17:34:45 - [MESSAGE][PASSED] - Call Test Case 'Test Cases/Journey Candidate Profile/Tabs/Set Spouse Info' successfully

27-02-2025T17:34:45 - [TEST_STEP][PASSED] - if (pages.size() == 0 || "All" in pages || "Spouse Experience" in pages): Call Test Case 'Test Cases/Journey Candidate Profile/Tabs/Set Spouse Experience' successfully

27-02-2025T17:34:45 - [TEST_STEP][PASSED] - spouse_highest_degree_earned = "Bachelor of Arts (BA)": null

27-02-2025T17:34:45 - [TEST_STEP][PASSED] - spouse_degree_field = "Music": null

27-02-2025T17:34:45 - [TEST_STEP][PASSED] - spouse_occupation = "At home mom": null

27-02-2025T17:34:45 - [TEST_STEP][PASSED] - spouse_bible_training = "Some Bible school classes": null

27-02-2025T17:34:45 - [TEST_STEP][PASSED] - spouse_describe_bible_training = "Online classes from Hillsdale": null

27-02-2025T17:34:45 - [TEST_STEP][PASSED] - spouse_cross_cultural_experience = "Not served in a culture other than my own": null

27-02-2025T17:34:45 - [TEST_STEP][PASSED] - spouse_missions_experience = "I have attended a missions event": null

27-02-2025T17:34:45 - [TEST_STEP][PASSED] - spouse_attended_perspectives = "I am planning to take the Perspectives Course": null

27-02-2025T17:34:45 - [TEST_STEP][PASSED] - spouse_experience = "Sunday School teacher": null

27-02-2025T17:34:45 - [TEST_STEP][PASSED] - callTestCase(findTestCase("Journey Candidate Profile/Tabs/Set Spouse Experience"), ["varSpouse_highest_degree_earned":spouse_highest_degree_earned, "varSpouse_degree_field":spouse_degree_field, "varSpouse_occupation":spouse_occupation, ... ], STOP_ON_FAILURE): Call Test Case 'Test Cases/Journey Candidate Profile/Tabs/Set Spouse Experience' successfully

27-02-2025T17:34:45 - [TEST_CASE][PASSED] - Test Cases/Journey Candidate Profile/Tabs/Set Spouse Experience: Test Cases/Journey Candidate Profile/Tabs/Set Spouse Experience

27-02-2025T17:34:45 - [TEST_STEP][PASSED] - username = username: null

27-02-2025T17:34:45 - [TEST_STEP][PASSED] - if (username != "cktest05jc"): null

27-02-2025T17:34:45 - [TEST_STEP][PASSED] - domain = domain: null

27-02-2025T17:34:45 - [TEST_STEP][PASSED] - writeFile = false: null

27-02-2025T17:34:45 - [TEST_STEP][PASSED] - testName = "Journey Candidate Spouse Experience Tab": null

27-02-2025T17:34:45 - [TEST_STEP][PASSED] - outFile = callTestCase(findTestCase("_Functions/Set Output File"), ["varTestName":testName], STOP_ON_FAILURE): Call Test Case 'Test Cases/_Functions/Set Output File' successfully

27-02-2025T17:34:45 - [TEST_CASE][PASSED] - Test Cases/_Functions/Set Output File: Test Cases/_Functions/Set Output File

27-02-2025T17:34:45 - [TEST_STEP][PASSED] - testName = varTestName: null

27-02-2025T17:34:45 - [TEST_STEP][PASSED] - domain = domain: null

27-02-2025T17:34:45 - [TEST_STEP][PASSED] - writeFile = false: null

27-02-2025T17:34:45 - [TEST_STEP][PASSED] - if (outFile != ""): null

27-02-2025T17:34:45 - [TEST_STEP][PASSED] - myFile = outFile: null

27-02-2025T17:34:45 - [TEST_STEP][PASSED] - println(myFile): null

27-02-2025T17:34:45 - [TEST_STEP][PASSED] - outFile = new java.io.File(myFile): null

27-02-2025T17:34:45 - [TEST_STEP][PASSED] - writeFile = true: null

27-02-2025T17:34:45 - [TEST_STEP][PASSED] - if (!(writeFile)): null

27-02-2025T17:34:45 - [TEST_STEP][PASSED] - else: null

27-02-2025T17:34:45 - [TEST_STEP][PASSED] - outFile.append("
Testing " + testName + " on " + domain + ".
"): null

27-02-2025T17:34:45 - [TEST_STEP][PASSED] - return outFile: null

27-02-2025T17:34:45 - [MESSAGE][PASSED] - Call Test Case 'Test Cases/_Functions/Set Output File' successfully

27-02-2025T17:34:45 - [TEST_STEP][PASSED] - parms = [varSpouse_bible_training, varSpouse_missions_experience]: null

27-02-2025T17:34:45 - [TEST_STEP][PASSED] - bible_training = "//input[@name='profile[group-1623988190.243][spouse_bible_training]']": null

27-02-2025T17:34:45 - [TEST_STEP][PASSED] - mission_experience = "//input[@id='profile_group-1623988190.243_spouse_missions_exposure']": null

27-02-2025T17:34:45 - [TEST_STEP][PASSED] - xpaths = [bible_training, mission_experience]: null

27-02-2025T17:34:45 - [TEST_STEP][PASSED] - tooltipImagePath = "/Users/cckozie/git/MissionNext-Katalon-Koz/images/Journey candidate/": null

27-02-2025T17:34:45 - [TEST_STEP][PASSED] - testObjectFolder = "Journey Candidate Profile/Tabs/Spouse Experience/": null

27-02-2025T17:34:45 - [TEST_STEP][PASSED] - tooltips = ["dummy":"dummy", "Spouse Degree Field":"img_Spouse Degree Field_field-tooltip", "Spouse Bible Training":"img_Spouse Bible Training_field-tooltip"]: null

27-02-2025T17:34:45 - [TEST_STEP][PASSED] - tooltipText = ["Spouse Degree Field":"Spouse Earned Degree Field", "Spouse Bible Training":"If you have attended Sunday School classes for years, select Informal Training. If you have attended or taught Bible classes, select Some Bible School Classes.If your preferred assignments do not require Bible training, you can select Not Applicable."]: null

27-02-2025T17:34:45 - [TEST_STEP][PASSED] - requiredFieldMsgs = []: null

27-02-2025T17:34:45 - [TEST_STEP][PASSED] - pageLinks = []: null

27-02-2025T17:34:45 - [TEST_STEP][PASSED] - click(findTestObject("Journey Candidate Profile/Tabs/a_Spouse Experience")): Object: 'Object Repository/Journey Candidate Profile/Tabs/a_Spouse Experience' is clicked on

27-02-2025T17:34:45 - [MESSAGE][PASSED] - Object: 'Object Repository/Journey Candidate Profile/Tabs/a_Spouse Experience' is clicked on

27-02-2025T17:34:45 - [TEST_STEP][PASSED] - tooltipTextMap = callTestCase(findTestCase("_Functions/Get Screenshot and Tooltip Text"), ["varExtension":testName], STOP_ON_FAILURE): Call Test Case 'Test Cases/_Functions/Get Screenshot and Tooltip Text' successfully

27-02-2025T17:34:45 - [TEST_CASE][PASSED] - Test Cases/_Functions/Get Screenshot and Tooltip Text: Test Cases/_Functions/Get Screenshot and Tooltip Text

27-02-2025T17:34:45 - [TEST_STEP][PASSED] - if (fastPath): null

27-02-2025T17:34:45 - [TEST_STEP][PASSED] - frame = new javax.swing.JFrame(): null

27-02-2025T17:34:45 - [TEST_STEP][PASSED] - p = new javax.swing.JPanel(): null

27-02-2025T17:34:45 - [TEST_STEP][PASSED] - l = new javax.swing.JLabel(Getting screenshot and tooltip text..., javax.swing.SwingConstants.CENTER): null

27-02-2025T17:34:45 - [TEST_STEP][PASSED] - frame.add(l): null

27-02-2025T17:34:45 - [TEST_STEP][PASSED] - frame.setSize(300, 100): null

27-02-2025T17:34:45 - [TEST_STEP][PASSED] - frame.setLocation(600, 0): null

27-02-2025T17:34:45 - [TEST_STEP][PASSED] - frame.setAlwaysOnTop(true): null

27-02-2025T17:34:45 - [TEST_STEP][PASSED] - frame.show(): null

27-02-2025T17:34:45 - [TEST_STEP][PASSED] - driver = getWebDriver(): null

27-02-2025T17:34:45 - [TEST_STEP][PASSED] - path = "/Users/cckozie/Documents/MissionNext/Screenshots and Tooltip Text/": null

27-02-2025T17:34:45 - [TEST_STEP][PASSED] - if (binding.hasVariable("varExtension")): null

27-02-2025T17:34:45 - [TEST_STEP][PASSED] - extension = varExtension: null

27-02-2025T17:34:45 - [TEST_STEP][PASSED] - println("Extension is " + extension): null

27-02-2025T17:34:45 - [TEST_STEP][PASSED] - fileBase = path + extension: null

27-02-2025T17:34:45 - [TEST_STEP][PASSED] - fileImage = fileBase + "_Screenshot.png": null

27-02-2025T17:34:45 - [TEST_STEP][PASSED] - waitForPageLoad(30): Wait for page load successfully

27-02-2025T17:34:45 - [MESSAGE][PASSED] - Wait for page load successfully

27-02-2025T17:34:45 - [TEST_STEP][PASSED] - spinner = driver.findElement(By.xpath("/html/body/div[1]/div/div[2]")): null

27-02-2025T17:34:45 - [TEST_STEP][PASSED] - executor = driver: null

27-02-2025T17:34:45 - [TEST_STEP][PASSED] - elementAttributes = executor.executeScript("var items = {}; for (index = 0; index < arguments[0].attributes.length; ++index) { items[arguments[0].attributes[index].name] = arguments[0].attributes[index].value }; return items;", spinner): null

27-02-2025T17:34:45 - [TEST_STEP][PASSED] - attrs = elementAttributes.toString(): null

27-02-2025T17:34:45 - [TEST_STEP][PASSED] - waits = 0: null

27-02-2025T17:34:45 - [TEST_STEP][PASSED] - while (attrs.indexOf("display: none") < 0 && waits < 2): null

27-02-2025T17:34:45 - [TEST_STEP][PASSED] - delay(1): Delayed 1 second(s)

27-02-2025T17:34:46 - [MESSAGE][PASSED] - Delayed 1 second(s)

27-02-2025T17:34:46 - [TEST_STEP][PASSED] - attrs = elementAttributes.toString(): null

27-02-2025T17:34:46 - [TEST_STEP][PASSED] - (waits++): null

27-02-2025T17:34:46 - [TEST_STEP][PASSED] - delay(1): Delayed 1 second(s)

27-02-2025T17:34:47 - [MESSAGE][PASSED] - Delayed 1 second(s)

27-02-2025T17:34:47 - [TEST_STEP][PASSED] - attrs = elementAttributes.toString(): null

27-02-2025T17:34:47 - [TEST_STEP][PASSED] - (waits++): null

27-02-2025T17:34:47 - [TEST_STEP][PASSED] - tooltipMap = callTestCase(findTestCase("_Functions/Get Tooltip Text"), [:], STOP_ON_FAILURE): Call Test Case 'Test Cases/_Functions/Get Tooltip Text' successfully

27-02-2025T17:34:47 - [TEST_CASE][PASSED] - Test Cases/_Functions/Get Tooltip Text: Test Cases/_Functions/Get Tooltip Text

27-02-2025T17:34:47 - [TEST_STEP][PASSED] - fieldTooltips = [:]: null

27-02-2025T17:34:47 - [TEST_STEP][PASSED] - tooltipMap = [:]: null

27-02-2025T17:34:47 - [TEST_STEP][PASSED] - driver = getWebDriver(): null

27-02-2025T17:34:47 - [TEST_STEP][PASSED] - tooltips = driver.findElements(By.className("field-tooltip")): null

27-02-2025T17:34:47 - [TEST_STEP][PASSED] - for (def it : tooltips): null

27-02-2025T17:34:47 - [TEST_STEP][PASSED] - if (it.isDisplayed()): null

27-02-2025T17:34:47 - [TEST_STEP][PASSED] - if (it.isDisplayed()): null

27-02-2025T17:34:47 - [TEST_STEP][PASSED] - if (it.isDisplayed()): null

27-02-2025T17:34:47 - [TEST_STEP][PASSED] - if (it.isDisplayed()): null

27-02-2025T17:34:47 - [TEST_STEP][PASSED] - if (it.isDisplayed()): null

27-02-2025T17:34:47 - [TEST_STEP][PASSED] - if (it.isDisplayed()): null

27-02-2025T17:34:47 - [TEST_STEP][PASSED] - if (it.isDisplayed()): null

27-02-2025T17:34:47 - [TEST_STEP][PASSED] - if (it.isDisplayed()): null

27-02-2025T17:34:47 - [TEST_STEP][PASSED] - if (it.isDisplayed()): null

27-02-2025T17:34:47 - [TEST_STEP][PASSED] - if (it.isDisplayed()): null

27-02-2025T17:34:47 - [TEST_STEP][PASSED] - if (it.isDisplayed()): null

27-02-2025T17:34:47 - [TEST_STEP][PASSED] - if (it.isDisplayed()): null

27-02-2025T17:34:47 - [TEST_STEP][PASSED] - if (it.isDisplayed()): null

27-02-2025T17:34:47 - [TEST_STEP][PASSED] - if (it.isDisplayed()): null

27-02-2025T17:34:47 - [TEST_STEP][PASSED] - if (it.isDisplayed()): null

27-02-2025T17:34:47 - [TEST_STEP][PASSED] - if (it.isDisplayed()): null

27-02-2025T17:34:47 - [TEST_STEP][PASSED] - if (it.isDisplayed()): null

27-02-2025T17:34:47 - [TEST_STEP][PASSED] - if (it.isDisplayed()): null

27-02-2025T17:34:47 - [TEST_STEP][PASSED] - if (it.isDisplayed()): null

27-02-2025T17:34:47 - [TEST_STEP][PASSED] - if (it.isDisplayed()): null

27-02-2025T17:34:47 - [TEST_STEP][PASSED] - if (it.isDisplayed()): null

27-02-2025T17:34:47 - [TEST_STEP][PASSED] - if (it.isDisplayed()): null

27-02-2025T17:34:47 - [TEST_STEP][PASSED] - if (it.isDisplayed()): null

27-02-2025T17:34:47 - [TEST_STEP][PASSED] - if (it.isDisplayed()): null

27-02-2025T17:34:47 - [TEST_STEP][PASSED] - if (it.isDisplayed()): null

27-02-2025T17:34:47 - [TEST_STEP][PASSED] - if (it.isDisplayed()): null

27-02-2025T17:34:47 - [TEST_STEP][PASSED] - if (it.isDisplayed()): null

27-02-2025T17:34:47 - [TEST_STEP][PASSED] - if (it.isDisplayed()): null

27-02-2025T17:34:47 - [TEST_STEP][PASSED] - ttText = it.getAttribute("data-original-title"): null

27-02-2025T17:34:47 - [TEST_STEP][PASSED] - ttLocation = it.getLocation(): null

27-02-2025T17:34:47 - [TEST_STEP][PASSED] - yLocation = ttLocation.getY(): null

27-02-2025T17:34:47 - [TEST_STEP][PASSED] - xLocation = ttLocation.getX(): null

27-02-2025T17:34:47 - [TEST_STEP][PASSED] - fieldTooltips.put(ttText, yLocation): null

27-02-2025T17:34:47 - [TEST_STEP][PASSED] - if (it.isDisplayed()): null

27-02-2025T17:34:47 - [TEST_STEP][PASSED] - ttText = it.getAttribute("data-original-title"): null

27-02-2025T17:34:47 - [TEST_STEP][PASSED] - ttLocation = it.getLocation(): null

27-02-2025T17:34:47 - [TEST_STEP][PASSED] - yLocation = ttLocation.getY(): null

27-02-2025T17:34:47 - [TEST_STEP][PASSED] - xLocation = ttLocation.getX(): null

27-02-2025T17:34:47 - [TEST_STEP][PASSED] - fieldTooltips.put(ttText, yLocation): null

27-02-2025T17:34:47 - [TEST_STEP][PASSED] - if (fieldTooltips.size() > 0): null

27-02-2025T17:34:47 - [TEST_STEP][PASSED] - rightBorder = xLocation: null

27-02-2025T17:34:47 - [TEST_STEP][PASSED] - fieldLabels = [:]: null

27-02-2025T17:34:47 - [TEST_STEP][PASSED] - labels = driver.findElements(By.xpath("//label")): null

27-02-2025T17:34:47 - [TEST_STEP][PASSED] - labels.each({ -> ... }): null

27-02-2025T17:34:50 - [TEST_STEP][PASSED] - for (def label : fieldLabels): null

27-02-2025T17:34:50 - [TEST_STEP][PASSED] - y = value: null

27-02-2025T17:34:50 - [TEST_STEP][PASSED] - for (def tooltip : fieldTooltips): null

27-02-2025T17:34:50 - [TEST_STEP][PASSED] - if (value == y || value == y + 1 || value == y - 1): null

27-02-2025T17:34:50 - [TEST_STEP][PASSED] - if (value == y || value == y + 1 || value == y - 1): null

27-02-2025T17:34:50 - [TEST_STEP][PASSED] - y = value: null

27-02-2025T17:34:50 - [TEST_STEP][PASSED] - for (def tooltip : fieldTooltips): null

27-02-2025T17:34:50 - [TEST_STEP][PASSED] - if (value == y || value == y + 1 || value == y - 1): null

27-02-2025T17:34:50 - [TEST_STEP][PASSED] - if (value == y || value == y + 1 || value == y - 1): null

27-02-2025T17:34:50 - [TEST_STEP][PASSED] - y = value: null

27-02-2025T17:34:50 - [TEST_STEP][PASSED] - for (def tooltip : fieldTooltips): null

27-02-2025T17:34:50 - [TEST_STEP][PASSED] - if (value == y || value == y + 1 || value == y - 1): null

27-02-2025T17:34:50 - [TEST_STEP][PASSED] - tooltipMap.put(key, key): null

27-02-2025T17:34:50 - [TEST_STEP][PASSED] - break: null

27-02-2025T17:34:50 - [TEST_STEP][PASSED] - y = value: null

27-02-2025T17:34:50 - [TEST_STEP][PASSED] - for (def tooltip : fieldTooltips): null

27-02-2025T17:34:50 - [TEST_STEP][PASSED] - if (value == y || value == y + 1 || value == y - 1): null

27-02-2025T17:34:50 - [TEST_STEP][PASSED] - if (value == y || value == y + 1 || value == y - 1): null

27-02-2025T17:34:50 - [TEST_STEP][PASSED] - y = value: null

27-02-2025T17:34:50 - [TEST_STEP][PASSED] - for (def tooltip : fieldTooltips): null

27-02-2025T17:34:50 - [TEST_STEP][PASSED] - if (value == y || value == y + 1 || value == y - 1): null

27-02-2025T17:34:50 - [TEST_STEP][PASSED] - if (value == y || value == y + 1 || value == y - 1): null

27-02-2025T17:34:50 - [TEST_STEP][PASSED] - tooltipMap.put(key, key): null

27-02-2025T17:34:50 - [TEST_STEP][PASSED] - break: null

27-02-2025T17:34:50 - [TEST_STEP][PASSED] - y = value: null

27-02-2025T17:34:50 - [TEST_STEP][PASSED] - for (def tooltip : fieldTooltips): null

27-02-2025T17:34:50 - [TEST_STEP][PASSED] - if (value == y || value == y + 1 || value == y - 1): null

27-02-2025T17:34:50 - [TEST_STEP][PASSED] - if (value == y || value == y + 1 || value == y - 1): null

27-02-2025T17:34:50 - [TEST_STEP][PASSED] - y = value: null

27-02-2025T17:34:50 - [TEST_STEP][PASSED] - for (def tooltip : fieldTooltips): null

27-02-2025T17:34:50 - [TEST_STEP][PASSED] - if (value == y || value == y + 1 || value == y - 1): null

27-02-2025T17:34:50 - [TEST_STEP][PASSED] - if (value == y || value == y + 1 || value == y - 1): null

27-02-2025T17:34:50 - [TEST_STEP][PASSED] - y = value: null

27-02-2025T17:34:50 - [TEST_STEP][PASSED] - for (def tooltip : fieldTooltips): null

27-02-2025T17:34:50 - [TEST_STEP][PASSED] - if (value == y || value == y + 1 || value == y - 1): null

27-02-2025T17:34:50 - [TEST_STEP][PASSED] - if (value == y || value == y + 1 || value == y - 1): null

27-02-2025T17:34:50 - [TEST_STEP][PASSED] - y = value: null

27-02-2025T17:34:50 - [TEST_STEP][PASSED] - for (def tooltip : fieldTooltips): null

27-02-2025T17:34:50 - [TEST_STEP][PASSED] - if (value == y || value == y + 1 || value == y - 1): null

27-02-2025T17:34:50 - [TEST_STEP][PASSED] - if (value == y || value == y + 1 || value == y - 1): null

27-02-2025T17:34:50 - [TEST_STEP][PASSED] - y = value: null

27-02-2025T17:34:50 - [TEST_STEP][PASSED] - for (def tooltip : fieldTooltips): null

27-02-2025T17:34:50 - [TEST_STEP][PASSED] - if (value == y || value == y + 1 || value == y - 1): null

27-02-2025T17:34:50 - [TEST_STEP][PASSED] - if (value == y || value == y + 1 || value == y - 1): null

27-02-2025T17:34:50 - [TEST_STEP][PASSED] - return tooltipMap: null

27-02-2025T17:34:50 - [MESSAGE][PASSED] - Call Test Case 'Test Cases/_Functions/Get Tooltip Text' successfully

27-02-2025T17:34:50 - [TEST_STEP][PASSED] - if (tooltipMap.size() > 0): null

27-02-2025T17:34:50 - [TEST_STEP][PASSED] - file = fileBase + "_Tooltips.csv": null

27-02-2025T17:34:50 - [TEST_STEP][PASSED] - outText = "FIELD LABEL" + "," + "TOOLTIP TEXT" + "

": null

27-02-2025T17:34:50 - [TEST_STEP][PASSED] - for (def it : tooltipMap): null

27-02-2025T17:34:50 - [TEST_STEP][PASSED] - name = key: null

27-02-2025T17:34:50 - [TEST_STEP][PASSED] - value = value.replace("
", ""): null

27-02-2025T17:34:50 - [TEST_STEP][PASSED] - value = value.trim(): null

27-02-2025T17:34:50 - [TEST_STEP][PASSED] - value = """ + value + """: null

27-02-2025T17:34:50 - [TEST_STEP][PASSED] - outText = outText + name + "," + value: null

27-02-2025T17:34:50 - [TEST_STEP][PASSED] - outText = outText + "
": null

27-02-2025T17:34:50 - [TEST_STEP][PASSED] - println(outText): null

27-02-2025T17:34:50 - [TEST_STEP][PASSED] - name = key: null

27-02-2025T17:34:50 - [TEST_STEP][PASSED] - value = value.replace("
", ""): null

27-02-2025T17:34:50 - [TEST_STEP][PASSED] - value = value.trim(): null

27-02-2025T17:34:50 - [TEST_STEP][PASSED] - value = """ + value + """: null

27-02-2025T17:34:50 - [TEST_STEP][PASSED] - outText = outText + name + "," + value: null

27-02-2025T17:34:50 - [TEST_STEP][PASSED] - outText = outText + "
": null

27-02-2025T17:34:50 - [TEST_STEP][PASSED] - println(outText): null

27-02-2025T17:34:50 - [TEST_STEP][PASSED] - outFile = new java.io.File(file): null

27-02-2025T17:34:50 - [TEST_STEP][PASSED] - println(outText): null

27-02-2025T17:34:50 - [TEST_STEP][PASSED] - outFile.write(outText): null

27-02-2025T17:34:50 - [TEST_STEP][PASSED] - takeFullPageScreenshot(fileImage): Taking screenshot successfully

27-02-2025T17:34:51 - [MESSAGE][INFO] - 0 hidden object(s)

27-02-2025T17:34:51 - [MESSAGE][PASSED] - Taking screenshot successfully
[[ATTACHMENT|/Users/cckozie/Documents/MissionNext/Screenshots and Tooltip Text/Journey Candidate Spouse Experience Tab_Screenshot.png]]

27-02-2025T17:34:51 - [TEST_STEP][PASSED] - frame.dispose(): null

27-02-2025T17:34:51 - [TEST_STEP][PASSED] - return tooltipMap: null

27-02-2025T17:34:51 - [MESSAGE][PASSED] - Call Test Case 'Test Cases/_Functions/Get Screenshot and Tooltip Text' successfully

27-02-2025T17:34:51 - [TEST_STEP][PASSED] - callTestCase(findTestCase("_Functions/Test Tooltips"), ["varTooltipImagePath":tooltipImagePath, "varTooltips":tooltips, "varTooltipText":tooltipText, "varTestObjectFolder":testObjectFolder, ... ], STOP_ON_FAILURE): Call Test Case 'Test Cases/_Functions/Test Tooltips' successfully

27-02-2025T17:34:51 - [TEST_CASE][PASSED] - Test Cases/_Functions/Test Tooltips: Test Cases/_Functions/Test Tooltips

27-02-2025T17:34:51 - [TEST_STEP][PASSED] - if (fastPath): null

27-02-2025T17:34:51 - [TEST_STEP][PASSED] - tooltipImagePath = varTooltipImagePath: null

27-02-2025T17:34:51 - [TEST_STEP][PASSED] - tooltips = varTooltips: null

27-02-2025T17:34:51 - [TEST_STEP][PASSED] - tooltipText = varTooltipText: null

27-02-2025T17:34:51 - [TEST_STEP][PASSED] - testObjectFolder = varTestObjectFolder: null

27-02-2025T17:34:51 - [TEST_STEP][PASSED] - tooltipTextMap = varTooltipTextMap: null

27-02-2025T17:34:51 - [TEST_STEP][PASSED] - writeFile = false: null

27-02-2025T17:34:51 - [TEST_STEP][PASSED] - if (outFile != ""): null

27-02-2025T17:34:51 - [TEST_STEP][PASSED] - myFile = outFile: null

27-02-2025T17:34:51 - [TEST_STEP][PASSED] - println(myFile): null

27-02-2025T17:34:51 - [TEST_STEP][PASSED] - outFile = new java.io.File(myFile): null

27-02-2025T17:34:51 - [TEST_STEP][PASSED] - writeFile = true: null

27-02-2025T17:34:51 - [TEST_STEP][PASSED] - driver = getWebDriver(): null

27-02-2025T17:34:51 - [TEST_STEP][PASSED] - action = new org.openqa.selenium.interactions.Actions(driver): null

27-02-2025T17:34:51 - [TEST_STEP][PASSED] - s = new org.sikuli.script.Screen(): null

27-02-2025T17:34:51 - [TEST_STEP][PASSED] - outText = "Verifying the tooltips can be displayed.
": null

27-02-2025T17:34:51 - [TEST_STEP][PASSED] - outFile.append(outText): null

27-02-2025T17:34:51 - [TEST_STEP][PASSED] - first = true: null

27-02-2025T17:34:51 - [TEST_STEP][PASSED] - for (def it : tooltips): null

27-02-2025T17:34:51 - [TEST_STEP][PASSED] - myKey = key: null

27-02-2025T17:34:51 - [TEST_STEP][PASSED] - myValue = value: null

27-02-2025T17:34:51 - [TEST_STEP][PASSED] - println("myKey is " + myKey): null

27-02-2025T17:34:51 - [TEST_STEP][PASSED] - println("myValue is " + myValue): null

27-02-2025T17:34:51 - [TEST_STEP][PASSED] - if (myKey != "dummy"): null

27-02-2025T17:34:51 - [TEST_STEP][PASSED] - else: null

27-02-2025T17:34:51 - [TEST_STEP][PASSED] - myImage = "/Users/cckozie/git/MissionNext-Katalon-Koz/images/dummy.png": null

27-02-2025T17:34:51 - [TEST_STEP][PASSED] - f = new java.io.File(myImage): null

27-02-2025T17:34:51 - [TEST_STEP][PASSED] - if (f.exists()): null

27-02-2025T17:34:51 - [TEST_STEP][PASSED] - println("Looking for " + myImage): null

27-02-2025T17:34:51 - [TEST_STEP][PASSED] - icn = Pattern(myImage).similar(0.10): null

27-02-2025T17:34:51 - [TEST_STEP][PASSED] - found = s.exists(icn): null

27-02-2025T17:34:54 - [TEST_STEP][PASSED] - println(found): null

27-02-2025T17:34:54 - [TEST_STEP][PASSED] - if (found != null): null

27-02-2025T17:34:54 - [TEST_STEP][PASSED] - else: null

27-02-2025T17:34:54 - [TEST_STEP][PASSED] - if (myKey != "dummy"): null

27-02-2025T17:34:54 - [TEST_STEP][PASSED] - myKey = key: null

27-02-2025T17:34:54 - [TEST_STEP][PASSED] - myValue = value: null

27-02-2025T17:34:54 - [TEST_STEP][PASSED] - println("myKey is " + myKey): null

27-02-2025T17:34:54 - [TEST_STEP][PASSED] - println("myValue is " + myValue): null

27-02-2025T17:34:54 - [TEST_STEP][PASSED] - if (myKey != "dummy"): null

27-02-2025T17:34:54 - [TEST_STEP][PASSED] - tObj = testObjectFolder + myValue: null

27-02-2025T17:34:54 - [TEST_STEP][PASSED] - click(tObj): null

27-02-2025T17:34:54 - [TEST_STEP][PASSED] - scrollToObject(object): null

27-02-2025T17:34:54 - [TEST_STEP][PASSED] - println("Converting " + object + " to web element"): null

27-02-2025T17:34:54 - [TEST_STEP][PASSED] - element = findWebElement(findTestObject(object), 1): null

27-02-2025T17:34:55 - [TEST_STEP][PASSED] - loc = element.getLocation(): null

27-02-2025T17:34:55 - [TEST_STEP][PASSED] - x = loc.getX(): null

27-02-2025T17:34:55 - [TEST_STEP][PASSED] - if (x >= 560): null

27-02-2025T17:34:55 - [TEST_STEP][PASSED] - y = loc.getY(): null

27-02-2025T17:34:55 - [TEST_STEP][PASSED] - println("Y location is " + y): null

27-02-2025T17:34:55 - [TEST_STEP][PASSED] - top = getViewportTopPosition(): Current viewport's top (y) position is 0

27-02-2025T17:34:55 - [MESSAGE][PASSED] - Current viewport's top (y) position is 0

27-02-2025T17:34:55 - [TEST_STEP][PASSED] - println("Viewport top is " + top): null

27-02-2025T17:34:55 - [TEST_STEP][PASSED] - bottom = top + 600: null

27-02-2025T17:34:55 - [TEST_STEP][PASSED] - if (y - top < 150 || bottom - y < 10): null

27-02-2025T17:34:55 - [TEST_STEP][PASSED] - click(findTestObject(object)): null

27-02-2025T17:34:55 - [MESSAGE][PASSED] - Object: 'Object Repository/Journey Candidate Profile/Tabs/Spouse Experience/img_Spouse Degree Field_field-tooltip' is clicked on

27-02-2025T17:34:55 - [TEST_STEP][PASSED] - delay(1): Delayed 1 second(s)

27-02-2025T17:34:56 - [MESSAGE][PASSED] - Delayed 1 second(s)

27-02-2025T17:34:56 - [TEST_STEP][PASSED] - myImage = tooltipImagePath + myKey + ".png": null

27-02-2025T17:34:56 - [TEST_STEP][PASSED] - f = new java.io.File(myImage): null

27-02-2025T17:34:56 - [TEST_STEP][PASSED] - if (f.exists()): null

27-02-2025T17:34:56 - [TEST_STEP][PASSED] - println("Looking for " + myImage): null

27-02-2025T17:34:56 - [TEST_STEP][PASSED] - icn = Pattern(myImage).similar(0.10): null

27-02-2025T17:34:56 - [TEST_STEP][PASSED] - found = s.exists(icn): null

27-02-2025T17:34:56 - [TEST_STEP][PASSED] - println(found): null

27-02-2025T17:34:56 - [TEST_STEP][PASSED] - if (found != null): null

27-02-2025T17:34:56 - [TEST_STEP][PASSED] - foundStr = found.toString(): null

27-02-2025T17:34:56 - [TEST_STEP][PASSED] - matchP = foundStr.indexOf("%"): null

27-02-2025T17:34:56 - [TEST_STEP][PASSED] - if (matchP >= 0): null

27-02-2025T17:34:56 - [TEST_STEP][PASSED] - println(matchP): null

27-02-2025T17:34:56 - [TEST_STEP][PASSED] - pct = foundStr.substring(matchP + 1, matchP + 6): null

27-02-2025T17:34:56 - [TEST_STEP][PASSED] - pctF = pct.toFloat(): null

27-02-2025T17:34:56 - [TEST_STEP][PASSED] - outText = "+++ Tooltip match value for " + myKey + " is " + pctF + "%": null

27-02-2025T17:34:56 - [TEST_STEP][PASSED] - min = 80: null

27-02-2025T17:34:56 - [TEST_STEP][PASSED] - if (pctF.toFloat() < min.toFloat()): null

27-02-2025T17:34:56 - [TEST_STEP][PASSED] - if (myKey != "dummy"): null

27-02-2025T17:34:56 - [TEST_STEP][PASSED] - println(outText): null

27-02-2025T17:34:56 - [TEST_STEP][PASSED] - outFile.append(outText + "
"): null

27-02-2025T17:34:56 - [TEST_STEP][PASSED] - myKey = key: null

27-02-2025T17:34:56 - [TEST_STEP][PASSED] - myValue = value: null

27-02-2025T17:34:56 - [TEST_STEP][PASSED] - println("myKey is " + myKey): null

27-02-2025T17:34:56 - [TEST_STEP][PASSED] - println("myValue is " + myValue): null

27-02-2025T17:34:56 - [TEST_STEP][PASSED] - if (myKey != "dummy"): null

27-02-2025T17:34:56 - [TEST_STEP][PASSED] - tObj = testObjectFolder + myValue: null

27-02-2025T17:34:56 - [TEST_STEP][PASSED] - click(tObj): null

27-02-2025T17:34:56 - [TEST_STEP][PASSED] - scrollToObject(object): null

27-02-2025T17:34:56 - [TEST_STEP][PASSED] - println("Converting " + object + " to web element"): null

27-02-2025T17:34:56 - [TEST_STEP][PASSED] - element = findWebElement(findTestObject(object), 1): null

27-02-2025T17:34:56 - [TEST_STEP][PASSED] - loc = element.getLocation(): null

27-02-2025T17:34:56 - [TEST_STEP][PASSED] - x = loc.getX(): null

27-02-2025T17:34:56 - [TEST_STEP][PASSED] - if (x >= 560): null

27-02-2025T17:34:56 - [TEST_STEP][PASSED] - y = loc.getY(): null

27-02-2025T17:34:56 - [TEST_STEP][PASSED] - println("Y location is " + y): null

27-02-2025T17:34:56 - [TEST_STEP][PASSED] - top = getViewportTopPosition(): Current viewport's top (y) position is 0

27-02-2025T17:34:56 - [MESSAGE][PASSED] - Current viewport's top (y) position is 0

27-02-2025T17:34:56 - [TEST_STEP][PASSED] - println("Viewport top is " + top): null

27-02-2025T17:34:56 - [TEST_STEP][PASSED] - bottom = top + 600: null

27-02-2025T17:34:56 - [TEST_STEP][PASSED] - if (y - top < 150 || bottom - y < 10): Delayed 1 second(s)

27-02-2025T17:34:56 - [TEST_STEP][PASSED] - scrollToPosition(0, y - 170): Browser is scrolled to position x = 0, y = 475

27-02-2025T17:34:56 - [MESSAGE][PASSED] - Browser is scrolled to position x = 0, y = 475

27-02-2025T17:34:56 - [TEST_STEP][PASSED] - delay(1): Delayed 1 second(s)

27-02-2025T17:34:57 - [MESSAGE][PASSED] - Delayed 1 second(s)

27-02-2025T17:34:57 - [TEST_STEP][PASSED] - click(findTestObject(object)): null

27-02-2025T17:34:57 - [MESSAGE][PASSED] - Object: 'Object Repository/Journey Candidate Profile/Tabs/Spouse Experience/img_Spouse Bible Training_field-tooltip' is clicked on

27-02-2025T17:34:57 - [TEST_STEP][PASSED] - delay(1): Delayed 1 second(s)

27-02-2025T17:34:58 - [MESSAGE][PASSED] - Delayed 1 second(s)

27-02-2025T17:34:58 - [TEST_STEP][PASSED] - myImage = tooltipImagePath + myKey + ".png": null

27-02-2025T17:34:58 - [TEST_STEP][PASSED] - f = new java.io.File(myImage): null

27-02-2025T17:34:58 - [TEST_STEP][PASSED] - if (f.exists()): null

27-02-2025T17:34:58 - [TEST_STEP][PASSED] - println("Looking for " + myImage): null

27-02-2025T17:34:58 - [TEST_STEP][PASSED] - icn = Pattern(myImage).similar(0.10): null

27-02-2025T17:34:58 - [TEST_STEP][PASSED] - found = s.exists(icn): null

27-02-2025T17:34:58 - [TEST_STEP][PASSED] - println(found): null

27-02-2025T17:34:58 - [TEST_STEP][PASSED] - if (found != null): null

27-02-2025T17:34:58 - [TEST_STEP][PASSED] - foundStr = found.toString(): null

27-02-2025T17:34:58 - [TEST_STEP][PASSED] - matchP = foundStr.indexOf("%"): null

27-02-2025T17:34:58 - [TEST_STEP][PASSED] - if (matchP >= 0): null

27-02-2025T17:34:58 - [TEST_STEP][PASSED] - println(matchP): null

27-02-2025T17:34:58 - [TEST_STEP][PASSED] - pct = foundStr.substring(matchP + 1, matchP + 6): null

27-02-2025T17:34:58 - [TEST_STEP][PASSED] - pctF = pct.toFloat(): null

27-02-2025T17:34:58 - [TEST_STEP][PASSED] - outText = "+++ Tooltip match value for " + myKey + " is " + pctF + "%": null

27-02-2025T17:34:58 - [TEST_STEP][PASSED] - min = 80: null

27-02-2025T17:34:58 - [TEST_STEP][PASSED] - if (pctF.toFloat() < min.toFloat()): null

27-02-2025T17:34:58 - [TEST_STEP][PASSED] - if (myKey != "dummy"): null

27-02-2025T17:34:58 - [TEST_STEP][PASSED] - println(outText): null

27-02-2025T17:34:58 - [TEST_STEP][PASSED] - outFile.append(outText + "
"): null

27-02-2025T17:34:58 - [TEST_STEP][PASSED] - outText = "Verifying the tooltip text on the page is what was expected.
": null

27-02-2025T17:34:58 - [TEST_STEP][PASSED] - println(tooltipTextMap): null

27-02-2025T17:34:58 - [TEST_STEP][PASSED] - outFile.append(outText): null

27-02-2025T17:34:58 - [TEST_STEP][PASSED] - for (def it : tooltipText): null

27-02-2025T17:34:58 - [TEST_STEP][PASSED] - println(it): null

27-02-2025T17:34:58 - [TEST_STEP][PASSED] - myKey = key: null

27-02-2025T17:34:58 - [TEST_STEP][PASSED] - myText = value.replace(""", ""): null

27-02-2025T17:34:58 - [TEST_STEP][PASSED] - myText = myText.trim(): null

27-02-2025T17:34:58 - [TEST_STEP][PASSED] - println(myKey): null

27-02-2025T17:34:58 - [TEST_STEP][PASSED] - println(myText): null

27-02-2025T17:34:58 - [TEST_STEP][PASSED] - println(tooltipTextMap.get(myKey)): null

27-02-2025T17:34:58 - [TEST_STEP][PASSED] - actualText = get(myKey).replace(""", ""): null

27-02-2025T17:34:58 - [TEST_STEP][PASSED] - actualText = actualText.trim(): null

27-02-2025T17:34:58 - [TEST_STEP][PASSED] - println(myKey + ":" + actualText): null

27-02-2025T17:34:58 - [TEST_STEP][PASSED] - if (actualText != myText): null

27-02-2025T17:34:58 - [TEST_STEP][PASSED] - println(it): null

27-02-2025T17:34:58 - [TEST_STEP][PASSED] - myKey = key: null

27-02-2025T17:34:58 - [TEST_STEP][PASSED] - myText = value.replace(""", ""): null

27-02-2025T17:34:58 - [TEST_STEP][PASSED] - myText = myText.trim(): null

27-02-2025T17:34:58 - [TEST_STEP][PASSED] - println(myKey): null

27-02-2025T17:34:58 - [TEST_STEP][PASSED] - println(myText): null

27-02-2025T17:34:58 - [TEST_STEP][PASSED] - println(tooltipTextMap.get(myKey)): null

27-02-2025T17:34:58 - [TEST_STEP][PASSED] - actualText = get(myKey).replace(""", ""): null

27-02-2025T17:34:58 - [TEST_STEP][PASSED] - actualText = actualText.trim(): null

27-02-2025T17:34:58 - [TEST_STEP][PASSED] - println(myKey + ":" + actualText): null

27-02-2025T17:34:58 - [TEST_STEP][PASSED] - if (actualText != myText): null

27-02-2025T17:34:58 - [MESSAGE][PASSED] - Call Test Case 'Test Cases/_Functions/Test Tooltips' successfully

27-02-2025T17:34:58 - [TEST_STEP][PASSED] - outText = "Verifying the required field messages.
": null

27-02-2025T17:34:58 - [TEST_STEP][PASSED] - outFile.append(outText): null

27-02-2025T17:34:58 - [TEST_STEP][PASSED] - fieldList = []: null

27-02-2025T17:34:58 - [TEST_STEP][PASSED] - requiredFieldMsgs.each({ -> ... }): null

27-02-2025T17:34:58 - [TEST_STEP][PASSED] - callTestCase(findTestCase("_Functions/Test Field Error Messages"), ["varFieldList":fieldList, "varRequiredFieldMsgs":requiredFieldMsgs], STOP_ON_FAILURE): Call Test Case 'Test Cases/_Functions/Test Field Error Messages' successfully

27-02-2025T17:34:58 - [TEST_CASE][PASSED] - Test Cases/_Functions/Test Field Error Messages: Test Cases/_Functions/Test Field Error Messages

27-02-2025T17:34:58 - [TEST_STEP][PASSED] - count = callTestCase(findTestCase("_Functions/Find error messages"), ["varFunction":"count"], STOP_ON_FAILURE): Call Test Case 'Test Cases/_Functions/Find error messages' successfully

27-02-2025T17:34:58 - [TEST_CASE][PASSED] - Test Cases/_Functions/Find error messages: Test Cases/_Functions/Find error messages

27-02-2025T17:34:58 - [TEST_STEP][PASSED] - function = "count": null

27-02-2025T17:34:58 - [TEST_STEP][PASSED] - if (binding.hasVariable("varFunction")): null

27-02-2025T17:34:58 - [TEST_STEP][PASSED] - function = varFunction: null

27-02-2025T17:34:58 - [TEST_STEP][PASSED] - title = getWindowTitle(): Current window's title is: 'Journey'

27-02-2025T17:34:58 - [MESSAGE][PASSED] - Current window's title is: 'Journey'

27-02-2025T17:34:58 - [TEST_STEP][PASSED] - println("Page title is " + title): null

27-02-2025T17:34:58 - [TEST_STEP][PASSED] - driver = getWebDriver(): null

27-02-2025T17:34:58 - [TEST_STEP][PASSED] - elements = driver.findElements(By.xpath("//div[@class='col-sm-offset-3 col-sm-9 text-danger']")): null

27-02-2025T17:34:58 - [TEST_STEP][PASSED] - if (function == "count"): null

27-02-2025T17:34:58 - [TEST_STEP][PASSED] - return elements.size(): null

27-02-2025T17:34:58 - [MESSAGE][PASSED] - Call Test Case 'Test Cases/_Functions/Find error messages' successfully

27-02-2025T17:34:58 - [TEST_STEP][PASSED] - outFile = outFile: null

27-02-2025T17:34:58 - [TEST_STEP][PASSED] - if (count == 0): null

27-02-2025T17:34:58 - [TEST_STEP][PASSED] - else: Delayed 0 second(s)

27-02-2025T17:34:58 - [TEST_STEP][PASSED] - fieldList = varFieldList: null

27-02-2025T17:34:58 - [TEST_STEP][PASSED] - requiredFieldMsgs = varRequiredFieldMsgs: null

27-02-2025T17:34:58 - [TEST_STEP][PASSED] - outText = "Verifying error messages for fields " + fieldList: null

27-02-2025T17:34:58 - [TEST_STEP][PASSED] - for (def field : fieldList): null

27-02-2025T17:34:58 - [TEST_STEP][PASSED] - delay(fieldTestDelay): Delayed 0 second(s)

27-02-2025T17:34:58 - [MESSAGE][PASSED] - Delayed 0 second(s)

27-02-2025T17:34:58 - [MESSAGE][PASSED] - Call Test Case 'Test Cases/_Functions/Test Field Error Messages' successfully

27-02-2025T17:34:58 - [TEST_STEP][PASSED] - if (varSpouse_highest_degree_earned != null): Call Test Case 'Test Cases/_Functions/Perform Action' successfully

27-02-2025T17:34:58 - [TEST_STEP][PASSED] - object = "Object Repository/Journey Candidate Profile/Tabs/Spouse Experience/select_Spouse Highest Degree Earned": null

27-02-2025T17:34:58 - [TEST_STEP][PASSED] - callTestCase(findTestCase("_Functions/Perform Action"), ["varAction":"selectByValue", "varObject":object, "varParm1":varSpouse_highest_degree_earned], STOP_ON_FAILURE): Call Test Case 'Test Cases/_Functions/Perform Action' successfully

27-02-2025T17:34:58 - [TEST_CASE][PASSED] - Test Cases/_Functions/Perform Action: Test Cases/_Functions/Perform Action

27-02-2025T17:34:58 - [TEST_STEP][PASSED] - action = varAction: null

27-02-2025T17:34:58 - [TEST_STEP][PASSED] - println(action): null

27-02-2025T17:34:58 - [TEST_STEP][PASSED] - testObject = varObject: null

27-02-2025T17:34:58 - [TEST_STEP][PASSED] - println(testObject): null

27-02-2025T17:34:58 - [TEST_STEP][PASSED] - parm1 = varParm1: null

27-02-2025T17:34:58 - [TEST_STEP][PASSED] - println(parm1): null

27-02-2025T17:34:58 - [TEST_STEP][PASSED] - println("Converting " + testObject + " to web element"): null

27-02-2025T17:34:58 - [TEST_STEP][PASSED] - element = findWebElement(findTestObject(testObject), 1): null

27-02-2025T17:34:58 - [TEST_STEP][PASSED] - loc = element.getLocation(): null

27-02-2025T17:34:58 - [TEST_STEP][PASSED] - y = loc.getY(): null

27-02-2025T17:34:58 - [TEST_STEP][PASSED] - println("Y location is " + y): null

27-02-2025T17:34:58 - [TEST_STEP][PASSED] - top = getViewportTopPosition(): Current viewport's top (y) position is 475

27-02-2025T17:34:58 - [MESSAGE][PASSED] - Current viewport's top (y) position is 475

27-02-2025T17:34:58 - [TEST_STEP][PASSED] - println("Viewport top is " + top): null

27-02-2025T17:34:58 - [TEST_STEP][PASSED] - bottom = top + 600: null

27-02-2025T17:34:58 - [TEST_STEP][PASSED] - if (y - top < 150 || bottom - y < 10): Delayed 1 second(s)

27-02-2025T17:34:58 - [TEST_STEP][PASSED] - scrollToPosition(0, y - 150): Browser is scrolled to position x = 0, y = 305

27-02-2025T17:34:58 - [MESSAGE][PASSED] - Browser is scrolled to position x = 0, y = 305

27-02-2025T17:34:58 - [TEST_STEP][PASSED] - delay(1): Delayed 1 second(s)

27-02-2025T17:34:59 - [MESSAGE][PASSED] - Delayed 1 second(s)

27-02-2025T17:34:59 - [TEST_STEP][PASSED] - if (action == "click"): null

27-02-2025T17:34:59 - [MESSAGE][PASSED] - Call Test Case 'Test Cases/_Functions/Perform Action' successfully

27-02-2025T17:34:59 - [TEST_STEP][PASSED] - if (varSpouse_degree_field != null): Call Test Case 'Test Cases/_Functions/Perform Action' successfully

27-02-2025T17:34:59 - [TEST_STEP][PASSED] - object = "Object Repository/Journey Candidate Profile/Tabs/Spouse Experience/input_Spouse Degree Field": null

27-02-2025T17:34:59 - [TEST_STEP][PASSED] - callTestCase(findTestCase("_Functions/Perform Action"), ["varAction":"setText", "varObject":object, "varParm1":varSpouse_degree_field], STOP_ON_FAILURE): Call Test Case 'Test Cases/_Functions/Perform Action' successfully

27-02-2025T17:34:59 - [TEST_CASE][PASSED] - Test Cases/_Functions/Perform Action: Test Cases/_Functions/Perform Action

27-02-2025T17:34:59 - [TEST_STEP][PASSED] - action = varAction: null

27-02-2025T17:34:59 - [TEST_STEP][PASSED] - println(action): null

27-02-2025T17:34:59 - [TEST_STEP][PASSED] - testObject = varObject: null

27-02-2025T17:34:59 - [TEST_STEP][PASSED] - println(testObject): null

27-02-2025T17:34:59 - [TEST_STEP][PASSED] - parm1 = varParm1: null

27-02-2025T17:34:59 - [TEST_STEP][PASSED] - println(parm1): null

27-02-2025T17:34:59 - [TEST_STEP][PASSED] - println("Converting " + testObject + " to web element"): null

27-02-2025T17:34:59 - [TEST_STEP][PASSED] - element = findWebElement(findTestObject(testObject), 1): null

27-02-2025T17:34:59 - [TEST_STEP][PASSED] - loc = element.getLocation(): null

27-02-2025T17:34:59 - [TEST_STEP][PASSED] - y = loc.getY(): null

27-02-2025T17:34:59 - [TEST_STEP][PASSED] - println("Y location is " + y): null

27-02-2025T17:34:59 - [TEST_STEP][PASSED] - top = getViewportTopPosition(): Current viewport's top (y) position is 305

27-02-2025T17:34:59 - [MESSAGE][PASSED] - Current viewport's top (y) position is 305

27-02-2025T17:34:59 - [TEST_STEP][PASSED] - println("Viewport top is " + top): null

27-02-2025T17:34:59 - [TEST_STEP][PASSED] - bottom = top + 600: null

27-02-2025T17:34:59 - [TEST_STEP][PASSED] - if (y - top < 150 || bottom - y < 10): null

27-02-2025T17:34:59 - [TEST_STEP][PASSED] - if (action == "click"): null

27-02-2025T17:34:59 - [TEST_STEP][PASSED] - else if (action == "selectOptionByValue"): null

27-02-2025T17:34:59 - [TEST_STEP][PASSED] - else if (action == "setText"): Text 'Music' is set on object 'Object Repository/Journey Candidate Profile/Tabs/Spouse Experience/input_Spouse Degree Field'

27-02-2025T17:34:59 - [TEST_STEP][PASSED] - println("Setting text " + parm1): null

27-02-2025T17:34:59 - [TEST_STEP][PASSED] - setText(findTestObject(testObject), parm1): Text 'Music' is set on object 'Object Repository/Journey Candidate Profile/Tabs/Spouse Experience/input_Spouse Degree Field'

27-02-2025T17:34:59 - [MESSAGE][PASSED] - Text 'Music' is set on object 'Object Repository/Journey Candidate Profile/Tabs/Spouse Experience/input_Spouse Degree Field'

27-02-2025T17:34:59 - [MESSAGE][PASSED] - Call Test Case 'Test Cases/_Functions/Perform Action' successfully

27-02-2025T17:34:59 - [TEST_STEP][PASSED] - if (varSpouse_occupation != null): Call Test Case 'Test Cases/_Functions/Perform Action' successfully

27-02-2025T17:34:59 - [TEST_STEP][PASSED] - object = "Object Repository/Journey Candidate Profile/Tabs/Spouse Experience/textarea_Spouse Occupation": null

27-02-2025T17:34:59 - [TEST_STEP][PASSED] - callTestCase(findTestCase("_Functions/Perform Action"), ["varAction":"setText", "varObject":object, "varParm1":varSpouse_occupation], STOP_ON_FAILURE): Call Test Case 'Test Cases/_Functions/Perform Action' successfully

27-02-2025T17:34:59 - [TEST_CASE][PASSED] - Test Cases/_Functions/Perform Action: Test Cases/_Functions/Perform Action

27-02-2025T17:34:59 - [TEST_STEP][PASSED] - action = varAction: null

27-02-2025T17:34:59 - [TEST_STEP][PASSED] - println(action): null

27-02-2025T17:34:59 - [TEST_STEP][PASSED] - testObject = varObject: null

27-02-2025T17:34:59 - [TEST_STEP][PASSED] - println(testObject): null

27-02-2025T17:34:59 - [TEST_STEP][PASSED] - parm1 = varParm1: null

27-02-2025T17:34:59 - [TEST_STEP][PASSED] - println(parm1): null

27-02-2025T17:34:59 - [TEST_STEP][PASSED] - println("Converting " + testObject + " to web element"): null

27-02-2025T17:34:59 - [TEST_STEP][PASSED] - element = findWebElement(findTestObject(testObject), 1): null

27-02-2025T17:34:59 - [TEST_STEP][PASSED] - loc = element.getLocation(): null

27-02-2025T17:34:59 - [TEST_STEP][PASSED] - y = loc.getY(): null

27-02-2025T17:34:59 - [TEST_STEP][PASSED] - println("Y location is " + y): null

27-02-2025T17:34:59 - [TEST_STEP][PASSED] - top = getViewportTopPosition(): Current viewport's top (y) position is 305

27-02-2025T17:34:59 - [MESSAGE][PASSED] - Current viewport's top (y) position is 305

27-02-2025T17:34:59 - [TEST_STEP][PASSED] - println("Viewport top is " + top): null

27-02-2025T17:34:59 - [TEST_STEP][PASSED] - bottom = top + 600: null

27-02-2025T17:34:59 - [TEST_STEP][PASSED] - if (y - top < 150 || bottom - y < 10): null

27-02-2025T17:34:59 - [TEST_STEP][PASSED] - if (action == "click"): null

27-02-2025T17:34:59 - [TEST_STEP][PASSED] - else if (action == "selectOptionByValue"): null

27-02-2025T17:34:59 - [TEST_STEP][PASSED] - else if (action == "setText"): Text 'At home mom' is set on object 'Object Repository/Journey Candidate Profile/Tabs/Spouse Experience/textarea_Spouse Occupation'

27-02-2025T17:34:59 - [TEST_STEP][PASSED] - println("Setting text " + parm1): null

27-02-2025T17:34:59 - [TEST_STEP][PASSED] - setText(findTestObject(testObject), parm1): Text 'At home mom' is set on object 'Object Repository/Journey Candidate Profile/Tabs/Spouse Experience/textarea_Spouse Occupation'

27-02-2025T17:34:59 - [MESSAGE][PASSED] - Text 'At home mom' is set on object 'Object Repository/Journey Candidate Profile/Tabs/Spouse Experience/textarea_Spouse Occupation'

27-02-2025T17:34:59 - [MESSAGE][PASSED] - Call Test Case 'Test Cases/_Functions/Perform Action' successfully

27-02-2025T17:34:59 - [TEST_STEP][PASSED] - if (varSpouse_describe_bible_training != null): Call Test Case 'Test Cases/_Functions/Perform Action' successfully

27-02-2025T17:34:59 - [TEST_STEP][PASSED] - object = "Object Repository/Journey Candidate Profile/Tabs/Spouse Experience/textarea_Spouse Describe Bible Training": null

27-02-2025T17:34:59 - [TEST_STEP][PASSED] - callTestCase(findTestCase("_Functions/Perform Action"), ["varAction":"setText", "varObject":object, "varParm1":varSpouse_describe_bible_training], STOP_ON_FAILURE): Call Test Case 'Test Cases/_Functions/Perform Action' successfully

27-02-2025T17:34:59 - [TEST_CASE][PASSED] - Test Cases/_Functions/Perform Action: Test Cases/_Functions/Perform Action

27-02-2025T17:34:59 - [TEST_STEP][PASSED] - action = varAction: null

27-02-2025T17:34:59 - [TEST_STEP][PASSED] - println(action): null

27-02-2025T17:34:59 - [TEST_STEP][PASSED] - testObject = varObject: null

27-02-2025T17:34:59 - [TEST_STEP][PASSED] - println(testObject): null

27-02-2025T17:34:59 - [TEST_STEP][PASSED] - parm1 = varParm1: null

27-02-2025T17:34:59 - [TEST_STEP][PASSED] - println(parm1): null

27-02-2025T17:34:59 - [TEST_STEP][PASSED] - println("Converting " + testObject + " to web element"): null

27-02-2025T17:34:59 - [TEST_STEP][PASSED] - element = findWebElement(findTestObject(testObject), 1): null

27-02-2025T17:34:59 - [TEST_STEP][PASSED] - loc = element.getLocation(): null

27-02-2025T17:34:59 - [TEST_STEP][PASSED] - y = loc.getY(): null

27-02-2025T17:34:59 - [TEST_STEP][PASSED] - println("Y location is " + y): null

27-02-2025T17:34:59 - [TEST_STEP][PASSED] - top = getViewportTopPosition(): Current viewport's top (y) position is 305

27-02-2025T17:34:59 - [MESSAGE][PASSED] - Current viewport's top (y) position is 305

27-02-2025T17:34:59 - [TEST_STEP][PASSED] - println("Viewport top is " + top): null

27-02-2025T17:34:59 - [TEST_STEP][PASSED] - bottom = top + 600: null

27-02-2025T17:34:59 - [TEST_STEP][PASSED] - if (y - top < 150 || bottom - y < 10): null

27-02-2025T17:34:59 - [TEST_STEP][PASSED] - if (action == "click"): null

27-02-2025T17:34:59 - [TEST_STEP][PASSED] - else if (action == "selectOptionByValue"): null

27-02-2025T17:34:59 - [TEST_STEP][PASSED] - else if (action == "setText"): Text 'Online classes from Hillsdale' is set on object 'Object Repository/Journey Candidate Profile/Tabs/Spouse Experience/textarea_Spouse Describe Bible Training'

27-02-2025T17:34:59 - [TEST_STEP][PASSED] - println("Setting text " + parm1): null

27-02-2025T17:34:59 - [TEST_STEP][PASSED] - setText(findTestObject(testObject), parm1): Text 'Online classes from Hillsdale' is set on object 'Object Repository/Journey Candidate Profile/Tabs/Spouse Experience/textarea_Spouse Describe Bible Training'

27-02-2025T17:34:59 - [MESSAGE][PASSED] - Text 'Online classes from Hillsdale' is set on object 'Object Repository/Journey Candidate Profile/Tabs/Spouse Experience/textarea_Spouse Describe Bible Training'

27-02-2025T17:34:59 - [MESSAGE][PASSED] - Call Test Case 'Test Cases/_Functions/Perform Action' successfully

27-02-2025T17:34:59 - [TEST_STEP][PASSED] - if (varSpouse_cross_cultural_experience != null): Call Test Case 'Test Cases/_Functions/Perform Action' successfully

27-02-2025T17:34:59 - [TEST_STEP][PASSED] - object = "Object Repository/Journey Candidate Profile/Tabs/Spouse Experience/select_Spouse Cross-Cultural Experience": null

27-02-2025T17:34:59 - [TEST_STEP][PASSED] - callTestCase(findTestCase("_Functions/Perform Action"), ["varAction":"selectOptionByValue", "varObject":object, "varParm1":varSpouse_cross_cultural_experience], STOP_ON_FAILURE): Call Test Case 'Test Cases/_Functions/Perform Action' successfully

27-02-2025T17:35:00 - [TEST_CASE][PASSED] - Test Cases/_Functions/Perform Action: Test Cases/_Functions/Perform Action

27-02-2025T17:35:00 - [TEST_STEP][PASSED] - action = varAction: null

27-02-2025T17:35:00 - [TEST_STEP][PASSED] - println(action): null

27-02-2025T17:35:00 - [TEST_STEP][PASSED] - testObject = varObject: null

27-02-2025T17:35:00 - [TEST_STEP][PASSED] - println(testObject): null

27-02-2025T17:35:00 - [TEST_STEP][PASSED] - parm1 = varParm1: null

27-02-2025T17:35:00 - [TEST_STEP][PASSED] - println(parm1): null

27-02-2025T17:35:00 - [TEST_STEP][PASSED] - println("Converting " + testObject + " to web element"): null

27-02-2025T17:35:00 - [TEST_STEP][PASSED] - element = findWebElement(findTestObject(testObject), 1): null

27-02-2025T17:35:00 - [TEST_STEP][PASSED] - loc = element.getLocation(): null

27-02-2025T17:35:00 - [TEST_STEP][PASSED] - y = loc.getY(): null

27-02-2025T17:35:00 - [TEST_STEP][PASSED] - println("Y location is " + y): null

27-02-2025T17:35:00 - [TEST_STEP][PASSED] - top = getViewportTopPosition(): Current viewport's top (y) position is 305

27-02-2025T17:35:00 - [MESSAGE][PASSED] - Current viewport's top (y) position is 305

27-02-2025T17:35:00 - [TEST_STEP][PASSED] - println("Viewport top is " + top): null

27-02-2025T17:35:00 - [TEST_STEP][PASSED] - bottom = top + 600: null

27-02-2025T17:35:00 - [TEST_STEP][PASSED] - if (y - top < 150 || bottom - y < 10): null

27-02-2025T17:35:00 - [TEST_STEP][PASSED] - if (action == "click"): null

27-02-2025T17:35:00 - [TEST_STEP][PASSED] - else if (action == "selectOptionByValue"): All options with value 'Not served in a culture other than my own' are selected in object 'Object Repository/Journey Candidate Profile/Tabs/Spouse Experience/select_Spouse Cross-Cultural Experience' 

27-02-2025T17:35:00 - [TEST_STEP][PASSED] - println("Selecting " + parm1): null

27-02-2025T17:35:00 - [TEST_STEP][PASSED] - selectOptionByValue(findTestObject(testObject), parm1, false): All options with value 'Not served in a culture other than my own' are selected in object 'Object Repository/Journey Candidate Profile/Tabs/Spouse Experience/select_Spouse Cross-Cultural Experience' 

27-02-2025T17:35:00 - [MESSAGE][PASSED] - All options with value 'Not served in a culture other than my own' are selected in object 'Object Repository/Journey Candidate Profile/Tabs/Spouse Experience/select_Spouse Cross-Cultural Experience' 

27-02-2025T17:35:00 - [MESSAGE][PASSED] - Call Test Case 'Test Cases/_Functions/Perform Action' successfully

27-02-2025T17:35:00 - [TEST_STEP][PASSED] - if (varSpouse_attended_perspectives != null): Call Test Case 'Test Cases/_Functions/Perform Action' successfully

27-02-2025T17:35:00 - [TEST_STEP][PASSED] - object = "Object Repository/Journey Candidate Profile/Tabs/Spouse Experience/select_Spouse Attended Perspectives": null

27-02-2025T17:35:00 - [TEST_STEP][PASSED] - callTestCase(findTestCase("_Functions/Perform Action"), ["varAction":"selectOptionByValue", "varObject":object, "varParm1":varSpouse_attended_perspectives], STOP_ON_FAILURE): Call Test Case 'Test Cases/_Functions/Perform Action' successfully

27-02-2025T17:35:00 - [TEST_CASE][PASSED] - Test Cases/_Functions/Perform Action: Test Cases/_Functions/Perform Action

27-02-2025T17:35:00 - [TEST_STEP][PASSED] - action = varAction: null

27-02-2025T17:35:00 - [TEST_STEP][PASSED] - println(action): null

27-02-2025T17:35:00 - [TEST_STEP][PASSED] - testObject = varObject: null

27-02-2025T17:35:00 - [TEST_STEP][PASSED] - println(testObject): null

27-02-2025T17:35:00 - [TEST_STEP][PASSED] - parm1 = varParm1: null

27-02-2025T17:35:00 - [TEST_STEP][PASSED] - println(parm1): null

27-02-2025T17:35:00 - [TEST_STEP][PASSED] - println("Converting " + testObject + " to web element"): null

27-02-2025T17:35:00 - [TEST_STEP][PASSED] - element = findWebElement(findTestObject(testObject), 1): null

27-02-2025T17:35:00 - [TEST_STEP][PASSED] - loc = element.getLocation(): null

27-02-2025T17:35:00 - [TEST_STEP][PASSED] - y = loc.getY(): null

27-02-2025T17:35:00 - [TEST_STEP][PASSED] - println("Y location is " + y): null

27-02-2025T17:35:00 - [TEST_STEP][PASSED] - top = getViewportTopPosition(): Current viewport's top (y) position is 305

27-02-2025T17:35:00 - [MESSAGE][PASSED] - Current viewport's top (y) position is 305

27-02-2025T17:35:00 - [TEST_STEP][PASSED] - println("Viewport top is " + top): null

27-02-2025T17:35:00 - [TEST_STEP][PASSED] - bottom = top + 600: null

27-02-2025T17:35:00 - [TEST_STEP][PASSED] - if (y - top < 150 || bottom - y < 10): Delayed 1 second(s)

27-02-2025T17:35:00 - [TEST_STEP][PASSED] - scrollToPosition(0, y - 150): Browser is scrolled to position x = 0, y = 793

27-02-2025T17:35:00 - [MESSAGE][PASSED] - Browser is scrolled to position x = 0, y = 793

27-02-2025T17:35:00 - [TEST_STEP][PASSED] - delay(1): Delayed 1 second(s)

27-02-2025T17:35:01 - [MESSAGE][PASSED] - Delayed 1 second(s)

27-02-2025T17:35:01 - [TEST_STEP][PASSED] - if (action == "click"): null

27-02-2025T17:35:01 - [TEST_STEP][PASSED] - else if (action == "selectOptionByValue"): All options with value 'I am planning to take the Perspectives Course' are selected in object 'Object Repository/Journey Candidate Profile/Tabs/Spouse Experience/select_Spouse Attended Perspectives' 

27-02-2025T17:35:01 - [TEST_STEP][PASSED] - println("Selecting " + parm1): null

27-02-2025T17:35:01 - [TEST_STEP][PASSED] - selectOptionByValue(findTestObject(testObject), parm1, false): All options with value 'I am planning to take the Perspectives Course' are selected in object 'Object Repository/Journey Candidate Profile/Tabs/Spouse Experience/select_Spouse Attended Perspectives' 

27-02-2025T17:35:01 - [MESSAGE][PASSED] - All options with value 'I am planning to take the Perspectives Course' are selected in object 'Object Repository/Journey Candidate Profile/Tabs/Spouse Experience/select_Spouse Attended Perspectives' 

27-02-2025T17:35:01 - [MESSAGE][PASSED] - Call Test Case 'Test Cases/_Functions/Perform Action' successfully

27-02-2025T17:35:01 - [TEST_STEP][PASSED] - if (varSpouse_experience != null): Call Test Case 'Test Cases/_Functions/Perform Action' successfully

27-02-2025T17:35:01 - [TEST_STEP][PASSED] - object = "Object Repository/Journey Candidate Profile/Tabs/Spouse Experience/textarea_Spouse Experience": null

27-02-2025T17:35:01 - [TEST_STEP][PASSED] - callTestCase(findTestCase("_Functions/Perform Action"), ["varAction":"setText", "varObject":object, "varParm1":varSpouse_experience], STOP_ON_FAILURE): Call Test Case 'Test Cases/_Functions/Perform Action' successfully

27-02-2025T17:35:01 - [TEST_CASE][PASSED] - Test Cases/_Functions/Perform Action: Test Cases/_Functions/Perform Action

27-02-2025T17:35:01 - [TEST_STEP][PASSED] - action = varAction: null

27-02-2025T17:35:01 - [TEST_STEP][PASSED] - println(action): null

27-02-2025T17:35:01 - [TEST_STEP][PASSED] - testObject = varObject: null

27-02-2025T17:35:01 - [TEST_STEP][PASSED] - println(testObject): null

27-02-2025T17:35:01 - [TEST_STEP][PASSED] - parm1 = varParm1: null

27-02-2025T17:35:01 - [TEST_STEP][PASSED] - println(parm1): null

27-02-2025T17:35:01 - [TEST_STEP][PASSED] - println("Converting " + testObject + " to web element"): null

27-02-2025T17:35:01 - [TEST_STEP][PASSED] - element = findWebElement(findTestObject(testObject), 1): null

27-02-2025T17:35:01 - [TEST_STEP][PASSED] - loc = element.getLocation(): null

27-02-2025T17:35:01 - [TEST_STEP][PASSED] - y = loc.getY(): null

27-02-2025T17:35:01 - [TEST_STEP][PASSED] - println("Y location is " + y): null

27-02-2025T17:35:01 - [TEST_STEP][PASSED] - top = getViewportTopPosition(): Current viewport's top (y) position is 742

27-02-2025T17:35:01 - [MESSAGE][PASSED] - Current viewport's top (y) position is 742

27-02-2025T17:35:01 - [TEST_STEP][PASSED] - println("Viewport top is " + top): null

27-02-2025T17:35:01 - [TEST_STEP][PASSED] - bottom = top + 600: null

27-02-2025T17:35:01 - [TEST_STEP][PASSED] - if (y - top < 150 || bottom - y < 10): null

27-02-2025T17:35:01 - [TEST_STEP][PASSED] - if (action == "click"): null

27-02-2025T17:35:01 - [TEST_STEP][PASSED] - else if (action == "selectOptionByValue"): null

27-02-2025T17:35:01 - [TEST_STEP][PASSED] - else if (action == "setText"): Text 'Sunday School teacher' is set on object 'Object Repository/Journey Candidate Profile/Tabs/Spouse Experience/textarea_Spouse Experience'

27-02-2025T17:35:01 - [TEST_STEP][PASSED] - println("Setting text " + parm1): null

27-02-2025T17:35:01 - [TEST_STEP][PASSED] - setText(findTestObject(testObject), parm1): Text 'Sunday School teacher' is set on object 'Object Repository/Journey Candidate Profile/Tabs/Spouse Experience/textarea_Spouse Experience'

27-02-2025T17:35:01 - [MESSAGE][PASSED] - Text 'Sunday School teacher' is set on object 'Object Repository/Journey Candidate Profile/Tabs/Spouse Experience/textarea_Spouse Experience'

27-02-2025T17:35:01 - [MESSAGE][PASSED] - Call Test Case 'Test Cases/_Functions/Perform Action' successfully

27-02-2025T17:35:01 - [TEST_STEP][PASSED] - callTestCase(findTestCase("_Functions/Click on Group Elements"), ["varXpaths":xpaths, "varParms":parms], STOP_ON_FAILURE): Call Test Case 'Test Cases/_Functions/Click on Group Elements' successfully

27-02-2025T17:35:01 - [TEST_CASE][PASSED] - Test Cases/_Functions/Click on Group Elements: Test Cases/_Functions/Click on Group Elements

27-02-2025T17:35:01 - [TEST_STEP][PASSED] - debug = false: null

27-02-2025T17:35:01 - [TEST_STEP][PASSED] - toggle = true: null

27-02-2025T17:35:01 - [TEST_STEP][PASSED] - frame = new javax.swing.JFrame(): null

27-02-2025T17:35:01 - [TEST_STEP][PASSED] - p = new javax.swing.JPanel(): null

27-02-2025T17:35:01 - [TEST_STEP][PASSED] - l = new javax.swing.JLabel(Making user selections..., javax.swing.SwingConstants.CENTER): null

27-02-2025T17:35:01 - [TEST_STEP][PASSED] - frame.add(l): null

27-02-2025T17:35:01 - [TEST_STEP][PASSED] - frame.setSize(300, 100): null

27-02-2025T17:35:01 - [TEST_STEP][PASSED] - frame.setLocation(600, 0): null

27-02-2025T17:35:01 - [TEST_STEP][PASSED] - frame.setAlwaysOnTop(true): null

27-02-2025T17:35:01 - [TEST_STEP][PASSED] - frame.show(): null

27-02-2025T17:35:01 - [TEST_STEP][PASSED] - driver = getWebDriver(): null

27-02-2025T17:35:01 - [TEST_STEP][PASSED] - println(varParms): null

27-02-2025T17:35:01 - [TEST_STEP][PASSED] - for ([i = 0, i < varXpaths.size(), (i++)]): null

27-02-2025T17:35:01 - [TEST_STEP][PASSED] - if (debug): null

27-02-2025T17:35:01 - [TEST_STEP][PASSED] - if (varParms[i].indexOf("Europe") >= 0): null

27-02-2025T17:35:01 - [TEST_STEP][PASSED] - elements = driver.findElements(By.xpath(varXpaths[i])): null

27-02-2025T17:35:01 - [TEST_STEP][PASSED] - element_count = elements.size(): null

27-02-2025T17:35:01 - [TEST_STEP][PASSED] - for (def element : elements): null

27-02-2025T17:35:01 - [TEST_STEP][PASSED] - myValue = element.getAttribute("value"): null

27-02-2025T17:35:01 - [TEST_STEP][PASSED] - if (debug): null

27-02-2025T17:35:01 - [TEST_STEP][PASSED] - if (myValue.length() >= 4): null

27-02-2025T17:35:01 - [TEST_STEP][PASSED] - if (myValue.substring(0, 4) == "(!) "): null

27-02-2025T17:35:01 - [TEST_STEP][PASSED] - myType = element.getAttribute("type"): null

27-02-2025T17:35:01 - [TEST_STEP][PASSED] - if (myValue in varParms[i]): null

27-02-2025T17:35:01 - [TEST_STEP][PASSED] - else: null

27-02-2025T17:35:01 - [TEST_STEP][PASSED] - inList = false: null

27-02-2025T17:35:01 - [TEST_STEP][PASSED] - if (myType == "checkbox"): null

27-02-2025T17:35:01 - [TEST_STEP][PASSED] - else: null

27-02-2025T17:35:01 - [TEST_STEP][PASSED] - if (inList): null

27-02-2025T17:35:01 - [TEST_STEP][PASSED] - myValue = element.getAttribute("value"): null

27-02-2025T17:35:01 - [TEST_STEP][PASSED] - if (debug): null

27-02-2025T17:35:01 - [TEST_STEP][PASSED] - if (myValue.length() >= 4): null

27-02-2025T17:35:01 - [TEST_STEP][PASSED] - if (myValue.substring(0, 4) == "(!) "): null

27-02-2025T17:35:01 - [TEST_STEP][PASSED] - myType = element.getAttribute("type"): null

27-02-2025T17:35:01 - [TEST_STEP][PASSED] - if (myValue in varParms[i]): null

27-02-2025T17:35:01 - [TEST_STEP][PASSED] - else: null

27-02-2025T17:35:01 - [TEST_STEP][PASSED] - inList = false: null

27-02-2025T17:35:01 - [TEST_STEP][PASSED] - if (myType == "checkbox"): null

27-02-2025T17:35:01 - [TEST_STEP][PASSED] - else: null

27-02-2025T17:35:01 - [TEST_STEP][PASSED] - if (inList): null

27-02-2025T17:35:01 - [TEST_STEP][PASSED] - myValue = element.getAttribute("value"): null

27-02-2025T17:35:01 - [TEST_STEP][PASSED] - if (debug): null

27-02-2025T17:35:01 - [TEST_STEP][PASSED] - if (myValue.length() >= 4): null

27-02-2025T17:35:01 - [TEST_STEP][PASSED] - if (myValue.substring(0, 4) == "(!) "): null

27-02-2025T17:35:01 - [TEST_STEP][PASSED] - myType = element.getAttribute("type"): null

27-02-2025T17:35:01 - [TEST_STEP][PASSED] - if (myValue in varParms[i]): null

27-02-2025T17:35:01 - [TEST_STEP][PASSED] - inList = true: null

27-02-2025T17:35:01 - [TEST_STEP][PASSED] - if (myType == "checkbox"): null

27-02-2025T17:35:01 - [TEST_STEP][PASSED] - else: null

27-02-2025T17:35:01 - [TEST_STEP][PASSED] - if (inList): null

27-02-2025T17:35:01 - [TEST_STEP][PASSED] - click(element): null

27-02-2025T17:35:01 - [TEST_STEP][PASSED] - scrollToObject(elem): null

27-02-2025T17:35:01 - [TEST_STEP][PASSED] - loc = element.getLocation(): null

27-02-2025T17:35:01 - [TEST_STEP][PASSED] - if (debug): null

27-02-2025T17:35:01 - [TEST_STEP][PASSED] - y = loc.getY(): null

27-02-2025T17:35:01 - [TEST_STEP][PASSED] - println("Y location is " + y): null

27-02-2025T17:35:01 - [TEST_STEP][PASSED] - top = getViewportTopPosition(): Current viewport's top (y) position is 742

27-02-2025T17:35:01 - [MESSAGE][PASSED] - Current viewport's top (y) position is 742

27-02-2025T17:35:01 - [TEST_STEP][PASSED] - println("Viewport top is " + top): null

27-02-2025T17:35:01 - [TEST_STEP][PASSED] - bottom = top + 600: null

27-02-2025T17:35:01 - [TEST_STEP][PASSED] - if (y - top < 150 || bottom - y < 10): Delayed 1 second(s)

27-02-2025T17:35:01 - [TEST_STEP][PASSED] - scrollToPosition(0, y - 150): Browser is scrolled to position x = 0, y = 540

27-02-2025T17:35:01 - [MESSAGE][PASSED] - Browser is scrolled to position x = 0, y = 540

27-02-2025T17:35:01 - [TEST_STEP][PASSED] - delay(1): Delayed 1 second(s)

27-02-2025T17:35:02 - [MESSAGE][PASSED] - Delayed 1 second(s)

27-02-2025T17:35:02 - [TEST_STEP][PASSED] - elem.click(): null

27-02-2025T17:35:02 - [TEST_STEP][PASSED] - myValue = element.getAttribute("value"): null

27-02-2025T17:35:02 - [TEST_STEP][PASSED] - if (debug): null

27-02-2025T17:35:02 - [TEST_STEP][PASSED] - if (myValue.length() >= 4): null

27-02-2025T17:35:02 - [TEST_STEP][PASSED] - if (myValue.substring(0, 4) == "(!) "): null

27-02-2025T17:35:02 - [TEST_STEP][PASSED] - myType = element.getAttribute("type"): null

27-02-2025T17:35:02 - [TEST_STEP][PASSED] - if (myValue in varParms[i]): null

27-02-2025T17:35:02 - [TEST_STEP][PASSED] - else: null

27-02-2025T17:35:02 - [TEST_STEP][PASSED] - inList = false: null

27-02-2025T17:35:02 - [TEST_STEP][PASSED] - if (myType == "checkbox"): null

27-02-2025T17:35:02 - [TEST_STEP][PASSED] - else: null

27-02-2025T17:35:02 - [TEST_STEP][PASSED] - if (inList): null

27-02-2025T17:35:02 - [TEST_STEP][PASSED] - myValue = element.getAttribute("value"): null

27-02-2025T17:35:02 - [TEST_STEP][PASSED] - if (debug): null

27-02-2025T17:35:02 - [TEST_STEP][PASSED] - if (myValue.length() >= 4): null

27-02-2025T17:35:02 - [TEST_STEP][PASSED] - if (myValue.substring(0, 4) == "(!) "): null

27-02-2025T17:35:02 - [TEST_STEP][PASSED] - myType = element.getAttribute("type"): null

27-02-2025T17:35:02 - [TEST_STEP][PASSED] - if (myValue in varParms[i]): null

27-02-2025T17:35:02 - [TEST_STEP][PASSED] - else: null

27-02-2025T17:35:02 - [TEST_STEP][PASSED] - inList = false: null

27-02-2025T17:35:02 - [TEST_STEP][PASSED] - if (myType == "checkbox"): null

27-02-2025T17:35:02 - [TEST_STEP][PASSED] - else: null

27-02-2025T17:35:02 - [TEST_STEP][PASSED] - if (inList): null

27-02-2025T17:35:02 - [TEST_STEP][PASSED] - if (debug): null

27-02-2025T17:35:02 - [TEST_STEP][PASSED] - if (varParms[i].indexOf("Europe") >= 0): null

27-02-2025T17:35:02 - [TEST_STEP][PASSED] - elements = driver.findElements(By.xpath(varXpaths[i])): null

27-02-2025T17:35:02 - [TEST_STEP][PASSED] - element_count = elements.size(): null

27-02-2025T17:35:02 - [TEST_STEP][PASSED] - for (def element : elements): null

27-02-2025T17:35:02 - [TEST_STEP][PASSED] - myValue = element.getAttribute("value"): null

27-02-2025T17:35:02 - [TEST_STEP][PASSED] - if (debug): null

27-02-2025T17:35:02 - [TEST_STEP][PASSED] - if (myValue.length() >= 4): null

27-02-2025T17:35:02 - [TEST_STEP][PASSED] - if (myValue.substring(0, 4) == "(!) "): null

27-02-2025T17:35:02 - [TEST_STEP][PASSED] - myType = element.getAttribute("type"): null

27-02-2025T17:35:02 - [TEST_STEP][PASSED] - if (myValue in varParms[i]): null

27-02-2025T17:35:02 - [TEST_STEP][PASSED] - inList = true: null

27-02-2025T17:35:02 - [TEST_STEP][PASSED] - if (myType == "checkbox"): null

27-02-2025T17:35:02 - [TEST_STEP][PASSED] - myStatus = element.isSelected(): null

27-02-2025T17:35:02 - [TEST_STEP][PASSED] - if (debug): null

27-02-2025T17:35:02 - [TEST_STEP][PASSED] - if (toggle && myStatus && inList): null

27-02-2025T17:35:02 - [TEST_STEP][PASSED] - if (!(myStatus) && inList || myStatus && !(inList)): null

27-02-2025T17:35:02 - [TEST_STEP][PASSED] - if (debug): null

27-02-2025T17:35:02 - [TEST_STEP][PASSED] - println("Clicking " + myValue): null

27-02-2025T17:35:02 - [TEST_STEP][PASSED] - click(element): null

27-02-2025T17:35:02 - [TEST_STEP][PASSED] - scrollToObject(elem): null

27-02-2025T17:35:02 - [TEST_STEP][PASSED] - loc = element.getLocation(): null

27-02-2025T17:35:02 - [TEST_STEP][PASSED] - if (debug): null

27-02-2025T17:35:02 - [TEST_STEP][PASSED] - y = loc.getY(): null

27-02-2025T17:35:02 - [TEST_STEP][PASSED] - println("Y location is " + y): null

27-02-2025T17:35:02 - [TEST_STEP][PASSED] - top = getViewportTopPosition(): Current viewport's top (y) position is 540

27-02-2025T17:35:02 - [MESSAGE][PASSED] - Current viewport's top (y) position is 540

27-02-2025T17:35:02 - [TEST_STEP][PASSED] - println("Viewport top is " + top): null

27-02-2025T17:35:02 - [TEST_STEP][PASSED] - bottom = top + 600: null

27-02-2025T17:35:02 - [TEST_STEP][PASSED] - if (y - top < 150 || bottom - y < 10): null

27-02-2025T17:35:02 - [TEST_STEP][PASSED] - elem.click(): null

27-02-2025T17:35:02 - [TEST_STEP][PASSED] - myValue = element.getAttribute("value"): null

27-02-2025T17:35:02 - [TEST_STEP][PASSED] - if (debug): null

27-02-2025T17:35:02 - [TEST_STEP][PASSED] - if (myValue.length() >= 4): null

27-02-2025T17:35:02 - [TEST_STEP][PASSED] - if (myValue.substring(0, 4) == "(!) "): null

27-02-2025T17:35:02 - [TEST_STEP][PASSED] - myType = element.getAttribute("type"): null

27-02-2025T17:35:02 - [TEST_STEP][PASSED] - if (myValue in varParms[i]): null

27-02-2025T17:35:02 - [TEST_STEP][PASSED] - else: null

27-02-2025T17:35:02 - [TEST_STEP][PASSED] - inList = false: null

27-02-2025T17:35:02 - [TEST_STEP][PASSED] - if (myType == "checkbox"): null

27-02-2025T17:35:02 - [TEST_STEP][PASSED] - myStatus = element.isSelected(): null

27-02-2025T17:35:02 - [TEST_STEP][PASSED] - if (debug): null

27-02-2025T17:35:02 - [TEST_STEP][PASSED] - if (toggle && myStatus && inList): null

27-02-2025T17:35:02 - [TEST_STEP][PASSED] - if (!(myStatus) && inList || myStatus && !(inList)): null

27-02-2025T17:35:02 - [TEST_STEP][PASSED] - myValue = element.getAttribute("value"): null

27-02-2025T17:35:02 - [TEST_STEP][PASSED] - if (debug): null

27-02-2025T17:35:02 - [TEST_STEP][PASSED] - if (myValue.length() >= 4): null

27-02-2025T17:35:02 - [TEST_STEP][PASSED] - if (myValue.substring(0, 4) == "(!) "): null

27-02-2025T17:35:02 - [TEST_STEP][PASSED] - myType = element.getAttribute("type"): null

27-02-2025T17:35:02 - [TEST_STEP][PASSED] - if (myValue in varParms[i]): null

27-02-2025T17:35:02 - [TEST_STEP][PASSED] - else: null

27-02-2025T17:35:02 - [TEST_STEP][PASSED] - inList = false: null

27-02-2025T17:35:02 - [TEST_STEP][PASSED] - if (myType == "checkbox"): null

27-02-2025T17:35:02 - [TEST_STEP][PASSED] - myStatus = element.isSelected(): null

27-02-2025T17:35:02 - [TEST_STEP][PASSED] - if (debug): null

27-02-2025T17:35:02 - [TEST_STEP][PASSED] - if (toggle && myStatus && inList): null

27-02-2025T17:35:02 - [TEST_STEP][PASSED] - if (!(myStatus) && inList || myStatus && !(inList)): null

27-02-2025T17:35:02 - [TEST_STEP][PASSED] - myValue = element.getAttribute("value"): null

27-02-2025T17:35:02 - [TEST_STEP][PASSED] - if (debug): null

27-02-2025T17:35:02 - [TEST_STEP][PASSED] - if (myValue.length() >= 4): null

27-02-2025T17:35:02 - [TEST_STEP][PASSED] - if (myValue.substring(0, 4) == "(!) "): null

27-02-2025T17:35:02 - [TEST_STEP][PASSED] - myType = element.getAttribute("type"): null

27-02-2025T17:35:02 - [TEST_STEP][PASSED] - if (myValue in varParms[i]): null

27-02-2025T17:35:02 - [TEST_STEP][PASSED] - else: null

27-02-2025T17:35:02 - [TEST_STEP][PASSED] - inList = false: null

27-02-2025T17:35:02 - [TEST_STEP][PASSED] - if (myType == "checkbox"): null

27-02-2025T17:35:02 - [TEST_STEP][PASSED] - myStatus = element.isSelected(): null

27-02-2025T17:35:02 - [TEST_STEP][PASSED] - if (debug): null

27-02-2025T17:35:02 - [TEST_STEP][PASSED] - if (toggle && myStatus && inList): null

27-02-2025T17:35:02 - [TEST_STEP][PASSED] - if (!(myStatus) && inList || myStatus && !(inList)): null

27-02-2025T17:35:02 - [TEST_STEP][PASSED] - frame.dispose(): null

27-02-2025T17:35:02 - [MESSAGE][PASSED] - Call Test Case 'Test Cases/_Functions/Click on Group Elements' successfully

27-02-2025T17:35:02 - [TEST_STEP][PASSED] - object = "Journey Candidate Profile/Tabs/btn_Complete Submit": null

27-02-2025T17:35:02 - [TEST_STEP][PASSED] - callTestCase(findTestCase("_Functions/Perform Action"), ["varAction":"click", "varObject":object], STOP_ON_FAILURE): Call Test Case 'Test Cases/_Functions/Perform Action' successfully

27-02-2025T17:35:02 - [TEST_CASE][PASSED] - Test Cases/_Functions/Perform Action: Test Cases/_Functions/Perform Action

27-02-2025T17:35:02 - [TEST_STEP][PASSED] - action = varAction: null

27-02-2025T17:35:02 - [TEST_STEP][PASSED] - println(action): null

27-02-2025T17:35:02 - [TEST_STEP][PASSED] - testObject = varObject: null

27-02-2025T17:35:02 - [TEST_STEP][PASSED] - println(testObject): null

27-02-2025T17:35:02 - [TEST_STEP][PASSED] - parm1 = varParm1: null

27-02-2025T17:35:02 - [TEST_STEP][PASSED] - println(parm1): null

27-02-2025T17:35:02 - [TEST_STEP][PASSED] - println("Converting " + testObject + " to web element"): null

27-02-2025T17:35:02 - [TEST_STEP][PASSED] - element = findWebElement(findTestObject(testObject), 1): null

27-02-2025T17:35:02 - [TEST_STEP][PASSED] - loc = element.getLocation(): null

27-02-2025T17:35:02 - [TEST_STEP][PASSED] - y = loc.getY(): null

27-02-2025T17:35:02 - [TEST_STEP][PASSED] - println("Y location is " + y): null

27-02-2025T17:35:02 - [TEST_STEP][PASSED] - top = getViewportTopPosition(): Current viewport's top (y) position is 540

27-02-2025T17:35:02 - [MESSAGE][PASSED] - Current viewport's top (y) position is 540

27-02-2025T17:35:02 - [TEST_STEP][PASSED] - println("Viewport top is " + top): null

27-02-2025T17:35:02 - [TEST_STEP][PASSED] - bottom = top + 600: null

27-02-2025T17:35:02 - [TEST_STEP][PASSED] - if (y - top < 150 || bottom - y < 10): null

27-02-2025T17:35:02 - [TEST_STEP][PASSED] - if (action == "click"): Object: 'Object Repository/Journey Candidate Profile/Tabs/btn_Complete Submit' is clicked on

27-02-2025T17:35:02 - [TEST_STEP][PASSED] - println("clicking"): null

27-02-2025T17:35:02 - [TEST_STEP][PASSED] - click(findTestObject(testObject)): Object: 'Object Repository/Journey Candidate Profile/Tabs/btn_Complete Submit' is clicked on

27-02-2025T17:35:05 - [MESSAGE][PASSED] - Object: 'Object Repository/Journey Candidate Profile/Tabs/btn_Complete Submit' is clicked on

27-02-2025T17:35:05 - [MESSAGE][PASSED] - Call Test Case 'Test Cases/_Functions/Perform Action' successfully

27-02-2025T17:35:05 - [MESSAGE][PASSED] - Call Test Case 'Test Cases/Journey Candidate Profile/Tabs/Set Spouse Experience' successfully

27-02-2025T17:35:05 - [TEST_STEP][PASSED] - if (pages.size() == 0 || "All" in pages || "Spouse Ministry Prefs" in pages): Call Test Case 'Test Cases/Journey Candidate Profile/Tabs/Set Spouse Ministry Prefs' successfully

27-02-2025T17:35:05 - [TEST_STEP][PASSED] - if (!(fastPath)): Call Test Case 'Test Cases/_Functions/Get Selections from CSV File' successfully

27-02-2025T17:35:05 - [TEST_STEP][PASSED] - click(findTestObject("Object Repository/Journey Candidate Profile/Tabs/a_Spouse Ministry Prefs")): Object: 'Object Repository/Journey Candidate Profile/Tabs/a_Spouse Ministry Prefs' is clicked on

27-02-2025T17:35:05 - [MESSAGE][PASSED] - Object: 'Object Repository/Journey Candidate Profile/Tabs/a_Spouse Ministry Prefs' is clicked on

27-02-2025T17:35:05 - [TEST_STEP][PASSED] - positions = callTestCase(findTestCase("_Functions/Get Selections from CSV File"), ["varFileName":"Journey Candidate Forms/spouse ministry prefs.csv", "varSelections":"Spouse Preferred Position(s)"], STOP_ON_FAILURE): Call Test Case 'Test Cases/_Functions/Get Selections from CSV File' successfully

27-02-2025T17:35:05 - [TEST_CASE][PASSED] - Test Cases/_Functions/Get Selections from CSV File: Test Cases/_Functions/Get Selections from CSV File

27-02-2025T17:35:05 - [TEST_STEP][PASSED] - if (fastPath): null

27-02-2025T17:35:05 - [TEST_STEP][PASSED] - reader = <not implemented yet for class: org.codehaus.groovy.ast.expr.EmptyExpression>: null

27-02-2025T17:35:05 - [TEST_STEP][PASSED] - checked = []: null

27-02-2025T17:35:05 - [TEST_STEP][PASSED] - reader = new java.io.BufferedReader(new java.io.FileReader((/Users/cckozie/git/MissionNext-Katalon-Koz/Data Files/ + varFileName))): null

27-02-2025T17:35:05 - [TEST_STEP][PASSED] - line = reader.readLine(): null

27-02-2025T17:35:05 - [TEST_STEP][PASSED] - include = false: null

27-02-2025T17:35:05 - [TEST_STEP][PASSED] - frame = new javax.swing.JFrame(): null

27-02-2025T17:35:05 - [TEST_STEP][PASSED] - p = new javax.swing.JPanel(): null

27-02-2025T17:35:05 - [TEST_STEP][PASSED] - l = new javax.swing.JLabel(Loading selections from file..., javax.swing.SwingConstants.CENTER): null

27-02-2025T17:35:05 - [TEST_STEP][PASSED] - frame.add(l): null

27-02-2025T17:35:05 - [TEST_STEP][PASSED] - frame.setSize(300, 100): null

27-02-2025T17:35:05 - [TEST_STEP][PASSED] - frame.setLocation(600, 0): null

27-02-2025T17:35:05 - [TEST_STEP][PASSED] - frame.setAlwaysOnTop(true): null

27-02-2025T17:35:05 - [TEST_STEP][PASSED] - frame.show(): null

27-02-2025T17:35:05 - [TEST_STEP][PASSED] - while (line != null): null

27-02-2025T17:35:05 - [TEST_STEP][PASSED] - println(line): null

27-02-2025T17:35:05 - [TEST_STEP][PASSED] - group = line.indexOf("<Group>"): null

27-02-2025T17:35:05 - [TEST_STEP][PASSED] - println(group): null

27-02-2025T17:35:05 - [TEST_STEP][PASSED] - if (group >= 0): null

27-02-2025T17:35:05 - [TEST_STEP][PASSED] - selections = line.substring(group + 7, line.length() - 1): null

27-02-2025T17:35:05 - [TEST_STEP][PASSED] - println(selections): null

27-02-2025T17:35:05 - [TEST_STEP][PASSED] - if (selections == varSelections): null

27-02-2025T17:35:05 - [TEST_STEP][PASSED] - include = true: null

27-02-2025T17:35:05 - [TEST_STEP][PASSED] - line = reader.readLine(): null

27-02-2025T17:35:05 - [TEST_STEP][PASSED] - println(line): null

27-02-2025T17:35:05 - [TEST_STEP][PASSED] - group = line.indexOf("<Group>"): null

27-02-2025T17:35:05 - [TEST_STEP][PASSED] - println(group): null

27-02-2025T17:35:05 - [TEST_STEP][PASSED] - if (group >= 0): null

27-02-2025T17:35:05 - [TEST_STEP][PASSED] - else: null

27-02-2025T17:35:05 - [TEST_STEP][PASSED] - if (include): null

27-02-2025T17:35:05 - [TEST_STEP][PASSED] - println(line): null

27-02-2025T17:35:05 - [TEST_STEP][PASSED] - comma = line.indexOf(",y"): null

27-02-2025T17:35:05 - [TEST_STEP][PASSED] - if (comma > 0): null

27-02-2025T17:35:05 - [TEST_STEP][PASSED] - line = reader.readLine(): null

27-02-2025T17:35:05 - [TEST_STEP][PASSED] - println(line): null

27-02-2025T17:35:05 - [TEST_STEP][PASSED] - group = line.indexOf("<Group>"): null

27-02-2025T17:35:05 - [TEST_STEP][PASSED] - println(group): null

27-02-2025T17:35:05 - [TEST_STEP][PASSED] - if (group >= 0): null

27-02-2025T17:35:05 - [TEST_STEP][PASSED] - else: null

27-02-2025T17:35:05 - [TEST_STEP][PASSED] - if (include): null

27-02-2025T17:35:05 - [TEST_STEP][PASSED] - println(line): null

27-02-2025T17:35:05 - [TEST_STEP][PASSED] - comma = line.indexOf(",y"): null

27-02-2025T17:35:05 - [TEST_STEP][PASSED] - if (comma > 0): null

27-02-2025T17:35:05 - [TEST_STEP][PASSED] - line = reader.readLine(): null

27-02-2025T17:35:05 - [TEST_STEP][PASSED] - println(line): null

27-02-2025T17:35:05 - [TEST_STEP][PASSED] - group = line.indexOf("<Group>"): null

27-02-2025T17:35:05 - [TEST_STEP][PASSED] - println(group): null

27-02-2025T17:35:05 - [TEST_STEP][PASSED] - if (group >= 0): null

27-02-2025T17:35:05 - [TEST_STEP][PASSED] - else: null

27-02-2025T17:35:05 - [TEST_STEP][PASSED] - if (include): null

27-02-2025T17:35:05 - [TEST_STEP][PASSED] - println(line): null

27-02-2025T17:35:05 - [TEST_STEP][PASSED] - comma = line.indexOf(",y"): null

27-02-2025T17:35:05 - [TEST_STEP][PASSED] - if (comma > 0): null

27-02-2025T17:35:05 - [TEST_STEP][PASSED] - line = reader.readLine(): null

27-02-2025T17:35:05 - [TEST_STEP][PASSED] - println(line): null

27-02-2025T17:35:05 - [TEST_STEP][PASSED] - group = line.indexOf("<Group>"): null

27-02-2025T17:35:05 - [TEST_STEP][PASSED] - println(group): null

27-02-2025T17:35:05 - [TEST_STEP][PASSED] - if (group >= 0): null

27-02-2025T17:35:05 - [TEST_STEP][PASSED] - else: null

27-02-2025T17:35:05 - [TEST_STEP][PASSED] - if (include): null

27-02-2025T17:35:05 - [TEST_STEP][PASSED] - println(line): null

27-02-2025T17:35:05 - [TEST_STEP][PASSED] - comma = line.indexOf(",y"): null

27-02-2025T17:35:05 - [TEST_STEP][PASSED] - if (comma > 0): null

27-02-2025T17:35:05 - [TEST_STEP][PASSED] - line = reader.readLine(): null

27-02-2025T17:35:05 - [TEST_STEP][PASSED] - println(line): null

27-02-2025T17:35:05 - [TEST_STEP][PASSED] - group = line.indexOf("<Group>"): null

27-02-2025T17:35:05 - [TEST_STEP][PASSED] - println(group): null

27-02-2025T17:35:05 - [TEST_STEP][PASSED] - if (group >= 0): null

27-02-2025T17:35:05 - [TEST_STEP][PASSED] - else: null

27-02-2025T17:35:05 - [TEST_STEP][PASSED] - if (include): null

27-02-2025T17:35:05 - [TEST_STEP][PASSED] - println(line): null

27-02-2025T17:35:05 - [TEST_STEP][PASSED] - comma = line.indexOf(",y"): null

27-02-2025T17:35:05 - [TEST_STEP][PASSED] - if (comma > 0): null

27-02-2025T17:35:05 - [TEST_STEP][PASSED] - line = reader.readLine(): null

27-02-2025T17:35:05 - [TEST_STEP][PASSED] - println(line): null

27-02-2025T17:35:05 - [TEST_STEP][PASSED] - group = line.indexOf("<Group>"): null

27-02-2025T17:35:05 - [TEST_STEP][PASSED] - println(group): null

27-02-2025T17:35:05 - [TEST_STEP][PASSED] - if (group >= 0): null

27-02-2025T17:35:05 - [TEST_STEP][PASSED] - else: null

27-02-2025T17:35:05 - [TEST_STEP][PASSED] - if (include): null

27-02-2025T17:35:05 - [TEST_STEP][PASSED] - println(line): null

27-02-2025T17:35:05 - [TEST_STEP][PASSED] - comma = line.indexOf(",y"): null

27-02-2025T17:35:05 - [TEST_STEP][PASSED] - if (comma > 0): null

27-02-2025T17:35:05 - [TEST_STEP][PASSED] - line = reader.readLine(): null

27-02-2025T17:35:05 - [TEST_STEP][PASSED] - println(line): null

27-02-2025T17:35:05 - [TEST_STEP][PASSED] - group = line.indexOf("<Group>"): null

27-02-2025T17:35:05 - [TEST_STEP][PASSED] - println(group): null

27-02-2025T17:35:05 - [TEST_STEP][PASSED] - if (group >= 0): null

27-02-2025T17:35:05 - [TEST_STEP][PASSED] - else: null

27-02-2025T17:35:05 - [TEST_STEP][PASSED] - if (include): null

27-02-2025T17:35:05 - [TEST_STEP][PASSED] - println(line): null

27-02-2025T17:35:05 - [TEST_STEP][PASSED] - comma = line.indexOf(",y"): null

27-02-2025T17:35:05 - [TEST_STEP][PASSED] - if (comma > 0): null

27-02-2025T17:35:05 - [TEST_STEP][PASSED] - line = reader.readLine(): null

27-02-2025T17:35:05 - [TEST_STEP][PASSED] - println(line): null

27-02-2025T17:35:05 - [TEST_STEP][PASSED] - group = line.indexOf("<Group>"): null

27-02-2025T17:35:05 - [TEST_STEP][PASSED] - println(group): null

27-02-2025T17:35:05 - [TEST_STEP][PASSED] - if (group >= 0): null

27-02-2025T17:35:05 - [TEST_STEP][PASSED] - else: null

27-02-2025T17:35:05 - [TEST_STEP][PASSED] - if (include): null

27-02-2025T17:35:05 - [TEST_STEP][PASSED] - println(line): null

27-02-2025T17:35:05 - [TEST_STEP][PASSED] - comma = line.indexOf(",y"): null

27-02-2025T17:35:05 - [TEST_STEP][PASSED] - if (comma > 0): null

27-02-2025T17:35:05 - [TEST_STEP][PASSED] - line = reader.readLine(): null

27-02-2025T17:35:05 - [TEST_STEP][PASSED] - println(line): null

27-02-2025T17:35:05 - [TEST_STEP][PASSED] - group = line.indexOf("<Group>"): null

27-02-2025T17:35:05 - [TEST_STEP][PASSED] - println(group): null

27-02-2025T17:35:05 - [TEST_STEP][PASSED] - if (group >= 0): null

27-02-2025T17:35:05 - [TEST_STEP][PASSED] - else: null

27-02-2025T17:35:05 - [TEST_STEP][PASSED] - if (include): null

27-02-2025T17:35:05 - [TEST_STEP][PASSED] - println(line): null

27-02-2025T17:35:05 - [TEST_STEP][PASSED] - comma = line.indexOf(",y"): null

27-02-2025T17:35:05 - [TEST_STEP][PASSED] - if (comma > 0): null

27-02-2025T17:35:05 - [TEST_STEP][PASSED] - line = reader.readLine(): null

27-02-2025T17:35:05 - [TEST_STEP][PASSED] - println(line): null

27-02-2025T17:35:05 - [TEST_STEP][PASSED] - group = line.indexOf("<Group>"): null

27-02-2025T17:35:05 - [TEST_STEP][PASSED] - println(group): null

27-02-2025T17:35:05 - [TEST_STEP][PASSED] - if (group >= 0): null

27-02-2025T17:35:05 - [TEST_STEP][PASSED] - else: null

27-02-2025T17:35:05 - [TEST_STEP][PASSED] - if (include): null

27-02-2025T17:35:05 - [TEST_STEP][PASSED] - println(line): null

27-02-2025T17:35:05 - [TEST_STEP][PASSED] - comma = line.indexOf(",y"): null

27-02-2025T17:35:05 - [TEST_STEP][PASSED] - if (comma > 0): null

27-02-2025T17:35:05 - [TEST_STEP][PASSED] - line = reader.readLine(): null

27-02-2025T17:35:05 - [TEST_STEP][PASSED] - println(line): null

27-02-2025T17:35:05 - [TEST_STEP][PASSED] - group = line.indexOf("<Group>"): null

27-02-2025T17:35:05 - [TEST_STEP][PASSED] - println(group): null

27-02-2025T17:35:05 - [TEST_STEP][PASSED] - if (group >= 0): null

27-02-2025T17:35:05 - [TEST_STEP][PASSED] - else: null

27-02-2025T17:35:05 - [TEST_STEP][PASSED] - if (include): null

27-02-2025T17:35:05 - [TEST_STEP][PASSED] - println(line): null

27-02-2025T17:35:05 - [TEST_STEP][PASSED] - comma = line.indexOf(",y"): null

27-02-2025T17:35:05 - [TEST_STEP][PASSED] - if (comma > 0): null

27-02-2025T17:35:05 - [TEST_STEP][PASSED] - commaCount = StringUtils.countMatches(line, ","): null

27-02-2025T17:35:05 - [TEST_STEP][PASSED] - if (commaCount > 1): null

27-02-2025T17:35:05 - [TEST_STEP][PASSED] - else: null

27-02-2025T17:35:05 - [TEST_STEP][PASSED] - label = line.substring(1, comma): null

27-02-2025T17:35:05 - [TEST_STEP][PASSED] - println(label): null

27-02-2025T17:35:05 - [TEST_STEP][PASSED] - checked.add(label): null

27-02-2025T17:35:05 - [TEST_STEP][PASSED] - line = reader.readLine(): null

27-02-2025T17:35:05 - [TEST_STEP][PASSED] - println(line): null

27-02-2025T17:35:05 - [TEST_STEP][PASSED] - group = line.indexOf("<Group>"): null

27-02-2025T17:35:05 - [TEST_STEP][PASSED] - println(group): null

27-02-2025T17:35:05 - [TEST_STEP][PASSED] - if (group >= 0): null

27-02-2025T17:35:05 - [TEST_STEP][PASSED] - else: null

27-02-2025T17:35:05 - [TEST_STEP][PASSED] - if (include): null

27-02-2025T17:35:05 - [TEST_STEP][PASSED] - println(line): null

27-02-2025T17:35:05 - [TEST_STEP][PASSED] - comma = line.indexOf(",y"): null

27-02-2025T17:35:05 - [TEST_STEP][PASSED] - if (comma > 0): null

27-02-2025T17:35:05 - [TEST_STEP][PASSED] - line = reader.readLine(): null

27-02-2025T17:35:05 - [TEST_STEP][PASSED] - println(line): null

27-02-2025T17:35:05 - [TEST_STEP][PASSED] - group = line.indexOf("<Group>"): null

27-02-2025T17:35:05 - [TEST_STEP][PASSED] - println(group): null

27-02-2025T17:35:05 - [TEST_STEP][PASSED] - if (group >= 0): null

27-02-2025T17:35:05 - [TEST_STEP][PASSED] - else: null

27-02-2025T17:35:05 - [TEST_STEP][PASSED] - if (include): null

27-02-2025T17:35:05 - [TEST_STEP][PASSED] - println(line): null

27-02-2025T17:35:05 - [TEST_STEP][PASSED] - comma = line.indexOf(",y"): null

27-02-2025T17:35:05 - [TEST_STEP][PASSED] - if (comma > 0): null

27-02-2025T17:35:05 - [TEST_STEP][PASSED] - commaCount = StringUtils.countMatches(line, ","): null

27-02-2025T17:35:05 - [TEST_STEP][PASSED] - if (commaCount > 1): null

27-02-2025T17:35:05 - [TEST_STEP][PASSED] - else: null

27-02-2025T17:35:05 - [TEST_STEP][PASSED] - label = line.substring(1, comma): null

27-02-2025T17:35:05 - [TEST_STEP][PASSED] - println(label): null

27-02-2025T17:35:05 - [TEST_STEP][PASSED] - checked.add(label): null

27-02-2025T17:35:05 - [TEST_STEP][PASSED] - line = reader.readLine(): null

27-02-2025T17:35:05 - [TEST_STEP][PASSED] - println(line): null

27-02-2025T17:35:05 - [TEST_STEP][PASSED] - group = line.indexOf("<Group>"): null

27-02-2025T17:35:05 - [TEST_STEP][PASSED] - println(group): null

27-02-2025T17:35:05 - [TEST_STEP][PASSED] - if (group >= 0): null

27-02-2025T17:35:05 - [TEST_STEP][PASSED] - else: null

27-02-2025T17:35:05 - [TEST_STEP][PASSED] - if (include): null

27-02-2025T17:35:05 - [TEST_STEP][PASSED] - println(line): null

27-02-2025T17:35:05 - [TEST_STEP][PASSED] - comma = line.indexOf(",y"): null

27-02-2025T17:35:05 - [TEST_STEP][PASSED] - if (comma > 0): null

27-02-2025T17:35:05 - [TEST_STEP][PASSED] - line = reader.readLine(): null

27-02-2025T17:35:05 - [TEST_STEP][PASSED] - println(line): null

27-02-2025T17:35:05 - [TEST_STEP][PASSED] - group = line.indexOf("<Group>"): null

27-02-2025T17:35:05 - [TEST_STEP][PASSED] - println(group): null

27-02-2025T17:35:05 - [TEST_STEP][PASSED] - if (group >= 0): null

27-02-2025T17:35:05 - [TEST_STEP][PASSED] - else: null

27-02-2025T17:35:05 - [TEST_STEP][PASSED] - if (include): null

27-02-2025T17:35:05 - [TEST_STEP][PASSED] - println(line): null

27-02-2025T17:35:05 - [TEST_STEP][PASSED] - comma = line.indexOf(",y"): null

27-02-2025T17:35:05 - [TEST_STEP][PASSED] - if (comma > 0): null

27-02-2025T17:35:05 - [TEST_STEP][PASSED] - line = reader.readLine(): null

27-02-2025T17:35:05 - [TEST_STEP][PASSED] - println(line): null

27-02-2025T17:35:05 - [TEST_STEP][PASSED] - group = line.indexOf("<Group>"): null

27-02-2025T17:35:05 - [TEST_STEP][PASSED] - println(group): null

27-02-2025T17:35:05 - [TEST_STEP][PASSED] - if (group >= 0): null

27-02-2025T17:35:05 - [TEST_STEP][PASSED] - else: null

27-02-2025T17:35:05 - [TEST_STEP][PASSED] - if (include): null

27-02-2025T17:35:05 - [TEST_STEP][PASSED] - println(line): null

27-02-2025T17:35:05 - [TEST_STEP][PASSED] - comma = line.indexOf(",y"): null

27-02-2025T17:35:05 - [TEST_STEP][PASSED] - if (comma > 0): null

27-02-2025T17:35:05 - [TEST_STEP][PASSED] - line = reader.readLine(): null

27-02-2025T17:35:05 - [TEST_STEP][PASSED] - println(line): null

27-02-2025T17:35:05 - [TEST_STEP][PASSED] - group = line.indexOf("<Group>"): null

27-02-2025T17:35:05 - [TEST_STEP][PASSED] - println(group): null

27-02-2025T17:35:05 - [TEST_STEP][PASSED] - if (group >= 0): null

27-02-2025T17:35:05 - [TEST_STEP][PASSED] - else: null

27-02-2025T17:35:05 - [TEST_STEP][PASSED] - if (include): null

27-02-2025T17:35:05 - [TEST_STEP][PASSED] - println(line): null

27-02-2025T17:35:05 - [TEST_STEP][PASSED] - comma = line.indexOf(",y"): null

27-02-2025T17:35:05 - [TEST_STEP][PASSED] - if (comma > 0): null

27-02-2025T17:35:05 - [TEST_STEP][PASSED] - line = reader.readLine(): null

27-02-2025T17:35:05 - [TEST_STEP][PASSED] - println(line): null

27-02-2025T17:35:05 - [TEST_STEP][PASSED] - group = line.indexOf("<Group>"): null

27-02-2025T17:35:05 - [TEST_STEP][PASSED] - println(group): null

27-02-2025T17:35:05 - [TEST_STEP][PASSED] - if (group >= 0): null

27-02-2025T17:35:05 - [TEST_STEP][PASSED] - else: null

27-02-2025T17:35:05 - [TEST_STEP][PASSED] - if (include): null

27-02-2025T17:35:05 - [TEST_STEP][PASSED] - println(line): null

27-02-2025T17:35:05 - [TEST_STEP][PASSED] - comma = line.indexOf(",y"): null

27-02-2025T17:35:05 - [TEST_STEP][PASSED] - if (comma > 0): null

27-02-2025T17:35:05 - [TEST_STEP][PASSED] - line = reader.readLine(): null

27-02-2025T17:35:05 - [TEST_STEP][PASSED] - println(line): null

27-02-2025T17:35:05 - [TEST_STEP][PASSED] - group = line.indexOf("<Group>"): null

27-02-2025T17:35:05 - [TEST_STEP][PASSED] - println(group): null

27-02-2025T17:35:05 - [TEST_STEP][PASSED] - if (group >= 0): null

27-02-2025T17:35:05 - [TEST_STEP][PASSED] - else: null

27-02-2025T17:35:05 - [TEST_STEP][PASSED] - if (include): null

27-02-2025T17:35:05 - [TEST_STEP][PASSED] - println(line): null

27-02-2025T17:35:05 - [TEST_STEP][PASSED] - comma = line.indexOf(",y"): null

27-02-2025T17:35:05 - [TEST_STEP][PASSED] - if (comma > 0): null

27-02-2025T17:35:05 - [TEST_STEP][PASSED] - line = reader.readLine(): null

27-02-2025T17:35:05 - [TEST_STEP][PASSED] - println(line): null

27-02-2025T17:35:05 - [TEST_STEP][PASSED] - group = line.indexOf("<Group>"): null

27-02-2025T17:35:05 - [TEST_STEP][PASSED] - println(group): null

27-02-2025T17:35:05 - [TEST_STEP][PASSED] - if (group >= 0): null

27-02-2025T17:35:05 - [TEST_STEP][PASSED] - else: null

27-02-2025T17:35:05 - [TEST_STEP][PASSED] - if (include): null

27-02-2025T17:35:05 - [TEST_STEP][PASSED] - println(line): null

27-02-2025T17:35:05 - [TEST_STEP][PASSED] - comma = line.indexOf(",y"): null

27-02-2025T17:35:05 - [TEST_STEP][PASSED] - if (comma > 0): null

27-02-2025T17:35:05 - [TEST_STEP][PASSED] - commaCount = StringUtils.countMatches(line, ","): null

27-02-2025T17:35:05 - [TEST_STEP][PASSED] - if (commaCount > 1): null

27-02-2025T17:35:05 - [TEST_STEP][PASSED] - else: null

27-02-2025T17:35:05 - [TEST_STEP][PASSED] - label = line.substring(1, comma): null

27-02-2025T17:35:05 - [TEST_STEP][PASSED] - println(label): null

27-02-2025T17:35:05 - [TEST_STEP][PASSED] - checked.add(label): null

27-02-2025T17:35:05 - [TEST_STEP][PASSED] - line = reader.readLine(): null

27-02-2025T17:35:05 - [TEST_STEP][PASSED] - println(line): null

27-02-2025T17:35:05 - [TEST_STEP][PASSED] - group = line.indexOf("<Group>"): null

27-02-2025T17:35:05 - [TEST_STEP][PASSED] - println(group): null

27-02-2025T17:35:05 - [TEST_STEP][PASSED] - if (group >= 0): null

27-02-2025T17:35:05 - [TEST_STEP][PASSED] - else: null

27-02-2025T17:35:05 - [TEST_STEP][PASSED] - if (include): null

27-02-2025T17:35:05 - [TEST_STEP][PASSED] - println(line): null

27-02-2025T17:35:05 - [TEST_STEP][PASSED] - comma = line.indexOf(",y"): null

27-02-2025T17:35:05 - [TEST_STEP][PASSED] - if (comma > 0): null

27-02-2025T17:35:05 - [TEST_STEP][PASSED] - line = reader.readLine(): null

27-02-2025T17:35:05 - [TEST_STEP][PASSED] - println(line): null

27-02-2025T17:35:05 - [TEST_STEP][PASSED] - group = line.indexOf("<Group>"): null

27-02-2025T17:35:05 - [TEST_STEP][PASSED] - println(group): null

27-02-2025T17:35:05 - [TEST_STEP][PASSED] - if (group >= 0): null

27-02-2025T17:35:05 - [TEST_STEP][PASSED] - else: null

27-02-2025T17:35:05 - [TEST_STEP][PASSED] - if (include): null

27-02-2025T17:35:05 - [TEST_STEP][PASSED] - println(line): null

27-02-2025T17:35:05 - [TEST_STEP][PASSED] - comma = line.indexOf(",y"): null

27-02-2025T17:35:05 - [TEST_STEP][PASSED] - if (comma > 0): null

27-02-2025T17:35:05 - [TEST_STEP][PASSED] - line = reader.readLine(): null

27-02-2025T17:35:05 - [TEST_STEP][PASSED] - println(line): null

27-02-2025T17:35:05 - [TEST_STEP][PASSED] - group = line.indexOf("<Group>"): null

27-02-2025T17:35:05 - [TEST_STEP][PASSED] - println(group): null

27-02-2025T17:35:05 - [TEST_STEP][PASSED] - if (group >= 0): null

27-02-2025T17:35:05 - [TEST_STEP][PASSED] - else: null

27-02-2025T17:35:05 - [TEST_STEP][PASSED] - if (include): null

27-02-2025T17:35:05 - [TEST_STEP][PASSED] - println(line): null

27-02-2025T17:35:05 - [TEST_STEP][PASSED] - comma = line.indexOf(",y"): null

27-02-2025T17:35:05 - [TEST_STEP][PASSED] - if (comma > 0): null

27-02-2025T17:35:05 - [TEST_STEP][PASSED] - line = reader.readLine(): null

27-02-2025T17:35:05 - [TEST_STEP][PASSED] - println(line): null

27-02-2025T17:35:05 - [TEST_STEP][PASSED] - group = line.indexOf("<Group>"): null

27-02-2025T17:35:05 - [TEST_STEP][PASSED] - println(group): null

27-02-2025T17:35:05 - [TEST_STEP][PASSED] - if (group >= 0): null

27-02-2025T17:35:05 - [TEST_STEP][PASSED] - else: null

27-02-2025T17:35:05 - [TEST_STEP][PASSED] - if (include): null

27-02-2025T17:35:05 - [TEST_STEP][PASSED] - println(line): null

27-02-2025T17:35:05 - [TEST_STEP][PASSED] - comma = line.indexOf(",y"): null

27-02-2025T17:35:05 - [TEST_STEP][PASSED] - if (comma > 0): null

27-02-2025T17:35:05 - [TEST_STEP][PASSED] - line = reader.readLine(): null

27-02-2025T17:35:05 - [TEST_STEP][PASSED] - println(line): null

27-02-2025T17:35:05 - [TEST_STEP][PASSED] - group = line.indexOf("<Group>"): null

27-02-2025T17:35:05 - [TEST_STEP][PASSED] - println(group): null

27-02-2025T17:35:05 - [TEST_STEP][PASSED] - if (group >= 0): null

27-02-2025T17:35:05 - [TEST_STEP][PASSED] - else: null

27-02-2025T17:35:05 - [TEST_STEP][PASSED] - if (include): null

27-02-2025T17:35:05 - [TEST_STEP][PASSED] - println(line): null

27-02-2025T17:35:05 - [TEST_STEP][PASSED] - comma = line.indexOf(",y"): null

27-02-2025T17:35:05 - [TEST_STEP][PASSED] - if (comma > 0): null

27-02-2025T17:35:05 - [TEST_STEP][PASSED] - line = reader.readLine(): null

27-02-2025T17:35:05 - [TEST_STEP][PASSED] - println(line): null

27-02-2025T17:35:05 - [TEST_STEP][PASSED] - group = line.indexOf("<Group>"): null

27-02-2025T17:35:05 - [TEST_STEP][PASSED] - println(group): null

27-02-2025T17:35:05 - [TEST_STEP][PASSED] - if (group >= 0): null

27-02-2025T17:35:05 - [TEST_STEP][PASSED] - else: null

27-02-2025T17:35:05 - [TEST_STEP][PASSED] - if (include): null

27-02-2025T17:35:05 - [TEST_STEP][PASSED] - println(line): null

27-02-2025T17:35:05 - [TEST_STEP][PASSED] - comma = line.indexOf(",y"): null

27-02-2025T17:35:05 - [TEST_STEP][PASSED] - if (comma > 0): null

27-02-2025T17:35:05 - [TEST_STEP][PASSED] - line = reader.readLine(): null

27-02-2025T17:35:05 - [TEST_STEP][PASSED] - println(line): null

27-02-2025T17:35:05 - [TEST_STEP][PASSED] - group = line.indexOf("<Group>"): null

27-02-2025T17:35:05 - [TEST_STEP][PASSED] - println(group): null

27-02-2025T17:35:05 - [TEST_STEP][PASSED] - if (group >= 0): null

27-02-2025T17:35:05 - [TEST_STEP][PASSED] - else: null

27-02-2025T17:35:05 - [TEST_STEP][PASSED] - if (include): null

27-02-2025T17:35:05 - [TEST_STEP][PASSED] - println(line): null

27-02-2025T17:35:05 - [TEST_STEP][PASSED] - comma = line.indexOf(",y"): null

27-02-2025T17:35:05 - [TEST_STEP][PASSED] - if (comma > 0): null

27-02-2025T17:35:05 - [TEST_STEP][PASSED] - line = reader.readLine(): null

27-02-2025T17:35:05 - [TEST_STEP][PASSED] - println(line): null

27-02-2025T17:35:05 - [TEST_STEP][PASSED] - group = line.indexOf("<Group>"): null

27-02-2025T17:35:05 - [TEST_STEP][PASSED] - println(group): null

27-02-2025T17:35:05 - [TEST_STEP][PASSED] - if (group >= 0): null

27-02-2025T17:35:05 - [TEST_STEP][PASSED] - else: null

27-02-2025T17:35:05 - [TEST_STEP][PASSED] - if (include): null

27-02-2025T17:35:05 - [TEST_STEP][PASSED] - println(line): null

27-02-2025T17:35:05 - [TEST_STEP][PASSED] - comma = line.indexOf(",y"): null

27-02-2025T17:35:05 - [TEST_STEP][PASSED] - if (comma > 0): null

27-02-2025T17:35:05 - [TEST_STEP][PASSED] - line = reader.readLine(): null

27-02-2025T17:35:05 - [TEST_STEP][PASSED] - println(line): null

27-02-2025T17:35:05 - [TEST_STEP][PASSED] - group = line.indexOf("<Group>"): null

27-02-2025T17:35:05 - [TEST_STEP][PASSED] - println(group): null

27-02-2025T17:35:05 - [TEST_STEP][PASSED] - if (group >= 0): null

27-02-2025T17:35:05 - [TEST_STEP][PASSED] - else: null

27-02-2025T17:35:05 - [TEST_STEP][PASSED] - if (include): null

27-02-2025T17:35:05 - [TEST_STEP][PASSED] - println(line): null

27-02-2025T17:35:05 - [TEST_STEP][PASSED] - comma = line.indexOf(",y"): null

27-02-2025T17:35:05 - [TEST_STEP][PASSED] - if (comma > 0): null

27-02-2025T17:35:05 - [TEST_STEP][PASSED] - commaCount = StringUtils.countMatches(line, ","): null

27-02-2025T17:35:05 - [TEST_STEP][PASSED] - if (commaCount > 1): null

27-02-2025T17:35:05 - [TEST_STEP][PASSED] - else: null

27-02-2025T17:35:05 - [TEST_STEP][PASSED] - label = line.substring(1, comma): null

27-02-2025T17:35:05 - [TEST_STEP][PASSED] - println(label): null

27-02-2025T17:35:05 - [TEST_STEP][PASSED] - checked.add(label): null

27-02-2025T17:35:05 - [TEST_STEP][PASSED] - line = reader.readLine(): null

27-02-2025T17:35:05 - [TEST_STEP][PASSED] - println(line): null

27-02-2025T17:35:05 - [TEST_STEP][PASSED] - group = line.indexOf("<Group>"): null

27-02-2025T17:35:05 - [TEST_STEP][PASSED] - println(group): null

27-02-2025T17:35:05 - [TEST_STEP][PASSED] - if (group >= 0): null

27-02-2025T17:35:05 - [TEST_STEP][PASSED] - else: null

27-02-2025T17:35:05 - [TEST_STEP][PASSED] - if (include): null

27-02-2025T17:35:05 - [TEST_STEP][PASSED] - println(line): null

27-02-2025T17:35:05 - [TEST_STEP][PASSED] - comma = line.indexOf(",y"): null

27-02-2025T17:35:05 - [TEST_STEP][PASSED] - if (comma > 0): null

27-02-2025T17:35:05 - [TEST_STEP][PASSED] - line = reader.readLine(): null

27-02-2025T17:35:05 - [TEST_STEP][PASSED] - println(line): null

27-02-2025T17:35:05 - [TEST_STEP][PASSED] - group = line.indexOf("<Group>"): null

27-02-2025T17:35:05 - [TEST_STEP][PASSED] - println(group): null

27-02-2025T17:35:05 - [TEST_STEP][PASSED] - if (group >= 0): null

27-02-2025T17:35:05 - [TEST_STEP][PASSED] - else: null

27-02-2025T17:35:05 - [TEST_STEP][PASSED] - if (include): null

27-02-2025T17:35:05 - [TEST_STEP][PASSED] - println(line): null

27-02-2025T17:35:05 - [TEST_STEP][PASSED] - comma = line.indexOf(",y"): null

27-02-2025T17:35:05 - [TEST_STEP][PASSED] - if (comma > 0): null

27-02-2025T17:35:05 - [TEST_STEP][PASSED] - line = reader.readLine(): null

27-02-2025T17:35:05 - [TEST_STEP][PASSED] - println(line): null

27-02-2025T17:35:05 - [TEST_STEP][PASSED] - group = line.indexOf("<Group>"): null

27-02-2025T17:35:05 - [TEST_STEP][PASSED] - println(group): null

27-02-2025T17:35:05 - [TEST_STEP][PASSED] - if (group >= 0): null

27-02-2025T17:35:05 - [TEST_STEP][PASSED] - else: null

27-02-2025T17:35:05 - [TEST_STEP][PASSED] - if (include): null

27-02-2025T17:35:05 - [TEST_STEP][PASSED] - println(line): null

27-02-2025T17:35:05 - [TEST_STEP][PASSED] - comma = line.indexOf(",y"): null

27-02-2025T17:35:05 - [TEST_STEP][PASSED] - if (comma > 0): null

27-02-2025T17:35:05 - [TEST_STEP][PASSED] - line = reader.readLine(): null

27-02-2025T17:35:05 - [TEST_STEP][PASSED] - println(line): null

27-02-2025T17:35:05 - [TEST_STEP][PASSED] - group = line.indexOf("<Group>"): null

27-02-2025T17:35:05 - [TEST_STEP][PASSED] - println(group): null

27-02-2025T17:35:05 - [TEST_STEP][PASSED] - if (group >= 0): null

27-02-2025T17:35:05 - [TEST_STEP][PASSED] - else: null

27-02-2025T17:35:05 - [TEST_STEP][PASSED] - if (include): null

27-02-2025T17:35:05 - [TEST_STEP][PASSED] - println(line): null

27-02-2025T17:35:05 - [TEST_STEP][PASSED] - comma = line.indexOf(",y"): null

27-02-2025T17:35:05 - [TEST_STEP][PASSED] - if (comma > 0): null

27-02-2025T17:35:05 - [TEST_STEP][PASSED] - line = reader.readLine(): null

27-02-2025T17:35:05 - [TEST_STEP][PASSED] - println(line): null

27-02-2025T17:35:05 - [TEST_STEP][PASSED] - group = line.indexOf("<Group>"): null

27-02-2025T17:35:05 - [TEST_STEP][PASSED] - println(group): null

27-02-2025T17:35:05 - [TEST_STEP][PASSED] - if (group >= 0): null

27-02-2025T17:35:05 - [TEST_STEP][PASSED] - else: null

27-02-2025T17:35:05 - [TEST_STEP][PASSED] - if (include): null

27-02-2025T17:35:05 - [TEST_STEP][PASSED] - println(line): null

27-02-2025T17:35:05 - [TEST_STEP][PASSED] - comma = line.indexOf(",y"): null

27-02-2025T17:35:05 - [TEST_STEP][PASSED] - if (comma > 0): null

27-02-2025T17:35:05 - [TEST_STEP][PASSED] - line = reader.readLine(): null

27-02-2025T17:35:05 - [TEST_STEP][PASSED] - println(line): null

27-02-2025T17:35:05 - [TEST_STEP][PASSED] - group = line.indexOf("<Group>"): null

27-02-2025T17:35:05 - [TEST_STEP][PASSED] - println(group): null

27-02-2025T17:35:05 - [TEST_STEP][PASSED] - if (group >= 0): null

27-02-2025T17:35:05 - [TEST_STEP][PASSED] - else: null

27-02-2025T17:35:05 - [TEST_STEP][PASSED] - if (include): null

27-02-2025T17:35:05 - [TEST_STEP][PASSED] - println(line): null

27-02-2025T17:35:05 - [TEST_STEP][PASSED] - comma = line.indexOf(",y"): null

27-02-2025T17:35:05 - [TEST_STEP][PASSED] - if (comma > 0): null

27-02-2025T17:35:05 - [TEST_STEP][PASSED] - line = reader.readLine(): null

27-02-2025T17:35:05 - [TEST_STEP][PASSED] - println(line): null

27-02-2025T17:35:05 - [TEST_STEP][PASSED] - group = line.indexOf("<Group>"): null

27-02-2025T17:35:05 - [TEST_STEP][PASSED] - println(group): null

27-02-2025T17:35:05 - [TEST_STEP][PASSED] - if (group >= 0): null

27-02-2025T17:35:05 - [TEST_STEP][PASSED] - else: null

27-02-2025T17:35:05 - [TEST_STEP][PASSED] - if (include): null

27-02-2025T17:35:05 - [TEST_STEP][PASSED] - println(line): null

27-02-2025T17:35:05 - [TEST_STEP][PASSED] - comma = line.indexOf(",y"): null

27-02-2025T17:35:05 - [TEST_STEP][PASSED] - if (comma > 0): null

27-02-2025T17:35:05 - [TEST_STEP][PASSED] - line = reader.readLine(): null

27-02-2025T17:35:05 - [TEST_STEP][PASSED] - println(line): null

27-02-2025T17:35:05 - [TEST_STEP][PASSED] - group = line.indexOf("<Group>"): null

27-02-2025T17:35:05 - [TEST_STEP][PASSED] - println(group): null

27-02-2025T17:35:05 - [TEST_STEP][PASSED] - if (group >= 0): null

27-02-2025T17:35:05 - [TEST_STEP][PASSED] - else: null

27-02-2025T17:35:05 - [TEST_STEP][PASSED] - if (include): null

27-02-2025T17:35:05 - [TEST_STEP][PASSED] - println(line): null

27-02-2025T17:35:05 - [TEST_STEP][PASSED] - comma = line.indexOf(",y"): null

27-02-2025T17:35:05 - [TEST_STEP][PASSED] - if (comma > 0): null

27-02-2025T17:35:05 - [TEST_STEP][PASSED] - line = reader.readLine(): null

27-02-2025T17:35:05 - [TEST_STEP][PASSED] - println(line): null

27-02-2025T17:35:05 - [TEST_STEP][PASSED] - group = line.indexOf("<Group>"): null

27-02-2025T17:35:05 - [TEST_STEP][PASSED] - println(group): null

27-02-2025T17:35:05 - [TEST_STEP][PASSED] - if (group >= 0): null

27-02-2025T17:35:05 - [TEST_STEP][PASSED] - else: null

27-02-2025T17:35:05 - [TEST_STEP][PASSED] - if (include): null

27-02-2025T17:35:05 - [TEST_STEP][PASSED] - println(line): null

27-02-2025T17:35:05 - [TEST_STEP][PASSED] - comma = line.indexOf(",y"): null

27-02-2025T17:35:05 - [TEST_STEP][PASSED] - if (comma > 0): null

27-02-2025T17:35:05 - [TEST_STEP][PASSED] - line = reader.readLine(): null

27-02-2025T17:35:05 - [TEST_STEP][PASSED] - println(line): null

27-02-2025T17:35:05 - [TEST_STEP][PASSED] - group = line.indexOf("<Group>"): null

27-02-2025T17:35:05 - [TEST_STEP][PASSED] - println(group): null

27-02-2025T17:35:05 - [TEST_STEP][PASSED] - if (group >= 0): null

27-02-2025T17:35:05 - [TEST_STEP][PASSED] - else: null

27-02-2025T17:35:05 - [TEST_STEP][PASSED] - if (include): null

27-02-2025T17:35:05 - [TEST_STEP][PASSED] - println(line): null

27-02-2025T17:35:05 - [TEST_STEP][PASSED] - comma = line.indexOf(",y"): null

27-02-2025T17:35:05 - [TEST_STEP][PASSED] - if (comma > 0): null

27-02-2025T17:35:05 - [TEST_STEP][PASSED] - line = reader.readLine(): null

27-02-2025T17:35:05 - [TEST_STEP][PASSED] - println(line): null

27-02-2025T17:35:05 - [TEST_STEP][PASSED] - group = line.indexOf("<Group>"): null

27-02-2025T17:35:05 - [TEST_STEP][PASSED] - println(group): null

27-02-2025T17:35:05 - [TEST_STEP][PASSED] - if (group >= 0): null

27-02-2025T17:35:05 - [TEST_STEP][PASSED] - else: null

27-02-2025T17:35:05 - [TEST_STEP][PASSED] - if (include): null

27-02-2025T17:35:05 - [TEST_STEP][PASSED] - println(line): null

27-02-2025T17:35:05 - [TEST_STEP][PASSED] - comma = line.indexOf(",y"): null

27-02-2025T17:35:05 - [TEST_STEP][PASSED] - if (comma > 0): null

27-02-2025T17:35:05 - [TEST_STEP][PASSED] - line = reader.readLine(): null

27-02-2025T17:35:05 - [TEST_STEP][PASSED] - println(line): null

27-02-2025T17:35:05 - [TEST_STEP][PASSED] - group = line.indexOf("<Group>"): null

27-02-2025T17:35:05 - [TEST_STEP][PASSED] - println(group): null

27-02-2025T17:35:05 - [TEST_STEP][PASSED] - if (group >= 0): null

27-02-2025T17:35:05 - [TEST_STEP][PASSED] - else: null

27-02-2025T17:35:05 - [TEST_STEP][PASSED] - if (include): null

27-02-2025T17:35:05 - [TEST_STEP][PASSED] - println(line): null

27-02-2025T17:35:05 - [TEST_STEP][PASSED] - comma = line.indexOf(",y"): null

27-02-2025T17:35:05 - [TEST_STEP][PASSED] - if (comma > 0): null

27-02-2025T17:35:05 - [TEST_STEP][PASSED] - line = reader.readLine(): null

27-02-2025T17:35:05 - [TEST_STEP][PASSED] - println(line): null

27-02-2025T17:35:05 - [TEST_STEP][PASSED] - group = line.indexOf("<Group>"): null

27-02-2025T17:35:05 - [TEST_STEP][PASSED] - println(group): null

27-02-2025T17:35:05 - [TEST_STEP][PASSED] - if (group >= 0): null

27-02-2025T17:35:05 - [TEST_STEP][PASSED] - else: null

27-02-2025T17:35:05 - [TEST_STEP][PASSED] - if (include): null

27-02-2025T17:35:05 - [TEST_STEP][PASSED] - println(line): null

27-02-2025T17:35:05 - [TEST_STEP][PASSED] - comma = line.indexOf(",y"): null

27-02-2025T17:35:05 - [TEST_STEP][PASSED] - if (comma > 0): null

27-02-2025T17:35:05 - [TEST_STEP][PASSED] - line = reader.readLine(): null

27-02-2025T17:35:05 - [TEST_STEP][PASSED] - println(line): null

27-02-2025T17:35:05 - [TEST_STEP][PASSED] - group = line.indexOf("<Group>"): null

27-02-2025T17:35:05 - [TEST_STEP][PASSED] - println(group): null

27-02-2025T17:35:05 - [TEST_STEP][PASSED] - if (group >= 0): null

27-02-2025T17:35:05 - [TEST_STEP][PASSED] - else: null

27-02-2025T17:35:05 - [TEST_STEP][PASSED] - if (include): null

27-02-2025T17:35:05 - [TEST_STEP][PASSED] - println(line): null

27-02-2025T17:35:05 - [TEST_STEP][PASSED] - comma = line.indexOf(",y"): null

27-02-2025T17:35:05 - [TEST_STEP][PASSED] - if (comma > 0): null

27-02-2025T17:35:05 - [TEST_STEP][PASSED] - line = reader.readLine(): null

27-02-2025T17:35:05 - [TEST_STEP][PASSED] - println(line): null

27-02-2025T17:35:05 - [TEST_STEP][PASSED] - group = line.indexOf("<Group>"): null

27-02-2025T17:35:05 - [TEST_STEP][PASSED] - println(group): null

27-02-2025T17:35:05 - [TEST_STEP][PASSED] - if (group >= 0): null

27-02-2025T17:35:05 - [TEST_STEP][PASSED] - else: null

27-02-2025T17:35:05 - [TEST_STEP][PASSED] - if (include): null

27-02-2025T17:35:05 - [TEST_STEP][PASSED] - println(line): null

27-02-2025T17:35:05 - [TEST_STEP][PASSED] - comma = line.indexOf(",y"): null

27-02-2025T17:35:05 - [TEST_STEP][PASSED] - if (comma > 0): null

27-02-2025T17:35:05 - [TEST_STEP][PASSED] - line = reader.readLine(): null

27-02-2025T17:35:05 - [TEST_STEP][PASSED] - println(line): null

27-02-2025T17:35:05 - [TEST_STEP][PASSED] - group = line.indexOf("<Group>"): null

27-02-2025T17:35:05 - [TEST_STEP][PASSED] - println(group): null

27-02-2025T17:35:05 - [TEST_STEP][PASSED] - if (group >= 0): null

27-02-2025T17:35:05 - [TEST_STEP][PASSED] - else: null

27-02-2025T17:35:05 - [TEST_STEP][PASSED] - if (include): null

27-02-2025T17:35:05 - [TEST_STEP][PASSED] - println(line): null

27-02-2025T17:35:05 - [TEST_STEP][PASSED] - comma = line.indexOf(",y"): null

27-02-2025T17:35:05 - [TEST_STEP][PASSED] - if (comma > 0): null

27-02-2025T17:35:05 - [TEST_STEP][PASSED] - line = reader.readLine(): null

27-02-2025T17:35:05 - [TEST_STEP][PASSED] - println(line): null

27-02-2025T17:35:05 - [TEST_STEP][PASSED] - group = line.indexOf("<Group>"): null

27-02-2025T17:35:05 - [TEST_STEP][PASSED] - println(group): null

27-02-2025T17:35:05 - [TEST_STEP][PASSED] - if (group >= 0): null

27-02-2025T17:35:05 - [TEST_STEP][PASSED] - else: null

27-02-2025T17:35:05 - [TEST_STEP][PASSED] - if (include): null

27-02-2025T17:35:05 - [TEST_STEP][PASSED] - println(line): null

27-02-2025T17:35:05 - [TEST_STEP][PASSED] - comma = line.indexOf(",y"): null

27-02-2025T17:35:05 - [TEST_STEP][PASSED] - if (comma > 0): null

27-02-2025T17:35:05 - [TEST_STEP][PASSED] - line = reader.readLine(): null

27-02-2025T17:35:05 - [TEST_STEP][PASSED] - println(line): null

27-02-2025T17:35:05 - [TEST_STEP][PASSED] - group = line.indexOf("<Group>"): null

27-02-2025T17:35:05 - [TEST_STEP][PASSED] - println(group): null

27-02-2025T17:35:05 - [TEST_STEP][PASSED] - if (group >= 0): null

27-02-2025T17:35:05 - [TEST_STEP][PASSED] - else: null

27-02-2025T17:35:05 - [TEST_STEP][PASSED] - if (include): null

27-02-2025T17:35:05 - [TEST_STEP][PASSED] - println(line): null

27-02-2025T17:35:05 - [TEST_STEP][PASSED] - comma = line.indexOf(",y"): null

27-02-2025T17:35:05 - [TEST_STEP][PASSED] - if (comma > 0): null

27-02-2025T17:35:05 - [TEST_STEP][PASSED] - line = reader.readLine(): null

27-02-2025T17:35:05 - [TEST_STEP][PASSED] - println(line): null

27-02-2025T17:35:05 - [TEST_STEP][PASSED] - group = line.indexOf("<Group>"): null

27-02-2025T17:35:05 - [TEST_STEP][PASSED] - println(group): null

27-02-2025T17:35:05 - [TEST_STEP][PASSED] - if (group >= 0): null

27-02-2025T17:35:05 - [TEST_STEP][PASSED] - else: null

27-02-2025T17:35:05 - [TEST_STEP][PASSED] - if (include): null

27-02-2025T17:35:05 - [TEST_STEP][PASSED] - println(line): null

27-02-2025T17:35:05 - [TEST_STEP][PASSED] - comma = line.indexOf(",y"): null

27-02-2025T17:35:05 - [TEST_STEP][PASSED] - if (comma > 0): null

27-02-2025T17:35:05 - [TEST_STEP][PASSED] - line = reader.readLine(): null

27-02-2025T17:35:05 - [TEST_STEP][PASSED] - println(line): null

27-02-2025T17:35:05 - [TEST_STEP][PASSED] - group = line.indexOf("<Group>"): null

27-02-2025T17:35:05 - [TEST_STEP][PASSED] - println(group): null

27-02-2025T17:35:05 - [TEST_STEP][PASSED] - if (group >= 0): null

27-02-2025T17:35:05 - [TEST_STEP][PASSED] - else: null

27-02-2025T17:35:05 - [TEST_STEP][PASSED] - if (include): null

27-02-2025T17:35:05 - [TEST_STEP][PASSED] - println(line): null

27-02-2025T17:35:05 - [TEST_STEP][PASSED] - comma = line.indexOf(",y"): null

27-02-2025T17:35:05 - [TEST_STEP][PASSED] - if (comma > 0): null

27-02-2025T17:35:05 - [TEST_STEP][PASSED] - line = reader.readLine(): null

27-02-2025T17:35:05 - [TEST_STEP][PASSED] - println(line): null

27-02-2025T17:35:05 - [TEST_STEP][PASSED] - group = line.indexOf("<Group>"): null

27-02-2025T17:35:05 - [TEST_STEP][PASSED] - println(group): null

27-02-2025T17:35:05 - [TEST_STEP][PASSED] - if (group >= 0): null

27-02-2025T17:35:05 - [TEST_STEP][PASSED] - else: null

27-02-2025T17:35:05 - [TEST_STEP][PASSED] - if (include): null

27-02-2025T17:35:05 - [TEST_STEP][PASSED] - println(line): null

27-02-2025T17:35:05 - [TEST_STEP][PASSED] - comma = line.indexOf(",y"): null

27-02-2025T17:35:05 - [TEST_STEP][PASSED] - if (comma > 0): null

27-02-2025T17:35:05 - [TEST_STEP][PASSED] - line = reader.readLine(): null

27-02-2025T17:35:05 - [TEST_STEP][PASSED] - println(line): null

27-02-2025T17:35:05 - [TEST_STEP][PASSED] - group = line.indexOf("<Group>"): null

27-02-2025T17:35:05 - [TEST_STEP][PASSED] - println(group): null

27-02-2025T17:35:05 - [TEST_STEP][PASSED] - if (group >= 0): null

27-02-2025T17:35:05 - [TEST_STEP][PASSED] - else: null

27-02-2025T17:35:05 - [TEST_STEP][PASSED] - if (include): null

27-02-2025T17:35:05 - [TEST_STEP][PASSED] - println(line): null

27-02-2025T17:35:05 - [TEST_STEP][PASSED] - comma = line.indexOf(",y"): null

27-02-2025T17:35:05 - [TEST_STEP][PASSED] - if (comma > 0): null

27-02-2025T17:35:05 - [TEST_STEP][PASSED] - line = reader.readLine(): null

27-02-2025T17:35:05 - [TEST_STEP][PASSED] - println(line): null

27-02-2025T17:35:05 - [TEST_STEP][PASSED] - group = line.indexOf("<Group>"): null

27-02-2025T17:35:05 - [TEST_STEP][PASSED] - println(group): null

27-02-2025T17:35:05 - [TEST_STEP][PASSED] - if (group >= 0): null

27-02-2025T17:35:05 - [TEST_STEP][PASSED] - else: null

27-02-2025T17:35:05 - [TEST_STEP][PASSED] - if (include): null

27-02-2025T17:35:05 - [TEST_STEP][PASSED] - println(line): null

27-02-2025T17:35:05 - [TEST_STEP][PASSED] - comma = line.indexOf(",y"): null

27-02-2025T17:35:05 - [TEST_STEP][PASSED] - if (comma > 0): null

27-02-2025T17:35:05 - [TEST_STEP][PASSED] - line = reader.readLine(): null

27-02-2025T17:35:05 - [TEST_STEP][PASSED] - println(line): null

27-02-2025T17:35:05 - [TEST_STEP][PASSED] - group = line.indexOf("<Group>"): null

27-02-2025T17:35:05 - [TEST_STEP][PASSED] - println(group): null

27-02-2025T17:35:05 - [TEST_STEP][PASSED] - if (group >= 0): null

27-02-2025T17:35:05 - [TEST_STEP][PASSED] - else: null

27-02-2025T17:35:05 - [TEST_STEP][PASSED] - if (include): null

27-02-2025T17:35:05 - [TEST_STEP][PASSED] - println(line): null

27-02-2025T17:35:05 - [TEST_STEP][PASSED] - comma = line.indexOf(",y"): null

27-02-2025T17:35:05 - [TEST_STEP][PASSED] - if (comma > 0): null

27-02-2025T17:35:05 - [TEST_STEP][PASSED] - line = reader.readLine(): null

27-02-2025T17:35:05 - [TEST_STEP][PASSED] - println(line): null

27-02-2025T17:35:05 - [TEST_STEP][PASSED] - group = line.indexOf("<Group>"): null

27-02-2025T17:35:05 - [TEST_STEP][PASSED] - println(group): null

27-02-2025T17:35:05 - [TEST_STEP][PASSED] - if (group >= 0): null

27-02-2025T17:35:05 - [TEST_STEP][PASSED] - else: null

27-02-2025T17:35:05 - [TEST_STEP][PASSED] - if (include): null

27-02-2025T17:35:05 - [TEST_STEP][PASSED] - println(line): null

27-02-2025T17:35:05 - [TEST_STEP][PASSED] - comma = line.indexOf(",y"): null

27-02-2025T17:35:05 - [TEST_STEP][PASSED] - if (comma > 0): null

27-02-2025T17:35:05 - [TEST_STEP][PASSED] - line = reader.readLine(): null

27-02-2025T17:35:05 - [TEST_STEP][PASSED] - println(line): null

27-02-2025T17:35:05 - [TEST_STEP][PASSED] - group = line.indexOf("<Group>"): null

27-02-2025T17:35:05 - [TEST_STEP][PASSED] - println(group): null

27-02-2025T17:35:05 - [TEST_STEP][PASSED] - if (group >= 0): null

27-02-2025T17:35:05 - [TEST_STEP][PASSED] - else: null

27-02-2025T17:35:05 - [TEST_STEP][PASSED] - if (include): null

27-02-2025T17:35:05 - [TEST_STEP][PASSED] - println(line): null

27-02-2025T17:35:05 - [TEST_STEP][PASSED] - comma = line.indexOf(",y"): null

27-02-2025T17:35:05 - [TEST_STEP][PASSED] - if (comma > 0): null

27-02-2025T17:35:05 - [TEST_STEP][PASSED] - line = reader.readLine(): null

27-02-2025T17:35:05 - [TEST_STEP][PASSED] - println(line): null

27-02-2025T17:35:05 - [TEST_STEP][PASSED] - group = line.indexOf("<Group>"): null

27-02-2025T17:35:05 - [TEST_STEP][PASSED] - println(group): null

27-02-2025T17:35:05 - [TEST_STEP][PASSED] - if (group >= 0): null

27-02-2025T17:35:05 - [TEST_STEP][PASSED] - else: null

27-02-2025T17:35:05 - [TEST_STEP][PASSED] - if (include): null

27-02-2025T17:35:05 - [TEST_STEP][PASSED] - println(line): null

27-02-2025T17:35:05 - [TEST_STEP][PASSED] - comma = line.indexOf(",y"): null

27-02-2025T17:35:05 - [TEST_STEP][PASSED] - if (comma > 0): null

27-02-2025T17:35:05 - [TEST_STEP][PASSED] - line = reader.readLine(): null

27-02-2025T17:35:05 - [TEST_STEP][PASSED] - println(line): null

27-02-2025T17:35:05 - [TEST_STEP][PASSED] - group = line.indexOf("<Group>"): null

27-02-2025T17:35:05 - [TEST_STEP][PASSED] - println(group): null

27-02-2025T17:35:05 - [TEST_STEP][PASSED] - if (group >= 0): null

27-02-2025T17:35:05 - [TEST_STEP][PASSED] - else: null

27-02-2025T17:35:05 - [TEST_STEP][PASSED] - if (include): null

27-02-2025T17:35:05 - [TEST_STEP][PASSED] - println(line): null

27-02-2025T17:35:05 - [TEST_STEP][PASSED] - comma = line.indexOf(",y"): null

27-02-2025T17:35:05 - [TEST_STEP][PASSED] - if (comma > 0): null

27-02-2025T17:35:05 - [TEST_STEP][PASSED] - line = reader.readLine(): null

27-02-2025T17:35:05 - [TEST_STEP][PASSED] - println(line): null

27-02-2025T17:35:05 - [TEST_STEP][PASSED] - group = line.indexOf("<Group>"): null

27-02-2025T17:35:05 - [TEST_STEP][PASSED] - println(group): null

27-02-2025T17:35:05 - [TEST_STEP][PASSED] - if (group >= 0): null

27-02-2025T17:35:05 - [TEST_STEP][PASSED] - else: null

27-02-2025T17:35:05 - [TEST_STEP][PASSED] - if (include): null

27-02-2025T17:35:05 - [TEST_STEP][PASSED] - println(line): null

27-02-2025T17:35:05 - [TEST_STEP][PASSED] - comma = line.indexOf(",y"): null

27-02-2025T17:35:05 - [TEST_STEP][PASSED] - if (comma > 0): null

27-02-2025T17:35:05 - [TEST_STEP][PASSED] - line = reader.readLine(): null

27-02-2025T17:35:05 - [TEST_STEP][PASSED] - println(line): null

27-02-2025T17:35:05 - [TEST_STEP][PASSED] - group = line.indexOf("<Group>"): null

27-02-2025T17:35:05 - [TEST_STEP][PASSED] - println(group): null

27-02-2025T17:35:05 - [TEST_STEP][PASSED] - if (group >= 0): null

27-02-2025T17:35:05 - [TEST_STEP][PASSED] - else: null

27-02-2025T17:35:05 - [TEST_STEP][PASSED] - if (include): null

27-02-2025T17:35:05 - [TEST_STEP][PASSED] - println(line): null

27-02-2025T17:35:05 - [TEST_STEP][PASSED] - comma = line.indexOf(",y"): null

27-02-2025T17:35:05 - [TEST_STEP][PASSED] - if (comma > 0): null

27-02-2025T17:35:05 - [TEST_STEP][PASSED] - line = reader.readLine(): null

27-02-2025T17:35:05 - [TEST_STEP][PASSED] - println(line): null

27-02-2025T17:35:05 - [TEST_STEP][PASSED] - group = line.indexOf("<Group>"): null

27-02-2025T17:35:05 - [TEST_STEP][PASSED] - println(group): null

27-02-2025T17:35:05 - [TEST_STEP][PASSED] - if (group >= 0): null

27-02-2025T17:35:05 - [TEST_STEP][PASSED] - else: null

27-02-2025T17:35:05 - [TEST_STEP][PASSED] - if (include): null

27-02-2025T17:35:05 - [TEST_STEP][PASSED] - println(line): null

27-02-2025T17:35:05 - [TEST_STEP][PASSED] - comma = line.indexOf(",y"): null

27-02-2025T17:35:05 - [TEST_STEP][PASSED] - if (comma > 0): null

27-02-2025T17:35:05 - [TEST_STEP][PASSED] - line = reader.readLine(): null

27-02-2025T17:35:05 - [TEST_STEP][PASSED] - println(line): null

27-02-2025T17:35:05 - [TEST_STEP][PASSED] - group = line.indexOf("<Group>"): null

27-02-2025T17:35:05 - [TEST_STEP][PASSED] - println(group): null

27-02-2025T17:35:05 - [TEST_STEP][PASSED] - if (group >= 0): null

27-02-2025T17:35:05 - [TEST_STEP][PASSED] - else: null

27-02-2025T17:35:05 - [TEST_STEP][PASSED] - if (include): null

27-02-2025T17:35:05 - [TEST_STEP][PASSED] - println(line): null

27-02-2025T17:35:05 - [TEST_STEP][PASSED] - comma = line.indexOf(",y"): null

27-02-2025T17:35:05 - [TEST_STEP][PASSED] - if (comma > 0): null

27-02-2025T17:35:05 - [TEST_STEP][PASSED] - line = reader.readLine(): null

27-02-2025T17:35:05 - [TEST_STEP][PASSED] - println(line): null

27-02-2025T17:35:05 - [TEST_STEP][PASSED] - group = line.indexOf("<Group>"): null

27-02-2025T17:35:05 - [TEST_STEP][PASSED] - println(group): null

27-02-2025T17:35:05 - [TEST_STEP][PASSED] - if (group >= 0): null

27-02-2025T17:35:05 - [TEST_STEP][PASSED] - else: null

27-02-2025T17:35:05 - [TEST_STEP][PASSED] - if (include): null

27-02-2025T17:35:05 - [TEST_STEP][PASSED] - println(line): null

27-02-2025T17:35:05 - [TEST_STEP][PASSED] - comma = line.indexOf(",y"): null

27-02-2025T17:35:05 - [TEST_STEP][PASSED] - if (comma > 0): null

27-02-2025T17:35:05 - [TEST_STEP][PASSED] - line = reader.readLine(): null

27-02-2025T17:35:05 - [TEST_STEP][PASSED] - println(line): null

27-02-2025T17:35:05 - [TEST_STEP][PASSED] - group = line.indexOf("<Group>"): null

27-02-2025T17:35:05 - [TEST_STEP][PASSED] - println(group): null

27-02-2025T17:35:05 - [TEST_STEP][PASSED] - if (group >= 0): null

27-02-2025T17:35:05 - [TEST_STEP][PASSED] - else: null

27-02-2025T17:35:05 - [TEST_STEP][PASSED] - if (include): null

27-02-2025T17:35:05 - [TEST_STEP][PASSED] - println(line): null

27-02-2025T17:35:05 - [TEST_STEP][PASSED] - comma = line.indexOf(",y"): null

27-02-2025T17:35:05 - [TEST_STEP][PASSED] - if (comma > 0): null

27-02-2025T17:35:05 - [TEST_STEP][PASSED] - line = reader.readLine(): null

27-02-2025T17:35:05 - [TEST_STEP][PASSED] - println(line): null

27-02-2025T17:35:05 - [TEST_STEP][PASSED] - group = line.indexOf("<Group>"): null

27-02-2025T17:35:05 - [TEST_STEP][PASSED] - println(group): null

27-02-2025T17:35:05 - [TEST_STEP][PASSED] - if (group >= 0): null

27-02-2025T17:35:05 - [TEST_STEP][PASSED] - else: null

27-02-2025T17:35:05 - [TEST_STEP][PASSED] - if (include): null

27-02-2025T17:35:05 - [TEST_STEP][PASSED] - println(line): null

27-02-2025T17:35:05 - [TEST_STEP][PASSED] - comma = line.indexOf(",y"): null

27-02-2025T17:35:05 - [TEST_STEP][PASSED] - if (comma > 0): null

27-02-2025T17:35:05 - [TEST_STEP][PASSED] - line = reader.readLine(): null

27-02-2025T17:35:05 - [TEST_STEP][PASSED] - println(line): null

27-02-2025T17:35:05 - [TEST_STEP][PASSED] - group = line.indexOf("<Group>"): null

27-02-2025T17:35:05 - [TEST_STEP][PASSED] - println(group): null

27-02-2025T17:35:05 - [TEST_STEP][PASSED] - if (group >= 0): null

27-02-2025T17:35:05 - [TEST_STEP][PASSED] - else: null

27-02-2025T17:35:05 - [TEST_STEP][PASSED] - if (include): null

27-02-2025T17:35:05 - [TEST_STEP][PASSED] - println(line): null

27-02-2025T17:35:05 - [TEST_STEP][PASSED] - comma = line.indexOf(",y"): null

27-02-2025T17:35:05 - [TEST_STEP][PASSED] - if (comma > 0): null

27-02-2025T17:35:05 - [TEST_STEP][PASSED] - line = reader.readLine(): null

27-02-2025T17:35:05 - [TEST_STEP][PASSED] - println(line): null

27-02-2025T17:35:05 - [TEST_STEP][PASSED] - group = line.indexOf("<Group>"): null

27-02-2025T17:35:05 - [TEST_STEP][PASSED] - println(group): null

27-02-2025T17:35:05 - [TEST_STEP][PASSED] - if (group >= 0): null

27-02-2025T17:35:05 - [TEST_STEP][PASSED] - else: null

27-02-2025T17:35:05 - [TEST_STEP][PASSED] - if (include): null

27-02-2025T17:35:05 - [TEST_STEP][PASSED] - println(line): null

27-02-2025T17:35:05 - [TEST_STEP][PASSED] - comma = line.indexOf(",y"): null

27-02-2025T17:35:05 - [TEST_STEP][PASSED] - if (comma > 0): null

27-02-2025T17:35:05 - [TEST_STEP][PASSED] - line = reader.readLine(): null

27-02-2025T17:35:05 - [TEST_STEP][PASSED] - println(line): null

27-02-2025T17:35:05 - [TEST_STEP][PASSED] - group = line.indexOf("<Group>"): null

27-02-2025T17:35:05 - [TEST_STEP][PASSED] - println(group): null

27-02-2025T17:35:05 - [TEST_STEP][PASSED] - if (group >= 0): null

27-02-2025T17:35:05 - [TEST_STEP][PASSED] - else: null

27-02-2025T17:35:05 - [TEST_STEP][PASSED] - if (include): null

27-02-2025T17:35:05 - [TEST_STEP][PASSED] - println(line): null

27-02-2025T17:35:05 - [TEST_STEP][PASSED] - comma = line.indexOf(",y"): null

27-02-2025T17:35:05 - [TEST_STEP][PASSED] - if (comma > 0): null

27-02-2025T17:35:05 - [TEST_STEP][PASSED] - commaCount = StringUtils.countMatches(line, ","): null

27-02-2025T17:35:05 - [TEST_STEP][PASSED] - if (commaCount > 1): null

27-02-2025T17:35:05 - [TEST_STEP][PASSED] - else: null

27-02-2025T17:35:05 - [TEST_STEP][PASSED] - label = line.substring(1, comma): null

27-02-2025T17:35:05 - [TEST_STEP][PASSED] - println(label): null

27-02-2025T17:35:05 - [TEST_STEP][PASSED] - checked.add(label): null

27-02-2025T17:35:05 - [TEST_STEP][PASSED] - line = reader.readLine(): null

27-02-2025T17:35:05 - [TEST_STEP][PASSED] - println(line): null

27-02-2025T17:35:05 - [TEST_STEP][PASSED] - group = line.indexOf("<Group>"): null

27-02-2025T17:35:05 - [TEST_STEP][PASSED] - println(group): null

27-02-2025T17:35:05 - [TEST_STEP][PASSED] - if (group >= 0): null

27-02-2025T17:35:05 - [TEST_STEP][PASSED] - else: null

27-02-2025T17:35:05 - [TEST_STEP][PASSED] - if (include): null

27-02-2025T17:35:05 - [TEST_STEP][PASSED] - println(line): null

27-02-2025T17:35:05 - [TEST_STEP][PASSED] - comma = line.indexOf(",y"): null

27-02-2025T17:35:05 - [TEST_STEP][PASSED] - if (comma > 0): null

27-02-2025T17:35:05 - [TEST_STEP][PASSED] - line = reader.readLine(): null

27-02-2025T17:35:05 - [TEST_STEP][PASSED] - println(line): null

27-02-2025T17:35:05 - [TEST_STEP][PASSED] - group = line.indexOf("<Group>"): null

27-02-2025T17:35:05 - [TEST_STEP][PASSED] - println(group): null

27-02-2025T17:35:05 - [TEST_STEP][PASSED] - if (group >= 0): null

27-02-2025T17:35:05 - [TEST_STEP][PASSED] - else: null

27-02-2025T17:35:05 - [TEST_STEP][PASSED] - if (include): null

27-02-2025T17:35:05 - [TEST_STEP][PASSED] - println(line): null

27-02-2025T17:35:05 - [TEST_STEP][PASSED] - comma = line.indexOf(",y"): null

27-02-2025T17:35:05 - [TEST_STEP][PASSED] - if (comma > 0): null

27-02-2025T17:35:05 - [TEST_STEP][PASSED] - line = reader.readLine(): null

27-02-2025T17:35:05 - [TEST_STEP][PASSED] - println(line): null

27-02-2025T17:35:05 - [TEST_STEP][PASSED] - group = line.indexOf("<Group>"): null

27-02-2025T17:35:05 - [TEST_STEP][PASSED] - println(group): null

27-02-2025T17:35:05 - [TEST_STEP][PASSED] - if (group >= 0): null

27-02-2025T17:35:05 - [TEST_STEP][PASSED] - else: null

27-02-2025T17:35:05 - [TEST_STEP][PASSED] - if (include): null

27-02-2025T17:35:05 - [TEST_STEP][PASSED] - println(line): null

27-02-2025T17:35:05 - [TEST_STEP][PASSED] - comma = line.indexOf(",y"): null

27-02-2025T17:35:05 - [TEST_STEP][PASSED] - if (comma > 0): null

27-02-2025T17:35:05 - [TEST_STEP][PASSED] - commaCount = StringUtils.countMatches(line, ","): null

27-02-2025T17:35:05 - [TEST_STEP][PASSED] - if (commaCount > 1): null

27-02-2025T17:35:05 - [TEST_STEP][PASSED] - else: null

27-02-2025T17:35:05 - [TEST_STEP][PASSED] - label = line.substring(1, comma): null

27-02-2025T17:35:05 - [TEST_STEP][PASSED] - println(label): null

27-02-2025T17:35:05 - [TEST_STEP][PASSED] - checked.add(label): null

27-02-2025T17:35:05 - [TEST_STEP][PASSED] - line = reader.readLine(): null

27-02-2025T17:35:05 - [TEST_STEP][PASSED] - println(line): null

27-02-2025T17:35:05 - [TEST_STEP][PASSED] - group = line.indexOf("<Group>"): null

27-02-2025T17:35:05 - [TEST_STEP][PASSED] - println(group): null

27-02-2025T17:35:05 - [TEST_STEP][PASSED] - if (group >= 0): null

27-02-2025T17:35:05 - [TEST_STEP][PASSED] - else: null

27-02-2025T17:35:05 - [TEST_STEP][PASSED] - if (include): null

27-02-2025T17:35:05 - [TEST_STEP][PASSED] - println(line): null

27-02-2025T17:35:05 - [TEST_STEP][PASSED] - comma = line.indexOf(",y"): null

27-02-2025T17:35:05 - [TEST_STEP][PASSED] - if (comma > 0): null

27-02-2025T17:35:05 - [TEST_STEP][PASSED] - line = reader.readLine(): null

27-02-2025T17:35:05 - [TEST_STEP][PASSED] - println(line): null

27-02-2025T17:35:05 - [TEST_STEP][PASSED] - group = line.indexOf("<Group>"): null

27-02-2025T17:35:05 - [TEST_STEP][PASSED] - println(group): null

27-02-2025T17:35:05 - [TEST_STEP][PASSED] - if (group >= 0): null

27-02-2025T17:35:05 - [TEST_STEP][PASSED] - else: null

27-02-2025T17:35:05 - [TEST_STEP][PASSED] - if (include): null

27-02-2025T17:35:05 - [TEST_STEP][PASSED] - println(line): null

27-02-2025T17:35:05 - [TEST_STEP][PASSED] - comma = line.indexOf(",y"): null

27-02-2025T17:35:05 - [TEST_STEP][PASSED] - if (comma > 0): null

27-02-2025T17:35:05 - [TEST_STEP][PASSED] - line = reader.readLine(): null

27-02-2025T17:35:05 - [TEST_STEP][PASSED] - println(line): null

27-02-2025T17:35:05 - [TEST_STEP][PASSED] - group = line.indexOf("<Group>"): null

27-02-2025T17:35:05 - [TEST_STEP][PASSED] - println(group): null

27-02-2025T17:35:05 - [TEST_STEP][PASSED] - if (group >= 0): null

27-02-2025T17:35:05 - [TEST_STEP][PASSED] - else: null

27-02-2025T17:35:05 - [TEST_STEP][PASSED] - if (include): null

27-02-2025T17:35:05 - [TEST_STEP][PASSED] - println(line): null

27-02-2025T17:35:05 - [TEST_STEP][PASSED] - comma = line.indexOf(",y"): null

27-02-2025T17:35:05 - [TEST_STEP][PASSED] - if (comma > 0): null

27-02-2025T17:35:05 - [TEST_STEP][PASSED] - line = reader.readLine(): null

27-02-2025T17:35:05 - [TEST_STEP][PASSED] - println(line): null

27-02-2025T17:35:05 - [TEST_STEP][PASSED] - group = line.indexOf("<Group>"): null

27-02-2025T17:35:05 - [TEST_STEP][PASSED] - println(group): null

27-02-2025T17:35:05 - [TEST_STEP][PASSED] - if (group >= 0): null

27-02-2025T17:35:05 - [TEST_STEP][PASSED] - else: null

27-02-2025T17:35:05 - [TEST_STEP][PASSED] - if (include): null

27-02-2025T17:35:05 - [TEST_STEP][PASSED] - println(line): null

27-02-2025T17:35:05 - [TEST_STEP][PASSED] - comma = line.indexOf(",y"): null

27-02-2025T17:35:05 - [TEST_STEP][PASSED] - if (comma > 0): null

27-02-2025T17:35:05 - [TEST_STEP][PASSED] - line = reader.readLine(): null

27-02-2025T17:35:05 - [TEST_STEP][PASSED] - println(line): null

27-02-2025T17:35:05 - [TEST_STEP][PASSED] - group = line.indexOf("<Group>"): null

27-02-2025T17:35:05 - [TEST_STEP][PASSED] - println(group): null

27-02-2025T17:35:05 - [TEST_STEP][PASSED] - if (group >= 0): null

27-02-2025T17:35:05 - [TEST_STEP][PASSED] - else: null

27-02-2025T17:35:05 - [TEST_STEP][PASSED] - if (include): null

27-02-2025T17:35:05 - [TEST_STEP][PASSED] - println(line): null

27-02-2025T17:35:05 - [TEST_STEP][PASSED] - comma = line.indexOf(",y"): null

27-02-2025T17:35:05 - [TEST_STEP][PASSED] - if (comma > 0): null

27-02-2025T17:35:05 - [TEST_STEP][PASSED] - line = reader.readLine(): null

27-02-2025T17:35:05 - [TEST_STEP][PASSED] - println(line): null

27-02-2025T17:35:05 - [TEST_STEP][PASSED] - group = line.indexOf("<Group>"): null

27-02-2025T17:35:05 - [TEST_STEP][PASSED] - println(group): null

27-02-2025T17:35:05 - [TEST_STEP][PASSED] - if (group >= 0): null

27-02-2025T17:35:05 - [TEST_STEP][PASSED] - else: null

27-02-2025T17:35:05 - [TEST_STEP][PASSED] - if (include): null

27-02-2025T17:35:05 - [TEST_STEP][PASSED] - println(line): null

27-02-2025T17:35:05 - [TEST_STEP][PASSED] - comma = line.indexOf(",y"): null

27-02-2025T17:35:05 - [TEST_STEP][PASSED] - if (comma > 0): null

27-02-2025T17:35:05 - [TEST_STEP][PASSED] - line = reader.readLine(): null

27-02-2025T17:35:05 - [TEST_STEP][PASSED] - println(line): null

27-02-2025T17:35:05 - [TEST_STEP][PASSED] - group = line.indexOf("<Group>"): null

27-02-2025T17:35:05 - [TEST_STEP][PASSED] - println(group): null

27-02-2025T17:35:05 - [TEST_STEP][PASSED] - if (group >= 0): null

27-02-2025T17:35:05 - [TEST_STEP][PASSED] - else: null

27-02-2025T17:35:05 - [TEST_STEP][PASSED] - if (include): null

27-02-2025T17:35:05 - [TEST_STEP][PASSED] - println(line): null

27-02-2025T17:35:05 - [TEST_STEP][PASSED] - comma = line.indexOf(",y"): null

27-02-2025T17:35:05 - [TEST_STEP][PASSED] - if (comma > 0): null

27-02-2025T17:35:05 - [TEST_STEP][PASSED] - line = reader.readLine(): null

27-02-2025T17:35:05 - [TEST_STEP][PASSED] - println(line): null

27-02-2025T17:35:05 - [TEST_STEP][PASSED] - group = line.indexOf("<Group>"): null

27-02-2025T17:35:05 - [TEST_STEP][PASSED] - println(group): null

27-02-2025T17:35:05 - [TEST_STEP][PASSED] - if (group >= 0): null

27-02-2025T17:35:05 - [TEST_STEP][PASSED] - else: null

27-02-2025T17:35:05 - [TEST_STEP][PASSED] - if (include): null

27-02-2025T17:35:05 - [TEST_STEP][PASSED] - println(line): null

27-02-2025T17:35:05 - [TEST_STEP][PASSED] - comma = line.indexOf(",y"): null

27-02-2025T17:35:05 - [TEST_STEP][PASSED] - if (comma > 0): null

27-02-2025T17:35:05 - [TEST_STEP][PASSED] - commaCount = StringUtils.countMatches(line, ","): null

27-02-2025T17:35:05 - [TEST_STEP][PASSED] - if (commaCount > 1): null

27-02-2025T17:35:05 - [TEST_STEP][PASSED] - else: null

27-02-2025T17:35:05 - [TEST_STEP][PASSED] - label = line.substring(1, comma): null

27-02-2025T17:35:05 - [TEST_STEP][PASSED] - println(label): null

27-02-2025T17:35:05 - [TEST_STEP][PASSED] - checked.add(label): null

27-02-2025T17:35:05 - [TEST_STEP][PASSED] - line = reader.readLine(): null

27-02-2025T17:35:05 - [TEST_STEP][PASSED] - println(line): null

27-02-2025T17:35:05 - [TEST_STEP][PASSED] - group = line.indexOf("<Group>"): null

27-02-2025T17:35:05 - [TEST_STEP][PASSED] - println(group): null

27-02-2025T17:35:05 - [TEST_STEP][PASSED] - if (group >= 0): null

27-02-2025T17:35:05 - [TEST_STEP][PASSED] - else: null

27-02-2025T17:35:05 - [TEST_STEP][PASSED] - if (include): null

27-02-2025T17:35:05 - [TEST_STEP][PASSED] - println(line): null

27-02-2025T17:35:05 - [TEST_STEP][PASSED] - comma = line.indexOf(",y"): null

27-02-2025T17:35:05 - [TEST_STEP][PASSED] - if (comma > 0): null

27-02-2025T17:35:05 - [TEST_STEP][PASSED] - line = reader.readLine(): null

27-02-2025T17:35:05 - [TEST_STEP][PASSED] - println(line): null

27-02-2025T17:35:05 - [TEST_STEP][PASSED] - group = line.indexOf("<Group>"): null

27-02-2025T17:35:05 - [TEST_STEP][PASSED] - println(group): null

27-02-2025T17:35:05 - [TEST_STEP][PASSED] - if (group >= 0): null

27-02-2025T17:35:05 - [TEST_STEP][PASSED] - else: null

27-02-2025T17:35:05 - [TEST_STEP][PASSED] - if (include): null

27-02-2025T17:35:05 - [TEST_STEP][PASSED] - println(line): null

27-02-2025T17:35:05 - [TEST_STEP][PASSED] - comma = line.indexOf(",y"): null

27-02-2025T17:35:05 - [TEST_STEP][PASSED] - if (comma > 0): null

27-02-2025T17:35:05 - [TEST_STEP][PASSED] - line = reader.readLine(): null

27-02-2025T17:35:05 - [TEST_STEP][PASSED] - println(line): null

27-02-2025T17:35:05 - [TEST_STEP][PASSED] - group = line.indexOf("<Group>"): null

27-02-2025T17:35:05 - [TEST_STEP][PASSED] - println(group): null

27-02-2025T17:35:05 - [TEST_STEP][PASSED] - if (group >= 0): null

27-02-2025T17:35:05 - [TEST_STEP][PASSED] - else: null

27-02-2025T17:35:05 - [TEST_STEP][PASSED] - if (include): null

27-02-2025T17:35:05 - [TEST_STEP][PASSED] - println(line): null

27-02-2025T17:35:05 - [TEST_STEP][PASSED] - comma = line.indexOf(",y"): null

27-02-2025T17:35:05 - [TEST_STEP][PASSED] - if (comma > 0): null

27-02-2025T17:35:05 - [TEST_STEP][PASSED] - commaCount = StringUtils.countMatches(line, ","): null

27-02-2025T17:35:05 - [TEST_STEP][PASSED] - if (commaCount > 1): null

27-02-2025T17:35:05 - [TEST_STEP][PASSED] - else: null

27-02-2025T17:35:05 - [TEST_STEP][PASSED] - label = line.substring(1, comma): null

27-02-2025T17:35:05 - [TEST_STEP][PASSED] - println(label): null

27-02-2025T17:35:05 - [TEST_STEP][PASSED] - checked.add(label): null

27-02-2025T17:35:05 - [TEST_STEP][PASSED] - line = reader.readLine(): null

27-02-2025T17:35:05 - [TEST_STEP][PASSED] - println(line): null

27-02-2025T17:35:05 - [TEST_STEP][PASSED] - group = line.indexOf("<Group>"): null

27-02-2025T17:35:05 - [TEST_STEP][PASSED] - println(group): null

27-02-2025T17:35:05 - [TEST_STEP][PASSED] - if (group >= 0): null

27-02-2025T17:35:05 - [TEST_STEP][PASSED] - else: null

27-02-2025T17:35:05 - [TEST_STEP][PASSED] - if (include): null

27-02-2025T17:35:05 - [TEST_STEP][PASSED] - println(line): null

27-02-2025T17:35:05 - [TEST_STEP][PASSED] - comma = line.indexOf(",y"): null

27-02-2025T17:35:05 - [TEST_STEP][PASSED] - if (comma > 0): null

27-02-2025T17:35:05 - [TEST_STEP][PASSED] - line = reader.readLine(): null

27-02-2025T17:35:05 - [TEST_STEP][PASSED] - println(line): null

27-02-2025T17:35:05 - [TEST_STEP][PASSED] - group = line.indexOf("<Group>"): null

27-02-2025T17:35:05 - [TEST_STEP][PASSED] - println(group): null

27-02-2025T17:35:05 - [TEST_STEP][PASSED] - if (group >= 0): null

27-02-2025T17:35:05 - [TEST_STEP][PASSED] - else: null

27-02-2025T17:35:05 - [TEST_STEP][PASSED] - if (include): null

27-02-2025T17:35:05 - [TEST_STEP][PASSED] - println(line): null

27-02-2025T17:35:05 - [TEST_STEP][PASSED] - comma = line.indexOf(",y"): null

27-02-2025T17:35:05 - [TEST_STEP][PASSED] - if (comma > 0): null

27-02-2025T17:35:05 - [TEST_STEP][PASSED] - line = reader.readLine(): null

27-02-2025T17:35:05 - [TEST_STEP][PASSED] - println(line): null

27-02-2025T17:35:05 - [TEST_STEP][PASSED] - group = line.indexOf("<Group>"): null

27-02-2025T17:35:05 - [TEST_STEP][PASSED] - println(group): null

27-02-2025T17:35:05 - [TEST_STEP][PASSED] - if (group >= 0): null

27-02-2025T17:35:05 - [TEST_STEP][PASSED] - else: null

27-02-2025T17:35:05 - [TEST_STEP][PASSED] - if (include): null

27-02-2025T17:35:05 - [TEST_STEP][PASSED] - println(line): null

27-02-2025T17:35:05 - [TEST_STEP][PASSED] - comma = line.indexOf(",y"): null

27-02-2025T17:35:05 - [TEST_STEP][PASSED] - if (comma > 0): null

27-02-2025T17:35:05 - [TEST_STEP][PASSED] - line = reader.readLine(): null

27-02-2025T17:35:05 - [TEST_STEP][PASSED] - println(line): null

27-02-2025T17:35:05 - [TEST_STEP][PASSED] - group = line.indexOf("<Group>"): null

27-02-2025T17:35:05 - [TEST_STEP][PASSED] - println(group): null

27-02-2025T17:35:05 - [TEST_STEP][PASSED] - if (group >= 0): null

27-02-2025T17:35:05 - [TEST_STEP][PASSED] - else: null

27-02-2025T17:35:05 - [TEST_STEP][PASSED] - if (include): null

27-02-2025T17:35:05 - [TEST_STEP][PASSED] - println(line): null

27-02-2025T17:35:05 - [TEST_STEP][PASSED] - comma = line.indexOf(",y"): null

27-02-2025T17:35:05 - [TEST_STEP][PASSED] - if (comma > 0): null

27-02-2025T17:35:05 - [TEST_STEP][PASSED] - line = reader.readLine(): null

27-02-2025T17:35:05 - [TEST_STEP][PASSED] - println(line): null

27-02-2025T17:35:05 - [TEST_STEP][PASSED] - group = line.indexOf("<Group>"): null

27-02-2025T17:35:05 - [TEST_STEP][PASSED] - println(group): null

27-02-2025T17:35:05 - [TEST_STEP][PASSED] - if (group >= 0): null

27-02-2025T17:35:05 - [TEST_STEP][PASSED] - else: null

27-02-2025T17:35:05 - [TEST_STEP][PASSED] - if (include): null

27-02-2025T17:35:05 - [TEST_STEP][PASSED] - println(line): null

27-02-2025T17:35:05 - [TEST_STEP][PASSED] - comma = line.indexOf(",y"): null

27-02-2025T17:35:05 - [TEST_STEP][PASSED] - if (comma > 0): null

27-02-2025T17:35:05 - [TEST_STEP][PASSED] - line = reader.readLine(): null

27-02-2025T17:35:05 - [TEST_STEP][PASSED] - println(line): null

27-02-2025T17:35:05 - [TEST_STEP][PASSED] - group = line.indexOf("<Group>"): null

27-02-2025T17:35:05 - [TEST_STEP][PASSED] - println(group): null

27-02-2025T17:35:05 - [TEST_STEP][PASSED] - if (group >= 0): null

27-02-2025T17:35:05 - [TEST_STEP][PASSED] - else: null

27-02-2025T17:35:05 - [TEST_STEP][PASSED] - if (include): null

27-02-2025T17:35:05 - [TEST_STEP][PASSED] - println(line): null

27-02-2025T17:35:05 - [TEST_STEP][PASSED] - comma = line.indexOf(",y"): null

27-02-2025T17:35:05 - [TEST_STEP][PASSED] - if (comma > 0): null

27-02-2025T17:35:05 - [TEST_STEP][PASSED] - line = reader.readLine(): null

27-02-2025T17:35:05 - [TEST_STEP][PASSED] - println(line): null

27-02-2025T17:35:05 - [TEST_STEP][PASSED] - group = line.indexOf("<Group>"): null

27-02-2025T17:35:05 - [TEST_STEP][PASSED] - println(group): null

27-02-2025T17:35:05 - [TEST_STEP][PASSED] - if (group >= 0): null

27-02-2025T17:35:05 - [TEST_STEP][PASSED] - else: null

27-02-2025T17:35:05 - [TEST_STEP][PASSED] - if (include): null

27-02-2025T17:35:05 - [TEST_STEP][PASSED] - println(line): null

27-02-2025T17:35:05 - [TEST_STEP][PASSED] - comma = line.indexOf(",y"): null

27-02-2025T17:35:05 - [TEST_STEP][PASSED] - if (comma > 0): null

27-02-2025T17:35:05 - [TEST_STEP][PASSED] - line = reader.readLine(): null

27-02-2025T17:35:05 - [TEST_STEP][PASSED] - println(line): null

27-02-2025T17:35:05 - [TEST_STEP][PASSED] - group = line.indexOf("<Group>"): null

27-02-2025T17:35:05 - [TEST_STEP][PASSED] - println(group): null

27-02-2025T17:35:05 - [TEST_STEP][PASSED] - if (group >= 0): null

27-02-2025T17:35:05 - [TEST_STEP][PASSED] - else: null

27-02-2025T17:35:05 - [TEST_STEP][PASSED] - if (include): null

27-02-2025T17:35:05 - [TEST_STEP][PASSED] - println(line): null

27-02-2025T17:35:05 - [TEST_STEP][PASSED] - comma = line.indexOf(",y"): null

27-02-2025T17:35:05 - [TEST_STEP][PASSED] - if (comma > 0): null

27-02-2025T17:35:05 - [TEST_STEP][PASSED] - line = reader.readLine(): null

27-02-2025T17:35:05 - [TEST_STEP][PASSED] - println(line): null

27-02-2025T17:35:05 - [TEST_STEP][PASSED] - group = line.indexOf("<Group>"): null

27-02-2025T17:35:05 - [TEST_STEP][PASSED] - println(group): null

27-02-2025T17:35:05 - [TEST_STEP][PASSED] - if (group >= 0): null

27-02-2025T17:35:05 - [TEST_STEP][PASSED] - else: null

27-02-2025T17:35:05 - [TEST_STEP][PASSED] - if (include): null

27-02-2025T17:35:05 - [TEST_STEP][PASSED] - println(line): null

27-02-2025T17:35:05 - [TEST_STEP][PASSED] - comma = line.indexOf(",y"): null

27-02-2025T17:35:05 - [TEST_STEP][PASSED] - if (comma > 0): null

27-02-2025T17:35:05 - [TEST_STEP][PASSED] - line = reader.readLine(): null

27-02-2025T17:35:05 - [TEST_STEP][PASSED] - println(line): null

27-02-2025T17:35:05 - [TEST_STEP][PASSED] - group = line.indexOf("<Group>"): null

27-02-2025T17:35:05 - [TEST_STEP][PASSED] - println(group): null

27-02-2025T17:35:05 - [TEST_STEP][PASSED] - if (group >= 0): null

27-02-2025T17:35:05 - [TEST_STEP][PASSED] - else: null

27-02-2025T17:35:05 - [TEST_STEP][PASSED] - if (include): null

27-02-2025T17:35:05 - [TEST_STEP][PASSED] - println(line): null

27-02-2025T17:35:05 - [TEST_STEP][PASSED] - comma = line.indexOf(",y"): null

27-02-2025T17:35:05 - [TEST_STEP][PASSED] - if (comma > 0): null

27-02-2025T17:35:05 - [TEST_STEP][PASSED] - commaCount = StringUtils.countMatches(line, ","): null

27-02-2025T17:35:05 - [TEST_STEP][PASSED] - if (commaCount > 1): null

27-02-2025T17:35:05 - [TEST_STEP][PASSED] - else: null

27-02-2025T17:35:05 - [TEST_STEP][PASSED] - label = line.substring(1, comma): null

27-02-2025T17:35:05 - [TEST_STEP][PASSED] - println(label): null

27-02-2025T17:35:05 - [TEST_STEP][PASSED] - checked.add(label): null

27-02-2025T17:35:05 - [TEST_STEP][PASSED] - line = reader.readLine(): null

27-02-2025T17:35:05 - [TEST_STEP][PASSED] - println(line): null

27-02-2025T17:35:05 - [TEST_STEP][PASSED] - group = line.indexOf("<Group>"): null

27-02-2025T17:35:05 - [TEST_STEP][PASSED] - println(group): null

27-02-2025T17:35:05 - [TEST_STEP][PASSED] - if (group >= 0): null

27-02-2025T17:35:05 - [TEST_STEP][PASSED] - else: null

27-02-2025T17:35:05 - [TEST_STEP][PASSED] - if (include): null

27-02-2025T17:35:05 - [TEST_STEP][PASSED] - println(line): null

27-02-2025T17:35:05 - [TEST_STEP][PASSED] - comma = line.indexOf(",y"): null

27-02-2025T17:35:05 - [TEST_STEP][PASSED] - if (comma > 0): null

27-02-2025T17:35:05 - [TEST_STEP][PASSED] - line = reader.readLine(): null

27-02-2025T17:35:05 - [TEST_STEP][PASSED] - println(line): null

27-02-2025T17:35:05 - [TEST_STEP][PASSED] - group = line.indexOf("<Group>"): null

27-02-2025T17:35:05 - [TEST_STEP][PASSED] - println(group): null

27-02-2025T17:35:05 - [TEST_STEP][PASSED] - if (group >= 0): null

27-02-2025T17:35:05 - [TEST_STEP][PASSED] - else: null

27-02-2025T17:35:05 - [TEST_STEP][PASSED] - if (include): null

27-02-2025T17:35:05 - [TEST_STEP][PASSED] - println(line): null

27-02-2025T17:35:05 - [TEST_STEP][PASSED] - comma = line.indexOf(",y"): null

27-02-2025T17:35:05 - [TEST_STEP][PASSED] - if (comma > 0): null

27-02-2025T17:35:05 - [TEST_STEP][PASSED] - line = reader.readLine(): null

27-02-2025T17:35:05 - [TEST_STEP][PASSED] - println(line): null

27-02-2025T17:35:05 - [TEST_STEP][PASSED] - group = line.indexOf("<Group>"): null

27-02-2025T17:35:05 - [TEST_STEP][PASSED] - println(group): null

27-02-2025T17:35:05 - [TEST_STEP][PASSED] - if (group >= 0): null

27-02-2025T17:35:05 - [TEST_STEP][PASSED] - else: null

27-02-2025T17:35:05 - [TEST_STEP][PASSED] - if (include): null

27-02-2025T17:35:05 - [TEST_STEP][PASSED] - println(line): null

27-02-2025T17:35:05 - [TEST_STEP][PASSED] - comma = line.indexOf(",y"): null

27-02-2025T17:35:05 - [TEST_STEP][PASSED] - if (comma > 0): null

27-02-2025T17:35:05 - [TEST_STEP][PASSED] - line = reader.readLine(): null

27-02-2025T17:35:05 - [TEST_STEP][PASSED] - println(line): null

27-02-2025T17:35:05 - [TEST_STEP][PASSED] - group = line.indexOf("<Group>"): null

27-02-2025T17:35:05 - [TEST_STEP][PASSED] - println(group): null

27-02-2025T17:35:05 - [TEST_STEP][PASSED] - if (group >= 0): null

27-02-2025T17:35:05 - [TEST_STEP][PASSED] - else: null

27-02-2025T17:35:05 - [TEST_STEP][PASSED] - if (include): null

27-02-2025T17:35:05 - [TEST_STEP][PASSED] - println(line): null

27-02-2025T17:35:05 - [TEST_STEP][PASSED] - comma = line.indexOf(",y"): null

27-02-2025T17:35:05 - [TEST_STEP][PASSED] - if (comma > 0): null

27-02-2025T17:35:05 - [TEST_STEP][PASSED] - line = reader.readLine(): null

27-02-2025T17:35:05 - [TEST_STEP][PASSED] - println(line): null

27-02-2025T17:35:05 - [TEST_STEP][PASSED] - group = line.indexOf("<Group>"): null

27-02-2025T17:35:05 - [TEST_STEP][PASSED] - println(group): null

27-02-2025T17:35:05 - [TEST_STEP][PASSED] - if (group >= 0): null

27-02-2025T17:35:05 - [TEST_STEP][PASSED] - else: null

27-02-2025T17:35:05 - [TEST_STEP][PASSED] - if (include): null

27-02-2025T17:35:05 - [TEST_STEP][PASSED] - println(line): null

27-02-2025T17:35:05 - [TEST_STEP][PASSED] - comma = line.indexOf(",y"): null

27-02-2025T17:35:05 - [TEST_STEP][PASSED] - if (comma > 0): null

27-02-2025T17:35:05 - [TEST_STEP][PASSED] - line = reader.readLine(): null

27-02-2025T17:35:05 - [TEST_STEP][PASSED] - println(line): null

27-02-2025T17:35:05 - [TEST_STEP][PASSED] - group = line.indexOf("<Group>"): null

27-02-2025T17:35:05 - [TEST_STEP][PASSED] - println(group): null

27-02-2025T17:35:05 - [TEST_STEP][PASSED] - if (group >= 0): null

27-02-2025T17:35:05 - [TEST_STEP][PASSED] - else: null

27-02-2025T17:35:05 - [TEST_STEP][PASSED] - if (include): null

27-02-2025T17:35:05 - [TEST_STEP][PASSED] - println(line): null

27-02-2025T17:35:05 - [TEST_STEP][PASSED] - comma = line.indexOf(",y"): null

27-02-2025T17:35:05 - [TEST_STEP][PASSED] - if (comma > 0): null

27-02-2025T17:35:05 - [TEST_STEP][PASSED] - line = reader.readLine(): null

27-02-2025T17:35:05 - [TEST_STEP][PASSED] - println(line): null

27-02-2025T17:35:05 - [TEST_STEP][PASSED] - group = line.indexOf("<Group>"): null

27-02-2025T17:35:05 - [TEST_STEP][PASSED] - println(group): null

27-02-2025T17:35:05 - [TEST_STEP][PASSED] - if (group >= 0): null

27-02-2025T17:35:05 - [TEST_STEP][PASSED] - else: null

27-02-2025T17:35:05 - [TEST_STEP][PASSED] - if (include): null

27-02-2025T17:35:05 - [TEST_STEP][PASSED] - println(line): null

27-02-2025T17:35:05 - [TEST_STEP][PASSED] - comma = line.indexOf(",y"): null

27-02-2025T17:35:05 - [TEST_STEP][PASSED] - if (comma > 0): null

27-02-2025T17:35:05 - [TEST_STEP][PASSED] - line = reader.readLine(): null

27-02-2025T17:35:05 - [TEST_STEP][PASSED] - println(line): null

27-02-2025T17:35:05 - [TEST_STEP][PASSED] - group = line.indexOf("<Group>"): null

27-02-2025T17:35:05 - [TEST_STEP][PASSED] - println(group): null

27-02-2025T17:35:05 - [TEST_STEP][PASSED] - if (group >= 0): null

27-02-2025T17:35:05 - [TEST_STEP][PASSED] - else: null

27-02-2025T17:35:05 - [TEST_STEP][PASSED] - if (include): null

27-02-2025T17:35:05 - [TEST_STEP][PASSED] - println(line): null

27-02-2025T17:35:05 - [TEST_STEP][PASSED] - comma = line.indexOf(",y"): null

27-02-2025T17:35:05 - [TEST_STEP][PASSED] - if (comma > 0): null

27-02-2025T17:35:05 - [TEST_STEP][PASSED] - line = reader.readLine(): null

27-02-2025T17:35:05 - [TEST_STEP][PASSED] - println(line): null

27-02-2025T17:35:05 - [TEST_STEP][PASSED] - group = line.indexOf("<Group>"): null

27-02-2025T17:35:05 - [TEST_STEP][PASSED] - println(group): null

27-02-2025T17:35:05 - [TEST_STEP][PASSED] - if (group >= 0): null

27-02-2025T17:35:05 - [TEST_STEP][PASSED] - else: null

27-02-2025T17:35:05 - [TEST_STEP][PASSED] - if (include): null

27-02-2025T17:35:05 - [TEST_STEP][PASSED] - println(line): null

27-02-2025T17:35:05 - [TEST_STEP][PASSED] - comma = line.indexOf(",y"): null

27-02-2025T17:35:05 - [TEST_STEP][PASSED] - if (comma > 0): null

27-02-2025T17:35:05 - [TEST_STEP][PASSED] - line = reader.readLine(): null

27-02-2025T17:35:05 - [TEST_STEP][PASSED] - println(line): null

27-02-2025T17:35:05 - [TEST_STEP][PASSED] - group = line.indexOf("<Group>"): null

27-02-2025T17:35:05 - [TEST_STEP][PASSED] - println(group): null

27-02-2025T17:35:05 - [TEST_STEP][PASSED] - if (group >= 0): null

27-02-2025T17:35:05 - [TEST_STEP][PASSED] - else: null

27-02-2025T17:35:05 - [TEST_STEP][PASSED] - if (include): null

27-02-2025T17:35:05 - [TEST_STEP][PASSED] - println(line): null

27-02-2025T17:35:05 - [TEST_STEP][PASSED] - comma = line.indexOf(",y"): null

27-02-2025T17:35:05 - [TEST_STEP][PASSED] - if (comma > 0): null

27-02-2025T17:35:05 - [TEST_STEP][PASSED] - line = reader.readLine(): null

27-02-2025T17:35:05 - [TEST_STEP][PASSED] - println(line): null

27-02-2025T17:35:05 - [TEST_STEP][PASSED] - group = line.indexOf("<Group>"): null

27-02-2025T17:35:05 - [TEST_STEP][PASSED] - println(group): null

27-02-2025T17:35:05 - [TEST_STEP][PASSED] - if (group >= 0): null

27-02-2025T17:35:05 - [TEST_STEP][PASSED] - else: null

27-02-2025T17:35:05 - [TEST_STEP][PASSED] - if (include): null

27-02-2025T17:35:05 - [TEST_STEP][PASSED] - println(line): null

27-02-2025T17:35:05 - [TEST_STEP][PASSED] - comma = line.indexOf(",y"): null

27-02-2025T17:35:05 - [TEST_STEP][PASSED] - if (comma > 0): null

27-02-2025T17:35:05 - [TEST_STEP][PASSED] - line = reader.readLine(): null

27-02-2025T17:35:05 - [TEST_STEP][PASSED] - println(line): null

27-02-2025T17:35:05 - [TEST_STEP][PASSED] - group = line.indexOf("<Group>"): null

27-02-2025T17:35:05 - [TEST_STEP][PASSED] - println(group): null

27-02-2025T17:35:05 - [TEST_STEP][PASSED] - if (group >= 0): null

27-02-2025T17:35:05 - [TEST_STEP][PASSED] - else: null

27-02-2025T17:35:05 - [TEST_STEP][PASSED] - if (include): null

27-02-2025T17:35:05 - [TEST_STEP][PASSED] - println(line): null

27-02-2025T17:35:05 - [TEST_STEP][PASSED] - comma = line.indexOf(",y"): null

27-02-2025T17:35:05 - [TEST_STEP][PASSED] - if (comma > 0): null

27-02-2025T17:35:05 - [TEST_STEP][PASSED] - line = reader.readLine(): null

27-02-2025T17:35:05 - [TEST_STEP][PASSED] - println(line): null

27-02-2025T17:35:05 - [TEST_STEP][PASSED] - group = line.indexOf("<Group>"): null

27-02-2025T17:35:05 - [TEST_STEP][PASSED] - println(group): null

27-02-2025T17:35:05 - [TEST_STEP][PASSED] - if (group >= 0): null

27-02-2025T17:35:05 - [TEST_STEP][PASSED] - else: null

27-02-2025T17:35:05 - [TEST_STEP][PASSED] - if (include): null

27-02-2025T17:35:05 - [TEST_STEP][PASSED] - println(line): null

27-02-2025T17:35:05 - [TEST_STEP][PASSED] - comma = line.indexOf(",y"): null

27-02-2025T17:35:05 - [TEST_STEP][PASSED] - if (comma > 0): null

27-02-2025T17:35:05 - [TEST_STEP][PASSED] - line = reader.readLine(): null

27-02-2025T17:35:05 - [TEST_STEP][PASSED] - println(line): null

27-02-2025T17:35:05 - [TEST_STEP][PASSED] - group = line.indexOf("<Group>"): null

27-02-2025T17:35:05 - [TEST_STEP][PASSED] - println(group): null

27-02-2025T17:35:05 - [TEST_STEP][PASSED] - if (group >= 0): null

27-02-2025T17:35:05 - [TEST_STEP][PASSED] - else: null

27-02-2025T17:35:05 - [TEST_STEP][PASSED] - if (include): null

27-02-2025T17:35:05 - [TEST_STEP][PASSED] - println(line): null

27-02-2025T17:35:05 - [TEST_STEP][PASSED] - comma = line.indexOf(",y"): null

27-02-2025T17:35:05 - [TEST_STEP][PASSED] - if (comma > 0): null

27-02-2025T17:35:05 - [TEST_STEP][PASSED] - line = reader.readLine(): null

27-02-2025T17:35:05 - [TEST_STEP][PASSED] - println(line): null

27-02-2025T17:35:05 - [TEST_STEP][PASSED] - group = line.indexOf("<Group>"): null

27-02-2025T17:35:05 - [TEST_STEP][PASSED] - println(group): null

27-02-2025T17:35:05 - [TEST_STEP][PASSED] - if (group >= 0): null

27-02-2025T17:35:05 - [TEST_STEP][PASSED] - else: null

27-02-2025T17:35:05 - [TEST_STEP][PASSED] - if (include): null

27-02-2025T17:35:05 - [TEST_STEP][PASSED] - println(line): null

27-02-2025T17:35:05 - [TEST_STEP][PASSED] - comma = line.indexOf(",y"): null

27-02-2025T17:35:05 - [TEST_STEP][PASSED] - if (comma > 0): null

27-02-2025T17:35:05 - [TEST_STEP][PASSED] - line = reader.readLine(): null

27-02-2025T17:35:05 - [TEST_STEP][PASSED] - println(line): null

27-02-2025T17:35:05 - [TEST_STEP][PASSED] - group = line.indexOf("<Group>"): null

27-02-2025T17:35:05 - [TEST_STEP][PASSED] - println(group): null

27-02-2025T17:35:05 - [TEST_STEP][PASSED] - if (group >= 0): null

27-02-2025T17:35:05 - [TEST_STEP][PASSED] - else: null

27-02-2025T17:35:05 - [TEST_STEP][PASSED] - if (include): null

27-02-2025T17:35:05 - [TEST_STEP][PASSED] - println(line): null

27-02-2025T17:35:05 - [TEST_STEP][PASSED] - comma = line.indexOf(",y"): null

27-02-2025T17:35:05 - [TEST_STEP][PASSED] - if (comma > 0): null

27-02-2025T17:35:05 - [TEST_STEP][PASSED] - line = reader.readLine(): null

27-02-2025T17:35:05 - [TEST_STEP][PASSED] - println(line): null

27-02-2025T17:35:05 - [TEST_STEP][PASSED] - group = line.indexOf("<Group>"): null

27-02-2025T17:35:05 - [TEST_STEP][PASSED] - println(group): null

27-02-2025T17:35:05 - [TEST_STEP][PASSED] - if (group >= 0): null

27-02-2025T17:35:05 - [TEST_STEP][PASSED] - else: null

27-02-2025T17:35:05 - [TEST_STEP][PASSED] - if (include): null

27-02-2025T17:35:05 - [TEST_STEP][PASSED] - println(line): null

27-02-2025T17:35:05 - [TEST_STEP][PASSED] - comma = line.indexOf(",y"): null

27-02-2025T17:35:05 - [TEST_STEP][PASSED] - if (comma > 0): null

27-02-2025T17:35:05 - [TEST_STEP][PASSED] - line = reader.readLine(): null

27-02-2025T17:35:05 - [TEST_STEP][PASSED] - println(line): null

27-02-2025T17:35:05 - [TEST_STEP][PASSED] - group = line.indexOf("<Group>"): null

27-02-2025T17:35:05 - [TEST_STEP][PASSED] - println(group): null

27-02-2025T17:35:05 - [TEST_STEP][PASSED] - if (group >= 0): null

27-02-2025T17:35:05 - [TEST_STEP][PASSED] - else: null

27-02-2025T17:35:05 - [TEST_STEP][PASSED] - if (include): null

27-02-2025T17:35:05 - [TEST_STEP][PASSED] - println(line): null

27-02-2025T17:35:05 - [TEST_STEP][PASSED] - comma = line.indexOf(",y"): null

27-02-2025T17:35:05 - [TEST_STEP][PASSED] - if (comma > 0): null

27-02-2025T17:35:05 - [TEST_STEP][PASSED] - line = reader.readLine(): null

27-02-2025T17:35:05 - [TEST_STEP][PASSED] - println(line): null

27-02-2025T17:35:05 - [TEST_STEP][PASSED] - group = line.indexOf("<Group>"): null

27-02-2025T17:35:05 - [TEST_STEP][PASSED] - println(group): null

27-02-2025T17:35:05 - [TEST_STEP][PASSED] - if (group >= 0): null

27-02-2025T17:35:05 - [TEST_STEP][PASSED] - else: null

27-02-2025T17:35:05 - [TEST_STEP][PASSED] - if (include): null

27-02-2025T17:35:05 - [TEST_STEP][PASSED] - println(line): null

27-02-2025T17:35:05 - [TEST_STEP][PASSED] - comma = line.indexOf(",y"): null

27-02-2025T17:35:05 - [TEST_STEP][PASSED] - if (comma > 0): null

27-02-2025T17:35:05 - [TEST_STEP][PASSED] - line = reader.readLine(): null

27-02-2025T17:35:05 - [TEST_STEP][PASSED] - println(line): null

27-02-2025T17:35:05 - [TEST_STEP][PASSED] - group = line.indexOf("<Group>"): null

27-02-2025T17:35:05 - [TEST_STEP][PASSED] - println(group): null

27-02-2025T17:35:05 - [TEST_STEP][PASSED] - if (group >= 0): null

27-02-2025T17:35:05 - [TEST_STEP][PASSED] - else: null

27-02-2025T17:35:05 - [TEST_STEP][PASSED] - if (include): null

27-02-2025T17:35:05 - [TEST_STEP][PASSED] - println(line): null

27-02-2025T17:35:05 - [TEST_STEP][PASSED] - comma = line.indexOf(",y"): null

27-02-2025T17:35:05 - [TEST_STEP][PASSED] - if (comma > 0): null

27-02-2025T17:35:05 - [TEST_STEP][PASSED] - line = reader.readLine(): null

27-02-2025T17:35:05 - [TEST_STEP][PASSED] - println(line): null

27-02-2025T17:35:05 - [TEST_STEP][PASSED] - group = line.indexOf("<Group>"): null

27-02-2025T17:35:05 - [TEST_STEP][PASSED] - println(group): null

27-02-2025T17:35:05 - [TEST_STEP][PASSED] - if (group >= 0): null

27-02-2025T17:35:05 - [TEST_STEP][PASSED] - else: null

27-02-2025T17:35:05 - [TEST_STEP][PASSED] - if (include): null

27-02-2025T17:35:05 - [TEST_STEP][PASSED] - println(line): null

27-02-2025T17:35:05 - [TEST_STEP][PASSED] - comma = line.indexOf(",y"): null

27-02-2025T17:35:05 - [TEST_STEP][PASSED] - if (comma > 0): null

27-02-2025T17:35:05 - [TEST_STEP][PASSED] - line = reader.readLine(): null

27-02-2025T17:35:05 - [TEST_STEP][PASSED] - println(line): null

27-02-2025T17:35:05 - [TEST_STEP][PASSED] - group = line.indexOf("<Group>"): null

27-02-2025T17:35:05 - [TEST_STEP][PASSED] - println(group): null

27-02-2025T17:35:05 - [TEST_STEP][PASSED] - if (group >= 0): null

27-02-2025T17:35:05 - [TEST_STEP][PASSED] - else: null

27-02-2025T17:35:05 - [TEST_STEP][PASSED] - if (include): null

27-02-2025T17:35:05 - [TEST_STEP][PASSED] - println(line): null

27-02-2025T17:35:05 - [TEST_STEP][PASSED] - comma = line.indexOf(",y"): null

27-02-2025T17:35:05 - [TEST_STEP][PASSED] - if (comma > 0): null

27-02-2025T17:35:05 - [TEST_STEP][PASSED] - line = reader.readLine(): null

27-02-2025T17:35:05 - [TEST_STEP][PASSED] - println(line): null

27-02-2025T17:35:05 - [TEST_STEP][PASSED] - group = line.indexOf("<Group>"): null

27-02-2025T17:35:05 - [TEST_STEP][PASSED] - println(group): null

27-02-2025T17:35:05 - [TEST_STEP][PASSED] - if (group >= 0): null

27-02-2025T17:35:05 - [TEST_STEP][PASSED] - else: null

27-02-2025T17:35:05 - [TEST_STEP][PASSED] - if (include): null

27-02-2025T17:35:05 - [TEST_STEP][PASSED] - println(line): null

27-02-2025T17:35:05 - [TEST_STEP][PASSED] - comma = line.indexOf(",y"): null

27-02-2025T17:35:05 - [TEST_STEP][PASSED] - if (comma > 0): null

27-02-2025T17:35:05 - [TEST_STEP][PASSED] - line = reader.readLine(): null

27-02-2025T17:35:05 - [TEST_STEP][PASSED] - println(line): null

27-02-2025T17:35:05 - [TEST_STEP][PASSED] - group = line.indexOf("<Group>"): null

27-02-2025T17:35:05 - [TEST_STEP][PASSED] - println(group): null

27-02-2025T17:35:05 - [TEST_STEP][PASSED] - if (group >= 0): null

27-02-2025T17:35:05 - [TEST_STEP][PASSED] - else: null

27-02-2025T17:35:05 - [TEST_STEP][PASSED] - if (include): null

27-02-2025T17:35:05 - [TEST_STEP][PASSED] - println(line): null

27-02-2025T17:35:05 - [TEST_STEP][PASSED] - comma = line.indexOf(",y"): null

27-02-2025T17:35:05 - [TEST_STEP][PASSED] - if (comma > 0): null

27-02-2025T17:35:05 - [TEST_STEP][PASSED] - line = reader.readLine(): null

27-02-2025T17:35:05 - [TEST_STEP][PASSED] - println(line): null

27-02-2025T17:35:05 - [TEST_STEP][PASSED] - group = line.indexOf("<Group>"): null

27-02-2025T17:35:05 - [TEST_STEP][PASSED] - println(group): null

27-02-2025T17:35:05 - [TEST_STEP][PASSED] - if (group >= 0): null

27-02-2025T17:35:05 - [TEST_STEP][PASSED] - else: null

27-02-2025T17:35:05 - [TEST_STEP][PASSED] - if (include): null

27-02-2025T17:35:05 - [TEST_STEP][PASSED] - println(line): null

27-02-2025T17:35:05 - [TEST_STEP][PASSED] - comma = line.indexOf(",y"): null

27-02-2025T17:35:05 - [TEST_STEP][PASSED] - if (comma > 0): null

27-02-2025T17:35:05 - [TEST_STEP][PASSED] - line = reader.readLine(): null

27-02-2025T17:35:05 - [TEST_STEP][PASSED] - println(line): null

27-02-2025T17:35:05 - [TEST_STEP][PASSED] - group = line.indexOf("<Group>"): null

27-02-2025T17:35:05 - [TEST_STEP][PASSED] - println(group): null

27-02-2025T17:35:05 - [TEST_STEP][PASSED] - if (group >= 0): null

27-02-2025T17:35:05 - [TEST_STEP][PASSED] - else: null

27-02-2025T17:35:05 - [TEST_STEP][PASSED] - if (include): null

27-02-2025T17:35:05 - [TEST_STEP][PASSED] - println(line): null

27-02-2025T17:35:05 - [TEST_STEP][PASSED] - comma = line.indexOf(",y"): null

27-02-2025T17:35:05 - [TEST_STEP][PASSED] - if (comma > 0): null

27-02-2025T17:35:05 - [TEST_STEP][PASSED] - line = reader.readLine(): null

27-02-2025T17:35:05 - [TEST_STEP][PASSED] - println(line): null

27-02-2025T17:35:05 - [TEST_STEP][PASSED] - group = line.indexOf("<Group>"): null

27-02-2025T17:35:05 - [TEST_STEP][PASSED] - println(group): null

27-02-2025T17:35:05 - [TEST_STEP][PASSED] - if (group >= 0): null

27-02-2025T17:35:05 - [TEST_STEP][PASSED] - else: null

27-02-2025T17:35:05 - [TEST_STEP][PASSED] - if (include): null

27-02-2025T17:35:05 - [TEST_STEP][PASSED] - println(line): null

27-02-2025T17:35:05 - [TEST_STEP][PASSED] - comma = line.indexOf(",y"): null

27-02-2025T17:35:05 - [TEST_STEP][PASSED] - if (comma > 0): null

27-02-2025T17:35:05 - [TEST_STEP][PASSED] - commaCount = StringUtils.countMatches(line, ","): null

27-02-2025T17:35:05 - [TEST_STEP][PASSED] - if (commaCount > 1): null

27-02-2025T17:35:05 - [TEST_STEP][PASSED] - else: null

27-02-2025T17:35:05 - [TEST_STEP][PASSED] - label = line.substring(1, comma): null

27-02-2025T17:35:05 - [TEST_STEP][PASSED] - println(label): null

27-02-2025T17:35:05 - [TEST_STEP][PASSED] - checked.add(label): null

27-02-2025T17:35:05 - [TEST_STEP][PASSED] - line = reader.readLine(): null

27-02-2025T17:35:05 - [TEST_STEP][PASSED] - println(line): null

27-02-2025T17:35:05 - [TEST_STEP][PASSED] - group = line.indexOf("<Group>"): null

27-02-2025T17:35:05 - [TEST_STEP][PASSED] - println(group): null

27-02-2025T17:35:05 - [TEST_STEP][PASSED] - if (group >= 0): null

27-02-2025T17:35:05 - [TEST_STEP][PASSED] - else: null

27-02-2025T17:35:05 - [TEST_STEP][PASSED] - if (include): null

27-02-2025T17:35:05 - [TEST_STEP][PASSED] - println(line): null

27-02-2025T17:35:05 - [TEST_STEP][PASSED] - comma = line.indexOf(",y"): null

27-02-2025T17:35:05 - [TEST_STEP][PASSED] - if (comma > 0): null

27-02-2025T17:35:05 - [TEST_STEP][PASSED] - line = reader.readLine(): null

27-02-2025T17:35:05 - [TEST_STEP][PASSED] - println(line): null

27-02-2025T17:35:05 - [TEST_STEP][PASSED] - group = line.indexOf("<Group>"): null

27-02-2025T17:35:05 - [TEST_STEP][PASSED] - println(group): null

27-02-2025T17:35:05 - [TEST_STEP][PASSED] - if (group >= 0): null

27-02-2025T17:35:05 - [TEST_STEP][PASSED] - else: null

27-02-2025T17:35:05 - [TEST_STEP][PASSED] - if (include): null

27-02-2025T17:35:05 - [TEST_STEP][PASSED] - println(line): null

27-02-2025T17:35:05 - [TEST_STEP][PASSED] - comma = line.indexOf(",y"): null

27-02-2025T17:35:05 - [TEST_STEP][PASSED] - if (comma > 0): null

27-02-2025T17:35:05 - [TEST_STEP][PASSED] - commaCount = StringUtils.countMatches(line, ","): null

27-02-2025T17:35:05 - [TEST_STEP][PASSED] - if (commaCount > 1): null

27-02-2025T17:35:05 - [TEST_STEP][PASSED] - else: null

27-02-2025T17:35:05 - [TEST_STEP][PASSED] - label = line.substring(1, comma): null

27-02-2025T17:35:05 - [TEST_STEP][PASSED] - println(label): null

27-02-2025T17:35:05 - [TEST_STEP][PASSED] - checked.add(label): null

27-02-2025T17:35:05 - [TEST_STEP][PASSED] - line = reader.readLine(): null

27-02-2025T17:35:05 - [TEST_STEP][PASSED] - println(line): null

27-02-2025T17:35:05 - [TEST_STEP][PASSED] - group = line.indexOf("<Group>"): null

27-02-2025T17:35:05 - [TEST_STEP][PASSED] - println(group): null

27-02-2025T17:35:05 - [TEST_STEP][PASSED] - if (group >= 0): null

27-02-2025T17:35:05 - [TEST_STEP][PASSED] - else: null

27-02-2025T17:35:05 - [TEST_STEP][PASSED] - if (include): null

27-02-2025T17:35:05 - [TEST_STEP][PASSED] - println(line): null

27-02-2025T17:35:05 - [TEST_STEP][PASSED] - comma = line.indexOf(",y"): null

27-02-2025T17:35:05 - [TEST_STEP][PASSED] - if (comma > 0): null

27-02-2025T17:35:05 - [TEST_STEP][PASSED] - line = reader.readLine(): null

27-02-2025T17:35:05 - [TEST_STEP][PASSED] - println(line): null

27-02-2025T17:35:05 - [TEST_STEP][PASSED] - group = line.indexOf("<Group>"): null

27-02-2025T17:35:05 - [TEST_STEP][PASSED] - println(group): null

27-02-2025T17:35:05 - [TEST_STEP][PASSED] - if (group >= 0): null

27-02-2025T17:35:05 - [TEST_STEP][PASSED] - else: null

27-02-2025T17:35:05 - [TEST_STEP][PASSED] - if (include): null

27-02-2025T17:35:05 - [TEST_STEP][PASSED] - println(line): null

27-02-2025T17:35:05 - [TEST_STEP][PASSED] - comma = line.indexOf(",y"): null

27-02-2025T17:35:05 - [TEST_STEP][PASSED] - if (comma > 0): null

27-02-2025T17:35:05 - [TEST_STEP][PASSED] - line = reader.readLine(): null

27-02-2025T17:35:05 - [TEST_STEP][PASSED] - println(line): null

27-02-2025T17:35:05 - [TEST_STEP][PASSED] - group = line.indexOf("<Group>"): null

27-02-2025T17:35:05 - [TEST_STEP][PASSED] - println(group): null

27-02-2025T17:35:05 - [TEST_STEP][PASSED] - if (group >= 0): null

27-02-2025T17:35:05 - [TEST_STEP][PASSED] - else: null

27-02-2025T17:35:05 - [TEST_STEP][PASSED] - if (include): null

27-02-2025T17:35:05 - [TEST_STEP][PASSED] - println(line): null

27-02-2025T17:35:05 - [TEST_STEP][PASSED] - comma = line.indexOf(",y"): null

27-02-2025T17:35:05 - [TEST_STEP][PASSED] - if (comma > 0): null

27-02-2025T17:35:05 - [TEST_STEP][PASSED] - line = reader.readLine(): null

27-02-2025T17:35:05 - [TEST_STEP][PASSED] - println(line): null

27-02-2025T17:35:05 - [TEST_STEP][PASSED] - group = line.indexOf("<Group>"): null

27-02-2025T17:35:05 - [TEST_STEP][PASSED] - println(group): null

27-02-2025T17:35:05 - [TEST_STEP][PASSED] - if (group >= 0): null

27-02-2025T17:35:05 - [TEST_STEP][PASSED] - else: null

27-02-2025T17:35:05 - [TEST_STEP][PASSED] - if (include): null

27-02-2025T17:35:05 - [TEST_STEP][PASSED] - println(line): null

27-02-2025T17:35:05 - [TEST_STEP][PASSED] - comma = line.indexOf(",y"): null

27-02-2025T17:35:05 - [TEST_STEP][PASSED] - if (comma > 0): null

27-02-2025T17:35:05 - [TEST_STEP][PASSED] - line = reader.readLine(): null

27-02-2025T17:35:05 - [TEST_STEP][PASSED] - println(line): null

27-02-2025T17:35:05 - [TEST_STEP][PASSED] - group = line.indexOf("<Group>"): null

27-02-2025T17:35:05 - [TEST_STEP][PASSED] - println(group): null

27-02-2025T17:35:05 - [TEST_STEP][PASSED] - if (group >= 0): null

27-02-2025T17:35:05 - [TEST_STEP][PASSED] - else: null

27-02-2025T17:35:05 - [TEST_STEP][PASSED] - if (include): null

27-02-2025T17:35:05 - [TEST_STEP][PASSED] - println(line): null

27-02-2025T17:35:05 - [TEST_STEP][PASSED] - comma = line.indexOf(",y"): null

27-02-2025T17:35:05 - [TEST_STEP][PASSED] - if (comma > 0): null

27-02-2025T17:35:05 - [TEST_STEP][PASSED] - line = reader.readLine(): null

27-02-2025T17:35:05 - [TEST_STEP][PASSED] - println(line): null

27-02-2025T17:35:05 - [TEST_STEP][PASSED] - group = line.indexOf("<Group>"): null

27-02-2025T17:35:05 - [TEST_STEP][PASSED] - println(group): null

27-02-2025T17:35:05 - [TEST_STEP][PASSED] - if (group >= 0): null

27-02-2025T17:35:05 - [TEST_STEP][PASSED] - else: null

27-02-2025T17:35:05 - [TEST_STEP][PASSED] - if (include): null

27-02-2025T17:35:05 - [TEST_STEP][PASSED] - println(line): null

27-02-2025T17:35:05 - [TEST_STEP][PASSED] - comma = line.indexOf(",y"): null

27-02-2025T17:35:05 - [TEST_STEP][PASSED] - if (comma > 0): null

27-02-2025T17:35:05 - [TEST_STEP][PASSED] - line = reader.readLine(): null

27-02-2025T17:35:05 - [TEST_STEP][PASSED] - println(line): null

27-02-2025T17:35:05 - [TEST_STEP][PASSED] - group = line.indexOf("<Group>"): null

27-02-2025T17:35:05 - [TEST_STEP][PASSED] - println(group): null

27-02-2025T17:35:05 - [TEST_STEP][PASSED] - if (group >= 0): null

27-02-2025T17:35:05 - [TEST_STEP][PASSED] - else: null

27-02-2025T17:35:05 - [TEST_STEP][PASSED] - if (include): null

27-02-2025T17:35:05 - [TEST_STEP][PASSED] - println(line): null

27-02-2025T17:35:05 - [TEST_STEP][PASSED] - comma = line.indexOf(",y"): null

27-02-2025T17:35:05 - [TEST_STEP][PASSED] - if (comma > 0): null

27-02-2025T17:35:05 - [TEST_STEP][PASSED] - commaCount = StringUtils.countMatches(line, ","): null

27-02-2025T17:35:05 - [TEST_STEP][PASSED] - if (commaCount > 1): null

27-02-2025T17:35:05 - [TEST_STEP][PASSED] - else: null

27-02-2025T17:35:05 - [TEST_STEP][PASSED] - label = line.substring(1, comma): null

27-02-2025T17:35:05 - [TEST_STEP][PASSED] - println(label): null

27-02-2025T17:35:05 - [TEST_STEP][PASSED] - checked.add(label): null

27-02-2025T17:35:05 - [TEST_STEP][PASSED] - line = reader.readLine(): null

27-02-2025T17:35:05 - [TEST_STEP][PASSED] - println(line): null

27-02-2025T17:35:05 - [TEST_STEP][PASSED] - group = line.indexOf("<Group>"): null

27-02-2025T17:35:05 - [TEST_STEP][PASSED] - println(group): null

27-02-2025T17:35:05 - [TEST_STEP][PASSED] - if (group >= 0): null

27-02-2025T17:35:05 - [TEST_STEP][PASSED] - else: null

27-02-2025T17:35:05 - [TEST_STEP][PASSED] - if (include): null

27-02-2025T17:35:05 - [TEST_STEP][PASSED] - println(line): null

27-02-2025T17:35:05 - [TEST_STEP][PASSED] - comma = line.indexOf(",y"): null

27-02-2025T17:35:05 - [TEST_STEP][PASSED] - if (comma > 0): null

27-02-2025T17:35:05 - [TEST_STEP][PASSED] - line = reader.readLine(): null

27-02-2025T17:35:05 - [TEST_STEP][PASSED] - println(line): null

27-02-2025T17:35:05 - [TEST_STEP][PASSED] - group = line.indexOf("<Group>"): null

27-02-2025T17:35:05 - [TEST_STEP][PASSED] - println(group): null

27-02-2025T17:35:05 - [TEST_STEP][PASSED] - if (group >= 0): null

27-02-2025T17:35:05 - [TEST_STEP][PASSED] - else: null

27-02-2025T17:35:05 - [TEST_STEP][PASSED] - if (include): null

27-02-2025T17:35:05 - [TEST_STEP][PASSED] - println(line): null

27-02-2025T17:35:05 - [TEST_STEP][PASSED] - comma = line.indexOf(",y"): null

27-02-2025T17:35:05 - [TEST_STEP][PASSED] - if (comma > 0): null

27-02-2025T17:35:05 - [TEST_STEP][PASSED] - line = reader.readLine(): null

27-02-2025T17:35:05 - [TEST_STEP][PASSED] - println(line): null

27-02-2025T17:35:05 - [TEST_STEP][PASSED] - group = line.indexOf("<Group>"): null

27-02-2025T17:35:05 - [TEST_STEP][PASSED] - println(group): null

27-02-2025T17:35:05 - [TEST_STEP][PASSED] - if (group >= 0): null

27-02-2025T17:35:05 - [TEST_STEP][PASSED] - else: null

27-02-2025T17:35:05 - [TEST_STEP][PASSED] - if (include): null

27-02-2025T17:35:05 - [TEST_STEP][PASSED] - println(line): null

27-02-2025T17:35:05 - [TEST_STEP][PASSED] - comma = line.indexOf(",y"): null

27-02-2025T17:35:05 - [TEST_STEP][PASSED] - if (comma > 0): null

27-02-2025T17:35:05 - [TEST_STEP][PASSED] - line = reader.readLine(): null

27-02-2025T17:35:05 - [TEST_STEP][PASSED] - println(line): null

27-02-2025T17:35:05 - [TEST_STEP][PASSED] - group = line.indexOf("<Group>"): null

27-02-2025T17:35:05 - [TEST_STEP][PASSED] - println(group): null

27-02-2025T17:35:05 - [TEST_STEP][PASSED] - if (group >= 0): null

27-02-2025T17:35:05 - [TEST_STEP][PASSED] - else: null

27-02-2025T17:35:05 - [TEST_STEP][PASSED] - if (include): null

27-02-2025T17:35:05 - [TEST_STEP][PASSED] - println(line): null

27-02-2025T17:35:05 - [TEST_STEP][PASSED] - comma = line.indexOf(",y"): null

27-02-2025T17:35:05 - [TEST_STEP][PASSED] - if (comma > 0): null

27-02-2025T17:35:05 - [TEST_STEP][PASSED] - line = reader.readLine(): null

27-02-2025T17:35:05 - [TEST_STEP][PASSED] - println(line): null

27-02-2025T17:35:05 - [TEST_STEP][PASSED] - group = line.indexOf("<Group>"): null

27-02-2025T17:35:05 - [TEST_STEP][PASSED] - println(group): null

27-02-2025T17:35:05 - [TEST_STEP][PASSED] - if (group >= 0): null

27-02-2025T17:35:05 - [TEST_STEP][PASSED] - else: null

27-02-2025T17:35:05 - [TEST_STEP][PASSED] - if (include): null

27-02-2025T17:35:05 - [TEST_STEP][PASSED] - println(line): null

27-02-2025T17:35:05 - [TEST_STEP][PASSED] - comma = line.indexOf(",y"): null

27-02-2025T17:35:05 - [TEST_STEP][PASSED] - if (comma > 0): null

27-02-2025T17:35:05 - [TEST_STEP][PASSED] - line = reader.readLine(): null

27-02-2025T17:35:05 - [TEST_STEP][PASSED] - println(line): null

27-02-2025T17:35:05 - [TEST_STEP][PASSED] - group = line.indexOf("<Group>"): null

27-02-2025T17:35:05 - [TEST_STEP][PASSED] - println(group): null

27-02-2025T17:35:05 - [TEST_STEP][PASSED] - if (group >= 0): null

27-02-2025T17:35:05 - [TEST_STEP][PASSED] - else: null

27-02-2025T17:35:05 - [TEST_STEP][PASSED] - if (include): null

27-02-2025T17:35:05 - [TEST_STEP][PASSED] - println(line): null

27-02-2025T17:35:05 - [TEST_STEP][PASSED] - comma = line.indexOf(",y"): null

27-02-2025T17:35:05 - [TEST_STEP][PASSED] - if (comma > 0): null

27-02-2025T17:35:05 - [TEST_STEP][PASSED] - line = reader.readLine(): null

27-02-2025T17:35:05 - [TEST_STEP][PASSED] - println(line): null

27-02-2025T17:35:05 - [TEST_STEP][PASSED] - group = line.indexOf("<Group>"): null

27-02-2025T17:35:05 - [TEST_STEP][PASSED] - println(group): null

27-02-2025T17:35:05 - [TEST_STEP][PASSED] - if (group >= 0): null

27-02-2025T17:35:05 - [TEST_STEP][PASSED] - else: null

27-02-2025T17:35:05 - [TEST_STEP][PASSED] - if (include): null

27-02-2025T17:35:05 - [TEST_STEP][PASSED] - println(line): null

27-02-2025T17:35:05 - [TEST_STEP][PASSED] - comma = line.indexOf(",y"): null

27-02-2025T17:35:05 - [TEST_STEP][PASSED] - if (comma > 0): null

27-02-2025T17:35:05 - [TEST_STEP][PASSED] - line = reader.readLine(): null

27-02-2025T17:35:05 - [TEST_STEP][PASSED] - println(line): null

27-02-2025T17:35:05 - [TEST_STEP][PASSED] - group = line.indexOf("<Group>"): null

27-02-2025T17:35:05 - [TEST_STEP][PASSED] - println(group): null

27-02-2025T17:35:05 - [TEST_STEP][PASSED] - if (group >= 0): null

27-02-2025T17:35:05 - [TEST_STEP][PASSED] - else: null

27-02-2025T17:35:05 - [TEST_STEP][PASSED] - if (include): null

27-02-2025T17:35:05 - [TEST_STEP][PASSED] - println(line): null

27-02-2025T17:35:05 - [TEST_STEP][PASSED] - comma = line.indexOf(",y"): null

27-02-2025T17:35:05 - [TEST_STEP][PASSED] - if (comma > 0): null

27-02-2025T17:35:05 - [TEST_STEP][PASSED] - line = reader.readLine(): null

27-02-2025T17:35:05 - [TEST_STEP][PASSED] - println(line): null

27-02-2025T17:35:05 - [TEST_STEP][PASSED] - group = line.indexOf("<Group>"): null

27-02-2025T17:35:05 - [TEST_STEP][PASSED] - println(group): null

27-02-2025T17:35:05 - [TEST_STEP][PASSED] - if (group >= 0): null

27-02-2025T17:35:05 - [TEST_STEP][PASSED] - else: null

27-02-2025T17:35:05 - [TEST_STEP][PASSED] - if (include): null

27-02-2025T17:35:05 - [TEST_STEP][PASSED] - println(line): null

27-02-2025T17:35:05 - [TEST_STEP][PASSED] - comma = line.indexOf(",y"): null

27-02-2025T17:35:05 - [TEST_STEP][PASSED] - if (comma > 0): null

27-02-2025T17:35:05 - [TEST_STEP][PASSED] - line = reader.readLine(): null

27-02-2025T17:35:05 - [TEST_STEP][PASSED] - println(line): null

27-02-2025T17:35:05 - [TEST_STEP][PASSED] - group = line.indexOf("<Group>"): null

27-02-2025T17:35:05 - [TEST_STEP][PASSED] - println(group): null

27-02-2025T17:35:05 - [TEST_STEP][PASSED] - if (group >= 0): null

27-02-2025T17:35:05 - [TEST_STEP][PASSED] - else: null

27-02-2025T17:35:05 - [TEST_STEP][PASSED] - if (include): null

27-02-2025T17:35:05 - [TEST_STEP][PASSED] - println(line): null

27-02-2025T17:35:05 - [TEST_STEP][PASSED] - comma = line.indexOf(",y"): null

27-02-2025T17:35:05 - [TEST_STEP][PASSED] - if (comma > 0): null

27-02-2025T17:35:05 - [TEST_STEP][PASSED] - line = reader.readLine(): null

27-02-2025T17:35:05 - [TEST_STEP][PASSED] - println(line): null

27-02-2025T17:35:05 - [TEST_STEP][PASSED] - group = line.indexOf("<Group>"): null

27-02-2025T17:35:05 - [TEST_STEP][PASSED] - println(group): null

27-02-2025T17:35:05 - [TEST_STEP][PASSED] - if (group >= 0): null

27-02-2025T17:35:05 - [TEST_STEP][PASSED] - else: null

27-02-2025T17:35:05 - [TEST_STEP][PASSED] - if (include): null

27-02-2025T17:35:05 - [TEST_STEP][PASSED] - println(line): null

27-02-2025T17:35:05 - [TEST_STEP][PASSED] - comma = line.indexOf(",y"): null

27-02-2025T17:35:05 - [TEST_STEP][PASSED] - if (comma > 0): null

27-02-2025T17:35:05 - [TEST_STEP][PASSED] - line = reader.readLine(): null

27-02-2025T17:35:05 - [TEST_STEP][PASSED] - println(line): null

27-02-2025T17:35:05 - [TEST_STEP][PASSED] - group = line.indexOf("<Group>"): null

27-02-2025T17:35:05 - [TEST_STEP][PASSED] - println(group): null

27-02-2025T17:35:05 - [TEST_STEP][PASSED] - if (group >= 0): null

27-02-2025T17:35:05 - [TEST_STEP][PASSED] - else: null

27-02-2025T17:35:05 - [TEST_STEP][PASSED] - if (include): null

27-02-2025T17:35:05 - [TEST_STEP][PASSED] - println(line): null

27-02-2025T17:35:05 - [TEST_STEP][PASSED] - comma = line.indexOf(",y"): null

27-02-2025T17:35:05 - [TEST_STEP][PASSED] - if (comma > 0): null

27-02-2025T17:35:05 - [TEST_STEP][PASSED] - line = reader.readLine(): null

27-02-2025T17:35:05 - [TEST_STEP][PASSED] - println(line): null

27-02-2025T17:35:05 - [TEST_STEP][PASSED] - group = line.indexOf("<Group>"): null

27-02-2025T17:35:05 - [TEST_STEP][PASSED] - println(group): null

27-02-2025T17:35:05 - [TEST_STEP][PASSED] - if (group >= 0): null

27-02-2025T17:35:05 - [TEST_STEP][PASSED] - else: null

27-02-2025T17:35:05 - [TEST_STEP][PASSED] - if (include): null

27-02-2025T17:35:05 - [TEST_STEP][PASSED] - println(line): null

27-02-2025T17:35:05 - [TEST_STEP][PASSED] - comma = line.indexOf(",y"): null

27-02-2025T17:35:05 - [TEST_STEP][PASSED] - if (comma > 0): null

27-02-2025T17:35:05 - [TEST_STEP][PASSED] - line = reader.readLine(): null

27-02-2025T17:35:05 - [TEST_STEP][PASSED] - println(line): null

27-02-2025T17:35:05 - [TEST_STEP][PASSED] - group = line.indexOf("<Group>"): null

27-02-2025T17:35:05 - [TEST_STEP][PASSED] - println(group): null

27-02-2025T17:35:05 - [TEST_STEP][PASSED] - if (group >= 0): null

27-02-2025T17:35:05 - [TEST_STEP][PASSED] - else: null

27-02-2025T17:35:05 - [TEST_STEP][PASSED] - if (include): null

27-02-2025T17:35:05 - [TEST_STEP][PASSED] - println(line): null

27-02-2025T17:35:05 - [TEST_STEP][PASSED] - comma = line.indexOf(",y"): null

27-02-2025T17:35:05 - [TEST_STEP][PASSED] - if (comma > 0): null

27-02-2025T17:35:05 - [TEST_STEP][PASSED] - line = reader.readLine(): null

27-02-2025T17:35:05 - [TEST_STEP][PASSED] - println(line): null

27-02-2025T17:35:05 - [TEST_STEP][PASSED] - group = line.indexOf("<Group>"): null

27-02-2025T17:35:05 - [TEST_STEP][PASSED] - println(group): null

27-02-2025T17:35:05 - [TEST_STEP][PASSED] - if (group >= 0): null

27-02-2025T17:35:05 - [TEST_STEP][PASSED] - else: null

27-02-2025T17:35:05 - [TEST_STEP][PASSED] - if (include): null

27-02-2025T17:35:05 - [TEST_STEP][PASSED] - println(line): null

27-02-2025T17:35:05 - [TEST_STEP][PASSED] - comma = line.indexOf(",y"): null

27-02-2025T17:35:05 - [TEST_STEP][PASSED] - if (comma > 0): null

27-02-2025T17:35:05 - [TEST_STEP][PASSED] - line = reader.readLine(): null

27-02-2025T17:35:05 - [TEST_STEP][PASSED] - println(line): null

27-02-2025T17:35:05 - [TEST_STEP][PASSED] - group = line.indexOf("<Group>"): null

27-02-2025T17:35:05 - [TEST_STEP][PASSED] - println(group): null

27-02-2025T17:35:05 - [TEST_STEP][PASSED] - if (group >= 0): null

27-02-2025T17:35:05 - [TEST_STEP][PASSED] - else: null

27-02-2025T17:35:05 - [TEST_STEP][PASSED] - if (include): null

27-02-2025T17:35:05 - [TEST_STEP][PASSED] - println(line): null

27-02-2025T17:35:05 - [TEST_STEP][PASSED] - comma = line.indexOf(",y"): null

27-02-2025T17:35:05 - [TEST_STEP][PASSED] - if (comma > 0): null

27-02-2025T17:35:05 - [TEST_STEP][PASSED] - line = reader.readLine(): null

27-02-2025T17:35:05 - [TEST_STEP][PASSED] - println(line): null

27-02-2025T17:35:05 - [TEST_STEP][PASSED] - group = line.indexOf("<Group>"): null

27-02-2025T17:35:05 - [TEST_STEP][PASSED] - println(group): null

27-02-2025T17:35:05 - [TEST_STEP][PASSED] - if (group >= 0): null

27-02-2025T17:35:05 - [TEST_STEP][PASSED] - else: null

27-02-2025T17:35:05 - [TEST_STEP][PASSED] - if (include): null

27-02-2025T17:35:05 - [TEST_STEP][PASSED] - println(line): null

27-02-2025T17:35:05 - [TEST_STEP][PASSED] - comma = line.indexOf(",y"): null

27-02-2025T17:35:05 - [TEST_STEP][PASSED] - if (comma > 0): null

27-02-2025T17:35:05 - [TEST_STEP][PASSED] - line = reader.readLine(): null

27-02-2025T17:35:05 - [TEST_STEP][PASSED] - println(line): null

27-02-2025T17:35:05 - [TEST_STEP][PASSED] - group = line.indexOf("<Group>"): null

27-02-2025T17:35:05 - [TEST_STEP][PASSED] - println(group): null

27-02-2025T17:35:05 - [TEST_STEP][PASSED] - if (group >= 0): null

27-02-2025T17:35:05 - [TEST_STEP][PASSED] - else: null

27-02-2025T17:35:05 - [TEST_STEP][PASSED] - if (include): null

27-02-2025T17:35:05 - [TEST_STEP][PASSED] - println(line): null

27-02-2025T17:35:05 - [TEST_STEP][PASSED] - comma = line.indexOf(",y"): null

27-02-2025T17:35:05 - [TEST_STEP][PASSED] - if (comma > 0): null

27-02-2025T17:35:05 - [TEST_STEP][PASSED] - line = reader.readLine(): null

27-02-2025T17:35:05 - [TEST_STEP][PASSED] - println(line): null

27-02-2025T17:35:05 - [TEST_STEP][PASSED] - group = line.indexOf("<Group>"): null

27-02-2025T17:35:05 - [TEST_STEP][PASSED] - println(group): null

27-02-2025T17:35:05 - [TEST_STEP][PASSED] - if (group >= 0): null

27-02-2025T17:35:05 - [TEST_STEP][PASSED] - else: null

27-02-2025T17:35:05 - [TEST_STEP][PASSED] - if (include): null

27-02-2025T17:35:05 - [TEST_STEP][PASSED] - println(line): null

27-02-2025T17:35:05 - [TEST_STEP][PASSED] - comma = line.indexOf(",y"): null

27-02-2025T17:35:05 - [TEST_STEP][PASSED] - if (comma > 0): null

27-02-2025T17:35:05 - [TEST_STEP][PASSED] - line = reader.readLine(): null

27-02-2025T17:35:05 - [TEST_STEP][PASSED] - println(line): null

27-02-2025T17:35:05 - [TEST_STEP][PASSED] - group = line.indexOf("<Group>"): null

27-02-2025T17:35:05 - [TEST_STEP][PASSED] - println(group): null

27-02-2025T17:35:05 - [TEST_STEP][PASSED] - if (group >= 0): null

27-02-2025T17:35:05 - [TEST_STEP][PASSED] - else: null

27-02-2025T17:35:05 - [TEST_STEP][PASSED] - if (include): null

27-02-2025T17:35:05 - [TEST_STEP][PASSED] - println(line): null

27-02-2025T17:35:05 - [TEST_STEP][PASSED] - comma = line.indexOf(",y"): null

27-02-2025T17:35:05 - [TEST_STEP][PASSED] - if (comma > 0): null

27-02-2025T17:35:05 - [TEST_STEP][PASSED] - line = reader.readLine(): null

27-02-2025T17:35:05 - [TEST_STEP][PASSED] - println(line): null

27-02-2025T17:35:05 - [TEST_STEP][PASSED] - group = line.indexOf("<Group>"): null

27-02-2025T17:35:05 - [TEST_STEP][PASSED] - println(group): null

27-02-2025T17:35:05 - [TEST_STEP][PASSED] - if (group >= 0): null

27-02-2025T17:35:05 - [TEST_STEP][PASSED] - else: null

27-02-2025T17:35:05 - [TEST_STEP][PASSED] - if (include): null

27-02-2025T17:35:05 - [TEST_STEP][PASSED] - println(line): null

27-02-2025T17:35:05 - [TEST_STEP][PASSED] - comma = line.indexOf(",y"): null

27-02-2025T17:35:05 - [TEST_STEP][PASSED] - if (comma > 0): null

27-02-2025T17:35:05 - [TEST_STEP][PASSED] - line = reader.readLine(): null

27-02-2025T17:35:05 - [TEST_STEP][PASSED] - println(line): null

27-02-2025T17:35:05 - [TEST_STEP][PASSED] - group = line.indexOf("<Group>"): null

27-02-2025T17:35:05 - [TEST_STEP][PASSED] - println(group): null

27-02-2025T17:35:05 - [TEST_STEP][PASSED] - if (group >= 0): null

27-02-2025T17:35:05 - [TEST_STEP][PASSED] - else: null

27-02-2025T17:35:05 - [TEST_STEP][PASSED] - if (include): null

27-02-2025T17:35:05 - [TEST_STEP][PASSED] - println(line): null

27-02-2025T17:35:05 - [TEST_STEP][PASSED] - comma = line.indexOf(",y"): null

27-02-2025T17:35:05 - [TEST_STEP][PASSED] - if (comma > 0): null

27-02-2025T17:35:05 - [TEST_STEP][PASSED] - line = reader.readLine(): null

27-02-2025T17:35:05 - [TEST_STEP][PASSED] - println(line): null

27-02-2025T17:35:05 - [TEST_STEP][PASSED] - group = line.indexOf("<Group>"): null

27-02-2025T17:35:05 - [TEST_STEP][PASSED] - println(group): null

27-02-2025T17:35:05 - [TEST_STEP][PASSED] - if (group >= 0): null

27-02-2025T17:35:05 - [TEST_STEP][PASSED] - else: null

27-02-2025T17:35:05 - [TEST_STEP][PASSED] - if (include): null

27-02-2025T17:35:05 - [TEST_STEP][PASSED] - println(line): null

27-02-2025T17:35:05 - [TEST_STEP][PASSED] - comma = line.indexOf(",y"): null

27-02-2025T17:35:05 - [TEST_STEP][PASSED] - if (comma > 0): null

27-02-2025T17:35:05 - [TEST_STEP][PASSED] - line = reader.readLine(): null

27-02-2025T17:35:05 - [TEST_STEP][PASSED] - println(line): null

27-02-2025T17:35:05 - [TEST_STEP][PASSED] - group = line.indexOf("<Group>"): null

27-02-2025T17:35:05 - [TEST_STEP][PASSED] - println(group): null

27-02-2025T17:35:05 - [TEST_STEP][PASSED] - if (group >= 0): null

27-02-2025T17:35:05 - [TEST_STEP][PASSED] - else: null

27-02-2025T17:35:05 - [TEST_STEP][PASSED] - if (include): null

27-02-2025T17:35:05 - [TEST_STEP][PASSED] - println(line): null

27-02-2025T17:35:05 - [TEST_STEP][PASSED] - comma = line.indexOf(",y"): null

27-02-2025T17:35:05 - [TEST_STEP][PASSED] - if (comma > 0): null

27-02-2025T17:35:05 - [TEST_STEP][PASSED] - line = reader.readLine(): null

27-02-2025T17:35:05 - [TEST_STEP][PASSED] - println(line): null

27-02-2025T17:35:05 - [TEST_STEP][PASSED] - group = line.indexOf("<Group>"): null

27-02-2025T17:35:05 - [TEST_STEP][PASSED] - println(group): null

27-02-2025T17:35:05 - [TEST_STEP][PASSED] - if (group >= 0): null

27-02-2025T17:35:05 - [TEST_STEP][PASSED] - else: null

27-02-2025T17:35:05 - [TEST_STEP][PASSED] - if (include): null

27-02-2025T17:35:05 - [TEST_STEP][PASSED] - println(line): null

27-02-2025T17:35:05 - [TEST_STEP][PASSED] - comma = line.indexOf(",y"): null

27-02-2025T17:35:05 - [TEST_STEP][PASSED] - if (comma > 0): null

27-02-2025T17:35:05 - [TEST_STEP][PASSED] - line = reader.readLine(): null

27-02-2025T17:35:05 - [TEST_STEP][PASSED] - println(line): null

27-02-2025T17:35:05 - [TEST_STEP][PASSED] - group = line.indexOf("<Group>"): null

27-02-2025T17:35:05 - [TEST_STEP][PASSED] - println(group): null

27-02-2025T17:35:05 - [TEST_STEP][PASSED] - if (group >= 0): null

27-02-2025T17:35:05 - [TEST_STEP][PASSED] - else: null

27-02-2025T17:35:05 - [TEST_STEP][PASSED] - if (include): null

27-02-2025T17:35:05 - [TEST_STEP][PASSED] - println(line): null

27-02-2025T17:35:05 - [TEST_STEP][PASSED] - comma = line.indexOf(",y"): null

27-02-2025T17:35:05 - [TEST_STEP][PASSED] - if (comma > 0): null

27-02-2025T17:35:05 - [TEST_STEP][PASSED] - line = reader.readLine(): null

27-02-2025T17:35:05 - [TEST_STEP][PASSED] - println(line): null

27-02-2025T17:35:05 - [TEST_STEP][PASSED] - group = line.indexOf("<Group>"): null

27-02-2025T17:35:05 - [TEST_STEP][PASSED] - println(group): null

27-02-2025T17:35:05 - [TEST_STEP][PASSED] - if (group >= 0): null

27-02-2025T17:35:05 - [TEST_STEP][PASSED] - else: null

27-02-2025T17:35:05 - [TEST_STEP][PASSED] - if (include): null

27-02-2025T17:35:05 - [TEST_STEP][PASSED] - println(line): null

27-02-2025T17:35:05 - [TEST_STEP][PASSED] - comma = line.indexOf(",y"): null

27-02-2025T17:35:05 - [TEST_STEP][PASSED] - if (comma > 0): null

27-02-2025T17:35:05 - [TEST_STEP][PASSED] - line = reader.readLine(): null

27-02-2025T17:35:05 - [TEST_STEP][PASSED] - println(line): null

27-02-2025T17:35:05 - [TEST_STEP][PASSED] - group = line.indexOf("<Group>"): null

27-02-2025T17:35:05 - [TEST_STEP][PASSED] - println(group): null

27-02-2025T17:35:05 - [TEST_STEP][PASSED] - if (group >= 0): null

27-02-2025T17:35:05 - [TEST_STEP][PASSED] - else: null

27-02-2025T17:35:05 - [TEST_STEP][PASSED] - if (include): null

27-02-2025T17:35:05 - [TEST_STEP][PASSED] - println(line): null

27-02-2025T17:35:05 - [TEST_STEP][PASSED] - comma = line.indexOf(",y"): null

27-02-2025T17:35:05 - [TEST_STEP][PASSED] - if (comma > 0): null

27-02-2025T17:35:05 - [TEST_STEP][PASSED] - line = reader.readLine(): null

27-02-2025T17:35:05 - [TEST_STEP][PASSED] - println(line): null

27-02-2025T17:35:05 - [TEST_STEP][PASSED] - group = line.indexOf("<Group>"): null

27-02-2025T17:35:05 - [TEST_STEP][PASSED] - println(group): null

27-02-2025T17:35:05 - [TEST_STEP][PASSED] - if (group >= 0): null

27-02-2025T17:35:05 - [TEST_STEP][PASSED] - else: null

27-02-2025T17:35:05 - [TEST_STEP][PASSED] - if (include): null

27-02-2025T17:35:05 - [TEST_STEP][PASSED] - println(line): null

27-02-2025T17:35:05 - [TEST_STEP][PASSED] - comma = line.indexOf(",y"): null

27-02-2025T17:35:05 - [TEST_STEP][PASSED] - if (comma > 0): null

27-02-2025T17:35:05 - [TEST_STEP][PASSED] - line = reader.readLine(): null

27-02-2025T17:35:05 - [TEST_STEP][PASSED] - println(line): null

27-02-2025T17:35:05 - [TEST_STEP][PASSED] - group = line.indexOf("<Group>"): null

27-02-2025T17:35:05 - [TEST_STEP][PASSED] - println(group): null

27-02-2025T17:35:05 - [TEST_STEP][PASSED] - if (group >= 0): null

27-02-2025T17:35:05 - [TEST_STEP][PASSED] - else: null

27-02-2025T17:35:05 - [TEST_STEP][PASSED] - if (include): null

27-02-2025T17:35:05 - [TEST_STEP][PASSED] - println(line): null

27-02-2025T17:35:05 - [TEST_STEP][PASSED] - comma = line.indexOf(",y"): null

27-02-2025T17:35:05 - [TEST_STEP][PASSED] - if (comma > 0): null

27-02-2025T17:35:05 - [TEST_STEP][PASSED] - line = reader.readLine(): null

27-02-2025T17:35:05 - [TEST_STEP][PASSED] - println(line): null

27-02-2025T17:35:05 - [TEST_STEP][PASSED] - group = line.indexOf("<Group>"): null

27-02-2025T17:35:05 - [TEST_STEP][PASSED] - println(group): null

27-02-2025T17:35:05 - [TEST_STEP][PASSED] - if (group >= 0): null

27-02-2025T17:35:05 - [TEST_STEP][PASSED] - else: null

27-02-2025T17:35:05 - [TEST_STEP][PASSED] - if (include): null

27-02-2025T17:35:05 - [TEST_STEP][PASSED] - println(line): null

27-02-2025T17:35:05 - [TEST_STEP][PASSED] - comma = line.indexOf(",y"): null

27-02-2025T17:35:05 - [TEST_STEP][PASSED] - if (comma > 0): null

27-02-2025T17:35:05 - [TEST_STEP][PASSED] - line = reader.readLine(): null

27-02-2025T17:35:05 - [TEST_STEP][PASSED] - println(line): null

27-02-2025T17:35:05 - [TEST_STEP][PASSED] - group = line.indexOf("<Group>"): null

27-02-2025T17:35:05 - [TEST_STEP][PASSED] - println(group): null

27-02-2025T17:35:05 - [TEST_STEP][PASSED] - if (group >= 0): null

27-02-2025T17:35:05 - [TEST_STEP][PASSED] - else: null

27-02-2025T17:35:05 - [TEST_STEP][PASSED] - if (include): null

27-02-2025T17:35:05 - [TEST_STEP][PASSED] - println(line): null

27-02-2025T17:35:05 - [TEST_STEP][PASSED] - comma = line.indexOf(",y"): null

27-02-2025T17:35:05 - [TEST_STEP][PASSED] - if (comma > 0): null

27-02-2025T17:35:05 - [TEST_STEP][PASSED] - line = reader.readLine(): null

27-02-2025T17:35:05 - [TEST_STEP][PASSED] - println(line): null

27-02-2025T17:35:05 - [TEST_STEP][PASSED] - group = line.indexOf("<Group>"): null

27-02-2025T17:35:05 - [TEST_STEP][PASSED] - println(group): null

27-02-2025T17:35:05 - [TEST_STEP][PASSED] - if (group >= 0): null

27-02-2025T17:35:05 - [TEST_STEP][PASSED] - else: null

27-02-2025T17:35:05 - [TEST_STEP][PASSED] - if (include): null

27-02-2025T17:35:05 - [TEST_STEP][PASSED] - println(line): null

27-02-2025T17:35:05 - [TEST_STEP][PASSED] - comma = line.indexOf(",y"): null

27-02-2025T17:35:05 - [TEST_STEP][PASSED] - if (comma > 0): null

27-02-2025T17:35:05 - [TEST_STEP][PASSED] - line = reader.readLine(): null

27-02-2025T17:35:05 - [TEST_STEP][PASSED] - println(line): null

27-02-2025T17:35:05 - [TEST_STEP][PASSED] - group = line.indexOf("<Group>"): null

27-02-2025T17:35:05 - [TEST_STEP][PASSED] - println(group): null

27-02-2025T17:35:05 - [TEST_STEP][PASSED] - if (group >= 0): null

27-02-2025T17:35:05 - [TEST_STEP][PASSED] - else: null

27-02-2025T17:35:05 - [TEST_STEP][PASSED] - if (include): null

27-02-2025T17:35:05 - [TEST_STEP][PASSED] - println(line): null

27-02-2025T17:35:05 - [TEST_STEP][PASSED] - comma = line.indexOf(",y"): null

27-02-2025T17:35:05 - [TEST_STEP][PASSED] - if (comma > 0): null

27-02-2025T17:35:05 - [TEST_STEP][PASSED] - line = reader.readLine(): null

27-02-2025T17:35:05 - [TEST_STEP][PASSED] - println(line): null

27-02-2025T17:35:05 - [TEST_STEP][PASSED] - group = line.indexOf("<Group>"): null

27-02-2025T17:35:05 - [TEST_STEP][PASSED] - println(group): null

27-02-2025T17:35:05 - [TEST_STEP][PASSED] - if (group >= 0): null

27-02-2025T17:35:05 - [TEST_STEP][PASSED] - else: null

27-02-2025T17:35:05 - [TEST_STEP][PASSED] - if (include): null

27-02-2025T17:35:05 - [TEST_STEP][PASSED] - println(line): null

27-02-2025T17:35:05 - [TEST_STEP][PASSED] - comma = line.indexOf(",y"): null

27-02-2025T17:35:05 - [TEST_STEP][PASSED] - if (comma > 0): null

27-02-2025T17:35:05 - [TEST_STEP][PASSED] - line = reader.readLine(): null

27-02-2025T17:35:05 - [TEST_STEP][PASSED] - println(line): null

27-02-2025T17:35:05 - [TEST_STEP][PASSED] - group = line.indexOf("<Group>"): null

27-02-2025T17:35:05 - [TEST_STEP][PASSED] - println(group): null

27-02-2025T17:35:05 - [TEST_STEP][PASSED] - if (group >= 0): null

27-02-2025T17:35:05 - [TEST_STEP][PASSED] - else: null

27-02-2025T17:35:05 - [TEST_STEP][PASSED] - if (include): null

27-02-2025T17:35:05 - [TEST_STEP][PASSED] - println(line): null

27-02-2025T17:35:05 - [TEST_STEP][PASSED] - comma = line.indexOf(",y"): null

27-02-2025T17:35:05 - [TEST_STEP][PASSED] - if (comma > 0): null

27-02-2025T17:35:05 - [TEST_STEP][PASSED] - line = reader.readLine(): null

27-02-2025T17:35:05 - [TEST_STEP][PASSED] - println(line): null

27-02-2025T17:35:05 - [TEST_STEP][PASSED] - group = line.indexOf("<Group>"): null

27-02-2025T17:35:05 - [TEST_STEP][PASSED] - println(group): null

27-02-2025T17:35:05 - [TEST_STEP][PASSED] - if (group >= 0): null

27-02-2025T17:35:05 - [TEST_STEP][PASSED] - else: null

27-02-2025T17:35:05 - [TEST_STEP][PASSED] - if (include): null

27-02-2025T17:35:05 - [TEST_STEP][PASSED] - println(line): null

27-02-2025T17:35:05 - [TEST_STEP][PASSED] - comma = line.indexOf(",y"): null

27-02-2025T17:35:05 - [TEST_STEP][PASSED] - if (comma > 0): null

27-02-2025T17:35:05 - [TEST_STEP][PASSED] - line = reader.readLine(): null

27-02-2025T17:35:05 - [TEST_STEP][PASSED] - println(line): null

27-02-2025T17:35:05 - [TEST_STEP][PASSED] - group = line.indexOf("<Group>"): null

27-02-2025T17:35:05 - [TEST_STEP][PASSED] - println(group): null

27-02-2025T17:35:05 - [TEST_STEP][PASSED] - if (group >= 0): null

27-02-2025T17:35:05 - [TEST_STEP][PASSED] - else: null

27-02-2025T17:35:05 - [TEST_STEP][PASSED] - if (include): null

27-02-2025T17:35:05 - [TEST_STEP][PASSED] - println(line): null

27-02-2025T17:35:05 - [TEST_STEP][PASSED] - comma = line.indexOf(",y"): null

27-02-2025T17:35:05 - [TEST_STEP][PASSED] - if (comma > 0): null

27-02-2025T17:35:05 - [TEST_STEP][PASSED] - line = reader.readLine(): null

27-02-2025T17:35:05 - [TEST_STEP][PASSED] - println(line): null

27-02-2025T17:35:05 - [TEST_STEP][PASSED] - group = line.indexOf("<Group>"): null

27-02-2025T17:35:05 - [TEST_STEP][PASSED] - println(group): null

27-02-2025T17:35:05 - [TEST_STEP][PASSED] - if (group >= 0): null

27-02-2025T17:35:05 - [TEST_STEP][PASSED] - else: null

27-02-2025T17:35:05 - [TEST_STEP][PASSED] - if (include): null

27-02-2025T17:35:05 - [TEST_STEP][PASSED] - println(line): null

27-02-2025T17:35:05 - [TEST_STEP][PASSED] - comma = line.indexOf(",y"): null

27-02-2025T17:35:05 - [TEST_STEP][PASSED] - if (comma > 0): null

27-02-2025T17:35:05 - [TEST_STEP][PASSED] - line = reader.readLine(): null

27-02-2025T17:35:05 - [TEST_STEP][PASSED] - println(line): null

27-02-2025T17:35:05 - [TEST_STEP][PASSED] - group = line.indexOf("<Group>"): null

27-02-2025T17:35:05 - [TEST_STEP][PASSED] - println(group): null

27-02-2025T17:35:05 - [TEST_STEP][PASSED] - if (group >= 0): null

27-02-2025T17:35:05 - [TEST_STEP][PASSED] - else: null

27-02-2025T17:35:05 - [TEST_STEP][PASSED] - if (include): null

27-02-2025T17:35:05 - [TEST_STEP][PASSED] - println(line): null

27-02-2025T17:35:05 - [TEST_STEP][PASSED] - comma = line.indexOf(",y"): null

27-02-2025T17:35:05 - [TEST_STEP][PASSED] - if (comma > 0): null

27-02-2025T17:35:05 - [TEST_STEP][PASSED] - line = reader.readLine(): null

27-02-2025T17:35:05 - [TEST_STEP][PASSED] - println(line): null

27-02-2025T17:35:05 - [TEST_STEP][PASSED] - group = line.indexOf("<Group>"): null

27-02-2025T17:35:05 - [TEST_STEP][PASSED] - println(group): null

27-02-2025T17:35:05 - [TEST_STEP][PASSED] - if (group >= 0): null

27-02-2025T17:35:05 - [TEST_STEP][PASSED] - else: null

27-02-2025T17:35:05 - [TEST_STEP][PASSED] - if (include): null

27-02-2025T17:35:05 - [TEST_STEP][PASSED] - println(line): null

27-02-2025T17:35:05 - [TEST_STEP][PASSED] - comma = line.indexOf(",y"): null

27-02-2025T17:35:05 - [TEST_STEP][PASSED] - if (comma > 0): null

27-02-2025T17:35:05 - [TEST_STEP][PASSED] - line = reader.readLine(): null

27-02-2025T17:35:05 - [TEST_STEP][PASSED] - println(line): null

27-02-2025T17:35:05 - [TEST_STEP][PASSED] - group = line.indexOf("<Group>"): null

27-02-2025T17:35:05 - [TEST_STEP][PASSED] - println(group): null

27-02-2025T17:35:05 - [TEST_STEP][PASSED] - if (group >= 0): null

27-02-2025T17:35:05 - [TEST_STEP][PASSED] - else: null

27-02-2025T17:35:05 - [TEST_STEP][PASSED] - if (include): null

27-02-2025T17:35:05 - [TEST_STEP][PASSED] - println(line): null

27-02-2025T17:35:05 - [TEST_STEP][PASSED] - comma = line.indexOf(",y"): null

27-02-2025T17:35:05 - [TEST_STEP][PASSED] - if (comma > 0): null

27-02-2025T17:35:05 - [TEST_STEP][PASSED] - line = reader.readLine(): null

27-02-2025T17:35:05 - [TEST_STEP][PASSED] - println(line): null

27-02-2025T17:35:05 - [TEST_STEP][PASSED] - group = line.indexOf("<Group>"): null

27-02-2025T17:35:05 - [TEST_STEP][PASSED] - println(group): null

27-02-2025T17:35:05 - [TEST_STEP][PASSED] - if (group >= 0): null

27-02-2025T17:35:05 - [TEST_STEP][PASSED] - else: null

27-02-2025T17:35:05 - [TEST_STEP][PASSED] - if (include): null

27-02-2025T17:35:05 - [TEST_STEP][PASSED] - println(line): null

27-02-2025T17:35:05 - [TEST_STEP][PASSED] - comma = line.indexOf(",y"): null

27-02-2025T17:35:05 - [TEST_STEP][PASSED] - if (comma > 0): null

27-02-2025T17:35:05 - [TEST_STEP][PASSED] - line = reader.readLine(): null

27-02-2025T17:35:05 - [TEST_STEP][PASSED] - println(line): null

27-02-2025T17:35:05 - [TEST_STEP][PASSED] - group = line.indexOf("<Group>"): null

27-02-2025T17:35:05 - [TEST_STEP][PASSED] - println(group): null

27-02-2025T17:35:05 - [TEST_STEP][PASSED] - if (group >= 0): null

27-02-2025T17:35:05 - [TEST_STEP][PASSED] - else: null

27-02-2025T17:35:05 - [TEST_STEP][PASSED] - if (include): null

27-02-2025T17:35:05 - [TEST_STEP][PASSED] - println(line): null

27-02-2025T17:35:05 - [TEST_STEP][PASSED] - comma = line.indexOf(",y"): null

27-02-2025T17:35:05 - [TEST_STEP][PASSED] - if (comma > 0): null

27-02-2025T17:35:05 - [TEST_STEP][PASSED] - line = reader.readLine(): null

27-02-2025T17:35:05 - [TEST_STEP][PASSED] - println(line): null

27-02-2025T17:35:05 - [TEST_STEP][PASSED] - group = line.indexOf("<Group>"): null

27-02-2025T17:35:05 - [TEST_STEP][PASSED] - println(group): null

27-02-2025T17:35:05 - [TEST_STEP][PASSED] - if (group >= 0): null

27-02-2025T17:35:05 - [TEST_STEP][PASSED] - else: null

27-02-2025T17:35:05 - [TEST_STEP][PASSED] - if (include): null

27-02-2025T17:35:05 - [TEST_STEP][PASSED] - println(line): null

27-02-2025T17:35:05 - [TEST_STEP][PASSED] - comma = line.indexOf(",y"): null

27-02-2025T17:35:05 - [TEST_STEP][PASSED] - if (comma > 0): null

27-02-2025T17:35:05 - [TEST_STEP][PASSED] - line = reader.readLine(): null

27-02-2025T17:35:05 - [TEST_STEP][PASSED] - println(line): null

27-02-2025T17:35:05 - [TEST_STEP][PASSED] - group = line.indexOf("<Group>"): null

27-02-2025T17:35:05 - [TEST_STEP][PASSED] - println(group): null

27-02-2025T17:35:05 - [TEST_STEP][PASSED] - if (group >= 0): null

27-02-2025T17:35:05 - [TEST_STEP][PASSED] - else: null

27-02-2025T17:35:05 - [TEST_STEP][PASSED] - if (include): null

27-02-2025T17:35:05 - [TEST_STEP][PASSED] - println(line): null

27-02-2025T17:35:05 - [TEST_STEP][PASSED] - comma = line.indexOf(",y"): null

27-02-2025T17:35:05 - [TEST_STEP][PASSED] - if (comma > 0): null

27-02-2025T17:35:05 - [TEST_STEP][PASSED] - line = reader.readLine(): null

27-02-2025T17:35:05 - [TEST_STEP][PASSED] - println(line): null

27-02-2025T17:35:05 - [TEST_STEP][PASSED] - group = line.indexOf("<Group>"): null

27-02-2025T17:35:05 - [TEST_STEP][PASSED] - println(group): null

27-02-2025T17:35:05 - [TEST_STEP][PASSED] - if (group >= 0): null

27-02-2025T17:35:05 - [TEST_STEP][PASSED] - else: null

27-02-2025T17:35:05 - [TEST_STEP][PASSED] - if (include): null

27-02-2025T17:35:05 - [TEST_STEP][PASSED] - println(line): null

27-02-2025T17:35:05 - [TEST_STEP][PASSED] - comma = line.indexOf(",y"): null

27-02-2025T17:35:05 - [TEST_STEP][PASSED] - if (comma > 0): null

27-02-2025T17:35:05 - [TEST_STEP][PASSED] - line = reader.readLine(): null

27-02-2025T17:35:05 - [TEST_STEP][PASSED] - println(line): null

27-02-2025T17:35:05 - [TEST_STEP][PASSED] - group = line.indexOf("<Group>"): null

27-02-2025T17:35:05 - [TEST_STEP][PASSED] - println(group): null

27-02-2025T17:35:05 - [TEST_STEP][PASSED] - if (group >= 0): null

27-02-2025T17:35:05 - [TEST_STEP][PASSED] - else: null

27-02-2025T17:35:05 - [TEST_STEP][PASSED] - if (include): null

27-02-2025T17:35:05 - [TEST_STEP][PASSED] - println(line): null

27-02-2025T17:35:05 - [TEST_STEP][PASSED] - comma = line.indexOf(",y"): null

27-02-2025T17:35:05 - [TEST_STEP][PASSED] - if (comma > 0): null

27-02-2025T17:35:05 - [TEST_STEP][PASSED] - line = reader.readLine(): null

27-02-2025T17:35:05 - [TEST_STEP][PASSED] - println(line): null

27-02-2025T17:35:05 - [TEST_STEP][PASSED] - group = line.indexOf("<Group>"): null

27-02-2025T17:35:05 - [TEST_STEP][PASSED] - println(group): null

27-02-2025T17:35:05 - [TEST_STEP][PASSED] - if (group >= 0): null

27-02-2025T17:35:05 - [TEST_STEP][PASSED] - else: null

27-02-2025T17:35:05 - [TEST_STEP][PASSED] - if (include): null

27-02-2025T17:35:05 - [TEST_STEP][PASSED] - println(line): null

27-02-2025T17:35:05 - [TEST_STEP][PASSED] - comma = line.indexOf(",y"): null

27-02-2025T17:35:05 - [TEST_STEP][PASSED] - if (comma > 0): null

27-02-2025T17:35:05 - [TEST_STEP][PASSED] - line = reader.readLine(): null

27-02-2025T17:35:05 - [TEST_STEP][PASSED] - println(line): null

27-02-2025T17:35:05 - [TEST_STEP][PASSED] - group = line.indexOf("<Group>"): null

27-02-2025T17:35:05 - [TEST_STEP][PASSED] - println(group): null

27-02-2025T17:35:05 - [TEST_STEP][PASSED] - if (group >= 0): null

27-02-2025T17:35:05 - [TEST_STEP][PASSED] - else: null

27-02-2025T17:35:05 - [TEST_STEP][PASSED] - if (include): null

27-02-2025T17:35:05 - [TEST_STEP][PASSED] - println(line): null

27-02-2025T17:35:05 - [TEST_STEP][PASSED] - comma = line.indexOf(",y"): null

27-02-2025T17:35:05 - [TEST_STEP][PASSED] - if (comma > 0): null

27-02-2025T17:35:05 - [TEST_STEP][PASSED] - line = reader.readLine(): null

27-02-2025T17:35:05 - [TEST_STEP][PASSED] - println(line): null

27-02-2025T17:35:05 - [TEST_STEP][PASSED] - group = line.indexOf("<Group>"): null

27-02-2025T17:35:05 - [TEST_STEP][PASSED] - println(group): null

27-02-2025T17:35:05 - [TEST_STEP][PASSED] - if (group >= 0): null

27-02-2025T17:35:05 - [TEST_STEP][PASSED] - else: null

27-02-2025T17:35:05 - [TEST_STEP][PASSED] - if (include): null

27-02-2025T17:35:05 - [TEST_STEP][PASSED] - println(line): null

27-02-2025T17:35:05 - [TEST_STEP][PASSED] - comma = line.indexOf(",y"): null

27-02-2025T17:35:05 - [TEST_STEP][PASSED] - if (comma > 0): null

27-02-2025T17:35:05 - [TEST_STEP][PASSED] - line = reader.readLine(): null

27-02-2025T17:35:05 - [TEST_STEP][PASSED] - println(line): null

27-02-2025T17:35:05 - [TEST_STEP][PASSED] - group = line.indexOf("<Group>"): null

27-02-2025T17:35:05 - [TEST_STEP][PASSED] - println(group): null

27-02-2025T17:35:05 - [TEST_STEP][PASSED] - if (group >= 0): null

27-02-2025T17:35:05 - [TEST_STEP][PASSED] - else: null

27-02-2025T17:35:05 - [TEST_STEP][PASSED] - if (include): null

27-02-2025T17:35:05 - [TEST_STEP][PASSED] - println(line): null

27-02-2025T17:35:05 - [TEST_STEP][PASSED] - comma = line.indexOf(",y"): null

27-02-2025T17:35:05 - [TEST_STEP][PASSED] - if (comma > 0): null

27-02-2025T17:35:05 - [TEST_STEP][PASSED] - line = reader.readLine(): null

27-02-2025T17:35:05 - [TEST_STEP][PASSED] - println(line): null

27-02-2025T17:35:05 - [TEST_STEP][PASSED] - group = line.indexOf("<Group>"): null

27-02-2025T17:35:05 - [TEST_STEP][PASSED] - println(group): null

27-02-2025T17:35:05 - [TEST_STEP][PASSED] - if (group >= 0): null

27-02-2025T17:35:05 - [TEST_STEP][PASSED] - else: null

27-02-2025T17:35:05 - [TEST_STEP][PASSED] - if (include): null

27-02-2025T17:35:05 - [TEST_STEP][PASSED] - println(line): null

27-02-2025T17:35:05 - [TEST_STEP][PASSED] - comma = line.indexOf(",y"): null

27-02-2025T17:35:05 - [TEST_STEP][PASSED] - if (comma > 0): null

27-02-2025T17:35:05 - [TEST_STEP][PASSED] - line = reader.readLine(): null

27-02-2025T17:35:05 - [TEST_STEP][PASSED] - println(line): null

27-02-2025T17:35:05 - [TEST_STEP][PASSED] - group = line.indexOf("<Group>"): null

27-02-2025T17:35:05 - [TEST_STEP][PASSED] - println(group): null

27-02-2025T17:35:05 - [TEST_STEP][PASSED] - if (group >= 0): null

27-02-2025T17:35:05 - [TEST_STEP][PASSED] - else: null

27-02-2025T17:35:05 - [TEST_STEP][PASSED] - if (include): null

27-02-2025T17:35:05 - [TEST_STEP][PASSED] - println(line): null

27-02-2025T17:35:05 - [TEST_STEP][PASSED] - comma = line.indexOf(",y"): null

27-02-2025T17:35:05 - [TEST_STEP][PASSED] - if (comma > 0): null

27-02-2025T17:35:05 - [TEST_STEP][PASSED] - line = reader.readLine(): null

27-02-2025T17:35:05 - [TEST_STEP][PASSED] - println(line): null

27-02-2025T17:35:05 - [TEST_STEP][PASSED] - group = line.indexOf("<Group>"): null

27-02-2025T17:35:05 - [TEST_STEP][PASSED] - println(group): null

27-02-2025T17:35:05 - [TEST_STEP][PASSED] - if (group >= 0): null

27-02-2025T17:35:05 - [TEST_STEP][PASSED] - else: null

27-02-2025T17:35:05 - [TEST_STEP][PASSED] - if (include): null

27-02-2025T17:35:05 - [TEST_STEP][PASSED] - println(line): null

27-02-2025T17:35:05 - [TEST_STEP][PASSED] - comma = line.indexOf(",y"): null

27-02-2025T17:35:05 - [TEST_STEP][PASSED] - if (comma > 0): null

27-02-2025T17:35:05 - [TEST_STEP][PASSED] - line = reader.readLine(): null

27-02-2025T17:35:05 - [TEST_STEP][PASSED] - println(line): null

27-02-2025T17:35:05 - [TEST_STEP][PASSED] - group = line.indexOf("<Group>"): null

27-02-2025T17:35:05 - [TEST_STEP][PASSED] - println(group): null

27-02-2025T17:35:05 - [TEST_STEP][PASSED] - if (group >= 0): null

27-02-2025T17:35:05 - [TEST_STEP][PASSED] - else: null

27-02-2025T17:35:05 - [TEST_STEP][PASSED] - if (include): null

27-02-2025T17:35:05 - [TEST_STEP][PASSED] - println(line): null

27-02-2025T17:35:05 - [TEST_STEP][PASSED] - comma = line.indexOf(",y"): null

27-02-2025T17:35:05 - [TEST_STEP][PASSED] - if (comma > 0): null

27-02-2025T17:35:05 - [TEST_STEP][PASSED] - line = reader.readLine(): null

27-02-2025T17:35:05 - [TEST_STEP][PASSED] - println(line): null

27-02-2025T17:35:05 - [TEST_STEP][PASSED] - group = line.indexOf("<Group>"): null

27-02-2025T17:35:05 - [TEST_STEP][PASSED] - println(group): null

27-02-2025T17:35:05 - [TEST_STEP][PASSED] - if (group >= 0): null

27-02-2025T17:35:05 - [TEST_STEP][PASSED] - else: null

27-02-2025T17:35:05 - [TEST_STEP][PASSED] - if (include): null

27-02-2025T17:35:05 - [TEST_STEP][PASSED] - println(line): null

27-02-2025T17:35:05 - [TEST_STEP][PASSED] - comma = line.indexOf(",y"): null

27-02-2025T17:35:05 - [TEST_STEP][PASSED] - if (comma > 0): null

27-02-2025T17:35:05 - [TEST_STEP][PASSED] - line = reader.readLine(): null

27-02-2025T17:35:05 - [TEST_STEP][PASSED] - println(line): null

27-02-2025T17:35:05 - [TEST_STEP][PASSED] - group = line.indexOf("<Group>"): null

27-02-2025T17:35:05 - [TEST_STEP][PASSED] - println(group): null

27-02-2025T17:35:05 - [TEST_STEP][PASSED] - if (group >= 0): null

27-02-2025T17:35:05 - [TEST_STEP][PASSED] - else: null

27-02-2025T17:35:05 - [TEST_STEP][PASSED] - if (include): null

27-02-2025T17:35:05 - [TEST_STEP][PASSED] - println(line): null

27-02-2025T17:35:05 - [TEST_STEP][PASSED] - comma = line.indexOf(",y"): null

27-02-2025T17:35:05 - [TEST_STEP][PASSED] - if (comma > 0): null

27-02-2025T17:35:05 - [TEST_STEP][PASSED] - line = reader.readLine(): null

27-02-2025T17:35:05 - [TEST_STEP][PASSED] - println(line): null

27-02-2025T17:35:05 - [TEST_STEP][PASSED] - group = line.indexOf("<Group>"): null

27-02-2025T17:35:05 - [TEST_STEP][PASSED] - println(group): null

27-02-2025T17:35:05 - [TEST_STEP][PASSED] - if (group >= 0): null

27-02-2025T17:35:05 - [TEST_STEP][PASSED] - else: null

27-02-2025T17:35:05 - [TEST_STEP][PASSED] - if (include): null

27-02-2025T17:35:05 - [TEST_STEP][PASSED] - println(line): null

27-02-2025T17:35:05 - [TEST_STEP][PASSED] - comma = line.indexOf(",y"): null

27-02-2025T17:35:05 - [TEST_STEP][PASSED] - if (comma > 0): null

27-02-2025T17:35:05 - [TEST_STEP][PASSED] - line = reader.readLine(): null

27-02-2025T17:35:05 - [TEST_STEP][PASSED] - println(line): null

27-02-2025T17:35:05 - [TEST_STEP][PASSED] - group = line.indexOf("<Group>"): null

27-02-2025T17:35:05 - [TEST_STEP][PASSED] - println(group): null

27-02-2025T17:35:05 - [TEST_STEP][PASSED] - if (group >= 0): null

27-02-2025T17:35:05 - [TEST_STEP][PASSED] - else: null

27-02-2025T17:35:05 - [TEST_STEP][PASSED] - if (include): null

27-02-2025T17:35:05 - [TEST_STEP][PASSED] - println(line): null

27-02-2025T17:35:05 - [TEST_STEP][PASSED] - comma = line.indexOf(",y"): null

27-02-2025T17:35:05 - [TEST_STEP][PASSED] - if (comma > 0): null

27-02-2025T17:35:05 - [TEST_STEP][PASSED] - line = reader.readLine(): null

27-02-2025T17:35:05 - [TEST_STEP][PASSED] - println(line): null

27-02-2025T17:35:05 - [TEST_STEP][PASSED] - group = line.indexOf("<Group>"): null

27-02-2025T17:35:05 - [TEST_STEP][PASSED] - println(group): null

27-02-2025T17:35:05 - [TEST_STEP][PASSED] - if (group >= 0): null

27-02-2025T17:35:05 - [TEST_STEP][PASSED] - else: null

27-02-2025T17:35:05 - [TEST_STEP][PASSED] - if (include): null

27-02-2025T17:35:05 - [TEST_STEP][PASSED] - println(line): null

27-02-2025T17:35:05 - [TEST_STEP][PASSED] - comma = line.indexOf(",y"): null

27-02-2025T17:35:05 - [TEST_STEP][PASSED] - if (comma > 0): null

27-02-2025T17:35:05 - [TEST_STEP][PASSED] - line = reader.readLine(): null

27-02-2025T17:35:05 - [TEST_STEP][PASSED] - println(line): null

27-02-2025T17:35:05 - [TEST_STEP][PASSED] - group = line.indexOf("<Group>"): null

27-02-2025T17:35:05 - [TEST_STEP][PASSED] - println(group): null

27-02-2025T17:35:05 - [TEST_STEP][PASSED] - if (group >= 0): null

27-02-2025T17:35:05 - [TEST_STEP][PASSED] - else: null

27-02-2025T17:35:05 - [TEST_STEP][PASSED] - if (include): null

27-02-2025T17:35:05 - [TEST_STEP][PASSED] - println(line): null

27-02-2025T17:35:05 - [TEST_STEP][PASSED] - comma = line.indexOf(",y"): null

27-02-2025T17:35:05 - [TEST_STEP][PASSED] - if (comma > 0): null

27-02-2025T17:35:05 - [TEST_STEP][PASSED] - line = reader.readLine(): null

27-02-2025T17:35:05 - [TEST_STEP][PASSED] - println(line): null

27-02-2025T17:35:05 - [TEST_STEP][PASSED] - group = line.indexOf("<Group>"): null

27-02-2025T17:35:05 - [TEST_STEP][PASSED] - println(group): null

27-02-2025T17:35:05 - [TEST_STEP][PASSED] - if (group >= 0): null

27-02-2025T17:35:05 - [TEST_STEP][PASSED] - else: null

27-02-2025T17:35:05 - [TEST_STEP][PASSED] - if (include): null

27-02-2025T17:35:05 - [TEST_STEP][PASSED] - println(line): null

27-02-2025T17:35:05 - [TEST_STEP][PASSED] - comma = line.indexOf(",y"): null

27-02-2025T17:35:05 - [TEST_STEP][PASSED] - if (comma > 0): null

27-02-2025T17:35:05 - [TEST_STEP][PASSED] - line = reader.readLine(): null

27-02-2025T17:35:05 - [TEST_STEP][PASSED] - println(line): null

27-02-2025T17:35:05 - [TEST_STEP][PASSED] - group = line.indexOf("<Group>"): null

27-02-2025T17:35:05 - [TEST_STEP][PASSED] - println(group): null

27-02-2025T17:35:05 - [TEST_STEP][PASSED] - if (group >= 0): null

27-02-2025T17:35:05 - [TEST_STEP][PASSED] - else: null

27-02-2025T17:35:05 - [TEST_STEP][PASSED] - if (include): null

27-02-2025T17:35:05 - [TEST_STEP][PASSED] - println(line): null

27-02-2025T17:35:05 - [TEST_STEP][PASSED] - comma = line.indexOf(",y"): null

27-02-2025T17:35:05 - [TEST_STEP][PASSED] - if (comma > 0): null

27-02-2025T17:35:05 - [TEST_STEP][PASSED] - line = reader.readLine(): null

27-02-2025T17:35:05 - [TEST_STEP][PASSED] - println(line): null

27-02-2025T17:35:05 - [TEST_STEP][PASSED] - group = line.indexOf("<Group>"): null

27-02-2025T17:35:05 - [TEST_STEP][PASSED] - println(group): null

27-02-2025T17:35:05 - [TEST_STEP][PASSED] - if (group >= 0): null

27-02-2025T17:35:05 - [TEST_STEP][PASSED] - else: null

27-02-2025T17:35:05 - [TEST_STEP][PASSED] - if (include): null

27-02-2025T17:35:05 - [TEST_STEP][PASSED] - println(line): null

27-02-2025T17:35:05 - [TEST_STEP][PASSED] - comma = line.indexOf(",y"): null

27-02-2025T17:35:05 - [TEST_STEP][PASSED] - if (comma > 0): null

27-02-2025T17:35:05 - [TEST_STEP][PASSED] - line = reader.readLine(): null

27-02-2025T17:35:05 - [TEST_STEP][PASSED] - println(line): null

27-02-2025T17:35:05 - [TEST_STEP][PASSED] - group = line.indexOf("<Group>"): null

27-02-2025T17:35:05 - [TEST_STEP][PASSED] - println(group): null

27-02-2025T17:35:05 - [TEST_STEP][PASSED] - if (group >= 0): null

27-02-2025T17:35:05 - [TEST_STEP][PASSED] - else: null

27-02-2025T17:35:05 - [TEST_STEP][PASSED] - if (include): null

27-02-2025T17:35:05 - [TEST_STEP][PASSED] - println(line): null

27-02-2025T17:35:05 - [TEST_STEP][PASSED] - comma = line.indexOf(",y"): null

27-02-2025T17:35:05 - [TEST_STEP][PASSED] - if (comma > 0): null

27-02-2025T17:35:05 - [TEST_STEP][PASSED] - line = reader.readLine(): null

27-02-2025T17:35:05 - [TEST_STEP][PASSED] - println(line): null

27-02-2025T17:35:05 - [TEST_STEP][PASSED] - group = line.indexOf("<Group>"): null

27-02-2025T17:35:05 - [TEST_STEP][PASSED] - println(group): null

27-02-2025T17:35:05 - [TEST_STEP][PASSED] - if (group >= 0): null

27-02-2025T17:35:05 - [TEST_STEP][PASSED] - else: null

27-02-2025T17:35:05 - [TEST_STEP][PASSED] - if (include): null

27-02-2025T17:35:05 - [TEST_STEP][PASSED] - println(line): null

27-02-2025T17:35:05 - [TEST_STEP][PASSED] - comma = line.indexOf(",y"): null

27-02-2025T17:35:05 - [TEST_STEP][PASSED] - if (comma > 0): null

27-02-2025T17:35:05 - [TEST_STEP][PASSED] - line = reader.readLine(): null

27-02-2025T17:35:05 - [TEST_STEP][PASSED] - println(line): null

27-02-2025T17:35:05 - [TEST_STEP][PASSED] - group = line.indexOf("<Group>"): null

27-02-2025T17:35:05 - [TEST_STEP][PASSED] - println(group): null

27-02-2025T17:35:05 - [TEST_STEP][PASSED] - if (group >= 0): null

27-02-2025T17:35:05 - [TEST_STEP][PASSED] - else: null

27-02-2025T17:35:05 - [TEST_STEP][PASSED] - if (include): null

27-02-2025T17:35:05 - [TEST_STEP][PASSED] - println(line): null

27-02-2025T17:35:05 - [TEST_STEP][PASSED] - comma = line.indexOf(",y"): null

27-02-2025T17:35:05 - [TEST_STEP][PASSED] - if (comma > 0): null

27-02-2025T17:35:05 - [TEST_STEP][PASSED] - line = reader.readLine(): null

27-02-2025T17:35:05 - [TEST_STEP][PASSED] - println(line): null

27-02-2025T17:35:05 - [TEST_STEP][PASSED] - group = line.indexOf("<Group>"): null

27-02-2025T17:35:05 - [TEST_STEP][PASSED] - println(group): null

27-02-2025T17:35:05 - [TEST_STEP][PASSED] - if (group >= 0): null

27-02-2025T17:35:05 - [TEST_STEP][PASSED] - else: null

27-02-2025T17:35:05 - [TEST_STEP][PASSED] - if (include): null

27-02-2025T17:35:05 - [TEST_STEP][PASSED] - println(line): null

27-02-2025T17:35:05 - [TEST_STEP][PASSED] - comma = line.indexOf(",y"): null

27-02-2025T17:35:05 - [TEST_STEP][PASSED] - if (comma > 0): null

27-02-2025T17:35:05 - [TEST_STEP][PASSED] - line = reader.readLine(): null

27-02-2025T17:35:05 - [TEST_STEP][PASSED] - println(line): null

27-02-2025T17:35:05 - [TEST_STEP][PASSED] - group = line.indexOf("<Group>"): null

27-02-2025T17:35:05 - [TEST_STEP][PASSED] - println(group): null

27-02-2025T17:35:05 - [TEST_STEP][PASSED] - if (group >= 0): null

27-02-2025T17:35:05 - [TEST_STEP][PASSED] - else: null

27-02-2025T17:35:05 - [TEST_STEP][PASSED] - if (include): null

27-02-2025T17:35:05 - [TEST_STEP][PASSED] - println(line): null

27-02-2025T17:35:05 - [TEST_STEP][PASSED] - comma = line.indexOf(",y"): null

27-02-2025T17:35:05 - [TEST_STEP][PASSED] - if (comma > 0): null

27-02-2025T17:35:05 - [TEST_STEP][PASSED] - line = reader.readLine(): null

27-02-2025T17:35:05 - [TEST_STEP][PASSED] - println(line): null

27-02-2025T17:35:05 - [TEST_STEP][PASSED] - group = line.indexOf("<Group>"): null

27-02-2025T17:35:05 - [TEST_STEP][PASSED] - println(group): null

27-02-2025T17:35:05 - [TEST_STEP][PASSED] - if (group >= 0): null

27-02-2025T17:35:05 - [TEST_STEP][PASSED] - else: null

27-02-2025T17:35:05 - [TEST_STEP][PASSED] - if (include): null

27-02-2025T17:35:05 - [TEST_STEP][PASSED] - println(line): null

27-02-2025T17:35:05 - [TEST_STEP][PASSED] - comma = line.indexOf(",y"): null

27-02-2025T17:35:05 - [TEST_STEP][PASSED] - if (comma > 0): null

27-02-2025T17:35:05 - [TEST_STEP][PASSED] - line = reader.readLine(): null

27-02-2025T17:35:05 - [TEST_STEP][PASSED] - println(line): null

27-02-2025T17:35:05 - [TEST_STEP][PASSED] - group = line.indexOf("<Group>"): null

27-02-2025T17:35:05 - [TEST_STEP][PASSED] - println(group): null

27-02-2025T17:35:05 - [TEST_STEP][PASSED] - if (group >= 0): null

27-02-2025T17:35:05 - [TEST_STEP][PASSED] - else: null

27-02-2025T17:35:05 - [TEST_STEP][PASSED] - if (include): null

27-02-2025T17:35:05 - [TEST_STEP][PASSED] - println(line): null

27-02-2025T17:35:05 - [TEST_STEP][PASSED] - comma = line.indexOf(",y"): null

27-02-2025T17:35:05 - [TEST_STEP][PASSED] - if (comma > 0): null

27-02-2025T17:35:05 - [TEST_STEP][PASSED] - line = reader.readLine(): null

27-02-2025T17:35:05 - [TEST_STEP][PASSED] - println(line): null

27-02-2025T17:35:05 - [TEST_STEP][PASSED] - group = line.indexOf("<Group>"): null

27-02-2025T17:35:05 - [TEST_STEP][PASSED] - println(group): null

27-02-2025T17:35:05 - [TEST_STEP][PASSED] - if (group >= 0): null

27-02-2025T17:35:05 - [TEST_STEP][PASSED] - else: null

27-02-2025T17:35:05 - [TEST_STEP][PASSED] - if (include): null

27-02-2025T17:35:05 - [TEST_STEP][PASSED] - println(line): null

27-02-2025T17:35:05 - [TEST_STEP][PASSED] - comma = line.indexOf(",y"): null

27-02-2025T17:35:05 - [TEST_STEP][PASSED] - if (comma > 0): null

27-02-2025T17:35:05 - [TEST_STEP][PASSED] - line = reader.readLine(): null

27-02-2025T17:35:05 - [TEST_STEP][PASSED] - println(line): null

27-02-2025T17:35:05 - [TEST_STEP][PASSED] - group = line.indexOf("<Group>"): null

27-02-2025T17:35:05 - [TEST_STEP][PASSED] - println(group): null

27-02-2025T17:35:05 - [TEST_STEP][PASSED] - if (group >= 0): null

27-02-2025T17:35:05 - [TEST_STEP][PASSED] - else: null

27-02-2025T17:35:05 - [TEST_STEP][PASSED] - if (include): null

27-02-2025T17:35:05 - [TEST_STEP][PASSED] - println(line): null

27-02-2025T17:35:05 - [TEST_STEP][PASSED] - comma = line.indexOf(",y"): null

27-02-2025T17:35:05 - [TEST_STEP][PASSED] - if (comma > 0): null

27-02-2025T17:35:05 - [TEST_STEP][PASSED] - line = reader.readLine(): null

27-02-2025T17:35:05 - [TEST_STEP][PASSED] - println(line): null

27-02-2025T17:35:05 - [TEST_STEP][PASSED] - group = line.indexOf("<Group>"): null

27-02-2025T17:35:05 - [TEST_STEP][PASSED] - println(group): null

27-02-2025T17:35:05 - [TEST_STEP][PASSED] - if (group >= 0): null

27-02-2025T17:35:05 - [TEST_STEP][PASSED] - else: null

27-02-2025T17:35:05 - [TEST_STEP][PASSED] - if (include): null

27-02-2025T17:35:05 - [TEST_STEP][PASSED] - println(line): null

27-02-2025T17:35:05 - [TEST_STEP][PASSED] - comma = line.indexOf(",y"): null

27-02-2025T17:35:05 - [TEST_STEP][PASSED] - if (comma > 0): null

27-02-2025T17:35:05 - [TEST_STEP][PASSED] - line = reader.readLine(): null

27-02-2025T17:35:05 - [TEST_STEP][PASSED] - println(line): null

27-02-2025T17:35:05 - [TEST_STEP][PASSED] - group = line.indexOf("<Group>"): null

27-02-2025T17:35:05 - [TEST_STEP][PASSED] - println(group): null

27-02-2025T17:35:05 - [TEST_STEP][PASSED] - if (group >= 0): null

27-02-2025T17:35:05 - [TEST_STEP][PASSED] - else: null

27-02-2025T17:35:05 - [TEST_STEP][PASSED] - if (include): null

27-02-2025T17:35:05 - [TEST_STEP][PASSED] - println(line): null

27-02-2025T17:35:05 - [TEST_STEP][PASSED] - comma = line.indexOf(",y"): null

27-02-2025T17:35:05 - [TEST_STEP][PASSED] - if (comma > 0): null

27-02-2025T17:35:05 - [TEST_STEP][PASSED] - line = reader.readLine(): null

27-02-2025T17:35:05 - [TEST_STEP][PASSED] - println(line): null

27-02-2025T17:35:05 - [TEST_STEP][PASSED] - group = line.indexOf("<Group>"): null

27-02-2025T17:35:05 - [TEST_STEP][PASSED] - println(group): null

27-02-2025T17:35:05 - [TEST_STEP][PASSED] - if (group >= 0): null

27-02-2025T17:35:05 - [TEST_STEP][PASSED] - else: null

27-02-2025T17:35:05 - [TEST_STEP][PASSED] - if (include): null

27-02-2025T17:35:05 - [TEST_STEP][PASSED] - println(line): null

27-02-2025T17:35:05 - [TEST_STEP][PASSED] - comma = line.indexOf(",y"): null

27-02-2025T17:35:05 - [TEST_STEP][PASSED] - if (comma > 0): null

27-02-2025T17:35:05 - [TEST_STEP][PASSED] - line = reader.readLine(): null

27-02-2025T17:35:05 - [TEST_STEP][PASSED] - println(line): null

27-02-2025T17:35:05 - [TEST_STEP][PASSED] - group = line.indexOf("<Group>"): null

27-02-2025T17:35:05 - [TEST_STEP][PASSED] - println(group): null

27-02-2025T17:35:05 - [TEST_STEP][PASSED] - if (group >= 0): null

27-02-2025T17:35:05 - [TEST_STEP][PASSED] - else: null

27-02-2025T17:35:05 - [TEST_STEP][PASSED] - if (include): null

27-02-2025T17:35:05 - [TEST_STEP][PASSED] - println(line): null

27-02-2025T17:35:05 - [TEST_STEP][PASSED] - comma = line.indexOf(",y"): null

27-02-2025T17:35:05 - [TEST_STEP][PASSED] - if (comma > 0): null

27-02-2025T17:35:05 - [TEST_STEP][PASSED] - commaCount = StringUtils.countMatches(line, ","): null

27-02-2025T17:35:05 - [TEST_STEP][PASSED] - if (commaCount > 1): null

27-02-2025T17:35:05 - [TEST_STEP][PASSED] - else: null

27-02-2025T17:35:05 - [TEST_STEP][PASSED] - label = line.substring(1, comma): null

27-02-2025T17:35:05 - [TEST_STEP][PASSED] - println(label): null

27-02-2025T17:35:05 - [TEST_STEP][PASSED] - checked.add(label): null

27-02-2025T17:35:05 - [TEST_STEP][PASSED] - line = reader.readLine(): null

27-02-2025T17:35:05 - [TEST_STEP][PASSED] - println(line): null

27-02-2025T17:35:05 - [TEST_STEP][PASSED] - group = line.indexOf("<Group>"): null

27-02-2025T17:35:05 - [TEST_STEP][PASSED] - println(group): null

27-02-2025T17:35:05 - [TEST_STEP][PASSED] - if (group >= 0): null

27-02-2025T17:35:05 - [TEST_STEP][PASSED] - else: null

27-02-2025T17:35:05 - [TEST_STEP][PASSED] - if (include): null

27-02-2025T17:35:05 - [TEST_STEP][PASSED] - println(line): null

27-02-2025T17:35:05 - [TEST_STEP][PASSED] - comma = line.indexOf(",y"): null

27-02-2025T17:35:05 - [TEST_STEP][PASSED] - if (comma > 0): null

27-02-2025T17:35:05 - [TEST_STEP][PASSED] - line = reader.readLine(): null

27-02-2025T17:35:05 - [TEST_STEP][PASSED] - println(line): null

27-02-2025T17:35:05 - [TEST_STEP][PASSED] - group = line.indexOf("<Group>"): null

27-02-2025T17:35:05 - [TEST_STEP][PASSED] - println(group): null

27-02-2025T17:35:05 - [TEST_STEP][PASSED] - if (group >= 0): null

27-02-2025T17:35:05 - [TEST_STEP][PASSED] - else: null

27-02-2025T17:35:05 - [TEST_STEP][PASSED] - if (include): null

27-02-2025T17:35:05 - [TEST_STEP][PASSED] - println(line): null

27-02-2025T17:35:05 - [TEST_STEP][PASSED] - comma = line.indexOf(",y"): null

27-02-2025T17:35:05 - [TEST_STEP][PASSED] - if (comma > 0): null

27-02-2025T17:35:05 - [TEST_STEP][PASSED] - line = reader.readLine(): null

27-02-2025T17:35:05 - [TEST_STEP][PASSED] - println(line): null

27-02-2025T17:35:05 - [TEST_STEP][PASSED] - group = line.indexOf("<Group>"): null

27-02-2025T17:35:05 - [TEST_STEP][PASSED] - println(group): null

27-02-2025T17:35:05 - [TEST_STEP][PASSED] - if (group >= 0): null

27-02-2025T17:35:05 - [TEST_STEP][PASSED] - else: null

27-02-2025T17:35:05 - [TEST_STEP][PASSED] - if (include): null

27-02-2025T17:35:05 - [TEST_STEP][PASSED] - println(line): null

27-02-2025T17:35:05 - [TEST_STEP][PASSED] - comma = line.indexOf(",y"): null

27-02-2025T17:35:05 - [TEST_STEP][PASSED] - if (comma > 0): null

27-02-2025T17:35:05 - [TEST_STEP][PASSED] - line = reader.readLine(): null

27-02-2025T17:35:05 - [TEST_STEP][PASSED] - println(line): null

27-02-2025T17:35:05 - [TEST_STEP][PASSED] - group = line.indexOf("<Group>"): null

27-02-2025T17:35:05 - [TEST_STEP][PASSED] - println(group): null

27-02-2025T17:35:05 - [TEST_STEP][PASSED] - if (group >= 0): null

27-02-2025T17:35:05 - [TEST_STEP][PASSED] - else: null

27-02-2025T17:35:05 - [TEST_STEP][PASSED] - if (include): null

27-02-2025T17:35:05 - [TEST_STEP][PASSED] - println(line): null

27-02-2025T17:35:05 - [TEST_STEP][PASSED] - comma = line.indexOf(",y"): null

27-02-2025T17:35:05 - [TEST_STEP][PASSED] - if (comma > 0): null

27-02-2025T17:35:05 - [TEST_STEP][PASSED] - line = reader.readLine(): null

27-02-2025T17:35:05 - [TEST_STEP][PASSED] - println(line): null

27-02-2025T17:35:05 - [TEST_STEP][PASSED] - group = line.indexOf("<Group>"): null

27-02-2025T17:35:05 - [TEST_STEP][PASSED] - println(group): null

27-02-2025T17:35:05 - [TEST_STEP][PASSED] - if (group >= 0): null

27-02-2025T17:35:05 - [TEST_STEP][PASSED] - else: null

27-02-2025T17:35:05 - [TEST_STEP][PASSED] - if (include): null

27-02-2025T17:35:05 - [TEST_STEP][PASSED] - println(line): null

27-02-2025T17:35:05 - [TEST_STEP][PASSED] - comma = line.indexOf(",y"): null

27-02-2025T17:35:05 - [TEST_STEP][PASSED] - if (comma > 0): null

27-02-2025T17:35:05 - [TEST_STEP][PASSED] - line = reader.readLine(): null

27-02-2025T17:35:05 - [TEST_STEP][PASSED] - println(line): null

27-02-2025T17:35:05 - [TEST_STEP][PASSED] - group = line.indexOf("<Group>"): null

27-02-2025T17:35:05 - [TEST_STEP][PASSED] - println(group): null

27-02-2025T17:35:05 - [TEST_STEP][PASSED] - if (group >= 0): null

27-02-2025T17:35:05 - [TEST_STEP][PASSED] - else: null

27-02-2025T17:35:05 - [TEST_STEP][PASSED] - if (include): null

27-02-2025T17:35:05 - [TEST_STEP][PASSED] - println(line): null

27-02-2025T17:35:05 - [TEST_STEP][PASSED] - comma = line.indexOf(",y"): null

27-02-2025T17:35:05 - [TEST_STEP][PASSED] - if (comma > 0): null

27-02-2025T17:35:05 - [TEST_STEP][PASSED] - commaCount = StringUtils.countMatches(line, ","): null

27-02-2025T17:35:05 - [TEST_STEP][PASSED] - if (commaCount > 1): null

27-02-2025T17:35:05 - [TEST_STEP][PASSED] - else: null

27-02-2025T17:35:05 - [TEST_STEP][PASSED] - label = line.substring(1, comma): null

27-02-2025T17:35:05 - [TEST_STEP][PASSED] - println(label): null

27-02-2025T17:35:05 - [TEST_STEP][PASSED] - checked.add(label): null

27-02-2025T17:35:05 - [TEST_STEP][PASSED] - line = reader.readLine(): null

27-02-2025T17:35:05 - [TEST_STEP][PASSED] - println(line): null

27-02-2025T17:35:05 - [TEST_STEP][PASSED] - group = line.indexOf("<Group>"): null

27-02-2025T17:35:05 - [TEST_STEP][PASSED] - println(group): null

27-02-2025T17:35:05 - [TEST_STEP][PASSED] - if (group >= 0): null

27-02-2025T17:35:05 - [TEST_STEP][PASSED] - else: null

27-02-2025T17:35:05 - [TEST_STEP][PASSED] - if (include): null

27-02-2025T17:35:05 - [TEST_STEP][PASSED] - println(line): null

27-02-2025T17:35:05 - [TEST_STEP][PASSED] - comma = line.indexOf(",y"): null

27-02-2025T17:35:05 - [TEST_STEP][PASSED] - if (comma > 0): null

27-02-2025T17:35:05 - [TEST_STEP][PASSED] - line = reader.readLine(): null

27-02-2025T17:35:05 - [TEST_STEP][PASSED] - println(line): null

27-02-2025T17:35:05 - [TEST_STEP][PASSED] - group = line.indexOf("<Group>"): null

27-02-2025T17:35:05 - [TEST_STEP][PASSED] - println(group): null

27-02-2025T17:35:05 - [TEST_STEP][PASSED] - if (group >= 0): null

27-02-2025T17:35:05 - [TEST_STEP][PASSED] - else: null

27-02-2025T17:35:05 - [TEST_STEP][PASSED] - if (include): null

27-02-2025T17:35:05 - [TEST_STEP][PASSED] - println(line): null

27-02-2025T17:35:05 - [TEST_STEP][PASSED] - comma = line.indexOf(",y"): null

27-02-2025T17:35:05 - [TEST_STEP][PASSED] - if (comma > 0): null

27-02-2025T17:35:05 - [TEST_STEP][PASSED] - line = reader.readLine(): null

27-02-2025T17:35:05 - [TEST_STEP][PASSED] - println(line): null

27-02-2025T17:35:05 - [TEST_STEP][PASSED] - group = line.indexOf("<Group>"): null

27-02-2025T17:35:05 - [TEST_STEP][PASSED] - println(group): null

27-02-2025T17:35:05 - [TEST_STEP][PASSED] - if (group >= 0): null

27-02-2025T17:35:05 - [TEST_STEP][PASSED] - else: null

27-02-2025T17:35:05 - [TEST_STEP][PASSED] - if (include): null

27-02-2025T17:35:05 - [TEST_STEP][PASSED] - println(line): null

27-02-2025T17:35:05 - [TEST_STEP][PASSED] - comma = line.indexOf(",y"): null

27-02-2025T17:35:05 - [TEST_STEP][PASSED] - if (comma > 0): null

27-02-2025T17:35:05 - [TEST_STEP][PASSED] - line = reader.readLine(): null

27-02-2025T17:35:05 - [TEST_STEP][PASSED] - println(line): null

27-02-2025T17:35:05 - [TEST_STEP][PASSED] - group = line.indexOf("<Group>"): null

27-02-2025T17:35:05 - [TEST_STEP][PASSED] - println(group): null

27-02-2025T17:35:05 - [TEST_STEP][PASSED] - if (group >= 0): null

27-02-2025T17:35:05 - [TEST_STEP][PASSED] - else: null

27-02-2025T17:35:05 - [TEST_STEP][PASSED] - if (include): null

27-02-2025T17:35:05 - [TEST_STEP][PASSED] - println(line): null

27-02-2025T17:35:05 - [TEST_STEP][PASSED] - comma = line.indexOf(",y"): null

27-02-2025T17:35:05 - [TEST_STEP][PASSED] - if (comma > 0): null

27-02-2025T17:35:05 - [TEST_STEP][PASSED] - line = reader.readLine(): null

27-02-2025T17:35:05 - [TEST_STEP][PASSED] - println(line): null

27-02-2025T17:35:05 - [TEST_STEP][PASSED] - group = line.indexOf("<Group>"): null

27-02-2025T17:35:05 - [TEST_STEP][PASSED] - println(group): null

27-02-2025T17:35:05 - [TEST_STEP][PASSED] - if (group >= 0): null

27-02-2025T17:35:05 - [TEST_STEP][PASSED] - else: null

27-02-2025T17:35:05 - [TEST_STEP][PASSED] - if (include): null

27-02-2025T17:35:05 - [TEST_STEP][PASSED] - println(line): null

27-02-2025T17:35:05 - [TEST_STEP][PASSED] - comma = line.indexOf(",y"): null

27-02-2025T17:35:05 - [TEST_STEP][PASSED] - if (comma > 0): null

27-02-2025T17:35:05 - [TEST_STEP][PASSED] - line = reader.readLine(): null

27-02-2025T17:35:05 - [TEST_STEP][PASSED] - println(line): null

27-02-2025T17:35:05 - [TEST_STEP][PASSED] - group = line.indexOf("<Group>"): null

27-02-2025T17:35:05 - [TEST_STEP][PASSED] - println(group): null

27-02-2025T17:35:05 - [TEST_STEP][PASSED] - if (group >= 0): null

27-02-2025T17:35:05 - [TEST_STEP][PASSED] - else: null

27-02-2025T17:35:05 - [TEST_STEP][PASSED] - if (include): null

27-02-2025T17:35:05 - [TEST_STEP][PASSED] - println(line): null

27-02-2025T17:35:05 - [TEST_STEP][PASSED] - comma = line.indexOf(",y"): null

27-02-2025T17:35:05 - [TEST_STEP][PASSED] - if (comma > 0): null

27-02-2025T17:35:05 - [TEST_STEP][PASSED] - line = reader.readLine(): null

27-02-2025T17:35:05 - [TEST_STEP][PASSED] - println(line): null

27-02-2025T17:35:05 - [TEST_STEP][PASSED] - group = line.indexOf("<Group>"): null

27-02-2025T17:35:05 - [TEST_STEP][PASSED] - println(group): null

27-02-2025T17:35:05 - [TEST_STEP][PASSED] - if (group >= 0): null

27-02-2025T17:35:05 - [TEST_STEP][PASSED] - else: null

27-02-2025T17:35:05 - [TEST_STEP][PASSED] - if (include): null

27-02-2025T17:35:05 - [TEST_STEP][PASSED] - println(line): null

27-02-2025T17:35:05 - [TEST_STEP][PASSED] - comma = line.indexOf(",y"): null

27-02-2025T17:35:05 - [TEST_STEP][PASSED] - if (comma > 0): null

27-02-2025T17:35:05 - [TEST_STEP][PASSED] - line = reader.readLine(): null

27-02-2025T17:35:05 - [TEST_STEP][PASSED] - println(line): null

27-02-2025T17:35:05 - [TEST_STEP][PASSED] - group = line.indexOf("<Group>"): null

27-02-2025T17:35:05 - [TEST_STEP][PASSED] - println(group): null

27-02-2025T17:35:05 - [TEST_STEP][PASSED] - if (group >= 0): null

27-02-2025T17:35:05 - [TEST_STEP][PASSED] - else: null

27-02-2025T17:35:05 - [TEST_STEP][PASSED] - if (include): null

27-02-2025T17:35:05 - [TEST_STEP][PASSED] - println(line): null

27-02-2025T17:35:05 - [TEST_STEP][PASSED] - comma = line.indexOf(",y"): null

27-02-2025T17:35:05 - [TEST_STEP][PASSED] - if (comma > 0): null

27-02-2025T17:35:05 - [TEST_STEP][PASSED] - line = reader.readLine(): null

27-02-2025T17:35:05 - [TEST_STEP][PASSED] - println(line): null

27-02-2025T17:35:05 - [TEST_STEP][PASSED] - group = line.indexOf("<Group>"): null

27-02-2025T17:35:05 - [TEST_STEP][PASSED] - println(group): null

27-02-2025T17:35:05 - [TEST_STEP][PASSED] - if (group >= 0): null

27-02-2025T17:35:05 - [TEST_STEP][PASSED] - else: null

27-02-2025T17:35:05 - [TEST_STEP][PASSED] - if (include): null

27-02-2025T17:35:05 - [TEST_STEP][PASSED] - println(line): null

27-02-2025T17:35:05 - [TEST_STEP][PASSED] - comma = line.indexOf(",y"): null

27-02-2025T17:35:05 - [TEST_STEP][PASSED] - if (comma > 0): null

27-02-2025T17:35:05 - [TEST_STEP][PASSED] - line = reader.readLine(): null

27-02-2025T17:35:05 - [TEST_STEP][PASSED] - println(line): null

27-02-2025T17:35:05 - [TEST_STEP][PASSED] - group = line.indexOf("<Group>"): null

27-02-2025T17:35:05 - [TEST_STEP][PASSED] - println(group): null

27-02-2025T17:35:05 - [TEST_STEP][PASSED] - if (group >= 0): null

27-02-2025T17:35:05 - [TEST_STEP][PASSED] - else: null

27-02-2025T17:35:05 - [TEST_STEP][PASSED] - if (include): null

27-02-2025T17:35:05 - [TEST_STEP][PASSED] - println(line): null

27-02-2025T17:35:05 - [TEST_STEP][PASSED] - comma = line.indexOf(",y"): null

27-02-2025T17:35:05 - [TEST_STEP][PASSED] - if (comma > 0): null

27-02-2025T17:35:05 - [TEST_STEP][PASSED] - line = reader.readLine(): null

27-02-2025T17:35:05 - [TEST_STEP][PASSED] - println(line): null

27-02-2025T17:35:05 - [TEST_STEP][PASSED] - group = line.indexOf("<Group>"): null

27-02-2025T17:35:05 - [TEST_STEP][PASSED] - println(group): null

27-02-2025T17:35:05 - [TEST_STEP][PASSED] - if (group >= 0): null

27-02-2025T17:35:05 - [TEST_STEP][PASSED] - else: null

27-02-2025T17:35:05 - [TEST_STEP][PASSED] - if (include): null

27-02-2025T17:35:05 - [TEST_STEP][PASSED] - println(line): null

27-02-2025T17:35:05 - [TEST_STEP][PASSED] - comma = line.indexOf(",y"): null

27-02-2025T17:35:05 - [TEST_STEP][PASSED] - if (comma > 0): null

27-02-2025T17:35:05 - [TEST_STEP][PASSED] - line = reader.readLine(): null

27-02-2025T17:35:05 - [TEST_STEP][PASSED] - println(line): null

27-02-2025T17:35:05 - [TEST_STEP][PASSED] - group = line.indexOf("<Group>"): null

27-02-2025T17:35:05 - [TEST_STEP][PASSED] - println(group): null

27-02-2025T17:35:05 - [TEST_STEP][PASSED] - if (group >= 0): null

27-02-2025T17:35:05 - [TEST_STEP][PASSED] - else: null

27-02-2025T17:35:05 - [TEST_STEP][PASSED] - if (include): null

27-02-2025T17:35:05 - [TEST_STEP][PASSED] - println(line): null

27-02-2025T17:35:05 - [TEST_STEP][PASSED] - comma = line.indexOf(",y"): null

27-02-2025T17:35:05 - [TEST_STEP][PASSED] - if (comma > 0): null

27-02-2025T17:35:05 - [TEST_STEP][PASSED] - line = reader.readLine(): null

27-02-2025T17:35:05 - [TEST_STEP][PASSED] - println(line): null

27-02-2025T17:35:05 - [TEST_STEP][PASSED] - group = line.indexOf("<Group>"): null

27-02-2025T17:35:05 - [TEST_STEP][PASSED] - println(group): null

27-02-2025T17:35:05 - [TEST_STEP][PASSED] - if (group >= 0): null

27-02-2025T17:35:05 - [TEST_STEP][PASSED] - else: null

27-02-2025T17:35:05 - [TEST_STEP][PASSED] - if (include): null

27-02-2025T17:35:05 - [TEST_STEP][PASSED] - println(line): null

27-02-2025T17:35:05 - [TEST_STEP][PASSED] - comma = line.indexOf(",y"): null

27-02-2025T17:35:05 - [TEST_STEP][PASSED] - if (comma > 0): null

27-02-2025T17:35:05 - [TEST_STEP][PASSED] - line = reader.readLine(): null

27-02-2025T17:35:05 - [TEST_STEP][PASSED] - println(line): null

27-02-2025T17:35:05 - [TEST_STEP][PASSED] - group = line.indexOf("<Group>"): null

27-02-2025T17:35:05 - [TEST_STEP][PASSED] - println(group): null

27-02-2025T17:35:05 - [TEST_STEP][PASSED] - if (group >= 0): null

27-02-2025T17:35:05 - [TEST_STEP][PASSED] - else: null

27-02-2025T17:35:05 - [TEST_STEP][PASSED] - if (include): null

27-02-2025T17:35:05 - [TEST_STEP][PASSED] - println(line): null

27-02-2025T17:35:05 - [TEST_STEP][PASSED] - comma = line.indexOf(",y"): null

27-02-2025T17:35:05 - [TEST_STEP][PASSED] - if (comma > 0): null

27-02-2025T17:35:05 - [TEST_STEP][PASSED] - line = reader.readLine(): null

27-02-2025T17:35:05 - [TEST_STEP][PASSED] - println(line): null

27-02-2025T17:35:05 - [TEST_STEP][PASSED] - group = line.indexOf("<Group>"): null

27-02-2025T17:35:05 - [TEST_STEP][PASSED] - println(group): null

27-02-2025T17:35:05 - [TEST_STEP][PASSED] - if (group >= 0): null

27-02-2025T17:35:05 - [TEST_STEP][PASSED] - else: null

27-02-2025T17:35:05 - [TEST_STEP][PASSED] - if (include): null

27-02-2025T17:35:05 - [TEST_STEP][PASSED] - println(line): null

27-02-2025T17:35:05 - [TEST_STEP][PASSED] - comma = line.indexOf(",y"): null

27-02-2025T17:35:05 - [TEST_STEP][PASSED] - if (comma > 0): null

27-02-2025T17:35:05 - [TEST_STEP][PASSED] - line = reader.readLine(): null

27-02-2025T17:35:05 - [TEST_STEP][PASSED] - println(line): null

27-02-2025T17:35:05 - [TEST_STEP][PASSED] - group = line.indexOf("<Group>"): null

27-02-2025T17:35:05 - [TEST_STEP][PASSED] - println(group): null

27-02-2025T17:35:05 - [TEST_STEP][PASSED] - if (group >= 0): null

27-02-2025T17:35:05 - [TEST_STEP][PASSED] - else: null

27-02-2025T17:35:05 - [TEST_STEP][PASSED] - if (include): null

27-02-2025T17:35:05 - [TEST_STEP][PASSED] - println(line): null

27-02-2025T17:35:05 - [TEST_STEP][PASSED] - comma = line.indexOf(",y"): null

27-02-2025T17:35:05 - [TEST_STEP][PASSED] - if (comma > 0): null

27-02-2025T17:35:05 - [TEST_STEP][PASSED] - line = reader.readLine(): null

27-02-2025T17:35:05 - [TEST_STEP][PASSED] - println(line): null

27-02-2025T17:35:05 - [TEST_STEP][PASSED] - group = line.indexOf("<Group>"): null

27-02-2025T17:35:05 - [TEST_STEP][PASSED] - println(group): null

27-02-2025T17:35:05 - [TEST_STEP][PASSED] - if (group >= 0): null

27-02-2025T17:35:05 - [TEST_STEP][PASSED] - else: null

27-02-2025T17:35:05 - [TEST_STEP][PASSED] - if (include): null

27-02-2025T17:35:05 - [TEST_STEP][PASSED] - println(line): null

27-02-2025T17:35:05 - [TEST_STEP][PASSED] - comma = line.indexOf(",y"): null

27-02-2025T17:35:05 - [TEST_STEP][PASSED] - if (comma > 0): null

27-02-2025T17:35:05 - [TEST_STEP][PASSED] - line = reader.readLine(): null

27-02-2025T17:35:05 - [TEST_STEP][PASSED] - println(line): null

27-02-2025T17:35:05 - [TEST_STEP][PASSED] - group = line.indexOf("<Group>"): null

27-02-2025T17:35:05 - [TEST_STEP][PASSED] - println(group): null

27-02-2025T17:35:05 - [TEST_STEP][PASSED] - if (group >= 0): null

27-02-2025T17:35:05 - [TEST_STEP][PASSED] - else: null

27-02-2025T17:35:05 - [TEST_STEP][PASSED] - if (include): null

27-02-2025T17:35:05 - [TEST_STEP][PASSED] - println(line): null

27-02-2025T17:35:05 - [TEST_STEP][PASSED] - comma = line.indexOf(",y"): null

27-02-2025T17:35:05 - [TEST_STEP][PASSED] - if (comma > 0): null

27-02-2025T17:35:05 - [TEST_STEP][PASSED] - line = reader.readLine(): null

27-02-2025T17:35:05 - [TEST_STEP][PASSED] - println(line): null

27-02-2025T17:35:05 - [TEST_STEP][PASSED] - group = line.indexOf("<Group>"): null

27-02-2025T17:35:05 - [TEST_STEP][PASSED] - println(group): null

27-02-2025T17:35:05 - [TEST_STEP][PASSED] - if (group >= 0): null

27-02-2025T17:35:05 - [TEST_STEP][PASSED] - else: null

27-02-2025T17:35:05 - [TEST_STEP][PASSED] - if (include): null

27-02-2025T17:35:05 - [TEST_STEP][PASSED] - println(line): null

27-02-2025T17:35:05 - [TEST_STEP][PASSED] - comma = line.indexOf(",y"): null

27-02-2025T17:35:05 - [TEST_STEP][PASSED] - if (comma > 0): null

27-02-2025T17:35:05 - [TEST_STEP][PASSED] - line = reader.readLine(): null

27-02-2025T17:35:05 - [TEST_STEP][PASSED] - println(line): null

27-02-2025T17:35:05 - [TEST_STEP][PASSED] - group = line.indexOf("<Group>"): null

27-02-2025T17:35:05 - [TEST_STEP][PASSED] - println(group): null

27-02-2025T17:35:05 - [TEST_STEP][PASSED] - if (group >= 0): null

27-02-2025T17:35:05 - [TEST_STEP][PASSED] - else: null

27-02-2025T17:35:05 - [TEST_STEP][PASSED] - if (include): null

27-02-2025T17:35:05 - [TEST_STEP][PASSED] - println(line): null

27-02-2025T17:35:05 - [TEST_STEP][PASSED] - comma = line.indexOf(",y"): null

27-02-2025T17:35:05 - [TEST_STEP][PASSED] - if (comma > 0): null

27-02-2025T17:35:05 - [TEST_STEP][PASSED] - line = reader.readLine(): null

27-02-2025T17:35:05 - [TEST_STEP][PASSED] - println(line): null

27-02-2025T17:35:05 - [TEST_STEP][PASSED] - group = line.indexOf("<Group>"): null

27-02-2025T17:35:05 - [TEST_STEP][PASSED] - println(group): null

27-02-2025T17:35:05 - [TEST_STEP][PASSED] - if (group >= 0): null

27-02-2025T17:35:05 - [TEST_STEP][PASSED] - else: null

27-02-2025T17:35:05 - [TEST_STEP][PASSED] - if (include): null

27-02-2025T17:35:05 - [TEST_STEP][PASSED] - println(line): null

27-02-2025T17:35:05 - [TEST_STEP][PASSED] - comma = line.indexOf(",y"): null

27-02-2025T17:35:05 - [TEST_STEP][PASSED] - if (comma > 0): null

27-02-2025T17:35:05 - [TEST_STEP][PASSED] - line = reader.readLine(): null

27-02-2025T17:35:05 - [TEST_STEP][PASSED] - println(line): null

27-02-2025T17:35:05 - [TEST_STEP][PASSED] - group = line.indexOf("<Group>"): null

27-02-2025T17:35:05 - [TEST_STEP][PASSED] - println(group): null

27-02-2025T17:35:05 - [TEST_STEP][PASSED] - if (group >= 0): null

27-02-2025T17:35:05 - [TEST_STEP][PASSED] - else: null

27-02-2025T17:35:05 - [TEST_STEP][PASSED] - if (include): null

27-02-2025T17:35:05 - [TEST_STEP][PASSED] - println(line): null

27-02-2025T17:35:05 - [TEST_STEP][PASSED] - comma = line.indexOf(",y"): null

27-02-2025T17:35:05 - [TEST_STEP][PASSED] - if (comma > 0): null

27-02-2025T17:35:05 - [TEST_STEP][PASSED] - line = reader.readLine(): null

27-02-2025T17:35:05 - [TEST_STEP][PASSED] - println(line): null

27-02-2025T17:35:05 - [TEST_STEP][PASSED] - group = line.indexOf("<Group>"): null

27-02-2025T17:35:05 - [TEST_STEP][PASSED] - println(group): null

27-02-2025T17:35:05 - [TEST_STEP][PASSED] - if (group >= 0): null

27-02-2025T17:35:05 - [TEST_STEP][PASSED] - else: null

27-02-2025T17:35:05 - [TEST_STEP][PASSED] - if (include): null

27-02-2025T17:35:05 - [TEST_STEP][PASSED] - println(line): null

27-02-2025T17:35:05 - [TEST_STEP][PASSED] - comma = line.indexOf(",y"): null

27-02-2025T17:35:05 - [TEST_STEP][PASSED] - if (comma > 0): null

27-02-2025T17:35:05 - [TEST_STEP][PASSED] - line = reader.readLine(): null

27-02-2025T17:35:05 - [TEST_STEP][PASSED] - println(line): null

27-02-2025T17:35:05 - [TEST_STEP][PASSED] - group = line.indexOf("<Group>"): null

27-02-2025T17:35:05 - [TEST_STEP][PASSED] - println(group): null

27-02-2025T17:35:05 - [TEST_STEP][PASSED] - if (group >= 0): null

27-02-2025T17:35:05 - [TEST_STEP][PASSED] - else: null

27-02-2025T17:35:05 - [TEST_STEP][PASSED] - if (include): null

27-02-2025T17:35:05 - [TEST_STEP][PASSED] - println(line): null

27-02-2025T17:35:05 - [TEST_STEP][PASSED] - comma = line.indexOf(",y"): null

27-02-2025T17:35:05 - [TEST_STEP][PASSED] - if (comma > 0): null

27-02-2025T17:35:05 - [TEST_STEP][PASSED] - line = reader.readLine(): null

27-02-2025T17:35:05 - [TEST_STEP][PASSED] - println(line): null

27-02-2025T17:35:05 - [TEST_STEP][PASSED] - group = line.indexOf("<Group>"): null

27-02-2025T17:35:05 - [TEST_STEP][PASSED] - println(group): null

27-02-2025T17:35:05 - [TEST_STEP][PASSED] - if (group >= 0): null

27-02-2025T17:35:05 - [TEST_STEP][PASSED] - else: null

27-02-2025T17:35:05 - [TEST_STEP][PASSED] - if (include): null

27-02-2025T17:35:05 - [TEST_STEP][PASSED] - println(line): null

27-02-2025T17:35:05 - [TEST_STEP][PASSED] - comma = line.indexOf(",y"): null

27-02-2025T17:35:05 - [TEST_STEP][PASSED] - if (comma > 0): null

27-02-2025T17:35:05 - [TEST_STEP][PASSED] - line = reader.readLine(): null

27-02-2025T17:35:05 - [TEST_STEP][PASSED] - println(line): null

27-02-2025T17:35:05 - [TEST_STEP][PASSED] - group = line.indexOf("<Group>"): null

27-02-2025T17:35:05 - [TEST_STEP][PASSED] - println(group): null

27-02-2025T17:35:05 - [TEST_STEP][PASSED] - if (group >= 0): null

27-02-2025T17:35:05 - [TEST_STEP][PASSED] - else: null

27-02-2025T17:35:05 - [TEST_STEP][PASSED] - if (include): null

27-02-2025T17:35:05 - [TEST_STEP][PASSED] - println(line): null

27-02-2025T17:35:05 - [TEST_STEP][PASSED] - comma = line.indexOf(",y"): null

27-02-2025T17:35:05 - [TEST_STEP][PASSED] - if (comma > 0): null

27-02-2025T17:35:05 - [TEST_STEP][PASSED] - line = reader.readLine(): null

27-02-2025T17:35:05 - [TEST_STEP][PASSED] - println(line): null

27-02-2025T17:35:05 - [TEST_STEP][PASSED] - group = line.indexOf("<Group>"): null

27-02-2025T17:35:05 - [TEST_STEP][PASSED] - println(group): null

27-02-2025T17:35:05 - [TEST_STEP][PASSED] - if (group >= 0): null

27-02-2025T17:35:05 - [TEST_STEP][PASSED] - else: null

27-02-2025T17:35:05 - [TEST_STEP][PASSED] - if (include): null

27-02-2025T17:35:05 - [TEST_STEP][PASSED] - println(line): null

27-02-2025T17:35:05 - [TEST_STEP][PASSED] - comma = line.indexOf(",y"): null

27-02-2025T17:35:05 - [TEST_STEP][PASSED] - if (comma > 0): null

27-02-2025T17:35:05 - [TEST_STEP][PASSED] - line = reader.readLine(): null

27-02-2025T17:35:05 - [TEST_STEP][PASSED] - println(line): null

27-02-2025T17:35:05 - [TEST_STEP][PASSED] - group = line.indexOf("<Group>"): null

27-02-2025T17:35:05 - [TEST_STEP][PASSED] - println(group): null

27-02-2025T17:35:05 - [TEST_STEP][PASSED] - if (group >= 0): null

27-02-2025T17:35:05 - [TEST_STEP][PASSED] - else: null

27-02-2025T17:35:05 - [TEST_STEP][PASSED] - if (include): null

27-02-2025T17:35:05 - [TEST_STEP][PASSED] - println(line): null

27-02-2025T17:35:05 - [TEST_STEP][PASSED] - comma = line.indexOf(",y"): null

27-02-2025T17:35:05 - [TEST_STEP][PASSED] - if (comma > 0): null

27-02-2025T17:35:05 - [TEST_STEP][PASSED] - line = reader.readLine(): null

27-02-2025T17:35:05 - [TEST_STEP][PASSED] - println(line): null

27-02-2025T17:35:05 - [TEST_STEP][PASSED] - group = line.indexOf("<Group>"): null

27-02-2025T17:35:05 - [TEST_STEP][PASSED] - println(group): null

27-02-2025T17:35:05 - [TEST_STEP][PASSED] - if (group >= 0): null

27-02-2025T17:35:05 - [TEST_STEP][PASSED] - else: null

27-02-2025T17:35:05 - [TEST_STEP][PASSED] - if (include): null

27-02-2025T17:35:05 - [TEST_STEP][PASSED] - println(line): null

27-02-2025T17:35:05 - [TEST_STEP][PASSED] - comma = line.indexOf(",y"): null

27-02-2025T17:35:05 - [TEST_STEP][PASSED] - if (comma > 0): null

27-02-2025T17:35:05 - [TEST_STEP][PASSED] - line = reader.readLine(): null

27-02-2025T17:35:05 - [TEST_STEP][PASSED] - println(line): null

27-02-2025T17:35:05 - [TEST_STEP][PASSED] - group = line.indexOf("<Group>"): null

27-02-2025T17:35:05 - [TEST_STEP][PASSED] - println(group): null

27-02-2025T17:35:05 - [TEST_STEP][PASSED] - if (group >= 0): null

27-02-2025T17:35:05 - [TEST_STEP][PASSED] - else: null

27-02-2025T17:35:05 - [TEST_STEP][PASSED] - if (include): null

27-02-2025T17:35:05 - [TEST_STEP][PASSED] - println(line): null

27-02-2025T17:35:05 - [TEST_STEP][PASSED] - comma = line.indexOf(",y"): null

27-02-2025T17:35:05 - [TEST_STEP][PASSED] - if (comma > 0): null

27-02-2025T17:35:05 - [TEST_STEP][PASSED] - line = reader.readLine(): null

27-02-2025T17:35:05 - [TEST_STEP][PASSED] - println(line): null

27-02-2025T17:35:05 - [TEST_STEP][PASSED] - group = line.indexOf("<Group>"): null

27-02-2025T17:35:05 - [TEST_STEP][PASSED] - println(group): null

27-02-2025T17:35:05 - [TEST_STEP][PASSED] - if (group >= 0): null

27-02-2025T17:35:05 - [TEST_STEP][PASSED] - else: null

27-02-2025T17:35:05 - [TEST_STEP][PASSED] - if (include): null

27-02-2025T17:35:05 - [TEST_STEP][PASSED] - println(line): null

27-02-2025T17:35:05 - [TEST_STEP][PASSED] - comma = line.indexOf(",y"): null

27-02-2025T17:35:05 - [TEST_STEP][PASSED] - if (comma > 0): null

27-02-2025T17:35:05 - [TEST_STEP][PASSED] - line = reader.readLine(): null

27-02-2025T17:35:05 - [TEST_STEP][PASSED] - println(line): null

27-02-2025T17:35:05 - [TEST_STEP][PASSED] - group = line.indexOf("<Group>"): null

27-02-2025T17:35:05 - [TEST_STEP][PASSED] - println(group): null

27-02-2025T17:35:05 - [TEST_STEP][PASSED] - if (group >= 0): null

27-02-2025T17:35:05 - [TEST_STEP][PASSED] - else: null

27-02-2025T17:35:05 - [TEST_STEP][PASSED] - if (include): null

27-02-2025T17:35:05 - [TEST_STEP][PASSED] - println(line): null

27-02-2025T17:35:05 - [TEST_STEP][PASSED] - comma = line.indexOf(",y"): null

27-02-2025T17:35:05 - [TEST_STEP][PASSED] - if (comma > 0): null

27-02-2025T17:35:05 - [TEST_STEP][PASSED] - line = reader.readLine(): null

27-02-2025T17:35:05 - [TEST_STEP][PASSED] - println(line): null

27-02-2025T17:35:05 - [TEST_STEP][PASSED] - group = line.indexOf("<Group>"): null

27-02-2025T17:35:05 - [TEST_STEP][PASSED] - println(group): null

27-02-2025T17:35:05 - [TEST_STEP][PASSED] - if (group >= 0): null

27-02-2025T17:35:05 - [TEST_STEP][PASSED] - else: null

27-02-2025T17:35:05 - [TEST_STEP][PASSED] - if (include): null

27-02-2025T17:35:05 - [TEST_STEP][PASSED] - println(line): null

27-02-2025T17:35:05 - [TEST_STEP][PASSED] - comma = line.indexOf(",y"): null

27-02-2025T17:35:05 - [TEST_STEP][PASSED] - if (comma > 0): null

27-02-2025T17:35:05 - [TEST_STEP][PASSED] - line = reader.readLine(): null

27-02-2025T17:35:05 - [TEST_STEP][PASSED] - println(line): null

27-02-2025T17:35:05 - [TEST_STEP][PASSED] - group = line.indexOf("<Group>"): null

27-02-2025T17:35:05 - [TEST_STEP][PASSED] - println(group): null

27-02-2025T17:35:05 - [TEST_STEP][PASSED] - if (group >= 0): null

27-02-2025T17:35:05 - [TEST_STEP][PASSED] - else: null

27-02-2025T17:35:05 - [TEST_STEP][PASSED] - if (include): null

27-02-2025T17:35:05 - [TEST_STEP][PASSED] - println(line): null

27-02-2025T17:35:05 - [TEST_STEP][PASSED] - comma = line.indexOf(",y"): null

27-02-2025T17:35:05 - [TEST_STEP][PASSED] - if (comma > 0): null

27-02-2025T17:35:05 - [TEST_STEP][PASSED] - line = reader.readLine(): null

27-02-2025T17:35:05 - [TEST_STEP][PASSED] - println(line): null

27-02-2025T17:35:05 - [TEST_STEP][PASSED] - group = line.indexOf("<Group>"): null

27-02-2025T17:35:05 - [TEST_STEP][PASSED] - println(group): null

27-02-2025T17:35:05 - [TEST_STEP][PASSED] - if (group >= 0): null

27-02-2025T17:35:05 - [TEST_STEP][PASSED] - else: null

27-02-2025T17:35:05 - [TEST_STEP][PASSED] - if (include): null

27-02-2025T17:35:05 - [TEST_STEP][PASSED] - println(line): null

27-02-2025T17:35:05 - [TEST_STEP][PASSED] - comma = line.indexOf(",y"): null

27-02-2025T17:35:05 - [TEST_STEP][PASSED] - if (comma > 0): null

27-02-2025T17:35:05 - [TEST_STEP][PASSED] - line = reader.readLine(): null

27-02-2025T17:35:05 - [TEST_STEP][PASSED] - println(line): null

27-02-2025T17:35:05 - [TEST_STEP][PASSED] - group = line.indexOf("<Group>"): null

27-02-2025T17:35:05 - [TEST_STEP][PASSED] - println(group): null

27-02-2025T17:35:05 - [TEST_STEP][PASSED] - if (group >= 0): null

27-02-2025T17:35:05 - [TEST_STEP][PASSED] - else: null

27-02-2025T17:35:05 - [TEST_STEP][PASSED] - if (include): null

27-02-2025T17:35:05 - [TEST_STEP][PASSED] - println(line): null

27-02-2025T17:35:05 - [TEST_STEP][PASSED] - comma = line.indexOf(",y"): null

27-02-2025T17:35:05 - [TEST_STEP][PASSED] - if (comma > 0): null

27-02-2025T17:35:05 - [TEST_STEP][PASSED] - line = reader.readLine(): null

27-02-2025T17:35:05 - [TEST_STEP][PASSED] - println(line): null

27-02-2025T17:35:05 - [TEST_STEP][PASSED] - group = line.indexOf("<Group>"): null

27-02-2025T17:35:05 - [TEST_STEP][PASSED] - println(group): null

27-02-2025T17:35:05 - [TEST_STEP][PASSED] - if (group >= 0): null

27-02-2025T17:35:05 - [TEST_STEP][PASSED] - else: null

27-02-2025T17:35:05 - [TEST_STEP][PASSED] - if (include): null

27-02-2025T17:35:05 - [TEST_STEP][PASSED] - println(line): null

27-02-2025T17:35:05 - [TEST_STEP][PASSED] - comma = line.indexOf(",y"): null

27-02-2025T17:35:05 - [TEST_STEP][PASSED] - if (comma > 0): null

27-02-2025T17:35:05 - [TEST_STEP][PASSED] - line = reader.readLine(): null

27-02-2025T17:35:05 - [TEST_STEP][PASSED] - println(line): null

27-02-2025T17:35:05 - [TEST_STEP][PASSED] - group = line.indexOf("<Group>"): null

27-02-2025T17:35:05 - [TEST_STEP][PASSED] - println(group): null

27-02-2025T17:35:05 - [TEST_STEP][PASSED] - if (group >= 0): null

27-02-2025T17:35:05 - [TEST_STEP][PASSED] - else: null

27-02-2025T17:35:05 - [TEST_STEP][PASSED] - if (include): null

27-02-2025T17:35:05 - [TEST_STEP][PASSED] - println(line): null

27-02-2025T17:35:05 - [TEST_STEP][PASSED] - comma = line.indexOf(",y"): null

27-02-2025T17:35:05 - [TEST_STEP][PASSED] - if (comma > 0): null

27-02-2025T17:35:05 - [TEST_STEP][PASSED] - line = reader.readLine(): null

27-02-2025T17:35:05 - [TEST_STEP][PASSED] - println(line): null

27-02-2025T17:35:05 - [TEST_STEP][PASSED] - group = line.indexOf("<Group>"): null

27-02-2025T17:35:05 - [TEST_STEP][PASSED] - println(group): null

27-02-2025T17:35:05 - [TEST_STEP][PASSED] - if (group >= 0): null

27-02-2025T17:35:05 - [TEST_STEP][PASSED] - else: null

27-02-2025T17:35:05 - [TEST_STEP][PASSED] - if (include): null

27-02-2025T17:35:05 - [TEST_STEP][PASSED] - println(line): null

27-02-2025T17:35:05 - [TEST_STEP][PASSED] - comma = line.indexOf(",y"): null

27-02-2025T17:35:05 - [TEST_STEP][PASSED] - if (comma > 0): null

27-02-2025T17:35:05 - [TEST_STEP][PASSED] - line = reader.readLine(): null

27-02-2025T17:35:05 - [TEST_STEP][PASSED] - println(line): null

27-02-2025T17:35:05 - [TEST_STEP][PASSED] - group = line.indexOf("<Group>"): null

27-02-2025T17:35:05 - [TEST_STEP][PASSED] - println(group): null

27-02-2025T17:35:05 - [TEST_STEP][PASSED] - if (group >= 0): null

27-02-2025T17:35:05 - [TEST_STEP][PASSED] - else: null

27-02-2025T17:35:05 - [TEST_STEP][PASSED] - if (include): null

27-02-2025T17:35:05 - [TEST_STEP][PASSED] - println(line): null

27-02-2025T17:35:05 - [TEST_STEP][PASSED] - comma = line.indexOf(",y"): null

27-02-2025T17:35:05 - [TEST_STEP][PASSED] - if (comma > 0): null

27-02-2025T17:35:05 - [TEST_STEP][PASSED] - line = reader.readLine(): null

27-02-2025T17:35:05 - [TEST_STEP][PASSED] - println(line): null

27-02-2025T17:35:05 - [TEST_STEP][PASSED] - group = line.indexOf("<Group>"): null

27-02-2025T17:35:05 - [TEST_STEP][PASSED] - println(group): null

27-02-2025T17:35:05 - [TEST_STEP][PASSED] - if (group >= 0): null

27-02-2025T17:35:05 - [TEST_STEP][PASSED] - else: null

27-02-2025T17:35:05 - [TEST_STEP][PASSED] - if (include): null

27-02-2025T17:35:05 - [TEST_STEP][PASSED] - println(line): null

27-02-2025T17:35:05 - [TEST_STEP][PASSED] - comma = line.indexOf(",y"): null

27-02-2025T17:35:05 - [TEST_STEP][PASSED] - if (comma > 0): null

27-02-2025T17:35:05 - [TEST_STEP][PASSED] - line = reader.readLine(): null

27-02-2025T17:35:05 - [TEST_STEP][PASSED] - println(line): null

27-02-2025T17:35:05 - [TEST_STEP][PASSED] - group = line.indexOf("<Group>"): null

27-02-2025T17:35:05 - [TEST_STEP][PASSED] - println(group): null

27-02-2025T17:35:05 - [TEST_STEP][PASSED] - if (group >= 0): null

27-02-2025T17:35:05 - [TEST_STEP][PASSED] - else: null

27-02-2025T17:35:05 - [TEST_STEP][PASSED] - if (include): null

27-02-2025T17:35:05 - [TEST_STEP][PASSED] - println(line): null

27-02-2025T17:35:05 - [TEST_STEP][PASSED] - comma = line.indexOf(",y"): null

27-02-2025T17:35:05 - [TEST_STEP][PASSED] - if (comma > 0): null

27-02-2025T17:35:05 - [TEST_STEP][PASSED] - line = reader.readLine(): null

27-02-2025T17:35:05 - [TEST_STEP][PASSED] - println(line): null

27-02-2025T17:35:05 - [TEST_STEP][PASSED] - group = line.indexOf("<Group>"): null

27-02-2025T17:35:05 - [TEST_STEP][PASSED] - println(group): null

27-02-2025T17:35:05 - [TEST_STEP][PASSED] - if (group >= 0): null

27-02-2025T17:35:05 - [TEST_STEP][PASSED] - else: null

27-02-2025T17:35:05 - [TEST_STEP][PASSED] - if (include): null

27-02-2025T17:35:05 - [TEST_STEP][PASSED] - println(line): null

27-02-2025T17:35:05 - [TEST_STEP][PASSED] - comma = line.indexOf(",y"): null

27-02-2025T17:35:05 - [TEST_STEP][PASSED] - if (comma > 0): null

27-02-2025T17:35:05 - [TEST_STEP][PASSED] - line = reader.readLine(): null

27-02-2025T17:35:05 - [TEST_STEP][PASSED] - println(line): null

27-02-2025T17:35:05 - [TEST_STEP][PASSED] - group = line.indexOf("<Group>"): null

27-02-2025T17:35:05 - [TEST_STEP][PASSED] - println(group): null

27-02-2025T17:35:05 - [TEST_STEP][PASSED] - if (group >= 0): null

27-02-2025T17:35:05 - [TEST_STEP][PASSED] - else: null

27-02-2025T17:35:05 - [TEST_STEP][PASSED] - if (include): null

27-02-2025T17:35:05 - [TEST_STEP][PASSED] - println(line): null

27-02-2025T17:35:05 - [TEST_STEP][PASSED] - comma = line.indexOf(",y"): null

27-02-2025T17:35:05 - [TEST_STEP][PASSED] - if (comma > 0): null

27-02-2025T17:35:05 - [TEST_STEP][PASSED] - line = reader.readLine(): null

27-02-2025T17:35:05 - [TEST_STEP][PASSED] - println(line): null

27-02-2025T17:35:05 - [TEST_STEP][PASSED] - group = line.indexOf("<Group>"): null

27-02-2025T17:35:05 - [TEST_STEP][PASSED] - println(group): null

27-02-2025T17:35:05 - [TEST_STEP][PASSED] - if (group >= 0): null

27-02-2025T17:35:05 - [TEST_STEP][PASSED] - else: null

27-02-2025T17:35:05 - [TEST_STEP][PASSED] - if (include): null

27-02-2025T17:35:05 - [TEST_STEP][PASSED] - println(line): null

27-02-2025T17:35:05 - [TEST_STEP][PASSED] - comma = line.indexOf(",y"): null

27-02-2025T17:35:05 - [TEST_STEP][PASSED] - if (comma > 0): null

27-02-2025T17:35:05 - [TEST_STEP][PASSED] - line = reader.readLine(): null

27-02-2025T17:35:05 - [TEST_STEP][PASSED] - println(line): null

27-02-2025T17:35:05 - [TEST_STEP][PASSED] - group = line.indexOf("<Group>"): null

27-02-2025T17:35:05 - [TEST_STEP][PASSED] - println(group): null

27-02-2025T17:35:05 - [TEST_STEP][PASSED] - if (group >= 0): null

27-02-2025T17:35:05 - [TEST_STEP][PASSED] - else: null

27-02-2025T17:35:05 - [TEST_STEP][PASSED] - if (include): null

27-02-2025T17:35:05 - [TEST_STEP][PASSED] - println(line): null

27-02-2025T17:35:05 - [TEST_STEP][PASSED] - comma = line.indexOf(",y"): null

27-02-2025T17:35:05 - [TEST_STEP][PASSED] - if (comma > 0): null

27-02-2025T17:35:05 - [TEST_STEP][PASSED] - line = reader.readLine(): null

27-02-2025T17:35:05 - [TEST_STEP][PASSED] - println(line): null

27-02-2025T17:35:05 - [TEST_STEP][PASSED] - group = line.indexOf("<Group>"): null

27-02-2025T17:35:05 - [TEST_STEP][PASSED] - println(group): null

27-02-2025T17:35:05 - [TEST_STEP][PASSED] - if (group >= 0): null

27-02-2025T17:35:05 - [TEST_STEP][PASSED] - else: null

27-02-2025T17:35:05 - [TEST_STEP][PASSED] - if (include): null

27-02-2025T17:35:05 - [TEST_STEP][PASSED] - println(line): null

27-02-2025T17:35:05 - [TEST_STEP][PASSED] - comma = line.indexOf(",y"): null

27-02-2025T17:35:05 - [TEST_STEP][PASSED] - if (comma > 0): null

27-02-2025T17:35:05 - [TEST_STEP][PASSED] - line = reader.readLine(): null

27-02-2025T17:35:05 - [TEST_STEP][PASSED] - println(line): null

27-02-2025T17:35:05 - [TEST_STEP][PASSED] - group = line.indexOf("<Group>"): null

27-02-2025T17:35:05 - [TEST_STEP][PASSED] - println(group): null

27-02-2025T17:35:05 - [TEST_STEP][PASSED] - if (group >= 0): null

27-02-2025T17:35:05 - [TEST_STEP][PASSED] - else: null

27-02-2025T17:35:05 - [TEST_STEP][PASSED] - if (include): null

27-02-2025T17:35:05 - [TEST_STEP][PASSED] - println(line): null

27-02-2025T17:35:05 - [TEST_STEP][PASSED] - comma = line.indexOf(",y"): null

27-02-2025T17:35:05 - [TEST_STEP][PASSED] - if (comma > 0): null

27-02-2025T17:35:05 - [TEST_STEP][PASSED] - line = reader.readLine(): null

27-02-2025T17:35:05 - [TEST_STEP][PASSED] - println(line): null

27-02-2025T17:35:05 - [TEST_STEP][PASSED] - group = line.indexOf("<Group>"): null

27-02-2025T17:35:05 - [TEST_STEP][PASSED] - println(group): null

27-02-2025T17:35:05 - [TEST_STEP][PASSED] - if (group >= 0): null

27-02-2025T17:35:05 - [TEST_STEP][PASSED] - else: null

27-02-2025T17:35:05 - [TEST_STEP][PASSED] - if (include): null

27-02-2025T17:35:05 - [TEST_STEP][PASSED] - println(line): null

27-02-2025T17:35:05 - [TEST_STEP][PASSED] - comma = line.indexOf(",y"): null

27-02-2025T17:35:05 - [TEST_STEP][PASSED] - if (comma > 0): null

27-02-2025T17:35:05 - [TEST_STEP][PASSED] - line = reader.readLine(): null

27-02-2025T17:35:05 - [TEST_STEP][PASSED] - println(line): null

27-02-2025T17:35:05 - [TEST_STEP][PASSED] - group = line.indexOf("<Group>"): null

27-02-2025T17:35:05 - [TEST_STEP][PASSED] - println(group): null

27-02-2025T17:35:05 - [TEST_STEP][PASSED] - if (group >= 0): null

27-02-2025T17:35:05 - [TEST_STEP][PASSED] - else: null

27-02-2025T17:35:05 - [TEST_STEP][PASSED] - if (include): null

27-02-2025T17:35:05 - [TEST_STEP][PASSED] - println(line): null

27-02-2025T17:35:05 - [TEST_STEP][PASSED] - comma = line.indexOf(",y"): null

27-02-2025T17:35:05 - [TEST_STEP][PASSED] - if (comma > 0): null

27-02-2025T17:35:05 - [TEST_STEP][PASSED] - line = reader.readLine(): null

27-02-2025T17:35:05 - [TEST_STEP][PASSED] - println(line): null

27-02-2025T17:35:05 - [TEST_STEP][PASSED] - group = line.indexOf("<Group>"): null

27-02-2025T17:35:05 - [TEST_STEP][PASSED] - println(group): null

27-02-2025T17:35:05 - [TEST_STEP][PASSED] - if (group >= 0): null

27-02-2025T17:35:05 - [TEST_STEP][PASSED] - else: null

27-02-2025T17:35:05 - [TEST_STEP][PASSED] - if (include): null

27-02-2025T17:35:05 - [TEST_STEP][PASSED] - println(line): null

27-02-2025T17:35:05 - [TEST_STEP][PASSED] - comma = line.indexOf(",y"): null

27-02-2025T17:35:05 - [TEST_STEP][PASSED] - if (comma > 0): null

27-02-2025T17:35:05 - [TEST_STEP][PASSED] - line = reader.readLine(): null

27-02-2025T17:35:05 - [TEST_STEP][PASSED] - println(line): null

27-02-2025T17:35:05 - [TEST_STEP][PASSED] - group = line.indexOf("<Group>"): null

27-02-2025T17:35:05 - [TEST_STEP][PASSED] - println(group): null

27-02-2025T17:35:05 - [TEST_STEP][PASSED] - if (group >= 0): null

27-02-2025T17:35:05 - [TEST_STEP][PASSED] - else: null

27-02-2025T17:35:05 - [TEST_STEP][PASSED] - if (include): null

27-02-2025T17:35:05 - [TEST_STEP][PASSED] - println(line): null

27-02-2025T17:35:05 - [TEST_STEP][PASSED] - comma = line.indexOf(",y"): null

27-02-2025T17:35:05 - [TEST_STEP][PASSED] - if (comma > 0): null

27-02-2025T17:35:05 - [TEST_STEP][PASSED] - line = reader.readLine(): null

27-02-2025T17:35:05 - [TEST_STEP][PASSED] - println(line): null

27-02-2025T17:35:05 - [TEST_STEP][PASSED] - group = line.indexOf("<Group>"): null

27-02-2025T17:35:05 - [TEST_STEP][PASSED] - println(group): null

27-02-2025T17:35:05 - [TEST_STEP][PASSED] - if (group >= 0): null

27-02-2025T17:35:05 - [TEST_STEP][PASSED] - else: null

27-02-2025T17:35:05 - [TEST_STEP][PASSED] - if (include): null

27-02-2025T17:35:05 - [TEST_STEP][PASSED] - println(line): null

27-02-2025T17:35:05 - [TEST_STEP][PASSED] - comma = line.indexOf(",y"): null

27-02-2025T17:35:05 - [TEST_STEP][PASSED] - if (comma > 0): null

27-02-2025T17:35:05 - [TEST_STEP][PASSED] - line = reader.readLine(): null

27-02-2025T17:35:05 - [TEST_STEP][PASSED] - println(line): null

27-02-2025T17:35:05 - [TEST_STEP][PASSED] - group = line.indexOf("<Group>"): null

27-02-2025T17:35:05 - [TEST_STEP][PASSED] - println(group): null

27-02-2025T17:35:05 - [TEST_STEP][PASSED] - if (group >= 0): null

27-02-2025T17:35:05 - [TEST_STEP][PASSED] - else: null

27-02-2025T17:35:05 - [TEST_STEP][PASSED] - if (include): null

27-02-2025T17:35:05 - [TEST_STEP][PASSED] - println(line): null

27-02-2025T17:35:05 - [TEST_STEP][PASSED] - comma = line.indexOf(",y"): null

27-02-2025T17:35:05 - [TEST_STEP][PASSED] - if (comma > 0): null

27-02-2025T17:35:05 - [TEST_STEP][PASSED] - line = reader.readLine(): null

27-02-2025T17:35:05 - [TEST_STEP][PASSED] - println(line): null

27-02-2025T17:35:05 - [TEST_STEP][PASSED] - group = line.indexOf("<Group>"): null

27-02-2025T17:35:05 - [TEST_STEP][PASSED] - println(group): null

27-02-2025T17:35:05 - [TEST_STEP][PASSED] - if (group >= 0): null

27-02-2025T17:35:05 - [TEST_STEP][PASSED] - else: null

27-02-2025T17:35:05 - [TEST_STEP][PASSED] - if (include): null

27-02-2025T17:35:05 - [TEST_STEP][PASSED] - println(line): null

27-02-2025T17:35:05 - [TEST_STEP][PASSED] - comma = line.indexOf(",y"): null

27-02-2025T17:35:05 - [TEST_STEP][PASSED] - if (comma > 0): null

27-02-2025T17:35:05 - [TEST_STEP][PASSED] - line = reader.readLine(): null

27-02-2025T17:35:05 - [TEST_STEP][PASSED] - println(line): null

27-02-2025T17:35:05 - [TEST_STEP][PASSED] - group = line.indexOf("<Group>"): null

27-02-2025T17:35:05 - [TEST_STEP][PASSED] - println(group): null

27-02-2025T17:35:05 - [TEST_STEP][PASSED] - if (group >= 0): null

27-02-2025T17:35:05 - [TEST_STEP][PASSED] - else: null

27-02-2025T17:35:05 - [TEST_STEP][PASSED] - if (include): null

27-02-2025T17:35:05 - [TEST_STEP][PASSED] - println(line): null

27-02-2025T17:35:05 - [TEST_STEP][PASSED] - comma = line.indexOf(",y"): null

27-02-2025T17:35:05 - [TEST_STEP][PASSED] - if (comma > 0): null

27-02-2025T17:35:05 - [TEST_STEP][PASSED] - line = reader.readLine(): null

27-02-2025T17:35:05 - [TEST_STEP][PASSED] - println(line): null

27-02-2025T17:35:05 - [TEST_STEP][PASSED] - group = line.indexOf("<Group>"): null

27-02-2025T17:35:05 - [TEST_STEP][PASSED] - println(group): null

27-02-2025T17:35:05 - [TEST_STEP][PASSED] - if (group >= 0): null

27-02-2025T17:35:05 - [TEST_STEP][PASSED] - else: null

27-02-2025T17:35:05 - [TEST_STEP][PASSED] - if (include): null

27-02-2025T17:35:05 - [TEST_STEP][PASSED] - println(line): null

27-02-2025T17:35:05 - [TEST_STEP][PASSED] - comma = line.indexOf(",y"): null

27-02-2025T17:35:05 - [TEST_STEP][PASSED] - if (comma > 0): null

27-02-2025T17:35:05 - [TEST_STEP][PASSED] - line = reader.readLine(): null

27-02-2025T17:35:05 - [TEST_STEP][PASSED] - println(line): null

27-02-2025T17:35:05 - [TEST_STEP][PASSED] - group = line.indexOf("<Group>"): null

27-02-2025T17:35:05 - [TEST_STEP][PASSED] - println(group): null

27-02-2025T17:35:05 - [TEST_STEP][PASSED] - if (group >= 0): null

27-02-2025T17:35:05 - [TEST_STEP][PASSED] - else: null

27-02-2025T17:35:05 - [TEST_STEP][PASSED] - if (include): null

27-02-2025T17:35:05 - [TEST_STEP][PASSED] - println(line): null

27-02-2025T17:35:05 - [TEST_STEP][PASSED] - comma = line.indexOf(",y"): null

27-02-2025T17:35:05 - [TEST_STEP][PASSED] - if (comma > 0): null

27-02-2025T17:35:05 - [TEST_STEP][PASSED] - line = reader.readLine(): null

27-02-2025T17:35:05 - [TEST_STEP][PASSED] - println(line): null

27-02-2025T17:35:05 - [TEST_STEP][PASSED] - group = line.indexOf("<Group>"): null

27-02-2025T17:35:05 - [TEST_STEP][PASSED] - println(group): null

27-02-2025T17:35:05 - [TEST_STEP][PASSED] - if (group >= 0): null

27-02-2025T17:35:05 - [TEST_STEP][PASSED] - else: null

27-02-2025T17:35:05 - [TEST_STEP][PASSED] - if (include): null

27-02-2025T17:35:05 - [TEST_STEP][PASSED] - println(line): null

27-02-2025T17:35:05 - [TEST_STEP][PASSED] - comma = line.indexOf(",y"): null

27-02-2025T17:35:05 - [TEST_STEP][PASSED] - if (comma > 0): null

27-02-2025T17:35:05 - [TEST_STEP][PASSED] - line = reader.readLine(): null

27-02-2025T17:35:05 - [TEST_STEP][PASSED] - println(line): null

27-02-2025T17:35:05 - [TEST_STEP][PASSED] - group = line.indexOf("<Group>"): null

27-02-2025T17:35:05 - [TEST_STEP][PASSED] - println(group): null

27-02-2025T17:35:05 - [TEST_STEP][PASSED] - if (group >= 0): null

27-02-2025T17:35:05 - [TEST_STEP][PASSED] - else: null

27-02-2025T17:35:05 - [TEST_STEP][PASSED] - if (include): null

27-02-2025T17:35:05 - [TEST_STEP][PASSED] - println(line): null

27-02-2025T17:35:05 - [TEST_STEP][PASSED] - comma = line.indexOf(",y"): null

27-02-2025T17:35:05 - [TEST_STEP][PASSED] - if (comma > 0): null

27-02-2025T17:35:05 - [TEST_STEP][PASSED] - line = reader.readLine(): null

27-02-2025T17:35:05 - [TEST_STEP][PASSED] - println(line): null

27-02-2025T17:35:05 - [TEST_STEP][PASSED] - group = line.indexOf("<Group>"): null

27-02-2025T17:35:05 - [TEST_STEP][PASSED] - println(group): null

27-02-2025T17:35:05 - [TEST_STEP][PASSED] - if (group >= 0): null

27-02-2025T17:35:05 - [TEST_STEP][PASSED] - else: null

27-02-2025T17:35:05 - [TEST_STEP][PASSED] - if (include): null

27-02-2025T17:35:05 - [TEST_STEP][PASSED] - println(line): null

27-02-2025T17:35:05 - [TEST_STEP][PASSED] - comma = line.indexOf(",y"): null

27-02-2025T17:35:05 - [TEST_STEP][PASSED] - if (comma > 0): null

27-02-2025T17:35:05 - [TEST_STEP][PASSED] - line = reader.readLine(): null

27-02-2025T17:35:05 - [TEST_STEP][PASSED] - println(line): null

27-02-2025T17:35:05 - [TEST_STEP][PASSED] - group = line.indexOf("<Group>"): null

27-02-2025T17:35:05 - [TEST_STEP][PASSED] - println(group): null

27-02-2025T17:35:05 - [TEST_STEP][PASSED] - if (group >= 0): null

27-02-2025T17:35:05 - [TEST_STEP][PASSED] - else: null

27-02-2025T17:35:05 - [TEST_STEP][PASSED] - if (include): null

27-02-2025T17:35:05 - [TEST_STEP][PASSED] - println(line): null

27-02-2025T17:35:05 - [TEST_STEP][PASSED] - comma = line.indexOf(",y"): null

27-02-2025T17:35:05 - [TEST_STEP][PASSED] - if (comma > 0): null

27-02-2025T17:35:05 - [TEST_STEP][PASSED] - line = reader.readLine(): null

27-02-2025T17:35:05 - [TEST_STEP][PASSED] - println(line): null

27-02-2025T17:35:05 - [TEST_STEP][PASSED] - group = line.indexOf("<Group>"): null

27-02-2025T17:35:05 - [TEST_STEP][PASSED] - println(group): null

27-02-2025T17:35:05 - [TEST_STEP][PASSED] - if (group >= 0): null

27-02-2025T17:35:05 - [TEST_STEP][PASSED] - else: null

27-02-2025T17:35:05 - [TEST_STEP][PASSED] - if (include): null

27-02-2025T17:35:05 - [TEST_STEP][PASSED] - println(line): null

27-02-2025T17:35:05 - [TEST_STEP][PASSED] - comma = line.indexOf(",y"): null

27-02-2025T17:35:05 - [TEST_STEP][PASSED] - if (comma > 0): null

27-02-2025T17:35:05 - [TEST_STEP][PASSED] - line = reader.readLine(): null

27-02-2025T17:35:05 - [TEST_STEP][PASSED] - println(line): null

27-02-2025T17:35:05 - [TEST_STEP][PASSED] - group = line.indexOf("<Group>"): null

27-02-2025T17:35:05 - [TEST_STEP][PASSED] - println(group): null

27-02-2025T17:35:05 - [TEST_STEP][PASSED] - if (group >= 0): null

27-02-2025T17:35:05 - [TEST_STEP][PASSED] - else: null

27-02-2025T17:35:05 - [TEST_STEP][PASSED] - if (include): null

27-02-2025T17:35:05 - [TEST_STEP][PASSED] - println(line): null

27-02-2025T17:35:05 - [TEST_STEP][PASSED] - comma = line.indexOf(",y"): null

27-02-2025T17:35:05 - [TEST_STEP][PASSED] - if (comma > 0): null

27-02-2025T17:35:05 - [TEST_STEP][PASSED] - line = reader.readLine(): null

27-02-2025T17:35:05 - [TEST_STEP][PASSED] - println(line): null

27-02-2025T17:35:05 - [TEST_STEP][PASSED] - group = line.indexOf("<Group>"): null

27-02-2025T17:35:05 - [TEST_STEP][PASSED] - println(group): null

27-02-2025T17:35:05 - [TEST_STEP][PASSED] - if (group >= 0): null

27-02-2025T17:35:05 - [TEST_STEP][PASSED] - else: null

27-02-2025T17:35:05 - [TEST_STEP][PASSED] - if (include): null

27-02-2025T17:35:05 - [TEST_STEP][PASSED] - println(line): null

27-02-2025T17:35:05 - [TEST_STEP][PASSED] - comma = line.indexOf(",y"): null

27-02-2025T17:35:05 - [TEST_STEP][PASSED] - if (comma > 0): null

27-02-2025T17:35:05 - [TEST_STEP][PASSED] - line = reader.readLine(): null

27-02-2025T17:35:05 - [TEST_STEP][PASSED] - frame.dispose(): null

27-02-2025T17:35:05 - [TEST_STEP][PASSED] - reader.close(): null

27-02-2025T17:35:05 - [TEST_STEP][PASSED] - println(checked): null

27-02-2025T17:35:05 - [TEST_STEP][PASSED] - return checked: null

27-02-2025T17:35:05 - [MESSAGE][PASSED] - Call Test Case 'Test Cases/_Functions/Get Selections from CSV File' successfully

27-02-2025T17:35:05 - [TEST_STEP][PASSED] - spouse_preferences_comment = "Willing to consider other opportunities": null

27-02-2025T17:35:05 - [TEST_STEP][PASSED] - callTestCase(findTestCase("Journey Candidate Profile/Tabs/Set Spouse Ministry Prefs"), ["varSpouse_preferred_prefs":positions, "varSpouse_preferences_comment":spouse_preferences_comment], STOP_ON_FAILURE): Call Test Case 'Test Cases/Journey Candidate Profile/Tabs/Set Spouse Ministry Prefs' successfully

27-02-2025T17:35:06 - [TEST_CASE][PASSED] - Test Cases/Journey Candidate Profile/Tabs/Set Spouse Ministry Prefs: Test Cases/Journey Candidate Profile/Tabs/Set Spouse Ministry Prefs

27-02-2025T17:35:06 - [TEST_STEP][PASSED] - username = username: null

27-02-2025T17:35:06 - [TEST_STEP][PASSED] - if (username != "cktest05jc"): null

27-02-2025T17:35:06 - [TEST_STEP][PASSED] - testName = "Journey Candidate Spouse Service Prefs Tab": null

27-02-2025T17:35:06 - [TEST_STEP][PASSED] - outFile = callTestCase(findTestCase("_Functions/Set Output File"), ["varTestName":testName], STOP_ON_FAILURE): Call Test Case 'Test Cases/_Functions/Set Output File' successfully

27-02-2025T17:35:06 - [TEST_CASE][PASSED] - Test Cases/_Functions/Set Output File: Test Cases/_Functions/Set Output File

27-02-2025T17:35:06 - [TEST_STEP][PASSED] - testName = varTestName: null

27-02-2025T17:35:06 - [TEST_STEP][PASSED] - domain = domain: null

27-02-2025T17:35:06 - [TEST_STEP][PASSED] - writeFile = false: null

27-02-2025T17:35:06 - [TEST_STEP][PASSED] - if (outFile != ""): null

27-02-2025T17:35:06 - [TEST_STEP][PASSED] - myFile = outFile: null

27-02-2025T17:35:06 - [TEST_STEP][PASSED] - println(myFile): null

27-02-2025T17:35:06 - [TEST_STEP][PASSED] - outFile = new java.io.File(myFile): null

27-02-2025T17:35:06 - [TEST_STEP][PASSED] - writeFile = true: null

27-02-2025T17:35:06 - [TEST_STEP][PASSED] - if (!(writeFile)): null

27-02-2025T17:35:06 - [TEST_STEP][PASSED] - else: null

27-02-2025T17:35:06 - [TEST_STEP][PASSED] - outFile.append("
Testing " + testName + " on " + domain + ".
"): null

27-02-2025T17:35:06 - [TEST_STEP][PASSED] - return outFile: null

27-02-2025T17:35:06 - [MESSAGE][PASSED] - Call Test Case 'Test Cases/_Functions/Set Output File' successfully

27-02-2025T17:35:06 - [TEST_STEP][PASSED] - parms = [varSpouse_preferred_prefs]: null

27-02-2025T17:35:06 - [TEST_STEP][PASSED] - positions = "//input[@id='profile_group-1623989119.621_spouse_ministry_preferences']": null

27-02-2025T17:35:06 - [TEST_STEP][PASSED] - xpaths = [positions]: null

27-02-2025T17:35:06 - [TEST_STEP][PASSED] - tooltipImagePath = "/Users/cckozie/git/MissionNext-Katalon-Koz/images/Journey candidate/": null

27-02-2025T17:35:06 - [TEST_STEP][PASSED] - tooltips = []: null

27-02-2025T17:35:06 - [TEST_STEP][PASSED] - tooltipText = []: null

27-02-2025T17:35:06 - [TEST_STEP][PASSED] - requiredFieldMsgs = ["Spouse Preferred Position(s)":"The spouse ministry preferences field is required."]: null

27-02-2025T17:35:06 - [TEST_STEP][PASSED] - click(findTestObject("Object Repository/Journey Candidate Profile/Tabs/a_Spouse Ministry Prefs")): Object: 'Object Repository/Journey Candidate Profile/Tabs/a_Spouse Ministry Prefs' is clicked on

27-02-2025T17:35:06 - [MESSAGE][PASSED] - Object: 'Object Repository/Journey Candidate Profile/Tabs/a_Spouse Ministry Prefs' is clicked on

27-02-2025T17:35:06 - [TEST_STEP][PASSED] - tooltipTextMap = callTestCase(findTestCase("_Functions/Get Screenshot and Tooltip Text"), ["varExtension":testName], STOP_ON_FAILURE): Call Test Case 'Test Cases/_Functions/Get Screenshot and Tooltip Text' successfully

27-02-2025T17:35:06 - [TEST_CASE][PASSED] - Test Cases/_Functions/Get Screenshot and Tooltip Text: Test Cases/_Functions/Get Screenshot and Tooltip Text

27-02-2025T17:35:06 - [TEST_STEP][PASSED] - if (fastPath): null

27-02-2025T17:35:06 - [TEST_STEP][PASSED] - frame = new javax.swing.JFrame(): null

27-02-2025T17:35:06 - [TEST_STEP][PASSED] - p = new javax.swing.JPanel(): null

27-02-2025T17:35:06 - [TEST_STEP][PASSED] - l = new javax.swing.JLabel(Getting screenshot and tooltip text..., javax.swing.SwingConstants.CENTER): null

27-02-2025T17:35:06 - [TEST_STEP][PASSED] - frame.add(l): null

27-02-2025T17:35:06 - [TEST_STEP][PASSED] - frame.setSize(300, 100): null

27-02-2025T17:35:06 - [TEST_STEP][PASSED] - frame.setLocation(600, 0): null

27-02-2025T17:35:06 - [TEST_STEP][PASSED] - frame.setAlwaysOnTop(true): null

27-02-2025T17:35:06 - [TEST_STEP][PASSED] - frame.show(): null

27-02-2025T17:35:06 - [TEST_STEP][PASSED] - driver = getWebDriver(): null

27-02-2025T17:35:06 - [TEST_STEP][PASSED] - path = "/Users/cckozie/Documents/MissionNext/Screenshots and Tooltip Text/": null

27-02-2025T17:35:06 - [TEST_STEP][PASSED] - if (binding.hasVariable("varExtension")): null

27-02-2025T17:35:06 - [TEST_STEP][PASSED] - extension = varExtension: null

27-02-2025T17:35:06 - [TEST_STEP][PASSED] - println("Extension is " + extension): null

27-02-2025T17:35:06 - [TEST_STEP][PASSED] - fileBase = path + extension: null

27-02-2025T17:35:06 - [TEST_STEP][PASSED] - fileImage = fileBase + "_Screenshot.png": null

27-02-2025T17:35:06 - [TEST_STEP][PASSED] - waitForPageLoad(30): Wait for page load successfully

27-02-2025T17:35:06 - [MESSAGE][PASSED] - Wait for page load successfully

27-02-2025T17:35:06 - [TEST_STEP][PASSED] - spinner = driver.findElement(By.xpath("/html/body/div[1]/div/div[2]")): null

27-02-2025T17:35:06 - [TEST_STEP][PASSED] - executor = driver: null

27-02-2025T17:35:06 - [TEST_STEP][PASSED] - elementAttributes = executor.executeScript("var items = {}; for (index = 0; index < arguments[0].attributes.length; ++index) { items[arguments[0].attributes[index].name] = arguments[0].attributes[index].value }; return items;", spinner): null

27-02-2025T17:35:06 - [TEST_STEP][PASSED] - attrs = elementAttributes.toString(): null

27-02-2025T17:35:06 - [TEST_STEP][PASSED] - waits = 0: null

27-02-2025T17:35:06 - [TEST_STEP][PASSED] - while (attrs.indexOf("display: none") < 0 && waits < 2): null

27-02-2025T17:35:06 - [TEST_STEP][PASSED] - delay(1): Delayed 1 second(s)

27-02-2025T17:35:07 - [MESSAGE][PASSED] - Delayed 1 second(s)

27-02-2025T17:35:07 - [TEST_STEP][PASSED] - attrs = elementAttributes.toString(): null

27-02-2025T17:35:07 - [TEST_STEP][PASSED] - (waits++): null

27-02-2025T17:35:07 - [TEST_STEP][PASSED] - delay(1): Delayed 1 second(s)

27-02-2025T17:35:08 - [MESSAGE][PASSED] - Delayed 1 second(s)

27-02-2025T17:35:08 - [TEST_STEP][PASSED] - attrs = elementAttributes.toString(): null

27-02-2025T17:35:08 - [TEST_STEP][PASSED] - (waits++): null

27-02-2025T17:35:08 - [TEST_STEP][PASSED] - tooltipMap = callTestCase(findTestCase("_Functions/Get Tooltip Text"), [:], STOP_ON_FAILURE): Call Test Case 'Test Cases/_Functions/Get Tooltip Text' successfully

27-02-2025T17:35:08 - [TEST_CASE][PASSED] - Test Cases/_Functions/Get Tooltip Text: Test Cases/_Functions/Get Tooltip Text

27-02-2025T17:35:08 - [TEST_STEP][PASSED] - fieldTooltips = [:]: null

27-02-2025T17:35:08 - [TEST_STEP][PASSED] - tooltipMap = [:]: null

27-02-2025T17:35:08 - [TEST_STEP][PASSED] - driver = getWebDriver(): null

27-02-2025T17:35:08 - [TEST_STEP][PASSED] - tooltips = driver.findElements(By.className("field-tooltip")): null

27-02-2025T17:35:08 - [TEST_STEP][PASSED] - for (def it : tooltips): null

27-02-2025T17:35:08 - [TEST_STEP][PASSED] - if (it.isDisplayed()): null

27-02-2025T17:35:08 - [TEST_STEP][PASSED] - if (it.isDisplayed()): null

27-02-2025T17:35:08 - [TEST_STEP][PASSED] - if (it.isDisplayed()): null

27-02-2025T17:35:08 - [TEST_STEP][PASSED] - if (it.isDisplayed()): null

27-02-2025T17:35:08 - [TEST_STEP][PASSED] - if (it.isDisplayed()): null

27-02-2025T17:35:08 - [TEST_STEP][PASSED] - if (it.isDisplayed()): null

27-02-2025T17:35:08 - [TEST_STEP][PASSED] - if (it.isDisplayed()): null

27-02-2025T17:35:08 - [TEST_STEP][PASSED] - if (it.isDisplayed()): null

27-02-2025T17:35:08 - [TEST_STEP][PASSED] - if (it.isDisplayed()): null

27-02-2025T17:35:08 - [TEST_STEP][PASSED] - if (it.isDisplayed()): null

27-02-2025T17:35:08 - [TEST_STEP][PASSED] - if (it.isDisplayed()): null

27-02-2025T17:35:08 - [TEST_STEP][PASSED] - if (it.isDisplayed()): null

27-02-2025T17:35:08 - [TEST_STEP][PASSED] - if (it.isDisplayed()): null

27-02-2025T17:35:08 - [TEST_STEP][PASSED] - if (it.isDisplayed()): null

27-02-2025T17:35:08 - [TEST_STEP][PASSED] - if (it.isDisplayed()): null

27-02-2025T17:35:08 - [TEST_STEP][PASSED] - if (it.isDisplayed()): null

27-02-2025T17:35:08 - [TEST_STEP][PASSED] - if (it.isDisplayed()): null

27-02-2025T17:35:08 - [TEST_STEP][PASSED] - if (it.isDisplayed()): null

27-02-2025T17:35:08 - [TEST_STEP][PASSED] - if (it.isDisplayed()): null

27-02-2025T17:35:08 - [TEST_STEP][PASSED] - if (it.isDisplayed()): null

27-02-2025T17:35:08 - [TEST_STEP][PASSED] - if (it.isDisplayed()): null

27-02-2025T17:35:08 - [TEST_STEP][PASSED] - if (it.isDisplayed()): null

27-02-2025T17:35:08 - [TEST_STEP][PASSED] - if (it.isDisplayed()): null

27-02-2025T17:35:08 - [TEST_STEP][PASSED] - if (it.isDisplayed()): null

27-02-2025T17:35:08 - [TEST_STEP][PASSED] - if (it.isDisplayed()): null

27-02-2025T17:35:08 - [TEST_STEP][PASSED] - if (it.isDisplayed()): null

27-02-2025T17:35:08 - [TEST_STEP][PASSED] - if (it.isDisplayed()): null

27-02-2025T17:35:08 - [TEST_STEP][PASSED] - if (it.isDisplayed()): null

27-02-2025T17:35:08 - [TEST_STEP][PASSED] - if (it.isDisplayed()): null

27-02-2025T17:35:08 - [TEST_STEP][PASSED] - if (fieldTooltips.size() > 0): null

27-02-2025T17:35:08 - [TEST_STEP][PASSED] - return tooltipMap: null

27-02-2025T17:35:08 - [MESSAGE][PASSED] - Call Test Case 'Test Cases/_Functions/Get Tooltip Text' successfully

27-02-2025T17:35:08 - [TEST_STEP][PASSED] - if (tooltipMap.size() > 0): null

27-02-2025T17:35:08 - [TEST_STEP][PASSED] - takeFullPageScreenshot(fileImage): Taking screenshot successfully

27-02-2025T17:35:10 - [MESSAGE][INFO] - 0 hidden object(s)

27-02-2025T17:35:10 - [MESSAGE][PASSED] - Taking screenshot successfully
[[ATTACHMENT|/Users/cckozie/Documents/MissionNext/Screenshots and Tooltip Text/Journey Candidate Spouse Service Prefs Tab_Screenshot.png]]

27-02-2025T17:35:10 - [TEST_STEP][PASSED] - frame.dispose(): null

27-02-2025T17:35:10 - [TEST_STEP][PASSED] - return tooltipMap: null

27-02-2025T17:35:10 - [MESSAGE][PASSED] - Call Test Case 'Test Cases/_Functions/Get Screenshot and Tooltip Text' successfully

27-02-2025T17:35:10 - [TEST_STEP][PASSED] - if (tooltips.size() > 0): null

27-02-2025T17:35:10 - [TEST_STEP][PASSED] - outText = "Verifying the required field messages.
": null

27-02-2025T17:35:10 - [TEST_STEP][PASSED] - outFile.append(outText): null

27-02-2025T17:35:10 - [TEST_STEP][PASSED] - fieldList = []: null

27-02-2025T17:35:10 - [TEST_STEP][PASSED] - requiredFieldMsgs.each({ -> ... }): null

27-02-2025T17:35:10 - [TEST_STEP][PASSED] - callTestCase(findTestCase("_Functions/Test Field Error Messages"), ["varFieldList":fieldList, "varRequiredFieldMsgs":requiredFieldMsgs], STOP_ON_FAILURE): Call Test Case 'Test Cases/_Functions/Test Field Error Messages' successfully

27-02-2025T17:35:10 - [TEST_CASE][PASSED] - Test Cases/_Functions/Test Field Error Messages: Test Cases/_Functions/Test Field Error Messages

27-02-2025T17:35:10 - [TEST_STEP][PASSED] - count = callTestCase(findTestCase("_Functions/Find error messages"), ["varFunction":"count"], STOP_ON_FAILURE): Call Test Case 'Test Cases/_Functions/Find error messages' successfully

27-02-2025T17:35:11 - [TEST_CASE][PASSED] - Test Cases/_Functions/Find error messages: Test Cases/_Functions/Find error messages

27-02-2025T17:35:11 - [TEST_STEP][PASSED] - function = "count": null

27-02-2025T17:35:11 - [TEST_STEP][PASSED] - if (binding.hasVariable("varFunction")): null

27-02-2025T17:35:11 - [TEST_STEP][PASSED] - function = varFunction: null

27-02-2025T17:35:11 - [TEST_STEP][PASSED] - title = getWindowTitle(): Current window's title is: 'Journey'

27-02-2025T17:35:11 - [MESSAGE][PASSED] - Current window's title is: 'Journey'

27-02-2025T17:35:11 - [TEST_STEP][PASSED] - println("Page title is " + title): null

27-02-2025T17:35:11 - [TEST_STEP][PASSED] - driver = getWebDriver(): null

27-02-2025T17:35:11 - [TEST_STEP][PASSED] - elements = driver.findElements(By.xpath("//div[@class='col-sm-offset-3 col-sm-9 text-danger']")): null

27-02-2025T17:35:11 - [TEST_STEP][PASSED] - if (function == "count"): null

27-02-2025T17:35:11 - [TEST_STEP][PASSED] - return elements.size(): null

27-02-2025T17:35:11 - [MESSAGE][PASSED] - Call Test Case 'Test Cases/_Functions/Find error messages' successfully

27-02-2025T17:35:11 - [TEST_STEP][PASSED] - outFile = outFile: null

27-02-2025T17:35:11 - [TEST_STEP][PASSED] - if (count == 0): null

27-02-2025T17:35:11 - [TEST_STEP][PASSED] - else: Delayed 0 second(s)

27-02-2025T17:35:11 - [TEST_STEP][PASSED] - fieldList = varFieldList: null

27-02-2025T17:35:11 - [TEST_STEP][PASSED] - requiredFieldMsgs = varRequiredFieldMsgs: null

27-02-2025T17:35:11 - [TEST_STEP][PASSED] - outText = "Verifying error messages for fields " + fieldList: null

27-02-2025T17:35:11 - [TEST_STEP][PASSED] - for (def field : fieldList): null

27-02-2025T17:35:11 - [TEST_STEP][PASSED] - errorMsg = requiredFieldMsgs.get(field): null

27-02-2025T17:35:11 - [TEST_STEP][PASSED] - msg = verifyTextPresent(errorMsg, false, OPTIONAL): Text 'The spouse ministry preferences field is required.' is present on page 

27-02-2025T17:35:11 - [MESSAGE][PASSED] - Text 'The spouse ministry preferences field is required.' is present on page 

27-02-2025T17:35:11 - [TEST_STEP][PASSED] - println(field + ":" + msg): null

27-02-2025T17:35:11 - [TEST_STEP][PASSED] - if (!(msg)): null

27-02-2025T17:35:11 - [TEST_STEP][PASSED] - delay(fieldTestDelay): Delayed 0 second(s)

27-02-2025T17:35:11 - [MESSAGE][PASSED] - Delayed 0 second(s)

27-02-2025T17:35:11 - [MESSAGE][PASSED] - Call Test Case 'Test Cases/_Functions/Test Field Error Messages' successfully

27-02-2025T17:35:11 - [TEST_STEP][PASSED] - if (!(fastPath)): Call Test Case 'Test Cases/_Functions/Click on Group Elements' successfully

27-02-2025T17:35:11 - [TEST_STEP][PASSED] - callTestCase(findTestCase("_Functions/Click on Group Elements"), ["varXpaths":xpaths, "varParms":parms], STOP_ON_FAILURE): Call Test Case 'Test Cases/_Functions/Click on Group Elements' successfully

27-02-2025T17:35:11 - [TEST_CASE][PASSED] - Test Cases/_Functions/Click on Group Elements: Test Cases/_Functions/Click on Group Elements

27-02-2025T17:35:11 - [TEST_STEP][PASSED] - debug = false: null

27-02-2025T17:35:11 - [TEST_STEP][PASSED] - toggle = true: null

27-02-2025T17:35:11 - [TEST_STEP][PASSED] - frame = new javax.swing.JFrame(): null

27-02-2025T17:35:11 - [TEST_STEP][PASSED] - p = new javax.swing.JPanel(): null

27-02-2025T17:35:11 - [TEST_STEP][PASSED] - l = new javax.swing.JLabel(Making user selections..., javax.swing.SwingConstants.CENTER): null

27-02-2025T17:35:11 - [TEST_STEP][PASSED] - frame.add(l): null

27-02-2025T17:35:11 - [TEST_STEP][PASSED] - frame.setSize(300, 100): null

27-02-2025T17:35:11 - [TEST_STEP][PASSED] - frame.setLocation(600, 0): null

27-02-2025T17:35:11 - [TEST_STEP][PASSED] - frame.setAlwaysOnTop(true): null

27-02-2025T17:35:11 - [TEST_STEP][PASSED] - frame.show(): null

27-02-2025T17:35:11 - [TEST_STEP][PASSED] - driver = getWebDriver(): null

27-02-2025T17:35:11 - [TEST_STEP][PASSED] - println(varParms): null

27-02-2025T17:35:11 - [TEST_STEP][PASSED] - for ([i = 0, i < varXpaths.size(), (i++)]): null

27-02-2025T17:35:11 - [TEST_STEP][PASSED] - if (debug): null

27-02-2025T17:35:11 - [TEST_STEP][PASSED] - if (varParms[i].indexOf("Europe") >= 0): null

27-02-2025T17:35:11 - [TEST_STEP][PASSED] - elements = driver.findElements(By.xpath(varXpaths[i])): null

27-02-2025T17:35:11 - [TEST_STEP][PASSED] - element_count = elements.size(): null

27-02-2025T17:35:11 - [TEST_STEP][PASSED] - for (def element : elements): null

27-02-2025T17:35:11 - [TEST_STEP][PASSED] - myValue = element.getAttribute("value"): null

27-02-2025T17:35:11 - [TEST_STEP][PASSED] - if (debug): null

27-02-2025T17:35:11 - [TEST_STEP][PASSED] - if (myValue.length() >= 4): null

27-02-2025T17:35:11 - [TEST_STEP][PASSED] - if (myValue.substring(0, 4) == "(!) "): null

27-02-2025T17:35:11 - [TEST_STEP][PASSED] - myType = element.getAttribute("type"): null

27-02-2025T17:35:11 - [TEST_STEP][PASSED] - if (myValue in varParms[i]): null

27-02-2025T17:35:11 - [TEST_STEP][PASSED] - else: null

27-02-2025T17:35:11 - [TEST_STEP][PASSED] - inList = false: null

27-02-2025T17:35:11 - [TEST_STEP][PASSED] - if (myType == "checkbox"): null

27-02-2025T17:35:11 - [TEST_STEP][PASSED] - myStatus = element.isSelected(): null

27-02-2025T17:35:11 - [TEST_STEP][PASSED] - if (debug): null

27-02-2025T17:35:11 - [TEST_STEP][PASSED] - if (toggle && myStatus && inList): null

27-02-2025T17:35:11 - [TEST_STEP][PASSED] - if (!(myStatus) && inList || myStatus && !(inList)): null

27-02-2025T17:35:11 - [TEST_STEP][PASSED] - myValue = element.getAttribute("value"): null

27-02-2025T17:35:11 - [TEST_STEP][PASSED] - if (debug): null

27-02-2025T17:35:11 - [TEST_STEP][PASSED] - if (myValue.length() >= 4): null

27-02-2025T17:35:11 - [TEST_STEP][PASSED] - if (myValue.substring(0, 4) == "(!) "): null

27-02-2025T17:35:11 - [TEST_STEP][PASSED] - myType = element.getAttribute("type"): null

27-02-2025T17:35:11 - [TEST_STEP][PASSED] - if (myValue in varParms[i]): null

27-02-2025T17:35:11 - [TEST_STEP][PASSED] - else: null

27-02-2025T17:35:11 - [TEST_STEP][PASSED] - inList = false: null

27-02-2025T17:35:11 - [TEST_STEP][PASSED] - if (myType == "checkbox"): null

27-02-2025T17:35:11 - [TEST_STEP][PASSED] - myStatus = element.isSelected(): null

27-02-2025T17:35:11 - [TEST_STEP][PASSED] - if (debug): null

27-02-2025T17:35:11 - [TEST_STEP][PASSED] - if (toggle && myStatus && inList): null

27-02-2025T17:35:11 - [TEST_STEP][PASSED] - if (!(myStatus) && inList || myStatus && !(inList)): null

27-02-2025T17:35:11 - [TEST_STEP][PASSED] - myValue = element.getAttribute("value"): null

27-02-2025T17:35:11 - [TEST_STEP][PASSED] - if (debug): null

27-02-2025T17:35:11 - [TEST_STEP][PASSED] - if (myValue.length() >= 4): null

27-02-2025T17:35:11 - [TEST_STEP][PASSED] - if (myValue.substring(0, 4) == "(!) "): null

27-02-2025T17:35:11 - [TEST_STEP][PASSED] - myType = element.getAttribute("type"): null

27-02-2025T17:35:11 - [TEST_STEP][PASSED] - if (myValue in varParms[i]): null

27-02-2025T17:35:11 - [TEST_STEP][PASSED] - else: null

27-02-2025T17:35:11 - [TEST_STEP][PASSED] - inList = false: null

27-02-2025T17:35:11 - [TEST_STEP][PASSED] - if (myType == "checkbox"): null

27-02-2025T17:35:11 - [TEST_STEP][PASSED] - myStatus = element.isSelected(): null

27-02-2025T17:35:11 - [TEST_STEP][PASSED] - if (debug): null

27-02-2025T17:35:11 - [TEST_STEP][PASSED] - if (toggle && myStatus && inList): null

27-02-2025T17:35:11 - [TEST_STEP][PASSED] - if (!(myStatus) && inList || myStatus && !(inList)): null

27-02-2025T17:35:11 - [TEST_STEP][PASSED] - myValue = element.getAttribute("value"): null

27-02-2025T17:35:11 - [TEST_STEP][PASSED] - if (debug): null

27-02-2025T17:35:11 - [TEST_STEP][PASSED] - if (myValue.length() >= 4): null

27-02-2025T17:35:11 - [TEST_STEP][PASSED] - if (myValue.substring(0, 4) == "(!) "): null

27-02-2025T17:35:11 - [TEST_STEP][PASSED] - myType = element.getAttribute("type"): null

27-02-2025T17:35:11 - [TEST_STEP][PASSED] - if (myValue in varParms[i]): null

27-02-2025T17:35:11 - [TEST_STEP][PASSED] - else: null

27-02-2025T17:35:11 - [TEST_STEP][PASSED] - inList = false: null

27-02-2025T17:35:11 - [TEST_STEP][PASSED] - if (myType == "checkbox"): null

27-02-2025T17:35:11 - [TEST_STEP][PASSED] - myStatus = element.isSelected(): null

27-02-2025T17:35:11 - [TEST_STEP][PASSED] - if (debug): null

27-02-2025T17:35:11 - [TEST_STEP][PASSED] - if (toggle && myStatus && inList): null

27-02-2025T17:35:11 - [TEST_STEP][PASSED] - if (!(myStatus) && inList || myStatus && !(inList)): null

27-02-2025T17:35:11 - [TEST_STEP][PASSED] - myValue = element.getAttribute("value"): null

27-02-2025T17:35:11 - [TEST_STEP][PASSED] - if (debug): null

27-02-2025T17:35:11 - [TEST_STEP][PASSED] - if (myValue.length() >= 4): null

27-02-2025T17:35:11 - [TEST_STEP][PASSED] - if (myValue.substring(0, 4) == "(!) "): null

27-02-2025T17:35:11 - [TEST_STEP][PASSED] - myType = element.getAttribute("type"): null

27-02-2025T17:35:11 - [TEST_STEP][PASSED] - if (myValue in varParms[i]): null

27-02-2025T17:35:11 - [TEST_STEP][PASSED] - else: null

27-02-2025T17:35:11 - [TEST_STEP][PASSED] - inList = false: null

27-02-2025T17:35:11 - [TEST_STEP][PASSED] - if (myType == "checkbox"): null

27-02-2025T17:35:11 - [TEST_STEP][PASSED] - myStatus = element.isSelected(): null

27-02-2025T17:35:11 - [TEST_STEP][PASSED] - if (debug): null

27-02-2025T17:35:11 - [TEST_STEP][PASSED] - if (toggle && myStatus && inList): null

27-02-2025T17:35:11 - [TEST_STEP][PASSED] - if (!(myStatus) && inList || myStatus && !(inList)): null

27-02-2025T17:35:11 - [TEST_STEP][PASSED] - myValue = element.getAttribute("value"): null

27-02-2025T17:35:11 - [TEST_STEP][PASSED] - if (debug): null

27-02-2025T17:35:11 - [TEST_STEP][PASSED] - if (myValue.length() >= 4): null

27-02-2025T17:35:11 - [TEST_STEP][PASSED] - if (myValue.substring(0, 4) == "(!) "): null

27-02-2025T17:35:11 - [TEST_STEP][PASSED] - myType = element.getAttribute("type"): null

27-02-2025T17:35:11 - [TEST_STEP][PASSED] - if (myValue in varParms[i]): null

27-02-2025T17:35:11 - [TEST_STEP][PASSED] - else: null

27-02-2025T17:35:11 - [TEST_STEP][PASSED] - inList = false: null

27-02-2025T17:35:11 - [TEST_STEP][PASSED] - if (myType == "checkbox"): null

27-02-2025T17:35:11 - [TEST_STEP][PASSED] - myStatus = element.isSelected(): null

27-02-2025T17:35:11 - [TEST_STEP][PASSED] - if (debug): null

27-02-2025T17:35:11 - [TEST_STEP][PASSED] - if (toggle && myStatus && inList): null

27-02-2025T17:35:11 - [TEST_STEP][PASSED] - if (!(myStatus) && inList || myStatus && !(inList)): null

27-02-2025T17:35:11 - [TEST_STEP][PASSED] - myValue = element.getAttribute("value"): null

27-02-2025T17:35:11 - [TEST_STEP][PASSED] - if (debug): null

27-02-2025T17:35:11 - [TEST_STEP][PASSED] - if (myValue.length() >= 4): null

27-02-2025T17:35:11 - [TEST_STEP][PASSED] - if (myValue.substring(0, 4) == "(!) "): null

27-02-2025T17:35:11 - [TEST_STEP][PASSED] - myType = element.getAttribute("type"): null

27-02-2025T17:35:11 - [TEST_STEP][PASSED] - if (myValue in varParms[i]): null

27-02-2025T17:35:11 - [TEST_STEP][PASSED] - else: null

27-02-2025T17:35:11 - [TEST_STEP][PASSED] - inList = false: null

27-02-2025T17:35:11 - [TEST_STEP][PASSED] - if (myType == "checkbox"): null

27-02-2025T17:35:11 - [TEST_STEP][PASSED] - myStatus = element.isSelected(): null

27-02-2025T17:35:11 - [TEST_STEP][PASSED] - if (debug): null

27-02-2025T17:35:11 - [TEST_STEP][PASSED] - if (toggle && myStatus && inList): null

27-02-2025T17:35:11 - [TEST_STEP][PASSED] - if (!(myStatus) && inList || myStatus && !(inList)): null

27-02-2025T17:35:11 - [TEST_STEP][PASSED] - myValue = element.getAttribute("value"): null

27-02-2025T17:35:11 - [TEST_STEP][PASSED] - if (debug): null

27-02-2025T17:35:11 - [TEST_STEP][PASSED] - if (myValue.length() >= 4): null

27-02-2025T17:35:11 - [TEST_STEP][PASSED] - if (myValue.substring(0, 4) == "(!) "): null

27-02-2025T17:35:11 - [TEST_STEP][PASSED] - myType = element.getAttribute("type"): null

27-02-2025T17:35:11 - [TEST_STEP][PASSED] - if (myValue in varParms[i]): null

27-02-2025T17:35:11 - [TEST_STEP][PASSED] - else: null

27-02-2025T17:35:11 - [TEST_STEP][PASSED] - inList = false: null

27-02-2025T17:35:11 - [TEST_STEP][PASSED] - if (myType == "checkbox"): null

27-02-2025T17:35:11 - [TEST_STEP][PASSED] - myStatus = element.isSelected(): null

27-02-2025T17:35:11 - [TEST_STEP][PASSED] - if (debug): null

27-02-2025T17:35:11 - [TEST_STEP][PASSED] - if (toggle && myStatus && inList): null

27-02-2025T17:35:11 - [TEST_STEP][PASSED] - if (!(myStatus) && inList || myStatus && !(inList)): null

27-02-2025T17:35:11 - [TEST_STEP][PASSED] - myValue = element.getAttribute("value"): null

27-02-2025T17:35:11 - [TEST_STEP][PASSED] - if (debug): null

27-02-2025T17:35:11 - [TEST_STEP][PASSED] - if (myValue.length() >= 4): null

27-02-2025T17:35:11 - [TEST_STEP][PASSED] - if (myValue.substring(0, 4) == "(!) "): null

27-02-2025T17:35:11 - [TEST_STEP][PASSED] - myType = element.getAttribute("type"): null

27-02-2025T17:35:11 - [TEST_STEP][PASSED] - if (myValue in varParms[i]): null

27-02-2025T17:35:11 - [TEST_STEP][PASSED] - else: null

27-02-2025T17:35:11 - [TEST_STEP][PASSED] - inList = false: null

27-02-2025T17:35:11 - [TEST_STEP][PASSED] - if (myType == "checkbox"): null

27-02-2025T17:35:11 - [TEST_STEP][PASSED] - myStatus = element.isSelected(): null

27-02-2025T17:35:11 - [TEST_STEP][PASSED] - if (debug): null

27-02-2025T17:35:11 - [TEST_STEP][PASSED] - if (toggle && myStatus && inList): null

27-02-2025T17:35:11 - [TEST_STEP][PASSED] - if (!(myStatus) && inList || myStatus && !(inList)): null

27-02-2025T17:35:11 - [TEST_STEP][PASSED] - myValue = element.getAttribute("value"): null

27-02-2025T17:35:11 - [TEST_STEP][PASSED] - if (debug): null

27-02-2025T17:35:11 - [TEST_STEP][PASSED] - if (myValue.length() >= 4): null

27-02-2025T17:35:11 - [TEST_STEP][PASSED] - if (myValue.substring(0, 4) == "(!) "): null

27-02-2025T17:35:11 - [TEST_STEP][PASSED] - myType = element.getAttribute("type"): null

27-02-2025T17:35:11 - [TEST_STEP][PASSED] - if (myValue in varParms[i]): null

27-02-2025T17:35:11 - [TEST_STEP][PASSED] - else: null

27-02-2025T17:35:11 - [TEST_STEP][PASSED] - inList = false: null

27-02-2025T17:35:11 - [TEST_STEP][PASSED] - if (myType == "checkbox"): null

27-02-2025T17:35:11 - [TEST_STEP][PASSED] - myStatus = element.isSelected(): null

27-02-2025T17:35:11 - [TEST_STEP][PASSED] - if (debug): null

27-02-2025T17:35:11 - [TEST_STEP][PASSED] - if (toggle && myStatus && inList): null

27-02-2025T17:35:11 - [TEST_STEP][PASSED] - if (!(myStatus) && inList || myStatus && !(inList)): null

27-02-2025T17:35:11 - [TEST_STEP][PASSED] - myValue = element.getAttribute("value"): null

27-02-2025T17:35:11 - [TEST_STEP][PASSED] - if (debug): null

27-02-2025T17:35:11 - [TEST_STEP][PASSED] - if (myValue.length() >= 4): null

27-02-2025T17:35:11 - [TEST_STEP][PASSED] - if (myValue.substring(0, 4) == "(!) "): null

27-02-2025T17:35:11 - [TEST_STEP][PASSED] - myType = element.getAttribute("type"): null

27-02-2025T17:35:11 - [TEST_STEP][PASSED] - if (myValue in varParms[i]): null

27-02-2025T17:35:11 - [TEST_STEP][PASSED] - else: null

27-02-2025T17:35:11 - [TEST_STEP][PASSED] - inList = false: null

27-02-2025T17:35:11 - [TEST_STEP][PASSED] - if (myType == "checkbox"): null

27-02-2025T17:35:11 - [TEST_STEP][PASSED] - myStatus = element.isSelected(): null

27-02-2025T17:35:11 - [TEST_STEP][PASSED] - if (debug): null

27-02-2025T17:35:11 - [TEST_STEP][PASSED] - if (toggle && myStatus && inList): null

27-02-2025T17:35:11 - [TEST_STEP][PASSED] - if (!(myStatus) && inList || myStatus && !(inList)): null

27-02-2025T17:35:11 - [TEST_STEP][PASSED] - myValue = element.getAttribute("value"): null

27-02-2025T17:35:11 - [TEST_STEP][PASSED] - if (debug): null

27-02-2025T17:35:11 - [TEST_STEP][PASSED] - if (myValue.length() >= 4): null

27-02-2025T17:35:11 - [TEST_STEP][PASSED] - if (myValue.substring(0, 4) == "(!) "): null

27-02-2025T17:35:11 - [TEST_STEP][PASSED] - myType = element.getAttribute("type"): null

27-02-2025T17:35:11 - [TEST_STEP][PASSED] - if (myValue in varParms[i]): null

27-02-2025T17:35:11 - [TEST_STEP][PASSED] - else: null

27-02-2025T17:35:11 - [TEST_STEP][PASSED] - inList = false: null

27-02-2025T17:35:11 - [TEST_STEP][PASSED] - if (myType == "checkbox"): null

27-02-2025T17:35:11 - [TEST_STEP][PASSED] - myStatus = element.isSelected(): null

27-02-2025T17:35:11 - [TEST_STEP][PASSED] - if (debug): null

27-02-2025T17:35:11 - [TEST_STEP][PASSED] - if (toggle && myStatus && inList): null

27-02-2025T17:35:11 - [TEST_STEP][PASSED] - if (!(myStatus) && inList || myStatus && !(inList)): null

27-02-2025T17:35:11 - [TEST_STEP][PASSED] - myValue = element.getAttribute("value"): null

27-02-2025T17:35:11 - [TEST_STEP][PASSED] - if (debug): null

27-02-2025T17:35:11 - [TEST_STEP][PASSED] - if (myValue.length() >= 4): null

27-02-2025T17:35:11 - [TEST_STEP][PASSED] - if (myValue.substring(0, 4) == "(!) "): null

27-02-2025T17:35:11 - [TEST_STEP][PASSED] - myType = element.getAttribute("type"): null

27-02-2025T17:35:11 - [TEST_STEP][PASSED] - if (myValue in varParms[i]): null

27-02-2025T17:35:11 - [TEST_STEP][PASSED] - else: null

27-02-2025T17:35:11 - [TEST_STEP][PASSED] - inList = false: null

27-02-2025T17:35:11 - [TEST_STEP][PASSED] - if (myType == "checkbox"): null

27-02-2025T17:35:11 - [TEST_STEP][PASSED] - myStatus = element.isSelected(): null

27-02-2025T17:35:11 - [TEST_STEP][PASSED] - if (debug): null

27-02-2025T17:35:11 - [TEST_STEP][PASSED] - if (toggle && myStatus && inList): null

27-02-2025T17:35:11 - [TEST_STEP][PASSED] - if (!(myStatus) && inList || myStatus && !(inList)): null

27-02-2025T17:35:11 - [TEST_STEP][PASSED] - myValue = element.getAttribute("value"): null

27-02-2025T17:35:11 - [TEST_STEP][PASSED] - if (debug): null

27-02-2025T17:35:11 - [TEST_STEP][PASSED] - if (myValue.length() >= 4): null

27-02-2025T17:35:11 - [TEST_STEP][PASSED] - if (myValue.substring(0, 4) == "(!) "): null

27-02-2025T17:35:11 - [TEST_STEP][PASSED] - myType = element.getAttribute("type"): null

27-02-2025T17:35:11 - [TEST_STEP][PASSED] - if (myValue in varParms[i]): null

27-02-2025T17:35:11 - [TEST_STEP][PASSED] - else: null

27-02-2025T17:35:11 - [TEST_STEP][PASSED] - inList = false: null

27-02-2025T17:35:11 - [TEST_STEP][PASSED] - if (myType == "checkbox"): null

27-02-2025T17:35:11 - [TEST_STEP][PASSED] - myStatus = element.isSelected(): null

27-02-2025T17:35:11 - [TEST_STEP][PASSED] - if (debug): null

27-02-2025T17:35:11 - [TEST_STEP][PASSED] - if (toggle && myStatus && inList): null

27-02-2025T17:35:11 - [TEST_STEP][PASSED] - if (!(myStatus) && inList || myStatus && !(inList)): null

27-02-2025T17:35:11 - [TEST_STEP][PASSED] - myValue = element.getAttribute("value"): null

27-02-2025T17:35:11 - [TEST_STEP][PASSED] - if (debug): null

27-02-2025T17:35:11 - [TEST_STEP][PASSED] - if (myValue.length() >= 4): null

27-02-2025T17:35:11 - [TEST_STEP][PASSED] - if (myValue.substring(0, 4) == "(!) "): null

27-02-2025T17:35:11 - [TEST_STEP][PASSED] - myType = element.getAttribute("type"): null

27-02-2025T17:35:11 - [TEST_STEP][PASSED] - if (myValue in varParms[i]): null

27-02-2025T17:35:11 - [TEST_STEP][PASSED] - else: null

27-02-2025T17:35:11 - [TEST_STEP][PASSED] - inList = false: null

27-02-2025T17:35:11 - [TEST_STEP][PASSED] - if (myType == "checkbox"): null

27-02-2025T17:35:11 - [TEST_STEP][PASSED] - myStatus = element.isSelected(): null

27-02-2025T17:35:11 - [TEST_STEP][PASSED] - if (debug): null

27-02-2025T17:35:11 - [TEST_STEP][PASSED] - if (toggle && myStatus && inList): null

27-02-2025T17:35:11 - [TEST_STEP][PASSED] - if (!(myStatus) && inList || myStatus && !(inList)): null

27-02-2025T17:35:11 - [TEST_STEP][PASSED] - myValue = element.getAttribute("value"): null

27-02-2025T17:35:11 - [TEST_STEP][PASSED] - if (debug): null

27-02-2025T17:35:11 - [TEST_STEP][PASSED] - if (myValue.length() >= 4): null

27-02-2025T17:35:11 - [TEST_STEP][PASSED] - if (myValue.substring(0, 4) == "(!) "): null

27-02-2025T17:35:11 - [TEST_STEP][PASSED] - myType = element.getAttribute("type"): null

27-02-2025T17:35:11 - [TEST_STEP][PASSED] - if (myValue in varParms[i]): null

27-02-2025T17:35:11 - [TEST_STEP][PASSED] - else: null

27-02-2025T17:35:11 - [TEST_STEP][PASSED] - inList = false: null

27-02-2025T17:35:11 - [TEST_STEP][PASSED] - if (myType == "checkbox"): null

27-02-2025T17:35:11 - [TEST_STEP][PASSED] - myStatus = element.isSelected(): null

27-02-2025T17:35:11 - [TEST_STEP][PASSED] - if (debug): null

27-02-2025T17:35:11 - [TEST_STEP][PASSED] - if (toggle && myStatus && inList): null

27-02-2025T17:35:11 - [TEST_STEP][PASSED] - if (!(myStatus) && inList || myStatus && !(inList)): null

27-02-2025T17:35:11 - [TEST_STEP][PASSED] - myValue = element.getAttribute("value"): null

27-02-2025T17:35:11 - [TEST_STEP][PASSED] - if (debug): null

27-02-2025T17:35:11 - [TEST_STEP][PASSED] - if (myValue.length() >= 4): null

27-02-2025T17:35:11 - [TEST_STEP][PASSED] - if (myValue.substring(0, 4) == "(!) "): null

27-02-2025T17:35:11 - [TEST_STEP][PASSED] - myType = element.getAttribute("type"): null

27-02-2025T17:35:11 - [TEST_STEP][PASSED] - if (myValue in varParms[i]): null

27-02-2025T17:35:11 - [TEST_STEP][PASSED] - else: null

27-02-2025T17:35:11 - [TEST_STEP][PASSED] - inList = false: null

27-02-2025T17:35:11 - [TEST_STEP][PASSED] - if (myType == "checkbox"): null

27-02-2025T17:35:11 - [TEST_STEP][PASSED] - myStatus = element.isSelected(): null

27-02-2025T17:35:11 - [TEST_STEP][PASSED] - if (debug): null

27-02-2025T17:35:11 - [TEST_STEP][PASSED] - if (toggle && myStatus && inList): null

27-02-2025T17:35:11 - [TEST_STEP][PASSED] - if (!(myStatus) && inList || myStatus && !(inList)): null

27-02-2025T17:35:11 - [TEST_STEP][PASSED] - myValue = element.getAttribute("value"): null

27-02-2025T17:35:11 - [TEST_STEP][PASSED] - if (debug): null

27-02-2025T17:35:11 - [TEST_STEP][PASSED] - if (myValue.length() >= 4): null

27-02-2025T17:35:11 - [TEST_STEP][PASSED] - if (myValue.substring(0, 4) == "(!) "): null

27-02-2025T17:35:11 - [TEST_STEP][PASSED] - myType = element.getAttribute("type"): null

27-02-2025T17:35:11 - [TEST_STEP][PASSED] - if (myValue in varParms[i]): null

27-02-2025T17:35:11 - [TEST_STEP][PASSED] - else: null

27-02-2025T17:35:11 - [TEST_STEP][PASSED] - inList = false: null

27-02-2025T17:35:11 - [TEST_STEP][PASSED] - if (myType == "checkbox"): null

27-02-2025T17:35:11 - [TEST_STEP][PASSED] - myStatus = element.isSelected(): null

27-02-2025T17:35:11 - [TEST_STEP][PASSED] - if (debug): null

27-02-2025T17:35:11 - [TEST_STEP][PASSED] - if (toggle && myStatus && inList): null

27-02-2025T17:35:11 - [TEST_STEP][PASSED] - if (!(myStatus) && inList || myStatus && !(inList)): null

27-02-2025T17:35:11 - [TEST_STEP][PASSED] - myValue = element.getAttribute("value"): null

27-02-2025T17:35:11 - [TEST_STEP][PASSED] - if (debug): null

27-02-2025T17:35:11 - [TEST_STEP][PASSED] - if (myValue.length() >= 4): null

27-02-2025T17:35:11 - [TEST_STEP][PASSED] - if (myValue.substring(0, 4) == "(!) "): null

27-02-2025T17:35:11 - [TEST_STEP][PASSED] - myType = element.getAttribute("type"): null

27-02-2025T17:35:11 - [TEST_STEP][PASSED] - if (myValue in varParms[i]): null

27-02-2025T17:35:11 - [TEST_STEP][PASSED] - else: null

27-02-2025T17:35:11 - [TEST_STEP][PASSED] - inList = false: null

27-02-2025T17:35:11 - [TEST_STEP][PASSED] - if (myType == "checkbox"): null

27-02-2025T17:35:11 - [TEST_STEP][PASSED] - myStatus = element.isSelected(): null

27-02-2025T17:35:11 - [TEST_STEP][PASSED] - if (debug): null

27-02-2025T17:35:11 - [TEST_STEP][PASSED] - if (toggle && myStatus && inList): null

27-02-2025T17:35:11 - [TEST_STEP][PASSED] - if (!(myStatus) && inList || myStatus && !(inList)): null

27-02-2025T17:35:11 - [TEST_STEP][PASSED] - myValue = element.getAttribute("value"): null

27-02-2025T17:35:11 - [TEST_STEP][PASSED] - if (debug): null

27-02-2025T17:35:11 - [TEST_STEP][PASSED] - if (myValue.length() >= 4): null

27-02-2025T17:35:11 - [TEST_STEP][PASSED] - if (myValue.substring(0, 4) == "(!) "): null

27-02-2025T17:35:11 - [TEST_STEP][PASSED] - myType = element.getAttribute("type"): null

27-02-2025T17:35:11 - [TEST_STEP][PASSED] - if (myValue in varParms[i]): null

27-02-2025T17:35:11 - [TEST_STEP][PASSED] - else: null

27-02-2025T17:35:11 - [TEST_STEP][PASSED] - inList = false: null

27-02-2025T17:35:11 - [TEST_STEP][PASSED] - if (myType == "checkbox"): null

27-02-2025T17:35:11 - [TEST_STEP][PASSED] - myStatus = element.isSelected(): null

27-02-2025T17:35:11 - [TEST_STEP][PASSED] - if (debug): null

27-02-2025T17:35:11 - [TEST_STEP][PASSED] - if (toggle && myStatus && inList): null

27-02-2025T17:35:11 - [TEST_STEP][PASSED] - if (!(myStatus) && inList || myStatus && !(inList)): null

27-02-2025T17:35:11 - [TEST_STEP][PASSED] - myValue = element.getAttribute("value"): null

27-02-2025T17:35:11 - [TEST_STEP][PASSED] - if (debug): null

27-02-2025T17:35:11 - [TEST_STEP][PASSED] - if (myValue.length() >= 4): null

27-02-2025T17:35:11 - [TEST_STEP][PASSED] - if (myValue.substring(0, 4) == "(!) "): null

27-02-2025T17:35:11 - [TEST_STEP][PASSED] - myType = element.getAttribute("type"): null

27-02-2025T17:35:11 - [TEST_STEP][PASSED] - if (myValue in varParms[i]): null

27-02-2025T17:35:11 - [TEST_STEP][PASSED] - else: null

27-02-2025T17:35:11 - [TEST_STEP][PASSED] - inList = false: null

27-02-2025T17:35:11 - [TEST_STEP][PASSED] - if (myType == "checkbox"): null

27-02-2025T17:35:11 - [TEST_STEP][PASSED] - myStatus = element.isSelected(): null

27-02-2025T17:35:11 - [TEST_STEP][PASSED] - if (debug): null

27-02-2025T17:35:11 - [TEST_STEP][PASSED] - if (toggle && myStatus && inList): null

27-02-2025T17:35:11 - [TEST_STEP][PASSED] - if (!(myStatus) && inList || myStatus && !(inList)): null

27-02-2025T17:35:11 - [TEST_STEP][PASSED] - myValue = element.getAttribute("value"): null

27-02-2025T17:35:11 - [TEST_STEP][PASSED] - if (debug): null

27-02-2025T17:35:11 - [TEST_STEP][PASSED] - if (myValue.length() >= 4): null

27-02-2025T17:35:11 - [TEST_STEP][PASSED] - if (myValue.substring(0, 4) == "(!) "): null

27-02-2025T17:35:11 - [TEST_STEP][PASSED] - myType = element.getAttribute("type"): null

27-02-2025T17:35:11 - [TEST_STEP][PASSED] - if (myValue in varParms[i]): null

27-02-2025T17:35:11 - [TEST_STEP][PASSED] - else: null

27-02-2025T17:35:11 - [TEST_STEP][PASSED] - inList = false: null

27-02-2025T17:35:11 - [TEST_STEP][PASSED] - if (myType == "checkbox"): null

27-02-2025T17:35:11 - [TEST_STEP][PASSED] - myStatus = element.isSelected(): null

27-02-2025T17:35:11 - [TEST_STEP][PASSED] - if (debug): null

27-02-2025T17:35:11 - [TEST_STEP][PASSED] - if (toggle && myStatus && inList): null

27-02-2025T17:35:11 - [TEST_STEP][PASSED] - if (!(myStatus) && inList || myStatus && !(inList)): null

27-02-2025T17:35:11 - [TEST_STEP][PASSED] - myValue = element.getAttribute("value"): null

27-02-2025T17:35:11 - [TEST_STEP][PASSED] - if (debug): null

27-02-2025T17:35:11 - [TEST_STEP][PASSED] - if (myValue.length() >= 4): null

27-02-2025T17:35:11 - [TEST_STEP][PASSED] - if (myValue.substring(0, 4) == "(!) "): null

27-02-2025T17:35:11 - [TEST_STEP][PASSED] - myType = element.getAttribute("type"): null

27-02-2025T17:35:11 - [TEST_STEP][PASSED] - if (myValue in varParms[i]): null

27-02-2025T17:35:11 - [TEST_STEP][PASSED] - else: null

27-02-2025T17:35:11 - [TEST_STEP][PASSED] - inList = false: null

27-02-2025T17:35:11 - [TEST_STEP][PASSED] - if (myType == "checkbox"): null

27-02-2025T17:35:11 - [TEST_STEP][PASSED] - myStatus = element.isSelected(): null

27-02-2025T17:35:11 - [TEST_STEP][PASSED] - if (debug): null

27-02-2025T17:35:11 - [TEST_STEP][PASSED] - if (toggle && myStatus && inList): null

27-02-2025T17:35:11 - [TEST_STEP][PASSED] - if (!(myStatus) && inList || myStatus && !(inList)): null

27-02-2025T17:35:11 - [TEST_STEP][PASSED] - myValue = element.getAttribute("value"): null

27-02-2025T17:35:11 - [TEST_STEP][PASSED] - if (debug): null

27-02-2025T17:35:11 - [TEST_STEP][PASSED] - if (myValue.length() >= 4): null

27-02-2025T17:35:11 - [TEST_STEP][PASSED] - if (myValue.substring(0, 4) == "(!) "): null

27-02-2025T17:35:11 - [TEST_STEP][PASSED] - myType = element.getAttribute("type"): null

27-02-2025T17:35:11 - [TEST_STEP][PASSED] - if (myValue in varParms[i]): null

27-02-2025T17:35:11 - [TEST_STEP][PASSED] - inList = true: null

27-02-2025T17:35:11 - [TEST_STEP][PASSED] - if (myType == "checkbox"): null

27-02-2025T17:35:11 - [TEST_STEP][PASSED] - myStatus = element.isSelected(): null

27-02-2025T17:35:11 - [TEST_STEP][PASSED] - if (debug): null

27-02-2025T17:35:11 - [TEST_STEP][PASSED] - if (toggle && myStatus && inList): null

27-02-2025T17:35:11 - [TEST_STEP][PASSED] - if (!(myStatus) && inList || myStatus && !(inList)): null

27-02-2025T17:35:11 - [TEST_STEP][PASSED] - if (debug): null

27-02-2025T17:35:11 - [TEST_STEP][PASSED] - println("Clicking " + myValue): null

27-02-2025T17:35:11 - [TEST_STEP][PASSED] - click(element): null

27-02-2025T17:35:11 - [TEST_STEP][PASSED] - scrollToObject(elem): null

27-02-2025T17:35:11 - [TEST_STEP][PASSED] - loc = element.getLocation(): null

27-02-2025T17:35:11 - [TEST_STEP][PASSED] - if (debug): null

27-02-2025T17:35:11 - [TEST_STEP][PASSED] - y = loc.getY(): null

27-02-2025T17:35:11 - [TEST_STEP][PASSED] - println("Y location is " + y): null

27-02-2025T17:35:11 - [TEST_STEP][PASSED] - top = getViewportTopPosition(): Current viewport's top (y) position is 0

27-02-2025T17:35:11 - [MESSAGE][PASSED] - Current viewport's top (y) position is 0

27-02-2025T17:35:11 - [TEST_STEP][PASSED] - println("Viewport top is " + top): null

27-02-2025T17:35:11 - [TEST_STEP][PASSED] - bottom = top + 600: null

27-02-2025T17:35:11 - [TEST_STEP][PASSED] - if (y - top < 150 || bottom - y < 10): Delayed 1 second(s)

27-02-2025T17:35:11 - [TEST_STEP][PASSED] - scrollToPosition(0, y - 150): Browser is scrolled to position x = 0, y = 481

27-02-2025T17:35:11 - [MESSAGE][PASSED] - Browser is scrolled to position x = 0, y = 481

27-02-2025T17:35:11 - [TEST_STEP][PASSED] - delay(1): Delayed 1 second(s)

27-02-2025T17:35:12 - [MESSAGE][PASSED] - Delayed 1 second(s)

27-02-2025T17:35:12 - [TEST_STEP][PASSED] - elem.click(): null

27-02-2025T17:35:12 - [TEST_STEP][PASSED] - myValue = element.getAttribute("value"): null

27-02-2025T17:35:12 - [TEST_STEP][PASSED] - if (debug): null

27-02-2025T17:35:12 - [TEST_STEP][PASSED] - if (myValue.length() >= 4): null

27-02-2025T17:35:12 - [TEST_STEP][PASSED] - if (myValue.substring(0, 4) == "(!) "): null

27-02-2025T17:35:12 - [TEST_STEP][PASSED] - myType = element.getAttribute("type"): null

27-02-2025T17:35:12 - [TEST_STEP][PASSED] - if (myValue in varParms[i]): null

27-02-2025T17:35:12 - [TEST_STEP][PASSED] - inList = true: null

27-02-2025T17:35:12 - [TEST_STEP][PASSED] - if (myType == "checkbox"): null

27-02-2025T17:35:12 - [TEST_STEP][PASSED] - myStatus = element.isSelected(): null

27-02-2025T17:35:12 - [TEST_STEP][PASSED] - if (debug): null

27-02-2025T17:35:12 - [TEST_STEP][PASSED] - if (toggle && myStatus && inList): null

27-02-2025T17:35:12 - [TEST_STEP][PASSED] - if (!(myStatus) && inList || myStatus && !(inList)): null

27-02-2025T17:35:12 - [TEST_STEP][PASSED] - if (debug): null

27-02-2025T17:35:12 - [TEST_STEP][PASSED] - println("Clicking " + myValue): null

27-02-2025T17:35:12 - [TEST_STEP][PASSED] - click(element): null

27-02-2025T17:35:12 - [TEST_STEP][PASSED] - scrollToObject(elem): null

27-02-2025T17:35:12 - [TEST_STEP][PASSED] - loc = element.getLocation(): null

27-02-2025T17:35:12 - [TEST_STEP][PASSED] - if (debug): null

27-02-2025T17:35:12 - [TEST_STEP][PASSED] - y = loc.getY(): null

27-02-2025T17:35:12 - [TEST_STEP][PASSED] - println("Y location is " + y): null

27-02-2025T17:35:12 - [TEST_STEP][PASSED] - top = getViewportTopPosition(): Current viewport's top (y) position is 481

27-02-2025T17:35:12 - [MESSAGE][PASSED] - Current viewport's top (y) position is 481

27-02-2025T17:35:12 - [TEST_STEP][PASSED] - println("Viewport top is " + top): null

27-02-2025T17:35:12 - [TEST_STEP][PASSED] - bottom = top + 600: null

27-02-2025T17:35:12 - [TEST_STEP][PASSED] - if (y - top < 150 || bottom - y < 10): null

27-02-2025T17:35:12 - [TEST_STEP][PASSED] - elem.click(): null

27-02-2025T17:35:12 - [TEST_STEP][PASSED] - myValue = element.getAttribute("value"): null

27-02-2025T17:35:12 - [TEST_STEP][PASSED] - if (debug): null

27-02-2025T17:35:12 - [TEST_STEP][PASSED] - if (myValue.length() >= 4): null

27-02-2025T17:35:12 - [TEST_STEP][PASSED] - if (myValue.substring(0, 4) == "(!) "): null

27-02-2025T17:35:12 - [TEST_STEP][PASSED] - myType = element.getAttribute("type"): null

27-02-2025T17:35:12 - [TEST_STEP][PASSED] - if (myValue in varParms[i]): null

27-02-2025T17:35:12 - [TEST_STEP][PASSED] - else: null

27-02-2025T17:35:12 - [TEST_STEP][PASSED] - inList = false: null

27-02-2025T17:35:12 - [TEST_STEP][PASSED] - if (myType == "checkbox"): null

27-02-2025T17:35:12 - [TEST_STEP][PASSED] - myStatus = element.isSelected(): null

27-02-2025T17:35:12 - [TEST_STEP][PASSED] - if (debug): null

27-02-2025T17:35:12 - [TEST_STEP][PASSED] - if (toggle && myStatus && inList): null

27-02-2025T17:35:12 - [TEST_STEP][PASSED] - if (!(myStatus) && inList || myStatus && !(inList)): null

27-02-2025T17:35:12 - [TEST_STEP][PASSED] - myValue = element.getAttribute("value"): null

27-02-2025T17:35:12 - [TEST_STEP][PASSED] - if (debug): null

27-02-2025T17:35:12 - [TEST_STEP][PASSED] - if (myValue.length() >= 4): null

27-02-2025T17:35:12 - [TEST_STEP][PASSED] - if (myValue.substring(0, 4) == "(!) "): null

27-02-2025T17:35:12 - [TEST_STEP][PASSED] - myType = element.getAttribute("type"): null

27-02-2025T17:35:12 - [TEST_STEP][PASSED] - if (myValue in varParms[i]): null

27-02-2025T17:35:12 - [TEST_STEP][PASSED] - else: null

27-02-2025T17:35:12 - [TEST_STEP][PASSED] - inList = false: null

27-02-2025T17:35:12 - [TEST_STEP][PASSED] - if (myType == "checkbox"): null

27-02-2025T17:35:12 - [TEST_STEP][PASSED] - myStatus = element.isSelected(): null

27-02-2025T17:35:12 - [TEST_STEP][PASSED] - if (debug): null

27-02-2025T17:35:12 - [TEST_STEP][PASSED] - if (toggle && myStatus && inList): null

27-02-2025T17:35:12 - [TEST_STEP][PASSED] - if (!(myStatus) && inList || myStatus && !(inList)): null

27-02-2025T17:35:12 - [TEST_STEP][PASSED] - myValue = element.getAttribute("value"): null

27-02-2025T17:35:12 - [TEST_STEP][PASSED] - if (debug): null

27-02-2025T17:35:12 - [TEST_STEP][PASSED] - if (myValue.length() >= 4): null

27-02-2025T17:35:12 - [TEST_STEP][PASSED] - if (myValue.substring(0, 4) == "(!) "): null

27-02-2025T17:35:12 - [TEST_STEP][PASSED] - myType = element.getAttribute("type"): null

27-02-2025T17:35:12 - [TEST_STEP][PASSED] - if (myValue in varParms[i]): null

27-02-2025T17:35:12 - [TEST_STEP][PASSED] - else: null

27-02-2025T17:35:12 - [TEST_STEP][PASSED] - inList = false: null

27-02-2025T17:35:12 - [TEST_STEP][PASSED] - if (myType == "checkbox"): null

27-02-2025T17:35:12 - [TEST_STEP][PASSED] - myStatus = element.isSelected(): null

27-02-2025T17:35:12 - [TEST_STEP][PASSED] - if (debug): null

27-02-2025T17:35:12 - [TEST_STEP][PASSED] - if (toggle && myStatus && inList): null

27-02-2025T17:35:12 - [TEST_STEP][PASSED] - if (!(myStatus) && inList || myStatus && !(inList)): null

27-02-2025T17:35:12 - [TEST_STEP][PASSED] - myValue = element.getAttribute("value"): null

27-02-2025T17:35:12 - [TEST_STEP][PASSED] - if (debug): null

27-02-2025T17:35:12 - [TEST_STEP][PASSED] - if (myValue.length() >= 4): null

27-02-2025T17:35:12 - [TEST_STEP][PASSED] - if (myValue.substring(0, 4) == "(!) "): null

27-02-2025T17:35:12 - [TEST_STEP][PASSED] - myType = element.getAttribute("type"): null

27-02-2025T17:35:12 - [TEST_STEP][PASSED] - if (myValue in varParms[i]): null

27-02-2025T17:35:12 - [TEST_STEP][PASSED] - else: null

27-02-2025T17:35:12 - [TEST_STEP][PASSED] - inList = false: null

27-02-2025T17:35:12 - [TEST_STEP][PASSED] - if (myType == "checkbox"): null

27-02-2025T17:35:12 - [TEST_STEP][PASSED] - myStatus = element.isSelected(): null

27-02-2025T17:35:12 - [TEST_STEP][PASSED] - if (debug): null

27-02-2025T17:35:12 - [TEST_STEP][PASSED] - if (toggle && myStatus && inList): null

27-02-2025T17:35:12 - [TEST_STEP][PASSED] - if (!(myStatus) && inList || myStatus && !(inList)): null

27-02-2025T17:35:12 - [TEST_STEP][PASSED] - myValue = element.getAttribute("value"): null

27-02-2025T17:35:12 - [TEST_STEP][PASSED] - if (debug): null

27-02-2025T17:35:12 - [TEST_STEP][PASSED] - if (myValue.length() >= 4): null

27-02-2025T17:35:12 - [TEST_STEP][PASSED] - if (myValue.substring(0, 4) == "(!) "): null

27-02-2025T17:35:12 - [TEST_STEP][PASSED] - myType = element.getAttribute("type"): null

27-02-2025T17:35:12 - [TEST_STEP][PASSED] - if (myValue in varParms[i]): null

27-02-2025T17:35:12 - [TEST_STEP][PASSED] - else: null

27-02-2025T17:35:12 - [TEST_STEP][PASSED] - inList = false: null

27-02-2025T17:35:12 - [TEST_STEP][PASSED] - if (myType == "checkbox"): null

27-02-2025T17:35:12 - [TEST_STEP][PASSED] - myStatus = element.isSelected(): null

27-02-2025T17:35:12 - [TEST_STEP][PASSED] - if (debug): null

27-02-2025T17:35:12 - [TEST_STEP][PASSED] - if (toggle && myStatus && inList): null

27-02-2025T17:35:12 - [TEST_STEP][PASSED] - if (!(myStatus) && inList || myStatus && !(inList)): null

27-02-2025T17:35:12 - [TEST_STEP][PASSED] - myValue = element.getAttribute("value"): null

27-02-2025T17:35:12 - [TEST_STEP][PASSED] - if (debug): null

27-02-2025T17:35:12 - [TEST_STEP][PASSED] - if (myValue.length() >= 4): null

27-02-2025T17:35:12 - [TEST_STEP][PASSED] - if (myValue.substring(0, 4) == "(!) "): null

27-02-2025T17:35:12 - [TEST_STEP][PASSED] - myType = element.getAttribute("type"): null

27-02-2025T17:35:12 - [TEST_STEP][PASSED] - if (myValue in varParms[i]): null

27-02-2025T17:35:12 - [TEST_STEP][PASSED] - else: null

27-02-2025T17:35:12 - [TEST_STEP][PASSED] - inList = false: null

27-02-2025T17:35:12 - [TEST_STEP][PASSED] - if (myType == "checkbox"): null

27-02-2025T17:35:12 - [TEST_STEP][PASSED] - myStatus = element.isSelected(): null

27-02-2025T17:35:12 - [TEST_STEP][PASSED] - if (debug): null

27-02-2025T17:35:12 - [TEST_STEP][PASSED] - if (toggle && myStatus && inList): null

27-02-2025T17:35:12 - [TEST_STEP][PASSED] - if (!(myStatus) && inList || myStatus && !(inList)): null

27-02-2025T17:35:12 - [TEST_STEP][PASSED] - myValue = element.getAttribute("value"): null

27-02-2025T17:35:12 - [TEST_STEP][PASSED] - if (debug): null

27-02-2025T17:35:12 - [TEST_STEP][PASSED] - if (myValue.length() >= 4): null

27-02-2025T17:35:12 - [TEST_STEP][PASSED] - if (myValue.substring(0, 4) == "(!) "): null

27-02-2025T17:35:12 - [TEST_STEP][PASSED] - myType = element.getAttribute("type"): null

27-02-2025T17:35:12 - [TEST_STEP][PASSED] - if (myValue in varParms[i]): null

27-02-2025T17:35:12 - [TEST_STEP][PASSED] - inList = true: null

27-02-2025T17:35:12 - [TEST_STEP][PASSED] - if (myType == "checkbox"): null

27-02-2025T17:35:12 - [TEST_STEP][PASSED] - myStatus = element.isSelected(): null

27-02-2025T17:35:12 - [TEST_STEP][PASSED] - if (debug): null

27-02-2025T17:35:12 - [TEST_STEP][PASSED] - if (toggle && myStatus && inList): null

27-02-2025T17:35:12 - [TEST_STEP][PASSED] - if (!(myStatus) && inList || myStatus && !(inList)): null

27-02-2025T17:35:12 - [TEST_STEP][PASSED] - if (debug): null

27-02-2025T17:35:12 - [TEST_STEP][PASSED] - println("Clicking " + myValue): null

27-02-2025T17:35:12 - [TEST_STEP][PASSED] - click(element): null

27-02-2025T17:35:12 - [TEST_STEP][PASSED] - scrollToObject(elem): null

27-02-2025T17:35:12 - [TEST_STEP][PASSED] - loc = element.getLocation(): null

27-02-2025T17:35:12 - [TEST_STEP][PASSED] - if (debug): null

27-02-2025T17:35:12 - [TEST_STEP][PASSED] - y = loc.getY(): null

27-02-2025T17:35:12 - [TEST_STEP][PASSED] - println("Y location is " + y): null

27-02-2025T17:35:12 - [TEST_STEP][PASSED] - top = getViewportTopPosition(): Current viewport's top (y) position is 481

27-02-2025T17:35:12 - [MESSAGE][PASSED] - Current viewport's top (y) position is 481

27-02-2025T17:35:12 - [TEST_STEP][PASSED] - println("Viewport top is " + top): null

27-02-2025T17:35:12 - [TEST_STEP][PASSED] - bottom = top + 600: null

27-02-2025T17:35:12 - [TEST_STEP][PASSED] - if (y - top < 150 || bottom - y < 10): null

27-02-2025T17:35:12 - [TEST_STEP][PASSED] - elem.click(): null

27-02-2025T17:35:12 - [TEST_STEP][PASSED] - myValue = element.getAttribute("value"): null

27-02-2025T17:35:12 - [TEST_STEP][PASSED] - if (debug): null

27-02-2025T17:35:12 - [TEST_STEP][PASSED] - if (myValue.length() >= 4): null

27-02-2025T17:35:12 - [TEST_STEP][PASSED] - if (myValue.substring(0, 4) == "(!) "): null

27-02-2025T17:35:12 - [TEST_STEP][PASSED] - myType = element.getAttribute("type"): null

27-02-2025T17:35:12 - [TEST_STEP][PASSED] - if (myValue in varParms[i]): null

27-02-2025T17:35:12 - [TEST_STEP][PASSED] - else: null

27-02-2025T17:35:12 - [TEST_STEP][PASSED] - inList = false: null

27-02-2025T17:35:12 - [TEST_STEP][PASSED] - if (myType == "checkbox"): null

27-02-2025T17:35:12 - [TEST_STEP][PASSED] - myStatus = element.isSelected(): null

27-02-2025T17:35:12 - [TEST_STEP][PASSED] - if (debug): null

27-02-2025T17:35:12 - [TEST_STEP][PASSED] - if (toggle && myStatus && inList): null

27-02-2025T17:35:12 - [TEST_STEP][PASSED] - if (!(myStatus) && inList || myStatus && !(inList)): null

27-02-2025T17:35:12 - [TEST_STEP][PASSED] - myValue = element.getAttribute("value"): null

27-02-2025T17:35:12 - [TEST_STEP][PASSED] - if (debug): null

27-02-2025T17:35:12 - [TEST_STEP][PASSED] - if (myValue.length() >= 4): null

27-02-2025T17:35:12 - [TEST_STEP][PASSED] - if (myValue.substring(0, 4) == "(!) "): null

27-02-2025T17:35:12 - [TEST_STEP][PASSED] - myType = element.getAttribute("type"): null

27-02-2025T17:35:12 - [TEST_STEP][PASSED] - if (myValue in varParms[i]): null

27-02-2025T17:35:12 - [TEST_STEP][PASSED] - else: null

27-02-2025T17:35:12 - [TEST_STEP][PASSED] - inList = false: null

27-02-2025T17:35:12 - [TEST_STEP][PASSED] - if (myType == "checkbox"): null

27-02-2025T17:35:12 - [TEST_STEP][PASSED] - myStatus = element.isSelected(): null

27-02-2025T17:35:12 - [TEST_STEP][PASSED] - if (debug): null

27-02-2025T17:35:12 - [TEST_STEP][PASSED] - if (toggle && myStatus && inList): null

27-02-2025T17:35:12 - [TEST_STEP][PASSED] - if (!(myStatus) && inList || myStatus && !(inList)): null

27-02-2025T17:35:12 - [TEST_STEP][PASSED] - myValue = element.getAttribute("value"): null

27-02-2025T17:35:12 - [TEST_STEP][PASSED] - if (debug): null

27-02-2025T17:35:12 - [TEST_STEP][PASSED] - if (myValue.length() >= 4): null

27-02-2025T17:35:12 - [TEST_STEP][PASSED] - if (myValue.substring(0, 4) == "(!) "): null

27-02-2025T17:35:12 - [TEST_STEP][PASSED] - myType = element.getAttribute("type"): null

27-02-2025T17:35:12 - [TEST_STEP][PASSED] - if (myValue in varParms[i]): null

27-02-2025T17:35:12 - [TEST_STEP][PASSED] - else: null

27-02-2025T17:35:12 - [TEST_STEP][PASSED] - inList = false: null

27-02-2025T17:35:12 - [TEST_STEP][PASSED] - if (myType == "checkbox"): null

27-02-2025T17:35:12 - [TEST_STEP][PASSED] - myStatus = element.isSelected(): null

27-02-2025T17:35:12 - [TEST_STEP][PASSED] - if (debug): null

27-02-2025T17:35:12 - [TEST_STEP][PASSED] - if (toggle && myStatus && inList): null

27-02-2025T17:35:12 - [TEST_STEP][PASSED] - if (!(myStatus) && inList || myStatus && !(inList)): null

27-02-2025T17:35:12 - [TEST_STEP][PASSED] - myValue = element.getAttribute("value"): null

27-02-2025T17:35:12 - [TEST_STEP][PASSED] - if (debug): null

27-02-2025T17:35:12 - [TEST_STEP][PASSED] - if (myValue.length() >= 4): null

27-02-2025T17:35:12 - [TEST_STEP][PASSED] - if (myValue.substring(0, 4) == "(!) "): null

27-02-2025T17:35:12 - [TEST_STEP][PASSED] - myType = element.getAttribute("type"): null

27-02-2025T17:35:12 - [TEST_STEP][PASSED] - if (myValue in varParms[i]): null

27-02-2025T17:35:12 - [TEST_STEP][PASSED] - else: null

27-02-2025T17:35:12 - [TEST_STEP][PASSED] - inList = false: null

27-02-2025T17:35:12 - [TEST_STEP][PASSED] - if (myType == "checkbox"): null

27-02-2025T17:35:12 - [TEST_STEP][PASSED] - myStatus = element.isSelected(): null

27-02-2025T17:35:12 - [TEST_STEP][PASSED] - if (debug): null

27-02-2025T17:35:12 - [TEST_STEP][PASSED] - if (toggle && myStatus && inList): null

27-02-2025T17:35:12 - [TEST_STEP][PASSED] - if (!(myStatus) && inList || myStatus && !(inList)): null

27-02-2025T17:35:12 - [TEST_STEP][PASSED] - myValue = element.getAttribute("value"): null

27-02-2025T17:35:12 - [TEST_STEP][PASSED] - if (debug): null

27-02-2025T17:35:12 - [TEST_STEP][PASSED] - if (myValue.length() >= 4): null

27-02-2025T17:35:12 - [TEST_STEP][PASSED] - if (myValue.substring(0, 4) == "(!) "): null

27-02-2025T17:35:12 - [TEST_STEP][PASSED] - myType = element.getAttribute("type"): null

27-02-2025T17:35:12 - [TEST_STEP][PASSED] - if (myValue in varParms[i]): null

27-02-2025T17:35:12 - [TEST_STEP][PASSED] - else: null

27-02-2025T17:35:12 - [TEST_STEP][PASSED] - inList = false: null

27-02-2025T17:35:12 - [TEST_STEP][PASSED] - if (myType == "checkbox"): null

27-02-2025T17:35:12 - [TEST_STEP][PASSED] - myStatus = element.isSelected(): null

27-02-2025T17:35:12 - [TEST_STEP][PASSED] - if (debug): null

27-02-2025T17:35:12 - [TEST_STEP][PASSED] - if (toggle && myStatus && inList): null

27-02-2025T17:35:12 - [TEST_STEP][PASSED] - if (!(myStatus) && inList || myStatus && !(inList)): null

27-02-2025T17:35:12 - [TEST_STEP][PASSED] - myValue = element.getAttribute("value"): null

27-02-2025T17:35:12 - [TEST_STEP][PASSED] - if (debug): null

27-02-2025T17:35:12 - [TEST_STEP][PASSED] - if (myValue.length() >= 4): null

27-02-2025T17:35:12 - [TEST_STEP][PASSED] - if (myValue.substring(0, 4) == "(!) "): null

27-02-2025T17:35:12 - [TEST_STEP][PASSED] - myType = element.getAttribute("type"): null

27-02-2025T17:35:12 - [TEST_STEP][PASSED] - if (myValue in varParms[i]): null

27-02-2025T17:35:12 - [TEST_STEP][PASSED] - else: null

27-02-2025T17:35:12 - [TEST_STEP][PASSED] - inList = false: null

27-02-2025T17:35:12 - [TEST_STEP][PASSED] - if (myType == "checkbox"): null

27-02-2025T17:35:12 - [TEST_STEP][PASSED] - myStatus = element.isSelected(): null

27-02-2025T17:35:12 - [TEST_STEP][PASSED] - if (debug): null

27-02-2025T17:35:12 - [TEST_STEP][PASSED] - if (toggle && myStatus && inList): null

27-02-2025T17:35:12 - [TEST_STEP][PASSED] - if (!(myStatus) && inList || myStatus && !(inList)): null

27-02-2025T17:35:12 - [TEST_STEP][PASSED] - myValue = element.getAttribute("value"): null

27-02-2025T17:35:12 - [TEST_STEP][PASSED] - if (debug): null

27-02-2025T17:35:12 - [TEST_STEP][PASSED] - if (myValue.length() >= 4): null

27-02-2025T17:35:12 - [TEST_STEP][PASSED] - if (myValue.substring(0, 4) == "(!) "): null

27-02-2025T17:35:12 - [TEST_STEP][PASSED] - myType = element.getAttribute("type"): null

27-02-2025T17:35:12 - [TEST_STEP][PASSED] - if (myValue in varParms[i]): null

27-02-2025T17:35:12 - [TEST_STEP][PASSED] - else: null

27-02-2025T17:35:12 - [TEST_STEP][PASSED] - inList = false: null

27-02-2025T17:35:12 - [TEST_STEP][PASSED] - if (myType == "checkbox"): null

27-02-2025T17:35:12 - [TEST_STEP][PASSED] - myStatus = element.isSelected(): null

27-02-2025T17:35:12 - [TEST_STEP][PASSED] - if (debug): null

27-02-2025T17:35:12 - [TEST_STEP][PASSED] - if (toggle && myStatus && inList): null

27-02-2025T17:35:12 - [TEST_STEP][PASSED] - if (!(myStatus) && inList || myStatus && !(inList)): null

27-02-2025T17:35:12 - [TEST_STEP][PASSED] - myValue = element.getAttribute("value"): null

27-02-2025T17:35:12 - [TEST_STEP][PASSED] - if (debug): null

27-02-2025T17:35:12 - [TEST_STEP][PASSED] - if (myValue.length() >= 4): null

27-02-2025T17:35:12 - [TEST_STEP][PASSED] - if (myValue.substring(0, 4) == "(!) "): null

27-02-2025T17:35:12 - [TEST_STEP][PASSED] - myType = element.getAttribute("type"): null

27-02-2025T17:35:12 - [TEST_STEP][PASSED] - if (myValue in varParms[i]): null

27-02-2025T17:35:12 - [TEST_STEP][PASSED] - else: null

27-02-2025T17:35:12 - [TEST_STEP][PASSED] - inList = false: null

27-02-2025T17:35:12 - [TEST_STEP][PASSED] - if (myType == "checkbox"): null

27-02-2025T17:35:12 - [TEST_STEP][PASSED] - myStatus = element.isSelected(): null

27-02-2025T17:35:12 - [TEST_STEP][PASSED] - if (debug): null

27-02-2025T17:35:12 - [TEST_STEP][PASSED] - if (toggle && myStatus && inList): null

27-02-2025T17:35:12 - [TEST_STEP][PASSED] - if (!(myStatus) && inList || myStatus && !(inList)): null

27-02-2025T17:35:12 - [TEST_STEP][PASSED] - myValue = element.getAttribute("value"): null

27-02-2025T17:35:12 - [TEST_STEP][PASSED] - if (debug): null

27-02-2025T17:35:12 - [TEST_STEP][PASSED] - if (myValue.length() >= 4): null

27-02-2025T17:35:12 - [TEST_STEP][PASSED] - if (myValue.substring(0, 4) == "(!) "): null

27-02-2025T17:35:12 - [TEST_STEP][PASSED] - myType = element.getAttribute("type"): null

27-02-2025T17:35:12 - [TEST_STEP][PASSED] - if (myValue in varParms[i]): null

27-02-2025T17:35:12 - [TEST_STEP][PASSED] - inList = true: null

27-02-2025T17:35:12 - [TEST_STEP][PASSED] - if (myType == "checkbox"): null

27-02-2025T17:35:12 - [TEST_STEP][PASSED] - myStatus = element.isSelected(): null

27-02-2025T17:35:12 - [TEST_STEP][PASSED] - if (debug): null

27-02-2025T17:35:12 - [TEST_STEP][PASSED] - if (toggle && myStatus && inList): null

27-02-2025T17:35:12 - [TEST_STEP][PASSED] - if (!(myStatus) && inList || myStatus && !(inList)): null

27-02-2025T17:35:12 - [TEST_STEP][PASSED] - if (debug): null

27-02-2025T17:35:12 - [TEST_STEP][PASSED] - println("Clicking " + myValue): null

27-02-2025T17:35:12 - [TEST_STEP][PASSED] - click(element): null

27-02-2025T17:35:12 - [TEST_STEP][PASSED] - scrollToObject(elem): null

27-02-2025T17:35:12 - [TEST_STEP][PASSED] - loc = element.getLocation(): null

27-02-2025T17:35:12 - [TEST_STEP][PASSED] - if (debug): null

27-02-2025T17:35:12 - [TEST_STEP][PASSED] - y = loc.getY(): null

27-02-2025T17:35:12 - [TEST_STEP][PASSED] - println("Y location is " + y): null

27-02-2025T17:35:12 - [TEST_STEP][PASSED] - top = getViewportTopPosition(): Current viewport's top (y) position is 481

27-02-2025T17:35:12 - [MESSAGE][PASSED] - Current viewport's top (y) position is 481

27-02-2025T17:35:12 - [TEST_STEP][PASSED] - println("Viewport top is " + top): null

27-02-2025T17:35:12 - [TEST_STEP][PASSED] - bottom = top + 600: null

27-02-2025T17:35:12 - [TEST_STEP][PASSED] - if (y - top < 150 || bottom - y < 10): null

27-02-2025T17:35:12 - [TEST_STEP][PASSED] - elem.click(): null

27-02-2025T17:35:12 - [TEST_STEP][PASSED] - myValue = element.getAttribute("value"): null

27-02-2025T17:35:12 - [TEST_STEP][PASSED] - if (debug): null

27-02-2025T17:35:12 - [TEST_STEP][PASSED] - if (myValue.length() >= 4): null

27-02-2025T17:35:12 - [TEST_STEP][PASSED] - if (myValue.substring(0, 4) == "(!) "): null

27-02-2025T17:35:12 - [TEST_STEP][PASSED] - myType = element.getAttribute("type"): null

27-02-2025T17:35:12 - [TEST_STEP][PASSED] - if (myValue in varParms[i]): null

27-02-2025T17:35:12 - [TEST_STEP][PASSED] - else: null

27-02-2025T17:35:12 - [TEST_STEP][PASSED] - inList = false: null

27-02-2025T17:35:12 - [TEST_STEP][PASSED] - if (myType == "checkbox"): null

27-02-2025T17:35:12 - [TEST_STEP][PASSED] - myStatus = element.isSelected(): null

27-02-2025T17:35:12 - [TEST_STEP][PASSED] - if (debug): null

27-02-2025T17:35:12 - [TEST_STEP][PASSED] - if (toggle && myStatus && inList): null

27-02-2025T17:35:12 - [TEST_STEP][PASSED] - if (!(myStatus) && inList || myStatus && !(inList)): null

27-02-2025T17:35:12 - [TEST_STEP][PASSED] - myValue = element.getAttribute("value"): null

27-02-2025T17:35:12 - [TEST_STEP][PASSED] - if (debug): null

27-02-2025T17:35:12 - [TEST_STEP][PASSED] - if (myValue.length() >= 4): null

27-02-2025T17:35:12 - [TEST_STEP][PASSED] - if (myValue.substring(0, 4) == "(!) "): null

27-02-2025T17:35:12 - [TEST_STEP][PASSED] - myType = element.getAttribute("type"): null

27-02-2025T17:35:12 - [TEST_STEP][PASSED] - if (myValue in varParms[i]): null

27-02-2025T17:35:12 - [TEST_STEP][PASSED] - else: null

27-02-2025T17:35:12 - [TEST_STEP][PASSED] - inList = false: null

27-02-2025T17:35:12 - [TEST_STEP][PASSED] - if (myType == "checkbox"): null

27-02-2025T17:35:12 - [TEST_STEP][PASSED] - myStatus = element.isSelected(): null

27-02-2025T17:35:12 - [TEST_STEP][PASSED] - if (debug): null

27-02-2025T17:35:12 - [TEST_STEP][PASSED] - if (toggle && myStatus && inList): null

27-02-2025T17:35:12 - [TEST_STEP][PASSED] - if (!(myStatus) && inList || myStatus && !(inList)): null

27-02-2025T17:35:12 - [TEST_STEP][PASSED] - myValue = element.getAttribute("value"): null

27-02-2025T17:35:12 - [TEST_STEP][PASSED] - if (debug): null

27-02-2025T17:35:12 - [TEST_STEP][PASSED] - if (myValue.length() >= 4): null

27-02-2025T17:35:12 - [TEST_STEP][PASSED] - if (myValue.substring(0, 4) == "(!) "): null

27-02-2025T17:35:12 - [TEST_STEP][PASSED] - myType = element.getAttribute("type"): null

27-02-2025T17:35:12 - [TEST_STEP][PASSED] - if (myValue in varParms[i]): null

27-02-2025T17:35:12 - [TEST_STEP][PASSED] - else: null

27-02-2025T17:35:12 - [TEST_STEP][PASSED] - inList = false: null

27-02-2025T17:35:12 - [TEST_STEP][PASSED] - if (myType == "checkbox"): null

27-02-2025T17:35:12 - [TEST_STEP][PASSED] - myStatus = element.isSelected(): null

27-02-2025T17:35:12 - [TEST_STEP][PASSED] - if (debug): null

27-02-2025T17:35:12 - [TEST_STEP][PASSED] - if (toggle && myStatus && inList): null

27-02-2025T17:35:12 - [TEST_STEP][PASSED] - if (!(myStatus) && inList || myStatus && !(inList)): null

27-02-2025T17:35:12 - [TEST_STEP][PASSED] - myValue = element.getAttribute("value"): null

27-02-2025T17:35:12 - [TEST_STEP][PASSED] - if (debug): null

27-02-2025T17:35:12 - [TEST_STEP][PASSED] - if (myValue.length() >= 4): null

27-02-2025T17:35:12 - [TEST_STEP][PASSED] - if (myValue.substring(0, 4) == "(!) "): null

27-02-2025T17:35:12 - [TEST_STEP][PASSED] - myType = element.getAttribute("type"): null

27-02-2025T17:35:12 - [TEST_STEP][PASSED] - if (myValue in varParms[i]): null

27-02-2025T17:35:12 - [TEST_STEP][PASSED] - else: null

27-02-2025T17:35:12 - [TEST_STEP][PASSED] - inList = false: null

27-02-2025T17:35:12 - [TEST_STEP][PASSED] - if (myType == "checkbox"): null

27-02-2025T17:35:12 - [TEST_STEP][PASSED] - myStatus = element.isSelected(): null

27-02-2025T17:35:12 - [TEST_STEP][PASSED] - if (debug): null

27-02-2025T17:35:12 - [TEST_STEP][PASSED] - if (toggle && myStatus && inList): null

27-02-2025T17:35:12 - [TEST_STEP][PASSED] - if (!(myStatus) && inList || myStatus && !(inList)): null

27-02-2025T17:35:12 - [TEST_STEP][PASSED] - myValue = element.getAttribute("value"): null

27-02-2025T17:35:12 - [TEST_STEP][PASSED] - if (debug): null

27-02-2025T17:35:12 - [TEST_STEP][PASSED] - if (myValue.length() >= 4): null

27-02-2025T17:35:12 - [TEST_STEP][PASSED] - if (myValue.substring(0, 4) == "(!) "): null

27-02-2025T17:35:12 - [TEST_STEP][PASSED] - myType = element.getAttribute("type"): null

27-02-2025T17:35:12 - [TEST_STEP][PASSED] - if (myValue in varParms[i]): null

27-02-2025T17:35:12 - [TEST_STEP][PASSED] - else: null

27-02-2025T17:35:12 - [TEST_STEP][PASSED] - inList = false: null

27-02-2025T17:35:12 - [TEST_STEP][PASSED] - if (myType == "checkbox"): null

27-02-2025T17:35:12 - [TEST_STEP][PASSED] - myStatus = element.isSelected(): null

27-02-2025T17:35:12 - [TEST_STEP][PASSED] - if (debug): null

27-02-2025T17:35:12 - [TEST_STEP][PASSED] - if (toggle && myStatus && inList): null

27-02-2025T17:35:12 - [TEST_STEP][PASSED] - if (!(myStatus) && inList || myStatus && !(inList)): null

27-02-2025T17:35:12 - [TEST_STEP][PASSED] - myValue = element.getAttribute("value"): null

27-02-2025T17:35:12 - [TEST_STEP][PASSED] - if (debug): null

27-02-2025T17:35:12 - [TEST_STEP][PASSED] - if (myValue.length() >= 4): null

27-02-2025T17:35:12 - [TEST_STEP][PASSED] - if (myValue.substring(0, 4) == "(!) "): null

27-02-2025T17:35:12 - [TEST_STEP][PASSED] - myType = element.getAttribute("type"): null

27-02-2025T17:35:12 - [TEST_STEP][PASSED] - if (myValue in varParms[i]): null

27-02-2025T17:35:12 - [TEST_STEP][PASSED] - else: null

27-02-2025T17:35:12 - [TEST_STEP][PASSED] - inList = false: null

27-02-2025T17:35:12 - [TEST_STEP][PASSED] - if (myType == "checkbox"): null

27-02-2025T17:35:12 - [TEST_STEP][PASSED] - myStatus = element.isSelected(): null

27-02-2025T17:35:12 - [TEST_STEP][PASSED] - if (debug): null

27-02-2025T17:35:12 - [TEST_STEP][PASSED] - if (toggle && myStatus && inList): null

27-02-2025T17:35:12 - [TEST_STEP][PASSED] - if (!(myStatus) && inList || myStatus && !(inList)): null

27-02-2025T17:35:12 - [TEST_STEP][PASSED] - myValue = element.getAttribute("value"): null

27-02-2025T17:35:12 - [TEST_STEP][PASSED] - if (debug): null

27-02-2025T17:35:12 - [TEST_STEP][PASSED] - if (myValue.length() >= 4): null

27-02-2025T17:35:12 - [TEST_STEP][PASSED] - if (myValue.substring(0, 4) == "(!) "): null

27-02-2025T17:35:12 - [TEST_STEP][PASSED] - myType = element.getAttribute("type"): null

27-02-2025T17:35:12 - [TEST_STEP][PASSED] - if (myValue in varParms[i]): null

27-02-2025T17:35:12 - [TEST_STEP][PASSED] - else: null

27-02-2025T17:35:12 - [TEST_STEP][PASSED] - inList = false: null

27-02-2025T17:35:12 - [TEST_STEP][PASSED] - if (myType == "checkbox"): null

27-02-2025T17:35:12 - [TEST_STEP][PASSED] - myStatus = element.isSelected(): null

27-02-2025T17:35:12 - [TEST_STEP][PASSED] - if (debug): null

27-02-2025T17:35:12 - [TEST_STEP][PASSED] - if (toggle && myStatus && inList): null

27-02-2025T17:35:12 - [TEST_STEP][PASSED] - if (!(myStatus) && inList || myStatus && !(inList)): null

27-02-2025T17:35:12 - [TEST_STEP][PASSED] - myValue = element.getAttribute("value"): null

27-02-2025T17:35:12 - [TEST_STEP][PASSED] - if (debug): null

27-02-2025T17:35:12 - [TEST_STEP][PASSED] - if (myValue.length() >= 4): null

27-02-2025T17:35:12 - [TEST_STEP][PASSED] - if (myValue.substring(0, 4) == "(!) "): null

27-02-2025T17:35:12 - [TEST_STEP][PASSED] - myType = element.getAttribute("type"): null

27-02-2025T17:35:12 - [TEST_STEP][PASSED] - if (myValue in varParms[i]): null

27-02-2025T17:35:12 - [TEST_STEP][PASSED] - else: null

27-02-2025T17:35:12 - [TEST_STEP][PASSED] - inList = false: null

27-02-2025T17:35:12 - [TEST_STEP][PASSED] - if (myType == "checkbox"): null

27-02-2025T17:35:12 - [TEST_STEP][PASSED] - myStatus = element.isSelected(): null

27-02-2025T17:35:12 - [TEST_STEP][PASSED] - if (debug): null

27-02-2025T17:35:12 - [TEST_STEP][PASSED] - if (toggle && myStatus && inList): null

27-02-2025T17:35:12 - [TEST_STEP][PASSED] - if (!(myStatus) && inList || myStatus && !(inList)): null

27-02-2025T17:35:12 - [TEST_STEP][PASSED] - myValue = element.getAttribute("value"): null

27-02-2025T17:35:12 - [TEST_STEP][PASSED] - if (debug): null

27-02-2025T17:35:12 - [TEST_STEP][PASSED] - if (myValue.length() >= 4): null

27-02-2025T17:35:12 - [TEST_STEP][PASSED] - if (myValue.substring(0, 4) == "(!) "): null

27-02-2025T17:35:12 - [TEST_STEP][PASSED] - myType = element.getAttribute("type"): null

27-02-2025T17:35:12 - [TEST_STEP][PASSED] - if (myValue in varParms[i]): null

27-02-2025T17:35:12 - [TEST_STEP][PASSED] - else: null

27-02-2025T17:35:12 - [TEST_STEP][PASSED] - inList = false: null

27-02-2025T17:35:12 - [TEST_STEP][PASSED] - if (myType == "checkbox"): null

27-02-2025T17:35:12 - [TEST_STEP][PASSED] - myStatus = element.isSelected(): null

27-02-2025T17:35:12 - [TEST_STEP][PASSED] - if (debug): null

27-02-2025T17:35:12 - [TEST_STEP][PASSED] - if (toggle && myStatus && inList): null

27-02-2025T17:35:12 - [TEST_STEP][PASSED] - if (!(myStatus) && inList || myStatus && !(inList)): null

27-02-2025T17:35:12 - [TEST_STEP][PASSED] - myValue = element.getAttribute("value"): null

27-02-2025T17:35:12 - [TEST_STEP][PASSED] - if (debug): null

27-02-2025T17:35:12 - [TEST_STEP][PASSED] - if (myValue.length() >= 4): null

27-02-2025T17:35:12 - [TEST_STEP][PASSED] - if (myValue.substring(0, 4) == "(!) "): null

27-02-2025T17:35:12 - [TEST_STEP][PASSED] - myType = element.getAttribute("type"): null

27-02-2025T17:35:12 - [TEST_STEP][PASSED] - if (myValue in varParms[i]): null

27-02-2025T17:35:12 - [TEST_STEP][PASSED] - else: null

27-02-2025T17:35:12 - [TEST_STEP][PASSED] - inList = false: null

27-02-2025T17:35:12 - [TEST_STEP][PASSED] - if (myType == "checkbox"): null

27-02-2025T17:35:12 - [TEST_STEP][PASSED] - myStatus = element.isSelected(): null

27-02-2025T17:35:12 - [TEST_STEP][PASSED] - if (debug): null

27-02-2025T17:35:12 - [TEST_STEP][PASSED] - if (toggle && myStatus && inList): null

27-02-2025T17:35:12 - [TEST_STEP][PASSED] - if (!(myStatus) && inList || myStatus && !(inList)): null

27-02-2025T17:35:12 - [TEST_STEP][PASSED] - myValue = element.getAttribute("value"): null

27-02-2025T17:35:12 - [TEST_STEP][PASSED] - if (debug): null

27-02-2025T17:35:12 - [TEST_STEP][PASSED] - if (myValue.length() >= 4): null

27-02-2025T17:35:12 - [TEST_STEP][PASSED] - if (myValue.substring(0, 4) == "(!) "): null

27-02-2025T17:35:12 - [TEST_STEP][PASSED] - myType = element.getAttribute("type"): null

27-02-2025T17:35:12 - [TEST_STEP][PASSED] - if (myValue in varParms[i]): null

27-02-2025T17:35:12 - [TEST_STEP][PASSED] - else: null

27-02-2025T17:35:12 - [TEST_STEP][PASSED] - inList = false: null

27-02-2025T17:35:12 - [TEST_STEP][PASSED] - if (myType == "checkbox"): null

27-02-2025T17:35:12 - [TEST_STEP][PASSED] - myStatus = element.isSelected(): null

27-02-2025T17:35:12 - [TEST_STEP][PASSED] - if (debug): null

27-02-2025T17:35:12 - [TEST_STEP][PASSED] - if (toggle && myStatus && inList): null

27-02-2025T17:35:12 - [TEST_STEP][PASSED] - if (!(myStatus) && inList || myStatus && !(inList)): null

27-02-2025T17:35:12 - [TEST_STEP][PASSED] - myValue = element.getAttribute("value"): null

27-02-2025T17:35:12 - [TEST_STEP][PASSED] - if (debug): null

27-02-2025T17:35:12 - [TEST_STEP][PASSED] - if (myValue.length() >= 4): null

27-02-2025T17:35:12 - [TEST_STEP][PASSED] - if (myValue.substring(0, 4) == "(!) "): null

27-02-2025T17:35:12 - [TEST_STEP][PASSED] - myType = element.getAttribute("type"): null

27-02-2025T17:35:12 - [TEST_STEP][PASSED] - if (myValue in varParms[i]): null

27-02-2025T17:35:12 - [TEST_STEP][PASSED] - else: null

27-02-2025T17:35:12 - [TEST_STEP][PASSED] - inList = false: null

27-02-2025T17:35:12 - [TEST_STEP][PASSED] - if (myType == "checkbox"): null

27-02-2025T17:35:12 - [TEST_STEP][PASSED] - myStatus = element.isSelected(): null

27-02-2025T17:35:12 - [TEST_STEP][PASSED] - if (debug): null

27-02-2025T17:35:12 - [TEST_STEP][PASSED] - if (toggle && myStatus && inList): null

27-02-2025T17:35:12 - [TEST_STEP][PASSED] - if (!(myStatus) && inList || myStatus && !(inList)): null

27-02-2025T17:35:12 - [TEST_STEP][PASSED] - myValue = element.getAttribute("value"): null

27-02-2025T17:35:12 - [TEST_STEP][PASSED] - if (debug): null

27-02-2025T17:35:12 - [TEST_STEP][PASSED] - if (myValue.length() >= 4): null

27-02-2025T17:35:12 - [TEST_STEP][PASSED] - if (myValue.substring(0, 4) == "(!) "): null

27-02-2025T17:35:12 - [TEST_STEP][PASSED] - myType = element.getAttribute("type"): null

27-02-2025T17:35:12 - [TEST_STEP][PASSED] - if (myValue in varParms[i]): null

27-02-2025T17:35:12 - [TEST_STEP][PASSED] - else: null

27-02-2025T17:35:12 - [TEST_STEP][PASSED] - inList = false: null

27-02-2025T17:35:12 - [TEST_STEP][PASSED] - if (myType == "checkbox"): null

27-02-2025T17:35:12 - [TEST_STEP][PASSED] - myStatus = element.isSelected(): null

27-02-2025T17:35:12 - [TEST_STEP][PASSED] - if (debug): null

27-02-2025T17:35:12 - [TEST_STEP][PASSED] - if (toggle && myStatus && inList): null

27-02-2025T17:35:12 - [TEST_STEP][PASSED] - if (!(myStatus) && inList || myStatus && !(inList)): null

27-02-2025T17:35:12 - [TEST_STEP][PASSED] - myValue = element.getAttribute("value"): null

27-02-2025T17:35:12 - [TEST_STEP][PASSED] - if (debug): null

27-02-2025T17:35:12 - [TEST_STEP][PASSED] - if (myValue.length() >= 4): null

27-02-2025T17:35:12 - [TEST_STEP][PASSED] - if (myValue.substring(0, 4) == "(!) "): null

27-02-2025T17:35:12 - [TEST_STEP][PASSED] - myType = element.getAttribute("type"): null

27-02-2025T17:35:12 - [TEST_STEP][PASSED] - if (myValue in varParms[i]): null

27-02-2025T17:35:12 - [TEST_STEP][PASSED] - else: null

27-02-2025T17:35:12 - [TEST_STEP][PASSED] - inList = false: null

27-02-2025T17:35:12 - [TEST_STEP][PASSED] - if (myType == "checkbox"): null

27-02-2025T17:35:12 - [TEST_STEP][PASSED] - myStatus = element.isSelected(): null

27-02-2025T17:35:12 - [TEST_STEP][PASSED] - if (debug): null

27-02-2025T17:35:12 - [TEST_STEP][PASSED] - if (toggle && myStatus && inList): null

27-02-2025T17:35:12 - [TEST_STEP][PASSED] - if (!(myStatus) && inList || myStatus && !(inList)): null

27-02-2025T17:35:12 - [TEST_STEP][PASSED] - myValue = element.getAttribute("value"): null

27-02-2025T17:35:12 - [TEST_STEP][PASSED] - if (debug): null

27-02-2025T17:35:12 - [TEST_STEP][PASSED] - if (myValue.length() >= 4): null

27-02-2025T17:35:12 - [TEST_STEP][PASSED] - if (myValue.substring(0, 4) == "(!) "): null

27-02-2025T17:35:12 - [TEST_STEP][PASSED] - myType = element.getAttribute("type"): null

27-02-2025T17:35:12 - [TEST_STEP][PASSED] - if (myValue in varParms[i]): null

27-02-2025T17:35:12 - [TEST_STEP][PASSED] - else: null

27-02-2025T17:35:12 - [TEST_STEP][PASSED] - inList = false: null

27-02-2025T17:35:12 - [TEST_STEP][PASSED] - if (myType == "checkbox"): null

27-02-2025T17:35:12 - [TEST_STEP][PASSED] - myStatus = element.isSelected(): null

27-02-2025T17:35:12 - [TEST_STEP][PASSED] - if (debug): null

27-02-2025T17:35:12 - [TEST_STEP][PASSED] - if (toggle && myStatus && inList): null

27-02-2025T17:35:12 - [TEST_STEP][PASSED] - if (!(myStatus) && inList || myStatus && !(inList)): null

27-02-2025T17:35:12 - [TEST_STEP][PASSED] - myValue = element.getAttribute("value"): null

27-02-2025T17:35:12 - [TEST_STEP][PASSED] - if (debug): null

27-02-2025T17:35:12 - [TEST_STEP][PASSED] - if (myValue.length() >= 4): null

27-02-2025T17:35:12 - [TEST_STEP][PASSED] - if (myValue.substring(0, 4) == "(!) "): null

27-02-2025T17:35:12 - [TEST_STEP][PASSED] - myType = element.getAttribute("type"): null

27-02-2025T17:35:12 - [TEST_STEP][PASSED] - if (myValue in varParms[i]): null

27-02-2025T17:35:12 - [TEST_STEP][PASSED] - else: null

27-02-2025T17:35:12 - [TEST_STEP][PASSED] - inList = false: null

27-02-2025T17:35:12 - [TEST_STEP][PASSED] - if (myType == "checkbox"): null

27-02-2025T17:35:12 - [TEST_STEP][PASSED] - myStatus = element.isSelected(): null

27-02-2025T17:35:12 - [TEST_STEP][PASSED] - if (debug): null

27-02-2025T17:35:12 - [TEST_STEP][PASSED] - if (toggle && myStatus && inList): null

27-02-2025T17:35:12 - [TEST_STEP][PASSED] - if (!(myStatus) && inList || myStatus && !(inList)): null

27-02-2025T17:35:12 - [TEST_STEP][PASSED] - myValue = element.getAttribute("value"): null

27-02-2025T17:35:12 - [TEST_STEP][PASSED] - if (debug): null

27-02-2025T17:35:12 - [TEST_STEP][PASSED] - if (myValue.length() >= 4): null

27-02-2025T17:35:12 - [TEST_STEP][PASSED] - if (myValue.substring(0, 4) == "(!) "): null

27-02-2025T17:35:12 - [TEST_STEP][PASSED] - myType = element.getAttribute("type"): null

27-02-2025T17:35:12 - [TEST_STEP][PASSED] - if (myValue in varParms[i]): null

27-02-2025T17:35:12 - [TEST_STEP][PASSED] - else: null

27-02-2025T17:35:12 - [TEST_STEP][PASSED] - inList = false: null

27-02-2025T17:35:12 - [TEST_STEP][PASSED] - if (myType == "checkbox"): null

27-02-2025T17:35:12 - [TEST_STEP][PASSED] - myStatus = element.isSelected(): null

27-02-2025T17:35:12 - [TEST_STEP][PASSED] - if (debug): null

27-02-2025T17:35:12 - [TEST_STEP][PASSED] - if (toggle && myStatus && inList): null

27-02-2025T17:35:12 - [TEST_STEP][PASSED] - if (!(myStatus) && inList || myStatus && !(inList)): null

27-02-2025T17:35:12 - [TEST_STEP][PASSED] - myValue = element.getAttribute("value"): null

27-02-2025T17:35:12 - [TEST_STEP][PASSED] - if (debug): null

27-02-2025T17:35:12 - [TEST_STEP][PASSED] - if (myValue.length() >= 4): null

27-02-2025T17:35:12 - [TEST_STEP][PASSED] - if (myValue.substring(0, 4) == "(!) "): null

27-02-2025T17:35:12 - [TEST_STEP][PASSED] - myType = element.getAttribute("type"): null

27-02-2025T17:35:12 - [TEST_STEP][PASSED] - if (myValue in varParms[i]): null

27-02-2025T17:35:12 - [TEST_STEP][PASSED] - else: null

27-02-2025T17:35:12 - [TEST_STEP][PASSED] - inList = false: null

27-02-2025T17:35:12 - [TEST_STEP][PASSED] - if (myType == "checkbox"): null

27-02-2025T17:35:12 - [TEST_STEP][PASSED] - myStatus = element.isSelected(): null

27-02-2025T17:35:12 - [TEST_STEP][PASSED] - if (debug): null

27-02-2025T17:35:12 - [TEST_STEP][PASSED] - if (toggle && myStatus && inList): null

27-02-2025T17:35:12 - [TEST_STEP][PASSED] - if (!(myStatus) && inList || myStatus && !(inList)): null

27-02-2025T17:35:12 - [TEST_STEP][PASSED] - myValue = element.getAttribute("value"): null

27-02-2025T17:35:12 - [TEST_STEP][PASSED] - if (debug): null

27-02-2025T17:35:12 - [TEST_STEP][PASSED] - if (myValue.length() >= 4): null

27-02-2025T17:35:12 - [TEST_STEP][PASSED] - if (myValue.substring(0, 4) == "(!) "): null

27-02-2025T17:35:12 - [TEST_STEP][PASSED] - myType = element.getAttribute("type"): null

27-02-2025T17:35:12 - [TEST_STEP][PASSED] - if (myValue in varParms[i]): null

27-02-2025T17:35:12 - [TEST_STEP][PASSED] - else: null

27-02-2025T17:35:12 - [TEST_STEP][PASSED] - inList = false: null

27-02-2025T17:35:12 - [TEST_STEP][PASSED] - if (myType == "checkbox"): null

27-02-2025T17:35:12 - [TEST_STEP][PASSED] - myStatus = element.isSelected(): null

27-02-2025T17:35:12 - [TEST_STEP][PASSED] - if (debug): null

27-02-2025T17:35:12 - [TEST_STEP][PASSED] - if (toggle && myStatus && inList): null

27-02-2025T17:35:12 - [TEST_STEP][PASSED] - if (!(myStatus) && inList || myStatus && !(inList)): null

27-02-2025T17:35:12 - [TEST_STEP][PASSED] - myValue = element.getAttribute("value"): null

27-02-2025T17:35:12 - [TEST_STEP][PASSED] - if (debug): null

27-02-2025T17:35:12 - [TEST_STEP][PASSED] - if (myValue.length() >= 4): null

27-02-2025T17:35:12 - [TEST_STEP][PASSED] - if (myValue.substring(0, 4) == "(!) "): null

27-02-2025T17:35:12 - [TEST_STEP][PASSED] - myType = element.getAttribute("type"): null

27-02-2025T17:35:12 - [TEST_STEP][PASSED] - if (myValue in varParms[i]): null

27-02-2025T17:35:12 - [TEST_STEP][PASSED] - else: null

27-02-2025T17:35:12 - [TEST_STEP][PASSED] - inList = false: null

27-02-2025T17:35:12 - [TEST_STEP][PASSED] - if (myType == "checkbox"): null

27-02-2025T17:35:12 - [TEST_STEP][PASSED] - myStatus = element.isSelected(): null

27-02-2025T17:35:12 - [TEST_STEP][PASSED] - if (debug): null

27-02-2025T17:35:12 - [TEST_STEP][PASSED] - if (toggle && myStatus && inList): null

27-02-2025T17:35:12 - [TEST_STEP][PASSED] - if (!(myStatus) && inList || myStatus && !(inList)): null

27-02-2025T17:35:12 - [TEST_STEP][PASSED] - myValue = element.getAttribute("value"): null

27-02-2025T17:35:12 - [TEST_STEP][PASSED] - if (debug): null

27-02-2025T17:35:12 - [TEST_STEP][PASSED] - if (myValue.length() >= 4): null

27-02-2025T17:35:12 - [TEST_STEP][PASSED] - if (myValue.substring(0, 4) == "(!) "): null

27-02-2025T17:35:12 - [TEST_STEP][PASSED] - myType = element.getAttribute("type"): null

27-02-2025T17:35:12 - [TEST_STEP][PASSED] - if (myValue in varParms[i]): null

27-02-2025T17:35:12 - [TEST_STEP][PASSED] - else: null

27-02-2025T17:35:12 - [TEST_STEP][PASSED] - inList = false: null

27-02-2025T17:35:12 - [TEST_STEP][PASSED] - if (myType == "checkbox"): null

27-02-2025T17:35:12 - [TEST_STEP][PASSED] - myStatus = element.isSelected(): null

27-02-2025T17:35:12 - [TEST_STEP][PASSED] - if (debug): null

27-02-2025T17:35:12 - [TEST_STEP][PASSED] - if (toggle && myStatus && inList): null

27-02-2025T17:35:12 - [TEST_STEP][PASSED] - if (!(myStatus) && inList || myStatus && !(inList)): null

27-02-2025T17:35:12 - [TEST_STEP][PASSED] - myValue = element.getAttribute("value"): null

27-02-2025T17:35:12 - [TEST_STEP][PASSED] - if (debug): null

27-02-2025T17:35:12 - [TEST_STEP][PASSED] - if (myValue.length() >= 4): null

27-02-2025T17:35:12 - [TEST_STEP][PASSED] - if (myValue.substring(0, 4) == "(!) "): null

27-02-2025T17:35:12 - [TEST_STEP][PASSED] - myType = element.getAttribute("type"): null

27-02-2025T17:35:12 - [TEST_STEP][PASSED] - if (myValue in varParms[i]): null

27-02-2025T17:35:12 - [TEST_STEP][PASSED] - else: null

27-02-2025T17:35:12 - [TEST_STEP][PASSED] - inList = false: null

27-02-2025T17:35:12 - [TEST_STEP][PASSED] - if (myType == "checkbox"): null

27-02-2025T17:35:12 - [TEST_STEP][PASSED] - myStatus = element.isSelected(): null

27-02-2025T17:35:12 - [TEST_STEP][PASSED] - if (debug): null

27-02-2025T17:35:12 - [TEST_STEP][PASSED] - if (toggle && myStatus && inList): null

27-02-2025T17:35:12 - [TEST_STEP][PASSED] - if (!(myStatus) && inList || myStatus && !(inList)): null

27-02-2025T17:35:12 - [TEST_STEP][PASSED] - myValue = element.getAttribute("value"): null

27-02-2025T17:35:12 - [TEST_STEP][PASSED] - if (debug): null

27-02-2025T17:35:12 - [TEST_STEP][PASSED] - if (myValue.length() >= 4): null

27-02-2025T17:35:12 - [TEST_STEP][PASSED] - if (myValue.substring(0, 4) == "(!) "): null

27-02-2025T17:35:12 - [TEST_STEP][PASSED] - myType = element.getAttribute("type"): null

27-02-2025T17:35:12 - [TEST_STEP][PASSED] - if (myValue in varParms[i]): null

27-02-2025T17:35:12 - [TEST_STEP][PASSED] - else: null

27-02-2025T17:35:12 - [TEST_STEP][PASSED] - inList = false: null

27-02-2025T17:35:12 - [TEST_STEP][PASSED] - if (myType == "checkbox"): null

27-02-2025T17:35:12 - [TEST_STEP][PASSED] - myStatus = element.isSelected(): null

27-02-2025T17:35:12 - [TEST_STEP][PASSED] - if (debug): null

27-02-2025T17:35:12 - [TEST_STEP][PASSED] - if (toggle && myStatus && inList): null

27-02-2025T17:35:12 - [TEST_STEP][PASSED] - if (!(myStatus) && inList || myStatus && !(inList)): null

27-02-2025T17:35:12 - [TEST_STEP][PASSED] - myValue = element.getAttribute("value"): null

27-02-2025T17:35:12 - [TEST_STEP][PASSED] - if (debug): null

27-02-2025T17:35:12 - [TEST_STEP][PASSED] - if (myValue.length() >= 4): null

27-02-2025T17:35:12 - [TEST_STEP][PASSED] - if (myValue.substring(0, 4) == "(!) "): null

27-02-2025T17:35:12 - [TEST_STEP][PASSED] - myType = element.getAttribute("type"): null

27-02-2025T17:35:12 - [TEST_STEP][PASSED] - if (myValue in varParms[i]): null

27-02-2025T17:35:12 - [TEST_STEP][PASSED] - else: null

27-02-2025T17:35:12 - [TEST_STEP][PASSED] - inList = false: null

27-02-2025T17:35:12 - [TEST_STEP][PASSED] - if (myType == "checkbox"): null

27-02-2025T17:35:12 - [TEST_STEP][PASSED] - myStatus = element.isSelected(): null

27-02-2025T17:35:12 - [TEST_STEP][PASSED] - if (debug): null

27-02-2025T17:35:12 - [TEST_STEP][PASSED] - if (toggle && myStatus && inList): null

27-02-2025T17:35:12 - [TEST_STEP][PASSED] - if (!(myStatus) && inList || myStatus && !(inList)): null

27-02-2025T17:35:12 - [TEST_STEP][PASSED] - myValue = element.getAttribute("value"): null

27-02-2025T17:35:12 - [TEST_STEP][PASSED] - if (debug): null

27-02-2025T17:35:12 - [TEST_STEP][PASSED] - if (myValue.length() >= 4): null

27-02-2025T17:35:12 - [TEST_STEP][PASSED] - if (myValue.substring(0, 4) == "(!) "): null

27-02-2025T17:35:12 - [TEST_STEP][PASSED] - myType = element.getAttribute("type"): null

27-02-2025T17:35:12 - [TEST_STEP][PASSED] - if (myValue in varParms[i]): null

27-02-2025T17:35:12 - [TEST_STEP][PASSED] - else: null

27-02-2025T17:35:12 - [TEST_STEP][PASSED] - inList = false: null

27-02-2025T17:35:12 - [TEST_STEP][PASSED] - if (myType == "checkbox"): null

27-02-2025T17:35:12 - [TEST_STEP][PASSED] - myStatus = element.isSelected(): null

27-02-2025T17:35:12 - [TEST_STEP][PASSED] - if (debug): null

27-02-2025T17:35:12 - [TEST_STEP][PASSED] - if (toggle && myStatus && inList): null

27-02-2025T17:35:12 - [TEST_STEP][PASSED] - if (!(myStatus) && inList || myStatus && !(inList)): null

27-02-2025T17:35:12 - [TEST_STEP][PASSED] - myValue = element.getAttribute("value"): null

27-02-2025T17:35:12 - [TEST_STEP][PASSED] - if (debug): null

27-02-2025T17:35:12 - [TEST_STEP][PASSED] - if (myValue.length() >= 4): null

27-02-2025T17:35:12 - [TEST_STEP][PASSED] - if (myValue.substring(0, 4) == "(!) "): null

27-02-2025T17:35:12 - [TEST_STEP][PASSED] - myType = element.getAttribute("type"): null

27-02-2025T17:35:12 - [TEST_STEP][PASSED] - if (myValue in varParms[i]): null

27-02-2025T17:35:12 - [TEST_STEP][PASSED] - else: null

27-02-2025T17:35:12 - [TEST_STEP][PASSED] - inList = false: null

27-02-2025T17:35:12 - [TEST_STEP][PASSED] - if (myType == "checkbox"): null

27-02-2025T17:35:12 - [TEST_STEP][PASSED] - myStatus = element.isSelected(): null

27-02-2025T17:35:12 - [TEST_STEP][PASSED] - if (debug): null

27-02-2025T17:35:12 - [TEST_STEP][PASSED] - if (toggle && myStatus && inList): null

27-02-2025T17:35:12 - [TEST_STEP][PASSED] - if (!(myStatus) && inList || myStatus && !(inList)): null

27-02-2025T17:35:12 - [TEST_STEP][PASSED] - myValue = element.getAttribute("value"): null

27-02-2025T17:35:12 - [TEST_STEP][PASSED] - if (debug): null

27-02-2025T17:35:12 - [TEST_STEP][PASSED] - if (myValue.length() >= 4): null

27-02-2025T17:35:12 - [TEST_STEP][PASSED] - if (myValue.substring(0, 4) == "(!) "): null

27-02-2025T17:35:12 - [TEST_STEP][PASSED] - myType = element.getAttribute("type"): null

27-02-2025T17:35:12 - [TEST_STEP][PASSED] - if (myValue in varParms[i]): null

27-02-2025T17:35:12 - [TEST_STEP][PASSED] - else: null

27-02-2025T17:35:12 - [TEST_STEP][PASSED] - inList = false: null

27-02-2025T17:35:12 - [TEST_STEP][PASSED] - if (myType == "checkbox"): null

27-02-2025T17:35:12 - [TEST_STEP][PASSED] - myStatus = element.isSelected(): null

27-02-2025T17:35:12 - [TEST_STEP][PASSED] - if (debug): null

27-02-2025T17:35:12 - [TEST_STEP][PASSED] - if (toggle && myStatus && inList): null

27-02-2025T17:35:12 - [TEST_STEP][PASSED] - if (!(myStatus) && inList || myStatus && !(inList)): null

27-02-2025T17:35:12 - [TEST_STEP][PASSED] - myValue = element.getAttribute("value"): null

27-02-2025T17:35:12 - [TEST_STEP][PASSED] - if (debug): null

27-02-2025T17:35:12 - [TEST_STEP][PASSED] - if (myValue.length() >= 4): null

27-02-2025T17:35:12 - [TEST_STEP][PASSED] - if (myValue.substring(0, 4) == "(!) "): null

27-02-2025T17:35:12 - [TEST_STEP][PASSED] - myType = element.getAttribute("type"): null

27-02-2025T17:35:12 - [TEST_STEP][PASSED] - if (myValue in varParms[i]): null

27-02-2025T17:35:12 - [TEST_STEP][PASSED] - else: null

27-02-2025T17:35:12 - [TEST_STEP][PASSED] - inList = false: null

27-02-2025T17:35:12 - [TEST_STEP][PASSED] - if (myType == "checkbox"): null

27-02-2025T17:35:12 - [TEST_STEP][PASSED] - myStatus = element.isSelected(): null

27-02-2025T17:35:12 - [TEST_STEP][PASSED] - if (debug): null

27-02-2025T17:35:12 - [TEST_STEP][PASSED] - if (toggle && myStatus && inList): null

27-02-2025T17:35:12 - [TEST_STEP][PASSED] - if (!(myStatus) && inList || myStatus && !(inList)): null

27-02-2025T17:35:12 - [TEST_STEP][PASSED] - myValue = element.getAttribute("value"): null

27-02-2025T17:35:12 - [TEST_STEP][PASSED] - if (debug): null

27-02-2025T17:35:12 - [TEST_STEP][PASSED] - if (myValue.length() >= 4): null

27-02-2025T17:35:12 - [TEST_STEP][PASSED] - if (myValue.substring(0, 4) == "(!) "): null

27-02-2025T17:35:12 - [TEST_STEP][PASSED] - myType = element.getAttribute("type"): null

27-02-2025T17:35:12 - [TEST_STEP][PASSED] - if (myValue in varParms[i]): null

27-02-2025T17:35:12 - [TEST_STEP][PASSED] - else: null

27-02-2025T17:35:12 - [TEST_STEP][PASSED] - inList = false: null

27-02-2025T17:35:12 - [TEST_STEP][PASSED] - if (myType == "checkbox"): null

27-02-2025T17:35:12 - [TEST_STEP][PASSED] - myStatus = element.isSelected(): null

27-02-2025T17:35:12 - [TEST_STEP][PASSED] - if (debug): null

27-02-2025T17:35:12 - [TEST_STEP][PASSED] - if (toggle && myStatus && inList): null

27-02-2025T17:35:12 - [TEST_STEP][PASSED] - if (!(myStatus) && inList || myStatus && !(inList)): null

27-02-2025T17:35:12 - [TEST_STEP][PASSED] - myValue = element.getAttribute("value"): null

27-02-2025T17:35:12 - [TEST_STEP][PASSED] - if (debug): null

27-02-2025T17:35:12 - [TEST_STEP][PASSED] - if (myValue.length() >= 4): null

27-02-2025T17:35:12 - [TEST_STEP][PASSED] - if (myValue.substring(0, 4) == "(!) "): null

27-02-2025T17:35:12 - [TEST_STEP][PASSED] - myType = element.getAttribute("type"): null

27-02-2025T17:35:12 - [TEST_STEP][PASSED] - if (myValue in varParms[i]): null

27-02-2025T17:35:12 - [TEST_STEP][PASSED] - else: null

27-02-2025T17:35:12 - [TEST_STEP][PASSED] - inList = false: null

27-02-2025T17:35:12 - [TEST_STEP][PASSED] - if (myType == "checkbox"): null

27-02-2025T17:35:12 - [TEST_STEP][PASSED] - myStatus = element.isSelected(): null

27-02-2025T17:35:12 - [TEST_STEP][PASSED] - if (debug): null

27-02-2025T17:35:12 - [TEST_STEP][PASSED] - if (toggle && myStatus && inList): null

27-02-2025T17:35:12 - [TEST_STEP][PASSED] - if (!(myStatus) && inList || myStatus && !(inList)): null

27-02-2025T17:35:12 - [TEST_STEP][PASSED] - myValue = element.getAttribute("value"): null

27-02-2025T17:35:12 - [TEST_STEP][PASSED] - if (debug): null

27-02-2025T17:35:12 - [TEST_STEP][PASSED] - if (myValue.length() >= 4): null

27-02-2025T17:35:12 - [TEST_STEP][PASSED] - if (myValue.substring(0, 4) == "(!) "): null

27-02-2025T17:35:12 - [TEST_STEP][PASSED] - myType = element.getAttribute("type"): null

27-02-2025T17:35:12 - [TEST_STEP][PASSED] - if (myValue in varParms[i]): null

27-02-2025T17:35:12 - [TEST_STEP][PASSED] - else: null

27-02-2025T17:35:12 - [TEST_STEP][PASSED] - inList = false: null

27-02-2025T17:35:12 - [TEST_STEP][PASSED] - if (myType == "checkbox"): null

27-02-2025T17:35:12 - [TEST_STEP][PASSED] - myStatus = element.isSelected(): null

27-02-2025T17:35:12 - [TEST_STEP][PASSED] - if (debug): null

27-02-2025T17:35:12 - [TEST_STEP][PASSED] - if (toggle && myStatus && inList): null

27-02-2025T17:35:12 - [TEST_STEP][PASSED] - if (!(myStatus) && inList || myStatus && !(inList)): null

27-02-2025T17:35:12 - [TEST_STEP][PASSED] - myValue = element.getAttribute("value"): null

27-02-2025T17:35:12 - [TEST_STEP][PASSED] - if (debug): null

27-02-2025T17:35:12 - [TEST_STEP][PASSED] - if (myValue.length() >= 4): null

27-02-2025T17:35:12 - [TEST_STEP][PASSED] - if (myValue.substring(0, 4) == "(!) "): null

27-02-2025T17:35:12 - [TEST_STEP][PASSED] - myType = element.getAttribute("type"): null

27-02-2025T17:35:12 - [TEST_STEP][PASSED] - if (myValue in varParms[i]): null

27-02-2025T17:35:12 - [TEST_STEP][PASSED] - else: null

27-02-2025T17:35:12 - [TEST_STEP][PASSED] - inList = false: null

27-02-2025T17:35:12 - [TEST_STEP][PASSED] - if (myType == "checkbox"): null

27-02-2025T17:35:12 - [TEST_STEP][PASSED] - myStatus = element.isSelected(): null

27-02-2025T17:35:12 - [TEST_STEP][PASSED] - if (debug): null

27-02-2025T17:35:12 - [TEST_STEP][PASSED] - if (toggle && myStatus && inList): null

27-02-2025T17:35:12 - [TEST_STEP][PASSED] - if (!(myStatus) && inList || myStatus && !(inList)): null

27-02-2025T17:35:12 - [TEST_STEP][PASSED] - myValue = element.getAttribute("value"): null

27-02-2025T17:35:12 - [TEST_STEP][PASSED] - if (debug): null

27-02-2025T17:35:12 - [TEST_STEP][PASSED] - if (myValue.length() >= 4): null

27-02-2025T17:35:12 - [TEST_STEP][PASSED] - if (myValue.substring(0, 4) == "(!) "): null

27-02-2025T17:35:12 - [TEST_STEP][PASSED] - myType = element.getAttribute("type"): null

27-02-2025T17:35:12 - [TEST_STEP][PASSED] - if (myValue in varParms[i]): null

27-02-2025T17:35:12 - [TEST_STEP][PASSED] - else: null

27-02-2025T17:35:12 - [TEST_STEP][PASSED] - inList = false: null

27-02-2025T17:35:12 - [TEST_STEP][PASSED] - if (myType == "checkbox"): null

27-02-2025T17:35:12 - [TEST_STEP][PASSED] - myStatus = element.isSelected(): null

27-02-2025T17:35:12 - [TEST_STEP][PASSED] - if (debug): null

27-02-2025T17:35:12 - [TEST_STEP][PASSED] - if (toggle && myStatus && inList): null

27-02-2025T17:35:12 - [TEST_STEP][PASSED] - if (!(myStatus) && inList || myStatus && !(inList)): null

27-02-2025T17:35:12 - [TEST_STEP][PASSED] - myValue = element.getAttribute("value"): null

27-02-2025T17:35:12 - [TEST_STEP][PASSED] - if (debug): null

27-02-2025T17:35:12 - [TEST_STEP][PASSED] - if (myValue.length() >= 4): null

27-02-2025T17:35:12 - [TEST_STEP][PASSED] - if (myValue.substring(0, 4) == "(!) "): null

27-02-2025T17:35:12 - [TEST_STEP][PASSED] - myType = element.getAttribute("type"): null

27-02-2025T17:35:12 - [TEST_STEP][PASSED] - if (myValue in varParms[i]): null

27-02-2025T17:35:12 - [TEST_STEP][PASSED] - else: null

27-02-2025T17:35:12 - [TEST_STEP][PASSED] - inList = false: null

27-02-2025T17:35:12 - [TEST_STEP][PASSED] - if (myType == "checkbox"): null

27-02-2025T17:35:12 - [TEST_STEP][PASSED] - myStatus = element.isSelected(): null

27-02-2025T17:35:12 - [TEST_STEP][PASSED] - if (debug): null

27-02-2025T17:35:12 - [TEST_STEP][PASSED] - if (toggle && myStatus && inList): null

27-02-2025T17:35:12 - [TEST_STEP][PASSED] - if (!(myStatus) && inList || myStatus && !(inList)): null

27-02-2025T17:35:12 - [TEST_STEP][PASSED] - myValue = element.getAttribute("value"): null

27-02-2025T17:35:12 - [TEST_STEP][PASSED] - if (debug): null

27-02-2025T17:35:12 - [TEST_STEP][PASSED] - if (myValue.length() >= 4): null

27-02-2025T17:35:12 - [TEST_STEP][PASSED] - if (myValue.substring(0, 4) == "(!) "): null

27-02-2025T17:35:12 - [TEST_STEP][PASSED] - myType = element.getAttribute("type"): null

27-02-2025T17:35:12 - [TEST_STEP][PASSED] - if (myValue in varParms[i]): null

27-02-2025T17:35:12 - [TEST_STEP][PASSED] - inList = true: null

27-02-2025T17:35:12 - [TEST_STEP][PASSED] - if (myType == "checkbox"): null

27-02-2025T17:35:12 - [TEST_STEP][PASSED] - myStatus = element.isSelected(): null

27-02-2025T17:35:12 - [TEST_STEP][PASSED] - if (debug): null

27-02-2025T17:35:12 - [TEST_STEP][PASSED] - if (toggle && myStatus && inList): null

27-02-2025T17:35:12 - [TEST_STEP][PASSED] - if (!(myStatus) && inList || myStatus && !(inList)): null

27-02-2025T17:35:12 - [TEST_STEP][PASSED] - if (debug): null

27-02-2025T17:35:12 - [TEST_STEP][PASSED] - println("Clicking " + myValue): null

27-02-2025T17:35:12 - [TEST_STEP][PASSED] - click(element): null

27-02-2025T17:35:12 - [TEST_STEP][PASSED] - scrollToObject(elem): null

27-02-2025T17:35:12 - [TEST_STEP][PASSED] - loc = element.getLocation(): null

27-02-2025T17:35:12 - [TEST_STEP][PASSED] - if (debug): null

27-02-2025T17:35:12 - [TEST_STEP][PASSED] - y = loc.getY(): null

27-02-2025T17:35:12 - [TEST_STEP][PASSED] - println("Y location is " + y): null

27-02-2025T17:35:12 - [TEST_STEP][PASSED] - top = getViewportTopPosition(): Current viewport's top (y) position is 481

27-02-2025T17:35:12 - [MESSAGE][PASSED] - Current viewport's top (y) position is 481

27-02-2025T17:35:12 - [TEST_STEP][PASSED] - println("Viewport top is " + top): null

27-02-2025T17:35:12 - [TEST_STEP][PASSED] - bottom = top + 600: null

27-02-2025T17:35:12 - [TEST_STEP][PASSED] - if (y - top < 150 || bottom - y < 10): null

27-02-2025T17:35:12 - [TEST_STEP][PASSED] - elem.click(): null

27-02-2025T17:35:12 - [TEST_STEP][PASSED] - myValue = element.getAttribute("value"): null

27-02-2025T17:35:13 - [TEST_STEP][PASSED] - if (debug): null

27-02-2025T17:35:13 - [TEST_STEP][PASSED] - if (myValue.length() >= 4): null

27-02-2025T17:35:13 - [TEST_STEP][PASSED] - if (myValue.substring(0, 4) == "(!) "): null

27-02-2025T17:35:13 - [TEST_STEP][PASSED] - myType = element.getAttribute("type"): null

27-02-2025T17:35:13 - [TEST_STEP][PASSED] - if (myValue in varParms[i]): null

27-02-2025T17:35:13 - [TEST_STEP][PASSED] - else: null

27-02-2025T17:35:13 - [TEST_STEP][PASSED] - inList = false: null

27-02-2025T17:35:13 - [TEST_STEP][PASSED] - if (myType == "checkbox"): null

27-02-2025T17:35:13 - [TEST_STEP][PASSED] - myStatus = element.isSelected(): null

27-02-2025T17:35:13 - [TEST_STEP][PASSED] - if (debug): null

27-02-2025T17:35:13 - [TEST_STEP][PASSED] - if (toggle && myStatus && inList): null

27-02-2025T17:35:13 - [TEST_STEP][PASSED] - if (!(myStatus) && inList || myStatus && !(inList)): null

27-02-2025T17:35:13 - [TEST_STEP][PASSED] - myValue = element.getAttribute("value"): null

27-02-2025T17:35:13 - [TEST_STEP][PASSED] - if (debug): null

27-02-2025T17:35:13 - [TEST_STEP][PASSED] - if (myValue.length() >= 4): null

27-02-2025T17:35:13 - [TEST_STEP][PASSED] - if (myValue.substring(0, 4) == "(!) "): null

27-02-2025T17:35:13 - [TEST_STEP][PASSED] - myType = element.getAttribute("type"): null

27-02-2025T17:35:13 - [TEST_STEP][PASSED] - if (myValue in varParms[i]): null

27-02-2025T17:35:13 - [TEST_STEP][PASSED] - inList = true: null

27-02-2025T17:35:13 - [TEST_STEP][PASSED] - if (myType == "checkbox"): null

27-02-2025T17:35:13 - [TEST_STEP][PASSED] - myStatus = element.isSelected(): null

27-02-2025T17:35:13 - [TEST_STEP][PASSED] - if (debug): null

27-02-2025T17:35:13 - [TEST_STEP][PASSED] - if (toggle && myStatus && inList): null

27-02-2025T17:35:13 - [TEST_STEP][PASSED] - if (!(myStatus) && inList || myStatus && !(inList)): null

27-02-2025T17:35:13 - [TEST_STEP][PASSED] - if (debug): null

27-02-2025T17:35:13 - [TEST_STEP][PASSED] - println("Clicking " + myValue): null

27-02-2025T17:35:13 - [TEST_STEP][PASSED] - click(element): null

27-02-2025T17:35:13 - [TEST_STEP][PASSED] - scrollToObject(elem): null

27-02-2025T17:35:13 - [TEST_STEP][PASSED] - loc = element.getLocation(): null

27-02-2025T17:35:13 - [TEST_STEP][PASSED] - if (debug): null

27-02-2025T17:35:13 - [TEST_STEP][PASSED] - y = loc.getY(): null

27-02-2025T17:35:13 - [TEST_STEP][PASSED] - println("Y location is " + y): null

27-02-2025T17:35:13 - [TEST_STEP][PASSED] - top = getViewportTopPosition(): Current viewport's top (y) position is 481

27-02-2025T17:35:13 - [MESSAGE][PASSED] - Current viewport's top (y) position is 481

27-02-2025T17:35:13 - [TEST_STEP][PASSED] - println("Viewport top is " + top): null

27-02-2025T17:35:13 - [TEST_STEP][PASSED] - bottom = top + 600: null

27-02-2025T17:35:13 - [TEST_STEP][PASSED] - if (y - top < 150 || bottom - y < 10): Delayed 1 second(s)

27-02-2025T17:35:13 - [TEST_STEP][PASSED] - scrollToPosition(0, y - 150): Browser is scrolled to position x = 0, y = 971

27-02-2025T17:35:13 - [MESSAGE][PASSED] - Browser is scrolled to position x = 0, y = 971

27-02-2025T17:35:13 - [TEST_STEP][PASSED] - delay(1): Delayed 1 second(s)

27-02-2025T17:35:14 - [MESSAGE][PASSED] - Delayed 1 second(s)

27-02-2025T17:35:14 - [TEST_STEP][PASSED] - elem.click(): null

27-02-2025T17:35:14 - [TEST_STEP][PASSED] - myValue = element.getAttribute("value"): null

27-02-2025T17:35:14 - [TEST_STEP][PASSED] - if (debug): null

27-02-2025T17:35:14 - [TEST_STEP][PASSED] - if (myValue.length() >= 4): null

27-02-2025T17:35:14 - [TEST_STEP][PASSED] - if (myValue.substring(0, 4) == "(!) "): null

27-02-2025T17:35:14 - [TEST_STEP][PASSED] - myType = element.getAttribute("type"): null

27-02-2025T17:35:14 - [TEST_STEP][PASSED] - if (myValue in varParms[i]): null

27-02-2025T17:35:14 - [TEST_STEP][PASSED] - else: null

27-02-2025T17:35:14 - [TEST_STEP][PASSED] - inList = false: null

27-02-2025T17:35:14 - [TEST_STEP][PASSED] - if (myType == "checkbox"): null

27-02-2025T17:35:14 - [TEST_STEP][PASSED] - myStatus = element.isSelected(): null

27-02-2025T17:35:14 - [TEST_STEP][PASSED] - if (debug): null

27-02-2025T17:35:14 - [TEST_STEP][PASSED] - if (toggle && myStatus && inList): null

27-02-2025T17:35:14 - [TEST_STEP][PASSED] - if (!(myStatus) && inList || myStatus && !(inList)): null

27-02-2025T17:35:14 - [TEST_STEP][PASSED] - myValue = element.getAttribute("value"): null

27-02-2025T17:35:14 - [TEST_STEP][PASSED] - if (debug): null

27-02-2025T17:35:14 - [TEST_STEP][PASSED] - if (myValue.length() >= 4): null

27-02-2025T17:35:14 - [TEST_STEP][PASSED] - if (myValue.substring(0, 4) == "(!) "): null

27-02-2025T17:35:14 - [TEST_STEP][PASSED] - myType = element.getAttribute("type"): null

27-02-2025T17:35:14 - [TEST_STEP][PASSED] - if (myValue in varParms[i]): null

27-02-2025T17:35:14 - [TEST_STEP][PASSED] - else: null

27-02-2025T17:35:14 - [TEST_STEP][PASSED] - inList = false: null

27-02-2025T17:35:14 - [TEST_STEP][PASSED] - if (myType == "checkbox"): null

27-02-2025T17:35:14 - [TEST_STEP][PASSED] - myStatus = element.isSelected(): null

27-02-2025T17:35:14 - [TEST_STEP][PASSED] - if (debug): null

27-02-2025T17:35:14 - [TEST_STEP][PASSED] - if (toggle && myStatus && inList): null

27-02-2025T17:35:14 - [TEST_STEP][PASSED] - if (!(myStatus) && inList || myStatus && !(inList)): null

27-02-2025T17:35:14 - [TEST_STEP][PASSED] - myValue = element.getAttribute("value"): null

27-02-2025T17:35:14 - [TEST_STEP][PASSED] - if (debug): null

27-02-2025T17:35:14 - [TEST_STEP][PASSED] - if (myValue.length() >= 4): null

27-02-2025T17:35:14 - [TEST_STEP][PASSED] - if (myValue.substring(0, 4) == "(!) "): null

27-02-2025T17:35:14 - [TEST_STEP][PASSED] - myType = element.getAttribute("type"): null

27-02-2025T17:35:14 - [TEST_STEP][PASSED] - if (myValue in varParms[i]): null

27-02-2025T17:35:14 - [TEST_STEP][PASSED] - else: null

27-02-2025T17:35:14 - [TEST_STEP][PASSED] - inList = false: null

27-02-2025T17:35:14 - [TEST_STEP][PASSED] - if (myType == "checkbox"): null

27-02-2025T17:35:14 - [TEST_STEP][PASSED] - myStatus = element.isSelected(): null

27-02-2025T17:35:14 - [TEST_STEP][PASSED] - if (debug): null

27-02-2025T17:35:14 - [TEST_STEP][PASSED] - if (toggle && myStatus && inList): null

27-02-2025T17:35:14 - [TEST_STEP][PASSED] - if (!(myStatus) && inList || myStatus && !(inList)): null

27-02-2025T17:35:14 - [TEST_STEP][PASSED] - myValue = element.getAttribute("value"): null

27-02-2025T17:35:14 - [TEST_STEP][PASSED] - if (debug): null

27-02-2025T17:35:14 - [TEST_STEP][PASSED] - if (myValue.length() >= 4): null

27-02-2025T17:35:14 - [TEST_STEP][PASSED] - if (myValue.substring(0, 4) == "(!) "): null

27-02-2025T17:35:14 - [TEST_STEP][PASSED] - myType = element.getAttribute("type"): null

27-02-2025T17:35:14 - [TEST_STEP][PASSED] - if (myValue in varParms[i]): null

27-02-2025T17:35:14 - [TEST_STEP][PASSED] - else: null

27-02-2025T17:35:14 - [TEST_STEP][PASSED] - inList = false: null

27-02-2025T17:35:14 - [TEST_STEP][PASSED] - if (myType == "checkbox"): null

27-02-2025T17:35:14 - [TEST_STEP][PASSED] - myStatus = element.isSelected(): null

27-02-2025T17:35:14 - [TEST_STEP][PASSED] - if (debug): null

27-02-2025T17:35:14 - [TEST_STEP][PASSED] - if (toggle && myStatus && inList): null

27-02-2025T17:35:14 - [TEST_STEP][PASSED] - if (!(myStatus) && inList || myStatus && !(inList)): null

27-02-2025T17:35:14 - [TEST_STEP][PASSED] - myValue = element.getAttribute("value"): null

27-02-2025T17:35:14 - [TEST_STEP][PASSED] - if (debug): null

27-02-2025T17:35:14 - [TEST_STEP][PASSED] - if (myValue.length() >= 4): null

27-02-2025T17:35:14 - [TEST_STEP][PASSED] - if (myValue.substring(0, 4) == "(!) "): null

27-02-2025T17:35:14 - [TEST_STEP][PASSED] - myType = element.getAttribute("type"): null

27-02-2025T17:35:14 - [TEST_STEP][PASSED] - if (myValue in varParms[i]): null

27-02-2025T17:35:14 - [TEST_STEP][PASSED] - else: null

27-02-2025T17:35:14 - [TEST_STEP][PASSED] - inList = false: null

27-02-2025T17:35:14 - [TEST_STEP][PASSED] - if (myType == "checkbox"): null

27-02-2025T17:35:14 - [TEST_STEP][PASSED] - myStatus = element.isSelected(): null

27-02-2025T17:35:14 - [TEST_STEP][PASSED] - if (debug): null

27-02-2025T17:35:14 - [TEST_STEP][PASSED] - if (toggle && myStatus && inList): null

27-02-2025T17:35:14 - [TEST_STEP][PASSED] - if (!(myStatus) && inList || myStatus && !(inList)): null

27-02-2025T17:35:14 - [TEST_STEP][PASSED] - myValue = element.getAttribute("value"): null

27-02-2025T17:35:14 - [TEST_STEP][PASSED] - if (debug): null

27-02-2025T17:35:14 - [TEST_STEP][PASSED] - if (myValue.length() >= 4): null

27-02-2025T17:35:14 - [TEST_STEP][PASSED] - if (myValue.substring(0, 4) == "(!) "): null

27-02-2025T17:35:14 - [TEST_STEP][PASSED] - myType = element.getAttribute("type"): null

27-02-2025T17:35:14 - [TEST_STEP][PASSED] - if (myValue in varParms[i]): null

27-02-2025T17:35:14 - [TEST_STEP][PASSED] - else: null

27-02-2025T17:35:14 - [TEST_STEP][PASSED] - inList = false: null

27-02-2025T17:35:14 - [TEST_STEP][PASSED] - if (myType == "checkbox"): null

27-02-2025T17:35:14 - [TEST_STEP][PASSED] - myStatus = element.isSelected(): null

27-02-2025T17:35:14 - [TEST_STEP][PASSED] - if (debug): null

27-02-2025T17:35:14 - [TEST_STEP][PASSED] - if (toggle && myStatus && inList): null

27-02-2025T17:35:14 - [TEST_STEP][PASSED] - if (!(myStatus) && inList || myStatus && !(inList)): null

27-02-2025T17:35:14 - [TEST_STEP][PASSED] - myValue = element.getAttribute("value"): null

27-02-2025T17:35:14 - [TEST_STEP][PASSED] - if (debug): null

27-02-2025T17:35:14 - [TEST_STEP][PASSED] - if (myValue.length() >= 4): null

27-02-2025T17:35:14 - [TEST_STEP][PASSED] - if (myValue.substring(0, 4) == "(!) "): null

27-02-2025T17:35:14 - [TEST_STEP][PASSED] - myType = element.getAttribute("type"): null

27-02-2025T17:35:14 - [TEST_STEP][PASSED] - if (myValue in varParms[i]): null

27-02-2025T17:35:14 - [TEST_STEP][PASSED] - inList = true: null

27-02-2025T17:35:14 - [TEST_STEP][PASSED] - if (myType == "checkbox"): null

27-02-2025T17:35:14 - [TEST_STEP][PASSED] - myStatus = element.isSelected(): null

27-02-2025T17:35:14 - [TEST_STEP][PASSED] - if (debug): null

27-02-2025T17:35:14 - [TEST_STEP][PASSED] - if (toggle && myStatus && inList): null

27-02-2025T17:35:14 - [TEST_STEP][PASSED] - if (!(myStatus) && inList || myStatus && !(inList)): null

27-02-2025T17:35:14 - [TEST_STEP][PASSED] - if (debug): null

27-02-2025T17:35:14 - [TEST_STEP][PASSED] - println("Clicking " + myValue): null

27-02-2025T17:35:14 - [TEST_STEP][PASSED] - click(element): null

27-02-2025T17:35:14 - [TEST_STEP][PASSED] - scrollToObject(elem): null

27-02-2025T17:35:14 - [TEST_STEP][PASSED] - loc = element.getLocation(): null

27-02-2025T17:35:14 - [TEST_STEP][PASSED] - if (debug): null

27-02-2025T17:35:14 - [TEST_STEP][PASSED] - y = loc.getY(): null

27-02-2025T17:35:14 - [TEST_STEP][PASSED] - println("Y location is " + y): null

27-02-2025T17:35:14 - [TEST_STEP][PASSED] - top = getViewportTopPosition(): Current viewport's top (y) position is 971

27-02-2025T17:35:14 - [MESSAGE][PASSED] - Current viewport's top (y) position is 971

27-02-2025T17:35:14 - [TEST_STEP][PASSED] - println("Viewport top is " + top): null

27-02-2025T17:35:14 - [TEST_STEP][PASSED] - bottom = top + 600: null

27-02-2025T17:35:14 - [TEST_STEP][PASSED] - if (y - top < 150 || bottom - y < 10): null

27-02-2025T17:35:14 - [TEST_STEP][PASSED] - elem.click(): null

27-02-2025T17:35:14 - [TEST_STEP][PASSED] - myValue = element.getAttribute("value"): null

27-02-2025T17:35:14 - [TEST_STEP][PASSED] - if (debug): null

27-02-2025T17:35:14 - [TEST_STEP][PASSED] - if (myValue.length() >= 4): null

27-02-2025T17:35:14 - [TEST_STEP][PASSED] - if (myValue.substring(0, 4) == "(!) "): null

27-02-2025T17:35:14 - [TEST_STEP][PASSED] - myType = element.getAttribute("type"): null

27-02-2025T17:35:14 - [TEST_STEP][PASSED] - if (myValue in varParms[i]): null

27-02-2025T17:35:14 - [TEST_STEP][PASSED] - else: null

27-02-2025T17:35:14 - [TEST_STEP][PASSED] - inList = false: null

27-02-2025T17:35:14 - [TEST_STEP][PASSED] - if (myType == "checkbox"): null

27-02-2025T17:35:14 - [TEST_STEP][PASSED] - myStatus = element.isSelected(): null

27-02-2025T17:35:14 - [TEST_STEP][PASSED] - if (debug): null

27-02-2025T17:35:14 - [TEST_STEP][PASSED] - if (toggle && myStatus && inList): null

27-02-2025T17:35:14 - [TEST_STEP][PASSED] - if (!(myStatus) && inList || myStatus && !(inList)): null

27-02-2025T17:35:14 - [TEST_STEP][PASSED] - myValue = element.getAttribute("value"): null

27-02-2025T17:35:14 - [TEST_STEP][PASSED] - if (debug): null

27-02-2025T17:35:14 - [TEST_STEP][PASSED] - if (myValue.length() >= 4): null

27-02-2025T17:35:14 - [TEST_STEP][PASSED] - if (myValue.substring(0, 4) == "(!) "): null

27-02-2025T17:35:14 - [TEST_STEP][PASSED] - myType = element.getAttribute("type"): null

27-02-2025T17:35:14 - [TEST_STEP][PASSED] - if (myValue in varParms[i]): null

27-02-2025T17:35:14 - [TEST_STEP][PASSED] - else: null

27-02-2025T17:35:14 - [TEST_STEP][PASSED] - inList = false: null

27-02-2025T17:35:14 - [TEST_STEP][PASSED] - if (myType == "checkbox"): null

27-02-2025T17:35:14 - [TEST_STEP][PASSED] - myStatus = element.isSelected(): null

27-02-2025T17:35:14 - [TEST_STEP][PASSED] - if (debug): null

27-02-2025T17:35:14 - [TEST_STEP][PASSED] - if (toggle && myStatus && inList): null

27-02-2025T17:35:14 - [TEST_STEP][PASSED] - if (!(myStatus) && inList || myStatus && !(inList)): null

27-02-2025T17:35:14 - [TEST_STEP][PASSED] - myValue = element.getAttribute("value"): null

27-02-2025T17:35:14 - [TEST_STEP][PASSED] - if (debug): null

27-02-2025T17:35:14 - [TEST_STEP][PASSED] - if (myValue.length() >= 4): null

27-02-2025T17:35:14 - [TEST_STEP][PASSED] - if (myValue.substring(0, 4) == "(!) "): null

27-02-2025T17:35:14 - [TEST_STEP][PASSED] - myType = element.getAttribute("type"): null

27-02-2025T17:35:14 - [TEST_STEP][PASSED] - if (myValue in varParms[i]): null

27-02-2025T17:35:14 - [TEST_STEP][PASSED] - inList = true: null

27-02-2025T17:35:14 - [TEST_STEP][PASSED] - if (myType == "checkbox"): null

27-02-2025T17:35:14 - [TEST_STEP][PASSED] - myStatus = element.isSelected(): null

27-02-2025T17:35:14 - [TEST_STEP][PASSED] - if (debug): null

27-02-2025T17:35:14 - [TEST_STEP][PASSED] - if (toggle && myStatus && inList): null

27-02-2025T17:35:14 - [TEST_STEP][PASSED] - if (!(myStatus) && inList || myStatus && !(inList)): null

27-02-2025T17:35:14 - [TEST_STEP][PASSED] - if (debug): null

27-02-2025T17:35:14 - [TEST_STEP][PASSED] - println("Clicking " + myValue): null

27-02-2025T17:35:14 - [TEST_STEP][PASSED] - click(element): null

27-02-2025T17:35:14 - [TEST_STEP][PASSED] - scrollToObject(elem): null

27-02-2025T17:35:14 - [TEST_STEP][PASSED] - loc = element.getLocation(): null

27-02-2025T17:35:14 - [TEST_STEP][PASSED] - if (debug): null

27-02-2025T17:35:14 - [TEST_STEP][PASSED] - y = loc.getY(): null

27-02-2025T17:35:14 - [TEST_STEP][PASSED] - println("Y location is " + y): null

27-02-2025T17:35:14 - [TEST_STEP][PASSED] - top = getViewportTopPosition(): Current viewport's top (y) position is 971

27-02-2025T17:35:14 - [MESSAGE][PASSED] - Current viewport's top (y) position is 971

27-02-2025T17:35:14 - [TEST_STEP][PASSED] - println("Viewport top is " + top): null

27-02-2025T17:35:14 - [TEST_STEP][PASSED] - bottom = top + 600: null

27-02-2025T17:35:14 - [TEST_STEP][PASSED] - if (y - top < 150 || bottom - y < 10): null

27-02-2025T17:35:14 - [TEST_STEP][PASSED] - elem.click(): null

27-02-2025T17:35:14 - [TEST_STEP][PASSED] - myValue = element.getAttribute("value"): null

27-02-2025T17:35:14 - [TEST_STEP][PASSED] - if (debug): null

27-02-2025T17:35:14 - [TEST_STEP][PASSED] - if (myValue.length() >= 4): null

27-02-2025T17:35:14 - [TEST_STEP][PASSED] - if (myValue.substring(0, 4) == "(!) "): null

27-02-2025T17:35:14 - [TEST_STEP][PASSED] - myType = element.getAttribute("type"): null

27-02-2025T17:35:14 - [TEST_STEP][PASSED] - if (myValue in varParms[i]): null

27-02-2025T17:35:14 - [TEST_STEP][PASSED] - else: null

27-02-2025T17:35:14 - [TEST_STEP][PASSED] - inList = false: null

27-02-2025T17:35:14 - [TEST_STEP][PASSED] - if (myType == "checkbox"): null

27-02-2025T17:35:14 - [TEST_STEP][PASSED] - myStatus = element.isSelected(): null

27-02-2025T17:35:14 - [TEST_STEP][PASSED] - if (debug): null

27-02-2025T17:35:14 - [TEST_STEP][PASSED] - if (toggle && myStatus && inList): null

27-02-2025T17:35:14 - [TEST_STEP][PASSED] - if (!(myStatus) && inList || myStatus && !(inList)): null

27-02-2025T17:35:14 - [TEST_STEP][PASSED] - myValue = element.getAttribute("value"): null

27-02-2025T17:35:14 - [TEST_STEP][PASSED] - if (debug): null

27-02-2025T17:35:14 - [TEST_STEP][PASSED] - if (myValue.length() >= 4): null

27-02-2025T17:35:14 - [TEST_STEP][PASSED] - if (myValue.substring(0, 4) == "(!) "): null

27-02-2025T17:35:14 - [TEST_STEP][PASSED] - myType = element.getAttribute("type"): null

27-02-2025T17:35:14 - [TEST_STEP][PASSED] - if (myValue in varParms[i]): null

27-02-2025T17:35:14 - [TEST_STEP][PASSED] - else: null

27-02-2025T17:35:14 - [TEST_STEP][PASSED] - inList = false: null

27-02-2025T17:35:14 - [TEST_STEP][PASSED] - if (myType == "checkbox"): null

27-02-2025T17:35:14 - [TEST_STEP][PASSED] - myStatus = element.isSelected(): null

27-02-2025T17:35:14 - [TEST_STEP][PASSED] - if (debug): null

27-02-2025T17:35:14 - [TEST_STEP][PASSED] - if (toggle && myStatus && inList): null

27-02-2025T17:35:14 - [TEST_STEP][PASSED] - if (!(myStatus) && inList || myStatus && !(inList)): null

27-02-2025T17:35:14 - [TEST_STEP][PASSED] - myValue = element.getAttribute("value"): null

27-02-2025T17:35:14 - [TEST_STEP][PASSED] - if (debug): null

27-02-2025T17:35:14 - [TEST_STEP][PASSED] - if (myValue.length() >= 4): null

27-02-2025T17:35:14 - [TEST_STEP][PASSED] - if (myValue.substring(0, 4) == "(!) "): null

27-02-2025T17:35:14 - [TEST_STEP][PASSED] - myType = element.getAttribute("type"): null

27-02-2025T17:35:14 - [TEST_STEP][PASSED] - if (myValue in varParms[i]): null

27-02-2025T17:35:14 - [TEST_STEP][PASSED] - else: null

27-02-2025T17:35:14 - [TEST_STEP][PASSED] - inList = false: null

27-02-2025T17:35:14 - [TEST_STEP][PASSED] - if (myType == "checkbox"): null

27-02-2025T17:35:14 - [TEST_STEP][PASSED] - myStatus = element.isSelected(): null

27-02-2025T17:35:14 - [TEST_STEP][PASSED] - if (debug): null

27-02-2025T17:35:14 - [TEST_STEP][PASSED] - if (toggle && myStatus && inList): null

27-02-2025T17:35:14 - [TEST_STEP][PASSED] - if (!(myStatus) && inList || myStatus && !(inList)): null

27-02-2025T17:35:14 - [TEST_STEP][PASSED] - myValue = element.getAttribute("value"): null

27-02-2025T17:35:14 - [TEST_STEP][PASSED] - if (debug): null

27-02-2025T17:35:14 - [TEST_STEP][PASSED] - if (myValue.length() >= 4): null

27-02-2025T17:35:14 - [TEST_STEP][PASSED] - if (myValue.substring(0, 4) == "(!) "): null

27-02-2025T17:35:14 - [TEST_STEP][PASSED] - myType = element.getAttribute("type"): null

27-02-2025T17:35:14 - [TEST_STEP][PASSED] - if (myValue in varParms[i]): null

27-02-2025T17:35:14 - [TEST_STEP][PASSED] - else: null

27-02-2025T17:35:14 - [TEST_STEP][PASSED] - inList = false: null

27-02-2025T17:35:14 - [TEST_STEP][PASSED] - if (myType == "checkbox"): null

27-02-2025T17:35:14 - [TEST_STEP][PASSED] - myStatus = element.isSelected(): null

27-02-2025T17:35:14 - [TEST_STEP][PASSED] - if (debug): null

27-02-2025T17:35:14 - [TEST_STEP][PASSED] - if (toggle && myStatus && inList): null

27-02-2025T17:35:14 - [TEST_STEP][PASSED] - if (!(myStatus) && inList || myStatus && !(inList)): null

27-02-2025T17:35:14 - [TEST_STEP][PASSED] - myValue = element.getAttribute("value"): null

27-02-2025T17:35:14 - [TEST_STEP][PASSED] - if (debug): null

27-02-2025T17:35:14 - [TEST_STEP][PASSED] - if (myValue.length() >= 4): null

27-02-2025T17:35:14 - [TEST_STEP][PASSED] - if (myValue.substring(0, 4) == "(!) "): null

27-02-2025T17:35:14 - [TEST_STEP][PASSED] - myType = element.getAttribute("type"): null

27-02-2025T17:35:14 - [TEST_STEP][PASSED] - if (myValue in varParms[i]): null

27-02-2025T17:35:14 - [TEST_STEP][PASSED] - else: null

27-02-2025T17:35:14 - [TEST_STEP][PASSED] - inList = false: null

27-02-2025T17:35:14 - [TEST_STEP][PASSED] - if (myType == "checkbox"): null

27-02-2025T17:35:14 - [TEST_STEP][PASSED] - myStatus = element.isSelected(): null

27-02-2025T17:35:14 - [TEST_STEP][PASSED] - if (debug): null

27-02-2025T17:35:14 - [TEST_STEP][PASSED] - if (toggle && myStatus && inList): null

27-02-2025T17:35:14 - [TEST_STEP][PASSED] - if (!(myStatus) && inList || myStatus && !(inList)): null

27-02-2025T17:35:14 - [TEST_STEP][PASSED] - myValue = element.getAttribute("value"): null

27-02-2025T17:35:14 - [TEST_STEP][PASSED] - if (debug): null

27-02-2025T17:35:14 - [TEST_STEP][PASSED] - if (myValue.length() >= 4): null

27-02-2025T17:35:14 - [TEST_STEP][PASSED] - if (myValue.substring(0, 4) == "(!) "): null

27-02-2025T17:35:14 - [TEST_STEP][PASSED] - myType = element.getAttribute("type"): null

27-02-2025T17:35:14 - [TEST_STEP][PASSED] - if (myValue in varParms[i]): null

27-02-2025T17:35:14 - [TEST_STEP][PASSED] - else: null

27-02-2025T17:35:14 - [TEST_STEP][PASSED] - inList = false: null

27-02-2025T17:35:14 - [TEST_STEP][PASSED] - if (myType == "checkbox"): null

27-02-2025T17:35:14 - [TEST_STEP][PASSED] - myStatus = element.isSelected(): null

27-02-2025T17:35:14 - [TEST_STEP][PASSED] - if (debug): null

27-02-2025T17:35:14 - [TEST_STEP][PASSED] - if (toggle && myStatus && inList): null

27-02-2025T17:35:14 - [TEST_STEP][PASSED] - if (!(myStatus) && inList || myStatus && !(inList)): null

27-02-2025T17:35:14 - [TEST_STEP][PASSED] - myValue = element.getAttribute("value"): null

27-02-2025T17:35:14 - [TEST_STEP][PASSED] - if (debug): null

27-02-2025T17:35:14 - [TEST_STEP][PASSED] - if (myValue.length() >= 4): null

27-02-2025T17:35:14 - [TEST_STEP][PASSED] - if (myValue.substring(0, 4) == "(!) "): null

27-02-2025T17:35:14 - [TEST_STEP][PASSED] - myType = element.getAttribute("type"): null

27-02-2025T17:35:14 - [TEST_STEP][PASSED] - if (myValue in varParms[i]): null

27-02-2025T17:35:14 - [TEST_STEP][PASSED] - else: null

27-02-2025T17:35:14 - [TEST_STEP][PASSED] - inList = false: null

27-02-2025T17:35:14 - [TEST_STEP][PASSED] - if (myType == "checkbox"): null

27-02-2025T17:35:14 - [TEST_STEP][PASSED] - myStatus = element.isSelected(): null

27-02-2025T17:35:14 - [TEST_STEP][PASSED] - if (debug): null

27-02-2025T17:35:14 - [TEST_STEP][PASSED] - if (toggle && myStatus && inList): null

27-02-2025T17:35:14 - [TEST_STEP][PASSED] - if (!(myStatus) && inList || myStatus && !(inList)): null

27-02-2025T17:35:14 - [TEST_STEP][PASSED] - myValue = element.getAttribute("value"): null

27-02-2025T17:35:14 - [TEST_STEP][PASSED] - if (debug): null

27-02-2025T17:35:14 - [TEST_STEP][PASSED] - if (myValue.length() >= 4): null

27-02-2025T17:35:14 - [TEST_STEP][PASSED] - if (myValue.substring(0, 4) == "(!) "): null

27-02-2025T17:35:14 - [TEST_STEP][PASSED] - myType = element.getAttribute("type"): null

27-02-2025T17:35:14 - [TEST_STEP][PASSED] - if (myValue in varParms[i]): null

27-02-2025T17:35:14 - [TEST_STEP][PASSED] - else: null

27-02-2025T17:35:14 - [TEST_STEP][PASSED] - inList = false: null

27-02-2025T17:35:14 - [TEST_STEP][PASSED] - if (myType == "checkbox"): null

27-02-2025T17:35:14 - [TEST_STEP][PASSED] - myStatus = element.isSelected(): null

27-02-2025T17:35:14 - [TEST_STEP][PASSED] - if (debug): null

27-02-2025T17:35:14 - [TEST_STEP][PASSED] - if (toggle && myStatus && inList): null

27-02-2025T17:35:14 - [TEST_STEP][PASSED] - if (!(myStatus) && inList || myStatus && !(inList)): null

27-02-2025T17:35:14 - [TEST_STEP][PASSED] - myValue = element.getAttribute("value"): null

27-02-2025T17:35:14 - [TEST_STEP][PASSED] - if (debug): null

27-02-2025T17:35:14 - [TEST_STEP][PASSED] - if (myValue.length() >= 4): null

27-02-2025T17:35:14 - [TEST_STEP][PASSED] - if (myValue.substring(0, 4) == "(!) "): null

27-02-2025T17:35:14 - [TEST_STEP][PASSED] - myType = element.getAttribute("type"): null

27-02-2025T17:35:14 - [TEST_STEP][PASSED] - if (myValue in varParms[i]): null

27-02-2025T17:35:14 - [TEST_STEP][PASSED] - else: null

27-02-2025T17:35:14 - [TEST_STEP][PASSED] - inList = false: null

27-02-2025T17:35:14 - [TEST_STEP][PASSED] - if (myType == "checkbox"): null

27-02-2025T17:35:14 - [TEST_STEP][PASSED] - myStatus = element.isSelected(): null

27-02-2025T17:35:14 - [TEST_STEP][PASSED] - if (debug): null

27-02-2025T17:35:14 - [TEST_STEP][PASSED] - if (toggle && myStatus && inList): null

27-02-2025T17:35:14 - [TEST_STEP][PASSED] - if (!(myStatus) && inList || myStatus && !(inList)): null

27-02-2025T17:35:14 - [TEST_STEP][PASSED] - myValue = element.getAttribute("value"): null

27-02-2025T17:35:14 - [TEST_STEP][PASSED] - if (debug): null

27-02-2025T17:35:14 - [TEST_STEP][PASSED] - if (myValue.length() >= 4): null

27-02-2025T17:35:14 - [TEST_STEP][PASSED] - if (myValue.substring(0, 4) == "(!) "): null

27-02-2025T17:35:14 - [TEST_STEP][PASSED] - myType = element.getAttribute("type"): null

27-02-2025T17:35:14 - [TEST_STEP][PASSED] - if (myValue in varParms[i]): null

27-02-2025T17:35:14 - [TEST_STEP][PASSED] - inList = true: null

27-02-2025T17:35:14 - [TEST_STEP][PASSED] - if (myType == "checkbox"): null

27-02-2025T17:35:14 - [TEST_STEP][PASSED] - myStatus = element.isSelected(): null

27-02-2025T17:35:14 - [TEST_STEP][PASSED] - if (debug): null

27-02-2025T17:35:14 - [TEST_STEP][PASSED] - if (toggle && myStatus && inList): null

27-02-2025T17:35:14 - [TEST_STEP][PASSED] - if (!(myStatus) && inList || myStatus && !(inList)): null

27-02-2025T17:35:14 - [TEST_STEP][PASSED] - if (debug): null

27-02-2025T17:35:14 - [TEST_STEP][PASSED] - println("Clicking " + myValue): null

27-02-2025T17:35:14 - [TEST_STEP][PASSED] - click(element): null

27-02-2025T17:35:14 - [TEST_STEP][PASSED] - scrollToObject(elem): null

27-02-2025T17:35:14 - [TEST_STEP][PASSED] - loc = element.getLocation(): null

27-02-2025T17:35:14 - [TEST_STEP][PASSED] - if (debug): null

27-02-2025T17:35:14 - [TEST_STEP][PASSED] - y = loc.getY(): null

27-02-2025T17:35:14 - [TEST_STEP][PASSED] - println("Y location is " + y): null

27-02-2025T17:35:14 - [TEST_STEP][PASSED] - top = getViewportTopPosition(): Current viewport's top (y) position is 971

27-02-2025T17:35:14 - [MESSAGE][PASSED] - Current viewport's top (y) position is 971

27-02-2025T17:35:14 - [TEST_STEP][PASSED] - println("Viewport top is " + top): null

27-02-2025T17:35:14 - [TEST_STEP][PASSED] - bottom = top + 600: null

27-02-2025T17:35:14 - [TEST_STEP][PASSED] - if (y - top < 150 || bottom - y < 10): null

27-02-2025T17:35:14 - [TEST_STEP][PASSED] - elem.click(): null

27-02-2025T17:35:14 - [TEST_STEP][PASSED] - myValue = element.getAttribute("value"): null

27-02-2025T17:35:14 - [TEST_STEP][PASSED] - if (debug): null

27-02-2025T17:35:14 - [TEST_STEP][PASSED] - if (myValue.length() >= 4): null

27-02-2025T17:35:14 - [TEST_STEP][PASSED] - if (myValue.substring(0, 4) == "(!) "): null

27-02-2025T17:35:14 - [TEST_STEP][PASSED] - myType = element.getAttribute("type"): null

27-02-2025T17:35:14 - [TEST_STEP][PASSED] - if (myValue in varParms[i]): null

27-02-2025T17:35:14 - [TEST_STEP][PASSED] - else: null

27-02-2025T17:35:14 - [TEST_STEP][PASSED] - inList = false: null

27-02-2025T17:35:14 - [TEST_STEP][PASSED] - if (myType == "checkbox"): null

27-02-2025T17:35:14 - [TEST_STEP][PASSED] - myStatus = element.isSelected(): null

27-02-2025T17:35:14 - [TEST_STEP][PASSED] - if (debug): null

27-02-2025T17:35:14 - [TEST_STEP][PASSED] - if (toggle && myStatus && inList): null

27-02-2025T17:35:14 - [TEST_STEP][PASSED] - if (!(myStatus) && inList || myStatus && !(inList)): null

27-02-2025T17:35:14 - [TEST_STEP][PASSED] - myValue = element.getAttribute("value"): null

27-02-2025T17:35:14 - [TEST_STEP][PASSED] - if (debug): null

27-02-2025T17:35:14 - [TEST_STEP][PASSED] - if (myValue.length() >= 4): null

27-02-2025T17:35:14 - [TEST_STEP][PASSED] - if (myValue.substring(0, 4) == "(!) "): null

27-02-2025T17:35:14 - [TEST_STEP][PASSED] - myType = element.getAttribute("type"): null

27-02-2025T17:35:14 - [TEST_STEP][PASSED] - if (myValue in varParms[i]): null

27-02-2025T17:35:14 - [TEST_STEP][PASSED] - else: null

27-02-2025T17:35:14 - [TEST_STEP][PASSED] - inList = false: null

27-02-2025T17:35:14 - [TEST_STEP][PASSED] - if (myType == "checkbox"): null

27-02-2025T17:35:14 - [TEST_STEP][PASSED] - myStatus = element.isSelected(): null

27-02-2025T17:35:14 - [TEST_STEP][PASSED] - if (debug): null

27-02-2025T17:35:14 - [TEST_STEP][PASSED] - if (toggle && myStatus && inList): null

27-02-2025T17:35:14 - [TEST_STEP][PASSED] - if (!(myStatus) && inList || myStatus && !(inList)): null

27-02-2025T17:35:14 - [TEST_STEP][PASSED] - myValue = element.getAttribute("value"): null

27-02-2025T17:35:14 - [TEST_STEP][PASSED] - if (debug): null

27-02-2025T17:35:14 - [TEST_STEP][PASSED] - if (myValue.length() >= 4): null

27-02-2025T17:35:14 - [TEST_STEP][PASSED] - if (myValue.substring(0, 4) == "(!) "): null

27-02-2025T17:35:14 - [TEST_STEP][PASSED] - myType = element.getAttribute("type"): null

27-02-2025T17:35:14 - [TEST_STEP][PASSED] - if (myValue in varParms[i]): null

27-02-2025T17:35:14 - [TEST_STEP][PASSED] - else: null

27-02-2025T17:35:14 - [TEST_STEP][PASSED] - inList = false: null

27-02-2025T17:35:14 - [TEST_STEP][PASSED] - if (myType == "checkbox"): null

27-02-2025T17:35:14 - [TEST_STEP][PASSED] - myStatus = element.isSelected(): null

27-02-2025T17:35:14 - [TEST_STEP][PASSED] - if (debug): null

27-02-2025T17:35:14 - [TEST_STEP][PASSED] - if (toggle && myStatus && inList): null

27-02-2025T17:35:14 - [TEST_STEP][PASSED] - if (!(myStatus) && inList || myStatus && !(inList)): null

27-02-2025T17:35:14 - [TEST_STEP][PASSED] - myValue = element.getAttribute("value"): null

27-02-2025T17:35:14 - [TEST_STEP][PASSED] - if (debug): null

27-02-2025T17:35:14 - [TEST_STEP][PASSED] - if (myValue.length() >= 4): null

27-02-2025T17:35:14 - [TEST_STEP][PASSED] - if (myValue.substring(0, 4) == "(!) "): null

27-02-2025T17:35:14 - [TEST_STEP][PASSED] - myType = element.getAttribute("type"): null

27-02-2025T17:35:14 - [TEST_STEP][PASSED] - if (myValue in varParms[i]): null

27-02-2025T17:35:14 - [TEST_STEP][PASSED] - else: null

27-02-2025T17:35:14 - [TEST_STEP][PASSED] - inList = false: null

27-02-2025T17:35:14 - [TEST_STEP][PASSED] - if (myType == "checkbox"): null

27-02-2025T17:35:14 - [TEST_STEP][PASSED] - myStatus = element.isSelected(): null

27-02-2025T17:35:14 - [TEST_STEP][PASSED] - if (debug): null

27-02-2025T17:35:14 - [TEST_STEP][PASSED] - if (toggle && myStatus && inList): null

27-02-2025T17:35:14 - [TEST_STEP][PASSED] - if (!(myStatus) && inList || myStatus && !(inList)): null

27-02-2025T17:35:14 - [TEST_STEP][PASSED] - myValue = element.getAttribute("value"): null

27-02-2025T17:35:14 - [TEST_STEP][PASSED] - if (debug): null

27-02-2025T17:35:14 - [TEST_STEP][PASSED] - if (myValue.length() >= 4): null

27-02-2025T17:35:14 - [TEST_STEP][PASSED] - if (myValue.substring(0, 4) == "(!) "): null

27-02-2025T17:35:14 - [TEST_STEP][PASSED] - myType = element.getAttribute("type"): null

27-02-2025T17:35:14 - [TEST_STEP][PASSED] - if (myValue in varParms[i]): null

27-02-2025T17:35:14 - [TEST_STEP][PASSED] - else: null

27-02-2025T17:35:14 - [TEST_STEP][PASSED] - inList = false: null

27-02-2025T17:35:14 - [TEST_STEP][PASSED] - if (myType == "checkbox"): null

27-02-2025T17:35:14 - [TEST_STEP][PASSED] - myStatus = element.isSelected(): null

27-02-2025T17:35:14 - [TEST_STEP][PASSED] - if (debug): null

27-02-2025T17:35:14 - [TEST_STEP][PASSED] - if (toggle && myStatus && inList): null

27-02-2025T17:35:14 - [TEST_STEP][PASSED] - if (!(myStatus) && inList || myStatus && !(inList)): null

27-02-2025T17:35:14 - [TEST_STEP][PASSED] - myValue = element.getAttribute("value"): null

27-02-2025T17:35:14 - [TEST_STEP][PASSED] - if (debug): null

27-02-2025T17:35:14 - [TEST_STEP][PASSED] - if (myValue.length() >= 4): null

27-02-2025T17:35:14 - [TEST_STEP][PASSED] - if (myValue.substring(0, 4) == "(!) "): null

27-02-2025T17:35:14 - [TEST_STEP][PASSED] - myType = element.getAttribute("type"): null

27-02-2025T17:35:14 - [TEST_STEP][PASSED] - if (myValue in varParms[i]): null

27-02-2025T17:35:14 - [TEST_STEP][PASSED] - else: null

27-02-2025T17:35:14 - [TEST_STEP][PASSED] - inList = false: null

27-02-2025T17:35:14 - [TEST_STEP][PASSED] - if (myType == "checkbox"): null

27-02-2025T17:35:14 - [TEST_STEP][PASSED] - myStatus = element.isSelected(): null

27-02-2025T17:35:14 - [TEST_STEP][PASSED] - if (debug): null

27-02-2025T17:35:14 - [TEST_STEP][PASSED] - if (toggle && myStatus && inList): null

27-02-2025T17:35:14 - [TEST_STEP][PASSED] - if (!(myStatus) && inList || myStatus && !(inList)): null

27-02-2025T17:35:14 - [TEST_STEP][PASSED] - myValue = element.getAttribute("value"): null

27-02-2025T17:35:14 - [TEST_STEP][PASSED] - if (debug): null

27-02-2025T17:35:14 - [TEST_STEP][PASSED] - if (myValue.length() >= 4): null

27-02-2025T17:35:14 - [TEST_STEP][PASSED] - if (myValue.substring(0, 4) == "(!) "): null

27-02-2025T17:35:14 - [TEST_STEP][PASSED] - myType = element.getAttribute("type"): null

27-02-2025T17:35:14 - [TEST_STEP][PASSED] - if (myValue in varParms[i]): null

27-02-2025T17:35:14 - [TEST_STEP][PASSED] - else: null

27-02-2025T17:35:14 - [TEST_STEP][PASSED] - inList = false: null

27-02-2025T17:35:14 - [TEST_STEP][PASSED] - if (myType == "checkbox"): null

27-02-2025T17:35:14 - [TEST_STEP][PASSED] - myStatus = element.isSelected(): null

27-02-2025T17:35:14 - [TEST_STEP][PASSED] - if (debug): null

27-02-2025T17:35:14 - [TEST_STEP][PASSED] - if (toggle && myStatus && inList): null

27-02-2025T17:35:14 - [TEST_STEP][PASSED] - if (!(myStatus) && inList || myStatus && !(inList)): null

27-02-2025T17:35:14 - [TEST_STEP][PASSED] - myValue = element.getAttribute("value"): null

27-02-2025T17:35:14 - [TEST_STEP][PASSED] - if (debug): null

27-02-2025T17:35:14 - [TEST_STEP][PASSED] - if (myValue.length() >= 4): null

27-02-2025T17:35:14 - [TEST_STEP][PASSED] - if (myValue.substring(0, 4) == "(!) "): null

27-02-2025T17:35:14 - [TEST_STEP][PASSED] - myType = element.getAttribute("type"): null

27-02-2025T17:35:14 - [TEST_STEP][PASSED] - if (myValue in varParms[i]): null

27-02-2025T17:35:14 - [TEST_STEP][PASSED] - else: null

27-02-2025T17:35:14 - [TEST_STEP][PASSED] - inList = false: null

27-02-2025T17:35:14 - [TEST_STEP][PASSED] - if (myType == "checkbox"): null

27-02-2025T17:35:14 - [TEST_STEP][PASSED] - myStatus = element.isSelected(): null

27-02-2025T17:35:14 - [TEST_STEP][PASSED] - if (debug): null

27-02-2025T17:35:14 - [TEST_STEP][PASSED] - if (toggle && myStatus && inList): null

27-02-2025T17:35:14 - [TEST_STEP][PASSED] - if (!(myStatus) && inList || myStatus && !(inList)): null

27-02-2025T17:35:14 - [TEST_STEP][PASSED] - myValue = element.getAttribute("value"): null

27-02-2025T17:35:14 - [TEST_STEP][PASSED] - if (debug): null

27-02-2025T17:35:14 - [TEST_STEP][PASSED] - if (myValue.length() >= 4): null

27-02-2025T17:35:14 - [TEST_STEP][PASSED] - if (myValue.substring(0, 4) == "(!) "): null

27-02-2025T17:35:14 - [TEST_STEP][PASSED] - myType = element.getAttribute("type"): null

27-02-2025T17:35:14 - [TEST_STEP][PASSED] - if (myValue in varParms[i]): null

27-02-2025T17:35:14 - [TEST_STEP][PASSED] - else: null

27-02-2025T17:35:14 - [TEST_STEP][PASSED] - inList = false: null

27-02-2025T17:35:14 - [TEST_STEP][PASSED] - if (myType == "checkbox"): null

27-02-2025T17:35:14 - [TEST_STEP][PASSED] - myStatus = element.isSelected(): null

27-02-2025T17:35:14 - [TEST_STEP][PASSED] - if (debug): null

27-02-2025T17:35:14 - [TEST_STEP][PASSED] - if (toggle && myStatus && inList): null

27-02-2025T17:35:14 - [TEST_STEP][PASSED] - if (!(myStatus) && inList || myStatus && !(inList)): null

27-02-2025T17:35:14 - [TEST_STEP][PASSED] - myValue = element.getAttribute("value"): null

27-02-2025T17:35:14 - [TEST_STEP][PASSED] - if (debug): null

27-02-2025T17:35:14 - [TEST_STEP][PASSED] - if (myValue.length() >= 4): null

27-02-2025T17:35:14 - [TEST_STEP][PASSED] - if (myValue.substring(0, 4) == "(!) "): null

27-02-2025T17:35:14 - [TEST_STEP][PASSED] - myType = element.getAttribute("type"): null

27-02-2025T17:35:14 - [TEST_STEP][PASSED] - if (myValue in varParms[i]): null

27-02-2025T17:35:14 - [TEST_STEP][PASSED] - else: null

27-02-2025T17:35:14 - [TEST_STEP][PASSED] - inList = false: null

27-02-2025T17:35:14 - [TEST_STEP][PASSED] - if (myType == "checkbox"): null

27-02-2025T17:35:14 - [TEST_STEP][PASSED] - myStatus = element.isSelected(): null

27-02-2025T17:35:14 - [TEST_STEP][PASSED] - if (debug): null

27-02-2025T17:35:14 - [TEST_STEP][PASSED] - if (toggle && myStatus && inList): null

27-02-2025T17:35:14 - [TEST_STEP][PASSED] - if (!(myStatus) && inList || myStatus && !(inList)): null

27-02-2025T17:35:14 - [TEST_STEP][PASSED] - myValue = element.getAttribute("value"): null

27-02-2025T17:35:14 - [TEST_STEP][PASSED] - if (debug): null

27-02-2025T17:35:14 - [TEST_STEP][PASSED] - if (myValue.length() >= 4): null

27-02-2025T17:35:14 - [TEST_STEP][PASSED] - if (myValue.substring(0, 4) == "(!) "): null

27-02-2025T17:35:14 - [TEST_STEP][PASSED] - myType = element.getAttribute("type"): null

27-02-2025T17:35:14 - [TEST_STEP][PASSED] - if (myValue in varParms[i]): null

27-02-2025T17:35:14 - [TEST_STEP][PASSED] - else: null

27-02-2025T17:35:14 - [TEST_STEP][PASSED] - inList = false: null

27-02-2025T17:35:14 - [TEST_STEP][PASSED] - if (myType == "checkbox"): null

27-02-2025T17:35:14 - [TEST_STEP][PASSED] - myStatus = element.isSelected(): null

27-02-2025T17:35:14 - [TEST_STEP][PASSED] - if (debug): null

27-02-2025T17:35:14 - [TEST_STEP][PASSED] - if (toggle && myStatus && inList): null

27-02-2025T17:35:14 - [TEST_STEP][PASSED] - if (!(myStatus) && inList || myStatus && !(inList)): null

27-02-2025T17:35:14 - [TEST_STEP][PASSED] - myValue = element.getAttribute("value"): null

27-02-2025T17:35:14 - [TEST_STEP][PASSED] - if (debug): null

27-02-2025T17:35:14 - [TEST_STEP][PASSED] - if (myValue.length() >= 4): null

27-02-2025T17:35:14 - [TEST_STEP][PASSED] - if (myValue.substring(0, 4) == "(!) "): null

27-02-2025T17:35:14 - [TEST_STEP][PASSED] - myType = element.getAttribute("type"): null

27-02-2025T17:35:14 - [TEST_STEP][PASSED] - if (myValue in varParms[i]): null

27-02-2025T17:35:14 - [TEST_STEP][PASSED] - else: null

27-02-2025T17:35:14 - [TEST_STEP][PASSED] - inList = false: null

27-02-2025T17:35:14 - [TEST_STEP][PASSED] - if (myType == "checkbox"): null

27-02-2025T17:35:14 - [TEST_STEP][PASSED] - myStatus = element.isSelected(): null

27-02-2025T17:35:14 - [TEST_STEP][PASSED] - if (debug): null

27-02-2025T17:35:14 - [TEST_STEP][PASSED] - if (toggle && myStatus && inList): null

27-02-2025T17:35:14 - [TEST_STEP][PASSED] - if (!(myStatus) && inList || myStatus && !(inList)): null

27-02-2025T17:35:14 - [TEST_STEP][PASSED] - myValue = element.getAttribute("value"): null

27-02-2025T17:35:14 - [TEST_STEP][PASSED] - if (debug): null

27-02-2025T17:35:14 - [TEST_STEP][PASSED] - if (myValue.length() >= 4): null

27-02-2025T17:35:14 - [TEST_STEP][PASSED] - if (myValue.substring(0, 4) == "(!) "): null

27-02-2025T17:35:14 - [TEST_STEP][PASSED] - myType = element.getAttribute("type"): null

27-02-2025T17:35:14 - [TEST_STEP][PASSED] - if (myValue in varParms[i]): null

27-02-2025T17:35:14 - [TEST_STEP][PASSED] - else: null

27-02-2025T17:35:14 - [TEST_STEP][PASSED] - inList = false: null

27-02-2025T17:35:14 - [TEST_STEP][PASSED] - if (myType == "checkbox"): null

27-02-2025T17:35:14 - [TEST_STEP][PASSED] - myStatus = element.isSelected(): null

27-02-2025T17:35:14 - [TEST_STEP][PASSED] - if (debug): null

27-02-2025T17:35:14 - [TEST_STEP][PASSED] - if (toggle && myStatus && inList): null

27-02-2025T17:35:14 - [TEST_STEP][PASSED] - if (!(myStatus) && inList || myStatus && !(inList)): null

27-02-2025T17:35:14 - [TEST_STEP][PASSED] - myValue = element.getAttribute("value"): null

27-02-2025T17:35:14 - [TEST_STEP][PASSED] - if (debug): null

27-02-2025T17:35:14 - [TEST_STEP][PASSED] - if (myValue.length() >= 4): null

27-02-2025T17:35:14 - [TEST_STEP][PASSED] - if (myValue.substring(0, 4) == "(!) "): null

27-02-2025T17:35:14 - [TEST_STEP][PASSED] - myType = element.getAttribute("type"): null

27-02-2025T17:35:14 - [TEST_STEP][PASSED] - if (myValue in varParms[i]): null

27-02-2025T17:35:14 - [TEST_STEP][PASSED] - else: null

27-02-2025T17:35:14 - [TEST_STEP][PASSED] - inList = false: null

27-02-2025T17:35:14 - [TEST_STEP][PASSED] - if (myType == "checkbox"): null

27-02-2025T17:35:14 - [TEST_STEP][PASSED] - myStatus = element.isSelected(): null

27-02-2025T17:35:14 - [TEST_STEP][PASSED] - if (debug): null

27-02-2025T17:35:14 - [TEST_STEP][PASSED] - if (toggle && myStatus && inList): null

27-02-2025T17:35:14 - [TEST_STEP][PASSED] - if (!(myStatus) && inList || myStatus && !(inList)): null

27-02-2025T17:35:14 - [TEST_STEP][PASSED] - myValue = element.getAttribute("value"): null

27-02-2025T17:35:14 - [TEST_STEP][PASSED] - if (debug): null

27-02-2025T17:35:14 - [TEST_STEP][PASSED] - if (myValue.length() >= 4): null

27-02-2025T17:35:14 - [TEST_STEP][PASSED] - if (myValue.substring(0, 4) == "(!) "): null

27-02-2025T17:35:14 - [TEST_STEP][PASSED] - myType = element.getAttribute("type"): null

27-02-2025T17:35:14 - [TEST_STEP][PASSED] - if (myValue in varParms[i]): null

27-02-2025T17:35:14 - [TEST_STEP][PASSED] - else: null

27-02-2025T17:35:14 - [TEST_STEP][PASSED] - inList = false: null

27-02-2025T17:35:14 - [TEST_STEP][PASSED] - if (myType == "checkbox"): null

27-02-2025T17:35:14 - [TEST_STEP][PASSED] - myStatus = element.isSelected(): null

27-02-2025T17:35:14 - [TEST_STEP][PASSED] - if (debug): null

27-02-2025T17:35:14 - [TEST_STEP][PASSED] - if (toggle && myStatus && inList): null

27-02-2025T17:35:14 - [TEST_STEP][PASSED] - if (!(myStatus) && inList || myStatus && !(inList)): null

27-02-2025T17:35:14 - [TEST_STEP][PASSED] - myValue = element.getAttribute("value"): null

27-02-2025T17:35:14 - [TEST_STEP][PASSED] - if (debug): null

27-02-2025T17:35:14 - [TEST_STEP][PASSED] - if (myValue.length() >= 4): null

27-02-2025T17:35:14 - [TEST_STEP][PASSED] - if (myValue.substring(0, 4) == "(!) "): null

27-02-2025T17:35:14 - [TEST_STEP][PASSED] - myType = element.getAttribute("type"): null

27-02-2025T17:35:14 - [TEST_STEP][PASSED] - if (myValue in varParms[i]): null

27-02-2025T17:35:14 - [TEST_STEP][PASSED] - else: null

27-02-2025T17:35:14 - [TEST_STEP][PASSED] - inList = false: null

27-02-2025T17:35:14 - [TEST_STEP][PASSED] - if (myType == "checkbox"): null

27-02-2025T17:35:14 - [TEST_STEP][PASSED] - myStatus = element.isSelected(): null

27-02-2025T17:35:14 - [TEST_STEP][PASSED] - if (debug): null

27-02-2025T17:35:14 - [TEST_STEP][PASSED] - if (toggle && myStatus && inList): null

27-02-2025T17:35:14 - [TEST_STEP][PASSED] - if (!(myStatus) && inList || myStatus && !(inList)): null

27-02-2025T17:35:14 - [TEST_STEP][PASSED] - myValue = element.getAttribute("value"): null

27-02-2025T17:35:14 - [TEST_STEP][PASSED] - if (debug): null

27-02-2025T17:35:14 - [TEST_STEP][PASSED] - if (myValue.length() >= 4): null

27-02-2025T17:35:14 - [TEST_STEP][PASSED] - if (myValue.substring(0, 4) == "(!) "): null

27-02-2025T17:35:14 - [TEST_STEP][PASSED] - myType = element.getAttribute("type"): null

27-02-2025T17:35:14 - [TEST_STEP][PASSED] - if (myValue in varParms[i]): null

27-02-2025T17:35:14 - [TEST_STEP][PASSED] - else: null

27-02-2025T17:35:14 - [TEST_STEP][PASSED] - inList = false: null

27-02-2025T17:35:14 - [TEST_STEP][PASSED] - if (myType == "checkbox"): null

27-02-2025T17:35:14 - [TEST_STEP][PASSED] - myStatus = element.isSelected(): null

27-02-2025T17:35:14 - [TEST_STEP][PASSED] - if (debug): null

27-02-2025T17:35:14 - [TEST_STEP][PASSED] - if (toggle && myStatus && inList): null

27-02-2025T17:35:14 - [TEST_STEP][PASSED] - if (!(myStatus) && inList || myStatus && !(inList)): null

27-02-2025T17:35:14 - [TEST_STEP][PASSED] - myValue = element.getAttribute("value"): null

27-02-2025T17:35:14 - [TEST_STEP][PASSED] - if (debug): null

27-02-2025T17:35:14 - [TEST_STEP][PASSED] - if (myValue.length() >= 4): null

27-02-2025T17:35:14 - [TEST_STEP][PASSED] - if (myValue.substring(0, 4) == "(!) "): null

27-02-2025T17:35:14 - [TEST_STEP][PASSED] - myType = element.getAttribute("type"): null

27-02-2025T17:35:14 - [TEST_STEP][PASSED] - if (myValue in varParms[i]): null

27-02-2025T17:35:14 - [TEST_STEP][PASSED] - else: null

27-02-2025T17:35:14 - [TEST_STEP][PASSED] - inList = false: null

27-02-2025T17:35:14 - [TEST_STEP][PASSED] - if (myType == "checkbox"): null

27-02-2025T17:35:14 - [TEST_STEP][PASSED] - myStatus = element.isSelected(): null

27-02-2025T17:35:14 - [TEST_STEP][PASSED] - if (debug): null

27-02-2025T17:35:14 - [TEST_STEP][PASSED] - if (toggle && myStatus && inList): null

27-02-2025T17:35:14 - [TEST_STEP][PASSED] - if (!(myStatus) && inList || myStatus && !(inList)): null

27-02-2025T17:35:14 - [TEST_STEP][PASSED] - myValue = element.getAttribute("value"): null

27-02-2025T17:35:14 - [TEST_STEP][PASSED] - if (debug): null

27-02-2025T17:35:14 - [TEST_STEP][PASSED] - if (myValue.length() >= 4): null

27-02-2025T17:35:14 - [TEST_STEP][PASSED] - if (myValue.substring(0, 4) == "(!) "): null

27-02-2025T17:35:14 - [TEST_STEP][PASSED] - myType = element.getAttribute("type"): null

27-02-2025T17:35:14 - [TEST_STEP][PASSED] - if (myValue in varParms[i]): null

27-02-2025T17:35:14 - [TEST_STEP][PASSED] - else: null

27-02-2025T17:35:14 - [TEST_STEP][PASSED] - inList = false: null

27-02-2025T17:35:14 - [TEST_STEP][PASSED] - if (myType == "checkbox"): null

27-02-2025T17:35:14 - [TEST_STEP][PASSED] - myStatus = element.isSelected(): null

27-02-2025T17:35:14 - [TEST_STEP][PASSED] - if (debug): null

27-02-2025T17:35:14 - [TEST_STEP][PASSED] - if (toggle && myStatus && inList): null

27-02-2025T17:35:14 - [TEST_STEP][PASSED] - if (!(myStatus) && inList || myStatus && !(inList)): null

27-02-2025T17:35:14 - [TEST_STEP][PASSED] - myValue = element.getAttribute("value"): null

27-02-2025T17:35:14 - [TEST_STEP][PASSED] - if (debug): null

27-02-2025T17:35:14 - [TEST_STEP][PASSED] - if (myValue.length() >= 4): null

27-02-2025T17:35:14 - [TEST_STEP][PASSED] - if (myValue.substring(0, 4) == "(!) "): null

27-02-2025T17:35:14 - [TEST_STEP][PASSED] - myType = element.getAttribute("type"): null

27-02-2025T17:35:14 - [TEST_STEP][PASSED] - if (myValue in varParms[i]): null

27-02-2025T17:35:14 - [TEST_STEP][PASSED] - else: null

27-02-2025T17:35:14 - [TEST_STEP][PASSED] - inList = false: null

27-02-2025T17:35:14 - [TEST_STEP][PASSED] - if (myType == "checkbox"): null

27-02-2025T17:35:14 - [TEST_STEP][PASSED] - myStatus = element.isSelected(): null

27-02-2025T17:35:14 - [TEST_STEP][PASSED] - if (debug): null

27-02-2025T17:35:14 - [TEST_STEP][PASSED] - if (toggle && myStatus && inList): null

27-02-2025T17:35:14 - [TEST_STEP][PASSED] - if (!(myStatus) && inList || myStatus && !(inList)): null

27-02-2025T17:35:14 - [TEST_STEP][PASSED] - myValue = element.getAttribute("value"): null

27-02-2025T17:35:14 - [TEST_STEP][PASSED] - if (debug): null

27-02-2025T17:35:14 - [TEST_STEP][PASSED] - if (myValue.length() >= 4): null

27-02-2025T17:35:14 - [TEST_STEP][PASSED] - if (myValue.substring(0, 4) == "(!) "): null

27-02-2025T17:35:14 - [TEST_STEP][PASSED] - myType = element.getAttribute("type"): null

27-02-2025T17:35:14 - [TEST_STEP][PASSED] - if (myValue in varParms[i]): null

27-02-2025T17:35:14 - [TEST_STEP][PASSED] - else: null

27-02-2025T17:35:14 - [TEST_STEP][PASSED] - inList = false: null

27-02-2025T17:35:14 - [TEST_STEP][PASSED] - if (myType == "checkbox"): null

27-02-2025T17:35:14 - [TEST_STEP][PASSED] - myStatus = element.isSelected(): null

27-02-2025T17:35:14 - [TEST_STEP][PASSED] - if (debug): null

27-02-2025T17:35:14 - [TEST_STEP][PASSED] - if (toggle && myStatus && inList): null

27-02-2025T17:35:14 - [TEST_STEP][PASSED] - if (!(myStatus) && inList || myStatus && !(inList)): null

27-02-2025T17:35:14 - [TEST_STEP][PASSED] - myValue = element.getAttribute("value"): null

27-02-2025T17:35:14 - [TEST_STEP][PASSED] - if (debug): null

27-02-2025T17:35:14 - [TEST_STEP][PASSED] - if (myValue.length() >= 4): null

27-02-2025T17:35:14 - [TEST_STEP][PASSED] - if (myValue.substring(0, 4) == "(!) "): null

27-02-2025T17:35:14 - [TEST_STEP][PASSED] - myType = element.getAttribute("type"): null

27-02-2025T17:35:14 - [TEST_STEP][PASSED] - if (myValue in varParms[i]): null

27-02-2025T17:35:14 - [TEST_STEP][PASSED] - else: null

27-02-2025T17:35:14 - [TEST_STEP][PASSED] - inList = false: null

27-02-2025T17:35:14 - [TEST_STEP][PASSED] - if (myType == "checkbox"): null

27-02-2025T17:35:14 - [TEST_STEP][PASSED] - myStatus = element.isSelected(): null

27-02-2025T17:35:14 - [TEST_STEP][PASSED] - if (debug): null

27-02-2025T17:35:14 - [TEST_STEP][PASSED] - if (toggle && myStatus && inList): null

27-02-2025T17:35:14 - [TEST_STEP][PASSED] - if (!(myStatus) && inList || myStatus && !(inList)): null

27-02-2025T17:35:14 - [TEST_STEP][PASSED] - myValue = element.getAttribute("value"): null

27-02-2025T17:35:14 - [TEST_STEP][PASSED] - if (debug): null

27-02-2025T17:35:14 - [TEST_STEP][PASSED] - if (myValue.length() >= 4): null

27-02-2025T17:35:14 - [TEST_STEP][PASSED] - if (myValue.substring(0, 4) == "(!) "): null

27-02-2025T17:35:14 - [TEST_STEP][PASSED] - myType = element.getAttribute("type"): null

27-02-2025T17:35:14 - [TEST_STEP][PASSED] - if (myValue in varParms[i]): null

27-02-2025T17:35:14 - [TEST_STEP][PASSED] - else: null

27-02-2025T17:35:14 - [TEST_STEP][PASSED] - inList = false: null

27-02-2025T17:35:14 - [TEST_STEP][PASSED] - if (myType == "checkbox"): null

27-02-2025T17:35:14 - [TEST_STEP][PASSED] - myStatus = element.isSelected(): null

27-02-2025T17:35:14 - [TEST_STEP][PASSED] - if (debug): null

27-02-2025T17:35:14 - [TEST_STEP][PASSED] - if (toggle && myStatus && inList): null

27-02-2025T17:35:14 - [TEST_STEP][PASSED] - if (!(myStatus) && inList || myStatus && !(inList)): null

27-02-2025T17:35:14 - [TEST_STEP][PASSED] - myValue = element.getAttribute("value"): null

27-02-2025T17:35:14 - [TEST_STEP][PASSED] - if (debug): null

27-02-2025T17:35:14 - [TEST_STEP][PASSED] - if (myValue.length() >= 4): null

27-02-2025T17:35:14 - [TEST_STEP][PASSED] - if (myValue.substring(0, 4) == "(!) "): null

27-02-2025T17:35:14 - [TEST_STEP][PASSED] - myType = element.getAttribute("type"): null

27-02-2025T17:35:14 - [TEST_STEP][PASSED] - if (myValue in varParms[i]): null

27-02-2025T17:35:14 - [TEST_STEP][PASSED] - inList = true: null

27-02-2025T17:35:14 - [TEST_STEP][PASSED] - if (myType == "checkbox"): null

27-02-2025T17:35:14 - [TEST_STEP][PASSED] - myStatus = element.isSelected(): null

27-02-2025T17:35:14 - [TEST_STEP][PASSED] - if (debug): null

27-02-2025T17:35:14 - [TEST_STEP][PASSED] - if (toggle && myStatus && inList): null

27-02-2025T17:35:14 - [TEST_STEP][PASSED] - if (!(myStatus) && inList || myStatus && !(inList)): null

27-02-2025T17:35:14 - [TEST_STEP][PASSED] - if (debug): null

27-02-2025T17:35:14 - [TEST_STEP][PASSED] - println("Clicking " + myValue): null

27-02-2025T17:35:14 - [TEST_STEP][PASSED] - click(element): null

27-02-2025T17:35:14 - [TEST_STEP][PASSED] - scrollToObject(elem): null

27-02-2025T17:35:14 - [TEST_STEP][PASSED] - loc = element.getLocation(): null

27-02-2025T17:35:14 - [TEST_STEP][PASSED] - if (debug): null

27-02-2025T17:35:14 - [TEST_STEP][PASSED] - y = loc.getY(): null

27-02-2025T17:35:14 - [TEST_STEP][PASSED] - println("Y location is " + y): null

27-02-2025T17:35:14 - [TEST_STEP][PASSED] - top = getViewportTopPosition(): Current viewport's top (y) position is 971

27-02-2025T17:35:14 - [MESSAGE][PASSED] - Current viewport's top (y) position is 971

27-02-2025T17:35:14 - [TEST_STEP][PASSED] - println("Viewport top is " + top): null

27-02-2025T17:35:14 - [TEST_STEP][PASSED] - bottom = top + 600: null

27-02-2025T17:35:14 - [TEST_STEP][PASSED] - if (y - top < 150 || bottom - y < 10): null

27-02-2025T17:35:14 - [TEST_STEP][PASSED] - elem.click(): null

27-02-2025T17:35:14 - [TEST_STEP][PASSED] - myValue = element.getAttribute("value"): null

27-02-2025T17:35:14 - [TEST_STEP][PASSED] - if (debug): null

27-02-2025T17:35:14 - [TEST_STEP][PASSED] - if (myValue.length() >= 4): null

27-02-2025T17:35:14 - [TEST_STEP][PASSED] - if (myValue.substring(0, 4) == "(!) "): null

27-02-2025T17:35:14 - [TEST_STEP][PASSED] - myType = element.getAttribute("type"): null

27-02-2025T17:35:14 - [TEST_STEP][PASSED] - if (myValue in varParms[i]): null

27-02-2025T17:35:14 - [TEST_STEP][PASSED] - else: null

27-02-2025T17:35:14 - [TEST_STEP][PASSED] - inList = false: null

27-02-2025T17:35:14 - [TEST_STEP][PASSED] - if (myType == "checkbox"): null

27-02-2025T17:35:14 - [TEST_STEP][PASSED] - myStatus = element.isSelected(): null

27-02-2025T17:35:14 - [TEST_STEP][PASSED] - if (debug): null

27-02-2025T17:35:14 - [TEST_STEP][PASSED] - if (toggle && myStatus && inList): null

27-02-2025T17:35:14 - [TEST_STEP][PASSED] - if (!(myStatus) && inList || myStatus && !(inList)): null

27-02-2025T17:35:14 - [TEST_STEP][PASSED] - myValue = element.getAttribute("value"): null

27-02-2025T17:35:14 - [TEST_STEP][PASSED] - if (debug): null

27-02-2025T17:35:14 - [TEST_STEP][PASSED] - if (myValue.length() >= 4): null

27-02-2025T17:35:14 - [TEST_STEP][PASSED] - if (myValue.substring(0, 4) == "(!) "): null

27-02-2025T17:35:14 - [TEST_STEP][PASSED] - myType = element.getAttribute("type"): null

27-02-2025T17:35:14 - [TEST_STEP][PASSED] - if (myValue in varParms[i]): null

27-02-2025T17:35:14 - [TEST_STEP][PASSED] - inList = true: null

27-02-2025T17:35:14 - [TEST_STEP][PASSED] - if (myType == "checkbox"): null

27-02-2025T17:35:14 - [TEST_STEP][PASSED] - myStatus = element.isSelected(): null

27-02-2025T17:35:14 - [TEST_STEP][PASSED] - if (debug): null

27-02-2025T17:35:14 - [TEST_STEP][PASSED] - if (toggle && myStatus && inList): null

27-02-2025T17:35:14 - [TEST_STEP][PASSED] - if (!(myStatus) && inList || myStatus && !(inList)): null

27-02-2025T17:35:14 - [TEST_STEP][PASSED] - if (debug): null

27-02-2025T17:35:14 - [TEST_STEP][PASSED] - println("Clicking " + myValue): null

27-02-2025T17:35:14 - [TEST_STEP][PASSED] - click(element): null

27-02-2025T17:35:14 - [TEST_STEP][PASSED] - scrollToObject(elem): null

27-02-2025T17:35:14 - [TEST_STEP][PASSED] - loc = element.getLocation(): null

27-02-2025T17:35:14 - [TEST_STEP][PASSED] - if (debug): null

27-02-2025T17:35:14 - [TEST_STEP][PASSED] - y = loc.getY(): null

27-02-2025T17:35:14 - [TEST_STEP][PASSED] - println("Y location is " + y): null

27-02-2025T17:35:14 - [TEST_STEP][PASSED] - top = getViewportTopPosition(): Current viewport's top (y) position is 971

27-02-2025T17:35:14 - [MESSAGE][PASSED] - Current viewport's top (y) position is 971

27-02-2025T17:35:14 - [TEST_STEP][PASSED] - println("Viewport top is " + top): null

27-02-2025T17:35:14 - [TEST_STEP][PASSED] - bottom = top + 600: null

27-02-2025T17:35:14 - [TEST_STEP][PASSED] - if (y - top < 150 || bottom - y < 10): null

27-02-2025T17:35:14 - [TEST_STEP][PASSED] - elem.click(): null

27-02-2025T17:35:14 - [TEST_STEP][PASSED] - myValue = element.getAttribute("value"): null

27-02-2025T17:35:14 - [TEST_STEP][PASSED] - if (debug): null

27-02-2025T17:35:14 - [TEST_STEP][PASSED] - if (myValue.length() >= 4): null

27-02-2025T17:35:14 - [TEST_STEP][PASSED] - if (myValue.substring(0, 4) == "(!) "): null

27-02-2025T17:35:14 - [TEST_STEP][PASSED] - myType = element.getAttribute("type"): null

27-02-2025T17:35:14 - [TEST_STEP][PASSED] - if (myValue in varParms[i]): null

27-02-2025T17:35:14 - [TEST_STEP][PASSED] - else: null

27-02-2025T17:35:14 - [TEST_STEP][PASSED] - inList = false: null

27-02-2025T17:35:14 - [TEST_STEP][PASSED] - if (myType == "checkbox"): null

27-02-2025T17:35:14 - [TEST_STEP][PASSED] - myStatus = element.isSelected(): null

27-02-2025T17:35:14 - [TEST_STEP][PASSED] - if (debug): null

27-02-2025T17:35:14 - [TEST_STEP][PASSED] - if (toggle && myStatus && inList): null

27-02-2025T17:35:14 - [TEST_STEP][PASSED] - if (!(myStatus) && inList || myStatus && !(inList)): null

27-02-2025T17:35:14 - [TEST_STEP][PASSED] - myValue = element.getAttribute("value"): null

27-02-2025T17:35:14 - [TEST_STEP][PASSED] - if (debug): null

27-02-2025T17:35:14 - [TEST_STEP][PASSED] - if (myValue.length() >= 4): null

27-02-2025T17:35:14 - [TEST_STEP][PASSED] - if (myValue.substring(0, 4) == "(!) "): null

27-02-2025T17:35:14 - [TEST_STEP][PASSED] - myType = element.getAttribute("type"): null

27-02-2025T17:35:14 - [TEST_STEP][PASSED] - if (myValue in varParms[i]): null

27-02-2025T17:35:14 - [TEST_STEP][PASSED] - else: null

27-02-2025T17:35:14 - [TEST_STEP][PASSED] - inList = false: null

27-02-2025T17:35:14 - [TEST_STEP][PASSED] - if (myType == "checkbox"): null

27-02-2025T17:35:14 - [TEST_STEP][PASSED] - myStatus = element.isSelected(): null

27-02-2025T17:35:14 - [TEST_STEP][PASSED] - if (debug): null

27-02-2025T17:35:14 - [TEST_STEP][PASSED] - if (toggle && myStatus && inList): null

27-02-2025T17:35:14 - [TEST_STEP][PASSED] - if (!(myStatus) && inList || myStatus && !(inList)): null

27-02-2025T17:35:14 - [TEST_STEP][PASSED] - myValue = element.getAttribute("value"): null

27-02-2025T17:35:14 - [TEST_STEP][PASSED] - if (debug): null

27-02-2025T17:35:14 - [TEST_STEP][PASSED] - if (myValue.length() >= 4): null

27-02-2025T17:35:14 - [TEST_STEP][PASSED] - if (myValue.substring(0, 4) == "(!) "): null

27-02-2025T17:35:14 - [TEST_STEP][PASSED] - myType = element.getAttribute("type"): null

27-02-2025T17:35:14 - [TEST_STEP][PASSED] - if (myValue in varParms[i]): null

27-02-2025T17:35:14 - [TEST_STEP][PASSED] - else: null

27-02-2025T17:35:14 - [TEST_STEP][PASSED] - inList = false: null

27-02-2025T17:35:14 - [TEST_STEP][PASSED] - if (myType == "checkbox"): null

27-02-2025T17:35:14 - [TEST_STEP][PASSED] - myStatus = element.isSelected(): null

27-02-2025T17:35:14 - [TEST_STEP][PASSED] - if (debug): null

27-02-2025T17:35:14 - [TEST_STEP][PASSED] - if (toggle && myStatus && inList): null

27-02-2025T17:35:14 - [TEST_STEP][PASSED] - if (!(myStatus) && inList || myStatus && !(inList)): null

27-02-2025T17:35:14 - [TEST_STEP][PASSED] - myValue = element.getAttribute("value"): null

27-02-2025T17:35:14 - [TEST_STEP][PASSED] - if (debug): null

27-02-2025T17:35:14 - [TEST_STEP][PASSED] - if (myValue.length() >= 4): null

27-02-2025T17:35:14 - [TEST_STEP][PASSED] - if (myValue.substring(0, 4) == "(!) "): null

27-02-2025T17:35:14 - [TEST_STEP][PASSED] - myType = element.getAttribute("type"): null

27-02-2025T17:35:14 - [TEST_STEP][PASSED] - if (myValue in varParms[i]): null

27-02-2025T17:35:14 - [TEST_STEP][PASSED] - else: null

27-02-2025T17:35:14 - [TEST_STEP][PASSED] - inList = false: null

27-02-2025T17:35:14 - [TEST_STEP][PASSED] - if (myType == "checkbox"): null

27-02-2025T17:35:14 - [TEST_STEP][PASSED] - myStatus = element.isSelected(): null

27-02-2025T17:35:14 - [TEST_STEP][PASSED] - if (debug): null

27-02-2025T17:35:14 - [TEST_STEP][PASSED] - if (toggle && myStatus && inList): null

27-02-2025T17:35:14 - [TEST_STEP][PASSED] - if (!(myStatus) && inList || myStatus && !(inList)): null

27-02-2025T17:35:14 - [TEST_STEP][PASSED] - myValue = element.getAttribute("value"): null

27-02-2025T17:35:14 - [TEST_STEP][PASSED] - if (debug): null

27-02-2025T17:35:14 - [TEST_STEP][PASSED] - if (myValue.length() >= 4): null

27-02-2025T17:35:14 - [TEST_STEP][PASSED] - if (myValue.substring(0, 4) == "(!) "): null

27-02-2025T17:35:14 - [TEST_STEP][PASSED] - myType = element.getAttribute("type"): null

27-02-2025T17:35:14 - [TEST_STEP][PASSED] - if (myValue in varParms[i]): null

27-02-2025T17:35:14 - [TEST_STEP][PASSED] - else: null

27-02-2025T17:35:14 - [TEST_STEP][PASSED] - inList = false: null

27-02-2025T17:35:14 - [TEST_STEP][PASSED] - if (myType == "checkbox"): null

27-02-2025T17:35:14 - [TEST_STEP][PASSED] - myStatus = element.isSelected(): null

27-02-2025T17:35:14 - [TEST_STEP][PASSED] - if (debug): null

27-02-2025T17:35:14 - [TEST_STEP][PASSED] - if (toggle && myStatus && inList): null

27-02-2025T17:35:14 - [TEST_STEP][PASSED] - if (!(myStatus) && inList || myStatus && !(inList)): null

27-02-2025T17:35:14 - [TEST_STEP][PASSED] - myValue = element.getAttribute("value"): null

27-02-2025T17:35:14 - [TEST_STEP][PASSED] - if (debug): null

27-02-2025T17:35:14 - [TEST_STEP][PASSED] - if (myValue.length() >= 4): null

27-02-2025T17:35:14 - [TEST_STEP][PASSED] - if (myValue.substring(0, 4) == "(!) "): null

27-02-2025T17:35:14 - [TEST_STEP][PASSED] - myType = element.getAttribute("type"): null

27-02-2025T17:35:14 - [TEST_STEP][PASSED] - if (myValue in varParms[i]): null

27-02-2025T17:35:14 - [TEST_STEP][PASSED] - else: null

27-02-2025T17:35:14 - [TEST_STEP][PASSED] - inList = false: null

27-02-2025T17:35:14 - [TEST_STEP][PASSED] - if (myType == "checkbox"): null

27-02-2025T17:35:14 - [TEST_STEP][PASSED] - myStatus = element.isSelected(): null

27-02-2025T17:35:14 - [TEST_STEP][PASSED] - if (debug): null

27-02-2025T17:35:14 - [TEST_STEP][PASSED] - if (toggle && myStatus && inList): null

27-02-2025T17:35:14 - [TEST_STEP][PASSED] - if (!(myStatus) && inList || myStatus && !(inList)): null

27-02-2025T17:35:14 - [TEST_STEP][PASSED] - myValue = element.getAttribute("value"): null

27-02-2025T17:35:14 - [TEST_STEP][PASSED] - if (debug): null

27-02-2025T17:35:14 - [TEST_STEP][PASSED] - if (myValue.length() >= 4): null

27-02-2025T17:35:14 - [TEST_STEP][PASSED] - if (myValue.substring(0, 4) == "(!) "): null

27-02-2025T17:35:14 - [TEST_STEP][PASSED] - myType = element.getAttribute("type"): null

27-02-2025T17:35:14 - [TEST_STEP][PASSED] - if (myValue in varParms[i]): null

27-02-2025T17:35:14 - [TEST_STEP][PASSED] - inList = true: null

27-02-2025T17:35:14 - [TEST_STEP][PASSED] - if (myType == "checkbox"): null

27-02-2025T17:35:14 - [TEST_STEP][PASSED] - myStatus = element.isSelected(): null

27-02-2025T17:35:14 - [TEST_STEP][PASSED] - if (debug): null

27-02-2025T17:35:14 - [TEST_STEP][PASSED] - if (toggle && myStatus && inList): null

27-02-2025T17:35:14 - [TEST_STEP][PASSED] - if (!(myStatus) && inList || myStatus && !(inList)): null

27-02-2025T17:35:14 - [TEST_STEP][PASSED] - if (debug): null

27-02-2025T17:35:14 - [TEST_STEP][PASSED] - println("Clicking " + myValue): null

27-02-2025T17:35:14 - [TEST_STEP][PASSED] - click(element): null

27-02-2025T17:35:14 - [TEST_STEP][PASSED] - scrollToObject(elem): null

27-02-2025T17:35:14 - [TEST_STEP][PASSED] - loc = element.getLocation(): null

27-02-2025T17:35:14 - [TEST_STEP][PASSED] - if (debug): null

27-02-2025T17:35:14 - [TEST_STEP][PASSED] - y = loc.getY(): null

27-02-2025T17:35:14 - [TEST_STEP][PASSED] - println("Y location is " + y): null

27-02-2025T17:35:14 - [TEST_STEP][PASSED] - top = getViewportTopPosition(): Current viewport's top (y) position is 971

27-02-2025T17:35:14 - [MESSAGE][PASSED] - Current viewport's top (y) position is 971

27-02-2025T17:35:14 - [TEST_STEP][PASSED] - println("Viewport top is " + top): null

27-02-2025T17:35:14 - [TEST_STEP][PASSED] - bottom = top + 600: null

27-02-2025T17:35:14 - [TEST_STEP][PASSED] - if (y - top < 150 || bottom - y < 10): Delayed 1 second(s)

27-02-2025T17:35:14 - [TEST_STEP][PASSED] - scrollToPosition(0, y - 150): Browser is scrolled to position x = 0, y = 1444

27-02-2025T17:35:14 - [MESSAGE][PASSED] - Browser is scrolled to position x = 0, y = 1444

27-02-2025T17:35:14 - [TEST_STEP][PASSED] - delay(1): Delayed 1 second(s)

27-02-2025T17:35:15 - [MESSAGE][PASSED] - Delayed 1 second(s)

27-02-2025T17:35:15 - [TEST_STEP][PASSED] - elem.click(): null

27-02-2025T17:35:15 - [TEST_STEP][PASSED] - myValue = element.getAttribute("value"): null

27-02-2025T17:35:15 - [TEST_STEP][PASSED] - if (debug): null

27-02-2025T17:35:15 - [TEST_STEP][PASSED] - if (myValue.length() >= 4): null

27-02-2025T17:35:15 - [TEST_STEP][PASSED] - if (myValue.substring(0, 4) == "(!) "): null

27-02-2025T17:35:15 - [TEST_STEP][PASSED] - myType = element.getAttribute("type"): null

27-02-2025T17:35:15 - [TEST_STEP][PASSED] - if (myValue in varParms[i]): null

27-02-2025T17:35:15 - [TEST_STEP][PASSED] - else: null

27-02-2025T17:35:15 - [TEST_STEP][PASSED] - inList = false: null

27-02-2025T17:35:15 - [TEST_STEP][PASSED] - if (myType == "checkbox"): null

27-02-2025T17:35:15 - [TEST_STEP][PASSED] - myStatus = element.isSelected(): null

27-02-2025T17:35:15 - [TEST_STEP][PASSED] - if (debug): null

27-02-2025T17:35:15 - [TEST_STEP][PASSED] - if (toggle && myStatus && inList): null

27-02-2025T17:35:15 - [TEST_STEP][PASSED] - if (!(myStatus) && inList || myStatus && !(inList)): null

27-02-2025T17:35:15 - [TEST_STEP][PASSED] - myValue = element.getAttribute("value"): null

27-02-2025T17:35:15 - [TEST_STEP][PASSED] - if (debug): null

27-02-2025T17:35:15 - [TEST_STEP][PASSED] - if (myValue.length() >= 4): null

27-02-2025T17:35:15 - [TEST_STEP][PASSED] - if (myValue.substring(0, 4) == "(!) "): null

27-02-2025T17:35:15 - [TEST_STEP][PASSED] - myType = element.getAttribute("type"): null

27-02-2025T17:35:15 - [TEST_STEP][PASSED] - if (myValue in varParms[i]): null

27-02-2025T17:35:15 - [TEST_STEP][PASSED] - else: null

27-02-2025T17:35:15 - [TEST_STEP][PASSED] - inList = false: null

27-02-2025T17:35:15 - [TEST_STEP][PASSED] - if (myType == "checkbox"): null

27-02-2025T17:35:15 - [TEST_STEP][PASSED] - myStatus = element.isSelected(): null

27-02-2025T17:35:15 - [TEST_STEP][PASSED] - if (debug): null

27-02-2025T17:35:15 - [TEST_STEP][PASSED] - if (toggle && myStatus && inList): null

27-02-2025T17:35:15 - [TEST_STEP][PASSED] - if (!(myStatus) && inList || myStatus && !(inList)): null

27-02-2025T17:35:15 - [TEST_STEP][PASSED] - myValue = element.getAttribute("value"): null

27-02-2025T17:35:15 - [TEST_STEP][PASSED] - if (debug): null

27-02-2025T17:35:15 - [TEST_STEP][PASSED] - if (myValue.length() >= 4): null

27-02-2025T17:35:15 - [TEST_STEP][PASSED] - if (myValue.substring(0, 4) == "(!) "): null

27-02-2025T17:35:15 - [TEST_STEP][PASSED] - myType = element.getAttribute("type"): null

27-02-2025T17:35:15 - [TEST_STEP][PASSED] - if (myValue in varParms[i]): null

27-02-2025T17:35:15 - [TEST_STEP][PASSED] - else: null

27-02-2025T17:35:15 - [TEST_STEP][PASSED] - inList = false: null

27-02-2025T17:35:15 - [TEST_STEP][PASSED] - if (myType == "checkbox"): null

27-02-2025T17:35:15 - [TEST_STEP][PASSED] - myStatus = element.isSelected(): null

27-02-2025T17:35:15 - [TEST_STEP][PASSED] - if (debug): null

27-02-2025T17:35:15 - [TEST_STEP][PASSED] - if (toggle && myStatus && inList): null

27-02-2025T17:35:15 - [TEST_STEP][PASSED] - if (!(myStatus) && inList || myStatus && !(inList)): null

27-02-2025T17:35:15 - [TEST_STEP][PASSED] - myValue = element.getAttribute("value"): null

27-02-2025T17:35:15 - [TEST_STEP][PASSED] - if (debug): null

27-02-2025T17:35:15 - [TEST_STEP][PASSED] - if (myValue.length() >= 4): null

27-02-2025T17:35:15 - [TEST_STEP][PASSED] - if (myValue.substring(0, 4) == "(!) "): null

27-02-2025T17:35:15 - [TEST_STEP][PASSED] - myType = element.getAttribute("type"): null

27-02-2025T17:35:15 - [TEST_STEP][PASSED] - if (myValue in varParms[i]): null

27-02-2025T17:35:15 - [TEST_STEP][PASSED] - else: null

27-02-2025T17:35:15 - [TEST_STEP][PASSED] - inList = false: null

27-02-2025T17:35:15 - [TEST_STEP][PASSED] - if (myType == "checkbox"): null

27-02-2025T17:35:15 - [TEST_STEP][PASSED] - myStatus = element.isSelected(): null

27-02-2025T17:35:15 - [TEST_STEP][PASSED] - if (debug): null

27-02-2025T17:35:15 - [TEST_STEP][PASSED] - if (toggle && myStatus && inList): null

27-02-2025T17:35:15 - [TEST_STEP][PASSED] - if (!(myStatus) && inList || myStatus && !(inList)): null

27-02-2025T17:35:15 - [TEST_STEP][PASSED] - myValue = element.getAttribute("value"): null

27-02-2025T17:35:15 - [TEST_STEP][PASSED] - if (debug): null

27-02-2025T17:35:15 - [TEST_STEP][PASSED] - if (myValue.length() >= 4): null

27-02-2025T17:35:15 - [TEST_STEP][PASSED] - if (myValue.substring(0, 4) == "(!) "): null

27-02-2025T17:35:15 - [TEST_STEP][PASSED] - myType = element.getAttribute("type"): null

27-02-2025T17:35:15 - [TEST_STEP][PASSED] - if (myValue in varParms[i]): null

27-02-2025T17:35:15 - [TEST_STEP][PASSED] - else: null

27-02-2025T17:35:15 - [TEST_STEP][PASSED] - inList = false: null

27-02-2025T17:35:15 - [TEST_STEP][PASSED] - if (myType == "checkbox"): null

27-02-2025T17:35:15 - [TEST_STEP][PASSED] - myStatus = element.isSelected(): null

27-02-2025T17:35:15 - [TEST_STEP][PASSED] - if (debug): null

27-02-2025T17:35:15 - [TEST_STEP][PASSED] - if (toggle && myStatus && inList): null

27-02-2025T17:35:15 - [TEST_STEP][PASSED] - if (!(myStatus) && inList || myStatus && !(inList)): null

27-02-2025T17:35:15 - [TEST_STEP][PASSED] - myValue = element.getAttribute("value"): null

27-02-2025T17:35:15 - [TEST_STEP][PASSED] - if (debug): null

27-02-2025T17:35:15 - [TEST_STEP][PASSED] - if (myValue.length() >= 4): null

27-02-2025T17:35:15 - [TEST_STEP][PASSED] - if (myValue.substring(0, 4) == "(!) "): null

27-02-2025T17:35:15 - [TEST_STEP][PASSED] - myType = element.getAttribute("type"): null

27-02-2025T17:35:15 - [TEST_STEP][PASSED] - if (myValue in varParms[i]): null

27-02-2025T17:35:15 - [TEST_STEP][PASSED] - else: null

27-02-2025T17:35:15 - [TEST_STEP][PASSED] - inList = false: null

27-02-2025T17:35:15 - [TEST_STEP][PASSED] - if (myType == "checkbox"): null

27-02-2025T17:35:15 - [TEST_STEP][PASSED] - myStatus = element.isSelected(): null

27-02-2025T17:35:15 - [TEST_STEP][PASSED] - if (debug): null

27-02-2025T17:35:15 - [TEST_STEP][PASSED] - if (toggle && myStatus && inList): null

27-02-2025T17:35:15 - [TEST_STEP][PASSED] - if (!(myStatus) && inList || myStatus && !(inList)): null

27-02-2025T17:35:15 - [TEST_STEP][PASSED] - myValue = element.getAttribute("value"): null

27-02-2025T17:35:15 - [TEST_STEP][PASSED] - if (debug): null

27-02-2025T17:35:15 - [TEST_STEP][PASSED] - if (myValue.length() >= 4): null

27-02-2025T17:35:15 - [TEST_STEP][PASSED] - if (myValue.substring(0, 4) == "(!) "): null

27-02-2025T17:35:15 - [TEST_STEP][PASSED] - myType = element.getAttribute("type"): null

27-02-2025T17:35:15 - [TEST_STEP][PASSED] - if (myValue in varParms[i]): null

27-02-2025T17:35:15 - [TEST_STEP][PASSED] - else: null

27-02-2025T17:35:15 - [TEST_STEP][PASSED] - inList = false: null

27-02-2025T17:35:15 - [TEST_STEP][PASSED] - if (myType == "checkbox"): null

27-02-2025T17:35:15 - [TEST_STEP][PASSED] - myStatus = element.isSelected(): null

27-02-2025T17:35:15 - [TEST_STEP][PASSED] - if (debug): null

27-02-2025T17:35:15 - [TEST_STEP][PASSED] - if (toggle && myStatus && inList): null

27-02-2025T17:35:15 - [TEST_STEP][PASSED] - if (!(myStatus) && inList || myStatus && !(inList)): null

27-02-2025T17:35:15 - [TEST_STEP][PASSED] - myValue = element.getAttribute("value"): null

27-02-2025T17:35:15 - [TEST_STEP][PASSED] - if (debug): null

27-02-2025T17:35:15 - [TEST_STEP][PASSED] - if (myValue.length() >= 4): null

27-02-2025T17:35:15 - [TEST_STEP][PASSED] - if (myValue.substring(0, 4) == "(!) "): null

27-02-2025T17:35:15 - [TEST_STEP][PASSED] - myType = element.getAttribute("type"): null

27-02-2025T17:35:15 - [TEST_STEP][PASSED] - if (myValue in varParms[i]): null

27-02-2025T17:35:15 - [TEST_STEP][PASSED] - else: null

27-02-2025T17:35:15 - [TEST_STEP][PASSED] - inList = false: null

27-02-2025T17:35:15 - [TEST_STEP][PASSED] - if (myType == "checkbox"): null

27-02-2025T17:35:15 - [TEST_STEP][PASSED] - myStatus = element.isSelected(): null

27-02-2025T17:35:15 - [TEST_STEP][PASSED] - if (debug): null

27-02-2025T17:35:15 - [TEST_STEP][PASSED] - if (toggle && myStatus && inList): null

27-02-2025T17:35:15 - [TEST_STEP][PASSED] - if (!(myStatus) && inList || myStatus && !(inList)): null

27-02-2025T17:35:15 - [TEST_STEP][PASSED] - myValue = element.getAttribute("value"): null

27-02-2025T17:35:15 - [TEST_STEP][PASSED] - if (debug): null

27-02-2025T17:35:15 - [TEST_STEP][PASSED] - if (myValue.length() >= 4): null

27-02-2025T17:35:15 - [TEST_STEP][PASSED] - if (myValue.substring(0, 4) == "(!) "): null

27-02-2025T17:35:15 - [TEST_STEP][PASSED] - myType = element.getAttribute("type"): null

27-02-2025T17:35:15 - [TEST_STEP][PASSED] - if (myValue in varParms[i]): null

27-02-2025T17:35:15 - [TEST_STEP][PASSED] - else: null

27-02-2025T17:35:15 - [TEST_STEP][PASSED] - inList = false: null

27-02-2025T17:35:15 - [TEST_STEP][PASSED] - if (myType == "checkbox"): null

27-02-2025T17:35:15 - [TEST_STEP][PASSED] - myStatus = element.isSelected(): null

27-02-2025T17:35:15 - [TEST_STEP][PASSED] - if (debug): null

27-02-2025T17:35:15 - [TEST_STEP][PASSED] - if (toggle && myStatus && inList): null

27-02-2025T17:35:15 - [TEST_STEP][PASSED] - if (!(myStatus) && inList || myStatus && !(inList)): null

27-02-2025T17:35:15 - [TEST_STEP][PASSED] - myValue = element.getAttribute("value"): null

27-02-2025T17:35:15 - [TEST_STEP][PASSED] - if (debug): null

27-02-2025T17:35:15 - [TEST_STEP][PASSED] - if (myValue.length() >= 4): null

27-02-2025T17:35:15 - [TEST_STEP][PASSED] - if (myValue.substring(0, 4) == "(!) "): null

27-02-2025T17:35:15 - [TEST_STEP][PASSED] - myType = element.getAttribute("type"): null

27-02-2025T17:35:15 - [TEST_STEP][PASSED] - if (myValue in varParms[i]): null

27-02-2025T17:35:15 - [TEST_STEP][PASSED] - else: null

27-02-2025T17:35:15 - [TEST_STEP][PASSED] - inList = false: null

27-02-2025T17:35:15 - [TEST_STEP][PASSED] - if (myType == "checkbox"): null

27-02-2025T17:35:15 - [TEST_STEP][PASSED] - myStatus = element.isSelected(): null

27-02-2025T17:35:15 - [TEST_STEP][PASSED] - if (debug): null

27-02-2025T17:35:15 - [TEST_STEP][PASSED] - if (toggle && myStatus && inList): null

27-02-2025T17:35:15 - [TEST_STEP][PASSED] - if (!(myStatus) && inList || myStatus && !(inList)): null

27-02-2025T17:35:15 - [TEST_STEP][PASSED] - myValue = element.getAttribute("value"): null

27-02-2025T17:35:15 - [TEST_STEP][PASSED] - if (debug): null

27-02-2025T17:35:15 - [TEST_STEP][PASSED] - if (myValue.length() >= 4): null

27-02-2025T17:35:15 - [TEST_STEP][PASSED] - if (myValue.substring(0, 4) == "(!) "): null

27-02-2025T17:35:15 - [TEST_STEP][PASSED] - myType = element.getAttribute("type"): null

27-02-2025T17:35:15 - [TEST_STEP][PASSED] - if (myValue in varParms[i]): null

27-02-2025T17:35:15 - [TEST_STEP][PASSED] - else: null

27-02-2025T17:35:15 - [TEST_STEP][PASSED] - inList = false: null

27-02-2025T17:35:15 - [TEST_STEP][PASSED] - if (myType == "checkbox"): null

27-02-2025T17:35:15 - [TEST_STEP][PASSED] - myStatus = element.isSelected(): null

27-02-2025T17:35:15 - [TEST_STEP][PASSED] - if (debug): null

27-02-2025T17:35:15 - [TEST_STEP][PASSED] - if (toggle && myStatus && inList): null

27-02-2025T17:35:15 - [TEST_STEP][PASSED] - if (!(myStatus) && inList || myStatus && !(inList)): null

27-02-2025T17:35:15 - [TEST_STEP][PASSED] - myValue = element.getAttribute("value"): null

27-02-2025T17:35:15 - [TEST_STEP][PASSED] - if (debug): null

27-02-2025T17:35:15 - [TEST_STEP][PASSED] - if (myValue.length() >= 4): null

27-02-2025T17:35:15 - [TEST_STEP][PASSED] - if (myValue.substring(0, 4) == "(!) "): null

27-02-2025T17:35:15 - [TEST_STEP][PASSED] - myType = element.getAttribute("type"): null

27-02-2025T17:35:15 - [TEST_STEP][PASSED] - if (myValue in varParms[i]): null

27-02-2025T17:35:15 - [TEST_STEP][PASSED] - else: null

27-02-2025T17:35:15 - [TEST_STEP][PASSED] - inList = false: null

27-02-2025T17:35:15 - [TEST_STEP][PASSED] - if (myType == "checkbox"): null

27-02-2025T17:35:15 - [TEST_STEP][PASSED] - myStatus = element.isSelected(): null

27-02-2025T17:35:15 - [TEST_STEP][PASSED] - if (debug): null

27-02-2025T17:35:15 - [TEST_STEP][PASSED] - if (toggle && myStatus && inList): null

27-02-2025T17:35:15 - [TEST_STEP][PASSED] - if (!(myStatus) && inList || myStatus && !(inList)): null

27-02-2025T17:35:15 - [TEST_STEP][PASSED] - myValue = element.getAttribute("value"): null

27-02-2025T17:35:15 - [TEST_STEP][PASSED] - if (debug): null

27-02-2025T17:35:15 - [TEST_STEP][PASSED] - if (myValue.length() >= 4): null

27-02-2025T17:35:15 - [TEST_STEP][PASSED] - if (myValue.substring(0, 4) == "(!) "): null

27-02-2025T17:35:15 - [TEST_STEP][PASSED] - myType = element.getAttribute("type"): null

27-02-2025T17:35:15 - [TEST_STEP][PASSED] - if (myValue in varParms[i]): null

27-02-2025T17:35:15 - [TEST_STEP][PASSED] - else: null

27-02-2025T17:35:15 - [TEST_STEP][PASSED] - inList = false: null

27-02-2025T17:35:15 - [TEST_STEP][PASSED] - if (myType == "checkbox"): null

27-02-2025T17:35:15 - [TEST_STEP][PASSED] - myStatus = element.isSelected(): null

27-02-2025T17:35:15 - [TEST_STEP][PASSED] - if (debug): null

27-02-2025T17:35:15 - [TEST_STEP][PASSED] - if (toggle && myStatus && inList): null

27-02-2025T17:35:15 - [TEST_STEP][PASSED] - if (!(myStatus) && inList || myStatus && !(inList)): null

27-02-2025T17:35:15 - [TEST_STEP][PASSED] - myValue = element.getAttribute("value"): null

27-02-2025T17:35:15 - [TEST_STEP][PASSED] - if (debug): null

27-02-2025T17:35:15 - [TEST_STEP][PASSED] - if (myValue.length() >= 4): null

27-02-2025T17:35:15 - [TEST_STEP][PASSED] - if (myValue.substring(0, 4) == "(!) "): null

27-02-2025T17:35:15 - [TEST_STEP][PASSED] - myType = element.getAttribute("type"): null

27-02-2025T17:35:15 - [TEST_STEP][PASSED] - if (myValue in varParms[i]): null

27-02-2025T17:35:15 - [TEST_STEP][PASSED] - else: null

27-02-2025T17:35:15 - [TEST_STEP][PASSED] - inList = false: null

27-02-2025T17:35:15 - [TEST_STEP][PASSED] - if (myType == "checkbox"): null

27-02-2025T17:35:15 - [TEST_STEP][PASSED] - myStatus = element.isSelected(): null

27-02-2025T17:35:15 - [TEST_STEP][PASSED] - if (debug): null

27-02-2025T17:35:15 - [TEST_STEP][PASSED] - if (toggle && myStatus && inList): null

27-02-2025T17:35:15 - [TEST_STEP][PASSED] - if (!(myStatus) && inList || myStatus && !(inList)): null

27-02-2025T17:35:15 - [TEST_STEP][PASSED] - myValue = element.getAttribute("value"): null

27-02-2025T17:35:15 - [TEST_STEP][PASSED] - if (debug): null

27-02-2025T17:35:15 - [TEST_STEP][PASSED] - if (myValue.length() >= 4): null

27-02-2025T17:35:15 - [TEST_STEP][PASSED] - if (myValue.substring(0, 4) == "(!) "): null

27-02-2025T17:35:15 - [TEST_STEP][PASSED] - myType = element.getAttribute("type"): null

27-02-2025T17:35:15 - [TEST_STEP][PASSED] - if (myValue in varParms[i]): null

27-02-2025T17:35:15 - [TEST_STEP][PASSED] - else: null

27-02-2025T17:35:15 - [TEST_STEP][PASSED] - inList = false: null

27-02-2025T17:35:15 - [TEST_STEP][PASSED] - if (myType == "checkbox"): null

27-02-2025T17:35:15 - [TEST_STEP][PASSED] - myStatus = element.isSelected(): null

27-02-2025T17:35:15 - [TEST_STEP][PASSED] - if (debug): null

27-02-2025T17:35:15 - [TEST_STEP][PASSED] - if (toggle && myStatus && inList): null

27-02-2025T17:35:15 - [TEST_STEP][PASSED] - if (!(myStatus) && inList || myStatus && !(inList)): null

27-02-2025T17:35:15 - [TEST_STEP][PASSED] - myValue = element.getAttribute("value"): null

27-02-2025T17:35:15 - [TEST_STEP][PASSED] - if (debug): null

27-02-2025T17:35:15 - [TEST_STEP][PASSED] - if (myValue.length() >= 4): null

27-02-2025T17:35:15 - [TEST_STEP][PASSED] - if (myValue.substring(0, 4) == "(!) "): null

27-02-2025T17:35:15 - [TEST_STEP][PASSED] - myType = element.getAttribute("type"): null

27-02-2025T17:35:15 - [TEST_STEP][PASSED] - if (myValue in varParms[i]): null

27-02-2025T17:35:15 - [TEST_STEP][PASSED] - else: null

27-02-2025T17:35:15 - [TEST_STEP][PASSED] - inList = false: null

27-02-2025T17:35:15 - [TEST_STEP][PASSED] - if (myType == "checkbox"): null

27-02-2025T17:35:15 - [TEST_STEP][PASSED] - myStatus = element.isSelected(): null

27-02-2025T17:35:15 - [TEST_STEP][PASSED] - if (debug): null

27-02-2025T17:35:15 - [TEST_STEP][PASSED] - if (toggle && myStatus && inList): null

27-02-2025T17:35:15 - [TEST_STEP][PASSED] - if (!(myStatus) && inList || myStatus && !(inList)): null

27-02-2025T17:35:15 - [TEST_STEP][PASSED] - myValue = element.getAttribute("value"): null

27-02-2025T17:35:15 - [TEST_STEP][PASSED] - if (debug): null

27-02-2025T17:35:15 - [TEST_STEP][PASSED] - if (myValue.length() >= 4): null

27-02-2025T17:35:15 - [TEST_STEP][PASSED] - if (myValue.substring(0, 4) == "(!) "): null

27-02-2025T17:35:15 - [TEST_STEP][PASSED] - myType = element.getAttribute("type"): null

27-02-2025T17:35:15 - [TEST_STEP][PASSED] - if (myValue in varParms[i]): null

27-02-2025T17:35:15 - [TEST_STEP][PASSED] - else: null

27-02-2025T17:35:15 - [TEST_STEP][PASSED] - inList = false: null

27-02-2025T17:35:15 - [TEST_STEP][PASSED] - if (myType == "checkbox"): null

27-02-2025T17:35:15 - [TEST_STEP][PASSED] - myStatus = element.isSelected(): null

27-02-2025T17:35:15 - [TEST_STEP][PASSED] - if (debug): null

27-02-2025T17:35:15 - [TEST_STEP][PASSED] - if (toggle && myStatus && inList): null

27-02-2025T17:35:15 - [TEST_STEP][PASSED] - if (!(myStatus) && inList || myStatus && !(inList)): null

27-02-2025T17:35:15 - [TEST_STEP][PASSED] - myValue = element.getAttribute("value"): null

27-02-2025T17:35:15 - [TEST_STEP][PASSED] - if (debug): null

27-02-2025T17:35:15 - [TEST_STEP][PASSED] - if (myValue.length() >= 4): null

27-02-2025T17:35:15 - [TEST_STEP][PASSED] - if (myValue.substring(0, 4) == "(!) "): null

27-02-2025T17:35:15 - [TEST_STEP][PASSED] - myType = element.getAttribute("type"): null

27-02-2025T17:35:15 - [TEST_STEP][PASSED] - if (myValue in varParms[i]): null

27-02-2025T17:35:15 - [TEST_STEP][PASSED] - else: null

27-02-2025T17:35:15 - [TEST_STEP][PASSED] - inList = false: null

27-02-2025T17:35:15 - [TEST_STEP][PASSED] - if (myType == "checkbox"): null

27-02-2025T17:35:15 - [TEST_STEP][PASSED] - myStatus = element.isSelected(): null

27-02-2025T17:35:15 - [TEST_STEP][PASSED] - if (debug): null

27-02-2025T17:35:15 - [TEST_STEP][PASSED] - if (toggle && myStatus && inList): null

27-02-2025T17:35:15 - [TEST_STEP][PASSED] - if (!(myStatus) && inList || myStatus && !(inList)): null

27-02-2025T17:35:15 - [TEST_STEP][PASSED] - myValue = element.getAttribute("value"): null

27-02-2025T17:35:15 - [TEST_STEP][PASSED] - if (debug): null

27-02-2025T17:35:15 - [TEST_STEP][PASSED] - if (myValue.length() >= 4): null

27-02-2025T17:35:15 - [TEST_STEP][PASSED] - if (myValue.substring(0, 4) == "(!) "): null

27-02-2025T17:35:15 - [TEST_STEP][PASSED] - myType = element.getAttribute("type"): null

27-02-2025T17:35:15 - [TEST_STEP][PASSED] - if (myValue in varParms[i]): null

27-02-2025T17:35:15 - [TEST_STEP][PASSED] - else: null

27-02-2025T17:35:15 - [TEST_STEP][PASSED] - inList = false: null

27-02-2025T17:35:15 - [TEST_STEP][PASSED] - if (myType == "checkbox"): null

27-02-2025T17:35:15 - [TEST_STEP][PASSED] - myStatus = element.isSelected(): null

27-02-2025T17:35:15 - [TEST_STEP][PASSED] - if (debug): null

27-02-2025T17:35:15 - [TEST_STEP][PASSED] - if (toggle && myStatus && inList): null

27-02-2025T17:35:15 - [TEST_STEP][PASSED] - if (!(myStatus) && inList || myStatus && !(inList)): null

27-02-2025T17:35:15 - [TEST_STEP][PASSED] - myValue = element.getAttribute("value"): null

27-02-2025T17:35:15 - [TEST_STEP][PASSED] - if (debug): null

27-02-2025T17:35:15 - [TEST_STEP][PASSED] - if (myValue.length() >= 4): null

27-02-2025T17:35:15 - [TEST_STEP][PASSED] - if (myValue.substring(0, 4) == "(!) "): null

27-02-2025T17:35:15 - [TEST_STEP][PASSED] - myType = element.getAttribute("type"): null

27-02-2025T17:35:15 - [TEST_STEP][PASSED] - if (myValue in varParms[i]): null

27-02-2025T17:35:15 - [TEST_STEP][PASSED] - else: null

27-02-2025T17:35:15 - [TEST_STEP][PASSED] - inList = false: null

27-02-2025T17:35:15 - [TEST_STEP][PASSED] - if (myType == "checkbox"): null

27-02-2025T17:35:15 - [TEST_STEP][PASSED] - myStatus = element.isSelected(): null

27-02-2025T17:35:15 - [TEST_STEP][PASSED] - if (debug): null

27-02-2025T17:35:15 - [TEST_STEP][PASSED] - if (toggle && myStatus && inList): null

27-02-2025T17:35:15 - [TEST_STEP][PASSED] - if (!(myStatus) && inList || myStatus && !(inList)): null

27-02-2025T17:35:15 - [TEST_STEP][PASSED] - myValue = element.getAttribute("value"): null

27-02-2025T17:35:15 - [TEST_STEP][PASSED] - if (debug): null

27-02-2025T17:35:15 - [TEST_STEP][PASSED] - if (myValue.length() >= 4): null

27-02-2025T17:35:15 - [TEST_STEP][PASSED] - if (myValue.substring(0, 4) == "(!) "): null

27-02-2025T17:35:15 - [TEST_STEP][PASSED] - myType = element.getAttribute("type"): null

27-02-2025T17:35:15 - [TEST_STEP][PASSED] - if (myValue in varParms[i]): null

27-02-2025T17:35:15 - [TEST_STEP][PASSED] - else: null

27-02-2025T17:35:15 - [TEST_STEP][PASSED] - inList = false: null

27-02-2025T17:35:15 - [TEST_STEP][PASSED] - if (myType == "checkbox"): null

27-02-2025T17:35:15 - [TEST_STEP][PASSED] - myStatus = element.isSelected(): null

27-02-2025T17:35:15 - [TEST_STEP][PASSED] - if (debug): null

27-02-2025T17:35:15 - [TEST_STEP][PASSED] - if (toggle && myStatus && inList): null

27-02-2025T17:35:15 - [TEST_STEP][PASSED] - if (!(myStatus) && inList || myStatus && !(inList)): null

27-02-2025T17:35:15 - [TEST_STEP][PASSED] - myValue = element.getAttribute("value"): null

27-02-2025T17:35:15 - [TEST_STEP][PASSED] - if (debug): null

27-02-2025T17:35:15 - [TEST_STEP][PASSED] - if (myValue.length() >= 4): null

27-02-2025T17:35:15 - [TEST_STEP][PASSED] - if (myValue.substring(0, 4) == "(!) "): null

27-02-2025T17:35:15 - [TEST_STEP][PASSED] - myType = element.getAttribute("type"): null

27-02-2025T17:35:15 - [TEST_STEP][PASSED] - if (myValue in varParms[i]): null

27-02-2025T17:35:15 - [TEST_STEP][PASSED] - else: null

27-02-2025T17:35:15 - [TEST_STEP][PASSED] - inList = false: null

27-02-2025T17:35:15 - [TEST_STEP][PASSED] - if (myType == "checkbox"): null

27-02-2025T17:35:15 - [TEST_STEP][PASSED] - myStatus = element.isSelected(): null

27-02-2025T17:35:15 - [TEST_STEP][PASSED] - if (debug): null

27-02-2025T17:35:15 - [TEST_STEP][PASSED] - if (toggle && myStatus && inList): null

27-02-2025T17:35:15 - [TEST_STEP][PASSED] - if (!(myStatus) && inList || myStatus && !(inList)): null

27-02-2025T17:35:15 - [TEST_STEP][PASSED] - myValue = element.getAttribute("value"): null

27-02-2025T17:35:15 - [TEST_STEP][PASSED] - if (debug): null

27-02-2025T17:35:15 - [TEST_STEP][PASSED] - if (myValue.length() >= 4): null

27-02-2025T17:35:15 - [TEST_STEP][PASSED] - if (myValue.substring(0, 4) == "(!) "): null

27-02-2025T17:35:15 - [TEST_STEP][PASSED] - myType = element.getAttribute("type"): null

27-02-2025T17:35:15 - [TEST_STEP][PASSED] - if (myValue in varParms[i]): null

27-02-2025T17:35:15 - [TEST_STEP][PASSED] - else: null

27-02-2025T17:35:15 - [TEST_STEP][PASSED] - inList = false: null

27-02-2025T17:35:15 - [TEST_STEP][PASSED] - if (myType == "checkbox"): null

27-02-2025T17:35:15 - [TEST_STEP][PASSED] - myStatus = element.isSelected(): null

27-02-2025T17:35:15 - [TEST_STEP][PASSED] - if (debug): null

27-02-2025T17:35:15 - [TEST_STEP][PASSED] - if (toggle && myStatus && inList): null

27-02-2025T17:35:15 - [TEST_STEP][PASSED] - if (!(myStatus) && inList || myStatus && !(inList)): null

27-02-2025T17:35:15 - [TEST_STEP][PASSED] - myValue = element.getAttribute("value"): null

27-02-2025T17:35:15 - [TEST_STEP][PASSED] - if (debug): null

27-02-2025T17:35:15 - [TEST_STEP][PASSED] - if (myValue.length() >= 4): null

27-02-2025T17:35:15 - [TEST_STEP][PASSED] - if (myValue.substring(0, 4) == "(!) "): null

27-02-2025T17:35:15 - [TEST_STEP][PASSED] - myType = element.getAttribute("type"): null

27-02-2025T17:35:15 - [TEST_STEP][PASSED] - if (myValue in varParms[i]): null

27-02-2025T17:35:15 - [TEST_STEP][PASSED] - else: null

27-02-2025T17:35:15 - [TEST_STEP][PASSED] - inList = false: null

27-02-2025T17:35:15 - [TEST_STEP][PASSED] - if (myType == "checkbox"): null

27-02-2025T17:35:15 - [TEST_STEP][PASSED] - myStatus = element.isSelected(): null

27-02-2025T17:35:15 - [TEST_STEP][PASSED] - if (debug): null

27-02-2025T17:35:15 - [TEST_STEP][PASSED] - if (toggle && myStatus && inList): null

27-02-2025T17:35:15 - [TEST_STEP][PASSED] - if (!(myStatus) && inList || myStatus && !(inList)): null

27-02-2025T17:35:15 - [TEST_STEP][PASSED] - myValue = element.getAttribute("value"): null

27-02-2025T17:35:15 - [TEST_STEP][PASSED] - if (debug): null

27-02-2025T17:35:15 - [TEST_STEP][PASSED] - if (myValue.length() >= 4): null

27-02-2025T17:35:15 - [TEST_STEP][PASSED] - if (myValue.substring(0, 4) == "(!) "): null

27-02-2025T17:35:15 - [TEST_STEP][PASSED] - myType = element.getAttribute("type"): null

27-02-2025T17:35:15 - [TEST_STEP][PASSED] - if (myValue in varParms[i]): null

27-02-2025T17:35:15 - [TEST_STEP][PASSED] - else: null

27-02-2025T17:35:15 - [TEST_STEP][PASSED] - inList = false: null

27-02-2025T17:35:15 - [TEST_STEP][PASSED] - if (myType == "checkbox"): null

27-02-2025T17:35:15 - [TEST_STEP][PASSED] - myStatus = element.isSelected(): null

27-02-2025T17:35:15 - [TEST_STEP][PASSED] - if (debug): null

27-02-2025T17:35:15 - [TEST_STEP][PASSED] - if (toggle && myStatus && inList): null

27-02-2025T17:35:15 - [TEST_STEP][PASSED] - if (!(myStatus) && inList || myStatus && !(inList)): null

27-02-2025T17:35:15 - [TEST_STEP][PASSED] - myValue = element.getAttribute("value"): null

27-02-2025T17:35:15 - [TEST_STEP][PASSED] - if (debug): null

27-02-2025T17:35:15 - [TEST_STEP][PASSED] - if (myValue.length() >= 4): null

27-02-2025T17:35:15 - [TEST_STEP][PASSED] - if (myValue.substring(0, 4) == "(!) "): null

27-02-2025T17:35:15 - [TEST_STEP][PASSED] - myType = element.getAttribute("type"): null

27-02-2025T17:35:15 - [TEST_STEP][PASSED] - if (myValue in varParms[i]): null

27-02-2025T17:35:15 - [TEST_STEP][PASSED] - else: null

27-02-2025T17:35:15 - [TEST_STEP][PASSED] - inList = false: null

27-02-2025T17:35:15 - [TEST_STEP][PASSED] - if (myType == "checkbox"): null

27-02-2025T17:35:15 - [TEST_STEP][PASSED] - myStatus = element.isSelected(): null

27-02-2025T17:35:15 - [TEST_STEP][PASSED] - if (debug): null

27-02-2025T17:35:15 - [TEST_STEP][PASSED] - if (toggle && myStatus && inList): null

27-02-2025T17:35:15 - [TEST_STEP][PASSED] - if (!(myStatus) && inList || myStatus && !(inList)): null

27-02-2025T17:35:15 - [TEST_STEP][PASSED] - myValue = element.getAttribute("value"): null

27-02-2025T17:35:15 - [TEST_STEP][PASSED] - if (debug): null

27-02-2025T17:35:15 - [TEST_STEP][PASSED] - if (myValue.length() >= 4): null

27-02-2025T17:35:15 - [TEST_STEP][PASSED] - if (myValue.substring(0, 4) == "(!) "): null

27-02-2025T17:35:15 - [TEST_STEP][PASSED] - myType = element.getAttribute("type"): null

27-02-2025T17:35:15 - [TEST_STEP][PASSED] - if (myValue in varParms[i]): null

27-02-2025T17:35:15 - [TEST_STEP][PASSED] - else: null

27-02-2025T17:35:15 - [TEST_STEP][PASSED] - inList = false: null

27-02-2025T17:35:15 - [TEST_STEP][PASSED] - if (myType == "checkbox"): null

27-02-2025T17:35:15 - [TEST_STEP][PASSED] - myStatus = element.isSelected(): null

27-02-2025T17:35:15 - [TEST_STEP][PASSED] - if (debug): null

27-02-2025T17:35:15 - [TEST_STEP][PASSED] - if (toggle && myStatus && inList): null

27-02-2025T17:35:15 - [TEST_STEP][PASSED] - if (!(myStatus) && inList || myStatus && !(inList)): null

27-02-2025T17:35:15 - [TEST_STEP][PASSED] - myValue = element.getAttribute("value"): null

27-02-2025T17:35:15 - [TEST_STEP][PASSED] - if (debug): null

27-02-2025T17:35:15 - [TEST_STEP][PASSED] - if (myValue.length() >= 4): null

27-02-2025T17:35:15 - [TEST_STEP][PASSED] - if (myValue.substring(0, 4) == "(!) "): null

27-02-2025T17:35:15 - [TEST_STEP][PASSED] - myType = element.getAttribute("type"): null

27-02-2025T17:35:15 - [TEST_STEP][PASSED] - if (myValue in varParms[i]): null

27-02-2025T17:35:15 - [TEST_STEP][PASSED] - else: null

27-02-2025T17:35:15 - [TEST_STEP][PASSED] - inList = false: null

27-02-2025T17:35:15 - [TEST_STEP][PASSED] - if (myType == "checkbox"): null

27-02-2025T17:35:15 - [TEST_STEP][PASSED] - myStatus = element.isSelected(): null

27-02-2025T17:35:15 - [TEST_STEP][PASSED] - if (debug): null

27-02-2025T17:35:15 - [TEST_STEP][PASSED] - if (toggle && myStatus && inList): null

27-02-2025T17:35:15 - [TEST_STEP][PASSED] - if (!(myStatus) && inList || myStatus && !(inList)): null

27-02-2025T17:35:15 - [TEST_STEP][PASSED] - myValue = element.getAttribute("value"): null

27-02-2025T17:35:15 - [TEST_STEP][PASSED] - if (debug): null

27-02-2025T17:35:15 - [TEST_STEP][PASSED] - if (myValue.length() >= 4): null

27-02-2025T17:35:15 - [TEST_STEP][PASSED] - if (myValue.substring(0, 4) == "(!) "): null

27-02-2025T17:35:15 - [TEST_STEP][PASSED] - myType = element.getAttribute("type"): null

27-02-2025T17:35:15 - [TEST_STEP][PASSED] - if (myValue in varParms[i]): null

27-02-2025T17:35:15 - [TEST_STEP][PASSED] - else: null

27-02-2025T17:35:15 - [TEST_STEP][PASSED] - inList = false: null

27-02-2025T17:35:15 - [TEST_STEP][PASSED] - if (myType == "checkbox"): null

27-02-2025T17:35:15 - [TEST_STEP][PASSED] - myStatus = element.isSelected(): null

27-02-2025T17:35:15 - [TEST_STEP][PASSED] - if (debug): null

27-02-2025T17:35:15 - [TEST_STEP][PASSED] - if (toggle && myStatus && inList): null

27-02-2025T17:35:15 - [TEST_STEP][PASSED] - if (!(myStatus) && inList || myStatus && !(inList)): null

27-02-2025T17:35:15 - [TEST_STEP][PASSED] - myValue = element.getAttribute("value"): null

27-02-2025T17:35:15 - [TEST_STEP][PASSED] - if (debug): null

27-02-2025T17:35:15 - [TEST_STEP][PASSED] - if (myValue.length() >= 4): null

27-02-2025T17:35:15 - [TEST_STEP][PASSED] - if (myValue.substring(0, 4) == "(!) "): null

27-02-2025T17:35:15 - [TEST_STEP][PASSED] - myType = element.getAttribute("type"): null

27-02-2025T17:35:15 - [TEST_STEP][PASSED] - if (myValue in varParms[i]): null

27-02-2025T17:35:15 - [TEST_STEP][PASSED] - else: null

27-02-2025T17:35:15 - [TEST_STEP][PASSED] - inList = false: null

27-02-2025T17:35:15 - [TEST_STEP][PASSED] - if (myType == "checkbox"): null

27-02-2025T17:35:15 - [TEST_STEP][PASSED] - myStatus = element.isSelected(): null

27-02-2025T17:35:15 - [TEST_STEP][PASSED] - if (debug): null

27-02-2025T17:35:15 - [TEST_STEP][PASSED] - if (toggle && myStatus && inList): null

27-02-2025T17:35:15 - [TEST_STEP][PASSED] - if (!(myStatus) && inList || myStatus && !(inList)): null

27-02-2025T17:35:15 - [TEST_STEP][PASSED] - myValue = element.getAttribute("value"): null

27-02-2025T17:35:15 - [TEST_STEP][PASSED] - if (debug): null

27-02-2025T17:35:15 - [TEST_STEP][PASSED] - if (myValue.length() >= 4): null

27-02-2025T17:35:15 - [TEST_STEP][PASSED] - if (myValue.substring(0, 4) == "(!) "): null

27-02-2025T17:35:15 - [TEST_STEP][PASSED] - myType = element.getAttribute("type"): null

27-02-2025T17:35:15 - [TEST_STEP][PASSED] - if (myValue in varParms[i]): null

27-02-2025T17:35:15 - [TEST_STEP][PASSED] - else: null

27-02-2025T17:35:15 - [TEST_STEP][PASSED] - inList = false: null

27-02-2025T17:35:15 - [TEST_STEP][PASSED] - if (myType == "checkbox"): null

27-02-2025T17:35:15 - [TEST_STEP][PASSED] - myStatus = element.isSelected(): null

27-02-2025T17:35:15 - [TEST_STEP][PASSED] - if (debug): null

27-02-2025T17:35:15 - [TEST_STEP][PASSED] - if (toggle && myStatus && inList): null

27-02-2025T17:35:15 - [TEST_STEP][PASSED] - if (!(myStatus) && inList || myStatus && !(inList)): null

27-02-2025T17:35:15 - [TEST_STEP][PASSED] - myValue = element.getAttribute("value"): null

27-02-2025T17:35:15 - [TEST_STEP][PASSED] - if (debug): null

27-02-2025T17:35:15 - [TEST_STEP][PASSED] - if (myValue.length() >= 4): null

27-02-2025T17:35:15 - [TEST_STEP][PASSED] - if (myValue.substring(0, 4) == "(!) "): null

27-02-2025T17:35:15 - [TEST_STEP][PASSED] - myType = element.getAttribute("type"): null

27-02-2025T17:35:15 - [TEST_STEP][PASSED] - if (myValue in varParms[i]): null

27-02-2025T17:35:15 - [TEST_STEP][PASSED] - else: null

27-02-2025T17:35:15 - [TEST_STEP][PASSED] - inList = false: null

27-02-2025T17:35:15 - [TEST_STEP][PASSED] - if (myType == "checkbox"): null

27-02-2025T17:35:15 - [TEST_STEP][PASSED] - myStatus = element.isSelected(): null

27-02-2025T17:35:15 - [TEST_STEP][PASSED] - if (debug): null

27-02-2025T17:35:15 - [TEST_STEP][PASSED] - if (toggle && myStatus && inList): null

27-02-2025T17:35:15 - [TEST_STEP][PASSED] - if (!(myStatus) && inList || myStatus && !(inList)): null

27-02-2025T17:35:15 - [TEST_STEP][PASSED] - myValue = element.getAttribute("value"): null

27-02-2025T17:35:15 - [TEST_STEP][PASSED] - if (debug): null

27-02-2025T17:35:15 - [TEST_STEP][PASSED] - if (myValue.length() >= 4): null

27-02-2025T17:35:15 - [TEST_STEP][PASSED] - if (myValue.substring(0, 4) == "(!) "): null

27-02-2025T17:35:15 - [TEST_STEP][PASSED] - myType = element.getAttribute("type"): null

27-02-2025T17:35:15 - [TEST_STEP][PASSED] - if (myValue in varParms[i]): null

27-02-2025T17:35:15 - [TEST_STEP][PASSED] - else: null

27-02-2025T17:35:15 - [TEST_STEP][PASSED] - inList = false: null

27-02-2025T17:35:15 - [TEST_STEP][PASSED] - if (myType == "checkbox"): null

27-02-2025T17:35:15 - [TEST_STEP][PASSED] - myStatus = element.isSelected(): null

27-02-2025T17:35:15 - [TEST_STEP][PASSED] - if (debug): null

27-02-2025T17:35:15 - [TEST_STEP][PASSED] - if (toggle && myStatus && inList): null

27-02-2025T17:35:15 - [TEST_STEP][PASSED] - if (!(myStatus) && inList || myStatus && !(inList)): null

27-02-2025T17:35:15 - [TEST_STEP][PASSED] - myValue = element.getAttribute("value"): null

27-02-2025T17:35:15 - [TEST_STEP][PASSED] - if (debug): null

27-02-2025T17:35:15 - [TEST_STEP][PASSED] - if (myValue.length() >= 4): null

27-02-2025T17:35:15 - [TEST_STEP][PASSED] - if (myValue.substring(0, 4) == "(!) "): null

27-02-2025T17:35:15 - [TEST_STEP][PASSED] - myType = element.getAttribute("type"): null

27-02-2025T17:35:15 - [TEST_STEP][PASSED] - if (myValue in varParms[i]): null

27-02-2025T17:35:15 - [TEST_STEP][PASSED] - else: null

27-02-2025T17:35:15 - [TEST_STEP][PASSED] - inList = false: null

27-02-2025T17:35:15 - [TEST_STEP][PASSED] - if (myType == "checkbox"): null

27-02-2025T17:35:15 - [TEST_STEP][PASSED] - myStatus = element.isSelected(): null

27-02-2025T17:35:15 - [TEST_STEP][PASSED] - if (debug): null

27-02-2025T17:35:15 - [TEST_STEP][PASSED] - if (toggle && myStatus && inList): null

27-02-2025T17:35:15 - [TEST_STEP][PASSED] - if (!(myStatus) && inList || myStatus && !(inList)): null

27-02-2025T17:35:15 - [TEST_STEP][PASSED] - myValue = element.getAttribute("value"): null

27-02-2025T17:35:15 - [TEST_STEP][PASSED] - if (debug): null

27-02-2025T17:35:15 - [TEST_STEP][PASSED] - if (myValue.length() >= 4): null

27-02-2025T17:35:15 - [TEST_STEP][PASSED] - if (myValue.substring(0, 4) == "(!) "): null

27-02-2025T17:35:15 - [TEST_STEP][PASSED] - myType = element.getAttribute("type"): null

27-02-2025T17:35:15 - [TEST_STEP][PASSED] - if (myValue in varParms[i]): null

27-02-2025T17:35:15 - [TEST_STEP][PASSED] - else: null

27-02-2025T17:35:15 - [TEST_STEP][PASSED] - inList = false: null

27-02-2025T17:35:15 - [TEST_STEP][PASSED] - if (myType == "checkbox"): null

27-02-2025T17:35:15 - [TEST_STEP][PASSED] - myStatus = element.isSelected(): null

27-02-2025T17:35:15 - [TEST_STEP][PASSED] - if (debug): null

27-02-2025T17:35:15 - [TEST_STEP][PASSED] - if (toggle && myStatus && inList): null

27-02-2025T17:35:15 - [TEST_STEP][PASSED] - if (!(myStatus) && inList || myStatus && !(inList)): null

27-02-2025T17:35:15 - [TEST_STEP][PASSED] - myValue = element.getAttribute("value"): null

27-02-2025T17:35:15 - [TEST_STEP][PASSED] - if (debug): null

27-02-2025T17:35:15 - [TEST_STEP][PASSED] - if (myValue.length() >= 4): null

27-02-2025T17:35:15 - [TEST_STEP][PASSED] - if (myValue.substring(0, 4) == "(!) "): null

27-02-2025T17:35:15 - [TEST_STEP][PASSED] - myType = element.getAttribute("type"): null

27-02-2025T17:35:15 - [TEST_STEP][PASSED] - if (myValue in varParms[i]): null

27-02-2025T17:35:15 - [TEST_STEP][PASSED] - else: null

27-02-2025T17:35:15 - [TEST_STEP][PASSED] - inList = false: null

27-02-2025T17:35:15 - [TEST_STEP][PASSED] - if (myType == "checkbox"): null

27-02-2025T17:35:15 - [TEST_STEP][PASSED] - myStatus = element.isSelected(): null

27-02-2025T17:35:15 - [TEST_STEP][PASSED] - if (debug): null

27-02-2025T17:35:15 - [TEST_STEP][PASSED] - if (toggle && myStatus && inList): null

27-02-2025T17:35:15 - [TEST_STEP][PASSED] - if (!(myStatus) && inList || myStatus && !(inList)): null

27-02-2025T17:35:15 - [TEST_STEP][PASSED] - myValue = element.getAttribute("value"): null

27-02-2025T17:35:15 - [TEST_STEP][PASSED] - if (debug): null

27-02-2025T17:35:15 - [TEST_STEP][PASSED] - if (myValue.length() >= 4): null

27-02-2025T17:35:15 - [TEST_STEP][PASSED] - if (myValue.substring(0, 4) == "(!) "): null

27-02-2025T17:35:15 - [TEST_STEP][PASSED] - myType = element.getAttribute("type"): null

27-02-2025T17:35:15 - [TEST_STEP][PASSED] - if (myValue in varParms[i]): null

27-02-2025T17:35:15 - [TEST_STEP][PASSED] - else: null

27-02-2025T17:35:15 - [TEST_STEP][PASSED] - inList = false: null

27-02-2025T17:35:15 - [TEST_STEP][PASSED] - if (myType == "checkbox"): null

27-02-2025T17:35:15 - [TEST_STEP][PASSED] - myStatus = element.isSelected(): null

27-02-2025T17:35:15 - [TEST_STEP][PASSED] - if (debug): null

27-02-2025T17:35:15 - [TEST_STEP][PASSED] - if (toggle && myStatus && inList): null

27-02-2025T17:35:15 - [TEST_STEP][PASSED] - if (!(myStatus) && inList || myStatus && !(inList)): null

27-02-2025T17:35:15 - [TEST_STEP][PASSED] - myValue = element.getAttribute("value"): null

27-02-2025T17:35:15 - [TEST_STEP][PASSED] - if (debug): null

27-02-2025T17:35:15 - [TEST_STEP][PASSED] - if (myValue.length() >= 4): null

27-02-2025T17:35:15 - [TEST_STEP][PASSED] - if (myValue.substring(0, 4) == "(!) "): null

27-02-2025T17:35:15 - [TEST_STEP][PASSED] - myType = element.getAttribute("type"): null

27-02-2025T17:35:15 - [TEST_STEP][PASSED] - if (myValue in varParms[i]): null

27-02-2025T17:35:15 - [TEST_STEP][PASSED] - else: null

27-02-2025T17:35:15 - [TEST_STEP][PASSED] - inList = false: null

27-02-2025T17:35:15 - [TEST_STEP][PASSED] - if (myType == "checkbox"): null

27-02-2025T17:35:15 - [TEST_STEP][PASSED] - myStatus = element.isSelected(): null

27-02-2025T17:35:15 - [TEST_STEP][PASSED] - if (debug): null

27-02-2025T17:35:15 - [TEST_STEP][PASSED] - if (toggle && myStatus && inList): null

27-02-2025T17:35:15 - [TEST_STEP][PASSED] - if (!(myStatus) && inList || myStatus && !(inList)): null

27-02-2025T17:35:15 - [TEST_STEP][PASSED] - myValue = element.getAttribute("value"): null

27-02-2025T17:35:15 - [TEST_STEP][PASSED] - if (debug): null

27-02-2025T17:35:15 - [TEST_STEP][PASSED] - if (myValue.length() >= 4): null

27-02-2025T17:35:15 - [TEST_STEP][PASSED] - if (myValue.substring(0, 4) == "(!) "): null

27-02-2025T17:35:15 - [TEST_STEP][PASSED] - myType = element.getAttribute("type"): null

27-02-2025T17:35:15 - [TEST_STEP][PASSED] - if (myValue in varParms[i]): null

27-02-2025T17:35:15 - [TEST_STEP][PASSED] - else: null

27-02-2025T17:35:15 - [TEST_STEP][PASSED] - inList = false: null

27-02-2025T17:35:15 - [TEST_STEP][PASSED] - if (myType == "checkbox"): null

27-02-2025T17:35:15 - [TEST_STEP][PASSED] - myStatus = element.isSelected(): null

27-02-2025T17:35:15 - [TEST_STEP][PASSED] - if (debug): null

27-02-2025T17:35:15 - [TEST_STEP][PASSED] - if (toggle && myStatus && inList): null

27-02-2025T17:35:15 - [TEST_STEP][PASSED] - if (!(myStatus) && inList || myStatus && !(inList)): null

27-02-2025T17:35:15 - [TEST_STEP][PASSED] - myValue = element.getAttribute("value"): null

27-02-2025T17:35:15 - [TEST_STEP][PASSED] - if (debug): null

27-02-2025T17:35:15 - [TEST_STEP][PASSED] - if (myValue.length() >= 4): null

27-02-2025T17:35:15 - [TEST_STEP][PASSED] - if (myValue.substring(0, 4) == "(!) "): null

27-02-2025T17:35:15 - [TEST_STEP][PASSED] - myType = element.getAttribute("type"): null

27-02-2025T17:35:15 - [TEST_STEP][PASSED] - if (myValue in varParms[i]): null

27-02-2025T17:35:15 - [TEST_STEP][PASSED] - else: null

27-02-2025T17:35:15 - [TEST_STEP][PASSED] - inList = false: null

27-02-2025T17:35:15 - [TEST_STEP][PASSED] - if (myType == "checkbox"): null

27-02-2025T17:35:15 - [TEST_STEP][PASSED] - myStatus = element.isSelected(): null

27-02-2025T17:35:15 - [TEST_STEP][PASSED] - if (debug): null

27-02-2025T17:35:15 - [TEST_STEP][PASSED] - if (toggle && myStatus && inList): null

27-02-2025T17:35:15 - [TEST_STEP][PASSED] - if (!(myStatus) && inList || myStatus && !(inList)): null

27-02-2025T17:35:15 - [TEST_STEP][PASSED] - myValue = element.getAttribute("value"): null

27-02-2025T17:35:15 - [TEST_STEP][PASSED] - if (debug): null

27-02-2025T17:35:15 - [TEST_STEP][PASSED] - if (myValue.length() >= 4): null

27-02-2025T17:35:15 - [TEST_STEP][PASSED] - if (myValue.substring(0, 4) == "(!) "): null

27-02-2025T17:35:15 - [TEST_STEP][PASSED] - myType = element.getAttribute("type"): null

27-02-2025T17:35:15 - [TEST_STEP][PASSED] - if (myValue in varParms[i]): null

27-02-2025T17:35:15 - [TEST_STEP][PASSED] - else: null

27-02-2025T17:35:15 - [TEST_STEP][PASSED] - inList = false: null

27-02-2025T17:35:15 - [TEST_STEP][PASSED] - if (myType == "checkbox"): null

27-02-2025T17:35:15 - [TEST_STEP][PASSED] - myStatus = element.isSelected(): null

27-02-2025T17:35:15 - [TEST_STEP][PASSED] - if (debug): null

27-02-2025T17:35:15 - [TEST_STEP][PASSED] - if (toggle && myStatus && inList): null

27-02-2025T17:35:15 - [TEST_STEP][PASSED] - if (!(myStatus) && inList || myStatus && !(inList)): null

27-02-2025T17:35:15 - [TEST_STEP][PASSED] - myValue = element.getAttribute("value"): null

27-02-2025T17:35:15 - [TEST_STEP][PASSED] - if (debug): null

27-02-2025T17:35:15 - [TEST_STEP][PASSED] - if (myValue.length() >= 4): null

27-02-2025T17:35:15 - [TEST_STEP][PASSED] - if (myValue.substring(0, 4) == "(!) "): null

27-02-2025T17:35:15 - [TEST_STEP][PASSED] - myType = element.getAttribute("type"): null

27-02-2025T17:35:15 - [TEST_STEP][PASSED] - if (myValue in varParms[i]): null

27-02-2025T17:35:15 - [TEST_STEP][PASSED] - else: null

27-02-2025T17:35:15 - [TEST_STEP][PASSED] - inList = false: null

27-02-2025T17:35:15 - [TEST_STEP][PASSED] - if (myType == "checkbox"): null

27-02-2025T17:35:15 - [TEST_STEP][PASSED] - myStatus = element.isSelected(): null

27-02-2025T17:35:15 - [TEST_STEP][PASSED] - if (debug): null

27-02-2025T17:35:15 - [TEST_STEP][PASSED] - if (toggle && myStatus && inList): null

27-02-2025T17:35:15 - [TEST_STEP][PASSED] - if (!(myStatus) && inList || myStatus && !(inList)): null

27-02-2025T17:35:15 - [TEST_STEP][PASSED] - myValue = element.getAttribute("value"): null

27-02-2025T17:35:15 - [TEST_STEP][PASSED] - if (debug): null

27-02-2025T17:35:15 - [TEST_STEP][PASSED] - if (myValue.length() >= 4): null

27-02-2025T17:35:15 - [TEST_STEP][PASSED] - if (myValue.substring(0, 4) == "(!) "): null

27-02-2025T17:35:15 - [TEST_STEP][PASSED] - myType = element.getAttribute("type"): null

27-02-2025T17:35:15 - [TEST_STEP][PASSED] - if (myValue in varParms[i]): null

27-02-2025T17:35:15 - [TEST_STEP][PASSED] - else: null

27-02-2025T17:35:15 - [TEST_STEP][PASSED] - inList = false: null

27-02-2025T17:35:15 - [TEST_STEP][PASSED] - if (myType == "checkbox"): null

27-02-2025T17:35:15 - [TEST_STEP][PASSED] - myStatus = element.isSelected(): null

27-02-2025T17:35:15 - [TEST_STEP][PASSED] - if (debug): null

27-02-2025T17:35:15 - [TEST_STEP][PASSED] - if (toggle && myStatus && inList): null

27-02-2025T17:35:15 - [TEST_STEP][PASSED] - if (!(myStatus) && inList || myStatus && !(inList)): null

27-02-2025T17:35:15 - [TEST_STEP][PASSED] - myValue = element.getAttribute("value"): null

27-02-2025T17:35:15 - [TEST_STEP][PASSED] - if (debug): null

27-02-2025T17:35:15 - [TEST_STEP][PASSED] - if (myValue.length() >= 4): null

27-02-2025T17:35:15 - [TEST_STEP][PASSED] - if (myValue.substring(0, 4) == "(!) "): null

27-02-2025T17:35:15 - [TEST_STEP][PASSED] - myType = element.getAttribute("type"): null

27-02-2025T17:35:15 - [TEST_STEP][PASSED] - if (myValue in varParms[i]): null

27-02-2025T17:35:15 - [TEST_STEP][PASSED] - else: null

27-02-2025T17:35:15 - [TEST_STEP][PASSED] - inList = false: null

27-02-2025T17:35:15 - [TEST_STEP][PASSED] - if (myType == "checkbox"): null

27-02-2025T17:35:15 - [TEST_STEP][PASSED] - myStatus = element.isSelected(): null

27-02-2025T17:35:15 - [TEST_STEP][PASSED] - if (debug): null

27-02-2025T17:35:15 - [TEST_STEP][PASSED] - if (toggle && myStatus && inList): null

27-02-2025T17:35:15 - [TEST_STEP][PASSED] - if (!(myStatus) && inList || myStatus && !(inList)): null

27-02-2025T17:35:15 - [TEST_STEP][PASSED] - myValue = element.getAttribute("value"): null

27-02-2025T17:35:15 - [TEST_STEP][PASSED] - if (debug): null

27-02-2025T17:35:15 - [TEST_STEP][PASSED] - if (myValue.length() >= 4): null

27-02-2025T17:35:15 - [TEST_STEP][PASSED] - if (myValue.substring(0, 4) == "(!) "): null

27-02-2025T17:35:15 - [TEST_STEP][PASSED] - myType = element.getAttribute("type"): null

27-02-2025T17:35:15 - [TEST_STEP][PASSED] - if (myValue in varParms[i]): null

27-02-2025T17:35:15 - [TEST_STEP][PASSED] - else: null

27-02-2025T17:35:15 - [TEST_STEP][PASSED] - inList = false: null

27-02-2025T17:35:15 - [TEST_STEP][PASSED] - if (myType == "checkbox"): null

27-02-2025T17:35:15 - [TEST_STEP][PASSED] - myStatus = element.isSelected(): null

27-02-2025T17:35:15 - [TEST_STEP][PASSED] - if (debug): null

27-02-2025T17:35:15 - [TEST_STEP][PASSED] - if (toggle && myStatus && inList): null

27-02-2025T17:35:15 - [TEST_STEP][PASSED] - if (!(myStatus) && inList || myStatus && !(inList)): null

27-02-2025T17:35:15 - [TEST_STEP][PASSED] - myValue = element.getAttribute("value"): null

27-02-2025T17:35:15 - [TEST_STEP][PASSED] - if (debug): null

27-02-2025T17:35:15 - [TEST_STEP][PASSED] - if (myValue.length() >= 4): null

27-02-2025T17:35:15 - [TEST_STEP][PASSED] - if (myValue.substring(0, 4) == "(!) "): null

27-02-2025T17:35:15 - [TEST_STEP][PASSED] - myType = element.getAttribute("type"): null

27-02-2025T17:35:15 - [TEST_STEP][PASSED] - if (myValue in varParms[i]): null

27-02-2025T17:35:15 - [TEST_STEP][PASSED] - else: null

27-02-2025T17:35:15 - [TEST_STEP][PASSED] - inList = false: null

27-02-2025T17:35:15 - [TEST_STEP][PASSED] - if (myType == "checkbox"): null

27-02-2025T17:35:15 - [TEST_STEP][PASSED] - myStatus = element.isSelected(): null

27-02-2025T17:35:15 - [TEST_STEP][PASSED] - if (debug): null

27-02-2025T17:35:15 - [TEST_STEP][PASSED] - if (toggle && myStatus && inList): null

27-02-2025T17:35:15 - [TEST_STEP][PASSED] - if (!(myStatus) && inList || myStatus && !(inList)): null

27-02-2025T17:35:15 - [TEST_STEP][PASSED] - myValue = element.getAttribute("value"): null

27-02-2025T17:35:15 - [TEST_STEP][PASSED] - if (debug): null

27-02-2025T17:35:15 - [TEST_STEP][PASSED] - if (myValue.length() >= 4): null

27-02-2025T17:35:15 - [TEST_STEP][PASSED] - if (myValue.substring(0, 4) == "(!) "): null

27-02-2025T17:35:15 - [TEST_STEP][PASSED] - myType = element.getAttribute("type"): null

27-02-2025T17:35:15 - [TEST_STEP][PASSED] - if (myValue in varParms[i]): null

27-02-2025T17:35:15 - [TEST_STEP][PASSED] - else: null

27-02-2025T17:35:15 - [TEST_STEP][PASSED] - inList = false: null

27-02-2025T17:35:15 - [TEST_STEP][PASSED] - if (myType == "checkbox"): null

27-02-2025T17:35:15 - [TEST_STEP][PASSED] - myStatus = element.isSelected(): null

27-02-2025T17:35:15 - [TEST_STEP][PASSED] - if (debug): null

27-02-2025T17:35:15 - [TEST_STEP][PASSED] - if (toggle && myStatus && inList): null

27-02-2025T17:35:15 - [TEST_STEP][PASSED] - if (!(myStatus) && inList || myStatus && !(inList)): null

27-02-2025T17:35:15 - [TEST_STEP][PASSED] - myValue = element.getAttribute("value"): null

27-02-2025T17:35:15 - [TEST_STEP][PASSED] - if (debug): null

27-02-2025T17:35:15 - [TEST_STEP][PASSED] - if (myValue.length() >= 4): null

27-02-2025T17:35:15 - [TEST_STEP][PASSED] - if (myValue.substring(0, 4) == "(!) "): null

27-02-2025T17:35:15 - [TEST_STEP][PASSED] - myType = element.getAttribute("type"): null

27-02-2025T17:35:15 - [TEST_STEP][PASSED] - if (myValue in varParms[i]): null

27-02-2025T17:35:15 - [TEST_STEP][PASSED] - else: null

27-02-2025T17:35:15 - [TEST_STEP][PASSED] - inList = false: null

27-02-2025T17:35:15 - [TEST_STEP][PASSED] - if (myType == "checkbox"): null

27-02-2025T17:35:15 - [TEST_STEP][PASSED] - myStatus = element.isSelected(): null

27-02-2025T17:35:15 - [TEST_STEP][PASSED] - if (debug): null

27-02-2025T17:35:15 - [TEST_STEP][PASSED] - if (toggle && myStatus && inList): null

27-02-2025T17:35:15 - [TEST_STEP][PASSED] - if (!(myStatus) && inList || myStatus && !(inList)): null

27-02-2025T17:35:15 - [TEST_STEP][PASSED] - myValue = element.getAttribute("value"): null

27-02-2025T17:35:15 - [TEST_STEP][PASSED] - if (debug): null

27-02-2025T17:35:15 - [TEST_STEP][PASSED] - if (myValue.length() >= 4): null

27-02-2025T17:35:15 - [TEST_STEP][PASSED] - if (myValue.substring(0, 4) == "(!) "): null

27-02-2025T17:35:15 - [TEST_STEP][PASSED] - myType = element.getAttribute("type"): null

27-02-2025T17:35:15 - [TEST_STEP][PASSED] - if (myValue in varParms[i]): null

27-02-2025T17:35:15 - [TEST_STEP][PASSED] - else: null

27-02-2025T17:35:15 - [TEST_STEP][PASSED] - inList = false: null

27-02-2025T17:35:15 - [TEST_STEP][PASSED] - if (myType == "checkbox"): null

27-02-2025T17:35:15 - [TEST_STEP][PASSED] - myStatus = element.isSelected(): null

27-02-2025T17:35:15 - [TEST_STEP][PASSED] - if (debug): null

27-02-2025T17:35:15 - [TEST_STEP][PASSED] - if (toggle && myStatus && inList): null

27-02-2025T17:35:16 - [TEST_STEP][PASSED] - if (!(myStatus) && inList || myStatus && !(inList)): null

27-02-2025T17:35:16 - [TEST_STEP][PASSED] - myValue = element.getAttribute("value"): null

27-02-2025T17:35:16 - [TEST_STEP][PASSED] - if (debug): null

27-02-2025T17:35:16 - [TEST_STEP][PASSED] - if (myValue.length() >= 4): null

27-02-2025T17:35:16 - [TEST_STEP][PASSED] - if (myValue.substring(0, 4) == "(!) "): null

27-02-2025T17:35:16 - [TEST_STEP][PASSED] - myType = element.getAttribute("type"): null

27-02-2025T17:35:16 - [TEST_STEP][PASSED] - if (myValue in varParms[i]): null

27-02-2025T17:35:16 - [TEST_STEP][PASSED] - else: null

27-02-2025T17:35:16 - [TEST_STEP][PASSED] - inList = false: null

27-02-2025T17:35:16 - [TEST_STEP][PASSED] - if (myType == "checkbox"): null

27-02-2025T17:35:16 - [TEST_STEP][PASSED] - myStatus = element.isSelected(): null

27-02-2025T17:35:16 - [TEST_STEP][PASSED] - if (debug): null

27-02-2025T17:35:16 - [TEST_STEP][PASSED] - if (toggle && myStatus && inList): null

27-02-2025T17:35:16 - [TEST_STEP][PASSED] - if (!(myStatus) && inList || myStatus && !(inList)): null

27-02-2025T17:35:16 - [TEST_STEP][PASSED] - myValue = element.getAttribute("value"): null

27-02-2025T17:35:16 - [TEST_STEP][PASSED] - if (debug): null

27-02-2025T17:35:16 - [TEST_STEP][PASSED] - if (myValue.length() >= 4): null

27-02-2025T17:35:16 - [TEST_STEP][PASSED] - if (myValue.substring(0, 4) == "(!) "): null

27-02-2025T17:35:16 - [TEST_STEP][PASSED] - myType = element.getAttribute("type"): null

27-02-2025T17:35:16 - [TEST_STEP][PASSED] - if (myValue in varParms[i]): null

27-02-2025T17:35:16 - [TEST_STEP][PASSED] - else: null

27-02-2025T17:35:16 - [TEST_STEP][PASSED] - inList = false: null

27-02-2025T17:35:16 - [TEST_STEP][PASSED] - if (myType == "checkbox"): null

27-02-2025T17:35:16 - [TEST_STEP][PASSED] - myStatus = element.isSelected(): null

27-02-2025T17:35:16 - [TEST_STEP][PASSED] - if (debug): null

27-02-2025T17:35:16 - [TEST_STEP][PASSED] - if (toggle && myStatus && inList): null

27-02-2025T17:35:16 - [TEST_STEP][PASSED] - if (!(myStatus) && inList || myStatus && !(inList)): null

27-02-2025T17:35:16 - [TEST_STEP][PASSED] - myValue = element.getAttribute("value"): null

27-02-2025T17:35:16 - [TEST_STEP][PASSED] - if (debug): null

27-02-2025T17:35:16 - [TEST_STEP][PASSED] - if (myValue.length() >= 4): null

27-02-2025T17:35:16 - [TEST_STEP][PASSED] - if (myValue.substring(0, 4) == "(!) "): null

27-02-2025T17:35:16 - [TEST_STEP][PASSED] - myType = element.getAttribute("type"): null

27-02-2025T17:35:16 - [TEST_STEP][PASSED] - if (myValue in varParms[i]): null

27-02-2025T17:35:16 - [TEST_STEP][PASSED] - else: null

27-02-2025T17:35:16 - [TEST_STEP][PASSED] - inList = false: null

27-02-2025T17:35:16 - [TEST_STEP][PASSED] - if (myType == "checkbox"): null

27-02-2025T17:35:16 - [TEST_STEP][PASSED] - myStatus = element.isSelected(): null

27-02-2025T17:35:16 - [TEST_STEP][PASSED] - if (debug): null

27-02-2025T17:35:16 - [TEST_STEP][PASSED] - if (toggle && myStatus && inList): null

27-02-2025T17:35:16 - [TEST_STEP][PASSED] - if (!(myStatus) && inList || myStatus && !(inList)): null

27-02-2025T17:35:16 - [TEST_STEP][PASSED] - myValue = element.getAttribute("value"): null

27-02-2025T17:35:16 - [TEST_STEP][PASSED] - if (debug): null

27-02-2025T17:35:16 - [TEST_STEP][PASSED] - if (myValue.length() >= 4): null

27-02-2025T17:35:16 - [TEST_STEP][PASSED] - if (myValue.substring(0, 4) == "(!) "): null

27-02-2025T17:35:16 - [TEST_STEP][PASSED] - myType = element.getAttribute("type"): null

27-02-2025T17:35:16 - [TEST_STEP][PASSED] - if (myValue in varParms[i]): null

27-02-2025T17:35:16 - [TEST_STEP][PASSED] - else: null

27-02-2025T17:35:16 - [TEST_STEP][PASSED] - inList = false: null

27-02-2025T17:35:16 - [TEST_STEP][PASSED] - if (myType == "checkbox"): null

27-02-2025T17:35:16 - [TEST_STEP][PASSED] - myStatus = element.isSelected(): null

27-02-2025T17:35:16 - [TEST_STEP][PASSED] - if (debug): null

27-02-2025T17:35:16 - [TEST_STEP][PASSED] - if (toggle && myStatus && inList): null

27-02-2025T17:35:16 - [TEST_STEP][PASSED] - if (!(myStatus) && inList || myStatus && !(inList)): null

27-02-2025T17:35:16 - [TEST_STEP][PASSED] - myValue = element.getAttribute("value"): null

27-02-2025T17:35:16 - [TEST_STEP][PASSED] - if (debug): null

27-02-2025T17:35:16 - [TEST_STEP][PASSED] - if (myValue.length() >= 4): null

27-02-2025T17:35:16 - [TEST_STEP][PASSED] - if (myValue.substring(0, 4) == "(!) "): null

27-02-2025T17:35:16 - [TEST_STEP][PASSED] - myType = element.getAttribute("type"): null

27-02-2025T17:35:16 - [TEST_STEP][PASSED] - if (myValue in varParms[i]): null

27-02-2025T17:35:16 - [TEST_STEP][PASSED] - else: null

27-02-2025T17:35:16 - [TEST_STEP][PASSED] - inList = false: null

27-02-2025T17:35:16 - [TEST_STEP][PASSED] - if (myType == "checkbox"): null

27-02-2025T17:35:16 - [TEST_STEP][PASSED] - myStatus = element.isSelected(): null

27-02-2025T17:35:16 - [TEST_STEP][PASSED] - if (debug): null

27-02-2025T17:35:16 - [TEST_STEP][PASSED] - if (toggle && myStatus && inList): null

27-02-2025T17:35:16 - [TEST_STEP][PASSED] - if (!(myStatus) && inList || myStatus && !(inList)): null

27-02-2025T17:35:16 - [TEST_STEP][PASSED] - myValue = element.getAttribute("value"): null

27-02-2025T17:35:16 - [TEST_STEP][PASSED] - if (debug): null

27-02-2025T17:35:16 - [TEST_STEP][PASSED] - if (myValue.length() >= 4): null

27-02-2025T17:35:16 - [TEST_STEP][PASSED] - if (myValue.substring(0, 4) == "(!) "): null

27-02-2025T17:35:16 - [TEST_STEP][PASSED] - myType = element.getAttribute("type"): null

27-02-2025T17:35:16 - [TEST_STEP][PASSED] - if (myValue in varParms[i]): null

27-02-2025T17:35:16 - [TEST_STEP][PASSED] - else: null

27-02-2025T17:35:16 - [TEST_STEP][PASSED] - inList = false: null

27-02-2025T17:35:16 - [TEST_STEP][PASSED] - if (myType == "checkbox"): null

27-02-2025T17:35:16 - [TEST_STEP][PASSED] - myStatus = element.isSelected(): null

27-02-2025T17:35:16 - [TEST_STEP][PASSED] - if (debug): null

27-02-2025T17:35:16 - [TEST_STEP][PASSED] - if (toggle && myStatus && inList): null

27-02-2025T17:35:16 - [TEST_STEP][PASSED] - if (!(myStatus) && inList || myStatus && !(inList)): null

27-02-2025T17:35:16 - [TEST_STEP][PASSED] - myValue = element.getAttribute("value"): null

27-02-2025T17:35:16 - [TEST_STEP][PASSED] - if (debug): null

27-02-2025T17:35:16 - [TEST_STEP][PASSED] - if (myValue.length() >= 4): null

27-02-2025T17:35:16 - [TEST_STEP][PASSED] - if (myValue.substring(0, 4) == "(!) "): null

27-02-2025T17:35:16 - [TEST_STEP][PASSED] - myType = element.getAttribute("type"): null

27-02-2025T17:35:16 - [TEST_STEP][PASSED] - if (myValue in varParms[i]): null

27-02-2025T17:35:16 - [TEST_STEP][PASSED] - else: null

27-02-2025T17:35:16 - [TEST_STEP][PASSED] - inList = false: null

27-02-2025T17:35:16 - [TEST_STEP][PASSED] - if (myType == "checkbox"): null

27-02-2025T17:35:16 - [TEST_STEP][PASSED] - myStatus = element.isSelected(): null

27-02-2025T17:35:16 - [TEST_STEP][PASSED] - if (debug): null

27-02-2025T17:35:16 - [TEST_STEP][PASSED] - if (toggle && myStatus && inList): null

27-02-2025T17:35:16 - [TEST_STEP][PASSED] - if (!(myStatus) && inList || myStatus && !(inList)): null

27-02-2025T17:35:16 - [TEST_STEP][PASSED] - myValue = element.getAttribute("value"): null

27-02-2025T17:35:16 - [TEST_STEP][PASSED] - if (debug): null

27-02-2025T17:35:16 - [TEST_STEP][PASSED] - if (myValue.length() >= 4): null

27-02-2025T17:35:16 - [TEST_STEP][PASSED] - if (myValue.substring(0, 4) == "(!) "): null

27-02-2025T17:35:16 - [TEST_STEP][PASSED] - myType = element.getAttribute("type"): null

27-02-2025T17:35:16 - [TEST_STEP][PASSED] - if (myValue in varParms[i]): null

27-02-2025T17:35:16 - [TEST_STEP][PASSED] - else: null

27-02-2025T17:35:16 - [TEST_STEP][PASSED] - inList = false: null

27-02-2025T17:35:16 - [TEST_STEP][PASSED] - if (myType == "checkbox"): null

27-02-2025T17:35:16 - [TEST_STEP][PASSED] - myStatus = element.isSelected(): null

27-02-2025T17:35:16 - [TEST_STEP][PASSED] - if (debug): null

27-02-2025T17:35:16 - [TEST_STEP][PASSED] - if (toggle && myStatus && inList): null

27-02-2025T17:35:16 - [TEST_STEP][PASSED] - if (!(myStatus) && inList || myStatus && !(inList)): null

27-02-2025T17:35:16 - [TEST_STEP][PASSED] - myValue = element.getAttribute("value"): null

27-02-2025T17:35:16 - [TEST_STEP][PASSED] - if (debug): null

27-02-2025T17:35:16 - [TEST_STEP][PASSED] - if (myValue.length() >= 4): null

27-02-2025T17:35:16 - [TEST_STEP][PASSED] - if (myValue.substring(0, 4) == "(!) "): null

27-02-2025T17:35:16 - [TEST_STEP][PASSED] - myType = element.getAttribute("type"): null

27-02-2025T17:35:16 - [TEST_STEP][PASSED] - if (myValue in varParms[i]): null

27-02-2025T17:35:16 - [TEST_STEP][PASSED] - else: null

27-02-2025T17:35:16 - [TEST_STEP][PASSED] - inList = false: null

27-02-2025T17:35:16 - [TEST_STEP][PASSED] - if (myType == "checkbox"): null

27-02-2025T17:35:16 - [TEST_STEP][PASSED] - myStatus = element.isSelected(): null

27-02-2025T17:35:16 - [TEST_STEP][PASSED] - if (debug): null

27-02-2025T17:35:16 - [TEST_STEP][PASSED] - if (toggle && myStatus && inList): null

27-02-2025T17:35:16 - [TEST_STEP][PASSED] - if (!(myStatus) && inList || myStatus && !(inList)): null

27-02-2025T17:35:16 - [TEST_STEP][PASSED] - myValue = element.getAttribute("value"): null

27-02-2025T17:35:16 - [TEST_STEP][PASSED] - if (debug): null

27-02-2025T17:35:16 - [TEST_STEP][PASSED] - if (myValue.length() >= 4): null

27-02-2025T17:35:16 - [TEST_STEP][PASSED] - if (myValue.substring(0, 4) == "(!) "): null

27-02-2025T17:35:16 - [TEST_STEP][PASSED] - myType = element.getAttribute("type"): null

27-02-2025T17:35:16 - [TEST_STEP][PASSED] - if (myValue in varParms[i]): null

27-02-2025T17:35:16 - [TEST_STEP][PASSED] - else: null

27-02-2025T17:35:16 - [TEST_STEP][PASSED] - inList = false: null

27-02-2025T17:35:16 - [TEST_STEP][PASSED] - if (myType == "checkbox"): null

27-02-2025T17:35:16 - [TEST_STEP][PASSED] - myStatus = element.isSelected(): null

27-02-2025T17:35:16 - [TEST_STEP][PASSED] - if (debug): null

27-02-2025T17:35:16 - [TEST_STEP][PASSED] - if (toggle && myStatus && inList): null

27-02-2025T17:35:16 - [TEST_STEP][PASSED] - if (!(myStatus) && inList || myStatus && !(inList)): null

27-02-2025T17:35:16 - [TEST_STEP][PASSED] - myValue = element.getAttribute("value"): null

27-02-2025T17:35:16 - [TEST_STEP][PASSED] - if (debug): null

27-02-2025T17:35:16 - [TEST_STEP][PASSED] - if (myValue.length() >= 4): null

27-02-2025T17:35:16 - [TEST_STEP][PASSED] - if (myValue.substring(0, 4) == "(!) "): null

27-02-2025T17:35:16 - [TEST_STEP][PASSED] - myType = element.getAttribute("type"): null

27-02-2025T17:35:16 - [TEST_STEP][PASSED] - if (myValue in varParms[i]): null

27-02-2025T17:35:16 - [TEST_STEP][PASSED] - else: null

27-02-2025T17:35:16 - [TEST_STEP][PASSED] - inList = false: null

27-02-2025T17:35:16 - [TEST_STEP][PASSED] - if (myType == "checkbox"): null

27-02-2025T17:35:16 - [TEST_STEP][PASSED] - myStatus = element.isSelected(): null

27-02-2025T17:35:16 - [TEST_STEP][PASSED] - if (debug): null

27-02-2025T17:35:16 - [TEST_STEP][PASSED] - if (toggle && myStatus && inList): null

27-02-2025T17:35:16 - [TEST_STEP][PASSED] - if (!(myStatus) && inList || myStatus && !(inList)): null

27-02-2025T17:35:16 - [TEST_STEP][PASSED] - myValue = element.getAttribute("value"): null

27-02-2025T17:35:16 - [TEST_STEP][PASSED] - if (debug): null

27-02-2025T17:35:16 - [TEST_STEP][PASSED] - if (myValue.length() >= 4): null

27-02-2025T17:35:16 - [TEST_STEP][PASSED] - if (myValue.substring(0, 4) == "(!) "): null

27-02-2025T17:35:16 - [TEST_STEP][PASSED] - myType = element.getAttribute("type"): null

27-02-2025T17:35:16 - [TEST_STEP][PASSED] - if (myValue in varParms[i]): null

27-02-2025T17:35:16 - [TEST_STEP][PASSED] - else: null

27-02-2025T17:35:16 - [TEST_STEP][PASSED] - inList = false: null

27-02-2025T17:35:16 - [TEST_STEP][PASSED] - if (myType == "checkbox"): null

27-02-2025T17:35:16 - [TEST_STEP][PASSED] - myStatus = element.isSelected(): null

27-02-2025T17:35:16 - [TEST_STEP][PASSED] - if (debug): null

27-02-2025T17:35:16 - [TEST_STEP][PASSED] - if (toggle && myStatus && inList): null

27-02-2025T17:35:16 - [TEST_STEP][PASSED] - if (!(myStatus) && inList || myStatus && !(inList)): null

27-02-2025T17:35:16 - [TEST_STEP][PASSED] - myValue = element.getAttribute("value"): null

27-02-2025T17:35:16 - [TEST_STEP][PASSED] - if (debug): null

27-02-2025T17:35:16 - [TEST_STEP][PASSED] - if (myValue.length() >= 4): null

27-02-2025T17:35:16 - [TEST_STEP][PASSED] - if (myValue.substring(0, 4) == "(!) "): null

27-02-2025T17:35:16 - [TEST_STEP][PASSED] - myType = element.getAttribute("type"): null

27-02-2025T17:35:16 - [TEST_STEP][PASSED] - if (myValue in varParms[i]): null

27-02-2025T17:35:16 - [TEST_STEP][PASSED] - else: null

27-02-2025T17:35:16 - [TEST_STEP][PASSED] - inList = false: null

27-02-2025T17:35:16 - [TEST_STEP][PASSED] - if (myType == "checkbox"): null

27-02-2025T17:35:16 - [TEST_STEP][PASSED] - myStatus = element.isSelected(): null

27-02-2025T17:35:16 - [TEST_STEP][PASSED] - if (debug): null

27-02-2025T17:35:16 - [TEST_STEP][PASSED] - if (toggle && myStatus && inList): null

27-02-2025T17:35:16 - [TEST_STEP][PASSED] - if (!(myStatus) && inList || myStatus && !(inList)): null

27-02-2025T17:35:16 - [TEST_STEP][PASSED] - myValue = element.getAttribute("value"): null

27-02-2025T17:35:16 - [TEST_STEP][PASSED] - if (debug): null

27-02-2025T17:35:16 - [TEST_STEP][PASSED] - if (myValue.length() >= 4): null

27-02-2025T17:35:16 - [TEST_STEP][PASSED] - if (myValue.substring(0, 4) == "(!) "): null

27-02-2025T17:35:16 - [TEST_STEP][PASSED] - myType = element.getAttribute("type"): null

27-02-2025T17:35:16 - [TEST_STEP][PASSED] - if (myValue in varParms[i]): null

27-02-2025T17:35:16 - [TEST_STEP][PASSED] - else: null

27-02-2025T17:35:16 - [TEST_STEP][PASSED] - inList = false: null

27-02-2025T17:35:16 - [TEST_STEP][PASSED] - if (myType == "checkbox"): null

27-02-2025T17:35:16 - [TEST_STEP][PASSED] - myStatus = element.isSelected(): null

27-02-2025T17:35:16 - [TEST_STEP][PASSED] - if (debug): null

27-02-2025T17:35:16 - [TEST_STEP][PASSED] - if (toggle && myStatus && inList): null

27-02-2025T17:35:16 - [TEST_STEP][PASSED] - if (!(myStatus) && inList || myStatus && !(inList)): null

27-02-2025T17:35:16 - [TEST_STEP][PASSED] - myValue = element.getAttribute("value"): null

27-02-2025T17:35:16 - [TEST_STEP][PASSED] - if (debug): null

27-02-2025T17:35:16 - [TEST_STEP][PASSED] - if (myValue.length() >= 4): null

27-02-2025T17:35:16 - [TEST_STEP][PASSED] - if (myValue.substring(0, 4) == "(!) "): null

27-02-2025T17:35:16 - [TEST_STEP][PASSED] - myType = element.getAttribute("type"): null

27-02-2025T17:35:16 - [TEST_STEP][PASSED] - if (myValue in varParms[i]): null

27-02-2025T17:35:16 - [TEST_STEP][PASSED] - else: null

27-02-2025T17:35:16 - [TEST_STEP][PASSED] - inList = false: null

27-02-2025T17:35:16 - [TEST_STEP][PASSED] - if (myType == "checkbox"): null

27-02-2025T17:35:16 - [TEST_STEP][PASSED] - myStatus = element.isSelected(): null

27-02-2025T17:35:16 - [TEST_STEP][PASSED] - if (debug): null

27-02-2025T17:35:16 - [TEST_STEP][PASSED] - if (toggle && myStatus && inList): null

27-02-2025T17:35:16 - [TEST_STEP][PASSED] - if (!(myStatus) && inList || myStatus && !(inList)): null

27-02-2025T17:35:16 - [TEST_STEP][PASSED] - myValue = element.getAttribute("value"): null

27-02-2025T17:35:16 - [TEST_STEP][PASSED] - if (debug): null

27-02-2025T17:35:16 - [TEST_STEP][PASSED] - if (myValue.length() >= 4): null

27-02-2025T17:35:16 - [TEST_STEP][PASSED] - if (myValue.substring(0, 4) == "(!) "): null

27-02-2025T17:35:16 - [TEST_STEP][PASSED] - myType = element.getAttribute("type"): null

27-02-2025T17:35:16 - [TEST_STEP][PASSED] - if (myValue in varParms[i]): null

27-02-2025T17:35:16 - [TEST_STEP][PASSED] - else: null

27-02-2025T17:35:16 - [TEST_STEP][PASSED] - inList = false: null

27-02-2025T17:35:16 - [TEST_STEP][PASSED] - if (myType == "checkbox"): null

27-02-2025T17:35:16 - [TEST_STEP][PASSED] - myStatus = element.isSelected(): null

27-02-2025T17:35:16 - [TEST_STEP][PASSED] - if (debug): null

27-02-2025T17:35:16 - [TEST_STEP][PASSED] - if (toggle && myStatus && inList): null

27-02-2025T17:35:16 - [TEST_STEP][PASSED] - if (!(myStatus) && inList || myStatus && !(inList)): null

27-02-2025T17:35:16 - [TEST_STEP][PASSED] - myValue = element.getAttribute("value"): null

27-02-2025T17:35:16 - [TEST_STEP][PASSED] - if (debug): null

27-02-2025T17:35:16 - [TEST_STEP][PASSED] - if (myValue.length() >= 4): null

27-02-2025T17:35:16 - [TEST_STEP][PASSED] - if (myValue.substring(0, 4) == "(!) "): null

27-02-2025T17:35:16 - [TEST_STEP][PASSED] - myType = element.getAttribute("type"): null

27-02-2025T17:35:16 - [TEST_STEP][PASSED] - if (myValue in varParms[i]): null

27-02-2025T17:35:16 - [TEST_STEP][PASSED] - else: null

27-02-2025T17:35:16 - [TEST_STEP][PASSED] - inList = false: null

27-02-2025T17:35:16 - [TEST_STEP][PASSED] - if (myType == "checkbox"): null

27-02-2025T17:35:16 - [TEST_STEP][PASSED] - myStatus = element.isSelected(): null

27-02-2025T17:35:16 - [TEST_STEP][PASSED] - if (debug): null

27-02-2025T17:35:16 - [TEST_STEP][PASSED] - if (toggle && myStatus && inList): null

27-02-2025T17:35:16 - [TEST_STEP][PASSED] - if (!(myStatus) && inList || myStatus && !(inList)): null

27-02-2025T17:35:16 - [TEST_STEP][PASSED] - myValue = element.getAttribute("value"): null

27-02-2025T17:35:16 - [TEST_STEP][PASSED] - if (debug): null

27-02-2025T17:35:16 - [TEST_STEP][PASSED] - if (myValue.length() >= 4): null

27-02-2025T17:35:16 - [TEST_STEP][PASSED] - if (myValue.substring(0, 4) == "(!) "): null

27-02-2025T17:35:16 - [TEST_STEP][PASSED] - myType = element.getAttribute("type"): null

27-02-2025T17:35:16 - [TEST_STEP][PASSED] - if (myValue in varParms[i]): null

27-02-2025T17:35:16 - [TEST_STEP][PASSED] - else: null

27-02-2025T17:35:16 - [TEST_STEP][PASSED] - inList = false: null

27-02-2025T17:35:16 - [TEST_STEP][PASSED] - if (myType == "checkbox"): null

27-02-2025T17:35:16 - [TEST_STEP][PASSED] - myStatus = element.isSelected(): null

27-02-2025T17:35:16 - [TEST_STEP][PASSED] - if (debug): null

27-02-2025T17:35:16 - [TEST_STEP][PASSED] - if (toggle && myStatus && inList): null

27-02-2025T17:35:16 - [TEST_STEP][PASSED] - if (!(myStatus) && inList || myStatus && !(inList)): null

27-02-2025T17:35:16 - [TEST_STEP][PASSED] - myValue = element.getAttribute("value"): null

27-02-2025T17:35:16 - [TEST_STEP][PASSED] - if (debug): null

27-02-2025T17:35:16 - [TEST_STEP][PASSED] - if (myValue.length() >= 4): null

27-02-2025T17:35:16 - [TEST_STEP][PASSED] - if (myValue.substring(0, 4) == "(!) "): null

27-02-2025T17:35:16 - [TEST_STEP][PASSED] - myType = element.getAttribute("type"): null

27-02-2025T17:35:16 - [TEST_STEP][PASSED] - if (myValue in varParms[i]): null

27-02-2025T17:35:16 - [TEST_STEP][PASSED] - else: null

27-02-2025T17:35:16 - [TEST_STEP][PASSED] - inList = false: null

27-02-2025T17:35:16 - [TEST_STEP][PASSED] - if (myType == "checkbox"): null

27-02-2025T17:35:16 - [TEST_STEP][PASSED] - myStatus = element.isSelected(): null

27-02-2025T17:35:16 - [TEST_STEP][PASSED] - if (debug): null

27-02-2025T17:35:16 - [TEST_STEP][PASSED] - if (toggle && myStatus && inList): null

27-02-2025T17:35:16 - [TEST_STEP][PASSED] - if (!(myStatus) && inList || myStatus && !(inList)): null

27-02-2025T17:35:16 - [TEST_STEP][PASSED] - myValue = element.getAttribute("value"): null

27-02-2025T17:35:16 - [TEST_STEP][PASSED] - if (debug): null

27-02-2025T17:35:16 - [TEST_STEP][PASSED] - if (myValue.length() >= 4): null

27-02-2025T17:35:16 - [TEST_STEP][PASSED] - if (myValue.substring(0, 4) == "(!) "): null

27-02-2025T17:35:16 - [TEST_STEP][PASSED] - myType = element.getAttribute("type"): null

27-02-2025T17:35:16 - [TEST_STEP][PASSED] - if (myValue in varParms[i]): null

27-02-2025T17:35:16 - [TEST_STEP][PASSED] - else: null

27-02-2025T17:35:16 - [TEST_STEP][PASSED] - inList = false: null

27-02-2025T17:35:16 - [TEST_STEP][PASSED] - if (myType == "checkbox"): null

27-02-2025T17:35:16 - [TEST_STEP][PASSED] - myStatus = element.isSelected(): null

27-02-2025T17:35:16 - [TEST_STEP][PASSED] - if (debug): null

27-02-2025T17:35:16 - [TEST_STEP][PASSED] - if (toggle && myStatus && inList): null

27-02-2025T17:35:16 - [TEST_STEP][PASSED] - if (!(myStatus) && inList || myStatus && !(inList)): null

27-02-2025T17:35:16 - [TEST_STEP][PASSED] - myValue = element.getAttribute("value"): null

27-02-2025T17:35:16 - [TEST_STEP][PASSED] - if (debug): null

27-02-2025T17:35:16 - [TEST_STEP][PASSED] - if (myValue.length() >= 4): null

27-02-2025T17:35:16 - [TEST_STEP][PASSED] - if (myValue.substring(0, 4) == "(!) "): null

27-02-2025T17:35:16 - [TEST_STEP][PASSED] - myType = element.getAttribute("type"): null

27-02-2025T17:35:16 - [TEST_STEP][PASSED] - if (myValue in varParms[i]): null

27-02-2025T17:35:16 - [TEST_STEP][PASSED] - else: null

27-02-2025T17:35:16 - [TEST_STEP][PASSED] - inList = false: null

27-02-2025T17:35:16 - [TEST_STEP][PASSED] - if (myType == "checkbox"): null

27-02-2025T17:35:16 - [TEST_STEP][PASSED] - myStatus = element.isSelected(): null

27-02-2025T17:35:16 - [TEST_STEP][PASSED] - if (debug): null

27-02-2025T17:35:16 - [TEST_STEP][PASSED] - if (toggle && myStatus && inList): null

27-02-2025T17:35:16 - [TEST_STEP][PASSED] - if (!(myStatus) && inList || myStatus && !(inList)): null

27-02-2025T17:35:16 - [TEST_STEP][PASSED] - myValue = element.getAttribute("value"): null

27-02-2025T17:35:16 - [TEST_STEP][PASSED] - if (debug): null

27-02-2025T17:35:16 - [TEST_STEP][PASSED] - if (myValue.length() >= 4): null

27-02-2025T17:35:16 - [TEST_STEP][PASSED] - if (myValue.substring(0, 4) == "(!) "): null

27-02-2025T17:35:16 - [TEST_STEP][PASSED] - myType = element.getAttribute("type"): null

27-02-2025T17:35:16 - [TEST_STEP][PASSED] - if (myValue in varParms[i]): null

27-02-2025T17:35:16 - [TEST_STEP][PASSED] - else: null

27-02-2025T17:35:16 - [TEST_STEP][PASSED] - inList = false: null

27-02-2025T17:35:16 - [TEST_STEP][PASSED] - if (myType == "checkbox"): null

27-02-2025T17:35:16 - [TEST_STEP][PASSED] - myStatus = element.isSelected(): null

27-02-2025T17:35:16 - [TEST_STEP][PASSED] - if (debug): null

27-02-2025T17:35:16 - [TEST_STEP][PASSED] - if (toggle && myStatus && inList): null

27-02-2025T17:35:16 - [TEST_STEP][PASSED] - if (!(myStatus) && inList || myStatus && !(inList)): null

27-02-2025T17:35:16 - [TEST_STEP][PASSED] - myValue = element.getAttribute("value"): null

27-02-2025T17:35:16 - [TEST_STEP][PASSED] - if (debug): null

27-02-2025T17:35:16 - [TEST_STEP][PASSED] - if (myValue.length() >= 4): null

27-02-2025T17:35:16 - [TEST_STEP][PASSED] - if (myValue.substring(0, 4) == "(!) "): null

27-02-2025T17:35:16 - [TEST_STEP][PASSED] - myType = element.getAttribute("type"): null

27-02-2025T17:35:16 - [TEST_STEP][PASSED] - if (myValue in varParms[i]): null

27-02-2025T17:35:16 - [TEST_STEP][PASSED] - else: null

27-02-2025T17:35:16 - [TEST_STEP][PASSED] - inList = false: null

27-02-2025T17:35:16 - [TEST_STEP][PASSED] - if (myType == "checkbox"): null

27-02-2025T17:35:16 - [TEST_STEP][PASSED] - myStatus = element.isSelected(): null

27-02-2025T17:35:16 - [TEST_STEP][PASSED] - if (debug): null

27-02-2025T17:35:16 - [TEST_STEP][PASSED] - if (toggle && myStatus && inList): null

27-02-2025T17:35:16 - [TEST_STEP][PASSED] - if (!(myStatus) && inList || myStatus && !(inList)): null

27-02-2025T17:35:16 - [TEST_STEP][PASSED] - myValue = element.getAttribute("value"): null

27-02-2025T17:35:16 - [TEST_STEP][PASSED] - if (debug): null

27-02-2025T17:35:16 - [TEST_STEP][PASSED] - if (myValue.length() >= 4): null

27-02-2025T17:35:16 - [TEST_STEP][PASSED] - if (myValue.substring(0, 4) == "(!) "): null

27-02-2025T17:35:16 - [TEST_STEP][PASSED] - myType = element.getAttribute("type"): null

27-02-2025T17:35:16 - [TEST_STEP][PASSED] - if (myValue in varParms[i]): null

27-02-2025T17:35:16 - [TEST_STEP][PASSED] - else: null

27-02-2025T17:35:16 - [TEST_STEP][PASSED] - inList = false: null

27-02-2025T17:35:16 - [TEST_STEP][PASSED] - if (myType == "checkbox"): null

27-02-2025T17:35:16 - [TEST_STEP][PASSED] - myStatus = element.isSelected(): null

27-02-2025T17:35:16 - [TEST_STEP][PASSED] - if (debug): null

27-02-2025T17:35:16 - [TEST_STEP][PASSED] - if (toggle && myStatus && inList): null

27-02-2025T17:35:16 - [TEST_STEP][PASSED] - if (!(myStatus) && inList || myStatus && !(inList)): null

27-02-2025T17:35:16 - [TEST_STEP][PASSED] - myValue = element.getAttribute("value"): null

27-02-2025T17:35:16 - [TEST_STEP][PASSED] - if (debug): null

27-02-2025T17:35:16 - [TEST_STEP][PASSED] - if (myValue.length() >= 4): null

27-02-2025T17:35:16 - [TEST_STEP][PASSED] - if (myValue.substring(0, 4) == "(!) "): null

27-02-2025T17:35:16 - [TEST_STEP][PASSED] - myType = element.getAttribute("type"): null

27-02-2025T17:35:16 - [TEST_STEP][PASSED] - if (myValue in varParms[i]): null

27-02-2025T17:35:16 - [TEST_STEP][PASSED] - else: null

27-02-2025T17:35:16 - [TEST_STEP][PASSED] - inList = false: null

27-02-2025T17:35:16 - [TEST_STEP][PASSED] - if (myType == "checkbox"): null

27-02-2025T17:35:16 - [TEST_STEP][PASSED] - myStatus = element.isSelected(): null

27-02-2025T17:35:16 - [TEST_STEP][PASSED] - if (debug): null

27-02-2025T17:35:16 - [TEST_STEP][PASSED] - if (toggle && myStatus && inList): null

27-02-2025T17:35:16 - [TEST_STEP][PASSED] - if (!(myStatus) && inList || myStatus && !(inList)): null

27-02-2025T17:35:16 - [TEST_STEP][PASSED] - myValue = element.getAttribute("value"): null

27-02-2025T17:35:16 - [TEST_STEP][PASSED] - if (debug): null

27-02-2025T17:35:16 - [TEST_STEP][PASSED] - if (myValue.length() >= 4): null

27-02-2025T17:35:16 - [TEST_STEP][PASSED] - if (myValue.substring(0, 4) == "(!) "): null

27-02-2025T17:35:16 - [TEST_STEP][PASSED] - myType = element.getAttribute("type"): null

27-02-2025T17:35:16 - [TEST_STEP][PASSED] - if (myValue in varParms[i]): null

27-02-2025T17:35:16 - [TEST_STEP][PASSED] - else: null

27-02-2025T17:35:16 - [TEST_STEP][PASSED] - inList = false: null

27-02-2025T17:35:16 - [TEST_STEP][PASSED] - if (myType == "checkbox"): null

27-02-2025T17:35:16 - [TEST_STEP][PASSED] - myStatus = element.isSelected(): null

27-02-2025T17:35:16 - [TEST_STEP][PASSED] - if (debug): null

27-02-2025T17:35:16 - [TEST_STEP][PASSED] - if (toggle && myStatus && inList): null

27-02-2025T17:35:16 - [TEST_STEP][PASSED] - if (!(myStatus) && inList || myStatus && !(inList)): null

27-02-2025T17:35:16 - [TEST_STEP][PASSED] - myValue = element.getAttribute("value"): null

27-02-2025T17:35:16 - [TEST_STEP][PASSED] - if (debug): null

27-02-2025T17:35:16 - [TEST_STEP][PASSED] - if (myValue.length() >= 4): null

27-02-2025T17:35:16 - [TEST_STEP][PASSED] - if (myValue.substring(0, 4) == "(!) "): null

27-02-2025T17:35:16 - [TEST_STEP][PASSED] - myType = element.getAttribute("type"): null

27-02-2025T17:35:16 - [TEST_STEP][PASSED] - if (myValue in varParms[i]): null

27-02-2025T17:35:16 - [TEST_STEP][PASSED] - else: null

27-02-2025T17:35:16 - [TEST_STEP][PASSED] - inList = false: null

27-02-2025T17:35:16 - [TEST_STEP][PASSED] - if (myType == "checkbox"): null

27-02-2025T17:35:16 - [TEST_STEP][PASSED] - myStatus = element.isSelected(): null

27-02-2025T17:35:16 - [TEST_STEP][PASSED] - if (debug): null

27-02-2025T17:35:16 - [TEST_STEP][PASSED] - if (toggle && myStatus && inList): null

27-02-2025T17:35:16 - [TEST_STEP][PASSED] - if (!(myStatus) && inList || myStatus && !(inList)): null

27-02-2025T17:35:16 - [TEST_STEP][PASSED] - myValue = element.getAttribute("value"): null

27-02-2025T17:35:16 - [TEST_STEP][PASSED] - if (debug): null

27-02-2025T17:35:16 - [TEST_STEP][PASSED] - if (myValue.length() >= 4): null

27-02-2025T17:35:16 - [TEST_STEP][PASSED] - if (myValue.substring(0, 4) == "(!) "): null

27-02-2025T17:35:16 - [TEST_STEP][PASSED] - myType = element.getAttribute("type"): null

27-02-2025T17:35:16 - [TEST_STEP][PASSED] - if (myValue in varParms[i]): null

27-02-2025T17:35:16 - [TEST_STEP][PASSED] - else: null

27-02-2025T17:35:16 - [TEST_STEP][PASSED] - inList = false: null

27-02-2025T17:35:16 - [TEST_STEP][PASSED] - if (myType == "checkbox"): null

27-02-2025T17:35:16 - [TEST_STEP][PASSED] - myStatus = element.isSelected(): null

27-02-2025T17:35:16 - [TEST_STEP][PASSED] - if (debug): null

27-02-2025T17:35:16 - [TEST_STEP][PASSED] - if (toggle && myStatus && inList): null

27-02-2025T17:35:16 - [TEST_STEP][PASSED] - if (!(myStatus) && inList || myStatus && !(inList)): null

27-02-2025T17:35:16 - [TEST_STEP][PASSED] - myValue = element.getAttribute("value"): null

27-02-2025T17:35:16 - [TEST_STEP][PASSED] - if (debug): null

27-02-2025T17:35:16 - [TEST_STEP][PASSED] - if (myValue.length() >= 4): null

27-02-2025T17:35:16 - [TEST_STEP][PASSED] - if (myValue.substring(0, 4) == "(!) "): null

27-02-2025T17:35:16 - [TEST_STEP][PASSED] - myType = element.getAttribute("type"): null

27-02-2025T17:35:16 - [TEST_STEP][PASSED] - if (myValue in varParms[i]): null

27-02-2025T17:35:16 - [TEST_STEP][PASSED] - else: null

27-02-2025T17:35:16 - [TEST_STEP][PASSED] - inList = false: null

27-02-2025T17:35:16 - [TEST_STEP][PASSED] - if (myType == "checkbox"): null

27-02-2025T17:35:16 - [TEST_STEP][PASSED] - myStatus = element.isSelected(): null

27-02-2025T17:35:16 - [TEST_STEP][PASSED] - if (debug): null

27-02-2025T17:35:16 - [TEST_STEP][PASSED] - if (toggle && myStatus && inList): null

27-02-2025T17:35:16 - [TEST_STEP][PASSED] - if (!(myStatus) && inList || myStatus && !(inList)): null

27-02-2025T17:35:16 - [TEST_STEP][PASSED] - myValue = element.getAttribute("value"): null

27-02-2025T17:35:16 - [TEST_STEP][PASSED] - if (debug): null

27-02-2025T17:35:16 - [TEST_STEP][PASSED] - if (myValue.length() >= 4): null

27-02-2025T17:35:16 - [TEST_STEP][PASSED] - if (myValue.substring(0, 4) == "(!) "): null

27-02-2025T17:35:16 - [TEST_STEP][PASSED] - myType = element.getAttribute("type"): null

27-02-2025T17:35:16 - [TEST_STEP][PASSED] - if (myValue in varParms[i]): null

27-02-2025T17:35:16 - [TEST_STEP][PASSED] - else: null

27-02-2025T17:35:16 - [TEST_STEP][PASSED] - inList = false: null

27-02-2025T17:35:16 - [TEST_STEP][PASSED] - if (myType == "checkbox"): null

27-02-2025T17:35:16 - [TEST_STEP][PASSED] - myStatus = element.isSelected(): null

27-02-2025T17:35:16 - [TEST_STEP][PASSED] - if (debug): null

27-02-2025T17:35:16 - [TEST_STEP][PASSED] - if (toggle && myStatus && inList): null

27-02-2025T17:35:16 - [TEST_STEP][PASSED] - if (!(myStatus) && inList || myStatus && !(inList)): null

27-02-2025T17:35:16 - [TEST_STEP][PASSED] - myValue = element.getAttribute("value"): null

27-02-2025T17:35:16 - [TEST_STEP][PASSED] - if (debug): null

27-02-2025T17:35:16 - [TEST_STEP][PASSED] - if (myValue.length() >= 4): null

27-02-2025T17:35:16 - [TEST_STEP][PASSED] - if (myValue.substring(0, 4) == "(!) "): null

27-02-2025T17:35:16 - [TEST_STEP][PASSED] - myType = element.getAttribute("type"): null

27-02-2025T17:35:16 - [TEST_STEP][PASSED] - if (myValue in varParms[i]): null

27-02-2025T17:35:16 - [TEST_STEP][PASSED] - else: null

27-02-2025T17:35:16 - [TEST_STEP][PASSED] - inList = false: null

27-02-2025T17:35:16 - [TEST_STEP][PASSED] - if (myType == "checkbox"): null

27-02-2025T17:35:16 - [TEST_STEP][PASSED] - myStatus = element.isSelected(): null

27-02-2025T17:35:16 - [TEST_STEP][PASSED] - if (debug): null

27-02-2025T17:35:16 - [TEST_STEP][PASSED] - if (toggle && myStatus && inList): null

27-02-2025T17:35:16 - [TEST_STEP][PASSED] - if (!(myStatus) && inList || myStatus && !(inList)): null

27-02-2025T17:35:16 - [TEST_STEP][PASSED] - myValue = element.getAttribute("value"): null

27-02-2025T17:35:16 - [TEST_STEP][PASSED] - if (debug): null

27-02-2025T17:35:16 - [TEST_STEP][PASSED] - if (myValue.length() >= 4): null

27-02-2025T17:35:16 - [TEST_STEP][PASSED] - if (myValue.substring(0, 4) == "(!) "): null

27-02-2025T17:35:16 - [TEST_STEP][PASSED] - myType = element.getAttribute("type"): null

27-02-2025T17:35:16 - [TEST_STEP][PASSED] - if (myValue in varParms[i]): null

27-02-2025T17:35:16 - [TEST_STEP][PASSED] - else: null

27-02-2025T17:35:16 - [TEST_STEP][PASSED] - inList = false: null

27-02-2025T17:35:16 - [TEST_STEP][PASSED] - if (myType == "checkbox"): null

27-02-2025T17:35:16 - [TEST_STEP][PASSED] - myStatus = element.isSelected(): null

27-02-2025T17:35:16 - [TEST_STEP][PASSED] - if (debug): null

27-02-2025T17:35:16 - [TEST_STEP][PASSED] - if (toggle && myStatus && inList): null

27-02-2025T17:35:16 - [TEST_STEP][PASSED] - if (!(myStatus) && inList || myStatus && !(inList)): null

27-02-2025T17:35:16 - [TEST_STEP][PASSED] - myValue = element.getAttribute("value"): null

27-02-2025T17:35:16 - [TEST_STEP][PASSED] - if (debug): null

27-02-2025T17:35:16 - [TEST_STEP][PASSED] - if (myValue.length() >= 4): null

27-02-2025T17:35:16 - [TEST_STEP][PASSED] - if (myValue.substring(0, 4) == "(!) "): null

27-02-2025T17:35:16 - [TEST_STEP][PASSED] - myType = element.getAttribute("type"): null

27-02-2025T17:35:16 - [TEST_STEP][PASSED] - if (myValue in varParms[i]): null

27-02-2025T17:35:16 - [TEST_STEP][PASSED] - else: null

27-02-2025T17:35:16 - [TEST_STEP][PASSED] - inList = false: null

27-02-2025T17:35:16 - [TEST_STEP][PASSED] - if (myType == "checkbox"): null

27-02-2025T17:35:16 - [TEST_STEP][PASSED] - myStatus = element.isSelected(): null

27-02-2025T17:35:16 - [TEST_STEP][PASSED] - if (debug): null

27-02-2025T17:35:16 - [TEST_STEP][PASSED] - if (toggle && myStatus && inList): null

27-02-2025T17:35:16 - [TEST_STEP][PASSED] - if (!(myStatus) && inList || myStatus && !(inList)): null

27-02-2025T17:35:16 - [TEST_STEP][PASSED] - myValue = element.getAttribute("value"): null

27-02-2025T17:35:16 - [TEST_STEP][PASSED] - if (debug): null

27-02-2025T17:35:16 - [TEST_STEP][PASSED] - if (myValue.length() >= 4): null

27-02-2025T17:35:16 - [TEST_STEP][PASSED] - if (myValue.substring(0, 4) == "(!) "): null

27-02-2025T17:35:16 - [TEST_STEP][PASSED] - myType = element.getAttribute("type"): null

27-02-2025T17:35:16 - [TEST_STEP][PASSED] - if (myValue in varParms[i]): null

27-02-2025T17:35:16 - [TEST_STEP][PASSED] - else: null

27-02-2025T17:35:16 - [TEST_STEP][PASSED] - inList = false: null

27-02-2025T17:35:16 - [TEST_STEP][PASSED] - if (myType == "checkbox"): null

27-02-2025T17:35:16 - [TEST_STEP][PASSED] - myStatus = element.isSelected(): null

27-02-2025T17:35:16 - [TEST_STEP][PASSED] - if (debug): null

27-02-2025T17:35:16 - [TEST_STEP][PASSED] - if (toggle && myStatus && inList): null

27-02-2025T17:35:16 - [TEST_STEP][PASSED] - if (!(myStatus) && inList || myStatus && !(inList)): null

27-02-2025T17:35:16 - [TEST_STEP][PASSED] - myValue = element.getAttribute("value"): null

27-02-2025T17:35:16 - [TEST_STEP][PASSED] - if (debug): null

27-02-2025T17:35:16 - [TEST_STEP][PASSED] - if (myValue.length() >= 4): null

27-02-2025T17:35:16 - [TEST_STEP][PASSED] - if (myValue.substring(0, 4) == "(!) "): null

27-02-2025T17:35:16 - [TEST_STEP][PASSED] - myType = element.getAttribute("type"): null

27-02-2025T17:35:16 - [TEST_STEP][PASSED] - if (myValue in varParms[i]): null

27-02-2025T17:35:16 - [TEST_STEP][PASSED] - else: null

27-02-2025T17:35:16 - [TEST_STEP][PASSED] - inList = false: null

27-02-2025T17:35:16 - [TEST_STEP][PASSED] - if (myType == "checkbox"): null

27-02-2025T17:35:16 - [TEST_STEP][PASSED] - myStatus = element.isSelected(): null

27-02-2025T17:35:16 - [TEST_STEP][PASSED] - if (debug): null

27-02-2025T17:35:16 - [TEST_STEP][PASSED] - if (toggle && myStatus && inList): null

27-02-2025T17:35:16 - [TEST_STEP][PASSED] - if (!(myStatus) && inList || myStatus && !(inList)): null

27-02-2025T17:35:16 - [TEST_STEP][PASSED] - myValue = element.getAttribute("value"): null

27-02-2025T17:35:16 - [TEST_STEP][PASSED] - if (debug): null

27-02-2025T17:35:16 - [TEST_STEP][PASSED] - if (myValue.length() >= 4): null

27-02-2025T17:35:16 - [TEST_STEP][PASSED] - if (myValue.substring(0, 4) == "(!) "): null

27-02-2025T17:35:16 - [TEST_STEP][PASSED] - myType = element.getAttribute("type"): null

27-02-2025T17:35:16 - [TEST_STEP][PASSED] - if (myValue in varParms[i]): null

27-02-2025T17:35:16 - [TEST_STEP][PASSED] - else: null

27-02-2025T17:35:16 - [TEST_STEP][PASSED] - inList = false: null

27-02-2025T17:35:16 - [TEST_STEP][PASSED] - if (myType == "checkbox"): null

27-02-2025T17:35:16 - [TEST_STEP][PASSED] - myStatus = element.isSelected(): null

27-02-2025T17:35:16 - [TEST_STEP][PASSED] - if (debug): null

27-02-2025T17:35:16 - [TEST_STEP][PASSED] - if (toggle && myStatus && inList): null

27-02-2025T17:35:16 - [TEST_STEP][PASSED] - if (!(myStatus) && inList || myStatus && !(inList)): null

27-02-2025T17:35:16 - [TEST_STEP][PASSED] - myValue = element.getAttribute("value"): null

27-02-2025T17:35:16 - [TEST_STEP][PASSED] - if (debug): null

27-02-2025T17:35:16 - [TEST_STEP][PASSED] - if (myValue.length() >= 4): null

27-02-2025T17:35:16 - [TEST_STEP][PASSED] - if (myValue.substring(0, 4) == "(!) "): null

27-02-2025T17:35:16 - [TEST_STEP][PASSED] - myType = element.getAttribute("type"): null

27-02-2025T17:35:16 - [TEST_STEP][PASSED] - if (myValue in varParms[i]): null

27-02-2025T17:35:16 - [TEST_STEP][PASSED] - inList = true: null

27-02-2025T17:35:16 - [TEST_STEP][PASSED] - if (myType == "checkbox"): null

27-02-2025T17:35:16 - [TEST_STEP][PASSED] - myStatus = element.isSelected(): null

27-02-2025T17:35:16 - [TEST_STEP][PASSED] - if (debug): null

27-02-2025T17:35:16 - [TEST_STEP][PASSED] - if (toggle && myStatus && inList): null

27-02-2025T17:35:16 - [TEST_STEP][PASSED] - if (!(myStatus) && inList || myStatus && !(inList)): null

27-02-2025T17:35:16 - [TEST_STEP][PASSED] - if (debug): null

27-02-2025T17:35:16 - [TEST_STEP][PASSED] - println("Clicking " + myValue): null

27-02-2025T17:35:16 - [TEST_STEP][PASSED] - click(element): null

27-02-2025T17:35:16 - [TEST_STEP][PASSED] - scrollToObject(elem): null

27-02-2025T17:35:16 - [TEST_STEP][PASSED] - loc = element.getLocation(): null

27-02-2025T17:35:16 - [TEST_STEP][PASSED] - if (debug): null

27-02-2025T17:35:16 - [TEST_STEP][PASSED] - y = loc.getY(): null

27-02-2025T17:35:16 - [TEST_STEP][PASSED] - println("Y location is " + y): null

27-02-2025T17:35:16 - [TEST_STEP][PASSED] - top = getViewportTopPosition(): Current viewport's top (y) position is 1444

27-02-2025T17:35:16 - [MESSAGE][PASSED] - Current viewport's top (y) position is 1444

27-02-2025T17:35:16 - [TEST_STEP][PASSED] - println("Viewport top is " + top): null

27-02-2025T17:35:16 - [TEST_STEP][PASSED] - bottom = top + 600: null

27-02-2025T17:35:16 - [TEST_STEP][PASSED] - if (y - top < 150 || bottom - y < 10): Delayed 1 second(s)

27-02-2025T17:35:16 - [TEST_STEP][PASSED] - scrollToPosition(0, y - 150): Browser is scrolled to position x = 0, y = 2186

27-02-2025T17:35:16 - [MESSAGE][PASSED] - Browser is scrolled to position x = 0, y = 2186

27-02-2025T17:35:16 - [TEST_STEP][PASSED] - delay(1): Delayed 1 second(s)

27-02-2025T17:35:17 - [MESSAGE][PASSED] - Delayed 1 second(s)

27-02-2025T17:35:17 - [TEST_STEP][PASSED] - elem.click(): null

27-02-2025T17:35:17 - [TEST_STEP][PASSED] - myValue = element.getAttribute("value"): null

27-02-2025T17:35:17 - [TEST_STEP][PASSED] - if (debug): null

27-02-2025T17:35:17 - [TEST_STEP][PASSED] - if (myValue.length() >= 4): null

27-02-2025T17:35:17 - [TEST_STEP][PASSED] - if (myValue.substring(0, 4) == "(!) "): null

27-02-2025T17:35:17 - [TEST_STEP][PASSED] - myType = element.getAttribute("type"): null

27-02-2025T17:35:17 - [TEST_STEP][PASSED] - if (myValue in varParms[i]): null

27-02-2025T17:35:17 - [TEST_STEP][PASSED] - else: null

27-02-2025T17:35:17 - [TEST_STEP][PASSED] - inList = false: null

27-02-2025T17:35:17 - [TEST_STEP][PASSED] - if (myType == "checkbox"): null

27-02-2025T17:35:17 - [TEST_STEP][PASSED] - myStatus = element.isSelected(): null

27-02-2025T17:35:17 - [TEST_STEP][PASSED] - if (debug): null

27-02-2025T17:35:17 - [TEST_STEP][PASSED] - if (toggle && myStatus && inList): null

27-02-2025T17:35:17 - [TEST_STEP][PASSED] - if (!(myStatus) && inList || myStatus && !(inList)): null

27-02-2025T17:35:17 - [TEST_STEP][PASSED] - myValue = element.getAttribute("value"): null

27-02-2025T17:35:17 - [TEST_STEP][PASSED] - if (debug): null

27-02-2025T17:35:17 - [TEST_STEP][PASSED] - if (myValue.length() >= 4): null

27-02-2025T17:35:17 - [TEST_STEP][PASSED] - if (myValue.substring(0, 4) == "(!) "): null

27-02-2025T17:35:17 - [TEST_STEP][PASSED] - myType = element.getAttribute("type"): null

27-02-2025T17:35:17 - [TEST_STEP][PASSED] - if (myValue in varParms[i]): null

27-02-2025T17:35:17 - [TEST_STEP][PASSED] - else: null

27-02-2025T17:35:17 - [TEST_STEP][PASSED] - inList = false: null

27-02-2025T17:35:17 - [TEST_STEP][PASSED] - if (myType == "checkbox"): null

27-02-2025T17:35:17 - [TEST_STEP][PASSED] - myStatus = element.isSelected(): null

27-02-2025T17:35:17 - [TEST_STEP][PASSED] - if (debug): null

27-02-2025T17:35:17 - [TEST_STEP][PASSED] - if (toggle && myStatus && inList): null

27-02-2025T17:35:17 - [TEST_STEP][PASSED] - if (!(myStatus) && inList || myStatus && !(inList)): null

27-02-2025T17:35:17 - [TEST_STEP][PASSED] - myValue = element.getAttribute("value"): null

27-02-2025T17:35:17 - [TEST_STEP][PASSED] - if (debug): null

27-02-2025T17:35:17 - [TEST_STEP][PASSED] - if (myValue.length() >= 4): null

27-02-2025T17:35:17 - [TEST_STEP][PASSED] - if (myValue.substring(0, 4) == "(!) "): null

27-02-2025T17:35:17 - [TEST_STEP][PASSED] - myType = element.getAttribute("type"): null

27-02-2025T17:35:17 - [TEST_STEP][PASSED] - if (myValue in varParms[i]): null

27-02-2025T17:35:17 - [TEST_STEP][PASSED] - else: null

27-02-2025T17:35:17 - [TEST_STEP][PASSED] - inList = false: null

27-02-2025T17:35:17 - [TEST_STEP][PASSED] - if (myType == "checkbox"): null

27-02-2025T17:35:17 - [TEST_STEP][PASSED] - myStatus = element.isSelected(): null

27-02-2025T17:35:17 - [TEST_STEP][PASSED] - if (debug): null

27-02-2025T17:35:17 - [TEST_STEP][PASSED] - if (toggle && myStatus && inList): null

27-02-2025T17:35:17 - [TEST_STEP][PASSED] - if (!(myStatus) && inList || myStatus && !(inList)): null

27-02-2025T17:35:17 - [TEST_STEP][PASSED] - myValue = element.getAttribute("value"): null

27-02-2025T17:35:17 - [TEST_STEP][PASSED] - if (debug): null

27-02-2025T17:35:17 - [TEST_STEP][PASSED] - if (myValue.length() >= 4): null

27-02-2025T17:35:17 - [TEST_STEP][PASSED] - if (myValue.substring(0, 4) == "(!) "): null

27-02-2025T17:35:17 - [TEST_STEP][PASSED] - myType = element.getAttribute("type"): null

27-02-2025T17:35:17 - [TEST_STEP][PASSED] - if (myValue in varParms[i]): null

27-02-2025T17:35:17 - [TEST_STEP][PASSED] - else: null

27-02-2025T17:35:17 - [TEST_STEP][PASSED] - inList = false: null

27-02-2025T17:35:17 - [TEST_STEP][PASSED] - if (myType == "checkbox"): null

27-02-2025T17:35:17 - [TEST_STEP][PASSED] - myStatus = element.isSelected(): null

27-02-2025T17:35:17 - [TEST_STEP][PASSED] - if (debug): null

27-02-2025T17:35:17 - [TEST_STEP][PASSED] - if (toggle && myStatus && inList): null

27-02-2025T17:35:17 - [TEST_STEP][PASSED] - if (!(myStatus) && inList || myStatus && !(inList)): null

27-02-2025T17:35:17 - [TEST_STEP][PASSED] - myValue = element.getAttribute("value"): null

27-02-2025T17:35:17 - [TEST_STEP][PASSED] - if (debug): null

27-02-2025T17:35:17 - [TEST_STEP][PASSED] - if (myValue.length() >= 4): null

27-02-2025T17:35:17 - [TEST_STEP][PASSED] - if (myValue.substring(0, 4) == "(!) "): null

27-02-2025T17:35:17 - [TEST_STEP][PASSED] - myType = element.getAttribute("type"): null

27-02-2025T17:35:17 - [TEST_STEP][PASSED] - if (myValue in varParms[i]): null

27-02-2025T17:35:17 - [TEST_STEP][PASSED] - else: null

27-02-2025T17:35:17 - [TEST_STEP][PASSED] - inList = false: null

27-02-2025T17:35:17 - [TEST_STEP][PASSED] - if (myType == "checkbox"): null

27-02-2025T17:35:17 - [TEST_STEP][PASSED] - myStatus = element.isSelected(): null

27-02-2025T17:35:17 - [TEST_STEP][PASSED] - if (debug): null

27-02-2025T17:35:17 - [TEST_STEP][PASSED] - if (toggle && myStatus && inList): null

27-02-2025T17:35:17 - [TEST_STEP][PASSED] - if (!(myStatus) && inList || myStatus && !(inList)): null

27-02-2025T17:35:17 - [TEST_STEP][PASSED] - myValue = element.getAttribute("value"): null

27-02-2025T17:35:17 - [TEST_STEP][PASSED] - if (debug): null

27-02-2025T17:35:17 - [TEST_STEP][PASSED] - if (myValue.length() >= 4): null

27-02-2025T17:35:17 - [TEST_STEP][PASSED] - if (myValue.substring(0, 4) == "(!) "): null

27-02-2025T17:35:17 - [TEST_STEP][PASSED] - myType = element.getAttribute("type"): null

27-02-2025T17:35:17 - [TEST_STEP][PASSED] - if (myValue in varParms[i]): null

27-02-2025T17:35:17 - [TEST_STEP][PASSED] - inList = true: null

27-02-2025T17:35:17 - [TEST_STEP][PASSED] - if (myType == "checkbox"): null

27-02-2025T17:35:17 - [TEST_STEP][PASSED] - myStatus = element.isSelected(): null

27-02-2025T17:35:17 - [TEST_STEP][PASSED] - if (debug): null

27-02-2025T17:35:17 - [TEST_STEP][PASSED] - if (toggle && myStatus && inList): null

27-02-2025T17:35:17 - [TEST_STEP][PASSED] - if (!(myStatus) && inList || myStatus && !(inList)): null

27-02-2025T17:35:17 - [TEST_STEP][PASSED] - if (debug): null

27-02-2025T17:35:17 - [TEST_STEP][PASSED] - println("Clicking " + myValue): null

27-02-2025T17:35:17 - [TEST_STEP][PASSED] - click(element): null

27-02-2025T17:35:17 - [TEST_STEP][PASSED] - scrollToObject(elem): null

27-02-2025T17:35:17 - [TEST_STEP][PASSED] - loc = element.getLocation(): null

27-02-2025T17:35:17 - [TEST_STEP][PASSED] - if (debug): null

27-02-2025T17:35:17 - [TEST_STEP][PASSED] - y = loc.getY(): null

27-02-2025T17:35:17 - [TEST_STEP][PASSED] - println("Y location is " + y): null

27-02-2025T17:35:17 - [TEST_STEP][PASSED] - top = getViewportTopPosition(): Current viewport's top (y) position is 2186

27-02-2025T17:35:17 - [MESSAGE][PASSED] - Current viewport's top (y) position is 2186

27-02-2025T17:35:17 - [TEST_STEP][PASSED] - println("Viewport top is " + top): null

27-02-2025T17:35:17 - [TEST_STEP][PASSED] - bottom = top + 600: null

27-02-2025T17:35:17 - [TEST_STEP][PASSED] - if (y - top < 150 || bottom - y < 10): null

27-02-2025T17:35:17 - [TEST_STEP][PASSED] - elem.click(): null

27-02-2025T17:35:17 - [TEST_STEP][PASSED] - myValue = element.getAttribute("value"): null

27-02-2025T17:35:17 - [TEST_STEP][PASSED] - if (debug): null

27-02-2025T17:35:17 - [TEST_STEP][PASSED] - if (myValue.length() >= 4): null

27-02-2025T17:35:17 - [TEST_STEP][PASSED] - if (myValue.substring(0, 4) == "(!) "): null

27-02-2025T17:35:17 - [TEST_STEP][PASSED] - myType = element.getAttribute("type"): null

27-02-2025T17:35:17 - [TEST_STEP][PASSED] - if (myValue in varParms[i]): null

27-02-2025T17:35:17 - [TEST_STEP][PASSED] - else: null

27-02-2025T17:35:17 - [TEST_STEP][PASSED] - inList = false: null

27-02-2025T17:35:17 - [TEST_STEP][PASSED] - if (myType == "checkbox"): null

27-02-2025T17:35:17 - [TEST_STEP][PASSED] - myStatus = element.isSelected(): null

27-02-2025T17:35:17 - [TEST_STEP][PASSED] - if (debug): null

27-02-2025T17:35:17 - [TEST_STEP][PASSED] - if (toggle && myStatus && inList): null

27-02-2025T17:35:17 - [TEST_STEP][PASSED] - if (!(myStatus) && inList || myStatus && !(inList)): null

27-02-2025T17:35:17 - [TEST_STEP][PASSED] - myValue = element.getAttribute("value"): null

27-02-2025T17:35:17 - [TEST_STEP][PASSED] - if (debug): null

27-02-2025T17:35:17 - [TEST_STEP][PASSED] - if (myValue.length() >= 4): null

27-02-2025T17:35:17 - [TEST_STEP][PASSED] - if (myValue.substring(0, 4) == "(!) "): null

27-02-2025T17:35:17 - [TEST_STEP][PASSED] - myType = element.getAttribute("type"): null

27-02-2025T17:35:17 - [TEST_STEP][PASSED] - if (myValue in varParms[i]): null

27-02-2025T17:35:17 - [TEST_STEP][PASSED] - else: null

27-02-2025T17:35:17 - [TEST_STEP][PASSED] - inList = false: null

27-02-2025T17:35:17 - [TEST_STEP][PASSED] - if (myType == "checkbox"): null

27-02-2025T17:35:17 - [TEST_STEP][PASSED] - myStatus = element.isSelected(): null

27-02-2025T17:35:17 - [TEST_STEP][PASSED] - if (debug): null

27-02-2025T17:35:17 - [TEST_STEP][PASSED] - if (toggle && myStatus && inList): null

27-02-2025T17:35:17 - [TEST_STEP][PASSED] - if (!(myStatus) && inList || myStatus && !(inList)): null

27-02-2025T17:35:17 - [TEST_STEP][PASSED] - myValue = element.getAttribute("value"): null

27-02-2025T17:35:17 - [TEST_STEP][PASSED] - if (debug): null

27-02-2025T17:35:17 - [TEST_STEP][PASSED] - if (myValue.length() >= 4): null

27-02-2025T17:35:17 - [TEST_STEP][PASSED] - if (myValue.substring(0, 4) == "(!) "): null

27-02-2025T17:35:17 - [TEST_STEP][PASSED] - myType = element.getAttribute("type"): null

27-02-2025T17:35:17 - [TEST_STEP][PASSED] - if (myValue in varParms[i]): null

27-02-2025T17:35:17 - [TEST_STEP][PASSED] - else: null

27-02-2025T17:35:17 - [TEST_STEP][PASSED] - inList = false: null

27-02-2025T17:35:17 - [TEST_STEP][PASSED] - if (myType == "checkbox"): null

27-02-2025T17:35:17 - [TEST_STEP][PASSED] - myStatus = element.isSelected(): null

27-02-2025T17:35:17 - [TEST_STEP][PASSED] - if (debug): null

27-02-2025T17:35:17 - [TEST_STEP][PASSED] - if (toggle && myStatus && inList): null

27-02-2025T17:35:17 - [TEST_STEP][PASSED] - if (!(myStatus) && inList || myStatus && !(inList)): null

27-02-2025T17:35:17 - [TEST_STEP][PASSED] - myValue = element.getAttribute("value"): null

27-02-2025T17:35:17 - [TEST_STEP][PASSED] - if (debug): null

27-02-2025T17:35:17 - [TEST_STEP][PASSED] - if (myValue.length() >= 4): null

27-02-2025T17:35:17 - [TEST_STEP][PASSED] - if (myValue.substring(0, 4) == "(!) "): null

27-02-2025T17:35:17 - [TEST_STEP][PASSED] - myType = element.getAttribute("type"): null

27-02-2025T17:35:17 - [TEST_STEP][PASSED] - if (myValue in varParms[i]): null

27-02-2025T17:35:17 - [TEST_STEP][PASSED] - else: null

27-02-2025T17:35:17 - [TEST_STEP][PASSED] - inList = false: null

27-02-2025T17:35:17 - [TEST_STEP][PASSED] - if (myType == "checkbox"): null

27-02-2025T17:35:17 - [TEST_STEP][PASSED] - myStatus = element.isSelected(): null

27-02-2025T17:35:17 - [TEST_STEP][PASSED] - if (debug): null

27-02-2025T17:35:17 - [TEST_STEP][PASSED] - if (toggle && myStatus && inList): null

27-02-2025T17:35:17 - [TEST_STEP][PASSED] - if (!(myStatus) && inList || myStatus && !(inList)): null

27-02-2025T17:35:17 - [TEST_STEP][PASSED] - myValue = element.getAttribute("value"): null

27-02-2025T17:35:17 - [TEST_STEP][PASSED] - if (debug): null

27-02-2025T17:35:17 - [TEST_STEP][PASSED] - if (myValue.length() >= 4): null

27-02-2025T17:35:17 - [TEST_STEP][PASSED] - if (myValue.substring(0, 4) == "(!) "): null

27-02-2025T17:35:17 - [TEST_STEP][PASSED] - myType = element.getAttribute("type"): null

27-02-2025T17:35:17 - [TEST_STEP][PASSED] - if (myValue in varParms[i]): null

27-02-2025T17:35:17 - [TEST_STEP][PASSED] - else: null

27-02-2025T17:35:17 - [TEST_STEP][PASSED] - inList = false: null

27-02-2025T17:35:17 - [TEST_STEP][PASSED] - if (myType == "checkbox"): null

27-02-2025T17:35:17 - [TEST_STEP][PASSED] - myStatus = element.isSelected(): null

27-02-2025T17:35:17 - [TEST_STEP][PASSED] - if (debug): null

27-02-2025T17:35:17 - [TEST_STEP][PASSED] - if (toggle && myStatus && inList): null

27-02-2025T17:35:17 - [TEST_STEP][PASSED] - if (!(myStatus) && inList || myStatus && !(inList)): null

27-02-2025T17:35:17 - [TEST_STEP][PASSED] - myValue = element.getAttribute("value"): null

27-02-2025T17:35:17 - [TEST_STEP][PASSED] - if (debug): null

27-02-2025T17:35:17 - [TEST_STEP][PASSED] - if (myValue.length() >= 4): null

27-02-2025T17:35:17 - [TEST_STEP][PASSED] - if (myValue.substring(0, 4) == "(!) "): null

27-02-2025T17:35:17 - [TEST_STEP][PASSED] - myType = element.getAttribute("type"): null

27-02-2025T17:35:17 - [TEST_STEP][PASSED] - if (myValue in varParms[i]): null

27-02-2025T17:35:17 - [TEST_STEP][PASSED] - else: null

27-02-2025T17:35:17 - [TEST_STEP][PASSED] - inList = false: null

27-02-2025T17:35:17 - [TEST_STEP][PASSED] - if (myType == "checkbox"): null

27-02-2025T17:35:17 - [TEST_STEP][PASSED] - myStatus = element.isSelected(): null

27-02-2025T17:35:17 - [TEST_STEP][PASSED] - if (debug): null

27-02-2025T17:35:17 - [TEST_STEP][PASSED] - if (toggle && myStatus && inList): null

27-02-2025T17:35:17 - [TEST_STEP][PASSED] - if (!(myStatus) && inList || myStatus && !(inList)): null

27-02-2025T17:35:17 - [TEST_STEP][PASSED] - myValue = element.getAttribute("value"): null

27-02-2025T17:35:17 - [TEST_STEP][PASSED] - if (debug): null

27-02-2025T17:35:17 - [TEST_STEP][PASSED] - if (myValue.length() >= 4): null

27-02-2025T17:35:17 - [TEST_STEP][PASSED] - if (myValue.substring(0, 4) == "(!) "): null

27-02-2025T17:35:17 - [TEST_STEP][PASSED] - myType = element.getAttribute("type"): null

27-02-2025T17:35:17 - [TEST_STEP][PASSED] - if (myValue in varParms[i]): null

27-02-2025T17:35:17 - [TEST_STEP][PASSED] - else: null

27-02-2025T17:35:17 - [TEST_STEP][PASSED] - inList = false: null

27-02-2025T17:35:17 - [TEST_STEP][PASSED] - if (myType == "checkbox"): null

27-02-2025T17:35:17 - [TEST_STEP][PASSED] - myStatus = element.isSelected(): null

27-02-2025T17:35:17 - [TEST_STEP][PASSED] - if (debug): null

27-02-2025T17:35:17 - [TEST_STEP][PASSED] - if (toggle && myStatus && inList): null

27-02-2025T17:35:17 - [TEST_STEP][PASSED] - if (!(myStatus) && inList || myStatus && !(inList)): null

27-02-2025T17:35:17 - [TEST_STEP][PASSED] - myValue = element.getAttribute("value"): null

27-02-2025T17:35:17 - [TEST_STEP][PASSED] - if (debug): null

27-02-2025T17:35:17 - [TEST_STEP][PASSED] - if (myValue.length() >= 4): null

27-02-2025T17:35:17 - [TEST_STEP][PASSED] - if (myValue.substring(0, 4) == "(!) "): null

27-02-2025T17:35:17 - [TEST_STEP][PASSED] - myType = element.getAttribute("type"): null

27-02-2025T17:35:17 - [TEST_STEP][PASSED] - if (myValue in varParms[i]): null

27-02-2025T17:35:17 - [TEST_STEP][PASSED] - else: null

27-02-2025T17:35:17 - [TEST_STEP][PASSED] - inList = false: null

27-02-2025T17:35:17 - [TEST_STEP][PASSED] - if (myType == "checkbox"): null

27-02-2025T17:35:17 - [TEST_STEP][PASSED] - myStatus = element.isSelected(): null

27-02-2025T17:35:17 - [TEST_STEP][PASSED] - if (debug): null

27-02-2025T17:35:17 - [TEST_STEP][PASSED] - if (toggle && myStatus && inList): null

27-02-2025T17:35:17 - [TEST_STEP][PASSED] - if (!(myStatus) && inList || myStatus && !(inList)): null

27-02-2025T17:35:17 - [TEST_STEP][PASSED] - myValue = element.getAttribute("value"): null

27-02-2025T17:35:17 - [TEST_STEP][PASSED] - if (debug): null

27-02-2025T17:35:17 - [TEST_STEP][PASSED] - if (myValue.length() >= 4): null

27-02-2025T17:35:17 - [TEST_STEP][PASSED] - if (myValue.substring(0, 4) == "(!) "): null

27-02-2025T17:35:17 - [TEST_STEP][PASSED] - myType = element.getAttribute("type"): null

27-02-2025T17:35:17 - [TEST_STEP][PASSED] - if (myValue in varParms[i]): null

27-02-2025T17:35:17 - [TEST_STEP][PASSED] - else: null

27-02-2025T17:35:17 - [TEST_STEP][PASSED] - inList = false: null

27-02-2025T17:35:17 - [TEST_STEP][PASSED] - if (myType == "checkbox"): null

27-02-2025T17:35:17 - [TEST_STEP][PASSED] - myStatus = element.isSelected(): null

27-02-2025T17:35:17 - [TEST_STEP][PASSED] - if (debug): null

27-02-2025T17:35:17 - [TEST_STEP][PASSED] - if (toggle && myStatus && inList): null

27-02-2025T17:35:17 - [TEST_STEP][PASSED] - if (!(myStatus) && inList || myStatus && !(inList)): null

27-02-2025T17:35:17 - [TEST_STEP][PASSED] - myValue = element.getAttribute("value"): null

27-02-2025T17:35:17 - [TEST_STEP][PASSED] - if (debug): null

27-02-2025T17:35:17 - [TEST_STEP][PASSED] - if (myValue.length() >= 4): null

27-02-2025T17:35:17 - [TEST_STEP][PASSED] - if (myValue.substring(0, 4) == "(!) "): null

27-02-2025T17:35:17 - [TEST_STEP][PASSED] - myType = element.getAttribute("type"): null

27-02-2025T17:35:17 - [TEST_STEP][PASSED] - if (myValue in varParms[i]): null

27-02-2025T17:35:17 - [TEST_STEP][PASSED] - else: null

27-02-2025T17:35:17 - [TEST_STEP][PASSED] - inList = false: null

27-02-2025T17:35:17 - [TEST_STEP][PASSED] - if (myType == "checkbox"): null

27-02-2025T17:35:17 - [TEST_STEP][PASSED] - myStatus = element.isSelected(): null

27-02-2025T17:35:17 - [TEST_STEP][PASSED] - if (debug): null

27-02-2025T17:35:17 - [TEST_STEP][PASSED] - if (toggle && myStatus && inList): null

27-02-2025T17:35:17 - [TEST_STEP][PASSED] - if (!(myStatus) && inList || myStatus && !(inList)): null

27-02-2025T17:35:17 - [TEST_STEP][PASSED] - myValue = element.getAttribute("value"): null

27-02-2025T17:35:17 - [TEST_STEP][PASSED] - if (debug): null

27-02-2025T17:35:17 - [TEST_STEP][PASSED] - if (myValue.length() >= 4): null

27-02-2025T17:35:17 - [TEST_STEP][PASSED] - if (myValue.substring(0, 4) == "(!) "): null

27-02-2025T17:35:17 - [TEST_STEP][PASSED] - myType = element.getAttribute("type"): null

27-02-2025T17:35:17 - [TEST_STEP][PASSED] - if (myValue in varParms[i]): null

27-02-2025T17:35:17 - [TEST_STEP][PASSED] - else: null

27-02-2025T17:35:17 - [TEST_STEP][PASSED] - inList = false: null

27-02-2025T17:35:17 - [TEST_STEP][PASSED] - if (myType == "checkbox"): null

27-02-2025T17:35:17 - [TEST_STEP][PASSED] - myStatus = element.isSelected(): null

27-02-2025T17:35:17 - [TEST_STEP][PASSED] - if (debug): null

27-02-2025T17:35:17 - [TEST_STEP][PASSED] - if (toggle && myStatus && inList): null

27-02-2025T17:35:17 - [TEST_STEP][PASSED] - if (!(myStatus) && inList || myStatus && !(inList)): null

27-02-2025T17:35:17 - [TEST_STEP][PASSED] - myValue = element.getAttribute("value"): null

27-02-2025T17:35:17 - [TEST_STEP][PASSED] - if (debug): null

27-02-2025T17:35:17 - [TEST_STEP][PASSED] - if (myValue.length() >= 4): null

27-02-2025T17:35:17 - [TEST_STEP][PASSED] - myType = element.getAttribute("type"): null

27-02-2025T17:35:17 - [TEST_STEP][PASSED] - if (myValue in varParms[i]): null

27-02-2025T17:35:17 - [TEST_STEP][PASSED] - else: null

27-02-2025T17:35:17 - [TEST_STEP][PASSED] - inList = false: null

27-02-2025T17:35:17 - [TEST_STEP][PASSED] - if (myType == "checkbox"): null

27-02-2025T17:35:17 - [TEST_STEP][PASSED] - myStatus = element.isSelected(): null

27-02-2025T17:35:17 - [TEST_STEP][PASSED] - if (debug): null

27-02-2025T17:35:17 - [TEST_STEP][PASSED] - if (toggle && myStatus && inList): null

27-02-2025T17:35:17 - [TEST_STEP][PASSED] - if (!(myStatus) && inList || myStatus && !(inList)): null

27-02-2025T17:35:17 - [TEST_STEP][PASSED] - myValue = element.getAttribute("value"): null

27-02-2025T17:35:17 - [TEST_STEP][PASSED] - if (debug): null

27-02-2025T17:35:17 - [TEST_STEP][PASSED] - if (myValue.length() >= 4): null

27-02-2025T17:35:17 - [TEST_STEP][PASSED] - if (myValue.substring(0, 4) == "(!) "): null

27-02-2025T17:35:17 - [TEST_STEP][PASSED] - myType = element.getAttribute("type"): null

27-02-2025T17:35:17 - [TEST_STEP][PASSED] - if (myValue in varParms[i]): null

27-02-2025T17:35:17 - [TEST_STEP][PASSED] - else: null

27-02-2025T17:35:17 - [TEST_STEP][PASSED] - inList = false: null

27-02-2025T17:35:17 - [TEST_STEP][PASSED] - if (myType == "checkbox"): null

27-02-2025T17:35:17 - [TEST_STEP][PASSED] - myStatus = element.isSelected(): null

27-02-2025T17:35:17 - [TEST_STEP][PASSED] - if (debug): null

27-02-2025T17:35:17 - [TEST_STEP][PASSED] - if (toggle && myStatus && inList): null

27-02-2025T17:35:17 - [TEST_STEP][PASSED] - if (!(myStatus) && inList || myStatus && !(inList)): null

27-02-2025T17:35:17 - [TEST_STEP][PASSED] - myValue = element.getAttribute("value"): null

27-02-2025T17:35:17 - [TEST_STEP][PASSED] - if (debug): null

27-02-2025T17:35:17 - [TEST_STEP][PASSED] - if (myValue.length() >= 4): null

27-02-2025T17:35:17 - [TEST_STEP][PASSED] - if (myValue.substring(0, 4) == "(!) "): null

27-02-2025T17:35:17 - [TEST_STEP][PASSED] - myType = element.getAttribute("type"): null

27-02-2025T17:35:17 - [TEST_STEP][PASSED] - if (myValue in varParms[i]): null

27-02-2025T17:35:17 - [TEST_STEP][PASSED] - else: null

27-02-2025T17:35:17 - [TEST_STEP][PASSED] - inList = false: null

27-02-2025T17:35:17 - [TEST_STEP][PASSED] - if (myType == "checkbox"): null

27-02-2025T17:35:17 - [TEST_STEP][PASSED] - myStatus = element.isSelected(): null

27-02-2025T17:35:17 - [TEST_STEP][PASSED] - if (debug): null

27-02-2025T17:35:17 - [TEST_STEP][PASSED] - if (toggle && myStatus && inList): null

27-02-2025T17:35:17 - [TEST_STEP][PASSED] - if (!(myStatus) && inList || myStatus && !(inList)): null

27-02-2025T17:35:17 - [TEST_STEP][PASSED] - myValue = element.getAttribute("value"): null

27-02-2025T17:35:17 - [TEST_STEP][PASSED] - if (debug): null

27-02-2025T17:35:17 - [TEST_STEP][PASSED] - if (myValue.length() >= 4): null

27-02-2025T17:35:17 - [TEST_STEP][PASSED] - if (myValue.substring(0, 4) == "(!) "): null

27-02-2025T17:35:17 - [TEST_STEP][PASSED] - myType = element.getAttribute("type"): null

27-02-2025T17:35:17 - [TEST_STEP][PASSED] - if (myValue in varParms[i]): null

27-02-2025T17:35:17 - [TEST_STEP][PASSED] - else: null

27-02-2025T17:35:17 - [TEST_STEP][PASSED] - inList = false: null

27-02-2025T17:35:17 - [TEST_STEP][PASSED] - if (myType == "checkbox"): null

27-02-2025T17:35:17 - [TEST_STEP][PASSED] - myStatus = element.isSelected(): null

27-02-2025T17:35:17 - [TEST_STEP][PASSED] - if (debug): null

27-02-2025T17:35:17 - [TEST_STEP][PASSED] - if (toggle && myStatus && inList): null

27-02-2025T17:35:17 - [TEST_STEP][PASSED] - if (!(myStatus) && inList || myStatus && !(inList)): null

27-02-2025T17:35:17 - [TEST_STEP][PASSED] - myValue = element.getAttribute("value"): null

27-02-2025T17:35:17 - [TEST_STEP][PASSED] - if (debug): null

27-02-2025T17:35:17 - [TEST_STEP][PASSED] - if (myValue.length() >= 4): null

27-02-2025T17:35:17 - [TEST_STEP][PASSED] - if (myValue.substring(0, 4) == "(!) "): null

27-02-2025T17:35:17 - [TEST_STEP][PASSED] - myType = element.getAttribute("type"): null

27-02-2025T17:35:17 - [TEST_STEP][PASSED] - if (myValue in varParms[i]): null

27-02-2025T17:35:17 - [TEST_STEP][PASSED] - else: null

27-02-2025T17:35:17 - [TEST_STEP][PASSED] - inList = false: null

27-02-2025T17:35:17 - [TEST_STEP][PASSED] - if (myType == "checkbox"): null

27-02-2025T17:35:17 - [TEST_STEP][PASSED] - myStatus = element.isSelected(): null

27-02-2025T17:35:17 - [TEST_STEP][PASSED] - if (debug): null

27-02-2025T17:35:17 - [TEST_STEP][PASSED] - if (toggle && myStatus && inList): null

27-02-2025T17:35:17 - [TEST_STEP][PASSED] - if (!(myStatus) && inList || myStatus && !(inList)): null

27-02-2025T17:35:17 - [TEST_STEP][PASSED] - myValue = element.getAttribute("value"): null

27-02-2025T17:35:17 - [TEST_STEP][PASSED] - if (debug): null

27-02-2025T17:35:17 - [TEST_STEP][PASSED] - if (myValue.length() >= 4): null

27-02-2025T17:35:17 - [TEST_STEP][PASSED] - if (myValue.substring(0, 4) == "(!) "): null

27-02-2025T17:35:17 - [TEST_STEP][PASSED] - myType = element.getAttribute("type"): null

27-02-2025T17:35:17 - [TEST_STEP][PASSED] - if (myValue in varParms[i]): null

27-02-2025T17:35:17 - [TEST_STEP][PASSED] - else: null

27-02-2025T17:35:17 - [TEST_STEP][PASSED] - inList = false: null

27-02-2025T17:35:17 - [TEST_STEP][PASSED] - if (myType == "checkbox"): null

27-02-2025T17:35:17 - [TEST_STEP][PASSED] - myStatus = element.isSelected(): null

27-02-2025T17:35:17 - [TEST_STEP][PASSED] - if (debug): null

27-02-2025T17:35:17 - [TEST_STEP][PASSED] - if (toggle && myStatus && inList): null

27-02-2025T17:35:17 - [TEST_STEP][PASSED] - if (!(myStatus) && inList || myStatus && !(inList)): null

27-02-2025T17:35:17 - [TEST_STEP][PASSED] - myValue = element.getAttribute("value"): null

27-02-2025T17:35:17 - [TEST_STEP][PASSED] - if (debug): null

27-02-2025T17:35:17 - [TEST_STEP][PASSED] - if (myValue.length() >= 4): null

27-02-2025T17:35:17 - [TEST_STEP][PASSED] - if (myValue.substring(0, 4) == "(!) "): null

27-02-2025T17:35:17 - [TEST_STEP][PASSED] - myType = element.getAttribute("type"): null

27-02-2025T17:35:17 - [TEST_STEP][PASSED] - if (myValue in varParms[i]): null

27-02-2025T17:35:17 - [TEST_STEP][PASSED] - else: null

27-02-2025T17:35:17 - [TEST_STEP][PASSED] - inList = false: null

27-02-2025T17:35:17 - [TEST_STEP][PASSED] - if (myType == "checkbox"): null

27-02-2025T17:35:17 - [TEST_STEP][PASSED] - myStatus = element.isSelected(): null

27-02-2025T17:35:17 - [TEST_STEP][PASSED] - if (debug): null

27-02-2025T17:35:17 - [TEST_STEP][PASSED] - if (toggle && myStatus && inList): null

27-02-2025T17:35:17 - [TEST_STEP][PASSED] - if (!(myStatus) && inList || myStatus && !(inList)): null

27-02-2025T17:35:17 - [TEST_STEP][PASSED] - myValue = element.getAttribute("value"): null

27-02-2025T17:35:17 - [TEST_STEP][PASSED] - if (debug): null

27-02-2025T17:35:17 - [TEST_STEP][PASSED] - if (myValue.length() >= 4): null

27-02-2025T17:35:17 - [TEST_STEP][PASSED] - if (myValue.substring(0, 4) == "(!) "): null

27-02-2025T17:35:17 - [TEST_STEP][PASSED] - myType = element.getAttribute("type"): null

27-02-2025T17:35:17 - [TEST_STEP][PASSED] - if (myValue in varParms[i]): null

27-02-2025T17:35:17 - [TEST_STEP][PASSED] - else: null

27-02-2025T17:35:17 - [TEST_STEP][PASSED] - inList = false: null

27-02-2025T17:35:17 - [TEST_STEP][PASSED] - if (myType == "checkbox"): null

27-02-2025T17:35:17 - [TEST_STEP][PASSED] - myStatus = element.isSelected(): null

27-02-2025T17:35:17 - [TEST_STEP][PASSED] - if (debug): null

27-02-2025T17:35:17 - [TEST_STEP][PASSED] - if (toggle && myStatus && inList): null

27-02-2025T17:35:17 - [TEST_STEP][PASSED] - if (!(myStatus) && inList || myStatus && !(inList)): null

27-02-2025T17:35:17 - [TEST_STEP][PASSED] - myValue = element.getAttribute("value"): null

27-02-2025T17:35:17 - [TEST_STEP][PASSED] - if (debug): null

27-02-2025T17:35:17 - [TEST_STEP][PASSED] - if (myValue.length() >= 4): null

27-02-2025T17:35:17 - [TEST_STEP][PASSED] - if (myValue.substring(0, 4) == "(!) "): null

27-02-2025T17:35:17 - [TEST_STEP][PASSED] - myType = element.getAttribute("type"): null

27-02-2025T17:35:17 - [TEST_STEP][PASSED] - if (myValue in varParms[i]): null

27-02-2025T17:35:17 - [TEST_STEP][PASSED] - else: null

27-02-2025T17:35:17 - [TEST_STEP][PASSED] - inList = false: null

27-02-2025T17:35:17 - [TEST_STEP][PASSED] - if (myType == "checkbox"): null

27-02-2025T17:35:17 - [TEST_STEP][PASSED] - myStatus = element.isSelected(): null

27-02-2025T17:35:17 - [TEST_STEP][PASSED] - if (debug): null

27-02-2025T17:35:17 - [TEST_STEP][PASSED] - if (toggle && myStatus && inList): null

27-02-2025T17:35:17 - [TEST_STEP][PASSED] - if (!(myStatus) && inList || myStatus && !(inList)): null

27-02-2025T17:35:17 - [TEST_STEP][PASSED] - myValue = element.getAttribute("value"): null

27-02-2025T17:35:17 - [TEST_STEP][PASSED] - if (debug): null

27-02-2025T17:35:17 - [TEST_STEP][PASSED] - if (myValue.length() >= 4): null

27-02-2025T17:35:17 - [TEST_STEP][PASSED] - if (myValue.substring(0, 4) == "(!) "): null

27-02-2025T17:35:17 - [TEST_STEP][PASSED] - myType = element.getAttribute("type"): null

27-02-2025T17:35:17 - [TEST_STEP][PASSED] - if (myValue in varParms[i]): null

27-02-2025T17:35:17 - [TEST_STEP][PASSED] - else: null

27-02-2025T17:35:17 - [TEST_STEP][PASSED] - inList = false: null

27-02-2025T17:35:17 - [TEST_STEP][PASSED] - if (myType == "checkbox"): null

27-02-2025T17:35:17 - [TEST_STEP][PASSED] - myStatus = element.isSelected(): null

27-02-2025T17:35:17 - [TEST_STEP][PASSED] - if (debug): null

27-02-2025T17:35:17 - [TEST_STEP][PASSED] - if (toggle && myStatus && inList): null

27-02-2025T17:35:17 - [TEST_STEP][PASSED] - if (!(myStatus) && inList || myStatus && !(inList)): null

27-02-2025T17:35:17 - [TEST_STEP][PASSED] - myValue = element.getAttribute("value"): null

27-02-2025T17:35:17 - [TEST_STEP][PASSED] - if (debug): null

27-02-2025T17:35:17 - [TEST_STEP][PASSED] - if (myValue.length() >= 4): null

27-02-2025T17:35:17 - [TEST_STEP][PASSED] - if (myValue.substring(0, 4) == "(!) "): null

27-02-2025T17:35:17 - [TEST_STEP][PASSED] - myType = element.getAttribute("type"): null

27-02-2025T17:35:17 - [TEST_STEP][PASSED] - if (myValue in varParms[i]): null

27-02-2025T17:35:17 - [TEST_STEP][PASSED] - else: null

27-02-2025T17:35:17 - [TEST_STEP][PASSED] - inList = false: null

27-02-2025T17:35:17 - [TEST_STEP][PASSED] - if (myType == "checkbox"): null

27-02-2025T17:35:17 - [TEST_STEP][PASSED] - myStatus = element.isSelected(): null

27-02-2025T17:35:17 - [TEST_STEP][PASSED] - if (debug): null

27-02-2025T17:35:17 - [TEST_STEP][PASSED] - if (toggle && myStatus && inList): null

27-02-2025T17:35:17 - [TEST_STEP][PASSED] - if (!(myStatus) && inList || myStatus && !(inList)): null

27-02-2025T17:35:17 - [TEST_STEP][PASSED] - myValue = element.getAttribute("value"): null

27-02-2025T17:35:17 - [TEST_STEP][PASSED] - if (debug): null

27-02-2025T17:35:17 - [TEST_STEP][PASSED] - if (myValue.length() >= 4): null

27-02-2025T17:35:17 - [TEST_STEP][PASSED] - if (myValue.substring(0, 4) == "(!) "): null

27-02-2025T17:35:17 - [TEST_STEP][PASSED] - myType = element.getAttribute("type"): null

27-02-2025T17:35:17 - [TEST_STEP][PASSED] - if (myValue in varParms[i]): null

27-02-2025T17:35:17 - [TEST_STEP][PASSED] - else: null

27-02-2025T17:35:17 - [TEST_STEP][PASSED] - inList = false: null

27-02-2025T17:35:17 - [TEST_STEP][PASSED] - if (myType == "checkbox"): null

27-02-2025T17:35:17 - [TEST_STEP][PASSED] - myStatus = element.isSelected(): null

27-02-2025T17:35:17 - [TEST_STEP][PASSED] - if (debug): null

27-02-2025T17:35:17 - [TEST_STEP][PASSED] - if (toggle && myStatus && inList): null

27-02-2025T17:35:17 - [TEST_STEP][PASSED] - if (!(myStatus) && inList || myStatus && !(inList)): null

27-02-2025T17:35:17 - [TEST_STEP][PASSED] - myValue = element.getAttribute("value"): null

27-02-2025T17:35:17 - [TEST_STEP][PASSED] - if (debug): null

27-02-2025T17:35:17 - [TEST_STEP][PASSED] - if (myValue.length() >= 4): null

27-02-2025T17:35:17 - [TEST_STEP][PASSED] - if (myValue.substring(0, 4) == "(!) "): null

27-02-2025T17:35:17 - [TEST_STEP][PASSED] - myType = element.getAttribute("type"): null

27-02-2025T17:35:17 - [TEST_STEP][PASSED] - if (myValue in varParms[i]): null

27-02-2025T17:35:17 - [TEST_STEP][PASSED] - else: null

27-02-2025T17:35:17 - [TEST_STEP][PASSED] - inList = false: null

27-02-2025T17:35:17 - [TEST_STEP][PASSED] - if (myType == "checkbox"): null

27-02-2025T17:35:17 - [TEST_STEP][PASSED] - myStatus = element.isSelected(): null

27-02-2025T17:35:17 - [TEST_STEP][PASSED] - if (debug): null

27-02-2025T17:35:17 - [TEST_STEP][PASSED] - if (toggle && myStatus && inList): null

27-02-2025T17:35:17 - [TEST_STEP][PASSED] - if (!(myStatus) && inList || myStatus && !(inList)): null

27-02-2025T17:35:17 - [TEST_STEP][PASSED] - myValue = element.getAttribute("value"): null

27-02-2025T17:35:17 - [TEST_STEP][PASSED] - if (debug): null

27-02-2025T17:35:17 - [TEST_STEP][PASSED] - if (myValue.length() >= 4): null

27-02-2025T17:35:17 - [TEST_STEP][PASSED] - if (myValue.substring(0, 4) == "(!) "): null

27-02-2025T17:35:17 - [TEST_STEP][PASSED] - myType = element.getAttribute("type"): null

27-02-2025T17:35:17 - [TEST_STEP][PASSED] - if (myValue in varParms[i]): null

27-02-2025T17:35:17 - [TEST_STEP][PASSED] - else: null

27-02-2025T17:35:17 - [TEST_STEP][PASSED] - inList = false: null

27-02-2025T17:35:17 - [TEST_STEP][PASSED] - if (myType == "checkbox"): null

27-02-2025T17:35:17 - [TEST_STEP][PASSED] - myStatus = element.isSelected(): null

27-02-2025T17:35:17 - [TEST_STEP][PASSED] - if (debug): null

27-02-2025T17:35:17 - [TEST_STEP][PASSED] - if (toggle && myStatus && inList): null

27-02-2025T17:35:17 - [TEST_STEP][PASSED] - if (!(myStatus) && inList || myStatus && !(inList)): null

27-02-2025T17:35:17 - [TEST_STEP][PASSED] - myValue = element.getAttribute("value"): null

27-02-2025T17:35:17 - [TEST_STEP][PASSED] - if (debug): null

27-02-2025T17:35:17 - [TEST_STEP][PASSED] - if (myValue.length() >= 4): null

27-02-2025T17:35:17 - [TEST_STEP][PASSED] - if (myValue.substring(0, 4) == "(!) "): null

27-02-2025T17:35:17 - [TEST_STEP][PASSED] - myType = element.getAttribute("type"): null

27-02-2025T17:35:17 - [TEST_STEP][PASSED] - if (myValue in varParms[i]): null

27-02-2025T17:35:17 - [TEST_STEP][PASSED] - else: null

27-02-2025T17:35:17 - [TEST_STEP][PASSED] - inList = false: null

27-02-2025T17:35:17 - [TEST_STEP][PASSED] - if (myType == "checkbox"): null

27-02-2025T17:35:17 - [TEST_STEP][PASSED] - myStatus = element.isSelected(): null

27-02-2025T17:35:17 - [TEST_STEP][PASSED] - if (debug): null

27-02-2025T17:35:17 - [TEST_STEP][PASSED] - if (toggle && myStatus && inList): null

27-02-2025T17:35:17 - [TEST_STEP][PASSED] - if (!(myStatus) && inList || myStatus && !(inList)): null

27-02-2025T17:35:17 - [TEST_STEP][PASSED] - myValue = element.getAttribute("value"): null

27-02-2025T17:35:17 - [TEST_STEP][PASSED] - if (debug): null

27-02-2025T17:35:17 - [TEST_STEP][PASSED] - if (myValue.length() >= 4): null

27-02-2025T17:35:17 - [TEST_STEP][PASSED] - if (myValue.substring(0, 4) == "(!) "): null

27-02-2025T17:35:17 - [TEST_STEP][PASSED] - myType = element.getAttribute("type"): null

27-02-2025T17:35:17 - [TEST_STEP][PASSED] - if (myValue in varParms[i]): null

27-02-2025T17:35:17 - [TEST_STEP][PASSED] - else: null

27-02-2025T17:35:17 - [TEST_STEP][PASSED] - inList = false: null

27-02-2025T17:35:17 - [TEST_STEP][PASSED] - if (myType == "checkbox"): null

27-02-2025T17:35:17 - [TEST_STEP][PASSED] - myStatus = element.isSelected(): null

27-02-2025T17:35:17 - [TEST_STEP][PASSED] - if (debug): null

27-02-2025T17:35:17 - [TEST_STEP][PASSED] - if (toggle && myStatus && inList): null

27-02-2025T17:35:17 - [TEST_STEP][PASSED] - if (!(myStatus) && inList || myStatus && !(inList)): null

27-02-2025T17:35:17 - [TEST_STEP][PASSED] - myValue = element.getAttribute("value"): null

27-02-2025T17:35:17 - [TEST_STEP][PASSED] - if (debug): null

27-02-2025T17:35:17 - [TEST_STEP][PASSED] - if (myValue.length() >= 4): null

27-02-2025T17:35:17 - [TEST_STEP][PASSED] - if (myValue.substring(0, 4) == "(!) "): null

27-02-2025T17:35:17 - [TEST_STEP][PASSED] - myType = element.getAttribute("type"): null

27-02-2025T17:35:17 - [TEST_STEP][PASSED] - if (myValue in varParms[i]): null

27-02-2025T17:35:17 - [TEST_STEP][PASSED] - else: null

27-02-2025T17:35:17 - [TEST_STEP][PASSED] - inList = false: null

27-02-2025T17:35:17 - [TEST_STEP][PASSED] - if (myType == "checkbox"): null

27-02-2025T17:35:17 - [TEST_STEP][PASSED] - myStatus = element.isSelected(): null

27-02-2025T17:35:17 - [TEST_STEP][PASSED] - if (debug): null

27-02-2025T17:35:17 - [TEST_STEP][PASSED] - if (toggle && myStatus && inList): null

27-02-2025T17:35:17 - [TEST_STEP][PASSED] - if (!(myStatus) && inList || myStatus && !(inList)): null

27-02-2025T17:35:17 - [TEST_STEP][PASSED] - myValue = element.getAttribute("value"): null

27-02-2025T17:35:17 - [TEST_STEP][PASSED] - if (debug): null

27-02-2025T17:35:17 - [TEST_STEP][PASSED] - if (myValue.length() >= 4): null

27-02-2025T17:35:17 - [TEST_STEP][PASSED] - if (myValue.substring(0, 4) == "(!) "): null

27-02-2025T17:35:17 - [TEST_STEP][PASSED] - myType = element.getAttribute("type"): null

27-02-2025T17:35:17 - [TEST_STEP][PASSED] - if (myValue in varParms[i]): null

27-02-2025T17:35:17 - [TEST_STEP][PASSED] - else: null

27-02-2025T17:35:17 - [TEST_STEP][PASSED] - inList = false: null

27-02-2025T17:35:17 - [TEST_STEP][PASSED] - if (myType == "checkbox"): null

27-02-2025T17:35:17 - [TEST_STEP][PASSED] - myStatus = element.isSelected(): null

27-02-2025T17:35:17 - [TEST_STEP][PASSED] - if (debug): null

27-02-2025T17:35:17 - [TEST_STEP][PASSED] - if (toggle && myStatus && inList): null

27-02-2025T17:35:17 - [TEST_STEP][PASSED] - if (!(myStatus) && inList || myStatus && !(inList)): null

27-02-2025T17:35:17 - [TEST_STEP][PASSED] - myValue = element.getAttribute("value"): null

27-02-2025T17:35:17 - [TEST_STEP][PASSED] - if (debug): null

27-02-2025T17:35:17 - [TEST_STEP][PASSED] - if (myValue.length() >= 4): null

27-02-2025T17:35:17 - [TEST_STEP][PASSED] - if (myValue.substring(0, 4) == "(!) "): null

27-02-2025T17:35:17 - [TEST_STEP][PASSED] - myType = element.getAttribute("type"): null

27-02-2025T17:35:17 - [TEST_STEP][PASSED] - if (myValue in varParms[i]): null

27-02-2025T17:35:17 - [TEST_STEP][PASSED] - else: null

27-02-2025T17:35:17 - [TEST_STEP][PASSED] - inList = false: null

27-02-2025T17:35:17 - [TEST_STEP][PASSED] - if (myType == "checkbox"): null

27-02-2025T17:35:17 - [TEST_STEP][PASSED] - myStatus = element.isSelected(): null

27-02-2025T17:35:17 - [TEST_STEP][PASSED] - if (debug): null

27-02-2025T17:35:17 - [TEST_STEP][PASSED] - if (toggle && myStatus && inList): null

27-02-2025T17:35:17 - [TEST_STEP][PASSED] - if (!(myStatus) && inList || myStatus && !(inList)): null

27-02-2025T17:35:17 - [TEST_STEP][PASSED] - myValue = element.getAttribute("value"): null

27-02-2025T17:35:17 - [TEST_STEP][PASSED] - if (debug): null

27-02-2025T17:35:17 - [TEST_STEP][PASSED] - if (myValue.length() >= 4): null

27-02-2025T17:35:17 - [TEST_STEP][PASSED] - if (myValue.substring(0, 4) == "(!) "): null

27-02-2025T17:35:17 - [TEST_STEP][PASSED] - myType = element.getAttribute("type"): null

27-02-2025T17:35:17 - [TEST_STEP][PASSED] - if (myValue in varParms[i]): null

27-02-2025T17:35:17 - [TEST_STEP][PASSED] - else: null

27-02-2025T17:35:17 - [TEST_STEP][PASSED] - inList = false: null

27-02-2025T17:35:17 - [TEST_STEP][PASSED] - if (myType == "checkbox"): null

27-02-2025T17:35:17 - [TEST_STEP][PASSED] - myStatus = element.isSelected(): null

27-02-2025T17:35:17 - [TEST_STEP][PASSED] - if (debug): null

27-02-2025T17:35:17 - [TEST_STEP][PASSED] - if (toggle && myStatus && inList): null

27-02-2025T17:35:17 - [TEST_STEP][PASSED] - if (!(myStatus) && inList || myStatus && !(inList)): null

27-02-2025T17:35:17 - [TEST_STEP][PASSED] - myValue = element.getAttribute("value"): null

27-02-2025T17:35:17 - [TEST_STEP][PASSED] - if (debug): null

27-02-2025T17:35:17 - [TEST_STEP][PASSED] - if (myValue.length() >= 4): null

27-02-2025T17:35:17 - [TEST_STEP][PASSED] - if (myValue.substring(0, 4) == "(!) "): null

27-02-2025T17:35:17 - [TEST_STEP][PASSED] - myType = element.getAttribute("type"): null

27-02-2025T17:35:17 - [TEST_STEP][PASSED] - if (myValue in varParms[i]): null

27-02-2025T17:35:17 - [TEST_STEP][PASSED] - else: null

27-02-2025T17:35:17 - [TEST_STEP][PASSED] - inList = false: null

27-02-2025T17:35:17 - [TEST_STEP][PASSED] - if (myType == "checkbox"): null

27-02-2025T17:35:17 - [TEST_STEP][PASSED] - myStatus = element.isSelected(): null

27-02-2025T17:35:17 - [TEST_STEP][PASSED] - if (debug): null

27-02-2025T17:35:17 - [TEST_STEP][PASSED] - if (toggle && myStatus && inList): null

27-02-2025T17:35:17 - [TEST_STEP][PASSED] - if (!(myStatus) && inList || myStatus && !(inList)): null

27-02-2025T17:35:17 - [TEST_STEP][PASSED] - myValue = element.getAttribute("value"): null

27-02-2025T17:35:17 - [TEST_STEP][PASSED] - if (debug): null

27-02-2025T17:35:17 - [TEST_STEP][PASSED] - if (myValue.length() >= 4): null

27-02-2025T17:35:17 - [TEST_STEP][PASSED] - if (myValue.substring(0, 4) == "(!) "): null

27-02-2025T17:35:17 - [TEST_STEP][PASSED] - myType = element.getAttribute("type"): null

27-02-2025T17:35:17 - [TEST_STEP][PASSED] - if (myValue in varParms[i]): null

27-02-2025T17:35:17 - [TEST_STEP][PASSED] - else: null

27-02-2025T17:35:17 - [TEST_STEP][PASSED] - inList = false: null

27-02-2025T17:35:17 - [TEST_STEP][PASSED] - if (myType == "checkbox"): null

27-02-2025T17:35:17 - [TEST_STEP][PASSED] - myStatus = element.isSelected(): null

27-02-2025T17:35:17 - [TEST_STEP][PASSED] - if (debug): null

27-02-2025T17:35:17 - [TEST_STEP][PASSED] - if (toggle && myStatus && inList): null

27-02-2025T17:35:17 - [TEST_STEP][PASSED] - if (!(myStatus) && inList || myStatus && !(inList)): null

27-02-2025T17:35:17 - [TEST_STEP][PASSED] - frame.dispose(): null

27-02-2025T17:35:17 - [MESSAGE][PASSED] - Call Test Case 'Test Cases/_Functions/Click on Group Elements' successfully

27-02-2025T17:35:17 - [TEST_STEP][PASSED] - if (varSpouse_preferences_comment != null): Call Test Case 'Test Cases/_Functions/Perform Action' successfully

27-02-2025T17:35:17 - [TEST_STEP][PASSED] - object = "Object Repository/Journey Candidate Profile/Tabs/Spouse Ministry Prefs/textarea_Preferences Comment": null

27-02-2025T17:35:17 - [TEST_STEP][PASSED] - callTestCase(findTestCase("_Functions/Perform Action"), ["varAction":"setText", "varObject":object, "varParm1":varSpouse_preferences_comment], STOP_ON_FAILURE): Call Test Case 'Test Cases/_Functions/Perform Action' successfully

27-02-2025T17:35:17 - [TEST_CASE][PASSED] - Test Cases/_Functions/Perform Action: Test Cases/_Functions/Perform Action

27-02-2025T17:35:17 - [TEST_STEP][PASSED] - action = varAction: null

27-02-2025T17:35:17 - [TEST_STEP][PASSED] - println(action): null

27-02-2025T17:35:17 - [TEST_STEP][PASSED] - testObject = varObject: null

27-02-2025T17:35:17 - [TEST_STEP][PASSED] - println(testObject): null

27-02-2025T17:35:17 - [TEST_STEP][PASSED] - parm1 = varParm1: null

27-02-2025T17:35:17 - [TEST_STEP][PASSED] - println(parm1): null

27-02-2025T17:35:17 - [TEST_STEP][PASSED] - println("Converting " + testObject + " to web element"): null

27-02-2025T17:35:17 - [TEST_STEP][PASSED] - element = findWebElement(findTestObject(testObject), 1): null

27-02-2025T17:35:17 - [TEST_STEP][PASSED] - loc = element.getLocation(): null

27-02-2025T17:35:17 - [TEST_STEP][PASSED] - y = loc.getY(): null

27-02-2025T17:35:17 - [TEST_STEP][PASSED] - println("Y location is " + y): null

27-02-2025T17:35:17 - [TEST_STEP][PASSED] - top = getViewportTopPosition(): Current viewport's top (y) position is 2186

27-02-2025T17:35:17 - [MESSAGE][PASSED] - Current viewport's top (y) position is 2186

27-02-2025T17:35:17 - [TEST_STEP][PASSED] - println("Viewport top is " + top): null

27-02-2025T17:35:17 - [TEST_STEP][PASSED] - bottom = top + 600: null

27-02-2025T17:35:17 - [TEST_STEP][PASSED] - if (y - top < 150 || bottom - y < 10): null

27-02-2025T17:35:17 - [TEST_STEP][PASSED] - if (action == "click"): null

27-02-2025T17:35:17 - [TEST_STEP][PASSED] - else if (action == "selectOptionByValue"): null

27-02-2025T17:35:17 - [TEST_STEP][PASSED] - else if (action == "setText"): Text 'Willing to consider other opportunities' is set on object 'Object Repository/Journey Candidate Profile/Tabs/Spouse Ministry Prefs/textarea_Preferences Comment'

27-02-2025T17:35:17 - [TEST_STEP][PASSED] - println("Setting text " + parm1): null

27-02-2025T17:35:17 - [TEST_STEP][PASSED] - setText(findTestObject(testObject), parm1): Text 'Willing to consider other opportunities' is set on object 'Object Repository/Journey Candidate Profile/Tabs/Spouse Ministry Prefs/textarea_Preferences Comment'

27-02-2025T17:35:17 - [MESSAGE][PASSED] - Text 'Willing to consider other opportunities' is set on object 'Object Repository/Journey Candidate Profile/Tabs/Spouse Ministry Prefs/textarea_Preferences Comment'

27-02-2025T17:35:17 - [MESSAGE][PASSED] - Call Test Case 'Test Cases/_Functions/Perform Action' successfully

27-02-2025T17:35:17 - [TEST_STEP][PASSED] - object = "Journey Candidate Profile/Tabs/btn_Complete Submit": null

27-02-2025T17:35:17 - [TEST_STEP][PASSED] - callTestCase(findTestCase("_Functions/Perform Action"), ["varAction":"click", "varObject":object], STOP_ON_FAILURE): Call Test Case 'Test Cases/_Functions/Perform Action' successfully

27-02-2025T17:35:17 - [TEST_CASE][PASSED] - Test Cases/_Functions/Perform Action: Test Cases/_Functions/Perform Action

27-02-2025T17:35:17 - [TEST_STEP][PASSED] - action = varAction: null

27-02-2025T17:35:17 - [TEST_STEP][PASSED] - println(action): null

27-02-2025T17:35:17 - [TEST_STEP][PASSED] - testObject = varObject: null

27-02-2025T17:35:17 - [TEST_STEP][PASSED] - println(testObject): null

27-02-2025T17:35:17 - [TEST_STEP][PASSED] - parm1 = varParm1: null

27-02-2025T17:35:17 - [TEST_STEP][PASSED] - println(parm1): null

27-02-2025T17:35:17 - [TEST_STEP][PASSED] - println("Converting " + testObject + " to web element"): null

27-02-2025T17:35:17 - [TEST_STEP][PASSED] - element = findWebElement(findTestObject(testObject), 1): null

27-02-2025T17:35:17 - [TEST_STEP][PASSED] - loc = element.getLocation(): null

27-02-2025T17:35:17 - [TEST_STEP][PASSED] - y = loc.getY(): null

27-02-2025T17:35:17 - [TEST_STEP][PASSED] - println("Y location is " + y): null

27-02-2025T17:35:17 - [TEST_STEP][PASSED] - top = getViewportTopPosition(): Current viewport's top (y) position is 2186

27-02-2025T17:35:17 - [MESSAGE][PASSED] - Current viewport's top (y) position is 2186

27-02-2025T17:35:17 - [TEST_STEP][PASSED] - println("Viewport top is " + top): null

27-02-2025T17:35:17 - [TEST_STEP][PASSED] - bottom = top + 600: null

27-02-2025T17:35:17 - [TEST_STEP][PASSED] - if (y - top < 150 || bottom - y < 10): null

27-02-2025T17:35:17 - [TEST_STEP][PASSED] - if (action == "click"): Object: 'Object Repository/Journey Candidate Profile/Tabs/btn_Complete Submit' is clicked on

27-02-2025T17:35:17 - [TEST_STEP][PASSED] - println("clicking"): null

27-02-2025T17:35:17 - [TEST_STEP][PASSED] - click(findTestObject(testObject)): Object: 'Object Repository/Journey Candidate Profile/Tabs/btn_Complete Submit' is clicked on

27-02-2025T17:35:21 - [MESSAGE][PASSED] - Object: 'Object Repository/Journey Candidate Profile/Tabs/btn_Complete Submit' is clicked on

27-02-2025T17:35:21 - [MESSAGE][PASSED] - Call Test Case 'Test Cases/_Functions/Perform Action' successfully

27-02-2025T17:35:21 - [MESSAGE][PASSED] - Call Test Case 'Test Cases/Journey Candidate Profile/Tabs/Set Spouse Ministry Prefs' successfully

27-02-2025T17:35:21 - [TEST_STEP][PASSED] - if (pages.size() == 0 || "All" in pages || "Your Ministry Prefs" in pages): Call Test Case 'Test Cases/Journey Candidate Profile/Tabs/Set Your Ministry Prefs' successfully

27-02-2025T17:35:21 - [TEST_STEP][PASSED] - if (!(fastPath)): Call Test Case 'Test Cases/_Functions/Get Selections from CSV File' successfully

27-02-2025T17:35:21 - [TEST_STEP][PASSED] - click(findTestObject("Object Repository/Journey Candidate Profile/Tabs/a_Your Ministry Prefs")): Object: 'Object Repository/Journey Candidate Profile/Tabs/a_Your Ministry Prefs' is clicked on

27-02-2025T17:35:21 - [MESSAGE][PASSED] - Object: 'Object Repository/Journey Candidate Profile/Tabs/a_Your Ministry Prefs' is clicked on

27-02-2025T17:35:21 - [TEST_STEP][PASSED] - categories = callTestCase(findTestCase("_Functions/Get Selections from CSV File"), ["varFileName":"Journey Candidate Forms/Your Ministry Prefs.csv", "varSelections":"Job Categories"], STOP_ON_FAILURE): Call Test Case 'Test Cases/_Functions/Get Selections from CSV File' successfully

27-02-2025T17:35:21 - [TEST_CASE][PASSED] - Test Cases/_Functions/Get Selections from CSV File: Test Cases/_Functions/Get Selections from CSV File

27-02-2025T17:35:21 - [TEST_STEP][PASSED] - if (fastPath): null

27-02-2025T17:35:21 - [TEST_STEP][PASSED] - reader = <not implemented yet for class: org.codehaus.groovy.ast.expr.EmptyExpression>: null

27-02-2025T17:35:21 - [TEST_STEP][PASSED] - checked = []: null

27-02-2025T17:35:21 - [TEST_STEP][PASSED] - reader = new java.io.BufferedReader(new java.io.FileReader((/Users/cckozie/git/MissionNext-Katalon-Koz/Data Files/ + varFileName))): null

27-02-2025T17:35:21 - [TEST_STEP][PASSED] - line = reader.readLine(): null

27-02-2025T17:35:21 - [TEST_STEP][PASSED] - include = false: null

27-02-2025T17:35:21 - [TEST_STEP][PASSED] - frame = new javax.swing.JFrame(): null

27-02-2025T17:35:21 - [TEST_STEP][PASSED] - p = new javax.swing.JPanel(): null

27-02-2025T17:35:21 - [TEST_STEP][PASSED] - l = new javax.swing.JLabel(Loading selections from file..., javax.swing.SwingConstants.CENTER): null

27-02-2025T17:35:21 - [TEST_STEP][PASSED] - frame.add(l): null

27-02-2025T17:35:21 - [TEST_STEP][PASSED] - frame.setSize(300, 100): null

27-02-2025T17:35:21 - [TEST_STEP][PASSED] - frame.setLocation(600, 0): null

27-02-2025T17:35:21 - [TEST_STEP][PASSED] - frame.setAlwaysOnTop(true): null

27-02-2025T17:35:21 - [TEST_STEP][PASSED] - frame.show(): null

27-02-2025T17:35:21 - [TEST_STEP][PASSED] - while (line != null): null

27-02-2025T17:35:21 - [TEST_STEP][PASSED] - println(line): null

27-02-2025T17:35:21 - [TEST_STEP][PASSED] - group = line.indexOf("<Group>"): null

27-02-2025T17:35:21 - [TEST_STEP][PASSED] - println(group): null

27-02-2025T17:35:21 - [TEST_STEP][PASSED] - if (group >= 0): null

27-02-2025T17:35:21 - [TEST_STEP][PASSED] - selections = line.substring(group + 7, line.length() - 1): null

27-02-2025T17:35:21 - [TEST_STEP][PASSED] - println(selections): null

27-02-2025T17:35:21 - [TEST_STEP][PASSED] - if (selections == varSelections): null

27-02-2025T17:35:21 - [TEST_STEP][PASSED] - include = true: null

27-02-2025T17:35:21 - [TEST_STEP][PASSED] - line = reader.readLine(): null

27-02-2025T17:35:21 - [TEST_STEP][PASSED] - println(line): null

27-02-2025T17:35:21 - [TEST_STEP][PASSED] - group = line.indexOf("<Group>"): null

27-02-2025T17:35:21 - [TEST_STEP][PASSED] - println(group): null

27-02-2025T17:35:21 - [TEST_STEP][PASSED] - if (group >= 0): null

27-02-2025T17:35:21 - [TEST_STEP][PASSED] - else: null

27-02-2025T17:35:21 - [TEST_STEP][PASSED] - if (include): null

27-02-2025T17:35:21 - [TEST_STEP][PASSED] - println(line): null

27-02-2025T17:35:21 - [TEST_STEP][PASSED] - comma = line.indexOf(",y"): null

27-02-2025T17:35:21 - [TEST_STEP][PASSED] - if (comma > 0): null

27-02-2025T17:35:21 - [TEST_STEP][PASSED] - commaCount = StringUtils.countMatches(line, ","): null

27-02-2025T17:35:21 - [TEST_STEP][PASSED] - if (commaCount > 1): null

27-02-2025T17:35:21 - [TEST_STEP][PASSED] - else: null

27-02-2025T17:35:21 - [TEST_STEP][PASSED] - label = line.substring(1, comma): null

27-02-2025T17:35:21 - [TEST_STEP][PASSED] - println(label): null

27-02-2025T17:35:21 - [TEST_STEP][PASSED] - checked.add(label): null

27-02-2025T17:35:21 - [TEST_STEP][PASSED] - line = reader.readLine(): null

27-02-2025T17:35:21 - [TEST_STEP][PASSED] - println(line): null

27-02-2025T17:35:21 - [TEST_STEP][PASSED] - group = line.indexOf("<Group>"): null

27-02-2025T17:35:21 - [TEST_STEP][PASSED] - println(group): null

27-02-2025T17:35:21 - [TEST_STEP][PASSED] - if (group >= 0): null

27-02-2025T17:35:21 - [TEST_STEP][PASSED] - else: null

27-02-2025T17:35:21 - [TEST_STEP][PASSED] - if (include): null

27-02-2025T17:35:21 - [TEST_STEP][PASSED] - println(line): null

27-02-2025T17:35:21 - [TEST_STEP][PASSED] - comma = line.indexOf(",y"): null

27-02-2025T17:35:21 - [TEST_STEP][PASSED] - if (comma > 0): null

27-02-2025T17:35:21 - [TEST_STEP][PASSED] - line = reader.readLine(): null

27-02-2025T17:35:21 - [TEST_STEP][PASSED] - println(line): null

27-02-2025T17:35:21 - [TEST_STEP][PASSED] - group = line.indexOf("<Group>"): null

27-02-2025T17:35:21 - [TEST_STEP][PASSED] - println(group): null

27-02-2025T17:35:21 - [TEST_STEP][PASSED] - if (group >= 0): null

27-02-2025T17:35:21 - [TEST_STEP][PASSED] - else: null

27-02-2025T17:35:21 - [TEST_STEP][PASSED] - if (include): null

27-02-2025T17:35:21 - [TEST_STEP][PASSED] - println(line): null

27-02-2025T17:35:21 - [TEST_STEP][PASSED] - comma = line.indexOf(",y"): null

27-02-2025T17:35:21 - [TEST_STEP][PASSED] - if (comma > 0): null

27-02-2025T17:35:21 - [TEST_STEP][PASSED] - line = reader.readLine(): null

27-02-2025T17:35:21 - [TEST_STEP][PASSED] - println(line): null

27-02-2025T17:35:21 - [TEST_STEP][PASSED] - group = line.indexOf("<Group>"): null

27-02-2025T17:35:21 - [TEST_STEP][PASSED] - println(group): null

27-02-2025T17:35:21 - [TEST_STEP][PASSED] - if (group >= 0): null

27-02-2025T17:35:21 - [TEST_STEP][PASSED] - else: null

27-02-2025T17:35:21 - [TEST_STEP][PASSED] - if (include): null

27-02-2025T17:35:21 - [TEST_STEP][PASSED] - println(line): null

27-02-2025T17:35:21 - [TEST_STEP][PASSED] - comma = line.indexOf(",y"): null

27-02-2025T17:35:21 - [TEST_STEP][PASSED] - if (comma > 0): null

27-02-2025T17:35:21 - [TEST_STEP][PASSED] - line = reader.readLine(): null

27-02-2025T17:35:21 - [TEST_STEP][PASSED] - println(line): null

27-02-2025T17:35:21 - [TEST_STEP][PASSED] - group = line.indexOf("<Group>"): null

27-02-2025T17:35:21 - [TEST_STEP][PASSED] - println(group): null

27-02-2025T17:35:21 - [TEST_STEP][PASSED] - if (group >= 0): null

27-02-2025T17:35:21 - [TEST_STEP][PASSED] - else: null

27-02-2025T17:35:21 - [TEST_STEP][PASSED] - if (include): null

27-02-2025T17:35:21 - [TEST_STEP][PASSED] - println(line): null

27-02-2025T17:35:21 - [TEST_STEP][PASSED] - comma = line.indexOf(",y"): null

27-02-2025T17:35:21 - [TEST_STEP][PASSED] - if (comma > 0): null

27-02-2025T17:35:21 - [TEST_STEP][PASSED] - line = reader.readLine(): null

27-02-2025T17:35:21 - [TEST_STEP][PASSED] - println(line): null

27-02-2025T17:35:21 - [TEST_STEP][PASSED] - group = line.indexOf("<Group>"): null

27-02-2025T17:35:21 - [TEST_STEP][PASSED] - println(group): null

27-02-2025T17:35:21 - [TEST_STEP][PASSED] - if (group >= 0): null

27-02-2025T17:35:21 - [TEST_STEP][PASSED] - else: null

27-02-2025T17:35:21 - [TEST_STEP][PASSED] - if (include): null

27-02-2025T17:35:21 - [TEST_STEP][PASSED] - println(line): null

27-02-2025T17:35:21 - [TEST_STEP][PASSED] - comma = line.indexOf(",y"): null

27-02-2025T17:35:21 - [TEST_STEP][PASSED] - if (comma > 0): null

27-02-2025T17:35:21 - [TEST_STEP][PASSED] - line = reader.readLine(): null

27-02-2025T17:35:21 - [TEST_STEP][PASSED] - println(line): null

27-02-2025T17:35:21 - [TEST_STEP][PASSED] - group = line.indexOf("<Group>"): null

27-02-2025T17:35:21 - [TEST_STEP][PASSED] - println(group): null

27-02-2025T17:35:21 - [TEST_STEP][PASSED] - if (group >= 0): null

27-02-2025T17:35:21 - [TEST_STEP][PASSED] - else: null

27-02-2025T17:35:21 - [TEST_STEP][PASSED] - if (include): null

27-02-2025T17:35:21 - [TEST_STEP][PASSED] - println(line): null

27-02-2025T17:35:21 - [TEST_STEP][PASSED] - comma = line.indexOf(",y"): null

27-02-2025T17:35:21 - [TEST_STEP][PASSED] - if (comma > 0): null

27-02-2025T17:35:21 - [TEST_STEP][PASSED] - line = reader.readLine(): null

27-02-2025T17:35:21 - [TEST_STEP][PASSED] - println(line): null

27-02-2025T17:35:21 - [TEST_STEP][PASSED] - group = line.indexOf("<Group>"): null

27-02-2025T17:35:21 - [TEST_STEP][PASSED] - println(group): null

27-02-2025T17:35:21 - [TEST_STEP][PASSED] - if (group >= 0): null

27-02-2025T17:35:21 - [TEST_STEP][PASSED] - else: null

27-02-2025T17:35:21 - [TEST_STEP][PASSED] - if (include): null

27-02-2025T17:35:21 - [TEST_STEP][PASSED] - println(line): null

27-02-2025T17:35:21 - [TEST_STEP][PASSED] - comma = line.indexOf(",y"): null

27-02-2025T17:35:21 - [TEST_STEP][PASSED] - if (comma > 0): null

27-02-2025T17:35:21 - [TEST_STEP][PASSED] - line = reader.readLine(): null

27-02-2025T17:35:21 - [TEST_STEP][PASSED] - println(line): null

27-02-2025T17:35:21 - [TEST_STEP][PASSED] - group = line.indexOf("<Group>"): null

27-02-2025T17:35:21 - [TEST_STEP][PASSED] - println(group): null

27-02-2025T17:35:21 - [TEST_STEP][PASSED] - if (group >= 0): null

27-02-2025T17:35:21 - [TEST_STEP][PASSED] - else: null

27-02-2025T17:35:21 - [TEST_STEP][PASSED] - if (include): null

27-02-2025T17:35:21 - [TEST_STEP][PASSED] - println(line): null

27-02-2025T17:35:21 - [TEST_STEP][PASSED] - comma = line.indexOf(",y"): null

27-02-2025T17:35:21 - [TEST_STEP][PASSED] - if (comma > 0): null

27-02-2025T17:35:21 - [TEST_STEP][PASSED] - line = reader.readLine(): null

27-02-2025T17:35:21 - [TEST_STEP][PASSED] - println(line): null

27-02-2025T17:35:21 - [TEST_STEP][PASSED] - group = line.indexOf("<Group>"): null

27-02-2025T17:35:21 - [TEST_STEP][PASSED] - println(group): null

27-02-2025T17:35:21 - [TEST_STEP][PASSED] - if (group >= 0): null

27-02-2025T17:35:21 - [TEST_STEP][PASSED] - else: null

27-02-2025T17:35:21 - [TEST_STEP][PASSED] - if (include): null

27-02-2025T17:35:21 - [TEST_STEP][PASSED] - println(line): null

27-02-2025T17:35:21 - [TEST_STEP][PASSED] - comma = line.indexOf(",y"): null

27-02-2025T17:35:21 - [TEST_STEP][PASSED] - if (comma > 0): null

27-02-2025T17:35:21 - [TEST_STEP][PASSED] - commaCount = StringUtils.countMatches(line, ","): null

27-02-2025T17:35:21 - [TEST_STEP][PASSED] - if (commaCount > 1): null

27-02-2025T17:35:21 - [TEST_STEP][PASSED] - else: null

27-02-2025T17:35:21 - [TEST_STEP][PASSED] - label = line.substring(1, comma): null

27-02-2025T17:35:21 - [TEST_STEP][PASSED] - println(label): null

27-02-2025T17:35:21 - [TEST_STEP][PASSED] - checked.add(label): null

27-02-2025T17:35:21 - [TEST_STEP][PASSED] - line = reader.readLine(): null

27-02-2025T17:35:21 - [TEST_STEP][PASSED] - println(line): null

27-02-2025T17:35:21 - [TEST_STEP][PASSED] - group = line.indexOf("<Group>"): null

27-02-2025T17:35:21 - [TEST_STEP][PASSED] - println(group): null

27-02-2025T17:35:21 - [TEST_STEP][PASSED] - if (group >= 0): null

27-02-2025T17:35:21 - [TEST_STEP][PASSED] - else: null

27-02-2025T17:35:21 - [TEST_STEP][PASSED] - if (include): null

27-02-2025T17:35:21 - [TEST_STEP][PASSED] - println(line): null

27-02-2025T17:35:21 - [TEST_STEP][PASSED] - comma = line.indexOf(",y"): null

27-02-2025T17:35:21 - [TEST_STEP][PASSED] - if (comma > 0): null

27-02-2025T17:35:21 - [TEST_STEP][PASSED] - line = reader.readLine(): null

27-02-2025T17:35:21 - [TEST_STEP][PASSED] - println(line): null

27-02-2025T17:35:21 - [TEST_STEP][PASSED] - group = line.indexOf("<Group>"): null

27-02-2025T17:35:21 - [TEST_STEP][PASSED] - println(group): null

27-02-2025T17:35:21 - [TEST_STEP][PASSED] - if (group >= 0): null

27-02-2025T17:35:21 - [TEST_STEP][PASSED] - else: null

27-02-2025T17:35:21 - [TEST_STEP][PASSED] - if (include): null

27-02-2025T17:35:21 - [TEST_STEP][PASSED] - println(line): null

27-02-2025T17:35:21 - [TEST_STEP][PASSED] - comma = line.indexOf(",y"): null

27-02-2025T17:35:21 - [TEST_STEP][PASSED] - if (comma > 0): null

27-02-2025T17:35:21 - [TEST_STEP][PASSED] - line = reader.readLine(): null

27-02-2025T17:35:21 - [TEST_STEP][PASSED] - println(line): null

27-02-2025T17:35:21 - [TEST_STEP][PASSED] - group = line.indexOf("<Group>"): null

27-02-2025T17:35:21 - [TEST_STEP][PASSED] - println(group): null

27-02-2025T17:35:21 - [TEST_STEP][PASSED] - if (group >= 0): null

27-02-2025T17:35:21 - [TEST_STEP][PASSED] - else: null

27-02-2025T17:35:21 - [TEST_STEP][PASSED] - if (include): null

27-02-2025T17:35:21 - [TEST_STEP][PASSED] - println(line): null

27-02-2025T17:35:21 - [TEST_STEP][PASSED] - comma = line.indexOf(",y"): null

27-02-2025T17:35:21 - [TEST_STEP][PASSED] - if (comma > 0): null

27-02-2025T17:35:21 - [TEST_STEP][PASSED] - line = reader.readLine(): null

27-02-2025T17:35:21 - [TEST_STEP][PASSED] - println(line): null

27-02-2025T17:35:21 - [TEST_STEP][PASSED] - group = line.indexOf("<Group>"): null

27-02-2025T17:35:21 - [TEST_STEP][PASSED] - println(group): null

27-02-2025T17:35:21 - [TEST_STEP][PASSED] - if (group >= 0): null

27-02-2025T17:35:21 - [TEST_STEP][PASSED] - else: null

27-02-2025T17:35:21 - [TEST_STEP][PASSED] - if (include): null

27-02-2025T17:35:21 - [TEST_STEP][PASSED] - println(line): null

27-02-2025T17:35:21 - [TEST_STEP][PASSED] - comma = line.indexOf(",y"): null

27-02-2025T17:35:21 - [TEST_STEP][PASSED] - if (comma > 0): null

27-02-2025T17:35:21 - [TEST_STEP][PASSED] - commaCount = StringUtils.countMatches(line, ","): null

27-02-2025T17:35:21 - [TEST_STEP][PASSED] - if (commaCount > 1): null

27-02-2025T17:35:21 - [TEST_STEP][PASSED] - else: null

27-02-2025T17:35:21 - [TEST_STEP][PASSED] - label = line.substring(1, comma): null

27-02-2025T17:35:21 - [TEST_STEP][PASSED] - println(label): null

27-02-2025T17:35:21 - [TEST_STEP][PASSED] - checked.add(label): null

27-02-2025T17:35:21 - [TEST_STEP][PASSED] - line = reader.readLine(): null

27-02-2025T17:35:21 - [TEST_STEP][PASSED] - println(line): null

27-02-2025T17:35:21 - [TEST_STEP][PASSED] - group = line.indexOf("<Group>"): null

27-02-2025T17:35:21 - [TEST_STEP][PASSED] - println(group): null

27-02-2025T17:35:21 - [TEST_STEP][PASSED] - if (group >= 0): null

27-02-2025T17:35:21 - [TEST_STEP][PASSED] - else: null

27-02-2025T17:35:21 - [TEST_STEP][PASSED] - if (include): null

27-02-2025T17:35:21 - [TEST_STEP][PASSED] - println(line): null

27-02-2025T17:35:21 - [TEST_STEP][PASSED] - comma = line.indexOf(",y"): null

27-02-2025T17:35:21 - [TEST_STEP][PASSED] - if (comma > 0): null

27-02-2025T17:35:21 - [TEST_STEP][PASSED] - line = reader.readLine(): null

27-02-2025T17:35:21 - [TEST_STEP][PASSED] - println(line): null

27-02-2025T17:35:21 - [TEST_STEP][PASSED] - group = line.indexOf("<Group>"): null

27-02-2025T17:35:21 - [TEST_STEP][PASSED] - println(group): null

27-02-2025T17:35:21 - [TEST_STEP][PASSED] - if (group >= 0): null

27-02-2025T17:35:21 - [TEST_STEP][PASSED] - else: null

27-02-2025T17:35:21 - [TEST_STEP][PASSED] - if (include): null

27-02-2025T17:35:21 - [TEST_STEP][PASSED] - println(line): null

27-02-2025T17:35:21 - [TEST_STEP][PASSED] - comma = line.indexOf(",y"): null

27-02-2025T17:35:21 - [TEST_STEP][PASSED] - if (comma > 0): null

27-02-2025T17:35:21 - [TEST_STEP][PASSED] - line = reader.readLine(): null

27-02-2025T17:35:21 - [TEST_STEP][PASSED] - println(line): null

27-02-2025T17:35:21 - [TEST_STEP][PASSED] - group = line.indexOf("<Group>"): null

27-02-2025T17:35:21 - [TEST_STEP][PASSED] - println(group): null

27-02-2025T17:35:21 - [TEST_STEP][PASSED] - if (group >= 0): null

27-02-2025T17:35:21 - [TEST_STEP][PASSED] - else: null

27-02-2025T17:35:21 - [TEST_STEP][PASSED] - if (include): null

27-02-2025T17:35:21 - [TEST_STEP][PASSED] - println(line): null

27-02-2025T17:35:21 - [TEST_STEP][PASSED] - comma = line.indexOf(",y"): null

27-02-2025T17:35:21 - [TEST_STEP][PASSED] - if (comma > 0): null

27-02-2025T17:35:21 - [TEST_STEP][PASSED] - line = reader.readLine(): null

27-02-2025T17:35:21 - [TEST_STEP][PASSED] - println(line): null

27-02-2025T17:35:21 - [TEST_STEP][PASSED] - group = line.indexOf("<Group>"): null

27-02-2025T17:35:21 - [TEST_STEP][PASSED] - println(group): null

27-02-2025T17:35:21 - [TEST_STEP][PASSED] - if (group >= 0): null

27-02-2025T17:35:21 - [TEST_STEP][PASSED] - else: null

27-02-2025T17:35:21 - [TEST_STEP][PASSED] - if (include): null

27-02-2025T17:35:21 - [TEST_STEP][PASSED] - println(line): null

27-02-2025T17:35:21 - [TEST_STEP][PASSED] - comma = line.indexOf(",y"): null

27-02-2025T17:35:21 - [TEST_STEP][PASSED] - if (comma > 0): null

27-02-2025T17:35:21 - [TEST_STEP][PASSED] - line = reader.readLine(): null

27-02-2025T17:35:21 - [TEST_STEP][PASSED] - println(line): null

27-02-2025T17:35:21 - [TEST_STEP][PASSED] - group = line.indexOf("<Group>"): null

27-02-2025T17:35:21 - [TEST_STEP][PASSED] - println(group): null

27-02-2025T17:35:21 - [TEST_STEP][PASSED] - if (group >= 0): null

27-02-2025T17:35:21 - [TEST_STEP][PASSED] - else: null

27-02-2025T17:35:21 - [TEST_STEP][PASSED] - if (include): null

27-02-2025T17:35:21 - [TEST_STEP][PASSED] - println(line): null

27-02-2025T17:35:21 - [TEST_STEP][PASSED] - comma = line.indexOf(",y"): null

27-02-2025T17:35:21 - [TEST_STEP][PASSED] - if (comma > 0): null

27-02-2025T17:35:21 - [TEST_STEP][PASSED] - commaCount = StringUtils.countMatches(line, ","): null

27-02-2025T17:35:21 - [TEST_STEP][PASSED] - if (commaCount > 1): null

27-02-2025T17:35:21 - [TEST_STEP][PASSED] - else: null

27-02-2025T17:35:21 - [TEST_STEP][PASSED] - label = line.substring(1, comma): null

27-02-2025T17:35:21 - [TEST_STEP][PASSED] - println(label): null

27-02-2025T17:35:21 - [TEST_STEP][PASSED] - checked.add(label): null

27-02-2025T17:35:21 - [TEST_STEP][PASSED] - line = reader.readLine(): null

27-02-2025T17:35:21 - [TEST_STEP][PASSED] - println(line): null

27-02-2025T17:35:21 - [TEST_STEP][PASSED] - group = line.indexOf("<Group>"): null

27-02-2025T17:35:21 - [TEST_STEP][PASSED] - println(group): null

27-02-2025T17:35:21 - [TEST_STEP][PASSED] - if (group >= 0): null

27-02-2025T17:35:21 - [TEST_STEP][PASSED] - selections = line.substring(group + 7, line.length() - 1): null

27-02-2025T17:35:21 - [TEST_STEP][PASSED] - println(selections): null

27-02-2025T17:35:21 - [TEST_STEP][PASSED] - if (selections == varSelections): null

27-02-2025T17:35:21 - [TEST_STEP][PASSED] - else: null

27-02-2025T17:35:21 - [TEST_STEP][PASSED] - include = false: null

27-02-2025T17:35:21 - [TEST_STEP][PASSED] - line = reader.readLine(): null

27-02-2025T17:35:21 - [TEST_STEP][PASSED] - println(line): null

27-02-2025T17:35:21 - [TEST_STEP][PASSED] - group = line.indexOf("<Group>"): null

27-02-2025T17:35:21 - [TEST_STEP][PASSED] - println(group): null

27-02-2025T17:35:21 - [TEST_STEP][PASSED] - if (group >= 0): null

27-02-2025T17:35:21 - [TEST_STEP][PASSED] - else: null

27-02-2025T17:35:21 - [TEST_STEP][PASSED] - if (include): null

27-02-2025T17:35:21 - [TEST_STEP][PASSED] - line = reader.readLine(): null

27-02-2025T17:35:21 - [TEST_STEP][PASSED] - println(line): null

27-02-2025T17:35:21 - [TEST_STEP][PASSED] - group = line.indexOf("<Group>"): null

27-02-2025T17:35:21 - [TEST_STEP][PASSED] - println(group): null

27-02-2025T17:35:21 - [TEST_STEP][PASSED] - if (group >= 0): null

27-02-2025T17:35:21 - [TEST_STEP][PASSED] - else: null

27-02-2025T17:35:21 - [TEST_STEP][PASSED] - if (include): null

27-02-2025T17:35:21 - [TEST_STEP][PASSED] - line = reader.readLine(): null

27-02-2025T17:35:21 - [TEST_STEP][PASSED] - println(line): null

27-02-2025T17:35:21 - [TEST_STEP][PASSED] - group = line.indexOf("<Group>"): null

27-02-2025T17:35:21 - [TEST_STEP][PASSED] - println(group): null

27-02-2025T17:35:21 - [TEST_STEP][PASSED] - if (group >= 0): null

27-02-2025T17:35:21 - [TEST_STEP][PASSED] - else: null

27-02-2025T17:35:21 - [TEST_STEP][PASSED] - if (include): null

27-02-2025T17:35:21 - [TEST_STEP][PASSED] - line = reader.readLine(): null

27-02-2025T17:35:21 - [TEST_STEP][PASSED] - println(line): null

27-02-2025T17:35:21 - [TEST_STEP][PASSED] - group = line.indexOf("<Group>"): null

27-02-2025T17:35:21 - [TEST_STEP][PASSED] - println(group): null

27-02-2025T17:35:21 - [TEST_STEP][PASSED] - if (group >= 0): null

27-02-2025T17:35:21 - [TEST_STEP][PASSED] - else: null

27-02-2025T17:35:21 - [TEST_STEP][PASSED] - if (include): null

27-02-2025T17:35:21 - [TEST_STEP][PASSED] - line = reader.readLine(): null

27-02-2025T17:35:21 - [TEST_STEP][PASSED] - println(line): null

27-02-2025T17:35:21 - [TEST_STEP][PASSED] - group = line.indexOf("<Group>"): null

27-02-2025T17:35:21 - [TEST_STEP][PASSED] - println(group): null

27-02-2025T17:35:21 - [TEST_STEP][PASSED] - if (group >= 0): null

27-02-2025T17:35:21 - [TEST_STEP][PASSED] - else: null

27-02-2025T17:35:21 - [TEST_STEP][PASSED] - if (include): null

27-02-2025T17:35:21 - [TEST_STEP][PASSED] - line = reader.readLine(): null

27-02-2025T17:35:21 - [TEST_STEP][PASSED] - println(line): null

27-02-2025T17:35:21 - [TEST_STEP][PASSED] - group = line.indexOf("<Group>"): null

27-02-2025T17:35:21 - [TEST_STEP][PASSED] - println(group): null

27-02-2025T17:35:21 - [TEST_STEP][PASSED] - if (group >= 0): null

27-02-2025T17:35:21 - [TEST_STEP][PASSED] - else: null

27-02-2025T17:35:21 - [TEST_STEP][PASSED] - if (include): null

27-02-2025T17:35:21 - [TEST_STEP][PASSED] - line = reader.readLine(): null

27-02-2025T17:35:21 - [TEST_STEP][PASSED] - println(line): null

27-02-2025T17:35:21 - [TEST_STEP][PASSED] - group = line.indexOf("<Group>"): null

27-02-2025T17:35:21 - [TEST_STEP][PASSED] - println(group): null

27-02-2025T17:35:21 - [TEST_STEP][PASSED] - if (group >= 0): null

27-02-2025T17:35:21 - [TEST_STEP][PASSED] - else: null

27-02-2025T17:35:21 - [TEST_STEP][PASSED] - if (include): null

27-02-2025T17:35:21 - [TEST_STEP][PASSED] - line = reader.readLine(): null

27-02-2025T17:35:21 - [TEST_STEP][PASSED] - println(line): null

27-02-2025T17:35:21 - [TEST_STEP][PASSED] - group = line.indexOf("<Group>"): null

27-02-2025T17:35:21 - [TEST_STEP][PASSED] - println(group): null

27-02-2025T17:35:21 - [TEST_STEP][PASSED] - if (group >= 0): null

27-02-2025T17:35:21 - [TEST_STEP][PASSED] - else: null

27-02-2025T17:35:21 - [TEST_STEP][PASSED] - if (include): null

27-02-2025T17:35:21 - [TEST_STEP][PASSED] - line = reader.readLine(): null

27-02-2025T17:35:21 - [TEST_STEP][PASSED] - println(line): null

27-02-2025T17:35:21 - [TEST_STEP][PASSED] - group = line.indexOf("<Group>"): null

27-02-2025T17:35:21 - [TEST_STEP][PASSED] - println(group): null

27-02-2025T17:35:21 - [TEST_STEP][PASSED] - if (group >= 0): null

27-02-2025T17:35:21 - [TEST_STEP][PASSED] - else: null

27-02-2025T17:35:21 - [TEST_STEP][PASSED] - if (include): null

27-02-2025T17:35:21 - [TEST_STEP][PASSED] - line = reader.readLine(): null

27-02-2025T17:35:21 - [TEST_STEP][PASSED] - println(line): null

27-02-2025T17:35:21 - [TEST_STEP][PASSED] - group = line.indexOf("<Group>"): null

27-02-2025T17:35:21 - [TEST_STEP][PASSED] - println(group): null

27-02-2025T17:35:21 - [TEST_STEP][PASSED] - if (group >= 0): null

27-02-2025T17:35:21 - [TEST_STEP][PASSED] - else: null

27-02-2025T17:35:21 - [TEST_STEP][PASSED] - if (include): null

27-02-2025T17:35:21 - [TEST_STEP][PASSED] - line = reader.readLine(): null

27-02-2025T17:35:21 - [TEST_STEP][PASSED] - println(line): null

27-02-2025T17:35:21 - [TEST_STEP][PASSED] - group = line.indexOf("<Group>"): null

27-02-2025T17:35:21 - [TEST_STEP][PASSED] - println(group): null

27-02-2025T17:35:21 - [TEST_STEP][PASSED] - if (group >= 0): null

27-02-2025T17:35:21 - [TEST_STEP][PASSED] - else: null

27-02-2025T17:35:21 - [TEST_STEP][PASSED] - if (include): null

27-02-2025T17:35:21 - [TEST_STEP][PASSED] - line = reader.readLine(): null

27-02-2025T17:35:21 - [TEST_STEP][PASSED] - println(line): null

27-02-2025T17:35:21 - [TEST_STEP][PASSED] - group = line.indexOf("<Group>"): null

27-02-2025T17:35:21 - [TEST_STEP][PASSED] - println(group): null

27-02-2025T17:35:21 - [TEST_STEP][PASSED] - if (group >= 0): null

27-02-2025T17:35:21 - [TEST_STEP][PASSED] - else: null

27-02-2025T17:35:21 - [TEST_STEP][PASSED] - if (include): null

27-02-2025T17:35:21 - [TEST_STEP][PASSED] - line = reader.readLine(): null

27-02-2025T17:35:21 - [TEST_STEP][PASSED] - println(line): null

27-02-2025T17:35:21 - [TEST_STEP][PASSED] - group = line.indexOf("<Group>"): null

27-02-2025T17:35:21 - [TEST_STEP][PASSED] - println(group): null

27-02-2025T17:35:21 - [TEST_STEP][PASSED] - if (group >= 0): null

27-02-2025T17:35:21 - [TEST_STEP][PASSED] - else: null

27-02-2025T17:35:21 - [TEST_STEP][PASSED] - if (include): null

27-02-2025T17:35:21 - [TEST_STEP][PASSED] - line = reader.readLine(): null

27-02-2025T17:35:21 - [TEST_STEP][PASSED] - println(line): null

27-02-2025T17:35:21 - [TEST_STEP][PASSED] - group = line.indexOf("<Group>"): null

27-02-2025T17:35:21 - [TEST_STEP][PASSED] - println(group): null

27-02-2025T17:35:21 - [TEST_STEP][PASSED] - if (group >= 0): null

27-02-2025T17:35:21 - [TEST_STEP][PASSED] - else: null

27-02-2025T17:35:21 - [TEST_STEP][PASSED] - if (include): null

27-02-2025T17:35:21 - [TEST_STEP][PASSED] - line = reader.readLine(): null

27-02-2025T17:35:21 - [TEST_STEP][PASSED] - println(line): null

27-02-2025T17:35:21 - [TEST_STEP][PASSED] - group = line.indexOf("<Group>"): null

27-02-2025T17:35:21 - [TEST_STEP][PASSED] - println(group): null

27-02-2025T17:35:21 - [TEST_STEP][PASSED] - if (group >= 0): null

27-02-2025T17:35:21 - [TEST_STEP][PASSED] - else: null

27-02-2025T17:35:21 - [TEST_STEP][PASSED] - if (include): null

27-02-2025T17:35:21 - [TEST_STEP][PASSED] - line = reader.readLine(): null

27-02-2025T17:35:21 - [TEST_STEP][PASSED] - println(line): null

27-02-2025T17:35:21 - [TEST_STEP][PASSED] - group = line.indexOf("<Group>"): null

27-02-2025T17:35:21 - [TEST_STEP][PASSED] - println(group): null

27-02-2025T17:35:21 - [TEST_STEP][PASSED] - if (group >= 0): null

27-02-2025T17:35:21 - [TEST_STEP][PASSED] - else: null

27-02-2025T17:35:21 - [TEST_STEP][PASSED] - if (include): null

27-02-2025T17:35:21 - [TEST_STEP][PASSED] - line = reader.readLine(): null

27-02-2025T17:35:21 - [TEST_STEP][PASSED] - println(line): null

27-02-2025T17:35:21 - [TEST_STEP][PASSED] - group = line.indexOf("<Group>"): null

27-02-2025T17:35:21 - [TEST_STEP][PASSED] - println(group): null

27-02-2025T17:35:21 - [TEST_STEP][PASSED] - if (group >= 0): null

27-02-2025T17:35:21 - [TEST_STEP][PASSED] - else: null

27-02-2025T17:35:21 - [TEST_STEP][PASSED] - if (include): null

27-02-2025T17:35:21 - [TEST_STEP][PASSED] - line = reader.readLine(): null

27-02-2025T17:35:21 - [TEST_STEP][PASSED] - println(line): null

27-02-2025T17:35:21 - [TEST_STEP][PASSED] - group = line.indexOf("<Group>"): null

27-02-2025T17:35:21 - [TEST_STEP][PASSED] - println(group): null

27-02-2025T17:35:21 - [TEST_STEP][PASSED] - if (group >= 0): null

27-02-2025T17:35:21 - [TEST_STEP][PASSED] - else: null

27-02-2025T17:35:21 - [TEST_STEP][PASSED] - if (include): null

27-02-2025T17:35:21 - [TEST_STEP][PASSED] - line = reader.readLine(): null

27-02-2025T17:35:21 - [TEST_STEP][PASSED] - println(line): null

27-02-2025T17:35:21 - [TEST_STEP][PASSED] - group = line.indexOf("<Group>"): null

27-02-2025T17:35:21 - [TEST_STEP][PASSED] - println(group): null

27-02-2025T17:35:21 - [TEST_STEP][PASSED] - if (group >= 0): null

27-02-2025T17:35:21 - [TEST_STEP][PASSED] - else: null

27-02-2025T17:35:21 - [TEST_STEP][PASSED] - if (include): null

27-02-2025T17:35:21 - [TEST_STEP][PASSED] - line = reader.readLine(): null

27-02-2025T17:35:21 - [TEST_STEP][PASSED] - println(line): null

27-02-2025T17:35:21 - [TEST_STEP][PASSED] - group = line.indexOf("<Group>"): null

27-02-2025T17:35:21 - [TEST_STEP][PASSED] - println(group): null

27-02-2025T17:35:21 - [TEST_STEP][PASSED] - if (group >= 0): null

27-02-2025T17:35:21 - [TEST_STEP][PASSED] - else: null

27-02-2025T17:35:21 - [TEST_STEP][PASSED] - if (include): null

27-02-2025T17:35:21 - [TEST_STEP][PASSED] - line = reader.readLine(): null

27-02-2025T17:35:21 - [TEST_STEP][PASSED] - println(line): null

27-02-2025T17:35:21 - [TEST_STEP][PASSED] - group = line.indexOf("<Group>"): null

27-02-2025T17:35:21 - [TEST_STEP][PASSED] - println(group): null

27-02-2025T17:35:21 - [TEST_STEP][PASSED] - if (group >= 0): null

27-02-2025T17:35:21 - [TEST_STEP][PASSED] - else: null

27-02-2025T17:35:21 - [TEST_STEP][PASSED] - if (include): null

27-02-2025T17:35:21 - [TEST_STEP][PASSED] - line = reader.readLine(): null

27-02-2025T17:35:21 - [TEST_STEP][PASSED] - println(line): null

27-02-2025T17:35:21 - [TEST_STEP][PASSED] - group = line.indexOf("<Group>"): null

27-02-2025T17:35:21 - [TEST_STEP][PASSED] - println(group): null

27-02-2025T17:35:21 - [TEST_STEP][PASSED] - if (group >= 0): null

27-02-2025T17:35:21 - [TEST_STEP][PASSED] - else: null

27-02-2025T17:35:21 - [TEST_STEP][PASSED] - if (include): null

27-02-2025T17:35:21 - [TEST_STEP][PASSED] - line = reader.readLine(): null

27-02-2025T17:35:21 - [TEST_STEP][PASSED] - println(line): null

27-02-2025T17:35:21 - [TEST_STEP][PASSED] - group = line.indexOf("<Group>"): null

27-02-2025T17:35:21 - [TEST_STEP][PASSED] - println(group): null

27-02-2025T17:35:21 - [TEST_STEP][PASSED] - if (group >= 0): null

27-02-2025T17:35:21 - [TEST_STEP][PASSED] - else: null

27-02-2025T17:35:21 - [TEST_STEP][PASSED] - if (include): null

27-02-2025T17:35:21 - [TEST_STEP][PASSED] - line = reader.readLine(): null

27-02-2025T17:35:21 - [TEST_STEP][PASSED] - println(line): null

27-02-2025T17:35:21 - [TEST_STEP][PASSED] - group = line.indexOf("<Group>"): null

27-02-2025T17:35:21 - [TEST_STEP][PASSED] - println(group): null

27-02-2025T17:35:21 - [TEST_STEP][PASSED] - if (group >= 0): null

27-02-2025T17:35:21 - [TEST_STEP][PASSED] - else: null

27-02-2025T17:35:21 - [TEST_STEP][PASSED] - if (include): null

27-02-2025T17:35:21 - [TEST_STEP][PASSED] - line = reader.readLine(): null

27-02-2025T17:35:21 - [TEST_STEP][PASSED] - println(line): null

27-02-2025T17:35:21 - [TEST_STEP][PASSED] - group = line.indexOf("<Group>"): null

27-02-2025T17:35:21 - [TEST_STEP][PASSED] - println(group): null

27-02-2025T17:35:21 - [TEST_STEP][PASSED] - if (group >= 0): null

27-02-2025T17:35:21 - [TEST_STEP][PASSED] - else: null

27-02-2025T17:35:21 - [TEST_STEP][PASSED] - if (include): null

27-02-2025T17:35:21 - [TEST_STEP][PASSED] - line = reader.readLine(): null

27-02-2025T17:35:21 - [TEST_STEP][PASSED] - println(line): null

27-02-2025T17:35:21 - [TEST_STEP][PASSED] - group = line.indexOf("<Group>"): null

27-02-2025T17:35:21 - [TEST_STEP][PASSED] - println(group): null

27-02-2025T17:35:21 - [TEST_STEP][PASSED] - if (group >= 0): null

27-02-2025T17:35:21 - [TEST_STEP][PASSED] - else: null

27-02-2025T17:35:21 - [TEST_STEP][PASSED] - if (include): null

27-02-2025T17:35:21 - [TEST_STEP][PASSED] - line = reader.readLine(): null

27-02-2025T17:35:21 - [TEST_STEP][PASSED] - println(line): null

27-02-2025T17:35:21 - [TEST_STEP][PASSED] - group = line.indexOf("<Group>"): null

27-02-2025T17:35:21 - [TEST_STEP][PASSED] - println(group): null

27-02-2025T17:35:21 - [TEST_STEP][PASSED] - if (group >= 0): null

27-02-2025T17:35:21 - [TEST_STEP][PASSED] - else: null

27-02-2025T17:35:21 - [TEST_STEP][PASSED] - if (include): null

27-02-2025T17:35:21 - [TEST_STEP][PASSED] - line = reader.readLine(): null

27-02-2025T17:35:21 - [TEST_STEP][PASSED] - println(line): null

27-02-2025T17:35:21 - [TEST_STEP][PASSED] - group = line.indexOf("<Group>"): null

27-02-2025T17:35:21 - [TEST_STEP][PASSED] - println(group): null

27-02-2025T17:35:21 - [TEST_STEP][PASSED] - if (group >= 0): null

27-02-2025T17:35:21 - [TEST_STEP][PASSED] - else: null

27-02-2025T17:35:21 - [TEST_STEP][PASSED] - if (include): null

27-02-2025T17:35:21 - [TEST_STEP][PASSED] - line = reader.readLine(): null

27-02-2025T17:35:21 - [TEST_STEP][PASSED] - println(line): null

27-02-2025T17:35:21 - [TEST_STEP][PASSED] - group = line.indexOf("<Group>"): null

27-02-2025T17:35:21 - [TEST_STEP][PASSED] - println(group): null

27-02-2025T17:35:21 - [TEST_STEP][PASSED] - if (group >= 0): null

27-02-2025T17:35:21 - [TEST_STEP][PASSED] - else: null

27-02-2025T17:35:21 - [TEST_STEP][PASSED] - if (include): null

27-02-2025T17:35:21 - [TEST_STEP][PASSED] - line = reader.readLine(): null

27-02-2025T17:35:21 - [TEST_STEP][PASSED] - println(line): null

27-02-2025T17:35:21 - [TEST_STEP][PASSED] - group = line.indexOf("<Group>"): null

27-02-2025T17:35:21 - [TEST_STEP][PASSED] - println(group): null

27-02-2025T17:35:21 - [TEST_STEP][PASSED] - if (group >= 0): null

27-02-2025T17:35:21 - [TEST_STEP][PASSED] - else: null

27-02-2025T17:35:21 - [TEST_STEP][PASSED] - if (include): null

27-02-2025T17:35:21 - [TEST_STEP][PASSED] - line = reader.readLine(): null

27-02-2025T17:35:21 - [TEST_STEP][PASSED] - println(line): null

27-02-2025T17:35:21 - [TEST_STEP][PASSED] - group = line.indexOf("<Group>"): null

27-02-2025T17:35:21 - [TEST_STEP][PASSED] - println(group): null

27-02-2025T17:35:21 - [TEST_STEP][PASSED] - if (group >= 0): null

27-02-2025T17:35:21 - [TEST_STEP][PASSED] - else: null

27-02-2025T17:35:21 - [TEST_STEP][PASSED] - if (include): null

27-02-2025T17:35:21 - [TEST_STEP][PASSED] - line = reader.readLine(): null

27-02-2025T17:35:21 - [TEST_STEP][PASSED] - println(line): null

27-02-2025T17:35:21 - [TEST_STEP][PASSED] - group = line.indexOf("<Group>"): null

27-02-2025T17:35:21 - [TEST_STEP][PASSED] - println(group): null

27-02-2025T17:35:21 - [TEST_STEP][PASSED] - if (group >= 0): null

27-02-2025T17:35:21 - [TEST_STEP][PASSED] - else: null

27-02-2025T17:35:21 - [TEST_STEP][PASSED] - if (include): null

27-02-2025T17:35:21 - [TEST_STEP][PASSED] - line = reader.readLine(): null

27-02-2025T17:35:21 - [TEST_STEP][PASSED] - println(line): null

27-02-2025T17:35:21 - [TEST_STEP][PASSED] - group = line.indexOf("<Group>"): null

27-02-2025T17:35:21 - [TEST_STEP][PASSED] - println(group): null

27-02-2025T17:35:21 - [TEST_STEP][PASSED] - if (group >= 0): null

27-02-2025T17:35:21 - [TEST_STEP][PASSED] - else: null

27-02-2025T17:35:21 - [TEST_STEP][PASSED] - if (include): null

27-02-2025T17:35:21 - [TEST_STEP][PASSED] - line = reader.readLine(): null

27-02-2025T17:35:21 - [TEST_STEP][PASSED] - println(line): null

27-02-2025T17:35:21 - [TEST_STEP][PASSED] - group = line.indexOf("<Group>"): null

27-02-2025T17:35:21 - [TEST_STEP][PASSED] - println(group): null

27-02-2025T17:35:21 - [TEST_STEP][PASSED] - if (group >= 0): null

27-02-2025T17:35:21 - [TEST_STEP][PASSED] - else: null

27-02-2025T17:35:21 - [TEST_STEP][PASSED] - if (include): null

27-02-2025T17:35:21 - [TEST_STEP][PASSED] - line = reader.readLine(): null

27-02-2025T17:35:21 - [TEST_STEP][PASSED] - println(line): null

27-02-2025T17:35:21 - [TEST_STEP][PASSED] - group = line.indexOf("<Group>"): null

27-02-2025T17:35:21 - [TEST_STEP][PASSED] - println(group): null

27-02-2025T17:35:21 - [TEST_STEP][PASSED] - if (group >= 0): null

27-02-2025T17:35:21 - [TEST_STEP][PASSED] - else: null

27-02-2025T17:35:21 - [TEST_STEP][PASSED] - if (include): null

27-02-2025T17:35:21 - [TEST_STEP][PASSED] - line = reader.readLine(): null

27-02-2025T17:35:21 - [TEST_STEP][PASSED] - println(line): null

27-02-2025T17:35:21 - [TEST_STEP][PASSED] - group = line.indexOf("<Group>"): null

27-02-2025T17:35:21 - [TEST_STEP][PASSED] - println(group): null

27-02-2025T17:35:21 - [TEST_STEP][PASSED] - if (group >= 0): null

27-02-2025T17:35:21 - [TEST_STEP][PASSED] - else: null

27-02-2025T17:35:21 - [TEST_STEP][PASSED] - if (include): null

27-02-2025T17:35:21 - [TEST_STEP][PASSED] - line = reader.readLine(): null

27-02-2025T17:35:21 - [TEST_STEP][PASSED] - println(line): null

27-02-2025T17:35:21 - [TEST_STEP][PASSED] - group = line.indexOf("<Group>"): null

27-02-2025T17:35:21 - [TEST_STEP][PASSED] - println(group): null

27-02-2025T17:35:21 - [TEST_STEP][PASSED] - if (group >= 0): null

27-02-2025T17:35:21 - [TEST_STEP][PASSED] - else: null

27-02-2025T17:35:21 - [TEST_STEP][PASSED] - if (include): null

27-02-2025T17:35:21 - [TEST_STEP][PASSED] - line = reader.readLine(): null

27-02-2025T17:35:21 - [TEST_STEP][PASSED] - println(line): null

27-02-2025T17:35:21 - [TEST_STEP][PASSED] - group = line.indexOf("<Group>"): null

27-02-2025T17:35:21 - [TEST_STEP][PASSED] - println(group): null

27-02-2025T17:35:21 - [TEST_STEP][PASSED] - if (group >= 0): null

27-02-2025T17:35:21 - [TEST_STEP][PASSED] - else: null

27-02-2025T17:35:21 - [TEST_STEP][PASSED] - if (include): null

27-02-2025T17:35:21 - [TEST_STEP][PASSED] - line = reader.readLine(): null

27-02-2025T17:35:21 - [TEST_STEP][PASSED] - println(line): null

27-02-2025T17:35:21 - [TEST_STEP][PASSED] - group = line.indexOf("<Group>"): null

27-02-2025T17:35:21 - [TEST_STEP][PASSED] - println(group): null

27-02-2025T17:35:21 - [TEST_STEP][PASSED] - if (group >= 0): null

27-02-2025T17:35:21 - [TEST_STEP][PASSED] - else: null

27-02-2025T17:35:21 - [TEST_STEP][PASSED] - if (include): null

27-02-2025T17:35:21 - [TEST_STEP][PASSED] - line = reader.readLine(): null

27-02-2025T17:35:21 - [TEST_STEP][PASSED] - println(line): null

27-02-2025T17:35:21 - [TEST_STEP][PASSED] - group = line.indexOf("<Group>"): null

27-02-2025T17:35:21 - [TEST_STEP][PASSED] - println(group): null

27-02-2025T17:35:21 - [TEST_STEP][PASSED] - if (group >= 0): null

27-02-2025T17:35:21 - [TEST_STEP][PASSED] - else: null

27-02-2025T17:35:21 - [TEST_STEP][PASSED] - if (include): null

27-02-2025T17:35:21 - [TEST_STEP][PASSED] - line = reader.readLine(): null

27-02-2025T17:35:21 - [TEST_STEP][PASSED] - println(line): null

27-02-2025T17:35:21 - [TEST_STEP][PASSED] - group = line.indexOf("<Group>"): null

27-02-2025T17:35:21 - [TEST_STEP][PASSED] - println(group): null

27-02-2025T17:35:21 - [TEST_STEP][PASSED] - if (group >= 0): null

27-02-2025T17:35:21 - [TEST_STEP][PASSED] - else: null

27-02-2025T17:35:21 - [TEST_STEP][PASSED] - if (include): null

27-02-2025T17:35:21 - [TEST_STEP][PASSED] - line = reader.readLine(): null

27-02-2025T17:35:21 - [TEST_STEP][PASSED] - println(line): null

27-02-2025T17:35:21 - [TEST_STEP][PASSED] - group = line.indexOf("<Group>"): null

27-02-2025T17:35:21 - [TEST_STEP][PASSED] - println(group): null

27-02-2025T17:35:21 - [TEST_STEP][PASSED] - if (group >= 0): null

27-02-2025T17:35:21 - [TEST_STEP][PASSED] - else: null

27-02-2025T17:35:21 - [TEST_STEP][PASSED] - if (include): null

27-02-2025T17:35:21 - [TEST_STEP][PASSED] - line = reader.readLine(): null

27-02-2025T17:35:21 - [TEST_STEP][PASSED] - println(line): null

27-02-2025T17:35:21 - [TEST_STEP][PASSED] - group = line.indexOf("<Group>"): null

27-02-2025T17:35:21 - [TEST_STEP][PASSED] - println(group): null

27-02-2025T17:35:21 - [TEST_STEP][PASSED] - if (group >= 0): null

27-02-2025T17:35:21 - [TEST_STEP][PASSED] - else: null

27-02-2025T17:35:21 - [TEST_STEP][PASSED] - if (include): null

27-02-2025T17:35:21 - [TEST_STEP][PASSED] - line = reader.readLine(): null

27-02-2025T17:35:21 - [TEST_STEP][PASSED] - println(line): null

27-02-2025T17:35:21 - [TEST_STEP][PASSED] - group = line.indexOf("<Group>"): null

27-02-2025T17:35:21 - [TEST_STEP][PASSED] - println(group): null

27-02-2025T17:35:21 - [TEST_STEP][PASSED] - if (group >= 0): null

27-02-2025T17:35:21 - [TEST_STEP][PASSED] - else: null

27-02-2025T17:35:21 - [TEST_STEP][PASSED] - if (include): null

27-02-2025T17:35:21 - [TEST_STEP][PASSED] - line = reader.readLine(): null

27-02-2025T17:35:21 - [TEST_STEP][PASSED] - println(line): null

27-02-2025T17:35:21 - [TEST_STEP][PASSED] - group = line.indexOf("<Group>"): null

27-02-2025T17:35:21 - [TEST_STEP][PASSED] - println(group): null

27-02-2025T17:35:21 - [TEST_STEP][PASSED] - if (group >= 0): null

27-02-2025T17:35:21 - [TEST_STEP][PASSED] - else: null

27-02-2025T17:35:21 - [TEST_STEP][PASSED] - if (include): null

27-02-2025T17:35:21 - [TEST_STEP][PASSED] - line = reader.readLine(): null

27-02-2025T17:35:21 - [TEST_STEP][PASSED] - println(line): null

27-02-2025T17:35:21 - [TEST_STEP][PASSED] - group = line.indexOf("<Group>"): null

27-02-2025T17:35:21 - [TEST_STEP][PASSED] - println(group): null

27-02-2025T17:35:21 - [TEST_STEP][PASSED] - if (group >= 0): null

27-02-2025T17:35:21 - [TEST_STEP][PASSED] - else: null

27-02-2025T17:35:21 - [TEST_STEP][PASSED] - if (include): null

27-02-2025T17:35:21 - [TEST_STEP][PASSED] - line = reader.readLine(): null

27-02-2025T17:35:21 - [TEST_STEP][PASSED] - println(line): null

27-02-2025T17:35:21 - [TEST_STEP][PASSED] - group = line.indexOf("<Group>"): null

27-02-2025T17:35:21 - [TEST_STEP][PASSED] - println(group): null

27-02-2025T17:35:21 - [TEST_STEP][PASSED] - if (group >= 0): null

27-02-2025T17:35:21 - [TEST_STEP][PASSED] - else: null

27-02-2025T17:35:21 - [TEST_STEP][PASSED] - if (include): null

27-02-2025T17:35:21 - [TEST_STEP][PASSED] - line = reader.readLine(): null

27-02-2025T17:35:21 - [TEST_STEP][PASSED] - println(line): null

27-02-2025T17:35:21 - [TEST_STEP][PASSED] - group = line.indexOf("<Group>"): null

27-02-2025T17:35:21 - [TEST_STEP][PASSED] - println(group): null

27-02-2025T17:35:21 - [TEST_STEP][PASSED] - if (group >= 0): null

27-02-2025T17:35:21 - [TEST_STEP][PASSED] - else: null

27-02-2025T17:35:21 - [TEST_STEP][PASSED] - if (include): null

27-02-2025T17:35:21 - [TEST_STEP][PASSED] - line = reader.readLine(): null

27-02-2025T17:35:21 - [TEST_STEP][PASSED] - println(line): null

27-02-2025T17:35:21 - [TEST_STEP][PASSED] - group = line.indexOf("<Group>"): null

27-02-2025T17:35:21 - [TEST_STEP][PASSED] - println(group): null

27-02-2025T17:35:21 - [TEST_STEP][PASSED] - if (group >= 0): null

27-02-2025T17:35:21 - [TEST_STEP][PASSED] - else: null

27-02-2025T17:35:21 - [TEST_STEP][PASSED] - if (include): null

27-02-2025T17:35:21 - [TEST_STEP][PASSED] - line = reader.readLine(): null

27-02-2025T17:35:21 - [TEST_STEP][PASSED] - println(line): null

27-02-2025T17:35:21 - [TEST_STEP][PASSED] - group = line.indexOf("<Group>"): null

27-02-2025T17:35:21 - [TEST_STEP][PASSED] - println(group): null

27-02-2025T17:35:21 - [TEST_STEP][PASSED] - if (group >= 0): null

27-02-2025T17:35:21 - [TEST_STEP][PASSED] - else: null

27-02-2025T17:35:21 - [TEST_STEP][PASSED] - if (include): null

27-02-2025T17:35:21 - [TEST_STEP][PASSED] - line = reader.readLine(): null

27-02-2025T17:35:21 - [TEST_STEP][PASSED] - println(line): null

27-02-2025T17:35:21 - [TEST_STEP][PASSED] - group = line.indexOf("<Group>"): null

27-02-2025T17:35:21 - [TEST_STEP][PASSED] - println(group): null

27-02-2025T17:35:21 - [TEST_STEP][PASSED] - if (group >= 0): null

27-02-2025T17:35:21 - [TEST_STEP][PASSED] - else: null

27-02-2025T17:35:21 - [TEST_STEP][PASSED] - if (include): null

27-02-2025T17:35:21 - [TEST_STEP][PASSED] - line = reader.readLine(): null

27-02-2025T17:35:21 - [TEST_STEP][PASSED] - println(line): null

27-02-2025T17:35:21 - [TEST_STEP][PASSED] - group = line.indexOf("<Group>"): null

27-02-2025T17:35:21 - [TEST_STEP][PASSED] - println(group): null

27-02-2025T17:35:21 - [TEST_STEP][PASSED] - if (group >= 0): null

27-02-2025T17:35:21 - [TEST_STEP][PASSED] - else: null

27-02-2025T17:35:21 - [TEST_STEP][PASSED] - if (include): null

27-02-2025T17:35:21 - [TEST_STEP][PASSED] - line = reader.readLine(): null

27-02-2025T17:35:21 - [TEST_STEP][PASSED] - println(line): null

27-02-2025T17:35:21 - [TEST_STEP][PASSED] - group = line.indexOf("<Group>"): null

27-02-2025T17:35:21 - [TEST_STEP][PASSED] - println(group): null

27-02-2025T17:35:21 - [TEST_STEP][PASSED] - if (group >= 0): null

27-02-2025T17:35:21 - [TEST_STEP][PASSED] - else: null

27-02-2025T17:35:21 - [TEST_STEP][PASSED] - if (include): null

27-02-2025T17:35:21 - [TEST_STEP][PASSED] - line = reader.readLine(): null

27-02-2025T17:35:21 - [TEST_STEP][PASSED] - println(line): null

27-02-2025T17:35:21 - [TEST_STEP][PASSED] - group = line.indexOf("<Group>"): null

27-02-2025T17:35:21 - [TEST_STEP][PASSED] - println(group): null

27-02-2025T17:35:21 - [TEST_STEP][PASSED] - if (group >= 0): null

27-02-2025T17:35:21 - [TEST_STEP][PASSED] - else: null

27-02-2025T17:35:21 - [TEST_STEP][PASSED] - if (include): null

27-02-2025T17:35:21 - [TEST_STEP][PASSED] - line = reader.readLine(): null

27-02-2025T17:35:21 - [TEST_STEP][PASSED] - println(line): null

27-02-2025T17:35:21 - [TEST_STEP][PASSED] - group = line.indexOf("<Group>"): null

27-02-2025T17:35:21 - [TEST_STEP][PASSED] - println(group): null

27-02-2025T17:35:21 - [TEST_STEP][PASSED] - if (group >= 0): null

27-02-2025T17:35:21 - [TEST_STEP][PASSED] - else: null

27-02-2025T17:35:21 - [TEST_STEP][PASSED] - if (include): null

27-02-2025T17:35:21 - [TEST_STEP][PASSED] - line = reader.readLine(): null

27-02-2025T17:35:21 - [TEST_STEP][PASSED] - println(line): null

27-02-2025T17:35:21 - [TEST_STEP][PASSED] - group = line.indexOf("<Group>"): null

27-02-2025T17:35:21 - [TEST_STEP][PASSED] - println(group): null

27-02-2025T17:35:21 - [TEST_STEP][PASSED] - if (group >= 0): null

27-02-2025T17:35:21 - [TEST_STEP][PASSED] - else: null

27-02-2025T17:35:21 - [TEST_STEP][PASSED] - if (include): null

27-02-2025T17:35:21 - [TEST_STEP][PASSED] - line = reader.readLine(): null

27-02-2025T17:35:21 - [TEST_STEP][PASSED] - println(line): null

27-02-2025T17:35:21 - [TEST_STEP][PASSED] - group = line.indexOf("<Group>"): null

27-02-2025T17:35:21 - [TEST_STEP][PASSED] - println(group): null

27-02-2025T17:35:21 - [TEST_STEP][PASSED] - if (group >= 0): null

27-02-2025T17:35:21 - [TEST_STEP][PASSED] - else: null

27-02-2025T17:35:21 - [TEST_STEP][PASSED] - if (include): null

27-02-2025T17:35:21 - [TEST_STEP][PASSED] - line = reader.readLine(): null

27-02-2025T17:35:21 - [TEST_STEP][PASSED] - println(line): null

27-02-2025T17:35:21 - [TEST_STEP][PASSED] - group = line.indexOf("<Group>"): null

27-02-2025T17:35:21 - [TEST_STEP][PASSED] - println(group): null

27-02-2025T17:35:21 - [TEST_STEP][PASSED] - if (group >= 0): null

27-02-2025T17:35:21 - [TEST_STEP][PASSED] - else: null

27-02-2025T17:35:21 - [TEST_STEP][PASSED] - if (include): null

27-02-2025T17:35:21 - [TEST_STEP][PASSED] - line = reader.readLine(): null

27-02-2025T17:35:21 - [TEST_STEP][PASSED] - println(line): null

27-02-2025T17:35:21 - [TEST_STEP][PASSED] - group = line.indexOf("<Group>"): null

27-02-2025T17:35:21 - [TEST_STEP][PASSED] - println(group): null

27-02-2025T17:35:21 - [TEST_STEP][PASSED] - if (group >= 0): null

27-02-2025T17:35:21 - [TEST_STEP][PASSED] - else: null

27-02-2025T17:35:21 - [TEST_STEP][PASSED] - if (include): null

27-02-2025T17:35:21 - [TEST_STEP][PASSED] - line = reader.readLine(): null

27-02-2025T17:35:21 - [TEST_STEP][PASSED] - println(line): null

27-02-2025T17:35:21 - [TEST_STEP][PASSED] - group = line.indexOf("<Group>"): null

27-02-2025T17:35:21 - [TEST_STEP][PASSED] - println(group): null

27-02-2025T17:35:21 - [TEST_STEP][PASSED] - if (group >= 0): null

27-02-2025T17:35:21 - [TEST_STEP][PASSED] - else: null

27-02-2025T17:35:21 - [TEST_STEP][PASSED] - if (include): null

27-02-2025T17:35:21 - [TEST_STEP][PASSED] - line = reader.readLine(): null

27-02-2025T17:35:21 - [TEST_STEP][PASSED] - println(line): null

27-02-2025T17:35:21 - [TEST_STEP][PASSED] - group = line.indexOf("<Group>"): null

27-02-2025T17:35:21 - [TEST_STEP][PASSED] - println(group): null

27-02-2025T17:35:21 - [TEST_STEP][PASSED] - if (group >= 0): null

27-02-2025T17:35:21 - [TEST_STEP][PASSED] - else: null

27-02-2025T17:35:21 - [TEST_STEP][PASSED] - if (include): null

27-02-2025T17:35:21 - [TEST_STEP][PASSED] - line = reader.readLine(): null

27-02-2025T17:35:21 - [TEST_STEP][PASSED] - println(line): null

27-02-2025T17:35:21 - [TEST_STEP][PASSED] - group = line.indexOf("<Group>"): null

27-02-2025T17:35:21 - [TEST_STEP][PASSED] - println(group): null

27-02-2025T17:35:21 - [TEST_STEP][PASSED] - if (group >= 0): null

27-02-2025T17:35:21 - [TEST_STEP][PASSED] - else: null

27-02-2025T17:35:21 - [TEST_STEP][PASSED] - if (include): null

27-02-2025T17:35:21 - [TEST_STEP][PASSED] - line = reader.readLine(): null

27-02-2025T17:35:21 - [TEST_STEP][PASSED] - println(line): null

27-02-2025T17:35:21 - [TEST_STEP][PASSED] - group = line.indexOf("<Group>"): null

27-02-2025T17:35:21 - [TEST_STEP][PASSED] - println(group): null

27-02-2025T17:35:21 - [TEST_STEP][PASSED] - if (group >= 0): null

27-02-2025T17:35:21 - [TEST_STEP][PASSED] - else: null

27-02-2025T17:35:21 - [TEST_STEP][PASSED] - if (include): null

27-02-2025T17:35:21 - [TEST_STEP][PASSED] - line = reader.readLine(): null

27-02-2025T17:35:21 - [TEST_STEP][PASSED] - println(line): null

27-02-2025T17:35:21 - [TEST_STEP][PASSED] - group = line.indexOf("<Group>"): null

27-02-2025T17:35:21 - [TEST_STEP][PASSED] - println(group): null

27-02-2025T17:35:21 - [TEST_STEP][PASSED] - if (group >= 0): null

27-02-2025T17:35:21 - [TEST_STEP][PASSED] - else: null

27-02-2025T17:35:21 - [TEST_STEP][PASSED] - if (include): null

27-02-2025T17:35:21 - [TEST_STEP][PASSED] - line = reader.readLine(): null

27-02-2025T17:35:21 - [TEST_STEP][PASSED] - println(line): null

27-02-2025T17:35:21 - [TEST_STEP][PASSED] - group = line.indexOf("<Group>"): null

27-02-2025T17:35:21 - [TEST_STEP][PASSED] - println(group): null

27-02-2025T17:35:21 - [TEST_STEP][PASSED] - if (group >= 0): null

27-02-2025T17:35:21 - [TEST_STEP][PASSED] - else: null

27-02-2025T17:35:21 - [TEST_STEP][PASSED] - if (include): null

27-02-2025T17:35:21 - [TEST_STEP][PASSED] - line = reader.readLine(): null

27-02-2025T17:35:21 - [TEST_STEP][PASSED] - println(line): null

27-02-2025T17:35:21 - [TEST_STEP][PASSED] - group = line.indexOf("<Group>"): null

27-02-2025T17:35:21 - [TEST_STEP][PASSED] - println(group): null

27-02-2025T17:35:21 - [TEST_STEP][PASSED] - if (group >= 0): null

27-02-2025T17:35:21 - [TEST_STEP][PASSED] - else: null

27-02-2025T17:35:21 - [TEST_STEP][PASSED] - if (include): null

27-02-2025T17:35:21 - [TEST_STEP][PASSED] - line = reader.readLine(): null

27-02-2025T17:35:21 - [TEST_STEP][PASSED] - println(line): null

27-02-2025T17:35:21 - [TEST_STEP][PASSED] - group = line.indexOf("<Group>"): null

27-02-2025T17:35:21 - [TEST_STEP][PASSED] - println(group): null

27-02-2025T17:35:21 - [TEST_STEP][PASSED] - if (group >= 0): null

27-02-2025T17:35:21 - [TEST_STEP][PASSED] - else: null

27-02-2025T17:35:21 - [TEST_STEP][PASSED] - if (include): null

27-02-2025T17:35:21 - [TEST_STEP][PASSED] - line = reader.readLine(): null

27-02-2025T17:35:21 - [TEST_STEP][PASSED] - println(line): null

27-02-2025T17:35:21 - [TEST_STEP][PASSED] - group = line.indexOf("<Group>"): null

27-02-2025T17:35:21 - [TEST_STEP][PASSED] - println(group): null

27-02-2025T17:35:21 - [TEST_STEP][PASSED] - if (group >= 0): null

27-02-2025T17:35:21 - [TEST_STEP][PASSED] - else: null

27-02-2025T17:35:21 - [TEST_STEP][PASSED] - if (include): null

27-02-2025T17:35:21 - [TEST_STEP][PASSED] - line = reader.readLine(): null

27-02-2025T17:35:21 - [TEST_STEP][PASSED] - println(line): null

27-02-2025T17:35:21 - [TEST_STEP][PASSED] - group = line.indexOf("<Group>"): null

27-02-2025T17:35:21 - [TEST_STEP][PASSED] - println(group): null

27-02-2025T17:35:21 - [TEST_STEP][PASSED] - if (group >= 0): null

27-02-2025T17:35:21 - [TEST_STEP][PASSED] - else: null

27-02-2025T17:35:21 - [TEST_STEP][PASSED] - if (include): null

27-02-2025T17:35:21 - [TEST_STEP][PASSED] - line = reader.readLine(): null

27-02-2025T17:35:21 - [TEST_STEP][PASSED] - println(line): null

27-02-2025T17:35:21 - [TEST_STEP][PASSED] - group = line.indexOf("<Group>"): null

27-02-2025T17:35:21 - [TEST_STEP][PASSED] - println(group): null

27-02-2025T17:35:21 - [TEST_STEP][PASSED] - if (group >= 0): null

27-02-2025T17:35:21 - [TEST_STEP][PASSED] - else: null

27-02-2025T17:35:21 - [TEST_STEP][PASSED] - if (include): null

27-02-2025T17:35:21 - [TEST_STEP][PASSED] - line = reader.readLine(): null

27-02-2025T17:35:21 - [TEST_STEP][PASSED] - println(line): null

27-02-2025T17:35:21 - [TEST_STEP][PASSED] - group = line.indexOf("<Group>"): null

27-02-2025T17:35:21 - [TEST_STEP][PASSED] - println(group): null

27-02-2025T17:35:21 - [TEST_STEP][PASSED] - if (group >= 0): null

27-02-2025T17:35:21 - [TEST_STEP][PASSED] - else: null

27-02-2025T17:35:21 - [TEST_STEP][PASSED] - if (include): null

27-02-2025T17:35:21 - [TEST_STEP][PASSED] - line = reader.readLine(): null

27-02-2025T17:35:21 - [TEST_STEP][PASSED] - println(line): null

27-02-2025T17:35:21 - [TEST_STEP][PASSED] - group = line.indexOf("<Group>"): null

27-02-2025T17:35:21 - [TEST_STEP][PASSED] - println(group): null

27-02-2025T17:35:21 - [TEST_STEP][PASSED] - if (group >= 0): null

27-02-2025T17:35:21 - [TEST_STEP][PASSED] - else: null

27-02-2025T17:35:21 - [TEST_STEP][PASSED] - if (include): null

27-02-2025T17:35:21 - [TEST_STEP][PASSED] - line = reader.readLine(): null

27-02-2025T17:35:21 - [TEST_STEP][PASSED] - println(line): null

27-02-2025T17:35:21 - [TEST_STEP][PASSED] - group = line.indexOf("<Group>"): null

27-02-2025T17:35:21 - [TEST_STEP][PASSED] - println(group): null

27-02-2025T17:35:21 - [TEST_STEP][PASSED] - if (group >= 0): null

27-02-2025T17:35:21 - [TEST_STEP][PASSED] - else: null

27-02-2025T17:35:21 - [TEST_STEP][PASSED] - if (include): null

27-02-2025T17:35:21 - [TEST_STEP][PASSED] - line = reader.readLine(): null

27-02-2025T17:35:21 - [TEST_STEP][PASSED] - println(line): null

27-02-2025T17:35:21 - [TEST_STEP][PASSED] - group = line.indexOf("<Group>"): null

27-02-2025T17:35:21 - [TEST_STEP][PASSED] - println(group): null

27-02-2025T17:35:21 - [TEST_STEP][PASSED] - if (group >= 0): null

27-02-2025T17:35:21 - [TEST_STEP][PASSED] - else: null

27-02-2025T17:35:21 - [TEST_STEP][PASSED] - if (include): null

27-02-2025T17:35:21 - [TEST_STEP][PASSED] - line = reader.readLine(): null

27-02-2025T17:35:21 - [TEST_STEP][PASSED] - println(line): null

27-02-2025T17:35:21 - [TEST_STEP][PASSED] - group = line.indexOf("<Group>"): null

27-02-2025T17:35:21 - [TEST_STEP][PASSED] - println(group): null

27-02-2025T17:35:21 - [TEST_STEP][PASSED] - if (group >= 0): null

27-02-2025T17:35:21 - [TEST_STEP][PASSED] - else: null

27-02-2025T17:35:21 - [TEST_STEP][PASSED] - if (include): null

27-02-2025T17:35:21 - [TEST_STEP][PASSED] - line = reader.readLine(): null

27-02-2025T17:35:21 - [TEST_STEP][PASSED] - println(line): null

27-02-2025T17:35:21 - [TEST_STEP][PASSED] - group = line.indexOf("<Group>"): null

27-02-2025T17:35:21 - [TEST_STEP][PASSED] - println(group): null

27-02-2025T17:35:21 - [TEST_STEP][PASSED] - if (group >= 0): null

27-02-2025T17:35:21 - [TEST_STEP][PASSED] - else: null

27-02-2025T17:35:21 - [TEST_STEP][PASSED] - if (include): null

27-02-2025T17:35:21 - [TEST_STEP][PASSED] - line = reader.readLine(): null

27-02-2025T17:35:21 - [TEST_STEP][PASSED] - println(line): null

27-02-2025T17:35:21 - [TEST_STEP][PASSED] - group = line.indexOf("<Group>"): null

27-02-2025T17:35:21 - [TEST_STEP][PASSED] - println(group): null

27-02-2025T17:35:21 - [TEST_STEP][PASSED] - if (group >= 0): null

27-02-2025T17:35:21 - [TEST_STEP][PASSED] - else: null

27-02-2025T17:35:21 - [TEST_STEP][PASSED] - if (include): null

27-02-2025T17:35:21 - [TEST_STEP][PASSED] - line = reader.readLine(): null

27-02-2025T17:35:21 - [TEST_STEP][PASSED] - println(line): null

27-02-2025T17:35:21 - [TEST_STEP][PASSED] - group = line.indexOf("<Group>"): null

27-02-2025T17:35:21 - [TEST_STEP][PASSED] - println(group): null

27-02-2025T17:35:21 - [TEST_STEP][PASSED] - if (group >= 0): null

27-02-2025T17:35:21 - [TEST_STEP][PASSED] - else: null

27-02-2025T17:35:21 - [TEST_STEP][PASSED] - if (include): null

27-02-2025T17:35:21 - [TEST_STEP][PASSED] - line = reader.readLine(): null

27-02-2025T17:35:21 - [TEST_STEP][PASSED] - println(line): null

27-02-2025T17:35:21 - [TEST_STEP][PASSED] - group = line.indexOf("<Group>"): null

27-02-2025T17:35:21 - [TEST_STEP][PASSED] - println(group): null

27-02-2025T17:35:21 - [TEST_STEP][PASSED] - if (group >= 0): null

27-02-2025T17:35:21 - [TEST_STEP][PASSED] - else: null

27-02-2025T17:35:21 - [TEST_STEP][PASSED] - if (include): null

27-02-2025T17:35:21 - [TEST_STEP][PASSED] - line = reader.readLine(): null

27-02-2025T17:35:21 - [TEST_STEP][PASSED] - println(line): null

27-02-2025T17:35:21 - [TEST_STEP][PASSED] - group = line.indexOf("<Group>"): null

27-02-2025T17:35:21 - [TEST_STEP][PASSED] - println(group): null

27-02-2025T17:35:21 - [TEST_STEP][PASSED] - if (group >= 0): null

27-02-2025T17:35:21 - [TEST_STEP][PASSED] - else: null

27-02-2025T17:35:21 - [TEST_STEP][PASSED] - if (include): null

27-02-2025T17:35:21 - [TEST_STEP][PASSED] - line = reader.readLine(): null

27-02-2025T17:35:21 - [TEST_STEP][PASSED] - println(line): null

27-02-2025T17:35:21 - [TEST_STEP][PASSED] - group = line.indexOf("<Group>"): null

27-02-2025T17:35:21 - [TEST_STEP][PASSED] - println(group): null

27-02-2025T17:35:21 - [TEST_STEP][PASSED] - if (group >= 0): null

27-02-2025T17:35:21 - [TEST_STEP][PASSED] - else: null

27-02-2025T17:35:21 - [TEST_STEP][PASSED] - if (include): null

27-02-2025T17:35:21 - [TEST_STEP][PASSED] - line = reader.readLine(): null

27-02-2025T17:35:21 - [TEST_STEP][PASSED] - println(line): null

27-02-2025T17:35:21 - [TEST_STEP][PASSED] - group = line.indexOf("<Group>"): null

27-02-2025T17:35:21 - [TEST_STEP][PASSED] - println(group): null

27-02-2025T17:35:21 - [TEST_STEP][PASSED] - if (group >= 0): null

27-02-2025T17:35:21 - [TEST_STEP][PASSED] - else: null

27-02-2025T17:35:21 - [TEST_STEP][PASSED] - if (include): null

27-02-2025T17:35:21 - [TEST_STEP][PASSED] - line = reader.readLine(): null

27-02-2025T17:35:21 - [TEST_STEP][PASSED] - println(line): null

27-02-2025T17:35:21 - [TEST_STEP][PASSED] - group = line.indexOf("<Group>"): null

27-02-2025T17:35:21 - [TEST_STEP][PASSED] - println(group): null

27-02-2025T17:35:21 - [TEST_STEP][PASSED] - if (group >= 0): null

27-02-2025T17:35:21 - [TEST_STEP][PASSED] - else: null

27-02-2025T17:35:21 - [TEST_STEP][PASSED] - if (include): null

27-02-2025T17:35:21 - [TEST_STEP][PASSED] - line = reader.readLine(): null

27-02-2025T17:35:21 - [TEST_STEP][PASSED] - println(line): null

27-02-2025T17:35:21 - [TEST_STEP][PASSED] - group = line.indexOf("<Group>"): null

27-02-2025T17:35:21 - [TEST_STEP][PASSED] - println(group): null

27-02-2025T17:35:21 - [TEST_STEP][PASSED] - if (group >= 0): null

27-02-2025T17:35:21 - [TEST_STEP][PASSED] - else: null

27-02-2025T17:35:21 - [TEST_STEP][PASSED] - if (include): null

27-02-2025T17:35:21 - [TEST_STEP][PASSED] - line = reader.readLine(): null

27-02-2025T17:35:21 - [TEST_STEP][PASSED] - println(line): null

27-02-2025T17:35:21 - [TEST_STEP][PASSED] - group = line.indexOf("<Group>"): null

27-02-2025T17:35:21 - [TEST_STEP][PASSED] - println(group): null

27-02-2025T17:35:21 - [TEST_STEP][PASSED] - if (group >= 0): null

27-02-2025T17:35:21 - [TEST_STEP][PASSED] - else: null

27-02-2025T17:35:21 - [TEST_STEP][PASSED] - if (include): null

27-02-2025T17:35:21 - [TEST_STEP][PASSED] - line = reader.readLine(): null

27-02-2025T17:35:21 - [TEST_STEP][PASSED] - println(line): null

27-02-2025T17:35:21 - [TEST_STEP][PASSED] - group = line.indexOf("<Group>"): null

27-02-2025T17:35:21 - [TEST_STEP][PASSED] - println(group): null

27-02-2025T17:35:21 - [TEST_STEP][PASSED] - if (group >= 0): null

27-02-2025T17:35:21 - [TEST_STEP][PASSED] - else: null

27-02-2025T17:35:21 - [TEST_STEP][PASSED] - if (include): null

27-02-2025T17:35:21 - [TEST_STEP][PASSED] - line = reader.readLine(): null

27-02-2025T17:35:21 - [TEST_STEP][PASSED] - println(line): null

27-02-2025T17:35:21 - [TEST_STEP][PASSED] - group = line.indexOf("<Group>"): null

27-02-2025T17:35:21 - [TEST_STEP][PASSED] - println(group): null

27-02-2025T17:35:21 - [TEST_STEP][PASSED] - if (group >= 0): null

27-02-2025T17:35:21 - [TEST_STEP][PASSED] - else: null

27-02-2025T17:35:21 - [TEST_STEP][PASSED] - if (include): null

27-02-2025T17:35:21 - [TEST_STEP][PASSED] - line = reader.readLine(): null

27-02-2025T17:35:21 - [TEST_STEP][PASSED] - println(line): null

27-02-2025T17:35:21 - [TEST_STEP][PASSED] - group = line.indexOf("<Group>"): null

27-02-2025T17:35:21 - [TEST_STEP][PASSED] - println(group): null

27-02-2025T17:35:21 - [TEST_STEP][PASSED] - if (group >= 0): null

27-02-2025T17:35:21 - [TEST_STEP][PASSED] - else: null

27-02-2025T17:35:21 - [TEST_STEP][PASSED] - if (include): null

27-02-2025T17:35:21 - [TEST_STEP][PASSED] - line = reader.readLine(): null

27-02-2025T17:35:21 - [TEST_STEP][PASSED] - println(line): null

27-02-2025T17:35:21 - [TEST_STEP][PASSED] - group = line.indexOf("<Group>"): null

27-02-2025T17:35:21 - [TEST_STEP][PASSED] - println(group): null

27-02-2025T17:35:21 - [TEST_STEP][PASSED] - if (group >= 0): null

27-02-2025T17:35:21 - [TEST_STEP][PASSED] - else: null

27-02-2025T17:35:21 - [TEST_STEP][PASSED] - if (include): null

27-02-2025T17:35:21 - [TEST_STEP][PASSED] - line = reader.readLine(): null

27-02-2025T17:35:21 - [TEST_STEP][PASSED] - println(line): null

27-02-2025T17:35:21 - [TEST_STEP][PASSED] - group = line.indexOf("<Group>"): null

27-02-2025T17:35:21 - [TEST_STEP][PASSED] - println(group): null

27-02-2025T17:35:21 - [TEST_STEP][PASSED] - if (group >= 0): null

27-02-2025T17:35:21 - [TEST_STEP][PASSED] - else: null

27-02-2025T17:35:21 - [TEST_STEP][PASSED] - if (include): null

27-02-2025T17:35:21 - [TEST_STEP][PASSED] - line = reader.readLine(): null

27-02-2025T17:35:21 - [TEST_STEP][PASSED] - println(line): null

27-02-2025T17:35:21 - [TEST_STEP][PASSED] - group = line.indexOf("<Group>"): null

27-02-2025T17:35:21 - [TEST_STEP][PASSED] - println(group): null

27-02-2025T17:35:21 - [TEST_STEP][PASSED] - if (group >= 0): null

27-02-2025T17:35:21 - [TEST_STEP][PASSED] - else: null

27-02-2025T17:35:21 - [TEST_STEP][PASSED] - if (include): null

27-02-2025T17:35:21 - [TEST_STEP][PASSED] - line = reader.readLine(): null

27-02-2025T17:35:21 - [TEST_STEP][PASSED] - println(line): null

27-02-2025T17:35:21 - [TEST_STEP][PASSED] - group = line.indexOf("<Group>"): null

27-02-2025T17:35:21 - [TEST_STEP][PASSED] - println(group): null

27-02-2025T17:35:21 - [TEST_STEP][PASSED] - if (group >= 0): null

27-02-2025T17:35:21 - [TEST_STEP][PASSED] - else: null

27-02-2025T17:35:21 - [TEST_STEP][PASSED] - if (include): null

27-02-2025T17:35:21 - [TEST_STEP][PASSED] - line = reader.readLine(): null

27-02-2025T17:35:21 - [TEST_STEP][PASSED] - println(line): null

27-02-2025T17:35:21 - [TEST_STEP][PASSED] - group = line.indexOf("<Group>"): null

27-02-2025T17:35:21 - [TEST_STEP][PASSED] - println(group): null

27-02-2025T17:35:21 - [TEST_STEP][PASSED] - if (group >= 0): null

27-02-2025T17:35:21 - [TEST_STEP][PASSED] - else: null

27-02-2025T17:35:21 - [TEST_STEP][PASSED] - if (include): null

27-02-2025T17:35:21 - [TEST_STEP][PASSED] - line = reader.readLine(): null

27-02-2025T17:35:21 - [TEST_STEP][PASSED] - println(line): null

27-02-2025T17:35:21 - [TEST_STEP][PASSED] - group = line.indexOf("<Group>"): null

27-02-2025T17:35:21 - [TEST_STEP][PASSED] - println(group): null

27-02-2025T17:35:21 - [TEST_STEP][PASSED] - if (group >= 0): null

27-02-2025T17:35:21 - [TEST_STEP][PASSED] - else: null

27-02-2025T17:35:21 - [TEST_STEP][PASSED] - if (include): null

27-02-2025T17:35:21 - [TEST_STEP][PASSED] - line = reader.readLine(): null

27-02-2025T17:35:21 - [TEST_STEP][PASSED] - println(line): null

27-02-2025T17:35:21 - [TEST_STEP][PASSED] - group = line.indexOf("<Group>"): null

27-02-2025T17:35:21 - [TEST_STEP][PASSED] - println(group): null

27-02-2025T17:35:21 - [TEST_STEP][PASSED] - if (group >= 0): null

27-02-2025T17:35:21 - [TEST_STEP][PASSED] - else: null

27-02-2025T17:35:21 - [TEST_STEP][PASSED] - if (include): null

27-02-2025T17:35:21 - [TEST_STEP][PASSED] - line = reader.readLine(): null

27-02-2025T17:35:21 - [TEST_STEP][PASSED] - println(line): null

27-02-2025T17:35:21 - [TEST_STEP][PASSED] - group = line.indexOf("<Group>"): null

27-02-2025T17:35:21 - [TEST_STEP][PASSED] - println(group): null

27-02-2025T17:35:21 - [TEST_STEP][PASSED] - if (group >= 0): null

27-02-2025T17:35:21 - [TEST_STEP][PASSED] - else: null

27-02-2025T17:35:21 - [TEST_STEP][PASSED] - if (include): null

27-02-2025T17:35:21 - [TEST_STEP][PASSED] - line = reader.readLine(): null

27-02-2025T17:35:21 - [TEST_STEP][PASSED] - println(line): null

27-02-2025T17:35:21 - [TEST_STEP][PASSED] - group = line.indexOf("<Group>"): null

27-02-2025T17:35:21 - [TEST_STEP][PASSED] - println(group): null

27-02-2025T17:35:21 - [TEST_STEP][PASSED] - if (group >= 0): null

27-02-2025T17:35:21 - [TEST_STEP][PASSED] - else: null

27-02-2025T17:35:21 - [TEST_STEP][PASSED] - if (include): null

27-02-2025T17:35:21 - [TEST_STEP][PASSED] - line = reader.readLine(): null

27-02-2025T17:35:21 - [TEST_STEP][PASSED] - println(line): null

27-02-2025T17:35:21 - [TEST_STEP][PASSED] - group = line.indexOf("<Group>"): null

27-02-2025T17:35:21 - [TEST_STEP][PASSED] - println(group): null

27-02-2025T17:35:21 - [TEST_STEP][PASSED] - if (group >= 0): null

27-02-2025T17:35:21 - [TEST_STEP][PASSED] - else: null

27-02-2025T17:35:21 - [TEST_STEP][PASSED] - if (include): null

27-02-2025T17:35:21 - [TEST_STEP][PASSED] - line = reader.readLine(): null

27-02-2025T17:35:21 - [TEST_STEP][PASSED] - println(line): null

27-02-2025T17:35:21 - [TEST_STEP][PASSED] - group = line.indexOf("<Group>"): null

27-02-2025T17:35:21 - [TEST_STEP][PASSED] - println(group): null

27-02-2025T17:35:21 - [TEST_STEP][PASSED] - if (group >= 0): null

27-02-2025T17:35:21 - [TEST_STEP][PASSED] - else: null

27-02-2025T17:35:21 - [TEST_STEP][PASSED] - if (include): null

27-02-2025T17:35:21 - [TEST_STEP][PASSED] - line = reader.readLine(): null

27-02-2025T17:35:21 - [TEST_STEP][PASSED] - println(line): null

27-02-2025T17:35:21 - [TEST_STEP][PASSED] - group = line.indexOf("<Group>"): null

27-02-2025T17:35:21 - [TEST_STEP][PASSED] - println(group): null

27-02-2025T17:35:21 - [TEST_STEP][PASSED] - if (group >= 0): null

27-02-2025T17:35:21 - [TEST_STEP][PASSED] - else: null

27-02-2025T17:35:21 - [TEST_STEP][PASSED] - if (include): null

27-02-2025T17:35:21 - [TEST_STEP][PASSED] - line = reader.readLine(): null

27-02-2025T17:35:21 - [TEST_STEP][PASSED] - println(line): null

27-02-2025T17:35:21 - [TEST_STEP][PASSED] - group = line.indexOf("<Group>"): null

27-02-2025T17:35:21 - [TEST_STEP][PASSED] - println(group): null

27-02-2025T17:35:21 - [TEST_STEP][PASSED] - if (group >= 0): null

27-02-2025T17:35:21 - [TEST_STEP][PASSED] - else: null

27-02-2025T17:35:21 - [TEST_STEP][PASSED] - if (include): null

27-02-2025T17:35:21 - [TEST_STEP][PASSED] - line = reader.readLine(): null

27-02-2025T17:35:21 - [TEST_STEP][PASSED] - println(line): null

27-02-2025T17:35:21 - [TEST_STEP][PASSED] - group = line.indexOf("<Group>"): null

27-02-2025T17:35:21 - [TEST_STEP][PASSED] - println(group): null

27-02-2025T17:35:21 - [TEST_STEP][PASSED] - if (group >= 0): null

27-02-2025T17:35:21 - [TEST_STEP][PASSED] - else: null

27-02-2025T17:35:21 - [TEST_STEP][PASSED] - if (include): null

27-02-2025T17:35:21 - [TEST_STEP][PASSED] - line = reader.readLine(): null

27-02-2025T17:35:21 - [TEST_STEP][PASSED] - println(line): null

27-02-2025T17:35:21 - [TEST_STEP][PASSED] - group = line.indexOf("<Group>"): null

27-02-2025T17:35:21 - [TEST_STEP][PASSED] - println(group): null

27-02-2025T17:35:21 - [TEST_STEP][PASSED] - if (group >= 0): null

27-02-2025T17:35:21 - [TEST_STEP][PASSED] - else: null

27-02-2025T17:35:21 - [TEST_STEP][PASSED] - if (include): null

27-02-2025T17:35:21 - [TEST_STEP][PASSED] - line = reader.readLine(): null

27-02-2025T17:35:21 - [TEST_STEP][PASSED] - println(line): null

27-02-2025T17:35:21 - [TEST_STEP][PASSED] - group = line.indexOf("<Group>"): null

27-02-2025T17:35:21 - [TEST_STEP][PASSED] - println(group): null

27-02-2025T17:35:21 - [TEST_STEP][PASSED] - if (group >= 0): null

27-02-2025T17:35:21 - [TEST_STEP][PASSED] - else: null

27-02-2025T17:35:21 - [TEST_STEP][PASSED] - if (include): null

27-02-2025T17:35:21 - [TEST_STEP][PASSED] - line = reader.readLine(): null

27-02-2025T17:35:21 - [TEST_STEP][PASSED] - println(line): null

27-02-2025T17:35:21 - [TEST_STEP][PASSED] - group = line.indexOf("<Group>"): null

27-02-2025T17:35:21 - [TEST_STEP][PASSED] - println(group): null

27-02-2025T17:35:21 - [TEST_STEP][PASSED] - if (group >= 0): null

27-02-2025T17:35:21 - [TEST_STEP][PASSED] - else: null

27-02-2025T17:35:21 - [TEST_STEP][PASSED] - if (include): null

27-02-2025T17:35:21 - [TEST_STEP][PASSED] - line = reader.readLine(): null

27-02-2025T17:35:21 - [TEST_STEP][PASSED] - println(line): null

27-02-2025T17:35:21 - [TEST_STEP][PASSED] - group = line.indexOf("<Group>"): null

27-02-2025T17:35:21 - [TEST_STEP][PASSED] - println(group): null

27-02-2025T17:35:21 - [TEST_STEP][PASSED] - if (group >= 0): null

27-02-2025T17:35:21 - [TEST_STEP][PASSED] - else: null

27-02-2025T17:35:21 - [TEST_STEP][PASSED] - if (include): null

27-02-2025T17:35:21 - [TEST_STEP][PASSED] - line = reader.readLine(): null

27-02-2025T17:35:21 - [TEST_STEP][PASSED] - println(line): null

27-02-2025T17:35:21 - [TEST_STEP][PASSED] - group = line.indexOf("<Group>"): null

27-02-2025T17:35:21 - [TEST_STEP][PASSED] - println(group): null

27-02-2025T17:35:21 - [TEST_STEP][PASSED] - if (group >= 0): null

27-02-2025T17:35:21 - [TEST_STEP][PASSED] - else: null

27-02-2025T17:35:21 - [TEST_STEP][PASSED] - if (include): null

27-02-2025T17:35:21 - [TEST_STEP][PASSED] - line = reader.readLine(): null

27-02-2025T17:35:21 - [TEST_STEP][PASSED] - println(line): null

27-02-2025T17:35:21 - [TEST_STEP][PASSED] - group = line.indexOf("<Group>"): null

27-02-2025T17:35:21 - [TEST_STEP][PASSED] - println(group): null

27-02-2025T17:35:21 - [TEST_STEP][PASSED] - if (group >= 0): null

27-02-2025T17:35:21 - [TEST_STEP][PASSED] - else: null

27-02-2025T17:35:21 - [TEST_STEP][PASSED] - if (include): null

27-02-2025T17:35:21 - [TEST_STEP][PASSED] - line = reader.readLine(): null

27-02-2025T17:35:21 - [TEST_STEP][PASSED] - println(line): null

27-02-2025T17:35:21 - [TEST_STEP][PASSED] - group = line.indexOf("<Group>"): null

27-02-2025T17:35:21 - [TEST_STEP][PASSED] - println(group): null

27-02-2025T17:35:21 - [TEST_STEP][PASSED] - if (group >= 0): null

27-02-2025T17:35:21 - [TEST_STEP][PASSED] - else: null

27-02-2025T17:35:21 - [TEST_STEP][PASSED] - if (include): null

27-02-2025T17:35:21 - [TEST_STEP][PASSED] - line = reader.readLine(): null

27-02-2025T17:35:21 - [TEST_STEP][PASSED] - println(line): null

27-02-2025T17:35:21 - [TEST_STEP][PASSED] - group = line.indexOf("<Group>"): null

27-02-2025T17:35:21 - [TEST_STEP][PASSED] - println(group): null

27-02-2025T17:35:21 - [TEST_STEP][PASSED] - if (group >= 0): null

27-02-2025T17:35:21 - [TEST_STEP][PASSED] - else: null

27-02-2025T17:35:21 - [TEST_STEP][PASSED] - if (include): null

27-02-2025T17:35:21 - [TEST_STEP][PASSED] - line = reader.readLine(): null

27-02-2025T17:35:21 - [TEST_STEP][PASSED] - println(line): null

27-02-2025T17:35:21 - [TEST_STEP][PASSED] - group = line.indexOf("<Group>"): null

27-02-2025T17:35:21 - [TEST_STEP][PASSED] - println(group): null

27-02-2025T17:35:21 - [TEST_STEP][PASSED] - if (group >= 0): null

27-02-2025T17:35:21 - [TEST_STEP][PASSED] - else: null

27-02-2025T17:35:21 - [TEST_STEP][PASSED] - if (include): null

27-02-2025T17:35:21 - [TEST_STEP][PASSED] - line = reader.readLine(): null

27-02-2025T17:35:21 - [TEST_STEP][PASSED] - println(line): null

27-02-2025T17:35:21 - [TEST_STEP][PASSED] - group = line.indexOf("<Group>"): null

27-02-2025T17:35:21 - [TEST_STEP][PASSED] - println(group): null

27-02-2025T17:35:21 - [TEST_STEP][PASSED] - if (group >= 0): null

27-02-2025T17:35:21 - [TEST_STEP][PASSED] - else: null

27-02-2025T17:35:21 - [TEST_STEP][PASSED] - if (include): null

27-02-2025T17:35:21 - [TEST_STEP][PASSED] - line = reader.readLine(): null

27-02-2025T17:35:21 - [TEST_STEP][PASSED] - println(line): null

27-02-2025T17:35:21 - [TEST_STEP][PASSED] - group = line.indexOf("<Group>"): null

27-02-2025T17:35:21 - [TEST_STEP][PASSED] - println(group): null

27-02-2025T17:35:21 - [TEST_STEP][PASSED] - if (group >= 0): null

27-02-2025T17:35:21 - [TEST_STEP][PASSED] - else: null

27-02-2025T17:35:21 - [TEST_STEP][PASSED] - if (include): null

27-02-2025T17:35:21 - [TEST_STEP][PASSED] - line = reader.readLine(): null

27-02-2025T17:35:21 - [TEST_STEP][PASSED] - println(line): null

27-02-2025T17:35:21 - [TEST_STEP][PASSED] - group = line.indexOf("<Group>"): null

27-02-2025T17:35:21 - [TEST_STEP][PASSED] - println(group): null

27-02-2025T17:35:21 - [TEST_STEP][PASSED] - if (group >= 0): null

27-02-2025T17:35:21 - [TEST_STEP][PASSED] - else: null

27-02-2025T17:35:21 - [TEST_STEP][PASSED] - if (include): null

27-02-2025T17:35:21 - [TEST_STEP][PASSED] - line = reader.readLine(): null

27-02-2025T17:35:21 - [TEST_STEP][PASSED] - println(line): null

27-02-2025T17:35:21 - [TEST_STEP][PASSED] - group = line.indexOf("<Group>"): null

27-02-2025T17:35:21 - [TEST_STEP][PASSED] - println(group): null

27-02-2025T17:35:21 - [TEST_STEP][PASSED] - if (group >= 0): null

27-02-2025T17:35:21 - [TEST_STEP][PASSED] - else: null

27-02-2025T17:35:21 - [TEST_STEP][PASSED] - if (include): null

27-02-2025T17:35:21 - [TEST_STEP][PASSED] - line = reader.readLine(): null

27-02-2025T17:35:21 - [TEST_STEP][PASSED] - println(line): null

27-02-2025T17:35:21 - [TEST_STEP][PASSED] - group = line.indexOf("<Group>"): null

27-02-2025T17:35:21 - [TEST_STEP][PASSED] - println(group): null

27-02-2025T17:35:21 - [TEST_STEP][PASSED] - if (group >= 0): null

27-02-2025T17:35:21 - [TEST_STEP][PASSED] - else: null

27-02-2025T17:35:21 - [TEST_STEP][PASSED] - if (include): null

27-02-2025T17:35:21 - [TEST_STEP][PASSED] - line = reader.readLine(): null

27-02-2025T17:35:21 - [TEST_STEP][PASSED] - println(line): null

27-02-2025T17:35:21 - [TEST_STEP][PASSED] - group = line.indexOf("<Group>"): null

27-02-2025T17:35:21 - [TEST_STEP][PASSED] - println(group): null

27-02-2025T17:35:21 - [TEST_STEP][PASSED] - if (group >= 0): null

27-02-2025T17:35:21 - [TEST_STEP][PASSED] - else: null

27-02-2025T17:35:21 - [TEST_STEP][PASSED] - if (include): null

27-02-2025T17:35:21 - [TEST_STEP][PASSED] - line = reader.readLine(): null

27-02-2025T17:35:21 - [TEST_STEP][PASSED] - println(line): null

27-02-2025T17:35:21 - [TEST_STEP][PASSED] - group = line.indexOf("<Group>"): null

27-02-2025T17:35:21 - [TEST_STEP][PASSED] - println(group): null

27-02-2025T17:35:21 - [TEST_STEP][PASSED] - if (group >= 0): null

27-02-2025T17:35:21 - [TEST_STEP][PASSED] - else: null

27-02-2025T17:35:21 - [TEST_STEP][PASSED] - if (include): null

27-02-2025T17:35:21 - [TEST_STEP][PASSED] - line = reader.readLine(): null

27-02-2025T17:35:21 - [TEST_STEP][PASSED] - println(line): null

27-02-2025T17:35:21 - [TEST_STEP][PASSED] - group = line.indexOf("<Group>"): null

27-02-2025T17:35:21 - [TEST_STEP][PASSED] - println(group): null

27-02-2025T17:35:21 - [TEST_STEP][PASSED] - if (group >= 0): null

27-02-2025T17:35:21 - [TEST_STEP][PASSED] - else: null

27-02-2025T17:35:21 - [TEST_STEP][PASSED] - if (include): null

27-02-2025T17:35:21 - [TEST_STEP][PASSED] - line = reader.readLine(): null

27-02-2025T17:35:21 - [TEST_STEP][PASSED] - println(line): null

27-02-2025T17:35:21 - [TEST_STEP][PASSED] - group = line.indexOf("<Group>"): null

27-02-2025T17:35:21 - [TEST_STEP][PASSED] - println(group): null

27-02-2025T17:35:21 - [TEST_STEP][PASSED] - if (group >= 0): null

27-02-2025T17:35:21 - [TEST_STEP][PASSED] - else: null

27-02-2025T17:35:21 - [TEST_STEP][PASSED] - if (include): null

27-02-2025T17:35:21 - [TEST_STEP][PASSED] - line = reader.readLine(): null

27-02-2025T17:35:21 - [TEST_STEP][PASSED] - println(line): null

27-02-2025T17:35:21 - [TEST_STEP][PASSED] - group = line.indexOf("<Group>"): null

27-02-2025T17:35:21 - [TEST_STEP][PASSED] - println(group): null

27-02-2025T17:35:21 - [TEST_STEP][PASSED] - if (group >= 0): null

27-02-2025T17:35:21 - [TEST_STEP][PASSED] - else: null

27-02-2025T17:35:21 - [TEST_STEP][PASSED] - if (include): null

27-02-2025T17:35:21 - [TEST_STEP][PASSED] - line = reader.readLine(): null

27-02-2025T17:35:21 - [TEST_STEP][PASSED] - println(line): null

27-02-2025T17:35:21 - [TEST_STEP][PASSED] - group = line.indexOf("<Group>"): null

27-02-2025T17:35:21 - [TEST_STEP][PASSED] - println(group): null

27-02-2025T17:35:21 - [TEST_STEP][PASSED] - if (group >= 0): null

27-02-2025T17:35:21 - [TEST_STEP][PASSED] - else: null

27-02-2025T17:35:21 - [TEST_STEP][PASSED] - if (include): null

27-02-2025T17:35:21 - [TEST_STEP][PASSED] - line = reader.readLine(): null

27-02-2025T17:35:21 - [TEST_STEP][PASSED] - println(line): null

27-02-2025T17:35:21 - [TEST_STEP][PASSED] - group = line.indexOf("<Group>"): null

27-02-2025T17:35:21 - [TEST_STEP][PASSED] - println(group): null

27-02-2025T17:35:21 - [TEST_STEP][PASSED] - if (group >= 0): null

27-02-2025T17:35:21 - [TEST_STEP][PASSED] - else: null

27-02-2025T17:35:21 - [TEST_STEP][PASSED] - if (include): null

27-02-2025T17:35:21 - [TEST_STEP][PASSED] - line = reader.readLine(): null

27-02-2025T17:35:21 - [TEST_STEP][PASSED] - println(line): null

27-02-2025T17:35:21 - [TEST_STEP][PASSED] - group = line.indexOf("<Group>"): null

27-02-2025T17:35:21 - [TEST_STEP][PASSED] - println(group): null

27-02-2025T17:35:21 - [TEST_STEP][PASSED] - if (group >= 0): null

27-02-2025T17:35:21 - [TEST_STEP][PASSED] - else: null

27-02-2025T17:35:21 - [TEST_STEP][PASSED] - if (include): null

27-02-2025T17:35:21 - [TEST_STEP][PASSED] - line = reader.readLine(): null

27-02-2025T17:35:21 - [TEST_STEP][PASSED] - println(line): null

27-02-2025T17:35:21 - [TEST_STEP][PASSED] - group = line.indexOf("<Group>"): null

27-02-2025T17:35:21 - [TEST_STEP][PASSED] - println(group): null

27-02-2025T17:35:21 - [TEST_STEP][PASSED] - if (group >= 0): null

27-02-2025T17:35:21 - [TEST_STEP][PASSED] - else: null

27-02-2025T17:35:21 - [TEST_STEP][PASSED] - if (include): null

27-02-2025T17:35:21 - [TEST_STEP][PASSED] - line = reader.readLine(): null

27-02-2025T17:35:21 - [TEST_STEP][PASSED] - println(line): null

27-02-2025T17:35:21 - [TEST_STEP][PASSED] - group = line.indexOf("<Group>"): null

27-02-2025T17:35:21 - [TEST_STEP][PASSED] - println(group): null

27-02-2025T17:35:21 - [TEST_STEP][PASSED] - if (group >= 0): null

27-02-2025T17:35:21 - [TEST_STEP][PASSED] - else: null

27-02-2025T17:35:21 - [TEST_STEP][PASSED] - if (include): null

27-02-2025T17:35:21 - [TEST_STEP][PASSED] - line = reader.readLine(): null

27-02-2025T17:35:21 - [TEST_STEP][PASSED] - println(line): null

27-02-2025T17:35:21 - [TEST_STEP][PASSED] - group = line.indexOf("<Group>"): null

27-02-2025T17:35:21 - [TEST_STEP][PASSED] - println(group): null

27-02-2025T17:35:21 - [TEST_STEP][PASSED] - if (group >= 0): null

27-02-2025T17:35:21 - [TEST_STEP][PASSED] - else: null

27-02-2025T17:35:21 - [TEST_STEP][PASSED] - if (include): null

27-02-2025T17:35:21 - [TEST_STEP][PASSED] - line = reader.readLine(): null

27-02-2025T17:35:21 - [TEST_STEP][PASSED] - println(line): null

27-02-2025T17:35:21 - [TEST_STEP][PASSED] - group = line.indexOf("<Group>"): null

27-02-2025T17:35:21 - [TEST_STEP][PASSED] - println(group): null

27-02-2025T17:35:21 - [TEST_STEP][PASSED] - if (group >= 0): null

27-02-2025T17:35:21 - [TEST_STEP][PASSED] - else: null

27-02-2025T17:35:21 - [TEST_STEP][PASSED] - if (include): null

27-02-2025T17:35:21 - [TEST_STEP][PASSED] - line = reader.readLine(): null

27-02-2025T17:35:21 - [TEST_STEP][PASSED] - println(line): null

27-02-2025T17:35:21 - [TEST_STEP][PASSED] - group = line.indexOf("<Group>"): null

27-02-2025T17:35:21 - [TEST_STEP][PASSED] - println(group): null

27-02-2025T17:35:21 - [TEST_STEP][PASSED] - if (group >= 0): null

27-02-2025T17:35:21 - [TEST_STEP][PASSED] - else: null

27-02-2025T17:35:21 - [TEST_STEP][PASSED] - if (include): null

27-02-2025T17:35:21 - [TEST_STEP][PASSED] - line = reader.readLine(): null

27-02-2025T17:35:21 - [TEST_STEP][PASSED] - println(line): null

27-02-2025T17:35:21 - [TEST_STEP][PASSED] - group = line.indexOf("<Group>"): null

27-02-2025T17:35:21 - [TEST_STEP][PASSED] - println(group): null

27-02-2025T17:35:21 - [TEST_STEP][PASSED] - if (group >= 0): null

27-02-2025T17:35:21 - [TEST_STEP][PASSED] - else: null

27-02-2025T17:35:21 - [TEST_STEP][PASSED] - if (include): null

27-02-2025T17:35:21 - [TEST_STEP][PASSED] - line = reader.readLine(): null

27-02-2025T17:35:21 - [TEST_STEP][PASSED] - println(line): null

27-02-2025T17:35:21 - [TEST_STEP][PASSED] - group = line.indexOf("<Group>"): null

27-02-2025T17:35:21 - [TEST_STEP][PASSED] - println(group): null

27-02-2025T17:35:21 - [TEST_STEP][PASSED] - if (group >= 0): null

27-02-2025T17:35:21 - [TEST_STEP][PASSED] - else: null

27-02-2025T17:35:21 - [TEST_STEP][PASSED] - if (include): null

27-02-2025T17:35:21 - [TEST_STEP][PASSED] - line = reader.readLine(): null

27-02-2025T17:35:21 - [TEST_STEP][PASSED] - println(line): null

27-02-2025T17:35:21 - [TEST_STEP][PASSED] - group = line.indexOf("<Group>"): null

27-02-2025T17:35:21 - [TEST_STEP][PASSED] - println(group): null

27-02-2025T17:35:21 - [TEST_STEP][PASSED] - if (group >= 0): null

27-02-2025T17:35:21 - [TEST_STEP][PASSED] - else: null

27-02-2025T17:35:21 - [TEST_STEP][PASSED] - if (include): null

27-02-2025T17:35:21 - [TEST_STEP][PASSED] - line = reader.readLine(): null

27-02-2025T17:35:21 - [TEST_STEP][PASSED] - println(line): null

27-02-2025T17:35:21 - [TEST_STEP][PASSED] - group = line.indexOf("<Group>"): null

27-02-2025T17:35:21 - [TEST_STEP][PASSED] - println(group): null

27-02-2025T17:35:21 - [TEST_STEP][PASSED] - if (group >= 0): null

27-02-2025T17:35:21 - [TEST_STEP][PASSED] - else: null

27-02-2025T17:35:21 - [TEST_STEP][PASSED] - if (include): null

27-02-2025T17:35:21 - [TEST_STEP][PASSED] - line = reader.readLine(): null

27-02-2025T17:35:21 - [TEST_STEP][PASSED] - println(line): null

27-02-2025T17:35:21 - [TEST_STEP][PASSED] - group = line.indexOf("<Group>"): null

27-02-2025T17:35:21 - [TEST_STEP][PASSED] - println(group): null

27-02-2025T17:35:21 - [TEST_STEP][PASSED] - if (group >= 0): null

27-02-2025T17:35:21 - [TEST_STEP][PASSED] - else: null

27-02-2025T17:35:21 - [TEST_STEP][PASSED] - if (include): null

27-02-2025T17:35:21 - [TEST_STEP][PASSED] - line = reader.readLine(): null

27-02-2025T17:35:21 - [TEST_STEP][PASSED] - println(line): null

27-02-2025T17:35:21 - [TEST_STEP][PASSED] - group = line.indexOf("<Group>"): null

27-02-2025T17:35:21 - [TEST_STEP][PASSED] - println(group): null

27-02-2025T17:35:21 - [TEST_STEP][PASSED] - if (group >= 0): null

27-02-2025T17:35:21 - [TEST_STEP][PASSED] - else: null

27-02-2025T17:35:21 - [TEST_STEP][PASSED] - if (include): null

27-02-2025T17:35:21 - [TEST_STEP][PASSED] - line = reader.readLine(): null

27-02-2025T17:35:21 - [TEST_STEP][PASSED] - println(line): null

27-02-2025T17:35:21 - [TEST_STEP][PASSED] - group = line.indexOf("<Group>"): null

27-02-2025T17:35:21 - [TEST_STEP][PASSED] - println(group): null

27-02-2025T17:35:21 - [TEST_STEP][PASSED] - if (group >= 0): null

27-02-2025T17:35:21 - [TEST_STEP][PASSED] - else: null

27-02-2025T17:35:21 - [TEST_STEP][PASSED] - if (include): null

27-02-2025T17:35:21 - [TEST_STEP][PASSED] - line = reader.readLine(): null

27-02-2025T17:35:21 - [TEST_STEP][PASSED] - println(line): null

27-02-2025T17:35:21 - [TEST_STEP][PASSED] - group = line.indexOf("<Group>"): null

27-02-2025T17:35:21 - [TEST_STEP][PASSED] - println(group): null

27-02-2025T17:35:21 - [TEST_STEP][PASSED] - if (group >= 0): null

27-02-2025T17:35:21 - [TEST_STEP][PASSED] - else: null

27-02-2025T17:35:21 - [TEST_STEP][PASSED] - if (include): null

27-02-2025T17:35:21 - [TEST_STEP][PASSED] - line = reader.readLine(): null

27-02-2025T17:35:21 - [TEST_STEP][PASSED] - println(line): null

27-02-2025T17:35:21 - [TEST_STEP][PASSED] - group = line.indexOf("<Group>"): null

27-02-2025T17:35:21 - [TEST_STEP][PASSED] - println(group): null

27-02-2025T17:35:21 - [TEST_STEP][PASSED] - if (group >= 0): null

27-02-2025T17:35:21 - [TEST_STEP][PASSED] - else: null

27-02-2025T17:35:21 - [TEST_STEP][PASSED] - if (include): null

27-02-2025T17:35:21 - [TEST_STEP][PASSED] - line = reader.readLine(): null

27-02-2025T17:35:21 - [TEST_STEP][PASSED] - println(line): null

27-02-2025T17:35:21 - [TEST_STEP][PASSED] - group = line.indexOf("<Group>"): null

27-02-2025T17:35:21 - [TEST_STEP][PASSED] - println(group): null

27-02-2025T17:35:21 - [TEST_STEP][PASSED] - if (group >= 0): null

27-02-2025T17:35:21 - [TEST_STEP][PASSED] - else: null

27-02-2025T17:35:21 - [TEST_STEP][PASSED] - if (include): null

27-02-2025T17:35:21 - [TEST_STEP][PASSED] - line = reader.readLine(): null

27-02-2025T17:35:21 - [TEST_STEP][PASSED] - println(line): null

27-02-2025T17:35:21 - [TEST_STEP][PASSED] - group = line.indexOf("<Group>"): null

27-02-2025T17:35:21 - [TEST_STEP][PASSED] - println(group): null

27-02-2025T17:35:21 - [TEST_STEP][PASSED] - if (group >= 0): null

27-02-2025T17:35:21 - [TEST_STEP][PASSED] - else: null

27-02-2025T17:35:21 - [TEST_STEP][PASSED] - if (include): null

27-02-2025T17:35:21 - [TEST_STEP][PASSED] - line = reader.readLine(): null

27-02-2025T17:35:21 - [TEST_STEP][PASSED] - println(line): null

27-02-2025T17:35:21 - [TEST_STEP][PASSED] - group = line.indexOf("<Group>"): null

27-02-2025T17:35:21 - [TEST_STEP][PASSED] - println(group): null

27-02-2025T17:35:21 - [TEST_STEP][PASSED] - if (group >= 0): null

27-02-2025T17:35:21 - [TEST_STEP][PASSED] - else: null

27-02-2025T17:35:21 - [TEST_STEP][PASSED] - if (include): null

27-02-2025T17:35:21 - [TEST_STEP][PASSED] - line = reader.readLine(): null

27-02-2025T17:35:21 - [TEST_STEP][PASSED] - println(line): null

27-02-2025T17:35:21 - [TEST_STEP][PASSED] - group = line.indexOf("<Group>"): null

27-02-2025T17:35:21 - [TEST_STEP][PASSED] - println(group): null

27-02-2025T17:35:21 - [TEST_STEP][PASSED] - if (group >= 0): null

27-02-2025T17:35:21 - [TEST_STEP][PASSED] - else: null

27-02-2025T17:35:21 - [TEST_STEP][PASSED] - if (include): null

27-02-2025T17:35:21 - [TEST_STEP][PASSED] - line = reader.readLine(): null

27-02-2025T17:35:21 - [TEST_STEP][PASSED] - println(line): null

27-02-2025T17:35:21 - [TEST_STEP][PASSED] - group = line.indexOf("<Group>"): null

27-02-2025T17:35:21 - [TEST_STEP][PASSED] - println(group): null

27-02-2025T17:35:21 - [TEST_STEP][PASSED] - if (group >= 0): null

27-02-2025T17:35:21 - [TEST_STEP][PASSED] - else: null

27-02-2025T17:35:21 - [TEST_STEP][PASSED] - if (include): null

27-02-2025T17:35:21 - [TEST_STEP][PASSED] - line = reader.readLine(): null

27-02-2025T17:35:21 - [TEST_STEP][PASSED] - println(line): null

27-02-2025T17:35:21 - [TEST_STEP][PASSED] - group = line.indexOf("<Group>"): null

27-02-2025T17:35:21 - [TEST_STEP][PASSED] - println(group): null

27-02-2025T17:35:21 - [TEST_STEP][PASSED] - if (group >= 0): null

27-02-2025T17:35:21 - [TEST_STEP][PASSED] - else: null

27-02-2025T17:35:21 - [TEST_STEP][PASSED] - if (include): null

27-02-2025T17:35:21 - [TEST_STEP][PASSED] - line = reader.readLine(): null

27-02-2025T17:35:21 - [TEST_STEP][PASSED] - println(line): null

27-02-2025T17:35:21 - [TEST_STEP][PASSED] - group = line.indexOf("<Group>"): null

27-02-2025T17:35:21 - [TEST_STEP][PASSED] - println(group): null

27-02-2025T17:35:21 - [TEST_STEP][PASSED] - if (group >= 0): null

27-02-2025T17:35:21 - [TEST_STEP][PASSED] - else: null

27-02-2025T17:35:21 - [TEST_STEP][PASSED] - if (include): null

27-02-2025T17:35:21 - [TEST_STEP][PASSED] - line = reader.readLine(): null

27-02-2025T17:35:21 - [TEST_STEP][PASSED] - println(line): null

27-02-2025T17:35:21 - [TEST_STEP][PASSED] - group = line.indexOf("<Group>"): null

27-02-2025T17:35:21 - [TEST_STEP][PASSED] - println(group): null

27-02-2025T17:35:21 - [TEST_STEP][PASSED] - if (group >= 0): null

27-02-2025T17:35:21 - [TEST_STEP][PASSED] - else: null

27-02-2025T17:35:21 - [TEST_STEP][PASSED] - if (include): null

27-02-2025T17:35:21 - [TEST_STEP][PASSED] - line = reader.readLine(): null

27-02-2025T17:35:21 - [TEST_STEP][PASSED] - println(line): null

27-02-2025T17:35:21 - [TEST_STEP][PASSED] - group = line.indexOf("<Group>"): null

27-02-2025T17:35:21 - [TEST_STEP][PASSED] - println(group): null

27-02-2025T17:35:21 - [TEST_STEP][PASSED] - if (group >= 0): null

27-02-2025T17:35:21 - [TEST_STEP][PASSED] - else: null

27-02-2025T17:35:21 - [TEST_STEP][PASSED] - if (include): null

27-02-2025T17:35:21 - [TEST_STEP][PASSED] - line = reader.readLine(): null

27-02-2025T17:35:21 - [TEST_STEP][PASSED] - println(line): null

27-02-2025T17:35:21 - [TEST_STEP][PASSED] - group = line.indexOf("<Group>"): null

27-02-2025T17:35:21 - [TEST_STEP][PASSED] - println(group): null

27-02-2025T17:35:21 - [TEST_STEP][PASSED] - if (group >= 0): null

27-02-2025T17:35:21 - [TEST_STEP][PASSED] - else: null

27-02-2025T17:35:21 - [TEST_STEP][PASSED] - if (include): null

27-02-2025T17:35:21 - [TEST_STEP][PASSED] - line = reader.readLine(): null

27-02-2025T17:35:21 - [TEST_STEP][PASSED] - println(line): null

27-02-2025T17:35:21 - [TEST_STEP][PASSED] - group = line.indexOf("<Group>"): null

27-02-2025T17:35:21 - [TEST_STEP][PASSED] - println(group): null

27-02-2025T17:35:21 - [TEST_STEP][PASSED] - if (group >= 0): null

27-02-2025T17:35:21 - [TEST_STEP][PASSED] - else: null

27-02-2025T17:35:21 - [TEST_STEP][PASSED] - if (include): null

27-02-2025T17:35:21 - [TEST_STEP][PASSED] - line = reader.readLine(): null

27-02-2025T17:35:21 - [TEST_STEP][PASSED] - println(line): null

27-02-2025T17:35:21 - [TEST_STEP][PASSED] - group = line.indexOf("<Group>"): null

27-02-2025T17:35:21 - [TEST_STEP][PASSED] - println(group): null

27-02-2025T17:35:21 - [TEST_STEP][PASSED] - if (group >= 0): null

27-02-2025T17:35:21 - [TEST_STEP][PASSED] - else: null

27-02-2025T17:35:21 - [TEST_STEP][PASSED] - if (include): null

27-02-2025T17:35:21 - [TEST_STEP][PASSED] - line = reader.readLine(): null

27-02-2025T17:35:21 - [TEST_STEP][PASSED] - println(line): null

27-02-2025T17:35:21 - [TEST_STEP][PASSED] - group = line.indexOf("<Group>"): null

27-02-2025T17:35:21 - [TEST_STEP][PASSED] - println(group): null

27-02-2025T17:35:21 - [TEST_STEP][PASSED] - if (group >= 0): null

27-02-2025T17:35:21 - [TEST_STEP][PASSED] - else: null

27-02-2025T17:35:21 - [TEST_STEP][PASSED] - if (include): null

27-02-2025T17:35:21 - [TEST_STEP][PASSED] - line = reader.readLine(): null

27-02-2025T17:35:21 - [TEST_STEP][PASSED] - println(line): null

27-02-2025T17:35:21 - [TEST_STEP][PASSED] - group = line.indexOf("<Group>"): null

27-02-2025T17:35:21 - [TEST_STEP][PASSED] - println(group): null

27-02-2025T17:35:21 - [TEST_STEP][PASSED] - if (group >= 0): null

27-02-2025T17:35:21 - [TEST_STEP][PASSED] - else: null

27-02-2025T17:35:21 - [TEST_STEP][PASSED] - if (include): null

27-02-2025T17:35:21 - [TEST_STEP][PASSED] - line = reader.readLine(): null

27-02-2025T17:35:21 - [TEST_STEP][PASSED] - println(line): null

27-02-2025T17:35:21 - [TEST_STEP][PASSED] - group = line.indexOf("<Group>"): null

27-02-2025T17:35:21 - [TEST_STEP][PASSED] - println(group): null

27-02-2025T17:35:21 - [TEST_STEP][PASSED] - if (group >= 0): null

27-02-2025T17:35:21 - [TEST_STEP][PASSED] - else: null

27-02-2025T17:35:21 - [TEST_STEP][PASSED] - if (include): null

27-02-2025T17:35:21 - [TEST_STEP][PASSED] - line = reader.readLine(): null

27-02-2025T17:35:21 - [TEST_STEP][PASSED] - println(line): null

27-02-2025T17:35:21 - [TEST_STEP][PASSED] - group = line.indexOf("<Group>"): null

27-02-2025T17:35:21 - [TEST_STEP][PASSED] - println(group): null

27-02-2025T17:35:21 - [TEST_STEP][PASSED] - if (group >= 0): null

27-02-2025T17:35:21 - [TEST_STEP][PASSED] - else: null

27-02-2025T17:35:21 - [TEST_STEP][PASSED] - if (include): null

27-02-2025T17:35:21 - [TEST_STEP][PASSED] - line = reader.readLine(): null

27-02-2025T17:35:21 - [TEST_STEP][PASSED] - println(line): null

27-02-2025T17:35:21 - [TEST_STEP][PASSED] - group = line.indexOf("<Group>"): null

27-02-2025T17:35:21 - [TEST_STEP][PASSED] - println(group): null

27-02-2025T17:35:21 - [TEST_STEP][PASSED] - if (group >= 0): null

27-02-2025T17:35:21 - [TEST_STEP][PASSED] - else: null

27-02-2025T17:35:21 - [TEST_STEP][PASSED] - if (include): null

27-02-2025T17:35:21 - [TEST_STEP][PASSED] - line = reader.readLine(): null

27-02-2025T17:35:21 - [TEST_STEP][PASSED] - println(line): null

27-02-2025T17:35:21 - [TEST_STEP][PASSED] - group = line.indexOf("<Group>"): null

27-02-2025T17:35:21 - [TEST_STEP][PASSED] - println(group): null

27-02-2025T17:35:21 - [TEST_STEP][PASSED] - if (group >= 0): null

27-02-2025T17:35:21 - [TEST_STEP][PASSED] - else: null

27-02-2025T17:35:21 - [TEST_STEP][PASSED] - if (include): null

27-02-2025T17:35:21 - [TEST_STEP][PASSED] - line = reader.readLine(): null

27-02-2025T17:35:21 - [TEST_STEP][PASSED] - println(line): null

27-02-2025T17:35:21 - [TEST_STEP][PASSED] - group = line.indexOf("<Group>"): null

27-02-2025T17:35:21 - [TEST_STEP][PASSED] - println(group): null

27-02-2025T17:35:21 - [TEST_STEP][PASSED] - if (group >= 0): null

27-02-2025T17:35:21 - [TEST_STEP][PASSED] - else: null

27-02-2025T17:35:21 - [TEST_STEP][PASSED] - if (include): null

27-02-2025T17:35:21 - [TEST_STEP][PASSED] - line = reader.readLine(): null

27-02-2025T17:35:21 - [TEST_STEP][PASSED] - println(line): null

27-02-2025T17:35:21 - [TEST_STEP][PASSED] - group = line.indexOf("<Group>"): null

27-02-2025T17:35:21 - [TEST_STEP][PASSED] - println(group): null

27-02-2025T17:35:21 - [TEST_STEP][PASSED] - if (group >= 0): null

27-02-2025T17:35:21 - [TEST_STEP][PASSED] - else: null

27-02-2025T17:35:21 - [TEST_STEP][PASSED] - if (include): null

27-02-2025T17:35:21 - [TEST_STEP][PASSED] - line = reader.readLine(): null

27-02-2025T17:35:21 - [TEST_STEP][PASSED] - println(line): null

27-02-2025T17:35:21 - [TEST_STEP][PASSED] - group = line.indexOf("<Group>"): null

27-02-2025T17:35:21 - [TEST_STEP][PASSED] - println(group): null

27-02-2025T17:35:21 - [TEST_STEP][PASSED] - if (group >= 0): null

27-02-2025T17:35:21 - [TEST_STEP][PASSED] - else: null

27-02-2025T17:35:21 - [TEST_STEP][PASSED] - if (include): null

27-02-2025T17:35:21 - [TEST_STEP][PASSED] - line = reader.readLine(): null

27-02-2025T17:35:21 - [TEST_STEP][PASSED] - println(line): null

27-02-2025T17:35:21 - [TEST_STEP][PASSED] - group = line.indexOf("<Group>"): null

27-02-2025T17:35:21 - [TEST_STEP][PASSED] - println(group): null

27-02-2025T17:35:21 - [TEST_STEP][PASSED] - if (group >= 0): null

27-02-2025T17:35:21 - [TEST_STEP][PASSED] - else: null

27-02-2025T17:35:21 - [TEST_STEP][PASSED] - if (include): null

27-02-2025T17:35:21 - [TEST_STEP][PASSED] - line = reader.readLine(): null

27-02-2025T17:35:21 - [TEST_STEP][PASSED] - println(line): null

27-02-2025T17:35:21 - [TEST_STEP][PASSED] - group = line.indexOf("<Group>"): null

27-02-2025T17:35:21 - [TEST_STEP][PASSED] - println(group): null

27-02-2025T17:35:21 - [TEST_STEP][PASSED] - if (group >= 0): null

27-02-2025T17:35:21 - [TEST_STEP][PASSED] - else: null

27-02-2025T17:35:21 - [TEST_STEP][PASSED] - if (include): null

27-02-2025T17:35:21 - [TEST_STEP][PASSED] - line = reader.readLine(): null

27-02-2025T17:35:21 - [TEST_STEP][PASSED] - println(line): null

27-02-2025T17:35:21 - [TEST_STEP][PASSED] - group = line.indexOf("<Group>"): null

27-02-2025T17:35:21 - [TEST_STEP][PASSED] - println(group): null

27-02-2025T17:35:21 - [TEST_STEP][PASSED] - if (group >= 0): null

27-02-2025T17:35:21 - [TEST_STEP][PASSED] - else: null

27-02-2025T17:35:21 - [TEST_STEP][PASSED] - if (include): null

27-02-2025T17:35:21 - [TEST_STEP][PASSED] - line = reader.readLine(): null

27-02-2025T17:35:21 - [TEST_STEP][PASSED] - println(line): null

27-02-2025T17:35:21 - [TEST_STEP][PASSED] - group = line.indexOf("<Group>"): null

27-02-2025T17:35:21 - [TEST_STEP][PASSED] - println(group): null

27-02-2025T17:35:21 - [TEST_STEP][PASSED] - if (group >= 0): null

27-02-2025T17:35:21 - [TEST_STEP][PASSED] - else: null

27-02-2025T17:35:21 - [TEST_STEP][PASSED] - if (include): null

27-02-2025T17:35:21 - [TEST_STEP][PASSED] - line = reader.readLine(): null

27-02-2025T17:35:21 - [TEST_STEP][PASSED] - println(line): null

27-02-2025T17:35:21 - [TEST_STEP][PASSED] - group = line.indexOf("<Group>"): null

27-02-2025T17:35:21 - [TEST_STEP][PASSED] - println(group): null

27-02-2025T17:35:21 - [TEST_STEP][PASSED] - if (group >= 0): null

27-02-2025T17:35:21 - [TEST_STEP][PASSED] - else: null

27-02-2025T17:35:21 - [TEST_STEP][PASSED] - if (include): null

27-02-2025T17:35:21 - [TEST_STEP][PASSED] - line = reader.readLine(): null

27-02-2025T17:35:21 - [TEST_STEP][PASSED] - println(line): null

27-02-2025T17:35:21 - [TEST_STEP][PASSED] - group = line.indexOf("<Group>"): null

27-02-2025T17:35:21 - [TEST_STEP][PASSED] - println(group): null

27-02-2025T17:35:21 - [TEST_STEP][PASSED] - if (group >= 0): null

27-02-2025T17:35:21 - [TEST_STEP][PASSED] - else: null

27-02-2025T17:35:21 - [TEST_STEP][PASSED] - if (include): null

27-02-2025T17:35:21 - [TEST_STEP][PASSED] - line = reader.readLine(): null

27-02-2025T17:35:21 - [TEST_STEP][PASSED] - println(line): null

27-02-2025T17:35:21 - [TEST_STEP][PASSED] - group = line.indexOf("<Group>"): null

27-02-2025T17:35:21 - [TEST_STEP][PASSED] - println(group): null

27-02-2025T17:35:21 - [TEST_STEP][PASSED] - if (group >= 0): null

27-02-2025T17:35:21 - [TEST_STEP][PASSED] - else: null

27-02-2025T17:35:21 - [TEST_STEP][PASSED] - if (include): null

27-02-2025T17:35:21 - [TEST_STEP][PASSED] - line = reader.readLine(): null

27-02-2025T17:35:21 - [TEST_STEP][PASSED] - println(line): null

27-02-2025T17:35:21 - [TEST_STEP][PASSED] - group = line.indexOf("<Group>"): null

27-02-2025T17:35:21 - [TEST_STEP][PASSED] - println(group): null

27-02-2025T17:35:21 - [TEST_STEP][PASSED] - if (group >= 0): null

27-02-2025T17:35:21 - [TEST_STEP][PASSED] - else: null

27-02-2025T17:35:21 - [TEST_STEP][PASSED] - if (include): null

27-02-2025T17:35:21 - [TEST_STEP][PASSED] - line = reader.readLine(): null

27-02-2025T17:35:21 - [TEST_STEP][PASSED] - println(line): null

27-02-2025T17:35:21 - [TEST_STEP][PASSED] - group = line.indexOf("<Group>"): null

27-02-2025T17:35:21 - [TEST_STEP][PASSED] - println(group): null

27-02-2025T17:35:21 - [TEST_STEP][PASSED] - if (group >= 0): null

27-02-2025T17:35:21 - [TEST_STEP][PASSED] - else: null

27-02-2025T17:35:21 - [TEST_STEP][PASSED] - if (include): null

27-02-2025T17:35:21 - [TEST_STEP][PASSED] - line = reader.readLine(): null

27-02-2025T17:35:21 - [TEST_STEP][PASSED] - println(line): null

27-02-2025T17:35:21 - [TEST_STEP][PASSED] - group = line.indexOf("<Group>"): null

27-02-2025T17:35:21 - [TEST_STEP][PASSED] - println(group): null

27-02-2025T17:35:21 - [TEST_STEP][PASSED] - if (group >= 0): null

27-02-2025T17:35:21 - [TEST_STEP][PASSED] - else: null

27-02-2025T17:35:21 - [TEST_STEP][PASSED] - if (include): null

27-02-2025T17:35:21 - [TEST_STEP][PASSED] - line = reader.readLine(): null

27-02-2025T17:35:21 - [TEST_STEP][PASSED] - println(line): null

27-02-2025T17:35:21 - [TEST_STEP][PASSED] - group = line.indexOf("<Group>"): null

27-02-2025T17:35:21 - [TEST_STEP][PASSED] - println(group): null

27-02-2025T17:35:21 - [TEST_STEP][PASSED] - if (group >= 0): null

27-02-2025T17:35:21 - [TEST_STEP][PASSED] - else: null

27-02-2025T17:35:21 - [TEST_STEP][PASSED] - if (include): null

27-02-2025T17:35:21 - [TEST_STEP][PASSED] - line = reader.readLine(): null

27-02-2025T17:35:21 - [TEST_STEP][PASSED] - println(line): null

27-02-2025T17:35:21 - [TEST_STEP][PASSED] - group = line.indexOf("<Group>"): null

27-02-2025T17:35:21 - [TEST_STEP][PASSED] - println(group): null

27-02-2025T17:35:21 - [TEST_STEP][PASSED] - if (group >= 0): null

27-02-2025T17:35:21 - [TEST_STEP][PASSED] - else: null

27-02-2025T17:35:21 - [TEST_STEP][PASSED] - if (include): null

27-02-2025T17:35:21 - [TEST_STEP][PASSED] - line = reader.readLine(): null

27-02-2025T17:35:21 - [TEST_STEP][PASSED] - println(line): null

27-02-2025T17:35:21 - [TEST_STEP][PASSED] - group = line.indexOf("<Group>"): null

27-02-2025T17:35:21 - [TEST_STEP][PASSED] - println(group): null

27-02-2025T17:35:21 - [TEST_STEP][PASSED] - if (group >= 0): null

27-02-2025T17:35:21 - [TEST_STEP][PASSED] - else: null

27-02-2025T17:35:21 - [TEST_STEP][PASSED] - if (include): null

27-02-2025T17:35:21 - [TEST_STEP][PASSED] - line = reader.readLine(): null

27-02-2025T17:35:21 - [TEST_STEP][PASSED] - println(line): null

27-02-2025T17:35:21 - [TEST_STEP][PASSED] - group = line.indexOf("<Group>"): null

27-02-2025T17:35:21 - [TEST_STEP][PASSED] - println(group): null

27-02-2025T17:35:21 - [TEST_STEP][PASSED] - if (group >= 0): null

27-02-2025T17:35:21 - [TEST_STEP][PASSED] - else: null

27-02-2025T17:35:21 - [TEST_STEP][PASSED] - if (include): null

27-02-2025T17:35:21 - [TEST_STEP][PASSED] - line = reader.readLine(): null

27-02-2025T17:35:21 - [TEST_STEP][PASSED] - println(line): null

27-02-2025T17:35:21 - [TEST_STEP][PASSED] - group = line.indexOf("<Group>"): null

27-02-2025T17:35:21 - [TEST_STEP][PASSED] - println(group): null

27-02-2025T17:35:21 - [TEST_STEP][PASSED] - if (group >= 0): null

27-02-2025T17:35:21 - [TEST_STEP][PASSED] - else: null

27-02-2025T17:35:21 - [TEST_STEP][PASSED] - if (include): null

27-02-2025T17:35:21 - [TEST_STEP][PASSED] - line = reader.readLine(): null

27-02-2025T17:35:21 - [TEST_STEP][PASSED] - println(line): null

27-02-2025T17:35:21 - [TEST_STEP][PASSED] - group = line.indexOf("<Group>"): null

27-02-2025T17:35:21 - [TEST_STEP][PASSED] - println(group): null

27-02-2025T17:35:21 - [TEST_STEP][PASSED] - if (group >= 0): null

27-02-2025T17:35:21 - [TEST_STEP][PASSED] - else: null

27-02-2025T17:35:21 - [TEST_STEP][PASSED] - if (include): null

27-02-2025T17:35:21 - [TEST_STEP][PASSED] - line = reader.readLine(): null

27-02-2025T17:35:21 - [TEST_STEP][PASSED] - println(line): null

27-02-2025T17:35:21 - [TEST_STEP][PASSED] - group = line.indexOf("<Group>"): null

27-02-2025T17:35:21 - [TEST_STEP][PASSED] - println(group): null

27-02-2025T17:35:21 - [TEST_STEP][PASSED] - if (group >= 0): null

27-02-2025T17:35:21 - [TEST_STEP][PASSED] - else: null

27-02-2025T17:35:21 - [TEST_STEP][PASSED] - if (include): null

27-02-2025T17:35:21 - [TEST_STEP][PASSED] - line = reader.readLine(): null

27-02-2025T17:35:21 - [TEST_STEP][PASSED] - println(line): null

27-02-2025T17:35:21 - [TEST_STEP][PASSED] - group = line.indexOf("<Group>"): null

27-02-2025T17:35:21 - [TEST_STEP][PASSED] - println(group): null

27-02-2025T17:35:21 - [TEST_STEP][PASSED] - if (group >= 0): null

27-02-2025T17:35:21 - [TEST_STEP][PASSED] - else: null

27-02-2025T17:35:21 - [TEST_STEP][PASSED] - if (include): null

27-02-2025T17:35:21 - [TEST_STEP][PASSED] - line = reader.readLine(): null

27-02-2025T17:35:21 - [TEST_STEP][PASSED] - println(line): null

27-02-2025T17:35:21 - [TEST_STEP][PASSED] - group = line.indexOf("<Group>"): null

27-02-2025T17:35:21 - [TEST_STEP][PASSED] - println(group): null

27-02-2025T17:35:21 - [TEST_STEP][PASSED] - if (group >= 0): null

27-02-2025T17:35:21 - [TEST_STEP][PASSED] - else: null

27-02-2025T17:35:21 - [TEST_STEP][PASSED] - if (include): null

27-02-2025T17:35:21 - [TEST_STEP][PASSED] - line = reader.readLine(): null

27-02-2025T17:35:21 - [TEST_STEP][PASSED] - println(line): null

27-02-2025T17:35:21 - [TEST_STEP][PASSED] - group = line.indexOf("<Group>"): null

27-02-2025T17:35:21 - [TEST_STEP][PASSED] - println(group): null

27-02-2025T17:35:21 - [TEST_STEP][PASSED] - if (group >= 0): null

27-02-2025T17:35:21 - [TEST_STEP][PASSED] - else: null

27-02-2025T17:35:21 - [TEST_STEP][PASSED] - if (include): null

27-02-2025T17:35:21 - [TEST_STEP][PASSED] - line = reader.readLine(): null

27-02-2025T17:35:21 - [TEST_STEP][PASSED] - println(line): null

27-02-2025T17:35:21 - [TEST_STEP][PASSED] - group = line.indexOf("<Group>"): null

27-02-2025T17:35:21 - [TEST_STEP][PASSED] - println(group): null

27-02-2025T17:35:21 - [TEST_STEP][PASSED] - if (group >= 0): null

27-02-2025T17:35:21 - [TEST_STEP][PASSED] - else: null

27-02-2025T17:35:21 - [TEST_STEP][PASSED] - if (include): null

27-02-2025T17:35:21 - [TEST_STEP][PASSED] - line = reader.readLine(): null

27-02-2025T17:35:21 - [TEST_STEP][PASSED] - println(line): null

27-02-2025T17:35:21 - [TEST_STEP][PASSED] - group = line.indexOf("<Group>"): null

27-02-2025T17:35:21 - [TEST_STEP][PASSED] - println(group): null

27-02-2025T17:35:21 - [TEST_STEP][PASSED] - if (group >= 0): null

27-02-2025T17:35:21 - [TEST_STEP][PASSED] - else: null

27-02-2025T17:35:21 - [TEST_STEP][PASSED] - if (include): null

27-02-2025T17:35:21 - [TEST_STEP][PASSED] - line = reader.readLine(): null

27-02-2025T17:35:21 - [TEST_STEP][PASSED] - println(line): null

27-02-2025T17:35:21 - [TEST_STEP][PASSED] - group = line.indexOf("<Group>"): null

27-02-2025T17:35:21 - [TEST_STEP][PASSED] - println(group): null

27-02-2025T17:35:21 - [TEST_STEP][PASSED] - if (group >= 0): null

27-02-2025T17:35:21 - [TEST_STEP][PASSED] - else: null

27-02-2025T17:35:21 - [TEST_STEP][PASSED] - if (include): null

27-02-2025T17:35:21 - [TEST_STEP][PASSED] - line = reader.readLine(): null

27-02-2025T17:35:21 - [TEST_STEP][PASSED] - println(line): null

27-02-2025T17:35:21 - [TEST_STEP][PASSED] - group = line.indexOf("<Group>"): null

27-02-2025T17:35:21 - [TEST_STEP][PASSED] - println(group): null

27-02-2025T17:35:21 - [TEST_STEP][PASSED] - if (group >= 0): null

27-02-2025T17:35:21 - [TEST_STEP][PASSED] - else: null

27-02-2025T17:35:21 - [TEST_STEP][PASSED] - if (include): null

27-02-2025T17:35:21 - [TEST_STEP][PASSED] - line = reader.readLine(): null

27-02-2025T17:35:21 - [TEST_STEP][PASSED] - println(line): null

27-02-2025T17:35:21 - [TEST_STEP][PASSED] - group = line.indexOf("<Group>"): null

27-02-2025T17:35:21 - [TEST_STEP][PASSED] - println(group): null

27-02-2025T17:35:21 - [TEST_STEP][PASSED] - if (group >= 0): null

27-02-2025T17:35:21 - [TEST_STEP][PASSED] - else: null

27-02-2025T17:35:21 - [TEST_STEP][PASSED] - if (include): null

27-02-2025T17:35:21 - [TEST_STEP][PASSED] - line = reader.readLine(): null

27-02-2025T17:35:21 - [TEST_STEP][PASSED] - println(line): null

27-02-2025T17:35:21 - [TEST_STEP][PASSED] - group = line.indexOf("<Group>"): null

27-02-2025T17:35:21 - [TEST_STEP][PASSED] - println(group): null

27-02-2025T17:35:21 - [TEST_STEP][PASSED] - if (group >= 0): null

27-02-2025T17:35:21 - [TEST_STEP][PASSED] - else: null

27-02-2025T17:35:21 - [TEST_STEP][PASSED] - if (include): null

27-02-2025T17:35:21 - [TEST_STEP][PASSED] - line = reader.readLine(): null

27-02-2025T17:35:21 - [TEST_STEP][PASSED] - println(line): null

27-02-2025T17:35:21 - [TEST_STEP][PASSED] - group = line.indexOf("<Group>"): null

27-02-2025T17:35:21 - [TEST_STEP][PASSED] - println(group): null

27-02-2025T17:35:21 - [TEST_STEP][PASSED] - if (group >= 0): null

27-02-2025T17:35:21 - [TEST_STEP][PASSED] - else: null

27-02-2025T17:35:21 - [TEST_STEP][PASSED] - if (include): null

27-02-2025T17:35:21 - [TEST_STEP][PASSED] - line = reader.readLine(): null

27-02-2025T17:35:21 - [TEST_STEP][PASSED] - println(line): null

27-02-2025T17:35:21 - [TEST_STEP][PASSED] - group = line.indexOf("<Group>"): null

27-02-2025T17:35:21 - [TEST_STEP][PASSED] - println(group): null

27-02-2025T17:35:21 - [TEST_STEP][PASSED] - if (group >= 0): null

27-02-2025T17:35:21 - [TEST_STEP][PASSED] - else: null

27-02-2025T17:35:21 - [TEST_STEP][PASSED] - if (include): null

27-02-2025T17:35:21 - [TEST_STEP][PASSED] - line = reader.readLine(): null

27-02-2025T17:35:21 - [TEST_STEP][PASSED] - println(line): null

27-02-2025T17:35:21 - [TEST_STEP][PASSED] - group = line.indexOf("<Group>"): null

27-02-2025T17:35:21 - [TEST_STEP][PASSED] - println(group): null

27-02-2025T17:35:21 - [TEST_STEP][PASSED] - if (group >= 0): null

27-02-2025T17:35:21 - [TEST_STEP][PASSED] - else: null

27-02-2025T17:35:21 - [TEST_STEP][PASSED] - if (include): null

27-02-2025T17:35:21 - [TEST_STEP][PASSED] - line = reader.readLine(): null

27-02-2025T17:35:21 - [TEST_STEP][PASSED] - println(line): null

27-02-2025T17:35:21 - [TEST_STEP][PASSED] - group = line.indexOf("<Group>"): null

27-02-2025T17:35:21 - [TEST_STEP][PASSED] - println(group): null

27-02-2025T17:35:21 - [TEST_STEP][PASSED] - if (group >= 0): null

27-02-2025T17:35:21 - [TEST_STEP][PASSED] - else: null

27-02-2025T17:35:21 - [TEST_STEP][PASSED] - if (include): null

27-02-2025T17:35:21 - [TEST_STEP][PASSED] - line = reader.readLine(): null

27-02-2025T17:35:21 - [TEST_STEP][PASSED] - println(line): null

27-02-2025T17:35:21 - [TEST_STEP][PASSED] - group = line.indexOf("<Group>"): null

27-02-2025T17:35:21 - [TEST_STEP][PASSED] - println(group): null

27-02-2025T17:35:21 - [TEST_STEP][PASSED] - if (group >= 0): null

27-02-2025T17:35:21 - [TEST_STEP][PASSED] - else: null

27-02-2025T17:35:21 - [TEST_STEP][PASSED] - if (include): null

27-02-2025T17:35:21 - [TEST_STEP][PASSED] - line = reader.readLine(): null

27-02-2025T17:35:21 - [TEST_STEP][PASSED] - println(line): null

27-02-2025T17:35:21 - [TEST_STEP][PASSED] - group = line.indexOf("<Group>"): null

27-02-2025T17:35:21 - [TEST_STEP][PASSED] - println(group): null

27-02-2025T17:35:21 - [TEST_STEP][PASSED] - if (group >= 0): null

27-02-2025T17:35:21 - [TEST_STEP][PASSED] - else: null

27-02-2025T17:35:21 - [TEST_STEP][PASSED] - if (include): null

27-02-2025T17:35:21 - [TEST_STEP][PASSED] - line = reader.readLine(): null

27-02-2025T17:35:21 - [TEST_STEP][PASSED] - println(line): null

27-02-2025T17:35:21 - [TEST_STEP][PASSED] - group = line.indexOf("<Group>"): null

27-02-2025T17:35:21 - [TEST_STEP][PASSED] - println(group): null

27-02-2025T17:35:21 - [TEST_STEP][PASSED] - if (group >= 0): null

27-02-2025T17:35:21 - [TEST_STEP][PASSED] - else: null

27-02-2025T17:35:21 - [TEST_STEP][PASSED] - if (include): null

27-02-2025T17:35:21 - [TEST_STEP][PASSED] - line = reader.readLine(): null

27-02-2025T17:35:21 - [TEST_STEP][PASSED] - println(line): null

27-02-2025T17:35:21 - [TEST_STEP][PASSED] - group = line.indexOf("<Group>"): null

27-02-2025T17:35:21 - [TEST_STEP][PASSED] - println(group): null

27-02-2025T17:35:21 - [TEST_STEP][PASSED] - if (group >= 0): null

27-02-2025T17:35:21 - [TEST_STEP][PASSED] - else: null

27-02-2025T17:35:21 - [TEST_STEP][PASSED] - if (include): null

27-02-2025T17:35:21 - [TEST_STEP][PASSED] - line = reader.readLine(): null

27-02-2025T17:35:21 - [TEST_STEP][PASSED] - println(line): null

27-02-2025T17:35:21 - [TEST_STEP][PASSED] - group = line.indexOf("<Group>"): null

27-02-2025T17:35:21 - [TEST_STEP][PASSED] - println(group): null

27-02-2025T17:35:21 - [TEST_STEP][PASSED] - if (group >= 0): null

27-02-2025T17:35:21 - [TEST_STEP][PASSED] - else: null

27-02-2025T17:35:21 - [TEST_STEP][PASSED] - if (include): null

27-02-2025T17:35:21 - [TEST_STEP][PASSED] - line = reader.readLine(): null

27-02-2025T17:35:21 - [TEST_STEP][PASSED] - println(line): null

27-02-2025T17:35:21 - [TEST_STEP][PASSED] - group = line.indexOf("<Group>"): null

27-02-2025T17:35:21 - [TEST_STEP][PASSED] - println(group): null

27-02-2025T17:35:21 - [TEST_STEP][PASSED] - if (group >= 0): null

27-02-2025T17:35:21 - [TEST_STEP][PASSED] - else: null

27-02-2025T17:35:21 - [TEST_STEP][PASSED] - if (include): null

27-02-2025T17:35:21 - [TEST_STEP][PASSED] - line = reader.readLine(): null

27-02-2025T17:35:21 - [TEST_STEP][PASSED] - println(line): null

27-02-2025T17:35:21 - [TEST_STEP][PASSED] - group = line.indexOf("<Group>"): null

27-02-2025T17:35:21 - [TEST_STEP][PASSED] - println(group): null

27-02-2025T17:35:21 - [TEST_STEP][PASSED] - if (group >= 0): null

27-02-2025T17:35:21 - [TEST_STEP][PASSED] - else: null

27-02-2025T17:35:21 - [TEST_STEP][PASSED] - if (include): null

27-02-2025T17:35:21 - [TEST_STEP][PASSED] - line = reader.readLine(): null

27-02-2025T17:35:21 - [TEST_STEP][PASSED] - println(line): null

27-02-2025T17:35:21 - [TEST_STEP][PASSED] - group = line.indexOf("<Group>"): null

27-02-2025T17:35:21 - [TEST_STEP][PASSED] - println(group): null

27-02-2025T17:35:21 - [TEST_STEP][PASSED] - if (group >= 0): null

27-02-2025T17:35:21 - [TEST_STEP][PASSED] - else: null

27-02-2025T17:35:21 - [TEST_STEP][PASSED] - if (include): null

27-02-2025T17:35:21 - [TEST_STEP][PASSED] - line = reader.readLine(): null

27-02-2025T17:35:21 - [TEST_STEP][PASSED] - println(line): null

27-02-2025T17:35:21 - [TEST_STEP][PASSED] - group = line.indexOf("<Group>"): null

27-02-2025T17:35:21 - [TEST_STEP][PASSED] - println(group): null

27-02-2025T17:35:21 - [TEST_STEP][PASSED] - if (group >= 0): null

27-02-2025T17:35:21 - [TEST_STEP][PASSED] - else: null

27-02-2025T17:35:21 - [TEST_STEP][PASSED] - if (include): null

27-02-2025T17:35:21 - [TEST_STEP][PASSED] - line = reader.readLine(): null

27-02-2025T17:35:21 - [TEST_STEP][PASSED] - println(line): null

27-02-2025T17:35:21 - [TEST_STEP][PASSED] - group = line.indexOf("<Group>"): null

27-02-2025T17:35:21 - [TEST_STEP][PASSED] - println(group): null

27-02-2025T17:35:21 - [TEST_STEP][PASSED] - if (group >= 0): null

27-02-2025T17:35:21 - [TEST_STEP][PASSED] - else: null

27-02-2025T17:35:21 - [TEST_STEP][PASSED] - if (include): null

27-02-2025T17:35:21 - [TEST_STEP][PASSED] - line = reader.readLine(): null

27-02-2025T17:35:21 - [TEST_STEP][PASSED] - println(line): null

27-02-2025T17:35:21 - [TEST_STEP][PASSED] - group = line.indexOf("<Group>"): null

27-02-2025T17:35:21 - [TEST_STEP][PASSED] - println(group): null

27-02-2025T17:35:21 - [TEST_STEP][PASSED] - if (group >= 0): null

27-02-2025T17:35:21 - [TEST_STEP][PASSED] - else: null

27-02-2025T17:35:21 - [TEST_STEP][PASSED] - if (include): null

27-02-2025T17:35:21 - [TEST_STEP][PASSED] - line = reader.readLine(): null

27-02-2025T17:35:21 - [TEST_STEP][PASSED] - println(line): null

27-02-2025T17:35:21 - [TEST_STEP][PASSED] - group = line.indexOf("<Group>"): null

27-02-2025T17:35:21 - [TEST_STEP][PASSED] - println(group): null

27-02-2025T17:35:21 - [TEST_STEP][PASSED] - if (group >= 0): null

27-02-2025T17:35:21 - [TEST_STEP][PASSED] - else: null

27-02-2025T17:35:21 - [TEST_STEP][PASSED] - if (include): null

27-02-2025T17:35:21 - [TEST_STEP][PASSED] - line = reader.readLine(): null

27-02-2025T17:35:21 - [TEST_STEP][PASSED] - println(line): null

27-02-2025T17:35:21 - [TEST_STEP][PASSED] - group = line.indexOf("<Group>"): null

27-02-2025T17:35:21 - [TEST_STEP][PASSED] - println(group): null

27-02-2025T17:35:21 - [TEST_STEP][PASSED] - if (group >= 0): null

27-02-2025T17:35:21 - [TEST_STEP][PASSED] - else: null

27-02-2025T17:35:21 - [TEST_STEP][PASSED] - if (include): null

27-02-2025T17:35:21 - [TEST_STEP][PASSED] - line = reader.readLine(): null

27-02-2025T17:35:21 - [TEST_STEP][PASSED] - println(line): null

27-02-2025T17:35:21 - [TEST_STEP][PASSED] - group = line.indexOf("<Group>"): null

27-02-2025T17:35:21 - [TEST_STEP][PASSED] - println(group): null

27-02-2025T17:35:21 - [TEST_STEP][PASSED] - if (group >= 0): null

27-02-2025T17:35:21 - [TEST_STEP][PASSED] - else: null

27-02-2025T17:35:21 - [TEST_STEP][PASSED] - if (include): null

27-02-2025T17:35:21 - [TEST_STEP][PASSED] - line = reader.readLine(): null

27-02-2025T17:35:21 - [TEST_STEP][PASSED] - println(line): null

27-02-2025T17:35:21 - [TEST_STEP][PASSED] - group = line.indexOf("<Group>"): null

27-02-2025T17:35:21 - [TEST_STEP][PASSED] - println(group): null

27-02-2025T17:35:21 - [TEST_STEP][PASSED] - if (group >= 0): null

27-02-2025T17:35:21 - [TEST_STEP][PASSED] - else: null

27-02-2025T17:35:21 - [TEST_STEP][PASSED] - if (include): null

27-02-2025T17:35:21 - [TEST_STEP][PASSED] - line = reader.readLine(): null

27-02-2025T17:35:21 - [TEST_STEP][PASSED] - println(line): null

27-02-2025T17:35:21 - [TEST_STEP][PASSED] - group = line.indexOf("<Group>"): null

27-02-2025T17:35:21 - [TEST_STEP][PASSED] - println(group): null

27-02-2025T17:35:21 - [TEST_STEP][PASSED] - if (group >= 0): null

27-02-2025T17:35:21 - [TEST_STEP][PASSED] - else: null

27-02-2025T17:35:21 - [TEST_STEP][PASSED] - if (include): null

27-02-2025T17:35:21 - [TEST_STEP][PASSED] - line = reader.readLine(): null

27-02-2025T17:35:21 - [TEST_STEP][PASSED] - println(line): null

27-02-2025T17:35:21 - [TEST_STEP][PASSED] - group = line.indexOf("<Group>"): null

27-02-2025T17:35:21 - [TEST_STEP][PASSED] - println(group): null

27-02-2025T17:35:21 - [TEST_STEP][PASSED] - if (group >= 0): null

27-02-2025T17:35:21 - [TEST_STEP][PASSED] - else: null

27-02-2025T17:35:21 - [TEST_STEP][PASSED] - if (include): null

27-02-2025T17:35:21 - [TEST_STEP][PASSED] - line = reader.readLine(): null

27-02-2025T17:35:21 - [TEST_STEP][PASSED] - println(line): null

27-02-2025T17:35:21 - [TEST_STEP][PASSED] - group = line.indexOf("<Group>"): null

27-02-2025T17:35:21 - [TEST_STEP][PASSED] - println(group): null

27-02-2025T17:35:21 - [TEST_STEP][PASSED] - if (group >= 0): null

27-02-2025T17:35:21 - [TEST_STEP][PASSED] - else: null

27-02-2025T17:35:21 - [TEST_STEP][PASSED] - if (include): null

27-02-2025T17:35:21 - [TEST_STEP][PASSED] - line = reader.readLine(): null

27-02-2025T17:35:21 - [TEST_STEP][PASSED] - println(line): null

27-02-2025T17:35:21 - [TEST_STEP][PASSED] - group = line.indexOf("<Group>"): null

27-02-2025T17:35:21 - [TEST_STEP][PASSED] - println(group): null

27-02-2025T17:35:21 - [TEST_STEP][PASSED] - if (group >= 0): null

27-02-2025T17:35:21 - [TEST_STEP][PASSED] - else: null

27-02-2025T17:35:21 - [TEST_STEP][PASSED] - if (include): null

27-02-2025T17:35:21 - [TEST_STEP][PASSED] - line = reader.readLine(): null

27-02-2025T17:35:21 - [TEST_STEP][PASSED] - println(line): null

27-02-2025T17:35:21 - [TEST_STEP][PASSED] - group = line.indexOf("<Group>"): null

27-02-2025T17:35:21 - [TEST_STEP][PASSED] - println(group): null

27-02-2025T17:35:21 - [TEST_STEP][PASSED] - if (group >= 0): null

27-02-2025T17:35:21 - [TEST_STEP][PASSED] - else: null

27-02-2025T17:35:21 - [TEST_STEP][PASSED] - if (include): null

27-02-2025T17:35:21 - [TEST_STEP][PASSED] - line = reader.readLine(): null

27-02-2025T17:35:21 - [TEST_STEP][PASSED] - println(line): null

27-02-2025T17:35:21 - [TEST_STEP][PASSED] - group = line.indexOf("<Group>"): null

27-02-2025T17:35:21 - [TEST_STEP][PASSED] - println(group): null

27-02-2025T17:35:21 - [TEST_STEP][PASSED] - if (group >= 0): null

27-02-2025T17:35:21 - [TEST_STEP][PASSED] - else: null

27-02-2025T17:35:21 - [TEST_STEP][PASSED] - if (include): null

27-02-2025T17:35:21 - [TEST_STEP][PASSED] - line = reader.readLine(): null

27-02-2025T17:35:21 - [TEST_STEP][PASSED] - println(line): null

27-02-2025T17:35:21 - [TEST_STEP][PASSED] - group = line.indexOf("<Group>"): null

27-02-2025T17:35:21 - [TEST_STEP][PASSED] - println(group): null

27-02-2025T17:35:21 - [TEST_STEP][PASSED] - if (group >= 0): null

27-02-2025T17:35:21 - [TEST_STEP][PASSED] - else: null

27-02-2025T17:35:21 - [TEST_STEP][PASSED] - if (include): null

27-02-2025T17:35:21 - [TEST_STEP][PASSED] - line = reader.readLine(): null

27-02-2025T17:35:21 - [TEST_STEP][PASSED] - println(line): null

27-02-2025T17:35:21 - [TEST_STEP][PASSED] - group = line.indexOf("<Group>"): null

27-02-2025T17:35:21 - [TEST_STEP][PASSED] - println(group): null

27-02-2025T17:35:21 - [TEST_STEP][PASSED] - if (group >= 0): null

27-02-2025T17:35:21 - [TEST_STEP][PASSED] - else: null

27-02-2025T17:35:21 - [TEST_STEP][PASSED] - if (include): null

27-02-2025T17:35:21 - [TEST_STEP][PASSED] - line = reader.readLine(): null

27-02-2025T17:35:21 - [TEST_STEP][PASSED] - println(line): null

27-02-2025T17:35:21 - [TEST_STEP][PASSED] - group = line.indexOf("<Group>"): null

27-02-2025T17:35:21 - [TEST_STEP][PASSED] - println(group): null

27-02-2025T17:35:21 - [TEST_STEP][PASSED] - if (group >= 0): null

27-02-2025T17:35:21 - [TEST_STEP][PASSED] - else: null

27-02-2025T17:35:21 - [TEST_STEP][PASSED] - if (include): null

27-02-2025T17:35:21 - [TEST_STEP][PASSED] - line = reader.readLine(): null

27-02-2025T17:35:21 - [TEST_STEP][PASSED] - println(line): null

27-02-2025T17:35:21 - [TEST_STEP][PASSED] - group = line.indexOf("<Group>"): null

27-02-2025T17:35:21 - [TEST_STEP][PASSED] - println(group): null

27-02-2025T17:35:21 - [TEST_STEP][PASSED] - if (group >= 0): null

27-02-2025T17:35:21 - [TEST_STEP][PASSED] - else: null

27-02-2025T17:35:21 - [TEST_STEP][PASSED] - if (include): null

27-02-2025T17:35:21 - [TEST_STEP][PASSED] - line = reader.readLine(): null

27-02-2025T17:35:21 - [TEST_STEP][PASSED] - println(line): null

27-02-2025T17:35:21 - [TEST_STEP][PASSED] - group = line.indexOf("<Group>"): null

27-02-2025T17:35:21 - [TEST_STEP][PASSED] - println(group): null

27-02-2025T17:35:21 - [TEST_STEP][PASSED] - if (group >= 0): null

27-02-2025T17:35:21 - [TEST_STEP][PASSED] - else: null

27-02-2025T17:35:21 - [TEST_STEP][PASSED] - if (include): null

27-02-2025T17:35:21 - [TEST_STEP][PASSED] - line = reader.readLine(): null

27-02-2025T17:35:21 - [TEST_STEP][PASSED] - println(line): null

27-02-2025T17:35:21 - [TEST_STEP][PASSED] - group = line.indexOf("<Group>"): null

27-02-2025T17:35:21 - [TEST_STEP][PASSED] - println(group): null

27-02-2025T17:35:21 - [TEST_STEP][PASSED] - if (group >= 0): null

27-02-2025T17:35:21 - [TEST_STEP][PASSED] - else: null

27-02-2025T17:35:21 - [TEST_STEP][PASSED] - if (include): null

27-02-2025T17:35:21 - [TEST_STEP][PASSED] - line = reader.readLine(): null

27-02-2025T17:35:21 - [TEST_STEP][PASSED] - println(line): null

27-02-2025T17:35:21 - [TEST_STEP][PASSED] - group = line.indexOf("<Group>"): null

27-02-2025T17:35:21 - [TEST_STEP][PASSED] - println(group): null

27-02-2025T17:35:21 - [TEST_STEP][PASSED] - if (group >= 0): null

27-02-2025T17:35:21 - [TEST_STEP][PASSED] - else: null

27-02-2025T17:35:21 - [TEST_STEP][PASSED] - if (include): null

27-02-2025T17:35:21 - [TEST_STEP][PASSED] - line = reader.readLine(): null

27-02-2025T17:35:21 - [TEST_STEP][PASSED] - println(line): null

27-02-2025T17:35:21 - [TEST_STEP][PASSED] - group = line.indexOf("<Group>"): null

27-02-2025T17:35:21 - [TEST_STEP][PASSED] - println(group): null

27-02-2025T17:35:21 - [TEST_STEP][PASSED] - if (group >= 0): null

27-02-2025T17:35:21 - [TEST_STEP][PASSED] - else: null

27-02-2025T17:35:21 - [TEST_STEP][PASSED] - if (include): null

27-02-2025T17:35:21 - [TEST_STEP][PASSED] - line = reader.readLine(): null

27-02-2025T17:35:21 - [TEST_STEP][PASSED] - println(line): null

27-02-2025T17:35:21 - [TEST_STEP][PASSED] - group = line.indexOf("<Group>"): null

27-02-2025T17:35:21 - [TEST_STEP][PASSED] - println(group): null

27-02-2025T17:35:21 - [TEST_STEP][PASSED] - if (group >= 0): null

27-02-2025T17:35:21 - [TEST_STEP][PASSED] - else: null

27-02-2025T17:35:21 - [TEST_STEP][PASSED] - if (include): null

27-02-2025T17:35:21 - [TEST_STEP][PASSED] - line = reader.readLine(): null

27-02-2025T17:35:21 - [TEST_STEP][PASSED] - println(line): null

27-02-2025T17:35:21 - [TEST_STEP][PASSED] - group = line.indexOf("<Group>"): null

27-02-2025T17:35:21 - [TEST_STEP][PASSED] - println(group): null

27-02-2025T17:35:21 - [TEST_STEP][PASSED] - if (group >= 0): null

27-02-2025T17:35:21 - [TEST_STEP][PASSED] - else: null

27-02-2025T17:35:21 - [TEST_STEP][PASSED] - if (include): null

27-02-2025T17:35:21 - [TEST_STEP][PASSED] - line = reader.readLine(): null

27-02-2025T17:35:21 - [TEST_STEP][PASSED] - println(line): null

27-02-2025T17:35:21 - [TEST_STEP][PASSED] - group = line.indexOf("<Group>"): null

27-02-2025T17:35:21 - [TEST_STEP][PASSED] - println(group): null

27-02-2025T17:35:21 - [TEST_STEP][PASSED] - if (group >= 0): null

27-02-2025T17:35:21 - [TEST_STEP][PASSED] - else: null

27-02-2025T17:35:21 - [TEST_STEP][PASSED] - if (include): null

27-02-2025T17:35:21 - [TEST_STEP][PASSED] - line = reader.readLine(): null

27-02-2025T17:35:21 - [TEST_STEP][PASSED] - println(line): null

27-02-2025T17:35:21 - [TEST_STEP][PASSED] - group = line.indexOf("<Group>"): null

27-02-2025T17:35:21 - [TEST_STEP][PASSED] - println(group): null

27-02-2025T17:35:21 - [TEST_STEP][PASSED] - if (group >= 0): null

27-02-2025T17:35:21 - [TEST_STEP][PASSED] - else: null

27-02-2025T17:35:21 - [TEST_STEP][PASSED] - if (include): null

27-02-2025T17:35:21 - [TEST_STEP][PASSED] - line = reader.readLine(): null

27-02-2025T17:35:21 - [TEST_STEP][PASSED] - println(line): null

27-02-2025T17:35:21 - [TEST_STEP][PASSED] - group = line.indexOf("<Group>"): null

27-02-2025T17:35:21 - [TEST_STEP][PASSED] - println(group): null

27-02-2025T17:35:21 - [TEST_STEP][PASSED] - if (group >= 0): null

27-02-2025T17:35:21 - [TEST_STEP][PASSED] - else: null

27-02-2025T17:35:21 - [TEST_STEP][PASSED] - if (include): null

27-02-2025T17:35:21 - [TEST_STEP][PASSED] - line = reader.readLine(): null

27-02-2025T17:35:21 - [TEST_STEP][PASSED] - println(line): null

27-02-2025T17:35:21 - [TEST_STEP][PASSED] - group = line.indexOf("<Group>"): null

27-02-2025T17:35:21 - [TEST_STEP][PASSED] - println(group): null

27-02-2025T17:35:21 - [TEST_STEP][PASSED] - if (group >= 0): null

27-02-2025T17:35:21 - [TEST_STEP][PASSED] - else: null

27-02-2025T17:35:21 - [TEST_STEP][PASSED] - if (include): null

27-02-2025T17:35:21 - [TEST_STEP][PASSED] - line = reader.readLine(): null

27-02-2025T17:35:21 - [TEST_STEP][PASSED] - println(line): null

27-02-2025T17:35:21 - [TEST_STEP][PASSED] - group = line.indexOf("<Group>"): null

27-02-2025T17:35:21 - [TEST_STEP][PASSED] - println(group): null

27-02-2025T17:35:21 - [TEST_STEP][PASSED] - if (group >= 0): null

27-02-2025T17:35:21 - [TEST_STEP][PASSED] - else: null

27-02-2025T17:35:21 - [TEST_STEP][PASSED] - if (include): null

27-02-2025T17:35:21 - [TEST_STEP][PASSED] - line = reader.readLine(): null

27-02-2025T17:35:21 - [TEST_STEP][PASSED] - println(line): null

27-02-2025T17:35:21 - [TEST_STEP][PASSED] - group = line.indexOf("<Group>"): null

27-02-2025T17:35:21 - [TEST_STEP][PASSED] - println(group): null

27-02-2025T17:35:21 - [TEST_STEP][PASSED] - if (group >= 0): null

27-02-2025T17:35:21 - [TEST_STEP][PASSED] - else: null

27-02-2025T17:35:21 - [TEST_STEP][PASSED] - if (include): null

27-02-2025T17:35:21 - [TEST_STEP][PASSED] - line = reader.readLine(): null

27-02-2025T17:35:21 - [TEST_STEP][PASSED] - println(line): null

27-02-2025T17:35:21 - [TEST_STEP][PASSED] - group = line.indexOf("<Group>"): null

27-02-2025T17:35:21 - [TEST_STEP][PASSED] - println(group): null

27-02-2025T17:35:21 - [TEST_STEP][PASSED] - if (group >= 0): null

27-02-2025T17:35:21 - [TEST_STEP][PASSED] - else: null

27-02-2025T17:35:21 - [TEST_STEP][PASSED] - if (include): null

27-02-2025T17:35:21 - [TEST_STEP][PASSED] - line = reader.readLine(): null

27-02-2025T17:35:21 - [TEST_STEP][PASSED] - println(line): null

27-02-2025T17:35:21 - [TEST_STEP][PASSED] - group = line.indexOf("<Group>"): null

27-02-2025T17:35:21 - [TEST_STEP][PASSED] - println(group): null

27-02-2025T17:35:21 - [TEST_STEP][PASSED] - if (group >= 0): null

27-02-2025T17:35:21 - [TEST_STEP][PASSED] - else: null

27-02-2025T17:35:21 - [TEST_STEP][PASSED] - if (include): null

27-02-2025T17:35:21 - [TEST_STEP][PASSED] - line = reader.readLine(): null

27-02-2025T17:35:21 - [TEST_STEP][PASSED] - println(line): null

27-02-2025T17:35:21 - [TEST_STEP][PASSED] - group = line.indexOf("<Group>"): null

27-02-2025T17:35:21 - [TEST_STEP][PASSED] - println(group): null

27-02-2025T17:35:21 - [TEST_STEP][PASSED] - if (group >= 0): null

27-02-2025T17:35:21 - [TEST_STEP][PASSED] - else: null

27-02-2025T17:35:21 - [TEST_STEP][PASSED] - if (include): null

27-02-2025T17:35:21 - [TEST_STEP][PASSED] - line = reader.readLine(): null

27-02-2025T17:35:21 - [TEST_STEP][PASSED] - println(line): null

27-02-2025T17:35:21 - [TEST_STEP][PASSED] - group = line.indexOf("<Group>"): null

27-02-2025T17:35:21 - [TEST_STEP][PASSED] - println(group): null

27-02-2025T17:35:21 - [TEST_STEP][PASSED] - if (group >= 0): null

27-02-2025T17:35:21 - [TEST_STEP][PASSED] - else: null

27-02-2025T17:35:21 - [TEST_STEP][PASSED] - if (include): null

27-02-2025T17:35:21 - [TEST_STEP][PASSED] - line = reader.readLine(): null

27-02-2025T17:35:21 - [TEST_STEP][PASSED] - println(line): null

27-02-2025T17:35:21 - [TEST_STEP][PASSED] - group = line.indexOf("<Group>"): null

27-02-2025T17:35:21 - [TEST_STEP][PASSED] - println(group): null

27-02-2025T17:35:21 - [TEST_STEP][PASSED] - if (group >= 0): null

27-02-2025T17:35:21 - [TEST_STEP][PASSED] - else: null

27-02-2025T17:35:21 - [TEST_STEP][PASSED] - if (include): null

27-02-2025T17:35:21 - [TEST_STEP][PASSED] - line = reader.readLine(): null

27-02-2025T17:35:21 - [TEST_STEP][PASSED] - println(line): null

27-02-2025T17:35:21 - [TEST_STEP][PASSED] - group = line.indexOf("<Group>"): null

27-02-2025T17:35:21 - [TEST_STEP][PASSED] - println(group): null

27-02-2025T17:35:21 - [TEST_STEP][PASSED] - if (group >= 0): null

27-02-2025T17:35:21 - [TEST_STEP][PASSED] - else: null

27-02-2025T17:35:21 - [TEST_STEP][PASSED] - if (include): null

27-02-2025T17:35:21 - [TEST_STEP][PASSED] - line = reader.readLine(): null

27-02-2025T17:35:21 - [TEST_STEP][PASSED] - println(line): null

27-02-2025T17:35:21 - [TEST_STEP][PASSED] - group = line.indexOf("<Group>"): null

27-02-2025T17:35:21 - [TEST_STEP][PASSED] - println(group): null

27-02-2025T17:35:21 - [TEST_STEP][PASSED] - if (group >= 0): null

27-02-2025T17:35:21 - [TEST_STEP][PASSED] - else: null

27-02-2025T17:35:21 - [TEST_STEP][PASSED] - if (include): null

27-02-2025T17:35:21 - [TEST_STEP][PASSED] - line = reader.readLine(): null

27-02-2025T17:35:21 - [TEST_STEP][PASSED] - println(line): null

27-02-2025T17:35:21 - [TEST_STEP][PASSED] - group = line.indexOf("<Group>"): null

27-02-2025T17:35:21 - [TEST_STEP][PASSED] - println(group): null

27-02-2025T17:35:21 - [TEST_STEP][PASSED] - if (group >= 0): null

27-02-2025T17:35:21 - [TEST_STEP][PASSED] - else: null

27-02-2025T17:35:21 - [TEST_STEP][PASSED] - if (include): null

27-02-2025T17:35:21 - [TEST_STEP][PASSED] - line = reader.readLine(): null

27-02-2025T17:35:21 - [TEST_STEP][PASSED] - println(line): null

27-02-2025T17:35:21 - [TEST_STEP][PASSED] - group = line.indexOf("<Group>"): null

27-02-2025T17:35:21 - [TEST_STEP][PASSED] - println(group): null

27-02-2025T17:35:21 - [TEST_STEP][PASSED] - if (group >= 0): null

27-02-2025T17:35:21 - [TEST_STEP][PASSED] - else: null

27-02-2025T17:35:21 - [TEST_STEP][PASSED] - if (include): null

27-02-2025T17:35:21 - [TEST_STEP][PASSED] - line = reader.readLine(): null

27-02-2025T17:35:21 - [TEST_STEP][PASSED] - println(line): null

27-02-2025T17:35:21 - [TEST_STEP][PASSED] - group = line.indexOf("<Group>"): null

27-02-2025T17:35:21 - [TEST_STEP][PASSED] - println(group): null

27-02-2025T17:35:21 - [TEST_STEP][PASSED] - if (group >= 0): null

27-02-2025T17:35:21 - [TEST_STEP][PASSED] - else: null

27-02-2025T17:35:21 - [TEST_STEP][PASSED] - if (include): null

27-02-2025T17:35:21 - [TEST_STEP][PASSED] - line = reader.readLine(): null

27-02-2025T17:35:21 - [TEST_STEP][PASSED] - println(line): null

27-02-2025T17:35:21 - [TEST_STEP][PASSED] - group = line.indexOf("<Group>"): null

27-02-2025T17:35:21 - [TEST_STEP][PASSED] - println(group): null

27-02-2025T17:35:21 - [TEST_STEP][PASSED] - if (group >= 0): null

27-02-2025T17:35:21 - [TEST_STEP][PASSED] - else: null

27-02-2025T17:35:21 - [TEST_STEP][PASSED] - if (include): null

27-02-2025T17:35:21 - [TEST_STEP][PASSED] - line = reader.readLine(): null

27-02-2025T17:35:21 - [TEST_STEP][PASSED] - println(line): null

27-02-2025T17:35:21 - [TEST_STEP][PASSED] - group = line.indexOf("<Group>"): null

27-02-2025T17:35:21 - [TEST_STEP][PASSED] - println(group): null

27-02-2025T17:35:21 - [TEST_STEP][PASSED] - if (group >= 0): null

27-02-2025T17:35:21 - [TEST_STEP][PASSED] - else: null

27-02-2025T17:35:21 - [TEST_STEP][PASSED] - if (include): null

27-02-2025T17:35:21 - [TEST_STEP][PASSED] - line = reader.readLine(): null

27-02-2025T17:35:21 - [TEST_STEP][PASSED] - println(line): null

27-02-2025T17:35:21 - [TEST_STEP][PASSED] - group = line.indexOf("<Group>"): null

27-02-2025T17:35:21 - [TEST_STEP][PASSED] - println(group): null

27-02-2025T17:35:21 - [TEST_STEP][PASSED] - if (group >= 0): null

27-02-2025T17:35:21 - [TEST_STEP][PASSED] - else: null

27-02-2025T17:35:21 - [TEST_STEP][PASSED] - if (include): null

27-02-2025T17:35:21 - [TEST_STEP][PASSED] - line = reader.readLine(): null

27-02-2025T17:35:21 - [TEST_STEP][PASSED] - println(line): null

27-02-2025T17:35:21 - [TEST_STEP][PASSED] - group = line.indexOf("<Group>"): null

27-02-2025T17:35:21 - [TEST_STEP][PASSED] - println(group): null

27-02-2025T17:35:21 - [TEST_STEP][PASSED] - if (group >= 0): null

27-02-2025T17:35:21 - [TEST_STEP][PASSED] - else: null

27-02-2025T17:35:21 - [TEST_STEP][PASSED] - if (include): null

27-02-2025T17:35:21 - [TEST_STEP][PASSED] - line = reader.readLine(): null

27-02-2025T17:35:21 - [TEST_STEP][PASSED] - println(line): null

27-02-2025T17:35:21 - [TEST_STEP][PASSED] - group = line.indexOf("<Group>"): null

27-02-2025T17:35:21 - [TEST_STEP][PASSED] - println(group): null

27-02-2025T17:35:21 - [TEST_STEP][PASSED] - if (group >= 0): null

27-02-2025T17:35:21 - [TEST_STEP][PASSED] - else: null

27-02-2025T17:35:21 - [TEST_STEP][PASSED] - if (include): null

27-02-2025T17:35:21 - [TEST_STEP][PASSED] - line = reader.readLine(): null

27-02-2025T17:35:21 - [TEST_STEP][PASSED] - println(line): null

27-02-2025T17:35:21 - [TEST_STEP][PASSED] - group = line.indexOf("<Group>"): null

27-02-2025T17:35:21 - [TEST_STEP][PASSED] - println(group): null

27-02-2025T17:35:21 - [TEST_STEP][PASSED] - if (group >= 0): null

27-02-2025T17:35:21 - [TEST_STEP][PASSED] - else: null

27-02-2025T17:35:21 - [TEST_STEP][PASSED] - if (include): null

27-02-2025T17:35:21 - [TEST_STEP][PASSED] - line = reader.readLine(): null

27-02-2025T17:35:21 - [TEST_STEP][PASSED] - println(line): null

27-02-2025T17:35:21 - [TEST_STEP][PASSED] - group = line.indexOf("<Group>"): null

27-02-2025T17:35:21 - [TEST_STEP][PASSED] - println(group): null

27-02-2025T17:35:21 - [TEST_STEP][PASSED] - if (group >= 0): null

27-02-2025T17:35:21 - [TEST_STEP][PASSED] - else: null

27-02-2025T17:35:21 - [TEST_STEP][PASSED] - if (include): null

27-02-2025T17:35:21 - [TEST_STEP][PASSED] - line = reader.readLine(): null

27-02-2025T17:35:21 - [TEST_STEP][PASSED] - println(line): null

27-02-2025T17:35:21 - [TEST_STEP][PASSED] - group = line.indexOf("<Group>"): null

27-02-2025T17:35:21 - [TEST_STEP][PASSED] - println(group): null

27-02-2025T17:35:21 - [TEST_STEP][PASSED] - if (group >= 0): null

27-02-2025T17:35:21 - [TEST_STEP][PASSED] - else: null

27-02-2025T17:35:21 - [TEST_STEP][PASSED] - if (include): null

27-02-2025T17:35:21 - [TEST_STEP][PASSED] - line = reader.readLine(): null

27-02-2025T17:35:21 - [TEST_STEP][PASSED] - println(line): null

27-02-2025T17:35:21 - [TEST_STEP][PASSED] - group = line.indexOf("<Group>"): null

27-02-2025T17:35:21 - [TEST_STEP][PASSED] - println(group): null

27-02-2025T17:35:21 - [TEST_STEP][PASSED] - if (group >= 0): null

27-02-2025T17:35:21 - [TEST_STEP][PASSED] - else: null

27-02-2025T17:35:21 - [TEST_STEP][PASSED] - if (include): null

27-02-2025T17:35:21 - [TEST_STEP][PASSED] - line = reader.readLine(): null

27-02-2025T17:35:21 - [TEST_STEP][PASSED] - println(line): null

27-02-2025T17:35:21 - [TEST_STEP][PASSED] - group = line.indexOf("<Group>"): null

27-02-2025T17:35:21 - [TEST_STEP][PASSED] - println(group): null

27-02-2025T17:35:21 - [TEST_STEP][PASSED] - if (group >= 0): null

27-02-2025T17:35:21 - [TEST_STEP][PASSED] - else: null

27-02-2025T17:35:21 - [TEST_STEP][PASSED] - if (include): null

27-02-2025T17:35:21 - [TEST_STEP][PASSED] - line = reader.readLine(): null

27-02-2025T17:35:21 - [TEST_STEP][PASSED] - println(line): null

27-02-2025T17:35:21 - [TEST_STEP][PASSED] - group = line.indexOf("<Group>"): null

27-02-2025T17:35:21 - [TEST_STEP][PASSED] - println(group): null

27-02-2025T17:35:21 - [TEST_STEP][PASSED] - if (group >= 0): null

27-02-2025T17:35:21 - [TEST_STEP][PASSED] - else: null

27-02-2025T17:35:21 - [TEST_STEP][PASSED] - if (include): null

27-02-2025T17:35:21 - [TEST_STEP][PASSED] - line = reader.readLine(): null

27-02-2025T17:35:21 - [TEST_STEP][PASSED] - println(line): null

27-02-2025T17:35:21 - [TEST_STEP][PASSED] - group = line.indexOf("<Group>"): null

27-02-2025T17:35:21 - [TEST_STEP][PASSED] - println(group): null

27-02-2025T17:35:21 - [TEST_STEP][PASSED] - if (group >= 0): null

27-02-2025T17:35:21 - [TEST_STEP][PASSED] - else: null

27-02-2025T17:35:21 - [TEST_STEP][PASSED] - if (include): null

27-02-2025T17:35:21 - [TEST_STEP][PASSED] - line = reader.readLine(): null

27-02-2025T17:35:21 - [TEST_STEP][PASSED] - println(line): null

27-02-2025T17:35:21 - [TEST_STEP][PASSED] - group = line.indexOf("<Group>"): null

27-02-2025T17:35:21 - [TEST_STEP][PASSED] - println(group): null

27-02-2025T17:35:21 - [TEST_STEP][PASSED] - if (group >= 0): null

27-02-2025T17:35:21 - [TEST_STEP][PASSED] - else: null

27-02-2025T17:35:21 - [TEST_STEP][PASSED] - if (include): null

27-02-2025T17:35:21 - [TEST_STEP][PASSED] - line = reader.readLine(): null

27-02-2025T17:35:21 - [TEST_STEP][PASSED] - println(line): null

27-02-2025T17:35:21 - [TEST_STEP][PASSED] - group = line.indexOf("<Group>"): null

27-02-2025T17:35:21 - [TEST_STEP][PASSED] - println(group): null

27-02-2025T17:35:21 - [TEST_STEP][PASSED] - if (group >= 0): null

27-02-2025T17:35:21 - [TEST_STEP][PASSED] - else: null

27-02-2025T17:35:21 - [TEST_STEP][PASSED] - if (include): null

27-02-2025T17:35:21 - [TEST_STEP][PASSED] - line = reader.readLine(): null

27-02-2025T17:35:21 - [TEST_STEP][PASSED] - println(line): null

27-02-2025T17:35:21 - [TEST_STEP][PASSED] - group = line.indexOf("<Group>"): null

27-02-2025T17:35:21 - [TEST_STEP][PASSED] - println(group): null

27-02-2025T17:35:21 - [TEST_STEP][PASSED] - if (group >= 0): null

27-02-2025T17:35:21 - [TEST_STEP][PASSED] - else: null

27-02-2025T17:35:21 - [TEST_STEP][PASSED] - if (include): null

27-02-2025T17:35:21 - [TEST_STEP][PASSED] - line = reader.readLine(): null

27-02-2025T17:35:21 - [TEST_STEP][PASSED] - println(line): null

27-02-2025T17:35:21 - [TEST_STEP][PASSED] - group = line.indexOf("<Group>"): null

27-02-2025T17:35:21 - [TEST_STEP][PASSED] - println(group): null

27-02-2025T17:35:21 - [TEST_STEP][PASSED] - if (group >= 0): null

27-02-2025T17:35:21 - [TEST_STEP][PASSED] - else: null

27-02-2025T17:35:21 - [TEST_STEP][PASSED] - if (include): null

27-02-2025T17:35:21 - [TEST_STEP][PASSED] - line = reader.readLine(): null

27-02-2025T17:35:21 - [TEST_STEP][PASSED] - println(line): null

27-02-2025T17:35:21 - [TEST_STEP][PASSED] - group = line.indexOf("<Group>"): null

27-02-2025T17:35:21 - [TEST_STEP][PASSED] - println(group): null

27-02-2025T17:35:21 - [TEST_STEP][PASSED] - if (group >= 0): null

27-02-2025T17:35:21 - [TEST_STEP][PASSED] - else: null

27-02-2025T17:35:21 - [TEST_STEP][PASSED] - if (include): null

27-02-2025T17:35:21 - [TEST_STEP][PASSED] - line = reader.readLine(): null

27-02-2025T17:35:21 - [TEST_STEP][PASSED] - println(line): null

27-02-2025T17:35:21 - [TEST_STEP][PASSED] - group = line.indexOf("<Group>"): null

27-02-2025T17:35:21 - [TEST_STEP][PASSED] - println(group): null

27-02-2025T17:35:21 - [TEST_STEP][PASSED] - if (group >= 0): null

27-02-2025T17:35:21 - [TEST_STEP][PASSED] - else: null

27-02-2025T17:35:21 - [TEST_STEP][PASSED] - if (include): null

27-02-2025T17:35:21 - [TEST_STEP][PASSED] - line = reader.readLine(): null

27-02-2025T17:35:21 - [TEST_STEP][PASSED] - println(line): null

27-02-2025T17:35:21 - [TEST_STEP][PASSED] - group = line.indexOf("<Group>"): null

27-02-2025T17:35:21 - [TEST_STEP][PASSED] - println(group): null

27-02-2025T17:35:21 - [TEST_STEP][PASSED] - if (group >= 0): null

27-02-2025T17:35:21 - [TEST_STEP][PASSED] - else: null

27-02-2025T17:35:21 - [TEST_STEP][PASSED] - if (include): null

27-02-2025T17:35:21 - [TEST_STEP][PASSED] - line = reader.readLine(): null

27-02-2025T17:35:21 - [TEST_STEP][PASSED] - println(line): null

27-02-2025T17:35:21 - [TEST_STEP][PASSED] - group = line.indexOf("<Group>"): null

27-02-2025T17:35:21 - [TEST_STEP][PASSED] - println(group): null

27-02-2025T17:35:21 - [TEST_STEP][PASSED] - if (group >= 0): null

27-02-2025T17:35:21 - [TEST_STEP][PASSED] - else: null

27-02-2025T17:35:21 - [TEST_STEP][PASSED] - if (include): null

27-02-2025T17:35:21 - [TEST_STEP][PASSED] - line = reader.readLine(): null

27-02-2025T17:35:21 - [TEST_STEP][PASSED] - println(line): null

27-02-2025T17:35:21 - [TEST_STEP][PASSED] - group = line.indexOf("<Group>"): null

27-02-2025T17:35:21 - [TEST_STEP][PASSED] - println(group): null

27-02-2025T17:35:21 - [TEST_STEP][PASSED] - if (group >= 0): null

27-02-2025T17:35:21 - [TEST_STEP][PASSED] - else: null

27-02-2025T17:35:21 - [TEST_STEP][PASSED] - if (include): null

27-02-2025T17:35:21 - [TEST_STEP][PASSED] - line = reader.readLine(): null

27-02-2025T17:35:21 - [TEST_STEP][PASSED] - println(line): null

27-02-2025T17:35:21 - [TEST_STEP][PASSED] - group = line.indexOf("<Group>"): null

27-02-2025T17:35:21 - [TEST_STEP][PASSED] - println(group): null

27-02-2025T17:35:21 - [TEST_STEP][PASSED] - if (group >= 0): null

27-02-2025T17:35:21 - [TEST_STEP][PASSED] - else: null

27-02-2025T17:35:21 - [TEST_STEP][PASSED] - if (include): null

27-02-2025T17:35:21 - [TEST_STEP][PASSED] - line = reader.readLine(): null

27-02-2025T17:35:21 - [TEST_STEP][PASSED] - println(line): null

27-02-2025T17:35:21 - [TEST_STEP][PASSED] - group = line.indexOf("<Group>"): null

27-02-2025T17:35:21 - [TEST_STEP][PASSED] - println(group): null

27-02-2025T17:35:21 - [TEST_STEP][PASSED] - if (group >= 0): null

27-02-2025T17:35:21 - [TEST_STEP][PASSED] - else: null

27-02-2025T17:35:21 - [TEST_STEP][PASSED] - if (include): null

27-02-2025T17:35:21 - [TEST_STEP][PASSED] - line = reader.readLine(): null

27-02-2025T17:35:21 - [TEST_STEP][PASSED] - println(line): null

27-02-2025T17:35:21 - [TEST_STEP][PASSED] - group = line.indexOf("<Group>"): null

27-02-2025T17:35:21 - [TEST_STEP][PASSED] - println(group): null

27-02-2025T17:35:21 - [TEST_STEP][PASSED] - if (group >= 0): null

27-02-2025T17:35:21 - [TEST_STEP][PASSED] - else: null

27-02-2025T17:35:21 - [TEST_STEP][PASSED] - if (include): null

27-02-2025T17:35:21 - [TEST_STEP][PASSED] - line = reader.readLine(): null

27-02-2025T17:35:21 - [TEST_STEP][PASSED] - println(line): null

27-02-2025T17:35:21 - [TEST_STEP][PASSED] - group = line.indexOf("<Group>"): null

27-02-2025T17:35:21 - [TEST_STEP][PASSED] - println(group): null

27-02-2025T17:35:21 - [TEST_STEP][PASSED] - if (group >= 0): null

27-02-2025T17:35:21 - [TEST_STEP][PASSED] - else: null

27-02-2025T17:35:21 - [TEST_STEP][PASSED] - if (include): null

27-02-2025T17:35:21 - [TEST_STEP][PASSED] - line = reader.readLine(): null

27-02-2025T17:35:21 - [TEST_STEP][PASSED] - println(line): null

27-02-2025T17:35:21 - [TEST_STEP][PASSED] - group = line.indexOf("<Group>"): null

27-02-2025T17:35:21 - [TEST_STEP][PASSED] - println(group): null

27-02-2025T17:35:21 - [TEST_STEP][PASSED] - if (group >= 0): null

27-02-2025T17:35:21 - [TEST_STEP][PASSED] - else: null

27-02-2025T17:35:21 - [TEST_STEP][PASSED] - if (include): null

27-02-2025T17:35:21 - [TEST_STEP][PASSED] - line = reader.readLine(): null

27-02-2025T17:35:21 - [TEST_STEP][PASSED] - println(line): null

27-02-2025T17:35:21 - [TEST_STEP][PASSED] - group = line.indexOf("<Group>"): null

27-02-2025T17:35:21 - [TEST_STEP][PASSED] - println(group): null

27-02-2025T17:35:21 - [TEST_STEP][PASSED] - if (group >= 0): null

27-02-2025T17:35:21 - [TEST_STEP][PASSED] - else: null

27-02-2025T17:35:21 - [TEST_STEP][PASSED] - if (include): null

27-02-2025T17:35:21 - [TEST_STEP][PASSED] - line = reader.readLine(): null

27-02-2025T17:35:21 - [TEST_STEP][PASSED] - println(line): null

27-02-2025T17:35:21 - [TEST_STEP][PASSED] - group = line.indexOf("<Group>"): null

27-02-2025T17:35:21 - [TEST_STEP][PASSED] - println(group): null

27-02-2025T17:35:21 - [TEST_STEP][PASSED] - if (group >= 0): null

27-02-2025T17:35:21 - [TEST_STEP][PASSED] - else: null

27-02-2025T17:35:21 - [TEST_STEP][PASSED] - if (include): null

27-02-2025T17:35:21 - [TEST_STEP][PASSED] - line = reader.readLine(): null

27-02-2025T17:35:21 - [TEST_STEP][PASSED] - println(line): null

27-02-2025T17:35:21 - [TEST_STEP][PASSED] - group = line.indexOf("<Group>"): null

27-02-2025T17:35:21 - [TEST_STEP][PASSED] - println(group): null

27-02-2025T17:35:21 - [TEST_STEP][PASSED] - if (group >= 0): null

27-02-2025T17:35:21 - [TEST_STEP][PASSED] - else: null

27-02-2025T17:35:21 - [TEST_STEP][PASSED] - if (include): null

27-02-2025T17:35:21 - [TEST_STEP][PASSED] - line = reader.readLine(): null

27-02-2025T17:35:21 - [TEST_STEP][PASSED] - println(line): null

27-02-2025T17:35:21 - [TEST_STEP][PASSED] - group = line.indexOf("<Group>"): null

27-02-2025T17:35:21 - [TEST_STEP][PASSED] - println(group): null

27-02-2025T17:35:21 - [TEST_STEP][PASSED] - if (group >= 0): null

27-02-2025T17:35:21 - [TEST_STEP][PASSED] - else: null

27-02-2025T17:35:21 - [TEST_STEP][PASSED] - if (include): null

27-02-2025T17:35:21 - [TEST_STEP][PASSED] - line = reader.readLine(): null

27-02-2025T17:35:21 - [TEST_STEP][PASSED] - println(line): null

27-02-2025T17:35:21 - [TEST_STEP][PASSED] - group = line.indexOf("<Group>"): null

27-02-2025T17:35:21 - [TEST_STEP][PASSED] - println(group): null

27-02-2025T17:35:21 - [TEST_STEP][PASSED] - if (group >= 0): null

27-02-2025T17:35:21 - [TEST_STEP][PASSED] - else: null

27-02-2025T17:35:21 - [TEST_STEP][PASSED] - if (include): null

27-02-2025T17:35:21 - [TEST_STEP][PASSED] - line = reader.readLine(): null

27-02-2025T17:35:21 - [TEST_STEP][PASSED] - println(line): null

27-02-2025T17:35:21 - [TEST_STEP][PASSED] - group = line.indexOf("<Group>"): null

27-02-2025T17:35:21 - [TEST_STEP][PASSED] - println(group): null

27-02-2025T17:35:21 - [TEST_STEP][PASSED] - if (group >= 0): null

27-02-2025T17:35:21 - [TEST_STEP][PASSED] - else: null

27-02-2025T17:35:21 - [TEST_STEP][PASSED] - if (include): null

27-02-2025T17:35:21 - [TEST_STEP][PASSED] - line = reader.readLine(): null

27-02-2025T17:35:21 - [TEST_STEP][PASSED] - println(line): null

27-02-2025T17:35:21 - [TEST_STEP][PASSED] - group = line.indexOf("<Group>"): null

27-02-2025T17:35:21 - [TEST_STEP][PASSED] - println(group): null

27-02-2025T17:35:21 - [TEST_STEP][PASSED] - if (group >= 0): null

27-02-2025T17:35:21 - [TEST_STEP][PASSED] - else: null

27-02-2025T17:35:21 - [TEST_STEP][PASSED] - if (include): null

27-02-2025T17:35:21 - [TEST_STEP][PASSED] - line = reader.readLine(): null

27-02-2025T17:35:21 - [TEST_STEP][PASSED] - println(line): null

27-02-2025T17:35:21 - [TEST_STEP][PASSED] - group = line.indexOf("<Group>"): null

27-02-2025T17:35:21 - [TEST_STEP][PASSED] - println(group): null

27-02-2025T17:35:21 - [TEST_STEP][PASSED] - if (group >= 0): null

27-02-2025T17:35:21 - [TEST_STEP][PASSED] - else: null

27-02-2025T17:35:21 - [TEST_STEP][PASSED] - if (include): null

27-02-2025T17:35:21 - [TEST_STEP][PASSED] - line = reader.readLine(): null

27-02-2025T17:35:21 - [TEST_STEP][PASSED] - println(line): null

27-02-2025T17:35:21 - [TEST_STEP][PASSED] - group = line.indexOf("<Group>"): null

27-02-2025T17:35:21 - [TEST_STEP][PASSED] - println(group): null

27-02-2025T17:35:21 - [TEST_STEP][PASSED] - if (group >= 0): null

27-02-2025T17:35:21 - [TEST_STEP][PASSED] - else: null

27-02-2025T17:35:21 - [TEST_STEP][PASSED] - if (include): null

27-02-2025T17:35:21 - [TEST_STEP][PASSED] - line = reader.readLine(): null

27-02-2025T17:35:21 - [TEST_STEP][PASSED] - println(line): null

27-02-2025T17:35:21 - [TEST_STEP][PASSED] - group = line.indexOf("<Group>"): null

27-02-2025T17:35:21 - [TEST_STEP][PASSED] - println(group): null

27-02-2025T17:35:21 - [TEST_STEP][PASSED] - if (group >= 0): null

27-02-2025T17:35:21 - [TEST_STEP][PASSED] - else: null

27-02-2025T17:35:21 - [TEST_STEP][PASSED] - if (include): null

27-02-2025T17:35:21 - [TEST_STEP][PASSED] - line = reader.readLine(): null

27-02-2025T17:35:21 - [TEST_STEP][PASSED] - println(line): null

27-02-2025T17:35:21 - [TEST_STEP][PASSED] - group = line.indexOf("<Group>"): null

27-02-2025T17:35:21 - [TEST_STEP][PASSED] - println(group): null

27-02-2025T17:35:21 - [TEST_STEP][PASSED] - if (group >= 0): null

27-02-2025T17:35:21 - [TEST_STEP][PASSED] - else: null

27-02-2025T17:35:21 - [TEST_STEP][PASSED] - if (include): null

27-02-2025T17:35:21 - [TEST_STEP][PASSED] - line = reader.readLine(): null

27-02-2025T17:35:21 - [TEST_STEP][PASSED] - println(line): null

27-02-2025T17:35:21 - [TEST_STEP][PASSED] - group = line.indexOf("<Group>"): null

27-02-2025T17:35:21 - [TEST_STEP][PASSED] - println(group): null

27-02-2025T17:35:21 - [TEST_STEP][PASSED] - if (group >= 0): null

27-02-2025T17:35:21 - [TEST_STEP][PASSED] - else: null

27-02-2025T17:35:21 - [TEST_STEP][PASSED] - if (include): null

27-02-2025T17:35:21 - [TEST_STEP][PASSED] - line = reader.readLine(): null

27-02-2025T17:35:21 - [TEST_STEP][PASSED] - frame.dispose(): null

27-02-2025T17:35:21 - [TEST_STEP][PASSED] - reader.close(): null

27-02-2025T17:35:21 - [TEST_STEP][PASSED] - println(checked): null

27-02-2025T17:35:21 - [TEST_STEP][PASSED] - return checked: null

27-02-2025T17:35:21 - [MESSAGE][PASSED] - Call Test Case 'Test Cases/_Functions/Get Selections from CSV File' successfully

27-02-2025T17:35:21 - [TEST_STEP][PASSED] - positions = callTestCase(findTestCase("_Functions/Get Selections from CSV File"), ["varFileName":"Journey Candidate Forms/Your Ministry Prefs.csv", "varSelections":"Preferred Position(s)"], STOP_ON_FAILURE): Call Test Case 'Test Cases/_Functions/Get Selections from CSV File' successfully

27-02-2025T17:35:21 - [TEST_CASE][PASSED] - Test Cases/_Functions/Get Selections from CSV File: Test Cases/_Functions/Get Selections from CSV File

27-02-2025T17:35:21 - [TEST_STEP][PASSED] - if (fastPath): null

27-02-2025T17:35:21 - [TEST_STEP][PASSED] - reader = <not implemented yet for class: org.codehaus.groovy.ast.expr.EmptyExpression>: null

27-02-2025T17:35:21 - [TEST_STEP][PASSED] - checked = []: null

27-02-2025T17:35:21 - [TEST_STEP][PASSED] - reader = new java.io.BufferedReader(new java.io.FileReader((/Users/cckozie/git/MissionNext-Katalon-Koz/Data Files/ + varFileName))): null

27-02-2025T17:35:21 - [TEST_STEP][PASSED] - line = reader.readLine(): null

27-02-2025T17:35:21 - [TEST_STEP][PASSED] - include = false: null

27-02-2025T17:35:21 - [TEST_STEP][PASSED] - frame = new javax.swing.JFrame(): null

27-02-2025T17:35:21 - [TEST_STEP][PASSED] - p = new javax.swing.JPanel(): null

27-02-2025T17:35:21 - [TEST_STEP][PASSED] - l = new javax.swing.JLabel(Loading selections from file..., javax.swing.SwingConstants.CENTER): null

27-02-2025T17:35:21 - [TEST_STEP][PASSED] - frame.add(l): null

27-02-2025T17:35:21 - [TEST_STEP][PASSED] - frame.setSize(300, 100): null

27-02-2025T17:35:21 - [TEST_STEP][PASSED] - frame.setLocation(600, 0): null

27-02-2025T17:35:21 - [TEST_STEP][PASSED] - frame.setAlwaysOnTop(true): null

27-02-2025T17:35:21 - [TEST_STEP][PASSED] - frame.show(): null

27-02-2025T17:35:21 - [TEST_STEP][PASSED] - while (line != null): null

27-02-2025T17:35:21 - [TEST_STEP][PASSED] - println(line): null

27-02-2025T17:35:21 - [TEST_STEP][PASSED] - group = line.indexOf("<Group>"): null

27-02-2025T17:35:21 - [TEST_STEP][PASSED] - println(group): null

27-02-2025T17:35:21 - [TEST_STEP][PASSED] - if (group >= 0): null

27-02-2025T17:35:21 - [TEST_STEP][PASSED] - selections = line.substring(group + 7, line.length() - 1): null

27-02-2025T17:35:21 - [TEST_STEP][PASSED] - println(selections): null

27-02-2025T17:35:21 - [TEST_STEP][PASSED] - if (selections == varSelections): null

27-02-2025T17:35:21 - [TEST_STEP][PASSED] - else: null

27-02-2025T17:35:21 - [TEST_STEP][PASSED] - include = false: null

27-02-2025T17:35:21 - [TEST_STEP][PASSED] - line = reader.readLine(): null

27-02-2025T17:35:21 - [TEST_STEP][PASSED] - println(line): null

27-02-2025T17:35:21 - [TEST_STEP][PASSED] - group = line.indexOf("<Group>"): null

27-02-2025T17:35:21 - [TEST_STEP][PASSED] - println(group): null

27-02-2025T17:35:21 - [TEST_STEP][PASSED] - if (group >= 0): null

27-02-2025T17:35:21 - [TEST_STEP][PASSED] - else: null

27-02-2025T17:35:21 - [TEST_STEP][PASSED] - if (include): null

27-02-2025T17:35:21 - [TEST_STEP][PASSED] - line = reader.readLine(): null

27-02-2025T17:35:21 - [TEST_STEP][PASSED] - println(line): null

27-02-2025T17:35:21 - [TEST_STEP][PASSED] - group = line.indexOf("<Group>"): null

27-02-2025T17:35:21 - [TEST_STEP][PASSED] - println(group): null

27-02-2025T17:35:21 - [TEST_STEP][PASSED] - if (group >= 0): null

27-02-2025T17:35:21 - [TEST_STEP][PASSED] - else: null

27-02-2025T17:35:21 - [TEST_STEP][PASSED] - if (include): null

27-02-2025T17:35:21 - [TEST_STEP][PASSED] - line = reader.readLine(): null

27-02-2025T17:35:21 - [TEST_STEP][PASSED] - println(line): null

27-02-2025T17:35:21 - [TEST_STEP][PASSED] - group = line.indexOf("<Group>"): null

27-02-2025T17:35:21 - [TEST_STEP][PASSED] - println(group): null

27-02-2025T17:35:21 - [TEST_STEP][PASSED] - if (group >= 0): null

27-02-2025T17:35:21 - [TEST_STEP][PASSED] - else: null

27-02-2025T17:35:21 - [TEST_STEP][PASSED] - if (include): null

27-02-2025T17:35:21 - [TEST_STEP][PASSED] - line = reader.readLine(): null

27-02-2025T17:35:21 - [TEST_STEP][PASSED] - println(line): null

27-02-2025T17:35:21 - [TEST_STEP][PASSED] - group = line.indexOf("<Group>"): null

27-02-2025T17:35:21 - [TEST_STEP][PASSED] - println(group): null

27-02-2025T17:35:21 - [TEST_STEP][PASSED] - if (group >= 0): null

27-02-2025T17:35:21 - [TEST_STEP][PASSED] - else: null

27-02-2025T17:35:21 - [TEST_STEP][PASSED] - if (include): null

27-02-2025T17:35:21 - [TEST_STEP][PASSED] - line = reader.readLine(): null

27-02-2025T17:35:21 - [TEST_STEP][PASSED] - println(line): null

27-02-2025T17:35:21 - [TEST_STEP][PASSED] - group = line.indexOf("<Group>"): null

27-02-2025T17:35:21 - [TEST_STEP][PASSED] - println(group): null

27-02-2025T17:35:21 - [TEST_STEP][PASSED] - if (group >= 0): null

27-02-2025T17:35:21 - [TEST_STEP][PASSED] - else: null

27-02-2025T17:35:21 - [TEST_STEP][PASSED] - if (include): null

27-02-2025T17:35:21 - [TEST_STEP][PASSED] - line = reader.readLine(): null

27-02-2025T17:35:21 - [TEST_STEP][PASSED] - println(line): null

27-02-2025T17:35:21 - [TEST_STEP][PASSED] - group = line.indexOf("<Group>"): null

27-02-2025T17:35:21 - [TEST_STEP][PASSED] - println(group): null

27-02-2025T17:35:21 - [TEST_STEP][PASSED] - if (group >= 0): null

27-02-2025T17:35:21 - [TEST_STEP][PASSED] - else: null

27-02-2025T17:35:21 - [TEST_STEP][PASSED] - if (include): null

27-02-2025T17:35:21 - [TEST_STEP][PASSED] - line = reader.readLine(): null

27-02-2025T17:35:21 - [TEST_STEP][PASSED] - println(line): null

27-02-2025T17:35:21 - [TEST_STEP][PASSED] - group = line.indexOf("<Group>"): null

27-02-2025T17:35:21 - [TEST_STEP][PASSED] - println(group): null

27-02-2025T17:35:21 - [TEST_STEP][PASSED] - if (group >= 0): null

27-02-2025T17:35:21 - [TEST_STEP][PASSED] - else: null

27-02-2025T17:35:21 - [TEST_STEP][PASSED] - if (include): null

27-02-2025T17:35:21 - [TEST_STEP][PASSED] - line = reader.readLine(): null

27-02-2025T17:35:21 - [TEST_STEP][PASSED] - println(line): null

27-02-2025T17:35:21 - [TEST_STEP][PASSED] - group = line.indexOf("<Group>"): null

27-02-2025T17:35:21 - [TEST_STEP][PASSED] - println(group): null

27-02-2025T17:35:21 - [TEST_STEP][PASSED] - if (group >= 0): null

27-02-2025T17:35:21 - [TEST_STEP][PASSED] - else: null

27-02-2025T17:35:21 - [TEST_STEP][PASSED] - if (include): null

27-02-2025T17:35:21 - [TEST_STEP][PASSED] - line = reader.readLine(): null

27-02-2025T17:35:21 - [TEST_STEP][PASSED] - println(line): null

27-02-2025T17:35:21 - [TEST_STEP][PASSED] - group = line.indexOf("<Group>"): null

27-02-2025T17:35:21 - [TEST_STEP][PASSED] - println(group): null

27-02-2025T17:35:21 - [TEST_STEP][PASSED] - if (group >= 0): null

27-02-2025T17:35:21 - [TEST_STEP][PASSED] - else: null

27-02-2025T17:35:21 - [TEST_STEP][PASSED] - if (include): null

27-02-2025T17:35:21 - [TEST_STEP][PASSED] - line = reader.readLine(): null

27-02-2025T17:35:21 - [TEST_STEP][PASSED] - println(line): null

27-02-2025T17:35:21 - [TEST_STEP][PASSED] - group = line.indexOf("<Group>"): null

27-02-2025T17:35:21 - [TEST_STEP][PASSED] - println(group): null

27-02-2025T17:35:21 - [TEST_STEP][PASSED] - if (group >= 0): null

27-02-2025T17:35:21 - [TEST_STEP][PASSED] - else: null

27-02-2025T17:35:21 - [TEST_STEP][PASSED] - if (include): null

27-02-2025T17:35:21 - [TEST_STEP][PASSED] - line = reader.readLine(): null

27-02-2025T17:35:21 - [TEST_STEP][PASSED] - println(line): null

27-02-2025T17:35:21 - [TEST_STEP][PASSED] - group = line.indexOf("<Group>"): null

27-02-2025T17:35:21 - [TEST_STEP][PASSED] - println(group): null

27-02-2025T17:35:21 - [TEST_STEP][PASSED] - if (group >= 0): null

27-02-2025T17:35:21 - [TEST_STEP][PASSED] - else: null

27-02-2025T17:35:21 - [TEST_STEP][PASSED] - if (include): null

27-02-2025T17:35:21 - [TEST_STEP][PASSED] - line = reader.readLine(): null

27-02-2025T17:35:21 - [TEST_STEP][PASSED] - println(line): null

27-02-2025T17:35:21 - [TEST_STEP][PASSED] - group = line.indexOf("<Group>"): null

27-02-2025T17:35:21 - [TEST_STEP][PASSED] - println(group): null

27-02-2025T17:35:21 - [TEST_STEP][PASSED] - if (group >= 0): null

27-02-2025T17:35:21 - [TEST_STEP][PASSED] - else: null

27-02-2025T17:35:21 - [TEST_STEP][PASSED] - if (include): null

27-02-2025T17:35:21 - [TEST_STEP][PASSED] - line = reader.readLine(): null

27-02-2025T17:35:21 - [TEST_STEP][PASSED] - println(line): null

27-02-2025T17:35:21 - [TEST_STEP][PASSED] - group = line.indexOf("<Group>"): null

27-02-2025T17:35:21 - [TEST_STEP][PASSED] - println(group): null

27-02-2025T17:35:21 - [TEST_STEP][PASSED] - if (group >= 0): null

27-02-2025T17:35:21 - [TEST_STEP][PASSED] - else: null

27-02-2025T17:35:21 - [TEST_STEP][PASSED] - if (include): null

27-02-2025T17:35:21 - [TEST_STEP][PASSED] - line = reader.readLine(): null

27-02-2025T17:35:21 - [TEST_STEP][PASSED] - println(line): null

27-02-2025T17:35:21 - [TEST_STEP][PASSED] - group = line.indexOf("<Group>"): null

27-02-2025T17:35:21 - [TEST_STEP][PASSED] - println(group): null

27-02-2025T17:35:21 - [TEST_STEP][PASSED] - if (group >= 0): null

27-02-2025T17:35:21 - [TEST_STEP][PASSED] - else: null

27-02-2025T17:35:21 - [TEST_STEP][PASSED] - if (include): null

27-02-2025T17:35:21 - [TEST_STEP][PASSED] - line = reader.readLine(): null

27-02-2025T17:35:21 - [TEST_STEP][PASSED] - println(line): null

27-02-2025T17:35:21 - [TEST_STEP][PASSED] - group = line.indexOf("<Group>"): null

27-02-2025T17:35:21 - [TEST_STEP][PASSED] - println(group): null

27-02-2025T17:35:21 - [TEST_STEP][PASSED] - if (group >= 0): null

27-02-2025T17:35:21 - [TEST_STEP][PASSED] - else: null

27-02-2025T17:35:21 - [TEST_STEP][PASSED] - if (include): null

27-02-2025T17:35:21 - [TEST_STEP][PASSED] - line = reader.readLine(): null

27-02-2025T17:35:21 - [TEST_STEP][PASSED] - println(line): null

27-02-2025T17:35:21 - [TEST_STEP][PASSED] - group = line.indexOf("<Group>"): null

27-02-2025T17:35:21 - [TEST_STEP][PASSED] - println(group): null

27-02-2025T17:35:21 - [TEST_STEP][PASSED] - if (group >= 0): null

27-02-2025T17:35:21 - [TEST_STEP][PASSED] - else: null

27-02-2025T17:35:21 - [TEST_STEP][PASSED] - if (include): null

27-02-2025T17:35:21 - [TEST_STEP][PASSED] - line = reader.readLine(): null

27-02-2025T17:35:21 - [TEST_STEP][PASSED] - println(line): null

27-02-2025T17:35:21 - [TEST_STEP][PASSED] - group = line.indexOf("<Group>"): null

27-02-2025T17:35:21 - [TEST_STEP][PASSED] - println(group): null

27-02-2025T17:35:21 - [TEST_STEP][PASSED] - if (group >= 0): null

27-02-2025T17:35:21 - [TEST_STEP][PASSED] - else: null

27-02-2025T17:35:21 - [TEST_STEP][PASSED] - if (include): null

27-02-2025T17:35:21 - [TEST_STEP][PASSED] - line = reader.readLine(): null

27-02-2025T17:35:21 - [TEST_STEP][PASSED] - println(line): null

27-02-2025T17:35:21 - [TEST_STEP][PASSED] - group = line.indexOf("<Group>"): null

27-02-2025T17:35:21 - [TEST_STEP][PASSED] - println(group): null

27-02-2025T17:35:21 - [TEST_STEP][PASSED] - if (group >= 0): null

27-02-2025T17:35:21 - [TEST_STEP][PASSED] - else: null

27-02-2025T17:35:21 - [TEST_STEP][PASSED] - if (include): null

27-02-2025T17:35:21 - [TEST_STEP][PASSED] - line = reader.readLine(): null

27-02-2025T17:35:21 - [TEST_STEP][PASSED] - println(line): null

27-02-2025T17:35:21 - [TEST_STEP][PASSED] - group = line.indexOf("<Group>"): null

27-02-2025T17:35:21 - [TEST_STEP][PASSED] - println(group): null

27-02-2025T17:35:21 - [TEST_STEP][PASSED] - if (group >= 0): null

27-02-2025T17:35:21 - [TEST_STEP][PASSED] - else: null

27-02-2025T17:35:21 - [TEST_STEP][PASSED] - if (include): null

27-02-2025T17:35:21 - [TEST_STEP][PASSED] - line = reader.readLine(): null

27-02-2025T17:35:21 - [TEST_STEP][PASSED] - println(line): null

27-02-2025T17:35:21 - [TEST_STEP][PASSED] - group = line.indexOf("<Group>"): null

27-02-2025T17:35:21 - [TEST_STEP][PASSED] - println(group): null

27-02-2025T17:35:21 - [TEST_STEP][PASSED] - if (group >= 0): null

27-02-2025T17:35:21 - [TEST_STEP][PASSED] - selections = line.substring(group + 7, line.length() - 1): null

27-02-2025T17:35:21 - [TEST_STEP][PASSED] - println(selections): null

27-02-2025T17:35:21 - [TEST_STEP][PASSED] - if (selections == varSelections): null

27-02-2025T17:35:21 - [TEST_STEP][PASSED] - include = true: null

27-02-2025T17:35:21 - [TEST_STEP][PASSED] - line = reader.readLine(): null

27-02-2025T17:35:21 - [TEST_STEP][PASSED] - println(line): null

27-02-2025T17:35:21 - [TEST_STEP][PASSED] - group = line.indexOf("<Group>"): null

27-02-2025T17:35:21 - [TEST_STEP][PASSED] - println(group): null

27-02-2025T17:35:21 - [TEST_STEP][PASSED] - if (group >= 0): null

27-02-2025T17:35:21 - [TEST_STEP][PASSED] - else: null

27-02-2025T17:35:21 - [TEST_STEP][PASSED] - if (include): null

27-02-2025T17:35:21 - [TEST_STEP][PASSED] - println(line): null

27-02-2025T17:35:21 - [TEST_STEP][PASSED] - comma = line.indexOf(",y"): null

27-02-2025T17:35:21 - [TEST_STEP][PASSED] - if (comma > 0): null

27-02-2025T17:35:21 - [TEST_STEP][PASSED] - line = reader.readLine(): null

27-02-2025T17:35:21 - [TEST_STEP][PASSED] - println(line): null

27-02-2025T17:35:21 - [TEST_STEP][PASSED] - group = line.indexOf("<Group>"): null

27-02-2025T17:35:21 - [TEST_STEP][PASSED] - println(group): null

27-02-2025T17:35:21 - [TEST_STEP][PASSED] - if (group >= 0): null

27-02-2025T17:35:21 - [TEST_STEP][PASSED] - else: null

27-02-2025T17:35:21 - [TEST_STEP][PASSED] - if (include): null

27-02-2025T17:35:21 - [TEST_STEP][PASSED] - println(line): null

27-02-2025T17:35:21 - [TEST_STEP][PASSED] - comma = line.indexOf(",y"): null

27-02-2025T17:35:21 - [TEST_STEP][PASSED] - if (comma > 0): null

27-02-2025T17:35:21 - [TEST_STEP][PASSED] - line = reader.readLine(): null

27-02-2025T17:35:21 - [TEST_STEP][PASSED] - println(line): null

27-02-2025T17:35:21 - [TEST_STEP][PASSED] - group = line.indexOf("<Group>"): null

27-02-2025T17:35:21 - [TEST_STEP][PASSED] - println(group): null

27-02-2025T17:35:21 - [TEST_STEP][PASSED] - if (group >= 0): null

27-02-2025T17:35:21 - [TEST_STEP][PASSED] - else: null

27-02-2025T17:35:21 - [TEST_STEP][PASSED] - if (include): null

27-02-2025T17:35:21 - [TEST_STEP][PASSED] - println(line): null

27-02-2025T17:35:21 - [TEST_STEP][PASSED] - comma = line.indexOf(",y"): null

27-02-2025T17:35:21 - [TEST_STEP][PASSED] - if (comma > 0): null

27-02-2025T17:35:21 - [TEST_STEP][PASSED] - line = reader.readLine(): null

27-02-2025T17:35:21 - [TEST_STEP][PASSED] - println(line): null

27-02-2025T17:35:21 - [TEST_STEP][PASSED] - group = line.indexOf("<Group>"): null

27-02-2025T17:35:21 - [TEST_STEP][PASSED] - println(group): null

27-02-2025T17:35:21 - [TEST_STEP][PASSED] - if (group >= 0): null

27-02-2025T17:35:21 - [TEST_STEP][PASSED] - else: null

27-02-2025T17:35:21 - [TEST_STEP][PASSED] - if (include): null

27-02-2025T17:35:21 - [TEST_STEP][PASSED] - println(line): null

27-02-2025T17:35:21 - [TEST_STEP][PASSED] - comma = line.indexOf(",y"): null

27-02-2025T17:35:21 - [TEST_STEP][PASSED] - if (comma > 0): null

27-02-2025T17:35:21 - [TEST_STEP][PASSED] - line = reader.readLine(): null

27-02-2025T17:35:21 - [TEST_STEP][PASSED] - println(line): null

27-02-2025T17:35:21 - [TEST_STEP][PASSED] - group = line.indexOf("<Group>"): null

27-02-2025T17:35:21 - [TEST_STEP][PASSED] - println(group): null

27-02-2025T17:35:21 - [TEST_STEP][PASSED] - if (group >= 0): null

27-02-2025T17:35:21 - [TEST_STEP][PASSED] - else: null

27-02-2025T17:35:21 - [TEST_STEP][PASSED] - if (include): null

27-02-2025T17:35:21 - [TEST_STEP][PASSED] - println(line): null

27-02-2025T17:35:21 - [TEST_STEP][PASSED] - comma = line.indexOf(",y"): null

27-02-2025T17:35:21 - [TEST_STEP][PASSED] - if (comma > 0): null

27-02-2025T17:35:21 - [TEST_STEP][PASSED] - line = reader.readLine(): null

27-02-2025T17:35:21 - [TEST_STEP][PASSED] - println(line): null

27-02-2025T17:35:21 - [TEST_STEP][PASSED] - group = line.indexOf("<Group>"): null

27-02-2025T17:35:21 - [TEST_STEP][PASSED] - println(group): null

27-02-2025T17:35:21 - [TEST_STEP][PASSED] - if (group >= 0): null

27-02-2025T17:35:21 - [TEST_STEP][PASSED] - else: null

27-02-2025T17:35:21 - [TEST_STEP][PASSED] - if (include): null

27-02-2025T17:35:21 - [TEST_STEP][PASSED] - println(line): null

27-02-2025T17:35:21 - [TEST_STEP][PASSED] - comma = line.indexOf(",y"): null

27-02-2025T17:35:21 - [TEST_STEP][PASSED] - if (comma > 0): null

27-02-2025T17:35:21 - [TEST_STEP][PASSED] - line = reader.readLine(): null

27-02-2025T17:35:21 - [TEST_STEP][PASSED] - println(line): null

27-02-2025T17:35:21 - [TEST_STEP][PASSED] - group = line.indexOf("<Group>"): null

27-02-2025T17:35:21 - [TEST_STEP][PASSED] - println(group): null

27-02-2025T17:35:21 - [TEST_STEP][PASSED] - if (group >= 0): null

27-02-2025T17:35:21 - [TEST_STEP][PASSED] - else: null

27-02-2025T17:35:21 - [TEST_STEP][PASSED] - if (include): null

27-02-2025T17:35:21 - [TEST_STEP][PASSED] - println(line): null

27-02-2025T17:35:21 - [TEST_STEP][PASSED] - comma = line.indexOf(",y"): null

27-02-2025T17:35:21 - [TEST_STEP][PASSED] - if (comma > 0): null

27-02-2025T17:35:21 - [TEST_STEP][PASSED] - line = reader.readLine(): null

27-02-2025T17:35:21 - [TEST_STEP][PASSED] - println(line): null

27-02-2025T17:35:21 - [TEST_STEP][PASSED] - group = line.indexOf("<Group>"): null

27-02-2025T17:35:21 - [TEST_STEP][PASSED] - println(group): null

27-02-2025T17:35:21 - [TEST_STEP][PASSED] - if (group >= 0): null

27-02-2025T17:35:21 - [TEST_STEP][PASSED] - else: null

27-02-2025T17:35:21 - [TEST_STEP][PASSED] - if (include): null

27-02-2025T17:35:21 - [TEST_STEP][PASSED] - println(line): null

27-02-2025T17:35:21 - [TEST_STEP][PASSED] - comma = line.indexOf(",y"): null

27-02-2025T17:35:21 - [TEST_STEP][PASSED] - if (comma > 0): null

27-02-2025T17:35:21 - [TEST_STEP][PASSED] - commaCount = StringUtils.countMatches(line, ","): null

27-02-2025T17:35:21 - [TEST_STEP][PASSED] - if (commaCount > 1): null

27-02-2025T17:35:21 - [TEST_STEP][PASSED] - else: null

27-02-2025T17:35:21 - [TEST_STEP][PASSED] - label = line.substring(1, comma): null

27-02-2025T17:35:21 - [TEST_STEP][PASSED] - println(label): null

27-02-2025T17:35:21 - [TEST_STEP][PASSED] - checked.add(label): null

27-02-2025T17:35:21 - [TEST_STEP][PASSED] - line = reader.readLine(): null

27-02-2025T17:35:21 - [TEST_STEP][PASSED] - println(line): null

27-02-2025T17:35:21 - [TEST_STEP][PASSED] - group = line.indexOf("<Group>"): null

27-02-2025T17:35:21 - [TEST_STEP][PASSED] - println(group): null

27-02-2025T17:35:21 - [TEST_STEP][PASSED] - if (group >= 0): null

27-02-2025T17:35:21 - [TEST_STEP][PASSED] - else: null

27-02-2025T17:35:21 - [TEST_STEP][PASSED] - if (include): null

27-02-2025T17:35:21 - [TEST_STEP][PASSED] - println(line): null

27-02-2025T17:35:21 - [TEST_STEP][PASSED] - comma = line.indexOf(",y"): null

27-02-2025T17:35:21 - [TEST_STEP][PASSED] - if (comma > 0): null

27-02-2025T17:35:21 - [TEST_STEP][PASSED] - line = reader.readLine(): null

27-02-2025T17:35:21 - [TEST_STEP][PASSED] - println(line): null

27-02-2025T17:35:21 - [TEST_STEP][PASSED] - group = line.indexOf("<Group>"): null

27-02-2025T17:35:21 - [TEST_STEP][PASSED] - println(group): null

27-02-2025T17:35:21 - [TEST_STEP][PASSED] - if (group >= 0): null

27-02-2025T17:35:21 - [TEST_STEP][PASSED] - else: null

27-02-2025T17:35:21 - [TEST_STEP][PASSED] - if (include): null

27-02-2025T17:35:21 - [TEST_STEP][PASSED] - println(line): null

27-02-2025T17:35:21 - [TEST_STEP][PASSED] - comma = line.indexOf(",y"): null

27-02-2025T17:35:21 - [TEST_STEP][PASSED] - if (comma > 0): null

27-02-2025T17:35:21 - [TEST_STEP][PASSED] - commaCount = StringUtils.countMatches(line, ","): null

27-02-2025T17:35:21 - [TEST_STEP][PASSED] - if (commaCount > 1): null

27-02-2025T17:35:21 - [TEST_STEP][PASSED] - else: null

27-02-2025T17:35:21 - [TEST_STEP][PASSED] - label = line.substring(1, comma): null

27-02-2025T17:35:21 - [TEST_STEP][PASSED] - println(label): null

27-02-2025T17:35:21 - [TEST_STEP][PASSED] - checked.add(label): null

27-02-2025T17:35:21 - [TEST_STEP][PASSED] - line = reader.readLine(): null

27-02-2025T17:35:21 - [TEST_STEP][PASSED] - println(line): null

27-02-2025T17:35:21 - [TEST_STEP][PASSED] - group = line.indexOf("<Group>"): null

27-02-2025T17:35:21 - [TEST_STEP][PASSED] - println(group): null

27-02-2025T17:35:21 - [TEST_STEP][PASSED] - if (group >= 0): null

27-02-2025T17:35:21 - [TEST_STEP][PASSED] - else: null

27-02-2025T17:35:21 - [TEST_STEP][PASSED] - if (include): null

27-02-2025T17:35:21 - [TEST_STEP][PASSED] - println(line): null

27-02-2025T17:35:21 - [TEST_STEP][PASSED] - comma = line.indexOf(",y"): null

27-02-2025T17:35:21 - [TEST_STEP][PASSED] - if (comma > 0): null

27-02-2025T17:35:21 - [TEST_STEP][PASSED] - line = reader.readLine(): null

27-02-2025T17:35:21 - [TEST_STEP][PASSED] - println(line): null

27-02-2025T17:35:21 - [TEST_STEP][PASSED] - group = line.indexOf("<Group>"): null

27-02-2025T17:35:21 - [TEST_STEP][PASSED] - println(group): null

27-02-2025T17:35:21 - [TEST_STEP][PASSED] - if (group >= 0): null

27-02-2025T17:35:21 - [TEST_STEP][PASSED] - else: null

27-02-2025T17:35:21 - [TEST_STEP][PASSED] - if (include): null

27-02-2025T17:35:21 - [TEST_STEP][PASSED] - println(line): null

27-02-2025T17:35:21 - [TEST_STEP][PASSED] - comma = line.indexOf(",y"): null

27-02-2025T17:35:21 - [TEST_STEP][PASSED] - if (comma > 0): null

27-02-2025T17:35:21 - [TEST_STEP][PASSED] - line = reader.readLine(): null

27-02-2025T17:35:22 - [TEST_STEP][PASSED] - println(line): null

27-02-2025T17:35:22 - [TEST_STEP][PASSED] - group = line.indexOf("<Group>"): null

27-02-2025T17:35:22 - [TEST_STEP][PASSED] - println(group): null

27-02-2025T17:35:22 - [TEST_STEP][PASSED] - if (group >= 0): null

27-02-2025T17:35:22 - [TEST_STEP][PASSED] - else: null

27-02-2025T17:35:22 - [TEST_STEP][PASSED] - if (include): null

27-02-2025T17:35:22 - [TEST_STEP][PASSED] - println(line): null

27-02-2025T17:35:22 - [TEST_STEP][PASSED] - comma = line.indexOf(",y"): null

27-02-2025T17:35:22 - [TEST_STEP][PASSED] - if (comma > 0): null

27-02-2025T17:35:22 - [TEST_STEP][PASSED] - line = reader.readLine(): null

27-02-2025T17:35:22 - [TEST_STEP][PASSED] - println(line): null

27-02-2025T17:35:22 - [TEST_STEP][PASSED] - group = line.indexOf("<Group>"): null

27-02-2025T17:35:22 - [TEST_STEP][PASSED] - println(group): null

27-02-2025T17:35:22 - [TEST_STEP][PASSED] - if (group >= 0): null

27-02-2025T17:35:22 - [TEST_STEP][PASSED] - else: null

27-02-2025T17:35:22 - [TEST_STEP][PASSED] - if (include): null

27-02-2025T17:35:22 - [TEST_STEP][PASSED] - println(line): null

27-02-2025T17:35:22 - [TEST_STEP][PASSED] - comma = line.indexOf(",y"): null

27-02-2025T17:35:22 - [TEST_STEP][PASSED] - if (comma > 0): null

27-02-2025T17:35:22 - [TEST_STEP][PASSED] - line = reader.readLine(): null

27-02-2025T17:35:22 - [TEST_STEP][PASSED] - println(line): null

27-02-2025T17:35:22 - [TEST_STEP][PASSED] - group = line.indexOf("<Group>"): null

27-02-2025T17:35:22 - [TEST_STEP][PASSED] - println(group): null

27-02-2025T17:35:22 - [TEST_STEP][PASSED] - if (group >= 0): null

27-02-2025T17:35:22 - [TEST_STEP][PASSED] - else: null

27-02-2025T17:35:22 - [TEST_STEP][PASSED] - if (include): null

27-02-2025T17:35:22 - [TEST_STEP][PASSED] - println(line): null

27-02-2025T17:35:22 - [TEST_STEP][PASSED] - comma = line.indexOf(",y"): null

27-02-2025T17:35:22 - [TEST_STEP][PASSED] - if (comma > 0): null

27-02-2025T17:35:22 - [TEST_STEP][PASSED] - line = reader.readLine(): null

27-02-2025T17:35:22 - [TEST_STEP][PASSED] - println(line): null

27-02-2025T17:35:22 - [TEST_STEP][PASSED] - group = line.indexOf("<Group>"): null

27-02-2025T17:35:22 - [TEST_STEP][PASSED] - println(group): null

27-02-2025T17:35:22 - [TEST_STEP][PASSED] - if (group >= 0): null

27-02-2025T17:35:22 - [TEST_STEP][PASSED] - else: null

27-02-2025T17:35:22 - [TEST_STEP][PASSED] - if (include): null

27-02-2025T17:35:22 - [TEST_STEP][PASSED] - println(line): null

27-02-2025T17:35:22 - [TEST_STEP][PASSED] - comma = line.indexOf(",y"): null

27-02-2025T17:35:22 - [TEST_STEP][PASSED] - if (comma > 0): null

27-02-2025T17:35:22 - [TEST_STEP][PASSED] - line = reader.readLine(): null

27-02-2025T17:35:22 - [TEST_STEP][PASSED] - println(line): null

27-02-2025T17:35:22 - [TEST_STEP][PASSED] - group = line.indexOf("<Group>"): null

27-02-2025T17:35:22 - [TEST_STEP][PASSED] - println(group): null

27-02-2025T17:35:22 - [TEST_STEP][PASSED] - if (group >= 0): null

27-02-2025T17:35:22 - [TEST_STEP][PASSED] - else: null

27-02-2025T17:35:22 - [TEST_STEP][PASSED] - if (include): null

27-02-2025T17:35:22 - [TEST_STEP][PASSED] - println(line): null

27-02-2025T17:35:22 - [TEST_STEP][PASSED] - comma = line.indexOf(",y"): null

27-02-2025T17:35:22 - [TEST_STEP][PASSED] - if (comma > 0): null

27-02-2025T17:35:22 - [TEST_STEP][PASSED] - line = reader.readLine(): null

27-02-2025T17:35:22 - [TEST_STEP][PASSED] - println(line): null

27-02-2025T17:35:22 - [TEST_STEP][PASSED] - group = line.indexOf("<Group>"): null

27-02-2025T17:35:22 - [TEST_STEP][PASSED] - println(group): null

27-02-2025T17:35:22 - [TEST_STEP][PASSED] - if (group >= 0): null

27-02-2025T17:35:22 - [TEST_STEP][PASSED] - else: null

27-02-2025T17:35:22 - [TEST_STEP][PASSED] - if (include): null

27-02-2025T17:35:22 - [TEST_STEP][PASSED] - println(line): null

27-02-2025T17:35:22 - [TEST_STEP][PASSED] - comma = line.indexOf(",y"): null

27-02-2025T17:35:22 - [TEST_STEP][PASSED] - if (comma > 0): null

27-02-2025T17:35:22 - [TEST_STEP][PASSED] - line = reader.readLine(): null

27-02-2025T17:35:22 - [TEST_STEP][PASSED] - println(line): null

27-02-2025T17:35:22 - [TEST_STEP][PASSED] - group = line.indexOf("<Group>"): null

27-02-2025T17:35:22 - [TEST_STEP][PASSED] - println(group): null

27-02-2025T17:35:22 - [TEST_STEP][PASSED] - if (group >= 0): null

27-02-2025T17:35:22 - [TEST_STEP][PASSED] - else: null

27-02-2025T17:35:22 - [TEST_STEP][PASSED] - if (include): null

27-02-2025T17:35:22 - [TEST_STEP][PASSED] - println(line): null

27-02-2025T17:35:22 - [TEST_STEP][PASSED] - comma = line.indexOf(",y"): null

27-02-2025T17:35:22 - [TEST_STEP][PASSED] - if (comma > 0): null

27-02-2025T17:35:22 - [TEST_STEP][PASSED] - line = reader.readLine(): null

27-02-2025T17:35:22 - [TEST_STEP][PASSED] - println(line): null

27-02-2025T17:35:22 - [TEST_STEP][PASSED] - group = line.indexOf("<Group>"): null

27-02-2025T17:35:22 - [TEST_STEP][PASSED] - println(group): null

27-02-2025T17:35:22 - [TEST_STEP][PASSED] - if (group >= 0): null

27-02-2025T17:35:22 - [TEST_STEP][PASSED] - else: null

27-02-2025T17:35:22 - [TEST_STEP][PASSED] - if (include): null

27-02-2025T17:35:22 - [TEST_STEP][PASSED] - println(line): null

27-02-2025T17:35:22 - [TEST_STEP][PASSED] - comma = line.indexOf(",y"): null

27-02-2025T17:35:22 - [TEST_STEP][PASSED] - if (comma > 0): null

27-02-2025T17:35:22 - [TEST_STEP][PASSED] - line = reader.readLine(): null

27-02-2025T17:35:22 - [TEST_STEP][PASSED] - println(line): null

27-02-2025T17:35:22 - [TEST_STEP][PASSED] - group = line.indexOf("<Group>"): null

27-02-2025T17:35:22 - [TEST_STEP][PASSED] - println(group): null

27-02-2025T17:35:22 - [TEST_STEP][PASSED] - if (group >= 0): null

27-02-2025T17:35:22 - [TEST_STEP][PASSED] - else: null

27-02-2025T17:35:22 - [TEST_STEP][PASSED] - if (include): null

27-02-2025T17:35:22 - [TEST_STEP][PASSED] - println(line): null

27-02-2025T17:35:22 - [TEST_STEP][PASSED] - comma = line.indexOf(",y"): null

27-02-2025T17:35:22 - [TEST_STEP][PASSED] - if (comma > 0): null

27-02-2025T17:35:22 - [TEST_STEP][PASSED] - line = reader.readLine(): null

27-02-2025T17:35:22 - [TEST_STEP][PASSED] - println(line): null

27-02-2025T17:35:22 - [TEST_STEP][PASSED] - group = line.indexOf("<Group>"): null

27-02-2025T17:35:22 - [TEST_STEP][PASSED] - println(group): null

27-02-2025T17:35:22 - [TEST_STEP][PASSED] - if (group >= 0): null

27-02-2025T17:35:22 - [TEST_STEP][PASSED] - else: null

27-02-2025T17:35:22 - [TEST_STEP][PASSED] - if (include): null

27-02-2025T17:35:22 - [TEST_STEP][PASSED] - println(line): null

27-02-2025T17:35:22 - [TEST_STEP][PASSED] - comma = line.indexOf(",y"): null

27-02-2025T17:35:22 - [TEST_STEP][PASSED] - if (comma > 0): null

27-02-2025T17:35:22 - [TEST_STEP][PASSED] - line = reader.readLine(): null

27-02-2025T17:35:22 - [TEST_STEP][PASSED] - println(line): null

27-02-2025T17:35:22 - [TEST_STEP][PASSED] - group = line.indexOf("<Group>"): null

27-02-2025T17:35:22 - [TEST_STEP][PASSED] - println(group): null

27-02-2025T17:35:22 - [TEST_STEP][PASSED] - if (group >= 0): null

27-02-2025T17:35:22 - [TEST_STEP][PASSED] - else: null

27-02-2025T17:35:22 - [TEST_STEP][PASSED] - if (include): null

27-02-2025T17:35:22 - [TEST_STEP][PASSED] - println(line): null

27-02-2025T17:35:22 - [TEST_STEP][PASSED] - comma = line.indexOf(",y"): null

27-02-2025T17:35:22 - [TEST_STEP][PASSED] - if (comma > 0): null

27-02-2025T17:35:22 - [TEST_STEP][PASSED] - line = reader.readLine(): null

27-02-2025T17:35:22 - [TEST_STEP][PASSED] - println(line): null

27-02-2025T17:35:22 - [TEST_STEP][PASSED] - group = line.indexOf("<Group>"): null

27-02-2025T17:35:22 - [TEST_STEP][PASSED] - println(group): null

27-02-2025T17:35:22 - [TEST_STEP][PASSED] - if (group >= 0): null

27-02-2025T17:35:22 - [TEST_STEP][PASSED] - else: null

27-02-2025T17:35:22 - [TEST_STEP][PASSED] - if (include): null

27-02-2025T17:35:22 - [TEST_STEP][PASSED] - println(line): null

27-02-2025T17:35:22 - [TEST_STEP][PASSED] - comma = line.indexOf(",y"): null

27-02-2025T17:35:22 - [TEST_STEP][PASSED] - if (comma > 0): null

27-02-2025T17:35:22 - [TEST_STEP][PASSED] - line = reader.readLine(): null

27-02-2025T17:35:22 - [TEST_STEP][PASSED] - println(line): null

27-02-2025T17:35:22 - [TEST_STEP][PASSED] - group = line.indexOf("<Group>"): null

27-02-2025T17:35:22 - [TEST_STEP][PASSED] - println(group): null

27-02-2025T17:35:22 - [TEST_STEP][PASSED] - if (group >= 0): null

27-02-2025T17:35:22 - [TEST_STEP][PASSED] - else: null

27-02-2025T17:35:22 - [TEST_STEP][PASSED] - if (include): null

27-02-2025T17:35:22 - [TEST_STEP][PASSED] - println(line): null

27-02-2025T17:35:22 - [TEST_STEP][PASSED] - comma = line.indexOf(",y"): null

27-02-2025T17:35:22 - [TEST_STEP][PASSED] - if (comma > 0): null

27-02-2025T17:35:22 - [TEST_STEP][PASSED] - line = reader.readLine(): null

27-02-2025T17:35:22 - [TEST_STEP][PASSED] - println(line): null

27-02-2025T17:35:22 - [TEST_STEP][PASSED] - group = line.indexOf("<Group>"): null

27-02-2025T17:35:22 - [TEST_STEP][PASSED] - println(group): null

27-02-2025T17:35:22 - [TEST_STEP][PASSED] - if (group >= 0): null

27-02-2025T17:35:22 - [TEST_STEP][PASSED] - else: null

27-02-2025T17:35:22 - [TEST_STEP][PASSED] - if (include): null

27-02-2025T17:35:22 - [TEST_STEP][PASSED] - println(line): null

27-02-2025T17:35:22 - [TEST_STEP][PASSED] - comma = line.indexOf(",y"): null

27-02-2025T17:35:22 - [TEST_STEP][PASSED] - if (comma > 0): null

27-02-2025T17:35:22 - [TEST_STEP][PASSED] - line = reader.readLine(): null

27-02-2025T17:35:22 - [TEST_STEP][PASSED] - println(line): null

27-02-2025T17:35:22 - [TEST_STEP][PASSED] - group = line.indexOf("<Group>"): null

27-02-2025T17:35:22 - [TEST_STEP][PASSED] - println(group): null

27-02-2025T17:35:22 - [TEST_STEP][PASSED] - if (group >= 0): null

27-02-2025T17:35:22 - [TEST_STEP][PASSED] - else: null

27-02-2025T17:35:22 - [TEST_STEP][PASSED] - if (include): null

27-02-2025T17:35:22 - [TEST_STEP][PASSED] - println(line): null

27-02-2025T17:35:22 - [TEST_STEP][PASSED] - comma = line.indexOf(",y"): null

27-02-2025T17:35:22 - [TEST_STEP][PASSED] - if (comma > 0): null

27-02-2025T17:35:22 - [TEST_STEP][PASSED] - line = reader.readLine(): null

27-02-2025T17:35:22 - [TEST_STEP][PASSED] - println(line): null

27-02-2025T17:35:22 - [TEST_STEP][PASSED] - group = line.indexOf("<Group>"): null

27-02-2025T17:35:22 - [TEST_STEP][PASSED] - println(group): null

27-02-2025T17:35:22 - [TEST_STEP][PASSED] - if (group >= 0): null

27-02-2025T17:35:22 - [TEST_STEP][PASSED] - else: null

27-02-2025T17:35:22 - [TEST_STEP][PASSED] - if (include): null

27-02-2025T17:35:22 - [TEST_STEP][PASSED] - println(line): null

27-02-2025T17:35:22 - [TEST_STEP][PASSED] - comma = line.indexOf(",y"): null

27-02-2025T17:35:22 - [TEST_STEP][PASSED] - if (comma > 0): null

27-02-2025T17:35:22 - [TEST_STEP][PASSED] - line = reader.readLine(): null

27-02-2025T17:35:22 - [TEST_STEP][PASSED] - println(line): null

27-02-2025T17:35:22 - [TEST_STEP][PASSED] - group = line.indexOf("<Group>"): null

27-02-2025T17:35:22 - [TEST_STEP][PASSED] - println(group): null

27-02-2025T17:35:22 - [TEST_STEP][PASSED] - if (group >= 0): null

27-02-2025T17:35:22 - [TEST_STEP][PASSED] - else: null

27-02-2025T17:35:22 - [TEST_STEP][PASSED] - if (include): null

27-02-2025T17:35:22 - [TEST_STEP][PASSED] - println(line): null

27-02-2025T17:35:22 - [TEST_STEP][PASSED] - comma = line.indexOf(",y"): null

27-02-2025T17:35:22 - [TEST_STEP][PASSED] - if (comma > 0): null

27-02-2025T17:35:22 - [TEST_STEP][PASSED] - line = reader.readLine(): null

27-02-2025T17:35:22 - [TEST_STEP][PASSED] - println(line): null

27-02-2025T17:35:22 - [TEST_STEP][PASSED] - group = line.indexOf("<Group>"): null

27-02-2025T17:35:22 - [TEST_STEP][PASSED] - println(group): null

27-02-2025T17:35:22 - [TEST_STEP][PASSED] - if (group >= 0): null

27-02-2025T17:35:22 - [TEST_STEP][PASSED] - else: null

27-02-2025T17:35:22 - [TEST_STEP][PASSED] - if (include): null

27-02-2025T17:35:22 - [TEST_STEP][PASSED] - println(line): null

27-02-2025T17:35:22 - [TEST_STEP][PASSED] - comma = line.indexOf(",y"): null

27-02-2025T17:35:22 - [TEST_STEP][PASSED] - if (comma > 0): null

27-02-2025T17:35:22 - [TEST_STEP][PASSED] - line = reader.readLine(): null

27-02-2025T17:35:22 - [TEST_STEP][PASSED] - println(line): null

27-02-2025T17:35:22 - [TEST_STEP][PASSED] - group = line.indexOf("<Group>"): null

27-02-2025T17:35:22 - [TEST_STEP][PASSED] - println(group): null

27-02-2025T17:35:22 - [TEST_STEP][PASSED] - if (group >= 0): null

27-02-2025T17:35:22 - [TEST_STEP][PASSED] - else: null

27-02-2025T17:35:22 - [TEST_STEP][PASSED] - if (include): null

27-02-2025T17:35:22 - [TEST_STEP][PASSED] - println(line): null

27-02-2025T17:35:22 - [TEST_STEP][PASSED] - comma = line.indexOf(",y"): null

27-02-2025T17:35:22 - [TEST_STEP][PASSED] - if (comma > 0): null

27-02-2025T17:35:22 - [TEST_STEP][PASSED] - line = reader.readLine(): null

27-02-2025T17:35:22 - [TEST_STEP][PASSED] - println(line): null

27-02-2025T17:35:22 - [TEST_STEP][PASSED] - group = line.indexOf("<Group>"): null

27-02-2025T17:35:22 - [TEST_STEP][PASSED] - println(group): null

27-02-2025T17:35:22 - [TEST_STEP][PASSED] - if (group >= 0): null

27-02-2025T17:35:22 - [TEST_STEP][PASSED] - else: null

27-02-2025T17:35:22 - [TEST_STEP][PASSED] - if (include): null

27-02-2025T17:35:22 - [TEST_STEP][PASSED] - println(line): null

27-02-2025T17:35:22 - [TEST_STEP][PASSED] - comma = line.indexOf(",y"): null

27-02-2025T17:35:22 - [TEST_STEP][PASSED] - if (comma > 0): null

27-02-2025T17:35:22 - [TEST_STEP][PASSED] - line = reader.readLine(): null

27-02-2025T17:35:22 - [TEST_STEP][PASSED] - println(line): null

27-02-2025T17:35:22 - [TEST_STEP][PASSED] - group = line.indexOf("<Group>"): null

27-02-2025T17:35:22 - [TEST_STEP][PASSED] - println(group): null

27-02-2025T17:35:22 - [TEST_STEP][PASSED] - if (group >= 0): null

27-02-2025T17:35:22 - [TEST_STEP][PASSED] - else: null

27-02-2025T17:35:22 - [TEST_STEP][PASSED] - if (include): null

27-02-2025T17:35:22 - [TEST_STEP][PASSED] - println(line): null

27-02-2025T17:35:22 - [TEST_STEP][PASSED] - comma = line.indexOf(",y"): null

27-02-2025T17:35:22 - [TEST_STEP][PASSED] - if (comma > 0): null

27-02-2025T17:35:22 - [TEST_STEP][PASSED] - line = reader.readLine(): null

27-02-2025T17:35:22 - [TEST_STEP][PASSED] - println(line): null

27-02-2025T17:35:22 - [TEST_STEP][PASSED] - group = line.indexOf("<Group>"): null

27-02-2025T17:35:22 - [TEST_STEP][PASSED] - println(group): null

27-02-2025T17:35:22 - [TEST_STEP][PASSED] - if (group >= 0): null

27-02-2025T17:35:22 - [TEST_STEP][PASSED] - else: null

27-02-2025T17:35:22 - [TEST_STEP][PASSED] - if (include): null

27-02-2025T17:35:22 - [TEST_STEP][PASSED] - println(line): null

27-02-2025T17:35:22 - [TEST_STEP][PASSED] - comma = line.indexOf(",y"): null

27-02-2025T17:35:22 - [TEST_STEP][PASSED] - if (comma > 0): null

27-02-2025T17:35:22 - [TEST_STEP][PASSED] - line = reader.readLine(): null

27-02-2025T17:35:22 - [TEST_STEP][PASSED] - println(line): null

27-02-2025T17:35:22 - [TEST_STEP][PASSED] - group = line.indexOf("<Group>"): null

27-02-2025T17:35:22 - [TEST_STEP][PASSED] - println(group): null

27-02-2025T17:35:22 - [TEST_STEP][PASSED] - if (group >= 0): null

27-02-2025T17:35:22 - [TEST_STEP][PASSED] - else: null

27-02-2025T17:35:22 - [TEST_STEP][PASSED] - if (include): null

27-02-2025T17:35:22 - [TEST_STEP][PASSED] - println(line): null

27-02-2025T17:35:22 - [TEST_STEP][PASSED] - comma = line.indexOf(",y"): null

27-02-2025T17:35:22 - [TEST_STEP][PASSED] - if (comma > 0): null

27-02-2025T17:35:22 - [TEST_STEP][PASSED] - line = reader.readLine(): null

27-02-2025T17:35:22 - [TEST_STEP][PASSED] - println(line): null

27-02-2025T17:35:22 - [TEST_STEP][PASSED] - group = line.indexOf("<Group>"): null

27-02-2025T17:35:22 - [TEST_STEP][PASSED] - println(group): null

27-02-2025T17:35:22 - [TEST_STEP][PASSED] - if (group >= 0): null

27-02-2025T17:35:22 - [TEST_STEP][PASSED] - else: null

27-02-2025T17:35:22 - [TEST_STEP][PASSED] - if (include): null

27-02-2025T17:35:22 - [TEST_STEP][PASSED] - println(line): null

27-02-2025T17:35:22 - [TEST_STEP][PASSED] - comma = line.indexOf(",y"): null

27-02-2025T17:35:22 - [TEST_STEP][PASSED] - if (comma > 0): null

27-02-2025T17:35:22 - [TEST_STEP][PASSED] - line = reader.readLine(): null

27-02-2025T17:35:22 - [TEST_STEP][PASSED] - println(line): null

27-02-2025T17:35:22 - [TEST_STEP][PASSED] - group = line.indexOf("<Group>"): null

27-02-2025T17:35:22 - [TEST_STEP][PASSED] - println(group): null

27-02-2025T17:35:22 - [TEST_STEP][PASSED] - if (group >= 0): null

27-02-2025T17:35:22 - [TEST_STEP][PASSED] - else: null

27-02-2025T17:35:22 - [TEST_STEP][PASSED] - if (include): null

27-02-2025T17:35:22 - [TEST_STEP][PASSED] - println(line): null

27-02-2025T17:35:22 - [TEST_STEP][PASSED] - comma = line.indexOf(",y"): null

27-02-2025T17:35:22 - [TEST_STEP][PASSED] - if (comma > 0): null

27-02-2025T17:35:22 - [TEST_STEP][PASSED] - line = reader.readLine(): null

27-02-2025T17:35:22 - [TEST_STEP][PASSED] - println(line): null

27-02-2025T17:35:22 - [TEST_STEP][PASSED] - group = line.indexOf("<Group>"): null

27-02-2025T17:35:22 - [TEST_STEP][PASSED] - println(group): null

27-02-2025T17:35:22 - [TEST_STEP][PASSED] - if (group >= 0): null

27-02-2025T17:35:22 - [TEST_STEP][PASSED] - else: null

27-02-2025T17:35:22 - [TEST_STEP][PASSED] - if (include): null

27-02-2025T17:35:22 - [TEST_STEP][PASSED] - println(line): null

27-02-2025T17:35:22 - [TEST_STEP][PASSED] - comma = line.indexOf(",y"): null

27-02-2025T17:35:22 - [TEST_STEP][PASSED] - if (comma > 0): null

27-02-2025T17:35:22 - [TEST_STEP][PASSED] - line = reader.readLine(): null

27-02-2025T17:35:22 - [TEST_STEP][PASSED] - println(line): null

27-02-2025T17:35:22 - [TEST_STEP][PASSED] - group = line.indexOf("<Group>"): null

27-02-2025T17:35:22 - [TEST_STEP][PASSED] - println(group): null

27-02-2025T17:35:22 - [TEST_STEP][PASSED] - if (group >= 0): null

27-02-2025T17:35:22 - [TEST_STEP][PASSED] - else: null

27-02-2025T17:35:22 - [TEST_STEP][PASSED] - if (include): null

27-02-2025T17:35:22 - [TEST_STEP][PASSED] - println(line): null

27-02-2025T17:35:22 - [TEST_STEP][PASSED] - comma = line.indexOf(",y"): null

27-02-2025T17:35:22 - [TEST_STEP][PASSED] - if (comma > 0): null

27-02-2025T17:35:22 - [TEST_STEP][PASSED] - line = reader.readLine(): null

27-02-2025T17:35:22 - [TEST_STEP][PASSED] - println(line): null

27-02-2025T17:35:22 - [TEST_STEP][PASSED] - group = line.indexOf("<Group>"): null

27-02-2025T17:35:22 - [TEST_STEP][PASSED] - println(group): null

27-02-2025T17:35:22 - [TEST_STEP][PASSED] - if (group >= 0): null

27-02-2025T17:35:22 - [TEST_STEP][PASSED] - else: null

27-02-2025T17:35:22 - [TEST_STEP][PASSED] - if (include): null

27-02-2025T17:35:22 - [TEST_STEP][PASSED] - println(line): null

27-02-2025T17:35:22 - [TEST_STEP][PASSED] - comma = line.indexOf(",y"): null

27-02-2025T17:35:22 - [TEST_STEP][PASSED] - if (comma > 0): null

27-02-2025T17:35:22 - [TEST_STEP][PASSED] - line = reader.readLine(): null

27-02-2025T17:35:22 - [TEST_STEP][PASSED] - println(line): null

27-02-2025T17:35:22 - [TEST_STEP][PASSED] - group = line.indexOf("<Group>"): null

27-02-2025T17:35:22 - [TEST_STEP][PASSED] - println(group): null

27-02-2025T17:35:22 - [TEST_STEP][PASSED] - if (group >= 0): null

27-02-2025T17:35:22 - [TEST_STEP][PASSED] - else: null

27-02-2025T17:35:22 - [TEST_STEP][PASSED] - if (include): null

27-02-2025T17:35:22 - [TEST_STEP][PASSED] - println(line): null

27-02-2025T17:35:22 - [TEST_STEP][PASSED] - comma = line.indexOf(",y"): null

27-02-2025T17:35:22 - [TEST_STEP][PASSED] - if (comma > 0): null

27-02-2025T17:35:22 - [TEST_STEP][PASSED] - line = reader.readLine(): null

27-02-2025T17:35:22 - [TEST_STEP][PASSED] - println(line): null

27-02-2025T17:35:22 - [TEST_STEP][PASSED] - group = line.indexOf("<Group>"): null

27-02-2025T17:35:22 - [TEST_STEP][PASSED] - println(group): null

27-02-2025T17:35:22 - [TEST_STEP][PASSED] - if (group >= 0): null

27-02-2025T17:35:22 - [TEST_STEP][PASSED] - else: null

27-02-2025T17:35:22 - [TEST_STEP][PASSED] - if (include): null

27-02-2025T17:35:22 - [TEST_STEP][PASSED] - println(line): null

27-02-2025T17:35:22 - [TEST_STEP][PASSED] - comma = line.indexOf(",y"): null

27-02-2025T17:35:22 - [TEST_STEP][PASSED] - if (comma > 0): null

27-02-2025T17:35:22 - [TEST_STEP][PASSED] - line = reader.readLine(): null

27-02-2025T17:35:22 - [TEST_STEP][PASSED] - println(line): null

27-02-2025T17:35:22 - [TEST_STEP][PASSED] - group = line.indexOf("<Group>"): null

27-02-2025T17:35:22 - [TEST_STEP][PASSED] - println(group): null

27-02-2025T17:35:22 - [TEST_STEP][PASSED] - if (group >= 0): null

27-02-2025T17:35:22 - [TEST_STEP][PASSED] - else: null

27-02-2025T17:35:22 - [TEST_STEP][PASSED] - if (include): null

27-02-2025T17:35:22 - [TEST_STEP][PASSED] - println(line): null

27-02-2025T17:35:22 - [TEST_STEP][PASSED] - comma = line.indexOf(",y"): null

27-02-2025T17:35:22 - [TEST_STEP][PASSED] - if (comma > 0): null

27-02-2025T17:35:22 - [TEST_STEP][PASSED] - line = reader.readLine(): null

27-02-2025T17:35:22 - [TEST_STEP][PASSED] - println(line): null

27-02-2025T17:35:22 - [TEST_STEP][PASSED] - group = line.indexOf("<Group>"): null

27-02-2025T17:35:22 - [TEST_STEP][PASSED] - println(group): null

27-02-2025T17:35:22 - [TEST_STEP][PASSED] - if (group >= 0): null

27-02-2025T17:35:22 - [TEST_STEP][PASSED] - else: null

27-02-2025T17:35:22 - [TEST_STEP][PASSED] - if (include): null

27-02-2025T17:35:22 - [TEST_STEP][PASSED] - println(line): null

27-02-2025T17:35:22 - [TEST_STEP][PASSED] - comma = line.indexOf(",y"): null

27-02-2025T17:35:22 - [TEST_STEP][PASSED] - if (comma > 0): null

27-02-2025T17:35:22 - [TEST_STEP][PASSED] - line = reader.readLine(): null

27-02-2025T17:35:22 - [TEST_STEP][PASSED] - println(line): null

27-02-2025T17:35:22 - [TEST_STEP][PASSED] - group = line.indexOf("<Group>"): null

27-02-2025T17:35:22 - [TEST_STEP][PASSED] - println(group): null

27-02-2025T17:35:22 - [TEST_STEP][PASSED] - if (group >= 0): null

27-02-2025T17:35:22 - [TEST_STEP][PASSED] - else: null

27-02-2025T17:35:22 - [TEST_STEP][PASSED] - if (include): null

27-02-2025T17:35:22 - [TEST_STEP][PASSED] - println(line): null

27-02-2025T17:35:22 - [TEST_STEP][PASSED] - comma = line.indexOf(",y"): null

27-02-2025T17:35:22 - [TEST_STEP][PASSED] - if (comma > 0): null

27-02-2025T17:35:22 - [TEST_STEP][PASSED] - line = reader.readLine(): null

27-02-2025T17:35:22 - [TEST_STEP][PASSED] - println(line): null

27-02-2025T17:35:22 - [TEST_STEP][PASSED] - group = line.indexOf("<Group>"): null

27-02-2025T17:35:22 - [TEST_STEP][PASSED] - println(group): null

27-02-2025T17:35:22 - [TEST_STEP][PASSED] - if (group >= 0): null

27-02-2025T17:35:22 - [TEST_STEP][PASSED] - else: null

27-02-2025T17:35:22 - [TEST_STEP][PASSED] - if (include): null

27-02-2025T17:35:22 - [TEST_STEP][PASSED] - println(line): null

27-02-2025T17:35:22 - [TEST_STEP][PASSED] - comma = line.indexOf(",y"): null

27-02-2025T17:35:22 - [TEST_STEP][PASSED] - if (comma > 0): null

27-02-2025T17:35:22 - [TEST_STEP][PASSED] - line = reader.readLine(): null

27-02-2025T17:35:22 - [TEST_STEP][PASSED] - println(line): null

27-02-2025T17:35:22 - [TEST_STEP][PASSED] - group = line.indexOf("<Group>"): null

27-02-2025T17:35:22 - [TEST_STEP][PASSED] - println(group): null

27-02-2025T17:35:22 - [TEST_STEP][PASSED] - if (group >= 0): null

27-02-2025T17:35:22 - [TEST_STEP][PASSED] - else: null

27-02-2025T17:35:22 - [TEST_STEP][PASSED] - if (include): null

27-02-2025T17:35:22 - [TEST_STEP][PASSED] - println(line): null

27-02-2025T17:35:22 - [TEST_STEP][PASSED] - comma = line.indexOf(",y"): null

27-02-2025T17:35:22 - [TEST_STEP][PASSED] - if (comma > 0): null

27-02-2025T17:35:22 - [TEST_STEP][PASSED] - line = reader.readLine(): null

27-02-2025T17:35:22 - [TEST_STEP][PASSED] - println(line): null

27-02-2025T17:35:22 - [TEST_STEP][PASSED] - group = line.indexOf("<Group>"): null

27-02-2025T17:35:22 - [TEST_STEP][PASSED] - println(group): null

27-02-2025T17:35:22 - [TEST_STEP][PASSED] - if (group >= 0): null

27-02-2025T17:35:22 - [TEST_STEP][PASSED] - else: null

27-02-2025T17:35:22 - [TEST_STEP][PASSED] - if (include): null

27-02-2025T17:35:22 - [TEST_STEP][PASSED] - println(line): null

27-02-2025T17:35:22 - [TEST_STEP][PASSED] - comma = line.indexOf(",y"): null

27-02-2025T17:35:22 - [TEST_STEP][PASSED] - if (comma > 0): null

27-02-2025T17:35:22 - [TEST_STEP][PASSED] - line = reader.readLine(): null

27-02-2025T17:35:22 - [TEST_STEP][PASSED] - println(line): null

27-02-2025T17:35:22 - [TEST_STEP][PASSED] - group = line.indexOf("<Group>"): null

27-02-2025T17:35:22 - [TEST_STEP][PASSED] - println(group): null

27-02-2025T17:35:22 - [TEST_STEP][PASSED] - if (group >= 0): null

27-02-2025T17:35:22 - [TEST_STEP][PASSED] - else: null

27-02-2025T17:35:22 - [TEST_STEP][PASSED] - if (include): null

27-02-2025T17:35:22 - [TEST_STEP][PASSED] - println(line): null

27-02-2025T17:35:22 - [TEST_STEP][PASSED] - comma = line.indexOf(",y"): null

27-02-2025T17:35:22 - [TEST_STEP][PASSED] - if (comma > 0): null

27-02-2025T17:35:22 - [TEST_STEP][PASSED] - line = reader.readLine(): null

27-02-2025T17:35:22 - [TEST_STEP][PASSED] - println(line): null

27-02-2025T17:35:22 - [TEST_STEP][PASSED] - group = line.indexOf("<Group>"): null

27-02-2025T17:35:22 - [TEST_STEP][PASSED] - println(group): null

27-02-2025T17:35:22 - [TEST_STEP][PASSED] - if (group >= 0): null

27-02-2025T17:35:22 - [TEST_STEP][PASSED] - else: null

27-02-2025T17:35:22 - [TEST_STEP][PASSED] - if (include): null

27-02-2025T17:35:22 - [TEST_STEP][PASSED] - println(line): null

27-02-2025T17:35:22 - [TEST_STEP][PASSED] - comma = line.indexOf(",y"): null

27-02-2025T17:35:22 - [TEST_STEP][PASSED] - if (comma > 0): null

27-02-2025T17:35:22 - [TEST_STEP][PASSED] - line = reader.readLine(): null

27-02-2025T17:35:22 - [TEST_STEP][PASSED] - println(line): null

27-02-2025T17:35:22 - [TEST_STEP][PASSED] - group = line.indexOf("<Group>"): null

27-02-2025T17:35:22 - [TEST_STEP][PASSED] - println(group): null

27-02-2025T17:35:22 - [TEST_STEP][PASSED] - if (group >= 0): null

27-02-2025T17:35:22 - [TEST_STEP][PASSED] - else: null

27-02-2025T17:35:22 - [TEST_STEP][PASSED] - if (include): null

27-02-2025T17:35:22 - [TEST_STEP][PASSED] - println(line): null

27-02-2025T17:35:22 - [TEST_STEP][PASSED] - comma = line.indexOf(",y"): null

27-02-2025T17:35:22 - [TEST_STEP][PASSED] - if (comma > 0): null

27-02-2025T17:35:22 - [TEST_STEP][PASSED] - line = reader.readLine(): null

27-02-2025T17:35:22 - [TEST_STEP][PASSED] - println(line): null

27-02-2025T17:35:22 - [TEST_STEP][PASSED] - group = line.indexOf("<Group>"): null

27-02-2025T17:35:22 - [TEST_STEP][PASSED] - println(group): null

27-02-2025T17:35:22 - [TEST_STEP][PASSED] - if (group >= 0): null

27-02-2025T17:35:22 - [TEST_STEP][PASSED] - else: null

27-02-2025T17:35:22 - [TEST_STEP][PASSED] - if (include): null

27-02-2025T17:35:22 - [TEST_STEP][PASSED] - println(line): null

27-02-2025T17:35:22 - [TEST_STEP][PASSED] - comma = line.indexOf(",y"): null

27-02-2025T17:35:22 - [TEST_STEP][PASSED] - if (comma > 0): null

27-02-2025T17:35:22 - [TEST_STEP][PASSED] - line = reader.readLine(): null

27-02-2025T17:35:22 - [TEST_STEP][PASSED] - println(line): null

27-02-2025T17:35:22 - [TEST_STEP][PASSED] - group = line.indexOf("<Group>"): null

27-02-2025T17:35:22 - [TEST_STEP][PASSED] - println(group): null

27-02-2025T17:35:22 - [TEST_STEP][PASSED] - if (group >= 0): null

27-02-2025T17:35:22 - [TEST_STEP][PASSED] - else: null

27-02-2025T17:35:22 - [TEST_STEP][PASSED] - if (include): null

27-02-2025T17:35:22 - [TEST_STEP][PASSED] - println(line): null

27-02-2025T17:35:22 - [TEST_STEP][PASSED] - comma = line.indexOf(",y"): null

27-02-2025T17:35:22 - [TEST_STEP][PASSED] - if (comma > 0): null

27-02-2025T17:35:22 - [TEST_STEP][PASSED] - line = reader.readLine(): null

27-02-2025T17:35:22 - [TEST_STEP][PASSED] - println(line): null

27-02-2025T17:35:22 - [TEST_STEP][PASSED] - group = line.indexOf("<Group>"): null

27-02-2025T17:35:22 - [TEST_STEP][PASSED] - println(group): null

27-02-2025T17:35:22 - [TEST_STEP][PASSED] - if (group >= 0): null

27-02-2025T17:35:22 - [TEST_STEP][PASSED] - else: null

27-02-2025T17:35:22 - [TEST_STEP][PASSED] - if (include): null

27-02-2025T17:35:22 - [TEST_STEP][PASSED] - println(line): null

27-02-2025T17:35:22 - [TEST_STEP][PASSED] - comma = line.indexOf(",y"): null

27-02-2025T17:35:22 - [TEST_STEP][PASSED] - if (comma > 0): null

27-02-2025T17:35:22 - [TEST_STEP][PASSED] - line = reader.readLine(): null

27-02-2025T17:35:22 - [TEST_STEP][PASSED] - println(line): null

27-02-2025T17:35:22 - [TEST_STEP][PASSED] - group = line.indexOf("<Group>"): null

27-02-2025T17:35:22 - [TEST_STEP][PASSED] - println(group): null

27-02-2025T17:35:22 - [TEST_STEP][PASSED] - if (group >= 0): null

27-02-2025T17:35:22 - [TEST_STEP][PASSED] - else: null

27-02-2025T17:35:22 - [TEST_STEP][PASSED] - if (include): null

27-02-2025T17:35:22 - [TEST_STEP][PASSED] - println(line): null

27-02-2025T17:35:22 - [TEST_STEP][PASSED] - comma = line.indexOf(",y"): null

27-02-2025T17:35:22 - [TEST_STEP][PASSED] - if (comma > 0): null

27-02-2025T17:35:22 - [TEST_STEP][PASSED] - line = reader.readLine(): null

27-02-2025T17:35:22 - [TEST_STEP][PASSED] - println(line): null

27-02-2025T17:35:22 - [TEST_STEP][PASSED] - group = line.indexOf("<Group>"): null

27-02-2025T17:35:22 - [TEST_STEP][PASSED] - println(group): null

27-02-2025T17:35:22 - [TEST_STEP][PASSED] - if (group >= 0): null

27-02-2025T17:35:22 - [TEST_STEP][PASSED] - else: null

27-02-2025T17:35:22 - [TEST_STEP][PASSED] - if (include): null

27-02-2025T17:35:22 - [TEST_STEP][PASSED] - println(line): null

27-02-2025T17:35:22 - [TEST_STEP][PASSED] - comma = line.indexOf(",y"): null

27-02-2025T17:35:22 - [TEST_STEP][PASSED] - if (comma > 0): null

27-02-2025T17:35:22 - [TEST_STEP][PASSED] - line = reader.readLine(): null

27-02-2025T17:35:22 - [TEST_STEP][PASSED] - println(line): null

27-02-2025T17:35:22 - [TEST_STEP][PASSED] - group = line.indexOf("<Group>"): null

27-02-2025T17:35:22 - [TEST_STEP][PASSED] - println(group): null

27-02-2025T17:35:22 - [TEST_STEP][PASSED] - if (group >= 0): null

27-02-2025T17:35:22 - [TEST_STEP][PASSED] - else: null

27-02-2025T17:35:22 - [TEST_STEP][PASSED] - if (include): null

27-02-2025T17:35:22 - [TEST_STEP][PASSED] - println(line): null

27-02-2025T17:35:22 - [TEST_STEP][PASSED] - comma = line.indexOf(",y"): null

27-02-2025T17:35:22 - [TEST_STEP][PASSED] - if (comma > 0): null

27-02-2025T17:35:22 - [TEST_STEP][PASSED] - line = reader.readLine(): null

27-02-2025T17:35:22 - [TEST_STEP][PASSED] - println(line): null

27-02-2025T17:35:22 - [TEST_STEP][PASSED] - group = line.indexOf("<Group>"): null

27-02-2025T17:35:22 - [TEST_STEP][PASSED] - println(group): null

27-02-2025T17:35:22 - [TEST_STEP][PASSED] - if (group >= 0): null

27-02-2025T17:35:22 - [TEST_STEP][PASSED] - else: null

27-02-2025T17:35:22 - [TEST_STEP][PASSED] - if (include): null

27-02-2025T17:35:22 - [TEST_STEP][PASSED] - println(line): null

27-02-2025T17:35:22 - [TEST_STEP][PASSED] - comma = line.indexOf(",y"): null

27-02-2025T17:35:22 - [TEST_STEP][PASSED] - if (comma > 0): null

27-02-2025T17:35:22 - [TEST_STEP][PASSED] - line = reader.readLine(): null

27-02-2025T17:35:22 - [TEST_STEP][PASSED] - println(line): null

27-02-2025T17:35:22 - [TEST_STEP][PASSED] - group = line.indexOf("<Group>"): null

27-02-2025T17:35:22 - [TEST_STEP][PASSED] - println(group): null

27-02-2025T17:35:22 - [TEST_STEP][PASSED] - if (group >= 0): null

27-02-2025T17:35:22 - [TEST_STEP][PASSED] - else: null

27-02-2025T17:35:22 - [TEST_STEP][PASSED] - if (include): null

27-02-2025T17:35:22 - [TEST_STEP][PASSED] - println(line): null

27-02-2025T17:35:22 - [TEST_STEP][PASSED] - comma = line.indexOf(",y"): null

27-02-2025T17:35:22 - [TEST_STEP][PASSED] - if (comma > 0): null

27-02-2025T17:35:22 - [TEST_STEP][PASSED] - line = reader.readLine(): null

27-02-2025T17:35:22 - [TEST_STEP][PASSED] - println(line): null

27-02-2025T17:35:22 - [TEST_STEP][PASSED] - group = line.indexOf("<Group>"): null

27-02-2025T17:35:22 - [TEST_STEP][PASSED] - println(group): null

27-02-2025T17:35:22 - [TEST_STEP][PASSED] - if (group >= 0): null

27-02-2025T17:35:22 - [TEST_STEP][PASSED] - else: null

27-02-2025T17:35:22 - [TEST_STEP][PASSED] - if (include): null

27-02-2025T17:35:22 - [TEST_STEP][PASSED] - println(line): null

27-02-2025T17:35:22 - [TEST_STEP][PASSED] - comma = line.indexOf(",y"): null

27-02-2025T17:35:22 - [TEST_STEP][PASSED] - if (comma > 0): null

27-02-2025T17:35:22 - [TEST_STEP][PASSED] - line = reader.readLine(): null

27-02-2025T17:35:22 - [TEST_STEP][PASSED] - println(line): null

27-02-2025T17:35:22 - [TEST_STEP][PASSED] - group = line.indexOf("<Group>"): null

27-02-2025T17:35:22 - [TEST_STEP][PASSED] - println(group): null

27-02-2025T17:35:22 - [TEST_STEP][PASSED] - if (group >= 0): null

27-02-2025T17:35:22 - [TEST_STEP][PASSED] - else: null

27-02-2025T17:35:22 - [TEST_STEP][PASSED] - if (include): null

27-02-2025T17:35:22 - [TEST_STEP][PASSED] - println(line): null

27-02-2025T17:35:22 - [TEST_STEP][PASSED] - comma = line.indexOf(",y"): null

27-02-2025T17:35:22 - [TEST_STEP][PASSED] - if (comma > 0): null

27-02-2025T17:35:22 - [TEST_STEP][PASSED] - line = reader.readLine(): null

27-02-2025T17:35:22 - [TEST_STEP][PASSED] - println(line): null

27-02-2025T17:35:22 - [TEST_STEP][PASSED] - group = line.indexOf("<Group>"): null

27-02-2025T17:35:22 - [TEST_STEP][PASSED] - println(group): null

27-02-2025T17:35:22 - [TEST_STEP][PASSED] - if (group >= 0): null

27-02-2025T17:35:22 - [TEST_STEP][PASSED] - else: null

27-02-2025T17:35:22 - [TEST_STEP][PASSED] - if (include): null

27-02-2025T17:35:22 - [TEST_STEP][PASSED] - println(line): null

27-02-2025T17:35:22 - [TEST_STEP][PASSED] - comma = line.indexOf(",y"): null

27-02-2025T17:35:22 - [TEST_STEP][PASSED] - if (comma > 0): null

27-02-2025T17:35:22 - [TEST_STEP][PASSED] - line = reader.readLine(): null

27-02-2025T17:35:22 - [TEST_STEP][PASSED] - println(line): null

27-02-2025T17:35:22 - [TEST_STEP][PASSED] - group = line.indexOf("<Group>"): null

27-02-2025T17:35:22 - [TEST_STEP][PASSED] - println(group): null

27-02-2025T17:35:22 - [TEST_STEP][PASSED] - if (group >= 0): null

27-02-2025T17:35:22 - [TEST_STEP][PASSED] - else: null

27-02-2025T17:35:22 - [TEST_STEP][PASSED] - if (include): null

27-02-2025T17:35:22 - [TEST_STEP][PASSED] - println(line): null

27-02-2025T17:35:22 - [TEST_STEP][PASSED] - comma = line.indexOf(",y"): null

27-02-2025T17:35:22 - [TEST_STEP][PASSED] - if (comma > 0): null

27-02-2025T17:35:22 - [TEST_STEP][PASSED] - line = reader.readLine(): null

27-02-2025T17:35:22 - [TEST_STEP][PASSED] - println(line): null

27-02-2025T17:35:22 - [TEST_STEP][PASSED] - group = line.indexOf("<Group>"): null

27-02-2025T17:35:22 - [TEST_STEP][PASSED] - println(group): null

27-02-2025T17:35:22 - [TEST_STEP][PASSED] - if (group >= 0): null

27-02-2025T17:35:22 - [TEST_STEP][PASSED] - else: null

27-02-2025T17:35:22 - [TEST_STEP][PASSED] - if (include): null

27-02-2025T17:35:22 - [TEST_STEP][PASSED] - println(line): null

27-02-2025T17:35:22 - [TEST_STEP][PASSED] - comma = line.indexOf(",y"): null

27-02-2025T17:35:22 - [TEST_STEP][PASSED] - if (comma > 0): null

27-02-2025T17:35:22 - [TEST_STEP][PASSED] - line = reader.readLine(): null

27-02-2025T17:35:22 - [TEST_STEP][PASSED] - println(line): null

27-02-2025T17:35:22 - [TEST_STEP][PASSED] - group = line.indexOf("<Group>"): null

27-02-2025T17:35:22 - [TEST_STEP][PASSED] - println(group): null

27-02-2025T17:35:22 - [TEST_STEP][PASSED] - if (group >= 0): null

27-02-2025T17:35:22 - [TEST_STEP][PASSED] - else: null

27-02-2025T17:35:22 - [TEST_STEP][PASSED] - if (include): null

27-02-2025T17:35:22 - [TEST_STEP][PASSED] - println(line): null

27-02-2025T17:35:22 - [TEST_STEP][PASSED] - comma = line.indexOf(",y"): null

27-02-2025T17:35:22 - [TEST_STEP][PASSED] - if (comma > 0): null

27-02-2025T17:35:22 - [TEST_STEP][PASSED] - line = reader.readLine(): null

27-02-2025T17:35:22 - [TEST_STEP][PASSED] - println(line): null

27-02-2025T17:35:22 - [TEST_STEP][PASSED] - group = line.indexOf("<Group>"): null

27-02-2025T17:35:22 - [TEST_STEP][PASSED] - println(group): null

27-02-2025T17:35:22 - [TEST_STEP][PASSED] - if (group >= 0): null

27-02-2025T17:35:22 - [TEST_STEP][PASSED] - else: null

27-02-2025T17:35:22 - [TEST_STEP][PASSED] - if (include): null

27-02-2025T17:35:22 - [TEST_STEP][PASSED] - println(line): null

27-02-2025T17:35:22 - [TEST_STEP][PASSED] - comma = line.indexOf(",y"): null

27-02-2025T17:35:22 - [TEST_STEP][PASSED] - if (comma > 0): null

27-02-2025T17:35:22 - [TEST_STEP][PASSED] - line = reader.readLine(): null

27-02-2025T17:35:22 - [TEST_STEP][PASSED] - println(line): null

27-02-2025T17:35:22 - [TEST_STEP][PASSED] - group = line.indexOf("<Group>"): null

27-02-2025T17:35:22 - [TEST_STEP][PASSED] - println(group): null

27-02-2025T17:35:22 - [TEST_STEP][PASSED] - if (group >= 0): null

27-02-2025T17:35:22 - [TEST_STEP][PASSED] - else: null

27-02-2025T17:35:22 - [TEST_STEP][PASSED] - if (include): null

27-02-2025T17:35:22 - [TEST_STEP][PASSED] - println(line): null

27-02-2025T17:35:22 - [TEST_STEP][PASSED] - comma = line.indexOf(",y"): null

27-02-2025T17:35:22 - [TEST_STEP][PASSED] - if (comma > 0): null

27-02-2025T17:35:22 - [TEST_STEP][PASSED] - line = reader.readLine(): null

27-02-2025T17:35:22 - [TEST_STEP][PASSED] - println(line): null

27-02-2025T17:35:22 - [TEST_STEP][PASSED] - group = line.indexOf("<Group>"): null

27-02-2025T17:35:22 - [TEST_STEP][PASSED] - println(group): null

27-02-2025T17:35:22 - [TEST_STEP][PASSED] - if (group >= 0): null

27-02-2025T17:35:22 - [TEST_STEP][PASSED] - else: null

27-02-2025T17:35:22 - [TEST_STEP][PASSED] - if (include): null

27-02-2025T17:35:22 - [TEST_STEP][PASSED] - println(line): null

27-02-2025T17:35:22 - [TEST_STEP][PASSED] - comma = line.indexOf(",y"): null

27-02-2025T17:35:22 - [TEST_STEP][PASSED] - if (comma > 0): null

27-02-2025T17:35:22 - [TEST_STEP][PASSED] - line = reader.readLine(): null

27-02-2025T17:35:22 - [TEST_STEP][PASSED] - println(line): null

27-02-2025T17:35:22 - [TEST_STEP][PASSED] - group = line.indexOf("<Group>"): null

27-02-2025T17:35:22 - [TEST_STEP][PASSED] - println(group): null

27-02-2025T17:35:22 - [TEST_STEP][PASSED] - if (group >= 0): null

27-02-2025T17:35:22 - [TEST_STEP][PASSED] - else: null

27-02-2025T17:35:22 - [TEST_STEP][PASSED] - if (include): null

27-02-2025T17:35:22 - [TEST_STEP][PASSED] - println(line): null

27-02-2025T17:35:22 - [TEST_STEP][PASSED] - comma = line.indexOf(",y"): null

27-02-2025T17:35:22 - [TEST_STEP][PASSED] - if (comma > 0): null

27-02-2025T17:35:22 - [TEST_STEP][PASSED] - line = reader.readLine(): null

27-02-2025T17:35:22 - [TEST_STEP][PASSED] - println(line): null

27-02-2025T17:35:22 - [TEST_STEP][PASSED] - group = line.indexOf("<Group>"): null

27-02-2025T17:35:22 - [TEST_STEP][PASSED] - println(group): null

27-02-2025T17:35:22 - [TEST_STEP][PASSED] - if (group >= 0): null

27-02-2025T17:35:22 - [TEST_STEP][PASSED] - else: null

27-02-2025T17:35:22 - [TEST_STEP][PASSED] - if (include): null

27-02-2025T17:35:22 - [TEST_STEP][PASSED] - println(line): null

27-02-2025T17:35:22 - [TEST_STEP][PASSED] - comma = line.indexOf(",y"): null

27-02-2025T17:35:22 - [TEST_STEP][PASSED] - if (comma > 0): null

27-02-2025T17:35:22 - [TEST_STEP][PASSED] - line = reader.readLine(): null

27-02-2025T17:35:22 - [TEST_STEP][PASSED] - println(line): null

27-02-2025T17:35:22 - [TEST_STEP][PASSED] - group = line.indexOf("<Group>"): null

27-02-2025T17:35:22 - [TEST_STEP][PASSED] - println(group): null

27-02-2025T17:35:22 - [TEST_STEP][PASSED] - if (group >= 0): null

27-02-2025T17:35:22 - [TEST_STEP][PASSED] - else: null

27-02-2025T17:35:22 - [TEST_STEP][PASSED] - if (include): null

27-02-2025T17:35:22 - [TEST_STEP][PASSED] - println(line): null

27-02-2025T17:35:22 - [TEST_STEP][PASSED] - comma = line.indexOf(",y"): null

27-02-2025T17:35:22 - [TEST_STEP][PASSED] - if (comma > 0): null

27-02-2025T17:35:22 - [TEST_STEP][PASSED] - line = reader.readLine(): null

27-02-2025T17:35:22 - [TEST_STEP][PASSED] - println(line): null

27-02-2025T17:35:22 - [TEST_STEP][PASSED] - group = line.indexOf("<Group>"): null

27-02-2025T17:35:22 - [TEST_STEP][PASSED] - println(group): null

27-02-2025T17:35:22 - [TEST_STEP][PASSED] - if (group >= 0): null

27-02-2025T17:35:22 - [TEST_STEP][PASSED] - else: null

27-02-2025T17:35:22 - [TEST_STEP][PASSED] - if (include): null

27-02-2025T17:35:22 - [TEST_STEP][PASSED] - println(line): null

27-02-2025T17:35:22 - [TEST_STEP][PASSED] - comma = line.indexOf(",y"): null

27-02-2025T17:35:22 - [TEST_STEP][PASSED] - if (comma > 0): null

27-02-2025T17:35:22 - [TEST_STEP][PASSED] - line = reader.readLine(): null

27-02-2025T17:35:22 - [TEST_STEP][PASSED] - println(line): null

27-02-2025T17:35:22 - [TEST_STEP][PASSED] - group = line.indexOf("<Group>"): null

27-02-2025T17:35:22 - [TEST_STEP][PASSED] - println(group): null

27-02-2025T17:35:22 - [TEST_STEP][PASSED] - if (group >= 0): null

27-02-2025T17:35:22 - [TEST_STEP][PASSED] - else: null

27-02-2025T17:35:22 - [TEST_STEP][PASSED] - if (include): null

27-02-2025T17:35:22 - [TEST_STEP][PASSED] - println(line): null

27-02-2025T17:35:22 - [TEST_STEP][PASSED] - comma = line.indexOf(",y"): null

27-02-2025T17:35:22 - [TEST_STEP][PASSED] - if (comma > 0): null

27-02-2025T17:35:22 - [TEST_STEP][PASSED] - line = reader.readLine(): null

27-02-2025T17:35:22 - [TEST_STEP][PASSED] - println(line): null

27-02-2025T17:35:22 - [TEST_STEP][PASSED] - group = line.indexOf("<Group>"): null

27-02-2025T17:35:22 - [TEST_STEP][PASSED] - println(group): null

27-02-2025T17:35:22 - [TEST_STEP][PASSED] - if (group >= 0): null

27-02-2025T17:35:22 - [TEST_STEP][PASSED] - else: null

27-02-2025T17:35:22 - [TEST_STEP][PASSED] - if (include): null

27-02-2025T17:35:22 - [TEST_STEP][PASSED] - println(line): null

27-02-2025T17:35:22 - [TEST_STEP][PASSED] - comma = line.indexOf(",y"): null

27-02-2025T17:35:22 - [TEST_STEP][PASSED] - if (comma > 0): null

27-02-2025T17:35:22 - [TEST_STEP][PASSED] - line = reader.readLine(): null

27-02-2025T17:35:22 - [TEST_STEP][PASSED] - println(line): null

27-02-2025T17:35:22 - [TEST_STEP][PASSED] - group = line.indexOf("<Group>"): null

27-02-2025T17:35:22 - [TEST_STEP][PASSED] - println(group): null

27-02-2025T17:35:22 - [TEST_STEP][PASSED] - if (group >= 0): null

27-02-2025T17:35:22 - [TEST_STEP][PASSED] - else: null

27-02-2025T17:35:22 - [TEST_STEP][PASSED] - if (include): null

27-02-2025T17:35:22 - [TEST_STEP][PASSED] - println(line): null

27-02-2025T17:35:22 - [TEST_STEP][PASSED] - comma = line.indexOf(",y"): null

27-02-2025T17:35:22 - [TEST_STEP][PASSED] - if (comma > 0): null

27-02-2025T17:35:22 - [TEST_STEP][PASSED] - line = reader.readLine(): null

27-02-2025T17:35:22 - [TEST_STEP][PASSED] - println(line): null

27-02-2025T17:35:22 - [TEST_STEP][PASSED] - group = line.indexOf("<Group>"): null

27-02-2025T17:35:22 - [TEST_STEP][PASSED] - println(group): null

27-02-2025T17:35:22 - [TEST_STEP][PASSED] - if (group >= 0): null

27-02-2025T17:35:22 - [TEST_STEP][PASSED] - else: null

27-02-2025T17:35:22 - [TEST_STEP][PASSED] - if (include): null

27-02-2025T17:35:22 - [TEST_STEP][PASSED] - println(line): null

27-02-2025T17:35:22 - [TEST_STEP][PASSED] - comma = line.indexOf(",y"): null

27-02-2025T17:35:22 - [TEST_STEP][PASSED] - if (comma > 0): null

27-02-2025T17:35:22 - [TEST_STEP][PASSED] - line = reader.readLine(): null

27-02-2025T17:35:22 - [TEST_STEP][PASSED] - println(line): null

27-02-2025T17:35:22 - [TEST_STEP][PASSED] - group = line.indexOf("<Group>"): null

27-02-2025T17:35:22 - [TEST_STEP][PASSED] - println(group): null

27-02-2025T17:35:22 - [TEST_STEP][PASSED] - if (group >= 0): null

27-02-2025T17:35:22 - [TEST_STEP][PASSED] - else: null

27-02-2025T17:35:22 - [TEST_STEP][PASSED] - if (include): null

27-02-2025T17:35:22 - [TEST_STEP][PASSED] - println(line): null

27-02-2025T17:35:22 - [TEST_STEP][PASSED] - comma = line.indexOf(",y"): null

27-02-2025T17:35:22 - [TEST_STEP][PASSED] - if (comma > 0): null

27-02-2025T17:35:22 - [TEST_STEP][PASSED] - line = reader.readLine(): null

27-02-2025T17:35:22 - [TEST_STEP][PASSED] - println(line): null

27-02-2025T17:35:22 - [TEST_STEP][PASSED] - group = line.indexOf("<Group>"): null

27-02-2025T17:35:22 - [TEST_STEP][PASSED] - println(group): null

27-02-2025T17:35:22 - [TEST_STEP][PASSED] - if (group >= 0): null

27-02-2025T17:35:22 - [TEST_STEP][PASSED] - else: null

27-02-2025T17:35:22 - [TEST_STEP][PASSED] - if (include): null

27-02-2025T17:35:22 - [TEST_STEP][PASSED] - println(line): null

27-02-2025T17:35:22 - [TEST_STEP][PASSED] - comma = line.indexOf(",y"): null

27-02-2025T17:35:22 - [TEST_STEP][PASSED] - if (comma > 0): null

27-02-2025T17:35:22 - [TEST_STEP][PASSED] - line = reader.readLine(): null

27-02-2025T17:35:22 - [TEST_STEP][PASSED] - println(line): null

27-02-2025T17:35:22 - [TEST_STEP][PASSED] - group = line.indexOf("<Group>"): null

27-02-2025T17:35:22 - [TEST_STEP][PASSED] - println(group): null

27-02-2025T17:35:22 - [TEST_STEP][PASSED] - if (group >= 0): null

27-02-2025T17:35:22 - [TEST_STEP][PASSED] - else: null

27-02-2025T17:35:22 - [TEST_STEP][PASSED] - if (include): null

27-02-2025T17:35:22 - [TEST_STEP][PASSED] - println(line): null

27-02-2025T17:35:22 - [TEST_STEP][PASSED] - comma = line.indexOf(",y"): null

27-02-2025T17:35:22 - [TEST_STEP][PASSED] - if (comma > 0): null

27-02-2025T17:35:22 - [TEST_STEP][PASSED] - line = reader.readLine(): null

27-02-2025T17:35:22 - [TEST_STEP][PASSED] - println(line): null

27-02-2025T17:35:22 - [TEST_STEP][PASSED] - group = line.indexOf("<Group>"): null

27-02-2025T17:35:22 - [TEST_STEP][PASSED] - println(group): null

27-02-2025T17:35:22 - [TEST_STEP][PASSED] - if (group >= 0): null

27-02-2025T17:35:22 - [TEST_STEP][PASSED] - else: null

27-02-2025T17:35:22 - [TEST_STEP][PASSED] - if (include): null

27-02-2025T17:35:22 - [TEST_STEP][PASSED] - println(line): null

27-02-2025T17:35:22 - [TEST_STEP][PASSED] - comma = line.indexOf(",y"): null

27-02-2025T17:35:22 - [TEST_STEP][PASSED] - if (comma > 0): null

27-02-2025T17:35:22 - [TEST_STEP][PASSED] - line = reader.readLine(): null

27-02-2025T17:35:22 - [TEST_STEP][PASSED] - println(line): null

27-02-2025T17:35:22 - [TEST_STEP][PASSED] - group = line.indexOf("<Group>"): null

27-02-2025T17:35:22 - [TEST_STEP][PASSED] - println(group): null

27-02-2025T17:35:22 - [TEST_STEP][PASSED] - if (group >= 0): null

27-02-2025T17:35:22 - [TEST_STEP][PASSED] - else: null

27-02-2025T17:35:22 - [TEST_STEP][PASSED] - if (include): null

27-02-2025T17:35:22 - [TEST_STEP][PASSED] - println(line): null

27-02-2025T17:35:22 - [TEST_STEP][PASSED] - comma = line.indexOf(",y"): null

27-02-2025T17:35:22 - [TEST_STEP][PASSED] - if (comma > 0): null

27-02-2025T17:35:22 - [TEST_STEP][PASSED] - line = reader.readLine(): null

27-02-2025T17:35:22 - [TEST_STEP][PASSED] - println(line): null

27-02-2025T17:35:22 - [TEST_STEP][PASSED] - group = line.indexOf("<Group>"): null

27-02-2025T17:35:22 - [TEST_STEP][PASSED] - println(group): null

27-02-2025T17:35:22 - [TEST_STEP][PASSED] - if (group >= 0): null

27-02-2025T17:35:22 - [TEST_STEP][PASSED] - else: null

27-02-2025T17:35:22 - [TEST_STEP][PASSED] - if (include): null

27-02-2025T17:35:22 - [TEST_STEP][PASSED] - println(line): null

27-02-2025T17:35:22 - [TEST_STEP][PASSED] - comma = line.indexOf(",y"): null

27-02-2025T17:35:22 - [TEST_STEP][PASSED] - if (comma > 0): null

27-02-2025T17:35:22 - [TEST_STEP][PASSED] - line = reader.readLine(): null

27-02-2025T17:35:22 - [TEST_STEP][PASSED] - println(line): null

27-02-2025T17:35:22 - [TEST_STEP][PASSED] - group = line.indexOf("<Group>"): null

27-02-2025T17:35:22 - [TEST_STEP][PASSED] - println(group): null

27-02-2025T17:35:22 - [TEST_STEP][PASSED] - if (group >= 0): null

27-02-2025T17:35:22 - [TEST_STEP][PASSED] - else: null

27-02-2025T17:35:22 - [TEST_STEP][PASSED] - if (include): null

27-02-2025T17:35:22 - [TEST_STEP][PASSED] - println(line): null

27-02-2025T17:35:22 - [TEST_STEP][PASSED] - comma = line.indexOf(",y"): null

27-02-2025T17:35:22 - [TEST_STEP][PASSED] - if (comma > 0): null

27-02-2025T17:35:22 - [TEST_STEP][PASSED] - line = reader.readLine(): null

27-02-2025T17:35:22 - [TEST_STEP][PASSED] - println(line): null

27-02-2025T17:35:22 - [TEST_STEP][PASSED] - group = line.indexOf("<Group>"): null

27-02-2025T17:35:22 - [TEST_STEP][PASSED] - println(group): null

27-02-2025T17:35:22 - [TEST_STEP][PASSED] - if (group >= 0): null

27-02-2025T17:35:22 - [TEST_STEP][PASSED] - else: null

27-02-2025T17:35:22 - [TEST_STEP][PASSED] - if (include): null

27-02-2025T17:35:22 - [TEST_STEP][PASSED] - println(line): null

27-02-2025T17:35:22 - [TEST_STEP][PASSED] - comma = line.indexOf(",y"): null

27-02-2025T17:35:22 - [TEST_STEP][PASSED] - if (comma > 0): null

27-02-2025T17:35:22 - [TEST_STEP][PASSED] - line = reader.readLine(): null

27-02-2025T17:35:22 - [TEST_STEP][PASSED] - println(line): null

27-02-2025T17:35:22 - [TEST_STEP][PASSED] - group = line.indexOf("<Group>"): null

27-02-2025T17:35:22 - [TEST_STEP][PASSED] - println(group): null

27-02-2025T17:35:22 - [TEST_STEP][PASSED] - if (group >= 0): null

27-02-2025T17:35:22 - [TEST_STEP][PASSED] - else: null

27-02-2025T17:35:22 - [TEST_STEP][PASSED] - if (include): null

27-02-2025T17:35:22 - [TEST_STEP][PASSED] - println(line): null

27-02-2025T17:35:22 - [TEST_STEP][PASSED] - comma = line.indexOf(",y"): null

27-02-2025T17:35:22 - [TEST_STEP][PASSED] - if (comma > 0): null

27-02-2025T17:35:22 - [TEST_STEP][PASSED] - line = reader.readLine(): null

27-02-2025T17:35:22 - [TEST_STEP][PASSED] - println(line): null

27-02-2025T17:35:22 - [TEST_STEP][PASSED] - group = line.indexOf("<Group>"): null

27-02-2025T17:35:22 - [TEST_STEP][PASSED] - println(group): null

27-02-2025T17:35:22 - [TEST_STEP][PASSED] - if (group >= 0): null

27-02-2025T17:35:22 - [TEST_STEP][PASSED] - else: null

27-02-2025T17:35:22 - [TEST_STEP][PASSED] - if (include): null

27-02-2025T17:35:22 - [TEST_STEP][PASSED] - println(line): null

27-02-2025T17:35:22 - [TEST_STEP][PASSED] - comma = line.indexOf(",y"): null

27-02-2025T17:35:22 - [TEST_STEP][PASSED] - if (comma > 0): null

27-02-2025T17:35:22 - [TEST_STEP][PASSED] - line = reader.readLine(): null

27-02-2025T17:35:22 - [TEST_STEP][PASSED] - println(line): null

27-02-2025T17:35:22 - [TEST_STEP][PASSED] - group = line.indexOf("<Group>"): null

27-02-2025T17:35:22 - [TEST_STEP][PASSED] - println(group): null

27-02-2025T17:35:22 - [TEST_STEP][PASSED] - if (group >= 0): null

27-02-2025T17:35:22 - [TEST_STEP][PASSED] - else: null

27-02-2025T17:35:22 - [TEST_STEP][PASSED] - if (include): null

27-02-2025T17:35:22 - [TEST_STEP][PASSED] - println(line): null

27-02-2025T17:35:22 - [TEST_STEP][PASSED] - comma = line.indexOf(",y"): null

27-02-2025T17:35:22 - [TEST_STEP][PASSED] - if (comma > 0): null

27-02-2025T17:35:22 - [TEST_STEP][PASSED] - line = reader.readLine(): null

27-02-2025T17:35:22 - [TEST_STEP][PASSED] - println(line): null

27-02-2025T17:35:22 - [TEST_STEP][PASSED] - group = line.indexOf("<Group>"): null

27-02-2025T17:35:22 - [TEST_STEP][PASSED] - println(group): null

27-02-2025T17:35:22 - [TEST_STEP][PASSED] - if (group >= 0): null

27-02-2025T17:35:22 - [TEST_STEP][PASSED] - else: null

27-02-2025T17:35:22 - [TEST_STEP][PASSED] - if (include): null

27-02-2025T17:35:22 - [TEST_STEP][PASSED] - println(line): null

27-02-2025T17:35:22 - [TEST_STEP][PASSED] - comma = line.indexOf(",y"): null

27-02-2025T17:35:22 - [TEST_STEP][PASSED] - if (comma > 0): null

27-02-2025T17:35:22 - [TEST_STEP][PASSED] - line = reader.readLine(): null

27-02-2025T17:35:22 - [TEST_STEP][PASSED] - println(line): null

27-02-2025T17:35:22 - [TEST_STEP][PASSED] - group = line.indexOf("<Group>"): null

27-02-2025T17:35:22 - [TEST_STEP][PASSED] - println(group): null

27-02-2025T17:35:22 - [TEST_STEP][PASSED] - if (group >= 0): null

27-02-2025T17:35:22 - [TEST_STEP][PASSED] - else: null

27-02-2025T17:35:22 - [TEST_STEP][PASSED] - if (include): null

27-02-2025T17:35:22 - [TEST_STEP][PASSED] - println(line): null

27-02-2025T17:35:22 - [TEST_STEP][PASSED] - comma = line.indexOf(",y"): null

27-02-2025T17:35:22 - [TEST_STEP][PASSED] - if (comma > 0): null

27-02-2025T17:35:22 - [TEST_STEP][PASSED] - line = reader.readLine(): null

27-02-2025T17:35:22 - [TEST_STEP][PASSED] - println(line): null

27-02-2025T17:35:22 - [TEST_STEP][PASSED] - group = line.indexOf("<Group>"): null

27-02-2025T17:35:22 - [TEST_STEP][PASSED] - println(group): null

27-02-2025T17:35:22 - [TEST_STEP][PASSED] - if (group >= 0): null

27-02-2025T17:35:22 - [TEST_STEP][PASSED] - else: null

27-02-2025T17:35:22 - [TEST_STEP][PASSED] - if (include): null

27-02-2025T17:35:22 - [TEST_STEP][PASSED] - println(line): null

27-02-2025T17:35:22 - [TEST_STEP][PASSED] - comma = line.indexOf(",y"): null

27-02-2025T17:35:22 - [TEST_STEP][PASSED] - if (comma > 0): null

27-02-2025T17:35:22 - [TEST_STEP][PASSED] - line = reader.readLine(): null

27-02-2025T17:35:22 - [TEST_STEP][PASSED] - println(line): null

27-02-2025T17:35:22 - [TEST_STEP][PASSED] - group = line.indexOf("<Group>"): null

27-02-2025T17:35:22 - [TEST_STEP][PASSED] - println(group): null

27-02-2025T17:35:22 - [TEST_STEP][PASSED] - if (group >= 0): null

27-02-2025T17:35:22 - [TEST_STEP][PASSED] - else: null

27-02-2025T17:35:22 - [TEST_STEP][PASSED] - if (include): null

27-02-2025T17:35:22 - [TEST_STEP][PASSED] - println(line): null

27-02-2025T17:35:22 - [TEST_STEP][PASSED] - comma = line.indexOf(",y"): null

27-02-2025T17:35:22 - [TEST_STEP][PASSED] - if (comma > 0): null

27-02-2025T17:35:22 - [TEST_STEP][PASSED] - line = reader.readLine(): null

27-02-2025T17:35:22 - [TEST_STEP][PASSED] - println(line): null

27-02-2025T17:35:22 - [TEST_STEP][PASSED] - group = line.indexOf("<Group>"): null

27-02-2025T17:35:22 - [TEST_STEP][PASSED] - println(group): null

27-02-2025T17:35:22 - [TEST_STEP][PASSED] - if (group >= 0): null

27-02-2025T17:35:22 - [TEST_STEP][PASSED] - else: null

27-02-2025T17:35:22 - [TEST_STEP][PASSED] - if (include): null

27-02-2025T17:35:22 - [TEST_STEP][PASSED] - println(line): null

27-02-2025T17:35:22 - [TEST_STEP][PASSED] - comma = line.indexOf(",y"): null

27-02-2025T17:35:22 - [TEST_STEP][PASSED] - if (comma > 0): null

27-02-2025T17:35:22 - [TEST_STEP][PASSED] - line = reader.readLine(): null

27-02-2025T17:35:22 - [TEST_STEP][PASSED] - println(line): null

27-02-2025T17:35:22 - [TEST_STEP][PASSED] - group = line.indexOf("<Group>"): null

27-02-2025T17:35:22 - [TEST_STEP][PASSED] - println(group): null

27-02-2025T17:35:22 - [TEST_STEP][PASSED] - if (group >= 0): null

27-02-2025T17:35:22 - [TEST_STEP][PASSED] - else: null

27-02-2025T17:35:22 - [TEST_STEP][PASSED] - if (include): null

27-02-2025T17:35:22 - [TEST_STEP][PASSED] - println(line): null

27-02-2025T17:35:22 - [TEST_STEP][PASSED] - comma = line.indexOf(",y"): null

27-02-2025T17:35:22 - [TEST_STEP][PASSED] - if (comma > 0): null

27-02-2025T17:35:22 - [TEST_STEP][PASSED] - line = reader.readLine(): null

27-02-2025T17:35:22 - [TEST_STEP][PASSED] - println(line): null

27-02-2025T17:35:22 - [TEST_STEP][PASSED] - group = line.indexOf("<Group>"): null

27-02-2025T17:35:22 - [TEST_STEP][PASSED] - println(group): null

27-02-2025T17:35:22 - [TEST_STEP][PASSED] - if (group >= 0): null

27-02-2025T17:35:22 - [TEST_STEP][PASSED] - else: null

27-02-2025T17:35:22 - [TEST_STEP][PASSED] - if (include): null

27-02-2025T17:35:22 - [TEST_STEP][PASSED] - println(line): null

27-02-2025T17:35:22 - [TEST_STEP][PASSED] - comma = line.indexOf(",y"): null

27-02-2025T17:35:22 - [TEST_STEP][PASSED] - if (comma > 0): null

27-02-2025T17:35:22 - [TEST_STEP][PASSED] - line = reader.readLine(): null

27-02-2025T17:35:22 - [TEST_STEP][PASSED] - println(line): null

27-02-2025T17:35:22 - [TEST_STEP][PASSED] - group = line.indexOf("<Group>"): null

27-02-2025T17:35:22 - [TEST_STEP][PASSED] - println(group): null

27-02-2025T17:35:22 - [TEST_STEP][PASSED] - if (group >= 0): null

27-02-2025T17:35:22 - [TEST_STEP][PASSED] - else: null

27-02-2025T17:35:22 - [TEST_STEP][PASSED] - if (include): null

27-02-2025T17:35:22 - [TEST_STEP][PASSED] - println(line): null

27-02-2025T17:35:22 - [TEST_STEP][PASSED] - comma = line.indexOf(",y"): null

27-02-2025T17:35:22 - [TEST_STEP][PASSED] - if (comma > 0): null

27-02-2025T17:35:22 - [TEST_STEP][PASSED] - line = reader.readLine(): null

27-02-2025T17:35:22 - [TEST_STEP][PASSED] - println(line): null

27-02-2025T17:35:22 - [TEST_STEP][PASSED] - group = line.indexOf("<Group>"): null

27-02-2025T17:35:22 - [TEST_STEP][PASSED] - println(group): null

27-02-2025T17:35:22 - [TEST_STEP][PASSED] - if (group >= 0): null

27-02-2025T17:35:22 - [TEST_STEP][PASSED] - else: null

27-02-2025T17:35:22 - [TEST_STEP][PASSED] - if (include): null

27-02-2025T17:35:22 - [TEST_STEP][PASSED] - println(line): null

27-02-2025T17:35:22 - [TEST_STEP][PASSED] - comma = line.indexOf(",y"): null

27-02-2025T17:35:22 - [TEST_STEP][PASSED] - if (comma > 0): null

27-02-2025T17:35:22 - [TEST_STEP][PASSED] - line = reader.readLine(): null

27-02-2025T17:35:22 - [TEST_STEP][PASSED] - println(line): null

27-02-2025T17:35:22 - [TEST_STEP][PASSED] - group = line.indexOf("<Group>"): null

27-02-2025T17:35:22 - [TEST_STEP][PASSED] - println(group): null

27-02-2025T17:35:22 - [TEST_STEP][PASSED] - if (group >= 0): null

27-02-2025T17:35:22 - [TEST_STEP][PASSED] - else: null

27-02-2025T17:35:22 - [TEST_STEP][PASSED] - if (include): null

27-02-2025T17:35:22 - [TEST_STEP][PASSED] - println(line): null

27-02-2025T17:35:22 - [TEST_STEP][PASSED] - comma = line.indexOf(",y"): null

27-02-2025T17:35:22 - [TEST_STEP][PASSED] - if (comma > 0): null

27-02-2025T17:35:22 - [TEST_STEP][PASSED] - line = reader.readLine(): null

27-02-2025T17:35:22 - [TEST_STEP][PASSED] - println(line): null

27-02-2025T17:35:22 - [TEST_STEP][PASSED] - group = line.indexOf("<Group>"): null

27-02-2025T17:35:22 - [TEST_STEP][PASSED] - println(group): null

27-02-2025T17:35:22 - [TEST_STEP][PASSED] - if (group >= 0): null

27-02-2025T17:35:22 - [TEST_STEP][PASSED] - else: null

27-02-2025T17:35:22 - [TEST_STEP][PASSED] - if (include): null

27-02-2025T17:35:22 - [TEST_STEP][PASSED] - println(line): null

27-02-2025T17:35:22 - [TEST_STEP][PASSED] - comma = line.indexOf(",y"): null

27-02-2025T17:35:22 - [TEST_STEP][PASSED] - if (comma > 0): null

27-02-2025T17:35:22 - [TEST_STEP][PASSED] - line = reader.readLine(): null

27-02-2025T17:35:22 - [TEST_STEP][PASSED] - println(line): null

27-02-2025T17:35:22 - [TEST_STEP][PASSED] - group = line.indexOf("<Group>"): null

27-02-2025T17:35:22 - [TEST_STEP][PASSED] - println(group): null

27-02-2025T17:35:22 - [TEST_STEP][PASSED] - if (group >= 0): null

27-02-2025T17:35:22 - [TEST_STEP][PASSED] - else: null

27-02-2025T17:35:22 - [TEST_STEP][PASSED] - if (include): null

27-02-2025T17:35:22 - [TEST_STEP][PASSED] - println(line): null

27-02-2025T17:35:22 - [TEST_STEP][PASSED] - comma = line.indexOf(",y"): null

27-02-2025T17:35:22 - [TEST_STEP][PASSED] - if (comma > 0): null

27-02-2025T17:35:22 - [TEST_STEP][PASSED] - line = reader.readLine(): null

27-02-2025T17:35:22 - [TEST_STEP][PASSED] - println(line): null

27-02-2025T17:35:22 - [TEST_STEP][PASSED] - group = line.indexOf("<Group>"): null

27-02-2025T17:35:22 - [TEST_STEP][PASSED] - println(group): null

27-02-2025T17:35:22 - [TEST_STEP][PASSED] - if (group >= 0): null

27-02-2025T17:35:22 - [TEST_STEP][PASSED] - else: null

27-02-2025T17:35:22 - [TEST_STEP][PASSED] - if (include): null

27-02-2025T17:35:22 - [TEST_STEP][PASSED] - println(line): null

27-02-2025T17:35:22 - [TEST_STEP][PASSED] - comma = line.indexOf(",y"): null

27-02-2025T17:35:22 - [TEST_STEP][PASSED] - if (comma > 0): null

27-02-2025T17:35:22 - [TEST_STEP][PASSED] - line = reader.readLine(): null

27-02-2025T17:35:22 - [TEST_STEP][PASSED] - println(line): null

27-02-2025T17:35:22 - [TEST_STEP][PASSED] - group = line.indexOf("<Group>"): null

27-02-2025T17:35:22 - [TEST_STEP][PASSED] - println(group): null

27-02-2025T17:35:22 - [TEST_STEP][PASSED] - if (group >= 0): null

27-02-2025T17:35:22 - [TEST_STEP][PASSED] - else: null

27-02-2025T17:35:22 - [TEST_STEP][PASSED] - if (include): null

27-02-2025T17:35:22 - [TEST_STEP][PASSED] - println(line): null

27-02-2025T17:35:22 - [TEST_STEP][PASSED] - comma = line.indexOf(",y"): null

27-02-2025T17:35:22 - [TEST_STEP][PASSED] - if (comma > 0): null

27-02-2025T17:35:22 - [TEST_STEP][PASSED] - line = reader.readLine(): null

27-02-2025T17:35:22 - [TEST_STEP][PASSED] - println(line): null

27-02-2025T17:35:22 - [TEST_STEP][PASSED] - group = line.indexOf("<Group>"): null

27-02-2025T17:35:22 - [TEST_STEP][PASSED] - println(group): null

27-02-2025T17:35:22 - [TEST_STEP][PASSED] - if (group >= 0): null

27-02-2025T17:35:22 - [TEST_STEP][PASSED] - else: null

27-02-2025T17:35:22 - [TEST_STEP][PASSED] - if (include): null

27-02-2025T17:35:22 - [TEST_STEP][PASSED] - println(line): null

27-02-2025T17:35:22 - [TEST_STEP][PASSED] - comma = line.indexOf(",y"): null

27-02-2025T17:35:22 - [TEST_STEP][PASSED] - if (comma > 0): null

27-02-2025T17:35:22 - [TEST_STEP][PASSED] - line = reader.readLine(): null

27-02-2025T17:35:22 - [TEST_STEP][PASSED] - println(line): null

27-02-2025T17:35:22 - [TEST_STEP][PASSED] - group = line.indexOf("<Group>"): null

27-02-2025T17:35:22 - [TEST_STEP][PASSED] - println(group): null

27-02-2025T17:35:22 - [TEST_STEP][PASSED] - if (group >= 0): null

27-02-2025T17:35:22 - [TEST_STEP][PASSED] - else: null

27-02-2025T17:35:22 - [TEST_STEP][PASSED] - if (include): null

27-02-2025T17:35:22 - [TEST_STEP][PASSED] - println(line): null

27-02-2025T17:35:22 - [TEST_STEP][PASSED] - comma = line.indexOf(",y"): null

27-02-2025T17:35:22 - [TEST_STEP][PASSED] - if (comma > 0): null

27-02-2025T17:35:22 - [TEST_STEP][PASSED] - line = reader.readLine(): null

27-02-2025T17:35:22 - [TEST_STEP][PASSED] - println(line): null

27-02-2025T17:35:22 - [TEST_STEP][PASSED] - group = line.indexOf("<Group>"): null

27-02-2025T17:35:22 - [TEST_STEP][PASSED] - println(group): null

27-02-2025T17:35:22 - [TEST_STEP][PASSED] - if (group >= 0): null

27-02-2025T17:35:22 - [TEST_STEP][PASSED] - else: null

27-02-2025T17:35:22 - [TEST_STEP][PASSED] - if (include): null

27-02-2025T17:35:22 - [TEST_STEP][PASSED] - println(line): null

27-02-2025T17:35:22 - [TEST_STEP][PASSED] - comma = line.indexOf(",y"): null

27-02-2025T17:35:22 - [TEST_STEP][PASSED] - if (comma > 0): null

27-02-2025T17:35:22 - [TEST_STEP][PASSED] - line = reader.readLine(): null

27-02-2025T17:35:22 - [TEST_STEP][PASSED] - println(line): null

27-02-2025T17:35:22 - [TEST_STEP][PASSED] - group = line.indexOf("<Group>"): null

27-02-2025T17:35:22 - [TEST_STEP][PASSED] - println(group): null

27-02-2025T17:35:22 - [TEST_STEP][PASSED] - if (group >= 0): null

27-02-2025T17:35:22 - [TEST_STEP][PASSED] - else: null

27-02-2025T17:35:22 - [TEST_STEP][PASSED] - if (include): null

27-02-2025T17:35:22 - [TEST_STEP][PASSED] - println(line): null

27-02-2025T17:35:22 - [TEST_STEP][PASSED] - comma = line.indexOf(",y"): null

27-02-2025T17:35:22 - [TEST_STEP][PASSED] - if (comma > 0): null

27-02-2025T17:35:22 - [TEST_STEP][PASSED] - line = reader.readLine(): null

27-02-2025T17:35:22 - [TEST_STEP][PASSED] - println(line): null

27-02-2025T17:35:22 - [TEST_STEP][PASSED] - group = line.indexOf("<Group>"): null

27-02-2025T17:35:22 - [TEST_STEP][PASSED] - println(group): null

27-02-2025T17:35:22 - [TEST_STEP][PASSED] - if (group >= 0): null

27-02-2025T17:35:22 - [TEST_STEP][PASSED] - else: null

27-02-2025T17:35:22 - [TEST_STEP][PASSED] - if (include): null

27-02-2025T17:35:22 - [TEST_STEP][PASSED] - println(line): null

27-02-2025T17:35:22 - [TEST_STEP][PASSED] - comma = line.indexOf(",y"): null

27-02-2025T17:35:22 - [TEST_STEP][PASSED] - if (comma > 0): null

27-02-2025T17:35:22 - [TEST_STEP][PASSED] - line = reader.readLine(): null

27-02-2025T17:35:22 - [TEST_STEP][PASSED] - println(line): null

27-02-2025T17:35:22 - [TEST_STEP][PASSED] - group = line.indexOf("<Group>"): null

27-02-2025T17:35:22 - [TEST_STEP][PASSED] - println(group): null

27-02-2025T17:35:22 - [TEST_STEP][PASSED] - if (group >= 0): null

27-02-2025T17:35:22 - [TEST_STEP][PASSED] - else: null

27-02-2025T17:35:22 - [TEST_STEP][PASSED] - if (include): null

27-02-2025T17:35:22 - [TEST_STEP][PASSED] - println(line): null

27-02-2025T17:35:22 - [TEST_STEP][PASSED] - comma = line.indexOf(",y"): null

27-02-2025T17:35:22 - [TEST_STEP][PASSED] - if (comma > 0): null

27-02-2025T17:35:22 - [TEST_STEP][PASSED] - line = reader.readLine(): null

27-02-2025T17:35:22 - [TEST_STEP][PASSED] - println(line): null

27-02-2025T17:35:22 - [TEST_STEP][PASSED] - group = line.indexOf("<Group>"): null

27-02-2025T17:35:22 - [TEST_STEP][PASSED] - println(group): null

27-02-2025T17:35:22 - [TEST_STEP][PASSED] - if (group >= 0): null

27-02-2025T17:35:22 - [TEST_STEP][PASSED] - else: null

27-02-2025T17:35:22 - [TEST_STEP][PASSED] - if (include): null

27-02-2025T17:35:22 - [TEST_STEP][PASSED] - println(line): null

27-02-2025T17:35:22 - [TEST_STEP][PASSED] - comma = line.indexOf(",y"): null

27-02-2025T17:35:22 - [TEST_STEP][PASSED] - if (comma > 0): null

27-02-2025T17:35:22 - [TEST_STEP][PASSED] - line = reader.readLine(): null

27-02-2025T17:35:22 - [TEST_STEP][PASSED] - println(line): null

27-02-2025T17:35:22 - [TEST_STEP][PASSED] - group = line.indexOf("<Group>"): null

27-02-2025T17:35:22 - [TEST_STEP][PASSED] - println(group): null

27-02-2025T17:35:22 - [TEST_STEP][PASSED] - if (group >= 0): null

27-02-2025T17:35:22 - [TEST_STEP][PASSED] - else: null

27-02-2025T17:35:22 - [TEST_STEP][PASSED] - if (include): null

27-02-2025T17:35:22 - [TEST_STEP][PASSED] - println(line): null

27-02-2025T17:35:22 - [TEST_STEP][PASSED] - comma = line.indexOf(",y"): null

27-02-2025T17:35:22 - [TEST_STEP][PASSED] - if (comma > 0): null

27-02-2025T17:35:22 - [TEST_STEP][PASSED] - line = reader.readLine(): null

27-02-2025T17:35:22 - [TEST_STEP][PASSED] - println(line): null

27-02-2025T17:35:22 - [TEST_STEP][PASSED] - group = line.indexOf("<Group>"): null

27-02-2025T17:35:22 - [TEST_STEP][PASSED] - println(group): null

27-02-2025T17:35:22 - [TEST_STEP][PASSED] - if (group >= 0): null

27-02-2025T17:35:22 - [TEST_STEP][PASSED] - else: null

27-02-2025T17:35:22 - [TEST_STEP][PASSED] - if (include): null

27-02-2025T17:35:22 - [TEST_STEP][PASSED] - println(line): null

27-02-2025T17:35:22 - [TEST_STEP][PASSED] - comma = line.indexOf(",y"): null

27-02-2025T17:35:22 - [TEST_STEP][PASSED] - if (comma > 0): null

27-02-2025T17:35:22 - [TEST_STEP][PASSED] - line = reader.readLine(): null

27-02-2025T17:35:22 - [TEST_STEP][PASSED] - println(line): null

27-02-2025T17:35:22 - [TEST_STEP][PASSED] - group = line.indexOf("<Group>"): null

27-02-2025T17:35:22 - [TEST_STEP][PASSED] - println(group): null

27-02-2025T17:35:22 - [TEST_STEP][PASSED] - if (group >= 0): null

27-02-2025T17:35:22 - [TEST_STEP][PASSED] - else: null

27-02-2025T17:35:22 - [TEST_STEP][PASSED] - if (include): null

27-02-2025T17:35:22 - [TEST_STEP][PASSED] - println(line): null

27-02-2025T17:35:22 - [TEST_STEP][PASSED] - comma = line.indexOf(",y"): null

27-02-2025T17:35:22 - [TEST_STEP][PASSED] - if (comma > 0): null

27-02-2025T17:35:22 - [TEST_STEP][PASSED] - line = reader.readLine(): null

27-02-2025T17:35:22 - [TEST_STEP][PASSED] - println(line): null

27-02-2025T17:35:22 - [TEST_STEP][PASSED] - group = line.indexOf("<Group>"): null

27-02-2025T17:35:22 - [TEST_STEP][PASSED] - println(group): null

27-02-2025T17:35:22 - [TEST_STEP][PASSED] - if (group >= 0): null

27-02-2025T17:35:22 - [TEST_STEP][PASSED] - else: null

27-02-2025T17:35:22 - [TEST_STEP][PASSED] - if (include): null

27-02-2025T17:35:22 - [TEST_STEP][PASSED] - println(line): null

27-02-2025T17:35:22 - [TEST_STEP][PASSED] - comma = line.indexOf(",y"): null

27-02-2025T17:35:22 - [TEST_STEP][PASSED] - if (comma > 0): null

27-02-2025T17:35:22 - [TEST_STEP][PASSED] - line = reader.readLine(): null

27-02-2025T17:35:22 - [TEST_STEP][PASSED] - println(line): null

27-02-2025T17:35:22 - [TEST_STEP][PASSED] - group = line.indexOf("<Group>"): null

27-02-2025T17:35:22 - [TEST_STEP][PASSED] - println(group): null

27-02-2025T17:35:22 - [TEST_STEP][PASSED] - if (group >= 0): null

27-02-2025T17:35:22 - [TEST_STEP][PASSED] - else: null

27-02-2025T17:35:22 - [TEST_STEP][PASSED] - if (include): null

27-02-2025T17:35:22 - [TEST_STEP][PASSED] - println(line): null

27-02-2025T17:35:22 - [TEST_STEP][PASSED] - comma = line.indexOf(",y"): null

27-02-2025T17:35:22 - [TEST_STEP][PASSED] - if (comma > 0): null

27-02-2025T17:35:22 - [TEST_STEP][PASSED] - line = reader.readLine(): null

27-02-2025T17:35:22 - [TEST_STEP][PASSED] - println(line): null

27-02-2025T17:35:22 - [TEST_STEP][PASSED] - group = line.indexOf("<Group>"): null

27-02-2025T17:35:22 - [TEST_STEP][PASSED] - println(group): null

27-02-2025T17:35:22 - [TEST_STEP][PASSED] - if (group >= 0): null

27-02-2025T17:35:22 - [TEST_STEP][PASSED] - else: null

27-02-2025T17:35:22 - [TEST_STEP][PASSED] - if (include): null

27-02-2025T17:35:22 - [TEST_STEP][PASSED] - println(line): null

27-02-2025T17:35:22 - [TEST_STEP][PASSED] - comma = line.indexOf(",y"): null

27-02-2025T17:35:22 - [TEST_STEP][PASSED] - if (comma > 0): null

27-02-2025T17:35:22 - [TEST_STEP][PASSED] - commaCount = StringUtils.countMatches(line, ","): null

27-02-2025T17:35:22 - [TEST_STEP][PASSED] - if (commaCount > 1): null

27-02-2025T17:35:22 - [TEST_STEP][PASSED] - else: null

27-02-2025T17:35:22 - [TEST_STEP][PASSED] - label = line.substring(1, comma): null

27-02-2025T17:35:22 - [TEST_STEP][PASSED] - println(label): null

27-02-2025T17:35:22 - [TEST_STEP][PASSED] - checked.add(label): null

27-02-2025T17:35:22 - [TEST_STEP][PASSED] - line = reader.readLine(): null

27-02-2025T17:35:22 - [TEST_STEP][PASSED] - println(line): null

27-02-2025T17:35:22 - [TEST_STEP][PASSED] - group = line.indexOf("<Group>"): null

27-02-2025T17:35:22 - [TEST_STEP][PASSED] - println(group): null

27-02-2025T17:35:22 - [TEST_STEP][PASSED] - if (group >= 0): null

27-02-2025T17:35:22 - [TEST_STEP][PASSED] - else: null

27-02-2025T17:35:22 - [TEST_STEP][PASSED] - if (include): null

27-02-2025T17:35:22 - [TEST_STEP][PASSED] - println(line): null

27-02-2025T17:35:22 - [TEST_STEP][PASSED] - comma = line.indexOf(",y"): null

27-02-2025T17:35:22 - [TEST_STEP][PASSED] - if (comma > 0): null

27-02-2025T17:35:22 - [TEST_STEP][PASSED] - line = reader.readLine(): null

27-02-2025T17:35:22 - [TEST_STEP][PASSED] - println(line): null

27-02-2025T17:35:22 - [TEST_STEP][PASSED] - group = line.indexOf("<Group>"): null

27-02-2025T17:35:22 - [TEST_STEP][PASSED] - println(group): null

27-02-2025T17:35:22 - [TEST_STEP][PASSED] - if (group >= 0): null

27-02-2025T17:35:22 - [TEST_STEP][PASSED] - else: null

27-02-2025T17:35:22 - [TEST_STEP][PASSED] - if (include): null

27-02-2025T17:35:22 - [TEST_STEP][PASSED] - println(line): null

27-02-2025T17:35:22 - [TEST_STEP][PASSED] - comma = line.indexOf(",y"): null

27-02-2025T17:35:22 - [TEST_STEP][PASSED] - if (comma > 0): null

27-02-2025T17:35:22 - [TEST_STEP][PASSED] - line = reader.readLine(): null

27-02-2025T17:35:22 - [TEST_STEP][PASSED] - println(line): null

27-02-2025T17:35:22 - [TEST_STEP][PASSED] - group = line.indexOf("<Group>"): null

27-02-2025T17:35:22 - [TEST_STEP][PASSED] - println(group): null

27-02-2025T17:35:22 - [TEST_STEP][PASSED] - if (group >= 0): null

27-02-2025T17:35:22 - [TEST_STEP][PASSED] - else: null

27-02-2025T17:35:22 - [TEST_STEP][PASSED] - if (include): null

27-02-2025T17:35:22 - [TEST_STEP][PASSED] - println(line): null

27-02-2025T17:35:22 - [TEST_STEP][PASSED] - comma = line.indexOf(",y"): null

27-02-2025T17:35:22 - [TEST_STEP][PASSED] - if (comma > 0): null

27-02-2025T17:35:22 - [TEST_STEP][PASSED] - line = reader.readLine(): null

27-02-2025T17:35:22 - [TEST_STEP][PASSED] - println(line): null

27-02-2025T17:35:22 - [TEST_STEP][PASSED] - group = line.indexOf("<Group>"): null

27-02-2025T17:35:22 - [TEST_STEP][PASSED] - println(group): null

27-02-2025T17:35:22 - [TEST_STEP][PASSED] - if (group >= 0): null

27-02-2025T17:35:22 - [TEST_STEP][PASSED] - else: null

27-02-2025T17:35:22 - [TEST_STEP][PASSED] - if (include): null

27-02-2025T17:35:22 - [TEST_STEP][PASSED] - println(line): null

27-02-2025T17:35:22 - [TEST_STEP][PASSED] - comma = line.indexOf(",y"): null

27-02-2025T17:35:22 - [TEST_STEP][PASSED] - if (comma > 0): null

27-02-2025T17:35:22 - [TEST_STEP][PASSED] - commaCount = StringUtils.countMatches(line, ","): null

27-02-2025T17:35:22 - [TEST_STEP][PASSED] - if (commaCount > 1): null

27-02-2025T17:35:22 - [TEST_STEP][PASSED] - else: null

27-02-2025T17:35:22 - [TEST_STEP][PASSED] - label = line.substring(1, comma): null

27-02-2025T17:35:22 - [TEST_STEP][PASSED] - println(label): null

27-02-2025T17:35:22 - [TEST_STEP][PASSED] - checked.add(label): null

27-02-2025T17:35:22 - [TEST_STEP][PASSED] - line = reader.readLine(): null

27-02-2025T17:35:22 - [TEST_STEP][PASSED] - println(line): null

27-02-2025T17:35:22 - [TEST_STEP][PASSED] - group = line.indexOf("<Group>"): null

27-02-2025T17:35:22 - [TEST_STEP][PASSED] - println(group): null

27-02-2025T17:35:22 - [TEST_STEP][PASSED] - if (group >= 0): null

27-02-2025T17:35:22 - [TEST_STEP][PASSED] - else: null

27-02-2025T17:35:22 - [TEST_STEP][PASSED] - if (include): null

27-02-2025T17:35:22 - [TEST_STEP][PASSED] - println(line): null

27-02-2025T17:35:22 - [TEST_STEP][PASSED] - comma = line.indexOf(",y"): null

27-02-2025T17:35:22 - [TEST_STEP][PASSED] - if (comma > 0): null

27-02-2025T17:35:22 - [TEST_STEP][PASSED] - line = reader.readLine(): null

27-02-2025T17:35:22 - [TEST_STEP][PASSED] - println(line): null

27-02-2025T17:35:22 - [TEST_STEP][PASSED] - group = line.indexOf("<Group>"): null

27-02-2025T17:35:22 - [TEST_STEP][PASSED] - println(group): null

27-02-2025T17:35:22 - [TEST_STEP][PASSED] - if (group >= 0): null

27-02-2025T17:35:22 - [TEST_STEP][PASSED] - else: null

27-02-2025T17:35:22 - [TEST_STEP][PASSED] - if (include): null

27-02-2025T17:35:22 - [TEST_STEP][PASSED] - println(line): null

27-02-2025T17:35:22 - [TEST_STEP][PASSED] - comma = line.indexOf(",y"): null

27-02-2025T17:35:22 - [TEST_STEP][PASSED] - if (comma > 0): null

27-02-2025T17:35:22 - [TEST_STEP][PASSED] - line = reader.readLine(): null

27-02-2025T17:35:22 - [TEST_STEP][PASSED] - println(line): null

27-02-2025T17:35:22 - [TEST_STEP][PASSED] - group = line.indexOf("<Group>"): null

27-02-2025T17:35:22 - [TEST_STEP][PASSED] - println(group): null

27-02-2025T17:35:22 - [TEST_STEP][PASSED] - if (group >= 0): null

27-02-2025T17:35:22 - [TEST_STEP][PASSED] - else: null

27-02-2025T17:35:22 - [TEST_STEP][PASSED] - if (include): null

27-02-2025T17:35:22 - [TEST_STEP][PASSED] - println(line): null

27-02-2025T17:35:22 - [TEST_STEP][PASSED] - comma = line.indexOf(",y"): null

27-02-2025T17:35:22 - [TEST_STEP][PASSED] - if (comma > 0): null

27-02-2025T17:35:22 - [TEST_STEP][PASSED] - line = reader.readLine(): null

27-02-2025T17:35:22 - [TEST_STEP][PASSED] - println(line): null

27-02-2025T17:35:22 - [TEST_STEP][PASSED] - group = line.indexOf("<Group>"): null

27-02-2025T17:35:22 - [TEST_STEP][PASSED] - println(group): null

27-02-2025T17:35:22 - [TEST_STEP][PASSED] - if (group >= 0): null

27-02-2025T17:35:22 - [TEST_STEP][PASSED] - else: null

27-02-2025T17:35:22 - [TEST_STEP][PASSED] - if (include): null

27-02-2025T17:35:22 - [TEST_STEP][PASSED] - println(line): null

27-02-2025T17:35:22 - [TEST_STEP][PASSED] - comma = line.indexOf(",y"): null

27-02-2025T17:35:22 - [TEST_STEP][PASSED] - if (comma > 0): null

27-02-2025T17:35:22 - [TEST_STEP][PASSED] - line = reader.readLine(): null

27-02-2025T17:35:22 - [TEST_STEP][PASSED] - println(line): null

27-02-2025T17:35:22 - [TEST_STEP][PASSED] - group = line.indexOf("<Group>"): null

27-02-2025T17:35:22 - [TEST_STEP][PASSED] - println(group): null

27-02-2025T17:35:22 - [TEST_STEP][PASSED] - if (group >= 0): null

27-02-2025T17:35:22 - [TEST_STEP][PASSED] - else: null

27-02-2025T17:35:22 - [TEST_STEP][PASSED] - if (include): null

27-02-2025T17:35:22 - [TEST_STEP][PASSED] - println(line): null

27-02-2025T17:35:22 - [TEST_STEP][PASSED] - comma = line.indexOf(",y"): null

27-02-2025T17:35:22 - [TEST_STEP][PASSED] - if (comma > 0): null

27-02-2025T17:35:22 - [TEST_STEP][PASSED] - line = reader.readLine(): null

27-02-2025T17:35:22 - [TEST_STEP][PASSED] - println(line): null

27-02-2025T17:35:22 - [TEST_STEP][PASSED] - group = line.indexOf("<Group>"): null

27-02-2025T17:35:22 - [TEST_STEP][PASSED] - println(group): null

27-02-2025T17:35:22 - [TEST_STEP][PASSED] - if (group >= 0): null

27-02-2025T17:35:22 - [TEST_STEP][PASSED] - else: null

27-02-2025T17:35:22 - [TEST_STEP][PASSED] - if (include): null

27-02-2025T17:35:22 - [TEST_STEP][PASSED] - println(line): null

27-02-2025T17:35:22 - [TEST_STEP][PASSED] - comma = line.indexOf(",y"): null

27-02-2025T17:35:22 - [TEST_STEP][PASSED] - if (comma > 0): null

27-02-2025T17:35:22 - [TEST_STEP][PASSED] - line = reader.readLine(): null

27-02-2025T17:35:22 - [TEST_STEP][PASSED] - println(line): null

27-02-2025T17:35:22 - [TEST_STEP][PASSED] - group = line.indexOf("<Group>"): null

27-02-2025T17:35:22 - [TEST_STEP][PASSED] - println(group): null

27-02-2025T17:35:22 - [TEST_STEP][PASSED] - if (group >= 0): null

27-02-2025T17:35:22 - [TEST_STEP][PASSED] - else: null

27-02-2025T17:35:22 - [TEST_STEP][PASSED] - if (include): null

27-02-2025T17:35:22 - [TEST_STEP][PASSED] - println(line): null

27-02-2025T17:35:22 - [TEST_STEP][PASSED] - comma = line.indexOf(",y"): null

27-02-2025T17:35:22 - [TEST_STEP][PASSED] - if (comma > 0): null

27-02-2025T17:35:22 - [TEST_STEP][PASSED] - line = reader.readLine(): null

27-02-2025T17:35:22 - [TEST_STEP][PASSED] - println(line): null

27-02-2025T17:35:22 - [TEST_STEP][PASSED] - group = line.indexOf("<Group>"): null

27-02-2025T17:35:22 - [TEST_STEP][PASSED] - println(group): null

27-02-2025T17:35:22 - [TEST_STEP][PASSED] - if (group >= 0): null

27-02-2025T17:35:22 - [TEST_STEP][PASSED] - else: null

27-02-2025T17:35:22 - [TEST_STEP][PASSED] - if (include): null

27-02-2025T17:35:22 - [TEST_STEP][PASSED] - println(line): null

27-02-2025T17:35:22 - [TEST_STEP][PASSED] - comma = line.indexOf(",y"): null

27-02-2025T17:35:22 - [TEST_STEP][PASSED] - if (comma > 0): null

27-02-2025T17:35:22 - [TEST_STEP][PASSED] - line = reader.readLine(): null

27-02-2025T17:35:22 - [TEST_STEP][PASSED] - println(line): null

27-02-2025T17:35:22 - [TEST_STEP][PASSED] - group = line.indexOf("<Group>"): null

27-02-2025T17:35:22 - [TEST_STEP][PASSED] - println(group): null

27-02-2025T17:35:22 - [TEST_STEP][PASSED] - if (group >= 0): null

27-02-2025T17:35:22 - [TEST_STEP][PASSED] - else: null

27-02-2025T17:35:22 - [TEST_STEP][PASSED] - if (include): null

27-02-2025T17:35:22 - [TEST_STEP][PASSED] - println(line): null

27-02-2025T17:35:22 - [TEST_STEP][PASSED] - comma = line.indexOf(",y"): null

27-02-2025T17:35:22 - [TEST_STEP][PASSED] - if (comma > 0): null

27-02-2025T17:35:22 - [TEST_STEP][PASSED] - line = reader.readLine(): null

27-02-2025T17:35:22 - [TEST_STEP][PASSED] - println(line): null

27-02-2025T17:35:22 - [TEST_STEP][PASSED] - group = line.indexOf("<Group>"): null

27-02-2025T17:35:22 - [TEST_STEP][PASSED] - println(group): null

27-02-2025T17:35:22 - [TEST_STEP][PASSED] - if (group >= 0): null

27-02-2025T17:35:22 - [TEST_STEP][PASSED] - else: null

27-02-2025T17:35:22 - [TEST_STEP][PASSED] - if (include): null

27-02-2025T17:35:22 - [TEST_STEP][PASSED] - println(line): null

27-02-2025T17:35:22 - [TEST_STEP][PASSED] - comma = line.indexOf(",y"): null

27-02-2025T17:35:22 - [TEST_STEP][PASSED] - if (comma > 0): null

27-02-2025T17:35:22 - [TEST_STEP][PASSED] - line = reader.readLine(): null

27-02-2025T17:35:22 - [TEST_STEP][PASSED] - println(line): null

27-02-2025T17:35:22 - [TEST_STEP][PASSED] - group = line.indexOf("<Group>"): null

27-02-2025T17:35:22 - [TEST_STEP][PASSED] - println(group): null

27-02-2025T17:35:22 - [TEST_STEP][PASSED] - if (group >= 0): null

27-02-2025T17:35:22 - [TEST_STEP][PASSED] - else: null

27-02-2025T17:35:22 - [TEST_STEP][PASSED] - if (include): null

27-02-2025T17:35:22 - [TEST_STEP][PASSED] - println(line): null

27-02-2025T17:35:22 - [TEST_STEP][PASSED] - comma = line.indexOf(",y"): null

27-02-2025T17:35:22 - [TEST_STEP][PASSED] - if (comma > 0): null

27-02-2025T17:35:22 - [TEST_STEP][PASSED] - line = reader.readLine(): null

27-02-2025T17:35:22 - [TEST_STEP][PASSED] - println(line): null

27-02-2025T17:35:22 - [TEST_STEP][PASSED] - group = line.indexOf("<Group>"): null

27-02-2025T17:35:22 - [TEST_STEP][PASSED] - println(group): null

27-02-2025T17:35:22 - [TEST_STEP][PASSED] - if (group >= 0): null

27-02-2025T17:35:22 - [TEST_STEP][PASSED] - else: null

27-02-2025T17:35:22 - [TEST_STEP][PASSED] - if (include): null

27-02-2025T17:35:22 - [TEST_STEP][PASSED] - println(line): null

27-02-2025T17:35:22 - [TEST_STEP][PASSED] - comma = line.indexOf(",y"): null

27-02-2025T17:35:22 - [TEST_STEP][PASSED] - if (comma > 0): null

27-02-2025T17:35:22 - [TEST_STEP][PASSED] - line = reader.readLine(): null

27-02-2025T17:35:22 - [TEST_STEP][PASSED] - println(line): null

27-02-2025T17:35:22 - [TEST_STEP][PASSED] - group = line.indexOf("<Group>"): null

27-02-2025T17:35:22 - [TEST_STEP][PASSED] - println(group): null

27-02-2025T17:35:22 - [TEST_STEP][PASSED] - if (group >= 0): null

27-02-2025T17:35:22 - [TEST_STEP][PASSED] - else: null

27-02-2025T17:35:22 - [TEST_STEP][PASSED] - if (include): null

27-02-2025T17:35:22 - [TEST_STEP][PASSED] - println(line): null

27-02-2025T17:35:22 - [TEST_STEP][PASSED] - comma = line.indexOf(",y"): null

27-02-2025T17:35:22 - [TEST_STEP][PASSED] - if (comma > 0): null

27-02-2025T17:35:22 - [TEST_STEP][PASSED] - line = reader.readLine(): null

27-02-2025T17:35:22 - [TEST_STEP][PASSED] - println(line): null

27-02-2025T17:35:22 - [TEST_STEP][PASSED] - group = line.indexOf("<Group>"): null

27-02-2025T17:35:22 - [TEST_STEP][PASSED] - println(group): null

27-02-2025T17:35:22 - [TEST_STEP][PASSED] - if (group >= 0): null

27-02-2025T17:35:22 - [TEST_STEP][PASSED] - else: null

27-02-2025T17:35:22 - [TEST_STEP][PASSED] - if (include): null

27-02-2025T17:35:22 - [TEST_STEP][PASSED] - println(line): null

27-02-2025T17:35:22 - [TEST_STEP][PASSED] - comma = line.indexOf(",y"): null

27-02-2025T17:35:22 - [TEST_STEP][PASSED] - if (comma > 0): null

27-02-2025T17:35:22 - [TEST_STEP][PASSED] - line = reader.readLine(): null

27-02-2025T17:35:22 - [TEST_STEP][PASSED] - println(line): null

27-02-2025T17:35:22 - [TEST_STEP][PASSED] - group = line.indexOf("<Group>"): null

27-02-2025T17:35:22 - [TEST_STEP][PASSED] - println(group): null

27-02-2025T17:35:22 - [TEST_STEP][PASSED] - if (group >= 0): null

27-02-2025T17:35:22 - [TEST_STEP][PASSED] - else: null

27-02-2025T17:35:22 - [TEST_STEP][PASSED] - if (include): null

27-02-2025T17:35:22 - [TEST_STEP][PASSED] - println(line): null

27-02-2025T17:35:22 - [TEST_STEP][PASSED] - comma = line.indexOf(",y"): null

27-02-2025T17:35:22 - [TEST_STEP][PASSED] - if (comma > 0): null

27-02-2025T17:35:22 - [TEST_STEP][PASSED] - line = reader.readLine(): null

27-02-2025T17:35:22 - [TEST_STEP][PASSED] - println(line): null

27-02-2025T17:35:22 - [TEST_STEP][PASSED] - group = line.indexOf("<Group>"): null

27-02-2025T17:35:22 - [TEST_STEP][PASSED] - println(group): null

27-02-2025T17:35:22 - [TEST_STEP][PASSED] - if (group >= 0): null

27-02-2025T17:35:22 - [TEST_STEP][PASSED] - else: null

27-02-2025T17:35:22 - [TEST_STEP][PASSED] - if (include): null

27-02-2025T17:35:22 - [TEST_STEP][PASSED] - println(line): null

27-02-2025T17:35:22 - [TEST_STEP][PASSED] - comma = line.indexOf(",y"): null

27-02-2025T17:35:22 - [TEST_STEP][PASSED] - if (comma > 0): null

27-02-2025T17:35:22 - [TEST_STEP][PASSED] - line = reader.readLine(): null

27-02-2025T17:35:22 - [TEST_STEP][PASSED] - println(line): null

27-02-2025T17:35:22 - [TEST_STEP][PASSED] - group = line.indexOf("<Group>"): null

27-02-2025T17:35:22 - [TEST_STEP][PASSED] - println(group): null

27-02-2025T17:35:22 - [TEST_STEP][PASSED] - if (group >= 0): null

27-02-2025T17:35:22 - [TEST_STEP][PASSED] - else: null

27-02-2025T17:35:22 - [TEST_STEP][PASSED] - if (include): null

27-02-2025T17:35:22 - [TEST_STEP][PASSED] - println(line): null

27-02-2025T17:35:22 - [TEST_STEP][PASSED] - comma = line.indexOf(",y"): null

27-02-2025T17:35:22 - [TEST_STEP][PASSED] - if (comma > 0): null

27-02-2025T17:35:22 - [TEST_STEP][PASSED] - line = reader.readLine(): null

27-02-2025T17:35:22 - [TEST_STEP][PASSED] - println(line): null

27-02-2025T17:35:22 - [TEST_STEP][PASSED] - group = line.indexOf("<Group>"): null

27-02-2025T17:35:22 - [TEST_STEP][PASSED] - println(group): null

27-02-2025T17:35:22 - [TEST_STEP][PASSED] - if (group >= 0): null

27-02-2025T17:35:22 - [TEST_STEP][PASSED] - else: null

27-02-2025T17:35:22 - [TEST_STEP][PASSED] - if (include): null

27-02-2025T17:35:22 - [TEST_STEP][PASSED] - println(line): null

27-02-2025T17:35:22 - [TEST_STEP][PASSED] - comma = line.indexOf(",y"): null

27-02-2025T17:35:22 - [TEST_STEP][PASSED] - if (comma > 0): null

27-02-2025T17:35:22 - [TEST_STEP][PASSED] - line = reader.readLine(): null

27-02-2025T17:35:22 - [TEST_STEP][PASSED] - println(line): null

27-02-2025T17:35:22 - [TEST_STEP][PASSED] - group = line.indexOf("<Group>"): null

27-02-2025T17:35:22 - [TEST_STEP][PASSED] - println(group): null

27-02-2025T17:35:22 - [TEST_STEP][PASSED] - if (group >= 0): null

27-02-2025T17:35:22 - [TEST_STEP][PASSED] - else: null

27-02-2025T17:35:22 - [TEST_STEP][PASSED] - if (include): null

27-02-2025T17:35:22 - [TEST_STEP][PASSED] - println(line): null

27-02-2025T17:35:22 - [TEST_STEP][PASSED] - comma = line.indexOf(",y"): null

27-02-2025T17:35:22 - [TEST_STEP][PASSED] - if (comma > 0): null

27-02-2025T17:35:22 - [TEST_STEP][PASSED] - line = reader.readLine(): null

27-02-2025T17:35:22 - [TEST_STEP][PASSED] - println(line): null

27-02-2025T17:35:22 - [TEST_STEP][PASSED] - group = line.indexOf("<Group>"): null

27-02-2025T17:35:22 - [TEST_STEP][PASSED] - println(group): null

27-02-2025T17:35:22 - [TEST_STEP][PASSED] - if (group >= 0): null

27-02-2025T17:35:22 - [TEST_STEP][PASSED] - else: null

27-02-2025T17:35:22 - [TEST_STEP][PASSED] - if (include): null

27-02-2025T17:35:22 - [TEST_STEP][PASSED] - println(line): null

27-02-2025T17:35:22 - [TEST_STEP][PASSED] - comma = line.indexOf(",y"): null

27-02-2025T17:35:22 - [TEST_STEP][PASSED] - if (comma > 0): null

27-02-2025T17:35:22 - [TEST_STEP][PASSED] - line = reader.readLine(): null

27-02-2025T17:35:22 - [TEST_STEP][PASSED] - println(line): null

27-02-2025T17:35:22 - [TEST_STEP][PASSED] - group = line.indexOf("<Group>"): null

27-02-2025T17:35:22 - [TEST_STEP][PASSED] - println(group): null

27-02-2025T17:35:22 - [TEST_STEP][PASSED] - if (group >= 0): null

27-02-2025T17:35:22 - [TEST_STEP][PASSED] - else: null

27-02-2025T17:35:22 - [TEST_STEP][PASSED] - if (include): null

27-02-2025T17:35:22 - [TEST_STEP][PASSED] - println(line): null

27-02-2025T17:35:22 - [TEST_STEP][PASSED] - comma = line.indexOf(",y"): null

27-02-2025T17:35:22 - [TEST_STEP][PASSED] - if (comma > 0): null

27-02-2025T17:35:22 - [TEST_STEP][PASSED] - line = reader.readLine(): null

27-02-2025T17:35:22 - [TEST_STEP][PASSED] - println(line): null

27-02-2025T17:35:22 - [TEST_STEP][PASSED] - group = line.indexOf("<Group>"): null

27-02-2025T17:35:22 - [TEST_STEP][PASSED] - println(group): null

27-02-2025T17:35:22 - [TEST_STEP][PASSED] - if (group >= 0): null

27-02-2025T17:35:22 - [TEST_STEP][PASSED] - else: null

27-02-2025T17:35:22 - [TEST_STEP][PASSED] - if (include): null

27-02-2025T17:35:22 - [TEST_STEP][PASSED] - println(line): null

27-02-2025T17:35:22 - [TEST_STEP][PASSED] - comma = line.indexOf(",y"): null

27-02-2025T17:35:22 - [TEST_STEP][PASSED] - if (comma > 0): null

27-02-2025T17:35:22 - [TEST_STEP][PASSED] - line = reader.readLine(): null

27-02-2025T17:35:22 - [TEST_STEP][PASSED] - println(line): null

27-02-2025T17:35:22 - [TEST_STEP][PASSED] - group = line.indexOf("<Group>"): null

27-02-2025T17:35:22 - [TEST_STEP][PASSED] - println(group): null

27-02-2025T17:35:22 - [TEST_STEP][PASSED] - if (group >= 0): null

27-02-2025T17:35:22 - [TEST_STEP][PASSED] - else: null

27-02-2025T17:35:22 - [TEST_STEP][PASSED] - if (include): null

27-02-2025T17:35:22 - [TEST_STEP][PASSED] - println(line): null

27-02-2025T17:35:22 - [TEST_STEP][PASSED] - comma = line.indexOf(",y"): null

27-02-2025T17:35:22 - [TEST_STEP][PASSED] - if (comma > 0): null

27-02-2025T17:35:22 - [TEST_STEP][PASSED] - line = reader.readLine(): null

27-02-2025T17:35:22 - [TEST_STEP][PASSED] - println(line): null

27-02-2025T17:35:22 - [TEST_STEP][PASSED] - group = line.indexOf("<Group>"): null

27-02-2025T17:35:22 - [TEST_STEP][PASSED] - println(group): null

27-02-2025T17:35:22 - [TEST_STEP][PASSED] - if (group >= 0): null

27-02-2025T17:35:22 - [TEST_STEP][PASSED] - else: null

27-02-2025T17:35:22 - [TEST_STEP][PASSED] - if (include): null

27-02-2025T17:35:22 - [TEST_STEP][PASSED] - println(line): null

27-02-2025T17:35:22 - [TEST_STEP][PASSED] - comma = line.indexOf(",y"): null

27-02-2025T17:35:22 - [TEST_STEP][PASSED] - if (comma > 0): null

27-02-2025T17:35:22 - [TEST_STEP][PASSED] - line = reader.readLine(): null

27-02-2025T17:35:22 - [TEST_STEP][PASSED] - println(line): null

27-02-2025T17:35:22 - [TEST_STEP][PASSED] - group = line.indexOf("<Group>"): null

27-02-2025T17:35:22 - [TEST_STEP][PASSED] - println(group): null

27-02-2025T17:35:22 - [TEST_STEP][PASSED] - if (group >= 0): null

27-02-2025T17:35:22 - [TEST_STEP][PASSED] - else: null

27-02-2025T17:35:22 - [TEST_STEP][PASSED] - if (include): null

27-02-2025T17:35:22 - [TEST_STEP][PASSED] - println(line): null

27-02-2025T17:35:22 - [TEST_STEP][PASSED] - comma = line.indexOf(",y"): null

27-02-2025T17:35:22 - [TEST_STEP][PASSED] - if (comma > 0): null

27-02-2025T17:35:22 - [TEST_STEP][PASSED] - line = reader.readLine(): null

27-02-2025T17:35:22 - [TEST_STEP][PASSED] - println(line): null

27-02-2025T17:35:22 - [TEST_STEP][PASSED] - group = line.indexOf("<Group>"): null

27-02-2025T17:35:22 - [TEST_STEP][PASSED] - println(group): null

27-02-2025T17:35:22 - [TEST_STEP][PASSED] - if (group >= 0): null

27-02-2025T17:35:22 - [TEST_STEP][PASSED] - else: null

27-02-2025T17:35:22 - [TEST_STEP][PASSED] - if (include): null

27-02-2025T17:35:22 - [TEST_STEP][PASSED] - println(line): null

27-02-2025T17:35:22 - [TEST_STEP][PASSED] - comma = line.indexOf(",y"): null

27-02-2025T17:35:22 - [TEST_STEP][PASSED] - if (comma > 0): null

27-02-2025T17:35:22 - [TEST_STEP][PASSED] - line = reader.readLine(): null

27-02-2025T17:35:22 - [TEST_STEP][PASSED] - println(line): null

27-02-2025T17:35:22 - [TEST_STEP][PASSED] - group = line.indexOf("<Group>"): null

27-02-2025T17:35:22 - [TEST_STEP][PASSED] - println(group): null

27-02-2025T17:35:22 - [TEST_STEP][PASSED] - if (group >= 0): null

27-02-2025T17:35:22 - [TEST_STEP][PASSED] - else: null

27-02-2025T17:35:22 - [TEST_STEP][PASSED] - if (include): null

27-02-2025T17:35:22 - [TEST_STEP][PASSED] - println(line): null

27-02-2025T17:35:22 - [TEST_STEP][PASSED] - comma = line.indexOf(",y"): null

27-02-2025T17:35:22 - [TEST_STEP][PASSED] - if (comma > 0): null

27-02-2025T17:35:22 - [TEST_STEP][PASSED] - line = reader.readLine(): null

27-02-2025T17:35:22 - [TEST_STEP][PASSED] - println(line): null

27-02-2025T17:35:22 - [TEST_STEP][PASSED] - group = line.indexOf("<Group>"): null

27-02-2025T17:35:22 - [TEST_STEP][PASSED] - println(group): null

27-02-2025T17:35:22 - [TEST_STEP][PASSED] - if (group >= 0): null

27-02-2025T17:35:22 - [TEST_STEP][PASSED] - else: null

27-02-2025T17:35:22 - [TEST_STEP][PASSED] - if (include): null

27-02-2025T17:35:22 - [TEST_STEP][PASSED] - println(line): null

27-02-2025T17:35:22 - [TEST_STEP][PASSED] - comma = line.indexOf(",y"): null

27-02-2025T17:35:22 - [TEST_STEP][PASSED] - if (comma > 0): null

27-02-2025T17:35:22 - [TEST_STEP][PASSED] - line = reader.readLine(): null

27-02-2025T17:35:22 - [TEST_STEP][PASSED] - println(line): null

27-02-2025T17:35:22 - [TEST_STEP][PASSED] - group = line.indexOf("<Group>"): null

27-02-2025T17:35:22 - [TEST_STEP][PASSED] - println(group): null

27-02-2025T17:35:22 - [TEST_STEP][PASSED] - if (group >= 0): null

27-02-2025T17:35:22 - [TEST_STEP][PASSED] - else: null

27-02-2025T17:35:22 - [TEST_STEP][PASSED] - if (include): null

27-02-2025T17:35:22 - [TEST_STEP][PASSED] - println(line): null

27-02-2025T17:35:22 - [TEST_STEP][PASSED] - comma = line.indexOf(",y"): null

27-02-2025T17:35:22 - [TEST_STEP][PASSED] - if (comma > 0): null

27-02-2025T17:35:22 - [TEST_STEP][PASSED] - line = reader.readLine(): null

27-02-2025T17:35:22 - [TEST_STEP][PASSED] - println(line): null

27-02-2025T17:35:22 - [TEST_STEP][PASSED] - group = line.indexOf("<Group>"): null

27-02-2025T17:35:22 - [TEST_STEP][PASSED] - println(group): null

27-02-2025T17:35:22 - [TEST_STEP][PASSED] - if (group >= 0): null

27-02-2025T17:35:22 - [TEST_STEP][PASSED] - else: null

27-02-2025T17:35:22 - [TEST_STEP][PASSED] - if (include): null

27-02-2025T17:35:22 - [TEST_STEP][PASSED] - println(line): null

27-02-2025T17:35:22 - [TEST_STEP][PASSED] - comma = line.indexOf(",y"): null

27-02-2025T17:35:22 - [TEST_STEP][PASSED] - if (comma > 0): null

27-02-2025T17:35:22 - [TEST_STEP][PASSED] - line = reader.readLine(): null

27-02-2025T17:35:22 - [TEST_STEP][PASSED] - println(line): null

27-02-2025T17:35:22 - [TEST_STEP][PASSED] - group = line.indexOf("<Group>"): null

27-02-2025T17:35:22 - [TEST_STEP][PASSED] - println(group): null

27-02-2025T17:35:22 - [TEST_STEP][PASSED] - if (group >= 0): null

27-02-2025T17:35:22 - [TEST_STEP][PASSED] - else: null

27-02-2025T17:35:22 - [TEST_STEP][PASSED] - if (include): null

27-02-2025T17:35:22 - [TEST_STEP][PASSED] - println(line): null

27-02-2025T17:35:22 - [TEST_STEP][PASSED] - comma = line.indexOf(",y"): null

27-02-2025T17:35:22 - [TEST_STEP][PASSED] - if (comma > 0): null

27-02-2025T17:35:22 - [TEST_STEP][PASSED] - line = reader.readLine(): null

27-02-2025T17:35:22 - [TEST_STEP][PASSED] - println(line): null

27-02-2025T17:35:22 - [TEST_STEP][PASSED] - group = line.indexOf("<Group>"): null

27-02-2025T17:35:22 - [TEST_STEP][PASSED] - println(group): null

27-02-2025T17:35:22 - [TEST_STEP][PASSED] - if (group >= 0): null

27-02-2025T17:35:22 - [TEST_STEP][PASSED] - else: null

27-02-2025T17:35:22 - [TEST_STEP][PASSED] - if (include): null

27-02-2025T17:35:22 - [TEST_STEP][PASSED] - println(line): null

27-02-2025T17:35:22 - [TEST_STEP][PASSED] - comma = line.indexOf(",y"): null

27-02-2025T17:35:22 - [TEST_STEP][PASSED] - if (comma > 0): null

27-02-2025T17:35:22 - [TEST_STEP][PASSED] - line = reader.readLine(): null

27-02-2025T17:35:22 - [TEST_STEP][PASSED] - println(line): null

27-02-2025T17:35:22 - [TEST_STEP][PASSED] - group = line.indexOf("<Group>"): null

27-02-2025T17:35:22 - [TEST_STEP][PASSED] - println(group): null

27-02-2025T17:35:22 - [TEST_STEP][PASSED] - if (group >= 0): null

27-02-2025T17:35:22 - [TEST_STEP][PASSED] - else: null

27-02-2025T17:35:22 - [TEST_STEP][PASSED] - if (include): null

27-02-2025T17:35:22 - [TEST_STEP][PASSED] - println(line): null

27-02-2025T17:35:22 - [TEST_STEP][PASSED] - comma = line.indexOf(",y"): null

27-02-2025T17:35:22 - [TEST_STEP][PASSED] - if (comma > 0): null

27-02-2025T17:35:22 - [TEST_STEP][PASSED] - line = reader.readLine(): null

27-02-2025T17:35:22 - [TEST_STEP][PASSED] - println(line): null

27-02-2025T17:35:22 - [TEST_STEP][PASSED] - group = line.indexOf("<Group>"): null

27-02-2025T17:35:22 - [TEST_STEP][PASSED] - println(group): null

27-02-2025T17:35:22 - [TEST_STEP][PASSED] - if (group >= 0): null

27-02-2025T17:35:22 - [TEST_STEP][PASSED] - else: null

27-02-2025T17:35:22 - [TEST_STEP][PASSED] - if (include): null

27-02-2025T17:35:22 - [TEST_STEP][PASSED] - println(line): null

27-02-2025T17:35:22 - [TEST_STEP][PASSED] - comma = line.indexOf(",y"): null

27-02-2025T17:35:22 - [TEST_STEP][PASSED] - if (comma > 0): null

27-02-2025T17:35:22 - [TEST_STEP][PASSED] - line = reader.readLine(): null

27-02-2025T17:35:22 - [TEST_STEP][PASSED] - println(line): null

27-02-2025T17:35:22 - [TEST_STEP][PASSED] - group = line.indexOf("<Group>"): null

27-02-2025T17:35:22 - [TEST_STEP][PASSED] - println(group): null

27-02-2025T17:35:22 - [TEST_STEP][PASSED] - if (group >= 0): null

27-02-2025T17:35:22 - [TEST_STEP][PASSED] - else: null

27-02-2025T17:35:22 - [TEST_STEP][PASSED] - if (include): null

27-02-2025T17:35:22 - [TEST_STEP][PASSED] - println(line): null

27-02-2025T17:35:22 - [TEST_STEP][PASSED] - comma = line.indexOf(",y"): null

27-02-2025T17:35:22 - [TEST_STEP][PASSED] - if (comma > 0): null

27-02-2025T17:35:22 - [TEST_STEP][PASSED] - line = reader.readLine(): null

27-02-2025T17:35:22 - [TEST_STEP][PASSED] - println(line): null

27-02-2025T17:35:22 - [TEST_STEP][PASSED] - group = line.indexOf("<Group>"): null

27-02-2025T17:35:22 - [TEST_STEP][PASSED] - println(group): null

27-02-2025T17:35:22 - [TEST_STEP][PASSED] - if (group >= 0): null

27-02-2025T17:35:22 - [TEST_STEP][PASSED] - else: null

27-02-2025T17:35:22 - [TEST_STEP][PASSED] - if (include): null

27-02-2025T17:35:22 - [TEST_STEP][PASSED] - println(line): null

27-02-2025T17:35:22 - [TEST_STEP][PASSED] - comma = line.indexOf(",y"): null

27-02-2025T17:35:22 - [TEST_STEP][PASSED] - if (comma > 0): null

27-02-2025T17:35:22 - [TEST_STEP][PASSED] - line = reader.readLine(): null

27-02-2025T17:35:22 - [TEST_STEP][PASSED] - println(line): null

27-02-2025T17:35:22 - [TEST_STEP][PASSED] - group = line.indexOf("<Group>"): null

27-02-2025T17:35:22 - [TEST_STEP][PASSED] - println(group): null

27-02-2025T17:35:22 - [TEST_STEP][PASSED] - if (group >= 0): null

27-02-2025T17:35:22 - [TEST_STEP][PASSED] - else: null

27-02-2025T17:35:22 - [TEST_STEP][PASSED] - if (include): null

27-02-2025T17:35:22 - [TEST_STEP][PASSED] - println(line): null

27-02-2025T17:35:22 - [TEST_STEP][PASSED] - comma = line.indexOf(",y"): null

27-02-2025T17:35:22 - [TEST_STEP][PASSED] - if (comma > 0): null

27-02-2025T17:35:22 - [TEST_STEP][PASSED] - line = reader.readLine(): null

27-02-2025T17:35:22 - [TEST_STEP][PASSED] - println(line): null

27-02-2025T17:35:22 - [TEST_STEP][PASSED] - group = line.indexOf("<Group>"): null

27-02-2025T17:35:22 - [TEST_STEP][PASSED] - println(group): null

27-02-2025T17:35:22 - [TEST_STEP][PASSED] - if (group >= 0): null

27-02-2025T17:35:22 - [TEST_STEP][PASSED] - else: null

27-02-2025T17:35:22 - [TEST_STEP][PASSED] - if (include): null

27-02-2025T17:35:22 - [TEST_STEP][PASSED] - println(line): null

27-02-2025T17:35:22 - [TEST_STEP][PASSED] - comma = line.indexOf(",y"): null

27-02-2025T17:35:22 - [TEST_STEP][PASSED] - if (comma > 0): null

27-02-2025T17:35:22 - [TEST_STEP][PASSED] - line = reader.readLine(): null

27-02-2025T17:35:22 - [TEST_STEP][PASSED] - println(line): null

27-02-2025T17:35:22 - [TEST_STEP][PASSED] - group = line.indexOf("<Group>"): null

27-02-2025T17:35:22 - [TEST_STEP][PASSED] - println(group): null

27-02-2025T17:35:22 - [TEST_STEP][PASSED] - if (group >= 0): null

27-02-2025T17:35:22 - [TEST_STEP][PASSED] - else: null

27-02-2025T17:35:22 - [TEST_STEP][PASSED] - if (include): null

27-02-2025T17:35:22 - [TEST_STEP][PASSED] - println(line): null

27-02-2025T17:35:22 - [TEST_STEP][PASSED] - comma = line.indexOf(",y"): null

27-02-2025T17:35:22 - [TEST_STEP][PASSED] - if (comma > 0): null

27-02-2025T17:35:22 - [TEST_STEP][PASSED] - line = reader.readLine(): null

27-02-2025T17:35:22 - [TEST_STEP][PASSED] - println(line): null

27-02-2025T17:35:22 - [TEST_STEP][PASSED] - group = line.indexOf("<Group>"): null

27-02-2025T17:35:22 - [TEST_STEP][PASSED] - println(group): null

27-02-2025T17:35:22 - [TEST_STEP][PASSED] - if (group >= 0): null

27-02-2025T17:35:22 - [TEST_STEP][PASSED] - else: null

27-02-2025T17:35:22 - [TEST_STEP][PASSED] - if (include): null

27-02-2025T17:35:22 - [TEST_STEP][PASSED] - println(line): null

27-02-2025T17:35:22 - [TEST_STEP][PASSED] - comma = line.indexOf(",y"): null

27-02-2025T17:35:22 - [TEST_STEP][PASSED] - if (comma > 0): null

27-02-2025T17:35:22 - [TEST_STEP][PASSED] - line = reader.readLine(): null

27-02-2025T17:35:22 - [TEST_STEP][PASSED] - println(line): null

27-02-2025T17:35:22 - [TEST_STEP][PASSED] - group = line.indexOf("<Group>"): null

27-02-2025T17:35:22 - [TEST_STEP][PASSED] - println(group): null

27-02-2025T17:35:22 - [TEST_STEP][PASSED] - if (group >= 0): null

27-02-2025T17:35:22 - [TEST_STEP][PASSED] - else: null

27-02-2025T17:35:22 - [TEST_STEP][PASSED] - if (include): null

27-02-2025T17:35:22 - [TEST_STEP][PASSED] - println(line): null

27-02-2025T17:35:22 - [TEST_STEP][PASSED] - comma = line.indexOf(",y"): null

27-02-2025T17:35:22 - [TEST_STEP][PASSED] - if (comma > 0): null

27-02-2025T17:35:22 - [TEST_STEP][PASSED] - line = reader.readLine(): null

27-02-2025T17:35:22 - [TEST_STEP][PASSED] - println(line): null

27-02-2025T17:35:22 - [TEST_STEP][PASSED] - group = line.indexOf("<Group>"): null

27-02-2025T17:35:22 - [TEST_STEP][PASSED] - println(group): null

27-02-2025T17:35:22 - [TEST_STEP][PASSED] - if (group >= 0): null

27-02-2025T17:35:22 - [TEST_STEP][PASSED] - else: null

27-02-2025T17:35:22 - [TEST_STEP][PASSED] - if (include): null

27-02-2025T17:35:22 - [TEST_STEP][PASSED] - println(line): null

27-02-2025T17:35:22 - [TEST_STEP][PASSED] - comma = line.indexOf(",y"): null

27-02-2025T17:35:22 - [TEST_STEP][PASSED] - if (comma > 0): null

27-02-2025T17:35:22 - [TEST_STEP][PASSED] - line = reader.readLine(): null

27-02-2025T17:35:22 - [TEST_STEP][PASSED] - println(line): null

27-02-2025T17:35:22 - [TEST_STEP][PASSED] - group = line.indexOf("<Group>"): null

27-02-2025T17:35:22 - [TEST_STEP][PASSED] - println(group): null

27-02-2025T17:35:22 - [TEST_STEP][PASSED] - if (group >= 0): null

27-02-2025T17:35:22 - [TEST_STEP][PASSED] - else: null

27-02-2025T17:35:22 - [TEST_STEP][PASSED] - if (include): null

27-02-2025T17:35:22 - [TEST_STEP][PASSED] - println(line): null

27-02-2025T17:35:22 - [TEST_STEP][PASSED] - comma = line.indexOf(",y"): null

27-02-2025T17:35:22 - [TEST_STEP][PASSED] - if (comma > 0): null

27-02-2025T17:35:22 - [TEST_STEP][PASSED] - line = reader.readLine(): null

27-02-2025T17:35:22 - [TEST_STEP][PASSED] - println(line): null

27-02-2025T17:35:22 - [TEST_STEP][PASSED] - group = line.indexOf("<Group>"): null

27-02-2025T17:35:22 - [TEST_STEP][PASSED] - println(group): null

27-02-2025T17:35:22 - [TEST_STEP][PASSED] - if (group >= 0): null

27-02-2025T17:35:22 - [TEST_STEP][PASSED] - else: null

27-02-2025T17:35:22 - [TEST_STEP][PASSED] - if (include): null

27-02-2025T17:35:22 - [TEST_STEP][PASSED] - println(line): null

27-02-2025T17:35:22 - [TEST_STEP][PASSED] - comma = line.indexOf(",y"): null

27-02-2025T17:35:22 - [TEST_STEP][PASSED] - if (comma > 0): null

27-02-2025T17:35:22 - [TEST_STEP][PASSED] - line = reader.readLine(): null

27-02-2025T17:35:22 - [TEST_STEP][PASSED] - println(line): null

27-02-2025T17:35:22 - [TEST_STEP][PASSED] - group = line.indexOf("<Group>"): null

27-02-2025T17:35:22 - [TEST_STEP][PASSED] - println(group): null

27-02-2025T17:35:22 - [TEST_STEP][PASSED] - if (group >= 0): null

27-02-2025T17:35:22 - [TEST_STEP][PASSED] - else: null

27-02-2025T17:35:22 - [TEST_STEP][PASSED] - if (include): null

27-02-2025T17:35:22 - [TEST_STEP][PASSED] - println(line): null

27-02-2025T17:35:22 - [TEST_STEP][PASSED] - comma = line.indexOf(",y"): null

27-02-2025T17:35:22 - [TEST_STEP][PASSED] - if (comma > 0): null

27-02-2025T17:35:22 - [TEST_STEP][PASSED] - line = reader.readLine(): null

27-02-2025T17:35:22 - [TEST_STEP][PASSED] - println(line): null

27-02-2025T17:35:22 - [TEST_STEP][PASSED] - group = line.indexOf("<Group>"): null

27-02-2025T17:35:22 - [TEST_STEP][PASSED] - println(group): null

27-02-2025T17:35:22 - [TEST_STEP][PASSED] - if (group >= 0): null

27-02-2025T17:35:22 - [TEST_STEP][PASSED] - else: null

27-02-2025T17:35:22 - [TEST_STEP][PASSED] - if (include): null

27-02-2025T17:35:22 - [TEST_STEP][PASSED] - println(line): null

27-02-2025T17:35:22 - [TEST_STEP][PASSED] - comma = line.indexOf(",y"): null

27-02-2025T17:35:22 - [TEST_STEP][PASSED] - if (comma > 0): null

27-02-2025T17:35:22 - [TEST_STEP][PASSED] - line = reader.readLine(): null

27-02-2025T17:35:22 - [TEST_STEP][PASSED] - println(line): null

27-02-2025T17:35:22 - [TEST_STEP][PASSED] - group = line.indexOf("<Group>"): null

27-02-2025T17:35:22 - [TEST_STEP][PASSED] - println(group): null

27-02-2025T17:35:22 - [TEST_STEP][PASSED] - if (group >= 0): null

27-02-2025T17:35:22 - [TEST_STEP][PASSED] - else: null

27-02-2025T17:35:22 - [TEST_STEP][PASSED] - if (include): null

27-02-2025T17:35:22 - [TEST_STEP][PASSED] - println(line): null

27-02-2025T17:35:22 - [TEST_STEP][PASSED] - comma = line.indexOf(",y"): null

27-02-2025T17:35:22 - [TEST_STEP][PASSED] - if (comma > 0): null

27-02-2025T17:35:22 - [TEST_STEP][PASSED] - line = reader.readLine(): null

27-02-2025T17:35:22 - [TEST_STEP][PASSED] - println(line): null

27-02-2025T17:35:22 - [TEST_STEP][PASSED] - group = line.indexOf("<Group>"): null

27-02-2025T17:35:22 - [TEST_STEP][PASSED] - println(group): null

27-02-2025T17:35:22 - [TEST_STEP][PASSED] - if (group >= 0): null

27-02-2025T17:35:22 - [TEST_STEP][PASSED] - else: null

27-02-2025T17:35:22 - [TEST_STEP][PASSED] - if (include): null

27-02-2025T17:35:22 - [TEST_STEP][PASSED] - println(line): null

27-02-2025T17:35:22 - [TEST_STEP][PASSED] - comma = line.indexOf(",y"): null

27-02-2025T17:35:22 - [TEST_STEP][PASSED] - if (comma > 0): null

27-02-2025T17:35:22 - [TEST_STEP][PASSED] - line = reader.readLine(): null

27-02-2025T17:35:22 - [TEST_STEP][PASSED] - println(line): null

27-02-2025T17:35:22 - [TEST_STEP][PASSED] - group = line.indexOf("<Group>"): null

27-02-2025T17:35:22 - [TEST_STEP][PASSED] - println(group): null

27-02-2025T17:35:22 - [TEST_STEP][PASSED] - if (group >= 0): null

27-02-2025T17:35:22 - [TEST_STEP][PASSED] - else: null

27-02-2025T17:35:22 - [TEST_STEP][PASSED] - if (include): null

27-02-2025T17:35:22 - [TEST_STEP][PASSED] - println(line): null

27-02-2025T17:35:22 - [TEST_STEP][PASSED] - comma = line.indexOf(",y"): null

27-02-2025T17:35:22 - [TEST_STEP][PASSED] - if (comma > 0): null

27-02-2025T17:35:22 - [TEST_STEP][PASSED] - line = reader.readLine(): null

27-02-2025T17:35:22 - [TEST_STEP][PASSED] - println(line): null

27-02-2025T17:35:22 - [TEST_STEP][PASSED] - group = line.indexOf("<Group>"): null

27-02-2025T17:35:22 - [TEST_STEP][PASSED] - println(group): null

27-02-2025T17:35:22 - [TEST_STEP][PASSED] - if (group >= 0): null

27-02-2025T17:35:22 - [TEST_STEP][PASSED] - else: null

27-02-2025T17:35:22 - [TEST_STEP][PASSED] - if (include): null

27-02-2025T17:35:22 - [TEST_STEP][PASSED] - println(line): null

27-02-2025T17:35:22 - [TEST_STEP][PASSED] - comma = line.indexOf(",y"): null

27-02-2025T17:35:22 - [TEST_STEP][PASSED] - if (comma > 0): null

27-02-2025T17:35:22 - [TEST_STEP][PASSED] - line = reader.readLine(): null

27-02-2025T17:35:22 - [TEST_STEP][PASSED] - println(line): null

27-02-2025T17:35:22 - [TEST_STEP][PASSED] - group = line.indexOf("<Group>"): null

27-02-2025T17:35:22 - [TEST_STEP][PASSED] - println(group): null

27-02-2025T17:35:22 - [TEST_STEP][PASSED] - if (group >= 0): null

27-02-2025T17:35:22 - [TEST_STEP][PASSED] - else: null

27-02-2025T17:35:22 - [TEST_STEP][PASSED] - if (include): null

27-02-2025T17:35:22 - [TEST_STEP][PASSED] - println(line): null

27-02-2025T17:35:22 - [TEST_STEP][PASSED] - comma = line.indexOf(",y"): null

27-02-2025T17:35:22 - [TEST_STEP][PASSED] - if (comma > 0): null

27-02-2025T17:35:22 - [TEST_STEP][PASSED] - line = reader.readLine(): null

27-02-2025T17:35:22 - [TEST_STEP][PASSED] - println(line): null

27-02-2025T17:35:22 - [TEST_STEP][PASSED] - group = line.indexOf("<Group>"): null

27-02-2025T17:35:22 - [TEST_STEP][PASSED] - println(group): null

27-02-2025T17:35:22 - [TEST_STEP][PASSED] - if (group >= 0): null

27-02-2025T17:35:22 - [TEST_STEP][PASSED] - else: null

27-02-2025T17:35:22 - [TEST_STEP][PASSED] - if (include): null

27-02-2025T17:35:22 - [TEST_STEP][PASSED] - println(line): null

27-02-2025T17:35:22 - [TEST_STEP][PASSED] - comma = line.indexOf(",y"): null

27-02-2025T17:35:22 - [TEST_STEP][PASSED] - if (comma > 0): null

27-02-2025T17:35:22 - [TEST_STEP][PASSED] - line = reader.readLine(): null

27-02-2025T17:35:22 - [TEST_STEP][PASSED] - println(line): null

27-02-2025T17:35:22 - [TEST_STEP][PASSED] - group = line.indexOf("<Group>"): null

27-02-2025T17:35:22 - [TEST_STEP][PASSED] - println(group): null

27-02-2025T17:35:22 - [TEST_STEP][PASSED] - if (group >= 0): null

27-02-2025T17:35:22 - [TEST_STEP][PASSED] - else: null

27-02-2025T17:35:22 - [TEST_STEP][PASSED] - if (include): null

27-02-2025T17:35:22 - [TEST_STEP][PASSED] - println(line): null

27-02-2025T17:35:22 - [TEST_STEP][PASSED] - comma = line.indexOf(",y"): null

27-02-2025T17:35:22 - [TEST_STEP][PASSED] - if (comma > 0): null

27-02-2025T17:35:22 - [TEST_STEP][PASSED] - commaCount = StringUtils.countMatches(line, ","): null

27-02-2025T17:35:22 - [TEST_STEP][PASSED] - if (commaCount > 1): null

27-02-2025T17:35:22 - [TEST_STEP][PASSED] - else: null

27-02-2025T17:35:22 - [TEST_STEP][PASSED] - label = line.substring(1, comma): null

27-02-2025T17:35:22 - [TEST_STEP][PASSED] - println(label): null

27-02-2025T17:35:22 - [TEST_STEP][PASSED] - checked.add(label): null

27-02-2025T17:35:22 - [TEST_STEP][PASSED] - line = reader.readLine(): null

27-02-2025T17:35:22 - [TEST_STEP][PASSED] - println(line): null

27-02-2025T17:35:22 - [TEST_STEP][PASSED] - group = line.indexOf("<Group>"): null

27-02-2025T17:35:22 - [TEST_STEP][PASSED] - println(group): null

27-02-2025T17:35:22 - [TEST_STEP][PASSED] - if (group >= 0): null

27-02-2025T17:35:22 - [TEST_STEP][PASSED] - else: null

27-02-2025T17:35:22 - [TEST_STEP][PASSED] - if (include): null

27-02-2025T17:35:22 - [TEST_STEP][PASSED] - println(line): null

27-02-2025T17:35:22 - [TEST_STEP][PASSED] - comma = line.indexOf(",y"): null

27-02-2025T17:35:22 - [TEST_STEP][PASSED] - if (comma > 0): null

27-02-2025T17:35:22 - [TEST_STEP][PASSED] - commaCount = StringUtils.countMatches(line, ","): null

27-02-2025T17:35:22 - [TEST_STEP][PASSED] - if (commaCount > 1): null

27-02-2025T17:35:22 - [TEST_STEP][PASSED] - else: null

27-02-2025T17:35:22 - [TEST_STEP][PASSED] - label = line.substring(1, comma): null

27-02-2025T17:35:22 - [TEST_STEP][PASSED] - println(label): null

27-02-2025T17:35:22 - [TEST_STEP][PASSED] - checked.add(label): null

27-02-2025T17:35:22 - [TEST_STEP][PASSED] - line = reader.readLine(): null

27-02-2025T17:35:22 - [TEST_STEP][PASSED] - println(line): null

27-02-2025T17:35:22 - [TEST_STEP][PASSED] - group = line.indexOf("<Group>"): null

27-02-2025T17:35:22 - [TEST_STEP][PASSED] - println(group): null

27-02-2025T17:35:22 - [TEST_STEP][PASSED] - if (group >= 0): null

27-02-2025T17:35:22 - [TEST_STEP][PASSED] - else: null

27-02-2025T17:35:22 - [TEST_STEP][PASSED] - if (include): null

27-02-2025T17:35:22 - [TEST_STEP][PASSED] - println(line): null

27-02-2025T17:35:22 - [TEST_STEP][PASSED] - comma = line.indexOf(",y"): null

27-02-2025T17:35:22 - [TEST_STEP][PASSED] - if (comma > 0): null

27-02-2025T17:35:22 - [TEST_STEP][PASSED] - commaCount = StringUtils.countMatches(line, ","): null

27-02-2025T17:35:22 - [TEST_STEP][PASSED] - if (commaCount > 1): null

27-02-2025T17:35:22 - [TEST_STEP][PASSED] - else: null

27-02-2025T17:35:22 - [TEST_STEP][PASSED] - label = line.substring(1, comma): null

27-02-2025T17:35:22 - [TEST_STEP][PASSED] - println(label): null

27-02-2025T17:35:22 - [TEST_STEP][PASSED] - checked.add(label): null

27-02-2025T17:35:22 - [TEST_STEP][PASSED] - line = reader.readLine(): null

27-02-2025T17:35:22 - [TEST_STEP][PASSED] - println(line): null

27-02-2025T17:35:22 - [TEST_STEP][PASSED] - group = line.indexOf("<Group>"): null

27-02-2025T17:35:22 - [TEST_STEP][PASSED] - println(group): null

27-02-2025T17:35:22 - [TEST_STEP][PASSED] - if (group >= 0): null

27-02-2025T17:35:22 - [TEST_STEP][PASSED] - else: null

27-02-2025T17:35:22 - [TEST_STEP][PASSED] - if (include): null

27-02-2025T17:35:22 - [TEST_STEP][PASSED] - println(line): null

27-02-2025T17:35:22 - [TEST_STEP][PASSED] - comma = line.indexOf(",y"): null

27-02-2025T17:35:22 - [TEST_STEP][PASSED] - if (comma > 0): null

27-02-2025T17:35:22 - [TEST_STEP][PASSED] - line = reader.readLine(): null

27-02-2025T17:35:22 - [TEST_STEP][PASSED] - println(line): null

27-02-2025T17:35:22 - [TEST_STEP][PASSED] - group = line.indexOf("<Group>"): null

27-02-2025T17:35:22 - [TEST_STEP][PASSED] - println(group): null

27-02-2025T17:35:22 - [TEST_STEP][PASSED] - if (group >= 0): null

27-02-2025T17:35:22 - [TEST_STEP][PASSED] - else: null

27-02-2025T17:35:22 - [TEST_STEP][PASSED] - if (include): null

27-02-2025T17:35:22 - [TEST_STEP][PASSED] - println(line): null

27-02-2025T17:35:22 - [TEST_STEP][PASSED] - comma = line.indexOf(",y"): null

27-02-2025T17:35:22 - [TEST_STEP][PASSED] - if (comma > 0): null

27-02-2025T17:35:22 - [TEST_STEP][PASSED] - commaCount = StringUtils.countMatches(line, ","): null

27-02-2025T17:35:22 - [TEST_STEP][PASSED] - if (commaCount > 1): null

27-02-2025T17:35:22 - [TEST_STEP][PASSED] - else: null

27-02-2025T17:35:22 - [TEST_STEP][PASSED] - label = line.substring(1, comma): null

27-02-2025T17:35:22 - [TEST_STEP][PASSED] - println(label): null

27-02-2025T17:35:22 - [TEST_STEP][PASSED] - checked.add(label): null

27-02-2025T17:35:22 - [TEST_STEP][PASSED] - line = reader.readLine(): null

27-02-2025T17:35:22 - [TEST_STEP][PASSED] - println(line): null

27-02-2025T17:35:22 - [TEST_STEP][PASSED] - group = line.indexOf("<Group>"): null

27-02-2025T17:35:22 - [TEST_STEP][PASSED] - println(group): null

27-02-2025T17:35:22 - [TEST_STEP][PASSED] - if (group >= 0): null

27-02-2025T17:35:22 - [TEST_STEP][PASSED] - else: null

27-02-2025T17:35:22 - [TEST_STEP][PASSED] - if (include): null

27-02-2025T17:35:22 - [TEST_STEP][PASSED] - println(line): null

27-02-2025T17:35:22 - [TEST_STEP][PASSED] - comma = line.indexOf(",y"): null

27-02-2025T17:35:22 - [TEST_STEP][PASSED] - if (comma > 0): null

27-02-2025T17:35:22 - [TEST_STEP][PASSED] - line = reader.readLine(): null

27-02-2025T17:35:22 - [TEST_STEP][PASSED] - println(line): null

27-02-2025T17:35:22 - [TEST_STEP][PASSED] - group = line.indexOf("<Group>"): null

27-02-2025T17:35:22 - [TEST_STEP][PASSED] - println(group): null

27-02-2025T17:35:22 - [TEST_STEP][PASSED] - if (group >= 0): null

27-02-2025T17:35:22 - [TEST_STEP][PASSED] - else: null

27-02-2025T17:35:22 - [TEST_STEP][PASSED] - if (include): null

27-02-2025T17:35:22 - [TEST_STEP][PASSED] - println(line): null

27-02-2025T17:35:22 - [TEST_STEP][PASSED] - comma = line.indexOf(",y"): null

27-02-2025T17:35:22 - [TEST_STEP][PASSED] - if (comma > 0): null

27-02-2025T17:35:22 - [TEST_STEP][PASSED] - line = reader.readLine(): null

27-02-2025T17:35:22 - [TEST_STEP][PASSED] - println(line): null

27-02-2025T17:35:22 - [TEST_STEP][PASSED] - group = line.indexOf("<Group>"): null

27-02-2025T17:35:22 - [TEST_STEP][PASSED] - println(group): null

27-02-2025T17:35:22 - [TEST_STEP][PASSED] - if (group >= 0): null

27-02-2025T17:35:22 - [TEST_STEP][PASSED] - else: null

27-02-2025T17:35:22 - [TEST_STEP][PASSED] - if (include): null

27-02-2025T17:35:22 - [TEST_STEP][PASSED] - println(line): null

27-02-2025T17:35:22 - [TEST_STEP][PASSED] - comma = line.indexOf(",y"): null

27-02-2025T17:35:22 - [TEST_STEP][PASSED] - if (comma > 0): null

27-02-2025T17:35:22 - [TEST_STEP][PASSED] - line = reader.readLine(): null

27-02-2025T17:35:22 - [TEST_STEP][PASSED] - println(line): null

27-02-2025T17:35:22 - [TEST_STEP][PASSED] - group = line.indexOf("<Group>"): null

27-02-2025T17:35:22 - [TEST_STEP][PASSED] - println(group): null

27-02-2025T17:35:22 - [TEST_STEP][PASSED] - if (group >= 0): null

27-02-2025T17:35:22 - [TEST_STEP][PASSED] - else: null

27-02-2025T17:35:22 - [TEST_STEP][PASSED] - if (include): null

27-02-2025T17:35:22 - [TEST_STEP][PASSED] - println(line): null

27-02-2025T17:35:22 - [TEST_STEP][PASSED] - comma = line.indexOf(",y"): null

27-02-2025T17:35:22 - [TEST_STEP][PASSED] - if (comma > 0): null

27-02-2025T17:35:22 - [TEST_STEP][PASSED] - commaCount = StringUtils.countMatches(line, ","): null

27-02-2025T17:35:22 - [TEST_STEP][PASSED] - if (commaCount > 1): null

27-02-2025T17:35:22 - [TEST_STEP][PASSED] - else: null

27-02-2025T17:35:22 - [TEST_STEP][PASSED] - label = line.substring(1, comma): null

27-02-2025T17:35:22 - [TEST_STEP][PASSED] - println(label): null

27-02-2025T17:35:22 - [TEST_STEP][PASSED] - checked.add(label): null

27-02-2025T17:35:22 - [TEST_STEP][PASSED] - line = reader.readLine(): null

27-02-2025T17:35:22 - [TEST_STEP][PASSED] - println(line): null

27-02-2025T17:35:22 - [TEST_STEP][PASSED] - group = line.indexOf("<Group>"): null

27-02-2025T17:35:22 - [TEST_STEP][PASSED] - println(group): null

27-02-2025T17:35:22 - [TEST_STEP][PASSED] - if (group >= 0): null

27-02-2025T17:35:22 - [TEST_STEP][PASSED] - else: null

27-02-2025T17:35:22 - [TEST_STEP][PASSED] - if (include): null

27-02-2025T17:35:22 - [TEST_STEP][PASSED] - println(line): null

27-02-2025T17:35:22 - [TEST_STEP][PASSED] - comma = line.indexOf(",y"): null

27-02-2025T17:35:22 - [TEST_STEP][PASSED] - if (comma > 0): null

27-02-2025T17:35:22 - [TEST_STEP][PASSED] - commaCount = StringUtils.countMatches(line, ","): null

27-02-2025T17:35:22 - [TEST_STEP][PASSED] - if (commaCount > 1): null

27-02-2025T17:35:22 - [TEST_STEP][PASSED] - else: null

27-02-2025T17:35:22 - [TEST_STEP][PASSED] - label = line.substring(1, comma): null

27-02-2025T17:35:22 - [TEST_STEP][PASSED] - println(label): null

27-02-2025T17:35:22 - [TEST_STEP][PASSED] - checked.add(label): null

27-02-2025T17:35:22 - [TEST_STEP][PASSED] - line = reader.readLine(): null

27-02-2025T17:35:22 - [TEST_STEP][PASSED] - println(line): null

27-02-2025T17:35:22 - [TEST_STEP][PASSED] - group = line.indexOf("<Group>"): null

27-02-2025T17:35:22 - [TEST_STEP][PASSED] - println(group): null

27-02-2025T17:35:22 - [TEST_STEP][PASSED] - if (group >= 0): null

27-02-2025T17:35:22 - [TEST_STEP][PASSED] - else: null

27-02-2025T17:35:22 - [TEST_STEP][PASSED] - if (include): null

27-02-2025T17:35:22 - [TEST_STEP][PASSED] - println(line): null

27-02-2025T17:35:22 - [TEST_STEP][PASSED] - comma = line.indexOf(",y"): null

27-02-2025T17:35:22 - [TEST_STEP][PASSED] - if (comma > 0): null

27-02-2025T17:35:22 - [TEST_STEP][PASSED] - line = reader.readLine(): null

27-02-2025T17:35:22 - [TEST_STEP][PASSED] - println(line): null

27-02-2025T17:35:22 - [TEST_STEP][PASSED] - group = line.indexOf("<Group>"): null

27-02-2025T17:35:22 - [TEST_STEP][PASSED] - println(group): null

27-02-2025T17:35:22 - [TEST_STEP][PASSED] - if (group >= 0): null

27-02-2025T17:35:22 - [TEST_STEP][PASSED] - else: null

27-02-2025T17:35:22 - [TEST_STEP][PASSED] - if (include): null

27-02-2025T17:35:22 - [TEST_STEP][PASSED] - println(line): null

27-02-2025T17:35:22 - [TEST_STEP][PASSED] - comma = line.indexOf(",y"): null

27-02-2025T17:35:22 - [TEST_STEP][PASSED] - if (comma > 0): null

27-02-2025T17:35:22 - [TEST_STEP][PASSED] - line = reader.readLine(): null

27-02-2025T17:35:22 - [TEST_STEP][PASSED] - println(line): null

27-02-2025T17:35:22 - [TEST_STEP][PASSED] - group = line.indexOf("<Group>"): null

27-02-2025T17:35:22 - [TEST_STEP][PASSED] - println(group): null

27-02-2025T17:35:22 - [TEST_STEP][PASSED] - if (group >= 0): null

27-02-2025T17:35:22 - [TEST_STEP][PASSED] - else: null

27-02-2025T17:35:22 - [TEST_STEP][PASSED] - if (include): null

27-02-2025T17:35:22 - [TEST_STEP][PASSED] - println(line): null

27-02-2025T17:35:22 - [TEST_STEP][PASSED] - comma = line.indexOf(",y"): null

27-02-2025T17:35:22 - [TEST_STEP][PASSED] - if (comma > 0): null

27-02-2025T17:35:22 - [TEST_STEP][PASSED] - commaCount = StringUtils.countMatches(line, ","): null

27-02-2025T17:35:22 - [TEST_STEP][PASSED] - if (commaCount > 1): null

27-02-2025T17:35:22 - [TEST_STEP][PASSED] - else: null

27-02-2025T17:35:22 - [TEST_STEP][PASSED] - label = line.substring(1, comma): null

27-02-2025T17:35:22 - [TEST_STEP][PASSED] - println(label): null

27-02-2025T17:35:22 - [TEST_STEP][PASSED] - checked.add(label): null

27-02-2025T17:35:22 - [TEST_STEP][PASSED] - line = reader.readLine(): null

27-02-2025T17:35:22 - [TEST_STEP][PASSED] - println(line): null

27-02-2025T17:35:22 - [TEST_STEP][PASSED] - group = line.indexOf("<Group>"): null

27-02-2025T17:35:22 - [TEST_STEP][PASSED] - println(group): null

27-02-2025T17:35:22 - [TEST_STEP][PASSED] - if (group >= 0): null

27-02-2025T17:35:22 - [TEST_STEP][PASSED] - else: null

27-02-2025T17:35:22 - [TEST_STEP][PASSED] - if (include): null

27-02-2025T17:35:22 - [TEST_STEP][PASSED] - println(line): null

27-02-2025T17:35:22 - [TEST_STEP][PASSED] - comma = line.indexOf(",y"): null

27-02-2025T17:35:22 - [TEST_STEP][PASSED] - if (comma > 0): null

27-02-2025T17:35:22 - [TEST_STEP][PASSED] - commaCount = StringUtils.countMatches(line, ","): null

27-02-2025T17:35:22 - [TEST_STEP][PASSED] - if (commaCount > 1): null

27-02-2025T17:35:22 - [TEST_STEP][PASSED] - else: null

27-02-2025T17:35:22 - [TEST_STEP][PASSED] - label = line.substring(1, comma): null

27-02-2025T17:35:22 - [TEST_STEP][PASSED] - println(label): null

27-02-2025T17:35:22 - [TEST_STEP][PASSED] - checked.add(label): null

27-02-2025T17:35:22 - [TEST_STEP][PASSED] - line = reader.readLine(): null

27-02-2025T17:35:22 - [TEST_STEP][PASSED] - println(line): null

27-02-2025T17:35:22 - [TEST_STEP][PASSED] - group = line.indexOf("<Group>"): null

27-02-2025T17:35:22 - [TEST_STEP][PASSED] - println(group): null

27-02-2025T17:35:22 - [TEST_STEP][PASSED] - if (group >= 0): null

27-02-2025T17:35:22 - [TEST_STEP][PASSED] - else: null

27-02-2025T17:35:22 - [TEST_STEP][PASSED] - if (include): null

27-02-2025T17:35:22 - [TEST_STEP][PASSED] - println(line): null

27-02-2025T17:35:22 - [TEST_STEP][PASSED] - comma = line.indexOf(",y"): null

27-02-2025T17:35:22 - [TEST_STEP][PASSED] - if (comma > 0): null

27-02-2025T17:35:22 - [TEST_STEP][PASSED] - line = reader.readLine(): null

27-02-2025T17:35:22 - [TEST_STEP][PASSED] - println(line): null

27-02-2025T17:35:22 - [TEST_STEP][PASSED] - group = line.indexOf("<Group>"): null

27-02-2025T17:35:22 - [TEST_STEP][PASSED] - println(group): null

27-02-2025T17:35:22 - [TEST_STEP][PASSED] - if (group >= 0): null

27-02-2025T17:35:22 - [TEST_STEP][PASSED] - else: null

27-02-2025T17:35:22 - [TEST_STEP][PASSED] - if (include): null

27-02-2025T17:35:22 - [TEST_STEP][PASSED] - println(line): null

27-02-2025T17:35:22 - [TEST_STEP][PASSED] - comma = line.indexOf(",y"): null

27-02-2025T17:35:22 - [TEST_STEP][PASSED] - if (comma > 0): null

27-02-2025T17:35:22 - [TEST_STEP][PASSED] - line = reader.readLine(): null

27-02-2025T17:35:22 - [TEST_STEP][PASSED] - println(line): null

27-02-2025T17:35:22 - [TEST_STEP][PASSED] - group = line.indexOf("<Group>"): null

27-02-2025T17:35:22 - [TEST_STEP][PASSED] - println(group): null

27-02-2025T17:35:22 - [TEST_STEP][PASSED] - if (group >= 0): null

27-02-2025T17:35:22 - [TEST_STEP][PASSED] - else: null

27-02-2025T17:35:22 - [TEST_STEP][PASSED] - if (include): null

27-02-2025T17:35:22 - [TEST_STEP][PASSED] - println(line): null

27-02-2025T17:35:22 - [TEST_STEP][PASSED] - comma = line.indexOf(",y"): null

27-02-2025T17:35:22 - [TEST_STEP][PASSED] - if (comma > 0): null

27-02-2025T17:35:22 - [TEST_STEP][PASSED] - line = reader.readLine(): null

27-02-2025T17:35:22 - [TEST_STEP][PASSED] - println(line): null

27-02-2025T17:35:22 - [TEST_STEP][PASSED] - group = line.indexOf("<Group>"): null

27-02-2025T17:35:22 - [TEST_STEP][PASSED] - println(group): null

27-02-2025T17:35:22 - [TEST_STEP][PASSED] - if (group >= 0): null

27-02-2025T17:35:22 - [TEST_STEP][PASSED] - else: null

27-02-2025T17:35:22 - [TEST_STEP][PASSED] - if (include): null

27-02-2025T17:35:22 - [TEST_STEP][PASSED] - println(line): null

27-02-2025T17:35:22 - [TEST_STEP][PASSED] - comma = line.indexOf(",y"): null

27-02-2025T17:35:22 - [TEST_STEP][PASSED] - if (comma > 0): null

27-02-2025T17:35:22 - [TEST_STEP][PASSED] - line = reader.readLine(): null

27-02-2025T17:35:22 - [TEST_STEP][PASSED] - println(line): null

27-02-2025T17:35:22 - [TEST_STEP][PASSED] - group = line.indexOf("<Group>"): null

27-02-2025T17:35:22 - [TEST_STEP][PASSED] - println(group): null

27-02-2025T17:35:22 - [TEST_STEP][PASSED] - if (group >= 0): null

27-02-2025T17:35:22 - [TEST_STEP][PASSED] - else: null

27-02-2025T17:35:22 - [TEST_STEP][PASSED] - if (include): null

27-02-2025T17:35:22 - [TEST_STEP][PASSED] - println(line): null

27-02-2025T17:35:22 - [TEST_STEP][PASSED] - comma = line.indexOf(",y"): null

27-02-2025T17:35:22 - [TEST_STEP][PASSED] - if (comma > 0): null

27-02-2025T17:35:22 - [TEST_STEP][PASSED] - line = reader.readLine(): null

27-02-2025T17:35:22 - [TEST_STEP][PASSED] - println(line): null

27-02-2025T17:35:22 - [TEST_STEP][PASSED] - group = line.indexOf("<Group>"): null

27-02-2025T17:35:22 - [TEST_STEP][PASSED] - println(group): null

27-02-2025T17:35:22 - [TEST_STEP][PASSED] - if (group >= 0): null

27-02-2025T17:35:22 - [TEST_STEP][PASSED] - else: null

27-02-2025T17:35:22 - [TEST_STEP][PASSED] - if (include): null

27-02-2025T17:35:22 - [TEST_STEP][PASSED] - println(line): null

27-02-2025T17:35:22 - [TEST_STEP][PASSED] - comma = line.indexOf(",y"): null

27-02-2025T17:35:22 - [TEST_STEP][PASSED] - if (comma > 0): null

27-02-2025T17:35:22 - [TEST_STEP][PASSED] - line = reader.readLine(): null

27-02-2025T17:35:22 - [TEST_STEP][PASSED] - println(line): null

27-02-2025T17:35:22 - [TEST_STEP][PASSED] - group = line.indexOf("<Group>"): null

27-02-2025T17:35:22 - [TEST_STEP][PASSED] - println(group): null

27-02-2025T17:35:22 - [TEST_STEP][PASSED] - if (group >= 0): null

27-02-2025T17:35:22 - [TEST_STEP][PASSED] - else: null

27-02-2025T17:35:22 - [TEST_STEP][PASSED] - if (include): null

27-02-2025T17:35:22 - [TEST_STEP][PASSED] - println(line): null

27-02-2025T17:35:22 - [TEST_STEP][PASSED] - comma = line.indexOf(",y"): null

27-02-2025T17:35:22 - [TEST_STEP][PASSED] - if (comma > 0): null

27-02-2025T17:35:22 - [TEST_STEP][PASSED] - line = reader.readLine(): null

27-02-2025T17:35:22 - [TEST_STEP][PASSED] - println(line): null

27-02-2025T17:35:22 - [TEST_STEP][PASSED] - group = line.indexOf("<Group>"): null

27-02-2025T17:35:22 - [TEST_STEP][PASSED] - println(group): null

27-02-2025T17:35:22 - [TEST_STEP][PASSED] - if (group >= 0): null

27-02-2025T17:35:22 - [TEST_STEP][PASSED] - else: null

27-02-2025T17:35:22 - [TEST_STEP][PASSED] - if (include): null

27-02-2025T17:35:22 - [TEST_STEP][PASSED] - println(line): null

27-02-2025T17:35:22 - [TEST_STEP][PASSED] - comma = line.indexOf(",y"): null

27-02-2025T17:35:22 - [TEST_STEP][PASSED] - if (comma > 0): null

27-02-2025T17:35:22 - [TEST_STEP][PASSED] - line = reader.readLine(): null

27-02-2025T17:35:22 - [TEST_STEP][PASSED] - println(line): null

27-02-2025T17:35:22 - [TEST_STEP][PASSED] - group = line.indexOf("<Group>"): null

27-02-2025T17:35:22 - [TEST_STEP][PASSED] - println(group): null

27-02-2025T17:35:22 - [TEST_STEP][PASSED] - if (group >= 0): null

27-02-2025T17:35:22 - [TEST_STEP][PASSED] - else: null

27-02-2025T17:35:22 - [TEST_STEP][PASSED] - if (include): null

27-02-2025T17:35:22 - [TEST_STEP][PASSED] - println(line): null

27-02-2025T17:35:22 - [TEST_STEP][PASSED] - comma = line.indexOf(",y"): null

27-02-2025T17:35:22 - [TEST_STEP][PASSED] - if (comma > 0): null

27-02-2025T17:35:22 - [TEST_STEP][PASSED] - line = reader.readLine(): null

27-02-2025T17:35:22 - [TEST_STEP][PASSED] - println(line): null

27-02-2025T17:35:22 - [TEST_STEP][PASSED] - group = line.indexOf("<Group>"): null

27-02-2025T17:35:22 - [TEST_STEP][PASSED] - println(group): null

27-02-2025T17:35:22 - [TEST_STEP][PASSED] - if (group >= 0): null

27-02-2025T17:35:22 - [TEST_STEP][PASSED] - else: null

27-02-2025T17:35:22 - [TEST_STEP][PASSED] - if (include): null

27-02-2025T17:35:22 - [TEST_STEP][PASSED] - println(line): null

27-02-2025T17:35:22 - [TEST_STEP][PASSED] - comma = line.indexOf(",y"): null

27-02-2025T17:35:22 - [TEST_STEP][PASSED] - if (comma > 0): null

27-02-2025T17:35:22 - [TEST_STEP][PASSED] - line = reader.readLine(): null

27-02-2025T17:35:22 - [TEST_STEP][PASSED] - println(line): null

27-02-2025T17:35:22 - [TEST_STEP][PASSED] - group = line.indexOf("<Group>"): null

27-02-2025T17:35:22 - [TEST_STEP][PASSED] - println(group): null

27-02-2025T17:35:22 - [TEST_STEP][PASSED] - if (group >= 0): null

27-02-2025T17:35:22 - [TEST_STEP][PASSED] - else: null

27-02-2025T17:35:22 - [TEST_STEP][PASSED] - if (include): null

27-02-2025T17:35:22 - [TEST_STEP][PASSED] - println(line): null

27-02-2025T17:35:22 - [TEST_STEP][PASSED] - comma = line.indexOf(",y"): null

27-02-2025T17:35:22 - [TEST_STEP][PASSED] - if (comma > 0): null

27-02-2025T17:35:22 - [TEST_STEP][PASSED] - line = reader.readLine(): null

27-02-2025T17:35:22 - [TEST_STEP][PASSED] - println(line): null

27-02-2025T17:35:22 - [TEST_STEP][PASSED] - group = line.indexOf("<Group>"): null

27-02-2025T17:35:22 - [TEST_STEP][PASSED] - println(group): null

27-02-2025T17:35:22 - [TEST_STEP][PASSED] - if (group >= 0): null

27-02-2025T17:35:22 - [TEST_STEP][PASSED] - else: null

27-02-2025T17:35:22 - [TEST_STEP][PASSED] - if (include): null

27-02-2025T17:35:22 - [TEST_STEP][PASSED] - println(line): null

27-02-2025T17:35:22 - [TEST_STEP][PASSED] - comma = line.indexOf(",y"): null

27-02-2025T17:35:22 - [TEST_STEP][PASSED] - if (comma > 0): null

27-02-2025T17:35:22 - [TEST_STEP][PASSED] - line = reader.readLine(): null

27-02-2025T17:35:22 - [TEST_STEP][PASSED] - println(line): null

27-02-2025T17:35:22 - [TEST_STEP][PASSED] - group = line.indexOf("<Group>"): null

27-02-2025T17:35:22 - [TEST_STEP][PASSED] - println(group): null

27-02-2025T17:35:22 - [TEST_STEP][PASSED] - if (group >= 0): null

27-02-2025T17:35:22 - [TEST_STEP][PASSED] - else: null

27-02-2025T17:35:22 - [TEST_STEP][PASSED] - if (include): null

27-02-2025T17:35:22 - [TEST_STEP][PASSED] - println(line): null

27-02-2025T17:35:22 - [TEST_STEP][PASSED] - comma = line.indexOf(",y"): null

27-02-2025T17:35:22 - [TEST_STEP][PASSED] - if (comma > 0): null

27-02-2025T17:35:22 - [TEST_STEP][PASSED] - line = reader.readLine(): null

27-02-2025T17:35:22 - [TEST_STEP][PASSED] - println(line): null

27-02-2025T17:35:22 - [TEST_STEP][PASSED] - group = line.indexOf("<Group>"): null

27-02-2025T17:35:22 - [TEST_STEP][PASSED] - println(group): null

27-02-2025T17:35:22 - [TEST_STEP][PASSED] - if (group >= 0): null

27-02-2025T17:35:22 - [TEST_STEP][PASSED] - else: null

27-02-2025T17:35:22 - [TEST_STEP][PASSED] - if (include): null

27-02-2025T17:35:22 - [TEST_STEP][PASSED] - println(line): null

27-02-2025T17:35:22 - [TEST_STEP][PASSED] - comma = line.indexOf(",y"): null

27-02-2025T17:35:22 - [TEST_STEP][PASSED] - if (comma > 0): null

27-02-2025T17:35:22 - [TEST_STEP][PASSED] - line = reader.readLine(): null

27-02-2025T17:35:22 - [TEST_STEP][PASSED] - println(line): null

27-02-2025T17:35:22 - [TEST_STEP][PASSED] - group = line.indexOf("<Group>"): null

27-02-2025T17:35:22 - [TEST_STEP][PASSED] - println(group): null

27-02-2025T17:35:22 - [TEST_STEP][PASSED] - if (group >= 0): null

27-02-2025T17:35:22 - [TEST_STEP][PASSED] - else: null

27-02-2025T17:35:22 - [TEST_STEP][PASSED] - if (include): null

27-02-2025T17:35:22 - [TEST_STEP][PASSED] - println(line): null

27-02-2025T17:35:22 - [TEST_STEP][PASSED] - comma = line.indexOf(",y"): null

27-02-2025T17:35:22 - [TEST_STEP][PASSED] - if (comma > 0): null

27-02-2025T17:35:22 - [TEST_STEP][PASSED] - line = reader.readLine(): null

27-02-2025T17:35:22 - [TEST_STEP][PASSED] - println(line): null

27-02-2025T17:35:22 - [TEST_STEP][PASSED] - group = line.indexOf("<Group>"): null

27-02-2025T17:35:22 - [TEST_STEP][PASSED] - println(group): null

27-02-2025T17:35:22 - [TEST_STEP][PASSED] - if (group >= 0): null

27-02-2025T17:35:22 - [TEST_STEP][PASSED] - else: null

27-02-2025T17:35:22 - [TEST_STEP][PASSED] - if (include): null

27-02-2025T17:35:22 - [TEST_STEP][PASSED] - println(line): null

27-02-2025T17:35:22 - [TEST_STEP][PASSED] - comma = line.indexOf(",y"): null

27-02-2025T17:35:22 - [TEST_STEP][PASSED] - if (comma > 0): null

27-02-2025T17:35:22 - [TEST_STEP][PASSED] - line = reader.readLine(): null

27-02-2025T17:35:22 - [TEST_STEP][PASSED] - println(line): null

27-02-2025T17:35:22 - [TEST_STEP][PASSED] - group = line.indexOf("<Group>"): null

27-02-2025T17:35:22 - [TEST_STEP][PASSED] - println(group): null

27-02-2025T17:35:22 - [TEST_STEP][PASSED] - if (group >= 0): null

27-02-2025T17:35:22 - [TEST_STEP][PASSED] - else: null

27-02-2025T17:35:22 - [TEST_STEP][PASSED] - if (include): null

27-02-2025T17:35:22 - [TEST_STEP][PASSED] - println(line): null

27-02-2025T17:35:22 - [TEST_STEP][PASSED] - comma = line.indexOf(",y"): null

27-02-2025T17:35:22 - [TEST_STEP][PASSED] - if (comma > 0): null

27-02-2025T17:35:22 - [TEST_STEP][PASSED] - line = reader.readLine(): null

27-02-2025T17:35:22 - [TEST_STEP][PASSED] - println(line): null

27-02-2025T17:35:22 - [TEST_STEP][PASSED] - group = line.indexOf("<Group>"): null

27-02-2025T17:35:22 - [TEST_STEP][PASSED] - println(group): null

27-02-2025T17:35:22 - [TEST_STEP][PASSED] - if (group >= 0): null

27-02-2025T17:35:22 - [TEST_STEP][PASSED] - else: null

27-02-2025T17:35:22 - [TEST_STEP][PASSED] - if (include): null

27-02-2025T17:35:22 - [TEST_STEP][PASSED] - println(line): null

27-02-2025T17:35:22 - [TEST_STEP][PASSED] - comma = line.indexOf(",y"): null

27-02-2025T17:35:22 - [TEST_STEP][PASSED] - if (comma > 0): null

27-02-2025T17:35:22 - [TEST_STEP][PASSED] - line = reader.readLine(): null

27-02-2025T17:35:22 - [TEST_STEP][PASSED] - println(line): null

27-02-2025T17:35:22 - [TEST_STEP][PASSED] - group = line.indexOf("<Group>"): null

27-02-2025T17:35:22 - [TEST_STEP][PASSED] - println(group): null

27-02-2025T17:35:22 - [TEST_STEP][PASSED] - if (group >= 0): null

27-02-2025T17:35:22 - [TEST_STEP][PASSED] - else: null

27-02-2025T17:35:22 - [TEST_STEP][PASSED] - if (include): null

27-02-2025T17:35:22 - [TEST_STEP][PASSED] - println(line): null

27-02-2025T17:35:22 - [TEST_STEP][PASSED] - comma = line.indexOf(",y"): null

27-02-2025T17:35:22 - [TEST_STEP][PASSED] - if (comma > 0): null

27-02-2025T17:35:22 - [TEST_STEP][PASSED] - line = reader.readLine(): null

27-02-2025T17:35:22 - [TEST_STEP][PASSED] - println(line): null

27-02-2025T17:35:22 - [TEST_STEP][PASSED] - group = line.indexOf("<Group>"): null

27-02-2025T17:35:22 - [TEST_STEP][PASSED] - println(group): null

27-02-2025T17:35:22 - [TEST_STEP][PASSED] - if (group >= 0): null

27-02-2025T17:35:22 - [TEST_STEP][PASSED] - else: null

27-02-2025T17:35:22 - [TEST_STEP][PASSED] - if (include): null

27-02-2025T17:35:22 - [TEST_STEP][PASSED] - println(line): null

27-02-2025T17:35:22 - [TEST_STEP][PASSED] - comma = line.indexOf(",y"): null

27-02-2025T17:35:22 - [TEST_STEP][PASSED] - if (comma > 0): null

27-02-2025T17:35:22 - [TEST_STEP][PASSED] - line = reader.readLine(): null

27-02-2025T17:35:22 - [TEST_STEP][PASSED] - println(line): null

27-02-2025T17:35:22 - [TEST_STEP][PASSED] - group = line.indexOf("<Group>"): null

27-02-2025T17:35:22 - [TEST_STEP][PASSED] - println(group): null

27-02-2025T17:35:22 - [TEST_STEP][PASSED] - if (group >= 0): null

27-02-2025T17:35:22 - [TEST_STEP][PASSED] - else: null

27-02-2025T17:35:22 - [TEST_STEP][PASSED] - if (include): null

27-02-2025T17:35:22 - [TEST_STEP][PASSED] - println(line): null

27-02-2025T17:35:22 - [TEST_STEP][PASSED] - comma = line.indexOf(",y"): null

27-02-2025T17:35:22 - [TEST_STEP][PASSED] - if (comma > 0): null

27-02-2025T17:35:22 - [TEST_STEP][PASSED] - line = reader.readLine(): null

27-02-2025T17:35:22 - [TEST_STEP][PASSED] - println(line): null

27-02-2025T17:35:22 - [TEST_STEP][PASSED] - group = line.indexOf("<Group>"): null

27-02-2025T17:35:22 - [TEST_STEP][PASSED] - println(group): null

27-02-2025T17:35:22 - [TEST_STEP][PASSED] - if (group >= 0): null

27-02-2025T17:35:22 - [TEST_STEP][PASSED] - else: null

27-02-2025T17:35:22 - [TEST_STEP][PASSED] - if (include): null

27-02-2025T17:35:22 - [TEST_STEP][PASSED] - println(line): null

27-02-2025T17:35:22 - [TEST_STEP][PASSED] - comma = line.indexOf(",y"): null

27-02-2025T17:35:22 - [TEST_STEP][PASSED] - if (comma > 0): null

27-02-2025T17:35:22 - [TEST_STEP][PASSED] - line = reader.readLine(): null

27-02-2025T17:35:22 - [TEST_STEP][PASSED] - println(line): null

27-02-2025T17:35:22 - [TEST_STEP][PASSED] - group = line.indexOf("<Group>"): null

27-02-2025T17:35:22 - [TEST_STEP][PASSED] - println(group): null

27-02-2025T17:35:22 - [TEST_STEP][PASSED] - if (group >= 0): null

27-02-2025T17:35:22 - [TEST_STEP][PASSED] - else: null

27-02-2025T17:35:22 - [TEST_STEP][PASSED] - if (include): null

27-02-2025T17:35:22 - [TEST_STEP][PASSED] - println(line): null

27-02-2025T17:35:22 - [TEST_STEP][PASSED] - comma = line.indexOf(",y"): null

27-02-2025T17:35:22 - [TEST_STEP][PASSED] - if (comma > 0): null

27-02-2025T17:35:22 - [TEST_STEP][PASSED] - line = reader.readLine(): null

27-02-2025T17:35:22 - [TEST_STEP][PASSED] - println(line): null

27-02-2025T17:35:22 - [TEST_STEP][PASSED] - group = line.indexOf("<Group>"): null

27-02-2025T17:35:22 - [TEST_STEP][PASSED] - println(group): null

27-02-2025T17:35:22 - [TEST_STEP][PASSED] - if (group >= 0): null

27-02-2025T17:35:22 - [TEST_STEP][PASSED] - else: null

27-02-2025T17:35:22 - [TEST_STEP][PASSED] - if (include): null

27-02-2025T17:35:22 - [TEST_STEP][PASSED] - println(line): null

27-02-2025T17:35:22 - [TEST_STEP][PASSED] - comma = line.indexOf(",y"): null

27-02-2025T17:35:22 - [TEST_STEP][PASSED] - if (comma > 0): null

27-02-2025T17:35:22 - [TEST_STEP][PASSED] - line = reader.readLine(): null

27-02-2025T17:35:22 - [TEST_STEP][PASSED] - println(line): null

27-02-2025T17:35:22 - [TEST_STEP][PASSED] - group = line.indexOf("<Group>"): null

27-02-2025T17:35:22 - [TEST_STEP][PASSED] - println(group): null

27-02-2025T17:35:22 - [TEST_STEP][PASSED] - if (group >= 0): null

27-02-2025T17:35:22 - [TEST_STEP][PASSED] - else: null

27-02-2025T17:35:22 - [TEST_STEP][PASSED] - if (include): null

27-02-2025T17:35:22 - [TEST_STEP][PASSED] - println(line): null

27-02-2025T17:35:22 - [TEST_STEP][PASSED] - comma = line.indexOf(",y"): null

27-02-2025T17:35:22 - [TEST_STEP][PASSED] - if (comma > 0): null

27-02-2025T17:35:22 - [TEST_STEP][PASSED] - line = reader.readLine(): null

27-02-2025T17:35:22 - [TEST_STEP][PASSED] - println(line): null

27-02-2025T17:35:22 - [TEST_STEP][PASSED] - group = line.indexOf("<Group>"): null

27-02-2025T17:35:22 - [TEST_STEP][PASSED] - println(group): null

27-02-2025T17:35:22 - [TEST_STEP][PASSED] - if (group >= 0): null

27-02-2025T17:35:22 - [TEST_STEP][PASSED] - else: null

27-02-2025T17:35:22 - [TEST_STEP][PASSED] - if (include): null

27-02-2025T17:35:22 - [TEST_STEP][PASSED] - println(line): null

27-02-2025T17:35:22 - [TEST_STEP][PASSED] - comma = line.indexOf(",y"): null

27-02-2025T17:35:22 - [TEST_STEP][PASSED] - if (comma > 0): null

27-02-2025T17:35:22 - [TEST_STEP][PASSED] - line = reader.readLine(): null

27-02-2025T17:35:22 - [TEST_STEP][PASSED] - println(line): null

27-02-2025T17:35:22 - [TEST_STEP][PASSED] - group = line.indexOf("<Group>"): null

27-02-2025T17:35:22 - [TEST_STEP][PASSED] - println(group): null

27-02-2025T17:35:22 - [TEST_STEP][PASSED] - if (group >= 0): null

27-02-2025T17:35:22 - [TEST_STEP][PASSED] - else: null

27-02-2025T17:35:22 - [TEST_STEP][PASSED] - if (include): null

27-02-2025T17:35:22 - [TEST_STEP][PASSED] - println(line): null

27-02-2025T17:35:22 - [TEST_STEP][PASSED] - comma = line.indexOf(",y"): null

27-02-2025T17:35:22 - [TEST_STEP][PASSED] - if (comma > 0): null

27-02-2025T17:35:22 - [TEST_STEP][PASSED] - line = reader.readLine(): null

27-02-2025T17:35:22 - [TEST_STEP][PASSED] - println(line): null

27-02-2025T17:35:22 - [TEST_STEP][PASSED] - group = line.indexOf("<Group>"): null

27-02-2025T17:35:22 - [TEST_STEP][PASSED] - println(group): null

27-02-2025T17:35:22 - [TEST_STEP][PASSED] - if (group >= 0): null

27-02-2025T17:35:22 - [TEST_STEP][PASSED] - else: null

27-02-2025T17:35:22 - [TEST_STEP][PASSED] - if (include): null

27-02-2025T17:35:22 - [TEST_STEP][PASSED] - println(line): null

27-02-2025T17:35:22 - [TEST_STEP][PASSED] - comma = line.indexOf(",y"): null

27-02-2025T17:35:22 - [TEST_STEP][PASSED] - if (comma > 0): null

27-02-2025T17:35:22 - [TEST_STEP][PASSED] - line = reader.readLine(): null

27-02-2025T17:35:22 - [TEST_STEP][PASSED] - println(line): null

27-02-2025T17:35:22 - [TEST_STEP][PASSED] - group = line.indexOf("<Group>"): null

27-02-2025T17:35:22 - [TEST_STEP][PASSED] - println(group): null

27-02-2025T17:35:22 - [TEST_STEP][PASSED] - if (group >= 0): null

27-02-2025T17:35:22 - [TEST_STEP][PASSED] - else: null

27-02-2025T17:35:22 - [TEST_STEP][PASSED] - if (include): null

27-02-2025T17:35:22 - [TEST_STEP][PASSED] - println(line): null

27-02-2025T17:35:22 - [TEST_STEP][PASSED] - comma = line.indexOf(",y"): null

27-02-2025T17:35:22 - [TEST_STEP][PASSED] - if (comma > 0): null

27-02-2025T17:35:22 - [TEST_STEP][PASSED] - line = reader.readLine(): null

27-02-2025T17:35:22 - [TEST_STEP][PASSED] - println(line): null

27-02-2025T17:35:22 - [TEST_STEP][PASSED] - group = line.indexOf("<Group>"): null

27-02-2025T17:35:22 - [TEST_STEP][PASSED] - println(group): null

27-02-2025T17:35:22 - [TEST_STEP][PASSED] - if (group >= 0): null

27-02-2025T17:35:22 - [TEST_STEP][PASSED] - else: null

27-02-2025T17:35:22 - [TEST_STEP][PASSED] - if (include): null

27-02-2025T17:35:22 - [TEST_STEP][PASSED] - println(line): null

27-02-2025T17:35:22 - [TEST_STEP][PASSED] - comma = line.indexOf(",y"): null

27-02-2025T17:35:22 - [TEST_STEP][PASSED] - if (comma > 0): null

27-02-2025T17:35:22 - [TEST_STEP][PASSED] - line = reader.readLine(): null

27-02-2025T17:35:22 - [TEST_STEP][PASSED] - println(line): null

27-02-2025T17:35:22 - [TEST_STEP][PASSED] - group = line.indexOf("<Group>"): null

27-02-2025T17:35:22 - [TEST_STEP][PASSED] - println(group): null

27-02-2025T17:35:22 - [TEST_STEP][PASSED] - if (group >= 0): null

27-02-2025T17:35:22 - [TEST_STEP][PASSED] - else: null

27-02-2025T17:35:22 - [TEST_STEP][PASSED] - if (include): null

27-02-2025T17:35:22 - [TEST_STEP][PASSED] - println(line): null

27-02-2025T17:35:22 - [TEST_STEP][PASSED] - comma = line.indexOf(",y"): null

27-02-2025T17:35:22 - [TEST_STEP][PASSED] - if (comma > 0): null

27-02-2025T17:35:22 - [TEST_STEP][PASSED] - line = reader.readLine(): null

27-02-2025T17:35:22 - [TEST_STEP][PASSED] - println(line): null

27-02-2025T17:35:22 - [TEST_STEP][PASSED] - group = line.indexOf("<Group>"): null

27-02-2025T17:35:22 - [TEST_STEP][PASSED] - println(group): null

27-02-2025T17:35:22 - [TEST_STEP][PASSED] - if (group >= 0): null

27-02-2025T17:35:22 - [TEST_STEP][PASSED] - else: null

27-02-2025T17:35:22 - [TEST_STEP][PASSED] - if (include): null

27-02-2025T17:35:22 - [TEST_STEP][PASSED] - println(line): null

27-02-2025T17:35:22 - [TEST_STEP][PASSED] - comma = line.indexOf(",y"): null

27-02-2025T17:35:22 - [TEST_STEP][PASSED] - if (comma > 0): null

27-02-2025T17:35:22 - [TEST_STEP][PASSED] - line = reader.readLine(): null

27-02-2025T17:35:22 - [TEST_STEP][PASSED] - println(line): null

27-02-2025T17:35:22 - [TEST_STEP][PASSED] - group = line.indexOf("<Group>"): null

27-02-2025T17:35:22 - [TEST_STEP][PASSED] - println(group): null

27-02-2025T17:35:22 - [TEST_STEP][PASSED] - if (group >= 0): null

27-02-2025T17:35:22 - [TEST_STEP][PASSED] - else: null

27-02-2025T17:35:22 - [TEST_STEP][PASSED] - if (include): null

27-02-2025T17:35:22 - [TEST_STEP][PASSED] - println(line): null

27-02-2025T17:35:22 - [TEST_STEP][PASSED] - comma = line.indexOf(",y"): null

27-02-2025T17:35:22 - [TEST_STEP][PASSED] - if (comma > 0): null

27-02-2025T17:35:22 - [TEST_STEP][PASSED] - line = reader.readLine(): null

27-02-2025T17:35:22 - [TEST_STEP][PASSED] - println(line): null

27-02-2025T17:35:22 - [TEST_STEP][PASSED] - group = line.indexOf("<Group>"): null

27-02-2025T17:35:22 - [TEST_STEP][PASSED] - println(group): null

27-02-2025T17:35:22 - [TEST_STEP][PASSED] - if (group >= 0): null

27-02-2025T17:35:22 - [TEST_STEP][PASSED] - else: null

27-02-2025T17:35:22 - [TEST_STEP][PASSED] - if (include): null

27-02-2025T17:35:22 - [TEST_STEP][PASSED] - println(line): null

27-02-2025T17:35:22 - [TEST_STEP][PASSED] - comma = line.indexOf(",y"): null

27-02-2025T17:35:22 - [TEST_STEP][PASSED] - if (comma > 0): null

27-02-2025T17:35:22 - [TEST_STEP][PASSED] - line = reader.readLine(): null

27-02-2025T17:35:22 - [TEST_STEP][PASSED] - println(line): null

27-02-2025T17:35:22 - [TEST_STEP][PASSED] - group = line.indexOf("<Group>"): null

27-02-2025T17:35:22 - [TEST_STEP][PASSED] - println(group): null

27-02-2025T17:35:22 - [TEST_STEP][PASSED] - if (group >= 0): null

27-02-2025T17:35:22 - [TEST_STEP][PASSED] - else: null

27-02-2025T17:35:22 - [TEST_STEP][PASSED] - if (include): null

27-02-2025T17:35:22 - [TEST_STEP][PASSED] - println(line): null

27-02-2025T17:35:22 - [TEST_STEP][PASSED] - comma = line.indexOf(",y"): null

27-02-2025T17:35:22 - [TEST_STEP][PASSED] - if (comma > 0): null

27-02-2025T17:35:22 - [TEST_STEP][PASSED] - line = reader.readLine(): null

27-02-2025T17:35:22 - [TEST_STEP][PASSED] - println(line): null

27-02-2025T17:35:22 - [TEST_STEP][PASSED] - group = line.indexOf("<Group>"): null

27-02-2025T17:35:22 - [TEST_STEP][PASSED] - println(group): null

27-02-2025T17:35:22 - [TEST_STEP][PASSED] - if (group >= 0): null

27-02-2025T17:35:22 - [TEST_STEP][PASSED] - else: null

27-02-2025T17:35:22 - [TEST_STEP][PASSED] - if (include): null

27-02-2025T17:35:22 - [TEST_STEP][PASSED] - println(line): null

27-02-2025T17:35:22 - [TEST_STEP][PASSED] - comma = line.indexOf(",y"): null

27-02-2025T17:35:22 - [TEST_STEP][PASSED] - if (comma > 0): null

27-02-2025T17:35:22 - [TEST_STEP][PASSED] - line = reader.readLine(): null

27-02-2025T17:35:22 - [TEST_STEP][PASSED] - println(line): null

27-02-2025T17:35:22 - [TEST_STEP][PASSED] - group = line.indexOf("<Group>"): null

27-02-2025T17:35:22 - [TEST_STEP][PASSED] - println(group): null

27-02-2025T17:35:22 - [TEST_STEP][PASSED] - if (group >= 0): null

27-02-2025T17:35:22 - [TEST_STEP][PASSED] - else: null

27-02-2025T17:35:22 - [TEST_STEP][PASSED] - if (include): null

27-02-2025T17:35:22 - [TEST_STEP][PASSED] - println(line): null

27-02-2025T17:35:22 - [TEST_STEP][PASSED] - comma = line.indexOf(",y"): null

27-02-2025T17:35:22 - [TEST_STEP][PASSED] - if (comma > 0): null

27-02-2025T17:35:22 - [TEST_STEP][PASSED] - line = reader.readLine(): null

27-02-2025T17:35:22 - [TEST_STEP][PASSED] - println(line): null

27-02-2025T17:35:22 - [TEST_STEP][PASSED] - group = line.indexOf("<Group>"): null

27-02-2025T17:35:22 - [TEST_STEP][PASSED] - println(group): null

27-02-2025T17:35:22 - [TEST_STEP][PASSED] - if (group >= 0): null

27-02-2025T17:35:22 - [TEST_STEP][PASSED] - else: null

27-02-2025T17:35:22 - [TEST_STEP][PASSED] - if (include): null

27-02-2025T17:35:22 - [TEST_STEP][PASSED] - println(line): null

27-02-2025T17:35:22 - [TEST_STEP][PASSED] - comma = line.indexOf(",y"): null

27-02-2025T17:35:22 - [TEST_STEP][PASSED] - if (comma > 0): null

27-02-2025T17:35:22 - [TEST_STEP][PASSED] - line = reader.readLine(): null

27-02-2025T17:35:22 - [TEST_STEP][PASSED] - println(line): null

27-02-2025T17:35:22 - [TEST_STEP][PASSED] - group = line.indexOf("<Group>"): null

27-02-2025T17:35:22 - [TEST_STEP][PASSED] - println(group): null

27-02-2025T17:35:22 - [TEST_STEP][PASSED] - if (group >= 0): null

27-02-2025T17:35:22 - [TEST_STEP][PASSED] - else: null

27-02-2025T17:35:22 - [TEST_STEP][PASSED] - if (include): null

27-02-2025T17:35:22 - [TEST_STEP][PASSED] - println(line): null

27-02-2025T17:35:22 - [TEST_STEP][PASSED] - comma = line.indexOf(",y"): null

27-02-2025T17:35:22 - [TEST_STEP][PASSED] - if (comma > 0): null

27-02-2025T17:35:22 - [TEST_STEP][PASSED] - line = reader.readLine(): null

27-02-2025T17:35:22 - [TEST_STEP][PASSED] - println(line): null

27-02-2025T17:35:22 - [TEST_STEP][PASSED] - group = line.indexOf("<Group>"): null

27-02-2025T17:35:22 - [TEST_STEP][PASSED] - println(group): null

27-02-2025T17:35:22 - [TEST_STEP][PASSED] - if (group >= 0): null

27-02-2025T17:35:22 - [TEST_STEP][PASSED] - else: null

27-02-2025T17:35:22 - [TEST_STEP][PASSED] - if (include): null

27-02-2025T17:35:22 - [TEST_STEP][PASSED] - println(line): null

27-02-2025T17:35:22 - [TEST_STEP][PASSED] - comma = line.indexOf(",y"): null

27-02-2025T17:35:22 - [TEST_STEP][PASSED] - if (comma > 0): null

27-02-2025T17:35:22 - [TEST_STEP][PASSED] - line = reader.readLine(): null

27-02-2025T17:35:22 - [TEST_STEP][PASSED] - println(line): null

27-02-2025T17:35:22 - [TEST_STEP][PASSED] - group = line.indexOf("<Group>"): null

27-02-2025T17:35:22 - [TEST_STEP][PASSED] - println(group): null

27-02-2025T17:35:22 - [TEST_STEP][PASSED] - if (group >= 0): null

27-02-2025T17:35:22 - [TEST_STEP][PASSED] - else: null

27-02-2025T17:35:22 - [TEST_STEP][PASSED] - if (include): null

27-02-2025T17:35:22 - [TEST_STEP][PASSED] - println(line): null

27-02-2025T17:35:22 - [TEST_STEP][PASSED] - comma = line.indexOf(",y"): null

27-02-2025T17:35:22 - [TEST_STEP][PASSED] - if (comma > 0): null

27-02-2025T17:35:22 - [TEST_STEP][PASSED] - line = reader.readLine(): null

27-02-2025T17:35:22 - [TEST_STEP][PASSED] - println(line): null

27-02-2025T17:35:22 - [TEST_STEP][PASSED] - group = line.indexOf("<Group>"): null

27-02-2025T17:35:22 - [TEST_STEP][PASSED] - println(group): null

27-02-2025T17:35:22 - [TEST_STEP][PASSED] - if (group >= 0): null

27-02-2025T17:35:22 - [TEST_STEP][PASSED] - else: null

27-02-2025T17:35:22 - [TEST_STEP][PASSED] - if (include): null

27-02-2025T17:35:22 - [TEST_STEP][PASSED] - println(line): null

27-02-2025T17:35:22 - [TEST_STEP][PASSED] - comma = line.indexOf(",y"): null

27-02-2025T17:35:22 - [TEST_STEP][PASSED] - if (comma > 0): null

27-02-2025T17:35:22 - [TEST_STEP][PASSED] - line = reader.readLine(): null

27-02-2025T17:35:22 - [TEST_STEP][PASSED] - println(line): null

27-02-2025T17:35:22 - [TEST_STEP][PASSED] - group = line.indexOf("<Group>"): null

27-02-2025T17:35:22 - [TEST_STEP][PASSED] - println(group): null

27-02-2025T17:35:22 - [TEST_STEP][PASSED] - if (group >= 0): null

27-02-2025T17:35:22 - [TEST_STEP][PASSED] - else: null

27-02-2025T17:35:22 - [TEST_STEP][PASSED] - if (include): null

27-02-2025T17:35:22 - [TEST_STEP][PASSED] - println(line): null

27-02-2025T17:35:22 - [TEST_STEP][PASSED] - comma = line.indexOf(",y"): null

27-02-2025T17:35:22 - [TEST_STEP][PASSED] - if (comma > 0): null

27-02-2025T17:35:22 - [TEST_STEP][PASSED] - line = reader.readLine(): null

27-02-2025T17:35:22 - [TEST_STEP][PASSED] - println(line): null

27-02-2025T17:35:22 - [TEST_STEP][PASSED] - group = line.indexOf("<Group>"): null

27-02-2025T17:35:22 - [TEST_STEP][PASSED] - println(group): null

27-02-2025T17:35:22 - [TEST_STEP][PASSED] - if (group >= 0): null

27-02-2025T17:35:22 - [TEST_STEP][PASSED] - else: null

27-02-2025T17:35:22 - [TEST_STEP][PASSED] - if (include): null

27-02-2025T17:35:22 - [TEST_STEP][PASSED] - println(line): null

27-02-2025T17:35:22 - [TEST_STEP][PASSED] - comma = line.indexOf(",y"): null

27-02-2025T17:35:22 - [TEST_STEP][PASSED] - if (comma > 0): null

27-02-2025T17:35:22 - [TEST_STEP][PASSED] - line = reader.readLine(): null

27-02-2025T17:35:22 - [TEST_STEP][PASSED] - println(line): null

27-02-2025T17:35:22 - [TEST_STEP][PASSED] - group = line.indexOf("<Group>"): null

27-02-2025T17:35:22 - [TEST_STEP][PASSED] - println(group): null

27-02-2025T17:35:22 - [TEST_STEP][PASSED] - if (group >= 0): null

27-02-2025T17:35:22 - [TEST_STEP][PASSED] - else: null

27-02-2025T17:35:22 - [TEST_STEP][PASSED] - if (include): null

27-02-2025T17:35:22 - [TEST_STEP][PASSED] - println(line): null

27-02-2025T17:35:22 - [TEST_STEP][PASSED] - comma = line.indexOf(",y"): null

27-02-2025T17:35:22 - [TEST_STEP][PASSED] - if (comma > 0): null

27-02-2025T17:35:22 - [TEST_STEP][PASSED] - line = reader.readLine(): null

27-02-2025T17:35:22 - [TEST_STEP][PASSED] - println(line): null

27-02-2025T17:35:22 - [TEST_STEP][PASSED] - group = line.indexOf("<Group>"): null

27-02-2025T17:35:22 - [TEST_STEP][PASSED] - println(group): null

27-02-2025T17:35:22 - [TEST_STEP][PASSED] - if (group >= 0): null

27-02-2025T17:35:22 - [TEST_STEP][PASSED] - else: null

27-02-2025T17:35:22 - [TEST_STEP][PASSED] - if (include): null

27-02-2025T17:35:22 - [TEST_STEP][PASSED] - println(line): null

27-02-2025T17:35:22 - [TEST_STEP][PASSED] - comma = line.indexOf(",y"): null

27-02-2025T17:35:22 - [TEST_STEP][PASSED] - if (comma > 0): null

27-02-2025T17:35:22 - [TEST_STEP][PASSED] - line = reader.readLine(): null

27-02-2025T17:35:22 - [TEST_STEP][PASSED] - println(line): null

27-02-2025T17:35:22 - [TEST_STEP][PASSED] - group = line.indexOf("<Group>"): null

27-02-2025T17:35:22 - [TEST_STEP][PASSED] - println(group): null

27-02-2025T17:35:22 - [TEST_STEP][PASSED] - if (group >= 0): null

27-02-2025T17:35:22 - [TEST_STEP][PASSED] - else: null

27-02-2025T17:35:22 - [TEST_STEP][PASSED] - if (include): null

27-02-2025T17:35:22 - [TEST_STEP][PASSED] - println(line): null

27-02-2025T17:35:22 - [TEST_STEP][PASSED] - comma = line.indexOf(",y"): null

27-02-2025T17:35:22 - [TEST_STEP][PASSED] - if (comma > 0): null

27-02-2025T17:35:22 - [TEST_STEP][PASSED] - line = reader.readLine(): null

27-02-2025T17:35:22 - [TEST_STEP][PASSED] - println(line): null

27-02-2025T17:35:22 - [TEST_STEP][PASSED] - group = line.indexOf("<Group>"): null

27-02-2025T17:35:22 - [TEST_STEP][PASSED] - println(group): null

27-02-2025T17:35:22 - [TEST_STEP][PASSED] - if (group >= 0): null

27-02-2025T17:35:22 - [TEST_STEP][PASSED] - else: null

27-02-2025T17:35:22 - [TEST_STEP][PASSED] - if (include): null

27-02-2025T17:35:22 - [TEST_STEP][PASSED] - println(line): null

27-02-2025T17:35:22 - [TEST_STEP][PASSED] - comma = line.indexOf(",y"): null

27-02-2025T17:35:22 - [TEST_STEP][PASSED] - if (comma > 0): null

27-02-2025T17:35:22 - [TEST_STEP][PASSED] - line = reader.readLine(): null

27-02-2025T17:35:22 - [TEST_STEP][PASSED] - println(line): null

27-02-2025T17:35:22 - [TEST_STEP][PASSED] - group = line.indexOf("<Group>"): null

27-02-2025T17:35:22 - [TEST_STEP][PASSED] - println(group): null

27-02-2025T17:35:22 - [TEST_STEP][PASSED] - if (group >= 0): null

27-02-2025T17:35:22 - [TEST_STEP][PASSED] - else: null

27-02-2025T17:35:22 - [TEST_STEP][PASSED] - if (include): null

27-02-2025T17:35:22 - [TEST_STEP][PASSED] - println(line): null

27-02-2025T17:35:22 - [TEST_STEP][PASSED] - comma = line.indexOf(",y"): null

27-02-2025T17:35:22 - [TEST_STEP][PASSED] - if (comma > 0): null

27-02-2025T17:35:22 - [TEST_STEP][PASSED] - line = reader.readLine(): null

27-02-2025T17:35:22 - [TEST_STEP][PASSED] - println(line): null

27-02-2025T17:35:22 - [TEST_STEP][PASSED] - group = line.indexOf("<Group>"): null

27-02-2025T17:35:22 - [TEST_STEP][PASSED] - println(group): null

27-02-2025T17:35:22 - [TEST_STEP][PASSED] - if (group >= 0): null

27-02-2025T17:35:22 - [TEST_STEP][PASSED] - else: null

27-02-2025T17:35:22 - [TEST_STEP][PASSED] - if (include): null

27-02-2025T17:35:22 - [TEST_STEP][PASSED] - println(line): null

27-02-2025T17:35:22 - [TEST_STEP][PASSED] - comma = line.indexOf(",y"): null

27-02-2025T17:35:22 - [TEST_STEP][PASSED] - if (comma > 0): null

27-02-2025T17:35:22 - [TEST_STEP][PASSED] - line = reader.readLine(): null

27-02-2025T17:35:22 - [TEST_STEP][PASSED] - println(line): null

27-02-2025T17:35:22 - [TEST_STEP][PASSED] - group = line.indexOf("<Group>"): null

27-02-2025T17:35:22 - [TEST_STEP][PASSED] - println(group): null

27-02-2025T17:35:22 - [TEST_STEP][PASSED] - if (group >= 0): null

27-02-2025T17:35:22 - [TEST_STEP][PASSED] - else: null

27-02-2025T17:35:22 - [TEST_STEP][PASSED] - if (include): null

27-02-2025T17:35:22 - [TEST_STEP][PASSED] - println(line): null

27-02-2025T17:35:22 - [TEST_STEP][PASSED] - comma = line.indexOf(",y"): null

27-02-2025T17:35:22 - [TEST_STEP][PASSED] - if (comma > 0): null

27-02-2025T17:35:22 - [TEST_STEP][PASSED] - line = reader.readLine(): null

27-02-2025T17:35:22 - [TEST_STEP][PASSED] - println(line): null

27-02-2025T17:35:22 - [TEST_STEP][PASSED] - group = line.indexOf("<Group>"): null

27-02-2025T17:35:22 - [TEST_STEP][PASSED] - println(group): null

27-02-2025T17:35:22 - [TEST_STEP][PASSED] - if (group >= 0): null

27-02-2025T17:35:22 - [TEST_STEP][PASSED] - else: null

27-02-2025T17:35:22 - [TEST_STEP][PASSED] - if (include): null

27-02-2025T17:35:22 - [TEST_STEP][PASSED] - println(line): null

27-02-2025T17:35:22 - [TEST_STEP][PASSED] - comma = line.indexOf(",y"): null

27-02-2025T17:35:22 - [TEST_STEP][PASSED] - if (comma > 0): null

27-02-2025T17:35:22 - [TEST_STEP][PASSED] - line = reader.readLine(): null

27-02-2025T17:35:22 - [TEST_STEP][PASSED] - println(line): null

27-02-2025T17:35:22 - [TEST_STEP][PASSED] - group = line.indexOf("<Group>"): null

27-02-2025T17:35:22 - [TEST_STEP][PASSED] - println(group): null

27-02-2025T17:35:22 - [TEST_STEP][PASSED] - if (group >= 0): null

27-02-2025T17:35:22 - [TEST_STEP][PASSED] - else: null

27-02-2025T17:35:22 - [TEST_STEP][PASSED] - if (include): null

27-02-2025T17:35:22 - [TEST_STEP][PASSED] - println(line): null

27-02-2025T17:35:22 - [TEST_STEP][PASSED] - comma = line.indexOf(",y"): null

27-02-2025T17:35:22 - [TEST_STEP][PASSED] - if (comma > 0): null

27-02-2025T17:35:22 - [TEST_STEP][PASSED] - line = reader.readLine(): null

27-02-2025T17:35:22 - [TEST_STEP][PASSED] - println(line): null

27-02-2025T17:35:22 - [TEST_STEP][PASSED] - group = line.indexOf("<Group>"): null

27-02-2025T17:35:22 - [TEST_STEP][PASSED] - println(group): null

27-02-2025T17:35:22 - [TEST_STEP][PASSED] - if (group >= 0): null

27-02-2025T17:35:22 - [TEST_STEP][PASSED] - else: null

27-02-2025T17:35:22 - [TEST_STEP][PASSED] - if (include): null

27-02-2025T17:35:22 - [TEST_STEP][PASSED] - println(line): null

27-02-2025T17:35:22 - [TEST_STEP][PASSED] - comma = line.indexOf(",y"): null

27-02-2025T17:35:22 - [TEST_STEP][PASSED] - if (comma > 0): null

27-02-2025T17:35:22 - [TEST_STEP][PASSED] - line = reader.readLine(): null

27-02-2025T17:35:22 - [TEST_STEP][PASSED] - println(line): null

27-02-2025T17:35:22 - [TEST_STEP][PASSED] - group = line.indexOf("<Group>"): null

27-02-2025T17:35:22 - [TEST_STEP][PASSED] - println(group): null

27-02-2025T17:35:22 - [TEST_STEP][PASSED] - if (group >= 0): null

27-02-2025T17:35:22 - [TEST_STEP][PASSED] - else: null

27-02-2025T17:35:22 - [TEST_STEP][PASSED] - if (include): null

27-02-2025T17:35:22 - [TEST_STEP][PASSED] - println(line): null

27-02-2025T17:35:22 - [TEST_STEP][PASSED] - comma = line.indexOf(",y"): null

27-02-2025T17:35:22 - [TEST_STEP][PASSED] - if (comma > 0): null

27-02-2025T17:35:22 - [TEST_STEP][PASSED] - line = reader.readLine(): null

27-02-2025T17:35:22 - [TEST_STEP][PASSED] - println(line): null

27-02-2025T17:35:22 - [TEST_STEP][PASSED] - group = line.indexOf("<Group>"): null

27-02-2025T17:35:22 - [TEST_STEP][PASSED] - println(group): null

27-02-2025T17:35:22 - [TEST_STEP][PASSED] - if (group >= 0): null

27-02-2025T17:35:22 - [TEST_STEP][PASSED] - else: null

27-02-2025T17:35:22 - [TEST_STEP][PASSED] - if (include): null

27-02-2025T17:35:22 - [TEST_STEP][PASSED] - println(line): null

27-02-2025T17:35:22 - [TEST_STEP][PASSED] - comma = line.indexOf(",y"): null

27-02-2025T17:35:22 - [TEST_STEP][PASSED] - if (comma > 0): null

27-02-2025T17:35:22 - [TEST_STEP][PASSED] - line = reader.readLine(): null

27-02-2025T17:35:22 - [TEST_STEP][PASSED] - println(line): null

27-02-2025T17:35:22 - [TEST_STEP][PASSED] - group = line.indexOf("<Group>"): null

27-02-2025T17:35:22 - [TEST_STEP][PASSED] - println(group): null

27-02-2025T17:35:22 - [TEST_STEP][PASSED] - if (group >= 0): null

27-02-2025T17:35:22 - [TEST_STEP][PASSED] - else: null

27-02-2025T17:35:22 - [TEST_STEP][PASSED] - if (include): null

27-02-2025T17:35:22 - [TEST_STEP][PASSED] - println(line): null

27-02-2025T17:35:22 - [TEST_STEP][PASSED] - comma = line.indexOf(",y"): null

27-02-2025T17:35:22 - [TEST_STEP][PASSED] - if (comma > 0): null

27-02-2025T17:35:22 - [TEST_STEP][PASSED] - line = reader.readLine(): null

27-02-2025T17:35:22 - [TEST_STEP][PASSED] - println(line): null

27-02-2025T17:35:22 - [TEST_STEP][PASSED] - group = line.indexOf("<Group>"): null

27-02-2025T17:35:22 - [TEST_STEP][PASSED] - println(group): null

27-02-2025T17:35:22 - [TEST_STEP][PASSED] - if (group >= 0): null

27-02-2025T17:35:22 - [TEST_STEP][PASSED] - else: null

27-02-2025T17:35:22 - [TEST_STEP][PASSED] - if (include): null

27-02-2025T17:35:22 - [TEST_STEP][PASSED] - println(line): null

27-02-2025T17:35:22 - [TEST_STEP][PASSED] - comma = line.indexOf(",y"): null

27-02-2025T17:35:22 - [TEST_STEP][PASSED] - if (comma > 0): null

27-02-2025T17:35:22 - [TEST_STEP][PASSED] - line = reader.readLine(): null

27-02-2025T17:35:22 - [TEST_STEP][PASSED] - println(line): null

27-02-2025T17:35:22 - [TEST_STEP][PASSED] - group = line.indexOf("<Group>"): null

27-02-2025T17:35:22 - [TEST_STEP][PASSED] - println(group): null

27-02-2025T17:35:22 - [TEST_STEP][PASSED] - if (group >= 0): null

27-02-2025T17:35:22 - [TEST_STEP][PASSED] - else: null

27-02-2025T17:35:22 - [TEST_STEP][PASSED] - if (include): null

27-02-2025T17:35:22 - [TEST_STEP][PASSED] - println(line): null

27-02-2025T17:35:22 - [TEST_STEP][PASSED] - comma = line.indexOf(",y"): null

27-02-2025T17:35:22 - [TEST_STEP][PASSED] - if (comma > 0): null

27-02-2025T17:35:22 - [TEST_STEP][PASSED] - line = reader.readLine(): null

27-02-2025T17:35:22 - [TEST_STEP][PASSED] - println(line): null

27-02-2025T17:35:22 - [TEST_STEP][PASSED] - group = line.indexOf("<Group>"): null

27-02-2025T17:35:22 - [TEST_STEP][PASSED] - println(group): null

27-02-2025T17:35:22 - [TEST_STEP][PASSED] - if (group >= 0): null

27-02-2025T17:35:22 - [TEST_STEP][PASSED] - else: null

27-02-2025T17:35:22 - [TEST_STEP][PASSED] - if (include): null

27-02-2025T17:35:22 - [TEST_STEP][PASSED] - println(line): null

27-02-2025T17:35:22 - [TEST_STEP][PASSED] - comma = line.indexOf(",y"): null

27-02-2025T17:35:22 - [TEST_STEP][PASSED] - if (comma > 0): null

27-02-2025T17:35:22 - [TEST_STEP][PASSED] - line = reader.readLine(): null

27-02-2025T17:35:22 - [TEST_STEP][PASSED] - println(line): null

27-02-2025T17:35:22 - [TEST_STEP][PASSED] - group = line.indexOf("<Group>"): null

27-02-2025T17:35:22 - [TEST_STEP][PASSED] - println(group): null

27-02-2025T17:35:22 - [TEST_STEP][PASSED] - if (group >= 0): null

27-02-2025T17:35:22 - [TEST_STEP][PASSED] - else: null

27-02-2025T17:35:22 - [TEST_STEP][PASSED] - if (include): null

27-02-2025T17:35:22 - [TEST_STEP][PASSED] - println(line): null

27-02-2025T17:35:22 - [TEST_STEP][PASSED] - comma = line.indexOf(",y"): null

27-02-2025T17:35:22 - [TEST_STEP][PASSED] - if (comma > 0): null

27-02-2025T17:35:22 - [TEST_STEP][PASSED] - line = reader.readLine(): null

27-02-2025T17:35:22 - [TEST_STEP][PASSED] - println(line): null

27-02-2025T17:35:22 - [TEST_STEP][PASSED] - group = line.indexOf("<Group>"): null

27-02-2025T17:35:22 - [TEST_STEP][PASSED] - println(group): null

27-02-2025T17:35:22 - [TEST_STEP][PASSED] - if (group >= 0): null

27-02-2025T17:35:22 - [TEST_STEP][PASSED] - else: null

27-02-2025T17:35:22 - [TEST_STEP][PASSED] - if (include): null

27-02-2025T17:35:22 - [TEST_STEP][PASSED] - println(line): null

27-02-2025T17:35:22 - [TEST_STEP][PASSED] - comma = line.indexOf(",y"): null

27-02-2025T17:35:22 - [TEST_STEP][PASSED] - if (comma > 0): null

27-02-2025T17:35:22 - [TEST_STEP][PASSED] - line = reader.readLine(): null

27-02-2025T17:35:22 - [TEST_STEP][PASSED] - println(line): null

27-02-2025T17:35:22 - [TEST_STEP][PASSED] - group = line.indexOf("<Group>"): null

27-02-2025T17:35:22 - [TEST_STEP][PASSED] - println(group): null

27-02-2025T17:35:22 - [TEST_STEP][PASSED] - if (group >= 0): null

27-02-2025T17:35:22 - [TEST_STEP][PASSED] - else: null

27-02-2025T17:35:22 - [TEST_STEP][PASSED] - if (include): null

27-02-2025T17:35:22 - [TEST_STEP][PASSED] - println(line): null

27-02-2025T17:35:22 - [TEST_STEP][PASSED] - comma = line.indexOf(",y"): null

27-02-2025T17:35:22 - [TEST_STEP][PASSED] - if (comma > 0): null

27-02-2025T17:35:22 - [TEST_STEP][PASSED] - line = reader.readLine(): null

27-02-2025T17:35:22 - [TEST_STEP][PASSED] - println(line): null

27-02-2025T17:35:22 - [TEST_STEP][PASSED] - group = line.indexOf("<Group>"): null

27-02-2025T17:35:22 - [TEST_STEP][PASSED] - println(group): null

27-02-2025T17:35:22 - [TEST_STEP][PASSED] - if (group >= 0): null

27-02-2025T17:35:22 - [TEST_STEP][PASSED] - else: null

27-02-2025T17:35:22 - [TEST_STEP][PASSED] - if (include): null

27-02-2025T17:35:22 - [TEST_STEP][PASSED] - println(line): null

27-02-2025T17:35:22 - [TEST_STEP][PASSED] - comma = line.indexOf(",y"): null

27-02-2025T17:35:22 - [TEST_STEP][PASSED] - if (comma > 0): null

27-02-2025T17:35:22 - [TEST_STEP][PASSED] - line = reader.readLine(): null

27-02-2025T17:35:22 - [TEST_STEP][PASSED] - println(line): null

27-02-2025T17:35:22 - [TEST_STEP][PASSED] - group = line.indexOf("<Group>"): null

27-02-2025T17:35:22 - [TEST_STEP][PASSED] - println(group): null

27-02-2025T17:35:22 - [TEST_STEP][PASSED] - if (group >= 0): null

27-02-2025T17:35:22 - [TEST_STEP][PASSED] - else: null

27-02-2025T17:35:22 - [TEST_STEP][PASSED] - if (include): null

27-02-2025T17:35:22 - [TEST_STEP][PASSED] - println(line): null

27-02-2025T17:35:22 - [TEST_STEP][PASSED] - comma = line.indexOf(",y"): null

27-02-2025T17:35:22 - [TEST_STEP][PASSED] - if (comma > 0): null

27-02-2025T17:35:22 - [TEST_STEP][PASSED] - line = reader.readLine(): null

27-02-2025T17:35:22 - [TEST_STEP][PASSED] - println(line): null

27-02-2025T17:35:22 - [TEST_STEP][PASSED] - group = line.indexOf("<Group>"): null

27-02-2025T17:35:22 - [TEST_STEP][PASSED] - println(group): null

27-02-2025T17:35:22 - [TEST_STEP][PASSED] - if (group >= 0): null

27-02-2025T17:35:22 - [TEST_STEP][PASSED] - else: null

27-02-2025T17:35:22 - [TEST_STEP][PASSED] - if (include): null

27-02-2025T17:35:22 - [TEST_STEP][PASSED] - println(line): null

27-02-2025T17:35:22 - [TEST_STEP][PASSED] - comma = line.indexOf(",y"): null

27-02-2025T17:35:22 - [TEST_STEP][PASSED] - if (comma > 0): null

27-02-2025T17:35:22 - [TEST_STEP][PASSED] - line = reader.readLine(): null

27-02-2025T17:35:22 - [TEST_STEP][PASSED] - println(line): null

27-02-2025T17:35:22 - [TEST_STEP][PASSED] - group = line.indexOf("<Group>"): null

27-02-2025T17:35:22 - [TEST_STEP][PASSED] - println(group): null

27-02-2025T17:35:22 - [TEST_STEP][PASSED] - if (group >= 0): null

27-02-2025T17:35:22 - [TEST_STEP][PASSED] - else: null

27-02-2025T17:35:22 - [TEST_STEP][PASSED] - if (include): null

27-02-2025T17:35:22 - [TEST_STEP][PASSED] - println(line): null

27-02-2025T17:35:22 - [TEST_STEP][PASSED] - comma = line.indexOf(",y"): null

27-02-2025T17:35:22 - [TEST_STEP][PASSED] - if (comma > 0): null

27-02-2025T17:35:22 - [TEST_STEP][PASSED] - line = reader.readLine(): null

27-02-2025T17:35:22 - [TEST_STEP][PASSED] - println(line): null

27-02-2025T17:35:22 - [TEST_STEP][PASSED] - group = line.indexOf("<Group>"): null

27-02-2025T17:35:22 - [TEST_STEP][PASSED] - println(group): null

27-02-2025T17:35:22 - [TEST_STEP][PASSED] - if (group >= 0): null

27-02-2025T17:35:22 - [TEST_STEP][PASSED] - else: null

27-02-2025T17:35:22 - [TEST_STEP][PASSED] - if (include): null

27-02-2025T17:35:22 - [TEST_STEP][PASSED] - println(line): null

27-02-2025T17:35:22 - [TEST_STEP][PASSED] - comma = line.indexOf(",y"): null

27-02-2025T17:35:22 - [TEST_STEP][PASSED] - if (comma > 0): null

27-02-2025T17:35:22 - [TEST_STEP][PASSED] - line = reader.readLine(): null

27-02-2025T17:35:22 - [TEST_STEP][PASSED] - println(line): null

27-02-2025T17:35:22 - [TEST_STEP][PASSED] - group = line.indexOf("<Group>"): null

27-02-2025T17:35:22 - [TEST_STEP][PASSED] - println(group): null

27-02-2025T17:35:22 - [TEST_STEP][PASSED] - if (group >= 0): null

27-02-2025T17:35:22 - [TEST_STEP][PASSED] - else: null

27-02-2025T17:35:22 - [TEST_STEP][PASSED] - if (include): null

27-02-2025T17:35:22 - [TEST_STEP][PASSED] - println(line): null

27-02-2025T17:35:22 - [TEST_STEP][PASSED] - comma = line.indexOf(",y"): null

27-02-2025T17:35:22 - [TEST_STEP][PASSED] - if (comma > 0): null

27-02-2025T17:35:22 - [TEST_STEP][PASSED] - line = reader.readLine(): null

27-02-2025T17:35:22 - [TEST_STEP][PASSED] - println(line): null

27-02-2025T17:35:22 - [TEST_STEP][PASSED] - group = line.indexOf("<Group>"): null

27-02-2025T17:35:22 - [TEST_STEP][PASSED] - println(group): null

27-02-2025T17:35:22 - [TEST_STEP][PASSED] - if (group >= 0): null

27-02-2025T17:35:22 - [TEST_STEP][PASSED] - else: null

27-02-2025T17:35:22 - [TEST_STEP][PASSED] - if (include): null

27-02-2025T17:35:22 - [TEST_STEP][PASSED] - println(line): null

27-02-2025T17:35:22 - [TEST_STEP][PASSED] - comma = line.indexOf(",y"): null

27-02-2025T17:35:22 - [TEST_STEP][PASSED] - if (comma > 0): null

27-02-2025T17:35:22 - [TEST_STEP][PASSED] - line = reader.readLine(): null

27-02-2025T17:35:22 - [TEST_STEP][PASSED] - println(line): null

27-02-2025T17:35:22 - [TEST_STEP][PASSED] - group = line.indexOf("<Group>"): null

27-02-2025T17:35:22 - [TEST_STEP][PASSED] - println(group): null

27-02-2025T17:35:22 - [TEST_STEP][PASSED] - if (group >= 0): null

27-02-2025T17:35:22 - [TEST_STEP][PASSED] - else: null

27-02-2025T17:35:22 - [TEST_STEP][PASSED] - if (include): null

27-02-2025T17:35:22 - [TEST_STEP][PASSED] - println(line): null

27-02-2025T17:35:22 - [TEST_STEP][PASSED] - comma = line.indexOf(",y"): null

27-02-2025T17:35:22 - [TEST_STEP][PASSED] - if (comma > 0): null

27-02-2025T17:35:22 - [TEST_STEP][PASSED] - line = reader.readLine(): null

27-02-2025T17:35:22 - [TEST_STEP][PASSED] - println(line): null

27-02-2025T17:35:22 - [TEST_STEP][PASSED] - group = line.indexOf("<Group>"): null

27-02-2025T17:35:22 - [TEST_STEP][PASSED] - println(group): null

27-02-2025T17:35:22 - [TEST_STEP][PASSED] - if (group >= 0): null

27-02-2025T17:35:22 - [TEST_STEP][PASSED] - else: null

27-02-2025T17:35:22 - [TEST_STEP][PASSED] - if (include): null

27-02-2025T17:35:22 - [TEST_STEP][PASSED] - println(line): null

27-02-2025T17:35:22 - [TEST_STEP][PASSED] - comma = line.indexOf(",y"): null

27-02-2025T17:35:22 - [TEST_STEP][PASSED] - if (comma > 0): null

27-02-2025T17:35:22 - [TEST_STEP][PASSED] - line = reader.readLine(): null

27-02-2025T17:35:22 - [TEST_STEP][PASSED] - println(line): null

27-02-2025T17:35:22 - [TEST_STEP][PASSED] - group = line.indexOf("<Group>"): null

27-02-2025T17:35:22 - [TEST_STEP][PASSED] - println(group): null

27-02-2025T17:35:22 - [TEST_STEP][PASSED] - if (group >= 0): null

27-02-2025T17:35:22 - [TEST_STEP][PASSED] - else: null

27-02-2025T17:35:22 - [TEST_STEP][PASSED] - if (include): null

27-02-2025T17:35:22 - [TEST_STEP][PASSED] - println(line): null

27-02-2025T17:35:22 - [TEST_STEP][PASSED] - comma = line.indexOf(",y"): null

27-02-2025T17:35:22 - [TEST_STEP][PASSED] - if (comma > 0): null

27-02-2025T17:35:22 - [TEST_STEP][PASSED] - line = reader.readLine(): null

27-02-2025T17:35:22 - [TEST_STEP][PASSED] - println(line): null

27-02-2025T17:35:22 - [TEST_STEP][PASSED] - group = line.indexOf("<Group>"): null

27-02-2025T17:35:22 - [TEST_STEP][PASSED] - println(group): null

27-02-2025T17:35:22 - [TEST_STEP][PASSED] - if (group >= 0): null

27-02-2025T17:35:22 - [TEST_STEP][PASSED] - else: null

27-02-2025T17:35:22 - [TEST_STEP][PASSED] - if (include): null

27-02-2025T17:35:22 - [TEST_STEP][PASSED] - println(line): null

27-02-2025T17:35:22 - [TEST_STEP][PASSED] - comma = line.indexOf(",y"): null

27-02-2025T17:35:22 - [TEST_STEP][PASSED] - if (comma > 0): null

27-02-2025T17:35:22 - [TEST_STEP][PASSED] - line = reader.readLine(): null

27-02-2025T17:35:22 - [TEST_STEP][PASSED] - println(line): null

27-02-2025T17:35:22 - [TEST_STEP][PASSED] - group = line.indexOf("<Group>"): null

27-02-2025T17:35:22 - [TEST_STEP][PASSED] - println(group): null

27-02-2025T17:35:22 - [TEST_STEP][PASSED] - if (group >= 0): null

27-02-2025T17:35:22 - [TEST_STEP][PASSED] - else: null

27-02-2025T17:35:22 - [TEST_STEP][PASSED] - if (include): null

27-02-2025T17:35:22 - [TEST_STEP][PASSED] - println(line): null

27-02-2025T17:35:22 - [TEST_STEP][PASSED] - comma = line.indexOf(",y"): null

27-02-2025T17:35:22 - [TEST_STEP][PASSED] - if (comma > 0): null

27-02-2025T17:35:22 - [TEST_STEP][PASSED] - line = reader.readLine(): null

27-02-2025T17:35:22 - [TEST_STEP][PASSED] - println(line): null

27-02-2025T17:35:22 - [TEST_STEP][PASSED] - group = line.indexOf("<Group>"): null

27-02-2025T17:35:22 - [TEST_STEP][PASSED] - println(group): null

27-02-2025T17:35:22 - [TEST_STEP][PASSED] - if (group >= 0): null

27-02-2025T17:35:22 - [TEST_STEP][PASSED] - else: null

27-02-2025T17:35:22 - [TEST_STEP][PASSED] - if (include): null

27-02-2025T17:35:22 - [TEST_STEP][PASSED] - println(line): null

27-02-2025T17:35:22 - [TEST_STEP][PASSED] - comma = line.indexOf(",y"): null

27-02-2025T17:35:22 - [TEST_STEP][PASSED] - if (comma > 0): null

27-02-2025T17:35:22 - [TEST_STEP][PASSED] - line = reader.readLine(): null

27-02-2025T17:35:22 - [TEST_STEP][PASSED] - println(line): null

27-02-2025T17:35:22 - [TEST_STEP][PASSED] - group = line.indexOf("<Group>"): null

27-02-2025T17:35:22 - [TEST_STEP][PASSED] - println(group): null

27-02-2025T17:35:22 - [TEST_STEP][PASSED] - if (group >= 0): null

27-02-2025T17:35:22 - [TEST_STEP][PASSED] - else: null

27-02-2025T17:35:22 - [TEST_STEP][PASSED] - if (include): null

27-02-2025T17:35:22 - [TEST_STEP][PASSED] - println(line): null

27-02-2025T17:35:22 - [TEST_STEP][PASSED] - comma = line.indexOf(",y"): null

27-02-2025T17:35:22 - [TEST_STEP][PASSED] - if (comma > 0): null

27-02-2025T17:35:22 - [TEST_STEP][PASSED] - line = reader.readLine(): null

27-02-2025T17:35:22 - [TEST_STEP][PASSED] - println(line): null

27-02-2025T17:35:22 - [TEST_STEP][PASSED] - group = line.indexOf("<Group>"): null

27-02-2025T17:35:22 - [TEST_STEP][PASSED] - println(group): null

27-02-2025T17:35:22 - [TEST_STEP][PASSED] - if (group >= 0): null

27-02-2025T17:35:22 - [TEST_STEP][PASSED] - else: null

27-02-2025T17:35:22 - [TEST_STEP][PASSED] - if (include): null

27-02-2025T17:35:22 - [TEST_STEP][PASSED] - println(line): null

27-02-2025T17:35:22 - [TEST_STEP][PASSED] - comma = line.indexOf(",y"): null

27-02-2025T17:35:22 - [TEST_STEP][PASSED] - if (comma > 0): null

27-02-2025T17:35:22 - [TEST_STEP][PASSED] - line = reader.readLine(): null

27-02-2025T17:35:22 - [TEST_STEP][PASSED] - println(line): null

27-02-2025T17:35:22 - [TEST_STEP][PASSED] - group = line.indexOf("<Group>"): null

27-02-2025T17:35:22 - [TEST_STEP][PASSED] - println(group): null

27-02-2025T17:35:22 - [TEST_STEP][PASSED] - if (group >= 0): null

27-02-2025T17:35:22 - [TEST_STEP][PASSED] - else: null

27-02-2025T17:35:22 - [TEST_STEP][PASSED] - if (include): null

27-02-2025T17:35:22 - [TEST_STEP][PASSED] - println(line): null

27-02-2025T17:35:22 - [TEST_STEP][PASSED] - comma = line.indexOf(",y"): null

27-02-2025T17:35:22 - [TEST_STEP][PASSED] - if (comma > 0): null

27-02-2025T17:35:22 - [TEST_STEP][PASSED] - line = reader.readLine(): null

27-02-2025T17:35:22 - [TEST_STEP][PASSED] - println(line): null

27-02-2025T17:35:22 - [TEST_STEP][PASSED] - group = line.indexOf("<Group>"): null

27-02-2025T17:35:22 - [TEST_STEP][PASSED] - println(group): null

27-02-2025T17:35:22 - [TEST_STEP][PASSED] - if (group >= 0): null

27-02-2025T17:35:22 - [TEST_STEP][PASSED] - else: null

27-02-2025T17:35:22 - [TEST_STEP][PASSED] - if (include): null

27-02-2025T17:35:22 - [TEST_STEP][PASSED] - println(line): null

27-02-2025T17:35:22 - [TEST_STEP][PASSED] - comma = line.indexOf(",y"): null

27-02-2025T17:35:22 - [TEST_STEP][PASSED] - if (comma > 0): null

27-02-2025T17:35:22 - [TEST_STEP][PASSED] - line = reader.readLine(): null

27-02-2025T17:35:22 - [TEST_STEP][PASSED] - println(line): null

27-02-2025T17:35:22 - [TEST_STEP][PASSED] - group = line.indexOf("<Group>"): null

27-02-2025T17:35:22 - [TEST_STEP][PASSED] - println(group): null

27-02-2025T17:35:22 - [TEST_STEP][PASSED] - if (group >= 0): null

27-02-2025T17:35:22 - [TEST_STEP][PASSED] - else: null

27-02-2025T17:35:22 - [TEST_STEP][PASSED] - if (include): null

27-02-2025T17:35:22 - [TEST_STEP][PASSED] - println(line): null

27-02-2025T17:35:22 - [TEST_STEP][PASSED] - comma = line.indexOf(",y"): null

27-02-2025T17:35:22 - [TEST_STEP][PASSED] - if (comma > 0): null

27-02-2025T17:35:22 - [TEST_STEP][PASSED] - commaCount = StringUtils.countMatches(line, ","): null

27-02-2025T17:35:22 - [TEST_STEP][PASSED] - if (commaCount > 1): null

27-02-2025T17:35:22 - [TEST_STEP][PASSED] - else: null

27-02-2025T17:35:22 - [TEST_STEP][PASSED] - label = line.substring(1, comma): null

27-02-2025T17:35:22 - [TEST_STEP][PASSED] - println(label): null

27-02-2025T17:35:22 - [TEST_STEP][PASSED] - checked.add(label): null

27-02-2025T17:35:22 - [TEST_STEP][PASSED] - line = reader.readLine(): null

27-02-2025T17:35:22 - [TEST_STEP][PASSED] - println(line): null

27-02-2025T17:35:22 - [TEST_STEP][PASSED] - group = line.indexOf("<Group>"): null

27-02-2025T17:35:22 - [TEST_STEP][PASSED] - println(group): null

27-02-2025T17:35:22 - [TEST_STEP][PASSED] - if (group >= 0): null

27-02-2025T17:35:22 - [TEST_STEP][PASSED] - else: null

27-02-2025T17:35:22 - [TEST_STEP][PASSED] - if (include): null

27-02-2025T17:35:22 - [TEST_STEP][PASSED] - println(line): null

27-02-2025T17:35:22 - [TEST_STEP][PASSED] - comma = line.indexOf(",y"): null

27-02-2025T17:35:22 - [TEST_STEP][PASSED] - if (comma > 0): null

27-02-2025T17:35:22 - [TEST_STEP][PASSED] - line = reader.readLine(): null

27-02-2025T17:35:22 - [TEST_STEP][PASSED] - println(line): null

27-02-2025T17:35:22 - [TEST_STEP][PASSED] - group = line.indexOf("<Group>"): null

27-02-2025T17:35:22 - [TEST_STEP][PASSED] - println(group): null

27-02-2025T17:35:22 - [TEST_STEP][PASSED] - if (group >= 0): null

27-02-2025T17:35:22 - [TEST_STEP][PASSED] - else: null

27-02-2025T17:35:22 - [TEST_STEP][PASSED] - if (include): null

27-02-2025T17:35:22 - [TEST_STEP][PASSED] - println(line): null

27-02-2025T17:35:22 - [TEST_STEP][PASSED] - comma = line.indexOf(",y"): null

27-02-2025T17:35:22 - [TEST_STEP][PASSED] - if (comma > 0): null

27-02-2025T17:35:22 - [TEST_STEP][PASSED] - line = reader.readLine(): null

27-02-2025T17:35:22 - [TEST_STEP][PASSED] - println(line): null

27-02-2025T17:35:22 - [TEST_STEP][PASSED] - group = line.indexOf("<Group>"): null

27-02-2025T17:35:22 - [TEST_STEP][PASSED] - println(group): null

27-02-2025T17:35:22 - [TEST_STEP][PASSED] - if (group >= 0): null

27-02-2025T17:35:22 - [TEST_STEP][PASSED] - else: null

27-02-2025T17:35:22 - [TEST_STEP][PASSED] - if (include): null

27-02-2025T17:35:22 - [TEST_STEP][PASSED] - println(line): null

27-02-2025T17:35:22 - [TEST_STEP][PASSED] - comma = line.indexOf(",y"): null

27-02-2025T17:35:22 - [TEST_STEP][PASSED] - if (comma > 0): null

27-02-2025T17:35:22 - [TEST_STEP][PASSED] - commaCount = StringUtils.countMatches(line, ","): null

27-02-2025T17:35:22 - [TEST_STEP][PASSED] - if (commaCount > 1): null

27-02-2025T17:35:22 - [TEST_STEP][PASSED] - else: null

27-02-2025T17:35:22 - [TEST_STEP][PASSED] - label = line.substring(1, comma): null

27-02-2025T17:35:22 - [TEST_STEP][PASSED] - println(label): null

27-02-2025T17:35:22 - [TEST_STEP][PASSED] - checked.add(label): null

27-02-2025T17:35:22 - [TEST_STEP][PASSED] - line = reader.readLine(): null

27-02-2025T17:35:22 - [TEST_STEP][PASSED] - println(line): null

27-02-2025T17:35:22 - [TEST_STEP][PASSED] - group = line.indexOf("<Group>"): null

27-02-2025T17:35:22 - [TEST_STEP][PASSED] - println(group): null

27-02-2025T17:35:22 - [TEST_STEP][PASSED] - if (group >= 0): null

27-02-2025T17:35:22 - [TEST_STEP][PASSED] - else: null

27-02-2025T17:35:22 - [TEST_STEP][PASSED] - if (include): null

27-02-2025T17:35:22 - [TEST_STEP][PASSED] - println(line): null

27-02-2025T17:35:22 - [TEST_STEP][PASSED] - comma = line.indexOf(",y"): null

27-02-2025T17:35:22 - [TEST_STEP][PASSED] - if (comma > 0): null

27-02-2025T17:35:22 - [TEST_STEP][PASSED] - line = reader.readLine(): null

27-02-2025T17:35:22 - [TEST_STEP][PASSED] - println(line): null

27-02-2025T17:35:22 - [TEST_STEP][PASSED] - group = line.indexOf("<Group>"): null

27-02-2025T17:35:22 - [TEST_STEP][PASSED] - println(group): null

27-02-2025T17:35:22 - [TEST_STEP][PASSED] - if (group >= 0): null

27-02-2025T17:35:22 - [TEST_STEP][PASSED] - else: null

27-02-2025T17:35:22 - [TEST_STEP][PASSED] - if (include): null

27-02-2025T17:35:22 - [TEST_STEP][PASSED] - println(line): null

27-02-2025T17:35:22 - [TEST_STEP][PASSED] - comma = line.indexOf(",y"): null

27-02-2025T17:35:22 - [TEST_STEP][PASSED] - if (comma > 0): null

27-02-2025T17:35:22 - [TEST_STEP][PASSED] - line = reader.readLine(): null

27-02-2025T17:35:22 - [TEST_STEP][PASSED] - println(line): null

27-02-2025T17:35:22 - [TEST_STEP][PASSED] - group = line.indexOf("<Group>"): null

27-02-2025T17:35:22 - [TEST_STEP][PASSED] - println(group): null

27-02-2025T17:35:22 - [TEST_STEP][PASSED] - if (group >= 0): null

27-02-2025T17:35:22 - [TEST_STEP][PASSED] - else: null

27-02-2025T17:35:22 - [TEST_STEP][PASSED] - if (include): null

27-02-2025T17:35:22 - [TEST_STEP][PASSED] - println(line): null

27-02-2025T17:35:22 - [TEST_STEP][PASSED] - comma = line.indexOf(",y"): null

27-02-2025T17:35:22 - [TEST_STEP][PASSED] - if (comma > 0): null

27-02-2025T17:35:22 - [TEST_STEP][PASSED] - line = reader.readLine(): null

27-02-2025T17:35:22 - [TEST_STEP][PASSED] - println(line): null

27-02-2025T17:35:22 - [TEST_STEP][PASSED] - group = line.indexOf("<Group>"): null

27-02-2025T17:35:22 - [TEST_STEP][PASSED] - println(group): null

27-02-2025T17:35:22 - [TEST_STEP][PASSED] - if (group >= 0): null

27-02-2025T17:35:22 - [TEST_STEP][PASSED] - else: null

27-02-2025T17:35:22 - [TEST_STEP][PASSED] - if (include): null

27-02-2025T17:35:22 - [TEST_STEP][PASSED] - println(line): null

27-02-2025T17:35:22 - [TEST_STEP][PASSED] - comma = line.indexOf(",y"): null

27-02-2025T17:35:22 - [TEST_STEP][PASSED] - if (comma > 0): null

27-02-2025T17:35:22 - [TEST_STEP][PASSED] - line = reader.readLine(): null

27-02-2025T17:35:22 - [TEST_STEP][PASSED] - println(line): null

27-02-2025T17:35:22 - [TEST_STEP][PASSED] - group = line.indexOf("<Group>"): null

27-02-2025T17:35:22 - [TEST_STEP][PASSED] - println(group): null

27-02-2025T17:35:22 - [TEST_STEP][PASSED] - if (group >= 0): null

27-02-2025T17:35:22 - [TEST_STEP][PASSED] - else: null

27-02-2025T17:35:22 - [TEST_STEP][PASSED] - if (include): null

27-02-2025T17:35:22 - [TEST_STEP][PASSED] - println(line): null

27-02-2025T17:35:22 - [TEST_STEP][PASSED] - comma = line.indexOf(",y"): null

27-02-2025T17:35:22 - [TEST_STEP][PASSED] - if (comma > 0): null

27-02-2025T17:35:22 - [TEST_STEP][PASSED] - line = reader.readLine(): null

27-02-2025T17:35:22 - [TEST_STEP][PASSED] - println(line): null

27-02-2025T17:35:22 - [TEST_STEP][PASSED] - group = line.indexOf("<Group>"): null

27-02-2025T17:35:22 - [TEST_STEP][PASSED] - println(group): null

27-02-2025T17:35:22 - [TEST_STEP][PASSED] - if (group >= 0): null

27-02-2025T17:35:22 - [TEST_STEP][PASSED] - else: null

27-02-2025T17:35:22 - [TEST_STEP][PASSED] - if (include): null

27-02-2025T17:35:22 - [TEST_STEP][PASSED] - println(line): null

27-02-2025T17:35:22 - [TEST_STEP][PASSED] - comma = line.indexOf(",y"): null

27-02-2025T17:35:22 - [TEST_STEP][PASSED] - if (comma > 0): null

27-02-2025T17:35:22 - [TEST_STEP][PASSED] - line = reader.readLine(): null

27-02-2025T17:35:22 - [TEST_STEP][PASSED] - frame.dispose(): null

27-02-2025T17:35:22 - [TEST_STEP][PASSED] - reader.close(): null

27-02-2025T17:35:22 - [TEST_STEP][PASSED] - println(checked): null

27-02-2025T17:35:22 - [TEST_STEP][PASSED] - return checked: null

27-02-2025T17:35:22 - [MESSAGE][PASSED] - Call Test Case 'Test Cases/_Functions/Get Selections from CSV File' successfully

27-02-2025T17:35:22 - [TEST_STEP][PASSED] - other_people_group = "None": null

27-02-2025T17:35:22 - [TEST_STEP][PASSED] - callTestCase(findTestCase("Journey Candidate Profile/Tabs/Set Your Ministry Prefs"), ["varJob_categories":categories, "varPreferred_positions":positions, "varOther_people_group":other_people_group], STOP_ON_FAILURE): Call Test Case 'Test Cases/Journey Candidate Profile/Tabs/Set Your Ministry Prefs' successfully

27-02-2025T17:35:22 - [TEST_CASE][PASSED] - Test Cases/Journey Candidate Profile/Tabs/Set Your Ministry Prefs: Test Cases/Journey Candidate Profile/Tabs/Set Your Ministry Prefs

27-02-2025T17:35:22 - [TEST_STEP][PASSED] - username = username: null

27-02-2025T17:35:22 - [TEST_STEP][PASSED] - if (username != "cktest05jc"): null

27-02-2025T17:35:22 - [TEST_STEP][PASSED] - domain = domain: null

27-02-2025T17:35:22 - [TEST_STEP][PASSED] - writeFile = false: null

27-02-2025T17:35:22 - [TEST_STEP][PASSED] - testName = "Journey Candidate Your Ministry Prefs Tab": null

27-02-2025T17:35:22 - [TEST_STEP][PASSED] - outFile = callTestCase(findTestCase("_Functions/Set Output File"), ["varTestName":testName], STOP_ON_FAILURE): Call Test Case 'Test Cases/_Functions/Set Output File' successfully

27-02-2025T17:35:22 - [TEST_CASE][PASSED] - Test Cases/_Functions/Set Output File: Test Cases/_Functions/Set Output File

27-02-2025T17:35:22 - [TEST_STEP][PASSED] - testName = varTestName: null

27-02-2025T17:35:22 - [TEST_STEP][PASSED] - domain = domain: null

27-02-2025T17:35:22 - [TEST_STEP][PASSED] - writeFile = false: null

27-02-2025T17:35:22 - [TEST_STEP][PASSED] - if (outFile != ""): null

27-02-2025T17:35:22 - [TEST_STEP][PASSED] - myFile = outFile: null

27-02-2025T17:35:22 - [TEST_STEP][PASSED] - println(myFile): null

27-02-2025T17:35:22 - [TEST_STEP][PASSED] - outFile = new java.io.File(myFile): null

27-02-2025T17:35:22 - [TEST_STEP][PASSED] - writeFile = true: null

27-02-2025T17:35:22 - [TEST_STEP][PASSED] - if (!(writeFile)): null

27-02-2025T17:35:22 - [TEST_STEP][PASSED] - else: null

27-02-2025T17:35:22 - [TEST_STEP][PASSED] - outFile.append("
Testing " + testName + " on " + domain + ".
"): null

27-02-2025T17:35:22 - [TEST_STEP][PASSED] - return outFile: null

27-02-2025T17:35:22 - [MESSAGE][PASSED] - Call Test Case 'Test Cases/_Functions/Set Output File' successfully

27-02-2025T17:35:22 - [TEST_STEP][PASSED] - parms = [varJob_categories, varPreferred_positions]: null

27-02-2025T17:35:22 - [TEST_STEP][PASSED] - job_categories = "//input[@id='profile_group-1623987608.435_job_categories']": null

27-02-2025T17:35:22 - [TEST_STEP][PASSED] - preferred_positions = "//input[@id='profile_group-1623987608.435_ministry_preferences']": null

27-02-2025T17:35:22 - [TEST_STEP][PASSED] - xpaths = [job_categories, preferred_positions]: null

27-02-2025T17:35:22 - [TEST_STEP][PASSED] - tooltipImagePath = "/Users/cckozie/git/MissionNext-Katalon-Koz/images/education candidate/": null

27-02-2025T17:35:22 - [TEST_STEP][PASSED] - testObjectFolder = "Journey Candidate Profile/Tabs/Your Ministry Prefs/": null

27-02-2025T17:35:22 - [TEST_STEP][PASSED] - tooltips = ["dummy":"dummy", "Job Categories":"img_Job Categories_field-tooltip"]: null

27-02-2025T17:35:22 - [TEST_STEP][PASSED] - tooltipText = ["Job Categories":"Select at least one that is the most appropriate. These categories are used in job matching."]: null

27-02-2025T17:35:22 - [TEST_STEP][PASSED] - requiredFieldMsgs = ["Job Categories":"The job categories field is required.", "Preferred Positions":"The ministry preferences field is required."]: null

27-02-2025T17:35:22 - [TEST_STEP][PASSED] - tooltipTextMap = callTestCase(findTestCase("_Functions/Get Screenshot and Tooltip Text"), ["varExtension":testName], STOP_ON_FAILURE): Call Test Case 'Test Cases/_Functions/Get Screenshot and Tooltip Text' successfully

27-02-2025T17:35:22 - [TEST_CASE][PASSED] - Test Cases/_Functions/Get Screenshot and Tooltip Text: Test Cases/_Functions/Get Screenshot and Tooltip Text

27-02-2025T17:35:22 - [TEST_STEP][PASSED] - if (fastPath): null

27-02-2025T17:35:22 - [TEST_STEP][PASSED] - frame = new javax.swing.JFrame(): null

27-02-2025T17:35:22 - [TEST_STEP][PASSED] - p = new javax.swing.JPanel(): null

27-02-2025T17:35:22 - [TEST_STEP][PASSED] - l = new javax.swing.JLabel(Getting screenshot and tooltip text..., javax.swing.SwingConstants.CENTER): null

27-02-2025T17:35:22 - [TEST_STEP][PASSED] - frame.add(l): null

27-02-2025T17:35:22 - [TEST_STEP][PASSED] - frame.setSize(300, 100): null

27-02-2025T17:35:22 - [TEST_STEP][PASSED] - frame.setLocation(600, 0): null

27-02-2025T17:35:22 - [TEST_STEP][PASSED] - frame.setAlwaysOnTop(true): null

27-02-2025T17:35:22 - [TEST_STEP][PASSED] - frame.show(): null

27-02-2025T17:35:22 - [TEST_STEP][PASSED] - driver = getWebDriver(): null

27-02-2025T17:35:22 - [TEST_STEP][PASSED] - path = "/Users/cckozie/Documents/MissionNext/Screenshots and Tooltip Text/": null

27-02-2025T17:35:22 - [TEST_STEP][PASSED] - if (binding.hasVariable("varExtension")): null

27-02-2025T17:35:22 - [TEST_STEP][PASSED] - extension = varExtension: null

27-02-2025T17:35:22 - [TEST_STEP][PASSED] - println("Extension is " + extension): null

27-02-2025T17:35:22 - [TEST_STEP][PASSED] - fileBase = path + extension: null

27-02-2025T17:35:22 - [TEST_STEP][PASSED] - fileImage = fileBase + "_Screenshot.png": null

27-02-2025T17:35:22 - [TEST_STEP][PASSED] - waitForPageLoad(30): Wait for page load successfully

27-02-2025T17:35:22 - [MESSAGE][PASSED] - Wait for page load successfully

27-02-2025T17:35:22 - [TEST_STEP][PASSED] - spinner = driver.findElement(By.xpath("/html/body/div[1]/div/div[2]")): null

27-02-2025T17:35:22 - [TEST_STEP][PASSED] - executor = driver: null

27-02-2025T17:35:22 - [TEST_STEP][PASSED] - elementAttributes = executor.executeScript("var items = {}; for (index = 0; index < arguments[0].attributes.length; ++index) { items[arguments[0].attributes[index].name] = arguments[0].attributes[index].value }; return items;", spinner): null

27-02-2025T17:35:22 - [TEST_STEP][PASSED] - attrs = elementAttributes.toString(): null

27-02-2025T17:35:22 - [TEST_STEP][PASSED] - waits = 0: null

27-02-2025T17:35:22 - [TEST_STEP][PASSED] - while (attrs.indexOf("display: none") < 0 && waits < 2): null

27-02-2025T17:35:22 - [TEST_STEP][PASSED] - delay(1): Delayed 1 second(s)

27-02-2025T17:35:23 - [MESSAGE][PASSED] - Delayed 1 second(s)

27-02-2025T17:35:23 - [TEST_STEP][PASSED] - attrs = elementAttributes.toString(): null

27-02-2025T17:35:23 - [TEST_STEP][PASSED] - (waits++): null

27-02-2025T17:35:23 - [TEST_STEP][PASSED] - delay(1): Delayed 1 second(s)

27-02-2025T17:35:24 - [MESSAGE][PASSED] - Delayed 1 second(s)

27-02-2025T17:35:24 - [TEST_STEP][PASSED] - attrs = elementAttributes.toString(): null

27-02-2025T17:35:24 - [TEST_STEP][PASSED] - (waits++): null

27-02-2025T17:35:24 - [TEST_STEP][PASSED] - tooltipMap = callTestCase(findTestCase("_Functions/Get Tooltip Text"), [:], STOP_ON_FAILURE): Call Test Case 'Test Cases/_Functions/Get Tooltip Text' successfully

27-02-2025T17:35:24 - [TEST_CASE][PASSED] - Test Cases/_Functions/Get Tooltip Text: Test Cases/_Functions/Get Tooltip Text

27-02-2025T17:35:24 - [TEST_STEP][PASSED] - fieldTooltips = [:]: null

27-02-2025T17:35:24 - [TEST_STEP][PASSED] - tooltipMap = [:]: null

27-02-2025T17:35:24 - [TEST_STEP][PASSED] - driver = getWebDriver(): null

27-02-2025T17:35:24 - [TEST_STEP][PASSED] - tooltips = driver.findElements(By.className("field-tooltip")): null

27-02-2025T17:35:24 - [TEST_STEP][PASSED] - for (def it : tooltips): null

27-02-2025T17:35:24 - [TEST_STEP][PASSED] - if (it.isDisplayed()): null

27-02-2025T17:35:24 - [TEST_STEP][PASSED] - if (it.isDisplayed()): null

27-02-2025T17:35:24 - [TEST_STEP][PASSED] - if (it.isDisplayed()): null

27-02-2025T17:35:24 - [TEST_STEP][PASSED] - if (it.isDisplayed()): null

27-02-2025T17:35:24 - [TEST_STEP][PASSED] - if (it.isDisplayed()): null

27-02-2025T17:35:24 - [TEST_STEP][PASSED] - if (it.isDisplayed()): null

27-02-2025T17:35:24 - [TEST_STEP][PASSED] - if (it.isDisplayed()): null

27-02-2025T17:35:24 - [TEST_STEP][PASSED] - if (it.isDisplayed()): null

27-02-2025T17:35:24 - [TEST_STEP][PASSED] - if (it.isDisplayed()): null

27-02-2025T17:35:24 - [TEST_STEP][PASSED] - if (it.isDisplayed()): null

27-02-2025T17:35:24 - [TEST_STEP][PASSED] - if (it.isDisplayed()): null

27-02-2025T17:35:24 - [TEST_STEP][PASSED] - if (it.isDisplayed()): null

27-02-2025T17:35:24 - [TEST_STEP][PASSED] - if (it.isDisplayed()): null

27-02-2025T17:35:24 - [TEST_STEP][PASSED] - if (it.isDisplayed()): null

27-02-2025T17:35:24 - [TEST_STEP][PASSED] - if (it.isDisplayed()): null

27-02-2025T17:35:24 - [TEST_STEP][PASSED] - if (it.isDisplayed()): null

27-02-2025T17:35:24 - [TEST_STEP][PASSED] - if (it.isDisplayed()): null

27-02-2025T17:35:24 - [TEST_STEP][PASSED] - if (it.isDisplayed()): null

27-02-2025T17:35:24 - [TEST_STEP][PASSED] - if (it.isDisplayed()): null

27-02-2025T17:35:24 - [TEST_STEP][PASSED] - if (it.isDisplayed()): null

27-02-2025T17:35:24 - [TEST_STEP][PASSED] - if (it.isDisplayed()): null

27-02-2025T17:35:24 - [TEST_STEP][PASSED] - if (it.isDisplayed()): null

27-02-2025T17:35:24 - [TEST_STEP][PASSED] - if (it.isDisplayed()): null

27-02-2025T17:35:24 - [TEST_STEP][PASSED] - ttText = it.getAttribute("data-original-title"): null

27-02-2025T17:35:24 - [TEST_STEP][PASSED] - ttLocation = it.getLocation(): null

27-02-2025T17:35:24 - [TEST_STEP][PASSED] - yLocation = ttLocation.getY(): null

27-02-2025T17:35:24 - [TEST_STEP][PASSED] - xLocation = ttLocation.getX(): null

27-02-2025T17:35:24 - [TEST_STEP][PASSED] - fieldTooltips.put(ttText, yLocation): null

27-02-2025T17:35:24 - [TEST_STEP][PASSED] - if (it.isDisplayed()): null

27-02-2025T17:35:24 - [TEST_STEP][PASSED] - if (it.isDisplayed()): null

27-02-2025T17:35:24 - [TEST_STEP][PASSED] - if (it.isDisplayed()): null

27-02-2025T17:35:24 - [TEST_STEP][PASSED] - if (it.isDisplayed()): null

27-02-2025T17:35:24 - [TEST_STEP][PASSED] - if (it.isDisplayed()): null

27-02-2025T17:35:24 - [TEST_STEP][PASSED] - if (it.isDisplayed()): null

27-02-2025T17:35:24 - [TEST_STEP][PASSED] - if (fieldTooltips.size() > 0): null

27-02-2025T17:35:24 - [TEST_STEP][PASSED] - rightBorder = xLocation: null

27-02-2025T17:35:24 - [TEST_STEP][PASSED] - fieldLabels = [:]: null

27-02-2025T17:35:24 - [TEST_STEP][PASSED] - labels = driver.findElements(By.xpath("//label")): null

27-02-2025T17:35:24 - [TEST_STEP][PASSED] - labels.each({ -> ... }): null

27-02-2025T17:35:27 - [TEST_STEP][PASSED] - for (def label : fieldLabels): null

27-02-2025T17:35:27 - [TEST_STEP][PASSED] - y = value: null

27-02-2025T17:35:27 - [TEST_STEP][PASSED] - for (def tooltip : fieldTooltips): null

27-02-2025T17:35:27 - [TEST_STEP][PASSED] - if (value == y || value == y + 1 || value == y - 1): null

27-02-2025T17:35:27 - [TEST_STEP][PASSED] - y = value: null

27-02-2025T17:35:27 - [TEST_STEP][PASSED] - for (def tooltip : fieldTooltips): null

27-02-2025T17:35:27 - [TEST_STEP][PASSED] - if (value == y || value == y + 1 || value == y - 1): null

27-02-2025T17:35:27 - [TEST_STEP][PASSED] - tooltipMap.put(key, key): null

27-02-2025T17:35:27 - [TEST_STEP][PASSED] - break: null

27-02-2025T17:35:27 - [TEST_STEP][PASSED] - y = value: null

27-02-2025T17:35:27 - [TEST_STEP][PASSED] - for (def tooltip : fieldTooltips): null

27-02-2025T17:35:27 - [TEST_STEP][PASSED] - if (value == y || value == y + 1 || value == y - 1): null

27-02-2025T17:35:27 - [TEST_STEP][PASSED] - y = value: null

27-02-2025T17:35:27 - [TEST_STEP][PASSED] - for (def tooltip : fieldTooltips): null

27-02-2025T17:35:27 - [TEST_STEP][PASSED] - if (value == y || value == y + 1 || value == y - 1): null

27-02-2025T17:35:27 - [TEST_STEP][PASSED] - return tooltipMap: null

27-02-2025T17:35:27 - [MESSAGE][PASSED] - Call Test Case 'Test Cases/_Functions/Get Tooltip Text' successfully

27-02-2025T17:35:27 - [TEST_STEP][PASSED] - if (tooltipMap.size() > 0): null

27-02-2025T17:35:27 - [TEST_STEP][PASSED] - file = fileBase + "_Tooltips.csv": null

27-02-2025T17:35:27 - [TEST_STEP][PASSED] - outText = "FIELD LABEL" + "," + "TOOLTIP TEXT" + "

": null

27-02-2025T17:35:27 - [TEST_STEP][PASSED] - for (def it : tooltipMap): null

27-02-2025T17:35:27 - [TEST_STEP][PASSED] - name = key: null

27-02-2025T17:35:27 - [TEST_STEP][PASSED] - value = value.replace("
", ""): null

27-02-2025T17:35:27 - [TEST_STEP][PASSED] - value = value.trim(): null

27-02-2025T17:35:27 - [TEST_STEP][PASSED] - value = """ + value + """: null

27-02-2025T17:35:27 - [TEST_STEP][PASSED] - outText = outText + name + "," + value: null

27-02-2025T17:35:27 - [TEST_STEP][PASSED] - outText = outText + "
": null

27-02-2025T17:35:27 - [TEST_STEP][PASSED] - println(outText): null

27-02-2025T17:35:27 - [TEST_STEP][PASSED] - outFile = new java.io.File(file): null

27-02-2025T17:35:27 - [TEST_STEP][PASSED] - println(outText): null

27-02-2025T17:35:27 - [TEST_STEP][PASSED] - outFile.write(outText): null

27-02-2025T17:35:27 - [TEST_STEP][PASSED] - takeFullPageScreenshot(fileImage): Taking screenshot successfully

27-02-2025T17:35:29 - [MESSAGE][INFO] - 0 hidden object(s)

27-02-2025T17:35:30 - [MESSAGE][PASSED] - Taking screenshot successfully
[[ATTACHMENT|/Users/cckozie/Documents/MissionNext/Screenshots and Tooltip Text/Journey Candidate Your Ministry Prefs Tab_Screenshot.png]]

27-02-2025T17:35:30 - [TEST_STEP][PASSED] - frame.dispose(): null

27-02-2025T17:35:30 - [TEST_STEP][PASSED] - return tooltipMap: null

27-02-2025T17:35:30 - [MESSAGE][PASSED] - Call Test Case 'Test Cases/_Functions/Get Screenshot and Tooltip Text' successfully

27-02-2025T17:35:30 - [TEST_STEP][PASSED] - callTestCase(findTestCase("_Functions/Test Tooltips"), ["varTooltipImagePath":tooltipImagePath, "varTooltips":tooltips, "varTooltipText":tooltipText, "varTestObjectFolder":testObjectFolder, ... ], OPTIONAL): Call Test Case 'Test Cases/_Functions/Test Tooltips' successfully

27-02-2025T17:35:30 - [TEST_CASE][PASSED] - Test Cases/_Functions/Test Tooltips: Test Cases/_Functions/Test Tooltips

27-02-2025T17:35:30 - [TEST_STEP][PASSED] - if (fastPath): null

27-02-2025T17:35:30 - [TEST_STEP][PASSED] - tooltipImagePath = varTooltipImagePath: null

27-02-2025T17:35:30 - [TEST_STEP][PASSED] - tooltips = varTooltips: null

27-02-2025T17:35:30 - [TEST_STEP][PASSED] - tooltipText = varTooltipText: null

27-02-2025T17:35:30 - [TEST_STEP][PASSED] - testObjectFolder = varTestObjectFolder: null

27-02-2025T17:35:30 - [TEST_STEP][PASSED] - tooltipTextMap = varTooltipTextMap: null

27-02-2025T17:35:30 - [TEST_STEP][PASSED] - writeFile = false: null

27-02-2025T17:35:30 - [TEST_STEP][PASSED] - if (outFile != ""): null

27-02-2025T17:35:30 - [TEST_STEP][PASSED] - myFile = outFile: null

27-02-2025T17:35:30 - [TEST_STEP][PASSED] - println(myFile): null

27-02-2025T17:35:30 - [TEST_STEP][PASSED] - outFile = new java.io.File(myFile): null

27-02-2025T17:35:30 - [TEST_STEP][PASSED] - writeFile = true: null

27-02-2025T17:35:30 - [TEST_STEP][PASSED] - driver = getWebDriver(): null

27-02-2025T17:35:30 - [TEST_STEP][PASSED] - action = new org.openqa.selenium.interactions.Actions(driver): null

27-02-2025T17:35:30 - [TEST_STEP][PASSED] - s = new org.sikuli.script.Screen(): null

27-02-2025T17:35:30 - [TEST_STEP][PASSED] - outText = "Verifying the tooltips can be displayed.
": null

27-02-2025T17:35:30 - [TEST_STEP][PASSED] - outFile.append(outText): null

27-02-2025T17:35:30 - [TEST_STEP][PASSED] - first = true: null

27-02-2025T17:35:30 - [TEST_STEP][PASSED] - for (def it : tooltips): null

27-02-2025T17:35:30 - [TEST_STEP][PASSED] - myKey = key: null

27-02-2025T17:35:30 - [TEST_STEP][PASSED] - myValue = value: null

27-02-2025T17:35:30 - [TEST_STEP][PASSED] - println("myKey is " + myKey): null

27-02-2025T17:35:30 - [TEST_STEP][PASSED] - println("myValue is " + myValue): null

27-02-2025T17:35:30 - [TEST_STEP][PASSED] - if (myKey != "dummy"): null

27-02-2025T17:35:30 - [TEST_STEP][PASSED] - else: null

27-02-2025T17:35:30 - [TEST_STEP][PASSED] - myImage = "/Users/cckozie/git/MissionNext-Katalon-Koz/images/dummy.png": null

27-02-2025T17:35:30 - [TEST_STEP][PASSED] - f = new java.io.File(myImage): null

27-02-2025T17:35:30 - [TEST_STEP][PASSED] - if (f.exists()): null

27-02-2025T17:35:30 - [TEST_STEP][PASSED] - println("Looking for " + myImage): null

27-02-2025T17:35:30 - [TEST_STEP][PASSED] - icn = Pattern(myImage).similar(0.10): null

27-02-2025T17:35:30 - [TEST_STEP][PASSED] - found = s.exists(icn): null

27-02-2025T17:35:33 - [TEST_STEP][PASSED] - println(found): null

27-02-2025T17:35:33 - [TEST_STEP][PASSED] - if (found != null): null

27-02-2025T17:35:33 - [TEST_STEP][PASSED] - else: null

27-02-2025T17:35:33 - [TEST_STEP][PASSED] - if (myKey != "dummy"): null

27-02-2025T17:35:33 - [TEST_STEP][PASSED] - myKey = key: null

27-02-2025T17:35:33 - [TEST_STEP][PASSED] - myValue = value: null

27-02-2025T17:35:33 - [TEST_STEP][PASSED] - println("myKey is " + myKey): null

27-02-2025T17:35:33 - [TEST_STEP][PASSED] - println("myValue is " + myValue): null

27-02-2025T17:35:33 - [TEST_STEP][PASSED] - if (myKey != "dummy"): null

27-02-2025T17:35:33 - [TEST_STEP][PASSED] - tObj = testObjectFolder + myValue: null

27-02-2025T17:35:33 - [TEST_STEP][PASSED] - click(tObj): null

27-02-2025T17:35:33 - [TEST_STEP][PASSED] - scrollToObject(object): null

27-02-2025T17:35:33 - [TEST_STEP][PASSED] - println("Converting " + object + " to web element"): null

27-02-2025T17:35:33 - [TEST_STEP][PASSED] - element = findWebElement(findTestObject(object), 1): null

27-02-2025T17:35:33 - [TEST_STEP][PASSED] - loc = element.getLocation(): null

27-02-2025T17:35:33 - [TEST_STEP][PASSED] - x = loc.getX(): null

27-02-2025T17:35:33 - [TEST_STEP][PASSED] - if (x >= 560): null

27-02-2025T17:35:33 - [TEST_STEP][PASSED] - y = loc.getY(): null

27-02-2025T17:35:33 - [TEST_STEP][PASSED] - println("Y location is " + y): null

27-02-2025T17:35:33 - [TEST_STEP][PASSED] - top = getViewportTopPosition(): Current viewport's top (y) position is 0

27-02-2025T17:35:33 - [MESSAGE][PASSED] - Current viewport's top (y) position is 0

27-02-2025T17:35:33 - [TEST_STEP][PASSED] - println("Viewport top is " + top): null

27-02-2025T17:35:33 - [TEST_STEP][PASSED] - bottom = top + 600: null

27-02-2025T17:35:33 - [TEST_STEP][PASSED] - if (y - top < 150 || bottom - y < 10): null

27-02-2025T17:35:33 - [TEST_STEP][PASSED] - click(findTestObject(object)): null

27-02-2025T17:35:33 - [MESSAGE][PASSED] - Object: 'Object Repository/Journey Candidate Profile/Tabs/Your Ministry Prefs/img_Job Categories_field-tooltip' is clicked on

27-02-2025T17:35:33 - [TEST_STEP][PASSED] - delay(1): Delayed 1 second(s)

27-02-2025T17:35:34 - [MESSAGE][PASSED] - Delayed 1 second(s)

27-02-2025T17:35:34 - [TEST_STEP][PASSED] - myImage = tooltipImagePath + myKey + ".png": null

27-02-2025T17:35:34 - [TEST_STEP][PASSED] - f = new java.io.File(myImage): null

27-02-2025T17:35:34 - [TEST_STEP][PASSED] - if (f.exists()): null

27-02-2025T17:35:34 - [TEST_STEP][PASSED] - println("Looking for " + myImage): null

27-02-2025T17:35:34 - [TEST_STEP][PASSED] - icn = Pattern(myImage).similar(0.10): null

27-02-2025T17:35:34 - [TEST_STEP][PASSED] - found = s.exists(icn): null

27-02-2025T17:35:34 - [TEST_STEP][PASSED] - println(found): null

27-02-2025T17:35:34 - [TEST_STEP][PASSED] - if (found != null): null

27-02-2025T17:35:34 - [TEST_STEP][PASSED] - foundStr = found.toString(): null

27-02-2025T17:35:34 - [TEST_STEP][PASSED] - matchP = foundStr.indexOf("%"): null

27-02-2025T17:35:34 - [TEST_STEP][PASSED] - if (matchP >= 0): null

27-02-2025T17:35:34 - [TEST_STEP][PASSED] - println(matchP): null

27-02-2025T17:35:34 - [TEST_STEP][PASSED] - pct = foundStr.substring(matchP + 1, matchP + 6): null

27-02-2025T17:35:34 - [TEST_STEP][PASSED] - pctF = pct.toFloat(): null

27-02-2025T17:35:34 - [TEST_STEP][PASSED] - outText = "+++ Tooltip match value for " + myKey + " is " + pctF + "%": null

27-02-2025T17:35:34 - [TEST_STEP][PASSED] - min = 80: null

27-02-2025T17:35:34 - [TEST_STEP][PASSED] - if (pctF.toFloat() < min.toFloat()): null

27-02-2025T17:35:34 - [TEST_STEP][PASSED] - if (myKey != "dummy"): null

27-02-2025T17:35:34 - [TEST_STEP][PASSED] - println(outText): null

27-02-2025T17:35:34 - [TEST_STEP][PASSED] - outFile.append(outText + "
"): null

27-02-2025T17:35:34 - [TEST_STEP][PASSED] - outText = "Verifying the tooltip text on the page is what was expected.
": null

27-02-2025T17:35:34 - [TEST_STEP][PASSED] - println(tooltipTextMap): null

27-02-2025T17:35:34 - [TEST_STEP][PASSED] - outFile.append(outText): null

27-02-2025T17:35:34 - [TEST_STEP][PASSED] - for (def it : tooltipText): null

27-02-2025T17:35:34 - [TEST_STEP][PASSED] - println(it): null

27-02-2025T17:35:34 - [TEST_STEP][PASSED] - myKey = key: null

27-02-2025T17:35:34 - [TEST_STEP][PASSED] - myText = value.replace(""", ""): null

27-02-2025T17:35:34 - [TEST_STEP][PASSED] - myText = myText.trim(): null

27-02-2025T17:35:34 - [TEST_STEP][PASSED] - println(myKey): null

27-02-2025T17:35:34 - [TEST_STEP][PASSED] - println(myText): null

27-02-2025T17:35:34 - [TEST_STEP][PASSED] - println(tooltipTextMap.get(myKey)): null

27-02-2025T17:35:34 - [TEST_STEP][PASSED] - actualText = get(myKey).replace(""", ""): null

27-02-2025T17:35:34 - [TEST_STEP][PASSED] - actualText = actualText.trim(): null

27-02-2025T17:35:34 - [TEST_STEP][PASSED] - println(myKey + ":" + actualText): null

27-02-2025T17:35:34 - [TEST_STEP][PASSED] - if (actualText != myText): null

27-02-2025T17:35:34 - [MESSAGE][PASSED] - Call Test Case 'Test Cases/_Functions/Test Tooltips' successfully

27-02-2025T17:35:34 - [TEST_STEP][PASSED] - url = getUrl(OPTIONAL): Current window's url is: 'https://journey.missionnext.org/profile?requestUri=/dashboard'

27-02-2025T17:35:34 - [MESSAGE][PASSED] - Current window's url is: 'https://journey.missionnext.org/profile?requestUri=/dashboard'

27-02-2025T17:35:34 - [TEST_STEP][PASSED] - if (!(url) == "https://education." + domain + "/profile?requestUri=/dashboard"): null

27-02-2025T17:35:34 - [TEST_STEP][PASSED] - click(findTestObject("Object Repository/Journey Candidate Profile/Tabs/a_Your Ministry Prefs")): Object: 'Object Repository/Journey Candidate Profile/Tabs/a_Your Ministry Prefs' is clicked on

27-02-2025T17:35:34 - [MESSAGE][PASSED] - Object: 'Object Repository/Journey Candidate Profile/Tabs/a_Your Ministry Prefs' is clicked on

27-02-2025T17:35:34 - [TEST_STEP][PASSED] - outText = "Verifying the required field messages.
": null

27-02-2025T17:35:34 - [TEST_STEP][PASSED] - outFile.append(outText): null

27-02-2025T17:35:34 - [TEST_STEP][PASSED] - fieldList = []: null

27-02-2025T17:35:34 - [TEST_STEP][PASSED] - requiredFieldMsgs.each({ -> ... }): null

27-02-2025T17:35:34 - [TEST_STEP][PASSED] - callTestCase(findTestCase("_Functions/Test Field Error Messages"), ["varFieldList":fieldList, "varRequiredFieldMsgs":requiredFieldMsgs], STOP_ON_FAILURE): Call Test Case 'Test Cases/_Functions/Test Field Error Messages' successfully

27-02-2025T17:35:34 - [TEST_CASE][PASSED] - Test Cases/_Functions/Test Field Error Messages: Test Cases/_Functions/Test Field Error Messages

27-02-2025T17:35:34 - [TEST_STEP][PASSED] - count = callTestCase(findTestCase("_Functions/Find error messages"), ["varFunction":"count"], STOP_ON_FAILURE): Call Test Case 'Test Cases/_Functions/Find error messages' successfully

27-02-2025T17:35:34 - [TEST_CASE][PASSED] - Test Cases/_Functions/Find error messages: Test Cases/_Functions/Find error messages

27-02-2025T17:35:34 - [TEST_STEP][PASSED] - function = "count": null

27-02-2025T17:35:34 - [TEST_STEP][PASSED] - if (binding.hasVariable("varFunction")): null

27-02-2025T17:35:34 - [TEST_STEP][PASSED] - function = varFunction: null

27-02-2025T17:35:34 - [TEST_STEP][PASSED] - title = getWindowTitle(): Current window's title is: 'Journey'

27-02-2025T17:35:34 - [MESSAGE][PASSED] - Current window's title is: 'Journey'

27-02-2025T17:35:34 - [TEST_STEP][PASSED] - println("Page title is " + title): null

27-02-2025T17:35:34 - [TEST_STEP][PASSED] - driver = getWebDriver(): null

27-02-2025T17:35:34 - [TEST_STEP][PASSED] - elements = driver.findElements(By.xpath("//div[@class='col-sm-offset-3 col-sm-9 text-danger']")): null

27-02-2025T17:35:34 - [TEST_STEP][PASSED] - if (function == "count"): null

27-02-2025T17:35:34 - [TEST_STEP][PASSED] - return elements.size(): null

27-02-2025T17:35:34 - [MESSAGE][PASSED] - Call Test Case 'Test Cases/_Functions/Find error messages' successfully

27-02-2025T17:35:34 - [TEST_STEP][PASSED] - outFile = outFile: null

27-02-2025T17:35:34 - [TEST_STEP][PASSED] - if (count == 0): null

27-02-2025T17:35:34 - [TEST_STEP][PASSED] - else: Delayed 0 second(s)

27-02-2025T17:35:34 - [TEST_STEP][PASSED] - fieldList = varFieldList: null

27-02-2025T17:35:34 - [TEST_STEP][PASSED] - requiredFieldMsgs = varRequiredFieldMsgs: null

27-02-2025T17:35:34 - [TEST_STEP][PASSED] - outText = "Verifying error messages for fields " + fieldList: null

27-02-2025T17:35:34 - [TEST_STEP][PASSED] - for (def field : fieldList): null

27-02-2025T17:35:34 - [TEST_STEP][PASSED] - errorMsg = requiredFieldMsgs.get(field): null

27-02-2025T17:35:34 - [TEST_STEP][PASSED] - msg = verifyTextPresent(errorMsg, false, OPTIONAL): Text 'The job categories field is required.' is present on page 

27-02-2025T17:35:34 - [MESSAGE][PASSED] - Text 'The job categories field is required.' is present on page 

27-02-2025T17:35:34 - [TEST_STEP][PASSED] - println(field + ":" + msg): null

27-02-2025T17:35:34 - [TEST_STEP][PASSED] - if (!(msg)): null

27-02-2025T17:35:34 - [TEST_STEP][PASSED] - errorMsg = requiredFieldMsgs.get(field): null

27-02-2025T17:35:34 - [TEST_STEP][PASSED] - msg = verifyTextPresent(errorMsg, false, OPTIONAL): Text 'The ministry preferences field is required.' is present on page 

27-02-2025T17:35:34 - [MESSAGE][PASSED] - Text 'The ministry preferences field is required.' is present on page 

27-02-2025T17:35:34 - [TEST_STEP][PASSED] - println(field + ":" + msg): null

27-02-2025T17:35:34 - [TEST_STEP][PASSED] - if (!(msg)): null

27-02-2025T17:35:34 - [TEST_STEP][PASSED] - delay(fieldTestDelay): Delayed 0 second(s)

27-02-2025T17:35:34 - [MESSAGE][PASSED] - Delayed 0 second(s)

27-02-2025T17:35:34 - [MESSAGE][PASSED] - Call Test Case 'Test Cases/_Functions/Test Field Error Messages' successfully

27-02-2025T17:35:34 - [TEST_STEP][PASSED] - if (!(fastPath)): Call Test Case 'Test Cases/_Functions/Click on Group Elements' successfully

27-02-2025T17:35:34 - [TEST_STEP][PASSED] - callTestCase(findTestCase("_Functions/Click on Group Elements"), ["varXpaths":xpaths, "varParms":parms], STOP_ON_FAILURE): Call Test Case 'Test Cases/_Functions/Click on Group Elements' successfully

27-02-2025T17:35:35 - [TEST_CASE][PASSED] - Test Cases/_Functions/Click on Group Elements: Test Cases/_Functions/Click on Group Elements

27-02-2025T17:35:35 - [TEST_STEP][PASSED] - debug = false: null

27-02-2025T17:35:35 - [TEST_STEP][PASSED] - toggle = true: null

27-02-2025T17:35:35 - [TEST_STEP][PASSED] - frame = new javax.swing.JFrame(): null

27-02-2025T17:35:35 - [TEST_STEP][PASSED] - p = new javax.swing.JPanel(): null

27-02-2025T17:35:35 - [TEST_STEP][PASSED] - l = new javax.swing.JLabel(Making user selections..., javax.swing.SwingConstants.CENTER): null

27-02-2025T17:35:35 - [TEST_STEP][PASSED] - frame.add(l): null

27-02-2025T17:35:35 - [TEST_STEP][PASSED] - frame.setSize(300, 100): null

27-02-2025T17:35:35 - [TEST_STEP][PASSED] - frame.setLocation(600, 0): null

27-02-2025T17:35:35 - [TEST_STEP][PASSED] - frame.setAlwaysOnTop(true): null

27-02-2025T17:35:35 - [TEST_STEP][PASSED] - frame.show(): null

27-02-2025T17:35:35 - [TEST_STEP][PASSED] - driver = getWebDriver(): null

27-02-2025T17:35:35 - [TEST_STEP][PASSED] - println(varParms): null

27-02-2025T17:35:35 - [TEST_STEP][PASSED] - for ([i = 0, i < varXpaths.size(), (i++)]): null

27-02-2025T17:35:35 - [TEST_STEP][PASSED] - if (debug): null

27-02-2025T17:35:35 - [TEST_STEP][PASSED] - if (varParms[i].indexOf("Europe") >= 0): null

27-02-2025T17:35:35 - [TEST_STEP][PASSED] - elements = driver.findElements(By.xpath(varXpaths[i])): null

27-02-2025T17:35:35 - [TEST_STEP][PASSED] - element_count = elements.size(): null

27-02-2025T17:35:35 - [TEST_STEP][PASSED] - for (def element : elements): null

27-02-2025T17:35:35 - [TEST_STEP][PASSED] - myValue = element.getAttribute("value"): null

27-02-2025T17:35:35 - [TEST_STEP][PASSED] - if (debug): null

27-02-2025T17:35:35 - [TEST_STEP][PASSED] - if (myValue.length() >= 4): null

27-02-2025T17:35:35 - [TEST_STEP][PASSED] - if (myValue.substring(0, 4) == "(!) "): null

27-02-2025T17:35:35 - [TEST_STEP][PASSED] - myType = element.getAttribute("type"): null

27-02-2025T17:35:35 - [TEST_STEP][PASSED] - if (myValue in varParms[i]): null

27-02-2025T17:35:35 - [TEST_STEP][PASSED] - inList = true: null

27-02-2025T17:35:35 - [TEST_STEP][PASSED] - if (myType == "checkbox"): null

27-02-2025T17:35:35 - [TEST_STEP][PASSED] - myStatus = element.isSelected(): null

27-02-2025T17:35:35 - [TEST_STEP][PASSED] - if (debug): null

27-02-2025T17:35:35 - [TEST_STEP][PASSED] - if (toggle && myStatus && inList): null

27-02-2025T17:35:35 - [TEST_STEP][PASSED] - if (!(myStatus) && inList || myStatus && !(inList)): null

27-02-2025T17:35:35 - [TEST_STEP][PASSED] - if (debug): null

27-02-2025T17:35:35 - [TEST_STEP][PASSED] - println("Clicking " + myValue): null

27-02-2025T17:35:35 - [TEST_STEP][PASSED] - click(element): null

27-02-2025T17:35:35 - [TEST_STEP][PASSED] - scrollToObject(elem): null

27-02-2025T17:35:35 - [TEST_STEP][PASSED] - loc = element.getLocation(): null

27-02-2025T17:35:35 - [TEST_STEP][PASSED] - if (debug): null

27-02-2025T17:35:35 - [TEST_STEP][PASSED] - y = loc.getY(): null

27-02-2025T17:35:35 - [TEST_STEP][PASSED] - println("Y location is " + y): null

27-02-2025T17:35:35 - [TEST_STEP][PASSED] - top = getViewportTopPosition(): Current viewport's top (y) position is 0

27-02-2025T17:35:35 - [MESSAGE][PASSED] - Current viewport's top (y) position is 0

27-02-2025T17:35:35 - [TEST_STEP][PASSED] - println("Viewport top is " + top): null

27-02-2025T17:35:35 - [TEST_STEP][PASSED] - bottom = top + 600: null

27-02-2025T17:35:35 - [TEST_STEP][PASSED] - if (y - top < 150 || bottom - y < 10): null

27-02-2025T17:35:35 - [TEST_STEP][PASSED] - elem.click(): null

27-02-2025T17:35:35 - [TEST_STEP][PASSED] - myValue = element.getAttribute("value"): null

27-02-2025T17:35:35 - [TEST_STEP][PASSED] - if (debug): null

27-02-2025T17:35:35 - [TEST_STEP][PASSED] - if (myValue.length() >= 4): null

27-02-2025T17:35:35 - [TEST_STEP][PASSED] - if (myValue.substring(0, 4) == "(!) "): null

27-02-2025T17:35:35 - [TEST_STEP][PASSED] - myType = element.getAttribute("type"): null

27-02-2025T17:35:35 - [TEST_STEP][PASSED] - if (myValue in varParms[i]): null

27-02-2025T17:35:35 - [TEST_STEP][PASSED] - else: null

27-02-2025T17:35:35 - [TEST_STEP][PASSED] - inList = false: null

27-02-2025T17:35:35 - [TEST_STEP][PASSED] - if (myType == "checkbox"): null

27-02-2025T17:35:35 - [TEST_STEP][PASSED] - myStatus = element.isSelected(): null

27-02-2025T17:35:35 - [TEST_STEP][PASSED] - if (debug): null

27-02-2025T17:35:35 - [TEST_STEP][PASSED] - if (toggle && myStatus && inList): null

27-02-2025T17:35:35 - [TEST_STEP][PASSED] - if (!(myStatus) && inList || myStatus && !(inList)): null

27-02-2025T17:35:35 - [TEST_STEP][PASSED] - myValue = element.getAttribute("value"): null

27-02-2025T17:35:35 - [TEST_STEP][PASSED] - if (debug): null

27-02-2025T17:35:35 - [TEST_STEP][PASSED] - if (myValue.length() >= 4): null

27-02-2025T17:35:35 - [TEST_STEP][PASSED] - if (myValue.substring(0, 4) == "(!) "): null

27-02-2025T17:35:35 - [TEST_STEP][PASSED] - myType = element.getAttribute("type"): null

27-02-2025T17:35:35 - [TEST_STEP][PASSED] - if (myValue in varParms[i]): null

27-02-2025T17:35:35 - [TEST_STEP][PASSED] - else: null

27-02-2025T17:35:35 - [TEST_STEP][PASSED] - inList = false: null

27-02-2025T17:35:35 - [TEST_STEP][PASSED] - if (myType == "checkbox"): null

27-02-2025T17:35:35 - [TEST_STEP][PASSED] - myStatus = element.isSelected(): null

27-02-2025T17:35:35 - [TEST_STEP][PASSED] - if (debug): null

27-02-2025T17:35:35 - [TEST_STEP][PASSED] - if (toggle && myStatus && inList): null

27-02-2025T17:35:35 - [TEST_STEP][PASSED] - if (!(myStatus) && inList || myStatus && !(inList)): null

27-02-2025T17:35:35 - [TEST_STEP][PASSED] - myValue = element.getAttribute("value"): null

27-02-2025T17:35:35 - [TEST_STEP][PASSED] - if (debug): null

27-02-2025T17:35:35 - [TEST_STEP][PASSED] - if (myValue.length() >= 4): null

27-02-2025T17:35:35 - [TEST_STEP][PASSED] - if (myValue.substring(0, 4) == "(!) "): null

27-02-2025T17:35:35 - [TEST_STEP][PASSED] - myType = element.getAttribute("type"): null

27-02-2025T17:35:35 - [TEST_STEP][PASSED] - if (myValue in varParms[i]): null

27-02-2025T17:35:35 - [TEST_STEP][PASSED] - else: null

27-02-2025T17:35:35 - [TEST_STEP][PASSED] - inList = false: null

27-02-2025T17:35:35 - [TEST_STEP][PASSED] - if (myType == "checkbox"): null

27-02-2025T17:35:35 - [TEST_STEP][PASSED] - myStatus = element.isSelected(): null

27-02-2025T17:35:35 - [TEST_STEP][PASSED] - if (debug): null

27-02-2025T17:35:35 - [TEST_STEP][PASSED] - if (toggle && myStatus && inList): null

27-02-2025T17:35:35 - [TEST_STEP][PASSED] - if (!(myStatus) && inList || myStatus && !(inList)): null

27-02-2025T17:35:35 - [TEST_STEP][PASSED] - myValue = element.getAttribute("value"): null

27-02-2025T17:35:35 - [TEST_STEP][PASSED] - if (debug): null

27-02-2025T17:35:35 - [TEST_STEP][PASSED] - if (myValue.length() >= 4): null

27-02-2025T17:35:35 - [TEST_STEP][PASSED] - if (myValue.substring(0, 4) == "(!) "): null

27-02-2025T17:35:35 - [TEST_STEP][PASSED] - myType = element.getAttribute("type"): null

27-02-2025T17:35:35 - [TEST_STEP][PASSED] - if (myValue in varParms[i]): null

27-02-2025T17:35:35 - [TEST_STEP][PASSED] - else: null

27-02-2025T17:35:35 - [TEST_STEP][PASSED] - inList = false: null

27-02-2025T17:35:35 - [TEST_STEP][PASSED] - if (myType == "checkbox"): null

27-02-2025T17:35:35 - [TEST_STEP][PASSED] - myStatus = element.isSelected(): null

27-02-2025T17:35:35 - [TEST_STEP][PASSED] - if (debug): null

27-02-2025T17:35:35 - [TEST_STEP][PASSED] - if (toggle && myStatus && inList): null

27-02-2025T17:35:35 - [TEST_STEP][PASSED] - if (!(myStatus) && inList || myStatus && !(inList)): null

27-02-2025T17:35:35 - [TEST_STEP][PASSED] - myValue = element.getAttribute("value"): null

27-02-2025T17:35:35 - [TEST_STEP][PASSED] - if (debug): null

27-02-2025T17:35:35 - [TEST_STEP][PASSED] - if (myValue.length() >= 4): null

27-02-2025T17:35:35 - [TEST_STEP][PASSED] - if (myValue.substring(0, 4) == "(!) "): null

27-02-2025T17:35:35 - [TEST_STEP][PASSED] - myType = element.getAttribute("type"): null

27-02-2025T17:35:35 - [TEST_STEP][PASSED] - if (myValue in varParms[i]): null

27-02-2025T17:35:35 - [TEST_STEP][PASSED] - else: null

27-02-2025T17:35:35 - [TEST_STEP][PASSED] - inList = false: null

27-02-2025T17:35:35 - [TEST_STEP][PASSED] - if (myType == "checkbox"): null

27-02-2025T17:35:35 - [TEST_STEP][PASSED] - myStatus = element.isSelected(): null

27-02-2025T17:35:35 - [TEST_STEP][PASSED] - if (debug): null

27-02-2025T17:35:35 - [TEST_STEP][PASSED] - if (toggle && myStatus && inList): null

27-02-2025T17:35:35 - [TEST_STEP][PASSED] - if (!(myStatus) && inList || myStatus && !(inList)): null

27-02-2025T17:35:35 - [TEST_STEP][PASSED] - myValue = element.getAttribute("value"): null

27-02-2025T17:35:35 - [TEST_STEP][PASSED] - if (debug): null

27-02-2025T17:35:35 - [TEST_STEP][PASSED] - if (myValue.length() >= 4): null

27-02-2025T17:35:35 - [TEST_STEP][PASSED] - if (myValue.substring(0, 4) == "(!) "): null

27-02-2025T17:35:35 - [TEST_STEP][PASSED] - myType = element.getAttribute("type"): null

27-02-2025T17:35:35 - [TEST_STEP][PASSED] - if (myValue in varParms[i]): null

27-02-2025T17:35:35 - [TEST_STEP][PASSED] - else: null

27-02-2025T17:35:35 - [TEST_STEP][PASSED] - inList = false: null

27-02-2025T17:35:35 - [TEST_STEP][PASSED] - if (myType == "checkbox"): null

27-02-2025T17:35:35 - [TEST_STEP][PASSED] - myStatus = element.isSelected(): null

27-02-2025T17:35:35 - [TEST_STEP][PASSED] - if (debug): null

27-02-2025T17:35:35 - [TEST_STEP][PASSED] - if (toggle && myStatus && inList): null

27-02-2025T17:35:35 - [TEST_STEP][PASSED] - if (!(myStatus) && inList || myStatus && !(inList)): null

27-02-2025T17:35:35 - [TEST_STEP][PASSED] - myValue = element.getAttribute("value"): null

27-02-2025T17:35:35 - [TEST_STEP][PASSED] - if (debug): null

27-02-2025T17:35:35 - [TEST_STEP][PASSED] - if (myValue.length() >= 4): null

27-02-2025T17:35:35 - [TEST_STEP][PASSED] - if (myValue.substring(0, 4) == "(!) "): null

27-02-2025T17:35:35 - [TEST_STEP][PASSED] - myType = element.getAttribute("type"): null

27-02-2025T17:35:35 - [TEST_STEP][PASSED] - if (myValue in varParms[i]): null

27-02-2025T17:35:35 - [TEST_STEP][PASSED] - else: null

27-02-2025T17:35:35 - [TEST_STEP][PASSED] - inList = false: null

27-02-2025T17:35:35 - [TEST_STEP][PASSED] - if (myType == "checkbox"): null

27-02-2025T17:35:35 - [TEST_STEP][PASSED] - myStatus = element.isSelected(): null

27-02-2025T17:35:35 - [TEST_STEP][PASSED] - if (debug): null

27-02-2025T17:35:35 - [TEST_STEP][PASSED] - if (toggle && myStatus && inList): null

27-02-2025T17:35:35 - [TEST_STEP][PASSED] - if (!(myStatus) && inList || myStatus && !(inList)): null

27-02-2025T17:35:35 - [TEST_STEP][PASSED] - myValue = element.getAttribute("value"): null

27-02-2025T17:35:35 - [TEST_STEP][PASSED] - if (debug): null

27-02-2025T17:35:35 - [TEST_STEP][PASSED] - if (myValue.length() >= 4): null

27-02-2025T17:35:35 - [TEST_STEP][PASSED] - if (myValue.substring(0, 4) == "(!) "): null

27-02-2025T17:35:35 - [TEST_STEP][PASSED] - myType = element.getAttribute("type"): null

27-02-2025T17:35:35 - [TEST_STEP][PASSED] - if (myValue in varParms[i]): null

27-02-2025T17:35:35 - [TEST_STEP][PASSED] - else: null

27-02-2025T17:35:35 - [TEST_STEP][PASSED] - inList = false: null

27-02-2025T17:35:35 - [TEST_STEP][PASSED] - if (myType == "checkbox"): null

27-02-2025T17:35:35 - [TEST_STEP][PASSED] - myStatus = element.isSelected(): null

27-02-2025T17:35:35 - [TEST_STEP][PASSED] - if (debug): null

27-02-2025T17:35:35 - [TEST_STEP][PASSED] - if (toggle && myStatus && inList): null

27-02-2025T17:35:35 - [TEST_STEP][PASSED] - if (!(myStatus) && inList || myStatus && !(inList)): null

27-02-2025T17:35:35 - [TEST_STEP][PASSED] - myValue = element.getAttribute("value"): null

27-02-2025T17:35:35 - [TEST_STEP][PASSED] - if (debug): null

27-02-2025T17:35:35 - [TEST_STEP][PASSED] - if (myValue.length() >= 4): null

27-02-2025T17:35:35 - [TEST_STEP][PASSED] - if (myValue.substring(0, 4) == "(!) "): null

27-02-2025T17:35:35 - [TEST_STEP][PASSED] - myType = element.getAttribute("type"): null

27-02-2025T17:35:35 - [TEST_STEP][PASSED] - if (myValue in varParms[i]): null

27-02-2025T17:35:35 - [TEST_STEP][PASSED] - inList = true: null

27-02-2025T17:35:35 - [TEST_STEP][PASSED] - if (myType == "checkbox"): null

27-02-2025T17:35:35 - [TEST_STEP][PASSED] - myStatus = element.isSelected(): null

27-02-2025T17:35:35 - [TEST_STEP][PASSED] - if (debug): null

27-02-2025T17:35:35 - [TEST_STEP][PASSED] - if (toggle && myStatus && inList): null

27-02-2025T17:35:35 - [TEST_STEP][PASSED] - if (!(myStatus) && inList || myStatus && !(inList)): null

27-02-2025T17:35:35 - [TEST_STEP][PASSED] - if (debug): null

27-02-2025T17:35:35 - [TEST_STEP][PASSED] - println("Clicking " + myValue): null

27-02-2025T17:35:35 - [TEST_STEP][PASSED] - click(element): null

27-02-2025T17:35:35 - [TEST_STEP][PASSED] - scrollToObject(elem): null

27-02-2025T17:35:35 - [TEST_STEP][PASSED] - loc = element.getLocation(): null

27-02-2025T17:35:35 - [TEST_STEP][PASSED] - if (debug): null

27-02-2025T17:35:35 - [TEST_STEP][PASSED] - y = loc.getY(): null

27-02-2025T17:35:35 - [TEST_STEP][PASSED] - println("Y location is " + y): null

27-02-2025T17:35:35 - [TEST_STEP][PASSED] - top = getViewportTopPosition(): Current viewport's top (y) position is 0

27-02-2025T17:35:35 - [MESSAGE][PASSED] - Current viewport's top (y) position is 0

27-02-2025T17:35:35 - [TEST_STEP][PASSED] - println("Viewport top is " + top): null

27-02-2025T17:35:35 - [TEST_STEP][PASSED] - bottom = top + 600: null

27-02-2025T17:35:35 - [TEST_STEP][PASSED] - if (y - top < 150 || bottom - y < 10): null

27-02-2025T17:35:35 - [TEST_STEP][PASSED] - elem.click(): null

27-02-2025T17:35:35 - [TEST_STEP][PASSED] - myValue = element.getAttribute("value"): null

27-02-2025T17:35:35 - [TEST_STEP][PASSED] - if (debug): null

27-02-2025T17:35:35 - [TEST_STEP][PASSED] - if (myValue.length() >= 4): null

27-02-2025T17:35:35 - [TEST_STEP][PASSED] - if (myValue.substring(0, 4) == "(!) "): null

27-02-2025T17:35:35 - [TEST_STEP][PASSED] - myType = element.getAttribute("type"): null

27-02-2025T17:35:35 - [TEST_STEP][PASSED] - if (myValue in varParms[i]): null

27-02-2025T17:35:35 - [TEST_STEP][PASSED] - else: null

27-02-2025T17:35:35 - [TEST_STEP][PASSED] - inList = false: null

27-02-2025T17:35:35 - [TEST_STEP][PASSED] - if (myType == "checkbox"): null

27-02-2025T17:35:35 - [TEST_STEP][PASSED] - myStatus = element.isSelected(): null

27-02-2025T17:35:35 - [TEST_STEP][PASSED] - if (debug): null

27-02-2025T17:35:35 - [TEST_STEP][PASSED] - if (toggle && myStatus && inList): null

27-02-2025T17:35:35 - [TEST_STEP][PASSED] - if (!(myStatus) && inList || myStatus && !(inList)): null

27-02-2025T17:35:35 - [TEST_STEP][PASSED] - myValue = element.getAttribute("value"): null

27-02-2025T17:35:35 - [TEST_STEP][PASSED] - if (debug): null

27-02-2025T17:35:35 - [TEST_STEP][PASSED] - if (myValue.length() >= 4): null

27-02-2025T17:35:35 - [TEST_STEP][PASSED] - if (myValue.substring(0, 4) == "(!) "): null

27-02-2025T17:35:35 - [TEST_STEP][PASSED] - myType = element.getAttribute("type"): null

27-02-2025T17:35:35 - [TEST_STEP][PASSED] - if (myValue in varParms[i]): null

27-02-2025T17:35:35 - [TEST_STEP][PASSED] - else: null

27-02-2025T17:35:35 - [TEST_STEP][PASSED] - inList = false: null

27-02-2025T17:35:35 - [TEST_STEP][PASSED] - if (myType == "checkbox"): null

27-02-2025T17:35:35 - [TEST_STEP][PASSED] - myStatus = element.isSelected(): null

27-02-2025T17:35:35 - [TEST_STEP][PASSED] - if (debug): null

27-02-2025T17:35:35 - [TEST_STEP][PASSED] - if (toggle && myStatus && inList): null

27-02-2025T17:35:35 - [TEST_STEP][PASSED] - if (!(myStatus) && inList || myStatus && !(inList)): null

27-02-2025T17:35:35 - [TEST_STEP][PASSED] - myValue = element.getAttribute("value"): null

27-02-2025T17:35:35 - [TEST_STEP][PASSED] - if (debug): null

27-02-2025T17:35:35 - [TEST_STEP][PASSED] - if (myValue.length() >= 4): null

27-02-2025T17:35:35 - [TEST_STEP][PASSED] - if (myValue.substring(0, 4) == "(!) "): null

27-02-2025T17:35:35 - [TEST_STEP][PASSED] - myType = element.getAttribute("type"): null

27-02-2025T17:35:35 - [TEST_STEP][PASSED] - if (myValue in varParms[i]): null

27-02-2025T17:35:35 - [TEST_STEP][PASSED] - else: null

27-02-2025T17:35:35 - [TEST_STEP][PASSED] - inList = false: null

27-02-2025T17:35:35 - [TEST_STEP][PASSED] - if (myType == "checkbox"): null

27-02-2025T17:35:35 - [TEST_STEP][PASSED] - myStatus = element.isSelected(): null

27-02-2025T17:35:35 - [TEST_STEP][PASSED] - if (debug): null

27-02-2025T17:35:35 - [TEST_STEP][PASSED] - if (toggle && myStatus && inList): null

27-02-2025T17:35:35 - [TEST_STEP][PASSED] - if (!(myStatus) && inList || myStatus && !(inList)): null

27-02-2025T17:35:35 - [TEST_STEP][PASSED] - myValue = element.getAttribute("value"): null

27-02-2025T17:35:35 - [TEST_STEP][PASSED] - if (debug): null

27-02-2025T17:35:35 - [TEST_STEP][PASSED] - if (myValue.length() >= 4): null

27-02-2025T17:35:35 - [TEST_STEP][PASSED] - if (myValue.substring(0, 4) == "(!) "): null

27-02-2025T17:35:35 - [TEST_STEP][PASSED] - myType = element.getAttribute("type"): null

27-02-2025T17:35:35 - [TEST_STEP][PASSED] - if (myValue in varParms[i]): null

27-02-2025T17:35:35 - [TEST_STEP][PASSED] - inList = true: null

27-02-2025T17:35:35 - [TEST_STEP][PASSED] - if (myType == "checkbox"): null

27-02-2025T17:35:35 - [TEST_STEP][PASSED] - myStatus = element.isSelected(): null

27-02-2025T17:35:35 - [TEST_STEP][PASSED] - if (debug): null

27-02-2025T17:35:35 - [TEST_STEP][PASSED] - if (toggle && myStatus && inList): null

27-02-2025T17:35:35 - [TEST_STEP][PASSED] - if (!(myStatus) && inList || myStatus && !(inList)): null

27-02-2025T17:35:35 - [TEST_STEP][PASSED] - if (debug): null

27-02-2025T17:35:35 - [TEST_STEP][PASSED] - println("Clicking " + myValue): null

27-02-2025T17:35:35 - [TEST_STEP][PASSED] - click(element): null

27-02-2025T17:35:35 - [TEST_STEP][PASSED] - scrollToObject(elem): null

27-02-2025T17:35:35 - [TEST_STEP][PASSED] - loc = element.getLocation(): null

27-02-2025T17:35:35 - [TEST_STEP][PASSED] - if (debug): null

27-02-2025T17:35:35 - [TEST_STEP][PASSED] - y = loc.getY(): null

27-02-2025T17:35:35 - [TEST_STEP][PASSED] - println("Y location is " + y): null

27-02-2025T17:35:35 - [TEST_STEP][PASSED] - top = getViewportTopPosition(): Current viewport's top (y) position is 0

27-02-2025T17:35:35 - [MESSAGE][PASSED] - Current viewport's top (y) position is 0

27-02-2025T17:35:35 - [TEST_STEP][PASSED] - println("Viewport top is " + top): null

27-02-2025T17:35:35 - [TEST_STEP][PASSED] - bottom = top + 600: null

27-02-2025T17:35:35 - [TEST_STEP][PASSED] - if (y - top < 150 || bottom - y < 10): Delayed 1 second(s)

27-02-2025T17:35:35 - [TEST_STEP][PASSED] - scrollToPosition(0, y - 150): Browser is scrolled to position x = 0, y = 456

27-02-2025T17:35:35 - [MESSAGE][PASSED] - Browser is scrolled to position x = 0, y = 456

27-02-2025T17:35:35 - [TEST_STEP][PASSED] - delay(1): Delayed 1 second(s)

27-02-2025T17:35:36 - [MESSAGE][PASSED] - Delayed 1 second(s)

27-02-2025T17:35:36 - [TEST_STEP][PASSED] - elem.click(): null

27-02-2025T17:35:36 - [TEST_STEP][PASSED] - myValue = element.getAttribute("value"): null

27-02-2025T17:35:36 - [TEST_STEP][PASSED] - if (debug): null

27-02-2025T17:35:36 - [TEST_STEP][PASSED] - if (myValue.length() >= 4): null

27-02-2025T17:35:36 - [TEST_STEP][PASSED] - if (myValue.substring(0, 4) == "(!) "): null

27-02-2025T17:35:36 - [TEST_STEP][PASSED] - myType = element.getAttribute("type"): null

27-02-2025T17:35:36 - [TEST_STEP][PASSED] - if (myValue in varParms[i]): null

27-02-2025T17:35:36 - [TEST_STEP][PASSED] - else: null

27-02-2025T17:35:36 - [TEST_STEP][PASSED] - inList = false: null

27-02-2025T17:35:36 - [TEST_STEP][PASSED] - if (myType == "checkbox"): null

27-02-2025T17:35:36 - [TEST_STEP][PASSED] - myStatus = element.isSelected(): null

27-02-2025T17:35:36 - [TEST_STEP][PASSED] - if (debug): null

27-02-2025T17:35:36 - [TEST_STEP][PASSED] - if (toggle && myStatus && inList): null

27-02-2025T17:35:36 - [TEST_STEP][PASSED] - if (!(myStatus) && inList || myStatus && !(inList)): null

27-02-2025T17:35:36 - [TEST_STEP][PASSED] - myValue = element.getAttribute("value"): null

27-02-2025T17:35:36 - [TEST_STEP][PASSED] - if (debug): null

27-02-2025T17:35:36 - [TEST_STEP][PASSED] - if (myValue.length() >= 4): null

27-02-2025T17:35:36 - [TEST_STEP][PASSED] - if (myValue.substring(0, 4) == "(!) "): null

27-02-2025T17:35:36 - [TEST_STEP][PASSED] - myType = element.getAttribute("type"): null

27-02-2025T17:35:36 - [TEST_STEP][PASSED] - if (myValue in varParms[i]): null

27-02-2025T17:35:36 - [TEST_STEP][PASSED] - else: null

27-02-2025T17:35:36 - [TEST_STEP][PASSED] - inList = false: null

27-02-2025T17:35:36 - [TEST_STEP][PASSED] - if (myType == "checkbox"): null

27-02-2025T17:35:36 - [TEST_STEP][PASSED] - myStatus = element.isSelected(): null

27-02-2025T17:35:36 - [TEST_STEP][PASSED] - if (debug): null

27-02-2025T17:35:36 - [TEST_STEP][PASSED] - if (toggle && myStatus && inList): null

27-02-2025T17:35:36 - [TEST_STEP][PASSED] - if (!(myStatus) && inList || myStatus && !(inList)): null

27-02-2025T17:35:36 - [TEST_STEP][PASSED] - myValue = element.getAttribute("value"): null

27-02-2025T17:35:36 - [TEST_STEP][PASSED] - if (debug): null

27-02-2025T17:35:36 - [TEST_STEP][PASSED] - if (myValue.length() >= 4): null

27-02-2025T17:35:36 - [TEST_STEP][PASSED] - if (myValue.substring(0, 4) == "(!) "): null

27-02-2025T17:35:36 - [TEST_STEP][PASSED] - myType = element.getAttribute("type"): null

27-02-2025T17:35:36 - [TEST_STEP][PASSED] - if (myValue in varParms[i]): null

27-02-2025T17:35:36 - [TEST_STEP][PASSED] - else: null

27-02-2025T17:35:36 - [TEST_STEP][PASSED] - inList = false: null

27-02-2025T17:35:36 - [TEST_STEP][PASSED] - if (myType == "checkbox"): null

27-02-2025T17:35:36 - [TEST_STEP][PASSED] - myStatus = element.isSelected(): null

27-02-2025T17:35:36 - [TEST_STEP][PASSED] - if (debug): null

27-02-2025T17:35:36 - [TEST_STEP][PASSED] - if (toggle && myStatus && inList): null

27-02-2025T17:35:36 - [TEST_STEP][PASSED] - if (!(myStatus) && inList || myStatus && !(inList)): null

27-02-2025T17:35:36 - [TEST_STEP][PASSED] - myValue = element.getAttribute("value"): null

27-02-2025T17:35:36 - [TEST_STEP][PASSED] - if (debug): null

27-02-2025T17:35:36 - [TEST_STEP][PASSED] - if (myValue.length() >= 4): null

27-02-2025T17:35:36 - [TEST_STEP][PASSED] - if (myValue.substring(0, 4) == "(!) "): null

27-02-2025T17:35:36 - [TEST_STEP][PASSED] - myType = element.getAttribute("type"): null

27-02-2025T17:35:36 - [TEST_STEP][PASSED] - if (myValue in varParms[i]): null

27-02-2025T17:35:36 - [TEST_STEP][PASSED] - else: null

27-02-2025T17:35:36 - [TEST_STEP][PASSED] - inList = false: null

27-02-2025T17:35:36 - [TEST_STEP][PASSED] - if (myType == "checkbox"): null

27-02-2025T17:35:36 - [TEST_STEP][PASSED] - myStatus = element.isSelected(): null

27-02-2025T17:35:36 - [TEST_STEP][PASSED] - if (debug): null

27-02-2025T17:35:36 - [TEST_STEP][PASSED] - if (toggle && myStatus && inList): null

27-02-2025T17:35:36 - [TEST_STEP][PASSED] - if (!(myStatus) && inList || myStatus && !(inList)): null

27-02-2025T17:35:36 - [TEST_STEP][PASSED] - myValue = element.getAttribute("value"): null

27-02-2025T17:35:36 - [TEST_STEP][PASSED] - if (debug): null

27-02-2025T17:35:36 - [TEST_STEP][PASSED] - if (myValue.length() >= 4): null

27-02-2025T17:35:36 - [TEST_STEP][PASSED] - if (myValue.substring(0, 4) == "(!) "): null

27-02-2025T17:35:36 - [TEST_STEP][PASSED] - myType = element.getAttribute("type"): null

27-02-2025T17:35:36 - [TEST_STEP][PASSED] - if (myValue in varParms[i]): null

27-02-2025T17:35:36 - [TEST_STEP][PASSED] - inList = true: null

27-02-2025T17:35:36 - [TEST_STEP][PASSED] - if (myType == "checkbox"): null

27-02-2025T17:35:36 - [TEST_STEP][PASSED] - myStatus = element.isSelected(): null

27-02-2025T17:35:36 - [TEST_STEP][PASSED] - if (debug): null

27-02-2025T17:35:36 - [TEST_STEP][PASSED] - if (toggle && myStatus && inList): null

27-02-2025T17:35:36 - [TEST_STEP][PASSED] - if (!(myStatus) && inList || myStatus && !(inList)): null

27-02-2025T17:35:36 - [TEST_STEP][PASSED] - if (debug): null

27-02-2025T17:35:36 - [TEST_STEP][PASSED] - println("Clicking " + myValue): null

27-02-2025T17:35:36 - [TEST_STEP][PASSED] - click(element): null

27-02-2025T17:35:36 - [TEST_STEP][PASSED] - scrollToObject(elem): null

27-02-2025T17:35:36 - [TEST_STEP][PASSED] - loc = element.getLocation(): null

27-02-2025T17:35:36 - [TEST_STEP][PASSED] - if (debug): null

27-02-2025T17:35:36 - [TEST_STEP][PASSED] - y = loc.getY(): null

27-02-2025T17:35:36 - [TEST_STEP][PASSED] - println("Y location is " + y): null

27-02-2025T17:35:36 - [TEST_STEP][PASSED] - top = getViewportTopPosition(): Current viewport's top (y) position is 456

27-02-2025T17:35:36 - [MESSAGE][PASSED] - Current viewport's top (y) position is 456

27-02-2025T17:35:36 - [TEST_STEP][PASSED] - println("Viewport top is " + top): null

27-02-2025T17:35:36 - [TEST_STEP][PASSED] - bottom = top + 600: null

27-02-2025T17:35:36 - [TEST_STEP][PASSED] - if (y - top < 150 || bottom - y < 10): Delayed 1 second(s)

27-02-2025T17:35:36 - [TEST_STEP][PASSED] - scrollToPosition(0, y - 150): Browser is scrolled to position x = 0, y = 425

27-02-2025T17:35:36 - [MESSAGE][PASSED] - Browser is scrolled to position x = 0, y = 425

27-02-2025T17:35:36 - [TEST_STEP][PASSED] - delay(1): Delayed 1 second(s)

27-02-2025T17:35:37 - [MESSAGE][PASSED] - Delayed 1 second(s)

27-02-2025T17:35:37 - [TEST_STEP][PASSED] - elem.click(): null

27-02-2025T17:35:37 - [TEST_STEP][PASSED] - if (debug): null

27-02-2025T17:35:37 - [TEST_STEP][PASSED] - if (varParms[i].indexOf("Europe") >= 0): null

27-02-2025T17:35:37 - [TEST_STEP][PASSED] - elements = driver.findElements(By.xpath(varXpaths[i])): null

27-02-2025T17:35:37 - [TEST_STEP][PASSED] - element_count = elements.size(): null

27-02-2025T17:35:37 - [TEST_STEP][PASSED] - for (def element : elements): null

27-02-2025T17:35:37 - [TEST_STEP][PASSED] - myValue = element.getAttribute("value"): null

27-02-2025T17:35:37 - [TEST_STEP][PASSED] - if (debug): null

27-02-2025T17:35:37 - [TEST_STEP][PASSED] - if (myValue.length() >= 4): null

27-02-2025T17:35:37 - [TEST_STEP][PASSED] - if (myValue.substring(0, 4) == "(!) "): null

27-02-2025T17:35:37 - [TEST_STEP][PASSED] - myType = element.getAttribute("type"): null

27-02-2025T17:35:37 - [TEST_STEP][PASSED] - if (myValue in varParms[i]): null

27-02-2025T17:35:37 - [TEST_STEP][PASSED] - else: null

27-02-2025T17:35:37 - [TEST_STEP][PASSED] - inList = false: null

27-02-2025T17:35:37 - [TEST_STEP][PASSED] - if (myType == "checkbox"): null

27-02-2025T17:35:37 - [TEST_STEP][PASSED] - myStatus = element.isSelected(): null

27-02-2025T17:35:37 - [TEST_STEP][PASSED] - if (debug): null

27-02-2025T17:35:37 - [TEST_STEP][PASSED] - if (toggle && myStatus && inList): null

27-02-2025T17:35:37 - [TEST_STEP][PASSED] - if (!(myStatus) && inList || myStatus && !(inList)): null

27-02-2025T17:35:37 - [TEST_STEP][PASSED] - myValue = element.getAttribute("value"): null

27-02-2025T17:35:37 - [TEST_STEP][PASSED] - if (debug): null

27-02-2025T17:35:37 - [TEST_STEP][PASSED] - if (myValue.length() >= 4): null

27-02-2025T17:35:37 - [TEST_STEP][PASSED] - if (myValue.substring(0, 4) == "(!) "): null

27-02-2025T17:35:37 - [TEST_STEP][PASSED] - myType = element.getAttribute("type"): null

27-02-2025T17:35:37 - [TEST_STEP][PASSED] - if (myValue in varParms[i]): null

27-02-2025T17:35:37 - [TEST_STEP][PASSED] - else: null

27-02-2025T17:35:37 - [TEST_STEP][PASSED] - inList = false: null

27-02-2025T17:35:37 - [TEST_STEP][PASSED] - if (myType == "checkbox"): null

27-02-2025T17:35:37 - [TEST_STEP][PASSED] - myStatus = element.isSelected(): null

27-02-2025T17:35:37 - [TEST_STEP][PASSED] - if (debug): null

27-02-2025T17:35:37 - [TEST_STEP][PASSED] - if (toggle && myStatus && inList): null

27-02-2025T17:35:37 - [TEST_STEP][PASSED] - if (!(myStatus) && inList || myStatus && !(inList)): null

27-02-2025T17:35:37 - [TEST_STEP][PASSED] - myValue = element.getAttribute("value"): null

27-02-2025T17:35:37 - [TEST_STEP][PASSED] - if (debug): null

27-02-2025T17:35:37 - [TEST_STEP][PASSED] - if (myValue.length() >= 4): null

27-02-2025T17:35:37 - [TEST_STEP][PASSED] - if (myValue.substring(0, 4) == "(!) "): null

27-02-2025T17:35:37 - [TEST_STEP][PASSED] - myType = element.getAttribute("type"): null

27-02-2025T17:35:37 - [TEST_STEP][PASSED] - if (myValue in varParms[i]): null

27-02-2025T17:35:37 - [TEST_STEP][PASSED] - else: null

27-02-2025T17:35:37 - [TEST_STEP][PASSED] - inList = false: null

27-02-2025T17:35:37 - [TEST_STEP][PASSED] - if (myType == "checkbox"): null

27-02-2025T17:35:37 - [TEST_STEP][PASSED] - myStatus = element.isSelected(): null

27-02-2025T17:35:37 - [TEST_STEP][PASSED] - if (debug): null

27-02-2025T17:35:37 - [TEST_STEP][PASSED] - if (toggle && myStatus && inList): null

27-02-2025T17:35:37 - [TEST_STEP][PASSED] - if (!(myStatus) && inList || myStatus && !(inList)): null

27-02-2025T17:35:37 - [TEST_STEP][PASSED] - myValue = element.getAttribute("value"): null

27-02-2025T17:35:37 - [TEST_STEP][PASSED] - if (debug): null

27-02-2025T17:35:37 - [TEST_STEP][PASSED] - if (myValue.length() >= 4): null

27-02-2025T17:35:37 - [TEST_STEP][PASSED] - if (myValue.substring(0, 4) == "(!) "): null

27-02-2025T17:35:37 - [TEST_STEP][PASSED] - myType = element.getAttribute("type"): null

27-02-2025T17:35:37 - [TEST_STEP][PASSED] - if (myValue in varParms[i]): null

27-02-2025T17:35:37 - [TEST_STEP][PASSED] - else: null

27-02-2025T17:35:37 - [TEST_STEP][PASSED] - inList = false: null

27-02-2025T17:35:37 - [TEST_STEP][PASSED] - if (myType == "checkbox"): null

27-02-2025T17:35:37 - [TEST_STEP][PASSED] - myStatus = element.isSelected(): null

27-02-2025T17:35:37 - [TEST_STEP][PASSED] - if (debug): null

27-02-2025T17:35:37 - [TEST_STEP][PASSED] - if (toggle && myStatus && inList): null

27-02-2025T17:35:37 - [TEST_STEP][PASSED] - if (!(myStatus) && inList || myStatus && !(inList)): null

27-02-2025T17:35:37 - [TEST_STEP][PASSED] - myValue = element.getAttribute("value"): null

27-02-2025T17:35:37 - [TEST_STEP][PASSED] - if (debug): null

27-02-2025T17:35:37 - [TEST_STEP][PASSED] - if (myValue.length() >= 4): null

27-02-2025T17:35:37 - [TEST_STEP][PASSED] - if (myValue.substring(0, 4) == "(!) "): null

27-02-2025T17:35:37 - [TEST_STEP][PASSED] - myType = element.getAttribute("type"): null

27-02-2025T17:35:37 - [TEST_STEP][PASSED] - if (myValue in varParms[i]): null

27-02-2025T17:35:37 - [TEST_STEP][PASSED] - else: null

27-02-2025T17:35:37 - [TEST_STEP][PASSED] - inList = false: null

27-02-2025T17:35:37 - [TEST_STEP][PASSED] - if (myType == "checkbox"): null

27-02-2025T17:35:37 - [TEST_STEP][PASSED] - myStatus = element.isSelected(): null

27-02-2025T17:35:37 - [TEST_STEP][PASSED] - if (debug): null

27-02-2025T17:35:37 - [TEST_STEP][PASSED] - if (toggle && myStatus && inList): null

27-02-2025T17:35:37 - [TEST_STEP][PASSED] - if (!(myStatus) && inList || myStatus && !(inList)): null

27-02-2025T17:35:37 - [TEST_STEP][PASSED] - myValue = element.getAttribute("value"): null

27-02-2025T17:35:37 - [TEST_STEP][PASSED] - if (debug): null

27-02-2025T17:35:37 - [TEST_STEP][PASSED] - if (myValue.length() >= 4): null

27-02-2025T17:35:37 - [TEST_STEP][PASSED] - if (myValue.substring(0, 4) == "(!) "): null

27-02-2025T17:35:37 - [TEST_STEP][PASSED] - myType = element.getAttribute("type"): null

27-02-2025T17:35:37 - [TEST_STEP][PASSED] - if (myValue in varParms[i]): null

27-02-2025T17:35:37 - [TEST_STEP][PASSED] - else: null

27-02-2025T17:35:37 - [TEST_STEP][PASSED] - inList = false: null

27-02-2025T17:35:37 - [TEST_STEP][PASSED] - if (myType == "checkbox"): null

27-02-2025T17:35:37 - [TEST_STEP][PASSED] - myStatus = element.isSelected(): null

27-02-2025T17:35:37 - [TEST_STEP][PASSED] - if (debug): null

27-02-2025T17:35:37 - [TEST_STEP][PASSED] - if (toggle && myStatus && inList): null

27-02-2025T17:35:37 - [TEST_STEP][PASSED] - if (!(myStatus) && inList || myStatus && !(inList)): null

27-02-2025T17:35:37 - [TEST_STEP][PASSED] - myValue = element.getAttribute("value"): null

27-02-2025T17:35:37 - [TEST_STEP][PASSED] - if (debug): null

27-02-2025T17:35:37 - [TEST_STEP][PASSED] - if (myValue.length() >= 4): null

27-02-2025T17:35:37 - [TEST_STEP][PASSED] - if (myValue.substring(0, 4) == "(!) "): null

27-02-2025T17:35:37 - [TEST_STEP][PASSED] - myType = element.getAttribute("type"): null

27-02-2025T17:35:37 - [TEST_STEP][PASSED] - if (myValue in varParms[i]): null

27-02-2025T17:35:37 - [TEST_STEP][PASSED] - inList = true: null

27-02-2025T17:35:37 - [TEST_STEP][PASSED] - if (myType == "checkbox"): null

27-02-2025T17:35:37 - [TEST_STEP][PASSED] - myStatus = element.isSelected(): null

27-02-2025T17:35:37 - [TEST_STEP][PASSED] - if (debug): null

27-02-2025T17:35:37 - [TEST_STEP][PASSED] - if (toggle && myStatus && inList): null

27-02-2025T17:35:37 - [TEST_STEP][PASSED] - if (!(myStatus) && inList || myStatus && !(inList)): null

27-02-2025T17:35:37 - [TEST_STEP][PASSED] - if (debug): null

27-02-2025T17:35:37 - [TEST_STEP][PASSED] - println("Clicking " + myValue): null

27-02-2025T17:35:37 - [TEST_STEP][PASSED] - click(element): null

27-02-2025T17:35:37 - [TEST_STEP][PASSED] - scrollToObject(elem): null

27-02-2025T17:35:37 - [TEST_STEP][PASSED] - loc = element.getLocation(): null

27-02-2025T17:35:37 - [TEST_STEP][PASSED] - if (debug): null

27-02-2025T17:35:37 - [TEST_STEP][PASSED] - y = loc.getY(): null

27-02-2025T17:35:37 - [TEST_STEP][PASSED] - println("Y location is " + y): null

27-02-2025T17:35:37 - [TEST_STEP][PASSED] - top = getViewportTopPosition(): Current viewport's top (y) position is 425

27-02-2025T17:35:37 - [MESSAGE][PASSED] - Current viewport's top (y) position is 425

27-02-2025T17:35:37 - [TEST_STEP][PASSED] - println("Viewport top is " + top): null

27-02-2025T17:35:37 - [TEST_STEP][PASSED] - bottom = top + 600: null

27-02-2025T17:35:37 - [TEST_STEP][PASSED] - if (y - top < 150 || bottom - y < 10): null

27-02-2025T17:35:37 - [TEST_STEP][PASSED] - elem.click(): null

27-02-2025T17:35:37 - [TEST_STEP][PASSED] - myValue = element.getAttribute("value"): null

27-02-2025T17:35:37 - [TEST_STEP][PASSED] - if (debug): null

27-02-2025T17:35:37 - [TEST_STEP][PASSED] - if (myValue.length() >= 4): null

27-02-2025T17:35:37 - [TEST_STEP][PASSED] - if (myValue.substring(0, 4) == "(!) "): null

27-02-2025T17:35:37 - [TEST_STEP][PASSED] - myType = element.getAttribute("type"): null

27-02-2025T17:35:37 - [TEST_STEP][PASSED] - if (myValue in varParms[i]): null

27-02-2025T17:35:37 - [TEST_STEP][PASSED] - else: null

27-02-2025T17:35:37 - [TEST_STEP][PASSED] - inList = false: null

27-02-2025T17:35:37 - [TEST_STEP][PASSED] - if (myType == "checkbox"): null

27-02-2025T17:35:37 - [TEST_STEP][PASSED] - myStatus = element.isSelected(): null

27-02-2025T17:35:37 - [TEST_STEP][PASSED] - if (debug): null

27-02-2025T17:35:37 - [TEST_STEP][PASSED] - if (toggle && myStatus && inList): null

27-02-2025T17:35:37 - [TEST_STEP][PASSED] - if (!(myStatus) && inList || myStatus && !(inList)): null

27-02-2025T17:35:37 - [TEST_STEP][PASSED] - myValue = element.getAttribute("value"): null

27-02-2025T17:35:37 - [TEST_STEP][PASSED] - if (debug): null

27-02-2025T17:35:37 - [TEST_STEP][PASSED] - if (myValue.length() >= 4): null

27-02-2025T17:35:37 - [TEST_STEP][PASSED] - if (myValue.substring(0, 4) == "(!) "): null

27-02-2025T17:35:37 - [TEST_STEP][PASSED] - myType = element.getAttribute("type"): null

27-02-2025T17:35:37 - [TEST_STEP][PASSED] - if (myValue in varParms[i]): null

27-02-2025T17:35:37 - [TEST_STEP][PASSED] - inList = true: null

27-02-2025T17:35:37 - [TEST_STEP][PASSED] - if (myType == "checkbox"): null

27-02-2025T17:35:37 - [TEST_STEP][PASSED] - myStatus = element.isSelected(): null

27-02-2025T17:35:37 - [TEST_STEP][PASSED] - if (debug): null

27-02-2025T17:35:37 - [TEST_STEP][PASSED] - if (toggle && myStatus && inList): null

27-02-2025T17:35:37 - [TEST_STEP][PASSED] - if (!(myStatus) && inList || myStatus && !(inList)): null

27-02-2025T17:35:37 - [TEST_STEP][PASSED] - if (debug): null

27-02-2025T17:35:37 - [TEST_STEP][PASSED] - println("Clicking " + myValue): null

27-02-2025T17:35:37 - [TEST_STEP][PASSED] - click(element): null

27-02-2025T17:35:37 - [TEST_STEP][PASSED] - scrollToObject(elem): null

27-02-2025T17:35:37 - [TEST_STEP][PASSED] - loc = element.getLocation(): null

27-02-2025T17:35:37 - [TEST_STEP][PASSED] - if (debug): null

27-02-2025T17:35:37 - [TEST_STEP][PASSED] - y = loc.getY(): null

27-02-2025T17:35:37 - [TEST_STEP][PASSED] - println("Y location is " + y): null

27-02-2025T17:35:37 - [TEST_STEP][PASSED] - top = getViewportTopPosition(): Current viewport's top (y) position is 425

27-02-2025T17:35:37 - [MESSAGE][PASSED] - Current viewport's top (y) position is 425

27-02-2025T17:35:37 - [TEST_STEP][PASSED] - println("Viewport top is " + top): null

27-02-2025T17:35:37 - [TEST_STEP][PASSED] - bottom = top + 600: null

27-02-2025T17:35:37 - [TEST_STEP][PASSED] - if (y - top < 150 || bottom - y < 10): null

27-02-2025T17:35:37 - [TEST_STEP][PASSED] - elem.click(): null

27-02-2025T17:35:37 - [TEST_STEP][PASSED] - myValue = element.getAttribute("value"): null

27-02-2025T17:35:37 - [TEST_STEP][PASSED] - if (debug): null

27-02-2025T17:35:37 - [TEST_STEP][PASSED] - if (myValue.length() >= 4): null

27-02-2025T17:35:37 - [TEST_STEP][PASSED] - if (myValue.substring(0, 4) == "(!) "): null

27-02-2025T17:35:37 - [TEST_STEP][PASSED] - myType = element.getAttribute("type"): null

27-02-2025T17:35:37 - [TEST_STEP][PASSED] - if (myValue in varParms[i]): null

27-02-2025T17:35:37 - [TEST_STEP][PASSED] - else: null

27-02-2025T17:35:37 - [TEST_STEP][PASSED] - inList = false: null

27-02-2025T17:35:37 - [TEST_STEP][PASSED] - if (myType == "checkbox"): null

27-02-2025T17:35:37 - [TEST_STEP][PASSED] - myStatus = element.isSelected(): null

27-02-2025T17:35:37 - [TEST_STEP][PASSED] - if (debug): null

27-02-2025T17:35:37 - [TEST_STEP][PASSED] - if (toggle && myStatus && inList): null

27-02-2025T17:35:37 - [TEST_STEP][PASSED] - if (!(myStatus) && inList || myStatus && !(inList)): null

27-02-2025T17:35:37 - [TEST_STEP][PASSED] - myValue = element.getAttribute("value"): null

27-02-2025T17:35:37 - [TEST_STEP][PASSED] - if (debug): null

27-02-2025T17:35:37 - [TEST_STEP][PASSED] - if (myValue.length() >= 4): null

27-02-2025T17:35:37 - [TEST_STEP][PASSED] - if (myValue.substring(0, 4) == "(!) "): null

27-02-2025T17:35:37 - [TEST_STEP][PASSED] - myType = element.getAttribute("type"): null

27-02-2025T17:35:37 - [TEST_STEP][PASSED] - if (myValue in varParms[i]): null

27-02-2025T17:35:37 - [TEST_STEP][PASSED] - else: null

27-02-2025T17:35:37 - [TEST_STEP][PASSED] - inList = false: null

27-02-2025T17:35:37 - [TEST_STEP][PASSED] - if (myType == "checkbox"): null

27-02-2025T17:35:37 - [TEST_STEP][PASSED] - myStatus = element.isSelected(): null

27-02-2025T17:35:37 - [TEST_STEP][PASSED] - if (debug): null

27-02-2025T17:35:37 - [TEST_STEP][PASSED] - if (toggle && myStatus && inList): null

27-02-2025T17:35:37 - [TEST_STEP][PASSED] - if (!(myStatus) && inList || myStatus && !(inList)): null

27-02-2025T17:35:37 - [TEST_STEP][PASSED] - myValue = element.getAttribute("value"): null

27-02-2025T17:35:37 - [TEST_STEP][PASSED] - if (debug): null

27-02-2025T17:35:37 - [TEST_STEP][PASSED] - if (myValue.length() >= 4): null

27-02-2025T17:35:37 - [TEST_STEP][PASSED] - if (myValue.substring(0, 4) == "(!) "): null

27-02-2025T17:35:37 - [TEST_STEP][PASSED] - myType = element.getAttribute("type"): null

27-02-2025T17:35:37 - [TEST_STEP][PASSED] - if (myValue in varParms[i]): null

27-02-2025T17:35:37 - [TEST_STEP][PASSED] - else: null

27-02-2025T17:35:37 - [TEST_STEP][PASSED] - inList = false: null

27-02-2025T17:35:37 - [TEST_STEP][PASSED] - if (myType == "checkbox"): null

27-02-2025T17:35:37 - [TEST_STEP][PASSED] - myStatus = element.isSelected(): null

27-02-2025T17:35:37 - [TEST_STEP][PASSED] - if (debug): null

27-02-2025T17:35:37 - [TEST_STEP][PASSED] - if (toggle && myStatus && inList): null

27-02-2025T17:35:37 - [TEST_STEP][PASSED] - if (!(myStatus) && inList || myStatus && !(inList)): null

27-02-2025T17:35:37 - [TEST_STEP][PASSED] - myValue = element.getAttribute("value"): null

27-02-2025T17:35:37 - [TEST_STEP][PASSED] - if (debug): null

27-02-2025T17:35:37 - [TEST_STEP][PASSED] - if (myValue.length() >= 4): null

27-02-2025T17:35:37 - [TEST_STEP][PASSED] - if (myValue.substring(0, 4) == "(!) "): null

27-02-2025T17:35:37 - [TEST_STEP][PASSED] - myType = element.getAttribute("type"): null

27-02-2025T17:35:37 - [TEST_STEP][PASSED] - if (myValue in varParms[i]): null

27-02-2025T17:35:37 - [TEST_STEP][PASSED] - else: null

27-02-2025T17:35:37 - [TEST_STEP][PASSED] - inList = false: null

27-02-2025T17:35:37 - [TEST_STEP][PASSED] - if (myType == "checkbox"): null

27-02-2025T17:35:37 - [TEST_STEP][PASSED] - myStatus = element.isSelected(): null

27-02-2025T17:35:37 - [TEST_STEP][PASSED] - if (debug): null

27-02-2025T17:35:37 - [TEST_STEP][PASSED] - if (toggle && myStatus && inList): null

27-02-2025T17:35:37 - [TEST_STEP][PASSED] - if (!(myStatus) && inList || myStatus && !(inList)): null

27-02-2025T17:35:37 - [TEST_STEP][PASSED] - myValue = element.getAttribute("value"): null

27-02-2025T17:35:37 - [TEST_STEP][PASSED] - if (debug): null

27-02-2025T17:35:37 - [TEST_STEP][PASSED] - if (myValue.length() >= 4): null

27-02-2025T17:35:37 - [TEST_STEP][PASSED] - if (myValue.substring(0, 4) == "(!) "): null

27-02-2025T17:35:37 - [TEST_STEP][PASSED] - myType = element.getAttribute("type"): null

27-02-2025T17:35:37 - [TEST_STEP][PASSED] - if (myValue in varParms[i]): null

27-02-2025T17:35:37 - [TEST_STEP][PASSED] - else: null

27-02-2025T17:35:37 - [TEST_STEP][PASSED] - inList = false: null

27-02-2025T17:35:37 - [TEST_STEP][PASSED] - if (myType == "checkbox"): null

27-02-2025T17:35:37 - [TEST_STEP][PASSED] - myStatus = element.isSelected(): null

27-02-2025T17:35:37 - [TEST_STEP][PASSED] - if (debug): null

27-02-2025T17:35:37 - [TEST_STEP][PASSED] - if (toggle && myStatus && inList): null

27-02-2025T17:35:37 - [TEST_STEP][PASSED] - if (!(myStatus) && inList || myStatus && !(inList)): null

27-02-2025T17:35:37 - [TEST_STEP][PASSED] - myValue = element.getAttribute("value"): null

27-02-2025T17:35:37 - [TEST_STEP][PASSED] - if (debug): null

27-02-2025T17:35:37 - [TEST_STEP][PASSED] - if (myValue.length() >= 4): null

27-02-2025T17:35:37 - [TEST_STEP][PASSED] - if (myValue.substring(0, 4) == "(!) "): null

27-02-2025T17:35:37 - [TEST_STEP][PASSED] - myType = element.getAttribute("type"): null

27-02-2025T17:35:37 - [TEST_STEP][PASSED] - if (myValue in varParms[i]): null

27-02-2025T17:35:37 - [TEST_STEP][PASSED] - else: null

27-02-2025T17:35:37 - [TEST_STEP][PASSED] - inList = false: null

27-02-2025T17:35:37 - [TEST_STEP][PASSED] - if (myType == "checkbox"): null

27-02-2025T17:35:37 - [TEST_STEP][PASSED] - myStatus = element.isSelected(): null

27-02-2025T17:35:37 - [TEST_STEP][PASSED] - if (debug): null

27-02-2025T17:35:37 - [TEST_STEP][PASSED] - if (toggle && myStatus && inList): null

27-02-2025T17:35:37 - [TEST_STEP][PASSED] - if (!(myStatus) && inList || myStatus && !(inList)): null

27-02-2025T17:35:37 - [TEST_STEP][PASSED] - myValue = element.getAttribute("value"): null

27-02-2025T17:35:37 - [TEST_STEP][PASSED] - if (debug): null

27-02-2025T17:35:37 - [TEST_STEP][PASSED] - if (myValue.length() >= 4): null

27-02-2025T17:35:37 - [TEST_STEP][PASSED] - if (myValue.substring(0, 4) == "(!) "): null

27-02-2025T17:35:37 - [TEST_STEP][PASSED] - myType = element.getAttribute("type"): null

27-02-2025T17:35:37 - [TEST_STEP][PASSED] - if (myValue in varParms[i]): null

27-02-2025T17:35:37 - [TEST_STEP][PASSED] - else: null

27-02-2025T17:35:37 - [TEST_STEP][PASSED] - inList = false: null

27-02-2025T17:35:37 - [TEST_STEP][PASSED] - if (myType == "checkbox"): null

27-02-2025T17:35:37 - [TEST_STEP][PASSED] - myStatus = element.isSelected(): null

27-02-2025T17:35:37 - [TEST_STEP][PASSED] - if (debug): null

27-02-2025T17:35:37 - [TEST_STEP][PASSED] - if (toggle && myStatus && inList): null

27-02-2025T17:35:37 - [TEST_STEP][PASSED] - if (!(myStatus) && inList || myStatus && !(inList)): null

27-02-2025T17:35:37 - [TEST_STEP][PASSED] - myValue = element.getAttribute("value"): null

27-02-2025T17:35:37 - [TEST_STEP][PASSED] - if (debug): null

27-02-2025T17:35:37 - [TEST_STEP][PASSED] - if (myValue.length() >= 4): null

27-02-2025T17:35:37 - [TEST_STEP][PASSED] - if (myValue.substring(0, 4) == "(!) "): null

27-02-2025T17:35:37 - [TEST_STEP][PASSED] - myType = element.getAttribute("type"): null

27-02-2025T17:35:37 - [TEST_STEP][PASSED] - if (myValue in varParms[i]): null

27-02-2025T17:35:37 - [TEST_STEP][PASSED] - else: null

27-02-2025T17:35:37 - [TEST_STEP][PASSED] - inList = false: null

27-02-2025T17:35:37 - [TEST_STEP][PASSED] - if (myType == "checkbox"): null

27-02-2025T17:35:37 - [TEST_STEP][PASSED] - myStatus = element.isSelected(): null

27-02-2025T17:35:37 - [TEST_STEP][PASSED] - if (debug): null

27-02-2025T17:35:37 - [TEST_STEP][PASSED] - if (toggle && myStatus && inList): null

27-02-2025T17:35:37 - [TEST_STEP][PASSED] - if (!(myStatus) && inList || myStatus && !(inList)): null

27-02-2025T17:35:37 - [TEST_STEP][PASSED] - myValue = element.getAttribute("value"): null

27-02-2025T17:35:37 - [TEST_STEP][PASSED] - if (debug): null

27-02-2025T17:35:37 - [TEST_STEP][PASSED] - if (myValue.length() >= 4): null

27-02-2025T17:35:37 - [TEST_STEP][PASSED] - if (myValue.substring(0, 4) == "(!) "): null

27-02-2025T17:35:37 - [TEST_STEP][PASSED] - myType = element.getAttribute("type"): null

27-02-2025T17:35:37 - [TEST_STEP][PASSED] - if (myValue in varParms[i]): null

27-02-2025T17:35:37 - [TEST_STEP][PASSED] - else: null

27-02-2025T17:35:37 - [TEST_STEP][PASSED] - inList = false: null

27-02-2025T17:35:37 - [TEST_STEP][PASSED] - if (myType == "checkbox"): null

27-02-2025T17:35:37 - [TEST_STEP][PASSED] - myStatus = element.isSelected(): null

27-02-2025T17:35:37 - [TEST_STEP][PASSED] - if (debug): null

27-02-2025T17:35:37 - [TEST_STEP][PASSED] - if (toggle && myStatus && inList): null

27-02-2025T17:35:37 - [TEST_STEP][PASSED] - if (!(myStatus) && inList || myStatus && !(inList)): null

27-02-2025T17:35:37 - [TEST_STEP][PASSED] - myValue = element.getAttribute("value"): null

27-02-2025T17:35:37 - [TEST_STEP][PASSED] - if (debug): null

27-02-2025T17:35:37 - [TEST_STEP][PASSED] - if (myValue.length() >= 4): null

27-02-2025T17:35:37 - [TEST_STEP][PASSED] - if (myValue.substring(0, 4) == "(!) "): null

27-02-2025T17:35:37 - [TEST_STEP][PASSED] - myType = element.getAttribute("type"): null

27-02-2025T17:35:37 - [TEST_STEP][PASSED] - if (myValue in varParms[i]): null

27-02-2025T17:35:37 - [TEST_STEP][PASSED] - else: null

27-02-2025T17:35:37 - [TEST_STEP][PASSED] - inList = false: null

27-02-2025T17:35:37 - [TEST_STEP][PASSED] - if (myType == "checkbox"): null

27-02-2025T17:35:37 - [TEST_STEP][PASSED] - myStatus = element.isSelected(): null

27-02-2025T17:35:37 - [TEST_STEP][PASSED] - if (debug): null

27-02-2025T17:35:37 - [TEST_STEP][PASSED] - if (toggle && myStatus && inList): null

27-02-2025T17:35:37 - [TEST_STEP][PASSED] - if (!(myStatus) && inList || myStatus && !(inList)): null

27-02-2025T17:35:37 - [TEST_STEP][PASSED] - myValue = element.getAttribute("value"): null

27-02-2025T17:35:37 - [TEST_STEP][PASSED] - if (debug): null

27-02-2025T17:35:37 - [TEST_STEP][PASSED] - if (myValue.length() >= 4): null

27-02-2025T17:35:37 - [TEST_STEP][PASSED] - if (myValue.substring(0, 4) == "(!) "): null

27-02-2025T17:35:37 - [TEST_STEP][PASSED] - myType = element.getAttribute("type"): null

27-02-2025T17:35:37 - [TEST_STEP][PASSED] - if (myValue in varParms[i]): null

27-02-2025T17:35:37 - [TEST_STEP][PASSED] - else: null

27-02-2025T17:35:37 - [TEST_STEP][PASSED] - inList = false: null

27-02-2025T17:35:37 - [TEST_STEP][PASSED] - if (myType == "checkbox"): null

27-02-2025T17:35:37 - [TEST_STEP][PASSED] - myStatus = element.isSelected(): null

27-02-2025T17:35:37 - [TEST_STEP][PASSED] - if (debug): null

27-02-2025T17:35:37 - [TEST_STEP][PASSED] - if (toggle && myStatus && inList): null

27-02-2025T17:35:37 - [TEST_STEP][PASSED] - if (!(myStatus) && inList || myStatus && !(inList)): null

27-02-2025T17:35:37 - [TEST_STEP][PASSED] - myValue = element.getAttribute("value"): null

27-02-2025T17:35:37 - [TEST_STEP][PASSED] - if (debug): null

27-02-2025T17:35:37 - [TEST_STEP][PASSED] - if (myValue.length() >= 4): null

27-02-2025T17:35:37 - [TEST_STEP][PASSED] - if (myValue.substring(0, 4) == "(!) "): null

27-02-2025T17:35:37 - [TEST_STEP][PASSED] - myType = element.getAttribute("type"): null

27-02-2025T17:35:37 - [TEST_STEP][PASSED] - if (myValue in varParms[i]): null

27-02-2025T17:35:37 - [TEST_STEP][PASSED] - else: null

27-02-2025T17:35:37 - [TEST_STEP][PASSED] - inList = false: null

27-02-2025T17:35:37 - [TEST_STEP][PASSED] - if (myType == "checkbox"): null

27-02-2025T17:35:37 - [TEST_STEP][PASSED] - myStatus = element.isSelected(): null

27-02-2025T17:35:37 - [TEST_STEP][PASSED] - if (debug): null

27-02-2025T17:35:37 - [TEST_STEP][PASSED] - if (toggle && myStatus && inList): null

27-02-2025T17:35:37 - [TEST_STEP][PASSED] - if (!(myStatus) && inList || myStatus && !(inList)): null

27-02-2025T17:35:37 - [TEST_STEP][PASSED] - myValue = element.getAttribute("value"): null

27-02-2025T17:35:37 - [TEST_STEP][PASSED] - if (debug): null

27-02-2025T17:35:37 - [TEST_STEP][PASSED] - if (myValue.length() >= 4): null

27-02-2025T17:35:37 - [TEST_STEP][PASSED] - if (myValue.substring(0, 4) == "(!) "): null

27-02-2025T17:35:37 - [TEST_STEP][PASSED] - myType = element.getAttribute("type"): null

27-02-2025T17:35:37 - [TEST_STEP][PASSED] - if (myValue in varParms[i]): null

27-02-2025T17:35:37 - [TEST_STEP][PASSED] - else: null

27-02-2025T17:35:37 - [TEST_STEP][PASSED] - inList = false: null

27-02-2025T17:35:37 - [TEST_STEP][PASSED] - if (myType == "checkbox"): null

27-02-2025T17:35:37 - [TEST_STEP][PASSED] - myStatus = element.isSelected(): null

27-02-2025T17:35:37 - [TEST_STEP][PASSED] - if (debug): null

27-02-2025T17:35:37 - [TEST_STEP][PASSED] - if (toggle && myStatus && inList): null

27-02-2025T17:35:37 - [TEST_STEP][PASSED] - if (!(myStatus) && inList || myStatus && !(inList)): null

27-02-2025T17:35:37 - [TEST_STEP][PASSED] - myValue = element.getAttribute("value"): null

27-02-2025T17:35:37 - [TEST_STEP][PASSED] - if (debug): null

27-02-2025T17:35:37 - [TEST_STEP][PASSED] - if (myValue.length() >= 4): null

27-02-2025T17:35:37 - [TEST_STEP][PASSED] - if (myValue.substring(0, 4) == "(!) "): null

27-02-2025T17:35:37 - [TEST_STEP][PASSED] - myType = element.getAttribute("type"): null

27-02-2025T17:35:37 - [TEST_STEP][PASSED] - if (myValue in varParms[i]): null

27-02-2025T17:35:37 - [TEST_STEP][PASSED] - else: null

27-02-2025T17:35:37 - [TEST_STEP][PASSED] - inList = false: null

27-02-2025T17:35:37 - [TEST_STEP][PASSED] - if (myType == "checkbox"): null

27-02-2025T17:35:37 - [TEST_STEP][PASSED] - myStatus = element.isSelected(): null

27-02-2025T17:35:37 - [TEST_STEP][PASSED] - if (debug): null

27-02-2025T17:35:37 - [TEST_STEP][PASSED] - if (toggle && myStatus && inList): null

27-02-2025T17:35:37 - [TEST_STEP][PASSED] - if (!(myStatus) && inList || myStatus && !(inList)): null

27-02-2025T17:35:37 - [TEST_STEP][PASSED] - myValue = element.getAttribute("value"): null

27-02-2025T17:35:37 - [TEST_STEP][PASSED] - if (debug): null

27-02-2025T17:35:37 - [TEST_STEP][PASSED] - if (myValue.length() >= 4): null

27-02-2025T17:35:37 - [TEST_STEP][PASSED] - if (myValue.substring(0, 4) == "(!) "): null

27-02-2025T17:35:37 - [TEST_STEP][PASSED] - myType = element.getAttribute("type"): null

27-02-2025T17:35:37 - [TEST_STEP][PASSED] - if (myValue in varParms[i]): null

27-02-2025T17:35:37 - [TEST_STEP][PASSED] - else: null

27-02-2025T17:35:37 - [TEST_STEP][PASSED] - inList = false: null

27-02-2025T17:35:37 - [TEST_STEP][PASSED] - if (myType == "checkbox"): null

27-02-2025T17:35:37 - [TEST_STEP][PASSED] - myStatus = element.isSelected(): null

27-02-2025T17:35:37 - [TEST_STEP][PASSED] - if (debug): null

27-02-2025T17:35:37 - [TEST_STEP][PASSED] - if (toggle && myStatus && inList): null

27-02-2025T17:35:37 - [TEST_STEP][PASSED] - if (!(myStatus) && inList || myStatus && !(inList)): null

27-02-2025T17:35:37 - [TEST_STEP][PASSED] - myValue = element.getAttribute("value"): null

27-02-2025T17:35:37 - [TEST_STEP][PASSED] - if (debug): null

27-02-2025T17:35:37 - [TEST_STEP][PASSED] - if (myValue.length() >= 4): null

27-02-2025T17:35:37 - [TEST_STEP][PASSED] - if (myValue.substring(0, 4) == "(!) "): null

27-02-2025T17:35:37 - [TEST_STEP][PASSED] - myType = element.getAttribute("type"): null

27-02-2025T17:35:37 - [TEST_STEP][PASSED] - if (myValue in varParms[i]): null

27-02-2025T17:35:37 - [TEST_STEP][PASSED] - else: null

27-02-2025T17:35:37 - [TEST_STEP][PASSED] - inList = false: null

27-02-2025T17:35:37 - [TEST_STEP][PASSED] - if (myType == "checkbox"): null

27-02-2025T17:35:37 - [TEST_STEP][PASSED] - myStatus = element.isSelected(): null

27-02-2025T17:35:37 - [TEST_STEP][PASSED] - if (debug): null

27-02-2025T17:35:37 - [TEST_STEP][PASSED] - if (toggle && myStatus && inList): null

27-02-2025T17:35:37 - [TEST_STEP][PASSED] - if (!(myStatus) && inList || myStatus && !(inList)): null

27-02-2025T17:35:37 - [TEST_STEP][PASSED] - myValue = element.getAttribute("value"): null

27-02-2025T17:35:37 - [TEST_STEP][PASSED] - if (debug): null

27-02-2025T17:35:37 - [TEST_STEP][PASSED] - if (myValue.length() >= 4): null

27-02-2025T17:35:37 - [TEST_STEP][PASSED] - if (myValue.substring(0, 4) == "(!) "): null

27-02-2025T17:35:37 - [TEST_STEP][PASSED] - myType = element.getAttribute("type"): null

27-02-2025T17:35:37 - [TEST_STEP][PASSED] - if (myValue in varParms[i]): null

27-02-2025T17:35:37 - [TEST_STEP][PASSED] - else: null

27-02-2025T17:35:37 - [TEST_STEP][PASSED] - inList = false: null

27-02-2025T17:35:37 - [TEST_STEP][PASSED] - if (myType == "checkbox"): null

27-02-2025T17:35:37 - [TEST_STEP][PASSED] - myStatus = element.isSelected(): null

27-02-2025T17:35:37 - [TEST_STEP][PASSED] - if (debug): null

27-02-2025T17:35:37 - [TEST_STEP][PASSED] - if (toggle && myStatus && inList): null

27-02-2025T17:35:37 - [TEST_STEP][PASSED] - if (!(myStatus) && inList || myStatus && !(inList)): null

27-02-2025T17:35:37 - [TEST_STEP][PASSED] - myValue = element.getAttribute("value"): null

27-02-2025T17:35:37 - [TEST_STEP][PASSED] - if (debug): null

27-02-2025T17:35:37 - [TEST_STEP][PASSED] - if (myValue.length() >= 4): null

27-02-2025T17:35:37 - [TEST_STEP][PASSED] - if (myValue.substring(0, 4) == "(!) "): null

27-02-2025T17:35:37 - [TEST_STEP][PASSED] - myType = element.getAttribute("type"): null

27-02-2025T17:35:37 - [TEST_STEP][PASSED] - if (myValue in varParms[i]): null

27-02-2025T17:35:37 - [TEST_STEP][PASSED] - else: null

27-02-2025T17:35:37 - [TEST_STEP][PASSED] - inList = false: null

27-02-2025T17:35:37 - [TEST_STEP][PASSED] - if (myType == "checkbox"): null

27-02-2025T17:35:37 - [TEST_STEP][PASSED] - myStatus = element.isSelected(): null

27-02-2025T17:35:37 - [TEST_STEP][PASSED] - if (debug): null

27-02-2025T17:35:37 - [TEST_STEP][PASSED] - if (toggle && myStatus && inList): null

27-02-2025T17:35:37 - [TEST_STEP][PASSED] - if (!(myStatus) && inList || myStatus && !(inList)): null

27-02-2025T17:35:37 - [TEST_STEP][PASSED] - myValue = element.getAttribute("value"): null

27-02-2025T17:35:37 - [TEST_STEP][PASSED] - if (debug): null

27-02-2025T17:35:37 - [TEST_STEP][PASSED] - if (myValue.length() >= 4): null

27-02-2025T17:35:37 - [TEST_STEP][PASSED] - if (myValue.substring(0, 4) == "(!) "): null

27-02-2025T17:35:37 - [TEST_STEP][PASSED] - myType = element.getAttribute("type"): null

27-02-2025T17:35:37 - [TEST_STEP][PASSED] - if (myValue in varParms[i]): null

27-02-2025T17:35:37 - [TEST_STEP][PASSED] - else: null

27-02-2025T17:35:37 - [TEST_STEP][PASSED] - inList = false: null

27-02-2025T17:35:37 - [TEST_STEP][PASSED] - if (myType == "checkbox"): null

27-02-2025T17:35:37 - [TEST_STEP][PASSED] - myStatus = element.isSelected(): null

27-02-2025T17:35:37 - [TEST_STEP][PASSED] - if (debug): null

27-02-2025T17:35:37 - [TEST_STEP][PASSED] - if (toggle && myStatus && inList): null

27-02-2025T17:35:37 - [TEST_STEP][PASSED] - if (!(myStatus) && inList || myStatus && !(inList)): null

27-02-2025T17:35:37 - [TEST_STEP][PASSED] - myValue = element.getAttribute("value"): null

27-02-2025T17:35:37 - [TEST_STEP][PASSED] - if (debug): null

27-02-2025T17:35:37 - [TEST_STEP][PASSED] - if (myValue.length() >= 4): null

27-02-2025T17:35:37 - [TEST_STEP][PASSED] - if (myValue.substring(0, 4) == "(!) "): null

27-02-2025T17:35:37 - [TEST_STEP][PASSED] - myType = element.getAttribute("type"): null

27-02-2025T17:35:37 - [TEST_STEP][PASSED] - if (myValue in varParms[i]): null

27-02-2025T17:35:37 - [TEST_STEP][PASSED] - else: null

27-02-2025T17:35:37 - [TEST_STEP][PASSED] - inList = false: null

27-02-2025T17:35:37 - [TEST_STEP][PASSED] - if (myType == "checkbox"): null

27-02-2025T17:35:37 - [TEST_STEP][PASSED] - myStatus = element.isSelected(): null

27-02-2025T17:35:37 - [TEST_STEP][PASSED] - if (debug): null

27-02-2025T17:35:37 - [TEST_STEP][PASSED] - if (toggle && myStatus && inList): null

27-02-2025T17:35:37 - [TEST_STEP][PASSED] - if (!(myStatus) && inList || myStatus && !(inList)): null

27-02-2025T17:35:37 - [TEST_STEP][PASSED] - myValue = element.getAttribute("value"): null

27-02-2025T17:35:37 - [TEST_STEP][PASSED] - if (debug): null

27-02-2025T17:35:37 - [TEST_STEP][PASSED] - if (myValue.length() >= 4): null

27-02-2025T17:35:37 - [TEST_STEP][PASSED] - if (myValue.substring(0, 4) == "(!) "): null

27-02-2025T17:35:37 - [TEST_STEP][PASSED] - myType = element.getAttribute("type"): null

27-02-2025T17:35:37 - [TEST_STEP][PASSED] - if (myValue in varParms[i]): null

27-02-2025T17:35:37 - [TEST_STEP][PASSED] - else: null

27-02-2025T17:35:37 - [TEST_STEP][PASSED] - inList = false: null

27-02-2025T17:35:37 - [TEST_STEP][PASSED] - if (myType == "checkbox"): null

27-02-2025T17:35:37 - [TEST_STEP][PASSED] - myStatus = element.isSelected(): null

27-02-2025T17:35:37 - [TEST_STEP][PASSED] - if (debug): null

27-02-2025T17:35:37 - [TEST_STEP][PASSED] - if (toggle && myStatus && inList): null

27-02-2025T17:35:37 - [TEST_STEP][PASSED] - if (!(myStatus) && inList || myStatus && !(inList)): null

27-02-2025T17:35:37 - [TEST_STEP][PASSED] - myValue = element.getAttribute("value"): null

27-02-2025T17:35:37 - [TEST_STEP][PASSED] - if (debug): null

27-02-2025T17:35:37 - [TEST_STEP][PASSED] - if (myValue.length() >= 4): null

27-02-2025T17:35:37 - [TEST_STEP][PASSED] - if (myValue.substring(0, 4) == "(!) "): null

27-02-2025T17:35:37 - [TEST_STEP][PASSED] - myType = element.getAttribute("type"): null

27-02-2025T17:35:37 - [TEST_STEP][PASSED] - if (myValue in varParms[i]): null

27-02-2025T17:35:37 - [TEST_STEP][PASSED] - else: null

27-02-2025T17:35:37 - [TEST_STEP][PASSED] - inList = false: null

27-02-2025T17:35:37 - [TEST_STEP][PASSED] - if (myType == "checkbox"): null

27-02-2025T17:35:37 - [TEST_STEP][PASSED] - myStatus = element.isSelected(): null

27-02-2025T17:35:37 - [TEST_STEP][PASSED] - if (debug): null

27-02-2025T17:35:37 - [TEST_STEP][PASSED] - if (toggle && myStatus && inList): null

27-02-2025T17:35:37 - [TEST_STEP][PASSED] - if (!(myStatus) && inList || myStatus && !(inList)): null

27-02-2025T17:35:37 - [TEST_STEP][PASSED] - myValue = element.getAttribute("value"): null

27-02-2025T17:35:37 - [TEST_STEP][PASSED] - if (debug): null

27-02-2025T17:35:37 - [TEST_STEP][PASSED] - if (myValue.length() >= 4): null

27-02-2025T17:35:37 - [TEST_STEP][PASSED] - if (myValue.substring(0, 4) == "(!) "): null

27-02-2025T17:35:37 - [TEST_STEP][PASSED] - myType = element.getAttribute("type"): null

27-02-2025T17:35:37 - [TEST_STEP][PASSED] - if (myValue in varParms[i]): null

27-02-2025T17:35:37 - [TEST_STEP][PASSED] - else: null

27-02-2025T17:35:37 - [TEST_STEP][PASSED] - inList = false: null

27-02-2025T17:35:37 - [TEST_STEP][PASSED] - if (myType == "checkbox"): null

27-02-2025T17:35:37 - [TEST_STEP][PASSED] - myStatus = element.isSelected(): null

27-02-2025T17:35:37 - [TEST_STEP][PASSED] - if (debug): null

27-02-2025T17:35:37 - [TEST_STEP][PASSED] - if (toggle && myStatus && inList): null

27-02-2025T17:35:37 - [TEST_STEP][PASSED] - if (!(myStatus) && inList || myStatus && !(inList)): null

27-02-2025T17:35:37 - [TEST_STEP][PASSED] - myValue = element.getAttribute("value"): null

27-02-2025T17:35:37 - [TEST_STEP][PASSED] - if (debug): null

27-02-2025T17:35:37 - [TEST_STEP][PASSED] - if (myValue.length() >= 4): null

27-02-2025T17:35:37 - [TEST_STEP][PASSED] - if (myValue.substring(0, 4) == "(!) "): null

27-02-2025T17:35:37 - [TEST_STEP][PASSED] - myType = element.getAttribute("type"): null

27-02-2025T17:35:37 - [TEST_STEP][PASSED] - if (myValue in varParms[i]): null

27-02-2025T17:35:37 - [TEST_STEP][PASSED] - else: null

27-02-2025T17:35:37 - [TEST_STEP][PASSED] - inList = false: null

27-02-2025T17:35:37 - [TEST_STEP][PASSED] - if (myType == "checkbox"): null

27-02-2025T17:35:37 - [TEST_STEP][PASSED] - myStatus = element.isSelected(): null

27-02-2025T17:35:37 - [TEST_STEP][PASSED] - if (debug): null

27-02-2025T17:35:37 - [TEST_STEP][PASSED] - if (toggle && myStatus && inList): null

27-02-2025T17:35:37 - [TEST_STEP][PASSED] - if (!(myStatus) && inList || myStatus && !(inList)): null

27-02-2025T17:35:37 - [TEST_STEP][PASSED] - myValue = element.getAttribute("value"): null

27-02-2025T17:35:37 - [TEST_STEP][PASSED] - if (debug): null

27-02-2025T17:35:37 - [TEST_STEP][PASSED] - if (myValue.length() >= 4): null

27-02-2025T17:35:37 - [TEST_STEP][PASSED] - if (myValue.substring(0, 4) == "(!) "): null

27-02-2025T17:35:37 - [TEST_STEP][PASSED] - myType = element.getAttribute("type"): null

27-02-2025T17:35:37 - [TEST_STEP][PASSED] - if (myValue in varParms[i]): null

27-02-2025T17:35:37 - [TEST_STEP][PASSED] - else: null

27-02-2025T17:35:37 - [TEST_STEP][PASSED] - inList = false: null

27-02-2025T17:35:37 - [TEST_STEP][PASSED] - if (myType == "checkbox"): null

27-02-2025T17:35:37 - [TEST_STEP][PASSED] - myStatus = element.isSelected(): null

27-02-2025T17:35:37 - [TEST_STEP][PASSED] - if (debug): null

27-02-2025T17:35:37 - [TEST_STEP][PASSED] - if (toggle && myStatus && inList): null

27-02-2025T17:35:37 - [TEST_STEP][PASSED] - if (!(myStatus) && inList || myStatus && !(inList)): null

27-02-2025T17:35:37 - [TEST_STEP][PASSED] - myValue = element.getAttribute("value"): null

27-02-2025T17:35:37 - [TEST_STEP][PASSED] - if (debug): null

27-02-2025T17:35:37 - [TEST_STEP][PASSED] - if (myValue.length() >= 4): null

27-02-2025T17:35:37 - [TEST_STEP][PASSED] - if (myValue.substring(0, 4) == "(!) "): null

27-02-2025T17:35:37 - [TEST_STEP][PASSED] - myType = element.getAttribute("type"): null

27-02-2025T17:35:37 - [TEST_STEP][PASSED] - if (myValue in varParms[i]): null

27-02-2025T17:35:37 - [TEST_STEP][PASSED] - else: null

27-02-2025T17:35:37 - [TEST_STEP][PASSED] - inList = false: null

27-02-2025T17:35:37 - [TEST_STEP][PASSED] - if (myType == "checkbox"): null

27-02-2025T17:35:37 - [TEST_STEP][PASSED] - myStatus = element.isSelected(): null

27-02-2025T17:35:37 - [TEST_STEP][PASSED] - if (debug): null

27-02-2025T17:35:37 - [TEST_STEP][PASSED] - if (toggle && myStatus && inList): null

27-02-2025T17:35:37 - [TEST_STEP][PASSED] - if (!(myStatus) && inList || myStatus && !(inList)): null

27-02-2025T17:35:37 - [TEST_STEP][PASSED] - myValue = element.getAttribute("value"): null

27-02-2025T17:35:37 - [TEST_STEP][PASSED] - if (debug): null

27-02-2025T17:35:37 - [TEST_STEP][PASSED] - if (myValue.length() >= 4): null

27-02-2025T17:35:37 - [TEST_STEP][PASSED] - if (myValue.substring(0, 4) == "(!) "): null

27-02-2025T17:35:37 - [TEST_STEP][PASSED] - myType = element.getAttribute("type"): null

27-02-2025T17:35:37 - [TEST_STEP][PASSED] - if (myValue in varParms[i]): null

27-02-2025T17:35:37 - [TEST_STEP][PASSED] - else: null

27-02-2025T17:35:37 - [TEST_STEP][PASSED] - inList = false: null

27-02-2025T17:35:37 - [TEST_STEP][PASSED] - if (myType == "checkbox"): null

27-02-2025T17:35:37 - [TEST_STEP][PASSED] - myStatus = element.isSelected(): null

27-02-2025T17:35:37 - [TEST_STEP][PASSED] - if (debug): null

27-02-2025T17:35:37 - [TEST_STEP][PASSED] - if (toggle && myStatus && inList): null

27-02-2025T17:35:37 - [TEST_STEP][PASSED] - if (!(myStatus) && inList || myStatus && !(inList)): null

27-02-2025T17:35:37 - [TEST_STEP][PASSED] - myValue = element.getAttribute("value"): null

27-02-2025T17:35:37 - [TEST_STEP][PASSED] - if (debug): null

27-02-2025T17:35:37 - [TEST_STEP][PASSED] - if (myValue.length() >= 4): null

27-02-2025T17:35:37 - [TEST_STEP][PASSED] - if (myValue.substring(0, 4) == "(!) "): null

27-02-2025T17:35:37 - [TEST_STEP][PASSED] - myType = element.getAttribute("type"): null

27-02-2025T17:35:37 - [TEST_STEP][PASSED] - if (myValue in varParms[i]): null

27-02-2025T17:35:37 - [TEST_STEP][PASSED] - else: null

27-02-2025T17:35:37 - [TEST_STEP][PASSED] - inList = false: null

27-02-2025T17:35:37 - [TEST_STEP][PASSED] - if (myType == "checkbox"): null

27-02-2025T17:35:37 - [TEST_STEP][PASSED] - myStatus = element.isSelected(): null

27-02-2025T17:35:37 - [TEST_STEP][PASSED] - if (debug): null

27-02-2025T17:35:37 - [TEST_STEP][PASSED] - if (toggle && myStatus && inList): null

27-02-2025T17:35:37 - [TEST_STEP][PASSED] - if (!(myStatus) && inList || myStatus && !(inList)): null

27-02-2025T17:35:37 - [TEST_STEP][PASSED] - myValue = element.getAttribute("value"): null

27-02-2025T17:35:37 - [TEST_STEP][PASSED] - if (debug): null

27-02-2025T17:35:37 - [TEST_STEP][PASSED] - if (myValue.length() >= 4): null

27-02-2025T17:35:37 - [TEST_STEP][PASSED] - if (myValue.substring(0, 4) == "(!) "): null

27-02-2025T17:35:37 - [TEST_STEP][PASSED] - myType = element.getAttribute("type"): null

27-02-2025T17:35:37 - [TEST_STEP][PASSED] - if (myValue in varParms[i]): null

27-02-2025T17:35:37 - [TEST_STEP][PASSED] - else: null

27-02-2025T17:35:37 - [TEST_STEP][PASSED] - inList = false: null

27-02-2025T17:35:37 - [TEST_STEP][PASSED] - if (myType == "checkbox"): null

27-02-2025T17:35:37 - [TEST_STEP][PASSED] - myStatus = element.isSelected(): null

27-02-2025T17:35:37 - [TEST_STEP][PASSED] - if (debug): null

27-02-2025T17:35:37 - [TEST_STEP][PASSED] - if (toggle && myStatus && inList): null

27-02-2025T17:35:37 - [TEST_STEP][PASSED] - if (!(myStatus) && inList || myStatus && !(inList)): null

27-02-2025T17:35:37 - [TEST_STEP][PASSED] - myValue = element.getAttribute("value"): null

27-02-2025T17:35:37 - [TEST_STEP][PASSED] - if (debug): null

27-02-2025T17:35:37 - [TEST_STEP][PASSED] - if (myValue.length() >= 4): null

27-02-2025T17:35:37 - [TEST_STEP][PASSED] - if (myValue.substring(0, 4) == "(!) "): null

27-02-2025T17:35:37 - [TEST_STEP][PASSED] - myType = element.getAttribute("type"): null

27-02-2025T17:35:37 - [TEST_STEP][PASSED] - if (myValue in varParms[i]): null

27-02-2025T17:35:37 - [TEST_STEP][PASSED] - else: null

27-02-2025T17:35:37 - [TEST_STEP][PASSED] - inList = false: null

27-02-2025T17:35:37 - [TEST_STEP][PASSED] - if (myType == "checkbox"): null

27-02-2025T17:35:37 - [TEST_STEP][PASSED] - myStatus = element.isSelected(): null

27-02-2025T17:35:37 - [TEST_STEP][PASSED] - if (debug): null

27-02-2025T17:35:37 - [TEST_STEP][PASSED] - if (toggle && myStatus && inList): null

27-02-2025T17:35:37 - [TEST_STEP][PASSED] - if (!(myStatus) && inList || myStatus && !(inList)): null

27-02-2025T17:35:37 - [TEST_STEP][PASSED] - myValue = element.getAttribute("value"): null

27-02-2025T17:35:37 - [TEST_STEP][PASSED] - if (debug): null

27-02-2025T17:35:37 - [TEST_STEP][PASSED] - if (myValue.length() >= 4): null

27-02-2025T17:35:37 - [TEST_STEP][PASSED] - if (myValue.substring(0, 4) == "(!) "): null

27-02-2025T17:35:37 - [TEST_STEP][PASSED] - myType = element.getAttribute("type"): null

27-02-2025T17:35:37 - [TEST_STEP][PASSED] - if (myValue in varParms[i]): null

27-02-2025T17:35:37 - [TEST_STEP][PASSED] - else: null

27-02-2025T17:35:37 - [TEST_STEP][PASSED] - inList = false: null

27-02-2025T17:35:37 - [TEST_STEP][PASSED] - if (myType == "checkbox"): null

27-02-2025T17:35:37 - [TEST_STEP][PASSED] - myStatus = element.isSelected(): null

27-02-2025T17:35:37 - [TEST_STEP][PASSED] - if (debug): null

27-02-2025T17:35:37 - [TEST_STEP][PASSED] - if (toggle && myStatus && inList): null

27-02-2025T17:35:37 - [TEST_STEP][PASSED] - if (!(myStatus) && inList || myStatus && !(inList)): null

27-02-2025T17:35:37 - [TEST_STEP][PASSED] - myValue = element.getAttribute("value"): null

27-02-2025T17:35:37 - [TEST_STEP][PASSED] - if (debug): null

27-02-2025T17:35:37 - [TEST_STEP][PASSED] - if (myValue.length() >= 4): null

27-02-2025T17:35:37 - [TEST_STEP][PASSED] - if (myValue.substring(0, 4) == "(!) "): null

27-02-2025T17:35:37 - [TEST_STEP][PASSED] - myType = element.getAttribute("type"): null

27-02-2025T17:35:37 - [TEST_STEP][PASSED] - if (myValue in varParms[i]): null

27-02-2025T17:35:37 - [TEST_STEP][PASSED] - else: null

27-02-2025T17:35:37 - [TEST_STEP][PASSED] - inList = false: null

27-02-2025T17:35:37 - [TEST_STEP][PASSED] - if (myType == "checkbox"): null

27-02-2025T17:35:37 - [TEST_STEP][PASSED] - myStatus = element.isSelected(): null

27-02-2025T17:35:37 - [TEST_STEP][PASSED] - if (debug): null

27-02-2025T17:35:37 - [TEST_STEP][PASSED] - if (toggle && myStatus && inList): null

27-02-2025T17:35:37 - [TEST_STEP][PASSED] - if (!(myStatus) && inList || myStatus && !(inList)): null

27-02-2025T17:35:37 - [TEST_STEP][PASSED] - myValue = element.getAttribute("value"): null

27-02-2025T17:35:37 - [TEST_STEP][PASSED] - if (debug): null

27-02-2025T17:35:37 - [TEST_STEP][PASSED] - if (myValue.length() >= 4): null

27-02-2025T17:35:37 - [TEST_STEP][PASSED] - if (myValue.substring(0, 4) == "(!) "): null

27-02-2025T17:35:37 - [TEST_STEP][PASSED] - myType = element.getAttribute("type"): null

27-02-2025T17:35:37 - [TEST_STEP][PASSED] - if (myValue in varParms[i]): null

27-02-2025T17:35:37 - [TEST_STEP][PASSED] - else: null

27-02-2025T17:35:37 - [TEST_STEP][PASSED] - inList = false: null

27-02-2025T17:35:37 - [TEST_STEP][PASSED] - if (myType == "checkbox"): null

27-02-2025T17:35:37 - [TEST_STEP][PASSED] - myStatus = element.isSelected(): null

27-02-2025T17:35:37 - [TEST_STEP][PASSED] - if (debug): null

27-02-2025T17:35:37 - [TEST_STEP][PASSED] - if (toggle && myStatus && inList): null

27-02-2025T17:35:37 - [TEST_STEP][PASSED] - if (!(myStatus) && inList || myStatus && !(inList)): null

27-02-2025T17:35:37 - [TEST_STEP][PASSED] - myValue = element.getAttribute("value"): null

27-02-2025T17:35:37 - [TEST_STEP][PASSED] - if (debug): null

27-02-2025T17:35:37 - [TEST_STEP][PASSED] - if (myValue.length() >= 4): null

27-02-2025T17:35:37 - [TEST_STEP][PASSED] - if (myValue.substring(0, 4) == "(!) "): null

27-02-2025T17:35:37 - [TEST_STEP][PASSED] - myType = element.getAttribute("type"): null

27-02-2025T17:35:37 - [TEST_STEP][PASSED] - if (myValue in varParms[i]): null

27-02-2025T17:35:37 - [TEST_STEP][PASSED] - else: null

27-02-2025T17:35:37 - [TEST_STEP][PASSED] - inList = false: null

27-02-2025T17:35:37 - [TEST_STEP][PASSED] - if (myType == "checkbox"): null

27-02-2025T17:35:37 - [TEST_STEP][PASSED] - myStatus = element.isSelected(): null

27-02-2025T17:35:37 - [TEST_STEP][PASSED] - if (debug): null

27-02-2025T17:35:37 - [TEST_STEP][PASSED] - if (toggle && myStatus && inList): null

27-02-2025T17:35:37 - [TEST_STEP][PASSED] - if (!(myStatus) && inList || myStatus && !(inList)): null

27-02-2025T17:35:37 - [TEST_STEP][PASSED] - myValue = element.getAttribute("value"): null

27-02-2025T17:35:37 - [TEST_STEP][PASSED] - if (debug): null

27-02-2025T17:35:37 - [TEST_STEP][PASSED] - if (myValue.length() >= 4): null

27-02-2025T17:35:37 - [TEST_STEP][PASSED] - if (myValue.substring(0, 4) == "(!) "): null

27-02-2025T17:35:37 - [TEST_STEP][PASSED] - myType = element.getAttribute("type"): null

27-02-2025T17:35:37 - [TEST_STEP][PASSED] - if (myValue in varParms[i]): null

27-02-2025T17:35:37 - [TEST_STEP][PASSED] - else: null

27-02-2025T17:35:37 - [TEST_STEP][PASSED] - inList = false: null

27-02-2025T17:35:37 - [TEST_STEP][PASSED] - if (myType == "checkbox"): null

27-02-2025T17:35:37 - [TEST_STEP][PASSED] - myStatus = element.isSelected(): null

27-02-2025T17:35:37 - [TEST_STEP][PASSED] - if (debug): null

27-02-2025T17:35:37 - [TEST_STEP][PASSED] - if (toggle && myStatus && inList): null

27-02-2025T17:35:37 - [TEST_STEP][PASSED] - if (!(myStatus) && inList || myStatus && !(inList)): null

27-02-2025T17:35:37 - [TEST_STEP][PASSED] - myValue = element.getAttribute("value"): null

27-02-2025T17:35:37 - [TEST_STEP][PASSED] - if (debug): null

27-02-2025T17:35:37 - [TEST_STEP][PASSED] - if (myValue.length() >= 4): null

27-02-2025T17:35:37 - [TEST_STEP][PASSED] - if (myValue.substring(0, 4) == "(!) "): null

27-02-2025T17:35:37 - [TEST_STEP][PASSED] - myType = element.getAttribute("type"): null

27-02-2025T17:35:37 - [TEST_STEP][PASSED] - if (myValue in varParms[i]): null

27-02-2025T17:35:37 - [TEST_STEP][PASSED] - else: null

27-02-2025T17:35:37 - [TEST_STEP][PASSED] - inList = false: null

27-02-2025T17:35:37 - [TEST_STEP][PASSED] - if (myType == "checkbox"): null

27-02-2025T17:35:37 - [TEST_STEP][PASSED] - myStatus = element.isSelected(): null

27-02-2025T17:35:37 - [TEST_STEP][PASSED] - if (debug): null

27-02-2025T17:35:37 - [TEST_STEP][PASSED] - if (toggle && myStatus && inList): null

27-02-2025T17:35:37 - [TEST_STEP][PASSED] - if (!(myStatus) && inList || myStatus && !(inList)): null

27-02-2025T17:35:37 - [TEST_STEP][PASSED] - myValue = element.getAttribute("value"): null

27-02-2025T17:35:37 - [TEST_STEP][PASSED] - if (debug): null

27-02-2025T17:35:37 - [TEST_STEP][PASSED] - if (myValue.length() >= 4): null

27-02-2025T17:35:37 - [TEST_STEP][PASSED] - if (myValue.substring(0, 4) == "(!) "): null

27-02-2025T17:35:37 - [TEST_STEP][PASSED] - myType = element.getAttribute("type"): null

27-02-2025T17:35:37 - [TEST_STEP][PASSED] - if (myValue in varParms[i]): null

27-02-2025T17:35:37 - [TEST_STEP][PASSED] - else: null

27-02-2025T17:35:37 - [TEST_STEP][PASSED] - inList = false: null

27-02-2025T17:35:37 - [TEST_STEP][PASSED] - if (myType == "checkbox"): null

27-02-2025T17:35:37 - [TEST_STEP][PASSED] - myStatus = element.isSelected(): null

27-02-2025T17:35:37 - [TEST_STEP][PASSED] - if (debug): null

27-02-2025T17:35:37 - [TEST_STEP][PASSED] - if (toggle && myStatus && inList): null

27-02-2025T17:35:37 - [TEST_STEP][PASSED] - if (!(myStatus) && inList || myStatus && !(inList)): null

27-02-2025T17:35:37 - [TEST_STEP][PASSED] - myValue = element.getAttribute("value"): null

27-02-2025T17:35:37 - [TEST_STEP][PASSED] - if (debug): null

27-02-2025T17:35:37 - [TEST_STEP][PASSED] - if (myValue.length() >= 4): null

27-02-2025T17:35:37 - [TEST_STEP][PASSED] - if (myValue.substring(0, 4) == "(!) "): null

27-02-2025T17:35:37 - [TEST_STEP][PASSED] - myType = element.getAttribute("type"): null

27-02-2025T17:35:37 - [TEST_STEP][PASSED] - if (myValue in varParms[i]): null

27-02-2025T17:35:37 - [TEST_STEP][PASSED] - else: null

27-02-2025T17:35:37 - [TEST_STEP][PASSED] - inList = false: null

27-02-2025T17:35:37 - [TEST_STEP][PASSED] - if (myType == "checkbox"): null

27-02-2025T17:35:37 - [TEST_STEP][PASSED] - myStatus = element.isSelected(): null

27-02-2025T17:35:37 - [TEST_STEP][PASSED] - if (debug): null

27-02-2025T17:35:37 - [TEST_STEP][PASSED] - if (toggle && myStatus && inList): null

27-02-2025T17:35:37 - [TEST_STEP][PASSED] - if (!(myStatus) && inList || myStatus && !(inList)): null

27-02-2025T17:35:37 - [TEST_STEP][PASSED] - myValue = element.getAttribute("value"): null

27-02-2025T17:35:37 - [TEST_STEP][PASSED] - if (debug): null

27-02-2025T17:35:37 - [TEST_STEP][PASSED] - if (myValue.length() >= 4): null

27-02-2025T17:35:37 - [TEST_STEP][PASSED] - if (myValue.substring(0, 4) == "(!) "): null

27-02-2025T17:35:37 - [TEST_STEP][PASSED] - myType = element.getAttribute("type"): null

27-02-2025T17:35:37 - [TEST_STEP][PASSED] - if (myValue in varParms[i]): null

27-02-2025T17:35:37 - [TEST_STEP][PASSED] - else: null

27-02-2025T17:35:37 - [TEST_STEP][PASSED] - inList = false: null

27-02-2025T17:35:37 - [TEST_STEP][PASSED] - if (myType == "checkbox"): null

27-02-2025T17:35:37 - [TEST_STEP][PASSED] - myStatus = element.isSelected(): null

27-02-2025T17:35:37 - [TEST_STEP][PASSED] - if (debug): null

27-02-2025T17:35:37 - [TEST_STEP][PASSED] - if (toggle && myStatus && inList): null

27-02-2025T17:35:37 - [TEST_STEP][PASSED] - if (!(myStatus) && inList || myStatus && !(inList)): null

27-02-2025T17:35:37 - [TEST_STEP][PASSED] - myValue = element.getAttribute("value"): null

27-02-2025T17:35:37 - [TEST_STEP][PASSED] - if (debug): null

27-02-2025T17:35:37 - [TEST_STEP][PASSED] - if (myValue.length() >= 4): null

27-02-2025T17:35:37 - [TEST_STEP][PASSED] - if (myValue.substring(0, 4) == "(!) "): null

27-02-2025T17:35:37 - [TEST_STEP][PASSED] - myType = element.getAttribute("type"): null

27-02-2025T17:35:37 - [TEST_STEP][PASSED] - if (myValue in varParms[i]): null

27-02-2025T17:35:37 - [TEST_STEP][PASSED] - else: null

27-02-2025T17:35:37 - [TEST_STEP][PASSED] - inList = false: null

27-02-2025T17:35:37 - [TEST_STEP][PASSED] - if (myType == "checkbox"): null

27-02-2025T17:35:37 - [TEST_STEP][PASSED] - myStatus = element.isSelected(): null

27-02-2025T17:35:37 - [TEST_STEP][PASSED] - if (debug): null

27-02-2025T17:35:37 - [TEST_STEP][PASSED] - if (toggle && myStatus && inList): null

27-02-2025T17:35:37 - [TEST_STEP][PASSED] - if (!(myStatus) && inList || myStatus && !(inList)): null

27-02-2025T17:35:37 - [TEST_STEP][PASSED] - myValue = element.getAttribute("value"): null

27-02-2025T17:35:37 - [TEST_STEP][PASSED] - if (debug): null

27-02-2025T17:35:37 - [TEST_STEP][PASSED] - if (myValue.length() >= 4): null

27-02-2025T17:35:37 - [TEST_STEP][PASSED] - if (myValue.substring(0, 4) == "(!) "): null

27-02-2025T17:35:37 - [TEST_STEP][PASSED] - myType = element.getAttribute("type"): null

27-02-2025T17:35:37 - [TEST_STEP][PASSED] - if (myValue in varParms[i]): null

27-02-2025T17:35:37 - [TEST_STEP][PASSED] - else: null

27-02-2025T17:35:37 - [TEST_STEP][PASSED] - inList = false: null

27-02-2025T17:35:37 - [TEST_STEP][PASSED] - if (myType == "checkbox"): null

27-02-2025T17:35:37 - [TEST_STEP][PASSED] - myStatus = element.isSelected(): null

27-02-2025T17:35:37 - [TEST_STEP][PASSED] - if (debug): null

27-02-2025T17:35:37 - [TEST_STEP][PASSED] - if (toggle && myStatus && inList): null

27-02-2025T17:35:37 - [TEST_STEP][PASSED] - if (!(myStatus) && inList || myStatus && !(inList)): null

27-02-2025T17:35:37 - [TEST_STEP][PASSED] - myValue = element.getAttribute("value"): null

27-02-2025T17:35:37 - [TEST_STEP][PASSED] - if (debug): null

27-02-2025T17:35:37 - [TEST_STEP][PASSED] - if (myValue.length() >= 4): null

27-02-2025T17:35:37 - [TEST_STEP][PASSED] - if (myValue.substring(0, 4) == "(!) "): null

27-02-2025T17:35:37 - [TEST_STEP][PASSED] - myType = element.getAttribute("type"): null

27-02-2025T17:35:37 - [TEST_STEP][PASSED] - if (myValue in varParms[i]): null

27-02-2025T17:35:37 - [TEST_STEP][PASSED] - else: null

27-02-2025T17:35:37 - [TEST_STEP][PASSED] - inList = false: null

27-02-2025T17:35:37 - [TEST_STEP][PASSED] - if (myType == "checkbox"): null

27-02-2025T17:35:37 - [TEST_STEP][PASSED] - myStatus = element.isSelected(): null

27-02-2025T17:35:37 - [TEST_STEP][PASSED] - if (debug): null

27-02-2025T17:35:37 - [TEST_STEP][PASSED] - if (toggle && myStatus && inList): null

27-02-2025T17:35:37 - [TEST_STEP][PASSED] - if (!(myStatus) && inList || myStatus && !(inList)): null

27-02-2025T17:35:37 - [TEST_STEP][PASSED] - myValue = element.getAttribute("value"): null

27-02-2025T17:35:37 - [TEST_STEP][PASSED] - if (debug): null

27-02-2025T17:35:37 - [TEST_STEP][PASSED] - if (myValue.length() >= 4): null

27-02-2025T17:35:37 - [TEST_STEP][PASSED] - if (myValue.substring(0, 4) == "(!) "): null

27-02-2025T17:35:37 - [TEST_STEP][PASSED] - myType = element.getAttribute("type"): null

27-02-2025T17:35:37 - [TEST_STEP][PASSED] - if (myValue in varParms[i]): null

27-02-2025T17:35:37 - [TEST_STEP][PASSED] - else: null

27-02-2025T17:35:37 - [TEST_STEP][PASSED] - inList = false: null

27-02-2025T17:35:37 - [TEST_STEP][PASSED] - if (myType == "checkbox"): null

27-02-2025T17:35:37 - [TEST_STEP][PASSED] - myStatus = element.isSelected(): null

27-02-2025T17:35:37 - [TEST_STEP][PASSED] - if (debug): null

27-02-2025T17:35:37 - [TEST_STEP][PASSED] - if (toggle && myStatus && inList): null

27-02-2025T17:35:37 - [TEST_STEP][PASSED] - if (!(myStatus) && inList || myStatus && !(inList)): null

27-02-2025T17:35:37 - [TEST_STEP][PASSED] - myValue = element.getAttribute("value"): null

27-02-2025T17:35:37 - [TEST_STEP][PASSED] - if (debug): null

27-02-2025T17:35:37 - [TEST_STEP][PASSED] - if (myValue.length() >= 4): null

27-02-2025T17:35:37 - [TEST_STEP][PASSED] - if (myValue.substring(0, 4) == "(!) "): null

27-02-2025T17:35:37 - [TEST_STEP][PASSED] - myType = element.getAttribute("type"): null

27-02-2025T17:35:37 - [TEST_STEP][PASSED] - if (myValue in varParms[i]): null

27-02-2025T17:35:37 - [TEST_STEP][PASSED] - else: null

27-02-2025T17:35:37 - [TEST_STEP][PASSED] - inList = false: null

27-02-2025T17:35:37 - [TEST_STEP][PASSED] - if (myType == "checkbox"): null

27-02-2025T17:35:37 - [TEST_STEP][PASSED] - myStatus = element.isSelected(): null

27-02-2025T17:35:37 - [TEST_STEP][PASSED] - if (debug): null

27-02-2025T17:35:37 - [TEST_STEP][PASSED] - if (toggle && myStatus && inList): null

27-02-2025T17:35:37 - [TEST_STEP][PASSED] - if (!(myStatus) && inList || myStatus && !(inList)): null

27-02-2025T17:35:37 - [TEST_STEP][PASSED] - myValue = element.getAttribute("value"): null

27-02-2025T17:35:37 - [TEST_STEP][PASSED] - if (debug): null

27-02-2025T17:35:37 - [TEST_STEP][PASSED] - if (myValue.length() >= 4): null

27-02-2025T17:35:37 - [TEST_STEP][PASSED] - if (myValue.substring(0, 4) == "(!) "): null

27-02-2025T17:35:37 - [TEST_STEP][PASSED] - myType = element.getAttribute("type"): null

27-02-2025T17:35:37 - [TEST_STEP][PASSED] - if (myValue in varParms[i]): null

27-02-2025T17:35:37 - [TEST_STEP][PASSED] - else: null

27-02-2025T17:35:37 - [TEST_STEP][PASSED] - inList = false: null

27-02-2025T17:35:37 - [TEST_STEP][PASSED] - if (myType == "checkbox"): null

27-02-2025T17:35:37 - [TEST_STEP][PASSED] - myStatus = element.isSelected(): null

27-02-2025T17:35:37 - [TEST_STEP][PASSED] - if (debug): null

27-02-2025T17:35:37 - [TEST_STEP][PASSED] - if (toggle && myStatus && inList): null

27-02-2025T17:35:37 - [TEST_STEP][PASSED] - if (!(myStatus) && inList || myStatus && !(inList)): null

27-02-2025T17:35:37 - [TEST_STEP][PASSED] - myValue = element.getAttribute("value"): null

27-02-2025T17:35:37 - [TEST_STEP][PASSED] - if (debug): null

27-02-2025T17:35:37 - [TEST_STEP][PASSED] - if (myValue.length() >= 4): null

27-02-2025T17:35:37 - [TEST_STEP][PASSED] - if (myValue.substring(0, 4) == "(!) "): null

27-02-2025T17:35:37 - [TEST_STEP][PASSED] - myType = element.getAttribute("type"): null

27-02-2025T17:35:37 - [TEST_STEP][PASSED] - if (myValue in varParms[i]): null

27-02-2025T17:35:37 - [TEST_STEP][PASSED] - else: null

27-02-2025T17:35:37 - [TEST_STEP][PASSED] - inList = false: null

27-02-2025T17:35:37 - [TEST_STEP][PASSED] - if (myType == "checkbox"): null

27-02-2025T17:35:37 - [TEST_STEP][PASSED] - myStatus = element.isSelected(): null

27-02-2025T17:35:37 - [TEST_STEP][PASSED] - if (debug): null

27-02-2025T17:35:37 - [TEST_STEP][PASSED] - if (toggle && myStatus && inList): null

27-02-2025T17:35:37 - [TEST_STEP][PASSED] - if (!(myStatus) && inList || myStatus && !(inList)): null

27-02-2025T17:35:37 - [TEST_STEP][PASSED] - myValue = element.getAttribute("value"): null

27-02-2025T17:35:37 - [TEST_STEP][PASSED] - if (debug): null

27-02-2025T17:35:37 - [TEST_STEP][PASSED] - if (myValue.length() >= 4): null

27-02-2025T17:35:37 - [TEST_STEP][PASSED] - if (myValue.substring(0, 4) == "(!) "): null

27-02-2025T17:35:37 - [TEST_STEP][PASSED] - myType = element.getAttribute("type"): null

27-02-2025T17:35:37 - [TEST_STEP][PASSED] - if (myValue in varParms[i]): null

27-02-2025T17:35:37 - [TEST_STEP][PASSED] - else: null

27-02-2025T17:35:37 - [TEST_STEP][PASSED] - inList = false: null

27-02-2025T17:35:37 - [TEST_STEP][PASSED] - if (myType == "checkbox"): null

27-02-2025T17:35:37 - [TEST_STEP][PASSED] - myStatus = element.isSelected(): null

27-02-2025T17:35:37 - [TEST_STEP][PASSED] - if (debug): null

27-02-2025T17:35:37 - [TEST_STEP][PASSED] - if (toggle && myStatus && inList): null

27-02-2025T17:35:37 - [TEST_STEP][PASSED] - if (!(myStatus) && inList || myStatus && !(inList)): null

27-02-2025T17:35:37 - [TEST_STEP][PASSED] - myValue = element.getAttribute("value"): null

27-02-2025T17:35:37 - [TEST_STEP][PASSED] - if (debug): null

27-02-2025T17:35:37 - [TEST_STEP][PASSED] - if (myValue.length() >= 4): null

27-02-2025T17:35:37 - [TEST_STEP][PASSED] - if (myValue.substring(0, 4) == "(!) "): null

27-02-2025T17:35:37 - [TEST_STEP][PASSED] - myType = element.getAttribute("type"): null

27-02-2025T17:35:37 - [TEST_STEP][PASSED] - if (myValue in varParms[i]): null

27-02-2025T17:35:37 - [TEST_STEP][PASSED] - else: null

27-02-2025T17:35:37 - [TEST_STEP][PASSED] - inList = false: null

27-02-2025T17:35:37 - [TEST_STEP][PASSED] - if (myType == "checkbox"): null

27-02-2025T17:35:37 - [TEST_STEP][PASSED] - myStatus = element.isSelected(): null

27-02-2025T17:35:37 - [TEST_STEP][PASSED] - if (debug): null

27-02-2025T17:35:37 - [TEST_STEP][PASSED] - if (toggle && myStatus && inList): null

27-02-2025T17:35:37 - [TEST_STEP][PASSED] - if (!(myStatus) && inList || myStatus && !(inList)): null

27-02-2025T17:35:37 - [TEST_STEP][PASSED] - myValue = element.getAttribute("value"): null

27-02-2025T17:35:37 - [TEST_STEP][PASSED] - if (debug): null

27-02-2025T17:35:37 - [TEST_STEP][PASSED] - if (myValue.length() >= 4): null

27-02-2025T17:35:37 - [TEST_STEP][PASSED] - if (myValue.substring(0, 4) == "(!) "): null

27-02-2025T17:35:37 - [TEST_STEP][PASSED] - myType = element.getAttribute("type"): null

27-02-2025T17:35:37 - [TEST_STEP][PASSED] - if (myValue in varParms[i]): null

27-02-2025T17:35:37 - [TEST_STEP][PASSED] - else: null

27-02-2025T17:35:37 - [TEST_STEP][PASSED] - inList = false: null

27-02-2025T17:35:37 - [TEST_STEP][PASSED] - if (myType == "checkbox"): null

27-02-2025T17:35:37 - [TEST_STEP][PASSED] - myStatus = element.isSelected(): null

27-02-2025T17:35:37 - [TEST_STEP][PASSED] - if (debug): null

27-02-2025T17:35:37 - [TEST_STEP][PASSED] - if (toggle && myStatus && inList): null

27-02-2025T17:35:37 - [TEST_STEP][PASSED] - if (!(myStatus) && inList || myStatus && !(inList)): null

27-02-2025T17:35:37 - [TEST_STEP][PASSED] - myValue = element.getAttribute("value"): null

27-02-2025T17:35:37 - [TEST_STEP][PASSED] - if (debug): null

27-02-2025T17:35:37 - [TEST_STEP][PASSED] - if (myValue.length() >= 4): null

27-02-2025T17:35:37 - [TEST_STEP][PASSED] - if (myValue.substring(0, 4) == "(!) "): null

27-02-2025T17:35:37 - [TEST_STEP][PASSED] - myType = element.getAttribute("type"): null

27-02-2025T17:35:37 - [TEST_STEP][PASSED] - if (myValue in varParms[i]): null

27-02-2025T17:35:37 - [TEST_STEP][PASSED] - else: null

27-02-2025T17:35:37 - [TEST_STEP][PASSED] - inList = false: null

27-02-2025T17:35:37 - [TEST_STEP][PASSED] - if (myType == "checkbox"): null

27-02-2025T17:35:37 - [TEST_STEP][PASSED] - myStatus = element.isSelected(): null

27-02-2025T17:35:37 - [TEST_STEP][PASSED] - if (debug): null

27-02-2025T17:35:37 - [TEST_STEP][PASSED] - if (toggle && myStatus && inList): null

27-02-2025T17:35:37 - [TEST_STEP][PASSED] - if (!(myStatus) && inList || myStatus && !(inList)): null

27-02-2025T17:35:37 - [TEST_STEP][PASSED] - myValue = element.getAttribute("value"): null

27-02-2025T17:35:37 - [TEST_STEP][PASSED] - if (debug): null

27-02-2025T17:35:37 - [TEST_STEP][PASSED] - if (myValue.length() >= 4): null

27-02-2025T17:35:37 - [TEST_STEP][PASSED] - if (myValue.substring(0, 4) == "(!) "): null

27-02-2025T17:35:37 - [TEST_STEP][PASSED] - myType = element.getAttribute("type"): null

27-02-2025T17:35:37 - [TEST_STEP][PASSED] - if (myValue in varParms[i]): null

27-02-2025T17:35:37 - [TEST_STEP][PASSED] - else: null

27-02-2025T17:35:37 - [TEST_STEP][PASSED] - inList = false: null

27-02-2025T17:35:37 - [TEST_STEP][PASSED] - if (myType == "checkbox"): null

27-02-2025T17:35:37 - [TEST_STEP][PASSED] - myStatus = element.isSelected(): null

27-02-2025T17:35:37 - [TEST_STEP][PASSED] - if (debug): null

27-02-2025T17:35:37 - [TEST_STEP][PASSED] - if (toggle && myStatus && inList): null

27-02-2025T17:35:37 - [TEST_STEP][PASSED] - if (!(myStatus) && inList || myStatus && !(inList)): null

27-02-2025T17:35:37 - [TEST_STEP][PASSED] - myValue = element.getAttribute("value"): null

27-02-2025T17:35:37 - [TEST_STEP][PASSED] - if (debug): null

27-02-2025T17:35:37 - [TEST_STEP][PASSED] - if (myValue.length() >= 4): null

27-02-2025T17:35:37 - [TEST_STEP][PASSED] - if (myValue.substring(0, 4) == "(!) "): null

27-02-2025T17:35:37 - [TEST_STEP][PASSED] - myType = element.getAttribute("type"): null

27-02-2025T17:35:37 - [TEST_STEP][PASSED] - if (myValue in varParms[i]): null

27-02-2025T17:35:37 - [TEST_STEP][PASSED] - else: null

27-02-2025T17:35:37 - [TEST_STEP][PASSED] - inList = false: null

27-02-2025T17:35:37 - [TEST_STEP][PASSED] - if (myType == "checkbox"): null

27-02-2025T17:35:37 - [TEST_STEP][PASSED] - myStatus = element.isSelected(): null

27-02-2025T17:35:37 - [TEST_STEP][PASSED] - if (debug): null

27-02-2025T17:35:37 - [TEST_STEP][PASSED] - if (toggle && myStatus && inList): null

27-02-2025T17:35:37 - [TEST_STEP][PASSED] - if (!(myStatus) && inList || myStatus && !(inList)): null

27-02-2025T17:35:37 - [TEST_STEP][PASSED] - myValue = element.getAttribute("value"): null

27-02-2025T17:35:37 - [TEST_STEP][PASSED] - if (debug): null

27-02-2025T17:35:37 - [TEST_STEP][PASSED] - if (myValue.length() >= 4): null

27-02-2025T17:35:37 - [TEST_STEP][PASSED] - if (myValue.substring(0, 4) == "(!) "): null

27-02-2025T17:35:37 - [TEST_STEP][PASSED] - myType = element.getAttribute("type"): null

27-02-2025T17:35:37 - [TEST_STEP][PASSED] - if (myValue in varParms[i]): null

27-02-2025T17:35:37 - [TEST_STEP][PASSED] - else: null

27-02-2025T17:35:37 - [TEST_STEP][PASSED] - inList = false: null

27-02-2025T17:35:37 - [TEST_STEP][PASSED] - if (myType == "checkbox"): null

27-02-2025T17:35:37 - [TEST_STEP][PASSED] - myStatus = element.isSelected(): null

27-02-2025T17:35:37 - [TEST_STEP][PASSED] - if (debug): null

27-02-2025T17:35:37 - [TEST_STEP][PASSED] - if (toggle && myStatus && inList): null

27-02-2025T17:35:37 - [TEST_STEP][PASSED] - if (!(myStatus) && inList || myStatus && !(inList)): null

27-02-2025T17:35:37 - [TEST_STEP][PASSED] - myValue = element.getAttribute("value"): null

27-02-2025T17:35:37 - [TEST_STEP][PASSED] - if (debug): null

27-02-2025T17:35:37 - [TEST_STEP][PASSED] - if (myValue.length() >= 4): null

27-02-2025T17:35:37 - [TEST_STEP][PASSED] - if (myValue.substring(0, 4) == "(!) "): null

27-02-2025T17:35:37 - [TEST_STEP][PASSED] - myType = element.getAttribute("type"): null

27-02-2025T17:35:37 - [TEST_STEP][PASSED] - if (myValue in varParms[i]): null

27-02-2025T17:35:37 - [TEST_STEP][PASSED] - else: null

27-02-2025T17:35:37 - [TEST_STEP][PASSED] - inList = false: null

27-02-2025T17:35:37 - [TEST_STEP][PASSED] - if (myType == "checkbox"): null

27-02-2025T17:35:37 - [TEST_STEP][PASSED] - myStatus = element.isSelected(): null

27-02-2025T17:35:37 - [TEST_STEP][PASSED] - if (debug): null

27-02-2025T17:35:37 - [TEST_STEP][PASSED] - if (toggle && myStatus && inList): null

27-02-2025T17:35:37 - [TEST_STEP][PASSED] - if (!(myStatus) && inList || myStatus && !(inList)): null

27-02-2025T17:35:37 - [TEST_STEP][PASSED] - myValue = element.getAttribute("value"): null

27-02-2025T17:35:37 - [TEST_STEP][PASSED] - if (debug): null

27-02-2025T17:35:37 - [TEST_STEP][PASSED] - if (myValue.length() >= 4): null

27-02-2025T17:35:37 - [TEST_STEP][PASSED] - if (myValue.substring(0, 4) == "(!) "): null

27-02-2025T17:35:37 - [TEST_STEP][PASSED] - myType = element.getAttribute("type"): null

27-02-2025T17:35:37 - [TEST_STEP][PASSED] - if (myValue in varParms[i]): null

27-02-2025T17:35:37 - [TEST_STEP][PASSED] - else: null

27-02-2025T17:35:37 - [TEST_STEP][PASSED] - inList = false: null

27-02-2025T17:35:37 - [TEST_STEP][PASSED] - if (myType == "checkbox"): null

27-02-2025T17:35:37 - [TEST_STEP][PASSED] - myStatus = element.isSelected(): null

27-02-2025T17:35:37 - [TEST_STEP][PASSED] - if (debug): null

27-02-2025T17:35:37 - [TEST_STEP][PASSED] - if (toggle && myStatus && inList): null

27-02-2025T17:35:37 - [TEST_STEP][PASSED] - if (!(myStatus) && inList || myStatus && !(inList)): null

27-02-2025T17:35:37 - [TEST_STEP][PASSED] - myValue = element.getAttribute("value"): null

27-02-2025T17:35:37 - [TEST_STEP][PASSED] - if (debug): null

27-02-2025T17:35:37 - [TEST_STEP][PASSED] - if (myValue.length() >= 4): null

27-02-2025T17:35:37 - [TEST_STEP][PASSED] - if (myValue.substring(0, 4) == "(!) "): null

27-02-2025T17:35:37 - [TEST_STEP][PASSED] - myType = element.getAttribute("type"): null

27-02-2025T17:35:37 - [TEST_STEP][PASSED] - if (myValue in varParms[i]): null

27-02-2025T17:35:37 - [TEST_STEP][PASSED] - else: null

27-02-2025T17:35:37 - [TEST_STEP][PASSED] - inList = false: null

27-02-2025T17:35:37 - [TEST_STEP][PASSED] - if (myType == "checkbox"): null

27-02-2025T17:35:37 - [TEST_STEP][PASSED] - myStatus = element.isSelected(): null

27-02-2025T17:35:37 - [TEST_STEP][PASSED] - if (debug): null

27-02-2025T17:35:37 - [TEST_STEP][PASSED] - if (toggle && myStatus && inList): null

27-02-2025T17:35:37 - [TEST_STEP][PASSED] - if (!(myStatus) && inList || myStatus && !(inList)): null

27-02-2025T17:35:37 - [TEST_STEP][PASSED] - myValue = element.getAttribute("value"): null

27-02-2025T17:35:37 - [TEST_STEP][PASSED] - if (debug): null

27-02-2025T17:35:37 - [TEST_STEP][PASSED] - if (myValue.length() >= 4): null

27-02-2025T17:35:37 - [TEST_STEP][PASSED] - if (myValue.substring(0, 4) == "(!) "): null

27-02-2025T17:35:37 - [TEST_STEP][PASSED] - myType = element.getAttribute("type"): null

27-02-2025T17:35:37 - [TEST_STEP][PASSED] - if (myValue in varParms[i]): null

27-02-2025T17:35:37 - [TEST_STEP][PASSED] - else: null

27-02-2025T17:35:37 - [TEST_STEP][PASSED] - inList = false: null

27-02-2025T17:35:37 - [TEST_STEP][PASSED] - if (myType == "checkbox"): null

27-02-2025T17:35:37 - [TEST_STEP][PASSED] - myStatus = element.isSelected(): null

27-02-2025T17:35:37 - [TEST_STEP][PASSED] - if (debug): null

27-02-2025T17:35:37 - [TEST_STEP][PASSED] - if (toggle && myStatus && inList): null

27-02-2025T17:35:37 - [TEST_STEP][PASSED] - if (!(myStatus) && inList || myStatus && !(inList)): null

27-02-2025T17:35:37 - [TEST_STEP][PASSED] - myValue = element.getAttribute("value"): null

27-02-2025T17:35:37 - [TEST_STEP][PASSED] - if (debug): null

27-02-2025T17:35:37 - [TEST_STEP][PASSED] - if (myValue.length() >= 4): null

27-02-2025T17:35:37 - [TEST_STEP][PASSED] - if (myValue.substring(0, 4) == "(!) "): null

27-02-2025T17:35:37 - [TEST_STEP][PASSED] - myType = element.getAttribute("type"): null

27-02-2025T17:35:37 - [TEST_STEP][PASSED] - if (myValue in varParms[i]): null

27-02-2025T17:35:37 - [TEST_STEP][PASSED] - else: null

27-02-2025T17:35:37 - [TEST_STEP][PASSED] - inList = false: null

27-02-2025T17:35:37 - [TEST_STEP][PASSED] - if (myType == "checkbox"): null

27-02-2025T17:35:37 - [TEST_STEP][PASSED] - myStatus = element.isSelected(): null

27-02-2025T17:35:37 - [TEST_STEP][PASSED] - if (debug): null

27-02-2025T17:35:37 - [TEST_STEP][PASSED] - if (toggle && myStatus && inList): null

27-02-2025T17:35:37 - [TEST_STEP][PASSED] - if (!(myStatus) && inList || myStatus && !(inList)): null

27-02-2025T17:35:37 - [TEST_STEP][PASSED] - myValue = element.getAttribute("value"): null

27-02-2025T17:35:37 - [TEST_STEP][PASSED] - if (debug): null

27-02-2025T17:35:37 - [TEST_STEP][PASSED] - if (myValue.length() >= 4): null

27-02-2025T17:35:37 - [TEST_STEP][PASSED] - if (myValue.substring(0, 4) == "(!) "): null

27-02-2025T17:35:37 - [TEST_STEP][PASSED] - myType = element.getAttribute("type"): null

27-02-2025T17:35:37 - [TEST_STEP][PASSED] - if (myValue in varParms[i]): null

27-02-2025T17:35:37 - [TEST_STEP][PASSED] - else: null

27-02-2025T17:35:37 - [TEST_STEP][PASSED] - inList = false: null

27-02-2025T17:35:37 - [TEST_STEP][PASSED] - if (myType == "checkbox"): null

27-02-2025T17:35:37 - [TEST_STEP][PASSED] - myStatus = element.isSelected(): null

27-02-2025T17:35:37 - [TEST_STEP][PASSED] - if (debug): null

27-02-2025T17:35:37 - [TEST_STEP][PASSED] - if (toggle && myStatus && inList): null

27-02-2025T17:35:37 - [TEST_STEP][PASSED] - if (!(myStatus) && inList || myStatus && !(inList)): null

27-02-2025T17:35:37 - [TEST_STEP][PASSED] - myValue = element.getAttribute("value"): null

27-02-2025T17:35:37 - [TEST_STEP][PASSED] - if (debug): null

27-02-2025T17:35:37 - [TEST_STEP][PASSED] - if (myValue.length() >= 4): null

27-02-2025T17:35:37 - [TEST_STEP][PASSED] - if (myValue.substring(0, 4) == "(!) "): null

27-02-2025T17:35:37 - [TEST_STEP][PASSED] - myType = element.getAttribute("type"): null

27-02-2025T17:35:37 - [TEST_STEP][PASSED] - if (myValue in varParms[i]): null

27-02-2025T17:35:37 - [TEST_STEP][PASSED] - else: null

27-02-2025T17:35:37 - [TEST_STEP][PASSED] - inList = false: null

27-02-2025T17:35:37 - [TEST_STEP][PASSED] - if (myType == "checkbox"): null

27-02-2025T17:35:37 - [TEST_STEP][PASSED] - myStatus = element.isSelected(): null

27-02-2025T17:35:37 - [TEST_STEP][PASSED] - if (debug): null

27-02-2025T17:35:37 - [TEST_STEP][PASSED] - if (toggle && myStatus && inList): null

27-02-2025T17:35:37 - [TEST_STEP][PASSED] - if (!(myStatus) && inList || myStatus && !(inList)): null

27-02-2025T17:35:37 - [TEST_STEP][PASSED] - myValue = element.getAttribute("value"): null

27-02-2025T17:35:37 - [TEST_STEP][PASSED] - if (debug): null

27-02-2025T17:35:37 - [TEST_STEP][PASSED] - if (myValue.length() >= 4): null

27-02-2025T17:35:37 - [TEST_STEP][PASSED] - if (myValue.substring(0, 4) == "(!) "): null

27-02-2025T17:35:37 - [TEST_STEP][PASSED] - myType = element.getAttribute("type"): null

27-02-2025T17:35:37 - [TEST_STEP][PASSED] - if (myValue in varParms[i]): null

27-02-2025T17:35:37 - [TEST_STEP][PASSED] - else: null

27-02-2025T17:35:37 - [TEST_STEP][PASSED] - inList = false: null

27-02-2025T17:35:37 - [TEST_STEP][PASSED] - if (myType == "checkbox"): null

27-02-2025T17:35:37 - [TEST_STEP][PASSED] - myStatus = element.isSelected(): null

27-02-2025T17:35:37 - [TEST_STEP][PASSED] - if (debug): null

27-02-2025T17:35:37 - [TEST_STEP][PASSED] - if (toggle && myStatus && inList): null

27-02-2025T17:35:37 - [TEST_STEP][PASSED] - if (!(myStatus) && inList || myStatus && !(inList)): null

27-02-2025T17:35:37 - [TEST_STEP][PASSED] - myValue = element.getAttribute("value"): null

27-02-2025T17:35:37 - [TEST_STEP][PASSED] - if (debug): null

27-02-2025T17:35:37 - [TEST_STEP][PASSED] - if (myValue.length() >= 4): null

27-02-2025T17:35:37 - [TEST_STEP][PASSED] - if (myValue.substring(0, 4) == "(!) "): null

27-02-2025T17:35:37 - [TEST_STEP][PASSED] - myType = element.getAttribute("type"): null

27-02-2025T17:35:37 - [TEST_STEP][PASSED] - if (myValue in varParms[i]): null

27-02-2025T17:35:37 - [TEST_STEP][PASSED] - else: null

27-02-2025T17:35:37 - [TEST_STEP][PASSED] - inList = false: null

27-02-2025T17:35:37 - [TEST_STEP][PASSED] - if (myType == "checkbox"): null

27-02-2025T17:35:37 - [TEST_STEP][PASSED] - myStatus = element.isSelected(): null

27-02-2025T17:35:37 - [TEST_STEP][PASSED] - if (debug): null

27-02-2025T17:35:37 - [TEST_STEP][PASSED] - if (toggle && myStatus && inList): null

27-02-2025T17:35:37 - [TEST_STEP][PASSED] - if (!(myStatus) && inList || myStatus && !(inList)): null

27-02-2025T17:35:37 - [TEST_STEP][PASSED] - myValue = element.getAttribute("value"): null

27-02-2025T17:35:37 - [TEST_STEP][PASSED] - if (debug): null

27-02-2025T17:35:37 - [TEST_STEP][PASSED] - if (myValue.length() >= 4): null

27-02-2025T17:35:37 - [TEST_STEP][PASSED] - if (myValue.substring(0, 4) == "(!) "): null

27-02-2025T17:35:37 - [TEST_STEP][PASSED] - myType = element.getAttribute("type"): null

27-02-2025T17:35:37 - [TEST_STEP][PASSED] - if (myValue in varParms[i]): null

27-02-2025T17:35:37 - [TEST_STEP][PASSED] - else: null

27-02-2025T17:35:37 - [TEST_STEP][PASSED] - inList = false: null

27-02-2025T17:35:37 - [TEST_STEP][PASSED] - if (myType == "checkbox"): null

27-02-2025T17:35:37 - [TEST_STEP][PASSED] - myStatus = element.isSelected(): null

27-02-2025T17:35:37 - [TEST_STEP][PASSED] - if (debug): null

27-02-2025T17:35:37 - [TEST_STEP][PASSED] - if (toggle && myStatus && inList): null

27-02-2025T17:35:37 - [TEST_STEP][PASSED] - if (!(myStatus) && inList || myStatus && !(inList)): null

27-02-2025T17:35:37 - [TEST_STEP][PASSED] - myValue = element.getAttribute("value"): null

27-02-2025T17:35:37 - [TEST_STEP][PASSED] - if (debug): null

27-02-2025T17:35:37 - [TEST_STEP][PASSED] - if (myValue.length() >= 4): null

27-02-2025T17:35:37 - [TEST_STEP][PASSED] - if (myValue.substring(0, 4) == "(!) "): null

27-02-2025T17:35:37 - [TEST_STEP][PASSED] - myType = element.getAttribute("type"): null

27-02-2025T17:35:37 - [TEST_STEP][PASSED] - if (myValue in varParms[i]): null

27-02-2025T17:35:37 - [TEST_STEP][PASSED] - else: null

27-02-2025T17:35:37 - [TEST_STEP][PASSED] - inList = false: null

27-02-2025T17:35:37 - [TEST_STEP][PASSED] - if (myType == "checkbox"): null

27-02-2025T17:35:37 - [TEST_STEP][PASSED] - myStatus = element.isSelected(): null

27-02-2025T17:35:37 - [TEST_STEP][PASSED] - if (debug): null

27-02-2025T17:35:37 - [TEST_STEP][PASSED] - if (toggle && myStatus && inList): null

27-02-2025T17:35:37 - [TEST_STEP][PASSED] - if (!(myStatus) && inList || myStatus && !(inList)): null

27-02-2025T17:35:37 - [TEST_STEP][PASSED] - myValue = element.getAttribute("value"): null

27-02-2025T17:35:37 - [TEST_STEP][PASSED] - if (debug): null

27-02-2025T17:35:37 - [TEST_STEP][PASSED] - if (myValue.length() >= 4): null

27-02-2025T17:35:37 - [TEST_STEP][PASSED] - if (myValue.substring(0, 4) == "(!) "): null

27-02-2025T17:35:37 - [TEST_STEP][PASSED] - myType = element.getAttribute("type"): null

27-02-2025T17:35:37 - [TEST_STEP][PASSED] - if (myValue in varParms[i]): null

27-02-2025T17:35:37 - [TEST_STEP][PASSED] - else: null

27-02-2025T17:35:37 - [TEST_STEP][PASSED] - inList = false: null

27-02-2025T17:35:37 - [TEST_STEP][PASSED] - if (myType == "checkbox"): null

27-02-2025T17:35:37 - [TEST_STEP][PASSED] - myStatus = element.isSelected(): null

27-02-2025T17:35:37 - [TEST_STEP][PASSED] - if (debug): null

27-02-2025T17:35:37 - [TEST_STEP][PASSED] - if (toggle && myStatus && inList): null

27-02-2025T17:35:37 - [TEST_STEP][PASSED] - if (!(myStatus) && inList || myStatus && !(inList)): null

27-02-2025T17:35:37 - [TEST_STEP][PASSED] - myValue = element.getAttribute("value"): null

27-02-2025T17:35:37 - [TEST_STEP][PASSED] - if (debug): null

27-02-2025T17:35:37 - [TEST_STEP][PASSED] - if (myValue.length() >= 4): null

27-02-2025T17:35:37 - [TEST_STEP][PASSED] - if (myValue.substring(0, 4) == "(!) "): null

27-02-2025T17:35:37 - [TEST_STEP][PASSED] - myType = element.getAttribute("type"): null

27-02-2025T17:35:37 - [TEST_STEP][PASSED] - if (myValue in varParms[i]): null

27-02-2025T17:35:37 - [TEST_STEP][PASSED] - else: null

27-02-2025T17:35:37 - [TEST_STEP][PASSED] - inList = false: null

27-02-2025T17:35:37 - [TEST_STEP][PASSED] - if (myType == "checkbox"): null

27-02-2025T17:35:37 - [TEST_STEP][PASSED] - myStatus = element.isSelected(): null

27-02-2025T17:35:37 - [TEST_STEP][PASSED] - if (debug): null

27-02-2025T17:35:37 - [TEST_STEP][PASSED] - if (toggle && myStatus && inList): null

27-02-2025T17:35:37 - [TEST_STEP][PASSED] - if (!(myStatus) && inList || myStatus && !(inList)): null

27-02-2025T17:35:37 - [TEST_STEP][PASSED] - myValue = element.getAttribute("value"): null

27-02-2025T17:35:37 - [TEST_STEP][PASSED] - if (debug): null

27-02-2025T17:35:37 - [TEST_STEP][PASSED] - if (myValue.length() >= 4): null

27-02-2025T17:35:37 - [TEST_STEP][PASSED] - if (myValue.substring(0, 4) == "(!) "): null

27-02-2025T17:35:37 - [TEST_STEP][PASSED] - myType = element.getAttribute("type"): null

27-02-2025T17:35:37 - [TEST_STEP][PASSED] - if (myValue in varParms[i]): null

27-02-2025T17:35:37 - [TEST_STEP][PASSED] - else: null

27-02-2025T17:35:37 - [TEST_STEP][PASSED] - inList = false: null

27-02-2025T17:35:37 - [TEST_STEP][PASSED] - if (myType == "checkbox"): null

27-02-2025T17:35:37 - [TEST_STEP][PASSED] - myStatus = element.isSelected(): null

27-02-2025T17:35:37 - [TEST_STEP][PASSED] - if (debug): null

27-02-2025T17:35:37 - [TEST_STEP][PASSED] - if (toggle && myStatus && inList): null

27-02-2025T17:35:37 - [TEST_STEP][PASSED] - if (!(myStatus) && inList || myStatus && !(inList)): null

27-02-2025T17:35:37 - [TEST_STEP][PASSED] - myValue = element.getAttribute("value"): null

27-02-2025T17:35:37 - [TEST_STEP][PASSED] - if (debug): null

27-02-2025T17:35:37 - [TEST_STEP][PASSED] - if (myValue.length() >= 4): null

27-02-2025T17:35:37 - [TEST_STEP][PASSED] - if (myValue.substring(0, 4) == "(!) "): null

27-02-2025T17:35:37 - [TEST_STEP][PASSED] - myType = element.getAttribute("type"): null

27-02-2025T17:35:37 - [TEST_STEP][PASSED] - if (myValue in varParms[i]): null

27-02-2025T17:35:37 - [TEST_STEP][PASSED] - else: null

27-02-2025T17:35:37 - [TEST_STEP][PASSED] - inList = false: null

27-02-2025T17:35:37 - [TEST_STEP][PASSED] - if (myType == "checkbox"): null

27-02-2025T17:35:37 - [TEST_STEP][PASSED] - myStatus = element.isSelected(): null

27-02-2025T17:35:37 - [TEST_STEP][PASSED] - if (debug): null

27-02-2025T17:35:37 - [TEST_STEP][PASSED] - if (toggle && myStatus && inList): null

27-02-2025T17:35:37 - [TEST_STEP][PASSED] - if (!(myStatus) && inList || myStatus && !(inList)): null

27-02-2025T17:35:37 - [TEST_STEP][PASSED] - myValue = element.getAttribute("value"): null

27-02-2025T17:35:37 - [TEST_STEP][PASSED] - if (debug): null

27-02-2025T17:35:37 - [TEST_STEP][PASSED] - if (myValue.length() >= 4): null

27-02-2025T17:35:37 - [TEST_STEP][PASSED] - if (myValue.substring(0, 4) == "(!) "): null

27-02-2025T17:35:37 - [TEST_STEP][PASSED] - myType = element.getAttribute("type"): null

27-02-2025T17:35:37 - [TEST_STEP][PASSED] - if (myValue in varParms[i]): null

27-02-2025T17:35:37 - [TEST_STEP][PASSED] - else: null

27-02-2025T17:35:37 - [TEST_STEP][PASSED] - inList = false: null

27-02-2025T17:35:37 - [TEST_STEP][PASSED] - if (myType == "checkbox"): null

27-02-2025T17:35:37 - [TEST_STEP][PASSED] - myStatus = element.isSelected(): null

27-02-2025T17:35:37 - [TEST_STEP][PASSED] - if (debug): null

27-02-2025T17:35:37 - [TEST_STEP][PASSED] - if (toggle && myStatus && inList): null

27-02-2025T17:35:37 - [TEST_STEP][PASSED] - if (!(myStatus) && inList || myStatus && !(inList)): null

27-02-2025T17:35:37 - [TEST_STEP][PASSED] - myValue = element.getAttribute("value"): null

27-02-2025T17:35:37 - [TEST_STEP][PASSED] - if (debug): null

27-02-2025T17:35:37 - [TEST_STEP][PASSED] - if (myValue.length() >= 4): null

27-02-2025T17:35:37 - [TEST_STEP][PASSED] - if (myValue.substring(0, 4) == "(!) "): null

27-02-2025T17:35:37 - [TEST_STEP][PASSED] - myType = element.getAttribute("type"): null

27-02-2025T17:35:37 - [TEST_STEP][PASSED] - if (myValue in varParms[i]): null

27-02-2025T17:35:37 - [TEST_STEP][PASSED] - else: null

27-02-2025T17:35:37 - [TEST_STEP][PASSED] - inList = false: null

27-02-2025T17:35:37 - [TEST_STEP][PASSED] - if (myType == "checkbox"): null

27-02-2025T17:35:37 - [TEST_STEP][PASSED] - myStatus = element.isSelected(): null

27-02-2025T17:35:37 - [TEST_STEP][PASSED] - if (debug): null

27-02-2025T17:35:37 - [TEST_STEP][PASSED] - if (toggle && myStatus && inList): null

27-02-2025T17:35:37 - [TEST_STEP][PASSED] - if (!(myStatus) && inList || myStatus && !(inList)): null

27-02-2025T17:35:37 - [TEST_STEP][PASSED] - myValue = element.getAttribute("value"): null

27-02-2025T17:35:37 - [TEST_STEP][PASSED] - if (debug): null

27-02-2025T17:35:37 - [TEST_STEP][PASSED] - if (myValue.length() >= 4): null

27-02-2025T17:35:37 - [TEST_STEP][PASSED] - if (myValue.substring(0, 4) == "(!) "): null

27-02-2025T17:35:37 - [TEST_STEP][PASSED] - myType = element.getAttribute("type"): null

27-02-2025T17:35:38 - [TEST_STEP][PASSED] - if (myValue in varParms[i]): null

27-02-2025T17:35:38 - [TEST_STEP][PASSED] - else: null

27-02-2025T17:35:38 - [TEST_STEP][PASSED] - inList = false: null

27-02-2025T17:35:38 - [TEST_STEP][PASSED] - if (myType == "checkbox"): null

27-02-2025T17:35:38 - [TEST_STEP][PASSED] - myStatus = element.isSelected(): null

27-02-2025T17:35:38 - [TEST_STEP][PASSED] - if (debug): null

27-02-2025T17:35:38 - [TEST_STEP][PASSED] - if (toggle && myStatus && inList): null

27-02-2025T17:35:38 - [TEST_STEP][PASSED] - if (!(myStatus) && inList || myStatus && !(inList)): null

27-02-2025T17:35:38 - [TEST_STEP][PASSED] - myValue = element.getAttribute("value"): null

27-02-2025T17:35:38 - [TEST_STEP][PASSED] - if (debug): null

27-02-2025T17:35:38 - [TEST_STEP][PASSED] - if (myValue.length() >= 4): null

27-02-2025T17:35:38 - [TEST_STEP][PASSED] - if (myValue.substring(0, 4) == "(!) "): null

27-02-2025T17:35:38 - [TEST_STEP][PASSED] - myType = element.getAttribute("type"): null

27-02-2025T17:35:38 - [TEST_STEP][PASSED] - if (myValue in varParms[i]): null

27-02-2025T17:35:38 - [TEST_STEP][PASSED] - else: null

27-02-2025T17:35:38 - [TEST_STEP][PASSED] - inList = false: null

27-02-2025T17:35:38 - [TEST_STEP][PASSED] - if (myType == "checkbox"): null

27-02-2025T17:35:38 - [TEST_STEP][PASSED] - myStatus = element.isSelected(): null

27-02-2025T17:35:38 - [TEST_STEP][PASSED] - if (debug): null

27-02-2025T17:35:38 - [TEST_STEP][PASSED] - if (toggle && myStatus && inList): null

27-02-2025T17:35:38 - [TEST_STEP][PASSED] - if (!(myStatus) && inList || myStatus && !(inList)): null

27-02-2025T17:35:38 - [TEST_STEP][PASSED] - myValue = element.getAttribute("value"): null

27-02-2025T17:35:38 - [TEST_STEP][PASSED] - if (debug): null

27-02-2025T17:35:38 - [TEST_STEP][PASSED] - if (myValue.length() >= 4): null

27-02-2025T17:35:38 - [TEST_STEP][PASSED] - if (myValue.substring(0, 4) == "(!) "): null

27-02-2025T17:35:38 - [TEST_STEP][PASSED] - myType = element.getAttribute("type"): null

27-02-2025T17:35:38 - [TEST_STEP][PASSED] - if (myValue in varParms[i]): null

27-02-2025T17:35:38 - [TEST_STEP][PASSED] - else: null

27-02-2025T17:35:38 - [TEST_STEP][PASSED] - inList = false: null

27-02-2025T17:35:38 - [TEST_STEP][PASSED] - if (myType == "checkbox"): null

27-02-2025T17:35:38 - [TEST_STEP][PASSED] - myStatus = element.isSelected(): null

27-02-2025T17:35:38 - [TEST_STEP][PASSED] - if (debug): null

27-02-2025T17:35:38 - [TEST_STEP][PASSED] - if (toggle && myStatus && inList): null

27-02-2025T17:35:38 - [TEST_STEP][PASSED] - if (!(myStatus) && inList || myStatus && !(inList)): null

27-02-2025T17:35:38 - [TEST_STEP][PASSED] - myValue = element.getAttribute("value"): null

27-02-2025T17:35:38 - [TEST_STEP][PASSED] - if (debug): null

27-02-2025T17:35:38 - [TEST_STEP][PASSED] - if (myValue.length() >= 4): null

27-02-2025T17:35:38 - [TEST_STEP][PASSED] - if (myValue.substring(0, 4) == "(!) "): null

27-02-2025T17:35:38 - [TEST_STEP][PASSED] - myType = element.getAttribute("type"): null

27-02-2025T17:35:38 - [TEST_STEP][PASSED] - if (myValue in varParms[i]): null

27-02-2025T17:35:38 - [TEST_STEP][PASSED] - else: null

27-02-2025T17:35:38 - [TEST_STEP][PASSED] - inList = false: null

27-02-2025T17:35:38 - [TEST_STEP][PASSED] - if (myType == "checkbox"): null

27-02-2025T17:35:38 - [TEST_STEP][PASSED] - myStatus = element.isSelected(): null

27-02-2025T17:35:38 - [TEST_STEP][PASSED] - if (debug): null

27-02-2025T17:35:38 - [TEST_STEP][PASSED] - if (toggle && myStatus && inList): null

27-02-2025T17:35:38 - [TEST_STEP][PASSED] - if (!(myStatus) && inList || myStatus && !(inList)): null

27-02-2025T17:35:38 - [TEST_STEP][PASSED] - myValue = element.getAttribute("value"): null

27-02-2025T17:35:38 - [TEST_STEP][PASSED] - if (debug): null

27-02-2025T17:35:38 - [TEST_STEP][PASSED] - if (myValue.length() >= 4): null

27-02-2025T17:35:38 - [TEST_STEP][PASSED] - if (myValue.substring(0, 4) == "(!) "): null

27-02-2025T17:35:38 - [TEST_STEP][PASSED] - myType = element.getAttribute("type"): null

27-02-2025T17:35:38 - [TEST_STEP][PASSED] - if (myValue in varParms[i]): null

27-02-2025T17:35:38 - [TEST_STEP][PASSED] - else: null

27-02-2025T17:35:38 - [TEST_STEP][PASSED] - inList = false: null

27-02-2025T17:35:38 - [TEST_STEP][PASSED] - if (myType == "checkbox"): null

27-02-2025T17:35:38 - [TEST_STEP][PASSED] - myStatus = element.isSelected(): null

27-02-2025T17:35:38 - [TEST_STEP][PASSED] - if (debug): null

27-02-2025T17:35:38 - [TEST_STEP][PASSED] - if (toggle && myStatus && inList): null

27-02-2025T17:35:38 - [TEST_STEP][PASSED] - if (!(myStatus) && inList || myStatus && !(inList)): null

27-02-2025T17:35:38 - [TEST_STEP][PASSED] - myValue = element.getAttribute("value"): null

27-02-2025T17:35:38 - [TEST_STEP][PASSED] - if (debug): null

27-02-2025T17:35:38 - [TEST_STEP][PASSED] - if (myValue.length() >= 4): null

27-02-2025T17:35:38 - [TEST_STEP][PASSED] - if (myValue.substring(0, 4) == "(!) "): null

27-02-2025T17:35:38 - [TEST_STEP][PASSED] - myType = element.getAttribute("type"): null

27-02-2025T17:35:38 - [TEST_STEP][PASSED] - if (myValue in varParms[i]): null

27-02-2025T17:35:38 - [TEST_STEP][PASSED] - else: null

27-02-2025T17:35:38 - [TEST_STEP][PASSED] - inList = false: null

27-02-2025T17:35:38 - [TEST_STEP][PASSED] - if (myType == "checkbox"): null

27-02-2025T17:35:38 - [TEST_STEP][PASSED] - myStatus = element.isSelected(): null

27-02-2025T17:35:38 - [TEST_STEP][PASSED] - if (debug): null

27-02-2025T17:35:38 - [TEST_STEP][PASSED] - if (toggle && myStatus && inList): null

27-02-2025T17:35:38 - [TEST_STEP][PASSED] - if (!(myStatus) && inList || myStatus && !(inList)): null

27-02-2025T17:35:38 - [TEST_STEP][PASSED] - myValue = element.getAttribute("value"): null

27-02-2025T17:35:38 - [TEST_STEP][PASSED] - if (debug): null

27-02-2025T17:35:38 - [TEST_STEP][PASSED] - if (myValue.length() >= 4): null

27-02-2025T17:35:38 - [TEST_STEP][PASSED] - if (myValue.substring(0, 4) == "(!) "): null

27-02-2025T17:35:38 - [TEST_STEP][PASSED] - myType = element.getAttribute("type"): null

27-02-2025T17:35:38 - [TEST_STEP][PASSED] - if (myValue in varParms[i]): null

27-02-2025T17:35:38 - [TEST_STEP][PASSED] - else: null

27-02-2025T17:35:38 - [TEST_STEP][PASSED] - inList = false: null

27-02-2025T17:35:38 - [TEST_STEP][PASSED] - if (myType == "checkbox"): null

27-02-2025T17:35:38 - [TEST_STEP][PASSED] - myStatus = element.isSelected(): null

27-02-2025T17:35:38 - [TEST_STEP][PASSED] - if (debug): null

27-02-2025T17:35:38 - [TEST_STEP][PASSED] - if (toggle && myStatus && inList): null

27-02-2025T17:35:38 - [TEST_STEP][PASSED] - if (!(myStatus) && inList || myStatus && !(inList)): null

27-02-2025T17:35:38 - [TEST_STEP][PASSED] - myValue = element.getAttribute("value"): null

27-02-2025T17:35:38 - [TEST_STEP][PASSED] - if (debug): null

27-02-2025T17:35:38 - [TEST_STEP][PASSED] - if (myValue.length() >= 4): null

27-02-2025T17:35:38 - [TEST_STEP][PASSED] - if (myValue.substring(0, 4) == "(!) "): null

27-02-2025T17:35:38 - [TEST_STEP][PASSED] - myType = element.getAttribute("type"): null

27-02-2025T17:35:38 - [TEST_STEP][PASSED] - if (myValue in varParms[i]): null

27-02-2025T17:35:38 - [TEST_STEP][PASSED] - else: null

27-02-2025T17:35:38 - [TEST_STEP][PASSED] - inList = false: null

27-02-2025T17:35:38 - [TEST_STEP][PASSED] - if (myType == "checkbox"): null

27-02-2025T17:35:38 - [TEST_STEP][PASSED] - myStatus = element.isSelected(): null

27-02-2025T17:35:38 - [TEST_STEP][PASSED] - if (debug): null

27-02-2025T17:35:38 - [TEST_STEP][PASSED] - if (toggle && myStatus && inList): null

27-02-2025T17:35:38 - [TEST_STEP][PASSED] - if (!(myStatus) && inList || myStatus && !(inList)): null

27-02-2025T17:35:38 - [TEST_STEP][PASSED] - myValue = element.getAttribute("value"): null

27-02-2025T17:35:38 - [TEST_STEP][PASSED] - if (debug): null

27-02-2025T17:35:38 - [TEST_STEP][PASSED] - if (myValue.length() >= 4): null

27-02-2025T17:35:38 - [TEST_STEP][PASSED] - if (myValue.substring(0, 4) == "(!) "): null

27-02-2025T17:35:38 - [TEST_STEP][PASSED] - myType = element.getAttribute("type"): null

27-02-2025T17:35:38 - [TEST_STEP][PASSED] - if (myValue in varParms[i]): null

27-02-2025T17:35:38 - [TEST_STEP][PASSED] - else: null

27-02-2025T17:35:38 - [TEST_STEP][PASSED] - inList = false: null

27-02-2025T17:35:38 - [TEST_STEP][PASSED] - if (myType == "checkbox"): null

27-02-2025T17:35:38 - [TEST_STEP][PASSED] - myStatus = element.isSelected(): null

27-02-2025T17:35:38 - [TEST_STEP][PASSED] - if (debug): null

27-02-2025T17:35:38 - [TEST_STEP][PASSED] - if (toggle && myStatus && inList): null

27-02-2025T17:35:38 - [TEST_STEP][PASSED] - if (!(myStatus) && inList || myStatus && !(inList)): null

27-02-2025T17:35:38 - [TEST_STEP][PASSED] - myValue = element.getAttribute("value"): null

27-02-2025T17:35:38 - [TEST_STEP][PASSED] - if (debug): null

27-02-2025T17:35:38 - [TEST_STEP][PASSED] - if (myValue.length() >= 4): null

27-02-2025T17:35:38 - [TEST_STEP][PASSED] - if (myValue.substring(0, 4) == "(!) "): null

27-02-2025T17:35:38 - [TEST_STEP][PASSED] - myType = element.getAttribute("type"): null

27-02-2025T17:35:38 - [TEST_STEP][PASSED] - if (myValue in varParms[i]): null

27-02-2025T17:35:38 - [TEST_STEP][PASSED] - else: null

27-02-2025T17:35:38 - [TEST_STEP][PASSED] - inList = false: null

27-02-2025T17:35:38 - [TEST_STEP][PASSED] - if (myType == "checkbox"): null

27-02-2025T17:35:38 - [TEST_STEP][PASSED] - myStatus = element.isSelected(): null

27-02-2025T17:35:38 - [TEST_STEP][PASSED] - if (debug): null

27-02-2025T17:35:38 - [TEST_STEP][PASSED] - if (toggle && myStatus && inList): null

27-02-2025T17:35:38 - [TEST_STEP][PASSED] - if (!(myStatus) && inList || myStatus && !(inList)): null

27-02-2025T17:35:38 - [TEST_STEP][PASSED] - myValue = element.getAttribute("value"): null

27-02-2025T17:35:38 - [TEST_STEP][PASSED] - if (debug): null

27-02-2025T17:35:38 - [TEST_STEP][PASSED] - if (myValue.length() >= 4): null

27-02-2025T17:35:38 - [TEST_STEP][PASSED] - if (myValue.substring(0, 4) == "(!) "): null

27-02-2025T17:35:38 - [TEST_STEP][PASSED] - myType = element.getAttribute("type"): null

27-02-2025T17:35:38 - [TEST_STEP][PASSED] - if (myValue in varParms[i]): null

27-02-2025T17:35:38 - [TEST_STEP][PASSED] - else: null

27-02-2025T17:35:38 - [TEST_STEP][PASSED] - inList = false: null

27-02-2025T17:35:38 - [TEST_STEP][PASSED] - if (myType == "checkbox"): null

27-02-2025T17:35:38 - [TEST_STEP][PASSED] - myStatus = element.isSelected(): null

27-02-2025T17:35:38 - [TEST_STEP][PASSED] - if (debug): null

27-02-2025T17:35:38 - [TEST_STEP][PASSED] - if (toggle && myStatus && inList): null

27-02-2025T17:35:38 - [TEST_STEP][PASSED] - if (!(myStatus) && inList || myStatus && !(inList)): null

27-02-2025T17:35:38 - [TEST_STEP][PASSED] - myValue = element.getAttribute("value"): null

27-02-2025T17:35:38 - [TEST_STEP][PASSED] - if (debug): null

27-02-2025T17:35:38 - [TEST_STEP][PASSED] - if (myValue.length() >= 4): null

27-02-2025T17:35:38 - [TEST_STEP][PASSED] - if (myValue.substring(0, 4) == "(!) "): null

27-02-2025T17:35:38 - [TEST_STEP][PASSED] - myType = element.getAttribute("type"): null

27-02-2025T17:35:38 - [TEST_STEP][PASSED] - if (myValue in varParms[i]): null

27-02-2025T17:35:38 - [TEST_STEP][PASSED] - else: null

27-02-2025T17:35:38 - [TEST_STEP][PASSED] - inList = false: null

27-02-2025T17:35:38 - [TEST_STEP][PASSED] - if (myType == "checkbox"): null

27-02-2025T17:35:38 - [TEST_STEP][PASSED] - myStatus = element.isSelected(): null

27-02-2025T17:35:38 - [TEST_STEP][PASSED] - if (debug): null

27-02-2025T17:35:38 - [TEST_STEP][PASSED] - if (toggle && myStatus && inList): null

27-02-2025T17:35:38 - [TEST_STEP][PASSED] - if (!(myStatus) && inList || myStatus && !(inList)): null

27-02-2025T17:35:38 - [TEST_STEP][PASSED] - myValue = element.getAttribute("value"): null

27-02-2025T17:35:38 - [TEST_STEP][PASSED] - if (debug): null

27-02-2025T17:35:38 - [TEST_STEP][PASSED] - if (myValue.length() >= 4): null

27-02-2025T17:35:38 - [TEST_STEP][PASSED] - if (myValue.substring(0, 4) == "(!) "): null

27-02-2025T17:35:38 - [TEST_STEP][PASSED] - myType = element.getAttribute("type"): null

27-02-2025T17:35:38 - [TEST_STEP][PASSED] - if (myValue in varParms[i]): null

27-02-2025T17:35:38 - [TEST_STEP][PASSED] - else: null

27-02-2025T17:35:38 - [TEST_STEP][PASSED] - inList = false: null

27-02-2025T17:35:38 - [TEST_STEP][PASSED] - if (myType == "checkbox"): null

27-02-2025T17:35:38 - [TEST_STEP][PASSED] - myStatus = element.isSelected(): null

27-02-2025T17:35:38 - [TEST_STEP][PASSED] - if (debug): null

27-02-2025T17:35:38 - [TEST_STEP][PASSED] - if (toggle && myStatus && inList): null

27-02-2025T17:35:38 - [TEST_STEP][PASSED] - if (!(myStatus) && inList || myStatus && !(inList)): null

27-02-2025T17:35:38 - [TEST_STEP][PASSED] - myValue = element.getAttribute("value"): null

27-02-2025T17:35:38 - [TEST_STEP][PASSED] - if (debug): null

27-02-2025T17:35:38 - [TEST_STEP][PASSED] - if (myValue.length() >= 4): null

27-02-2025T17:35:38 - [TEST_STEP][PASSED] - if (myValue.substring(0, 4) == "(!) "): null

27-02-2025T17:35:38 - [TEST_STEP][PASSED] - myType = element.getAttribute("type"): null

27-02-2025T17:35:38 - [TEST_STEP][PASSED] - if (myValue in varParms[i]): null

27-02-2025T17:35:38 - [TEST_STEP][PASSED] - else: null

27-02-2025T17:35:38 - [TEST_STEP][PASSED] - inList = false: null

27-02-2025T17:35:38 - [TEST_STEP][PASSED] - if (myType == "checkbox"): null

27-02-2025T17:35:38 - [TEST_STEP][PASSED] - myStatus = element.isSelected(): null

27-02-2025T17:35:38 - [TEST_STEP][PASSED] - if (debug): null

27-02-2025T17:35:38 - [TEST_STEP][PASSED] - if (toggle && myStatus && inList): null

27-02-2025T17:35:38 - [TEST_STEP][PASSED] - if (!(myStatus) && inList || myStatus && !(inList)): null

27-02-2025T17:35:38 - [TEST_STEP][PASSED] - myValue = element.getAttribute("value"): null

27-02-2025T17:35:38 - [TEST_STEP][PASSED] - if (debug): null

27-02-2025T17:35:38 - [TEST_STEP][PASSED] - if (myValue.length() >= 4): null

27-02-2025T17:35:38 - [TEST_STEP][PASSED] - if (myValue.substring(0, 4) == "(!) "): null

27-02-2025T17:35:38 - [TEST_STEP][PASSED] - myType = element.getAttribute("type"): null

27-02-2025T17:35:38 - [TEST_STEP][PASSED] - if (myValue in varParms[i]): null

27-02-2025T17:35:38 - [TEST_STEP][PASSED] - else: null

27-02-2025T17:35:38 - [TEST_STEP][PASSED] - inList = false: null

27-02-2025T17:35:38 - [TEST_STEP][PASSED] - if (myType == "checkbox"): null

27-02-2025T17:35:38 - [TEST_STEP][PASSED] - myStatus = element.isSelected(): null

27-02-2025T17:35:38 - [TEST_STEP][PASSED] - if (debug): null

27-02-2025T17:35:38 - [TEST_STEP][PASSED] - if (toggle && myStatus && inList): null

27-02-2025T17:35:38 - [TEST_STEP][PASSED] - if (!(myStatus) && inList || myStatus && !(inList)): null

27-02-2025T17:35:38 - [TEST_STEP][PASSED] - myValue = element.getAttribute("value"): null

27-02-2025T17:35:38 - [TEST_STEP][PASSED] - if (debug): null

27-02-2025T17:35:38 - [TEST_STEP][PASSED] - if (myValue.length() >= 4): null

27-02-2025T17:35:38 - [TEST_STEP][PASSED] - if (myValue.substring(0, 4) == "(!) "): null

27-02-2025T17:35:38 - [TEST_STEP][PASSED] - myType = element.getAttribute("type"): null

27-02-2025T17:35:38 - [TEST_STEP][PASSED] - if (myValue in varParms[i]): null

27-02-2025T17:35:38 - [TEST_STEP][PASSED] - else: null

27-02-2025T17:35:38 - [TEST_STEP][PASSED] - inList = false: null

27-02-2025T17:35:38 - [TEST_STEP][PASSED] - if (myType == "checkbox"): null

27-02-2025T17:35:38 - [TEST_STEP][PASSED] - myStatus = element.isSelected(): null

27-02-2025T17:35:38 - [TEST_STEP][PASSED] - if (debug): null

27-02-2025T17:35:38 - [TEST_STEP][PASSED] - if (toggle && myStatus && inList): null

27-02-2025T17:35:38 - [TEST_STEP][PASSED] - if (!(myStatus) && inList || myStatus && !(inList)): null

27-02-2025T17:35:38 - [TEST_STEP][PASSED] - myValue = element.getAttribute("value"): null

27-02-2025T17:35:38 - [TEST_STEP][PASSED] - if (debug): null

27-02-2025T17:35:38 - [TEST_STEP][PASSED] - if (myValue.length() >= 4): null

27-02-2025T17:35:38 - [TEST_STEP][PASSED] - if (myValue.substring(0, 4) == "(!) "): null

27-02-2025T17:35:38 - [TEST_STEP][PASSED] - myType = element.getAttribute("type"): null

27-02-2025T17:35:38 - [TEST_STEP][PASSED] - if (myValue in varParms[i]): null

27-02-2025T17:35:38 - [TEST_STEP][PASSED] - else: null

27-02-2025T17:35:38 - [TEST_STEP][PASSED] - inList = false: null

27-02-2025T17:35:38 - [TEST_STEP][PASSED] - if (myType == "checkbox"): null

27-02-2025T17:35:38 - [TEST_STEP][PASSED] - myStatus = element.isSelected(): null

27-02-2025T17:35:38 - [TEST_STEP][PASSED] - if (debug): null

27-02-2025T17:35:38 - [TEST_STEP][PASSED] - if (toggle && myStatus && inList): null

27-02-2025T17:35:38 - [TEST_STEP][PASSED] - if (!(myStatus) && inList || myStatus && !(inList)): null

27-02-2025T17:35:38 - [TEST_STEP][PASSED] - myValue = element.getAttribute("value"): null

27-02-2025T17:35:38 - [TEST_STEP][PASSED] - if (debug): null

27-02-2025T17:35:38 - [TEST_STEP][PASSED] - if (myValue.length() >= 4): null

27-02-2025T17:35:38 - [TEST_STEP][PASSED] - if (myValue.substring(0, 4) == "(!) "): null

27-02-2025T17:35:38 - [TEST_STEP][PASSED] - myType = element.getAttribute("type"): null

27-02-2025T17:35:38 - [TEST_STEP][PASSED] - if (myValue in varParms[i]): null

27-02-2025T17:35:38 - [TEST_STEP][PASSED] - else: null

27-02-2025T17:35:38 - [TEST_STEP][PASSED] - inList = false: null

27-02-2025T17:35:38 - [TEST_STEP][PASSED] - if (myType == "checkbox"): null

27-02-2025T17:35:38 - [TEST_STEP][PASSED] - myStatus = element.isSelected(): null

27-02-2025T17:35:38 - [TEST_STEP][PASSED] - if (debug): null

27-02-2025T17:35:38 - [TEST_STEP][PASSED] - if (toggle && myStatus && inList): null

27-02-2025T17:35:38 - [TEST_STEP][PASSED] - if (!(myStatus) && inList || myStatus && !(inList)): null

27-02-2025T17:35:38 - [TEST_STEP][PASSED] - myValue = element.getAttribute("value"): null

27-02-2025T17:35:38 - [TEST_STEP][PASSED] - if (debug): null

27-02-2025T17:35:38 - [TEST_STEP][PASSED] - if (myValue.length() >= 4): null

27-02-2025T17:35:38 - [TEST_STEP][PASSED] - if (myValue.substring(0, 4) == "(!) "): null

27-02-2025T17:35:38 - [TEST_STEP][PASSED] - myType = element.getAttribute("type"): null

27-02-2025T17:35:38 - [TEST_STEP][PASSED] - if (myValue in varParms[i]): null

27-02-2025T17:35:38 - [TEST_STEP][PASSED] - else: null

27-02-2025T17:35:38 - [TEST_STEP][PASSED] - inList = false: null

27-02-2025T17:35:38 - [TEST_STEP][PASSED] - if (myType == "checkbox"): null

27-02-2025T17:35:38 - [TEST_STEP][PASSED] - myStatus = element.isSelected(): null

27-02-2025T17:35:38 - [TEST_STEP][PASSED] - if (debug): null

27-02-2025T17:35:38 - [TEST_STEP][PASSED] - if (toggle && myStatus && inList): null

27-02-2025T17:35:38 - [TEST_STEP][PASSED] - if (!(myStatus) && inList || myStatus && !(inList)): null

27-02-2025T17:35:38 - [TEST_STEP][PASSED] - myValue = element.getAttribute("value"): null

27-02-2025T17:35:38 - [TEST_STEP][PASSED] - if (debug): null

27-02-2025T17:35:38 - [TEST_STEP][PASSED] - if (myValue.length() >= 4): null

27-02-2025T17:35:38 - [TEST_STEP][PASSED] - if (myValue.substring(0, 4) == "(!) "): null

27-02-2025T17:35:38 - [TEST_STEP][PASSED] - myType = element.getAttribute("type"): null

27-02-2025T17:35:38 - [TEST_STEP][PASSED] - if (myValue in varParms[i]): null

27-02-2025T17:35:38 - [TEST_STEP][PASSED] - else: null

27-02-2025T17:35:38 - [TEST_STEP][PASSED] - inList = false: null

27-02-2025T17:35:38 - [TEST_STEP][PASSED] - if (myType == "checkbox"): null

27-02-2025T17:35:38 - [TEST_STEP][PASSED] - myStatus = element.isSelected(): null

27-02-2025T17:35:38 - [TEST_STEP][PASSED] - if (debug): null

27-02-2025T17:35:38 - [TEST_STEP][PASSED] - if (toggle && myStatus && inList): null

27-02-2025T17:35:38 - [TEST_STEP][PASSED] - if (!(myStatus) && inList || myStatus && !(inList)): null

27-02-2025T17:35:38 - [TEST_STEP][PASSED] - myValue = element.getAttribute("value"): null

27-02-2025T17:35:38 - [TEST_STEP][PASSED] - if (debug): null

27-02-2025T17:35:38 - [TEST_STEP][PASSED] - if (myValue.length() >= 4): null

27-02-2025T17:35:38 - [TEST_STEP][PASSED] - if (myValue.substring(0, 4) == "(!) "): null

27-02-2025T17:35:38 - [TEST_STEP][PASSED] - myType = element.getAttribute("type"): null

27-02-2025T17:35:38 - [TEST_STEP][PASSED] - if (myValue in varParms[i]): null

27-02-2025T17:35:38 - [TEST_STEP][PASSED] - else: null

27-02-2025T17:35:38 - [TEST_STEP][PASSED] - inList = false: null

27-02-2025T17:35:38 - [TEST_STEP][PASSED] - if (myType == "checkbox"): null

27-02-2025T17:35:38 - [TEST_STEP][PASSED] - myStatus = element.isSelected(): null

27-02-2025T17:35:38 - [TEST_STEP][PASSED] - if (debug): null

27-02-2025T17:35:38 - [TEST_STEP][PASSED] - if (toggle && myStatus && inList): null

27-02-2025T17:35:38 - [TEST_STEP][PASSED] - if (!(myStatus) && inList || myStatus && !(inList)): null

27-02-2025T17:35:38 - [TEST_STEP][PASSED] - myValue = element.getAttribute("value"): null

27-02-2025T17:35:38 - [TEST_STEP][PASSED] - if (debug): null

27-02-2025T17:35:38 - [TEST_STEP][PASSED] - if (myValue.length() >= 4): null

27-02-2025T17:35:38 - [TEST_STEP][PASSED] - if (myValue.substring(0, 4) == "(!) "): null

27-02-2025T17:35:38 - [TEST_STEP][PASSED] - myType = element.getAttribute("type"): null

27-02-2025T17:35:38 - [TEST_STEP][PASSED] - if (myValue in varParms[i]): null

27-02-2025T17:35:38 - [TEST_STEP][PASSED] - else: null

27-02-2025T17:35:38 - [TEST_STEP][PASSED] - inList = false: null

27-02-2025T17:35:38 - [TEST_STEP][PASSED] - if (myType == "checkbox"): null

27-02-2025T17:35:38 - [TEST_STEP][PASSED] - myStatus = element.isSelected(): null

27-02-2025T17:35:38 - [TEST_STEP][PASSED] - if (debug): null

27-02-2025T17:35:38 - [TEST_STEP][PASSED] - if (toggle && myStatus && inList): null

27-02-2025T17:35:38 - [TEST_STEP][PASSED] - if (!(myStatus) && inList || myStatus && !(inList)): null

27-02-2025T17:35:38 - [TEST_STEP][PASSED] - myValue = element.getAttribute("value"): null

27-02-2025T17:35:38 - [TEST_STEP][PASSED] - if (debug): null

27-02-2025T17:35:38 - [TEST_STEP][PASSED] - if (myValue.length() >= 4): null

27-02-2025T17:35:38 - [TEST_STEP][PASSED] - if (myValue.substring(0, 4) == "(!) "): null

27-02-2025T17:35:38 - [TEST_STEP][PASSED] - myType = element.getAttribute("type"): null

27-02-2025T17:35:38 - [TEST_STEP][PASSED] - if (myValue in varParms[i]): null

27-02-2025T17:35:38 - [TEST_STEP][PASSED] - else: null

27-02-2025T17:35:38 - [TEST_STEP][PASSED] - inList = false: null

27-02-2025T17:35:38 - [TEST_STEP][PASSED] - if (myType == "checkbox"): null

27-02-2025T17:35:38 - [TEST_STEP][PASSED] - myStatus = element.isSelected(): null

27-02-2025T17:35:38 - [TEST_STEP][PASSED] - if (debug): null

27-02-2025T17:35:38 - [TEST_STEP][PASSED] - if (toggle && myStatus && inList): null

27-02-2025T17:35:38 - [TEST_STEP][PASSED] - if (!(myStatus) && inList || myStatus && !(inList)): null

27-02-2025T17:35:38 - [TEST_STEP][PASSED] - myValue = element.getAttribute("value"): null

27-02-2025T17:35:38 - [TEST_STEP][PASSED] - if (debug): null

27-02-2025T17:35:38 - [TEST_STEP][PASSED] - if (myValue.length() >= 4): null

27-02-2025T17:35:38 - [TEST_STEP][PASSED] - if (myValue.substring(0, 4) == "(!) "): null

27-02-2025T17:35:38 - [TEST_STEP][PASSED] - myType = element.getAttribute("type"): null

27-02-2025T17:35:38 - [TEST_STEP][PASSED] - if (myValue in varParms[i]): null

27-02-2025T17:35:38 - [TEST_STEP][PASSED] - else: null

27-02-2025T17:35:38 - [TEST_STEP][PASSED] - inList = false: null

27-02-2025T17:35:38 - [TEST_STEP][PASSED] - if (myType == "checkbox"): null

27-02-2025T17:35:38 - [TEST_STEP][PASSED] - myStatus = element.isSelected(): null

27-02-2025T17:35:38 - [TEST_STEP][PASSED] - if (debug): null

27-02-2025T17:35:38 - [TEST_STEP][PASSED] - if (toggle && myStatus && inList): null

27-02-2025T17:35:38 - [TEST_STEP][PASSED] - if (!(myStatus) && inList || myStatus && !(inList)): null

27-02-2025T17:35:38 - [TEST_STEP][PASSED] - myValue = element.getAttribute("value"): null

27-02-2025T17:35:38 - [TEST_STEP][PASSED] - if (debug): null

27-02-2025T17:35:38 - [TEST_STEP][PASSED] - if (myValue.length() >= 4): null

27-02-2025T17:35:38 - [TEST_STEP][PASSED] - if (myValue.substring(0, 4) == "(!) "): null

27-02-2025T17:35:38 - [TEST_STEP][PASSED] - myType = element.getAttribute("type"): null

27-02-2025T17:35:38 - [TEST_STEP][PASSED] - if (myValue in varParms[i]): null

27-02-2025T17:35:38 - [TEST_STEP][PASSED] - else: null

27-02-2025T17:35:38 - [TEST_STEP][PASSED] - inList = false: null

27-02-2025T17:35:38 - [TEST_STEP][PASSED] - if (myType == "checkbox"): null

27-02-2025T17:35:38 - [TEST_STEP][PASSED] - myStatus = element.isSelected(): null

27-02-2025T17:35:38 - [TEST_STEP][PASSED] - if (debug): null

27-02-2025T17:35:38 - [TEST_STEP][PASSED] - if (toggle && myStatus && inList): null

27-02-2025T17:35:38 - [TEST_STEP][PASSED] - if (!(myStatus) && inList || myStatus && !(inList)): null

27-02-2025T17:35:38 - [TEST_STEP][PASSED] - myValue = element.getAttribute("value"): null

27-02-2025T17:35:38 - [TEST_STEP][PASSED] - if (debug): null

27-02-2025T17:35:38 - [TEST_STEP][PASSED] - if (myValue.length() >= 4): null

27-02-2025T17:35:38 - [TEST_STEP][PASSED] - if (myValue.substring(0, 4) == "(!) "): null

27-02-2025T17:35:38 - [TEST_STEP][PASSED] - myType = element.getAttribute("type"): null

27-02-2025T17:35:38 - [TEST_STEP][PASSED] - if (myValue in varParms[i]): null

27-02-2025T17:35:38 - [TEST_STEP][PASSED] - else: null

27-02-2025T17:35:38 - [TEST_STEP][PASSED] - inList = false: null

27-02-2025T17:35:38 - [TEST_STEP][PASSED] - if (myType == "checkbox"): null

27-02-2025T17:35:38 - [TEST_STEP][PASSED] - myStatus = element.isSelected(): null

27-02-2025T17:35:38 - [TEST_STEP][PASSED] - if (debug): null

27-02-2025T17:35:38 - [TEST_STEP][PASSED] - if (toggle && myStatus && inList): null

27-02-2025T17:35:38 - [TEST_STEP][PASSED] - if (!(myStatus) && inList || myStatus && !(inList)): null

27-02-2025T17:35:38 - [TEST_STEP][PASSED] - myValue = element.getAttribute("value"): null

27-02-2025T17:35:38 - [TEST_STEP][PASSED] - if (debug): null

27-02-2025T17:35:38 - [TEST_STEP][PASSED] - if (myValue.length() >= 4): null

27-02-2025T17:35:38 - [TEST_STEP][PASSED] - if (myValue.substring(0, 4) == "(!) "): null

27-02-2025T17:35:38 - [TEST_STEP][PASSED] - myType = element.getAttribute("type"): null

27-02-2025T17:35:38 - [TEST_STEP][PASSED] - if (myValue in varParms[i]): null

27-02-2025T17:35:38 - [TEST_STEP][PASSED] - else: null

27-02-2025T17:35:38 - [TEST_STEP][PASSED] - inList = false: null

27-02-2025T17:35:38 - [TEST_STEP][PASSED] - if (myType == "checkbox"): null

27-02-2025T17:35:38 - [TEST_STEP][PASSED] - myStatus = element.isSelected(): null

27-02-2025T17:35:38 - [TEST_STEP][PASSED] - if (debug): null

27-02-2025T17:35:38 - [TEST_STEP][PASSED] - if (toggle && myStatus && inList): null

27-02-2025T17:35:38 - [TEST_STEP][PASSED] - if (!(myStatus) && inList || myStatus && !(inList)): null

27-02-2025T17:35:38 - [TEST_STEP][PASSED] - myValue = element.getAttribute("value"): null

27-02-2025T17:35:38 - [TEST_STEP][PASSED] - if (debug): null

27-02-2025T17:35:38 - [TEST_STEP][PASSED] - if (myValue.length() >= 4): null

27-02-2025T17:35:38 - [TEST_STEP][PASSED] - if (myValue.substring(0, 4) == "(!) "): null

27-02-2025T17:35:38 - [TEST_STEP][PASSED] - myType = element.getAttribute("type"): null

27-02-2025T17:35:38 - [TEST_STEP][PASSED] - if (myValue in varParms[i]): null

27-02-2025T17:35:38 - [TEST_STEP][PASSED] - else: null

27-02-2025T17:35:38 - [TEST_STEP][PASSED] - inList = false: null

27-02-2025T17:35:38 - [TEST_STEP][PASSED] - if (myType == "checkbox"): null

27-02-2025T17:35:38 - [TEST_STEP][PASSED] - myStatus = element.isSelected(): null

27-02-2025T17:35:38 - [TEST_STEP][PASSED] - if (debug): null

27-02-2025T17:35:38 - [TEST_STEP][PASSED] - if (toggle && myStatus && inList): null

27-02-2025T17:35:38 - [TEST_STEP][PASSED] - if (!(myStatus) && inList || myStatus && !(inList)): null

27-02-2025T17:35:38 - [TEST_STEP][PASSED] - myValue = element.getAttribute("value"): null

27-02-2025T17:35:38 - [TEST_STEP][PASSED] - if (debug): null

27-02-2025T17:35:38 - [TEST_STEP][PASSED] - if (myValue.length() >= 4): null

27-02-2025T17:35:38 - [TEST_STEP][PASSED] - if (myValue.substring(0, 4) == "(!) "): null

27-02-2025T17:35:38 - [TEST_STEP][PASSED] - myType = element.getAttribute("type"): null

27-02-2025T17:35:38 - [TEST_STEP][PASSED] - if (myValue in varParms[i]): null

27-02-2025T17:35:38 - [TEST_STEP][PASSED] - else: null

27-02-2025T17:35:38 - [TEST_STEP][PASSED] - inList = false: null

27-02-2025T17:35:38 - [TEST_STEP][PASSED] - if (myType == "checkbox"): null

27-02-2025T17:35:38 - [TEST_STEP][PASSED] - myStatus = element.isSelected(): null

27-02-2025T17:35:38 - [TEST_STEP][PASSED] - if (debug): null

27-02-2025T17:35:38 - [TEST_STEP][PASSED] - if (toggle && myStatus && inList): null

27-02-2025T17:35:38 - [TEST_STEP][PASSED] - if (!(myStatus) && inList || myStatus && !(inList)): null

27-02-2025T17:35:38 - [TEST_STEP][PASSED] - myValue = element.getAttribute("value"): null

27-02-2025T17:35:38 - [TEST_STEP][PASSED] - if (debug): null

27-02-2025T17:35:38 - [TEST_STEP][PASSED] - if (myValue.length() >= 4): null

27-02-2025T17:35:38 - [TEST_STEP][PASSED] - if (myValue.substring(0, 4) == "(!) "): null

27-02-2025T17:35:38 - [TEST_STEP][PASSED] - myType = element.getAttribute("type"): null

27-02-2025T17:35:38 - [TEST_STEP][PASSED] - if (myValue in varParms[i]): null

27-02-2025T17:35:38 - [TEST_STEP][PASSED] - else: null

27-02-2025T17:35:38 - [TEST_STEP][PASSED] - inList = false: null

27-02-2025T17:35:38 - [TEST_STEP][PASSED] - if (myType == "checkbox"): null

27-02-2025T17:35:38 - [TEST_STEP][PASSED] - myStatus = element.isSelected(): null

27-02-2025T17:35:38 - [TEST_STEP][PASSED] - if (debug): null

27-02-2025T17:35:38 - [TEST_STEP][PASSED] - if (toggle && myStatus && inList): null

27-02-2025T17:35:38 - [TEST_STEP][PASSED] - if (!(myStatus) && inList || myStatus && !(inList)): null

27-02-2025T17:35:38 - [TEST_STEP][PASSED] - myValue = element.getAttribute("value"): null

27-02-2025T17:35:38 - [TEST_STEP][PASSED] - if (debug): null

27-02-2025T17:35:38 - [TEST_STEP][PASSED] - if (myValue.length() >= 4): null

27-02-2025T17:35:38 - [TEST_STEP][PASSED] - if (myValue.substring(0, 4) == "(!) "): null

27-02-2025T17:35:38 - [TEST_STEP][PASSED] - myType = element.getAttribute("type"): null

27-02-2025T17:35:38 - [TEST_STEP][PASSED] - if (myValue in varParms[i]): null

27-02-2025T17:35:38 - [TEST_STEP][PASSED] - inList = true: null

27-02-2025T17:35:38 - [TEST_STEP][PASSED] - if (myType == "checkbox"): null

27-02-2025T17:35:38 - [TEST_STEP][PASSED] - myStatus = element.isSelected(): null

27-02-2025T17:35:38 - [TEST_STEP][PASSED] - if (debug): null

27-02-2025T17:35:38 - [TEST_STEP][PASSED] - if (toggle && myStatus && inList): null

27-02-2025T17:35:38 - [TEST_STEP][PASSED] - if (!(myStatus) && inList || myStatus && !(inList)): null

27-02-2025T17:35:38 - [TEST_STEP][PASSED] - if (debug): null

27-02-2025T17:35:38 - [TEST_STEP][PASSED] - println("Clicking " + myValue): null

27-02-2025T17:35:38 - [TEST_STEP][PASSED] - click(element): null

27-02-2025T17:35:38 - [TEST_STEP][PASSED] - scrollToObject(elem): null

27-02-2025T17:35:38 - [TEST_STEP][PASSED] - loc = element.getLocation(): null

27-02-2025T17:35:38 - [TEST_STEP][PASSED] - if (debug): null

27-02-2025T17:35:38 - [TEST_STEP][PASSED] - y = loc.getY(): null

27-02-2025T17:35:38 - [TEST_STEP][PASSED] - println("Y location is " + y): null

27-02-2025T17:35:38 - [TEST_STEP][PASSED] - top = getViewportTopPosition(): Current viewport's top (y) position is 425

27-02-2025T17:35:38 - [MESSAGE][PASSED] - Current viewport's top (y) position is 425

27-02-2025T17:35:38 - [TEST_STEP][PASSED] - println("Viewport top is " + top): null

27-02-2025T17:35:38 - [TEST_STEP][PASSED] - bottom = top + 600: null

27-02-2025T17:35:38 - [TEST_STEP][PASSED] - if (y - top < 150 || bottom - y < 10): Delayed 1 second(s)

27-02-2025T17:35:38 - [TEST_STEP][PASSED] - scrollToPosition(0, y - 150): Browser is scrolled to position x = 0, y = 1471

27-02-2025T17:35:38 - [MESSAGE][PASSED] - Browser is scrolled to position x = 0, y = 1471

27-02-2025T17:35:38 - [TEST_STEP][PASSED] - delay(1): Delayed 1 second(s)

27-02-2025T17:35:39 - [MESSAGE][PASSED] - Delayed 1 second(s)

27-02-2025T17:35:39 - [TEST_STEP][PASSED] - elem.click(): null

27-02-2025T17:35:39 - [TEST_STEP][PASSED] - myValue = element.getAttribute("value"): null

27-02-2025T17:35:39 - [TEST_STEP][PASSED] - if (debug): null

27-02-2025T17:35:39 - [TEST_STEP][PASSED] - if (myValue.length() >= 4): null

27-02-2025T17:35:39 - [TEST_STEP][PASSED] - if (myValue.substring(0, 4) == "(!) "): null

27-02-2025T17:35:39 - [TEST_STEP][PASSED] - myType = element.getAttribute("type"): null

27-02-2025T17:35:39 - [TEST_STEP][PASSED] - if (myValue in varParms[i]): null

27-02-2025T17:35:39 - [TEST_STEP][PASSED] - else: null

27-02-2025T17:35:39 - [TEST_STEP][PASSED] - inList = false: null

27-02-2025T17:35:39 - [TEST_STEP][PASSED] - if (myType == "checkbox"): null

27-02-2025T17:35:39 - [TEST_STEP][PASSED] - myStatus = element.isSelected(): null

27-02-2025T17:35:39 - [TEST_STEP][PASSED] - if (debug): null

27-02-2025T17:35:39 - [TEST_STEP][PASSED] - if (toggle && myStatus && inList): null

27-02-2025T17:35:39 - [TEST_STEP][PASSED] - if (!(myStatus) && inList || myStatus && !(inList)): null

27-02-2025T17:35:39 - [TEST_STEP][PASSED] - myValue = element.getAttribute("value"): null

27-02-2025T17:35:39 - [TEST_STEP][PASSED] - if (debug): null

27-02-2025T17:35:39 - [TEST_STEP][PASSED] - if (myValue.length() >= 4): null

27-02-2025T17:35:39 - [TEST_STEP][PASSED] - if (myValue.substring(0, 4) == "(!) "): null

27-02-2025T17:35:39 - [TEST_STEP][PASSED] - myType = element.getAttribute("type"): null

27-02-2025T17:35:39 - [TEST_STEP][PASSED] - if (myValue in varParms[i]): null

27-02-2025T17:35:39 - [TEST_STEP][PASSED] - else: null

27-02-2025T17:35:39 - [TEST_STEP][PASSED] - inList = false: null

27-02-2025T17:35:39 - [TEST_STEP][PASSED] - if (myType == "checkbox"): null

27-02-2025T17:35:39 - [TEST_STEP][PASSED] - myStatus = element.isSelected(): null

27-02-2025T17:35:39 - [TEST_STEP][PASSED] - if (debug): null

27-02-2025T17:35:39 - [TEST_STEP][PASSED] - if (toggle && myStatus && inList): null

27-02-2025T17:35:39 - [TEST_STEP][PASSED] - if (!(myStatus) && inList || myStatus && !(inList)): null

27-02-2025T17:35:39 - [TEST_STEP][PASSED] - myValue = element.getAttribute("value"): null

27-02-2025T17:35:39 - [TEST_STEP][PASSED] - if (debug): null

27-02-2025T17:35:39 - [TEST_STEP][PASSED] - if (myValue.length() >= 4): null

27-02-2025T17:35:39 - [TEST_STEP][PASSED] - if (myValue.substring(0, 4) == "(!) "): null

27-02-2025T17:35:39 - [TEST_STEP][PASSED] - myType = element.getAttribute("type"): null

27-02-2025T17:35:39 - [TEST_STEP][PASSED] - if (myValue in varParms[i]): null

27-02-2025T17:35:39 - [TEST_STEP][PASSED] - else: null

27-02-2025T17:35:39 - [TEST_STEP][PASSED] - inList = false: null

27-02-2025T17:35:39 - [TEST_STEP][PASSED] - if (myType == "checkbox"): null

27-02-2025T17:35:39 - [TEST_STEP][PASSED] - myStatus = element.isSelected(): null

27-02-2025T17:35:39 - [TEST_STEP][PASSED] - if (debug): null

27-02-2025T17:35:39 - [TEST_STEP][PASSED] - if (toggle && myStatus && inList): null

27-02-2025T17:35:39 - [TEST_STEP][PASSED] - if (!(myStatus) && inList || myStatus && !(inList)): null

27-02-2025T17:35:39 - [TEST_STEP][PASSED] - myValue = element.getAttribute("value"): null

27-02-2025T17:35:39 - [TEST_STEP][PASSED] - if (debug): null

27-02-2025T17:35:39 - [TEST_STEP][PASSED] - if (myValue.length() >= 4): null

27-02-2025T17:35:39 - [TEST_STEP][PASSED] - if (myValue.substring(0, 4) == "(!) "): null

27-02-2025T17:35:39 - [TEST_STEP][PASSED] - myType = element.getAttribute("type"): null

27-02-2025T17:35:39 - [TEST_STEP][PASSED] - if (myValue in varParms[i]): null

27-02-2025T17:35:39 - [TEST_STEP][PASSED] - inList = true: null

27-02-2025T17:35:39 - [TEST_STEP][PASSED] - if (myType == "checkbox"): null

27-02-2025T17:35:39 - [TEST_STEP][PASSED] - myStatus = element.isSelected(): null

27-02-2025T17:35:39 - [TEST_STEP][PASSED] - if (debug): null

27-02-2025T17:35:39 - [TEST_STEP][PASSED] - if (toggle && myStatus && inList): null

27-02-2025T17:35:39 - [TEST_STEP][PASSED] - if (!(myStatus) && inList || myStatus && !(inList)): null

27-02-2025T17:35:39 - [TEST_STEP][PASSED] - if (debug): null

27-02-2025T17:35:39 - [TEST_STEP][PASSED] - println("Clicking " + myValue): null

27-02-2025T17:35:39 - [TEST_STEP][PASSED] - click(element): null

27-02-2025T17:35:39 - [TEST_STEP][PASSED] - scrollToObject(elem): null

27-02-2025T17:35:39 - [TEST_STEP][PASSED] - loc = element.getLocation(): null

27-02-2025T17:35:39 - [TEST_STEP][PASSED] - if (debug): null

27-02-2025T17:35:39 - [TEST_STEP][PASSED] - y = loc.getY(): null

27-02-2025T17:35:39 - [TEST_STEP][PASSED] - println("Y location is " + y): null

27-02-2025T17:35:39 - [TEST_STEP][PASSED] - top = getViewportTopPosition(): Current viewport's top (y) position is 1471

27-02-2025T17:35:39 - [MESSAGE][PASSED] - Current viewport's top (y) position is 1471

27-02-2025T17:35:39 - [TEST_STEP][PASSED] - println("Viewport top is " + top): null

27-02-2025T17:35:39 - [TEST_STEP][PASSED] - bottom = top + 600: null

27-02-2025T17:35:39 - [TEST_STEP][PASSED] - if (y - top < 150 || bottom - y < 10): null

27-02-2025T17:35:39 - [TEST_STEP][PASSED] - elem.click(): null

27-02-2025T17:35:39 - [TEST_STEP][PASSED] - myValue = element.getAttribute("value"): null

27-02-2025T17:35:39 - [TEST_STEP][PASSED] - if (debug): null

27-02-2025T17:35:39 - [TEST_STEP][PASSED] - if (myValue.length() >= 4): null

27-02-2025T17:35:39 - [TEST_STEP][PASSED] - if (myValue.substring(0, 4) == "(!) "): null

27-02-2025T17:35:39 - [TEST_STEP][PASSED] - myType = element.getAttribute("type"): null

27-02-2025T17:35:39 - [TEST_STEP][PASSED] - if (myValue in varParms[i]): null

27-02-2025T17:35:39 - [TEST_STEP][PASSED] - else: null

27-02-2025T17:35:39 - [TEST_STEP][PASSED] - inList = false: null

27-02-2025T17:35:39 - [TEST_STEP][PASSED] - if (myType == "checkbox"): null

27-02-2025T17:35:39 - [TEST_STEP][PASSED] - myStatus = element.isSelected(): null

27-02-2025T17:35:39 - [TEST_STEP][PASSED] - if (debug): null

27-02-2025T17:35:39 - [TEST_STEP][PASSED] - if (toggle && myStatus && inList): null

27-02-2025T17:35:39 - [TEST_STEP][PASSED] - if (!(myStatus) && inList || myStatus && !(inList)): null

27-02-2025T17:35:39 - [TEST_STEP][PASSED] - myValue = element.getAttribute("value"): null

27-02-2025T17:35:39 - [TEST_STEP][PASSED] - if (debug): null

27-02-2025T17:35:39 - [TEST_STEP][PASSED] - if (myValue.length() >= 4): null

27-02-2025T17:35:39 - [TEST_STEP][PASSED] - if (myValue.substring(0, 4) == "(!) "): null

27-02-2025T17:35:39 - [TEST_STEP][PASSED] - myType = element.getAttribute("type"): null

27-02-2025T17:35:39 - [TEST_STEP][PASSED] - if (myValue in varParms[i]): null

27-02-2025T17:35:39 - [TEST_STEP][PASSED] - else: null

27-02-2025T17:35:39 - [TEST_STEP][PASSED] - inList = false: null

27-02-2025T17:35:39 - [TEST_STEP][PASSED] - if (myType == "checkbox"): null

27-02-2025T17:35:39 - [TEST_STEP][PASSED] - myStatus = element.isSelected(): null

27-02-2025T17:35:39 - [TEST_STEP][PASSED] - if (debug): null

27-02-2025T17:35:39 - [TEST_STEP][PASSED] - if (toggle && myStatus && inList): null

27-02-2025T17:35:39 - [TEST_STEP][PASSED] - if (!(myStatus) && inList || myStatus && !(inList)): null

27-02-2025T17:35:39 - [TEST_STEP][PASSED] - myValue = element.getAttribute("value"): null

27-02-2025T17:35:39 - [TEST_STEP][PASSED] - if (debug): null

27-02-2025T17:35:39 - [TEST_STEP][PASSED] - if (myValue.length() >= 4): null

27-02-2025T17:35:39 - [TEST_STEP][PASSED] - if (myValue.substring(0, 4) == "(!) "): null

27-02-2025T17:35:39 - [TEST_STEP][PASSED] - myType = element.getAttribute("type"): null

27-02-2025T17:35:39 - [TEST_STEP][PASSED] - if (myValue in varParms[i]): null

27-02-2025T17:35:39 - [TEST_STEP][PASSED] - else: null

27-02-2025T17:35:39 - [TEST_STEP][PASSED] - inList = false: null

27-02-2025T17:35:39 - [TEST_STEP][PASSED] - if (myType == "checkbox"): null

27-02-2025T17:35:39 - [TEST_STEP][PASSED] - myStatus = element.isSelected(): null

27-02-2025T17:35:39 - [TEST_STEP][PASSED] - if (debug): null

27-02-2025T17:35:39 - [TEST_STEP][PASSED] - if (toggle && myStatus && inList): null

27-02-2025T17:35:39 - [TEST_STEP][PASSED] - if (!(myStatus) && inList || myStatus && !(inList)): null

27-02-2025T17:35:39 - [TEST_STEP][PASSED] - myValue = element.getAttribute("value"): null

27-02-2025T17:35:39 - [TEST_STEP][PASSED] - if (debug): null

27-02-2025T17:35:39 - [TEST_STEP][PASSED] - if (myValue.length() >= 4): null

27-02-2025T17:35:39 - [TEST_STEP][PASSED] - if (myValue.substring(0, 4) == "(!) "): null

27-02-2025T17:35:39 - [TEST_STEP][PASSED] - myType = element.getAttribute("type"): null

27-02-2025T17:35:39 - [TEST_STEP][PASSED] - if (myValue in varParms[i]): null

27-02-2025T17:35:39 - [TEST_STEP][PASSED] - else: null

27-02-2025T17:35:39 - [TEST_STEP][PASSED] - inList = false: null

27-02-2025T17:35:39 - [TEST_STEP][PASSED] - if (myType == "checkbox"): null

27-02-2025T17:35:39 - [TEST_STEP][PASSED] - myStatus = element.isSelected(): null

27-02-2025T17:35:39 - [TEST_STEP][PASSED] - if (debug): null

27-02-2025T17:35:39 - [TEST_STEP][PASSED] - if (toggle && myStatus && inList): null

27-02-2025T17:35:39 - [TEST_STEP][PASSED] - if (!(myStatus) && inList || myStatus && !(inList)): null

27-02-2025T17:35:39 - [TEST_STEP][PASSED] - myValue = element.getAttribute("value"): null

27-02-2025T17:35:39 - [TEST_STEP][PASSED] - if (debug): null

27-02-2025T17:35:39 - [TEST_STEP][PASSED] - if (myValue.length() >= 4): null

27-02-2025T17:35:39 - [TEST_STEP][PASSED] - if (myValue.substring(0, 4) == "(!) "): null

27-02-2025T17:35:39 - [TEST_STEP][PASSED] - myType = element.getAttribute("type"): null

27-02-2025T17:35:39 - [TEST_STEP][PASSED] - if (myValue in varParms[i]): null

27-02-2025T17:35:39 - [TEST_STEP][PASSED] - else: null

27-02-2025T17:35:39 - [TEST_STEP][PASSED] - inList = false: null

27-02-2025T17:35:39 - [TEST_STEP][PASSED] - if (myType == "checkbox"): null

27-02-2025T17:35:39 - [TEST_STEP][PASSED] - myStatus = element.isSelected(): null

27-02-2025T17:35:39 - [TEST_STEP][PASSED] - if (debug): null

27-02-2025T17:35:39 - [TEST_STEP][PASSED] - if (toggle && myStatus && inList): null

27-02-2025T17:35:39 - [TEST_STEP][PASSED] - if (!(myStatus) && inList || myStatus && !(inList)): null

27-02-2025T17:35:39 - [TEST_STEP][PASSED] - myValue = element.getAttribute("value"): null

27-02-2025T17:35:39 - [TEST_STEP][PASSED] - if (debug): null

27-02-2025T17:35:39 - [TEST_STEP][PASSED] - if (myValue.length() >= 4): null

27-02-2025T17:35:39 - [TEST_STEP][PASSED] - if (myValue.substring(0, 4) == "(!) "): null

27-02-2025T17:35:39 - [TEST_STEP][PASSED] - myType = element.getAttribute("type"): null

27-02-2025T17:35:39 - [TEST_STEP][PASSED] - if (myValue in varParms[i]): null

27-02-2025T17:35:39 - [TEST_STEP][PASSED] - else: null

27-02-2025T17:35:39 - [TEST_STEP][PASSED] - inList = false: null

27-02-2025T17:35:39 - [TEST_STEP][PASSED] - if (myType == "checkbox"): null

27-02-2025T17:35:39 - [TEST_STEP][PASSED] - myStatus = element.isSelected(): null

27-02-2025T17:35:39 - [TEST_STEP][PASSED] - if (debug): null

27-02-2025T17:35:39 - [TEST_STEP][PASSED] - if (toggle && myStatus && inList): null

27-02-2025T17:35:39 - [TEST_STEP][PASSED] - if (!(myStatus) && inList || myStatus && !(inList)): null

27-02-2025T17:35:39 - [TEST_STEP][PASSED] - myValue = element.getAttribute("value"): null

27-02-2025T17:35:39 - [TEST_STEP][PASSED] - if (debug): null

27-02-2025T17:35:39 - [TEST_STEP][PASSED] - if (myValue.length() >= 4): null

27-02-2025T17:35:39 - [TEST_STEP][PASSED] - if (myValue.substring(0, 4) == "(!) "): null

27-02-2025T17:35:39 - [TEST_STEP][PASSED] - myType = element.getAttribute("type"): null

27-02-2025T17:35:39 - [TEST_STEP][PASSED] - if (myValue in varParms[i]): null

27-02-2025T17:35:39 - [TEST_STEP][PASSED] - else: null

27-02-2025T17:35:39 - [TEST_STEP][PASSED] - inList = false: null

27-02-2025T17:35:39 - [TEST_STEP][PASSED] - if (myType == "checkbox"): null

27-02-2025T17:35:39 - [TEST_STEP][PASSED] - myStatus = element.isSelected(): null

27-02-2025T17:35:39 - [TEST_STEP][PASSED] - if (debug): null

27-02-2025T17:35:39 - [TEST_STEP][PASSED] - if (toggle && myStatus && inList): null

27-02-2025T17:35:39 - [TEST_STEP][PASSED] - if (!(myStatus) && inList || myStatus && !(inList)): null

27-02-2025T17:35:39 - [TEST_STEP][PASSED] - myValue = element.getAttribute("value"): null

27-02-2025T17:35:39 - [TEST_STEP][PASSED] - if (debug): null

27-02-2025T17:35:39 - [TEST_STEP][PASSED] - if (myValue.length() >= 4): null

27-02-2025T17:35:39 - [TEST_STEP][PASSED] - if (myValue.substring(0, 4) == "(!) "): null

27-02-2025T17:35:39 - [TEST_STEP][PASSED] - myType = element.getAttribute("type"): null

27-02-2025T17:35:39 - [TEST_STEP][PASSED] - if (myValue in varParms[i]): null

27-02-2025T17:35:39 - [TEST_STEP][PASSED] - else: null

27-02-2025T17:35:39 - [TEST_STEP][PASSED] - inList = false: null

27-02-2025T17:35:39 - [TEST_STEP][PASSED] - if (myType == "checkbox"): null

27-02-2025T17:35:39 - [TEST_STEP][PASSED] - myStatus = element.isSelected(): null

27-02-2025T17:35:39 - [TEST_STEP][PASSED] - if (debug): null

27-02-2025T17:35:39 - [TEST_STEP][PASSED] - if (toggle && myStatus && inList): null

27-02-2025T17:35:39 - [TEST_STEP][PASSED] - if (!(myStatus) && inList || myStatus && !(inList)): null

27-02-2025T17:35:39 - [TEST_STEP][PASSED] - myValue = element.getAttribute("value"): null

27-02-2025T17:35:39 - [TEST_STEP][PASSED] - if (debug): null

27-02-2025T17:35:39 - [TEST_STEP][PASSED] - if (myValue.length() >= 4): null

27-02-2025T17:35:39 - [TEST_STEP][PASSED] - if (myValue.substring(0, 4) == "(!) "): null

27-02-2025T17:35:39 - [TEST_STEP][PASSED] - myType = element.getAttribute("type"): null

27-02-2025T17:35:39 - [TEST_STEP][PASSED] - if (myValue in varParms[i]): null

27-02-2025T17:35:39 - [TEST_STEP][PASSED] - else: null

27-02-2025T17:35:39 - [TEST_STEP][PASSED] - inList = false: null

27-02-2025T17:35:39 - [TEST_STEP][PASSED] - if (myType == "checkbox"): null

27-02-2025T17:35:39 - [TEST_STEP][PASSED] - myStatus = element.isSelected(): null

27-02-2025T17:35:39 - [TEST_STEP][PASSED] - if (debug): null

27-02-2025T17:35:39 - [TEST_STEP][PASSED] - if (toggle && myStatus && inList): null

27-02-2025T17:35:39 - [TEST_STEP][PASSED] - if (!(myStatus) && inList || myStatus && !(inList)): null

27-02-2025T17:35:39 - [TEST_STEP][PASSED] - myValue = element.getAttribute("value"): null

27-02-2025T17:35:39 - [TEST_STEP][PASSED] - if (debug): null

27-02-2025T17:35:39 - [TEST_STEP][PASSED] - if (myValue.length() >= 4): null

27-02-2025T17:35:39 - [TEST_STEP][PASSED] - if (myValue.substring(0, 4) == "(!) "): null

27-02-2025T17:35:39 - [TEST_STEP][PASSED] - myType = element.getAttribute("type"): null

27-02-2025T17:35:39 - [TEST_STEP][PASSED] - if (myValue in varParms[i]): null

27-02-2025T17:35:39 - [TEST_STEP][PASSED] - else: null

27-02-2025T17:35:39 - [TEST_STEP][PASSED] - inList = false: null

27-02-2025T17:35:39 - [TEST_STEP][PASSED] - if (myType == "checkbox"): null

27-02-2025T17:35:39 - [TEST_STEP][PASSED] - myStatus = element.isSelected(): null

27-02-2025T17:35:39 - [TEST_STEP][PASSED] - if (debug): null

27-02-2025T17:35:39 - [TEST_STEP][PASSED] - if (toggle && myStatus && inList): null

27-02-2025T17:35:39 - [TEST_STEP][PASSED] - if (!(myStatus) && inList || myStatus && !(inList)): null

27-02-2025T17:35:39 - [TEST_STEP][PASSED] - myValue = element.getAttribute("value"): null

27-02-2025T17:35:39 - [TEST_STEP][PASSED] - if (debug): null

27-02-2025T17:35:39 - [TEST_STEP][PASSED] - if (myValue.length() >= 4): null

27-02-2025T17:35:39 - [TEST_STEP][PASSED] - if (myValue.substring(0, 4) == "(!) "): null

27-02-2025T17:35:39 - [TEST_STEP][PASSED] - myType = element.getAttribute("type"): null

27-02-2025T17:35:39 - [TEST_STEP][PASSED] - if (myValue in varParms[i]): null

27-02-2025T17:35:39 - [TEST_STEP][PASSED] - else: null

27-02-2025T17:35:39 - [TEST_STEP][PASSED] - inList = false: null

27-02-2025T17:35:39 - [TEST_STEP][PASSED] - if (myType == "checkbox"): null

27-02-2025T17:35:39 - [TEST_STEP][PASSED] - myStatus = element.isSelected(): null

27-02-2025T17:35:39 - [TEST_STEP][PASSED] - if (debug): null

27-02-2025T17:35:39 - [TEST_STEP][PASSED] - if (toggle && myStatus && inList): null

27-02-2025T17:35:39 - [TEST_STEP][PASSED] - if (!(myStatus) && inList || myStatus && !(inList)): null

27-02-2025T17:35:39 - [TEST_STEP][PASSED] - myValue = element.getAttribute("value"): null

27-02-2025T17:35:39 - [TEST_STEP][PASSED] - if (debug): null

27-02-2025T17:35:39 - [TEST_STEP][PASSED] - if (myValue.length() >= 4): null

27-02-2025T17:35:39 - [TEST_STEP][PASSED] - if (myValue.substring(0, 4) == "(!) "): null

27-02-2025T17:35:39 - [TEST_STEP][PASSED] - myType = element.getAttribute("type"): null

27-02-2025T17:35:39 - [TEST_STEP][PASSED] - if (myValue in varParms[i]): null

27-02-2025T17:35:39 - [TEST_STEP][PASSED] - else: null

27-02-2025T17:35:39 - [TEST_STEP][PASSED] - inList = false: null

27-02-2025T17:35:39 - [TEST_STEP][PASSED] - if (myType == "checkbox"): null

27-02-2025T17:35:39 - [TEST_STEP][PASSED] - myStatus = element.isSelected(): null

27-02-2025T17:35:39 - [TEST_STEP][PASSED] - if (debug): null

27-02-2025T17:35:39 - [TEST_STEP][PASSED] - if (toggle && myStatus && inList): null

27-02-2025T17:35:39 - [TEST_STEP][PASSED] - if (!(myStatus) && inList || myStatus && !(inList)): null

27-02-2025T17:35:39 - [TEST_STEP][PASSED] - myValue = element.getAttribute("value"): null

27-02-2025T17:35:39 - [TEST_STEP][PASSED] - if (debug): null

27-02-2025T17:35:39 - [TEST_STEP][PASSED] - if (myValue.length() >= 4): null

27-02-2025T17:35:39 - [TEST_STEP][PASSED] - if (myValue.substring(0, 4) == "(!) "): null

27-02-2025T17:35:39 - [TEST_STEP][PASSED] - myType = element.getAttribute("type"): null

27-02-2025T17:35:39 - [TEST_STEP][PASSED] - if (myValue in varParms[i]): null

27-02-2025T17:35:39 - [TEST_STEP][PASSED] - else: null

27-02-2025T17:35:39 - [TEST_STEP][PASSED] - inList = false: null

27-02-2025T17:35:39 - [TEST_STEP][PASSED] - if (myType == "checkbox"): null

27-02-2025T17:35:39 - [TEST_STEP][PASSED] - myStatus = element.isSelected(): null

27-02-2025T17:35:39 - [TEST_STEP][PASSED] - if (debug): null

27-02-2025T17:35:39 - [TEST_STEP][PASSED] - if (toggle && myStatus && inList): null

27-02-2025T17:35:39 - [TEST_STEP][PASSED] - if (!(myStatus) && inList || myStatus && !(inList)): null

27-02-2025T17:35:39 - [TEST_STEP][PASSED] - myValue = element.getAttribute("value"): null

27-02-2025T17:35:39 - [TEST_STEP][PASSED] - if (debug): null

27-02-2025T17:35:39 - [TEST_STEP][PASSED] - if (myValue.length() >= 4): null

27-02-2025T17:35:39 - [TEST_STEP][PASSED] - if (myValue.substring(0, 4) == "(!) "): null

27-02-2025T17:35:39 - [TEST_STEP][PASSED] - myType = element.getAttribute("type"): null

27-02-2025T17:35:39 - [TEST_STEP][PASSED] - if (myValue in varParms[i]): null

27-02-2025T17:35:39 - [TEST_STEP][PASSED] - else: null

27-02-2025T17:35:39 - [TEST_STEP][PASSED] - inList = false: null

27-02-2025T17:35:39 - [TEST_STEP][PASSED] - if (myType == "checkbox"): null

27-02-2025T17:35:39 - [TEST_STEP][PASSED] - myStatus = element.isSelected(): null

27-02-2025T17:35:39 - [TEST_STEP][PASSED] - if (debug): null

27-02-2025T17:35:39 - [TEST_STEP][PASSED] - if (toggle && myStatus && inList): null

27-02-2025T17:35:39 - [TEST_STEP][PASSED] - if (!(myStatus) && inList || myStatus && !(inList)): null

27-02-2025T17:35:39 - [TEST_STEP][PASSED] - myValue = element.getAttribute("value"): null

27-02-2025T17:35:39 - [TEST_STEP][PASSED] - if (debug): null

27-02-2025T17:35:39 - [TEST_STEP][PASSED] - if (myValue.length() >= 4): null

27-02-2025T17:35:39 - [TEST_STEP][PASSED] - if (myValue.substring(0, 4) == "(!) "): null

27-02-2025T17:35:39 - [TEST_STEP][PASSED] - myType = element.getAttribute("type"): null

27-02-2025T17:35:39 - [TEST_STEP][PASSED] - if (myValue in varParms[i]): null

27-02-2025T17:35:39 - [TEST_STEP][PASSED] - else: null

27-02-2025T17:35:39 - [TEST_STEP][PASSED] - inList = false: null

27-02-2025T17:35:39 - [TEST_STEP][PASSED] - if (myType == "checkbox"): null

27-02-2025T17:35:39 - [TEST_STEP][PASSED] - myStatus = element.isSelected(): null

27-02-2025T17:35:39 - [TEST_STEP][PASSED] - if (debug): null

27-02-2025T17:35:39 - [TEST_STEP][PASSED] - if (toggle && myStatus && inList): null

27-02-2025T17:35:39 - [TEST_STEP][PASSED] - if (!(myStatus) && inList || myStatus && !(inList)): null

27-02-2025T17:35:39 - [TEST_STEP][PASSED] - myValue = element.getAttribute("value"): null

27-02-2025T17:35:39 - [TEST_STEP][PASSED] - if (debug): null

27-02-2025T17:35:39 - [TEST_STEP][PASSED] - if (myValue.length() >= 4): null

27-02-2025T17:35:39 - [TEST_STEP][PASSED] - if (myValue.substring(0, 4) == "(!) "): null

27-02-2025T17:35:39 - [TEST_STEP][PASSED] - myType = element.getAttribute("type"): null

27-02-2025T17:35:39 - [TEST_STEP][PASSED] - if (myValue in varParms[i]): null

27-02-2025T17:35:39 - [TEST_STEP][PASSED] - else: null

27-02-2025T17:35:39 - [TEST_STEP][PASSED] - inList = false: null

27-02-2025T17:35:39 - [TEST_STEP][PASSED] - if (myType == "checkbox"): null

27-02-2025T17:35:39 - [TEST_STEP][PASSED] - myStatus = element.isSelected(): null

27-02-2025T17:35:39 - [TEST_STEP][PASSED] - if (debug): null

27-02-2025T17:35:39 - [TEST_STEP][PASSED] - if (toggle && myStatus && inList): null

27-02-2025T17:35:39 - [TEST_STEP][PASSED] - if (!(myStatus) && inList || myStatus && !(inList)): null

27-02-2025T17:35:39 - [TEST_STEP][PASSED] - myValue = element.getAttribute("value"): null

27-02-2025T17:35:39 - [TEST_STEP][PASSED] - if (debug): null

27-02-2025T17:35:39 - [TEST_STEP][PASSED] - if (myValue.length() >= 4): null

27-02-2025T17:35:39 - [TEST_STEP][PASSED] - if (myValue.substring(0, 4) == "(!) "): null

27-02-2025T17:35:39 - [TEST_STEP][PASSED] - myType = element.getAttribute("type"): null

27-02-2025T17:35:39 - [TEST_STEP][PASSED] - if (myValue in varParms[i]): null

27-02-2025T17:35:39 - [TEST_STEP][PASSED] - else: null

27-02-2025T17:35:39 - [TEST_STEP][PASSED] - inList = false: null

27-02-2025T17:35:39 - [TEST_STEP][PASSED] - if (myType == "checkbox"): null

27-02-2025T17:35:39 - [TEST_STEP][PASSED] - myStatus = element.isSelected(): null

27-02-2025T17:35:39 - [TEST_STEP][PASSED] - if (debug): null

27-02-2025T17:35:39 - [TEST_STEP][PASSED] - if (toggle && myStatus && inList): null

27-02-2025T17:35:39 - [TEST_STEP][PASSED] - if (!(myStatus) && inList || myStatus && !(inList)): null

27-02-2025T17:35:39 - [TEST_STEP][PASSED] - myValue = element.getAttribute("value"): null

27-02-2025T17:35:39 - [TEST_STEP][PASSED] - if (debug): null

27-02-2025T17:35:39 - [TEST_STEP][PASSED] - if (myValue.length() >= 4): null

27-02-2025T17:35:39 - [TEST_STEP][PASSED] - if (myValue.substring(0, 4) == "(!) "): null

27-02-2025T17:35:39 - [TEST_STEP][PASSED] - myType = element.getAttribute("type"): null

27-02-2025T17:35:39 - [TEST_STEP][PASSED] - if (myValue in varParms[i]): null

27-02-2025T17:35:39 - [TEST_STEP][PASSED] - else: null

27-02-2025T17:35:39 - [TEST_STEP][PASSED] - inList = false: null

27-02-2025T17:35:39 - [TEST_STEP][PASSED] - if (myType == "checkbox"): null

27-02-2025T17:35:39 - [TEST_STEP][PASSED] - myStatus = element.isSelected(): null

27-02-2025T17:35:39 - [TEST_STEP][PASSED] - if (debug): null

27-02-2025T17:35:39 - [TEST_STEP][PASSED] - if (toggle && myStatus && inList): null

27-02-2025T17:35:39 - [TEST_STEP][PASSED] - if (!(myStatus) && inList || myStatus && !(inList)): null

27-02-2025T17:35:39 - [TEST_STEP][PASSED] - myValue = element.getAttribute("value"): null

27-02-2025T17:35:39 - [TEST_STEP][PASSED] - if (debug): null

27-02-2025T17:35:39 - [TEST_STEP][PASSED] - if (myValue.length() >= 4): null

27-02-2025T17:35:39 - [TEST_STEP][PASSED] - if (myValue.substring(0, 4) == "(!) "): null

27-02-2025T17:35:39 - [TEST_STEP][PASSED] - myType = element.getAttribute("type"): null

27-02-2025T17:35:39 - [TEST_STEP][PASSED] - if (myValue in varParms[i]): null

27-02-2025T17:35:39 - [TEST_STEP][PASSED] - else: null

27-02-2025T17:35:39 - [TEST_STEP][PASSED] - inList = false: null

27-02-2025T17:35:39 - [TEST_STEP][PASSED] - if (myType == "checkbox"): null

27-02-2025T17:35:39 - [TEST_STEP][PASSED] - myStatus = element.isSelected(): null

27-02-2025T17:35:39 - [TEST_STEP][PASSED] - if (debug): null

27-02-2025T17:35:39 - [TEST_STEP][PASSED] - if (toggle && myStatus && inList): null

27-02-2025T17:35:39 - [TEST_STEP][PASSED] - if (!(myStatus) && inList || myStatus && !(inList)): null

27-02-2025T17:35:39 - [TEST_STEP][PASSED] - myValue = element.getAttribute("value"): null

27-02-2025T17:35:39 - [TEST_STEP][PASSED] - if (debug): null

27-02-2025T17:35:39 - [TEST_STEP][PASSED] - if (myValue.length() >= 4): null

27-02-2025T17:35:39 - [TEST_STEP][PASSED] - if (myValue.substring(0, 4) == "(!) "): null

27-02-2025T17:35:39 - [TEST_STEP][PASSED] - myType = element.getAttribute("type"): null

27-02-2025T17:35:39 - [TEST_STEP][PASSED] - if (myValue in varParms[i]): null

27-02-2025T17:35:39 - [TEST_STEP][PASSED] - else: null

27-02-2025T17:35:39 - [TEST_STEP][PASSED] - inList = false: null

27-02-2025T17:35:39 - [TEST_STEP][PASSED] - if (myType == "checkbox"): null

27-02-2025T17:35:39 - [TEST_STEP][PASSED] - myStatus = element.isSelected(): null

27-02-2025T17:35:39 - [TEST_STEP][PASSED] - if (debug): null

27-02-2025T17:35:39 - [TEST_STEP][PASSED] - if (toggle && myStatus && inList): null

27-02-2025T17:35:39 - [TEST_STEP][PASSED] - if (!(myStatus) && inList || myStatus && !(inList)): null

27-02-2025T17:35:39 - [TEST_STEP][PASSED] - myValue = element.getAttribute("value"): null

27-02-2025T17:35:39 - [TEST_STEP][PASSED] - if (debug): null

27-02-2025T17:35:39 - [TEST_STEP][PASSED] - if (myValue.length() >= 4): null

27-02-2025T17:35:39 - [TEST_STEP][PASSED] - if (myValue.substring(0, 4) == "(!) "): null

27-02-2025T17:35:39 - [TEST_STEP][PASSED] - myType = element.getAttribute("type"): null

27-02-2025T17:35:39 - [TEST_STEP][PASSED] - if (myValue in varParms[i]): null

27-02-2025T17:35:39 - [TEST_STEP][PASSED] - else: null

27-02-2025T17:35:39 - [TEST_STEP][PASSED] - inList = false: null

27-02-2025T17:35:39 - [TEST_STEP][PASSED] - if (myType == "checkbox"): null

27-02-2025T17:35:39 - [TEST_STEP][PASSED] - myStatus = element.isSelected(): null

27-02-2025T17:35:39 - [TEST_STEP][PASSED] - if (debug): null

27-02-2025T17:35:39 - [TEST_STEP][PASSED] - if (toggle && myStatus && inList): null

27-02-2025T17:35:39 - [TEST_STEP][PASSED] - if (!(myStatus) && inList || myStatus && !(inList)): null

27-02-2025T17:35:39 - [TEST_STEP][PASSED] - myValue = element.getAttribute("value"): null

27-02-2025T17:35:39 - [TEST_STEP][PASSED] - if (debug): null

27-02-2025T17:35:39 - [TEST_STEP][PASSED] - if (myValue.length() >= 4): null

27-02-2025T17:35:39 - [TEST_STEP][PASSED] - if (myValue.substring(0, 4) == "(!) "): null

27-02-2025T17:35:39 - [TEST_STEP][PASSED] - myType = element.getAttribute("type"): null

27-02-2025T17:35:39 - [TEST_STEP][PASSED] - if (myValue in varParms[i]): null

27-02-2025T17:35:39 - [TEST_STEP][PASSED] - else: null

27-02-2025T17:35:39 - [TEST_STEP][PASSED] - inList = false: null

27-02-2025T17:35:39 - [TEST_STEP][PASSED] - if (myType == "checkbox"): null

27-02-2025T17:35:39 - [TEST_STEP][PASSED] - myStatus = element.isSelected(): null

27-02-2025T17:35:39 - [TEST_STEP][PASSED] - if (debug): null

27-02-2025T17:35:39 - [TEST_STEP][PASSED] - if (toggle && myStatus && inList): null

27-02-2025T17:35:39 - [TEST_STEP][PASSED] - if (!(myStatus) && inList || myStatus && !(inList)): null

27-02-2025T17:35:39 - [TEST_STEP][PASSED] - myValue = element.getAttribute("value"): null

27-02-2025T17:35:39 - [TEST_STEP][PASSED] - if (debug): null

27-02-2025T17:35:39 - [TEST_STEP][PASSED] - if (myValue.length() >= 4): null

27-02-2025T17:35:39 - [TEST_STEP][PASSED] - if (myValue.substring(0, 4) == "(!) "): null

27-02-2025T17:35:39 - [TEST_STEP][PASSED] - myType = element.getAttribute("type"): null

27-02-2025T17:35:39 - [TEST_STEP][PASSED] - if (myValue in varParms[i]): null

27-02-2025T17:35:39 - [TEST_STEP][PASSED] - else: null

27-02-2025T17:35:39 - [TEST_STEP][PASSED] - inList = false: null

27-02-2025T17:35:39 - [TEST_STEP][PASSED] - if (myType == "checkbox"): null

27-02-2025T17:35:39 - [TEST_STEP][PASSED] - myStatus = element.isSelected(): null

27-02-2025T17:35:39 - [TEST_STEP][PASSED] - if (debug): null

27-02-2025T17:35:39 - [TEST_STEP][PASSED] - if (toggle && myStatus && inList): null

27-02-2025T17:35:39 - [TEST_STEP][PASSED] - if (!(myStatus) && inList || myStatus && !(inList)): null

27-02-2025T17:35:39 - [TEST_STEP][PASSED] - myValue = element.getAttribute("value"): null

27-02-2025T17:35:39 - [TEST_STEP][PASSED] - if (debug): null

27-02-2025T17:35:39 - [TEST_STEP][PASSED] - if (myValue.length() >= 4): null

27-02-2025T17:35:39 - [TEST_STEP][PASSED] - if (myValue.substring(0, 4) == "(!) "): null

27-02-2025T17:35:39 - [TEST_STEP][PASSED] - myType = element.getAttribute("type"): null

27-02-2025T17:35:39 - [TEST_STEP][PASSED] - if (myValue in varParms[i]): null

27-02-2025T17:35:39 - [TEST_STEP][PASSED] - else: null

27-02-2025T17:35:39 - [TEST_STEP][PASSED] - inList = false: null

27-02-2025T17:35:39 - [TEST_STEP][PASSED] - if (myType == "checkbox"): null

27-02-2025T17:35:39 - [TEST_STEP][PASSED] - myStatus = element.isSelected(): null

27-02-2025T17:35:39 - [TEST_STEP][PASSED] - if (debug): null

27-02-2025T17:35:39 - [TEST_STEP][PASSED] - if (toggle && myStatus && inList): null

27-02-2025T17:35:39 - [TEST_STEP][PASSED] - if (!(myStatus) && inList || myStatus && !(inList)): null

27-02-2025T17:35:39 - [TEST_STEP][PASSED] - myValue = element.getAttribute("value"): null

27-02-2025T17:35:39 - [TEST_STEP][PASSED] - if (debug): null

27-02-2025T17:35:39 - [TEST_STEP][PASSED] - if (myValue.length() >= 4): null

27-02-2025T17:35:39 - [TEST_STEP][PASSED] - if (myValue.substring(0, 4) == "(!) "): null

27-02-2025T17:35:39 - [TEST_STEP][PASSED] - myType = element.getAttribute("type"): null

27-02-2025T17:35:39 - [TEST_STEP][PASSED] - if (myValue in varParms[i]): null

27-02-2025T17:35:39 - [TEST_STEP][PASSED] - else: null

27-02-2025T17:35:39 - [TEST_STEP][PASSED] - inList = false: null

27-02-2025T17:35:39 - [TEST_STEP][PASSED] - if (myType == "checkbox"): null

27-02-2025T17:35:39 - [TEST_STEP][PASSED] - myStatus = element.isSelected(): null

27-02-2025T17:35:39 - [TEST_STEP][PASSED] - if (debug): null

27-02-2025T17:35:39 - [TEST_STEP][PASSED] - if (toggle && myStatus && inList): null

27-02-2025T17:35:39 - [TEST_STEP][PASSED] - if (!(myStatus) && inList || myStatus && !(inList)): null

27-02-2025T17:35:39 - [TEST_STEP][PASSED] - myValue = element.getAttribute("value"): null

27-02-2025T17:35:39 - [TEST_STEP][PASSED] - if (debug): null

27-02-2025T17:35:39 - [TEST_STEP][PASSED] - if (myValue.length() >= 4): null

27-02-2025T17:35:39 - [TEST_STEP][PASSED] - if (myValue.substring(0, 4) == "(!) "): null

27-02-2025T17:35:39 - [TEST_STEP][PASSED] - myType = element.getAttribute("type"): null

27-02-2025T17:35:39 - [TEST_STEP][PASSED] - if (myValue in varParms[i]): null

27-02-2025T17:35:39 - [TEST_STEP][PASSED] - else: null

27-02-2025T17:35:39 - [TEST_STEP][PASSED] - inList = false: null

27-02-2025T17:35:39 - [TEST_STEP][PASSED] - if (myType == "checkbox"): null

27-02-2025T17:35:39 - [TEST_STEP][PASSED] - myStatus = element.isSelected(): null

27-02-2025T17:35:39 - [TEST_STEP][PASSED] - if (debug): null

27-02-2025T17:35:39 - [TEST_STEP][PASSED] - if (toggle && myStatus && inList): null

27-02-2025T17:35:39 - [TEST_STEP][PASSED] - if (!(myStatus) && inList || myStatus && !(inList)): null

27-02-2025T17:35:39 - [TEST_STEP][PASSED] - myValue = element.getAttribute("value"): null

27-02-2025T17:35:39 - [TEST_STEP][PASSED] - if (debug): null

27-02-2025T17:35:39 - [TEST_STEP][PASSED] - if (myValue.length() >= 4): null

27-02-2025T17:35:39 - [TEST_STEP][PASSED] - if (myValue.substring(0, 4) == "(!) "): null

27-02-2025T17:35:39 - [TEST_STEP][PASSED] - myType = element.getAttribute("type"): null

27-02-2025T17:35:39 - [TEST_STEP][PASSED] - if (myValue in varParms[i]): null

27-02-2025T17:35:39 - [TEST_STEP][PASSED] - else: null

27-02-2025T17:35:39 - [TEST_STEP][PASSED] - inList = false: null

27-02-2025T17:35:39 - [TEST_STEP][PASSED] - if (myType == "checkbox"): null

27-02-2025T17:35:39 - [TEST_STEP][PASSED] - myStatus = element.isSelected(): null

27-02-2025T17:35:39 - [TEST_STEP][PASSED] - if (debug): null

27-02-2025T17:35:39 - [TEST_STEP][PASSED] - if (toggle && myStatus && inList): null

27-02-2025T17:35:39 - [TEST_STEP][PASSED] - if (!(myStatus) && inList || myStatus && !(inList)): null

27-02-2025T17:35:39 - [TEST_STEP][PASSED] - myValue = element.getAttribute("value"): null

27-02-2025T17:35:39 - [TEST_STEP][PASSED] - if (debug): null

27-02-2025T17:35:39 - [TEST_STEP][PASSED] - if (myValue.length() >= 4): null

27-02-2025T17:35:39 - [TEST_STEP][PASSED] - if (myValue.substring(0, 4) == "(!) "): null

27-02-2025T17:35:39 - [TEST_STEP][PASSED] - myType = element.getAttribute("type"): null

27-02-2025T17:35:39 - [TEST_STEP][PASSED] - if (myValue in varParms[i]): null

27-02-2025T17:35:39 - [TEST_STEP][PASSED] - else: null

27-02-2025T17:35:39 - [TEST_STEP][PASSED] - inList = false: null

27-02-2025T17:35:39 - [TEST_STEP][PASSED] - if (myType == "checkbox"): null

27-02-2025T17:35:39 - [TEST_STEP][PASSED] - myStatus = element.isSelected(): null

27-02-2025T17:35:39 - [TEST_STEP][PASSED] - if (debug): null

27-02-2025T17:35:39 - [TEST_STEP][PASSED] - if (toggle && myStatus && inList): null

27-02-2025T17:35:39 - [TEST_STEP][PASSED] - if (!(myStatus) && inList || myStatus && !(inList)): null

27-02-2025T17:35:39 - [TEST_STEP][PASSED] - myValue = element.getAttribute("value"): null

27-02-2025T17:35:39 - [TEST_STEP][PASSED] - if (debug): null

27-02-2025T17:35:39 - [TEST_STEP][PASSED] - if (myValue.length() >= 4): null

27-02-2025T17:35:39 - [TEST_STEP][PASSED] - if (myValue.substring(0, 4) == "(!) "): null

27-02-2025T17:35:39 - [TEST_STEP][PASSED] - myType = element.getAttribute("type"): null

27-02-2025T17:35:39 - [TEST_STEP][PASSED] - if (myValue in varParms[i]): null

27-02-2025T17:35:39 - [TEST_STEP][PASSED] - else: null

27-02-2025T17:35:39 - [TEST_STEP][PASSED] - inList = false: null

27-02-2025T17:35:39 - [TEST_STEP][PASSED] - if (myType == "checkbox"): null

27-02-2025T17:35:39 - [TEST_STEP][PASSED] - myStatus = element.isSelected(): null

27-02-2025T17:35:39 - [TEST_STEP][PASSED] - if (debug): null

27-02-2025T17:35:39 - [TEST_STEP][PASSED] - if (toggle && myStatus && inList): null

27-02-2025T17:35:39 - [TEST_STEP][PASSED] - if (!(myStatus) && inList || myStatus && !(inList)): null

27-02-2025T17:35:39 - [TEST_STEP][PASSED] - myValue = element.getAttribute("value"): null

27-02-2025T17:35:39 - [TEST_STEP][PASSED] - if (debug): null

27-02-2025T17:35:39 - [TEST_STEP][PASSED] - if (myValue.length() >= 4): null

27-02-2025T17:35:39 - [TEST_STEP][PASSED] - if (myValue.substring(0, 4) == "(!) "): null

27-02-2025T17:35:39 - [TEST_STEP][PASSED] - myType = element.getAttribute("type"): null

27-02-2025T17:35:39 - [TEST_STEP][PASSED] - if (myValue in varParms[i]): null

27-02-2025T17:35:39 - [TEST_STEP][PASSED] - else: null

27-02-2025T17:35:39 - [TEST_STEP][PASSED] - inList = false: null

27-02-2025T17:35:39 - [TEST_STEP][PASSED] - if (myType == "checkbox"): null

27-02-2025T17:35:39 - [TEST_STEP][PASSED] - myStatus = element.isSelected(): null

27-02-2025T17:35:39 - [TEST_STEP][PASSED] - if (debug): null

27-02-2025T17:35:39 - [TEST_STEP][PASSED] - if (toggle && myStatus && inList): null

27-02-2025T17:35:39 - [TEST_STEP][PASSED] - if (!(myStatus) && inList || myStatus && !(inList)): null

27-02-2025T17:35:39 - [TEST_STEP][PASSED] - myValue = element.getAttribute("value"): null

27-02-2025T17:35:39 - [TEST_STEP][PASSED] - if (debug): null

27-02-2025T17:35:39 - [TEST_STEP][PASSED] - if (myValue.length() >= 4): null

27-02-2025T17:35:39 - [TEST_STEP][PASSED] - if (myValue.substring(0, 4) == "(!) "): null

27-02-2025T17:35:39 - [TEST_STEP][PASSED] - myType = element.getAttribute("type"): null

27-02-2025T17:35:39 - [TEST_STEP][PASSED] - if (myValue in varParms[i]): null

27-02-2025T17:35:39 - [TEST_STEP][PASSED] - else: null

27-02-2025T17:35:39 - [TEST_STEP][PASSED] - inList = false: null

27-02-2025T17:35:39 - [TEST_STEP][PASSED] - if (myType == "checkbox"): null

27-02-2025T17:35:39 - [TEST_STEP][PASSED] - myStatus = element.isSelected(): null

27-02-2025T17:35:39 - [TEST_STEP][PASSED] - if (debug): null

27-02-2025T17:35:39 - [TEST_STEP][PASSED] - if (toggle && myStatus && inList): null

27-02-2025T17:35:39 - [TEST_STEP][PASSED] - if (!(myStatus) && inList || myStatus && !(inList)): null

27-02-2025T17:35:39 - [TEST_STEP][PASSED] - myValue = element.getAttribute("value"): null

27-02-2025T17:35:39 - [TEST_STEP][PASSED] - if (debug): null

27-02-2025T17:35:39 - [TEST_STEP][PASSED] - if (myValue.length() >= 4): null

27-02-2025T17:35:39 - [TEST_STEP][PASSED] - if (myValue.substring(0, 4) == "(!) "): null

27-02-2025T17:35:39 - [TEST_STEP][PASSED] - myType = element.getAttribute("type"): null

27-02-2025T17:35:39 - [TEST_STEP][PASSED] - if (myValue in varParms[i]): null

27-02-2025T17:35:39 - [TEST_STEP][PASSED] - else: null

27-02-2025T17:35:39 - [TEST_STEP][PASSED] - inList = false: null

27-02-2025T17:35:39 - [TEST_STEP][PASSED] - if (myType == "checkbox"): null

27-02-2025T17:35:39 - [TEST_STEP][PASSED] - myStatus = element.isSelected(): null

27-02-2025T17:35:39 - [TEST_STEP][PASSED] - if (debug): null

27-02-2025T17:35:39 - [TEST_STEP][PASSED] - if (toggle && myStatus && inList): null

27-02-2025T17:35:39 - [TEST_STEP][PASSED] - if (!(myStatus) && inList || myStatus && !(inList)): null

27-02-2025T17:35:39 - [TEST_STEP][PASSED] - myValue = element.getAttribute("value"): null

27-02-2025T17:35:39 - [TEST_STEP][PASSED] - if (debug): null

27-02-2025T17:35:39 - [TEST_STEP][PASSED] - if (myValue.length() >= 4): null

27-02-2025T17:35:39 - [TEST_STEP][PASSED] - if (myValue.substring(0, 4) == "(!) "): null

27-02-2025T17:35:39 - [TEST_STEP][PASSED] - myType = element.getAttribute("type"): null

27-02-2025T17:35:39 - [TEST_STEP][PASSED] - if (myValue in varParms[i]): null

27-02-2025T17:35:39 - [TEST_STEP][PASSED] - else: null

27-02-2025T17:35:39 - [TEST_STEP][PASSED] - inList = false: null

27-02-2025T17:35:39 - [TEST_STEP][PASSED] - if (myType == "checkbox"): null

27-02-2025T17:35:39 - [TEST_STEP][PASSED] - myStatus = element.isSelected(): null

27-02-2025T17:35:39 - [TEST_STEP][PASSED] - if (debug): null

27-02-2025T17:35:39 - [TEST_STEP][PASSED] - if (toggle && myStatus && inList): null

27-02-2025T17:35:39 - [TEST_STEP][PASSED] - if (!(myStatus) && inList || myStatus && !(inList)): null

27-02-2025T17:35:39 - [TEST_STEP][PASSED] - myValue = element.getAttribute("value"): null

27-02-2025T17:35:39 - [TEST_STEP][PASSED] - if (debug): null

27-02-2025T17:35:39 - [TEST_STEP][PASSED] - if (myValue.length() >= 4): null

27-02-2025T17:35:39 - [TEST_STEP][PASSED] - if (myValue.substring(0, 4) == "(!) "): null

27-02-2025T17:35:39 - [TEST_STEP][PASSED] - myType = element.getAttribute("type"): null

27-02-2025T17:35:39 - [TEST_STEP][PASSED] - if (myValue in varParms[i]): null

27-02-2025T17:35:39 - [TEST_STEP][PASSED] - else: null

27-02-2025T17:35:39 - [TEST_STEP][PASSED] - inList = false: null

27-02-2025T17:35:39 - [TEST_STEP][PASSED] - if (myType == "checkbox"): null

27-02-2025T17:35:39 - [TEST_STEP][PASSED] - myStatus = element.isSelected(): null

27-02-2025T17:35:39 - [TEST_STEP][PASSED] - if (debug): null

27-02-2025T17:35:39 - [TEST_STEP][PASSED] - if (toggle && myStatus && inList): null

27-02-2025T17:35:39 - [TEST_STEP][PASSED] - if (!(myStatus) && inList || myStatus && !(inList)): null

27-02-2025T17:35:39 - [TEST_STEP][PASSED] - myValue = element.getAttribute("value"): null

27-02-2025T17:35:39 - [TEST_STEP][PASSED] - if (debug): null

27-02-2025T17:35:39 - [TEST_STEP][PASSED] - if (myValue.length() >= 4): null

27-02-2025T17:35:39 - [TEST_STEP][PASSED] - if (myValue.substring(0, 4) == "(!) "): null

27-02-2025T17:35:39 - [TEST_STEP][PASSED] - myType = element.getAttribute("type"): null

27-02-2025T17:35:39 - [TEST_STEP][PASSED] - if (myValue in varParms[i]): null

27-02-2025T17:35:39 - [TEST_STEP][PASSED] - else: null

27-02-2025T17:35:39 - [TEST_STEP][PASSED] - inList = false: null

27-02-2025T17:35:39 - [TEST_STEP][PASSED] - if (myType == "checkbox"): null

27-02-2025T17:35:39 - [TEST_STEP][PASSED] - myStatus = element.isSelected(): null

27-02-2025T17:35:39 - [TEST_STEP][PASSED] - if (debug): null

27-02-2025T17:35:39 - [TEST_STEP][PASSED] - if (toggle && myStatus && inList): null

27-02-2025T17:35:39 - [TEST_STEP][PASSED] - if (!(myStatus) && inList || myStatus && !(inList)): null

27-02-2025T17:35:39 - [TEST_STEP][PASSED] - myValue = element.getAttribute("value"): null

27-02-2025T17:35:39 - [TEST_STEP][PASSED] - if (debug): null

27-02-2025T17:35:39 - [TEST_STEP][PASSED] - if (myValue.length() >= 4): null

27-02-2025T17:35:39 - [TEST_STEP][PASSED] - if (myValue.substring(0, 4) == "(!) "): null

27-02-2025T17:35:39 - [TEST_STEP][PASSED] - myType = element.getAttribute("type"): null

27-02-2025T17:35:39 - [TEST_STEP][PASSED] - if (myValue in varParms[i]): null

27-02-2025T17:35:39 - [TEST_STEP][PASSED] - else: null

27-02-2025T17:35:39 - [TEST_STEP][PASSED] - inList = false: null

27-02-2025T17:35:39 - [TEST_STEP][PASSED] - if (myType == "checkbox"): null

27-02-2025T17:35:39 - [TEST_STEP][PASSED] - myStatus = element.isSelected(): null

27-02-2025T17:35:39 - [TEST_STEP][PASSED] - if (debug): null

27-02-2025T17:35:39 - [TEST_STEP][PASSED] - if (toggle && myStatus && inList): null

27-02-2025T17:35:39 - [TEST_STEP][PASSED] - if (!(myStatus) && inList || myStatus && !(inList)): null

27-02-2025T17:35:39 - [TEST_STEP][PASSED] - myValue = element.getAttribute("value"): null

27-02-2025T17:35:39 - [TEST_STEP][PASSED] - if (debug): null

27-02-2025T17:35:39 - [TEST_STEP][PASSED] - if (myValue.length() >= 4): null

27-02-2025T17:35:39 - [TEST_STEP][PASSED] - if (myValue.substring(0, 4) == "(!) "): null

27-02-2025T17:35:39 - [TEST_STEP][PASSED] - myType = element.getAttribute("type"): null

27-02-2025T17:35:39 - [TEST_STEP][PASSED] - if (myValue in varParms[i]): null

27-02-2025T17:35:39 - [TEST_STEP][PASSED] - else: null

27-02-2025T17:35:39 - [TEST_STEP][PASSED] - inList = false: null

27-02-2025T17:35:39 - [TEST_STEP][PASSED] - if (myType == "checkbox"): null

27-02-2025T17:35:39 - [TEST_STEP][PASSED] - myStatus = element.isSelected(): null

27-02-2025T17:35:39 - [TEST_STEP][PASSED] - if (debug): null

27-02-2025T17:35:39 - [TEST_STEP][PASSED] - if (toggle && myStatus && inList): null

27-02-2025T17:35:39 - [TEST_STEP][PASSED] - if (!(myStatus) && inList || myStatus && !(inList)): null

27-02-2025T17:35:39 - [TEST_STEP][PASSED] - myValue = element.getAttribute("value"): null

27-02-2025T17:35:39 - [TEST_STEP][PASSED] - if (debug): null

27-02-2025T17:35:39 - [TEST_STEP][PASSED] - if (myValue.length() >= 4): null

27-02-2025T17:35:39 - [TEST_STEP][PASSED] - if (myValue.substring(0, 4) == "(!) "): null

27-02-2025T17:35:39 - [TEST_STEP][PASSED] - myType = element.getAttribute("type"): null

27-02-2025T17:35:39 - [TEST_STEP][PASSED] - if (myValue in varParms[i]): null

27-02-2025T17:35:39 - [TEST_STEP][PASSED] - else: null

27-02-2025T17:35:39 - [TEST_STEP][PASSED] - inList = false: null

27-02-2025T17:35:39 - [TEST_STEP][PASSED] - if (myType == "checkbox"): null

27-02-2025T17:35:39 - [TEST_STEP][PASSED] - myStatus = element.isSelected(): null

27-02-2025T17:35:39 - [TEST_STEP][PASSED] - if (debug): null

27-02-2025T17:35:39 - [TEST_STEP][PASSED] - if (toggle && myStatus && inList): null

27-02-2025T17:35:39 - [TEST_STEP][PASSED] - if (!(myStatus) && inList || myStatus && !(inList)): null

27-02-2025T17:35:39 - [TEST_STEP][PASSED] - myValue = element.getAttribute("value"): null

27-02-2025T17:35:39 - [TEST_STEP][PASSED] - if (debug): null

27-02-2025T17:35:39 - [TEST_STEP][PASSED] - if (myValue.length() >= 4): null

27-02-2025T17:35:39 - [TEST_STEP][PASSED] - if (myValue.substring(0, 4) == "(!) "): null

27-02-2025T17:35:39 - [TEST_STEP][PASSED] - myType = element.getAttribute("type"): null

27-02-2025T17:35:39 - [TEST_STEP][PASSED] - if (myValue in varParms[i]): null

27-02-2025T17:35:39 - [TEST_STEP][PASSED] - else: null

27-02-2025T17:35:39 - [TEST_STEP][PASSED] - inList = false: null

27-02-2025T17:35:39 - [TEST_STEP][PASSED] - if (myType == "checkbox"): null

27-02-2025T17:35:39 - [TEST_STEP][PASSED] - myStatus = element.isSelected(): null

27-02-2025T17:35:39 - [TEST_STEP][PASSED] - if (debug): null

27-02-2025T17:35:39 - [TEST_STEP][PASSED] - if (toggle && myStatus && inList): null

27-02-2025T17:35:39 - [TEST_STEP][PASSED] - if (!(myStatus) && inList || myStatus && !(inList)): null

27-02-2025T17:35:39 - [TEST_STEP][PASSED] - myValue = element.getAttribute("value"): null

27-02-2025T17:35:39 - [TEST_STEP][PASSED] - if (debug): null

27-02-2025T17:35:39 - [TEST_STEP][PASSED] - if (myValue.length() >= 4): null

27-02-2025T17:35:39 - [TEST_STEP][PASSED] - if (myValue.substring(0, 4) == "(!) "): null

27-02-2025T17:35:39 - [TEST_STEP][PASSED] - myType = element.getAttribute("type"): null

27-02-2025T17:35:39 - [TEST_STEP][PASSED] - if (myValue in varParms[i]): null

27-02-2025T17:35:39 - [TEST_STEP][PASSED] - else: null

27-02-2025T17:35:39 - [TEST_STEP][PASSED] - inList = false: null

27-02-2025T17:35:39 - [TEST_STEP][PASSED] - if (myType == "checkbox"): null

27-02-2025T17:35:39 - [TEST_STEP][PASSED] - myStatus = element.isSelected(): null

27-02-2025T17:35:39 - [TEST_STEP][PASSED] - if (debug): null

27-02-2025T17:35:39 - [TEST_STEP][PASSED] - if (toggle && myStatus && inList): null

27-02-2025T17:35:39 - [TEST_STEP][PASSED] - if (!(myStatus) && inList || myStatus && !(inList)): null

27-02-2025T17:35:39 - [TEST_STEP][PASSED] - myValue = element.getAttribute("value"): null

27-02-2025T17:35:39 - [TEST_STEP][PASSED] - if (debug): null

27-02-2025T17:35:39 - [TEST_STEP][PASSED] - if (myValue.length() >= 4): null

27-02-2025T17:35:39 - [TEST_STEP][PASSED] - if (myValue.substring(0, 4) == "(!) "): null

27-02-2025T17:35:39 - [TEST_STEP][PASSED] - myType = element.getAttribute("type"): null

27-02-2025T17:35:39 - [TEST_STEP][PASSED] - if (myValue in varParms[i]): null

27-02-2025T17:35:39 - [TEST_STEP][PASSED] - else: null

27-02-2025T17:35:39 - [TEST_STEP][PASSED] - inList = false: null

27-02-2025T17:35:39 - [TEST_STEP][PASSED] - if (myType == "checkbox"): null

27-02-2025T17:35:39 - [TEST_STEP][PASSED] - myStatus = element.isSelected(): null

27-02-2025T17:35:39 - [TEST_STEP][PASSED] - if (debug): null

27-02-2025T17:35:39 - [TEST_STEP][PASSED] - if (toggle && myStatus && inList): null

27-02-2025T17:35:39 - [TEST_STEP][PASSED] - if (!(myStatus) && inList || myStatus && !(inList)): null

27-02-2025T17:35:39 - [TEST_STEP][PASSED] - myValue = element.getAttribute("value"): null

27-02-2025T17:35:39 - [TEST_STEP][PASSED] - if (debug): null

27-02-2025T17:35:39 - [TEST_STEP][PASSED] - if (myValue.length() >= 4): null

27-02-2025T17:35:39 - [TEST_STEP][PASSED] - if (myValue.substring(0, 4) == "(!) "): null

27-02-2025T17:35:39 - [TEST_STEP][PASSED] - myType = element.getAttribute("type"): null

27-02-2025T17:35:39 - [TEST_STEP][PASSED] - if (myValue in varParms[i]): null

27-02-2025T17:35:39 - [TEST_STEP][PASSED] - else: null

27-02-2025T17:35:39 - [TEST_STEP][PASSED] - inList = false: null

27-02-2025T17:35:39 - [TEST_STEP][PASSED] - if (myType == "checkbox"): null

27-02-2025T17:35:39 - [TEST_STEP][PASSED] - myStatus = element.isSelected(): null

27-02-2025T17:35:39 - [TEST_STEP][PASSED] - if (debug): null

27-02-2025T17:35:39 - [TEST_STEP][PASSED] - if (toggle && myStatus && inList): null

27-02-2025T17:35:39 - [TEST_STEP][PASSED] - if (!(myStatus) && inList || myStatus && !(inList)): null

27-02-2025T17:35:39 - [TEST_STEP][PASSED] - myValue = element.getAttribute("value"): null

27-02-2025T17:35:39 - [TEST_STEP][PASSED] - if (debug): null

27-02-2025T17:35:39 - [TEST_STEP][PASSED] - if (myValue.length() >= 4): null

27-02-2025T17:35:39 - [TEST_STEP][PASSED] - if (myValue.substring(0, 4) == "(!) "): null

27-02-2025T17:35:39 - [TEST_STEP][PASSED] - myType = element.getAttribute("type"): null

27-02-2025T17:35:39 - [TEST_STEP][PASSED] - if (myValue in varParms[i]): null

27-02-2025T17:35:39 - [TEST_STEP][PASSED] - else: null

27-02-2025T17:35:39 - [TEST_STEP][PASSED] - inList = false: null

27-02-2025T17:35:39 - [TEST_STEP][PASSED] - if (myType == "checkbox"): null

27-02-2025T17:35:39 - [TEST_STEP][PASSED] - myStatus = element.isSelected(): null

27-02-2025T17:35:39 - [TEST_STEP][PASSED] - if (debug): null

27-02-2025T17:35:39 - [TEST_STEP][PASSED] - if (toggle && myStatus && inList): null

27-02-2025T17:35:39 - [TEST_STEP][PASSED] - if (!(myStatus) && inList || myStatus && !(inList)): null

27-02-2025T17:35:39 - [TEST_STEP][PASSED] - myValue = element.getAttribute("value"): null

27-02-2025T17:35:39 - [TEST_STEP][PASSED] - if (debug): null

27-02-2025T17:35:39 - [TEST_STEP][PASSED] - if (myValue.length() >= 4): null

27-02-2025T17:35:39 - [TEST_STEP][PASSED] - if (myValue.substring(0, 4) == "(!) "): null

27-02-2025T17:35:39 - [TEST_STEP][PASSED] - myType = element.getAttribute("type"): null

27-02-2025T17:35:39 - [TEST_STEP][PASSED] - if (myValue in varParms[i]): null

27-02-2025T17:35:39 - [TEST_STEP][PASSED] - inList = true: null

27-02-2025T17:35:39 - [TEST_STEP][PASSED] - if (myType == "checkbox"): null

27-02-2025T17:35:39 - [TEST_STEP][PASSED] - myStatus = element.isSelected(): null

27-02-2025T17:35:39 - [TEST_STEP][PASSED] - if (debug): null

27-02-2025T17:35:39 - [TEST_STEP][PASSED] - if (toggle && myStatus && inList): null

27-02-2025T17:35:39 - [TEST_STEP][PASSED] - if (!(myStatus) && inList || myStatus && !(inList)): null

27-02-2025T17:35:39 - [TEST_STEP][PASSED] - if (debug): null

27-02-2025T17:35:39 - [TEST_STEP][PASSED] - println("Clicking " + myValue): null

27-02-2025T17:35:39 - [TEST_STEP][PASSED] - click(element): null

27-02-2025T17:35:39 - [TEST_STEP][PASSED] - scrollToObject(elem): null

27-02-2025T17:35:39 - [TEST_STEP][PASSED] - loc = element.getLocation(): null

27-02-2025T17:35:39 - [TEST_STEP][PASSED] - if (debug): null

27-02-2025T17:35:39 - [TEST_STEP][PASSED] - y = loc.getY(): null

27-02-2025T17:35:39 - [TEST_STEP][PASSED] - println("Y location is " + y): null

27-02-2025T17:35:39 - [TEST_STEP][PASSED] - top = getViewportTopPosition(): Current viewport's top (y) position is 1471

27-02-2025T17:35:39 - [MESSAGE][PASSED] - Current viewport's top (y) position is 1471

27-02-2025T17:35:39 - [TEST_STEP][PASSED] - println("Viewport top is " + top): null

27-02-2025T17:35:39 - [TEST_STEP][PASSED] - bottom = top + 600: null

27-02-2025T17:35:39 - [TEST_STEP][PASSED] - if (y - top < 150 || bottom - y < 10): null

27-02-2025T17:35:39 - [TEST_STEP][PASSED] - elem.click(): null

27-02-2025T17:35:39 - [TEST_STEP][PASSED] - myValue = element.getAttribute("value"): null

27-02-2025T17:35:39 - [TEST_STEP][PASSED] - if (debug): null

27-02-2025T17:35:39 - [TEST_STEP][PASSED] - if (myValue.length() >= 4): null

27-02-2025T17:35:39 - [TEST_STEP][PASSED] - if (myValue.substring(0, 4) == "(!) "): null

27-02-2025T17:35:39 - [TEST_STEP][PASSED] - myType = element.getAttribute("type"): null

27-02-2025T17:35:39 - [TEST_STEP][PASSED] - if (myValue in varParms[i]): null

27-02-2025T17:35:39 - [TEST_STEP][PASSED] - inList = true: null

27-02-2025T17:35:39 - [TEST_STEP][PASSED] - if (myType == "checkbox"): null

27-02-2025T17:35:39 - [TEST_STEP][PASSED] - myStatus = element.isSelected(): null

27-02-2025T17:35:39 - [TEST_STEP][PASSED] - if (debug): null

27-02-2025T17:35:39 - [TEST_STEP][PASSED] - if (toggle && myStatus && inList): null

27-02-2025T17:35:39 - [TEST_STEP][PASSED] - if (!(myStatus) && inList || myStatus && !(inList)): null

27-02-2025T17:35:39 - [TEST_STEP][PASSED] - if (debug): null

27-02-2025T17:35:39 - [TEST_STEP][PASSED] - println("Clicking " + myValue): null

27-02-2025T17:35:39 - [TEST_STEP][PASSED] - click(element): null

27-02-2025T17:35:39 - [TEST_STEP][PASSED] - scrollToObject(elem): null

27-02-2025T17:35:39 - [TEST_STEP][PASSED] - loc = element.getLocation(): null

27-02-2025T17:35:39 - [TEST_STEP][PASSED] - if (debug): null

27-02-2025T17:35:39 - [TEST_STEP][PASSED] - y = loc.getY(): null

27-02-2025T17:35:39 - [TEST_STEP][PASSED] - println("Y location is " + y): null

27-02-2025T17:35:39 - [TEST_STEP][PASSED] - top = getViewportTopPosition(): Current viewport's top (y) position is 1471

27-02-2025T17:35:39 - [MESSAGE][PASSED] - Current viewport's top (y) position is 1471

27-02-2025T17:35:39 - [TEST_STEP][PASSED] - println("Viewport top is " + top): null

27-02-2025T17:35:39 - [TEST_STEP][PASSED] - bottom = top + 600: null

27-02-2025T17:35:39 - [TEST_STEP][PASSED] - if (y - top < 150 || bottom - y < 10): Delayed 1 second(s)

27-02-2025T17:35:39 - [TEST_STEP][PASSED] - scrollToPosition(0, y - 150): Browser is scrolled to position x = 0, y = 1913

27-02-2025T17:35:39 - [MESSAGE][PASSED] - Browser is scrolled to position x = 0, y = 1913

27-02-2025T17:35:39 - [TEST_STEP][PASSED] - delay(1): Delayed 1 second(s)

27-02-2025T17:35:40 - [MESSAGE][PASSED] - Delayed 1 second(s)

27-02-2025T17:35:40 - [TEST_STEP][PASSED] - elem.click(): null

27-02-2025T17:35:40 - [TEST_STEP][PASSED] - myValue = element.getAttribute("value"): null

27-02-2025T17:35:40 - [TEST_STEP][PASSED] - if (debug): null

27-02-2025T17:35:40 - [TEST_STEP][PASSED] - if (myValue.length() >= 4): null

27-02-2025T17:35:40 - [TEST_STEP][PASSED] - if (myValue.substring(0, 4) == "(!) "): null

27-02-2025T17:35:40 - [TEST_STEP][PASSED] - myType = element.getAttribute("type"): null

27-02-2025T17:35:40 - [TEST_STEP][PASSED] - if (myValue in varParms[i]): null

27-02-2025T17:35:40 - [TEST_STEP][PASSED] - inList = true: null

27-02-2025T17:35:40 - [TEST_STEP][PASSED] - if (myType == "checkbox"): null

27-02-2025T17:35:40 - [TEST_STEP][PASSED] - myStatus = element.isSelected(): null

27-02-2025T17:35:40 - [TEST_STEP][PASSED] - if (debug): null

27-02-2025T17:35:40 - [TEST_STEP][PASSED] - if (toggle && myStatus && inList): null

27-02-2025T17:35:40 - [TEST_STEP][PASSED] - if (!(myStatus) && inList || myStatus && !(inList)): null

27-02-2025T17:35:40 - [TEST_STEP][PASSED] - if (debug): null

27-02-2025T17:35:40 - [TEST_STEP][PASSED] - println("Clicking " + myValue): null

27-02-2025T17:35:40 - [TEST_STEP][PASSED] - click(element): null

27-02-2025T17:35:40 - [TEST_STEP][PASSED] - scrollToObject(elem): null

27-02-2025T17:35:40 - [TEST_STEP][PASSED] - loc = element.getLocation(): null

27-02-2025T17:35:40 - [TEST_STEP][PASSED] - if (debug): null

27-02-2025T17:35:40 - [TEST_STEP][PASSED] - y = loc.getY(): null

27-02-2025T17:35:40 - [TEST_STEP][PASSED] - println("Y location is " + y): null

27-02-2025T17:35:40 - [TEST_STEP][PASSED] - top = getViewportTopPosition(): Current viewport's top (y) position is 1913

27-02-2025T17:35:40 - [MESSAGE][PASSED] - Current viewport's top (y) position is 1913

27-02-2025T17:35:40 - [TEST_STEP][PASSED] - println("Viewport top is " + top): null

27-02-2025T17:35:40 - [TEST_STEP][PASSED] - bottom = top + 600: null

27-02-2025T17:35:40 - [TEST_STEP][PASSED] - if (y - top < 150 || bottom - y < 10): null

27-02-2025T17:35:40 - [TEST_STEP][PASSED] - elem.click(): null

27-02-2025T17:35:40 - [TEST_STEP][PASSED] - myValue = element.getAttribute("value"): null

27-02-2025T17:35:40 - [TEST_STEP][PASSED] - if (debug): null

27-02-2025T17:35:40 - [TEST_STEP][PASSED] - if (myValue.length() >= 4): null

27-02-2025T17:35:40 - [TEST_STEP][PASSED] - if (myValue.substring(0, 4) == "(!) "): null

27-02-2025T17:35:40 - [TEST_STEP][PASSED] - myType = element.getAttribute("type"): null

27-02-2025T17:35:40 - [TEST_STEP][PASSED] - if (myValue in varParms[i]): null

27-02-2025T17:35:40 - [TEST_STEP][PASSED] - else: null

27-02-2025T17:35:40 - [TEST_STEP][PASSED] - inList = false: null

27-02-2025T17:35:40 - [TEST_STEP][PASSED] - if (myType == "checkbox"): null

27-02-2025T17:35:40 - [TEST_STEP][PASSED] - myStatus = element.isSelected(): null

27-02-2025T17:35:40 - [TEST_STEP][PASSED] - if (debug): null

27-02-2025T17:35:40 - [TEST_STEP][PASSED] - if (toggle && myStatus && inList): null

27-02-2025T17:35:40 - [TEST_STEP][PASSED] - if (!(myStatus) && inList || myStatus && !(inList)): null

27-02-2025T17:35:40 - [TEST_STEP][PASSED] - myValue = element.getAttribute("value"): null

27-02-2025T17:35:40 - [TEST_STEP][PASSED] - if (debug): null

27-02-2025T17:35:40 - [TEST_STEP][PASSED] - if (myValue.length() >= 4): null

27-02-2025T17:35:40 - [TEST_STEP][PASSED] - if (myValue.substring(0, 4) == "(!) "): null

27-02-2025T17:35:40 - [TEST_STEP][PASSED] - myType = element.getAttribute("type"): null

27-02-2025T17:35:40 - [TEST_STEP][PASSED] - if (myValue in varParms[i]): null

27-02-2025T17:35:40 - [TEST_STEP][PASSED] - inList = true: null

27-02-2025T17:35:40 - [TEST_STEP][PASSED] - if (myType == "checkbox"): null

27-02-2025T17:35:40 - [TEST_STEP][PASSED] - myStatus = element.isSelected(): null

27-02-2025T17:35:40 - [TEST_STEP][PASSED] - if (debug): null

27-02-2025T17:35:40 - [TEST_STEP][PASSED] - if (toggle && myStatus && inList): null

27-02-2025T17:35:40 - [TEST_STEP][PASSED] - if (!(myStatus) && inList || myStatus && !(inList)): null

27-02-2025T17:35:40 - [TEST_STEP][PASSED] - if (debug): null

27-02-2025T17:35:40 - [TEST_STEP][PASSED] - println("Clicking " + myValue): null

27-02-2025T17:35:40 - [TEST_STEP][PASSED] - click(element): null

27-02-2025T17:35:40 - [TEST_STEP][PASSED] - scrollToObject(elem): null

27-02-2025T17:35:40 - [TEST_STEP][PASSED] - loc = element.getLocation(): null

27-02-2025T17:35:40 - [TEST_STEP][PASSED] - if (debug): null

27-02-2025T17:35:40 - [TEST_STEP][PASSED] - y = loc.getY(): null

27-02-2025T17:35:40 - [TEST_STEP][PASSED] - println("Y location is " + y): null

27-02-2025T17:35:40 - [TEST_STEP][PASSED] - top = getViewportTopPosition(): Current viewport's top (y) position is 1913

27-02-2025T17:35:40 - [MESSAGE][PASSED] - Current viewport's top (y) position is 1913

27-02-2025T17:35:40 - [TEST_STEP][PASSED] - println("Viewport top is " + top): null

27-02-2025T17:35:40 - [TEST_STEP][PASSED] - bottom = top + 600: null

27-02-2025T17:35:40 - [TEST_STEP][PASSED] - if (y - top < 150 || bottom - y < 10): null

27-02-2025T17:35:40 - [TEST_STEP][PASSED] - elem.click(): null

27-02-2025T17:35:40 - [TEST_STEP][PASSED] - myValue = element.getAttribute("value"): null

27-02-2025T17:35:40 - [TEST_STEP][PASSED] - if (debug): null

27-02-2025T17:35:40 - [TEST_STEP][PASSED] - if (myValue.length() >= 4): null

27-02-2025T17:35:40 - [TEST_STEP][PASSED] - if (myValue.substring(0, 4) == "(!) "): null

27-02-2025T17:35:40 - [TEST_STEP][PASSED] - myType = element.getAttribute("type"): null

27-02-2025T17:35:40 - [TEST_STEP][PASSED] - if (myValue in varParms[i]): null

27-02-2025T17:35:40 - [TEST_STEP][PASSED] - else: null

27-02-2025T17:35:40 - [TEST_STEP][PASSED] - inList = false: null

27-02-2025T17:35:40 - [TEST_STEP][PASSED] - if (myType == "checkbox"): null

27-02-2025T17:35:40 - [TEST_STEP][PASSED] - myStatus = element.isSelected(): null

27-02-2025T17:35:40 - [TEST_STEP][PASSED] - if (debug): null

27-02-2025T17:35:40 - [TEST_STEP][PASSED] - if (toggle && myStatus && inList): null

27-02-2025T17:35:40 - [TEST_STEP][PASSED] - if (!(myStatus) && inList || myStatus && !(inList)): null

27-02-2025T17:35:40 - [TEST_STEP][PASSED] - myValue = element.getAttribute("value"): null

27-02-2025T17:35:40 - [TEST_STEP][PASSED] - if (debug): null

27-02-2025T17:35:40 - [TEST_STEP][PASSED] - if (myValue.length() >= 4): null

27-02-2025T17:35:40 - [TEST_STEP][PASSED] - if (myValue.substring(0, 4) == "(!) "): null

27-02-2025T17:35:40 - [TEST_STEP][PASSED] - myType = element.getAttribute("type"): null

27-02-2025T17:35:40 - [TEST_STEP][PASSED] - if (myValue in varParms[i]): null

27-02-2025T17:35:40 - [TEST_STEP][PASSED] - else: null

27-02-2025T17:35:40 - [TEST_STEP][PASSED] - inList = false: null

27-02-2025T17:35:40 - [TEST_STEP][PASSED] - if (myType == "checkbox"): null

27-02-2025T17:35:40 - [TEST_STEP][PASSED] - myStatus = element.isSelected(): null

27-02-2025T17:35:40 - [TEST_STEP][PASSED] - if (debug): null

27-02-2025T17:35:40 - [TEST_STEP][PASSED] - if (toggle && myStatus && inList): null

27-02-2025T17:35:40 - [TEST_STEP][PASSED] - if (!(myStatus) && inList || myStatus && !(inList)): null

27-02-2025T17:35:40 - [TEST_STEP][PASSED] - myValue = element.getAttribute("value"): null

27-02-2025T17:35:40 - [TEST_STEP][PASSED] - if (debug): null

27-02-2025T17:35:40 - [TEST_STEP][PASSED] - if (myValue.length() >= 4): null

27-02-2025T17:35:40 - [TEST_STEP][PASSED] - if (myValue.substring(0, 4) == "(!) "): null

27-02-2025T17:35:40 - [TEST_STEP][PASSED] - myType = element.getAttribute("type"): null

27-02-2025T17:35:40 - [TEST_STEP][PASSED] - if (myValue in varParms[i]): null

27-02-2025T17:35:40 - [TEST_STEP][PASSED] - else: null

27-02-2025T17:35:40 - [TEST_STEP][PASSED] - inList = false: null

27-02-2025T17:35:40 - [TEST_STEP][PASSED] - if (myType == "checkbox"): null

27-02-2025T17:35:40 - [TEST_STEP][PASSED] - myStatus = element.isSelected(): null

27-02-2025T17:35:40 - [TEST_STEP][PASSED] - if (debug): null

27-02-2025T17:35:40 - [TEST_STEP][PASSED] - if (toggle && myStatus && inList): null

27-02-2025T17:35:40 - [TEST_STEP][PASSED] - if (!(myStatus) && inList || myStatus && !(inList)): null

27-02-2025T17:35:40 - [TEST_STEP][PASSED] - myValue = element.getAttribute("value"): null

27-02-2025T17:35:40 - [TEST_STEP][PASSED] - if (debug): null

27-02-2025T17:35:40 - [TEST_STEP][PASSED] - if (myValue.length() >= 4): null

27-02-2025T17:35:40 - [TEST_STEP][PASSED] - if (myValue.substring(0, 4) == "(!) "): null

27-02-2025T17:35:40 - [TEST_STEP][PASSED] - myType = element.getAttribute("type"): null

27-02-2025T17:35:40 - [TEST_STEP][PASSED] - if (myValue in varParms[i]): null

27-02-2025T17:35:40 - [TEST_STEP][PASSED] - inList = true: null

27-02-2025T17:35:40 - [TEST_STEP][PASSED] - if (myType == "checkbox"): null

27-02-2025T17:35:40 - [TEST_STEP][PASSED] - myStatus = element.isSelected(): null

27-02-2025T17:35:40 - [TEST_STEP][PASSED] - if (debug): null

27-02-2025T17:35:40 - [TEST_STEP][PASSED] - if (toggle && myStatus && inList): null

27-02-2025T17:35:40 - [TEST_STEP][PASSED] - if (!(myStatus) && inList || myStatus && !(inList)): null

27-02-2025T17:35:40 - [TEST_STEP][PASSED] - if (debug): null

27-02-2025T17:35:40 - [TEST_STEP][PASSED] - println("Clicking " + myValue): null

27-02-2025T17:35:40 - [TEST_STEP][PASSED] - click(element): null

27-02-2025T17:35:40 - [TEST_STEP][PASSED] - scrollToObject(elem): null

27-02-2025T17:35:40 - [TEST_STEP][PASSED] - loc = element.getLocation(): null

27-02-2025T17:35:40 - [TEST_STEP][PASSED] - if (debug): null

27-02-2025T17:35:40 - [TEST_STEP][PASSED] - y = loc.getY(): null

27-02-2025T17:35:40 - [TEST_STEP][PASSED] - println("Y location is " + y): null

27-02-2025T17:35:40 - [TEST_STEP][PASSED] - top = getViewportTopPosition(): Current viewport's top (y) position is 1913

27-02-2025T17:35:40 - [MESSAGE][PASSED] - Current viewport's top (y) position is 1913

27-02-2025T17:35:40 - [TEST_STEP][PASSED] - println("Viewport top is " + top): null

27-02-2025T17:35:40 - [TEST_STEP][PASSED] - bottom = top + 600: null

27-02-2025T17:35:40 - [TEST_STEP][PASSED] - if (y - top < 150 || bottom - y < 10): null

27-02-2025T17:35:40 - [TEST_STEP][PASSED] - elem.click(): null

27-02-2025T17:35:40 - [TEST_STEP][PASSED] - myValue = element.getAttribute("value"): null

27-02-2025T17:35:40 - [TEST_STEP][PASSED] - if (debug): null

27-02-2025T17:35:40 - [TEST_STEP][PASSED] - if (myValue.length() >= 4): null

27-02-2025T17:35:40 - [TEST_STEP][PASSED] - if (myValue.substring(0, 4) == "(!) "): null

27-02-2025T17:35:40 - [TEST_STEP][PASSED] - myType = element.getAttribute("type"): null

27-02-2025T17:35:40 - [TEST_STEP][PASSED] - if (myValue in varParms[i]): null

27-02-2025T17:35:40 - [TEST_STEP][PASSED] - inList = true: null

27-02-2025T17:35:40 - [TEST_STEP][PASSED] - if (myType == "checkbox"): null

27-02-2025T17:35:40 - [TEST_STEP][PASSED] - myStatus = element.isSelected(): null

27-02-2025T17:35:40 - [TEST_STEP][PASSED] - if (debug): null

27-02-2025T17:35:40 - [TEST_STEP][PASSED] - if (toggle && myStatus && inList): null

27-02-2025T17:35:40 - [TEST_STEP][PASSED] - if (!(myStatus) && inList || myStatus && !(inList)): null

27-02-2025T17:35:40 - [TEST_STEP][PASSED] - if (debug): null

27-02-2025T17:35:40 - [TEST_STEP][PASSED] - println("Clicking " + myValue): null

27-02-2025T17:35:40 - [TEST_STEP][PASSED] - click(element): null

27-02-2025T17:35:40 - [TEST_STEP][PASSED] - scrollToObject(elem): null

27-02-2025T17:35:40 - [TEST_STEP][PASSED] - loc = element.getLocation(): null

27-02-2025T17:35:40 - [TEST_STEP][PASSED] - if (debug): null

27-02-2025T17:35:40 - [TEST_STEP][PASSED] - y = loc.getY(): null

27-02-2025T17:35:40 - [TEST_STEP][PASSED] - println("Y location is " + y): null

27-02-2025T17:35:40 - [TEST_STEP][PASSED] - top = getViewportTopPosition(): Current viewport's top (y) position is 1913

27-02-2025T17:35:40 - [MESSAGE][PASSED] - Current viewport's top (y) position is 1913

27-02-2025T17:35:40 - [TEST_STEP][PASSED] - println("Viewport top is " + top): null

27-02-2025T17:35:40 - [TEST_STEP][PASSED] - bottom = top + 600: null

27-02-2025T17:35:40 - [TEST_STEP][PASSED] - if (y - top < 150 || bottom - y < 10): null

27-02-2025T17:35:40 - [TEST_STEP][PASSED] - elem.click(): null

27-02-2025T17:35:40 - [TEST_STEP][PASSED] - myValue = element.getAttribute("value"): null

27-02-2025T17:35:40 - [TEST_STEP][PASSED] - if (debug): null

27-02-2025T17:35:40 - [TEST_STEP][PASSED] - if (myValue.length() >= 4): null

27-02-2025T17:35:40 - [TEST_STEP][PASSED] - if (myValue.substring(0, 4) == "(!) "): null

27-02-2025T17:35:40 - [TEST_STEP][PASSED] - myType = element.getAttribute("type"): null

27-02-2025T17:35:40 - [TEST_STEP][PASSED] - if (myValue in varParms[i]): null

27-02-2025T17:35:40 - [TEST_STEP][PASSED] - else: null

27-02-2025T17:35:40 - [TEST_STEP][PASSED] - inList = false: null

27-02-2025T17:35:40 - [TEST_STEP][PASSED] - if (myType == "checkbox"): null

27-02-2025T17:35:40 - [TEST_STEP][PASSED] - myStatus = element.isSelected(): null

27-02-2025T17:35:40 - [TEST_STEP][PASSED] - if (debug): null

27-02-2025T17:35:40 - [TEST_STEP][PASSED] - if (toggle && myStatus && inList): null

27-02-2025T17:35:40 - [TEST_STEP][PASSED] - if (!(myStatus) && inList || myStatus && !(inList)): null

27-02-2025T17:35:40 - [TEST_STEP][PASSED] - myValue = element.getAttribute("value"): null

27-02-2025T17:35:40 - [TEST_STEP][PASSED] - if (debug): null

27-02-2025T17:35:40 - [TEST_STEP][PASSED] - if (myValue.length() >= 4): null

27-02-2025T17:35:40 - [TEST_STEP][PASSED] - if (myValue.substring(0, 4) == "(!) "): null

27-02-2025T17:35:40 - [TEST_STEP][PASSED] - myType = element.getAttribute("type"): null

27-02-2025T17:35:40 - [TEST_STEP][PASSED] - if (myValue in varParms[i]): null

27-02-2025T17:35:40 - [TEST_STEP][PASSED] - else: null

27-02-2025T17:35:40 - [TEST_STEP][PASSED] - inList = false: null

27-02-2025T17:35:40 - [TEST_STEP][PASSED] - if (myType == "checkbox"): null

27-02-2025T17:35:40 - [TEST_STEP][PASSED] - myStatus = element.isSelected(): null

27-02-2025T17:35:40 - [TEST_STEP][PASSED] - if (debug): null

27-02-2025T17:35:40 - [TEST_STEP][PASSED] - if (toggle && myStatus && inList): null

27-02-2025T17:35:40 - [TEST_STEP][PASSED] - if (!(myStatus) && inList || myStatus && !(inList)): null

27-02-2025T17:35:40 - [TEST_STEP][PASSED] - myValue = element.getAttribute("value"): null

27-02-2025T17:35:40 - [TEST_STEP][PASSED] - if (debug): null

27-02-2025T17:35:40 - [TEST_STEP][PASSED] - if (myValue.length() >= 4): null

27-02-2025T17:35:40 - [TEST_STEP][PASSED] - if (myValue.substring(0, 4) == "(!) "): null

27-02-2025T17:35:40 - [TEST_STEP][PASSED] - myType = element.getAttribute("type"): null

27-02-2025T17:35:40 - [TEST_STEP][PASSED] - if (myValue in varParms[i]): null

27-02-2025T17:35:40 - [TEST_STEP][PASSED] - inList = true: null

27-02-2025T17:35:40 - [TEST_STEP][PASSED] - if (myType == "checkbox"): null

27-02-2025T17:35:40 - [TEST_STEP][PASSED] - myStatus = element.isSelected(): null

27-02-2025T17:35:40 - [TEST_STEP][PASSED] - if (debug): null

27-02-2025T17:35:40 - [TEST_STEP][PASSED] - if (toggle && myStatus && inList): null

27-02-2025T17:35:40 - [TEST_STEP][PASSED] - if (!(myStatus) && inList || myStatus && !(inList)): null

27-02-2025T17:35:40 - [TEST_STEP][PASSED] - if (debug): null

27-02-2025T17:35:40 - [TEST_STEP][PASSED] - println("Clicking " + myValue): null

27-02-2025T17:35:40 - [TEST_STEP][PASSED] - click(element): null

27-02-2025T17:35:40 - [TEST_STEP][PASSED] - scrollToObject(elem): null

27-02-2025T17:35:40 - [TEST_STEP][PASSED] - loc = element.getLocation(): null

27-02-2025T17:35:40 - [TEST_STEP][PASSED] - if (debug): null

27-02-2025T17:35:40 - [TEST_STEP][PASSED] - y = loc.getY(): null

27-02-2025T17:35:40 - [TEST_STEP][PASSED] - println("Y location is " + y): null

27-02-2025T17:35:40 - [TEST_STEP][PASSED] - top = getViewportTopPosition(): Current viewport's top (y) position is 1913

27-02-2025T17:35:40 - [MESSAGE][PASSED] - Current viewport's top (y) position is 1913

27-02-2025T17:35:40 - [TEST_STEP][PASSED] - println("Viewport top is " + top): null

27-02-2025T17:35:40 - [TEST_STEP][PASSED] - bottom = top + 600: null

27-02-2025T17:35:40 - [TEST_STEP][PASSED] - if (y - top < 150 || bottom - y < 10): null

27-02-2025T17:35:40 - [TEST_STEP][PASSED] - elem.click(): null

27-02-2025T17:35:40 - [TEST_STEP][PASSED] - myValue = element.getAttribute("value"): null

27-02-2025T17:35:40 - [TEST_STEP][PASSED] - if (debug): null

27-02-2025T17:35:40 - [TEST_STEP][PASSED] - if (myValue.length() >= 4): null

27-02-2025T17:35:40 - [TEST_STEP][PASSED] - if (myValue.substring(0, 4) == "(!) "): null

27-02-2025T17:35:40 - [TEST_STEP][PASSED] - myType = element.getAttribute("type"): null

27-02-2025T17:35:40 - [TEST_STEP][PASSED] - if (myValue in varParms[i]): null

27-02-2025T17:35:40 - [TEST_STEP][PASSED] - inList = true: null

27-02-2025T17:35:40 - [TEST_STEP][PASSED] - if (myType == "checkbox"): null

27-02-2025T17:35:40 - [TEST_STEP][PASSED] - myStatus = element.isSelected(): null

27-02-2025T17:35:40 - [TEST_STEP][PASSED] - if (debug): null

27-02-2025T17:35:40 - [TEST_STEP][PASSED] - if (toggle && myStatus && inList): null

27-02-2025T17:35:40 - [TEST_STEP][PASSED] - if (!(myStatus) && inList || myStatus && !(inList)): null

27-02-2025T17:35:40 - [TEST_STEP][PASSED] - if (debug): null

27-02-2025T17:35:40 - [TEST_STEP][PASSED] - println("Clicking " + myValue): null

27-02-2025T17:35:40 - [TEST_STEP][PASSED] - click(element): null

27-02-2025T17:35:40 - [TEST_STEP][PASSED] - scrollToObject(elem): null

27-02-2025T17:35:40 - [TEST_STEP][PASSED] - loc = element.getLocation(): null

27-02-2025T17:35:40 - [TEST_STEP][PASSED] - if (debug): null

27-02-2025T17:35:40 - [TEST_STEP][PASSED] - y = loc.getY(): null

27-02-2025T17:35:40 - [TEST_STEP][PASSED] - println("Y location is " + y): null

27-02-2025T17:35:40 - [TEST_STEP][PASSED] - top = getViewportTopPosition(): Current viewport's top (y) position is 1913

27-02-2025T17:35:40 - [MESSAGE][PASSED] - Current viewport's top (y) position is 1913

27-02-2025T17:35:40 - [TEST_STEP][PASSED] - println("Viewport top is " + top): null

27-02-2025T17:35:40 - [TEST_STEP][PASSED] - bottom = top + 600: null

27-02-2025T17:35:40 - [TEST_STEP][PASSED] - if (y - top < 150 || bottom - y < 10): Delayed 1 second(s)

27-02-2025T17:35:40 - [TEST_STEP][PASSED] - scrollToPosition(0, y - 150): Browser is scrolled to position x = 0, y = 1881

27-02-2025T17:35:40 - [MESSAGE][PASSED] - Browser is scrolled to position x = 0, y = 1881

27-02-2025T17:35:40 - [TEST_STEP][PASSED] - delay(1): Delayed 1 second(s)

27-02-2025T17:35:41 - [MESSAGE][PASSED] - Delayed 1 second(s)

27-02-2025T17:35:41 - [TEST_STEP][PASSED] - elem.click(): null

27-02-2025T17:35:42 - [TEST_STEP][PASSED] - myValue = element.getAttribute("value"): null

27-02-2025T17:35:42 - [TEST_STEP][PASSED] - if (debug): null

27-02-2025T17:35:42 - [TEST_STEP][PASSED] - if (myValue.length() >= 4): null

27-02-2025T17:35:42 - [TEST_STEP][PASSED] - if (myValue.substring(0, 4) == "(!) "): null

27-02-2025T17:35:42 - [TEST_STEP][PASSED] - myType = element.getAttribute("type"): null

27-02-2025T17:35:42 - [TEST_STEP][PASSED] - if (myValue in varParms[i]): null

27-02-2025T17:35:42 - [TEST_STEP][PASSED] - else: null

27-02-2025T17:35:42 - [TEST_STEP][PASSED] - inList = false: null

27-02-2025T17:35:42 - [TEST_STEP][PASSED] - if (myType == "checkbox"): null

27-02-2025T17:35:42 - [TEST_STEP][PASSED] - myStatus = element.isSelected(): null

27-02-2025T17:35:42 - [TEST_STEP][PASSED] - if (debug): null

27-02-2025T17:35:42 - [TEST_STEP][PASSED] - if (toggle && myStatus && inList): null

27-02-2025T17:35:42 - [TEST_STEP][PASSED] - if (!(myStatus) && inList || myStatus && !(inList)): null

27-02-2025T17:35:42 - [TEST_STEP][PASSED] - myValue = element.getAttribute("value"): null

27-02-2025T17:35:42 - [TEST_STEP][PASSED] - if (debug): null

27-02-2025T17:35:42 - [TEST_STEP][PASSED] - if (myValue.length() >= 4): null

27-02-2025T17:35:42 - [TEST_STEP][PASSED] - if (myValue.substring(0, 4) == "(!) "): null

27-02-2025T17:35:42 - [TEST_STEP][PASSED] - myType = element.getAttribute("type"): null

27-02-2025T17:35:42 - [TEST_STEP][PASSED] - if (myValue in varParms[i]): null

27-02-2025T17:35:42 - [TEST_STEP][PASSED] - else: null

27-02-2025T17:35:42 - [TEST_STEP][PASSED] - inList = false: null

27-02-2025T17:35:42 - [TEST_STEP][PASSED] - if (myType == "checkbox"): null

27-02-2025T17:35:42 - [TEST_STEP][PASSED] - myStatus = element.isSelected(): null

27-02-2025T17:35:42 - [TEST_STEP][PASSED] - if (debug): null

27-02-2025T17:35:42 - [TEST_STEP][PASSED] - if (toggle && myStatus && inList): null

27-02-2025T17:35:42 - [TEST_STEP][PASSED] - if (!(myStatus) && inList || myStatus && !(inList)): null

27-02-2025T17:35:42 - [TEST_STEP][PASSED] - myValue = element.getAttribute("value"): null

27-02-2025T17:35:42 - [TEST_STEP][PASSED] - if (debug): null

27-02-2025T17:35:42 - [TEST_STEP][PASSED] - if (myValue.length() >= 4): null

27-02-2025T17:35:42 - [TEST_STEP][PASSED] - if (myValue.substring(0, 4) == "(!) "): null

27-02-2025T17:35:42 - [TEST_STEP][PASSED] - myType = element.getAttribute("type"): null

27-02-2025T17:35:42 - [TEST_STEP][PASSED] - if (myValue in varParms[i]): null

27-02-2025T17:35:42 - [TEST_STEP][PASSED] - else: null

27-02-2025T17:35:42 - [TEST_STEP][PASSED] - inList = false: null

27-02-2025T17:35:42 - [TEST_STEP][PASSED] - if (myType == "checkbox"): null

27-02-2025T17:35:42 - [TEST_STEP][PASSED] - myStatus = element.isSelected(): null

27-02-2025T17:35:42 - [TEST_STEP][PASSED] - if (debug): null

27-02-2025T17:35:42 - [TEST_STEP][PASSED] - if (toggle && myStatus && inList): null

27-02-2025T17:35:42 - [TEST_STEP][PASSED] - if (!(myStatus) && inList || myStatus && !(inList)): null

27-02-2025T17:35:42 - [TEST_STEP][PASSED] - myValue = element.getAttribute("value"): null

27-02-2025T17:35:42 - [TEST_STEP][PASSED] - if (debug): null

27-02-2025T17:35:42 - [TEST_STEP][PASSED] - if (myValue.length() >= 4): null

27-02-2025T17:35:42 - [TEST_STEP][PASSED] - if (myValue.substring(0, 4) == "(!) "): null

27-02-2025T17:35:42 - [TEST_STEP][PASSED] - myType = element.getAttribute("type"): null

27-02-2025T17:35:42 - [TEST_STEP][PASSED] - if (myValue in varParms[i]): null

27-02-2025T17:35:42 - [TEST_STEP][PASSED] - else: null

27-02-2025T17:35:42 - [TEST_STEP][PASSED] - inList = false: null

27-02-2025T17:35:42 - [TEST_STEP][PASSED] - if (myType == "checkbox"): null

27-02-2025T17:35:42 - [TEST_STEP][PASSED] - myStatus = element.isSelected(): null

27-02-2025T17:35:42 - [TEST_STEP][PASSED] - if (debug): null

27-02-2025T17:35:42 - [TEST_STEP][PASSED] - if (toggle && myStatus && inList): null

27-02-2025T17:35:42 - [TEST_STEP][PASSED] - if (!(myStatus) && inList || myStatus && !(inList)): null

27-02-2025T17:35:42 - [TEST_STEP][PASSED] - myValue = element.getAttribute("value"): null

27-02-2025T17:35:42 - [TEST_STEP][PASSED] - if (debug): null

27-02-2025T17:35:42 - [TEST_STEP][PASSED] - if (myValue.length() >= 4): null

27-02-2025T17:35:42 - [TEST_STEP][PASSED] - if (myValue.substring(0, 4) == "(!) "): null

27-02-2025T17:35:42 - [TEST_STEP][PASSED] - myType = element.getAttribute("type"): null

27-02-2025T17:35:42 - [TEST_STEP][PASSED] - if (myValue in varParms[i]): null

27-02-2025T17:35:42 - [TEST_STEP][PASSED] - else: null

27-02-2025T17:35:42 - [TEST_STEP][PASSED] - inList = false: null

27-02-2025T17:35:42 - [TEST_STEP][PASSED] - if (myType == "checkbox"): null

27-02-2025T17:35:42 - [TEST_STEP][PASSED] - myStatus = element.isSelected(): null

27-02-2025T17:35:42 - [TEST_STEP][PASSED] - if (debug): null

27-02-2025T17:35:42 - [TEST_STEP][PASSED] - if (toggle && myStatus && inList): null

27-02-2025T17:35:42 - [TEST_STEP][PASSED] - if (!(myStatus) && inList || myStatus && !(inList)): null

27-02-2025T17:35:42 - [TEST_STEP][PASSED] - myValue = element.getAttribute("value"): null

27-02-2025T17:35:42 - [TEST_STEP][PASSED] - if (debug): null

27-02-2025T17:35:42 - [TEST_STEP][PASSED] - if (myValue.length() >= 4): null

27-02-2025T17:35:42 - [TEST_STEP][PASSED] - if (myValue.substring(0, 4) == "(!) "): null

27-02-2025T17:35:42 - [TEST_STEP][PASSED] - myType = element.getAttribute("type"): null

27-02-2025T17:35:42 - [TEST_STEP][PASSED] - if (myValue in varParms[i]): null

27-02-2025T17:35:42 - [TEST_STEP][PASSED] - else: null

27-02-2025T17:35:42 - [TEST_STEP][PASSED] - inList = false: null

27-02-2025T17:35:42 - [TEST_STEP][PASSED] - if (myType == "checkbox"): null

27-02-2025T17:35:42 - [TEST_STEP][PASSED] - myStatus = element.isSelected(): null

27-02-2025T17:35:42 - [TEST_STEP][PASSED] - if (debug): null

27-02-2025T17:35:42 - [TEST_STEP][PASSED] - if (toggle && myStatus && inList): null

27-02-2025T17:35:42 - [TEST_STEP][PASSED] - if (!(myStatus) && inList || myStatus && !(inList)): null

27-02-2025T17:35:42 - [TEST_STEP][PASSED] - myValue = element.getAttribute("value"): null

27-02-2025T17:35:42 - [TEST_STEP][PASSED] - if (debug): null

27-02-2025T17:35:42 - [TEST_STEP][PASSED] - if (myValue.length() >= 4): null

27-02-2025T17:35:42 - [TEST_STEP][PASSED] - if (myValue.substring(0, 4) == "(!) "): null

27-02-2025T17:35:42 - [TEST_STEP][PASSED] - myType = element.getAttribute("type"): null

27-02-2025T17:35:42 - [TEST_STEP][PASSED] - if (myValue in varParms[i]): null

27-02-2025T17:35:42 - [TEST_STEP][PASSED] - else: null

27-02-2025T17:35:42 - [TEST_STEP][PASSED] - inList = false: null

27-02-2025T17:35:42 - [TEST_STEP][PASSED] - if (myType == "checkbox"): null

27-02-2025T17:35:42 - [TEST_STEP][PASSED] - myStatus = element.isSelected(): null

27-02-2025T17:35:42 - [TEST_STEP][PASSED] - if (debug): null

27-02-2025T17:35:42 - [TEST_STEP][PASSED] - if (toggle && myStatus && inList): null

27-02-2025T17:35:42 - [TEST_STEP][PASSED] - if (!(myStatus) && inList || myStatus && !(inList)): null

27-02-2025T17:35:42 - [TEST_STEP][PASSED] - myValue = element.getAttribute("value"): null

27-02-2025T17:35:42 - [TEST_STEP][PASSED] - if (debug): null

27-02-2025T17:35:42 - [TEST_STEP][PASSED] - if (myValue.length() >= 4): null

27-02-2025T17:35:42 - [TEST_STEP][PASSED] - if (myValue.substring(0, 4) == "(!) "): null

27-02-2025T17:35:42 - [TEST_STEP][PASSED] - myType = element.getAttribute("type"): null

27-02-2025T17:35:42 - [TEST_STEP][PASSED] - if (myValue in varParms[i]): null

27-02-2025T17:35:42 - [TEST_STEP][PASSED] - else: null

27-02-2025T17:35:42 - [TEST_STEP][PASSED] - inList = false: null

27-02-2025T17:35:42 - [TEST_STEP][PASSED] - if (myType == "checkbox"): null

27-02-2025T17:35:42 - [TEST_STEP][PASSED] - myStatus = element.isSelected(): null

27-02-2025T17:35:42 - [TEST_STEP][PASSED] - if (debug): null

27-02-2025T17:35:42 - [TEST_STEP][PASSED] - if (toggle && myStatus && inList): null

27-02-2025T17:35:42 - [TEST_STEP][PASSED] - if (!(myStatus) && inList || myStatus && !(inList)): null

27-02-2025T17:35:42 - [TEST_STEP][PASSED] - myValue = element.getAttribute("value"): null

27-02-2025T17:35:42 - [TEST_STEP][PASSED] - if (debug): null

27-02-2025T17:35:42 - [TEST_STEP][PASSED] - if (myValue.length() >= 4): null

27-02-2025T17:35:42 - [TEST_STEP][PASSED] - if (myValue.substring(0, 4) == "(!) "): null

27-02-2025T17:35:42 - [TEST_STEP][PASSED] - myType = element.getAttribute("type"): null

27-02-2025T17:35:42 - [TEST_STEP][PASSED] - if (myValue in varParms[i]): null

27-02-2025T17:35:42 - [TEST_STEP][PASSED] - else: null

27-02-2025T17:35:42 - [TEST_STEP][PASSED] - inList = false: null

27-02-2025T17:35:42 - [TEST_STEP][PASSED] - if (myType == "checkbox"): null

27-02-2025T17:35:42 - [TEST_STEP][PASSED] - myStatus = element.isSelected(): null

27-02-2025T17:35:42 - [TEST_STEP][PASSED] - if (debug): null

27-02-2025T17:35:42 - [TEST_STEP][PASSED] - if (toggle && myStatus && inList): null

27-02-2025T17:35:42 - [TEST_STEP][PASSED] - if (!(myStatus) && inList || myStatus && !(inList)): null

27-02-2025T17:35:42 - [TEST_STEP][PASSED] - myValue = element.getAttribute("value"): null

27-02-2025T17:35:42 - [TEST_STEP][PASSED] - if (debug): null

27-02-2025T17:35:42 - [TEST_STEP][PASSED] - if (myValue.length() >= 4): null

27-02-2025T17:35:42 - [TEST_STEP][PASSED] - if (myValue.substring(0, 4) == "(!) "): null

27-02-2025T17:35:42 - [TEST_STEP][PASSED] - myType = element.getAttribute("type"): null

27-02-2025T17:35:42 - [TEST_STEP][PASSED] - if (myValue in varParms[i]): null

27-02-2025T17:35:42 - [TEST_STEP][PASSED] - else: null

27-02-2025T17:35:42 - [TEST_STEP][PASSED] - inList = false: null

27-02-2025T17:35:42 - [TEST_STEP][PASSED] - if (myType == "checkbox"): null

27-02-2025T17:35:42 - [TEST_STEP][PASSED] - myStatus = element.isSelected(): null

27-02-2025T17:35:42 - [TEST_STEP][PASSED] - if (debug): null

27-02-2025T17:35:42 - [TEST_STEP][PASSED] - if (toggle && myStatus && inList): null

27-02-2025T17:35:42 - [TEST_STEP][PASSED] - if (!(myStatus) && inList || myStatus && !(inList)): null

27-02-2025T17:35:42 - [TEST_STEP][PASSED] - myValue = element.getAttribute("value"): null

27-02-2025T17:35:42 - [TEST_STEP][PASSED] - if (debug): null

27-02-2025T17:35:42 - [TEST_STEP][PASSED] - if (myValue.length() >= 4): null

27-02-2025T17:35:42 - [TEST_STEP][PASSED] - if (myValue.substring(0, 4) == "(!) "): null

27-02-2025T17:35:42 - [TEST_STEP][PASSED] - myType = element.getAttribute("type"): null

27-02-2025T17:35:42 - [TEST_STEP][PASSED] - if (myValue in varParms[i]): null

27-02-2025T17:35:42 - [TEST_STEP][PASSED] - else: null

27-02-2025T17:35:42 - [TEST_STEP][PASSED] - inList = false: null

27-02-2025T17:35:42 - [TEST_STEP][PASSED] - if (myType == "checkbox"): null

27-02-2025T17:35:42 - [TEST_STEP][PASSED] - myStatus = element.isSelected(): null

27-02-2025T17:35:42 - [TEST_STEP][PASSED] - if (debug): null

27-02-2025T17:35:42 - [TEST_STEP][PASSED] - if (toggle && myStatus && inList): null

27-02-2025T17:35:42 - [TEST_STEP][PASSED] - if (!(myStatus) && inList || myStatus && !(inList)): null

27-02-2025T17:35:42 - [TEST_STEP][PASSED] - myValue = element.getAttribute("value"): null

27-02-2025T17:35:42 - [TEST_STEP][PASSED] - if (debug): null

27-02-2025T17:35:42 - [TEST_STEP][PASSED] - if (myValue.length() >= 4): null

27-02-2025T17:35:42 - [TEST_STEP][PASSED] - if (myValue.substring(0, 4) == "(!) "): null

27-02-2025T17:35:42 - [TEST_STEP][PASSED] - myType = element.getAttribute("type"): null

27-02-2025T17:35:42 - [TEST_STEP][PASSED] - if (myValue in varParms[i]): null

27-02-2025T17:35:42 - [TEST_STEP][PASSED] - else: null

27-02-2025T17:35:42 - [TEST_STEP][PASSED] - inList = false: null

27-02-2025T17:35:42 - [TEST_STEP][PASSED] - if (myType == "checkbox"): null

27-02-2025T17:35:42 - [TEST_STEP][PASSED] - myStatus = element.isSelected(): null

27-02-2025T17:35:42 - [TEST_STEP][PASSED] - if (debug): null

27-02-2025T17:35:42 - [TEST_STEP][PASSED] - if (toggle && myStatus && inList): null

27-02-2025T17:35:42 - [TEST_STEP][PASSED] - if (!(myStatus) && inList || myStatus && !(inList)): null

27-02-2025T17:35:42 - [TEST_STEP][PASSED] - myValue = element.getAttribute("value"): null

27-02-2025T17:35:42 - [TEST_STEP][PASSED] - if (debug): null

27-02-2025T17:35:42 - [TEST_STEP][PASSED] - if (myValue.length() >= 4): null

27-02-2025T17:35:42 - [TEST_STEP][PASSED] - if (myValue.substring(0, 4) == "(!) "): null

27-02-2025T17:35:42 - [TEST_STEP][PASSED] - myType = element.getAttribute("type"): null

27-02-2025T17:35:42 - [TEST_STEP][PASSED] - if (myValue in varParms[i]): null

27-02-2025T17:35:42 - [TEST_STEP][PASSED] - else: null

27-02-2025T17:35:42 - [TEST_STEP][PASSED] - inList = false: null

27-02-2025T17:35:42 - [TEST_STEP][PASSED] - if (myType == "checkbox"): null

27-02-2025T17:35:42 - [TEST_STEP][PASSED] - myStatus = element.isSelected(): null

27-02-2025T17:35:42 - [TEST_STEP][PASSED] - if (debug): null

27-02-2025T17:35:42 - [TEST_STEP][PASSED] - if (toggle && myStatus && inList): null

27-02-2025T17:35:42 - [TEST_STEP][PASSED] - if (!(myStatus) && inList || myStatus && !(inList)): null

27-02-2025T17:35:42 - [TEST_STEP][PASSED] - myValue = element.getAttribute("value"): null

27-02-2025T17:35:42 - [TEST_STEP][PASSED] - if (debug): null

27-02-2025T17:35:42 - [TEST_STEP][PASSED] - if (myValue.length() >= 4): null

27-02-2025T17:35:42 - [TEST_STEP][PASSED] - if (myValue.substring(0, 4) == "(!) "): null

27-02-2025T17:35:42 - [TEST_STEP][PASSED] - myType = element.getAttribute("type"): null

27-02-2025T17:35:42 - [TEST_STEP][PASSED] - if (myValue in varParms[i]): null

27-02-2025T17:35:42 - [TEST_STEP][PASSED] - else: null

27-02-2025T17:35:42 - [TEST_STEP][PASSED] - inList = false: null

27-02-2025T17:35:42 - [TEST_STEP][PASSED] - if (myType == "checkbox"): null

27-02-2025T17:35:42 - [TEST_STEP][PASSED] - myStatus = element.isSelected(): null

27-02-2025T17:35:42 - [TEST_STEP][PASSED] - if (debug): null

27-02-2025T17:35:42 - [TEST_STEP][PASSED] - if (toggle && myStatus && inList): null

27-02-2025T17:35:42 - [TEST_STEP][PASSED] - if (!(myStatus) && inList || myStatus && !(inList)): null

27-02-2025T17:35:42 - [TEST_STEP][PASSED] - myValue = element.getAttribute("value"): null

27-02-2025T17:35:42 - [TEST_STEP][PASSED] - if (debug): null

27-02-2025T17:35:42 - [TEST_STEP][PASSED] - if (myValue.length() >= 4): null

27-02-2025T17:35:42 - [TEST_STEP][PASSED] - if (myValue.substring(0, 4) == "(!) "): null

27-02-2025T17:35:42 - [TEST_STEP][PASSED] - myType = element.getAttribute("type"): null

27-02-2025T17:35:42 - [TEST_STEP][PASSED] - if (myValue in varParms[i]): null

27-02-2025T17:35:42 - [TEST_STEP][PASSED] - else: null

27-02-2025T17:35:42 - [TEST_STEP][PASSED] - inList = false: null

27-02-2025T17:35:42 - [TEST_STEP][PASSED] - if (myType == "checkbox"): null

27-02-2025T17:35:42 - [TEST_STEP][PASSED] - myStatus = element.isSelected(): null

27-02-2025T17:35:42 - [TEST_STEP][PASSED] - if (debug): null

27-02-2025T17:35:42 - [TEST_STEP][PASSED] - if (toggle && myStatus && inList): null

27-02-2025T17:35:42 - [TEST_STEP][PASSED] - if (!(myStatus) && inList || myStatus && !(inList)): null

27-02-2025T17:35:42 - [TEST_STEP][PASSED] - myValue = element.getAttribute("value"): null

27-02-2025T17:35:42 - [TEST_STEP][PASSED] - if (debug): null

27-02-2025T17:35:42 - [TEST_STEP][PASSED] - if (myValue.length() >= 4): null

27-02-2025T17:35:42 - [TEST_STEP][PASSED] - if (myValue.substring(0, 4) == "(!) "): null

27-02-2025T17:35:42 - [TEST_STEP][PASSED] - myType = element.getAttribute("type"): null

27-02-2025T17:35:42 - [TEST_STEP][PASSED] - if (myValue in varParms[i]): null

27-02-2025T17:35:42 - [TEST_STEP][PASSED] - else: null

27-02-2025T17:35:42 - [TEST_STEP][PASSED] - inList = false: null

27-02-2025T17:35:42 - [TEST_STEP][PASSED] - if (myType == "checkbox"): null

27-02-2025T17:35:42 - [TEST_STEP][PASSED] - myStatus = element.isSelected(): null

27-02-2025T17:35:42 - [TEST_STEP][PASSED] - if (debug): null

27-02-2025T17:35:42 - [TEST_STEP][PASSED] - if (toggle && myStatus && inList): null

27-02-2025T17:35:42 - [TEST_STEP][PASSED] - if (!(myStatus) && inList || myStatus && !(inList)): null

27-02-2025T17:35:42 - [TEST_STEP][PASSED] - myValue = element.getAttribute("value"): null

27-02-2025T17:35:42 - [TEST_STEP][PASSED] - if (debug): null

27-02-2025T17:35:42 - [TEST_STEP][PASSED] - if (myValue.length() >= 4): null

27-02-2025T17:35:42 - [TEST_STEP][PASSED] - if (myValue.substring(0, 4) == "(!) "): null

27-02-2025T17:35:42 - [TEST_STEP][PASSED] - myType = element.getAttribute("type"): null

27-02-2025T17:35:42 - [TEST_STEP][PASSED] - if (myValue in varParms[i]): null

27-02-2025T17:35:42 - [TEST_STEP][PASSED] - else: null

27-02-2025T17:35:42 - [TEST_STEP][PASSED] - inList = false: null

27-02-2025T17:35:42 - [TEST_STEP][PASSED] - if (myType == "checkbox"): null

27-02-2025T17:35:42 - [TEST_STEP][PASSED] - myStatus = element.isSelected(): null

27-02-2025T17:35:42 - [TEST_STEP][PASSED] - if (debug): null

27-02-2025T17:35:42 - [TEST_STEP][PASSED] - if (toggle && myStatus && inList): null

27-02-2025T17:35:42 - [TEST_STEP][PASSED] - if (!(myStatus) && inList || myStatus && !(inList)): null

27-02-2025T17:35:42 - [TEST_STEP][PASSED] - myValue = element.getAttribute("value"): null

27-02-2025T17:35:42 - [TEST_STEP][PASSED] - if (debug): null

27-02-2025T17:35:42 - [TEST_STEP][PASSED] - if (myValue.length() >= 4): null

27-02-2025T17:35:42 - [TEST_STEP][PASSED] - if (myValue.substring(0, 4) == "(!) "): null

27-02-2025T17:35:42 - [TEST_STEP][PASSED] - myType = element.getAttribute("type"): null

27-02-2025T17:35:42 - [TEST_STEP][PASSED] - if (myValue in varParms[i]): null

27-02-2025T17:35:42 - [TEST_STEP][PASSED] - else: null

27-02-2025T17:35:42 - [TEST_STEP][PASSED] - inList = false: null

27-02-2025T17:35:42 - [TEST_STEP][PASSED] - if (myType == "checkbox"): null

27-02-2025T17:35:42 - [TEST_STEP][PASSED] - myStatus = element.isSelected(): null

27-02-2025T17:35:42 - [TEST_STEP][PASSED] - if (debug): null

27-02-2025T17:35:42 - [TEST_STEP][PASSED] - if (toggle && myStatus && inList): null

27-02-2025T17:35:42 - [TEST_STEP][PASSED] - if (!(myStatus) && inList || myStatus && !(inList)): null

27-02-2025T17:35:42 - [TEST_STEP][PASSED] - myValue = element.getAttribute("value"): null

27-02-2025T17:35:42 - [TEST_STEP][PASSED] - if (debug): null

27-02-2025T17:35:42 - [TEST_STEP][PASSED] - if (myValue.length() >= 4): null

27-02-2025T17:35:42 - [TEST_STEP][PASSED] - if (myValue.substring(0, 4) == "(!) "): null

27-02-2025T17:35:42 - [TEST_STEP][PASSED] - myType = element.getAttribute("type"): null

27-02-2025T17:35:42 - [TEST_STEP][PASSED] - if (myValue in varParms[i]): null

27-02-2025T17:35:42 - [TEST_STEP][PASSED] - else: null

27-02-2025T17:35:42 - [TEST_STEP][PASSED] - inList = false: null

27-02-2025T17:35:42 - [TEST_STEP][PASSED] - if (myType == "checkbox"): null

27-02-2025T17:35:42 - [TEST_STEP][PASSED] - myStatus = element.isSelected(): null

27-02-2025T17:35:42 - [TEST_STEP][PASSED] - if (debug): null

27-02-2025T17:35:42 - [TEST_STEP][PASSED] - if (toggle && myStatus && inList): null

27-02-2025T17:35:42 - [TEST_STEP][PASSED] - if (!(myStatus) && inList || myStatus && !(inList)): null

27-02-2025T17:35:42 - [TEST_STEP][PASSED] - myValue = element.getAttribute("value"): null

27-02-2025T17:35:42 - [TEST_STEP][PASSED] - if (debug): null

27-02-2025T17:35:42 - [TEST_STEP][PASSED] - if (myValue.length() >= 4): null

27-02-2025T17:35:42 - [TEST_STEP][PASSED] - if (myValue.substring(0, 4) == "(!) "): null

27-02-2025T17:35:42 - [TEST_STEP][PASSED] - myType = element.getAttribute("type"): null

27-02-2025T17:35:42 - [TEST_STEP][PASSED] - if (myValue in varParms[i]): null

27-02-2025T17:35:42 - [TEST_STEP][PASSED] - else: null

27-02-2025T17:35:42 - [TEST_STEP][PASSED] - inList = false: null

27-02-2025T17:35:42 - [TEST_STEP][PASSED] - if (myType == "checkbox"): null

27-02-2025T17:35:42 - [TEST_STEP][PASSED] - myStatus = element.isSelected(): null

27-02-2025T17:35:42 - [TEST_STEP][PASSED] - if (debug): null

27-02-2025T17:35:42 - [TEST_STEP][PASSED] - if (toggle && myStatus && inList): null

27-02-2025T17:35:42 - [TEST_STEP][PASSED] - if (!(myStatus) && inList || myStatus && !(inList)): null

27-02-2025T17:35:42 - [TEST_STEP][PASSED] - myValue = element.getAttribute("value"): null

27-02-2025T17:35:42 - [TEST_STEP][PASSED] - if (debug): null

27-02-2025T17:35:42 - [TEST_STEP][PASSED] - if (myValue.length() >= 4): null

27-02-2025T17:35:42 - [TEST_STEP][PASSED] - if (myValue.substring(0, 4) == "(!) "): null

27-02-2025T17:35:42 - [TEST_STEP][PASSED] - myType = element.getAttribute("type"): null

27-02-2025T17:35:42 - [TEST_STEP][PASSED] - if (myValue in varParms[i]): null

27-02-2025T17:35:42 - [TEST_STEP][PASSED] - else: null

27-02-2025T17:35:42 - [TEST_STEP][PASSED] - inList = false: null

27-02-2025T17:35:42 - [TEST_STEP][PASSED] - if (myType == "checkbox"): null

27-02-2025T17:35:42 - [TEST_STEP][PASSED] - myStatus = element.isSelected(): null

27-02-2025T17:35:42 - [TEST_STEP][PASSED] - if (debug): null

27-02-2025T17:35:42 - [TEST_STEP][PASSED] - if (toggle && myStatus && inList): null

27-02-2025T17:35:42 - [TEST_STEP][PASSED] - if (!(myStatus) && inList || myStatus && !(inList)): null

27-02-2025T17:35:42 - [TEST_STEP][PASSED] - myValue = element.getAttribute("value"): null

27-02-2025T17:35:42 - [TEST_STEP][PASSED] - if (debug): null

27-02-2025T17:35:42 - [TEST_STEP][PASSED] - if (myValue.length() >= 4): null

27-02-2025T17:35:42 - [TEST_STEP][PASSED] - if (myValue.substring(0, 4) == "(!) "): null

27-02-2025T17:35:42 - [TEST_STEP][PASSED] - myType = element.getAttribute("type"): null

27-02-2025T17:35:42 - [TEST_STEP][PASSED] - if (myValue in varParms[i]): null

27-02-2025T17:35:42 - [TEST_STEP][PASSED] - else: null

27-02-2025T17:35:42 - [TEST_STEP][PASSED] - inList = false: null

27-02-2025T17:35:42 - [TEST_STEP][PASSED] - if (myType == "checkbox"): null

27-02-2025T17:35:42 - [TEST_STEP][PASSED] - myStatus = element.isSelected(): null

27-02-2025T17:35:42 - [TEST_STEP][PASSED] - if (debug): null

27-02-2025T17:35:42 - [TEST_STEP][PASSED] - if (toggle && myStatus && inList): null

27-02-2025T17:35:42 - [TEST_STEP][PASSED] - if (!(myStatus) && inList || myStatus && !(inList)): null

27-02-2025T17:35:42 - [TEST_STEP][PASSED] - myValue = element.getAttribute("value"): null

27-02-2025T17:35:42 - [TEST_STEP][PASSED] - if (debug): null

27-02-2025T17:35:42 - [TEST_STEP][PASSED] - if (myValue.length() >= 4): null

27-02-2025T17:35:42 - [TEST_STEP][PASSED] - if (myValue.substring(0, 4) == "(!) "): null

27-02-2025T17:35:42 - [TEST_STEP][PASSED] - myType = element.getAttribute("type"): null

27-02-2025T17:35:42 - [TEST_STEP][PASSED] - if (myValue in varParms[i]): null

27-02-2025T17:35:42 - [TEST_STEP][PASSED] - else: null

27-02-2025T17:35:42 - [TEST_STEP][PASSED] - inList = false: null

27-02-2025T17:35:42 - [TEST_STEP][PASSED] - if (myType == "checkbox"): null

27-02-2025T17:35:42 - [TEST_STEP][PASSED] - myStatus = element.isSelected(): null

27-02-2025T17:35:42 - [TEST_STEP][PASSED] - if (debug): null

27-02-2025T17:35:42 - [TEST_STEP][PASSED] - if (toggle && myStatus && inList): null

27-02-2025T17:35:42 - [TEST_STEP][PASSED] - if (!(myStatus) && inList || myStatus && !(inList)): null

27-02-2025T17:35:42 - [TEST_STEP][PASSED] - myValue = element.getAttribute("value"): null

27-02-2025T17:35:42 - [TEST_STEP][PASSED] - if (debug): null

27-02-2025T17:35:42 - [TEST_STEP][PASSED] - if (myValue.length() >= 4): null

27-02-2025T17:35:42 - [TEST_STEP][PASSED] - if (myValue.substring(0, 4) == "(!) "): null

27-02-2025T17:35:42 - [TEST_STEP][PASSED] - myType = element.getAttribute("type"): null

27-02-2025T17:35:42 - [TEST_STEP][PASSED] - if (myValue in varParms[i]): null

27-02-2025T17:35:42 - [TEST_STEP][PASSED] - else: null

27-02-2025T17:35:42 - [TEST_STEP][PASSED] - inList = false: null

27-02-2025T17:35:42 - [TEST_STEP][PASSED] - if (myType == "checkbox"): null

27-02-2025T17:35:42 - [TEST_STEP][PASSED] - myStatus = element.isSelected(): null

27-02-2025T17:35:42 - [TEST_STEP][PASSED] - if (debug): null

27-02-2025T17:35:42 - [TEST_STEP][PASSED] - if (toggle && myStatus && inList): null

27-02-2025T17:35:42 - [TEST_STEP][PASSED] - if (!(myStatus) && inList || myStatus && !(inList)): null

27-02-2025T17:35:42 - [TEST_STEP][PASSED] - myValue = element.getAttribute("value"): null

27-02-2025T17:35:42 - [TEST_STEP][PASSED] - if (debug): null

27-02-2025T17:35:42 - [TEST_STEP][PASSED] - if (myValue.length() >= 4): null

27-02-2025T17:35:42 - [TEST_STEP][PASSED] - if (myValue.substring(0, 4) == "(!) "): null

27-02-2025T17:35:42 - [TEST_STEP][PASSED] - myType = element.getAttribute("type"): null

27-02-2025T17:35:42 - [TEST_STEP][PASSED] - if (myValue in varParms[i]): null

27-02-2025T17:35:42 - [TEST_STEP][PASSED] - else: null

27-02-2025T17:35:42 - [TEST_STEP][PASSED] - inList = false: null

27-02-2025T17:35:42 - [TEST_STEP][PASSED] - if (myType == "checkbox"): null

27-02-2025T17:35:42 - [TEST_STEP][PASSED] - myStatus = element.isSelected(): null

27-02-2025T17:35:42 - [TEST_STEP][PASSED] - if (debug): null

27-02-2025T17:35:42 - [TEST_STEP][PASSED] - if (toggle && myStatus && inList): null

27-02-2025T17:35:42 - [TEST_STEP][PASSED] - if (!(myStatus) && inList || myStatus && !(inList)): null

27-02-2025T17:35:42 - [TEST_STEP][PASSED] - myValue = element.getAttribute("value"): null

27-02-2025T17:35:42 - [TEST_STEP][PASSED] - if (debug): null

27-02-2025T17:35:42 - [TEST_STEP][PASSED] - if (myValue.length() >= 4): null

27-02-2025T17:35:42 - [TEST_STEP][PASSED] - if (myValue.substring(0, 4) == "(!) "): null

27-02-2025T17:35:42 - [TEST_STEP][PASSED] - myType = element.getAttribute("type"): null

27-02-2025T17:35:42 - [TEST_STEP][PASSED] - if (myValue in varParms[i]): null

27-02-2025T17:35:42 - [TEST_STEP][PASSED] - else: null

27-02-2025T17:35:42 - [TEST_STEP][PASSED] - inList = false: null

27-02-2025T17:35:42 - [TEST_STEP][PASSED] - if (myType == "checkbox"): null

27-02-2025T17:35:42 - [TEST_STEP][PASSED] - myStatus = element.isSelected(): null

27-02-2025T17:35:42 - [TEST_STEP][PASSED] - if (debug): null

27-02-2025T17:35:42 - [TEST_STEP][PASSED] - if (toggle && myStatus && inList): null

27-02-2025T17:35:42 - [TEST_STEP][PASSED] - if (!(myStatus) && inList || myStatus && !(inList)): null

27-02-2025T17:35:42 - [TEST_STEP][PASSED] - myValue = element.getAttribute("value"): null

27-02-2025T17:35:42 - [TEST_STEP][PASSED] - if (debug): null

27-02-2025T17:35:42 - [TEST_STEP][PASSED] - if (myValue.length() >= 4): null

27-02-2025T17:35:42 - [TEST_STEP][PASSED] - if (myValue.substring(0, 4) == "(!) "): null

27-02-2025T17:35:42 - [TEST_STEP][PASSED] - myType = element.getAttribute("type"): null

27-02-2025T17:35:42 - [TEST_STEP][PASSED] - if (myValue in varParms[i]): null

27-02-2025T17:35:42 - [TEST_STEP][PASSED] - else: null

27-02-2025T17:35:42 - [TEST_STEP][PASSED] - inList = false: null

27-02-2025T17:35:42 - [TEST_STEP][PASSED] - if (myType == "checkbox"): null

27-02-2025T17:35:42 - [TEST_STEP][PASSED] - myStatus = element.isSelected(): null

27-02-2025T17:35:42 - [TEST_STEP][PASSED] - if (debug): null

27-02-2025T17:35:42 - [TEST_STEP][PASSED] - if (toggle && myStatus && inList): null

27-02-2025T17:35:42 - [TEST_STEP][PASSED] - if (!(myStatus) && inList || myStatus && !(inList)): null

27-02-2025T17:35:42 - [TEST_STEP][PASSED] - myValue = element.getAttribute("value"): null

27-02-2025T17:35:42 - [TEST_STEP][PASSED] - if (debug): null

27-02-2025T17:35:42 - [TEST_STEP][PASSED] - if (myValue.length() >= 4): null

27-02-2025T17:35:42 - [TEST_STEP][PASSED] - if (myValue.substring(0, 4) == "(!) "): null

27-02-2025T17:35:42 - [TEST_STEP][PASSED] - myType = element.getAttribute("type"): null

27-02-2025T17:35:42 - [TEST_STEP][PASSED] - if (myValue in varParms[i]): null

27-02-2025T17:35:42 - [TEST_STEP][PASSED] - else: null

27-02-2025T17:35:42 - [TEST_STEP][PASSED] - inList = false: null

27-02-2025T17:35:42 - [TEST_STEP][PASSED] - if (myType == "checkbox"): null

27-02-2025T17:35:42 - [TEST_STEP][PASSED] - myStatus = element.isSelected(): null

27-02-2025T17:35:42 - [TEST_STEP][PASSED] - if (debug): null

27-02-2025T17:35:42 - [TEST_STEP][PASSED] - if (toggle && myStatus && inList): null

27-02-2025T17:35:42 - [TEST_STEP][PASSED] - if (!(myStatus) && inList || myStatus && !(inList)): null

27-02-2025T17:35:42 - [TEST_STEP][PASSED] - myValue = element.getAttribute("value"): null

27-02-2025T17:35:42 - [TEST_STEP][PASSED] - if (debug): null

27-02-2025T17:35:42 - [TEST_STEP][PASSED] - if (myValue.length() >= 4): null

27-02-2025T17:35:42 - [TEST_STEP][PASSED] - if (myValue.substring(0, 4) == "(!) "): null

27-02-2025T17:35:42 - [TEST_STEP][PASSED] - myType = element.getAttribute("type"): null

27-02-2025T17:35:42 - [TEST_STEP][PASSED] - if (myValue in varParms[i]): null

27-02-2025T17:35:42 - [TEST_STEP][PASSED] - else: null

27-02-2025T17:35:42 - [TEST_STEP][PASSED] - inList = false: null

27-02-2025T17:35:42 - [TEST_STEP][PASSED] - if (myType == "checkbox"): null

27-02-2025T17:35:42 - [TEST_STEP][PASSED] - myStatus = element.isSelected(): null

27-02-2025T17:35:42 - [TEST_STEP][PASSED] - if (debug): null

27-02-2025T17:35:42 - [TEST_STEP][PASSED] - if (toggle && myStatus && inList): null

27-02-2025T17:35:42 - [TEST_STEP][PASSED] - if (!(myStatus) && inList || myStatus && !(inList)): null

27-02-2025T17:35:42 - [TEST_STEP][PASSED] - myValue = element.getAttribute("value"): null

27-02-2025T17:35:42 - [TEST_STEP][PASSED] - if (debug): null

27-02-2025T17:35:42 - [TEST_STEP][PASSED] - if (myValue.length() >= 4): null

27-02-2025T17:35:42 - [TEST_STEP][PASSED] - if (myValue.substring(0, 4) == "(!) "): null

27-02-2025T17:35:42 - [TEST_STEP][PASSED] - myType = element.getAttribute("type"): null

27-02-2025T17:35:42 - [TEST_STEP][PASSED] - if (myValue in varParms[i]): null

27-02-2025T17:35:42 - [TEST_STEP][PASSED] - else: null

27-02-2025T17:35:42 - [TEST_STEP][PASSED] - inList = false: null

27-02-2025T17:35:42 - [TEST_STEP][PASSED] - if (myType == "checkbox"): null

27-02-2025T17:35:42 - [TEST_STEP][PASSED] - myStatus = element.isSelected(): null

27-02-2025T17:35:42 - [TEST_STEP][PASSED] - if (debug): null

27-02-2025T17:35:42 - [TEST_STEP][PASSED] - if (toggle && myStatus && inList): null

27-02-2025T17:35:42 - [TEST_STEP][PASSED] - if (!(myStatus) && inList || myStatus && !(inList)): null

27-02-2025T17:35:42 - [TEST_STEP][PASSED] - myValue = element.getAttribute("value"): null

27-02-2025T17:35:42 - [TEST_STEP][PASSED] - if (debug): null

27-02-2025T17:35:42 - [TEST_STEP][PASSED] - if (myValue.length() >= 4): null

27-02-2025T17:35:42 - [TEST_STEP][PASSED] - if (myValue.substring(0, 4) == "(!) "): null

27-02-2025T17:35:42 - [TEST_STEP][PASSED] - myType = element.getAttribute("type"): null

27-02-2025T17:35:42 - [TEST_STEP][PASSED] - if (myValue in varParms[i]): null

27-02-2025T17:35:42 - [TEST_STEP][PASSED] - else: null

27-02-2025T17:35:42 - [TEST_STEP][PASSED] - inList = false: null

27-02-2025T17:35:42 - [TEST_STEP][PASSED] - if (myType == "checkbox"): null

27-02-2025T17:35:42 - [TEST_STEP][PASSED] - myStatus = element.isSelected(): null

27-02-2025T17:35:42 - [TEST_STEP][PASSED] - if (debug): null

27-02-2025T17:35:42 - [TEST_STEP][PASSED] - if (toggle && myStatus && inList): null

27-02-2025T17:35:42 - [TEST_STEP][PASSED] - if (!(myStatus) && inList || myStatus && !(inList)): null

27-02-2025T17:35:42 - [TEST_STEP][PASSED] - myValue = element.getAttribute("value"): null

27-02-2025T17:35:42 - [TEST_STEP][PASSED] - if (debug): null

27-02-2025T17:35:42 - [TEST_STEP][PASSED] - if (myValue.length() >= 4): null

27-02-2025T17:35:42 - [TEST_STEP][PASSED] - if (myValue.substring(0, 4) == "(!) "): null

27-02-2025T17:35:42 - [TEST_STEP][PASSED] - myType = element.getAttribute("type"): null

27-02-2025T17:35:42 - [TEST_STEP][PASSED] - if (myValue in varParms[i]): null

27-02-2025T17:35:42 - [TEST_STEP][PASSED] - else: null

27-02-2025T17:35:42 - [TEST_STEP][PASSED] - inList = false: null

27-02-2025T17:35:42 - [TEST_STEP][PASSED] - if (myType == "checkbox"): null

27-02-2025T17:35:42 - [TEST_STEP][PASSED] - myStatus = element.isSelected(): null

27-02-2025T17:35:42 - [TEST_STEP][PASSED] - if (debug): null

27-02-2025T17:35:42 - [TEST_STEP][PASSED] - if (toggle && myStatus && inList): null

27-02-2025T17:35:42 - [TEST_STEP][PASSED] - if (!(myStatus) && inList || myStatus && !(inList)): null

27-02-2025T17:35:42 - [TEST_STEP][PASSED] - myValue = element.getAttribute("value"): null

27-02-2025T17:35:42 - [TEST_STEP][PASSED] - if (debug): null

27-02-2025T17:35:42 - [TEST_STEP][PASSED] - if (myValue.length() >= 4): null

27-02-2025T17:35:42 - [TEST_STEP][PASSED] - if (myValue.substring(0, 4) == "(!) "): null

27-02-2025T17:35:42 - [TEST_STEP][PASSED] - myType = element.getAttribute("type"): null

27-02-2025T17:35:42 - [TEST_STEP][PASSED] - if (myValue in varParms[i]): null

27-02-2025T17:35:42 - [TEST_STEP][PASSED] - else: null

27-02-2025T17:35:42 - [TEST_STEP][PASSED] - inList = false: null

27-02-2025T17:35:42 - [TEST_STEP][PASSED] - if (myType == "checkbox"): null

27-02-2025T17:35:42 - [TEST_STEP][PASSED] - myStatus = element.isSelected(): null

27-02-2025T17:35:42 - [TEST_STEP][PASSED] - if (debug): null

27-02-2025T17:35:42 - [TEST_STEP][PASSED] - if (toggle && myStatus && inList): null

27-02-2025T17:35:42 - [TEST_STEP][PASSED] - if (!(myStatus) && inList || myStatus && !(inList)): null

27-02-2025T17:35:42 - [TEST_STEP][PASSED] - myValue = element.getAttribute("value"): null

27-02-2025T17:35:42 - [TEST_STEP][PASSED] - if (debug): null

27-02-2025T17:35:42 - [TEST_STEP][PASSED] - if (myValue.length() >= 4): null

27-02-2025T17:35:42 - [TEST_STEP][PASSED] - if (myValue.substring(0, 4) == "(!) "): null

27-02-2025T17:35:42 - [TEST_STEP][PASSED] - myType = element.getAttribute("type"): null

27-02-2025T17:35:42 - [TEST_STEP][PASSED] - if (myValue in varParms[i]): null

27-02-2025T17:35:42 - [TEST_STEP][PASSED] - else: null

27-02-2025T17:35:42 - [TEST_STEP][PASSED] - inList = false: null

27-02-2025T17:35:42 - [TEST_STEP][PASSED] - if (myType == "checkbox"): null

27-02-2025T17:35:42 - [TEST_STEP][PASSED] - myStatus = element.isSelected(): null

27-02-2025T17:35:42 - [TEST_STEP][PASSED] - if (debug): null

27-02-2025T17:35:42 - [TEST_STEP][PASSED] - if (toggle && myStatus && inList): null

27-02-2025T17:35:42 - [TEST_STEP][PASSED] - if (!(myStatus) && inList || myStatus && !(inList)): null

27-02-2025T17:35:42 - [TEST_STEP][PASSED] - myValue = element.getAttribute("value"): null

27-02-2025T17:35:42 - [TEST_STEP][PASSED] - if (debug): null

27-02-2025T17:35:42 - [TEST_STEP][PASSED] - if (myValue.length() >= 4): null

27-02-2025T17:35:42 - [TEST_STEP][PASSED] - if (myValue.substring(0, 4) == "(!) "): null

27-02-2025T17:35:42 - [TEST_STEP][PASSED] - myType = element.getAttribute("type"): null

27-02-2025T17:35:42 - [TEST_STEP][PASSED] - if (myValue in varParms[i]): null

27-02-2025T17:35:42 - [TEST_STEP][PASSED] - else: null

27-02-2025T17:35:42 - [TEST_STEP][PASSED] - inList = false: null

27-02-2025T17:35:42 - [TEST_STEP][PASSED] - if (myType == "checkbox"): null

27-02-2025T17:35:42 - [TEST_STEP][PASSED] - myStatus = element.isSelected(): null

27-02-2025T17:35:42 - [TEST_STEP][PASSED] - if (debug): null

27-02-2025T17:35:42 - [TEST_STEP][PASSED] - if (toggle && myStatus && inList): null

27-02-2025T17:35:42 - [TEST_STEP][PASSED] - if (!(myStatus) && inList || myStatus && !(inList)): null

27-02-2025T17:35:42 - [TEST_STEP][PASSED] - myValue = element.getAttribute("value"): null

27-02-2025T17:35:42 - [TEST_STEP][PASSED] - if (debug): null

27-02-2025T17:35:42 - [TEST_STEP][PASSED] - if (myValue.length() >= 4): null

27-02-2025T17:35:42 - [TEST_STEP][PASSED] - if (myValue.substring(0, 4) == "(!) "): null

27-02-2025T17:35:42 - [TEST_STEP][PASSED] - myType = element.getAttribute("type"): null

27-02-2025T17:35:42 - [TEST_STEP][PASSED] - if (myValue in varParms[i]): null

27-02-2025T17:35:42 - [TEST_STEP][PASSED] - else: null

27-02-2025T17:35:42 - [TEST_STEP][PASSED] - inList = false: null

27-02-2025T17:35:42 - [TEST_STEP][PASSED] - if (myType == "checkbox"): null

27-02-2025T17:35:42 - [TEST_STEP][PASSED] - myStatus = element.isSelected(): null

27-02-2025T17:35:42 - [TEST_STEP][PASSED] - if (debug): null

27-02-2025T17:35:42 - [TEST_STEP][PASSED] - if (toggle && myStatus && inList): null

27-02-2025T17:35:42 - [TEST_STEP][PASSED] - if (!(myStatus) && inList || myStatus && !(inList)): null

27-02-2025T17:35:42 - [TEST_STEP][PASSED] - myValue = element.getAttribute("value"): null

27-02-2025T17:35:42 - [TEST_STEP][PASSED] - if (debug): null

27-02-2025T17:35:42 - [TEST_STEP][PASSED] - if (myValue.length() >= 4): null

27-02-2025T17:35:42 - [TEST_STEP][PASSED] - if (myValue.substring(0, 4) == "(!) "): null

27-02-2025T17:35:42 - [TEST_STEP][PASSED] - myType = element.getAttribute("type"): null

27-02-2025T17:35:42 - [TEST_STEP][PASSED] - if (myValue in varParms[i]): null

27-02-2025T17:35:42 - [TEST_STEP][PASSED] - else: null

27-02-2025T17:35:42 - [TEST_STEP][PASSED] - inList = false: null

27-02-2025T17:35:42 - [TEST_STEP][PASSED] - if (myType == "checkbox"): null

27-02-2025T17:35:42 - [TEST_STEP][PASSED] - myStatus = element.isSelected(): null

27-02-2025T17:35:42 - [TEST_STEP][PASSED] - if (debug): null

27-02-2025T17:35:42 - [TEST_STEP][PASSED] - if (toggle && myStatus && inList): null

27-02-2025T17:35:42 - [TEST_STEP][PASSED] - if (!(myStatus) && inList || myStatus && !(inList)): null

27-02-2025T17:35:42 - [TEST_STEP][PASSED] - myValue = element.getAttribute("value"): null

27-02-2025T17:35:42 - [TEST_STEP][PASSED] - if (debug): null

27-02-2025T17:35:42 - [TEST_STEP][PASSED] - if (myValue.length() >= 4): null

27-02-2025T17:35:42 - [TEST_STEP][PASSED] - if (myValue.substring(0, 4) == "(!) "): null

27-02-2025T17:35:42 - [TEST_STEP][PASSED] - myType = element.getAttribute("type"): null

27-02-2025T17:35:42 - [TEST_STEP][PASSED] - if (myValue in varParms[i]): null

27-02-2025T17:35:42 - [TEST_STEP][PASSED] - else: null

27-02-2025T17:35:42 - [TEST_STEP][PASSED] - inList = false: null

27-02-2025T17:35:42 - [TEST_STEP][PASSED] - if (myType == "checkbox"): null

27-02-2025T17:35:42 - [TEST_STEP][PASSED] - myStatus = element.isSelected(): null

27-02-2025T17:35:42 - [TEST_STEP][PASSED] - if (debug): null

27-02-2025T17:35:42 - [TEST_STEP][PASSED] - if (toggle && myStatus && inList): null

27-02-2025T17:35:42 - [TEST_STEP][PASSED] - if (!(myStatus) && inList || myStatus && !(inList)): null

27-02-2025T17:35:42 - [TEST_STEP][PASSED] - myValue = element.getAttribute("value"): null

27-02-2025T17:35:42 - [TEST_STEP][PASSED] - if (debug): null

27-02-2025T17:35:42 - [TEST_STEP][PASSED] - if (myValue.length() >= 4): null

27-02-2025T17:35:42 - [TEST_STEP][PASSED] - if (myValue.substring(0, 4) == "(!) "): null

27-02-2025T17:35:42 - [TEST_STEP][PASSED] - myType = element.getAttribute("type"): null

27-02-2025T17:35:42 - [TEST_STEP][PASSED] - if (myValue in varParms[i]): null

27-02-2025T17:35:42 - [TEST_STEP][PASSED] - else: null

27-02-2025T17:35:42 - [TEST_STEP][PASSED] - inList = false: null

27-02-2025T17:35:42 - [TEST_STEP][PASSED] - if (myType == "checkbox"): null

27-02-2025T17:35:42 - [TEST_STEP][PASSED] - myStatus = element.isSelected(): null

27-02-2025T17:35:42 - [TEST_STEP][PASSED] - if (debug): null

27-02-2025T17:35:42 - [TEST_STEP][PASSED] - if (toggle && myStatus && inList): null

27-02-2025T17:35:42 - [TEST_STEP][PASSED] - if (!(myStatus) && inList || myStatus && !(inList)): null

27-02-2025T17:35:42 - [TEST_STEP][PASSED] - myValue = element.getAttribute("value"): null

27-02-2025T17:35:42 - [TEST_STEP][PASSED] - if (debug): null

27-02-2025T17:35:42 - [TEST_STEP][PASSED] - if (myValue.length() >= 4): null

27-02-2025T17:35:42 - [TEST_STEP][PASSED] - if (myValue.substring(0, 4) == "(!) "): null

27-02-2025T17:35:42 - [TEST_STEP][PASSED] - myType = element.getAttribute("type"): null

27-02-2025T17:35:42 - [TEST_STEP][PASSED] - if (myValue in varParms[i]): null

27-02-2025T17:35:42 - [TEST_STEP][PASSED] - else: null

27-02-2025T17:35:42 - [TEST_STEP][PASSED] - inList = false: null

27-02-2025T17:35:42 - [TEST_STEP][PASSED] - if (myType == "checkbox"): null

27-02-2025T17:35:42 - [TEST_STEP][PASSED] - myStatus = element.isSelected(): null

27-02-2025T17:35:42 - [TEST_STEP][PASSED] - if (debug): null

27-02-2025T17:35:42 - [TEST_STEP][PASSED] - if (toggle && myStatus && inList): null

27-02-2025T17:35:42 - [TEST_STEP][PASSED] - if (!(myStatus) && inList || myStatus && !(inList)): null

27-02-2025T17:35:42 - [TEST_STEP][PASSED] - myValue = element.getAttribute("value"): null

27-02-2025T17:35:42 - [TEST_STEP][PASSED] - if (debug): null

27-02-2025T17:35:42 - [TEST_STEP][PASSED] - if (myValue.length() >= 4): null

27-02-2025T17:35:42 - [TEST_STEP][PASSED] - if (myValue.substring(0, 4) == "(!) "): null

27-02-2025T17:35:42 - [TEST_STEP][PASSED] - myType = element.getAttribute("type"): null

27-02-2025T17:35:42 - [TEST_STEP][PASSED] - if (myValue in varParms[i]): null

27-02-2025T17:35:42 - [TEST_STEP][PASSED] - else: null

27-02-2025T17:35:42 - [TEST_STEP][PASSED] - inList = false: null

27-02-2025T17:35:42 - [TEST_STEP][PASSED] - if (myType == "checkbox"): null

27-02-2025T17:35:42 - [TEST_STEP][PASSED] - myStatus = element.isSelected(): null

27-02-2025T17:35:42 - [TEST_STEP][PASSED] - if (debug): null

27-02-2025T17:35:42 - [TEST_STEP][PASSED] - if (toggle && myStatus && inList): null

27-02-2025T17:35:42 - [TEST_STEP][PASSED] - if (!(myStatus) && inList || myStatus && !(inList)): null

27-02-2025T17:35:42 - [TEST_STEP][PASSED] - myValue = element.getAttribute("value"): null

27-02-2025T17:35:42 - [TEST_STEP][PASSED] - if (debug): null

27-02-2025T17:35:42 - [TEST_STEP][PASSED] - if (myValue.length() >= 4): null

27-02-2025T17:35:42 - [TEST_STEP][PASSED] - if (myValue.substring(0, 4) == "(!) "): null

27-02-2025T17:35:42 - [TEST_STEP][PASSED] - myType = element.getAttribute("type"): null

27-02-2025T17:35:42 - [TEST_STEP][PASSED] - if (myValue in varParms[i]): null

27-02-2025T17:35:42 - [TEST_STEP][PASSED] - else: null

27-02-2025T17:35:42 - [TEST_STEP][PASSED] - inList = false: null

27-02-2025T17:35:42 - [TEST_STEP][PASSED] - if (myType == "checkbox"): null

27-02-2025T17:35:42 - [TEST_STEP][PASSED] - myStatus = element.isSelected(): null

27-02-2025T17:35:42 - [TEST_STEP][PASSED] - if (debug): null

27-02-2025T17:35:42 - [TEST_STEP][PASSED] - if (toggle && myStatus && inList): null

27-02-2025T17:35:42 - [TEST_STEP][PASSED] - if (!(myStatus) && inList || myStatus && !(inList)): null

27-02-2025T17:35:42 - [TEST_STEP][PASSED] - myValue = element.getAttribute("value"): null

27-02-2025T17:35:42 - [TEST_STEP][PASSED] - if (debug): null

27-02-2025T17:35:42 - [TEST_STEP][PASSED] - if (myValue.length() >= 4): null

27-02-2025T17:35:42 - [TEST_STEP][PASSED] - if (myValue.substring(0, 4) == "(!) "): null

27-02-2025T17:35:42 - [TEST_STEP][PASSED] - myType = element.getAttribute("type"): null

27-02-2025T17:35:42 - [TEST_STEP][PASSED] - if (myValue in varParms[i]): null

27-02-2025T17:35:42 - [TEST_STEP][PASSED] - else: null

27-02-2025T17:35:42 - [TEST_STEP][PASSED] - inList = false: null

27-02-2025T17:35:42 - [TEST_STEP][PASSED] - if (myType == "checkbox"): null

27-02-2025T17:35:42 - [TEST_STEP][PASSED] - myStatus = element.isSelected(): null

27-02-2025T17:35:42 - [TEST_STEP][PASSED] - if (debug): null

27-02-2025T17:35:42 - [TEST_STEP][PASSED] - if (toggle && myStatus && inList): null

27-02-2025T17:35:42 - [TEST_STEP][PASSED] - if (!(myStatus) && inList || myStatus && !(inList)): null

27-02-2025T17:35:42 - [TEST_STEP][PASSED] - myValue = element.getAttribute("value"): null

27-02-2025T17:35:42 - [TEST_STEP][PASSED] - if (debug): null

27-02-2025T17:35:42 - [TEST_STEP][PASSED] - if (myValue.length() >= 4): null

27-02-2025T17:35:42 - [TEST_STEP][PASSED] - if (myValue.substring(0, 4) == "(!) "): null

27-02-2025T17:35:42 - [TEST_STEP][PASSED] - myType = element.getAttribute("type"): null

27-02-2025T17:35:42 - [TEST_STEP][PASSED] - if (myValue in varParms[i]): null

27-02-2025T17:35:42 - [TEST_STEP][PASSED] - else: null

27-02-2025T17:35:42 - [TEST_STEP][PASSED] - inList = false: null

27-02-2025T17:35:42 - [TEST_STEP][PASSED] - if (myType == "checkbox"): null

27-02-2025T17:35:42 - [TEST_STEP][PASSED] - myStatus = element.isSelected(): null

27-02-2025T17:35:42 - [TEST_STEP][PASSED] - if (debug): null

27-02-2025T17:35:42 - [TEST_STEP][PASSED] - if (toggle && myStatus && inList): null

27-02-2025T17:35:42 - [TEST_STEP][PASSED] - if (!(myStatus) && inList || myStatus && !(inList)): null

27-02-2025T17:35:42 - [TEST_STEP][PASSED] - myValue = element.getAttribute("value"): null

27-02-2025T17:35:42 - [TEST_STEP][PASSED] - if (debug): null

27-02-2025T17:35:42 - [TEST_STEP][PASSED] - if (myValue.length() >= 4): null

27-02-2025T17:35:42 - [TEST_STEP][PASSED] - if (myValue.substring(0, 4) == "(!) "): null

27-02-2025T17:35:42 - [TEST_STEP][PASSED] - myType = element.getAttribute("type"): null

27-02-2025T17:35:42 - [TEST_STEP][PASSED] - if (myValue in varParms[i]): null

27-02-2025T17:35:42 - [TEST_STEP][PASSED] - else: null

27-02-2025T17:35:42 - [TEST_STEP][PASSED] - inList = false: null

27-02-2025T17:35:42 - [TEST_STEP][PASSED] - if (myType == "checkbox"): null

27-02-2025T17:35:42 - [TEST_STEP][PASSED] - myStatus = element.isSelected(): null

27-02-2025T17:35:42 - [TEST_STEP][PASSED] - if (debug): null

27-02-2025T17:35:42 - [TEST_STEP][PASSED] - if (toggle && myStatus && inList): null

27-02-2025T17:35:42 - [TEST_STEP][PASSED] - if (!(myStatus) && inList || myStatus && !(inList)): null

27-02-2025T17:35:42 - [TEST_STEP][PASSED] - myValue = element.getAttribute("value"): null

27-02-2025T17:35:42 - [TEST_STEP][PASSED] - if (debug): null

27-02-2025T17:35:42 - [TEST_STEP][PASSED] - if (myValue.length() >= 4): null

27-02-2025T17:35:42 - [TEST_STEP][PASSED] - if (myValue.substring(0, 4) == "(!) "): null

27-02-2025T17:35:42 - [TEST_STEP][PASSED] - myType = element.getAttribute("type"): null

27-02-2025T17:35:42 - [TEST_STEP][PASSED] - if (myValue in varParms[i]): null

27-02-2025T17:35:42 - [TEST_STEP][PASSED] - else: null

27-02-2025T17:35:42 - [TEST_STEP][PASSED] - inList = false: null

27-02-2025T17:35:42 - [TEST_STEP][PASSED] - if (myType == "checkbox"): null

27-02-2025T17:35:42 - [TEST_STEP][PASSED] - myStatus = element.isSelected(): null

27-02-2025T17:35:42 - [TEST_STEP][PASSED] - if (debug): null

27-02-2025T17:35:42 - [TEST_STEP][PASSED] - if (toggle && myStatus && inList): null

27-02-2025T17:35:42 - [TEST_STEP][PASSED] - if (!(myStatus) && inList || myStatus && !(inList)): null

27-02-2025T17:35:42 - [TEST_STEP][PASSED] - myValue = element.getAttribute("value"): null

27-02-2025T17:35:42 - [TEST_STEP][PASSED] - if (debug): null

27-02-2025T17:35:42 - [TEST_STEP][PASSED] - if (myValue.length() >= 4): null

27-02-2025T17:35:42 - [TEST_STEP][PASSED] - if (myValue.substring(0, 4) == "(!) "): null

27-02-2025T17:35:42 - [TEST_STEP][PASSED] - myType = element.getAttribute("type"): null

27-02-2025T17:35:42 - [TEST_STEP][PASSED] - if (myValue in varParms[i]): null

27-02-2025T17:35:42 - [TEST_STEP][PASSED] - else: null

27-02-2025T17:35:42 - [TEST_STEP][PASSED] - inList = false: null

27-02-2025T17:35:42 - [TEST_STEP][PASSED] - if (myType == "checkbox"): null

27-02-2025T17:35:42 - [TEST_STEP][PASSED] - myStatus = element.isSelected(): null

27-02-2025T17:35:42 - [TEST_STEP][PASSED] - if (debug): null

27-02-2025T17:35:42 - [TEST_STEP][PASSED] - if (toggle && myStatus && inList): null

27-02-2025T17:35:42 - [TEST_STEP][PASSED] - if (!(myStatus) && inList || myStatus && !(inList)): null

27-02-2025T17:35:42 - [TEST_STEP][PASSED] - myValue = element.getAttribute("value"): null

27-02-2025T17:35:42 - [TEST_STEP][PASSED] - if (debug): null

27-02-2025T17:35:42 - [TEST_STEP][PASSED] - if (myValue.length() >= 4): null

27-02-2025T17:35:42 - [TEST_STEP][PASSED] - if (myValue.substring(0, 4) == "(!) "): null

27-02-2025T17:35:42 - [TEST_STEP][PASSED] - myType = element.getAttribute("type"): null

27-02-2025T17:35:42 - [TEST_STEP][PASSED] - if (myValue in varParms[i]): null

27-02-2025T17:35:42 - [TEST_STEP][PASSED] - else: null

27-02-2025T17:35:42 - [TEST_STEP][PASSED] - inList = false: null

27-02-2025T17:35:42 - [TEST_STEP][PASSED] - if (myType == "checkbox"): null

27-02-2025T17:35:42 - [TEST_STEP][PASSED] - myStatus = element.isSelected(): null

27-02-2025T17:35:42 - [TEST_STEP][PASSED] - if (debug): null

27-02-2025T17:35:42 - [TEST_STEP][PASSED] - if (toggle && myStatus && inList): null

27-02-2025T17:35:42 - [TEST_STEP][PASSED] - if (!(myStatus) && inList || myStatus && !(inList)): null

27-02-2025T17:35:42 - [TEST_STEP][PASSED] - myValue = element.getAttribute("value"): null

27-02-2025T17:35:42 - [TEST_STEP][PASSED] - if (debug): null

27-02-2025T17:35:42 - [TEST_STEP][PASSED] - if (myValue.length() >= 4): null

27-02-2025T17:35:42 - [TEST_STEP][PASSED] - if (myValue.substring(0, 4) == "(!) "): null

27-02-2025T17:35:42 - [TEST_STEP][PASSED] - myType = element.getAttribute("type"): null

27-02-2025T17:35:42 - [TEST_STEP][PASSED] - if (myValue in varParms[i]): null

27-02-2025T17:35:42 - [TEST_STEP][PASSED] - else: null

27-02-2025T17:35:42 - [TEST_STEP][PASSED] - inList = false: null

27-02-2025T17:35:42 - [TEST_STEP][PASSED] - if (myType == "checkbox"): null

27-02-2025T17:35:42 - [TEST_STEP][PASSED] - myStatus = element.isSelected(): null

27-02-2025T17:35:42 - [TEST_STEP][PASSED] - if (debug): null

27-02-2025T17:35:42 - [TEST_STEP][PASSED] - if (toggle && myStatus && inList): null

27-02-2025T17:35:42 - [TEST_STEP][PASSED] - if (!(myStatus) && inList || myStatus && !(inList)): null

27-02-2025T17:35:42 - [TEST_STEP][PASSED] - myValue = element.getAttribute("value"): null

27-02-2025T17:35:42 - [TEST_STEP][PASSED] - if (debug): null

27-02-2025T17:35:42 - [TEST_STEP][PASSED] - if (myValue.length() >= 4): null

27-02-2025T17:35:42 - [TEST_STEP][PASSED] - if (myValue.substring(0, 4) == "(!) "): null

27-02-2025T17:35:42 - [TEST_STEP][PASSED] - myType = element.getAttribute("type"): null

27-02-2025T17:35:42 - [TEST_STEP][PASSED] - if (myValue in varParms[i]): null

27-02-2025T17:35:42 - [TEST_STEP][PASSED] - else: null

27-02-2025T17:35:42 - [TEST_STEP][PASSED] - inList = false: null

27-02-2025T17:35:42 - [TEST_STEP][PASSED] - if (myType == "checkbox"): null

27-02-2025T17:35:42 - [TEST_STEP][PASSED] - myStatus = element.isSelected(): null

27-02-2025T17:35:42 - [TEST_STEP][PASSED] - if (debug): null

27-02-2025T17:35:42 - [TEST_STEP][PASSED] - if (toggle && myStatus && inList): null

27-02-2025T17:35:42 - [TEST_STEP][PASSED] - if (!(myStatus) && inList || myStatus && !(inList)): null

27-02-2025T17:35:42 - [TEST_STEP][PASSED] - myValue = element.getAttribute("value"): null

27-02-2025T17:35:42 - [TEST_STEP][PASSED] - if (debug): null

27-02-2025T17:35:42 - [TEST_STEP][PASSED] - if (myValue.length() >= 4): null

27-02-2025T17:35:42 - [TEST_STEP][PASSED] - if (myValue.substring(0, 4) == "(!) "): null

27-02-2025T17:35:42 - [TEST_STEP][PASSED] - myType = element.getAttribute("type"): null

27-02-2025T17:35:42 - [TEST_STEP][PASSED] - if (myValue in varParms[i]): null

27-02-2025T17:35:42 - [TEST_STEP][PASSED] - else: null

27-02-2025T17:35:42 - [TEST_STEP][PASSED] - inList = false: null

27-02-2025T17:35:42 - [TEST_STEP][PASSED] - if (myType == "checkbox"): null

27-02-2025T17:35:42 - [TEST_STEP][PASSED] - myStatus = element.isSelected(): null

27-02-2025T17:35:42 - [TEST_STEP][PASSED] - if (debug): null

27-02-2025T17:35:42 - [TEST_STEP][PASSED] - if (toggle && myStatus && inList): null

27-02-2025T17:35:42 - [TEST_STEP][PASSED] - if (!(myStatus) && inList || myStatus && !(inList)): null

27-02-2025T17:35:42 - [TEST_STEP][PASSED] - myValue = element.getAttribute("value"): null

27-02-2025T17:35:42 - [TEST_STEP][PASSED] - if (debug): null

27-02-2025T17:35:42 - [TEST_STEP][PASSED] - if (myValue.length() >= 4): null

27-02-2025T17:35:42 - [TEST_STEP][PASSED] - if (myValue.substring(0, 4) == "(!) "): null

27-02-2025T17:35:42 - [TEST_STEP][PASSED] - myType = element.getAttribute("type"): null

27-02-2025T17:35:42 - [TEST_STEP][PASSED] - if (myValue in varParms[i]): null

27-02-2025T17:35:42 - [TEST_STEP][PASSED] - else: null

27-02-2025T17:35:42 - [TEST_STEP][PASSED] - inList = false: null

27-02-2025T17:35:42 - [TEST_STEP][PASSED] - if (myType == "checkbox"): null

27-02-2025T17:35:42 - [TEST_STEP][PASSED] - myStatus = element.isSelected(): null

27-02-2025T17:35:42 - [TEST_STEP][PASSED] - if (debug): null

27-02-2025T17:35:42 - [TEST_STEP][PASSED] - if (toggle && myStatus && inList): null

27-02-2025T17:35:42 - [TEST_STEP][PASSED] - if (!(myStatus) && inList || myStatus && !(inList)): null

27-02-2025T17:35:42 - [TEST_STEP][PASSED] - myValue = element.getAttribute("value"): null

27-02-2025T17:35:42 - [TEST_STEP][PASSED] - if (debug): null

27-02-2025T17:35:42 - [TEST_STEP][PASSED] - if (myValue.length() >= 4): null

27-02-2025T17:35:42 - [TEST_STEP][PASSED] - if (myValue.substring(0, 4) == "(!) "): null

27-02-2025T17:35:42 - [TEST_STEP][PASSED] - myType = element.getAttribute("type"): null

27-02-2025T17:35:42 - [TEST_STEP][PASSED] - if (myValue in varParms[i]): null

27-02-2025T17:35:42 - [TEST_STEP][PASSED] - else: null

27-02-2025T17:35:42 - [TEST_STEP][PASSED] - inList = false: null

27-02-2025T17:35:42 - [TEST_STEP][PASSED] - if (myType == "checkbox"): null

27-02-2025T17:35:42 - [TEST_STEP][PASSED] - myStatus = element.isSelected(): null

27-02-2025T17:35:42 - [TEST_STEP][PASSED] - if (debug): null

27-02-2025T17:35:42 - [TEST_STEP][PASSED] - if (toggle && myStatus && inList): null

27-02-2025T17:35:42 - [TEST_STEP][PASSED] - if (!(myStatus) && inList || myStatus && !(inList)): null

27-02-2025T17:35:42 - [TEST_STEP][PASSED] - myValue = element.getAttribute("value"): null

27-02-2025T17:35:42 - [TEST_STEP][PASSED] - if (debug): null

27-02-2025T17:35:42 - [TEST_STEP][PASSED] - if (myValue.length() >= 4): null

27-02-2025T17:35:42 - [TEST_STEP][PASSED] - if (myValue.substring(0, 4) == "(!) "): null

27-02-2025T17:35:42 - [TEST_STEP][PASSED] - myType = element.getAttribute("type"): null

27-02-2025T17:35:42 - [TEST_STEP][PASSED] - if (myValue in varParms[i]): null

27-02-2025T17:35:42 - [TEST_STEP][PASSED] - else: null

27-02-2025T17:35:42 - [TEST_STEP][PASSED] - inList = false: null

27-02-2025T17:35:42 - [TEST_STEP][PASSED] - if (myType == "checkbox"): null

27-02-2025T17:35:42 - [TEST_STEP][PASSED] - myStatus = element.isSelected(): null

27-02-2025T17:35:42 - [TEST_STEP][PASSED] - if (debug): null

27-02-2025T17:35:42 - [TEST_STEP][PASSED] - if (toggle && myStatus && inList): null

27-02-2025T17:35:42 - [TEST_STEP][PASSED] - if (!(myStatus) && inList || myStatus && !(inList)): null

27-02-2025T17:35:42 - [TEST_STEP][PASSED] - myValue = element.getAttribute("value"): null

27-02-2025T17:35:42 - [TEST_STEP][PASSED] - if (debug): null

27-02-2025T17:35:42 - [TEST_STEP][PASSED] - if (myValue.length() >= 4): null

27-02-2025T17:35:42 - [TEST_STEP][PASSED] - if (myValue.substring(0, 4) == "(!) "): null

27-02-2025T17:35:42 - [TEST_STEP][PASSED] - myType = element.getAttribute("type"): null

27-02-2025T17:35:42 - [TEST_STEP][PASSED] - if (myValue in varParms[i]): null

27-02-2025T17:35:42 - [TEST_STEP][PASSED] - else: null

27-02-2025T17:35:42 - [TEST_STEP][PASSED] - inList = false: null

27-02-2025T17:35:42 - [TEST_STEP][PASSED] - if (myType == "checkbox"): null

27-02-2025T17:35:42 - [TEST_STEP][PASSED] - myStatus = element.isSelected(): null

27-02-2025T17:35:42 - [TEST_STEP][PASSED] - if (debug): null

27-02-2025T17:35:42 - [TEST_STEP][PASSED] - if (toggle && myStatus && inList): null

27-02-2025T17:35:42 - [TEST_STEP][PASSED] - if (!(myStatus) && inList || myStatus && !(inList)): null

27-02-2025T17:35:42 - [TEST_STEP][PASSED] - myValue = element.getAttribute("value"): null

27-02-2025T17:35:42 - [TEST_STEP][PASSED] - if (debug): null

27-02-2025T17:35:42 - [TEST_STEP][PASSED] - if (myValue.length() >= 4): null

27-02-2025T17:35:42 - [TEST_STEP][PASSED] - if (myValue.substring(0, 4) == "(!) "): null

27-02-2025T17:35:42 - [TEST_STEP][PASSED] - myType = element.getAttribute("type"): null

27-02-2025T17:35:42 - [TEST_STEP][PASSED] - if (myValue in varParms[i]): null

27-02-2025T17:35:42 - [TEST_STEP][PASSED] - else: null

27-02-2025T17:35:42 - [TEST_STEP][PASSED] - inList = false: null

27-02-2025T17:35:42 - [TEST_STEP][PASSED] - if (myType == "checkbox"): null

27-02-2025T17:35:42 - [TEST_STEP][PASSED] - myStatus = element.isSelected(): null

27-02-2025T17:35:42 - [TEST_STEP][PASSED] - if (debug): null

27-02-2025T17:35:42 - [TEST_STEP][PASSED] - if (toggle && myStatus && inList): null

27-02-2025T17:35:42 - [TEST_STEP][PASSED] - if (!(myStatus) && inList || myStatus && !(inList)): null

27-02-2025T17:35:42 - [TEST_STEP][PASSED] - myValue = element.getAttribute("value"): null

27-02-2025T17:35:42 - [TEST_STEP][PASSED] - if (debug): null

27-02-2025T17:35:42 - [TEST_STEP][PASSED] - if (myValue.length() >= 4): null

27-02-2025T17:35:42 - [TEST_STEP][PASSED] - if (myValue.substring(0, 4) == "(!) "): null

27-02-2025T17:35:42 - [TEST_STEP][PASSED] - myType = element.getAttribute("type"): null

27-02-2025T17:35:42 - [TEST_STEP][PASSED] - if (myValue in varParms[i]): null

27-02-2025T17:35:42 - [TEST_STEP][PASSED] - else: null

27-02-2025T17:35:42 - [TEST_STEP][PASSED] - inList = false: null

27-02-2025T17:35:42 - [TEST_STEP][PASSED] - if (myType == "checkbox"): null

27-02-2025T17:35:42 - [TEST_STEP][PASSED] - myStatus = element.isSelected(): null

27-02-2025T17:35:42 - [TEST_STEP][PASSED] - if (debug): null

27-02-2025T17:35:42 - [TEST_STEP][PASSED] - if (toggle && myStatus && inList): null

27-02-2025T17:35:42 - [TEST_STEP][PASSED] - if (!(myStatus) && inList || myStatus && !(inList)): null

27-02-2025T17:35:42 - [TEST_STEP][PASSED] - myValue = element.getAttribute("value"): null

27-02-2025T17:35:42 - [TEST_STEP][PASSED] - if (debug): null

27-02-2025T17:35:42 - [TEST_STEP][PASSED] - if (myValue.length() >= 4): null

27-02-2025T17:35:42 - [TEST_STEP][PASSED] - if (myValue.substring(0, 4) == "(!) "): null

27-02-2025T17:35:42 - [TEST_STEP][PASSED] - myType = element.getAttribute("type"): null

27-02-2025T17:35:42 - [TEST_STEP][PASSED] - if (myValue in varParms[i]): null

27-02-2025T17:35:42 - [TEST_STEP][PASSED] - else: null

27-02-2025T17:35:42 - [TEST_STEP][PASSED] - inList = false: null

27-02-2025T17:35:42 - [TEST_STEP][PASSED] - if (myType == "checkbox"): null

27-02-2025T17:35:42 - [TEST_STEP][PASSED] - myStatus = element.isSelected(): null

27-02-2025T17:35:42 - [TEST_STEP][PASSED] - if (debug): null

27-02-2025T17:35:42 - [TEST_STEP][PASSED] - if (toggle && myStatus && inList): null

27-02-2025T17:35:42 - [TEST_STEP][PASSED] - if (!(myStatus) && inList || myStatus && !(inList)): null

27-02-2025T17:35:42 - [TEST_STEP][PASSED] - myValue = element.getAttribute("value"): null

27-02-2025T17:35:42 - [TEST_STEP][PASSED] - if (debug): null

27-02-2025T17:35:42 - [TEST_STEP][PASSED] - if (myValue.length() >= 4): null

27-02-2025T17:35:42 - [TEST_STEP][PASSED] - if (myValue.substring(0, 4) == "(!) "): null

27-02-2025T17:35:42 - [TEST_STEP][PASSED] - myType = element.getAttribute("type"): null

27-02-2025T17:35:42 - [TEST_STEP][PASSED] - if (myValue in varParms[i]): null

27-02-2025T17:35:42 - [TEST_STEP][PASSED] - else: null

27-02-2025T17:35:42 - [TEST_STEP][PASSED] - inList = false: null

27-02-2025T17:35:42 - [TEST_STEP][PASSED] - if (myType == "checkbox"): null

27-02-2025T17:35:42 - [TEST_STEP][PASSED] - myStatus = element.isSelected(): null

27-02-2025T17:35:42 - [TEST_STEP][PASSED] - if (debug): null

27-02-2025T17:35:42 - [TEST_STEP][PASSED] - if (toggle && myStatus && inList): null

27-02-2025T17:35:42 - [TEST_STEP][PASSED] - if (!(myStatus) && inList || myStatus && !(inList)): null

27-02-2025T17:35:42 - [TEST_STEP][PASSED] - myValue = element.getAttribute("value"): null

27-02-2025T17:35:42 - [TEST_STEP][PASSED] - if (debug): null

27-02-2025T17:35:42 - [TEST_STEP][PASSED] - if (myValue.length() >= 4): null

27-02-2025T17:35:42 - [TEST_STEP][PASSED] - if (myValue.substring(0, 4) == "(!) "): null

27-02-2025T17:35:42 - [TEST_STEP][PASSED] - myType = element.getAttribute("type"): null

27-02-2025T17:35:42 - [TEST_STEP][PASSED] - if (myValue in varParms[i]): null

27-02-2025T17:35:42 - [TEST_STEP][PASSED] - else: null

27-02-2025T17:35:42 - [TEST_STEP][PASSED] - inList = false: null

27-02-2025T17:35:42 - [TEST_STEP][PASSED] - if (myType == "checkbox"): null

27-02-2025T17:35:42 - [TEST_STEP][PASSED] - myStatus = element.isSelected(): null

27-02-2025T17:35:42 - [TEST_STEP][PASSED] - if (debug): null

27-02-2025T17:35:42 - [TEST_STEP][PASSED] - if (toggle && myStatus && inList): null

27-02-2025T17:35:42 - [TEST_STEP][PASSED] - if (!(myStatus) && inList || myStatus && !(inList)): null

27-02-2025T17:35:42 - [TEST_STEP][PASSED] - myValue = element.getAttribute("value"): null

27-02-2025T17:35:42 - [TEST_STEP][PASSED] - if (debug): null

27-02-2025T17:35:42 - [TEST_STEP][PASSED] - if (myValue.length() >= 4): null

27-02-2025T17:35:42 - [TEST_STEP][PASSED] - if (myValue.substring(0, 4) == "(!) "): null

27-02-2025T17:35:42 - [TEST_STEP][PASSED] - myType = element.getAttribute("type"): null

27-02-2025T17:35:42 - [TEST_STEP][PASSED] - if (myValue in varParms[i]): null

27-02-2025T17:35:42 - [TEST_STEP][PASSED] - else: null

27-02-2025T17:35:42 - [TEST_STEP][PASSED] - inList = false: null

27-02-2025T17:35:42 - [TEST_STEP][PASSED] - if (myType == "checkbox"): null

27-02-2025T17:35:42 - [TEST_STEP][PASSED] - myStatus = element.isSelected(): null

27-02-2025T17:35:42 - [TEST_STEP][PASSED] - if (debug): null

27-02-2025T17:35:42 - [TEST_STEP][PASSED] - if (toggle && myStatus && inList): null

27-02-2025T17:35:42 - [TEST_STEP][PASSED] - if (!(myStatus) && inList || myStatus && !(inList)): null

27-02-2025T17:35:42 - [TEST_STEP][PASSED] - myValue = element.getAttribute("value"): null

27-02-2025T17:35:42 - [TEST_STEP][PASSED] - if (debug): null

27-02-2025T17:35:42 - [TEST_STEP][PASSED] - if (myValue.length() >= 4): null

27-02-2025T17:35:42 - [TEST_STEP][PASSED] - if (myValue.substring(0, 4) == "(!) "): null

27-02-2025T17:35:42 - [TEST_STEP][PASSED] - myType = element.getAttribute("type"): null

27-02-2025T17:35:42 - [TEST_STEP][PASSED] - if (myValue in varParms[i]): null

27-02-2025T17:35:42 - [TEST_STEP][PASSED] - else: null

27-02-2025T17:35:42 - [TEST_STEP][PASSED] - inList = false: null

27-02-2025T17:35:42 - [TEST_STEP][PASSED] - if (myType == "checkbox"): null

27-02-2025T17:35:42 - [TEST_STEP][PASSED] - myStatus = element.isSelected(): null

27-02-2025T17:35:42 - [TEST_STEP][PASSED] - if (debug): null

27-02-2025T17:35:42 - [TEST_STEP][PASSED] - if (toggle && myStatus && inList): null

27-02-2025T17:35:42 - [TEST_STEP][PASSED] - if (!(myStatus) && inList || myStatus && !(inList)): null

27-02-2025T17:35:42 - [TEST_STEP][PASSED] - myValue = element.getAttribute("value"): null

27-02-2025T17:35:42 - [TEST_STEP][PASSED] - if (debug): null

27-02-2025T17:35:42 - [TEST_STEP][PASSED] - if (myValue.length() >= 4): null

27-02-2025T17:35:42 - [TEST_STEP][PASSED] - if (myValue.substring(0, 4) == "(!) "): null

27-02-2025T17:35:42 - [TEST_STEP][PASSED] - myType = element.getAttribute("type"): null

27-02-2025T17:35:42 - [TEST_STEP][PASSED] - if (myValue in varParms[i]): null

27-02-2025T17:35:42 - [TEST_STEP][PASSED] - else: null

27-02-2025T17:35:42 - [TEST_STEP][PASSED] - inList = false: null

27-02-2025T17:35:42 - [TEST_STEP][PASSED] - if (myType == "checkbox"): null

27-02-2025T17:35:42 - [TEST_STEP][PASSED] - myStatus = element.isSelected(): null

27-02-2025T17:35:42 - [TEST_STEP][PASSED] - if (debug): null

27-02-2025T17:35:42 - [TEST_STEP][PASSED] - if (toggle && myStatus && inList): null

27-02-2025T17:35:42 - [TEST_STEP][PASSED] - if (!(myStatus) && inList || myStatus && !(inList)): null

27-02-2025T17:35:42 - [TEST_STEP][PASSED] - myValue = element.getAttribute("value"): null

27-02-2025T17:35:42 - [TEST_STEP][PASSED] - if (debug): null

27-02-2025T17:35:42 - [TEST_STEP][PASSED] - if (myValue.length() >= 4): null

27-02-2025T17:35:42 - [TEST_STEP][PASSED] - myType = element.getAttribute("type"): null

27-02-2025T17:35:42 - [TEST_STEP][PASSED] - if (myValue in varParms[i]): null

27-02-2025T17:35:42 - [TEST_STEP][PASSED] - else: null

27-02-2025T17:35:42 - [TEST_STEP][PASSED] - inList = false: null

27-02-2025T17:35:42 - [TEST_STEP][PASSED] - if (myType == "checkbox"): null

27-02-2025T17:35:42 - [TEST_STEP][PASSED] - myStatus = element.isSelected(): null

27-02-2025T17:35:42 - [TEST_STEP][PASSED] - if (debug): null

27-02-2025T17:35:42 - [TEST_STEP][PASSED] - if (toggle && myStatus && inList): null

27-02-2025T17:35:42 - [TEST_STEP][PASSED] - if (!(myStatus) && inList || myStatus && !(inList)): null

27-02-2025T17:35:42 - [TEST_STEP][PASSED] - myValue = element.getAttribute("value"): null

27-02-2025T17:35:42 - [TEST_STEP][PASSED] - if (debug): null

27-02-2025T17:35:42 - [TEST_STEP][PASSED] - if (myValue.length() >= 4): null

27-02-2025T17:35:42 - [TEST_STEP][PASSED] - if (myValue.substring(0, 4) == "(!) "): null

27-02-2025T17:35:42 - [TEST_STEP][PASSED] - myType = element.getAttribute("type"): null

27-02-2025T17:35:42 - [TEST_STEP][PASSED] - if (myValue in varParms[i]): null

27-02-2025T17:35:42 - [TEST_STEP][PASSED] - else: null

27-02-2025T17:35:42 - [TEST_STEP][PASSED] - inList = false: null

27-02-2025T17:35:42 - [TEST_STEP][PASSED] - if (myType == "checkbox"): null

27-02-2025T17:35:42 - [TEST_STEP][PASSED] - myStatus = element.isSelected(): null

27-02-2025T17:35:42 - [TEST_STEP][PASSED] - if (debug): null

27-02-2025T17:35:42 - [TEST_STEP][PASSED] - if (toggle && myStatus && inList): null

27-02-2025T17:35:42 - [TEST_STEP][PASSED] - if (!(myStatus) && inList || myStatus && !(inList)): null

27-02-2025T17:35:42 - [TEST_STEP][PASSED] - myValue = element.getAttribute("value"): null

27-02-2025T17:35:42 - [TEST_STEP][PASSED] - if (debug): null

27-02-2025T17:35:42 - [TEST_STEP][PASSED] - if (myValue.length() >= 4): null

27-02-2025T17:35:42 - [TEST_STEP][PASSED] - if (myValue.substring(0, 4) == "(!) "): null

27-02-2025T17:35:42 - [TEST_STEP][PASSED] - myType = element.getAttribute("type"): null

27-02-2025T17:35:42 - [TEST_STEP][PASSED] - if (myValue in varParms[i]): null

27-02-2025T17:35:42 - [TEST_STEP][PASSED] - else: null

27-02-2025T17:35:42 - [TEST_STEP][PASSED] - inList = false: null

27-02-2025T17:35:42 - [TEST_STEP][PASSED] - if (myType == "checkbox"): null

27-02-2025T17:35:42 - [TEST_STEP][PASSED] - myStatus = element.isSelected(): null

27-02-2025T17:35:42 - [TEST_STEP][PASSED] - if (debug): null

27-02-2025T17:35:42 - [TEST_STEP][PASSED] - if (toggle && myStatus && inList): null

27-02-2025T17:35:42 - [TEST_STEP][PASSED] - if (!(myStatus) && inList || myStatus && !(inList)): null

27-02-2025T17:35:42 - [TEST_STEP][PASSED] - myValue = element.getAttribute("value"): null

27-02-2025T17:35:42 - [TEST_STEP][PASSED] - if (debug): null

27-02-2025T17:35:42 - [TEST_STEP][PASSED] - if (myValue.length() >= 4): null

27-02-2025T17:35:42 - [TEST_STEP][PASSED] - if (myValue.substring(0, 4) == "(!) "): null

27-02-2025T17:35:42 - [TEST_STEP][PASSED] - myType = element.getAttribute("type"): null

27-02-2025T17:35:42 - [TEST_STEP][PASSED] - if (myValue in varParms[i]): null

27-02-2025T17:35:42 - [TEST_STEP][PASSED] - else: null

27-02-2025T17:35:42 - [TEST_STEP][PASSED] - inList = false: null

27-02-2025T17:35:42 - [TEST_STEP][PASSED] - if (myType == "checkbox"): null

27-02-2025T17:35:42 - [TEST_STEP][PASSED] - myStatus = element.isSelected(): null

27-02-2025T17:35:42 - [TEST_STEP][PASSED] - if (debug): null

27-02-2025T17:35:42 - [TEST_STEP][PASSED] - if (toggle && myStatus && inList): null

27-02-2025T17:35:42 - [TEST_STEP][PASSED] - if (!(myStatus) && inList || myStatus && !(inList)): null

27-02-2025T17:35:42 - [TEST_STEP][PASSED] - myValue = element.getAttribute("value"): null

27-02-2025T17:35:42 - [TEST_STEP][PASSED] - if (debug): null

27-02-2025T17:35:42 - [TEST_STEP][PASSED] - if (myValue.length() >= 4): null

27-02-2025T17:35:42 - [TEST_STEP][PASSED] - if (myValue.substring(0, 4) == "(!) "): null

27-02-2025T17:35:42 - [TEST_STEP][PASSED] - myType = element.getAttribute("type"): null

27-02-2025T17:35:42 - [TEST_STEP][PASSED] - if (myValue in varParms[i]): null

27-02-2025T17:35:42 - [TEST_STEP][PASSED] - else: null

27-02-2025T17:35:42 - [TEST_STEP][PASSED] - inList = false: null

27-02-2025T17:35:42 - [TEST_STEP][PASSED] - if (myType == "checkbox"): null

27-02-2025T17:35:42 - [TEST_STEP][PASSED] - myStatus = element.isSelected(): null

27-02-2025T17:35:42 - [TEST_STEP][PASSED] - if (debug): null

27-02-2025T17:35:42 - [TEST_STEP][PASSED] - if (toggle && myStatus && inList): null

27-02-2025T17:35:42 - [TEST_STEP][PASSED] - if (!(myStatus) && inList || myStatus && !(inList)): null

27-02-2025T17:35:42 - [TEST_STEP][PASSED] - myValue = element.getAttribute("value"): null

27-02-2025T17:35:42 - [TEST_STEP][PASSED] - if (debug): null

27-02-2025T17:35:42 - [TEST_STEP][PASSED] - if (myValue.length() >= 4): null

27-02-2025T17:35:42 - [TEST_STEP][PASSED] - if (myValue.substring(0, 4) == "(!) "): null

27-02-2025T17:35:42 - [TEST_STEP][PASSED] - myType = element.getAttribute("type"): null

27-02-2025T17:35:42 - [TEST_STEP][PASSED] - if (myValue in varParms[i]): null

27-02-2025T17:35:42 - [TEST_STEP][PASSED] - else: null

27-02-2025T17:35:42 - [TEST_STEP][PASSED] - inList = false: null

27-02-2025T17:35:42 - [TEST_STEP][PASSED] - if (myType == "checkbox"): null

27-02-2025T17:35:42 - [TEST_STEP][PASSED] - myStatus = element.isSelected(): null

27-02-2025T17:35:42 - [TEST_STEP][PASSED] - if (debug): null

27-02-2025T17:35:42 - [TEST_STEP][PASSED] - if (toggle && myStatus && inList): null

27-02-2025T17:35:42 - [TEST_STEP][PASSED] - if (!(myStatus) && inList || myStatus && !(inList)): null

27-02-2025T17:35:42 - [TEST_STEP][PASSED] - myValue = element.getAttribute("value"): null

27-02-2025T17:35:42 - [TEST_STEP][PASSED] - if (debug): null

27-02-2025T17:35:42 - [TEST_STEP][PASSED] - if (myValue.length() >= 4): null

27-02-2025T17:35:42 - [TEST_STEP][PASSED] - if (myValue.substring(0, 4) == "(!) "): null

27-02-2025T17:35:42 - [TEST_STEP][PASSED] - myType = element.getAttribute("type"): null

27-02-2025T17:35:42 - [TEST_STEP][PASSED] - if (myValue in varParms[i]): null

27-02-2025T17:35:42 - [TEST_STEP][PASSED] - else: null

27-02-2025T17:35:42 - [TEST_STEP][PASSED] - inList = false: null

27-02-2025T17:35:42 - [TEST_STEP][PASSED] - if (myType == "checkbox"): null

27-02-2025T17:35:42 - [TEST_STEP][PASSED] - myStatus = element.isSelected(): null

27-02-2025T17:35:42 - [TEST_STEP][PASSED] - if (debug): null

27-02-2025T17:35:42 - [TEST_STEP][PASSED] - if (toggle && myStatus && inList): null

27-02-2025T17:35:42 - [TEST_STEP][PASSED] - if (!(myStatus) && inList || myStatus && !(inList)): null

27-02-2025T17:35:42 - [TEST_STEP][PASSED] - myValue = element.getAttribute("value"): null

27-02-2025T17:35:42 - [TEST_STEP][PASSED] - if (debug): null

27-02-2025T17:35:42 - [TEST_STEP][PASSED] - if (myValue.length() >= 4): null

27-02-2025T17:35:42 - [TEST_STEP][PASSED] - if (myValue.substring(0, 4) == "(!) "): null

27-02-2025T17:35:42 - [TEST_STEP][PASSED] - myType = element.getAttribute("type"): null

27-02-2025T17:35:42 - [TEST_STEP][PASSED] - if (myValue in varParms[i]): null

27-02-2025T17:35:42 - [TEST_STEP][PASSED] - else: null

27-02-2025T17:35:42 - [TEST_STEP][PASSED] - inList = false: null

27-02-2025T17:35:42 - [TEST_STEP][PASSED] - if (myType == "checkbox"): null

27-02-2025T17:35:42 - [TEST_STEP][PASSED] - myStatus = element.isSelected(): null

27-02-2025T17:35:42 - [TEST_STEP][PASSED] - if (debug): null

27-02-2025T17:35:42 - [TEST_STEP][PASSED] - if (toggle && myStatus && inList): null

27-02-2025T17:35:42 - [TEST_STEP][PASSED] - if (!(myStatus) && inList || myStatus && !(inList)): null

27-02-2025T17:35:42 - [TEST_STEP][PASSED] - myValue = element.getAttribute("value"): null

27-02-2025T17:35:42 - [TEST_STEP][PASSED] - if (debug): null

27-02-2025T17:35:42 - [TEST_STEP][PASSED] - if (myValue.length() >= 4): null

27-02-2025T17:35:42 - [TEST_STEP][PASSED] - if (myValue.substring(0, 4) == "(!) "): null

27-02-2025T17:35:42 - [TEST_STEP][PASSED] - myType = element.getAttribute("type"): null

27-02-2025T17:35:42 - [TEST_STEP][PASSED] - if (myValue in varParms[i]): null

27-02-2025T17:35:42 - [TEST_STEP][PASSED] - else: null

27-02-2025T17:35:42 - [TEST_STEP][PASSED] - inList = false: null

27-02-2025T17:35:42 - [TEST_STEP][PASSED] - if (myType == "checkbox"): null

27-02-2025T17:35:42 - [TEST_STEP][PASSED] - myStatus = element.isSelected(): null

27-02-2025T17:35:42 - [TEST_STEP][PASSED] - if (debug): null

27-02-2025T17:35:42 - [TEST_STEP][PASSED] - if (toggle && myStatus && inList): null

27-02-2025T17:35:42 - [TEST_STEP][PASSED] - if (!(myStatus) && inList || myStatus && !(inList)): null

27-02-2025T17:35:42 - [TEST_STEP][PASSED] - myValue = element.getAttribute("value"): null

27-02-2025T17:35:42 - [TEST_STEP][PASSED] - if (debug): null

27-02-2025T17:35:42 - [TEST_STEP][PASSED] - if (myValue.length() >= 4): null

27-02-2025T17:35:42 - [TEST_STEP][PASSED] - if (myValue.substring(0, 4) == "(!) "): null

27-02-2025T17:35:42 - [TEST_STEP][PASSED] - myType = element.getAttribute("type"): null

27-02-2025T17:35:42 - [TEST_STEP][PASSED] - if (myValue in varParms[i]): null

27-02-2025T17:35:42 - [TEST_STEP][PASSED] - else: null

27-02-2025T17:35:42 - [TEST_STEP][PASSED] - inList = false: null

27-02-2025T17:35:42 - [TEST_STEP][PASSED] - if (myType == "checkbox"): null

27-02-2025T17:35:42 - [TEST_STEP][PASSED] - myStatus = element.isSelected(): null

27-02-2025T17:35:42 - [TEST_STEP][PASSED] - if (debug): null

27-02-2025T17:35:42 - [TEST_STEP][PASSED] - if (toggle && myStatus && inList): null

27-02-2025T17:35:42 - [TEST_STEP][PASSED] - if (!(myStatus) && inList || myStatus && !(inList)): null

27-02-2025T17:35:42 - [TEST_STEP][PASSED] - myValue = element.getAttribute("value"): null

27-02-2025T17:35:42 - [TEST_STEP][PASSED] - if (debug): null

27-02-2025T17:35:42 - [TEST_STEP][PASSED] - if (myValue.length() >= 4): null

27-02-2025T17:35:42 - [TEST_STEP][PASSED] - if (myValue.substring(0, 4) == "(!) "): null

27-02-2025T17:35:42 - [TEST_STEP][PASSED] - myType = element.getAttribute("type"): null

27-02-2025T17:35:42 - [TEST_STEP][PASSED] - if (myValue in varParms[i]): null

27-02-2025T17:35:42 - [TEST_STEP][PASSED] - else: null

27-02-2025T17:35:42 - [TEST_STEP][PASSED] - inList = false: null

27-02-2025T17:35:42 - [TEST_STEP][PASSED] - if (myType == "checkbox"): null

27-02-2025T17:35:42 - [TEST_STEP][PASSED] - myStatus = element.isSelected(): null

27-02-2025T17:35:42 - [TEST_STEP][PASSED] - if (debug): null

27-02-2025T17:35:42 - [TEST_STEP][PASSED] - if (toggle && myStatus && inList): null

27-02-2025T17:35:42 - [TEST_STEP][PASSED] - if (!(myStatus) && inList || myStatus && !(inList)): null

27-02-2025T17:35:42 - [TEST_STEP][PASSED] - myValue = element.getAttribute("value"): null

27-02-2025T17:35:42 - [TEST_STEP][PASSED] - if (debug): null

27-02-2025T17:35:42 - [TEST_STEP][PASSED] - if (myValue.length() >= 4): null

27-02-2025T17:35:42 - [TEST_STEP][PASSED] - if (myValue.substring(0, 4) == "(!) "): null

27-02-2025T17:35:42 - [TEST_STEP][PASSED] - myType = element.getAttribute("type"): null

27-02-2025T17:35:42 - [TEST_STEP][PASSED] - if (myValue in varParms[i]): null

27-02-2025T17:35:42 - [TEST_STEP][PASSED] - inList = true: null

27-02-2025T17:35:42 - [TEST_STEP][PASSED] - if (myType == "checkbox"): null

27-02-2025T17:35:42 - [TEST_STEP][PASSED] - myStatus = element.isSelected(): null

27-02-2025T17:35:42 - [TEST_STEP][PASSED] - if (debug): null

27-02-2025T17:35:42 - [TEST_STEP][PASSED] - if (toggle && myStatus && inList): null

27-02-2025T17:35:42 - [TEST_STEP][PASSED] - if (!(myStatus) && inList || myStatus && !(inList)): null

27-02-2025T17:35:42 - [TEST_STEP][PASSED] - if (debug): null

27-02-2025T17:35:42 - [TEST_STEP][PASSED] - println("Clicking " + myValue): null

27-02-2025T17:35:42 - [TEST_STEP][PASSED] - click(element): null

27-02-2025T17:35:42 - [TEST_STEP][PASSED] - scrollToObject(elem): null

27-02-2025T17:35:42 - [TEST_STEP][PASSED] - loc = element.getLocation(): null

27-02-2025T17:35:42 - [TEST_STEP][PASSED] - if (debug): null

27-02-2025T17:35:42 - [TEST_STEP][PASSED] - y = loc.getY(): null

27-02-2025T17:35:42 - [TEST_STEP][PASSED] - println("Y location is " + y): null

27-02-2025T17:35:42 - [TEST_STEP][PASSED] - top = getViewportTopPosition(): Current viewport's top (y) position is 1881

27-02-2025T17:35:42 - [MESSAGE][PASSED] - Current viewport's top (y) position is 1881

27-02-2025T17:35:42 - [TEST_STEP][PASSED] - println("Viewport top is " + top): null

27-02-2025T17:35:42 - [TEST_STEP][PASSED] - bottom = top + 600: null

27-02-2025T17:35:42 - [TEST_STEP][PASSED] - if (y - top < 150 || bottom - y < 10): Delayed 1 second(s)

27-02-2025T17:35:42 - [TEST_STEP][PASSED] - scrollToPosition(0, y - 150): Browser is scrolled to position x = 0, y = 2576

27-02-2025T17:35:42 - [MESSAGE][PASSED] - Browser is scrolled to position x = 0, y = 2576

27-02-2025T17:35:42 - [TEST_STEP][PASSED] - delay(1): Delayed 1 second(s)

27-02-2025T17:35:43 - [MESSAGE][PASSED] - Delayed 1 second(s)

27-02-2025T17:35:43 - [TEST_STEP][PASSED] - elem.click(): null

27-02-2025T17:35:43 - [TEST_STEP][PASSED] - myValue = element.getAttribute("value"): null

27-02-2025T17:35:43 - [TEST_STEP][PASSED] - if (debug): null

27-02-2025T17:35:43 - [TEST_STEP][PASSED] - if (myValue.length() >= 4): null

27-02-2025T17:35:43 - [TEST_STEP][PASSED] - if (myValue.substring(0, 4) == "(!) "): null

27-02-2025T17:35:43 - [TEST_STEP][PASSED] - myType = element.getAttribute("type"): null

27-02-2025T17:35:43 - [TEST_STEP][PASSED] - if (myValue in varParms[i]): null

27-02-2025T17:35:43 - [TEST_STEP][PASSED] - else: null

27-02-2025T17:35:43 - [TEST_STEP][PASSED] - inList = false: null

27-02-2025T17:35:43 - [TEST_STEP][PASSED] - if (myType == "checkbox"): null

27-02-2025T17:35:43 - [TEST_STEP][PASSED] - myStatus = element.isSelected(): null

27-02-2025T17:35:43 - [TEST_STEP][PASSED] - if (debug): null

27-02-2025T17:35:43 - [TEST_STEP][PASSED] - if (toggle && myStatus && inList): null

27-02-2025T17:35:43 - [TEST_STEP][PASSED] - if (!(myStatus) && inList || myStatus && !(inList)): null

27-02-2025T17:35:43 - [TEST_STEP][PASSED] - myValue = element.getAttribute("value"): null

27-02-2025T17:35:43 - [TEST_STEP][PASSED] - if (debug): null

27-02-2025T17:35:43 - [TEST_STEP][PASSED] - if (myValue.length() >= 4): null

27-02-2025T17:35:43 - [TEST_STEP][PASSED] - if (myValue.substring(0, 4) == "(!) "): null

27-02-2025T17:35:43 - [TEST_STEP][PASSED] - myType = element.getAttribute("type"): null

27-02-2025T17:35:43 - [TEST_STEP][PASSED] - if (myValue in varParms[i]): null

27-02-2025T17:35:43 - [TEST_STEP][PASSED] - else: null

27-02-2025T17:35:43 - [TEST_STEP][PASSED] - inList = false: null

27-02-2025T17:35:43 - [TEST_STEP][PASSED] - if (myType == "checkbox"): null

27-02-2025T17:35:43 - [TEST_STEP][PASSED] - myStatus = element.isSelected(): null

27-02-2025T17:35:43 - [TEST_STEP][PASSED] - if (debug): null

27-02-2025T17:35:43 - [TEST_STEP][PASSED] - if (toggle && myStatus && inList): null

27-02-2025T17:35:43 - [TEST_STEP][PASSED] - if (!(myStatus) && inList || myStatus && !(inList)): null

27-02-2025T17:35:43 - [TEST_STEP][PASSED] - myValue = element.getAttribute("value"): null

27-02-2025T17:35:43 - [TEST_STEP][PASSED] - if (debug): null

27-02-2025T17:35:43 - [TEST_STEP][PASSED] - if (myValue.length() >= 4): null

27-02-2025T17:35:43 - [TEST_STEP][PASSED] - if (myValue.substring(0, 4) == "(!) "): null

27-02-2025T17:35:43 - [TEST_STEP][PASSED] - myType = element.getAttribute("type"): null

27-02-2025T17:35:43 - [TEST_STEP][PASSED] - if (myValue in varParms[i]): null

27-02-2025T17:35:43 - [TEST_STEP][PASSED] - inList = true: null

27-02-2025T17:35:43 - [TEST_STEP][PASSED] - if (myType == "checkbox"): null

27-02-2025T17:35:43 - [TEST_STEP][PASSED] - myStatus = element.isSelected(): null

27-02-2025T17:35:43 - [TEST_STEP][PASSED] - if (debug): null

27-02-2025T17:35:43 - [TEST_STEP][PASSED] - if (toggle && myStatus && inList): null

27-02-2025T17:35:43 - [TEST_STEP][PASSED] - if (!(myStatus) && inList || myStatus && !(inList)): null

27-02-2025T17:35:43 - [TEST_STEP][PASSED] - if (debug): null

27-02-2025T17:35:43 - [TEST_STEP][PASSED] - println("Clicking " + myValue): null

27-02-2025T17:35:43 - [TEST_STEP][PASSED] - click(element): null

27-02-2025T17:35:43 - [TEST_STEP][PASSED] - scrollToObject(elem): null

27-02-2025T17:35:43 - [TEST_STEP][PASSED] - loc = element.getLocation(): null

27-02-2025T17:35:43 - [TEST_STEP][PASSED] - if (debug): null

27-02-2025T17:35:43 - [TEST_STEP][PASSED] - y = loc.getY(): null

27-02-2025T17:35:43 - [TEST_STEP][PASSED] - println("Y location is " + y): null

27-02-2025T17:35:43 - [TEST_STEP][PASSED] - top = getViewportTopPosition(): Current viewport's top (y) position is 2563

27-02-2025T17:35:43 - [MESSAGE][PASSED] - Current viewport's top (y) position is 2563

27-02-2025T17:35:43 - [TEST_STEP][PASSED] - println("Viewport top is " + top): null

27-02-2025T17:35:43 - [TEST_STEP][PASSED] - bottom = top + 600: null

27-02-2025T17:35:43 - [TEST_STEP][PASSED] - if (y - top < 150 || bottom - y < 10): Delayed 1 second(s)

27-02-2025T17:35:43 - [TEST_STEP][PASSED] - scrollToPosition(0, y - 150): Browser is scrolled to position x = 0, y = 2481

27-02-2025T17:35:43 - [MESSAGE][PASSED] - Browser is scrolled to position x = 0, y = 2481

27-02-2025T17:35:43 - [TEST_STEP][PASSED] - delay(1): Delayed 1 second(s)

27-02-2025T17:35:44 - [MESSAGE][PASSED] - Delayed 1 second(s)

27-02-2025T17:35:44 - [TEST_STEP][PASSED] - elem.click(): null

27-02-2025T17:35:44 - [TEST_STEP][PASSED] - myValue = element.getAttribute("value"): null

27-02-2025T17:35:44 - [TEST_STEP][PASSED] - if (debug): null

27-02-2025T17:35:44 - [TEST_STEP][PASSED] - if (myValue.length() >= 4): null

27-02-2025T17:35:44 - [TEST_STEP][PASSED] - if (myValue.substring(0, 4) == "(!) "): null

27-02-2025T17:35:44 - [TEST_STEP][PASSED] - myType = element.getAttribute("type"): null

27-02-2025T17:35:44 - [TEST_STEP][PASSED] - if (myValue in varParms[i]): null

27-02-2025T17:35:44 - [TEST_STEP][PASSED] - else: null

27-02-2025T17:35:44 - [TEST_STEP][PASSED] - inList = false: null

27-02-2025T17:35:44 - [TEST_STEP][PASSED] - if (myType == "checkbox"): null

27-02-2025T17:35:44 - [TEST_STEP][PASSED] - myStatus = element.isSelected(): null

27-02-2025T17:35:44 - [TEST_STEP][PASSED] - if (debug): null

27-02-2025T17:35:44 - [TEST_STEP][PASSED] - if (toggle && myStatus && inList): null

27-02-2025T17:35:44 - [TEST_STEP][PASSED] - if (!(myStatus) && inList || myStatus && !(inList)): null

27-02-2025T17:35:44 - [TEST_STEP][PASSED] - myValue = element.getAttribute("value"): null

27-02-2025T17:35:44 - [TEST_STEP][PASSED] - if (debug): null

27-02-2025T17:35:44 - [TEST_STEP][PASSED] - if (myValue.length() >= 4): null

27-02-2025T17:35:44 - [TEST_STEP][PASSED] - if (myValue.substring(0, 4) == "(!) "): null

27-02-2025T17:35:44 - [TEST_STEP][PASSED] - myType = element.getAttribute("type"): null

27-02-2025T17:35:44 - [TEST_STEP][PASSED] - if (myValue in varParms[i]): null

27-02-2025T17:35:44 - [TEST_STEP][PASSED] - else: null

27-02-2025T17:35:44 - [TEST_STEP][PASSED] - inList = false: null

27-02-2025T17:35:44 - [TEST_STEP][PASSED] - if (myType == "checkbox"): null

27-02-2025T17:35:44 - [TEST_STEP][PASSED] - myStatus = element.isSelected(): null

27-02-2025T17:35:44 - [TEST_STEP][PASSED] - if (debug): null

27-02-2025T17:35:44 - [TEST_STEP][PASSED] - if (toggle && myStatus && inList): null

27-02-2025T17:35:44 - [TEST_STEP][PASSED] - if (!(myStatus) && inList || myStatus && !(inList)): null

27-02-2025T17:35:44 - [TEST_STEP][PASSED] - myValue = element.getAttribute("value"): null

27-02-2025T17:35:44 - [TEST_STEP][PASSED] - if (debug): null

27-02-2025T17:35:44 - [TEST_STEP][PASSED] - if (myValue.length() >= 4): null

27-02-2025T17:35:44 - [TEST_STEP][PASSED] - if (myValue.substring(0, 4) == "(!) "): null

27-02-2025T17:35:44 - [TEST_STEP][PASSED] - myType = element.getAttribute("type"): null

27-02-2025T17:35:44 - [TEST_STEP][PASSED] - if (myValue in varParms[i]): null

27-02-2025T17:35:44 - [TEST_STEP][PASSED] - else: null

27-02-2025T17:35:44 - [TEST_STEP][PASSED] - inList = false: null

27-02-2025T17:35:44 - [TEST_STEP][PASSED] - if (myType == "checkbox"): null

27-02-2025T17:35:44 - [TEST_STEP][PASSED] - myStatus = element.isSelected(): null

27-02-2025T17:35:44 - [TEST_STEP][PASSED] - if (debug): null

27-02-2025T17:35:44 - [TEST_STEP][PASSED] - if (toggle && myStatus && inList): null

27-02-2025T17:35:44 - [TEST_STEP][PASSED] - if (!(myStatus) && inList || myStatus && !(inList)): null

27-02-2025T17:35:44 - [TEST_STEP][PASSED] - myValue = element.getAttribute("value"): null

27-02-2025T17:35:44 - [TEST_STEP][PASSED] - if (debug): null

27-02-2025T17:35:44 - [TEST_STEP][PASSED] - if (myValue.length() >= 4): null

27-02-2025T17:35:44 - [TEST_STEP][PASSED] - if (myValue.substring(0, 4) == "(!) "): null

27-02-2025T17:35:44 - [TEST_STEP][PASSED] - myType = element.getAttribute("type"): null

27-02-2025T17:35:44 - [TEST_STEP][PASSED] - if (myValue in varParms[i]): null

27-02-2025T17:35:44 - [TEST_STEP][PASSED] - else: null

27-02-2025T17:35:44 - [TEST_STEP][PASSED] - inList = false: null

27-02-2025T17:35:44 - [TEST_STEP][PASSED] - if (myType == "checkbox"): null

27-02-2025T17:35:44 - [TEST_STEP][PASSED] - myStatus = element.isSelected(): null

27-02-2025T17:35:44 - [TEST_STEP][PASSED] - if (debug): null

27-02-2025T17:35:44 - [TEST_STEP][PASSED] - if (toggle && myStatus && inList): null

27-02-2025T17:35:44 - [TEST_STEP][PASSED] - if (!(myStatus) && inList || myStatus && !(inList)): null

27-02-2025T17:35:44 - [TEST_STEP][PASSED] - myValue = element.getAttribute("value"): null

27-02-2025T17:35:44 - [TEST_STEP][PASSED] - if (debug): null

27-02-2025T17:35:44 - [TEST_STEP][PASSED] - if (myValue.length() >= 4): null

27-02-2025T17:35:44 - [TEST_STEP][PASSED] - if (myValue.substring(0, 4) == "(!) "): null

27-02-2025T17:35:44 - [TEST_STEP][PASSED] - myType = element.getAttribute("type"): null

27-02-2025T17:35:44 - [TEST_STEP][PASSED] - if (myValue in varParms[i]): null

27-02-2025T17:35:44 - [TEST_STEP][PASSED] - else: null

27-02-2025T17:35:44 - [TEST_STEP][PASSED] - inList = false: null

27-02-2025T17:35:44 - [TEST_STEP][PASSED] - if (myType == "checkbox"): null

27-02-2025T17:35:44 - [TEST_STEP][PASSED] - myStatus = element.isSelected(): null

27-02-2025T17:35:44 - [TEST_STEP][PASSED] - if (debug): null

27-02-2025T17:35:44 - [TEST_STEP][PASSED] - if (toggle && myStatus && inList): null

27-02-2025T17:35:44 - [TEST_STEP][PASSED] - if (!(myStatus) && inList || myStatus && !(inList)): null

27-02-2025T17:35:44 - [TEST_STEP][PASSED] - myValue = element.getAttribute("value"): null

27-02-2025T17:35:44 - [TEST_STEP][PASSED] - if (debug): null

27-02-2025T17:35:44 - [TEST_STEP][PASSED] - if (myValue.length() >= 4): null

27-02-2025T17:35:44 - [TEST_STEP][PASSED] - if (myValue.substring(0, 4) == "(!) "): null

27-02-2025T17:35:44 - [TEST_STEP][PASSED] - myType = element.getAttribute("type"): null

27-02-2025T17:35:44 - [TEST_STEP][PASSED] - if (myValue in varParms[i]): null

27-02-2025T17:35:44 - [TEST_STEP][PASSED] - else: null

27-02-2025T17:35:44 - [TEST_STEP][PASSED] - inList = false: null

27-02-2025T17:35:44 - [TEST_STEP][PASSED] - if (myType == "checkbox"): null

27-02-2025T17:35:44 - [TEST_STEP][PASSED] - myStatus = element.isSelected(): null

27-02-2025T17:35:44 - [TEST_STEP][PASSED] - if (debug): null

27-02-2025T17:35:44 - [TEST_STEP][PASSED] - if (toggle && myStatus && inList): null

27-02-2025T17:35:44 - [TEST_STEP][PASSED] - if (!(myStatus) && inList || myStatus && !(inList)): null

27-02-2025T17:35:44 - [TEST_STEP][PASSED] - frame.dispose(): null

27-02-2025T17:35:44 - [MESSAGE][PASSED] - Call Test Case 'Test Cases/_Functions/Click on Group Elements' successfully

27-02-2025T17:35:44 - [TEST_STEP][PASSED] - if (varOther_people_group != null): Call Test Case 'Test Cases/_Functions/Perform Action' successfully

27-02-2025T17:35:44 - [TEST_STEP][PASSED] - object = "Object Repository/Journey Candidate Profile/Tabs/Your Ministry Prefs/textarea_Other People Group": null

27-02-2025T17:35:44 - [TEST_STEP][PASSED] - callTestCase(findTestCase("_Functions/Perform Action"), ["varAction":"setText", "varObject":object, "varParm1":varOther_people_group], STOP_ON_FAILURE): Call Test Case 'Test Cases/_Functions/Perform Action' successfully

27-02-2025T17:35:44 - [TEST_CASE][PASSED] - Test Cases/_Functions/Perform Action: Test Cases/_Functions/Perform Action

27-02-2025T17:35:44 - [TEST_STEP][PASSED] - action = varAction: null

27-02-2025T17:35:44 - [TEST_STEP][PASSED] - println(action): null

27-02-2025T17:35:44 - [TEST_STEP][PASSED] - testObject = varObject: null

27-02-2025T17:35:44 - [TEST_STEP][PASSED] - println(testObject): null

27-02-2025T17:35:44 - [TEST_STEP][PASSED] - parm1 = varParm1: null

27-02-2025T17:35:44 - [TEST_STEP][PASSED] - println(parm1): null

27-02-2025T17:35:44 - [TEST_STEP][PASSED] - println("Converting " + testObject + " to web element"): null

27-02-2025T17:35:44 - [TEST_STEP][PASSED] - element = findWebElement(findTestObject(testObject), 1): null

27-02-2025T17:35:44 - [TEST_STEP][PASSED] - loc = element.getLocation(): null

27-02-2025T17:35:44 - [TEST_STEP][PASSED] - y = loc.getY(): null

27-02-2025T17:35:44 - [TEST_STEP][PASSED] - println("Y location is " + y): null

27-02-2025T17:35:44 - [TEST_STEP][PASSED] - top = getViewportTopPosition(): Current viewport's top (y) position is 2481

27-02-2025T17:35:44 - [MESSAGE][PASSED] - Current viewport's top (y) position is 2481

27-02-2025T17:35:44 - [TEST_STEP][PASSED] - println("Viewport top is " + top): null

27-02-2025T17:35:44 - [TEST_STEP][PASSED] - bottom = top + 600: null

27-02-2025T17:35:44 - [TEST_STEP][PASSED] - if (y - top < 150 || bottom - y < 10): null

27-02-2025T17:35:44 - [TEST_STEP][PASSED] - if (action == "click"): null

27-02-2025T17:35:44 - [TEST_STEP][PASSED] - else if (action == "selectOptionByValue"): null

27-02-2025T17:35:44 - [TEST_STEP][PASSED] - else if (action == "setText"): Text 'None' is set on object 'Object Repository/Journey Candidate Profile/Tabs/Your Ministry Prefs/textarea_Other People Group'

27-02-2025T17:35:44 - [TEST_STEP][PASSED] - println("Setting text " + parm1): null

27-02-2025T17:35:44 - [TEST_STEP][PASSED] - setText(findTestObject(testObject), parm1): Text 'None' is set on object 'Object Repository/Journey Candidate Profile/Tabs/Your Ministry Prefs/textarea_Other People Group'

27-02-2025T17:35:44 - [MESSAGE][PASSED] - Text 'None' is set on object 'Object Repository/Journey Candidate Profile/Tabs/Your Ministry Prefs/textarea_Other People Group'

27-02-2025T17:35:44 - [MESSAGE][PASSED] - Call Test Case 'Test Cases/_Functions/Perform Action' successfully

27-02-2025T17:35:44 - [TEST_STEP][PASSED] - click(findTestObject("Object Repository/Journey Candidate Profile/Tabs//btn_Complete Submit")): Object: 'Object Repository/Journey Candidate Profile/Tabs//btn_Complete Submit' is clicked on

27-02-2025T17:35:51 - [MESSAGE][PASSED] - Object: 'Object Repository/Journey Candidate Profile/Tabs//btn_Complete Submit' is clicked on

27-02-2025T17:35:51 - [MESSAGE][PASSED] - Call Test Case 'Test Cases/Journey Candidate Profile/Tabs/Set Your Ministry Prefs' successfully

27-02-2025T17:35:51 - [TEST_STEP][PASSED] - if (!(called)): null

27-02-2025T17:35:51 - [TEST_STEP][PASSED] - return pages: null

27-02-2025T17:35:51 - [MESSAGE][PASSED] - Call Test Case 'Test Cases/Journey Candidate Profile/Complete Journey Candidate Profile' successfully

27-02-2025T17:35:51 - [TEST_STEP][PASSED] - if (pages.size() == 0 || pages == "All"): null

27-02-2025T17:35:51 - [TEST_STEP][PASSED] - success = verifyTextPresent("THANK YOU FOR SUBMITTING YOUR PROFILE ON MISSIONNEXT JOURNEY!", false): Text 'THANK YOU FOR SUBMITTING YOUR PROFILE ON MISSIONNEXT JOURNEY!' is present on page 

27-02-2025T17:35:51 - [MESSAGE][PASSED] - Text 'THANK YOU FOR SUBMITTING YOUR PROFILE ON MISSIONNEXT JOURNEY!' is present on page 

27-02-2025T17:35:51 - [TEST_STEP][PASSED] - if (success): null

27-02-2025T17:35:51 - [TEST_STEP][PASSED] - outText = "
+++ Journey candidate registration successful. Thank you page was found.
": null

27-02-2025T17:35:51 - [TEST_STEP][PASSED] - outFile.append(outText): null

27-02-2025T17:35:51 - [TEST_STEP][PASSED] - callTestCase(findTestCase("_Functions/Journey Candidate Login"), [:], STOP_ON_FAILURE): Call Test Case 'Test Cases/_Functions/Journey Candidate Login' successfully

27-02-2025T17:35:51 - [TEST_CASE][PASSED] - Test Cases/_Functions/Journey Candidate Login: Test Cases/_Functions/Journey Candidate Login

27-02-2025T17:35:51 - [TEST_STEP][PASSED] - username = username: null

27-02-2025T17:35:51 - [TEST_STEP][PASSED] - if (username != "cktest05jc"): null

27-02-2025T17:35:51 - [TEST_STEP][PASSED] - openBrowser(""): Browser is opened with url: ''

27-02-2025T17:35:51 - [MESSAGE][WARNING] - A browser is already opened. Closing browser and opening a new one

27-02-2025T17:35:51 - [MESSAGE][INFO] - Starting 'Chrome' driver

27-02-2025T17:35:51 - [MESSAGE][INFO] - Action delay is set to 0 milliseconds

27-02-2025T17:35:56 - [MESSAGE][PASSED] - Browser is opened with url: ''

27-02-2025T17:35:56 - [TEST_STEP][PASSED] - maximizeWindow(): Current window maximized

27-02-2025T17:35:57 - [MESSAGE][PASSED] - Current window maximized

27-02-2025T17:35:57 - [TEST_STEP][PASSED] - navigateToUrl("https://journey." + domain + "/journey-home/login-here/"): Navigate to 'https://journey.missionnext.org/journey-home/login-here/' successfully

27-02-2025T17:36:01 - [MESSAGE][PASSED] - Navigate to 'https://journey.missionnext.org/journey-home/login-here/' successfully

27-02-2025T17:36:01 - [TEST_STEP][PASSED] - setText(findTestObject("Object Repository/Journey Candidate Profile/Login/input_Username"), username): Text 'cktest05jc' is set on object 'Object Repository/Journey Candidate Profile/Login/input_Username'

27-02-2025T17:36:01 - [MESSAGE][PASSED] - Text 'cktest05jc' is set on object 'Object Repository/Journey Candidate Profile/Login/input_Username'

27-02-2025T17:36:01 - [TEST_STEP][PASSED] - setEncryptedText(findTestObject("Object Repository/Journey Candidate Profile/Login/input_Password"), password): Text ****** has been set on object 'Object Repository/Journey Candidate Profile/Login/input_Password'

27-02-2025T17:36:01 - [MESSAGE][PASSED] - Text ****** has been set on object 'Object Repository/Journey Candidate Profile/Login/input_Password'

27-02-2025T17:36:01 - [TEST_STEP][PASSED] - click(findTestObject("Object Repository/Journey Candidate Profile/Login/button_Log In")): Object: 'Object Repository/Journey Candidate Profile/Login/button_Log In' is clicked on

27-02-2025T17:36:04 - [MESSAGE][PASSED] - Object: 'Object Repository/Journey Candidate Profile/Login/button_Log In' is clicked on

27-02-2025T17:36:04 - [MESSAGE][PASSED] - Call Test Case 'Test Cases/_Functions/Journey Candidate Login' successfully

27-02-2025T17:36:04 - [TEST_STEP][PASSED] - dashboardMessage = verifyTextPresent("HELLO, CKTEST05JC KOSIERACKI", false, OPTIONAL): Text 'HELLO, CKTEST05JC KOSIERACKI' is present on page 

27-02-2025T17:36:04 - [MESSAGE][PASSED] - Text 'HELLO, CKTEST05JC KOSIERACKI' is present on page 

27-02-2025T17:36:04 - [TEST_STEP][PASSED] - if (dashboardMessage): null

27-02-2025T17:36:04 - [TEST_STEP][PASSED] - outText = "+++ Journey login after profile creation was successful.
": null

27-02-2025T17:36:04 - [TEST_STEP][PASSED] - outFile.append(outText): null]]></system-out>
         <system-err><![CDATA[]]></system-err>
      </testcase>
      <system-out><![CDATA[27-02-2025T17:31:03 - [TEST_SUITE][PASSED] - Journey Candidate Test Suite: Test Cases/Journey Candidate Profile/Register Journey Candidate]]></system-out>
      <system-err><![CDATA[]]></system-err>
   </testsuite>
</testsuites>
